<?xml version="1.0" encoding="UTF-8"?>
<testsuite xmlns:xsi="http://www.w3.org/2001/XMLSchema-instance" xsi:noNamespaceSchemaLocation="https://maven.apache.org/surefire/maven-surefire-plugin/xsd/surefire-test-report.xsd" name="org.apache.hadoop.ozone.TestMiniOzoneCluster" time="186.871" tests="5" errors="1" skipped="0" failures="0">
  <properties>
    <property name="awt.toolkit" value="sun.awt.X11.XToolkit"/>
    <property name="file.encoding.pkg" value="sun.io"/>
    <property name="java.specification.version" value="1.8"/>
    <property name="sun.cpu.isalist" value=""/>
    <property name="sun.jnu.encoding" value="UTF-8"/>
    <property name="java.class.path" value="/home/runner/work/ozone/ozone/hadoop-ozone/integration-test/target/test-classes:/home/runner/work/ozone/ozone/hadoop-ozone/integration-test/target/classes:/home/runner/.m2/repository/org/apache/ozone/ozone-common/1.2.0-SNAPSHOT/ozone-common-1.2.0-SNAPSHOT.jar:/home/runner/.m2/repository/org/apache/commons/commons-compress/1.20/commons-compress-1.20.jar:/home/runner/.m2/repository/org/apache/ozone/hdds-common/1.2.0-SNAPSHOT/hdds-common-1.2.0-SNAPSHOT.jar:/home/runner/.m2/repository/org/apache/ozone/hdds-client/1.2.0-SNAPSHOT/hdds-client-1.2.0-SNAPSHOT.jar:/home/runner/.m2/repository/org/apache/ozone/ozone-interface-client/1.2.0-SNAPSHOT/ozone-interface-client-1.2.0-SNAPSHOT.jar:/home/runner/.m2/repository/org/apache/ozone/hdds-server-framework/1.2.0-SNAPSHOT/hdds-server-framework-1.2.0-SNAPSHOT.jar:/home/runner/.m2/repository/org/apache/ozone/hdds-interface-server/1.2.0-SNAPSHOT/hdds-interface-server-1.2.0-SNAPSHOT.jar:/home/runner/.m2/repository/org/eclipse/jetty/jetty-servlet/9.4.43.v20210629/jetty-servlet-9.4.43.v20210629.jar:/home/runner/.m2/repository/org/eclipse/jetty/jetty-security/9.4.43.v20210629/jetty-security-9.4.43.v20210629.jar:/home/runner/.m2/repository/org/rocksdb/rocksdbjni/6.20.3/rocksdbjni-6.20.3.jar:/home/runner/.m2/repository/io/prometheus/simpleclient_dropwizard/0.7.0/simpleclient_dropwizard-0.7.0.jar:/home/runner/.m2/repository/io/prometheus/simpleclient/0.7.0/simpleclient-0.7.0.jar:/home/runner/.m2/repository/io/prometheus/simpleclient_common/0.7.0/simpleclient_common-0.7.0.jar:/home/runner/.m2/repository/com/fasterxml/jackson/datatype/jackson-datatype-jsr310/2.12.1/jackson-datatype-jsr310-2.12.1.jar:/home/runner/.m2/repository/org/apache/ozone/hdds-test-utils/1.2.0-SNAPSHOT/hdds-test-utils-1.2.0-SNAPSHOT.jar:/home/runner/.m2/repository/com/google/guava/guava/30.1.1-jre/guava-30.1.1-jre.jar:/home/runner/.m2/repository/com/google/guava/failureaccess/1.0.1/failureaccess-1.0.1.jar:/home/runner/.m2/repository/com/google/guava/listenablefuture/9999.0-empty-to-avoid-conflict-with-guava/listenablefuture-9999.0-empty-to-avoid-conflict-with-guava.jar:/home/runner/.m2/repository/com/google/code/findbugs/jsr305/3.0.0/jsr305-3.0.0.jar:/home/runner/.m2/repository/org/checkerframework/checker-qual/3.8.0/checker-qual-3.8.0.jar:/home/runner/.m2/repository/com/google/errorprone/error_prone_annotations/2.2.0/error_prone_annotations-2.2.0.jar:/home/runner/.m2/repository/com/google/j2objc/j2objc-annotations/1.3/j2objc-annotations-1.3.jar:/home/runner/.m2/repository/commons-io/commons-io/2.8.0/commons-io-2.8.0.jar:/home/runner/.m2/repository/commons-logging/commons-logging/1.2/commons-logging-1.2.jar:/home/runner/.m2/repository/log4j/log4j/1.2.17/log4j-1.2.17.jar:/home/runner/.m2/repository/org/slf4j/slf4j-api/1.7.30/slf4j-api-1.7.30.jar:/home/runner/.m2/repository/org/apache/ozone/hdds-server-scm/1.2.0-SNAPSHOT/hdds-server-scm-1.2.0-SNAPSHOT.jar:/home/runner/.m2/repository/org/apache/ozone/hdds-container-service/1.2.0-SNAPSHOT/hdds-container-service-1.2.0-SNAPSHOT.jar:/home/runner/.m2/repository/org/apache/ozone/hdds-hadoop-dependency-server/1.2.0-SNAPSHOT/hdds-hadoop-dependency-server-1.2.0-SNAPSHOT.jar:/home/runner/.m2/repository/org/apache/hadoop/hadoop-hdfs/3.3.1/hadoop-hdfs-3.3.1.jar:/home/runner/.m2/repository/io/dropwizard/metrics/metrics-core/3.2.4/metrics-core-3.2.4.jar:/home/runner/.m2/repository/org/apache/hadoop/hadoop-hdfs-client/3.3.1/hadoop-hdfs-client-3.3.1.jar:/home/runner/.m2/repository/org/bouncycastle/bcprov-jdk15on/1.67/bcprov-jdk15on-1.67.jar:/home/runner/.m2/repository/com/google/protobuf/protobuf-java/2.5.0/protobuf-java-2.5.0.jar:/home/runner/.m2/repository/org/apache/ozone/ozone-manager/1.2.0-SNAPSHOT/ozone-manager-1.2.0-SNAPSHOT.jar:/home/runner/.m2/repository/org/aspectj/aspectjrt/1.9.7/aspectjrt-1.9.7.jar:/home/runner/.m2/repository/org/aspectj/aspectjweaver/1.9.7/aspectjweaver-1.9.7.jar:/home/runner/.m2/repository/org/apache/ozone/hdds-interface-client/1.2.0-SNAPSHOT/hdds-interface-client-1.2.0-SNAPSHOT.jar:/home/runner/.m2/repository/org/apache/hadoop/thirdparty/hadoop-shaded-protobuf_3_7/1.1.1/hadoop-shaded-protobuf_3_7-1.1.1.jar:/home/runner/.m2/repository/org/apache/ozone/ozone-interface-storage/1.2.0-SNAPSHOT/ozone-interface-storage-1.2.0-SNAPSHOT.jar:/home/runner/.m2/repository/org/reflections/reflections/0.9.11/reflections-0.9.11.jar:/home/runner/.m2/repository/org/apache/hadoop/hadoop-minikdc/3.3.1/hadoop-minikdc-3.3.1.jar:/home/runner/.m2/repository/org/apache/kerby/kerb-simplekdc/1.0.1/kerb-simplekdc-1.0.1.jar:/home/runner/.m2/repository/org/apache/kerby/kerb-client/1.0.1/kerb-client-1.0.1.jar:/home/runner/.m2/repository/org/apache/kerby/kerby-config/1.0.1/kerby-config-1.0.1.jar:/home/runner/.m2/repository/org/apache/kerby/kerb-common/1.0.1/kerb-common-1.0.1.jar:/home/runner/.m2/repository/org/apache/kerby/kerb-crypto/1.0.1/kerb-crypto-1.0.1.jar:/home/runner/.m2/repository/org/apache/kerby/kerb-util/1.0.1/kerb-util-1.0.1.jar:/home/runner/.m2/repository/org/apache/kerby/token-provider/1.0.1/token-provider-1.0.1.jar:/home/runner/.m2/repository/org/apache/kerby/kerb-admin/1.0.1/kerb-admin-1.0.1.jar:/home/runner/.m2/repository/org/apache/kerby/kerb-server/1.0.1/kerb-server-1.0.1.jar:/home/runner/.m2/repository/org/apache/kerby/kerb-identity/1.0.1/kerb-identity-1.0.1.jar:/home/runner/.m2/repository/org/apache/kerby/kerby-xdr/1.0.1/kerby-xdr-1.0.1.jar:/home/runner/.m2/repository/org/slf4j/slf4j-log4j12/1.7.30/slf4j-log4j12-1.7.30.jar:/home/runner/.m2/repository/org/apache/ozone/ozone-s3gateway/1.2.0-SNAPSHOT/ozone-s3gateway-1.2.0-SNAPSHOT.jar:/home/runner/.m2/repository/org/javassist/javassist/3.21.0-GA/javassist-3.21.0-GA.jar:/home/runner/.m2/repository/org/jboss/weld/servlet/weld-servlet/2.4.7.Final/weld-servlet-2.4.7.Final.jar:/home/runner/.m2/repository/org/glassfish/jersey/containers/jersey-container-servlet-core/2.33/jersey-container-servlet-core-2.33.jar:/home/runner/.m2/repository/org/glassfish/hk2/external/jakarta.inject/2.6.1/jakarta.inject-2.6.1.jar:/home/runner/.m2/repository/org/glassfish/jersey/core/jersey-common/2.33/jersey-common-2.33.jar:/home/runner/.m2/repository/jakarta/ws/rs/jakarta.ws.rs-api/2.1.6/jakarta.ws.rs-api-2.1.6.jar:/home/runner/.m2/repository/org/glassfish/jersey/ext/cdi/jersey-cdi1x/2.33/jersey-cdi1x-2.33.jar:/home/runner/.m2/repository/org/glassfish/jersey/inject/jersey-hk2/2.33/jersey-hk2-2.33.jar:/home/runner/.m2/repository/org/glassfish/hk2/hk2-locator/2.6.1/hk2-locator-2.6.1.jar:/home/runner/.m2/repository/org/glassfish/jersey/media/jersey-media-jaxb/2.33/jersey-media-jaxb-2.33.jar:/home/runner/.m2/repository/org/glassfish/hk2/osgi-resource-locator/1.0.3/osgi-resource-locator-1.0.3.jar:/home/runner/.m2/repository/org/glassfish/hk2/hk2-api/2.5.0/hk2-api-2.5.0.jar:/home/runner/.m2/repository/org/glassfish/hk2/hk2-utils/2.5.0/hk2-utils-2.5.0.jar:/home/runner/.m2/repository/org/glassfish/hk2/external/aopalliance-repackaged/2.5.0/aopalliance-repackaged-2.5.0.jar:/home/runner/.m2/repository/com/fasterxml/jackson/dataformat/jackson-dataformat-xml/2.12.1/jackson-dataformat-xml-2.12.1.jar:/home/runner/.m2/repository/com/fasterxml/jackson/core/jackson-core/2.12.1/jackson-core-2.12.1.jar:/home/runner/.m2/repository/com/fasterxml/jackson/module/jackson-module-jaxb-annotations/2.12.1/jackson-module-jaxb-annotations-2.12.1.jar:/home/runner/.m2/repository/jakarta/xml/bind/jakarta.xml.bind-api/2.3.2/jakarta.xml.bind-api-2.3.2.jar:/home/runner/.m2/repository/org/codehaus/woodstox/stax2-api/3.1.4/stax2-api-3.1.4.jar:/home/runner/.m2/repository/com/fasterxml/woodstox/woodstox-core/5.0.3/woodstox-core-5.0.3.jar:/home/runner/.m2/repository/javax/enterprise/cdi-api/1.2/cdi-api-1.2.jar:/home/runner/.m2/repository/javax/el/javax.el-api/3.0.0/javax.el-api-3.0.0.jar:/home/runner/.m2/repository/javax/interceptor/javax.interceptor-api/1.2/javax.interceptor-api-1.2.jar:/home/runner/.m2/repository/javax/inject/javax.inject/1/javax.inject-1.jar:/home/runner/.m2/repository/javax/xml/bind/jaxb-api/2.3.0/jaxb-api-2.3.0.jar:/home/runner/.m2/repository/org/glassfish/jaxb/jaxb-runtime/2.3.0.1/jaxb-runtime-2.3.0.1.jar:/home/runner/.m2/repository/org/glassfish/jaxb/jaxb-core/2.3.0.1/jaxb-core-2.3.0.1.jar:/home/runner/.m2/repository/org/glassfish/jaxb/txw2/2.3.0.1/txw2-2.3.0.1.jar:/home/runner/.m2/repository/com/sun/istack/istack-commons-runtime/3.0.5/istack-commons-runtime-3.0.5.jar:/home/runner/.m2/repository/org/jvnet/staxex/stax-ex/1.7.8/stax-ex-1.7.8.jar:/home/runner/.m2/repository/com/sun/xml/fastinfoset/FastInfoset/1.2.13/FastInfoset-1.2.13.jar:/home/runner/.m2/repository/javax/activation/activation/1.1.1/activation-1.1.1.jar:/home/runner/.m2/repository/org/apache/ozone/ozone-csi/1.2.0-SNAPSHOT/ozone-csi-1.2.0-SNAPSHOT.jar:/home/runner/.m2/repository/com/google/protobuf/protobuf-java-util/3.12.0/protobuf-java-util-3.12.0.jar:/home/runner/.m2/repository/com/google/code/gson/gson/2.2.4/gson-2.2.4.jar:/home/runner/.m2/repository/org/apache/ozone/hdds-config/1.2.0-SNAPSHOT/hdds-config-1.2.0-SNAPSHOT.jar:/home/runner/.m2/repository/io/grpc/grpc-netty/1.33.0/grpc-netty-1.33.0.jar:/home/runner/.m2/repository/io/grpc/grpc-core/1.33.0/grpc-core-1.33.0.jar:/home/runner/.m2/repository/com/google/android/annotations/4.1.1.4/annotations-4.1.1.4.jar:/home/runner/.m2/repository/io/netty/netty-codec-http2/4.1.63.Final/netty-codec-http2-4.1.63.Final.jar:/home/runner/.m2/repository/io/netty/netty-codec-http/4.1.63.Final/netty-codec-http-4.1.63.Final.jar:/home/runner/.m2/repository/io/netty/netty-handler-proxy/4.1.63.Final/netty-handler-proxy-4.1.63.Final.jar:/home/runner/.m2/repository/io/netty/netty-codec-socks/4.1.63.Final/netty-codec-socks-4.1.63.Final.jar:/home/runner/.m2/repository/io/perfmark/perfmark-api/0.19.0/perfmark-api-0.19.0.jar:/home/runner/.m2/repository/org/codehaus/mojo/animal-sniffer-annotations/1.18/animal-sniffer-annotations-1.18.jar:/home/runner/.m2/repository/io/netty/netty-transport-native-epoll/4.1.63.Final/netty-transport-native-epoll-4.1.63.Final.jar:/home/runner/.m2/repository/io/netty/netty-common/4.1.63.Final/netty-common-4.1.63.Final.jar:/home/runner/.m2/repository/io/netty/netty-buffer/4.1.63.Final/netty-buffer-4.1.63.Final.jar:/home/runner/.m2/repository/io/netty/netty-transport-native-unix-common/4.1.63.Final/netty-transport-native-unix-common-4.1.63.Final.jar:/home/runner/.m2/repository/io/grpc/grpc-protobuf/1.33.0/grpc-protobuf-1.33.0.jar:/home/runner/.m2/repository/io/grpc/grpc-api/1.33.0/grpc-api-1.33.0.jar:/home/runner/.m2/repository/io/grpc/grpc-context/1.33.0/grpc-context-1.33.0.jar:/home/runner/.m2/repository/com/google/api/grpc/proto-google-common-protos/1.17.0/proto-google-common-protos-1.17.0.jar:/home/runner/.m2/repository/io/grpc/grpc-protobuf-lite/1.33.0/grpc-protobuf-lite-1.33.0.jar:/home/runner/.m2/repository/io/grpc/grpc-stub/1.33.0/grpc-stub-1.33.0.jar:/home/runner/.m2/repository/org/apache/ozone/ozone-recon/1.2.0-SNAPSHOT/ozone-recon-1.2.0-SNAPSHOT.jar:/home/runner/.m2/repository/org/apache/ozone/ozone-reconcodegen/1.2.0-SNAPSHOT/ozone-reconcodegen-1.2.0-SNAPSHOT.jar:/home/runner/.m2/repository/com/google/inject/extensions/guice-multibindings/4.0/guice-multibindings-4.0.jar:/home/runner/.m2/repository/com/google/inject/guice/4.0/guice-4.0.jar:/home/runner/.m2/repository/aopalliance/aopalliance/1.0/aopalliance-1.0.jar:/home/runner/.m2/repository/com/google/inject/extensions/guice-assistedinject/4.0/guice-assistedinject-4.0.jar:/home/runner/.m2/repository/com/google/inject/extensions/guice-servlet/4.0/guice-servlet-4.0.jar:/home/runner/.m2/repository/org/glassfish/jersey/containers/jersey-container-servlet/2.33/jersey-container-servlet-2.33.jar:/home/runner/.m2/repository/org/glassfish/hk2/guice-bridge/2.5.0/guice-bridge-2.5.0.jar:/home/runner/.m2/repository/org/glassfish/jersey/core/jersey-server/2.33/jersey-server-2.33.jar:/home/runner/.m2/repository/org/glassfish/jersey/core/jersey-client/2.33/jersey-client-2.33.jar:/home/runner/.m2/repository/jakarta/annotation/jakarta.annotation-api/1.3.5/jakarta.annotation-api-1.3.5.jar:/home/runner/.m2/repository/jakarta/validation/jakarta.validation-api/2.0.2/jakarta.validation-api-2.0.2.jar:/home/runner/.m2/repository/org/glassfish/jersey/media/jersey-media-json-jackson/2.33/jersey-media-json-jackson-2.33.jar:/home/runner/.m2/repository/org/glassfish/jersey/ext/jersey-entity-filtering/2.33/jersey-entity-filtering-2.33.jar:/home/runner/.m2/repository/org/jooq/jooq/3.11.10/jooq-3.11.10.jar:/home/runner/.m2/repository/org/jooq/jooq-meta/3.11.10/jooq-meta-3.11.10.jar:/home/runner/.m2/repository/org/jooq/jooq-codegen/3.11.10/jooq-codegen-3.11.10.jar:/home/runner/.m2/repository/com/jolbox/bonecp/0.8.0.RELEASE/bonecp-0.8.0.RELEASE.jar:/home/runner/.m2/repository/org/apache/derby/derby/10.14.2.0/derby-10.14.2.0.jar:/home/runner/.m2/repository/org/xerial/sqlite-jdbc/3.25.2/sqlite-jdbc-3.25.2.jar:/home/runner/.m2/repository/org/springframework/spring-jdbc/5.2.11.RELEASE/spring-jdbc-5.2.11.RELEASE.jar:/home/runner/.m2/repository/org/springframework/spring-beans/5.2.11.RELEASE/spring-beans-5.2.11.RELEASE.jar:/home/runner/.m2/repository/org/springframework/spring-core/5.2.11.RELEASE/spring-core-5.2.11.RELEASE.jar:/home/runner/.m2/repository/org/springframework/spring-jcl/5.2.11.RELEASE/spring-jcl-5.2.11.RELEASE.jar:/home/runner/.m2/repository/org/springframework/spring-tx/5.2.11.RELEASE/spring-tx-5.2.11.RELEASE.jar:/home/runner/.m2/repository/org/apache/ozone/ozone-client/1.2.0-SNAPSHOT/ozone-client-1.2.0-SNAPSHOT.jar:/home/runner/.m2/repository/org/apache/ozone/ozone-filesystem/1.2.0-SNAPSHOT/ozone-filesystem-1.2.0-SNAPSHOT.jar:/home/runner/.m2/repository/org/apache/ozone/ozone-filesystem-common/1.2.0-SNAPSHOT/ozone-filesystem-common-1.2.0-SNAPSHOT.jar:/home/runner/.m2/repository/org/apache/ozone/ozone-tools/1.2.0-SNAPSHOT/ozone-tools-1.2.0-SNAPSHOT.jar:/home/runner/.m2/repository/org/apache/ratis/ratis-tools/2.1.0-03f3b68-SNAPSHOT/ratis-tools-2.1.0-03f3b68-SNAPSHOT.jar:/home/runner/.m2/repository/com/amazonaws/aws-java-sdk-core/1.11.901/aws-java-sdk-core-1.11.901.jar:/home/runner/.m2/repository/org/apache/httpcomponents/httpclient/4.5.13/httpclient-4.5.13.jar:/home/runner/.m2/repository/org/apache/httpcomponents/httpcore/4.4.13/httpcore-4.4.13.jar:/home/runner/.m2/repository/software/amazon/ion/ion-java/1.0.2/ion-java-1.0.2.jar:/home/runner/.m2/repository/com/fasterxml/jackson/dataformat/jackson-dataformat-cbor/2.12.1/jackson-dataformat-cbor-2.12.1.jar:/home/runner/.m2/repository/joda-time/joda-time/2.8.1/joda-time-2.8.1.jar:/home/runner/.m2/repository/com/amazonaws/aws-java-sdk-s3/1.11.901/aws-java-sdk-s3-1.11.901.jar:/home/runner/.m2/repository/com/amazonaws/aws-java-sdk-kms/1.11.901/aws-java-sdk-kms-1.11.901.jar:/home/runner/.m2/repository/com/amazonaws/jmespath-java/1.11.901/jmespath-java-1.11.901.jar:/home/runner/.m2/repository/org/kohsuke/metainf-services/metainf-services/1.8/metainf-services-1.8.jar:/home/runner/.m2/repository/org/apache/ozone/hdds-tools/1.2.0-SNAPSHOT/hdds-tools-1.2.0-SNAPSHOT.jar:/home/runner/.m2/repository/commons-cli/commons-cli/1.2/commons-cli-1.2.jar:/home/runner/.m2/repository/org/apache/commons/commons-lang3/3.7/commons-lang3-3.7.jar:/home/runner/.m2/repository/org/apache/ozone/ozone-manager/1.2.0-SNAPSHOT/ozone-manager-1.2.0-SNAPSHOT-tests.jar:/home/runner/.m2/repository/org/apache/ozone/hdds-common/1.2.0-SNAPSHOT/hdds-common-1.2.0-SNAPSHOT-tests.jar:/home/runner/.m2/repository/org/apache/ozone/hdds-hadoop-dependency-client/1.2.0-SNAPSHOT/hdds-hadoop-dependency-client-1.2.0-SNAPSHOT.jar:/home/runner/.m2/repository/info/picocli/picocli/4.6.1/picocli-4.6.1.jar:/home/runner/.m2/repository/com/fasterxml/jackson/core/jackson-annotations/2.12.1/jackson-annotations-2.12.1.jar:/home/runner/.m2/repository/javax/annotation/javax.annotation-api/1.2/javax.annotation-api-1.2.jar:/home/runner/.m2/repository/org/apache/ratis/ratis-server/2.1.0-03f3b68-SNAPSHOT/ratis-server-2.1.0-03f3b68-SNAPSHOT.jar:/home/runner/.m2/repository/org/apache/ratis/ratis-client/2.1.0-03f3b68-SNAPSHOT/ratis-client-2.1.0-03f3b68-SNAPSHOT.jar:/home/runner/.m2/repository/org/apache/ratis/ratis-server-api/2.1.0-03f3b68-SNAPSHOT/ratis-server-api-2.1.0-03f3b68-SNAPSHOT.jar:/home/runner/.m2/repository/org/apache/ratis/ratis-metrics/2.1.0-03f3b68-SNAPSHOT/ratis-metrics-2.1.0-03f3b68-SNAPSHOT.jar:/home/runner/.m2/repository/org/apache/ratis/ratis-netty/2.1.0-03f3b68-SNAPSHOT/ratis-netty-2.1.0-03f3b68-SNAPSHOT.jar:/home/runner/.m2/repository/org/apache/ratis/ratis-grpc/2.1.0-03f3b68-SNAPSHOT/ratis-grpc-2.1.0-03f3b68-SNAPSHOT.jar:/home/runner/.m2/repository/org/apache/logging/log4j/log4j-api/2.13.3/log4j-api-2.13.3.jar:/home/runner/.m2/repository/org/apache/logging/log4j/log4j-core/2.13.3/log4j-core-2.13.3.jar:/home/runner/.m2/repository/com/lmax/disruptor/3.4.2/disruptor-3.4.2.jar:/home/runner/.m2/repository/org/apache/commons/commons-pool2/2.6.0/commons-pool2-2.6.0.jar:/home/runner/.m2/repository/org/bouncycastle/bcpkix-jdk15on/1.67/bcpkix-jdk15on-1.67.jar:/home/runner/.m2/repository/commons-validator/commons-validator/1.6/commons-validator-1.6.jar:/home/runner/.m2/repository/commons-beanutils/commons-beanutils/1.9.4/commons-beanutils-1.9.4.jar:/home/runner/.m2/repository/commons-digester/commons-digester/1.8.1/commons-digester-1.8.1.jar:/home/runner/.m2/repository/commons-collections/commons-collections/3.2.2/commons-collections-3.2.2.jar:/home/runner/.m2/repository/io/jaegertracing/jaeger-client/1.6.0/jaeger-client-1.6.0.jar:/home/runner/.m2/repository/io/jaegertracing/jaeger-thrift/1.6.0/jaeger-thrift-1.6.0.jar:/home/runner/.m2/repository/org/apache/thrift/libthrift/0.14.1/libthrift-0.14.1.jar:/home/runner/.m2/repository/com/squareup/okhttp3/okhttp/4.9.0/okhttp-4.9.0.jar:/home/runner/.m2/repository/com/squareup/okio/okio/2.8.0/okio-2.8.0.jar:/home/runner/.m2/repository/io/jaegertracing/jaeger-core/1.6.0/jaeger-core-1.6.0.jar:/home/runner/.m2/repository/io/jaegertracing/jaeger-tracerresolver/1.6.0/jaeger-tracerresolver-1.6.0.jar:/home/runner/.m2/repository/io/opentracing/contrib/opentracing-tracerresolver/0.1.8/opentracing-tracerresolver-0.1.8.jar:/home/runner/.m2/repository/org/jetbrains/kotlin/kotlin-stdlib/1.4.31/kotlin-stdlib-1.4.31.jar:/home/runner/.m2/repository/org/jetbrains/kotlin/kotlin-stdlib-common/1.4.31/kotlin-stdlib-common-1.4.31.jar:/home/runner/.m2/repository/org/jetbrains/annotations/13.0/annotations-13.0.jar:/home/runner/.m2/repository/io/opentracing/opentracing-util/0.33.0/opentracing-util-0.33.0.jar:/home/runner/.m2/repository/io/opentracing/opentracing-api/0.33.0/opentracing-api-0.33.0.jar:/home/runner/.m2/repository/io/opentracing/opentracing-noop/0.33.0/opentracing-noop-0.33.0.jar:/home/runner/.m2/repository/org/yaml/snakeyaml/1.26/snakeyaml-1.26.jar:/home/runner/.m2/repository/org/apache/ozone/hdds-interface-admin/1.2.0-SNAPSHOT/hdds-interface-admin-1.2.0-SNAPSHOT.jar:/home/runner/.m2/repository/junit/junit/4.13.1/junit-4.13.1.jar:/home/runner/.m2/repository/org/hamcrest/hamcrest-core/1.3/hamcrest-core-1.3.jar:/home/runner/.m2/repository/org/junit/jupiter/junit-jupiter-api/5.7.0/junit-jupiter-api-5.7.0.jar:/home/runner/.m2/repository/org/apiguardian/apiguardian-api/1.1.0/apiguardian-api-1.1.0.jar:/home/runner/.m2/repository/org/opentest4j/opentest4j/1.2.0/opentest4j-1.2.0.jar:/home/runner/.m2/repository/org/junit/platform/junit-platform-commons/1.7.0/junit-platform-commons-1.7.0.jar:/home/runner/.m2/repository/org/junit/jupiter/junit-jupiter-engine/5.7.0/junit-jupiter-engine-5.7.0.jar:/home/runner/.m2/repository/org/junit/platform/junit-platform-engine/1.7.0/junit-platform-engine-1.7.0.jar:/home/runner/.m2/repository/org/junit/vintage/junit-vintage-engine/5.7.0/junit-vintage-engine-5.7.0.jar:/home/runner/.m2/repository/org/junit/platform/junit-platform-launcher/1.7.0/junit-platform-launcher-1.7.0.jar:/home/runner/.m2/repository/org/openjdk/jmh/jmh-core/1.19/jmh-core-1.19.jar:/home/runner/.m2/repository/net/sf/jopt-simple/jopt-simple/4.6/jopt-simple-4.6.jar:/home/runner/.m2/repository/org/apache/commons/commons-math3/3.1.1/commons-math3-3.1.1.jar:/home/runner/.m2/repository/org/openjdk/jmh/jmh-generator-annprocess/1.19/jmh-generator-annprocess-1.19.jar:/home/runner/.m2/repository/org/mockito/mockito-core/2.28.2/mockito-core-2.28.2.jar:/home/runner/.m2/repository/net/bytebuddy/byte-buddy/1.9.10/byte-buddy-1.9.10.jar:/home/runner/.m2/repository/net/bytebuddy/byte-buddy-agent/1.9.10/byte-buddy-agent-1.9.10.jar:/home/runner/.m2/repository/org/objenesis/objenesis/1.0/objenesis-1.0.jar:/home/runner/.m2/repository/org/apache/hadoop/hadoop-kms/3.3.1/hadoop-kms-3.3.1.jar:/home/runner/.m2/repository/org/apache/hadoop/hadoop-auth/3.3.1/hadoop-auth-3.3.1.jar:/home/runner/.m2/repository/com/nimbusds/nimbus-jose-jwt/7.9/nimbus-jose-jwt-7.9.jar:/home/runner/.m2/repository/com/github/stephenc/jcip/jcip-annotations/1.0-1/jcip-annotations-1.0-1.jar:/home/runner/.m2/repository/net/minidev/json-smart/2.3/json-smart-2.3.jar:/home/runner/.m2/repository/net/minidev/accessors-smart/1.2/accessors-smart-1.2.jar:/home/runner/.m2/repository/org/ow2/asm/asm/5.0.4/asm-5.0.4.jar:/home/runner/.m2/repository/org/apache/zookeeper/zookeeper/3.5.6/zookeeper-3.5.6.jar:/home/runner/.m2/repository/org/apache/zookeeper/zookeeper-jute/3.5.6/zookeeper-jute-3.5.6.jar:/home/runner/.m2/repository/org/apache/yetus/audience-annotations/0.5.0/audience-annotations-0.5.0.jar:/home/runner/.m2/repository/org/apache/curator/curator-framework/4.2.0/curator-framework-4.2.0.jar:/home/runner/.m2/repository/org/apache/hadoop/thirdparty/hadoop-shaded-guava/1.1.1/hadoop-shaded-guava-1.1.1.jar:/home/runner/.m2/repository/com/sun/jersey/jersey-core/1.19/jersey-core-1.19.jar:/home/runner/.m2/repository/javax/ws/rs/jsr311-api/1.1.1/jsr311-api-1.1.1.jar:/home/runner/.m2/repository/com/sun/jersey/jersey-server/1.19/jersey-server-1.19.jar:/home/runner/.m2/repository/javax/servlet/javax.servlet-api/3.1.0/javax.servlet-api-3.1.0.jar:/home/runner/.m2/repository/org/eclipse/jetty/jetty-server/9.4.43.v20210629/jetty-server-9.4.43.v20210629.jar:/home/runner/.m2/repository/org/eclipse/jetty/jetty-http/9.4.43.v20210629/jetty-http-9.4.43.v20210629.jar:/home/runner/.m2/repository/org/eclipse/jetty/jetty-io/9.4.43.v20210629/jetty-io-9.4.43.v20210629.jar:/home/runner/.m2/repository/org/eclipse/jetty/jetty-webapp/9.4.43.v20210629/jetty-webapp-9.4.43.v20210629.jar:/home/runner/.m2/repository/org/eclipse/jetty/jetty-xml/9.4.43.v20210629/jetty-xml-9.4.43.v20210629.jar:/home/runner/.m2/repository/org/apache/hadoop/hadoop-common/3.3.1/hadoop-common-3.3.1.jar:/home/runner/.m2/repository/commons-net/commons-net/3.6/commons-net-3.6.jar:/home/runner/.m2/repository/jakarta/activation/jakarta.activation-api/1.2.1/jakarta.activation-api-1.2.1.jar:/home/runner/.m2/repository/com/sun/jersey/jersey-servlet/1.19/jersey-servlet-1.19.jar:/home/runner/.m2/repository/com/sun/jersey/jersey-json/1.19/jersey-json-1.19.jar:/home/runner/.m2/repository/org/codehaus/jettison/jettison/1.1/jettison-1.1.jar:/home/runner/.m2/repository/com/sun/xml/bind/jaxb-impl/2.2.3-1/jaxb-impl-2.2.3-1.jar:/home/runner/.m2/repository/org/codehaus/jackson/jackson-jaxrs/1.9.2/jackson-jaxrs-1.9.2.jar:/home/runner/.m2/repository/org/codehaus/jackson/jackson-xc/1.9.2/jackson-xc-1.9.2.jar:/home/runner/.m2/repository/org/apache/commons/commons-configuration2/2.1.1/commons-configuration2-2.1.1.jar:/home/runner/.m2/repository/org/apache/commons/commons-text/1.4/commons-text-1.4.jar:/home/runner/.m2/repository/com/google/re2j/re2j/1.1/re2j-1.1.jar:/home/runner/.m2/repository/com/jcraft/jsch/0.1.54/jsch-0.1.54.jar:/home/runner/.m2/repository/org/apache/curator/curator-client/4.2.0/curator-client-4.2.0.jar:/home/runner/.m2/repository/org/apache/curator/curator-recipes/4.2.0/curator-recipes-4.2.0.jar:/home/runner/.m2/repository/org/apache/kerby/kerb-core/1.0.1/kerb-core-1.0.1.jar:/home/runner/.m2/repository/org/apache/kerby/kerby-pkix/1.0.1/kerby-pkix-1.0.1.jar:/home/runner/.m2/repository/org/apache/kerby/kerby-asn1/1.0.1/kerby-asn1-1.0.1.jar:/home/runner/.m2/repository/org/apache/kerby/kerby-util/1.0.1/kerby-util-1.0.1.jar:/home/runner/.m2/repository/dnsjava/dnsjava/2.1.7/dnsjava-2.1.7.jar:/home/runner/.m2/repository/org/xerial/snappy/snappy-java/1.1.8.2/snappy-java-1.1.8.2.jar:/home/runner/.m2/repository/org/slf4j/jul-to-slf4j/1.7.30/jul-to-slf4j-1.7.30.jar:/home/runner/.m2/repository/org/eclipse/jetty/jetty-util/9.4.43.v20210629/jetty-util-9.4.43.v20210629.jar:/home/runner/.m2/repository/com/fasterxml/jackson/core/jackson-databind/2.12.1/jackson-databind-2.12.1.jar:/home/runner/.m2/repository/org/apache/hadoop/hadoop-kms/3.3.1/hadoop-kms-3.3.1-tests.jar:/home/runner/.m2/repository/org/apache/ozone/hdds-server-scm/1.2.0-SNAPSHOT/hdds-server-scm-1.2.0-SNAPSHOT-tests.jar:/home/runner/.m2/repository/org/apache/ozone/hdds-container-service/1.2.0-SNAPSHOT/hdds-container-service-1.2.0-SNAPSHOT-tests.jar:/home/runner/.m2/repository/commons-codec/commons-codec/1.11/commons-codec-1.11.jar:/home/runner/.m2/repository/io/netty/netty-transport/4.1.63.Final/netty-transport-4.1.63.Final.jar:/home/runner/.m2/repository/io/netty/netty-resolver/4.1.63.Final/netty-resolver-4.1.63.Final.jar:/home/runner/.m2/repository/io/netty/netty-codec/4.1.63.Final/netty-codec-4.1.63.Final.jar:/home/runner/.m2/repository/io/netty/netty-handler/4.1.63.Final/netty-handler-4.1.63.Final.jar:/home/runner/.m2/repository/org/apache/ozone/hdds-hadoop-dependency-test/1.2.0-SNAPSHOT/hdds-hadoop-dependency-test-1.2.0-SNAPSHOT.jar:/home/runner/.m2/repository/org/apache/hadoop/hadoop-common/3.3.1/hadoop-common-3.3.1-tests.jar:/home/runner/.m2/repository/org/assertj/assertj-core/3.12.2/assertj-core-3.12.2.jar:/home/runner/.m2/repository/org/apache/hadoop/hadoop-hdfs/3.3.1/hadoop-hdfs-3.3.1-tests.jar:/home/runner/.m2/repository/org/eclipse/jetty/jetty-util-ajax/9.4.43.v20210629/jetty-util-ajax-9.4.43.v20210629.jar:/home/runner/.m2/repository/commons-daemon/commons-daemon/1.0.13/commons-daemon-1.0.13.jar:/home/runner/.m2/repository/io/netty/netty/3.10.6.Final/netty-3.10.6.Final.jar:/home/runner/.m2/repository/io/netty/netty-all/4.1.63.Final/netty-all-4.1.63.Final.jar:/home/runner/.m2/repository/org/apache/htrace/htrace-core4/4.1.0-incubating/htrace-core4-4.1.0-incubating.jar:/home/runner/.m2/repository/org/fusesource/leveldbjni/leveldbjni-all/1.8/leveldbjni-all-1.8.jar:/home/runner/.m2/repository/org/apache/hadoop/hadoop-distcp/3.3.1/hadoop-distcp-3.3.1.jar:/home/runner/.m2/repository/org/apache/hadoop/hadoop-mapreduce-client-jobclient/3.3.1/hadoop-mapreduce-client-jobclient-3.3.1.jar:/home/runner/.m2/repository/org/apache/hadoop/hadoop-mapreduce-client-common/3.3.1/hadoop-mapreduce-client-common-3.3.1.jar:/home/runner/.m2/repository/org/apache/hadoop/hadoop-yarn-common/3.3.1/hadoop-yarn-common-3.3.1.jar:/home/runner/.m2/repository/org/apache/hadoop/hadoop-yarn-api/3.3.1/hadoop-yarn-api-3.3.1.jar:/home/runner/.m2/repository/com/sun/jersey/jersey-client/1.19/jersey-client-1.19.jar:/home/runner/.m2/repository/com/sun/jersey/contribs/jersey-guice/1.19/jersey-guice-1.19.jar:/home/runner/.m2/repository/com/fasterxml/jackson/jaxrs/jackson-jaxrs-json-provider/2.12.1/jackson-jaxrs-json-provider-2.12.1.jar:/home/runner/.m2/repository/com/fasterxml/jackson/jaxrs/jackson-jaxrs-base/2.12.1/jackson-jaxrs-base-2.12.1.jar:/home/runner/.m2/repository/org/apache/hadoop/hadoop-yarn-client/3.3.1/hadoop-yarn-client-3.3.1.jar:/home/runner/.m2/repository/org/eclipse/jetty/websocket/websocket-client/9.4.40.v20210413/websocket-client-9.4.40.v20210413.jar:/home/runner/.m2/repository/org/eclipse/jetty/jetty-client/9.4.40.v20210413/jetty-client-9.4.40.v20210413.jar:/home/runner/.m2/repository/org/eclipse/jetty/websocket/websocket-common/9.4.40.v20210413/websocket-common-9.4.40.v20210413.jar:/home/runner/.m2/repository/org/eclipse/jetty/websocket/websocket-api/9.4.40.v20210413/websocket-api-9.4.40.v20210413.jar:/home/runner/.m2/repository/org/jline/jline/3.9.0/jline-3.9.0.jar:/home/runner/.m2/repository/org/apache/hadoop/hadoop-mapreduce-client-core/3.3.1/hadoop-mapreduce-client-core-3.3.1.jar:/home/runner/.m2/repository/org/apache/avro/avro/1.7.7/avro-1.7.7.jar:/home/runner/.m2/repository/org/codehaus/jackson/jackson-core-asl/1.9.13/jackson-core-asl-1.9.13.jar:/home/runner/.m2/repository/org/codehaus/jackson/jackson-mapper-asl/1.9.13/jackson-mapper-asl-1.9.13.jar:/home/runner/.m2/repository/com/thoughtworks/paranamer/paranamer/2.3/paranamer-2.3.jar:/home/runner/.m2/repository/org/apache/hadoop/hadoop-annotations/3.3.1/hadoop-annotations-3.3.1.jar:/usr/lib/jvm/adoptopenjdk-8-hotspot-amd64/jre/../lib/tools.jar:/home/runner/.m2/repository/org/apache/hadoop/hadoop-distcp/3.3.1/hadoop-distcp-3.3.1-tests.jar:/home/runner/.m2/repository/org/apache/ratis/ratis-common/2.1.0-03f3b68-SNAPSHOT/ratis-common-2.1.0-03f3b68-SNAPSHOT.jar:/home/runner/.m2/repository/org/apache/ratis/ratis-thirdparty-misc/0.7.0/ratis-thirdparty-misc-0.7.0.jar:/home/runner/.m2/repository/org/apache/ratis/ratis-proto/2.1.0-03f3b68-SNAPSHOT/ratis-proto-2.1.0-03f3b68-SNAPSHOT.jar:"/>
    <property name="java.vm.vendor" value="AdoptOpenJDK"/>
    <property name="sun.arch.data.model" value="64"/>
    <property name="test.build.dir" value="/home/runner/work/ozone/ozone/hadoop-ozone/integration-test/target/test-dir"/>
    <property name="test.cache.data" value=""/>
    <property name="java.vendor.url" value="https://adoptopenjdk.net/"/>
    <property name="user.timezone" value=""/>
    <property name="java.vm.specification.version" value="1.8"/>
    <property name="os.name" value="Linux"/>
    <property name="test.build.data" value="/home/runner/work/ozone/ozone/hadoop-ozone/integration-test/target/test-dir"/>
    <property name="sun.java.launcher" value="SUN_STANDARD"/>
    <property name="sun.boot.library.path" value="/usr/lib/jvm/adoptopenjdk-8-hotspot-amd64/jre/lib/amd64"/>
    <property name="sun.java.command" value="/home/runner/work/ozone/ozone/hadoop-ozone/integration-test/target/surefire/surefirebooter4871920829649305463.jar /home/runner/work/ozone/ozone/hadoop-ozone/integration-test/target/surefire 2021-10-01T16-43-37_512-jvmRun1 surefire4488840063567029388tmp surefire_197865195894071573475tmp"/>
    <property name="surefire.test.class.path" value="/home/runner/work/ozone/ozone/hadoop-ozone/integration-test/target/test-classes:/home/runner/work/ozone/ozone/hadoop-ozone/integration-test/target/classes:/home/runner/.m2/repository/org/apache/ozone/ozone-common/1.2.0-SNAPSHOT/ozone-common-1.2.0-SNAPSHOT.jar:/home/runner/.m2/repository/org/apache/commons/commons-compress/1.20/commons-compress-1.20.jar:/home/runner/.m2/repository/org/apache/ozone/hdds-common/1.2.0-SNAPSHOT/hdds-common-1.2.0-SNAPSHOT.jar:/home/runner/.m2/repository/org/apache/ozone/hdds-client/1.2.0-SNAPSHOT/hdds-client-1.2.0-SNAPSHOT.jar:/home/runner/.m2/repository/org/apache/ozone/ozone-interface-client/1.2.0-SNAPSHOT/ozone-interface-client-1.2.0-SNAPSHOT.jar:/home/runner/.m2/repository/org/apache/ozone/hdds-server-framework/1.2.0-SNAPSHOT/hdds-server-framework-1.2.0-SNAPSHOT.jar:/home/runner/.m2/repository/org/apache/ozone/hdds-interface-server/1.2.0-SNAPSHOT/hdds-interface-server-1.2.0-SNAPSHOT.jar:/home/runner/.m2/repository/org/eclipse/jetty/jetty-servlet/9.4.43.v20210629/jetty-servlet-9.4.43.v20210629.jar:/home/runner/.m2/repository/org/eclipse/jetty/jetty-security/9.4.43.v20210629/jetty-security-9.4.43.v20210629.jar:/home/runner/.m2/repository/org/rocksdb/rocksdbjni/6.20.3/rocksdbjni-6.20.3.jar:/home/runner/.m2/repository/io/prometheus/simpleclient_dropwizard/0.7.0/simpleclient_dropwizard-0.7.0.jar:/home/runner/.m2/repository/io/prometheus/simpleclient/0.7.0/simpleclient-0.7.0.jar:/home/runner/.m2/repository/io/prometheus/simpleclient_common/0.7.0/simpleclient_common-0.7.0.jar:/home/runner/.m2/repository/com/fasterxml/jackson/datatype/jackson-datatype-jsr310/2.12.1/jackson-datatype-jsr310-2.12.1.jar:/home/runner/.m2/repository/org/apache/ozone/hdds-test-utils/1.2.0-SNAPSHOT/hdds-test-utils-1.2.0-SNAPSHOT.jar:/home/runner/.m2/repository/com/google/guava/guava/30.1.1-jre/guava-30.1.1-jre.jar:/home/runner/.m2/repository/com/google/guava/failureaccess/1.0.1/failureaccess-1.0.1.jar:/home/runner/.m2/repository/com/google/guava/listenablefuture/9999.0-empty-to-avoid-conflict-with-guava/listenablefuture-9999.0-empty-to-avoid-conflict-with-guava.jar:/home/runner/.m2/repository/com/google/code/findbugs/jsr305/3.0.0/jsr305-3.0.0.jar:/home/runner/.m2/repository/org/checkerframework/checker-qual/3.8.0/checker-qual-3.8.0.jar:/home/runner/.m2/repository/com/google/errorprone/error_prone_annotations/2.2.0/error_prone_annotations-2.2.0.jar:/home/runner/.m2/repository/com/google/j2objc/j2objc-annotations/1.3/j2objc-annotations-1.3.jar:/home/runner/.m2/repository/commons-io/commons-io/2.8.0/commons-io-2.8.0.jar:/home/runner/.m2/repository/commons-logging/commons-logging/1.2/commons-logging-1.2.jar:/home/runner/.m2/repository/log4j/log4j/1.2.17/log4j-1.2.17.jar:/home/runner/.m2/repository/org/slf4j/slf4j-api/1.7.30/slf4j-api-1.7.30.jar:/home/runner/.m2/repository/org/apache/ozone/hdds-server-scm/1.2.0-SNAPSHOT/hdds-server-scm-1.2.0-SNAPSHOT.jar:/home/runner/.m2/repository/org/apache/ozone/hdds-container-service/1.2.0-SNAPSHOT/hdds-container-service-1.2.0-SNAPSHOT.jar:/home/runner/.m2/repository/org/apache/ozone/hdds-hadoop-dependency-server/1.2.0-SNAPSHOT/hdds-hadoop-dependency-server-1.2.0-SNAPSHOT.jar:/home/runner/.m2/repository/org/apache/hadoop/hadoop-hdfs/3.3.1/hadoop-hdfs-3.3.1.jar:/home/runner/.m2/repository/io/dropwizard/metrics/metrics-core/3.2.4/metrics-core-3.2.4.jar:/home/runner/.m2/repository/org/apache/hadoop/hadoop-hdfs-client/3.3.1/hadoop-hdfs-client-3.3.1.jar:/home/runner/.m2/repository/org/bouncycastle/bcprov-jdk15on/1.67/bcprov-jdk15on-1.67.jar:/home/runner/.m2/repository/com/google/protobuf/protobuf-java/2.5.0/protobuf-java-2.5.0.jar:/home/runner/.m2/repository/org/apache/ozone/ozone-manager/1.2.0-SNAPSHOT/ozone-manager-1.2.0-SNAPSHOT.jar:/home/runner/.m2/repository/org/aspectj/aspectjrt/1.9.7/aspectjrt-1.9.7.jar:/home/runner/.m2/repository/org/aspectj/aspectjweaver/1.9.7/aspectjweaver-1.9.7.jar:/home/runner/.m2/repository/org/apache/ozone/hdds-interface-client/1.2.0-SNAPSHOT/hdds-interface-client-1.2.0-SNAPSHOT.jar:/home/runner/.m2/repository/org/apache/hadoop/thirdparty/hadoop-shaded-protobuf_3_7/1.1.1/hadoop-shaded-protobuf_3_7-1.1.1.jar:/home/runner/.m2/repository/org/apache/ozone/ozone-interface-storage/1.2.0-SNAPSHOT/ozone-interface-storage-1.2.0-SNAPSHOT.jar:/home/runner/.m2/repository/org/reflections/reflections/0.9.11/reflections-0.9.11.jar:/home/runner/.m2/repository/org/apache/hadoop/hadoop-minikdc/3.3.1/hadoop-minikdc-3.3.1.jar:/home/runner/.m2/repository/org/apache/kerby/kerb-simplekdc/1.0.1/kerb-simplekdc-1.0.1.jar:/home/runner/.m2/repository/org/apache/kerby/kerb-client/1.0.1/kerb-client-1.0.1.jar:/home/runner/.m2/repository/org/apache/kerby/kerby-config/1.0.1/kerby-config-1.0.1.jar:/home/runner/.m2/repository/org/apache/kerby/kerb-common/1.0.1/kerb-common-1.0.1.jar:/home/runner/.m2/repository/org/apache/kerby/kerb-crypto/1.0.1/kerb-crypto-1.0.1.jar:/home/runner/.m2/repository/org/apache/kerby/kerb-util/1.0.1/kerb-util-1.0.1.jar:/home/runner/.m2/repository/org/apache/kerby/token-provider/1.0.1/token-provider-1.0.1.jar:/home/runner/.m2/repository/org/apache/kerby/kerb-admin/1.0.1/kerb-admin-1.0.1.jar:/home/runner/.m2/repository/org/apache/kerby/kerb-server/1.0.1/kerb-server-1.0.1.jar:/home/runner/.m2/repository/org/apache/kerby/kerb-identity/1.0.1/kerb-identity-1.0.1.jar:/home/runner/.m2/repository/org/apache/kerby/kerby-xdr/1.0.1/kerby-xdr-1.0.1.jar:/home/runner/.m2/repository/org/slf4j/slf4j-log4j12/1.7.30/slf4j-log4j12-1.7.30.jar:/home/runner/.m2/repository/org/apache/ozone/ozone-s3gateway/1.2.0-SNAPSHOT/ozone-s3gateway-1.2.0-SNAPSHOT.jar:/home/runner/.m2/repository/org/javassist/javassist/3.21.0-GA/javassist-3.21.0-GA.jar:/home/runner/.m2/repository/org/jboss/weld/servlet/weld-servlet/2.4.7.Final/weld-servlet-2.4.7.Final.jar:/home/runner/.m2/repository/org/glassfish/jersey/containers/jersey-container-servlet-core/2.33/jersey-container-servlet-core-2.33.jar:/home/runner/.m2/repository/org/glassfish/hk2/external/jakarta.inject/2.6.1/jakarta.inject-2.6.1.jar:/home/runner/.m2/repository/org/glassfish/jersey/core/jersey-common/2.33/jersey-common-2.33.jar:/home/runner/.m2/repository/jakarta/ws/rs/jakarta.ws.rs-api/2.1.6/jakarta.ws.rs-api-2.1.6.jar:/home/runner/.m2/repository/org/glassfish/jersey/ext/cdi/jersey-cdi1x/2.33/jersey-cdi1x-2.33.jar:/home/runner/.m2/repository/org/glassfish/jersey/inject/jersey-hk2/2.33/jersey-hk2-2.33.jar:/home/runner/.m2/repository/org/glassfish/hk2/hk2-locator/2.6.1/hk2-locator-2.6.1.jar:/home/runner/.m2/repository/org/glassfish/jersey/media/jersey-media-jaxb/2.33/jersey-media-jaxb-2.33.jar:/home/runner/.m2/repository/org/glassfish/hk2/osgi-resource-locator/1.0.3/osgi-resource-locator-1.0.3.jar:/home/runner/.m2/repository/org/glassfish/hk2/hk2-api/2.5.0/hk2-api-2.5.0.jar:/home/runner/.m2/repository/org/glassfish/hk2/hk2-utils/2.5.0/hk2-utils-2.5.0.jar:/home/runner/.m2/repository/org/glassfish/hk2/external/aopalliance-repackaged/2.5.0/aopalliance-repackaged-2.5.0.jar:/home/runner/.m2/repository/com/fasterxml/jackson/dataformat/jackson-dataformat-xml/2.12.1/jackson-dataformat-xml-2.12.1.jar:/home/runner/.m2/repository/com/fasterxml/jackson/core/jackson-core/2.12.1/jackson-core-2.12.1.jar:/home/runner/.m2/repository/com/fasterxml/jackson/module/jackson-module-jaxb-annotations/2.12.1/jackson-module-jaxb-annotations-2.12.1.jar:/home/runner/.m2/repository/jakarta/xml/bind/jakarta.xml.bind-api/2.3.2/jakarta.xml.bind-api-2.3.2.jar:/home/runner/.m2/repository/org/codehaus/woodstox/stax2-api/3.1.4/stax2-api-3.1.4.jar:/home/runner/.m2/repository/com/fasterxml/woodstox/woodstox-core/5.0.3/woodstox-core-5.0.3.jar:/home/runner/.m2/repository/javax/enterprise/cdi-api/1.2/cdi-api-1.2.jar:/home/runner/.m2/repository/javax/el/javax.el-api/3.0.0/javax.el-api-3.0.0.jar:/home/runner/.m2/repository/javax/interceptor/javax.interceptor-api/1.2/javax.interceptor-api-1.2.jar:/home/runner/.m2/repository/javax/inject/javax.inject/1/javax.inject-1.jar:/home/runner/.m2/repository/javax/xml/bind/jaxb-api/2.3.0/jaxb-api-2.3.0.jar:/home/runner/.m2/repository/org/glassfish/jaxb/jaxb-runtime/2.3.0.1/jaxb-runtime-2.3.0.1.jar:/home/runner/.m2/repository/org/glassfish/jaxb/jaxb-core/2.3.0.1/jaxb-core-2.3.0.1.jar:/home/runner/.m2/repository/org/glassfish/jaxb/txw2/2.3.0.1/txw2-2.3.0.1.jar:/home/runner/.m2/repository/com/sun/istack/istack-commons-runtime/3.0.5/istack-commons-runtime-3.0.5.jar:/home/runner/.m2/repository/org/jvnet/staxex/stax-ex/1.7.8/stax-ex-1.7.8.jar:/home/runner/.m2/repository/com/sun/xml/fastinfoset/FastInfoset/1.2.13/FastInfoset-1.2.13.jar:/home/runner/.m2/repository/javax/activation/activation/1.1.1/activation-1.1.1.jar:/home/runner/.m2/repository/org/apache/ozone/ozone-csi/1.2.0-SNAPSHOT/ozone-csi-1.2.0-SNAPSHOT.jar:/home/runner/.m2/repository/com/google/protobuf/protobuf-java-util/3.12.0/protobuf-java-util-3.12.0.jar:/home/runner/.m2/repository/com/google/code/gson/gson/2.2.4/gson-2.2.4.jar:/home/runner/.m2/repository/org/apache/ozone/hdds-config/1.2.0-SNAPSHOT/hdds-config-1.2.0-SNAPSHOT.jar:/home/runner/.m2/repository/io/grpc/grpc-netty/1.33.0/grpc-netty-1.33.0.jar:/home/runner/.m2/repository/io/grpc/grpc-core/1.33.0/grpc-core-1.33.0.jar:/home/runner/.m2/repository/com/google/android/annotations/4.1.1.4/annotations-4.1.1.4.jar:/home/runner/.m2/repository/io/netty/netty-codec-http2/4.1.63.Final/netty-codec-http2-4.1.63.Final.jar:/home/runner/.m2/repository/io/netty/netty-codec-http/4.1.63.Final/netty-codec-http-4.1.63.Final.jar:/home/runner/.m2/repository/io/netty/netty-handler-proxy/4.1.63.Final/netty-handler-proxy-4.1.63.Final.jar:/home/runner/.m2/repository/io/netty/netty-codec-socks/4.1.63.Final/netty-codec-socks-4.1.63.Final.jar:/home/runner/.m2/repository/io/perfmark/perfmark-api/0.19.0/perfmark-api-0.19.0.jar:/home/runner/.m2/repository/org/codehaus/mojo/animal-sniffer-annotations/1.18/animal-sniffer-annotations-1.18.jar:/home/runner/.m2/repository/io/netty/netty-transport-native-epoll/4.1.63.Final/netty-transport-native-epoll-4.1.63.Final.jar:/home/runner/.m2/repository/io/netty/netty-common/4.1.63.Final/netty-common-4.1.63.Final.jar:/home/runner/.m2/repository/io/netty/netty-buffer/4.1.63.Final/netty-buffer-4.1.63.Final.jar:/home/runner/.m2/repository/io/netty/netty-transport-native-unix-common/4.1.63.Final/netty-transport-native-unix-common-4.1.63.Final.jar:/home/runner/.m2/repository/io/grpc/grpc-protobuf/1.33.0/grpc-protobuf-1.33.0.jar:/home/runner/.m2/repository/io/grpc/grpc-api/1.33.0/grpc-api-1.33.0.jar:/home/runner/.m2/repository/io/grpc/grpc-context/1.33.0/grpc-context-1.33.0.jar:/home/runner/.m2/repository/com/google/api/grpc/proto-google-common-protos/1.17.0/proto-google-common-protos-1.17.0.jar:/home/runner/.m2/repository/io/grpc/grpc-protobuf-lite/1.33.0/grpc-protobuf-lite-1.33.0.jar:/home/runner/.m2/repository/io/grpc/grpc-stub/1.33.0/grpc-stub-1.33.0.jar:/home/runner/.m2/repository/org/apache/ozone/ozone-recon/1.2.0-SNAPSHOT/ozone-recon-1.2.0-SNAPSHOT.jar:/home/runner/.m2/repository/org/apache/ozone/ozone-reconcodegen/1.2.0-SNAPSHOT/ozone-reconcodegen-1.2.0-SNAPSHOT.jar:/home/runner/.m2/repository/com/google/inject/extensions/guice-multibindings/4.0/guice-multibindings-4.0.jar:/home/runner/.m2/repository/com/google/inject/guice/4.0/guice-4.0.jar:/home/runner/.m2/repository/aopalliance/aopalliance/1.0/aopalliance-1.0.jar:/home/runner/.m2/repository/com/google/inject/extensions/guice-assistedinject/4.0/guice-assistedinject-4.0.jar:/home/runner/.m2/repository/com/google/inject/extensions/guice-servlet/4.0/guice-servlet-4.0.jar:/home/runner/.m2/repository/org/glassfish/jersey/containers/jersey-container-servlet/2.33/jersey-container-servlet-2.33.jar:/home/runner/.m2/repository/org/glassfish/hk2/guice-bridge/2.5.0/guice-bridge-2.5.0.jar:/home/runner/.m2/repository/org/glassfish/jersey/core/jersey-server/2.33/jersey-server-2.33.jar:/home/runner/.m2/repository/org/glassfish/jersey/core/jersey-client/2.33/jersey-client-2.33.jar:/home/runner/.m2/repository/jakarta/annotation/jakarta.annotation-api/1.3.5/jakarta.annotation-api-1.3.5.jar:/home/runner/.m2/repository/jakarta/validation/jakarta.validation-api/2.0.2/jakarta.validation-api-2.0.2.jar:/home/runner/.m2/repository/org/glassfish/jersey/media/jersey-media-json-jackson/2.33/jersey-media-json-jackson-2.33.jar:/home/runner/.m2/repository/org/glassfish/jersey/ext/jersey-entity-filtering/2.33/jersey-entity-filtering-2.33.jar:/home/runner/.m2/repository/org/jooq/jooq/3.11.10/jooq-3.11.10.jar:/home/runner/.m2/repository/org/jooq/jooq-meta/3.11.10/jooq-meta-3.11.10.jar:/home/runner/.m2/repository/org/jooq/jooq-codegen/3.11.10/jooq-codegen-3.11.10.jar:/home/runner/.m2/repository/com/jolbox/bonecp/0.8.0.RELEASE/bonecp-0.8.0.RELEASE.jar:/home/runner/.m2/repository/org/apache/derby/derby/10.14.2.0/derby-10.14.2.0.jar:/home/runner/.m2/repository/org/xerial/sqlite-jdbc/3.25.2/sqlite-jdbc-3.25.2.jar:/home/runner/.m2/repository/org/springframework/spring-jdbc/5.2.11.RELEASE/spring-jdbc-5.2.11.RELEASE.jar:/home/runner/.m2/repository/org/springframework/spring-beans/5.2.11.RELEASE/spring-beans-5.2.11.RELEASE.jar:/home/runner/.m2/repository/org/springframework/spring-core/5.2.11.RELEASE/spring-core-5.2.11.RELEASE.jar:/home/runner/.m2/repository/org/springframework/spring-jcl/5.2.11.RELEASE/spring-jcl-5.2.11.RELEASE.jar:/home/runner/.m2/repository/org/springframework/spring-tx/5.2.11.RELEASE/spring-tx-5.2.11.RELEASE.jar:/home/runner/.m2/repository/org/apache/ozone/ozone-client/1.2.0-SNAPSHOT/ozone-client-1.2.0-SNAPSHOT.jar:/home/runner/.m2/repository/org/apache/ozone/ozone-filesystem/1.2.0-SNAPSHOT/ozone-filesystem-1.2.0-SNAPSHOT.jar:/home/runner/.m2/repository/org/apache/ozone/ozone-filesystem-common/1.2.0-SNAPSHOT/ozone-filesystem-common-1.2.0-SNAPSHOT.jar:/home/runner/.m2/repository/org/apache/ozone/ozone-tools/1.2.0-SNAPSHOT/ozone-tools-1.2.0-SNAPSHOT.jar:/home/runner/.m2/repository/org/apache/ratis/ratis-tools/2.1.0-03f3b68-SNAPSHOT/ratis-tools-2.1.0-03f3b68-SNAPSHOT.jar:/home/runner/.m2/repository/com/amazonaws/aws-java-sdk-core/1.11.901/aws-java-sdk-core-1.11.901.jar:/home/runner/.m2/repository/org/apache/httpcomponents/httpclient/4.5.13/httpclient-4.5.13.jar:/home/runner/.m2/repository/org/apache/httpcomponents/httpcore/4.4.13/httpcore-4.4.13.jar:/home/runner/.m2/repository/software/amazon/ion/ion-java/1.0.2/ion-java-1.0.2.jar:/home/runner/.m2/repository/com/fasterxml/jackson/dataformat/jackson-dataformat-cbor/2.12.1/jackson-dataformat-cbor-2.12.1.jar:/home/runner/.m2/repository/joda-time/joda-time/2.8.1/joda-time-2.8.1.jar:/home/runner/.m2/repository/com/amazonaws/aws-java-sdk-s3/1.11.901/aws-java-sdk-s3-1.11.901.jar:/home/runner/.m2/repository/com/amazonaws/aws-java-sdk-kms/1.11.901/aws-java-sdk-kms-1.11.901.jar:/home/runner/.m2/repository/com/amazonaws/jmespath-java/1.11.901/jmespath-java-1.11.901.jar:/home/runner/.m2/repository/org/kohsuke/metainf-services/metainf-services/1.8/metainf-services-1.8.jar:/home/runner/.m2/repository/org/apache/ozone/hdds-tools/1.2.0-SNAPSHOT/hdds-tools-1.2.0-SNAPSHOT.jar:/home/runner/.m2/repository/commons-cli/commons-cli/1.2/commons-cli-1.2.jar:/home/runner/.m2/repository/org/apache/commons/commons-lang3/3.7/commons-lang3-3.7.jar:/home/runner/.m2/repository/org/apache/ozone/ozone-manager/1.2.0-SNAPSHOT/ozone-manager-1.2.0-SNAPSHOT-tests.jar:/home/runner/.m2/repository/org/apache/ozone/hdds-common/1.2.0-SNAPSHOT/hdds-common-1.2.0-SNAPSHOT-tests.jar:/home/runner/.m2/repository/org/apache/ozone/hdds-hadoop-dependency-client/1.2.0-SNAPSHOT/hdds-hadoop-dependency-client-1.2.0-SNAPSHOT.jar:/home/runner/.m2/repository/info/picocli/picocli/4.6.1/picocli-4.6.1.jar:/home/runner/.m2/repository/com/fasterxml/jackson/core/jackson-annotations/2.12.1/jackson-annotations-2.12.1.jar:/home/runner/.m2/repository/javax/annotation/javax.annotation-api/1.2/javax.annotation-api-1.2.jar:/home/runner/.m2/repository/org/apache/ratis/ratis-server/2.1.0-03f3b68-SNAPSHOT/ratis-server-2.1.0-03f3b68-SNAPSHOT.jar:/home/runner/.m2/repository/org/apache/ratis/ratis-client/2.1.0-03f3b68-SNAPSHOT/ratis-client-2.1.0-03f3b68-SNAPSHOT.jar:/home/runner/.m2/repository/org/apache/ratis/ratis-server-api/2.1.0-03f3b68-SNAPSHOT/ratis-server-api-2.1.0-03f3b68-SNAPSHOT.jar:/home/runner/.m2/repository/org/apache/ratis/ratis-metrics/2.1.0-03f3b68-SNAPSHOT/ratis-metrics-2.1.0-03f3b68-SNAPSHOT.jar:/home/runner/.m2/repository/org/apache/ratis/ratis-netty/2.1.0-03f3b68-SNAPSHOT/ratis-netty-2.1.0-03f3b68-SNAPSHOT.jar:/home/runner/.m2/repository/org/apache/ratis/ratis-grpc/2.1.0-03f3b68-SNAPSHOT/ratis-grpc-2.1.0-03f3b68-SNAPSHOT.jar:/home/runner/.m2/repository/org/apache/logging/log4j/log4j-api/2.13.3/log4j-api-2.13.3.jar:/home/runner/.m2/repository/org/apache/logging/log4j/log4j-core/2.13.3/log4j-core-2.13.3.jar:/home/runner/.m2/repository/com/lmax/disruptor/3.4.2/disruptor-3.4.2.jar:/home/runner/.m2/repository/org/apache/commons/commons-pool2/2.6.0/commons-pool2-2.6.0.jar:/home/runner/.m2/repository/org/bouncycastle/bcpkix-jdk15on/1.67/bcpkix-jdk15on-1.67.jar:/home/runner/.m2/repository/commons-validator/commons-validator/1.6/commons-validator-1.6.jar:/home/runner/.m2/repository/commons-beanutils/commons-beanutils/1.9.4/commons-beanutils-1.9.4.jar:/home/runner/.m2/repository/commons-digester/commons-digester/1.8.1/commons-digester-1.8.1.jar:/home/runner/.m2/repository/commons-collections/commons-collections/3.2.2/commons-collections-3.2.2.jar:/home/runner/.m2/repository/io/jaegertracing/jaeger-client/1.6.0/jaeger-client-1.6.0.jar:/home/runner/.m2/repository/io/jaegertracing/jaeger-thrift/1.6.0/jaeger-thrift-1.6.0.jar:/home/runner/.m2/repository/org/apache/thrift/libthrift/0.14.1/libthrift-0.14.1.jar:/home/runner/.m2/repository/com/squareup/okhttp3/okhttp/4.9.0/okhttp-4.9.0.jar:/home/runner/.m2/repository/com/squareup/okio/okio/2.8.0/okio-2.8.0.jar:/home/runner/.m2/repository/io/jaegertracing/jaeger-core/1.6.0/jaeger-core-1.6.0.jar:/home/runner/.m2/repository/io/jaegertracing/jaeger-tracerresolver/1.6.0/jaeger-tracerresolver-1.6.0.jar:/home/runner/.m2/repository/io/opentracing/contrib/opentracing-tracerresolver/0.1.8/opentracing-tracerresolver-0.1.8.jar:/home/runner/.m2/repository/org/jetbrains/kotlin/kotlin-stdlib/1.4.31/kotlin-stdlib-1.4.31.jar:/home/runner/.m2/repository/org/jetbrains/kotlin/kotlin-stdlib-common/1.4.31/kotlin-stdlib-common-1.4.31.jar:/home/runner/.m2/repository/org/jetbrains/annotations/13.0/annotations-13.0.jar:/home/runner/.m2/repository/io/opentracing/opentracing-util/0.33.0/opentracing-util-0.33.0.jar:/home/runner/.m2/repository/io/opentracing/opentracing-api/0.33.0/opentracing-api-0.33.0.jar:/home/runner/.m2/repository/io/opentracing/opentracing-noop/0.33.0/opentracing-noop-0.33.0.jar:/home/runner/.m2/repository/org/yaml/snakeyaml/1.26/snakeyaml-1.26.jar:/home/runner/.m2/repository/org/apache/ozone/hdds-interface-admin/1.2.0-SNAPSHOT/hdds-interface-admin-1.2.0-SNAPSHOT.jar:/home/runner/.m2/repository/junit/junit/4.13.1/junit-4.13.1.jar:/home/runner/.m2/repository/org/hamcrest/hamcrest-core/1.3/hamcrest-core-1.3.jar:/home/runner/.m2/repository/org/junit/jupiter/junit-jupiter-api/5.7.0/junit-jupiter-api-5.7.0.jar:/home/runner/.m2/repository/org/apiguardian/apiguardian-api/1.1.0/apiguardian-api-1.1.0.jar:/home/runner/.m2/repository/org/opentest4j/opentest4j/1.2.0/opentest4j-1.2.0.jar:/home/runner/.m2/repository/org/junit/platform/junit-platform-commons/1.7.0/junit-platform-commons-1.7.0.jar:/home/runner/.m2/repository/org/junit/jupiter/junit-jupiter-engine/5.7.0/junit-jupiter-engine-5.7.0.jar:/home/runner/.m2/repository/org/junit/platform/junit-platform-engine/1.7.0/junit-platform-engine-1.7.0.jar:/home/runner/.m2/repository/org/junit/vintage/junit-vintage-engine/5.7.0/junit-vintage-engine-5.7.0.jar:/home/runner/.m2/repository/org/junit/platform/junit-platform-launcher/1.7.0/junit-platform-launcher-1.7.0.jar:/home/runner/.m2/repository/org/openjdk/jmh/jmh-core/1.19/jmh-core-1.19.jar:/home/runner/.m2/repository/net/sf/jopt-simple/jopt-simple/4.6/jopt-simple-4.6.jar:/home/runner/.m2/repository/org/apache/commons/commons-math3/3.1.1/commons-math3-3.1.1.jar:/home/runner/.m2/repository/org/openjdk/jmh/jmh-generator-annprocess/1.19/jmh-generator-annprocess-1.19.jar:/home/runner/.m2/repository/org/mockito/mockito-core/2.28.2/mockito-core-2.28.2.jar:/home/runner/.m2/repository/net/bytebuddy/byte-buddy/1.9.10/byte-buddy-1.9.10.jar:/home/runner/.m2/repository/net/bytebuddy/byte-buddy-agent/1.9.10/byte-buddy-agent-1.9.10.jar:/home/runner/.m2/repository/org/objenesis/objenesis/1.0/objenesis-1.0.jar:/home/runner/.m2/repository/org/apache/hadoop/hadoop-kms/3.3.1/hadoop-kms-3.3.1.jar:/home/runner/.m2/repository/org/apache/hadoop/hadoop-auth/3.3.1/hadoop-auth-3.3.1.jar:/home/runner/.m2/repository/com/nimbusds/nimbus-jose-jwt/7.9/nimbus-jose-jwt-7.9.jar:/home/runner/.m2/repository/com/github/stephenc/jcip/jcip-annotations/1.0-1/jcip-annotations-1.0-1.jar:/home/runner/.m2/repository/net/minidev/json-smart/2.3/json-smart-2.3.jar:/home/runner/.m2/repository/net/minidev/accessors-smart/1.2/accessors-smart-1.2.jar:/home/runner/.m2/repository/org/ow2/asm/asm/5.0.4/asm-5.0.4.jar:/home/runner/.m2/repository/org/apache/zookeeper/zookeeper/3.5.6/zookeeper-3.5.6.jar:/home/runner/.m2/repository/org/apache/zookeeper/zookeeper-jute/3.5.6/zookeeper-jute-3.5.6.jar:/home/runner/.m2/repository/org/apache/yetus/audience-annotations/0.5.0/audience-annotations-0.5.0.jar:/home/runner/.m2/repository/org/apache/curator/curator-framework/4.2.0/curator-framework-4.2.0.jar:/home/runner/.m2/repository/org/apache/hadoop/thirdparty/hadoop-shaded-guava/1.1.1/hadoop-shaded-guava-1.1.1.jar:/home/runner/.m2/repository/com/sun/jersey/jersey-core/1.19/jersey-core-1.19.jar:/home/runner/.m2/repository/javax/ws/rs/jsr311-api/1.1.1/jsr311-api-1.1.1.jar:/home/runner/.m2/repository/com/sun/jersey/jersey-server/1.19/jersey-server-1.19.jar:/home/runner/.m2/repository/javax/servlet/javax.servlet-api/3.1.0/javax.servlet-api-3.1.0.jar:/home/runner/.m2/repository/org/eclipse/jetty/jetty-server/9.4.43.v20210629/jetty-server-9.4.43.v20210629.jar:/home/runner/.m2/repository/org/eclipse/jetty/jetty-http/9.4.43.v20210629/jetty-http-9.4.43.v20210629.jar:/home/runner/.m2/repository/org/eclipse/jetty/jetty-io/9.4.43.v20210629/jetty-io-9.4.43.v20210629.jar:/home/runner/.m2/repository/org/eclipse/jetty/jetty-webapp/9.4.43.v20210629/jetty-webapp-9.4.43.v20210629.jar:/home/runner/.m2/repository/org/eclipse/jetty/jetty-xml/9.4.43.v20210629/jetty-xml-9.4.43.v20210629.jar:/home/runner/.m2/repository/org/apache/hadoop/hadoop-common/3.3.1/hadoop-common-3.3.1.jar:/home/runner/.m2/repository/commons-net/commons-net/3.6/commons-net-3.6.jar:/home/runner/.m2/repository/jakarta/activation/jakarta.activation-api/1.2.1/jakarta.activation-api-1.2.1.jar:/home/runner/.m2/repository/com/sun/jersey/jersey-servlet/1.19/jersey-servlet-1.19.jar:/home/runner/.m2/repository/com/sun/jersey/jersey-json/1.19/jersey-json-1.19.jar:/home/runner/.m2/repository/org/codehaus/jettison/jettison/1.1/jettison-1.1.jar:/home/runner/.m2/repository/com/sun/xml/bind/jaxb-impl/2.2.3-1/jaxb-impl-2.2.3-1.jar:/home/runner/.m2/repository/org/codehaus/jackson/jackson-jaxrs/1.9.2/jackson-jaxrs-1.9.2.jar:/home/runner/.m2/repository/org/codehaus/jackson/jackson-xc/1.9.2/jackson-xc-1.9.2.jar:/home/runner/.m2/repository/org/apache/commons/commons-configuration2/2.1.1/commons-configuration2-2.1.1.jar:/home/runner/.m2/repository/org/apache/commons/commons-text/1.4/commons-text-1.4.jar:/home/runner/.m2/repository/com/google/re2j/re2j/1.1/re2j-1.1.jar:/home/runner/.m2/repository/com/jcraft/jsch/0.1.54/jsch-0.1.54.jar:/home/runner/.m2/repository/org/apache/curator/curator-client/4.2.0/curator-client-4.2.0.jar:/home/runner/.m2/repository/org/apache/curator/curator-recipes/4.2.0/curator-recipes-4.2.0.jar:/home/runner/.m2/repository/org/apache/kerby/kerb-core/1.0.1/kerb-core-1.0.1.jar:/home/runner/.m2/repository/org/apache/kerby/kerby-pkix/1.0.1/kerby-pkix-1.0.1.jar:/home/runner/.m2/repository/org/apache/kerby/kerby-asn1/1.0.1/kerby-asn1-1.0.1.jar:/home/runner/.m2/repository/org/apache/kerby/kerby-util/1.0.1/kerby-util-1.0.1.jar:/home/runner/.m2/repository/dnsjava/dnsjava/2.1.7/dnsjava-2.1.7.jar:/home/runner/.m2/repository/org/xerial/snappy/snappy-java/1.1.8.2/snappy-java-1.1.8.2.jar:/home/runner/.m2/repository/org/slf4j/jul-to-slf4j/1.7.30/jul-to-slf4j-1.7.30.jar:/home/runner/.m2/repository/org/eclipse/jetty/jetty-util/9.4.43.v20210629/jetty-util-9.4.43.v20210629.jar:/home/runner/.m2/repository/com/fasterxml/jackson/core/jackson-databind/2.12.1/jackson-databind-2.12.1.jar:/home/runner/.m2/repository/org/apache/hadoop/hadoop-kms/3.3.1/hadoop-kms-3.3.1-tests.jar:/home/runner/.m2/repository/org/apache/ozone/hdds-server-scm/1.2.0-SNAPSHOT/hdds-server-scm-1.2.0-SNAPSHOT-tests.jar:/home/runner/.m2/repository/org/apache/ozone/hdds-container-service/1.2.0-SNAPSHOT/hdds-container-service-1.2.0-SNAPSHOT-tests.jar:/home/runner/.m2/repository/commons-codec/commons-codec/1.11/commons-codec-1.11.jar:/home/runner/.m2/repository/io/netty/netty-transport/4.1.63.Final/netty-transport-4.1.63.Final.jar:/home/runner/.m2/repository/io/netty/netty-resolver/4.1.63.Final/netty-resolver-4.1.63.Final.jar:/home/runner/.m2/repository/io/netty/netty-codec/4.1.63.Final/netty-codec-4.1.63.Final.jar:/home/runner/.m2/repository/io/netty/netty-handler/4.1.63.Final/netty-handler-4.1.63.Final.jar:/home/runner/.m2/repository/org/apache/ozone/hdds-hadoop-dependency-test/1.2.0-SNAPSHOT/hdds-hadoop-dependency-test-1.2.0-SNAPSHOT.jar:/home/runner/.m2/repository/org/apache/hadoop/hadoop-common/3.3.1/hadoop-common-3.3.1-tests.jar:/home/runner/.m2/repository/org/assertj/assertj-core/3.12.2/assertj-core-3.12.2.jar:/home/runner/.m2/repository/org/apache/hadoop/hadoop-hdfs/3.3.1/hadoop-hdfs-3.3.1-tests.jar:/home/runner/.m2/repository/org/eclipse/jetty/jetty-util-ajax/9.4.43.v20210629/jetty-util-ajax-9.4.43.v20210629.jar:/home/runner/.m2/repository/commons-daemon/commons-daemon/1.0.13/commons-daemon-1.0.13.jar:/home/runner/.m2/repository/io/netty/netty/3.10.6.Final/netty-3.10.6.Final.jar:/home/runner/.m2/repository/io/netty/netty-all/4.1.63.Final/netty-all-4.1.63.Final.jar:/home/runner/.m2/repository/org/apache/htrace/htrace-core4/4.1.0-incubating/htrace-core4-4.1.0-incubating.jar:/home/runner/.m2/repository/org/fusesource/leveldbjni/leveldbjni-all/1.8/leveldbjni-all-1.8.jar:/home/runner/.m2/repository/org/apache/hadoop/hadoop-distcp/3.3.1/hadoop-distcp-3.3.1.jar:/home/runner/.m2/repository/org/apache/hadoop/hadoop-mapreduce-client-jobclient/3.3.1/hadoop-mapreduce-client-jobclient-3.3.1.jar:/home/runner/.m2/repository/org/apache/hadoop/hadoop-mapreduce-client-common/3.3.1/hadoop-mapreduce-client-common-3.3.1.jar:/home/runner/.m2/repository/org/apache/hadoop/hadoop-yarn-common/3.3.1/hadoop-yarn-common-3.3.1.jar:/home/runner/.m2/repository/org/apache/hadoop/hadoop-yarn-api/3.3.1/hadoop-yarn-api-3.3.1.jar:/home/runner/.m2/repository/com/sun/jersey/jersey-client/1.19/jersey-client-1.19.jar:/home/runner/.m2/repository/com/sun/jersey/contribs/jersey-guice/1.19/jersey-guice-1.19.jar:/home/runner/.m2/repository/com/fasterxml/jackson/jaxrs/jackson-jaxrs-json-provider/2.12.1/jackson-jaxrs-json-provider-2.12.1.jar:/home/runner/.m2/repository/com/fasterxml/jackson/jaxrs/jackson-jaxrs-base/2.12.1/jackson-jaxrs-base-2.12.1.jar:/home/runner/.m2/repository/org/apache/hadoop/hadoop-yarn-client/3.3.1/hadoop-yarn-client-3.3.1.jar:/home/runner/.m2/repository/org/eclipse/jetty/websocket/websocket-client/9.4.40.v20210413/websocket-client-9.4.40.v20210413.jar:/home/runner/.m2/repository/org/eclipse/jetty/jetty-client/9.4.40.v20210413/jetty-client-9.4.40.v20210413.jar:/home/runner/.m2/repository/org/eclipse/jetty/websocket/websocket-common/9.4.40.v20210413/websocket-common-9.4.40.v20210413.jar:/home/runner/.m2/repository/org/eclipse/jetty/websocket/websocket-api/9.4.40.v20210413/websocket-api-9.4.40.v20210413.jar:/home/runner/.m2/repository/org/jline/jline/3.9.0/jline-3.9.0.jar:/home/runner/.m2/repository/org/apache/hadoop/hadoop-mapreduce-client-core/3.3.1/hadoop-mapreduce-client-core-3.3.1.jar:/home/runner/.m2/repository/org/apache/avro/avro/1.7.7/avro-1.7.7.jar:/home/runner/.m2/repository/org/codehaus/jackson/jackson-core-asl/1.9.13/jackson-core-asl-1.9.13.jar:/home/runner/.m2/repository/org/codehaus/jackson/jackson-mapper-asl/1.9.13/jackson-mapper-asl-1.9.13.jar:/home/runner/.m2/repository/com/thoughtworks/paranamer/paranamer/2.3/paranamer-2.3.jar:/home/runner/.m2/repository/org/apache/hadoop/hadoop-annotations/3.3.1/hadoop-annotations-3.3.1.jar:/usr/lib/jvm/adoptopenjdk-8-hotspot-amd64/jre/../lib/tools.jar:/home/runner/.m2/repository/org/apache/hadoop/hadoop-distcp/3.3.1/hadoop-distcp-3.3.1-tests.jar:/home/runner/.m2/repository/org/apache/ratis/ratis-common/2.1.0-03f3b68-SNAPSHOT/ratis-common-2.1.0-03f3b68-SNAPSHOT.jar:/home/runner/.m2/repository/org/apache/ratis/ratis-thirdparty-misc/0.7.0/ratis-thirdparty-misc-0.7.0.jar:/home/runner/.m2/repository/org/apache/ratis/ratis-proto/2.1.0-03f3b68-SNAPSHOT/ratis-proto-2.1.0-03f3b68-SNAPSHOT.jar:"/>
    <property name="sun.cpu.endian" value="little"/>
    <property name="user.home" value="/home/runner"/>
    <property name="user.language" value="en"/>
    <property name="java.specification.vendor" value="Oracle Corporation"/>
    <property name="java.home" value="/usr/lib/jvm/adoptopenjdk-8-hotspot-amd64/jre"/>
    <property name="java.security.krb5.conf" value="/home/runner/work/ozone/ozone/hadoop-ozone/integration-test/target/test-classes/krb5.conf"/>
    <property name="basedir" value="/home/runner/work/ozone/ozone/hadoop-ozone/integration-test"/>
    <property name="file.separator" value="/"/>
    <property name="line.separator" value="&#10;"/>
    <property name="java.vm.specification.vendor" value="Oracle Corporation"/>
    <property name="java.specification.name" value="Java Platform API Specification"/>
    <property name="java.awt.graphicsenv" value="sun.awt.X11GraphicsEnvironment"/>
    <property name="skip.installnpx" value="true"/>
    <property name="surefire.real.class.path" value="/home/runner/work/ozone/ozone/hadoop-ozone/integration-test/target/surefire/surefirebooter4871920829649305463.jar:/home/runner/.m2/repository/org/jacoco/org.jacoco.agent/0.8.5/org.jacoco.agent-0.8.5-runtime.jar"/>
    <property name="hadoop.log.dir" value="/home/runner/work/ozone/ozone/hadoop-ozone/integration-test/target/log"/>
    <property name="sun.boot.class.path" value="/usr/lib/jvm/adoptopenjdk-8-hotspot-amd64/jre/lib/resources.jar:/usr/lib/jvm/adoptopenjdk-8-hotspot-amd64/jre/lib/rt.jar:/usr/lib/jvm/adoptopenjdk-8-hotspot-amd64/jre/lib/sunrsasign.jar:/usr/lib/jvm/adoptopenjdk-8-hotspot-amd64/jre/lib/jsse.jar:/usr/lib/jvm/adoptopenjdk-8-hotspot-amd64/jre/lib/jce.jar:/usr/lib/jvm/adoptopenjdk-8-hotspot-amd64/jre/lib/charsets.jar:/usr/lib/jvm/adoptopenjdk-8-hotspot-amd64/jre/lib/jfr.jar:/usr/lib/jvm/adoptopenjdk-8-hotspot-amd64/jre/classes"/>
    <property name="sun.management.compiler" value="HotSpot 64-Bit Tiered Compilers"/>
    <property name="skip.npx" value="true"/>
    <property name="java.runtime.version" value="1.8.0_292-b10"/>
    <property name="java.net.preferIPv4Stack" value="true"/>
    <property name="user.name" value="runner"/>
    <property name="path.separator" value=":"/>
    <property name="java.security.egd" value="file:///dev/urandom"/>
    <property name="os.version" value="5.4.0-1059-azure"/>
    <property name="java.endorsed.dirs" value="/usr/lib/jvm/adoptopenjdk-8-hotspot-amd64/jre/lib/endorsed"/>
    <property name="java.runtime.name" value="OpenJDK Runtime Environment"/>
    <property name="file.encoding" value="UTF-8"/>
    <property name="java.vm.name" value="OpenJDK 64-Bit Server VM"/>
    <property name="test.build.webapps" value=""/>
    <property name="localRepository" value="/home/runner/.m2/repository"/>
    <property name="java.vendor.url.bug" value="https://github.com/AdoptOpenJDK/openjdk-support/issues"/>
    <property name="java.io.tmpdir" value="/tmp"/>
    <property name="require.test.libhadoop" value=""/>
    <property name="java.version" value="1.8.0_292"/>
    <property name="user.dir" value="/home/runner/work/ozone/ozone/hadoop-ozone/integration-test"/>
    <property name="os.arch" value="amd64"/>
    <property name="java.vm.specification.name" value="Java Virtual Machine Specification"/>
    <property name="test.build.classes" value="/home/runner/work/ozone/ozone/hadoop-ozone/integration-test/target/test-classes"/>
    <property name="java.awt.printerjob" value="sun.print.PSPrinterJob"/>
    <property name="sun.os.patch.level" value="unknown"/>
    <property name="hadoop.tmp.dir" value="/home/runner/work/ozone/ozone/hadoop-ozone/integration-test/target/tmp"/>
    <property name="java.library.path" value="/usr/java/packages/lib/amd64:/usr/lib64:/lib64:/lib:/usr/lib"/>
    <property name="java.vm.info" value="mixed mode"/>
    <property name="java.vendor" value="AdoptOpenJDK"/>
    <property name="java.vm.version" value="25.292-b10"/>
    <property name="java.ext.dirs" value="/usr/lib/jvm/adoptopenjdk-8-hotspot-amd64/jre/lib/ext:/usr/java/packages/lib/ext"/>
    <property name="sun.io.unicode.encoding" value="UnicodeLittle"/>
    <property name="java.class.version" value="52.0"/>
  </properties>
  <testcase name="testMultipleDataDirs" classname="org.apache.hadoop.ozone.TestMiniOzoneCluster" time="21.787"/>
  <testcase name="testStartMultipleDatanodes" classname="org.apache.hadoop.ozone.TestMiniOzoneCluster" time="76.297">
    <error message="test timed out after 60000 milliseconds" type="org.junit.runners.model.TestTimedOutException">org.junit.runners.model.TestTimedOutException: test timed out after 60000 milliseconds
	at java.lang.Thread.sleep(Native Method)
	at org.apache.ozone.test.GenericTestUtils.waitFor(GenericTestUtils.java:218)
	at org.apache.hadoop.ozone.MiniOzoneClusterImpl.waitForClusterToBeReady(MiniOzoneClusterImpl.java:228)
	at org.apache.hadoop.ozone.TestMiniOzoneCluster.testStartMultipleDatanodes(TestMiniOzoneCluster.java:117)
	at sun.reflect.NativeMethodAccessorImpl.invoke0(Native Method)
	at sun.reflect.NativeMethodAccessorImpl.invoke(NativeMethodAccessorImpl.java:62)
	at sun.reflect.DelegatingMethodAccessorImpl.invoke(DelegatingMethodAccessorImpl.java:43)
	at java.lang.reflect.Method.invoke(Method.java:498)
	at org.junit.runners.model.FrameworkMethod$1.runReflectiveCall(FrameworkMethod.java:59)
	at org.junit.internal.runners.model.ReflectiveCallable.run(ReflectiveCallable.java:12)
	at org.junit.runners.model.FrameworkMethod.invokeExplosively(FrameworkMethod.java:56)
	at org.junit.internal.runners.statements.InvokeMethod.evaluate(InvokeMethod.java:17)
	at org.junit.internal.runners.statements.FailOnTimeout$CallableStatement.call(FailOnTimeout.java:288)
	at org.junit.internal.runners.statements.FailOnTimeout$CallableStatement.call(FailOnTimeout.java:282)
	at java.util.concurrent.FutureTask.run(FutureTask.java:266)
	at java.lang.Thread.run(Thread.java:748)
</error>
    <system-out><![CDATA[2021-10-01 16:55:03,980 [Time-limited test] WARN  server.ServerUtils (ServerUtils.java:getScmDbDir(148)) - ozone.scm.db.dirs is not configured. We recommend adding this setting. Falling back to ozone.metadata.dirs instead.
2021-10-01 16:55:03,984 [Time-limited test] INFO  ha.SCMHANodeDetails (SCMHANodeDetails.java:loadSCMHAConfig(157)) - ServiceID for StorageContainerManager is null
2021-10-01 16:55:03,984 [Time-limited test] INFO  ha.SCMHANodeDetails (SCMHANodeDetails.java:loadSCMHAConfig(162)) - ozone.scm.default.service.id is not defined, falling back to ozone.scm.service.ids to find serviceID for StorageContainerManager if it is HA enabled cluster
2021-10-01 16:55:03,985 [Time-limited test] WARN  server.ServerUtils (ServerUtils.java:getScmDbDir(148)) - ozone.scm.db.dirs is not configured. We recommend adding this setting. Falling back to ozone.metadata.dirs instead.
2021-10-01 16:55:03,985 [Time-limited test] INFO  upgrade.AbstractLayoutVersionManager (AbstractLayoutVersionManager.java:init(79)) - Initializing Layout version manager with metadata layout = SCM_HA (version = 2), software layout = SCM_HA (version = 2)
2021-10-01 16:55:04,061 [Time-limited test] INFO  reflections.Reflections (Reflections.java:scan(232)) - Reflections took 74 ms to scan 7 urls, producing 119 keys and 275 values 
2021-10-01 16:55:04,068 [Time-limited test] WARN  utils.HAUtils (HAUtils.java:getMetaDir(342)) - ozone.scm.db.dirs is not configured. We recommend adding this setting. Falling back to ozone.metadata.dirs instead.
2021-10-01 16:55:04,076 [Time-limited test] WARN  db.DBStoreBuilder (DBStoreBuilder.java:applyDBDefinition(145)) - ozone.scm.db.dirs is not configured. We recommend adding this setting. Falling back to ozone.metadata.dirs instead.
2021-10-01 16:55:04,192 [Time-limited test] INFO  net.NodeSchemaLoader (NodeSchemaLoader.java:loadSchemaFromFile(129)) - Loading schema from [jar:file:/home/runner/.m2/repository/org/apache/ozone/hdds-common/1.2.0-SNAPSHOT/hdds-common-1.2.0-SNAPSHOT.jar!/network-topology-default.xml]
2021-10-01 16:55:04,192 [Time-limited test] INFO  net.NodeSchemaLoader (NodeSchemaLoader.java:loadSchema(176)) - Loading network topology layer schema file
2021-10-01 16:55:04,196 [Time-limited test] INFO  ha.SequenceIdGenerator (SequenceIdGenerator.java:upgradeToSequenceId(347)) - upgrade localId to 107544261427200000
2021-10-01 16:55:04,196 [Time-limited test] INFO  ha.SequenceIdGenerator (SequenceIdGenerator.java:upgradeToSequenceId(357)) - upgrade delTxnId to 0
2021-10-01 16:55:04,196 [Time-limited test] INFO  ha.SequenceIdGenerator (SequenceIdGenerator.java:upgradeToSequenceId(371)) - upgrade containerId to 0
2021-10-01 16:55:04,196 [Time-limited test] INFO  ha.SequenceIdGenerator (SequenceIdGenerator.java:<init>(218)) - Init the HA SequenceIdGenerator.
2021-10-01 16:55:04,197 [Time-limited test] WARN  server.ServerUtils (ServerUtils.java:sanitizeUserArgs(73)) - ozone.scm.stale.node.interval value = 300000 is larger than max = 100000 based on the key value of ozone.scm.heartbeat.thread.interval, reset to the max value 100000.
2021-10-01 16:55:04,197 [Time-limited test] WARN  server.ServerUtils (ServerUtils.java:sanitizeUserArgs(73)) - ozone.scm.stale.node.interval value = 300000 is larger than max = 100000 based on the key value of ozone.scm.heartbeat.thread.interval, reset to the max value 100000.
2021-10-01 16:55:04,198 [Time-limited test] INFO  node.SCMNodeManager (SCMNodeManager.java:<init>(144)) - Entering startup safe mode.
2021-10-01 16:55:04,198 [Time-limited test] INFO  algorithms.ContainerPlacementPolicyFactory (ContainerPlacementPolicyFactory.java:getPolicy(60)) - Create container placement policy of type org.apache.hadoop.hdds.scm.container.placement.algorithms.SCMContainerPlacementRandom
2021-10-01 16:55:04,198 [Time-limited test] INFO  pipeline.PipelineStateManagerImpl (PipelineStateManagerImpl.java:initialize(78)) - No pipeline exists in current db
2021-10-01 16:55:04,199 [Time-limited test] INFO  algorithms.LeaderChoosePolicyFactory (LeaderChoosePolicyFactory.java:getPolicy(57)) - Create leader choose policy of type org.apache.hadoop.hdds.scm.pipeline.leader.choose.algorithms.MinLeaderCountChoosePolicy
2021-10-01 16:55:04,200 [Time-limited test] INFO  ha.SCMServiceManager (SCMServiceManager.java:register(43)) - Registering service BackgroundPipelineCreator.
2021-10-01 16:55:04,200 [Time-limited test] INFO  pipeline.BackgroundPipelineCreator (BackgroundPipelineCreatorV2.java:start(130)) - Starting RatisPipelineUtilsThread.
2021-10-01 16:55:04,204 [Time-limited test] INFO  algorithms.PipelineChoosePolicyFactory (PipelineChoosePolicyFactory.java:createPipelineChoosePolicyFromClass(73)) - Create pipeline choose policy of type org.apache.hadoop.hdds.scm.pipeline.choose.algorithms.RandomPipelineChoosePolicy
2021-10-01 16:55:04,204 [Time-limited test] INFO  ha.SCMServiceManager (SCMServiceManager.java:register(43)) - Registering service SCMBlockDeletingService.
2021-10-01 16:55:04,204 [Time-limited test] INFO  ha.SCMServiceManager (SCMServiceManager.java:register(43)) - Registering service ReplicationManager.
2021-10-01 16:55:04,205 [Time-limited test] INFO  container.ReplicationManager (ReplicationManager.java:start(319)) - Starting Replication Monitor Thread.
2021-10-01 16:55:04,207 [Time-limited test] INFO  safemode.ContainerSafeModeRule (ContainerSafeModeRule.java:<init>(89)) - containers with one replica threshold count 0
2021-10-01 16:55:04,208 [Time-limited test] INFO  safemode.HealthyPipelineSafeModeRule (HealthyPipelineSafeModeRule.java:initializeRule(156)) - Total pipeline count is 0, healthy pipeline threshold count is 1
2021-10-01 16:55:04,208 [Time-limited test] INFO  safemode.OneReplicaPipelineSafeModeRule (OneReplicaPipelineSafeModeRule.java:initializeRule(180)) - Total pipeline count is 0, pipeline's with at least one datanode reported threshold count is 0
2021-10-01 16:55:04,209 [Time-limited test] INFO  ipc.CallQueueManager (CallQueueManager.java:<init>(90)) - Using callQueue: class java.util.concurrent.LinkedBlockingQueue, queueCapacity: 2000, scheduler: class org.apache.hadoop.ipc.DefaultRpcScheduler, ipcBackoff: false.
2021-10-01 16:55:04,211 [ReplicationMonitor] INFO  container.ReplicationManager (ReplicationManager.java:processAll(371)) - Replication Monitor Thread took 0 milliseconds for processing 0 containers.
2021-10-01 16:55:04,215 [Socket Reader #1 for port 0] INFO  ipc.Server (Server.java:run(1265)) - Starting Socket Reader #1 for port 0
2021-10-01 16:55:04,228 [Listener at 0.0.0.0/44767] INFO  ipc.CallQueueManager (CallQueueManager.java:<init>(90)) - Using callQueue: class java.util.concurrent.LinkedBlockingQueue, queueCapacity: 2000, scheduler: class org.apache.hadoop.ipc.DefaultRpcScheduler, ipcBackoff: false.
2021-10-01 16:55:04,231 [Socket Reader #1 for port 0] INFO  ipc.Server (Server.java:run(1265)) - Starting Socket Reader #1 for port 0
2021-10-01 16:55:04,239 [Listener at 0.0.0.0/33957] INFO  ipc.CallQueueManager (CallQueueManager.java:<init>(90)) - Using callQueue: class java.util.concurrent.LinkedBlockingQueue, queueCapacity: 2000, scheduler: class org.apache.hadoop.ipc.DefaultRpcScheduler, ipcBackoff: false.
2021-10-01 16:55:04,247 [Socket Reader #1 for port 0] INFO  ipc.Server (Server.java:run(1265)) - Starting Socket Reader #1 for port 0
2021-10-01 16:55:04,290 [Listener at 0.0.0.0/43853] INFO  algorithms.ContainerPlacementPolicyFactory (ContainerPlacementPolicyFactory.java:getPolicy(60)) - Create container placement policy of type org.apache.hadoop.hdds.scm.container.placement.algorithms.SCMContainerPlacementRandom
2021-10-01 16:55:04,295 [Listener at 0.0.0.0/43853] INFO  server.StorageContainerManager (StorageContainerManager.java:<init>(388)) - 
Container Balancer status:
Key                            Value
Running                        false
Container Balancer Configuration values:
Key                                                Value
Threshold                                          0.1
Max Datanodes to Involve per Iteration(ratio)      0.2
Max Size to Move per Iteration                     32212254720B

2021-10-01 16:55:04,295 [Listener at 0.0.0.0/43853] WARN  events.EventQueue (EventQueue.java:fireEvent(194)) - No event handler registered for event TypedEvent{payloadType=SafeModeStatus, name='Safe mode status'}
2021-10-01 16:55:04,296 [Listener at 0.0.0.0/43853] INFO  ha.SCMContext (SCMContext.java:updateSafeModeStatus(205)) - Update SafeModeStatus from SafeModeStatus{safeModeStatus=true, preCheckPassed=false} to SafeModeStatus{safeModeStatus=true, preCheckPassed=false}.
2021-10-01 16:55:04,297 [Listener at 0.0.0.0/43853] INFO  server.StorageContainerManager (StorageContainerManager.java:start(1303)) - StorageContainerLocationProtocol RPC server is listening at /0.0.0.0:43853
2021-10-01 16:55:04,298 [Listener at 0.0.0.0/43853] WARN  impl.MetricsConfig (MetricsConfig.java:loadFirst(136)) - Cannot locate configuration: tried hadoop-metrics2-storagecontainermanager.properties,hadoop-metrics2.properties
2021-10-01 16:55:04,303 [Listener at 0.0.0.0/43853] INFO  impl.MetricsSystemImpl (MetricsSystemImpl.java:startTimer(378)) - Scheduled Metric snapshot period at 10 second(s).
2021-10-01 16:55:04,303 [Listener at 0.0.0.0/43853] INFO  impl.MetricsSystemImpl (MetricsSystemImpl.java:start(191)) - StorageContainerManager metrics system started
2021-10-01 16:55:04,319 [Listener at 0.0.0.0/43853] INFO  impl.MetricsSinkAdapter (MetricsSinkAdapter.java:start(204)) - Sink prometheus started
2021-10-01 16:55:04,323 [Listener at 0.0.0.0/43853] INFO  impl.MetricsSystemImpl (MetricsSystemImpl.java:registerSink(305)) - Registered sink prometheus
2021-10-01 16:55:04,344 [Listener at 0.0.0.0/43853] INFO  server.SCMClientProtocolServer (SCMClientProtocolServer.java:start(164)) - RPC server for Client  is listening at /0.0.0.0:43853
2021-10-01 16:55:04,351 [IPC Server Responder] INFO  ipc.Server (Server.java:run(1507)) - IPC Server Responder: starting
2021-10-01 16:55:04,351 [IPC Server listener on 0] INFO  ipc.Server (Server.java:run(1344)) - IPC Server listener on 0: starting
2021-10-01 16:55:04,363 [Listener at 0.0.0.0/43853] INFO  server.StorageContainerManager (StorageContainerManager.java:start(1318)) - ScmBlockLocationProtocol RPC server is listening at /0.0.0.0:33957
2021-10-01 16:55:04,364 [Listener at 0.0.0.0/43853] INFO  server.SCMBlockProtocolServer (SCMBlockProtocolServer.java:start(151)) - RPC server for Block Protocol is listening at /0.0.0.0:33957
2021-10-01 16:55:04,364 [IPC Server Responder] INFO  ipc.Server (Server.java:run(1507)) - IPC Server Responder: starting
2021-10-01 16:55:04,365 [IPC Server listener on 0] INFO  ipc.Server (Server.java:run(1344)) - IPC Server listener on 0: starting
2021-10-01 16:55:04,368 [Listener at 0.0.0.0/43853] INFO  server.StorageContainerManager (StorageContainerManager.java:start(1324)) - ScmDatanodeProtocl RPC server is listening at /0.0.0.0:44767
2021-10-01 16:55:04,368 [Listener at 0.0.0.0/43853] INFO  server.SCMDatanodeProtocolServer (SCMDatanodeProtocolServer.java:start(181)) - RPC server for DataNodes is listening at /0.0.0.0:44767
2021-10-01 16:55:04,369 [IPC Server Responder] INFO  ipc.Server (Server.java:run(1507)) - IPC Server Responder: starting
2021-10-01 16:55:04,370 [IPC Server listener on 0] INFO  ipc.Server (Server.java:run(1344)) - IPC Server listener on 0: starting
2021-10-01 16:55:04,379 [org.apache.hadoop.util.JvmPauseMonitor$Monitor@a37639a] INFO  util.JvmPauseMonitor (JvmPauseMonitor.java:run(188)) - Starting JVM pause monitor
2021-10-01 16:55:04,380 [Listener at 0.0.0.0/43853] INFO  http.BaseHttpServer (BaseHttpServer.java:newHttpServer2BuilderForOzone(209)) - Starting Web-server for scm at: http://0.0.0.0:0
2021-10-01 16:55:04,381 [Listener at 0.0.0.0/43853] INFO  http.BaseHttpServer (BaseHttpServer.java:<init>(107)) - Hadoop Security Enabled: false Ozone Security Enabled: false Ozone HTTP Security Enabled: false 
2021-10-01 16:55:04,382 [Listener at 0.0.0.0/43853] INFO  server.AuthenticationFilter (AuthenticationFilter.java:constructSecretProvider(240)) - Unable to initialize FileSignerSecretProvider, falling back to use random secrets.
2021-10-01 16:55:04,385 [Listener at 0.0.0.0/43853] WARN  http.HttpRequestLog (HttpRequestLog.java:getRequestLog(103)) - Jetty request log can only be enabled using Log4j
2021-10-01 16:55:04,386 [Listener at 0.0.0.0/43853] INFO  http.HttpServer2 (HttpServer2.java:addGlobalFilter(1030)) - Added global filter 'safety' (class=org.apache.hadoop.hdds.server.http.HttpServer2$QuotingInputFilter)
2021-10-01 16:55:04,387 [Listener at 0.0.0.0/43853] INFO  http.HttpServer2 (HttpServer2.java:addFilter(1006)) - Added filter static_user_filter (class=org.apache.hadoop.http.lib.StaticUserWebFilter$StaticUserFilter) to context scm
2021-10-01 16:55:04,387 [Listener at 0.0.0.0/43853] INFO  http.HttpServer2 (HttpServer2.java:addFilter(1014)) - Added filter static_user_filter (class=org.apache.hadoop.http.lib.StaticUserWebFilter$StaticUserFilter) to context static
2021-10-01 16:55:04,387 [Listener at 0.0.0.0/43853] INFO  http.HttpServer2 (HttpServer2.java:addFilter(1014)) - Added filter static_user_filter (class=org.apache.hadoop.http.lib.StaticUserWebFilter$StaticUserFilter) to context logs
2021-10-01 16:55:04,387 [Listener at 0.0.0.0/43853] INFO  http.HttpServer2 (HttpServer2.java:bindListener(1249)) - Jetty bound to port 35691
2021-10-01 16:55:04,387 [Listener at 0.0.0.0/43853] INFO  server.Server (Server.java:doStart(375)) - jetty-9.4.43.v20210629; built: 2021-06-30T11:07:22.254Z; git: 526006ecfa3af7f1a27ef3a288e2bef7ea9dd7e8; jvm 1.8.0_292-b10
2021-10-01 16:55:04,394 [Listener at 0.0.0.0/43853] INFO  server.session (DefaultSessionIdManager.java:doStart(334)) - DefaultSessionIdManager workerName=node0
2021-10-01 16:55:04,394 [Listener at 0.0.0.0/43853] INFO  server.session (DefaultSessionIdManager.java:doStart(339)) - No SessionScavenger set, using defaults
2021-10-01 16:55:04,394 [Listener at 0.0.0.0/43853] INFO  server.session (HouseKeeper.java:startScavenging(132)) - node0 Scavenging every 660000ms
2021-10-01 16:55:04,395 [Listener at 0.0.0.0/43853] INFO  handler.ContextHandler (ContextHandler.java:doStart(915)) - Started o.e.j.s.ServletContextHandler@103a3a5d{logs,/logs,file:///home/runner/work/ozone/ozone/hadoop-ozone/integration-test/target/log,AVAILABLE}
2021-10-01 16:55:04,396 [Listener at 0.0.0.0/43853] INFO  handler.ContextHandler (ContextHandler.java:doStart(915)) - Started o.e.j.s.ServletContextHandler@317cfd0f{static,/static,file:///home/runner/work/ozone/ozone/hadoop-ozone/integration-test/target/test-classes/webapps/static,AVAILABLE}
2021-10-01 16:55:04,403 [Listener at 0.0.0.0/43853] INFO  handler.ContextHandler (ContextHandler.java:doStart(915)) - Started o.e.j.w.WebAppContext@3545b018{scm,/,file:///home/runner/work/ozone/ozone/hadoop-ozone/integration-test/target/test-classes/webapps/scm/,AVAILABLE}{file:/home/runner/work/ozone/ozone/hadoop-ozone/integration-test/target/test-classes/webapps/scm}
2021-10-01 16:55:04,410 [Listener at 0.0.0.0/43853] INFO  server.AbstractConnector (AbstractConnector.java:doStart(331)) - Started ServerConnector@62d1f9b1{HTTP/1.1, (http/1.1)}{0.0.0.0:35691}
2021-10-01 16:55:04,410 [Listener at 0.0.0.0/43853] INFO  server.Server (Server.java:doStart(415)) - Started @23510ms
2021-10-01 16:55:04,410 [Listener at 0.0.0.0/43853] WARN  impl.MetricsSystemImpl (MetricsSystemImpl.java:register(279)) - Sink prometheus already exists!
2021-10-01 16:55:04,410 [Listener at 0.0.0.0/43853] INFO  http.BaseHttpServer (BaseHttpServer.java:updateConnectorAddress(329)) - HTTP server of scm listening at http://0.0.0.0:35691
2021-10-01 16:55:04,411 [Listener at 0.0.0.0/43853] WARN  server.ServerUtils (ServerUtils.java:getDBPath(225)) - ozone.om.db.dirs is not configured. We recommend adding this setting. Falling back to ozone.metadata.dirs instead.
2021-10-01 16:55:04,413 [Listener at 0.0.0.0/43853] INFO  ha.OMHANodeDetails (OMHANodeDetails.java:loadOMHAConfig(112)) - ozone.om.internal.service.id is not defined, falling back to ozone.om.service.ids to find serviceID for OzoneManager if it is HA enabled cluster
2021-10-01 16:55:04,413 [Listener at 0.0.0.0/43853] INFO  ha.OMHANodeDetails (OMHANodeDetails.java:loadOMHAConfig(219)) - Configuration does not have ozone.om.address set. Falling back to the default OM address /127.0.0.1:0
2021-10-01 16:55:04,413 [Listener at 0.0.0.0/43853] INFO  ha.OMHANodeDetails (OMHANodeDetails.java:getOMNodeDetails(247)) - OM Service ID is not set. Setting it to the default ID: omServiceIdDefault
2021-10-01 16:55:04,413 [Listener at 0.0.0.0/43853] INFO  ha.OMHANodeDetails (OMHANodeDetails.java:getOMNodeDetails(254)) - OM Node ID is not set. Setting it to the default ID: om1
2021-10-01 16:55:04,413 [Listener at 0.0.0.0/43853] WARN  server.ServerUtils (ServerUtils.java:getDBPath(225)) - ozone.om.db.dirs is not configured. We recommend adding this setting. Falling back to ozone.metadata.dirs instead.
2021-10-01 16:55:04,414 [Listener at 0.0.0.0/43853] INFO  upgrade.AbstractLayoutVersionManager (AbstractLayoutVersionManager.java:init(79)) - Initializing Layout version manager with metadata layout = INITIAL_VERSION (version = 0), software layout = INITIAL_VERSION (version = 0)
2021-10-01 16:55:04,480 [Listener at 0.0.0.0/43853] INFO  reflections.Reflections (Reflections.java:scan(232)) - Reflections took 66 ms to scan 2 urls, producing 131 keys and 342 values [using 2 cores]
2021-10-01 16:55:04,481 [Listener at 0.0.0.0/43853] INFO  upgrade.OMLayoutVersionManager (OMLayoutVersionManager.java:lambda$0(115)) - Skipping Upgrade Action MockOmUpgradeAction since it has been finalized.
2021-10-01 16:55:04,481 [Listener at 0.0.0.0/43853] WARN  server.ServerUtils (ServerUtils.java:getDBPath(225)) - ozone.om.db.dirs is not configured. We recommend adding this setting. Falling back to ozone.metadata.dirs instead.
2021-10-01 16:55:04,495 [Listener at 0.0.0.0/43853] WARN  server.ServerUtils (ServerUtils.java:getDBPath(225)) - ozone.om.db.dirs is not configured. We recommend adding this setting. Falling back to ozone.metadata.dirs instead.
2021-10-01 16:55:04,496 [Listener at 0.0.0.0/43853] INFO  codec.OmKeyInfoCodec (OmKeyInfoCodec.java:<init>(51)) - OmKeyInfoCodec ignorePipeline = true
2021-10-01 16:55:04,496 [Listener at 0.0.0.0/43853] INFO  codec.RepeatedOmKeyInfoCodec (RepeatedOmKeyInfoCodec.java:<init>(42)) - RepeatedOmKeyInfoCodec ignorePipeline = true
2021-10-01 16:55:04,622 [Listener at 0.0.0.0/43853] INFO  om.OzoneManager (OzoneManager.java:addS3GVolumeToDB(4127)) - Created Volume s3v With Owner runner required for S3Gateway operations.
2021-10-01 16:55:04,623 [Listener at 0.0.0.0/43853] WARN  server.ServerUtils (ServerUtils.java:getDefaultRatisDirectory(237)) - Storage directory for Ratis is not configured. It is a good idea to map this to an SSD disk. Falling back to ozone.metadata.dirs
2021-10-01 16:55:04,623 [Listener at 0.0.0.0/43853] WARN  utils.OzoneManagerRatisUtils (OzoneManagerRatisUtils.java:getOMRatisSnapshotDirectory(435)) - ozone.om.ratis.snapshot.dir is not configured. Falling back to ozone.metadata.dirs config
2021-10-01 16:55:04,623 [Listener at 0.0.0.0/43853] WARN  server.ServerUtils (ServerUtils.java:getDefaultRatisDirectory(237)) - Storage directory for Ratis is not configured. It is a good idea to map this to an SSD disk. Falling back to ozone.metadata.dirs
2021-10-01 16:55:04,625 [Listener at 0.0.0.0/43853] INFO  ratis.OzoneManagerRatisServer (OzoneManagerRatisServer.java:<init>(158)) - Instantiating OM Ratis server with groupID: omServiceIdDefault and peers: localhost:9872
2021-10-01 16:55:04,625 [Listener at 0.0.0.0/43853] INFO  ratis.OzoneManagerStateMachine (OzoneManagerStateMachine.java:loadSnapshotInfoFromDB(605)) - LastAppliedIndex is set from TransactionInfo from OM DB as (t:0, i:~)
2021-10-01 16:55:04,626 [Listener at 0.0.0.0/43853] INFO  server.RaftServer (ConfUtils.java:logGet(44)) - raft.rpc.type = GRPC (default)
2021-10-01 16:55:04,627 [Listener at 0.0.0.0/43853] INFO  grpc.GrpcFactory (GrpcFactory.java:checkPooledByteBufAllocatorUseCacheForAllThreads(48)) - PERFORMANCE WARNING: useCacheForAllThreads is true that may cause Netty to create a lot garbage objects and, as a result, trigger GC.
	It is recommended to disable useCacheForAllThreads by setting -Dorg.apache.ratis.thirdparty.io.netty.allocator.useCacheForAllThreads=false in command line.
2021-10-01 16:55:04,628 [Listener at 0.0.0.0/43853] INFO  grpc.GrpcConfigKeys (ConfUtils.java:logGet(44)) - raft.grpc.admin.port = -1 (default)
2021-10-01 16:55:04,628 [Listener at 0.0.0.0/43853] INFO  grpc.GrpcConfigKeys (ConfUtils.java:logGet(44)) - raft.grpc.server.port = 9872 (custom)
2021-10-01 16:55:04,628 [Listener at 0.0.0.0/43853] INFO  grpc.GrpcConfigKeys (ConfUtils.java:logGet(44)) - raft.grpc.client.port = -1 (default)
2021-10-01 16:55:04,628 [Listener at 0.0.0.0/43853] INFO  grpc.GrpcConfigKeys (ConfUtils.java:logGet(44)) - raft.grpc.server.port = 9872 (custom)
2021-10-01 16:55:04,628 [Listener at 0.0.0.0/43853] INFO  grpc.GrpcConfigKeys (ConfUtils.java:logGet(44)) - raft.grpc.server.port = 9872 (custom)
2021-10-01 16:55:04,628 [Listener at 0.0.0.0/43853] INFO  server.GrpcService (ConfUtils.java:logGet(44)) - raft.grpc.message.size.max = 33554432 (custom)
2021-10-01 16:55:04,628 [Listener at 0.0.0.0/43853] INFO  server.RaftServerConfigKeys (ConfUtils.java:logGet(44)) - raft.server.log.appender.buffer.byte-limit = 33554432 (custom)
2021-10-01 16:55:04,628 [Listener at 0.0.0.0/43853] INFO  server.GrpcService (ConfUtils.java:logGet(44)) - raft.grpc.flow.control.window = 1MB (=1048576) (default)
2021-10-01 16:55:04,628 [Listener at 0.0.0.0/43853] INFO  server.RaftServerConfigKeys (ConfUtils.java:logGet(44)) - raft.server.rpc.request.timeout = 3000ms (default)
2021-10-01 16:55:04,630 [Listener at 0.0.0.0/43853] INFO  impl.DataStreamServerImpl (ConfUtils.java:logGet(44)) - raft.datastream.type = DISABLED (default)
2021-10-01 16:55:04,630 [Listener at 0.0.0.0/43853] INFO  server.RaftServerConfigKeys (ConfUtils.java:logGet(44)) - raft.server.rpc.slowness.timeout = 120s (custom)
2021-10-01 16:55:04,630 [Listener at 0.0.0.0/43853] INFO  server.RaftServerConfigKeys (ConfUtils.java:logGet(44)) - raft.server.leaderelection.leader.step-down.wait-time = 10s (default)
2021-10-01 16:55:04,630 [Listener at 0.0.0.0/43853] INFO  server.RaftServerConfigKeys (ConfUtils.java:logGet(44)) - raft.server.storage.dir = [/home/runner/work/ozone/ozone/hadoop-ozone/integration-test/target/test-dir/MiniOzoneClusterImpl-def46c0d-8367-4b8c-99dd-0a1bf9c58634/ozone-meta/ratis] (custom)
2021-10-01 16:55:04,631 [Listener at 0.0.0.0/43853] INFO  server.RaftServer (RaftServerProxy.java:addNew(95)) - om1: addNew group-C5BA1605619E:[om1|rpc:localhost:9872|priority:0] returns group-C5BA1605619E:java.util.concurrent.CompletableFuture@58de3b99[Not completed]
2021-10-01 16:55:04,631 [Listener at 0.0.0.0/43853] INFO  om.OzoneManager (OzoneManager.java:initializeRatisServer(1585)) - OzoneManager Ratis server initialized at port 9872
2021-10-01 16:55:04,632 [Listener at 0.0.0.0/43853] INFO  ipc.CallQueueManager (CallQueueManager.java:<init>(90)) - Using callQueue: class java.util.concurrent.LinkedBlockingQueue, queueCapacity: 2000, scheduler: class org.apache.hadoop.ipc.DefaultRpcScheduler, ipcBackoff: false.
2021-10-01 16:55:04,633 [pool-109-thread-1] INFO  server.RaftServer$Division (RaftServerImpl.java:<init>(181)) - om1: new RaftServerImpl for group-C5BA1605619E:[om1|rpc:localhost:9872|priority:0] with OzoneManagerStateMachine:uninitialized
2021-10-01 16:55:04,643 [pool-109-thread-1] INFO  server.RaftServerConfigKeys (ConfUtils.java:logGet(44)) - raft.server.rpc.timeout.min = 1s (custom)
2021-10-01 16:55:04,643 [pool-109-thread-1] INFO  server.RaftServerConfigKeys (ConfUtils.java:logGet(44)) - raft.server.rpc.timeout.max = 1200ms (custom)
2021-10-01 16:55:04,644 [pool-109-thread-1] INFO  server.RaftServerConfigKeys (ConfUtils.java:logGet(44)) - raft.server.rpc.sleep.time = 25ms (default)
2021-10-01 16:55:04,644 [pool-109-thread-1] INFO  server.RaftServerConfigKeys (ConfUtils.java:logGet(44)) - raft.server.rpc.slowness.timeout = 120s (custom)
2021-10-01 16:55:04,644 [pool-109-thread-1] INFO  server.RaftServerConfigKeys (ConfUtils.java:logGet(44)) - raft.server.leaderelection.leader.step-down.wait-time = 10s (default)
2021-10-01 16:55:04,644 [pool-109-thread-1] INFO  server.RaftServerConfigKeys (ConfUtils.java:logGet(44)) - raft.server.sleep.deviation.threshold = 300ms (default)
2021-10-01 16:55:04,644 [pool-109-thread-1] INFO  server.RaftServerConfigKeys (ConfUtils.java:logGet(44)) - raft.server.log.appender.install.snapshot.enabled = false (custom)
2021-10-01 16:55:04,644 [pool-109-thread-1] INFO  server.RaftServer$Division (ServerState.java:<init>(105)) - om1@group-C5BA1605619E: ConfigurationManager, init=-1: [om1|rpc:localhost:9872|priority:0], old=null, confs=<EMPTY_MAP>
2021-10-01 16:55:04,644 [pool-109-thread-1] INFO  server.RaftServerConfigKeys (ConfUtils.java:logGet(44)) - raft.server.storage.dir = [/home/runner/work/ozone/ozone/hadoop-ozone/integration-test/target/test-dir/MiniOzoneClusterImpl-def46c0d-8367-4b8c-99dd-0a1bf9c58634/ozone-meta/ratis] (custom)
2021-10-01 16:55:04,644 [pool-109-thread-1] INFO  server.RaftServerConfigKeys (ConfUtils.java:logGet(44)) - raft.server.log.corruption.policy = EXCEPTION (default)
2021-10-01 16:55:04,644 [pool-109-thread-1] INFO  server.RaftServerConfigKeys (ConfUtils.java:logGet(44)) - raft.server.storage.free-space.min = 0MB (=0) (default)
2021-10-01 16:55:04,645 [pool-109-thread-1] INFO  storage.RaftStorageDirectory (RaftStorageDirectoryImpl.java:analyzeStorage(135)) - The storage directory /home/runner/work/ozone/ozone/hadoop-ozone/integration-test/target/test-dir/MiniOzoneClusterImpl-def46c0d-8367-4b8c-99dd-0a1bf9c58634/ozone-meta/ratis/bf265839-605b-3f16-9796-c5ba1605619e does not exist. Creating ...
2021-10-01 16:55:04,646 [Socket Reader #1 for port 0] INFO  ipc.Server (Server.java:run(1265)) - Starting Socket Reader #1 for port 0
2021-10-01 16:55:04,646 [pool-109-thread-1] INFO  storage.RaftStorageDirectory (RaftStorageDirectoryImpl.java:tryLock(230)) - Lock on /home/runner/work/ozone/ozone/hadoop-ozone/integration-test/target/test-dir/MiniOzoneClusterImpl-def46c0d-8367-4b8c-99dd-0a1bf9c58634/ozone-meta/ratis/bf265839-605b-3f16-9796-c5ba1605619e/in_use.lock acquired by nodename 26035@fv-az297-751
2021-10-01 16:55:04,648 [pool-109-thread-1] INFO  storage.RaftStorage (RaftStorageImpl.java:format(89)) - Storage directory /home/runner/work/ozone/ozone/hadoop-ozone/integration-test/target/test-dir/MiniOzoneClusterImpl-def46c0d-8367-4b8c-99dd-0a1bf9c58634/ozone-meta/ratis/bf265839-605b-3f16-9796-c5ba1605619e has been successfully formatted.
2021-10-01 16:55:04,649 [pool-109-thread-1] INFO  server.RaftServerConfigKeys (ConfUtils.java:logGet(44)) - raft.server.notification.no-leader.timeout = 120s (custom)
2021-10-01 16:55:04,649 [pool-109-thread-1] INFO  server.RaftServerConfigKeys (ConfUtils.java:logGet(44)) - raft.server.log.use.memory = false (default)
2021-10-01 16:55:04,649 [pool-109-thread-1] INFO  server.RaftServerConfigKeys (ConfUtils.java:logGet(44)) - raft.server.log.purge.gap = 1000000 (custom)
2021-10-01 16:55:04,649 [pool-109-thread-1] INFO  server.RaftServerConfigKeys (ConfUtils.java:logGet(44)) - raft.server.log.appender.buffer.byte-limit = 33554432 (custom)
2021-10-01 16:55:04,649 [pool-109-thread-1] INFO  server.RaftServerConfigKeys (ConfUtils.java:logGet(44)) - raft.server.log.segment.size.max = 4194304 (custom)
2021-10-01 16:55:04,650 [pool-109-thread-1] INFO  server.RaftServerConfigKeys (ConfUtils.java:logGet(44)) - raft.server.log.segment.cache.num.max = 2 (custom)
2021-10-01 16:55:04,650 [pool-109-thread-1] INFO  server.RaftServerConfigKeys (ConfUtils.java:logGet(44)) - raft.server.log.segment.cache.size.max = 200MB (=209715200) (default)
2021-10-01 16:55:04,650 [pool-109-thread-1] INFO  segmented.SegmentedRaftLogWorker (SegmentedRaftLogWorker.java:<init>(182)) - new om1@group-C5BA1605619E-SegmentedRaftLogWorker for RaftStorageImpl:Storage Directory /home/runner/work/ozone/ozone/hadoop-ozone/integration-test/target/test-dir/MiniOzoneClusterImpl-def46c0d-8367-4b8c-99dd-0a1bf9c58634/ozone-meta/ratis/bf265839-605b-3f16-9796-c5ba1605619e
2021-10-01 16:55:04,650 [pool-109-thread-1] INFO  server.RaftServerConfigKeys (ConfUtils.java:logGet(44)) - raft.server.log.queue.byte-limit = 64MB (=67108864) (default)
2021-10-01 16:55:04,650 [pool-109-thread-1] INFO  server.RaftServerConfigKeys (ConfUtils.java:logGet(44)) - raft.server.log.queue.element-limit = 4096 (default)
2021-10-01 16:55:04,650 [pool-109-thread-1] INFO  server.RaftServerConfigKeys (ConfUtils.java:logGet(44)) - raft.server.log.segment.size.max = 4194304 (custom)
2021-10-01 16:55:04,651 [pool-109-thread-1] INFO  server.RaftServerConfigKeys (ConfUtils.java:logGet(44)) - raft.server.log.preallocated.size = 4194304 (custom)
2021-10-01 16:55:04,651 [pool-109-thread-1] INFO  server.RaftServerConfigKeys (ConfUtils.java:logGet(44)) - raft.server.log.force.sync.num = 128 (default)
2021-10-01 16:55:04,651 [pool-109-thread-1] INFO  server.RaftServerConfigKeys (ConfUtils.java:logGet(44)) - raft.server.log.statemachine.data.sync = true (default)
2021-10-01 16:55:04,651 [pool-109-thread-1] INFO  server.RaftServerConfigKeys (ConfUtils.java:logGet(44)) - raft.server.log.statemachine.data.sync.timeout = 10s (default)
2021-10-01 16:55:04,651 [pool-109-thread-1] INFO  server.RaftServerConfigKeys (ConfUtils.java:logGet(44)) - raft.server.log.statemachine.data.sync.timeout.retry = -1 (default)
2021-10-01 16:55:04,652 [pool-109-thread-1] INFO  server.RaftServerConfigKeys (ConfUtils.java:logGet(44)) - raft.server.log.write.buffer.size = 64KB (=65536) (default)
2021-10-01 16:55:04,659 [pool-109-thread-1] INFO  server.RaftServerConfigKeys (ConfUtils.java:logGet(44)) - raft.server.log.statemachine.data.caching.enabled = false (default)
2021-10-01 16:55:04,660 [pool-109-thread-1] INFO  segmented.SegmentedRaftLogWorker (SegmentedRaftLogWorker.java:lambda$new$0(133)) - om1@group-C5BA1605619E-SegmentedRaftLogWorker: flushIndex: setUnconditionally 0 -> -1
2021-10-01 16:55:04,660 [pool-109-thread-1] INFO  segmented.SegmentedRaftLogWorker (SegmentedRaftLogWorker.java:lambda$new$0(133)) - om1@group-C5BA1605619E-SegmentedRaftLogWorker: safeCacheEvictIndex: setUnconditionally 0 -> -1
2021-10-01 16:55:04,668 [pool-109-thread-1] INFO  server.RaftServerConfigKeys (ConfUtils.java:logGet(44)) - raft.server.snapshot.auto.trigger.enabled = true (custom)
2021-10-01 16:55:04,668 [pool-109-thread-1] INFO  server.RaftServerConfigKeys (ConfUtils.java:logGet(44)) - raft.server.snapshot.auto.trigger.threshold = 400000 (default)
2021-10-01 16:55:04,668 [pool-109-thread-1] INFO  server.RaftServerConfigKeys (ConfUtils.java:logGet(44)) - raft.server.snapshot.retention.file.num = -1 (default)
2021-10-01 16:55:04,668 [pool-109-thread-1] INFO  server.RaftServerConfigKeys (ConfUtils.java:logGet(44)) - raft.server.log.purge.upto.snapshot.index = true (custom)
2021-10-01 16:55:04,668 [pool-109-thread-1] INFO  server.RaftServerConfigKeys (ConfUtils.java:logGet(44)) - raft.server.retrycache.expirytime = 300s (custom)
2021-10-01 16:55:04,668 [pool-109-thread-1] INFO  server.RaftServerConfigKeys (ConfUtils.java:logGet(44)) - raft.server.retrycache.statistics.expirytime = 100μs (default)
2021-10-01 16:55:04,682 [Listener at 127.0.0.1/36675] INFO  om.OzoneManager (OzoneManager.java:initFSOLayout(4333)) - Configured ozone.om.metadata.layout=SIMPLE and disabled optimized OM FS operations
2021-10-01 16:55:04,683 [Listener at 127.0.0.1/36675] INFO  impl.MetricsSystemImpl (MetricsSystemImpl.java:init(158)) - OzoneManager metrics system started (again)
2021-10-01 16:55:04,698 [Listener at 127.0.0.1/36675] INFO  om.OzoneManager (OzoneManager.java:start(1281)) - OzoneManager RPC server is listening at localhost/127.0.0.1:36675
2021-10-01 16:55:04,699 [Listener at 127.0.0.1/36675] INFO  ratis.OzoneManagerRatisServer (OzoneManagerRatisServer.java:start(516)) - Starting OzoneManagerRatisServer om1 at port 9872
2021-10-01 16:55:04,699 [Listener at 127.0.0.1/36675] INFO  server.RaftServer$Division (RaftServerImpl.java:start(296)) - om1@group-C5BA1605619E: start as a follower, conf=-1: [om1|rpc:localhost:9872|priority:0], old=null
2021-10-01 16:55:04,699 [Listener at 127.0.0.1/36675] INFO  server.RaftServer$Division (RaftServerImpl.java:setRole(285)) - om1@group-C5BA1605619E: changes role from      null to FOLLOWER at term 0 for startAsFollower
2021-10-01 16:55:04,699 [Listener at 127.0.0.1/36675] INFO  impl.RoleInfo (RoleInfo.java:updateAndGet(130)) - om1: start om1@group-C5BA1605619E-FollowerState
2021-10-01 16:55:04,699 [Listener at 127.0.0.1/36675] INFO  util.JmxRegister (JmxRegister.java:tryRegister(44)) - Successfully registered JMX Bean with object name Ratis:service=RaftServer,group=group-C5BA1605619E,id=om1
2021-10-01 16:55:04,703 [Listener at 127.0.0.1/36675] INFO  server.RaftServer (RaftServerProxy.java:lambda$start$5(374)) - om1: start RPC server
2021-10-01 16:55:04,705 [Listener at 127.0.0.1/36675] INFO  server.GrpcService (GrpcService.java:startImpl(253)) - om1: GrpcService started, listening on 9872
2021-10-01 16:55:04,707 [Listener at 127.0.0.1/36675] INFO  om.OzoneManager (OzoneManager.java:start(1299)) - Version File has different layout version (0) than OM DB (null). That is expected if this OM has never been finalized to a newer layout version.
2021-10-01 16:55:04,707 [org.apache.ratis.util.JvmPauseMonitor$$Lambda$531/955346937@39d34bde] INFO  util.JvmPauseMonitor (JvmPauseMonitor.java:run(103)) - JvmPauseMonitor-om1: Started
2021-10-01 16:55:04,715 [Listener at 127.0.0.1/36675] INFO  http.BaseHttpServer (BaseHttpServer.java:newHttpServer2BuilderForOzone(209)) - Starting Web-server for ozoneManager at: http://0.0.0.0:0
2021-10-01 16:55:04,715 [Listener at 127.0.0.1/36675] INFO  http.BaseHttpServer (BaseHttpServer.java:<init>(107)) - Hadoop Security Enabled: false Ozone Security Enabled: false Ozone HTTP Security Enabled: false 
2021-10-01 16:55:04,717 [Listener at 127.0.0.1/36675] INFO  server.AuthenticationFilter (AuthenticationFilter.java:constructSecretProvider(240)) - Unable to initialize FileSignerSecretProvider, falling back to use random secrets.
2021-10-01 16:55:04,719 [Listener at 127.0.0.1/36675] WARN  http.HttpRequestLog (HttpRequestLog.java:getRequestLog(103)) - Jetty request log can only be enabled using Log4j
2021-10-01 16:55:04,720 [Listener at 127.0.0.1/36675] INFO  http.HttpServer2 (HttpServer2.java:addGlobalFilter(1030)) - Added global filter 'safety' (class=org.apache.hadoop.hdds.server.http.HttpServer2$QuotingInputFilter)
2021-10-01 16:55:04,722 [Listener at 127.0.0.1/36675] INFO  http.HttpServer2 (HttpServer2.java:addFilter(1006)) - Added filter static_user_filter (class=org.apache.hadoop.http.lib.StaticUserWebFilter$StaticUserFilter) to context ozoneManager
2021-10-01 16:55:04,722 [Listener at 127.0.0.1/36675] INFO  http.HttpServer2 (HttpServer2.java:addFilter(1014)) - Added filter static_user_filter (class=org.apache.hadoop.http.lib.StaticUserWebFilter$StaticUserFilter) to context static
2021-10-01 16:55:04,722 [Listener at 127.0.0.1/36675] INFO  http.HttpServer2 (HttpServer2.java:addFilter(1014)) - Added filter static_user_filter (class=org.apache.hadoop.http.lib.StaticUserWebFilter$StaticUserFilter) to context logs
2021-10-01 16:55:04,724 [Listener at 127.0.0.1/36675] INFO  http.HttpServer2 (HttpServer2.java:bindListener(1249)) - Jetty bound to port 45227
2021-10-01 16:55:04,725 [Listener at 127.0.0.1/36675] INFO  server.Server (Server.java:doStart(375)) - jetty-9.4.43.v20210629; built: 2021-06-30T11:07:22.254Z; git: 526006ecfa3af7f1a27ef3a288e2bef7ea9dd7e8; jvm 1.8.0_292-b10
2021-10-01 16:55:04,727 [Listener at 127.0.0.1/36675] INFO  server.session (DefaultSessionIdManager.java:doStart(334)) - DefaultSessionIdManager workerName=node0
2021-10-01 16:55:04,727 [Listener at 127.0.0.1/36675] INFO  server.session (DefaultSessionIdManager.java:doStart(339)) - No SessionScavenger set, using defaults
2021-10-01 16:55:04,727 [Listener at 127.0.0.1/36675] INFO  server.session (HouseKeeper.java:startScavenging(132)) - node0 Scavenging every 600000ms
2021-10-01 16:55:04,729 [Listener at 127.0.0.1/36675] INFO  handler.ContextHandler (ContextHandler.java:doStart(915)) - Started o.e.j.s.ServletContextHandler@30e2c8c8{logs,/logs,file:///home/runner/work/ozone/ozone/hadoop-ozone/integration-test/target/log,AVAILABLE}
2021-10-01 16:55:04,729 [Listener at 127.0.0.1/36675] INFO  handler.ContextHandler (ContextHandler.java:doStart(915)) - Started o.e.j.s.ServletContextHandler@2b54f230{static,/static,file:///home/runner/work/ozone/ozone/hadoop-ozone/integration-test/target/test-classes/webapps/static,AVAILABLE}
2021-10-01 16:55:04,732 [Listener at 127.0.0.1/36675] INFO  handler.ContextHandler (ContextHandler.java:doStart(915)) - Started o.e.j.w.WebAppContext@651460fd{ozoneManager,/,file:///home/runner/work/ozone/ozone/hadoop-ozone/integration-test/target/test-classes/webapps/ozoneManager/,AVAILABLE}{file:/home/runner/work/ozone/ozone/hadoop-ozone/integration-test/target/test-classes/webapps/ozoneManager}
2021-10-01 16:55:04,743 [Listener at 127.0.0.1/36675] INFO  server.AbstractConnector (AbstractConnector.java:doStart(331)) - Started ServerConnector@56a1ec16{HTTP/1.1, (http/1.1)}{0.0.0.0:45227}
2021-10-01 16:55:04,744 [Listener at 127.0.0.1/36675] INFO  server.Server (Server.java:doStart(415)) - Started @23844ms
2021-10-01 16:55:04,744 [Listener at 127.0.0.1/36675] WARN  impl.MetricsSystemImpl (MetricsSystemImpl.java:register(279)) - Sink prometheus already exists!
2021-10-01 16:55:04,744 [Listener at 127.0.0.1/36675] INFO  http.BaseHttpServer (BaseHttpServer.java:updateConnectorAddress(329)) - HTTP server of ozoneManager listening at http://0.0.0.0:45227
2021-10-01 16:55:04,744 [IPC Server Responder] INFO  ipc.Server (Server.java:run(1507)) - IPC Server Responder: starting
2021-10-01 16:55:04,747 [IPC Server listener on 0] INFO  ipc.Server (Server.java:run(1344)) - IPC Server listener on 0: starting
2021-10-01 16:55:04,753 [Listener at 127.0.0.1/36675] INFO  om.OzoneManager (OzoneManager.java:startTrashEmptier(1543)) - Trash Interval set to 0. Files deleted will not move to trash
2021-10-01 16:55:04,760 [org.apache.hadoop.util.JvmPauseMonitor$Monitor@7211568c] INFO  util.JvmPauseMonitor (JvmPauseMonitor.java:run(188)) - Starting JVM pause monitor
2021-10-01 16:55:04,776 [Listener at 127.0.0.1/36675] WARN  impl.MetricRegistriesImpl (MetricRegistriesImpl.java:addReporterRegistration(111)) - New reporters are added after registries were created. Some metrics will be missing from the reporter. Please add reporter before adding any new registry.
2021-10-01 16:55:04,776 [Listener at 127.0.0.1/36675] WARN  impl.MetricRegistriesImpl (MetricRegistriesImpl.java:addReporterRegistration(111)) - New reporters are added after registries were created. Some metrics will be missing from the reporter. Please add reporter before adding any new registry.
2021-10-01 16:55:04,777 [Listener at 127.0.0.1/36675] INFO  impl.MetricsSystemImpl (MetricsSystemImpl.java:init(158)) - HddsDatanode metrics system started (again)
2021-10-01 16:55:04,791 [Listener at 127.0.0.1/36675] INFO  ozone.HddsDatanodeService (HddsDatanodeService.java:start(234)) - HddsDatanodeService host:fv-az297-751.nmf1rxwemy4u5di1sxxf4ejcwb.jx.internal.cloudapp.net ip:10.1.0.30
2021-10-01 16:55:04,841 [Listener at 127.0.0.1/36675] INFO  upgrade.AbstractLayoutVersionManager (AbstractLayoutVersionManager.java:init(79)) - Initializing Layout version manager with metadata layout = SCM_HA (version = 2), software layout = SCM_HA (version = 2)
2021-10-01 16:55:04,893 [Listener at 127.0.0.1/36675] INFO  reflections.Reflections (Reflections.java:scan(232)) - Reflections took 51 ms to scan 7 urls, producing 119 keys and 275 values 
2021-10-01 16:55:04,903 [Listener at 127.0.0.1/36675] INFO  volume.HddsVolume (HddsVolume.java:<init>(120)) - Creating HddsVolume: /home/runner/work/ozone/ozone/hadoop-ozone/integration-test/target/test-dir/MiniOzoneClusterImpl-def46c0d-8367-4b8c-99dd-0a1bf9c58634/datanode-0/data-0/containers/hdds of storage type : DISK capacity : 9223372036854775807
2021-10-01 16:55:04,904 [Listener at 127.0.0.1/36675] INFO  volume.MutableVolumeSet (MutableVolumeSet.java:initializeVolumeSet(168)) - Added Volume : /home/runner/work/ozone/ozone/hadoop-ozone/integration-test/target/test-dir/MiniOzoneClusterImpl-def46c0d-8367-4b8c-99dd-0a1bf9c58634/datanode-0/data-0/containers/hdds to VolumeSet
2021-10-01 16:55:04,904 [Listener at 127.0.0.1/36675] INFO  volume.ThrottledAsyncChecker (ThrottledAsyncChecker.java:schedule(141)) - Scheduling a check for /home/runner/work/ozone/ozone/hadoop-ozone/integration-test/target/test-dir/MiniOzoneClusterImpl-def46c0d-8367-4b8c-99dd-0a1bf9c58634/datanode-0/data-0/containers/hdds
2021-10-01 16:55:04,905 [Listener at 127.0.0.1/36675] INFO  volume.StorageVolumeChecker (StorageVolumeChecker.java:checkAllVolumes(202)) - Scheduled health check for volume /home/runner/work/ozone/ozone/hadoop-ozone/integration-test/target/test-dir/MiniOzoneClusterImpl-def46c0d-8367-4b8c-99dd-0a1bf9c58634/datanode-0/data-0/containers/hdds
2021-10-01 16:55:04,919 [Listener at 127.0.0.1/36675] INFO  volume.MutableVolumeSet (MutableVolumeSet.java:initializeVolumeSet(168)) - Added Volume : /home/runner/work/ozone/ozone/hadoop-ozone/integration-test/target/test-dir/MiniOzoneClusterImpl-def46c0d-8367-4b8c-99dd-0a1bf9c58634/datanode-0/data/ratis to VolumeSet
2021-10-01 16:55:04,919 [Listener at 127.0.0.1/36675] INFO  volume.ThrottledAsyncChecker (ThrottledAsyncChecker.java:schedule(141)) - Scheduling a check for /home/runner/work/ozone/ozone/hadoop-ozone/integration-test/target/test-dir/MiniOzoneClusterImpl-def46c0d-8367-4b8c-99dd-0a1bf9c58634/datanode-0/data/ratis
2021-10-01 16:55:04,920 [Listener at 127.0.0.1/36675] INFO  volume.StorageVolumeChecker (StorageVolumeChecker.java:checkAllVolumes(202)) - Scheduled health check for volume /home/runner/work/ozone/ozone/hadoop-ozone/integration-test/target/test-dir/MiniOzoneClusterImpl-def46c0d-8367-4b8c-99dd-0a1bf9c58634/datanode-0/data/ratis
2021-10-01 16:55:04,934 [Thread-284] INFO  ozoneimpl.ContainerReader (ContainerReader.java:readVolume(172)) - Finish verifying containers on volume /home/runner/work/ozone/ozone/hadoop-ozone/integration-test/target/test-dir/MiniOzoneClusterImpl-def46c0d-8367-4b8c-99dd-0a1bf9c58634/datanode-0/data-0/containers/hdds
2021-10-01 16:55:04,934 [Listener at 127.0.0.1/36675] INFO  ozoneimpl.OzoneContainer (OzoneContainer.java:buildContainerSet(236)) - Build ContainerSet costs 0s
2021-10-01 16:55:04,937 [Listener at 127.0.0.1/36675] INFO  server.RaftServer (ConfUtils.java:logGet(44)) - raft.rpc.type = GRPC (default)
2021-10-01 16:55:04,937 [Listener at 127.0.0.1/36675] INFO  grpc.GrpcFactory (GrpcFactory.java:checkPooledByteBufAllocatorUseCacheForAllThreads(48)) - PERFORMANCE WARNING: useCacheForAllThreads is true that may cause Netty to create a lot garbage objects and, as a result, trigger GC.
	It is recommended to disable useCacheForAllThreads by setting -Dorg.apache.ratis.thirdparty.io.netty.allocator.useCacheForAllThreads=false in command line.
2021-10-01 16:55:04,937 [Listener at 127.0.0.1/36675] INFO  grpc.GrpcConfigKeys (ConfUtils.java:logGet(44)) - raft.grpc.admin.port = 0 (custom)
2021-10-01 16:55:04,937 [Listener at 127.0.0.1/36675] INFO  grpc.GrpcConfigKeys (ConfUtils.java:logGet(44)) - raft.grpc.client.port = 0 (custom)
2021-10-01 16:55:04,937 [Listener at 127.0.0.1/36675] INFO  grpc.GrpcConfigKeys (ConfUtils.java:logGet(44)) - raft.grpc.server.port = 0 (default)
2021-10-01 16:55:04,938 [Listener at 127.0.0.1/36675] INFO  server.GrpcService (ConfUtils.java:logGet(44)) - raft.grpc.message.size.max = 32MB (=33554432) (custom)
2021-10-01 16:55:04,938 [Listener at 127.0.0.1/36675] INFO  server.RaftServerConfigKeys (ConfUtils.java:logGet(44)) - raft.server.log.appender.buffer.byte-limit = 33554432 (custom)
2021-10-01 16:55:04,938 [Listener at 127.0.0.1/36675] INFO  server.GrpcService (ConfUtils.java:logGet(44)) - raft.grpc.flow.control.window = 5MB (=5242880) (custom)
2021-10-01 16:55:04,938 [Listener at 127.0.0.1/36675] INFO  server.RaftServerConfigKeys (ConfUtils.java:logGet(44)) - raft.server.rpc.request.timeout = 60s (custom)
2021-10-01 16:55:04,942 [Listener at 127.0.0.1/36675] INFO  impl.DataStreamServerImpl (ConfUtils.java:logGet(44)) - raft.datastream.type = DISABLED (default)
2021-10-01 16:55:04,942 [Listener at 127.0.0.1/36675] INFO  server.RaftServerConfigKeys (ConfUtils.java:logGet(44)) - raft.server.rpc.slowness.timeout = 300s (custom)
2021-10-01 16:55:04,942 [Listener at 127.0.0.1/36675] INFO  server.RaftServerConfigKeys (ConfUtils.java:logGet(44)) - raft.server.leaderelection.leader.step-down.wait-time = 10s (default)
2021-10-01 16:55:04,943 [Listener at 127.0.0.1/36675] INFO  server.RaftServerConfigKeys (ConfUtils.java:logGet(44)) - raft.server.storage.dir = [/home/runner/work/ozone/ozone/hadoop-ozone/integration-test/target/test-dir/MiniOzoneClusterImpl-def46c0d-8367-4b8c-99dd-0a1bf9c58634/datanode-0/data/ratis] (custom)
2021-10-01 16:55:04,952 [Listener at 127.0.0.1/36675] INFO  http.BaseHttpServer (BaseHttpServer.java:newHttpServer2BuilderForOzone(209)) - Starting Web-server for hddsDatanode at: http://0.0.0.0:0
2021-10-01 16:55:04,952 [Listener at 127.0.0.1/36675] INFO  http.BaseHttpServer (BaseHttpServer.java:<init>(107)) - Hadoop Security Enabled: false Ozone Security Enabled: false Ozone HTTP Security Enabled: false 
2021-10-01 16:55:04,954 [Listener at 127.0.0.1/36675] INFO  server.AuthenticationFilter (AuthenticationFilter.java:constructSecretProvider(240)) - Unable to initialize FileSignerSecretProvider, falling back to use random secrets.
2021-10-01 16:55:04,955 [Listener at 127.0.0.1/36675] WARN  http.HttpRequestLog (HttpRequestLog.java:getRequestLog(103)) - Jetty request log can only be enabled using Log4j
2021-10-01 16:55:04,956 [Listener at 127.0.0.1/36675] INFO  http.HttpServer2 (HttpServer2.java:addGlobalFilter(1030)) - Added global filter 'safety' (class=org.apache.hadoop.hdds.server.http.HttpServer2$QuotingInputFilter)
2021-10-01 16:55:04,957 [Listener at 127.0.0.1/36675] INFO  http.HttpServer2 (HttpServer2.java:addFilter(1006)) - Added filter static_user_filter (class=org.apache.hadoop.http.lib.StaticUserWebFilter$StaticUserFilter) to context hddsDatanode
2021-10-01 16:55:04,957 [Listener at 127.0.0.1/36675] INFO  http.HttpServer2 (HttpServer2.java:addFilter(1014)) - Added filter static_user_filter (class=org.apache.hadoop.http.lib.StaticUserWebFilter$StaticUserFilter) to context static
2021-10-01 16:55:04,957 [Listener at 127.0.0.1/36675] INFO  http.HttpServer2 (HttpServer2.java:addFilter(1014)) - Added filter static_user_filter (class=org.apache.hadoop.http.lib.StaticUserWebFilter$StaticUserFilter) to context logs
2021-10-01 16:55:04,957 [Listener at 127.0.0.1/36675] INFO  http.HttpServer2 (HttpServer2.java:bindListener(1249)) - Jetty bound to port 38605
2021-10-01 16:55:04,957 [Listener at 127.0.0.1/36675] INFO  server.Server (Server.java:doStart(375)) - jetty-9.4.43.v20210629; built: 2021-06-30T11:07:22.254Z; git: 526006ecfa3af7f1a27ef3a288e2bef7ea9dd7e8; jvm 1.8.0_292-b10
2021-10-01 16:55:04,967 [Listener at 127.0.0.1/36675] INFO  server.session (DefaultSessionIdManager.java:doStart(334)) - DefaultSessionIdManager workerName=node0
2021-10-01 16:55:04,968 [Listener at 127.0.0.1/36675] INFO  server.session (DefaultSessionIdManager.java:doStart(339)) - No SessionScavenger set, using defaults
2021-10-01 16:55:04,968 [Listener at 127.0.0.1/36675] INFO  server.session (HouseKeeper.java:startScavenging(132)) - node0 Scavenging every 660000ms
2021-10-01 16:55:04,970 [Listener at 127.0.0.1/36675] INFO  handler.ContextHandler (ContextHandler.java:doStart(915)) - Started o.e.j.s.ServletContextHandler@5a5ce246{logs,/logs,file:///home/runner/work/ozone/ozone/hadoop-ozone/integration-test/target/log,AVAILABLE}
2021-10-01 16:55:04,971 [Listener at 127.0.0.1/36675] INFO  handler.ContextHandler (ContextHandler.java:doStart(915)) - Started o.e.j.s.ServletContextHandler@158750f2{static,/static,jar:file:/home/runner/.m2/repository/org/apache/ozone/hdds-container-service/1.2.0-SNAPSHOT/hdds-container-service-1.2.0-SNAPSHOT.jar!/webapps/static,AVAILABLE}
2021-10-01 16:55:05,032 [Listener at 127.0.0.1/36675] INFO  handler.ContextHandler (ContextHandler.java:doStart(915)) - Started o.e.j.w.WebAppContext@24c6d6ae{hddsDatanode,/,file:///tmp/jetty-0_0_0_0-38605-hdds-container-service-1_2_0-SNAPSHOT_jar-_-any-1753677178334343862/webapp/,AVAILABLE}{jar:file:/home/runner/.m2/repository/org/apache/ozone/hdds-container-service/1.2.0-SNAPSHOT/hdds-container-service-1.2.0-SNAPSHOT.jar!/webapps/hddsDatanode}
2021-10-01 16:55:05,033 [Listener at 127.0.0.1/36675] INFO  server.AbstractConnector (AbstractConnector.java:doStart(331)) - Started ServerConnector@36523e55{HTTP/1.1, (http/1.1)}{0.0.0.0:38605}
2021-10-01 16:55:05,033 [Listener at 127.0.0.1/36675] INFO  server.Server (Server.java:doStart(415)) - Started @24134ms
2021-10-01 16:55:05,033 [Listener at 127.0.0.1/36675] WARN  impl.MetricsSystemImpl (MetricsSystemImpl.java:register(279)) - Sink prometheus already exists!
2021-10-01 16:55:05,034 [Listener at 127.0.0.1/36675] INFO  http.BaseHttpServer (BaseHttpServer.java:updateConnectorAddress(329)) - HTTP server of hddsDatanode listening at http://0.0.0.0:38605
2021-10-01 16:55:05,035 [Listener at 127.0.0.1/36675] WARN  impl.MetricRegistriesImpl (MetricRegistriesImpl.java:addReporterRegistration(111)) - New reporters are added after registries were created. Some metrics will be missing from the reporter. Please add reporter before adding any new registry.
2021-10-01 16:55:05,035 [Listener at 127.0.0.1/36675] WARN  impl.MetricRegistriesImpl (MetricRegistriesImpl.java:addReporterRegistration(111)) - New reporters are added after registries were created. Some metrics will be missing from the reporter. Please add reporter before adding any new registry.
2021-10-01 16:55:05,035 [Listener at 127.0.0.1/36675] INFO  impl.MetricsSystemImpl (MetricsSystemImpl.java:init(158)) - HddsDatanode metrics system started (again)
2021-10-01 16:55:05,043 [Datanode State Machine Thread - 0] INFO  statemachine.DatanodeStateMachine (DatanodeStateMachine.java:lambda$startDaemon$0(456)) - Ozone container server started.
2021-10-01 16:55:05,059 [org.apache.hadoop.util.JvmPauseMonitor$Monitor@3f37f611] INFO  util.JvmPauseMonitor (JvmPauseMonitor.java:run(188)) - Starting JVM pause monitor
2021-10-01 16:55:05,069 [Listener at 127.0.0.1/36675] INFO  ozone.HddsDatanodeService (HddsDatanodeService.java:start(234)) - HddsDatanodeService host:fv-az297-751.nmf1rxwemy4u5di1sxxf4ejcwb.jx.internal.cloudapp.net ip:10.1.0.30
2021-10-01 16:55:05,070 [Datanode State Machine Task Thread - 0] INFO  datanode.InitDatanodeState (InitDatanodeState.java:persistContainerDatanodeDetails(145)) - DatanodeDetails is persisted to /home/runner/work/ozone/ozone/hadoop-ozone/integration-test/target/test-dir/MiniOzoneClusterImpl-def46c0d-8367-4b8c-99dd-0a1bf9c58634/datanode-0/meta/datanode.id
2021-10-01 16:55:05,100 [Listener at 127.0.0.1/36675] INFO  upgrade.AbstractLayoutVersionManager (AbstractLayoutVersionManager.java:init(79)) - Initializing Layout version manager with metadata layout = SCM_HA (version = 2), software layout = SCM_HA (version = 2)
2021-10-01 16:55:05,177 [Listener at 127.0.0.1/36675] INFO  reflections.Reflections (Reflections.java:scan(232)) - Reflections took 76 ms to scan 7 urls, producing 119 keys and 275 values 
2021-10-01 16:55:05,188 [Listener at 127.0.0.1/36675] INFO  volume.HddsVolume (HddsVolume.java:<init>(120)) - Creating HddsVolume: /home/runner/work/ozone/ozone/hadoop-ozone/integration-test/target/test-dir/MiniOzoneClusterImpl-def46c0d-8367-4b8c-99dd-0a1bf9c58634/datanode-1/data-0/containers/hdds of storage type : DISK capacity : 9223372036854775807
2021-10-01 16:55:05,189 [Listener at 127.0.0.1/36675] INFO  volume.MutableVolumeSet (MutableVolumeSet.java:initializeVolumeSet(168)) - Added Volume : /home/runner/work/ozone/ozone/hadoop-ozone/integration-test/target/test-dir/MiniOzoneClusterImpl-def46c0d-8367-4b8c-99dd-0a1bf9c58634/datanode-1/data-0/containers/hdds to VolumeSet
2021-10-01 16:55:05,189 [Listener at 127.0.0.1/36675] INFO  volume.ThrottledAsyncChecker (ThrottledAsyncChecker.java:schedule(141)) - Scheduling a check for /home/runner/work/ozone/ozone/hadoop-ozone/integration-test/target/test-dir/MiniOzoneClusterImpl-def46c0d-8367-4b8c-99dd-0a1bf9c58634/datanode-1/data-0/containers/hdds
2021-10-01 16:55:05,196 [Listener at 127.0.0.1/36675] INFO  volume.StorageVolumeChecker (StorageVolumeChecker.java:checkAllVolumes(202)) - Scheduled health check for volume /home/runner/work/ozone/ozone/hadoop-ozone/integration-test/target/test-dir/MiniOzoneClusterImpl-def46c0d-8367-4b8c-99dd-0a1bf9c58634/datanode-1/data-0/containers/hdds
2021-10-01 16:55:05,216 [Listener at 127.0.0.1/36675] INFO  volume.MutableVolumeSet (MutableVolumeSet.java:initializeVolumeSet(168)) - Added Volume : /home/runner/work/ozone/ozone/hadoop-ozone/integration-test/target/test-dir/MiniOzoneClusterImpl-def46c0d-8367-4b8c-99dd-0a1bf9c58634/datanode-1/data/ratis to VolumeSet
2021-10-01 16:55:05,216 [Listener at 127.0.0.1/36675] INFO  volume.ThrottledAsyncChecker (ThrottledAsyncChecker.java:schedule(141)) - Scheduling a check for /home/runner/work/ozone/ozone/hadoop-ozone/integration-test/target/test-dir/MiniOzoneClusterImpl-def46c0d-8367-4b8c-99dd-0a1bf9c58634/datanode-1/data/ratis
2021-10-01 16:55:05,217 [Listener at 127.0.0.1/36675] INFO  volume.StorageVolumeChecker (StorageVolumeChecker.java:checkAllVolumes(202)) - Scheduled health check for volume /home/runner/work/ozone/ozone/hadoop-ozone/integration-test/target/test-dir/MiniOzoneClusterImpl-def46c0d-8367-4b8c-99dd-0a1bf9c58634/datanode-1/data/ratis
2021-10-01 16:55:05,242 [Thread-296] INFO  ozoneimpl.ContainerReader (ContainerReader.java:readVolume(172)) - Finish verifying containers on volume /home/runner/work/ozone/ozone/hadoop-ozone/integration-test/target/test-dir/MiniOzoneClusterImpl-def46c0d-8367-4b8c-99dd-0a1bf9c58634/datanode-1/data-0/containers/hdds
2021-10-01 16:55:05,242 [Listener at 127.0.0.1/36675] INFO  ozoneimpl.OzoneContainer (OzoneContainer.java:buildContainerSet(236)) - Build ContainerSet costs 0s
2021-10-01 16:55:05,248 [Listener at 127.0.0.1/36675] INFO  server.RaftServer (ConfUtils.java:logGet(44)) - raft.rpc.type = GRPC (default)
2021-10-01 16:55:05,249 [Listener at 127.0.0.1/36675] INFO  grpc.GrpcFactory (GrpcFactory.java:checkPooledByteBufAllocatorUseCacheForAllThreads(48)) - PERFORMANCE WARNING: useCacheForAllThreads is true that may cause Netty to create a lot garbage objects and, as a result, trigger GC.
	It is recommended to disable useCacheForAllThreads by setting -Dorg.apache.ratis.thirdparty.io.netty.allocator.useCacheForAllThreads=false in command line.
2021-10-01 16:55:05,249 [Listener at 127.0.0.1/36675] INFO  grpc.GrpcConfigKeys (ConfUtils.java:logGet(44)) - raft.grpc.admin.port = 0 (custom)
2021-10-01 16:55:05,249 [Listener at 127.0.0.1/36675] INFO  grpc.GrpcConfigKeys (ConfUtils.java:logGet(44)) - raft.grpc.client.port = 0 (custom)
2021-10-01 16:55:05,249 [Listener at 127.0.0.1/36675] INFO  grpc.GrpcConfigKeys (ConfUtils.java:logGet(44)) - raft.grpc.server.port = 0 (default)
2021-10-01 16:55:05,250 [Listener at 127.0.0.1/36675] INFO  server.GrpcService (ConfUtils.java:logGet(44)) - raft.grpc.message.size.max = 32MB (=33554432) (custom)
2021-10-01 16:55:05,250 [Listener at 127.0.0.1/36675] INFO  server.RaftServerConfigKeys (ConfUtils.java:logGet(44)) - raft.server.log.appender.buffer.byte-limit = 33554432 (custom)
2021-10-01 16:55:05,250 [Listener at 127.0.0.1/36675] INFO  server.GrpcService (ConfUtils.java:logGet(44)) - raft.grpc.flow.control.window = 5MB (=5242880) (custom)
2021-10-01 16:55:05,251 [Listener at 127.0.0.1/36675] INFO  server.RaftServerConfigKeys (ConfUtils.java:logGet(44)) - raft.server.rpc.request.timeout = 60s (custom)
2021-10-01 16:55:05,252 [Listener at 127.0.0.1/36675] INFO  impl.DataStreamServerImpl (ConfUtils.java:logGet(44)) - raft.datastream.type = DISABLED (default)
2021-10-01 16:55:05,252 [Listener at 127.0.0.1/36675] INFO  server.RaftServerConfigKeys (ConfUtils.java:logGet(44)) - raft.server.rpc.slowness.timeout = 300s (custom)
2021-10-01 16:55:05,252 [Listener at 127.0.0.1/36675] INFO  server.RaftServerConfigKeys (ConfUtils.java:logGet(44)) - raft.server.leaderelection.leader.step-down.wait-time = 10s (default)
2021-10-01 16:55:05,252 [Listener at 127.0.0.1/36675] INFO  server.RaftServerConfigKeys (ConfUtils.java:logGet(44)) - raft.server.storage.dir = [/home/runner/work/ozone/ozone/hadoop-ozone/integration-test/target/test-dir/MiniOzoneClusterImpl-def46c0d-8367-4b8c-99dd-0a1bf9c58634/datanode-1/data/ratis] (custom)
2021-10-01 16:55:05,259 [Listener at 127.0.0.1/36675] INFO  http.BaseHttpServer (BaseHttpServer.java:newHttpServer2BuilderForOzone(209)) - Starting Web-server for hddsDatanode at: http://0.0.0.0:0
2021-10-01 16:55:05,259 [Listener at 127.0.0.1/36675] INFO  http.BaseHttpServer (BaseHttpServer.java:<init>(107)) - Hadoop Security Enabled: false Ozone Security Enabled: false Ozone HTTP Security Enabled: false 
2021-10-01 16:55:05,261 [Listener at 127.0.0.1/36675] INFO  server.AuthenticationFilter (AuthenticationFilter.java:constructSecretProvider(240)) - Unable to initialize FileSignerSecretProvider, falling back to use random secrets.
2021-10-01 16:55:05,261 [Listener at 127.0.0.1/36675] WARN  http.HttpRequestLog (HttpRequestLog.java:getRequestLog(103)) - Jetty request log can only be enabled using Log4j
2021-10-01 16:55:05,262 [Listener at 127.0.0.1/36675] INFO  http.HttpServer2 (HttpServer2.java:addGlobalFilter(1030)) - Added global filter 'safety' (class=org.apache.hadoop.hdds.server.http.HttpServer2$QuotingInputFilter)
2021-10-01 16:55:05,263 [Listener at 127.0.0.1/36675] INFO  http.HttpServer2 (HttpServer2.java:addFilter(1006)) - Added filter static_user_filter (class=org.apache.hadoop.http.lib.StaticUserWebFilter$StaticUserFilter) to context hddsDatanode
2021-10-01 16:55:05,263 [Listener at 127.0.0.1/36675] INFO  http.HttpServer2 (HttpServer2.java:addFilter(1014)) - Added filter static_user_filter (class=org.apache.hadoop.http.lib.StaticUserWebFilter$StaticUserFilter) to context static
2021-10-01 16:55:05,263 [Listener at 127.0.0.1/36675] INFO  http.HttpServer2 (HttpServer2.java:addFilter(1014)) - Added filter static_user_filter (class=org.apache.hadoop.http.lib.StaticUserWebFilter$StaticUserFilter) to context logs
2021-10-01 16:55:05,264 [Listener at 127.0.0.1/36675] INFO  http.HttpServer2 (HttpServer2.java:bindListener(1249)) - Jetty bound to port 44867
2021-10-01 16:55:05,264 [Listener at 127.0.0.1/36675] INFO  server.Server (Server.java:doStart(375)) - jetty-9.4.43.v20210629; built: 2021-06-30T11:07:22.254Z; git: 526006ecfa3af7f1a27ef3a288e2bef7ea9dd7e8; jvm 1.8.0_292-b10
2021-10-01 16:55:05,266 [Listener at 127.0.0.1/36675] INFO  server.session (DefaultSessionIdManager.java:doStart(334)) - DefaultSessionIdManager workerName=node0
2021-10-01 16:55:05,266 [Listener at 127.0.0.1/36675] INFO  server.session (DefaultSessionIdManager.java:doStart(339)) - No SessionScavenger set, using defaults
2021-10-01 16:55:05,266 [Listener at 127.0.0.1/36675] INFO  server.session (HouseKeeper.java:startScavenging(132)) - node0 Scavenging every 660000ms
2021-10-01 16:55:05,267 [Listener at 127.0.0.1/36675] INFO  handler.ContextHandler (ContextHandler.java:doStart(915)) - Started o.e.j.s.ServletContextHandler@12f61508{logs,/logs,file:///home/runner/work/ozone/ozone/hadoop-ozone/integration-test/target/log,AVAILABLE}
2021-10-01 16:55:05,268 [Listener at 127.0.0.1/36675] INFO  handler.ContextHandler (ContextHandler.java:doStart(915)) - Started o.e.j.s.ServletContextHandler@f096241{static,/static,jar:file:/home/runner/.m2/repository/org/apache/ozone/hdds-container-service/1.2.0-SNAPSHOT/hdds-container-service-1.2.0-SNAPSHOT.jar!/webapps/static,AVAILABLE}
2021-10-01 16:55:05,319 [Listener at 127.0.0.1/36675] INFO  handler.ContextHandler (ContextHandler.java:doStart(915)) - Started o.e.j.w.WebAppContext@799c40a2{hddsDatanode,/,file:///tmp/jetty-0_0_0_0-44867-hdds-container-service-1_2_0-SNAPSHOT_jar-_-any-3184386102933905440/webapp/,AVAILABLE}{jar:file:/home/runner/.m2/repository/org/apache/ozone/hdds-container-service/1.2.0-SNAPSHOT/hdds-container-service-1.2.0-SNAPSHOT.jar!/webapps/hddsDatanode}
2021-10-01 16:55:05,321 [Listener at 127.0.0.1/36675] INFO  server.AbstractConnector (AbstractConnector.java:doStart(331)) - Started ServerConnector@4b8d886f{HTTP/1.1, (http/1.1)}{0.0.0.0:44867}
2021-10-01 16:55:05,321 [Listener at 127.0.0.1/36675] INFO  server.Server (Server.java:doStart(415)) - Started @24421ms
2021-10-01 16:55:05,321 [Listener at 127.0.0.1/36675] WARN  impl.MetricsSystemImpl (MetricsSystemImpl.java:register(279)) - Sink prometheus already exists!
2021-10-01 16:55:05,322 [Listener at 127.0.0.1/36675] INFO  http.BaseHttpServer (BaseHttpServer.java:updateConnectorAddress(329)) - HTTP server of hddsDatanode listening at http://0.0.0.0:44867
2021-10-01 16:55:05,323 [Listener at 127.0.0.1/36675] WARN  impl.MetricRegistriesImpl (MetricRegistriesImpl.java:addReporterRegistration(111)) - New reporters are added after registries were created. Some metrics will be missing from the reporter. Please add reporter before adding any new registry.
2021-10-01 16:55:05,323 [Listener at 127.0.0.1/36675] WARN  impl.MetricRegistriesImpl (MetricRegistriesImpl.java:addReporterRegistration(111)) - New reporters are added after registries were created. Some metrics will be missing from the reporter. Please add reporter before adding any new registry.
2021-10-01 16:55:05,323 [Listener at 127.0.0.1/36675] INFO  impl.MetricsSystemImpl (MetricsSystemImpl.java:init(158)) - HddsDatanode metrics system started (again)
2021-10-01 16:55:05,332 [Datanode State Machine Thread - 0] INFO  statemachine.DatanodeStateMachine (DatanodeStateMachine.java:lambda$startDaemon$0(456)) - Ozone container server started.
2021-10-01 16:55:05,342 [org.apache.hadoop.util.JvmPauseMonitor$Monitor@e589e59] INFO  util.JvmPauseMonitor (JvmPauseMonitor.java:run(188)) - Starting JVM pause monitor
2021-10-01 16:55:05,345 [Listener at 127.0.0.1/36675] INFO  ozone.HddsDatanodeService (HddsDatanodeService.java:start(234)) - HddsDatanodeService host:fv-az297-751.nmf1rxwemy4u5di1sxxf4ejcwb.jx.internal.cloudapp.net ip:10.1.0.30
2021-10-01 16:55:05,357 [Datanode State Machine Task Thread - 0] INFO  datanode.InitDatanodeState (InitDatanodeState.java:persistContainerDatanodeDetails(145)) - DatanodeDetails is persisted to /home/runner/work/ozone/ozone/hadoop-ozone/integration-test/target/test-dir/MiniOzoneClusterImpl-def46c0d-8367-4b8c-99dd-0a1bf9c58634/datanode-1/meta/datanode.id
2021-10-01 16:55:05,377 [Listener at 127.0.0.1/36675] INFO  upgrade.AbstractLayoutVersionManager (AbstractLayoutVersionManager.java:init(79)) - Initializing Layout version manager with metadata layout = SCM_HA (version = 2), software layout = SCM_HA (version = 2)
2021-10-01 16:55:05,471 [Listener at 127.0.0.1/36675] INFO  reflections.Reflections (Reflections.java:scan(232)) - Reflections took 86 ms to scan 7 urls, producing 119 keys and 275 values 
2021-10-01 16:55:05,480 [Listener at 127.0.0.1/36675] INFO  volume.HddsVolume (HddsVolume.java:<init>(120)) - Creating HddsVolume: /home/runner/work/ozone/ozone/hadoop-ozone/integration-test/target/test-dir/MiniOzoneClusterImpl-def46c0d-8367-4b8c-99dd-0a1bf9c58634/datanode-2/data-0/containers/hdds of storage type : DISK capacity : 9223372036854775807
2021-10-01 16:55:05,481 [Listener at 127.0.0.1/36675] INFO  volume.MutableVolumeSet (MutableVolumeSet.java:initializeVolumeSet(168)) - Added Volume : /home/runner/work/ozone/ozone/hadoop-ozone/integration-test/target/test-dir/MiniOzoneClusterImpl-def46c0d-8367-4b8c-99dd-0a1bf9c58634/datanode-2/data-0/containers/hdds to VolumeSet
2021-10-01 16:55:05,481 [Listener at 127.0.0.1/36675] INFO  volume.ThrottledAsyncChecker (ThrottledAsyncChecker.java:schedule(141)) - Scheduling a check for /home/runner/work/ozone/ozone/hadoop-ozone/integration-test/target/test-dir/MiniOzoneClusterImpl-def46c0d-8367-4b8c-99dd-0a1bf9c58634/datanode-2/data-0/containers/hdds
2021-10-01 16:55:05,487 [Listener at 127.0.0.1/36675] INFO  volume.StorageVolumeChecker (StorageVolumeChecker.java:checkAllVolumes(202)) - Scheduled health check for volume /home/runner/work/ozone/ozone/hadoop-ozone/integration-test/target/test-dir/MiniOzoneClusterImpl-def46c0d-8367-4b8c-99dd-0a1bf9c58634/datanode-2/data-0/containers/hdds
2021-10-01 16:55:05,504 [Listener at 127.0.0.1/36675] INFO  volume.MutableVolumeSet (MutableVolumeSet.java:initializeVolumeSet(168)) - Added Volume : /home/runner/work/ozone/ozone/hadoop-ozone/integration-test/target/test-dir/MiniOzoneClusterImpl-def46c0d-8367-4b8c-99dd-0a1bf9c58634/datanode-2/data/ratis to VolumeSet
2021-10-01 16:55:05,504 [Listener at 127.0.0.1/36675] INFO  volume.ThrottledAsyncChecker (ThrottledAsyncChecker.java:schedule(141)) - Scheduling a check for /home/runner/work/ozone/ozone/hadoop-ozone/integration-test/target/test-dir/MiniOzoneClusterImpl-def46c0d-8367-4b8c-99dd-0a1bf9c58634/datanode-2/data/ratis
2021-10-01 16:55:05,505 [Listener at 127.0.0.1/36675] INFO  volume.StorageVolumeChecker (StorageVolumeChecker.java:checkAllVolumes(202)) - Scheduled health check for volume /home/runner/work/ozone/ozone/hadoop-ozone/integration-test/target/test-dir/MiniOzoneClusterImpl-def46c0d-8367-4b8c-99dd-0a1bf9c58634/datanode-2/data/ratis
2021-10-01 16:55:05,518 [Thread-308] INFO  ozoneimpl.ContainerReader (ContainerReader.java:readVolume(172)) - Finish verifying containers on volume /home/runner/work/ozone/ozone/hadoop-ozone/integration-test/target/test-dir/MiniOzoneClusterImpl-def46c0d-8367-4b8c-99dd-0a1bf9c58634/datanode-2/data-0/containers/hdds
2021-10-01 16:55:05,518 [Listener at 127.0.0.1/36675] INFO  ozoneimpl.OzoneContainer (OzoneContainer.java:buildContainerSet(236)) - Build ContainerSet costs 0s
2021-10-01 16:55:05,531 [Listener at 127.0.0.1/36675] INFO  server.RaftServer (ConfUtils.java:logGet(44)) - raft.rpc.type = GRPC (default)
2021-10-01 16:55:05,532 [Listener at 127.0.0.1/36675] INFO  grpc.GrpcFactory (GrpcFactory.java:checkPooledByteBufAllocatorUseCacheForAllThreads(48)) - PERFORMANCE WARNING: useCacheForAllThreads is true that may cause Netty to create a lot garbage objects and, as a result, trigger GC.
	It is recommended to disable useCacheForAllThreads by setting -Dorg.apache.ratis.thirdparty.io.netty.allocator.useCacheForAllThreads=false in command line.
2021-10-01 16:55:05,532 [Listener at 127.0.0.1/36675] INFO  grpc.GrpcConfigKeys (ConfUtils.java:logGet(44)) - raft.grpc.admin.port = 0 (custom)
2021-10-01 16:55:05,532 [Listener at 127.0.0.1/36675] INFO  grpc.GrpcConfigKeys (ConfUtils.java:logGet(44)) - raft.grpc.client.port = 0 (custom)
2021-10-01 16:55:05,532 [Listener at 127.0.0.1/36675] INFO  grpc.GrpcConfigKeys (ConfUtils.java:logGet(44)) - raft.grpc.server.port = 0 (default)
2021-10-01 16:55:05,532 [Listener at 127.0.0.1/36675] INFO  server.GrpcService (ConfUtils.java:logGet(44)) - raft.grpc.message.size.max = 32MB (=33554432) (custom)
2021-10-01 16:55:05,532 [Listener at 127.0.0.1/36675] INFO  server.RaftServerConfigKeys (ConfUtils.java:logGet(44)) - raft.server.log.appender.buffer.byte-limit = 33554432 (custom)
2021-10-01 16:55:05,533 [Listener at 127.0.0.1/36675] INFO  server.GrpcService (ConfUtils.java:logGet(44)) - raft.grpc.flow.control.window = 5MB (=5242880) (custom)
2021-10-01 16:55:05,533 [Listener at 127.0.0.1/36675] INFO  server.RaftServerConfigKeys (ConfUtils.java:logGet(44)) - raft.server.rpc.request.timeout = 60s (custom)
2021-10-01 16:55:05,534 [Listener at 127.0.0.1/36675] INFO  impl.DataStreamServerImpl (ConfUtils.java:logGet(44)) - raft.datastream.type = DISABLED (default)
2021-10-01 16:55:05,535 [Listener at 127.0.0.1/36675] INFO  server.RaftServerConfigKeys (ConfUtils.java:logGet(44)) - raft.server.rpc.slowness.timeout = 300s (custom)
2021-10-01 16:55:05,535 [Listener at 127.0.0.1/36675] INFO  server.RaftServerConfigKeys (ConfUtils.java:logGet(44)) - raft.server.leaderelection.leader.step-down.wait-time = 10s (default)
2021-10-01 16:55:05,535 [Listener at 127.0.0.1/36675] INFO  server.RaftServerConfigKeys (ConfUtils.java:logGet(44)) - raft.server.storage.dir = [/home/runner/work/ozone/ozone/hadoop-ozone/integration-test/target/test-dir/MiniOzoneClusterImpl-def46c0d-8367-4b8c-99dd-0a1bf9c58634/datanode-2/data/ratis] (custom)
2021-10-01 16:55:05,548 [Listener at 127.0.0.1/36675] INFO  http.BaseHttpServer (BaseHttpServer.java:newHttpServer2BuilderForOzone(209)) - Starting Web-server for hddsDatanode at: http://0.0.0.0:0
2021-10-01 16:55:05,548 [Listener at 127.0.0.1/36675] INFO  http.BaseHttpServer (BaseHttpServer.java:<init>(107)) - Hadoop Security Enabled: false Ozone Security Enabled: false Ozone HTTP Security Enabled: false 
2021-10-01 16:55:05,549 [Listener at 127.0.0.1/36675] INFO  server.AuthenticationFilter (AuthenticationFilter.java:constructSecretProvider(240)) - Unable to initialize FileSignerSecretProvider, falling back to use random secrets.
2021-10-01 16:55:05,549 [Listener at 127.0.0.1/36675] WARN  http.HttpRequestLog (HttpRequestLog.java:getRequestLog(103)) - Jetty request log can only be enabled using Log4j
2021-10-01 16:55:05,550 [Listener at 127.0.0.1/36675] INFO  http.HttpServer2 (HttpServer2.java:addGlobalFilter(1030)) - Added global filter 'safety' (class=org.apache.hadoop.hdds.server.http.HttpServer2$QuotingInputFilter)
2021-10-01 16:55:05,551 [Listener at 127.0.0.1/36675] INFO  http.HttpServer2 (HttpServer2.java:addFilter(1006)) - Added filter static_user_filter (class=org.apache.hadoop.http.lib.StaticUserWebFilter$StaticUserFilter) to context hddsDatanode
2021-10-01 16:55:05,551 [Listener at 127.0.0.1/36675] INFO  http.HttpServer2 (HttpServer2.java:addFilter(1014)) - Added filter static_user_filter (class=org.apache.hadoop.http.lib.StaticUserWebFilter$StaticUserFilter) to context logs
2021-10-01 16:55:05,551 [Listener at 127.0.0.1/36675] INFO  http.HttpServer2 (HttpServer2.java:addFilter(1014)) - Added filter static_user_filter (class=org.apache.hadoop.http.lib.StaticUserWebFilter$StaticUserFilter) to context static
2021-10-01 16:55:05,552 [Listener at 127.0.0.1/36675] INFO  http.HttpServer2 (HttpServer2.java:bindListener(1249)) - Jetty bound to port 34435
2021-10-01 16:55:05,552 [Listener at 127.0.0.1/36675] INFO  server.Server (Server.java:doStart(375)) - jetty-9.4.43.v20210629; built: 2021-06-30T11:07:22.254Z; git: 526006ecfa3af7f1a27ef3a288e2bef7ea9dd7e8; jvm 1.8.0_292-b10
2021-10-01 16:55:05,556 [Listener at 127.0.0.1/36675] INFO  server.session (DefaultSessionIdManager.java:doStart(334)) - DefaultSessionIdManager workerName=node0
2021-10-01 16:55:05,556 [Listener at 127.0.0.1/36675] INFO  server.session (DefaultSessionIdManager.java:doStart(339)) - No SessionScavenger set, using defaults
2021-10-01 16:55:05,556 [Listener at 127.0.0.1/36675] INFO  server.session (HouseKeeper.java:startScavenging(132)) - node0 Scavenging every 660000ms
2021-10-01 16:55:05,557 [Listener at 127.0.0.1/36675] INFO  handler.ContextHandler (ContextHandler.java:doStart(915)) - Started o.e.j.s.ServletContextHandler@52860ad4{logs,/logs,file:///home/runner/work/ozone/ozone/hadoop-ozone/integration-test/target/log,AVAILABLE}
2021-10-01 16:55:05,557 [Listener at 127.0.0.1/36675] INFO  handler.ContextHandler (ContextHandler.java:doStart(915)) - Started o.e.j.s.ServletContextHandler@3eebfe93{static,/static,jar:file:/home/runner/.m2/repository/org/apache/ozone/hdds-container-service/1.2.0-SNAPSHOT/hdds-container-service-1.2.0-SNAPSHOT.jar!/webapps/static,AVAILABLE}
2021-10-01 16:55:05,619 [Listener at 127.0.0.1/36675] INFO  handler.ContextHandler (ContextHandler.java:doStart(915)) - Started o.e.j.w.WebAppContext@6aa1faed{hddsDatanode,/,file:///tmp/jetty-0_0_0_0-34435-hdds-container-service-1_2_0-SNAPSHOT_jar-_-any-5043162579941729415/webapp/,AVAILABLE}{jar:file:/home/runner/.m2/repository/org/apache/ozone/hdds-container-service/1.2.0-SNAPSHOT/hdds-container-service-1.2.0-SNAPSHOT.jar!/webapps/hddsDatanode}
2021-10-01 16:55:05,620 [Listener at 127.0.0.1/36675] INFO  server.AbstractConnector (AbstractConnector.java:doStart(331)) - Started ServerConnector@abbc6ec{HTTP/1.1, (http/1.1)}{0.0.0.0:34435}
2021-10-01 16:55:05,620 [Listener at 127.0.0.1/36675] INFO  server.Server (Server.java:doStart(415)) - Started @24721ms
2021-10-01 16:55:05,621 [Listener at 127.0.0.1/36675] WARN  impl.MetricsSystemImpl (MetricsSystemImpl.java:register(279)) - Sink prometheus already exists!
2021-10-01 16:55:05,622 [Listener at 127.0.0.1/36675] INFO  http.BaseHttpServer (BaseHttpServer.java:updateConnectorAddress(329)) - HTTP server of hddsDatanode listening at http://0.0.0.0:34435
2021-10-01 16:55:05,622 [Listener at 127.0.0.1/36675] INFO  ozone.MiniOzoneClusterImpl (MiniOzoneClusterImpl.java:lambda$waitForClusterToBeReady$0(235)) - Waiting for nodes to be ready. Got 0 of 3 DN Heartbeats.
2021-10-01 16:55:05,622 [Listener at 127.0.0.1/36675] INFO  ozone.MiniOzoneClusterImpl (MiniOzoneClusterImpl.java:lambda$waitForClusterToBeReady$0(238)) - Waiting for cluster to exit safe mode
2021-10-01 16:55:05,622 [Listener at 127.0.0.1/36675] INFO  ozone.MiniOzoneClusterImpl (MiniOzoneClusterImpl.java:lambda$waitForClusterToBeReady$0(240)) - SCM became leader
2021-10-01 16:55:05,623 [Datanode State Machine Thread - 0] INFO  statemachine.DatanodeStateMachine (DatanodeStateMachine.java:lambda$startDaemon$0(456)) - Ozone container server started.
2021-10-01 16:55:05,636 [org.apache.hadoop.util.JvmPauseMonitor$Monitor@2a374a4] INFO  util.JvmPauseMonitor (JvmPauseMonitor.java:run(188)) - Starting JVM pause monitor
2021-10-01 16:55:05,641 [Datanode State Machine Task Thread - 0] INFO  datanode.InitDatanodeState (InitDatanodeState.java:persistContainerDatanodeDetails(145)) - DatanodeDetails is persisted to /home/runner/work/ozone/ozone/hadoop-ozone/integration-test/target/test-dir/MiniOzoneClusterImpl-def46c0d-8367-4b8c-99dd-0a1bf9c58634/datanode-2/meta/datanode.id
2021-10-01 16:55:05,835 [om1@group-C5BA1605619E-FollowerState] INFO  impl.FollowerState (FollowerState.java:run(134)) - om1@group-C5BA1605619E-FollowerState: change to CANDIDATE, lastRpcElapsedTime:1135667482ns, electionTimeout:1130ms
2021-10-01 16:55:05,835 [om1@group-C5BA1605619E-FollowerState] INFO  impl.RoleInfo (RoleInfo.java:shutdownFollowerState(108)) - om1: shutdown om1@group-C5BA1605619E-FollowerState
2021-10-01 16:55:05,835 [om1@group-C5BA1605619E-FollowerState] INFO  server.RaftServer$Division (RaftServerImpl.java:setRole(285)) - om1@group-C5BA1605619E: changes role from  FOLLOWER to CANDIDATE at term 0 for changeToCandidate
2021-10-01 16:55:05,835 [om1@group-C5BA1605619E-FollowerState] INFO  server.RaftServerConfigKeys (ConfUtils.java:logGet(44)) - raft.server.leaderelection.pre-vote = false (custom)
2021-10-01 16:55:05,835 [om1@group-C5BA1605619E-FollowerState] INFO  impl.RoleInfo (RoleInfo.java:updateAndGet(130)) - om1: start om1@group-C5BA1605619E-LeaderElection3
2021-10-01 16:55:05,845 [om1@group-C5BA1605619E-LeaderElection3] INFO  impl.LeaderElection (LeaderElection.java:askForVotes(306)) - om1@group-C5BA1605619E-LeaderElection3 ELECTION round 0: submit vote requests at term 1 for -1: [om1|rpc:localhost:9872|priority:0], old=null
2021-10-01 16:55:05,846 [om1@group-C5BA1605619E-LeaderElection3] INFO  impl.LeaderElection (LeaderElection.java:askForVotes(308)) - om1@group-C5BA1605619E-LeaderElection3 ELECTION round 0: result PASSED (term=1)
2021-10-01 16:55:05,846 [om1@group-C5BA1605619E-LeaderElection3] INFO  impl.RoleInfo (RoleInfo.java:shutdownLeaderElection(121)) - om1: shutdown om1@group-C5BA1605619E-LeaderElection3
2021-10-01 16:55:05,846 [om1@group-C5BA1605619E-LeaderElection3] INFO  server.RaftServer$Division (RaftServerImpl.java:setRole(285)) - om1@group-C5BA1605619E: changes role from CANDIDATE to LEADER at term 1 for changeToLeader
2021-10-01 16:55:05,846 [om1@group-C5BA1605619E-LeaderElection3] INFO  server.RaftServer$Division (ServerState.java:setLeader(285)) - om1@group-C5BA1605619E: change Leader from null to om1 at term 1 for becomeLeader, leader elected after 1197ms
2021-10-01 16:55:05,846 [om1@group-C5BA1605619E-LeaderElection3] INFO  server.RaftServerConfigKeys (ConfUtils.java:logGet(44)) - raft.server.staging.catchup.gap = 1000 (default)
2021-10-01 16:55:05,847 [om1@group-C5BA1605619E-LeaderElection3] INFO  server.RaftServerConfigKeys (ConfUtils.java:logGet(44)) - raft.server.write.element-limit = 4096 (default)
2021-10-01 16:55:05,847 [om1@group-C5BA1605619E-LeaderElection3] INFO  server.RaftServerConfigKeys (ConfUtils.java:logGet(44)) - raft.server.write.byte-limit = 64MB (=67108864) (default)
2021-10-01 16:55:05,848 [om1@group-C5BA1605619E-LeaderElection3] INFO  server.RaftServerConfigKeys (ConfUtils.java:logGet(44)) - raft.server.watch.timeout = 10s (default)
2021-10-01 16:55:05,848 [om1@group-C5BA1605619E-LeaderElection3] INFO  server.RaftServerConfigKeys (ConfUtils.java:logGet(44)) - raft.server.watch.timeout.denomination = 1s (default)
2021-10-01 16:55:05,848 [om1@group-C5BA1605619E-LeaderElection3] INFO  server.RaftServerConfigKeys (ConfUtils.java:logGet(44)) - raft.server.watch.element-limit = 65536 (default)
2021-10-01 16:55:05,849 [om1@group-C5BA1605619E-LeaderElection3] INFO  impl.RoleInfo (RoleInfo.java:updateAndGet(130)) - om1: start om1@group-C5BA1605619E-LeaderStateImpl
2021-10-01 16:55:05,849 [om1@group-C5BA1605619E-LeaderElection3] INFO  segmented.SegmentedRaftLogWorker (SegmentedRaftLogWorker.java:startLogSegment(394)) - om1@group-C5BA1605619E-SegmentedRaftLogWorker: Starting segment from index:0
2021-10-01 16:55:05,858 [om1@group-C5BA1605619E-LeaderElection3] INFO  server.RaftServer$Division (ServerState.java:setRaftConf(387)) - om1@group-C5BA1605619E: set configuration 0: [om1|rpc:localhost:9872|admin:|client:|dataStream:|priority:0], old=null
2021-10-01 16:55:05,859 [om1@group-C5BA1605619E-SegmentedRaftLogWorker] INFO  segmented.SegmentedRaftLogWorker (SegmentedRaftLogWorker.java:execute(601)) - om1@group-C5BA1605619E-SegmentedRaftLogWorker: created new log segment /home/runner/work/ozone/ozone/hadoop-ozone/integration-test/target/test-dir/MiniOzoneClusterImpl-def46c0d-8367-4b8c-99dd-0a1bf9c58634/ozone-meta/ratis/bf265839-605b-3f16-9796-c5ba1605619e/current/log_inprogress_0
2021-10-01 16:55:05,861 [om1@group-C5BA1605619E-StateMachineUpdater] INFO  ratis.OzoneManagerStateMachine (OzoneManagerStateMachine.java:notifyConfigurationChanged(188)) - Received Configuration change notification from Ratis. New Peer list:
[id: "om1"
address: "localhost:9872"
]
2021-10-01 16:55:06,623 [Listener at 127.0.0.1/36675] INFO  ozone.MiniOzoneClusterImpl (MiniOzoneClusterImpl.java:lambda$waitForClusterToBeReady$0(235)) - Waiting for nodes to be ready. Got 0 of 3 DN Heartbeats.
2021-10-01 16:55:06,623 [Listener at 127.0.0.1/36675] INFO  ozone.MiniOzoneClusterImpl (MiniOzoneClusterImpl.java:lambda$waitForClusterToBeReady$0(238)) - Waiting for cluster to exit safe mode
2021-10-01 16:55:06,623 [Listener at 127.0.0.1/36675] INFO  ozone.MiniOzoneClusterImpl (MiniOzoneClusterImpl.java:lambda$waitForClusterToBeReady$0(240)) - SCM became leader
2021-10-01 16:55:07,077 [EndpointStateMachine task thread for /0.0.0.0:44767 - 0 ] INFO  ozoneimpl.OzoneContainer (OzoneContainer.java:start(304)) - Attempting to start container services.
2021-10-01 16:55:07,077 [EndpointStateMachine task thread for /0.0.0.0:44767 - 0 ] INFO  ozoneimpl.OzoneContainer (OzoneContainer.java:startContainerScrub(249)) - Background container scanner has been disabled.
2021-10-01 16:55:07,079 [EndpointStateMachine task thread for /0.0.0.0:44767 - 0 ] INFO  replication.ReplicationServer (ReplicationServer.java:start(107)) - ReplicationServer is started using port 40119
2021-10-01 16:55:07,079 [EndpointStateMachine task thread for /0.0.0.0:44767 - 0 ] INFO  ratis.XceiverServerRatis (XceiverServerRatis.java:start(482)) - Starting XceiverServerRatis 2bef8554-b428-4684-ba01-b6ee907780a1
2021-10-01 16:55:07,084 [EndpointStateMachine task thread for /0.0.0.0:44767 - 0 ] INFO  server.RaftServer (RaftServerProxy.java:lambda$start$5(374)) - 2bef8554-b428-4684-ba01-b6ee907780a1: start RPC server
2021-10-01 16:55:07,089 [EndpointStateMachine task thread for /0.0.0.0:44767 - 0 ] INFO  server.GrpcService (GrpcService.java:startImpl(253)) - 2bef8554-b428-4684-ba01-b6ee907780a1: GrpcService started, listening on 36303
2021-10-01 16:55:07,089 [EndpointStateMachine task thread for /0.0.0.0:44767 - 0 ] INFO  ratis.XceiverServerRatis (XceiverServerRatis.java:getRealPort(503)) - XceiverServerRatis 2bef8554-b428-4684-ba01-b6ee907780a1 is started using port 36303 for RATIS
2021-10-01 16:55:07,090 [EndpointStateMachine task thread for /0.0.0.0:44767 - 0 ] INFO  ratis.XceiverServerRatis (XceiverServerRatis.java:getRealPort(503)) - XceiverServerRatis 2bef8554-b428-4684-ba01-b6ee907780a1 is started using port 36303 for RATIS_ADMIN
2021-10-01 16:55:07,090 [EndpointStateMachine task thread for /0.0.0.0:44767 - 0 ] INFO  ratis.XceiverServerRatis (XceiverServerRatis.java:getRealPort(503)) - XceiverServerRatis 2bef8554-b428-4684-ba01-b6ee907780a1 is started using port 36303 for RATIS_SERVER
2021-10-01 16:55:07,092 [EndpointStateMachine task thread for /0.0.0.0:44767 - 0 ] INFO  server.XceiverServerGrpc (XceiverServerGrpc.java:start(135)) - XceiverServerGrpc 2bef8554-b428-4684-ba01-b6ee907780a1 is started using port 46761
2021-10-01 16:55:07,093 [org.apache.ratis.util.JvmPauseMonitor$$Lambda$531/955346937@16137563] INFO  util.JvmPauseMonitor (JvmPauseMonitor.java:run(103)) - JvmPauseMonitor-2bef8554-b428-4684-ba01-b6ee907780a1: Started
2021-10-01 16:55:07,348 [EndpointStateMachine task thread for /0.0.0.0:44767 - 0 ] INFO  ozoneimpl.OzoneContainer (OzoneContainer.java:start(304)) - Attempting to start container services.
2021-10-01 16:55:07,348 [EndpointStateMachine task thread for /0.0.0.0:44767 - 0 ] INFO  ozoneimpl.OzoneContainer (OzoneContainer.java:startContainerScrub(249)) - Background container scanner has been disabled.
2021-10-01 16:55:07,351 [EndpointStateMachine task thread for /0.0.0.0:44767 - 0 ] INFO  replication.ReplicationServer (ReplicationServer.java:start(107)) - ReplicationServer is started using port 37327
2021-10-01 16:55:07,352 [EndpointStateMachine task thread for /0.0.0.0:44767 - 0 ] INFO  ratis.XceiverServerRatis (XceiverServerRatis.java:start(482)) - Starting XceiverServerRatis 55456646-246b-433e-ba91-0894db9f2978
2021-10-01 16:55:07,353 [EndpointStateMachine task thread for /0.0.0.0:44767 - 0 ] INFO  server.RaftServer (RaftServerProxy.java:lambda$start$5(374)) - 55456646-246b-433e-ba91-0894db9f2978: start RPC server
2021-10-01 16:55:07,360 [EndpointStateMachine task thread for /0.0.0.0:44767 - 0 ] INFO  server.GrpcService (GrpcService.java:startImpl(253)) - 55456646-246b-433e-ba91-0894db9f2978: GrpcService started, listening on 46679
2021-10-01 16:55:07,366 [EndpointStateMachine task thread for /0.0.0.0:44767 - 0 ] INFO  ratis.XceiverServerRatis (XceiverServerRatis.java:getRealPort(503)) - XceiverServerRatis 55456646-246b-433e-ba91-0894db9f2978 is started using port 46679 for RATIS
2021-10-01 16:55:07,366 [EndpointStateMachine task thread for /0.0.0.0:44767 - 0 ] INFO  ratis.XceiverServerRatis (XceiverServerRatis.java:getRealPort(503)) - XceiverServerRatis 55456646-246b-433e-ba91-0894db9f2978 is started using port 46679 for RATIS_ADMIN
2021-10-01 16:55:07,366 [EndpointStateMachine task thread for /0.0.0.0:44767 - 0 ] INFO  ratis.XceiverServerRatis (XceiverServerRatis.java:getRealPort(503)) - XceiverServerRatis 55456646-246b-433e-ba91-0894db9f2978 is started using port 46679 for RATIS_SERVER
2021-10-01 16:55:07,368 [org.apache.ratis.util.JvmPauseMonitor$$Lambda$531/955346937@1892c0b3] INFO  util.JvmPauseMonitor (JvmPauseMonitor.java:run(103)) - JvmPauseMonitor-55456646-246b-433e-ba91-0894db9f2978: Started
2021-10-01 16:55:07,369 [EndpointStateMachine task thread for /0.0.0.0:44767 - 0 ] INFO  server.XceiverServerGrpc (XceiverServerGrpc.java:start(135)) - XceiverServerGrpc 55456646-246b-433e-ba91-0894db9f2978 is started using port 34269
2021-10-01 16:55:07,623 [Listener at 127.0.0.1/36675] INFO  ozone.MiniOzoneClusterImpl (MiniOzoneClusterImpl.java:lambda$waitForClusterToBeReady$0(235)) - Waiting for nodes to be ready. Got 0 of 3 DN Heartbeats.
2021-10-01 16:55:07,623 [Listener at 127.0.0.1/36675] INFO  ozone.MiniOzoneClusterImpl (MiniOzoneClusterImpl.java:lambda$waitForClusterToBeReady$0(238)) - Waiting for cluster to exit safe mode
2021-10-01 16:55:07,623 [Listener at 127.0.0.1/36675] INFO  ozone.MiniOzoneClusterImpl (MiniOzoneClusterImpl.java:lambda$waitForClusterToBeReady$0(240)) - SCM became leader
2021-10-01 16:55:07,652 [EndpointStateMachine task thread for /0.0.0.0:44767 - 0 ] INFO  ozoneimpl.OzoneContainer (OzoneContainer.java:start(304)) - Attempting to start container services.
2021-10-01 16:55:07,652 [EndpointStateMachine task thread for /0.0.0.0:44767 - 0 ] INFO  ozoneimpl.OzoneContainer (OzoneContainer.java:startContainerScrub(249)) - Background container scanner has been disabled.
2021-10-01 16:55:07,653 [EndpointStateMachine task thread for /0.0.0.0:44767 - 0 ] INFO  replication.ReplicationServer (ReplicationServer.java:start(107)) - ReplicationServer is started using port 38643
2021-10-01 16:55:07,654 [EndpointStateMachine task thread for /0.0.0.0:44767 - 0 ] INFO  ratis.XceiverServerRatis (XceiverServerRatis.java:start(482)) - Starting XceiverServerRatis bd8339b7-19ff-491c-8d62-b494fd289dd0
2021-10-01 16:55:07,654 [EndpointStateMachine task thread for /0.0.0.0:44767 - 0 ] INFO  server.RaftServer (RaftServerProxy.java:lambda$start$5(374)) - bd8339b7-19ff-491c-8d62-b494fd289dd0: start RPC server
2021-10-01 16:55:07,660 [EndpointStateMachine task thread for /0.0.0.0:44767 - 0 ] INFO  server.GrpcService (GrpcService.java:startImpl(253)) - bd8339b7-19ff-491c-8d62-b494fd289dd0: GrpcService started, listening on 34869
2021-10-01 16:55:07,664 [EndpointStateMachine task thread for /0.0.0.0:44767 - 0 ] INFO  ratis.XceiverServerRatis (XceiverServerRatis.java:getRealPort(503)) - XceiverServerRatis bd8339b7-19ff-491c-8d62-b494fd289dd0 is started using port 34869 for RATIS
2021-10-01 16:55:07,665 [EndpointStateMachine task thread for /0.0.0.0:44767 - 0 ] INFO  ratis.XceiverServerRatis (XceiverServerRatis.java:getRealPort(503)) - XceiverServerRatis bd8339b7-19ff-491c-8d62-b494fd289dd0 is started using port 34869 for RATIS_ADMIN
2021-10-01 16:55:07,665 [EndpointStateMachine task thread for /0.0.0.0:44767 - 0 ] INFO  ratis.XceiverServerRatis (XceiverServerRatis.java:getRealPort(503)) - XceiverServerRatis bd8339b7-19ff-491c-8d62-b494fd289dd0 is started using port 34869 for RATIS_SERVER
2021-10-01 16:55:07,668 [org.apache.ratis.util.JvmPauseMonitor$$Lambda$531/955346937@2def30cb] INFO  util.JvmPauseMonitor (JvmPauseMonitor.java:run(103)) - JvmPauseMonitor-bd8339b7-19ff-491c-8d62-b494fd289dd0: Started
2021-10-01 16:55:07,668 [EndpointStateMachine task thread for /0.0.0.0:44767 - 0 ] INFO  server.XceiverServerGrpc (XceiverServerGrpc.java:start(135)) - XceiverServerGrpc bd8339b7-19ff-491c-8d62-b494fd289dd0 is started using port 41477
2021-10-01 16:55:08,624 [Listener at 127.0.0.1/36675] INFO  ozone.MiniOzoneClusterImpl (MiniOzoneClusterImpl.java:lambda$waitForClusterToBeReady$0(235)) - Waiting for nodes to be ready. Got 0 of 3 DN Heartbeats.
2021-10-01 16:55:08,624 [Listener at 127.0.0.1/36675] INFO  ozone.MiniOzoneClusterImpl (MiniOzoneClusterImpl.java:lambda$waitForClusterToBeReady$0(238)) - Waiting for cluster to exit safe mode
2021-10-01 16:55:08,624 [Listener at 127.0.0.1/36675] INFO  ozone.MiniOzoneClusterImpl (MiniOzoneClusterImpl.java:lambda$waitForClusterToBeReady$0(240)) - SCM became leader
2021-10-01 16:55:09,063 [IPC Server handler 1 on default port 44767] INFO  net.NetworkTopologyImpl (NetworkTopologyImpl.java:add(112)) - Added a new node: /default-rack/2bef8554-b428-4684-ba01-b6ee907780a1
2021-10-01 16:55:09,063 [IPC Server handler 1 on default port 44767] INFO  node.SCMNodeManager (SCMNodeManager.java:register(389)) - Registered Data node : 2bef8554-b428-4684-ba01-b6ee907780a1{ip: 10.1.0.30, host: fv-az297-751.nmf1rxwemy4u5di1sxxf4ejcwb.jx.internal.cloudapp.net, ports: [REPLICATION=40119, RATIS=36303, RATIS_ADMIN=36303, RATIS_SERVER=36303, STANDALONE=46761], networkLocation: /default-rack, certSerialId: null, persistedOpState: null, persistedOpStateExpiryEpochSec: 0}
2021-10-01 16:55:09,065 [EventQueue-NodeRegistrationContainerReportForContainerSafeModeRule] INFO  safemode.SCMSafeModeManager (SCMSafeModeManager.java:validateSafeModeExitRules(204)) - ContainerSafeModeRule rule is successfully validated
2021-10-01 16:55:09,065 [EventQueue-NodeRegistrationContainerReportForDataNodeSafeModeRule] INFO  safemode.SCMSafeModeManager (DataNodeSafeModeRule.java:process(71)) - SCM in safe mode. 1 DataNodes registered, 3 required.
2021-10-01 16:55:09,071 [EventQueue-NewNodeForNewNodeHandler] INFO  pipeline.BackgroundPipelineCreator (BackgroundPipelineCreatorV2.java:notifyEventTriggered(285)) - trigger a one-shot run on RatisPipelineUtilsThread.
2021-10-01 16:55:09,072 [RatisPipelineUtilsThread - 0] INFO  pipeline.RatisPipelineProvider (RatisPipelineProvider.java:lambda$create$0(183)) - Sending CreatePipelineCommand for pipeline:PipelineID=076aa5bc-bf03-40e0-bd41-3e165bc00b30 to datanode:2bef8554-b428-4684-ba01-b6ee907780a1
2021-10-01 16:55:09,073 [RatisPipelineUtilsThread - 0] INFO  pipeline.PipelineStateManagerImpl (PipelineStateManagerImpl.java:addPipeline(101)) - Created pipeline Pipeline[ Id: 076aa5bc-bf03-40e0-bd41-3e165bc00b30, Nodes: 2bef8554-b428-4684-ba01-b6ee907780a1{ip: 10.1.0.30, host: fv-az297-751.nmf1rxwemy4u5di1sxxf4ejcwb.jx.internal.cloudapp.net, ports: [REPLICATION=40119, RATIS=36303, RATIS_ADMIN=36303, RATIS_SERVER=36303, STANDALONE=46761], networkLocation: /default-rack, certSerialId: null, persistedOpState: IN_SERVICE, persistedOpStateExpiryEpochSec: 0}, ReplicationConfig: RATIS/ONE, State:ALLOCATED, leaderId:, CreationTimestamp2021-10-01T16:55:09.072Z[Etc/UTC]].
2021-10-01 16:55:09,074 [EventQueue-PipelineReportForOneReplicaPipelineSafeModeRule] INFO  safemode.SCMSafeModeManager (SCMSafeModeManager.java:validateSafeModeExitRules(204)) - AtleastOneDatanodeReportedRule rule is successfully validated
2021-10-01 16:55:09,344 [IPC Server handler 2 on default port 44767] INFO  net.NetworkTopologyImpl (NetworkTopologyImpl.java:add(112)) - Added a new node: /default-rack/55456646-246b-433e-ba91-0894db9f2978
2021-10-01 16:55:09,345 [IPC Server handler 2 on default port 44767] INFO  node.SCMNodeManager (SCMNodeManager.java:register(389)) - Registered Data node : 55456646-246b-433e-ba91-0894db9f2978{ip: 10.1.0.30, host: fv-az297-751.nmf1rxwemy4u5di1sxxf4ejcwb.jx.internal.cloudapp.net, ports: [REPLICATION=37327, RATIS=46679, RATIS_ADMIN=46679, RATIS_SERVER=46679, STANDALONE=34269], networkLocation: /default-rack, certSerialId: null, persistedOpState: null, persistedOpStateExpiryEpochSec: 0}
2021-10-01 16:55:09,346 [EventQueue-NewNodeForNewNodeHandler] INFO  pipeline.BackgroundPipelineCreator (BackgroundPipelineCreatorV2.java:notifyEventTriggered(285)) - trigger a one-shot run on RatisPipelineUtilsThread.
2021-10-01 16:55:09,347 [EventQueue-NodeRegistrationContainerReportForDataNodeSafeModeRule] INFO  safemode.SCMSafeModeManager (DataNodeSafeModeRule.java:process(71)) - SCM in safe mode. 2 DataNodes registered, 3 required.
2021-10-01 16:55:09,349 [RatisPipelineUtilsThread - 0] INFO  pipeline.RatisPipelineProvider (RatisPipelineProvider.java:lambda$create$0(183)) - Sending CreatePipelineCommand for pipeline:PipelineID=73c3c219-1388-4cc2-a470-47279cb0a57a to datanode:55456646-246b-433e-ba91-0894db9f2978
2021-10-01 16:55:09,350 [RatisPipelineUtilsThread - 0] INFO  pipeline.PipelineStateManagerImpl (PipelineStateManagerImpl.java:addPipeline(101)) - Created pipeline Pipeline[ Id: 73c3c219-1388-4cc2-a470-47279cb0a57a, Nodes: 55456646-246b-433e-ba91-0894db9f2978{ip: 10.1.0.30, host: fv-az297-751.nmf1rxwemy4u5di1sxxf4ejcwb.jx.internal.cloudapp.net, ports: [REPLICATION=37327, RATIS=46679, RATIS_ADMIN=46679, RATIS_SERVER=46679, STANDALONE=34269], networkLocation: /default-rack, certSerialId: null, persistedOpState: IN_SERVICE, persistedOpStateExpiryEpochSec: 0}, ReplicationConfig: RATIS/ONE, State:ALLOCATED, leaderId:, CreationTimestamp2021-10-01T16:55:09.349Z[Etc/UTC]].
2021-10-01 16:55:09,624 [Listener at 127.0.0.1/36675] INFO  ozone.MiniOzoneClusterImpl (MiniOzoneClusterImpl.java:lambda$waitForClusterToBeReady$0(235)) - Waiting for nodes to be ready. Got 2 of 3 DN Heartbeats.
2021-10-01 16:55:09,624 [Listener at 127.0.0.1/36675] INFO  ozone.MiniOzoneClusterImpl (MiniOzoneClusterImpl.java:lambda$waitForClusterToBeReady$0(238)) - Waiting for cluster to exit safe mode
2021-10-01 16:55:09,624 [Listener at 127.0.0.1/36675] INFO  ozone.MiniOzoneClusterImpl (MiniOzoneClusterImpl.java:lambda$waitForClusterToBeReady$0(240)) - SCM became leader
2021-10-01 16:55:09,638 [IPC Server handler 0 on default port 44767] INFO  net.NetworkTopologyImpl (NetworkTopologyImpl.java:add(112)) - Added a new node: /default-rack/bd8339b7-19ff-491c-8d62-b494fd289dd0
2021-10-01 16:55:09,638 [IPC Server handler 0 on default port 44767] INFO  node.SCMNodeManager (SCMNodeManager.java:register(389)) - Registered Data node : bd8339b7-19ff-491c-8d62-b494fd289dd0{ip: 10.1.0.30, host: fv-az297-751.nmf1rxwemy4u5di1sxxf4ejcwb.jx.internal.cloudapp.net, ports: [REPLICATION=38643, RATIS=34869, RATIS_ADMIN=34869, RATIS_SERVER=34869, STANDALONE=41477], networkLocation: /default-rack, certSerialId: null, persistedOpState: null, persistedOpStateExpiryEpochSec: 0}
2021-10-01 16:55:09,639 [EventQueue-NewNodeForNewNodeHandler] INFO  pipeline.BackgroundPipelineCreator (BackgroundPipelineCreatorV2.java:notifyEventTriggered(285)) - trigger a one-shot run on RatisPipelineUtilsThread.
2021-10-01 16:55:09,640 [RatisPipelineUtilsThread - 0] INFO  pipeline.RatisPipelineProvider (RatisPipelineProvider.java:lambda$create$0(183)) - Sending CreatePipelineCommand for pipeline:PipelineID=7ea8c4f9-42ab-4058-8fc0-fe1425281356 to datanode:bd8339b7-19ff-491c-8d62-b494fd289dd0
2021-10-01 16:55:09,640 [RatisPipelineUtilsThread - 0] INFO  pipeline.PipelineStateManagerImpl (PipelineStateManagerImpl.java:addPipeline(101)) - Created pipeline Pipeline[ Id: 7ea8c4f9-42ab-4058-8fc0-fe1425281356, Nodes: bd8339b7-19ff-491c-8d62-b494fd289dd0{ip: 10.1.0.30, host: fv-az297-751.nmf1rxwemy4u5di1sxxf4ejcwb.jx.internal.cloudapp.net, ports: [REPLICATION=38643, RATIS=34869, RATIS_ADMIN=34869, RATIS_SERVER=34869, STANDALONE=41477], networkLocation: /default-rack, certSerialId: null, persistedOpState: IN_SERVICE, persistedOpStateExpiryEpochSec: 0}, ReplicationConfig: RATIS/ONE, State:ALLOCATED, leaderId:, CreationTimestamp2021-10-01T16:55:09.640Z[Etc/UTC]].
2021-10-01 16:55:09,640 [EventQueue-NodeRegistrationContainerReportForDataNodeSafeModeRule] INFO  safemode.SCMSafeModeManager (DataNodeSafeModeRule.java:process(71)) - SCM in safe mode. 3 DataNodes registered, 3 required.
2021-10-01 16:55:09,641 [EventQueue-NodeRegistrationContainerReportForDataNodeSafeModeRule] INFO  safemode.SCMSafeModeManager (SCMSafeModeManager.java:validateSafeModeExitRules(204)) - DataNodeSafeModeRule rule is successfully validated
2021-10-01 16:55:09,641 [EventQueue-NodeRegistrationContainerReportForDataNodeSafeModeRule] INFO  safemode.SCMSafeModeManager (SCMSafeModeManager.java:completePreCheck(233)) - All SCM safe mode pre check rules have passed
2021-10-01 16:55:09,641 [EventQueue-NodeRegistrationContainerReportForDataNodeSafeModeRule] WARN  events.EventQueue (EventQueue.java:fireEvent(194)) - No event handler registered for event TypedEvent{payloadType=SafeModeStatus, name='Safe mode status'}
2021-10-01 16:55:09,641 [EventQueue-NodeRegistrationContainerReportForDataNodeSafeModeRule] INFO  ha.SCMContext (SCMContext.java:updateSafeModeStatus(205)) - Update SafeModeStatus from SafeModeStatus{safeModeStatus=true, preCheckPassed=false} to SafeModeStatus{safeModeStatus=true, preCheckPassed=true}.
2021-10-01 16:55:09,641 [EventQueue-NodeRegistrationContainerReportForDataNodeSafeModeRule] INFO  pipeline.BackgroundPipelineCreator (BackgroundPipelineCreatorV2.java:notifyEventTriggered(285)) - trigger a one-shot run on RatisPipelineUtilsThread.
2021-10-01 16:55:09,646 [RatisPipelineUtilsThread - 0] INFO  pipeline.RatisPipelineProvider (RatisPipelineProvider.java:lambda$create$0(183)) - Sending CreatePipelineCommand for pipeline:PipelineID=6bef1b5c-5573-4eef-b870-67dc42a0bec5 to datanode:bd8339b7-19ff-491c-8d62-b494fd289dd0
2021-10-01 16:55:09,652 [RatisPipelineUtilsThread - 0] INFO  pipeline.RatisPipelineProvider (RatisPipelineProvider.java:lambda$create$0(183)) - Sending CreatePipelineCommand for pipeline:PipelineID=6bef1b5c-5573-4eef-b870-67dc42a0bec5 to datanode:2bef8554-b428-4684-ba01-b6ee907780a1
2021-10-01 16:55:09,652 [RatisPipelineUtilsThread - 0] INFO  pipeline.RatisPipelineProvider (RatisPipelineProvider.java:lambda$create$0(183)) - Sending CreatePipelineCommand for pipeline:PipelineID=6bef1b5c-5573-4eef-b870-67dc42a0bec5 to datanode:55456646-246b-433e-ba91-0894db9f2978
2021-10-01 16:55:09,653 [RatisPipelineUtilsThread - 0] INFO  pipeline.PipelineStateManagerImpl (PipelineStateManagerImpl.java:addPipeline(101)) - Created pipeline Pipeline[ Id: 6bef1b5c-5573-4eef-b870-67dc42a0bec5, Nodes: bd8339b7-19ff-491c-8d62-b494fd289dd0{ip: 10.1.0.30, host: fv-az297-751.nmf1rxwemy4u5di1sxxf4ejcwb.jx.internal.cloudapp.net, ports: [REPLICATION=38643, RATIS=34869, RATIS_ADMIN=34869, RATIS_SERVER=34869, STANDALONE=41477], networkLocation: /default-rack, certSerialId: null, persistedOpState: IN_SERVICE, persistedOpStateExpiryEpochSec: 0}2bef8554-b428-4684-ba01-b6ee907780a1{ip: 10.1.0.30, host: fv-az297-751.nmf1rxwemy4u5di1sxxf4ejcwb.jx.internal.cloudapp.net, ports: [REPLICATION=40119, RATIS=36303, RATIS_ADMIN=36303, RATIS_SERVER=36303, STANDALONE=46761], networkLocation: /default-rack, certSerialId: null, persistedOpState: IN_SERVICE, persistedOpStateExpiryEpochSec: 0}55456646-246b-433e-ba91-0894db9f2978{ip: 10.1.0.30, host: fv-az297-751.nmf1rxwemy4u5di1sxxf4ejcwb.jx.internal.cloudapp.net, ports: [REPLICATION=37327, RATIS=46679, RATIS_ADMIN=46679, RATIS_SERVER=46679, STANDALONE=34269], networkLocation: /default-rack, certSerialId: null, persistedOpState: IN_SERVICE, persistedOpStateExpiryEpochSec: 0}, ReplicationConfig: RATIS/THREE, State:ALLOCATED, leaderId:, CreationTimestamp2021-10-01T16:55:09.646Z[Etc/UTC]].
2021-10-01 16:55:10,625 [Listener at 127.0.0.1/36675] INFO  ozone.MiniOzoneClusterImpl (MiniOzoneClusterImpl.java:lambda$waitForClusterToBeReady$0(235)) - Nodes are ready. Got 3 of 3 DN Heartbeats.
2021-10-01 16:55:10,625 [Listener at 127.0.0.1/36675] INFO  ozone.MiniOzoneClusterImpl (MiniOzoneClusterImpl.java:lambda$waitForClusterToBeReady$0(238)) - Waiting for cluster to exit safe mode
2021-10-01 16:55:10,625 [Listener at 127.0.0.1/36675] INFO  ozone.MiniOzoneClusterImpl (MiniOzoneClusterImpl.java:lambda$waitForClusterToBeReady$0(240)) - SCM became leader
2021-10-01 16:55:11,625 [Listener at 127.0.0.1/36675] INFO  ozone.MiniOzoneClusterImpl (MiniOzoneClusterImpl.java:lambda$waitForClusterToBeReady$0(235)) - Nodes are ready. Got 3 of 3 DN Heartbeats.
2021-10-01 16:55:11,625 [Listener at 127.0.0.1/36675] INFO  ozone.MiniOzoneClusterImpl (MiniOzoneClusterImpl.java:lambda$waitForClusterToBeReady$0(238)) - Waiting for cluster to exit safe mode
2021-10-01 16:55:11,625 [Listener at 127.0.0.1/36675] INFO  ozone.MiniOzoneClusterImpl (MiniOzoneClusterImpl.java:lambda$waitForClusterToBeReady$0(240)) - SCM became leader
2021-10-01 16:55:12,061 [Command processor thread] INFO  server.RaftServer (RaftServerProxy.java:addNew(95)) - 2bef8554-b428-4684-ba01-b6ee907780a1: addNew group-3E165BC00B30:[2bef8554-b428-4684-ba01-b6ee907780a1|rpc:10.1.0.30:36303|priority:1] returns group-3E165BC00B30:java.util.concurrent.CompletableFuture@1df3e5cb[Not completed]
2021-10-01 16:55:12,065 [pool-123-thread-1] INFO  server.RaftServer$Division (RaftServerImpl.java:<init>(181)) - 2bef8554-b428-4684-ba01-b6ee907780a1: new RaftServerImpl for group-3E165BC00B30:[2bef8554-b428-4684-ba01-b6ee907780a1|rpc:10.1.0.30:36303|priority:1] with ContainerStateMachine:uninitialized
2021-10-01 16:55:12,066 [pool-123-thread-1] INFO  server.RaftServerConfigKeys (ConfUtils.java:logGet(44)) - raft.server.rpc.timeout.min = 5s (custom)
2021-10-01 16:55:12,066 [pool-123-thread-1] INFO  server.RaftServerConfigKeys (ConfUtils.java:logGet(44)) - raft.server.rpc.timeout.max = 5200ms (custom)
2021-10-01 16:55:12,071 [pool-123-thread-1] INFO  server.RaftServerConfigKeys (ConfUtils.java:logGet(44)) - raft.server.rpc.sleep.time = 25ms (default)
2021-10-01 16:55:12,072 [pool-123-thread-1] INFO  server.RaftServerConfigKeys (ConfUtils.java:logGet(44)) - raft.server.rpc.slowness.timeout = 300s (custom)
2021-10-01 16:55:12,072 [pool-123-thread-1] INFO  server.RaftServerConfigKeys (ConfUtils.java:logGet(44)) - raft.server.leaderelection.leader.step-down.wait-time = 10s (default)
2021-10-01 16:55:12,072 [pool-123-thread-1] INFO  server.RaftServerConfigKeys (ConfUtils.java:logGet(44)) - raft.server.sleep.deviation.threshold = 300ms (default)
2021-10-01 16:55:12,072 [pool-123-thread-1] INFO  server.RaftServerConfigKeys (ConfUtils.java:logGet(44)) - raft.server.log.appender.install.snapshot.enabled = false (custom)
2021-10-01 16:55:12,072 [pool-123-thread-1] INFO  server.RaftServer$Division (ServerState.java:<init>(105)) - 2bef8554-b428-4684-ba01-b6ee907780a1@group-3E165BC00B30: ConfigurationManager, init=-1: [2bef8554-b428-4684-ba01-b6ee907780a1|rpc:10.1.0.30:36303|priority:1], old=null, confs=<EMPTY_MAP>
2021-10-01 16:55:12,072 [pool-123-thread-1] INFO  server.RaftServerConfigKeys (ConfUtils.java:logGet(44)) - raft.server.storage.dir = [/home/runner/work/ozone/ozone/hadoop-ozone/integration-test/target/test-dir/MiniOzoneClusterImpl-def46c0d-8367-4b8c-99dd-0a1bf9c58634/datanode-0/data/ratis] (custom)
2021-10-01 16:55:12,075 [pool-123-thread-1] INFO  server.RaftServerConfigKeys (ConfUtils.java:logGet(44)) - raft.server.log.corruption.policy = EXCEPTION (default)
2021-10-01 16:55:12,075 [pool-123-thread-1] INFO  server.RaftServerConfigKeys (ConfUtils.java:logGet(44)) - raft.server.storage.free-space.min = 0MB (=0) (default)
2021-10-01 16:55:12,075 [pool-123-thread-1] INFO  storage.RaftStorageDirectory (RaftStorageDirectoryImpl.java:analyzeStorage(135)) - The storage directory /home/runner/work/ozone/ozone/hadoop-ozone/integration-test/target/test-dir/MiniOzoneClusterImpl-def46c0d-8367-4b8c-99dd-0a1bf9c58634/datanode-0/data/ratis/076aa5bc-bf03-40e0-bd41-3e165bc00b30 does not exist. Creating ...
2021-10-01 16:55:12,078 [pool-123-thread-1] INFO  storage.RaftStorageDirectory (RaftStorageDirectoryImpl.java:tryLock(230)) - Lock on /home/runner/work/ozone/ozone/hadoop-ozone/integration-test/target/test-dir/MiniOzoneClusterImpl-def46c0d-8367-4b8c-99dd-0a1bf9c58634/datanode-0/data/ratis/076aa5bc-bf03-40e0-bd41-3e165bc00b30/in_use.lock acquired by nodename 26035@fv-az297-751
2021-10-01 16:55:12,080 [pool-123-thread-1] INFO  storage.RaftStorage (RaftStorageImpl.java:format(89)) - Storage directory /home/runner/work/ozone/ozone/hadoop-ozone/integration-test/target/test-dir/MiniOzoneClusterImpl-def46c0d-8367-4b8c-99dd-0a1bf9c58634/datanode-0/data/ratis/076aa5bc-bf03-40e0-bd41-3e165bc00b30 has been successfully formatted.
2021-10-01 16:55:12,084 [EventQueue-PipelineReportForPipelineReportHandler] INFO  pipeline.PipelineManagerImpl (PipelineManagerImpl.java:openPipeline(282)) - Pipeline Pipeline[ Id: 076aa5bc-bf03-40e0-bd41-3e165bc00b30, Nodes: 2bef8554-b428-4684-ba01-b6ee907780a1{ip: 10.1.0.30, host: fv-az297-751.nmf1rxwemy4u5di1sxxf4ejcwb.jx.internal.cloudapp.net, ports: [REPLICATION=40119, RATIS=36303, RATIS_ADMIN=36303, RATIS_SERVER=36303, STANDALONE=46761], networkLocation: /default-rack, certSerialId: null, persistedOpState: IN_SERVICE, persistedOpStateExpiryEpochSec: 0}, ReplicationConfig: RATIS/ONE, State:ALLOCATED, leaderId:2bef8554-b428-4684-ba01-b6ee907780a1, CreationTimestamp2021-10-01T16:55:09.072Z[Etc/UTC]] moved to OPEN state
2021-10-01 16:55:12,081 [pool-123-thread-1] INFO  ratis.ContainerStateMachine (ContainerStateMachine.java:loadSnapshot(224)) - group-3E165BC00B30: The snapshot info is null. Setting the last applied indexto:(t:0, i:~)
2021-10-01 16:55:12,087 [pool-123-thread-1] INFO  server.RaftServerConfigKeys (ConfUtils.java:logGet(44)) - raft.server.notification.no-leader.timeout = 300s (custom)
2021-10-01 16:55:12,087 [pool-123-thread-1] INFO  server.RaftServerConfigKeys (ConfUtils.java:logGet(44)) - raft.server.log.use.memory = false (default)
2021-10-01 16:55:12,088 [pool-123-thread-1] INFO  server.RaftServerConfigKeys (ConfUtils.java:logGet(44)) - raft.server.log.purge.gap = 1000000 (custom)
2021-10-01 16:55:12,088 [pool-123-thread-1] INFO  server.RaftServerConfigKeys (ConfUtils.java:logGet(44)) - raft.server.log.appender.buffer.byte-limit = 33554432 (custom)
2021-10-01 16:55:12,088 [pool-123-thread-1] INFO  server.RaftServerConfigKeys (ConfUtils.java:logGet(44)) - raft.server.log.segment.size.max = 1048576 (custom)
2021-10-01 16:55:12,090 [pool-123-thread-1] INFO  server.RaftServerConfigKeys (ConfUtils.java:logGet(44)) - raft.server.log.segment.cache.num.max = 2 (custom)
2021-10-01 16:55:12,093 [pool-123-thread-1] INFO  server.RaftServerConfigKeys (ConfUtils.java:logGet(44)) - raft.server.log.segment.cache.size.max = 200MB (=209715200) (default)
2021-10-01 16:55:12,093 [pool-123-thread-1] INFO  segmented.SegmentedRaftLogWorker (SegmentedRaftLogWorker.java:<init>(182)) - new 2bef8554-b428-4684-ba01-b6ee907780a1@group-3E165BC00B30-SegmentedRaftLogWorker for RaftStorageImpl:Storage Directory /home/runner/work/ozone/ozone/hadoop-ozone/integration-test/target/test-dir/MiniOzoneClusterImpl-def46c0d-8367-4b8c-99dd-0a1bf9c58634/datanode-0/data/ratis/076aa5bc-bf03-40e0-bd41-3e165bc00b30
2021-10-01 16:55:12,093 [pool-123-thread-1] INFO  server.RaftServerConfigKeys (ConfUtils.java:logGet(44)) - raft.server.log.queue.byte-limit = 2147483647 (custom)
2021-10-01 16:55:12,093 [pool-123-thread-1] INFO  server.RaftServerConfigKeys (ConfUtils.java:logGet(44)) - raft.server.log.queue.element-limit = 1024 (custom)
2021-10-01 16:55:12,094 [pool-123-thread-1] INFO  server.RaftServerConfigKeys (ConfUtils.java:logGet(44)) - raft.server.log.segment.size.max = 1048576 (custom)
2021-10-01 16:55:12,094 [pool-123-thread-1] INFO  server.RaftServerConfigKeys (ConfUtils.java:logGet(44)) - raft.server.log.preallocated.size = 16384 (custom)
2021-10-01 16:55:12,094 [pool-123-thread-1] INFO  server.RaftServerConfigKeys (ConfUtils.java:logGet(44)) - raft.server.log.force.sync.num = 128 (default)
2021-10-01 16:55:12,094 [pool-123-thread-1] INFO  server.RaftServerConfigKeys (ConfUtils.java:logGet(44)) - raft.server.log.statemachine.data.sync = true (default)
2021-10-01 16:55:12,094 [pool-123-thread-1] INFO  server.RaftServerConfigKeys (ConfUtils.java:logGet(44)) - raft.server.log.statemachine.data.sync.timeout = 10s (default)
2021-10-01 16:55:12,094 [pool-123-thread-1] INFO  server.RaftServerConfigKeys (ConfUtils.java:logGet(44)) - raft.server.log.statemachine.data.sync.timeout.retry = -1 (default)
2021-10-01 16:55:12,100 [EventQueue-OpenPipelineForHealthyPipelineSafeModeRule] INFO  safemode.SCMSafeModeManager (HealthyPipelineSafeModeRule.java:process(124)) - SCM in safe mode. Healthy pipelines reported count is 0, required healthy pipeline reported count is 1
2021-10-01 16:55:12,105 [pool-123-thread-1] INFO  server.RaftServerConfigKeys (ConfUtils.java:logGet(44)) - raft.server.log.write.buffer.size = 1048576 (custom)
2021-10-01 16:55:12,105 [pool-123-thread-1] INFO  server.RaftServerConfigKeys (ConfUtils.java:logGet(44)) - raft.server.log.statemachine.data.caching.enabled = true (custom)
2021-10-01 16:55:12,105 [pool-123-thread-1] INFO  segmented.SegmentedRaftLogWorker (SegmentedRaftLogWorker.java:lambda$new$0(133)) - 2bef8554-b428-4684-ba01-b6ee907780a1@group-3E165BC00B30-SegmentedRaftLogWorker: flushIndex: setUnconditionally 0 -> -1
2021-10-01 16:55:12,105 [pool-123-thread-1] INFO  segmented.SegmentedRaftLogWorker (SegmentedRaftLogWorker.java:lambda$new$0(133)) - 2bef8554-b428-4684-ba01-b6ee907780a1@group-3E165BC00B30-SegmentedRaftLogWorker: safeCacheEvictIndex: setUnconditionally 0 -> -1
2021-10-01 16:55:12,112 [pool-123-thread-1] INFO  server.RaftServerConfigKeys (ConfUtils.java:logGet(44)) - raft.server.snapshot.auto.trigger.enabled = true (custom)
2021-10-01 16:55:12,112 [pool-123-thread-1] INFO  server.RaftServerConfigKeys (ConfUtils.java:logGet(44)) - raft.server.snapshot.auto.trigger.threshold = 10000 (custom)
2021-10-01 16:55:12,112 [pool-123-thread-1] INFO  server.RaftServerConfigKeys (ConfUtils.java:logGet(44)) - raft.server.snapshot.retention.file.num = 5 (custom)
2021-10-01 16:55:12,113 [pool-123-thread-1] INFO  server.RaftServerConfigKeys (ConfUtils.java:logGet(44)) - raft.server.log.purge.upto.snapshot.index = false (default)
2021-10-01 16:55:12,113 [pool-123-thread-1] INFO  server.RaftServerConfigKeys (ConfUtils.java:logGet(44)) - raft.server.retrycache.expirytime = 600000ms (custom)
2021-10-01 16:55:12,113 [pool-123-thread-1] INFO  server.RaftServerConfigKeys (ConfUtils.java:logGet(44)) - raft.server.retrycache.statistics.expirytime = 100μs (default)
2021-10-01 16:55:12,115 [pool-123-thread-1] INFO  server.RaftServer$Division (RaftServerImpl.java:start(296)) - 2bef8554-b428-4684-ba01-b6ee907780a1@group-3E165BC00B30: start as a follower, conf=-1: [2bef8554-b428-4684-ba01-b6ee907780a1|rpc:10.1.0.30:36303|priority:1], old=null
2021-10-01 16:55:12,115 [pool-123-thread-1] INFO  server.RaftServer$Division (RaftServerImpl.java:setRole(285)) - 2bef8554-b428-4684-ba01-b6ee907780a1@group-3E165BC00B30: changes role from      null to FOLLOWER at term 0 for startAsFollower
2021-10-01 16:55:12,115 [pool-123-thread-1] INFO  impl.RoleInfo (RoleInfo.java:updateAndGet(130)) - 2bef8554-b428-4684-ba01-b6ee907780a1: start 2bef8554-b428-4684-ba01-b6ee907780a1@group-3E165BC00B30-FollowerState
2021-10-01 16:55:12,120 [pool-123-thread-1] INFO  util.JmxRegister (JmxRegister.java:tryRegister(44)) - Successfully registered JMX Bean with object name Ratis:service=RaftServer,group=group-3E165BC00B30,id=2bef8554-b428-4684-ba01-b6ee907780a1
2021-10-01 16:55:12,121 [Command processor thread] INFO  ratis.XceiverServerRatis (XceiverServerRatis.java:addGroup(763)) - Created group PipelineID=076aa5bc-bf03-40e0-bd41-3e165bc00b30
2021-10-01 16:55:12,122 [Command processor thread] INFO  commandhandler.CreatePipelineCommandHandler (CreatePipelineCommandHandler.java:handle(106)) - Created Pipeline RATIS ONE PipelineID=076aa5bc-bf03-40e0-bd41-3e165bc00b30.
2021-10-01 16:55:12,122 [Command processor thread] INFO  server.RaftServer (RaftServerProxy.java:addNew(95)) - 2bef8554-b428-4684-ba01-b6ee907780a1: addNew group-67DC42A0BEC5:[2bef8554-b428-4684-ba01-b6ee907780a1|rpc:10.1.0.30:36303|priority:0, bd8339b7-19ff-491c-8d62-b494fd289dd0|rpc:10.1.0.30:34869|priority:0, 55456646-246b-433e-ba91-0894db9f2978|rpc:10.1.0.30:46679|priority:1] returns group-67DC42A0BEC5:java.util.concurrent.CompletableFuture@19cc72ad[Not completed]
2021-10-01 16:55:12,123 [pool-123-thread-1] INFO  server.RaftServer$Division (RaftServerImpl.java:<init>(181)) - 2bef8554-b428-4684-ba01-b6ee907780a1: new RaftServerImpl for group-67DC42A0BEC5:[2bef8554-b428-4684-ba01-b6ee907780a1|rpc:10.1.0.30:36303|priority:0, bd8339b7-19ff-491c-8d62-b494fd289dd0|rpc:10.1.0.30:34869|priority:0, 55456646-246b-433e-ba91-0894db9f2978|rpc:10.1.0.30:46679|priority:1] with ContainerStateMachine:uninitialized
2021-10-01 16:55:12,123 [pool-123-thread-1] INFO  server.RaftServerConfigKeys (ConfUtils.java:logGet(44)) - raft.server.rpc.timeout.min = 5s (custom)
2021-10-01 16:55:12,123 [pool-123-thread-1] INFO  server.RaftServerConfigKeys (ConfUtils.java:logGet(44)) - raft.server.rpc.timeout.max = 5200ms (custom)
2021-10-01 16:55:12,123 [pool-123-thread-1] INFO  server.RaftServerConfigKeys (ConfUtils.java:logGet(44)) - raft.server.rpc.sleep.time = 25ms (default)
2021-10-01 16:55:12,123 [pool-123-thread-1] INFO  server.RaftServerConfigKeys (ConfUtils.java:logGet(44)) - raft.server.rpc.slowness.timeout = 300s (custom)
2021-10-01 16:55:12,123 [pool-123-thread-1] INFO  server.RaftServerConfigKeys (ConfUtils.java:logGet(44)) - raft.server.leaderelection.leader.step-down.wait-time = 10s (default)
2021-10-01 16:55:12,123 [pool-123-thread-1] INFO  server.RaftServerConfigKeys (ConfUtils.java:logGet(44)) - raft.server.sleep.deviation.threshold = 300ms (default)
2021-10-01 16:55:12,123 [pool-123-thread-1] INFO  server.RaftServerConfigKeys (ConfUtils.java:logGet(44)) - raft.server.log.appender.install.snapshot.enabled = false (custom)
2021-10-01 16:55:12,123 [pool-123-thread-1] INFO  server.RaftServer$Division (ServerState.java:<init>(105)) - 2bef8554-b428-4684-ba01-b6ee907780a1@group-67DC42A0BEC5: ConfigurationManager, init=-1: [2bef8554-b428-4684-ba01-b6ee907780a1|rpc:10.1.0.30:36303|priority:0, bd8339b7-19ff-491c-8d62-b494fd289dd0|rpc:10.1.0.30:34869|priority:0, 55456646-246b-433e-ba91-0894db9f2978|rpc:10.1.0.30:46679|priority:1], old=null, confs=<EMPTY_MAP>
2021-10-01 16:55:12,124 [pool-123-thread-1] INFO  server.RaftServerConfigKeys (ConfUtils.java:logGet(44)) - raft.server.storage.dir = [/home/runner/work/ozone/ozone/hadoop-ozone/integration-test/target/test-dir/MiniOzoneClusterImpl-def46c0d-8367-4b8c-99dd-0a1bf9c58634/datanode-0/data/ratis] (custom)
2021-10-01 16:55:12,124 [pool-123-thread-1] INFO  server.RaftServerConfigKeys (ConfUtils.java:logGet(44)) - raft.server.log.corruption.policy = EXCEPTION (default)
2021-10-01 16:55:12,124 [pool-123-thread-1] INFO  server.RaftServerConfigKeys (ConfUtils.java:logGet(44)) - raft.server.storage.free-space.min = 0MB (=0) (default)
2021-10-01 16:55:12,124 [pool-123-thread-1] INFO  storage.RaftStorageDirectory (RaftStorageDirectoryImpl.java:analyzeStorage(135)) - The storage directory /home/runner/work/ozone/ozone/hadoop-ozone/integration-test/target/test-dir/MiniOzoneClusterImpl-def46c0d-8367-4b8c-99dd-0a1bf9c58634/datanode-0/data/ratis/6bef1b5c-5573-4eef-b870-67dc42a0bec5 does not exist. Creating ...
2021-10-01 16:55:12,127 [pool-123-thread-1] INFO  storage.RaftStorageDirectory (RaftStorageDirectoryImpl.java:tryLock(230)) - Lock on /home/runner/work/ozone/ozone/hadoop-ozone/integration-test/target/test-dir/MiniOzoneClusterImpl-def46c0d-8367-4b8c-99dd-0a1bf9c58634/datanode-0/data/ratis/6bef1b5c-5573-4eef-b870-67dc42a0bec5/in_use.lock acquired by nodename 26035@fv-az297-751
2021-10-01 16:55:12,131 [pool-123-thread-1] INFO  storage.RaftStorage (RaftStorageImpl.java:format(89)) - Storage directory /home/runner/work/ozone/ozone/hadoop-ozone/integration-test/target/test-dir/MiniOzoneClusterImpl-def46c0d-8367-4b8c-99dd-0a1bf9c58634/datanode-0/data/ratis/6bef1b5c-5573-4eef-b870-67dc42a0bec5 has been successfully formatted.
2021-10-01 16:55:12,131 [pool-123-thread-1] INFO  ratis.ContainerStateMachine (ContainerStateMachine.java:loadSnapshot(224)) - group-67DC42A0BEC5: The snapshot info is null. Setting the last applied indexto:(t:0, i:~)
2021-10-01 16:55:12,131 [pool-123-thread-1] INFO  server.RaftServerConfigKeys (ConfUtils.java:logGet(44)) - raft.server.notification.no-leader.timeout = 300s (custom)
2021-10-01 16:55:12,131 [pool-123-thread-1] INFO  server.RaftServerConfigKeys (ConfUtils.java:logGet(44)) - raft.server.log.use.memory = false (default)
2021-10-01 16:55:12,131 [pool-123-thread-1] INFO  server.RaftServerConfigKeys (ConfUtils.java:logGet(44)) - raft.server.log.purge.gap = 1000000 (custom)
2021-10-01 16:55:12,132 [pool-123-thread-1] INFO  server.RaftServerConfigKeys (ConfUtils.java:logGet(44)) - raft.server.log.appender.buffer.byte-limit = 33554432 (custom)
2021-10-01 16:55:12,132 [pool-123-thread-1] INFO  server.RaftServerConfigKeys (ConfUtils.java:logGet(44)) - raft.server.log.segment.size.max = 1048576 (custom)
2021-10-01 16:55:12,133 [pool-123-thread-1] INFO  server.RaftServerConfigKeys (ConfUtils.java:logGet(44)) - raft.server.log.segment.cache.num.max = 2 (custom)
2021-10-01 16:55:12,133 [pool-123-thread-1] INFO  server.RaftServerConfigKeys (ConfUtils.java:logGet(44)) - raft.server.log.segment.cache.size.max = 200MB (=209715200) (default)
2021-10-01 16:55:12,133 [pool-123-thread-1] INFO  segmented.SegmentedRaftLogWorker (SegmentedRaftLogWorker.java:<init>(182)) - new 2bef8554-b428-4684-ba01-b6ee907780a1@group-67DC42A0BEC5-SegmentedRaftLogWorker for RaftStorageImpl:Storage Directory /home/runner/work/ozone/ozone/hadoop-ozone/integration-test/target/test-dir/MiniOzoneClusterImpl-def46c0d-8367-4b8c-99dd-0a1bf9c58634/datanode-0/data/ratis/6bef1b5c-5573-4eef-b870-67dc42a0bec5
2021-10-01 16:55:12,133 [pool-123-thread-1] INFO  server.RaftServerConfigKeys (ConfUtils.java:logGet(44)) - raft.server.log.queue.byte-limit = 2147483647 (custom)
2021-10-01 16:55:12,133 [pool-123-thread-1] INFO  server.RaftServerConfigKeys (ConfUtils.java:logGet(44)) - raft.server.log.queue.element-limit = 1024 (custom)
2021-10-01 16:55:12,133 [pool-123-thread-1] INFO  server.RaftServerConfigKeys (ConfUtils.java:logGet(44)) - raft.server.log.segment.size.max = 1048576 (custom)
2021-10-01 16:55:12,133 [pool-123-thread-1] INFO  server.RaftServerConfigKeys (ConfUtils.java:logGet(44)) - raft.server.log.preallocated.size = 16384 (custom)
2021-10-01 16:55:12,133 [pool-123-thread-1] INFO  server.RaftServerConfigKeys (ConfUtils.java:logGet(44)) - raft.server.log.force.sync.num = 128 (default)
2021-10-01 16:55:12,133 [pool-123-thread-1] INFO  server.RaftServerConfigKeys (ConfUtils.java:logGet(44)) - raft.server.log.statemachine.data.sync = true (default)
2021-10-01 16:55:12,133 [pool-123-thread-1] INFO  server.RaftServerConfigKeys (ConfUtils.java:logGet(44)) - raft.server.log.statemachine.data.sync.timeout = 10s (default)
2021-10-01 16:55:12,133 [pool-123-thread-1] INFO  server.RaftServerConfigKeys (ConfUtils.java:logGet(44)) - raft.server.log.statemachine.data.sync.timeout.retry = -1 (default)
2021-10-01 16:55:12,141 [EventQueue-OpenPipelineForHealthyPipelineSafeModeRule] INFO  safemode.SCMSafeModeManager (HealthyPipelineSafeModeRule.java:process(124)) - SCM in safe mode. Healthy pipelines reported count is 0, required healthy pipeline reported count is 1
2021-10-01 16:55:12,142 [pool-123-thread-1] INFO  server.RaftServerConfigKeys (ConfUtils.java:logGet(44)) - raft.server.log.write.buffer.size = 1048576 (custom)
2021-10-01 16:55:12,142 [pool-123-thread-1] INFO  server.RaftServerConfigKeys (ConfUtils.java:logGet(44)) - raft.server.log.statemachine.data.caching.enabled = true (custom)
2021-10-01 16:55:12,143 [pool-123-thread-1] INFO  segmented.SegmentedRaftLogWorker (SegmentedRaftLogWorker.java:lambda$new$0(133)) - 2bef8554-b428-4684-ba01-b6ee907780a1@group-67DC42A0BEC5-SegmentedRaftLogWorker: flushIndex: setUnconditionally 0 -> -1
2021-10-01 16:55:12,143 [pool-123-thread-1] INFO  segmented.SegmentedRaftLogWorker (SegmentedRaftLogWorker.java:lambda$new$0(133)) - 2bef8554-b428-4684-ba01-b6ee907780a1@group-67DC42A0BEC5-SegmentedRaftLogWorker: safeCacheEvictIndex: setUnconditionally 0 -> -1
2021-10-01 16:55:12,143 [pool-123-thread-1] INFO  server.RaftServerConfigKeys (ConfUtils.java:logGet(44)) - raft.server.snapshot.auto.trigger.enabled = true (custom)
2021-10-01 16:55:12,143 [pool-123-thread-1] INFO  server.RaftServerConfigKeys (ConfUtils.java:logGet(44)) - raft.server.snapshot.auto.trigger.threshold = 10000 (custom)
2021-10-01 16:55:12,143 [pool-123-thread-1] INFO  server.RaftServerConfigKeys (ConfUtils.java:logGet(44)) - raft.server.snapshot.retention.file.num = 5 (custom)
2021-10-01 16:55:12,143 [pool-123-thread-1] INFO  server.RaftServerConfigKeys (ConfUtils.java:logGet(44)) - raft.server.log.purge.upto.snapshot.index = false (default)
2021-10-01 16:55:12,143 [pool-123-thread-1] INFO  server.RaftServerConfigKeys (ConfUtils.java:logGet(44)) - raft.server.retrycache.expirytime = 600000ms (custom)
2021-10-01 16:55:12,143 [pool-123-thread-1] INFO  server.RaftServerConfigKeys (ConfUtils.java:logGet(44)) - raft.server.retrycache.statistics.expirytime = 100μs (default)
2021-10-01 16:55:12,145 [pool-123-thread-1] INFO  server.RaftServer$Division (RaftServerImpl.java:start(296)) - 2bef8554-b428-4684-ba01-b6ee907780a1@group-67DC42A0BEC5: start as a follower, conf=-1: [2bef8554-b428-4684-ba01-b6ee907780a1|rpc:10.1.0.30:36303|priority:0, bd8339b7-19ff-491c-8d62-b494fd289dd0|rpc:10.1.0.30:34869|priority:0, 55456646-246b-433e-ba91-0894db9f2978|rpc:10.1.0.30:46679|priority:1], old=null
2021-10-01 16:55:12,145 [pool-123-thread-1] INFO  server.RaftServer$Division (RaftServerImpl.java:setRole(285)) - 2bef8554-b428-4684-ba01-b6ee907780a1@group-67DC42A0BEC5: changes role from      null to FOLLOWER at term 0 for startAsFollower
2021-10-01 16:55:12,151 [pool-123-thread-1] INFO  impl.RoleInfo (RoleInfo.java:updateAndGet(130)) - 2bef8554-b428-4684-ba01-b6ee907780a1: start 2bef8554-b428-4684-ba01-b6ee907780a1@group-67DC42A0BEC5-FollowerState
2021-10-01 16:55:12,159 [pool-123-thread-1] INFO  util.JmxRegister (JmxRegister.java:tryRegister(44)) - Successfully registered JMX Bean with object name Ratis:service=RaftServer,group=group-67DC42A0BEC5,id=2bef8554-b428-4684-ba01-b6ee907780a1
2021-10-01 16:55:12,162 [Command processor thread] INFO  ratis.XceiverServerRatis (XceiverServerRatis.java:addGroup(763)) - Created group PipelineID=6bef1b5c-5573-4eef-b870-67dc42a0bec5
2021-10-01 16:55:12,344 [Command processor thread] INFO  server.RaftServer (RaftServerProxy.java:addNew(95)) - 55456646-246b-433e-ba91-0894db9f2978: addNew group-47279CB0A57A:[55456646-246b-433e-ba91-0894db9f2978|rpc:10.1.0.30:46679|priority:1] returns group-47279CB0A57A:java.util.concurrent.CompletableFuture@70e3bfc4[Not completed]
2021-10-01 16:55:12,355 [pool-142-thread-1] INFO  server.RaftServer$Division (RaftServerImpl.java:<init>(181)) - 55456646-246b-433e-ba91-0894db9f2978: new RaftServerImpl for group-47279CB0A57A:[55456646-246b-433e-ba91-0894db9f2978|rpc:10.1.0.30:46679|priority:1] with ContainerStateMachine:uninitialized
2021-10-01 16:55:12,360 [pool-142-thread-1] INFO  server.RaftServerConfigKeys (ConfUtils.java:logGet(44)) - raft.server.rpc.timeout.min = 5s (custom)
2021-10-01 16:55:12,360 [pool-142-thread-1] INFO  server.RaftServerConfigKeys (ConfUtils.java:logGet(44)) - raft.server.rpc.timeout.max = 5200ms (custom)
2021-10-01 16:55:12,361 [pool-142-thread-1] INFO  server.RaftServerConfigKeys (ConfUtils.java:logGet(44)) - raft.server.rpc.sleep.time = 25ms (default)
2021-10-01 16:55:12,361 [pool-142-thread-1] INFO  server.RaftServerConfigKeys (ConfUtils.java:logGet(44)) - raft.server.rpc.slowness.timeout = 300s (custom)
2021-10-01 16:55:12,361 [pool-142-thread-1] INFO  server.RaftServerConfigKeys (ConfUtils.java:logGet(44)) - raft.server.leaderelection.leader.step-down.wait-time = 10s (default)
2021-10-01 16:55:12,361 [pool-142-thread-1] INFO  server.RaftServerConfigKeys (ConfUtils.java:logGet(44)) - raft.server.sleep.deviation.threshold = 300ms (default)
2021-10-01 16:55:12,361 [pool-142-thread-1] INFO  server.RaftServerConfigKeys (ConfUtils.java:logGet(44)) - raft.server.log.appender.install.snapshot.enabled = false (custom)
2021-10-01 16:55:12,361 [pool-142-thread-1] INFO  server.RaftServer$Division (ServerState.java:<init>(105)) - 55456646-246b-433e-ba91-0894db9f2978@group-47279CB0A57A: ConfigurationManager, init=-1: [55456646-246b-433e-ba91-0894db9f2978|rpc:10.1.0.30:46679|priority:1], old=null, confs=<EMPTY_MAP>
2021-10-01 16:55:12,361 [pool-142-thread-1] INFO  server.RaftServerConfigKeys (ConfUtils.java:logGet(44)) - raft.server.storage.dir = [/home/runner/work/ozone/ozone/hadoop-ozone/integration-test/target/test-dir/MiniOzoneClusterImpl-def46c0d-8367-4b8c-99dd-0a1bf9c58634/datanode-1/data/ratis] (custom)
2021-10-01 16:55:12,361 [pool-142-thread-1] INFO  server.RaftServerConfigKeys (ConfUtils.java:logGet(44)) - raft.server.log.corruption.policy = EXCEPTION (default)
2021-10-01 16:55:12,361 [pool-142-thread-1] INFO  server.RaftServerConfigKeys (ConfUtils.java:logGet(44)) - raft.server.storage.free-space.min = 0MB (=0) (default)
2021-10-01 16:55:12,361 [pool-142-thread-1] INFO  storage.RaftStorageDirectory (RaftStorageDirectoryImpl.java:analyzeStorage(135)) - The storage directory /home/runner/work/ozone/ozone/hadoop-ozone/integration-test/target/test-dir/MiniOzoneClusterImpl-def46c0d-8367-4b8c-99dd-0a1bf9c58634/datanode-1/data/ratis/73c3c219-1388-4cc2-a470-47279cb0a57a does not exist. Creating ...
2021-10-01 16:55:12,364 [pool-142-thread-1] INFO  storage.RaftStorageDirectory (RaftStorageDirectoryImpl.java:tryLock(230)) - Lock on /home/runner/work/ozone/ozone/hadoop-ozone/integration-test/target/test-dir/MiniOzoneClusterImpl-def46c0d-8367-4b8c-99dd-0a1bf9c58634/datanode-1/data/ratis/73c3c219-1388-4cc2-a470-47279cb0a57a/in_use.lock acquired by nodename 26035@fv-az297-751
2021-10-01 16:55:12,365 [pool-142-thread-1] INFO  storage.RaftStorage (RaftStorageImpl.java:format(89)) - Storage directory /home/runner/work/ozone/ozone/hadoop-ozone/integration-test/target/test-dir/MiniOzoneClusterImpl-def46c0d-8367-4b8c-99dd-0a1bf9c58634/datanode-1/data/ratis/73c3c219-1388-4cc2-a470-47279cb0a57a has been successfully formatted.
2021-10-01 16:55:12,379 [pool-142-thread-1] INFO  ratis.ContainerStateMachine (ContainerStateMachine.java:loadSnapshot(224)) - group-47279CB0A57A: The snapshot info is null. Setting the last applied indexto:(t:0, i:~)
2021-10-01 16:55:12,379 [pool-142-thread-1] INFO  server.RaftServerConfigKeys (ConfUtils.java:logGet(44)) - raft.server.notification.no-leader.timeout = 300s (custom)
2021-10-01 16:55:12,379 [Datanode State Machine Thread - 0] WARN  statemachine.StateContext (StateContext.java:execute(621)) - No available thread in pool for past 1 seconds.
2021-10-01 16:55:12,379 [pool-142-thread-1] INFO  server.RaftServerConfigKeys (ConfUtils.java:logGet(44)) - raft.server.log.use.memory = false (default)
2021-10-01 16:55:12,382 [pool-142-thread-1] INFO  server.RaftServerConfigKeys (ConfUtils.java:logGet(44)) - raft.server.log.purge.gap = 1000000 (custom)
2021-10-01 16:55:12,382 [pool-142-thread-1] INFO  server.RaftServerConfigKeys (ConfUtils.java:logGet(44)) - raft.server.log.appender.buffer.byte-limit = 33554432 (custom)
2021-10-01 16:55:12,382 [pool-142-thread-1] INFO  server.RaftServerConfigKeys (ConfUtils.java:logGet(44)) - raft.server.log.segment.size.max = 1048576 (custom)
2021-10-01 16:55:12,383 [pool-142-thread-1] INFO  server.RaftServerConfigKeys (ConfUtils.java:logGet(44)) - raft.server.log.segment.cache.num.max = 2 (custom)
2021-10-01 16:55:12,384 [pool-142-thread-1] INFO  server.RaftServerConfigKeys (ConfUtils.java:logGet(44)) - raft.server.log.segment.cache.size.max = 200MB (=209715200) (default)
2021-10-01 16:55:12,384 [pool-142-thread-1] INFO  segmented.SegmentedRaftLogWorker (SegmentedRaftLogWorker.java:<init>(182)) - new 55456646-246b-433e-ba91-0894db9f2978@group-47279CB0A57A-SegmentedRaftLogWorker for RaftStorageImpl:Storage Directory /home/runner/work/ozone/ozone/hadoop-ozone/integration-test/target/test-dir/MiniOzoneClusterImpl-def46c0d-8367-4b8c-99dd-0a1bf9c58634/datanode-1/data/ratis/73c3c219-1388-4cc2-a470-47279cb0a57a
2021-10-01 16:55:12,384 [pool-142-thread-1] INFO  server.RaftServerConfigKeys (ConfUtils.java:logGet(44)) - raft.server.log.queue.byte-limit = 2147483647 (custom)
2021-10-01 16:55:12,384 [pool-142-thread-1] INFO  server.RaftServerConfigKeys (ConfUtils.java:logGet(44)) - raft.server.log.queue.element-limit = 1024 (custom)
2021-10-01 16:55:12,384 [pool-142-thread-1] INFO  server.RaftServerConfigKeys (ConfUtils.java:logGet(44)) - raft.server.log.segment.size.max = 1048576 (custom)
2021-10-01 16:55:12,385 [pool-142-thread-1] INFO  server.RaftServerConfigKeys (ConfUtils.java:logGet(44)) - raft.server.log.preallocated.size = 16384 (custom)
2021-10-01 16:55:12,385 [pool-142-thread-1] INFO  server.RaftServerConfigKeys (ConfUtils.java:logGet(44)) - raft.server.log.force.sync.num = 128 (default)
2021-10-01 16:55:12,385 [pool-142-thread-1] INFO  server.RaftServerConfigKeys (ConfUtils.java:logGet(44)) - raft.server.log.statemachine.data.sync = true (default)
2021-10-01 16:55:12,385 [pool-142-thread-1] INFO  server.RaftServerConfigKeys (ConfUtils.java:logGet(44)) - raft.server.log.statemachine.data.sync.timeout = 10s (default)
2021-10-01 16:55:12,385 [pool-142-thread-1] INFO  server.RaftServerConfigKeys (ConfUtils.java:logGet(44)) - raft.server.log.statemachine.data.sync.timeout.retry = -1 (default)
2021-10-01 16:55:12,386 [pool-142-thread-1] INFO  server.RaftServerConfigKeys (ConfUtils.java:logGet(44)) - raft.server.log.write.buffer.size = 1048576 (custom)
2021-10-01 16:55:12,388 [pool-142-thread-1] INFO  server.RaftServerConfigKeys (ConfUtils.java:logGet(44)) - raft.server.log.statemachine.data.caching.enabled = true (custom)
2021-10-01 16:55:12,388 [pool-142-thread-1] INFO  segmented.SegmentedRaftLogWorker (SegmentedRaftLogWorker.java:lambda$new$0(133)) - 55456646-246b-433e-ba91-0894db9f2978@group-47279CB0A57A-SegmentedRaftLogWorker: flushIndex: setUnconditionally 0 -> -1
2021-10-01 16:55:12,388 [pool-142-thread-1] INFO  segmented.SegmentedRaftLogWorker (SegmentedRaftLogWorker.java:lambda$new$0(133)) - 55456646-246b-433e-ba91-0894db9f2978@group-47279CB0A57A-SegmentedRaftLogWorker: safeCacheEvictIndex: setUnconditionally 0 -> -1
2021-10-01 16:55:12,388 [pool-142-thread-1] INFO  server.RaftServerConfigKeys (ConfUtils.java:logGet(44)) - raft.server.snapshot.auto.trigger.enabled = true (custom)
2021-10-01 16:55:12,389 [pool-142-thread-1] INFO  server.RaftServerConfigKeys (ConfUtils.java:logGet(44)) - raft.server.snapshot.auto.trigger.threshold = 10000 (custom)
2021-10-01 16:55:12,389 [pool-142-thread-1] INFO  server.RaftServerConfigKeys (ConfUtils.java:logGet(44)) - raft.server.snapshot.retention.file.num = 5 (custom)
2021-10-01 16:55:12,389 [pool-142-thread-1] INFO  server.RaftServerConfigKeys (ConfUtils.java:logGet(44)) - raft.server.log.purge.upto.snapshot.index = false (default)
2021-10-01 16:55:12,389 [pool-142-thread-1] INFO  server.RaftServerConfigKeys (ConfUtils.java:logGet(44)) - raft.server.retrycache.expirytime = 600000ms (custom)
2021-10-01 16:55:12,389 [pool-142-thread-1] INFO  server.RaftServerConfigKeys (ConfUtils.java:logGet(44)) - raft.server.retrycache.statistics.expirytime = 100μs (default)
2021-10-01 16:55:12,390 [pool-142-thread-1] INFO  server.RaftServer$Division (RaftServerImpl.java:start(296)) - 55456646-246b-433e-ba91-0894db9f2978@group-47279CB0A57A: start as a follower, conf=-1: [55456646-246b-433e-ba91-0894db9f2978|rpc:10.1.0.30:46679|priority:1], old=null
2021-10-01 16:55:12,390 [pool-142-thread-1] INFO  server.RaftServer$Division (RaftServerImpl.java:setRole(285)) - 55456646-246b-433e-ba91-0894db9f2978@group-47279CB0A57A: changes role from      null to FOLLOWER at term 0 for startAsFollower
2021-10-01 16:55:12,390 [pool-142-thread-1] INFO  impl.RoleInfo (RoleInfo.java:updateAndGet(130)) - 55456646-246b-433e-ba91-0894db9f2978: start 55456646-246b-433e-ba91-0894db9f2978@group-47279CB0A57A-FollowerState
2021-10-01 16:55:12,407 [pool-142-thread-1] INFO  util.JmxRegister (JmxRegister.java:tryRegister(44)) - Successfully registered JMX Bean with object name Ratis:service=RaftServer,group=group-47279CB0A57A,id=55456646-246b-433e-ba91-0894db9f2978
2021-10-01 16:55:12,408 [EventQueue-PipelineReportForPipelineReportHandler] INFO  pipeline.PipelineManagerImpl (PipelineManagerImpl.java:openPipeline(282)) - Pipeline Pipeline[ Id: 73c3c219-1388-4cc2-a470-47279cb0a57a, Nodes: 55456646-246b-433e-ba91-0894db9f2978{ip: 10.1.0.30, host: fv-az297-751.nmf1rxwemy4u5di1sxxf4ejcwb.jx.internal.cloudapp.net, ports: [REPLICATION=37327, RATIS=46679, RATIS_ADMIN=46679, RATIS_SERVER=46679, STANDALONE=34269], networkLocation: /default-rack, certSerialId: null, persistedOpState: IN_SERVICE, persistedOpStateExpiryEpochSec: 0}, ReplicationConfig: RATIS/ONE, State:ALLOCATED, leaderId:55456646-246b-433e-ba91-0894db9f2978, CreationTimestamp2021-10-01T16:55:09.349Z[Etc/UTC]] moved to OPEN state
2021-10-01 16:55:12,409 [EventQueue-OpenPipelineForHealthyPipelineSafeModeRule] INFO  safemode.SCMSafeModeManager (HealthyPipelineSafeModeRule.java:process(124)) - SCM in safe mode. Healthy pipelines reported count is 0, required healthy pipeline reported count is 1
2021-10-01 16:55:12,410 [Command processor thread] INFO  ratis.XceiverServerRatis (XceiverServerRatis.java:addGroup(763)) - Created group PipelineID=73c3c219-1388-4cc2-a470-47279cb0a57a
2021-10-01 16:55:12,415 [Command processor thread] INFO  commandhandler.CreatePipelineCommandHandler (CreatePipelineCommandHandler.java:handle(106)) - Created Pipeline RATIS ONE PipelineID=73c3c219-1388-4cc2-a470-47279cb0a57a.
2021-10-01 16:55:12,416 [Command processor thread] INFO  server.RaftServer (RaftServerProxy.java:addNew(95)) - 55456646-246b-433e-ba91-0894db9f2978: addNew group-67DC42A0BEC5:[2bef8554-b428-4684-ba01-b6ee907780a1|rpc:10.1.0.30:36303|priority:0, bd8339b7-19ff-491c-8d62-b494fd289dd0|rpc:10.1.0.30:34869|priority:0, 55456646-246b-433e-ba91-0894db9f2978|rpc:10.1.0.30:46679|priority:1] returns group-67DC42A0BEC5:java.util.concurrent.CompletableFuture@74dc2500[Not completed]
2021-10-01 16:55:12,417 [pool-142-thread-1] INFO  server.RaftServer$Division (RaftServerImpl.java:<init>(181)) - 55456646-246b-433e-ba91-0894db9f2978: new RaftServerImpl for group-67DC42A0BEC5:[2bef8554-b428-4684-ba01-b6ee907780a1|rpc:10.1.0.30:36303|priority:0, bd8339b7-19ff-491c-8d62-b494fd289dd0|rpc:10.1.0.30:34869|priority:0, 55456646-246b-433e-ba91-0894db9f2978|rpc:10.1.0.30:46679|priority:1] with ContainerStateMachine:uninitialized
2021-10-01 16:55:12,418 [pool-142-thread-1] INFO  server.RaftServerConfigKeys (ConfUtils.java:logGet(44)) - raft.server.rpc.timeout.min = 5s (custom)
2021-10-01 16:55:12,418 [pool-142-thread-1] INFO  server.RaftServerConfigKeys (ConfUtils.java:logGet(44)) - raft.server.rpc.timeout.max = 5200ms (custom)
2021-10-01 16:55:12,418 [pool-142-thread-1] INFO  server.RaftServerConfigKeys (ConfUtils.java:logGet(44)) - raft.server.rpc.sleep.time = 25ms (default)
2021-10-01 16:55:12,418 [pool-142-thread-1] INFO  server.RaftServerConfigKeys (ConfUtils.java:logGet(44)) - raft.server.rpc.slowness.timeout = 300s (custom)
2021-10-01 16:55:12,418 [pool-142-thread-1] INFO  server.RaftServerConfigKeys (ConfUtils.java:logGet(44)) - raft.server.leaderelection.leader.step-down.wait-time = 10s (default)
2021-10-01 16:55:12,418 [pool-142-thread-1] INFO  server.RaftServerConfigKeys (ConfUtils.java:logGet(44)) - raft.server.sleep.deviation.threshold = 300ms (default)
2021-10-01 16:55:12,418 [pool-142-thread-1] INFO  server.RaftServerConfigKeys (ConfUtils.java:logGet(44)) - raft.server.log.appender.install.snapshot.enabled = false (custom)
2021-10-01 16:55:12,418 [pool-142-thread-1] INFO  server.RaftServer$Division (ServerState.java:<init>(105)) - 55456646-246b-433e-ba91-0894db9f2978@group-67DC42A0BEC5: ConfigurationManager, init=-1: [2bef8554-b428-4684-ba01-b6ee907780a1|rpc:10.1.0.30:36303|priority:0, bd8339b7-19ff-491c-8d62-b494fd289dd0|rpc:10.1.0.30:34869|priority:0, 55456646-246b-433e-ba91-0894db9f2978|rpc:10.1.0.30:46679|priority:1], old=null, confs=<EMPTY_MAP>
2021-10-01 16:55:12,418 [pool-142-thread-1] INFO  server.RaftServerConfigKeys (ConfUtils.java:logGet(44)) - raft.server.storage.dir = [/home/runner/work/ozone/ozone/hadoop-ozone/integration-test/target/test-dir/MiniOzoneClusterImpl-def46c0d-8367-4b8c-99dd-0a1bf9c58634/datanode-1/data/ratis] (custom)
2021-10-01 16:55:12,418 [pool-142-thread-1] INFO  server.RaftServerConfigKeys (ConfUtils.java:logGet(44)) - raft.server.log.corruption.policy = EXCEPTION (default)
2021-10-01 16:55:12,418 [pool-142-thread-1] INFO  server.RaftServerConfigKeys (ConfUtils.java:logGet(44)) - raft.server.storage.free-space.min = 0MB (=0) (default)
2021-10-01 16:55:12,418 [pool-142-thread-1] INFO  storage.RaftStorageDirectory (RaftStorageDirectoryImpl.java:analyzeStorage(135)) - The storage directory /home/runner/work/ozone/ozone/hadoop-ozone/integration-test/target/test-dir/MiniOzoneClusterImpl-def46c0d-8367-4b8c-99dd-0a1bf9c58634/datanode-1/data/ratis/6bef1b5c-5573-4eef-b870-67dc42a0bec5 does not exist. Creating ...
2021-10-01 16:55:12,420 [pool-142-thread-1] INFO  storage.RaftStorageDirectory (RaftStorageDirectoryImpl.java:tryLock(230)) - Lock on /home/runner/work/ozone/ozone/hadoop-ozone/integration-test/target/test-dir/MiniOzoneClusterImpl-def46c0d-8367-4b8c-99dd-0a1bf9c58634/datanode-1/data/ratis/6bef1b5c-5573-4eef-b870-67dc42a0bec5/in_use.lock acquired by nodename 26035@fv-az297-751
2021-10-01 16:55:12,421 [pool-142-thread-1] INFO  storage.RaftStorage (RaftStorageImpl.java:format(89)) - Storage directory /home/runner/work/ozone/ozone/hadoop-ozone/integration-test/target/test-dir/MiniOzoneClusterImpl-def46c0d-8367-4b8c-99dd-0a1bf9c58634/datanode-1/data/ratis/6bef1b5c-5573-4eef-b870-67dc42a0bec5 has been successfully formatted.
2021-10-01 16:55:12,421 [pool-142-thread-1] INFO  ratis.ContainerStateMachine (ContainerStateMachine.java:loadSnapshot(224)) - group-67DC42A0BEC5: The snapshot info is null. Setting the last applied indexto:(t:0, i:~)
2021-10-01 16:55:12,421 [pool-142-thread-1] INFO  server.RaftServerConfigKeys (ConfUtils.java:logGet(44)) - raft.server.notification.no-leader.timeout = 300s (custom)
2021-10-01 16:55:12,421 [Datanode State Machine Thread - 0] WARN  statemachine.StateContext (StateContext.java:execute(621)) - No available thread in pool for past 1 seconds.
2021-10-01 16:55:12,423 [pool-142-thread-1] INFO  server.RaftServerConfigKeys (ConfUtils.java:logGet(44)) - raft.server.log.use.memory = false (default)
2021-10-01 16:55:12,424 [pool-142-thread-1] INFO  server.RaftServerConfigKeys (ConfUtils.java:logGet(44)) - raft.server.log.purge.gap = 1000000 (custom)
2021-10-01 16:55:12,424 [pool-142-thread-1] INFO  server.RaftServerConfigKeys (ConfUtils.java:logGet(44)) - raft.server.log.appender.buffer.byte-limit = 33554432 (custom)
2021-10-01 16:55:12,424 [pool-142-thread-1] INFO  server.RaftServerConfigKeys (ConfUtils.java:logGet(44)) - raft.server.log.segment.size.max = 1048576 (custom)
2021-10-01 16:55:12,425 [pool-142-thread-1] INFO  server.RaftServerConfigKeys (ConfUtils.java:logGet(44)) - raft.server.log.segment.cache.num.max = 2 (custom)
2021-10-01 16:55:12,427 [pool-142-thread-1] INFO  server.RaftServerConfigKeys (ConfUtils.java:logGet(44)) - raft.server.log.segment.cache.size.max = 200MB (=209715200) (default)
2021-10-01 16:55:12,427 [pool-142-thread-1] INFO  segmented.SegmentedRaftLogWorker (SegmentedRaftLogWorker.java:<init>(182)) - new 55456646-246b-433e-ba91-0894db9f2978@group-67DC42A0BEC5-SegmentedRaftLogWorker for RaftStorageImpl:Storage Directory /home/runner/work/ozone/ozone/hadoop-ozone/integration-test/target/test-dir/MiniOzoneClusterImpl-def46c0d-8367-4b8c-99dd-0a1bf9c58634/datanode-1/data/ratis/6bef1b5c-5573-4eef-b870-67dc42a0bec5
2021-10-01 16:55:12,427 [pool-142-thread-1] INFO  server.RaftServerConfigKeys (ConfUtils.java:logGet(44)) - raft.server.log.queue.byte-limit = 2147483647 (custom)
2021-10-01 16:55:12,427 [pool-142-thread-1] INFO  server.RaftServerConfigKeys (ConfUtils.java:logGet(44)) - raft.server.log.queue.element-limit = 1024 (custom)
2021-10-01 16:55:12,427 [pool-142-thread-1] INFO  server.RaftServerConfigKeys (ConfUtils.java:logGet(44)) - raft.server.log.segment.size.max = 1048576 (custom)
2021-10-01 16:55:12,428 [pool-142-thread-1] INFO  server.RaftServerConfigKeys (ConfUtils.java:logGet(44)) - raft.server.log.preallocated.size = 16384 (custom)
2021-10-01 16:55:12,428 [pool-142-thread-1] INFO  server.RaftServerConfigKeys (ConfUtils.java:logGet(44)) - raft.server.log.force.sync.num = 128 (default)
2021-10-01 16:55:12,428 [pool-142-thread-1] INFO  server.RaftServerConfigKeys (ConfUtils.java:logGet(44)) - raft.server.log.statemachine.data.sync = true (default)
2021-10-01 16:55:12,428 [pool-142-thread-1] INFO  server.RaftServerConfigKeys (ConfUtils.java:logGet(44)) - raft.server.log.statemachine.data.sync.timeout = 10s (default)
2021-10-01 16:55:12,428 [pool-142-thread-1] INFO  server.RaftServerConfigKeys (ConfUtils.java:logGet(44)) - raft.server.log.statemachine.data.sync.timeout.retry = -1 (default)
2021-10-01 16:55:12,440 [EventQueue-OpenPipelineForHealthyPipelineSafeModeRule] INFO  safemode.SCMSafeModeManager (HealthyPipelineSafeModeRule.java:process(124)) - SCM in safe mode. Healthy pipelines reported count is 0, required healthy pipeline reported count is 1
2021-10-01 16:55:12,442 [pool-142-thread-1] INFO  server.RaftServerConfigKeys (ConfUtils.java:logGet(44)) - raft.server.log.write.buffer.size = 1048576 (custom)
2021-10-01 16:55:12,442 [pool-142-thread-1] INFO  server.RaftServerConfigKeys (ConfUtils.java:logGet(44)) - raft.server.log.statemachine.data.caching.enabled = true (custom)
2021-10-01 16:55:12,443 [pool-142-thread-1] INFO  segmented.SegmentedRaftLogWorker (SegmentedRaftLogWorker.java:lambda$new$0(133)) - 55456646-246b-433e-ba91-0894db9f2978@group-67DC42A0BEC5-SegmentedRaftLogWorker: flushIndex: setUnconditionally 0 -> -1
2021-10-01 16:55:12,444 [pool-142-thread-1] INFO  segmented.SegmentedRaftLogWorker (SegmentedRaftLogWorker.java:lambda$new$0(133)) - 55456646-246b-433e-ba91-0894db9f2978@group-67DC42A0BEC5-SegmentedRaftLogWorker: safeCacheEvictIndex: setUnconditionally 0 -> -1
2021-10-01 16:55:12,444 [pool-142-thread-1] INFO  server.RaftServerConfigKeys (ConfUtils.java:logGet(44)) - raft.server.snapshot.auto.trigger.enabled = true (custom)
2021-10-01 16:55:12,451 [pool-142-thread-1] INFO  server.RaftServerConfigKeys (ConfUtils.java:logGet(44)) - raft.server.snapshot.auto.trigger.threshold = 10000 (custom)
2021-10-01 16:55:12,451 [pool-142-thread-1] INFO  server.RaftServerConfigKeys (ConfUtils.java:logGet(44)) - raft.server.snapshot.retention.file.num = 5 (custom)
2021-10-01 16:55:12,451 [pool-142-thread-1] INFO  server.RaftServerConfigKeys (ConfUtils.java:logGet(44)) - raft.server.log.purge.upto.snapshot.index = false (default)
2021-10-01 16:55:12,451 [pool-142-thread-1] INFO  server.RaftServerConfigKeys (ConfUtils.java:logGet(44)) - raft.server.retrycache.expirytime = 600000ms (custom)
2021-10-01 16:55:12,451 [pool-142-thread-1] INFO  server.RaftServerConfigKeys (ConfUtils.java:logGet(44)) - raft.server.retrycache.statistics.expirytime = 100μs (default)
2021-10-01 16:55:12,453 [pool-142-thread-1] INFO  server.RaftServer$Division (RaftServerImpl.java:start(296)) - 55456646-246b-433e-ba91-0894db9f2978@group-67DC42A0BEC5: start as a follower, conf=-1: [2bef8554-b428-4684-ba01-b6ee907780a1|rpc:10.1.0.30:36303|priority:0, bd8339b7-19ff-491c-8d62-b494fd289dd0|rpc:10.1.0.30:34869|priority:0, 55456646-246b-433e-ba91-0894db9f2978|rpc:10.1.0.30:46679|priority:1], old=null
2021-10-01 16:55:12,455 [pool-142-thread-1] INFO  server.RaftServer$Division (RaftServerImpl.java:setRole(285)) - 55456646-246b-433e-ba91-0894db9f2978@group-67DC42A0BEC5: changes role from      null to FOLLOWER at term 0 for startAsFollower
2021-10-01 16:55:12,455 [pool-142-thread-1] INFO  impl.RoleInfo (RoleInfo.java:updateAndGet(130)) - 55456646-246b-433e-ba91-0894db9f2978: start 55456646-246b-433e-ba91-0894db9f2978@group-67DC42A0BEC5-FollowerState
2021-10-01 16:55:12,456 [pool-142-thread-1] INFO  util.JmxRegister (JmxRegister.java:tryRegister(44)) - Successfully registered JMX Bean with object name Ratis:service=RaftServer,group=group-67DC42A0BEC5,id=55456646-246b-433e-ba91-0894db9f2978
2021-10-01 16:55:12,457 [Command processor thread] INFO  ratis.XceiverServerRatis (XceiverServerRatis.java:addGroup(763)) - Created group PipelineID=6bef1b5c-5573-4eef-b870-67dc42a0bec5
2021-10-01 16:55:12,626 [Listener at 127.0.0.1/36675] INFO  ozone.MiniOzoneClusterImpl (MiniOzoneClusterImpl.java:lambda$waitForClusterToBeReady$0(235)) - Nodes are ready. Got 3 of 3 DN Heartbeats.
2021-10-01 16:55:12,626 [Listener at 127.0.0.1/36675] INFO  ozone.MiniOzoneClusterImpl (MiniOzoneClusterImpl.java:lambda$waitForClusterToBeReady$0(238)) - Waiting for cluster to exit safe mode
2021-10-01 16:55:12,626 [Listener at 127.0.0.1/36675] INFO  ozone.MiniOzoneClusterImpl (MiniOzoneClusterImpl.java:lambda$waitForClusterToBeReady$0(240)) - SCM became leader
2021-10-01 16:55:12,641 [Command processor thread] INFO  server.RaftServer (RaftServerProxy.java:addNew(95)) - bd8339b7-19ff-491c-8d62-b494fd289dd0: addNew group-FE1425281356:[bd8339b7-19ff-491c-8d62-b494fd289dd0|rpc:10.1.0.30:34869|priority:1] returns group-FE1425281356:java.util.concurrent.CompletableFuture@5a424649[Not completed]
2021-10-01 16:55:12,646 [pool-161-thread-1] INFO  server.RaftServer$Division (RaftServerImpl.java:<init>(181)) - bd8339b7-19ff-491c-8d62-b494fd289dd0: new RaftServerImpl for group-FE1425281356:[bd8339b7-19ff-491c-8d62-b494fd289dd0|rpc:10.1.0.30:34869|priority:1] with ContainerStateMachine:uninitialized
2021-10-01 16:55:12,647 [pool-161-thread-1] INFO  server.RaftServerConfigKeys (ConfUtils.java:logGet(44)) - raft.server.rpc.timeout.min = 5s (custom)
2021-10-01 16:55:12,647 [pool-161-thread-1] INFO  server.RaftServerConfigKeys (ConfUtils.java:logGet(44)) - raft.server.rpc.timeout.max = 5200ms (custom)
2021-10-01 16:55:12,647 [pool-161-thread-1] INFO  server.RaftServerConfigKeys (ConfUtils.java:logGet(44)) - raft.server.rpc.sleep.time = 25ms (default)
2021-10-01 16:55:12,647 [pool-161-thread-1] INFO  server.RaftServerConfigKeys (ConfUtils.java:logGet(44)) - raft.server.rpc.slowness.timeout = 300s (custom)
2021-10-01 16:55:12,647 [pool-161-thread-1] INFO  server.RaftServerConfigKeys (ConfUtils.java:logGet(44)) - raft.server.leaderelection.leader.step-down.wait-time = 10s (default)
2021-10-01 16:55:12,647 [pool-161-thread-1] INFO  server.RaftServerConfigKeys (ConfUtils.java:logGet(44)) - raft.server.sleep.deviation.threshold = 300ms (default)
2021-10-01 16:55:12,648 [pool-161-thread-1] INFO  server.RaftServerConfigKeys (ConfUtils.java:logGet(44)) - raft.server.log.appender.install.snapshot.enabled = false (custom)
2021-10-01 16:55:12,648 [pool-161-thread-1] INFO  server.RaftServer$Division (ServerState.java:<init>(105)) - bd8339b7-19ff-491c-8d62-b494fd289dd0@group-FE1425281356: ConfigurationManager, init=-1: [bd8339b7-19ff-491c-8d62-b494fd289dd0|rpc:10.1.0.30:34869|priority:1], old=null, confs=<EMPTY_MAP>
2021-10-01 16:55:12,648 [pool-161-thread-1] INFO  server.RaftServerConfigKeys (ConfUtils.java:logGet(44)) - raft.server.storage.dir = [/home/runner/work/ozone/ozone/hadoop-ozone/integration-test/target/test-dir/MiniOzoneClusterImpl-def46c0d-8367-4b8c-99dd-0a1bf9c58634/datanode-2/data/ratis] (custom)
2021-10-01 16:55:12,648 [pool-161-thread-1] INFO  server.RaftServerConfigKeys (ConfUtils.java:logGet(44)) - raft.server.log.corruption.policy = EXCEPTION (default)
2021-10-01 16:55:12,648 [pool-161-thread-1] INFO  server.RaftServerConfigKeys (ConfUtils.java:logGet(44)) - raft.server.storage.free-space.min = 0MB (=0) (default)
2021-10-01 16:55:12,649 [pool-161-thread-1] INFO  storage.RaftStorageDirectory (RaftStorageDirectoryImpl.java:analyzeStorage(135)) - The storage directory /home/runner/work/ozone/ozone/hadoop-ozone/integration-test/target/test-dir/MiniOzoneClusterImpl-def46c0d-8367-4b8c-99dd-0a1bf9c58634/datanode-2/data/ratis/7ea8c4f9-42ab-4058-8fc0-fe1425281356 does not exist. Creating ...
2021-10-01 16:55:12,650 [pool-161-thread-1] INFO  storage.RaftStorageDirectory (RaftStorageDirectoryImpl.java:tryLock(230)) - Lock on /home/runner/work/ozone/ozone/hadoop-ozone/integration-test/target/test-dir/MiniOzoneClusterImpl-def46c0d-8367-4b8c-99dd-0a1bf9c58634/datanode-2/data/ratis/7ea8c4f9-42ab-4058-8fc0-fe1425281356/in_use.lock acquired by nodename 26035@fv-az297-751
2021-10-01 16:55:12,652 [pool-161-thread-1] INFO  storage.RaftStorage (RaftStorageImpl.java:format(89)) - Storage directory /home/runner/work/ozone/ozone/hadoop-ozone/integration-test/target/test-dir/MiniOzoneClusterImpl-def46c0d-8367-4b8c-99dd-0a1bf9c58634/datanode-2/data/ratis/7ea8c4f9-42ab-4058-8fc0-fe1425281356 has been successfully formatted.
2021-10-01 16:55:12,667 [pool-161-thread-1] INFO  ratis.ContainerStateMachine (ContainerStateMachine.java:loadSnapshot(224)) - group-FE1425281356: The snapshot info is null. Setting the last applied indexto:(t:0, i:~)
2021-10-01 16:55:12,668 [pool-161-thread-1] INFO  server.RaftServerConfigKeys (ConfUtils.java:logGet(44)) - raft.server.notification.no-leader.timeout = 300s (custom)
2021-10-01 16:55:12,668 [pool-161-thread-1] INFO  server.RaftServerConfigKeys (ConfUtils.java:logGet(44)) - raft.server.log.use.memory = false (default)
2021-10-01 16:55:12,668 [pool-161-thread-1] INFO  server.RaftServerConfigKeys (ConfUtils.java:logGet(44)) - raft.server.log.purge.gap = 1000000 (custom)
2021-10-01 16:55:12,668 [pool-161-thread-1] INFO  server.RaftServerConfigKeys (ConfUtils.java:logGet(44)) - raft.server.log.appender.buffer.byte-limit = 33554432 (custom)
2021-10-01 16:55:12,668 [pool-161-thread-1] INFO  server.RaftServerConfigKeys (ConfUtils.java:logGet(44)) - raft.server.log.segment.size.max = 1048576 (custom)
2021-10-01 16:55:12,669 [pool-161-thread-1] INFO  server.RaftServerConfigKeys (ConfUtils.java:logGet(44)) - raft.server.log.segment.cache.num.max = 2 (custom)
2021-10-01 16:55:12,669 [pool-161-thread-1] INFO  server.RaftServerConfigKeys (ConfUtils.java:logGet(44)) - raft.server.log.segment.cache.size.max = 200MB (=209715200) (default)
2021-10-01 16:55:12,669 [pool-161-thread-1] INFO  segmented.SegmentedRaftLogWorker (SegmentedRaftLogWorker.java:<init>(182)) - new bd8339b7-19ff-491c-8d62-b494fd289dd0@group-FE1425281356-SegmentedRaftLogWorker for RaftStorageImpl:Storage Directory /home/runner/work/ozone/ozone/hadoop-ozone/integration-test/target/test-dir/MiniOzoneClusterImpl-def46c0d-8367-4b8c-99dd-0a1bf9c58634/datanode-2/data/ratis/7ea8c4f9-42ab-4058-8fc0-fe1425281356
2021-10-01 16:55:12,669 [pool-161-thread-1] INFO  server.RaftServerConfigKeys (ConfUtils.java:logGet(44)) - raft.server.log.queue.byte-limit = 2147483647 (custom)
2021-10-01 16:55:12,669 [pool-161-thread-1] INFO  server.RaftServerConfigKeys (ConfUtils.java:logGet(44)) - raft.server.log.queue.element-limit = 1024 (custom)
2021-10-01 16:55:12,669 [pool-161-thread-1] INFO  server.RaftServerConfigKeys (ConfUtils.java:logGet(44)) - raft.server.log.segment.size.max = 1048576 (custom)
2021-10-01 16:55:12,669 [pool-161-thread-1] INFO  server.RaftServerConfigKeys (ConfUtils.java:logGet(44)) - raft.server.log.preallocated.size = 16384 (custom)
2021-10-01 16:55:12,669 [pool-161-thread-1] INFO  server.RaftServerConfigKeys (ConfUtils.java:logGet(44)) - raft.server.log.force.sync.num = 128 (default)
2021-10-01 16:55:12,669 [pool-161-thread-1] INFO  server.RaftServerConfigKeys (ConfUtils.java:logGet(44)) - raft.server.log.statemachine.data.sync = true (default)
2021-10-01 16:55:12,669 [pool-161-thread-1] INFO  server.RaftServerConfigKeys (ConfUtils.java:logGet(44)) - raft.server.log.statemachine.data.sync.timeout = 10s (default)
2021-10-01 16:55:12,669 [pool-161-thread-1] INFO  server.RaftServerConfigKeys (ConfUtils.java:logGet(44)) - raft.server.log.statemachine.data.sync.timeout.retry = -1 (default)
2021-10-01 16:55:12,670 [pool-161-thread-1] INFO  server.RaftServerConfigKeys (ConfUtils.java:logGet(44)) - raft.server.log.write.buffer.size = 1048576 (custom)
2021-10-01 16:55:12,671 [pool-161-thread-1] INFO  server.RaftServerConfigKeys (ConfUtils.java:logGet(44)) - raft.server.log.statemachine.data.caching.enabled = true (custom)
2021-10-01 16:55:12,676 [pool-161-thread-1] INFO  segmented.SegmentedRaftLogWorker (SegmentedRaftLogWorker.java:lambda$new$0(133)) - bd8339b7-19ff-491c-8d62-b494fd289dd0@group-FE1425281356-SegmentedRaftLogWorker: flushIndex: setUnconditionally 0 -> -1
2021-10-01 16:55:12,676 [pool-161-thread-1] INFO  segmented.SegmentedRaftLogWorker (SegmentedRaftLogWorker.java:lambda$new$0(133)) - bd8339b7-19ff-491c-8d62-b494fd289dd0@group-FE1425281356-SegmentedRaftLogWorker: safeCacheEvictIndex: setUnconditionally 0 -> -1
2021-10-01 16:55:12,683 [pool-161-thread-1] INFO  server.RaftServerConfigKeys (ConfUtils.java:logGet(44)) - raft.server.snapshot.auto.trigger.enabled = true (custom)
2021-10-01 16:55:12,683 [pool-161-thread-1] INFO  server.RaftServerConfigKeys (ConfUtils.java:logGet(44)) - raft.server.snapshot.auto.trigger.threshold = 10000 (custom)
2021-10-01 16:55:12,683 [pool-161-thread-1] INFO  server.RaftServerConfigKeys (ConfUtils.java:logGet(44)) - raft.server.snapshot.retention.file.num = 5 (custom)
2021-10-01 16:55:12,683 [pool-161-thread-1] INFO  server.RaftServerConfigKeys (ConfUtils.java:logGet(44)) - raft.server.log.purge.upto.snapshot.index = false (default)
2021-10-01 16:55:12,683 [pool-161-thread-1] INFO  server.RaftServerConfigKeys (ConfUtils.java:logGet(44)) - raft.server.retrycache.expirytime = 600000ms (custom)
2021-10-01 16:55:12,683 [pool-161-thread-1] INFO  server.RaftServerConfigKeys (ConfUtils.java:logGet(44)) - raft.server.retrycache.statistics.expirytime = 100μs (default)
2021-10-01 16:55:12,685 [pool-161-thread-1] INFO  server.RaftServer$Division (RaftServerImpl.java:start(296)) - bd8339b7-19ff-491c-8d62-b494fd289dd0@group-FE1425281356: start as a follower, conf=-1: [bd8339b7-19ff-491c-8d62-b494fd289dd0|rpc:10.1.0.30:34869|priority:1], old=null
2021-10-01 16:55:12,685 [pool-161-thread-1] INFO  server.RaftServer$Division (RaftServerImpl.java:setRole(285)) - bd8339b7-19ff-491c-8d62-b494fd289dd0@group-FE1425281356: changes role from      null to FOLLOWER at term 0 for startAsFollower
2021-10-01 16:55:12,685 [pool-161-thread-1] INFO  impl.RoleInfo (RoleInfo.java:updateAndGet(130)) - bd8339b7-19ff-491c-8d62-b494fd289dd0: start bd8339b7-19ff-491c-8d62-b494fd289dd0@group-FE1425281356-FollowerState
2021-10-01 16:55:12,689 [pool-161-thread-1] INFO  util.JmxRegister (JmxRegister.java:tryRegister(44)) - Successfully registered JMX Bean with object name Ratis:service=RaftServer,group=group-FE1425281356,id=bd8339b7-19ff-491c-8d62-b494fd289dd0
2021-10-01 16:55:12,696 [EventQueue-PipelineReportForPipelineReportHandler] INFO  pipeline.PipelineManagerImpl (PipelineManagerImpl.java:openPipeline(282)) - Pipeline Pipeline[ Id: 7ea8c4f9-42ab-4058-8fc0-fe1425281356, Nodes: bd8339b7-19ff-491c-8d62-b494fd289dd0{ip: 10.1.0.30, host: fv-az297-751.nmf1rxwemy4u5di1sxxf4ejcwb.jx.internal.cloudapp.net, ports: [REPLICATION=38643, RATIS=34869, RATIS_ADMIN=34869, RATIS_SERVER=34869, STANDALONE=41477], networkLocation: /default-rack, certSerialId: null, persistedOpState: IN_SERVICE, persistedOpStateExpiryEpochSec: 0}, ReplicationConfig: RATIS/ONE, State:ALLOCATED, leaderId:bd8339b7-19ff-491c-8d62-b494fd289dd0, CreationTimestamp2021-10-01T16:55:09.640Z[Etc/UTC]] moved to OPEN state
2021-10-01 16:55:12,707 [EventQueue-OpenPipelineForHealthyPipelineSafeModeRule] INFO  safemode.SCMSafeModeManager (HealthyPipelineSafeModeRule.java:process(124)) - SCM in safe mode. Healthy pipelines reported count is 0, required healthy pipeline reported count is 1
2021-10-01 16:55:12,719 [Command processor thread] INFO  ratis.XceiverServerRatis (XceiverServerRatis.java:addGroup(763)) - Created group PipelineID=7ea8c4f9-42ab-4058-8fc0-fe1425281356
2021-10-01 16:55:12,727 [Command processor thread] INFO  commandhandler.CreatePipelineCommandHandler (CreatePipelineCommandHandler.java:handle(106)) - Created Pipeline RATIS ONE PipelineID=7ea8c4f9-42ab-4058-8fc0-fe1425281356.
2021-10-01 16:55:12,727 [Command processor thread] INFO  server.RaftServer (RaftServerProxy.java:addNew(95)) - bd8339b7-19ff-491c-8d62-b494fd289dd0: addNew group-67DC42A0BEC5:[2bef8554-b428-4684-ba01-b6ee907780a1|rpc:10.1.0.30:36303|priority:0, bd8339b7-19ff-491c-8d62-b494fd289dd0|rpc:10.1.0.30:34869|priority:0, 55456646-246b-433e-ba91-0894db9f2978|rpc:10.1.0.30:46679|priority:1] returns group-67DC42A0BEC5:java.util.concurrent.CompletableFuture@5e7dc9d9[Not completed]
2021-10-01 16:55:12,728 [pool-161-thread-1] INFO  server.RaftServer$Division (RaftServerImpl.java:<init>(181)) - bd8339b7-19ff-491c-8d62-b494fd289dd0: new RaftServerImpl for group-67DC42A0BEC5:[2bef8554-b428-4684-ba01-b6ee907780a1|rpc:10.1.0.30:36303|priority:0, bd8339b7-19ff-491c-8d62-b494fd289dd0|rpc:10.1.0.30:34869|priority:0, 55456646-246b-433e-ba91-0894db9f2978|rpc:10.1.0.30:46679|priority:1] with ContainerStateMachine:uninitialized
2021-10-01 16:55:12,728 [pool-161-thread-1] INFO  server.RaftServerConfigKeys (ConfUtils.java:logGet(44)) - raft.server.rpc.timeout.min = 5s (custom)
2021-10-01 16:55:12,728 [pool-161-thread-1] INFO  server.RaftServerConfigKeys (ConfUtils.java:logGet(44)) - raft.server.rpc.timeout.max = 5200ms (custom)
2021-10-01 16:55:12,728 [pool-161-thread-1] INFO  server.RaftServerConfigKeys (ConfUtils.java:logGet(44)) - raft.server.rpc.sleep.time = 25ms (default)
2021-10-01 16:55:12,728 [pool-161-thread-1] INFO  server.RaftServerConfigKeys (ConfUtils.java:logGet(44)) - raft.server.rpc.slowness.timeout = 300s (custom)
2021-10-01 16:55:12,728 [pool-161-thread-1] INFO  server.RaftServerConfigKeys (ConfUtils.java:logGet(44)) - raft.server.leaderelection.leader.step-down.wait-time = 10s (default)
2021-10-01 16:55:12,729 [pool-161-thread-1] INFO  server.RaftServerConfigKeys (ConfUtils.java:logGet(44)) - raft.server.sleep.deviation.threshold = 300ms (default)
2021-10-01 16:55:12,729 [pool-161-thread-1] INFO  server.RaftServerConfigKeys (ConfUtils.java:logGet(44)) - raft.server.log.appender.install.snapshot.enabled = false (custom)
2021-10-01 16:55:12,729 [pool-161-thread-1] INFO  server.RaftServer$Division (ServerState.java:<init>(105)) - bd8339b7-19ff-491c-8d62-b494fd289dd0@group-67DC42A0BEC5: ConfigurationManager, init=-1: [2bef8554-b428-4684-ba01-b6ee907780a1|rpc:10.1.0.30:36303|priority:0, bd8339b7-19ff-491c-8d62-b494fd289dd0|rpc:10.1.0.30:34869|priority:0, 55456646-246b-433e-ba91-0894db9f2978|rpc:10.1.0.30:46679|priority:1], old=null, confs=<EMPTY_MAP>
2021-10-01 16:55:12,729 [pool-161-thread-1] INFO  server.RaftServerConfigKeys (ConfUtils.java:logGet(44)) - raft.server.storage.dir = [/home/runner/work/ozone/ozone/hadoop-ozone/integration-test/target/test-dir/MiniOzoneClusterImpl-def46c0d-8367-4b8c-99dd-0a1bf9c58634/datanode-2/data/ratis] (custom)
2021-10-01 16:55:12,729 [pool-161-thread-1] INFO  server.RaftServerConfigKeys (ConfUtils.java:logGet(44)) - raft.server.log.corruption.policy = EXCEPTION (default)
2021-10-01 16:55:12,729 [pool-161-thread-1] INFO  server.RaftServerConfigKeys (ConfUtils.java:logGet(44)) - raft.server.storage.free-space.min = 0MB (=0) (default)
2021-10-01 16:55:12,729 [pool-161-thread-1] INFO  storage.RaftStorageDirectory (RaftStorageDirectoryImpl.java:analyzeStorage(135)) - The storage directory /home/runner/work/ozone/ozone/hadoop-ozone/integration-test/target/test-dir/MiniOzoneClusterImpl-def46c0d-8367-4b8c-99dd-0a1bf9c58634/datanode-2/data/ratis/6bef1b5c-5573-4eef-b870-67dc42a0bec5 does not exist. Creating ...
2021-10-01 16:55:12,736 [pool-161-thread-1] INFO  storage.RaftStorageDirectory (RaftStorageDirectoryImpl.java:tryLock(230)) - Lock on /home/runner/work/ozone/ozone/hadoop-ozone/integration-test/target/test-dir/MiniOzoneClusterImpl-def46c0d-8367-4b8c-99dd-0a1bf9c58634/datanode-2/data/ratis/6bef1b5c-5573-4eef-b870-67dc42a0bec5/in_use.lock acquired by nodename 26035@fv-az297-751
2021-10-01 16:55:12,740 [pool-161-thread-1] INFO  storage.RaftStorage (RaftStorageImpl.java:format(89)) - Storage directory /home/runner/work/ozone/ozone/hadoop-ozone/integration-test/target/test-dir/MiniOzoneClusterImpl-def46c0d-8367-4b8c-99dd-0a1bf9c58634/datanode-2/data/ratis/6bef1b5c-5573-4eef-b870-67dc42a0bec5 has been successfully formatted.
2021-10-01 16:55:12,740 [pool-161-thread-1] INFO  ratis.ContainerStateMachine (ContainerStateMachine.java:loadSnapshot(224)) - group-67DC42A0BEC5: The snapshot info is null. Setting the last applied indexto:(t:0, i:~)
2021-10-01 16:55:12,740 [pool-161-thread-1] INFO  server.RaftServerConfigKeys (ConfUtils.java:logGet(44)) - raft.server.notification.no-leader.timeout = 300s (custom)
2021-10-01 16:55:12,741 [pool-161-thread-1] INFO  server.RaftServerConfigKeys (ConfUtils.java:logGet(44)) - raft.server.log.use.memory = false (default)
2021-10-01 16:55:12,741 [pool-161-thread-1] INFO  server.RaftServerConfigKeys (ConfUtils.java:logGet(44)) - raft.server.log.purge.gap = 1000000 (custom)
2021-10-01 16:55:12,740 [Datanode State Machine Thread - 0] WARN  statemachine.StateContext (StateContext.java:execute(621)) - No available thread in pool for past 1 seconds.
2021-10-01 16:55:12,744 [pool-161-thread-1] INFO  server.RaftServerConfigKeys (ConfUtils.java:logGet(44)) - raft.server.log.appender.buffer.byte-limit = 33554432 (custom)
2021-10-01 16:55:12,745 [pool-161-thread-1] INFO  server.RaftServerConfigKeys (ConfUtils.java:logGet(44)) - raft.server.log.segment.size.max = 1048576 (custom)
2021-10-01 16:55:12,745 [pool-161-thread-1] INFO  server.RaftServerConfigKeys (ConfUtils.java:logGet(44)) - raft.server.log.segment.cache.num.max = 2 (custom)
2021-10-01 16:55:12,745 [pool-161-thread-1] INFO  server.RaftServerConfigKeys (ConfUtils.java:logGet(44)) - raft.server.log.segment.cache.size.max = 200MB (=209715200) (default)
2021-10-01 16:55:12,745 [EventQueue-OpenPipelineForHealthyPipelineSafeModeRule] INFO  safemode.SCMSafeModeManager (HealthyPipelineSafeModeRule.java:process(124)) - SCM in safe mode. Healthy pipelines reported count is 0, required healthy pipeline reported count is 1
2021-10-01 16:55:12,746 [pool-161-thread-1] INFO  segmented.SegmentedRaftLogWorker (SegmentedRaftLogWorker.java:<init>(182)) - new bd8339b7-19ff-491c-8d62-b494fd289dd0@group-67DC42A0BEC5-SegmentedRaftLogWorker for RaftStorageImpl:Storage Directory /home/runner/work/ozone/ozone/hadoop-ozone/integration-test/target/test-dir/MiniOzoneClusterImpl-def46c0d-8367-4b8c-99dd-0a1bf9c58634/datanode-2/data/ratis/6bef1b5c-5573-4eef-b870-67dc42a0bec5
2021-10-01 16:55:12,746 [pool-161-thread-1] INFO  server.RaftServerConfigKeys (ConfUtils.java:logGet(44)) - raft.server.log.queue.byte-limit = 2147483647 (custom)
2021-10-01 16:55:12,746 [pool-161-thread-1] INFO  server.RaftServerConfigKeys (ConfUtils.java:logGet(44)) - raft.server.log.queue.element-limit = 1024 (custom)
2021-10-01 16:55:12,746 [pool-161-thread-1] INFO  server.RaftServerConfigKeys (ConfUtils.java:logGet(44)) - raft.server.log.segment.size.max = 1048576 (custom)
2021-10-01 16:55:12,746 [pool-161-thread-1] INFO  server.RaftServerConfigKeys (ConfUtils.java:logGet(44)) - raft.server.log.preallocated.size = 16384 (custom)
2021-10-01 16:55:12,746 [pool-161-thread-1] INFO  server.RaftServerConfigKeys (ConfUtils.java:logGet(44)) - raft.server.log.force.sync.num = 128 (default)
2021-10-01 16:55:12,746 [pool-161-thread-1] INFO  server.RaftServerConfigKeys (ConfUtils.java:logGet(44)) - raft.server.log.statemachine.data.sync = true (default)
2021-10-01 16:55:12,746 [pool-161-thread-1] INFO  server.RaftServerConfigKeys (ConfUtils.java:logGet(44)) - raft.server.log.statemachine.data.sync.timeout = 10s (default)
2021-10-01 16:55:12,747 [pool-161-thread-1] INFO  server.RaftServerConfigKeys (ConfUtils.java:logGet(44)) - raft.server.log.statemachine.data.sync.timeout.retry = -1 (default)
2021-10-01 16:55:12,748 [pool-161-thread-1] INFO  server.RaftServerConfigKeys (ConfUtils.java:logGet(44)) - raft.server.log.write.buffer.size = 1048576 (custom)
2021-10-01 16:55:12,748 [pool-161-thread-1] INFO  server.RaftServerConfigKeys (ConfUtils.java:logGet(44)) - raft.server.log.statemachine.data.caching.enabled = true (custom)
2021-10-01 16:55:12,749 [pool-161-thread-1] INFO  segmented.SegmentedRaftLogWorker (SegmentedRaftLogWorker.java:lambda$new$0(133)) - bd8339b7-19ff-491c-8d62-b494fd289dd0@group-67DC42A0BEC5-SegmentedRaftLogWorker: flushIndex: setUnconditionally 0 -> -1
2021-10-01 16:55:12,749 [pool-161-thread-1] INFO  segmented.SegmentedRaftLogWorker (SegmentedRaftLogWorker.java:lambda$new$0(133)) - bd8339b7-19ff-491c-8d62-b494fd289dd0@group-67DC42A0BEC5-SegmentedRaftLogWorker: safeCacheEvictIndex: setUnconditionally 0 -> -1
2021-10-01 16:55:12,749 [pool-161-thread-1] INFO  server.RaftServerConfigKeys (ConfUtils.java:logGet(44)) - raft.server.snapshot.auto.trigger.enabled = true (custom)
2021-10-01 16:55:12,749 [pool-161-thread-1] INFO  server.RaftServerConfigKeys (ConfUtils.java:logGet(44)) - raft.server.snapshot.auto.trigger.threshold = 10000 (custom)
2021-10-01 16:55:12,749 [pool-161-thread-1] INFO  server.RaftServerConfigKeys (ConfUtils.java:logGet(44)) - raft.server.snapshot.retention.file.num = 5 (custom)
2021-10-01 16:55:12,749 [pool-161-thread-1] INFO  server.RaftServerConfigKeys (ConfUtils.java:logGet(44)) - raft.server.log.purge.upto.snapshot.index = false (default)
2021-10-01 16:55:12,749 [pool-161-thread-1] INFO  server.RaftServerConfigKeys (ConfUtils.java:logGet(44)) - raft.server.retrycache.expirytime = 600000ms (custom)
2021-10-01 16:55:12,749 [pool-161-thread-1] INFO  server.RaftServerConfigKeys (ConfUtils.java:logGet(44)) - raft.server.retrycache.statistics.expirytime = 100μs (default)
2021-10-01 16:55:12,751 [pool-161-thread-1] INFO  server.RaftServer$Division (RaftServerImpl.java:start(296)) - bd8339b7-19ff-491c-8d62-b494fd289dd0@group-67DC42A0BEC5: start as a follower, conf=-1: [2bef8554-b428-4684-ba01-b6ee907780a1|rpc:10.1.0.30:36303|priority:0, bd8339b7-19ff-491c-8d62-b494fd289dd0|rpc:10.1.0.30:34869|priority:0, 55456646-246b-433e-ba91-0894db9f2978|rpc:10.1.0.30:46679|priority:1], old=null
2021-10-01 16:55:12,751 [pool-161-thread-1] INFO  server.RaftServer$Division (RaftServerImpl.java:setRole(285)) - bd8339b7-19ff-491c-8d62-b494fd289dd0@group-67DC42A0BEC5: changes role from      null to FOLLOWER at term 0 for startAsFollower
2021-10-01 16:55:12,751 [pool-161-thread-1] INFO  impl.RoleInfo (RoleInfo.java:updateAndGet(130)) - bd8339b7-19ff-491c-8d62-b494fd289dd0: start bd8339b7-19ff-491c-8d62-b494fd289dd0@group-67DC42A0BEC5-FollowerState
2021-10-01 16:55:12,751 [pool-161-thread-1] INFO  util.JmxRegister (JmxRegister.java:tryRegister(44)) - Successfully registered JMX Bean with object name Ratis:service=RaftServer,group=group-67DC42A0BEC5,id=bd8339b7-19ff-491c-8d62-b494fd289dd0
2021-10-01 16:55:12,752 [Command processor thread] INFO  ratis.XceiverServerRatis (XceiverServerRatis.java:addGroup(763)) - Created group PipelineID=6bef1b5c-5573-4eef-b870-67dc42a0bec5
2021-10-01 16:55:13,105 [Command processor thread] INFO  commandhandler.CreatePipelineCommandHandler (CreatePipelineCommandHandler.java:handle(106)) - Created Pipeline RATIS THREE PipelineID=6bef1b5c-5573-4eef-b870-67dc42a0bec5.
2021-10-01 16:55:13,109 [Command processor thread] INFO  commandhandler.CreatePipelineCommandHandler (CreatePipelineCommandHandler.java:handle(106)) - Created Pipeline RATIS THREE PipelineID=6bef1b5c-5573-4eef-b870-67dc42a0bec5.
2021-10-01 16:55:13,112 [Command processor thread] INFO  commandhandler.CreatePipelineCommandHandler (CreatePipelineCommandHandler.java:handle(106)) - Created Pipeline RATIS THREE PipelineID=6bef1b5c-5573-4eef-b870-67dc42a0bec5.
2021-10-01 16:55:13,626 [Listener at 127.0.0.1/36675] INFO  ozone.MiniOzoneClusterImpl (MiniOzoneClusterImpl.java:lambda$waitForClusterToBeReady$0(235)) - Nodes are ready. Got 3 of 3 DN Heartbeats.
2021-10-01 16:55:13,626 [Listener at 127.0.0.1/36675] INFO  ozone.MiniOzoneClusterImpl (MiniOzoneClusterImpl.java:lambda$waitForClusterToBeReady$0(238)) - Waiting for cluster to exit safe mode
2021-10-01 16:55:13,626 [Listener at 127.0.0.1/36675] INFO  ozone.MiniOzoneClusterImpl (MiniOzoneClusterImpl.java:lambda$waitForClusterToBeReady$0(240)) - SCM became leader
2021-10-01 16:55:14,627 [Listener at 127.0.0.1/36675] INFO  ozone.MiniOzoneClusterImpl (MiniOzoneClusterImpl.java:lambda$waitForClusterToBeReady$0(235)) - Nodes are ready. Got 3 of 3 DN Heartbeats.
2021-10-01 16:55:14,627 [Listener at 127.0.0.1/36675] INFO  ozone.MiniOzoneClusterImpl (MiniOzoneClusterImpl.java:lambda$waitForClusterToBeReady$0(238)) - Waiting for cluster to exit safe mode
2021-10-01 16:55:14,627 [Listener at 127.0.0.1/36675] INFO  ozone.MiniOzoneClusterImpl (MiniOzoneClusterImpl.java:lambda$waitForClusterToBeReady$0(240)) - SCM became leader
2021-10-01 16:55:15,627 [Listener at 127.0.0.1/36675] INFO  ozone.MiniOzoneClusterImpl (MiniOzoneClusterImpl.java:lambda$waitForClusterToBeReady$0(235)) - Nodes are ready. Got 3 of 3 DN Heartbeats.
2021-10-01 16:55:15,627 [Listener at 127.0.0.1/36675] INFO  ozone.MiniOzoneClusterImpl (MiniOzoneClusterImpl.java:lambda$waitForClusterToBeReady$0(238)) - Waiting for cluster to exit safe mode
2021-10-01 16:55:15,627 [Listener at 127.0.0.1/36675] INFO  ozone.MiniOzoneClusterImpl (MiniOzoneClusterImpl.java:lambda$waitForClusterToBeReady$0(240)) - SCM became leader
2021-10-01 16:55:16,628 [Listener at 127.0.0.1/36675] INFO  ozone.MiniOzoneClusterImpl (MiniOzoneClusterImpl.java:lambda$waitForClusterToBeReady$0(235)) - Nodes are ready. Got 3 of 3 DN Heartbeats.
2021-10-01 16:55:16,628 [Listener at 127.0.0.1/36675] INFO  ozone.MiniOzoneClusterImpl (MiniOzoneClusterImpl.java:lambda$waitForClusterToBeReady$0(238)) - Waiting for cluster to exit safe mode
2021-10-01 16:55:16,628 [Listener at 127.0.0.1/36675] INFO  ozone.MiniOzoneClusterImpl (MiniOzoneClusterImpl.java:lambda$waitForClusterToBeReady$0(240)) - SCM became leader
2021-10-01 16:55:17,222 [2bef8554-b428-4684-ba01-b6ee907780a1@group-67DC42A0BEC5-FollowerState] INFO  impl.FollowerState (FollowerState.java:run(134)) - 2bef8554-b428-4684-ba01-b6ee907780a1@group-67DC42A0BEC5-FollowerState: change to CANDIDATE, lastRpcElapsedTime:5071150887ns, electionTimeout:5063ms
2021-10-01 16:55:17,222 [2bef8554-b428-4684-ba01-b6ee907780a1@group-67DC42A0BEC5-FollowerState] INFO  impl.RoleInfo (RoleInfo.java:shutdownFollowerState(108)) - 2bef8554-b428-4684-ba01-b6ee907780a1: shutdown 2bef8554-b428-4684-ba01-b6ee907780a1@group-67DC42A0BEC5-FollowerState
2021-10-01 16:55:17,223 [2bef8554-b428-4684-ba01-b6ee907780a1@group-67DC42A0BEC5-FollowerState] INFO  server.RaftServer$Division (RaftServerImpl.java:setRole(285)) - 2bef8554-b428-4684-ba01-b6ee907780a1@group-67DC42A0BEC5: changes role from  FOLLOWER to CANDIDATE at term 0 for changeToCandidate
2021-10-01 16:55:17,223 [2bef8554-b428-4684-ba01-b6ee907780a1@group-67DC42A0BEC5-FollowerState] INFO  server.RaftServerConfigKeys (ConfUtils.java:logGet(44)) - raft.server.leaderelection.pre-vote = false (custom)
2021-10-01 16:55:17,223 [2bef8554-b428-4684-ba01-b6ee907780a1@group-67DC42A0BEC5-FollowerState] INFO  impl.RoleInfo (RoleInfo.java:updateAndGet(130)) - 2bef8554-b428-4684-ba01-b6ee907780a1: start 2bef8554-b428-4684-ba01-b6ee907780a1@group-67DC42A0BEC5-LeaderElection4
2021-10-01 16:55:17,234 [2bef8554-b428-4684-ba01-b6ee907780a1@group-67DC42A0BEC5-LeaderElection4] INFO  impl.LeaderElection (LeaderElection.java:askForVotes(306)) - 2bef8554-b428-4684-ba01-b6ee907780a1@group-67DC42A0BEC5-LeaderElection4 ELECTION round 0: submit vote requests at term 1 for -1: [2bef8554-b428-4684-ba01-b6ee907780a1|rpc:10.1.0.30:36303|priority:0, bd8339b7-19ff-491c-8d62-b494fd289dd0|rpc:10.1.0.30:34869|priority:0, 55456646-246b-433e-ba91-0894db9f2978|rpc:10.1.0.30:46679|priority:1], old=null
2021-10-01 16:55:17,261 [grpc-default-executor-1] INFO  server.RaftServer$Division (RaftServerImpl.java:requestVote(1043)) - bd8339b7-19ff-491c-8d62-b494fd289dd0@group-67DC42A0BEC5: receive requestVote(ELECTION, 2bef8554-b428-4684-ba01-b6ee907780a1, group-67DC42A0BEC5, 1, (t:0, i:0))
2021-10-01 16:55:17,263 [grpc-default-executor-2] INFO  server.RaftServer$Division (RaftServerImpl.java:requestVote(1043)) - 55456646-246b-433e-ba91-0894db9f2978@group-67DC42A0BEC5: receive requestVote(ELECTION, 2bef8554-b428-4684-ba01-b6ee907780a1, group-67DC42A0BEC5, 1, (t:0, i:0))
2021-10-01 16:55:17,264 [grpc-default-executor-2] INFO  impl.VoteContext (VoteContext.java:log(48)) - 55456646-246b-433e-ba91-0894db9f2978@group-67DC42A0BEC5-FOLLOWER: reject ELECTION from 2bef8554-b428-4684-ba01-b6ee907780a1: our priority 1 > candidate's priority 0
2021-10-01 16:55:17,264 [grpc-default-executor-2] INFO  server.RaftServer$Division (RaftServerImpl.java:setRole(285)) - 55456646-246b-433e-ba91-0894db9f2978@group-67DC42A0BEC5: changes role from  FOLLOWER to FOLLOWER at term 1 for candidate:2bef8554-b428-4684-ba01-b6ee907780a1
2021-10-01 16:55:17,264 [grpc-default-executor-2] INFO  impl.RoleInfo (RoleInfo.java:shutdownFollowerState(108)) - 55456646-246b-433e-ba91-0894db9f2978: shutdown 55456646-246b-433e-ba91-0894db9f2978@group-67DC42A0BEC5-FollowerState
2021-10-01 16:55:17,264 [grpc-default-executor-2] INFO  impl.RoleInfo (RoleInfo.java:updateAndGet(130)) - 55456646-246b-433e-ba91-0894db9f2978: start 55456646-246b-433e-ba91-0894db9f2978@group-67DC42A0BEC5-FollowerState
2021-10-01 16:55:17,265 [55456646-246b-433e-ba91-0894db9f2978@group-67DC42A0BEC5-FollowerState] INFO  impl.FollowerState (FollowerState.java:run(143)) - 55456646-246b-433e-ba91-0894db9f2978@group-67DC42A0BEC5-FollowerState was interrupted: {}
java.lang.InterruptedException: sleep interrupted
	at java.lang.Thread.sleep(Native Method)
	at java.lang.Thread.sleep(Thread.java:340)
	at java.util.concurrent.TimeUnit.sleep(TimeUnit.java:386)
	at org.apache.ratis.util.TimeDuration.sleep(TimeDuration.java:324)
	at org.apache.ratis.util.TimeDuration.sleep(TimeDuration.java:309)
	at org.apache.ratis.server.impl.FollowerState.run(FollowerState.java:118)
2021-10-01 16:55:17,265 [grpc-default-executor-1] INFO  impl.VoteContext (VoteContext.java:log(48)) - bd8339b7-19ff-491c-8d62-b494fd289dd0@group-67DC42A0BEC5-FOLLOWER: accept ELECTION from 2bef8554-b428-4684-ba01-b6ee907780a1: our priority 0 <= candidate's priority 0
2021-10-01 16:55:17,276 [grpc-default-executor-1] INFO  server.RaftServer$Division (RaftServerImpl.java:setRole(285)) - bd8339b7-19ff-491c-8d62-b494fd289dd0@group-67DC42A0BEC5: changes role from  FOLLOWER to FOLLOWER at term 1 for candidate:2bef8554-b428-4684-ba01-b6ee907780a1
2021-10-01 16:55:17,276 [grpc-default-executor-1] INFO  impl.RoleInfo (RoleInfo.java:shutdownFollowerState(108)) - bd8339b7-19ff-491c-8d62-b494fd289dd0: shutdown bd8339b7-19ff-491c-8d62-b494fd289dd0@group-67DC42A0BEC5-FollowerState
2021-10-01 16:55:17,276 [grpc-default-executor-1] INFO  impl.RoleInfo (RoleInfo.java:updateAndGet(130)) - bd8339b7-19ff-491c-8d62-b494fd289dd0: start bd8339b7-19ff-491c-8d62-b494fd289dd0@group-67DC42A0BEC5-FollowerState
2021-10-01 16:55:17,279 [bd8339b7-19ff-491c-8d62-b494fd289dd0@group-67DC42A0BEC5-FollowerState] INFO  impl.FollowerState (FollowerState.java:run(143)) - bd8339b7-19ff-491c-8d62-b494fd289dd0@group-67DC42A0BEC5-FollowerState was interrupted: {}
java.lang.InterruptedException: sleep interrupted
	at java.lang.Thread.sleep(Native Method)
	at java.lang.Thread.sleep(Thread.java:340)
	at java.util.concurrent.TimeUnit.sleep(TimeUnit.java:386)
	at org.apache.ratis.util.TimeDuration.sleep(TimeDuration.java:324)
	at org.apache.ratis.util.TimeDuration.sleep(TimeDuration.java:309)
	at org.apache.ratis.server.impl.FollowerState.run(FollowerState.java:118)
2021-10-01 16:55:17,281 [grpc-default-executor-2] INFO  server.RaftServer$Division (RaftServerImpl.java:requestVote(1075)) - 55456646-246b-433e-ba91-0894db9f2978@group-67DC42A0BEC5 replies to ELECTION vote request: 2bef8554-b428-4684-ba01-b6ee907780a1<-55456646-246b-433e-ba91-0894db9f2978#0:FAIL-t1. Peer's state: 55456646-246b-433e-ba91-0894db9f2978@group-67DC42A0BEC5:t1, leader=null, voted=null, raftlog=55456646-246b-433e-ba91-0894db9f2978@group-67DC42A0BEC5-SegmentedRaftLog:OPENED:c-1,f-1,i0, conf=-1: [2bef8554-b428-4684-ba01-b6ee907780a1|rpc:10.1.0.30:36303|priority:0, bd8339b7-19ff-491c-8d62-b494fd289dd0|rpc:10.1.0.30:34869|priority:0, 55456646-246b-433e-ba91-0894db9f2978|rpc:10.1.0.30:46679|priority:1], old=null
2021-10-01 16:55:17,287 [2bef8554-b428-4684-ba01-b6ee907780a1@group-67DC42A0BEC5-LeaderElection4] INFO  impl.LeaderElection (LeaderElection.java:logAndReturn(89)) - 2bef8554-b428-4684-ba01-b6ee907780a1@group-67DC42A0BEC5-LeaderElection4: ELECTION REJECTED received 1 response(s) and 0 exception(s):
2021-10-01 16:55:17,287 [2bef8554-b428-4684-ba01-b6ee907780a1@group-67DC42A0BEC5-LeaderElection4] INFO  impl.LeaderElection (LeaderElection.java:logAndReturn(93)) -   Response 0: 2bef8554-b428-4684-ba01-b6ee907780a1<-55456646-246b-433e-ba91-0894db9f2978#0:FAIL-t1
2021-10-01 16:55:17,287 [2bef8554-b428-4684-ba01-b6ee907780a1@group-67DC42A0BEC5-LeaderElection4] INFO  impl.LeaderElection (LeaderElection.java:askForVotes(308)) - 2bef8554-b428-4684-ba01-b6ee907780a1@group-67DC42A0BEC5-LeaderElection4 ELECTION round 0: result REJECTED
2021-10-01 16:55:17,287 [2bef8554-b428-4684-ba01-b6ee907780a1@group-67DC42A0BEC5-LeaderElection4] INFO  server.RaftServer$Division (RaftServerImpl.java:setRole(285)) - 2bef8554-b428-4684-ba01-b6ee907780a1@group-67DC42A0BEC5: changes role from CANDIDATE to FOLLOWER at term 1 for REJECTED
2021-10-01 16:55:17,287 [2bef8554-b428-4684-ba01-b6ee907780a1@group-67DC42A0BEC5-LeaderElection4] INFO  impl.RoleInfo (RoleInfo.java:shutdownLeaderElection(121)) - 2bef8554-b428-4684-ba01-b6ee907780a1: shutdown 2bef8554-b428-4684-ba01-b6ee907780a1@group-67DC42A0BEC5-LeaderElection4
2021-10-01 16:55:17,287 [2bef8554-b428-4684-ba01-b6ee907780a1@group-67DC42A0BEC5-LeaderElection4] INFO  impl.RoleInfo (RoleInfo.java:updateAndGet(130)) - 2bef8554-b428-4684-ba01-b6ee907780a1: start 2bef8554-b428-4684-ba01-b6ee907780a1@group-67DC42A0BEC5-FollowerState
2021-10-01 16:55:17,289 [grpc-default-executor-1] INFO  server.RaftServer$Division (RaftServerImpl.java:requestVote(1075)) - bd8339b7-19ff-491c-8d62-b494fd289dd0@group-67DC42A0BEC5 replies to ELECTION vote request: 2bef8554-b428-4684-ba01-b6ee907780a1<-bd8339b7-19ff-491c-8d62-b494fd289dd0#0:OK-t1. Peer's state: bd8339b7-19ff-491c-8d62-b494fd289dd0@group-67DC42A0BEC5:t1, leader=null, voted=2bef8554-b428-4684-ba01-b6ee907780a1, raftlog=bd8339b7-19ff-491c-8d62-b494fd289dd0@group-67DC42A0BEC5-SegmentedRaftLog:OPENED:c-1,f-1,i0, conf=-1: [2bef8554-b428-4684-ba01-b6ee907780a1|rpc:10.1.0.30:36303|priority:0, bd8339b7-19ff-491c-8d62-b494fd289dd0|rpc:10.1.0.30:34869|priority:0, 55456646-246b-433e-ba91-0894db9f2978|rpc:10.1.0.30:46679|priority:1], old=null
2021-10-01 16:55:17,312 [2bef8554-b428-4684-ba01-b6ee907780a1@group-3E165BC00B30-FollowerState] INFO  impl.FollowerState (FollowerState.java:run(134)) - 2bef8554-b428-4684-ba01-b6ee907780a1@group-3E165BC00B30-FollowerState: change to CANDIDATE, lastRpcElapsedTime:5196787989ns, electionTimeout:5192ms
2021-10-01 16:55:17,312 [2bef8554-b428-4684-ba01-b6ee907780a1@group-3E165BC00B30-FollowerState] INFO  impl.RoleInfo (RoleInfo.java:shutdownFollowerState(108)) - 2bef8554-b428-4684-ba01-b6ee907780a1: shutdown 2bef8554-b428-4684-ba01-b6ee907780a1@group-3E165BC00B30-FollowerState
2021-10-01 16:55:17,312 [2bef8554-b428-4684-ba01-b6ee907780a1@group-3E165BC00B30-FollowerState] INFO  server.RaftServer$Division (RaftServerImpl.java:setRole(285)) - 2bef8554-b428-4684-ba01-b6ee907780a1@group-3E165BC00B30: changes role from  FOLLOWER to CANDIDATE at term 0 for changeToCandidate
2021-10-01 16:55:17,312 [2bef8554-b428-4684-ba01-b6ee907780a1@group-3E165BC00B30-FollowerState] INFO  server.RaftServerConfigKeys (ConfUtils.java:logGet(44)) - raft.server.leaderelection.pre-vote = false (custom)
2021-10-01 16:55:17,312 [2bef8554-b428-4684-ba01-b6ee907780a1@group-3E165BC00B30-FollowerState] INFO  impl.RoleInfo (RoleInfo.java:updateAndGet(130)) - 2bef8554-b428-4684-ba01-b6ee907780a1: start 2bef8554-b428-4684-ba01-b6ee907780a1@group-3E165BC00B30-LeaderElection5
2021-10-01 16:55:17,325 [2bef8554-b428-4684-ba01-b6ee907780a1@group-3E165BC00B30-LeaderElection5] INFO  impl.LeaderElection (LeaderElection.java:askForVotes(306)) - 2bef8554-b428-4684-ba01-b6ee907780a1@group-3E165BC00B30-LeaderElection5 ELECTION round 0: submit vote requests at term 1 for -1: [2bef8554-b428-4684-ba01-b6ee907780a1|rpc:10.1.0.30:36303|priority:1], old=null
2021-10-01 16:55:17,326 [2bef8554-b428-4684-ba01-b6ee907780a1@group-3E165BC00B30-LeaderElection5] INFO  impl.LeaderElection (LeaderElection.java:askForVotes(308)) - 2bef8554-b428-4684-ba01-b6ee907780a1@group-3E165BC00B30-LeaderElection5 ELECTION round 0: result PASSED (term=1)
2021-10-01 16:55:17,326 [2bef8554-b428-4684-ba01-b6ee907780a1@group-3E165BC00B30-LeaderElection5] INFO  impl.RoleInfo (RoleInfo.java:shutdownLeaderElection(121)) - 2bef8554-b428-4684-ba01-b6ee907780a1: shutdown 2bef8554-b428-4684-ba01-b6ee907780a1@group-3E165BC00B30-LeaderElection5
2021-10-01 16:55:17,326 [2bef8554-b428-4684-ba01-b6ee907780a1@group-3E165BC00B30-LeaderElection5] INFO  server.RaftServer$Division (RaftServerImpl.java:setRole(285)) - 2bef8554-b428-4684-ba01-b6ee907780a1@group-3E165BC00B30: changes role from CANDIDATE to LEADER at term 1 for changeToLeader
2021-10-01 16:55:17,326 [2bef8554-b428-4684-ba01-b6ee907780a1@group-3E165BC00B30-LeaderElection5] INFO  ratis.XceiverServerRatis (XceiverServerRatis.java:handleLeaderChangedNotification(861)) - Leader change notification received for group: group-3E165BC00B30 with new leaderId: 2bef8554-b428-4684-ba01-b6ee907780a1
2021-10-01 16:55:17,326 [Datanode State Machine Thread - 0] WARN  statemachine.StateContext (StateContext.java:execute(621)) - No available thread in pool for past 1 seconds.
2021-10-01 16:55:17,331 [EventQueue-OpenPipelineForHealthyPipelineSafeModeRule] INFO  safemode.SCMSafeModeManager (HealthyPipelineSafeModeRule.java:process(124)) - SCM in safe mode. Healthy pipelines reported count is 0, required healthy pipeline reported count is 1
2021-10-01 16:55:17,334 [2bef8554-b428-4684-ba01-b6ee907780a1@group-3E165BC00B30-LeaderElection5] INFO  server.RaftServer$Division (ServerState.java:setLeader(285)) - 2bef8554-b428-4684-ba01-b6ee907780a1@group-3E165BC00B30: change Leader from null to 2bef8554-b428-4684-ba01-b6ee907780a1 at term 1 for becomeLeader, leader elected after 5240ms
2021-10-01 16:55:17,334 [2bef8554-b428-4684-ba01-b6ee907780a1@group-3E165BC00B30-LeaderElection5] INFO  server.RaftServerConfigKeys (ConfUtils.java:logGet(44)) - raft.server.staging.catchup.gap = 1000 (default)
2021-10-01 16:55:17,334 [2bef8554-b428-4684-ba01-b6ee907780a1@group-3E165BC00B30-LeaderElection5] INFO  server.RaftServerConfigKeys (ConfUtils.java:logGet(44)) - raft.server.write.element-limit = 1024 (custom)
2021-10-01 16:55:17,334 [2bef8554-b428-4684-ba01-b6ee907780a1@group-3E165BC00B30-LeaderElection5] INFO  server.RaftServerConfigKeys (ConfUtils.java:logGet(44)) - raft.server.write.byte-limit = 1024 M (=1073741824) (custom)
2021-10-01 16:55:17,335 [2bef8554-b428-4684-ba01-b6ee907780a1@group-3E165BC00B30-LeaderElection5] INFO  server.RaftServerConfigKeys (ConfUtils.java:logGet(44)) - raft.server.watch.timeout = 180s (custom)
2021-10-01 16:55:17,335 [2bef8554-b428-4684-ba01-b6ee907780a1@group-3E165BC00B30-LeaderElection5] INFO  server.RaftServerConfigKeys (ConfUtils.java:logGet(44)) - raft.server.watch.timeout.denomination = 1s (default)
2021-10-01 16:55:17,335 [2bef8554-b428-4684-ba01-b6ee907780a1@group-3E165BC00B30-LeaderElection5] INFO  server.RaftServerConfigKeys (ConfUtils.java:logGet(44)) - raft.server.watch.element-limit = 65536 (default)
2021-10-01 16:55:17,335 [2bef8554-b428-4684-ba01-b6ee907780a1@group-3E165BC00B30-LeaderElection5] INFO  impl.RoleInfo (RoleInfo.java:updateAndGet(130)) - 2bef8554-b428-4684-ba01-b6ee907780a1: start 2bef8554-b428-4684-ba01-b6ee907780a1@group-3E165BC00B30-LeaderStateImpl
2021-10-01 16:55:17,336 [2bef8554-b428-4684-ba01-b6ee907780a1@group-3E165BC00B30-LeaderElection5] INFO  segmented.SegmentedRaftLogWorker (SegmentedRaftLogWorker.java:startLogSegment(394)) - 2bef8554-b428-4684-ba01-b6ee907780a1@group-3E165BC00B30-SegmentedRaftLogWorker: Starting segment from index:0
2021-10-01 16:55:17,339 [2bef8554-b428-4684-ba01-b6ee907780a1@group-3E165BC00B30-SegmentedRaftLogWorker] INFO  segmented.SegmentedRaftLogWorker (SegmentedRaftLogWorker.java:execute(601)) - 2bef8554-b428-4684-ba01-b6ee907780a1@group-3E165BC00B30-SegmentedRaftLogWorker: created new log segment /home/runner/work/ozone/ozone/hadoop-ozone/integration-test/target/test-dir/MiniOzoneClusterImpl-def46c0d-8367-4b8c-99dd-0a1bf9c58634/datanode-0/data/ratis/076aa5bc-bf03-40e0-bd41-3e165bc00b30/current/log_inprogress_0
2021-10-01 16:55:17,343 [2bef8554-b428-4684-ba01-b6ee907780a1@group-3E165BC00B30-LeaderElection5] INFO  server.RaftServer$Division (ServerState.java:setRaftConf(387)) - 2bef8554-b428-4684-ba01-b6ee907780a1@group-3E165BC00B30: set configuration 0: [2bef8554-b428-4684-ba01-b6ee907780a1|rpc:10.1.0.30:36303|dataStream:|priority:1], old=null
2021-10-01 16:55:17,571 [55456646-246b-433e-ba91-0894db9f2978@group-47279CB0A57A-FollowerState] INFO  impl.FollowerState (FollowerState.java:run(134)) - 55456646-246b-433e-ba91-0894db9f2978@group-47279CB0A57A-FollowerState: change to CANDIDATE, lastRpcElapsedTime:5180084472ns, electionTimeout:5160ms
2021-10-01 16:55:17,571 [55456646-246b-433e-ba91-0894db9f2978@group-47279CB0A57A-FollowerState] INFO  impl.RoleInfo (RoleInfo.java:shutdownFollowerState(108)) - 55456646-246b-433e-ba91-0894db9f2978: shutdown 55456646-246b-433e-ba91-0894db9f2978@group-47279CB0A57A-FollowerState
2021-10-01 16:55:17,571 [55456646-246b-433e-ba91-0894db9f2978@group-47279CB0A57A-FollowerState] INFO  server.RaftServer$Division (RaftServerImpl.java:setRole(285)) - 55456646-246b-433e-ba91-0894db9f2978@group-47279CB0A57A: changes role from  FOLLOWER to CANDIDATE at term 0 for changeToCandidate
2021-10-01 16:55:17,571 [55456646-246b-433e-ba91-0894db9f2978@group-47279CB0A57A-FollowerState] INFO  server.RaftServerConfigKeys (ConfUtils.java:logGet(44)) - raft.server.leaderelection.pre-vote = false (custom)
2021-10-01 16:55:17,571 [55456646-246b-433e-ba91-0894db9f2978@group-47279CB0A57A-FollowerState] INFO  impl.RoleInfo (RoleInfo.java:updateAndGet(130)) - 55456646-246b-433e-ba91-0894db9f2978: start 55456646-246b-433e-ba91-0894db9f2978@group-47279CB0A57A-LeaderElection6
2021-10-01 16:55:17,585 [55456646-246b-433e-ba91-0894db9f2978@group-47279CB0A57A-LeaderElection6] INFO  impl.LeaderElection (LeaderElection.java:askForVotes(306)) - 55456646-246b-433e-ba91-0894db9f2978@group-47279CB0A57A-LeaderElection6 ELECTION round 0: submit vote requests at term 1 for -1: [55456646-246b-433e-ba91-0894db9f2978|rpc:10.1.0.30:46679|priority:1], old=null
2021-10-01 16:55:17,586 [55456646-246b-433e-ba91-0894db9f2978@group-47279CB0A57A-LeaderElection6] INFO  impl.LeaderElection (LeaderElection.java:askForVotes(308)) - 55456646-246b-433e-ba91-0894db9f2978@group-47279CB0A57A-LeaderElection6 ELECTION round 0: result PASSED (term=1)
2021-10-01 16:55:17,586 [55456646-246b-433e-ba91-0894db9f2978@group-47279CB0A57A-LeaderElection6] INFO  impl.RoleInfo (RoleInfo.java:shutdownLeaderElection(121)) - 55456646-246b-433e-ba91-0894db9f2978: shutdown 55456646-246b-433e-ba91-0894db9f2978@group-47279CB0A57A-LeaderElection6
2021-10-01 16:55:17,586 [55456646-246b-433e-ba91-0894db9f2978@group-47279CB0A57A-LeaderElection6] INFO  server.RaftServer$Division (RaftServerImpl.java:setRole(285)) - 55456646-246b-433e-ba91-0894db9f2978@group-47279CB0A57A: changes role from CANDIDATE to LEADER at term 1 for changeToLeader
2021-10-01 16:55:17,586 [55456646-246b-433e-ba91-0894db9f2978@group-47279CB0A57A-LeaderElection6] INFO  ratis.XceiverServerRatis (XceiverServerRatis.java:handleLeaderChangedNotification(861)) - Leader change notification received for group: group-47279CB0A57A with new leaderId: 55456646-246b-433e-ba91-0894db9f2978
2021-10-01 16:55:17,589 [EventQueue-OpenPipelineForHealthyPipelineSafeModeRule] INFO  safemode.SCMSafeModeManager (HealthyPipelineSafeModeRule.java:process(124)) - SCM in safe mode. Healthy pipelines reported count is 0, required healthy pipeline reported count is 1
2021-10-01 16:55:17,591 [55456646-246b-433e-ba91-0894db9f2978@group-47279CB0A57A-LeaderElection6] INFO  server.RaftServer$Division (ServerState.java:setLeader(285)) - 55456646-246b-433e-ba91-0894db9f2978@group-47279CB0A57A: change Leader from null to 55456646-246b-433e-ba91-0894db9f2978 at term 1 for becomeLeader, leader elected after 5206ms
2021-10-01 16:55:17,591 [55456646-246b-433e-ba91-0894db9f2978@group-47279CB0A57A-LeaderElection6] INFO  server.RaftServerConfigKeys (ConfUtils.java:logGet(44)) - raft.server.staging.catchup.gap = 1000 (default)
2021-10-01 16:55:17,592 [55456646-246b-433e-ba91-0894db9f2978@group-47279CB0A57A-LeaderElection6] INFO  server.RaftServerConfigKeys (ConfUtils.java:logGet(44)) - raft.server.write.element-limit = 1024 (custom)
2021-10-01 16:55:17,592 [55456646-246b-433e-ba91-0894db9f2978@group-47279CB0A57A-LeaderElection6] INFO  server.RaftServerConfigKeys (ConfUtils.java:logGet(44)) - raft.server.write.byte-limit = 1024 M (=1073741824) (custom)
2021-10-01 16:55:17,592 [55456646-246b-433e-ba91-0894db9f2978@group-47279CB0A57A-LeaderElection6] INFO  server.RaftServerConfigKeys (ConfUtils.java:logGet(44)) - raft.server.watch.timeout = 180s (custom)
2021-10-01 16:55:17,593 [55456646-246b-433e-ba91-0894db9f2978@group-47279CB0A57A-LeaderElection6] INFO  server.RaftServerConfigKeys (ConfUtils.java:logGet(44)) - raft.server.watch.timeout.denomination = 1s (default)
2021-10-01 16:55:17,593 [55456646-246b-433e-ba91-0894db9f2978@group-47279CB0A57A-LeaderElection6] INFO  server.RaftServerConfigKeys (ConfUtils.java:logGet(44)) - raft.server.watch.element-limit = 65536 (default)
2021-10-01 16:55:17,593 [55456646-246b-433e-ba91-0894db9f2978@group-47279CB0A57A-LeaderElection6] INFO  impl.RoleInfo (RoleInfo.java:updateAndGet(130)) - 55456646-246b-433e-ba91-0894db9f2978: start 55456646-246b-433e-ba91-0894db9f2978@group-47279CB0A57A-LeaderStateImpl
2021-10-01 16:55:17,594 [55456646-246b-433e-ba91-0894db9f2978@group-47279CB0A57A-LeaderElection6] INFO  segmented.SegmentedRaftLogWorker (SegmentedRaftLogWorker.java:startLogSegment(394)) - 55456646-246b-433e-ba91-0894db9f2978@group-47279CB0A57A-SegmentedRaftLogWorker: Starting segment from index:0
2021-10-01 16:55:17,603 [55456646-246b-433e-ba91-0894db9f2978@group-47279CB0A57A-LeaderElection6] INFO  server.RaftServer$Division (ServerState.java:setRaftConf(387)) - 55456646-246b-433e-ba91-0894db9f2978@group-47279CB0A57A: set configuration 0: [55456646-246b-433e-ba91-0894db9f2978|rpc:10.1.0.30:46679|dataStream:|priority:1], old=null
2021-10-01 16:55:17,605 [55456646-246b-433e-ba91-0894db9f2978@group-47279CB0A57A-SegmentedRaftLogWorker] INFO  segmented.SegmentedRaftLogWorker (SegmentedRaftLogWorker.java:execute(601)) - 55456646-246b-433e-ba91-0894db9f2978@group-47279CB0A57A-SegmentedRaftLogWorker: created new log segment /home/runner/work/ozone/ozone/hadoop-ozone/integration-test/target/test-dir/MiniOzoneClusterImpl-def46c0d-8367-4b8c-99dd-0a1bf9c58634/datanode-1/data/ratis/73c3c219-1388-4cc2-a470-47279cb0a57a/current/log_inprogress_0
2021-10-01 16:55:17,628 [Listener at 127.0.0.1/36675] INFO  ozone.MiniOzoneClusterImpl (MiniOzoneClusterImpl.java:lambda$waitForClusterToBeReady$0(235)) - Nodes are ready. Got 3 of 3 DN Heartbeats.
2021-10-01 16:55:17,628 [Listener at 127.0.0.1/36675] INFO  ozone.MiniOzoneClusterImpl (MiniOzoneClusterImpl.java:lambda$waitForClusterToBeReady$0(238)) - Waiting for cluster to exit safe mode
2021-10-01 16:55:17,628 [Listener at 127.0.0.1/36675] INFO  ozone.MiniOzoneClusterImpl (MiniOzoneClusterImpl.java:lambda$waitForClusterToBeReady$0(240)) - SCM became leader
2021-10-01 16:55:17,775 [bd8339b7-19ff-491c-8d62-b494fd289dd0@group-FE1425281356-FollowerState] INFO  impl.FollowerState (FollowerState.java:run(134)) - bd8339b7-19ff-491c-8d62-b494fd289dd0@group-FE1425281356-FollowerState: change to CANDIDATE, lastRpcElapsedTime:5089978503ns, electionTimeout:5083ms
2021-10-01 16:55:17,775 [bd8339b7-19ff-491c-8d62-b494fd289dd0@group-FE1425281356-FollowerState] INFO  impl.RoleInfo (RoleInfo.java:shutdownFollowerState(108)) - bd8339b7-19ff-491c-8d62-b494fd289dd0: shutdown bd8339b7-19ff-491c-8d62-b494fd289dd0@group-FE1425281356-FollowerState
2021-10-01 16:55:17,775 [bd8339b7-19ff-491c-8d62-b494fd289dd0@group-FE1425281356-FollowerState] INFO  server.RaftServer$Division (RaftServerImpl.java:setRole(285)) - bd8339b7-19ff-491c-8d62-b494fd289dd0@group-FE1425281356: changes role from  FOLLOWER to CANDIDATE at term 0 for changeToCandidate
2021-10-01 16:55:17,776 [bd8339b7-19ff-491c-8d62-b494fd289dd0@group-FE1425281356-FollowerState] INFO  server.RaftServerConfigKeys (ConfUtils.java:logGet(44)) - raft.server.leaderelection.pre-vote = false (custom)
2021-10-01 16:55:17,776 [bd8339b7-19ff-491c-8d62-b494fd289dd0@group-FE1425281356-FollowerState] INFO  impl.RoleInfo (RoleInfo.java:updateAndGet(130)) - bd8339b7-19ff-491c-8d62-b494fd289dd0: start bd8339b7-19ff-491c-8d62-b494fd289dd0@group-FE1425281356-LeaderElection7
2021-10-01 16:55:17,782 [bd8339b7-19ff-491c-8d62-b494fd289dd0@group-FE1425281356-LeaderElection7] INFO  impl.LeaderElection (LeaderElection.java:askForVotes(306)) - bd8339b7-19ff-491c-8d62-b494fd289dd0@group-FE1425281356-LeaderElection7 ELECTION round 0: submit vote requests at term 1 for -1: [bd8339b7-19ff-491c-8d62-b494fd289dd0|rpc:10.1.0.30:34869|priority:1], old=null
2021-10-01 16:55:17,783 [bd8339b7-19ff-491c-8d62-b494fd289dd0@group-FE1425281356-LeaderElection7] INFO  impl.LeaderElection (LeaderElection.java:askForVotes(308)) - bd8339b7-19ff-491c-8d62-b494fd289dd0@group-FE1425281356-LeaderElection7 ELECTION round 0: result PASSED (term=1)
2021-10-01 16:55:17,783 [bd8339b7-19ff-491c-8d62-b494fd289dd0@group-FE1425281356-LeaderElection7] INFO  impl.RoleInfo (RoleInfo.java:shutdownLeaderElection(121)) - bd8339b7-19ff-491c-8d62-b494fd289dd0: shutdown bd8339b7-19ff-491c-8d62-b494fd289dd0@group-FE1425281356-LeaderElection7
2021-10-01 16:55:17,783 [bd8339b7-19ff-491c-8d62-b494fd289dd0@group-FE1425281356-LeaderElection7] INFO  server.RaftServer$Division (RaftServerImpl.java:setRole(285)) - bd8339b7-19ff-491c-8d62-b494fd289dd0@group-FE1425281356: changes role from CANDIDATE to LEADER at term 1 for changeToLeader
2021-10-01 16:55:17,783 [bd8339b7-19ff-491c-8d62-b494fd289dd0@group-FE1425281356-LeaderElection7] INFO  ratis.XceiverServerRatis (XceiverServerRatis.java:handleLeaderChangedNotification(861)) - Leader change notification received for group: group-FE1425281356 with new leaderId: bd8339b7-19ff-491c-8d62-b494fd289dd0
2021-10-01 16:55:17,784 [Datanode State Machine Thread - 0] WARN  statemachine.StateContext (StateContext.java:execute(621)) - No available thread in pool for past 1 seconds.
2021-10-01 16:55:17,785 [EventQueue-OpenPipelineForHealthyPipelineSafeModeRule] INFO  safemode.SCMSafeModeManager (HealthyPipelineSafeModeRule.java:process(124)) - SCM in safe mode. Healthy pipelines reported count is 0, required healthy pipeline reported count is 1
2021-10-01 16:55:17,785 [bd8339b7-19ff-491c-8d62-b494fd289dd0@group-FE1425281356-LeaderElection7] INFO  server.RaftServer$Division (ServerState.java:setLeader(285)) - bd8339b7-19ff-491c-8d62-b494fd289dd0@group-FE1425281356: change Leader from null to bd8339b7-19ff-491c-8d62-b494fd289dd0 at term 1 for becomeLeader, leader elected after 5115ms
2021-10-01 16:55:17,785 [bd8339b7-19ff-491c-8d62-b494fd289dd0@group-FE1425281356-LeaderElection7] INFO  server.RaftServerConfigKeys (ConfUtils.java:logGet(44)) - raft.server.staging.catchup.gap = 1000 (default)
2021-10-01 16:55:17,786 [bd8339b7-19ff-491c-8d62-b494fd289dd0@group-FE1425281356-LeaderElection7] INFO  server.RaftServerConfigKeys (ConfUtils.java:logGet(44)) - raft.server.write.element-limit = 1024 (custom)
2021-10-01 16:55:17,786 [bd8339b7-19ff-491c-8d62-b494fd289dd0@group-FE1425281356-LeaderElection7] INFO  server.RaftServerConfigKeys (ConfUtils.java:logGet(44)) - raft.server.write.byte-limit = 1024 M (=1073741824) (custom)
2021-10-01 16:55:17,786 [bd8339b7-19ff-491c-8d62-b494fd289dd0@group-FE1425281356-LeaderElection7] INFO  server.RaftServerConfigKeys (ConfUtils.java:logGet(44)) - raft.server.watch.timeout = 180s (custom)
2021-10-01 16:55:17,786 [bd8339b7-19ff-491c-8d62-b494fd289dd0@group-FE1425281356-LeaderElection7] INFO  server.RaftServerConfigKeys (ConfUtils.java:logGet(44)) - raft.server.watch.timeout.denomination = 1s (default)
2021-10-01 16:55:17,786 [bd8339b7-19ff-491c-8d62-b494fd289dd0@group-FE1425281356-LeaderElection7] INFO  server.RaftServerConfigKeys (ConfUtils.java:logGet(44)) - raft.server.watch.element-limit = 65536 (default)
2021-10-01 16:55:17,787 [bd8339b7-19ff-491c-8d62-b494fd289dd0@group-FE1425281356-LeaderElection7] INFO  impl.RoleInfo (RoleInfo.java:updateAndGet(130)) - bd8339b7-19ff-491c-8d62-b494fd289dd0: start bd8339b7-19ff-491c-8d62-b494fd289dd0@group-FE1425281356-LeaderStateImpl
2021-10-01 16:55:17,787 [bd8339b7-19ff-491c-8d62-b494fd289dd0@group-FE1425281356-LeaderElection7] INFO  segmented.SegmentedRaftLogWorker (SegmentedRaftLogWorker.java:startLogSegment(394)) - bd8339b7-19ff-491c-8d62-b494fd289dd0@group-FE1425281356-SegmentedRaftLogWorker: Starting segment from index:0
2021-10-01 16:55:17,789 [bd8339b7-19ff-491c-8d62-b494fd289dd0@group-FE1425281356-LeaderElection7] INFO  server.RaftServer$Division (ServerState.java:setRaftConf(387)) - bd8339b7-19ff-491c-8d62-b494fd289dd0@group-FE1425281356: set configuration 0: [bd8339b7-19ff-491c-8d62-b494fd289dd0|rpc:10.1.0.30:34869|dataStream:|priority:1], old=null
2021-10-01 16:55:17,790 [bd8339b7-19ff-491c-8d62-b494fd289dd0@group-FE1425281356-SegmentedRaftLogWorker] INFO  segmented.SegmentedRaftLogWorker (SegmentedRaftLogWorker.java:execute(601)) - bd8339b7-19ff-491c-8d62-b494fd289dd0@group-FE1425281356-SegmentedRaftLogWorker: created new log segment /home/runner/work/ozone/ozone/hadoop-ozone/integration-test/target/test-dir/MiniOzoneClusterImpl-def46c0d-8367-4b8c-99dd-0a1bf9c58634/datanode-2/data/ratis/7ea8c4f9-42ab-4058-8fc0-fe1425281356/current/log_inprogress_0
2021-10-01 16:55:18,628 [Listener at 127.0.0.1/36675] INFO  ozone.MiniOzoneClusterImpl (MiniOzoneClusterImpl.java:lambda$waitForClusterToBeReady$0(235)) - Nodes are ready. Got 3 of 3 DN Heartbeats.
2021-10-01 16:55:18,629 [Listener at 127.0.0.1/36675] INFO  ozone.MiniOzoneClusterImpl (MiniOzoneClusterImpl.java:lambda$waitForClusterToBeReady$0(238)) - Waiting for cluster to exit safe mode
2021-10-01 16:55:18,629 [Listener at 127.0.0.1/36675] INFO  ozone.MiniOzoneClusterImpl (MiniOzoneClusterImpl.java:lambda$waitForClusterToBeReady$0(240)) - SCM became leader
2021-10-01 16:55:19,629 [Listener at 127.0.0.1/36675] INFO  ozone.MiniOzoneClusterImpl (MiniOzoneClusterImpl.java:lambda$waitForClusterToBeReady$0(235)) - Nodes are ready. Got 3 of 3 DN Heartbeats.
2021-10-01 16:55:19,629 [Listener at 127.0.0.1/36675] INFO  ozone.MiniOzoneClusterImpl (MiniOzoneClusterImpl.java:lambda$waitForClusterToBeReady$0(238)) - Waiting for cluster to exit safe mode
2021-10-01 16:55:19,629 [Listener at 127.0.0.1/36675] INFO  ozone.MiniOzoneClusterImpl (MiniOzoneClusterImpl.java:lambda$waitForClusterToBeReady$0(240)) - SCM became leader
2021-10-01 16:55:20,629 [Listener at 127.0.0.1/36675] INFO  ozone.MiniOzoneClusterImpl (MiniOzoneClusterImpl.java:lambda$waitForClusterToBeReady$0(235)) - Nodes are ready. Got 3 of 3 DN Heartbeats.
2021-10-01 16:55:20,629 [Listener at 127.0.0.1/36675] INFO  ozone.MiniOzoneClusterImpl (MiniOzoneClusterImpl.java:lambda$waitForClusterToBeReady$0(238)) - Waiting for cluster to exit safe mode
2021-10-01 16:55:20,629 [Listener at 127.0.0.1/36675] INFO  ozone.MiniOzoneClusterImpl (MiniOzoneClusterImpl.java:lambda$waitForClusterToBeReady$0(240)) - SCM became leader
2021-10-01 16:55:21,630 [Listener at 127.0.0.1/36675] INFO  ozone.MiniOzoneClusterImpl (MiniOzoneClusterImpl.java:lambda$waitForClusterToBeReady$0(235)) - Nodes are ready. Got 3 of 3 DN Heartbeats.
2021-10-01 16:55:21,630 [Listener at 127.0.0.1/36675] INFO  ozone.MiniOzoneClusterImpl (MiniOzoneClusterImpl.java:lambda$waitForClusterToBeReady$0(238)) - Waiting for cluster to exit safe mode
2021-10-01 16:55:21,630 [Listener at 127.0.0.1/36675] INFO  ozone.MiniOzoneClusterImpl (MiniOzoneClusterImpl.java:lambda$waitForClusterToBeReady$0(240)) - SCM became leader
2021-10-01 16:55:22,296 [2bef8554-b428-4684-ba01-b6ee907780a1@group-67DC42A0BEC5-FollowerState] INFO  impl.FollowerState (FollowerState.java:run(134)) - 2bef8554-b428-4684-ba01-b6ee907780a1@group-67DC42A0BEC5-FollowerState: change to CANDIDATE, lastRpcElapsedTime:5009007395ns, electionTimeout:5005ms
2021-10-01 16:55:22,297 [2bef8554-b428-4684-ba01-b6ee907780a1@group-67DC42A0BEC5-FollowerState] INFO  impl.RoleInfo (RoleInfo.java:shutdownFollowerState(108)) - 2bef8554-b428-4684-ba01-b6ee907780a1: shutdown 2bef8554-b428-4684-ba01-b6ee907780a1@group-67DC42A0BEC5-FollowerState
2021-10-01 16:55:22,297 [2bef8554-b428-4684-ba01-b6ee907780a1@group-67DC42A0BEC5-FollowerState] INFO  server.RaftServer$Division (RaftServerImpl.java:setRole(285)) - 2bef8554-b428-4684-ba01-b6ee907780a1@group-67DC42A0BEC5: changes role from  FOLLOWER to CANDIDATE at term 1 for changeToCandidate
2021-10-01 16:55:22,297 [2bef8554-b428-4684-ba01-b6ee907780a1@group-67DC42A0BEC5-FollowerState] INFO  server.RaftServerConfigKeys (ConfUtils.java:logGet(44)) - raft.server.leaderelection.pre-vote = false (custom)
2021-10-01 16:55:22,297 [2bef8554-b428-4684-ba01-b6ee907780a1@group-67DC42A0BEC5-FollowerState] INFO  impl.RoleInfo (RoleInfo.java:updateAndGet(130)) - 2bef8554-b428-4684-ba01-b6ee907780a1: start 2bef8554-b428-4684-ba01-b6ee907780a1@group-67DC42A0BEC5-LeaderElection8
2021-10-01 16:55:22,299 [2bef8554-b428-4684-ba01-b6ee907780a1@group-67DC42A0BEC5-LeaderElection8] INFO  impl.LeaderElection (LeaderElection.java:askForVotes(306)) - 2bef8554-b428-4684-ba01-b6ee907780a1@group-67DC42A0BEC5-LeaderElection8 ELECTION round 0: submit vote requests at term 2 for -1: [2bef8554-b428-4684-ba01-b6ee907780a1|rpc:10.1.0.30:36303|priority:0, bd8339b7-19ff-491c-8d62-b494fd289dd0|rpc:10.1.0.30:34869|priority:0, 55456646-246b-433e-ba91-0894db9f2978|rpc:10.1.0.30:46679|priority:1], old=null
2021-10-01 16:55:22,305 [grpc-default-executor-2] INFO  server.RaftServer$Division (RaftServerImpl.java:requestVote(1043)) - 55456646-246b-433e-ba91-0894db9f2978@group-67DC42A0BEC5: receive requestVote(ELECTION, 2bef8554-b428-4684-ba01-b6ee907780a1, group-67DC42A0BEC5, 2, (t:0, i:0))
2021-10-01 16:55:22,305 [grpc-default-executor-2] INFO  impl.VoteContext (VoteContext.java:log(48)) - 55456646-246b-433e-ba91-0894db9f2978@group-67DC42A0BEC5-FOLLOWER: reject ELECTION from 2bef8554-b428-4684-ba01-b6ee907780a1: our priority 1 > candidate's priority 0
2021-10-01 16:55:22,305 [grpc-default-executor-2] INFO  server.RaftServer$Division (RaftServerImpl.java:setRole(285)) - 55456646-246b-433e-ba91-0894db9f2978@group-67DC42A0BEC5: changes role from  FOLLOWER to FOLLOWER at term 2 for candidate:2bef8554-b428-4684-ba01-b6ee907780a1
2021-10-01 16:55:22,305 [grpc-default-executor-2] INFO  impl.RoleInfo (RoleInfo.java:shutdownFollowerState(108)) - 55456646-246b-433e-ba91-0894db9f2978: shutdown 55456646-246b-433e-ba91-0894db9f2978@group-67DC42A0BEC5-FollowerState
2021-10-01 16:55:22,305 [grpc-default-executor-2] INFO  impl.RoleInfo (RoleInfo.java:updateAndGet(130)) - 55456646-246b-433e-ba91-0894db9f2978: start 55456646-246b-433e-ba91-0894db9f2978@group-67DC42A0BEC5-FollowerState
2021-10-01 16:55:22,305 [55456646-246b-433e-ba91-0894db9f2978@group-67DC42A0BEC5-FollowerState] INFO  impl.FollowerState (FollowerState.java:run(143)) - 55456646-246b-433e-ba91-0894db9f2978@group-67DC42A0BEC5-FollowerState was interrupted: {}
java.lang.InterruptedException: sleep interrupted
	at java.lang.Thread.sleep(Native Method)
	at java.lang.Thread.sleep(Thread.java:340)
	at java.util.concurrent.TimeUnit.sleep(TimeUnit.java:386)
	at org.apache.ratis.util.TimeDuration.sleep(TimeDuration.java:324)
	at org.apache.ratis.util.TimeDuration.sleep(TimeDuration.java:309)
	at org.apache.ratis.server.impl.FollowerState.run(FollowerState.java:118)
2021-10-01 16:55:22,305 [grpc-default-executor-1] INFO  server.RaftServer$Division (RaftServerImpl.java:requestVote(1043)) - bd8339b7-19ff-491c-8d62-b494fd289dd0@group-67DC42A0BEC5: receive requestVote(ELECTION, 2bef8554-b428-4684-ba01-b6ee907780a1, group-67DC42A0BEC5, 2, (t:0, i:0))
2021-10-01 16:55:22,305 [grpc-default-executor-1] INFO  impl.VoteContext (VoteContext.java:log(48)) - bd8339b7-19ff-491c-8d62-b494fd289dd0@group-67DC42A0BEC5-FOLLOWER: accept ELECTION from 2bef8554-b428-4684-ba01-b6ee907780a1: our priority 0 <= candidate's priority 0
2021-10-01 16:55:22,306 [grpc-default-executor-1] INFO  server.RaftServer$Division (RaftServerImpl.java:setRole(285)) - bd8339b7-19ff-491c-8d62-b494fd289dd0@group-67DC42A0BEC5: changes role from  FOLLOWER to FOLLOWER at term 2 for candidate:2bef8554-b428-4684-ba01-b6ee907780a1
2021-10-01 16:55:22,306 [grpc-default-executor-1] INFO  impl.RoleInfo (RoleInfo.java:shutdownFollowerState(108)) - bd8339b7-19ff-491c-8d62-b494fd289dd0: shutdown bd8339b7-19ff-491c-8d62-b494fd289dd0@group-67DC42A0BEC5-FollowerState
2021-10-01 16:55:22,315 [bd8339b7-19ff-491c-8d62-b494fd289dd0@group-67DC42A0BEC5-FollowerState] INFO  impl.FollowerState (FollowerState.java:run(143)) - bd8339b7-19ff-491c-8d62-b494fd289dd0@group-67DC42A0BEC5-FollowerState was interrupted: {}
java.lang.InterruptedException: sleep interrupted
	at java.lang.Thread.sleep(Native Method)
	at java.lang.Thread.sleep(Thread.java:340)
	at java.util.concurrent.TimeUnit.sleep(TimeUnit.java:386)
	at org.apache.ratis.util.TimeDuration.sleep(TimeDuration.java:324)
	at org.apache.ratis.util.TimeDuration.sleep(TimeDuration.java:309)
	at org.apache.ratis.server.impl.FollowerState.run(FollowerState.java:118)
2021-10-01 16:55:22,316 [grpc-default-executor-1] INFO  impl.RoleInfo (RoleInfo.java:updateAndGet(130)) - bd8339b7-19ff-491c-8d62-b494fd289dd0: start bd8339b7-19ff-491c-8d62-b494fd289dd0@group-67DC42A0BEC5-FollowerState
2021-10-01 16:55:22,317 [grpc-default-executor-2] INFO  server.RaftServer$Division (RaftServerImpl.java:requestVote(1075)) - 55456646-246b-433e-ba91-0894db9f2978@group-67DC42A0BEC5 replies to ELECTION vote request: 2bef8554-b428-4684-ba01-b6ee907780a1<-55456646-246b-433e-ba91-0894db9f2978#0:FAIL-t2. Peer's state: 55456646-246b-433e-ba91-0894db9f2978@group-67DC42A0BEC5:t2, leader=null, voted=null, raftlog=55456646-246b-433e-ba91-0894db9f2978@group-67DC42A0BEC5-SegmentedRaftLog:OPENED:c-1,f-1,i0, conf=-1: [2bef8554-b428-4684-ba01-b6ee907780a1|rpc:10.1.0.30:36303|priority:0, bd8339b7-19ff-491c-8d62-b494fd289dd0|rpc:10.1.0.30:34869|priority:0, 55456646-246b-433e-ba91-0894db9f2978|rpc:10.1.0.30:46679|priority:1], old=null
2021-10-01 16:55:22,320 [2bef8554-b428-4684-ba01-b6ee907780a1@group-67DC42A0BEC5-LeaderElection8] INFO  impl.LeaderElection (LeaderElection.java:logAndReturn(89)) - 2bef8554-b428-4684-ba01-b6ee907780a1@group-67DC42A0BEC5-LeaderElection8: ELECTION REJECTED received 1 response(s) and 0 exception(s):
2021-10-01 16:55:22,320 [2bef8554-b428-4684-ba01-b6ee907780a1@group-67DC42A0BEC5-LeaderElection8] INFO  impl.LeaderElection (LeaderElection.java:logAndReturn(93)) -   Response 0: 2bef8554-b428-4684-ba01-b6ee907780a1<-55456646-246b-433e-ba91-0894db9f2978#0:FAIL-t2
2021-10-01 16:55:22,320 [2bef8554-b428-4684-ba01-b6ee907780a1@group-67DC42A0BEC5-LeaderElection8] INFO  impl.LeaderElection (LeaderElection.java:askForVotes(308)) - 2bef8554-b428-4684-ba01-b6ee907780a1@group-67DC42A0BEC5-LeaderElection8 ELECTION round 0: result REJECTED
2021-10-01 16:55:22,320 [2bef8554-b428-4684-ba01-b6ee907780a1@group-67DC42A0BEC5-LeaderElection8] INFO  server.RaftServer$Division (RaftServerImpl.java:setRole(285)) - 2bef8554-b428-4684-ba01-b6ee907780a1@group-67DC42A0BEC5: changes role from CANDIDATE to FOLLOWER at term 2 for REJECTED
2021-10-01 16:55:22,320 [2bef8554-b428-4684-ba01-b6ee907780a1@group-67DC42A0BEC5-LeaderElection8] INFO  impl.RoleInfo (RoleInfo.java:shutdownLeaderElection(121)) - 2bef8554-b428-4684-ba01-b6ee907780a1: shutdown 2bef8554-b428-4684-ba01-b6ee907780a1@group-67DC42A0BEC5-LeaderElection8
2021-10-01 16:55:22,320 [2bef8554-b428-4684-ba01-b6ee907780a1@group-67DC42A0BEC5-LeaderElection8] INFO  impl.RoleInfo (RoleInfo.java:updateAndGet(130)) - 2bef8554-b428-4684-ba01-b6ee907780a1: start 2bef8554-b428-4684-ba01-b6ee907780a1@group-67DC42A0BEC5-FollowerState
2021-10-01 16:55:22,321 [grpc-default-executor-1] INFO  server.RaftServer$Division (RaftServerImpl.java:requestVote(1075)) - bd8339b7-19ff-491c-8d62-b494fd289dd0@group-67DC42A0BEC5 replies to ELECTION vote request: 2bef8554-b428-4684-ba01-b6ee907780a1<-bd8339b7-19ff-491c-8d62-b494fd289dd0#0:OK-t2. Peer's state: bd8339b7-19ff-491c-8d62-b494fd289dd0@group-67DC42A0BEC5:t2, leader=null, voted=2bef8554-b428-4684-ba01-b6ee907780a1, raftlog=bd8339b7-19ff-491c-8d62-b494fd289dd0@group-67DC42A0BEC5-SegmentedRaftLog:OPENED:c-1,f-1,i0, conf=-1: [2bef8554-b428-4684-ba01-b6ee907780a1|rpc:10.1.0.30:36303|priority:0, bd8339b7-19ff-491c-8d62-b494fd289dd0|rpc:10.1.0.30:34869|priority:0, 55456646-246b-433e-ba91-0894db9f2978|rpc:10.1.0.30:46679|priority:1], old=null
2021-10-01 16:55:22,630 [Listener at 127.0.0.1/36675] INFO  ozone.MiniOzoneClusterImpl (MiniOzoneClusterImpl.java:lambda$waitForClusterToBeReady$0(235)) - Nodes are ready. Got 3 of 3 DN Heartbeats.
2021-10-01 16:55:22,630 [Listener at 127.0.0.1/36675] INFO  ozone.MiniOzoneClusterImpl (MiniOzoneClusterImpl.java:lambda$waitForClusterToBeReady$0(238)) - Waiting for cluster to exit safe mode
2021-10-01 16:55:22,630 [Listener at 127.0.0.1/36675] INFO  ozone.MiniOzoneClusterImpl (MiniOzoneClusterImpl.java:lambda$waitForClusterToBeReady$0(240)) - SCM became leader
2021-10-01 16:55:23,631 [Listener at 127.0.0.1/36675] INFO  ozone.MiniOzoneClusterImpl (MiniOzoneClusterImpl.java:lambda$waitForClusterToBeReady$0(235)) - Nodes are ready. Got 3 of 3 DN Heartbeats.
2021-10-01 16:55:23,631 [Listener at 127.0.0.1/36675] INFO  ozone.MiniOzoneClusterImpl (MiniOzoneClusterImpl.java:lambda$waitForClusterToBeReady$0(238)) - Waiting for cluster to exit safe mode
2021-10-01 16:55:23,631 [Listener at 127.0.0.1/36675] INFO  ozone.MiniOzoneClusterImpl (MiniOzoneClusterImpl.java:lambda$waitForClusterToBeReady$0(240)) - SCM became leader
2021-10-01 16:55:24,631 [Listener at 127.0.0.1/36675] INFO  ozone.MiniOzoneClusterImpl (MiniOzoneClusterImpl.java:lambda$waitForClusterToBeReady$0(235)) - Nodes are ready. Got 3 of 3 DN Heartbeats.
2021-10-01 16:55:24,631 [Listener at 127.0.0.1/36675] INFO  ozone.MiniOzoneClusterImpl (MiniOzoneClusterImpl.java:lambda$waitForClusterToBeReady$0(238)) - Waiting for cluster to exit safe mode
2021-10-01 16:55:24,631 [Listener at 127.0.0.1/36675] INFO  ozone.MiniOzoneClusterImpl (MiniOzoneClusterImpl.java:lambda$waitForClusterToBeReady$0(240)) - SCM became leader
2021-10-01 16:55:25,632 [Listener at 127.0.0.1/36675] INFO  ozone.MiniOzoneClusterImpl (MiniOzoneClusterImpl.java:lambda$waitForClusterToBeReady$0(235)) - Nodes are ready. Got 3 of 3 DN Heartbeats.
2021-10-01 16:55:25,632 [Listener at 127.0.0.1/36675] INFO  ozone.MiniOzoneClusterImpl (MiniOzoneClusterImpl.java:lambda$waitForClusterToBeReady$0(238)) - Waiting for cluster to exit safe mode
2021-10-01 16:55:25,632 [Listener at 127.0.0.1/36675] INFO  ozone.MiniOzoneClusterImpl (MiniOzoneClusterImpl.java:lambda$waitForClusterToBeReady$0(240)) - SCM became leader
2021-10-01 16:55:26,632 [Listener at 127.0.0.1/36675] INFO  ozone.MiniOzoneClusterImpl (MiniOzoneClusterImpl.java:lambda$waitForClusterToBeReady$0(235)) - Nodes are ready. Got 3 of 3 DN Heartbeats.
2021-10-01 16:55:26,632 [Listener at 127.0.0.1/36675] INFO  ozone.MiniOzoneClusterImpl (MiniOzoneClusterImpl.java:lambda$waitForClusterToBeReady$0(238)) - Waiting for cluster to exit safe mode
2021-10-01 16:55:26,632 [Listener at 127.0.0.1/36675] INFO  ozone.MiniOzoneClusterImpl (MiniOzoneClusterImpl.java:lambda$waitForClusterToBeReady$0(240)) - SCM became leader
2021-10-01 16:55:27,371 [2bef8554-b428-4684-ba01-b6ee907780a1@group-67DC42A0BEC5-FollowerState] INFO  impl.FollowerState (FollowerState.java:run(134)) - 2bef8554-b428-4684-ba01-b6ee907780a1@group-67DC42A0BEC5-FollowerState: change to CANDIDATE, lastRpcElapsedTime:5050847114ns, electionTimeout:5034ms
2021-10-01 16:55:27,372 [2bef8554-b428-4684-ba01-b6ee907780a1@group-67DC42A0BEC5-FollowerState] INFO  impl.RoleInfo (RoleInfo.java:shutdownFollowerState(108)) - 2bef8554-b428-4684-ba01-b6ee907780a1: shutdown 2bef8554-b428-4684-ba01-b6ee907780a1@group-67DC42A0BEC5-FollowerState
2021-10-01 16:55:27,372 [2bef8554-b428-4684-ba01-b6ee907780a1@group-67DC42A0BEC5-FollowerState] INFO  server.RaftServer$Division (RaftServerImpl.java:setRole(285)) - 2bef8554-b428-4684-ba01-b6ee907780a1@group-67DC42A0BEC5: changes role from  FOLLOWER to CANDIDATE at term 2 for changeToCandidate
2021-10-01 16:55:27,372 [2bef8554-b428-4684-ba01-b6ee907780a1@group-67DC42A0BEC5-FollowerState] INFO  server.RaftServerConfigKeys (ConfUtils.java:logGet(44)) - raft.server.leaderelection.pre-vote = false (custom)
2021-10-01 16:55:27,372 [2bef8554-b428-4684-ba01-b6ee907780a1@group-67DC42A0BEC5-FollowerState] INFO  impl.RoleInfo (RoleInfo.java:updateAndGet(130)) - 2bef8554-b428-4684-ba01-b6ee907780a1: start 2bef8554-b428-4684-ba01-b6ee907780a1@group-67DC42A0BEC5-LeaderElection9
2021-10-01 16:55:27,381 [2bef8554-b428-4684-ba01-b6ee907780a1@group-67DC42A0BEC5-LeaderElection9] INFO  impl.LeaderElection (LeaderElection.java:askForVotes(306)) - 2bef8554-b428-4684-ba01-b6ee907780a1@group-67DC42A0BEC5-LeaderElection9 ELECTION round 0: submit vote requests at term 3 for -1: [2bef8554-b428-4684-ba01-b6ee907780a1|rpc:10.1.0.30:36303|priority:0, bd8339b7-19ff-491c-8d62-b494fd289dd0|rpc:10.1.0.30:34869|priority:0, 55456646-246b-433e-ba91-0894db9f2978|rpc:10.1.0.30:46679|priority:1], old=null
2021-10-01 16:55:27,391 [grpc-default-executor-1] INFO  server.RaftServer$Division (RaftServerImpl.java:requestVote(1043)) - bd8339b7-19ff-491c-8d62-b494fd289dd0@group-67DC42A0BEC5: receive requestVote(ELECTION, 2bef8554-b428-4684-ba01-b6ee907780a1, group-67DC42A0BEC5, 3, (t:0, i:0))
2021-10-01 16:55:27,391 [grpc-default-executor-1] INFO  impl.VoteContext (VoteContext.java:log(48)) - bd8339b7-19ff-491c-8d62-b494fd289dd0@group-67DC42A0BEC5-FOLLOWER: accept ELECTION from 2bef8554-b428-4684-ba01-b6ee907780a1: our priority 0 <= candidate's priority 0
2021-10-01 16:55:27,391 [grpc-default-executor-1] INFO  server.RaftServer$Division (RaftServerImpl.java:setRole(285)) - bd8339b7-19ff-491c-8d62-b494fd289dd0@group-67DC42A0BEC5: changes role from  FOLLOWER to FOLLOWER at term 3 for candidate:2bef8554-b428-4684-ba01-b6ee907780a1
2021-10-01 16:55:27,391 [grpc-default-executor-1] INFO  impl.RoleInfo (RoleInfo.java:shutdownFollowerState(108)) - bd8339b7-19ff-491c-8d62-b494fd289dd0: shutdown bd8339b7-19ff-491c-8d62-b494fd289dd0@group-67DC42A0BEC5-FollowerState
2021-10-01 16:55:27,392 [grpc-default-executor-1] INFO  impl.RoleInfo (RoleInfo.java:updateAndGet(130)) - bd8339b7-19ff-491c-8d62-b494fd289dd0: start bd8339b7-19ff-491c-8d62-b494fd289dd0@group-67DC42A0BEC5-FollowerState
2021-10-01 16:55:27,392 [bd8339b7-19ff-491c-8d62-b494fd289dd0@group-67DC42A0BEC5-FollowerState] INFO  impl.FollowerState (FollowerState.java:run(143)) - bd8339b7-19ff-491c-8d62-b494fd289dd0@group-67DC42A0BEC5-FollowerState was interrupted: {}
java.lang.InterruptedException: sleep interrupted
	at java.lang.Thread.sleep(Native Method)
	at java.lang.Thread.sleep(Thread.java:340)
	at java.util.concurrent.TimeUnit.sleep(TimeUnit.java:386)
	at org.apache.ratis.util.TimeDuration.sleep(TimeDuration.java:324)
	at org.apache.ratis.util.TimeDuration.sleep(TimeDuration.java:309)
	at org.apache.ratis.server.impl.FollowerState.run(FollowerState.java:118)
2021-10-01 16:55:27,399 [grpc-default-executor-2] INFO  server.RaftServer$Division (RaftServerImpl.java:requestVote(1043)) - 55456646-246b-433e-ba91-0894db9f2978@group-67DC42A0BEC5: receive requestVote(ELECTION, 2bef8554-b428-4684-ba01-b6ee907780a1, group-67DC42A0BEC5, 3, (t:0, i:0))
2021-10-01 16:55:27,399 [grpc-default-executor-2] INFO  impl.VoteContext (VoteContext.java:log(48)) - 55456646-246b-433e-ba91-0894db9f2978@group-67DC42A0BEC5-FOLLOWER: reject ELECTION from 2bef8554-b428-4684-ba01-b6ee907780a1: our priority 1 > candidate's priority 0
2021-10-01 16:55:27,399 [grpc-default-executor-2] INFO  server.RaftServer$Division (RaftServerImpl.java:setRole(285)) - 55456646-246b-433e-ba91-0894db9f2978@group-67DC42A0BEC5: changes role from  FOLLOWER to FOLLOWER at term 3 for candidate:2bef8554-b428-4684-ba01-b6ee907780a1
2021-10-01 16:55:27,399 [grpc-default-executor-2] INFO  impl.RoleInfo (RoleInfo.java:shutdownFollowerState(108)) - 55456646-246b-433e-ba91-0894db9f2978: shutdown 55456646-246b-433e-ba91-0894db9f2978@group-67DC42A0BEC5-FollowerState
2021-10-01 16:55:27,399 [grpc-default-executor-2] INFO  impl.RoleInfo (RoleInfo.java:updateAndGet(130)) - 55456646-246b-433e-ba91-0894db9f2978: start 55456646-246b-433e-ba91-0894db9f2978@group-67DC42A0BEC5-FollowerState
2021-10-01 16:55:27,399 [55456646-246b-433e-ba91-0894db9f2978@group-67DC42A0BEC5-FollowerState] INFO  impl.FollowerState (FollowerState.java:run(143)) - 55456646-246b-433e-ba91-0894db9f2978@group-67DC42A0BEC5-FollowerState was interrupted: {}
java.lang.InterruptedException: sleep interrupted
	at java.lang.Thread.sleep(Native Method)
	at java.lang.Thread.sleep(Thread.java:340)
	at java.util.concurrent.TimeUnit.sleep(TimeUnit.java:386)
	at org.apache.ratis.util.TimeDuration.sleep(TimeDuration.java:324)
	at org.apache.ratis.util.TimeDuration.sleep(TimeDuration.java:309)
	at org.apache.ratis.server.impl.FollowerState.run(FollowerState.java:118)
2021-10-01 16:55:27,410 [grpc-default-executor-1] INFO  server.RaftServer$Division (RaftServerImpl.java:requestVote(1075)) - bd8339b7-19ff-491c-8d62-b494fd289dd0@group-67DC42A0BEC5 replies to ELECTION vote request: 2bef8554-b428-4684-ba01-b6ee907780a1<-bd8339b7-19ff-491c-8d62-b494fd289dd0#0:OK-t3. Peer's state: bd8339b7-19ff-491c-8d62-b494fd289dd0@group-67DC42A0BEC5:t3, leader=null, voted=2bef8554-b428-4684-ba01-b6ee907780a1, raftlog=bd8339b7-19ff-491c-8d62-b494fd289dd0@group-67DC42A0BEC5-SegmentedRaftLog:OPENED:c-1,f-1,i0, conf=-1: [2bef8554-b428-4684-ba01-b6ee907780a1|rpc:10.1.0.30:36303|priority:0, bd8339b7-19ff-491c-8d62-b494fd289dd0|rpc:10.1.0.30:34869|priority:0, 55456646-246b-433e-ba91-0894db9f2978|rpc:10.1.0.30:46679|priority:1], old=null
2021-10-01 16:55:27,413 [grpc-default-executor-2] INFO  server.RaftServer$Division (RaftServerImpl.java:requestVote(1075)) - 55456646-246b-433e-ba91-0894db9f2978@group-67DC42A0BEC5 replies to ELECTION vote request: 2bef8554-b428-4684-ba01-b6ee907780a1<-55456646-246b-433e-ba91-0894db9f2978#0:FAIL-t3. Peer's state: 55456646-246b-433e-ba91-0894db9f2978@group-67DC42A0BEC5:t3, leader=null, voted=null, raftlog=55456646-246b-433e-ba91-0894db9f2978@group-67DC42A0BEC5-SegmentedRaftLog:OPENED:c-1,f-1,i0, conf=-1: [2bef8554-b428-4684-ba01-b6ee907780a1|rpc:10.1.0.30:36303|priority:0, bd8339b7-19ff-491c-8d62-b494fd289dd0|rpc:10.1.0.30:34869|priority:0, 55456646-246b-433e-ba91-0894db9f2978|rpc:10.1.0.30:46679|priority:1], old=null
2021-10-01 16:55:27,414 [2bef8554-b428-4684-ba01-b6ee907780a1@group-67DC42A0BEC5-LeaderElection9] INFO  impl.LeaderElection (LeaderElection.java:logAndReturn(89)) - 2bef8554-b428-4684-ba01-b6ee907780a1@group-67DC42A0BEC5-LeaderElection9: ELECTION REJECTED received 2 response(s) and 0 exception(s):
2021-10-01 16:55:27,415 [2bef8554-b428-4684-ba01-b6ee907780a1@group-67DC42A0BEC5-LeaderElection9] INFO  impl.LeaderElection (LeaderElection.java:logAndReturn(93)) -   Response 0: 2bef8554-b428-4684-ba01-b6ee907780a1<-bd8339b7-19ff-491c-8d62-b494fd289dd0#0:OK-t3
2021-10-01 16:55:27,415 [2bef8554-b428-4684-ba01-b6ee907780a1@group-67DC42A0BEC5-LeaderElection9] INFO  impl.LeaderElection (LeaderElection.java:logAndReturn(93)) -   Response 1: 2bef8554-b428-4684-ba01-b6ee907780a1<-55456646-246b-433e-ba91-0894db9f2978#0:FAIL-t3
2021-10-01 16:55:27,415 [2bef8554-b428-4684-ba01-b6ee907780a1@group-67DC42A0BEC5-LeaderElection9] INFO  impl.LeaderElection (LeaderElection.java:askForVotes(308)) - 2bef8554-b428-4684-ba01-b6ee907780a1@group-67DC42A0BEC5-LeaderElection9 ELECTION round 0: result REJECTED
2021-10-01 16:55:27,415 [2bef8554-b428-4684-ba01-b6ee907780a1@group-67DC42A0BEC5-LeaderElection9] INFO  server.RaftServer$Division (RaftServerImpl.java:setRole(285)) - 2bef8554-b428-4684-ba01-b6ee907780a1@group-67DC42A0BEC5: changes role from CANDIDATE to FOLLOWER at term 3 for REJECTED
2021-10-01 16:55:27,417 [2bef8554-b428-4684-ba01-b6ee907780a1@group-67DC42A0BEC5-LeaderElection9] INFO  impl.RoleInfo (RoleInfo.java:shutdownLeaderElection(121)) - 2bef8554-b428-4684-ba01-b6ee907780a1: shutdown 2bef8554-b428-4684-ba01-b6ee907780a1@group-67DC42A0BEC5-LeaderElection9
2021-10-01 16:55:27,417 [2bef8554-b428-4684-ba01-b6ee907780a1@group-67DC42A0BEC5-LeaderElection9] INFO  impl.RoleInfo (RoleInfo.java:updateAndGet(130)) - 2bef8554-b428-4684-ba01-b6ee907780a1: start 2bef8554-b428-4684-ba01-b6ee907780a1@group-67DC42A0BEC5-FollowerState
2021-10-01 16:55:27,633 [Listener at 127.0.0.1/36675] INFO  ozone.MiniOzoneClusterImpl (MiniOzoneClusterImpl.java:lambda$waitForClusterToBeReady$0(235)) - Nodes are ready. Got 3 of 3 DN Heartbeats.
2021-10-01 16:55:27,634 [Listener at 127.0.0.1/36675] INFO  ozone.MiniOzoneClusterImpl (MiniOzoneClusterImpl.java:lambda$waitForClusterToBeReady$0(238)) - Waiting for cluster to exit safe mode
2021-10-01 16:55:27,634 [Listener at 127.0.0.1/36675] INFO  ozone.MiniOzoneClusterImpl (MiniOzoneClusterImpl.java:lambda$waitForClusterToBeReady$0(240)) - SCM became leader
2021-10-01 16:55:28,634 [Listener at 127.0.0.1/36675] INFO  ozone.MiniOzoneClusterImpl (MiniOzoneClusterImpl.java:lambda$waitForClusterToBeReady$0(235)) - Nodes are ready. Got 3 of 3 DN Heartbeats.
2021-10-01 16:55:28,634 [Listener at 127.0.0.1/36675] INFO  ozone.MiniOzoneClusterImpl (MiniOzoneClusterImpl.java:lambda$waitForClusterToBeReady$0(238)) - Waiting for cluster to exit safe mode
2021-10-01 16:55:28,634 [Listener at 127.0.0.1/36675] INFO  ozone.MiniOzoneClusterImpl (MiniOzoneClusterImpl.java:lambda$waitForClusterToBeReady$0(240)) - SCM became leader
2021-10-01 16:55:29,635 [Listener at 127.0.0.1/36675] INFO  ozone.MiniOzoneClusterImpl (MiniOzoneClusterImpl.java:lambda$waitForClusterToBeReady$0(235)) - Nodes are ready. Got 3 of 3 DN Heartbeats.
2021-10-01 16:55:29,635 [Listener at 127.0.0.1/36675] INFO  ozone.MiniOzoneClusterImpl (MiniOzoneClusterImpl.java:lambda$waitForClusterToBeReady$0(238)) - Waiting for cluster to exit safe mode
2021-10-01 16:55:29,635 [Listener at 127.0.0.1/36675] INFO  ozone.MiniOzoneClusterImpl (MiniOzoneClusterImpl.java:lambda$waitForClusterToBeReady$0(240)) - SCM became leader
2021-10-01 16:55:30,635 [Listener at 127.0.0.1/36675] INFO  ozone.MiniOzoneClusterImpl (MiniOzoneClusterImpl.java:lambda$waitForClusterToBeReady$0(235)) - Nodes are ready. Got 3 of 3 DN Heartbeats.
2021-10-01 16:55:30,635 [Listener at 127.0.0.1/36675] INFO  ozone.MiniOzoneClusterImpl (MiniOzoneClusterImpl.java:lambda$waitForClusterToBeReady$0(238)) - Waiting for cluster to exit safe mode
2021-10-01 16:55:30,635 [Listener at 127.0.0.1/36675] INFO  ozone.MiniOzoneClusterImpl (MiniOzoneClusterImpl.java:lambda$waitForClusterToBeReady$0(240)) - SCM became leader
2021-10-01 16:55:31,636 [Listener at 127.0.0.1/36675] INFO  ozone.MiniOzoneClusterImpl (MiniOzoneClusterImpl.java:lambda$waitForClusterToBeReady$0(235)) - Nodes are ready. Got 3 of 3 DN Heartbeats.
2021-10-01 16:55:31,636 [Listener at 127.0.0.1/36675] INFO  ozone.MiniOzoneClusterImpl (MiniOzoneClusterImpl.java:lambda$waitForClusterToBeReady$0(238)) - Waiting for cluster to exit safe mode
2021-10-01 16:55:31,636 [Listener at 127.0.0.1/36675] INFO  ozone.MiniOzoneClusterImpl (MiniOzoneClusterImpl.java:lambda$waitForClusterToBeReady$0(240)) - SCM became leader
2021-10-01 16:55:32,463 [2bef8554-b428-4684-ba01-b6ee907780a1@group-67DC42A0BEC5-FollowerState] INFO  impl.FollowerState (FollowerState.java:run(134)) - 2bef8554-b428-4684-ba01-b6ee907780a1@group-67DC42A0BEC5-FollowerState: change to CANDIDATE, lastRpcElapsedTime:5046483725ns, electionTimeout:5046ms
2021-10-01 16:55:32,463 [2bef8554-b428-4684-ba01-b6ee907780a1@group-67DC42A0BEC5-FollowerState] INFO  impl.RoleInfo (RoleInfo.java:shutdownFollowerState(108)) - 2bef8554-b428-4684-ba01-b6ee907780a1: shutdown 2bef8554-b428-4684-ba01-b6ee907780a1@group-67DC42A0BEC5-FollowerState
2021-10-01 16:55:32,464 [2bef8554-b428-4684-ba01-b6ee907780a1@group-67DC42A0BEC5-FollowerState] INFO  server.RaftServer$Division (RaftServerImpl.java:setRole(285)) - 2bef8554-b428-4684-ba01-b6ee907780a1@group-67DC42A0BEC5: changes role from  FOLLOWER to CANDIDATE at term 3 for changeToCandidate
2021-10-01 16:55:32,464 [2bef8554-b428-4684-ba01-b6ee907780a1@group-67DC42A0BEC5-FollowerState] INFO  server.RaftServerConfigKeys (ConfUtils.java:logGet(44)) - raft.server.leaderelection.pre-vote = false (custom)
2021-10-01 16:55:32,464 [2bef8554-b428-4684-ba01-b6ee907780a1@group-67DC42A0BEC5-FollowerState] INFO  impl.RoleInfo (RoleInfo.java:updateAndGet(130)) - 2bef8554-b428-4684-ba01-b6ee907780a1: start 2bef8554-b428-4684-ba01-b6ee907780a1@group-67DC42A0BEC5-LeaderElection10
2021-10-01 16:55:32,468 [2bef8554-b428-4684-ba01-b6ee907780a1@group-67DC42A0BEC5-LeaderElection10] INFO  impl.LeaderElection (LeaderElection.java:askForVotes(306)) - 2bef8554-b428-4684-ba01-b6ee907780a1@group-67DC42A0BEC5-LeaderElection10 ELECTION round 0: submit vote requests at term 4 for -1: [2bef8554-b428-4684-ba01-b6ee907780a1|rpc:10.1.0.30:36303|priority:0, bd8339b7-19ff-491c-8d62-b494fd289dd0|rpc:10.1.0.30:34869|priority:0, 55456646-246b-433e-ba91-0894db9f2978|rpc:10.1.0.30:46679|priority:1], old=null
2021-10-01 16:55:32,474 [grpc-default-executor-2] INFO  server.RaftServer$Division (RaftServerImpl.java:requestVote(1043)) - bd8339b7-19ff-491c-8d62-b494fd289dd0@group-67DC42A0BEC5: receive requestVote(ELECTION, 2bef8554-b428-4684-ba01-b6ee907780a1, group-67DC42A0BEC5, 4, (t:0, i:0))
2021-10-01 16:55:32,474 [grpc-default-executor-2] INFO  impl.VoteContext (VoteContext.java:log(48)) - bd8339b7-19ff-491c-8d62-b494fd289dd0@group-67DC42A0BEC5-FOLLOWER: accept ELECTION from 2bef8554-b428-4684-ba01-b6ee907780a1: our priority 0 <= candidate's priority 0
2021-10-01 16:55:32,475 [grpc-default-executor-2] INFO  server.RaftServer$Division (RaftServerImpl.java:setRole(285)) - bd8339b7-19ff-491c-8d62-b494fd289dd0@group-67DC42A0BEC5: changes role from  FOLLOWER to FOLLOWER at term 4 for candidate:2bef8554-b428-4684-ba01-b6ee907780a1
2021-10-01 16:55:32,475 [grpc-default-executor-2] INFO  impl.RoleInfo (RoleInfo.java:shutdownFollowerState(108)) - bd8339b7-19ff-491c-8d62-b494fd289dd0: shutdown bd8339b7-19ff-491c-8d62-b494fd289dd0@group-67DC42A0BEC5-FollowerState
2021-10-01 16:55:32,475 [grpc-default-executor-2] INFO  impl.RoleInfo (RoleInfo.java:updateAndGet(130)) - bd8339b7-19ff-491c-8d62-b494fd289dd0: start bd8339b7-19ff-491c-8d62-b494fd289dd0@group-67DC42A0BEC5-FollowerState
2021-10-01 16:55:32,475 [bd8339b7-19ff-491c-8d62-b494fd289dd0@group-67DC42A0BEC5-FollowerState] INFO  impl.FollowerState (FollowerState.java:run(143)) - bd8339b7-19ff-491c-8d62-b494fd289dd0@group-67DC42A0BEC5-FollowerState was interrupted: {}
java.lang.InterruptedException: sleep interrupted
	at java.lang.Thread.sleep(Native Method)
	at java.lang.Thread.sleep(Thread.java:340)
	at java.util.concurrent.TimeUnit.sleep(TimeUnit.java:386)
	at org.apache.ratis.util.TimeDuration.sleep(TimeDuration.java:324)
	at org.apache.ratis.util.TimeDuration.sleep(TimeDuration.java:309)
	at org.apache.ratis.server.impl.FollowerState.run(FollowerState.java:118)
2021-10-01 16:55:32,479 [grpc-default-executor-1] INFO  server.RaftServer$Division (RaftServerImpl.java:requestVote(1043)) - 55456646-246b-433e-ba91-0894db9f2978@group-67DC42A0BEC5: receive requestVote(ELECTION, 2bef8554-b428-4684-ba01-b6ee907780a1, group-67DC42A0BEC5, 4, (t:0, i:0))
2021-10-01 16:55:32,480 [grpc-default-executor-1] INFO  impl.VoteContext (VoteContext.java:log(48)) - 55456646-246b-433e-ba91-0894db9f2978@group-67DC42A0BEC5-FOLLOWER: reject ELECTION from 2bef8554-b428-4684-ba01-b6ee907780a1: our priority 1 > candidate's priority 0
2021-10-01 16:55:32,480 [grpc-default-executor-1] INFO  server.RaftServer$Division (RaftServerImpl.java:setRole(285)) - 55456646-246b-433e-ba91-0894db9f2978@group-67DC42A0BEC5: changes role from  FOLLOWER to FOLLOWER at term 4 for candidate:2bef8554-b428-4684-ba01-b6ee907780a1
2021-10-01 16:55:32,480 [grpc-default-executor-2] INFO  server.RaftServer$Division (RaftServerImpl.java:requestVote(1075)) - bd8339b7-19ff-491c-8d62-b494fd289dd0@group-67DC42A0BEC5 replies to ELECTION vote request: 2bef8554-b428-4684-ba01-b6ee907780a1<-bd8339b7-19ff-491c-8d62-b494fd289dd0#0:OK-t4. Peer's state: bd8339b7-19ff-491c-8d62-b494fd289dd0@group-67DC42A0BEC5:t4, leader=null, voted=2bef8554-b428-4684-ba01-b6ee907780a1, raftlog=bd8339b7-19ff-491c-8d62-b494fd289dd0@group-67DC42A0BEC5-SegmentedRaftLog:OPENED:c-1,f-1,i0, conf=-1: [2bef8554-b428-4684-ba01-b6ee907780a1|rpc:10.1.0.30:36303|priority:0, bd8339b7-19ff-491c-8d62-b494fd289dd0|rpc:10.1.0.30:34869|priority:0, 55456646-246b-433e-ba91-0894db9f2978|rpc:10.1.0.30:46679|priority:1], old=null
2021-10-01 16:55:32,480 [grpc-default-executor-1] INFO  impl.RoleInfo (RoleInfo.java:shutdownFollowerState(108)) - 55456646-246b-433e-ba91-0894db9f2978: shutdown 55456646-246b-433e-ba91-0894db9f2978@group-67DC42A0BEC5-FollowerState
2021-10-01 16:55:32,480 [grpc-default-executor-1] INFO  impl.RoleInfo (RoleInfo.java:updateAndGet(130)) - 55456646-246b-433e-ba91-0894db9f2978: start 55456646-246b-433e-ba91-0894db9f2978@group-67DC42A0BEC5-FollowerState
2021-10-01 16:55:32,480 [55456646-246b-433e-ba91-0894db9f2978@group-67DC42A0BEC5-FollowerState] INFO  impl.FollowerState (FollowerState.java:run(143)) - 55456646-246b-433e-ba91-0894db9f2978@group-67DC42A0BEC5-FollowerState was interrupted: {}
java.lang.InterruptedException: sleep interrupted
	at java.lang.Thread.sleep(Native Method)
	at java.lang.Thread.sleep(Thread.java:340)
	at java.util.concurrent.TimeUnit.sleep(TimeUnit.java:386)
	at org.apache.ratis.util.TimeDuration.sleep(TimeDuration.java:324)
	at org.apache.ratis.util.TimeDuration.sleep(TimeDuration.java:309)
	at org.apache.ratis.server.impl.FollowerState.run(FollowerState.java:118)
2021-10-01 16:55:32,490 [grpc-default-executor-1] INFO  server.RaftServer$Division (RaftServerImpl.java:requestVote(1075)) - 55456646-246b-433e-ba91-0894db9f2978@group-67DC42A0BEC5 replies to ELECTION vote request: 2bef8554-b428-4684-ba01-b6ee907780a1<-55456646-246b-433e-ba91-0894db9f2978#0:FAIL-t4. Peer's state: 55456646-246b-433e-ba91-0894db9f2978@group-67DC42A0BEC5:t4, leader=null, voted=null, raftlog=55456646-246b-433e-ba91-0894db9f2978@group-67DC42A0BEC5-SegmentedRaftLog:OPENED:c-1,f-1,i0, conf=-1: [2bef8554-b428-4684-ba01-b6ee907780a1|rpc:10.1.0.30:36303|priority:0, bd8339b7-19ff-491c-8d62-b494fd289dd0|rpc:10.1.0.30:34869|priority:0, 55456646-246b-433e-ba91-0894db9f2978|rpc:10.1.0.30:46679|priority:1], old=null
2021-10-01 16:55:32,492 [2bef8554-b428-4684-ba01-b6ee907780a1@group-67DC42A0BEC5-LeaderElection10] INFO  impl.LeaderElection (LeaderElection.java:logAndReturn(89)) - 2bef8554-b428-4684-ba01-b6ee907780a1@group-67DC42A0BEC5-LeaderElection10: ELECTION REJECTED received 2 response(s) and 0 exception(s):
2021-10-01 16:55:32,492 [2bef8554-b428-4684-ba01-b6ee907780a1@group-67DC42A0BEC5-LeaderElection10] INFO  impl.LeaderElection (LeaderElection.java:logAndReturn(93)) -   Response 0: 2bef8554-b428-4684-ba01-b6ee907780a1<-bd8339b7-19ff-491c-8d62-b494fd289dd0#0:OK-t4
2021-10-01 16:55:32,492 [2bef8554-b428-4684-ba01-b6ee907780a1@group-67DC42A0BEC5-LeaderElection10] INFO  impl.LeaderElection (LeaderElection.java:logAndReturn(93)) -   Response 1: 2bef8554-b428-4684-ba01-b6ee907780a1<-55456646-246b-433e-ba91-0894db9f2978#0:FAIL-t4
2021-10-01 16:55:32,492 [2bef8554-b428-4684-ba01-b6ee907780a1@group-67DC42A0BEC5-LeaderElection10] INFO  impl.LeaderElection (LeaderElection.java:askForVotes(308)) - 2bef8554-b428-4684-ba01-b6ee907780a1@group-67DC42A0BEC5-LeaderElection10 ELECTION round 0: result REJECTED
2021-10-01 16:55:32,495 [2bef8554-b428-4684-ba01-b6ee907780a1@group-67DC42A0BEC5-LeaderElection10] INFO  server.RaftServer$Division (RaftServerImpl.java:setRole(285)) - 2bef8554-b428-4684-ba01-b6ee907780a1@group-67DC42A0BEC5: changes role from CANDIDATE to FOLLOWER at term 4 for REJECTED
2021-10-01 16:55:32,495 [2bef8554-b428-4684-ba01-b6ee907780a1@group-67DC42A0BEC5-LeaderElection10] INFO  impl.RoleInfo (RoleInfo.java:shutdownLeaderElection(121)) - 2bef8554-b428-4684-ba01-b6ee907780a1: shutdown 2bef8554-b428-4684-ba01-b6ee907780a1@group-67DC42A0BEC5-LeaderElection10
2021-10-01 16:55:32,495 [2bef8554-b428-4684-ba01-b6ee907780a1@group-67DC42A0BEC5-LeaderElection10] INFO  impl.RoleInfo (RoleInfo.java:updateAndGet(130)) - 2bef8554-b428-4684-ba01-b6ee907780a1: start 2bef8554-b428-4684-ba01-b6ee907780a1@group-67DC42A0BEC5-FollowerState
2021-10-01 16:55:32,636 [Listener at 127.0.0.1/36675] INFO  ozone.MiniOzoneClusterImpl (MiniOzoneClusterImpl.java:lambda$waitForClusterToBeReady$0(235)) - Nodes are ready. Got 3 of 3 DN Heartbeats.
2021-10-01 16:55:32,637 [Listener at 127.0.0.1/36675] INFO  ozone.MiniOzoneClusterImpl (MiniOzoneClusterImpl.java:lambda$waitForClusterToBeReady$0(238)) - Waiting for cluster to exit safe mode
2021-10-01 16:55:32,637 [Listener at 127.0.0.1/36675] INFO  ozone.MiniOzoneClusterImpl (MiniOzoneClusterImpl.java:lambda$waitForClusterToBeReady$0(240)) - SCM became leader
2021-10-01 16:55:33,637 [Listener at 127.0.0.1/36675] INFO  ozone.MiniOzoneClusterImpl (MiniOzoneClusterImpl.java:lambda$waitForClusterToBeReady$0(235)) - Nodes are ready. Got 3 of 3 DN Heartbeats.
2021-10-01 16:55:33,637 [Listener at 127.0.0.1/36675] INFO  ozone.MiniOzoneClusterImpl (MiniOzoneClusterImpl.java:lambda$waitForClusterToBeReady$0(238)) - Waiting for cluster to exit safe mode
2021-10-01 16:55:33,637 [Listener at 127.0.0.1/36675] INFO  ozone.MiniOzoneClusterImpl (MiniOzoneClusterImpl.java:lambda$waitForClusterToBeReady$0(240)) - SCM became leader
2021-10-01 16:55:34,638 [Listener at 127.0.0.1/36675] INFO  ozone.MiniOzoneClusterImpl (MiniOzoneClusterImpl.java:lambda$waitForClusterToBeReady$0(235)) - Nodes are ready. Got 3 of 3 DN Heartbeats.
2021-10-01 16:55:34,638 [Listener at 127.0.0.1/36675] INFO  ozone.MiniOzoneClusterImpl (MiniOzoneClusterImpl.java:lambda$waitForClusterToBeReady$0(238)) - Waiting for cluster to exit safe mode
2021-10-01 16:55:34,638 [Listener at 127.0.0.1/36675] INFO  ozone.MiniOzoneClusterImpl (MiniOzoneClusterImpl.java:lambda$waitForClusterToBeReady$0(240)) - SCM became leader
2021-10-01 16:55:35,638 [Listener at 127.0.0.1/36675] INFO  ozone.MiniOzoneClusterImpl (MiniOzoneClusterImpl.java:lambda$waitForClusterToBeReady$0(235)) - Nodes are ready. Got 3 of 3 DN Heartbeats.
2021-10-01 16:55:35,638 [Listener at 127.0.0.1/36675] INFO  ozone.MiniOzoneClusterImpl (MiniOzoneClusterImpl.java:lambda$waitForClusterToBeReady$0(238)) - Waiting for cluster to exit safe mode
2021-10-01 16:55:35,638 [Listener at 127.0.0.1/36675] INFO  ozone.MiniOzoneClusterImpl (MiniOzoneClusterImpl.java:lambda$waitForClusterToBeReady$0(240)) - SCM became leader
2021-10-01 16:55:36,639 [Listener at 127.0.0.1/36675] INFO  ozone.MiniOzoneClusterImpl (MiniOzoneClusterImpl.java:lambda$waitForClusterToBeReady$0(235)) - Nodes are ready. Got 3 of 3 DN Heartbeats.
2021-10-01 16:55:36,639 [Listener at 127.0.0.1/36675] INFO  ozone.MiniOzoneClusterImpl (MiniOzoneClusterImpl.java:lambda$waitForClusterToBeReady$0(238)) - Waiting for cluster to exit safe mode
2021-10-01 16:55:36,639 [Listener at 127.0.0.1/36675] INFO  ozone.MiniOzoneClusterImpl (MiniOzoneClusterImpl.java:lambda$waitForClusterToBeReady$0(240)) - SCM became leader
2021-10-01 16:55:37,577 [2bef8554-b428-4684-ba01-b6ee907780a1@group-67DC42A0BEC5-FollowerState] INFO  impl.FollowerState (FollowerState.java:run(134)) - 2bef8554-b428-4684-ba01-b6ee907780a1@group-67DC42A0BEC5-FollowerState: change to CANDIDATE, lastRpcElapsedTime:5081294319ns, electionTimeout:5078ms
2021-10-01 16:55:37,577 [2bef8554-b428-4684-ba01-b6ee907780a1@group-67DC42A0BEC5-FollowerState] INFO  impl.RoleInfo (RoleInfo.java:shutdownFollowerState(108)) - 2bef8554-b428-4684-ba01-b6ee907780a1: shutdown 2bef8554-b428-4684-ba01-b6ee907780a1@group-67DC42A0BEC5-FollowerState
2021-10-01 16:55:37,577 [2bef8554-b428-4684-ba01-b6ee907780a1@group-67DC42A0BEC5-FollowerState] INFO  server.RaftServer$Division (RaftServerImpl.java:setRole(285)) - 2bef8554-b428-4684-ba01-b6ee907780a1@group-67DC42A0BEC5: changes role from  FOLLOWER to CANDIDATE at term 4 for changeToCandidate
2021-10-01 16:55:37,577 [2bef8554-b428-4684-ba01-b6ee907780a1@group-67DC42A0BEC5-FollowerState] INFO  server.RaftServerConfigKeys (ConfUtils.java:logGet(44)) - raft.server.leaderelection.pre-vote = false (custom)
2021-10-01 16:55:37,577 [2bef8554-b428-4684-ba01-b6ee907780a1@group-67DC42A0BEC5-FollowerState] INFO  impl.RoleInfo (RoleInfo.java:updateAndGet(130)) - 2bef8554-b428-4684-ba01-b6ee907780a1: start 2bef8554-b428-4684-ba01-b6ee907780a1@group-67DC42A0BEC5-LeaderElection11
2021-10-01 16:55:37,577 [55456646-246b-433e-ba91-0894db9f2978@group-67DC42A0BEC5-FollowerState] INFO  impl.FollowerState (FollowerState.java:run(134)) - 55456646-246b-433e-ba91-0894db9f2978@group-67DC42A0BEC5-FollowerState: change to CANDIDATE, lastRpcElapsedTime:5097421489ns, electionTimeout:5090ms
2021-10-01 16:55:37,578 [55456646-246b-433e-ba91-0894db9f2978@group-67DC42A0BEC5-FollowerState] INFO  impl.RoleInfo (RoleInfo.java:shutdownFollowerState(108)) - 55456646-246b-433e-ba91-0894db9f2978: shutdown 55456646-246b-433e-ba91-0894db9f2978@group-67DC42A0BEC5-FollowerState
2021-10-01 16:55:37,578 [55456646-246b-433e-ba91-0894db9f2978@group-67DC42A0BEC5-FollowerState] INFO  server.RaftServer$Division (RaftServerImpl.java:setRole(285)) - 55456646-246b-433e-ba91-0894db9f2978@group-67DC42A0BEC5: changes role from  FOLLOWER to CANDIDATE at term 4 for changeToCandidate
2021-10-01 16:55:37,578 [55456646-246b-433e-ba91-0894db9f2978@group-67DC42A0BEC5-FollowerState] INFO  server.RaftServerConfigKeys (ConfUtils.java:logGet(44)) - raft.server.leaderelection.pre-vote = false (custom)
2021-10-01 16:55:37,578 [55456646-246b-433e-ba91-0894db9f2978@group-67DC42A0BEC5-FollowerState] INFO  impl.RoleInfo (RoleInfo.java:updateAndGet(130)) - 55456646-246b-433e-ba91-0894db9f2978: start 55456646-246b-433e-ba91-0894db9f2978@group-67DC42A0BEC5-LeaderElection12
2021-10-01 16:55:37,583 [2bef8554-b428-4684-ba01-b6ee907780a1@group-67DC42A0BEC5-LeaderElection11] INFO  impl.LeaderElection (LeaderElection.java:askForVotes(306)) - 2bef8554-b428-4684-ba01-b6ee907780a1@group-67DC42A0BEC5-LeaderElection11 ELECTION round 0: submit vote requests at term 5 for -1: [2bef8554-b428-4684-ba01-b6ee907780a1|rpc:10.1.0.30:36303|priority:0, bd8339b7-19ff-491c-8d62-b494fd289dd0|rpc:10.1.0.30:34869|priority:0, 55456646-246b-433e-ba91-0894db9f2978|rpc:10.1.0.30:46679|priority:1], old=null
2021-10-01 16:55:37,596 [grpc-default-executor-1] INFO  server.RaftServer$Division (RaftServerImpl.java:requestVote(1043)) - bd8339b7-19ff-491c-8d62-b494fd289dd0@group-67DC42A0BEC5: receive requestVote(ELECTION, 2bef8554-b428-4684-ba01-b6ee907780a1, group-67DC42A0BEC5, 5, (t:0, i:0))
2021-10-01 16:55:37,596 [grpc-default-executor-1] INFO  impl.VoteContext (VoteContext.java:log(48)) - bd8339b7-19ff-491c-8d62-b494fd289dd0@group-67DC42A0BEC5-FOLLOWER: accept ELECTION from 2bef8554-b428-4684-ba01-b6ee907780a1: our priority 0 <= candidate's priority 0
2021-10-01 16:55:37,597 [grpc-default-executor-1] INFO  server.RaftServer$Division (RaftServerImpl.java:setRole(285)) - bd8339b7-19ff-491c-8d62-b494fd289dd0@group-67DC42A0BEC5: changes role from  FOLLOWER to FOLLOWER at term 5 for candidate:2bef8554-b428-4684-ba01-b6ee907780a1
2021-10-01 16:55:37,597 [grpc-default-executor-1] INFO  impl.RoleInfo (RoleInfo.java:shutdownFollowerState(108)) - bd8339b7-19ff-491c-8d62-b494fd289dd0: shutdown bd8339b7-19ff-491c-8d62-b494fd289dd0@group-67DC42A0BEC5-FollowerState
2021-10-01 16:55:37,597 [grpc-default-executor-1] INFO  impl.RoleInfo (RoleInfo.java:updateAndGet(130)) - bd8339b7-19ff-491c-8d62-b494fd289dd0: start bd8339b7-19ff-491c-8d62-b494fd289dd0@group-67DC42A0BEC5-FollowerState
2021-10-01 16:55:37,597 [bd8339b7-19ff-491c-8d62-b494fd289dd0@group-67DC42A0BEC5-FollowerState] INFO  impl.FollowerState (FollowerState.java:run(143)) - bd8339b7-19ff-491c-8d62-b494fd289dd0@group-67DC42A0BEC5-FollowerState was interrupted: {}
java.lang.InterruptedException: sleep interrupted
	at java.lang.Thread.sleep(Native Method)
	at java.lang.Thread.sleep(Thread.java:340)
	at java.util.concurrent.TimeUnit.sleep(TimeUnit.java:386)
	at org.apache.ratis.util.TimeDuration.sleep(TimeDuration.java:324)
	at org.apache.ratis.util.TimeDuration.sleep(TimeDuration.java:309)
	at org.apache.ratis.server.impl.FollowerState.run(FollowerState.java:118)
2021-10-01 16:55:37,602 [grpc-default-executor-2] INFO  server.RaftServer$Division (RaftServerImpl.java:requestVote(1043)) - 55456646-246b-433e-ba91-0894db9f2978@group-67DC42A0BEC5: receive requestVote(ELECTION, 2bef8554-b428-4684-ba01-b6ee907780a1, group-67DC42A0BEC5, 5, (t:0, i:0))
2021-10-01 16:55:37,604 [grpc-default-executor-2] INFO  impl.VoteContext (VoteContext.java:log(48)) - 55456646-246b-433e-ba91-0894db9f2978@group-67DC42A0BEC5-CANDIDATE: reject ELECTION from 2bef8554-b428-4684-ba01-b6ee907780a1: already has voted for 55456646-246b-433e-ba91-0894db9f2978 at current term 5
2021-10-01 16:55:37,604 [grpc-default-executor-2] INFO  server.RaftServer$Division (RaftServerImpl.java:requestVote(1075)) - 55456646-246b-433e-ba91-0894db9f2978@group-67DC42A0BEC5 replies to ELECTION vote request: 2bef8554-b428-4684-ba01-b6ee907780a1<-55456646-246b-433e-ba91-0894db9f2978#0:FAIL-t5. Peer's state: 55456646-246b-433e-ba91-0894db9f2978@group-67DC42A0BEC5:t5, leader=null, voted=55456646-246b-433e-ba91-0894db9f2978, raftlog=55456646-246b-433e-ba91-0894db9f2978@group-67DC42A0BEC5-SegmentedRaftLog:OPENED:c-1,f-1,i0, conf=-1: [2bef8554-b428-4684-ba01-b6ee907780a1|rpc:10.1.0.30:36303|priority:0, bd8339b7-19ff-491c-8d62-b494fd289dd0|rpc:10.1.0.30:34869|priority:0, 55456646-246b-433e-ba91-0894db9f2978|rpc:10.1.0.30:46679|priority:1], old=null
2021-10-01 16:55:37,604 [55456646-246b-433e-ba91-0894db9f2978@group-67DC42A0BEC5-LeaderElection12] INFO  impl.LeaderElection (LeaderElection.java:askForVotes(306)) - 55456646-246b-433e-ba91-0894db9f2978@group-67DC42A0BEC5-LeaderElection12 ELECTION round 0: submit vote requests at term 5 for -1: [2bef8554-b428-4684-ba01-b6ee907780a1|rpc:10.1.0.30:36303|priority:0, bd8339b7-19ff-491c-8d62-b494fd289dd0|rpc:10.1.0.30:34869|priority:0, 55456646-246b-433e-ba91-0894db9f2978|rpc:10.1.0.30:46679|priority:1], old=null
2021-10-01 16:55:37,606 [grpc-default-executor-1] INFO  server.RaftServer$Division (RaftServerImpl.java:requestVote(1075)) - bd8339b7-19ff-491c-8d62-b494fd289dd0@group-67DC42A0BEC5 replies to ELECTION vote request: 2bef8554-b428-4684-ba01-b6ee907780a1<-bd8339b7-19ff-491c-8d62-b494fd289dd0#0:OK-t5. Peer's state: bd8339b7-19ff-491c-8d62-b494fd289dd0@group-67DC42A0BEC5:t5, leader=null, voted=2bef8554-b428-4684-ba01-b6ee907780a1, raftlog=bd8339b7-19ff-491c-8d62-b494fd289dd0@group-67DC42A0BEC5-SegmentedRaftLog:OPENED:c-1,f-1,i0, conf=-1: [2bef8554-b428-4684-ba01-b6ee907780a1|rpc:10.1.0.30:36303|priority:0, bd8339b7-19ff-491c-8d62-b494fd289dd0|rpc:10.1.0.30:34869|priority:0, 55456646-246b-433e-ba91-0894db9f2978|rpc:10.1.0.30:46679|priority:1], old=null
2021-10-01 16:55:37,614 [2bef8554-b428-4684-ba01-b6ee907780a1@group-67DC42A0BEC5-LeaderElection11] INFO  impl.LeaderElection (LeaderElection.java:logAndReturn(89)) - 2bef8554-b428-4684-ba01-b6ee907780a1@group-67DC42A0BEC5-LeaderElection11: ELECTION REJECTED received 1 response(s) and 0 exception(s):
2021-10-01 16:55:37,614 [2bef8554-b428-4684-ba01-b6ee907780a1@group-67DC42A0BEC5-LeaderElection11] INFO  impl.LeaderElection (LeaderElection.java:logAndReturn(93)) -   Response 0: 2bef8554-b428-4684-ba01-b6ee907780a1<-55456646-246b-433e-ba91-0894db9f2978#0:FAIL-t5
2021-10-01 16:55:37,614 [2bef8554-b428-4684-ba01-b6ee907780a1@group-67DC42A0BEC5-LeaderElection11] INFO  impl.LeaderElection (LeaderElection.java:askForVotes(308)) - 2bef8554-b428-4684-ba01-b6ee907780a1@group-67DC42A0BEC5-LeaderElection11 ELECTION round 0: result REJECTED
2021-10-01 16:55:37,614 [2bef8554-b428-4684-ba01-b6ee907780a1@group-67DC42A0BEC5-LeaderElection11] INFO  server.RaftServer$Division (RaftServerImpl.java:setRole(285)) - 2bef8554-b428-4684-ba01-b6ee907780a1@group-67DC42A0BEC5: changes role from CANDIDATE to FOLLOWER at term 5 for REJECTED
2021-10-01 16:55:37,614 [2bef8554-b428-4684-ba01-b6ee907780a1@group-67DC42A0BEC5-LeaderElection11] INFO  impl.RoleInfo (RoleInfo.java:shutdownLeaderElection(121)) - 2bef8554-b428-4684-ba01-b6ee907780a1: shutdown 2bef8554-b428-4684-ba01-b6ee907780a1@group-67DC42A0BEC5-LeaderElection11
2021-10-01 16:55:37,614 [2bef8554-b428-4684-ba01-b6ee907780a1@group-67DC42A0BEC5-LeaderElection11] INFO  impl.RoleInfo (RoleInfo.java:updateAndGet(130)) - 2bef8554-b428-4684-ba01-b6ee907780a1: start 2bef8554-b428-4684-ba01-b6ee907780a1@group-67DC42A0BEC5-FollowerState
2021-10-01 16:55:37,633 [grpc-default-executor-1] INFO  server.RaftServer$Division (RaftServerImpl.java:requestVote(1043)) - 2bef8554-b428-4684-ba01-b6ee907780a1@group-67DC42A0BEC5: receive requestVote(ELECTION, 55456646-246b-433e-ba91-0894db9f2978, group-67DC42A0BEC5, 5, (t:0, i:0))
2021-10-01 16:55:37,634 [grpc-default-executor-1] INFO  impl.VoteContext (VoteContext.java:log(48)) - 2bef8554-b428-4684-ba01-b6ee907780a1@group-67DC42A0BEC5-FOLLOWER: reject ELECTION from 55456646-246b-433e-ba91-0894db9f2978: already has voted for 2bef8554-b428-4684-ba01-b6ee907780a1 at current term 5
2021-10-01 16:55:37,634 [grpc-default-executor-1] INFO  server.RaftServer$Division (RaftServerImpl.java:requestVote(1075)) - 2bef8554-b428-4684-ba01-b6ee907780a1@group-67DC42A0BEC5 replies to ELECTION vote request: 55456646-246b-433e-ba91-0894db9f2978<-2bef8554-b428-4684-ba01-b6ee907780a1#0:FAIL-t5. Peer's state: 2bef8554-b428-4684-ba01-b6ee907780a1@group-67DC42A0BEC5:t5, leader=null, voted=2bef8554-b428-4684-ba01-b6ee907780a1, raftlog=2bef8554-b428-4684-ba01-b6ee907780a1@group-67DC42A0BEC5-SegmentedRaftLog:OPENED:c-1,f-1,i0, conf=-1: [2bef8554-b428-4684-ba01-b6ee907780a1|rpc:10.1.0.30:36303|priority:0, bd8339b7-19ff-491c-8d62-b494fd289dd0|rpc:10.1.0.30:34869|priority:0, 55456646-246b-433e-ba91-0894db9f2978|rpc:10.1.0.30:46679|priority:1], old=null
2021-10-01 16:55:37,638 [grpc-default-executor-1] INFO  server.RaftServer$Division (RaftServerImpl.java:requestVote(1043)) - bd8339b7-19ff-491c-8d62-b494fd289dd0@group-67DC42A0BEC5: receive requestVote(ELECTION, 55456646-246b-433e-ba91-0894db9f2978, group-67DC42A0BEC5, 5, (t:0, i:0))
2021-10-01 16:55:37,638 [grpc-default-executor-1] INFO  impl.VoteContext (VoteContext.java:log(48)) - bd8339b7-19ff-491c-8d62-b494fd289dd0@group-67DC42A0BEC5-FOLLOWER: reject ELECTION from 55456646-246b-433e-ba91-0894db9f2978: already has voted for 2bef8554-b428-4684-ba01-b6ee907780a1 at current term 5
2021-10-01 16:55:37,638 [grpc-default-executor-1] INFO  server.RaftServer$Division (RaftServerImpl.java:requestVote(1075)) - bd8339b7-19ff-491c-8d62-b494fd289dd0@group-67DC42A0BEC5 replies to ELECTION vote request: 55456646-246b-433e-ba91-0894db9f2978<-bd8339b7-19ff-491c-8d62-b494fd289dd0#0:FAIL-t5. Peer's state: bd8339b7-19ff-491c-8d62-b494fd289dd0@group-67DC42A0BEC5:t5, leader=null, voted=2bef8554-b428-4684-ba01-b6ee907780a1, raftlog=bd8339b7-19ff-491c-8d62-b494fd289dd0@group-67DC42A0BEC5-SegmentedRaftLog:OPENED:c-1,f-1,i0, conf=-1: [2bef8554-b428-4684-ba01-b6ee907780a1|rpc:10.1.0.30:36303|priority:0, bd8339b7-19ff-491c-8d62-b494fd289dd0|rpc:10.1.0.30:34869|priority:0, 55456646-246b-433e-ba91-0894db9f2978|rpc:10.1.0.30:46679|priority:1], old=null
2021-10-01 16:55:37,643 [Listener at 127.0.0.1/36675] INFO  ozone.MiniOzoneClusterImpl (MiniOzoneClusterImpl.java:lambda$waitForClusterToBeReady$0(235)) - Nodes are ready. Got 3 of 3 DN Heartbeats.
2021-10-01 16:55:37,645 [Listener at 127.0.0.1/36675] INFO  ozone.MiniOzoneClusterImpl (MiniOzoneClusterImpl.java:lambda$waitForClusterToBeReady$0(238)) - Waiting for cluster to exit safe mode
2021-10-01 16:55:37,645 [Listener at 127.0.0.1/36675] INFO  ozone.MiniOzoneClusterImpl (MiniOzoneClusterImpl.java:lambda$waitForClusterToBeReady$0(240)) - SCM became leader
2021-10-01 16:55:37,643 [55456646-246b-433e-ba91-0894db9f2978@group-67DC42A0BEC5-LeaderElection12] INFO  impl.LeaderElection (LeaderElection.java:logAndReturn(89)) - 55456646-246b-433e-ba91-0894db9f2978@group-67DC42A0BEC5-LeaderElection12: ELECTION REJECTED received 2 response(s) and 0 exception(s):
2021-10-01 16:55:37,645 [55456646-246b-433e-ba91-0894db9f2978@group-67DC42A0BEC5-LeaderElection12] INFO  impl.LeaderElection (LeaderElection.java:logAndReturn(93)) -   Response 0: 55456646-246b-433e-ba91-0894db9f2978<-2bef8554-b428-4684-ba01-b6ee907780a1#0:FAIL-t5
2021-10-01 16:55:37,645 [55456646-246b-433e-ba91-0894db9f2978@group-67DC42A0BEC5-LeaderElection12] INFO  impl.LeaderElection (LeaderElection.java:logAndReturn(93)) -   Response 1: 55456646-246b-433e-ba91-0894db9f2978<-bd8339b7-19ff-491c-8d62-b494fd289dd0#0:FAIL-t5
2021-10-01 16:55:37,645 [55456646-246b-433e-ba91-0894db9f2978@group-67DC42A0BEC5-LeaderElection12] INFO  impl.LeaderElection (LeaderElection.java:askForVotes(308)) - 55456646-246b-433e-ba91-0894db9f2978@group-67DC42A0BEC5-LeaderElection12 ELECTION round 0: result REJECTED
2021-10-01 16:55:37,645 [55456646-246b-433e-ba91-0894db9f2978@group-67DC42A0BEC5-LeaderElection12] INFO  server.RaftServer$Division (RaftServerImpl.java:setRole(285)) - 55456646-246b-433e-ba91-0894db9f2978@group-67DC42A0BEC5: changes role from CANDIDATE to FOLLOWER at term 5 for REJECTED
2021-10-01 16:55:37,645 [55456646-246b-433e-ba91-0894db9f2978@group-67DC42A0BEC5-LeaderElection12] INFO  impl.RoleInfo (RoleInfo.java:shutdownLeaderElection(121)) - 55456646-246b-433e-ba91-0894db9f2978: shutdown 55456646-246b-433e-ba91-0894db9f2978@group-67DC42A0BEC5-LeaderElection12
2021-10-01 16:55:37,645 [55456646-246b-433e-ba91-0894db9f2978@group-67DC42A0BEC5-LeaderElection12] INFO  impl.RoleInfo (RoleInfo.java:updateAndGet(130)) - 55456646-246b-433e-ba91-0894db9f2978: start 55456646-246b-433e-ba91-0894db9f2978@group-67DC42A0BEC5-FollowerState
2021-10-01 16:55:38,645 [Listener at 127.0.0.1/36675] INFO  ozone.MiniOzoneClusterImpl (MiniOzoneClusterImpl.java:lambda$waitForClusterToBeReady$0(235)) - Nodes are ready. Got 3 of 3 DN Heartbeats.
2021-10-01 16:55:38,645 [Listener at 127.0.0.1/36675] INFO  ozone.MiniOzoneClusterImpl (MiniOzoneClusterImpl.java:lambda$waitForClusterToBeReady$0(238)) - Waiting for cluster to exit safe mode
2021-10-01 16:55:38,645 [Listener at 127.0.0.1/36675] INFO  ozone.MiniOzoneClusterImpl (MiniOzoneClusterImpl.java:lambda$waitForClusterToBeReady$0(240)) - SCM became leader
2021-10-01 16:55:39,645 [Listener at 127.0.0.1/36675] INFO  ozone.MiniOzoneClusterImpl (MiniOzoneClusterImpl.java:lambda$waitForClusterToBeReady$0(235)) - Nodes are ready. Got 3 of 3 DN Heartbeats.
2021-10-01 16:55:39,646 [Listener at 127.0.0.1/36675] INFO  ozone.MiniOzoneClusterImpl (MiniOzoneClusterImpl.java:lambda$waitForClusterToBeReady$0(238)) - Waiting for cluster to exit safe mode
2021-10-01 16:55:39,646 [Listener at 127.0.0.1/36675] INFO  ozone.MiniOzoneClusterImpl (MiniOzoneClusterImpl.java:lambda$waitForClusterToBeReady$0(240)) - SCM became leader
2021-10-01 16:55:40,646 [Listener at 127.0.0.1/36675] INFO  ozone.MiniOzoneClusterImpl (MiniOzoneClusterImpl.java:lambda$waitForClusterToBeReady$0(235)) - Nodes are ready. Got 3 of 3 DN Heartbeats.
2021-10-01 16:55:40,646 [Listener at 127.0.0.1/36675] INFO  ozone.MiniOzoneClusterImpl (MiniOzoneClusterImpl.java:lambda$waitForClusterToBeReady$0(238)) - Waiting for cluster to exit safe mode
2021-10-01 16:55:40,646 [Listener at 127.0.0.1/36675] INFO  ozone.MiniOzoneClusterImpl (MiniOzoneClusterImpl.java:lambda$waitForClusterToBeReady$0(240)) - SCM became leader
2021-10-01 16:55:41,646 [Listener at 127.0.0.1/36675] INFO  ozone.MiniOzoneClusterImpl (MiniOzoneClusterImpl.java:lambda$waitForClusterToBeReady$0(235)) - Nodes are ready. Got 3 of 3 DN Heartbeats.
2021-10-01 16:55:41,647 [Listener at 127.0.0.1/36675] INFO  ozone.MiniOzoneClusterImpl (MiniOzoneClusterImpl.java:lambda$waitForClusterToBeReady$0(238)) - Waiting for cluster to exit safe mode
2021-10-01 16:55:41,647 [Listener at 127.0.0.1/36675] INFO  ozone.MiniOzoneClusterImpl (MiniOzoneClusterImpl.java:lambda$waitForClusterToBeReady$0(240)) - SCM became leader
2021-10-01 16:55:42,641 [bd8339b7-19ff-491c-8d62-b494fd289dd0@group-67DC42A0BEC5-FollowerState] INFO  impl.FollowerState (FollowerState.java:run(134)) - bd8339b7-19ff-491c-8d62-b494fd289dd0@group-67DC42A0BEC5-FollowerState: change to CANDIDATE, lastRpcElapsedTime:5034564777ns, electionTimeout:5025ms
2021-10-01 16:55:42,641 [bd8339b7-19ff-491c-8d62-b494fd289dd0@group-67DC42A0BEC5-FollowerState] INFO  impl.RoleInfo (RoleInfo.java:shutdownFollowerState(108)) - bd8339b7-19ff-491c-8d62-b494fd289dd0: shutdown bd8339b7-19ff-491c-8d62-b494fd289dd0@group-67DC42A0BEC5-FollowerState
2021-10-01 16:55:42,641 [bd8339b7-19ff-491c-8d62-b494fd289dd0@group-67DC42A0BEC5-FollowerState] INFO  server.RaftServer$Division (RaftServerImpl.java:setRole(285)) - bd8339b7-19ff-491c-8d62-b494fd289dd0@group-67DC42A0BEC5: changes role from  FOLLOWER to CANDIDATE at term 5 for changeToCandidate
2021-10-01 16:55:42,641 [bd8339b7-19ff-491c-8d62-b494fd289dd0@group-67DC42A0BEC5-FollowerState] INFO  server.RaftServerConfigKeys (ConfUtils.java:logGet(44)) - raft.server.leaderelection.pre-vote = false (custom)
2021-10-01 16:55:42,642 [bd8339b7-19ff-491c-8d62-b494fd289dd0@group-67DC42A0BEC5-FollowerState] INFO  impl.RoleInfo (RoleInfo.java:updateAndGet(130)) - bd8339b7-19ff-491c-8d62-b494fd289dd0: start bd8339b7-19ff-491c-8d62-b494fd289dd0@group-67DC42A0BEC5-LeaderElection13
2021-10-01 16:55:42,648 [Listener at 127.0.0.1/36675] INFO  ozone.MiniOzoneClusterImpl (MiniOzoneClusterImpl.java:lambda$waitForClusterToBeReady$0(235)) - Nodes are ready. Got 3 of 3 DN Heartbeats.
2021-10-01 16:55:42,648 [Listener at 127.0.0.1/36675] INFO  ozone.MiniOzoneClusterImpl (MiniOzoneClusterImpl.java:lambda$waitForClusterToBeReady$0(238)) - Waiting for cluster to exit safe mode
2021-10-01 16:55:42,648 [Listener at 127.0.0.1/36675] INFO  ozone.MiniOzoneClusterImpl (MiniOzoneClusterImpl.java:lambda$waitForClusterToBeReady$0(240)) - SCM became leader
2021-10-01 16:55:42,650 [bd8339b7-19ff-491c-8d62-b494fd289dd0@group-67DC42A0BEC5-LeaderElection13] INFO  impl.LeaderElection (LeaderElection.java:askForVotes(306)) - bd8339b7-19ff-491c-8d62-b494fd289dd0@group-67DC42A0BEC5-LeaderElection13 ELECTION round 0: submit vote requests at term 6 for -1: [2bef8554-b428-4684-ba01-b6ee907780a1|rpc:10.1.0.30:36303|priority:0, bd8339b7-19ff-491c-8d62-b494fd289dd0|rpc:10.1.0.30:34869|priority:0, 55456646-246b-433e-ba91-0894db9f2978|rpc:10.1.0.30:46679|priority:1], old=null
2021-10-01 16:55:42,671 [grpc-default-executor-1] INFO  server.RaftServer$Division (RaftServerImpl.java:requestVote(1043)) - 2bef8554-b428-4684-ba01-b6ee907780a1@group-67DC42A0BEC5: receive requestVote(ELECTION, bd8339b7-19ff-491c-8d62-b494fd289dd0, group-67DC42A0BEC5, 6, (t:0, i:0))
2021-10-01 16:55:42,671 [grpc-default-executor-1] INFO  impl.VoteContext (VoteContext.java:log(48)) - 2bef8554-b428-4684-ba01-b6ee907780a1@group-67DC42A0BEC5-FOLLOWER: accept ELECTION from bd8339b7-19ff-491c-8d62-b494fd289dd0: our priority 0 <= candidate's priority 0
2021-10-01 16:55:42,671 [grpc-default-executor-1] INFO  server.RaftServer$Division (RaftServerImpl.java:setRole(285)) - 2bef8554-b428-4684-ba01-b6ee907780a1@group-67DC42A0BEC5: changes role from  FOLLOWER to FOLLOWER at term 6 for candidate:bd8339b7-19ff-491c-8d62-b494fd289dd0
2021-10-01 16:55:42,671 [grpc-default-executor-1] INFO  impl.RoleInfo (RoleInfo.java:shutdownFollowerState(108)) - 2bef8554-b428-4684-ba01-b6ee907780a1: shutdown 2bef8554-b428-4684-ba01-b6ee907780a1@group-67DC42A0BEC5-FollowerState
2021-10-01 16:55:42,671 [grpc-default-executor-1] INFO  impl.RoleInfo (RoleInfo.java:updateAndGet(130)) - 2bef8554-b428-4684-ba01-b6ee907780a1: start 2bef8554-b428-4684-ba01-b6ee907780a1@group-67DC42A0BEC5-FollowerState
2021-10-01 16:55:42,671 [2bef8554-b428-4684-ba01-b6ee907780a1@group-67DC42A0BEC5-FollowerState] INFO  impl.FollowerState (FollowerState.java:run(143)) - 2bef8554-b428-4684-ba01-b6ee907780a1@group-67DC42A0BEC5-FollowerState was interrupted: {}
java.lang.InterruptedException: sleep interrupted
	at java.lang.Thread.sleep(Native Method)
	at java.lang.Thread.sleep(Thread.java:340)
	at java.util.concurrent.TimeUnit.sleep(TimeUnit.java:386)
	at org.apache.ratis.util.TimeDuration.sleep(TimeDuration.java:324)
	at org.apache.ratis.util.TimeDuration.sleep(TimeDuration.java:309)
	at org.apache.ratis.server.impl.FollowerState.run(FollowerState.java:118)
2021-10-01 16:55:42,682 [grpc-default-executor-1] INFO  server.RaftServer$Division (RaftServerImpl.java:requestVote(1075)) - 2bef8554-b428-4684-ba01-b6ee907780a1@group-67DC42A0BEC5 replies to ELECTION vote request: bd8339b7-19ff-491c-8d62-b494fd289dd0<-2bef8554-b428-4684-ba01-b6ee907780a1#0:OK-t6. Peer's state: 2bef8554-b428-4684-ba01-b6ee907780a1@group-67DC42A0BEC5:t6, leader=null, voted=bd8339b7-19ff-491c-8d62-b494fd289dd0, raftlog=2bef8554-b428-4684-ba01-b6ee907780a1@group-67DC42A0BEC5-SegmentedRaftLog:OPENED:c-1,f-1,i0, conf=-1: [2bef8554-b428-4684-ba01-b6ee907780a1|rpc:10.1.0.30:36303|priority:0, bd8339b7-19ff-491c-8d62-b494fd289dd0|rpc:10.1.0.30:34869|priority:0, 55456646-246b-433e-ba91-0894db9f2978|rpc:10.1.0.30:46679|priority:1], old=null
2021-10-01 16:55:42,682 [grpc-default-executor-2] INFO  server.RaftServer$Division (RaftServerImpl.java:requestVote(1043)) - 55456646-246b-433e-ba91-0894db9f2978@group-67DC42A0BEC5: receive requestVote(ELECTION, bd8339b7-19ff-491c-8d62-b494fd289dd0, group-67DC42A0BEC5, 6, (t:0, i:0))
2021-10-01 16:55:42,683 [grpc-default-executor-2] INFO  impl.VoteContext (VoteContext.java:log(48)) - 55456646-246b-433e-ba91-0894db9f2978@group-67DC42A0BEC5-FOLLOWER: reject ELECTION from bd8339b7-19ff-491c-8d62-b494fd289dd0: our priority 1 > candidate's priority 0
2021-10-01 16:55:42,683 [grpc-default-executor-2] INFO  server.RaftServer$Division (RaftServerImpl.java:setRole(285)) - 55456646-246b-433e-ba91-0894db9f2978@group-67DC42A0BEC5: changes role from  FOLLOWER to FOLLOWER at term 6 for candidate:bd8339b7-19ff-491c-8d62-b494fd289dd0
2021-10-01 16:55:42,683 [grpc-default-executor-2] INFO  impl.RoleInfo (RoleInfo.java:shutdownFollowerState(108)) - 55456646-246b-433e-ba91-0894db9f2978: shutdown 55456646-246b-433e-ba91-0894db9f2978@group-67DC42A0BEC5-FollowerState
2021-10-01 16:55:42,683 [grpc-default-executor-2] INFO  impl.RoleInfo (RoleInfo.java:updateAndGet(130)) - 55456646-246b-433e-ba91-0894db9f2978: start 55456646-246b-433e-ba91-0894db9f2978@group-67DC42A0BEC5-FollowerState
2021-10-01 16:55:42,683 [55456646-246b-433e-ba91-0894db9f2978@group-67DC42A0BEC5-FollowerState] INFO  impl.FollowerState (FollowerState.java:run(143)) - 55456646-246b-433e-ba91-0894db9f2978@group-67DC42A0BEC5-FollowerState was interrupted: {}
java.lang.InterruptedException: sleep interrupted
	at java.lang.Thread.sleep(Native Method)
	at java.lang.Thread.sleep(Thread.java:340)
	at java.util.concurrent.TimeUnit.sleep(TimeUnit.java:386)
	at org.apache.ratis.util.TimeDuration.sleep(TimeDuration.java:324)
	at org.apache.ratis.util.TimeDuration.sleep(TimeDuration.java:309)
	at org.apache.ratis.server.impl.FollowerState.run(FollowerState.java:118)
2021-10-01 16:55:42,695 [grpc-default-executor-2] INFO  server.RaftServer$Division (RaftServerImpl.java:requestVote(1075)) - 55456646-246b-433e-ba91-0894db9f2978@group-67DC42A0BEC5 replies to ELECTION vote request: bd8339b7-19ff-491c-8d62-b494fd289dd0<-55456646-246b-433e-ba91-0894db9f2978#0:FAIL-t6. Peer's state: 55456646-246b-433e-ba91-0894db9f2978@group-67DC42A0BEC5:t6, leader=null, voted=null, raftlog=55456646-246b-433e-ba91-0894db9f2978@group-67DC42A0BEC5-SegmentedRaftLog:OPENED:c-1,f-1,i0, conf=-1: [2bef8554-b428-4684-ba01-b6ee907780a1|rpc:10.1.0.30:36303|priority:0, bd8339b7-19ff-491c-8d62-b494fd289dd0|rpc:10.1.0.30:34869|priority:0, 55456646-246b-433e-ba91-0894db9f2978|rpc:10.1.0.30:46679|priority:1], old=null
2021-10-01 16:55:42,701 [bd8339b7-19ff-491c-8d62-b494fd289dd0@group-67DC42A0BEC5-LeaderElection13] INFO  impl.LeaderElection (LeaderElection.java:logAndReturn(89)) - bd8339b7-19ff-491c-8d62-b494fd289dd0@group-67DC42A0BEC5-LeaderElection13: ELECTION REJECTED received 2 response(s) and 0 exception(s):
2021-10-01 16:55:42,701 [bd8339b7-19ff-491c-8d62-b494fd289dd0@group-67DC42A0BEC5-LeaderElection13] INFO  impl.LeaderElection (LeaderElection.java:logAndReturn(93)) -   Response 0: bd8339b7-19ff-491c-8d62-b494fd289dd0<-2bef8554-b428-4684-ba01-b6ee907780a1#0:OK-t6
2021-10-01 16:55:42,701 [bd8339b7-19ff-491c-8d62-b494fd289dd0@group-67DC42A0BEC5-LeaderElection13] INFO  impl.LeaderElection (LeaderElection.java:logAndReturn(93)) -   Response 1: bd8339b7-19ff-491c-8d62-b494fd289dd0<-55456646-246b-433e-ba91-0894db9f2978#0:FAIL-t6
2021-10-01 16:55:42,701 [bd8339b7-19ff-491c-8d62-b494fd289dd0@group-67DC42A0BEC5-LeaderElection13] INFO  impl.LeaderElection (LeaderElection.java:askForVotes(308)) - bd8339b7-19ff-491c-8d62-b494fd289dd0@group-67DC42A0BEC5-LeaderElection13 ELECTION round 0: result REJECTED
2021-10-01 16:55:42,701 [bd8339b7-19ff-491c-8d62-b494fd289dd0@group-67DC42A0BEC5-LeaderElection13] INFO  server.RaftServer$Division (RaftServerImpl.java:setRole(285)) - bd8339b7-19ff-491c-8d62-b494fd289dd0@group-67DC42A0BEC5: changes role from CANDIDATE to FOLLOWER at term 6 for REJECTED
2021-10-01 16:55:42,701 [bd8339b7-19ff-491c-8d62-b494fd289dd0@group-67DC42A0BEC5-LeaderElection13] INFO  impl.RoleInfo (RoleInfo.java:shutdownLeaderElection(121)) - bd8339b7-19ff-491c-8d62-b494fd289dd0: shutdown bd8339b7-19ff-491c-8d62-b494fd289dd0@group-67DC42A0BEC5-LeaderElection13
2021-10-01 16:55:42,701 [bd8339b7-19ff-491c-8d62-b494fd289dd0@group-67DC42A0BEC5-LeaderElection13] INFO  impl.RoleInfo (RoleInfo.java:updateAndGet(130)) - bd8339b7-19ff-491c-8d62-b494fd289dd0: start bd8339b7-19ff-491c-8d62-b494fd289dd0@group-67DC42A0BEC5-FollowerState
2021-10-01 16:55:43,648 [Listener at 127.0.0.1/36675] INFO  ozone.MiniOzoneClusterImpl (MiniOzoneClusterImpl.java:lambda$waitForClusterToBeReady$0(235)) - Nodes are ready. Got 3 of 3 DN Heartbeats.
2021-10-01 16:55:43,649 [Listener at 127.0.0.1/36675] INFO  ozone.MiniOzoneClusterImpl (MiniOzoneClusterImpl.java:lambda$waitForClusterToBeReady$0(238)) - Waiting for cluster to exit safe mode
2021-10-01 16:55:43,649 [Listener at 127.0.0.1/36675] INFO  ozone.MiniOzoneClusterImpl (MiniOzoneClusterImpl.java:lambda$waitForClusterToBeReady$0(240)) - SCM became leader
2021-10-01 16:55:44,649 [Listener at 127.0.0.1/36675] INFO  ozone.MiniOzoneClusterImpl (MiniOzoneClusterImpl.java:lambda$waitForClusterToBeReady$0(235)) - Nodes are ready. Got 3 of 3 DN Heartbeats.
2021-10-01 16:55:44,649 [Listener at 127.0.0.1/36675] INFO  ozone.MiniOzoneClusterImpl (MiniOzoneClusterImpl.java:lambda$waitForClusterToBeReady$0(238)) - Waiting for cluster to exit safe mode
2021-10-01 16:55:44,649 [Listener at 127.0.0.1/36675] INFO  ozone.MiniOzoneClusterImpl (MiniOzoneClusterImpl.java:lambda$waitForClusterToBeReady$0(240)) - SCM became leader
2021-10-01 16:55:45,649 [Listener at 127.0.0.1/36675] INFO  ozone.MiniOzoneClusterImpl (MiniOzoneClusterImpl.java:lambda$waitForClusterToBeReady$0(235)) - Nodes are ready. Got 3 of 3 DN Heartbeats.
2021-10-01 16:55:45,650 [Listener at 127.0.0.1/36675] INFO  ozone.MiniOzoneClusterImpl (MiniOzoneClusterImpl.java:lambda$waitForClusterToBeReady$0(238)) - Waiting for cluster to exit safe mode
2021-10-01 16:55:45,650 [Listener at 127.0.0.1/36675] INFO  ozone.MiniOzoneClusterImpl (MiniOzoneClusterImpl.java:lambda$waitForClusterToBeReady$0(240)) - SCM became leader
2021-10-01 16:55:46,650 [Listener at 127.0.0.1/36675] INFO  ozone.MiniOzoneClusterImpl (MiniOzoneClusterImpl.java:lambda$waitForClusterToBeReady$0(235)) - Nodes are ready. Got 3 of 3 DN Heartbeats.
2021-10-01 16:55:46,650 [Listener at 127.0.0.1/36675] INFO  ozone.MiniOzoneClusterImpl (MiniOzoneClusterImpl.java:lambda$waitForClusterToBeReady$0(238)) - Waiting for cluster to exit safe mode
2021-10-01 16:55:46,650 [Listener at 127.0.0.1/36675] INFO  ozone.MiniOzoneClusterImpl (MiniOzoneClusterImpl.java:lambda$waitForClusterToBeReady$0(240)) - SCM became leader
2021-10-01 16:55:47,651 [Listener at 127.0.0.1/36675] INFO  ozone.MiniOzoneClusterImpl (MiniOzoneClusterImpl.java:lambda$waitForClusterToBeReady$0(235)) - Nodes are ready. Got 3 of 3 DN Heartbeats.
2021-10-01 16:55:47,651 [Listener at 127.0.0.1/36675] INFO  ozone.MiniOzoneClusterImpl (MiniOzoneClusterImpl.java:lambda$waitForClusterToBeReady$0(238)) - Waiting for cluster to exit safe mode
2021-10-01 16:55:47,651 [Listener at 127.0.0.1/36675] INFO  ozone.MiniOzoneClusterImpl (MiniOzoneClusterImpl.java:lambda$waitForClusterToBeReady$0(240)) - SCM became leader
2021-10-01 16:55:47,788 [bd8339b7-19ff-491c-8d62-b494fd289dd0@group-67DC42A0BEC5-FollowerState] INFO  impl.FollowerState (FollowerState.java:run(134)) - bd8339b7-19ff-491c-8d62-b494fd289dd0@group-67DC42A0BEC5-FollowerState: change to CANDIDATE, lastRpcElapsedTime:5086823658ns, electionTimeout:5080ms
2021-10-01 16:55:47,788 [bd8339b7-19ff-491c-8d62-b494fd289dd0@group-67DC42A0BEC5-FollowerState] INFO  impl.RoleInfo (RoleInfo.java:shutdownFollowerState(108)) - bd8339b7-19ff-491c-8d62-b494fd289dd0: shutdown bd8339b7-19ff-491c-8d62-b494fd289dd0@group-67DC42A0BEC5-FollowerState
2021-10-01 16:55:47,788 [bd8339b7-19ff-491c-8d62-b494fd289dd0@group-67DC42A0BEC5-FollowerState] INFO  server.RaftServer$Division (RaftServerImpl.java:setRole(285)) - bd8339b7-19ff-491c-8d62-b494fd289dd0@group-67DC42A0BEC5: changes role from  FOLLOWER to CANDIDATE at term 6 for changeToCandidate
2021-10-01 16:55:47,788 [bd8339b7-19ff-491c-8d62-b494fd289dd0@group-67DC42A0BEC5-FollowerState] INFO  server.RaftServerConfigKeys (ConfUtils.java:logGet(44)) - raft.server.leaderelection.pre-vote = false (custom)
2021-10-01 16:55:47,788 [bd8339b7-19ff-491c-8d62-b494fd289dd0@group-67DC42A0BEC5-FollowerState] INFO  impl.RoleInfo (RoleInfo.java:updateAndGet(130)) - bd8339b7-19ff-491c-8d62-b494fd289dd0: start bd8339b7-19ff-491c-8d62-b494fd289dd0@group-67DC42A0BEC5-LeaderElection14
2021-10-01 16:55:47,794 [bd8339b7-19ff-491c-8d62-b494fd289dd0@group-67DC42A0BEC5-LeaderElection14] INFO  impl.LeaderElection (LeaderElection.java:askForVotes(306)) - bd8339b7-19ff-491c-8d62-b494fd289dd0@group-67DC42A0BEC5-LeaderElection14 ELECTION round 0: submit vote requests at term 7 for -1: [2bef8554-b428-4684-ba01-b6ee907780a1|rpc:10.1.0.30:36303|priority:0, bd8339b7-19ff-491c-8d62-b494fd289dd0|rpc:10.1.0.30:34869|priority:0, 55456646-246b-433e-ba91-0894db9f2978|rpc:10.1.0.30:46679|priority:1], old=null
2021-10-01 16:55:47,805 [grpc-default-executor-2] INFO  server.RaftServer$Division (RaftServerImpl.java:requestVote(1043)) - 2bef8554-b428-4684-ba01-b6ee907780a1@group-67DC42A0BEC5: receive requestVote(ELECTION, bd8339b7-19ff-491c-8d62-b494fd289dd0, group-67DC42A0BEC5, 7, (t:0, i:0))
2021-10-01 16:55:47,805 [grpc-default-executor-2] INFO  impl.VoteContext (VoteContext.java:log(48)) - 2bef8554-b428-4684-ba01-b6ee907780a1@group-67DC42A0BEC5-FOLLOWER: accept ELECTION from bd8339b7-19ff-491c-8d62-b494fd289dd0: our priority 0 <= candidate's priority 0
2021-10-01 16:55:47,805 [grpc-default-executor-2] INFO  server.RaftServer$Division (RaftServerImpl.java:setRole(285)) - 2bef8554-b428-4684-ba01-b6ee907780a1@group-67DC42A0BEC5: changes role from  FOLLOWER to FOLLOWER at term 7 for candidate:bd8339b7-19ff-491c-8d62-b494fd289dd0
2021-10-01 16:55:47,805 [grpc-default-executor-2] INFO  impl.RoleInfo (RoleInfo.java:shutdownFollowerState(108)) - 2bef8554-b428-4684-ba01-b6ee907780a1: shutdown 2bef8554-b428-4684-ba01-b6ee907780a1@group-67DC42A0BEC5-FollowerState
2021-10-01 16:55:47,806 [grpc-default-executor-2] INFO  impl.RoleInfo (RoleInfo.java:updateAndGet(130)) - 2bef8554-b428-4684-ba01-b6ee907780a1: start 2bef8554-b428-4684-ba01-b6ee907780a1@group-67DC42A0BEC5-FollowerState
2021-10-01 16:55:47,806 [2bef8554-b428-4684-ba01-b6ee907780a1@group-67DC42A0BEC5-FollowerState] INFO  impl.FollowerState (FollowerState.java:run(143)) - 2bef8554-b428-4684-ba01-b6ee907780a1@group-67DC42A0BEC5-FollowerState was interrupted: {}
java.lang.InterruptedException: sleep interrupted
	at java.lang.Thread.sleep(Native Method)
	at java.lang.Thread.sleep(Thread.java:340)
	at java.util.concurrent.TimeUnit.sleep(TimeUnit.java:386)
	at org.apache.ratis.util.TimeDuration.sleep(TimeDuration.java:324)
	at org.apache.ratis.util.TimeDuration.sleep(TimeDuration.java:309)
	at org.apache.ratis.server.impl.FollowerState.run(FollowerState.java:118)
2021-10-01 16:55:47,811 [grpc-default-executor-1] INFO  server.RaftServer$Division (RaftServerImpl.java:requestVote(1043)) - 55456646-246b-433e-ba91-0894db9f2978@group-67DC42A0BEC5: receive requestVote(ELECTION, bd8339b7-19ff-491c-8d62-b494fd289dd0, group-67DC42A0BEC5, 7, (t:0, i:0))
2021-10-01 16:55:47,811 [grpc-default-executor-1] INFO  impl.VoteContext (VoteContext.java:log(48)) - 55456646-246b-433e-ba91-0894db9f2978@group-67DC42A0BEC5-FOLLOWER: reject ELECTION from bd8339b7-19ff-491c-8d62-b494fd289dd0: our priority 1 > candidate's priority 0
2021-10-01 16:55:47,812 [grpc-default-executor-1] INFO  server.RaftServer$Division (RaftServerImpl.java:setRole(285)) - 55456646-246b-433e-ba91-0894db9f2978@group-67DC42A0BEC5: changes role from  FOLLOWER to FOLLOWER at term 7 for candidate:bd8339b7-19ff-491c-8d62-b494fd289dd0
2021-10-01 16:55:47,812 [grpc-default-executor-1] INFO  impl.RoleInfo (RoleInfo.java:shutdownFollowerState(108)) - 55456646-246b-433e-ba91-0894db9f2978: shutdown 55456646-246b-433e-ba91-0894db9f2978@group-67DC42A0BEC5-FollowerState
2021-10-01 16:55:47,812 [grpc-default-executor-1] INFO  impl.RoleInfo (RoleInfo.java:updateAndGet(130)) - 55456646-246b-433e-ba91-0894db9f2978: start 55456646-246b-433e-ba91-0894db9f2978@group-67DC42A0BEC5-FollowerState
2021-10-01 16:55:47,812 [55456646-246b-433e-ba91-0894db9f2978@group-67DC42A0BEC5-FollowerState] INFO  impl.FollowerState (FollowerState.java:run(143)) - 55456646-246b-433e-ba91-0894db9f2978@group-67DC42A0BEC5-FollowerState was interrupted: {}
java.lang.InterruptedException: sleep interrupted
	at java.lang.Thread.sleep(Native Method)
	at java.lang.Thread.sleep(Thread.java:340)
	at java.util.concurrent.TimeUnit.sleep(TimeUnit.java:386)
	at org.apache.ratis.util.TimeDuration.sleep(TimeDuration.java:324)
	at org.apache.ratis.util.TimeDuration.sleep(TimeDuration.java:309)
	at org.apache.ratis.server.impl.FollowerState.run(FollowerState.java:118)
2021-10-01 16:55:47,819 [grpc-default-executor-2] INFO  server.RaftServer$Division (RaftServerImpl.java:requestVote(1075)) - 2bef8554-b428-4684-ba01-b6ee907780a1@group-67DC42A0BEC5 replies to ELECTION vote request: bd8339b7-19ff-491c-8d62-b494fd289dd0<-2bef8554-b428-4684-ba01-b6ee907780a1#0:OK-t7. Peer's state: 2bef8554-b428-4684-ba01-b6ee907780a1@group-67DC42A0BEC5:t7, leader=null, voted=bd8339b7-19ff-491c-8d62-b494fd289dd0, raftlog=2bef8554-b428-4684-ba01-b6ee907780a1@group-67DC42A0BEC5-SegmentedRaftLog:OPENED:c-1,f-1,i0, conf=-1: [2bef8554-b428-4684-ba01-b6ee907780a1|rpc:10.1.0.30:36303|priority:0, bd8339b7-19ff-491c-8d62-b494fd289dd0|rpc:10.1.0.30:34869|priority:0, 55456646-246b-433e-ba91-0894db9f2978|rpc:10.1.0.30:46679|priority:1], old=null
2021-10-01 16:55:47,820 [grpc-default-executor-1] INFO  server.RaftServer$Division (RaftServerImpl.java:requestVote(1075)) - 55456646-246b-433e-ba91-0894db9f2978@group-67DC42A0BEC5 replies to ELECTION vote request: bd8339b7-19ff-491c-8d62-b494fd289dd0<-55456646-246b-433e-ba91-0894db9f2978#0:FAIL-t7. Peer's state: 55456646-246b-433e-ba91-0894db9f2978@group-67DC42A0BEC5:t7, leader=null, voted=null, raftlog=55456646-246b-433e-ba91-0894db9f2978@group-67DC42A0BEC5-SegmentedRaftLog:OPENED:c-1,f-1,i0, conf=-1: [2bef8554-b428-4684-ba01-b6ee907780a1|rpc:10.1.0.30:36303|priority:0, bd8339b7-19ff-491c-8d62-b494fd289dd0|rpc:10.1.0.30:34869|priority:0, 55456646-246b-433e-ba91-0894db9f2978|rpc:10.1.0.30:46679|priority:1], old=null
2021-10-01 16:55:47,822 [bd8339b7-19ff-491c-8d62-b494fd289dd0@group-67DC42A0BEC5-LeaderElection14] INFO  impl.LeaderElection (LeaderElection.java:logAndReturn(89)) - bd8339b7-19ff-491c-8d62-b494fd289dd0@group-67DC42A0BEC5-LeaderElection14: ELECTION REJECTED received 1 response(s) and 0 exception(s):
2021-10-01 16:55:47,823 [bd8339b7-19ff-491c-8d62-b494fd289dd0@group-67DC42A0BEC5-LeaderElection14] INFO  impl.LeaderElection (LeaderElection.java:logAndReturn(93)) -   Response 0: bd8339b7-19ff-491c-8d62-b494fd289dd0<-55456646-246b-433e-ba91-0894db9f2978#0:FAIL-t7
2021-10-01 16:55:47,823 [bd8339b7-19ff-491c-8d62-b494fd289dd0@group-67DC42A0BEC5-LeaderElection14] INFO  impl.LeaderElection (LeaderElection.java:askForVotes(308)) - bd8339b7-19ff-491c-8d62-b494fd289dd0@group-67DC42A0BEC5-LeaderElection14 ELECTION round 0: result REJECTED
2021-10-01 16:55:47,823 [bd8339b7-19ff-491c-8d62-b494fd289dd0@group-67DC42A0BEC5-LeaderElection14] INFO  server.RaftServer$Division (RaftServerImpl.java:setRole(285)) - bd8339b7-19ff-491c-8d62-b494fd289dd0@group-67DC42A0BEC5: changes role from CANDIDATE to FOLLOWER at term 7 for REJECTED
2021-10-01 16:55:47,823 [bd8339b7-19ff-491c-8d62-b494fd289dd0@group-67DC42A0BEC5-LeaderElection14] INFO  impl.RoleInfo (RoleInfo.java:shutdownLeaderElection(121)) - bd8339b7-19ff-491c-8d62-b494fd289dd0: shutdown bd8339b7-19ff-491c-8d62-b494fd289dd0@group-67DC42A0BEC5-LeaderElection14
2021-10-01 16:55:47,823 [bd8339b7-19ff-491c-8d62-b494fd289dd0@group-67DC42A0BEC5-LeaderElection14] INFO  impl.RoleInfo (RoleInfo.java:updateAndGet(130)) - bd8339b7-19ff-491c-8d62-b494fd289dd0: start bd8339b7-19ff-491c-8d62-b494fd289dd0@group-67DC42A0BEC5-FollowerState
2021-10-01 16:55:48,651 [Listener at 127.0.0.1/36675] INFO  ozone.MiniOzoneClusterImpl (MiniOzoneClusterImpl.java:lambda$waitForClusterToBeReady$0(235)) - Nodes are ready. Got 3 of 3 DN Heartbeats.
2021-10-01 16:55:48,652 [Listener at 127.0.0.1/36675] INFO  ozone.MiniOzoneClusterImpl (MiniOzoneClusterImpl.java:lambda$waitForClusterToBeReady$0(238)) - Waiting for cluster to exit safe mode
2021-10-01 16:55:48,652 [Listener at 127.0.0.1/36675] INFO  ozone.MiniOzoneClusterImpl (MiniOzoneClusterImpl.java:lambda$waitForClusterToBeReady$0(240)) - SCM became leader
2021-10-01 16:55:49,652 [Listener at 127.0.0.1/36675] INFO  ozone.MiniOzoneClusterImpl (MiniOzoneClusterImpl.java:lambda$waitForClusterToBeReady$0(235)) - Nodes are ready. Got 3 of 3 DN Heartbeats.
2021-10-01 16:55:49,653 [Listener at 127.0.0.1/36675] INFO  ozone.MiniOzoneClusterImpl (MiniOzoneClusterImpl.java:lambda$waitForClusterToBeReady$0(238)) - Waiting for cluster to exit safe mode
2021-10-01 16:55:49,653 [Listener at 127.0.0.1/36675] INFO  ozone.MiniOzoneClusterImpl (MiniOzoneClusterImpl.java:lambda$waitForClusterToBeReady$0(240)) - SCM became leader
2021-10-01 16:55:50,653 [Listener at 127.0.0.1/36675] INFO  ozone.MiniOzoneClusterImpl (MiniOzoneClusterImpl.java:lambda$waitForClusterToBeReady$0(235)) - Nodes are ready. Got 3 of 3 DN Heartbeats.
2021-10-01 16:55:50,653 [Listener at 127.0.0.1/36675] INFO  ozone.MiniOzoneClusterImpl (MiniOzoneClusterImpl.java:lambda$waitForClusterToBeReady$0(238)) - Waiting for cluster to exit safe mode
2021-10-01 16:55:50,653 [Listener at 127.0.0.1/36675] INFO  ozone.MiniOzoneClusterImpl (MiniOzoneClusterImpl.java:lambda$waitForClusterToBeReady$0(240)) - SCM became leader
2021-10-01 16:55:51,653 [Listener at 127.0.0.1/36675] INFO  ozone.MiniOzoneClusterImpl (MiniOzoneClusterImpl.java:lambda$waitForClusterToBeReady$0(235)) - Nodes are ready. Got 3 of 3 DN Heartbeats.
2021-10-01 16:55:51,653 [Listener at 127.0.0.1/36675] INFO  ozone.MiniOzoneClusterImpl (MiniOzoneClusterImpl.java:lambda$waitForClusterToBeReady$0(238)) - Waiting for cluster to exit safe mode
2021-10-01 16:55:51,654 [Listener at 127.0.0.1/36675] INFO  ozone.MiniOzoneClusterImpl (MiniOzoneClusterImpl.java:lambda$waitForClusterToBeReady$0(240)) - SCM became leader
2021-10-01 16:55:52,654 [Listener at 127.0.0.1/36675] INFO  ozone.MiniOzoneClusterImpl (MiniOzoneClusterImpl.java:lambda$waitForClusterToBeReady$0(235)) - Nodes are ready. Got 3 of 3 DN Heartbeats.
2021-10-01 16:55:52,654 [Listener at 127.0.0.1/36675] INFO  ozone.MiniOzoneClusterImpl (MiniOzoneClusterImpl.java:lambda$waitForClusterToBeReady$0(238)) - Waiting for cluster to exit safe mode
2021-10-01 16:55:52,654 [Listener at 127.0.0.1/36675] INFO  ozone.MiniOzoneClusterImpl (MiniOzoneClusterImpl.java:lambda$waitForClusterToBeReady$0(240)) - SCM became leader
2021-10-01 16:55:52,848 [bd8339b7-19ff-491c-8d62-b494fd289dd0@group-67DC42A0BEC5-FollowerState] INFO  impl.FollowerState (FollowerState.java:run(134)) - bd8339b7-19ff-491c-8d62-b494fd289dd0@group-67DC42A0BEC5-FollowerState: change to CANDIDATE, lastRpcElapsedTime:5024629591ns, electionTimeout:5017ms
2021-10-01 16:55:52,848 [bd8339b7-19ff-491c-8d62-b494fd289dd0@group-67DC42A0BEC5-FollowerState] INFO  impl.RoleInfo (RoleInfo.java:shutdownFollowerState(108)) - bd8339b7-19ff-491c-8d62-b494fd289dd0: shutdown bd8339b7-19ff-491c-8d62-b494fd289dd0@group-67DC42A0BEC5-FollowerState
2021-10-01 16:55:52,848 [bd8339b7-19ff-491c-8d62-b494fd289dd0@group-67DC42A0BEC5-FollowerState] INFO  server.RaftServer$Division (RaftServerImpl.java:setRole(285)) - bd8339b7-19ff-491c-8d62-b494fd289dd0@group-67DC42A0BEC5: changes role from  FOLLOWER to CANDIDATE at term 7 for changeToCandidate
2021-10-01 16:55:52,849 [bd8339b7-19ff-491c-8d62-b494fd289dd0@group-67DC42A0BEC5-FollowerState] INFO  server.RaftServerConfigKeys (ConfUtils.java:logGet(44)) - raft.server.leaderelection.pre-vote = false (custom)
2021-10-01 16:55:52,849 [bd8339b7-19ff-491c-8d62-b494fd289dd0@group-67DC42A0BEC5-FollowerState] INFO  impl.RoleInfo (RoleInfo.java:updateAndGet(130)) - bd8339b7-19ff-491c-8d62-b494fd289dd0: start bd8339b7-19ff-491c-8d62-b494fd289dd0@group-67DC42A0BEC5-LeaderElection15
2021-10-01 16:55:52,856 [bd8339b7-19ff-491c-8d62-b494fd289dd0@group-67DC42A0BEC5-LeaderElection15] INFO  impl.LeaderElection (LeaderElection.java:askForVotes(306)) - bd8339b7-19ff-491c-8d62-b494fd289dd0@group-67DC42A0BEC5-LeaderElection15 ELECTION round 0: submit vote requests at term 8 for -1: [2bef8554-b428-4684-ba01-b6ee907780a1|rpc:10.1.0.30:36303|priority:0, bd8339b7-19ff-491c-8d62-b494fd289dd0|rpc:10.1.0.30:34869|priority:0, 55456646-246b-433e-ba91-0894db9f2978|rpc:10.1.0.30:46679|priority:1], old=null
2021-10-01 16:55:52,863 [grpc-default-executor-2] INFO  server.RaftServer$Division (RaftServerImpl.java:requestVote(1043)) - 2bef8554-b428-4684-ba01-b6ee907780a1@group-67DC42A0BEC5: receive requestVote(ELECTION, bd8339b7-19ff-491c-8d62-b494fd289dd0, group-67DC42A0BEC5, 8, (t:0, i:0))
2021-10-01 16:55:52,863 [grpc-default-executor-2] INFO  impl.VoteContext (VoteContext.java:log(48)) - 2bef8554-b428-4684-ba01-b6ee907780a1@group-67DC42A0BEC5-FOLLOWER: accept ELECTION from bd8339b7-19ff-491c-8d62-b494fd289dd0: our priority 0 <= candidate's priority 0
2021-10-01 16:55:52,863 [grpc-default-executor-2] INFO  server.RaftServer$Division (RaftServerImpl.java:setRole(285)) - 2bef8554-b428-4684-ba01-b6ee907780a1@group-67DC42A0BEC5: changes role from  FOLLOWER to FOLLOWER at term 8 for candidate:bd8339b7-19ff-491c-8d62-b494fd289dd0
2021-10-01 16:55:52,863 [grpc-default-executor-2] INFO  impl.RoleInfo (RoleInfo.java:shutdownFollowerState(108)) - 2bef8554-b428-4684-ba01-b6ee907780a1: shutdown 2bef8554-b428-4684-ba01-b6ee907780a1@group-67DC42A0BEC5-FollowerState
2021-10-01 16:55:52,863 [grpc-default-executor-2] INFO  impl.RoleInfo (RoleInfo.java:updateAndGet(130)) - 2bef8554-b428-4684-ba01-b6ee907780a1: start 2bef8554-b428-4684-ba01-b6ee907780a1@group-67DC42A0BEC5-FollowerState
2021-10-01 16:55:52,863 [2bef8554-b428-4684-ba01-b6ee907780a1@group-67DC42A0BEC5-FollowerState] INFO  impl.FollowerState (FollowerState.java:run(143)) - 2bef8554-b428-4684-ba01-b6ee907780a1@group-67DC42A0BEC5-FollowerState was interrupted: {}
java.lang.InterruptedException: sleep interrupted
	at java.lang.Thread.sleep(Native Method)
	at java.lang.Thread.sleep(Thread.java:340)
	at java.util.concurrent.TimeUnit.sleep(TimeUnit.java:386)
	at org.apache.ratis.util.TimeDuration.sleep(TimeDuration.java:324)
	at org.apache.ratis.util.TimeDuration.sleep(TimeDuration.java:309)
	at org.apache.ratis.server.impl.FollowerState.run(FollowerState.java:118)
2021-10-01 16:55:52,866 [55456646-246b-433e-ba91-0894db9f2978@group-67DC42A0BEC5-FollowerState] INFO  impl.FollowerState (FollowerState.java:run(134)) - 55456646-246b-433e-ba91-0894db9f2978@group-67DC42A0BEC5-FollowerState: change to CANDIDATE, lastRpcElapsedTime:5053996006ns, electionTimeout:5053ms
2021-10-01 16:55:52,866 [55456646-246b-433e-ba91-0894db9f2978@group-67DC42A0BEC5-FollowerState] INFO  impl.RoleInfo (RoleInfo.java:shutdownFollowerState(108)) - 55456646-246b-433e-ba91-0894db9f2978: shutdown 55456646-246b-433e-ba91-0894db9f2978@group-67DC42A0BEC5-FollowerState
2021-10-01 16:55:52,866 [55456646-246b-433e-ba91-0894db9f2978@group-67DC42A0BEC5-FollowerState] INFO  server.RaftServer$Division (RaftServerImpl.java:setRole(285)) - 55456646-246b-433e-ba91-0894db9f2978@group-67DC42A0BEC5: changes role from  FOLLOWER to CANDIDATE at term 7 for changeToCandidate
2021-10-01 16:55:52,866 [55456646-246b-433e-ba91-0894db9f2978@group-67DC42A0BEC5-FollowerState] INFO  server.RaftServerConfigKeys (ConfUtils.java:logGet(44)) - raft.server.leaderelection.pre-vote = false (custom)
2021-10-01 16:55:52,866 [55456646-246b-433e-ba91-0894db9f2978@group-67DC42A0BEC5-FollowerState] INFO  impl.RoleInfo (RoleInfo.java:updateAndGet(130)) - 55456646-246b-433e-ba91-0894db9f2978: start 55456646-246b-433e-ba91-0894db9f2978@group-67DC42A0BEC5-LeaderElection16
2021-10-01 16:55:52,877 [grpc-default-executor-1] INFO  server.RaftServer$Division (RaftServerImpl.java:requestVote(1043)) - 55456646-246b-433e-ba91-0894db9f2978@group-67DC42A0BEC5: receive requestVote(ELECTION, bd8339b7-19ff-491c-8d62-b494fd289dd0, group-67DC42A0BEC5, 8, (t:0, i:0))
2021-10-01 16:55:52,877 [grpc-default-executor-2] INFO  server.RaftServer$Division (RaftServerImpl.java:requestVote(1075)) - 2bef8554-b428-4684-ba01-b6ee907780a1@group-67DC42A0BEC5 replies to ELECTION vote request: bd8339b7-19ff-491c-8d62-b494fd289dd0<-2bef8554-b428-4684-ba01-b6ee907780a1#0:OK-t8. Peer's state: 2bef8554-b428-4684-ba01-b6ee907780a1@group-67DC42A0BEC5:t8, leader=null, voted=bd8339b7-19ff-491c-8d62-b494fd289dd0, raftlog=2bef8554-b428-4684-ba01-b6ee907780a1@group-67DC42A0BEC5-SegmentedRaftLog:OPENED:c-1,f-1,i0, conf=-1: [2bef8554-b428-4684-ba01-b6ee907780a1|rpc:10.1.0.30:36303|priority:0, bd8339b7-19ff-491c-8d62-b494fd289dd0|rpc:10.1.0.30:34869|priority:0, 55456646-246b-433e-ba91-0894db9f2978|rpc:10.1.0.30:46679|priority:1], old=null
2021-10-01 16:55:52,880 [55456646-246b-433e-ba91-0894db9f2978@group-67DC42A0BEC5-LeaderElection16] INFO  impl.LeaderElection (LeaderElection.java:askForVotes(306)) - 55456646-246b-433e-ba91-0894db9f2978@group-67DC42A0BEC5-LeaderElection16 ELECTION round 0: submit vote requests at term 8 for -1: [2bef8554-b428-4684-ba01-b6ee907780a1|rpc:10.1.0.30:36303|priority:0, bd8339b7-19ff-491c-8d62-b494fd289dd0|rpc:10.1.0.30:34869|priority:0, 55456646-246b-433e-ba91-0894db9f2978|rpc:10.1.0.30:46679|priority:1], old=null
2021-10-01 16:55:52,880 [grpc-default-executor-1] INFO  impl.VoteContext (VoteContext.java:log(48)) - 55456646-246b-433e-ba91-0894db9f2978@group-67DC42A0BEC5-CANDIDATE: reject ELECTION from bd8339b7-19ff-491c-8d62-b494fd289dd0: already has voted for 55456646-246b-433e-ba91-0894db9f2978 at current term 8
2021-10-01 16:55:52,881 [grpc-default-executor-1] INFO  server.RaftServer$Division (RaftServerImpl.java:requestVote(1075)) - 55456646-246b-433e-ba91-0894db9f2978@group-67DC42A0BEC5 replies to ELECTION vote request: bd8339b7-19ff-491c-8d62-b494fd289dd0<-55456646-246b-433e-ba91-0894db9f2978#0:FAIL-t8. Peer's state: 55456646-246b-433e-ba91-0894db9f2978@group-67DC42A0BEC5:t8, leader=null, voted=55456646-246b-433e-ba91-0894db9f2978, raftlog=55456646-246b-433e-ba91-0894db9f2978@group-67DC42A0BEC5-SegmentedRaftLog:OPENED:c-1,f-1,i0, conf=-1: [2bef8554-b428-4684-ba01-b6ee907780a1|rpc:10.1.0.30:36303|priority:0, bd8339b7-19ff-491c-8d62-b494fd289dd0|rpc:10.1.0.30:34869|priority:0, 55456646-246b-433e-ba91-0894db9f2978|rpc:10.1.0.30:46679|priority:1], old=null
2021-10-01 16:55:52,882 [bd8339b7-19ff-491c-8d62-b494fd289dd0@group-67DC42A0BEC5-LeaderElection15] INFO  impl.LeaderElection (LeaderElection.java:logAndReturn(89)) - bd8339b7-19ff-491c-8d62-b494fd289dd0@group-67DC42A0BEC5-LeaderElection15: ELECTION REJECTED received 2 response(s) and 0 exception(s):
2021-10-01 16:55:52,882 [bd8339b7-19ff-491c-8d62-b494fd289dd0@group-67DC42A0BEC5-LeaderElection15] INFO  impl.LeaderElection (LeaderElection.java:logAndReturn(93)) -   Response 0: bd8339b7-19ff-491c-8d62-b494fd289dd0<-2bef8554-b428-4684-ba01-b6ee907780a1#0:OK-t8
2021-10-01 16:55:52,883 [bd8339b7-19ff-491c-8d62-b494fd289dd0@group-67DC42A0BEC5-LeaderElection15] INFO  impl.LeaderElection (LeaderElection.java:logAndReturn(93)) -   Response 1: bd8339b7-19ff-491c-8d62-b494fd289dd0<-55456646-246b-433e-ba91-0894db9f2978#0:FAIL-t8
2021-10-01 16:55:52,887 [bd8339b7-19ff-491c-8d62-b494fd289dd0@group-67DC42A0BEC5-LeaderElection15] INFO  impl.LeaderElection (LeaderElection.java:askForVotes(308)) - bd8339b7-19ff-491c-8d62-b494fd289dd0@group-67DC42A0BEC5-LeaderElection15 ELECTION round 0: result REJECTED
2021-10-01 16:55:52,887 [bd8339b7-19ff-491c-8d62-b494fd289dd0@group-67DC42A0BEC5-LeaderElection15] INFO  server.RaftServer$Division (RaftServerImpl.java:setRole(285)) - bd8339b7-19ff-491c-8d62-b494fd289dd0@group-67DC42A0BEC5: changes role from CANDIDATE to FOLLOWER at term 8 for REJECTED
2021-10-01 16:55:52,887 [grpc-default-executor-1] INFO  server.RaftServer$Division (RaftServerImpl.java:requestVote(1043)) - 2bef8554-b428-4684-ba01-b6ee907780a1@group-67DC42A0BEC5: receive requestVote(ELECTION, 55456646-246b-433e-ba91-0894db9f2978, group-67DC42A0BEC5, 8, (t:0, i:0))
2021-10-01 16:55:52,887 [bd8339b7-19ff-491c-8d62-b494fd289dd0@group-67DC42A0BEC5-LeaderElection15] INFO  impl.RoleInfo (RoleInfo.java:shutdownLeaderElection(121)) - bd8339b7-19ff-491c-8d62-b494fd289dd0: shutdown bd8339b7-19ff-491c-8d62-b494fd289dd0@group-67DC42A0BEC5-LeaderElection15
2021-10-01 16:55:52,888 [bd8339b7-19ff-491c-8d62-b494fd289dd0@group-67DC42A0BEC5-LeaderElection15] INFO  impl.RoleInfo (RoleInfo.java:updateAndGet(130)) - bd8339b7-19ff-491c-8d62-b494fd289dd0: start bd8339b7-19ff-491c-8d62-b494fd289dd0@group-67DC42A0BEC5-FollowerState
2021-10-01 16:55:52,888 [grpc-default-executor-1] INFO  impl.VoteContext (VoteContext.java:log(48)) - 2bef8554-b428-4684-ba01-b6ee907780a1@group-67DC42A0BEC5-FOLLOWER: reject ELECTION from 55456646-246b-433e-ba91-0894db9f2978: already has voted for bd8339b7-19ff-491c-8d62-b494fd289dd0 at current term 8
2021-10-01 16:55:52,888 [grpc-default-executor-1] INFO  server.RaftServer$Division (RaftServerImpl.java:requestVote(1075)) - 2bef8554-b428-4684-ba01-b6ee907780a1@group-67DC42A0BEC5 replies to ELECTION vote request: 55456646-246b-433e-ba91-0894db9f2978<-2bef8554-b428-4684-ba01-b6ee907780a1#0:FAIL-t8. Peer's state: 2bef8554-b428-4684-ba01-b6ee907780a1@group-67DC42A0BEC5:t8, leader=null, voted=bd8339b7-19ff-491c-8d62-b494fd289dd0, raftlog=2bef8554-b428-4684-ba01-b6ee907780a1@group-67DC42A0BEC5-SegmentedRaftLog:OPENED:c-1,f-1,i0, conf=-1: [2bef8554-b428-4684-ba01-b6ee907780a1|rpc:10.1.0.30:36303|priority:0, bd8339b7-19ff-491c-8d62-b494fd289dd0|rpc:10.1.0.30:34869|priority:0, 55456646-246b-433e-ba91-0894db9f2978|rpc:10.1.0.30:46679|priority:1], old=null
2021-10-01 16:55:52,899 [grpc-default-executor-1] INFO  server.RaftServer$Division (RaftServerImpl.java:requestVote(1043)) - bd8339b7-19ff-491c-8d62-b494fd289dd0@group-67DC42A0BEC5: receive requestVote(ELECTION, 55456646-246b-433e-ba91-0894db9f2978, group-67DC42A0BEC5, 8, (t:0, i:0))
2021-10-01 16:55:52,899 [grpc-default-executor-1] INFO  impl.VoteContext (VoteContext.java:log(48)) - bd8339b7-19ff-491c-8d62-b494fd289dd0@group-67DC42A0BEC5-FOLLOWER: reject ELECTION from 55456646-246b-433e-ba91-0894db9f2978: already has voted for bd8339b7-19ff-491c-8d62-b494fd289dd0 at current term 8
2021-10-01 16:55:52,899 [grpc-default-executor-1] INFO  server.RaftServer$Division (RaftServerImpl.java:requestVote(1075)) - bd8339b7-19ff-491c-8d62-b494fd289dd0@group-67DC42A0BEC5 replies to ELECTION vote request: 55456646-246b-433e-ba91-0894db9f2978<-bd8339b7-19ff-491c-8d62-b494fd289dd0#0:FAIL-t8. Peer's state: bd8339b7-19ff-491c-8d62-b494fd289dd0@group-67DC42A0BEC5:t8, leader=null, voted=bd8339b7-19ff-491c-8d62-b494fd289dd0, raftlog=bd8339b7-19ff-491c-8d62-b494fd289dd0@group-67DC42A0BEC5-SegmentedRaftLog:OPENED:c-1,f-1,i0, conf=-1: [2bef8554-b428-4684-ba01-b6ee907780a1|rpc:10.1.0.30:36303|priority:0, bd8339b7-19ff-491c-8d62-b494fd289dd0|rpc:10.1.0.30:34869|priority:0, 55456646-246b-433e-ba91-0894db9f2978|rpc:10.1.0.30:46679|priority:1], old=null
2021-10-01 16:55:52,903 [55456646-246b-433e-ba91-0894db9f2978@group-67DC42A0BEC5-LeaderElection16] INFO  impl.LeaderElection (LeaderElection.java:logAndReturn(89)) - 55456646-246b-433e-ba91-0894db9f2978@group-67DC42A0BEC5-LeaderElection16: ELECTION REJECTED received 2 response(s) and 0 exception(s):
2021-10-01 16:55:52,903 [55456646-246b-433e-ba91-0894db9f2978@group-67DC42A0BEC5-LeaderElection16] INFO  impl.LeaderElection (LeaderElection.java:logAndReturn(93)) -   Response 0: 55456646-246b-433e-ba91-0894db9f2978<-2bef8554-b428-4684-ba01-b6ee907780a1#0:FAIL-t8
2021-10-01 16:55:52,903 [55456646-246b-433e-ba91-0894db9f2978@group-67DC42A0BEC5-LeaderElection16] INFO  impl.LeaderElection (LeaderElection.java:logAndReturn(93)) -   Response 1: 55456646-246b-433e-ba91-0894db9f2978<-bd8339b7-19ff-491c-8d62-b494fd289dd0#0:FAIL-t8
2021-10-01 16:55:52,903 [55456646-246b-433e-ba91-0894db9f2978@group-67DC42A0BEC5-LeaderElection16] INFO  impl.LeaderElection (LeaderElection.java:askForVotes(308)) - 55456646-246b-433e-ba91-0894db9f2978@group-67DC42A0BEC5-LeaderElection16 ELECTION round 0: result REJECTED
2021-10-01 16:55:52,903 [55456646-246b-433e-ba91-0894db9f2978@group-67DC42A0BEC5-LeaderElection16] INFO  server.RaftServer$Division (RaftServerImpl.java:setRole(285)) - 55456646-246b-433e-ba91-0894db9f2978@group-67DC42A0BEC5: changes role from CANDIDATE to FOLLOWER at term 8 for REJECTED
2021-10-01 16:55:52,904 [55456646-246b-433e-ba91-0894db9f2978@group-67DC42A0BEC5-LeaderElection16] INFO  impl.RoleInfo (RoleInfo.java:shutdownLeaderElection(121)) - 55456646-246b-433e-ba91-0894db9f2978: shutdown 55456646-246b-433e-ba91-0894db9f2978@group-67DC42A0BEC5-LeaderElection16
2021-10-01 16:55:52,904 [55456646-246b-433e-ba91-0894db9f2978@group-67DC42A0BEC5-LeaderElection16] INFO  impl.RoleInfo (RoleInfo.java:updateAndGet(130)) - 55456646-246b-433e-ba91-0894db9f2978: start 55456646-246b-433e-ba91-0894db9f2978@group-67DC42A0BEC5-FollowerState
2021-10-01 16:55:53,654 [Listener at 127.0.0.1/36675] INFO  ozone.MiniOzoneClusterImpl (MiniOzoneClusterImpl.java:lambda$waitForClusterToBeReady$0(235)) - Nodes are ready. Got 3 of 3 DN Heartbeats.
2021-10-01 16:55:53,655 [Listener at 127.0.0.1/36675] INFO  ozone.MiniOzoneClusterImpl (MiniOzoneClusterImpl.java:lambda$waitForClusterToBeReady$0(238)) - Waiting for cluster to exit safe mode
2021-10-01 16:55:53,655 [Listener at 127.0.0.1/36675] INFO  ozone.MiniOzoneClusterImpl (MiniOzoneClusterImpl.java:lambda$waitForClusterToBeReady$0(240)) - SCM became leader
2021-10-01 16:55:54,655 [Listener at 127.0.0.1/36675] INFO  ozone.MiniOzoneClusterImpl (MiniOzoneClusterImpl.java:lambda$waitForClusterToBeReady$0(235)) - Nodes are ready. Got 3 of 3 DN Heartbeats.
2021-10-01 16:55:54,656 [Listener at 127.0.0.1/36675] INFO  ozone.MiniOzoneClusterImpl (MiniOzoneClusterImpl.java:lambda$waitForClusterToBeReady$0(238)) - Waiting for cluster to exit safe mode
2021-10-01 16:55:54,656 [Listener at 127.0.0.1/36675] INFO  ozone.MiniOzoneClusterImpl (MiniOzoneClusterImpl.java:lambda$waitForClusterToBeReady$0(240)) - SCM became leader
2021-10-01 16:55:55,656 [Listener at 127.0.0.1/36675] INFO  ozone.MiniOzoneClusterImpl (MiniOzoneClusterImpl.java:lambda$waitForClusterToBeReady$0(235)) - Nodes are ready. Got 3 of 3 DN Heartbeats.
2021-10-01 16:55:55,656 [Listener at 127.0.0.1/36675] INFO  ozone.MiniOzoneClusterImpl (MiniOzoneClusterImpl.java:lambda$waitForClusterToBeReady$0(238)) - Waiting for cluster to exit safe mode
2021-10-01 16:55:55,656 [Listener at 127.0.0.1/36675] INFO  ozone.MiniOzoneClusterImpl (MiniOzoneClusterImpl.java:lambda$waitForClusterToBeReady$0(240)) - SCM became leader
2021-10-01 16:55:56,656 [Listener at 127.0.0.1/36675] INFO  ozone.MiniOzoneClusterImpl (MiniOzoneClusterImpl.java:lambda$waitForClusterToBeReady$0(235)) - Nodes are ready. Got 3 of 3 DN Heartbeats.
2021-10-01 16:55:56,656 [Listener at 127.0.0.1/36675] INFO  ozone.MiniOzoneClusterImpl (MiniOzoneClusterImpl.java:lambda$waitForClusterToBeReady$0(238)) - Waiting for cluster to exit safe mode
2021-10-01 16:55:56,656 [Listener at 127.0.0.1/36675] INFO  ozone.MiniOzoneClusterImpl (MiniOzoneClusterImpl.java:lambda$waitForClusterToBeReady$0(240)) - SCM became leader
2021-10-01 16:55:57,657 [Listener at 127.0.0.1/36675] INFO  ozone.MiniOzoneClusterImpl (MiniOzoneClusterImpl.java:lambda$waitForClusterToBeReady$0(235)) - Nodes are ready. Got 3 of 3 DN Heartbeats.
2021-10-01 16:55:57,657 [Listener at 127.0.0.1/36675] INFO  ozone.MiniOzoneClusterImpl (MiniOzoneClusterImpl.java:lambda$waitForClusterToBeReady$0(238)) - Waiting for cluster to exit safe mode
2021-10-01 16:55:57,657 [Listener at 127.0.0.1/36675] INFO  ozone.MiniOzoneClusterImpl (MiniOzoneClusterImpl.java:lambda$waitForClusterToBeReady$0(240)) - SCM became leader
2021-10-01 16:55:57,982 [bd8339b7-19ff-491c-8d62-b494fd289dd0@group-67DC42A0BEC5-FollowerState] INFO  impl.FollowerState (FollowerState.java:run(134)) - bd8339b7-19ff-491c-8d62-b494fd289dd0@group-67DC42A0BEC5-FollowerState: change to CANDIDATE, lastRpcElapsedTime:5094041053ns, electionTimeout:5083ms
2021-10-01 16:55:57,982 [bd8339b7-19ff-491c-8d62-b494fd289dd0@group-67DC42A0BEC5-FollowerState] INFO  impl.RoleInfo (RoleInfo.java:shutdownFollowerState(108)) - bd8339b7-19ff-491c-8d62-b494fd289dd0: shutdown bd8339b7-19ff-491c-8d62-b494fd289dd0@group-67DC42A0BEC5-FollowerState
2021-10-01 16:55:57,982 [bd8339b7-19ff-491c-8d62-b494fd289dd0@group-67DC42A0BEC5-FollowerState] INFO  server.RaftServer$Division (RaftServerImpl.java:setRole(285)) - bd8339b7-19ff-491c-8d62-b494fd289dd0@group-67DC42A0BEC5: changes role from  FOLLOWER to CANDIDATE at term 8 for changeToCandidate
2021-10-01 16:55:57,982 [bd8339b7-19ff-491c-8d62-b494fd289dd0@group-67DC42A0BEC5-FollowerState] INFO  server.RaftServerConfigKeys (ConfUtils.java:logGet(44)) - raft.server.leaderelection.pre-vote = false (custom)
2021-10-01 16:55:57,982 [bd8339b7-19ff-491c-8d62-b494fd289dd0@group-67DC42A0BEC5-FollowerState] INFO  impl.RoleInfo (RoleInfo.java:updateAndGet(130)) - bd8339b7-19ff-491c-8d62-b494fd289dd0: start bd8339b7-19ff-491c-8d62-b494fd289dd0@group-67DC42A0BEC5-LeaderElection17
2021-10-01 16:55:57,990 [bd8339b7-19ff-491c-8d62-b494fd289dd0@group-67DC42A0BEC5-LeaderElection17] INFO  impl.LeaderElection (LeaderElection.java:askForVotes(306)) - bd8339b7-19ff-491c-8d62-b494fd289dd0@group-67DC42A0BEC5-LeaderElection17 ELECTION round 0: submit vote requests at term 9 for -1: [2bef8554-b428-4684-ba01-b6ee907780a1|rpc:10.1.0.30:36303|priority:0, bd8339b7-19ff-491c-8d62-b494fd289dd0|rpc:10.1.0.30:34869|priority:0, 55456646-246b-433e-ba91-0894db9f2978|rpc:10.1.0.30:46679|priority:1], old=null
2021-10-01 16:55:57,996 [grpc-default-executor-1] INFO  server.RaftServer$Division (RaftServerImpl.java:requestVote(1043)) - 2bef8554-b428-4684-ba01-b6ee907780a1@group-67DC42A0BEC5: receive requestVote(ELECTION, bd8339b7-19ff-491c-8d62-b494fd289dd0, group-67DC42A0BEC5, 9, (t:0, i:0))
2021-10-01 16:55:57,996 [grpc-default-executor-1] INFO  impl.VoteContext (VoteContext.java:log(48)) - 2bef8554-b428-4684-ba01-b6ee907780a1@group-67DC42A0BEC5-FOLLOWER: accept ELECTION from bd8339b7-19ff-491c-8d62-b494fd289dd0: our priority 0 <= candidate's priority 0
2021-10-01 16:55:57,996 [grpc-default-executor-1] INFO  server.RaftServer$Division (RaftServerImpl.java:setRole(285)) - 2bef8554-b428-4684-ba01-b6ee907780a1@group-67DC42A0BEC5: changes role from  FOLLOWER to FOLLOWER at term 9 for candidate:bd8339b7-19ff-491c-8d62-b494fd289dd0
2021-10-01 16:55:57,996 [grpc-default-executor-1] INFO  impl.RoleInfo (RoleInfo.java:shutdownFollowerState(108)) - 2bef8554-b428-4684-ba01-b6ee907780a1: shutdown 2bef8554-b428-4684-ba01-b6ee907780a1@group-67DC42A0BEC5-FollowerState
2021-10-01 16:55:57,996 [grpc-default-executor-1] INFO  impl.RoleInfo (RoleInfo.java:updateAndGet(130)) - 2bef8554-b428-4684-ba01-b6ee907780a1: start 2bef8554-b428-4684-ba01-b6ee907780a1@group-67DC42A0BEC5-FollowerState
2021-10-01 16:55:57,996 [2bef8554-b428-4684-ba01-b6ee907780a1@group-67DC42A0BEC5-FollowerState] INFO  impl.FollowerState (FollowerState.java:run(143)) - 2bef8554-b428-4684-ba01-b6ee907780a1@group-67DC42A0BEC5-FollowerState was interrupted: {}
java.lang.InterruptedException: sleep interrupted
	at java.lang.Thread.sleep(Native Method)
	at java.lang.Thread.sleep(Thread.java:340)
	at java.util.concurrent.TimeUnit.sleep(TimeUnit.java:386)
	at org.apache.ratis.util.TimeDuration.sleep(TimeDuration.java:324)
	at org.apache.ratis.util.TimeDuration.sleep(TimeDuration.java:309)
	at org.apache.ratis.server.impl.FollowerState.run(FollowerState.java:118)
2021-10-01 16:55:58,000 [grpc-default-executor-1] INFO  server.RaftServer$Division (RaftServerImpl.java:requestVote(1075)) - 2bef8554-b428-4684-ba01-b6ee907780a1@group-67DC42A0BEC5 replies to ELECTION vote request: bd8339b7-19ff-491c-8d62-b494fd289dd0<-2bef8554-b428-4684-ba01-b6ee907780a1#0:OK-t9. Peer's state: 2bef8554-b428-4684-ba01-b6ee907780a1@group-67DC42A0BEC5:t9, leader=null, voted=bd8339b7-19ff-491c-8d62-b494fd289dd0, raftlog=2bef8554-b428-4684-ba01-b6ee907780a1@group-67DC42A0BEC5-SegmentedRaftLog:OPENED:c-1,f-1,i0, conf=-1: [2bef8554-b428-4684-ba01-b6ee907780a1|rpc:10.1.0.30:36303|priority:0, bd8339b7-19ff-491c-8d62-b494fd289dd0|rpc:10.1.0.30:34869|priority:0, 55456646-246b-433e-ba91-0894db9f2978|rpc:10.1.0.30:46679|priority:1], old=null
2021-10-01 16:55:58,016 [grpc-default-executor-1] INFO  server.RaftServer$Division (RaftServerImpl.java:requestVote(1043)) - 55456646-246b-433e-ba91-0894db9f2978@group-67DC42A0BEC5: receive requestVote(ELECTION, bd8339b7-19ff-491c-8d62-b494fd289dd0, group-67DC42A0BEC5, 9, (t:0, i:0))
2021-10-01 16:55:58,017 [grpc-default-executor-1] INFO  impl.VoteContext (VoteContext.java:log(48)) - 55456646-246b-433e-ba91-0894db9f2978@group-67DC42A0BEC5-FOLLOWER: reject ELECTION from bd8339b7-19ff-491c-8d62-b494fd289dd0: our priority 1 > candidate's priority 0
2021-10-01 16:55:58,017 [grpc-default-executor-1] INFO  server.RaftServer$Division (RaftServerImpl.java:setRole(285)) - 55456646-246b-433e-ba91-0894db9f2978@group-67DC42A0BEC5: changes role from  FOLLOWER to FOLLOWER at term 9 for candidate:bd8339b7-19ff-491c-8d62-b494fd289dd0
2021-10-01 16:55:58,017 [grpc-default-executor-1] INFO  impl.RoleInfo (RoleInfo.java:shutdownFollowerState(108)) - 55456646-246b-433e-ba91-0894db9f2978: shutdown 55456646-246b-433e-ba91-0894db9f2978@group-67DC42A0BEC5-FollowerState
2021-10-01 16:55:58,017 [grpc-default-executor-1] INFO  impl.RoleInfo (RoleInfo.java:updateAndGet(130)) - 55456646-246b-433e-ba91-0894db9f2978: start 55456646-246b-433e-ba91-0894db9f2978@group-67DC42A0BEC5-FollowerState
2021-10-01 16:55:58,017 [55456646-246b-433e-ba91-0894db9f2978@group-67DC42A0BEC5-FollowerState] INFO  impl.FollowerState (FollowerState.java:run(143)) - 55456646-246b-433e-ba91-0894db9f2978@group-67DC42A0BEC5-FollowerState was interrupted: {}
java.lang.InterruptedException: sleep interrupted
	at java.lang.Thread.sleep(Native Method)
	at java.lang.Thread.sleep(Thread.java:340)
	at java.util.concurrent.TimeUnit.sleep(TimeUnit.java:386)
	at org.apache.ratis.util.TimeDuration.sleep(TimeDuration.java:324)
	at org.apache.ratis.util.TimeDuration.sleep(TimeDuration.java:309)
	at org.apache.ratis.server.impl.FollowerState.run(FollowerState.java:118)
2021-10-01 16:55:58,019 [grpc-default-executor-1] INFO  server.RaftServer$Division (RaftServerImpl.java:requestVote(1075)) - 55456646-246b-433e-ba91-0894db9f2978@group-67DC42A0BEC5 replies to ELECTION vote request: bd8339b7-19ff-491c-8d62-b494fd289dd0<-55456646-246b-433e-ba91-0894db9f2978#0:FAIL-t9. Peer's state: 55456646-246b-433e-ba91-0894db9f2978@group-67DC42A0BEC5:t9, leader=null, voted=null, raftlog=55456646-246b-433e-ba91-0894db9f2978@group-67DC42A0BEC5-SegmentedRaftLog:OPENED:c-1,f-1,i0, conf=-1: [2bef8554-b428-4684-ba01-b6ee907780a1|rpc:10.1.0.30:36303|priority:0, bd8339b7-19ff-491c-8d62-b494fd289dd0|rpc:10.1.0.30:34869|priority:0, 55456646-246b-433e-ba91-0894db9f2978|rpc:10.1.0.30:46679|priority:1], old=null
2021-10-01 16:55:58,032 [bd8339b7-19ff-491c-8d62-b494fd289dd0@group-67DC42A0BEC5-LeaderElection17] INFO  impl.LeaderElection (LeaderElection.java:logAndReturn(89)) - bd8339b7-19ff-491c-8d62-b494fd289dd0@group-67DC42A0BEC5-LeaderElection17: ELECTION REJECTED received 2 response(s) and 0 exception(s):
2021-10-01 16:55:58,032 [bd8339b7-19ff-491c-8d62-b494fd289dd0@group-67DC42A0BEC5-LeaderElection17] INFO  impl.LeaderElection (LeaderElection.java:logAndReturn(93)) -   Response 0: bd8339b7-19ff-491c-8d62-b494fd289dd0<-2bef8554-b428-4684-ba01-b6ee907780a1#0:OK-t9
2021-10-01 16:55:58,032 [bd8339b7-19ff-491c-8d62-b494fd289dd0@group-67DC42A0BEC5-LeaderElection17] INFO  impl.LeaderElection (LeaderElection.java:logAndReturn(93)) -   Response 1: bd8339b7-19ff-491c-8d62-b494fd289dd0<-55456646-246b-433e-ba91-0894db9f2978#0:FAIL-t9
2021-10-01 16:55:58,033 [bd8339b7-19ff-491c-8d62-b494fd289dd0@group-67DC42A0BEC5-LeaderElection17] INFO  impl.LeaderElection (LeaderElection.java:askForVotes(308)) - bd8339b7-19ff-491c-8d62-b494fd289dd0@group-67DC42A0BEC5-LeaderElection17 ELECTION round 0: result REJECTED
2021-10-01 16:55:58,033 [bd8339b7-19ff-491c-8d62-b494fd289dd0@group-67DC42A0BEC5-LeaderElection17] INFO  server.RaftServer$Division (RaftServerImpl.java:setRole(285)) - bd8339b7-19ff-491c-8d62-b494fd289dd0@group-67DC42A0BEC5: changes role from CANDIDATE to FOLLOWER at term 9 for REJECTED
2021-10-01 16:55:58,033 [bd8339b7-19ff-491c-8d62-b494fd289dd0@group-67DC42A0BEC5-LeaderElection17] INFO  impl.RoleInfo (RoleInfo.java:shutdownLeaderElection(121)) - bd8339b7-19ff-491c-8d62-b494fd289dd0: shutdown bd8339b7-19ff-491c-8d62-b494fd289dd0@group-67DC42A0BEC5-LeaderElection17
2021-10-01 16:55:58,033 [bd8339b7-19ff-491c-8d62-b494fd289dd0@group-67DC42A0BEC5-LeaderElection17] INFO  impl.RoleInfo (RoleInfo.java:updateAndGet(130)) - bd8339b7-19ff-491c-8d62-b494fd289dd0: start bd8339b7-19ff-491c-8d62-b494fd289dd0@group-67DC42A0BEC5-FollowerState
2021-10-01 16:55:58,657 [Listener at 127.0.0.1/36675] INFO  ozone.MiniOzoneClusterImpl (MiniOzoneClusterImpl.java:lambda$waitForClusterToBeReady$0(235)) - Nodes are ready. Got 3 of 3 DN Heartbeats.
2021-10-01 16:55:58,658 [Listener at 127.0.0.1/36675] INFO  ozone.MiniOzoneClusterImpl (MiniOzoneClusterImpl.java:lambda$waitForClusterToBeReady$0(238)) - Waiting for cluster to exit safe mode
2021-10-01 16:55:58,658 [Listener at 127.0.0.1/36675] INFO  ozone.MiniOzoneClusterImpl (MiniOzoneClusterImpl.java:lambda$waitForClusterToBeReady$0(240)) - SCM became leader
2021-10-01 16:55:59,658 [Listener at 127.0.0.1/36675] INFO  ozone.MiniOzoneClusterImpl (MiniOzoneClusterImpl.java:lambda$waitForClusterToBeReady$0(235)) - Nodes are ready. Got 3 of 3 DN Heartbeats.
2021-10-01 16:55:59,658 [Listener at 127.0.0.1/36675] INFO  ozone.MiniOzoneClusterImpl (MiniOzoneClusterImpl.java:lambda$waitForClusterToBeReady$0(238)) - Waiting for cluster to exit safe mode
2021-10-01 16:55:59,658 [Listener at 127.0.0.1/36675] INFO  ozone.MiniOzoneClusterImpl (MiniOzoneClusterImpl.java:lambda$waitForClusterToBeReady$0(240)) - SCM became leader
2021-10-01 16:56:00,659 [Listener at 127.0.0.1/36675] INFO  ozone.MiniOzoneClusterImpl (MiniOzoneClusterImpl.java:lambda$waitForClusterToBeReady$0(235)) - Nodes are ready. Got 3 of 3 DN Heartbeats.
2021-10-01 16:56:00,659 [Listener at 127.0.0.1/36675] INFO  ozone.MiniOzoneClusterImpl (MiniOzoneClusterImpl.java:lambda$waitForClusterToBeReady$0(238)) - Waiting for cluster to exit safe mode
2021-10-01 16:56:00,659 [Listener at 127.0.0.1/36675] INFO  ozone.MiniOzoneClusterImpl (MiniOzoneClusterImpl.java:lambda$waitForClusterToBeReady$0(240)) - SCM became leader
2021-10-01 16:56:01,659 [Listener at 127.0.0.1/36675] INFO  ozone.MiniOzoneClusterImpl (MiniOzoneClusterImpl.java:lambda$waitForClusterToBeReady$0(235)) - Nodes are ready. Got 3 of 3 DN Heartbeats.
2021-10-01 16:56:01,659 [Listener at 127.0.0.1/36675] INFO  ozone.MiniOzoneClusterImpl (MiniOzoneClusterImpl.java:lambda$waitForClusterToBeReady$0(238)) - Waiting for cluster to exit safe mode
2021-10-01 16:56:01,659 [Listener at 127.0.0.1/36675] INFO  ozone.MiniOzoneClusterImpl (MiniOzoneClusterImpl.java:lambda$waitForClusterToBeReady$0(240)) - SCM became leader
2021-10-01 16:56:02,660 [Listener at 127.0.0.1/36675] INFO  ozone.MiniOzoneClusterImpl (MiniOzoneClusterImpl.java:lambda$waitForClusterToBeReady$0(235)) - Nodes are ready. Got 3 of 3 DN Heartbeats.
2021-10-01 16:56:02,660 [Listener at 127.0.0.1/36675] INFO  ozone.MiniOzoneClusterImpl (MiniOzoneClusterImpl.java:lambda$waitForClusterToBeReady$0(238)) - Waiting for cluster to exit safe mode
2021-10-01 16:56:02,660 [Listener at 127.0.0.1/36675] INFO  ozone.MiniOzoneClusterImpl (MiniOzoneClusterImpl.java:lambda$waitForClusterToBeReady$0(240)) - SCM became leader
2021-10-01 16:56:03,133 [2bef8554-b428-4684-ba01-b6ee907780a1@group-67DC42A0BEC5-FollowerState] INFO  impl.FollowerState (FollowerState.java:run(134)) - 2bef8554-b428-4684-ba01-b6ee907780a1@group-67DC42A0BEC5-FollowerState: change to CANDIDATE, lastRpcElapsedTime:5133672693ns, electionTimeout:5130ms
2021-10-01 16:56:03,134 [2bef8554-b428-4684-ba01-b6ee907780a1@group-67DC42A0BEC5-FollowerState] INFO  impl.RoleInfo (RoleInfo.java:shutdownFollowerState(108)) - 2bef8554-b428-4684-ba01-b6ee907780a1: shutdown 2bef8554-b428-4684-ba01-b6ee907780a1@group-67DC42A0BEC5-FollowerState
2021-10-01 16:56:03,134 [2bef8554-b428-4684-ba01-b6ee907780a1@group-67DC42A0BEC5-FollowerState] INFO  server.RaftServer$Division (RaftServerImpl.java:setRole(285)) - 2bef8554-b428-4684-ba01-b6ee907780a1@group-67DC42A0BEC5: changes role from  FOLLOWER to CANDIDATE at term 9 for changeToCandidate
2021-10-01 16:56:03,134 [2bef8554-b428-4684-ba01-b6ee907780a1@group-67DC42A0BEC5-FollowerState] INFO  server.RaftServerConfigKeys (ConfUtils.java:logGet(44)) - raft.server.leaderelection.pre-vote = false (custom)
2021-10-01 16:56:03,134 [2bef8554-b428-4684-ba01-b6ee907780a1@group-67DC42A0BEC5-FollowerState] INFO  impl.RoleInfo (RoleInfo.java:updateAndGet(130)) - 2bef8554-b428-4684-ba01-b6ee907780a1: start 2bef8554-b428-4684-ba01-b6ee907780a1@group-67DC42A0BEC5-LeaderElection18
2021-10-01 16:56:03,137 [2bef8554-b428-4684-ba01-b6ee907780a1@group-67DC42A0BEC5-LeaderElection18] INFO  impl.LeaderElection (LeaderElection.java:askForVotes(306)) - 2bef8554-b428-4684-ba01-b6ee907780a1@group-67DC42A0BEC5-LeaderElection18 ELECTION round 0: submit vote requests at term 10 for -1: [2bef8554-b428-4684-ba01-b6ee907780a1|rpc:10.1.0.30:36303|priority:0, bd8339b7-19ff-491c-8d62-b494fd289dd0|rpc:10.1.0.30:34869|priority:0, 55456646-246b-433e-ba91-0894db9f2978|rpc:10.1.0.30:46679|priority:1], old=null
2021-10-01 16:56:03,152 [grpc-default-executor-1] INFO  server.RaftServer$Division (RaftServerImpl.java:requestVote(1043)) - bd8339b7-19ff-491c-8d62-b494fd289dd0@group-67DC42A0BEC5: receive requestVote(ELECTION, 2bef8554-b428-4684-ba01-b6ee907780a1, group-67DC42A0BEC5, 10, (t:0, i:0))
2021-10-01 16:56:03,152 [grpc-default-executor-1] INFO  impl.VoteContext (VoteContext.java:log(48)) - bd8339b7-19ff-491c-8d62-b494fd289dd0@group-67DC42A0BEC5-FOLLOWER: accept ELECTION from 2bef8554-b428-4684-ba01-b6ee907780a1: our priority 0 <= candidate's priority 0
2021-10-01 16:56:03,152 [grpc-default-executor-1] INFO  server.RaftServer$Division (RaftServerImpl.java:setRole(285)) - bd8339b7-19ff-491c-8d62-b494fd289dd0@group-67DC42A0BEC5: changes role from  FOLLOWER to FOLLOWER at term 10 for candidate:2bef8554-b428-4684-ba01-b6ee907780a1
2021-10-01 16:56:03,152 [grpc-default-executor-1] INFO  impl.RoleInfo (RoleInfo.java:shutdownFollowerState(108)) - bd8339b7-19ff-491c-8d62-b494fd289dd0: shutdown bd8339b7-19ff-491c-8d62-b494fd289dd0@group-67DC42A0BEC5-FollowerState
2021-10-01 16:56:03,152 [grpc-default-executor-1] INFO  impl.RoleInfo (RoleInfo.java:updateAndGet(130)) - bd8339b7-19ff-491c-8d62-b494fd289dd0: start bd8339b7-19ff-491c-8d62-b494fd289dd0@group-67DC42A0BEC5-FollowerState
2021-10-01 16:56:03,152 [bd8339b7-19ff-491c-8d62-b494fd289dd0@group-67DC42A0BEC5-FollowerState] INFO  impl.FollowerState (FollowerState.java:run(143)) - bd8339b7-19ff-491c-8d62-b494fd289dd0@group-67DC42A0BEC5-FollowerState was interrupted: {}
java.lang.InterruptedException: sleep interrupted
	at java.lang.Thread.sleep(Native Method)
	at java.lang.Thread.sleep(Thread.java:340)
	at java.util.concurrent.TimeUnit.sleep(TimeUnit.java:386)
	at org.apache.ratis.util.TimeDuration.sleep(TimeDuration.java:324)
	at org.apache.ratis.util.TimeDuration.sleep(TimeDuration.java:309)
	at org.apache.ratis.server.impl.FollowerState.run(FollowerState.java:118)
2021-10-01 16:56:03,155 [grpc-default-executor-1] INFO  server.RaftServer$Division (RaftServerImpl.java:requestVote(1075)) - bd8339b7-19ff-491c-8d62-b494fd289dd0@group-67DC42A0BEC5 replies to ELECTION vote request: 2bef8554-b428-4684-ba01-b6ee907780a1<-bd8339b7-19ff-491c-8d62-b494fd289dd0#0:OK-t10. Peer's state: bd8339b7-19ff-491c-8d62-b494fd289dd0@group-67DC42A0BEC5:t10, leader=null, voted=2bef8554-b428-4684-ba01-b6ee907780a1, raftlog=bd8339b7-19ff-491c-8d62-b494fd289dd0@group-67DC42A0BEC5-SegmentedRaftLog:OPENED:c-1,f-1,i0, conf=-1: [2bef8554-b428-4684-ba01-b6ee907780a1|rpc:10.1.0.30:36303|priority:0, bd8339b7-19ff-491c-8d62-b494fd289dd0|rpc:10.1.0.30:34869|priority:0, 55456646-246b-433e-ba91-0894db9f2978|rpc:10.1.0.30:46679|priority:1], old=null
2021-10-01 16:56:03,161 [55456646-246b-433e-ba91-0894db9f2978@group-67DC42A0BEC5-FollowerState] INFO  impl.FollowerState (FollowerState.java:run(134)) - 55456646-246b-433e-ba91-0894db9f2978@group-67DC42A0BEC5-FollowerState: change to CANDIDATE, lastRpcElapsedTime:5144112929ns, electionTimeout:5143ms
2021-10-01 16:56:03,161 [55456646-246b-433e-ba91-0894db9f2978@group-67DC42A0BEC5-FollowerState] INFO  impl.RoleInfo (RoleInfo.java:shutdownFollowerState(108)) - 55456646-246b-433e-ba91-0894db9f2978: shutdown 55456646-246b-433e-ba91-0894db9f2978@group-67DC42A0BEC5-FollowerState
2021-10-01 16:56:03,161 [55456646-246b-433e-ba91-0894db9f2978@group-67DC42A0BEC5-FollowerState] INFO  server.RaftServer$Division (RaftServerImpl.java:setRole(285)) - 55456646-246b-433e-ba91-0894db9f2978@group-67DC42A0BEC5: changes role from  FOLLOWER to CANDIDATE at term 9 for changeToCandidate
2021-10-01 16:56:03,161 [grpc-default-executor-1] INFO  server.RaftServer$Division (RaftServerImpl.java:requestVote(1043)) - 55456646-246b-433e-ba91-0894db9f2978@group-67DC42A0BEC5: receive requestVote(ELECTION, 2bef8554-b428-4684-ba01-b6ee907780a1, group-67DC42A0BEC5, 10, (t:0, i:0))
2021-10-01 16:56:03,161 [55456646-246b-433e-ba91-0894db9f2978@group-67DC42A0BEC5-FollowerState] INFO  server.RaftServerConfigKeys (ConfUtils.java:logGet(44)) - raft.server.leaderelection.pre-vote = false (custom)
2021-10-01 16:56:03,166 [55456646-246b-433e-ba91-0894db9f2978@group-67DC42A0BEC5-FollowerState] INFO  impl.RoleInfo (RoleInfo.java:updateAndGet(130)) - 55456646-246b-433e-ba91-0894db9f2978: start 55456646-246b-433e-ba91-0894db9f2978@group-67DC42A0BEC5-LeaderElection19
2021-10-01 16:56:03,166 [grpc-default-executor-1] INFO  impl.VoteContext (VoteContext.java:log(48)) - 55456646-246b-433e-ba91-0894db9f2978@group-67DC42A0BEC5-CANDIDATE: reject ELECTION from 2bef8554-b428-4684-ba01-b6ee907780a1: our priority 1 > candidate's priority 0
2021-10-01 16:56:03,167 [grpc-default-executor-1] INFO  server.RaftServer$Division (RaftServerImpl.java:setRole(285)) - 55456646-246b-433e-ba91-0894db9f2978@group-67DC42A0BEC5: changes role from CANDIDATE to FOLLOWER at term 10 for candidate:2bef8554-b428-4684-ba01-b6ee907780a1
2021-10-01 16:56:03,167 [grpc-default-executor-1] INFO  impl.RoleInfo (RoleInfo.java:shutdownLeaderElection(121)) - 55456646-246b-433e-ba91-0894db9f2978: shutdown 55456646-246b-433e-ba91-0894db9f2978@group-67DC42A0BEC5-LeaderElection19
2021-10-01 16:56:03,167 [grpc-default-executor-1] INFO  impl.RoleInfo (RoleInfo.java:updateAndGet(130)) - 55456646-246b-433e-ba91-0894db9f2978: start 55456646-246b-433e-ba91-0894db9f2978@group-67DC42A0BEC5-FollowerState
2021-10-01 16:56:03,167 [55456646-246b-433e-ba91-0894db9f2978@group-67DC42A0BEC5-LeaderElection19] INFO  impl.LeaderElection (LeaderElection.java:run(230)) - 55456646-246b-433e-ba91-0894db9f2978@group-67DC42A0BEC5-LeaderElection19: skip running since this is already CLOSING
2021-10-01 16:56:03,168 [grpc-default-executor-1] INFO  server.RaftServer$Division (RaftServerImpl.java:requestVote(1075)) - 55456646-246b-433e-ba91-0894db9f2978@group-67DC42A0BEC5 replies to ELECTION vote request: 2bef8554-b428-4684-ba01-b6ee907780a1<-55456646-246b-433e-ba91-0894db9f2978#0:FAIL-t10. Peer's state: 55456646-246b-433e-ba91-0894db9f2978@group-67DC42A0BEC5:t10, leader=null, voted=null, raftlog=55456646-246b-433e-ba91-0894db9f2978@group-67DC42A0BEC5-SegmentedRaftLog:OPENED:c-1,f-1,i0, conf=-1: [2bef8554-b428-4684-ba01-b6ee907780a1|rpc:10.1.0.30:36303|priority:0, bd8339b7-19ff-491c-8d62-b494fd289dd0|rpc:10.1.0.30:34869|priority:0, 55456646-246b-433e-ba91-0894db9f2978|rpc:10.1.0.30:46679|priority:1], old=null
2021-10-01 16:56:03,170 [2bef8554-b428-4684-ba01-b6ee907780a1@group-67DC42A0BEC5-LeaderElection18] INFO  impl.LeaderElection (LeaderElection.java:logAndReturn(89)) - 2bef8554-b428-4684-ba01-b6ee907780a1@group-67DC42A0BEC5-LeaderElection18: ELECTION REJECTED received 2 response(s) and 0 exception(s):
2021-10-01 16:56:03,170 [2bef8554-b428-4684-ba01-b6ee907780a1@group-67DC42A0BEC5-LeaderElection18] INFO  impl.LeaderElection (LeaderElection.java:logAndReturn(93)) -   Response 0: 2bef8554-b428-4684-ba01-b6ee907780a1<-bd8339b7-19ff-491c-8d62-b494fd289dd0#0:OK-t10
2021-10-01 16:56:03,170 [2bef8554-b428-4684-ba01-b6ee907780a1@group-67DC42A0BEC5-LeaderElection18] INFO  impl.LeaderElection (LeaderElection.java:logAndReturn(93)) -   Response 1: 2bef8554-b428-4684-ba01-b6ee907780a1<-55456646-246b-433e-ba91-0894db9f2978#0:FAIL-t10
2021-10-01 16:56:03,170 [2bef8554-b428-4684-ba01-b6ee907780a1@group-67DC42A0BEC5-LeaderElection18] INFO  impl.LeaderElection (LeaderElection.java:askForVotes(308)) - 2bef8554-b428-4684-ba01-b6ee907780a1@group-67DC42A0BEC5-LeaderElection18 ELECTION round 0: result REJECTED
2021-10-01 16:56:03,170 [2bef8554-b428-4684-ba01-b6ee907780a1@group-67DC42A0BEC5-LeaderElection18] INFO  server.RaftServer$Division (RaftServerImpl.java:setRole(285)) - 2bef8554-b428-4684-ba01-b6ee907780a1@group-67DC42A0BEC5: changes role from CANDIDATE to FOLLOWER at term 10 for REJECTED
2021-10-01 16:56:03,171 [2bef8554-b428-4684-ba01-b6ee907780a1@group-67DC42A0BEC5-LeaderElection18] INFO  impl.RoleInfo (RoleInfo.java:shutdownLeaderElection(121)) - 2bef8554-b428-4684-ba01-b6ee907780a1: shutdown 2bef8554-b428-4684-ba01-b6ee907780a1@group-67DC42A0BEC5-LeaderElection18
2021-10-01 16:56:03,171 [2bef8554-b428-4684-ba01-b6ee907780a1@group-67DC42A0BEC5-LeaderElection18] INFO  impl.RoleInfo (RoleInfo.java:updateAndGet(130)) - 2bef8554-b428-4684-ba01-b6ee907780a1: start 2bef8554-b428-4684-ba01-b6ee907780a1@group-67DC42A0BEC5-FollowerState
2021-10-01 16:56:03,660 [Listener at 127.0.0.1/36675] INFO  ozone.MiniOzoneClusterImpl (MiniOzoneClusterImpl.java:lambda$waitForClusterToBeReady$0(235)) - Nodes are ready. Got 3 of 3 DN Heartbeats.
2021-10-01 16:56:03,661 [Listener at 127.0.0.1/36675] INFO  ozone.MiniOzoneClusterImpl (MiniOzoneClusterImpl.java:lambda$waitForClusterToBeReady$0(238)) - Waiting for cluster to exit safe mode
2021-10-01 16:56:03,661 [Listener at 127.0.0.1/36675] INFO  ozone.MiniOzoneClusterImpl (MiniOzoneClusterImpl.java:lambda$waitForClusterToBeReady$0(240)) - SCM became leader
2021-10-01 16:56:03,981 [Time-limited test] INFO  ozone.MiniOzoneClusterImpl (MiniOzoneClusterImpl.java:shutdown(453)) - Shutting down the Mini Ozone Cluster
2021-10-01 16:56:03,981 [Time-limited test] INFO  ozone.MiniOzoneClusterImpl (MiniOzoneClusterImpl.java:stop(468)) - Stopping the Mini Ozone Cluster
2021-10-01 16:56:03,981 [Time-limited test] INFO  ozone.MiniOzoneClusterImpl (MiniOzoneClusterImpl.java:stopOM(550)) - Stopping the OzoneManager
2021-10-01 16:56:03,981 [Time-limited test] INFO  om.OzoneManager (OzoneManager.java:stop(1644)) - Stopping Ozone Manager
2021-10-01 16:56:03,982 [Time-limited test] INFO  ipc.Server (Server.java:stop(3414)) - Stopping server on 36675
2021-10-01 16:56:03,986 [IPC Server listener on 0] INFO  ipc.Server (Server.java:run(1376)) - Stopping IPC Server listener on 0
2021-10-01 16:56:03,986 [IPC Server Responder] INFO  ipc.Server (Server.java:run(1512)) - Stopping IPC Server Responder
2021-10-01 16:56:03,987 [Time-limited test] INFO  server.RaftServer (RaftServerProxy.java:lambda$close$6(391)) - om1: close
2021-10-01 16:56:03,987 [Time-limited test] INFO  server.RaftServer$Division (RaftServerImpl.java:lambda$close$4(407)) - om1@group-C5BA1605619E: shutdown
2021-10-01 16:56:03,988 [Time-limited test] INFO  util.JmxRegister (JmxRegister.java:unregister(73)) - Successfully un-registered JMX Bean with object name Ratis:service=RaftServer,group=group-C5BA1605619E,id=om1
2021-10-01 16:56:03,988 [Time-limited test] INFO  impl.RoleInfo (RoleInfo.java:shutdownLeaderState(91)) - om1: shutdown om1@group-C5BA1605619E-LeaderStateImpl
2021-10-01 16:56:03,988 [Time-limited test] INFO  impl.PendingRequests (PendingRequests.java:sendNotLeaderResponses(282)) - om1@group-C5BA1605619E-PendingRequests: sendNotLeaderResponses
2021-10-01 16:56:03,989 [om1@group-C5BA1605619E-StateMachineUpdater] INFO  ratis.OzoneManagerStateMachine (OzoneManagerStateMachine.java:takeSnapshot(417)) - Current Snapshot Index (t:1, i:0)
2021-10-01 16:56:03,989 [om1@group-C5BA1605619E-StateMachineUpdater] INFO  impl.StateMachineUpdater (StateMachineUpdater.java:takeSnapshot(281)) - om1@group-C5BA1605619E-StateMachineUpdater: Took a snapshot at index 0
2021-10-01 16:56:03,989 [om1@group-C5BA1605619E-StateMachineUpdater] INFO  impl.StateMachineUpdater (StateMachineUpdater.java:lambda$new$0(89)) - om1@group-C5BA1605619E-StateMachineUpdater: snapshotIndex: updateIncreasingly -1 -> 0
2021-10-01 16:56:03,989 [om1@group-C5BA1605619E-StateMachineUpdater] INFO  ratis.OzoneManagerStateMachine (OzoneManagerStateMachine.java:close(471)) - StateMachine has shutdown. Shutdown OzoneManager if not already shutdown.
2021-10-01 16:56:03,990 [Time-limited test] INFO  impl.StateMachineUpdater (StateMachineUpdater.java:stopAndJoin(149)) - om1@group-C5BA1605619E-StateMachineUpdater: set stopIndex = 0
2021-10-01 16:56:03,990 [Time-limited test] INFO  server.RaftServer$Division (ServerState.java:close(419)) - om1@group-C5BA1605619E: closes. applyIndex: 0
2021-10-01 16:56:03,990 [om1@group-C5BA1605619E-SegmentedRaftLogWorker] INFO  segmented.SegmentedRaftLogWorker (SegmentedRaftLogWorker.java:run(327)) - om1@group-C5BA1605619E-SegmentedRaftLogWorker was interrupted, exiting. There are 0 tasks remaining in the queue.
2021-10-01 16:56:03,991 [Time-limited test] INFO  segmented.SegmentedRaftLogWorker (SegmentedRaftLogWorker.java:close(237)) - om1@group-C5BA1605619E-SegmentedRaftLogWorker close()
2021-10-01 16:56:03,993 [Time-limited test] INFO  server.GrpcService (GrpcService.java:closeImpl(262)) - om1: shutdown server with port 9872 now
2021-10-01 16:56:03,994 [Time-limited test] INFO  server.GrpcService (GrpcService.java:closeImpl(271)) - om1: shutdown server with port 9872 successfully
2021-10-01 16:56:03,995 [org.apache.ratis.util.JvmPauseMonitor$$Lambda$531/955346937@39d34bde] INFO  util.JvmPauseMonitor (JvmPauseMonitor.java:run(109)) - JvmPauseMonitor-om1: Stopped
2021-10-01 16:56:03,995 [Time-limited test] INFO  ratis.OzoneManagerDoubleBuffer (OzoneManagerDoubleBuffer.java:stop(437)) - Stopping OMDoubleBuffer flush thread
2021-10-01 16:56:03,995 [OMDoubleBufferFlushThread] INFO  ratis.OzoneManagerDoubleBuffer (OzoneManagerDoubleBuffer.java:flushTransactions(356)) - OMDoubleBuffer flush thread OMDoubleBufferFlushThread is interrupted and will exit. OMDoubleBufferFlushThread
2021-10-01 16:56:03,995 [Time-limited test] INFO  utils.BackgroundService (BackgroundService.java:shutdown(132)) - Shutting down service KeyDeletingService
2021-10-01 16:56:03,996 [Time-limited test] INFO  utils.BackgroundService (BackgroundService.java:shutdown(132)) - Shutting down service DirectoryDeletingService
2021-10-01 16:56:03,998 [Time-limited test] INFO  handler.ContextHandler (ContextHandler.java:doStop(1153)) - Stopped o.e.j.w.WebAppContext@651460fd{ozoneManager,/,null,STOPPED}{file:/home/runner/work/ozone/ozone/hadoop-ozone/integration-test/target/test-classes/webapps/ozoneManager}
2021-10-01 16:56:03,999 [Time-limited test] INFO  server.AbstractConnector (AbstractConnector.java:doStop(381)) - Stopped ServerConnector@56a1ec16{HTTP/1.1, (http/1.1)}{0.0.0.0:0}
2021-10-01 16:56:03,999 [Time-limited test] INFO  server.session (HouseKeeper.java:stopScavenging(149)) - node0 Stopped scavenging
2021-10-01 16:56:04,001 [Time-limited test] INFO  handler.ContextHandler (ContextHandler.java:doStop(1153)) - Stopped o.e.j.s.ServletContextHandler@2b54f230{static,/static,file:///home/runner/work/ozone/ozone/hadoop-ozone/integration-test/target/test-classes/webapps/static,STOPPED}
2021-10-01 16:56:04,002 [Time-limited test] INFO  handler.ContextHandler (ContextHandler.java:doStop(1153)) - Stopped o.e.j.s.ServletContextHandler@30e2c8c8{logs,/logs,file:///home/runner/work/ozone/ozone/hadoop-ozone/integration-test/target/log,STOPPED}
2021-10-01 16:56:04,005 [Time-limited test] INFO  ozone.MiniOzoneClusterImpl (MiniOzoneClusterImpl.java:stopDatanodes(527)) - Stopping the HddsDatanodes
2021-10-01 16:56:08,250 [55456646-246b-433e-ba91-0894db9f2978@group-67DC42A0BEC5-FollowerState] INFO  impl.FollowerState (FollowerState.java:run(134)) - 55456646-246b-433e-ba91-0894db9f2978@group-67DC42A0BEC5-FollowerState: change to CANDIDATE, lastRpcElapsedTime:5083789619ns, electionTimeout:5083ms
2021-10-01 16:56:08,251 [55456646-246b-433e-ba91-0894db9f2978@group-67DC42A0BEC5-FollowerState] INFO  impl.RoleInfo (RoleInfo.java:shutdownFollowerState(108)) - 55456646-246b-433e-ba91-0894db9f2978: shutdown 55456646-246b-433e-ba91-0894db9f2978@group-67DC42A0BEC5-FollowerState
2021-10-01 16:56:08,251 [55456646-246b-433e-ba91-0894db9f2978@group-67DC42A0BEC5-FollowerState] INFO  server.RaftServer$Division (RaftServerImpl.java:setRole(285)) - 55456646-246b-433e-ba91-0894db9f2978@group-67DC42A0BEC5: changes role from  FOLLOWER to CANDIDATE at term 10 for changeToCandidate
2021-10-01 16:56:08,251 [55456646-246b-433e-ba91-0894db9f2978@group-67DC42A0BEC5-FollowerState] INFO  server.RaftServerConfigKeys (ConfUtils.java:logGet(44)) - raft.server.leaderelection.pre-vote = false (custom)
2021-10-01 16:56:08,251 [55456646-246b-433e-ba91-0894db9f2978@group-67DC42A0BEC5-FollowerState] INFO  impl.RoleInfo (RoleInfo.java:updateAndGet(130)) - 55456646-246b-433e-ba91-0894db9f2978: start 55456646-246b-433e-ba91-0894db9f2978@group-67DC42A0BEC5-LeaderElection20
2021-10-01 16:56:08,262 [55456646-246b-433e-ba91-0894db9f2978@group-67DC42A0BEC5-LeaderElection20] INFO  impl.LeaderElection (LeaderElection.java:askForVotes(306)) - 55456646-246b-433e-ba91-0894db9f2978@group-67DC42A0BEC5-LeaderElection20 ELECTION round 0: submit vote requests at term 11 for -1: [2bef8554-b428-4684-ba01-b6ee907780a1|rpc:10.1.0.30:36303|priority:0, bd8339b7-19ff-491c-8d62-b494fd289dd0|rpc:10.1.0.30:34869|priority:0, 55456646-246b-433e-ba91-0894db9f2978|rpc:10.1.0.30:46679|priority:1], old=null
2021-10-01 16:56:08,272 [grpc-default-executor-1] INFO  server.RaftServer$Division (RaftServerImpl.java:requestVote(1043)) - 2bef8554-b428-4684-ba01-b6ee907780a1@group-67DC42A0BEC5: receive requestVote(ELECTION, 55456646-246b-433e-ba91-0894db9f2978, group-67DC42A0BEC5, 11, (t:0, i:0))
2021-10-01 16:56:08,272 [grpc-default-executor-1] INFO  impl.VoteContext (VoteContext.java:log(48)) - 2bef8554-b428-4684-ba01-b6ee907780a1@group-67DC42A0BEC5-FOLLOWER: accept ELECTION from 55456646-246b-433e-ba91-0894db9f2978: our priority 0 <= candidate's priority 1
2021-10-01 16:56:08,272 [grpc-default-executor-1] INFO  server.RaftServer$Division (RaftServerImpl.java:setRole(285)) - 2bef8554-b428-4684-ba01-b6ee907780a1@group-67DC42A0BEC5: changes role from  FOLLOWER to FOLLOWER at term 11 for candidate:55456646-246b-433e-ba91-0894db9f2978
2021-10-01 16:56:08,272 [grpc-default-executor-1] INFO  impl.RoleInfo (RoleInfo.java:shutdownFollowerState(108)) - 2bef8554-b428-4684-ba01-b6ee907780a1: shutdown 2bef8554-b428-4684-ba01-b6ee907780a1@group-67DC42A0BEC5-FollowerState
2021-10-01 16:56:08,272 [grpc-default-executor-1] INFO  impl.RoleInfo (RoleInfo.java:updateAndGet(130)) - 2bef8554-b428-4684-ba01-b6ee907780a1: start 2bef8554-b428-4684-ba01-b6ee907780a1@group-67DC42A0BEC5-FollowerState
2021-10-01 16:56:08,272 [2bef8554-b428-4684-ba01-b6ee907780a1@group-67DC42A0BEC5-FollowerState] INFO  impl.FollowerState (FollowerState.java:run(143)) - 2bef8554-b428-4684-ba01-b6ee907780a1@group-67DC42A0BEC5-FollowerState was interrupted: {}
java.lang.InterruptedException: sleep interrupted
	at java.lang.Thread.sleep(Native Method)
	at java.lang.Thread.sleep(Thread.java:340)
	at java.util.concurrent.TimeUnit.sleep(TimeUnit.java:386)
	at org.apache.ratis.util.TimeDuration.sleep(TimeDuration.java:324)
	at org.apache.ratis.util.TimeDuration.sleep(TimeDuration.java:309)
	at org.apache.ratis.server.impl.FollowerState.run(FollowerState.java:118)
2021-10-01 16:56:08,276 [grpc-default-executor-2] INFO  server.RaftServer$Division (RaftServerImpl.java:requestVote(1043)) - bd8339b7-19ff-491c-8d62-b494fd289dd0@group-67DC42A0BEC5: receive requestVote(ELECTION, 55456646-246b-433e-ba91-0894db9f2978, group-67DC42A0BEC5, 11, (t:0, i:0))
2021-10-01 16:56:08,276 [grpc-default-executor-2] INFO  impl.VoteContext (VoteContext.java:log(48)) - bd8339b7-19ff-491c-8d62-b494fd289dd0@group-67DC42A0BEC5-FOLLOWER: accept ELECTION from 55456646-246b-433e-ba91-0894db9f2978: our priority 0 <= candidate's priority 1
2021-10-01 16:56:08,277 [grpc-default-executor-2] INFO  server.RaftServer$Division (RaftServerImpl.java:setRole(285)) - bd8339b7-19ff-491c-8d62-b494fd289dd0@group-67DC42A0BEC5: changes role from  FOLLOWER to FOLLOWER at term 11 for candidate:55456646-246b-433e-ba91-0894db9f2978
2021-10-01 16:56:08,277 [grpc-default-executor-2] INFO  impl.RoleInfo (RoleInfo.java:shutdownFollowerState(108)) - bd8339b7-19ff-491c-8d62-b494fd289dd0: shutdown bd8339b7-19ff-491c-8d62-b494fd289dd0@group-67DC42A0BEC5-FollowerState
2021-10-01 16:56:08,277 [grpc-default-executor-2] INFO  impl.RoleInfo (RoleInfo.java:updateAndGet(130)) - bd8339b7-19ff-491c-8d62-b494fd289dd0: start bd8339b7-19ff-491c-8d62-b494fd289dd0@group-67DC42A0BEC5-FollowerState
2021-10-01 16:56:08,277 [bd8339b7-19ff-491c-8d62-b494fd289dd0@group-67DC42A0BEC5-FollowerState] INFO  impl.FollowerState (FollowerState.java:run(143)) - bd8339b7-19ff-491c-8d62-b494fd289dd0@group-67DC42A0BEC5-FollowerState was interrupted: {}
java.lang.InterruptedException: sleep interrupted
	at java.lang.Thread.sleep(Native Method)
	at java.lang.Thread.sleep(Thread.java:340)
	at java.util.concurrent.TimeUnit.sleep(TimeUnit.java:386)
	at org.apache.ratis.util.TimeDuration.sleep(TimeDuration.java:324)
	at org.apache.ratis.util.TimeDuration.sleep(TimeDuration.java:309)
	at org.apache.ratis.server.impl.FollowerState.run(FollowerState.java:118)
2021-10-01 16:56:08,274 [grpc-default-executor-1] INFO  server.RaftServer$Division (RaftServerImpl.java:requestVote(1075)) - 2bef8554-b428-4684-ba01-b6ee907780a1@group-67DC42A0BEC5 replies to ELECTION vote request: 55456646-246b-433e-ba91-0894db9f2978<-2bef8554-b428-4684-ba01-b6ee907780a1#0:OK-t11. Peer's state: 2bef8554-b428-4684-ba01-b6ee907780a1@group-67DC42A0BEC5:t11, leader=null, voted=55456646-246b-433e-ba91-0894db9f2978, raftlog=2bef8554-b428-4684-ba01-b6ee907780a1@group-67DC42A0BEC5-SegmentedRaftLog:OPENED:c-1,f-1,i0, conf=-1: [2bef8554-b428-4684-ba01-b6ee907780a1|rpc:10.1.0.30:36303|priority:0, bd8339b7-19ff-491c-8d62-b494fd289dd0|rpc:10.1.0.30:34869|priority:0, 55456646-246b-433e-ba91-0894db9f2978|rpc:10.1.0.30:46679|priority:1], old=null
2021-10-01 16:56:08,281 [grpc-default-executor-2] INFO  server.RaftServer$Division (RaftServerImpl.java:requestVote(1075)) - bd8339b7-19ff-491c-8d62-b494fd289dd0@group-67DC42A0BEC5 replies to ELECTION vote request: 55456646-246b-433e-ba91-0894db9f2978<-bd8339b7-19ff-491c-8d62-b494fd289dd0#0:OK-t11. Peer's state: bd8339b7-19ff-491c-8d62-b494fd289dd0@group-67DC42A0BEC5:t11, leader=null, voted=55456646-246b-433e-ba91-0894db9f2978, raftlog=bd8339b7-19ff-491c-8d62-b494fd289dd0@group-67DC42A0BEC5-SegmentedRaftLog:OPENED:c-1,f-1,i0, conf=-1: [2bef8554-b428-4684-ba01-b6ee907780a1|rpc:10.1.0.30:36303|priority:0, bd8339b7-19ff-491c-8d62-b494fd289dd0|rpc:10.1.0.30:34869|priority:0, 55456646-246b-433e-ba91-0894db9f2978|rpc:10.1.0.30:46679|priority:1], old=null
2021-10-01 16:56:08,282 [55456646-246b-433e-ba91-0894db9f2978@group-67DC42A0BEC5-LeaderElection20] INFO  impl.LeaderElection (LeaderElection.java:logAndReturn(89)) - 55456646-246b-433e-ba91-0894db9f2978@group-67DC42A0BEC5-LeaderElection20: ELECTION PASSED received 1 response(s) and 0 exception(s):
2021-10-01 16:56:08,282 [55456646-246b-433e-ba91-0894db9f2978@group-67DC42A0BEC5-LeaderElection20] INFO  impl.LeaderElection (LeaderElection.java:logAndReturn(93)) -   Response 0: 55456646-246b-433e-ba91-0894db9f2978<-2bef8554-b428-4684-ba01-b6ee907780a1#0:OK-t11
2021-10-01 16:56:08,282 [55456646-246b-433e-ba91-0894db9f2978@group-67DC42A0BEC5-LeaderElection20] INFO  impl.LeaderElection (LeaderElection.java:askForVotes(308)) - 55456646-246b-433e-ba91-0894db9f2978@group-67DC42A0BEC5-LeaderElection20 ELECTION round 0: result PASSED
2021-10-01 16:56:08,282 [55456646-246b-433e-ba91-0894db9f2978@group-67DC42A0BEC5-LeaderElection20] INFO  impl.RoleInfo (RoleInfo.java:shutdownLeaderElection(121)) - 55456646-246b-433e-ba91-0894db9f2978: shutdown 55456646-246b-433e-ba91-0894db9f2978@group-67DC42A0BEC5-LeaderElection20
2021-10-01 16:56:08,282 [55456646-246b-433e-ba91-0894db9f2978@group-67DC42A0BEC5-LeaderElection20] INFO  server.RaftServer$Division (RaftServerImpl.java:setRole(285)) - 55456646-246b-433e-ba91-0894db9f2978@group-67DC42A0BEC5: changes role from CANDIDATE to LEADER at term 11 for changeToLeader
2021-10-01 16:56:08,282 [55456646-246b-433e-ba91-0894db9f2978@group-67DC42A0BEC5-LeaderElection20] INFO  ratis.XceiverServerRatis (XceiverServerRatis.java:handleLeaderChangedNotification(861)) - Leader change notification received for group: group-67DC42A0BEC5 with new leaderId: 55456646-246b-433e-ba91-0894db9f2978
2021-10-01 16:56:08,283 [55456646-246b-433e-ba91-0894db9f2978@group-67DC42A0BEC5-LeaderElection20] INFO  server.RaftServer$Division (ServerState.java:setLeader(285)) - 55456646-246b-433e-ba91-0894db9f2978@group-67DC42A0BEC5: change Leader from null to 55456646-246b-433e-ba91-0894db9f2978 at term 11 for becomeLeader, leader elected after 55861ms
2021-10-01 16:56:08,283 [55456646-246b-433e-ba91-0894db9f2978@group-67DC42A0BEC5-LeaderElection20] INFO  server.RaftServerConfigKeys (ConfUtils.java:logGet(44)) - raft.server.staging.catchup.gap = 1000 (default)
2021-10-01 16:56:08,283 [55456646-246b-433e-ba91-0894db9f2978@group-67DC42A0BEC5-LeaderElection20] INFO  server.RaftServerConfigKeys (ConfUtils.java:logGet(44)) - raft.server.write.element-limit = 1024 (custom)
2021-10-01 16:56:08,283 [55456646-246b-433e-ba91-0894db9f2978@group-67DC42A0BEC5-LeaderElection20] INFO  server.RaftServerConfigKeys (ConfUtils.java:logGet(44)) - raft.server.write.byte-limit = 1024 M (=1073741824) (custom)
2021-10-01 16:56:08,283 [55456646-246b-433e-ba91-0894db9f2978@group-67DC42A0BEC5-LeaderElection20] INFO  server.RaftServerConfigKeys (ConfUtils.java:logGet(44)) - raft.server.watch.timeout = 180s (custom)
2021-10-01 16:56:08,283 [55456646-246b-433e-ba91-0894db9f2978@group-67DC42A0BEC5-LeaderElection20] INFO  server.RaftServerConfigKeys (ConfUtils.java:logGet(44)) - raft.server.watch.timeout.denomination = 1s (default)
2021-10-01 16:56:08,284 [55456646-246b-433e-ba91-0894db9f2978@group-67DC42A0BEC5-LeaderElection20] INFO  server.RaftServerConfigKeys (ConfUtils.java:logGet(44)) - raft.server.watch.element-limit = 65536 (default)
2021-10-01 16:56:08,294 [55456646-246b-433e-ba91-0894db9f2978@group-67DC42A0BEC5-LeaderElection20] INFO  server.RaftServerConfigKeys (ConfUtils.java:logGet(44)) - raft.server.log.appender.snapshot.chunk.size.max = 16MB (=16777216) (default)
2021-10-01 16:56:08,294 [55456646-246b-433e-ba91-0894db9f2978@group-67DC42A0BEC5-LeaderElection20] INFO  server.RaftServerConfigKeys (ConfUtils.java:logGet(44)) - raft.server.log.appender.buffer.byte-limit = 33554432 (custom)
2021-10-01 16:56:08,295 [55456646-246b-433e-ba91-0894db9f2978@group-67DC42A0BEC5-LeaderElection20] INFO  server.RaftServerConfigKeys (ConfUtils.java:logGet(44)) - raft.server.log.appender.buffer.element-limit = 1 (custom)
2021-10-01 16:56:08,297 [55456646-246b-433e-ba91-0894db9f2978@group-67DC42A0BEC5-LeaderElection20] INFO  grpc.GrpcConfigKeys (ConfUtils.java:logGet(44)) - raft.grpc.server.leader.outstanding.appends.max = 128 (default)
2021-10-01 16:56:08,298 [55456646-246b-433e-ba91-0894db9f2978@group-67DC42A0BEC5-LeaderElection20] INFO  server.RaftServerConfigKeys (ConfUtils.java:logGet(44)) - raft.server.rpc.request.timeout = 60s (custom)
2021-10-01 16:56:08,298 [55456646-246b-433e-ba91-0894db9f2978@group-67DC42A0BEC5-LeaderElection20] INFO  server.RaftServerConfigKeys (ConfUtils.java:logGet(44)) - raft.server.log.appender.install.snapshot.enabled = false (custom)
2021-10-01 16:56:08,303 [55456646-246b-433e-ba91-0894db9f2978@group-67DC42A0BEC5-LeaderElection20] INFO  server.RaftServerConfigKeys (ConfUtils.java:logGet(44)) - raft.server.log.appender.snapshot.chunk.size.max = 16MB (=16777216) (default)
2021-10-01 16:56:08,303 [55456646-246b-433e-ba91-0894db9f2978@group-67DC42A0BEC5-LeaderElection20] INFO  server.RaftServerConfigKeys (ConfUtils.java:logGet(44)) - raft.server.log.appender.buffer.byte-limit = 33554432 (custom)
2021-10-01 16:56:08,303 [55456646-246b-433e-ba91-0894db9f2978@group-67DC42A0BEC5-LeaderElection20] INFO  server.RaftServerConfigKeys (ConfUtils.java:logGet(44)) - raft.server.log.appender.buffer.element-limit = 1 (custom)
2021-10-01 16:56:08,303 [55456646-246b-433e-ba91-0894db9f2978@group-67DC42A0BEC5-LeaderElection20] INFO  grpc.GrpcConfigKeys (ConfUtils.java:logGet(44)) - raft.grpc.server.leader.outstanding.appends.max = 128 (default)
2021-10-01 16:56:08,303 [55456646-246b-433e-ba91-0894db9f2978@group-67DC42A0BEC5-LeaderElection20] INFO  server.RaftServerConfigKeys (ConfUtils.java:logGet(44)) - raft.server.rpc.request.timeout = 60s (custom)
2021-10-01 16:56:08,304 [55456646-246b-433e-ba91-0894db9f2978@group-67DC42A0BEC5-LeaderElection20] INFO  server.RaftServerConfigKeys (ConfUtils.java:logGet(44)) - raft.server.log.appender.install.snapshot.enabled = false (custom)
2021-10-01 16:56:08,305 [55456646-246b-433e-ba91-0894db9f2978@group-67DC42A0BEC5-LeaderElection20] INFO  impl.RoleInfo (RoleInfo.java:updateAndGet(130)) - 55456646-246b-433e-ba91-0894db9f2978: start 55456646-246b-433e-ba91-0894db9f2978@group-67DC42A0BEC5-LeaderStateImpl
2021-10-01 16:56:08,306 [55456646-246b-433e-ba91-0894db9f2978@group-67DC42A0BEC5-LeaderElection20] INFO  segmented.SegmentedRaftLogWorker (SegmentedRaftLogWorker.java:startLogSegment(394)) - 55456646-246b-433e-ba91-0894db9f2978@group-67DC42A0BEC5-SegmentedRaftLogWorker: Starting segment from index:0
2021-10-01 16:56:08,308 [55456646-246b-433e-ba91-0894db9f2978@group-67DC42A0BEC5-SegmentedRaftLogWorker] INFO  segmented.SegmentedRaftLogWorker (SegmentedRaftLogWorker.java:execute(601)) - 55456646-246b-433e-ba91-0894db9f2978@group-67DC42A0BEC5-SegmentedRaftLogWorker: created new log segment /home/runner/work/ozone/ozone/hadoop-ozone/integration-test/target/test-dir/MiniOzoneClusterImpl-def46c0d-8367-4b8c-99dd-0a1bf9c58634/datanode-1/data/ratis/6bef1b5c-5573-4eef-b870-67dc42a0bec5/current/log_inprogress_0
2021-10-01 16:56:08,323 [55456646-246b-433e-ba91-0894db9f2978@group-67DC42A0BEC5-LeaderElection20] INFO  server.RaftServer$Division (ServerState.java:setRaftConf(387)) - 55456646-246b-433e-ba91-0894db9f2978@group-67DC42A0BEC5: set configuration 0: [2bef8554-b428-4684-ba01-b6ee907780a1|rpc:10.1.0.30:36303|dataStream:|priority:0, bd8339b7-19ff-491c-8d62-b494fd289dd0|rpc:10.1.0.30:34869|dataStream:|priority:0, 55456646-246b-433e-ba91-0894db9f2978|rpc:10.1.0.30:46679|dataStream:|priority:1], old=null
2021-10-01 16:56:08,334 [grpc-default-executor-2] INFO  ratis.XceiverServerRatis (XceiverServerRatis.java:handleLeaderChangedNotification(861)) - Leader change notification received for group: group-67DC42A0BEC5 with new leaderId: 55456646-246b-433e-ba91-0894db9f2978
2021-10-01 16:56:08,335 [grpc-default-executor-0] INFO  ratis.XceiverServerRatis (XceiverServerRatis.java:handleLeaderChangedNotification(861)) - Leader change notification received for group: group-67DC42A0BEC5 with new leaderId: 55456646-246b-433e-ba91-0894db9f2978
2021-10-01 16:56:08,336 [grpc-default-executor-0] INFO  server.RaftServer$Division (ServerState.java:setLeader(285)) - 2bef8554-b428-4684-ba01-b6ee907780a1@group-67DC42A0BEC5: change Leader from null to 55456646-246b-433e-ba91-0894db9f2978 at term 11 for appendEntries, leader elected after 56203ms
2021-10-01 16:56:08,337 [grpc-default-executor-2] INFO  server.RaftServer$Division (ServerState.java:setLeader(285)) - bd8339b7-19ff-491c-8d62-b494fd289dd0@group-67DC42A0BEC5: change Leader from null to 55456646-246b-433e-ba91-0894db9f2978 at term 11 for appendEntries, leader elected after 55593ms
2021-10-01 16:56:08,360 [grpc-default-executor-0] INFO  server.RaftServer$Division (ServerState.java:setRaftConf(387)) - bd8339b7-19ff-491c-8d62-b494fd289dd0@group-67DC42A0BEC5: set configuration 0: [2bef8554-b428-4684-ba01-b6ee907780a1|rpc:10.1.0.30:36303|dataStream:|priority:0, bd8339b7-19ff-491c-8d62-b494fd289dd0|rpc:10.1.0.30:34869|dataStream:|priority:0, 55456646-246b-433e-ba91-0894db9f2978|rpc:10.1.0.30:46679|dataStream:|priority:1], old=null
2021-10-01 16:56:08,361 [grpc-default-executor-0] INFO  segmented.SegmentedRaftLogWorker (SegmentedRaftLogWorker.java:startLogSegment(394)) - bd8339b7-19ff-491c-8d62-b494fd289dd0@group-67DC42A0BEC5-SegmentedRaftLogWorker: Starting segment from index:0
2021-10-01 16:56:08,362 [grpc-default-executor-2] INFO  server.RaftServer$Division (ServerState.java:setRaftConf(387)) - 2bef8554-b428-4684-ba01-b6ee907780a1@group-67DC42A0BEC5: set configuration 0: [2bef8554-b428-4684-ba01-b6ee907780a1|rpc:10.1.0.30:36303|dataStream:|priority:0, bd8339b7-19ff-491c-8d62-b494fd289dd0|rpc:10.1.0.30:34869|dataStream:|priority:0, 55456646-246b-433e-ba91-0894db9f2978|rpc:10.1.0.30:46679|dataStream:|priority:1], old=null
2021-10-01 16:56:08,362 [grpc-default-executor-2] INFO  segmented.SegmentedRaftLogWorker (SegmentedRaftLogWorker.java:startLogSegment(394)) - 2bef8554-b428-4684-ba01-b6ee907780a1@group-67DC42A0BEC5-SegmentedRaftLogWorker: Starting segment from index:0
2021-10-01 16:56:08,363 [bd8339b7-19ff-491c-8d62-b494fd289dd0@group-67DC42A0BEC5-SegmentedRaftLogWorker] INFO  segmented.SegmentedRaftLogWorker (SegmentedRaftLogWorker.java:execute(601)) - bd8339b7-19ff-491c-8d62-b494fd289dd0@group-67DC42A0BEC5-SegmentedRaftLogWorker: created new log segment /home/runner/work/ozone/ozone/hadoop-ozone/integration-test/target/test-dir/MiniOzoneClusterImpl-def46c0d-8367-4b8c-99dd-0a1bf9c58634/datanode-2/data/ratis/6bef1b5c-5573-4eef-b870-67dc42a0bec5/current/log_inprogress_0
2021-10-01 16:56:08,365 [2bef8554-b428-4684-ba01-b6ee907780a1@group-67DC42A0BEC5-SegmentedRaftLogWorker] INFO  segmented.SegmentedRaftLogWorker (SegmentedRaftLogWorker.java:execute(601)) - 2bef8554-b428-4684-ba01-b6ee907780a1@group-67DC42A0BEC5-SegmentedRaftLogWorker: created new log segment /home/runner/work/ozone/ozone/hadoop-ozone/integration-test/target/test-dir/MiniOzoneClusterImpl-def46c0d-8367-4b8c-99dd-0a1bf9c58634/datanode-0/data/ratis/6bef1b5c-5573-4eef-b870-67dc42a0bec5/current/log_inprogress_0
2021-10-01 16:56:09,006 [ForkJoinPool.commonPool-worker-1] INFO  ozoneimpl.OzoneContainer (OzoneContainer.java:stop(325)) - Attempting to stop container services.
2021-10-01 16:56:09,008 [Time-limited test] INFO  ozoneimpl.OzoneContainer (OzoneContainer.java:stop(325)) - Attempting to stop container services.
2021-10-01 16:56:09,009 [Time-limited test] INFO  server.RaftServer (RaftServerProxy.java:lambda$close$6(391)) - 55456646-246b-433e-ba91-0894db9f2978: close
2021-10-01 16:56:09,009 [Time-limited test] INFO  server.RaftServer$Division (RaftServerImpl.java:lambda$close$4(407)) - 55456646-246b-433e-ba91-0894db9f2978@group-67DC42A0BEC5: shutdown
2021-10-01 16:56:09,010 [Time-limited test] INFO  util.JmxRegister (JmxRegister.java:unregister(73)) - Successfully un-registered JMX Bean with object name Ratis:service=RaftServer,group=group-67DC42A0BEC5,id=55456646-246b-433e-ba91-0894db9f2978
2021-10-01 16:56:09,010 [Time-limited test] INFO  impl.RoleInfo (RoleInfo.java:shutdownLeaderState(91)) - 55456646-246b-433e-ba91-0894db9f2978: shutdown 55456646-246b-433e-ba91-0894db9f2978@group-67DC42A0BEC5-LeaderStateImpl
2021-10-01 16:56:09,010 [Time-limited test] INFO  impl.PendingRequests (PendingRequests.java:sendNotLeaderResponses(282)) - 55456646-246b-433e-ba91-0894db9f2978@group-67DC42A0BEC5-PendingRequests: sendNotLeaderResponses
2021-10-01 16:56:09,011 [Time-limited test] INFO  impl.StateMachineUpdater (StateMachineUpdater.java:stopAndJoin(149)) - 55456646-246b-433e-ba91-0894db9f2978@group-67DC42A0BEC5-StateMachineUpdater: set stopIndex = 0
2021-10-01 16:56:09,011 [55456646-246b-433e-ba91-0894db9f2978@group-67DC42A0BEC5-StateMachineUpdater] INFO  ratis.ContainerStateMachine (ContainerStateMachine.java:takeSnapshot(292)) - group-67DC42A0BEC5: Taking a snapshot at:(t:11, i:0) file /home/runner/work/ozone/ozone/hadoop-ozone/integration-test/target/test-dir/MiniOzoneClusterImpl-def46c0d-8367-4b8c-99dd-0a1bf9c58634/datanode-1/data/ratis/6bef1b5c-5573-4eef-b870-67dc42a0bec5/sm/snapshot.11_0
2021-10-01 16:56:09,012 [55456646-246b-433e-ba91-0894db9f2978@group-67DC42A0BEC5->bd8339b7-19ff-491c-8d62-b494fd289dd0-GrpcLogAppender-LogAppenderDaemon] WARN  server.GrpcLogAppender (GrpcLogAppender.java:mayWait(175)) - 55456646-246b-433e-ba91-0894db9f2978@group-67DC42A0BEC5->bd8339b7-19ff-491c-8d62-b494fd289dd0-GrpcLogAppender: Wait interrupted by java.lang.InterruptedException
2021-10-01 16:56:09,009 [ForkJoinPool.commonPool-worker-1] INFO  server.RaftServer (RaftServerProxy.java:lambda$close$6(391)) - 2bef8554-b428-4684-ba01-b6ee907780a1: close
2021-10-01 16:56:09,013 [ForkJoinPool.commonPool-worker-1] INFO  server.RaftServer$Division (RaftServerImpl.java:lambda$close$4(407)) - 2bef8554-b428-4684-ba01-b6ee907780a1@group-3E165BC00B30: shutdown
2021-10-01 16:56:09,013 [ForkJoinPool.commonPool-worker-1] INFO  util.JmxRegister (JmxRegister.java:unregister(73)) - Successfully un-registered JMX Bean with object name Ratis:service=RaftServer,group=group-3E165BC00B30,id=2bef8554-b428-4684-ba01-b6ee907780a1
2021-10-01 16:56:09,014 [ForkJoinPool.commonPool-worker-1] INFO  impl.RoleInfo (RoleInfo.java:shutdownLeaderState(91)) - 2bef8554-b428-4684-ba01-b6ee907780a1: shutdown 2bef8554-b428-4684-ba01-b6ee907780a1@group-3E165BC00B30-LeaderStateImpl
2021-10-01 16:56:09,014 [ForkJoinPool.commonPool-worker-1] INFO  impl.PendingRequests (PendingRequests.java:sendNotLeaderResponses(282)) - 2bef8554-b428-4684-ba01-b6ee907780a1@group-3E165BC00B30-PendingRequests: sendNotLeaderResponses
2021-10-01 16:56:09,014 [grpc-default-executor-0] INFO  server.GrpcServerProtocolService (GrpcServerProtocolService.java:onCompleted(140)) - bd8339b7-19ff-491c-8d62-b494fd289dd0: Completed APPEND_ENTRIES, lastRequest: 55456646-246b-433e-ba91-0894db9f2978->bd8339b7-19ff-491c-8d62-b494fd289dd0#1-t11,previous=(t:0, i:0),leaderCommit=0,initializing? true,entries: size=1, first=(t:11, i:0), CONFIGURATIONENTRY
2021-10-01 16:56:09,014 [ForkJoinPool.commonPool-worker-1] INFO  impl.StateMachineUpdater (StateMachineUpdater.java:stopAndJoin(149)) - 2bef8554-b428-4684-ba01-b6ee907780a1@group-3E165BC00B30-StateMachineUpdater: set stopIndex = 0
2021-10-01 16:56:09,015 [2bef8554-b428-4684-ba01-b6ee907780a1@group-3E165BC00B30-StateMachineUpdater] INFO  ratis.ContainerStateMachine (ContainerStateMachine.java:takeSnapshot(292)) - group-3E165BC00B30: Taking a snapshot at:(t:1, i:0) file /home/runner/work/ozone/ozone/hadoop-ozone/integration-test/target/test-dir/MiniOzoneClusterImpl-def46c0d-8367-4b8c-99dd-0a1bf9c58634/datanode-0/data/ratis/076aa5bc-bf03-40e0-bd41-3e165bc00b30/sm/snapshot.1_0
2021-10-01 16:56:09,013 [55456646-246b-433e-ba91-0894db9f2978@group-67DC42A0BEC5-StateMachineUpdater] INFO  ratis.ContainerStateMachine (ContainerStateMachine.java:takeSnapshot(303)) - group-67DC42A0BEC5: Finished taking a snapshot at:(t:11, i:0) file:/home/runner/work/ozone/ozone/hadoop-ozone/integration-test/target/test-dir/MiniOzoneClusterImpl-def46c0d-8367-4b8c-99dd-0a1bf9c58634/datanode-1/data/ratis/6bef1b5c-5573-4eef-b870-67dc42a0bec5/sm/snapshot.11_0 took: 3 ms
2021-10-01 16:56:09,015 [55456646-246b-433e-ba91-0894db9f2978@group-67DC42A0BEC5-StateMachineUpdater] INFO  impl.StateMachineUpdater (StateMachineUpdater.java:takeSnapshot(281)) - 55456646-246b-433e-ba91-0894db9f2978@group-67DC42A0BEC5-StateMachineUpdater: Took a snapshot at index 0
2021-10-01 16:56:09,015 [55456646-246b-433e-ba91-0894db9f2978@group-67DC42A0BEC5-StateMachineUpdater] INFO  impl.StateMachineUpdater (StateMachineUpdater.java:lambda$new$0(89)) - 55456646-246b-433e-ba91-0894db9f2978@group-67DC42A0BEC5-StateMachineUpdater: snapshotIndex: updateIncreasingly -1 -> 0
2021-10-01 16:56:09,013 [55456646-246b-433e-ba91-0894db9f2978@group-67DC42A0BEC5->2bef8554-b428-4684-ba01-b6ee907780a1-GrpcLogAppender-LogAppenderDaemon] WARN  server.GrpcLogAppender (GrpcLogAppender.java:mayWait(175)) - 55456646-246b-433e-ba91-0894db9f2978@group-67DC42A0BEC5->2bef8554-b428-4684-ba01-b6ee907780a1-GrpcLogAppender: Wait interrupted by java.lang.InterruptedException
2021-10-01 16:56:09,015 [grpc-default-executor-2] INFO  server.GrpcLogAppender (GrpcLogAppender.java:onCompleted(344)) - 55456646-246b-433e-ba91-0894db9f2978@group-67DC42A0BEC5->bd8339b7-19ff-491c-8d62-b494fd289dd0-AppendLogResponseHandler: follower responses appendEntries COMPLETED
2021-10-01 16:56:09,020 [2bef8554-b428-4684-ba01-b6ee907780a1@group-3E165BC00B30-StateMachineUpdater] INFO  ratis.ContainerStateMachine (ContainerStateMachine.java:takeSnapshot(303)) - group-3E165BC00B30: Finished taking a snapshot at:(t:1, i:0) file:/home/runner/work/ozone/ozone/hadoop-ozone/integration-test/target/test-dir/MiniOzoneClusterImpl-def46c0d-8367-4b8c-99dd-0a1bf9c58634/datanode-0/data/ratis/076aa5bc-bf03-40e0-bd41-3e165bc00b30/sm/snapshot.1_0 took: 5 ms
2021-10-01 16:56:09,020 [Time-limited test] INFO  server.RaftServer$Division (ServerState.java:close(419)) - 55456646-246b-433e-ba91-0894db9f2978@group-67DC42A0BEC5: closes. applyIndex: 0
2021-10-01 16:56:09,020 [2bef8554-b428-4684-ba01-b6ee907780a1@group-3E165BC00B30-StateMachineUpdater] INFO  impl.StateMachineUpdater (StateMachineUpdater.java:takeSnapshot(281)) - 2bef8554-b428-4684-ba01-b6ee907780a1@group-3E165BC00B30-StateMachineUpdater: Took a snapshot at index 0
2021-10-01 16:56:09,020 [2bef8554-b428-4684-ba01-b6ee907780a1@group-3E165BC00B30-StateMachineUpdater] INFO  impl.StateMachineUpdater (StateMachineUpdater.java:lambda$new$0(89)) - 2bef8554-b428-4684-ba01-b6ee907780a1@group-3E165BC00B30-StateMachineUpdater: snapshotIndex: updateIncreasingly -1 -> 0
2021-10-01 16:56:09,020 [grpc-default-executor-0] INFO  server.GrpcServerProtocolService (GrpcServerProtocolService.java:onCompleted(140)) - 2bef8554-b428-4684-ba01-b6ee907780a1: Completed APPEND_ENTRIES, lastRequest: 55456646-246b-433e-ba91-0894db9f2978->2bef8554-b428-4684-ba01-b6ee907780a1#1-t11,previous=(t:0, i:0),leaderCommit=0,initializing? true,entries: size=1, first=(t:11, i:0), CONFIGURATIONENTRY
2021-10-01 16:56:09,020 [55456646-246b-433e-ba91-0894db9f2978@group-67DC42A0BEC5-SegmentedRaftLogWorker] INFO  segmented.SegmentedRaftLogWorker (SegmentedRaftLogWorker.java:run(327)) - 55456646-246b-433e-ba91-0894db9f2978@group-67DC42A0BEC5-SegmentedRaftLogWorker was interrupted, exiting. There are 0 tasks remaining in the queue.
2021-10-01 16:56:09,021 [ForkJoinPool.commonPool-worker-1] INFO  server.RaftServer$Division (ServerState.java:close(419)) - 2bef8554-b428-4684-ba01-b6ee907780a1@group-3E165BC00B30: closes. applyIndex: 0
2021-10-01 16:56:09,021 [2bef8554-b428-4684-ba01-b6ee907780a1@group-3E165BC00B30-SegmentedRaftLogWorker] INFO  segmented.SegmentedRaftLogWorker (SegmentedRaftLogWorker.java:run(327)) - 2bef8554-b428-4684-ba01-b6ee907780a1@group-3E165BC00B30-SegmentedRaftLogWorker was interrupted, exiting. There are 0 tasks remaining in the queue.
2021-10-01 16:56:09,021 [ForkJoinPool.commonPool-worker-1] INFO  segmented.SegmentedRaftLogWorker (SegmentedRaftLogWorker.java:close(237)) - 2bef8554-b428-4684-ba01-b6ee907780a1@group-3E165BC00B30-SegmentedRaftLogWorker close()
2021-10-01 16:56:09,022 [grpc-default-executor-2] INFO  leader.FollowerInfo (FollowerInfoImpl.java:lambda$new$0(46)) - 55456646-246b-433e-ba91-0894db9f2978@group-67DC42A0BEC5->bd8339b7-19ff-491c-8d62-b494fd289dd0: nextIndex: updateUnconditionally 1 -> 0
2021-10-01 16:56:09,023 [ForkJoinPool.commonPool-worker-1] INFO  server.RaftServer$Division (RaftServerImpl.java:lambda$close$4(407)) - 2bef8554-b428-4684-ba01-b6ee907780a1@group-67DC42A0BEC5: shutdown
2021-10-01 16:56:09,024 [ForkJoinPool.commonPool-worker-1] INFO  util.JmxRegister (JmxRegister.java:unregister(73)) - Successfully un-registered JMX Bean with object name Ratis:service=RaftServer,group=group-67DC42A0BEC5,id=2bef8554-b428-4684-ba01-b6ee907780a1
2021-10-01 16:56:09,024 [ForkJoinPool.commonPool-worker-1] INFO  impl.RoleInfo (RoleInfo.java:shutdownFollowerState(108)) - 2bef8554-b428-4684-ba01-b6ee907780a1: shutdown 2bef8554-b428-4684-ba01-b6ee907780a1@group-67DC42A0BEC5-FollowerState
2021-10-01 16:56:09,024 [2bef8554-b428-4684-ba01-b6ee907780a1@group-67DC42A0BEC5-FollowerState] INFO  impl.FollowerState (FollowerState.java:run(143)) - 2bef8554-b428-4684-ba01-b6ee907780a1@group-67DC42A0BEC5-FollowerState was interrupted: {}
java.lang.InterruptedException: sleep interrupted
	at java.lang.Thread.sleep(Native Method)
	at java.lang.Thread.sleep(Thread.java:340)
	at java.util.concurrent.TimeUnit.sleep(TimeUnit.java:386)
	at org.apache.ratis.util.TimeDuration.sleep(TimeDuration.java:324)
	at org.apache.ratis.util.TimeDuration.sleep(TimeDuration.java:309)
	at org.apache.ratis.server.impl.FollowerState.run(FollowerState.java:118)
2021-10-01 16:56:09,025 [Time-limited test] INFO  segmented.SegmentedRaftLogWorker (SegmentedRaftLogWorker.java:close(237)) - 55456646-246b-433e-ba91-0894db9f2978@group-67DC42A0BEC5-SegmentedRaftLogWorker close()
2021-10-01 16:56:09,026 [2bef8554-b428-4684-ba01-b6ee907780a1@group-67DC42A0BEC5-StateMachineUpdater] INFO  ratis.ContainerStateMachine (ContainerStateMachine.java:takeSnapshot(292)) - group-67DC42A0BEC5: Taking a snapshot at:(t:11, i:0) file /home/runner/work/ozone/ozone/hadoop-ozone/integration-test/target/test-dir/MiniOzoneClusterImpl-def46c0d-8367-4b8c-99dd-0a1bf9c58634/datanode-0/data/ratis/6bef1b5c-5573-4eef-b870-67dc42a0bec5/sm/snapshot.11_0
2021-10-01 16:56:09,026 [Time-limited test] INFO  server.RaftServer$Division (RaftServerImpl.java:lambda$close$4(407)) - 55456646-246b-433e-ba91-0894db9f2978@group-47279CB0A57A: shutdown
2021-10-01 16:56:09,026 [Time-limited test] INFO  util.JmxRegister (JmxRegister.java:unregister(73)) - Successfully un-registered JMX Bean with object name Ratis:service=RaftServer,group=group-47279CB0A57A,id=55456646-246b-433e-ba91-0894db9f2978
2021-10-01 16:56:09,027 [Time-limited test] INFO  impl.RoleInfo (RoleInfo.java:shutdownLeaderState(91)) - 55456646-246b-433e-ba91-0894db9f2978: shutdown 55456646-246b-433e-ba91-0894db9f2978@group-47279CB0A57A-LeaderStateImpl
2021-10-01 16:56:09,027 [Time-limited test] INFO  impl.PendingRequests (PendingRequests.java:sendNotLeaderResponses(282)) - 55456646-246b-433e-ba91-0894db9f2978@group-47279CB0A57A-PendingRequests: sendNotLeaderResponses
2021-10-01 16:56:09,026 [ForkJoinPool.commonPool-worker-1] INFO  impl.StateMachineUpdater (StateMachineUpdater.java:stopAndJoin(149)) - 2bef8554-b428-4684-ba01-b6ee907780a1@group-67DC42A0BEC5-StateMachineUpdater: set stopIndex = 0
2021-10-01 16:56:09,028 [Time-limited test] INFO  impl.StateMachineUpdater (StateMachineUpdater.java:stopAndJoin(149)) - 55456646-246b-433e-ba91-0894db9f2978@group-47279CB0A57A-StateMachineUpdater: set stopIndex = 0
2021-10-01 16:56:09,028 [55456646-246b-433e-ba91-0894db9f2978@group-47279CB0A57A-StateMachineUpdater] INFO  ratis.ContainerStateMachine (ContainerStateMachine.java:takeSnapshot(292)) - group-47279CB0A57A: Taking a snapshot at:(t:1, i:0) file /home/runner/work/ozone/ozone/hadoop-ozone/integration-test/target/test-dir/MiniOzoneClusterImpl-def46c0d-8367-4b8c-99dd-0a1bf9c58634/datanode-1/data/ratis/73c3c219-1388-4cc2-a470-47279cb0a57a/sm/snapshot.1_0
2021-10-01 16:56:09,027 [grpc-default-executor-2] INFO  server.GrpcLogAppender (GrpcLogAppender.java:onCompleted(344)) - 55456646-246b-433e-ba91-0894db9f2978@group-67DC42A0BEC5->2bef8554-b428-4684-ba01-b6ee907780a1-AppendLogResponseHandler: follower responses appendEntries COMPLETED
2021-10-01 16:56:09,028 [grpc-default-executor-2] INFO  leader.FollowerInfo (FollowerInfoImpl.java:lambda$new$0(46)) - 55456646-246b-433e-ba91-0894db9f2978@group-67DC42A0BEC5->2bef8554-b428-4684-ba01-b6ee907780a1: nextIndex: updateUnconditionally 1 -> 0
2021-10-01 16:56:09,029 [2bef8554-b428-4684-ba01-b6ee907780a1@group-67DC42A0BEC5-StateMachineUpdater] INFO  ratis.ContainerStateMachine (ContainerStateMachine.java:takeSnapshot(303)) - group-67DC42A0BEC5: Finished taking a snapshot at:(t:11, i:0) file:/home/runner/work/ozone/ozone/hadoop-ozone/integration-test/target/test-dir/MiniOzoneClusterImpl-def46c0d-8367-4b8c-99dd-0a1bf9c58634/datanode-0/data/ratis/6bef1b5c-5573-4eef-b870-67dc42a0bec5/sm/snapshot.11_0 took: 3 ms
2021-10-01 16:56:09,029 [2bef8554-b428-4684-ba01-b6ee907780a1@group-67DC42A0BEC5-StateMachineUpdater] INFO  impl.StateMachineUpdater (StateMachineUpdater.java:takeSnapshot(281)) - 2bef8554-b428-4684-ba01-b6ee907780a1@group-67DC42A0BEC5-StateMachineUpdater: Took a snapshot at index 0
2021-10-01 16:56:09,029 [2bef8554-b428-4684-ba01-b6ee907780a1@group-67DC42A0BEC5-StateMachineUpdater] INFO  impl.StateMachineUpdater (StateMachineUpdater.java:lambda$new$0(89)) - 2bef8554-b428-4684-ba01-b6ee907780a1@group-67DC42A0BEC5-StateMachineUpdater: snapshotIndex: updateIncreasingly -1 -> 0
2021-10-01 16:56:09,029 [55456646-246b-433e-ba91-0894db9f2978@group-47279CB0A57A-StateMachineUpdater] INFO  ratis.ContainerStateMachine (ContainerStateMachine.java:takeSnapshot(303)) - group-47279CB0A57A: Finished taking a snapshot at:(t:1, i:0) file:/home/runner/work/ozone/ozone/hadoop-ozone/integration-test/target/test-dir/MiniOzoneClusterImpl-def46c0d-8367-4b8c-99dd-0a1bf9c58634/datanode-1/data/ratis/73c3c219-1388-4cc2-a470-47279cb0a57a/sm/snapshot.1_0 took: 1 ms
2021-10-01 16:56:09,029 [55456646-246b-433e-ba91-0894db9f2978@group-47279CB0A57A-StateMachineUpdater] INFO  impl.StateMachineUpdater (StateMachineUpdater.java:takeSnapshot(281)) - 55456646-246b-433e-ba91-0894db9f2978@group-47279CB0A57A-StateMachineUpdater: Took a snapshot at index 0
2021-10-01 16:56:09,029 [55456646-246b-433e-ba91-0894db9f2978@group-47279CB0A57A-StateMachineUpdater] INFO  impl.StateMachineUpdater (StateMachineUpdater.java:lambda$new$0(89)) - 55456646-246b-433e-ba91-0894db9f2978@group-47279CB0A57A-StateMachineUpdater: snapshotIndex: updateIncreasingly -1 -> 0
2021-10-01 16:56:09,029 [ForkJoinPool.commonPool-worker-1] INFO  server.RaftServer$Division (ServerState.java:close(419)) - 2bef8554-b428-4684-ba01-b6ee907780a1@group-67DC42A0BEC5: closes. applyIndex: 0
2021-10-01 16:56:09,030 [Time-limited test] INFO  server.RaftServer$Division (ServerState.java:close(419)) - 55456646-246b-433e-ba91-0894db9f2978@group-47279CB0A57A: closes. applyIndex: 0
2021-10-01 16:56:09,030 [2bef8554-b428-4684-ba01-b6ee907780a1@group-67DC42A0BEC5-SegmentedRaftLogWorker] INFO  segmented.SegmentedRaftLogWorker (SegmentedRaftLogWorker.java:run(327)) - 2bef8554-b428-4684-ba01-b6ee907780a1@group-67DC42A0BEC5-SegmentedRaftLogWorker was interrupted, exiting. There are 0 tasks remaining in the queue.
2021-10-01 16:56:09,030 [ForkJoinPool.commonPool-worker-1] INFO  segmented.SegmentedRaftLogWorker (SegmentedRaftLogWorker.java:close(237)) - 2bef8554-b428-4684-ba01-b6ee907780a1@group-67DC42A0BEC5-SegmentedRaftLogWorker close()
2021-10-01 16:56:09,031 [55456646-246b-433e-ba91-0894db9f2978@group-47279CB0A57A-SegmentedRaftLogWorker] INFO  segmented.SegmentedRaftLogWorker (SegmentedRaftLogWorker.java:run(327)) - 55456646-246b-433e-ba91-0894db9f2978@group-47279CB0A57A-SegmentedRaftLogWorker was interrupted, exiting. There are 0 tasks remaining in the queue.
2021-10-01 16:56:09,043 [Time-limited test] INFO  segmented.SegmentedRaftLogWorker (SegmentedRaftLogWorker.java:close(237)) - 55456646-246b-433e-ba91-0894db9f2978@group-47279CB0A57A-SegmentedRaftLogWorker close()
2021-10-01 16:56:09,043 [ForkJoinPool.commonPool-worker-1] INFO  server.GrpcService (GrpcService.java:closeImpl(262)) - 2bef8554-b428-4684-ba01-b6ee907780a1: shutdown server with port 36303 now
2021-10-01 16:56:09,044 [Time-limited test] INFO  server.GrpcService (GrpcService.java:closeImpl(262)) - 55456646-246b-433e-ba91-0894db9f2978: shutdown server with port 46679 now
2021-10-01 16:56:09,053 [ForkJoinPool.commonPool-worker-1] INFO  server.GrpcService (GrpcService.java:closeImpl(271)) - 2bef8554-b428-4684-ba01-b6ee907780a1: shutdown server with port 36303 successfully
2021-10-01 16:56:09,053 [org.apache.ratis.util.JvmPauseMonitor$$Lambda$531/955346937@16137563] INFO  util.JvmPauseMonitor (JvmPauseMonitor.java:run(109)) - JvmPauseMonitor-2bef8554-b428-4684-ba01-b6ee907780a1: Stopped
2021-10-01 16:56:09,054 [ForkJoinPool.commonPool-worker-1] INFO  utils.BackgroundService (BackgroundService.java:shutdown(132)) - Shutting down service BlockDeletingService
2021-10-01 16:56:09,057 [Time-limited test] INFO  server.GrpcService (GrpcService.java:closeImpl(271)) - 55456646-246b-433e-ba91-0894db9f2978: shutdown server with port 46679 successfully
2021-10-01 16:56:09,058 [org.apache.ratis.util.JvmPauseMonitor$$Lambda$531/955346937@1892c0b3] INFO  util.JvmPauseMonitor (JvmPauseMonitor.java:run(109)) - JvmPauseMonitor-55456646-246b-433e-ba91-0894db9f2978: Stopped
2021-10-01 16:56:09,060 [Time-limited test] INFO  utils.BackgroundService (BackgroundService.java:shutdown(132)) - Shutting down service BlockDeletingService
2021-10-01 16:56:12,060 [ForkJoinPool.commonPool-worker-1] INFO  statemachine.DatanodeStateMachine (DatanodeStateMachine.java:stopDaemon(515)) - Ozone container server stopped.
2021-10-01 16:56:12,061 [ForkJoinPool.commonPool-worker-1] INFO  handler.ContextHandler (ContextHandler.java:doStop(1153)) - Stopped o.e.j.w.WebAppContext@24c6d6ae{hddsDatanode,/,null,STOPPED}{jar:file:/home/runner/.m2/repository/org/apache/ozone/hdds-container-service/1.2.0-SNAPSHOT/hdds-container-service-1.2.0-SNAPSHOT.jar!/webapps/hddsDatanode}
2021-10-01 16:56:12,062 [ForkJoinPool.commonPool-worker-1] INFO  server.AbstractConnector (AbstractConnector.java:doStop(381)) - Stopped ServerConnector@36523e55{HTTP/1.1, (http/1.1)}{0.0.0.0:0}
2021-10-01 16:56:12,062 [ForkJoinPool.commonPool-worker-1] INFO  server.session (HouseKeeper.java:stopScavenging(149)) - node0 Stopped scavenging
2021-10-01 16:56:12,062 [ForkJoinPool.commonPool-worker-1] INFO  handler.ContextHandler (ContextHandler.java:doStop(1153)) - Stopped o.e.j.s.ServletContextHandler@158750f2{static,/static,jar:file:/home/runner/.m2/repository/org/apache/ozone/hdds-container-service/1.2.0-SNAPSHOT/hdds-container-service-1.2.0-SNAPSHOT.jar!/webapps/static,STOPPED}
2021-10-01 16:56:12,062 [ForkJoinPool.commonPool-worker-1] INFO  handler.ContextHandler (ContextHandler.java:doStop(1153)) - Stopped o.e.j.s.ServletContextHandler@5a5ce246{logs,/logs,file:///home/runner/work/ozone/ozone/hadoop-ozone/integration-test/target/log,STOPPED}
2021-10-01 16:56:12,065 [Time-limited test] INFO  statemachine.DatanodeStateMachine (DatanodeStateMachine.java:stopDaemon(515)) - Ozone container server stopped.
2021-10-01 16:56:12,072 [Time-limited test] INFO  handler.ContextHandler (ContextHandler.java:doStop(1153)) - Stopped o.e.j.w.WebAppContext@799c40a2{hddsDatanode,/,null,STOPPED}{jar:file:/home/runner/.m2/repository/org/apache/ozone/hdds-container-service/1.2.0-SNAPSHOT/hdds-container-service-1.2.0-SNAPSHOT.jar!/webapps/hddsDatanode}
2021-10-01 16:56:12,072 [Time-limited test] INFO  server.AbstractConnector (AbstractConnector.java:doStop(381)) - Stopped ServerConnector@4b8d886f{HTTP/1.1, (http/1.1)}{0.0.0.0:0}
2021-10-01 16:56:12,072 [Time-limited test] INFO  server.session (HouseKeeper.java:stopScavenging(149)) - node0 Stopped scavenging
2021-10-01 16:56:12,074 [Time-limited test] INFO  handler.ContextHandler (ContextHandler.java:doStop(1153)) - Stopped o.e.j.s.ServletContextHandler@f096241{static,/static,jar:file:/home/runner/.m2/repository/org/apache/ozone/hdds-container-service/1.2.0-SNAPSHOT/hdds-container-service-1.2.0-SNAPSHOT.jar!/webapps/static,STOPPED}
2021-10-01 16:56:12,074 [Time-limited test] INFO  handler.ContextHandler (ContextHandler.java:doStop(1153)) - Stopped o.e.j.s.ServletContextHandler@12f61508{logs,/logs,file:///home/runner/work/ozone/ozone/hadoop-ozone/integration-test/target/log,STOPPED}
2021-10-01 16:56:17,065 [ForkJoinPool.commonPool-worker-1] INFO  ozoneimpl.OzoneContainer (OzoneContainer.java:stop(325)) - Attempting to stop container services.
2021-10-01 16:56:17,065 [ForkJoinPool.commonPool-worker-1] INFO  server.RaftServer (RaftServerProxy.java:lambda$close$6(391)) - bd8339b7-19ff-491c-8d62-b494fd289dd0: close
2021-10-01 16:56:17,065 [ForkJoinPool.commonPool-worker-1] INFO  server.RaftServer$Division (RaftServerImpl.java:lambda$close$4(407)) - bd8339b7-19ff-491c-8d62-b494fd289dd0@group-67DC42A0BEC5: shutdown
2021-10-01 16:56:17,066 [ForkJoinPool.commonPool-worker-1] INFO  util.JmxRegister (JmxRegister.java:unregister(73)) - Successfully un-registered JMX Bean with object name Ratis:service=RaftServer,group=group-67DC42A0BEC5,id=bd8339b7-19ff-491c-8d62-b494fd289dd0
2021-10-01 16:56:17,066 [ForkJoinPool.commonPool-worker-1] INFO  impl.RoleInfo (RoleInfo.java:shutdownFollowerState(108)) - bd8339b7-19ff-491c-8d62-b494fd289dd0: shutdown bd8339b7-19ff-491c-8d62-b494fd289dd0@group-67DC42A0BEC5-FollowerState
2021-10-01 16:56:17,066 [ForkJoinPool.commonPool-worker-1] INFO  impl.StateMachineUpdater (StateMachineUpdater.java:stopAndJoin(149)) - bd8339b7-19ff-491c-8d62-b494fd289dd0@group-67DC42A0BEC5-StateMachineUpdater: set stopIndex = 0
2021-10-01 16:56:17,067 [bd8339b7-19ff-491c-8d62-b494fd289dd0@group-67DC42A0BEC5-StateMachineUpdater] INFO  ratis.ContainerStateMachine (ContainerStateMachine.java:takeSnapshot(292)) - group-67DC42A0BEC5: Taking a snapshot at:(t:11, i:0) file /home/runner/work/ozone/ozone/hadoop-ozone/integration-test/target/test-dir/MiniOzoneClusterImpl-def46c0d-8367-4b8c-99dd-0a1bf9c58634/datanode-2/data/ratis/6bef1b5c-5573-4eef-b870-67dc42a0bec5/sm/snapshot.11_0
2021-10-01 16:56:17,067 [bd8339b7-19ff-491c-8d62-b494fd289dd0@group-67DC42A0BEC5-FollowerState] INFO  impl.FollowerState (FollowerState.java:run(143)) - bd8339b7-19ff-491c-8d62-b494fd289dd0@group-67DC42A0BEC5-FollowerState was interrupted: {}
java.lang.InterruptedException: sleep interrupted
	at java.lang.Thread.sleep(Native Method)
	at java.lang.Thread.sleep(Thread.java:340)
	at java.util.concurrent.TimeUnit.sleep(TimeUnit.java:386)
	at org.apache.ratis.util.TimeDuration.sleep(TimeDuration.java:324)
	at org.apache.ratis.util.TimeDuration.sleep(TimeDuration.java:309)
	at org.apache.ratis.server.impl.FollowerState.run(FollowerState.java:118)
2021-10-01 16:56:17,070 [bd8339b7-19ff-491c-8d62-b494fd289dd0@group-67DC42A0BEC5-StateMachineUpdater] INFO  ratis.ContainerStateMachine (ContainerStateMachine.java:takeSnapshot(303)) - group-67DC42A0BEC5: Finished taking a snapshot at:(t:11, i:0) file:/home/runner/work/ozone/ozone/hadoop-ozone/integration-test/target/test-dir/MiniOzoneClusterImpl-def46c0d-8367-4b8c-99dd-0a1bf9c58634/datanode-2/data/ratis/6bef1b5c-5573-4eef-b870-67dc42a0bec5/sm/snapshot.11_0 took: 3 ms
2021-10-01 16:56:17,070 [bd8339b7-19ff-491c-8d62-b494fd289dd0@group-67DC42A0BEC5-StateMachineUpdater] INFO  impl.StateMachineUpdater (StateMachineUpdater.java:takeSnapshot(281)) - bd8339b7-19ff-491c-8d62-b494fd289dd0@group-67DC42A0BEC5-StateMachineUpdater: Took a snapshot at index 0
2021-10-01 16:56:17,070 [bd8339b7-19ff-491c-8d62-b494fd289dd0@group-67DC42A0BEC5-StateMachineUpdater] INFO  impl.StateMachineUpdater (StateMachineUpdater.java:lambda$new$0(89)) - bd8339b7-19ff-491c-8d62-b494fd289dd0@group-67DC42A0BEC5-StateMachineUpdater: snapshotIndex: updateIncreasingly -1 -> 0
2021-10-01 16:56:17,071 [ForkJoinPool.commonPool-worker-1] INFO  server.RaftServer$Division (ServerState.java:close(419)) - bd8339b7-19ff-491c-8d62-b494fd289dd0@group-67DC42A0BEC5: closes. applyIndex: 0
2021-10-01 16:56:17,072 [bd8339b7-19ff-491c-8d62-b494fd289dd0@group-67DC42A0BEC5-SegmentedRaftLogWorker] INFO  segmented.SegmentedRaftLogWorker (SegmentedRaftLogWorker.java:run(327)) - bd8339b7-19ff-491c-8d62-b494fd289dd0@group-67DC42A0BEC5-SegmentedRaftLogWorker was interrupted, exiting. There are 0 tasks remaining in the queue.
2021-10-01 16:56:17,073 [ForkJoinPool.commonPool-worker-1] INFO  segmented.SegmentedRaftLogWorker (SegmentedRaftLogWorker.java:close(237)) - bd8339b7-19ff-491c-8d62-b494fd289dd0@group-67DC42A0BEC5-SegmentedRaftLogWorker close()
2021-10-01 16:56:17,073 [ForkJoinPool.commonPool-worker-1] INFO  server.RaftServer$Division (RaftServerImpl.java:lambda$close$4(407)) - bd8339b7-19ff-491c-8d62-b494fd289dd0@group-FE1425281356: shutdown
2021-10-01 16:56:17,073 [ForkJoinPool.commonPool-worker-1] INFO  util.JmxRegister (JmxRegister.java:unregister(73)) - Successfully un-registered JMX Bean with object name Ratis:service=RaftServer,group=group-FE1425281356,id=bd8339b7-19ff-491c-8d62-b494fd289dd0
2021-10-01 16:56:17,074 [ForkJoinPool.commonPool-worker-1] INFO  impl.RoleInfo (RoleInfo.java:shutdownLeaderState(91)) - bd8339b7-19ff-491c-8d62-b494fd289dd0: shutdown bd8339b7-19ff-491c-8d62-b494fd289dd0@group-FE1425281356-LeaderStateImpl
2021-10-01 16:56:17,074 [ForkJoinPool.commonPool-worker-1] INFO  impl.PendingRequests (PendingRequests.java:sendNotLeaderResponses(282)) - bd8339b7-19ff-491c-8d62-b494fd289dd0@group-FE1425281356-PendingRequests: sendNotLeaderResponses
2021-10-01 16:56:17,074 [ForkJoinPool.commonPool-worker-1] INFO  impl.StateMachineUpdater (StateMachineUpdater.java:stopAndJoin(149)) - bd8339b7-19ff-491c-8d62-b494fd289dd0@group-FE1425281356-StateMachineUpdater: set stopIndex = 0
2021-10-01 16:56:17,074 [bd8339b7-19ff-491c-8d62-b494fd289dd0@group-FE1425281356-StateMachineUpdater] INFO  ratis.ContainerStateMachine (ContainerStateMachine.java:takeSnapshot(292)) - group-FE1425281356: Taking a snapshot at:(t:1, i:0) file /home/runner/work/ozone/ozone/hadoop-ozone/integration-test/target/test-dir/MiniOzoneClusterImpl-def46c0d-8367-4b8c-99dd-0a1bf9c58634/datanode-2/data/ratis/7ea8c4f9-42ab-4058-8fc0-fe1425281356/sm/snapshot.1_0
2021-10-01 16:56:17,076 [bd8339b7-19ff-491c-8d62-b494fd289dd0@group-FE1425281356-StateMachineUpdater] INFO  ratis.ContainerStateMachine (ContainerStateMachine.java:takeSnapshot(303)) - group-FE1425281356: Finished taking a snapshot at:(t:1, i:0) file:/home/runner/work/ozone/ozone/hadoop-ozone/integration-test/target/test-dir/MiniOzoneClusterImpl-def46c0d-8367-4b8c-99dd-0a1bf9c58634/datanode-2/data/ratis/7ea8c4f9-42ab-4058-8fc0-fe1425281356/sm/snapshot.1_0 took: 1 ms
2021-10-01 16:56:17,076 [bd8339b7-19ff-491c-8d62-b494fd289dd0@group-FE1425281356-StateMachineUpdater] INFO  impl.StateMachineUpdater (StateMachineUpdater.java:takeSnapshot(281)) - bd8339b7-19ff-491c-8d62-b494fd289dd0@group-FE1425281356-StateMachineUpdater: Took a snapshot at index 0
2021-10-01 16:56:17,076 [bd8339b7-19ff-491c-8d62-b494fd289dd0@group-FE1425281356-StateMachineUpdater] INFO  impl.StateMachineUpdater (StateMachineUpdater.java:lambda$new$0(89)) - bd8339b7-19ff-491c-8d62-b494fd289dd0@group-FE1425281356-StateMachineUpdater: snapshotIndex: updateIncreasingly -1 -> 0
2021-10-01 16:56:17,077 [ForkJoinPool.commonPool-worker-1] INFO  server.RaftServer$Division (ServerState.java:close(419)) - bd8339b7-19ff-491c-8d62-b494fd289dd0@group-FE1425281356: closes. applyIndex: 0
2021-10-01 16:56:17,077 [bd8339b7-19ff-491c-8d62-b494fd289dd0@group-FE1425281356-SegmentedRaftLogWorker] INFO  segmented.SegmentedRaftLogWorker (SegmentedRaftLogWorker.java:run(327)) - bd8339b7-19ff-491c-8d62-b494fd289dd0@group-FE1425281356-SegmentedRaftLogWorker was interrupted, exiting. There are 0 tasks remaining in the queue.
2021-10-01 16:56:17,077 [ForkJoinPool.commonPool-worker-1] INFO  segmented.SegmentedRaftLogWorker (SegmentedRaftLogWorker.java:close(237)) - bd8339b7-19ff-491c-8d62-b494fd289dd0@group-FE1425281356-SegmentedRaftLogWorker close()
2021-10-01 16:56:17,078 [ForkJoinPool.commonPool-worker-1] INFO  server.GrpcService (GrpcService.java:closeImpl(262)) - bd8339b7-19ff-491c-8d62-b494fd289dd0: shutdown server with port 34869 now
2021-10-01 16:56:17,079 [ForkJoinPool.commonPool-worker-1] INFO  server.GrpcService (GrpcService.java:closeImpl(271)) - bd8339b7-19ff-491c-8d62-b494fd289dd0: shutdown server with port 34869 successfully
2021-10-01 16:56:17,079 [org.apache.ratis.util.JvmPauseMonitor$$Lambda$531/955346937@2def30cb] INFO  util.JvmPauseMonitor (JvmPauseMonitor.java:run(109)) - JvmPauseMonitor-bd8339b7-19ff-491c-8d62-b494fd289dd0: Stopped
2021-10-01 16:56:17,080 [ForkJoinPool.commonPool-worker-1] INFO  utils.BackgroundService (BackgroundService.java:shutdown(132)) - Shutting down service BlockDeletingService
2021-10-01 16:56:20,091 [ForkJoinPool.commonPool-worker-1] INFO  statemachine.DatanodeStateMachine (DatanodeStateMachine.java:stopDaemon(515)) - Ozone container server stopped.
2021-10-01 16:56:20,092 [ForkJoinPool.commonPool-worker-1] INFO  handler.ContextHandler (ContextHandler.java:doStop(1153)) - Stopped o.e.j.w.WebAppContext@6aa1faed{hddsDatanode,/,null,STOPPED}{jar:file:/home/runner/.m2/repository/org/apache/ozone/hdds-container-service/1.2.0-SNAPSHOT/hdds-container-service-1.2.0-SNAPSHOT.jar!/webapps/hddsDatanode}
2021-10-01 16:56:20,095 [ForkJoinPool.commonPool-worker-1] INFO  server.AbstractConnector (AbstractConnector.java:doStop(381)) - Stopped ServerConnector@abbc6ec{HTTP/1.1, (http/1.1)}{0.0.0.0:0}
2021-10-01 16:56:20,095 [ForkJoinPool.commonPool-worker-1] INFO  server.session (HouseKeeper.java:stopScavenging(149)) - node0 Stopped scavenging
2021-10-01 16:56:20,096 [ForkJoinPool.commonPool-worker-1] INFO  handler.ContextHandler (ContextHandler.java:doStop(1153)) - Stopped o.e.j.s.ServletContextHandler@3eebfe93{static,/static,jar:file:/home/runner/.m2/repository/org/apache/ozone/hdds-container-service/1.2.0-SNAPSHOT/hdds-container-service-1.2.0-SNAPSHOT.jar!/webapps/static,STOPPED}
2021-10-01 16:56:20,096 [ForkJoinPool.commonPool-worker-1] INFO  handler.ContextHandler (ContextHandler.java:doStop(1153)) - Stopped o.e.j.s.ServletContextHandler@52860ad4{logs,/logs,file:///home/runner/work/ozone/ozone/hadoop-ozone/integration-test/target/log,STOPPED}
2021-10-01 16:56:20,098 [Time-limited test] INFO  ozone.MiniOzoneClusterImpl (MiniOzoneClusterImpl.java:stopSCM(542)) - Stopping the StorageContainerManager
2021-10-01 16:56:20,098 [Time-limited test] INFO  server.StorageContainerManager (StorageContainerManager.java:stop(1395)) - Stopping Container Balancer service.
2021-10-01 16:56:20,098 [Time-limited test] INFO  balancer.ContainerBalancer (ContainerBalancer.java:stop(742)) - Container Balancer is not running.
2021-10-01 16:56:20,098 [Time-limited test] INFO  server.StorageContainerManager (StorageContainerManager.java:stop(1402)) - Stopping Replication Manager Service.
2021-10-01 16:56:20,098 [Time-limited test] INFO  container.ReplicationManager (ReplicationManager.java:stop(350)) - Stopping Replication Monitor Thread.
2021-10-01 16:56:20,099 [Time-limited test] INFO  server.StorageContainerManager (StorageContainerManager.java:stop(1409)) - Stopping the Datanode Admin Monitor.
2021-10-01 16:56:20,099 [Time-limited test] INFO  server.StorageContainerManager (StorageContainerManager.java:stop(1416)) - Stopping Lease Manager of the command watchers
2021-10-01 16:56:20,099 [Time-limited test] INFO  server.StorageContainerManager (StorageContainerManager.java:stop(1423)) - Stopping datanode service RPC server
2021-10-01 16:56:20,099 [Time-limited test] INFO  server.SCMDatanodeProtocolServer (SCMDatanodeProtocolServer.java:stop(389)) - Stopping the RPC server for DataNodes
2021-10-01 16:56:20,100 [Time-limited test] INFO  ipc.Server (Server.java:stop(3414)) - Stopping server on 44767
2021-10-01 16:56:20,101 [IPC Server Responder] INFO  ipc.Server (Server.java:run(1512)) - Stopping IPC Server Responder
2021-10-01 16:56:20,101 [IPC Server listener on 0] INFO  ipc.Server (Server.java:run(1376)) - Stopping IPC Server listener on 0
2021-10-01 16:56:20,166 [SCM Heartbeat Processing Thread - 0] WARN  node.NodeStateManager (NodeStateManager.java:scheduleNextHealthCheck(799)) - Current Thread is interrupted, shutting down HB processing thread for Node Manager.
2021-10-01 16:56:20,166 [Time-limited test] INFO  server.StorageContainerManager (StorageContainerManager.java:stop(1431)) - Stopping block service RPC server
2021-10-01 16:56:20,166 [Time-limited test] INFO  server.SCMBlockProtocolServer (SCMBlockProtocolServer.java:stop(160)) - Stopping the RPC server for Block Protocol
2021-10-01 16:56:20,166 [Time-limited test] INFO  ipc.Server (Server.java:stop(3414)) - Stopping server on 33957
2021-10-01 16:56:20,168 [IPC Server Responder] INFO  ipc.Server (Server.java:run(1512)) - Stopping IPC Server Responder
2021-10-01 16:56:20,168 [Time-limited test] INFO  server.StorageContainerManager (StorageContainerManager.java:stop(1438)) - Stopping the StorageContainerLocationProtocol RPC server
2021-10-01 16:56:20,169 [Time-limited test] INFO  server.SCMClientProtocolServer (SCMClientProtocolServer.java:stop(173)) - Stopping the RPC server for Client Protocol
2021-10-01 16:56:20,169 [IPC Server listener on 0] INFO  ipc.Server (Server.java:run(1376)) - Stopping IPC Server listener on 0
2021-10-01 16:56:20,169 [Time-limited test] INFO  ipc.Server (Server.java:stop(3414)) - Stopping server on 43853
2021-10-01 16:56:20,174 [Time-limited test] INFO  server.StorageContainerManager (StorageContainerManager.java:stop(1445)) - Stopping Storage Container Manager HTTP server.
2021-10-01 16:56:20,174 [IPC Server listener on 0] INFO  ipc.Server (Server.java:run(1376)) - Stopping IPC Server listener on 0
2021-10-01 16:56:20,174 [IPC Server Responder] INFO  ipc.Server (Server.java:run(1512)) - Stopping IPC Server Responder
2021-10-01 16:56:20,176 [Time-limited test] INFO  handler.ContextHandler (ContextHandler.java:doStop(1153)) - Stopped o.e.j.w.WebAppContext@3545b018{scm,/,null,STOPPED}{file:/home/runner/work/ozone/ozone/hadoop-ozone/integration-test/target/test-classes/webapps/scm}
2021-10-01 16:56:20,187 [Time-limited test] INFO  server.AbstractConnector (AbstractConnector.java:doStop(381)) - Stopped ServerConnector@62d1f9b1{HTTP/1.1, (http/1.1)}{0.0.0.0:0}
2021-10-01 16:56:20,187 [Time-limited test] INFO  server.session (HouseKeeper.java:stopScavenging(149)) - node0 Stopped scavenging
2021-10-01 16:56:20,189 [Time-limited test] INFO  handler.ContextHandler (ContextHandler.java:doStop(1153)) - Stopped o.e.j.s.ServletContextHandler@317cfd0f{static,/static,file:///home/runner/work/ozone/ozone/hadoop-ozone/integration-test/target/test-classes/webapps/static,STOPPED}
2021-10-01 16:56:20,190 [Time-limited test] INFO  handler.ContextHandler (ContextHandler.java:doStop(1153)) - Stopped o.e.j.s.ServletContextHandler@103a3a5d{logs,/logs,file:///home/runner/work/ozone/ozone/hadoop-ozone/integration-test/target/log,STOPPED}
2021-10-01 16:56:20,191 [Time-limited test] INFO  server.StorageContainerManager (StorageContainerManager.java:stop(1456)) - Stopping Block Manager Service.
2021-10-01 16:56:20,191 [Time-limited test] INFO  utils.BackgroundService (BackgroundService.java:shutdown(132)) - Shutting down service SCMBlockDeletingService
2021-10-01 16:56:20,191 [Time-limited test] INFO  utils.BackgroundService (BackgroundService.java:shutdown(132)) - Shutting down service SCMBlockDeletingService
2021-10-01 16:56:20,191 [Time-limited test] INFO  server.StorageContainerManager (StorageContainerManager.java:stop(1483)) - Stopping SCM Event Queue.
2021-10-01 16:56:20,199 [Time-limited test] INFO  server.StorageContainerManager (StorageContainerManager.java:stop(1494)) - Stopping SCM HA services.
2021-10-01 16:56:20,199 [Time-limited test] INFO  pipeline.BackgroundPipelineCreator (BackgroundPipelineCreatorV2.java:stop(158)) - Stopping RatisPipelineUtilsThread.
2021-10-01 16:56:20,199 [Time-limited test] INFO  server.StorageContainerManager (StorageContainerManager.java:stop(1504)) - Stopping SCM MetadataStore.
2021-10-01 16:56:20,200 [Time-limited test] INFO  impl.MetricsSystemImpl (MetricsSystemImpl.java:stop(210)) - Stopping HddsDatanode metrics system...
2021-10-01 16:56:20,201 [prometheus] INFO  impl.MetricsSinkAdapter (MetricsSinkAdapter.java:publishMetricsFromQueue(141)) - prometheus thread interrupted.
2021-10-01 16:56:20,202 [Time-limited test] INFO  impl.MetricsSystemImpl (MetricsSystemImpl.java:stop(216)) - HddsDatanode metrics system stopped.
]]></system-out>
  </testcase>
  <testcase name="testDNstartAfterSCM" classname="org.apache.hadoop.ozone.TestMiniOzoneCluster" time="68.908"/>
  <testcase name="testDatanodeIDPersistent" classname="org.apache.hadoop.ozone.TestMiniOzoneCluster" time="0.123"/>
  <testcase name="testContainerRandomPort" classname="org.apache.hadoop.ozone.TestMiniOzoneCluster" time="19.496"/>
</testsuite>