<?xml version="1.0" encoding="UTF-8"?>
<testsuite xmlns:xsi="http://www.w3.org/2001/XMLSchema-instance" xsi:noNamespaceSchemaLocation="https://maven.apache.org/surefire/maven-surefire-plugin/xsd/surefire-test-report-3.0.xsd" version="3.0" name="org.apache.hadoop.ozone.client.rpc.TestBlockOutputStreamWithFailures" time="292.168" tests="6" errors="1" skipped="0" failures="0">
  <properties>
    <property name="java.specification.version" value="17"/>
    <property name="sun.jnu.encoding" value="UTF-8"/>
    <property name="gradle.enterprise.listener.surefire.forkId" value="1"/>
    <property name="java.class.path" value="/home/runner/work/ozone/ozone/hadoop-ozone/integration-test/target/test-classes:/home/runner/work/ozone/ozone/hadoop-ozone/integration-test/target/classes:/home/runner/work/ozone/ozone/hadoop-ozone/common/target/classes:/home/runner/.m2/repository/io/grpc/grpc-netty/1.58.0/grpc-netty-1.58.0.jar:/home/runner/.m2/repository/io/grpc/grpc-core/1.58.0/grpc-core-1.58.0.jar:/home/runner/.m2/repository/com/google/android/annotations/4.1.1.4/annotations-4.1.1.4.jar:/home/runner/.m2/repository/org/codehaus/mojo/animal-sniffer-annotations/1.23/animal-sniffer-annotations-1.23.jar:/home/runner/.m2/repository/io/grpc/grpc-context/1.58.0/grpc-context-1.58.0.jar:/home/runner/.m2/repository/io/grpc/grpc-util/1.58.0/grpc-util-1.58.0.jar:/home/runner/.m2/repository/com/google/errorprone/error_prone_annotations/2.2.0/error_prone_annotations-2.2.0.jar:/home/runner/.m2/repository/io/perfmark/perfmark-api/0.26.0/perfmark-api-0.26.0.jar:/home/runner/.m2/repository/io/netty/netty-codec-http2/4.1.109.Final/netty-codec-http2-4.1.109.Final.jar:/home/runner/.m2/repository/io/netty/netty-common/4.1.109.Final/netty-common-4.1.109.Final.jar:/home/runner/.m2/repository/io/netty/netty-buffer/4.1.109.Final/netty-buffer-4.1.109.Final.jar:/home/runner/.m2/repository/io/netty/netty-codec-http/4.1.109.Final/netty-codec-http-4.1.109.Final.jar:/home/runner/.m2/repository/io/netty/netty-handler-proxy/4.1.109.Final/netty-handler-proxy-4.1.109.Final.jar:/home/runner/.m2/repository/io/netty/netty-codec-socks/4.1.109.Final/netty-codec-socks-4.1.109.Final.jar:/home/runner/.m2/repository/io/netty/netty-tcnative-boringssl-static/2.0.65.Final/netty-tcnative-boringssl-static-2.0.65.Final.jar:/home/runner/.m2/repository/io/netty/netty-tcnative-classes/2.0.65.Final/netty-tcnative-classes-2.0.65.Final.jar:/home/runner/.m2/repository/io/netty/netty-tcnative-boringssl-static/2.0.65.Final/netty-tcnative-boringssl-static-2.0.65.Final-linux-x86_64.jar:/home/runner/.m2/repository/io/netty/netty-tcnative-boringssl-static/2.0.65.Final/netty-tcnative-boringssl-static-2.0.65.Final-linux-aarch_64.jar:/home/runner/.m2/repository/io/netty/netty-tcnative-boringssl-static/2.0.65.Final/netty-tcnative-boringssl-static-2.0.65.Final-osx-x86_64.jar:/home/runner/.m2/repository/io/netty/netty-tcnative-boringssl-static/2.0.65.Final/netty-tcnative-boringssl-static-2.0.65.Final-osx-aarch_64.jar:/home/runner/.m2/repository/io/netty/netty-tcnative-boringssl-static/2.0.65.Final/netty-tcnative-boringssl-static-2.0.65.Final-windows-x86_64.jar:/home/runner/.m2/repository/org/apache/commons/commons-compress/1.26.0/commons-compress-1.26.0.jar:/home/runner/work/ozone/ozone/hadoop-hdds/common/target/classes:/home/runner/work/ozone/ozone/hadoop-hdds/client/target/classes:/home/runner/work/ozone/ozone/hadoop-ozone/interface-client/target/classes:/home/runner/.m2/repository/org/apache/hadoop/hadoop-hdfs-client/3.3.6/hadoop-hdfs-client-3.3.6.jar:/home/runner/.m2/repository/com/squareup/okhttp3/okhttp/4.12.0/okhttp-4.12.0.jar:/home/runner/.m2/repository/com/squareup/okio/okio/3.6.0/okio-3.6.0.jar:/home/runner/.m2/repository/com/squareup/okio/okio-jvm/3.6.0/okio-jvm-3.6.0.jar:/home/runner/.m2/repository/org/jetbrains/kotlin/kotlin-stdlib-jdk8/1.9.22/kotlin-stdlib-jdk8-1.9.22.jar:/home/runner/.m2/repository/org/jetbrains/kotlin/kotlin-stdlib-jdk7/1.9.22/kotlin-stdlib-jdk7-1.9.22.jar:/home/runner/.m2/repository/org/jetbrains/kotlin/kotlin-stdlib-common/1.9.22/kotlin-stdlib-common-1.9.22.jar:/home/runner/work/ozone/ozone/hadoop-hdds/test-utils/target/classes:/home/runner/.m2/repository/org/assertj/assertj-core/3.12.2/assertj-core-3.12.2.jar:/home/runner/.m2/repository/com/google/guava/guava/32.1.3-jre/guava-32.1.3-jre.jar:/home/runner/.m2/repository/com/google/guava/failureaccess/1.0.1/failureaccess-1.0.1.jar:/home/runner/.m2/repository/com/google/guava/listenablefuture/9999.0-empty-to-avoid-conflict-with-guava/listenablefuture-9999.0-empty-to-avoid-conflict-with-guava.jar:/home/runner/.m2/repository/org/checkerframework/checker-qual/3.37.0/checker-qual-3.37.0.jar:/home/runner/.m2/repository/com/google/j2objc/j2objc-annotations/2.8/j2objc-annotations-2.8.jar:/home/runner/.m2/repository/commons-io/commons-io/2.16.1/commons-io-2.16.1.jar:/home/runner/.m2/repository/commons-logging/commons-logging/1.2/commons-logging-1.2.jar:/home/runner/.m2/repository/org/junit/jupiter/junit-jupiter-api/5.10.2/junit-jupiter-api-5.10.2.jar:/home/runner/.m2/repository/org/opentest4j/opentest4j/1.3.0/opentest4j-1.3.0.jar:/home/runner/.m2/repository/org/junit/platform/junit-platform-commons/1.10.2/junit-platform-commons-1.10.2.jar:/home/runner/.m2/repository/ch/qos/reload4j/reload4j/1.2.25/reload4j-1.2.25.jar:/home/runner/.m2/repository/jakarta/annotation/jakarta.annotation-api/2.1.1/jakarta.annotation-api-2.1.1.jar:/home/runner/.m2/repository/org/slf4j/slf4j-api/2.0.12/slf4j-api-2.0.12.jar:/home/runner/.m2/repository/org/apache/logging/log4j/log4j-api/2.17.1/log4j-api-2.17.1.jar:/home/runner/work/ozone/ozone/hadoop-hdds/server-scm/target/classes:/home/runner/.m2/repository/com/google/protobuf/protobuf-java/2.5.0/protobuf-java-2.5.0.jar:/home/runner/work/ozone/ozone/hadoop-hdds/container-service/target/classes:/home/runner/work/ozone/ozone/hadoop-hdds/hadoop-dependency-server/target/classes:/home/runner/.m2/repository/com/nimbusds/nimbus-jose-jwt/9.37.2/nimbus-jose-jwt-9.37.2.jar:/home/runner/.m2/repository/com/github/stephenc/jcip/jcip-annotations/1.0-1/jcip-annotations-1.0-1.jar:/home/runner/.m2/repository/org/apache/hadoop/hadoop-hdfs/3.3.6/hadoop-hdfs-3.3.6.jar:/home/runner/.m2/repository/commons-daemon/commons-daemon/1.3.4/commons-daemon-1.3.4.jar:/home/runner/.m2/repository/org/apache/kerby/kerb-core/1.0.1/kerb-core-1.0.1.jar:/home/runner/.m2/repository/org/apache/kerby/kerby-pkix/1.0.1/kerby-pkix-1.0.1.jar:/home/runner/.m2/repository/org/apache/kerby/kerby-asn1/1.0.1/kerby-asn1-1.0.1.jar:/home/runner/.m2/repository/org/apache/kerby/kerby-util/1.0.1/kerby-util-1.0.1.jar:/home/runner/.m2/repository/org/apache/kerby/kerb-util/1.0.1/kerb-util-1.0.1.jar:/home/runner/.m2/repository/org/apache/kerby/kerby-config/1.0.1/kerby-config-1.0.1.jar:/home/runner/.m2/repository/org/apache/kerby/kerb-crypto/1.0.1/kerb-crypto-1.0.1.jar:/home/runner/.m2/repository/org/xerial/snappy/snappy-java/1.1.10.5/snappy-java-1.1.10.5.jar:/home/runner/work/ozone/ozone/hadoop-hdds/framework/target/classes:/home/runner/.m2/repository/org/bouncycastle/bcprov-jdk18on/1.78.1/bcprov-jdk18on-1.78.1.jar:/home/runner/.m2/repository/io/dropwizard/metrics/metrics-core/3.2.4/metrics-core-3.2.4.jar:/home/runner/.m2/repository/org/apache/commons/commons-text/1.11.0/commons-text-1.11.0.jar:/home/runner/work/ozone/ozone/hadoop-hdds/framework/target/test-classes:/home/runner/work/ozone/ozone/hadoop-hdds/interface-server/target/classes:/home/runner/work/ozone/ozone/hadoop-hdds/interface-admin/target/classes:/home/runner/work/ozone/ozone/hadoop-hdds/managed-rocksdb/target/classes:/home/runner/.m2/repository/org/rocksdb/rocksdbjni/7.7.3/rocksdbjni-7.7.3.jar:/home/runner/.m2/repository/org/slf4j/slf4j-reload4j/2.0.12/slf4j-reload4j-2.0.12.jar:/home/runner/.m2/repository/org/apache/commons/commons-configuration2/2.10.1/commons-configuration2-2.10.1.jar:/home/runner/.m2/repository/commons-fileupload/commons-fileupload/1.5/commons-fileupload-1.5.jar:/home/runner/.m2/repository/org/apache/logging/log4j/log4j-core/2.17.1/log4j-core-2.17.1.jar:/home/runner/.m2/repository/com/lmax/disruptor/3.4.4/disruptor-3.4.4.jar:/home/runner/.m2/repository/org/eclipse/jetty/jetty-util/9.4.54.v20240208/jetty-util-9.4.54.v20240208.jar:/home/runner/.m2/repository/org/eclipse/jetty/jetty-server/9.4.54.v20240208/jetty-server-9.4.54.v20240208.jar:/home/runner/.m2/repository/org/eclipse/jetty/jetty-http/9.4.54.v20240208/jetty-http-9.4.54.v20240208.jar:/home/runner/.m2/repository/org/eclipse/jetty/jetty-io/9.4.54.v20240208/jetty-io-9.4.54.v20240208.jar:/home/runner/.m2/repository/org/eclipse/jetty/jetty-servlet/9.4.54.v20240208/jetty-servlet-9.4.54.v20240208.jar:/home/runner/.m2/repository/org/eclipse/jetty/jetty-security/9.4.54.v20240208/jetty-security-9.4.54.v20240208.jar:/home/runner/.m2/repository/org/eclipse/jetty/jetty-util-ajax/9.4.54.v20240208/jetty-util-ajax-9.4.54.v20240208.jar:/home/runner/.m2/repository/org/eclipse/jetty/jetty-webapp/9.4.54.v20240208/jetty-webapp-9.4.54.v20240208.jar:/home/runner/.m2/repository/org/eclipse/jetty/jetty-xml/9.4.54.v20240208/jetty-xml-9.4.54.v20240208.jar:/home/runner/.m2/repository/org/apache/ratis/ratis-server/3.0.1/ratis-server-3.0.1.jar:/home/runner/.m2/repository/org/apache/ratis/ratis-thirdparty-misc/1.0.5/ratis-thirdparty-misc-1.0.5.jar:/home/runner/.m2/repository/org/apache/ratis/ratis-proto/3.0.1/ratis-proto-3.0.1.jar:/home/runner/.m2/repository/org/apache/ratis/ratis-common/3.0.1/ratis-common-3.0.1.jar:/home/runner/.m2/repository/org/apache/ratis/ratis-client/3.0.1/ratis-client-3.0.1.jar:/home/runner/.m2/repository/org/apache/ratis/ratis-server-api/3.0.1/ratis-server-api-3.0.1.jar:/home/runner/.m2/repository/org/apache/ratis/ratis-metrics-api/3.0.1/ratis-metrics-api-3.0.1.jar:/home/runner/.m2/repository/org/apache/ratis/ratis-metrics-dropwizard3/3.0.1/ratis-metrics-dropwizard3-3.0.1.jar:/home/runner/.m2/repository/io/prometheus/simpleclient_dropwizard/0.16.0/simpleclient_dropwizard-0.16.0.jar:/home/runner/.m2/repository/io/prometheus/simpleclient/0.16.0/simpleclient-0.16.0.jar:/home/runner/.m2/repository/io/prometheus/simpleclient_common/0.16.0/simpleclient_common-0.16.0.jar:/home/runner/.m2/repository/com/fasterxml/jackson/datatype/jackson-datatype-jsr310/2.16.1/jackson-datatype-jsr310-2.16.1.jar:/home/runner/.m2/repository/com/fasterxml/jackson/core/jackson-core/2.16.1/jackson-core-2.16.1.jar:/home/runner/work/ozone/ozone/hadoop-hdds/rocksdb-checkpoint-differ/target/classes:/home/runner/.m2/repository/org/jgrapht/jgrapht-core/1.4.0/jgrapht-core-1.4.0.jar:/home/runner/.m2/repository/org/jheaps/jheaps/0.11/jheaps-0.11.jar:/home/runner/.m2/repository/org/jgrapht/jgrapht-ext/1.4.0/jgrapht-ext-1.4.0.jar:/home/runner/.m2/repository/com/github/vlsi/mxgraph/jgraphx/3.9.8.1/jgraphx-3.9.8.1.jar:/home/runner/work/ozone/ozone/hadoop-ozone/ozone-manager/target/classes:/home/runner/.m2/repository/org/aspectj/aspectjrt/1.9.7/aspectjrt-1.9.7.jar:/home/runner/.m2/repository/org/aspectj/aspectjweaver/1.9.7/aspectjweaver-1.9.7.jar:/home/runner/work/ozone/ozone/hadoop-hdds/interface-client/target/classes:/home/runner/.m2/repository/org/apache/hadoop/thirdparty/hadoop-shaded-protobuf_3_7/1.1.1/hadoop-shaded-protobuf_3_7-1.1.1.jar:/home/runner/work/ozone/ozone/hadoop-ozone/interface-storage/target/classes:/home/runner/.m2/repository/org/reflections/reflections/0.10.2/reflections-0.10.2.jar:/home/runner/.m2/repository/com/sun/jersey/jersey-client/1.19.4/jersey-client-1.19.4.jar:/home/runner/.m2/repository/org/codehaus/jackson/jackson-core-asl/1.9.13/jackson-core-asl-1.9.13.jar:/home/runner/.m2/repository/org/codehaus/jackson/jackson-mapper-asl/1.9.13/jackson-mapper-asl-1.9.13.jar:/home/runner/.m2/repository/org/codehaus/jackson/jackson-jaxrs/1.9.13/jackson-jaxrs-1.9.13.jar:/home/runner/.m2/repository/org/apache/ranger/ranger-intg/2.3.0/ranger-intg-2.3.0.jar:/home/runner/.m2/repository/org/apache/ranger/ranger-plugins-common/2.3.0/ranger-plugins-common-2.3.0.jar:/home/runner/.m2/repository/commons-lang/commons-lang/2.6/commons-lang-2.6.jar:/home/runner/.m2/repository/org/apache/ranger/ranger-plugins-cred/2.3.0/ranger-plugins-cred-2.3.0.jar:/home/runner/.m2/repository/org/apache/ranger/ranger-plugins-audit/2.3.0/ranger-plugins-audit-2.3.0.jar:/home/runner/.m2/repository/org/eclipse/jetty/jetty-client/9.4.54.v20240208/jetty-client-9.4.54.v20240208.jar:/home/runner/.m2/repository/org/apache/httpcomponents/httpmime/4.5.6/httpmime-4.5.6.jar:/home/runner/.m2/repository/org/apache/httpcomponents/httpcore-nio/4.4.16/httpcore-nio-4.4.16.jar:/home/runner/.m2/repository/org/apache/httpcomponents/httpasyncclient/4.1.3/httpasyncclient-4.1.3.jar:/home/runner/.m2/repository/com/carrotsearch/hppc/0.8.0/hppc-0.8.0.jar:/home/runner/.m2/repository/org/apache/orc/orc-core/1.5.8/orc-core-1.5.8.jar:/home/runner/.m2/repository/net/java/dev/jna/jna/5.2.0/jna-5.2.0.jar:/home/runner/.m2/repository/net/java/dev/jna/jna-platform/5.2.0/jna-platform-5.2.0.jar:/home/runner/.m2/repository/com/kstruct/gethostname4j/0.0.2/gethostname4j-0.0.2.jar:/home/runner/.m2/repository/org/apache/ranger/ranger-plugin-classloader/2.3.0/ranger-plugin-classloader-2.3.0.jar:/home/runner/work/ozone/ozone/hadoop-hdds/rocks-native/target/classes:/home/runner/.m2/repository/org/apache/hadoop/hadoop-minikdc/3.3.6/hadoop-minikdc-3.3.6.jar:/home/runner/.m2/repository/org/apache/kerby/kerb-simplekdc/1.0.1/kerb-simplekdc-1.0.1.jar:/home/runner/.m2/repository/org/apache/kerby/kerb-client/1.0.1/kerb-client-1.0.1.jar:/home/runner/.m2/repository/org/apache/kerby/kerb-common/1.0.1/kerb-common-1.0.1.jar:/home/runner/.m2/repository/org/apache/kerby/token-provider/1.0.1/token-provider-1.0.1.jar:/home/runner/.m2/repository/org/apache/kerby/kerb-admin/1.0.1/kerb-admin-1.0.1.jar:/home/runner/.m2/repository/org/apache/kerby/kerb-server/1.0.1/kerb-server-1.0.1.jar:/home/runner/.m2/repository/org/apache/kerby/kerb-identity/1.0.1/kerb-identity-1.0.1.jar:/home/runner/.m2/repository/org/apache/kerby/kerby-xdr/1.0.1/kerby-xdr-1.0.1.jar:/home/runner/.m2/repository/junit/junit/4.13.2/junit-4.13.2.jar:/home/runner/.m2/repository/org/hamcrest/hamcrest-core/1.3/hamcrest-core-1.3.jar:/home/runner/work/ozone/ozone/hadoop-ozone/s3gateway/target/classes:/home/runner/.m2/repository/org/javassist/javassist/3.30.2-GA/javassist-3.30.2-GA.jar:/home/runner/.m2/repository/org/jboss/weld/servlet/weld-servlet-shaded/3.1.9.Final/weld-servlet-shaded-3.1.9.Final.jar:/home/runner/.m2/repository/org/glassfish/jersey/containers/jersey-container-servlet-core/2.42/jersey-container-servlet-core-2.42.jar:/home/runner/.m2/repository/org/glassfish/hk2/external/jakarta.inject/2.6.1/jakarta.inject-2.6.1.jar:/home/runner/.m2/repository/org/glassfish/jersey/core/jersey-common/2.42/jersey-common-2.42.jar:/home/runner/.m2/repository/jakarta/ws/rs/jakarta.ws.rs-api/2.1.6/jakarta.ws.rs-api-2.1.6.jar:/home/runner/.m2/repository/org/glassfish/jersey/ext/cdi/jersey-cdi1x/2.42/jersey-cdi1x-2.42.jar:/home/runner/.m2/repository/org/glassfish/jersey/inject/jersey-hk2/2.42/jersey-hk2-2.42.jar:/home/runner/.m2/repository/org/glassfish/hk2/hk2-locator/2.6.1/hk2-locator-2.6.1.jar:/home/runner/.m2/repository/org/glassfish/jersey/media/jersey-media-jaxb/2.42/jersey-media-jaxb-2.42.jar:/home/runner/.m2/repository/org/glassfish/hk2/osgi-resource-locator/1.0.3/osgi-resource-locator-1.0.3.jar:/home/runner/.m2/repository/org/glassfish/hk2/hk2-api/2.6.1/hk2-api-2.6.1.jar:/home/runner/.m2/repository/org/glassfish/hk2/hk2-utils/2.6.1/hk2-utils-2.6.1.jar:/home/runner/.m2/repository/org/glassfish/hk2/external/aopalliance-repackaged/2.6.1/aopalliance-repackaged-2.6.1.jar:/home/runner/.m2/repository/com/fasterxml/jackson/dataformat/jackson-dataformat-xml/2.16.1/jackson-dataformat-xml-2.16.1.jar:/home/runner/.m2/repository/org/codehaus/woodstox/stax2-api/4.2.2/stax2-api-4.2.2.jar:/home/runner/.m2/repository/com/fasterxml/woodstox/woodstox-core/5.4.0/woodstox-core-5.4.0.jar:/home/runner/.m2/repository/com/fasterxml/jackson/module/jackson-module-jaxb-annotations/2.16.1/jackson-module-jaxb-annotations-2.16.1.jar:/home/runner/.m2/repository/javax/enterprise/cdi-api/2.0/cdi-api-2.0.jar:/home/runner/.m2/repository/javax/el/javax.el-api/3.0.0/javax.el-api-3.0.0.jar:/home/runner/.m2/repository/javax/interceptor/javax.interceptor-api/1.2/javax.interceptor-api-1.2.jar:/home/runner/.m2/repository/javax/inject/javax.inject/1/javax.inject-1.jar:/home/runner/.m2/repository/jakarta/xml/bind/jakarta.xml.bind-api/2.3.3/jakarta.xml.bind-api-2.3.3.jar:/home/runner/.m2/repository/org/glassfish/jaxb/jaxb-runtime/2.3.9/jaxb-runtime-2.3.9.jar:/home/runner/.m2/repository/org/glassfish/jaxb/txw2/2.3.9/txw2-2.3.9.jar:/home/runner/.m2/repository/com/sun/istack/istack-commons-runtime/3.0.12/istack-commons-runtime-3.0.12.jar:/home/runner/.m2/repository/com/sun/activation/jakarta.activation/1.2.2/jakarta.activation-1.2.2.jar:/home/runner/.m2/repository/jakarta/activation/jakarta.activation-api/1.2.2/jakarta.activation-api-1.2.2.jar:/home/runner/.m2/repository/io/grpc/grpc-protobuf/1.58.0/grpc-protobuf-1.58.0.jar:/home/runner/.m2/repository/com/google/api/grpc/proto-google-common-protos/2.22.0/proto-google-common-protos-2.22.0.jar:/home/runner/.m2/repository/io/grpc/grpc-protobuf-lite/1.58.0/grpc-protobuf-lite-1.58.0.jar:/home/runner/.m2/repository/io/grpc/grpc-stub/1.58.0/grpc-stub-1.58.0.jar:/home/runner/.m2/repository/io/netty/netty-transport/4.1.109.Final/netty-transport-4.1.109.Final.jar:/home/runner/.m2/repository/io/netty/netty-resolver/4.1.109.Final/netty-resolver-4.1.109.Final.jar:/home/runner/work/ozone/ozone/hadoop-ozone/csi/target/classes:/home/runner/.m2/repository/com/google/protobuf/protobuf-java-util/3.19.6/protobuf-java-util-3.19.6.jar:/home/runner/.m2/repository/com/google/code/gson/gson/2.10.1/gson-2.10.1.jar:/home/runner/work/ozone/ozone/hadoop-hdds/config/target/classes:/home/runner/.m2/repository/io/netty/netty-transport-native-epoll/4.1.109.Final/netty-transport-native-epoll-4.1.109.Final-linux-x86_64.jar:/home/runner/.m2/repository/io/netty/netty-transport-classes-epoll/4.1.109.Final/netty-transport-classes-epoll-4.1.109.Final.jar:/home/runner/.m2/repository/io/netty/netty-transport-native-unix-common/4.1.109.Final/netty-transport-native-unix-common-4.1.109.Final.jar:/home/runner/work/ozone/ozone/hadoop-ozone/recon/target/classes:/home/runner/work/ozone/ozone/hadoop-ozone/recon-codegen/target/classes:/home/runner/.m2/repository/com/google/inject/guice/6.0.0/guice-6.0.0.jar:/home/runner/.m2/repository/jakarta/inject/jakarta.inject-api/2.0.1/jakarta.inject-api-2.0.1.jar:/home/runner/.m2/repository/aopalliance/aopalliance/1.0/aopalliance-1.0.jar:/home/runner/.m2/repository/com/google/inject/extensions/guice-assistedinject/6.0.0/guice-assistedinject-6.0.0.jar:/home/runner/.m2/repository/com/google/inject/extensions/guice-servlet/6.0.0/guice-servlet-6.0.0.jar:/home/runner/.m2/repository/org/glassfish/jersey/containers/jersey-container-servlet/2.42/jersey-container-servlet-2.42.jar:/home/runner/.m2/repository/org/glassfish/hk2/guice-bridge/2.6.1/guice-bridge-2.6.1.jar:/home/runner/.m2/repository/org/glassfish/jersey/core/jersey-server/2.42/jersey-server-2.42.jar:/home/runner/.m2/repository/org/glassfish/jersey/core/jersey-client/2.42/jersey-client-2.42.jar:/home/runner/.m2/repository/jakarta/validation/jakarta.validation-api/2.0.2/jakarta.validation-api-2.0.2.jar:/home/runner/.m2/repository/org/glassfish/jersey/media/jersey-media-json-jackson/2.42/jersey-media-json-jackson-2.42.jar:/home/runner/.m2/repository/org/glassfish/jersey/ext/jersey-entity-filtering/2.42/jersey-entity-filtering-2.42.jar:/home/runner/.m2/repository/org/jooq/jooq/3.11.10/jooq-3.11.10.jar:/home/runner/.m2/repository/org/jooq/jooq-meta/3.11.10/jooq-meta-3.11.10.jar:/home/runner/.m2/repository/org/jooq/jooq-codegen/3.11.10/jooq-codegen-3.11.10.jar:/home/runner/.m2/repository/com/jolbox/bonecp/0.8.0.RELEASE/bonecp-0.8.0.RELEASE.jar:/home/runner/.m2/repository/org/apache/derby/derby/10.14.2.0/derby-10.14.2.0.jar:/home/runner/.m2/repository/org/xerial/sqlite-jdbc/3.44.1.0/sqlite-jdbc-3.44.1.0.jar:/home/runner/.m2/repository/org/springframework/spring-jdbc/5.3.27/spring-jdbc-5.3.27.jar:/home/runner/.m2/repository/org/springframework/spring-beans/5.3.27/spring-beans-5.3.27.jar:/home/runner/.m2/repository/org/springframework/spring-core/5.3.27/spring-core-5.3.27.jar:/home/runner/.m2/repository/org/springframework/spring-tx/5.3.27/spring-tx-5.3.27.jar:/home/runner/work/ozone/ozone/hadoop-ozone/client/target/classes:/home/runner/work/ozone/ozone/hadoop-hdds/erasurecode/target/classes:/home/runner/work/ozone/ozone/hadoop-ozone/ozonefs/target/classes:/home/runner/work/ozone/ozone/hadoop-ozone/ozonefs-common/target/classes:/home/runner/work/ozone/ozone/hadoop-ozone/tools/target/classes:/home/runner/.m2/repository/com/amazonaws/aws-java-sdk-core/1.12.661/aws-java-sdk-core-1.12.661.jar:/home/runner/.m2/repository/org/apache/httpcomponents/httpclient/4.5.14/httpclient-4.5.14.jar:/home/runner/.m2/repository/org/apache/httpcomponents/httpcore/4.4.16/httpcore-4.4.16.jar:/home/runner/.m2/repository/com/fasterxml/jackson/dataformat/jackson-dataformat-cbor/2.16.1/jackson-dataformat-cbor-2.16.1.jar:/home/runner/.m2/repository/joda-time/joda-time/2.12.7/joda-time-2.12.7.jar:/home/runner/.m2/repository/com/amazonaws/aws-java-sdk-s3/1.12.661/aws-java-sdk-s3-1.12.661.jar:/home/runner/.m2/repository/com/amazonaws/aws-java-sdk-kms/1.12.661/aws-java-sdk-kms-1.12.661.jar:/home/runner/.m2/repository/com/amazonaws/jmespath-java/1.12.661/jmespath-java-1.12.661.jar:/home/runner/.m2/repository/org/kohsuke/metainf-services/metainf-services/1.11/metainf-services-1.11.jar:/home/runner/work/ozone/ozone/hadoop-hdds/tools/target/classes:/home/runner/.m2/repository/org/apache/ratis/ratis-tools/3.0.1/ratis-tools-3.0.1.jar:/home/runner/.m2/repository/commons-cli/commons-cli/1.6.0/commons-cli-1.6.0.jar:/home/runner/.m2/repository/org/apache/commons/commons-lang3/3.14.0/commons-lang3-3.14.0.jar:/home/runner/work/ozone/ozone/hadoop-ozone/ozone-manager/target/test-classes:/home/runner/work/ozone/ozone/hadoop-hdds/common/target/test-classes:/home/runner/work/ozone/ozone/hadoop-hdds/hadoop-dependency-client/target/classes:/home/runner/.m2/repository/info/picocli/picocli/4.7.5/picocli-4.7.5.jar:/home/runner/.m2/repository/com/fasterxml/jackson/core/jackson-annotations/2.16.1/jackson-annotations-2.16.1.jar:/home/runner/work/ozone/ozone/hadoop-hdds/annotations/target/classes:/home/runner/.m2/repository/javax/annotation/javax.annotation-api/1.3.2/javax.annotation-api-1.3.2.jar:/home/runner/.m2/repository/org/apache/ratis/ratis-netty/3.0.1/ratis-netty-3.0.1.jar:/home/runner/.m2/repository/org/apache/ratis/ratis-grpc/3.0.1/ratis-grpc-3.0.1.jar:/home/runner/.m2/repository/org/bouncycastle/bcpkix-jdk18on/1.78.1/bcpkix-jdk18on-1.78.1.jar:/home/runner/.m2/repository/org/bouncycastle/bcutil-jdk18on/1.78.1/bcutil-jdk18on-1.78.1.jar:/home/runner/.m2/repository/commons-validator/commons-validator/1.6/commons-validator-1.6.jar:/home/runner/.m2/repository/commons-beanutils/commons-beanutils/1.9.4/commons-beanutils-1.9.4.jar:/home/runner/.m2/repository/commons-digester/commons-digester/1.8.1/commons-digester-1.8.1.jar:/home/runner/.m2/repository/commons-collections/commons-collections/3.2.2/commons-collections-3.2.2.jar:/home/runner/.m2/repository/io/jaegertracing/jaeger-client/1.8.1/jaeger-client-1.8.1.jar:/home/runner/.m2/repository/io/jaegertracing/jaeger-thrift/1.8.1/jaeger-thrift-1.8.1.jar:/home/runner/.m2/repository/org/apache/thrift/libthrift/0.15.0/libthrift-0.15.0.jar:/home/runner/.m2/repository/io/jaegertracing/jaeger-core/1.8.1/jaeger-core-1.8.1.jar:/home/runner/.m2/repository/io/jaegertracing/jaeger-tracerresolver/1.8.1/jaeger-tracerresolver-1.8.1.jar:/home/runner/.m2/repository/io/opentracing/contrib/opentracing-tracerresolver/0.1.8/opentracing-tracerresolver-0.1.8.jar:/home/runner/.m2/repository/org/jetbrains/kotlin/kotlin-stdlib/1.9.22/kotlin-stdlib-1.9.22.jar:/home/runner/.m2/repository/org/jetbrains/annotations/13.0/annotations-13.0.jar:/home/runner/.m2/repository/io/opentracing/opentracing-util/0.33.0/opentracing-util-0.33.0.jar:/home/runner/.m2/repository/io/opentracing/opentracing-api/0.33.0/opentracing-api-0.33.0.jar:/home/runner/.m2/repository/io/opentracing/opentracing-noop/0.33.0/opentracing-noop-0.33.0.jar:/home/runner/.m2/repository/org/yaml/snakeyaml/2.0/snakeyaml-2.0.jar:/home/runner/.m2/repository/io/grpc/grpc-api/1.58.0/grpc-api-1.58.0.jar:/home/runner/.m2/repository/org/junit/platform/junit-platform-launcher/1.10.2/junit-platform-launcher-1.10.2.jar:/home/runner/.m2/repository/org/junit/platform/junit-platform-engine/1.10.2/junit-platform-engine-1.10.2.jar:/home/runner/.m2/repository/org/apiguardian/apiguardian-api/1.1.2/apiguardian-api-1.1.2.jar:/home/runner/.m2/repository/org/apache/hadoop/hadoop-kms/3.3.6/hadoop-kms-3.3.6.jar:/home/runner/.m2/repository/org/apache/hadoop/hadoop-auth/3.3.6/hadoop-auth-3.3.6.jar:/home/runner/.m2/repository/org/apache/zookeeper/zookeeper/3.8.4/zookeeper-3.8.4.jar:/home/runner/.m2/repository/org/apache/zookeeper/zookeeper-jute/3.8.4/zookeeper-jute-3.8.4.jar:/home/runner/.m2/repository/org/apache/yetus/audience-annotations/0.12.0/audience-annotations-0.12.0.jar:/home/runner/.m2/repository/org/apache/curator/curator-framework/4.2.0/curator-framework-4.2.0.jar:/home/runner/.m2/repository/org/apache/hadoop/thirdparty/hadoop-shaded-guava/1.2.0/hadoop-shaded-guava-1.2.0.jar:/home/runner/.m2/repository/com/sun/jersey/jersey-core/1.19.4/jersey-core-1.19.4.jar:/home/runner/.m2/repository/javax/ws/rs/jsr311-api/1.1.1/jsr311-api-1.1.1.jar:/home/runner/.m2/repository/com/sun/jersey/jersey-server/1.19.4/jersey-server-1.19.4.jar:/home/runner/.m2/repository/javax/servlet/javax.servlet-api/3.1.0/javax.servlet-api-3.1.0.jar:/home/runner/.m2/repository/org/apache/hadoop/hadoop-common/3.3.6/hadoop-common-3.3.6.jar:/home/runner/.m2/repository/org/apache/commons/commons-math3/3.6.1/commons-math3-3.6.1.jar:/home/runner/.m2/repository/commons-net/commons-net/3.10.0/commons-net-3.10.0.jar:/home/runner/.m2/repository/com/sun/jersey/jersey-servlet/1.19.4/jersey-servlet-1.19.4.jar:/home/runner/.m2/repository/com/github/pjfanning/jersey-json/1.20/jersey-json-1.20.jar:/home/runner/.m2/repository/org/codehaus/jettison/jettison/1.1/jettison-1.1.jar:/home/runner/.m2/repository/com/sun/xml/bind/jaxb-impl/2.2.3-1/jaxb-impl-2.2.3-1.jar:/home/runner/.m2/repository/com/google/re2j/re2j/1.7/re2j-1.7.jar:/home/runner/.m2/repository/com/jcraft/jsch/0.1.55/jsch-0.1.55.jar:/home/runner/.m2/repository/org/apache/curator/curator-client/4.2.0/curator-client-4.2.0.jar:/home/runner/.m2/repository/org/apache/curator/curator-recipes/5.2.0/curator-recipes-5.2.0.jar:/home/runner/.m2/repository/com/google/code/findbugs/jsr305/3.0.2/jsr305-3.0.2.jar:/home/runner/.m2/repository/dnsjava/dnsjava/2.1.9/dnsjava-2.1.9.jar:/home/runner/.m2/repository/com/fasterxml/jackson/core/jackson-databind/2.16.1/jackson-databind-2.16.1.jar:/home/runner/.m2/repository/org/apache/hadoop/hadoop-kms/3.3.6/hadoop-kms-3.3.6-tests.jar:/home/runner/work/ozone/ozone/hadoop-hdds/server-scm/target/test-classes:/home/runner/work/ozone/ozone/hadoop-hdds/container-service/target/test-classes:/home/runner/.m2/repository/com/github/luben/zstd-jni/1.5.6-2/zstd-jni-1.5.6-2.jar:/home/runner/.m2/repository/commons-codec/commons-codec/1.15/commons-codec-1.15.jar:/home/runner/.m2/repository/io/netty/netty-codec/4.1.109.Final/netty-codec-4.1.109.Final.jar:/home/runner/.m2/repository/io/netty/netty-handler/4.1.109.Final/netty-handler-4.1.109.Final.jar:/home/runner/work/ozone/ozone/hadoop-hdds/hadoop-dependency-test/target/classes:/home/runner/.m2/repository/org/apache/hadoop/hadoop-common/3.3.6/hadoop-common-3.3.6-tests.jar:/home/runner/.m2/repository/org/apache/hadoop/hadoop-hdfs/3.3.6/hadoop-hdfs-3.3.6-tests.jar:/home/runner/.m2/repository/org/junit/jupiter/junit-jupiter-engine/5.10.2/junit-jupiter-engine-5.10.2.jar:/home/runner/.m2/repository/org/junit/jupiter/junit-jupiter-params/5.10.2/junit-jupiter-params-5.10.2.jar:/home/runner/.m2/repository/org/mockito/mockito-core/4.11.0/mockito-core-4.11.0.jar:/home/runner/.m2/repository/net/bytebuddy/byte-buddy/1.12.19/byte-buddy-1.12.19.jar:/home/runner/.m2/repository/net/bytebuddy/byte-buddy-agent/1.12.19/byte-buddy-agent-1.12.19.jar:/home/runner/.m2/repository/org/objenesis/objenesis/3.3/objenesis-3.3.jar:/home/runner/.m2/repository/org/mockito/mockito-inline/4.11.0/mockito-inline-4.11.0.jar:/home/runner/.m2/repository/org/mockito/mockito-junit-jupiter/4.11.0/mockito-junit-jupiter-4.11.0.jar:/home/runner/.m2/repository/org/apache/hadoop/hadoop-distcp/3.3.6/hadoop-distcp-3.3.6.jar:/home/runner/.m2/repository/org/apache/hadoop/hadoop-mapreduce-client-jobclient/3.3.6/hadoop-mapreduce-client-jobclient-3.3.6.jar:/home/runner/.m2/repository/org/apache/hadoop/hadoop-mapreduce-client-common/3.3.6/hadoop-mapreduce-client-common-3.3.6.jar:/home/runner/.m2/repository/org/apache/hadoop/hadoop-yarn-common/3.3.6/hadoop-yarn-common-3.3.6.jar:/home/runner/.m2/repository/org/apache/hadoop/hadoop-yarn-api/3.3.6/hadoop-yarn-api-3.3.6.jar:/home/runner/.m2/repository/javax/xml/bind/jaxb-api/2.2.11/jaxb-api-2.2.11.jar:/home/runner/.m2/repository/com/sun/jersey/contribs/jersey-guice/1.19.4/jersey-guice-1.19.4.jar:/home/runner/.m2/repository/com/fasterxml/jackson/jaxrs/jackson-jaxrs-json-provider/2.16.1/jackson-jaxrs-json-provider-2.16.1.jar:/home/runner/.m2/repository/com/fasterxml/jackson/jaxrs/jackson-jaxrs-base/2.16.1/jackson-jaxrs-base-2.16.1.jar:/home/runner/.m2/repository/org/apache/hadoop/hadoop-yarn-client/3.3.6/hadoop-yarn-client-3.3.6.jar:/home/runner/.m2/repository/org/eclipse/jetty/websocket/websocket-client/9.4.51.v20230217/websocket-client-9.4.51.v20230217.jar:/home/runner/.m2/repository/org/eclipse/jetty/websocket/websocket-common/9.4.51.v20230217/websocket-common-9.4.51.v20230217.jar:/home/runner/.m2/repository/org/eclipse/jetty/websocket/websocket-api/9.4.51.v20230217/websocket-api-9.4.51.v20230217.jar:/home/runner/.m2/repository/org/jline/jline/3.9.0/jline-3.9.0.jar:/home/runner/.m2/repository/org/apache/hadoop/hadoop-mapreduce-client-core/3.3.6/hadoop-mapreduce-client-core-3.3.6.jar:/home/runner/.m2/repository/org/apache/avro/avro/1.7.7/avro-1.7.7.jar:/home/runner/.m2/repository/com/thoughtworks/paranamer/paranamer/2.3/paranamer-2.3.jar:/home/runner/.m2/repository/org/apache/hadoop/hadoop-annotations/3.3.6/hadoop-annotations-3.3.6.jar:/home/runner/.m2/repository/io/netty/netty/3.10.6.Final/netty-3.10.6.Final.jar:/home/runner/.m2/repository/org/apache/hadoop/hadoop-distcp/3.3.6/hadoop-distcp-3.3.6-tests.jar:/home/runner/.m2/repository/org/hamcrest/hamcrest/2.2/hamcrest-2.2.jar:/home/runner/.m2/repository/org/slf4j/jul-to-slf4j/2.0.12/jul-to-slf4j-2.0.12.jar:/home/runner/work/ozone/ozone/hadoop-ozone/integration-test/target/gradle-enterprise/test-listeners.jar:"/>
    <property name="java.vm.vendor" value="Eclipse Adoptium"/>
    <property name="sun.arch.data.model" value="64"/>
    <property name="test.build.dir" value="/home/runner/work/ozone/ozone/hadoop-ozone/integration-test/target/test-dir"/>
    <property name="test.cache.data" value=""/>
    <property name="java.vendor.url" value="https://adoptium.net/"/>
    <property name="user.timezone" value="Etc/UTC"/>
    <property name="maven-surefire-plugin.argLineAccessArgs" value=" --add-opens java.management/com.sun.jmx.mbeanserver=ALL-UNNAMED --add-exports java.management/com.sun.jmx.mbeanserver=ALL-UNNAMED --add-opens java.base/java.nio=ALL-UNNAMED --add-opens java.base/java.lang=ALL-UNNAMED --add-opens java.base/java.lang.reflect=ALL-UNNAMED"/>
    <property name="os.name" value="Linux"/>
    <property name="java.vm.specification.version" value="17"/>
    <property name="test.build.data" value="/home/runner/work/ozone/ozone/hadoop-ozone/integration-test/target/test-dir"/>
    <property name="sun.java.launcher" value="SUN_STANDARD"/>
    <property name="sun.boot.library.path" value="/usr/lib/jvm/temurin-17-jdk-amd64/lib"/>
    <property name="sun.java.command" value="/home/runner/work/ozone/ozone/hadoop-ozone/integration-test/target/surefire/surefirebooter332460414341491780.jar /home/runner/work/ozone/ozone/hadoop-ozone/integration-test/target/surefire 2024-05-04T14-02-13_592-jvmRun1 surefire11025160812840626150tmp surefire_2916581346793182244032tmp"/>
    <property name="jdk.debug" value="release"/>
    <property name="native.lib.tmp.dir" value="/tmp"/>
    <property name="surefire.test.class.path" value="/home/runner/work/ozone/ozone/hadoop-ozone/integration-test/target/test-classes:/home/runner/work/ozone/ozone/hadoop-ozone/integration-test/target/classes:/home/runner/work/ozone/ozone/hadoop-ozone/common/target/classes:/home/runner/.m2/repository/io/grpc/grpc-netty/1.58.0/grpc-netty-1.58.0.jar:/home/runner/.m2/repository/io/grpc/grpc-core/1.58.0/grpc-core-1.58.0.jar:/home/runner/.m2/repository/com/google/android/annotations/4.1.1.4/annotations-4.1.1.4.jar:/home/runner/.m2/repository/org/codehaus/mojo/animal-sniffer-annotations/1.23/animal-sniffer-annotations-1.23.jar:/home/runner/.m2/repository/io/grpc/grpc-context/1.58.0/grpc-context-1.58.0.jar:/home/runner/.m2/repository/io/grpc/grpc-util/1.58.0/grpc-util-1.58.0.jar:/home/runner/.m2/repository/com/google/errorprone/error_prone_annotations/2.2.0/error_prone_annotations-2.2.0.jar:/home/runner/.m2/repository/io/perfmark/perfmark-api/0.26.0/perfmark-api-0.26.0.jar:/home/runner/.m2/repository/io/netty/netty-codec-http2/4.1.109.Final/netty-codec-http2-4.1.109.Final.jar:/home/runner/.m2/repository/io/netty/netty-common/4.1.109.Final/netty-common-4.1.109.Final.jar:/home/runner/.m2/repository/io/netty/netty-buffer/4.1.109.Final/netty-buffer-4.1.109.Final.jar:/home/runner/.m2/repository/io/netty/netty-codec-http/4.1.109.Final/netty-codec-http-4.1.109.Final.jar:/home/runner/.m2/repository/io/netty/netty-handler-proxy/4.1.109.Final/netty-handler-proxy-4.1.109.Final.jar:/home/runner/.m2/repository/io/netty/netty-codec-socks/4.1.109.Final/netty-codec-socks-4.1.109.Final.jar:/home/runner/.m2/repository/io/netty/netty-tcnative-boringssl-static/2.0.65.Final/netty-tcnative-boringssl-static-2.0.65.Final.jar:/home/runner/.m2/repository/io/netty/netty-tcnative-classes/2.0.65.Final/netty-tcnative-classes-2.0.65.Final.jar:/home/runner/.m2/repository/io/netty/netty-tcnative-boringssl-static/2.0.65.Final/netty-tcnative-boringssl-static-2.0.65.Final-linux-x86_64.jar:/home/runner/.m2/repository/io/netty/netty-tcnative-boringssl-static/2.0.65.Final/netty-tcnative-boringssl-static-2.0.65.Final-linux-aarch_64.jar:/home/runner/.m2/repository/io/netty/netty-tcnative-boringssl-static/2.0.65.Final/netty-tcnative-boringssl-static-2.0.65.Final-osx-x86_64.jar:/home/runner/.m2/repository/io/netty/netty-tcnative-boringssl-static/2.0.65.Final/netty-tcnative-boringssl-static-2.0.65.Final-osx-aarch_64.jar:/home/runner/.m2/repository/io/netty/netty-tcnative-boringssl-static/2.0.65.Final/netty-tcnative-boringssl-static-2.0.65.Final-windows-x86_64.jar:/home/runner/.m2/repository/org/apache/commons/commons-compress/1.26.0/commons-compress-1.26.0.jar:/home/runner/work/ozone/ozone/hadoop-hdds/common/target/classes:/home/runner/work/ozone/ozone/hadoop-hdds/client/target/classes:/home/runner/work/ozone/ozone/hadoop-ozone/interface-client/target/classes:/home/runner/.m2/repository/org/apache/hadoop/hadoop-hdfs-client/3.3.6/hadoop-hdfs-client-3.3.6.jar:/home/runner/.m2/repository/com/squareup/okhttp3/okhttp/4.12.0/okhttp-4.12.0.jar:/home/runner/.m2/repository/com/squareup/okio/okio/3.6.0/okio-3.6.0.jar:/home/runner/.m2/repository/com/squareup/okio/okio-jvm/3.6.0/okio-jvm-3.6.0.jar:/home/runner/.m2/repository/org/jetbrains/kotlin/kotlin-stdlib-jdk8/1.9.22/kotlin-stdlib-jdk8-1.9.22.jar:/home/runner/.m2/repository/org/jetbrains/kotlin/kotlin-stdlib-jdk7/1.9.22/kotlin-stdlib-jdk7-1.9.22.jar:/home/runner/.m2/repository/org/jetbrains/kotlin/kotlin-stdlib-common/1.9.22/kotlin-stdlib-common-1.9.22.jar:/home/runner/work/ozone/ozone/hadoop-hdds/test-utils/target/classes:/home/runner/.m2/repository/org/assertj/assertj-core/3.12.2/assertj-core-3.12.2.jar:/home/runner/.m2/repository/com/google/guava/guava/32.1.3-jre/guava-32.1.3-jre.jar:/home/runner/.m2/repository/com/google/guava/failureaccess/1.0.1/failureaccess-1.0.1.jar:/home/runner/.m2/repository/com/google/guava/listenablefuture/9999.0-empty-to-avoid-conflict-with-guava/listenablefuture-9999.0-empty-to-avoid-conflict-with-guava.jar:/home/runner/.m2/repository/org/checkerframework/checker-qual/3.37.0/checker-qual-3.37.0.jar:/home/runner/.m2/repository/com/google/j2objc/j2objc-annotations/2.8/j2objc-annotations-2.8.jar:/home/runner/.m2/repository/commons-io/commons-io/2.16.1/commons-io-2.16.1.jar:/home/runner/.m2/repository/commons-logging/commons-logging/1.2/commons-logging-1.2.jar:/home/runner/.m2/repository/org/junit/jupiter/junit-jupiter-api/5.10.2/junit-jupiter-api-5.10.2.jar:/home/runner/.m2/repository/org/opentest4j/opentest4j/1.3.0/opentest4j-1.3.0.jar:/home/runner/.m2/repository/org/junit/platform/junit-platform-commons/1.10.2/junit-platform-commons-1.10.2.jar:/home/runner/.m2/repository/ch/qos/reload4j/reload4j/1.2.25/reload4j-1.2.25.jar:/home/runner/.m2/repository/jakarta/annotation/jakarta.annotation-api/2.1.1/jakarta.annotation-api-2.1.1.jar:/home/runner/.m2/repository/org/slf4j/slf4j-api/2.0.12/slf4j-api-2.0.12.jar:/home/runner/.m2/repository/org/apache/logging/log4j/log4j-api/2.17.1/log4j-api-2.17.1.jar:/home/runner/work/ozone/ozone/hadoop-hdds/server-scm/target/classes:/home/runner/.m2/repository/com/google/protobuf/protobuf-java/2.5.0/protobuf-java-2.5.0.jar:/home/runner/work/ozone/ozone/hadoop-hdds/container-service/target/classes:/home/runner/work/ozone/ozone/hadoop-hdds/hadoop-dependency-server/target/classes:/home/runner/.m2/repository/com/nimbusds/nimbus-jose-jwt/9.37.2/nimbus-jose-jwt-9.37.2.jar:/home/runner/.m2/repository/com/github/stephenc/jcip/jcip-annotations/1.0-1/jcip-annotations-1.0-1.jar:/home/runner/.m2/repository/org/apache/hadoop/hadoop-hdfs/3.3.6/hadoop-hdfs-3.3.6.jar:/home/runner/.m2/repository/commons-daemon/commons-daemon/1.3.4/commons-daemon-1.3.4.jar:/home/runner/.m2/repository/org/apache/kerby/kerb-core/1.0.1/kerb-core-1.0.1.jar:/home/runner/.m2/repository/org/apache/kerby/kerby-pkix/1.0.1/kerby-pkix-1.0.1.jar:/home/runner/.m2/repository/org/apache/kerby/kerby-asn1/1.0.1/kerby-asn1-1.0.1.jar:/home/runner/.m2/repository/org/apache/kerby/kerby-util/1.0.1/kerby-util-1.0.1.jar:/home/runner/.m2/repository/org/apache/kerby/kerb-util/1.0.1/kerb-util-1.0.1.jar:/home/runner/.m2/repository/org/apache/kerby/kerby-config/1.0.1/kerby-config-1.0.1.jar:/home/runner/.m2/repository/org/apache/kerby/kerb-crypto/1.0.1/kerb-crypto-1.0.1.jar:/home/runner/.m2/repository/org/xerial/snappy/snappy-java/1.1.10.5/snappy-java-1.1.10.5.jar:/home/runner/work/ozone/ozone/hadoop-hdds/framework/target/classes:/home/runner/.m2/repository/org/bouncycastle/bcprov-jdk18on/1.78.1/bcprov-jdk18on-1.78.1.jar:/home/runner/.m2/repository/io/dropwizard/metrics/metrics-core/3.2.4/metrics-core-3.2.4.jar:/home/runner/.m2/repository/org/apache/commons/commons-text/1.11.0/commons-text-1.11.0.jar:/home/runner/work/ozone/ozone/hadoop-hdds/framework/target/test-classes:/home/runner/work/ozone/ozone/hadoop-hdds/interface-server/target/classes:/home/runner/work/ozone/ozone/hadoop-hdds/interface-admin/target/classes:/home/runner/work/ozone/ozone/hadoop-hdds/managed-rocksdb/target/classes:/home/runner/.m2/repository/org/rocksdb/rocksdbjni/7.7.3/rocksdbjni-7.7.3.jar:/home/runner/.m2/repository/org/slf4j/slf4j-reload4j/2.0.12/slf4j-reload4j-2.0.12.jar:/home/runner/.m2/repository/org/apache/commons/commons-configuration2/2.10.1/commons-configuration2-2.10.1.jar:/home/runner/.m2/repository/commons-fileupload/commons-fileupload/1.5/commons-fileupload-1.5.jar:/home/runner/.m2/repository/org/apache/logging/log4j/log4j-core/2.17.1/log4j-core-2.17.1.jar:/home/runner/.m2/repository/com/lmax/disruptor/3.4.4/disruptor-3.4.4.jar:/home/runner/.m2/repository/org/eclipse/jetty/jetty-util/9.4.54.v20240208/jetty-util-9.4.54.v20240208.jar:/home/runner/.m2/repository/org/eclipse/jetty/jetty-server/9.4.54.v20240208/jetty-server-9.4.54.v20240208.jar:/home/runner/.m2/repository/org/eclipse/jetty/jetty-http/9.4.54.v20240208/jetty-http-9.4.54.v20240208.jar:/home/runner/.m2/repository/org/eclipse/jetty/jetty-io/9.4.54.v20240208/jetty-io-9.4.54.v20240208.jar:/home/runner/.m2/repository/org/eclipse/jetty/jetty-servlet/9.4.54.v20240208/jetty-servlet-9.4.54.v20240208.jar:/home/runner/.m2/repository/org/eclipse/jetty/jetty-security/9.4.54.v20240208/jetty-security-9.4.54.v20240208.jar:/home/runner/.m2/repository/org/eclipse/jetty/jetty-util-ajax/9.4.54.v20240208/jetty-util-ajax-9.4.54.v20240208.jar:/home/runner/.m2/repository/org/eclipse/jetty/jetty-webapp/9.4.54.v20240208/jetty-webapp-9.4.54.v20240208.jar:/home/runner/.m2/repository/org/eclipse/jetty/jetty-xml/9.4.54.v20240208/jetty-xml-9.4.54.v20240208.jar:/home/runner/.m2/repository/org/apache/ratis/ratis-server/3.0.1/ratis-server-3.0.1.jar:/home/runner/.m2/repository/org/apache/ratis/ratis-thirdparty-misc/1.0.5/ratis-thirdparty-misc-1.0.5.jar:/home/runner/.m2/repository/org/apache/ratis/ratis-proto/3.0.1/ratis-proto-3.0.1.jar:/home/runner/.m2/repository/org/apache/ratis/ratis-common/3.0.1/ratis-common-3.0.1.jar:/home/runner/.m2/repository/org/apache/ratis/ratis-client/3.0.1/ratis-client-3.0.1.jar:/home/runner/.m2/repository/org/apache/ratis/ratis-server-api/3.0.1/ratis-server-api-3.0.1.jar:/home/runner/.m2/repository/org/apache/ratis/ratis-metrics-api/3.0.1/ratis-metrics-api-3.0.1.jar:/home/runner/.m2/repository/org/apache/ratis/ratis-metrics-dropwizard3/3.0.1/ratis-metrics-dropwizard3-3.0.1.jar:/home/runner/.m2/repository/io/prometheus/simpleclient_dropwizard/0.16.0/simpleclient_dropwizard-0.16.0.jar:/home/runner/.m2/repository/io/prometheus/simpleclient/0.16.0/simpleclient-0.16.0.jar:/home/runner/.m2/repository/io/prometheus/simpleclient_common/0.16.0/simpleclient_common-0.16.0.jar:/home/runner/.m2/repository/com/fasterxml/jackson/datatype/jackson-datatype-jsr310/2.16.1/jackson-datatype-jsr310-2.16.1.jar:/home/runner/.m2/repository/com/fasterxml/jackson/core/jackson-core/2.16.1/jackson-core-2.16.1.jar:/home/runner/work/ozone/ozone/hadoop-hdds/rocksdb-checkpoint-differ/target/classes:/home/runner/.m2/repository/org/jgrapht/jgrapht-core/1.4.0/jgrapht-core-1.4.0.jar:/home/runner/.m2/repository/org/jheaps/jheaps/0.11/jheaps-0.11.jar:/home/runner/.m2/repository/org/jgrapht/jgrapht-ext/1.4.0/jgrapht-ext-1.4.0.jar:/home/runner/.m2/repository/com/github/vlsi/mxgraph/jgraphx/3.9.8.1/jgraphx-3.9.8.1.jar:/home/runner/work/ozone/ozone/hadoop-ozone/ozone-manager/target/classes:/home/runner/.m2/repository/org/aspectj/aspectjrt/1.9.7/aspectjrt-1.9.7.jar:/home/runner/.m2/repository/org/aspectj/aspectjweaver/1.9.7/aspectjweaver-1.9.7.jar:/home/runner/work/ozone/ozone/hadoop-hdds/interface-client/target/classes:/home/runner/.m2/repository/org/apache/hadoop/thirdparty/hadoop-shaded-protobuf_3_7/1.1.1/hadoop-shaded-protobuf_3_7-1.1.1.jar:/home/runner/work/ozone/ozone/hadoop-ozone/interface-storage/target/classes:/home/runner/.m2/repository/org/reflections/reflections/0.10.2/reflections-0.10.2.jar:/home/runner/.m2/repository/com/sun/jersey/jersey-client/1.19.4/jersey-client-1.19.4.jar:/home/runner/.m2/repository/org/codehaus/jackson/jackson-core-asl/1.9.13/jackson-core-asl-1.9.13.jar:/home/runner/.m2/repository/org/codehaus/jackson/jackson-mapper-asl/1.9.13/jackson-mapper-asl-1.9.13.jar:/home/runner/.m2/repository/org/codehaus/jackson/jackson-jaxrs/1.9.13/jackson-jaxrs-1.9.13.jar:/home/runner/.m2/repository/org/apache/ranger/ranger-intg/2.3.0/ranger-intg-2.3.0.jar:/home/runner/.m2/repository/org/apache/ranger/ranger-plugins-common/2.3.0/ranger-plugins-common-2.3.0.jar:/home/runner/.m2/repository/commons-lang/commons-lang/2.6/commons-lang-2.6.jar:/home/runner/.m2/repository/org/apache/ranger/ranger-plugins-cred/2.3.0/ranger-plugins-cred-2.3.0.jar:/home/runner/.m2/repository/org/apache/ranger/ranger-plugins-audit/2.3.0/ranger-plugins-audit-2.3.0.jar:/home/runner/.m2/repository/org/eclipse/jetty/jetty-client/9.4.54.v20240208/jetty-client-9.4.54.v20240208.jar:/home/runner/.m2/repository/org/apache/httpcomponents/httpmime/4.5.6/httpmime-4.5.6.jar:/home/runner/.m2/repository/org/apache/httpcomponents/httpcore-nio/4.4.16/httpcore-nio-4.4.16.jar:/home/runner/.m2/repository/org/apache/httpcomponents/httpasyncclient/4.1.3/httpasyncclient-4.1.3.jar:/home/runner/.m2/repository/com/carrotsearch/hppc/0.8.0/hppc-0.8.0.jar:/home/runner/.m2/repository/org/apache/orc/orc-core/1.5.8/orc-core-1.5.8.jar:/home/runner/.m2/repository/net/java/dev/jna/jna/5.2.0/jna-5.2.0.jar:/home/runner/.m2/repository/net/java/dev/jna/jna-platform/5.2.0/jna-platform-5.2.0.jar:/home/runner/.m2/repository/com/kstruct/gethostname4j/0.0.2/gethostname4j-0.0.2.jar:/home/runner/.m2/repository/org/apache/ranger/ranger-plugin-classloader/2.3.0/ranger-plugin-classloader-2.3.0.jar:/home/runner/work/ozone/ozone/hadoop-hdds/rocks-native/target/classes:/home/runner/.m2/repository/org/apache/hadoop/hadoop-minikdc/3.3.6/hadoop-minikdc-3.3.6.jar:/home/runner/.m2/repository/org/apache/kerby/kerb-simplekdc/1.0.1/kerb-simplekdc-1.0.1.jar:/home/runner/.m2/repository/org/apache/kerby/kerb-client/1.0.1/kerb-client-1.0.1.jar:/home/runner/.m2/repository/org/apache/kerby/kerb-common/1.0.1/kerb-common-1.0.1.jar:/home/runner/.m2/repository/org/apache/kerby/token-provider/1.0.1/token-provider-1.0.1.jar:/home/runner/.m2/repository/org/apache/kerby/kerb-admin/1.0.1/kerb-admin-1.0.1.jar:/home/runner/.m2/repository/org/apache/kerby/kerb-server/1.0.1/kerb-server-1.0.1.jar:/home/runner/.m2/repository/org/apache/kerby/kerb-identity/1.0.1/kerb-identity-1.0.1.jar:/home/runner/.m2/repository/org/apache/kerby/kerby-xdr/1.0.1/kerby-xdr-1.0.1.jar:/home/runner/.m2/repository/junit/junit/4.13.2/junit-4.13.2.jar:/home/runner/.m2/repository/org/hamcrest/hamcrest-core/1.3/hamcrest-core-1.3.jar:/home/runner/work/ozone/ozone/hadoop-ozone/s3gateway/target/classes:/home/runner/.m2/repository/org/javassist/javassist/3.30.2-GA/javassist-3.30.2-GA.jar:/home/runner/.m2/repository/org/jboss/weld/servlet/weld-servlet-shaded/3.1.9.Final/weld-servlet-shaded-3.1.9.Final.jar:/home/runner/.m2/repository/org/glassfish/jersey/containers/jersey-container-servlet-core/2.42/jersey-container-servlet-core-2.42.jar:/home/runner/.m2/repository/org/glassfish/hk2/external/jakarta.inject/2.6.1/jakarta.inject-2.6.1.jar:/home/runner/.m2/repository/org/glassfish/jersey/core/jersey-common/2.42/jersey-common-2.42.jar:/home/runner/.m2/repository/jakarta/ws/rs/jakarta.ws.rs-api/2.1.6/jakarta.ws.rs-api-2.1.6.jar:/home/runner/.m2/repository/org/glassfish/jersey/ext/cdi/jersey-cdi1x/2.42/jersey-cdi1x-2.42.jar:/home/runner/.m2/repository/org/glassfish/jersey/inject/jersey-hk2/2.42/jersey-hk2-2.42.jar:/home/runner/.m2/repository/org/glassfish/hk2/hk2-locator/2.6.1/hk2-locator-2.6.1.jar:/home/runner/.m2/repository/org/glassfish/jersey/media/jersey-media-jaxb/2.42/jersey-media-jaxb-2.42.jar:/home/runner/.m2/repository/org/glassfish/hk2/osgi-resource-locator/1.0.3/osgi-resource-locator-1.0.3.jar:/home/runner/.m2/repository/org/glassfish/hk2/hk2-api/2.6.1/hk2-api-2.6.1.jar:/home/runner/.m2/repository/org/glassfish/hk2/hk2-utils/2.6.1/hk2-utils-2.6.1.jar:/home/runner/.m2/repository/org/glassfish/hk2/external/aopalliance-repackaged/2.6.1/aopalliance-repackaged-2.6.1.jar:/home/runner/.m2/repository/com/fasterxml/jackson/dataformat/jackson-dataformat-xml/2.16.1/jackson-dataformat-xml-2.16.1.jar:/home/runner/.m2/repository/org/codehaus/woodstox/stax2-api/4.2.2/stax2-api-4.2.2.jar:/home/runner/.m2/repository/com/fasterxml/woodstox/woodstox-core/5.4.0/woodstox-core-5.4.0.jar:/home/runner/.m2/repository/com/fasterxml/jackson/module/jackson-module-jaxb-annotations/2.16.1/jackson-module-jaxb-annotations-2.16.1.jar:/home/runner/.m2/repository/javax/enterprise/cdi-api/2.0/cdi-api-2.0.jar:/home/runner/.m2/repository/javax/el/javax.el-api/3.0.0/javax.el-api-3.0.0.jar:/home/runner/.m2/repository/javax/interceptor/javax.interceptor-api/1.2/javax.interceptor-api-1.2.jar:/home/runner/.m2/repository/javax/inject/javax.inject/1/javax.inject-1.jar:/home/runner/.m2/repository/jakarta/xml/bind/jakarta.xml.bind-api/2.3.3/jakarta.xml.bind-api-2.3.3.jar:/home/runner/.m2/repository/org/glassfish/jaxb/jaxb-runtime/2.3.9/jaxb-runtime-2.3.9.jar:/home/runner/.m2/repository/org/glassfish/jaxb/txw2/2.3.9/txw2-2.3.9.jar:/home/runner/.m2/repository/com/sun/istack/istack-commons-runtime/3.0.12/istack-commons-runtime-3.0.12.jar:/home/runner/.m2/repository/com/sun/activation/jakarta.activation/1.2.2/jakarta.activation-1.2.2.jar:/home/runner/.m2/repository/jakarta/activation/jakarta.activation-api/1.2.2/jakarta.activation-api-1.2.2.jar:/home/runner/.m2/repository/io/grpc/grpc-protobuf/1.58.0/grpc-protobuf-1.58.0.jar:/home/runner/.m2/repository/com/google/api/grpc/proto-google-common-protos/2.22.0/proto-google-common-protos-2.22.0.jar:/home/runner/.m2/repository/io/grpc/grpc-protobuf-lite/1.58.0/grpc-protobuf-lite-1.58.0.jar:/home/runner/.m2/repository/io/grpc/grpc-stub/1.58.0/grpc-stub-1.58.0.jar:/home/runner/.m2/repository/io/netty/netty-transport/4.1.109.Final/netty-transport-4.1.109.Final.jar:/home/runner/.m2/repository/io/netty/netty-resolver/4.1.109.Final/netty-resolver-4.1.109.Final.jar:/home/runner/work/ozone/ozone/hadoop-ozone/csi/target/classes:/home/runner/.m2/repository/com/google/protobuf/protobuf-java-util/3.19.6/protobuf-java-util-3.19.6.jar:/home/runner/.m2/repository/com/google/code/gson/gson/2.10.1/gson-2.10.1.jar:/home/runner/work/ozone/ozone/hadoop-hdds/config/target/classes:/home/runner/.m2/repository/io/netty/netty-transport-native-epoll/4.1.109.Final/netty-transport-native-epoll-4.1.109.Final-linux-x86_64.jar:/home/runner/.m2/repository/io/netty/netty-transport-classes-epoll/4.1.109.Final/netty-transport-classes-epoll-4.1.109.Final.jar:/home/runner/.m2/repository/io/netty/netty-transport-native-unix-common/4.1.109.Final/netty-transport-native-unix-common-4.1.109.Final.jar:/home/runner/work/ozone/ozone/hadoop-ozone/recon/target/classes:/home/runner/work/ozone/ozone/hadoop-ozone/recon-codegen/target/classes:/home/runner/.m2/repository/com/google/inject/guice/6.0.0/guice-6.0.0.jar:/home/runner/.m2/repository/jakarta/inject/jakarta.inject-api/2.0.1/jakarta.inject-api-2.0.1.jar:/home/runner/.m2/repository/aopalliance/aopalliance/1.0/aopalliance-1.0.jar:/home/runner/.m2/repository/com/google/inject/extensions/guice-assistedinject/6.0.0/guice-assistedinject-6.0.0.jar:/home/runner/.m2/repository/com/google/inject/extensions/guice-servlet/6.0.0/guice-servlet-6.0.0.jar:/home/runner/.m2/repository/org/glassfish/jersey/containers/jersey-container-servlet/2.42/jersey-container-servlet-2.42.jar:/home/runner/.m2/repository/org/glassfish/hk2/guice-bridge/2.6.1/guice-bridge-2.6.1.jar:/home/runner/.m2/repository/org/glassfish/jersey/core/jersey-server/2.42/jersey-server-2.42.jar:/home/runner/.m2/repository/org/glassfish/jersey/core/jersey-client/2.42/jersey-client-2.42.jar:/home/runner/.m2/repository/jakarta/validation/jakarta.validation-api/2.0.2/jakarta.validation-api-2.0.2.jar:/home/runner/.m2/repository/org/glassfish/jersey/media/jersey-media-json-jackson/2.42/jersey-media-json-jackson-2.42.jar:/home/runner/.m2/repository/org/glassfish/jersey/ext/jersey-entity-filtering/2.42/jersey-entity-filtering-2.42.jar:/home/runner/.m2/repository/org/jooq/jooq/3.11.10/jooq-3.11.10.jar:/home/runner/.m2/repository/org/jooq/jooq-meta/3.11.10/jooq-meta-3.11.10.jar:/home/runner/.m2/repository/org/jooq/jooq-codegen/3.11.10/jooq-codegen-3.11.10.jar:/home/runner/.m2/repository/com/jolbox/bonecp/0.8.0.RELEASE/bonecp-0.8.0.RELEASE.jar:/home/runner/.m2/repository/org/apache/derby/derby/10.14.2.0/derby-10.14.2.0.jar:/home/runner/.m2/repository/org/xerial/sqlite-jdbc/3.44.1.0/sqlite-jdbc-3.44.1.0.jar:/home/runner/.m2/repository/org/springframework/spring-jdbc/5.3.27/spring-jdbc-5.3.27.jar:/home/runner/.m2/repository/org/springframework/spring-beans/5.3.27/spring-beans-5.3.27.jar:/home/runner/.m2/repository/org/springframework/spring-core/5.3.27/spring-core-5.3.27.jar:/home/runner/.m2/repository/org/springframework/spring-tx/5.3.27/spring-tx-5.3.27.jar:/home/runner/work/ozone/ozone/hadoop-ozone/client/target/classes:/home/runner/work/ozone/ozone/hadoop-hdds/erasurecode/target/classes:/home/runner/work/ozone/ozone/hadoop-ozone/ozonefs/target/classes:/home/runner/work/ozone/ozone/hadoop-ozone/ozonefs-common/target/classes:/home/runner/work/ozone/ozone/hadoop-ozone/tools/target/classes:/home/runner/.m2/repository/com/amazonaws/aws-java-sdk-core/1.12.661/aws-java-sdk-core-1.12.661.jar:/home/runner/.m2/repository/org/apache/httpcomponents/httpclient/4.5.14/httpclient-4.5.14.jar:/home/runner/.m2/repository/org/apache/httpcomponents/httpcore/4.4.16/httpcore-4.4.16.jar:/home/runner/.m2/repository/com/fasterxml/jackson/dataformat/jackson-dataformat-cbor/2.16.1/jackson-dataformat-cbor-2.16.1.jar:/home/runner/.m2/repository/joda-time/joda-time/2.12.7/joda-time-2.12.7.jar:/home/runner/.m2/repository/com/amazonaws/aws-java-sdk-s3/1.12.661/aws-java-sdk-s3-1.12.661.jar:/home/runner/.m2/repository/com/amazonaws/aws-java-sdk-kms/1.12.661/aws-java-sdk-kms-1.12.661.jar:/home/runner/.m2/repository/com/amazonaws/jmespath-java/1.12.661/jmespath-java-1.12.661.jar:/home/runner/.m2/repository/org/kohsuke/metainf-services/metainf-services/1.11/metainf-services-1.11.jar:/home/runner/work/ozone/ozone/hadoop-hdds/tools/target/classes:/home/runner/.m2/repository/org/apache/ratis/ratis-tools/3.0.1/ratis-tools-3.0.1.jar:/home/runner/.m2/repository/commons-cli/commons-cli/1.6.0/commons-cli-1.6.0.jar:/home/runner/.m2/repository/org/apache/commons/commons-lang3/3.14.0/commons-lang3-3.14.0.jar:/home/runner/work/ozone/ozone/hadoop-ozone/ozone-manager/target/test-classes:/home/runner/work/ozone/ozone/hadoop-hdds/common/target/test-classes:/home/runner/work/ozone/ozone/hadoop-hdds/hadoop-dependency-client/target/classes:/home/runner/.m2/repository/info/picocli/picocli/4.7.5/picocli-4.7.5.jar:/home/runner/.m2/repository/com/fasterxml/jackson/core/jackson-annotations/2.16.1/jackson-annotations-2.16.1.jar:/home/runner/work/ozone/ozone/hadoop-hdds/annotations/target/classes:/home/runner/.m2/repository/javax/annotation/javax.annotation-api/1.3.2/javax.annotation-api-1.3.2.jar:/home/runner/.m2/repository/org/apache/ratis/ratis-netty/3.0.1/ratis-netty-3.0.1.jar:/home/runner/.m2/repository/org/apache/ratis/ratis-grpc/3.0.1/ratis-grpc-3.0.1.jar:/home/runner/.m2/repository/org/bouncycastle/bcpkix-jdk18on/1.78.1/bcpkix-jdk18on-1.78.1.jar:/home/runner/.m2/repository/org/bouncycastle/bcutil-jdk18on/1.78.1/bcutil-jdk18on-1.78.1.jar:/home/runner/.m2/repository/commons-validator/commons-validator/1.6/commons-validator-1.6.jar:/home/runner/.m2/repository/commons-beanutils/commons-beanutils/1.9.4/commons-beanutils-1.9.4.jar:/home/runner/.m2/repository/commons-digester/commons-digester/1.8.1/commons-digester-1.8.1.jar:/home/runner/.m2/repository/commons-collections/commons-collections/3.2.2/commons-collections-3.2.2.jar:/home/runner/.m2/repository/io/jaegertracing/jaeger-client/1.8.1/jaeger-client-1.8.1.jar:/home/runner/.m2/repository/io/jaegertracing/jaeger-thrift/1.8.1/jaeger-thrift-1.8.1.jar:/home/runner/.m2/repository/org/apache/thrift/libthrift/0.15.0/libthrift-0.15.0.jar:/home/runner/.m2/repository/io/jaegertracing/jaeger-core/1.8.1/jaeger-core-1.8.1.jar:/home/runner/.m2/repository/io/jaegertracing/jaeger-tracerresolver/1.8.1/jaeger-tracerresolver-1.8.1.jar:/home/runner/.m2/repository/io/opentracing/contrib/opentracing-tracerresolver/0.1.8/opentracing-tracerresolver-0.1.8.jar:/home/runner/.m2/repository/org/jetbrains/kotlin/kotlin-stdlib/1.9.22/kotlin-stdlib-1.9.22.jar:/home/runner/.m2/repository/org/jetbrains/annotations/13.0/annotations-13.0.jar:/home/runner/.m2/repository/io/opentracing/opentracing-util/0.33.0/opentracing-util-0.33.0.jar:/home/runner/.m2/repository/io/opentracing/opentracing-api/0.33.0/opentracing-api-0.33.0.jar:/home/runner/.m2/repository/io/opentracing/opentracing-noop/0.33.0/opentracing-noop-0.33.0.jar:/home/runner/.m2/repository/org/yaml/snakeyaml/2.0/snakeyaml-2.0.jar:/home/runner/.m2/repository/io/grpc/grpc-api/1.58.0/grpc-api-1.58.0.jar:/home/runner/.m2/repository/org/junit/platform/junit-platform-launcher/1.10.2/junit-platform-launcher-1.10.2.jar:/home/runner/.m2/repository/org/junit/platform/junit-platform-engine/1.10.2/junit-platform-engine-1.10.2.jar:/home/runner/.m2/repository/org/apiguardian/apiguardian-api/1.1.2/apiguardian-api-1.1.2.jar:/home/runner/.m2/repository/org/apache/hadoop/hadoop-kms/3.3.6/hadoop-kms-3.3.6.jar:/home/runner/.m2/repository/org/apache/hadoop/hadoop-auth/3.3.6/hadoop-auth-3.3.6.jar:/home/runner/.m2/repository/org/apache/zookeeper/zookeeper/3.8.4/zookeeper-3.8.4.jar:/home/runner/.m2/repository/org/apache/zookeeper/zookeeper-jute/3.8.4/zookeeper-jute-3.8.4.jar:/home/runner/.m2/repository/org/apache/yetus/audience-annotations/0.12.0/audience-annotations-0.12.0.jar:/home/runner/.m2/repository/org/apache/curator/curator-framework/4.2.0/curator-framework-4.2.0.jar:/home/runner/.m2/repository/org/apache/hadoop/thirdparty/hadoop-shaded-guava/1.2.0/hadoop-shaded-guava-1.2.0.jar:/home/runner/.m2/repository/com/sun/jersey/jersey-core/1.19.4/jersey-core-1.19.4.jar:/home/runner/.m2/repository/javax/ws/rs/jsr311-api/1.1.1/jsr311-api-1.1.1.jar:/home/runner/.m2/repository/com/sun/jersey/jersey-server/1.19.4/jersey-server-1.19.4.jar:/home/runner/.m2/repository/javax/servlet/javax.servlet-api/3.1.0/javax.servlet-api-3.1.0.jar:/home/runner/.m2/repository/org/apache/hadoop/hadoop-common/3.3.6/hadoop-common-3.3.6.jar:/home/runner/.m2/repository/org/apache/commons/commons-math3/3.6.1/commons-math3-3.6.1.jar:/home/runner/.m2/repository/commons-net/commons-net/3.10.0/commons-net-3.10.0.jar:/home/runner/.m2/repository/com/sun/jersey/jersey-servlet/1.19.4/jersey-servlet-1.19.4.jar:/home/runner/.m2/repository/com/github/pjfanning/jersey-json/1.20/jersey-json-1.20.jar:/home/runner/.m2/repository/org/codehaus/jettison/jettison/1.1/jettison-1.1.jar:/home/runner/.m2/repository/com/sun/xml/bind/jaxb-impl/2.2.3-1/jaxb-impl-2.2.3-1.jar:/home/runner/.m2/repository/com/google/re2j/re2j/1.7/re2j-1.7.jar:/home/runner/.m2/repository/com/jcraft/jsch/0.1.55/jsch-0.1.55.jar:/home/runner/.m2/repository/org/apache/curator/curator-client/4.2.0/curator-client-4.2.0.jar:/home/runner/.m2/repository/org/apache/curator/curator-recipes/5.2.0/curator-recipes-5.2.0.jar:/home/runner/.m2/repository/com/google/code/findbugs/jsr305/3.0.2/jsr305-3.0.2.jar:/home/runner/.m2/repository/dnsjava/dnsjava/2.1.9/dnsjava-2.1.9.jar:/home/runner/.m2/repository/com/fasterxml/jackson/core/jackson-databind/2.16.1/jackson-databind-2.16.1.jar:/home/runner/.m2/repository/org/apache/hadoop/hadoop-kms/3.3.6/hadoop-kms-3.3.6-tests.jar:/home/runner/work/ozone/ozone/hadoop-hdds/server-scm/target/test-classes:/home/runner/work/ozone/ozone/hadoop-hdds/container-service/target/test-classes:/home/runner/.m2/repository/com/github/luben/zstd-jni/1.5.6-2/zstd-jni-1.5.6-2.jar:/home/runner/.m2/repository/commons-codec/commons-codec/1.15/commons-codec-1.15.jar:/home/runner/.m2/repository/io/netty/netty-codec/4.1.109.Final/netty-codec-4.1.109.Final.jar:/home/runner/.m2/repository/io/netty/netty-handler/4.1.109.Final/netty-handler-4.1.109.Final.jar:/home/runner/work/ozone/ozone/hadoop-hdds/hadoop-dependency-test/target/classes:/home/runner/.m2/repository/org/apache/hadoop/hadoop-common/3.3.6/hadoop-common-3.3.6-tests.jar:/home/runner/.m2/repository/org/apache/hadoop/hadoop-hdfs/3.3.6/hadoop-hdfs-3.3.6-tests.jar:/home/runner/.m2/repository/org/junit/jupiter/junit-jupiter-engine/5.10.2/junit-jupiter-engine-5.10.2.jar:/home/runner/.m2/repository/org/junit/jupiter/junit-jupiter-params/5.10.2/junit-jupiter-params-5.10.2.jar:/home/runner/.m2/repository/org/mockito/mockito-core/4.11.0/mockito-core-4.11.0.jar:/home/runner/.m2/repository/net/bytebuddy/byte-buddy/1.12.19/byte-buddy-1.12.19.jar:/home/runner/.m2/repository/net/bytebuddy/byte-buddy-agent/1.12.19/byte-buddy-agent-1.12.19.jar:/home/runner/.m2/repository/org/objenesis/objenesis/3.3/objenesis-3.3.jar:/home/runner/.m2/repository/org/mockito/mockito-inline/4.11.0/mockito-inline-4.11.0.jar:/home/runner/.m2/repository/org/mockito/mockito-junit-jupiter/4.11.0/mockito-junit-jupiter-4.11.0.jar:/home/runner/.m2/repository/org/apache/hadoop/hadoop-distcp/3.3.6/hadoop-distcp-3.3.6.jar:/home/runner/.m2/repository/org/apache/hadoop/hadoop-mapreduce-client-jobclient/3.3.6/hadoop-mapreduce-client-jobclient-3.3.6.jar:/home/runner/.m2/repository/org/apache/hadoop/hadoop-mapreduce-client-common/3.3.6/hadoop-mapreduce-client-common-3.3.6.jar:/home/runner/.m2/repository/org/apache/hadoop/hadoop-yarn-common/3.3.6/hadoop-yarn-common-3.3.6.jar:/home/runner/.m2/repository/org/apache/hadoop/hadoop-yarn-api/3.3.6/hadoop-yarn-api-3.3.6.jar:/home/runner/.m2/repository/javax/xml/bind/jaxb-api/2.2.11/jaxb-api-2.2.11.jar:/home/runner/.m2/repository/com/sun/jersey/contribs/jersey-guice/1.19.4/jersey-guice-1.19.4.jar:/home/runner/.m2/repository/com/fasterxml/jackson/jaxrs/jackson-jaxrs-json-provider/2.16.1/jackson-jaxrs-json-provider-2.16.1.jar:/home/runner/.m2/repository/com/fasterxml/jackson/jaxrs/jackson-jaxrs-base/2.16.1/jackson-jaxrs-base-2.16.1.jar:/home/runner/.m2/repository/org/apache/hadoop/hadoop-yarn-client/3.3.6/hadoop-yarn-client-3.3.6.jar:/home/runner/.m2/repository/org/eclipse/jetty/websocket/websocket-client/9.4.51.v20230217/websocket-client-9.4.51.v20230217.jar:/home/runner/.m2/repository/org/eclipse/jetty/websocket/websocket-common/9.4.51.v20230217/websocket-common-9.4.51.v20230217.jar:/home/runner/.m2/repository/org/eclipse/jetty/websocket/websocket-api/9.4.51.v20230217/websocket-api-9.4.51.v20230217.jar:/home/runner/.m2/repository/org/jline/jline/3.9.0/jline-3.9.0.jar:/home/runner/.m2/repository/org/apache/hadoop/hadoop-mapreduce-client-core/3.3.6/hadoop-mapreduce-client-core-3.3.6.jar:/home/runner/.m2/repository/org/apache/avro/avro/1.7.7/avro-1.7.7.jar:/home/runner/.m2/repository/com/thoughtworks/paranamer/paranamer/2.3/paranamer-2.3.jar:/home/runner/.m2/repository/org/apache/hadoop/hadoop-annotations/3.3.6/hadoop-annotations-3.3.6.jar:/home/runner/.m2/repository/io/netty/netty/3.10.6.Final/netty-3.10.6.Final.jar:/home/runner/.m2/repository/org/apache/hadoop/hadoop-distcp/3.3.6/hadoop-distcp-3.3.6-tests.jar:/home/runner/.m2/repository/org/hamcrest/hamcrest/2.2/hamcrest-2.2.jar:/home/runner/.m2/repository/org/slf4j/jul-to-slf4j/2.0.12/jul-to-slf4j-2.0.12.jar:/home/runner/work/ozone/ozone/hadoop-ozone/integration-test/target/gradle-enterprise/test-listeners.jar:"/>
    <property name="sun.cpu.endian" value="little"/>
    <property name="user.home" value="/home/runner"/>
    <property name="user.language" value="en"/>
    <property name="java.specification.vendor" value="Oracle Corporation"/>
    <property name="java.version.date" value="2024-01-16"/>
    <property name="java.home" value="/usr/lib/jvm/temurin-17-jdk-amd64"/>
    <property name="java.security.krb5.conf" value="/home/runner/work/ozone/ozone/hadoop-ozone/integration-test/target/test-classes/krb5.conf"/>
    <property name="file.separator" value="/"/>
    <property name="basedir" value="/home/runner/work/ozone/ozone/hadoop-ozone/integration-test"/>
    <property name="java.vm.compressedOopsMode" value="Zero based"/>
    <property name="line.separator" value="&#10;"/>
    <property name="java.vm.specification.vendor" value="Oracle Corporation"/>
    <property name="java.specification.name" value="Java Platform API Specification"/>
    <property name="skip.installnpx" value="true"/>
    <property name="surefire.real.class.path" value="/home/runner/work/ozone/ozone/hadoop-ozone/integration-test/target/surefire/surefirebooter332460414341491780.jar"/>
    <property name="hadoop.log.dir" value="/home/runner/work/ozone/ozone/hadoop-ozone/integration-test/target/log"/>
    <property name="sun.management.compiler" value="HotSpot 64-Bit Tiered Compilers"/>
    <property name="java.runtime.version" value="17.0.10+7"/>
    <property name="skip.npx" value="true"/>
    <property name="user.name" value="runner"/>
    <property name="java.net.preferIPv4Stack" value="true"/>
    <property name="path.separator" value=":"/>
    <property name="java.security.egd" value="file:///dev/urandom"/>
    <property name="os.version" value="5.15.0-1061-azure"/>
    <property name="java.runtime.name" value="OpenJDK Runtime Environment"/>
    <property name="com.gradle.maven.scan.extension.test.listener.junitplatform.NestedExecutionSafeDelegatingTestExecutionListener" value="34f7cfd9"/>
    <property name="file.encoding" value="UTF-8"/>
    <property name="java.vm.name" value="OpenJDK 64-Bit Server VM"/>
    <property name="java.vendor.version" value="Temurin-17.0.10+7"/>
    <property name="test.build.webapps" value=""/>
    <property name="gradle.enterprise.listener.port" value="46519"/>
    <property name="localRepository" value="/home/runner/.m2/repository"/>
    <property name="java.vendor.url.bug" value="https://github.com/adoptium/adoptium-support/issues"/>
    <property name="jetty.git.hash" value="cef3fbd6d736a21e7d541a5db490381d95a2047d"/>
    <property name="java.io.tmpdir" value="/tmp"/>
    <property name="require.test.libhadoop" value=""/>
    <property name="java.version" value="17.0.10"/>
    <property name="user.dir" value="/home/runner/work/ozone/ozone/hadoop-ozone/integration-test"/>
    <property name="os.arch" value="amd64"/>
    <property name="java.vm.specification.name" value="Java Virtual Machine Specification"/>
    <property name="test.build.classes" value="/home/runner/work/ozone/ozone/hadoop-ozone/integration-test/target/test-classes"/>
    <property name="org.apache.ratis.thirdparty.io.netty.allocator.useCacheForAllThreads" value="false"/>
    <property name="native.encoding" value="UTF-8"/>
    <property name="hadoop.tmp.dir" value="/home/runner/work/ozone/ozone/hadoop-ozone/integration-test/target/tmp"/>
    <property name="java.library.path" value="/usr/java/packages/lib:/usr/lib64:/lib64:/lib:/usr/lib"/>
    <property name="java.vm.info" value="mixed mode, sharing"/>
    <property name="java.vendor" value="Eclipse Adoptium"/>
    <property name="java.vm.version" value="17.0.10+7"/>
    <property name="sun.io.unicode.encoding" value="UnicodeLittle"/>
    <property name="java.class.version" value="61.0"/>
  </properties>
  <testcase name="test2DatanodesFailure(boolean)[1]" classname="org.apache.hadoop.ozone.client.rpc.TestBlockOutputStreamWithFailures" time="52.657"/>
  <testcase name="test2DatanodesFailure(boolean)[2]" classname="org.apache.hadoop.ozone.client.rpc.TestBlockOutputStreamWithFailures" time="32.428">
    <error type="java.io.IOException"><![CDATA[java.io.IOException: java.io.IOException: INTERNAL_ERROR org.apache.hadoop.ozone.om.exceptions.OMException: Unable to allocate a container to the block of size: 800, replicationConfig: RATIS/THREE. The input pipeline IDs 2797b6a5-e765-4cb6-9c47-d94a52ab4096 cannot be found
	at org.apache.hadoop.ozone.client.io.KeyOutputStream.handleWrite(KeyOutputStream.java:238)
	at org.apache.hadoop.ozone.client.io.KeyOutputStream.write(KeyOutputStream.java:208)
	at org.apache.hadoop.ozone.client.io.OzoneOutputStream.write(OzoneOutputStream.java:94)
	at java.base/java.io.OutputStream.write(OutputStream.java:127)
	at org.apache.hadoop.ozone.client.rpc.TestBlockOutputStreamWithFailures.test2DatanodesFailure(TestBlockOutputStreamWithFailures.java:327)
	at java.base/java.lang.reflect.Method.invoke(Method.java:568)
	at java.base/java.util.stream.ForEachOps$ForEachOp$OfRef.accept(ForEachOps.java:183)
	at java.base/java.util.stream.ReferencePipeline$3$1.accept(ReferencePipeline.java:197)
	at java.base/java.util.stream.ReferencePipeline$2$1.accept(ReferencePipeline.java:179)
	at java.base/java.util.stream.ReferencePipeline$3$1.accept(ReferencePipeline.java:197)
	at java.base/java.util.stream.ForEachOps$ForEachOp$OfRef.accept(ForEachOps.java:183)
	at java.base/java.util.stream.ReferencePipeline$3$1.accept(ReferencePipeline.java:197)
	at java.base/java.util.stream.ReferencePipeline$3$1.accept(ReferencePipeline.java:197)
	at java.base/java.util.stream.ReferencePipeline$3$1.accept(ReferencePipeline.java:197)
	at java.base/java.util.stream.ForEachOps$ForEachOp$OfRef.accept(ForEachOps.java:183)
	at java.base/java.util.stream.ReferencePipeline$3$1.accept(ReferencePipeline.java:197)
	at java.base/java.util.Spliterators$ArraySpliterator.forEachRemaining(Spliterators.java:992)
	at java.base/java.util.stream.AbstractPipeline.copyInto(AbstractPipeline.java:509)
	at java.base/java.util.stream.AbstractPipeline.wrapAndCopyInto(AbstractPipeline.java:499)
	at java.base/java.util.stream.ForEachOps$ForEachOp.evaluateSequential(ForEachOps.java:150)
	at java.base/java.util.stream.ForEachOps$ForEachOp$OfRef.evaluateSequential(ForEachOps.java:173)
	at java.base/java.util.stream.AbstractPipeline.evaluate(AbstractPipeline.java:234)
	at java.base/java.util.stream.ReferencePipeline.forEach(ReferencePipeline.java:596)
	at java.base/java.util.stream.ReferencePipeline$7$1.accept(ReferencePipeline.java:276)
	at java.base/java.util.stream.ReferencePipeline$3$1.accept(ReferencePipeline.java:197)
	at java.base/java.util.stream.ReferencePipeline$3$1.accept(ReferencePipeline.java:197)
	at java.base/java.util.stream.ReferencePipeline$3$1.accept(ReferencePipeline.java:197)
	at java.base/java.util.ArrayList$ArrayListSpliterator.forEachRemaining(ArrayList.java:1625)
	at java.base/java.util.stream.AbstractPipeline.copyInto(AbstractPipeline.java:509)
	at java.base/java.util.stream.AbstractPipeline.wrapAndCopyInto(AbstractPipeline.java:499)
	at java.base/java.util.stream.ForEachOps$ForEachOp.evaluateSequential(ForEachOps.java:150)
	at java.base/java.util.stream.ForEachOps$ForEachOp$OfRef.evaluateSequential(ForEachOps.java:173)
	at java.base/java.util.stream.AbstractPipeline.evaluate(AbstractPipeline.java:234)
	at java.base/java.util.stream.ReferencePipeline.forEach(ReferencePipeline.java:596)
	at java.base/java.util.stream.ReferencePipeline$7$1.accept(ReferencePipeline.java:276)
	at java.base/java.util.ArrayList$ArrayListSpliterator.forEachRemaining(ArrayList.java:1625)
	at java.base/java.util.stream.AbstractPipeline.copyInto(AbstractPipeline.java:509)
	at java.base/java.util.stream.AbstractPipeline.wrapAndCopyInto(AbstractPipeline.java:499)
	at java.base/java.util.stream.ForEachOps$ForEachOp.evaluateSequential(ForEachOps.java:150)
	at java.base/java.util.stream.ForEachOps$ForEachOp$OfRef.evaluateSequential(ForEachOps.java:173)
	at java.base/java.util.stream.AbstractPipeline.evaluate(AbstractPipeline.java:234)
	at java.base/java.util.stream.ReferencePipeline.forEach(ReferencePipeline.java:596)
	at java.base/java.util.ArrayList.forEach(ArrayList.java:1511)
	at java.base/java.util.ArrayList.forEach(ArrayList.java:1511)
Caused by: java.io.IOException: INTERNAL_ERROR org.apache.hadoop.ozone.om.exceptions.OMException: Unable to allocate a container to the block of size: 800, replicationConfig: RATIS/THREE. The input pipeline IDs 2797b6a5-e765-4cb6-9c47-d94a52ab4096 cannot be found
	at org.apache.hadoop.ozone.client.io.KeyOutputStream.handleWrite(KeyOutputStream.java:238)
	at org.apache.hadoop.ozone.client.io.KeyOutputStream.handleRetry(KeyOutputStream.java:410)
	at org.apache.hadoop.ozone.client.io.KeyOutputStream.handleException(KeyOutputStream.java:355)
	at org.apache.hadoop.ozone.client.io.KeyOutputStream.handleFlushOrClose(KeyOutputStream.java:489)
	at org.apache.hadoop.ozone.client.io.KeyOutputStream.handleWrite(KeyOutputStream.java:232)
	... 43 more
Caused by: INTERNAL_ERROR org.apache.hadoop.ozone.om.exceptions.OMException: Unable to allocate a container to the block of size: 800, replicationConfig: RATIS/THREE. The input pipeline IDs 2797b6a5-e765-4cb6-9c47-d94a52ab4096 cannot be found
	at org.apache.hadoop.ozone.om.protocolPB.OzoneManagerProtocolClientSideTranslatorPB.handleError(OzoneManagerProtocolClientSideTranslatorPB.java:744)
	at org.apache.hadoop.ozone.om.protocolPB.OzoneManagerProtocolClientSideTranslatorPB.handleSubmitRequestAndSCMSafeModeRetry(OzoneManagerProtocolClientSideTranslatorPB.java:2256)
	at org.apache.hadoop.ozone.om.protocolPB.OzoneManagerProtocolClientSideTranslatorPB.allocateBlock(OzoneManagerProtocolClientSideTranslatorPB.java:780)
	at org.apache.hadoop.ozone.client.io.BlockOutputStreamEntryPool.allocateNewBlock(BlockOutputStreamEntryPool.java:299)
	at org.apache.hadoop.ozone.client.io.BlockOutputStreamEntryPool.allocateBlockIfNeeded(BlockOutputStreamEntryPool.java:382)
	at org.apache.hadoop.ozone.client.io.KeyOutputStream.handleWrite(KeyOutputStream.java:217)
	... 47 more
]]></error>
    <system-out><![CDATA[2024-05-04 14:26:33,310 [main] WARN  server.ServerUtils (ServerUtils.java:getScmDbDir(143)) - ozone.scm.db.dirs is not configured. We recommend adding this setting. Falling back to ozone.metadata.dirs instead.
2024-05-04 14:26:33,312 [main] WARN  server.ServerUtils (ServerUtils.java:getScmDbDir(143)) - ozone.scm.db.dirs is not configured. We recommend adding this setting. Falling back to ozone.metadata.dirs instead.
2024-05-04 14:26:33,313 [main] INFO  ha.SCMHANodeDetails (SCMHANodeDetails.java:loadSCMHAConfig(207)) - ServiceID for StorageContainerManager is null
2024-05-04 14:26:33,313 [main] INFO  ha.SCMHANodeDetails (SCMHANodeDetails.java:loadSCMHAConfig(212)) - ozone.scm.default.service.id is not defined, falling back to ozone.scm.service.ids to find serviceID for StorageContainerManager if it is HA enabled cluster
2024-05-04 14:26:33,314 [main] WARN  utils.HAUtils (HAUtils.java:getMetaDir(339)) - ozone.scm.db.dirs is not configured. We recommend adding this setting. Falling back to ozone.metadata.dirs instead.
2024-05-04 14:26:33,314 [main] WARN  db.DBStoreBuilder (DBStoreBuilder.java:applyDBDefinition(171)) - ozone.scm.db.dirs is not configured. We recommend adding this setting. Falling back to ozone.metadata.dirs instead.
2024-05-04 14:26:33,388 [main] INFO  net.NodeSchemaLoader (NodeSchemaLoader.java:loadSchemaFromFile(129)) - Loading schema from [file:/home/runner/work/ozone/ozone/hadoop-hdds/common/target/classes/network-topology-default.xml]
2024-05-04 14:26:33,388 [main] INFO  net.NodeSchemaLoader (NodeSchemaLoader.java:loadSchema(176)) - Loading network topology layer schema file
2024-05-04 14:26:33,391 [main] INFO  upgrade.AbstractLayoutVersionManager (AbstractLayoutVersionManager.java:init(83)) - Initializing Layout version manager with metadata layout = HADOOP_PRC_PORTS_IN_DATANODEDETAILS (version = 7), software layout = HADOOP_PRC_PORTS_IN_DATANODEDETAILS (version = 7)
2024-05-04 14:26:33,393 [main] INFO  ha.SequenceIdGenerator (SequenceIdGenerator.java:upgradeToSequenceId(370)) - upgrade localId to 113750153625600000
2024-05-04 14:26:33,394 [main] INFO  ha.SequenceIdGenerator (SequenceIdGenerator.java:upgradeToSequenceId(380)) - upgrade delTxnId to 0
2024-05-04 14:26:33,395 [main] INFO  ha.SequenceIdGenerator (SequenceIdGenerator.java:upgradeToSequenceId(397)) - upgrade containerId to 0
2024-05-04 14:26:33,396 [main] INFO  ha.SequenceIdGenerator (SequenceIdGenerator.java:upgradeToCertificateSequenceId(444)) - upgrade CertificateId to 2
2024-05-04 14:26:33,397 [main] INFO  ha.SequenceIdGenerator (SequenceIdGenerator.java:<init>(241)) - Init the HA SequenceIdGenerator.
2024-05-04 14:26:33,397 [main] INFO  node.SCMNodeManager (SCMNodeManager.java:<init>(177)) - Entering startup safe mode.
2024-05-04 14:26:33,398 [main] INFO  algorithms.ContainerPlacementPolicyFactory (ContainerPlacementPolicyFactory.java:getPolicyInternal(86)) - Create container placement policy of type org.apache.hadoop.hdds.scm.container.placement.algorithms.SCMContainerPlacementRackAware
2024-05-04 14:26:33,398 [main] INFO  algorithms.ContainerPlacementPolicyFactory (ContainerPlacementPolicyFactory.java:getPolicyInternal(86)) - Create container placement policy of type org.apache.hadoop.hdds.scm.container.placement.algorithms.SCMContainerPlacementRackScatter
2024-05-04 14:26:33,398 [main] INFO  pipeline.PipelineStateManagerImpl (PipelineStateManagerImpl.java:initialize(78)) - No pipeline exists in current db
2024-05-04 14:26:33,399 [main] INFO  algorithms.LeaderChoosePolicyFactory (LeaderChoosePolicyFactory.java:getPolicy(57)) - Create leader choose policy of type org.apache.hadoop.hdds.scm.pipeline.leader.choose.algorithms.MinLeaderCountChoosePolicy
2024-05-04 14:26:33,399 [main] INFO  algorithms.ContainerPlacementPolicyFactory (ContainerPlacementPolicyFactory.java:getPolicyInternal(86)) - Create container placement policy of type org.apache.hadoop.hdds.scm.container.placement.algorithms.SCMContainerPlacementRackScatter
2024-05-04 14:26:33,399 [main] INFO  ha.SCMServiceManager (SCMServiceManager.java:register(42)) - Registering service BackgroundPipelineCreator.
2024-05-04 14:26:33,399 [main] INFO  pipeline.BackgroundPipelineCreator (BackgroundPipelineCreator.java:start(127)) - Starting RatisPipelineUtilsThread.
2024-05-04 14:26:33,399 [main] INFO  BackgroundPipelineScrubber (BackgroundSCMService.java:start(65)) - Starting BackgroundPipelineScrubber Service.
2024-05-04 14:26:33,400 [main] INFO  ha.SCMServiceManager (SCMServiceManager.java:register(42)) - Registering service BackgroundPipelineScrubber.
2024-05-04 14:26:33,400 [main] INFO  ExpiredContainerReplicaOpScrubber (BackgroundSCMService.java:start(65)) - Starting ExpiredContainerReplicaOpScrubber Service.
2024-05-04 14:26:33,400 [main] INFO  ha.SCMServiceManager (SCMServiceManager.java:register(42)) - Registering service ExpiredContainerReplicaOpScrubber.
2024-05-04 14:26:33,401 [main] INFO  algorithms.PipelineChoosePolicyFactory (PipelineChoosePolicyFactory.java:createPipelineChoosePolicyFromClass(80)) - Create pipeline choose policy of type org.apache.hadoop.hdds.scm.pipeline.choose.algorithms.RandomPipelineChoosePolicy
2024-05-04 14:26:33,401 [main] INFO  algorithms.PipelineChoosePolicyFactory (PipelineChoosePolicyFactory.java:createPipelineChoosePolicyFromClass(80)) - Create pipeline choose policy of type org.apache.hadoop.hdds.scm.pipeline.choose.algorithms.RandomPipelineChoosePolicy
2024-05-04 14:26:33,402 [main] INFO  ha.SCMServiceManager (SCMServiceManager.java:register(42)) - Registering service SCMBlockDeletingService.
2024-05-04 14:26:33,403 [main] INFO  replication.ReplicationManager (ReplicationManager.java:start(296)) - Starting Replication Monitor Thread.
2024-05-04 14:26:33,409 [ReplicationMonitor] INFO  replication.ReplicationManager (ReplicationManager.java:processAll(373)) - Replication Manager is not ready to run until 3000ms after safemode exit
2024-05-04 14:26:33,409 [main] INFO  ha.SCMServiceManager (SCMServiceManager.java:register(42)) - Registering service ReplicationManager.
2024-05-04 14:26:33,410 [main] INFO  safemode.ContainerSafeModeRule (ContainerSafeModeRule.java:<init>(91)) - containers with one replica threshold count 0
2024-05-04 14:26:33,410 [main] INFO  safemode.HealthyPipelineSafeModeRule (HealthyPipelineSafeModeRule.java:initializeRule(176)) - Total pipeline count is 0, healthy pipeline threshold count is 1
2024-05-04 14:26:33,410 [main] INFO  safemode.OneReplicaPipelineSafeModeRule (OneReplicaPipelineSafeModeRule.java:initializeRule(193)) - Total pipeline count is 0, pipeline's with at least one datanode reported threshold count is 0
2024-05-04 14:26:33,413 [main] INFO  server.StorageContainerManager (StorageContainerManager.java:<init>(440)) - SCM start with adminUsers: [runner]
2024-05-04 14:26:33,414 [main] INFO  ipc.CallQueueManager (CallQueueManager.java:<init>(90)) - Using callQueue: class java.util.concurrent.LinkedBlockingQueue, queueCapacity: 10000, scheduler: class org.apache.hadoop.ipc.DefaultRpcScheduler, ipcBackoff: false.
2024-05-04 14:26:33,414 [main] INFO  ipc.Server (Server.java:<init>(1287)) - Listener at 0.0.0.0:15055
2024-05-04 14:26:33,415 [Socket Reader #1 for port 15055] INFO  ipc.Server (Server.java:run(1323)) - Starting Socket Reader #1 for port 15055
2024-05-04 14:26:33,418 [main] INFO  ipc.CallQueueManager (CallQueueManager.java:<init>(90)) - Using callQueue: class java.util.concurrent.LinkedBlockingQueue, queueCapacity: 10000, scheduler: class org.apache.hadoop.ipc.DefaultRpcScheduler, ipcBackoff: false.
2024-05-04 14:26:33,418 [main] INFO  ipc.Server (Server.java:<init>(1287)) - Listener at 0.0.0.0:15054
2024-05-04 14:26:33,422 [Socket Reader #1 for port 15054] INFO  ipc.Server (Server.java:run(1323)) - Starting Socket Reader #1 for port 15054
2024-05-04 14:26:33,423 [main] INFO  ipc.CallQueueManager (CallQueueManager.java:<init>(90)) - Using callQueue: class java.util.concurrent.LinkedBlockingQueue, queueCapacity: 10000, scheduler: class org.apache.hadoop.ipc.DefaultRpcScheduler, ipcBackoff: false.
2024-05-04 14:26:33,423 [main] INFO  ipc.Server (Server.java:<init>(1287)) - Listener at 0.0.0.0:15053
2024-05-04 14:26:33,424 [Socket Reader #1 for port 15053] INFO  ipc.Server (Server.java:run(1323)) - Starting Socket Reader #1 for port 15053
2024-05-04 14:26:33,431 [main] INFO  ha.SCMServiceManager (SCMServiceManager.java:register(42)) - Registering service ContainerBalancer.
2024-05-04 14:26:33,432 [main] INFO  ha.SCMContext (SCMContext.java:updateSafeModeStatus(225)) - Update SafeModeStatus from SafeModeStatus{safeModeStatus=true, preCheckPassed=false} to SafeModeStatus{safeModeStatus=true, preCheckPassed=false}.
2024-05-04 14:26:33,432 [main] INFO  server.StorageContainerManager (StorageContainerManager.java:start(1545)) - StorageContainerLocationProtocol RPC server is listening at /0.0.0.0:15053
2024-05-04 14:26:33,433 [main] WARN  impl.MetricsConfig (MetricsConfig.java:loadFirst(136)) - Cannot locate configuration: tried hadoop-metrics2-storagecontainermanager.properties,hadoop-metrics2.properties
2024-05-04 14:26:33,441 [main] INFO  impl.MetricsSystemImpl (MetricsSystemImpl.java:startTimer(378)) - Scheduled Metric snapshot period at 10 second(s).
2024-05-04 14:26:33,441 [main] INFO  impl.MetricsSystemImpl (MetricsSystemImpl.java:start(191)) - StorageContainerManager metrics system started
2024-05-04 14:26:33,444 [main] INFO  impl.MetricsSinkAdapter (MetricsSinkAdapter.java:start(204)) - Sink prometheus started
2024-05-04 14:26:33,444 [main] INFO  impl.MetricsSystemImpl (MetricsSystemImpl.java:registerSink(305)) - Registered sink prometheus
2024-05-04 14:26:33,461 [main] INFO  server.SCMClientProtocolServer (SCMClientProtocolServer.java:start(204)) - RPC server for Client  is listening at /0.0.0.0:15053
2024-05-04 14:26:33,462 [IPC Server Responder] INFO  ipc.Server (Server.java:run(1562)) - IPC Server Responder: starting
2024-05-04 14:26:33,465 [IPC Server listener on 15053] INFO  ipc.Server (Server.java:run(1402)) - IPC Server listener on 15053: starting
2024-05-04 14:26:33,486 [main] INFO  server.StorageContainerManager (StorageContainerManager.java:start(1558)) - ScmBlockLocationProtocol RPC server is listening at /0.0.0.0:15054
2024-05-04 14:26:33,487 [main] INFO  server.SCMBlockProtocolServer (SCMBlockProtocolServer.java:start(162)) - RPC server for Block Protocol is listening at /0.0.0.0:15054
2024-05-04 14:26:33,487 [IPC Server Responder] INFO  ipc.Server (Server.java:run(1562)) - IPC Server Responder: starting
2024-05-04 14:26:33,487 [IPC Server listener on 15054] INFO  ipc.Server (Server.java:run(1402)) - IPC Server listener on 15054: starting
2024-05-04 14:26:33,494 [main] INFO  server.SCMDatanodeProtocolServer (SCMDatanodeProtocolServer.java:start(194)) - ScmDatanodeProtocol RPC server for DataNodes is listening at /0.0.0.0:15055
2024-05-04 14:26:33,495 [IPC Server Responder] INFO  ipc.Server (Server.java:run(1562)) - IPC Server Responder: starting
2024-05-04 14:26:33,495 [IPC Server listener on 15055] INFO  ipc.Server (Server.java:run(1402)) - IPC Server listener on 15055: starting
2024-05-04 14:26:33,502 [JvmPauseMonitor7] INFO  util.JvmPauseMonitor (JvmPauseMonitor.java:run(146)) - JvmPauseMonitor-194bc5ab-432c-4ed7-a786-da2a081aaec1: Started
2024-05-04 14:26:33,503 [main] INFO  http.BaseHttpServer (BaseHttpServer.java:newHttpServer2BuilderForOzone(223)) - Starting Web-server for scm at: http://0.0.0.0:15056
2024-05-04 14:26:33,503 [main] INFO  http.BaseHttpServer (BaseHttpServer.java:<init>(110)) - Hadoop Security Enabled: false Ozone Security Enabled: false Ozone HTTP Security Enabled: false 
2024-05-04 14:26:33,504 [main] WARN  server.AuthenticationFilter (AuthenticationFilter.java:constructSecretProvider(240)) - Unable to initialize FileSignerSecretProvider, falling back to use random secrets. Reason: Could not read signature secret file: /home/runner/hadoop-http-auth-signature-secret
2024-05-04 14:26:33,505 [main] INFO  http.HttpRequestLog (HttpRequestLog.java:getRequestLog(86)) - Http request log for http.requests.scm is not defined
2024-05-04 14:26:33,506 [main] INFO  http.HttpServer2 (HttpServer2.java:addGlobalFilter(1036)) - Added global filter 'safety' (class=org.apache.hadoop.hdds.server.http.HttpServer2$QuotingInputFilter)
2024-05-04 14:26:33,507 [main] INFO  http.HttpServer2 (HttpServer2.java:addFilter(1012)) - Added filter static_user_filter (class=org.apache.hadoop.http.lib.StaticUserWebFilter$StaticUserFilter) to context scm
2024-05-04 14:26:33,507 [main] INFO  http.HttpServer2 (HttpServer2.java:addFilter(1020)) - Added filter static_user_filter (class=org.apache.hadoop.http.lib.StaticUserWebFilter$StaticUserFilter) to context logs
2024-05-04 14:26:33,507 [main] INFO  http.HttpServer2 (HttpServer2.java:addFilter(1020)) - Added filter static_user_filter (class=org.apache.hadoop.http.lib.StaticUserWebFilter$StaticUserFilter) to context static
2024-05-04 14:26:33,508 [main] INFO  http.BaseHttpServer (BaseHttpServer.java:<init>(189)) - HTTP server of scm uses base directory /home/runner/work/ozone/ozone/hadoop-ozone/integration-test/target/test-dir/MiniOzoneClusterImpl-7c905145-d891-4b2f-be71-50eb4aa8551e/ozone-meta/webserver
2024-05-04 14:26:33,508 [main] INFO  http.HttpServer2 (HttpServer2.java:bindListener(1236)) - Jetty bound to port 15056
2024-05-04 14:26:33,508 [main] INFO  server.Server (Server.java:doStart(375)) - jetty-9.4.54.v20240208; built: 2024-02-08T19:42:39.027Z; git: cef3fbd6d736a21e7d541a5db490381d95a2047d; jvm 17.0.10+7
2024-05-04 14:26:33,509 [main] INFO  server.session (DefaultSessionIdManager.java:doStart(334)) - DefaultSessionIdManager workerName=node0
2024-05-04 14:26:33,509 [main] INFO  server.session (DefaultSessionIdManager.java:doStart(339)) - No SessionScavenger set, using defaults
2024-05-04 14:26:33,510 [main] INFO  server.session (HouseKeeper.java:startScavenging(132)) - node0 Scavenging every 600000ms
2024-05-04 14:26:33,510 [main] INFO  handler.ContextHandler (ContextHandler.java:doStart(921)) - Started o.e.j.s.ServletContextHandler@21721fc6{logs,/logs,file:///home/runner/work/ozone/ozone/hadoop-ozone/integration-test/target/log,AVAILABLE}
2024-05-04 14:26:33,511 [main] INFO  handler.ContextHandler (ContextHandler.java:doStart(921)) - Started o.e.j.s.ServletContextHandler@1c244e31{static,/static,file:///home/runner/work/ozone/ozone/hadoop-ozone/integration-test/target/test-classes/webapps/static,AVAILABLE}
2024-05-04 14:26:33,517 [main] INFO  handler.ContextHandler (ContextHandler.java:doStart(921)) - Started o.e.j.w.WebAppContext@c370bb5{scm,/,file:///home/runner/work/ozone/ozone/hadoop-ozone/integration-test/target/test-classes/webapps/scm/,AVAILABLE}{file:/home/runner/work/ozone/ozone/hadoop-ozone/integration-test/target/test-classes/webapps/scm}
2024-05-04 14:26:33,517 [main] INFO  server.AbstractConnector (AbstractConnector.java:doStart(333)) - Started ServerConnector@6a377a{HTTP/1.1, (http/1.1)}{0.0.0.0:15056}
2024-05-04 14:26:33,517 [main] INFO  server.Server (Server.java:doStart(415)) - Started @53774ms
2024-05-04 14:26:33,517 [main] WARN  impl.MetricsSystemImpl (MetricsSystemImpl.java:register(279)) - Sink prometheus already exists!
2024-05-04 14:26:33,518 [main] INFO  http.BaseHttpServer (BaseHttpServer.java:updateConnectorAddress(354)) - HTTP server of scm listening at http://0.0.0.0:15056
2024-05-04 14:26:33,518 [main] WARN  server.ServerUtils (ServerUtils.java:getDBPath(299)) - ozone.om.db.dirs is not configured. We recommend adding this setting. Falling back to ozone.metadata.dirs instead.
2024-05-04 14:26:33,520 [main] INFO  ha.OMHANodeDetails (OMHANodeDetails.java:loadOMHAConfig(115)) - ozone.om.internal.service.id is not defined, falling back to ozone.om.service.ids to find serviceID for OzoneManager if it is HA enabled cluster
2024-05-04 14:26:33,520 [main] INFO  ha.OMHANodeDetails (OMHANodeDetails.java:loadOMHAConfig(226)) - Configuration does not have ozone.om.address set. Falling back to the default OM address /127.0.0.1:15057
2024-05-04 14:26:33,521 [main] INFO  ha.OMHANodeDetails (OMHANodeDetails.java:getOMNodeDetailsForNonHA(254)) - OM Service ID is not set. Setting it to the default ID: omServiceIdDefault
2024-05-04 14:26:33,521 [main] INFO  ha.OMHANodeDetails (OMHANodeDetails.java:getOMNodeDetailsForNonHA(261)) - OM Node ID is not set. Setting it to the default ID: om1
2024-05-04 14:26:33,521 [main] WARN  server.ServerUtils (ServerUtils.java:getDBPath(299)) - ozone.om.db.dirs is not configured. We recommend adding this setting. Falling back to ozone.metadata.dirs instead.
2024-05-04 14:26:33,522 [main] INFO  upgrade.AbstractLayoutVersionManager (AbstractLayoutVersionManager.java:init(83)) - Initializing Layout version manager with metadata layout = QUOTA (version = 6), software layout = QUOTA (version = 6)
2024-05-04 14:26:33,564 [main] INFO  reflections.Reflections (Reflections.java:scan(219)) - Reflections took 41 ms to scan 2 urls, producing 188 keys and 545 values
2024-05-04 14:26:33,565 [main] INFO  upgrade.OMLayoutVersionManager (OMLayoutVersionManager.java:lambda$0(113)) - Skipping Upgrade Action QuotaRepairUpgradeAction since it has been finalized.
2024-05-04 14:26:33,565 [main] INFO  upgrade.OMLayoutVersionManager (OMLayoutVersionManager.java:lambda$0(113)) - Skipping Upgrade Action MockOmUpgradeAction since it has been finalized.
2024-05-04 14:26:33,565 [main] WARN  server.ServerUtils (ServerUtils.java:getDBPath(299)) - ozone.om.db.dirs is not configured. We recommend adding this setting. Falling back to ozone.metadata.dirs instead.
2024-05-04 14:26:33,567 [main] INFO  proxy.SCMBlockLocationFailoverProxyProvider (SCMBlockLocationFailoverProxyProvider.java:<init>(115)) - Created block location fail-over proxy with 1 nodes: [nodeId=scmNodeId,nodeAddress=/0.0.0.0:15054]
2024-05-04 14:26:33,569 [main] INFO  proxy.SCMBlockLocationFailoverProxyProvider (SCMBlockLocationFailoverProxyProvider.java:<init>(115)) - Created block location fail-over proxy with 1 nodes: [nodeId=scmNodeId,nodeAddress=/0.0.0.0:15054]
2024-05-04 14:26:33,573 [main] INFO  om.OzoneManager (OzoneManager.java:<init>(677)) - OM start with adminUsers: [runner]
2024-05-04 14:26:33,574 [main] WARN  server.ServerUtils (ServerUtils.java:getDBPath(299)) - ozone.om.db.dirs is not configured. We recommend adding this setting. Falling back to ozone.metadata.dirs instead.
2024-05-04 14:26:33,575 [main] INFO  helpers.OmKeyInfo (OmKeyInfo.java:getCodec(72)) - OmKeyInfo.getCodec ignorePipeline = true
2024-05-04 14:26:33,735 [main] INFO  om.OzoneManager (OzoneManager.java:instantiateServices(811)) - S3 Multi-Tenancy is disabled
2024-05-04 14:26:33,735 [main] INFO  om.OmSnapshotManager (OmSnapshotManager.java:<init>(179)) - Ozone filesystem snapshot feature is enabled.
2024-05-04 14:26:33,736 [main] WARN  server.ServerUtils (ServerUtils.java:getDBPath(299)) - ozone.om.snapshot.diff.db.dir is not configured. We recommend adding this setting. Falling back to ozone.metadata.dirs instead.
2024-05-04 14:26:33,751 [main] INFO  utils.NativeLibraryLoader (NativeLibraryLoader.java:loadLibrary(111)) - Loading Library: ozone_rocksdb_tools
2024-05-04 14:26:33,752 [main] ERROR snapshot.SnapshotDiffManager (SnapshotDiffManager.java:initNativeLibraryForEfficientDiff(287)) - Native Library for raw sst file reading loading failed.
org.apache.hadoop.hdds.utils.NativeLibraryNotLoadedException: Unable to load library ozone_rocksdb_tools from both java.library.path & resource file libozone_rocksdb_tools.so from jar.
	at org.apache.hadoop.hdds.utils.db.managed.ManagedRawSSTFileReader.loadLibrary(ManagedRawSSTFileReader.java:40)
	at org.apache.hadoop.ozone.om.snapshot.SnapshotDiffManager.initNativeLibraryForEfficientDiff(SnapshotDiffManager.java:285)
	at org.apache.hadoop.ozone.om.snapshot.SnapshotDiffManager.<init>(SnapshotDiffManager.java:259)
	at org.apache.hadoop.ozone.om.OmSnapshotManager.<init>(OmSnapshotManager.java:286)
	at org.apache.hadoop.ozone.om.OzoneManager.instantiateServices(OzoneManager.java:863)
	at org.apache.hadoop.ozone.om.OzoneManager.<init>(OzoneManager.java:687)
	at org.apache.hadoop.ozone.om.OzoneManager.createOm(OzoneManager.java:774)
	at org.apache.hadoop.ozone.MiniOzoneClusterImpl$Builder.createOM(MiniOzoneClusterImpl.java:689)
	at org.apache.hadoop.ozone.MiniOzoneClusterImpl$Builder.createAndStartSingleOM(MiniOzoneClusterImpl.java:673)
	at org.apache.hadoop.ozone.MiniOzoneClusterImpl$Builder.build(MiniOzoneClusterImpl.java:535)
	at org.apache.hadoop.ozone.client.rpc.TestBlockOutputStream.createCluster(TestBlockOutputStream.java:118)
	at org.apache.hadoop.ozone.client.rpc.TestBlockOutputStreamWithFailures.init(TestBlockOutputStreamWithFailures.java:72)
	at java.base/jdk.internal.reflect.NativeMethodAccessorImpl.invoke0(Native Method)
	at java.base/jdk.internal.reflect.NativeMethodAccessorImpl.invoke(NativeMethodAccessorImpl.java:77)
	at java.base/jdk.internal.reflect.DelegatingMethodAccessorImpl.invoke(DelegatingMethodAccessorImpl.java:43)
	at java.base/java.lang.reflect.Method.invoke(Method.java:568)
	at org.junit.platform.commons.util.ReflectionUtils.invokeMethod(ReflectionUtils.java:728)
	at org.junit.jupiter.engine.execution.MethodInvocation.proceed(MethodInvocation.java:60)
	at org.junit.jupiter.engine.execution.InvocationInterceptorChain$ValidatingInvocation.proceed(InvocationInterceptorChain.java:131)
	at org.junit.jupiter.engine.extension.TimeoutExtension.intercept(TimeoutExtension.java:156)
	at org.junit.jupiter.engine.extension.TimeoutExtension.interceptLifecycleMethod(TimeoutExtension.java:128)
	at org.junit.jupiter.engine.extension.TimeoutExtension.interceptBeforeEachMethod(TimeoutExtension.java:78)
	at org.junit.jupiter.engine.execution.InterceptingExecutableInvoker$ReflectiveInterceptorCall.lambda$ofVoidMethod$0(InterceptingExecutableInvoker.java:103)
	at org.junit.jupiter.engine.execution.InterceptingExecutableInvoker.lambda$invoke$0(InterceptingExecutableInvoker.java:93)
	at org.junit.jupiter.engine.execution.InvocationInterceptorChain$InterceptedInvocation.proceed(InvocationInterceptorChain.java:106)
	at org.junit.jupiter.engine.execution.InvocationInterceptorChain.proceed(InvocationInterceptorChain.java:64)
	at org.junit.jupiter.engine.execution.InvocationInterceptorChain.chainAndInvoke(InvocationInterceptorChain.java:45)
	at org.junit.jupiter.engine.execution.InvocationInterceptorChain.invoke(InvocationInterceptorChain.java:37)
	at org.junit.jupiter.engine.execution.InterceptingExecutableInvoker.invoke(InterceptingExecutableInvoker.java:92)
	at org.junit.jupiter.engine.execution.InterceptingExecutableInvoker.invoke(InterceptingExecutableInvoker.java:86)
	at org.junit.jupiter.engine.descriptor.ClassBasedTestDescriptor.invokeMethodInExtensionContext(ClassBasedTestDescriptor.java:521)
	at org.junit.jupiter.engine.descriptor.ClassBasedTestDescriptor.lambda$synthesizeBeforeEachMethodAdapter$23(ClassBasedTestDescriptor.java:506)
	at org.junit.jupiter.engine.descriptor.TestMethodTestDescriptor.lambda$invokeBeforeEachMethods$3(TestMethodTestDescriptor.java:175)
	at org.junit.jupiter.engine.descriptor.TestMethodTestDescriptor.lambda$invokeBeforeMethodsOrCallbacksUntilExceptionOccurs$6(TestMethodTestDescriptor.java:203)
	at org.junit.platform.engine.support.hierarchical.ThrowableCollector.execute(ThrowableCollector.java:73)
	at org.junit.jupiter.engine.descriptor.TestMethodTestDescriptor.invokeBeforeMethodsOrCallbacksUntilExceptionOccurs(TestMethodTestDescriptor.java:203)
	at org.junit.jupiter.engine.descriptor.TestMethodTestDescriptor.invokeBeforeEachMethods(TestMethodTestDescriptor.java:172)
	at org.junit.jupiter.engine.descriptor.TestMethodTestDescriptor.execute(TestMethodTestDescriptor.java:135)
	at org.junit.jupiter.engine.descriptor.TestMethodTestDescriptor.execute(TestMethodTestDescriptor.java:69)
	at org.junit.platform.engine.support.hierarchical.NodeTestTask.lambda$executeRecursively$6(NodeTestTask.java:151)
	at org.junit.platform.engine.support.hierarchical.ThrowableCollector.execute(ThrowableCollector.java:73)
	at org.junit.platform.engine.support.hierarchical.NodeTestTask.lambda$executeRecursively$8(NodeTestTask.java:141)
	at org.junit.platform.engine.support.hierarchical.Node.around(Node.java:137)
	at org.junit.platform.engine.support.hierarchical.NodeTestTask.lambda$executeRecursively$9(NodeTestTask.java:139)
	at org.junit.platform.engine.support.hierarchical.ThrowableCollector.execute(ThrowableCollector.java:73)
	at org.junit.platform.engine.support.hierarchical.NodeTestTask.executeRecursively(NodeTestTask.java:138)
	at org.junit.platform.engine.support.hierarchical.NodeTestTask.execute(NodeTestTask.java:95)
	at org.junit.platform.engine.support.hierarchical.SameThreadHierarchicalTestExecutorService.submit(SameThreadHierarchicalTestExecutorService.java:35)
	at org.junit.platform.engine.support.hierarchical.NodeTestTask$DefaultDynamicTestExecutor.execute(NodeTestTask.java:226)
	at org.junit.platform.engine.support.hierarchical.NodeTestTask$DefaultDynamicTestExecutor.execute(NodeTestTask.java:204)
	at org.junit.jupiter.engine.descriptor.TestTemplateTestDescriptor.execute(TestTemplateTestDescriptor.java:142)
	at org.junit.jupiter.engine.descriptor.TestTemplateTestDescriptor.lambda$execute$2(TestTemplateTestDescriptor.java:110)
	at java.base/java.util.stream.ForEachOps$ForEachOp$OfRef.accept(ForEachOps.java:183)
	at java.base/java.util.stream.ReferencePipeline$3$1.accept(ReferencePipeline.java:197)
	at java.base/java.util.stream.ReferencePipeline$2$1.accept(ReferencePipeline.java:179)
	at java.base/java.util.stream.ReferencePipeline$3$1.accept(ReferencePipeline.java:197)
	at java.base/java.util.stream.ForEachOps$ForEachOp$OfRef.accept(ForEachOps.java:183)
	at java.base/java.util.stream.ReferencePipeline$3$1.accept(ReferencePipeline.java:197)
	at java.base/java.util.stream.ReferencePipeline$3$1.accept(ReferencePipeline.java:197)
	at java.base/java.util.stream.ReferencePipeline$3$1.accept(ReferencePipeline.java:197)
	at java.base/java.util.stream.ForEachOps$ForEachOp$OfRef.accept(ForEachOps.java:183)
	at java.base/java.util.stream.ReferencePipeline$3$1.accept(ReferencePipeline.java:197)
	at java.base/java.util.Spliterators$ArraySpliterator.forEachRemaining(Spliterators.java:992)
	at java.base/java.util.stream.AbstractPipeline.copyInto(AbstractPipeline.java:509)
	at java.base/java.util.stream.AbstractPipeline.wrapAndCopyInto(AbstractPipeline.java:499)
	at java.base/java.util.stream.ForEachOps$ForEachOp.evaluateSequential(ForEachOps.java:150)
	at java.base/java.util.stream.ForEachOps$ForEachOp$OfRef.evaluateSequential(ForEachOps.java:173)
	at java.base/java.util.stream.AbstractPipeline.evaluate(AbstractPipeline.java:234)
	at java.base/java.util.stream.ReferencePipeline.forEach(ReferencePipeline.java:596)
	at java.base/java.util.stream.ReferencePipeline$7$1.accept(ReferencePipeline.java:276)
	at java.base/java.util.stream.ReferencePipeline$3$1.accept(ReferencePipeline.java:197)
	at java.base/java.util.stream.ReferencePipeline$3$1.accept(ReferencePipeline.java:197)
	at java.base/java.util.stream.ReferencePipeline$3$1.accept(ReferencePipeline.java:197)
	at java.base/java.util.ArrayList$ArrayListSpliterator.forEachRemaining(ArrayList.java:1625)
	at java.base/java.util.stream.AbstractPipeline.copyInto(AbstractPipeline.java:509)
	at java.base/java.util.stream.AbstractPipeline.wrapAndCopyInto(AbstractPipeline.java:499)
	at java.base/java.util.stream.ForEachOps$ForEachOp.evaluateSequential(ForEachOps.java:150)
	at java.base/java.util.stream.ForEachOps$ForEachOp$OfRef.evaluateSequential(ForEachOps.java:173)
	at java.base/java.util.stream.AbstractPipeline.evaluate(AbstractPipeline.java:234)
	at java.base/java.util.stream.ReferencePipeline.forEach(ReferencePipeline.java:596)
	at java.base/java.util.stream.ReferencePipeline$7$1.accept(ReferencePipeline.java:276)
	at java.base/java.util.ArrayList$ArrayListSpliterator.forEachRemaining(ArrayList.java:1625)
	at java.base/java.util.stream.AbstractPipeline.copyInto(AbstractPipeline.java:509)
	at java.base/java.util.stream.AbstractPipeline.wrapAndCopyInto(AbstractPipeline.java:499)
	at java.base/java.util.stream.ForEachOps$ForEachOp.evaluateSequential(ForEachOps.java:150)
	at java.base/java.util.stream.ForEachOps$ForEachOp$OfRef.evaluateSequential(ForEachOps.java:173)
	at java.base/java.util.stream.AbstractPipeline.evaluate(AbstractPipeline.java:234)
	at java.base/java.util.stream.ReferencePipeline.forEach(ReferencePipeline.java:596)
	at org.junit.jupiter.engine.descriptor.TestTemplateTestDescriptor.execute(TestTemplateTestDescriptor.java:110)
	at org.junit.jupiter.engine.descriptor.TestTemplateTestDescriptor.execute(TestTemplateTestDescriptor.java:44)
	at org.junit.platform.engine.support.hierarchical.NodeTestTask.lambda$executeRecursively$6(NodeTestTask.java:151)
	at org.junit.platform.engine.support.hierarchical.ThrowableCollector.execute(ThrowableCollector.java:73)
	at org.junit.platform.engine.support.hierarchical.NodeTestTask.lambda$executeRecursively$8(NodeTestTask.java:141)
	at org.junit.platform.engine.support.hierarchical.Node.around(Node.java:137)
	at org.junit.platform.engine.support.hierarchical.NodeTestTask.lambda$executeRecursively$9(NodeTestTask.java:139)
	at org.junit.platform.engine.support.hierarchical.ThrowableCollector.execute(ThrowableCollector.java:73)
	at org.junit.platform.engine.support.hierarchical.NodeTestTask.executeRecursively(NodeTestTask.java:138)
	at org.junit.platform.engine.support.hierarchical.NodeTestTask.execute(NodeTestTask.java:95)
	at java.base/java.util.ArrayList.forEach(ArrayList.java:1511)
	at org.junit.platform.engine.support.hierarchical.SameThreadHierarchicalTestExecutorService.invokeAll(SameThreadHierarchicalTestExecutorService.java:41)
	at org.junit.platform.engine.support.hierarchical.NodeTestTask.lambda$executeRecursively$6(NodeTestTask.java:155)
	at org.junit.platform.engine.support.hierarchical.ThrowableCollector.execute(ThrowableCollector.java:73)
	at org.junit.platform.engine.support.hierarchical.NodeTestTask.lambda$executeRecursively$8(NodeTestTask.java:141)
	at org.junit.platform.engine.support.hierarchical.Node.around(Node.java:137)
	at org.junit.platform.engine.support.hierarchical.NodeTestTask.lambda$executeRecursively$9(NodeTestTask.java:139)
	at org.junit.platform.engine.support.hierarchical.ThrowableCollector.execute(ThrowableCollector.java:73)
	at org.junit.platform.engine.support.hierarchical.NodeTestTask.executeRecursively(NodeTestTask.java:138)
	at org.junit.platform.engine.support.hierarchical.NodeTestTask.execute(NodeTestTask.java:95)
	at java.base/java.util.ArrayList.forEach(ArrayList.java:1511)
	at org.junit.platform.engine.support.hierarchical.SameThreadHierarchicalTestExecutorService.invokeAll(SameThreadHierarchicalTestExecutorService.java:41)
	at org.junit.platform.engine.support.hierarchical.NodeTestTask.lambda$executeRecursively$6(NodeTestTask.java:155)
	at org.junit.platform.engine.support.hierarchical.ThrowableCollector.execute(ThrowableCollector.java:73)
	at org.junit.platform.engine.support.hierarchical.NodeTestTask.lambda$executeRecursively$8(NodeTestTask.java:141)
	at org.junit.platform.engine.support.hierarchical.Node.around(Node.java:137)
	at org.junit.platform.engine.support.hierarchical.NodeTestTask.lambda$executeRecursively$9(NodeTestTask.java:139)
	at org.junit.platform.engine.support.hierarchical.ThrowableCollector.execute(ThrowableCollector.java:73)
	at org.junit.platform.engine.support.hierarchical.NodeTestTask.executeRecursively(NodeTestTask.java:138)
	at org.junit.platform.engine.support.hierarchical.NodeTestTask.execute(NodeTestTask.java:95)
	at org.junit.platform.engine.support.hierarchical.SameThreadHierarchicalTestExecutorService.submit(SameThreadHierarchicalTestExecutorService.java:35)
	at org.junit.platform.engine.support.hierarchical.HierarchicalTestExecutor.execute(HierarchicalTestExecutor.java:57)
	at org.junit.platform.engine.support.hierarchical.HierarchicalTestEngine.execute(HierarchicalTestEngine.java:54)
	at org.junit.platform.launcher.core.EngineExecutionOrchestrator.execute(EngineExecutionOrchestrator.java:198)
	at org.junit.platform.launcher.core.EngineExecutionOrchestrator.execute(EngineExecutionOrchestrator.java:169)
	at org.junit.platform.launcher.core.EngineExecutionOrchestrator.execute(EngineExecutionOrchestrator.java:93)
	at org.junit.platform.launcher.core.EngineExecutionOrchestrator.lambda$execute$0(EngineExecutionOrchestrator.java:58)
	at org.junit.platform.launcher.core.EngineExecutionOrchestrator.withInterceptedStreams(EngineExecutionOrchestrator.java:141)
	at org.junit.platform.launcher.core.EngineExecutionOrchestrator.execute(EngineExecutionOrchestrator.java:57)
	at org.junit.platform.launcher.core.DefaultLauncher.execute(DefaultLauncher.java:103)
	at org.junit.platform.launcher.core.DefaultLauncher.execute(DefaultLauncher.java:85)
	at org.junit.platform.launcher.core.DelegatingLauncher.execute(DelegatingLauncher.java:47)
	at org.junit.platform.launcher.core.SessionPerRequestLauncher.execute(SessionPerRequestLauncher.java:63)
	at org.apache.maven.surefire.junitplatform.JUnitPlatformProvider.invokeAllTests(JUnitPlatformProvider.java:154)
	at org.apache.maven.surefire.junitplatform.JUnitPlatformProvider.invoke(JUnitPlatformProvider.java:123)
	at org.apache.maven.surefire.booter.ForkedBooter.runSuitesInProcess(ForkedBooter.java:377)
	at org.apache.maven.surefire.booter.ForkedBooter.execute(ForkedBooter.java:138)
	at org.apache.maven.surefire.booter.ForkedBooter.run(ForkedBooter.java:465)
	at org.apache.maven.surefire.booter.ForkedBooter.main(ForkedBooter.java:451)
2024-05-04 14:26:33,754 [main] INFO  om.OzoneManager (OzoneManager.java:addS3GVolumeToDB(4463)) - Created Volume s3v With Owner runner required for S3Gateway operations.
2024-05-04 14:26:33,754 [main] WARN  server.ServerUtils (ServerUtils.java:getDefaultRatisDirectory(311)) - Storage directory for Ratis is not configured. It is a good idea to map this to an SSD disk. Falling back to ozone.metadata.dirs
2024-05-04 14:26:33,754 [main] WARN  utils.OzoneManagerRatisUtils (OzoneManagerRatisUtils.java:getOMRatisSnapshotDirectory(476)) - ozone.om.ratis.snapshot.dir is not configured. Falling back to ozone.metadata.dirs config
2024-05-04 14:26:33,755 [main] WARN  server.ServerUtils (ServerUtils.java:getDefaultRatisDirectory(311)) - Storage directory for Ratis is not configured. It is a good idea to map this to an SSD disk. Falling back to ozone.metadata.dirs
2024-05-04 14:26:33,756 [main] INFO  ratis.OzoneManagerRatisServer (OzoneManagerRatisServer.java:<init>(167)) - Instantiating OM Ratis server with groupID: omServiceIdDefault and peers: localhost:15060
2024-05-04 14:26:33,756 [main] INFO  ratis.OzoneManagerStateMachine (OzoneManagerStateMachine.java:loadSnapshotInfoFromDB(589)) - TransactionInfo not found in OM DB.
2024-05-04 14:26:33,757 [main] INFO  server.RaftServer (ConfUtils.java:logGet(46)) - raft.rpc.type = GRPC (default)
2024-05-04 14:26:33,757 [main] INFO  grpc.GrpcConfigKeys (ConfUtils.java:logFallback(53)) - raft.grpc.admin.host = null (fallback to raft.grpc.server.host)
2024-05-04 14:26:33,757 [main] INFO  grpc.GrpcConfigKeys (ConfUtils.java:logFallback(53)) - raft.grpc.admin.port = 15060 (fallback to raft.grpc.server.port)
2024-05-04 14:26:33,757 [main] INFO  grpc.GrpcConfigKeys (ConfUtils.java:logFallback(53)) - raft.grpc.client.host = null (fallback to raft.grpc.server.host)
2024-05-04 14:26:33,757 [main] INFO  grpc.GrpcConfigKeys (ConfUtils.java:logFallback(53)) - raft.grpc.client.port = 15060 (fallback to raft.grpc.server.port)
2024-05-04 14:26:33,757 [main] INFO  grpc.GrpcConfigKeys (ConfUtils.java:logGet(46)) - raft.grpc.server.host = null (default)
2024-05-04 14:26:33,757 [main] INFO  grpc.GrpcConfigKeys (ConfUtils.java:logGet(46)) - raft.grpc.server.port = 15060 (custom)
2024-05-04 14:26:33,758 [main] INFO  server.GrpcService (ConfUtils.java:logGet(46)) - raft.grpc.message.size.max = 4194304 (custom)
2024-05-04 14:26:33,758 [main] INFO  server.RaftServerConfigKeys (ConfUtils.java:logGet(46)) - raft.server.log.appender.buffer.byte-limit = 4194304 (custom)
2024-05-04 14:26:33,758 [main] INFO  server.GrpcService (ConfUtils.java:logGet(46)) - raft.grpc.flow.control.window = 1MB (=1048576) (default)
2024-05-04 14:26:33,758 [main] INFO  server.RaftServerConfigKeys (ConfUtils.java:logGet(46)) - raft.server.rpc.request.timeout = 3000ms (default)
2024-05-04 14:26:33,758 [main] INFO  grpc.GrpcConfigKeys (ConfUtils.java:logGet(46)) - raft.grpc.server.heartbeat.channel = true (default)
2024-05-04 14:26:33,758 [main] INFO  grpc.GrpcConfigKeys (ConfUtils.java:logGet(46)) - raft.grpc.server.async.request.thread.pool.cached = true (default)
2024-05-04 14:26:33,758 [main] INFO  grpc.GrpcConfigKeys (ConfUtils.java:logGet(46)) - raft.grpc.server.async.request.thread.pool.size = 32 (default)
2024-05-04 14:26:33,759 [main] INFO  impl.DataStreamServerImpl (ConfUtils.java:logGet(46)) - raft.datastream.type = DISABLED (default)
2024-05-04 14:26:33,759 [main] INFO  server.RaftServerConfigKeys (ConfUtils.java:logGet(46)) - raft.server.sleep.deviation.threshold = 300ms (default)
2024-05-04 14:26:33,760 [main] INFO  server.RaftServerConfigKeys (ConfUtils.java:logGet(46)) - raft.server.close.threshold = 60s (default)
2024-05-04 14:26:33,760 [main] INFO  server.RaftServerConfigKeys (ConfUtils.java:logGet(46)) - raft.server.leaderelection.leader.step-down.wait-time = 10s (default)
2024-05-04 14:26:33,760 [main] INFO  server.RaftServerConfigKeys (ConfUtils.java:logGet(46)) - raft.server.storage.dir = [/home/runner/work/ozone/ozone/hadoop-ozone/integration-test/target/test-dir/MiniOzoneClusterImpl-7c905145-d891-4b2f-be71-50eb4aa8551e/ozone-meta/ratis] (custom)
2024-05-04 14:26:33,760 [main] INFO  server.RaftServerConfigKeys (ConfUtils.java:logGet(46)) - raft.server.threadpool.proxy.cached = true (default)
2024-05-04 14:26:33,760 [main] INFO  server.RaftServerConfigKeys (ConfUtils.java:logGet(46)) - raft.server.threadpool.proxy.size = 0 (default)
2024-05-04 14:26:33,761 [main] INFO  server.RaftServer (RaftServerProxy.java:addNew(100)) - om1: addNew group-C5BA1605619E:[om1|localhost:15060] returns group-C5BA1605619E:java.util.concurrent.CompletableFuture@76fabd1[Not completed]
2024-05-04 14:26:33,761 [om1-groupManagement] INFO  server.RaftServer$Division (RaftServerImpl.java:<init>(256)) - om1: new RaftServerImpl for group-C5BA1605619E:[om1|localhost:15060] with OzoneManagerStateMachine:uninitialized
2024-05-04 14:26:33,761 [om1-groupManagement] INFO  server.RaftServerConfigKeys (ConfUtils.java:logGet(46)) - raft.server.rpc.timeout.min = 1s (custom)
2024-05-04 14:26:33,761 [om1-groupManagement] INFO  server.RaftServerConfigKeys (ConfUtils.java:logGet(46)) - raft.server.rpc.timeout.max = 1200ms (custom)
2024-05-04 14:26:33,761 [om1-groupManagement] INFO  server.RaftServerConfigKeys (ConfUtils.java:logGet(46)) - raft.server.rpc.sleep.time = 25ms (default)
2024-05-04 14:26:33,761 [om1-groupManagement] INFO  server.RaftServerConfigKeys (ConfUtils.java:logGet(46)) - raft.server.rpc.slowness.timeout = 120s (custom)
2024-05-04 14:26:33,761 [om1-groupManagement] INFO  server.RaftServerConfigKeys (ConfUtils.java:logGet(46)) - raft.server.leaderelection.leader.step-down.wait-time = 10s (default)
2024-05-04 14:26:33,761 [om1-groupManagement] INFO  server.RaftServerConfigKeys (ConfUtils.java:logGet(46)) - raft.server.leaderelection.member.majority-add = false (default)
2024-05-04 14:26:33,761 [om1-groupManagement] INFO  server.RaftServerConfigKeys (ConfUtils.java:logGet(46)) - raft.server.sleep.deviation.threshold = 300ms (default)
2024-05-04 14:26:33,761 [om1-groupManagement] INFO  server.RaftServer$Division (ServerState.java:<init>(113)) - om1@group-C5BA1605619E: ConfigurationManager, init=-1: peers:[om1|localhost:15060]|listeners:[], old=null, confs=<EMPTY_MAP>
2024-05-04 14:26:33,761 [om1-groupManagement] INFO  server.RaftServerConfigKeys (ConfUtils.java:logGet(46)) - raft.server.notification.no-leader.timeout = 120s (custom)
2024-05-04 14:26:33,761 [om1-groupManagement] INFO  server.RaftServerConfigKeys (ConfUtils.java:logGet(46)) - raft.server.read.timeout = 10s (default)
2024-05-04 14:26:33,762 [om1-groupManagement] INFO  server.RaftServerConfigKeys (ConfUtils.java:logGet(46)) - raft.server.retrycache.expirytime = 300s (custom)
2024-05-04 14:26:33,762 [om1-groupManagement] INFO  server.RaftServerConfigKeys (ConfUtils.java:logGet(46)) - raft.server.retrycache.statistics.expirytime = 100ms (default)
2024-05-04 14:26:33,762 [om1-groupManagement] INFO  server.RaftServerConfigKeys (ConfUtils.java:logGet(46)) - raft.server.read.option = DEFAULT (default)
2024-05-04 14:26:33,762 [om1-groupManagement] INFO  server.RaftServerConfigKeys (ConfUtils.java:logGet(46)) - raft.server.read.read-after-write-consistent.write-index-cache.expiry-time = 60s (default)
2024-05-04 14:26:33,761 [main] INFO  om.OzoneManager (OzoneManager.java:initializeRatisServer(2168)) - OzoneManager Ratis server initialized at port 15060
2024-05-04 14:26:33,763 [main] INFO  om.OzoneManager (OzoneManager.java:getRpcServer(1227)) - Creating RPC Server
2024-05-04 14:26:33,763 [om1-groupManagement] INFO  server.RaftServerConfigKeys (ConfUtils.java:logGet(46)) - raft.server.rpc.request.timeout = 3000ms (default)
2024-05-04 14:26:33,763 [om1-groupManagement] INFO  server.RaftServerConfigKeys (ConfUtils.java:logGet(46)) - raft.server.log.appender.install.snapshot.enabled = false (custom)
2024-05-04 14:26:33,763 [om1-groupManagement] INFO  server.RaftServerConfigKeys (ConfUtils.java:logGet(46)) - raft.server.threadpool.server.cached = true (default)
2024-05-04 14:26:33,763 [om1-groupManagement] INFO  server.RaftServerConfigKeys (ConfUtils.java:logGet(46)) - raft.server.threadpool.server.size = 0 (default)
2024-05-04 14:26:33,763 [om1-groupManagement] INFO  server.RaftServerConfigKeys (ConfUtils.java:logGet(46)) - raft.server.threadpool.client.cached = true (default)
2024-05-04 14:26:33,763 [om1-groupManagement] INFO  server.RaftServerConfigKeys (ConfUtils.java:logGet(46)) - raft.server.threadpool.client.size = 0 (default)
2024-05-04 14:26:34,093 [main] INFO  reflections.Reflections (Reflections.java:scan(219)) - Reflections took 330 ms to scan 20 urls, producing 58 keys and 6585 values
2024-05-04 14:26:34,095 [main] INFO  ipc.CallQueueManager (CallQueueManager.java:<init>(90)) - Using callQueue: class java.util.concurrent.LinkedBlockingQueue, queueCapacity: 2000, scheduler: class org.apache.hadoop.ipc.DefaultRpcScheduler, ipcBackoff: false.
2024-05-04 14:26:34,096 [main] INFO  ipc.Server (Server.java:<init>(1287)) - Listener at 127.0.0.1:15057
2024-05-04 14:26:34,096 [Socket Reader #1 for port 15057] INFO  ipc.Server (Server.java:run(1323)) - Starting Socket Reader #1 for port 15057
2024-05-04 14:26:34,116 [main] INFO  impl.MetricsSystemImpl (MetricsSystemImpl.java:init(158)) - OzoneManager metrics system started (again)
2024-05-04 14:26:34,128 [main] INFO  om.OzoneManager (OzoneManager.java:start(1649)) - OzoneManager RPC server is listening at localhost/127.0.0.1:15057
2024-05-04 14:26:34,129 [main] INFO  ratis.OzoneManagerRatisServer (OzoneManagerRatisServer.java:start(588)) - Starting OzoneManagerRatisServer om1 at port 15060
2024-05-04 14:26:34,129 [om1-impl-thread1] INFO  server.RaftServerConfigKeys (ConfUtils.java:logGet(46)) - raft.server.storage.free-space.min = 0MB (=0) (default)
2024-05-04 14:26:34,129 [om1-impl-thread1] INFO  server.RaftServerConfigKeys (ConfUtils.java:logGet(46)) - raft.server.log.corruption.policy = EXCEPTION (default)
2024-05-04 14:26:34,129 [om1-impl-thread1] INFO  server.RaftServerConfigKeys (ConfUtils.java:logGet(46)) - raft.server.storage.dir = [/home/runner/work/ozone/ozone/hadoop-ozone/integration-test/target/test-dir/MiniOzoneClusterImpl-7c905145-d891-4b2f-be71-50eb4aa8551e/ozone-meta/ratis] (custom)
2024-05-04 14:26:34,129 [om1-impl-thread1] INFO  storage.RaftStorageDirectory (RaftStorageDirectoryImpl.java:analyzeStorage(138)) - The storage directory /home/runner/work/ozone/ozone/hadoop-ozone/integration-test/target/test-dir/MiniOzoneClusterImpl-7c905145-d891-4b2f-be71-50eb4aa8551e/ozone-meta/ratis/bf265839-605b-3f16-9796-c5ba1605619e does not exist. Creating ...
2024-05-04 14:26:34,130 [om1-impl-thread1] INFO  storage.RaftStorageDirectory (RaftStorageDirectoryImpl.java:tryLock(228)) - Lock on /home/runner/work/ozone/ozone/hadoop-ozone/integration-test/target/test-dir/MiniOzoneClusterImpl-7c905145-d891-4b2f-be71-50eb4aa8551e/ozone-meta/ratis/bf265839-605b-3f16-9796-c5ba1605619e/in_use.lock acquired by nodename 53612@fv-az1114-244
2024-05-04 14:26:34,132 [om1-impl-thread1] INFO  storage.RaftStorage (RaftStorageImpl.java:format(99)) - Storage directory /home/runner/work/ozone/ozone/hadoop-ozone/integration-test/target/test-dir/MiniOzoneClusterImpl-7c905145-d891-4b2f-be71-50eb4aa8551e/ozone-meta/ratis/bf265839-605b-3f16-9796-c5ba1605619e has been successfully formatted.
2024-05-04 14:26:34,132 [om1-impl-thread1] WARN  util.FileUtils (LogUtils.java:supplyAndLog(63)) - Failed to Files.newInputStream /home/runner/work/ozone/ozone/hadoop-ozone/integration-test/target/test-dir/MiniOzoneClusterImpl-7c905145-d891-4b2f-be71-50eb4aa8551e/ozone-meta/ratis/bf265839-605b-3f16-9796-c5ba1605619e/current/raft-meta.conf with options []: java.nio.file.NoSuchFileException: /home/runner/work/ozone/ozone/hadoop-ozone/integration-test/target/test-dir/MiniOzoneClusterImpl-7c905145-d891-4b2f-be71-50eb4aa8551e/ozone-meta/ratis/bf265839-605b-3f16-9796-c5ba1605619e/current/raft-meta.conf
2024-05-04 14:26:34,132 [om1-impl-thread1] INFO  server.RaftServerConfigKeys (ConfUtils.java:logGet(46)) - raft.server.log.use.memory = false (default)
2024-05-04 14:26:34,132 [om1-impl-thread1] INFO  server.RaftServerConfigKeys (ConfUtils.java:logGet(46)) - raft.server.log.purge.gap = 1000000 (custom)
2024-05-04 14:26:34,132 [om1-impl-thread1] INFO  server.RaftServerConfigKeys (ConfUtils.java:logGet(46)) - raft.server.log.appender.buffer.byte-limit = 4194304 (custom)
2024-05-04 14:26:34,132 [om1-impl-thread1] INFO  server.RaftServerConfigKeys (ConfUtils.java:logGet(46)) - raft.server.log.statemachine.data.read.timeout = 1000ms (default)
2024-05-04 14:26:34,132 [om1-impl-thread1] INFO  server.RaftServerConfigKeys (ConfUtils.java:logGet(46)) - raft.server.log.purge.preservation.log.num = 0 (default)
2024-05-04 14:26:34,133 [om1-impl-thread1] INFO  server.RaftServerConfigKeys (ConfUtils.java:logGet(46)) - raft.server.log.segment.size.max = 4194304 (custom)
2024-05-04 14:26:34,133 [om1-impl-thread1] INFO  server.RaftServerConfigKeys (ConfUtils.java:logGet(46)) - raft.server.log.segment.cache.num.max = 2 (custom)
2024-05-04 14:26:34,133 [om1-impl-thread1] INFO  server.RaftServerConfigKeys (ConfUtils.java:logGet(46)) - raft.server.log.segment.cache.size.max = 200MB (=209715200) (default)
2024-05-04 14:26:34,133 [om1-impl-thread1] INFO  server.RaftServerConfigKeys (ConfUtils.java:logGet(46)) - raft.server.log.appender.buffer.byte-limit = 4194304 (custom)
2024-05-04 14:26:34,134 [om1-impl-thread1] INFO  util.AwaitToRun (AwaitToRun.java:start(81)) - Thread[om1@group-C5BA1605619E-cacheEviction-AwaitToRun,5,main] started
2024-05-04 14:26:34,134 [om1-impl-thread1] INFO  segmented.SegmentedRaftLogWorker (SegmentedRaftLogWorker.java:<init>(182)) - new om1@group-C5BA1605619E-SegmentedRaftLogWorker for RaftStorageImpl:Storage Directory /home/runner/work/ozone/ozone/hadoop-ozone/integration-test/target/test-dir/MiniOzoneClusterImpl-7c905145-d891-4b2f-be71-50eb4aa8551e/ozone-meta/ratis/bf265839-605b-3f16-9796-c5ba1605619e
2024-05-04 14:26:34,134 [om1-impl-thread1] INFO  server.RaftServerConfigKeys (ConfUtils.java:logGet(46)) - raft.server.log.queue.byte-limit = 64MB (=67108864) (default)
2024-05-04 14:26:34,134 [om1-impl-thread1] INFO  server.RaftServerConfigKeys (ConfUtils.java:logGet(46)) - raft.server.log.queue.element-limit = 4096 (default)
2024-05-04 14:26:34,134 [om1-impl-thread1] INFO  server.RaftServerConfigKeys (ConfUtils.java:logGet(46)) - raft.server.log.segment.size.max = 4194304 (custom)
2024-05-04 14:26:34,134 [om1-impl-thread1] INFO  server.RaftServerConfigKeys (ConfUtils.java:logGet(46)) - raft.server.log.preallocated.size = 4194304 (custom)
2024-05-04 14:26:34,134 [om1-impl-thread1] INFO  server.RaftServerConfigKeys (ConfUtils.java:logGet(46)) - raft.server.log.force.sync.num = 128 (default)
2024-05-04 14:26:34,134 [om1-impl-thread1] INFO  server.RaftServerConfigKeys (ConfUtils.java:logGet(46)) - raft.server.log.statemachine.data.sync = true (default)
2024-05-04 14:26:34,134 [om1-impl-thread1] INFO  server.RaftServerConfigKeys (ConfUtils.java:logGet(46)) - raft.server.log.statemachine.data.sync.timeout = 10s (default)
2024-05-04 14:26:34,134 [om1-impl-thread1] INFO  server.RaftServerConfigKeys (ConfUtils.java:logGet(46)) - raft.server.log.statemachine.data.sync.timeout.retry = -1 (default)
2024-05-04 14:26:34,134 [om1-impl-thread1] INFO  server.RaftServerConfigKeys (ConfUtils.java:logGet(46)) - raft.server.log.write.buffer.size = 4194312 (custom)
2024-05-04 14:26:34,135 [om1-impl-thread1] INFO  server.RaftServerConfigKeys (ConfUtils.java:logGet(46)) - raft.server.log.appender.buffer.byte-limit = 4194304 (custom)
2024-05-04 14:26:34,135 [om1-impl-thread1] INFO  server.RaftServerConfigKeys (ConfUtils.java:logGet(46)) - raft.server.log.unsafe-flush.enabled = false (default)
2024-05-04 14:26:34,135 [om1-impl-thread1] INFO  server.RaftServerConfigKeys (ConfUtils.java:logGet(46)) - raft.server.log.async-flush.enabled = false (default)
2024-05-04 14:26:34,135 [om1-impl-thread1] INFO  server.RaftServerConfigKeys (ConfUtils.java:logGet(46)) - raft.server.log.statemachine.data.caching.enabled = false (default)
2024-05-04 14:26:34,135 [om1-impl-thread1] INFO  segmented.SegmentedRaftLogWorker (SegmentedRaftLogWorker.java:lambda$new$0(134)) - om1@group-C5BA1605619E-SegmentedRaftLogWorker: flushIndex: setUnconditionally 0 -> -1
2024-05-04 14:26:34,135 [om1-impl-thread1] INFO  segmented.SegmentedRaftLogWorker (SegmentedRaftLogWorker.java:lambda$new$0(134)) - om1@group-C5BA1605619E-SegmentedRaftLogWorker: safeCacheEvictIndex: setUnconditionally 0 -> -1
2024-05-04 14:26:34,136 [om1-impl-thread1] INFO  server.RaftServer$Division (RaftServerImpl.java:start(396)) - om1@group-C5BA1605619E: start as a follower, conf=-1: peers:[om1|localhost:15060]|listeners:[], old=null
2024-05-04 14:26:34,136 [om1-impl-thread1] INFO  server.RaftServer$Division (RaftServerImpl.java:setRole(383)) - om1@group-C5BA1605619E: changes role from      null to FOLLOWER at term 0 for startAsFollower
2024-05-04 14:26:34,136 [om1-impl-thread1] INFO  impl.RoleInfo (RoleInfo.java:updateAndGet(139)) - om1: start om1@group-C5BA1605619E-FollowerState
2024-05-04 14:26:34,137 [om1@group-C5BA1605619E-FollowerState] INFO  server.RaftServerConfigKeys (ConfUtils.java:logFallback(53)) - raft.server.rpc.first-election.timeout.min = 1s (fallback to raft.server.rpc.timeout.min)
2024-05-04 14:26:34,137 [om1@group-C5BA1605619E-FollowerState] INFO  server.RaftServerConfigKeys (ConfUtils.java:logFallback(53)) - raft.server.rpc.first-election.timeout.max = 1200ms (fallback to raft.server.rpc.timeout.max)
2024-05-04 14:26:34,137 [om1-impl-thread1] INFO  util.JmxRegister (JmxRegister.java:tryRegister(44)) - Successfully registered JMX Bean with object name Ratis:service=RaftServer,group=group-C5BA1605619E,id=om1
2024-05-04 14:26:34,138 [om1-impl-thread1] INFO  server.RaftServerConfigKeys (ConfUtils.java:logGet(46)) - raft.server.snapshot.trigger-when-stop.enabled = true (default)
2024-05-04 14:26:34,138 [om1-impl-thread1] INFO  server.RaftServerConfigKeys (ConfUtils.java:logGet(46)) - raft.server.snapshot.auto.trigger.enabled = true (custom)
2024-05-04 14:26:34,138 [om1-impl-thread1] INFO  server.RaftServerConfigKeys (ConfUtils.java:logGet(46)) - raft.server.snapshot.auto.trigger.threshold = 400000 (default)
2024-05-04 14:26:34,138 [om1-impl-thread1] INFO  server.RaftServerConfigKeys (ConfUtils.java:logGet(46)) - raft.server.snapshot.retention.file.num = -1 (default)
2024-05-04 14:26:34,138 [om1-impl-thread1] INFO  server.RaftServerConfigKeys (ConfUtils.java:logGet(46)) - raft.server.log.purge.upto.snapshot.index = true (custom)
2024-05-04 14:26:34,140 [main] INFO  server.RaftServer (RaftServerProxy.java:startImpl(406)) - om1: start RPC server
2024-05-04 14:26:34,141 [main] INFO  server.GrpcService (GrpcService.java:startImpl(302)) - om1: GrpcService started, listening on 15060
2024-05-04 14:26:34,145 [JvmPauseMonitor8] INFO  util.JvmPauseMonitor (JvmPauseMonitor.java:run(146)) - JvmPauseMonitor-om1: Started
2024-05-04 14:26:34,145 [main] INFO  om.OzoneManager (OzoneManager.java:start(1665)) - Version File has different layout version (6) than OM DB (null). That is expected if this OM has never been finalized to a newer layout version.
2024-05-04 14:26:34,149 [main] INFO  client.ScmTopologyClient (ScmTopologyClient.java:start(72)) - Initial network topology fetched from SCM: /.
2024-05-04 14:26:34,150 [main] INFO  net.NodeSchemaLoader (NodeSchemaLoader.java:loadSchemaFromFile(129)) - Loading schema from [file:/home/runner/work/ozone/ozone/hadoop-hdds/common/target/classes/network-topology-default.xml]
2024-05-04 14:26:34,150 [main] INFO  net.NodeSchemaLoader (NodeSchemaLoader.java:loadSchema(176)) - Loading network topology layer schema file
2024-05-04 14:26:34,156 [main] INFO  http.BaseHttpServer (BaseHttpServer.java:newHttpServer2BuilderForOzone(223)) - Starting Web-server for ozoneManager at: http://0.0.0.0:15058
2024-05-04 14:26:34,156 [main] INFO  http.BaseHttpServer (BaseHttpServer.java:<init>(110)) - Hadoop Security Enabled: false Ozone Security Enabled: false Ozone HTTP Security Enabled: false 
2024-05-04 14:26:34,157 [main] WARN  server.AuthenticationFilter (AuthenticationFilter.java:constructSecretProvider(240)) - Unable to initialize FileSignerSecretProvider, falling back to use random secrets. Reason: Could not read signature secret file: /home/runner/hadoop-http-auth-signature-secret
2024-05-04 14:26:34,162 [main] INFO  http.HttpRequestLog (HttpRequestLog.java:getRequestLog(86)) - Http request log for http.requests.ozoneManager is not defined
2024-05-04 14:26:34,164 [main] INFO  http.HttpServer2 (HttpServer2.java:addGlobalFilter(1036)) - Added global filter 'safety' (class=org.apache.hadoop.hdds.server.http.HttpServer2$QuotingInputFilter)
2024-05-04 14:26:34,165 [main] INFO  http.HttpServer2 (HttpServer2.java:addFilter(1012)) - Added filter static_user_filter (class=org.apache.hadoop.http.lib.StaticUserWebFilter$StaticUserFilter) to context ozoneManager
2024-05-04 14:26:34,165 [main] INFO  http.HttpServer2 (HttpServer2.java:addFilter(1020)) - Added filter static_user_filter (class=org.apache.hadoop.http.lib.StaticUserWebFilter$StaticUserFilter) to context logs
2024-05-04 14:26:34,166 [main] INFO  http.HttpServer2 (HttpServer2.java:addFilter(1020)) - Added filter static_user_filter (class=org.apache.hadoop.http.lib.StaticUserWebFilter$StaticUserFilter) to context static
2024-05-04 14:26:34,167 [main] INFO  http.BaseHttpServer (BaseHttpServer.java:<init>(189)) - HTTP server of ozoneManager uses base directory /home/runner/work/ozone/ozone/hadoop-ozone/integration-test/target/test-dir/MiniOzoneClusterImpl-7c905145-d891-4b2f-be71-50eb4aa8551e/ozone-meta/webserver
2024-05-04 14:26:34,168 [main] INFO  http.HttpServer2 (HttpServer2.java:bindListener(1236)) - Jetty bound to port 15058
2024-05-04 14:26:34,168 [main] INFO  server.Server (Server.java:doStart(375)) - jetty-9.4.54.v20240208; built: 2024-02-08T19:42:39.027Z; git: cef3fbd6d736a21e7d541a5db490381d95a2047d; jvm 17.0.10+7
2024-05-04 14:26:34,177 [main] INFO  server.session (DefaultSessionIdManager.java:doStart(334)) - DefaultSessionIdManager workerName=node0
2024-05-04 14:26:34,178 [main] INFO  server.session (DefaultSessionIdManager.java:doStart(339)) - No SessionScavenger set, using defaults
2024-05-04 14:26:34,178 [main] INFO  server.session (HouseKeeper.java:startScavenging(132)) - node0 Scavenging every 660000ms
2024-05-04 14:26:34,182 [main] INFO  handler.ContextHandler (ContextHandler.java:doStart(921)) - Started o.e.j.s.ServletContextHandler@53a49745{logs,/logs,file:///home/runner/work/ozone/ozone/hadoop-ozone/integration-test/target/log,AVAILABLE}
2024-05-04 14:26:34,182 [main] INFO  handler.ContextHandler (ContextHandler.java:doStart(921)) - Started o.e.j.s.ServletContextHandler@1953197a{static,/static,file:///home/runner/work/ozone/ozone/hadoop-ozone/integration-test/target/test-classes/webapps/static,AVAILABLE}
2024-05-04 14:26:34,187 [main] INFO  handler.ContextHandler (ContextHandler.java:doStart(921)) - Started o.e.j.w.WebAppContext@2acacb1{ozoneManager,/,file:///home/runner/work/ozone/ozone/hadoop-ozone/integration-test/target/test-classes/webapps/ozoneManager/,AVAILABLE}{file:/home/runner/work/ozone/ozone/hadoop-ozone/integration-test/target/test-classes/webapps/ozoneManager}
2024-05-04 14:26:34,187 [main] INFO  server.AbstractConnector (AbstractConnector.java:doStart(333)) - Started ServerConnector@780d5822{HTTP/1.1, (http/1.1)}{0.0.0.0:15058}
2024-05-04 14:26:34,188 [main] INFO  server.Server (Server.java:doStart(415)) - Started @54444ms
2024-05-04 14:26:34,188 [main] WARN  impl.MetricsSystemImpl (MetricsSystemImpl.java:register(279)) - Sink prometheus already exists!
2024-05-04 14:26:34,189 [main] INFO  http.BaseHttpServer (BaseHttpServer.java:updateConnectorAddress(354)) - HTTP server of ozoneManager listening at http://0.0.0.0:15058
2024-05-04 14:26:34,190 [IPC Server Responder] INFO  ipc.Server (Server.java:run(1562)) - IPC Server Responder: starting
2024-05-04 14:26:34,192 [IPC Server listener on 15057] INFO  ipc.Server (Server.java:run(1402)) - IPC Server listener on 15057: starting
2024-05-04 14:26:34,201 [main] INFO  om.OzoneManager (OzoneManager.java:startTrashEmptier(2121)) - Trash Interval set to 0. Files deleted won't move to trash
2024-05-04 14:26:34,215 [main] WARN  dropwizard3.Dm3MetricRegistriesImpl (Dm3MetricRegistriesImpl.java:addReporterRegistration(113)) - New reporters are added after registries were created. Some metrics will be missing from the reporter. Please add reporter before adding any new registry.
2024-05-04 14:26:34,215 [main] WARN  dropwizard3.Dm3MetricRegistriesImpl (Dm3MetricRegistriesImpl.java:addReporterRegistration(113)) - New reporters are added after registries were created. Some metrics will be missing from the reporter. Please add reporter before adding any new registry.
2024-05-04 14:26:34,215 [main] INFO  impl.MetricsSystemImpl (MetricsSystemImpl.java:init(158)) - HddsDatanode metrics system started (again)
2024-05-04 14:26:34,228 [main] INFO  ozone.HddsDatanodeService (HddsDatanodeService.java:start(240)) - HddsDatanodeService host:fv-az1114-244 ip:10.1.0.20
2024-05-04 14:26:34,253 [main] INFO  upgrade.AbstractLayoutVersionManager (AbstractLayoutVersionManager.java:init(83)) - Initializing Layout version manager with metadata layout = HADOOP_PRC_PORTS_IN_DATANODEDETAILS (version = 7), software layout = HADOOP_PRC_PORTS_IN_DATANODEDETAILS (version = 7)
2024-05-04 14:26:34,254 [main] INFO  statemachine.DatanodeStateMachine (DatanodeStateMachine.java:getEndPointTaskThreadPoolSize(299)) - Datanode State Machine Task Thread Pool size 2
2024-05-04 14:26:34,255 [main] INFO  volume.HddsVolume (HddsVolume.java:<init>(126)) - Creating HddsVolume: /home/runner/work/ozone/ozone/hadoop-ozone/integration-test/target/test-dir/MiniOzoneClusterImpl-7c905145-d891-4b2f-be71-50eb4aa8551e/ozone-meta/datanode-1/data-0/hdds of storage type : DISK capacity : 9222449699674390527
2024-05-04 14:26:34,255 [main] INFO  volume.MutableVolumeSet (MutableVolumeSet.java:initializeVolumeSet(173)) - Added Volume : /home/runner/work/ozone/ozone/hadoop-ozone/integration-test/target/test-dir/MiniOzoneClusterImpl-7c905145-d891-4b2f-be71-50eb4aa8551e/ozone-meta/datanode-1/data-0/hdds to VolumeSet
2024-05-04 14:26:34,256 [main] INFO  volume.MutableVolumeSet (MutableVolumeSet.java:initializeVolumeSet(173)) - Added Volume : /home/runner/work/ozone/ozone/hadoop-ozone/integration-test/target/test-dir/MiniOzoneClusterImpl-7c905145-d891-4b2f-be71-50eb4aa8551e/ozone-meta/datanode-1/ratis to VolumeSet
2024-05-04 14:26:34,257 [main] INFO  ozoneimpl.OzoneContainer (HddsVolumeUtil.java:loadAllHddsVolumeDbStore(103)) - Load 1 volumes DbStore cost: 0ms
2024-05-04 14:26:34,260 [main] INFO  server.RaftServer (ConfUtils.java:logGet(46)) - raft.rpc.type = GRPC (default)
2024-05-04 14:26:34,260 [main] INFO  grpc.GrpcConfigKeys (ConfUtils.java:logFallback(53)) - raft.grpc.admin.host = null (fallback to raft.grpc.server.host)
2024-05-04 14:26:34,260 [main] INFO  grpc.GrpcConfigKeys (ConfUtils.java:logGet(46)) - raft.grpc.admin.port = 15066 (custom)
2024-05-04 14:26:34,260 [main] INFO  grpc.GrpcConfigKeys (ConfUtils.java:logFallback(53)) - raft.grpc.client.host = null (fallback to raft.grpc.server.host)
2024-05-04 14:26:34,261 [main] INFO  grpc.GrpcConfigKeys (ConfUtils.java:logGet(46)) - raft.grpc.client.port = 15065 (custom)
2024-05-04 14:26:34,261 [main] INFO  grpc.GrpcConfigKeys (ConfUtils.java:logGet(46)) - raft.grpc.server.host = null (default)
2024-05-04 14:26:34,261 [main] INFO  grpc.GrpcConfigKeys (ConfUtils.java:logGet(46)) - raft.grpc.server.port = 15067 (custom)
2024-05-04 14:26:34,261 [main] INFO  server.GrpcService (ConfUtils.java:logGet(46)) - raft.grpc.message.size.max = 32MB (=33554432) (custom)
2024-05-04 14:26:34,261 [main] INFO  server.RaftServerConfigKeys (ConfUtils.java:logGet(46)) - raft.server.log.appender.buffer.byte-limit = 8388608 (custom)
2024-05-04 14:26:34,261 [main] INFO  server.GrpcService (ConfUtils.java:logGet(46)) - raft.grpc.flow.control.window = 5MB (=5242880) (custom)
2024-05-04 14:26:34,261 [main] INFO  server.RaftServerConfigKeys (ConfUtils.java:logGet(46)) - raft.server.rpc.request.timeout = 3000ms (default)
2024-05-04 14:26:34,262 [main] INFO  grpc.GrpcConfigKeys (ConfUtils.java:logGet(46)) - raft.grpc.server.heartbeat.channel = true (default)
2024-05-04 14:26:34,262 [main] INFO  grpc.GrpcConfigKeys (ConfUtils.java:logGet(46)) - raft.grpc.server.async.request.thread.pool.cached = true (default)
2024-05-04 14:26:34,262 [main] INFO  grpc.GrpcConfigKeys (ConfUtils.java:logGet(46)) - raft.grpc.server.async.request.thread.pool.size = 32 (default)
2024-05-04 14:26:34,263 [main] INFO  impl.DataStreamServerImpl (ConfUtils.java:logGet(46)) - raft.datastream.type = NETTY (custom)
2024-05-04 14:26:34,264 [main] INFO  server.RaftServerConfigKeys (ConfUtils.java:logGet(46)) - raft.server.data-stream.async.request.thread.pool.cached = false (default)
2024-05-04 14:26:34,264 [main] INFO  server.RaftServerConfigKeys (ConfUtils.java:logGet(46)) - raft.server.data-stream.async.request.thread.pool.size = 20 (custom)
2024-05-04 14:26:34,264 [main] INFO  server.RaftServerConfigKeys (ConfUtils.java:logGet(46)) - raft.server.data-stream.async.write.thread.pool.size = 16 (default)
2024-05-04 14:26:34,264 [main] INFO  netty.NettyConfigKeys$DataStream (ConfUtils.java:logGet(46)) - raft.netty.dataStream.server.channel.inactive.grace-period = 10min (default)
2024-05-04 14:26:34,264 [main] INFO  server.RaftServerConfigKeys (ConfUtils.java:logGet(46)) - raft.server.data-stream.client.pool.size = 10 (default)
2024-05-04 14:26:34,264 [main] INFO  netty.NettyConfigKeys$DataStream (ConfUtils.java:logGet(46)) - raft.netty.dataStream.server.use-epoll = true (default)
2024-05-04 14:26:34,264 [main] INFO  netty.NettyConfigKeys$DataStream (ConfUtils.java:logGet(46)) - raft.netty.dataStream.server.boss-group.size = 0 (default)
2024-05-04 14:26:34,265 [main] INFO  netty.NettyUtils (NettyUtils.java:newEventLoopGroup(69)) - Create EpollEventLoopGroup for 83059998-de51-48d1-9818-e6afe7fa3b6f-NettyServerStreamRpc-bossGroup; Thread size is 0.
2024-05-04 14:26:34,265 [main] INFO  netty.NettyConfigKeys$DataStream (ConfUtils.java:logGet(46)) - raft.netty.dataStream.server.worker-group.size = 0 (default)
2024-05-04 14:26:34,265 [main] INFO  netty.NettyUtils (NettyUtils.java:newEventLoopGroup(69)) - Create EpollEventLoopGroup for 83059998-de51-48d1-9818-e6afe7fa3b6f-NettyServerStreamRpc-workerGroup; Thread size is 0.
2024-05-04 14:26:34,265 [main] INFO  netty.NettyConfigKeys$DataStream (ConfUtils.java:logGet(46)) - raft.netty.dataStream.server.tls.conf = null (default)
2024-05-04 14:26:34,265 [main] INFO  netty.NettyConfigKeys$DataStream (ConfUtils.java:logGet(46)) - raft.netty.dataStream.host = null (default)
2024-05-04 14:26:34,266 [main] INFO  netty.NettyConfigKeys$DataStream (ConfUtils.java:logGet(46)) - raft.netty.dataStream.port = 15068 (custom)
2024-05-04 14:26:34,266 [main] INFO  server.RaftServerConfigKeys (ConfUtils.java:logGet(46)) - raft.server.sleep.deviation.threshold = 300ms (default)
2024-05-04 14:26:34,266 [main] INFO  server.RaftServerConfigKeys (ConfUtils.java:logGet(46)) - raft.server.close.threshold = 60s (default)
2024-05-04 14:26:34,266 [main] INFO  server.RaftServerConfigKeys (ConfUtils.java:logGet(46)) - raft.server.leaderelection.leader.step-down.wait-time = 10s (default)
2024-05-04 14:26:34,266 [main] INFO  server.RaftServerConfigKeys (ConfUtils.java:logGet(46)) - raft.server.storage.dir = [/home/runner/work/ozone/ozone/hadoop-ozone/integration-test/target/test-dir/MiniOzoneClusterImpl-7c905145-d891-4b2f-be71-50eb4aa8551e/ozone-meta/datanode-1/ratis] (custom)
2024-05-04 14:26:34,266 [main] INFO  server.RaftServerConfigKeys (ConfUtils.java:logGet(46)) - raft.server.threadpool.proxy.cached = true (default)
2024-05-04 14:26:34,267 [main] INFO  server.RaftServerConfigKeys (ConfUtils.java:logGet(46)) - raft.server.threadpool.proxy.size = 0 (default)
2024-05-04 14:26:34,267 [83059998-de51-48d1-9818-e6afe7fa3b6f-NettyServerStreamRpc-bossGroup--thread1] INFO  logging.LoggingHandler (AbstractInternalLogger.java:log(148)) - [id: 0x380b0d4e] REGISTERED
2024-05-04 14:26:34,267 [83059998-de51-48d1-9818-e6afe7fa3b6f-NettyServerStreamRpc-bossGroup--thread1] INFO  logging.LoggingHandler (AbstractInternalLogger.java:log(148)) - [id: 0x380b0d4e] BIND: 0.0.0.0/0.0.0.0:15068
2024-05-04 14:26:34,267 [83059998-de51-48d1-9818-e6afe7fa3b6f-impl-thread1] INFO  server.RaftServer (RaftServerProxy.java:initGroupDir(264)) - 83059998-de51-48d1-9818-e6afe7fa3b6f: found a subdirectory /home/runner/work/ozone/ozone/hadoop-ozone/integration-test/target/test-dir/MiniOzoneClusterImpl-7c905145-d891-4b2f-be71-50eb4aa8551e/ozone-meta/datanode-1/ratis/tmp
2024-05-04 14:26:34,267 [83059998-de51-48d1-9818-e6afe7fa3b6f-NettyServerStreamRpc-bossGroup--thread1] INFO  logging.LoggingHandler (AbstractInternalLogger.java:log(148)) - [id: 0x380b0d4e, L:/0.0.0.0:15068] ACTIVE
2024-05-04 14:26:34,267 [83059998-de51-48d1-9818-e6afe7fa3b6f-impl-thread1] INFO  server.RaftServer (RaftServerProxy.java:initGroupDir(269)) - 83059998-de51-48d1-9818-e6afe7fa3b6f: The directory /home/runner/work/ozone/ozone/hadoop-ozone/integration-test/target/test-dir/MiniOzoneClusterImpl-7c905145-d891-4b2f-be71-50eb4aa8551e/ozone-meta/datanode-1/ratis/tmp is not a group directory; ignoring it. 
2024-05-04 14:26:34,267 [main] INFO  replication.ReplicationServer (ReplicationServer.java:<init>(86)) - Initializing replication server with thread count = 10 queue length = 4096
2024-05-04 14:26:34,268 [main] INFO  server.XceiverServerGrpc (XceiverServerGrpc.java:<init>(141)) - GrpcServer channel type EpollServerSocketChannel
2024-05-04 14:26:34,270 [main] INFO  replication.ReplicationSupervisor (ReplicationSupervisor.java:build(157)) - Initializing replication supervisor with thread count = 10
2024-05-04 14:26:34,270 [main] INFO  replication.ReplicationSupervisor (ReplicationSupervisor.java:nodeStateUpdated(312)) - Node state updated to IN_SERVICE, scaling executor pool size to 10
2024-05-04 14:26:34,272 [main] INFO  http.BaseHttpServer (BaseHttpServer.java:newHttpServer2BuilderForOzone(223)) - Starting Web-server for hddsDatanode at: http://0.0.0.0:15062
2024-05-04 14:26:34,272 [main] INFO  http.BaseHttpServer (BaseHttpServer.java:<init>(110)) - Hadoop Security Enabled: false Ozone Security Enabled: false Ozone HTTP Security Enabled: false 
2024-05-04 14:26:34,273 [main] WARN  server.AuthenticationFilter (AuthenticationFilter.java:constructSecretProvider(240)) - Unable to initialize FileSignerSecretProvider, falling back to use random secrets. Reason: Could not read signature secret file: /home/runner/hadoop-http-auth-signature-secret
2024-05-04 14:26:34,273 [main] INFO  http.HttpRequestLog (HttpRequestLog.java:getRequestLog(86)) - Http request log for http.requests.hddsDatanode is not defined
2024-05-04 14:26:34,274 [main] INFO  http.HttpServer2 (HttpServer2.java:addGlobalFilter(1036)) - Added global filter 'safety' (class=org.apache.hadoop.hdds.server.http.HttpServer2$QuotingInputFilter)
2024-05-04 14:26:34,275 [main] INFO  http.HttpServer2 (HttpServer2.java:addFilter(1012)) - Added filter static_user_filter (class=org.apache.hadoop.http.lib.StaticUserWebFilter$StaticUserFilter) to context hddsDatanode
2024-05-04 14:26:34,275 [main] INFO  http.HttpServer2 (HttpServer2.java:addFilter(1020)) - Added filter static_user_filter (class=org.apache.hadoop.http.lib.StaticUserWebFilter$StaticUserFilter) to context static
2024-05-04 14:26:34,275 [main] INFO  http.HttpServer2 (HttpServer2.java:addFilter(1020)) - Added filter static_user_filter (class=org.apache.hadoop.http.lib.StaticUserWebFilter$StaticUserFilter) to context logs
2024-05-04 14:26:34,275 [main] INFO  http.BaseHttpServer (BaseHttpServer.java:<init>(189)) - HTTP server of hddsDatanode uses base directory /home/runner/work/ozone/ozone/hadoop-ozone/integration-test/target/test-dir/MiniOzoneClusterImpl-7c905145-d891-4b2f-be71-50eb4aa8551e/ozone-meta/datanode-1/meta/webserver
2024-05-04 14:26:34,276 [main] INFO  http.HttpServer2 (HttpServer2.java:bindListener(1236)) - Jetty bound to port 15062
2024-05-04 14:26:34,276 [main] INFO  server.Server (Server.java:doStart(375)) - jetty-9.4.54.v20240208; built: 2024-02-08T19:42:39.027Z; git: cef3fbd6d736a21e7d541a5db490381d95a2047d; jvm 17.0.10+7
2024-05-04 14:26:34,277 [main] INFO  server.session (DefaultSessionIdManager.java:doStart(334)) - DefaultSessionIdManager workerName=node0
2024-05-04 14:26:34,277 [main] INFO  server.session (DefaultSessionIdManager.java:doStart(339)) - No SessionScavenger set, using defaults
2024-05-04 14:26:34,277 [main] INFO  server.session (HouseKeeper.java:startScavenging(132)) - node0 Scavenging every 600000ms
2024-05-04 14:26:34,278 [main] INFO  handler.ContextHandler (ContextHandler.java:doStart(921)) - Started o.e.j.s.ServletContextHandler@5af69032{logs,/logs,file:///home/runner/work/ozone/ozone/hadoop-ozone/integration-test/target/log,AVAILABLE}
2024-05-04 14:26:34,278 [main] INFO  handler.ContextHandler (ContextHandler.java:doStart(921)) - Started o.e.j.s.ServletContextHandler@37058d66{static,/static,file:///home/runner/work/ozone/ozone/hadoop-hdds/container-service/target/classes/webapps/static,AVAILABLE}
2024-05-04 14:26:34,282 [main] INFO  handler.ContextHandler (ContextHandler.java:doStart(921)) - Started o.e.j.w.WebAppContext@413e4756{hddsDatanode,/,file:///home/runner/work/ozone/ozone/hadoop-hdds/container-service/target/classes/webapps/hddsDatanode/,AVAILABLE}{file:/home/runner/work/ozone/ozone/hadoop-hdds/container-service/target/classes/webapps/hddsDatanode}
2024-05-04 14:26:34,282 [main] INFO  server.AbstractConnector (AbstractConnector.java:doStart(333)) - Started ServerConnector@5f9b21a1{HTTP/1.1, (http/1.1)}{0.0.0.0:15062}
2024-05-04 14:26:34,282 [main] INFO  server.Server (Server.java:doStart(415)) - Started @54539ms
2024-05-04 14:26:34,283 [main] WARN  impl.MetricsSystemImpl (MetricsSystemImpl.java:register(279)) - Sink prometheus already exists!
2024-05-04 14:26:34,283 [main] INFO  http.BaseHttpServer (BaseHttpServer.java:updateConnectorAddress(354)) - HTTP server of hddsDatanode listening at http://0.0.0.0:15062
2024-05-04 14:26:34,283 [main] INFO  ipc.CallQueueManager (CallQueueManager.java:<init>(90)) - Using callQueue: class java.util.concurrent.LinkedBlockingQueue, queueCapacity: 100, scheduler: class org.apache.hadoop.ipc.DefaultRpcScheduler, ipcBackoff: false.
2024-05-04 14:26:34,283 [main] INFO  ipc.Server (Server.java:<init>(1287)) - Listener at 0.0.0.0:15063
2024-05-04 14:26:34,284 [Socket Reader #1 for port 15063] INFO  ipc.Server (Server.java:run(1323)) - Starting Socket Reader #1 for port 15063
2024-05-04 14:26:34,285 [main] INFO  ozone.HddsDatanodeService (HddsDatanodeService.java:start(327)) - Datanode start with admins: [runner]
2024-05-04 14:26:34,285 [main] INFO  ozone.HddsDatanodeClientProtocolServer (HddsDatanodeClientProtocolServer.java:start(77)) - RPC server for Client /0.0.0.0:15063
2024-05-04 14:26:34,286 [IPC Server Responder] INFO  ipc.Server (Server.java:run(1562)) - IPC Server Responder: starting
2024-05-04 14:26:34,286 [IPC Server listener on 15063] INFO  ipc.Server (Server.java:run(1402)) - IPC Server listener on 15063: starting
2024-05-04 14:26:34,286 [83059998-de51-48d1-9818-e6afe7fa3b6f-DatanodeStateMachineDaemonThread] INFO  statemachine.DatanodeStateMachine (DatanodeStateMachine.java:lambda$startDaemon$1(555)) - Ozone container server started.
2024-05-04 14:26:34,286 [main] WARN  dropwizard3.Dm3MetricRegistriesImpl (Dm3MetricRegistriesImpl.java:addReporterRegistration(113)) - New reporters are added after registries were created. Some metrics will be missing from the reporter. Please add reporter before adding any new registry.
2024-05-04 14:26:34,286 [main] WARN  dropwizard3.Dm3MetricRegistriesImpl (Dm3MetricRegistriesImpl.java:addReporterRegistration(113)) - New reporters are added after registries were created. Some metrics will be missing from the reporter. Please add reporter before adding any new registry.
2024-05-04 14:26:34,287 [main] INFO  impl.MetricsSystemImpl (MetricsSystemImpl.java:init(158)) - HddsDatanode metrics system started (again)
2024-05-04 14:26:34,291 [83059998-de51-48d1-9818-e6afe7fa3b6f-DatanodeStateMachineTaskThread-0] INFO  datanode.InitDatanodeState (InitDatanodeState.java:persistContainerDatanodeDetails(139)) - DatanodeDetails is persisted to /home/runner/work/ozone/ozone/hadoop-ozone/integration-test/target/test-dir/MiniOzoneClusterImpl-7c905145-d891-4b2f-be71-50eb4aa8551e/ozone-meta/datanode-1/meta/datanode.id
2024-05-04 14:26:34,296 [main] INFO  ozone.HddsDatanodeService (HddsDatanodeService.java:start(240)) - HddsDatanodeService host:fv-az1114-244 ip:10.1.0.20
2024-05-04 14:26:34,310 [main] INFO  upgrade.AbstractLayoutVersionManager (AbstractLayoutVersionManager.java:init(83)) - Initializing Layout version manager with metadata layout = HADOOP_PRC_PORTS_IN_DATANODEDETAILS (version = 7), software layout = HADOOP_PRC_PORTS_IN_DATANODEDETAILS (version = 7)
2024-05-04 14:26:34,310 [main] INFO  statemachine.DatanodeStateMachine (DatanodeStateMachine.java:getEndPointTaskThreadPoolSize(299)) - Datanode State Machine Task Thread Pool size 2
2024-05-04 14:26:34,312 [main] INFO  volume.HddsVolume (HddsVolume.java:<init>(126)) - Creating HddsVolume: /home/runner/work/ozone/ozone/hadoop-ozone/integration-test/target/test-dir/MiniOzoneClusterImpl-7c905145-d891-4b2f-be71-50eb4aa8551e/ozone-meta/datanode-2/data-0/hdds of storage type : DISK capacity : 9222449699674390527
2024-05-04 14:26:34,312 [main] INFO  volume.MutableVolumeSet (MutableVolumeSet.java:initializeVolumeSet(173)) - Added Volume : /home/runner/work/ozone/ozone/hadoop-ozone/integration-test/target/test-dir/MiniOzoneClusterImpl-7c905145-d891-4b2f-be71-50eb4aa8551e/ozone-meta/datanode-2/data-0/hdds to VolumeSet
2024-05-04 14:26:34,313 [main] INFO  volume.MutableVolumeSet (MutableVolumeSet.java:initializeVolumeSet(173)) - Added Volume : /home/runner/work/ozone/ozone/hadoop-ozone/integration-test/target/test-dir/MiniOzoneClusterImpl-7c905145-d891-4b2f-be71-50eb4aa8551e/ozone-meta/datanode-2/ratis to VolumeSet
2024-05-04 14:26:34,313 [main] INFO  ozoneimpl.OzoneContainer (HddsVolumeUtil.java:loadAllHddsVolumeDbStore(103)) - Load 1 volumes DbStore cost: 0ms
2024-05-04 14:26:34,315 [main] INFO  server.RaftServer (ConfUtils.java:logGet(46)) - raft.rpc.type = GRPC (default)
2024-05-04 14:26:34,316 [main] INFO  grpc.GrpcConfigKeys (ConfUtils.java:logFallback(53)) - raft.grpc.admin.host = null (fallback to raft.grpc.server.host)
2024-05-04 14:26:34,316 [main] INFO  grpc.GrpcConfigKeys (ConfUtils.java:logGet(46)) - raft.grpc.admin.port = 15075 (custom)
2024-05-04 14:26:34,316 [main] INFO  grpc.GrpcConfigKeys (ConfUtils.java:logFallback(53)) - raft.grpc.client.host = null (fallback to raft.grpc.server.host)
2024-05-04 14:26:34,316 [main] INFO  grpc.GrpcConfigKeys (ConfUtils.java:logGet(46)) - raft.grpc.client.port = 15074 (custom)
2024-05-04 14:26:34,316 [main] INFO  grpc.GrpcConfigKeys (ConfUtils.java:logGet(46)) - raft.grpc.server.host = null (default)
2024-05-04 14:26:34,316 [main] INFO  grpc.GrpcConfigKeys (ConfUtils.java:logGet(46)) - raft.grpc.server.port = 15076 (custom)
2024-05-04 14:26:34,316 [main] INFO  server.GrpcService (ConfUtils.java:logGet(46)) - raft.grpc.message.size.max = 32MB (=33554432) (custom)
2024-05-04 14:26:34,317 [main] INFO  server.RaftServerConfigKeys (ConfUtils.java:logGet(46)) - raft.server.log.appender.buffer.byte-limit = 8388608 (custom)
2024-05-04 14:26:34,317 [main] INFO  server.GrpcService (ConfUtils.java:logGet(46)) - raft.grpc.flow.control.window = 5MB (=5242880) (custom)
2024-05-04 14:26:34,317 [main] INFO  server.RaftServerConfigKeys (ConfUtils.java:logGet(46)) - raft.server.rpc.request.timeout = 3000ms (default)
2024-05-04 14:26:34,317 [main] INFO  grpc.GrpcConfigKeys (ConfUtils.java:logGet(46)) - raft.grpc.server.heartbeat.channel = true (default)
2024-05-04 14:26:34,317 [main] INFO  grpc.GrpcConfigKeys (ConfUtils.java:logGet(46)) - raft.grpc.server.async.request.thread.pool.cached = true (default)
2024-05-04 14:26:34,317 [main] INFO  grpc.GrpcConfigKeys (ConfUtils.java:logGet(46)) - raft.grpc.server.async.request.thread.pool.size = 32 (default)
2024-05-04 14:26:34,319 [main] INFO  impl.DataStreamServerImpl (ConfUtils.java:logGet(46)) - raft.datastream.type = NETTY (custom)
2024-05-04 14:26:34,320 [main] INFO  server.RaftServerConfigKeys (ConfUtils.java:logGet(46)) - raft.server.data-stream.async.request.thread.pool.cached = false (default)
2024-05-04 14:26:34,320 [main] INFO  server.RaftServerConfigKeys (ConfUtils.java:logGet(46)) - raft.server.data-stream.async.request.thread.pool.size = 20 (custom)
2024-05-04 14:26:34,320 [main] INFO  server.RaftServerConfigKeys (ConfUtils.java:logGet(46)) - raft.server.data-stream.async.write.thread.pool.size = 16 (default)
2024-05-04 14:26:34,320 [main] INFO  netty.NettyConfigKeys$DataStream (ConfUtils.java:logGet(46)) - raft.netty.dataStream.server.channel.inactive.grace-period = 10min (default)
2024-05-04 14:26:34,320 [main] INFO  server.RaftServerConfigKeys (ConfUtils.java:logGet(46)) - raft.server.data-stream.client.pool.size = 10 (default)
2024-05-04 14:26:34,320 [main] INFO  netty.NettyConfigKeys$DataStream (ConfUtils.java:logGet(46)) - raft.netty.dataStream.server.use-epoll = true (default)
2024-05-04 14:26:34,320 [main] INFO  netty.NettyConfigKeys$DataStream (ConfUtils.java:logGet(46)) - raft.netty.dataStream.server.boss-group.size = 0 (default)
2024-05-04 14:26:34,320 [main] INFO  netty.NettyUtils (NettyUtils.java:newEventLoopGroup(69)) - Create EpollEventLoopGroup for 9ec74834-1541-452c-921b-2d323393210f-NettyServerStreamRpc-bossGroup; Thread size is 0.
2024-05-04 14:26:34,321 [main] INFO  netty.NettyConfigKeys$DataStream (ConfUtils.java:logGet(46)) - raft.netty.dataStream.server.worker-group.size = 0 (default)
2024-05-04 14:26:34,321 [main] INFO  netty.NettyUtils (NettyUtils.java:newEventLoopGroup(69)) - Create EpollEventLoopGroup for 9ec74834-1541-452c-921b-2d323393210f-NettyServerStreamRpc-workerGroup; Thread size is 0.
2024-05-04 14:26:34,321 [main] INFO  netty.NettyConfigKeys$DataStream (ConfUtils.java:logGet(46)) - raft.netty.dataStream.server.tls.conf = null (default)
2024-05-04 14:26:34,321 [main] INFO  netty.NettyConfigKeys$DataStream (ConfUtils.java:logGet(46)) - raft.netty.dataStream.host = null (default)
2024-05-04 14:26:34,321 [main] INFO  netty.NettyConfigKeys$DataStream (ConfUtils.java:logGet(46)) - raft.netty.dataStream.port = 15077 (custom)
2024-05-04 14:26:34,322 [main] INFO  server.RaftServerConfigKeys (ConfUtils.java:logGet(46)) - raft.server.sleep.deviation.threshold = 300ms (default)
2024-05-04 14:26:34,322 [main] INFO  server.RaftServerConfigKeys (ConfUtils.java:logGet(46)) - raft.server.close.threshold = 60s (default)
2024-05-04 14:26:34,322 [main] INFO  server.RaftServerConfigKeys (ConfUtils.java:logGet(46)) - raft.server.leaderelection.leader.step-down.wait-time = 10s (default)
2024-05-04 14:26:34,322 [9ec74834-1541-452c-921b-2d323393210f-NettyServerStreamRpc-bossGroup--thread1] INFO  logging.LoggingHandler (AbstractInternalLogger.java:log(148)) - [id: 0xd6bde678] REGISTERED
2024-05-04 14:26:34,322 [main] INFO  server.RaftServerConfigKeys (ConfUtils.java:logGet(46)) - raft.server.storage.dir = [/home/runner/work/ozone/ozone/hadoop-ozone/integration-test/target/test-dir/MiniOzoneClusterImpl-7c905145-d891-4b2f-be71-50eb4aa8551e/ozone-meta/datanode-2/ratis] (custom)
2024-05-04 14:26:34,322 [9ec74834-1541-452c-921b-2d323393210f-NettyServerStreamRpc-bossGroup--thread1] INFO  logging.LoggingHandler (AbstractInternalLogger.java:log(148)) - [id: 0xd6bde678] BIND: 0.0.0.0/0.0.0.0:15077
2024-05-04 14:26:34,322 [main] INFO  server.RaftServerConfigKeys (ConfUtils.java:logGet(46)) - raft.server.threadpool.proxy.cached = true (default)
2024-05-04 14:26:34,322 [9ec74834-1541-452c-921b-2d323393210f-NettyServerStreamRpc-bossGroup--thread1] INFO  logging.LoggingHandler (AbstractInternalLogger.java:log(148)) - [id: 0xd6bde678, L:/0.0.0.0:15077] ACTIVE
2024-05-04 14:26:34,322 [main] INFO  server.RaftServerConfigKeys (ConfUtils.java:logGet(46)) - raft.server.threadpool.proxy.size = 0 (default)
2024-05-04 14:26:34,323 [9ec74834-1541-452c-921b-2d323393210f-impl-thread1] INFO  server.RaftServer (RaftServerProxy.java:initGroupDir(264)) - 9ec74834-1541-452c-921b-2d323393210f: found a subdirectory /home/runner/work/ozone/ozone/hadoop-ozone/integration-test/target/test-dir/MiniOzoneClusterImpl-7c905145-d891-4b2f-be71-50eb4aa8551e/ozone-meta/datanode-2/ratis/tmp
2024-05-04 14:26:34,323 [9ec74834-1541-452c-921b-2d323393210f-impl-thread1] INFO  server.RaftServer (RaftServerProxy.java:initGroupDir(269)) - 9ec74834-1541-452c-921b-2d323393210f: The directory /home/runner/work/ozone/ozone/hadoop-ozone/integration-test/target/test-dir/MiniOzoneClusterImpl-7c905145-d891-4b2f-be71-50eb4aa8551e/ozone-meta/datanode-2/ratis/tmp is not a group directory; ignoring it. 
2024-05-04 14:26:34,323 [main] INFO  replication.ReplicationServer (ReplicationServer.java:<init>(86)) - Initializing replication server with thread count = 10 queue length = 4096
2024-05-04 14:26:34,324 [main] INFO  server.XceiverServerGrpc (XceiverServerGrpc.java:<init>(141)) - GrpcServer channel type EpollServerSocketChannel
2024-05-04 14:26:34,326 [main] INFO  replication.ReplicationSupervisor (ReplicationSupervisor.java:build(157)) - Initializing replication supervisor with thread count = 10
2024-05-04 14:26:34,326 [main] INFO  replication.ReplicationSupervisor (ReplicationSupervisor.java:nodeStateUpdated(312)) - Node state updated to IN_SERVICE, scaling executor pool size to 10
2024-05-04 14:26:34,328 [main] INFO  http.BaseHttpServer (BaseHttpServer.java:newHttpServer2BuilderForOzone(223)) - Starting Web-server for hddsDatanode at: http://0.0.0.0:15071
2024-05-04 14:26:34,328 [main] INFO  http.BaseHttpServer (BaseHttpServer.java:<init>(110)) - Hadoop Security Enabled: false Ozone Security Enabled: false Ozone HTTP Security Enabled: false 
2024-05-04 14:26:34,329 [main] WARN  server.AuthenticationFilter (AuthenticationFilter.java:constructSecretProvider(240)) - Unable to initialize FileSignerSecretProvider, falling back to use random secrets. Reason: Could not read signature secret file: /home/runner/hadoop-http-auth-signature-secret
2024-05-04 14:26:34,332 [main] INFO  http.HttpRequestLog (HttpRequestLog.java:getRequestLog(86)) - Http request log for http.requests.hddsDatanode is not defined
2024-05-04 14:26:34,333 [main] INFO  http.HttpServer2 (HttpServer2.java:addGlobalFilter(1036)) - Added global filter 'safety' (class=org.apache.hadoop.hdds.server.http.HttpServer2$QuotingInputFilter)
2024-05-04 14:26:34,333 [main] INFO  http.HttpServer2 (HttpServer2.java:addFilter(1012)) - Added filter static_user_filter (class=org.apache.hadoop.http.lib.StaticUserWebFilter$StaticUserFilter) to context hddsDatanode
2024-05-04 14:26:34,333 [main] INFO  http.HttpServer2 (HttpServer2.java:addFilter(1020)) - Added filter static_user_filter (class=org.apache.hadoop.http.lib.StaticUserWebFilter$StaticUserFilter) to context static
2024-05-04 14:26:34,333 [main] INFO  http.HttpServer2 (HttpServer2.java:addFilter(1020)) - Added filter static_user_filter (class=org.apache.hadoop.http.lib.StaticUserWebFilter$StaticUserFilter) to context logs
2024-05-04 14:26:34,334 [main] INFO  http.BaseHttpServer (BaseHttpServer.java:<init>(189)) - HTTP server of hddsDatanode uses base directory /home/runner/work/ozone/ozone/hadoop-ozone/integration-test/target/test-dir/MiniOzoneClusterImpl-7c905145-d891-4b2f-be71-50eb4aa8551e/ozone-meta/datanode-2/meta/webserver
2024-05-04 14:26:34,334 [main] INFO  http.HttpServer2 (HttpServer2.java:bindListener(1236)) - Jetty bound to port 15071
2024-05-04 14:26:34,334 [main] INFO  server.Server (Server.java:doStart(375)) - jetty-9.4.54.v20240208; built: 2024-02-08T19:42:39.027Z; git: cef3fbd6d736a21e7d541a5db490381d95a2047d; jvm 17.0.10+7
2024-05-04 14:26:34,336 [main] INFO  server.session (DefaultSessionIdManager.java:doStart(334)) - DefaultSessionIdManager workerName=node0
2024-05-04 14:26:34,336 [main] INFO  server.session (DefaultSessionIdManager.java:doStart(339)) - No SessionScavenger set, using defaults
2024-05-04 14:26:34,336 [main] INFO  server.session (HouseKeeper.java:startScavenging(132)) - node0 Scavenging every 660000ms
2024-05-04 14:26:34,336 [main] INFO  handler.ContextHandler (ContextHandler.java:doStart(921)) - Started o.e.j.s.ServletContextHandler@3030edcc{logs,/logs,file:///home/runner/work/ozone/ozone/hadoop-ozone/integration-test/target/log,AVAILABLE}
2024-05-04 14:26:34,337 [main] INFO  handler.ContextHandler (ContextHandler.java:doStart(921)) - Started o.e.j.s.ServletContextHandler@702189aa{static,/static,file:///home/runner/work/ozone/ozone/hadoop-hdds/container-service/target/classes/webapps/static,AVAILABLE}
2024-05-04 14:26:34,340 [main] INFO  handler.ContextHandler (ContextHandler.java:doStart(921)) - Started o.e.j.w.WebAppContext@33d74ebd{hddsDatanode,/,file:///home/runner/work/ozone/ozone/hadoop-hdds/container-service/target/classes/webapps/hddsDatanode/,AVAILABLE}{file:/home/runner/work/ozone/ozone/hadoop-hdds/container-service/target/classes/webapps/hddsDatanode}
2024-05-04 14:26:34,340 [main] INFO  server.AbstractConnector (AbstractConnector.java:doStart(333)) - Started ServerConnector@5d81c34a{HTTP/1.1, (http/1.1)}{0.0.0.0:15071}
2024-05-04 14:26:34,340 [main] INFO  server.Server (Server.java:doStart(415)) - Started @54597ms
2024-05-04 14:26:34,340 [main] WARN  impl.MetricsSystemImpl (MetricsSystemImpl.java:register(279)) - Sink prometheus already exists!
2024-05-04 14:26:34,341 [main] INFO  http.BaseHttpServer (BaseHttpServer.java:updateConnectorAddress(354)) - HTTP server of hddsDatanode listening at http://0.0.0.0:15071
2024-05-04 14:26:34,341 [main] INFO  ipc.CallQueueManager (CallQueueManager.java:<init>(90)) - Using callQueue: class java.util.concurrent.LinkedBlockingQueue, queueCapacity: 100, scheduler: class org.apache.hadoop.ipc.DefaultRpcScheduler, ipcBackoff: false.
2024-05-04 14:26:34,341 [main] INFO  ipc.Server (Server.java:<init>(1287)) - Listener at 0.0.0.0:15072
2024-05-04 14:26:34,341 [Socket Reader #1 for port 15072] INFO  ipc.Server (Server.java:run(1323)) - Starting Socket Reader #1 for port 15072
2024-05-04 14:26:34,343 [main] INFO  ozone.HddsDatanodeService (HddsDatanodeService.java:start(327)) - Datanode start with admins: [runner]
2024-05-04 14:26:34,343 [main] INFO  ozone.HddsDatanodeClientProtocolServer (HddsDatanodeClientProtocolServer.java:start(77)) - RPC server for Client /0.0.0.0:15072
2024-05-04 14:26:34,343 [IPC Server Responder] INFO  ipc.Server (Server.java:run(1562)) - IPC Server Responder: starting
2024-05-04 14:26:34,343 [IPC Server listener on 15072] INFO  ipc.Server (Server.java:run(1402)) - IPC Server listener on 15072: starting
2024-05-04 14:26:34,343 [9ec74834-1541-452c-921b-2d323393210f-DatanodeStateMachineDaemonThread] INFO  statemachine.DatanodeStateMachine (DatanodeStateMachine.java:lambda$startDaemon$1(555)) - Ozone container server started.
2024-05-04 14:26:34,343 [main] WARN  dropwizard3.Dm3MetricRegistriesImpl (Dm3MetricRegistriesImpl.java:addReporterRegistration(113)) - New reporters are added after registries were created. Some metrics will be missing from the reporter. Please add reporter before adding any new registry.
2024-05-04 14:26:34,343 [main] WARN  dropwizard3.Dm3MetricRegistriesImpl (Dm3MetricRegistriesImpl.java:addReporterRegistration(113)) - New reporters are added after registries were created. Some metrics will be missing from the reporter. Please add reporter before adding any new registry.
2024-05-04 14:26:34,344 [main] INFO  impl.MetricsSystemImpl (MetricsSystemImpl.java:init(158)) - HddsDatanode metrics system started (again)
2024-05-04 14:26:34,346 [9ec74834-1541-452c-921b-2d323393210f-DatanodeStateMachineTaskThread-0] INFO  datanode.InitDatanodeState (InitDatanodeState.java:persistContainerDatanodeDetails(139)) - DatanodeDetails is persisted to /home/runner/work/ozone/ozone/hadoop-ozone/integration-test/target/test-dir/MiniOzoneClusterImpl-7c905145-d891-4b2f-be71-50eb4aa8551e/ozone-meta/datanode-2/meta/datanode.id
2024-05-04 14:26:34,352 [main] INFO  ozone.HddsDatanodeService (HddsDatanodeService.java:start(240)) - HddsDatanodeService host:fv-az1114-244 ip:10.1.0.20
2024-05-04 14:26:34,367 [main] INFO  upgrade.AbstractLayoutVersionManager (AbstractLayoutVersionManager.java:init(83)) - Initializing Layout version manager with metadata layout = HADOOP_PRC_PORTS_IN_DATANODEDETAILS (version = 7), software layout = HADOOP_PRC_PORTS_IN_DATANODEDETAILS (version = 7)
2024-05-04 14:26:34,368 [main] INFO  statemachine.DatanodeStateMachine (DatanodeStateMachine.java:getEndPointTaskThreadPoolSize(299)) - Datanode State Machine Task Thread Pool size 2
2024-05-04 14:26:34,370 [main] INFO  volume.HddsVolume (HddsVolume.java:<init>(126)) - Creating HddsVolume: /home/runner/work/ozone/ozone/hadoop-ozone/integration-test/target/test-dir/MiniOzoneClusterImpl-7c905145-d891-4b2f-be71-50eb4aa8551e/ozone-meta/datanode-3/data-0/hdds of storage type : DISK capacity : 9222449699674390527
2024-05-04 14:26:34,371 [main] INFO  volume.MutableVolumeSet (MutableVolumeSet.java:initializeVolumeSet(173)) - Added Volume : /home/runner/work/ozone/ozone/hadoop-ozone/integration-test/target/test-dir/MiniOzoneClusterImpl-7c905145-d891-4b2f-be71-50eb4aa8551e/ozone-meta/datanode-3/data-0/hdds to VolumeSet
2024-05-04 14:26:34,372 [main] INFO  volume.MutableVolumeSet (MutableVolumeSet.java:initializeVolumeSet(173)) - Added Volume : /home/runner/work/ozone/ozone/hadoop-ozone/integration-test/target/test-dir/MiniOzoneClusterImpl-7c905145-d891-4b2f-be71-50eb4aa8551e/ozone-meta/datanode-3/ratis to VolumeSet
2024-05-04 14:26:34,372 [main] INFO  ozoneimpl.OzoneContainer (HddsVolumeUtil.java:loadAllHddsVolumeDbStore(103)) - Load 1 volumes DbStore cost: 0ms
2024-05-04 14:26:34,374 [main] INFO  server.RaftServer (ConfUtils.java:logGet(46)) - raft.rpc.type = GRPC (default)
2024-05-04 14:26:34,375 [main] INFO  grpc.GrpcConfigKeys (ConfUtils.java:logFallback(53)) - raft.grpc.admin.host = null (fallback to raft.grpc.server.host)
2024-05-04 14:26:34,375 [main] INFO  grpc.GrpcConfigKeys (ConfUtils.java:logGet(46)) - raft.grpc.admin.port = 15084 (custom)
2024-05-04 14:26:34,375 [main] INFO  grpc.GrpcConfigKeys (ConfUtils.java:logFallback(53)) - raft.grpc.client.host = null (fallback to raft.grpc.server.host)
2024-05-04 14:26:34,375 [main] INFO  grpc.GrpcConfigKeys (ConfUtils.java:logGet(46)) - raft.grpc.client.port = 15083 (custom)
2024-05-04 14:26:34,375 [main] INFO  grpc.GrpcConfigKeys (ConfUtils.java:logGet(46)) - raft.grpc.server.host = null (default)
2024-05-04 14:26:34,376 [main] INFO  grpc.GrpcConfigKeys (ConfUtils.java:logGet(46)) - raft.grpc.server.port = 15085 (custom)
2024-05-04 14:26:34,376 [main] INFO  server.GrpcService (ConfUtils.java:logGet(46)) - raft.grpc.message.size.max = 32MB (=33554432) (custom)
2024-05-04 14:26:34,376 [main] INFO  server.RaftServerConfigKeys (ConfUtils.java:logGet(46)) - raft.server.log.appender.buffer.byte-limit = 8388608 (custom)
2024-05-04 14:26:34,376 [main] INFO  server.GrpcService (ConfUtils.java:logGet(46)) - raft.grpc.flow.control.window = 5MB (=5242880) (custom)
2024-05-04 14:26:34,376 [main] INFO  server.RaftServerConfigKeys (ConfUtils.java:logGet(46)) - raft.server.rpc.request.timeout = 3000ms (default)
2024-05-04 14:26:34,376 [main] INFO  grpc.GrpcConfigKeys (ConfUtils.java:logGet(46)) - raft.grpc.server.heartbeat.channel = true (default)
2024-05-04 14:26:34,376 [main] INFO  grpc.GrpcConfigKeys (ConfUtils.java:logGet(46)) - raft.grpc.server.async.request.thread.pool.cached = true (default)
2024-05-04 14:26:34,377 [main] INFO  grpc.GrpcConfigKeys (ConfUtils.java:logGet(46)) - raft.grpc.server.async.request.thread.pool.size = 32 (default)
2024-05-04 14:26:34,379 [main] INFO  impl.DataStreamServerImpl (ConfUtils.java:logGet(46)) - raft.datastream.type = NETTY (custom)
2024-05-04 14:26:34,379 [main] INFO  server.RaftServerConfigKeys (ConfUtils.java:logGet(46)) - raft.server.data-stream.async.request.thread.pool.cached = false (default)
2024-05-04 14:26:34,379 [main] INFO  server.RaftServerConfigKeys (ConfUtils.java:logGet(46)) - raft.server.data-stream.async.request.thread.pool.size = 20 (custom)
2024-05-04 14:26:34,379 [main] INFO  server.RaftServerConfigKeys (ConfUtils.java:logGet(46)) - raft.server.data-stream.async.write.thread.pool.size = 16 (default)
2024-05-04 14:26:34,380 [main] INFO  netty.NettyConfigKeys$DataStream (ConfUtils.java:logGet(46)) - raft.netty.dataStream.server.channel.inactive.grace-period = 10min (default)
2024-05-04 14:26:34,380 [main] INFO  server.RaftServerConfigKeys (ConfUtils.java:logGet(46)) - raft.server.data-stream.client.pool.size = 10 (default)
2024-05-04 14:26:34,380 [main] INFO  netty.NettyConfigKeys$DataStream (ConfUtils.java:logGet(46)) - raft.netty.dataStream.server.use-epoll = true (default)
2024-05-04 14:26:34,380 [main] INFO  netty.NettyConfigKeys$DataStream (ConfUtils.java:logGet(46)) - raft.netty.dataStream.server.boss-group.size = 0 (default)
2024-05-04 14:26:34,380 [main] INFO  netty.NettyUtils (NettyUtils.java:newEventLoopGroup(69)) - Create EpollEventLoopGroup for 8808acf2-b901-482b-9182-8feecfa28384-NettyServerStreamRpc-bossGroup; Thread size is 0.
2024-05-04 14:26:34,381 [main] INFO  netty.NettyConfigKeys$DataStream (ConfUtils.java:logGet(46)) - raft.netty.dataStream.server.worker-group.size = 0 (default)
2024-05-04 14:26:34,381 [main] INFO  netty.NettyUtils (NettyUtils.java:newEventLoopGroup(69)) - Create EpollEventLoopGroup for 8808acf2-b901-482b-9182-8feecfa28384-NettyServerStreamRpc-workerGroup; Thread size is 0.
2024-05-04 14:26:34,381 [main] INFO  netty.NettyConfigKeys$DataStream (ConfUtils.java:logGet(46)) - raft.netty.dataStream.server.tls.conf = null (default)
2024-05-04 14:26:34,381 [main] INFO  netty.NettyConfigKeys$DataStream (ConfUtils.java:logGet(46)) - raft.netty.dataStream.host = null (default)
2024-05-04 14:26:34,381 [main] INFO  netty.NettyConfigKeys$DataStream (ConfUtils.java:logGet(46)) - raft.netty.dataStream.port = 15086 (custom)
2024-05-04 14:26:34,382 [main] INFO  server.RaftServerConfigKeys (ConfUtils.java:logGet(46)) - raft.server.sleep.deviation.threshold = 300ms (default)
2024-05-04 14:26:34,382 [main] INFO  server.RaftServerConfigKeys (ConfUtils.java:logGet(46)) - raft.server.close.threshold = 60s (default)
2024-05-04 14:26:34,382 [main] INFO  server.RaftServerConfigKeys (ConfUtils.java:logGet(46)) - raft.server.leaderelection.leader.step-down.wait-time = 10s (default)
2024-05-04 14:26:34,382 [main] INFO  server.RaftServerConfigKeys (ConfUtils.java:logGet(46)) - raft.server.storage.dir = [/home/runner/work/ozone/ozone/hadoop-ozone/integration-test/target/test-dir/MiniOzoneClusterImpl-7c905145-d891-4b2f-be71-50eb4aa8551e/ozone-meta/datanode-3/ratis] (custom)
2024-05-04 14:26:34,382 [main] INFO  server.RaftServerConfigKeys (ConfUtils.java:logGet(46)) - raft.server.threadpool.proxy.cached = true (default)
2024-05-04 14:26:34,383 [main] INFO  server.RaftServerConfigKeys (ConfUtils.java:logGet(46)) - raft.server.threadpool.proxy.size = 0 (default)
2024-05-04 14:26:34,382 [8808acf2-b901-482b-9182-8feecfa28384-NettyServerStreamRpc-bossGroup--thread1] INFO  logging.LoggingHandler (AbstractInternalLogger.java:log(148)) - [id: 0x263a96e5] REGISTERED
2024-05-04 14:26:34,383 [8808acf2-b901-482b-9182-8feecfa28384-NettyServerStreamRpc-bossGroup--thread1] INFO  logging.LoggingHandler (AbstractInternalLogger.java:log(148)) - [id: 0x263a96e5] BIND: 0.0.0.0/0.0.0.0:15086
2024-05-04 14:26:34,383 [8808acf2-b901-482b-9182-8feecfa28384-NettyServerStreamRpc-bossGroup--thread1] INFO  logging.LoggingHandler (AbstractInternalLogger.java:log(148)) - [id: 0x263a96e5, L:/0.0.0.0:15086] ACTIVE
2024-05-04 14:26:34,385 [8808acf2-b901-482b-9182-8feecfa28384-impl-thread1] INFO  server.RaftServer (RaftServerProxy.java:initGroupDir(264)) - 8808acf2-b901-482b-9182-8feecfa28384: found a subdirectory /home/runner/work/ozone/ozone/hadoop-ozone/integration-test/target/test-dir/MiniOzoneClusterImpl-7c905145-d891-4b2f-be71-50eb4aa8551e/ozone-meta/datanode-3/ratis/tmp
2024-05-04 14:26:34,385 [8808acf2-b901-482b-9182-8feecfa28384-impl-thread1] INFO  server.RaftServer (RaftServerProxy.java:initGroupDir(269)) - 8808acf2-b901-482b-9182-8feecfa28384: The directory /home/runner/work/ozone/ozone/hadoop-ozone/integration-test/target/test-dir/MiniOzoneClusterImpl-7c905145-d891-4b2f-be71-50eb4aa8551e/ozone-meta/datanode-3/ratis/tmp is not a group directory; ignoring it. 
2024-05-04 14:26:34,386 [main] INFO  replication.ReplicationServer (ReplicationServer.java:<init>(86)) - Initializing replication server with thread count = 10 queue length = 4096
2024-05-04 14:26:34,387 [main] INFO  server.XceiverServerGrpc (XceiverServerGrpc.java:<init>(141)) - GrpcServer channel type EpollServerSocketChannel
2024-05-04 14:26:34,388 [main] INFO  replication.ReplicationSupervisor (ReplicationSupervisor.java:build(157)) - Initializing replication supervisor with thread count = 10
2024-05-04 14:26:34,388 [main] INFO  replication.ReplicationSupervisor (ReplicationSupervisor.java:nodeStateUpdated(312)) - Node state updated to IN_SERVICE, scaling executor pool size to 10
2024-05-04 14:26:34,390 [main] INFO  http.BaseHttpServer (BaseHttpServer.java:newHttpServer2BuilderForOzone(223)) - Starting Web-server for hddsDatanode at: http://0.0.0.0:15080
2024-05-04 14:26:34,390 [main] INFO  http.BaseHttpServer (BaseHttpServer.java:<init>(110)) - Hadoop Security Enabled: false Ozone Security Enabled: false Ozone HTTP Security Enabled: false 
2024-05-04 14:26:34,392 [main] WARN  server.AuthenticationFilter (AuthenticationFilter.java:constructSecretProvider(240)) - Unable to initialize FileSignerSecretProvider, falling back to use random secrets. Reason: Could not read signature secret file: /home/runner/hadoop-http-auth-signature-secret
2024-05-04 14:26:34,397 [main] INFO  http.HttpRequestLog (HttpRequestLog.java:getRequestLog(86)) - Http request log for http.requests.hddsDatanode is not defined
2024-05-04 14:26:34,398 [main] INFO  http.HttpServer2 (HttpServer2.java:addGlobalFilter(1036)) - Added global filter 'safety' (class=org.apache.hadoop.hdds.server.http.HttpServer2$QuotingInputFilter)
2024-05-04 14:26:34,399 [main] INFO  http.HttpServer2 (HttpServer2.java:addFilter(1012)) - Added filter static_user_filter (class=org.apache.hadoop.http.lib.StaticUserWebFilter$StaticUserFilter) to context hddsDatanode
2024-05-04 14:26:34,399 [main] INFO  http.HttpServer2 (HttpServer2.java:addFilter(1020)) - Added filter static_user_filter (class=org.apache.hadoop.http.lib.StaticUserWebFilter$StaticUserFilter) to context static
2024-05-04 14:26:34,399 [main] INFO  http.HttpServer2 (HttpServer2.java:addFilter(1020)) - Added filter static_user_filter (class=org.apache.hadoop.http.lib.StaticUserWebFilter$StaticUserFilter) to context logs
2024-05-04 14:26:34,400 [main] INFO  http.BaseHttpServer (BaseHttpServer.java:<init>(189)) - HTTP server of hddsDatanode uses base directory /home/runner/work/ozone/ozone/hadoop-ozone/integration-test/target/test-dir/MiniOzoneClusterImpl-7c905145-d891-4b2f-be71-50eb4aa8551e/ozone-meta/datanode-3/meta/webserver
2024-05-04 14:26:34,400 [main] INFO  http.HttpServer2 (HttpServer2.java:bindListener(1236)) - Jetty bound to port 15080
2024-05-04 14:26:34,400 [main] INFO  server.Server (Server.java:doStart(375)) - jetty-9.4.54.v20240208; built: 2024-02-08T19:42:39.027Z; git: cef3fbd6d736a21e7d541a5db490381d95a2047d; jvm 17.0.10+7
2024-05-04 14:26:34,402 [main] INFO  server.session (DefaultSessionIdManager.java:doStart(334)) - DefaultSessionIdManager workerName=node0
2024-05-04 14:26:34,402 [main] INFO  server.session (DefaultSessionIdManager.java:doStart(339)) - No SessionScavenger set, using defaults
2024-05-04 14:26:34,402 [main] INFO  server.session (HouseKeeper.java:startScavenging(132)) - node0 Scavenging every 660000ms
2024-05-04 14:26:34,403 [main] INFO  handler.ContextHandler (ContextHandler.java:doStart(921)) - Started o.e.j.s.ServletContextHandler@a969ba9{logs,/logs,file:///home/runner/work/ozone/ozone/hadoop-ozone/integration-test/target/log,AVAILABLE}
2024-05-04 14:26:34,403 [main] INFO  handler.ContextHandler (ContextHandler.java:doStart(921)) - Started o.e.j.s.ServletContextHandler@1b3b95e8{static,/static,file:///home/runner/work/ozone/ozone/hadoop-hdds/container-service/target/classes/webapps/static,AVAILABLE}
2024-05-04 14:26:34,408 [main] INFO  handler.ContextHandler (ContextHandler.java:doStart(921)) - Started o.e.j.w.WebAppContext@4a645ebb{hddsDatanode,/,file:///home/runner/work/ozone/ozone/hadoop-hdds/container-service/target/classes/webapps/hddsDatanode/,AVAILABLE}{file:/home/runner/work/ozone/ozone/hadoop-hdds/container-service/target/classes/webapps/hddsDatanode}
2024-05-04 14:26:34,409 [main] INFO  server.AbstractConnector (AbstractConnector.java:doStart(333)) - Started ServerConnector@69b96cd{HTTP/1.1, (http/1.1)}{0.0.0.0:15080}
2024-05-04 14:26:34,409 [main] INFO  server.Server (Server.java:doStart(415)) - Started @54665ms
2024-05-04 14:26:34,409 [main] WARN  impl.MetricsSystemImpl (MetricsSystemImpl.java:register(279)) - Sink prometheus already exists!
2024-05-04 14:26:34,410 [main] INFO  http.BaseHttpServer (BaseHttpServer.java:updateConnectorAddress(354)) - HTTP server of hddsDatanode listening at http://0.0.0.0:15080
2024-05-04 14:26:34,410 [main] INFO  ipc.CallQueueManager (CallQueueManager.java:<init>(90)) - Using callQueue: class java.util.concurrent.LinkedBlockingQueue, queueCapacity: 100, scheduler: class org.apache.hadoop.ipc.DefaultRpcScheduler, ipcBackoff: false.
2024-05-04 14:26:34,411 [main] INFO  ipc.Server (Server.java:<init>(1287)) - Listener at 0.0.0.0:15081
2024-05-04 14:26:34,413 [Socket Reader #1 for port 15081] INFO  ipc.Server (Server.java:run(1323)) - Starting Socket Reader #1 for port 15081
2024-05-04 14:26:34,414 [main] INFO  ozone.HddsDatanodeService (HddsDatanodeService.java:start(327)) - Datanode start with admins: [runner]
2024-05-04 14:26:34,415 [main] INFO  ozone.HddsDatanodeClientProtocolServer (HddsDatanodeClientProtocolServer.java:start(77)) - RPC server for Client /0.0.0.0:15081
2024-05-04 14:26:34,415 [IPC Server Responder] INFO  ipc.Server (Server.java:run(1562)) - IPC Server Responder: starting
2024-05-04 14:26:34,415 [8808acf2-b901-482b-9182-8feecfa28384-DatanodeStateMachineDaemonThread] INFO  statemachine.DatanodeStateMachine (DatanodeStateMachine.java:lambda$startDaemon$1(555)) - Ozone container server started.
2024-05-04 14:26:34,415 [main] WARN  dropwizard3.Dm3MetricRegistriesImpl (Dm3MetricRegistriesImpl.java:addReporterRegistration(113)) - New reporters are added after registries were created. Some metrics will be missing from the reporter. Please add reporter before adding any new registry.
2024-05-04 14:26:34,415 [main] WARN  dropwizard3.Dm3MetricRegistriesImpl (Dm3MetricRegistriesImpl.java:addReporterRegistration(113)) - New reporters are added after registries were created. Some metrics will be missing from the reporter. Please add reporter before adding any new registry.
2024-05-04 14:26:34,415 [main] INFO  impl.MetricsSystemImpl (MetricsSystemImpl.java:init(158)) - HddsDatanode metrics system started (again)
2024-05-04 14:26:34,417 [IPC Server listener on 15081] INFO  ipc.Server (Server.java:run(1402)) - IPC Server listener on 15081: starting
2024-05-04 14:26:34,423 [8808acf2-b901-482b-9182-8feecfa28384-DatanodeStateMachineTaskThread-0] INFO  datanode.InitDatanodeState (InitDatanodeState.java:persistContainerDatanodeDetails(139)) - DatanodeDetails is persisted to /home/runner/work/ozone/ozone/hadoop-ozone/integration-test/target/test-dir/MiniOzoneClusterImpl-7c905145-d891-4b2f-be71-50eb4aa8551e/ozone-meta/datanode-3/meta/datanode.id
2024-05-04 14:26:34,425 [main] INFO  ozone.HddsDatanodeService (HddsDatanodeService.java:start(240)) - HddsDatanodeService host:fv-az1114-244 ip:10.1.0.20
2024-05-04 14:26:34,441 [main] INFO  upgrade.AbstractLayoutVersionManager (AbstractLayoutVersionManager.java:init(83)) - Initializing Layout version manager with metadata layout = HADOOP_PRC_PORTS_IN_DATANODEDETAILS (version = 7), software layout = HADOOP_PRC_PORTS_IN_DATANODEDETAILS (version = 7)
2024-05-04 14:26:34,441 [main] INFO  statemachine.DatanodeStateMachine (DatanodeStateMachine.java:getEndPointTaskThreadPoolSize(299)) - Datanode State Machine Task Thread Pool size 2
2024-05-04 14:26:34,443 [main] INFO  volume.HddsVolume (HddsVolume.java:<init>(126)) - Creating HddsVolume: /home/runner/work/ozone/ozone/hadoop-ozone/integration-test/target/test-dir/MiniOzoneClusterImpl-7c905145-d891-4b2f-be71-50eb4aa8551e/ozone-meta/datanode-4/data-0/hdds of storage type : DISK capacity : 9222449699674390527
2024-05-04 14:26:34,443 [main] INFO  volume.MutableVolumeSet (MutableVolumeSet.java:initializeVolumeSet(173)) - Added Volume : /home/runner/work/ozone/ozone/hadoop-ozone/integration-test/target/test-dir/MiniOzoneClusterImpl-7c905145-d891-4b2f-be71-50eb4aa8551e/ozone-meta/datanode-4/data-0/hdds to VolumeSet
2024-05-04 14:26:34,444 [main] INFO  volume.MutableVolumeSet (MutableVolumeSet.java:initializeVolumeSet(173)) - Added Volume : /home/runner/work/ozone/ozone/hadoop-ozone/integration-test/target/test-dir/MiniOzoneClusterImpl-7c905145-d891-4b2f-be71-50eb4aa8551e/ozone-meta/datanode-4/ratis to VolumeSet
2024-05-04 14:26:34,444 [main] INFO  ozoneimpl.OzoneContainer (HddsVolumeUtil.java:loadAllHddsVolumeDbStore(103)) - Load 1 volumes DbStore cost: 0ms
2024-05-04 14:26:34,446 [main] INFO  server.RaftServer (ConfUtils.java:logGet(46)) - raft.rpc.type = GRPC (default)
2024-05-04 14:26:34,446 [main] INFO  grpc.GrpcConfigKeys (ConfUtils.java:logFallback(53)) - raft.grpc.admin.host = null (fallback to raft.grpc.server.host)
2024-05-04 14:26:34,447 [main] INFO  grpc.GrpcConfigKeys (ConfUtils.java:logGet(46)) - raft.grpc.admin.port = 15093 (custom)
2024-05-04 14:26:34,447 [main] INFO  grpc.GrpcConfigKeys (ConfUtils.java:logFallback(53)) - raft.grpc.client.host = null (fallback to raft.grpc.server.host)
2024-05-04 14:26:34,447 [main] INFO  grpc.GrpcConfigKeys (ConfUtils.java:logGet(46)) - raft.grpc.client.port = 15092 (custom)
2024-05-04 14:26:34,447 [main] INFO  grpc.GrpcConfigKeys (ConfUtils.java:logGet(46)) - raft.grpc.server.host = null (default)
2024-05-04 14:26:34,447 [main] INFO  grpc.GrpcConfigKeys (ConfUtils.java:logGet(46)) - raft.grpc.server.port = 15094 (custom)
2024-05-04 14:26:34,447 [main] INFO  server.GrpcService (ConfUtils.java:logGet(46)) - raft.grpc.message.size.max = 32MB (=33554432) (custom)
2024-05-04 14:26:34,447 [main] INFO  server.RaftServerConfigKeys (ConfUtils.java:logGet(46)) - raft.server.log.appender.buffer.byte-limit = 8388608 (custom)
2024-05-04 14:26:34,447 [main] INFO  server.GrpcService (ConfUtils.java:logGet(46)) - raft.grpc.flow.control.window = 5MB (=5242880) (custom)
2024-05-04 14:26:34,447 [main] INFO  server.RaftServerConfigKeys (ConfUtils.java:logGet(46)) - raft.server.rpc.request.timeout = 3000ms (default)
2024-05-04 14:26:34,447 [main] INFO  grpc.GrpcConfigKeys (ConfUtils.java:logGet(46)) - raft.grpc.server.heartbeat.channel = true (default)
2024-05-04 14:26:34,447 [main] INFO  grpc.GrpcConfigKeys (ConfUtils.java:logGet(46)) - raft.grpc.server.async.request.thread.pool.cached = true (default)
2024-05-04 14:26:34,447 [main] INFO  grpc.GrpcConfigKeys (ConfUtils.java:logGet(46)) - raft.grpc.server.async.request.thread.pool.size = 32 (default)
2024-05-04 14:26:34,449 [main] INFO  impl.DataStreamServerImpl (ConfUtils.java:logGet(46)) - raft.datastream.type = NETTY (custom)
2024-05-04 14:26:34,449 [main] INFO  server.RaftServerConfigKeys (ConfUtils.java:logGet(46)) - raft.server.data-stream.async.request.thread.pool.cached = false (default)
2024-05-04 14:26:34,449 [main] INFO  server.RaftServerConfigKeys (ConfUtils.java:logGet(46)) - raft.server.data-stream.async.request.thread.pool.size = 20 (custom)
2024-05-04 14:26:34,449 [main] INFO  server.RaftServerConfigKeys (ConfUtils.java:logGet(46)) - raft.server.data-stream.async.write.thread.pool.size = 16 (default)
2024-05-04 14:26:34,449 [main] INFO  netty.NettyConfigKeys$DataStream (ConfUtils.java:logGet(46)) - raft.netty.dataStream.server.channel.inactive.grace-period = 10min (default)
2024-05-04 14:26:34,450 [main] INFO  server.RaftServerConfigKeys (ConfUtils.java:logGet(46)) - raft.server.data-stream.client.pool.size = 10 (default)
2024-05-04 14:26:34,450 [main] INFO  netty.NettyConfigKeys$DataStream (ConfUtils.java:logGet(46)) - raft.netty.dataStream.server.use-epoll = true (default)
2024-05-04 14:26:34,450 [main] INFO  netty.NettyConfigKeys$DataStream (ConfUtils.java:logGet(46)) - raft.netty.dataStream.server.boss-group.size = 0 (default)
2024-05-04 14:26:34,450 [main] INFO  netty.NettyUtils (NettyUtils.java:newEventLoopGroup(69)) - Create EpollEventLoopGroup for ccbd6c79-39e6-4e91-99a9-9b6c204b47e9-NettyServerStreamRpc-bossGroup; Thread size is 0.
2024-05-04 14:26:34,450 [main] INFO  netty.NettyConfigKeys$DataStream (ConfUtils.java:logGet(46)) - raft.netty.dataStream.server.worker-group.size = 0 (default)
2024-05-04 14:26:34,450 [main] INFO  netty.NettyUtils (NettyUtils.java:newEventLoopGroup(69)) - Create EpollEventLoopGroup for ccbd6c79-39e6-4e91-99a9-9b6c204b47e9-NettyServerStreamRpc-workerGroup; Thread size is 0.
2024-05-04 14:26:34,450 [main] INFO  netty.NettyConfigKeys$DataStream (ConfUtils.java:logGet(46)) - raft.netty.dataStream.server.tls.conf = null (default)
2024-05-04 14:26:34,450 [main] INFO  netty.NettyConfigKeys$DataStream (ConfUtils.java:logGet(46)) - raft.netty.dataStream.host = null (default)
2024-05-04 14:26:34,451 [main] INFO  netty.NettyConfigKeys$DataStream (ConfUtils.java:logGet(46)) - raft.netty.dataStream.port = 15095 (custom)
2024-05-04 14:26:34,451 [main] INFO  server.RaftServerConfigKeys (ConfUtils.java:logGet(46)) - raft.server.sleep.deviation.threshold = 300ms (default)
2024-05-04 14:26:34,451 [main] INFO  server.RaftServerConfigKeys (ConfUtils.java:logGet(46)) - raft.server.close.threshold = 60s (default)
2024-05-04 14:26:34,451 [main] INFO  server.RaftServerConfigKeys (ConfUtils.java:logGet(46)) - raft.server.leaderelection.leader.step-down.wait-time = 10s (default)
2024-05-04 14:26:34,451 [main] INFO  server.RaftServerConfigKeys (ConfUtils.java:logGet(46)) - raft.server.storage.dir = [/home/runner/work/ozone/ozone/hadoop-ozone/integration-test/target/test-dir/MiniOzoneClusterImpl-7c905145-d891-4b2f-be71-50eb4aa8551e/ozone-meta/datanode-4/ratis] (custom)
2024-05-04 14:26:34,451 [main] INFO  server.RaftServerConfigKeys (ConfUtils.java:logGet(46)) - raft.server.threadpool.proxy.cached = true (default)
2024-05-04 14:26:34,451 [main] INFO  server.RaftServerConfigKeys (ConfUtils.java:logGet(46)) - raft.server.threadpool.proxy.size = 0 (default)
2024-05-04 14:26:34,452 [ccbd6c79-39e6-4e91-99a9-9b6c204b47e9-impl-thread1] INFO  server.RaftServer (RaftServerProxy.java:initGroupDir(264)) - ccbd6c79-39e6-4e91-99a9-9b6c204b47e9: found a subdirectory /home/runner/work/ozone/ozone/hadoop-ozone/integration-test/target/test-dir/MiniOzoneClusterImpl-7c905145-d891-4b2f-be71-50eb4aa8551e/ozone-meta/datanode-4/ratis/tmp
2024-05-04 14:26:34,452 [ccbd6c79-39e6-4e91-99a9-9b6c204b47e9-impl-thread1] INFO  server.RaftServer (RaftServerProxy.java:initGroupDir(269)) - ccbd6c79-39e6-4e91-99a9-9b6c204b47e9: The directory /home/runner/work/ozone/ozone/hadoop-ozone/integration-test/target/test-dir/MiniOzoneClusterImpl-7c905145-d891-4b2f-be71-50eb4aa8551e/ozone-meta/datanode-4/ratis/tmp is not a group directory; ignoring it. 
2024-05-04 14:26:34,452 [main] INFO  replication.ReplicationServer (ReplicationServer.java:<init>(86)) - Initializing replication server with thread count = 10 queue length = 4096
2024-05-04 14:26:34,453 [main] INFO  server.XceiverServerGrpc (XceiverServerGrpc.java:<init>(141)) - GrpcServer channel type EpollServerSocketChannel
2024-05-04 14:26:34,457 [ccbd6c79-39e6-4e91-99a9-9b6c204b47e9-NettyServerStreamRpc-bossGroup--thread1] INFO  logging.LoggingHandler (AbstractInternalLogger.java:log(148)) - [id: 0xa7277d44] REGISTERED
2024-05-04 14:26:34,457 [ccbd6c79-39e6-4e91-99a9-9b6c204b47e9-NettyServerStreamRpc-bossGroup--thread1] INFO  logging.LoggingHandler (AbstractInternalLogger.java:log(148)) - [id: 0xa7277d44] BIND: 0.0.0.0/0.0.0.0:15095
2024-05-04 14:26:34,457 [ccbd6c79-39e6-4e91-99a9-9b6c204b47e9-NettyServerStreamRpc-bossGroup--thread1] INFO  logging.LoggingHandler (AbstractInternalLogger.java:log(148)) - [id: 0xa7277d44, L:/0.0.0.0:15095] ACTIVE
2024-05-04 14:26:34,457 [main] INFO  replication.ReplicationSupervisor (ReplicationSupervisor.java:build(157)) - Initializing replication supervisor with thread count = 10
2024-05-04 14:26:34,458 [main] INFO  replication.ReplicationSupervisor (ReplicationSupervisor.java:nodeStateUpdated(312)) - Node state updated to IN_SERVICE, scaling executor pool size to 10
2024-05-04 14:26:34,461 [main] INFO  http.BaseHttpServer (BaseHttpServer.java:newHttpServer2BuilderForOzone(223)) - Starting Web-server for hddsDatanode at: http://0.0.0.0:15089
2024-05-04 14:26:34,462 [main] INFO  http.BaseHttpServer (BaseHttpServer.java:<init>(110)) - Hadoop Security Enabled: false Ozone Security Enabled: false Ozone HTTP Security Enabled: false 
2024-05-04 14:26:34,463 [main] WARN  server.AuthenticationFilter (AuthenticationFilter.java:constructSecretProvider(240)) - Unable to initialize FileSignerSecretProvider, falling back to use random secrets. Reason: Could not read signature secret file: /home/runner/hadoop-http-auth-signature-secret
2024-05-04 14:26:34,463 [main] INFO  http.HttpRequestLog (HttpRequestLog.java:getRequestLog(86)) - Http request log for http.requests.hddsDatanode is not defined
2024-05-04 14:26:34,465 [main] INFO  http.HttpServer2 (HttpServer2.java:addGlobalFilter(1036)) - Added global filter 'safety' (class=org.apache.hadoop.hdds.server.http.HttpServer2$QuotingInputFilter)
2024-05-04 14:26:34,465 [main] INFO  http.HttpServer2 (HttpServer2.java:addFilter(1012)) - Added filter static_user_filter (class=org.apache.hadoop.http.lib.StaticUserWebFilter$StaticUserFilter) to context hddsDatanode
2024-05-04 14:26:34,466 [main] INFO  http.HttpServer2 (HttpServer2.java:addFilter(1020)) - Added filter static_user_filter (class=org.apache.hadoop.http.lib.StaticUserWebFilter$StaticUserFilter) to context logs
2024-05-04 14:26:34,466 [main] INFO  http.HttpServer2 (HttpServer2.java:addFilter(1020)) - Added filter static_user_filter (class=org.apache.hadoop.http.lib.StaticUserWebFilter$StaticUserFilter) to context static
2024-05-04 14:26:34,466 [main] INFO  http.BaseHttpServer (BaseHttpServer.java:<init>(189)) - HTTP server of hddsDatanode uses base directory /home/runner/work/ozone/ozone/hadoop-ozone/integration-test/target/test-dir/MiniOzoneClusterImpl-7c905145-d891-4b2f-be71-50eb4aa8551e/ozone-meta/datanode-4/meta/webserver
2024-05-04 14:26:34,467 [main] INFO  http.HttpServer2 (HttpServer2.java:bindListener(1236)) - Jetty bound to port 15089
2024-05-04 14:26:34,467 [main] INFO  server.Server (Server.java:doStart(375)) - jetty-9.4.54.v20240208; built: 2024-02-08T19:42:39.027Z; git: cef3fbd6d736a21e7d541a5db490381d95a2047d; jvm 17.0.10+7
2024-05-04 14:26:34,468 [main] INFO  server.session (DefaultSessionIdManager.java:doStart(334)) - DefaultSessionIdManager workerName=node0
2024-05-04 14:26:34,468 [main] INFO  server.session (DefaultSessionIdManager.java:doStart(339)) - No SessionScavenger set, using defaults
2024-05-04 14:26:34,469 [main] INFO  server.session (HouseKeeper.java:startScavenging(132)) - node0 Scavenging every 600000ms
2024-05-04 14:26:34,469 [main] INFO  handler.ContextHandler (ContextHandler.java:doStart(921)) - Started o.e.j.s.ServletContextHandler@128e7fc4{logs,/logs,file:///home/runner/work/ozone/ozone/hadoop-ozone/integration-test/target/log,AVAILABLE}
2024-05-04 14:26:34,470 [main] INFO  handler.ContextHandler (ContextHandler.java:doStart(921)) - Started o.e.j.s.ServletContextHandler@1997784a{static,/static,file:///home/runner/work/ozone/ozone/hadoop-hdds/container-service/target/classes/webapps/static,AVAILABLE}
2024-05-04 14:26:34,474 [main] INFO  handler.ContextHandler (ContextHandler.java:doStart(921)) - Started o.e.j.w.WebAppContext@6b57ac6a{hddsDatanode,/,file:///home/runner/work/ozone/ozone/hadoop-hdds/container-service/target/classes/webapps/hddsDatanode/,AVAILABLE}{file:/home/runner/work/ozone/ozone/hadoop-hdds/container-service/target/classes/webapps/hddsDatanode}
2024-05-04 14:26:34,475 [main] INFO  server.AbstractConnector (AbstractConnector.java:doStart(333)) - Started ServerConnector@4902882c{HTTP/1.1, (http/1.1)}{0.0.0.0:15089}
2024-05-04 14:26:34,475 [main] INFO  server.Server (Server.java:doStart(415)) - Started @54732ms
2024-05-04 14:26:34,475 [main] WARN  impl.MetricsSystemImpl (MetricsSystemImpl.java:register(279)) - Sink prometheus already exists!
2024-05-04 14:26:34,476 [main] INFO  http.BaseHttpServer (BaseHttpServer.java:updateConnectorAddress(354)) - HTTP server of hddsDatanode listening at http://0.0.0.0:15089
2024-05-04 14:26:34,476 [main] INFO  ipc.CallQueueManager (CallQueueManager.java:<init>(90)) - Using callQueue: class java.util.concurrent.LinkedBlockingQueue, queueCapacity: 100, scheduler: class org.apache.hadoop.ipc.DefaultRpcScheduler, ipcBackoff: false.
2024-05-04 14:26:34,477 [main] INFO  ipc.Server (Server.java:<init>(1287)) - Listener at 0.0.0.0:15090
2024-05-04 14:26:34,477 [Socket Reader #1 for port 15090] INFO  ipc.Server (Server.java:run(1323)) - Starting Socket Reader #1 for port 15090
2024-05-04 14:26:34,478 [main] INFO  ozone.HddsDatanodeService (HddsDatanodeService.java:start(327)) - Datanode start with admins: [runner]
2024-05-04 14:26:34,479 [main] INFO  ozone.HddsDatanodeClientProtocolServer (HddsDatanodeClientProtocolServer.java:start(77)) - RPC server for Client /0.0.0.0:15090
2024-05-04 14:26:34,479 [IPC Server Responder] INFO  ipc.Server (Server.java:run(1562)) - IPC Server Responder: starting
2024-05-04 14:26:34,479 [IPC Server listener on 15090] INFO  ipc.Server (Server.java:run(1402)) - IPC Server listener on 15090: starting
2024-05-04 14:26:34,480 [ccbd6c79-39e6-4e91-99a9-9b6c204b47e9-DatanodeStateMachineDaemonThread] INFO  statemachine.DatanodeStateMachine (DatanodeStateMachine.java:lambda$startDaemon$1(555)) - Ozone container server started.
2024-05-04 14:26:34,480 [main] WARN  dropwizard3.Dm3MetricRegistriesImpl (Dm3MetricRegistriesImpl.java:addReporterRegistration(113)) - New reporters are added after registries were created. Some metrics will be missing from the reporter. Please add reporter before adding any new registry.
2024-05-04 14:26:34,480 [main] WARN  dropwizard3.Dm3MetricRegistriesImpl (Dm3MetricRegistriesImpl.java:addReporterRegistration(113)) - New reporters are added after registries were created. Some metrics will be missing from the reporter. Please add reporter before adding any new registry.
2024-05-04 14:26:34,481 [main] INFO  impl.MetricsSystemImpl (MetricsSystemImpl.java:init(158)) - HddsDatanode metrics system started (again)
2024-05-04 14:26:34,485 [ccbd6c79-39e6-4e91-99a9-9b6c204b47e9-DatanodeStateMachineTaskThread-0] INFO  datanode.InitDatanodeState (InitDatanodeState.java:persistContainerDatanodeDetails(139)) - DatanodeDetails is persisted to /home/runner/work/ozone/ozone/hadoop-ozone/integration-test/target/test-dir/MiniOzoneClusterImpl-7c905145-d891-4b2f-be71-50eb4aa8551e/ozone-meta/datanode-4/meta/datanode.id
2024-05-04 14:26:34,494 [main] INFO  ozone.HddsDatanodeService (HddsDatanodeService.java:start(240)) - HddsDatanodeService host:fv-az1114-244 ip:10.1.0.20
2024-05-04 14:26:34,510 [main] INFO  upgrade.AbstractLayoutVersionManager (AbstractLayoutVersionManager.java:init(83)) - Initializing Layout version manager with metadata layout = HADOOP_PRC_PORTS_IN_DATANODEDETAILS (version = 7), software layout = HADOOP_PRC_PORTS_IN_DATANODEDETAILS (version = 7)
2024-05-04 14:26:34,510 [main] INFO  statemachine.DatanodeStateMachine (DatanodeStateMachine.java:getEndPointTaskThreadPoolSize(299)) - Datanode State Machine Task Thread Pool size 2
2024-05-04 14:26:34,512 [main] INFO  volume.HddsVolume (HddsVolume.java:<init>(126)) - Creating HddsVolume: /home/runner/work/ozone/ozone/hadoop-ozone/integration-test/target/test-dir/MiniOzoneClusterImpl-7c905145-d891-4b2f-be71-50eb4aa8551e/ozone-meta/datanode-5/data-0/hdds of storage type : DISK capacity : 9222449699674390527
2024-05-04 14:26:34,512 [main] INFO  volume.MutableVolumeSet (MutableVolumeSet.java:initializeVolumeSet(173)) - Added Volume : /home/runner/work/ozone/ozone/hadoop-ozone/integration-test/target/test-dir/MiniOzoneClusterImpl-7c905145-d891-4b2f-be71-50eb4aa8551e/ozone-meta/datanode-5/data-0/hdds to VolumeSet
2024-05-04 14:26:34,513 [main] INFO  volume.MutableVolumeSet (MutableVolumeSet.java:initializeVolumeSet(173)) - Added Volume : /home/runner/work/ozone/ozone/hadoop-ozone/integration-test/target/test-dir/MiniOzoneClusterImpl-7c905145-d891-4b2f-be71-50eb4aa8551e/ozone-meta/datanode-5/ratis to VolumeSet
2024-05-04 14:26:34,513 [main] INFO  ozoneimpl.OzoneContainer (HddsVolumeUtil.java:loadAllHddsVolumeDbStore(103)) - Load 1 volumes DbStore cost: 0ms
2024-05-04 14:26:34,520 [main] INFO  server.RaftServer (ConfUtils.java:logGet(46)) - raft.rpc.type = GRPC (default)
2024-05-04 14:26:34,520 [main] INFO  grpc.GrpcConfigKeys (ConfUtils.java:logFallback(53)) - raft.grpc.admin.host = null (fallback to raft.grpc.server.host)
2024-05-04 14:26:34,520 [main] INFO  grpc.GrpcConfigKeys (ConfUtils.java:logGet(46)) - raft.grpc.admin.port = 15102 (custom)
2024-05-04 14:26:34,520 [main] INFO  grpc.GrpcConfigKeys (ConfUtils.java:logFallback(53)) - raft.grpc.client.host = null (fallback to raft.grpc.server.host)
2024-05-04 14:26:34,520 [main] INFO  grpc.GrpcConfigKeys (ConfUtils.java:logGet(46)) - raft.grpc.client.port = 15101 (custom)
2024-05-04 14:26:34,520 [main] INFO  grpc.GrpcConfigKeys (ConfUtils.java:logGet(46)) - raft.grpc.server.host = null (default)
2024-05-04 14:26:34,520 [main] INFO  grpc.GrpcConfigKeys (ConfUtils.java:logGet(46)) - raft.grpc.server.port = 15103 (custom)
2024-05-04 14:26:34,520 [main] INFO  server.GrpcService (ConfUtils.java:logGet(46)) - raft.grpc.message.size.max = 32MB (=33554432) (custom)
2024-05-04 14:26:34,520 [main] INFO  server.RaftServerConfigKeys (ConfUtils.java:logGet(46)) - raft.server.log.appender.buffer.byte-limit = 8388608 (custom)
2024-05-04 14:26:34,521 [main] INFO  server.GrpcService (ConfUtils.java:logGet(46)) - raft.grpc.flow.control.window = 5MB (=5242880) (custom)
2024-05-04 14:26:34,521 [main] INFO  server.RaftServerConfigKeys (ConfUtils.java:logGet(46)) - raft.server.rpc.request.timeout = 3000ms (default)
2024-05-04 14:26:34,521 [main] INFO  grpc.GrpcConfigKeys (ConfUtils.java:logGet(46)) - raft.grpc.server.heartbeat.channel = true (default)
2024-05-04 14:26:34,521 [main] INFO  grpc.GrpcConfigKeys (ConfUtils.java:logGet(46)) - raft.grpc.server.async.request.thread.pool.cached = true (default)
2024-05-04 14:26:34,521 [main] INFO  grpc.GrpcConfigKeys (ConfUtils.java:logGet(46)) - raft.grpc.server.async.request.thread.pool.size = 32 (default)
2024-05-04 14:26:34,522 [main] INFO  impl.DataStreamServerImpl (ConfUtils.java:logGet(46)) - raft.datastream.type = NETTY (custom)
2024-05-04 14:26:34,523 [main] INFO  server.RaftServerConfigKeys (ConfUtils.java:logGet(46)) - raft.server.data-stream.async.request.thread.pool.cached = false (default)
2024-05-04 14:26:34,523 [main] INFO  server.RaftServerConfigKeys (ConfUtils.java:logGet(46)) - raft.server.data-stream.async.request.thread.pool.size = 20 (custom)
2024-05-04 14:26:34,523 [main] INFO  server.RaftServerConfigKeys (ConfUtils.java:logGet(46)) - raft.server.data-stream.async.write.thread.pool.size = 16 (default)
2024-05-04 14:26:34,523 [main] INFO  netty.NettyConfigKeys$DataStream (ConfUtils.java:logGet(46)) - raft.netty.dataStream.server.channel.inactive.grace-period = 10min (default)
2024-05-04 14:26:34,523 [main] INFO  server.RaftServerConfigKeys (ConfUtils.java:logGet(46)) - raft.server.data-stream.client.pool.size = 10 (default)
2024-05-04 14:26:34,523 [main] INFO  netty.NettyConfigKeys$DataStream (ConfUtils.java:logGet(46)) - raft.netty.dataStream.server.use-epoll = true (default)
2024-05-04 14:26:34,523 [main] INFO  netty.NettyConfigKeys$DataStream (ConfUtils.java:logGet(46)) - raft.netty.dataStream.server.boss-group.size = 0 (default)
2024-05-04 14:26:34,523 [main] INFO  netty.NettyUtils (NettyUtils.java:newEventLoopGroup(69)) - Create EpollEventLoopGroup for 3ae9785c-56ef-4b84-8cb7-69d91d7d731c-NettyServerStreamRpc-bossGroup; Thread size is 0.
2024-05-04 14:26:34,524 [main] INFO  netty.NettyConfigKeys$DataStream (ConfUtils.java:logGet(46)) - raft.netty.dataStream.server.worker-group.size = 0 (default)
2024-05-04 14:26:34,524 [main] INFO  netty.NettyUtils (NettyUtils.java:newEventLoopGroup(69)) - Create EpollEventLoopGroup for 3ae9785c-56ef-4b84-8cb7-69d91d7d731c-NettyServerStreamRpc-workerGroup; Thread size is 0.
2024-05-04 14:26:34,525 [main] INFO  netty.NettyConfigKeys$DataStream (ConfUtils.java:logGet(46)) - raft.netty.dataStream.server.tls.conf = null (default)
2024-05-04 14:26:34,525 [main] INFO  netty.NettyConfigKeys$DataStream (ConfUtils.java:logGet(46)) - raft.netty.dataStream.host = null (default)
2024-05-04 14:26:34,526 [main] INFO  netty.NettyConfigKeys$DataStream (ConfUtils.java:logGet(46)) - raft.netty.dataStream.port = 15104 (custom)
2024-05-04 14:26:34,526 [main] INFO  server.RaftServerConfigKeys (ConfUtils.java:logGet(46)) - raft.server.sleep.deviation.threshold = 300ms (default)
2024-05-04 14:26:34,526 [main] INFO  server.RaftServerConfigKeys (ConfUtils.java:logGet(46)) - raft.server.close.threshold = 60s (default)
2024-05-04 14:26:34,526 [main] INFO  server.RaftServerConfigKeys (ConfUtils.java:logGet(46)) - raft.server.leaderelection.leader.step-down.wait-time = 10s (default)
2024-05-04 14:26:34,526 [main] INFO  server.RaftServerConfigKeys (ConfUtils.java:logGet(46)) - raft.server.storage.dir = [/home/runner/work/ozone/ozone/hadoop-ozone/integration-test/target/test-dir/MiniOzoneClusterImpl-7c905145-d891-4b2f-be71-50eb4aa8551e/ozone-meta/datanode-5/ratis] (custom)
2024-05-04 14:26:34,527 [main] INFO  server.RaftServerConfigKeys (ConfUtils.java:logGet(46)) - raft.server.threadpool.proxy.cached = true (default)
2024-05-04 14:26:34,527 [main] INFO  server.RaftServerConfigKeys (ConfUtils.java:logGet(46)) - raft.server.threadpool.proxy.size = 0 (default)
2024-05-04 14:26:34,527 [3ae9785c-56ef-4b84-8cb7-69d91d7d731c-impl-thread1] INFO  server.RaftServer (RaftServerProxy.java:initGroupDir(264)) - 3ae9785c-56ef-4b84-8cb7-69d91d7d731c: found a subdirectory /home/runner/work/ozone/ozone/hadoop-ozone/integration-test/target/test-dir/MiniOzoneClusterImpl-7c905145-d891-4b2f-be71-50eb4aa8551e/ozone-meta/datanode-5/ratis/tmp
2024-05-04 14:26:34,527 [3ae9785c-56ef-4b84-8cb7-69d91d7d731c-impl-thread1] INFO  server.RaftServer (RaftServerProxy.java:initGroupDir(269)) - 3ae9785c-56ef-4b84-8cb7-69d91d7d731c: The directory /home/runner/work/ozone/ozone/hadoop-ozone/integration-test/target/test-dir/MiniOzoneClusterImpl-7c905145-d891-4b2f-be71-50eb4aa8551e/ozone-meta/datanode-5/ratis/tmp is not a group directory; ignoring it. 
2024-05-04 14:26:34,528 [main] INFO  replication.ReplicationServer (ReplicationServer.java:<init>(86)) - Initializing replication server with thread count = 10 queue length = 4096
2024-05-04 14:26:34,529 [main] INFO  server.XceiverServerGrpc (XceiverServerGrpc.java:<init>(141)) - GrpcServer channel type EpollServerSocketChannel
2024-05-04 14:26:34,530 [3ae9785c-56ef-4b84-8cb7-69d91d7d731c-NettyServerStreamRpc-bossGroup--thread1] INFO  logging.LoggingHandler (AbstractInternalLogger.java:log(148)) - [id: 0x31088116] REGISTERED
2024-05-04 14:26:34,530 [main] INFO  replication.ReplicationSupervisor (ReplicationSupervisor.java:build(157)) - Initializing replication supervisor with thread count = 10
2024-05-04 14:26:34,530 [3ae9785c-56ef-4b84-8cb7-69d91d7d731c-NettyServerStreamRpc-bossGroup--thread1] INFO  logging.LoggingHandler (AbstractInternalLogger.java:log(148)) - [id: 0x31088116] BIND: 0.0.0.0/0.0.0.0:15104
2024-05-04 14:26:34,530 [main] INFO  replication.ReplicationSupervisor (ReplicationSupervisor.java:nodeStateUpdated(312)) - Node state updated to IN_SERVICE, scaling executor pool size to 10
2024-05-04 14:26:34,531 [3ae9785c-56ef-4b84-8cb7-69d91d7d731c-NettyServerStreamRpc-bossGroup--thread1] INFO  logging.LoggingHandler (AbstractInternalLogger.java:log(148)) - [id: 0x31088116, L:/0.0.0.0:15104] ACTIVE
2024-05-04 14:26:34,536 [main] INFO  http.BaseHttpServer (BaseHttpServer.java:newHttpServer2BuilderForOzone(223)) - Starting Web-server for hddsDatanode at: http://0.0.0.0:15098
2024-05-04 14:26:34,536 [main] INFO  http.BaseHttpServer (BaseHttpServer.java:<init>(110)) - Hadoop Security Enabled: false Ozone Security Enabled: false Ozone HTTP Security Enabled: false 
2024-05-04 14:26:34,537 [main] WARN  server.AuthenticationFilter (AuthenticationFilter.java:constructSecretProvider(240)) - Unable to initialize FileSignerSecretProvider, falling back to use random secrets. Reason: Could not read signature secret file: /home/runner/hadoop-http-auth-signature-secret
2024-05-04 14:26:34,538 [main] INFO  http.HttpRequestLog (HttpRequestLog.java:getRequestLog(86)) - Http request log for http.requests.hddsDatanode is not defined
2024-05-04 14:26:34,539 [main] INFO  http.HttpServer2 (HttpServer2.java:addGlobalFilter(1036)) - Added global filter 'safety' (class=org.apache.hadoop.hdds.server.http.HttpServer2$QuotingInputFilter)
2024-05-04 14:26:34,540 [main] INFO  http.HttpServer2 (HttpServer2.java:addFilter(1012)) - Added filter static_user_filter (class=org.apache.hadoop.http.lib.StaticUserWebFilter$StaticUserFilter) to context hddsDatanode
2024-05-04 14:26:34,540 [main] INFO  http.HttpServer2 (HttpServer2.java:addFilter(1020)) - Added filter static_user_filter (class=org.apache.hadoop.http.lib.StaticUserWebFilter$StaticUserFilter) to context logs
2024-05-04 14:26:34,540 [main] INFO  http.HttpServer2 (HttpServer2.java:addFilter(1020)) - Added filter static_user_filter (class=org.apache.hadoop.http.lib.StaticUserWebFilter$StaticUserFilter) to context static
2024-05-04 14:26:34,540 [main] INFO  http.BaseHttpServer (BaseHttpServer.java:<init>(189)) - HTTP server of hddsDatanode uses base directory /home/runner/work/ozone/ozone/hadoop-ozone/integration-test/target/test-dir/MiniOzoneClusterImpl-7c905145-d891-4b2f-be71-50eb4aa8551e/ozone-meta/datanode-5/meta/webserver
2024-05-04 14:26:34,541 [main] INFO  http.HttpServer2 (HttpServer2.java:bindListener(1236)) - Jetty bound to port 15098
2024-05-04 14:26:34,541 [main] INFO  server.Server (Server.java:doStart(375)) - jetty-9.4.54.v20240208; built: 2024-02-08T19:42:39.027Z; git: cef3fbd6d736a21e7d541a5db490381d95a2047d; jvm 17.0.10+7
2024-05-04 14:26:34,542 [main] INFO  server.session (DefaultSessionIdManager.java:doStart(334)) - DefaultSessionIdManager workerName=node0
2024-05-04 14:26:34,542 [main] INFO  server.session (DefaultSessionIdManager.java:doStart(339)) - No SessionScavenger set, using defaults
2024-05-04 14:26:34,542 [main] INFO  server.session (HouseKeeper.java:startScavenging(132)) - node0 Scavenging every 660000ms
2024-05-04 14:26:34,543 [main] INFO  handler.ContextHandler (ContextHandler.java:doStart(921)) - Started o.e.j.s.ServletContextHandler@5cf81e6e{logs,/logs,file:///home/runner/work/ozone/ozone/hadoop-ozone/integration-test/target/log,AVAILABLE}
2024-05-04 14:26:34,543 [main] INFO  handler.ContextHandler (ContextHandler.java:doStart(921)) - Started o.e.j.s.ServletContextHandler@7dac6227{static,/static,file:///home/runner/work/ozone/ozone/hadoop-hdds/container-service/target/classes/webapps/static,AVAILABLE}
2024-05-04 14:26:34,548 [main] INFO  handler.ContextHandler (ContextHandler.java:doStart(921)) - Started o.e.j.w.WebAppContext@352c5179{hddsDatanode,/,file:///home/runner/work/ozone/ozone/hadoop-hdds/container-service/target/classes/webapps/hddsDatanode/,AVAILABLE}{file:/home/runner/work/ozone/ozone/hadoop-hdds/container-service/target/classes/webapps/hddsDatanode}
2024-05-04 14:26:34,549 [main] INFO  server.AbstractConnector (AbstractConnector.java:doStart(333)) - Started ServerConnector@2c30848a{HTTP/1.1, (http/1.1)}{0.0.0.0:15098}
2024-05-04 14:26:34,549 [main] INFO  server.Server (Server.java:doStart(415)) - Started @54805ms
2024-05-04 14:26:34,549 [main] WARN  impl.MetricsSystemImpl (MetricsSystemImpl.java:register(279)) - Sink prometheus already exists!
2024-05-04 14:26:34,549 [main] INFO  http.BaseHttpServer (BaseHttpServer.java:updateConnectorAddress(354)) - HTTP server of hddsDatanode listening at http://0.0.0.0:15098
2024-05-04 14:26:34,550 [main] INFO  ipc.CallQueueManager (CallQueueManager.java:<init>(90)) - Using callQueue: class java.util.concurrent.LinkedBlockingQueue, queueCapacity: 100, scheduler: class org.apache.hadoop.ipc.DefaultRpcScheduler, ipcBackoff: false.
2024-05-04 14:26:34,550 [main] INFO  ipc.Server (Server.java:<init>(1287)) - Listener at 0.0.0.0:15099
2024-05-04 14:26:34,551 [Socket Reader #1 for port 15099] INFO  ipc.Server (Server.java:run(1323)) - Starting Socket Reader #1 for port 15099
2024-05-04 14:26:34,556 [main] INFO  ozone.HddsDatanodeService (HddsDatanodeService.java:start(327)) - Datanode start with admins: [runner]
2024-05-04 14:26:34,557 [main] INFO  ozone.HddsDatanodeClientProtocolServer (HddsDatanodeClientProtocolServer.java:start(77)) - RPC server for Client /0.0.0.0:15099
2024-05-04 14:26:34,557 [IPC Server Responder] INFO  ipc.Server (Server.java:run(1562)) - IPC Server Responder: starting
2024-05-04 14:26:34,558 [IPC Server listener on 15099] INFO  ipc.Server (Server.java:run(1402)) - IPC Server listener on 15099: starting
2024-05-04 14:26:34,559 [3ae9785c-56ef-4b84-8cb7-69d91d7d731c-DatanodeStateMachineDaemonThread] INFO  statemachine.DatanodeStateMachine (DatanodeStateMachine.java:lambda$startDaemon$1(555)) - Ozone container server started.
2024-05-04 14:26:34,560 [main] INFO  ozone.MiniOzoneClusterImpl (MiniOzoneClusterImpl.java:lambda$waitForClusterToBeReady$0(194)) - Waiting for nodes to be ready. Got 0 of 5 DN Heartbeats.
2024-05-04 14:26:34,561 [main] INFO  ozone.MiniOzoneClusterImpl (MiniOzoneClusterImpl.java:lambda$waitForClusterToBeReady$0(197)) - Waiting for cluster to exit safe mode
2024-05-04 14:26:34,561 [main] INFO  ozone.MiniOzoneClusterImpl (MiniOzoneClusterImpl.java:lambda$waitForClusterToBeReady$0(199)) - SCM became leader
2024-05-04 14:26:34,564 [3ae9785c-56ef-4b84-8cb7-69d91d7d731c-DatanodeStateMachineTaskThread-0] INFO  datanode.InitDatanodeState (InitDatanodeState.java:persistContainerDatanodeDetails(139)) - DatanodeDetails is persisted to /home/runner/work/ozone/ozone/hadoop-ozone/integration-test/target/test-dir/MiniOzoneClusterImpl-7c905145-d891-4b2f-be71-50eb4aa8551e/ozone-meta/datanode-5/meta/datanode.id
2024-05-04 14:26:35,289 [om1@group-C5BA1605619E-FollowerState] INFO  impl.FollowerState (FollowerState.java:run(143)) - om1@group-C5BA1605619E-FollowerState: change to CANDIDATE, lastRpcElapsedTime:1153450927ns, electionTimeout:1152ms
2024-05-04 14:26:35,290 [om1@group-C5BA1605619E-FollowerState] INFO  impl.RoleInfo (RoleInfo.java:shutdownFollowerState(110)) - om1: shutdown om1@group-C5BA1605619E-FollowerState
2024-05-04 14:26:35,290 [om1@group-C5BA1605619E-FollowerState] INFO  server.RaftServer$Division (RaftServerImpl.java:setRole(383)) - om1@group-C5BA1605619E: changes role from  FOLLOWER to CANDIDATE at term 0 for changeToCandidate
2024-05-04 14:26:35,290 [om1@group-C5BA1605619E-FollowerState] INFO  server.RaftServerConfigKeys (ConfUtils.java:logGet(46)) - raft.server.leaderelection.pre-vote = true (default)
2024-05-04 14:26:35,290 [om1@group-C5BA1605619E-FollowerState] INFO  impl.RoleInfo (RoleInfo.java:updateAndGet(139)) - om1: start om1@group-C5BA1605619E-LeaderElection15
2024-05-04 14:26:35,290 [om1@group-C5BA1605619E-LeaderElection15] INFO  impl.LeaderElection (LeaderElection.java:askForVotes(321)) - om1@group-C5BA1605619E-LeaderElection15 PRE_VOTE round 0: submit vote requests at term 0 for -1: peers:[om1|localhost:15060]|listeners:[], old=null
2024-05-04 14:26:35,290 [om1@group-C5BA1605619E-LeaderElection15] INFO  impl.LeaderElection (LeaderElection.java:askForVotes(323)) - om1@group-C5BA1605619E-LeaderElection15 PRE_VOTE round 0: result PASSED (term=0)
2024-05-04 14:26:35,292 [om1@group-C5BA1605619E-LeaderElection15] INFO  impl.LeaderElection (LeaderElection.java:askForVotes(321)) - om1@group-C5BA1605619E-LeaderElection15 ELECTION round 0: submit vote requests at term 1 for -1: peers:[om1|localhost:15060]|listeners:[], old=null
2024-05-04 14:26:35,292 [om1@group-C5BA1605619E-LeaderElection15] INFO  impl.LeaderElection (LeaderElection.java:askForVotes(323)) - om1@group-C5BA1605619E-LeaderElection15 ELECTION round 0: result PASSED (term=1)
2024-05-04 14:26:35,292 [om1@group-C5BA1605619E-LeaderElection15] INFO  impl.RoleInfo (RoleInfo.java:shutdownLeaderElection(130)) - om1: shutdown om1@group-C5BA1605619E-LeaderElection15
2024-05-04 14:26:35,292 [om1@group-C5BA1605619E-LeaderElection15] INFO  server.RaftServer$Division (RaftServerImpl.java:setRole(383)) - om1@group-C5BA1605619E: changes role from CANDIDATE to LEADER at term 1 for changeToLeader
2024-05-04 14:26:35,292 [om1@group-C5BA1605619E-LeaderElection15] INFO  server.RaftServerConfigKeys (ConfUtils.java:logGet(46)) - raft.server.staging.catchup.gap = 1000 (default)
2024-05-04 14:26:35,292 [om1@group-C5BA1605619E-LeaderElection15] INFO  server.RaftServerConfigKeys (ConfUtils.java:logGet(46)) - raft.server.write.element-limit = 4096 (default)
2024-05-04 14:26:35,292 [om1@group-C5BA1605619E-LeaderElection15] INFO  server.RaftServerConfigKeys (ConfUtils.java:logGet(46)) - raft.server.write.byte-limit = 64MB (=67108864) (default)
2024-05-04 14:26:35,292 [om1@group-C5BA1605619E-LeaderElection15] INFO  server.RaftServerConfigKeys (ConfUtils.java:logGet(46)) - raft.server.watch.timeout = 10s (default)
2024-05-04 14:26:35,293 [om1@group-C5BA1605619E-LeaderElection15] INFO  server.RaftServerConfigKeys (ConfUtils.java:logGet(46)) - raft.server.watch.timeout.denomination = 1s (default)
2024-05-04 14:26:35,293 [om1@group-C5BA1605619E-LeaderElection15] INFO  server.RaftServerConfigKeys (ConfUtils.java:logGet(46)) - raft.server.watch.element-limit = 65536 (default)
2024-05-04 14:26:35,293 [om1@group-C5BA1605619E-LeaderElection15] INFO  server.RaftServerConfigKeys (ConfUtils.java:logGet(46)) - raft.server.read.leader.lease.enabled = false (default)
2024-05-04 14:26:35,293 [om1@group-C5BA1605619E-LeaderElection15] INFO  server.RaftServerConfigKeys (ConfUtils.java:logGet(46)) - raft.server.read.leader.lease.timeout.ratio = 0.9 (default)
2024-05-04 14:26:35,293 [om1@group-C5BA1605619E-LeaderElection15] INFO  server.RaftServerConfigKeys (ConfUtils.java:logGet(46)) - raft.server.rpc.timeout.min = 1s (custom)
2024-05-04 14:26:35,293 [om1@group-C5BA1605619E-LeaderElection15] INFO  server.RaftServerConfigKeys (ConfUtils.java:logGet(46)) - raft.server.write.element-limit = 4096 (default)
2024-05-04 14:26:35,293 [om1@group-C5BA1605619E-LeaderElection15] INFO  server.RaftServerConfigKeys (ConfUtils.java:logGet(46)) - raft.server.write.follower.gap.ratio.max = -1.0 (default)
2024-05-04 14:26:35,293 [om1@group-C5BA1605619E-LeaderElection15] INFO  impl.RoleInfo (RoleInfo.java:updateAndGet(139)) - om1: start om1@group-C5BA1605619E-LeaderStateImpl
2024-05-04 14:26:35,293 [om1@group-C5BA1605619E-LeaderElection15] INFO  server.RaftServer$Division (RaftServerImpl.java:setFirstElection(574)) - om1@group-C5BA1605619E: set firstElectionSinceStartup to false for becomeLeader
2024-05-04 14:26:35,293 [om1@group-C5BA1605619E-LeaderElection15] INFO  server.RaftServer$Division (ServerState.java:setLeader(269)) - om1@group-C5BA1605619E: change Leader from null to om1 at term 1 for becomeLeader, leader elected after 1531ms
2024-05-04 14:26:35,293 [om1@group-C5BA1605619E-LeaderElection15] INFO  segmented.SegmentedRaftLogWorker (SegmentedRaftLogWorker.java:startLogSegment(430)) - om1@group-C5BA1605619E-SegmentedRaftLogWorker: Starting segment from index:0
2024-05-04 14:26:35,294 [om1@group-C5BA1605619E-LeaderElection15] INFO  server.RaftServer$Division (ServerState.java:setRaftConf(386)) - om1@group-C5BA1605619E: set configuration 0: peers:[om1|localhost:15060]|listeners:[], old=null
2024-05-04 14:26:35,294 [om1@group-C5BA1605619E-SegmentedRaftLogWorker] INFO  segmented.BufferedWriteChannel (BufferedWriteChannel.java:open(62)) - open log_inprogress_0 at position 0
2024-05-04 14:26:35,300 [om1@group-C5BA1605619E-SegmentedRaftLogWorker] INFO  segmented.SegmentedRaftLogWorker (SegmentedRaftLogWorker.java:execute(634)) - om1@group-C5BA1605619E-SegmentedRaftLogWorker: created new log segment /home/runner/work/ozone/ozone/hadoop-ozone/integration-test/target/test-dir/MiniOzoneClusterImpl-7c905145-d891-4b2f-be71-50eb4aa8551e/ozone-meta/ratis/bf265839-605b-3f16-9796-c5ba1605619e/current/log_inprogress_0
2024-05-04 14:26:35,301 [om1@group-C5BA1605619E-StateMachineUpdater] INFO  ratis.OzoneManagerStateMachine (OzoneManagerStateMachine.java:notifyConfigurationChanged(212)) - Received Configuration change notification from Ratis. New Peer list:
[id: "om1"
address: "localhost:15060"
startupRole: FOLLOWER
]
2024-05-04 14:26:35,301 [om1@group-C5BA1605619E-StateMachineUpdater] INFO  server.RaftServer$Division (LeaderStateImpl.java:isApplied(320)) - leader is ready since appliedIndex == 0 >= startIndex == 0
2024-05-04 14:26:35,562 [main] INFO  ozone.MiniOzoneClusterImpl (MiniOzoneClusterImpl.java:lambda$waitForClusterToBeReady$0(194)) - Waiting for nodes to be ready. Got 0 of 5 DN Heartbeats.
2024-05-04 14:26:35,562 [main] INFO  ozone.MiniOzoneClusterImpl (MiniOzoneClusterImpl.java:lambda$waitForClusterToBeReady$0(197)) - Waiting for cluster to exit safe mode
2024-05-04 14:26:35,562 [main] INFO  ozone.MiniOzoneClusterImpl (MiniOzoneClusterImpl.java:lambda$waitForClusterToBeReady$0(199)) - SCM became leader
2024-05-04 14:26:36,308 [83059998-de51-48d1-9818-e6afe7fa3b6f-EndpointStateMachineTaskThread-/0.0.0.0:15055-0 ] INFO  utils.DatanodeStoreCache (DatanodeStoreCache.java:addDB(72)) - Added db /home/runner/work/ozone/ozone/hadoop-ozone/integration-test/target/test-dir/MiniOzoneClusterImpl-7c905145-d891-4b2f-be71-50eb4aa8551e/ozone-meta/datanode-1/data-0/hdds/7c905145-d891-4b2f-be71-50eb4aa8551e/DS-8851875b-decc-406d-be6c-63577eb7d2b1/container.db to cache
2024-05-04 14:26:36,308 [83059998-de51-48d1-9818-e6afe7fa3b6f-EndpointStateMachineTaskThread-/0.0.0.0:15055-0 ] INFO  volume.HddsVolume (HddsVolume.java:createDbStore(437)) - SchemaV3 db is created and loaded at /home/runner/work/ozone/ozone/hadoop-ozone/integration-test/target/test-dir/MiniOzoneClusterImpl-7c905145-d891-4b2f-be71-50eb4aa8551e/ozone-meta/datanode-1/data-0/hdds/7c905145-d891-4b2f-be71-50eb4aa8551e/DS-8851875b-decc-406d-be6c-63577eb7d2b1/container.db for volume DS-8851875b-decc-406d-be6c-63577eb7d2b1
2024-05-04 14:26:36,310 [83059998-de51-48d1-9818-e6afe7fa3b6f-ContainerReader-0] INFO  ozoneimpl.ContainerReader (ContainerReader.java:readVolume(148)) - Start to verify containers on volume /home/runner/work/ozone/ozone/hadoop-ozone/integration-test/target/test-dir/MiniOzoneClusterImpl-7c905145-d891-4b2f-be71-50eb4aa8551e/ozone-meta/datanode-1/data-0/hdds
2024-05-04 14:26:36,310 [83059998-de51-48d1-9818-e6afe7fa3b6f-ContainerReader-0] INFO  ozoneimpl.ContainerReader (ContainerReader.java:readVolume(178)) - Finish verifying containers on volume /home/runner/work/ozone/ozone/hadoop-ozone/integration-test/target/test-dir/MiniOzoneClusterImpl-7c905145-d891-4b2f-be71-50eb4aa8551e/ozone-meta/datanode-1/data-0/hdds
2024-05-04 14:26:36,310 [83059998-de51-48d1-9818-e6afe7fa3b6f-EndpointStateMachineTaskThread-/0.0.0.0:15055-0 ] INFO  ozoneimpl.OzoneContainer (OzoneContainer.java:buildContainerSet(328)) - Build ContainerSet costs 0s
2024-05-04 14:26:36,310 [83059998-de51-48d1-9818-e6afe7fa3b6f-EndpointStateMachineTaskThread-/0.0.0.0:15055-0 ] INFO  volume.ThrottledAsyncChecker (ThrottledAsyncChecker.java:schedule(141)) - Scheduling a check for /home/runner/work/ozone/ozone/hadoop-ozone/integration-test/target/test-dir/MiniOzoneClusterImpl-7c905145-d891-4b2f-be71-50eb4aa8551e/ozone-meta/datanode-1/data-0/hdds
2024-05-04 14:26:36,310 [83059998-de51-48d1-9818-e6afe7fa3b6f-EndpointStateMachineTaskThread-/0.0.0.0:15055-0 ] INFO  volume.StorageVolumeChecker (StorageVolumeChecker.java:checkAllVolumes(218)) - Scheduled health check for volume /home/runner/work/ozone/ozone/hadoop-ozone/integration-test/target/test-dir/MiniOzoneClusterImpl-7c905145-d891-4b2f-be71-50eb4aa8551e/ozone-meta/datanode-1/data-0/hdds
2024-05-04 14:26:36,311 [83059998-de51-48d1-9818-e6afe7fa3b6f-EndpointStateMachineTaskThread-/0.0.0.0:15055-0 ] INFO  volume.ThrottledAsyncChecker (ThrottledAsyncChecker.java:schedule(141)) - Scheduling a check for /home/runner/work/ozone/ozone/hadoop-ozone/integration-test/target/test-dir/MiniOzoneClusterImpl-7c905145-d891-4b2f-be71-50eb4aa8551e/ozone-meta/datanode-1/ratis
2024-05-04 14:26:36,311 [83059998-de51-48d1-9818-e6afe7fa3b6f-EndpointStateMachineTaskThread-/0.0.0.0:15055-0 ] INFO  volume.StorageVolumeChecker (StorageVolumeChecker.java:checkAllVolumes(218)) - Scheduled health check for volume /home/runner/work/ozone/ozone/hadoop-ozone/integration-test/target/test-dir/MiniOzoneClusterImpl-7c905145-d891-4b2f-be71-50eb4aa8551e/ozone-meta/datanode-1/ratis
2024-05-04 14:26:36,312 [83059998-de51-48d1-9818-e6afe7fa3b6f-EndpointStateMachineTaskThread-/0.0.0.0:15055-0 ] INFO  ozoneimpl.OzoneContainer (OzoneContainer.java:start(459)) - Attempting to start container services.
2024-05-04 14:26:36,312 [ContainerMetadataScanner] INFO  ozoneimpl.AbstractBackgroundContainerScanner (AbstractBackgroundContainerScanner.java:runIteration(87)) - Completed an iteration in 0 minutes. Number of iterations (since the data-node restart) : 1, Number of containers scanned in this iteration : 0, Number of unhealthy containers found in this iteration : 0
2024-05-04 14:26:36,313 [83059998-de51-48d1-9818-e6afe7fa3b6f-EndpointStateMachineTaskThread-/0.0.0.0:15055-0 ] INFO  replication.ReplicationServer (ReplicationServer.java:start(142)) - ReplicationServer is started using port 15069
2024-05-04 14:26:36,313 [ContainerDataScanner(/home/runner/work/ozone/ozone/hadoop-ozone/integration-test/target/test-dir/MiniOzoneClusterImpl-7c905145-d891-4b2f-be71-50eb4aa8551e/ozone-meta/datanode-1/data-0/hdds)] INFO  ozoneimpl.AbstractBackgroundContainerScanner (AbstractBackgroundContainerScanner.java:runIteration(87)) - Completed an iteration in 0 minutes. Number of iterations (since the data-node restart) : 1, Number of containers scanned in this iteration : 0, Number of unhealthy containers found in this iteration : 0
2024-05-04 14:26:36,313 [83059998-de51-48d1-9818-e6afe7fa3b6f-EndpointStateMachineTaskThread-/0.0.0.0:15055-0 ] INFO  ratis.XceiverServerRatis (XceiverServerRatis.java:start(566)) - Starting XceiverServerRatis 83059998-de51-48d1-9818-e6afe7fa3b6f
2024-05-04 14:26:36,318 [83059998-de51-48d1-9818-e6afe7fa3b6f-EndpointStateMachineTaskThread-/0.0.0.0:15055-0 ] INFO  server.RaftServer (RaftServerProxy.java:startImpl(406)) - 83059998-de51-48d1-9818-e6afe7fa3b6f: start RPC server
2024-05-04 14:26:36,319 [83059998-de51-48d1-9818-e6afe7fa3b6f-EndpointStateMachineTaskThread-/0.0.0.0:15055-0 ] INFO  server.GrpcService (GrpcService.java:startImpl(302)) - 83059998-de51-48d1-9818-e6afe7fa3b6f: GrpcService started, listening on 15065
2024-05-04 14:26:36,319 [83059998-de51-48d1-9818-e6afe7fa3b6f-EndpointStateMachineTaskThread-/0.0.0.0:15055-0 ] INFO  server.GrpcService (GrpcService.java:startImpl(302)) - 83059998-de51-48d1-9818-e6afe7fa3b6f: GrpcService started, listening on 15067
2024-05-04 14:26:36,319 [83059998-de51-48d1-9818-e6afe7fa3b6f-EndpointStateMachineTaskThread-/0.0.0.0:15055-0 ] INFO  server.GrpcService (GrpcService.java:startImpl(302)) - 83059998-de51-48d1-9818-e6afe7fa3b6f: GrpcService started, listening on 15066
2024-05-04 14:26:36,319 [83059998-de51-48d1-9818-e6afe7fa3b6f-EndpointStateMachineTaskThread-/0.0.0.0:15055-0 ] INFO  ratis.XceiverServerRatis (XceiverServerRatis.java:getRealPort(592)) - XceiverServerRatis 83059998-de51-48d1-9818-e6afe7fa3b6f is started using port 15065 for RATIS
2024-05-04 14:26:36,319 [83059998-de51-48d1-9818-e6afe7fa3b6f-EndpointStateMachineTaskThread-/0.0.0.0:15055-0 ] INFO  ratis.XceiverServerRatis (XceiverServerRatis.java:getRealPort(592)) - XceiverServerRatis 83059998-de51-48d1-9818-e6afe7fa3b6f is started using port 15066 for RATIS_ADMIN
2024-05-04 14:26:36,320 [83059998-de51-48d1-9818-e6afe7fa3b6f-EndpointStateMachineTaskThread-/0.0.0.0:15055-0 ] INFO  ratis.XceiverServerRatis (XceiverServerRatis.java:getRealPort(592)) - XceiverServerRatis 83059998-de51-48d1-9818-e6afe7fa3b6f is started using port 15067 for RATIS_SERVER
2024-05-04 14:26:36,320 [83059998-de51-48d1-9818-e6afe7fa3b6f-EndpointStateMachineTaskThread-/0.0.0.0:15055-0 ] INFO  ratis.XceiverServerRatis (XceiverServerRatis.java:getRealPort(592)) - XceiverServerRatis 83059998-de51-48d1-9818-e6afe7fa3b6f is started using port 15068 for RATIS_DATASTREAM
2024-05-04 14:26:36,319 [JvmPauseMonitor9] INFO  util.JvmPauseMonitor (JvmPauseMonitor.java:run(146)) - JvmPauseMonitor-83059998-de51-48d1-9818-e6afe7fa3b6f: Started
2024-05-04 14:26:36,322 [83059998-de51-48d1-9818-e6afe7fa3b6f-BlockDeletingService#0] INFO  interfaces.ContainerDeletionChoosingPolicyTemplate (ContainerDeletionChoosingPolicyTemplate.java:chooseContainerForBlockDeletion(85)) - Chosen 0/5000 blocks from 0 candidate containers.
2024-05-04 14:26:36,361 [9ec74834-1541-452c-921b-2d323393210f-EndpointStateMachineTaskThread-/0.0.0.0:15055-0 ] INFO  utils.DatanodeStoreCache (DatanodeStoreCache.java:addDB(72)) - Added db /home/runner/work/ozone/ozone/hadoop-ozone/integration-test/target/test-dir/MiniOzoneClusterImpl-7c905145-d891-4b2f-be71-50eb4aa8551e/ozone-meta/datanode-2/data-0/hdds/7c905145-d891-4b2f-be71-50eb4aa8551e/DS-6d01c3f0-08ba-46bb-80b1-5cb442770aaf/container.db to cache
2024-05-04 14:26:36,361 [9ec74834-1541-452c-921b-2d323393210f-EndpointStateMachineTaskThread-/0.0.0.0:15055-0 ] INFO  volume.HddsVolume (HddsVolume.java:createDbStore(437)) - SchemaV3 db is created and loaded at /home/runner/work/ozone/ozone/hadoop-ozone/integration-test/target/test-dir/MiniOzoneClusterImpl-7c905145-d891-4b2f-be71-50eb4aa8551e/ozone-meta/datanode-2/data-0/hdds/7c905145-d891-4b2f-be71-50eb4aa8551e/DS-6d01c3f0-08ba-46bb-80b1-5cb442770aaf/container.db for volume DS-6d01c3f0-08ba-46bb-80b1-5cb442770aaf
2024-05-04 14:26:36,364 [9ec74834-1541-452c-921b-2d323393210f-ContainerReader-0] INFO  ozoneimpl.ContainerReader (ContainerReader.java:readVolume(148)) - Start to verify containers on volume /home/runner/work/ozone/ozone/hadoop-ozone/integration-test/target/test-dir/MiniOzoneClusterImpl-7c905145-d891-4b2f-be71-50eb4aa8551e/ozone-meta/datanode-2/data-0/hdds
2024-05-04 14:26:36,364 [9ec74834-1541-452c-921b-2d323393210f-ContainerReader-0] INFO  ozoneimpl.ContainerReader (ContainerReader.java:readVolume(178)) - Finish verifying containers on volume /home/runner/work/ozone/ozone/hadoop-ozone/integration-test/target/test-dir/MiniOzoneClusterImpl-7c905145-d891-4b2f-be71-50eb4aa8551e/ozone-meta/datanode-2/data-0/hdds
2024-05-04 14:26:36,364 [9ec74834-1541-452c-921b-2d323393210f-EndpointStateMachineTaskThread-/0.0.0.0:15055-0 ] INFO  ozoneimpl.OzoneContainer (OzoneContainer.java:buildContainerSet(328)) - Build ContainerSet costs 0s
2024-05-04 14:26:36,364 [9ec74834-1541-452c-921b-2d323393210f-EndpointStateMachineTaskThread-/0.0.0.0:15055-0 ] INFO  volume.ThrottledAsyncChecker (ThrottledAsyncChecker.java:schedule(141)) - Scheduling a check for /home/runner/work/ozone/ozone/hadoop-ozone/integration-test/target/test-dir/MiniOzoneClusterImpl-7c905145-d891-4b2f-be71-50eb4aa8551e/ozone-meta/datanode-2/data-0/hdds
2024-05-04 14:26:36,364 [9ec74834-1541-452c-921b-2d323393210f-EndpointStateMachineTaskThread-/0.0.0.0:15055-0 ] INFO  volume.StorageVolumeChecker (StorageVolumeChecker.java:checkAllVolumes(218)) - Scheduled health check for volume /home/runner/work/ozone/ozone/hadoop-ozone/integration-test/target/test-dir/MiniOzoneClusterImpl-7c905145-d891-4b2f-be71-50eb4aa8551e/ozone-meta/datanode-2/data-0/hdds
2024-05-04 14:26:36,365 [9ec74834-1541-452c-921b-2d323393210f-EndpointStateMachineTaskThread-/0.0.0.0:15055-0 ] INFO  volume.ThrottledAsyncChecker (ThrottledAsyncChecker.java:schedule(141)) - Scheduling a check for /home/runner/work/ozone/ozone/hadoop-ozone/integration-test/target/test-dir/MiniOzoneClusterImpl-7c905145-d891-4b2f-be71-50eb4aa8551e/ozone-meta/datanode-2/ratis
2024-05-04 14:26:36,365 [9ec74834-1541-452c-921b-2d323393210f-EndpointStateMachineTaskThread-/0.0.0.0:15055-0 ] INFO  volume.StorageVolumeChecker (StorageVolumeChecker.java:checkAllVolumes(218)) - Scheduled health check for volume /home/runner/work/ozone/ozone/hadoop-ozone/integration-test/target/test-dir/MiniOzoneClusterImpl-7c905145-d891-4b2f-be71-50eb4aa8551e/ozone-meta/datanode-2/ratis
2024-05-04 14:26:36,366 [9ec74834-1541-452c-921b-2d323393210f-EndpointStateMachineTaskThread-/0.0.0.0:15055-0 ] INFO  ozoneimpl.OzoneContainer (OzoneContainer.java:start(459)) - Attempting to start container services.
2024-05-04 14:26:36,366 [9ec74834-1541-452c-921b-2d323393210f-EndpointStateMachineTaskThread-/0.0.0.0:15055-0 ] WARN  ozoneimpl.OnDemandContainerDataScanner (OnDemandContainerDataScanner.java:init(75)) - Trying to initialize on demand scanner a second time on a datanode.
2024-05-04 14:26:36,366 [ContainerMetadataScanner] INFO  ozoneimpl.AbstractBackgroundContainerScanner (AbstractBackgroundContainerScanner.java:runIteration(87)) - Completed an iteration in 0 minutes. Number of iterations (since the data-node restart) : 1, Number of containers scanned in this iteration : 0, Number of unhealthy containers found in this iteration : 0
2024-05-04 14:26:36,367 [ContainerDataScanner(/home/runner/work/ozone/ozone/hadoop-ozone/integration-test/target/test-dir/MiniOzoneClusterImpl-7c905145-d891-4b2f-be71-50eb4aa8551e/ozone-meta/datanode-2/data-0/hdds)] INFO  ozoneimpl.AbstractBackgroundContainerScanner (AbstractBackgroundContainerScanner.java:runIteration(87)) - Completed an iteration in 0 minutes. Number of iterations (since the data-node restart) : 1, Number of containers scanned in this iteration : 0, Number of unhealthy containers found in this iteration : 0
2024-05-04 14:26:36,367 [9ec74834-1541-452c-921b-2d323393210f-EndpointStateMachineTaskThread-/0.0.0.0:15055-0 ] INFO  replication.ReplicationServer (ReplicationServer.java:start(142)) - ReplicationServer is started using port 15078
2024-05-04 14:26:36,367 [9ec74834-1541-452c-921b-2d323393210f-EndpointStateMachineTaskThread-/0.0.0.0:15055-0 ] INFO  ratis.XceiverServerRatis (XceiverServerRatis.java:start(566)) - Starting XceiverServerRatis 9ec74834-1541-452c-921b-2d323393210f
2024-05-04 14:26:36,367 [9ec74834-1541-452c-921b-2d323393210f-EndpointStateMachineTaskThread-/0.0.0.0:15055-0 ] INFO  server.RaftServer (RaftServerProxy.java:startImpl(406)) - 9ec74834-1541-452c-921b-2d323393210f: start RPC server
2024-05-04 14:26:36,368 [9ec74834-1541-452c-921b-2d323393210f-EndpointStateMachineTaskThread-/0.0.0.0:15055-0 ] INFO  server.GrpcService (GrpcService.java:startImpl(302)) - 9ec74834-1541-452c-921b-2d323393210f: GrpcService started, listening on 15074
2024-05-04 14:26:36,368 [9ec74834-1541-452c-921b-2d323393210f-EndpointStateMachineTaskThread-/0.0.0.0:15055-0 ] INFO  server.GrpcService (GrpcService.java:startImpl(302)) - 9ec74834-1541-452c-921b-2d323393210f: GrpcService started, listening on 15076
2024-05-04 14:26:36,368 [9ec74834-1541-452c-921b-2d323393210f-EndpointStateMachineTaskThread-/0.0.0.0:15055-0 ] INFO  server.GrpcService (GrpcService.java:startImpl(302)) - 9ec74834-1541-452c-921b-2d323393210f: GrpcService started, listening on 15075
2024-05-04 14:26:36,368 [9ec74834-1541-452c-921b-2d323393210f-EndpointStateMachineTaskThread-/0.0.0.0:15055-0 ] INFO  ratis.XceiverServerRatis (XceiverServerRatis.java:getRealPort(592)) - XceiverServerRatis 9ec74834-1541-452c-921b-2d323393210f is started using port 15074 for RATIS
2024-05-04 14:26:36,368 [JvmPauseMonitor10] INFO  util.JvmPauseMonitor (JvmPauseMonitor.java:run(146)) - JvmPauseMonitor-9ec74834-1541-452c-921b-2d323393210f: Started
2024-05-04 14:26:36,368 [9ec74834-1541-452c-921b-2d323393210f-EndpointStateMachineTaskThread-/0.0.0.0:15055-0 ] INFO  ratis.XceiverServerRatis (XceiverServerRatis.java:getRealPort(592)) - XceiverServerRatis 9ec74834-1541-452c-921b-2d323393210f is started using port 15075 for RATIS_ADMIN
2024-05-04 14:26:36,368 [9ec74834-1541-452c-921b-2d323393210f-EndpointStateMachineTaskThread-/0.0.0.0:15055-0 ] INFO  ratis.XceiverServerRatis (XceiverServerRatis.java:getRealPort(592)) - XceiverServerRatis 9ec74834-1541-452c-921b-2d323393210f is started using port 15076 for RATIS_SERVER
2024-05-04 14:26:36,369 [9ec74834-1541-452c-921b-2d323393210f-EndpointStateMachineTaskThread-/0.0.0.0:15055-0 ] INFO  ratis.XceiverServerRatis (XceiverServerRatis.java:getRealPort(592)) - XceiverServerRatis 9ec74834-1541-452c-921b-2d323393210f is started using port 15077 for RATIS_DATASTREAM
2024-05-04 14:26:36,369 [9ec74834-1541-452c-921b-2d323393210f-BlockDeletingService#0] INFO  interfaces.ContainerDeletionChoosingPolicyTemplate (ContainerDeletionChoosingPolicyTemplate.java:chooseContainerForBlockDeletion(85)) - Chosen 0/5000 blocks from 0 candidate containers.
2024-05-04 14:26:36,435 [8808acf2-b901-482b-9182-8feecfa28384-EndpointStateMachineTaskThread-/0.0.0.0:15055-0 ] INFO  utils.DatanodeStoreCache (DatanodeStoreCache.java:addDB(72)) - Added db /home/runner/work/ozone/ozone/hadoop-ozone/integration-test/target/test-dir/MiniOzoneClusterImpl-7c905145-d891-4b2f-be71-50eb4aa8551e/ozone-meta/datanode-3/data-0/hdds/7c905145-d891-4b2f-be71-50eb4aa8551e/DS-dace4c98-7f23-4dd0-aa1a-79c639db6c24/container.db to cache
2024-05-04 14:26:36,435 [8808acf2-b901-482b-9182-8feecfa28384-EndpointStateMachineTaskThread-/0.0.0.0:15055-0 ] INFO  volume.HddsVolume (HddsVolume.java:createDbStore(437)) - SchemaV3 db is created and loaded at /home/runner/work/ozone/ozone/hadoop-ozone/integration-test/target/test-dir/MiniOzoneClusterImpl-7c905145-d891-4b2f-be71-50eb4aa8551e/ozone-meta/datanode-3/data-0/hdds/7c905145-d891-4b2f-be71-50eb4aa8551e/DS-dace4c98-7f23-4dd0-aa1a-79c639db6c24/container.db for volume DS-dace4c98-7f23-4dd0-aa1a-79c639db6c24
2024-05-04 14:26:36,437 [8808acf2-b901-482b-9182-8feecfa28384-ContainerReader-0] INFO  ozoneimpl.ContainerReader (ContainerReader.java:readVolume(148)) - Start to verify containers on volume /home/runner/work/ozone/ozone/hadoop-ozone/integration-test/target/test-dir/MiniOzoneClusterImpl-7c905145-d891-4b2f-be71-50eb4aa8551e/ozone-meta/datanode-3/data-0/hdds
2024-05-04 14:26:36,437 [8808acf2-b901-482b-9182-8feecfa28384-ContainerReader-0] INFO  ozoneimpl.ContainerReader (ContainerReader.java:readVolume(178)) - Finish verifying containers on volume /home/runner/work/ozone/ozone/hadoop-ozone/integration-test/target/test-dir/MiniOzoneClusterImpl-7c905145-d891-4b2f-be71-50eb4aa8551e/ozone-meta/datanode-3/data-0/hdds
2024-05-04 14:26:36,437 [8808acf2-b901-482b-9182-8feecfa28384-EndpointStateMachineTaskThread-/0.0.0.0:15055-0 ] INFO  ozoneimpl.OzoneContainer (OzoneContainer.java:buildContainerSet(328)) - Build ContainerSet costs 0s
2024-05-04 14:26:36,437 [8808acf2-b901-482b-9182-8feecfa28384-EndpointStateMachineTaskThread-/0.0.0.0:15055-0 ] INFO  volume.ThrottledAsyncChecker (ThrottledAsyncChecker.java:schedule(141)) - Scheduling a check for /home/runner/work/ozone/ozone/hadoop-ozone/integration-test/target/test-dir/MiniOzoneClusterImpl-7c905145-d891-4b2f-be71-50eb4aa8551e/ozone-meta/datanode-3/data-0/hdds
2024-05-04 14:26:36,438 [8808acf2-b901-482b-9182-8feecfa28384-EndpointStateMachineTaskThread-/0.0.0.0:15055-0 ] INFO  volume.StorageVolumeChecker (StorageVolumeChecker.java:checkAllVolumes(218)) - Scheduled health check for volume /home/runner/work/ozone/ozone/hadoop-ozone/integration-test/target/test-dir/MiniOzoneClusterImpl-7c905145-d891-4b2f-be71-50eb4aa8551e/ozone-meta/datanode-3/data-0/hdds
2024-05-04 14:26:36,439 [8808acf2-b901-482b-9182-8feecfa28384-EndpointStateMachineTaskThread-/0.0.0.0:15055-0 ] INFO  volume.ThrottledAsyncChecker (ThrottledAsyncChecker.java:schedule(141)) - Scheduling a check for /home/runner/work/ozone/ozone/hadoop-ozone/integration-test/target/test-dir/MiniOzoneClusterImpl-7c905145-d891-4b2f-be71-50eb4aa8551e/ozone-meta/datanode-3/ratis
2024-05-04 14:26:36,439 [8808acf2-b901-482b-9182-8feecfa28384-EndpointStateMachineTaskThread-/0.0.0.0:15055-0 ] INFO  volume.StorageVolumeChecker (StorageVolumeChecker.java:checkAllVolumes(218)) - Scheduled health check for volume /home/runner/work/ozone/ozone/hadoop-ozone/integration-test/target/test-dir/MiniOzoneClusterImpl-7c905145-d891-4b2f-be71-50eb4aa8551e/ozone-meta/datanode-3/ratis
2024-05-04 14:26:36,439 [8808acf2-b901-482b-9182-8feecfa28384-EndpointStateMachineTaskThread-/0.0.0.0:15055-0 ] INFO  ozoneimpl.OzoneContainer (OzoneContainer.java:start(459)) - Attempting to start container services.
2024-05-04 14:26:36,439 [8808acf2-b901-482b-9182-8feecfa28384-EndpointStateMachineTaskThread-/0.0.0.0:15055-0 ] WARN  ozoneimpl.OnDemandContainerDataScanner (OnDemandContainerDataScanner.java:init(75)) - Trying to initialize on demand scanner a second time on a datanode.
2024-05-04 14:26:36,440 [ContainerMetadataScanner] INFO  ozoneimpl.AbstractBackgroundContainerScanner (AbstractBackgroundContainerScanner.java:runIteration(87)) - Completed an iteration in 0 minutes. Number of iterations (since the data-node restart) : 1, Number of containers scanned in this iteration : 0, Number of unhealthy containers found in this iteration : 0
2024-05-04 14:26:36,440 [ContainerDataScanner(/home/runner/work/ozone/ozone/hadoop-ozone/integration-test/target/test-dir/MiniOzoneClusterImpl-7c905145-d891-4b2f-be71-50eb4aa8551e/ozone-meta/datanode-3/data-0/hdds)] INFO  ozoneimpl.AbstractBackgroundContainerScanner (AbstractBackgroundContainerScanner.java:runIteration(87)) - Completed an iteration in 0 minutes. Number of iterations (since the data-node restart) : 1, Number of containers scanned in this iteration : 0, Number of unhealthy containers found in this iteration : 0
2024-05-04 14:26:36,440 [8808acf2-b901-482b-9182-8feecfa28384-EndpointStateMachineTaskThread-/0.0.0.0:15055-0 ] INFO  replication.ReplicationServer (ReplicationServer.java:start(142)) - ReplicationServer is started using port 15087
2024-05-04 14:26:36,441 [8808acf2-b901-482b-9182-8feecfa28384-EndpointStateMachineTaskThread-/0.0.0.0:15055-0 ] INFO  ratis.XceiverServerRatis (XceiverServerRatis.java:start(566)) - Starting XceiverServerRatis 8808acf2-b901-482b-9182-8feecfa28384
2024-05-04 14:26:36,441 [8808acf2-b901-482b-9182-8feecfa28384-EndpointStateMachineTaskThread-/0.0.0.0:15055-0 ] INFO  server.RaftServer (RaftServerProxy.java:startImpl(406)) - 8808acf2-b901-482b-9182-8feecfa28384: start RPC server
2024-05-04 14:26:36,441 [8808acf2-b901-482b-9182-8feecfa28384-EndpointStateMachineTaskThread-/0.0.0.0:15055-0 ] INFO  server.GrpcService (GrpcService.java:startImpl(302)) - 8808acf2-b901-482b-9182-8feecfa28384: GrpcService started, listening on 15083
2024-05-04 14:26:36,442 [8808acf2-b901-482b-9182-8feecfa28384-EndpointStateMachineTaskThread-/0.0.0.0:15055-0 ] INFO  server.GrpcService (GrpcService.java:startImpl(302)) - 8808acf2-b901-482b-9182-8feecfa28384: GrpcService started, listening on 15085
2024-05-04 14:26:36,442 [8808acf2-b901-482b-9182-8feecfa28384-EndpointStateMachineTaskThread-/0.0.0.0:15055-0 ] INFO  server.GrpcService (GrpcService.java:startImpl(302)) - 8808acf2-b901-482b-9182-8feecfa28384: GrpcService started, listening on 15084
2024-05-04 14:26:36,442 [8808acf2-b901-482b-9182-8feecfa28384-EndpointStateMachineTaskThread-/0.0.0.0:15055-0 ] INFO  ratis.XceiverServerRatis (XceiverServerRatis.java:getRealPort(592)) - XceiverServerRatis 8808acf2-b901-482b-9182-8feecfa28384 is started using port 15083 for RATIS
2024-05-04 14:26:36,442 [JvmPauseMonitor11] INFO  util.JvmPauseMonitor (JvmPauseMonitor.java:run(146)) - JvmPauseMonitor-8808acf2-b901-482b-9182-8feecfa28384: Started
2024-05-04 14:26:36,442 [8808acf2-b901-482b-9182-8feecfa28384-EndpointStateMachineTaskThread-/0.0.0.0:15055-0 ] INFO  ratis.XceiverServerRatis (XceiverServerRatis.java:getRealPort(592)) - XceiverServerRatis 8808acf2-b901-482b-9182-8feecfa28384 is started using port 15084 for RATIS_ADMIN
2024-05-04 14:26:36,443 [8808acf2-b901-482b-9182-8feecfa28384-EndpointStateMachineTaskThread-/0.0.0.0:15055-0 ] INFO  ratis.XceiverServerRatis (XceiverServerRatis.java:getRealPort(592)) - XceiverServerRatis 8808acf2-b901-482b-9182-8feecfa28384 is started using port 15085 for RATIS_SERVER
2024-05-04 14:26:36,443 [8808acf2-b901-482b-9182-8feecfa28384-EndpointStateMachineTaskThread-/0.0.0.0:15055-0 ] INFO  ratis.XceiverServerRatis (XceiverServerRatis.java:getRealPort(592)) - XceiverServerRatis 8808acf2-b901-482b-9182-8feecfa28384 is started using port 15086 for RATIS_DATASTREAM
2024-05-04 14:26:36,443 [8808acf2-b901-482b-9182-8feecfa28384-BlockDeletingService#0] INFO  interfaces.ContainerDeletionChoosingPolicyTemplate (ContainerDeletionChoosingPolicyTemplate.java:chooseContainerForBlockDeletion(85)) - Chosen 0/5000 blocks from 0 candidate containers.
2024-05-04 14:26:36,500 [ccbd6c79-39e6-4e91-99a9-9b6c204b47e9-EndpointStateMachineTaskThread-/0.0.0.0:15055-0 ] INFO  utils.DatanodeStoreCache (DatanodeStoreCache.java:addDB(72)) - Added db /home/runner/work/ozone/ozone/hadoop-ozone/integration-test/target/test-dir/MiniOzoneClusterImpl-7c905145-d891-4b2f-be71-50eb4aa8551e/ozone-meta/datanode-4/data-0/hdds/7c905145-d891-4b2f-be71-50eb4aa8551e/DS-df6dd806-0e81-457e-8c8d-76ce3126f522/container.db to cache
2024-05-04 14:26:36,501 [ccbd6c79-39e6-4e91-99a9-9b6c204b47e9-EndpointStateMachineTaskThread-/0.0.0.0:15055-0 ] INFO  volume.HddsVolume (HddsVolume.java:createDbStore(437)) - SchemaV3 db is created and loaded at /home/runner/work/ozone/ozone/hadoop-ozone/integration-test/target/test-dir/MiniOzoneClusterImpl-7c905145-d891-4b2f-be71-50eb4aa8551e/ozone-meta/datanode-4/data-0/hdds/7c905145-d891-4b2f-be71-50eb4aa8551e/DS-df6dd806-0e81-457e-8c8d-76ce3126f522/container.db for volume DS-df6dd806-0e81-457e-8c8d-76ce3126f522
2024-05-04 14:26:36,502 [ccbd6c79-39e6-4e91-99a9-9b6c204b47e9-ContainerReader-0] INFO  ozoneimpl.ContainerReader (ContainerReader.java:readVolume(148)) - Start to verify containers on volume /home/runner/work/ozone/ozone/hadoop-ozone/integration-test/target/test-dir/MiniOzoneClusterImpl-7c905145-d891-4b2f-be71-50eb4aa8551e/ozone-meta/datanode-4/data-0/hdds
2024-05-04 14:26:36,502 [ccbd6c79-39e6-4e91-99a9-9b6c204b47e9-ContainerReader-0] INFO  ozoneimpl.ContainerReader (ContainerReader.java:readVolume(178)) - Finish verifying containers on volume /home/runner/work/ozone/ozone/hadoop-ozone/integration-test/target/test-dir/MiniOzoneClusterImpl-7c905145-d891-4b2f-be71-50eb4aa8551e/ozone-meta/datanode-4/data-0/hdds
2024-05-04 14:26:36,502 [ccbd6c79-39e6-4e91-99a9-9b6c204b47e9-EndpointStateMachineTaskThread-/0.0.0.0:15055-0 ] INFO  ozoneimpl.OzoneContainer (OzoneContainer.java:buildContainerSet(328)) - Build ContainerSet costs 0s
2024-05-04 14:26:36,503 [ccbd6c79-39e6-4e91-99a9-9b6c204b47e9-EndpointStateMachineTaskThread-/0.0.0.0:15055-0 ] INFO  volume.ThrottledAsyncChecker (ThrottledAsyncChecker.java:schedule(141)) - Scheduling a check for /home/runner/work/ozone/ozone/hadoop-ozone/integration-test/target/test-dir/MiniOzoneClusterImpl-7c905145-d891-4b2f-be71-50eb4aa8551e/ozone-meta/datanode-4/data-0/hdds
2024-05-04 14:26:36,503 [ccbd6c79-39e6-4e91-99a9-9b6c204b47e9-EndpointStateMachineTaskThread-/0.0.0.0:15055-0 ] INFO  volume.StorageVolumeChecker (StorageVolumeChecker.java:checkAllVolumes(218)) - Scheduled health check for volume /home/runner/work/ozone/ozone/hadoop-ozone/integration-test/target/test-dir/MiniOzoneClusterImpl-7c905145-d891-4b2f-be71-50eb4aa8551e/ozone-meta/datanode-4/data-0/hdds
2024-05-04 14:26:36,504 [ccbd6c79-39e6-4e91-99a9-9b6c204b47e9-EndpointStateMachineTaskThread-/0.0.0.0:15055-0 ] INFO  volume.ThrottledAsyncChecker (ThrottledAsyncChecker.java:schedule(141)) - Scheduling a check for /home/runner/work/ozone/ozone/hadoop-ozone/integration-test/target/test-dir/MiniOzoneClusterImpl-7c905145-d891-4b2f-be71-50eb4aa8551e/ozone-meta/datanode-4/ratis
2024-05-04 14:26:36,504 [ccbd6c79-39e6-4e91-99a9-9b6c204b47e9-EndpointStateMachineTaskThread-/0.0.0.0:15055-0 ] INFO  volume.StorageVolumeChecker (StorageVolumeChecker.java:checkAllVolumes(218)) - Scheduled health check for volume /home/runner/work/ozone/ozone/hadoop-ozone/integration-test/target/test-dir/MiniOzoneClusterImpl-7c905145-d891-4b2f-be71-50eb4aa8551e/ozone-meta/datanode-4/ratis
2024-05-04 14:26:36,504 [ccbd6c79-39e6-4e91-99a9-9b6c204b47e9-EndpointStateMachineTaskThread-/0.0.0.0:15055-0 ] INFO  ozoneimpl.OzoneContainer (OzoneContainer.java:start(459)) - Attempting to start container services.
2024-05-04 14:26:36,505 [ccbd6c79-39e6-4e91-99a9-9b6c204b47e9-EndpointStateMachineTaskThread-/0.0.0.0:15055-0 ] WARN  ozoneimpl.OnDemandContainerDataScanner (OnDemandContainerDataScanner.java:init(75)) - Trying to initialize on demand scanner a second time on a datanode.
2024-05-04 14:26:36,505 [ContainerMetadataScanner] INFO  ozoneimpl.AbstractBackgroundContainerScanner (AbstractBackgroundContainerScanner.java:runIteration(87)) - Completed an iteration in 0 minutes. Number of iterations (since the data-node restart) : 1, Number of containers scanned in this iteration : 0, Number of unhealthy containers found in this iteration : 0
2024-05-04 14:26:36,505 [ContainerDataScanner(/home/runner/work/ozone/ozone/hadoop-ozone/integration-test/target/test-dir/MiniOzoneClusterImpl-7c905145-d891-4b2f-be71-50eb4aa8551e/ozone-meta/datanode-4/data-0/hdds)] INFO  ozoneimpl.AbstractBackgroundContainerScanner (AbstractBackgroundContainerScanner.java:runIteration(87)) - Completed an iteration in 0 minutes. Number of iterations (since the data-node restart) : 1, Number of containers scanned in this iteration : 0, Number of unhealthy containers found in this iteration : 0
2024-05-04 14:26:36,506 [ccbd6c79-39e6-4e91-99a9-9b6c204b47e9-EndpointStateMachineTaskThread-/0.0.0.0:15055-0 ] INFO  replication.ReplicationServer (ReplicationServer.java:start(142)) - ReplicationServer is started using port 15096
2024-05-04 14:26:36,506 [ccbd6c79-39e6-4e91-99a9-9b6c204b47e9-EndpointStateMachineTaskThread-/0.0.0.0:15055-0 ] INFO  ratis.XceiverServerRatis (XceiverServerRatis.java:start(566)) - Starting XceiverServerRatis ccbd6c79-39e6-4e91-99a9-9b6c204b47e9
2024-05-04 14:26:36,506 [ccbd6c79-39e6-4e91-99a9-9b6c204b47e9-EndpointStateMachineTaskThread-/0.0.0.0:15055-0 ] INFO  server.RaftServer (RaftServerProxy.java:startImpl(406)) - ccbd6c79-39e6-4e91-99a9-9b6c204b47e9: start RPC server
2024-05-04 14:26:36,507 [ccbd6c79-39e6-4e91-99a9-9b6c204b47e9-EndpointStateMachineTaskThread-/0.0.0.0:15055-0 ] INFO  server.GrpcService (GrpcService.java:startImpl(302)) - ccbd6c79-39e6-4e91-99a9-9b6c204b47e9: GrpcService started, listening on 15092
2024-05-04 14:26:36,507 [ccbd6c79-39e6-4e91-99a9-9b6c204b47e9-EndpointStateMachineTaskThread-/0.0.0.0:15055-0 ] INFO  server.GrpcService (GrpcService.java:startImpl(302)) - ccbd6c79-39e6-4e91-99a9-9b6c204b47e9: GrpcService started, listening on 15094
2024-05-04 14:26:36,507 [ccbd6c79-39e6-4e91-99a9-9b6c204b47e9-EndpointStateMachineTaskThread-/0.0.0.0:15055-0 ] INFO  server.GrpcService (GrpcService.java:startImpl(302)) - ccbd6c79-39e6-4e91-99a9-9b6c204b47e9: GrpcService started, listening on 15093
2024-05-04 14:26:36,507 [ccbd6c79-39e6-4e91-99a9-9b6c204b47e9-EndpointStateMachineTaskThread-/0.0.0.0:15055-0 ] INFO  ratis.XceiverServerRatis (XceiverServerRatis.java:getRealPort(592)) - XceiverServerRatis ccbd6c79-39e6-4e91-99a9-9b6c204b47e9 is started using port 15092 for RATIS
2024-05-04 14:26:36,507 [ccbd6c79-39e6-4e91-99a9-9b6c204b47e9-EndpointStateMachineTaskThread-/0.0.0.0:15055-0 ] INFO  ratis.XceiverServerRatis (XceiverServerRatis.java:getRealPort(592)) - XceiverServerRatis ccbd6c79-39e6-4e91-99a9-9b6c204b47e9 is started using port 15093 for RATIS_ADMIN
2024-05-04 14:26:36,507 [ccbd6c79-39e6-4e91-99a9-9b6c204b47e9-EndpointStateMachineTaskThread-/0.0.0.0:15055-0 ] INFO  ratis.XceiverServerRatis (XceiverServerRatis.java:getRealPort(592)) - XceiverServerRatis ccbd6c79-39e6-4e91-99a9-9b6c204b47e9 is started using port 15094 for RATIS_SERVER
2024-05-04 14:26:36,508 [ccbd6c79-39e6-4e91-99a9-9b6c204b47e9-EndpointStateMachineTaskThread-/0.0.0.0:15055-0 ] INFO  ratis.XceiverServerRatis (XceiverServerRatis.java:getRealPort(592)) - XceiverServerRatis ccbd6c79-39e6-4e91-99a9-9b6c204b47e9 is started using port 15095 for RATIS_DATASTREAM
2024-05-04 14:26:36,507 [JvmPauseMonitor12] INFO  util.JvmPauseMonitor (JvmPauseMonitor.java:run(146)) - JvmPauseMonitor-ccbd6c79-39e6-4e91-99a9-9b6c204b47e9: Started
2024-05-04 14:26:36,509 [ccbd6c79-39e6-4e91-99a9-9b6c204b47e9-BlockDeletingService#0] INFO  interfaces.ContainerDeletionChoosingPolicyTemplate (ContainerDeletionChoosingPolicyTemplate.java:chooseContainerForBlockDeletion(85)) - Chosen 0/5000 blocks from 0 candidate containers.
2024-05-04 14:26:36,562 [main] INFO  ozone.MiniOzoneClusterImpl (MiniOzoneClusterImpl.java:lambda$waitForClusterToBeReady$0(194)) - Waiting for nodes to be ready. Got 0 of 5 DN Heartbeats.
2024-05-04 14:26:36,562 [main] INFO  ozone.MiniOzoneClusterImpl (MiniOzoneClusterImpl.java:lambda$waitForClusterToBeReady$0(197)) - Waiting for cluster to exit safe mode
2024-05-04 14:26:36,562 [main] INFO  ozone.MiniOzoneClusterImpl (MiniOzoneClusterImpl.java:lambda$waitForClusterToBeReady$0(199)) - SCM became leader
2024-05-04 14:26:36,581 [3ae9785c-56ef-4b84-8cb7-69d91d7d731c-EndpointStateMachineTaskThread-/0.0.0.0:15055-0 ] INFO  utils.DatanodeStoreCache (DatanodeStoreCache.java:addDB(72)) - Added db /home/runner/work/ozone/ozone/hadoop-ozone/integration-test/target/test-dir/MiniOzoneClusterImpl-7c905145-d891-4b2f-be71-50eb4aa8551e/ozone-meta/datanode-5/data-0/hdds/7c905145-d891-4b2f-be71-50eb4aa8551e/DS-9b510831-d0ca-4066-ad0b-f43285c736ad/container.db to cache
2024-05-04 14:26:36,581 [3ae9785c-56ef-4b84-8cb7-69d91d7d731c-EndpointStateMachineTaskThread-/0.0.0.0:15055-0 ] INFO  volume.HddsVolume (HddsVolume.java:createDbStore(437)) - SchemaV3 db is created and loaded at /home/runner/work/ozone/ozone/hadoop-ozone/integration-test/target/test-dir/MiniOzoneClusterImpl-7c905145-d891-4b2f-be71-50eb4aa8551e/ozone-meta/datanode-5/data-0/hdds/7c905145-d891-4b2f-be71-50eb4aa8551e/DS-9b510831-d0ca-4066-ad0b-f43285c736ad/container.db for volume DS-9b510831-d0ca-4066-ad0b-f43285c736ad
2024-05-04 14:26:36,583 [3ae9785c-56ef-4b84-8cb7-69d91d7d731c-ContainerReader-0] INFO  ozoneimpl.ContainerReader (ContainerReader.java:readVolume(148)) - Start to verify containers on volume /home/runner/work/ozone/ozone/hadoop-ozone/integration-test/target/test-dir/MiniOzoneClusterImpl-7c905145-d891-4b2f-be71-50eb4aa8551e/ozone-meta/datanode-5/data-0/hdds
2024-05-04 14:26:36,583 [3ae9785c-56ef-4b84-8cb7-69d91d7d731c-ContainerReader-0] INFO  ozoneimpl.ContainerReader (ContainerReader.java:readVolume(178)) - Finish verifying containers on volume /home/runner/work/ozone/ozone/hadoop-ozone/integration-test/target/test-dir/MiniOzoneClusterImpl-7c905145-d891-4b2f-be71-50eb4aa8551e/ozone-meta/datanode-5/data-0/hdds
2024-05-04 14:26:36,583 [3ae9785c-56ef-4b84-8cb7-69d91d7d731c-EndpointStateMachineTaskThread-/0.0.0.0:15055-0 ] INFO  ozoneimpl.OzoneContainer (OzoneContainer.java:buildContainerSet(328)) - Build ContainerSet costs 0s
2024-05-04 14:26:36,583 [3ae9785c-56ef-4b84-8cb7-69d91d7d731c-EndpointStateMachineTaskThread-/0.0.0.0:15055-0 ] INFO  volume.ThrottledAsyncChecker (ThrottledAsyncChecker.java:schedule(141)) - Scheduling a check for /home/runner/work/ozone/ozone/hadoop-ozone/integration-test/target/test-dir/MiniOzoneClusterImpl-7c905145-d891-4b2f-be71-50eb4aa8551e/ozone-meta/datanode-5/data-0/hdds
2024-05-04 14:26:36,583 [3ae9785c-56ef-4b84-8cb7-69d91d7d731c-EndpointStateMachineTaskThread-/0.0.0.0:15055-0 ] INFO  volume.StorageVolumeChecker (StorageVolumeChecker.java:checkAllVolumes(218)) - Scheduled health check for volume /home/runner/work/ozone/ozone/hadoop-ozone/integration-test/target/test-dir/MiniOzoneClusterImpl-7c905145-d891-4b2f-be71-50eb4aa8551e/ozone-meta/datanode-5/data-0/hdds
2024-05-04 14:26:36,584 [3ae9785c-56ef-4b84-8cb7-69d91d7d731c-EndpointStateMachineTaskThread-/0.0.0.0:15055-0 ] INFO  volume.ThrottledAsyncChecker (ThrottledAsyncChecker.java:schedule(141)) - Scheduling a check for /home/runner/work/ozone/ozone/hadoop-ozone/integration-test/target/test-dir/MiniOzoneClusterImpl-7c905145-d891-4b2f-be71-50eb4aa8551e/ozone-meta/datanode-5/ratis
2024-05-04 14:26:36,584 [3ae9785c-56ef-4b84-8cb7-69d91d7d731c-EndpointStateMachineTaskThread-/0.0.0.0:15055-0 ] INFO  volume.StorageVolumeChecker (StorageVolumeChecker.java:checkAllVolumes(218)) - Scheduled health check for volume /home/runner/work/ozone/ozone/hadoop-ozone/integration-test/target/test-dir/MiniOzoneClusterImpl-7c905145-d891-4b2f-be71-50eb4aa8551e/ozone-meta/datanode-5/ratis
2024-05-04 14:26:36,585 [3ae9785c-56ef-4b84-8cb7-69d91d7d731c-EndpointStateMachineTaskThread-/0.0.0.0:15055-0 ] INFO  ozoneimpl.OzoneContainer (OzoneContainer.java:start(459)) - Attempting to start container services.
2024-05-04 14:26:36,585 [3ae9785c-56ef-4b84-8cb7-69d91d7d731c-EndpointStateMachineTaskThread-/0.0.0.0:15055-0 ] WARN  ozoneimpl.OnDemandContainerDataScanner (OnDemandContainerDataScanner.java:init(75)) - Trying to initialize on demand scanner a second time on a datanode.
2024-05-04 14:26:36,585 [ContainerMetadataScanner] INFO  ozoneimpl.AbstractBackgroundContainerScanner (AbstractBackgroundContainerScanner.java:runIteration(87)) - Completed an iteration in 0 minutes. Number of iterations (since the data-node restart) : 1, Number of containers scanned in this iteration : 0, Number of unhealthy containers found in this iteration : 0
2024-05-04 14:26:36,586 [ContainerDataScanner(/home/runner/work/ozone/ozone/hadoop-ozone/integration-test/target/test-dir/MiniOzoneClusterImpl-7c905145-d891-4b2f-be71-50eb4aa8551e/ozone-meta/datanode-5/data-0/hdds)] INFO  ozoneimpl.AbstractBackgroundContainerScanner (AbstractBackgroundContainerScanner.java:runIteration(87)) - Completed an iteration in 0 minutes. Number of iterations (since the data-node restart) : 1, Number of containers scanned in this iteration : 0, Number of unhealthy containers found in this iteration : 0
2024-05-04 14:26:36,586 [3ae9785c-56ef-4b84-8cb7-69d91d7d731c-EndpointStateMachineTaskThread-/0.0.0.0:15055-0 ] INFO  replication.ReplicationServer (ReplicationServer.java:start(142)) - ReplicationServer is started using port 15105
2024-05-04 14:26:36,586 [3ae9785c-56ef-4b84-8cb7-69d91d7d731c-EndpointStateMachineTaskThread-/0.0.0.0:15055-0 ] INFO  ratis.XceiverServerRatis (XceiverServerRatis.java:start(566)) - Starting XceiverServerRatis 3ae9785c-56ef-4b84-8cb7-69d91d7d731c
2024-05-04 14:26:36,587 [3ae9785c-56ef-4b84-8cb7-69d91d7d731c-EndpointStateMachineTaskThread-/0.0.0.0:15055-0 ] INFO  server.RaftServer (RaftServerProxy.java:startImpl(406)) - 3ae9785c-56ef-4b84-8cb7-69d91d7d731c: start RPC server
2024-05-04 14:26:36,587 [3ae9785c-56ef-4b84-8cb7-69d91d7d731c-EndpointStateMachineTaskThread-/0.0.0.0:15055-0 ] INFO  server.GrpcService (GrpcService.java:startImpl(302)) - 3ae9785c-56ef-4b84-8cb7-69d91d7d731c: GrpcService started, listening on 15101
2024-05-04 14:26:36,587 [3ae9785c-56ef-4b84-8cb7-69d91d7d731c-EndpointStateMachineTaskThread-/0.0.0.0:15055-0 ] INFO  server.GrpcService (GrpcService.java:startImpl(302)) - 3ae9785c-56ef-4b84-8cb7-69d91d7d731c: GrpcService started, listening on 15103
2024-05-04 14:26:36,587 [3ae9785c-56ef-4b84-8cb7-69d91d7d731c-EndpointStateMachineTaskThread-/0.0.0.0:15055-0 ] INFO  server.GrpcService (GrpcService.java:startImpl(302)) - 3ae9785c-56ef-4b84-8cb7-69d91d7d731c: GrpcService started, listening on 15102
2024-05-04 14:26:36,588 [3ae9785c-56ef-4b84-8cb7-69d91d7d731c-EndpointStateMachineTaskThread-/0.0.0.0:15055-0 ] INFO  ratis.XceiverServerRatis (XceiverServerRatis.java:getRealPort(592)) - XceiverServerRatis 3ae9785c-56ef-4b84-8cb7-69d91d7d731c is started using port 15101 for RATIS
2024-05-04 14:26:36,588 [3ae9785c-56ef-4b84-8cb7-69d91d7d731c-EndpointStateMachineTaskThread-/0.0.0.0:15055-0 ] INFO  ratis.XceiverServerRatis (XceiverServerRatis.java:getRealPort(592)) - XceiverServerRatis 3ae9785c-56ef-4b84-8cb7-69d91d7d731c is started using port 15102 for RATIS_ADMIN
2024-05-04 14:26:36,588 [JvmPauseMonitor13] INFO  util.JvmPauseMonitor (JvmPauseMonitor.java:run(146)) - JvmPauseMonitor-3ae9785c-56ef-4b84-8cb7-69d91d7d731c: Started
2024-05-04 14:26:36,588 [3ae9785c-56ef-4b84-8cb7-69d91d7d731c-EndpointStateMachineTaskThread-/0.0.0.0:15055-0 ] INFO  ratis.XceiverServerRatis (XceiverServerRatis.java:getRealPort(592)) - XceiverServerRatis 3ae9785c-56ef-4b84-8cb7-69d91d7d731c is started using port 15103 for RATIS_SERVER
2024-05-04 14:26:36,588 [3ae9785c-56ef-4b84-8cb7-69d91d7d731c-EndpointStateMachineTaskThread-/0.0.0.0:15055-0 ] INFO  ratis.XceiverServerRatis (XceiverServerRatis.java:getRealPort(592)) - XceiverServerRatis 3ae9785c-56ef-4b84-8cb7-69d91d7d731c is started using port 15104 for RATIS_DATASTREAM
2024-05-04 14:26:36,589 [3ae9785c-56ef-4b84-8cb7-69d91d7d731c-BlockDeletingService#0] INFO  interfaces.ContainerDeletionChoosingPolicyTemplate (ContainerDeletionChoosingPolicyTemplate.java:chooseContainerForBlockDeletion(85)) - Chosen 0/5000 blocks from 0 candidate containers.
2024-05-04 14:26:37,563 [main] INFO  ozone.MiniOzoneClusterImpl (MiniOzoneClusterImpl.java:lambda$waitForClusterToBeReady$0(194)) - Waiting for nodes to be ready. Got 0 of 5 DN Heartbeats.
2024-05-04 14:26:37,563 [main] INFO  ozone.MiniOzoneClusterImpl (MiniOzoneClusterImpl.java:lambda$waitForClusterToBeReady$0(197)) - Waiting for cluster to exit safe mode
2024-05-04 14:26:37,563 [main] INFO  ozone.MiniOzoneClusterImpl (MiniOzoneClusterImpl.java:lambda$waitForClusterToBeReady$0(199)) - SCM became leader
2024-05-04 14:26:38,291 [IPC Server handler 1 on default port 15055] INFO  net.NetworkTopologyImpl (NetworkTopologyImpl.java:add(134)) - Added a new node: /default-rack/83059998-de51-48d1-9818-e6afe7fa3b6f
2024-05-04 14:26:38,292 [IPC Server handler 1 on default port 15055] INFO  node.SCMNodeManager (SCMNodeManager.java:register(421)) - Registered datanode: 83059998-de51-48d1-9818-e6afe7fa3b6f{ip: 127.0.0.1, host: localhost, ports: [HTTP=15062, CLIENT_RPC=15063, REPLICATION=15069, RATIS=15065, RATIS_ADMIN=15066, RATIS_SERVER=15067, RATIS_DATASTREAM=15068, STANDALONE=15064], networkLocation: /default-rack, certSerialId: null, persistedOpState: null, persistedOpStateExpiryEpochSec: 0}
2024-05-04 14:26:38,292 [EventQueue-NewNodeForNewNodeHandler] INFO  pipeline.BackgroundPipelineCreator (BackgroundPipelineCreator.java:notifyEventTriggered(280)) - trigger a one-shot run on RatisPipelineUtilsThread.
2024-05-04 14:26:38,293 [EventQueue-NodeRegistrationContainerReportForContainerSafeModeRule] INFO  safemode.SCMSafeModeManager (SCMSafeModeManager.java:validateSafeModeExitRules(203)) - ContainerSafeModeRule rule is successfully validated
2024-05-04 14:26:38,293 [RatisPipelineUtilsThread-0] INFO  pipeline.RatisPipelineProvider (RatisPipelineProvider.java:lambda$create$0(205)) - Sending CreatePipelineCommand for pipeline:PipelineID=bc09c7ad-d833-4526-abd7-8f1fa5180fdd to datanode:83059998-de51-48d1-9818-e6afe7fa3b6f
2024-05-04 14:26:38,293 [EventQueue-NodeRegistrationContainerReportForDataNodeSafeModeRule] INFO  safemode.SCMSafeModeManager (DataNodeSafeModeRule.java:process(71)) - SCM in safe mode. 1 DataNodes registered, 3 required.
2024-05-04 14:26:38,293 [EventQueue-PipelineReportForOneReplicaPipelineSafeModeRule] INFO  safemode.SCMSafeModeManager (SCMSafeModeManager.java:validateSafeModeExitRules(203)) - AtleastOneDatanodeReportedRule rule is successfully validated
2024-05-04 14:26:38,294 [RatisPipelineUtilsThread-0] INFO  pipeline.BackgroundPipelineCreator (BackgroundPipelineCreator.java:createPipelines(236)) - Created new pipeline Pipeline[ Id: bc09c7ad-d833-4526-abd7-8f1fa5180fdd, Nodes: 83059998-de51-48d1-9818-e6afe7fa3b6f(localhost/127.0.0.1), ReplicationConfig: RATIS/ONE, State:ALLOCATED, leaderId:, CreationTimestamp2024-05-04T14:26:38.293123373Z[Etc/UTC]]
2024-05-04 14:26:38,345 [IPC Server handler 2 on default port 15055] INFO  net.NetworkTopologyImpl (NetworkTopologyImpl.java:add(134)) - Added a new node: /default-rack/9ec74834-1541-452c-921b-2d323393210f
2024-05-04 14:26:38,345 [IPC Server handler 2 on default port 15055] INFO  node.SCMNodeManager (SCMNodeManager.java:register(421)) - Registered datanode: 9ec74834-1541-452c-921b-2d323393210f{ip: 127.0.0.1, host: localhost, ports: [HTTP=15071, CLIENT_RPC=15072, REPLICATION=15078, RATIS=15074, RATIS_ADMIN=15075, RATIS_SERVER=15076, RATIS_DATASTREAM=15077, STANDALONE=15073], networkLocation: /default-rack, certSerialId: null, persistedOpState: null, persistedOpStateExpiryEpochSec: 0}
2024-05-04 14:26:38,346 [EventQueue-NewNodeForNewNodeHandler] INFO  pipeline.BackgroundPipelineCreator (BackgroundPipelineCreator.java:notifyEventTriggered(280)) - trigger a one-shot run on RatisPipelineUtilsThread.
2024-05-04 14:26:38,346 [EventQueue-NodeRegistrationContainerReportForDataNodeSafeModeRule] INFO  safemode.SCMSafeModeManager (DataNodeSafeModeRule.java:process(71)) - SCM in safe mode. 2 DataNodes registered, 3 required.
2024-05-04 14:26:38,346 [RatisPipelineUtilsThread-0] INFO  pipeline.RatisPipelineProvider (RatisPipelineProvider.java:lambda$create$0(205)) - Sending CreatePipelineCommand for pipeline:PipelineID=eb97d0b1-989d-45a5-adb9-b539b67c8ed3 to datanode:9ec74834-1541-452c-921b-2d323393210f
2024-05-04 14:26:38,346 [RatisPipelineUtilsThread-0] INFO  pipeline.BackgroundPipelineCreator (BackgroundPipelineCreator.java:createPipelines(236)) - Created new pipeline Pipeline[ Id: eb97d0b1-989d-45a5-adb9-b539b67c8ed3, Nodes: 9ec74834-1541-452c-921b-2d323393210f(localhost/127.0.0.1), ReplicationConfig: RATIS/ONE, State:ALLOCATED, leaderId:, CreationTimestamp2024-05-04T14:26:38.346356324Z[Etc/UTC]]
2024-05-04 14:26:38,417 [IPC Server handler 3 on default port 15055] INFO  net.NetworkTopologyImpl (NetworkTopologyImpl.java:add(134)) - Added a new node: /default-rack/8808acf2-b901-482b-9182-8feecfa28384
2024-05-04 14:26:38,417 [IPC Server handler 3 on default port 15055] INFO  node.SCMNodeManager (SCMNodeManager.java:register(421)) - Registered datanode: 8808acf2-b901-482b-9182-8feecfa28384{ip: 127.0.0.1, host: localhost, ports: [HTTP=15080, CLIENT_RPC=15081, REPLICATION=15087, RATIS=15083, RATIS_ADMIN=15084, RATIS_SERVER=15085, RATIS_DATASTREAM=15086, STANDALONE=15082], networkLocation: /default-rack, certSerialId: null, persistedOpState: null, persistedOpStateExpiryEpochSec: 0}
2024-05-04 14:26:38,417 [EventQueue-NodeRegistrationContainerReportForDataNodeSafeModeRule] INFO  safemode.SCMSafeModeManager (DataNodeSafeModeRule.java:process(71)) - SCM in safe mode. 3 DataNodes registered, 3 required.
2024-05-04 14:26:38,418 [EventQueue-NodeRegistrationContainerReportForDataNodeSafeModeRule] INFO  safemode.SCMSafeModeManager (SCMSafeModeManager.java:validateSafeModeExitRules(203)) - DataNodeSafeModeRule rule is successfully validated
2024-05-04 14:26:38,418 [EventQueue-NodeRegistrationContainerReportForDataNodeSafeModeRule] INFO  safemode.SCMSafeModeManager (SCMSafeModeManager.java:completePreCheck(232)) - All SCM safe mode pre check rules have passed
2024-05-04 14:26:38,418 [EventQueue-NodeRegistrationContainerReportForDataNodeSafeModeRule] INFO  ha.SCMContext (SCMContext.java:updateSafeModeStatus(225)) - Update SafeModeStatus from SafeModeStatus{safeModeStatus=true, preCheckPassed=false} to SafeModeStatus{safeModeStatus=true, preCheckPassed=true}.
2024-05-04 14:26:38,418 [EventQueue-NewNodeForNewNodeHandler] INFO  pipeline.BackgroundPipelineCreator (BackgroundPipelineCreator.java:notifyEventTriggered(280)) - trigger a one-shot run on RatisPipelineUtilsThread.
2024-05-04 14:26:38,418 [EventQueue-NodeRegistrationContainerReportForDataNodeSafeModeRule] INFO  pipeline.BackgroundPipelineCreator (BackgroundPipelineCreator.java:notifyEventTriggered(280)) - trigger a one-shot run on RatisPipelineUtilsThread.
2024-05-04 14:26:38,418 [RatisPipelineUtilsThread-0] INFO  pipeline.RatisPipelineProvider (RatisPipelineProvider.java:lambda$create$0(205)) - Sending CreatePipelineCommand for pipeline:PipelineID=43a4f918-1f05-4b51-974f-278816dc67b8 to datanode:8808acf2-b901-482b-9182-8feecfa28384
2024-05-04 14:26:38,419 [RatisPipelineUtilsThread-0] INFO  pipeline.BackgroundPipelineCreator (BackgroundPipelineCreator.java:createPipelines(236)) - Created new pipeline Pipeline[ Id: 43a4f918-1f05-4b51-974f-278816dc67b8, Nodes: 8808acf2-b901-482b-9182-8feecfa28384(localhost/127.0.0.1), ReplicationConfig: RATIS/ONE, State:ALLOCATED, leaderId:, CreationTimestamp2024-05-04T14:26:38.418643783Z[Etc/UTC]]
2024-05-04 14:26:38,419 [RatisPipelineUtilsThread-0] INFO  pipeline.RatisPipelineProvider (RatisPipelineProvider.java:lambda$create$0(205)) - Sending CreatePipelineCommand for pipeline:PipelineID=58634f81-2263-4b6f-9c6a-d5ed0aa30690 to datanode:9ec74834-1541-452c-921b-2d323393210f
2024-05-04 14:26:38,419 [RatisPipelineUtilsThread-0] INFO  pipeline.RatisPipelineProvider (RatisPipelineProvider.java:lambda$create$0(205)) - Sending CreatePipelineCommand for pipeline:PipelineID=58634f81-2263-4b6f-9c6a-d5ed0aa30690 to datanode:83059998-de51-48d1-9818-e6afe7fa3b6f
2024-05-04 14:26:38,419 [RatisPipelineUtilsThread-0] INFO  pipeline.RatisPipelineProvider (RatisPipelineProvider.java:lambda$create$0(205)) - Sending CreatePipelineCommand for pipeline:PipelineID=58634f81-2263-4b6f-9c6a-d5ed0aa30690 to datanode:8808acf2-b901-482b-9182-8feecfa28384
2024-05-04 14:26:38,420 [RatisPipelineUtilsThread-0] INFO  pipeline.BackgroundPipelineCreator (BackgroundPipelineCreator.java:createPipelines(236)) - Created new pipeline Pipeline[ Id: 58634f81-2263-4b6f-9c6a-d5ed0aa30690, Nodes: 9ec74834-1541-452c-921b-2d323393210f(localhost/127.0.0.1)83059998-de51-48d1-9818-e6afe7fa3b6f(localhost/127.0.0.1)8808acf2-b901-482b-9182-8feecfa28384(localhost/127.0.0.1), ReplicationConfig: RATIS/THREE, State:ALLOCATED, leaderId:, CreationTimestamp2024-05-04T14:26:38.419552955Z[Etc/UTC]]
2024-05-04 14:26:38,420 [RatisPipelineUtilsThread-0] INFO  pipeline.RatisPipelineProvider (RatisPipelineProvider.java:lambda$create$0(205)) - Sending CreatePipelineCommand for pipeline:PipelineID=662b2c8d-8f14-41d3-87b4-6025e5d5c1b1 to datanode:8808acf2-b901-482b-9182-8feecfa28384
2024-05-04 14:26:38,420 [RatisPipelineUtilsThread-0] INFO  pipeline.RatisPipelineProvider (RatisPipelineProvider.java:lambda$create$0(205)) - Sending CreatePipelineCommand for pipeline:PipelineID=662b2c8d-8f14-41d3-87b4-6025e5d5c1b1 to datanode:9ec74834-1541-452c-921b-2d323393210f
2024-05-04 14:26:38,420 [RatisPipelineUtilsThread-0] INFO  pipeline.RatisPipelineProvider (RatisPipelineProvider.java:lambda$create$0(205)) - Sending CreatePipelineCommand for pipeline:PipelineID=662b2c8d-8f14-41d3-87b4-6025e5d5c1b1 to datanode:83059998-de51-48d1-9818-e6afe7fa3b6f
2024-05-04 14:26:38,421 [RatisPipelineUtilsThread-0] INFO  pipeline.PipelineManagerImpl (PipelineManagerImpl.java:recordMetricsForPipeline(916)) - Pipeline: PipelineID=662b2c8d-8f14-41d3-87b4-6025e5d5c1b1 contains same datanodes as previous pipelines: PipelineID=58634f81-2263-4b6f-9c6a-d5ed0aa30690 nodeIds: 8808acf2-b901-482b-9182-8feecfa28384, 9ec74834-1541-452c-921b-2d323393210f, 83059998-de51-48d1-9818-e6afe7fa3b6f
2024-05-04 14:26:38,421 [RatisPipelineUtilsThread-0] INFO  pipeline.BackgroundPipelineCreator (BackgroundPipelineCreator.java:createPipelines(236)) - Created new pipeline Pipeline[ Id: 662b2c8d-8f14-41d3-87b4-6025e5d5c1b1, Nodes: 8808acf2-b901-482b-9182-8feecfa28384(localhost/127.0.0.1)9ec74834-1541-452c-921b-2d323393210f(localhost/127.0.0.1)83059998-de51-48d1-9818-e6afe7fa3b6f(localhost/127.0.0.1), ReplicationConfig: RATIS/THREE, State:ALLOCATED, leaderId:, CreationTimestamp2024-05-04T14:26:38.420706381Z[Etc/UTC]]
2024-05-04 14:26:38,422 [RatisPipelineUtilsThread-0] INFO  pipeline.RatisPipelineProvider (RatisPipelineProvider.java:lambda$create$0(205)) - Sending CreatePipelineCommand for pipeline:PipelineID=29719e95-3b68-43b3-b996-c3dad7af45b8 to datanode:8808acf2-b901-482b-9182-8feecfa28384
2024-05-04 14:26:38,422 [RatisPipelineUtilsThread-0] INFO  pipeline.RatisPipelineProvider (RatisPipelineProvider.java:lambda$create$0(205)) - Sending CreatePipelineCommand for pipeline:PipelineID=29719e95-3b68-43b3-b996-c3dad7af45b8 to datanode:83059998-de51-48d1-9818-e6afe7fa3b6f
2024-05-04 14:26:38,422 [RatisPipelineUtilsThread-0] INFO  pipeline.RatisPipelineProvider (RatisPipelineProvider.java:lambda$create$0(205)) - Sending CreatePipelineCommand for pipeline:PipelineID=29719e95-3b68-43b3-b996-c3dad7af45b8 to datanode:9ec74834-1541-452c-921b-2d323393210f
2024-05-04 14:26:38,422 [RatisPipelineUtilsThread-0] INFO  pipeline.PipelineManagerImpl (PipelineManagerImpl.java:recordMetricsForPipeline(916)) - Pipeline: PipelineID=29719e95-3b68-43b3-b996-c3dad7af45b8 contains same datanodes as previous pipelines: PipelineID=662b2c8d-8f14-41d3-87b4-6025e5d5c1b1 nodeIds: 8808acf2-b901-482b-9182-8feecfa28384, 83059998-de51-48d1-9818-e6afe7fa3b6f, 9ec74834-1541-452c-921b-2d323393210f
2024-05-04 14:26:38,422 [RatisPipelineUtilsThread-0] INFO  pipeline.PipelineManagerImpl (PipelineManagerImpl.java:recordMetricsForPipeline(916)) - Pipeline: PipelineID=29719e95-3b68-43b3-b996-c3dad7af45b8 contains same datanodes as previous pipelines: PipelineID=58634f81-2263-4b6f-9c6a-d5ed0aa30690 nodeIds: 8808acf2-b901-482b-9182-8feecfa28384, 83059998-de51-48d1-9818-e6afe7fa3b6f, 9ec74834-1541-452c-921b-2d323393210f
2024-05-04 14:26:38,422 [RatisPipelineUtilsThread-0] INFO  pipeline.BackgroundPipelineCreator (BackgroundPipelineCreator.java:createPipelines(236)) - Created new pipeline Pipeline[ Id: 29719e95-3b68-43b3-b996-c3dad7af45b8, Nodes: 8808acf2-b901-482b-9182-8feecfa28384(localhost/127.0.0.1)83059998-de51-48d1-9818-e6afe7fa3b6f(localhost/127.0.0.1)9ec74834-1541-452c-921b-2d323393210f(localhost/127.0.0.1), ReplicationConfig: RATIS/THREE, State:ALLOCATED, leaderId:, CreationTimestamp2024-05-04T14:26:38.421990962Z[Etc/UTC]]
2024-05-04 14:26:38,482 [IPC Server handler 4 on default port 15055] INFO  net.NetworkTopologyImpl (NetworkTopologyImpl.java:add(134)) - Added a new node: /default-rack/ccbd6c79-39e6-4e91-99a9-9b6c204b47e9
2024-05-04 14:26:38,482 [IPC Server handler 4 on default port 15055] INFO  node.SCMNodeManager (SCMNodeManager.java:register(421)) - Registered datanode: ccbd6c79-39e6-4e91-99a9-9b6c204b47e9{ip: 127.0.0.1, host: localhost, ports: [HTTP=15089, CLIENT_RPC=15090, REPLICATION=15096, RATIS=15092, RATIS_ADMIN=15093, RATIS_SERVER=15094, RATIS_DATASTREAM=15095, STANDALONE=15091], networkLocation: /default-rack, certSerialId: null, persistedOpState: null, persistedOpStateExpiryEpochSec: 0}
2024-05-04 14:26:38,483 [EventQueue-NewNodeForNewNodeHandler] INFO  pipeline.BackgroundPipelineCreator (BackgroundPipelineCreator.java:notifyEventTriggered(280)) - trigger a one-shot run on RatisPipelineUtilsThread.
2024-05-04 14:26:38,483 [RatisPipelineUtilsThread-0] INFO  pipeline.RatisPipelineProvider (RatisPipelineProvider.java:lambda$create$0(205)) - Sending CreatePipelineCommand for pipeline:PipelineID=dece958d-b9b2-4b60-a8cd-b8816b9210c0 to datanode:ccbd6c79-39e6-4e91-99a9-9b6c204b47e9
2024-05-04 14:26:38,484 [RatisPipelineUtilsThread-0] INFO  pipeline.BackgroundPipelineCreator (BackgroundPipelineCreator.java:createPipelines(236)) - Created new pipeline Pipeline[ Id: dece958d-b9b2-4b60-a8cd-b8816b9210c0, Nodes: ccbd6c79-39e6-4e91-99a9-9b6c204b47e9(localhost/127.0.0.1), ReplicationConfig: RATIS/ONE, State:ALLOCATED, leaderId:, CreationTimestamp2024-05-04T14:26:38.483369790Z[Etc/UTC]]
2024-05-04 14:26:38,563 [main] INFO  ozone.MiniOzoneClusterImpl (MiniOzoneClusterImpl.java:lambda$waitForClusterToBeReady$0(194)) - Waiting for nodes to be ready. Got 4 of 5 DN Heartbeats.
2024-05-04 14:26:38,564 [main] INFO  ozone.MiniOzoneClusterImpl (MiniOzoneClusterImpl.java:lambda$waitForClusterToBeReady$0(197)) - Waiting for cluster to exit safe mode
2024-05-04 14:26:38,564 [main] INFO  ozone.MiniOzoneClusterImpl (MiniOzoneClusterImpl.java:lambda$waitForClusterToBeReady$0(199)) - SCM became leader
2024-05-04 14:26:38,564 [IPC Server handler 0 on default port 15055] INFO  net.NetworkTopologyImpl (NetworkTopologyImpl.java:add(134)) - Added a new node: /default-rack/3ae9785c-56ef-4b84-8cb7-69d91d7d731c
2024-05-04 14:26:38,564 [IPC Server handler 0 on default port 15055] INFO  node.SCMNodeManager (SCMNodeManager.java:register(421)) - Registered datanode: 3ae9785c-56ef-4b84-8cb7-69d91d7d731c{ip: 127.0.0.1, host: localhost, ports: [HTTP=15098, CLIENT_RPC=15099, REPLICATION=15105, RATIS=15101, RATIS_ADMIN=15102, RATIS_SERVER=15103, RATIS_DATASTREAM=15104, STANDALONE=15100], networkLocation: /default-rack, certSerialId: null, persistedOpState: null, persistedOpStateExpiryEpochSec: 0}
2024-05-04 14:26:38,564 [EventQueue-NewNodeForNewNodeHandler] INFO  pipeline.BackgroundPipelineCreator (BackgroundPipelineCreator.java:notifyEventTriggered(280)) - trigger a one-shot run on RatisPipelineUtilsThread.
2024-05-04 14:26:38,565 [RatisPipelineUtilsThread-0] INFO  pipeline.RatisPipelineProvider (RatisPipelineProvider.java:lambda$create$0(205)) - Sending CreatePipelineCommand for pipeline:PipelineID=cbd3ffaa-71b0-4cf2-b7f6-ab4b3a4ad983 to datanode:3ae9785c-56ef-4b84-8cb7-69d91d7d731c
2024-05-04 14:26:38,566 [RatisPipelineUtilsThread-0] INFO  pipeline.BackgroundPipelineCreator (BackgroundPipelineCreator.java:createPipelines(236)) - Created new pipeline Pipeline[ Id: cbd3ffaa-71b0-4cf2-b7f6-ab4b3a4ad983, Nodes: 3ae9785c-56ef-4b84-8cb7-69d91d7d731c(localhost/127.0.0.1), ReplicationConfig: RATIS/ONE, State:ALLOCATED, leaderId:, CreationTimestamp2024-05-04T14:26:38.565495432Z[Etc/UTC]]
2024-05-04 14:26:39,564 [main] INFO  ozone.MiniOzoneClusterImpl (MiniOzoneClusterImpl.java:lambda$waitForClusterToBeReady$0(194)) - Nodes are ready. Got 5 of 5 DN Heartbeats.
2024-05-04 14:26:39,564 [main] INFO  ozone.MiniOzoneClusterImpl (MiniOzoneClusterImpl.java:lambda$waitForClusterToBeReady$0(197)) - Waiting for cluster to exit safe mode
2024-05-04 14:26:39,564 [main] INFO  ozone.MiniOzoneClusterImpl (MiniOzoneClusterImpl.java:lambda$waitForClusterToBeReady$0(199)) - SCM became leader
2024-05-04 14:26:40,564 [main] INFO  ozone.MiniOzoneClusterImpl (MiniOzoneClusterImpl.java:lambda$waitForClusterToBeReady$0(194)) - Nodes are ready. Got 5 of 5 DN Heartbeats.
2024-05-04 14:26:40,565 [main] INFO  ozone.MiniOzoneClusterImpl (MiniOzoneClusterImpl.java:lambda$waitForClusterToBeReady$0(197)) - Waiting for cluster to exit safe mode
2024-05-04 14:26:40,565 [main] INFO  ozone.MiniOzoneClusterImpl (MiniOzoneClusterImpl.java:lambda$waitForClusterToBeReady$0(199)) - SCM became leader
2024-05-04 14:26:41,290 [83059998-de51-48d1-9818-e6afe7fa3b6f-PipelineCommandHandlerThread-0] INFO  server.RaftServer (RaftServerProxy.java:addNew(100)) - 83059998-de51-48d1-9818-e6afe7fa3b6f: addNew group-8F1FA5180FDD:[83059998-de51-48d1-9818-e6afe7fa3b6f|127.0.0.1:15067] returns group-8F1FA5180FDD:java.util.concurrent.CompletableFuture@6243fbbe[Not completed]
2024-05-04 14:26:41,291 [83059998-de51-48d1-9818-e6afe7fa3b6f-groupManagement] INFO  server.RaftServer$Division (RaftServerImpl.java:<init>(256)) - 83059998-de51-48d1-9818-e6afe7fa3b6f: new RaftServerImpl for group-8F1FA5180FDD:[83059998-de51-48d1-9818-e6afe7fa3b6f|127.0.0.1:15067] with ContainerStateMachine:uninitialized
2024-05-04 14:26:41,291 [83059998-de51-48d1-9818-e6afe7fa3b6f-groupManagement] INFO  server.RaftServerConfigKeys (ConfUtils.java:logGet(46)) - raft.server.rpc.timeout.min = 5s (custom)
2024-05-04 14:26:41,291 [83059998-de51-48d1-9818-e6afe7fa3b6f-groupManagement] INFO  server.RaftServerConfigKeys (ConfUtils.java:logGet(46)) - raft.server.rpc.timeout.max = 5200ms (custom)
2024-05-04 14:26:41,292 [83059998-de51-48d1-9818-e6afe7fa3b6f-groupManagement] INFO  server.RaftServerConfigKeys (ConfUtils.java:logGet(46)) - raft.server.rpc.sleep.time = 25ms (default)
2024-05-04 14:26:41,292 [83059998-de51-48d1-9818-e6afe7fa3b6f-groupManagement] INFO  server.RaftServerConfigKeys (ConfUtils.java:logGet(46)) - raft.server.rpc.slowness.timeout = 300000ms (custom)
2024-05-04 14:26:41,292 [83059998-de51-48d1-9818-e6afe7fa3b6f-groupManagement] INFO  server.RaftServerConfigKeys (ConfUtils.java:logGet(46)) - raft.server.leaderelection.leader.step-down.wait-time = 10s (default)
2024-05-04 14:26:41,292 [83059998-de51-48d1-9818-e6afe7fa3b6f-groupManagement] INFO  server.RaftServerConfigKeys (ConfUtils.java:logGet(46)) - raft.server.leaderelection.member.majority-add = false (default)
2024-05-04 14:26:41,292 [83059998-de51-48d1-9818-e6afe7fa3b6f-groupManagement] INFO  server.RaftServerConfigKeys (ConfUtils.java:logGet(46)) - raft.server.sleep.deviation.threshold = 300ms (default)
2024-05-04 14:26:41,292 [83059998-de51-48d1-9818-e6afe7fa3b6f-groupManagement] INFO  server.RaftServer$Division (ServerState.java:<init>(113)) - 83059998-de51-48d1-9818-e6afe7fa3b6f@group-8F1FA5180FDD: ConfigurationManager, init=-1: peers:[83059998-de51-48d1-9818-e6afe7fa3b6f|127.0.0.1:15067]|listeners:[], old=null, confs=<EMPTY_MAP>
2024-05-04 14:26:41,292 [83059998-de51-48d1-9818-e6afe7fa3b6f-groupManagement] INFO  server.RaftServerConfigKeys (ConfUtils.java:logGet(46)) - raft.server.notification.no-leader.timeout = 300000ms (custom)
2024-05-04 14:26:41,292 [83059998-de51-48d1-9818-e6afe7fa3b6f-groupManagement] INFO  server.RaftServerConfigKeys (ConfUtils.java:logGet(46)) - raft.server.read.timeout = 10s (default)
2024-05-04 14:26:41,292 [83059998-de51-48d1-9818-e6afe7fa3b6f-groupManagement] INFO  server.RaftServerConfigKeys (ConfUtils.java:logGet(46)) - raft.server.retrycache.expirytime = 600000ms (custom)
2024-05-04 14:26:41,292 [83059998-de51-48d1-9818-e6afe7fa3b6f-groupManagement] INFO  server.RaftServerConfigKeys (ConfUtils.java:logGet(46)) - raft.server.retrycache.statistics.expirytime = 100ms (default)
2024-05-04 14:26:41,292 [83059998-de51-48d1-9818-e6afe7fa3b6f-groupManagement] INFO  server.RaftServerConfigKeys (ConfUtils.java:logGet(46)) - raft.server.read.option = DEFAULT (default)
2024-05-04 14:26:41,292 [83059998-de51-48d1-9818-e6afe7fa3b6f-groupManagement] INFO  server.RaftServerConfigKeys (ConfUtils.java:logGet(46)) - raft.server.read.read-after-write-consistent.write-index-cache.expiry-time = 60s (default)
2024-05-04 14:26:41,295 [83059998-de51-48d1-9818-e6afe7fa3b6f-groupManagement] INFO  server.RaftServerConfigKeys (ConfUtils.java:logGet(46)) - raft.server.rpc.request.timeout = 3000ms (default)
2024-05-04 14:26:41,295 [83059998-de51-48d1-9818-e6afe7fa3b6f-groupManagement] INFO  server.RaftServerConfigKeys (ConfUtils.java:logGet(46)) - raft.server.log.appender.install.snapshot.enabled = false (custom)
2024-05-04 14:26:41,295 [83059998-de51-48d1-9818-e6afe7fa3b6f-groupManagement] INFO  server.RaftServerConfigKeys (ConfUtils.java:logGet(46)) - raft.server.threadpool.server.cached = true (default)
2024-05-04 14:26:41,295 [83059998-de51-48d1-9818-e6afe7fa3b6f-groupManagement] INFO  server.RaftServerConfigKeys (ConfUtils.java:logGet(46)) - raft.server.threadpool.server.size = 0 (default)
2024-05-04 14:26:41,295 [83059998-de51-48d1-9818-e6afe7fa3b6f-groupManagement] INFO  server.RaftServerConfigKeys (ConfUtils.java:logGet(46)) - raft.server.threadpool.client.cached = true (default)
2024-05-04 14:26:41,295 [83059998-de51-48d1-9818-e6afe7fa3b6f-groupManagement] INFO  server.RaftServerConfigKeys (ConfUtils.java:logGet(46)) - raft.server.threadpool.client.size = 0 (default)
2024-05-04 14:26:41,295 [83059998-de51-48d1-9818-e6afe7fa3b6f-groupManagement] INFO  server.RaftServerConfigKeys (ConfUtils.java:logGet(46)) - raft.server.storage.free-space.min = 0MB (=0) (default)
2024-05-04 14:26:41,295 [83059998-de51-48d1-9818-e6afe7fa3b6f-groupManagement] INFO  server.RaftServerConfigKeys (ConfUtils.java:logGet(46)) - raft.server.log.corruption.policy = EXCEPTION (default)
2024-05-04 14:26:41,295 [83059998-de51-48d1-9818-e6afe7fa3b6f-groupManagement] INFO  server.RaftServerConfigKeys (ConfUtils.java:logGet(46)) - raft.server.storage.dir = [/home/runner/work/ozone/ozone/hadoop-ozone/integration-test/target/test-dir/MiniOzoneClusterImpl-7c905145-d891-4b2f-be71-50eb4aa8551e/ozone-meta/datanode-1/ratis] (custom)
2024-05-04 14:26:41,296 [83059998-de51-48d1-9818-e6afe7fa3b6f-groupManagement] INFO  storage.RaftStorageDirectory (RaftStorageDirectoryImpl.java:analyzeStorage(138)) - The storage directory /home/runner/work/ozone/ozone/hadoop-ozone/integration-test/target/test-dir/MiniOzoneClusterImpl-7c905145-d891-4b2f-be71-50eb4aa8551e/ozone-meta/datanode-1/ratis/bc09c7ad-d833-4526-abd7-8f1fa5180fdd does not exist. Creating ...
2024-05-04 14:26:41,297 [83059998-de51-48d1-9818-e6afe7fa3b6f-groupManagement] INFO  storage.RaftStorageDirectory (RaftStorageDirectoryImpl.java:tryLock(228)) - Lock on /home/runner/work/ozone/ozone/hadoop-ozone/integration-test/target/test-dir/MiniOzoneClusterImpl-7c905145-d891-4b2f-be71-50eb4aa8551e/ozone-meta/datanode-1/ratis/bc09c7ad-d833-4526-abd7-8f1fa5180fdd/in_use.lock acquired by nodename 53612@fv-az1114-244
2024-05-04 14:26:41,298 [83059998-de51-48d1-9818-e6afe7fa3b6f-groupManagement] INFO  storage.RaftStorage (RaftStorageImpl.java:format(99)) - Storage directory /home/runner/work/ozone/ozone/hadoop-ozone/integration-test/target/test-dir/MiniOzoneClusterImpl-7c905145-d891-4b2f-be71-50eb4aa8551e/ozone-meta/datanode-1/ratis/bc09c7ad-d833-4526-abd7-8f1fa5180fdd has been successfully formatted.
2024-05-04 14:26:41,298 [83059998-de51-48d1-9818-e6afe7fa3b6f-groupManagement] WARN  util.FileUtils (LogUtils.java:supplyAndLog(63)) - Failed to Files.newInputStream /home/runner/work/ozone/ozone/hadoop-ozone/integration-test/target/test-dir/MiniOzoneClusterImpl-7c905145-d891-4b2f-be71-50eb4aa8551e/ozone-meta/datanode-1/ratis/bc09c7ad-d833-4526-abd7-8f1fa5180fdd/current/raft-meta.conf with options []: java.nio.file.NoSuchFileException: /home/runner/work/ozone/ozone/hadoop-ozone/integration-test/target/test-dir/MiniOzoneClusterImpl-7c905145-d891-4b2f-be71-50eb4aa8551e/ozone-meta/datanode-1/ratis/bc09c7ad-d833-4526-abd7-8f1fa5180fdd/current/raft-meta.conf
2024-05-04 14:26:41,298 [83059998-de51-48d1-9818-e6afe7fa3b6f-groupManagement] INFO  ratis.ContainerStateMachine (ContainerStateMachine.java:loadSnapshot(287)) - group-8F1FA5180FDD: The snapshot info is null. Setting the last applied index to:(t:0, i:~)
2024-05-04 14:26:41,298 [83059998-de51-48d1-9818-e6afe7fa3b6f-groupManagement] INFO  server.RaftServerConfigKeys (ConfUtils.java:logGet(46)) - raft.server.log.use.memory = false (default)
2024-05-04 14:26:41,298 [83059998-de51-48d1-9818-e6afe7fa3b6f-groupManagement] INFO  server.RaftServerConfigKeys (ConfUtils.java:logGet(46)) - raft.server.log.purge.gap = 1000000 (custom)
2024-05-04 14:26:41,298 [83059998-de51-48d1-9818-e6afe7fa3b6f-groupManagement] INFO  server.RaftServerConfigKeys (ConfUtils.java:logGet(46)) - raft.server.log.appender.buffer.byte-limit = 8388608 (custom)
2024-05-04 14:26:41,298 [83059998-de51-48d1-9818-e6afe7fa3b6f-groupManagement] INFO  server.RaftServerConfigKeys (ConfUtils.java:logGet(46)) - raft.server.log.statemachine.data.read.timeout = 1000ms (default)
2024-05-04 14:26:41,299 [83059998-de51-48d1-9818-e6afe7fa3b6f-groupManagement] INFO  server.RaftServerConfigKeys (ConfUtils.java:logGet(46)) - raft.server.log.purge.preservation.log.num = 0 (default)
2024-05-04 14:26:41,300 [83059998-de51-48d1-9818-e6afe7fa3b6f-groupManagement] INFO  server.RaftServerConfigKeys (ConfUtils.java:logGet(46)) - raft.server.log.segment.size.max = 67108864 (custom)
2024-05-04 14:26:41,300 [EventQueue-PipelineReportForPipelineReportHandler] INFO  pipeline.PipelineReportHandler (PipelineReportHandler.java:processPipelineReport(136)) - Opened pipeline PipelineID=bc09c7ad-d833-4526-abd7-8f1fa5180fdd
2024-05-04 14:26:41,300 [83059998-de51-48d1-9818-e6afe7fa3b6f-groupManagement] INFO  server.RaftServerConfigKeys (ConfUtils.java:logGet(46)) - raft.server.log.segment.cache.num.max = 2 (custom)
2024-05-04 14:26:41,300 [EventQueue-OpenPipelineForHealthyPipelineSafeModeRule] INFO  safemode.SCMSafeModeManager (HealthyPipelineSafeModeRule.java:process(140)) - SCM in safe mode. Healthy pipelines reported count is 0, required healthy pipeline reported count is 1
2024-05-04 14:26:41,300 [83059998-de51-48d1-9818-e6afe7fa3b6f-groupManagement] INFO  server.RaftServerConfigKeys (ConfUtils.java:logGet(46)) - raft.server.log.segment.cache.size.max = 200MB (=209715200) (default)
2024-05-04 14:26:41,300 [83059998-de51-48d1-9818-e6afe7fa3b6f-groupManagement] INFO  server.RaftServerConfigKeys (ConfUtils.java:logGet(46)) - raft.server.log.appender.buffer.byte-limit = 8388608 (custom)
2024-05-04 14:26:41,300 [83059998-de51-48d1-9818-e6afe7fa3b6f-groupManagement] INFO  util.AwaitToRun (AwaitToRun.java:start(81)) - Thread[83059998-de51-48d1-9818-e6afe7fa3b6f@group-8F1FA5180FDD-cacheEviction-AwaitToRun,5,main] started
2024-05-04 14:26:41,300 [83059998-de51-48d1-9818-e6afe7fa3b6f-groupManagement] INFO  segmented.SegmentedRaftLogWorker (SegmentedRaftLogWorker.java:<init>(182)) - new 83059998-de51-48d1-9818-e6afe7fa3b6f@group-8F1FA5180FDD-SegmentedRaftLogWorker for RaftStorageImpl:Storage Directory /home/runner/work/ozone/ozone/hadoop-ozone/integration-test/target/test-dir/MiniOzoneClusterImpl-7c905145-d891-4b2f-be71-50eb4aa8551e/ozone-meta/datanode-1/ratis/bc09c7ad-d833-4526-abd7-8f1fa5180fdd
2024-05-04 14:26:41,301 [83059998-de51-48d1-9818-e6afe7fa3b6f-groupManagement] INFO  server.RaftServerConfigKeys (ConfUtils.java:logGet(46)) - raft.server.log.queue.byte-limit = 4294967296 (custom)
2024-05-04 14:26:41,301 [83059998-de51-48d1-9818-e6afe7fa3b6f-groupManagement] INFO  server.RaftServerConfigKeys (ConfUtils.java:logGet(46)) - raft.server.log.queue.element-limit = 1024 (custom)
2024-05-04 14:26:41,301 [83059998-de51-48d1-9818-e6afe7fa3b6f-groupManagement] INFO  server.RaftServerConfigKeys (ConfUtils.java:logGet(46)) - raft.server.log.segment.size.max = 67108864 (custom)
2024-05-04 14:26:41,301 [83059998-de51-48d1-9818-e6afe7fa3b6f-groupManagement] INFO  server.RaftServerConfigKeys (ConfUtils.java:logGet(46)) - raft.server.log.preallocated.size = 4194304 (custom)
2024-05-04 14:26:41,301 [83059998-de51-48d1-9818-e6afe7fa3b6f-groupManagement] INFO  server.RaftServerConfigKeys (ConfUtils.java:logGet(46)) - raft.server.log.force.sync.num = 128 (default)
2024-05-04 14:26:41,301 [83059998-de51-48d1-9818-e6afe7fa3b6f-groupManagement] INFO  server.RaftServerConfigKeys (ConfUtils.java:logGet(46)) - raft.server.log.statemachine.data.sync = true (default)
2024-05-04 14:26:41,301 [83059998-de51-48d1-9818-e6afe7fa3b6f-groupManagement] INFO  server.RaftServerConfigKeys (ConfUtils.java:logGet(46)) - raft.server.log.statemachine.data.sync.timeout = 10s (default)
2024-05-04 14:26:41,301 [83059998-de51-48d1-9818-e6afe7fa3b6f-groupManagement] INFO  server.RaftServerConfigKeys (ConfUtils.java:logGet(46)) - raft.server.log.statemachine.data.sync.timeout.retry = 30 (custom)
2024-05-04 14:26:41,301 [83059998-de51-48d1-9818-e6afe7fa3b6f-groupManagement] INFO  server.RaftServerConfigKeys (ConfUtils.java:logGet(46)) - raft.server.log.write.buffer.size = 8388616 (custom)
2024-05-04 14:26:41,303 [83059998-de51-48d1-9818-e6afe7fa3b6f-groupManagement] INFO  server.RaftServerConfigKeys (ConfUtils.java:logGet(46)) - raft.server.log.appender.buffer.byte-limit = 8388608 (custom)
2024-05-04 14:26:41,303 [83059998-de51-48d1-9818-e6afe7fa3b6f-groupManagement] INFO  server.RaftServerConfigKeys (ConfUtils.java:logGet(46)) - raft.server.log.unsafe-flush.enabled = false (default)
2024-05-04 14:26:41,303 [83059998-de51-48d1-9818-e6afe7fa3b6f-groupManagement] INFO  server.RaftServerConfigKeys (ConfUtils.java:logGet(46)) - raft.server.log.async-flush.enabled = false (default)
2024-05-04 14:26:41,303 [83059998-de51-48d1-9818-e6afe7fa3b6f-groupManagement] INFO  server.RaftServerConfigKeys (ConfUtils.java:logGet(46)) - raft.server.log.statemachine.data.caching.enabled = true (custom)
2024-05-04 14:26:41,303 [83059998-de51-48d1-9818-e6afe7fa3b6f-groupManagement] INFO  segmented.SegmentedRaftLogWorker (SegmentedRaftLogWorker.java:lambda$new$0(134)) - 83059998-de51-48d1-9818-e6afe7fa3b6f@group-8F1FA5180FDD-SegmentedRaftLogWorker: flushIndex: setUnconditionally 0 -> -1
2024-05-04 14:26:41,303 [83059998-de51-48d1-9818-e6afe7fa3b6f-groupManagement] INFO  segmented.SegmentedRaftLogWorker (SegmentedRaftLogWorker.java:lambda$new$0(134)) - 83059998-de51-48d1-9818-e6afe7fa3b6f@group-8F1FA5180FDD-SegmentedRaftLogWorker: safeCacheEvictIndex: setUnconditionally 0 -> -1
2024-05-04 14:26:41,303 [83059998-de51-48d1-9818-e6afe7fa3b6f-groupManagement] INFO  server.RaftServer$Division (RaftServerImpl.java:start(396)) - 83059998-de51-48d1-9818-e6afe7fa3b6f@group-8F1FA5180FDD: start as a follower, conf=-1: peers:[83059998-de51-48d1-9818-e6afe7fa3b6f|127.0.0.1:15067]|listeners:[], old=null
2024-05-04 14:26:41,304 [83059998-de51-48d1-9818-e6afe7fa3b6f-groupManagement] INFO  server.RaftServer$Division (RaftServerImpl.java:setRole(383)) - 83059998-de51-48d1-9818-e6afe7fa3b6f@group-8F1FA5180FDD: changes role from      null to FOLLOWER at term 0 for startAsFollower
2024-05-04 14:26:41,304 [83059998-de51-48d1-9818-e6afe7fa3b6f-groupManagement] INFO  impl.RoleInfo (RoleInfo.java:updateAndGet(139)) - 83059998-de51-48d1-9818-e6afe7fa3b6f: start 83059998-de51-48d1-9818-e6afe7fa3b6f@group-8F1FA5180FDD-FollowerState
2024-05-04 14:26:41,304 [83059998-de51-48d1-9818-e6afe7fa3b6f@group-8F1FA5180FDD-FollowerState] INFO  server.RaftServerConfigKeys (ConfUtils.java:logFallback(53)) - raft.server.rpc.first-election.timeout.min = 5s (fallback to raft.server.rpc.timeout.min)
2024-05-04 14:26:41,304 [83059998-de51-48d1-9818-e6afe7fa3b6f@group-8F1FA5180FDD-FollowerState] INFO  server.RaftServerConfigKeys (ConfUtils.java:logFallback(53)) - raft.server.rpc.first-election.timeout.max = 5200ms (fallback to raft.server.rpc.timeout.max)
2024-05-04 14:26:41,304 [83059998-de51-48d1-9818-e6afe7fa3b6f-groupManagement] INFO  util.JmxRegister (JmxRegister.java:tryRegister(44)) - Successfully registered JMX Bean with object name Ratis:service=RaftServer,group=group-8F1FA5180FDD,id=83059998-de51-48d1-9818-e6afe7fa3b6f
2024-05-04 14:26:41,304 [83059998-de51-48d1-9818-e6afe7fa3b6f-groupManagement] INFO  server.RaftServerConfigKeys (ConfUtils.java:logGet(46)) - raft.server.snapshot.trigger-when-stop.enabled = true (default)
2024-05-04 14:26:41,304 [83059998-de51-48d1-9818-e6afe7fa3b6f-groupManagement] INFO  server.RaftServerConfigKeys (ConfUtils.java:logGet(46)) - raft.server.snapshot.auto.trigger.enabled = true (custom)
2024-05-04 14:26:41,304 [83059998-de51-48d1-9818-e6afe7fa3b6f-groupManagement] INFO  server.RaftServerConfigKeys (ConfUtils.java:logGet(46)) - raft.server.snapshot.auto.trigger.threshold = 10000 (custom)
2024-05-04 14:26:41,304 [83059998-de51-48d1-9818-e6afe7fa3b6f-groupManagement] INFO  server.RaftServerConfigKeys (ConfUtils.java:logGet(46)) - raft.server.snapshot.retention.file.num = 5 (custom)
2024-05-04 14:26:41,304 [83059998-de51-48d1-9818-e6afe7fa3b6f-groupManagement] INFO  server.RaftServerConfigKeys (ConfUtils.java:logGet(46)) - raft.server.log.purge.upto.snapshot.index = false (default)
2024-05-04 14:26:41,305 [83059998-de51-48d1-9818-e6afe7fa3b6f-PipelineCommandHandlerThread-0] INFO  ratis.XceiverServerRatis (XceiverServerRatis.java:addGroup(864)) - Created group PipelineID=bc09c7ad-d833-4526-abd7-8f1fa5180fdd
2024-05-04 14:26:41,305 [83059998-de51-48d1-9818-e6afe7fa3b6f-PipelineCommandHandlerThread-0] INFO  commandhandler.CreatePipelineCommandHandler (CreatePipelineCommandHandler.java:lambda$handle$2(124)) - Created Pipeline RATIS ONE PipelineID=bc09c7ad-d833-4526-abd7-8f1fa5180fdd.
2024-05-04 14:26:41,305 [83059998-de51-48d1-9818-e6afe7fa3b6f-PipelineCommandHandlerThread-0] INFO  server.RaftServer (RaftServerProxy.java:addNew(100)) - 83059998-de51-48d1-9818-e6afe7fa3b6f: addNew group-D5ED0AA30690:[8808acf2-b901-482b-9182-8feecfa28384|127.0.0.1:15085, 9ec74834-1541-452c-921b-2d323393210f|127.0.0.1:15076, 83059998-de51-48d1-9818-e6afe7fa3b6f|127.0.0.1:15067] returns group-D5ED0AA30690:java.util.concurrent.CompletableFuture@667c732e[Not completed]
2024-05-04 14:26:41,306 [83059998-de51-48d1-9818-e6afe7fa3b6f-groupManagement] INFO  server.RaftServer$Division (RaftServerImpl.java:<init>(256)) - 83059998-de51-48d1-9818-e6afe7fa3b6f: new RaftServerImpl for group-D5ED0AA30690:[8808acf2-b901-482b-9182-8feecfa28384|127.0.0.1:15085, 9ec74834-1541-452c-921b-2d323393210f|127.0.0.1:15076, 83059998-de51-48d1-9818-e6afe7fa3b6f|127.0.0.1:15067] with ContainerStateMachine:uninitialized
2024-05-04 14:26:41,306 [83059998-de51-48d1-9818-e6afe7fa3b6f-groupManagement] INFO  server.RaftServerConfigKeys (ConfUtils.java:logGet(46)) - raft.server.rpc.timeout.min = 5s (custom)
2024-05-04 14:26:41,306 [83059998-de51-48d1-9818-e6afe7fa3b6f-groupManagement] INFO  server.RaftServerConfigKeys (ConfUtils.java:logGet(46)) - raft.server.rpc.timeout.max = 5200ms (custom)
2024-05-04 14:26:41,306 [83059998-de51-48d1-9818-e6afe7fa3b6f-groupManagement] INFO  server.RaftServerConfigKeys (ConfUtils.java:logGet(46)) - raft.server.rpc.sleep.time = 25ms (default)
2024-05-04 14:26:41,306 [83059998-de51-48d1-9818-e6afe7fa3b6f-groupManagement] INFO  server.RaftServerConfigKeys (ConfUtils.java:logGet(46)) - raft.server.rpc.slowness.timeout = 300000ms (custom)
2024-05-04 14:26:41,306 [83059998-de51-48d1-9818-e6afe7fa3b6f-groupManagement] INFO  server.RaftServerConfigKeys (ConfUtils.java:logGet(46)) - raft.server.leaderelection.leader.step-down.wait-time = 10s (default)
2024-05-04 14:26:41,306 [83059998-de51-48d1-9818-e6afe7fa3b6f-groupManagement] INFO  server.RaftServerConfigKeys (ConfUtils.java:logGet(46)) - raft.server.leaderelection.member.majority-add = false (default)
2024-05-04 14:26:41,307 [83059998-de51-48d1-9818-e6afe7fa3b6f-groupManagement] INFO  server.RaftServerConfigKeys (ConfUtils.java:logGet(46)) - raft.server.sleep.deviation.threshold = 300ms (default)
2024-05-04 14:26:41,307 [83059998-de51-48d1-9818-e6afe7fa3b6f-groupManagement] INFO  server.RaftServer$Division (ServerState.java:<init>(113)) - 83059998-de51-48d1-9818-e6afe7fa3b6f@group-D5ED0AA30690: ConfigurationManager, init=-1: peers:[8808acf2-b901-482b-9182-8feecfa28384|127.0.0.1:15085, 9ec74834-1541-452c-921b-2d323393210f|127.0.0.1:15076, 83059998-de51-48d1-9818-e6afe7fa3b6f|127.0.0.1:15067]|listeners:[], old=null, confs=<EMPTY_MAP>
2024-05-04 14:26:41,307 [83059998-de51-48d1-9818-e6afe7fa3b6f-groupManagement] INFO  server.RaftServerConfigKeys (ConfUtils.java:logGet(46)) - raft.server.notification.no-leader.timeout = 300000ms (custom)
2024-05-04 14:26:41,307 [83059998-de51-48d1-9818-e6afe7fa3b6f-groupManagement] INFO  server.RaftServerConfigKeys (ConfUtils.java:logGet(46)) - raft.server.read.timeout = 10s (default)
2024-05-04 14:26:41,307 [83059998-de51-48d1-9818-e6afe7fa3b6f-groupManagement] INFO  server.RaftServerConfigKeys (ConfUtils.java:logGet(46)) - raft.server.retrycache.expirytime = 600000ms (custom)
2024-05-04 14:26:41,307 [83059998-de51-48d1-9818-e6afe7fa3b6f-groupManagement] INFO  server.RaftServerConfigKeys (ConfUtils.java:logGet(46)) - raft.server.retrycache.statistics.expirytime = 100ms (default)
2024-05-04 14:26:41,307 [83059998-de51-48d1-9818-e6afe7fa3b6f-groupManagement] INFO  server.RaftServerConfigKeys (ConfUtils.java:logGet(46)) - raft.server.read.option = DEFAULT (default)
2024-05-04 14:26:41,307 [83059998-de51-48d1-9818-e6afe7fa3b6f-groupManagement] INFO  server.RaftServerConfigKeys (ConfUtils.java:logGet(46)) - raft.server.read.read-after-write-consistent.write-index-cache.expiry-time = 60s (default)
2024-05-04 14:26:41,309 [83059998-de51-48d1-9818-e6afe7fa3b6f-groupManagement] INFO  server.RaftServerConfigKeys (ConfUtils.java:logGet(46)) - raft.server.rpc.request.timeout = 3000ms (default)
2024-05-04 14:26:41,309 [83059998-de51-48d1-9818-e6afe7fa3b6f-groupManagement] INFO  server.RaftServerConfigKeys (ConfUtils.java:logGet(46)) - raft.server.log.appender.install.snapshot.enabled = false (custom)
2024-05-04 14:26:41,309 [83059998-de51-48d1-9818-e6afe7fa3b6f-groupManagement] INFO  server.RaftServerConfigKeys (ConfUtils.java:logGet(46)) - raft.server.threadpool.server.cached = true (default)
2024-05-04 14:26:41,309 [83059998-de51-48d1-9818-e6afe7fa3b6f-groupManagement] INFO  server.RaftServerConfigKeys (ConfUtils.java:logGet(46)) - raft.server.threadpool.server.size = 0 (default)
2024-05-04 14:26:41,310 [83059998-de51-48d1-9818-e6afe7fa3b6f-groupManagement] INFO  server.RaftServerConfigKeys (ConfUtils.java:logGet(46)) - raft.server.threadpool.client.cached = true (default)
2024-05-04 14:26:41,310 [83059998-de51-48d1-9818-e6afe7fa3b6f-groupManagement] INFO  server.RaftServerConfigKeys (ConfUtils.java:logGet(46)) - raft.server.threadpool.client.size = 0 (default)
2024-05-04 14:26:41,310 [83059998-de51-48d1-9818-e6afe7fa3b6f-groupManagement] INFO  server.RaftServerConfigKeys (ConfUtils.java:logGet(46)) - raft.server.storage.free-space.min = 0MB (=0) (default)
2024-05-04 14:26:41,310 [83059998-de51-48d1-9818-e6afe7fa3b6f-groupManagement] INFO  server.RaftServerConfigKeys (ConfUtils.java:logGet(46)) - raft.server.log.corruption.policy = EXCEPTION (default)
2024-05-04 14:26:41,310 [83059998-de51-48d1-9818-e6afe7fa3b6f-groupManagement] INFO  server.RaftServerConfigKeys (ConfUtils.java:logGet(46)) - raft.server.storage.dir = [/home/runner/work/ozone/ozone/hadoop-ozone/integration-test/target/test-dir/MiniOzoneClusterImpl-7c905145-d891-4b2f-be71-50eb4aa8551e/ozone-meta/datanode-1/ratis] (custom)
2024-05-04 14:26:41,310 [83059998-de51-48d1-9818-e6afe7fa3b6f-groupManagement] INFO  storage.RaftStorageDirectory (RaftStorageDirectoryImpl.java:analyzeStorage(138)) - The storage directory /home/runner/work/ozone/ozone/hadoop-ozone/integration-test/target/test-dir/MiniOzoneClusterImpl-7c905145-d891-4b2f-be71-50eb4aa8551e/ozone-meta/datanode-1/ratis/58634f81-2263-4b6f-9c6a-d5ed0aa30690 does not exist. Creating ...
2024-05-04 14:26:41,311 [83059998-de51-48d1-9818-e6afe7fa3b6f-groupManagement] INFO  storage.RaftStorageDirectory (RaftStorageDirectoryImpl.java:tryLock(228)) - Lock on /home/runner/work/ozone/ozone/hadoop-ozone/integration-test/target/test-dir/MiniOzoneClusterImpl-7c905145-d891-4b2f-be71-50eb4aa8551e/ozone-meta/datanode-1/ratis/58634f81-2263-4b6f-9c6a-d5ed0aa30690/in_use.lock acquired by nodename 53612@fv-az1114-244
2024-05-04 14:26:41,312 [83059998-de51-48d1-9818-e6afe7fa3b6f-groupManagement] INFO  storage.RaftStorage (RaftStorageImpl.java:format(99)) - Storage directory /home/runner/work/ozone/ozone/hadoop-ozone/integration-test/target/test-dir/MiniOzoneClusterImpl-7c905145-d891-4b2f-be71-50eb4aa8551e/ozone-meta/datanode-1/ratis/58634f81-2263-4b6f-9c6a-d5ed0aa30690 has been successfully formatted.
2024-05-04 14:26:41,312 [83059998-de51-48d1-9818-e6afe7fa3b6f-groupManagement] WARN  util.FileUtils (LogUtils.java:supplyAndLog(63)) - Failed to Files.newInputStream /home/runner/work/ozone/ozone/hadoop-ozone/integration-test/target/test-dir/MiniOzoneClusterImpl-7c905145-d891-4b2f-be71-50eb4aa8551e/ozone-meta/datanode-1/ratis/58634f81-2263-4b6f-9c6a-d5ed0aa30690/current/raft-meta.conf with options []: java.nio.file.NoSuchFileException: /home/runner/work/ozone/ozone/hadoop-ozone/integration-test/target/test-dir/MiniOzoneClusterImpl-7c905145-d891-4b2f-be71-50eb4aa8551e/ozone-meta/datanode-1/ratis/58634f81-2263-4b6f-9c6a-d5ed0aa30690/current/raft-meta.conf
2024-05-04 14:26:41,312 [83059998-de51-48d1-9818-e6afe7fa3b6f-groupManagement] INFO  ratis.ContainerStateMachine (ContainerStateMachine.java:loadSnapshot(287)) - group-D5ED0AA30690: The snapshot info is null. Setting the last applied index to:(t:0, i:~)
2024-05-04 14:26:41,312 [83059998-de51-48d1-9818-e6afe7fa3b6f-groupManagement] INFO  server.RaftServerConfigKeys (ConfUtils.java:logGet(46)) - raft.server.log.use.memory = false (default)
2024-05-04 14:26:41,312 [83059998-de51-48d1-9818-e6afe7fa3b6f-groupManagement] INFO  server.RaftServerConfigKeys (ConfUtils.java:logGet(46)) - raft.server.log.purge.gap = 1000000 (custom)
2024-05-04 14:26:41,312 [83059998-de51-48d1-9818-e6afe7fa3b6f-groupManagement] INFO  server.RaftServerConfigKeys (ConfUtils.java:logGet(46)) - raft.server.log.appender.buffer.byte-limit = 8388608 (custom)
2024-05-04 14:26:41,313 [83059998-de51-48d1-9818-e6afe7fa3b6f-groupManagement] INFO  server.RaftServerConfigKeys (ConfUtils.java:logGet(46)) - raft.server.log.statemachine.data.read.timeout = 1000ms (default)
2024-05-04 14:26:41,313 [83059998-de51-48d1-9818-e6afe7fa3b6f-groupManagement] INFO  server.RaftServerConfigKeys (ConfUtils.java:logGet(46)) - raft.server.log.purge.preservation.log.num = 0 (default)
2024-05-04 14:26:41,314 [EventQueue-OpenPipelineForHealthyPipelineSafeModeRule] INFO  safemode.SCMSafeModeManager (HealthyPipelineSafeModeRule.java:process(140)) - SCM in safe mode. Healthy pipelines reported count is 0, required healthy pipeline reported count is 1
2024-05-04 14:26:41,314 [83059998-de51-48d1-9818-e6afe7fa3b6f-groupManagement] INFO  server.RaftServerConfigKeys (ConfUtils.java:logGet(46)) - raft.server.log.segment.size.max = 67108864 (custom)
2024-05-04 14:26:41,314 [83059998-de51-48d1-9818-e6afe7fa3b6f-groupManagement] INFO  server.RaftServerConfigKeys (ConfUtils.java:logGet(46)) - raft.server.log.segment.cache.num.max = 2 (custom)
2024-05-04 14:26:41,314 [83059998-de51-48d1-9818-e6afe7fa3b6f-groupManagement] INFO  server.RaftServerConfigKeys (ConfUtils.java:logGet(46)) - raft.server.log.segment.cache.size.max = 200MB (=209715200) (default)
2024-05-04 14:26:41,314 [83059998-de51-48d1-9818-e6afe7fa3b6f-groupManagement] INFO  server.RaftServerConfigKeys (ConfUtils.java:logGet(46)) - raft.server.log.appender.buffer.byte-limit = 8388608 (custom)
2024-05-04 14:26:41,315 [83059998-de51-48d1-9818-e6afe7fa3b6f-groupManagement] INFO  util.AwaitToRun (AwaitToRun.java:start(81)) - Thread[83059998-de51-48d1-9818-e6afe7fa3b6f@group-D5ED0AA30690-cacheEviction-AwaitToRun,5,main] started
2024-05-04 14:26:41,315 [83059998-de51-48d1-9818-e6afe7fa3b6f-groupManagement] INFO  segmented.SegmentedRaftLogWorker (SegmentedRaftLogWorker.java:<init>(182)) - new 83059998-de51-48d1-9818-e6afe7fa3b6f@group-D5ED0AA30690-SegmentedRaftLogWorker for RaftStorageImpl:Storage Directory /home/runner/work/ozone/ozone/hadoop-ozone/integration-test/target/test-dir/MiniOzoneClusterImpl-7c905145-d891-4b2f-be71-50eb4aa8551e/ozone-meta/datanode-1/ratis/58634f81-2263-4b6f-9c6a-d5ed0aa30690
2024-05-04 14:26:41,315 [83059998-de51-48d1-9818-e6afe7fa3b6f-groupManagement] INFO  server.RaftServerConfigKeys (ConfUtils.java:logGet(46)) - raft.server.log.queue.byte-limit = 4294967296 (custom)
2024-05-04 14:26:41,315 [83059998-de51-48d1-9818-e6afe7fa3b6f-groupManagement] INFO  server.RaftServerConfigKeys (ConfUtils.java:logGet(46)) - raft.server.log.queue.element-limit = 1024 (custom)
2024-05-04 14:26:41,315 [83059998-de51-48d1-9818-e6afe7fa3b6f-groupManagement] INFO  server.RaftServerConfigKeys (ConfUtils.java:logGet(46)) - raft.server.log.segment.size.max = 67108864 (custom)
2024-05-04 14:26:41,315 [83059998-de51-48d1-9818-e6afe7fa3b6f-groupManagement] INFO  server.RaftServerConfigKeys (ConfUtils.java:logGet(46)) - raft.server.log.preallocated.size = 4194304 (custom)
2024-05-04 14:26:41,315 [83059998-de51-48d1-9818-e6afe7fa3b6f-groupManagement] INFO  server.RaftServerConfigKeys (ConfUtils.java:logGet(46)) - raft.server.log.force.sync.num = 128 (default)
2024-05-04 14:26:41,315 [83059998-de51-48d1-9818-e6afe7fa3b6f-groupManagement] INFO  server.RaftServerConfigKeys (ConfUtils.java:logGet(46)) - raft.server.log.statemachine.data.sync = true (default)
2024-05-04 14:26:41,315 [83059998-de51-48d1-9818-e6afe7fa3b6f-groupManagement] INFO  server.RaftServerConfigKeys (ConfUtils.java:logGet(46)) - raft.server.log.statemachine.data.sync.timeout = 10s (default)
2024-05-04 14:26:41,315 [83059998-de51-48d1-9818-e6afe7fa3b6f-groupManagement] INFO  server.RaftServerConfigKeys (ConfUtils.java:logGet(46)) - raft.server.log.statemachine.data.sync.timeout.retry = 30 (custom)
2024-05-04 14:26:41,315 [83059998-de51-48d1-9818-e6afe7fa3b6f-groupManagement] INFO  server.RaftServerConfigKeys (ConfUtils.java:logGet(46)) - raft.server.log.write.buffer.size = 8388616 (custom)
2024-05-04 14:26:41,317 [83059998-de51-48d1-9818-e6afe7fa3b6f-groupManagement] INFO  server.RaftServerConfigKeys (ConfUtils.java:logGet(46)) - raft.server.log.appender.buffer.byte-limit = 8388608 (custom)
2024-05-04 14:26:41,317 [83059998-de51-48d1-9818-e6afe7fa3b6f-groupManagement] INFO  server.RaftServerConfigKeys (ConfUtils.java:logGet(46)) - raft.server.log.unsafe-flush.enabled = false (default)
2024-05-04 14:26:41,317 [83059998-de51-48d1-9818-e6afe7fa3b6f-groupManagement] INFO  server.RaftServerConfigKeys (ConfUtils.java:logGet(46)) - raft.server.log.async-flush.enabled = false (default)
2024-05-04 14:26:41,317 [83059998-de51-48d1-9818-e6afe7fa3b6f-groupManagement] INFO  server.RaftServerConfigKeys (ConfUtils.java:logGet(46)) - raft.server.log.statemachine.data.caching.enabled = true (custom)
2024-05-04 14:26:41,317 [83059998-de51-48d1-9818-e6afe7fa3b6f-groupManagement] INFO  segmented.SegmentedRaftLogWorker (SegmentedRaftLogWorker.java:lambda$new$0(134)) - 83059998-de51-48d1-9818-e6afe7fa3b6f@group-D5ED0AA30690-SegmentedRaftLogWorker: flushIndex: setUnconditionally 0 -> -1
2024-05-04 14:26:41,318 [83059998-de51-48d1-9818-e6afe7fa3b6f-groupManagement] INFO  segmented.SegmentedRaftLogWorker (SegmentedRaftLogWorker.java:lambda$new$0(134)) - 83059998-de51-48d1-9818-e6afe7fa3b6f@group-D5ED0AA30690-SegmentedRaftLogWorker: safeCacheEvictIndex: setUnconditionally 0 -> -1
2024-05-04 14:26:41,318 [83059998-de51-48d1-9818-e6afe7fa3b6f-groupManagement] INFO  server.RaftServer$Division (RaftServerImpl.java:start(396)) - 83059998-de51-48d1-9818-e6afe7fa3b6f@group-D5ED0AA30690: start as a follower, conf=-1: peers:[8808acf2-b901-482b-9182-8feecfa28384|127.0.0.1:15085, 9ec74834-1541-452c-921b-2d323393210f|127.0.0.1:15076, 83059998-de51-48d1-9818-e6afe7fa3b6f|127.0.0.1:15067]|listeners:[], old=null
2024-05-04 14:26:41,318 [83059998-de51-48d1-9818-e6afe7fa3b6f-groupManagement] INFO  server.RaftServer$Division (RaftServerImpl.java:setRole(383)) - 83059998-de51-48d1-9818-e6afe7fa3b6f@group-D5ED0AA30690: changes role from      null to FOLLOWER at term 0 for startAsFollower
2024-05-04 14:26:41,318 [83059998-de51-48d1-9818-e6afe7fa3b6f-groupManagement] INFO  impl.RoleInfo (RoleInfo.java:updateAndGet(139)) - 83059998-de51-48d1-9818-e6afe7fa3b6f: start 83059998-de51-48d1-9818-e6afe7fa3b6f@group-D5ED0AA30690-FollowerState
2024-05-04 14:26:41,318 [83059998-de51-48d1-9818-e6afe7fa3b6f-groupManagement] INFO  util.JmxRegister (JmxRegister.java:tryRegister(44)) - Successfully registered JMX Bean with object name Ratis:service=RaftServer,group=group-D5ED0AA30690,id=83059998-de51-48d1-9818-e6afe7fa3b6f
2024-05-04 14:26:41,318 [83059998-de51-48d1-9818-e6afe7fa3b6f-groupManagement] INFO  server.RaftServerConfigKeys (ConfUtils.java:logGet(46)) - raft.server.snapshot.trigger-when-stop.enabled = true (default)
2024-05-04 14:26:41,318 [83059998-de51-48d1-9818-e6afe7fa3b6f-groupManagement] INFO  server.RaftServerConfigKeys (ConfUtils.java:logGet(46)) - raft.server.snapshot.auto.trigger.enabled = true (custom)
2024-05-04 14:26:41,318 [83059998-de51-48d1-9818-e6afe7fa3b6f-groupManagement] INFO  server.RaftServerConfigKeys (ConfUtils.java:logGet(46)) - raft.server.snapshot.auto.trigger.threshold = 10000 (custom)
2024-05-04 14:26:41,318 [83059998-de51-48d1-9818-e6afe7fa3b6f-groupManagement] INFO  server.RaftServerConfigKeys (ConfUtils.java:logGet(46)) - raft.server.snapshot.retention.file.num = 5 (custom)
2024-05-04 14:26:41,318 [83059998-de51-48d1-9818-e6afe7fa3b6f-groupManagement] INFO  server.RaftServerConfigKeys (ConfUtils.java:logGet(46)) - raft.server.log.purge.upto.snapshot.index = false (default)
2024-05-04 14:26:41,318 [83059998-de51-48d1-9818-e6afe7fa3b6f@group-D5ED0AA30690-FollowerState] INFO  server.RaftServerConfigKeys (ConfUtils.java:logFallback(53)) - raft.server.rpc.first-election.timeout.min = 5s (fallback to raft.server.rpc.timeout.min)
2024-05-04 14:26:41,319 [83059998-de51-48d1-9818-e6afe7fa3b6f-PipelineCommandHandlerThread-0] INFO  ratis.XceiverServerRatis (XceiverServerRatis.java:addGroup(864)) - Created group PipelineID=58634f81-2263-4b6f-9c6a-d5ed0aa30690
2024-05-04 14:26:41,321 [83059998-de51-48d1-9818-e6afe7fa3b6f@group-D5ED0AA30690-FollowerState] INFO  server.RaftServerConfigKeys (ConfUtils.java:logFallback(53)) - raft.server.rpc.first-election.timeout.max = 5200ms (fallback to raft.server.rpc.timeout.max)
2024-05-04 14:26:41,327 [grpc-default-executor-0] INFO  server.RaftServer (RaftServerProxy.java:addNew(100)) - 9ec74834-1541-452c-921b-2d323393210f: addNew group-D5ED0AA30690:[8808acf2-b901-482b-9182-8feecfa28384|127.0.0.1:15085, 9ec74834-1541-452c-921b-2d323393210f|127.0.0.1:15076, 83059998-de51-48d1-9818-e6afe7fa3b6f|127.0.0.1:15067] returns group-D5ED0AA30690:java.util.concurrent.CompletableFuture@74fdd5a8[Not completed]
2024-05-04 14:26:41,328 [9ec74834-1541-452c-921b-2d323393210f-groupManagement] INFO  server.RaftServer$Division (RaftServerImpl.java:<init>(256)) - 9ec74834-1541-452c-921b-2d323393210f: new RaftServerImpl for group-D5ED0AA30690:[8808acf2-b901-482b-9182-8feecfa28384|127.0.0.1:15085, 9ec74834-1541-452c-921b-2d323393210f|127.0.0.1:15076, 83059998-de51-48d1-9818-e6afe7fa3b6f|127.0.0.1:15067] with ContainerStateMachine:uninitialized
2024-05-04 14:26:41,328 [9ec74834-1541-452c-921b-2d323393210f-groupManagement] INFO  server.RaftServerConfigKeys (ConfUtils.java:logGet(46)) - raft.server.rpc.timeout.min = 5s (custom)
2024-05-04 14:26:41,328 [9ec74834-1541-452c-921b-2d323393210f-groupManagement] INFO  server.RaftServerConfigKeys (ConfUtils.java:logGet(46)) - raft.server.rpc.timeout.max = 5200ms (custom)
2024-05-04 14:26:41,328 [9ec74834-1541-452c-921b-2d323393210f-groupManagement] INFO  server.RaftServerConfigKeys (ConfUtils.java:logGet(46)) - raft.server.rpc.sleep.time = 25ms (default)
2024-05-04 14:26:41,328 [9ec74834-1541-452c-921b-2d323393210f-groupManagement] INFO  server.RaftServerConfigKeys (ConfUtils.java:logGet(46)) - raft.server.rpc.slowness.timeout = 300000ms (custom)
2024-05-04 14:26:41,328 [9ec74834-1541-452c-921b-2d323393210f-groupManagement] INFO  server.RaftServerConfigKeys (ConfUtils.java:logGet(46)) - raft.server.leaderelection.leader.step-down.wait-time = 10s (default)
2024-05-04 14:26:41,328 [9ec74834-1541-452c-921b-2d323393210f-groupManagement] INFO  server.RaftServerConfigKeys (ConfUtils.java:logGet(46)) - raft.server.leaderelection.member.majority-add = false (default)
2024-05-04 14:26:41,328 [9ec74834-1541-452c-921b-2d323393210f-groupManagement] INFO  server.RaftServerConfigKeys (ConfUtils.java:logGet(46)) - raft.server.sleep.deviation.threshold = 300ms (default)
2024-05-04 14:26:41,328 [9ec74834-1541-452c-921b-2d323393210f-groupManagement] INFO  server.RaftServer$Division (ServerState.java:<init>(113)) - 9ec74834-1541-452c-921b-2d323393210f@group-D5ED0AA30690: ConfigurationManager, init=-1: peers:[8808acf2-b901-482b-9182-8feecfa28384|127.0.0.1:15085, 9ec74834-1541-452c-921b-2d323393210f|127.0.0.1:15076, 83059998-de51-48d1-9818-e6afe7fa3b6f|127.0.0.1:15067]|listeners:[], old=null, confs=<EMPTY_MAP>
2024-05-04 14:26:41,328 [9ec74834-1541-452c-921b-2d323393210f-groupManagement] INFO  server.RaftServerConfigKeys (ConfUtils.java:logGet(46)) - raft.server.notification.no-leader.timeout = 300000ms (custom)
2024-05-04 14:26:41,328 [9ec74834-1541-452c-921b-2d323393210f-groupManagement] INFO  server.RaftServerConfigKeys (ConfUtils.java:logGet(46)) - raft.server.read.timeout = 10s (default)
2024-05-04 14:26:41,328 [9ec74834-1541-452c-921b-2d323393210f-groupManagement] INFO  server.RaftServerConfigKeys (ConfUtils.java:logGet(46)) - raft.server.retrycache.expirytime = 600000ms (custom)
2024-05-04 14:26:41,328 [9ec74834-1541-452c-921b-2d323393210f-groupManagement] INFO  server.RaftServerConfigKeys (ConfUtils.java:logGet(46)) - raft.server.retrycache.statistics.expirytime = 100ms (default)
2024-05-04 14:26:41,328 [9ec74834-1541-452c-921b-2d323393210f-groupManagement] INFO  server.RaftServerConfigKeys (ConfUtils.java:logGet(46)) - raft.server.read.option = DEFAULT (default)
2024-05-04 14:26:41,328 [9ec74834-1541-452c-921b-2d323393210f-groupManagement] INFO  server.RaftServerConfigKeys (ConfUtils.java:logGet(46)) - raft.server.read.read-after-write-consistent.write-index-cache.expiry-time = 60s (default)
2024-05-04 14:26:41,331 [9ec74834-1541-452c-921b-2d323393210f-groupManagement] INFO  server.RaftServerConfigKeys (ConfUtils.java:logGet(46)) - raft.server.rpc.request.timeout = 3000ms (default)
2024-05-04 14:26:41,331 [9ec74834-1541-452c-921b-2d323393210f-groupManagement] INFO  server.RaftServerConfigKeys (ConfUtils.java:logGet(46)) - raft.server.log.appender.install.snapshot.enabled = false (custom)
2024-05-04 14:26:41,331 [9ec74834-1541-452c-921b-2d323393210f-groupManagement] INFO  server.RaftServerConfigKeys (ConfUtils.java:logGet(46)) - raft.server.threadpool.server.cached = true (default)
2024-05-04 14:26:41,331 [9ec74834-1541-452c-921b-2d323393210f-groupManagement] INFO  server.RaftServerConfigKeys (ConfUtils.java:logGet(46)) - raft.server.threadpool.server.size = 0 (default)
2024-05-04 14:26:41,331 [9ec74834-1541-452c-921b-2d323393210f-groupManagement] INFO  server.RaftServerConfigKeys (ConfUtils.java:logGet(46)) - raft.server.threadpool.client.cached = true (default)
2024-05-04 14:26:41,331 [9ec74834-1541-452c-921b-2d323393210f-groupManagement] INFO  server.RaftServerConfigKeys (ConfUtils.java:logGet(46)) - raft.server.threadpool.client.size = 0 (default)
2024-05-04 14:26:41,331 [9ec74834-1541-452c-921b-2d323393210f-groupManagement] INFO  server.RaftServerConfigKeys (ConfUtils.java:logGet(46)) - raft.server.storage.free-space.min = 0MB (=0) (default)
2024-05-04 14:26:41,332 [9ec74834-1541-452c-921b-2d323393210f-groupManagement] INFO  server.RaftServerConfigKeys (ConfUtils.java:logGet(46)) - raft.server.log.corruption.policy = EXCEPTION (default)
2024-05-04 14:26:41,332 [9ec74834-1541-452c-921b-2d323393210f-groupManagement] INFO  server.RaftServerConfigKeys (ConfUtils.java:logGet(46)) - raft.server.storage.dir = [/home/runner/work/ozone/ozone/hadoop-ozone/integration-test/target/test-dir/MiniOzoneClusterImpl-7c905145-d891-4b2f-be71-50eb4aa8551e/ozone-meta/datanode-2/ratis] (custom)
2024-05-04 14:26:41,332 [9ec74834-1541-452c-921b-2d323393210f-groupManagement] INFO  storage.RaftStorageDirectory (RaftStorageDirectoryImpl.java:analyzeStorage(138)) - The storage directory /home/runner/work/ozone/ozone/hadoop-ozone/integration-test/target/test-dir/MiniOzoneClusterImpl-7c905145-d891-4b2f-be71-50eb4aa8551e/ozone-meta/datanode-2/ratis/58634f81-2263-4b6f-9c6a-d5ed0aa30690 does not exist. Creating ...
2024-05-04 14:26:41,333 [9ec74834-1541-452c-921b-2d323393210f-groupManagement] INFO  storage.RaftStorageDirectory (RaftStorageDirectoryImpl.java:tryLock(228)) - Lock on /home/runner/work/ozone/ozone/hadoop-ozone/integration-test/target/test-dir/MiniOzoneClusterImpl-7c905145-d891-4b2f-be71-50eb4aa8551e/ozone-meta/datanode-2/ratis/58634f81-2263-4b6f-9c6a-d5ed0aa30690/in_use.lock acquired by nodename 53612@fv-az1114-244
2024-05-04 14:26:41,334 [9ec74834-1541-452c-921b-2d323393210f-groupManagement] INFO  storage.RaftStorage (RaftStorageImpl.java:format(99)) - Storage directory /home/runner/work/ozone/ozone/hadoop-ozone/integration-test/target/test-dir/MiniOzoneClusterImpl-7c905145-d891-4b2f-be71-50eb4aa8551e/ozone-meta/datanode-2/ratis/58634f81-2263-4b6f-9c6a-d5ed0aa30690 has been successfully formatted.
2024-05-04 14:26:41,334 [9ec74834-1541-452c-921b-2d323393210f-groupManagement] WARN  util.FileUtils (LogUtils.java:supplyAndLog(63)) - Failed to Files.newInputStream /home/runner/work/ozone/ozone/hadoop-ozone/integration-test/target/test-dir/MiniOzoneClusterImpl-7c905145-d891-4b2f-be71-50eb4aa8551e/ozone-meta/datanode-2/ratis/58634f81-2263-4b6f-9c6a-d5ed0aa30690/current/raft-meta.conf with options []: java.nio.file.NoSuchFileException: /home/runner/work/ozone/ozone/hadoop-ozone/integration-test/target/test-dir/MiniOzoneClusterImpl-7c905145-d891-4b2f-be71-50eb4aa8551e/ozone-meta/datanode-2/ratis/58634f81-2263-4b6f-9c6a-d5ed0aa30690/current/raft-meta.conf
2024-05-04 14:26:41,334 [9ec74834-1541-452c-921b-2d323393210f-groupManagement] INFO  ratis.ContainerStateMachine (ContainerStateMachine.java:loadSnapshot(287)) - group-D5ED0AA30690: The snapshot info is null. Setting the last applied index to:(t:0, i:~)
2024-05-04 14:26:41,334 [9ec74834-1541-452c-921b-2d323393210f-groupManagement] INFO  server.RaftServerConfigKeys (ConfUtils.java:logGet(46)) - raft.server.log.use.memory = false (default)
2024-05-04 14:26:41,334 [9ec74834-1541-452c-921b-2d323393210f-groupManagement] INFO  server.RaftServerConfigKeys (ConfUtils.java:logGet(46)) - raft.server.log.purge.gap = 1000000 (custom)
2024-05-04 14:26:41,334 [9ec74834-1541-452c-921b-2d323393210f-groupManagement] INFO  server.RaftServerConfigKeys (ConfUtils.java:logGet(46)) - raft.server.log.appender.buffer.byte-limit = 8388608 (custom)
2024-05-04 14:26:41,334 [9ec74834-1541-452c-921b-2d323393210f-groupManagement] INFO  server.RaftServerConfigKeys (ConfUtils.java:logGet(46)) - raft.server.log.statemachine.data.read.timeout = 1000ms (default)
2024-05-04 14:26:41,334 [9ec74834-1541-452c-921b-2d323393210f-groupManagement] INFO  server.RaftServerConfigKeys (ConfUtils.java:logGet(46)) - raft.server.log.purge.preservation.log.num = 0 (default)
2024-05-04 14:26:41,336 [9ec74834-1541-452c-921b-2d323393210f-groupManagement] INFO  server.RaftServerConfigKeys (ConfUtils.java:logGet(46)) - raft.server.log.segment.size.max = 67108864 (custom)
2024-05-04 14:26:41,336 [9ec74834-1541-452c-921b-2d323393210f-groupManagement] INFO  server.RaftServerConfigKeys (ConfUtils.java:logGet(46)) - raft.server.log.segment.cache.num.max = 2 (custom)
2024-05-04 14:26:41,336 [9ec74834-1541-452c-921b-2d323393210f-groupManagement] INFO  server.RaftServerConfigKeys (ConfUtils.java:logGet(46)) - raft.server.log.segment.cache.size.max = 200MB (=209715200) (default)
2024-05-04 14:26:41,336 [9ec74834-1541-452c-921b-2d323393210f-groupManagement] INFO  server.RaftServerConfigKeys (ConfUtils.java:logGet(46)) - raft.server.log.appender.buffer.byte-limit = 8388608 (custom)
2024-05-04 14:26:41,336 [9ec74834-1541-452c-921b-2d323393210f-groupManagement] INFO  util.AwaitToRun (AwaitToRun.java:start(81)) - Thread[9ec74834-1541-452c-921b-2d323393210f@group-D5ED0AA30690-cacheEviction-AwaitToRun,5,main] started
2024-05-04 14:26:41,336 [9ec74834-1541-452c-921b-2d323393210f-groupManagement] INFO  segmented.SegmentedRaftLogWorker (SegmentedRaftLogWorker.java:<init>(182)) - new 9ec74834-1541-452c-921b-2d323393210f@group-D5ED0AA30690-SegmentedRaftLogWorker for RaftStorageImpl:Storage Directory /home/runner/work/ozone/ozone/hadoop-ozone/integration-test/target/test-dir/MiniOzoneClusterImpl-7c905145-d891-4b2f-be71-50eb4aa8551e/ozone-meta/datanode-2/ratis/58634f81-2263-4b6f-9c6a-d5ed0aa30690
2024-05-04 14:26:41,336 [9ec74834-1541-452c-921b-2d323393210f-groupManagement] INFO  server.RaftServerConfigKeys (ConfUtils.java:logGet(46)) - raft.server.log.queue.byte-limit = 4294967296 (custom)
2024-05-04 14:26:41,336 [9ec74834-1541-452c-921b-2d323393210f-groupManagement] INFO  server.RaftServerConfigKeys (ConfUtils.java:logGet(46)) - raft.server.log.queue.element-limit = 1024 (custom)
2024-05-04 14:26:41,336 [9ec74834-1541-452c-921b-2d323393210f-groupManagement] INFO  server.RaftServerConfigKeys (ConfUtils.java:logGet(46)) - raft.server.log.segment.size.max = 67108864 (custom)
2024-05-04 14:26:41,336 [9ec74834-1541-452c-921b-2d323393210f-groupManagement] INFO  server.RaftServerConfigKeys (ConfUtils.java:logGet(46)) - raft.server.log.preallocated.size = 4194304 (custom)
2024-05-04 14:26:41,336 [9ec74834-1541-452c-921b-2d323393210f-groupManagement] INFO  server.RaftServerConfigKeys (ConfUtils.java:logGet(46)) - raft.server.log.force.sync.num = 128 (default)
2024-05-04 14:26:41,337 [9ec74834-1541-452c-921b-2d323393210f-groupManagement] INFO  server.RaftServerConfigKeys (ConfUtils.java:logGet(46)) - raft.server.log.statemachine.data.sync = true (default)
2024-05-04 14:26:41,337 [9ec74834-1541-452c-921b-2d323393210f-groupManagement] INFO  server.RaftServerConfigKeys (ConfUtils.java:logGet(46)) - raft.server.log.statemachine.data.sync.timeout = 10s (default)
2024-05-04 14:26:41,337 [9ec74834-1541-452c-921b-2d323393210f-groupManagement] INFO  server.RaftServerConfigKeys (ConfUtils.java:logGet(46)) - raft.server.log.statemachine.data.sync.timeout.retry = 30 (custom)
2024-05-04 14:26:41,337 [9ec74834-1541-452c-921b-2d323393210f-groupManagement] INFO  server.RaftServerConfigKeys (ConfUtils.java:logGet(46)) - raft.server.log.write.buffer.size = 8388616 (custom)
2024-05-04 14:26:41,338 [9ec74834-1541-452c-921b-2d323393210f-groupManagement] INFO  server.RaftServerConfigKeys (ConfUtils.java:logGet(46)) - raft.server.log.appender.buffer.byte-limit = 8388608 (custom)
2024-05-04 14:26:41,338 [9ec74834-1541-452c-921b-2d323393210f-groupManagement] INFO  server.RaftServerConfigKeys (ConfUtils.java:logGet(46)) - raft.server.log.unsafe-flush.enabled = false (default)
2024-05-04 14:26:41,338 [9ec74834-1541-452c-921b-2d323393210f-groupManagement] INFO  server.RaftServerConfigKeys (ConfUtils.java:logGet(46)) - raft.server.log.async-flush.enabled = false (default)
2024-05-04 14:26:41,338 [9ec74834-1541-452c-921b-2d323393210f-groupManagement] INFO  server.RaftServerConfigKeys (ConfUtils.java:logGet(46)) - raft.server.log.statemachine.data.caching.enabled = true (custom)
2024-05-04 14:26:41,339 [9ec74834-1541-452c-921b-2d323393210f-groupManagement] INFO  segmented.SegmentedRaftLogWorker (SegmentedRaftLogWorker.java:lambda$new$0(134)) - 9ec74834-1541-452c-921b-2d323393210f@group-D5ED0AA30690-SegmentedRaftLogWorker: flushIndex: setUnconditionally 0 -> -1
2024-05-04 14:26:41,339 [9ec74834-1541-452c-921b-2d323393210f-groupManagement] INFO  segmented.SegmentedRaftLogWorker (SegmentedRaftLogWorker.java:lambda$new$0(134)) - 9ec74834-1541-452c-921b-2d323393210f@group-D5ED0AA30690-SegmentedRaftLogWorker: safeCacheEvictIndex: setUnconditionally 0 -> -1
2024-05-04 14:26:41,339 [9ec74834-1541-452c-921b-2d323393210f-groupManagement] INFO  server.RaftServer$Division (RaftServerImpl.java:start(396)) - 9ec74834-1541-452c-921b-2d323393210f@group-D5ED0AA30690: start as a follower, conf=-1: peers:[8808acf2-b901-482b-9182-8feecfa28384|127.0.0.1:15085, 9ec74834-1541-452c-921b-2d323393210f|127.0.0.1:15076, 83059998-de51-48d1-9818-e6afe7fa3b6f|127.0.0.1:15067]|listeners:[], old=null
2024-05-04 14:26:41,339 [9ec74834-1541-452c-921b-2d323393210f-groupManagement] INFO  server.RaftServer$Division (RaftServerImpl.java:setRole(383)) - 9ec74834-1541-452c-921b-2d323393210f@group-D5ED0AA30690: changes role from      null to FOLLOWER at term 0 for startAsFollower
2024-05-04 14:26:41,339 [9ec74834-1541-452c-921b-2d323393210f-groupManagement] INFO  impl.RoleInfo (RoleInfo.java:updateAndGet(139)) - 9ec74834-1541-452c-921b-2d323393210f: start 9ec74834-1541-452c-921b-2d323393210f@group-D5ED0AA30690-FollowerState
2024-05-04 14:26:41,339 [9ec74834-1541-452c-921b-2d323393210f@group-D5ED0AA30690-FollowerState] INFO  server.RaftServerConfigKeys (ConfUtils.java:logFallback(53)) - raft.server.rpc.first-election.timeout.min = 5s (fallback to raft.server.rpc.timeout.min)
2024-05-04 14:26:41,339 [9ec74834-1541-452c-921b-2d323393210f-groupManagement] INFO  util.JmxRegister (JmxRegister.java:tryRegister(44)) - Successfully registered JMX Bean with object name Ratis:service=RaftServer,group=group-D5ED0AA30690,id=9ec74834-1541-452c-921b-2d323393210f
2024-05-04 14:26:41,339 [9ec74834-1541-452c-921b-2d323393210f@group-D5ED0AA30690-FollowerState] INFO  server.RaftServerConfigKeys (ConfUtils.java:logFallback(53)) - raft.server.rpc.first-election.timeout.max = 5200ms (fallback to raft.server.rpc.timeout.max)
2024-05-04 14:26:41,339 [9ec74834-1541-452c-921b-2d323393210f-groupManagement] INFO  server.RaftServerConfigKeys (ConfUtils.java:logGet(46)) - raft.server.snapshot.trigger-when-stop.enabled = true (default)
2024-05-04 14:26:41,340 [9ec74834-1541-452c-921b-2d323393210f-groupManagement] INFO  server.RaftServerConfigKeys (ConfUtils.java:logGet(46)) - raft.server.snapshot.auto.trigger.enabled = true (custom)
2024-05-04 14:26:41,340 [9ec74834-1541-452c-921b-2d323393210f-groupManagement] INFO  server.RaftServerConfigKeys (ConfUtils.java:logGet(46)) - raft.server.snapshot.auto.trigger.threshold = 10000 (custom)
2024-05-04 14:26:41,340 [9ec74834-1541-452c-921b-2d323393210f-groupManagement] INFO  server.RaftServerConfigKeys (ConfUtils.java:logGet(46)) - raft.server.snapshot.retention.file.num = 5 (custom)
2024-05-04 14:26:41,340 [9ec74834-1541-452c-921b-2d323393210f-groupManagement] INFO  server.RaftServerConfigKeys (ConfUtils.java:logGet(46)) - raft.server.log.purge.upto.snapshot.index = false (default)
2024-05-04 14:26:41,347 [9ec74834-1541-452c-921b-2d323393210f-PipelineCommandHandlerThread-0] INFO  server.RaftServer (RaftServerProxy.java:addNew(100)) - 9ec74834-1541-452c-921b-2d323393210f: addNew group-B539B67C8ED3:[9ec74834-1541-452c-921b-2d323393210f|127.0.0.1:15076] returns group-B539B67C8ED3:java.util.concurrent.CompletableFuture@6e630956[Not completed]
2024-05-04 14:26:41,348 [9ec74834-1541-452c-921b-2d323393210f-groupManagement] INFO  server.RaftServer$Division (RaftServerImpl.java:<init>(256)) - 9ec74834-1541-452c-921b-2d323393210f: new RaftServerImpl for group-B539B67C8ED3:[9ec74834-1541-452c-921b-2d323393210f|127.0.0.1:15076] with ContainerStateMachine:uninitialized
2024-05-04 14:26:41,348 [9ec74834-1541-452c-921b-2d323393210f-groupManagement] INFO  server.RaftServerConfigKeys (ConfUtils.java:logGet(46)) - raft.server.rpc.timeout.min = 5s (custom)
2024-05-04 14:26:41,348 [9ec74834-1541-452c-921b-2d323393210f-groupManagement] INFO  server.RaftServerConfigKeys (ConfUtils.java:logGet(46)) - raft.server.rpc.timeout.max = 5200ms (custom)
2024-05-04 14:26:41,348 [9ec74834-1541-452c-921b-2d323393210f-groupManagement] INFO  server.RaftServerConfigKeys (ConfUtils.java:logGet(46)) - raft.server.rpc.sleep.time = 25ms (default)
2024-05-04 14:26:41,348 [9ec74834-1541-452c-921b-2d323393210f-groupManagement] INFO  server.RaftServerConfigKeys (ConfUtils.java:logGet(46)) - raft.server.rpc.slowness.timeout = 300000ms (custom)
2024-05-04 14:26:41,348 [9ec74834-1541-452c-921b-2d323393210f-groupManagement] INFO  server.RaftServerConfigKeys (ConfUtils.java:logGet(46)) - raft.server.leaderelection.leader.step-down.wait-time = 10s (default)
2024-05-04 14:26:41,348 [9ec74834-1541-452c-921b-2d323393210f-groupManagement] INFO  server.RaftServerConfigKeys (ConfUtils.java:logGet(46)) - raft.server.leaderelection.member.majority-add = false (default)
2024-05-04 14:26:41,348 [9ec74834-1541-452c-921b-2d323393210f-groupManagement] INFO  server.RaftServerConfigKeys (ConfUtils.java:logGet(46)) - raft.server.sleep.deviation.threshold = 300ms (default)
2024-05-04 14:26:41,348 [9ec74834-1541-452c-921b-2d323393210f-groupManagement] INFO  server.RaftServer$Division (ServerState.java:<init>(113)) - 9ec74834-1541-452c-921b-2d323393210f@group-B539B67C8ED3: ConfigurationManager, init=-1: peers:[9ec74834-1541-452c-921b-2d323393210f|127.0.0.1:15076]|listeners:[], old=null, confs=<EMPTY_MAP>
2024-05-04 14:26:41,348 [9ec74834-1541-452c-921b-2d323393210f-groupManagement] INFO  server.RaftServerConfigKeys (ConfUtils.java:logGet(46)) - raft.server.notification.no-leader.timeout = 300000ms (custom)
2024-05-04 14:26:41,348 [9ec74834-1541-452c-921b-2d323393210f-groupManagement] INFO  server.RaftServerConfigKeys (ConfUtils.java:logGet(46)) - raft.server.read.timeout = 10s (default)
2024-05-04 14:26:41,349 [9ec74834-1541-452c-921b-2d323393210f-groupManagement] INFO  server.RaftServerConfigKeys (ConfUtils.java:logGet(46)) - raft.server.retrycache.expirytime = 600000ms (custom)
2024-05-04 14:26:41,349 [9ec74834-1541-452c-921b-2d323393210f-groupManagement] INFO  server.RaftServerConfigKeys (ConfUtils.java:logGet(46)) - raft.server.retrycache.statistics.expirytime = 100ms (default)
2024-05-04 14:26:41,349 [9ec74834-1541-452c-921b-2d323393210f-groupManagement] INFO  server.RaftServerConfigKeys (ConfUtils.java:logGet(46)) - raft.server.read.option = DEFAULT (default)
2024-05-04 14:26:41,349 [9ec74834-1541-452c-921b-2d323393210f-groupManagement] INFO  server.RaftServerConfigKeys (ConfUtils.java:logGet(46)) - raft.server.read.read-after-write-consistent.write-index-cache.expiry-time = 60s (default)
2024-05-04 14:26:41,351 [9ec74834-1541-452c-921b-2d323393210f-groupManagement] INFO  server.RaftServerConfigKeys (ConfUtils.java:logGet(46)) - raft.server.rpc.request.timeout = 3000ms (default)
2024-05-04 14:26:41,351 [9ec74834-1541-452c-921b-2d323393210f-groupManagement] INFO  server.RaftServerConfigKeys (ConfUtils.java:logGet(46)) - raft.server.log.appender.install.snapshot.enabled = false (custom)
2024-05-04 14:26:41,351 [9ec74834-1541-452c-921b-2d323393210f-groupManagement] INFO  server.RaftServerConfigKeys (ConfUtils.java:logGet(46)) - raft.server.threadpool.server.cached = true (default)
2024-05-04 14:26:41,351 [9ec74834-1541-452c-921b-2d323393210f-groupManagement] INFO  server.RaftServerConfigKeys (ConfUtils.java:logGet(46)) - raft.server.threadpool.server.size = 0 (default)
2024-05-04 14:26:41,351 [9ec74834-1541-452c-921b-2d323393210f-groupManagement] INFO  server.RaftServerConfigKeys (ConfUtils.java:logGet(46)) - raft.server.threadpool.client.cached = true (default)
2024-05-04 14:26:41,351 [9ec74834-1541-452c-921b-2d323393210f-groupManagement] INFO  server.RaftServerConfigKeys (ConfUtils.java:logGet(46)) - raft.server.threadpool.client.size = 0 (default)
2024-05-04 14:26:41,351 [9ec74834-1541-452c-921b-2d323393210f-groupManagement] INFO  server.RaftServerConfigKeys (ConfUtils.java:logGet(46)) - raft.server.storage.free-space.min = 0MB (=0) (default)
2024-05-04 14:26:41,351 [9ec74834-1541-452c-921b-2d323393210f-groupManagement] INFO  server.RaftServerConfigKeys (ConfUtils.java:logGet(46)) - raft.server.log.corruption.policy = EXCEPTION (default)
2024-05-04 14:26:41,351 [9ec74834-1541-452c-921b-2d323393210f-groupManagement] INFO  server.RaftServerConfigKeys (ConfUtils.java:logGet(46)) - raft.server.storage.dir = [/home/runner/work/ozone/ozone/hadoop-ozone/integration-test/target/test-dir/MiniOzoneClusterImpl-7c905145-d891-4b2f-be71-50eb4aa8551e/ozone-meta/datanode-2/ratis] (custom)
2024-05-04 14:26:41,352 [9ec74834-1541-452c-921b-2d323393210f-groupManagement] INFO  storage.RaftStorageDirectory (RaftStorageDirectoryImpl.java:analyzeStorage(138)) - The storage directory /home/runner/work/ozone/ozone/hadoop-ozone/integration-test/target/test-dir/MiniOzoneClusterImpl-7c905145-d891-4b2f-be71-50eb4aa8551e/ozone-meta/datanode-2/ratis/eb97d0b1-989d-45a5-adb9-b539b67c8ed3 does not exist. Creating ...
2024-05-04 14:26:41,352 [9ec74834-1541-452c-921b-2d323393210f-groupManagement] INFO  storage.RaftStorageDirectory (RaftStorageDirectoryImpl.java:tryLock(228)) - Lock on /home/runner/work/ozone/ozone/hadoop-ozone/integration-test/target/test-dir/MiniOzoneClusterImpl-7c905145-d891-4b2f-be71-50eb4aa8551e/ozone-meta/datanode-2/ratis/eb97d0b1-989d-45a5-adb9-b539b67c8ed3/in_use.lock acquired by nodename 53612@fv-az1114-244
2024-05-04 14:26:41,354 [9ec74834-1541-452c-921b-2d323393210f-groupManagement] INFO  storage.RaftStorage (RaftStorageImpl.java:format(99)) - Storage directory /home/runner/work/ozone/ozone/hadoop-ozone/integration-test/target/test-dir/MiniOzoneClusterImpl-7c905145-d891-4b2f-be71-50eb4aa8551e/ozone-meta/datanode-2/ratis/eb97d0b1-989d-45a5-adb9-b539b67c8ed3 has been successfully formatted.
2024-05-04 14:26:41,354 [9ec74834-1541-452c-921b-2d323393210f-groupManagement] WARN  util.FileUtils (LogUtils.java:supplyAndLog(63)) - Failed to Files.newInputStream /home/runner/work/ozone/ozone/hadoop-ozone/integration-test/target/test-dir/MiniOzoneClusterImpl-7c905145-d891-4b2f-be71-50eb4aa8551e/ozone-meta/datanode-2/ratis/eb97d0b1-989d-45a5-adb9-b539b67c8ed3/current/raft-meta.conf with options []: java.nio.file.NoSuchFileException: /home/runner/work/ozone/ozone/hadoop-ozone/integration-test/target/test-dir/MiniOzoneClusterImpl-7c905145-d891-4b2f-be71-50eb4aa8551e/ozone-meta/datanode-2/ratis/eb97d0b1-989d-45a5-adb9-b539b67c8ed3/current/raft-meta.conf
2024-05-04 14:26:41,355 [9ec74834-1541-452c-921b-2d323393210f-groupManagement] INFO  ratis.ContainerStateMachine (ContainerStateMachine.java:loadSnapshot(287)) - group-B539B67C8ED3: The snapshot info is null. Setting the last applied index to:(t:0, i:~)
2024-05-04 14:26:41,355 [9ec74834-1541-452c-921b-2d323393210f-groupManagement] INFO  server.RaftServerConfigKeys (ConfUtils.java:logGet(46)) - raft.server.log.use.memory = false (default)
2024-05-04 14:26:41,355 [9ec74834-1541-452c-921b-2d323393210f-groupManagement] INFO  server.RaftServerConfigKeys (ConfUtils.java:logGet(46)) - raft.server.log.purge.gap = 1000000 (custom)
2024-05-04 14:26:41,355 [9ec74834-1541-452c-921b-2d323393210f-groupManagement] INFO  server.RaftServerConfigKeys (ConfUtils.java:logGet(46)) - raft.server.log.appender.buffer.byte-limit = 8388608 (custom)
2024-05-04 14:26:41,355 [9ec74834-1541-452c-921b-2d323393210f-groupManagement] INFO  server.RaftServerConfigKeys (ConfUtils.java:logGet(46)) - raft.server.log.statemachine.data.read.timeout = 1000ms (default)
2024-05-04 14:26:41,355 [9ec74834-1541-452c-921b-2d323393210f-groupManagement] INFO  server.RaftServerConfigKeys (ConfUtils.java:logGet(46)) - raft.server.log.purge.preservation.log.num = 0 (default)
2024-05-04 14:26:41,356 [EventQueue-PipelineReportForPipelineReportHandler] INFO  pipeline.PipelineReportHandler (PipelineReportHandler.java:processPipelineReport(136)) - Opened pipeline PipelineID=eb97d0b1-989d-45a5-adb9-b539b67c8ed3
2024-05-04 14:26:41,356 [EventQueue-OpenPipelineForHealthyPipelineSafeModeRule] INFO  safemode.SCMSafeModeManager (HealthyPipelineSafeModeRule.java:process(140)) - SCM in safe mode. Healthy pipelines reported count is 0, required healthy pipeline reported count is 1
2024-05-04 14:26:41,356 [9ec74834-1541-452c-921b-2d323393210f-groupManagement] INFO  server.RaftServerConfigKeys (ConfUtils.java:logGet(46)) - raft.server.log.segment.size.max = 67108864 (custom)
2024-05-04 14:26:41,360 [9ec74834-1541-452c-921b-2d323393210f-groupManagement] INFO  server.RaftServerConfigKeys (ConfUtils.java:logGet(46)) - raft.server.log.segment.cache.num.max = 2 (custom)
2024-05-04 14:26:41,360 [9ec74834-1541-452c-921b-2d323393210f-groupManagement] INFO  server.RaftServerConfigKeys (ConfUtils.java:logGet(46)) - raft.server.log.segment.cache.size.max = 200MB (=209715200) (default)
2024-05-04 14:26:41,360 [9ec74834-1541-452c-921b-2d323393210f-groupManagement] INFO  server.RaftServerConfigKeys (ConfUtils.java:logGet(46)) - raft.server.log.appender.buffer.byte-limit = 8388608 (custom)
2024-05-04 14:26:41,360 [9ec74834-1541-452c-921b-2d323393210f-groupManagement] INFO  util.AwaitToRun (AwaitToRun.java:start(81)) - Thread[9ec74834-1541-452c-921b-2d323393210f@group-B539B67C8ED3-cacheEviction-AwaitToRun,5,main] started
2024-05-04 14:26:41,360 [9ec74834-1541-452c-921b-2d323393210f-groupManagement] INFO  segmented.SegmentedRaftLogWorker (SegmentedRaftLogWorker.java:<init>(182)) - new 9ec74834-1541-452c-921b-2d323393210f@group-B539B67C8ED3-SegmentedRaftLogWorker for RaftStorageImpl:Storage Directory /home/runner/work/ozone/ozone/hadoop-ozone/integration-test/target/test-dir/MiniOzoneClusterImpl-7c905145-d891-4b2f-be71-50eb4aa8551e/ozone-meta/datanode-2/ratis/eb97d0b1-989d-45a5-adb9-b539b67c8ed3
2024-05-04 14:26:41,360 [9ec74834-1541-452c-921b-2d323393210f-groupManagement] INFO  server.RaftServerConfigKeys (ConfUtils.java:logGet(46)) - raft.server.log.queue.byte-limit = 4294967296 (custom)
2024-05-04 14:26:41,360 [9ec74834-1541-452c-921b-2d323393210f-groupManagement] INFO  server.RaftServerConfigKeys (ConfUtils.java:logGet(46)) - raft.server.log.queue.element-limit = 1024 (custom)
2024-05-04 14:26:41,360 [9ec74834-1541-452c-921b-2d323393210f-groupManagement] INFO  server.RaftServerConfigKeys (ConfUtils.java:logGet(46)) - raft.server.log.segment.size.max = 67108864 (custom)
2024-05-04 14:26:41,360 [9ec74834-1541-452c-921b-2d323393210f-groupManagement] INFO  server.RaftServerConfigKeys (ConfUtils.java:logGet(46)) - raft.server.log.preallocated.size = 4194304 (custom)
2024-05-04 14:26:41,361 [9ec74834-1541-452c-921b-2d323393210f-groupManagement] INFO  server.RaftServerConfigKeys (ConfUtils.java:logGet(46)) - raft.server.log.force.sync.num = 128 (default)
2024-05-04 14:26:41,361 [9ec74834-1541-452c-921b-2d323393210f-groupManagement] INFO  server.RaftServerConfigKeys (ConfUtils.java:logGet(46)) - raft.server.log.statemachine.data.sync = true (default)
2024-05-04 14:26:41,361 [9ec74834-1541-452c-921b-2d323393210f-groupManagement] INFO  server.RaftServerConfigKeys (ConfUtils.java:logGet(46)) - raft.server.log.statemachine.data.sync.timeout = 10s (default)
2024-05-04 14:26:41,361 [9ec74834-1541-452c-921b-2d323393210f-groupManagement] INFO  server.RaftServerConfigKeys (ConfUtils.java:logGet(46)) - raft.server.log.statemachine.data.sync.timeout.retry = 30 (custom)
2024-05-04 14:26:41,361 [9ec74834-1541-452c-921b-2d323393210f-groupManagement] INFO  server.RaftServerConfigKeys (ConfUtils.java:logGet(46)) - raft.server.log.write.buffer.size = 8388616 (custom)
2024-05-04 14:26:41,363 [9ec74834-1541-452c-921b-2d323393210f-groupManagement] INFO  server.RaftServerConfigKeys (ConfUtils.java:logGet(46)) - raft.server.log.appender.buffer.byte-limit = 8388608 (custom)
2024-05-04 14:26:41,363 [9ec74834-1541-452c-921b-2d323393210f-groupManagement] INFO  server.RaftServerConfigKeys (ConfUtils.java:logGet(46)) - raft.server.log.unsafe-flush.enabled = false (default)
2024-05-04 14:26:41,363 [9ec74834-1541-452c-921b-2d323393210f-groupManagement] INFO  server.RaftServerConfigKeys (ConfUtils.java:logGet(46)) - raft.server.log.async-flush.enabled = false (default)
2024-05-04 14:26:41,363 [9ec74834-1541-452c-921b-2d323393210f-groupManagement] INFO  server.RaftServerConfigKeys (ConfUtils.java:logGet(46)) - raft.server.log.statemachine.data.caching.enabled = true (custom)
2024-05-04 14:26:41,363 [9ec74834-1541-452c-921b-2d323393210f-groupManagement] INFO  segmented.SegmentedRaftLogWorker (SegmentedRaftLogWorker.java:lambda$new$0(134)) - 9ec74834-1541-452c-921b-2d323393210f@group-B539B67C8ED3-SegmentedRaftLogWorker: flushIndex: setUnconditionally 0 -> -1
2024-05-04 14:26:41,363 [9ec74834-1541-452c-921b-2d323393210f-groupManagement] INFO  segmented.SegmentedRaftLogWorker (SegmentedRaftLogWorker.java:lambda$new$0(134)) - 9ec74834-1541-452c-921b-2d323393210f@group-B539B67C8ED3-SegmentedRaftLogWorker: safeCacheEvictIndex: setUnconditionally 0 -> -1
2024-05-04 14:26:41,363 [9ec74834-1541-452c-921b-2d323393210f-groupManagement] INFO  server.RaftServer$Division (RaftServerImpl.java:start(396)) - 9ec74834-1541-452c-921b-2d323393210f@group-B539B67C8ED3: start as a follower, conf=-1: peers:[9ec74834-1541-452c-921b-2d323393210f|127.0.0.1:15076]|listeners:[], old=null
2024-05-04 14:26:41,363 [9ec74834-1541-452c-921b-2d323393210f-groupManagement] INFO  server.RaftServer$Division (RaftServerImpl.java:setRole(383)) - 9ec74834-1541-452c-921b-2d323393210f@group-B539B67C8ED3: changes role from      null to FOLLOWER at term 0 for startAsFollower
2024-05-04 14:26:41,363 [9ec74834-1541-452c-921b-2d323393210f-groupManagement] INFO  impl.RoleInfo (RoleInfo.java:updateAndGet(139)) - 9ec74834-1541-452c-921b-2d323393210f: start 9ec74834-1541-452c-921b-2d323393210f@group-B539B67C8ED3-FollowerState
2024-05-04 14:26:41,364 [9ec74834-1541-452c-921b-2d323393210f@group-B539B67C8ED3-FollowerState] INFO  server.RaftServerConfigKeys (ConfUtils.java:logFallback(53)) - raft.server.rpc.first-election.timeout.min = 5s (fallback to raft.server.rpc.timeout.min)
2024-05-04 14:26:41,364 [9ec74834-1541-452c-921b-2d323393210f@group-B539B67C8ED3-FollowerState] INFO  server.RaftServerConfigKeys (ConfUtils.java:logFallback(53)) - raft.server.rpc.first-election.timeout.max = 5200ms (fallback to raft.server.rpc.timeout.max)
2024-05-04 14:26:41,364 [9ec74834-1541-452c-921b-2d323393210f-groupManagement] INFO  util.JmxRegister (JmxRegister.java:tryRegister(44)) - Successfully registered JMX Bean with object name Ratis:service=RaftServer,group=group-B539B67C8ED3,id=9ec74834-1541-452c-921b-2d323393210f
2024-05-04 14:26:41,364 [9ec74834-1541-452c-921b-2d323393210f-groupManagement] INFO  server.RaftServerConfigKeys (ConfUtils.java:logGet(46)) - raft.server.snapshot.trigger-when-stop.enabled = true (default)
2024-05-04 14:26:41,364 [9ec74834-1541-452c-921b-2d323393210f-groupManagement] INFO  server.RaftServerConfigKeys (ConfUtils.java:logGet(46)) - raft.server.snapshot.auto.trigger.enabled = true (custom)
2024-05-04 14:26:41,365 [9ec74834-1541-452c-921b-2d323393210f-groupManagement] INFO  server.RaftServerConfigKeys (ConfUtils.java:logGet(46)) - raft.server.snapshot.auto.trigger.threshold = 10000 (custom)
2024-05-04 14:26:41,365 [9ec74834-1541-452c-921b-2d323393210f-groupManagement] INFO  server.RaftServerConfigKeys (ConfUtils.java:logGet(46)) - raft.server.snapshot.retention.file.num = 5 (custom)
2024-05-04 14:26:41,365 [9ec74834-1541-452c-921b-2d323393210f-groupManagement] INFO  server.RaftServerConfigKeys (ConfUtils.java:logGet(46)) - raft.server.log.purge.upto.snapshot.index = false (default)
2024-05-04 14:26:41,369 [grpc-default-executor-0] INFO  server.RaftServer (RaftServerProxy.java:addNew(100)) - 8808acf2-b901-482b-9182-8feecfa28384: addNew group-D5ED0AA30690:[8808acf2-b901-482b-9182-8feecfa28384|127.0.0.1:15085, 9ec74834-1541-452c-921b-2d323393210f|127.0.0.1:15076, 83059998-de51-48d1-9818-e6afe7fa3b6f|127.0.0.1:15067] returns group-D5ED0AA30690:java.util.concurrent.CompletableFuture@795888b[Not completed]
2024-05-04 14:26:41,369 [9ec74834-1541-452c-921b-2d323393210f-PipelineCommandHandlerThread-0] INFO  ratis.XceiverServerRatis (XceiverServerRatis.java:addGroup(864)) - Created group PipelineID=eb97d0b1-989d-45a5-adb9-b539b67c8ed3
2024-05-04 14:26:41,369 [9ec74834-1541-452c-921b-2d323393210f-PipelineCommandHandlerThread-0] INFO  commandhandler.CreatePipelineCommandHandler (CreatePipelineCommandHandler.java:lambda$handle$2(124)) - Created Pipeline RATIS ONE PipelineID=eb97d0b1-989d-45a5-adb9-b539b67c8ed3.
2024-05-04 14:26:41,370 [9ec74834-1541-452c-921b-2d323393210f-PipelineCommandHandlerThread-0] INFO  server.RaftServer (RaftServerProxy.java:addNew(100)) - 9ec74834-1541-452c-921b-2d323393210f: addNew group-6025E5D5C1B1:[8808acf2-b901-482b-9182-8feecfa28384|127.0.0.1:15085, 9ec74834-1541-452c-921b-2d323393210f|127.0.0.1:15076, 83059998-de51-48d1-9818-e6afe7fa3b6f|127.0.0.1:15067] returns group-6025E5D5C1B1:java.util.concurrent.CompletableFuture@60a4eaea[Not completed]
2024-05-04 14:26:41,370 [9ec74834-1541-452c-921b-2d323393210f-groupManagement] INFO  server.RaftServer$Division (RaftServerImpl.java:<init>(256)) - 9ec74834-1541-452c-921b-2d323393210f: new RaftServerImpl for group-6025E5D5C1B1:[8808acf2-b901-482b-9182-8feecfa28384|127.0.0.1:15085, 9ec74834-1541-452c-921b-2d323393210f|127.0.0.1:15076, 83059998-de51-48d1-9818-e6afe7fa3b6f|127.0.0.1:15067] with ContainerStateMachine:uninitialized
2024-05-04 14:26:41,370 [9ec74834-1541-452c-921b-2d323393210f-groupManagement] INFO  server.RaftServerConfigKeys (ConfUtils.java:logGet(46)) - raft.server.rpc.timeout.min = 5s (custom)
2024-05-04 14:26:41,371 [9ec74834-1541-452c-921b-2d323393210f-groupManagement] INFO  server.RaftServerConfigKeys (ConfUtils.java:logGet(46)) - raft.server.rpc.timeout.max = 5200ms (custom)
2024-05-04 14:26:41,371 [9ec74834-1541-452c-921b-2d323393210f-groupManagement] INFO  server.RaftServerConfigKeys (ConfUtils.java:logGet(46)) - raft.server.rpc.sleep.time = 25ms (default)
2024-05-04 14:26:41,371 [9ec74834-1541-452c-921b-2d323393210f-groupManagement] INFO  server.RaftServerConfigKeys (ConfUtils.java:logGet(46)) - raft.server.rpc.slowness.timeout = 300000ms (custom)
2024-05-04 14:26:41,371 [9ec74834-1541-452c-921b-2d323393210f-groupManagement] INFO  server.RaftServerConfigKeys (ConfUtils.java:logGet(46)) - raft.server.leaderelection.leader.step-down.wait-time = 10s (default)
2024-05-04 14:26:41,371 [9ec74834-1541-452c-921b-2d323393210f-groupManagement] INFO  server.RaftServerConfigKeys (ConfUtils.java:logGet(46)) - raft.server.leaderelection.member.majority-add = false (default)
2024-05-04 14:26:41,371 [9ec74834-1541-452c-921b-2d323393210f-groupManagement] INFO  server.RaftServerConfigKeys (ConfUtils.java:logGet(46)) - raft.server.sleep.deviation.threshold = 300ms (default)
2024-05-04 14:26:41,371 [9ec74834-1541-452c-921b-2d323393210f-groupManagement] INFO  server.RaftServer$Division (ServerState.java:<init>(113)) - 9ec74834-1541-452c-921b-2d323393210f@group-6025E5D5C1B1: ConfigurationManager, init=-1: peers:[8808acf2-b901-482b-9182-8feecfa28384|127.0.0.1:15085, 9ec74834-1541-452c-921b-2d323393210f|127.0.0.1:15076, 83059998-de51-48d1-9818-e6afe7fa3b6f|127.0.0.1:15067]|listeners:[], old=null, confs=<EMPTY_MAP>
2024-05-04 14:26:41,371 [9ec74834-1541-452c-921b-2d323393210f-groupManagement] INFO  server.RaftServerConfigKeys (ConfUtils.java:logGet(46)) - raft.server.notification.no-leader.timeout = 300000ms (custom)
2024-05-04 14:26:41,371 [9ec74834-1541-452c-921b-2d323393210f-groupManagement] INFO  server.RaftServerConfigKeys (ConfUtils.java:logGet(46)) - raft.server.read.timeout = 10s (default)
2024-05-04 14:26:41,371 [9ec74834-1541-452c-921b-2d323393210f-groupManagement] INFO  server.RaftServerConfigKeys (ConfUtils.java:logGet(46)) - raft.server.retrycache.expirytime = 600000ms (custom)
2024-05-04 14:26:41,371 [9ec74834-1541-452c-921b-2d323393210f-groupManagement] INFO  server.RaftServerConfigKeys (ConfUtils.java:logGet(46)) - raft.server.retrycache.statistics.expirytime = 100ms (default)
2024-05-04 14:26:41,371 [9ec74834-1541-452c-921b-2d323393210f-groupManagement] INFO  server.RaftServerConfigKeys (ConfUtils.java:logGet(46)) - raft.server.read.option = DEFAULT (default)
2024-05-04 14:26:41,371 [9ec74834-1541-452c-921b-2d323393210f-groupManagement] INFO  server.RaftServerConfigKeys (ConfUtils.java:logGet(46)) - raft.server.read.read-after-write-consistent.write-index-cache.expiry-time = 60s (default)
2024-05-04 14:26:41,373 [9ec74834-1541-452c-921b-2d323393210f-groupManagement] INFO  server.RaftServerConfigKeys (ConfUtils.java:logGet(46)) - raft.server.rpc.request.timeout = 3000ms (default)
2024-05-04 14:26:41,373 [9ec74834-1541-452c-921b-2d323393210f-groupManagement] INFO  server.RaftServerConfigKeys (ConfUtils.java:logGet(46)) - raft.server.log.appender.install.snapshot.enabled = false (custom)
2024-05-04 14:26:41,373 [9ec74834-1541-452c-921b-2d323393210f-groupManagement] INFO  server.RaftServerConfigKeys (ConfUtils.java:logGet(46)) - raft.server.threadpool.server.cached = true (default)
2024-05-04 14:26:41,373 [9ec74834-1541-452c-921b-2d323393210f-groupManagement] INFO  server.RaftServerConfigKeys (ConfUtils.java:logGet(46)) - raft.server.threadpool.server.size = 0 (default)
2024-05-04 14:26:41,373 [9ec74834-1541-452c-921b-2d323393210f-groupManagement] INFO  server.RaftServerConfigKeys (ConfUtils.java:logGet(46)) - raft.server.threadpool.client.cached = true (default)
2024-05-04 14:26:41,373 [9ec74834-1541-452c-921b-2d323393210f-groupManagement] INFO  server.RaftServerConfigKeys (ConfUtils.java:logGet(46)) - raft.server.threadpool.client.size = 0 (default)
2024-05-04 14:26:41,373 [9ec74834-1541-452c-921b-2d323393210f-groupManagement] INFO  server.RaftServerConfigKeys (ConfUtils.java:logGet(46)) - raft.server.storage.free-space.min = 0MB (=0) (default)
2024-05-04 14:26:41,373 [9ec74834-1541-452c-921b-2d323393210f-groupManagement] INFO  server.RaftServerConfigKeys (ConfUtils.java:logGet(46)) - raft.server.log.corruption.policy = EXCEPTION (default)
2024-05-04 14:26:41,373 [9ec74834-1541-452c-921b-2d323393210f-groupManagement] INFO  server.RaftServerConfigKeys (ConfUtils.java:logGet(46)) - raft.server.storage.dir = [/home/runner/work/ozone/ozone/hadoop-ozone/integration-test/target/test-dir/MiniOzoneClusterImpl-7c905145-d891-4b2f-be71-50eb4aa8551e/ozone-meta/datanode-2/ratis] (custom)
2024-05-04 14:26:41,374 [9ec74834-1541-452c-921b-2d323393210f-groupManagement] INFO  storage.RaftStorageDirectory (RaftStorageDirectoryImpl.java:analyzeStorage(138)) - The storage directory /home/runner/work/ozone/ozone/hadoop-ozone/integration-test/target/test-dir/MiniOzoneClusterImpl-7c905145-d891-4b2f-be71-50eb4aa8551e/ozone-meta/datanode-2/ratis/662b2c8d-8f14-41d3-87b4-6025e5d5c1b1 does not exist. Creating ...
2024-05-04 14:26:41,371 [8808acf2-b901-482b-9182-8feecfa28384-groupManagement] INFO  server.RaftServer$Division (RaftServerImpl.java:<init>(256)) - 8808acf2-b901-482b-9182-8feecfa28384: new RaftServerImpl for group-D5ED0AA30690:[8808acf2-b901-482b-9182-8feecfa28384|127.0.0.1:15085, 9ec74834-1541-452c-921b-2d323393210f|127.0.0.1:15076, 83059998-de51-48d1-9818-e6afe7fa3b6f|127.0.0.1:15067] with ContainerStateMachine:uninitialized
2024-05-04 14:26:41,374 [8808acf2-b901-482b-9182-8feecfa28384-groupManagement] INFO  server.RaftServerConfigKeys (ConfUtils.java:logGet(46)) - raft.server.rpc.timeout.min = 5s (custom)
2024-05-04 14:26:41,374 [8808acf2-b901-482b-9182-8feecfa28384-groupManagement] INFO  server.RaftServerConfigKeys (ConfUtils.java:logGet(46)) - raft.server.rpc.timeout.max = 5200ms (custom)
2024-05-04 14:26:41,374 [8808acf2-b901-482b-9182-8feecfa28384-groupManagement] INFO  server.RaftServerConfigKeys (ConfUtils.java:logGet(46)) - raft.server.rpc.sleep.time = 25ms (default)
2024-05-04 14:26:41,374 [8808acf2-b901-482b-9182-8feecfa28384-groupManagement] INFO  server.RaftServerConfigKeys (ConfUtils.java:logGet(46)) - raft.server.rpc.slowness.timeout = 300000ms (custom)
2024-05-04 14:26:41,374 [8808acf2-b901-482b-9182-8feecfa28384-groupManagement] INFO  server.RaftServerConfigKeys (ConfUtils.java:logGet(46)) - raft.server.leaderelection.leader.step-down.wait-time = 10s (default)
2024-05-04 14:26:41,374 [8808acf2-b901-482b-9182-8feecfa28384-groupManagement] INFO  server.RaftServerConfigKeys (ConfUtils.java:logGet(46)) - raft.server.leaderelection.member.majority-add = false (default)
2024-05-04 14:26:41,374 [8808acf2-b901-482b-9182-8feecfa28384-groupManagement] INFO  server.RaftServerConfigKeys (ConfUtils.java:logGet(46)) - raft.server.sleep.deviation.threshold = 300ms (default)
2024-05-04 14:26:41,374 [8808acf2-b901-482b-9182-8feecfa28384-groupManagement] INFO  server.RaftServer$Division (ServerState.java:<init>(113)) - 8808acf2-b901-482b-9182-8feecfa28384@group-D5ED0AA30690: ConfigurationManager, init=-1: peers:[8808acf2-b901-482b-9182-8feecfa28384|127.0.0.1:15085, 9ec74834-1541-452c-921b-2d323393210f|127.0.0.1:15076, 83059998-de51-48d1-9818-e6afe7fa3b6f|127.0.0.1:15067]|listeners:[], old=null, confs=<EMPTY_MAP>
2024-05-04 14:26:41,374 [8808acf2-b901-482b-9182-8feecfa28384-groupManagement] INFO  server.RaftServerConfigKeys (ConfUtils.java:logGet(46)) - raft.server.notification.no-leader.timeout = 300000ms (custom)
2024-05-04 14:26:41,374 [8808acf2-b901-482b-9182-8feecfa28384-groupManagement] INFO  server.RaftServerConfigKeys (ConfUtils.java:logGet(46)) - raft.server.read.timeout = 10s (default)
2024-05-04 14:26:41,374 [8808acf2-b901-482b-9182-8feecfa28384-groupManagement] INFO  server.RaftServerConfigKeys (ConfUtils.java:logGet(46)) - raft.server.retrycache.expirytime = 600000ms (custom)
2024-05-04 14:26:41,374 [8808acf2-b901-482b-9182-8feecfa28384-groupManagement] INFO  server.RaftServerConfigKeys (ConfUtils.java:logGet(46)) - raft.server.retrycache.statistics.expirytime = 100ms (default)
2024-05-04 14:26:41,375 [8808acf2-b901-482b-9182-8feecfa28384-groupManagement] INFO  server.RaftServerConfigKeys (ConfUtils.java:logGet(46)) - raft.server.read.option = DEFAULT (default)
2024-05-04 14:26:41,375 [8808acf2-b901-482b-9182-8feecfa28384-groupManagement] INFO  server.RaftServerConfigKeys (ConfUtils.java:logGet(46)) - raft.server.read.read-after-write-consistent.write-index-cache.expiry-time = 60s (default)
2024-05-04 14:26:41,376 [8808acf2-b901-482b-9182-8feecfa28384-groupManagement] INFO  server.RaftServerConfigKeys (ConfUtils.java:logGet(46)) - raft.server.rpc.request.timeout = 3000ms (default)
2024-05-04 14:26:41,376 [8808acf2-b901-482b-9182-8feecfa28384-groupManagement] INFO  server.RaftServerConfigKeys (ConfUtils.java:logGet(46)) - raft.server.log.appender.install.snapshot.enabled = false (custom)
2024-05-04 14:26:41,376 [8808acf2-b901-482b-9182-8feecfa28384-groupManagement] INFO  server.RaftServerConfigKeys (ConfUtils.java:logGet(46)) - raft.server.threadpool.server.cached = true (default)
2024-05-04 14:26:41,376 [8808acf2-b901-482b-9182-8feecfa28384-groupManagement] INFO  server.RaftServerConfigKeys (ConfUtils.java:logGet(46)) - raft.server.threadpool.server.size = 0 (default)
2024-05-04 14:26:41,376 [8808acf2-b901-482b-9182-8feecfa28384-groupManagement] INFO  server.RaftServerConfigKeys (ConfUtils.java:logGet(46)) - raft.server.threadpool.client.cached = true (default)
2024-05-04 14:26:41,376 [8808acf2-b901-482b-9182-8feecfa28384-groupManagement] INFO  server.RaftServerConfigKeys (ConfUtils.java:logGet(46)) - raft.server.threadpool.client.size = 0 (default)
2024-05-04 14:26:41,376 [8808acf2-b901-482b-9182-8feecfa28384-groupManagement] INFO  server.RaftServerConfigKeys (ConfUtils.java:logGet(46)) - raft.server.storage.free-space.min = 0MB (=0) (default)
2024-05-04 14:26:41,377 [8808acf2-b901-482b-9182-8feecfa28384-groupManagement] INFO  server.RaftServerConfigKeys (ConfUtils.java:logGet(46)) - raft.server.log.corruption.policy = EXCEPTION (default)
2024-05-04 14:26:41,377 [8808acf2-b901-482b-9182-8feecfa28384-groupManagement] INFO  server.RaftServerConfigKeys (ConfUtils.java:logGet(46)) - raft.server.storage.dir = [/home/runner/work/ozone/ozone/hadoop-ozone/integration-test/target/test-dir/MiniOzoneClusterImpl-7c905145-d891-4b2f-be71-50eb4aa8551e/ozone-meta/datanode-3/ratis] (custom)
2024-05-04 14:26:41,377 [8808acf2-b901-482b-9182-8feecfa28384-groupManagement] INFO  storage.RaftStorageDirectory (RaftStorageDirectoryImpl.java:analyzeStorage(138)) - The storage directory /home/runner/work/ozone/ozone/hadoop-ozone/integration-test/target/test-dir/MiniOzoneClusterImpl-7c905145-d891-4b2f-be71-50eb4aa8551e/ozone-meta/datanode-3/ratis/58634f81-2263-4b6f-9c6a-d5ed0aa30690 does not exist. Creating ...
2024-05-04 14:26:41,377 [9ec74834-1541-452c-921b-2d323393210f-groupManagement] INFO  storage.RaftStorageDirectory (RaftStorageDirectoryImpl.java:tryLock(228)) - Lock on /home/runner/work/ozone/ozone/hadoop-ozone/integration-test/target/test-dir/MiniOzoneClusterImpl-7c905145-d891-4b2f-be71-50eb4aa8551e/ozone-meta/datanode-2/ratis/662b2c8d-8f14-41d3-87b4-6025e5d5c1b1/in_use.lock acquired by nodename 53612@fv-az1114-244
2024-05-04 14:26:41,378 [8808acf2-b901-482b-9182-8feecfa28384-groupManagement] INFO  storage.RaftStorageDirectory (RaftStorageDirectoryImpl.java:tryLock(228)) - Lock on /home/runner/work/ozone/ozone/hadoop-ozone/integration-test/target/test-dir/MiniOzoneClusterImpl-7c905145-d891-4b2f-be71-50eb4aa8551e/ozone-meta/datanode-3/ratis/58634f81-2263-4b6f-9c6a-d5ed0aa30690/in_use.lock acquired by nodename 53612@fv-az1114-244
2024-05-04 14:26:41,378 [9ec74834-1541-452c-921b-2d323393210f-groupManagement] INFO  storage.RaftStorage (RaftStorageImpl.java:format(99)) - Storage directory /home/runner/work/ozone/ozone/hadoop-ozone/integration-test/target/test-dir/MiniOzoneClusterImpl-7c905145-d891-4b2f-be71-50eb4aa8551e/ozone-meta/datanode-2/ratis/662b2c8d-8f14-41d3-87b4-6025e5d5c1b1 has been successfully formatted.
2024-05-04 14:26:41,378 [9ec74834-1541-452c-921b-2d323393210f-groupManagement] WARN  util.FileUtils (LogUtils.java:supplyAndLog(63)) - Failed to Files.newInputStream /home/runner/work/ozone/ozone/hadoop-ozone/integration-test/target/test-dir/MiniOzoneClusterImpl-7c905145-d891-4b2f-be71-50eb4aa8551e/ozone-meta/datanode-2/ratis/662b2c8d-8f14-41d3-87b4-6025e5d5c1b1/current/raft-meta.conf with options []: java.nio.file.NoSuchFileException: /home/runner/work/ozone/ozone/hadoop-ozone/integration-test/target/test-dir/MiniOzoneClusterImpl-7c905145-d891-4b2f-be71-50eb4aa8551e/ozone-meta/datanode-2/ratis/662b2c8d-8f14-41d3-87b4-6025e5d5c1b1/current/raft-meta.conf
2024-05-04 14:26:41,379 [9ec74834-1541-452c-921b-2d323393210f-groupManagement] INFO  ratis.ContainerStateMachine (ContainerStateMachine.java:loadSnapshot(287)) - group-6025E5D5C1B1: The snapshot info is null. Setting the last applied index to:(t:0, i:~)
2024-05-04 14:26:41,379 [9ec74834-1541-452c-921b-2d323393210f-groupManagement] INFO  server.RaftServerConfigKeys (ConfUtils.java:logGet(46)) - raft.server.log.use.memory = false (default)
2024-05-04 14:26:41,379 [9ec74834-1541-452c-921b-2d323393210f-groupManagement] INFO  server.RaftServerConfigKeys (ConfUtils.java:logGet(46)) - raft.server.log.purge.gap = 1000000 (custom)
2024-05-04 14:26:41,379 [9ec74834-1541-452c-921b-2d323393210f-groupManagement] INFO  server.RaftServerConfigKeys (ConfUtils.java:logGet(46)) - raft.server.log.appender.buffer.byte-limit = 8388608 (custom)
2024-05-04 14:26:41,379 [9ec74834-1541-452c-921b-2d323393210f-groupManagement] INFO  server.RaftServerConfigKeys (ConfUtils.java:logGet(46)) - raft.server.log.statemachine.data.read.timeout = 1000ms (default)
2024-05-04 14:26:41,379 [9ec74834-1541-452c-921b-2d323393210f-groupManagement] INFO  server.RaftServerConfigKeys (ConfUtils.java:logGet(46)) - raft.server.log.purge.preservation.log.num = 0 (default)
2024-05-04 14:26:41,380 [9ec74834-1541-452c-921b-2d323393210f-groupManagement] INFO  server.RaftServerConfigKeys (ConfUtils.java:logGet(46)) - raft.server.log.segment.size.max = 67108864 (custom)
2024-05-04 14:26:41,380 [EventQueue-OpenPipelineForHealthyPipelineSafeModeRule] INFO  safemode.SCMSafeModeManager (HealthyPipelineSafeModeRule.java:process(140)) - SCM in safe mode. Healthy pipelines reported count is 0, required healthy pipeline reported count is 1
2024-05-04 14:26:41,381 [9ec74834-1541-452c-921b-2d323393210f-groupManagement] INFO  server.RaftServerConfigKeys (ConfUtils.java:logGet(46)) - raft.server.log.segment.cache.num.max = 2 (custom)
2024-05-04 14:26:41,381 [9ec74834-1541-452c-921b-2d323393210f-groupManagement] INFO  server.RaftServerConfigKeys (ConfUtils.java:logGet(46)) - raft.server.log.segment.cache.size.max = 200MB (=209715200) (default)
2024-05-04 14:26:41,381 [9ec74834-1541-452c-921b-2d323393210f-groupManagement] INFO  server.RaftServerConfigKeys (ConfUtils.java:logGet(46)) - raft.server.log.appender.buffer.byte-limit = 8388608 (custom)
2024-05-04 14:26:41,381 [9ec74834-1541-452c-921b-2d323393210f-groupManagement] INFO  util.AwaitToRun (AwaitToRun.java:start(81)) - Thread[9ec74834-1541-452c-921b-2d323393210f@group-6025E5D5C1B1-cacheEviction-AwaitToRun,5,main] started
2024-05-04 14:26:41,381 [9ec74834-1541-452c-921b-2d323393210f-groupManagement] INFO  segmented.SegmentedRaftLogWorker (SegmentedRaftLogWorker.java:<init>(182)) - new 9ec74834-1541-452c-921b-2d323393210f@group-6025E5D5C1B1-SegmentedRaftLogWorker for RaftStorageImpl:Storage Directory /home/runner/work/ozone/ozone/hadoop-ozone/integration-test/target/test-dir/MiniOzoneClusterImpl-7c905145-d891-4b2f-be71-50eb4aa8551e/ozone-meta/datanode-2/ratis/662b2c8d-8f14-41d3-87b4-6025e5d5c1b1
2024-05-04 14:26:41,381 [9ec74834-1541-452c-921b-2d323393210f-groupManagement] INFO  server.RaftServerConfigKeys (ConfUtils.java:logGet(46)) - raft.server.log.queue.byte-limit = 4294967296 (custom)
2024-05-04 14:26:41,381 [9ec74834-1541-452c-921b-2d323393210f-groupManagement] INFO  server.RaftServerConfigKeys (ConfUtils.java:logGet(46)) - raft.server.log.queue.element-limit = 1024 (custom)
2024-05-04 14:26:41,382 [9ec74834-1541-452c-921b-2d323393210f-groupManagement] INFO  server.RaftServerConfigKeys (ConfUtils.java:logGet(46)) - raft.server.log.segment.size.max = 67108864 (custom)
2024-05-04 14:26:41,382 [9ec74834-1541-452c-921b-2d323393210f-groupManagement] INFO  server.RaftServerConfigKeys (ConfUtils.java:logGet(46)) - raft.server.log.preallocated.size = 4194304 (custom)
2024-05-04 14:26:41,382 [9ec74834-1541-452c-921b-2d323393210f-groupManagement] INFO  server.RaftServerConfigKeys (ConfUtils.java:logGet(46)) - raft.server.log.force.sync.num = 128 (default)
2024-05-04 14:26:41,382 [9ec74834-1541-452c-921b-2d323393210f-groupManagement] INFO  server.RaftServerConfigKeys (ConfUtils.java:logGet(46)) - raft.server.log.statemachine.data.sync = true (default)
2024-05-04 14:26:41,382 [9ec74834-1541-452c-921b-2d323393210f-groupManagement] INFO  server.RaftServerConfigKeys (ConfUtils.java:logGet(46)) - raft.server.log.statemachine.data.sync.timeout = 10s (default)
2024-05-04 14:26:41,382 [9ec74834-1541-452c-921b-2d323393210f-groupManagement] INFO  server.RaftServerConfigKeys (ConfUtils.java:logGet(46)) - raft.server.log.statemachine.data.sync.timeout.retry = 30 (custom)
2024-05-04 14:26:41,382 [9ec74834-1541-452c-921b-2d323393210f-groupManagement] INFO  server.RaftServerConfigKeys (ConfUtils.java:logGet(46)) - raft.server.log.write.buffer.size = 8388616 (custom)
2024-05-04 14:26:41,383 [8808acf2-b901-482b-9182-8feecfa28384-groupManagement] INFO  storage.RaftStorage (RaftStorageImpl.java:format(99)) - Storage directory /home/runner/work/ozone/ozone/hadoop-ozone/integration-test/target/test-dir/MiniOzoneClusterImpl-7c905145-d891-4b2f-be71-50eb4aa8551e/ozone-meta/datanode-3/ratis/58634f81-2263-4b6f-9c6a-d5ed0aa30690 has been successfully formatted.
2024-05-04 14:26:41,383 [8808acf2-b901-482b-9182-8feecfa28384-groupManagement] WARN  util.FileUtils (LogUtils.java:supplyAndLog(63)) - Failed to Files.newInputStream /home/runner/work/ozone/ozone/hadoop-ozone/integration-test/target/test-dir/MiniOzoneClusterImpl-7c905145-d891-4b2f-be71-50eb4aa8551e/ozone-meta/datanode-3/ratis/58634f81-2263-4b6f-9c6a-d5ed0aa30690/current/raft-meta.conf with options []: java.nio.file.NoSuchFileException: /home/runner/work/ozone/ozone/hadoop-ozone/integration-test/target/test-dir/MiniOzoneClusterImpl-7c905145-d891-4b2f-be71-50eb4aa8551e/ozone-meta/datanode-3/ratis/58634f81-2263-4b6f-9c6a-d5ed0aa30690/current/raft-meta.conf
2024-05-04 14:26:41,384 [8808acf2-b901-482b-9182-8feecfa28384-groupManagement] INFO  ratis.ContainerStateMachine (ContainerStateMachine.java:loadSnapshot(287)) - group-D5ED0AA30690: The snapshot info is null. Setting the last applied index to:(t:0, i:~)
2024-05-04 14:26:41,384 [8808acf2-b901-482b-9182-8feecfa28384-groupManagement] INFO  server.RaftServerConfigKeys (ConfUtils.java:logGet(46)) - raft.server.log.use.memory = false (default)
2024-05-04 14:26:41,384 [8808acf2-b901-482b-9182-8feecfa28384-groupManagement] INFO  server.RaftServerConfigKeys (ConfUtils.java:logGet(46)) - raft.server.log.purge.gap = 1000000 (custom)
2024-05-04 14:26:41,384 [8808acf2-b901-482b-9182-8feecfa28384-groupManagement] INFO  server.RaftServerConfigKeys (ConfUtils.java:logGet(46)) - raft.server.log.appender.buffer.byte-limit = 8388608 (custom)
2024-05-04 14:26:41,384 [8808acf2-b901-482b-9182-8feecfa28384-groupManagement] INFO  server.RaftServerConfigKeys (ConfUtils.java:logGet(46)) - raft.server.log.statemachine.data.read.timeout = 1000ms (default)
2024-05-04 14:26:41,384 [8808acf2-b901-482b-9182-8feecfa28384-groupManagement] INFO  server.RaftServerConfigKeys (ConfUtils.java:logGet(46)) - raft.server.log.purge.preservation.log.num = 0 (default)
2024-05-04 14:26:41,384 [9ec74834-1541-452c-921b-2d323393210f-groupManagement] INFO  server.RaftServerConfigKeys (ConfUtils.java:logGet(46)) - raft.server.log.appender.buffer.byte-limit = 8388608 (custom)
2024-05-04 14:26:41,384 [9ec74834-1541-452c-921b-2d323393210f-groupManagement] INFO  server.RaftServerConfigKeys (ConfUtils.java:logGet(46)) - raft.server.log.unsafe-flush.enabled = false (default)
2024-05-04 14:26:41,385 [9ec74834-1541-452c-921b-2d323393210f-groupManagement] INFO  server.RaftServerConfigKeys (ConfUtils.java:logGet(46)) - raft.server.log.async-flush.enabled = false (default)
2024-05-04 14:26:41,385 [9ec74834-1541-452c-921b-2d323393210f-groupManagement] INFO  server.RaftServerConfigKeys (ConfUtils.java:logGet(46)) - raft.server.log.statemachine.data.caching.enabled = true (custom)
2024-05-04 14:26:41,385 [9ec74834-1541-452c-921b-2d323393210f-groupManagement] INFO  segmented.SegmentedRaftLogWorker (SegmentedRaftLogWorker.java:lambda$new$0(134)) - 9ec74834-1541-452c-921b-2d323393210f@group-6025E5D5C1B1-SegmentedRaftLogWorker: flushIndex: setUnconditionally 0 -> -1
2024-05-04 14:26:41,385 [9ec74834-1541-452c-921b-2d323393210f-groupManagement] INFO  segmented.SegmentedRaftLogWorker (SegmentedRaftLogWorker.java:lambda$new$0(134)) - 9ec74834-1541-452c-921b-2d323393210f@group-6025E5D5C1B1-SegmentedRaftLogWorker: safeCacheEvictIndex: setUnconditionally 0 -> -1
2024-05-04 14:26:41,385 [8808acf2-b901-482b-9182-8feecfa28384-groupManagement] INFO  server.RaftServerConfigKeys (ConfUtils.java:logGet(46)) - raft.server.log.segment.size.max = 67108864 (custom)
2024-05-04 14:26:41,385 [9ec74834-1541-452c-921b-2d323393210f-groupManagement] INFO  server.RaftServer$Division (RaftServerImpl.java:start(396)) - 9ec74834-1541-452c-921b-2d323393210f@group-6025E5D5C1B1: start as a follower, conf=-1: peers:[8808acf2-b901-482b-9182-8feecfa28384|127.0.0.1:15085, 9ec74834-1541-452c-921b-2d323393210f|127.0.0.1:15076, 83059998-de51-48d1-9818-e6afe7fa3b6f|127.0.0.1:15067]|listeners:[], old=null
2024-05-04 14:26:41,385 [9ec74834-1541-452c-921b-2d323393210f-groupManagement] INFO  server.RaftServer$Division (RaftServerImpl.java:setRole(383)) - 9ec74834-1541-452c-921b-2d323393210f@group-6025E5D5C1B1: changes role from      null to FOLLOWER at term 0 for startAsFollower
2024-05-04 14:26:41,385 [9ec74834-1541-452c-921b-2d323393210f-groupManagement] INFO  impl.RoleInfo (RoleInfo.java:updateAndGet(139)) - 9ec74834-1541-452c-921b-2d323393210f: start 9ec74834-1541-452c-921b-2d323393210f@group-6025E5D5C1B1-FollowerState
2024-05-04 14:26:41,398 [8808acf2-b901-482b-9182-8feecfa28384-groupManagement] INFO  server.RaftServerConfigKeys (ConfUtils.java:logGet(46)) - raft.server.log.segment.cache.num.max = 2 (custom)
2024-05-04 14:26:41,398 [8808acf2-b901-482b-9182-8feecfa28384-groupManagement] INFO  server.RaftServerConfigKeys (ConfUtils.java:logGet(46)) - raft.server.log.segment.cache.size.max = 200MB (=209715200) (default)
2024-05-04 14:26:41,398 [8808acf2-b901-482b-9182-8feecfa28384-groupManagement] INFO  server.RaftServerConfigKeys (ConfUtils.java:logGet(46)) - raft.server.log.appender.buffer.byte-limit = 8388608 (custom)
2024-05-04 14:26:41,398 [8808acf2-b901-482b-9182-8feecfa28384-groupManagement] INFO  util.AwaitToRun (AwaitToRun.java:start(81)) - Thread[8808acf2-b901-482b-9182-8feecfa28384@group-D5ED0AA30690-cacheEviction-AwaitToRun,5,main] started
2024-05-04 14:26:41,399 [8808acf2-b901-482b-9182-8feecfa28384-groupManagement] INFO  segmented.SegmentedRaftLogWorker (SegmentedRaftLogWorker.java:<init>(182)) - new 8808acf2-b901-482b-9182-8feecfa28384@group-D5ED0AA30690-SegmentedRaftLogWorker for RaftStorageImpl:Storage Directory /home/runner/work/ozone/ozone/hadoop-ozone/integration-test/target/test-dir/MiniOzoneClusterImpl-7c905145-d891-4b2f-be71-50eb4aa8551e/ozone-meta/datanode-3/ratis/58634f81-2263-4b6f-9c6a-d5ed0aa30690
2024-05-04 14:26:41,399 [8808acf2-b901-482b-9182-8feecfa28384-groupManagement] INFO  server.RaftServerConfigKeys (ConfUtils.java:logGet(46)) - raft.server.log.queue.byte-limit = 4294967296 (custom)
2024-05-04 14:26:41,399 [8808acf2-b901-482b-9182-8feecfa28384-groupManagement] INFO  server.RaftServerConfigKeys (ConfUtils.java:logGet(46)) - raft.server.log.queue.element-limit = 1024 (custom)
2024-05-04 14:26:41,399 [8808acf2-b901-482b-9182-8feecfa28384-groupManagement] INFO  server.RaftServerConfigKeys (ConfUtils.java:logGet(46)) - raft.server.log.segment.size.max = 67108864 (custom)
2024-05-04 14:26:41,399 [8808acf2-b901-482b-9182-8feecfa28384-groupManagement] INFO  server.RaftServerConfigKeys (ConfUtils.java:logGet(46)) - raft.server.log.preallocated.size = 4194304 (custom)
2024-05-04 14:26:41,399 [8808acf2-b901-482b-9182-8feecfa28384-groupManagement] INFO  server.RaftServerConfigKeys (ConfUtils.java:logGet(46)) - raft.server.log.force.sync.num = 128 (default)
2024-05-04 14:26:41,399 [8808acf2-b901-482b-9182-8feecfa28384-groupManagement] INFO  server.RaftServerConfigKeys (ConfUtils.java:logGet(46)) - raft.server.log.statemachine.data.sync = true (default)
2024-05-04 14:26:41,399 [8808acf2-b901-482b-9182-8feecfa28384-groupManagement] INFO  server.RaftServerConfigKeys (ConfUtils.java:logGet(46)) - raft.server.log.statemachine.data.sync.timeout = 10s (default)
2024-05-04 14:26:41,399 [8808acf2-b901-482b-9182-8feecfa28384-groupManagement] INFO  server.RaftServerConfigKeys (ConfUtils.java:logGet(46)) - raft.server.log.statemachine.data.sync.timeout.retry = 30 (custom)
2024-05-04 14:26:41,399 [8808acf2-b901-482b-9182-8feecfa28384-groupManagement] INFO  server.RaftServerConfigKeys (ConfUtils.java:logGet(46)) - raft.server.log.write.buffer.size = 8388616 (custom)
2024-05-04 14:26:41,398 [9ec74834-1541-452c-921b-2d323393210f-groupManagement] INFO  util.JmxRegister (JmxRegister.java:tryRegister(44)) - Successfully registered JMX Bean with object name Ratis:service=RaftServer,group=group-6025E5D5C1B1,id=9ec74834-1541-452c-921b-2d323393210f
2024-05-04 14:26:41,400 [9ec74834-1541-452c-921b-2d323393210f-groupManagement] INFO  server.RaftServerConfigKeys (ConfUtils.java:logGet(46)) - raft.server.snapshot.trigger-when-stop.enabled = true (default)
2024-05-04 14:26:41,400 [9ec74834-1541-452c-921b-2d323393210f-groupManagement] INFO  server.RaftServerConfigKeys (ConfUtils.java:logGet(46)) - raft.server.snapshot.auto.trigger.enabled = true (custom)
2024-05-04 14:26:41,400 [9ec74834-1541-452c-921b-2d323393210f-groupManagement] INFO  server.RaftServerConfigKeys (ConfUtils.java:logGet(46)) - raft.server.snapshot.auto.trigger.threshold = 10000 (custom)
2024-05-04 14:26:41,400 [9ec74834-1541-452c-921b-2d323393210f-groupManagement] INFO  server.RaftServerConfigKeys (ConfUtils.java:logGet(46)) - raft.server.snapshot.retention.file.num = 5 (custom)
2024-05-04 14:26:41,400 [9ec74834-1541-452c-921b-2d323393210f-groupManagement] INFO  server.RaftServerConfigKeys (ConfUtils.java:logGet(46)) - raft.server.log.purge.upto.snapshot.index = false (default)
2024-05-04 14:26:41,401 [8808acf2-b901-482b-9182-8feecfa28384-groupManagement] INFO  server.RaftServerConfigKeys (ConfUtils.java:logGet(46)) - raft.server.log.appender.buffer.byte-limit = 8388608 (custom)
2024-05-04 14:26:41,401 [8808acf2-b901-482b-9182-8feecfa28384-groupManagement] INFO  server.RaftServerConfigKeys (ConfUtils.java:logGet(46)) - raft.server.log.unsafe-flush.enabled = false (default)
2024-05-04 14:26:41,401 [8808acf2-b901-482b-9182-8feecfa28384-groupManagement] INFO  server.RaftServerConfigKeys (ConfUtils.java:logGet(46)) - raft.server.log.async-flush.enabled = false (default)
2024-05-04 14:26:41,401 [8808acf2-b901-482b-9182-8feecfa28384-groupManagement] INFO  server.RaftServerConfigKeys (ConfUtils.java:logGet(46)) - raft.server.log.statemachine.data.caching.enabled = true (custom)
2024-05-04 14:26:41,401 [9ec74834-1541-452c-921b-2d323393210f-PipelineCommandHandlerThread-0] INFO  ratis.XceiverServerRatis (XceiverServerRatis.java:addGroup(864)) - Created group PipelineID=662b2c8d-8f14-41d3-87b4-6025e5d5c1b1
2024-05-04 14:26:41,402 [9ec74834-1541-452c-921b-2d323393210f@group-6025E5D5C1B1-FollowerState] INFO  server.RaftServerConfigKeys (ConfUtils.java:logFallback(53)) - raft.server.rpc.first-election.timeout.min = 5s (fallback to raft.server.rpc.timeout.min)
2024-05-04 14:26:41,402 [9ec74834-1541-452c-921b-2d323393210f@group-6025E5D5C1B1-FollowerState] INFO  server.RaftServerConfigKeys (ConfUtils.java:logFallback(53)) - raft.server.rpc.first-election.timeout.max = 5200ms (fallback to raft.server.rpc.timeout.max)
2024-05-04 14:26:41,404 [8808acf2-b901-482b-9182-8feecfa28384-groupManagement] INFO  segmented.SegmentedRaftLogWorker (SegmentedRaftLogWorker.java:lambda$new$0(134)) - 8808acf2-b901-482b-9182-8feecfa28384@group-D5ED0AA30690-SegmentedRaftLogWorker: flushIndex: setUnconditionally 0 -> -1
2024-05-04 14:26:41,404 [8808acf2-b901-482b-9182-8feecfa28384-groupManagement] INFO  segmented.SegmentedRaftLogWorker (SegmentedRaftLogWorker.java:lambda$new$0(134)) - 8808acf2-b901-482b-9182-8feecfa28384@group-D5ED0AA30690-SegmentedRaftLogWorker: safeCacheEvictIndex: setUnconditionally 0 -> -1
2024-05-04 14:26:41,405 [8808acf2-b901-482b-9182-8feecfa28384-groupManagement] INFO  server.RaftServer$Division (RaftServerImpl.java:start(396)) - 8808acf2-b901-482b-9182-8feecfa28384@group-D5ED0AA30690: start as a follower, conf=-1: peers:[8808acf2-b901-482b-9182-8feecfa28384|127.0.0.1:15085, 9ec74834-1541-452c-921b-2d323393210f|127.0.0.1:15076, 83059998-de51-48d1-9818-e6afe7fa3b6f|127.0.0.1:15067]|listeners:[], old=null
2024-05-04 14:26:41,405 [8808acf2-b901-482b-9182-8feecfa28384-groupManagement] INFO  server.RaftServer$Division (RaftServerImpl.java:setRole(383)) - 8808acf2-b901-482b-9182-8feecfa28384@group-D5ED0AA30690: changes role from      null to FOLLOWER at term 0 for startAsFollower
2024-05-04 14:26:41,406 [8808acf2-b901-482b-9182-8feecfa28384-groupManagement] INFO  impl.RoleInfo (RoleInfo.java:updateAndGet(139)) - 8808acf2-b901-482b-9182-8feecfa28384: start 8808acf2-b901-482b-9182-8feecfa28384@group-D5ED0AA30690-FollowerState
2024-05-04 14:26:41,407 [grpc-default-executor-0] INFO  server.RaftServer (RaftServerProxy.java:addNew(100)) - 8808acf2-b901-482b-9182-8feecfa28384: addNew group-6025E5D5C1B1:[8808acf2-b901-482b-9182-8feecfa28384|127.0.0.1:15085, 9ec74834-1541-452c-921b-2d323393210f|127.0.0.1:15076, 83059998-de51-48d1-9818-e6afe7fa3b6f|127.0.0.1:15067] returns group-6025E5D5C1B1:java.util.concurrent.CompletableFuture@55983ad[Not completed]
2024-05-04 14:26:41,411 [8808acf2-b901-482b-9182-8feecfa28384-groupManagement] INFO  util.JmxRegister (JmxRegister.java:tryRegister(44)) - Successfully registered JMX Bean with object name Ratis:service=RaftServer,group=group-D5ED0AA30690,id=8808acf2-b901-482b-9182-8feecfa28384
2024-05-04 14:26:41,411 [8808acf2-b901-482b-9182-8feecfa28384@group-D5ED0AA30690-FollowerState] INFO  server.RaftServerConfigKeys (ConfUtils.java:logFallback(53)) - raft.server.rpc.first-election.timeout.min = 5s (fallback to raft.server.rpc.timeout.min)
2024-05-04 14:26:41,412 [8808acf2-b901-482b-9182-8feecfa28384-groupManagement] INFO  server.RaftServerConfigKeys (ConfUtils.java:logGet(46)) - raft.server.snapshot.trigger-when-stop.enabled = true (default)
2024-05-04 14:26:41,412 [8808acf2-b901-482b-9182-8feecfa28384-groupManagement] INFO  server.RaftServerConfigKeys (ConfUtils.java:logGet(46)) - raft.server.snapshot.auto.trigger.enabled = true (custom)
2024-05-04 14:26:41,412 [8808acf2-b901-482b-9182-8feecfa28384@group-D5ED0AA30690-FollowerState] INFO  server.RaftServerConfigKeys (ConfUtils.java:logFallback(53)) - raft.server.rpc.first-election.timeout.max = 5200ms (fallback to raft.server.rpc.timeout.max)
2024-05-04 14:26:41,412 [8808acf2-b901-482b-9182-8feecfa28384-groupManagement] INFO  server.RaftServerConfigKeys (ConfUtils.java:logGet(46)) - raft.server.snapshot.auto.trigger.threshold = 10000 (custom)
2024-05-04 14:26:41,412 [8808acf2-b901-482b-9182-8feecfa28384-groupManagement] INFO  server.RaftServerConfigKeys (ConfUtils.java:logGet(46)) - raft.server.snapshot.retention.file.num = 5 (custom)
2024-05-04 14:26:41,412 [8808acf2-b901-482b-9182-8feecfa28384-groupManagement] INFO  server.RaftServerConfigKeys (ConfUtils.java:logGet(46)) - raft.server.log.purge.upto.snapshot.index = false (default)
2024-05-04 14:26:41,414 [8808acf2-b901-482b-9182-8feecfa28384-groupManagement] INFO  server.RaftServer$Division (RaftServerImpl.java:<init>(256)) - 8808acf2-b901-482b-9182-8feecfa28384: new RaftServerImpl for group-6025E5D5C1B1:[8808acf2-b901-482b-9182-8feecfa28384|127.0.0.1:15085, 9ec74834-1541-452c-921b-2d323393210f|127.0.0.1:15076, 83059998-de51-48d1-9818-e6afe7fa3b6f|127.0.0.1:15067] with ContainerStateMachine:uninitialized
2024-05-04 14:26:41,414 [8808acf2-b901-482b-9182-8feecfa28384-groupManagement] INFO  server.RaftServerConfigKeys (ConfUtils.java:logGet(46)) - raft.server.rpc.timeout.min = 5s (custom)
2024-05-04 14:26:41,414 [8808acf2-b901-482b-9182-8feecfa28384-groupManagement] INFO  server.RaftServerConfigKeys (ConfUtils.java:logGet(46)) - raft.server.rpc.timeout.max = 5200ms (custom)
2024-05-04 14:26:41,414 [8808acf2-b901-482b-9182-8feecfa28384-groupManagement] INFO  server.RaftServerConfigKeys (ConfUtils.java:logGet(46)) - raft.server.rpc.sleep.time = 25ms (default)
2024-05-04 14:26:41,414 [8808acf2-b901-482b-9182-8feecfa28384-groupManagement] INFO  server.RaftServerConfigKeys (ConfUtils.java:logGet(46)) - raft.server.rpc.slowness.timeout = 300000ms (custom)
2024-05-04 14:26:41,414 [8808acf2-b901-482b-9182-8feecfa28384-groupManagement] INFO  server.RaftServerConfigKeys (ConfUtils.java:logGet(46)) - raft.server.leaderelection.leader.step-down.wait-time = 10s (default)
2024-05-04 14:26:41,414 [8808acf2-b901-482b-9182-8feecfa28384-groupManagement] INFO  server.RaftServerConfigKeys (ConfUtils.java:logGet(46)) - raft.server.leaderelection.member.majority-add = false (default)
2024-05-04 14:26:41,414 [8808acf2-b901-482b-9182-8feecfa28384-groupManagement] INFO  server.RaftServerConfigKeys (ConfUtils.java:logGet(46)) - raft.server.sleep.deviation.threshold = 300ms (default)
2024-05-04 14:26:41,414 [8808acf2-b901-482b-9182-8feecfa28384-groupManagement] INFO  server.RaftServer$Division (ServerState.java:<init>(113)) - 8808acf2-b901-482b-9182-8feecfa28384@group-6025E5D5C1B1: ConfigurationManager, init=-1: peers:[8808acf2-b901-482b-9182-8feecfa28384|127.0.0.1:15085, 9ec74834-1541-452c-921b-2d323393210f|127.0.0.1:15076, 83059998-de51-48d1-9818-e6afe7fa3b6f|127.0.0.1:15067]|listeners:[], old=null, confs=<EMPTY_MAP>
2024-05-04 14:26:41,414 [8808acf2-b901-482b-9182-8feecfa28384-groupManagement] INFO  server.RaftServerConfigKeys (ConfUtils.java:logGet(46)) - raft.server.notification.no-leader.timeout = 300000ms (custom)
2024-05-04 14:26:41,414 [8808acf2-b901-482b-9182-8feecfa28384-groupManagement] INFO  server.RaftServerConfigKeys (ConfUtils.java:logGet(46)) - raft.server.read.timeout = 10s (default)
2024-05-04 14:26:41,415 [8808acf2-b901-482b-9182-8feecfa28384-groupManagement] INFO  server.RaftServerConfigKeys (ConfUtils.java:logGet(46)) - raft.server.retrycache.expirytime = 600000ms (custom)
2024-05-04 14:26:41,415 [8808acf2-b901-482b-9182-8feecfa28384-groupManagement] INFO  server.RaftServerConfigKeys (ConfUtils.java:logGet(46)) - raft.server.retrycache.statistics.expirytime = 100ms (default)
2024-05-04 14:26:41,415 [8808acf2-b901-482b-9182-8feecfa28384-groupManagement] INFO  server.RaftServerConfigKeys (ConfUtils.java:logGet(46)) - raft.server.read.option = DEFAULT (default)
2024-05-04 14:26:41,415 [8808acf2-b901-482b-9182-8feecfa28384-groupManagement] INFO  server.RaftServerConfigKeys (ConfUtils.java:logGet(46)) - raft.server.read.read-after-write-consistent.write-index-cache.expiry-time = 60s (default)
2024-05-04 14:26:41,419 [8808acf2-b901-482b-9182-8feecfa28384-groupManagement] INFO  server.RaftServerConfigKeys (ConfUtils.java:logGet(46)) - raft.server.rpc.request.timeout = 3000ms (default)
2024-05-04 14:26:41,419 [8808acf2-b901-482b-9182-8feecfa28384-groupManagement] INFO  server.RaftServerConfigKeys (ConfUtils.java:logGet(46)) - raft.server.log.appender.install.snapshot.enabled = false (custom)
2024-05-04 14:26:41,419 [8808acf2-b901-482b-9182-8feecfa28384-groupManagement] INFO  server.RaftServerConfigKeys (ConfUtils.java:logGet(46)) - raft.server.threadpool.server.cached = true (default)
2024-05-04 14:26:41,419 [8808acf2-b901-482b-9182-8feecfa28384-groupManagement] INFO  server.RaftServerConfigKeys (ConfUtils.java:logGet(46)) - raft.server.threadpool.server.size = 0 (default)
2024-05-04 14:26:41,419 [8808acf2-b901-482b-9182-8feecfa28384-groupManagement] INFO  server.RaftServerConfigKeys (ConfUtils.java:logGet(46)) - raft.server.threadpool.client.cached = true (default)
2024-05-04 14:26:41,419 [8808acf2-b901-482b-9182-8feecfa28384-groupManagement] INFO  server.RaftServerConfigKeys (ConfUtils.java:logGet(46)) - raft.server.threadpool.client.size = 0 (default)
2024-05-04 14:26:41,419 [8808acf2-b901-482b-9182-8feecfa28384-groupManagement] INFO  server.RaftServerConfigKeys (ConfUtils.java:logGet(46)) - raft.server.storage.free-space.min = 0MB (=0) (default)
2024-05-04 14:26:41,419 [8808acf2-b901-482b-9182-8feecfa28384-groupManagement] INFO  server.RaftServerConfigKeys (ConfUtils.java:logGet(46)) - raft.server.log.corruption.policy = EXCEPTION (default)
2024-05-04 14:26:41,419 [8808acf2-b901-482b-9182-8feecfa28384-groupManagement] INFO  server.RaftServerConfigKeys (ConfUtils.java:logGet(46)) - raft.server.storage.dir = [/home/runner/work/ozone/ozone/hadoop-ozone/integration-test/target/test-dir/MiniOzoneClusterImpl-7c905145-d891-4b2f-be71-50eb4aa8551e/ozone-meta/datanode-3/ratis] (custom)
2024-05-04 14:26:41,420 [8808acf2-b901-482b-9182-8feecfa28384-groupManagement] INFO  storage.RaftStorageDirectory (RaftStorageDirectoryImpl.java:analyzeStorage(138)) - The storage directory /home/runner/work/ozone/ozone/hadoop-ozone/integration-test/target/test-dir/MiniOzoneClusterImpl-7c905145-d891-4b2f-be71-50eb4aa8551e/ozone-meta/datanode-3/ratis/662b2c8d-8f14-41d3-87b4-6025e5d5c1b1 does not exist. Creating ...
2024-05-04 14:26:41,420 [83059998-de51-48d1-9818-e6afe7fa3b6f-PipelineCommandHandlerThread-0] INFO  commandhandler.CreatePipelineCommandHandler (CreatePipelineCommandHandler.java:lambda$handle$2(124)) - Created Pipeline RATIS THREE PipelineID=58634f81-2263-4b6f-9c6a-d5ed0aa30690.
2024-05-04 14:26:41,421 [8808acf2-b901-482b-9182-8feecfa28384-groupManagement] INFO  storage.RaftStorageDirectory (RaftStorageDirectoryImpl.java:tryLock(228)) - Lock on /home/runner/work/ozone/ozone/hadoop-ozone/integration-test/target/test-dir/MiniOzoneClusterImpl-7c905145-d891-4b2f-be71-50eb4aa8551e/ozone-meta/datanode-3/ratis/662b2c8d-8f14-41d3-87b4-6025e5d5c1b1/in_use.lock acquired by nodename 53612@fv-az1114-244
2024-05-04 14:26:41,421 [8808acf2-b901-482b-9182-8feecfa28384-PipelineCommandHandlerThread-0] INFO  server.RaftServer (RaftServerProxy.java:addNew(100)) - 8808acf2-b901-482b-9182-8feecfa28384: addNew group-278816DC67B8:[8808acf2-b901-482b-9182-8feecfa28384|127.0.0.1:15085] returns group-278816DC67B8:java.util.concurrent.CompletableFuture@3b3003ed[Not completed]
2024-05-04 14:26:41,421 [83059998-de51-48d1-9818-e6afe7fa3b6f-PipelineCommandHandlerThread-0] INFO  server.RaftServer (RaftServerProxy.java:addNew(100)) - 83059998-de51-48d1-9818-e6afe7fa3b6f: addNew group-6025E5D5C1B1:[8808acf2-b901-482b-9182-8feecfa28384|127.0.0.1:15085, 9ec74834-1541-452c-921b-2d323393210f|127.0.0.1:15076, 83059998-de51-48d1-9818-e6afe7fa3b6f|127.0.0.1:15067] returns group-6025E5D5C1B1:java.util.concurrent.CompletableFuture@3cd2dcb[Not completed]
2024-05-04 14:26:41,422 [8808acf2-b901-482b-9182-8feecfa28384-groupManagement] INFO  storage.RaftStorage (RaftStorageImpl.java:format(99)) - Storage directory /home/runner/work/ozone/ozone/hadoop-ozone/integration-test/target/test-dir/MiniOzoneClusterImpl-7c905145-d891-4b2f-be71-50eb4aa8551e/ozone-meta/datanode-3/ratis/662b2c8d-8f14-41d3-87b4-6025e5d5c1b1 has been successfully formatted.
2024-05-04 14:26:41,422 [8808acf2-b901-482b-9182-8feecfa28384-groupManagement] WARN  util.FileUtils (LogUtils.java:supplyAndLog(63)) - Failed to Files.newInputStream /home/runner/work/ozone/ozone/hadoop-ozone/integration-test/target/test-dir/MiniOzoneClusterImpl-7c905145-d891-4b2f-be71-50eb4aa8551e/ozone-meta/datanode-3/ratis/662b2c8d-8f14-41d3-87b4-6025e5d5c1b1/current/raft-meta.conf with options []: java.nio.file.NoSuchFileException: /home/runner/work/ozone/ozone/hadoop-ozone/integration-test/target/test-dir/MiniOzoneClusterImpl-7c905145-d891-4b2f-be71-50eb4aa8551e/ozone-meta/datanode-3/ratis/662b2c8d-8f14-41d3-87b4-6025e5d5c1b1/current/raft-meta.conf
2024-05-04 14:26:41,422 [83059998-de51-48d1-9818-e6afe7fa3b6f-groupManagement] INFO  server.RaftServer$Division (RaftServerImpl.java:<init>(256)) - 83059998-de51-48d1-9818-e6afe7fa3b6f: new RaftServerImpl for group-6025E5D5C1B1:[8808acf2-b901-482b-9182-8feecfa28384|127.0.0.1:15085, 9ec74834-1541-452c-921b-2d323393210f|127.0.0.1:15076, 83059998-de51-48d1-9818-e6afe7fa3b6f|127.0.0.1:15067] with ContainerStateMachine:uninitialized
2024-05-04 14:26:41,422 [83059998-de51-48d1-9818-e6afe7fa3b6f-groupManagement] INFO  server.RaftServerConfigKeys (ConfUtils.java:logGet(46)) - raft.server.rpc.timeout.min = 5s (custom)
2024-05-04 14:26:41,422 [83059998-de51-48d1-9818-e6afe7fa3b6f-groupManagement] INFO  server.RaftServerConfigKeys (ConfUtils.java:logGet(46)) - raft.server.rpc.timeout.max = 5200ms (custom)
2024-05-04 14:26:41,422 [83059998-de51-48d1-9818-e6afe7fa3b6f-groupManagement] INFO  server.RaftServerConfigKeys (ConfUtils.java:logGet(46)) - raft.server.rpc.sleep.time = 25ms (default)
2024-05-04 14:26:41,422 [8808acf2-b901-482b-9182-8feecfa28384-groupManagement] INFO  ratis.ContainerStateMachine (ContainerStateMachine.java:loadSnapshot(287)) - group-6025E5D5C1B1: The snapshot info is null. Setting the last applied index to:(t:0, i:~)
2024-05-04 14:26:41,422 [8808acf2-b901-482b-9182-8feecfa28384-groupManagement] INFO  server.RaftServerConfigKeys (ConfUtils.java:logGet(46)) - raft.server.log.use.memory = false (default)
2024-05-04 14:26:41,422 [8808acf2-b901-482b-9182-8feecfa28384-groupManagement] INFO  server.RaftServerConfigKeys (ConfUtils.java:logGet(46)) - raft.server.log.purge.gap = 1000000 (custom)
2024-05-04 14:26:41,423 [8808acf2-b901-482b-9182-8feecfa28384-groupManagement] INFO  server.RaftServerConfigKeys (ConfUtils.java:logGet(46)) - raft.server.log.appender.buffer.byte-limit = 8388608 (custom)
2024-05-04 14:26:41,423 [8808acf2-b901-482b-9182-8feecfa28384-groupManagement] INFO  server.RaftServerConfigKeys (ConfUtils.java:logGet(46)) - raft.server.log.statemachine.data.read.timeout = 1000ms (default)
2024-05-04 14:26:41,423 [8808acf2-b901-482b-9182-8feecfa28384-groupManagement] INFO  server.RaftServerConfigKeys (ConfUtils.java:logGet(46)) - raft.server.log.purge.preservation.log.num = 0 (default)
2024-05-04 14:26:41,422 [83059998-de51-48d1-9818-e6afe7fa3b6f-groupManagement] INFO  server.RaftServerConfigKeys (ConfUtils.java:logGet(46)) - raft.server.rpc.slowness.timeout = 300000ms (custom)
2024-05-04 14:26:41,424 [83059998-de51-48d1-9818-e6afe7fa3b6f-groupManagement] INFO  server.RaftServerConfigKeys (ConfUtils.java:logGet(46)) - raft.server.leaderelection.leader.step-down.wait-time = 10s (default)
2024-05-04 14:26:41,424 [83059998-de51-48d1-9818-e6afe7fa3b6f-groupManagement] INFO  server.RaftServerConfigKeys (ConfUtils.java:logGet(46)) - raft.server.leaderelection.member.majority-add = false (default)
2024-05-04 14:26:41,424 [83059998-de51-48d1-9818-e6afe7fa3b6f-groupManagement] INFO  server.RaftServerConfigKeys (ConfUtils.java:logGet(46)) - raft.server.sleep.deviation.threshold = 300ms (default)
2024-05-04 14:26:41,424 [83059998-de51-48d1-9818-e6afe7fa3b6f-groupManagement] INFO  server.RaftServer$Division (ServerState.java:<init>(113)) - 83059998-de51-48d1-9818-e6afe7fa3b6f@group-6025E5D5C1B1: ConfigurationManager, init=-1: peers:[8808acf2-b901-482b-9182-8feecfa28384|127.0.0.1:15085, 9ec74834-1541-452c-921b-2d323393210f|127.0.0.1:15076, 83059998-de51-48d1-9818-e6afe7fa3b6f|127.0.0.1:15067]|listeners:[], old=null, confs=<EMPTY_MAP>
2024-05-04 14:26:41,424 [83059998-de51-48d1-9818-e6afe7fa3b6f-groupManagement] INFO  server.RaftServerConfigKeys (ConfUtils.java:logGet(46)) - raft.server.notification.no-leader.timeout = 300000ms (custom)
2024-05-04 14:26:41,424 [83059998-de51-48d1-9818-e6afe7fa3b6f-groupManagement] INFO  server.RaftServerConfigKeys (ConfUtils.java:logGet(46)) - raft.server.read.timeout = 10s (default)
2024-05-04 14:26:41,424 [83059998-de51-48d1-9818-e6afe7fa3b6f-groupManagement] INFO  server.RaftServerConfigKeys (ConfUtils.java:logGet(46)) - raft.server.retrycache.expirytime = 600000ms (custom)
2024-05-04 14:26:41,424 [8808acf2-b901-482b-9182-8feecfa28384-groupManagement] INFO  server.RaftServerConfigKeys (ConfUtils.java:logGet(46)) - raft.server.log.segment.size.max = 67108864 (custom)
2024-05-04 14:26:41,424 [83059998-de51-48d1-9818-e6afe7fa3b6f-groupManagement] INFO  server.RaftServerConfigKeys (ConfUtils.java:logGet(46)) - raft.server.retrycache.statistics.expirytime = 100ms (default)
2024-05-04 14:26:41,424 [83059998-de51-48d1-9818-e6afe7fa3b6f-groupManagement] INFO  server.RaftServerConfigKeys (ConfUtils.java:logGet(46)) - raft.server.read.option = DEFAULT (default)
2024-05-04 14:26:41,424 [83059998-de51-48d1-9818-e6afe7fa3b6f-groupManagement] INFO  server.RaftServerConfigKeys (ConfUtils.java:logGet(46)) - raft.server.read.read-after-write-consistent.write-index-cache.expiry-time = 60s (default)
2024-05-04 14:26:41,424 [EventQueue-PipelineReportForPipelineReportHandler] INFO  pipeline.PipelineReportHandler (PipelineReportHandler.java:processPipelineReport(136)) - Opened pipeline PipelineID=43a4f918-1f05-4b51-974f-278816dc67b8
2024-05-04 14:26:41,424 [EventQueue-OpenPipelineForHealthyPipelineSafeModeRule] INFO  safemode.SCMSafeModeManager (HealthyPipelineSafeModeRule.java:process(140)) - SCM in safe mode. Healthy pipelines reported count is 0, required healthy pipeline reported count is 1
2024-05-04 14:26:41,426 [83059998-de51-48d1-9818-e6afe7fa3b6f-groupManagement] INFO  server.RaftServerConfigKeys (ConfUtils.java:logGet(46)) - raft.server.rpc.request.timeout = 3000ms (default)
2024-05-04 14:26:41,426 [83059998-de51-48d1-9818-e6afe7fa3b6f-groupManagement] INFO  server.RaftServerConfigKeys (ConfUtils.java:logGet(46)) - raft.server.log.appender.install.snapshot.enabled = false (custom)
2024-05-04 14:26:41,426 [83059998-de51-48d1-9818-e6afe7fa3b6f-groupManagement] INFO  server.RaftServerConfigKeys (ConfUtils.java:logGet(46)) - raft.server.threadpool.server.cached = true (default)
2024-05-04 14:26:41,426 [83059998-de51-48d1-9818-e6afe7fa3b6f-groupManagement] INFO  server.RaftServerConfigKeys (ConfUtils.java:logGet(46)) - raft.server.threadpool.server.size = 0 (default)
2024-05-04 14:26:41,426 [83059998-de51-48d1-9818-e6afe7fa3b6f-groupManagement] INFO  server.RaftServerConfigKeys (ConfUtils.java:logGet(46)) - raft.server.threadpool.client.cached = true (default)
2024-05-04 14:26:41,426 [83059998-de51-48d1-9818-e6afe7fa3b6f-groupManagement] INFO  server.RaftServerConfigKeys (ConfUtils.java:logGet(46)) - raft.server.threadpool.client.size = 0 (default)
2024-05-04 14:26:41,426 [83059998-de51-48d1-9818-e6afe7fa3b6f-groupManagement] INFO  server.RaftServerConfigKeys (ConfUtils.java:logGet(46)) - raft.server.storage.free-space.min = 0MB (=0) (default)
2024-05-04 14:26:41,426 [83059998-de51-48d1-9818-e6afe7fa3b6f-groupManagement] INFO  server.RaftServerConfigKeys (ConfUtils.java:logGet(46)) - raft.server.log.corruption.policy = EXCEPTION (default)
2024-05-04 14:26:41,426 [83059998-de51-48d1-9818-e6afe7fa3b6f-groupManagement] INFO  server.RaftServerConfigKeys (ConfUtils.java:logGet(46)) - raft.server.storage.dir = [/home/runner/work/ozone/ozone/hadoop-ozone/integration-test/target/test-dir/MiniOzoneClusterImpl-7c905145-d891-4b2f-be71-50eb4aa8551e/ozone-meta/datanode-1/ratis] (custom)
2024-05-04 14:26:41,427 [83059998-de51-48d1-9818-e6afe7fa3b6f-groupManagement] INFO  storage.RaftStorageDirectory (RaftStorageDirectoryImpl.java:analyzeStorage(138)) - The storage directory /home/runner/work/ozone/ozone/hadoop-ozone/integration-test/target/test-dir/MiniOzoneClusterImpl-7c905145-d891-4b2f-be71-50eb4aa8551e/ozone-meta/datanode-1/ratis/662b2c8d-8f14-41d3-87b4-6025e5d5c1b1 does not exist. Creating ...
2024-05-04 14:26:41,424 [8808acf2-b901-482b-9182-8feecfa28384-groupManagement] INFO  server.RaftServerConfigKeys (ConfUtils.java:logGet(46)) - raft.server.log.segment.cache.num.max = 2 (custom)
2024-05-04 14:26:41,428 [8808acf2-b901-482b-9182-8feecfa28384-groupManagement] INFO  server.RaftServerConfigKeys (ConfUtils.java:logGet(46)) - raft.server.log.segment.cache.size.max = 200MB (=209715200) (default)
2024-05-04 14:26:41,428 [8808acf2-b901-482b-9182-8feecfa28384-groupManagement] INFO  server.RaftServerConfigKeys (ConfUtils.java:logGet(46)) - raft.server.log.appender.buffer.byte-limit = 8388608 (custom)
2024-05-04 14:26:41,428 [8808acf2-b901-482b-9182-8feecfa28384-groupManagement] INFO  util.AwaitToRun (AwaitToRun.java:start(81)) - Thread[8808acf2-b901-482b-9182-8feecfa28384@group-6025E5D5C1B1-cacheEviction-AwaitToRun,5,main] started
2024-05-04 14:26:41,429 [8808acf2-b901-482b-9182-8feecfa28384-groupManagement] INFO  segmented.SegmentedRaftLogWorker (SegmentedRaftLogWorker.java:<init>(182)) - new 8808acf2-b901-482b-9182-8feecfa28384@group-6025E5D5C1B1-SegmentedRaftLogWorker for RaftStorageImpl:Storage Directory /home/runner/work/ozone/ozone/hadoop-ozone/integration-test/target/test-dir/MiniOzoneClusterImpl-7c905145-d891-4b2f-be71-50eb4aa8551e/ozone-meta/datanode-3/ratis/662b2c8d-8f14-41d3-87b4-6025e5d5c1b1
2024-05-04 14:26:41,429 [8808acf2-b901-482b-9182-8feecfa28384-groupManagement] INFO  server.RaftServerConfigKeys (ConfUtils.java:logGet(46)) - raft.server.log.queue.byte-limit = 4294967296 (custom)
2024-05-04 14:26:41,429 [8808acf2-b901-482b-9182-8feecfa28384-groupManagement] INFO  server.RaftServerConfigKeys (ConfUtils.java:logGet(46)) - raft.server.log.queue.element-limit = 1024 (custom)
2024-05-04 14:26:41,429 [8808acf2-b901-482b-9182-8feecfa28384-groupManagement] INFO  server.RaftServerConfigKeys (ConfUtils.java:logGet(46)) - raft.server.log.segment.size.max = 67108864 (custom)
2024-05-04 14:26:41,429 [8808acf2-b901-482b-9182-8feecfa28384-groupManagement] INFO  server.RaftServerConfigKeys (ConfUtils.java:logGet(46)) - raft.server.log.preallocated.size = 4194304 (custom)
2024-05-04 14:26:41,429 [8808acf2-b901-482b-9182-8feecfa28384-groupManagement] INFO  server.RaftServerConfigKeys (ConfUtils.java:logGet(46)) - raft.server.log.force.sync.num = 128 (default)
2024-05-04 14:26:41,429 [8808acf2-b901-482b-9182-8feecfa28384-groupManagement] INFO  server.RaftServerConfigKeys (ConfUtils.java:logGet(46)) - raft.server.log.statemachine.data.sync = true (default)
2024-05-04 14:26:41,429 [8808acf2-b901-482b-9182-8feecfa28384-groupManagement] INFO  server.RaftServerConfigKeys (ConfUtils.java:logGet(46)) - raft.server.log.statemachine.data.sync.timeout = 10s (default)
2024-05-04 14:26:41,429 [8808acf2-b901-482b-9182-8feecfa28384-groupManagement] INFO  server.RaftServerConfigKeys (ConfUtils.java:logGet(46)) - raft.server.log.statemachine.data.sync.timeout.retry = 30 (custom)
2024-05-04 14:26:41,430 [8808acf2-b901-482b-9182-8feecfa28384-groupManagement] INFO  server.RaftServerConfigKeys (ConfUtils.java:logGet(46)) - raft.server.log.write.buffer.size = 8388616 (custom)
2024-05-04 14:26:41,432 [8808acf2-b901-482b-9182-8feecfa28384-groupManagement] INFO  server.RaftServerConfigKeys (ConfUtils.java:logGet(46)) - raft.server.log.appender.buffer.byte-limit = 8388608 (custom)
2024-05-04 14:26:41,432 [8808acf2-b901-482b-9182-8feecfa28384-groupManagement] INFO  server.RaftServerConfigKeys (ConfUtils.java:logGet(46)) - raft.server.log.unsafe-flush.enabled = false (default)
2024-05-04 14:26:41,432 [8808acf2-b901-482b-9182-8feecfa28384-groupManagement] INFO  server.RaftServerConfigKeys (ConfUtils.java:logGet(46)) - raft.server.log.async-flush.enabled = false (default)
2024-05-04 14:26:41,433 [8808acf2-b901-482b-9182-8feecfa28384-groupManagement] INFO  server.RaftServerConfigKeys (ConfUtils.java:logGet(46)) - raft.server.log.statemachine.data.caching.enabled = true (custom)
2024-05-04 14:26:41,433 [8808acf2-b901-482b-9182-8feecfa28384-groupManagement] INFO  segmented.SegmentedRaftLogWorker (SegmentedRaftLogWorker.java:lambda$new$0(134)) - 8808acf2-b901-482b-9182-8feecfa28384@group-6025E5D5C1B1-SegmentedRaftLogWorker: flushIndex: setUnconditionally 0 -> -1
2024-05-04 14:26:41,434 [8808acf2-b901-482b-9182-8feecfa28384-groupManagement] INFO  segmented.SegmentedRaftLogWorker (SegmentedRaftLogWorker.java:lambda$new$0(134)) - 8808acf2-b901-482b-9182-8feecfa28384@group-6025E5D5C1B1-SegmentedRaftLogWorker: safeCacheEvictIndex: setUnconditionally 0 -> -1
2024-05-04 14:26:41,432 [83059998-de51-48d1-9818-e6afe7fa3b6f-groupManagement] INFO  storage.RaftStorageDirectory (RaftStorageDirectoryImpl.java:tryLock(228)) - Lock on /home/runner/work/ozone/ozone/hadoop-ozone/integration-test/target/test-dir/MiniOzoneClusterImpl-7c905145-d891-4b2f-be71-50eb4aa8551e/ozone-meta/datanode-1/ratis/662b2c8d-8f14-41d3-87b4-6025e5d5c1b1/in_use.lock acquired by nodename 53612@fv-az1114-244
2024-05-04 14:26:41,435 [8808acf2-b901-482b-9182-8feecfa28384-groupManagement] INFO  server.RaftServer$Division (RaftServerImpl.java:start(396)) - 8808acf2-b901-482b-9182-8feecfa28384@group-6025E5D5C1B1: start as a follower, conf=-1: peers:[8808acf2-b901-482b-9182-8feecfa28384|127.0.0.1:15085, 9ec74834-1541-452c-921b-2d323393210f|127.0.0.1:15076, 83059998-de51-48d1-9818-e6afe7fa3b6f|127.0.0.1:15067]|listeners:[], old=null
2024-05-04 14:26:41,435 [83059998-de51-48d1-9818-e6afe7fa3b6f-groupManagement] INFO  storage.RaftStorage (RaftStorageImpl.java:format(99)) - Storage directory /home/runner/work/ozone/ozone/hadoop-ozone/integration-test/target/test-dir/MiniOzoneClusterImpl-7c905145-d891-4b2f-be71-50eb4aa8551e/ozone-meta/datanode-1/ratis/662b2c8d-8f14-41d3-87b4-6025e5d5c1b1 has been successfully formatted.
2024-05-04 14:26:41,436 [83059998-de51-48d1-9818-e6afe7fa3b6f-groupManagement] WARN  util.FileUtils (LogUtils.java:supplyAndLog(63)) - Failed to Files.newInputStream /home/runner/work/ozone/ozone/hadoop-ozone/integration-test/target/test-dir/MiniOzoneClusterImpl-7c905145-d891-4b2f-be71-50eb4aa8551e/ozone-meta/datanode-1/ratis/662b2c8d-8f14-41d3-87b4-6025e5d5c1b1/current/raft-meta.conf with options []: java.nio.file.NoSuchFileException: /home/runner/work/ozone/ozone/hadoop-ozone/integration-test/target/test-dir/MiniOzoneClusterImpl-7c905145-d891-4b2f-be71-50eb4aa8551e/ozone-meta/datanode-1/ratis/662b2c8d-8f14-41d3-87b4-6025e5d5c1b1/current/raft-meta.conf
2024-05-04 14:26:41,436 [83059998-de51-48d1-9818-e6afe7fa3b6f-groupManagement] INFO  ratis.ContainerStateMachine (ContainerStateMachine.java:loadSnapshot(287)) - group-6025E5D5C1B1: The snapshot info is null. Setting the last applied index to:(t:0, i:~)
2024-05-04 14:26:41,437 [83059998-de51-48d1-9818-e6afe7fa3b6f-groupManagement] INFO  server.RaftServerConfigKeys (ConfUtils.java:logGet(46)) - raft.server.log.use.memory = false (default)
2024-05-04 14:26:41,437 [83059998-de51-48d1-9818-e6afe7fa3b6f-groupManagement] INFO  server.RaftServerConfigKeys (ConfUtils.java:logGet(46)) - raft.server.log.purge.gap = 1000000 (custom)
2024-05-04 14:26:41,437 [83059998-de51-48d1-9818-e6afe7fa3b6f-groupManagement] INFO  server.RaftServerConfigKeys (ConfUtils.java:logGet(46)) - raft.server.log.appender.buffer.byte-limit = 8388608 (custom)
2024-05-04 14:26:41,438 [83059998-de51-48d1-9818-e6afe7fa3b6f-groupManagement] INFO  server.RaftServerConfigKeys (ConfUtils.java:logGet(46)) - raft.server.log.statemachine.data.read.timeout = 1000ms (default)
2024-05-04 14:26:41,439 [83059998-de51-48d1-9818-e6afe7fa3b6f-groupManagement] INFO  server.RaftServerConfigKeys (ConfUtils.java:logGet(46)) - raft.server.log.purge.preservation.log.num = 0 (default)
2024-05-04 14:26:41,438 [EventQueue-OpenPipelineForHealthyPipelineSafeModeRule] INFO  safemode.SCMSafeModeManager (HealthyPipelineSafeModeRule.java:process(140)) - SCM in safe mode. Healthy pipelines reported count is 0, required healthy pipeline reported count is 1
2024-05-04 14:26:41,438 [8808acf2-b901-482b-9182-8feecfa28384-groupManagement] INFO  server.RaftServer$Division (RaftServerImpl.java:setRole(383)) - 8808acf2-b901-482b-9182-8feecfa28384@group-6025E5D5C1B1: changes role from      null to FOLLOWER at term 0 for startAsFollower
2024-05-04 14:26:41,439 [8808acf2-b901-482b-9182-8feecfa28384-groupManagement] INFO  impl.RoleInfo (RoleInfo.java:updateAndGet(139)) - 8808acf2-b901-482b-9182-8feecfa28384: start 8808acf2-b901-482b-9182-8feecfa28384@group-6025E5D5C1B1-FollowerState
2024-05-04 14:26:41,440 [8808acf2-b901-482b-9182-8feecfa28384@group-6025E5D5C1B1-FollowerState] INFO  server.RaftServerConfigKeys (ConfUtils.java:logFallback(53)) - raft.server.rpc.first-election.timeout.min = 5s (fallback to raft.server.rpc.timeout.min)
2024-05-04 14:26:41,440 [83059998-de51-48d1-9818-e6afe7fa3b6f-groupManagement] INFO  server.RaftServerConfigKeys (ConfUtils.java:logGet(46)) - raft.server.log.segment.size.max = 67108864 (custom)
2024-05-04 14:26:41,441 [83059998-de51-48d1-9818-e6afe7fa3b6f-groupManagement] INFO  server.RaftServerConfigKeys (ConfUtils.java:logGet(46)) - raft.server.log.segment.cache.num.max = 2 (custom)
2024-05-04 14:26:41,441 [83059998-de51-48d1-9818-e6afe7fa3b6f-groupManagement] INFO  server.RaftServerConfigKeys (ConfUtils.java:logGet(46)) - raft.server.log.segment.cache.size.max = 200MB (=209715200) (default)
2024-05-04 14:26:41,441 [83059998-de51-48d1-9818-e6afe7fa3b6f-groupManagement] INFO  server.RaftServerConfigKeys (ConfUtils.java:logGet(46)) - raft.server.log.appender.buffer.byte-limit = 8388608 (custom)
2024-05-04 14:26:41,440 [8808acf2-b901-482b-9182-8feecfa28384-groupManagement] INFO  util.JmxRegister (JmxRegister.java:tryRegister(44)) - Successfully registered JMX Bean with object name Ratis:service=RaftServer,group=group-6025E5D5C1B1,id=8808acf2-b901-482b-9182-8feecfa28384
2024-05-04 14:26:41,441 [8808acf2-b901-482b-9182-8feecfa28384@group-6025E5D5C1B1-FollowerState] INFO  server.RaftServerConfigKeys (ConfUtils.java:logFallback(53)) - raft.server.rpc.first-election.timeout.max = 5200ms (fallback to raft.server.rpc.timeout.max)
2024-05-04 14:26:41,441 [8808acf2-b901-482b-9182-8feecfa28384-groupManagement] INFO  server.RaftServerConfigKeys (ConfUtils.java:logGet(46)) - raft.server.snapshot.trigger-when-stop.enabled = true (default)
2024-05-04 14:26:41,441 [8808acf2-b901-482b-9182-8feecfa28384-groupManagement] INFO  server.RaftServerConfigKeys (ConfUtils.java:logGet(46)) - raft.server.snapshot.auto.trigger.enabled = true (custom)
2024-05-04 14:26:41,441 [8808acf2-b901-482b-9182-8feecfa28384-groupManagement] INFO  server.RaftServerConfigKeys (ConfUtils.java:logGet(46)) - raft.server.snapshot.auto.trigger.threshold = 10000 (custom)
2024-05-04 14:26:41,441 [8808acf2-b901-482b-9182-8feecfa28384-groupManagement] INFO  server.RaftServerConfigKeys (ConfUtils.java:logGet(46)) - raft.server.snapshot.retention.file.num = 5 (custom)
2024-05-04 14:26:41,441 [8808acf2-b901-482b-9182-8feecfa28384-groupManagement] INFO  server.RaftServerConfigKeys (ConfUtils.java:logGet(46)) - raft.server.log.purge.upto.snapshot.index = false (default)
2024-05-04 14:26:41,442 [83059998-de51-48d1-9818-e6afe7fa3b6f-groupManagement] INFO  util.AwaitToRun (AwaitToRun.java:start(81)) - Thread[83059998-de51-48d1-9818-e6afe7fa3b6f@group-6025E5D5C1B1-cacheEviction-AwaitToRun,5,main] started
2024-05-04 14:26:41,442 [83059998-de51-48d1-9818-e6afe7fa3b6f-groupManagement] INFO  segmented.SegmentedRaftLogWorker (SegmentedRaftLogWorker.java:<init>(182)) - new 83059998-de51-48d1-9818-e6afe7fa3b6f@group-6025E5D5C1B1-SegmentedRaftLogWorker for RaftStorageImpl:Storage Directory /home/runner/work/ozone/ozone/hadoop-ozone/integration-test/target/test-dir/MiniOzoneClusterImpl-7c905145-d891-4b2f-be71-50eb4aa8551e/ozone-meta/datanode-1/ratis/662b2c8d-8f14-41d3-87b4-6025e5d5c1b1
2024-05-04 14:26:41,442 [83059998-de51-48d1-9818-e6afe7fa3b6f-groupManagement] INFO  server.RaftServerConfigKeys (ConfUtils.java:logGet(46)) - raft.server.log.queue.byte-limit = 4294967296 (custom)
2024-05-04 14:26:41,442 [83059998-de51-48d1-9818-e6afe7fa3b6f-groupManagement] INFO  server.RaftServerConfigKeys (ConfUtils.java:logGet(46)) - raft.server.log.queue.element-limit = 1024 (custom)
2024-05-04 14:26:41,442 [83059998-de51-48d1-9818-e6afe7fa3b6f-groupManagement] INFO  server.RaftServerConfigKeys (ConfUtils.java:logGet(46)) - raft.server.log.segment.size.max = 67108864 (custom)
2024-05-04 14:26:41,442 [83059998-de51-48d1-9818-e6afe7fa3b6f-groupManagement] INFO  server.RaftServerConfigKeys (ConfUtils.java:logGet(46)) - raft.server.log.preallocated.size = 4194304 (custom)
2024-05-04 14:26:41,442 [83059998-de51-48d1-9818-e6afe7fa3b6f-groupManagement] INFO  server.RaftServerConfigKeys (ConfUtils.java:logGet(46)) - raft.server.log.force.sync.num = 128 (default)
2024-05-04 14:26:41,442 [83059998-de51-48d1-9818-e6afe7fa3b6f-groupManagement] INFO  server.RaftServerConfigKeys (ConfUtils.java:logGet(46)) - raft.server.log.statemachine.data.sync = true (default)
2024-05-04 14:26:41,442 [83059998-de51-48d1-9818-e6afe7fa3b6f-groupManagement] INFO  server.RaftServerConfigKeys (ConfUtils.java:logGet(46)) - raft.server.log.statemachine.data.sync.timeout = 10s (default)
2024-05-04 14:26:41,442 [83059998-de51-48d1-9818-e6afe7fa3b6f-groupManagement] INFO  server.RaftServerConfigKeys (ConfUtils.java:logGet(46)) - raft.server.log.statemachine.data.sync.timeout.retry = 30 (custom)
2024-05-04 14:26:41,443 [83059998-de51-48d1-9818-e6afe7fa3b6f-groupManagement] INFO  server.RaftServerConfigKeys (ConfUtils.java:logGet(46)) - raft.server.log.write.buffer.size = 8388616 (custom)
2024-05-04 14:26:41,445 [8808acf2-b901-482b-9182-8feecfa28384-groupManagement] INFO  server.RaftServer$Division (RaftServerImpl.java:<init>(256)) - 8808acf2-b901-482b-9182-8feecfa28384: new RaftServerImpl for group-278816DC67B8:[8808acf2-b901-482b-9182-8feecfa28384|127.0.0.1:15085] with ContainerStateMachine:uninitialized
2024-05-04 14:26:41,445 [8808acf2-b901-482b-9182-8feecfa28384-groupManagement] INFO  server.RaftServerConfigKeys (ConfUtils.java:logGet(46)) - raft.server.rpc.timeout.min = 5s (custom)
2024-05-04 14:26:41,445 [8808acf2-b901-482b-9182-8feecfa28384-groupManagement] INFO  server.RaftServerConfigKeys (ConfUtils.java:logGet(46)) - raft.server.rpc.timeout.max = 5200ms (custom)
2024-05-04 14:26:41,445 [8808acf2-b901-482b-9182-8feecfa28384-groupManagement] INFO  server.RaftServerConfigKeys (ConfUtils.java:logGet(46)) - raft.server.rpc.sleep.time = 25ms (default)
2024-05-04 14:26:41,445 [8808acf2-b901-482b-9182-8feecfa28384-groupManagement] INFO  server.RaftServerConfigKeys (ConfUtils.java:logGet(46)) - raft.server.rpc.slowness.timeout = 300000ms (custom)
2024-05-04 14:26:41,445 [8808acf2-b901-482b-9182-8feecfa28384-groupManagement] INFO  server.RaftServerConfigKeys (ConfUtils.java:logGet(46)) - raft.server.leaderelection.leader.step-down.wait-time = 10s (default)
2024-05-04 14:26:41,445 [8808acf2-b901-482b-9182-8feecfa28384-groupManagement] INFO  server.RaftServerConfigKeys (ConfUtils.java:logGet(46)) - raft.server.leaderelection.member.majority-add = false (default)
2024-05-04 14:26:41,445 [8808acf2-b901-482b-9182-8feecfa28384-groupManagement] INFO  server.RaftServerConfigKeys (ConfUtils.java:logGet(46)) - raft.server.sleep.deviation.threshold = 300ms (default)
2024-05-04 14:26:41,445 [8808acf2-b901-482b-9182-8feecfa28384-groupManagement] INFO  server.RaftServer$Division (ServerState.java:<init>(113)) - 8808acf2-b901-482b-9182-8feecfa28384@group-278816DC67B8: ConfigurationManager, init=-1: peers:[8808acf2-b901-482b-9182-8feecfa28384|127.0.0.1:15085]|listeners:[], old=null, confs=<EMPTY_MAP>
2024-05-04 14:26:41,445 [8808acf2-b901-482b-9182-8feecfa28384-groupManagement] INFO  server.RaftServerConfigKeys (ConfUtils.java:logGet(46)) - raft.server.notification.no-leader.timeout = 300000ms (custom)
2024-05-04 14:26:41,445 [8808acf2-b901-482b-9182-8feecfa28384-groupManagement] INFO  server.RaftServerConfigKeys (ConfUtils.java:logGet(46)) - raft.server.read.timeout = 10s (default)
2024-05-04 14:26:41,445 [8808acf2-b901-482b-9182-8feecfa28384-groupManagement] INFO  server.RaftServerConfigKeys (ConfUtils.java:logGet(46)) - raft.server.retrycache.expirytime = 600000ms (custom)
2024-05-04 14:26:41,446 [8808acf2-b901-482b-9182-8feecfa28384-groupManagement] INFO  server.RaftServerConfigKeys (ConfUtils.java:logGet(46)) - raft.server.retrycache.statistics.expirytime = 100ms (default)
2024-05-04 14:26:41,446 [8808acf2-b901-482b-9182-8feecfa28384-groupManagement] INFO  server.RaftServerConfigKeys (ConfUtils.java:logGet(46)) - raft.server.read.option = DEFAULT (default)
2024-05-04 14:26:41,446 [8808acf2-b901-482b-9182-8feecfa28384-groupManagement] INFO  server.RaftServerConfigKeys (ConfUtils.java:logGet(46)) - raft.server.read.read-after-write-consistent.write-index-cache.expiry-time = 60s (default)
2024-05-04 14:26:41,448 [8808acf2-b901-482b-9182-8feecfa28384-groupManagement] INFO  server.RaftServerConfigKeys (ConfUtils.java:logGet(46)) - raft.server.rpc.request.timeout = 3000ms (default)
2024-05-04 14:26:41,448 [8808acf2-b901-482b-9182-8feecfa28384-groupManagement] INFO  server.RaftServerConfigKeys (ConfUtils.java:logGet(46)) - raft.server.log.appender.install.snapshot.enabled = false (custom)
2024-05-04 14:26:41,448 [8808acf2-b901-482b-9182-8feecfa28384-groupManagement] INFO  server.RaftServerConfigKeys (ConfUtils.java:logGet(46)) - raft.server.threadpool.server.cached = true (default)
2024-05-04 14:26:41,448 [8808acf2-b901-482b-9182-8feecfa28384-groupManagement] INFO  server.RaftServerConfigKeys (ConfUtils.java:logGet(46)) - raft.server.threadpool.server.size = 0 (default)
2024-05-04 14:26:41,448 [8808acf2-b901-482b-9182-8feecfa28384-groupManagement] INFO  server.RaftServerConfigKeys (ConfUtils.java:logGet(46)) - raft.server.threadpool.client.cached = true (default)
2024-05-04 14:26:41,448 [8808acf2-b901-482b-9182-8feecfa28384-groupManagement] INFO  server.RaftServerConfigKeys (ConfUtils.java:logGet(46)) - raft.server.threadpool.client.size = 0 (default)
2024-05-04 14:26:41,448 [8808acf2-b901-482b-9182-8feecfa28384-groupManagement] INFO  server.RaftServerConfigKeys (ConfUtils.java:logGet(46)) - raft.server.storage.free-space.min = 0MB (=0) (default)
2024-05-04 14:26:41,448 [8808acf2-b901-482b-9182-8feecfa28384-groupManagement] INFO  server.RaftServerConfigKeys (ConfUtils.java:logGet(46)) - raft.server.log.corruption.policy = EXCEPTION (default)
2024-05-04 14:26:41,448 [8808acf2-b901-482b-9182-8feecfa28384-groupManagement] INFO  server.RaftServerConfigKeys (ConfUtils.java:logGet(46)) - raft.server.storage.dir = [/home/runner/work/ozone/ozone/hadoop-ozone/integration-test/target/test-dir/MiniOzoneClusterImpl-7c905145-d891-4b2f-be71-50eb4aa8551e/ozone-meta/datanode-3/ratis] (custom)
2024-05-04 14:26:41,449 [8808acf2-b901-482b-9182-8feecfa28384-groupManagement] INFO  storage.RaftStorageDirectory (RaftStorageDirectoryImpl.java:analyzeStorage(138)) - The storage directory /home/runner/work/ozone/ozone/hadoop-ozone/integration-test/target/test-dir/MiniOzoneClusterImpl-7c905145-d891-4b2f-be71-50eb4aa8551e/ozone-meta/datanode-3/ratis/43a4f918-1f05-4b51-974f-278816dc67b8 does not exist. Creating ...
2024-05-04 14:26:41,450 [8808acf2-b901-482b-9182-8feecfa28384-groupManagement] INFO  storage.RaftStorageDirectory (RaftStorageDirectoryImpl.java:tryLock(228)) - Lock on /home/runner/work/ozone/ozone/hadoop-ozone/integration-test/target/test-dir/MiniOzoneClusterImpl-7c905145-d891-4b2f-be71-50eb4aa8551e/ozone-meta/datanode-3/ratis/43a4f918-1f05-4b51-974f-278816dc67b8/in_use.lock acquired by nodename 53612@fv-az1114-244
2024-05-04 14:26:41,450 [83059998-de51-48d1-9818-e6afe7fa3b6f-groupManagement] INFO  server.RaftServerConfigKeys (ConfUtils.java:logGet(46)) - raft.server.log.appender.buffer.byte-limit = 8388608 (custom)
2024-05-04 14:26:41,450 [83059998-de51-48d1-9818-e6afe7fa3b6f-groupManagement] INFO  server.RaftServerConfigKeys (ConfUtils.java:logGet(46)) - raft.server.log.unsafe-flush.enabled = false (default)
2024-05-04 14:26:41,451 [83059998-de51-48d1-9818-e6afe7fa3b6f-groupManagement] INFO  server.RaftServerConfigKeys (ConfUtils.java:logGet(46)) - raft.server.log.async-flush.enabled = false (default)
2024-05-04 14:26:41,451 [83059998-de51-48d1-9818-e6afe7fa3b6f-groupManagement] INFO  server.RaftServerConfigKeys (ConfUtils.java:logGet(46)) - raft.server.log.statemachine.data.caching.enabled = true (custom)
2024-05-04 14:26:41,451 [83059998-de51-48d1-9818-e6afe7fa3b6f-groupManagement] INFO  segmented.SegmentedRaftLogWorker (SegmentedRaftLogWorker.java:lambda$new$0(134)) - 83059998-de51-48d1-9818-e6afe7fa3b6f@group-6025E5D5C1B1-SegmentedRaftLogWorker: flushIndex: setUnconditionally 0 -> -1
2024-05-04 14:26:41,451 [83059998-de51-48d1-9818-e6afe7fa3b6f-groupManagement] INFO  segmented.SegmentedRaftLogWorker (SegmentedRaftLogWorker.java:lambda$new$0(134)) - 83059998-de51-48d1-9818-e6afe7fa3b6f@group-6025E5D5C1B1-SegmentedRaftLogWorker: safeCacheEvictIndex: setUnconditionally 0 -> -1
2024-05-04 14:26:41,452 [83059998-de51-48d1-9818-e6afe7fa3b6f-groupManagement] INFO  server.RaftServer$Division (RaftServerImpl.java:start(396)) - 83059998-de51-48d1-9818-e6afe7fa3b6f@group-6025E5D5C1B1: start as a follower, conf=-1: peers:[8808acf2-b901-482b-9182-8feecfa28384|127.0.0.1:15085, 9ec74834-1541-452c-921b-2d323393210f|127.0.0.1:15076, 83059998-de51-48d1-9818-e6afe7fa3b6f|127.0.0.1:15067]|listeners:[], old=null
2024-05-04 14:26:41,452 [8808acf2-b901-482b-9182-8feecfa28384-groupManagement] INFO  storage.RaftStorage (RaftStorageImpl.java:format(99)) - Storage directory /home/runner/work/ozone/ozone/hadoop-ozone/integration-test/target/test-dir/MiniOzoneClusterImpl-7c905145-d891-4b2f-be71-50eb4aa8551e/ozone-meta/datanode-3/ratis/43a4f918-1f05-4b51-974f-278816dc67b8 has been successfully formatted.
2024-05-04 14:26:41,452 [8808acf2-b901-482b-9182-8feecfa28384-groupManagement] WARN  util.FileUtils (LogUtils.java:supplyAndLog(63)) - Failed to Files.newInputStream /home/runner/work/ozone/ozone/hadoop-ozone/integration-test/target/test-dir/MiniOzoneClusterImpl-7c905145-d891-4b2f-be71-50eb4aa8551e/ozone-meta/datanode-3/ratis/43a4f918-1f05-4b51-974f-278816dc67b8/current/raft-meta.conf with options []: java.nio.file.NoSuchFileException: /home/runner/work/ozone/ozone/hadoop-ozone/integration-test/target/test-dir/MiniOzoneClusterImpl-7c905145-d891-4b2f-be71-50eb4aa8551e/ozone-meta/datanode-3/ratis/43a4f918-1f05-4b51-974f-278816dc67b8/current/raft-meta.conf
2024-05-04 14:26:41,452 [8808acf2-b901-482b-9182-8feecfa28384-groupManagement] INFO  ratis.ContainerStateMachine (ContainerStateMachine.java:loadSnapshot(287)) - group-278816DC67B8: The snapshot info is null. Setting the last applied index to:(t:0, i:~)
2024-05-04 14:26:41,452 [8808acf2-b901-482b-9182-8feecfa28384-groupManagement] INFO  server.RaftServerConfigKeys (ConfUtils.java:logGet(46)) - raft.server.log.use.memory = false (default)
2024-05-04 14:26:41,453 [8808acf2-b901-482b-9182-8feecfa28384-groupManagement] INFO  server.RaftServerConfigKeys (ConfUtils.java:logGet(46)) - raft.server.log.purge.gap = 1000000 (custom)
2024-05-04 14:26:41,453 [8808acf2-b901-482b-9182-8feecfa28384-groupManagement] INFO  server.RaftServerConfigKeys (ConfUtils.java:logGet(46)) - raft.server.log.appender.buffer.byte-limit = 8388608 (custom)
2024-05-04 14:26:41,453 [8808acf2-b901-482b-9182-8feecfa28384-groupManagement] INFO  server.RaftServerConfigKeys (ConfUtils.java:logGet(46)) - raft.server.log.statemachine.data.read.timeout = 1000ms (default)
2024-05-04 14:26:41,453 [8808acf2-b901-482b-9182-8feecfa28384-groupManagement] INFO  server.RaftServerConfigKeys (ConfUtils.java:logGet(46)) - raft.server.log.purge.preservation.log.num = 0 (default)
2024-05-04 14:26:41,453 [83059998-de51-48d1-9818-e6afe7fa3b6f-groupManagement] INFO  server.RaftServer$Division (RaftServerImpl.java:setRole(383)) - 83059998-de51-48d1-9818-e6afe7fa3b6f@group-6025E5D5C1B1: changes role from      null to FOLLOWER at term 0 for startAsFollower
2024-05-04 14:26:41,453 [83059998-de51-48d1-9818-e6afe7fa3b6f-groupManagement] INFO  impl.RoleInfo (RoleInfo.java:updateAndGet(139)) - 83059998-de51-48d1-9818-e6afe7fa3b6f: start 83059998-de51-48d1-9818-e6afe7fa3b6f@group-6025E5D5C1B1-FollowerState
2024-05-04 14:26:41,454 [8808acf2-b901-482b-9182-8feecfa28384-groupManagement] INFO  server.RaftServerConfigKeys (ConfUtils.java:logGet(46)) - raft.server.log.segment.size.max = 67108864 (custom)
2024-05-04 14:26:41,454 [8808acf2-b901-482b-9182-8feecfa28384-groupManagement] INFO  server.RaftServerConfigKeys (ConfUtils.java:logGet(46)) - raft.server.log.segment.cache.num.max = 2 (custom)
2024-05-04 14:26:41,454 [8808acf2-b901-482b-9182-8feecfa28384-groupManagement] INFO  server.RaftServerConfigKeys (ConfUtils.java:logGet(46)) - raft.server.log.segment.cache.size.max = 200MB (=209715200) (default)
2024-05-04 14:26:41,454 [8808acf2-b901-482b-9182-8feecfa28384-groupManagement] INFO  server.RaftServerConfigKeys (ConfUtils.java:logGet(46)) - raft.server.log.appender.buffer.byte-limit = 8388608 (custom)
2024-05-04 14:26:41,461 [EventQueue-OpenPipelineForHealthyPipelineSafeModeRule] INFO  safemode.SCMSafeModeManager (HealthyPipelineSafeModeRule.java:process(140)) - SCM in safe mode. Healthy pipelines reported count is 0, required healthy pipeline reported count is 1
2024-05-04 14:26:41,465 [83059998-de51-48d1-9818-e6afe7fa3b6f-groupManagement] INFO  util.JmxRegister (JmxRegister.java:tryRegister(44)) - Successfully registered JMX Bean with object name Ratis:service=RaftServer,group=group-6025E5D5C1B1,id=83059998-de51-48d1-9818-e6afe7fa3b6f
2024-05-04 14:26:41,465 [83059998-de51-48d1-9818-e6afe7fa3b6f@group-6025E5D5C1B1-FollowerState] INFO  server.RaftServerConfigKeys (ConfUtils.java:logFallback(53)) - raft.server.rpc.first-election.timeout.min = 5s (fallback to raft.server.rpc.timeout.min)
2024-05-04 14:26:41,466 [83059998-de51-48d1-9818-e6afe7fa3b6f@group-6025E5D5C1B1-FollowerState] INFO  server.RaftServerConfigKeys (ConfUtils.java:logFallback(53)) - raft.server.rpc.first-election.timeout.max = 5200ms (fallback to raft.server.rpc.timeout.max)
2024-05-04 14:26:41,466 [8808acf2-b901-482b-9182-8feecfa28384-groupManagement] INFO  util.AwaitToRun (AwaitToRun.java:start(81)) - Thread[8808acf2-b901-482b-9182-8feecfa28384@group-278816DC67B8-cacheEviction-AwaitToRun,5,main] started
2024-05-04 14:26:41,466 [8808acf2-b901-482b-9182-8feecfa28384-groupManagement] INFO  segmented.SegmentedRaftLogWorker (SegmentedRaftLogWorker.java:<init>(182)) - new 8808acf2-b901-482b-9182-8feecfa28384@group-278816DC67B8-SegmentedRaftLogWorker for RaftStorageImpl:Storage Directory /home/runner/work/ozone/ozone/hadoop-ozone/integration-test/target/test-dir/MiniOzoneClusterImpl-7c905145-d891-4b2f-be71-50eb4aa8551e/ozone-meta/datanode-3/ratis/43a4f918-1f05-4b51-974f-278816dc67b8
2024-05-04 14:26:41,466 [8808acf2-b901-482b-9182-8feecfa28384-groupManagement] INFO  server.RaftServerConfigKeys (ConfUtils.java:logGet(46)) - raft.server.log.queue.byte-limit = 4294967296 (custom)
2024-05-04 14:26:41,466 [8808acf2-b901-482b-9182-8feecfa28384-groupManagement] INFO  server.RaftServerConfigKeys (ConfUtils.java:logGet(46)) - raft.server.log.queue.element-limit = 1024 (custom)
2024-05-04 14:26:41,466 [8808acf2-b901-482b-9182-8feecfa28384-groupManagement] INFO  server.RaftServerConfigKeys (ConfUtils.java:logGet(46)) - raft.server.log.segment.size.max = 67108864 (custom)
2024-05-04 14:26:41,466 [8808acf2-b901-482b-9182-8feecfa28384-groupManagement] INFO  server.RaftServerConfigKeys (ConfUtils.java:logGet(46)) - raft.server.log.preallocated.size = 4194304 (custom)
2024-05-04 14:26:41,466 [8808acf2-b901-482b-9182-8feecfa28384-groupManagement] INFO  server.RaftServerConfigKeys (ConfUtils.java:logGet(46)) - raft.server.log.force.sync.num = 128 (default)
2024-05-04 14:26:41,466 [8808acf2-b901-482b-9182-8feecfa28384-groupManagement] INFO  server.RaftServerConfigKeys (ConfUtils.java:logGet(46)) - raft.server.log.statemachine.data.sync = true (default)
2024-05-04 14:26:41,466 [8808acf2-b901-482b-9182-8feecfa28384-groupManagement] INFO  server.RaftServerConfigKeys (ConfUtils.java:logGet(46)) - raft.server.log.statemachine.data.sync.timeout = 10s (default)
2024-05-04 14:26:41,466 [8808acf2-b901-482b-9182-8feecfa28384-groupManagement] INFO  server.RaftServerConfigKeys (ConfUtils.java:logGet(46)) - raft.server.log.statemachine.data.sync.timeout.retry = 30 (custom)
2024-05-04 14:26:41,466 [8808acf2-b901-482b-9182-8feecfa28384-groupManagement] INFO  server.RaftServerConfigKeys (ConfUtils.java:logGet(46)) - raft.server.log.write.buffer.size = 8388616 (custom)
2024-05-04 14:26:41,468 [8808acf2-b901-482b-9182-8feecfa28384-groupManagement] INFO  server.RaftServerConfigKeys (ConfUtils.java:logGet(46)) - raft.server.log.appender.buffer.byte-limit = 8388608 (custom)
2024-05-04 14:26:41,468 [8808acf2-b901-482b-9182-8feecfa28384-groupManagement] INFO  server.RaftServerConfigKeys (ConfUtils.java:logGet(46)) - raft.server.log.unsafe-flush.enabled = false (default)
2024-05-04 14:26:41,468 [8808acf2-b901-482b-9182-8feecfa28384-groupManagement] INFO  server.RaftServerConfigKeys (ConfUtils.java:logGet(46)) - raft.server.log.async-flush.enabled = false (default)
2024-05-04 14:26:41,468 [8808acf2-b901-482b-9182-8feecfa28384-groupManagement] INFO  server.RaftServerConfigKeys (ConfUtils.java:logGet(46)) - raft.server.log.statemachine.data.caching.enabled = true (custom)
2024-05-04 14:26:41,468 [8808acf2-b901-482b-9182-8feecfa28384-groupManagement] INFO  segmented.SegmentedRaftLogWorker (SegmentedRaftLogWorker.java:lambda$new$0(134)) - 8808acf2-b901-482b-9182-8feecfa28384@group-278816DC67B8-SegmentedRaftLogWorker: flushIndex: setUnconditionally 0 -> -1
2024-05-04 14:26:41,468 [8808acf2-b901-482b-9182-8feecfa28384-groupManagement] INFO  segmented.SegmentedRaftLogWorker (SegmentedRaftLogWorker.java:lambda$new$0(134)) - 8808acf2-b901-482b-9182-8feecfa28384@group-278816DC67B8-SegmentedRaftLogWorker: safeCacheEvictIndex: setUnconditionally 0 -> -1
2024-05-04 14:26:41,465 [83059998-de51-48d1-9818-e6afe7fa3b6f-groupManagement] INFO  server.RaftServerConfigKeys (ConfUtils.java:logGet(46)) - raft.server.snapshot.trigger-when-stop.enabled = true (default)
2024-05-04 14:26:41,468 [83059998-de51-48d1-9818-e6afe7fa3b6f-groupManagement] INFO  server.RaftServerConfigKeys (ConfUtils.java:logGet(46)) - raft.server.snapshot.auto.trigger.enabled = true (custom)
2024-05-04 14:26:41,468 [83059998-de51-48d1-9818-e6afe7fa3b6f-groupManagement] INFO  server.RaftServerConfigKeys (ConfUtils.java:logGet(46)) - raft.server.snapshot.auto.trigger.threshold = 10000 (custom)
2024-05-04 14:26:41,468 [83059998-de51-48d1-9818-e6afe7fa3b6f-groupManagement] INFO  server.RaftServerConfigKeys (ConfUtils.java:logGet(46)) - raft.server.snapshot.retention.file.num = 5 (custom)
2024-05-04 14:26:41,469 [83059998-de51-48d1-9818-e6afe7fa3b6f-groupManagement] INFO  server.RaftServerConfigKeys (ConfUtils.java:logGet(46)) - raft.server.log.purge.upto.snapshot.index = false (default)
2024-05-04 14:26:41,471 [8808acf2-b901-482b-9182-8feecfa28384-groupManagement] INFO  server.RaftServer$Division (RaftServerImpl.java:start(396)) - 8808acf2-b901-482b-9182-8feecfa28384@group-278816DC67B8: start as a follower, conf=-1: peers:[8808acf2-b901-482b-9182-8feecfa28384|127.0.0.1:15085]|listeners:[], old=null
2024-05-04 14:26:41,471 [8808acf2-b901-482b-9182-8feecfa28384-groupManagement] INFO  server.RaftServer$Division (RaftServerImpl.java:setRole(383)) - 8808acf2-b901-482b-9182-8feecfa28384@group-278816DC67B8: changes role from      null to FOLLOWER at term 0 for startAsFollower
2024-05-04 14:26:41,471 [8808acf2-b901-482b-9182-8feecfa28384-groupManagement] INFO  impl.RoleInfo (RoleInfo.java:updateAndGet(139)) - 8808acf2-b901-482b-9182-8feecfa28384: start 8808acf2-b901-482b-9182-8feecfa28384@group-278816DC67B8-FollowerState
2024-05-04 14:26:41,471 [83059998-de51-48d1-9818-e6afe7fa3b6f-PipelineCommandHandlerThread-0] INFO  ratis.XceiverServerRatis (XceiverServerRatis.java:addGroup(864)) - Created group PipelineID=662b2c8d-8f14-41d3-87b4-6025e5d5c1b1
2024-05-04 14:26:41,473 [8808acf2-b901-482b-9182-8feecfa28384-groupManagement] INFO  util.JmxRegister (JmxRegister.java:tryRegister(44)) - Successfully registered JMX Bean with object name Ratis:service=RaftServer,group=group-278816DC67B8,id=8808acf2-b901-482b-9182-8feecfa28384
2024-05-04 14:26:41,473 [8808acf2-b901-482b-9182-8feecfa28384-groupManagement] INFO  server.RaftServerConfigKeys (ConfUtils.java:logGet(46)) - raft.server.snapshot.trigger-when-stop.enabled = true (default)
2024-05-04 14:26:41,473 [8808acf2-b901-482b-9182-8feecfa28384-groupManagement] INFO  server.RaftServerConfigKeys (ConfUtils.java:logGet(46)) - raft.server.snapshot.auto.trigger.enabled = true (custom)
2024-05-04 14:26:41,473 [8808acf2-b901-482b-9182-8feecfa28384-groupManagement] INFO  server.RaftServerConfigKeys (ConfUtils.java:logGet(46)) - raft.server.snapshot.auto.trigger.threshold = 10000 (custom)
2024-05-04 14:26:41,473 [8808acf2-b901-482b-9182-8feecfa28384-groupManagement] INFO  server.RaftServerConfigKeys (ConfUtils.java:logGet(46)) - raft.server.snapshot.retention.file.num = 5 (custom)
2024-05-04 14:26:41,473 [8808acf2-b901-482b-9182-8feecfa28384-groupManagement] INFO  server.RaftServerConfigKeys (ConfUtils.java:logGet(46)) - raft.server.log.purge.upto.snapshot.index = false (default)
2024-05-04 14:26:41,476 [8808acf2-b901-482b-9182-8feecfa28384@group-278816DC67B8-FollowerState] INFO  server.RaftServerConfigKeys (ConfUtils.java:logFallback(53)) - raft.server.rpc.first-election.timeout.min = 5s (fallback to raft.server.rpc.timeout.min)
2024-05-04 14:26:41,477 [8808acf2-b901-482b-9182-8feecfa28384@group-278816DC67B8-FollowerState] INFO  server.RaftServerConfigKeys (ConfUtils.java:logFallback(53)) - raft.server.rpc.first-election.timeout.max = 5200ms (fallback to raft.server.rpc.timeout.max)
2024-05-04 14:26:41,483 [9ec74834-1541-452c-921b-2d323393210f-PipelineCommandHandlerThread-0] INFO  commandhandler.CreatePipelineCommandHandler (CreatePipelineCommandHandler.java:lambda$handle$2(124)) - Created Pipeline RATIS THREE PipelineID=662b2c8d-8f14-41d3-87b4-6025e5d5c1b1.
2024-05-04 14:26:41,483 [9ec74834-1541-452c-921b-2d323393210f-PipelineCommandHandlerThread-0] INFO  server.RaftServer (RaftServerProxy.java:addNew(100)) - 9ec74834-1541-452c-921b-2d323393210f: addNew group-C3DAD7AF45B8:[8808acf2-b901-482b-9182-8feecfa28384|127.0.0.1:15085, 9ec74834-1541-452c-921b-2d323393210f|127.0.0.1:15076, 83059998-de51-48d1-9818-e6afe7fa3b6f|127.0.0.1:15067] returns group-C3DAD7AF45B8:java.util.concurrent.CompletableFuture@347ddc21[Not completed]
2024-05-04 14:26:41,484 [9ec74834-1541-452c-921b-2d323393210f-groupManagement] INFO  server.RaftServer$Division (RaftServerImpl.java:<init>(256)) - 9ec74834-1541-452c-921b-2d323393210f: new RaftServerImpl for group-C3DAD7AF45B8:[8808acf2-b901-482b-9182-8feecfa28384|127.0.0.1:15085, 9ec74834-1541-452c-921b-2d323393210f|127.0.0.1:15076, 83059998-de51-48d1-9818-e6afe7fa3b6f|127.0.0.1:15067] with ContainerStateMachine:uninitialized
2024-05-04 14:26:41,484 [9ec74834-1541-452c-921b-2d323393210f-groupManagement] INFO  server.RaftServerConfigKeys (ConfUtils.java:logGet(46)) - raft.server.rpc.timeout.min = 5s (custom)
2024-05-04 14:26:41,484 [9ec74834-1541-452c-921b-2d323393210f-groupManagement] INFO  server.RaftServerConfigKeys (ConfUtils.java:logGet(46)) - raft.server.rpc.timeout.max = 5200ms (custom)
2024-05-04 14:26:41,484 [9ec74834-1541-452c-921b-2d323393210f-groupManagement] INFO  server.RaftServerConfigKeys (ConfUtils.java:logGet(46)) - raft.server.rpc.sleep.time = 25ms (default)
2024-05-04 14:26:41,485 [9ec74834-1541-452c-921b-2d323393210f-groupManagement] INFO  server.RaftServerConfigKeys (ConfUtils.java:logGet(46)) - raft.server.rpc.slowness.timeout = 300000ms (custom)
2024-05-04 14:26:41,485 [9ec74834-1541-452c-921b-2d323393210f-groupManagement] INFO  server.RaftServerConfigKeys (ConfUtils.java:logGet(46)) - raft.server.leaderelection.leader.step-down.wait-time = 10s (default)
2024-05-04 14:26:41,485 [9ec74834-1541-452c-921b-2d323393210f-groupManagement] INFO  server.RaftServerConfigKeys (ConfUtils.java:logGet(46)) - raft.server.leaderelection.member.majority-add = false (default)
2024-05-04 14:26:41,485 [9ec74834-1541-452c-921b-2d323393210f-groupManagement] INFO  server.RaftServerConfigKeys (ConfUtils.java:logGet(46)) - raft.server.sleep.deviation.threshold = 300ms (default)
2024-05-04 14:26:41,485 [9ec74834-1541-452c-921b-2d323393210f-groupManagement] INFO  server.RaftServer$Division (ServerState.java:<init>(113)) - 9ec74834-1541-452c-921b-2d323393210f@group-C3DAD7AF45B8: ConfigurationManager, init=-1: peers:[8808acf2-b901-482b-9182-8feecfa28384|127.0.0.1:15085, 9ec74834-1541-452c-921b-2d323393210f|127.0.0.1:15076, 83059998-de51-48d1-9818-e6afe7fa3b6f|127.0.0.1:15067]|listeners:[], old=null, confs=<EMPTY_MAP>
2024-05-04 14:26:41,485 [9ec74834-1541-452c-921b-2d323393210f-groupManagement] INFO  server.RaftServerConfigKeys (ConfUtils.java:logGet(46)) - raft.server.notification.no-leader.timeout = 300000ms (custom)
2024-05-04 14:26:41,485 [9ec74834-1541-452c-921b-2d323393210f-groupManagement] INFO  server.RaftServerConfigKeys (ConfUtils.java:logGet(46)) - raft.server.read.timeout = 10s (default)
2024-05-04 14:26:41,485 [9ec74834-1541-452c-921b-2d323393210f-groupManagement] INFO  server.RaftServerConfigKeys (ConfUtils.java:logGet(46)) - raft.server.retrycache.expirytime = 600000ms (custom)
2024-05-04 14:26:41,485 [9ec74834-1541-452c-921b-2d323393210f-groupManagement] INFO  server.RaftServerConfigKeys (ConfUtils.java:logGet(46)) - raft.server.retrycache.statistics.expirytime = 100ms (default)
2024-05-04 14:26:41,485 [9ec74834-1541-452c-921b-2d323393210f-groupManagement] INFO  server.RaftServerConfigKeys (ConfUtils.java:logGet(46)) - raft.server.read.option = DEFAULT (default)
2024-05-04 14:26:41,485 [9ec74834-1541-452c-921b-2d323393210f-groupManagement] INFO  server.RaftServerConfigKeys (ConfUtils.java:logGet(46)) - raft.server.read.read-after-write-consistent.write-index-cache.expiry-time = 60s (default)
2024-05-04 14:26:41,487 [9ec74834-1541-452c-921b-2d323393210f-groupManagement] INFO  server.RaftServerConfigKeys (ConfUtils.java:logGet(46)) - raft.server.rpc.request.timeout = 3000ms (default)
2024-05-04 14:26:41,488 [9ec74834-1541-452c-921b-2d323393210f-groupManagement] INFO  server.RaftServerConfigKeys (ConfUtils.java:logGet(46)) - raft.server.log.appender.install.snapshot.enabled = false (custom)
2024-05-04 14:26:41,488 [9ec74834-1541-452c-921b-2d323393210f-groupManagement] INFO  server.RaftServerConfigKeys (ConfUtils.java:logGet(46)) - raft.server.threadpool.server.cached = true (default)
2024-05-04 14:26:41,488 [9ec74834-1541-452c-921b-2d323393210f-groupManagement] INFO  server.RaftServerConfigKeys (ConfUtils.java:logGet(46)) - raft.server.threadpool.server.size = 0 (default)
2024-05-04 14:26:41,488 [9ec74834-1541-452c-921b-2d323393210f-groupManagement] INFO  server.RaftServerConfigKeys (ConfUtils.java:logGet(46)) - raft.server.threadpool.client.cached = true (default)
2024-05-04 14:26:41,488 [9ec74834-1541-452c-921b-2d323393210f-groupManagement] INFO  server.RaftServerConfigKeys (ConfUtils.java:logGet(46)) - raft.server.threadpool.client.size = 0 (default)
2024-05-04 14:26:41,488 [9ec74834-1541-452c-921b-2d323393210f-groupManagement] INFO  server.RaftServerConfigKeys (ConfUtils.java:logGet(46)) - raft.server.storage.free-space.min = 0MB (=0) (default)
2024-05-04 14:26:41,488 [9ec74834-1541-452c-921b-2d323393210f-groupManagement] INFO  server.RaftServerConfigKeys (ConfUtils.java:logGet(46)) - raft.server.log.corruption.policy = EXCEPTION (default)
2024-05-04 14:26:41,488 [9ec74834-1541-452c-921b-2d323393210f-groupManagement] INFO  server.RaftServerConfigKeys (ConfUtils.java:logGet(46)) - raft.server.storage.dir = [/home/runner/work/ozone/ozone/hadoop-ozone/integration-test/target/test-dir/MiniOzoneClusterImpl-7c905145-d891-4b2f-be71-50eb4aa8551e/ozone-meta/datanode-2/ratis] (custom)
2024-05-04 14:26:41,488 [9ec74834-1541-452c-921b-2d323393210f-groupManagement] INFO  storage.RaftStorageDirectory (RaftStorageDirectoryImpl.java:analyzeStorage(138)) - The storage directory /home/runner/work/ozone/ozone/hadoop-ozone/integration-test/target/test-dir/MiniOzoneClusterImpl-7c905145-d891-4b2f-be71-50eb4aa8551e/ozone-meta/datanode-2/ratis/29719e95-3b68-43b3-b996-c3dad7af45b8 does not exist. Creating ...
2024-05-04 14:26:41,489 [9ec74834-1541-452c-921b-2d323393210f-groupManagement] INFO  storage.RaftStorageDirectory (RaftStorageDirectoryImpl.java:tryLock(228)) - Lock on /home/runner/work/ozone/ozone/hadoop-ozone/integration-test/target/test-dir/MiniOzoneClusterImpl-7c905145-d891-4b2f-be71-50eb4aa8551e/ozone-meta/datanode-2/ratis/29719e95-3b68-43b3-b996-c3dad7af45b8/in_use.lock acquired by nodename 53612@fv-az1114-244
2024-05-04 14:26:41,490 [9ec74834-1541-452c-921b-2d323393210f-groupManagement] INFO  storage.RaftStorage (RaftStorageImpl.java:format(99)) - Storage directory /home/runner/work/ozone/ozone/hadoop-ozone/integration-test/target/test-dir/MiniOzoneClusterImpl-7c905145-d891-4b2f-be71-50eb4aa8551e/ozone-meta/datanode-2/ratis/29719e95-3b68-43b3-b996-c3dad7af45b8 has been successfully formatted.
2024-05-04 14:26:41,491 [9ec74834-1541-452c-921b-2d323393210f-groupManagement] WARN  util.FileUtils (LogUtils.java:supplyAndLog(63)) - Failed to Files.newInputStream /home/runner/work/ozone/ozone/hadoop-ozone/integration-test/target/test-dir/MiniOzoneClusterImpl-7c905145-d891-4b2f-be71-50eb4aa8551e/ozone-meta/datanode-2/ratis/29719e95-3b68-43b3-b996-c3dad7af45b8/current/raft-meta.conf with options []: java.nio.file.NoSuchFileException: /home/runner/work/ozone/ozone/hadoop-ozone/integration-test/target/test-dir/MiniOzoneClusterImpl-7c905145-d891-4b2f-be71-50eb4aa8551e/ozone-meta/datanode-2/ratis/29719e95-3b68-43b3-b996-c3dad7af45b8/current/raft-meta.conf
2024-05-04 14:26:41,491 [9ec74834-1541-452c-921b-2d323393210f-groupManagement] INFO  ratis.ContainerStateMachine (ContainerStateMachine.java:loadSnapshot(287)) - group-C3DAD7AF45B8: The snapshot info is null. Setting the last applied index to:(t:0, i:~)
2024-05-04 14:26:41,491 [9ec74834-1541-452c-921b-2d323393210f-groupManagement] INFO  server.RaftServerConfigKeys (ConfUtils.java:logGet(46)) - raft.server.log.use.memory = false (default)
2024-05-04 14:26:41,491 [9ec74834-1541-452c-921b-2d323393210f-groupManagement] INFO  server.RaftServerConfigKeys (ConfUtils.java:logGet(46)) - raft.server.log.purge.gap = 1000000 (custom)
2024-05-04 14:26:41,491 [9ec74834-1541-452c-921b-2d323393210f-groupManagement] INFO  server.RaftServerConfigKeys (ConfUtils.java:logGet(46)) - raft.server.log.appender.buffer.byte-limit = 8388608 (custom)
2024-05-04 14:26:41,491 [9ec74834-1541-452c-921b-2d323393210f-groupManagement] INFO  server.RaftServerConfigKeys (ConfUtils.java:logGet(46)) - raft.server.log.statemachine.data.read.timeout = 1000ms (default)
2024-05-04 14:26:41,492 [9ec74834-1541-452c-921b-2d323393210f-groupManagement] INFO  server.RaftServerConfigKeys (ConfUtils.java:logGet(46)) - raft.server.log.purge.preservation.log.num = 0 (default)
2024-05-04 14:26:41,493 [9ec74834-1541-452c-921b-2d323393210f-groupManagement] INFO  server.RaftServerConfigKeys (ConfUtils.java:logGet(46)) - raft.server.log.segment.size.max = 67108864 (custom)
2024-05-04 14:26:41,493 [EventQueue-OpenPipelineForHealthyPipelineSafeModeRule] INFO  safemode.SCMSafeModeManager (HealthyPipelineSafeModeRule.java:process(140)) - SCM in safe mode. Healthy pipelines reported count is 0, required healthy pipeline reported count is 1
2024-05-04 14:26:41,493 [9ec74834-1541-452c-921b-2d323393210f-groupManagement] INFO  server.RaftServerConfigKeys (ConfUtils.java:logGet(46)) - raft.server.log.segment.cache.num.max = 2 (custom)
2024-05-04 14:26:41,494 [9ec74834-1541-452c-921b-2d323393210f-groupManagement] INFO  server.RaftServerConfigKeys (ConfUtils.java:logGet(46)) - raft.server.log.segment.cache.size.max = 200MB (=209715200) (default)
2024-05-04 14:26:41,494 [9ec74834-1541-452c-921b-2d323393210f-groupManagement] INFO  server.RaftServerConfigKeys (ConfUtils.java:logGet(46)) - raft.server.log.appender.buffer.byte-limit = 8388608 (custom)
2024-05-04 14:26:41,497 [ccbd6c79-39e6-4e91-99a9-9b6c204b47e9-PipelineCommandHandlerThread-0] INFO  server.RaftServer (RaftServerProxy.java:addNew(100)) - ccbd6c79-39e6-4e91-99a9-9b6c204b47e9: addNew group-B8816B9210C0:[ccbd6c79-39e6-4e91-99a9-9b6c204b47e9|127.0.0.1:15094] returns group-B8816B9210C0:java.util.concurrent.CompletableFuture@17bbb756[Not completed]
2024-05-04 14:26:41,497 [8808acf2-b901-482b-9182-8feecfa28384-PipelineCommandHandlerThread-0] INFO  ratis.XceiverServerRatis (XceiverServerRatis.java:addGroup(864)) - Created group PipelineID=43a4f918-1f05-4b51-974f-278816dc67b8
2024-05-04 14:26:41,497 [8808acf2-b901-482b-9182-8feecfa28384-PipelineCommandHandlerThread-0] INFO  commandhandler.CreatePipelineCommandHandler (CreatePipelineCommandHandler.java:lambda$handle$2(124)) - Created Pipeline RATIS ONE PipelineID=43a4f918-1f05-4b51-974f-278816dc67b8.
2024-05-04 14:26:41,497 [8808acf2-b901-482b-9182-8feecfa28384-PipelineCommandHandlerThread-0] INFO  server.RaftServer (RaftServerProxy.java:addNew(100)) - 8808acf2-b901-482b-9182-8feecfa28384: addNew group-C3DAD7AF45B8:[8808acf2-b901-482b-9182-8feecfa28384|127.0.0.1:15085, 9ec74834-1541-452c-921b-2d323393210f|127.0.0.1:15076, 83059998-de51-48d1-9818-e6afe7fa3b6f|127.0.0.1:15067] returns group-C3DAD7AF45B8:java.util.concurrent.CompletableFuture@35f7eafb[Not completed]
2024-05-04 14:26:41,498 [8808acf2-b901-482b-9182-8feecfa28384-groupManagement] INFO  server.RaftServer$Division (RaftServerImpl.java:<init>(256)) - 8808acf2-b901-482b-9182-8feecfa28384: new RaftServerImpl for group-C3DAD7AF45B8:[8808acf2-b901-482b-9182-8feecfa28384|127.0.0.1:15085, 9ec74834-1541-452c-921b-2d323393210f|127.0.0.1:15076, 83059998-de51-48d1-9818-e6afe7fa3b6f|127.0.0.1:15067] with ContainerStateMachine:uninitialized
2024-05-04 14:26:41,498 [8808acf2-b901-482b-9182-8feecfa28384-groupManagement] INFO  server.RaftServerConfigKeys (ConfUtils.java:logGet(46)) - raft.server.rpc.timeout.min = 5s (custom)
2024-05-04 14:26:41,498 [8808acf2-b901-482b-9182-8feecfa28384-groupManagement] INFO  server.RaftServerConfigKeys (ConfUtils.java:logGet(46)) - raft.server.rpc.timeout.max = 5200ms (custom)
2024-05-04 14:26:41,498 [8808acf2-b901-482b-9182-8feecfa28384-groupManagement] INFO  server.RaftServerConfigKeys (ConfUtils.java:logGet(46)) - raft.server.rpc.sleep.time = 25ms (default)
2024-05-04 14:26:41,498 [8808acf2-b901-482b-9182-8feecfa28384-groupManagement] INFO  server.RaftServerConfigKeys (ConfUtils.java:logGet(46)) - raft.server.rpc.slowness.timeout = 300000ms (custom)
2024-05-04 14:26:41,498 [8808acf2-b901-482b-9182-8feecfa28384-groupManagement] INFO  server.RaftServerConfigKeys (ConfUtils.java:logGet(46)) - raft.server.leaderelection.leader.step-down.wait-time = 10s (default)
2024-05-04 14:26:41,498 [8808acf2-b901-482b-9182-8feecfa28384-groupManagement] INFO  server.RaftServerConfigKeys (ConfUtils.java:logGet(46)) - raft.server.leaderelection.member.majority-add = false (default)
2024-05-04 14:26:41,498 [8808acf2-b901-482b-9182-8feecfa28384-groupManagement] INFO  server.RaftServerConfigKeys (ConfUtils.java:logGet(46)) - raft.server.sleep.deviation.threshold = 300ms (default)
2024-05-04 14:26:41,498 [8808acf2-b901-482b-9182-8feecfa28384-groupManagement] INFO  server.RaftServer$Division (ServerState.java:<init>(113)) - 8808acf2-b901-482b-9182-8feecfa28384@group-C3DAD7AF45B8: ConfigurationManager, init=-1: peers:[8808acf2-b901-482b-9182-8feecfa28384|127.0.0.1:15085, 9ec74834-1541-452c-921b-2d323393210f|127.0.0.1:15076, 83059998-de51-48d1-9818-e6afe7fa3b6f|127.0.0.1:15067]|listeners:[], old=null, confs=<EMPTY_MAP>
2024-05-04 14:26:41,498 [8808acf2-b901-482b-9182-8feecfa28384-groupManagement] INFO  server.RaftServerConfigKeys (ConfUtils.java:logGet(46)) - raft.server.notification.no-leader.timeout = 300000ms (custom)
2024-05-04 14:26:41,498 [8808acf2-b901-482b-9182-8feecfa28384-groupManagement] INFO  server.RaftServerConfigKeys (ConfUtils.java:logGet(46)) - raft.server.read.timeout = 10s (default)
2024-05-04 14:26:41,499 [8808acf2-b901-482b-9182-8feecfa28384-groupManagement] INFO  server.RaftServerConfigKeys (ConfUtils.java:logGet(46)) - raft.server.retrycache.expirytime = 600000ms (custom)
2024-05-04 14:26:41,499 [8808acf2-b901-482b-9182-8feecfa28384-groupManagement] INFO  server.RaftServerConfigKeys (ConfUtils.java:logGet(46)) - raft.server.retrycache.statistics.expirytime = 100ms (default)
2024-05-04 14:26:41,499 [8808acf2-b901-482b-9182-8feecfa28384-groupManagement] INFO  server.RaftServerConfigKeys (ConfUtils.java:logGet(46)) - raft.server.read.option = DEFAULT (default)
2024-05-04 14:26:41,499 [8808acf2-b901-482b-9182-8feecfa28384-groupManagement] INFO  server.RaftServerConfigKeys (ConfUtils.java:logGet(46)) - raft.server.read.read-after-write-consistent.write-index-cache.expiry-time = 60s (default)
2024-05-04 14:26:41,502 [8808acf2-b901-482b-9182-8feecfa28384-groupManagement] INFO  server.RaftServerConfigKeys (ConfUtils.java:logGet(46)) - raft.server.rpc.request.timeout = 3000ms (default)
2024-05-04 14:26:41,502 [8808acf2-b901-482b-9182-8feecfa28384-groupManagement] INFO  server.RaftServerConfigKeys (ConfUtils.java:logGet(46)) - raft.server.log.appender.install.snapshot.enabled = false (custom)
2024-05-04 14:26:41,502 [8808acf2-b901-482b-9182-8feecfa28384-groupManagement] INFO  server.RaftServerConfigKeys (ConfUtils.java:logGet(46)) - raft.server.threadpool.server.cached = true (default)
2024-05-04 14:26:41,502 [ccbd6c79-39e6-4e91-99a9-9b6c204b47e9-groupManagement] INFO  server.RaftServer$Division (RaftServerImpl.java:<init>(256)) - ccbd6c79-39e6-4e91-99a9-9b6c204b47e9: new RaftServerImpl for group-B8816B9210C0:[ccbd6c79-39e6-4e91-99a9-9b6c204b47e9|127.0.0.1:15094] with ContainerStateMachine:uninitialized
2024-05-04 14:26:41,502 [8808acf2-b901-482b-9182-8feecfa28384-groupManagement] INFO  server.RaftServerConfigKeys (ConfUtils.java:logGet(46)) - raft.server.threadpool.server.size = 0 (default)
2024-05-04 14:26:41,502 [8808acf2-b901-482b-9182-8feecfa28384-groupManagement] INFO  server.RaftServerConfigKeys (ConfUtils.java:logGet(46)) - raft.server.threadpool.client.cached = true (default)
2024-05-04 14:26:41,502 [8808acf2-b901-482b-9182-8feecfa28384-groupManagement] INFO  server.RaftServerConfigKeys (ConfUtils.java:logGet(46)) - raft.server.threadpool.client.size = 0 (default)
2024-05-04 14:26:41,502 [8808acf2-b901-482b-9182-8feecfa28384-groupManagement] INFO  server.RaftServerConfigKeys (ConfUtils.java:logGet(46)) - raft.server.storage.free-space.min = 0MB (=0) (default)
2024-05-04 14:26:41,502 [8808acf2-b901-482b-9182-8feecfa28384-groupManagement] INFO  server.RaftServerConfigKeys (ConfUtils.java:logGet(46)) - raft.server.log.corruption.policy = EXCEPTION (default)
2024-05-04 14:26:41,502 [8808acf2-b901-482b-9182-8feecfa28384-groupManagement] INFO  server.RaftServerConfigKeys (ConfUtils.java:logGet(46)) - raft.server.storage.dir = [/home/runner/work/ozone/ozone/hadoop-ozone/integration-test/target/test-dir/MiniOzoneClusterImpl-7c905145-d891-4b2f-be71-50eb4aa8551e/ozone-meta/datanode-3/ratis] (custom)
2024-05-04 14:26:41,503 [8808acf2-b901-482b-9182-8feecfa28384-groupManagement] INFO  storage.RaftStorageDirectory (RaftStorageDirectoryImpl.java:analyzeStorage(138)) - The storage directory /home/runner/work/ozone/ozone/hadoop-ozone/integration-test/target/test-dir/MiniOzoneClusterImpl-7c905145-d891-4b2f-be71-50eb4aa8551e/ozone-meta/datanode-3/ratis/29719e95-3b68-43b3-b996-c3dad7af45b8 does not exist. Creating ...
2024-05-04 14:26:41,503 [ccbd6c79-39e6-4e91-99a9-9b6c204b47e9-groupManagement] INFO  server.RaftServerConfigKeys (ConfUtils.java:logGet(46)) - raft.server.rpc.timeout.min = 5s (custom)
2024-05-04 14:26:41,503 [ccbd6c79-39e6-4e91-99a9-9b6c204b47e9-groupManagement] INFO  server.RaftServerConfigKeys (ConfUtils.java:logGet(46)) - raft.server.rpc.timeout.max = 5200ms (custom)
2024-05-04 14:26:41,503 [ccbd6c79-39e6-4e91-99a9-9b6c204b47e9-groupManagement] INFO  server.RaftServerConfigKeys (ConfUtils.java:logGet(46)) - raft.server.rpc.sleep.time = 25ms (default)
2024-05-04 14:26:41,503 [ccbd6c79-39e6-4e91-99a9-9b6c204b47e9-groupManagement] INFO  server.RaftServerConfigKeys (ConfUtils.java:logGet(46)) - raft.server.rpc.slowness.timeout = 300000ms (custom)
2024-05-04 14:26:41,503 [ccbd6c79-39e6-4e91-99a9-9b6c204b47e9-groupManagement] INFO  server.RaftServerConfigKeys (ConfUtils.java:logGet(46)) - raft.server.leaderelection.leader.step-down.wait-time = 10s (default)
2024-05-04 14:26:41,503 [ccbd6c79-39e6-4e91-99a9-9b6c204b47e9-groupManagement] INFO  server.RaftServerConfigKeys (ConfUtils.java:logGet(46)) - raft.server.leaderelection.member.majority-add = false (default)
2024-05-04 14:26:41,503 [ccbd6c79-39e6-4e91-99a9-9b6c204b47e9-groupManagement] INFO  server.RaftServerConfigKeys (ConfUtils.java:logGet(46)) - raft.server.sleep.deviation.threshold = 300ms (default)
2024-05-04 14:26:41,503 [ccbd6c79-39e6-4e91-99a9-9b6c204b47e9-groupManagement] INFO  server.RaftServer$Division (ServerState.java:<init>(113)) - ccbd6c79-39e6-4e91-99a9-9b6c204b47e9@group-B8816B9210C0: ConfigurationManager, init=-1: peers:[ccbd6c79-39e6-4e91-99a9-9b6c204b47e9|127.0.0.1:15094]|listeners:[], old=null, confs=<EMPTY_MAP>
2024-05-04 14:26:41,503 [ccbd6c79-39e6-4e91-99a9-9b6c204b47e9-groupManagement] INFO  server.RaftServerConfigKeys (ConfUtils.java:logGet(46)) - raft.server.notification.no-leader.timeout = 300000ms (custom)
2024-05-04 14:26:41,503 [ccbd6c79-39e6-4e91-99a9-9b6c204b47e9-groupManagement] INFO  server.RaftServerConfigKeys (ConfUtils.java:logGet(46)) - raft.server.read.timeout = 10s (default)
2024-05-04 14:26:41,503 [8808acf2-b901-482b-9182-8feecfa28384-groupManagement] INFO  storage.RaftStorageDirectory (RaftStorageDirectoryImpl.java:tryLock(228)) - Lock on /home/runner/work/ozone/ozone/hadoop-ozone/integration-test/target/test-dir/MiniOzoneClusterImpl-7c905145-d891-4b2f-be71-50eb4aa8551e/ozone-meta/datanode-3/ratis/29719e95-3b68-43b3-b996-c3dad7af45b8/in_use.lock acquired by nodename 53612@fv-az1114-244
2024-05-04 14:26:41,504 [ccbd6c79-39e6-4e91-99a9-9b6c204b47e9-groupManagement] INFO  server.RaftServerConfigKeys (ConfUtils.java:logGet(46)) - raft.server.retrycache.expirytime = 600000ms (custom)
2024-05-04 14:26:41,504 [ccbd6c79-39e6-4e91-99a9-9b6c204b47e9-groupManagement] INFO  server.RaftServerConfigKeys (ConfUtils.java:logGet(46)) - raft.server.retrycache.statistics.expirytime = 100ms (default)
2024-05-04 14:26:41,504 [ccbd6c79-39e6-4e91-99a9-9b6c204b47e9-groupManagement] INFO  server.RaftServerConfigKeys (ConfUtils.java:logGet(46)) - raft.server.read.option = DEFAULT (default)
2024-05-04 14:26:41,504 [ccbd6c79-39e6-4e91-99a9-9b6c204b47e9-groupManagement] INFO  server.RaftServerConfigKeys (ConfUtils.java:logGet(46)) - raft.server.read.read-after-write-consistent.write-index-cache.expiry-time = 60s (default)
2024-05-04 14:26:41,504 [8808acf2-b901-482b-9182-8feecfa28384-groupManagement] INFO  storage.RaftStorage (RaftStorageImpl.java:format(99)) - Storage directory /home/runner/work/ozone/ozone/hadoop-ozone/integration-test/target/test-dir/MiniOzoneClusterImpl-7c905145-d891-4b2f-be71-50eb4aa8551e/ozone-meta/datanode-3/ratis/29719e95-3b68-43b3-b996-c3dad7af45b8 has been successfully formatted.
2024-05-04 14:26:41,505 [8808acf2-b901-482b-9182-8feecfa28384-groupManagement] WARN  util.FileUtils (LogUtils.java:supplyAndLog(63)) - Failed to Files.newInputStream /home/runner/work/ozone/ozone/hadoop-ozone/integration-test/target/test-dir/MiniOzoneClusterImpl-7c905145-d891-4b2f-be71-50eb4aa8551e/ozone-meta/datanode-3/ratis/29719e95-3b68-43b3-b996-c3dad7af45b8/current/raft-meta.conf with options []: java.nio.file.NoSuchFileException: /home/runner/work/ozone/ozone/hadoop-ozone/integration-test/target/test-dir/MiniOzoneClusterImpl-7c905145-d891-4b2f-be71-50eb4aa8551e/ozone-meta/datanode-3/ratis/29719e95-3b68-43b3-b996-c3dad7af45b8/current/raft-meta.conf
2024-05-04 14:26:41,505 [9ec74834-1541-452c-921b-2d323393210f-groupManagement] INFO  util.AwaitToRun (AwaitToRun.java:start(81)) - Thread[9ec74834-1541-452c-921b-2d323393210f@group-C3DAD7AF45B8-cacheEviction-AwaitToRun,5,main] started
2024-05-04 14:26:41,505 [8808acf2-b901-482b-9182-8feecfa28384-groupManagement] INFO  ratis.ContainerStateMachine (ContainerStateMachine.java:loadSnapshot(287)) - group-C3DAD7AF45B8: The snapshot info is null. Setting the last applied index to:(t:0, i:~)
2024-05-04 14:26:41,505 [8808acf2-b901-482b-9182-8feecfa28384-groupManagement] INFO  server.RaftServerConfigKeys (ConfUtils.java:logGet(46)) - raft.server.log.use.memory = false (default)
2024-05-04 14:26:41,505 [8808acf2-b901-482b-9182-8feecfa28384-groupManagement] INFO  server.RaftServerConfigKeys (ConfUtils.java:logGet(46)) - raft.server.log.purge.gap = 1000000 (custom)
2024-05-04 14:26:41,505 [8808acf2-b901-482b-9182-8feecfa28384-groupManagement] INFO  server.RaftServerConfigKeys (ConfUtils.java:logGet(46)) - raft.server.log.appender.buffer.byte-limit = 8388608 (custom)
2024-05-04 14:26:41,505 [8808acf2-b901-482b-9182-8feecfa28384-groupManagement] INFO  server.RaftServerConfigKeys (ConfUtils.java:logGet(46)) - raft.server.log.statemachine.data.read.timeout = 1000ms (default)
2024-05-04 14:26:41,505 [8808acf2-b901-482b-9182-8feecfa28384-groupManagement] INFO  server.RaftServerConfigKeys (ConfUtils.java:logGet(46)) - raft.server.log.purge.preservation.log.num = 0 (default)
2024-05-04 14:26:41,505 [9ec74834-1541-452c-921b-2d323393210f-groupManagement] INFO  segmented.SegmentedRaftLogWorker (SegmentedRaftLogWorker.java:<init>(182)) - new 9ec74834-1541-452c-921b-2d323393210f@group-C3DAD7AF45B8-SegmentedRaftLogWorker for RaftStorageImpl:Storage Directory /home/runner/work/ozone/ozone/hadoop-ozone/integration-test/target/test-dir/MiniOzoneClusterImpl-7c905145-d891-4b2f-be71-50eb4aa8551e/ozone-meta/datanode-2/ratis/29719e95-3b68-43b3-b996-c3dad7af45b8
2024-05-04 14:26:41,505 [9ec74834-1541-452c-921b-2d323393210f-groupManagement] INFO  server.RaftServerConfigKeys (ConfUtils.java:logGet(46)) - raft.server.log.queue.byte-limit = 4294967296 (custom)
2024-05-04 14:26:41,506 [9ec74834-1541-452c-921b-2d323393210f-groupManagement] INFO  server.RaftServerConfigKeys (ConfUtils.java:logGet(46)) - raft.server.log.queue.element-limit = 1024 (custom)
2024-05-04 14:26:41,506 [9ec74834-1541-452c-921b-2d323393210f-groupManagement] INFO  server.RaftServerConfigKeys (ConfUtils.java:logGet(46)) - raft.server.log.segment.size.max = 67108864 (custom)
2024-05-04 14:26:41,506 [9ec74834-1541-452c-921b-2d323393210f-groupManagement] INFO  server.RaftServerConfigKeys (ConfUtils.java:logGet(46)) - raft.server.log.preallocated.size = 4194304 (custom)
2024-05-04 14:26:41,506 [9ec74834-1541-452c-921b-2d323393210f-groupManagement] INFO  server.RaftServerConfigKeys (ConfUtils.java:logGet(46)) - raft.server.log.force.sync.num = 128 (default)
2024-05-04 14:26:41,506 [9ec74834-1541-452c-921b-2d323393210f-groupManagement] INFO  server.RaftServerConfigKeys (ConfUtils.java:logGet(46)) - raft.server.log.statemachine.data.sync = true (default)
2024-05-04 14:26:41,506 [9ec74834-1541-452c-921b-2d323393210f-groupManagement] INFO  server.RaftServerConfigKeys (ConfUtils.java:logGet(46)) - raft.server.log.statemachine.data.sync.timeout = 10s (default)
2024-05-04 14:26:41,506 [9ec74834-1541-452c-921b-2d323393210f-groupManagement] INFO  server.RaftServerConfigKeys (ConfUtils.java:logGet(46)) - raft.server.log.statemachine.data.sync.timeout.retry = 30 (custom)
2024-05-04 14:26:41,506 [EventQueue-OpenPipelineForHealthyPipelineSafeModeRule] INFO  safemode.SCMSafeModeManager (HealthyPipelineSafeModeRule.java:process(140)) - SCM in safe mode. Healthy pipelines reported count is 0, required healthy pipeline reported count is 1
2024-05-04 14:26:41,507 [8808acf2-b901-482b-9182-8feecfa28384-groupManagement] INFO  server.RaftServerConfigKeys (ConfUtils.java:logGet(46)) - raft.server.log.segment.size.max = 67108864 (custom)
2024-05-04 14:26:41,508 [8808acf2-b901-482b-9182-8feecfa28384-groupManagement] INFO  server.RaftServerConfigKeys (ConfUtils.java:logGet(46)) - raft.server.log.segment.cache.num.max = 2 (custom)
2024-05-04 14:26:41,508 [8808acf2-b901-482b-9182-8feecfa28384-groupManagement] INFO  server.RaftServerConfigKeys (ConfUtils.java:logGet(46)) - raft.server.log.segment.cache.size.max = 200MB (=209715200) (default)
2024-05-04 14:26:41,508 [8808acf2-b901-482b-9182-8feecfa28384-groupManagement] INFO  server.RaftServerConfigKeys (ConfUtils.java:logGet(46)) - raft.server.log.appender.buffer.byte-limit = 8388608 (custom)
2024-05-04 14:26:41,508 [9ec74834-1541-452c-921b-2d323393210f-groupManagement] INFO  server.RaftServerConfigKeys (ConfUtils.java:logGet(46)) - raft.server.log.write.buffer.size = 8388616 (custom)
2024-05-04 14:26:41,510 [9ec74834-1541-452c-921b-2d323393210f-groupManagement] INFO  server.RaftServerConfigKeys (ConfUtils.java:logGet(46)) - raft.server.log.appender.buffer.byte-limit = 8388608 (custom)
2024-05-04 14:26:41,510 [9ec74834-1541-452c-921b-2d323393210f-groupManagement] INFO  server.RaftServerConfigKeys (ConfUtils.java:logGet(46)) - raft.server.log.unsafe-flush.enabled = false (default)
2024-05-04 14:26:41,510 [9ec74834-1541-452c-921b-2d323393210f-groupManagement] INFO  server.RaftServerConfigKeys (ConfUtils.java:logGet(46)) - raft.server.log.async-flush.enabled = false (default)
2024-05-04 14:26:41,510 [9ec74834-1541-452c-921b-2d323393210f-groupManagement] INFO  server.RaftServerConfigKeys (ConfUtils.java:logGet(46)) - raft.server.log.statemachine.data.caching.enabled = true (custom)
2024-05-04 14:26:41,510 [9ec74834-1541-452c-921b-2d323393210f-groupManagement] INFO  segmented.SegmentedRaftLogWorker (SegmentedRaftLogWorker.java:lambda$new$0(134)) - 9ec74834-1541-452c-921b-2d323393210f@group-C3DAD7AF45B8-SegmentedRaftLogWorker: flushIndex: setUnconditionally 0 -> -1
2024-05-04 14:26:41,510 [9ec74834-1541-452c-921b-2d323393210f-groupManagement] INFO  segmented.SegmentedRaftLogWorker (SegmentedRaftLogWorker.java:lambda$new$0(134)) - 9ec74834-1541-452c-921b-2d323393210f@group-C3DAD7AF45B8-SegmentedRaftLogWorker: safeCacheEvictIndex: setUnconditionally 0 -> -1
2024-05-04 14:26:41,511 [83059998-de51-48d1-9818-e6afe7fa3b6f-PipelineCommandHandlerThread-0] INFO  commandhandler.CreatePipelineCommandHandler (CreatePipelineCommandHandler.java:lambda$handle$2(124)) - Created Pipeline RATIS THREE PipelineID=662b2c8d-8f14-41d3-87b4-6025e5d5c1b1.
2024-05-04 14:26:41,511 [83059998-de51-48d1-9818-e6afe7fa3b6f-PipelineCommandHandlerThread-0] INFO  server.RaftServer (RaftServerProxy.java:addNew(100)) - 83059998-de51-48d1-9818-e6afe7fa3b6f: addNew group-C3DAD7AF45B8:[8808acf2-b901-482b-9182-8feecfa28384|127.0.0.1:15085, 9ec74834-1541-452c-921b-2d323393210f|127.0.0.1:15076, 83059998-de51-48d1-9818-e6afe7fa3b6f|127.0.0.1:15067] returns group-C3DAD7AF45B8:java.util.concurrent.CompletableFuture@fcd921e[Not completed]
2024-05-04 14:26:41,512 [83059998-de51-48d1-9818-e6afe7fa3b6f-groupManagement] INFO  server.RaftServer$Division (RaftServerImpl.java:<init>(256)) - 83059998-de51-48d1-9818-e6afe7fa3b6f: new RaftServerImpl for group-C3DAD7AF45B8:[8808acf2-b901-482b-9182-8feecfa28384|127.0.0.1:15085, 9ec74834-1541-452c-921b-2d323393210f|127.0.0.1:15076, 83059998-de51-48d1-9818-e6afe7fa3b6f|127.0.0.1:15067] with ContainerStateMachine:uninitialized
2024-05-04 14:26:41,512 [83059998-de51-48d1-9818-e6afe7fa3b6f-groupManagement] INFO  server.RaftServerConfigKeys (ConfUtils.java:logGet(46)) - raft.server.rpc.timeout.min = 5s (custom)
2024-05-04 14:26:41,512 [83059998-de51-48d1-9818-e6afe7fa3b6f-groupManagement] INFO  server.RaftServerConfigKeys (ConfUtils.java:logGet(46)) - raft.server.rpc.timeout.max = 5200ms (custom)
2024-05-04 14:26:41,512 [83059998-de51-48d1-9818-e6afe7fa3b6f-groupManagement] INFO  server.RaftServerConfigKeys (ConfUtils.java:logGet(46)) - raft.server.rpc.sleep.time = 25ms (default)
2024-05-04 14:26:41,512 [83059998-de51-48d1-9818-e6afe7fa3b6f-groupManagement] INFO  server.RaftServerConfigKeys (ConfUtils.java:logGet(46)) - raft.server.rpc.slowness.timeout = 300000ms (custom)
2024-05-04 14:26:41,512 [83059998-de51-48d1-9818-e6afe7fa3b6f-groupManagement] INFO  server.RaftServerConfigKeys (ConfUtils.java:logGet(46)) - raft.server.leaderelection.leader.step-down.wait-time = 10s (default)
2024-05-04 14:26:41,512 [83059998-de51-48d1-9818-e6afe7fa3b6f-groupManagement] INFO  server.RaftServerConfigKeys (ConfUtils.java:logGet(46)) - raft.server.leaderelection.member.majority-add = false (default)
2024-05-04 14:26:41,512 [83059998-de51-48d1-9818-e6afe7fa3b6f-groupManagement] INFO  server.RaftServerConfigKeys (ConfUtils.java:logGet(46)) - raft.server.sleep.deviation.threshold = 300ms (default)
2024-05-04 14:26:41,512 [83059998-de51-48d1-9818-e6afe7fa3b6f-groupManagement] INFO  server.RaftServer$Division (ServerState.java:<init>(113)) - 83059998-de51-48d1-9818-e6afe7fa3b6f@group-C3DAD7AF45B8: ConfigurationManager, init=-1: peers:[8808acf2-b901-482b-9182-8feecfa28384|127.0.0.1:15085, 9ec74834-1541-452c-921b-2d323393210f|127.0.0.1:15076, 83059998-de51-48d1-9818-e6afe7fa3b6f|127.0.0.1:15067]|listeners:[], old=null, confs=<EMPTY_MAP>
2024-05-04 14:26:41,512 [83059998-de51-48d1-9818-e6afe7fa3b6f-groupManagement] INFO  server.RaftServerConfigKeys (ConfUtils.java:logGet(46)) - raft.server.notification.no-leader.timeout = 300000ms (custom)
2024-05-04 14:26:41,512 [83059998-de51-48d1-9818-e6afe7fa3b6f-groupManagement] INFO  server.RaftServerConfigKeys (ConfUtils.java:logGet(46)) - raft.server.read.timeout = 10s (default)
2024-05-04 14:26:41,512 [83059998-de51-48d1-9818-e6afe7fa3b6f-groupManagement] INFO  server.RaftServerConfigKeys (ConfUtils.java:logGet(46)) - raft.server.retrycache.expirytime = 600000ms (custom)
2024-05-04 14:26:41,512 [83059998-de51-48d1-9818-e6afe7fa3b6f-groupManagement] INFO  server.RaftServerConfigKeys (ConfUtils.java:logGet(46)) - raft.server.retrycache.statistics.expirytime = 100ms (default)
2024-05-04 14:26:41,512 [83059998-de51-48d1-9818-e6afe7fa3b6f-groupManagement] INFO  server.RaftServerConfigKeys (ConfUtils.java:logGet(46)) - raft.server.read.option = DEFAULT (default)
2024-05-04 14:26:41,512 [83059998-de51-48d1-9818-e6afe7fa3b6f-groupManagement] INFO  server.RaftServerConfigKeys (ConfUtils.java:logGet(46)) - raft.server.read.read-after-write-consistent.write-index-cache.expiry-time = 60s (default)
2024-05-04 14:26:41,515 [83059998-de51-48d1-9818-e6afe7fa3b6f-groupManagement] INFO  server.RaftServerConfigKeys (ConfUtils.java:logGet(46)) - raft.server.rpc.request.timeout = 3000ms (default)
2024-05-04 14:26:41,515 [83059998-de51-48d1-9818-e6afe7fa3b6f-groupManagement] INFO  server.RaftServerConfigKeys (ConfUtils.java:logGet(46)) - raft.server.log.appender.install.snapshot.enabled = false (custom)
2024-05-04 14:26:41,515 [83059998-de51-48d1-9818-e6afe7fa3b6f-groupManagement] INFO  server.RaftServerConfigKeys (ConfUtils.java:logGet(46)) - raft.server.threadpool.server.cached = true (default)
2024-05-04 14:26:41,515 [83059998-de51-48d1-9818-e6afe7fa3b6f-groupManagement] INFO  server.RaftServerConfigKeys (ConfUtils.java:logGet(46)) - raft.server.threadpool.server.size = 0 (default)
2024-05-04 14:26:41,515 [83059998-de51-48d1-9818-e6afe7fa3b6f-groupManagement] INFO  server.RaftServerConfigKeys (ConfUtils.java:logGet(46)) - raft.server.threadpool.client.cached = true (default)
2024-05-04 14:26:41,515 [83059998-de51-48d1-9818-e6afe7fa3b6f-groupManagement] INFO  server.RaftServerConfigKeys (ConfUtils.java:logGet(46)) - raft.server.threadpool.client.size = 0 (default)
2024-05-04 14:26:41,515 [83059998-de51-48d1-9818-e6afe7fa3b6f-groupManagement] INFO  server.RaftServerConfigKeys (ConfUtils.java:logGet(46)) - raft.server.storage.free-space.min = 0MB (=0) (default)
2024-05-04 14:26:41,515 [83059998-de51-48d1-9818-e6afe7fa3b6f-groupManagement] INFO  server.RaftServerConfigKeys (ConfUtils.java:logGet(46)) - raft.server.log.corruption.policy = EXCEPTION (default)
2024-05-04 14:26:41,515 [83059998-de51-48d1-9818-e6afe7fa3b6f-groupManagement] INFO  server.RaftServerConfigKeys (ConfUtils.java:logGet(46)) - raft.server.storage.dir = [/home/runner/work/ozone/ozone/hadoop-ozone/integration-test/target/test-dir/MiniOzoneClusterImpl-7c905145-d891-4b2f-be71-50eb4aa8551e/ozone-meta/datanode-1/ratis] (custom)
2024-05-04 14:26:41,516 [83059998-de51-48d1-9818-e6afe7fa3b6f-groupManagement] INFO  storage.RaftStorageDirectory (RaftStorageDirectoryImpl.java:analyzeStorage(138)) - The storage directory /home/runner/work/ozone/ozone/hadoop-ozone/integration-test/target/test-dir/MiniOzoneClusterImpl-7c905145-d891-4b2f-be71-50eb4aa8551e/ozone-meta/datanode-1/ratis/29719e95-3b68-43b3-b996-c3dad7af45b8 does not exist. Creating ...
2024-05-04 14:26:41,516 [83059998-de51-48d1-9818-e6afe7fa3b6f-groupManagement] INFO  storage.RaftStorageDirectory (RaftStorageDirectoryImpl.java:tryLock(228)) - Lock on /home/runner/work/ozone/ozone/hadoop-ozone/integration-test/target/test-dir/MiniOzoneClusterImpl-7c905145-d891-4b2f-be71-50eb4aa8551e/ozone-meta/datanode-1/ratis/29719e95-3b68-43b3-b996-c3dad7af45b8/in_use.lock acquired by nodename 53612@fv-az1114-244
2024-05-04 14:26:41,517 [8808acf2-b901-482b-9182-8feecfa28384-groupManagement] INFO  util.AwaitToRun (AwaitToRun.java:start(81)) - Thread[8808acf2-b901-482b-9182-8feecfa28384@group-C3DAD7AF45B8-cacheEviction-AwaitToRun,5,main] started
2024-05-04 14:26:41,517 [8808acf2-b901-482b-9182-8feecfa28384-groupManagement] INFO  segmented.SegmentedRaftLogWorker (SegmentedRaftLogWorker.java:<init>(182)) - new 8808acf2-b901-482b-9182-8feecfa28384@group-C3DAD7AF45B8-SegmentedRaftLogWorker for RaftStorageImpl:Storage Directory /home/runner/work/ozone/ozone/hadoop-ozone/integration-test/target/test-dir/MiniOzoneClusterImpl-7c905145-d891-4b2f-be71-50eb4aa8551e/ozone-meta/datanode-3/ratis/29719e95-3b68-43b3-b996-c3dad7af45b8
2024-05-04 14:26:41,517 [8808acf2-b901-482b-9182-8feecfa28384-groupManagement] INFO  server.RaftServerConfigKeys (ConfUtils.java:logGet(46)) - raft.server.log.queue.byte-limit = 4294967296 (custom)
2024-05-04 14:26:41,517 [8808acf2-b901-482b-9182-8feecfa28384-groupManagement] INFO  server.RaftServerConfigKeys (ConfUtils.java:logGet(46)) - raft.server.log.queue.element-limit = 1024 (custom)
2024-05-04 14:26:41,517 [8808acf2-b901-482b-9182-8feecfa28384-groupManagement] INFO  server.RaftServerConfigKeys (ConfUtils.java:logGet(46)) - raft.server.log.segment.size.max = 67108864 (custom)
2024-05-04 14:26:41,517 [8808acf2-b901-482b-9182-8feecfa28384-groupManagement] INFO  server.RaftServerConfigKeys (ConfUtils.java:logGet(46)) - raft.server.log.preallocated.size = 4194304 (custom)
2024-05-04 14:26:41,517 [83059998-de51-48d1-9818-e6afe7fa3b6f-groupManagement] INFO  storage.RaftStorage (RaftStorageImpl.java:format(99)) - Storage directory /home/runner/work/ozone/ozone/hadoop-ozone/integration-test/target/test-dir/MiniOzoneClusterImpl-7c905145-d891-4b2f-be71-50eb4aa8551e/ozone-meta/datanode-1/ratis/29719e95-3b68-43b3-b996-c3dad7af45b8 has been successfully formatted.
2024-05-04 14:26:41,517 [8808acf2-b901-482b-9182-8feecfa28384-groupManagement] INFO  server.RaftServerConfigKeys (ConfUtils.java:logGet(46)) - raft.server.log.force.sync.num = 128 (default)
2024-05-04 14:26:41,518 [8808acf2-b901-482b-9182-8feecfa28384-groupManagement] INFO  server.RaftServerConfigKeys (ConfUtils.java:logGet(46)) - raft.server.log.statemachine.data.sync = true (default)
2024-05-04 14:26:41,518 [8808acf2-b901-482b-9182-8feecfa28384-groupManagement] INFO  server.RaftServerConfigKeys (ConfUtils.java:logGet(46)) - raft.server.log.statemachine.data.sync.timeout = 10s (default)
2024-05-04 14:26:41,518 [8808acf2-b901-482b-9182-8feecfa28384-groupManagement] INFO  server.RaftServerConfigKeys (ConfUtils.java:logGet(46)) - raft.server.log.statemachine.data.sync.timeout.retry = 30 (custom)
2024-05-04 14:26:41,518 [8808acf2-b901-482b-9182-8feecfa28384-groupManagement] INFO  server.RaftServerConfigKeys (ConfUtils.java:logGet(46)) - raft.server.log.write.buffer.size = 8388616 (custom)
2024-05-04 14:26:41,520 [8808acf2-b901-482b-9182-8feecfa28384-groupManagement] INFO  server.RaftServerConfigKeys (ConfUtils.java:logGet(46)) - raft.server.log.appender.buffer.byte-limit = 8388608 (custom)
2024-05-04 14:26:41,520 [8808acf2-b901-482b-9182-8feecfa28384-groupManagement] INFO  server.RaftServerConfigKeys (ConfUtils.java:logGet(46)) - raft.server.log.unsafe-flush.enabled = false (default)
2024-05-04 14:26:41,520 [8808acf2-b901-482b-9182-8feecfa28384-groupManagement] INFO  server.RaftServerConfigKeys (ConfUtils.java:logGet(46)) - raft.server.log.async-flush.enabled = false (default)
2024-05-04 14:26:41,520 [8808acf2-b901-482b-9182-8feecfa28384-groupManagement] INFO  server.RaftServerConfigKeys (ConfUtils.java:logGet(46)) - raft.server.log.statemachine.data.caching.enabled = true (custom)
2024-05-04 14:26:41,520 [8808acf2-b901-482b-9182-8feecfa28384-groupManagement] INFO  segmented.SegmentedRaftLogWorker (SegmentedRaftLogWorker.java:lambda$new$0(134)) - 8808acf2-b901-482b-9182-8feecfa28384@group-C3DAD7AF45B8-SegmentedRaftLogWorker: flushIndex: setUnconditionally 0 -> -1
2024-05-04 14:26:41,520 [8808acf2-b901-482b-9182-8feecfa28384-groupManagement] INFO  segmented.SegmentedRaftLogWorker (SegmentedRaftLogWorker.java:lambda$new$0(134)) - 8808acf2-b901-482b-9182-8feecfa28384@group-C3DAD7AF45B8-SegmentedRaftLogWorker: safeCacheEvictIndex: setUnconditionally 0 -> -1
2024-05-04 14:26:41,518 [9ec74834-1541-452c-921b-2d323393210f-groupManagement] INFO  server.RaftServer$Division (RaftServerImpl.java:start(396)) - 9ec74834-1541-452c-921b-2d323393210f@group-C3DAD7AF45B8: start as a follower, conf=-1: peers:[8808acf2-b901-482b-9182-8feecfa28384|127.0.0.1:15085, 9ec74834-1541-452c-921b-2d323393210f|127.0.0.1:15076, 83059998-de51-48d1-9818-e6afe7fa3b6f|127.0.0.1:15067]|listeners:[], old=null
2024-05-04 14:26:41,520 [9ec74834-1541-452c-921b-2d323393210f-groupManagement] INFO  server.RaftServer$Division (RaftServerImpl.java:setRole(383)) - 9ec74834-1541-452c-921b-2d323393210f@group-C3DAD7AF45B8: changes role from      null to FOLLOWER at term 0 for startAsFollower
2024-05-04 14:26:41,520 [9ec74834-1541-452c-921b-2d323393210f-groupManagement] INFO  impl.RoleInfo (RoleInfo.java:updateAndGet(139)) - 9ec74834-1541-452c-921b-2d323393210f: start 9ec74834-1541-452c-921b-2d323393210f@group-C3DAD7AF45B8-FollowerState
2024-05-04 14:26:41,520 [83059998-de51-48d1-9818-e6afe7fa3b6f-groupManagement] WARN  util.FileUtils (LogUtils.java:supplyAndLog(63)) - Failed to Files.newInputStream /home/runner/work/ozone/ozone/hadoop-ozone/integration-test/target/test-dir/MiniOzoneClusterImpl-7c905145-d891-4b2f-be71-50eb4aa8551e/ozone-meta/datanode-1/ratis/29719e95-3b68-43b3-b996-c3dad7af45b8/current/raft-meta.conf with options []: java.nio.file.NoSuchFileException: /home/runner/work/ozone/ozone/hadoop-ozone/integration-test/target/test-dir/MiniOzoneClusterImpl-7c905145-d891-4b2f-be71-50eb4aa8551e/ozone-meta/datanode-1/ratis/29719e95-3b68-43b3-b996-c3dad7af45b8/current/raft-meta.conf
2024-05-04 14:26:41,521 [83059998-de51-48d1-9818-e6afe7fa3b6f-groupManagement] INFO  ratis.ContainerStateMachine (ContainerStateMachine.java:loadSnapshot(287)) - group-C3DAD7AF45B8: The snapshot info is null. Setting the last applied index to:(t:0, i:~)
2024-05-04 14:26:41,521 [83059998-de51-48d1-9818-e6afe7fa3b6f-groupManagement] INFO  server.RaftServerConfigKeys (ConfUtils.java:logGet(46)) - raft.server.log.use.memory = false (default)
2024-05-04 14:26:41,521 [83059998-de51-48d1-9818-e6afe7fa3b6f-groupManagement] INFO  server.RaftServerConfigKeys (ConfUtils.java:logGet(46)) - raft.server.log.purge.gap = 1000000 (custom)
2024-05-04 14:26:41,521 [83059998-de51-48d1-9818-e6afe7fa3b6f-groupManagement] INFO  server.RaftServerConfigKeys (ConfUtils.java:logGet(46)) - raft.server.log.appender.buffer.byte-limit = 8388608 (custom)
2024-05-04 14:26:41,521 [83059998-de51-48d1-9818-e6afe7fa3b6f-groupManagement] INFO  server.RaftServerConfigKeys (ConfUtils.java:logGet(46)) - raft.server.log.statemachine.data.read.timeout = 1000ms (default)
2024-05-04 14:26:41,521 [83059998-de51-48d1-9818-e6afe7fa3b6f-groupManagement] INFO  server.RaftServerConfigKeys (ConfUtils.java:logGet(46)) - raft.server.log.purge.preservation.log.num = 0 (default)
2024-05-04 14:26:41,522 [83059998-de51-48d1-9818-e6afe7fa3b6f-groupManagement] INFO  server.RaftServerConfigKeys (ConfUtils.java:logGet(46)) - raft.server.log.segment.size.max = 67108864 (custom)
2024-05-04 14:26:41,522 [83059998-de51-48d1-9818-e6afe7fa3b6f-groupManagement] INFO  server.RaftServerConfigKeys (ConfUtils.java:logGet(46)) - raft.server.log.segment.cache.num.max = 2 (custom)
2024-05-04 14:26:41,522 [83059998-de51-48d1-9818-e6afe7fa3b6f-groupManagement] INFO  server.RaftServerConfigKeys (ConfUtils.java:logGet(46)) - raft.server.log.segment.cache.size.max = 200MB (=209715200) (default)
2024-05-04 14:26:41,522 [83059998-de51-48d1-9818-e6afe7fa3b6f-groupManagement] INFO  server.RaftServerConfigKeys (ConfUtils.java:logGet(46)) - raft.server.log.appender.buffer.byte-limit = 8388608 (custom)
2024-05-04 14:26:41,523 [EventQueue-OpenPipelineForHealthyPipelineSafeModeRule] INFO  safemode.SCMSafeModeManager (HealthyPipelineSafeModeRule.java:process(140)) - SCM in safe mode. Healthy pipelines reported count is 0, required healthy pipeline reported count is 1
2024-05-04 14:26:41,524 [ccbd6c79-39e6-4e91-99a9-9b6c204b47e9-groupManagement] INFO  server.RaftServerConfigKeys (ConfUtils.java:logGet(46)) - raft.server.rpc.request.timeout = 3000ms (default)
2024-05-04 14:26:41,524 [ccbd6c79-39e6-4e91-99a9-9b6c204b47e9-groupManagement] INFO  server.RaftServerConfigKeys (ConfUtils.java:logGet(46)) - raft.server.log.appender.install.snapshot.enabled = false (custom)
2024-05-04 14:26:41,524 [ccbd6c79-39e6-4e91-99a9-9b6c204b47e9-groupManagement] INFO  server.RaftServerConfigKeys (ConfUtils.java:logGet(46)) - raft.server.threadpool.server.cached = true (default)
2024-05-04 14:26:41,524 [ccbd6c79-39e6-4e91-99a9-9b6c204b47e9-groupManagement] INFO  server.RaftServerConfigKeys (ConfUtils.java:logGet(46)) - raft.server.threadpool.server.size = 0 (default)
2024-05-04 14:26:41,524 [ccbd6c79-39e6-4e91-99a9-9b6c204b47e9-groupManagement] INFO  server.RaftServerConfigKeys (ConfUtils.java:logGet(46)) - raft.server.threadpool.client.cached = true (default)
2024-05-04 14:26:41,524 [ccbd6c79-39e6-4e91-99a9-9b6c204b47e9-groupManagement] INFO  server.RaftServerConfigKeys (ConfUtils.java:logGet(46)) - raft.server.threadpool.client.size = 0 (default)
2024-05-04 14:26:41,524 [ccbd6c79-39e6-4e91-99a9-9b6c204b47e9-groupManagement] INFO  server.RaftServerConfigKeys (ConfUtils.java:logGet(46)) - raft.server.storage.free-space.min = 0MB (=0) (default)
2024-05-04 14:26:41,524 [ccbd6c79-39e6-4e91-99a9-9b6c204b47e9-groupManagement] INFO  server.RaftServerConfigKeys (ConfUtils.java:logGet(46)) - raft.server.log.corruption.policy = EXCEPTION (default)
2024-05-04 14:26:41,524 [ccbd6c79-39e6-4e91-99a9-9b6c204b47e9-groupManagement] INFO  server.RaftServerConfigKeys (ConfUtils.java:logGet(46)) - raft.server.storage.dir = [/home/runner/work/ozone/ozone/hadoop-ozone/integration-test/target/test-dir/MiniOzoneClusterImpl-7c905145-d891-4b2f-be71-50eb4aa8551e/ozone-meta/datanode-4/ratis] (custom)
2024-05-04 14:26:41,524 [ccbd6c79-39e6-4e91-99a9-9b6c204b47e9-groupManagement] INFO  storage.RaftStorageDirectory (RaftStorageDirectoryImpl.java:analyzeStorage(138)) - The storage directory /home/runner/work/ozone/ozone/hadoop-ozone/integration-test/target/test-dir/MiniOzoneClusterImpl-7c905145-d891-4b2f-be71-50eb4aa8551e/ozone-meta/datanode-4/ratis/dece958d-b9b2-4b60-a8cd-b8816b9210c0 does not exist. Creating ...
2024-05-04 14:26:41,525 [8808acf2-b901-482b-9182-8feecfa28384-groupManagement] INFO  server.RaftServer$Division (RaftServerImpl.java:start(396)) - 8808acf2-b901-482b-9182-8feecfa28384@group-C3DAD7AF45B8: start as a follower, conf=-1: peers:[8808acf2-b901-482b-9182-8feecfa28384|127.0.0.1:15085, 9ec74834-1541-452c-921b-2d323393210f|127.0.0.1:15076, 83059998-de51-48d1-9818-e6afe7fa3b6f|127.0.0.1:15067]|listeners:[], old=null
2024-05-04 14:26:41,525 [8808acf2-b901-482b-9182-8feecfa28384-groupManagement] INFO  server.RaftServer$Division (RaftServerImpl.java:setRole(383)) - 8808acf2-b901-482b-9182-8feecfa28384@group-C3DAD7AF45B8: changes role from      null to FOLLOWER at term 0 for startAsFollower
2024-05-04 14:26:41,525 [8808acf2-b901-482b-9182-8feecfa28384-groupManagement] INFO  impl.RoleInfo (RoleInfo.java:updateAndGet(139)) - 8808acf2-b901-482b-9182-8feecfa28384: start 8808acf2-b901-482b-9182-8feecfa28384@group-C3DAD7AF45B8-FollowerState
2024-05-04 14:26:41,525 [8808acf2-b901-482b-9182-8feecfa28384-groupManagement] INFO  util.JmxRegister (JmxRegister.java:tryRegister(44)) - Successfully registered JMX Bean with object name Ratis:service=RaftServer,group=group-C3DAD7AF45B8,id=8808acf2-b901-482b-9182-8feecfa28384
2024-05-04 14:26:41,525 [8808acf2-b901-482b-9182-8feecfa28384-groupManagement] INFO  server.RaftServerConfigKeys (ConfUtils.java:logGet(46)) - raft.server.snapshot.trigger-when-stop.enabled = true (default)
2024-05-04 14:26:41,525 [8808acf2-b901-482b-9182-8feecfa28384-groupManagement] INFO  server.RaftServerConfigKeys (ConfUtils.java:logGet(46)) - raft.server.snapshot.auto.trigger.enabled = true (custom)
2024-05-04 14:26:41,525 [8808acf2-b901-482b-9182-8feecfa28384-groupManagement] INFO  server.RaftServerConfigKeys (ConfUtils.java:logGet(46)) - raft.server.snapshot.auto.trigger.threshold = 10000 (custom)
2024-05-04 14:26:41,525 [8808acf2-b901-482b-9182-8feecfa28384-groupManagement] INFO  server.RaftServerConfigKeys (ConfUtils.java:logGet(46)) - raft.server.snapshot.retention.file.num = 5 (custom)
2024-05-04 14:26:41,525 [8808acf2-b901-482b-9182-8feecfa28384-groupManagement] INFO  server.RaftServerConfigKeys (ConfUtils.java:logGet(46)) - raft.server.log.purge.upto.snapshot.index = false (default)
2024-05-04 14:26:41,526 [8808acf2-b901-482b-9182-8feecfa28384@group-C3DAD7AF45B8-FollowerState] INFO  server.RaftServerConfigKeys (ConfUtils.java:logFallback(53)) - raft.server.rpc.first-election.timeout.min = 5s (fallback to raft.server.rpc.timeout.min)
2024-05-04 14:26:41,526 [8808acf2-b901-482b-9182-8feecfa28384@group-C3DAD7AF45B8-FollowerState] INFO  server.RaftServerConfigKeys (ConfUtils.java:logFallback(53)) - raft.server.rpc.first-election.timeout.max = 5200ms (fallback to raft.server.rpc.timeout.max)
2024-05-04 14:26:41,526 [8808acf2-b901-482b-9182-8feecfa28384-PipelineCommandHandlerThread-0] INFO  ratis.XceiverServerRatis (XceiverServerRatis.java:addGroup(864)) - Created group PipelineID=29719e95-3b68-43b3-b996-c3dad7af45b8
2024-05-04 14:26:41,529 [ccbd6c79-39e6-4e91-99a9-9b6c204b47e9-groupManagement] INFO  storage.RaftStorageDirectory (RaftStorageDirectoryImpl.java:tryLock(228)) - Lock on /home/runner/work/ozone/ozone/hadoop-ozone/integration-test/target/test-dir/MiniOzoneClusterImpl-7c905145-d891-4b2f-be71-50eb4aa8551e/ozone-meta/datanode-4/ratis/dece958d-b9b2-4b60-a8cd-b8816b9210c0/in_use.lock acquired by nodename 53612@fv-az1114-244
2024-05-04 14:26:41,529 [9ec74834-1541-452c-921b-2d323393210f-groupManagement] INFO  util.JmxRegister (JmxRegister.java:tryRegister(44)) - Successfully registered JMX Bean with object name Ratis:service=RaftServer,group=group-C3DAD7AF45B8,id=9ec74834-1541-452c-921b-2d323393210f
2024-05-04 14:26:41,529 [9ec74834-1541-452c-921b-2d323393210f-groupManagement] INFO  server.RaftServerConfigKeys (ConfUtils.java:logGet(46)) - raft.server.snapshot.trigger-when-stop.enabled = true (default)
2024-05-04 14:26:41,529 [9ec74834-1541-452c-921b-2d323393210f-groupManagement] INFO  server.RaftServerConfigKeys (ConfUtils.java:logGet(46)) - raft.server.snapshot.auto.trigger.enabled = true (custom)
2024-05-04 14:26:41,530 [9ec74834-1541-452c-921b-2d323393210f-groupManagement] INFO  server.RaftServerConfigKeys (ConfUtils.java:logGet(46)) - raft.server.snapshot.auto.trigger.threshold = 10000 (custom)
2024-05-04 14:26:41,530 [9ec74834-1541-452c-921b-2d323393210f-groupManagement] INFO  server.RaftServerConfigKeys (ConfUtils.java:logGet(46)) - raft.server.snapshot.retention.file.num = 5 (custom)
2024-05-04 14:26:41,530 [9ec74834-1541-452c-921b-2d323393210f-groupManagement] INFO  server.RaftServerConfigKeys (ConfUtils.java:logGet(46)) - raft.server.log.purge.upto.snapshot.index = false (default)
2024-05-04 14:26:41,530 [9ec74834-1541-452c-921b-2d323393210f@group-C3DAD7AF45B8-FollowerState] INFO  server.RaftServerConfigKeys (ConfUtils.java:logFallback(53)) - raft.server.rpc.first-election.timeout.min = 5s (fallback to raft.server.rpc.timeout.min)
2024-05-04 14:26:41,530 [83059998-de51-48d1-9818-e6afe7fa3b6f-groupManagement] INFO  util.AwaitToRun (AwaitToRun.java:start(81)) - Thread[83059998-de51-48d1-9818-e6afe7fa3b6f@group-C3DAD7AF45B8-cacheEviction-AwaitToRun,5,main] started
2024-05-04 14:26:41,531 [83059998-de51-48d1-9818-e6afe7fa3b6f-groupManagement] INFO  segmented.SegmentedRaftLogWorker (SegmentedRaftLogWorker.java:<init>(182)) - new 83059998-de51-48d1-9818-e6afe7fa3b6f@group-C3DAD7AF45B8-SegmentedRaftLogWorker for RaftStorageImpl:Storage Directory /home/runner/work/ozone/ozone/hadoop-ozone/integration-test/target/test-dir/MiniOzoneClusterImpl-7c905145-d891-4b2f-be71-50eb4aa8551e/ozone-meta/datanode-1/ratis/29719e95-3b68-43b3-b996-c3dad7af45b8
2024-05-04 14:26:41,531 [83059998-de51-48d1-9818-e6afe7fa3b6f-groupManagement] INFO  server.RaftServerConfigKeys (ConfUtils.java:logGet(46)) - raft.server.log.queue.byte-limit = 4294967296 (custom)
2024-05-04 14:26:41,531 [83059998-de51-48d1-9818-e6afe7fa3b6f-groupManagement] INFO  server.RaftServerConfigKeys (ConfUtils.java:logGet(46)) - raft.server.log.queue.element-limit = 1024 (custom)
2024-05-04 14:26:41,531 [83059998-de51-48d1-9818-e6afe7fa3b6f-groupManagement] INFO  server.RaftServerConfigKeys (ConfUtils.java:logGet(46)) - raft.server.log.segment.size.max = 67108864 (custom)
2024-05-04 14:26:41,531 [83059998-de51-48d1-9818-e6afe7fa3b6f-groupManagement] INFO  server.RaftServerConfigKeys (ConfUtils.java:logGet(46)) - raft.server.log.preallocated.size = 4194304 (custom)
2024-05-04 14:26:41,531 [83059998-de51-48d1-9818-e6afe7fa3b6f-groupManagement] INFO  server.RaftServerConfigKeys (ConfUtils.java:logGet(46)) - raft.server.log.force.sync.num = 128 (default)
2024-05-04 14:26:41,531 [83059998-de51-48d1-9818-e6afe7fa3b6f-groupManagement] INFO  server.RaftServerConfigKeys (ConfUtils.java:logGet(46)) - raft.server.log.statemachine.data.sync = true (default)
2024-05-04 14:26:41,531 [83059998-de51-48d1-9818-e6afe7fa3b6f-groupManagement] INFO  server.RaftServerConfigKeys (ConfUtils.java:logGet(46)) - raft.server.log.statemachine.data.sync.timeout = 10s (default)
2024-05-04 14:26:41,531 [83059998-de51-48d1-9818-e6afe7fa3b6f-groupManagement] INFO  server.RaftServerConfigKeys (ConfUtils.java:logGet(46)) - raft.server.log.statemachine.data.sync.timeout.retry = 30 (custom)
2024-05-04 14:26:41,531 [9ec74834-1541-452c-921b-2d323393210f-PipelineCommandHandlerThread-0] INFO  ratis.XceiverServerRatis (XceiverServerRatis.java:addGroup(864)) - Created group PipelineID=29719e95-3b68-43b3-b996-c3dad7af45b8
2024-05-04 14:26:41,531 [83059998-de51-48d1-9818-e6afe7fa3b6f-groupManagement] INFO  server.RaftServerConfigKeys (ConfUtils.java:logGet(46)) - raft.server.log.write.buffer.size = 8388616 (custom)
2024-05-04 14:26:41,533 [9ec74834-1541-452c-921b-2d323393210f@group-C3DAD7AF45B8-FollowerState] INFO  server.RaftServerConfigKeys (ConfUtils.java:logFallback(53)) - raft.server.rpc.first-election.timeout.max = 5200ms (fallback to raft.server.rpc.timeout.max)
2024-05-04 14:26:41,533 [83059998-de51-48d1-9818-e6afe7fa3b6f-groupManagement] INFO  server.RaftServerConfigKeys (ConfUtils.java:logGet(46)) - raft.server.log.appender.buffer.byte-limit = 8388608 (custom)
2024-05-04 14:26:41,533 [83059998-de51-48d1-9818-e6afe7fa3b6f-groupManagement] INFO  server.RaftServerConfigKeys (ConfUtils.java:logGet(46)) - raft.server.log.unsafe-flush.enabled = false (default)
2024-05-04 14:26:41,533 [83059998-de51-48d1-9818-e6afe7fa3b6f-groupManagement] INFO  server.RaftServerConfigKeys (ConfUtils.java:logGet(46)) - raft.server.log.async-flush.enabled = false (default)
2024-05-04 14:26:41,533 [83059998-de51-48d1-9818-e6afe7fa3b6f-groupManagement] INFO  server.RaftServerConfigKeys (ConfUtils.java:logGet(46)) - raft.server.log.statemachine.data.caching.enabled = true (custom)
2024-05-04 14:26:41,533 [83059998-de51-48d1-9818-e6afe7fa3b6f-groupManagement] INFO  segmented.SegmentedRaftLogWorker (SegmentedRaftLogWorker.java:lambda$new$0(134)) - 83059998-de51-48d1-9818-e6afe7fa3b6f@group-C3DAD7AF45B8-SegmentedRaftLogWorker: flushIndex: setUnconditionally 0 -> -1
2024-05-04 14:26:41,534 [83059998-de51-48d1-9818-e6afe7fa3b6f-groupManagement] INFO  segmented.SegmentedRaftLogWorker (SegmentedRaftLogWorker.java:lambda$new$0(134)) - 83059998-de51-48d1-9818-e6afe7fa3b6f@group-C3DAD7AF45B8-SegmentedRaftLogWorker: safeCacheEvictIndex: setUnconditionally 0 -> -1
2024-05-04 14:26:41,534 [ccbd6c79-39e6-4e91-99a9-9b6c204b47e9-groupManagement] INFO  storage.RaftStorage (RaftStorageImpl.java:format(99)) - Storage directory /home/runner/work/ozone/ozone/hadoop-ozone/integration-test/target/test-dir/MiniOzoneClusterImpl-7c905145-d891-4b2f-be71-50eb4aa8551e/ozone-meta/datanode-4/ratis/dece958d-b9b2-4b60-a8cd-b8816b9210c0 has been successfully formatted.
2024-05-04 14:26:41,534 [83059998-de51-48d1-9818-e6afe7fa3b6f-groupManagement] INFO  server.RaftServer$Division (RaftServerImpl.java:start(396)) - 83059998-de51-48d1-9818-e6afe7fa3b6f@group-C3DAD7AF45B8: start as a follower, conf=-1: peers:[8808acf2-b901-482b-9182-8feecfa28384|127.0.0.1:15085, 9ec74834-1541-452c-921b-2d323393210f|127.0.0.1:15076, 83059998-de51-48d1-9818-e6afe7fa3b6f|127.0.0.1:15067]|listeners:[], old=null
2024-05-04 14:26:41,534 [83059998-de51-48d1-9818-e6afe7fa3b6f-groupManagement] INFO  server.RaftServer$Division (RaftServerImpl.java:setRole(383)) - 83059998-de51-48d1-9818-e6afe7fa3b6f@group-C3DAD7AF45B8: changes role from      null to FOLLOWER at term 0 for startAsFollower
2024-05-04 14:26:41,534 [ccbd6c79-39e6-4e91-99a9-9b6c204b47e9-groupManagement] WARN  util.FileUtils (LogUtils.java:supplyAndLog(63)) - Failed to Files.newInputStream /home/runner/work/ozone/ozone/hadoop-ozone/integration-test/target/test-dir/MiniOzoneClusterImpl-7c905145-d891-4b2f-be71-50eb4aa8551e/ozone-meta/datanode-4/ratis/dece958d-b9b2-4b60-a8cd-b8816b9210c0/current/raft-meta.conf with options []: java.nio.file.NoSuchFileException: /home/runner/work/ozone/ozone/hadoop-ozone/integration-test/target/test-dir/MiniOzoneClusterImpl-7c905145-d891-4b2f-be71-50eb4aa8551e/ozone-meta/datanode-4/ratis/dece958d-b9b2-4b60-a8cd-b8816b9210c0/current/raft-meta.conf
2024-05-04 14:26:41,535 [ccbd6c79-39e6-4e91-99a9-9b6c204b47e9-groupManagement] INFO  ratis.ContainerStateMachine (ContainerStateMachine.java:loadSnapshot(287)) - group-B8816B9210C0: The snapshot info is null. Setting the last applied index to:(t:0, i:~)
2024-05-04 14:26:41,535 [ccbd6c79-39e6-4e91-99a9-9b6c204b47e9-groupManagement] INFO  server.RaftServerConfigKeys (ConfUtils.java:logGet(46)) - raft.server.log.use.memory = false (default)
2024-05-04 14:26:41,535 [ccbd6c79-39e6-4e91-99a9-9b6c204b47e9-groupManagement] INFO  server.RaftServerConfigKeys (ConfUtils.java:logGet(46)) - raft.server.log.purge.gap = 1000000 (custom)
2024-05-04 14:26:41,535 [ccbd6c79-39e6-4e91-99a9-9b6c204b47e9-groupManagement] INFO  server.RaftServerConfigKeys (ConfUtils.java:logGet(46)) - raft.server.log.appender.buffer.byte-limit = 8388608 (custom)
2024-05-04 14:26:41,535 [ccbd6c79-39e6-4e91-99a9-9b6c204b47e9-groupManagement] INFO  server.RaftServerConfigKeys (ConfUtils.java:logGet(46)) - raft.server.log.statemachine.data.read.timeout = 1000ms (default)
2024-05-04 14:26:41,535 [ccbd6c79-39e6-4e91-99a9-9b6c204b47e9-groupManagement] INFO  server.RaftServerConfigKeys (ConfUtils.java:logGet(46)) - raft.server.log.purge.preservation.log.num = 0 (default)
2024-05-04 14:26:41,536 [EventQueue-PipelineReportForPipelineReportHandler] INFO  pipeline.PipelineReportHandler (PipelineReportHandler.java:processPipelineReport(136)) - Opened pipeline PipelineID=dece958d-b9b2-4b60-a8cd-b8816b9210c0
2024-05-04 14:26:41,536 [EventQueue-OpenPipelineForHealthyPipelineSafeModeRule] INFO  safemode.SCMSafeModeManager (HealthyPipelineSafeModeRule.java:process(140)) - SCM in safe mode. Healthy pipelines reported count is 0, required healthy pipeline reported count is 1
2024-05-04 14:26:41,536 [ccbd6c79-39e6-4e91-99a9-9b6c204b47e9-groupManagement] INFO  server.RaftServerConfigKeys (ConfUtils.java:logGet(46)) - raft.server.log.segment.size.max = 67108864 (custom)
2024-05-04 14:26:41,537 [ccbd6c79-39e6-4e91-99a9-9b6c204b47e9-groupManagement] INFO  server.RaftServerConfigKeys (ConfUtils.java:logGet(46)) - raft.server.log.segment.cache.num.max = 2 (custom)
2024-05-04 14:26:41,537 [ccbd6c79-39e6-4e91-99a9-9b6c204b47e9-groupManagement] INFO  server.RaftServerConfigKeys (ConfUtils.java:logGet(46)) - raft.server.log.segment.cache.size.max = 200MB (=209715200) (default)
2024-05-04 14:26:41,537 [ccbd6c79-39e6-4e91-99a9-9b6c204b47e9-groupManagement] INFO  server.RaftServerConfigKeys (ConfUtils.java:logGet(46)) - raft.server.log.appender.buffer.byte-limit = 8388608 (custom)
2024-05-04 14:26:41,534 [83059998-de51-48d1-9818-e6afe7fa3b6f-groupManagement] INFO  impl.RoleInfo (RoleInfo.java:updateAndGet(139)) - 83059998-de51-48d1-9818-e6afe7fa3b6f: start 83059998-de51-48d1-9818-e6afe7fa3b6f@group-C3DAD7AF45B8-FollowerState
2024-05-04 14:26:41,538 [ccbd6c79-39e6-4e91-99a9-9b6c204b47e9-groupManagement] INFO  util.AwaitToRun (AwaitToRun.java:start(81)) - Thread[ccbd6c79-39e6-4e91-99a9-9b6c204b47e9@group-B8816B9210C0-cacheEviction-AwaitToRun,5,main] started
2024-05-04 14:26:41,538 [ccbd6c79-39e6-4e91-99a9-9b6c204b47e9-groupManagement] INFO  segmented.SegmentedRaftLogWorker (SegmentedRaftLogWorker.java:<init>(182)) - new ccbd6c79-39e6-4e91-99a9-9b6c204b47e9@group-B8816B9210C0-SegmentedRaftLogWorker for RaftStorageImpl:Storage Directory /home/runner/work/ozone/ozone/hadoop-ozone/integration-test/target/test-dir/MiniOzoneClusterImpl-7c905145-d891-4b2f-be71-50eb4aa8551e/ozone-meta/datanode-4/ratis/dece958d-b9b2-4b60-a8cd-b8816b9210c0
2024-05-04 14:26:41,538 [ccbd6c79-39e6-4e91-99a9-9b6c204b47e9-groupManagement] INFO  server.RaftServerConfigKeys (ConfUtils.java:logGet(46)) - raft.server.log.queue.byte-limit = 4294967296 (custom)
2024-05-04 14:26:41,538 [ccbd6c79-39e6-4e91-99a9-9b6c204b47e9-groupManagement] INFO  server.RaftServerConfigKeys (ConfUtils.java:logGet(46)) - raft.server.log.queue.element-limit = 1024 (custom)
2024-05-04 14:26:41,538 [ccbd6c79-39e6-4e91-99a9-9b6c204b47e9-groupManagement] INFO  server.RaftServerConfigKeys (ConfUtils.java:logGet(46)) - raft.server.log.segment.size.max = 67108864 (custom)
2024-05-04 14:26:41,538 [ccbd6c79-39e6-4e91-99a9-9b6c204b47e9-groupManagement] INFO  server.RaftServerConfigKeys (ConfUtils.java:logGet(46)) - raft.server.log.preallocated.size = 4194304 (custom)
2024-05-04 14:26:41,538 [ccbd6c79-39e6-4e91-99a9-9b6c204b47e9-groupManagement] INFO  server.RaftServerConfigKeys (ConfUtils.java:logGet(46)) - raft.server.log.force.sync.num = 128 (default)
2024-05-04 14:26:41,538 [ccbd6c79-39e6-4e91-99a9-9b6c204b47e9-groupManagement] INFO  server.RaftServerConfigKeys (ConfUtils.java:logGet(46)) - raft.server.log.statemachine.data.sync = true (default)
2024-05-04 14:26:41,538 [ccbd6c79-39e6-4e91-99a9-9b6c204b47e9-groupManagement] INFO  server.RaftServerConfigKeys (ConfUtils.java:logGet(46)) - raft.server.log.statemachine.data.sync.timeout = 10s (default)
2024-05-04 14:26:41,538 [ccbd6c79-39e6-4e91-99a9-9b6c204b47e9-groupManagement] INFO  server.RaftServerConfigKeys (ConfUtils.java:logGet(46)) - raft.server.log.statemachine.data.sync.timeout.retry = 30 (custom)
2024-05-04 14:26:41,538 [ccbd6c79-39e6-4e91-99a9-9b6c204b47e9-groupManagement] INFO  server.RaftServerConfigKeys (ConfUtils.java:logGet(46)) - raft.server.log.write.buffer.size = 8388616 (custom)
2024-05-04 14:26:41,540 [ccbd6c79-39e6-4e91-99a9-9b6c204b47e9-groupManagement] INFO  server.RaftServerConfigKeys (ConfUtils.java:logGet(46)) - raft.server.log.appender.buffer.byte-limit = 8388608 (custom)
2024-05-04 14:26:41,540 [ccbd6c79-39e6-4e91-99a9-9b6c204b47e9-groupManagement] INFO  server.RaftServerConfigKeys (ConfUtils.java:logGet(46)) - raft.server.log.unsafe-flush.enabled = false (default)
2024-05-04 14:26:41,541 [ccbd6c79-39e6-4e91-99a9-9b6c204b47e9-groupManagement] INFO  server.RaftServerConfigKeys (ConfUtils.java:logGet(46)) - raft.server.log.async-flush.enabled = false (default)
2024-05-04 14:26:41,541 [ccbd6c79-39e6-4e91-99a9-9b6c204b47e9-groupManagement] INFO  server.RaftServerConfigKeys (ConfUtils.java:logGet(46)) - raft.server.log.statemachine.data.caching.enabled = true (custom)
2024-05-04 14:26:41,541 [ccbd6c79-39e6-4e91-99a9-9b6c204b47e9-groupManagement] INFO  segmented.SegmentedRaftLogWorker (SegmentedRaftLogWorker.java:lambda$new$0(134)) - ccbd6c79-39e6-4e91-99a9-9b6c204b47e9@group-B8816B9210C0-SegmentedRaftLogWorker: flushIndex: setUnconditionally 0 -> -1
2024-05-04 14:26:41,541 [ccbd6c79-39e6-4e91-99a9-9b6c204b47e9-groupManagement] INFO  segmented.SegmentedRaftLogWorker (SegmentedRaftLogWorker.java:lambda$new$0(134)) - ccbd6c79-39e6-4e91-99a9-9b6c204b47e9@group-B8816B9210C0-SegmentedRaftLogWorker: safeCacheEvictIndex: setUnconditionally 0 -> -1
2024-05-04 14:26:41,543 [83059998-de51-48d1-9818-e6afe7fa3b6f-groupManagement] INFO  util.JmxRegister (JmxRegister.java:tryRegister(44)) - Successfully registered JMX Bean with object name Ratis:service=RaftServer,group=group-C3DAD7AF45B8,id=83059998-de51-48d1-9818-e6afe7fa3b6f
2024-05-04 14:26:41,543 [83059998-de51-48d1-9818-e6afe7fa3b6f-groupManagement] INFO  server.RaftServerConfigKeys (ConfUtils.java:logGet(46)) - raft.server.snapshot.trigger-when-stop.enabled = true (default)
2024-05-04 14:26:41,543 [83059998-de51-48d1-9818-e6afe7fa3b6f-groupManagement] INFO  server.RaftServerConfigKeys (ConfUtils.java:logGet(46)) - raft.server.snapshot.auto.trigger.enabled = true (custom)
2024-05-04 14:26:41,543 [83059998-de51-48d1-9818-e6afe7fa3b6f-groupManagement] INFO  server.RaftServerConfigKeys (ConfUtils.java:logGet(46)) - raft.server.snapshot.auto.trigger.threshold = 10000 (custom)
2024-05-04 14:26:41,543 [83059998-de51-48d1-9818-e6afe7fa3b6f-groupManagement] INFO  server.RaftServerConfigKeys (ConfUtils.java:logGet(46)) - raft.server.snapshot.retention.file.num = 5 (custom)
2024-05-04 14:26:41,543 [83059998-de51-48d1-9818-e6afe7fa3b6f-groupManagement] INFO  server.RaftServerConfigKeys (ConfUtils.java:logGet(46)) - raft.server.log.purge.upto.snapshot.index = false (default)
2024-05-04 14:26:41,544 [83059998-de51-48d1-9818-e6afe7fa3b6f@group-C3DAD7AF45B8-FollowerState] INFO  server.RaftServerConfigKeys (ConfUtils.java:logFallback(53)) - raft.server.rpc.first-election.timeout.min = 5s (fallback to raft.server.rpc.timeout.min)
2024-05-04 14:26:41,544 [83059998-de51-48d1-9818-e6afe7fa3b6f@group-C3DAD7AF45B8-FollowerState] INFO  server.RaftServerConfigKeys (ConfUtils.java:logFallback(53)) - raft.server.rpc.first-election.timeout.max = 5200ms (fallback to raft.server.rpc.timeout.max)
2024-05-04 14:26:41,545 [83059998-de51-48d1-9818-e6afe7fa3b6f-PipelineCommandHandlerThread-0] INFO  ratis.XceiverServerRatis (XceiverServerRatis.java:addGroup(864)) - Created group PipelineID=29719e95-3b68-43b3-b996-c3dad7af45b8
2024-05-04 14:26:41,549 [ccbd6c79-39e6-4e91-99a9-9b6c204b47e9-groupManagement] INFO  server.RaftServer$Division (RaftServerImpl.java:start(396)) - ccbd6c79-39e6-4e91-99a9-9b6c204b47e9@group-B8816B9210C0: start as a follower, conf=-1: peers:[ccbd6c79-39e6-4e91-99a9-9b6c204b47e9|127.0.0.1:15094]|listeners:[], old=null
2024-05-04 14:26:41,550 [ccbd6c79-39e6-4e91-99a9-9b6c204b47e9-groupManagement] INFO  server.RaftServer$Division (RaftServerImpl.java:setRole(383)) - ccbd6c79-39e6-4e91-99a9-9b6c204b47e9@group-B8816B9210C0: changes role from      null to FOLLOWER at term 0 for startAsFollower
2024-05-04 14:26:41,550 [ccbd6c79-39e6-4e91-99a9-9b6c204b47e9-groupManagement] INFO  impl.RoleInfo (RoleInfo.java:updateAndGet(139)) - ccbd6c79-39e6-4e91-99a9-9b6c204b47e9: start ccbd6c79-39e6-4e91-99a9-9b6c204b47e9@group-B8816B9210C0-FollowerState
2024-05-04 14:26:41,553 [ccbd6c79-39e6-4e91-99a9-9b6c204b47e9-groupManagement] INFO  util.JmxRegister (JmxRegister.java:tryRegister(44)) - Successfully registered JMX Bean with object name Ratis:service=RaftServer,group=group-B8816B9210C0,id=ccbd6c79-39e6-4e91-99a9-9b6c204b47e9
2024-05-04 14:26:41,553 [ccbd6c79-39e6-4e91-99a9-9b6c204b47e9-groupManagement] INFO  server.RaftServerConfigKeys (ConfUtils.java:logGet(46)) - raft.server.snapshot.trigger-when-stop.enabled = true (default)
2024-05-04 14:26:41,553 [ccbd6c79-39e6-4e91-99a9-9b6c204b47e9-groupManagement] INFO  server.RaftServerConfigKeys (ConfUtils.java:logGet(46)) - raft.server.snapshot.auto.trigger.enabled = true (custom)
2024-05-04 14:26:41,553 [ccbd6c79-39e6-4e91-99a9-9b6c204b47e9-groupManagement] INFO  server.RaftServerConfigKeys (ConfUtils.java:logGet(46)) - raft.server.snapshot.auto.trigger.threshold = 10000 (custom)
2024-05-04 14:26:41,553 [ccbd6c79-39e6-4e91-99a9-9b6c204b47e9-groupManagement] INFO  server.RaftServerConfigKeys (ConfUtils.java:logGet(46)) - raft.server.snapshot.retention.file.num = 5 (custom)
2024-05-04 14:26:41,553 [ccbd6c79-39e6-4e91-99a9-9b6c204b47e9-groupManagement] INFO  server.RaftServerConfigKeys (ConfUtils.java:logGet(46)) - raft.server.log.purge.upto.snapshot.index = false (default)
2024-05-04 14:26:41,554 [ccbd6c79-39e6-4e91-99a9-9b6c204b47e9@group-B8816B9210C0-FollowerState] INFO  server.RaftServerConfigKeys (ConfUtils.java:logFallback(53)) - raft.server.rpc.first-election.timeout.min = 5s (fallback to raft.server.rpc.timeout.min)
2024-05-04 14:26:41,554 [ccbd6c79-39e6-4e91-99a9-9b6c204b47e9@group-B8816B9210C0-FollowerState] INFO  server.RaftServerConfigKeys (ConfUtils.java:logFallback(53)) - raft.server.rpc.first-election.timeout.max = 5200ms (fallback to raft.server.rpc.timeout.max)
2024-05-04 14:26:41,555 [ccbd6c79-39e6-4e91-99a9-9b6c204b47e9-PipelineCommandHandlerThread-0] INFO  ratis.XceiverServerRatis (XceiverServerRatis.java:addGroup(864)) - Created group PipelineID=dece958d-b9b2-4b60-a8cd-b8816b9210c0
2024-05-04 14:26:41,555 [ccbd6c79-39e6-4e91-99a9-9b6c204b47e9-PipelineCommandHandlerThread-0] INFO  commandhandler.CreatePipelineCommandHandler (CreatePipelineCommandHandler.java:lambda$handle$2(124)) - Created Pipeline RATIS ONE PipelineID=dece958d-b9b2-4b60-a8cd-b8816b9210c0.
2024-05-04 14:26:41,565 [8808acf2-b901-482b-9182-8feecfa28384-PipelineCommandHandlerThread-0] INFO  commandhandler.CreatePipelineCommandHandler (CreatePipelineCommandHandler.java:lambda$handle$2(124)) - Created Pipeline RATIS THREE PipelineID=29719e95-3b68-43b3-b996-c3dad7af45b8.
2024-05-04 14:26:41,565 [main] INFO  ozone.MiniOzoneClusterImpl (MiniOzoneClusterImpl.java:lambda$waitForClusterToBeReady$0(194)) - Nodes are ready. Got 5 of 5 DN Heartbeats.
2024-05-04 14:26:41,566 [main] INFO  ozone.MiniOzoneClusterImpl (MiniOzoneClusterImpl.java:lambda$waitForClusterToBeReady$0(197)) - Waiting for cluster to exit safe mode
2024-05-04 14:26:41,566 [main] INFO  ozone.MiniOzoneClusterImpl (MiniOzoneClusterImpl.java:lambda$waitForClusterToBeReady$0(199)) - SCM became leader
2024-05-04 14:26:41,567 [83059998-de51-48d1-9818-e6afe7fa3b6f-PipelineCommandHandlerThread-0] INFO  commandhandler.CreatePipelineCommandHandler (CreatePipelineCommandHandler.java:lambda$handle$2(124)) - Created Pipeline RATIS THREE PipelineID=29719e95-3b68-43b3-b996-c3dad7af45b8.
2024-05-04 14:26:41,572 [3ae9785c-56ef-4b84-8cb7-69d91d7d731c-PipelineCommandHandlerThread-0] INFO  server.RaftServer (RaftServerProxy.java:addNew(100)) - 3ae9785c-56ef-4b84-8cb7-69d91d7d731c: addNew group-AB4B3A4AD983:[3ae9785c-56ef-4b84-8cb7-69d91d7d731c|127.0.0.1:15103] returns group-AB4B3A4AD983:java.util.concurrent.CompletableFuture@73b820da[Not completed]
2024-05-04 14:26:41,574 [3ae9785c-56ef-4b84-8cb7-69d91d7d731c-groupManagement] INFO  server.RaftServer$Division (RaftServerImpl.java:<init>(256)) - 3ae9785c-56ef-4b84-8cb7-69d91d7d731c: new RaftServerImpl for group-AB4B3A4AD983:[3ae9785c-56ef-4b84-8cb7-69d91d7d731c|127.0.0.1:15103] with ContainerStateMachine:uninitialized
2024-05-04 14:26:41,574 [3ae9785c-56ef-4b84-8cb7-69d91d7d731c-groupManagement] INFO  server.RaftServerConfigKeys (ConfUtils.java:logGet(46)) - raft.server.rpc.timeout.min = 5s (custom)
2024-05-04 14:26:41,575 [3ae9785c-56ef-4b84-8cb7-69d91d7d731c-groupManagement] INFO  server.RaftServerConfigKeys (ConfUtils.java:logGet(46)) - raft.server.rpc.timeout.max = 5200ms (custom)
2024-05-04 14:26:41,575 [9ec74834-1541-452c-921b-2d323393210f-PipelineCommandHandlerThread-0] INFO  commandhandler.CreatePipelineCommandHandler (CreatePipelineCommandHandler.java:lambda$handle$2(124)) - Created Pipeline RATIS THREE PipelineID=29719e95-3b68-43b3-b996-c3dad7af45b8.
2024-05-04 14:26:41,575 [3ae9785c-56ef-4b84-8cb7-69d91d7d731c-groupManagement] INFO  server.RaftServerConfigKeys (ConfUtils.java:logGet(46)) - raft.server.rpc.sleep.time = 25ms (default)
2024-05-04 14:26:41,576 [3ae9785c-56ef-4b84-8cb7-69d91d7d731c-groupManagement] INFO  server.RaftServerConfigKeys (ConfUtils.java:logGet(46)) - raft.server.rpc.slowness.timeout = 300000ms (custom)
2024-05-04 14:26:41,576 [3ae9785c-56ef-4b84-8cb7-69d91d7d731c-groupManagement] INFO  server.RaftServerConfigKeys (ConfUtils.java:logGet(46)) - raft.server.leaderelection.leader.step-down.wait-time = 10s (default)
2024-05-04 14:26:41,576 [3ae9785c-56ef-4b84-8cb7-69d91d7d731c-groupManagement] INFO  server.RaftServerConfigKeys (ConfUtils.java:logGet(46)) - raft.server.leaderelection.member.majority-add = false (default)
2024-05-04 14:26:41,576 [3ae9785c-56ef-4b84-8cb7-69d91d7d731c-groupManagement] INFO  server.RaftServerConfigKeys (ConfUtils.java:logGet(46)) - raft.server.sleep.deviation.threshold = 300ms (default)
2024-05-04 14:26:41,577 [3ae9785c-56ef-4b84-8cb7-69d91d7d731c-groupManagement] INFO  server.RaftServer$Division (ServerState.java:<init>(113)) - 3ae9785c-56ef-4b84-8cb7-69d91d7d731c@group-AB4B3A4AD983: ConfigurationManager, init=-1: peers:[3ae9785c-56ef-4b84-8cb7-69d91d7d731c|127.0.0.1:15103]|listeners:[], old=null, confs=<EMPTY_MAP>
2024-05-04 14:26:41,577 [3ae9785c-56ef-4b84-8cb7-69d91d7d731c-groupManagement] INFO  server.RaftServerConfigKeys (ConfUtils.java:logGet(46)) - raft.server.notification.no-leader.timeout = 300000ms (custom)
2024-05-04 14:26:41,577 [3ae9785c-56ef-4b84-8cb7-69d91d7d731c-groupManagement] INFO  server.RaftServerConfigKeys (ConfUtils.java:logGet(46)) - raft.server.read.timeout = 10s (default)
2024-05-04 14:26:41,577 [3ae9785c-56ef-4b84-8cb7-69d91d7d731c-groupManagement] INFO  server.RaftServerConfigKeys (ConfUtils.java:logGet(46)) - raft.server.retrycache.expirytime = 600000ms (custom)
2024-05-04 14:26:41,577 [3ae9785c-56ef-4b84-8cb7-69d91d7d731c-groupManagement] INFO  server.RaftServerConfigKeys (ConfUtils.java:logGet(46)) - raft.server.retrycache.statistics.expirytime = 100ms (default)
2024-05-04 14:26:41,577 [3ae9785c-56ef-4b84-8cb7-69d91d7d731c-groupManagement] INFO  server.RaftServerConfigKeys (ConfUtils.java:logGet(46)) - raft.server.read.option = DEFAULT (default)
2024-05-04 14:26:41,577 [3ae9785c-56ef-4b84-8cb7-69d91d7d731c-groupManagement] INFO  server.RaftServerConfigKeys (ConfUtils.java:logGet(46)) - raft.server.read.read-after-write-consistent.write-index-cache.expiry-time = 60s (default)
2024-05-04 14:26:41,579 [3ae9785c-56ef-4b84-8cb7-69d91d7d731c-groupManagement] INFO  server.RaftServerConfigKeys (ConfUtils.java:logGet(46)) - raft.server.rpc.request.timeout = 3000ms (default)
2024-05-04 14:26:41,579 [3ae9785c-56ef-4b84-8cb7-69d91d7d731c-groupManagement] INFO  server.RaftServerConfigKeys (ConfUtils.java:logGet(46)) - raft.server.log.appender.install.snapshot.enabled = false (custom)
2024-05-04 14:26:41,579 [3ae9785c-56ef-4b84-8cb7-69d91d7d731c-groupManagement] INFO  server.RaftServerConfigKeys (ConfUtils.java:logGet(46)) - raft.server.threadpool.server.cached = true (default)
2024-05-04 14:26:41,579 [3ae9785c-56ef-4b84-8cb7-69d91d7d731c-groupManagement] INFO  server.RaftServerConfigKeys (ConfUtils.java:logGet(46)) - raft.server.threadpool.server.size = 0 (default)
2024-05-04 14:26:41,579 [3ae9785c-56ef-4b84-8cb7-69d91d7d731c-groupManagement] INFO  server.RaftServerConfigKeys (ConfUtils.java:logGet(46)) - raft.server.threadpool.client.cached = true (default)
2024-05-04 14:26:41,579 [3ae9785c-56ef-4b84-8cb7-69d91d7d731c-groupManagement] INFO  server.RaftServerConfigKeys (ConfUtils.java:logGet(46)) - raft.server.threadpool.client.size = 0 (default)
2024-05-04 14:26:41,579 [3ae9785c-56ef-4b84-8cb7-69d91d7d731c-groupManagement] INFO  server.RaftServerConfigKeys (ConfUtils.java:logGet(46)) - raft.server.storage.free-space.min = 0MB (=0) (default)
2024-05-04 14:26:41,579 [3ae9785c-56ef-4b84-8cb7-69d91d7d731c-groupManagement] INFO  server.RaftServerConfigKeys (ConfUtils.java:logGet(46)) - raft.server.log.corruption.policy = EXCEPTION (default)
2024-05-04 14:26:41,579 [3ae9785c-56ef-4b84-8cb7-69d91d7d731c-groupManagement] INFO  server.RaftServerConfigKeys (ConfUtils.java:logGet(46)) - raft.server.storage.dir = [/home/runner/work/ozone/ozone/hadoop-ozone/integration-test/target/test-dir/MiniOzoneClusterImpl-7c905145-d891-4b2f-be71-50eb4aa8551e/ozone-meta/datanode-5/ratis] (custom)
2024-05-04 14:26:41,580 [3ae9785c-56ef-4b84-8cb7-69d91d7d731c-groupManagement] INFO  storage.RaftStorageDirectory (RaftStorageDirectoryImpl.java:analyzeStorage(138)) - The storage directory /home/runner/work/ozone/ozone/hadoop-ozone/integration-test/target/test-dir/MiniOzoneClusterImpl-7c905145-d891-4b2f-be71-50eb4aa8551e/ozone-meta/datanode-5/ratis/cbd3ffaa-71b0-4cf2-b7f6-ab4b3a4ad983 does not exist. Creating ...
2024-05-04 14:26:41,581 [3ae9785c-56ef-4b84-8cb7-69d91d7d731c-groupManagement] INFO  storage.RaftStorageDirectory (RaftStorageDirectoryImpl.java:tryLock(228)) - Lock on /home/runner/work/ozone/ozone/hadoop-ozone/integration-test/target/test-dir/MiniOzoneClusterImpl-7c905145-d891-4b2f-be71-50eb4aa8551e/ozone-meta/datanode-5/ratis/cbd3ffaa-71b0-4cf2-b7f6-ab4b3a4ad983/in_use.lock acquired by nodename 53612@fv-az1114-244
2024-05-04 14:26:41,583 [3ae9785c-56ef-4b84-8cb7-69d91d7d731c-groupManagement] INFO  storage.RaftStorage (RaftStorageImpl.java:format(99)) - Storage directory /home/runner/work/ozone/ozone/hadoop-ozone/integration-test/target/test-dir/MiniOzoneClusterImpl-7c905145-d891-4b2f-be71-50eb4aa8551e/ozone-meta/datanode-5/ratis/cbd3ffaa-71b0-4cf2-b7f6-ab4b3a4ad983 has been successfully formatted.
2024-05-04 14:26:41,583 [3ae9785c-56ef-4b84-8cb7-69d91d7d731c-groupManagement] WARN  util.FileUtils (LogUtils.java:supplyAndLog(63)) - Failed to Files.newInputStream /home/runner/work/ozone/ozone/hadoop-ozone/integration-test/target/test-dir/MiniOzoneClusterImpl-7c905145-d891-4b2f-be71-50eb4aa8551e/ozone-meta/datanode-5/ratis/cbd3ffaa-71b0-4cf2-b7f6-ab4b3a4ad983/current/raft-meta.conf with options []: java.nio.file.NoSuchFileException: /home/runner/work/ozone/ozone/hadoop-ozone/integration-test/target/test-dir/MiniOzoneClusterImpl-7c905145-d891-4b2f-be71-50eb4aa8551e/ozone-meta/datanode-5/ratis/cbd3ffaa-71b0-4cf2-b7f6-ab4b3a4ad983/current/raft-meta.conf
2024-05-04 14:26:41,584 [3ae9785c-56ef-4b84-8cb7-69d91d7d731c-groupManagement] INFO  ratis.ContainerStateMachine (ContainerStateMachine.java:loadSnapshot(287)) - group-AB4B3A4AD983: The snapshot info is null. Setting the last applied index to:(t:0, i:~)
2024-05-04 14:26:41,584 [3ae9785c-56ef-4b84-8cb7-69d91d7d731c-groupManagement] INFO  server.RaftServerConfigKeys (ConfUtils.java:logGet(46)) - raft.server.log.use.memory = false (default)
2024-05-04 14:26:41,585 [3ae9785c-56ef-4b84-8cb7-69d91d7d731c-groupManagement] INFO  server.RaftServerConfigKeys (ConfUtils.java:logGet(46)) - raft.server.log.purge.gap = 1000000 (custom)
2024-05-04 14:26:41,585 [3ae9785c-56ef-4b84-8cb7-69d91d7d731c-groupManagement] INFO  server.RaftServerConfigKeys (ConfUtils.java:logGet(46)) - raft.server.log.appender.buffer.byte-limit = 8388608 (custom)
2024-05-04 14:26:41,586 [3ae9785c-56ef-4b84-8cb7-69d91d7d731c-groupManagement] INFO  server.RaftServerConfigKeys (ConfUtils.java:logGet(46)) - raft.server.log.statemachine.data.read.timeout = 1000ms (default)
2024-05-04 14:26:41,586 [3ae9785c-56ef-4b84-8cb7-69d91d7d731c-groupManagement] INFO  server.RaftServerConfigKeys (ConfUtils.java:logGet(46)) - raft.server.log.purge.preservation.log.num = 0 (default)
2024-05-04 14:26:41,586 [EventQueue-PipelineReportForPipelineReportHandler] INFO  pipeline.PipelineReportHandler (PipelineReportHandler.java:processPipelineReport(136)) - Opened pipeline PipelineID=cbd3ffaa-71b0-4cf2-b7f6-ab4b3a4ad983
2024-05-04 14:26:41,586 [EventQueue-OpenPipelineForHealthyPipelineSafeModeRule] INFO  safemode.SCMSafeModeManager (HealthyPipelineSafeModeRule.java:process(140)) - SCM in safe mode. Healthy pipelines reported count is 0, required healthy pipeline reported count is 1
2024-05-04 14:26:41,588 [3ae9785c-56ef-4b84-8cb7-69d91d7d731c-groupManagement] INFO  server.RaftServerConfigKeys (ConfUtils.java:logGet(46)) - raft.server.log.segment.size.max = 67108864 (custom)
2024-05-04 14:26:41,588 [3ae9785c-56ef-4b84-8cb7-69d91d7d731c-groupManagement] INFO  server.RaftServerConfigKeys (ConfUtils.java:logGet(46)) - raft.server.log.segment.cache.num.max = 2 (custom)
2024-05-04 14:26:41,588 [3ae9785c-56ef-4b84-8cb7-69d91d7d731c-groupManagement] INFO  server.RaftServerConfigKeys (ConfUtils.java:logGet(46)) - raft.server.log.segment.cache.size.max = 200MB (=209715200) (default)
2024-05-04 14:26:41,588 [3ae9785c-56ef-4b84-8cb7-69d91d7d731c-groupManagement] INFO  server.RaftServerConfigKeys (ConfUtils.java:logGet(46)) - raft.server.log.appender.buffer.byte-limit = 8388608 (custom)
2024-05-04 14:26:41,588 [3ae9785c-56ef-4b84-8cb7-69d91d7d731c-groupManagement] INFO  util.AwaitToRun (AwaitToRun.java:start(81)) - Thread[3ae9785c-56ef-4b84-8cb7-69d91d7d731c@group-AB4B3A4AD983-cacheEviction-AwaitToRun,5,main] started
2024-05-04 14:26:41,588 [3ae9785c-56ef-4b84-8cb7-69d91d7d731c-groupManagement] INFO  segmented.SegmentedRaftLogWorker (SegmentedRaftLogWorker.java:<init>(182)) - new 3ae9785c-56ef-4b84-8cb7-69d91d7d731c@group-AB4B3A4AD983-SegmentedRaftLogWorker for RaftStorageImpl:Storage Directory /home/runner/work/ozone/ozone/hadoop-ozone/integration-test/target/test-dir/MiniOzoneClusterImpl-7c905145-d891-4b2f-be71-50eb4aa8551e/ozone-meta/datanode-5/ratis/cbd3ffaa-71b0-4cf2-b7f6-ab4b3a4ad983
2024-05-04 14:26:41,588 [3ae9785c-56ef-4b84-8cb7-69d91d7d731c-groupManagement] INFO  server.RaftServerConfigKeys (ConfUtils.java:logGet(46)) - raft.server.log.queue.byte-limit = 4294967296 (custom)
2024-05-04 14:26:41,588 [3ae9785c-56ef-4b84-8cb7-69d91d7d731c-groupManagement] INFO  server.RaftServerConfigKeys (ConfUtils.java:logGet(46)) - raft.server.log.queue.element-limit = 1024 (custom)
2024-05-04 14:26:41,589 [3ae9785c-56ef-4b84-8cb7-69d91d7d731c-groupManagement] INFO  server.RaftServerConfigKeys (ConfUtils.java:logGet(46)) - raft.server.log.segment.size.max = 67108864 (custom)
2024-05-04 14:26:41,589 [3ae9785c-56ef-4b84-8cb7-69d91d7d731c-groupManagement] INFO  server.RaftServerConfigKeys (ConfUtils.java:logGet(46)) - raft.server.log.preallocated.size = 4194304 (custom)
2024-05-04 14:26:41,589 [3ae9785c-56ef-4b84-8cb7-69d91d7d731c-groupManagement] INFO  server.RaftServerConfigKeys (ConfUtils.java:logGet(46)) - raft.server.log.force.sync.num = 128 (default)
2024-05-04 14:26:41,589 [3ae9785c-56ef-4b84-8cb7-69d91d7d731c-groupManagement] INFO  server.RaftServerConfigKeys (ConfUtils.java:logGet(46)) - raft.server.log.statemachine.data.sync = true (default)
2024-05-04 14:26:41,589 [3ae9785c-56ef-4b84-8cb7-69d91d7d731c-groupManagement] INFO  server.RaftServerConfigKeys (ConfUtils.java:logGet(46)) - raft.server.log.statemachine.data.sync.timeout = 10s (default)
2024-05-04 14:26:41,589 [3ae9785c-56ef-4b84-8cb7-69d91d7d731c-groupManagement] INFO  server.RaftServerConfigKeys (ConfUtils.java:logGet(46)) - raft.server.log.statemachine.data.sync.timeout.retry = 30 (custom)
2024-05-04 14:26:41,589 [3ae9785c-56ef-4b84-8cb7-69d91d7d731c-groupManagement] INFO  server.RaftServerConfigKeys (ConfUtils.java:logGet(46)) - raft.server.log.write.buffer.size = 8388616 (custom)
2024-05-04 14:26:41,591 [3ae9785c-56ef-4b84-8cb7-69d91d7d731c-groupManagement] INFO  server.RaftServerConfigKeys (ConfUtils.java:logGet(46)) - raft.server.log.appender.buffer.byte-limit = 8388608 (custom)
2024-05-04 14:26:41,591 [3ae9785c-56ef-4b84-8cb7-69d91d7d731c-groupManagement] INFO  server.RaftServerConfigKeys (ConfUtils.java:logGet(46)) - raft.server.log.unsafe-flush.enabled = false (default)
2024-05-04 14:26:41,591 [3ae9785c-56ef-4b84-8cb7-69d91d7d731c-groupManagement] INFO  server.RaftServerConfigKeys (ConfUtils.java:logGet(46)) - raft.server.log.async-flush.enabled = false (default)
2024-05-04 14:26:41,591 [3ae9785c-56ef-4b84-8cb7-69d91d7d731c-groupManagement] INFO  server.RaftServerConfigKeys (ConfUtils.java:logGet(46)) - raft.server.log.statemachine.data.caching.enabled = true (custom)
2024-05-04 14:26:41,591 [3ae9785c-56ef-4b84-8cb7-69d91d7d731c-groupManagement] INFO  segmented.SegmentedRaftLogWorker (SegmentedRaftLogWorker.java:lambda$new$0(134)) - 3ae9785c-56ef-4b84-8cb7-69d91d7d731c@group-AB4B3A4AD983-SegmentedRaftLogWorker: flushIndex: setUnconditionally 0 -> -1
2024-05-04 14:26:41,591 [3ae9785c-56ef-4b84-8cb7-69d91d7d731c-groupManagement] INFO  segmented.SegmentedRaftLogWorker (SegmentedRaftLogWorker.java:lambda$new$0(134)) - 3ae9785c-56ef-4b84-8cb7-69d91d7d731c@group-AB4B3A4AD983-SegmentedRaftLogWorker: safeCacheEvictIndex: setUnconditionally 0 -> -1
2024-05-04 14:26:41,591 [3ae9785c-56ef-4b84-8cb7-69d91d7d731c-groupManagement] INFO  server.RaftServer$Division (RaftServerImpl.java:start(396)) - 3ae9785c-56ef-4b84-8cb7-69d91d7d731c@group-AB4B3A4AD983: start as a follower, conf=-1: peers:[3ae9785c-56ef-4b84-8cb7-69d91d7d731c|127.0.0.1:15103]|listeners:[], old=null
2024-05-04 14:26:41,591 [3ae9785c-56ef-4b84-8cb7-69d91d7d731c-groupManagement] INFO  server.RaftServer$Division (RaftServerImpl.java:setRole(383)) - 3ae9785c-56ef-4b84-8cb7-69d91d7d731c@group-AB4B3A4AD983: changes role from      null to FOLLOWER at term 0 for startAsFollower
2024-05-04 14:26:41,592 [3ae9785c-56ef-4b84-8cb7-69d91d7d731c-groupManagement] INFO  impl.RoleInfo (RoleInfo.java:updateAndGet(139)) - 3ae9785c-56ef-4b84-8cb7-69d91d7d731c: start 3ae9785c-56ef-4b84-8cb7-69d91d7d731c@group-AB4B3A4AD983-FollowerState
2024-05-04 14:26:41,592 [3ae9785c-56ef-4b84-8cb7-69d91d7d731c-groupManagement] INFO  util.JmxRegister (JmxRegister.java:tryRegister(44)) - Successfully registered JMX Bean with object name Ratis:service=RaftServer,group=group-AB4B3A4AD983,id=3ae9785c-56ef-4b84-8cb7-69d91d7d731c
2024-05-04 14:26:41,592 [3ae9785c-56ef-4b84-8cb7-69d91d7d731c-groupManagement] INFO  server.RaftServerConfigKeys (ConfUtils.java:logGet(46)) - raft.server.snapshot.trigger-when-stop.enabled = true (default)
2024-05-04 14:26:41,592 [3ae9785c-56ef-4b84-8cb7-69d91d7d731c-groupManagement] INFO  server.RaftServerConfigKeys (ConfUtils.java:logGet(46)) - raft.server.snapshot.auto.trigger.enabled = true (custom)
2024-05-04 14:26:41,592 [3ae9785c-56ef-4b84-8cb7-69d91d7d731c-groupManagement] INFO  server.RaftServerConfigKeys (ConfUtils.java:logGet(46)) - raft.server.snapshot.auto.trigger.threshold = 10000 (custom)
2024-05-04 14:26:41,592 [3ae9785c-56ef-4b84-8cb7-69d91d7d731c-groupManagement] INFO  server.RaftServerConfigKeys (ConfUtils.java:logGet(46)) - raft.server.snapshot.retention.file.num = 5 (custom)
2024-05-04 14:26:41,592 [3ae9785c-56ef-4b84-8cb7-69d91d7d731c-groupManagement] INFO  server.RaftServerConfigKeys (ConfUtils.java:logGet(46)) - raft.server.log.purge.upto.snapshot.index = false (default)
2024-05-04 14:26:41,593 [3ae9785c-56ef-4b84-8cb7-69d91d7d731c@group-AB4B3A4AD983-FollowerState] INFO  server.RaftServerConfigKeys (ConfUtils.java:logFallback(53)) - raft.server.rpc.first-election.timeout.min = 5s (fallback to raft.server.rpc.timeout.min)
2024-05-04 14:26:41,593 [3ae9785c-56ef-4b84-8cb7-69d91d7d731c@group-AB4B3A4AD983-FollowerState] INFO  server.RaftServerConfigKeys (ConfUtils.java:logFallback(53)) - raft.server.rpc.first-election.timeout.max = 5200ms (fallback to raft.server.rpc.timeout.max)
2024-05-04 14:26:41,593 [3ae9785c-56ef-4b84-8cb7-69d91d7d731c-PipelineCommandHandlerThread-0] INFO  ratis.XceiverServerRatis (XceiverServerRatis.java:addGroup(864)) - Created group PipelineID=cbd3ffaa-71b0-4cf2-b7f6-ab4b3a4ad983
2024-05-04 14:26:41,593 [3ae9785c-56ef-4b84-8cb7-69d91d7d731c-PipelineCommandHandlerThread-0] INFO  commandhandler.CreatePipelineCommandHandler (CreatePipelineCommandHandler.java:lambda$handle$2(124)) - Created Pipeline RATIS ONE PipelineID=cbd3ffaa-71b0-4cf2-b7f6-ab4b3a4ad983.
2024-05-04 14:26:42,566 [main] INFO  ozone.MiniOzoneClusterImpl (MiniOzoneClusterImpl.java:lambda$waitForClusterToBeReady$0(194)) - Nodes are ready. Got 5 of 5 DN Heartbeats.
2024-05-04 14:26:42,567 [main] INFO  ozone.MiniOzoneClusterImpl (MiniOzoneClusterImpl.java:lambda$waitForClusterToBeReady$0(197)) - Waiting for cluster to exit safe mode
2024-05-04 14:26:42,567 [main] INFO  ozone.MiniOzoneClusterImpl (MiniOzoneClusterImpl.java:lambda$waitForClusterToBeReady$0(199)) - SCM became leader
2024-05-04 14:26:43,567 [main] INFO  ozone.MiniOzoneClusterImpl (MiniOzoneClusterImpl.java:lambda$waitForClusterToBeReady$0(194)) - Nodes are ready. Got 5 of 5 DN Heartbeats.
2024-05-04 14:26:43,567 [main] INFO  ozone.MiniOzoneClusterImpl (MiniOzoneClusterImpl.java:lambda$waitForClusterToBeReady$0(197)) - Waiting for cluster to exit safe mode
2024-05-04 14:26:43,567 [main] INFO  ozone.MiniOzoneClusterImpl (MiniOzoneClusterImpl.java:lambda$waitForClusterToBeReady$0(199)) - SCM became leader
2024-05-04 14:26:44,567 [main] INFO  ozone.MiniOzoneClusterImpl (MiniOzoneClusterImpl.java:lambda$waitForClusterToBeReady$0(194)) - Nodes are ready. Got 5 of 5 DN Heartbeats.
2024-05-04 14:26:44,568 [main] INFO  ozone.MiniOzoneClusterImpl (MiniOzoneClusterImpl.java:lambda$waitForClusterToBeReady$0(197)) - Waiting for cluster to exit safe mode
2024-05-04 14:26:44,568 [main] INFO  ozone.MiniOzoneClusterImpl (MiniOzoneClusterImpl.java:lambda$waitForClusterToBeReady$0(199)) - SCM became leader
2024-05-04 14:26:45,568 [main] INFO  ozone.MiniOzoneClusterImpl (MiniOzoneClusterImpl.java:lambda$waitForClusterToBeReady$0(194)) - Nodes are ready. Got 5 of 5 DN Heartbeats.
2024-05-04 14:26:45,568 [main] INFO  ozone.MiniOzoneClusterImpl (MiniOzoneClusterImpl.java:lambda$waitForClusterToBeReady$0(197)) - Waiting for cluster to exit safe mode
2024-05-04 14:26:45,568 [main] INFO  ozone.MiniOzoneClusterImpl (MiniOzoneClusterImpl.java:lambda$waitForClusterToBeReady$0(199)) - SCM became leader
2024-05-04 14:26:46,349 [9ec74834-1541-452c-921b-2d323393210f@group-D5ED0AA30690-FollowerState] INFO  impl.FollowerState (FollowerState.java:run(143)) - 9ec74834-1541-452c-921b-2d323393210f@group-D5ED0AA30690-FollowerState: change to CANDIDATE, lastRpcElapsedTime:5009562501ns, electionTimeout:5009ms
2024-05-04 14:26:46,349 [9ec74834-1541-452c-921b-2d323393210f@group-D5ED0AA30690-FollowerState] INFO  impl.RoleInfo (RoleInfo.java:shutdownFollowerState(110)) - 9ec74834-1541-452c-921b-2d323393210f: shutdown 9ec74834-1541-452c-921b-2d323393210f@group-D5ED0AA30690-FollowerState
2024-05-04 14:26:46,349 [9ec74834-1541-452c-921b-2d323393210f@group-D5ED0AA30690-FollowerState] INFO  server.RaftServer$Division (RaftServerImpl.java:setRole(383)) - 9ec74834-1541-452c-921b-2d323393210f@group-D5ED0AA30690: changes role from  FOLLOWER to CANDIDATE at term 0 for changeToCandidate
2024-05-04 14:26:46,349 [9ec74834-1541-452c-921b-2d323393210f@group-D5ED0AA30690-FollowerState] INFO  server.RaftServerConfigKeys (ConfUtils.java:logGet(46)) - raft.server.leaderelection.pre-vote = true (default)
2024-05-04 14:26:46,349 [9ec74834-1541-452c-921b-2d323393210f@group-D5ED0AA30690-FollowerState] INFO  impl.RoleInfo (RoleInfo.java:updateAndGet(139)) - 9ec74834-1541-452c-921b-2d323393210f: start 9ec74834-1541-452c-921b-2d323393210f@group-D5ED0AA30690-LeaderElection16
2024-05-04 14:26:46,349 [9ec74834-1541-452c-921b-2d323393210f@group-D5ED0AA30690-LeaderElection16] INFO  impl.LeaderElection (LeaderElection.java:askForVotes(321)) - 9ec74834-1541-452c-921b-2d323393210f@group-D5ED0AA30690-LeaderElection16 PRE_VOTE round 0: submit vote requests at term 0 for -1: peers:[8808acf2-b901-482b-9182-8feecfa28384|127.0.0.1:15085, 9ec74834-1541-452c-921b-2d323393210f|127.0.0.1:15076, 83059998-de51-48d1-9818-e6afe7fa3b6f|127.0.0.1:15067]|listeners:[], old=null
2024-05-04 14:26:46,350 [9ec74834-1541-452c-921b-2d323393210f@group-D5ED0AA30690-LeaderElection16-1] INFO  server.GrpcServerProtocolClient (GrpcServerProtocolClient.java:<init>(65)) - Build channel for 8808acf2-b901-482b-9182-8feecfa28384|127.0.0.1:15085
2024-05-04 14:26:46,350 [9ec74834-1541-452c-921b-2d323393210f@group-D5ED0AA30690-LeaderElection16-2] INFO  server.GrpcServerProtocolClient (GrpcServerProtocolClient.java:<init>(65)) - Build channel for 83059998-de51-48d1-9818-e6afe7fa3b6f|127.0.0.1:15067
2024-05-04 14:26:46,350 [9ec74834-1541-452c-921b-2d323393210f@group-D5ED0AA30690-LeaderElection16] INFO  server.RaftServerConfigKeys (ConfUtils.java:logFallback(53)) - raft.server.rpc.first-election.timeout.min = 5s (fallback to raft.server.rpc.timeout.min)
2024-05-04 14:26:46,350 [9ec74834-1541-452c-921b-2d323393210f@group-D5ED0AA30690-LeaderElection16] INFO  server.RaftServerConfigKeys (ConfUtils.java:logFallback(53)) - raft.server.rpc.first-election.timeout.max = 5200ms (fallback to raft.server.rpc.timeout.max)
2024-05-04 14:26:46,353 [83059998-de51-48d1-9818-e6afe7fa3b6f@group-8F1FA5180FDD-FollowerState] INFO  impl.FollowerState (FollowerState.java:run(143)) - 83059998-de51-48d1-9818-e6afe7fa3b6f@group-8F1FA5180FDD-FollowerState: change to CANDIDATE, lastRpcElapsedTime:5049393107ns, electionTimeout:5049ms
2024-05-04 14:26:46,353 [83059998-de51-48d1-9818-e6afe7fa3b6f@group-8F1FA5180FDD-FollowerState] INFO  impl.RoleInfo (RoleInfo.java:shutdownFollowerState(110)) - 83059998-de51-48d1-9818-e6afe7fa3b6f: shutdown 83059998-de51-48d1-9818-e6afe7fa3b6f@group-8F1FA5180FDD-FollowerState
2024-05-04 14:26:46,353 [83059998-de51-48d1-9818-e6afe7fa3b6f@group-8F1FA5180FDD-FollowerState] INFO  server.RaftServer$Division (RaftServerImpl.java:setRole(383)) - 83059998-de51-48d1-9818-e6afe7fa3b6f@group-8F1FA5180FDD: changes role from  FOLLOWER to CANDIDATE at term 0 for changeToCandidate
2024-05-04 14:26:46,353 [83059998-de51-48d1-9818-e6afe7fa3b6f@group-8F1FA5180FDD-FollowerState] INFO  server.RaftServerConfigKeys (ConfUtils.java:logGet(46)) - raft.server.leaderelection.pre-vote = true (default)
2024-05-04 14:26:46,353 [83059998-de51-48d1-9818-e6afe7fa3b6f@group-8F1FA5180FDD-FollowerState] INFO  impl.RoleInfo (RoleInfo.java:updateAndGet(139)) - 83059998-de51-48d1-9818-e6afe7fa3b6f: start 83059998-de51-48d1-9818-e6afe7fa3b6f@group-8F1FA5180FDD-LeaderElection17
2024-05-04 14:26:46,353 [83059998-de51-48d1-9818-e6afe7fa3b6f@group-8F1FA5180FDD-LeaderElection17] INFO  impl.LeaderElection (LeaderElection.java:askForVotes(321)) - 83059998-de51-48d1-9818-e6afe7fa3b6f@group-8F1FA5180FDD-LeaderElection17 PRE_VOTE round 0: submit vote requests at term 0 for -1: peers:[83059998-de51-48d1-9818-e6afe7fa3b6f|127.0.0.1:15067]|listeners:[], old=null
2024-05-04 14:26:46,354 [83059998-de51-48d1-9818-e6afe7fa3b6f@group-8F1FA5180FDD-LeaderElection17] INFO  impl.LeaderElection (LeaderElection.java:askForVotes(323)) - 83059998-de51-48d1-9818-e6afe7fa3b6f@group-8F1FA5180FDD-LeaderElection17 PRE_VOTE round 0: result PASSED (term=0)
2024-05-04 14:26:46,356 [83059998-de51-48d1-9818-e6afe7fa3b6f@group-8F1FA5180FDD-LeaderElection17] INFO  impl.LeaderElection (LeaderElection.java:askForVotes(321)) - 83059998-de51-48d1-9818-e6afe7fa3b6f@group-8F1FA5180FDD-LeaderElection17 ELECTION round 0: submit vote requests at term 1 for -1: peers:[83059998-de51-48d1-9818-e6afe7fa3b6f|127.0.0.1:15067]|listeners:[], old=null
2024-05-04 14:26:46,356 [grpc-default-executor-0] INFO  server.RaftServer$Division (RaftServerImpl.java:requestVote(1389)) - 83059998-de51-48d1-9818-e6afe7fa3b6f@group-D5ED0AA30690: receive requestVote(PRE_VOTE, 9ec74834-1541-452c-921b-2d323393210f, group-D5ED0AA30690, 0, (t:0, i:0))
2024-05-04 14:26:46,356 [grpc-default-executor-0] INFO  impl.VoteContext (VoteContext.java:log(49)) - 83059998-de51-48d1-9818-e6afe7fa3b6f@group-D5ED0AA30690-FOLLOWER: accept PRE_VOTE from 9ec74834-1541-452c-921b-2d323393210f: our priority 0 <= candidate's priority 0
2024-05-04 14:26:46,356 [grpc-default-executor-0] INFO  server.RaftServer$Division (RaftServerImpl.java:requestVote(1422)) - 83059998-de51-48d1-9818-e6afe7fa3b6f@group-D5ED0AA30690 replies to PRE_VOTE vote request: 9ec74834-1541-452c-921b-2d323393210f<-83059998-de51-48d1-9818-e6afe7fa3b6f#0:OK-t0. Peer's state: 83059998-de51-48d1-9818-e6afe7fa3b6f@group-D5ED0AA30690:t0, leader=null, voted=, raftlog=Memoized:83059998-de51-48d1-9818-e6afe7fa3b6f@group-D5ED0AA30690-SegmentedRaftLog:OPENED:c-1, conf=-1: peers:[8808acf2-b901-482b-9182-8feecfa28384|127.0.0.1:15085, 9ec74834-1541-452c-921b-2d323393210f|127.0.0.1:15076, 83059998-de51-48d1-9818-e6afe7fa3b6f|127.0.0.1:15067]|listeners:[], old=null
2024-05-04 14:26:46,356 [83059998-de51-48d1-9818-e6afe7fa3b6f@group-8F1FA5180FDD-LeaderElection17] INFO  impl.LeaderElection (LeaderElection.java:askForVotes(323)) - 83059998-de51-48d1-9818-e6afe7fa3b6f@group-8F1FA5180FDD-LeaderElection17 ELECTION round 0: result PASSED (term=1)
2024-05-04 14:26:46,357 [83059998-de51-48d1-9818-e6afe7fa3b6f@group-8F1FA5180FDD-LeaderElection17] INFO  impl.RoleInfo (RoleInfo.java:shutdownLeaderElection(130)) - 83059998-de51-48d1-9818-e6afe7fa3b6f: shutdown 83059998-de51-48d1-9818-e6afe7fa3b6f@group-8F1FA5180FDD-LeaderElection17
2024-05-04 14:26:46,357 [83059998-de51-48d1-9818-e6afe7fa3b6f@group-8F1FA5180FDD-LeaderElection17] INFO  server.RaftServer$Division (RaftServerImpl.java:setRole(383)) - 83059998-de51-48d1-9818-e6afe7fa3b6f@group-8F1FA5180FDD: changes role from CANDIDATE to LEADER at term 1 for changeToLeader
2024-05-04 14:26:46,357 [83059998-de51-48d1-9818-e6afe7fa3b6f@group-8F1FA5180FDD-LeaderElection17] INFO  server.RaftServerConfigKeys (ConfUtils.java:logGet(46)) - raft.server.staging.catchup.gap = 1000 (default)
2024-05-04 14:26:46,357 [83059998-de51-48d1-9818-e6afe7fa3b6f@group-8F1FA5180FDD-LeaderElection17] INFO  server.RaftServerConfigKeys (ConfUtils.java:logGet(46)) - raft.server.write.element-limit = 1024 (custom)
2024-05-04 14:26:46,357 [83059998-de51-48d1-9818-e6afe7fa3b6f@group-8F1FA5180FDD-LeaderElection17] INFO  server.RaftServerConfigKeys (ConfUtils.java:logGet(46)) - raft.server.write.byte-limit = 1024 M (=1073741824) (custom)
2024-05-04 14:26:46,357 [83059998-de51-48d1-9818-e6afe7fa3b6f@group-8F1FA5180FDD-LeaderElection17] INFO  server.RaftServerConfigKeys (ConfUtils.java:logGet(46)) - raft.server.watch.timeout = 3000ms (custom)
2024-05-04 14:26:46,357 [83059998-de51-48d1-9818-e6afe7fa3b6f@group-8F1FA5180FDD-LeaderElection17] INFO  server.RaftServerConfigKeys (ConfUtils.java:logGet(46)) - raft.server.watch.timeout.denomination = 1s (default)
2024-05-04 14:26:46,357 [83059998-de51-48d1-9818-e6afe7fa3b6f@group-8F1FA5180FDD-LeaderElection17] INFO  server.RaftServerConfigKeys (ConfUtils.java:logGet(46)) - raft.server.watch.element-limit = 65536 (default)
2024-05-04 14:26:46,357 [83059998-de51-48d1-9818-e6afe7fa3b6f@group-8F1FA5180FDD-LeaderElection17] INFO  server.RaftServerConfigKeys (ConfUtils.java:logGet(46)) - raft.server.read.leader.lease.enabled = false (default)
2024-05-04 14:26:46,357 [83059998-de51-48d1-9818-e6afe7fa3b6f@group-8F1FA5180FDD-LeaderElection17] INFO  server.RaftServerConfigKeys (ConfUtils.java:logGet(46)) - raft.server.read.leader.lease.timeout.ratio = 0.9 (default)
2024-05-04 14:26:46,358 [83059998-de51-48d1-9818-e6afe7fa3b6f@group-8F1FA5180FDD-LeaderElection17] INFO  server.RaftServerConfigKeys (ConfUtils.java:logGet(46)) - raft.server.rpc.timeout.min = 5s (custom)
2024-05-04 14:26:46,358 [83059998-de51-48d1-9818-e6afe7fa3b6f@group-8F1FA5180FDD-LeaderElection17] INFO  server.RaftServerConfigKeys (ConfUtils.java:logGet(46)) - raft.server.write.element-limit = 1024 (custom)
2024-05-04 14:26:46,358 [83059998-de51-48d1-9818-e6afe7fa3b6f@group-8F1FA5180FDD-LeaderElection17] INFO  server.RaftServerConfigKeys (ConfUtils.java:logGet(46)) - raft.server.write.follower.gap.ratio.max = -1.0 (default)
2024-05-04 14:26:46,358 [83059998-de51-48d1-9818-e6afe7fa3b6f@group-8F1FA5180FDD-LeaderElection17] INFO  impl.RoleInfo (RoleInfo.java:updateAndGet(139)) - 83059998-de51-48d1-9818-e6afe7fa3b6f: start 83059998-de51-48d1-9818-e6afe7fa3b6f@group-8F1FA5180FDD-LeaderStateImpl
2024-05-04 14:26:46,358 [83059998-de51-48d1-9818-e6afe7fa3b6f@group-8F1FA5180FDD-LeaderElection17] INFO  server.RaftServer$Division (RaftServerImpl.java:setFirstElection(574)) - 83059998-de51-48d1-9818-e6afe7fa3b6f@group-8F1FA5180FDD: set firstElectionSinceStartup to false for becomeLeader
2024-05-04 14:26:46,358 [83059998-de51-48d1-9818-e6afe7fa3b6f@group-8F1FA5180FDD-LeaderElection17] INFO  ratis.XceiverServerRatis (XceiverServerRatis.java:handleLeaderChangedNotification(966)) - Leader change notification received for group: group-8F1FA5180FDD with new leaderId: 83059998-de51-48d1-9818-e6afe7fa3b6f
2024-05-04 14:26:46,358 [83059998-de51-48d1-9818-e6afe7fa3b6f@group-8F1FA5180FDD-LeaderElection17] INFO  server.RaftServer$Division (ServerState.java:setLeader(269)) - 83059998-de51-48d1-9818-e6afe7fa3b6f@group-8F1FA5180FDD: change Leader from null to 83059998-de51-48d1-9818-e6afe7fa3b6f at term 1 for becomeLeader, leader elected after 5065ms
2024-05-04 14:26:46,358 [83059998-de51-48d1-9818-e6afe7fa3b6f@group-8F1FA5180FDD-LeaderElection17] INFO  segmented.SegmentedRaftLogWorker (SegmentedRaftLogWorker.java:startLogSegment(430)) - 83059998-de51-48d1-9818-e6afe7fa3b6f@group-8F1FA5180FDD-SegmentedRaftLogWorker: Starting segment from index:0
2024-05-04 14:26:46,358 [83059998-de51-48d1-9818-e6afe7fa3b6f@group-8F1FA5180FDD-SegmentedRaftLogWorker] INFO  segmented.BufferedWriteChannel (BufferedWriteChannel.java:open(62)) - open log_inprogress_0 at position 0
2024-05-04 14:26:46,362 [EventQueue-OpenPipelineForHealthyPipelineSafeModeRule] INFO  safemode.SCMSafeModeManager (HealthyPipelineSafeModeRule.java:process(140)) - SCM in safe mode. Healthy pipelines reported count is 0, required healthy pipeline reported count is 1
2024-05-04 14:26:46,362 [grpc-default-executor-0] INFO  server.RaftServer$Division (RaftServerImpl.java:requestVote(1389)) - 8808acf2-b901-482b-9182-8feecfa28384@group-D5ED0AA30690: receive requestVote(PRE_VOTE, 9ec74834-1541-452c-921b-2d323393210f, group-D5ED0AA30690, 0, (t:0, i:0))
2024-05-04 14:26:46,362 [grpc-default-executor-0] INFO  impl.VoteContext (VoteContext.java:log(49)) - 8808acf2-b901-482b-9182-8feecfa28384@group-D5ED0AA30690-FOLLOWER: reject PRE_VOTE from 9ec74834-1541-452c-921b-2d323393210f: our priority 1 > candidate's priority 0
2024-05-04 14:26:46,362 [grpc-default-executor-0] INFO  server.RaftServer$Division (RaftServerImpl.java:requestVote(1422)) - 8808acf2-b901-482b-9182-8feecfa28384@group-D5ED0AA30690 replies to PRE_VOTE vote request: 9ec74834-1541-452c-921b-2d323393210f<-8808acf2-b901-482b-9182-8feecfa28384#0:FAIL-t0. Peer's state: 8808acf2-b901-482b-9182-8feecfa28384@group-D5ED0AA30690:t0, leader=null, voted=, raftlog=Memoized:8808acf2-b901-482b-9182-8feecfa28384@group-D5ED0AA30690-SegmentedRaftLog:OPENED:c-1, conf=-1: peers:[8808acf2-b901-482b-9182-8feecfa28384|127.0.0.1:15085, 9ec74834-1541-452c-921b-2d323393210f|127.0.0.1:15076, 83059998-de51-48d1-9818-e6afe7fa3b6f|127.0.0.1:15067]|listeners:[], old=null
2024-05-04 14:26:46,363 [83059998-de51-48d1-9818-e6afe7fa3b6f@group-8F1FA5180FDD-LeaderElection17] INFO  server.RaftServer$Division (ServerState.java:setRaftConf(386)) - 83059998-de51-48d1-9818-e6afe7fa3b6f@group-8F1FA5180FDD: set configuration 0: peers:[83059998-de51-48d1-9818-e6afe7fa3b6f|127.0.0.1:15067]|listeners:[], old=null
2024-05-04 14:26:46,363 [9ec74834-1541-452c-921b-2d323393210f@group-D5ED0AA30690-LeaderElection16] INFO  impl.LeaderElection (LeaderElection.java:logAndReturn(89)) - 9ec74834-1541-452c-921b-2d323393210f@group-D5ED0AA30690-LeaderElection16: PRE_VOTE REJECTED received 2 response(s) and 0 exception(s):
2024-05-04 14:26:46,363 [9ec74834-1541-452c-921b-2d323393210f@group-D5ED0AA30690-LeaderElection16] INFO  impl.LeaderElection (LeaderElection.java:logAndReturn(93)) -   Response 0: 9ec74834-1541-452c-921b-2d323393210f<-8808acf2-b901-482b-9182-8feecfa28384#0:FAIL-t0
2024-05-04 14:26:46,363 [9ec74834-1541-452c-921b-2d323393210f@group-D5ED0AA30690-LeaderElection16] INFO  impl.LeaderElection (LeaderElection.java:logAndReturn(93)) -   Response 1: 9ec74834-1541-452c-921b-2d323393210f<-83059998-de51-48d1-9818-e6afe7fa3b6f#0:OK-t0
2024-05-04 14:26:46,363 [9ec74834-1541-452c-921b-2d323393210f@group-D5ED0AA30690-LeaderElection16] INFO  impl.LeaderElection (LeaderElection.java:askForVotes(323)) - 9ec74834-1541-452c-921b-2d323393210f@group-D5ED0AA30690-LeaderElection16 PRE_VOTE round 0: result REJECTED
2024-05-04 14:26:46,363 [9ec74834-1541-452c-921b-2d323393210f@group-D5ED0AA30690-LeaderElection16] INFO  server.RaftServer$Division (RaftServerImpl.java:setRole(383)) - 9ec74834-1541-452c-921b-2d323393210f@group-D5ED0AA30690: changes role from CANDIDATE to FOLLOWER at term 0 for REJECTED
2024-05-04 14:26:46,363 [9ec74834-1541-452c-921b-2d323393210f@group-D5ED0AA30690-LeaderElection16] INFO  impl.RoleInfo (RoleInfo.java:shutdownLeaderElection(130)) - 9ec74834-1541-452c-921b-2d323393210f: shutdown 9ec74834-1541-452c-921b-2d323393210f@group-D5ED0AA30690-LeaderElection16
2024-05-04 14:26:46,363 [9ec74834-1541-452c-921b-2d323393210f@group-D5ED0AA30690-LeaderElection16] INFO  impl.RoleInfo (RoleInfo.java:updateAndGet(139)) - 9ec74834-1541-452c-921b-2d323393210f: start 9ec74834-1541-452c-921b-2d323393210f@group-D5ED0AA30690-FollowerState
2024-05-04 14:26:46,365 [9ec74834-1541-452c-921b-2d323393210f@group-D5ED0AA30690-LeaderElection16] INFO  server.RaftServer$Division (RaftServerImpl.java:setFirstElection(574)) - 9ec74834-1541-452c-921b-2d323393210f@group-D5ED0AA30690: set firstElectionSinceStartup to false for REJECTED
2024-05-04 14:26:46,366 [83059998-de51-48d1-9818-e6afe7fa3b6f@group-8F1FA5180FDD-SegmentedRaftLogWorker] INFO  segmented.SegmentedRaftLogWorker (SegmentedRaftLogWorker.java:execute(634)) - 83059998-de51-48d1-9818-e6afe7fa3b6f@group-8F1FA5180FDD-SegmentedRaftLogWorker: created new log segment /home/runner/work/ozone/ozone/hadoop-ozone/integration-test/target/test-dir/MiniOzoneClusterImpl-7c905145-d891-4b2f-be71-50eb4aa8551e/ozone-meta/datanode-1/ratis/bc09c7ad-d833-4526-abd7-8f1fa5180fdd/current/log_inprogress_0
2024-05-04 14:26:46,367 [83059998-de51-48d1-9818-e6afe7fa3b6f@group-8F1FA5180FDD-StateMachineUpdater] INFO  server.RaftServer$Division (LeaderStateImpl.java:isApplied(320)) - leader is ready since appliedIndex == 0 >= startIndex == 0
2024-05-04 14:26:46,374 [9ec74834-1541-452c-921b-2d323393210f@group-B539B67C8ED3-FollowerState] INFO  impl.FollowerState (FollowerState.java:run(143)) - 9ec74834-1541-452c-921b-2d323393210f@group-B539B67C8ED3-FollowerState: change to CANDIDATE, lastRpcElapsedTime:5010500504ns, electionTimeout:5010ms
2024-05-04 14:26:46,374 [9ec74834-1541-452c-921b-2d323393210f@group-B539B67C8ED3-FollowerState] INFO  impl.RoleInfo (RoleInfo.java:shutdownFollowerState(110)) - 9ec74834-1541-452c-921b-2d323393210f: shutdown 9ec74834-1541-452c-921b-2d323393210f@group-B539B67C8ED3-FollowerState
2024-05-04 14:26:46,374 [9ec74834-1541-452c-921b-2d323393210f@group-B539B67C8ED3-FollowerState] INFO  server.RaftServer$Division (RaftServerImpl.java:setRole(383)) - 9ec74834-1541-452c-921b-2d323393210f@group-B539B67C8ED3: changes role from  FOLLOWER to CANDIDATE at term 0 for changeToCandidate
2024-05-04 14:26:46,374 [9ec74834-1541-452c-921b-2d323393210f@group-B539B67C8ED3-FollowerState] INFO  server.RaftServerConfigKeys (ConfUtils.java:logGet(46)) - raft.server.leaderelection.pre-vote = true (default)
2024-05-04 14:26:46,374 [9ec74834-1541-452c-921b-2d323393210f@group-B539B67C8ED3-FollowerState] INFO  impl.RoleInfo (RoleInfo.java:updateAndGet(139)) - 9ec74834-1541-452c-921b-2d323393210f: start 9ec74834-1541-452c-921b-2d323393210f@group-B539B67C8ED3-LeaderElection18
2024-05-04 14:26:46,374 [9ec74834-1541-452c-921b-2d323393210f@group-B539B67C8ED3-LeaderElection18] INFO  impl.LeaderElection (LeaderElection.java:askForVotes(321)) - 9ec74834-1541-452c-921b-2d323393210f@group-B539B67C8ED3-LeaderElection18 PRE_VOTE round 0: submit vote requests at term 0 for -1: peers:[9ec74834-1541-452c-921b-2d323393210f|127.0.0.1:15076]|listeners:[], old=null
2024-05-04 14:26:46,374 [9ec74834-1541-452c-921b-2d323393210f@group-B539B67C8ED3-LeaderElection18] INFO  impl.LeaderElection (LeaderElection.java:askForVotes(323)) - 9ec74834-1541-452c-921b-2d323393210f@group-B539B67C8ED3-LeaderElection18 PRE_VOTE round 0: result PASSED (term=0)
2024-05-04 14:26:46,375 [9ec74834-1541-452c-921b-2d323393210f@group-B539B67C8ED3-LeaderElection18] INFO  impl.LeaderElection (LeaderElection.java:askForVotes(321)) - 9ec74834-1541-452c-921b-2d323393210f@group-B539B67C8ED3-LeaderElection18 ELECTION round 0: submit vote requests at term 1 for -1: peers:[9ec74834-1541-452c-921b-2d323393210f|127.0.0.1:15076]|listeners:[], old=null
2024-05-04 14:26:46,375 [9ec74834-1541-452c-921b-2d323393210f@group-B539B67C8ED3-LeaderElection18] INFO  impl.LeaderElection (LeaderElection.java:askForVotes(323)) - 9ec74834-1541-452c-921b-2d323393210f@group-B539B67C8ED3-LeaderElection18 ELECTION round 0: result PASSED (term=1)
2024-05-04 14:26:46,375 [9ec74834-1541-452c-921b-2d323393210f@group-B539B67C8ED3-LeaderElection18] INFO  impl.RoleInfo (RoleInfo.java:shutdownLeaderElection(130)) - 9ec74834-1541-452c-921b-2d323393210f: shutdown 9ec74834-1541-452c-921b-2d323393210f@group-B539B67C8ED3-LeaderElection18
2024-05-04 14:26:46,375 [9ec74834-1541-452c-921b-2d323393210f@group-B539B67C8ED3-LeaderElection18] INFO  server.RaftServer$Division (RaftServerImpl.java:setRole(383)) - 9ec74834-1541-452c-921b-2d323393210f@group-B539B67C8ED3: changes role from CANDIDATE to LEADER at term 1 for changeToLeader
2024-05-04 14:26:46,375 [9ec74834-1541-452c-921b-2d323393210f@group-B539B67C8ED3-LeaderElection18] INFO  server.RaftServerConfigKeys (ConfUtils.java:logGet(46)) - raft.server.staging.catchup.gap = 1000 (default)
2024-05-04 14:26:46,375 [9ec74834-1541-452c-921b-2d323393210f@group-B539B67C8ED3-LeaderElection18] INFO  server.RaftServerConfigKeys (ConfUtils.java:logGet(46)) - raft.server.write.element-limit = 1024 (custom)
2024-05-04 14:26:46,376 [9ec74834-1541-452c-921b-2d323393210f@group-B539B67C8ED3-LeaderElection18] INFO  server.RaftServerConfigKeys (ConfUtils.java:logGet(46)) - raft.server.write.byte-limit = 1024 M (=1073741824) (custom)
2024-05-04 14:26:46,376 [9ec74834-1541-452c-921b-2d323393210f@group-B539B67C8ED3-LeaderElection18] INFO  server.RaftServerConfigKeys (ConfUtils.java:logGet(46)) - raft.server.watch.timeout = 3000ms (custom)
2024-05-04 14:26:46,376 [9ec74834-1541-452c-921b-2d323393210f@group-B539B67C8ED3-LeaderElection18] INFO  server.RaftServerConfigKeys (ConfUtils.java:logGet(46)) - raft.server.watch.timeout.denomination = 1s (default)
2024-05-04 14:26:46,376 [9ec74834-1541-452c-921b-2d323393210f@group-B539B67C8ED3-LeaderElection18] INFO  server.RaftServerConfigKeys (ConfUtils.java:logGet(46)) - raft.server.watch.element-limit = 65536 (default)
2024-05-04 14:26:46,376 [9ec74834-1541-452c-921b-2d323393210f@group-B539B67C8ED3-LeaderElection18] INFO  server.RaftServerConfigKeys (ConfUtils.java:logGet(46)) - raft.server.read.leader.lease.enabled = false (default)
2024-05-04 14:26:46,376 [9ec74834-1541-452c-921b-2d323393210f@group-B539B67C8ED3-LeaderElection18] INFO  server.RaftServerConfigKeys (ConfUtils.java:logGet(46)) - raft.server.read.leader.lease.timeout.ratio = 0.9 (default)
2024-05-04 14:26:46,376 [9ec74834-1541-452c-921b-2d323393210f@group-B539B67C8ED3-LeaderElection18] INFO  server.RaftServerConfigKeys (ConfUtils.java:logGet(46)) - raft.server.rpc.timeout.min = 5s (custom)
2024-05-04 14:26:46,376 [9ec74834-1541-452c-921b-2d323393210f@group-B539B67C8ED3-LeaderElection18] INFO  server.RaftServerConfigKeys (ConfUtils.java:logGet(46)) - raft.server.write.element-limit = 1024 (custom)
2024-05-04 14:26:46,376 [9ec74834-1541-452c-921b-2d323393210f@group-B539B67C8ED3-LeaderElection18] INFO  server.RaftServerConfigKeys (ConfUtils.java:logGet(46)) - raft.server.write.follower.gap.ratio.max = -1.0 (default)
2024-05-04 14:26:46,376 [9ec74834-1541-452c-921b-2d323393210f@group-B539B67C8ED3-LeaderElection18] INFO  impl.RoleInfo (RoleInfo.java:updateAndGet(139)) - 9ec74834-1541-452c-921b-2d323393210f: start 9ec74834-1541-452c-921b-2d323393210f@group-B539B67C8ED3-LeaderStateImpl
2024-05-04 14:26:46,376 [9ec74834-1541-452c-921b-2d323393210f@group-B539B67C8ED3-LeaderElection18] INFO  server.RaftServer$Division (RaftServerImpl.java:setFirstElection(574)) - 9ec74834-1541-452c-921b-2d323393210f@group-B539B67C8ED3: set firstElectionSinceStartup to false for becomeLeader
2024-05-04 14:26:46,376 [9ec74834-1541-452c-921b-2d323393210f@group-B539B67C8ED3-LeaderElection18] INFO  ratis.XceiverServerRatis (XceiverServerRatis.java:handleLeaderChangedNotification(966)) - Leader change notification received for group: group-B539B67C8ED3 with new leaderId: 9ec74834-1541-452c-921b-2d323393210f
2024-05-04 14:26:46,376 [9ec74834-1541-452c-921b-2d323393210f@group-B539B67C8ED3-LeaderElection18] INFO  server.RaftServer$Division (ServerState.java:setLeader(269)) - 9ec74834-1541-452c-921b-2d323393210f@group-B539B67C8ED3: change Leader from null to 9ec74834-1541-452c-921b-2d323393210f at term 1 for becomeLeader, leader elected after 5027ms
2024-05-04 14:26:46,377 [9ec74834-1541-452c-921b-2d323393210f@group-B539B67C8ED3-LeaderElection18] INFO  segmented.SegmentedRaftLogWorker (SegmentedRaftLogWorker.java:startLogSegment(430)) - 9ec74834-1541-452c-921b-2d323393210f@group-B539B67C8ED3-SegmentedRaftLogWorker: Starting segment from index:0
2024-05-04 14:26:46,377 [9ec74834-1541-452c-921b-2d323393210f@group-B539B67C8ED3-LeaderElection18] INFO  server.RaftServer$Division (ServerState.java:setRaftConf(386)) - 9ec74834-1541-452c-921b-2d323393210f@group-B539B67C8ED3: set configuration 0: peers:[9ec74834-1541-452c-921b-2d323393210f|127.0.0.1:15076]|listeners:[], old=null
2024-05-04 14:26:46,377 [9ec74834-1541-452c-921b-2d323393210f@group-B539B67C8ED3-SegmentedRaftLogWorker] INFO  segmented.BufferedWriteChannel (BufferedWriteChannel.java:open(62)) - open log_inprogress_0 at position 0
2024-05-04 14:26:46,380 [EventQueue-OpenPipelineForHealthyPipelineSafeModeRule] INFO  safemode.SCMSafeModeManager (HealthyPipelineSafeModeRule.java:process(140)) - SCM in safe mode. Healthy pipelines reported count is 0, required healthy pipeline reported count is 1
2024-05-04 14:26:46,384 [9ec74834-1541-452c-921b-2d323393210f@group-B539B67C8ED3-SegmentedRaftLogWorker] INFO  segmented.SegmentedRaftLogWorker (SegmentedRaftLogWorker.java:execute(634)) - 9ec74834-1541-452c-921b-2d323393210f@group-B539B67C8ED3-SegmentedRaftLogWorker: created new log segment /home/runner/work/ozone/ozone/hadoop-ozone/integration-test/target/test-dir/MiniOzoneClusterImpl-7c905145-d891-4b2f-be71-50eb4aa8551e/ozone-meta/datanode-2/ratis/eb97d0b1-989d-45a5-adb9-b539b67c8ed3/current/log_inprogress_0
2024-05-04 14:26:46,385 [9ec74834-1541-452c-921b-2d323393210f@group-B539B67C8ED3-StateMachineUpdater] INFO  server.RaftServer$Division (LeaderStateImpl.java:isApplied(320)) - leader is ready since appliedIndex == 0 >= startIndex == 0
2024-05-04 14:26:46,484 [83059998-de51-48d1-9818-e6afe7fa3b6f@group-6025E5D5C1B1-FollowerState] INFO  impl.FollowerState (FollowerState.java:run(143)) - 83059998-de51-48d1-9818-e6afe7fa3b6f@group-6025E5D5C1B1-FollowerState: change to CANDIDATE, lastRpcElapsedTime:5030520257ns, electionTimeout:5018ms
2024-05-04 14:26:46,484 [83059998-de51-48d1-9818-e6afe7fa3b6f@group-6025E5D5C1B1-FollowerState] INFO  impl.RoleInfo (RoleInfo.java:shutdownFollowerState(110)) - 83059998-de51-48d1-9818-e6afe7fa3b6f: shutdown 83059998-de51-48d1-9818-e6afe7fa3b6f@group-6025E5D5C1B1-FollowerState
2024-05-04 14:26:46,484 [83059998-de51-48d1-9818-e6afe7fa3b6f@group-6025E5D5C1B1-FollowerState] INFO  server.RaftServer$Division (RaftServerImpl.java:setRole(383)) - 83059998-de51-48d1-9818-e6afe7fa3b6f@group-6025E5D5C1B1: changes role from  FOLLOWER to CANDIDATE at term 0 for changeToCandidate
2024-05-04 14:26:46,484 [83059998-de51-48d1-9818-e6afe7fa3b6f@group-6025E5D5C1B1-FollowerState] INFO  server.RaftServerConfigKeys (ConfUtils.java:logGet(46)) - raft.server.leaderelection.pre-vote = true (default)
2024-05-04 14:26:46,484 [83059998-de51-48d1-9818-e6afe7fa3b6f@group-6025E5D5C1B1-FollowerState] INFO  impl.RoleInfo (RoleInfo.java:updateAndGet(139)) - 83059998-de51-48d1-9818-e6afe7fa3b6f: start 83059998-de51-48d1-9818-e6afe7fa3b6f@group-6025E5D5C1B1-LeaderElection19
2024-05-04 14:26:46,484 [83059998-de51-48d1-9818-e6afe7fa3b6f@group-6025E5D5C1B1-LeaderElection19] INFO  impl.LeaderElection (LeaderElection.java:askForVotes(321)) - 83059998-de51-48d1-9818-e6afe7fa3b6f@group-6025E5D5C1B1-LeaderElection19 PRE_VOTE round 0: submit vote requests at term 0 for -1: peers:[8808acf2-b901-482b-9182-8feecfa28384|127.0.0.1:15085, 9ec74834-1541-452c-921b-2d323393210f|127.0.0.1:15076, 83059998-de51-48d1-9818-e6afe7fa3b6f|127.0.0.1:15067]|listeners:[], old=null
2024-05-04 14:26:46,485 [83059998-de51-48d1-9818-e6afe7fa3b6f@group-6025E5D5C1B1-LeaderElection19-1] INFO  server.GrpcServerProtocolClient (GrpcServerProtocolClient.java:<init>(65)) - Build channel for 8808acf2-b901-482b-9182-8feecfa28384|127.0.0.1:15085
2024-05-04 14:26:46,485 [83059998-de51-48d1-9818-e6afe7fa3b6f@group-6025E5D5C1B1-LeaderElection19] INFO  server.RaftServerConfigKeys (ConfUtils.java:logFallback(53)) - raft.server.rpc.first-election.timeout.min = 5s (fallback to raft.server.rpc.timeout.min)
2024-05-04 14:26:46,485 [83059998-de51-48d1-9818-e6afe7fa3b6f@group-6025E5D5C1B1-LeaderElection19] INFO  server.RaftServerConfigKeys (ConfUtils.java:logFallback(53)) - raft.server.rpc.first-election.timeout.max = 5200ms (fallback to raft.server.rpc.timeout.max)
2024-05-04 14:26:46,485 [83059998-de51-48d1-9818-e6afe7fa3b6f@group-6025E5D5C1B1-LeaderElection19-2] INFO  server.GrpcServerProtocolClient (GrpcServerProtocolClient.java:<init>(65)) - Build channel for 9ec74834-1541-452c-921b-2d323393210f|127.0.0.1:15076
2024-05-04 14:26:46,489 [grpc-default-executor-1] INFO  server.RaftServer$Division (RaftServerImpl.java:requestVote(1389)) - 9ec74834-1541-452c-921b-2d323393210f@group-6025E5D5C1B1: receive requestVote(PRE_VOTE, 83059998-de51-48d1-9818-e6afe7fa3b6f, group-6025E5D5C1B1, 0, (t:0, i:0))
2024-05-04 14:26:46,489 [grpc-default-executor-0] INFO  server.RaftServer$Division (RaftServerImpl.java:requestVote(1389)) - 8808acf2-b901-482b-9182-8feecfa28384@group-6025E5D5C1B1: receive requestVote(PRE_VOTE, 83059998-de51-48d1-9818-e6afe7fa3b6f, group-6025E5D5C1B1, 0, (t:0, i:0))
2024-05-04 14:26:46,489 [grpc-default-executor-1] INFO  impl.VoteContext (VoteContext.java:log(49)) - 9ec74834-1541-452c-921b-2d323393210f@group-6025E5D5C1B1-FOLLOWER: reject PRE_VOTE from 83059998-de51-48d1-9818-e6afe7fa3b6f: our priority 1 > candidate's priority 0
2024-05-04 14:26:46,489 [grpc-default-executor-1] INFO  server.RaftServer$Division (RaftServerImpl.java:requestVote(1422)) - 9ec74834-1541-452c-921b-2d323393210f@group-6025E5D5C1B1 replies to PRE_VOTE vote request: 83059998-de51-48d1-9818-e6afe7fa3b6f<-9ec74834-1541-452c-921b-2d323393210f#0:FAIL-t0. Peer's state: 9ec74834-1541-452c-921b-2d323393210f@group-6025E5D5C1B1:t0, leader=null, voted=, raftlog=Memoized:9ec74834-1541-452c-921b-2d323393210f@group-6025E5D5C1B1-SegmentedRaftLog:OPENED:c-1, conf=-1: peers:[8808acf2-b901-482b-9182-8feecfa28384|127.0.0.1:15085, 9ec74834-1541-452c-921b-2d323393210f|127.0.0.1:15076, 83059998-de51-48d1-9818-e6afe7fa3b6f|127.0.0.1:15067]|listeners:[], old=null
2024-05-04 14:26:46,489 [grpc-default-executor-0] INFO  impl.VoteContext (VoteContext.java:log(49)) - 8808acf2-b901-482b-9182-8feecfa28384@group-6025E5D5C1B1-FOLLOWER: accept PRE_VOTE from 83059998-de51-48d1-9818-e6afe7fa3b6f: our priority 0 <= candidate's priority 0
2024-05-04 14:26:46,490 [grpc-default-executor-0] INFO  server.RaftServer$Division (RaftServerImpl.java:requestVote(1422)) - 8808acf2-b901-482b-9182-8feecfa28384@group-6025E5D5C1B1 replies to PRE_VOTE vote request: 83059998-de51-48d1-9818-e6afe7fa3b6f<-8808acf2-b901-482b-9182-8feecfa28384#0:OK-t0. Peer's state: 8808acf2-b901-482b-9182-8feecfa28384@group-6025E5D5C1B1:t0, leader=null, voted=, raftlog=Memoized:8808acf2-b901-482b-9182-8feecfa28384@group-6025E5D5C1B1-SegmentedRaftLog:OPENED:c-1, conf=-1: peers:[8808acf2-b901-482b-9182-8feecfa28384|127.0.0.1:15085, 9ec74834-1541-452c-921b-2d323393210f|127.0.0.1:15076, 83059998-de51-48d1-9818-e6afe7fa3b6f|127.0.0.1:15067]|listeners:[], old=null
2024-05-04 14:26:46,490 [83059998-de51-48d1-9818-e6afe7fa3b6f@group-6025E5D5C1B1-LeaderElection19] INFO  impl.LeaderElection (LeaderElection.java:logAndReturn(89)) - 83059998-de51-48d1-9818-e6afe7fa3b6f@group-6025E5D5C1B1-LeaderElection19: PRE_VOTE REJECTED received 1 response(s) and 0 exception(s):
2024-05-04 14:26:46,490 [83059998-de51-48d1-9818-e6afe7fa3b6f@group-6025E5D5C1B1-LeaderElection19] INFO  impl.LeaderElection (LeaderElection.java:logAndReturn(93)) -   Response 0: 83059998-de51-48d1-9818-e6afe7fa3b6f<-9ec74834-1541-452c-921b-2d323393210f#0:FAIL-t0
2024-05-04 14:26:46,490 [83059998-de51-48d1-9818-e6afe7fa3b6f@group-6025E5D5C1B1-LeaderElection19] INFO  impl.LeaderElection (LeaderElection.java:askForVotes(323)) - 83059998-de51-48d1-9818-e6afe7fa3b6f@group-6025E5D5C1B1-LeaderElection19 PRE_VOTE round 0: result REJECTED
2024-05-04 14:26:46,490 [83059998-de51-48d1-9818-e6afe7fa3b6f@group-6025E5D5C1B1-LeaderElection19] INFO  server.RaftServer$Division (RaftServerImpl.java:setRole(383)) - 83059998-de51-48d1-9818-e6afe7fa3b6f@group-6025E5D5C1B1: changes role from CANDIDATE to FOLLOWER at term 0 for REJECTED
2024-05-04 14:26:46,491 [83059998-de51-48d1-9818-e6afe7fa3b6f@group-6025E5D5C1B1-LeaderElection19] INFO  impl.RoleInfo (RoleInfo.java:shutdownLeaderElection(130)) - 83059998-de51-48d1-9818-e6afe7fa3b6f: shutdown 83059998-de51-48d1-9818-e6afe7fa3b6f@group-6025E5D5C1B1-LeaderElection19
2024-05-04 14:26:46,491 [83059998-de51-48d1-9818-e6afe7fa3b6f@group-6025E5D5C1B1-LeaderElection19] INFO  impl.RoleInfo (RoleInfo.java:updateAndGet(139)) - 83059998-de51-48d1-9818-e6afe7fa3b6f: start 83059998-de51-48d1-9818-e6afe7fa3b6f@group-6025E5D5C1B1-FollowerState
2024-05-04 14:26:46,491 [83059998-de51-48d1-9818-e6afe7fa3b6f@group-6025E5D5C1B1-LeaderElection19] INFO  server.RaftServer$Division (RaftServerImpl.java:setFirstElection(574)) - 83059998-de51-48d1-9818-e6afe7fa3b6f@group-6025E5D5C1B1: set firstElectionSinceStartup to false for REJECTED
2024-05-04 14:26:46,507 [83059998-de51-48d1-9818-e6afe7fa3b6f@group-D5ED0AA30690-FollowerState] INFO  server.RaftServerConfigKeys (ConfUtils.java:logFallback(53)) - raft.server.rpc.first-election.timeout.min = 5s (fallback to raft.server.rpc.timeout.min)
2024-05-04 14:26:46,507 [83059998-de51-48d1-9818-e6afe7fa3b6f@group-D5ED0AA30690-FollowerState] INFO  server.RaftServerConfigKeys (ConfUtils.java:logFallback(53)) - raft.server.rpc.first-election.timeout.max = 5200ms (fallback to raft.server.rpc.timeout.max)
2024-05-04 14:26:46,555 [9ec74834-1541-452c-921b-2d323393210f@group-6025E5D5C1B1-FollowerState] INFO  impl.FollowerState (FollowerState.java:run(143)) - 9ec74834-1541-452c-921b-2d323393210f@group-6025E5D5C1B1-FollowerState: change to CANDIDATE, lastRpcElapsedTime:5169180259ns, electionTimeout:5152ms
2024-05-04 14:26:46,555 [9ec74834-1541-452c-921b-2d323393210f@group-6025E5D5C1B1-FollowerState] INFO  impl.RoleInfo (RoleInfo.java:shutdownFollowerState(110)) - 9ec74834-1541-452c-921b-2d323393210f: shutdown 9ec74834-1541-452c-921b-2d323393210f@group-6025E5D5C1B1-FollowerState
2024-05-04 14:26:46,555 [9ec74834-1541-452c-921b-2d323393210f@group-6025E5D5C1B1-FollowerState] INFO  server.RaftServer$Division (RaftServerImpl.java:setRole(383)) - 9ec74834-1541-452c-921b-2d323393210f@group-6025E5D5C1B1: changes role from  FOLLOWER to CANDIDATE at term 0 for changeToCandidate
2024-05-04 14:26:46,555 [9ec74834-1541-452c-921b-2d323393210f@group-6025E5D5C1B1-FollowerState] INFO  server.RaftServerConfigKeys (ConfUtils.java:logGet(46)) - raft.server.leaderelection.pre-vote = true (default)
2024-05-04 14:26:46,555 [9ec74834-1541-452c-921b-2d323393210f@group-6025E5D5C1B1-FollowerState] INFO  impl.RoleInfo (RoleInfo.java:updateAndGet(139)) - 9ec74834-1541-452c-921b-2d323393210f: start 9ec74834-1541-452c-921b-2d323393210f@group-6025E5D5C1B1-LeaderElection20
2024-05-04 14:26:46,555 [9ec74834-1541-452c-921b-2d323393210f@group-6025E5D5C1B1-LeaderElection20] INFO  impl.LeaderElection (LeaderElection.java:askForVotes(321)) - 9ec74834-1541-452c-921b-2d323393210f@group-6025E5D5C1B1-LeaderElection20 PRE_VOTE round 0: submit vote requests at term 0 for -1: peers:[8808acf2-b901-482b-9182-8feecfa28384|127.0.0.1:15085, 9ec74834-1541-452c-921b-2d323393210f|127.0.0.1:15076, 83059998-de51-48d1-9818-e6afe7fa3b6f|127.0.0.1:15067]|listeners:[], old=null
2024-05-04 14:26:46,555 [9ec74834-1541-452c-921b-2d323393210f@group-6025E5D5C1B1-LeaderElection20] INFO  server.RaftServerConfigKeys (ConfUtils.java:logFallback(53)) - raft.server.rpc.first-election.timeout.min = 5s (fallback to raft.server.rpc.timeout.min)
2024-05-04 14:26:46,555 [9ec74834-1541-452c-921b-2d323393210f@group-6025E5D5C1B1-LeaderElection20] INFO  server.RaftServerConfigKeys (ConfUtils.java:logFallback(53)) - raft.server.rpc.first-election.timeout.max = 5200ms (fallback to raft.server.rpc.timeout.max)
2024-05-04 14:26:46,557 [grpc-default-executor-1] INFO  server.RaftServer$Division (RaftServerImpl.java:requestVote(1389)) - 8808acf2-b901-482b-9182-8feecfa28384@group-6025E5D5C1B1: receive requestVote(PRE_VOTE, 9ec74834-1541-452c-921b-2d323393210f, group-6025E5D5C1B1, 0, (t:0, i:0))
2024-05-04 14:26:46,557 [grpc-default-executor-1] INFO  impl.VoteContext (VoteContext.java:log(49)) - 8808acf2-b901-482b-9182-8feecfa28384@group-6025E5D5C1B1-FOLLOWER: accept PRE_VOTE from 9ec74834-1541-452c-921b-2d323393210f: our priority 0 <= candidate's priority 1
2024-05-04 14:26:46,557 [grpc-default-executor-1] INFO  server.RaftServer$Division (RaftServerImpl.java:requestVote(1422)) - 8808acf2-b901-482b-9182-8feecfa28384@group-6025E5D5C1B1 replies to PRE_VOTE vote request: 9ec74834-1541-452c-921b-2d323393210f<-8808acf2-b901-482b-9182-8feecfa28384#0:OK-t0. Peer's state: 8808acf2-b901-482b-9182-8feecfa28384@group-6025E5D5C1B1:t0, leader=null, voted=, raftlog=Memoized:8808acf2-b901-482b-9182-8feecfa28384@group-6025E5D5C1B1-SegmentedRaftLog:OPENED:c-1, conf=-1: peers:[8808acf2-b901-482b-9182-8feecfa28384|127.0.0.1:15085, 9ec74834-1541-452c-921b-2d323393210f|127.0.0.1:15076, 83059998-de51-48d1-9818-e6afe7fa3b6f|127.0.0.1:15067]|listeners:[], old=null
2024-05-04 14:26:46,557 [grpc-default-executor-0] INFO  server.RaftServer$Division (RaftServerImpl.java:requestVote(1389)) - 83059998-de51-48d1-9818-e6afe7fa3b6f@group-6025E5D5C1B1: receive requestVote(PRE_VOTE, 9ec74834-1541-452c-921b-2d323393210f, group-6025E5D5C1B1, 0, (t:0, i:0))
2024-05-04 14:26:46,557 [grpc-default-executor-0] INFO  impl.VoteContext (VoteContext.java:log(49)) - 83059998-de51-48d1-9818-e6afe7fa3b6f@group-6025E5D5C1B1-FOLLOWER: accept PRE_VOTE from 9ec74834-1541-452c-921b-2d323393210f: our priority 0 <= candidate's priority 1
2024-05-04 14:26:46,557 [grpc-default-executor-0] INFO  server.RaftServer$Division (RaftServerImpl.java:requestVote(1422)) - 83059998-de51-48d1-9818-e6afe7fa3b6f@group-6025E5D5C1B1 replies to PRE_VOTE vote request: 9ec74834-1541-452c-921b-2d323393210f<-83059998-de51-48d1-9818-e6afe7fa3b6f#0:OK-t0. Peer's state: 83059998-de51-48d1-9818-e6afe7fa3b6f@group-6025E5D5C1B1:t0, leader=null, voted=, raftlog=Memoized:83059998-de51-48d1-9818-e6afe7fa3b6f@group-6025E5D5C1B1-SegmentedRaftLog:OPENED:c-1, conf=-1: peers:[8808acf2-b901-482b-9182-8feecfa28384|127.0.0.1:15085, 9ec74834-1541-452c-921b-2d323393210f|127.0.0.1:15076, 83059998-de51-48d1-9818-e6afe7fa3b6f|127.0.0.1:15067]|listeners:[], old=null
2024-05-04 14:26:46,558 [9ec74834-1541-452c-921b-2d323393210f@group-6025E5D5C1B1-LeaderElection20] INFO  impl.LeaderElection (LeaderElection.java:logAndReturn(89)) - 9ec74834-1541-452c-921b-2d323393210f@group-6025E5D5C1B1-LeaderElection20: PRE_VOTE PASSED received 1 response(s) and 0 exception(s):
2024-05-04 14:26:46,558 [9ec74834-1541-452c-921b-2d323393210f@group-6025E5D5C1B1-LeaderElection20] INFO  impl.LeaderElection (LeaderElection.java:logAndReturn(93)) -   Response 0: 9ec74834-1541-452c-921b-2d323393210f<-8808acf2-b901-482b-9182-8feecfa28384#0:OK-t0
2024-05-04 14:26:46,558 [9ec74834-1541-452c-921b-2d323393210f@group-6025E5D5C1B1-LeaderElection20] INFO  impl.LeaderElection (LeaderElection.java:askForVotes(323)) - 9ec74834-1541-452c-921b-2d323393210f@group-6025E5D5C1B1-LeaderElection20 PRE_VOTE round 0: result PASSED
2024-05-04 14:26:46,559 [9ec74834-1541-452c-921b-2d323393210f@group-C3DAD7AF45B8-FollowerState] INFO  impl.FollowerState (FollowerState.java:run(143)) - 9ec74834-1541-452c-921b-2d323393210f@group-C3DAD7AF45B8-FollowerState: change to CANDIDATE, lastRpcElapsedTime:5038465503ns, electionTimeout:5026ms
2024-05-04 14:26:46,559 [9ec74834-1541-452c-921b-2d323393210f@group-C3DAD7AF45B8-FollowerState] INFO  impl.RoleInfo (RoleInfo.java:shutdownFollowerState(110)) - 9ec74834-1541-452c-921b-2d323393210f: shutdown 9ec74834-1541-452c-921b-2d323393210f@group-C3DAD7AF45B8-FollowerState
2024-05-04 14:26:46,559 [9ec74834-1541-452c-921b-2d323393210f@group-C3DAD7AF45B8-FollowerState] INFO  server.RaftServer$Division (RaftServerImpl.java:setRole(383)) - 9ec74834-1541-452c-921b-2d323393210f@group-C3DAD7AF45B8: changes role from  FOLLOWER to CANDIDATE at term 0 for changeToCandidate
2024-05-04 14:26:46,559 [9ec74834-1541-452c-921b-2d323393210f@group-C3DAD7AF45B8-FollowerState] INFO  server.RaftServerConfigKeys (ConfUtils.java:logGet(46)) - raft.server.leaderelection.pre-vote = true (default)
2024-05-04 14:26:46,559 [9ec74834-1541-452c-921b-2d323393210f@group-C3DAD7AF45B8-FollowerState] INFO  impl.RoleInfo (RoleInfo.java:updateAndGet(139)) - 9ec74834-1541-452c-921b-2d323393210f: start 9ec74834-1541-452c-921b-2d323393210f@group-C3DAD7AF45B8-LeaderElection21
2024-05-04 14:26:46,559 [9ec74834-1541-452c-921b-2d323393210f@group-C3DAD7AF45B8-LeaderElection21] INFO  impl.LeaderElection (LeaderElection.java:askForVotes(321)) - 9ec74834-1541-452c-921b-2d323393210f@group-C3DAD7AF45B8-LeaderElection21 PRE_VOTE round 0: submit vote requests at term 0 for -1: peers:[8808acf2-b901-482b-9182-8feecfa28384|127.0.0.1:15085, 9ec74834-1541-452c-921b-2d323393210f|127.0.0.1:15076, 83059998-de51-48d1-9818-e6afe7fa3b6f|127.0.0.1:15067]|listeners:[], old=null
2024-05-04 14:26:46,560 [9ec74834-1541-452c-921b-2d323393210f@group-6025E5D5C1B1-LeaderElection20] INFO  impl.LeaderElection (LeaderElection.java:askForVotes(321)) - 9ec74834-1541-452c-921b-2d323393210f@group-6025E5D5C1B1-LeaderElection20 ELECTION round 0: submit vote requests at term 1 for -1: peers:[8808acf2-b901-482b-9182-8feecfa28384|127.0.0.1:15085, 9ec74834-1541-452c-921b-2d323393210f|127.0.0.1:15076, 83059998-de51-48d1-9818-e6afe7fa3b6f|127.0.0.1:15067]|listeners:[], old=null
2024-05-04 14:26:46,560 [9ec74834-1541-452c-921b-2d323393210f@group-C3DAD7AF45B8-LeaderElection21] INFO  server.RaftServerConfigKeys (ConfUtils.java:logFallback(53)) - raft.server.rpc.first-election.timeout.min = 5s (fallback to raft.server.rpc.timeout.min)
2024-05-04 14:26:46,560 [9ec74834-1541-452c-921b-2d323393210f@group-C3DAD7AF45B8-LeaderElection21] INFO  server.RaftServerConfigKeys (ConfUtils.java:logFallback(53)) - raft.server.rpc.first-election.timeout.max = 5200ms (fallback to raft.server.rpc.timeout.max)
2024-05-04 14:26:46,561 [grpc-default-executor-0] INFO  server.RaftServer$Division (RaftServerImpl.java:requestVote(1389)) - 83059998-de51-48d1-9818-e6afe7fa3b6f@group-C3DAD7AF45B8: receive requestVote(PRE_VOTE, 9ec74834-1541-452c-921b-2d323393210f, group-C3DAD7AF45B8, 0, (t:0, i:0))
2024-05-04 14:26:46,561 [grpc-default-executor-0] INFO  impl.VoteContext (VoteContext.java:log(49)) - 83059998-de51-48d1-9818-e6afe7fa3b6f@group-C3DAD7AF45B8-FOLLOWER: reject PRE_VOTE from 9ec74834-1541-452c-921b-2d323393210f: our priority 1 > candidate's priority 0
2024-05-04 14:26:46,561 [grpc-default-executor-0] INFO  server.RaftServer$Division (RaftServerImpl.java:requestVote(1422)) - 83059998-de51-48d1-9818-e6afe7fa3b6f@group-C3DAD7AF45B8 replies to PRE_VOTE vote request: 9ec74834-1541-452c-921b-2d323393210f<-83059998-de51-48d1-9818-e6afe7fa3b6f#0:FAIL-t0. Peer's state: 83059998-de51-48d1-9818-e6afe7fa3b6f@group-C3DAD7AF45B8:t0, leader=null, voted=, raftlog=Memoized:83059998-de51-48d1-9818-e6afe7fa3b6f@group-C3DAD7AF45B8-SegmentedRaftLog:OPENED:c-1, conf=-1: peers:[8808acf2-b901-482b-9182-8feecfa28384|127.0.0.1:15085, 9ec74834-1541-452c-921b-2d323393210f|127.0.0.1:15076, 83059998-de51-48d1-9818-e6afe7fa3b6f|127.0.0.1:15067]|listeners:[], old=null
2024-05-04 14:26:46,562 [grpc-default-executor-1] INFO  server.RaftServer$Division (RaftServerImpl.java:requestVote(1389)) - 8808acf2-b901-482b-9182-8feecfa28384@group-C3DAD7AF45B8: receive requestVote(PRE_VOTE, 9ec74834-1541-452c-921b-2d323393210f, group-C3DAD7AF45B8, 0, (t:0, i:0))
2024-05-04 14:26:46,562 [grpc-default-executor-1] INFO  impl.VoteContext (VoteContext.java:log(49)) - 8808acf2-b901-482b-9182-8feecfa28384@group-C3DAD7AF45B8-FOLLOWER: accept PRE_VOTE from 9ec74834-1541-452c-921b-2d323393210f: our priority 0 <= candidate's priority 0
2024-05-04 14:26:46,562 [9ec74834-1541-452c-921b-2d323393210f@group-C3DAD7AF45B8-LeaderElection21] INFO  impl.LeaderElection (LeaderElection.java:logAndReturn(89)) - 9ec74834-1541-452c-921b-2d323393210f@group-C3DAD7AF45B8-LeaderElection21: PRE_VOTE REJECTED received 1 response(s) and 0 exception(s):
2024-05-04 14:26:46,562 [8808acf2-b901-482b-9182-8feecfa28384@group-D5ED0AA30690-FollowerState] INFO  impl.FollowerState (FollowerState.java:run(143)) - 8808acf2-b901-482b-9182-8feecfa28384@group-D5ED0AA30690-FollowerState: change to CANDIDATE, lastRpcElapsedTime:5156633488ns, electionTimeout:5150ms
2024-05-04 14:26:46,562 [8808acf2-b901-482b-9182-8feecfa28384@group-D5ED0AA30690-FollowerState] INFO  impl.RoleInfo (RoleInfo.java:shutdownFollowerState(110)) - 8808acf2-b901-482b-9182-8feecfa28384: shutdown 8808acf2-b901-482b-9182-8feecfa28384@group-D5ED0AA30690-FollowerState
2024-05-04 14:26:46,562 [8808acf2-b901-482b-9182-8feecfa28384@group-D5ED0AA30690-FollowerState] INFO  server.RaftServer$Division (RaftServerImpl.java:setRole(383)) - 8808acf2-b901-482b-9182-8feecfa28384@group-D5ED0AA30690: changes role from  FOLLOWER to CANDIDATE at term 0 for changeToCandidate
2024-05-04 14:26:46,562 [8808acf2-b901-482b-9182-8feecfa28384@group-D5ED0AA30690-FollowerState] INFO  server.RaftServerConfigKeys (ConfUtils.java:logGet(46)) - raft.server.leaderelection.pre-vote = true (default)
2024-05-04 14:26:46,562 [8808acf2-b901-482b-9182-8feecfa28384@group-D5ED0AA30690-FollowerState] INFO  impl.RoleInfo (RoleInfo.java:updateAndGet(139)) - 8808acf2-b901-482b-9182-8feecfa28384: start 8808acf2-b901-482b-9182-8feecfa28384@group-D5ED0AA30690-LeaderElection22
2024-05-04 14:26:46,562 [grpc-default-executor-1] INFO  server.RaftServer$Division (RaftServerImpl.java:requestVote(1422)) - 8808acf2-b901-482b-9182-8feecfa28384@group-C3DAD7AF45B8 replies to PRE_VOTE vote request: 9ec74834-1541-452c-921b-2d323393210f<-8808acf2-b901-482b-9182-8feecfa28384#0:OK-t0. Peer's state: 8808acf2-b901-482b-9182-8feecfa28384@group-C3DAD7AF45B8:t0, leader=null, voted=, raftlog=Memoized:8808acf2-b901-482b-9182-8feecfa28384@group-C3DAD7AF45B8-SegmentedRaftLog:OPENED:c-1, conf=-1: peers:[8808acf2-b901-482b-9182-8feecfa28384|127.0.0.1:15085, 9ec74834-1541-452c-921b-2d323393210f|127.0.0.1:15076, 83059998-de51-48d1-9818-e6afe7fa3b6f|127.0.0.1:15067]|listeners:[], old=null
2024-05-04 14:26:46,562 [9ec74834-1541-452c-921b-2d323393210f@group-C3DAD7AF45B8-LeaderElection21] INFO  impl.LeaderElection (LeaderElection.java:logAndReturn(93)) -   Response 0: 9ec74834-1541-452c-921b-2d323393210f<-83059998-de51-48d1-9818-e6afe7fa3b6f#0:FAIL-t0
2024-05-04 14:26:46,563 [9ec74834-1541-452c-921b-2d323393210f@group-C3DAD7AF45B8-LeaderElection21] INFO  impl.LeaderElection (LeaderElection.java:askForVotes(323)) - 9ec74834-1541-452c-921b-2d323393210f@group-C3DAD7AF45B8-LeaderElection21 PRE_VOTE round 0: result REJECTED
2024-05-04 14:26:46,563 [9ec74834-1541-452c-921b-2d323393210f@group-C3DAD7AF45B8-LeaderElection21] INFO  server.RaftServer$Division (RaftServerImpl.java:setRole(383)) - 9ec74834-1541-452c-921b-2d323393210f@group-C3DAD7AF45B8: changes role from CANDIDATE to FOLLOWER at term 0 for REJECTED
2024-05-04 14:26:46,563 [9ec74834-1541-452c-921b-2d323393210f@group-C3DAD7AF45B8-LeaderElection21] INFO  impl.RoleInfo (RoleInfo.java:shutdownLeaderElection(130)) - 9ec74834-1541-452c-921b-2d323393210f: shutdown 9ec74834-1541-452c-921b-2d323393210f@group-C3DAD7AF45B8-LeaderElection21
2024-05-04 14:26:46,563 [9ec74834-1541-452c-921b-2d323393210f@group-C3DAD7AF45B8-LeaderElection21] INFO  impl.RoleInfo (RoleInfo.java:updateAndGet(139)) - 9ec74834-1541-452c-921b-2d323393210f: start 9ec74834-1541-452c-921b-2d323393210f@group-C3DAD7AF45B8-FollowerState
2024-05-04 14:26:46,564 [9ec74834-1541-452c-921b-2d323393210f@group-6025E5D5C1B1-LeaderElection20] INFO  server.RaftServerConfigKeys (ConfUtils.java:logFallback(53)) - raft.server.rpc.first-election.timeout.min = 5s (fallback to raft.server.rpc.timeout.min)
2024-05-04 14:26:46,564 [9ec74834-1541-452c-921b-2d323393210f@group-6025E5D5C1B1-LeaderElection20] INFO  server.RaftServerConfigKeys (ConfUtils.java:logFallback(53)) - raft.server.rpc.first-election.timeout.max = 5200ms (fallback to raft.server.rpc.timeout.max)
2024-05-04 14:26:46,565 [grpc-default-executor-1] INFO  server.RaftServer$Division (RaftServerImpl.java:requestVote(1389)) - 8808acf2-b901-482b-9182-8feecfa28384@group-6025E5D5C1B1: receive requestVote(ELECTION, 9ec74834-1541-452c-921b-2d323393210f, group-6025E5D5C1B1, 1, (t:0, i:0))
2024-05-04 14:26:46,565 [grpc-default-executor-1] INFO  impl.VoteContext (VoteContext.java:log(49)) - 8808acf2-b901-482b-9182-8feecfa28384@group-6025E5D5C1B1-FOLLOWER: accept ELECTION from 9ec74834-1541-452c-921b-2d323393210f: our priority 0 <= candidate's priority 1
2024-05-04 14:26:46,565 [grpc-default-executor-1] INFO  server.RaftServer$Division (RaftServerImpl.java:setRole(383)) - 8808acf2-b901-482b-9182-8feecfa28384@group-6025E5D5C1B1: changes role from  FOLLOWER to FOLLOWER at term 1 for candidate:9ec74834-1541-452c-921b-2d323393210f
2024-05-04 14:26:46,565 [grpc-default-executor-1] INFO  impl.RoleInfo (RoleInfo.java:shutdownFollowerState(110)) - 8808acf2-b901-482b-9182-8feecfa28384: shutdown 8808acf2-b901-482b-9182-8feecfa28384@group-6025E5D5C1B1-FollowerState
2024-05-04 14:26:46,565 [grpc-default-executor-1] INFO  impl.RoleInfo (RoleInfo.java:updateAndGet(139)) - 8808acf2-b901-482b-9182-8feecfa28384: start 8808acf2-b901-482b-9182-8feecfa28384@group-6025E5D5C1B1-FollowerState
2024-05-04 14:26:46,565 [grpc-default-executor-0] INFO  server.RaftServer$Division (RaftServerImpl.java:requestVote(1389)) - 83059998-de51-48d1-9818-e6afe7fa3b6f@group-6025E5D5C1B1: receive requestVote(ELECTION, 9ec74834-1541-452c-921b-2d323393210f, group-6025E5D5C1B1, 1, (t:0, i:0))
2024-05-04 14:26:46,565 [grpc-default-executor-0] INFO  impl.VoteContext (VoteContext.java:log(49)) - 83059998-de51-48d1-9818-e6afe7fa3b6f@group-6025E5D5C1B1-FOLLOWER: accept ELECTION from 9ec74834-1541-452c-921b-2d323393210f: our priority 0 <= candidate's priority 1
2024-05-04 14:26:46,566 [grpc-default-executor-0] INFO  server.RaftServer$Division (RaftServerImpl.java:setRole(383)) - 83059998-de51-48d1-9818-e6afe7fa3b6f@group-6025E5D5C1B1: changes role from  FOLLOWER to FOLLOWER at term 1 for candidate:9ec74834-1541-452c-921b-2d323393210f
2024-05-04 14:26:46,566 [grpc-default-executor-0] INFO  impl.RoleInfo (RoleInfo.java:shutdownFollowerState(110)) - 83059998-de51-48d1-9818-e6afe7fa3b6f: shutdown 83059998-de51-48d1-9818-e6afe7fa3b6f@group-6025E5D5C1B1-FollowerState
2024-05-04 14:26:46,566 [grpc-default-executor-0] INFO  impl.RoleInfo (RoleInfo.java:updateAndGet(139)) - 83059998-de51-48d1-9818-e6afe7fa3b6f: start 83059998-de51-48d1-9818-e6afe7fa3b6f@group-6025E5D5C1B1-FollowerState
2024-05-04 14:26:46,566 [8808acf2-b901-482b-9182-8feecfa28384@group-6025E5D5C1B1-FollowerState] INFO  impl.FollowerState (FollowerState.java:run(152)) - 8808acf2-b901-482b-9182-8feecfa28384@group-6025E5D5C1B1-FollowerState was interrupted
2024-05-04 14:26:46,566 [8808acf2-b901-482b-9182-8feecfa28384@group-D5ED0AA30690-LeaderElection22] INFO  impl.LeaderElection (LeaderElection.java:askForVotes(321)) - 8808acf2-b901-482b-9182-8feecfa28384@group-D5ED0AA30690-LeaderElection22 PRE_VOTE round 0: submit vote requests at term 0 for -1: peers:[8808acf2-b901-482b-9182-8feecfa28384|127.0.0.1:15085, 9ec74834-1541-452c-921b-2d323393210f|127.0.0.1:15076, 83059998-de51-48d1-9818-e6afe7fa3b6f|127.0.0.1:15067]|listeners:[], old=null
2024-05-04 14:26:46,567 [9ec74834-1541-452c-921b-2d323393210f@group-C3DAD7AF45B8-LeaderElection21] INFO  server.RaftServer$Division (RaftServerImpl.java:setFirstElection(574)) - 9ec74834-1541-452c-921b-2d323393210f@group-C3DAD7AF45B8: set firstElectionSinceStartup to false for REJECTED
2024-05-04 14:26:46,567 [grpc-default-executor-1] INFO  server.RaftServer$Division (RaftServerImpl.java:setFirstElection(574)) - 8808acf2-b901-482b-9182-8feecfa28384@group-6025E5D5C1B1: set firstElectionSinceStartup to false for candidate:9ec74834-1541-452c-921b-2d323393210f
2024-05-04 14:26:46,568 [grpc-default-executor-1] INFO  server.RaftServer$Division (RaftServerImpl.java:requestVote(1422)) - 8808acf2-b901-482b-9182-8feecfa28384@group-6025E5D5C1B1 replies to ELECTION vote request: 9ec74834-1541-452c-921b-2d323393210f<-8808acf2-b901-482b-9182-8feecfa28384#0:OK-t1. Peer's state: 8808acf2-b901-482b-9182-8feecfa28384@group-6025E5D5C1B1:t1, leader=null, voted=9ec74834-1541-452c-921b-2d323393210f, raftlog=Memoized:8808acf2-b901-482b-9182-8feecfa28384@group-6025E5D5C1B1-SegmentedRaftLog:OPENED:c-1, conf=-1: peers:[8808acf2-b901-482b-9182-8feecfa28384|127.0.0.1:15085, 9ec74834-1541-452c-921b-2d323393210f|127.0.0.1:15076, 83059998-de51-48d1-9818-e6afe7fa3b6f|127.0.0.1:15067]|listeners:[], old=null
2024-05-04 14:26:46,568 [main] INFO  ozone.MiniOzoneClusterImpl (MiniOzoneClusterImpl.java:lambda$waitForClusterToBeReady$0(194)) - Nodes are ready. Got 5 of 5 DN Heartbeats.
2024-05-04 14:26:46,569 [main] INFO  ozone.MiniOzoneClusterImpl (MiniOzoneClusterImpl.java:lambda$waitForClusterToBeReady$0(197)) - Waiting for cluster to exit safe mode
2024-05-04 14:26:46,569 [main] INFO  ozone.MiniOzoneClusterImpl (MiniOzoneClusterImpl.java:lambda$waitForClusterToBeReady$0(199)) - SCM became leader
2024-05-04 14:26:46,568 [grpc-default-executor-0] INFO  server.RaftServer$Division (RaftServerImpl.java:requestVote(1422)) - 83059998-de51-48d1-9818-e6afe7fa3b6f@group-6025E5D5C1B1 replies to ELECTION vote request: 9ec74834-1541-452c-921b-2d323393210f<-83059998-de51-48d1-9818-e6afe7fa3b6f#0:OK-t1. Peer's state: 83059998-de51-48d1-9818-e6afe7fa3b6f@group-6025E5D5C1B1:t1, leader=null, voted=9ec74834-1541-452c-921b-2d323393210f, raftlog=Memoized:83059998-de51-48d1-9818-e6afe7fa3b6f@group-6025E5D5C1B1-SegmentedRaftLog:OPENED:c-1, conf=-1: peers:[8808acf2-b901-482b-9182-8feecfa28384|127.0.0.1:15085, 9ec74834-1541-452c-921b-2d323393210f|127.0.0.1:15076, 83059998-de51-48d1-9818-e6afe7fa3b6f|127.0.0.1:15067]|listeners:[], old=null
2024-05-04 14:26:46,569 [9ec74834-1541-452c-921b-2d323393210f@group-6025E5D5C1B1-LeaderElection20] INFO  impl.LeaderElection (LeaderElection.java:logAndReturn(89)) - 9ec74834-1541-452c-921b-2d323393210f@group-6025E5D5C1B1-LeaderElection20: ELECTION PASSED received 1 response(s) and 0 exception(s):
2024-05-04 14:26:46,570 [9ec74834-1541-452c-921b-2d323393210f@group-6025E5D5C1B1-LeaderElection20] INFO  impl.LeaderElection (LeaderElection.java:logAndReturn(93)) -   Response 0: 9ec74834-1541-452c-921b-2d323393210f<-8808acf2-b901-482b-9182-8feecfa28384#0:OK-t1
2024-05-04 14:26:46,570 [9ec74834-1541-452c-921b-2d323393210f@group-6025E5D5C1B1-LeaderElection20] INFO  impl.LeaderElection (LeaderElection.java:askForVotes(323)) - 9ec74834-1541-452c-921b-2d323393210f@group-6025E5D5C1B1-LeaderElection20 ELECTION round 0: result PASSED
2024-05-04 14:26:46,570 [9ec74834-1541-452c-921b-2d323393210f@group-6025E5D5C1B1-LeaderElection20] INFO  impl.RoleInfo (RoleInfo.java:shutdownLeaderElection(130)) - 9ec74834-1541-452c-921b-2d323393210f: shutdown 9ec74834-1541-452c-921b-2d323393210f@group-6025E5D5C1B1-LeaderElection20
2024-05-04 14:26:46,570 [9ec74834-1541-452c-921b-2d323393210f@group-6025E5D5C1B1-LeaderElection20] INFO  server.RaftServer$Division (RaftServerImpl.java:setRole(383)) - 9ec74834-1541-452c-921b-2d323393210f@group-6025E5D5C1B1: changes role from CANDIDATE to LEADER at term 1 for changeToLeader
2024-05-04 14:26:46,570 [9ec74834-1541-452c-921b-2d323393210f@group-6025E5D5C1B1-LeaderElection20] INFO  server.RaftServerConfigKeys (ConfUtils.java:logGet(46)) - raft.server.staging.catchup.gap = 1000 (default)
2024-05-04 14:26:46,570 [9ec74834-1541-452c-921b-2d323393210f@group-6025E5D5C1B1-LeaderElection20] INFO  server.RaftServerConfigKeys (ConfUtils.java:logGet(46)) - raft.server.write.element-limit = 1024 (custom)
2024-05-04 14:26:46,570 [9ec74834-1541-452c-921b-2d323393210f@group-6025E5D5C1B1-LeaderElection20] INFO  server.RaftServerConfigKeys (ConfUtils.java:logGet(46)) - raft.server.write.byte-limit = 1024 M (=1073741824) (custom)
2024-05-04 14:26:46,570 [9ec74834-1541-452c-921b-2d323393210f@group-6025E5D5C1B1-LeaderElection20] INFO  server.RaftServerConfigKeys (ConfUtils.java:logGet(46)) - raft.server.watch.timeout = 3000ms (custom)
2024-05-04 14:26:46,570 [9ec74834-1541-452c-921b-2d323393210f@group-6025E5D5C1B1-LeaderElection20] INFO  server.RaftServerConfigKeys (ConfUtils.java:logGet(46)) - raft.server.watch.timeout.denomination = 1s (default)
2024-05-04 14:26:46,570 [9ec74834-1541-452c-921b-2d323393210f@group-6025E5D5C1B1-LeaderElection20] INFO  server.RaftServerConfigKeys (ConfUtils.java:logGet(46)) - raft.server.watch.element-limit = 65536 (default)
2024-05-04 14:26:46,570 [9ec74834-1541-452c-921b-2d323393210f@group-6025E5D5C1B1-LeaderElection20] INFO  server.RaftServerConfigKeys (ConfUtils.java:logGet(46)) - raft.server.read.leader.lease.enabled = false (default)
2024-05-04 14:26:46,570 [9ec74834-1541-452c-921b-2d323393210f@group-6025E5D5C1B1-LeaderElection20] INFO  server.RaftServerConfigKeys (ConfUtils.java:logGet(46)) - raft.server.read.leader.lease.timeout.ratio = 0.9 (default)
2024-05-04 14:26:46,570 [9ec74834-1541-452c-921b-2d323393210f@group-6025E5D5C1B1-LeaderElection20] INFO  server.RaftServerConfigKeys (ConfUtils.java:logGet(46)) - raft.server.rpc.timeout.min = 5s (custom)
2024-05-04 14:26:46,570 [9ec74834-1541-452c-921b-2d323393210f@group-6025E5D5C1B1-LeaderElection20] INFO  server.RaftServerConfigKeys (ConfUtils.java:logGet(46)) - raft.server.write.element-limit = 1024 (custom)
2024-05-04 14:26:46,571 [9ec74834-1541-452c-921b-2d323393210f@group-6025E5D5C1B1-LeaderElection20] INFO  server.RaftServerConfigKeys (ConfUtils.java:logGet(46)) - raft.server.write.follower.gap.ratio.max = -1.0 (default)
2024-05-04 14:26:46,571 [9ec74834-1541-452c-921b-2d323393210f@group-6025E5D5C1B1-LeaderElection20] INFO  server.RaftServerConfigKeys (ConfUtils.java:logGet(46)) - raft.server.log.appender.snapshot.chunk.size.max = 16MB (=16777216) (default)
2024-05-04 14:26:46,571 [9ec74834-1541-452c-921b-2d323393210f@group-6025E5D5C1B1-LeaderElection20] INFO  server.RaftServerConfigKeys (ConfUtils.java:logGet(46)) - raft.server.log.appender.buffer.byte-limit = 8388608 (custom)
2024-05-04 14:26:46,571 [9ec74834-1541-452c-921b-2d323393210f@group-6025E5D5C1B1-LeaderElection20] INFO  server.RaftServerConfigKeys (ConfUtils.java:logGet(46)) - raft.server.log.appender.buffer.element-limit = 1 (custom)
2024-05-04 14:26:46,571 [9ec74834-1541-452c-921b-2d323393210f@group-6025E5D5C1B1-LeaderElection20] INFO  server.RaftServerConfigKeys (ConfUtils.java:logGet(46)) - raft.server.log.appender.wait-time.min = 0ms (custom)
2024-05-04 14:26:46,571 [9ec74834-1541-452c-921b-2d323393210f@group-6025E5D5C1B1-LeaderElection20] INFO  grpc.GrpcConfigKeys (ConfUtils.java:logGet(46)) - raft.grpc.server.leader.outstanding.appends.max = 8 (default)
2024-05-04 14:26:46,571 [9ec74834-1541-452c-921b-2d323393210f@group-6025E5D5C1B1-LeaderElection20] INFO  server.RaftServerConfigKeys (ConfUtils.java:logGet(46)) - raft.server.rpc.request.timeout = 3000ms (default)
2024-05-04 14:26:46,571 [9ec74834-1541-452c-921b-2d323393210f@group-6025E5D5C1B1-LeaderElection20] INFO  grpc.GrpcConfigKeys (ConfUtils.java:logGet(46)) - raft.grpc.server.install_snapshot.request.element-limit = 8 (default)
2024-05-04 14:26:46,571 [9ec74834-1541-452c-921b-2d323393210f@group-6025E5D5C1B1-LeaderElection20] INFO  grpc.GrpcConfigKeys (ConfUtils.java:logGet(46)) - raft.grpc.server.install_snapshot.request.timeout = 3000ms (default)
2024-05-04 14:26:46,571 [9ec74834-1541-452c-921b-2d323393210f@group-6025E5D5C1B1-LeaderElection20] INFO  grpc.GrpcConfigKeys (ConfUtils.java:logGet(46)) - raft.grpc.server.log-message.batch.duration = 5s (default)
2024-05-04 14:26:46,571 [9ec74834-1541-452c-921b-2d323393210f@group-6025E5D5C1B1-LeaderElection20] INFO  server.RaftServerConfigKeys (ConfUtils.java:logGet(46)) - raft.server.log.appender.install.snapshot.enabled = false (custom)
2024-05-04 14:26:46,571 [9ec74834-1541-452c-921b-2d323393210f@group-6025E5D5C1B1-LeaderElection20] INFO  grpc.GrpcConfigKeys (ConfUtils.java:logGet(46)) - raft.grpc.server.heartbeat.channel = true (default)
2024-05-04 14:26:46,572 [9ec74834-1541-452c-921b-2d323393210f@group-6025E5D5C1B1-LeaderElection20] INFO  server.RaftServerConfigKeys (ConfUtils.java:logGet(46)) - raft.server.log.appender.snapshot.chunk.size.max = 16MB (=16777216) (default)
2024-05-04 14:26:46,572 [9ec74834-1541-452c-921b-2d323393210f@group-6025E5D5C1B1-LeaderElection20] INFO  server.RaftServerConfigKeys (ConfUtils.java:logGet(46)) - raft.server.log.appender.buffer.byte-limit = 8388608 (custom)
2024-05-04 14:26:46,572 [9ec74834-1541-452c-921b-2d323393210f@group-6025E5D5C1B1-LeaderElection20] INFO  server.RaftServerConfigKeys (ConfUtils.java:logGet(46)) - raft.server.log.appender.buffer.element-limit = 1 (custom)
2024-05-04 14:26:46,572 [9ec74834-1541-452c-921b-2d323393210f@group-6025E5D5C1B1-LeaderElection20] INFO  server.RaftServerConfigKeys (ConfUtils.java:logGet(46)) - raft.server.log.appender.wait-time.min = 0ms (custom)
2024-05-04 14:26:46,573 [9ec74834-1541-452c-921b-2d323393210f@group-6025E5D5C1B1-LeaderElection20] INFO  grpc.GrpcConfigKeys (ConfUtils.java:logGet(46)) - raft.grpc.server.leader.outstanding.appends.max = 8 (default)
2024-05-04 14:26:46,573 [9ec74834-1541-452c-921b-2d323393210f@group-6025E5D5C1B1-LeaderElection20] INFO  server.RaftServerConfigKeys (ConfUtils.java:logGet(46)) - raft.server.rpc.request.timeout = 3000ms (default)
2024-05-04 14:26:46,573 [9ec74834-1541-452c-921b-2d323393210f@group-6025E5D5C1B1-LeaderElection20] INFO  grpc.GrpcConfigKeys (ConfUtils.java:logGet(46)) - raft.grpc.server.install_snapshot.request.element-limit = 8 (default)
2024-05-04 14:26:46,573 [9ec74834-1541-452c-921b-2d323393210f@group-6025E5D5C1B1-LeaderElection20] INFO  grpc.GrpcConfigKeys (ConfUtils.java:logGet(46)) - raft.grpc.server.install_snapshot.request.timeout = 3000ms (default)
2024-05-04 14:26:46,573 [9ec74834-1541-452c-921b-2d323393210f@group-6025E5D5C1B1-LeaderElection20] INFO  grpc.GrpcConfigKeys (ConfUtils.java:logGet(46)) - raft.grpc.server.log-message.batch.duration = 5s (default)
2024-05-04 14:26:46,573 [9ec74834-1541-452c-921b-2d323393210f@group-6025E5D5C1B1-LeaderElection20] INFO  server.RaftServerConfigKeys (ConfUtils.java:logGet(46)) - raft.server.log.appender.install.snapshot.enabled = false (custom)
2024-05-04 14:26:46,573 [9ec74834-1541-452c-921b-2d323393210f@group-6025E5D5C1B1-LeaderElection20] INFO  grpc.GrpcConfigKeys (ConfUtils.java:logGet(46)) - raft.grpc.server.heartbeat.channel = true (default)
2024-05-04 14:26:46,573 [9ec74834-1541-452c-921b-2d323393210f@group-6025E5D5C1B1-LeaderElection20] INFO  impl.RoleInfo (RoleInfo.java:updateAndGet(139)) - 9ec74834-1541-452c-921b-2d323393210f: start 9ec74834-1541-452c-921b-2d323393210f@group-6025E5D5C1B1-LeaderStateImpl
2024-05-04 14:26:46,573 [9ec74834-1541-452c-921b-2d323393210f@group-6025E5D5C1B1-LeaderElection20] INFO  server.RaftServer$Division (RaftServerImpl.java:setFirstElection(574)) - 9ec74834-1541-452c-921b-2d323393210f@group-6025E5D5C1B1: set firstElectionSinceStartup to false for becomeLeader
2024-05-04 14:26:46,573 [9ec74834-1541-452c-921b-2d323393210f@group-6025E5D5C1B1-LeaderElection20] INFO  ratis.XceiverServerRatis (XceiverServerRatis.java:handleLeaderChangedNotification(966)) - Leader change notification received for group: group-6025E5D5C1B1 with new leaderId: 9ec74834-1541-452c-921b-2d323393210f
2024-05-04 14:26:46,573 [83059998-de51-48d1-9818-e6afe7fa3b6f@group-6025E5D5C1B1-FollowerState] INFO  impl.FollowerState (FollowerState.java:run(152)) - 83059998-de51-48d1-9818-e6afe7fa3b6f@group-6025E5D5C1B1-FollowerState was interrupted
2024-05-04 14:26:46,574 [9ec74834-1541-452c-921b-2d323393210f@group-6025E5D5C1B1-LeaderElection20] INFO  server.RaftServer$Division (ServerState.java:setLeader(269)) - 9ec74834-1541-452c-921b-2d323393210f@group-6025E5D5C1B1: change Leader from null to 9ec74834-1541-452c-921b-2d323393210f at term 1 for becomeLeader, leader elected after 5202ms
2024-05-04 14:26:46,574 [9ec74834-1541-452c-921b-2d323393210f@group-6025E5D5C1B1-LeaderElection20] INFO  segmented.SegmentedRaftLogWorker (SegmentedRaftLogWorker.java:startLogSegment(430)) - 9ec74834-1541-452c-921b-2d323393210f@group-6025E5D5C1B1-SegmentedRaftLogWorker: Starting segment from index:0
2024-05-04 14:26:46,574 [9ec74834-1541-452c-921b-2d323393210f@group-6025E5D5C1B1-LeaderElection20] INFO  server.RaftServer$Division (ServerState.java:setRaftConf(386)) - 9ec74834-1541-452c-921b-2d323393210f@group-6025E5D5C1B1: set configuration 0: peers:[8808acf2-b901-482b-9182-8feecfa28384|127.0.0.1:15085, 9ec74834-1541-452c-921b-2d323393210f|127.0.0.1:15076, 83059998-de51-48d1-9818-e6afe7fa3b6f|127.0.0.1:15067]|listeners:[], old=null
2024-05-04 14:26:46,574 [9ec74834-1541-452c-921b-2d323393210f@group-6025E5D5C1B1-SegmentedRaftLogWorker] INFO  segmented.BufferedWriteChannel (BufferedWriteChannel.java:open(62)) - open log_inprogress_0 at position 0
2024-05-04 14:26:46,577 [EventQueue-OpenPipelineForHealthyPipelineSafeModeRule] INFO  safemode.SCMSafeModeManager (HealthyPipelineSafeModeRule.java:process(140)) - SCM in safe mode. Healthy pipelines reported count is 0, required healthy pipeline reported count is 1
2024-05-04 14:26:46,577 [EventQueue-PipelineReportForPipelineReportHandler] INFO  pipeline.PipelineReportHandler (PipelineReportHandler.java:processPipelineReport(136)) - Opened pipeline PipelineID=662b2c8d-8f14-41d3-87b4-6025e5d5c1b1
2024-05-04 14:26:46,578 [EventQueue-OpenPipelineForHealthyPipelineSafeModeRule] INFO  safemode.SCMSafeModeManager (HealthyPipelineSafeModeRule.java:process(140)) - SCM in safe mode. Healthy pipelines reported count is 1, required healthy pipeline reported count is 1
2024-05-04 14:26:46,578 [EventQueue-OpenPipelineForHealthyPipelineSafeModeRule] INFO  safemode.SCMSafeModeManager (SCMSafeModeManager.java:validateSafeModeExitRules(203)) - HealthyPipelineSafeModeRule rule is successfully validated
2024-05-04 14:26:46,578 [EventQueue-OpenPipelineForHealthyPipelineSafeModeRule] INFO  safemode.SCMSafeModeManager (SCMSafeModeManager.java:validateSafeModeExitRules(218)) - ScmSafeModeManager, all rules are successfully validated
2024-05-04 14:26:46,578 [EventQueue-OpenPipelineForHealthyPipelineSafeModeRule] INFO  safemode.SCMSafeModeManager (SCMSafeModeManager.java:exitSafeMode(248)) - SCM exiting safe mode.
2024-05-04 14:26:46,578 [EventQueue-OpenPipelineForHealthyPipelineSafeModeRule] INFO  ha.SCMContext (SCMContext.java:updateSafeModeStatus(225)) - Update SafeModeStatus from SafeModeStatus{safeModeStatus=true, preCheckPassed=true} to SafeModeStatus{safeModeStatus=false, preCheckPassed=true}.
2024-05-04 14:26:46,578 [EventQueue-OpenPipelineForHealthyPipelineSafeModeRule] INFO  pipeline.BackgroundPipelineCreator (BackgroundPipelineCreator.java:notifyStatusChanged(258)) - Service BackgroundPipelineCreator transitions to RUNNING.
2024-05-04 14:26:46,578 [EventQueue-OpenPipelineForHealthyPipelineSafeModeRule] INFO  BackgroundPipelineScrubber (BackgroundSCMService.java:notifyStatusChanged(79)) - Service BackgroundPipelineScrubber transitions to RUNNING.
2024-05-04 14:26:46,578 [EventQueue-OpenPipelineForHealthyPipelineSafeModeRule] INFO  ExpiredContainerReplicaOpScrubber (BackgroundSCMService.java:notifyStatusChanged(79)) - Service ExpiredContainerReplicaOpScrubber transitions to RUNNING.
2024-05-04 14:26:46,578 [EventQueue-OpenPipelineForHealthyPipelineSafeModeRule] INFO  block.SCMBlockDeletingService (SCMBlockDeletingService.java:notifyStatusChanged(247)) - notifyStatusChanged:RUNNING
2024-05-04 14:26:46,578 [EventQueue-OpenPipelineForHealthyPipelineSafeModeRule] INFO  replication.ReplicationManager (ReplicationManager.java:notifyStatusChanged(1406)) - Service ReplicationManager transitions to RUNNING.
2024-05-04 14:26:46,578 [EventQueue-OpenPipelineForHealthyPipelineSafeModeRule] WARN  balancer.ContainerBalancer (ContainerBalancer.java:shouldRun(134)) - Could not find persisted configuration for ContainerBalancer when checking if ContainerBalancer should run. ContainerBalancer should not run now.
2024-05-04 14:26:46,580 [8808acf2-b901-482b-9182-8feecfa28384@group-278816DC67B8-FollowerState] INFO  impl.FollowerState (FollowerState.java:run(143)) - 8808acf2-b901-482b-9182-8feecfa28384@group-278816DC67B8-FollowerState: change to CANDIDATE, lastRpcElapsedTime:5108592315ns, electionTimeout:5102ms
2024-05-04 14:26:46,580 [8808acf2-b901-482b-9182-8feecfa28384@group-278816DC67B8-FollowerState] INFO  impl.RoleInfo (RoleInfo.java:shutdownFollowerState(110)) - 8808acf2-b901-482b-9182-8feecfa28384: shutdown 8808acf2-b901-482b-9182-8feecfa28384@group-278816DC67B8-FollowerState
2024-05-04 14:26:46,580 [8808acf2-b901-482b-9182-8feecfa28384@group-278816DC67B8-FollowerState] INFO  server.RaftServer$Division (RaftServerImpl.java:setRole(383)) - 8808acf2-b901-482b-9182-8feecfa28384@group-278816DC67B8: changes role from  FOLLOWER to CANDIDATE at term 0 for changeToCandidate
2024-05-04 14:26:46,580 [8808acf2-b901-482b-9182-8feecfa28384@group-278816DC67B8-FollowerState] INFO  server.RaftServerConfigKeys (ConfUtils.java:logGet(46)) - raft.server.leaderelection.pre-vote = true (default)
2024-05-04 14:26:46,580 [8808acf2-b901-482b-9182-8feecfa28384@group-278816DC67B8-FollowerState] INFO  impl.RoleInfo (RoleInfo.java:updateAndGet(139)) - 8808acf2-b901-482b-9182-8feecfa28384: start 8808acf2-b901-482b-9182-8feecfa28384@group-278816DC67B8-LeaderElection23
2024-05-04 14:26:46,582 [8808acf2-b901-482b-9182-8feecfa28384@group-D5ED0AA30690-LeaderElection22-1] INFO  server.GrpcServerProtocolClient (GrpcServerProtocolClient.java:<init>(65)) - Build channel for 9ec74834-1541-452c-921b-2d323393210f|127.0.0.1:15076
2024-05-04 14:26:46,582 [9ec74834-1541-452c-921b-2d323393210f@group-6025E5D5C1B1-SegmentedRaftLogWorker] INFO  segmented.SegmentedRaftLogWorker (SegmentedRaftLogWorker.java:execute(634)) - 9ec74834-1541-452c-921b-2d323393210f@group-6025E5D5C1B1-SegmentedRaftLogWorker: created new log segment /home/runner/work/ozone/ozone/hadoop-ozone/integration-test/target/test-dir/MiniOzoneClusterImpl-7c905145-d891-4b2f-be71-50eb4aa8551e/ozone-meta/datanode-2/ratis/662b2c8d-8f14-41d3-87b4-6025e5d5c1b1/current/log_inprogress_0
2024-05-04 14:26:46,582 [8808acf2-b901-482b-9182-8feecfa28384@group-D5ED0AA30690-LeaderElection22] INFO  server.RaftServerConfigKeys (ConfUtils.java:logFallback(53)) - raft.server.rpc.first-election.timeout.min = 5s (fallback to raft.server.rpc.timeout.min)
2024-05-04 14:26:46,583 [8808acf2-b901-482b-9182-8feecfa28384@group-D5ED0AA30690-LeaderElection22] INFO  server.RaftServerConfigKeys (ConfUtils.java:logFallback(53)) - raft.server.rpc.first-election.timeout.max = 5200ms (fallback to raft.server.rpc.timeout.max)
2024-05-04 14:26:46,582 [8808acf2-b901-482b-9182-8feecfa28384@group-D5ED0AA30690-LeaderElection22-2] INFO  server.GrpcServerProtocolClient (GrpcServerProtocolClient.java:<init>(65)) - Build channel for 83059998-de51-48d1-9818-e6afe7fa3b6f|127.0.0.1:15067
2024-05-04 14:26:46,591 [grpc-default-executor-2] INFO  server.RaftServer$Division (RaftServerImpl.java:requestVote(1389)) - 83059998-de51-48d1-9818-e6afe7fa3b6f@group-D5ED0AA30690: receive requestVote(PRE_VOTE, 8808acf2-b901-482b-9182-8feecfa28384, group-D5ED0AA30690, 0, (t:0, i:0))
2024-05-04 14:26:46,591 [grpc-default-executor-2] INFO  impl.VoteContext (VoteContext.java:log(49)) - 83059998-de51-48d1-9818-e6afe7fa3b6f@group-D5ED0AA30690-FOLLOWER: accept PRE_VOTE from 8808acf2-b901-482b-9182-8feecfa28384: our priority 0 <= candidate's priority 1
2024-05-04 14:26:46,591 [grpc-default-executor-2] INFO  server.RaftServer$Division (RaftServerImpl.java:requestVote(1422)) - 83059998-de51-48d1-9818-e6afe7fa3b6f@group-D5ED0AA30690 replies to PRE_VOTE vote request: 8808acf2-b901-482b-9182-8feecfa28384<-83059998-de51-48d1-9818-e6afe7fa3b6f#0:OK-t0. Peer's state: 83059998-de51-48d1-9818-e6afe7fa3b6f@group-D5ED0AA30690:t0, leader=null, voted=, raftlog=Memoized:83059998-de51-48d1-9818-e6afe7fa3b6f@group-D5ED0AA30690-SegmentedRaftLog:OPENED:c-1, conf=-1: peers:[8808acf2-b901-482b-9182-8feecfa28384|127.0.0.1:15085, 9ec74834-1541-452c-921b-2d323393210f|127.0.0.1:15076, 83059998-de51-48d1-9818-e6afe7fa3b6f|127.0.0.1:15067]|listeners:[], old=null
2024-05-04 14:26:46,592 [8808acf2-b901-482b-9182-8feecfa28384@group-278816DC67B8-LeaderElection23] INFO  impl.LeaderElection (LeaderElection.java:askForVotes(321)) - 8808acf2-b901-482b-9182-8feecfa28384@group-278816DC67B8-LeaderElection23 PRE_VOTE round 0: submit vote requests at term 0 for -1: peers:[8808acf2-b901-482b-9182-8feecfa28384|127.0.0.1:15085]|listeners:[], old=null
2024-05-04 14:26:46,592 [8808acf2-b901-482b-9182-8feecfa28384@group-278816DC67B8-LeaderElection23] INFO  impl.LeaderElection (LeaderElection.java:askForVotes(323)) - 8808acf2-b901-482b-9182-8feecfa28384@group-278816DC67B8-LeaderElection23 PRE_VOTE round 0: result PASSED (term=0)
2024-05-04 14:26:46,593 [8808acf2-b901-482b-9182-8feecfa28384@group-278816DC67B8-LeaderElection23] INFO  impl.LeaderElection (LeaderElection.java:askForVotes(321)) - 8808acf2-b901-482b-9182-8feecfa28384@group-278816DC67B8-LeaderElection23 ELECTION round 0: submit vote requests at term 1 for -1: peers:[8808acf2-b901-482b-9182-8feecfa28384|127.0.0.1:15085]|listeners:[], old=null
2024-05-04 14:26:46,593 [8808acf2-b901-482b-9182-8feecfa28384@group-278816DC67B8-LeaderElection23] INFO  impl.LeaderElection (LeaderElection.java:askForVotes(323)) - 8808acf2-b901-482b-9182-8feecfa28384@group-278816DC67B8-LeaderElection23 ELECTION round 0: result PASSED (term=1)
2024-05-04 14:26:46,593 [8808acf2-b901-482b-9182-8feecfa28384@group-278816DC67B8-LeaderElection23] INFO  impl.RoleInfo (RoleInfo.java:shutdownLeaderElection(130)) - 8808acf2-b901-482b-9182-8feecfa28384: shutdown 8808acf2-b901-482b-9182-8feecfa28384@group-278816DC67B8-LeaderElection23
2024-05-04 14:26:46,594 [8808acf2-b901-482b-9182-8feecfa28384@group-278816DC67B8-LeaderElection23] INFO  server.RaftServer$Division (RaftServerImpl.java:setRole(383)) - 8808acf2-b901-482b-9182-8feecfa28384@group-278816DC67B8: changes role from CANDIDATE to LEADER at term 1 for changeToLeader
2024-05-04 14:26:46,594 [8808acf2-b901-482b-9182-8feecfa28384@group-278816DC67B8-LeaderElection23] INFO  server.RaftServerConfigKeys (ConfUtils.java:logGet(46)) - raft.server.staging.catchup.gap = 1000 (default)
2024-05-04 14:26:46,595 [8808acf2-b901-482b-9182-8feecfa28384@group-278816DC67B8-LeaderElection23] INFO  server.RaftServerConfigKeys (ConfUtils.java:logGet(46)) - raft.server.write.element-limit = 1024 (custom)
2024-05-04 14:26:46,595 [8808acf2-b901-482b-9182-8feecfa28384@group-278816DC67B8-LeaderElection23] INFO  server.RaftServerConfigKeys (ConfUtils.java:logGet(46)) - raft.server.write.byte-limit = 1024 M (=1073741824) (custom)
2024-05-04 14:26:46,595 [8808acf2-b901-482b-9182-8feecfa28384@group-278816DC67B8-LeaderElection23] INFO  server.RaftServerConfigKeys (ConfUtils.java:logGet(46)) - raft.server.watch.timeout = 3000ms (custom)
2024-05-04 14:26:46,595 [8808acf2-b901-482b-9182-8feecfa28384@group-278816DC67B8-LeaderElection23] INFO  server.RaftServerConfigKeys (ConfUtils.java:logGet(46)) - raft.server.watch.timeout.denomination = 1s (default)
2024-05-04 14:26:46,595 [8808acf2-b901-482b-9182-8feecfa28384@group-278816DC67B8-LeaderElection23] INFO  server.RaftServerConfigKeys (ConfUtils.java:logGet(46)) - raft.server.watch.element-limit = 65536 (default)
2024-05-04 14:26:46,596 [8808acf2-b901-482b-9182-8feecfa28384@group-278816DC67B8-LeaderElection23] INFO  server.RaftServerConfigKeys (ConfUtils.java:logGet(46)) - raft.server.read.leader.lease.enabled = false (default)
2024-05-04 14:26:46,596 [8808acf2-b901-482b-9182-8feecfa28384@group-278816DC67B8-LeaderElection23] INFO  server.RaftServerConfigKeys (ConfUtils.java:logGet(46)) - raft.server.read.leader.lease.timeout.ratio = 0.9 (default)
2024-05-04 14:26:46,596 [8808acf2-b901-482b-9182-8feecfa28384@group-278816DC67B8-LeaderElection23] INFO  server.RaftServerConfigKeys (ConfUtils.java:logGet(46)) - raft.server.rpc.timeout.min = 5s (custom)
2024-05-04 14:26:46,596 [8808acf2-b901-482b-9182-8feecfa28384@group-278816DC67B8-LeaderElection23] INFO  server.RaftServerConfigKeys (ConfUtils.java:logGet(46)) - raft.server.write.element-limit = 1024 (custom)
2024-05-04 14:26:46,596 [8808acf2-b901-482b-9182-8feecfa28384@group-278816DC67B8-LeaderElection23] INFO  server.RaftServerConfigKeys (ConfUtils.java:logGet(46)) - raft.server.write.follower.gap.ratio.max = -1.0 (default)
2024-05-04 14:26:46,597 [8808acf2-b901-482b-9182-8feecfa28384@group-278816DC67B8-LeaderElection23] INFO  impl.RoleInfo (RoleInfo.java:updateAndGet(139)) - 8808acf2-b901-482b-9182-8feecfa28384: start 8808acf2-b901-482b-9182-8feecfa28384@group-278816DC67B8-LeaderStateImpl
2024-05-04 14:26:46,597 [8808acf2-b901-482b-9182-8feecfa28384@group-278816DC67B8-LeaderElection23] INFO  server.RaftServer$Division (RaftServerImpl.java:setFirstElection(574)) - 8808acf2-b901-482b-9182-8feecfa28384@group-278816DC67B8: set firstElectionSinceStartup to false for becomeLeader
2024-05-04 14:26:46,597 [8808acf2-b901-482b-9182-8feecfa28384@group-278816DC67B8-LeaderElection23] INFO  ratis.XceiverServerRatis (XceiverServerRatis.java:handleLeaderChangedNotification(966)) - Leader change notification received for group: group-278816DC67B8 with new leaderId: 8808acf2-b901-482b-9182-8feecfa28384
2024-05-04 14:26:46,597 [8808acf2-b901-482b-9182-8feecfa28384@group-278816DC67B8-LeaderElection23] INFO  server.RaftServer$Division (ServerState.java:setLeader(269)) - 8808acf2-b901-482b-9182-8feecfa28384@group-278816DC67B8: change Leader from null to 8808acf2-b901-482b-9182-8feecfa28384 at term 1 for becomeLeader, leader elected after 5151ms
2024-05-04 14:26:46,598 [8808acf2-b901-482b-9182-8feecfa28384@group-278816DC67B8-LeaderElection23] INFO  segmented.SegmentedRaftLogWorker (SegmentedRaftLogWorker.java:startLogSegment(430)) - 8808acf2-b901-482b-9182-8feecfa28384@group-278816DC67B8-SegmentedRaftLogWorker: Starting segment from index:0
2024-05-04 14:26:46,599 [8808acf2-b901-482b-9182-8feecfa28384@group-278816DC67B8-SegmentedRaftLogWorker] INFO  segmented.BufferedWriteChannel (BufferedWriteChannel.java:open(62)) - open log_inprogress_0 at position 0
2024-05-04 14:26:46,601 [8808acf2-b901-482b-9182-8feecfa28384@group-D5ED0AA30690-LeaderElection22] INFO  impl.LeaderElection (LeaderElection.java:logAndReturn(89)) - 8808acf2-b901-482b-9182-8feecfa28384@group-D5ED0AA30690-LeaderElection22: PRE_VOTE PASSED received 1 response(s) and 0 exception(s):
2024-05-04 14:26:46,601 [8808acf2-b901-482b-9182-8feecfa28384@group-D5ED0AA30690-LeaderElection22] INFO  impl.LeaderElection (LeaderElection.java:logAndReturn(93)) -   Response 0: 8808acf2-b901-482b-9182-8feecfa28384<-83059998-de51-48d1-9818-e6afe7fa3b6f#0:OK-t0
2024-05-04 14:26:46,601 [8808acf2-b901-482b-9182-8feecfa28384@group-D5ED0AA30690-LeaderElection22] INFO  impl.LeaderElection (LeaderElection.java:askForVotes(323)) - 8808acf2-b901-482b-9182-8feecfa28384@group-D5ED0AA30690-LeaderElection22 PRE_VOTE round 0: result PASSED
2024-05-04 14:26:46,603 [grpc-default-executor-3] INFO  server.RaftServer$Division (RaftServerImpl.java:requestVote(1389)) - 9ec74834-1541-452c-921b-2d323393210f@group-D5ED0AA30690: receive requestVote(PRE_VOTE, 8808acf2-b901-482b-9182-8feecfa28384, group-D5ED0AA30690, 0, (t:0, i:0))
2024-05-04 14:26:46,603 [grpc-default-executor-3] INFO  impl.VoteContext (VoteContext.java:log(49)) - 9ec74834-1541-452c-921b-2d323393210f@group-D5ED0AA30690-FOLLOWER: accept PRE_VOTE from 8808acf2-b901-482b-9182-8feecfa28384: our priority 0 <= candidate's priority 1
2024-05-04 14:26:46,603 [grpc-default-executor-3] INFO  server.RaftServer$Division (RaftServerImpl.java:requestVote(1422)) - 9ec74834-1541-452c-921b-2d323393210f@group-D5ED0AA30690 replies to PRE_VOTE vote request: 8808acf2-b901-482b-9182-8feecfa28384<-9ec74834-1541-452c-921b-2d323393210f#0:OK-t0. Peer's state: 9ec74834-1541-452c-921b-2d323393210f@group-D5ED0AA30690:t0, leader=null, voted=, raftlog=Memoized:9ec74834-1541-452c-921b-2d323393210f@group-D5ED0AA30690-SegmentedRaftLog:OPENED:c-1, conf=-1: peers:[8808acf2-b901-482b-9182-8feecfa28384|127.0.0.1:15085, 9ec74834-1541-452c-921b-2d323393210f|127.0.0.1:15076, 83059998-de51-48d1-9818-e6afe7fa3b6f|127.0.0.1:15067]|listeners:[], old=null
2024-05-04 14:26:46,604 [8808acf2-b901-482b-9182-8feecfa28384@group-278816DC67B8-LeaderElection23] INFO  server.RaftServer$Division (ServerState.java:setRaftConf(386)) - 8808acf2-b901-482b-9182-8feecfa28384@group-278816DC67B8: set configuration 0: peers:[8808acf2-b901-482b-9182-8feecfa28384|127.0.0.1:15085]|listeners:[], old=null
2024-05-04 14:26:46,605 [8808acf2-b901-482b-9182-8feecfa28384@group-D5ED0AA30690-LeaderElection22] INFO  impl.LeaderElection (LeaderElection.java:askForVotes(321)) - 8808acf2-b901-482b-9182-8feecfa28384@group-D5ED0AA30690-LeaderElection22 ELECTION round 0: submit vote requests at term 1 for -1: peers:[8808acf2-b901-482b-9182-8feecfa28384|127.0.0.1:15085, 9ec74834-1541-452c-921b-2d323393210f|127.0.0.1:15076, 83059998-de51-48d1-9818-e6afe7fa3b6f|127.0.0.1:15067]|listeners:[], old=null
2024-05-04 14:26:46,606 [83059998-de51-48d1-9818-e6afe7fa3b6f-server-thread1] INFO  ratis.XceiverServerRatis (XceiverServerRatis.java:handleLeaderChangedNotification(966)) - Leader change notification received for group: group-6025E5D5C1B1 with new leaderId: 9ec74834-1541-452c-921b-2d323393210f
2024-05-04 14:26:46,606 [83059998-de51-48d1-9818-e6afe7fa3b6f-server-thread1] INFO  server.RaftServer$Division (ServerState.java:setLeader(269)) - 83059998-de51-48d1-9818-e6afe7fa3b6f@group-6025E5D5C1B1: change Leader from null to 9ec74834-1541-452c-921b-2d323393210f at term 1 for appendEntries, leader elected after 5178ms
2024-05-04 14:26:46,606 [8808acf2-b901-482b-9182-8feecfa28384-server-thread1] INFO  ratis.XceiverServerRatis (XceiverServerRatis.java:handleLeaderChangedNotification(966)) - Leader change notification received for group: group-6025E5D5C1B1 with new leaderId: 9ec74834-1541-452c-921b-2d323393210f
2024-05-04 14:26:46,606 [8808acf2-b901-482b-9182-8feecfa28384-server-thread1] INFO  server.RaftServer$Division (ServerState.java:setLeader(269)) - 8808acf2-b901-482b-9182-8feecfa28384@group-6025E5D5C1B1: change Leader from null to 9ec74834-1541-452c-921b-2d323393210f at term 1 for appendEntries, leader elected after 5191ms
2024-05-04 14:26:46,606 [8808acf2-b901-482b-9182-8feecfa28384-server-thread2] INFO  server.RaftServer$Division (ServerState.java:setRaftConf(386)) - 8808acf2-b901-482b-9182-8feecfa28384@group-6025E5D5C1B1: set configuration 0: peers:[8808acf2-b901-482b-9182-8feecfa28384|127.0.0.1:15085, 9ec74834-1541-452c-921b-2d323393210f|127.0.0.1:15076, 83059998-de51-48d1-9818-e6afe7fa3b6f|127.0.0.1:15067]|listeners:[], old=null
2024-05-04 14:26:46,607 [8808acf2-b901-482b-9182-8feecfa28384-server-thread2] INFO  segmented.SegmentedRaftLogWorker (SegmentedRaftLogWorker.java:startLogSegment(430)) - 8808acf2-b901-482b-9182-8feecfa28384@group-6025E5D5C1B1-SegmentedRaftLogWorker: Starting segment from index:0
2024-05-04 14:26:46,607 [8808acf2-b901-482b-9182-8feecfa28384@group-6025E5D5C1B1-SegmentedRaftLogWorker] INFO  segmented.BufferedWriteChannel (BufferedWriteChannel.java:open(62)) - open log_inprogress_0 at position 0
2024-05-04 14:26:46,608 [8808acf2-b901-482b-9182-8feecfa28384@group-278816DC67B8-SegmentedRaftLogWorker] INFO  segmented.SegmentedRaftLogWorker (SegmentedRaftLogWorker.java:execute(634)) - 8808acf2-b901-482b-9182-8feecfa28384@group-278816DC67B8-SegmentedRaftLogWorker: created new log segment /home/runner/work/ozone/ozone/hadoop-ozone/integration-test/target/test-dir/MiniOzoneClusterImpl-7c905145-d891-4b2f-be71-50eb4aa8551e/ozone-meta/datanode-3/ratis/43a4f918-1f05-4b51-974f-278816dc67b8/current/log_inprogress_0
2024-05-04 14:26:46,610 [83059998-de51-48d1-9818-e6afe7fa3b6f-server-thread2] INFO  server.RaftServer$Division (ServerState.java:setRaftConf(386)) - 83059998-de51-48d1-9818-e6afe7fa3b6f@group-6025E5D5C1B1: set configuration 0: peers:[8808acf2-b901-482b-9182-8feecfa28384|127.0.0.1:15085, 9ec74834-1541-452c-921b-2d323393210f|127.0.0.1:15076, 83059998-de51-48d1-9818-e6afe7fa3b6f|127.0.0.1:15067]|listeners:[], old=null
2024-05-04 14:26:46,610 [83059998-de51-48d1-9818-e6afe7fa3b6f-server-thread2] INFO  segmented.SegmentedRaftLogWorker (SegmentedRaftLogWorker.java:startLogSegment(430)) - 83059998-de51-48d1-9818-e6afe7fa3b6f@group-6025E5D5C1B1-SegmentedRaftLogWorker: Starting segment from index:0
2024-05-04 14:26:46,610 [83059998-de51-48d1-9818-e6afe7fa3b6f@group-6025E5D5C1B1-SegmentedRaftLogWorker] INFO  segmented.BufferedWriteChannel (BufferedWriteChannel.java:open(62)) - open log_inprogress_0 at position 0
2024-05-04 14:26:46,612 [8808acf2-b901-482b-9182-8feecfa28384@group-D5ED0AA30690-LeaderElection22] INFO  server.RaftServerConfigKeys (ConfUtils.java:logFallback(53)) - raft.server.rpc.first-election.timeout.min = 5s (fallback to raft.server.rpc.timeout.min)
2024-05-04 14:26:46,612 [8808acf2-b901-482b-9182-8feecfa28384@group-D5ED0AA30690-LeaderElection22] INFO  server.RaftServerConfigKeys (ConfUtils.java:logFallback(53)) - raft.server.rpc.first-election.timeout.max = 5200ms (fallback to raft.server.rpc.timeout.max)
2024-05-04 14:26:46,613 [grpc-default-executor-4] INFO  server.RaftServer$Division (RaftServerImpl.java:requestVote(1389)) - 83059998-de51-48d1-9818-e6afe7fa3b6f@group-D5ED0AA30690: receive requestVote(ELECTION, 8808acf2-b901-482b-9182-8feecfa28384, group-D5ED0AA30690, 1, (t:0, i:0))
2024-05-04 14:26:46,614 [grpc-default-executor-4] INFO  impl.VoteContext (VoteContext.java:log(49)) - 83059998-de51-48d1-9818-e6afe7fa3b6f@group-D5ED0AA30690-FOLLOWER: accept ELECTION from 8808acf2-b901-482b-9182-8feecfa28384: our priority 0 <= candidate's priority 1
2024-05-04 14:26:46,614 [grpc-default-executor-0] INFO  server.RaftServer$Division (RaftServerImpl.java:requestVote(1389)) - 9ec74834-1541-452c-921b-2d323393210f@group-D5ED0AA30690: receive requestVote(ELECTION, 8808acf2-b901-482b-9182-8feecfa28384, group-D5ED0AA30690, 1, (t:0, i:0))
2024-05-04 14:26:46,614 [grpc-default-executor-0] INFO  impl.VoteContext (VoteContext.java:log(49)) - 9ec74834-1541-452c-921b-2d323393210f@group-D5ED0AA30690-FOLLOWER: accept ELECTION from 8808acf2-b901-482b-9182-8feecfa28384: our priority 0 <= candidate's priority 1
2024-05-04 14:26:46,614 [grpc-default-executor-0] INFO  server.RaftServer$Division (RaftServerImpl.java:setRole(383)) - 9ec74834-1541-452c-921b-2d323393210f@group-D5ED0AA30690: changes role from  FOLLOWER to FOLLOWER at term 1 for candidate:8808acf2-b901-482b-9182-8feecfa28384
2024-05-04 14:26:46,614 [grpc-default-executor-0] INFO  impl.RoleInfo (RoleInfo.java:shutdownFollowerState(110)) - 9ec74834-1541-452c-921b-2d323393210f: shutdown 9ec74834-1541-452c-921b-2d323393210f@group-D5ED0AA30690-FollowerState
2024-05-04 14:26:46,614 [grpc-default-executor-0] INFO  impl.RoleInfo (RoleInfo.java:updateAndGet(139)) - 9ec74834-1541-452c-921b-2d323393210f: start 9ec74834-1541-452c-921b-2d323393210f@group-D5ED0AA30690-FollowerState
2024-05-04 14:26:46,614 [9ec74834-1541-452c-921b-2d323393210f@group-D5ED0AA30690-FollowerState] INFO  impl.FollowerState (FollowerState.java:run(152)) - 9ec74834-1541-452c-921b-2d323393210f@group-D5ED0AA30690-FollowerState was interrupted
2024-05-04 14:26:46,614 [grpc-default-executor-4] INFO  server.RaftServer$Division (RaftServerImpl.java:setRole(383)) - 83059998-de51-48d1-9818-e6afe7fa3b6f@group-D5ED0AA30690: changes role from  FOLLOWER to FOLLOWER at term 1 for candidate:8808acf2-b901-482b-9182-8feecfa28384
2024-05-04 14:26:46,614 [grpc-default-executor-4] INFO  impl.RoleInfo (RoleInfo.java:shutdownFollowerState(110)) - 83059998-de51-48d1-9818-e6afe7fa3b6f: shutdown 83059998-de51-48d1-9818-e6afe7fa3b6f@group-D5ED0AA30690-FollowerState
2024-05-04 14:26:46,615 [grpc-default-executor-4] INFO  impl.RoleInfo (RoleInfo.java:updateAndGet(139)) - 83059998-de51-48d1-9818-e6afe7fa3b6f: start 83059998-de51-48d1-9818-e6afe7fa3b6f@group-D5ED0AA30690-FollowerState
2024-05-04 14:26:46,615 [83059998-de51-48d1-9818-e6afe7fa3b6f@group-D5ED0AA30690-FollowerState] INFO  impl.FollowerState (FollowerState.java:run(152)) - 83059998-de51-48d1-9818-e6afe7fa3b6f@group-D5ED0AA30690-FollowerState was interrupted
2024-05-04 14:26:46,615 [grpc-default-executor-4] INFO  server.RaftServer$Division (RaftServerImpl.java:setFirstElection(574)) - 83059998-de51-48d1-9818-e6afe7fa3b6f@group-D5ED0AA30690: set firstElectionSinceStartup to false for candidate:8808acf2-b901-482b-9182-8feecfa28384
2024-05-04 14:26:46,618 [8808acf2-b901-482b-9182-8feecfa28384@group-278816DC67B8-StateMachineUpdater] INFO  server.RaftServer$Division (LeaderStateImpl.java:isApplied(320)) - leader is ready since appliedIndex == 0 >= startIndex == 0
2024-05-04 14:26:46,618 [8808acf2-b901-482b-9182-8feecfa28384@group-6025E5D5C1B1-SegmentedRaftLogWorker] INFO  segmented.SegmentedRaftLogWorker (SegmentedRaftLogWorker.java:execute(634)) - 8808acf2-b901-482b-9182-8feecfa28384@group-6025E5D5C1B1-SegmentedRaftLogWorker: created new log segment /home/runner/work/ozone/ozone/hadoop-ozone/integration-test/target/test-dir/MiniOzoneClusterImpl-7c905145-d891-4b2f-be71-50eb4aa8551e/ozone-meta/datanode-3/ratis/662b2c8d-8f14-41d3-87b4-6025e5d5c1b1/current/log_inprogress_0
2024-05-04 14:26:46,618 [83059998-de51-48d1-9818-e6afe7fa3b6f@group-6025E5D5C1B1-SegmentedRaftLogWorker] INFO  segmented.SegmentedRaftLogWorker (SegmentedRaftLogWorker.java:execute(634)) - 83059998-de51-48d1-9818-e6afe7fa3b6f@group-6025E5D5C1B1-SegmentedRaftLogWorker: created new log segment /home/runner/work/ozone/ozone/hadoop-ozone/integration-test/target/test-dir/MiniOzoneClusterImpl-7c905145-d891-4b2f-be71-50eb4aa8551e/ozone-meta/datanode-1/ratis/662b2c8d-8f14-41d3-87b4-6025e5d5c1b1/current/log_inprogress_0
2024-05-04 14:26:46,620 [grpc-default-executor-0] INFO  server.RaftServer$Division (RaftServerImpl.java:requestVote(1422)) - 9ec74834-1541-452c-921b-2d323393210f@group-D5ED0AA30690 replies to ELECTION vote request: 8808acf2-b901-482b-9182-8feecfa28384<-9ec74834-1541-452c-921b-2d323393210f#0:OK-t1. Peer's state: 9ec74834-1541-452c-921b-2d323393210f@group-D5ED0AA30690:t1, leader=null, voted=8808acf2-b901-482b-9182-8feecfa28384, raftlog=Memoized:9ec74834-1541-452c-921b-2d323393210f@group-D5ED0AA30690-SegmentedRaftLog:OPENED:c-1, conf=-1: peers:[8808acf2-b901-482b-9182-8feecfa28384|127.0.0.1:15085, 9ec74834-1541-452c-921b-2d323393210f|127.0.0.1:15076, 83059998-de51-48d1-9818-e6afe7fa3b6f|127.0.0.1:15067]|listeners:[], old=null
2024-05-04 14:26:46,620 [grpc-default-executor-4] INFO  server.RaftServer$Division (RaftServerImpl.java:requestVote(1422)) - 83059998-de51-48d1-9818-e6afe7fa3b6f@group-D5ED0AA30690 replies to ELECTION vote request: 8808acf2-b901-482b-9182-8feecfa28384<-83059998-de51-48d1-9818-e6afe7fa3b6f#0:OK-t1. Peer's state: 83059998-de51-48d1-9818-e6afe7fa3b6f@group-D5ED0AA30690:t1, leader=null, voted=8808acf2-b901-482b-9182-8feecfa28384, raftlog=Memoized:83059998-de51-48d1-9818-e6afe7fa3b6f@group-D5ED0AA30690-SegmentedRaftLog:OPENED:c-1, conf=-1: peers:[8808acf2-b901-482b-9182-8feecfa28384|127.0.0.1:15085, 9ec74834-1541-452c-921b-2d323393210f|127.0.0.1:15076, 83059998-de51-48d1-9818-e6afe7fa3b6f|127.0.0.1:15067]|listeners:[], old=null
2024-05-04 14:26:46,621 [9ec74834-1541-452c-921b-2d323393210f@group-6025E5D5C1B1-StateMachineUpdater] INFO  server.RaftServer$Division (LeaderStateImpl.java:isApplied(320)) - leader is ready since appliedIndex == 0 >= startIndex == 0
2024-05-04 14:26:46,621 [8808acf2-b901-482b-9182-8feecfa28384@group-D5ED0AA30690-LeaderElection22] INFO  impl.LeaderElection (LeaderElection.java:logAndReturn(89)) - 8808acf2-b901-482b-9182-8feecfa28384@group-D5ED0AA30690-LeaderElection22: ELECTION PASSED received 1 response(s) and 0 exception(s):
2024-05-04 14:26:46,621 [8808acf2-b901-482b-9182-8feecfa28384@group-D5ED0AA30690-LeaderElection22] INFO  impl.LeaderElection (LeaderElection.java:logAndReturn(93)) -   Response 0: 8808acf2-b901-482b-9182-8feecfa28384<-83059998-de51-48d1-9818-e6afe7fa3b6f#0:OK-t1
2024-05-04 14:26:46,621 [8808acf2-b901-482b-9182-8feecfa28384@group-D5ED0AA30690-LeaderElection22] INFO  impl.LeaderElection (LeaderElection.java:askForVotes(323)) - 8808acf2-b901-482b-9182-8feecfa28384@group-D5ED0AA30690-LeaderElection22 ELECTION round 0: result PASSED
2024-05-04 14:26:46,621 [8808acf2-b901-482b-9182-8feecfa28384@group-D5ED0AA30690-LeaderElection22] INFO  impl.RoleInfo (RoleInfo.java:shutdownLeaderElection(130)) - 8808acf2-b901-482b-9182-8feecfa28384: shutdown 8808acf2-b901-482b-9182-8feecfa28384@group-D5ED0AA30690-LeaderElection22
2024-05-04 14:26:46,621 [8808acf2-b901-482b-9182-8feecfa28384@group-D5ED0AA30690-LeaderElection22] INFO  server.RaftServer$Division (RaftServerImpl.java:setRole(383)) - 8808acf2-b901-482b-9182-8feecfa28384@group-D5ED0AA30690: changes role from CANDIDATE to LEADER at term 1 for changeToLeader
2024-05-04 14:26:46,621 [8808acf2-b901-482b-9182-8feecfa28384@group-D5ED0AA30690-LeaderElection22] INFO  server.RaftServerConfigKeys (ConfUtils.java:logGet(46)) - raft.server.staging.catchup.gap = 1000 (default)
2024-05-04 14:26:46,622 [8808acf2-b901-482b-9182-8feecfa28384@group-D5ED0AA30690-LeaderElection22] INFO  server.RaftServerConfigKeys (ConfUtils.java:logGet(46)) - raft.server.write.element-limit = 1024 (custom)
2024-05-04 14:26:46,622 [8808acf2-b901-482b-9182-8feecfa28384@group-D5ED0AA30690-LeaderElection22] INFO  server.RaftServerConfigKeys (ConfUtils.java:logGet(46)) - raft.server.write.byte-limit = 1024 M (=1073741824) (custom)
2024-05-04 14:26:46,622 [8808acf2-b901-482b-9182-8feecfa28384@group-D5ED0AA30690-LeaderElection22] INFO  server.RaftServerConfigKeys (ConfUtils.java:logGet(46)) - raft.server.watch.timeout = 3000ms (custom)
2024-05-04 14:26:46,622 [8808acf2-b901-482b-9182-8feecfa28384@group-D5ED0AA30690-LeaderElection22] INFO  server.RaftServerConfigKeys (ConfUtils.java:logGet(46)) - raft.server.watch.timeout.denomination = 1s (default)
2024-05-04 14:26:46,622 [8808acf2-b901-482b-9182-8feecfa28384@group-D5ED0AA30690-LeaderElection22] INFO  server.RaftServerConfigKeys (ConfUtils.java:logGet(46)) - raft.server.watch.element-limit = 65536 (default)
2024-05-04 14:26:46,622 [8808acf2-b901-482b-9182-8feecfa28384@group-D5ED0AA30690-LeaderElection22] INFO  server.RaftServerConfigKeys (ConfUtils.java:logGet(46)) - raft.server.read.leader.lease.enabled = false (default)
2024-05-04 14:26:46,622 [8808acf2-b901-482b-9182-8feecfa28384@group-D5ED0AA30690-LeaderElection22] INFO  server.RaftServerConfigKeys (ConfUtils.java:logGet(46)) - raft.server.read.leader.lease.timeout.ratio = 0.9 (default)
2024-05-04 14:26:46,622 [8808acf2-b901-482b-9182-8feecfa28384@group-D5ED0AA30690-LeaderElection22] INFO  server.RaftServerConfigKeys (ConfUtils.java:logGet(46)) - raft.server.rpc.timeout.min = 5s (custom)
2024-05-04 14:26:46,622 [8808acf2-b901-482b-9182-8feecfa28384@group-D5ED0AA30690-LeaderElection22] INFO  server.RaftServerConfigKeys (ConfUtils.java:logGet(46)) - raft.server.write.element-limit = 1024 (custom)
2024-05-04 14:26:46,622 [8808acf2-b901-482b-9182-8feecfa28384@group-D5ED0AA30690-LeaderElection22] INFO  server.RaftServerConfigKeys (ConfUtils.java:logGet(46)) - raft.server.write.follower.gap.ratio.max = -1.0 (default)
2024-05-04 14:26:46,623 [8808acf2-b901-482b-9182-8feecfa28384@group-D5ED0AA30690-LeaderElection22] INFO  server.RaftServerConfigKeys (ConfUtils.java:logGet(46)) - raft.server.log.appender.snapshot.chunk.size.max = 16MB (=16777216) (default)
2024-05-04 14:26:46,623 [8808acf2-b901-482b-9182-8feecfa28384@group-D5ED0AA30690-LeaderElection22] INFO  server.RaftServerConfigKeys (ConfUtils.java:logGet(46)) - raft.server.log.appender.buffer.byte-limit = 8388608 (custom)
2024-05-04 14:26:46,623 [8808acf2-b901-482b-9182-8feecfa28384@group-D5ED0AA30690-LeaderElection22] INFO  server.RaftServerConfigKeys (ConfUtils.java:logGet(46)) - raft.server.log.appender.buffer.element-limit = 1 (custom)
2024-05-04 14:26:46,623 [8808acf2-b901-482b-9182-8feecfa28384@group-D5ED0AA30690-LeaderElection22] INFO  server.RaftServerConfigKeys (ConfUtils.java:logGet(46)) - raft.server.log.appender.wait-time.min = 0ms (custom)
2024-05-04 14:26:46,623 [8808acf2-b901-482b-9182-8feecfa28384@group-D5ED0AA30690-LeaderElection22] INFO  grpc.GrpcConfigKeys (ConfUtils.java:logGet(46)) - raft.grpc.server.leader.outstanding.appends.max = 8 (default)
2024-05-04 14:26:46,623 [8808acf2-b901-482b-9182-8feecfa28384@group-D5ED0AA30690-LeaderElection22] INFO  server.RaftServerConfigKeys (ConfUtils.java:logGet(46)) - raft.server.rpc.request.timeout = 3000ms (default)
2024-05-04 14:26:46,623 [8808acf2-b901-482b-9182-8feecfa28384@group-D5ED0AA30690-LeaderElection22] INFO  grpc.GrpcConfigKeys (ConfUtils.java:logGet(46)) - raft.grpc.server.install_snapshot.request.element-limit = 8 (default)
2024-05-04 14:26:46,623 [8808acf2-b901-482b-9182-8feecfa28384@group-D5ED0AA30690-LeaderElection22] INFO  grpc.GrpcConfigKeys (ConfUtils.java:logGet(46)) - raft.grpc.server.install_snapshot.request.timeout = 3000ms (default)
2024-05-04 14:26:46,623 [8808acf2-b901-482b-9182-8feecfa28384@group-D5ED0AA30690-LeaderElection22] INFO  grpc.GrpcConfigKeys (ConfUtils.java:logGet(46)) - raft.grpc.server.log-message.batch.duration = 5s (default)
2024-05-04 14:26:46,623 [8808acf2-b901-482b-9182-8feecfa28384@group-D5ED0AA30690-LeaderElection22] INFO  server.RaftServerConfigKeys (ConfUtils.java:logGet(46)) - raft.server.log.appender.install.snapshot.enabled = false (custom)
2024-05-04 14:26:46,623 [8808acf2-b901-482b-9182-8feecfa28384@group-D5ED0AA30690-LeaderElection22] INFO  grpc.GrpcConfigKeys (ConfUtils.java:logGet(46)) - raft.grpc.server.heartbeat.channel = true (default)
2024-05-04 14:26:46,624 [8808acf2-b901-482b-9182-8feecfa28384@group-D5ED0AA30690-LeaderElection22] INFO  server.RaftServerConfigKeys (ConfUtils.java:logGet(46)) - raft.server.log.appender.snapshot.chunk.size.max = 16MB (=16777216) (default)
2024-05-04 14:26:46,624 [8808acf2-b901-482b-9182-8feecfa28384@group-D5ED0AA30690-LeaderElection22] INFO  server.RaftServerConfigKeys (ConfUtils.java:logGet(46)) - raft.server.log.appender.buffer.byte-limit = 8388608 (custom)
2024-05-04 14:26:46,624 [8808acf2-b901-482b-9182-8feecfa28384@group-D5ED0AA30690-LeaderElection22] INFO  server.RaftServerConfigKeys (ConfUtils.java:logGet(46)) - raft.server.log.appender.buffer.element-limit = 1 (custom)
2024-05-04 14:26:46,624 [8808acf2-b901-482b-9182-8feecfa28384@group-D5ED0AA30690-LeaderElection22] INFO  server.RaftServerConfigKeys (ConfUtils.java:logGet(46)) - raft.server.log.appender.wait-time.min = 0ms (custom)
2024-05-04 14:26:46,624 [8808acf2-b901-482b-9182-8feecfa28384@group-D5ED0AA30690-LeaderElection22] INFO  grpc.GrpcConfigKeys (ConfUtils.java:logGet(46)) - raft.grpc.server.leader.outstanding.appends.max = 8 (default)
2024-05-04 14:26:46,625 [8808acf2-b901-482b-9182-8feecfa28384@group-D5ED0AA30690-LeaderElection22] INFO  server.RaftServerConfigKeys (ConfUtils.java:logGet(46)) - raft.server.rpc.request.timeout = 3000ms (default)
2024-05-04 14:26:46,625 [8808acf2-b901-482b-9182-8feecfa28384@group-D5ED0AA30690-LeaderElection22] INFO  grpc.GrpcConfigKeys (ConfUtils.java:logGet(46)) - raft.grpc.server.install_snapshot.request.element-limit = 8 (default)
2024-05-04 14:26:46,625 [8808acf2-b901-482b-9182-8feecfa28384@group-D5ED0AA30690-LeaderElection22] INFO  grpc.GrpcConfigKeys (ConfUtils.java:logGet(46)) - raft.grpc.server.install_snapshot.request.timeout = 3000ms (default)
2024-05-04 14:26:46,625 [8808acf2-b901-482b-9182-8feecfa28384@group-D5ED0AA30690-LeaderElection22] INFO  grpc.GrpcConfigKeys (ConfUtils.java:logGet(46)) - raft.grpc.server.log-message.batch.duration = 5s (default)
2024-05-04 14:26:46,625 [8808acf2-b901-482b-9182-8feecfa28384@group-D5ED0AA30690-LeaderElection22] INFO  server.RaftServerConfigKeys (ConfUtils.java:logGet(46)) - raft.server.log.appender.install.snapshot.enabled = false (custom)
2024-05-04 14:26:46,625 [8808acf2-b901-482b-9182-8feecfa28384@group-D5ED0AA30690-LeaderElection22] INFO  grpc.GrpcConfigKeys (ConfUtils.java:logGet(46)) - raft.grpc.server.heartbeat.channel = true (default)
2024-05-04 14:26:46,625 [8808acf2-b901-482b-9182-8feecfa28384@group-D5ED0AA30690-LeaderElection22] INFO  impl.RoleInfo (RoleInfo.java:updateAndGet(139)) - 8808acf2-b901-482b-9182-8feecfa28384: start 8808acf2-b901-482b-9182-8feecfa28384@group-D5ED0AA30690-LeaderStateImpl
2024-05-04 14:26:46,625 [8808acf2-b901-482b-9182-8feecfa28384@group-D5ED0AA30690-LeaderElection22] INFO  server.RaftServer$Division (RaftServerImpl.java:setFirstElection(574)) - 8808acf2-b901-482b-9182-8feecfa28384@group-D5ED0AA30690: set firstElectionSinceStartup to false for becomeLeader
2024-05-04 14:26:46,625 [8808acf2-b901-482b-9182-8feecfa28384@group-D5ED0AA30690-LeaderElection22] INFO  ratis.XceiverServerRatis (XceiverServerRatis.java:handleLeaderChangedNotification(966)) - Leader change notification received for group: group-D5ED0AA30690 with new leaderId: 8808acf2-b901-482b-9182-8feecfa28384
2024-05-04 14:26:46,626 [8808acf2-b901-482b-9182-8feecfa28384@group-D5ED0AA30690-LeaderElection22] INFO  server.RaftServer$Division (ServerState.java:setLeader(269)) - 8808acf2-b901-482b-9182-8feecfa28384@group-D5ED0AA30690: change Leader from null to 8808acf2-b901-482b-9182-8feecfa28384 at term 1 for becomeLeader, leader elected after 5250ms
2024-05-04 14:26:46,627 [EventQueue-PipelineReportForPipelineReportHandler] INFO  pipeline.PipelineReportHandler (PipelineReportHandler.java:processPipelineReport(136)) - Opened pipeline PipelineID=58634f81-2263-4b6f-9c6a-d5ed0aa30690
2024-05-04 14:26:46,628 [8808acf2-b901-482b-9182-8feecfa28384@group-D5ED0AA30690-LeaderElection22] INFO  segmented.SegmentedRaftLogWorker (SegmentedRaftLogWorker.java:startLogSegment(430)) - 8808acf2-b901-482b-9182-8feecfa28384@group-D5ED0AA30690-SegmentedRaftLogWorker: Starting segment from index:0
2024-05-04 14:26:46,628 [8808acf2-b901-482b-9182-8feecfa28384@group-D5ED0AA30690-LeaderElection22] INFO  server.RaftServer$Division (ServerState.java:setRaftConf(386)) - 8808acf2-b901-482b-9182-8feecfa28384@group-D5ED0AA30690: set configuration 0: peers:[8808acf2-b901-482b-9182-8feecfa28384|127.0.0.1:15085, 9ec74834-1541-452c-921b-2d323393210f|127.0.0.1:15076, 83059998-de51-48d1-9818-e6afe7fa3b6f|127.0.0.1:15067]|listeners:[], old=null
2024-05-04 14:26:46,628 [8808acf2-b901-482b-9182-8feecfa28384@group-D5ED0AA30690-SegmentedRaftLogWorker] INFO  segmented.BufferedWriteChannel (BufferedWriteChannel.java:open(62)) - open log_inprogress_0 at position 0
2024-05-04 14:26:46,629 [ccbd6c79-39e6-4e91-99a9-9b6c204b47e9@group-B8816B9210C0-FollowerState] INFO  impl.FollowerState (FollowerState.java:run(143)) - ccbd6c79-39e6-4e91-99a9-9b6c204b47e9@group-B8816B9210C0-FollowerState: change to CANDIDATE, lastRpcElapsedTime:5079065045ns, electionTimeout:5074ms
2024-05-04 14:26:46,629 [ccbd6c79-39e6-4e91-99a9-9b6c204b47e9@group-B8816B9210C0-FollowerState] INFO  impl.RoleInfo (RoleInfo.java:shutdownFollowerState(110)) - ccbd6c79-39e6-4e91-99a9-9b6c204b47e9: shutdown ccbd6c79-39e6-4e91-99a9-9b6c204b47e9@group-B8816B9210C0-FollowerState
2024-05-04 14:26:46,629 [ccbd6c79-39e6-4e91-99a9-9b6c204b47e9@group-B8816B9210C0-FollowerState] INFO  server.RaftServer$Division (RaftServerImpl.java:setRole(383)) - ccbd6c79-39e6-4e91-99a9-9b6c204b47e9@group-B8816B9210C0: changes role from  FOLLOWER to CANDIDATE at term 0 for changeToCandidate
2024-05-04 14:26:46,629 [ccbd6c79-39e6-4e91-99a9-9b6c204b47e9@group-B8816B9210C0-FollowerState] INFO  server.RaftServerConfigKeys (ConfUtils.java:logGet(46)) - raft.server.leaderelection.pre-vote = true (default)
2024-05-04 14:26:46,629 [ccbd6c79-39e6-4e91-99a9-9b6c204b47e9@group-B8816B9210C0-FollowerState] INFO  impl.RoleInfo (RoleInfo.java:updateAndGet(139)) - ccbd6c79-39e6-4e91-99a9-9b6c204b47e9: start ccbd6c79-39e6-4e91-99a9-9b6c204b47e9@group-B8816B9210C0-LeaderElection24
2024-05-04 14:26:46,629 [ccbd6c79-39e6-4e91-99a9-9b6c204b47e9@group-B8816B9210C0-LeaderElection24] INFO  impl.LeaderElection (LeaderElection.java:askForVotes(321)) - ccbd6c79-39e6-4e91-99a9-9b6c204b47e9@group-B8816B9210C0-LeaderElection24 PRE_VOTE round 0: submit vote requests at term 0 for -1: peers:[ccbd6c79-39e6-4e91-99a9-9b6c204b47e9|127.0.0.1:15094]|listeners:[], old=null
2024-05-04 14:26:46,629 [ccbd6c79-39e6-4e91-99a9-9b6c204b47e9@group-B8816B9210C0-LeaderElection24] INFO  impl.LeaderElection (LeaderElection.java:askForVotes(323)) - ccbd6c79-39e6-4e91-99a9-9b6c204b47e9@group-B8816B9210C0-LeaderElection24 PRE_VOTE round 0: result PASSED (term=0)
2024-05-04 14:26:46,631 [ccbd6c79-39e6-4e91-99a9-9b6c204b47e9@group-B8816B9210C0-LeaderElection24] INFO  impl.LeaderElection (LeaderElection.java:askForVotes(321)) - ccbd6c79-39e6-4e91-99a9-9b6c204b47e9@group-B8816B9210C0-LeaderElection24 ELECTION round 0: submit vote requests at term 1 for -1: peers:[ccbd6c79-39e6-4e91-99a9-9b6c204b47e9|127.0.0.1:15094]|listeners:[], old=null
2024-05-04 14:26:46,631 [ccbd6c79-39e6-4e91-99a9-9b6c204b47e9@group-B8816B9210C0-LeaderElection24] INFO  impl.LeaderElection (LeaderElection.java:askForVotes(323)) - ccbd6c79-39e6-4e91-99a9-9b6c204b47e9@group-B8816B9210C0-LeaderElection24 ELECTION round 0: result PASSED (term=1)
2024-05-04 14:26:46,631 [ccbd6c79-39e6-4e91-99a9-9b6c204b47e9@group-B8816B9210C0-LeaderElection24] INFO  impl.RoleInfo (RoleInfo.java:shutdownLeaderElection(130)) - ccbd6c79-39e6-4e91-99a9-9b6c204b47e9: shutdown ccbd6c79-39e6-4e91-99a9-9b6c204b47e9@group-B8816B9210C0-LeaderElection24
2024-05-04 14:26:46,631 [ccbd6c79-39e6-4e91-99a9-9b6c204b47e9@group-B8816B9210C0-LeaderElection24] INFO  server.RaftServer$Division (RaftServerImpl.java:setRole(383)) - ccbd6c79-39e6-4e91-99a9-9b6c204b47e9@group-B8816B9210C0: changes role from CANDIDATE to LEADER at term 1 for changeToLeader
2024-05-04 14:26:46,631 [ccbd6c79-39e6-4e91-99a9-9b6c204b47e9@group-B8816B9210C0-LeaderElection24] INFO  server.RaftServerConfigKeys (ConfUtils.java:logGet(46)) - raft.server.staging.catchup.gap = 1000 (default)
2024-05-04 14:26:46,631 [ccbd6c79-39e6-4e91-99a9-9b6c204b47e9@group-B8816B9210C0-LeaderElection24] INFO  server.RaftServerConfigKeys (ConfUtils.java:logGet(46)) - raft.server.write.element-limit = 1024 (custom)
2024-05-04 14:26:46,631 [ccbd6c79-39e6-4e91-99a9-9b6c204b47e9@group-B8816B9210C0-LeaderElection24] INFO  server.RaftServerConfigKeys (ConfUtils.java:logGet(46)) - raft.server.write.byte-limit = 1024 M (=1073741824) (custom)
2024-05-04 14:26:46,632 [ccbd6c79-39e6-4e91-99a9-9b6c204b47e9@group-B8816B9210C0-LeaderElection24] INFO  server.RaftServerConfigKeys (ConfUtils.java:logGet(46)) - raft.server.watch.timeout = 3000ms (custom)
2024-05-04 14:26:46,632 [ccbd6c79-39e6-4e91-99a9-9b6c204b47e9@group-B8816B9210C0-LeaderElection24] INFO  server.RaftServerConfigKeys (ConfUtils.java:logGet(46)) - raft.server.watch.timeout.denomination = 1s (default)
2024-05-04 14:26:46,632 [ccbd6c79-39e6-4e91-99a9-9b6c204b47e9@group-B8816B9210C0-LeaderElection24] INFO  server.RaftServerConfigKeys (ConfUtils.java:logGet(46)) - raft.server.watch.element-limit = 65536 (default)
2024-05-04 14:26:46,632 [ccbd6c79-39e6-4e91-99a9-9b6c204b47e9@group-B8816B9210C0-LeaderElection24] INFO  server.RaftServerConfigKeys (ConfUtils.java:logGet(46)) - raft.server.read.leader.lease.enabled = false (default)
2024-05-04 14:26:46,632 [ccbd6c79-39e6-4e91-99a9-9b6c204b47e9@group-B8816B9210C0-LeaderElection24] INFO  server.RaftServerConfigKeys (ConfUtils.java:logGet(46)) - raft.server.read.leader.lease.timeout.ratio = 0.9 (default)
2024-05-04 14:26:46,632 [ccbd6c79-39e6-4e91-99a9-9b6c204b47e9@group-B8816B9210C0-LeaderElection24] INFO  server.RaftServerConfigKeys (ConfUtils.java:logGet(46)) - raft.server.rpc.timeout.min = 5s (custom)
2024-05-04 14:26:46,632 [ccbd6c79-39e6-4e91-99a9-9b6c204b47e9@group-B8816B9210C0-LeaderElection24] INFO  server.RaftServerConfigKeys (ConfUtils.java:logGet(46)) - raft.server.write.element-limit = 1024 (custom)
2024-05-04 14:26:46,632 [ccbd6c79-39e6-4e91-99a9-9b6c204b47e9@group-B8816B9210C0-LeaderElection24] INFO  server.RaftServerConfigKeys (ConfUtils.java:logGet(46)) - raft.server.write.follower.gap.ratio.max = -1.0 (default)
2024-05-04 14:26:46,632 [ccbd6c79-39e6-4e91-99a9-9b6c204b47e9@group-B8816B9210C0-LeaderElection24] INFO  impl.RoleInfo (RoleInfo.java:updateAndGet(139)) - ccbd6c79-39e6-4e91-99a9-9b6c204b47e9: start ccbd6c79-39e6-4e91-99a9-9b6c204b47e9@group-B8816B9210C0-LeaderStateImpl
2024-05-04 14:26:46,632 [ccbd6c79-39e6-4e91-99a9-9b6c204b47e9@group-B8816B9210C0-LeaderElection24] INFO  server.RaftServer$Division (RaftServerImpl.java:setFirstElection(574)) - ccbd6c79-39e6-4e91-99a9-9b6c204b47e9@group-B8816B9210C0: set firstElectionSinceStartup to false for becomeLeader
2024-05-04 14:26:46,633 [ccbd6c79-39e6-4e91-99a9-9b6c204b47e9@group-B8816B9210C0-LeaderElection24] INFO  ratis.XceiverServerRatis (XceiverServerRatis.java:handleLeaderChangedNotification(966)) - Leader change notification received for group: group-B8816B9210C0 with new leaderId: ccbd6c79-39e6-4e91-99a9-9b6c204b47e9
2024-05-04 14:26:46,633 [ccbd6c79-39e6-4e91-99a9-9b6c204b47e9@group-B8816B9210C0-LeaderElection24] INFO  server.RaftServer$Division (ServerState.java:setLeader(269)) - ccbd6c79-39e6-4e91-99a9-9b6c204b47e9@group-B8816B9210C0: change Leader from null to ccbd6c79-39e6-4e91-99a9-9b6c204b47e9 at term 1 for becomeLeader, leader elected after 5129ms
2024-05-04 14:26:46,633 [ccbd6c79-39e6-4e91-99a9-9b6c204b47e9@group-B8816B9210C0-LeaderElection24] INFO  segmented.SegmentedRaftLogWorker (SegmentedRaftLogWorker.java:startLogSegment(430)) - ccbd6c79-39e6-4e91-99a9-9b6c204b47e9@group-B8816B9210C0-SegmentedRaftLogWorker: Starting segment from index:0
2024-05-04 14:26:46,633 [ccbd6c79-39e6-4e91-99a9-9b6c204b47e9@group-B8816B9210C0-SegmentedRaftLogWorker] INFO  segmented.BufferedWriteChannel (BufferedWriteChannel.java:open(62)) - open log_inprogress_0 at position 0
2024-05-04 14:26:46,636 [ccbd6c79-39e6-4e91-99a9-9b6c204b47e9@group-B8816B9210C0-LeaderElection24] INFO  server.RaftServer$Division (ServerState.java:setRaftConf(386)) - ccbd6c79-39e6-4e91-99a9-9b6c204b47e9@group-B8816B9210C0: set configuration 0: peers:[ccbd6c79-39e6-4e91-99a9-9b6c204b47e9|127.0.0.1:15094]|listeners:[], old=null
2024-05-04 14:26:46,637 [9ec74834-1541-452c-921b-2d323393210f-server-thread1] INFO  ratis.XceiverServerRatis (XceiverServerRatis.java:handleLeaderChangedNotification(966)) - Leader change notification received for group: group-D5ED0AA30690 with new leaderId: 8808acf2-b901-482b-9182-8feecfa28384
2024-05-04 14:26:46,637 [9ec74834-1541-452c-921b-2d323393210f-server-thread1] INFO  server.RaftServer$Division (ServerState.java:setLeader(269)) - 9ec74834-1541-452c-921b-2d323393210f@group-D5ED0AA30690: change Leader from null to 8808acf2-b901-482b-9182-8feecfa28384 at term 1 for appendEntries, leader elected after 5308ms
2024-05-04 14:26:46,638 [8808acf2-b901-482b-9182-8feecfa28384@group-D5ED0AA30690-SegmentedRaftLogWorker] INFO  segmented.SegmentedRaftLogWorker (SegmentedRaftLogWorker.java:execute(634)) - 8808acf2-b901-482b-9182-8feecfa28384@group-D5ED0AA30690-SegmentedRaftLogWorker: created new log segment /home/runner/work/ozone/ozone/hadoop-ozone/integration-test/target/test-dir/MiniOzoneClusterImpl-7c905145-d891-4b2f-be71-50eb4aa8551e/ozone-meta/datanode-3/ratis/58634f81-2263-4b6f-9c6a-d5ed0aa30690/current/log_inprogress_0
2024-05-04 14:26:46,642 [ccbd6c79-39e6-4e91-99a9-9b6c204b47e9@group-B8816B9210C0-SegmentedRaftLogWorker] INFO  segmented.SegmentedRaftLogWorker (SegmentedRaftLogWorker.java:execute(634)) - ccbd6c79-39e6-4e91-99a9-9b6c204b47e9@group-B8816B9210C0-SegmentedRaftLogWorker: created new log segment /home/runner/work/ozone/ozone/hadoop-ozone/integration-test/target/test-dir/MiniOzoneClusterImpl-7c905145-d891-4b2f-be71-50eb4aa8551e/ozone-meta/datanode-4/ratis/dece958d-b9b2-4b60-a8cd-b8816b9210c0/current/log_inprogress_0
2024-05-04 14:26:46,642 [9ec74834-1541-452c-921b-2d323393210f-server-thread3] INFO  server.RaftServer$Division (ServerState.java:setRaftConf(386)) - 9ec74834-1541-452c-921b-2d323393210f@group-D5ED0AA30690: set configuration 0: peers:[8808acf2-b901-482b-9182-8feecfa28384|127.0.0.1:15085, 9ec74834-1541-452c-921b-2d323393210f|127.0.0.1:15076, 83059998-de51-48d1-9818-e6afe7fa3b6f|127.0.0.1:15067]|listeners:[], old=null
2024-05-04 14:26:46,642 [9ec74834-1541-452c-921b-2d323393210f-server-thread3] INFO  segmented.SegmentedRaftLogWorker (SegmentedRaftLogWorker.java:startLogSegment(430)) - 9ec74834-1541-452c-921b-2d323393210f@group-D5ED0AA30690-SegmentedRaftLogWorker: Starting segment from index:0
2024-05-04 14:26:46,643 [9ec74834-1541-452c-921b-2d323393210f@group-D5ED0AA30690-SegmentedRaftLogWorker] INFO  segmented.BufferedWriteChannel (BufferedWriteChannel.java:open(62)) - open log_inprogress_0 at position 0
2024-05-04 14:26:46,644 [ccbd6c79-39e6-4e91-99a9-9b6c204b47e9@group-B8816B9210C0-StateMachineUpdater] INFO  server.RaftServer$Division (LeaderStateImpl.java:isApplied(320)) - leader is ready since appliedIndex == 0 >= startIndex == 0
2024-05-04 14:26:46,647 [83059998-de51-48d1-9818-e6afe7fa3b6f-server-thread1] INFO  ratis.XceiverServerRatis (XceiverServerRatis.java:handleLeaderChangedNotification(966)) - Leader change notification received for group: group-D5ED0AA30690 with new leaderId: 8808acf2-b901-482b-9182-8feecfa28384
2024-05-04 14:26:46,647 [83059998-de51-48d1-9818-e6afe7fa3b6f-server-thread1] INFO  server.RaftServer$Division (ServerState.java:setLeader(269)) - 83059998-de51-48d1-9818-e6afe7fa3b6f@group-D5ED0AA30690: change Leader from null to 8808acf2-b901-482b-9182-8feecfa28384 at term 1 for appendEntries, leader elected after 5340ms
2024-05-04 14:26:46,650 [9ec74834-1541-452c-921b-2d323393210f@group-D5ED0AA30690-SegmentedRaftLogWorker] INFO  segmented.SegmentedRaftLogWorker (SegmentedRaftLogWorker.java:execute(634)) - 9ec74834-1541-452c-921b-2d323393210f@group-D5ED0AA30690-SegmentedRaftLogWorker: created new log segment /home/runner/work/ozone/ozone/hadoop-ozone/integration-test/target/test-dir/MiniOzoneClusterImpl-7c905145-d891-4b2f-be71-50eb4aa8551e/ozone-meta/datanode-2/ratis/58634f81-2263-4b6f-9c6a-d5ed0aa30690/current/log_inprogress_0
2024-05-04 14:26:46,654 [8808acf2-b901-482b-9182-8feecfa28384@group-D5ED0AA30690-StateMachineUpdater] INFO  server.RaftServer$Division (LeaderStateImpl.java:isApplied(320)) - leader is ready since appliedIndex == 0 >= startIndex == 0
2024-05-04 14:26:46,657 [83059998-de51-48d1-9818-e6afe7fa3b6f-server-thread2] INFO  server.RaftServer$Division (ServerState.java:setRaftConf(386)) - 83059998-de51-48d1-9818-e6afe7fa3b6f@group-D5ED0AA30690: set configuration 0: peers:[8808acf2-b901-482b-9182-8feecfa28384|127.0.0.1:15085, 9ec74834-1541-452c-921b-2d323393210f|127.0.0.1:15076, 83059998-de51-48d1-9818-e6afe7fa3b6f|127.0.0.1:15067]|listeners:[], old=null
2024-05-04 14:26:46,657 [83059998-de51-48d1-9818-e6afe7fa3b6f-server-thread2] INFO  segmented.SegmentedRaftLogWorker (SegmentedRaftLogWorker.java:startLogSegment(430)) - 83059998-de51-48d1-9818-e6afe7fa3b6f@group-D5ED0AA30690-SegmentedRaftLogWorker: Starting segment from index:0
2024-05-04 14:26:46,661 [83059998-de51-48d1-9818-e6afe7fa3b6f@group-D5ED0AA30690-SegmentedRaftLogWorker] INFO  segmented.BufferedWriteChannel (BufferedWriteChannel.java:open(62)) - open log_inprogress_0 at position 0
2024-05-04 14:26:46,666 [83059998-de51-48d1-9818-e6afe7fa3b6f@group-C3DAD7AF45B8-FollowerState] INFO  impl.FollowerState (FollowerState.java:run(143)) - 83059998-de51-48d1-9818-e6afe7fa3b6f@group-C3DAD7AF45B8-FollowerState: change to CANDIDATE, lastRpcElapsedTime:5131438183ns, electionTimeout:5121ms
2024-05-04 14:26:46,666 [83059998-de51-48d1-9818-e6afe7fa3b6f@group-C3DAD7AF45B8-FollowerState] INFO  impl.RoleInfo (RoleInfo.java:shutdownFollowerState(110)) - 83059998-de51-48d1-9818-e6afe7fa3b6f: shutdown 83059998-de51-48d1-9818-e6afe7fa3b6f@group-C3DAD7AF45B8-FollowerState
2024-05-04 14:26:46,666 [83059998-de51-48d1-9818-e6afe7fa3b6f@group-C3DAD7AF45B8-FollowerState] INFO  server.RaftServer$Division (RaftServerImpl.java:setRole(383)) - 83059998-de51-48d1-9818-e6afe7fa3b6f@group-C3DAD7AF45B8: changes role from  FOLLOWER to CANDIDATE at term 0 for changeToCandidate
2024-05-04 14:26:46,666 [83059998-de51-48d1-9818-e6afe7fa3b6f@group-C3DAD7AF45B8-FollowerState] INFO  server.RaftServerConfigKeys (ConfUtils.java:logGet(46)) - raft.server.leaderelection.pre-vote = true (default)
2024-05-04 14:26:46,666 [83059998-de51-48d1-9818-e6afe7fa3b6f@group-C3DAD7AF45B8-FollowerState] INFO  impl.RoleInfo (RoleInfo.java:updateAndGet(139)) - 83059998-de51-48d1-9818-e6afe7fa3b6f: start 83059998-de51-48d1-9818-e6afe7fa3b6f@group-C3DAD7AF45B8-LeaderElection25
2024-05-04 14:26:46,666 [83059998-de51-48d1-9818-e6afe7fa3b6f@group-C3DAD7AF45B8-LeaderElection25] INFO  impl.LeaderElection (LeaderElection.java:askForVotes(321)) - 83059998-de51-48d1-9818-e6afe7fa3b6f@group-C3DAD7AF45B8-LeaderElection25 PRE_VOTE round 0: submit vote requests at term 0 for -1: peers:[8808acf2-b901-482b-9182-8feecfa28384|127.0.0.1:15085, 9ec74834-1541-452c-921b-2d323393210f|127.0.0.1:15076, 83059998-de51-48d1-9818-e6afe7fa3b6f|127.0.0.1:15067]|listeners:[], old=null
2024-05-04 14:26:46,668 [83059998-de51-48d1-9818-e6afe7fa3b6f@group-D5ED0AA30690-SegmentedRaftLogWorker] INFO  segmented.SegmentedRaftLogWorker (SegmentedRaftLogWorker.java:execute(634)) - 83059998-de51-48d1-9818-e6afe7fa3b6f@group-D5ED0AA30690-SegmentedRaftLogWorker: created new log segment /home/runner/work/ozone/ozone/hadoop-ozone/integration-test/target/test-dir/MiniOzoneClusterImpl-7c905145-d891-4b2f-be71-50eb4aa8551e/ozone-meta/datanode-1/ratis/58634f81-2263-4b6f-9c6a-d5ed0aa30690/current/log_inprogress_0
2024-05-04 14:26:46,670 [grpc-default-executor-0] INFO  server.RaftServer$Division (RaftServerImpl.java:requestVote(1389)) - 8808acf2-b901-482b-9182-8feecfa28384@group-C3DAD7AF45B8: receive requestVote(PRE_VOTE, 83059998-de51-48d1-9818-e6afe7fa3b6f, group-C3DAD7AF45B8, 0, (t:0, i:0))
2024-05-04 14:26:46,670 [grpc-default-executor-0] INFO  impl.VoteContext (VoteContext.java:log(49)) - 8808acf2-b901-482b-9182-8feecfa28384@group-C3DAD7AF45B8-FOLLOWER: accept PRE_VOTE from 83059998-de51-48d1-9818-e6afe7fa3b6f: our priority 0 <= candidate's priority 1
2024-05-04 14:26:46,670 [grpc-default-executor-0] INFO  server.RaftServer$Division (RaftServerImpl.java:requestVote(1422)) - 8808acf2-b901-482b-9182-8feecfa28384@group-C3DAD7AF45B8 replies to PRE_VOTE vote request: 83059998-de51-48d1-9818-e6afe7fa3b6f<-8808acf2-b901-482b-9182-8feecfa28384#0:OK-t0. Peer's state: 8808acf2-b901-482b-9182-8feecfa28384@group-C3DAD7AF45B8:t0, leader=null, voted=, raftlog=Memoized:8808acf2-b901-482b-9182-8feecfa28384@group-C3DAD7AF45B8-SegmentedRaftLog:OPENED:c-1, conf=-1: peers:[8808acf2-b901-482b-9182-8feecfa28384|127.0.0.1:15085, 9ec74834-1541-452c-921b-2d323393210f|127.0.0.1:15076, 83059998-de51-48d1-9818-e6afe7fa3b6f|127.0.0.1:15067]|listeners:[], old=null
2024-05-04 14:26:46,671 [83059998-de51-48d1-9818-e6afe7fa3b6f@group-C3DAD7AF45B8-LeaderElection25] INFO  server.RaftServerConfigKeys (ConfUtils.java:logFallback(53)) - raft.server.rpc.first-election.timeout.min = 5s (fallback to raft.server.rpc.timeout.min)
2024-05-04 14:26:46,671 [83059998-de51-48d1-9818-e6afe7fa3b6f@group-C3DAD7AF45B8-LeaderElection25] INFO  server.RaftServerConfigKeys (ConfUtils.java:logFallback(53)) - raft.server.rpc.first-election.timeout.max = 5200ms (fallback to raft.server.rpc.timeout.max)
2024-05-04 14:26:46,671 [83059998-de51-48d1-9818-e6afe7fa3b6f@group-C3DAD7AF45B8-LeaderElection25] INFO  impl.LeaderElection (LeaderElection.java:logAndReturn(89)) - 83059998-de51-48d1-9818-e6afe7fa3b6f@group-C3DAD7AF45B8-LeaderElection25: PRE_VOTE PASSED received 1 response(s) and 0 exception(s):
2024-05-04 14:26:46,671 [83059998-de51-48d1-9818-e6afe7fa3b6f@group-C3DAD7AF45B8-LeaderElection25] INFO  impl.LeaderElection (LeaderElection.java:logAndReturn(93)) -   Response 0: 83059998-de51-48d1-9818-e6afe7fa3b6f<-8808acf2-b901-482b-9182-8feecfa28384#0:OK-t0
2024-05-04 14:26:46,671 [83059998-de51-48d1-9818-e6afe7fa3b6f@group-C3DAD7AF45B8-LeaderElection25] INFO  impl.LeaderElection (LeaderElection.java:askForVotes(323)) - 83059998-de51-48d1-9818-e6afe7fa3b6f@group-C3DAD7AF45B8-LeaderElection25 PRE_VOTE round 0: result PASSED
2024-05-04 14:26:46,672 [grpc-default-executor-0] INFO  server.RaftServer$Division (RaftServerImpl.java:requestVote(1389)) - 9ec74834-1541-452c-921b-2d323393210f@group-C3DAD7AF45B8: receive requestVote(PRE_VOTE, 83059998-de51-48d1-9818-e6afe7fa3b6f, group-C3DAD7AF45B8, 0, (t:0, i:0))
2024-05-04 14:26:46,672 [grpc-default-executor-0] INFO  impl.VoteContext (VoteContext.java:log(49)) - 9ec74834-1541-452c-921b-2d323393210f@group-C3DAD7AF45B8-FOLLOWER: accept PRE_VOTE from 83059998-de51-48d1-9818-e6afe7fa3b6f: our priority 0 <= candidate's priority 1
2024-05-04 14:26:46,672 [grpc-default-executor-0] INFO  server.RaftServer$Division (RaftServerImpl.java:requestVote(1422)) - 9ec74834-1541-452c-921b-2d323393210f@group-C3DAD7AF45B8 replies to PRE_VOTE vote request: 83059998-de51-48d1-9818-e6afe7fa3b6f<-9ec74834-1541-452c-921b-2d323393210f#0:OK-t0. Peer's state: 9ec74834-1541-452c-921b-2d323393210f@group-C3DAD7AF45B8:t0, leader=null, voted=, raftlog=Memoized:9ec74834-1541-452c-921b-2d323393210f@group-C3DAD7AF45B8-SegmentedRaftLog:OPENED:c-1, conf=-1: peers:[8808acf2-b901-482b-9182-8feecfa28384|127.0.0.1:15085, 9ec74834-1541-452c-921b-2d323393210f|127.0.0.1:15076, 83059998-de51-48d1-9818-e6afe7fa3b6f|127.0.0.1:15067]|listeners:[], old=null
2024-05-04 14:26:46,673 [83059998-de51-48d1-9818-e6afe7fa3b6f@group-C3DAD7AF45B8-LeaderElection25] INFO  impl.LeaderElection (LeaderElection.java:askForVotes(321)) - 83059998-de51-48d1-9818-e6afe7fa3b6f@group-C3DAD7AF45B8-LeaderElection25 ELECTION round 0: submit vote requests at term 1 for -1: peers:[8808acf2-b901-482b-9182-8feecfa28384|127.0.0.1:15085, 9ec74834-1541-452c-921b-2d323393210f|127.0.0.1:15076, 83059998-de51-48d1-9818-e6afe7fa3b6f|127.0.0.1:15067]|listeners:[], old=null
2024-05-04 14:26:46,679 [83059998-de51-48d1-9818-e6afe7fa3b6f@group-C3DAD7AF45B8-LeaderElection25] INFO  server.RaftServerConfigKeys (ConfUtils.java:logFallback(53)) - raft.server.rpc.first-election.timeout.min = 5s (fallback to raft.server.rpc.timeout.min)
2024-05-04 14:26:46,679 [83059998-de51-48d1-9818-e6afe7fa3b6f@group-C3DAD7AF45B8-LeaderElection25] INFO  server.RaftServerConfigKeys (ConfUtils.java:logFallback(53)) - raft.server.rpc.first-election.timeout.max = 5200ms (fallback to raft.server.rpc.timeout.max)
2024-05-04 14:26:46,680 [grpc-default-executor-0] INFO  server.RaftServer$Division (RaftServerImpl.java:requestVote(1389)) - 8808acf2-b901-482b-9182-8feecfa28384@group-C3DAD7AF45B8: receive requestVote(ELECTION, 83059998-de51-48d1-9818-e6afe7fa3b6f, group-C3DAD7AF45B8, 1, (t:0, i:0))
2024-05-04 14:26:46,681 [grpc-default-executor-0] INFO  impl.VoteContext (VoteContext.java:log(49)) - 8808acf2-b901-482b-9182-8feecfa28384@group-C3DAD7AF45B8-FOLLOWER: accept ELECTION from 83059998-de51-48d1-9818-e6afe7fa3b6f: our priority 0 <= candidate's priority 1
2024-05-04 14:26:46,681 [grpc-default-executor-0] INFO  server.RaftServer$Division (RaftServerImpl.java:setRole(383)) - 8808acf2-b901-482b-9182-8feecfa28384@group-C3DAD7AF45B8: changes role from  FOLLOWER to FOLLOWER at term 1 for candidate:83059998-de51-48d1-9818-e6afe7fa3b6f
2024-05-04 14:26:46,681 [grpc-default-executor-0] INFO  impl.RoleInfo (RoleInfo.java:shutdownFollowerState(110)) - 8808acf2-b901-482b-9182-8feecfa28384: shutdown 8808acf2-b901-482b-9182-8feecfa28384@group-C3DAD7AF45B8-FollowerState
2024-05-04 14:26:46,681 [grpc-default-executor-0] INFO  impl.RoleInfo (RoleInfo.java:updateAndGet(139)) - 8808acf2-b901-482b-9182-8feecfa28384: start 8808acf2-b901-482b-9182-8feecfa28384@group-C3DAD7AF45B8-FollowerState
2024-05-04 14:26:46,681 [8808acf2-b901-482b-9182-8feecfa28384@group-C3DAD7AF45B8-FollowerState] INFO  impl.FollowerState (FollowerState.java:run(152)) - 8808acf2-b901-482b-9182-8feecfa28384@group-C3DAD7AF45B8-FollowerState was interrupted
2024-05-04 14:26:46,681 [grpc-default-executor-1] INFO  server.RaftServer$Division (RaftServerImpl.java:requestVote(1389)) - 9ec74834-1541-452c-921b-2d323393210f@group-C3DAD7AF45B8: receive requestVote(ELECTION, 83059998-de51-48d1-9818-e6afe7fa3b6f, group-C3DAD7AF45B8, 1, (t:0, i:0))
2024-05-04 14:26:46,681 [grpc-default-executor-1] INFO  impl.VoteContext (VoteContext.java:log(49)) - 9ec74834-1541-452c-921b-2d323393210f@group-C3DAD7AF45B8-FOLLOWER: accept ELECTION from 83059998-de51-48d1-9818-e6afe7fa3b6f: our priority 0 <= candidate's priority 1
2024-05-04 14:26:46,681 [grpc-default-executor-1] INFO  server.RaftServer$Division (RaftServerImpl.java:setRole(383)) - 9ec74834-1541-452c-921b-2d323393210f@group-C3DAD7AF45B8: changes role from  FOLLOWER to FOLLOWER at term 1 for candidate:83059998-de51-48d1-9818-e6afe7fa3b6f
2024-05-04 14:26:46,681 [grpc-default-executor-1] INFO  impl.RoleInfo (RoleInfo.java:shutdownFollowerState(110)) - 9ec74834-1541-452c-921b-2d323393210f: shutdown 9ec74834-1541-452c-921b-2d323393210f@group-C3DAD7AF45B8-FollowerState
2024-05-04 14:26:46,681 [grpc-default-executor-1] INFO  impl.RoleInfo (RoleInfo.java:updateAndGet(139)) - 9ec74834-1541-452c-921b-2d323393210f: start 9ec74834-1541-452c-921b-2d323393210f@group-C3DAD7AF45B8-FollowerState
2024-05-04 14:26:46,681 [9ec74834-1541-452c-921b-2d323393210f@group-C3DAD7AF45B8-FollowerState] INFO  impl.FollowerState (FollowerState.java:run(152)) - 9ec74834-1541-452c-921b-2d323393210f@group-C3DAD7AF45B8-FollowerState was interrupted
2024-05-04 14:26:46,681 [grpc-default-executor-0] INFO  server.RaftServer$Division (RaftServerImpl.java:setFirstElection(574)) - 8808acf2-b901-482b-9182-8feecfa28384@group-C3DAD7AF45B8: set firstElectionSinceStartup to false for candidate:83059998-de51-48d1-9818-e6afe7fa3b6f
2024-05-04 14:26:46,683 [grpc-default-executor-0] INFO  server.RaftServer$Division (RaftServerImpl.java:requestVote(1422)) - 8808acf2-b901-482b-9182-8feecfa28384@group-C3DAD7AF45B8 replies to ELECTION vote request: 83059998-de51-48d1-9818-e6afe7fa3b6f<-8808acf2-b901-482b-9182-8feecfa28384#0:OK-t1. Peer's state: 8808acf2-b901-482b-9182-8feecfa28384@group-C3DAD7AF45B8:t1, leader=null, voted=83059998-de51-48d1-9818-e6afe7fa3b6f, raftlog=Memoized:8808acf2-b901-482b-9182-8feecfa28384@group-C3DAD7AF45B8-SegmentedRaftLog:OPENED:c-1, conf=-1: peers:[8808acf2-b901-482b-9182-8feecfa28384|127.0.0.1:15085, 9ec74834-1541-452c-921b-2d323393210f|127.0.0.1:15076, 83059998-de51-48d1-9818-e6afe7fa3b6f|127.0.0.1:15067]|listeners:[], old=null
2024-05-04 14:26:46,683 [grpc-default-executor-1] INFO  server.RaftServer$Division (RaftServerImpl.java:requestVote(1422)) - 9ec74834-1541-452c-921b-2d323393210f@group-C3DAD7AF45B8 replies to ELECTION vote request: 83059998-de51-48d1-9818-e6afe7fa3b6f<-9ec74834-1541-452c-921b-2d323393210f#0:OK-t1. Peer's state: 9ec74834-1541-452c-921b-2d323393210f@group-C3DAD7AF45B8:t1, leader=null, voted=83059998-de51-48d1-9818-e6afe7fa3b6f, raftlog=Memoized:9ec74834-1541-452c-921b-2d323393210f@group-C3DAD7AF45B8-SegmentedRaftLog:OPENED:c-1, conf=-1: peers:[8808acf2-b901-482b-9182-8feecfa28384|127.0.0.1:15085, 9ec74834-1541-452c-921b-2d323393210f|127.0.0.1:15076, 83059998-de51-48d1-9818-e6afe7fa3b6f|127.0.0.1:15067]|listeners:[], old=null
2024-05-04 14:26:46,685 [83059998-de51-48d1-9818-e6afe7fa3b6f@group-C3DAD7AF45B8-LeaderElection25] INFO  impl.LeaderElection (LeaderElection.java:logAndReturn(89)) - 83059998-de51-48d1-9818-e6afe7fa3b6f@group-C3DAD7AF45B8-LeaderElection25: ELECTION PASSED received 1 response(s) and 0 exception(s):
2024-05-04 14:26:46,685 [83059998-de51-48d1-9818-e6afe7fa3b6f@group-C3DAD7AF45B8-LeaderElection25] INFO  impl.LeaderElection (LeaderElection.java:logAndReturn(93)) -   Response 0: 83059998-de51-48d1-9818-e6afe7fa3b6f<-8808acf2-b901-482b-9182-8feecfa28384#0:OK-t1
2024-05-04 14:26:46,685 [83059998-de51-48d1-9818-e6afe7fa3b6f@group-C3DAD7AF45B8-LeaderElection25] INFO  impl.LeaderElection (LeaderElection.java:askForVotes(323)) - 83059998-de51-48d1-9818-e6afe7fa3b6f@group-C3DAD7AF45B8-LeaderElection25 ELECTION round 0: result PASSED
2024-05-04 14:26:46,685 [83059998-de51-48d1-9818-e6afe7fa3b6f@group-C3DAD7AF45B8-LeaderElection25] INFO  impl.RoleInfo (RoleInfo.java:shutdownLeaderElection(130)) - 83059998-de51-48d1-9818-e6afe7fa3b6f: shutdown 83059998-de51-48d1-9818-e6afe7fa3b6f@group-C3DAD7AF45B8-LeaderElection25
2024-05-04 14:26:46,685 [83059998-de51-48d1-9818-e6afe7fa3b6f@group-C3DAD7AF45B8-LeaderElection25] INFO  server.RaftServer$Division (RaftServerImpl.java:setRole(383)) - 83059998-de51-48d1-9818-e6afe7fa3b6f@group-C3DAD7AF45B8: changes role from CANDIDATE to LEADER at term 1 for changeToLeader
2024-05-04 14:26:46,685 [83059998-de51-48d1-9818-e6afe7fa3b6f@group-C3DAD7AF45B8-LeaderElection25] INFO  server.RaftServerConfigKeys (ConfUtils.java:logGet(46)) - raft.server.staging.catchup.gap = 1000 (default)
2024-05-04 14:26:46,685 [83059998-de51-48d1-9818-e6afe7fa3b6f@group-C3DAD7AF45B8-LeaderElection25] INFO  server.RaftServerConfigKeys (ConfUtils.java:logGet(46)) - raft.server.write.element-limit = 1024 (custom)
2024-05-04 14:26:46,685 [83059998-de51-48d1-9818-e6afe7fa3b6f@group-C3DAD7AF45B8-LeaderElection25] INFO  server.RaftServerConfigKeys (ConfUtils.java:logGet(46)) - raft.server.write.byte-limit = 1024 M (=1073741824) (custom)
2024-05-04 14:26:46,685 [83059998-de51-48d1-9818-e6afe7fa3b6f@group-C3DAD7AF45B8-LeaderElection25] INFO  server.RaftServerConfigKeys (ConfUtils.java:logGet(46)) - raft.server.watch.timeout = 3000ms (custom)
2024-05-04 14:26:46,685 [83059998-de51-48d1-9818-e6afe7fa3b6f@group-C3DAD7AF45B8-LeaderElection25] INFO  server.RaftServerConfigKeys (ConfUtils.java:logGet(46)) - raft.server.watch.timeout.denomination = 1s (default)
2024-05-04 14:26:46,685 [83059998-de51-48d1-9818-e6afe7fa3b6f@group-C3DAD7AF45B8-LeaderElection25] INFO  server.RaftServerConfigKeys (ConfUtils.java:logGet(46)) - raft.server.watch.element-limit = 65536 (default)
2024-05-04 14:26:46,686 [83059998-de51-48d1-9818-e6afe7fa3b6f@group-C3DAD7AF45B8-LeaderElection25] INFO  server.RaftServerConfigKeys (ConfUtils.java:logGet(46)) - raft.server.read.leader.lease.enabled = false (default)
2024-05-04 14:26:46,686 [83059998-de51-48d1-9818-e6afe7fa3b6f@group-C3DAD7AF45B8-LeaderElection25] INFO  server.RaftServerConfigKeys (ConfUtils.java:logGet(46)) - raft.server.read.leader.lease.timeout.ratio = 0.9 (default)
2024-05-04 14:26:46,686 [83059998-de51-48d1-9818-e6afe7fa3b6f@group-C3DAD7AF45B8-LeaderElection25] INFO  server.RaftServerConfigKeys (ConfUtils.java:logGet(46)) - raft.server.rpc.timeout.min = 5s (custom)
2024-05-04 14:26:46,686 [83059998-de51-48d1-9818-e6afe7fa3b6f@group-C3DAD7AF45B8-LeaderElection25] INFO  server.RaftServerConfigKeys (ConfUtils.java:logGet(46)) - raft.server.write.element-limit = 1024 (custom)
2024-05-04 14:26:46,686 [83059998-de51-48d1-9818-e6afe7fa3b6f@group-C3DAD7AF45B8-LeaderElection25] INFO  server.RaftServerConfigKeys (ConfUtils.java:logGet(46)) - raft.server.write.follower.gap.ratio.max = -1.0 (default)
2024-05-04 14:26:46,686 [83059998-de51-48d1-9818-e6afe7fa3b6f@group-C3DAD7AF45B8-LeaderElection25] INFO  server.RaftServerConfigKeys (ConfUtils.java:logGet(46)) - raft.server.log.appender.snapshot.chunk.size.max = 16MB (=16777216) (default)
2024-05-04 14:26:46,686 [83059998-de51-48d1-9818-e6afe7fa3b6f@group-C3DAD7AF45B8-LeaderElection25] INFO  server.RaftServerConfigKeys (ConfUtils.java:logGet(46)) - raft.server.log.appender.buffer.byte-limit = 8388608 (custom)
2024-05-04 14:26:46,686 [83059998-de51-48d1-9818-e6afe7fa3b6f@group-C3DAD7AF45B8-LeaderElection25] INFO  server.RaftServerConfigKeys (ConfUtils.java:logGet(46)) - raft.server.log.appender.buffer.element-limit = 1 (custom)
2024-05-04 14:26:46,686 [83059998-de51-48d1-9818-e6afe7fa3b6f@group-C3DAD7AF45B8-LeaderElection25] INFO  server.RaftServerConfigKeys (ConfUtils.java:logGet(46)) - raft.server.log.appender.wait-time.min = 0ms (custom)
2024-05-04 14:26:46,686 [83059998-de51-48d1-9818-e6afe7fa3b6f@group-C3DAD7AF45B8-LeaderElection25] INFO  grpc.GrpcConfigKeys (ConfUtils.java:logGet(46)) - raft.grpc.server.leader.outstanding.appends.max = 8 (default)
2024-05-04 14:26:46,686 [83059998-de51-48d1-9818-e6afe7fa3b6f@group-C3DAD7AF45B8-LeaderElection25] INFO  server.RaftServerConfigKeys (ConfUtils.java:logGet(46)) - raft.server.rpc.request.timeout = 3000ms (default)
2024-05-04 14:26:46,687 [83059998-de51-48d1-9818-e6afe7fa3b6f@group-C3DAD7AF45B8-LeaderElection25] INFO  grpc.GrpcConfigKeys (ConfUtils.java:logGet(46)) - raft.grpc.server.install_snapshot.request.element-limit = 8 (default)
2024-05-04 14:26:46,687 [83059998-de51-48d1-9818-e6afe7fa3b6f@group-C3DAD7AF45B8-LeaderElection25] INFO  grpc.GrpcConfigKeys (ConfUtils.java:logGet(46)) - raft.grpc.server.install_snapshot.request.timeout = 3000ms (default)
2024-05-04 14:26:46,687 [83059998-de51-48d1-9818-e6afe7fa3b6f@group-C3DAD7AF45B8-LeaderElection25] INFO  grpc.GrpcConfigKeys (ConfUtils.java:logGet(46)) - raft.grpc.server.log-message.batch.duration = 5s (default)
2024-05-04 14:26:46,687 [83059998-de51-48d1-9818-e6afe7fa3b6f@group-C3DAD7AF45B8-LeaderElection25] INFO  server.RaftServerConfigKeys (ConfUtils.java:logGet(46)) - raft.server.log.appender.install.snapshot.enabled = false (custom)
2024-05-04 14:26:46,687 [83059998-de51-48d1-9818-e6afe7fa3b6f@group-C3DAD7AF45B8-LeaderElection25] INFO  grpc.GrpcConfigKeys (ConfUtils.java:logGet(46)) - raft.grpc.server.heartbeat.channel = true (default)
2024-05-04 14:26:46,687 [83059998-de51-48d1-9818-e6afe7fa3b6f@group-C3DAD7AF45B8-LeaderElection25] INFO  server.RaftServerConfigKeys (ConfUtils.java:logGet(46)) - raft.server.log.appender.snapshot.chunk.size.max = 16MB (=16777216) (default)
2024-05-04 14:26:46,687 [83059998-de51-48d1-9818-e6afe7fa3b6f@group-C3DAD7AF45B8-LeaderElection25] INFO  server.RaftServerConfigKeys (ConfUtils.java:logGet(46)) - raft.server.log.appender.buffer.byte-limit = 8388608 (custom)
2024-05-04 14:26:46,687 [83059998-de51-48d1-9818-e6afe7fa3b6f@group-C3DAD7AF45B8-LeaderElection25] INFO  server.RaftServerConfigKeys (ConfUtils.java:logGet(46)) - raft.server.log.appender.buffer.element-limit = 1 (custom)
2024-05-04 14:26:46,688 [83059998-de51-48d1-9818-e6afe7fa3b6f@group-C3DAD7AF45B8-LeaderElection25] INFO  server.RaftServerConfigKeys (ConfUtils.java:logGet(46)) - raft.server.log.appender.wait-time.min = 0ms (custom)
2024-05-04 14:26:46,688 [83059998-de51-48d1-9818-e6afe7fa3b6f@group-C3DAD7AF45B8-LeaderElection25] INFO  grpc.GrpcConfigKeys (ConfUtils.java:logGet(46)) - raft.grpc.server.leader.outstanding.appends.max = 8 (default)
2024-05-04 14:26:46,688 [83059998-de51-48d1-9818-e6afe7fa3b6f@group-C3DAD7AF45B8-LeaderElection25] INFO  server.RaftServerConfigKeys (ConfUtils.java:logGet(46)) - raft.server.rpc.request.timeout = 3000ms (default)
2024-05-04 14:26:46,688 [83059998-de51-48d1-9818-e6afe7fa3b6f@group-C3DAD7AF45B8-LeaderElection25] INFO  grpc.GrpcConfigKeys (ConfUtils.java:logGet(46)) - raft.grpc.server.install_snapshot.request.element-limit = 8 (default)
2024-05-04 14:26:46,688 [83059998-de51-48d1-9818-e6afe7fa3b6f@group-C3DAD7AF45B8-LeaderElection25] INFO  grpc.GrpcConfigKeys (ConfUtils.java:logGet(46)) - raft.grpc.server.install_snapshot.request.timeout = 3000ms (default)
2024-05-04 14:26:46,688 [83059998-de51-48d1-9818-e6afe7fa3b6f@group-C3DAD7AF45B8-LeaderElection25] INFO  grpc.GrpcConfigKeys (ConfUtils.java:logGet(46)) - raft.grpc.server.log-message.batch.duration = 5s (default)
2024-05-04 14:26:46,688 [83059998-de51-48d1-9818-e6afe7fa3b6f@group-C3DAD7AF45B8-LeaderElection25] INFO  server.RaftServerConfigKeys (ConfUtils.java:logGet(46)) - raft.server.log.appender.install.snapshot.enabled = false (custom)
2024-05-04 14:26:46,688 [83059998-de51-48d1-9818-e6afe7fa3b6f@group-C3DAD7AF45B8-LeaderElection25] INFO  grpc.GrpcConfigKeys (ConfUtils.java:logGet(46)) - raft.grpc.server.heartbeat.channel = true (default)
2024-05-04 14:26:46,688 [83059998-de51-48d1-9818-e6afe7fa3b6f@group-C3DAD7AF45B8-LeaderElection25] INFO  impl.RoleInfo (RoleInfo.java:updateAndGet(139)) - 83059998-de51-48d1-9818-e6afe7fa3b6f: start 83059998-de51-48d1-9818-e6afe7fa3b6f@group-C3DAD7AF45B8-LeaderStateImpl
2024-05-04 14:26:46,688 [83059998-de51-48d1-9818-e6afe7fa3b6f@group-C3DAD7AF45B8-LeaderElection25] INFO  server.RaftServer$Division (RaftServerImpl.java:setFirstElection(574)) - 83059998-de51-48d1-9818-e6afe7fa3b6f@group-C3DAD7AF45B8: set firstElectionSinceStartup to false for becomeLeader
2024-05-04 14:26:46,688 [83059998-de51-48d1-9818-e6afe7fa3b6f@group-C3DAD7AF45B8-LeaderElection25] INFO  ratis.XceiverServerRatis (XceiverServerRatis.java:handleLeaderChangedNotification(966)) - Leader change notification received for group: group-C3DAD7AF45B8 with new leaderId: 83059998-de51-48d1-9818-e6afe7fa3b6f
2024-05-04 14:26:46,688 [83059998-de51-48d1-9818-e6afe7fa3b6f@group-C3DAD7AF45B8-LeaderElection25] INFO  server.RaftServer$Division (ServerState.java:setLeader(269)) - 83059998-de51-48d1-9818-e6afe7fa3b6f@group-C3DAD7AF45B8: change Leader from null to 83059998-de51-48d1-9818-e6afe7fa3b6f at term 1 for becomeLeader, leader elected after 5175ms
2024-05-04 14:26:46,689 [83059998-de51-48d1-9818-e6afe7fa3b6f@group-C3DAD7AF45B8-LeaderElection25] INFO  segmented.SegmentedRaftLogWorker (SegmentedRaftLogWorker.java:startLogSegment(430)) - 83059998-de51-48d1-9818-e6afe7fa3b6f@group-C3DAD7AF45B8-SegmentedRaftLogWorker: Starting segment from index:0
2024-05-04 14:26:46,689 [83059998-de51-48d1-9818-e6afe7fa3b6f@group-C3DAD7AF45B8-LeaderElection25] INFO  server.RaftServer$Division (ServerState.java:setRaftConf(386)) - 83059998-de51-48d1-9818-e6afe7fa3b6f@group-C3DAD7AF45B8: set configuration 0: peers:[8808acf2-b901-482b-9182-8feecfa28384|127.0.0.1:15085, 9ec74834-1541-452c-921b-2d323393210f|127.0.0.1:15076, 83059998-de51-48d1-9818-e6afe7fa3b6f|127.0.0.1:15067]|listeners:[], old=null
2024-05-04 14:26:46,689 [83059998-de51-48d1-9818-e6afe7fa3b6f@group-C3DAD7AF45B8-SegmentedRaftLogWorker] INFO  segmented.BufferedWriteChannel (BufferedWriteChannel.java:open(62)) - open log_inprogress_0 at position 0
2024-05-04 14:26:46,691 [EventQueue-PipelineReportForPipelineReportHandler] INFO  pipeline.PipelineReportHandler (PipelineReportHandler.java:processPipelineReport(136)) - Opened pipeline PipelineID=29719e95-3b68-43b3-b996-c3dad7af45b8
2024-05-04 14:26:46,697 [83059998-de51-48d1-9818-e6afe7fa3b6f@group-C3DAD7AF45B8-SegmentedRaftLogWorker] INFO  segmented.SegmentedRaftLogWorker (SegmentedRaftLogWorker.java:execute(634)) - 83059998-de51-48d1-9818-e6afe7fa3b6f@group-C3DAD7AF45B8-SegmentedRaftLogWorker: created new log segment /home/runner/work/ozone/ozone/hadoop-ozone/integration-test/target/test-dir/MiniOzoneClusterImpl-7c905145-d891-4b2f-be71-50eb4aa8551e/ozone-meta/datanode-1/ratis/29719e95-3b68-43b3-b996-c3dad7af45b8/current/log_inprogress_0
2024-05-04 14:26:46,699 [9ec74834-1541-452c-921b-2d323393210f-server-thread1] INFO  ratis.XceiverServerRatis (XceiverServerRatis.java:handleLeaderChangedNotification(966)) - Leader change notification received for group: group-C3DAD7AF45B8 with new leaderId: 83059998-de51-48d1-9818-e6afe7fa3b6f
2024-05-04 14:26:46,699 [9ec74834-1541-452c-921b-2d323393210f-server-thread1] INFO  server.RaftServer$Division (ServerState.java:setLeader(269)) - 9ec74834-1541-452c-921b-2d323393210f@group-C3DAD7AF45B8: change Leader from null to 83059998-de51-48d1-9818-e6afe7fa3b6f at term 1 for appendEntries, leader elected after 5213ms
2024-05-04 14:26:46,699 [8808acf2-b901-482b-9182-8feecfa28384-server-thread1] INFO  ratis.XceiverServerRatis (XceiverServerRatis.java:handleLeaderChangedNotification(966)) - Leader change notification received for group: group-C3DAD7AF45B8 with new leaderId: 83059998-de51-48d1-9818-e6afe7fa3b6f
2024-05-04 14:26:46,699 [8808acf2-b901-482b-9182-8feecfa28384-server-thread1] INFO  server.RaftServer$Division (ServerState.java:setLeader(269)) - 8808acf2-b901-482b-9182-8feecfa28384@group-C3DAD7AF45B8: change Leader from null to 83059998-de51-48d1-9818-e6afe7fa3b6f at term 1 for appendEntries, leader elected after 5200ms
2024-05-04 14:26:46,700 [9ec74834-1541-452c-921b-2d323393210f-server-thread2] INFO  server.RaftServer$Division (ServerState.java:setRaftConf(386)) - 9ec74834-1541-452c-921b-2d323393210f@group-C3DAD7AF45B8: set configuration 0: peers:[8808acf2-b901-482b-9182-8feecfa28384|127.0.0.1:15085, 9ec74834-1541-452c-921b-2d323393210f|127.0.0.1:15076, 83059998-de51-48d1-9818-e6afe7fa3b6f|127.0.0.1:15067]|listeners:[], old=null
2024-05-04 14:26:46,700 [9ec74834-1541-452c-921b-2d323393210f-server-thread2] INFO  segmented.SegmentedRaftLogWorker (SegmentedRaftLogWorker.java:startLogSegment(430)) - 9ec74834-1541-452c-921b-2d323393210f@group-C3DAD7AF45B8-SegmentedRaftLogWorker: Starting segment from index:0
2024-05-04 14:26:46,700 [9ec74834-1541-452c-921b-2d323393210f@group-C3DAD7AF45B8-SegmentedRaftLogWorker] INFO  segmented.BufferedWriteChannel (BufferedWriteChannel.java:open(62)) - open log_inprogress_0 at position 0
2024-05-04 14:26:46,701 [8808acf2-b901-482b-9182-8feecfa28384-server-thread2] INFO  server.RaftServer$Division (ServerState.java:setRaftConf(386)) - 8808acf2-b901-482b-9182-8feecfa28384@group-C3DAD7AF45B8: set configuration 0: peers:[8808acf2-b901-482b-9182-8feecfa28384|127.0.0.1:15085, 9ec74834-1541-452c-921b-2d323393210f|127.0.0.1:15076, 83059998-de51-48d1-9818-e6afe7fa3b6f|127.0.0.1:15067]|listeners:[], old=null
2024-05-04 14:26:46,703 [8808acf2-b901-482b-9182-8feecfa28384-server-thread2] INFO  segmented.SegmentedRaftLogWorker (SegmentedRaftLogWorker.java:startLogSegment(430)) - 8808acf2-b901-482b-9182-8feecfa28384@group-C3DAD7AF45B8-SegmentedRaftLogWorker: Starting segment from index:0
2024-05-04 14:26:46,704 [8808acf2-b901-482b-9182-8feecfa28384@group-C3DAD7AF45B8-SegmentedRaftLogWorker] INFO  segmented.BufferedWriteChannel (BufferedWriteChannel.java:open(62)) - open log_inprogress_0 at position 0
2024-05-04 14:26:46,707 [9ec74834-1541-452c-921b-2d323393210f@group-C3DAD7AF45B8-SegmentedRaftLogWorker] INFO  segmented.SegmentedRaftLogWorker (SegmentedRaftLogWorker.java:execute(634)) - 9ec74834-1541-452c-921b-2d323393210f@group-C3DAD7AF45B8-SegmentedRaftLogWorker: created new log segment /home/runner/work/ozone/ozone/hadoop-ozone/integration-test/target/test-dir/MiniOzoneClusterImpl-7c905145-d891-4b2f-be71-50eb4aa8551e/ozone-meta/datanode-2/ratis/29719e95-3b68-43b3-b996-c3dad7af45b8/current/log_inprogress_0
2024-05-04 14:26:46,712 [83059998-de51-48d1-9818-e6afe7fa3b6f@group-C3DAD7AF45B8-StateMachineUpdater] INFO  server.RaftServer$Division (LeaderStateImpl.java:isApplied(320)) - leader is ready since appliedIndex == 0 >= startIndex == 0
2024-05-04 14:26:46,713 [8808acf2-b901-482b-9182-8feecfa28384@group-C3DAD7AF45B8-SegmentedRaftLogWorker] INFO  segmented.SegmentedRaftLogWorker (SegmentedRaftLogWorker.java:execute(634)) - 8808acf2-b901-482b-9182-8feecfa28384@group-C3DAD7AF45B8-SegmentedRaftLogWorker: created new log segment /home/runner/work/ozone/ozone/hadoop-ozone/integration-test/target/test-dir/MiniOzoneClusterImpl-7c905145-d891-4b2f-be71-50eb4aa8551e/ozone-meta/datanode-3/ratis/29719e95-3b68-43b3-b996-c3dad7af45b8/current/log_inprogress_0
2024-05-04 14:26:46,759 [3ae9785c-56ef-4b84-8cb7-69d91d7d731c@group-AB4B3A4AD983-FollowerState] INFO  impl.FollowerState (FollowerState.java:run(143)) - 3ae9785c-56ef-4b84-8cb7-69d91d7d731c@group-AB4B3A4AD983-FollowerState: change to CANDIDATE, lastRpcElapsedTime:5167226007ns, electionTimeout:5166ms
2024-05-04 14:26:46,759 [3ae9785c-56ef-4b84-8cb7-69d91d7d731c@group-AB4B3A4AD983-FollowerState] INFO  impl.RoleInfo (RoleInfo.java:shutdownFollowerState(110)) - 3ae9785c-56ef-4b84-8cb7-69d91d7d731c: shutdown 3ae9785c-56ef-4b84-8cb7-69d91d7d731c@group-AB4B3A4AD983-FollowerState
2024-05-04 14:26:46,759 [3ae9785c-56ef-4b84-8cb7-69d91d7d731c@group-AB4B3A4AD983-FollowerState] INFO  server.RaftServer$Division (RaftServerImpl.java:setRole(383)) - 3ae9785c-56ef-4b84-8cb7-69d91d7d731c@group-AB4B3A4AD983: changes role from  FOLLOWER to CANDIDATE at term 0 for changeToCandidate
2024-05-04 14:26:46,759 [3ae9785c-56ef-4b84-8cb7-69d91d7d731c@group-AB4B3A4AD983-FollowerState] INFO  server.RaftServerConfigKeys (ConfUtils.java:logGet(46)) - raft.server.leaderelection.pre-vote = true (default)
2024-05-04 14:26:46,759 [3ae9785c-56ef-4b84-8cb7-69d91d7d731c@group-AB4B3A4AD983-FollowerState] INFO  impl.RoleInfo (RoleInfo.java:updateAndGet(139)) - 3ae9785c-56ef-4b84-8cb7-69d91d7d731c: start 3ae9785c-56ef-4b84-8cb7-69d91d7d731c@group-AB4B3A4AD983-LeaderElection26
2024-05-04 14:26:46,759 [3ae9785c-56ef-4b84-8cb7-69d91d7d731c@group-AB4B3A4AD983-LeaderElection26] INFO  impl.LeaderElection (LeaderElection.java:askForVotes(321)) - 3ae9785c-56ef-4b84-8cb7-69d91d7d731c@group-AB4B3A4AD983-LeaderElection26 PRE_VOTE round 0: submit vote requests at term 0 for -1: peers:[3ae9785c-56ef-4b84-8cb7-69d91d7d731c|127.0.0.1:15103]|listeners:[], old=null
2024-05-04 14:26:46,760 [3ae9785c-56ef-4b84-8cb7-69d91d7d731c@group-AB4B3A4AD983-LeaderElection26] INFO  impl.LeaderElection (LeaderElection.java:askForVotes(323)) - 3ae9785c-56ef-4b84-8cb7-69d91d7d731c@group-AB4B3A4AD983-LeaderElection26 PRE_VOTE round 0: result PASSED (term=0)
2024-05-04 14:26:46,761 [3ae9785c-56ef-4b84-8cb7-69d91d7d731c@group-AB4B3A4AD983-LeaderElection26] INFO  impl.LeaderElection (LeaderElection.java:askForVotes(321)) - 3ae9785c-56ef-4b84-8cb7-69d91d7d731c@group-AB4B3A4AD983-LeaderElection26 ELECTION round 0: submit vote requests at term 1 for -1: peers:[3ae9785c-56ef-4b84-8cb7-69d91d7d731c|127.0.0.1:15103]|listeners:[], old=null
2024-05-04 14:26:46,761 [3ae9785c-56ef-4b84-8cb7-69d91d7d731c@group-AB4B3A4AD983-LeaderElection26] INFO  impl.LeaderElection (LeaderElection.java:askForVotes(323)) - 3ae9785c-56ef-4b84-8cb7-69d91d7d731c@group-AB4B3A4AD983-LeaderElection26 ELECTION round 0: result PASSED (term=1)
2024-05-04 14:26:46,761 [3ae9785c-56ef-4b84-8cb7-69d91d7d731c@group-AB4B3A4AD983-LeaderElection26] INFO  impl.RoleInfo (RoleInfo.java:shutdownLeaderElection(130)) - 3ae9785c-56ef-4b84-8cb7-69d91d7d731c: shutdown 3ae9785c-56ef-4b84-8cb7-69d91d7d731c@group-AB4B3A4AD983-LeaderElection26
2024-05-04 14:26:46,761 [3ae9785c-56ef-4b84-8cb7-69d91d7d731c@group-AB4B3A4AD983-LeaderElection26] INFO  server.RaftServer$Division (RaftServerImpl.java:setRole(383)) - 3ae9785c-56ef-4b84-8cb7-69d91d7d731c@group-AB4B3A4AD983: changes role from CANDIDATE to LEADER at term 1 for changeToLeader
2024-05-04 14:26:46,761 [3ae9785c-56ef-4b84-8cb7-69d91d7d731c@group-AB4B3A4AD983-LeaderElection26] INFO  server.RaftServerConfigKeys (ConfUtils.java:logGet(46)) - raft.server.staging.catchup.gap = 1000 (default)
2024-05-04 14:26:46,761 [3ae9785c-56ef-4b84-8cb7-69d91d7d731c@group-AB4B3A4AD983-LeaderElection26] INFO  server.RaftServerConfigKeys (ConfUtils.java:logGet(46)) - raft.server.write.element-limit = 1024 (custom)
2024-05-04 14:26:46,762 [3ae9785c-56ef-4b84-8cb7-69d91d7d731c@group-AB4B3A4AD983-LeaderElection26] INFO  server.RaftServerConfigKeys (ConfUtils.java:logGet(46)) - raft.server.write.byte-limit = 1024 M (=1073741824) (custom)
2024-05-04 14:26:46,762 [3ae9785c-56ef-4b84-8cb7-69d91d7d731c@group-AB4B3A4AD983-LeaderElection26] INFO  server.RaftServerConfigKeys (ConfUtils.java:logGet(46)) - raft.server.watch.timeout = 3000ms (custom)
2024-05-04 14:26:46,762 [3ae9785c-56ef-4b84-8cb7-69d91d7d731c@group-AB4B3A4AD983-LeaderElection26] INFO  server.RaftServerConfigKeys (ConfUtils.java:logGet(46)) - raft.server.watch.timeout.denomination = 1s (default)
2024-05-04 14:26:46,762 [3ae9785c-56ef-4b84-8cb7-69d91d7d731c@group-AB4B3A4AD983-LeaderElection26] INFO  server.RaftServerConfigKeys (ConfUtils.java:logGet(46)) - raft.server.watch.element-limit = 65536 (default)
2024-05-04 14:26:46,762 [3ae9785c-56ef-4b84-8cb7-69d91d7d731c@group-AB4B3A4AD983-LeaderElection26] INFO  server.RaftServerConfigKeys (ConfUtils.java:logGet(46)) - raft.server.read.leader.lease.enabled = false (default)
2024-05-04 14:26:46,762 [3ae9785c-56ef-4b84-8cb7-69d91d7d731c@group-AB4B3A4AD983-LeaderElection26] INFO  server.RaftServerConfigKeys (ConfUtils.java:logGet(46)) - raft.server.read.leader.lease.timeout.ratio = 0.9 (default)
2024-05-04 14:26:46,762 [3ae9785c-56ef-4b84-8cb7-69d91d7d731c@group-AB4B3A4AD983-LeaderElection26] INFO  server.RaftServerConfigKeys (ConfUtils.java:logGet(46)) - raft.server.rpc.timeout.min = 5s (custom)
2024-05-04 14:26:46,762 [3ae9785c-56ef-4b84-8cb7-69d91d7d731c@group-AB4B3A4AD983-LeaderElection26] INFO  server.RaftServerConfigKeys (ConfUtils.java:logGet(46)) - raft.server.write.element-limit = 1024 (custom)
2024-05-04 14:26:46,762 [3ae9785c-56ef-4b84-8cb7-69d91d7d731c@group-AB4B3A4AD983-LeaderElection26] INFO  server.RaftServerConfigKeys (ConfUtils.java:logGet(46)) - raft.server.write.follower.gap.ratio.max = -1.0 (default)
2024-05-04 14:26:46,763 [3ae9785c-56ef-4b84-8cb7-69d91d7d731c@group-AB4B3A4AD983-LeaderElection26] INFO  impl.RoleInfo (RoleInfo.java:updateAndGet(139)) - 3ae9785c-56ef-4b84-8cb7-69d91d7d731c: start 3ae9785c-56ef-4b84-8cb7-69d91d7d731c@group-AB4B3A4AD983-LeaderStateImpl
2024-05-04 14:26:46,763 [3ae9785c-56ef-4b84-8cb7-69d91d7d731c@group-AB4B3A4AD983-LeaderElection26] INFO  server.RaftServer$Division (RaftServerImpl.java:setFirstElection(574)) - 3ae9785c-56ef-4b84-8cb7-69d91d7d731c@group-AB4B3A4AD983: set firstElectionSinceStartup to false for becomeLeader
2024-05-04 14:26:46,763 [3ae9785c-56ef-4b84-8cb7-69d91d7d731c@group-AB4B3A4AD983-LeaderElection26] INFO  ratis.XceiverServerRatis (XceiverServerRatis.java:handleLeaderChangedNotification(966)) - Leader change notification received for group: group-AB4B3A4AD983 with new leaderId: 3ae9785c-56ef-4b84-8cb7-69d91d7d731c
2024-05-04 14:26:46,763 [3ae9785c-56ef-4b84-8cb7-69d91d7d731c@group-AB4B3A4AD983-LeaderElection26] INFO  server.RaftServer$Division (ServerState.java:setLeader(269)) - 3ae9785c-56ef-4b84-8cb7-69d91d7d731c@group-AB4B3A4AD983: change Leader from null to 3ae9785c-56ef-4b84-8cb7-69d91d7d731c at term 1 for becomeLeader, leader elected after 5185ms
2024-05-04 14:26:46,763 [3ae9785c-56ef-4b84-8cb7-69d91d7d731c@group-AB4B3A4AD983-LeaderElection26] INFO  segmented.SegmentedRaftLogWorker (SegmentedRaftLogWorker.java:startLogSegment(430)) - 3ae9785c-56ef-4b84-8cb7-69d91d7d731c@group-AB4B3A4AD983-SegmentedRaftLogWorker: Starting segment from index:0
2024-05-04 14:26:46,763 [3ae9785c-56ef-4b84-8cb7-69d91d7d731c@group-AB4B3A4AD983-SegmentedRaftLogWorker] INFO  segmented.BufferedWriteChannel (BufferedWriteChannel.java:open(62)) - open log_inprogress_0 at position 0
2024-05-04 14:26:46,766 [3ae9785c-56ef-4b84-8cb7-69d91d7d731c@group-AB4B3A4AD983-LeaderElection26] INFO  server.RaftServer$Division (ServerState.java:setRaftConf(386)) - 3ae9785c-56ef-4b84-8cb7-69d91d7d731c@group-AB4B3A4AD983: set configuration 0: peers:[3ae9785c-56ef-4b84-8cb7-69d91d7d731c|127.0.0.1:15103]|listeners:[], old=null
2024-05-04 14:26:46,770 [3ae9785c-56ef-4b84-8cb7-69d91d7d731c@group-AB4B3A4AD983-SegmentedRaftLogWorker] INFO  segmented.SegmentedRaftLogWorker (SegmentedRaftLogWorker.java:execute(634)) - 3ae9785c-56ef-4b84-8cb7-69d91d7d731c@group-AB4B3A4AD983-SegmentedRaftLogWorker: created new log segment /home/runner/work/ozone/ozone/hadoop-ozone/integration-test/target/test-dir/MiniOzoneClusterImpl-7c905145-d891-4b2f-be71-50eb4aa8551e/ozone-meta/datanode-5/ratis/cbd3ffaa-71b0-4cf2-b7f6-ab4b3a4ad983/current/log_inprogress_0
2024-05-04 14:26:46,773 [3ae9785c-56ef-4b84-8cb7-69d91d7d731c@group-AB4B3A4AD983-StateMachineUpdater] INFO  server.RaftServer$Division (LeaderStateImpl.java:isApplied(320)) - leader is ready since appliedIndex == 0 >= startIndex == 0
2024-05-04 14:26:47,569 [main] INFO  ozone.MiniOzoneClusterImpl (MiniOzoneClusterImpl.java:lambda$waitForClusterToBeReady$0(194)) - Nodes are ready. Got 5 of 5 DN Heartbeats.
2024-05-04 14:26:47,569 [main] INFO  ozone.MiniOzoneClusterImpl (MiniOzoneClusterImpl.java:lambda$waitForClusterToBeReady$0(197)) - Cluster exits safe mode
2024-05-04 14:26:47,569 [main] INFO  ozone.MiniOzoneClusterImpl (MiniOzoneClusterImpl.java:lambda$waitForClusterToBeReady$0(199)) - SCM became leader
2024-05-04 14:26:47,571 [main] INFO  protocolPB.OmTransportFactory (OmTransportFactory.java:createFactory(62)) - Loading OM transport implementation org.apache.hadoop.ozone.om.protocolPB.Hadoop3OmTransportFactory as specified by configuration.
2024-05-04 14:26:47,575 [main] INFO  rpc.RpcClient (RpcClient.java:createVolume(470)) - Creating Volume: testblockoutputstream, with runner as owner and space quota set to -1 bytes, counts quota set to -1
2024-05-04 14:26:47,578 [om1-OMStateMachineApplyTransactionThread - 0] INFO  volume.OMVolumeCreateRequest (OMVolumeCreateRequest.java:validateAndUpdateCache(198)) - created volume:testblockoutputstream for user:runner
2024-05-04 14:26:47,581 [main] INFO  rpc.RpcClient (RpcClient.java:createBucket(696)) - Creating Bucket: testblockoutputstream/testblockoutputstream, with server-side default bucket layout, runner as owner, Versioning false, Storage Type set to DISK and Encryption set to false, Replication Type set to server-side default replication type, Namespace Quota set to -1, Space Quota set to -1 
2024-05-04 14:26:47,583 [om1-OMStateMachineApplyTransactionThread - 0] INFO  bucket.OMBucketCreateRequest (OMBucketCreateRequest.java:validateAndUpdateCache(293)) - created bucket: testblockoutputstream of layout FILE_SYSTEM_OPTIMIZED in volume: testblockoutputstream
2024-05-04 14:26:47,586 [main] INFO  protocolPB.OmTransportFactory (OmTransportFactory.java:createFactory(62)) - Loading OM transport implementation org.apache.hadoop.ozone.om.protocolPB.Hadoop3OmTransportFactory as specified by configuration.
2024-05-04 14:26:47,593 [IPC Server handler 1 on default port 15054] INFO  ha.SequenceIdGenerator (SequenceIdGenerator.java:getNextId(145)) - Allocate a batch for containerId, change lastId from 0 to 1000.
2024-05-04 14:26:47,594 [IPC Server handler 1 on default port 15054] WARN  ha.SequenceIdGenerator (SequenceIdGenerator.java:allocateBatch(258)) - Failed to allocate a batch for localId, expected lastId is 0, actual lastId is 113750153625600000.
2024-05-04 14:26:47,594 [IPC Server handler 1 on default port 15054] INFO  ha.SequenceIdGenerator (SequenceIdGenerator.java:getNextId(145)) - Allocate a batch for localId, change lastId from 113750153625600000 to 113750153625601000.
2024-05-04 14:26:47,679 [main] INFO  ozoneimpl.OzoneContainer (OzoneContainer.java:stop(481)) - Attempting to stop container services.
2024-05-04 14:26:47,680 [ContainerMetadataScanner] WARN  ozoneimpl.AbstractBackgroundContainerScanner (AbstractBackgroundContainerScanner.java:handleRemainingSleep(134)) - Background container scan was interrupted.
2024-05-04 14:26:47,680 [ContainerMetadataScanner] INFO  ozoneimpl.AbstractBackgroundContainerScanner (AbstractBackgroundContainerScanner.java:run(61)) - Thread[ContainerMetadataScanner,5,main] exiting.
2024-05-04 14:26:47,680 [main] INFO  ozoneimpl.BackgroundContainerDataScanner (BackgroundContainerDataScanner.java:shutdown(141)) - ContainerDataScanner(/home/runner/work/ozone/ozone/hadoop-ozone/integration-test/target/test-dir/MiniOzoneClusterImpl-7c905145-d891-4b2f-be71-50eb4aa8551e/ozone-meta/datanode-2/data-0/hdds) is shutting down. 
2024-05-04 14:26:47,680 [ContainerDataScanner(/home/runner/work/ozone/ozone/hadoop-ozone/integration-test/target/test-dir/MiniOzoneClusterImpl-7c905145-d891-4b2f-be71-50eb4aa8551e/ozone-meta/datanode-2/data-0/hdds)] WARN  ozoneimpl.AbstractBackgroundContainerScanner (AbstractBackgroundContainerScanner.java:handleRemainingSleep(134)) - Background container scan was interrupted.
2024-05-04 14:26:47,680 [ContainerDataScanner(/home/runner/work/ozone/ozone/hadoop-ozone/integration-test/target/test-dir/MiniOzoneClusterImpl-7c905145-d891-4b2f-be71-50eb4aa8551e/ozone-meta/datanode-2/data-0/hdds)] INFO  ozoneimpl.AbstractBackgroundContainerScanner (AbstractBackgroundContainerScanner.java:run(61)) - ContainerDataScanner(/home/runner/work/ozone/ozone/hadoop-ozone/integration-test/target/test-dir/MiniOzoneClusterImpl-7c905145-d891-4b2f-be71-50eb4aa8551e/ozone-meta/datanode-2/data-0/hdds, DS-6d01c3f0-08ba-46bb-80b1-5cb442770aaf) exiting.
2024-05-04 14:26:47,680 [main] INFO  ozoneimpl.OnDemandContainerDataScanner (OnDemandContainerDataScanner.java:shutdownScanner(206)) - On-demand container scanner is shutting down.
2024-05-04 14:26:47,680 [main] INFO  server.RaftServer (RaftServerProxy.java:lambda$close$9(416)) - 9ec74834-1541-452c-921b-2d323393210f: close
2024-05-04 14:26:47,681 [9ec74834-1541-452c-921b-2d323393210f-impl-thread1] INFO  server.RaftServer$Division (RaftServerImpl.java:lambda$close$3(526)) - 9ec74834-1541-452c-921b-2d323393210f@group-B539B67C8ED3: shutdown
2024-05-04 14:26:47,681 [9ec74834-1541-452c-921b-2d323393210f-impl-thread1] INFO  util.JmxRegister (JmxRegister.java:unregister(73)) - Successfully un-registered JMX Bean with object name Ratis:service=RaftServer,group=group-B539B67C8ED3,id=9ec74834-1541-452c-921b-2d323393210f
2024-05-04 14:26:47,681 [9ec74834-1541-452c-921b-2d323393210f-impl-thread1] INFO  impl.RoleInfo (RoleInfo.java:shutdownLeaderState(94)) - 9ec74834-1541-452c-921b-2d323393210f: shutdown 9ec74834-1541-452c-921b-2d323393210f@group-B539B67C8ED3-LeaderStateImpl
2024-05-04 14:26:47,681 [9ec74834-1541-452c-921b-2d323393210f-impl-thread1] INFO  impl.PendingRequests (PendingRequests.java:sendNotLeaderResponses(289)) - 9ec74834-1541-452c-921b-2d323393210f@group-B539B67C8ED3-PendingRequests: sendNotLeaderResponses
2024-05-04 14:26:47,681 [9ec74834-1541-452c-921b-2d323393210f-impl-thread1] INFO  impl.StateMachineUpdater (StateMachineUpdater.java:stopAndJoin(157)) - 9ec74834-1541-452c-921b-2d323393210f@group-B539B67C8ED3-StateMachineUpdater: set stopIndex = 0
2024-05-04 14:26:47,681 [9ec74834-1541-452c-921b-2d323393210f@group-B539B67C8ED3-StateMachineUpdater] INFO  ratis.ContainerStateMachine (ContainerStateMachine.java:takeSnapshot(355)) - group-B539B67C8ED3: Taking a snapshot at:(t:1, i:0) file /home/runner/work/ozone/ozone/hadoop-ozone/integration-test/target/test-dir/MiniOzoneClusterImpl-7c905145-d891-4b2f-be71-50eb4aa8551e/ozone-meta/datanode-2/ratis/eb97d0b1-989d-45a5-adb9-b539b67c8ed3/sm/snapshot.1_0
2024-05-04 14:26:47,682 [9ec74834-1541-452c-921b-2d323393210f@group-B539B67C8ED3-StateMachineUpdater] INFO  ratis.ContainerStateMachine (ContainerStateMachine.java:takeSnapshot(366)) - group-B539B67C8ED3: Finished taking a snapshot at:(t:1, i:0) file:/home/runner/work/ozone/ozone/hadoop-ozone/integration-test/target/test-dir/MiniOzoneClusterImpl-7c905145-d891-4b2f-be71-50eb4aa8551e/ozone-meta/datanode-2/ratis/eb97d0b1-989d-45a5-adb9-b539b67c8ed3/sm/snapshot.1_0 took: 0 ms
2024-05-04 14:26:47,682 [9ec74834-1541-452c-921b-2d323393210f@group-B539B67C8ED3-StateMachineUpdater] INFO  impl.StateMachineUpdater (StateMachineUpdater.java:takeSnapshot(295)) - 9ec74834-1541-452c-921b-2d323393210f@group-B539B67C8ED3-StateMachineUpdater: Took a snapshot at index 0
2024-05-04 14:26:47,682 [9ec74834-1541-452c-921b-2d323393210f@group-B539B67C8ED3-StateMachineUpdater] INFO  impl.StateMachineUpdater (StateMachineUpdater.java:lambda$new$0(98)) - 9ec74834-1541-452c-921b-2d323393210f@group-B539B67C8ED3-StateMachineUpdater: snapshotIndex: updateIncreasingly -1 -> 0
2024-05-04 14:26:47,682 [main] INFO  server.GrpcService (GrpcService.java:closeImpl(311)) - 9ec74834-1541-452c-921b-2d323393210f: shutdown server org.apache.ratis.grpc.server.GrpcClientProtocolService now
2024-05-04 14:26:47,682 [9ec74834-1541-452c-921b-2d323393210f-impl-thread1] INFO  server.RaftServer$Division (ServerState.java:close(427)) - 9ec74834-1541-452c-921b-2d323393210f@group-B539B67C8ED3: applyIndex: 0
2024-05-04 14:26:47,682 [9ec74834-1541-452c-921b-2d323393210f@group-B539B67C8ED3-cacheEviction-AwaitToRun] INFO  util.AwaitToRun (AwaitToRun.java:run(49)) - 9ec74834-1541-452c-921b-2d323393210f@group-B539B67C8ED3-cacheEviction-AwaitToRun-AwaitForSignal is interrupted
2024-05-04 14:26:47,685 [9ec74834-1541-452c-921b-2d323393210f-impl-thread3] INFO  server.RaftServer$Division (RaftServerImpl.java:lambda$close$3(526)) - 9ec74834-1541-452c-921b-2d323393210f@group-C3DAD7AF45B8: shutdown
2024-05-04 14:26:47,686 [9ec74834-1541-452c-921b-2d323393210f-impl-thread3] INFO  util.JmxRegister (JmxRegister.java:unregister(73)) - Successfully un-registered JMX Bean with object name Ratis:service=RaftServer,group=group-C3DAD7AF45B8,id=9ec74834-1541-452c-921b-2d323393210f
2024-05-04 14:26:47,686 [9ec74834-1541-452c-921b-2d323393210f-impl-thread3] INFO  impl.RoleInfo (RoleInfo.java:shutdownFollowerState(110)) - 9ec74834-1541-452c-921b-2d323393210f: shutdown 9ec74834-1541-452c-921b-2d323393210f@group-C3DAD7AF45B8-FollowerState
2024-05-04 14:26:47,686 [9ec74834-1541-452c-921b-2d323393210f-impl-thread3] INFO  impl.StateMachineUpdater (StateMachineUpdater.java:stopAndJoin(157)) - 9ec74834-1541-452c-921b-2d323393210f@group-C3DAD7AF45B8-StateMachineUpdater: set stopIndex = -1
2024-05-04 14:26:47,686 [9ec74834-1541-452c-921b-2d323393210f-impl-thread4] INFO  server.RaftServer$Division (RaftServerImpl.java:lambda$close$3(526)) - 9ec74834-1541-452c-921b-2d323393210f@group-D5ED0AA30690: shutdown
2024-05-04 14:26:47,686 [9ec74834-1541-452c-921b-2d323393210f-impl-thread4] INFO  util.JmxRegister (JmxRegister.java:unregister(73)) - Successfully un-registered JMX Bean with object name Ratis:service=RaftServer,group=group-D5ED0AA30690,id=9ec74834-1541-452c-921b-2d323393210f
2024-05-04 14:26:47,686 [9ec74834-1541-452c-921b-2d323393210f-impl-thread4] INFO  impl.RoleInfo (RoleInfo.java:shutdownFollowerState(110)) - 9ec74834-1541-452c-921b-2d323393210f: shutdown 9ec74834-1541-452c-921b-2d323393210f@group-D5ED0AA30690-FollowerState
2024-05-04 14:26:47,686 [9ec74834-1541-452c-921b-2d323393210f@group-C3DAD7AF45B8-FollowerState] INFO  impl.FollowerState (FollowerState.java:run(152)) - 9ec74834-1541-452c-921b-2d323393210f@group-C3DAD7AF45B8-FollowerState was interrupted
2024-05-04 14:26:47,686 [9ec74834-1541-452c-921b-2d323393210f@group-D5ED0AA30690-FollowerState] INFO  impl.FollowerState (FollowerState.java:run(152)) - 9ec74834-1541-452c-921b-2d323393210f@group-D5ED0AA30690-FollowerState was interrupted
2024-05-04 14:26:47,686 [9ec74834-1541-452c-921b-2d323393210f-impl-thread3] INFO  server.RaftServer$Division (ServerState.java:close(427)) - 9ec74834-1541-452c-921b-2d323393210f@group-C3DAD7AF45B8: applyIndex: -1
2024-05-04 14:26:47,686 [9ec74834-1541-452c-921b-2d323393210f-impl-thread4] INFO  impl.StateMachineUpdater (StateMachineUpdater.java:stopAndJoin(157)) - 9ec74834-1541-452c-921b-2d323393210f@group-D5ED0AA30690-StateMachineUpdater: set stopIndex = 13
2024-05-04 14:26:47,686 [Thread-1776] INFO  server.GrpcServerProtocolClient (GrpcServerProtocolClient.java:close(103)) - 8808acf2-b901-482b-9182-8feecfa28384 Close channels
2024-05-04 14:26:47,687 [9ec74834-1541-452c-921b-2d323393210f-impl-thread2] INFO  server.RaftServer$Division (RaftServerImpl.java:lambda$close$3(526)) - 9ec74834-1541-452c-921b-2d323393210f@group-6025E5D5C1B1: shutdown
2024-05-04 14:26:47,687 [9ec74834-1541-452c-921b-2d323393210f-impl-thread2] INFO  util.JmxRegister (JmxRegister.java:unregister(73)) - Successfully un-registered JMX Bean with object name Ratis:service=RaftServer,group=group-6025E5D5C1B1,id=9ec74834-1541-452c-921b-2d323393210f
2024-05-04 14:26:47,687 [9ec74834-1541-452c-921b-2d323393210f-impl-thread2] INFO  impl.RoleInfo (RoleInfo.java:shutdownLeaderState(94)) - 9ec74834-1541-452c-921b-2d323393210f: shutdown 9ec74834-1541-452c-921b-2d323393210f@group-6025E5D5C1B1-LeaderStateImpl
2024-05-04 14:26:47,686 [9ec74834-1541-452c-921b-2d323393210f@group-C3DAD7AF45B8-cacheEviction-AwaitToRun] INFO  util.AwaitToRun (AwaitToRun.java:run(49)) - 9ec74834-1541-452c-921b-2d323393210f@group-C3DAD7AF45B8-cacheEviction-AwaitToRun-AwaitForSignal is interrupted
2024-05-04 14:26:47,686 [9ec74834-1541-452c-921b-2d323393210f@group-D5ED0AA30690-StateMachineUpdater] INFO  ratis.ContainerStateMachine (ContainerStateMachine.java:takeSnapshot(355)) - group-D5ED0AA30690: Taking a snapshot at:(t:1, i:13) file /home/runner/work/ozone/ozone/hadoop-ozone/integration-test/target/test-dir/MiniOzoneClusterImpl-7c905145-d891-4b2f-be71-50eb4aa8551e/ozone-meta/datanode-2/ratis/58634f81-2263-4b6f-9c6a-d5ed0aa30690/sm/snapshot.1_13
2024-05-04 14:26:47,689 [Thread-1778] INFO  server.GrpcServerProtocolClient (GrpcServerProtocolClient.java:close(103)) - 83059998-de51-48d1-9818-e6afe7fa3b6f Close channels
2024-05-04 14:26:47,688 [9ec74834-1541-452c-921b-2d323393210f-impl-thread2] INFO  impl.PendingRequests (PendingRequests.java:sendNotLeaderResponses(289)) - 9ec74834-1541-452c-921b-2d323393210f@group-6025E5D5C1B1-PendingRequests: sendNotLeaderResponses
2024-05-04 14:26:47,688 [9ec74834-1541-452c-921b-2d323393210f@group-6025E5D5C1B1->83059998-de51-48d1-9818-e6afe7fa3b6f-GrpcLogAppender-LogAppenderDaemon] WARN  server.GrpcLogAppender (GrpcLogAppender.java:mayWait(289)) - 9ec74834-1541-452c-921b-2d323393210f@group-6025E5D5C1B1->83059998-de51-48d1-9818-e6afe7fa3b6f-GrpcLogAppender: Wait interrupted by java.lang.InterruptedException
2024-05-04 14:26:47,687 [9ec74834-1541-452c-921b-2d323393210f@group-6025E5D5C1B1->8808acf2-b901-482b-9182-8feecfa28384-GrpcLogAppender-LogAppenderDaemon] WARN  server.GrpcLogAppender (GrpcLogAppender.java:mayWait(289)) - 9ec74834-1541-452c-921b-2d323393210f@group-6025E5D5C1B1->8808acf2-b901-482b-9182-8feecfa28384-GrpcLogAppender: Wait interrupted by java.lang.InterruptedException
2024-05-04 14:26:47,690 [9ec74834-1541-452c-921b-2d323393210f-impl-thread2] INFO  impl.StateMachineUpdater (StateMachineUpdater.java:stopAndJoin(157)) - 9ec74834-1541-452c-921b-2d323393210f@group-6025E5D5C1B1-StateMachineUpdater: set stopIndex = 0
2024-05-04 14:26:47,691 [9ec74834-1541-452c-921b-2d323393210f@group-6025E5D5C1B1-StateMachineUpdater] INFO  ratis.ContainerStateMachine (ContainerStateMachine.java:takeSnapshot(355)) - group-6025E5D5C1B1: Taking a snapshot at:(t:1, i:0) file /home/runner/work/ozone/ozone/hadoop-ozone/integration-test/target/test-dir/MiniOzoneClusterImpl-7c905145-d891-4b2f-be71-50eb4aa8551e/ozone-meta/datanode-2/ratis/662b2c8d-8f14-41d3-87b4-6025e5d5c1b1/sm/snapshot.1_0
2024-05-04 14:26:47,691 [grpc-default-executor-0] INFO  server.GrpcServerProtocolService (GrpcServerProtocolService.java:onCompleted(157)) - 83059998-de51-48d1-9818-e6afe7fa3b6f: Completed APPEND_ENTRIES, lastRequest: null
2024-05-04 14:26:47,691 [9ec74834-1541-452c-921b-2d323393210f@group-6025E5D5C1B1-StateMachineUpdater] INFO  ratis.ContainerStateMachine (ContainerStateMachine.java:takeSnapshot(366)) - group-6025E5D5C1B1: Finished taking a snapshot at:(t:1, i:0) file:/home/runner/work/ozone/ozone/hadoop-ozone/integration-test/target/test-dir/MiniOzoneClusterImpl-7c905145-d891-4b2f-be71-50eb4aa8551e/ozone-meta/datanode-2/ratis/662b2c8d-8f14-41d3-87b4-6025e5d5c1b1/sm/snapshot.1_0 took: 1 ms
2024-05-04 14:26:47,691 [grpc-default-executor-4] INFO  server.GrpcServerProtocolService (GrpcServerProtocolService.java:onCompleted(157)) - 83059998-de51-48d1-9818-e6afe7fa3b6f: Completed APPEND_ENTRIES, lastRequest: 9ec74834-1541-452c-921b-2d323393210f->83059998-de51-48d1-9818-e6afe7fa3b6f#1-t1,previous=(t:0, i:0),leaderCommit=-1,initializing? false,entries: size=1, first=(t:1, i:0), CONFIGURATIONENTRY(current:id: "8808acf2-b901-482b-9182-8feecfa28384"
address: "127.0.0.1:15085"
dataStreamAddress: "127.0.0.1:15086"
clientAddress: "127.0.0.1:15083"
adminAddress: "127.0.0.1:15084"
startupRole: FOLLOWER
,id: "9ec74834-1541-452c-921b-2d323393210f"
address: "127.0.0.1:15076"
priority: 1
dataStreamAddress: "127.0.0.1:15077"
clientAddress: "127.0.0.1:15074"
adminAddress: "127.0.0.1:15075"
startupRole: FOLLOWER
,id: "83059998-de51-48d1-9818-e6afe7fa3b6f"
address: "127.0.0.1:15067"
dataStreamAddress: "127.0.0.1:15068"
clientAddress: "127.0.0.1:15065"
adminAddress: "127.0.0.1:15066"
startupRole: FOLLOWER
, old:)
2024-05-04 14:26:47,691 [9ec74834-1541-452c-921b-2d323393210f@group-6025E5D5C1B1-StateMachineUpdater] INFO  impl.StateMachineUpdater (StateMachineUpdater.java:takeSnapshot(295)) - 9ec74834-1541-452c-921b-2d323393210f@group-6025E5D5C1B1-StateMachineUpdater: Took a snapshot at index 0
2024-05-04 14:26:47,691 [9ec74834-1541-452c-921b-2d323393210f@group-6025E5D5C1B1-StateMachineUpdater] INFO  impl.StateMachineUpdater (StateMachineUpdater.java:lambda$new$0(98)) - 9ec74834-1541-452c-921b-2d323393210f@group-6025E5D5C1B1-StateMachineUpdater: snapshotIndex: updateIncreasingly -1 -> 0
2024-05-04 14:26:47,691 [grpc-default-executor-4] INFO  server.GrpcServerProtocolService (GrpcServerProtocolService.java:lambda$onCompleted$5(159)) - 83059998-de51-48d1-9818-e6afe7fa3b6f: Completed APPEND_ENTRIES, lastReply: null
2024-05-04 14:26:47,692 [9ec74834-1541-452c-921b-2d323393210f-impl-thread2] INFO  server.RaftServer$Division (ServerState.java:close(427)) - 9ec74834-1541-452c-921b-2d323393210f@group-6025E5D5C1B1: applyIndex: 0
2024-05-04 14:26:47,692 [grpc-default-executor-3] INFO  server.GrpcLogAppender (GrpcLogAppender.java:onCompleted(546)) - 9ec74834-1541-452c-921b-2d323393210f@group-6025E5D5C1B1->83059998-de51-48d1-9818-e6afe7fa3b6f-AppendLogResponseHandler: follower responses appendEntries COMPLETED
2024-05-04 14:26:47,692 [grpc-default-executor-3] WARN  server.GrpcLogAppender (GrpcLogAppender.java:resetClient(226)) - 9ec74834-1541-452c-921b-2d323393210f@group-6025E5D5C1B1->83059998-de51-48d1-9818-e6afe7fa3b6f-GrpcLogAppender: Failed to getClient for 83059998-de51-48d1-9818-e6afe7fa3b6f
org.apache.ratis.protocol.exceptions.AlreadyClosedException: 9ec74834-1541-452c-921b-2d323393210f is already CLOSED
	at org.apache.ratis.util.PeerProxyMap$PeerAndProxy.getProxy(PeerProxyMap.java:65)
	at org.apache.ratis.util.PeerProxyMap.getProxy(PeerProxyMap.java:114)
	at org.apache.ratis.grpc.server.GrpcLogAppender.getClient(GrpcLogAppender.java:196)
	at org.apache.ratis.grpc.server.GrpcLogAppender.resetClient(GrpcLogAppender.java:201)
	at org.apache.ratis.grpc.server.GrpcLogAppender.access$800(GrpcLogAppender.java:62)
	at org.apache.ratis.grpc.server.GrpcLogAppender$AppendLogResponseHandler.onCompleted(GrpcLogAppender.java:547)
	at org.apache.ratis.thirdparty.io.grpc.stub.ClientCalls$StreamObserverToCallListenerAdapter.onClose(ClientCalls.java:479)
	at org.apache.ratis.thirdparty.io.grpc.internal.ClientCallImpl.closeObserver(ClientCallImpl.java:567)
	at org.apache.ratis.thirdparty.io.grpc.internal.ClientCallImpl.access$300(ClientCallImpl.java:71)
	at org.apache.ratis.thirdparty.io.grpc.internal.ClientCallImpl$ClientStreamListenerImpl$1StreamClosed.runInternal(ClientCallImpl.java:735)
	at org.apache.ratis.thirdparty.io.grpc.internal.ClientCallImpl$ClientStreamListenerImpl$1StreamClosed.runInContext(ClientCallImpl.java:716)
	at org.apache.ratis.thirdparty.io.grpc.internal.ContextRunnable.run(ContextRunnable.java:37)
	at org.apache.ratis.thirdparty.io.grpc.internal.SerializingExecutor.run(SerializingExecutor.java:133)
	at java.base/java.util.concurrent.ThreadPoolExecutor.runWorker(ThreadPoolExecutor.java:1136)
	at java.base/java.util.concurrent.ThreadPoolExecutor$Worker.run(ThreadPoolExecutor.java:635)
	at java.base/java.lang.Thread.run(Thread.java:840)
2024-05-04 14:26:47,693 [9ec74834-1541-452c-921b-2d323393210f@group-6025E5D5C1B1-cacheEviction-AwaitToRun] INFO  util.AwaitToRun (AwaitToRun.java:run(49)) - 9ec74834-1541-452c-921b-2d323393210f@group-6025E5D5C1B1-cacheEviction-AwaitToRun-AwaitForSignal is interrupted
2024-05-04 14:26:47,692 [grpc-default-executor-1] INFO  server.GrpcServerProtocolService (GrpcServerProtocolService.java:onCompleted(157)) - 8808acf2-b901-482b-9182-8feecfa28384: Completed APPEND_ENTRIES, lastRequest: null
2024-05-04 14:26:47,694 [grpc-default-executor-5] INFO  server.GrpcServerProtocolService (GrpcServerProtocolService.java:onCompleted(157)) - 8808acf2-b901-482b-9182-8feecfa28384: Completed APPEND_ENTRIES, lastRequest: 9ec74834-1541-452c-921b-2d323393210f->8808acf2-b901-482b-9182-8feecfa28384#1-t1,previous=(t:0, i:0),leaderCommit=-1,initializing? false,entries: size=1, first=(t:1, i:0), CONFIGURATIONENTRY(current:id: "8808acf2-b901-482b-9182-8feecfa28384"
address: "127.0.0.1:15085"
dataStreamAddress: "127.0.0.1:15086"
clientAddress: "127.0.0.1:15083"
adminAddress: "127.0.0.1:15084"
startupRole: FOLLOWER
,id: "9ec74834-1541-452c-921b-2d323393210f"
address: "127.0.0.1:15076"
priority: 1
dataStreamAddress: "127.0.0.1:15077"
clientAddress: "127.0.0.1:15074"
adminAddress: "127.0.0.1:15075"
startupRole: FOLLOWER
,id: "83059998-de51-48d1-9818-e6afe7fa3b6f"
address: "127.0.0.1:15067"
dataStreamAddress: "127.0.0.1:15068"
clientAddress: "127.0.0.1:15065"
adminAddress: "127.0.0.1:15066"
startupRole: FOLLOWER
, old:)
2024-05-04 14:26:47,694 [grpc-default-executor-5] INFO  server.GrpcServerProtocolService (GrpcServerProtocolService.java:lambda$onCompleted$5(159)) - 8808acf2-b901-482b-9182-8feecfa28384: Completed APPEND_ENTRIES, lastReply: null
2024-05-04 14:26:47,691 [9ec74834-1541-452c-921b-2d323393210f@group-D5ED0AA30690-StateMachineUpdater] INFO  ratis.ContainerStateMachine (ContainerStateMachine.java:takeSnapshot(366)) - group-D5ED0AA30690: Finished taking a snapshot at:(t:1, i:13) file:/home/runner/work/ozone/ozone/hadoop-ozone/integration-test/target/test-dir/MiniOzoneClusterImpl-7c905145-d891-4b2f-be71-50eb4aa8551e/ozone-meta/datanode-2/ratis/58634f81-2263-4b6f-9c6a-d5ed0aa30690/sm/snapshot.1_13 took: 6 ms
2024-05-04 14:26:47,694 [grpc-default-executor-1] INFO  server.GrpcServerProtocolService (GrpcServerProtocolService.java:lambda$onCompleted$5(159)) - 8808acf2-b901-482b-9182-8feecfa28384: Completed APPEND_ENTRIES, lastReply: serverReply {
  requestorId: "9ec74834-1541-452c-921b-2d323393210f"
  replyId: "8808acf2-b901-482b-9182-8feecfa28384"
  raftGroupId {
    id: "f+,\215\217\024A\323\207\264`%\345\325\301\261"
  }
  success: true
}
term: 1
nextIndex: 1
followerCommit: 18446744073709551615
matchIndex: 18446744073709551615
isHearbeat: true

2024-05-04 14:26:47,694 [grpc-default-executor-0] INFO  server.GrpcServerProtocolService (GrpcServerProtocolService.java:lambda$onCompleted$5(159)) - 83059998-de51-48d1-9818-e6afe7fa3b6f: Completed APPEND_ENTRIES, lastReply: serverReply {
  requestorId: "9ec74834-1541-452c-921b-2d323393210f"
  replyId: "83059998-de51-48d1-9818-e6afe7fa3b6f"
  raftGroupId {
    id: "f+,\215\217\024A\323\207\264`%\345\325\301\261"
  }
  success: true
}
term: 1
nextIndex: 1
followerCommit: 18446744073709551615
matchIndex: 18446744073709551615
isHearbeat: true

2024-05-04 14:26:47,695 [grpc-default-executor-1] INFO  server.GrpcLogAppender (GrpcLogAppender.java:onCompleted(546)) - 9ec74834-1541-452c-921b-2d323393210f@group-6025E5D5C1B1->83059998-de51-48d1-9818-e6afe7fa3b6f-AppendLogResponseHandler: follower responses appendEntries COMPLETED
2024-05-04 14:26:47,695 [grpc-default-executor-1] WARN  server.GrpcLogAppender (GrpcLogAppender.java:resetClient(226)) - 9ec74834-1541-452c-921b-2d323393210f@group-6025E5D5C1B1->83059998-de51-48d1-9818-e6afe7fa3b6f-GrpcLogAppender: Failed to getClient for 83059998-de51-48d1-9818-e6afe7fa3b6f
org.apache.ratis.protocol.exceptions.AlreadyClosedException: 9ec74834-1541-452c-921b-2d323393210f is already CLOSED
	at org.apache.ratis.util.PeerProxyMap$PeerAndProxy.getProxy(PeerProxyMap.java:65)
	at org.apache.ratis.util.PeerProxyMap.getProxy(PeerProxyMap.java:114)
	at org.apache.ratis.grpc.server.GrpcLogAppender.getClient(GrpcLogAppender.java:196)
	at org.apache.ratis.grpc.server.GrpcLogAppender.resetClient(GrpcLogAppender.java:201)
	at org.apache.ratis.grpc.server.GrpcLogAppender.access$800(GrpcLogAppender.java:62)
	at org.apache.ratis.grpc.server.GrpcLogAppender$AppendLogResponseHandler.onCompleted(GrpcLogAppender.java:547)
	at org.apache.ratis.thirdparty.io.grpc.stub.ClientCalls$StreamObserverToCallListenerAdapter.onClose(ClientCalls.java:479)
	at org.apache.ratis.thirdparty.io.grpc.internal.DelayedClientCall$DelayedListener$3.run(DelayedClientCall.java:489)
	at org.apache.ratis.thirdparty.io.grpc.internal.DelayedClientCall$DelayedListener.delayOrExecute(DelayedClientCall.java:453)
	at org.apache.ratis.thirdparty.io.grpc.internal.DelayedClientCall$DelayedListener.onClose(DelayedClientCall.java:486)
	at org.apache.ratis.thirdparty.io.grpc.internal.ClientCallImpl.closeObserver(ClientCallImpl.java:567)
	at org.apache.ratis.thirdparty.io.grpc.internal.ClientCallImpl.access$300(ClientCallImpl.java:71)
	at org.apache.ratis.thirdparty.io.grpc.internal.ClientCallImpl$ClientStreamListenerImpl$1StreamClosed.runInternal(ClientCallImpl.java:735)
	at org.apache.ratis.thirdparty.io.grpc.internal.ClientCallImpl$ClientStreamListenerImpl$1StreamClosed.runInContext(ClientCallImpl.java:716)
	at org.apache.ratis.thirdparty.io.grpc.internal.ContextRunnable.run(ContextRunnable.java:37)
	at org.apache.ratis.thirdparty.io.grpc.internal.SerializingExecutor.run(SerializingExecutor.java:133)
	at java.base/java.util.concurrent.ThreadPoolExecutor.runWorker(ThreadPoolExecutor.java:1136)
	at java.base/java.util.concurrent.ThreadPoolExecutor$Worker.run(ThreadPoolExecutor.java:635)
	at java.base/java.lang.Thread.run(Thread.java:840)
2024-05-04 14:26:47,694 [9ec74834-1541-452c-921b-2d323393210f@group-D5ED0AA30690-StateMachineUpdater] INFO  impl.StateMachineUpdater (StateMachineUpdater.java:takeSnapshot(295)) - 9ec74834-1541-452c-921b-2d323393210f@group-D5ED0AA30690-StateMachineUpdater: Took a snapshot at index 13
2024-05-04 14:26:47,695 [9ec74834-1541-452c-921b-2d323393210f@group-D5ED0AA30690-StateMachineUpdater] INFO  impl.StateMachineUpdater (StateMachineUpdater.java:lambda$new$0(98)) - 9ec74834-1541-452c-921b-2d323393210f@group-D5ED0AA30690-StateMachineUpdater: snapshotIndex: updateIncreasingly -1 -> 13
2024-05-04 14:26:47,696 [9ec74834-1541-452c-921b-2d323393210f-impl-thread4] INFO  server.RaftServer$Division (ServerState.java:close(427)) - 9ec74834-1541-452c-921b-2d323393210f@group-D5ED0AA30690: applyIndex: 13
2024-05-04 14:26:47,696 [9ec74834-1541-452c-921b-2d323393210f@group-D5ED0AA30690-cacheEviction-AwaitToRun] INFO  util.AwaitToRun (AwaitToRun.java:run(49)) - 9ec74834-1541-452c-921b-2d323393210f@group-D5ED0AA30690-cacheEviction-AwaitToRun-AwaitForSignal is interrupted
2024-05-04 14:26:47,696 [grpc-default-executor-5] INFO  server.GrpcLogAppender (GrpcLogAppender.java:onCompleted(546)) - 9ec74834-1541-452c-921b-2d323393210f@group-6025E5D5C1B1->8808acf2-b901-482b-9182-8feecfa28384-AppendLogResponseHandler: follower responses appendEntries COMPLETED
2024-05-04 14:26:47,697 [grpc-default-executor-5] WARN  server.GrpcLogAppender (GrpcLogAppender.java:resetClient(226)) - 9ec74834-1541-452c-921b-2d323393210f@group-6025E5D5C1B1->8808acf2-b901-482b-9182-8feecfa28384-GrpcLogAppender: Failed to getClient for 8808acf2-b901-482b-9182-8feecfa28384
org.apache.ratis.protocol.exceptions.AlreadyClosedException: 9ec74834-1541-452c-921b-2d323393210f is already CLOSED
	at org.apache.ratis.util.PeerProxyMap$PeerAndProxy.getProxy(PeerProxyMap.java:65)
	at org.apache.ratis.util.PeerProxyMap.getProxy(PeerProxyMap.java:114)
	at org.apache.ratis.grpc.server.GrpcLogAppender.getClient(GrpcLogAppender.java:196)
	at org.apache.ratis.grpc.server.GrpcLogAppender.resetClient(GrpcLogAppender.java:201)
	at org.apache.ratis.grpc.server.GrpcLogAppender.access$800(GrpcLogAppender.java:62)
	at org.apache.ratis.grpc.server.GrpcLogAppender$AppendLogResponseHandler.onCompleted(GrpcLogAppender.java:547)
	at org.apache.ratis.thirdparty.io.grpc.stub.ClientCalls$StreamObserverToCallListenerAdapter.onClose(ClientCalls.java:479)
	at org.apache.ratis.thirdparty.io.grpc.internal.ClientCallImpl.closeObserver(ClientCallImpl.java:567)
	at org.apache.ratis.thirdparty.io.grpc.internal.ClientCallImpl.access$300(ClientCallImpl.java:71)
	at org.apache.ratis.thirdparty.io.grpc.internal.ClientCallImpl$ClientStreamListenerImpl$1StreamClosed.runInternal(ClientCallImpl.java:735)
	at org.apache.ratis.thirdparty.io.grpc.internal.ClientCallImpl$ClientStreamListenerImpl$1StreamClosed.runInContext(ClientCallImpl.java:716)
	at org.apache.ratis.thirdparty.io.grpc.internal.ContextRunnable.run(ContextRunnable.java:37)
	at org.apache.ratis.thirdparty.io.grpc.internal.SerializingExecutor.run(SerializingExecutor.java:133)
	at java.base/java.util.concurrent.ThreadPoolExecutor.runWorker(ThreadPoolExecutor.java:1136)
	at java.base/java.util.concurrent.ThreadPoolExecutor$Worker.run(ThreadPoolExecutor.java:635)
	at java.base/java.lang.Thread.run(Thread.java:840)
2024-05-04 14:26:47,697 [grpc-default-executor-4] INFO  server.GrpcLogAppender (GrpcLogAppender.java:onCompleted(546)) - 9ec74834-1541-452c-921b-2d323393210f@group-6025E5D5C1B1->8808acf2-b901-482b-9182-8feecfa28384-AppendLogResponseHandler: follower responses appendEntries COMPLETED
2024-05-04 14:26:47,697 [grpc-default-executor-4] WARN  server.GrpcLogAppender (GrpcLogAppender.java:resetClient(226)) - 9ec74834-1541-452c-921b-2d323393210f@group-6025E5D5C1B1->8808acf2-b901-482b-9182-8feecfa28384-GrpcLogAppender: Failed to getClient for 8808acf2-b901-482b-9182-8feecfa28384
org.apache.ratis.protocol.exceptions.AlreadyClosedException: 9ec74834-1541-452c-921b-2d323393210f is already CLOSED
	at org.apache.ratis.util.PeerProxyMap$PeerAndProxy.getProxy(PeerProxyMap.java:65)
	at org.apache.ratis.util.PeerProxyMap.getProxy(PeerProxyMap.java:114)
	at org.apache.ratis.grpc.server.GrpcLogAppender.getClient(GrpcLogAppender.java:196)
	at org.apache.ratis.grpc.server.GrpcLogAppender.resetClient(GrpcLogAppender.java:201)
	at org.apache.ratis.grpc.server.GrpcLogAppender.access$800(GrpcLogAppender.java:62)
	at org.apache.ratis.grpc.server.GrpcLogAppender$AppendLogResponseHandler.onCompleted(GrpcLogAppender.java:547)
	at org.apache.ratis.thirdparty.io.grpc.stub.ClientCalls$StreamObserverToCallListenerAdapter.onClose(ClientCalls.java:479)
	at org.apache.ratis.thirdparty.io.grpc.internal.ClientCallImpl.closeObserver(ClientCallImpl.java:567)
	at org.apache.ratis.thirdparty.io.grpc.internal.ClientCallImpl.access$300(ClientCallImpl.java:71)
	at org.apache.ratis.thirdparty.io.grpc.internal.ClientCallImpl$ClientStreamListenerImpl$1StreamClosed.runInternal(ClientCallImpl.java:735)
	at org.apache.ratis.thirdparty.io.grpc.internal.ClientCallImpl$ClientStreamListenerImpl$1StreamClosed.runInContext(ClientCallImpl.java:716)
	at org.apache.ratis.thirdparty.io.grpc.internal.ContextRunnable.run(ContextRunnable.java:37)
	at org.apache.ratis.thirdparty.io.grpc.internal.SerializingExecutor.run(SerializingExecutor.java:133)
	at java.base/java.util.concurrent.ThreadPoolExecutor.runWorker(ThreadPoolExecutor.java:1136)
	at java.base/java.util.concurrent.ThreadPoolExecutor$Worker.run(ThreadPoolExecutor.java:635)
	at java.base/java.lang.Thread.run(Thread.java:840)
2024-05-04 14:26:47,698 [main] INFO  server.GrpcService (GrpcService.java:closeImpl(320)) - 9ec74834-1541-452c-921b-2d323393210f: shutdown server org.apache.ratis.grpc.server.GrpcClientProtocolService successfully
2024-05-04 14:26:47,698 [main] INFO  server.GrpcService (GrpcService.java:closeImpl(311)) - 9ec74834-1541-452c-921b-2d323393210f: shutdown server GrpcServerProtocolService now
2024-05-04 14:26:47,699 [grpc-default-executor-2] WARN  server.GrpcServerProtocolService (LogUtils.java:warn(121)) - 9ec74834-1541-452c-921b-2d323393210f: APPEND_ENTRIES onError, lastRequest: null: org.apache.ratis.thirdparty.io.grpc.StatusRuntimeException: CANCELLED: client cancelled
2024-05-04 14:26:47,700 [grpc-default-executor-4] WARN  server.GrpcServerProtocolService (LogUtils.java:warn(121)) - 9ec74834-1541-452c-921b-2d323393210f: APPEND_ENTRIES onError, lastRequest: 8808acf2-b901-482b-9182-8feecfa28384->9ec74834-1541-452c-921b-2d323393210f#28-t1,previous=(t:1, i:14),leaderCommit=13,initializing? false,entries: size=1, first=(t:1, i:15), METADATAENTRY(c:13): org.apache.ratis.thirdparty.io.grpc.StatusRuntimeException: CANCELLED: client cancelled
2024-05-04 14:26:47,700 [grpc-default-executor-0] WARN  server.GrpcServerProtocolService (LogUtils.java:warn(121)) - 9ec74834-1541-452c-921b-2d323393210f: APPEND_ENTRIES onError, lastRequest: 83059998-de51-48d1-9818-e6afe7fa3b6f->9ec74834-1541-452c-921b-2d323393210f#1-t1,previous=(t:0, i:0),leaderCommit=-1,initializing? false,entries: size=1, first=(t:1, i:0), CONFIGURATIONENTRY(current:id: "8808acf2-b901-482b-9182-8feecfa28384"
address: "127.0.0.1:15085"
dataStreamAddress: "127.0.0.1:15086"
clientAddress: "127.0.0.1:15083"
adminAddress: "127.0.0.1:15084"
startupRole: FOLLOWER
,id: "9ec74834-1541-452c-921b-2d323393210f"
address: "127.0.0.1:15076"
dataStreamAddress: "127.0.0.1:15077"
clientAddress: "127.0.0.1:15074"
adminAddress: "127.0.0.1:15075"
startupRole: FOLLOWER
,id: "83059998-de51-48d1-9818-e6afe7fa3b6f"
address: "127.0.0.1:15067"
priority: 1
dataStreamAddress: "127.0.0.1:15068"
clientAddress: "127.0.0.1:15065"
adminAddress: "127.0.0.1:15066"
startupRole: FOLLOWER
, old:): org.apache.ratis.thirdparty.io.grpc.StatusRuntimeException: CANCELLED: client cancelled
2024-05-04 14:26:47,700 [grpc-default-executor-0] WARN  server.GrpcServerProtocolService (LogUtils.java:warn(121)) - 9ec74834-1541-452c-921b-2d323393210f: APPEND_ENTRIES onError, lastRequest: null: org.apache.ratis.thirdparty.io.grpc.StatusRuntimeException: CANCELLED: client cancelled
2024-05-04 14:26:47,705 [main] INFO  server.GrpcService (GrpcService.java:closeImpl(320)) - 9ec74834-1541-452c-921b-2d323393210f: shutdown server GrpcServerProtocolService successfully
2024-05-04 14:26:47,705 [main] INFO  server.GrpcService (GrpcService.java:closeImpl(311)) - 9ec74834-1541-452c-921b-2d323393210f: shutdown server org.apache.ratis.grpc.server.GrpcAdminProtocolService now
2024-05-04 14:26:47,706 [grpc-default-executor-6] WARN  server.GrpcLogAppender (LogUtils.java:warn(121)) - 83059998-de51-48d1-9818-e6afe7fa3b6f@group-C3DAD7AF45B8->9ec74834-1541-452c-921b-2d323393210f-AppendLogResponseHandler: Failed appendEntries: org.apache.ratis.thirdparty.io.grpc.StatusRuntimeException: CANCELLED: RST_STREAM closed stream. HTTP/2 error code: CANCEL
2024-05-04 14:26:47,706 [grpc-default-executor-0] WARN  server.GrpcLogAppender (LogUtils.java:warn(121)) - 8808acf2-b901-482b-9182-8feecfa28384@group-D5ED0AA30690->9ec74834-1541-452c-921b-2d323393210f-AppendLogResponseHandler: Failed appendEntries: org.apache.ratis.thirdparty.io.grpc.StatusRuntimeException: CANCELLED: RST_STREAM closed stream. HTTP/2 error code: CANCEL
2024-05-04 14:26:47,706 [grpc-default-executor-6] WARN  server.GrpcLogAppender (GrpcLogAppender.java:lambda$resetClient$1(217)) - 83059998-de51-48d1-9818-e6afe7fa3b6f@group-C3DAD7AF45B8->9ec74834-1541-452c-921b-2d323393210f-GrpcLogAppender: Follower failed (request=null, errorCount=1); keep nextIndex (1) unchanged and retry.
2024-05-04 14:26:47,706 [grpc-default-executor-0] WARN  server.GrpcLogAppender (GrpcLogAppender.java:lambda$resetClient$1(217)) - 8808acf2-b901-482b-9182-8feecfa28384@group-D5ED0AA30690->9ec74834-1541-452c-921b-2d323393210f-GrpcLogAppender: Follower failed (request=null, errorCount=1); keep nextIndex (16) unchanged and retry.
2024-05-04 14:26:47,706 [main] INFO  server.GrpcService (GrpcService.java:closeImpl(320)) - 9ec74834-1541-452c-921b-2d323393210f: shutdown server org.apache.ratis.grpc.server.GrpcAdminProtocolService successfully
2024-05-04 14:26:47,709 [9ec74834-1541-452c-921b-2d323393210f-impl-thread3] INFO  segmented.SegmentedRaftLogWorker (SegmentedRaftLogWorker.java:close(245)) - 9ec74834-1541-452c-921b-2d323393210f@group-C3DAD7AF45B8-SegmentedRaftLogWorker close()
2024-05-04 14:26:47,710 [9ec74834-1541-452c-921b-2d323393210f-NettyServerStreamRpc-bossGroup--thread1] INFO  logging.LoggingHandler (AbstractInternalLogger.java:log(148)) - [id: 0xd6bde678, L:/0.0.0.0:15077] CLOSE
2024-05-04 14:26:47,710 [9ec74834-1541-452c-921b-2d323393210f-NettyServerStreamRpc-bossGroup--thread1] INFO  logging.LoggingHandler (AbstractInternalLogger.java:log(148)) - [id: 0xd6bde678, L:/0.0.0.0:15077] INACTIVE
2024-05-04 14:26:47,710 [9ec74834-1541-452c-921b-2d323393210f-NettyServerStreamRpc-bossGroup--thread1] INFO  logging.LoggingHandler (AbstractInternalLogger.java:log(148)) - [id: 0xd6bde678, L:/0.0.0.0:15077] UNREGISTERED
2024-05-04 14:26:48,385 [9ec74834-1541-452c-921b-2d323393210f-impl-thread1] INFO  segmented.SegmentedRaftLogWorker (SegmentedRaftLogWorker.java:close(245)) - 9ec74834-1541-452c-921b-2d323393210f@group-B539B67C8ED3-SegmentedRaftLogWorker close()
2024-05-04 14:26:48,583 [9ec74834-1541-452c-921b-2d323393210f-impl-thread2] INFO  segmented.SegmentedRaftLogWorker (SegmentedRaftLogWorker.java:close(245)) - 9ec74834-1541-452c-921b-2d323393210f@group-6025E5D5C1B1-SegmentedRaftLogWorker close()
2024-05-04 14:26:48,661 [9ec74834-1541-452c-921b-2d323393210f-impl-thread4] INFO  segmented.SegmentedRaftLogWorker (SegmentedRaftLogWorker.java:close(245)) - 9ec74834-1541-452c-921b-2d323393210f@group-D5ED0AA30690-SegmentedRaftLogWorker close()
2024-05-04 14:26:48,662 [JvmPauseMonitor10] INFO  util.JvmPauseMonitor (JvmPauseMonitor.java:run(152)) - JvmPauseMonitor-9ec74834-1541-452c-921b-2d323393210f: Stopped
2024-05-04 14:26:50,664 [main] INFO  utils.DatanodeStoreCache (DatanodeStoreCache.java:shutdownCache(116)) - Skip clearing cache in mini cluster mode. Entries left: [/home/runner/work/ozone/ozone/hadoop-ozone/integration-test/target/test-dir/MiniOzoneClusterImpl-7c905145-d891-4b2f-be71-50eb4aa8551e/ozone-meta/datanode-1/data-0/hdds/7c905145-d891-4b2f-be71-50eb4aa8551e/DS-8851875b-decc-406d-be6c-63577eb7d2b1/container.db, /home/runner/work/ozone/ozone/hadoop-ozone/integration-test/target/test-dir/MiniOzoneClusterImpl-7c905145-d891-4b2f-be71-50eb4aa8551e/ozone-meta/datanode-2/data-0/hdds/7c905145-d891-4b2f-be71-50eb4aa8551e/DS-6d01c3f0-08ba-46bb-80b1-5cb442770aaf/container.db, /home/runner/work/ozone/ozone/hadoop-ozone/integration-test/target/test-dir/MiniOzoneClusterImpl-7c905145-d891-4b2f-be71-50eb4aa8551e/ozone-meta/datanode-3/data-0/hdds/7c905145-d891-4b2f-be71-50eb4aa8551e/DS-dace4c98-7f23-4dd0-aa1a-79c639db6c24/container.db, /home/runner/work/ozone/ozone/hadoop-ozone/integration-test/target/test-dir/MiniOzoneClusterImpl-7c905145-d891-4b2f-be71-50eb4aa8551e/ozone-meta/datanode-4/data-0/hdds/7c905145-d891-4b2f-be71-50eb4aa8551e/DS-df6dd806-0e81-457e-8c8d-76ce3126f522/container.db, /home/runner/work/ozone/ozone/hadoop-ozone/integration-test/target/test-dir/MiniOzoneClusterImpl-7c905145-d891-4b2f-be71-50eb4aa8551e/ozone-meta/datanode-5/data-0/hdds/7c905145-d891-4b2f-be71-50eb4aa8551e/DS-9b510831-d0ca-4066-ad0b-f43285c736ad/container.db]
2024-05-04 14:26:50,665 [main] INFO  utils.DatanodeStoreCache (DatanodeStoreCache.java:removeDB(110)) - Removed db /home/runner/work/ozone/ozone/hadoop-ozone/integration-test/target/test-dir/MiniOzoneClusterImpl-7c905145-d891-4b2f-be71-50eb4aa8551e/ozone-meta/datanode-2/data-0/hdds/7c905145-d891-4b2f-be71-50eb4aa8551e/DS-6d01c3f0-08ba-46bb-80b1-5cb442770aaf/container.db from cache
2024-05-04 14:26:50,665 [main] INFO  volume.HddsVolume (HddsVolume.java:closeDbStore(470)) - SchemaV3 db is stopped at /home/runner/work/ozone/ozone/hadoop-ozone/integration-test/target/test-dir/MiniOzoneClusterImpl-7c905145-d891-4b2f-be71-50eb4aa8551e/ozone-meta/datanode-2/data-0/hdds/7c905145-d891-4b2f-be71-50eb4aa8551e/DS-6d01c3f0-08ba-46bb-80b1-5cb442770aaf/container.db for volume DS-6d01c3f0-08ba-46bb-80b1-5cb442770aaf
2024-05-04 14:26:50,666 [main] INFO  utils.BackgroundService (BackgroundService.java:shutdown(160)) - Shutting down service BlockDeletingService
2024-05-04 14:26:50,666 [main] INFO  utils.BackgroundService (BackgroundService.java:shutdown(160)) - Shutting down service StaleRecoveringContainerScrubbingService
2024-05-04 14:26:50,666 [main] INFO  statemachine.DatanodeStateMachine (DatanodeStateMachine.java:stopDaemon(638)) - Ozone container server stopped.
2024-05-04 14:26:50,667 [main] INFO  handler.ContextHandler (ContextHandler.java:doStop(1159)) - Stopped o.e.j.w.WebAppContext@33d74ebd{hddsDatanode,/,null,STOPPED}{file:/home/runner/work/ozone/ozone/hadoop-hdds/container-service/target/classes/webapps/hddsDatanode}
2024-05-04 14:26:50,667 [main] INFO  server.AbstractConnector (AbstractConnector.java:doStop(383)) - Stopped ServerConnector@5d81c34a{HTTP/1.1, (http/1.1)}{0.0.0.0:15071}
2024-05-04 14:26:50,667 [main] INFO  server.session (HouseKeeper.java:stopScavenging(149)) - node0 Stopped scavenging
2024-05-04 14:26:50,668 [main] INFO  handler.ContextHandler (ContextHandler.java:doStop(1159)) - Stopped o.e.j.s.ServletContextHandler@702189aa{static,/static,file:///home/runner/work/ozone/ozone/hadoop-hdds/container-service/target/classes/webapps/static,STOPPED}
2024-05-04 14:26:50,668 [main] INFO  handler.ContextHandler (ContextHandler.java:doStop(1159)) - Stopped o.e.j.s.ServletContextHandler@3030edcc{logs,/logs,file:///home/runner/work/ozone/ozone/hadoop-ozone/integration-test/target/log,STOPPED}
2024-05-04 14:26:50,669 [main] INFO  ozone.HddsDatanodeClientProtocolServer (HddsDatanodeClientProtocolServer.java:stop(83)) - Stopping the RPC server for Client Protocol
2024-05-04 14:26:50,669 [main] INFO  ipc.Server (Server.java:stop(3523)) - Stopping server on 15072
2024-05-04 14:26:50,669 [IPC Server listener on 15072] INFO  ipc.Server (Server.java:run(1434)) - Stopping IPC Server listener on 15072
2024-05-04 14:26:50,669 [IPC Server Responder] INFO  ipc.Server (Server.java:run(1567)) - Stopping IPC Server Responder
2024-05-04 14:26:50,671 [main] INFO  ozoneimpl.OzoneContainer (OzoneContainer.java:stop(481)) - Attempting to stop container services.
2024-05-04 14:26:50,671 [ContainerMetadataScanner] WARN  ozoneimpl.AbstractBackgroundContainerScanner (AbstractBackgroundContainerScanner.java:handleRemainingSleep(134)) - Background container scan was interrupted.
2024-05-04 14:26:50,671 [ContainerMetadataScanner] INFO  ozoneimpl.AbstractBackgroundContainerScanner (AbstractBackgroundContainerScanner.java:run(61)) - Thread[ContainerMetadataScanner,5,main] exiting.
2024-05-04 14:26:50,671 [main] INFO  ozoneimpl.BackgroundContainerDataScanner (BackgroundContainerDataScanner.java:shutdown(141)) - ContainerDataScanner(/home/runner/work/ozone/ozone/hadoop-ozone/integration-test/target/test-dir/MiniOzoneClusterImpl-7c905145-d891-4b2f-be71-50eb4aa8551e/ozone-meta/datanode-1/data-0/hdds) is shutting down. 
2024-05-04 14:26:50,672 [ContainerDataScanner(/home/runner/work/ozone/ozone/hadoop-ozone/integration-test/target/test-dir/MiniOzoneClusterImpl-7c905145-d891-4b2f-be71-50eb4aa8551e/ozone-meta/datanode-1/data-0/hdds)] WARN  ozoneimpl.AbstractBackgroundContainerScanner (AbstractBackgroundContainerScanner.java:handleRemainingSleep(134)) - Background container scan was interrupted.
2024-05-04 14:26:50,672 [ContainerDataScanner(/home/runner/work/ozone/ozone/hadoop-ozone/integration-test/target/test-dir/MiniOzoneClusterImpl-7c905145-d891-4b2f-be71-50eb4aa8551e/ozone-meta/datanode-1/data-0/hdds)] INFO  ozoneimpl.AbstractBackgroundContainerScanner (AbstractBackgroundContainerScanner.java:run(61)) - ContainerDataScanner(/home/runner/work/ozone/ozone/hadoop-ozone/integration-test/target/test-dir/MiniOzoneClusterImpl-7c905145-d891-4b2f-be71-50eb4aa8551e/ozone-meta/datanode-1/data-0/hdds, DS-8851875b-decc-406d-be6c-63577eb7d2b1) exiting.
2024-05-04 14:26:50,672 [main] INFO  server.RaftServer (RaftServerProxy.java:lambda$close$9(416)) - 83059998-de51-48d1-9818-e6afe7fa3b6f: close
2024-05-04 14:26:50,672 [83059998-de51-48d1-9818-e6afe7fa3b6f-impl-thread1] INFO  server.RaftServer$Division (RaftServerImpl.java:lambda$close$3(526)) - 83059998-de51-48d1-9818-e6afe7fa3b6f@group-6025E5D5C1B1: shutdown
2024-05-04 14:26:50,672 [83059998-de51-48d1-9818-e6afe7fa3b6f-impl-thread1] INFO  util.JmxRegister (JmxRegister.java:unregister(73)) - Successfully un-registered JMX Bean with object name Ratis:service=RaftServer,group=group-6025E5D5C1B1,id=83059998-de51-48d1-9818-e6afe7fa3b6f
2024-05-04 14:26:50,672 [83059998-de51-48d1-9818-e6afe7fa3b6f-impl-thread1] INFO  impl.RoleInfo (RoleInfo.java:shutdownFollowerState(110)) - 83059998-de51-48d1-9818-e6afe7fa3b6f: shutdown 83059998-de51-48d1-9818-e6afe7fa3b6f@group-6025E5D5C1B1-FollowerState
2024-05-04 14:26:50,672 [83059998-de51-48d1-9818-e6afe7fa3b6f-impl-thread2] INFO  server.RaftServer$Division (RaftServerImpl.java:lambda$close$3(526)) - 83059998-de51-48d1-9818-e6afe7fa3b6f@group-C3DAD7AF45B8: shutdown
2024-05-04 14:26:50,672 [83059998-de51-48d1-9818-e6afe7fa3b6f@group-6025E5D5C1B1-FollowerState] INFO  impl.FollowerState (FollowerState.java:run(152)) - 83059998-de51-48d1-9818-e6afe7fa3b6f@group-6025E5D5C1B1-FollowerState was interrupted
2024-05-04 14:26:50,672 [83059998-de51-48d1-9818-e6afe7fa3b6f-impl-thread1] INFO  impl.StateMachineUpdater (StateMachineUpdater.java:stopAndJoin(157)) - 83059998-de51-48d1-9818-e6afe7fa3b6f@group-6025E5D5C1B1-StateMachineUpdater: set stopIndex = -1
2024-05-04 14:26:50,673 [83059998-de51-48d1-9818-e6afe7fa3b6f-impl-thread3] INFO  server.RaftServer$Division (RaftServerImpl.java:lambda$close$3(526)) - 83059998-de51-48d1-9818-e6afe7fa3b6f@group-D5ED0AA30690: shutdown
2024-05-04 14:26:50,672 [83059998-de51-48d1-9818-e6afe7fa3b6f-impl-thread2] INFO  util.JmxRegister (JmxRegister.java:unregister(73)) - Successfully un-registered JMX Bean with object name Ratis:service=RaftServer,group=group-C3DAD7AF45B8,id=83059998-de51-48d1-9818-e6afe7fa3b6f
2024-05-04 14:26:50,673 [83059998-de51-48d1-9818-e6afe7fa3b6f-impl-thread1] INFO  server.RaftServer$Division (ServerState.java:close(427)) - 83059998-de51-48d1-9818-e6afe7fa3b6f@group-6025E5D5C1B1: applyIndex: -1
2024-05-04 14:26:50,673 [main] INFO  server.GrpcService (GrpcService.java:closeImpl(311)) - 83059998-de51-48d1-9818-e6afe7fa3b6f: shutdown server org.apache.ratis.grpc.server.GrpcClientProtocolService now
2024-05-04 14:26:50,673 [83059998-de51-48d1-9818-e6afe7fa3b6f@group-6025E5D5C1B1-cacheEviction-AwaitToRun] INFO  util.AwaitToRun (AwaitToRun.java:run(49)) - 83059998-de51-48d1-9818-e6afe7fa3b6f@group-6025E5D5C1B1-cacheEviction-AwaitToRun-AwaitForSignal is interrupted
2024-05-04 14:26:50,673 [83059998-de51-48d1-9818-e6afe7fa3b6f-impl-thread4] INFO  server.RaftServer$Division (RaftServerImpl.java:lambda$close$3(526)) - 83059998-de51-48d1-9818-e6afe7fa3b6f@group-8F1FA5180FDD: shutdown
2024-05-04 14:26:50,673 [83059998-de51-48d1-9818-e6afe7fa3b6f-impl-thread3] INFO  util.JmxRegister (JmxRegister.java:unregister(73)) - Successfully un-registered JMX Bean with object name Ratis:service=RaftServer,group=group-D5ED0AA30690,id=83059998-de51-48d1-9818-e6afe7fa3b6f
2024-05-04 14:26:50,673 [83059998-de51-48d1-9818-e6afe7fa3b6f-impl-thread2] INFO  impl.RoleInfo (RoleInfo.java:shutdownLeaderState(94)) - 83059998-de51-48d1-9818-e6afe7fa3b6f: shutdown 83059998-de51-48d1-9818-e6afe7fa3b6f@group-C3DAD7AF45B8-LeaderStateImpl
2024-05-04 14:26:50,673 [83059998-de51-48d1-9818-e6afe7fa3b6f@group-C3DAD7AF45B8->8808acf2-b901-482b-9182-8feecfa28384-GrpcLogAppender-LogAppenderDaemon] WARN  server.GrpcLogAppender (GrpcLogAppender.java:mayWait(289)) - 83059998-de51-48d1-9818-e6afe7fa3b6f@group-C3DAD7AF45B8->8808acf2-b901-482b-9182-8feecfa28384-GrpcLogAppender: Wait interrupted by java.lang.InterruptedException
2024-05-04 14:26:50,673 [83059998-de51-48d1-9818-e6afe7fa3b6f-impl-thread4] INFO  util.JmxRegister (JmxRegister.java:unregister(73)) - Successfully un-registered JMX Bean with object name Ratis:service=RaftServer,group=group-8F1FA5180FDD,id=83059998-de51-48d1-9818-e6afe7fa3b6f
2024-05-04 14:26:50,674 [83059998-de51-48d1-9818-e6afe7fa3b6f-impl-thread4] INFO  impl.RoleInfo (RoleInfo.java:shutdownLeaderState(94)) - 83059998-de51-48d1-9818-e6afe7fa3b6f: shutdown 83059998-de51-48d1-9818-e6afe7fa3b6f@group-8F1FA5180FDD-LeaderStateImpl
2024-05-04 14:26:50,674 [83059998-de51-48d1-9818-e6afe7fa3b6f-impl-thread4] INFO  impl.PendingRequests (PendingRequests.java:sendNotLeaderResponses(289)) - 83059998-de51-48d1-9818-e6afe7fa3b6f@group-8F1FA5180FDD-PendingRequests: sendNotLeaderResponses
2024-05-04 14:26:50,673 [83059998-de51-48d1-9818-e6afe7fa3b6f-impl-thread3] INFO  impl.RoleInfo (RoleInfo.java:shutdownFollowerState(110)) - 83059998-de51-48d1-9818-e6afe7fa3b6f: shutdown 83059998-de51-48d1-9818-e6afe7fa3b6f@group-D5ED0AA30690-FollowerState
2024-05-04 14:26:50,673 [83059998-de51-48d1-9818-e6afe7fa3b6f-impl-thread2] INFO  impl.PendingRequests (PendingRequests.java:sendNotLeaderResponses(289)) - 83059998-de51-48d1-9818-e6afe7fa3b6f@group-C3DAD7AF45B8-PendingRequests: sendNotLeaderResponses
2024-05-04 14:26:50,674 [grpc-default-executor-1] INFO  server.GrpcServerProtocolService (GrpcServerProtocolService.java:onCompleted(157)) - 8808acf2-b901-482b-9182-8feecfa28384: Completed APPEND_ENTRIES, lastRequest: null
2024-05-04 14:26:50,674 [83059998-de51-48d1-9818-e6afe7fa3b6f@group-8F1FA5180FDD-StateMachineUpdater] INFO  ratis.ContainerStateMachine (ContainerStateMachine.java:takeSnapshot(355)) - group-8F1FA5180FDD: Taking a snapshot at:(t:1, i:0) file /home/runner/work/ozone/ozone/hadoop-ozone/integration-test/target/test-dir/MiniOzoneClusterImpl-7c905145-d891-4b2f-be71-50eb4aa8551e/ozone-meta/datanode-1/ratis/bc09c7ad-d833-4526-abd7-8f1fa5180fdd/sm/snapshot.1_0
2024-05-04 14:26:50,674 [83059998-de51-48d1-9818-e6afe7fa3b6f-impl-thread3] INFO  impl.StateMachineUpdater (StateMachineUpdater.java:stopAndJoin(157)) - 83059998-de51-48d1-9818-e6afe7fa3b6f@group-D5ED0AA30690-StateMachineUpdater: set stopIndex = 15
2024-05-04 14:26:50,674 [83059998-de51-48d1-9818-e6afe7fa3b6f@group-D5ED0AA30690-StateMachineUpdater] INFO  ratis.ContainerStateMachine (ContainerStateMachine.java:takeSnapshot(355)) - group-D5ED0AA30690: Taking a snapshot at:(t:1, i:15) file /home/runner/work/ozone/ozone/hadoop-ozone/integration-test/target/test-dir/MiniOzoneClusterImpl-7c905145-d891-4b2f-be71-50eb4aa8551e/ozone-meta/datanode-1/ratis/58634f81-2263-4b6f-9c6a-d5ed0aa30690/sm/snapshot.1_15
2024-05-04 14:26:50,674 [83059998-de51-48d1-9818-e6afe7fa3b6f@group-D5ED0AA30690-FollowerState] INFO  impl.FollowerState (FollowerState.java:run(152)) - 83059998-de51-48d1-9818-e6afe7fa3b6f@group-D5ED0AA30690-FollowerState was interrupted
2024-05-04 14:26:50,675 [83059998-de51-48d1-9818-e6afe7fa3b6f-impl-thread4] INFO  impl.StateMachineUpdater (StateMachineUpdater.java:stopAndJoin(157)) - 83059998-de51-48d1-9818-e6afe7fa3b6f@group-8F1FA5180FDD-StateMachineUpdater: set stopIndex = 0
2024-05-04 14:26:50,675 [grpc-default-executor-0] INFO  server.GrpcServerProtocolService (GrpcServerProtocolService.java:onCompleted(157)) - 8808acf2-b901-482b-9182-8feecfa28384: Completed APPEND_ENTRIES, lastRequest: 83059998-de51-48d1-9818-e6afe7fa3b6f->8808acf2-b901-482b-9182-8feecfa28384#1-t1,previous=(t:0, i:0),leaderCommit=-1,initializing? false,entries: size=1, first=(t:1, i:0), CONFIGURATIONENTRY(current:id: "8808acf2-b901-482b-9182-8feecfa28384"
address: "127.0.0.1:15085"
dataStreamAddress: "127.0.0.1:15086"
clientAddress: "127.0.0.1:15083"
adminAddress: "127.0.0.1:15084"
startupRole: FOLLOWER
,id: "9ec74834-1541-452c-921b-2d323393210f"
address: "127.0.0.1:15076"
dataStreamAddress: "127.0.0.1:15077"
clientAddress: "127.0.0.1:15074"
adminAddress: "127.0.0.1:15075"
startupRole: FOLLOWER
,id: "83059998-de51-48d1-9818-e6afe7fa3b6f"
address: "127.0.0.1:15067"
priority: 1
dataStreamAddress: "127.0.0.1:15068"
clientAddress: "127.0.0.1:15065"
adminAddress: "127.0.0.1:15066"
startupRole: FOLLOWER
, old:)
2024-05-04 14:26:50,675 [grpc-default-executor-0] INFO  server.GrpcServerProtocolService (GrpcServerProtocolService.java:lambda$onCompleted$5(159)) - 8808acf2-b901-482b-9182-8feecfa28384: Completed APPEND_ENTRIES, lastReply: null
2024-05-04 14:26:50,675 [83059998-de51-48d1-9818-e6afe7fa3b6f@group-8F1FA5180FDD-StateMachineUpdater] INFO  ratis.ContainerStateMachine (ContainerStateMachine.java:takeSnapshot(366)) - group-8F1FA5180FDD: Finished taking a snapshot at:(t:1, i:0) file:/home/runner/work/ozone/ozone/hadoop-ozone/integration-test/target/test-dir/MiniOzoneClusterImpl-7c905145-d891-4b2f-be71-50eb4aa8551e/ozone-meta/datanode-1/ratis/bc09c7ad-d833-4526-abd7-8f1fa5180fdd/sm/snapshot.1_0 took: 0 ms
2024-05-04 14:26:50,675 [83059998-de51-48d1-9818-e6afe7fa3b6f@group-8F1FA5180FDD-StateMachineUpdater] INFO  impl.StateMachineUpdater (StateMachineUpdater.java:takeSnapshot(295)) - 83059998-de51-48d1-9818-e6afe7fa3b6f@group-8F1FA5180FDD-StateMachineUpdater: Took a snapshot at index 0
2024-05-04 14:26:50,675 [83059998-de51-48d1-9818-e6afe7fa3b6f@group-8F1FA5180FDD-StateMachineUpdater] INFO  impl.StateMachineUpdater (StateMachineUpdater.java:lambda$new$0(98)) - 83059998-de51-48d1-9818-e6afe7fa3b6f@group-8F1FA5180FDD-StateMachineUpdater: snapshotIndex: updateIncreasingly -1 -> 0
2024-05-04 14:26:50,675 [83059998-de51-48d1-9818-e6afe7fa3b6f@group-D5ED0AA30690-StateMachineUpdater] INFO  ratis.ContainerStateMachine (ContainerStateMachine.java:takeSnapshot(366)) - group-D5ED0AA30690: Finished taking a snapshot at:(t:1, i:15) file:/home/runner/work/ozone/ozone/hadoop-ozone/integration-test/target/test-dir/MiniOzoneClusterImpl-7c905145-d891-4b2f-be71-50eb4aa8551e/ozone-meta/datanode-1/ratis/58634f81-2263-4b6f-9c6a-d5ed0aa30690/sm/snapshot.1_15 took: 1 ms
2024-05-04 14:26:50,676 [83059998-de51-48d1-9818-e6afe7fa3b6f@group-D5ED0AA30690-StateMachineUpdater] INFO  impl.StateMachineUpdater (StateMachineUpdater.java:takeSnapshot(295)) - 83059998-de51-48d1-9818-e6afe7fa3b6f@group-D5ED0AA30690-StateMachineUpdater: Took a snapshot at index 15
2024-05-04 14:26:50,676 [83059998-de51-48d1-9818-e6afe7fa3b6f@group-D5ED0AA30690-StateMachineUpdater] INFO  impl.StateMachineUpdater (StateMachineUpdater.java:lambda$new$0(98)) - 83059998-de51-48d1-9818-e6afe7fa3b6f@group-D5ED0AA30690-StateMachineUpdater: snapshotIndex: updateIncreasingly -1 -> 15
2024-05-04 14:26:50,676 [83059998-de51-48d1-9818-e6afe7fa3b6f-impl-thread3] INFO  server.RaftServer$Division (ServerState.java:close(427)) - 83059998-de51-48d1-9818-e6afe7fa3b6f@group-D5ED0AA30690: applyIndex: 15
2024-05-04 14:26:50,676 [Thread-1823] INFO  server.GrpcServerProtocolClient (GrpcServerProtocolClient.java:close(103)) - 8808acf2-b901-482b-9182-8feecfa28384 Close channels
2024-05-04 14:26:50,676 [grpc-default-executor-0] INFO  server.GrpcLogAppender (GrpcLogAppender.java:onCompleted(546)) - 83059998-de51-48d1-9818-e6afe7fa3b6f@group-C3DAD7AF45B8->8808acf2-b901-482b-9182-8feecfa28384-AppendLogResponseHandler: follower responses appendEntries COMPLETED
2024-05-04 14:26:50,676 [83059998-de51-48d1-9818-e6afe7fa3b6f@group-D5ED0AA30690-cacheEviction-AwaitToRun] INFO  util.AwaitToRun (AwaitToRun.java:run(49)) - 83059998-de51-48d1-9818-e6afe7fa3b6f@group-D5ED0AA30690-cacheEviction-AwaitToRun-AwaitForSignal is interrupted
2024-05-04 14:26:50,676 [83059998-de51-48d1-9818-e6afe7fa3b6f-impl-thread4] INFO  server.RaftServer$Division (ServerState.java:close(427)) - 83059998-de51-48d1-9818-e6afe7fa3b6f@group-8F1FA5180FDD: applyIndex: 0
2024-05-04 14:26:50,677 [83059998-de51-48d1-9818-e6afe7fa3b6f@group-8F1FA5180FDD-cacheEviction-AwaitToRun] INFO  util.AwaitToRun (AwaitToRun.java:run(49)) - 83059998-de51-48d1-9818-e6afe7fa3b6f@group-8F1FA5180FDD-cacheEviction-AwaitToRun-AwaitForSignal is interrupted
2024-05-04 14:26:50,678 [Thread-1824] INFO  server.GrpcServerProtocolClient (GrpcServerProtocolClient.java:close(103)) - 9ec74834-1541-452c-921b-2d323393210f Close channels
2024-05-04 14:26:50,676 [grpc-default-executor-0] WARN  server.GrpcLogAppender (GrpcLogAppender.java:resetClient(226)) - 83059998-de51-48d1-9818-e6afe7fa3b6f@group-C3DAD7AF45B8->8808acf2-b901-482b-9182-8feecfa28384-GrpcLogAppender: Failed to getClient for 8808acf2-b901-482b-9182-8feecfa28384
org.apache.ratis.protocol.exceptions.AlreadyClosedException: 83059998-de51-48d1-9818-e6afe7fa3b6f is already CLOSED
	at org.apache.ratis.util.PeerProxyMap$PeerAndProxy.getProxy(PeerProxyMap.java:65)
	at org.apache.ratis.util.PeerProxyMap.getProxy(PeerProxyMap.java:114)
	at org.apache.ratis.grpc.server.GrpcLogAppender.getClient(GrpcLogAppender.java:196)
	at org.apache.ratis.grpc.server.GrpcLogAppender.resetClient(GrpcLogAppender.java:201)
	at org.apache.ratis.grpc.server.GrpcLogAppender.access$800(GrpcLogAppender.java:62)
	at org.apache.ratis.grpc.server.GrpcLogAppender$AppendLogResponseHandler.onCompleted(GrpcLogAppender.java:547)
	at org.apache.ratis.thirdparty.io.grpc.stub.ClientCalls$StreamObserverToCallListenerAdapter.onClose(ClientCalls.java:479)
	at org.apache.ratis.thirdparty.io.grpc.internal.ClientCallImpl.closeObserver(ClientCallImpl.java:567)
	at org.apache.ratis.thirdparty.io.grpc.internal.ClientCallImpl.access$300(ClientCallImpl.java:71)
	at org.apache.ratis.thirdparty.io.grpc.internal.ClientCallImpl$ClientStreamListenerImpl$1StreamClosed.runInternal(ClientCallImpl.java:735)
	at org.apache.ratis.thirdparty.io.grpc.internal.ClientCallImpl$ClientStreamListenerImpl$1StreamClosed.runInContext(ClientCallImpl.java:716)
	at org.apache.ratis.thirdparty.io.grpc.internal.ContextRunnable.run(ContextRunnable.java:37)
	at org.apache.ratis.thirdparty.io.grpc.internal.SerializingExecutor.run(SerializingExecutor.java:133)
	at java.base/java.util.concurrent.ThreadPoolExecutor.runWorker(ThreadPoolExecutor.java:1136)
	at java.base/java.util.concurrent.ThreadPoolExecutor$Worker.run(ThreadPoolExecutor.java:635)
	at java.base/java.lang.Thread.run(Thread.java:840)
2024-05-04 14:26:50,678 [grpc-default-executor-1] INFO  server.GrpcServerProtocolService (GrpcServerProtocolService.java:lambda$onCompleted$5(159)) - 8808acf2-b901-482b-9182-8feecfa28384: Completed APPEND_ENTRIES, lastReply: serverReply {
  requestorId: "83059998-de51-48d1-9818-e6afe7fa3b6f"
  replyId: "8808acf2-b901-482b-9182-8feecfa28384"
  raftGroupId {
    id: ")q\236\225;hC\263\271\226\303\332\327\257E\270"
  }
  callId: 5
  success: true
}
term: 1
nextIndex: 1
matchIndex: 18446744073709551615
isHearbeat: true

2024-05-04 14:26:50,678 [grpc-default-executor-1] INFO  server.GrpcLogAppender (GrpcLogAppender.java:onCompleted(546)) - 83059998-de51-48d1-9818-e6afe7fa3b6f@group-C3DAD7AF45B8->8808acf2-b901-482b-9182-8feecfa28384-AppendLogResponseHandler: follower responses appendEntries COMPLETED
2024-05-04 14:26:50,678 [grpc-default-executor-1] WARN  server.GrpcLogAppender (GrpcLogAppender.java:resetClient(226)) - 83059998-de51-48d1-9818-e6afe7fa3b6f@group-C3DAD7AF45B8->8808acf2-b901-482b-9182-8feecfa28384-GrpcLogAppender: Failed to getClient for 8808acf2-b901-482b-9182-8feecfa28384
org.apache.ratis.protocol.exceptions.AlreadyClosedException: 83059998-de51-48d1-9818-e6afe7fa3b6f is already CLOSED
	at org.apache.ratis.util.PeerProxyMap$PeerAndProxy.getProxy(PeerProxyMap.java:65)
	at org.apache.ratis.util.PeerProxyMap.getProxy(PeerProxyMap.java:114)
	at org.apache.ratis.grpc.server.GrpcLogAppender.getClient(GrpcLogAppender.java:196)
	at org.apache.ratis.grpc.server.GrpcLogAppender.resetClient(GrpcLogAppender.java:201)
	at org.apache.ratis.grpc.server.GrpcLogAppender.access$800(GrpcLogAppender.java:62)
	at org.apache.ratis.grpc.server.GrpcLogAppender$AppendLogResponseHandler.onCompleted(GrpcLogAppender.java:547)
	at org.apache.ratis.thirdparty.io.grpc.stub.ClientCalls$StreamObserverToCallListenerAdapter.onClose(ClientCalls.java:479)
	at org.apache.ratis.thirdparty.io.grpc.internal.ClientCallImpl.closeObserver(ClientCallImpl.java:567)
	at org.apache.ratis.thirdparty.io.grpc.internal.ClientCallImpl.access$300(ClientCallImpl.java:71)
	at org.apache.ratis.thirdparty.io.grpc.internal.ClientCallImpl$ClientStreamListenerImpl$1StreamClosed.runInternal(ClientCallImpl.java:735)
	at org.apache.ratis.thirdparty.io.grpc.internal.ClientCallImpl$ClientStreamListenerImpl$1StreamClosed.runInContext(ClientCallImpl.java:716)
	at org.apache.ratis.thirdparty.io.grpc.internal.ContextRunnable.run(ContextRunnable.java:37)
	at org.apache.ratis.thirdparty.io.grpc.internal.SerializingExecutor.run(SerializingExecutor.java:133)
	at java.base/java.util.concurrent.ThreadPoolExecutor.runWorker(ThreadPoolExecutor.java:1136)
	at java.base/java.util.concurrent.ThreadPoolExecutor$Worker.run(ThreadPoolExecutor.java:635)
	at java.base/java.lang.Thread.run(Thread.java:840)
2024-05-04 14:26:50,679 [main] INFO  server.GrpcService (GrpcService.java:closeImpl(320)) - 83059998-de51-48d1-9818-e6afe7fa3b6f: shutdown server org.apache.ratis.grpc.server.GrpcClientProtocolService successfully
2024-05-04 14:26:50,679 [main] INFO  server.GrpcService (GrpcService.java:closeImpl(311)) - 83059998-de51-48d1-9818-e6afe7fa3b6f: shutdown server GrpcServerProtocolService now
2024-05-04 14:26:50,679 [grpc-default-executor-4] WARN  server.GrpcServerProtocolService (LogUtils.java:warn(121)) - 83059998-de51-48d1-9818-e6afe7fa3b6f: APPEND_ENTRIES onError, lastRequest: 8808acf2-b901-482b-9182-8feecfa28384->83059998-de51-48d1-9818-e6afe7fa3b6f#24-t1,previous=(t:1, i:14),leaderCommit=13,initializing? false,entries: size=1, first=(t:1, i:15), METADATAENTRY(c:13): org.apache.ratis.thirdparty.io.grpc.StatusRuntimeException: CANCELLED: client cancelled
2024-05-04 14:26:50,678 [83059998-de51-48d1-9818-e6afe7fa3b6f@group-C3DAD7AF45B8->9ec74834-1541-452c-921b-2d323393210f-GrpcLogAppender-LogAppenderDaemon] WARN  server.GrpcLogAppender (GrpcLogAppender.java:mayWait(289)) - 83059998-de51-48d1-9818-e6afe7fa3b6f@group-C3DAD7AF45B8->9ec74834-1541-452c-921b-2d323393210f-GrpcLogAppender: Wait interrupted by java.lang.InterruptedException
2024-05-04 14:26:50,680 [grpc-default-executor-4] WARN  server.GrpcLogAppender (LogUtils.java:warn(121)) - 8808acf2-b901-482b-9182-8feecfa28384@group-D5ED0AA30690->83059998-de51-48d1-9818-e6afe7fa3b6f-AppendLogResponseHandler: Failed appendEntries: org.apache.ratis.thirdparty.io.grpc.StatusRuntimeException: CANCELLED: RST_STREAM closed stream. HTTP/2 error code: CANCEL
2024-05-04 14:26:50,680 [83059998-de51-48d1-9818-e6afe7fa3b6f@group-C3DAD7AF45B8-StateMachineUpdater] INFO  ratis.ContainerStateMachine (ContainerStateMachine.java:takeSnapshot(355)) - group-C3DAD7AF45B8: Taking a snapshot at:(t:1, i:0) file /home/runner/work/ozone/ozone/hadoop-ozone/integration-test/target/test-dir/MiniOzoneClusterImpl-7c905145-d891-4b2f-be71-50eb4aa8551e/ozone-meta/datanode-1/ratis/29719e95-3b68-43b3-b996-c3dad7af45b8/sm/snapshot.1_0
2024-05-04 14:26:50,680 [grpc-default-executor-0] WARN  server.GrpcServerProtocolService (LogUtils.java:warn(121)) - 83059998-de51-48d1-9818-e6afe7fa3b6f: APPEND_ENTRIES onError, lastRequest: null: org.apache.ratis.thirdparty.io.grpc.StatusRuntimeException: CANCELLED: client cancelled
2024-05-04 14:26:50,680 [grpc-default-executor-4] WARN  server.GrpcLogAppender (GrpcLogAppender.java:lambda$resetClient$1(217)) - 8808acf2-b901-482b-9182-8feecfa28384@group-D5ED0AA30690->83059998-de51-48d1-9818-e6afe7fa3b6f-GrpcLogAppender: Follower failed (request=null, errorCount=1); keep nextIndex (16) unchanged and retry.
2024-05-04 14:26:50,680 [main] INFO  server.GrpcService (GrpcService.java:closeImpl(320)) - 83059998-de51-48d1-9818-e6afe7fa3b6f: shutdown server GrpcServerProtocolService successfully
2024-05-04 14:26:50,681 [main] INFO  server.GrpcService (GrpcService.java:closeImpl(311)) - 83059998-de51-48d1-9818-e6afe7fa3b6f: shutdown server org.apache.ratis.grpc.server.GrpcAdminProtocolService now
2024-05-04 14:26:50,681 [83059998-de51-48d1-9818-e6afe7fa3b6f-impl-thread2] INFO  impl.StateMachineUpdater (StateMachineUpdater.java:stopAndJoin(157)) - 83059998-de51-48d1-9818-e6afe7fa3b6f@group-C3DAD7AF45B8-StateMachineUpdater: set stopIndex = 0
2024-05-04 14:26:50,681 [main] INFO  server.GrpcService (GrpcService.java:closeImpl(320)) - 83059998-de51-48d1-9818-e6afe7fa3b6f: shutdown server org.apache.ratis.grpc.server.GrpcAdminProtocolService successfully
2024-05-04 14:26:50,681 [83059998-de51-48d1-9818-e6afe7fa3b6f@group-C3DAD7AF45B8-StateMachineUpdater] INFO  ratis.ContainerStateMachine (ContainerStateMachine.java:takeSnapshot(366)) - group-C3DAD7AF45B8: Finished taking a snapshot at:(t:1, i:0) file:/home/runner/work/ozone/ozone/hadoop-ozone/integration-test/target/test-dir/MiniOzoneClusterImpl-7c905145-d891-4b2f-be71-50eb4aa8551e/ozone-meta/datanode-1/ratis/29719e95-3b68-43b3-b996-c3dad7af45b8/sm/snapshot.1_0 took: 1 ms
2024-05-04 14:26:50,682 [83059998-de51-48d1-9818-e6afe7fa3b6f@group-C3DAD7AF45B8-StateMachineUpdater] INFO  impl.StateMachineUpdater (StateMachineUpdater.java:takeSnapshot(295)) - 83059998-de51-48d1-9818-e6afe7fa3b6f@group-C3DAD7AF45B8-StateMachineUpdater: Took a snapshot at index 0
2024-05-04 14:26:50,682 [83059998-de51-48d1-9818-e6afe7fa3b6f@group-C3DAD7AF45B8-StateMachineUpdater] INFO  impl.StateMachineUpdater (StateMachineUpdater.java:lambda$new$0(98)) - 83059998-de51-48d1-9818-e6afe7fa3b6f@group-C3DAD7AF45B8-StateMachineUpdater: snapshotIndex: updateIncreasingly -1 -> 0
2024-05-04 14:26:50,682 [83059998-de51-48d1-9818-e6afe7fa3b6f-impl-thread2] INFO  server.RaftServer$Division (ServerState.java:close(427)) - 83059998-de51-48d1-9818-e6afe7fa3b6f@group-C3DAD7AF45B8: applyIndex: 0
2024-05-04 14:26:50,682 [83059998-de51-48d1-9818-e6afe7fa3b6f@group-C3DAD7AF45B8-cacheEviction-AwaitToRun] INFO  util.AwaitToRun (AwaitToRun.java:run(49)) - 83059998-de51-48d1-9818-e6afe7fa3b6f@group-C3DAD7AF45B8-cacheEviction-AwaitToRun-AwaitForSignal is interrupted
2024-05-04 14:26:50,685 [83059998-de51-48d1-9818-e6afe7fa3b6f-NettyServerStreamRpc-bossGroup--thread1] INFO  logging.LoggingHandler (AbstractInternalLogger.java:log(148)) - [id: 0x380b0d4e, L:/0.0.0.0:15068] CLOSE
2024-05-04 14:26:50,685 [83059998-de51-48d1-9818-e6afe7fa3b6f-NettyServerStreamRpc-bossGroup--thread1] INFO  logging.LoggingHandler (AbstractInternalLogger.java:log(148)) - [id: 0x380b0d4e, L:/0.0.0.0:15068] INACTIVE
2024-05-04 14:26:50,685 [83059998-de51-48d1-9818-e6afe7fa3b6f-NettyServerStreamRpc-bossGroup--thread1] INFO  logging.LoggingHandler (AbstractInternalLogger.java:log(148)) - [id: 0x380b0d4e, L:/0.0.0.0:15068] UNREGISTERED
2024-05-04 14:26:50,699 [83059998-de51-48d1-9818-e6afe7fa3b6f-impl-thread2] INFO  segmented.SegmentedRaftLogWorker (SegmentedRaftLogWorker.java:close(245)) - 83059998-de51-48d1-9818-e6afe7fa3b6f@group-C3DAD7AF45B8-SegmentedRaftLogWorker close()
2024-05-04 14:26:50,711 [EventQueue-StaleNodeForStaleNodeHandler] INFO  node.StaleNodeHandler (StaleNodeHandler.java:onMessage(57)) - Datanode 9ec74834-1541-452c-921b-2d323393210f(localhost/127.0.0.1) moved to stale state. Finalizing its pipelines [PipelineID=eb97d0b1-989d-45a5-adb9-b539b67c8ed3, PipelineID=662b2c8d-8f14-41d3-87b4-6025e5d5c1b1, PipelineID=29719e95-3b68-43b3-b996-c3dad7af45b8, PipelineID=58634f81-2263-4b6f-9c6a-d5ed0aa30690]
2024-05-04 14:26:50,712 [EventQueue-StaleNodeForStaleNodeHandler] INFO  pipeline.PipelineManagerImpl (PipelineManagerImpl.java:closePipeline(518)) - Pipeline PipelineID=eb97d0b1-989d-45a5-adb9-b539b67c8ed3 moved to CLOSED state
2024-05-04 14:26:50,712 [EventQueue-StaleNodeForStaleNodeHandler] INFO  pipeline.PipelineManagerImpl (PipelineManagerImpl.java:closePipeline(518)) - Pipeline PipelineID=662b2c8d-8f14-41d3-87b4-6025e5d5c1b1 moved to CLOSED state
2024-05-04 14:26:50,713 [EventQueue-StaleNodeForStaleNodeHandler] INFO  pipeline.PipelineManagerImpl (PipelineManagerImpl.java:closePipeline(518)) - Pipeline PipelineID=29719e95-3b68-43b3-b996-c3dad7af45b8 moved to CLOSED state
2024-05-04 14:26:50,713 [EventQueue-StaleNodeForStaleNodeHandler] INFO  pipeline.PipelineManagerImpl (PipelineManagerImpl.java:closeContainersForPipeline(484)) - Container #1 closed for pipeline=PipelineID=58634f81-2263-4b6f-9c6a-d5ed0aa30690
2024-05-04 14:26:50,714 [EventQueue-CloseContainerForCloseContainerEventHandler] INFO  container.CloseContainerEventHandler (CloseContainerEventHandler.java:onMessage(88)) - Close container Event triggered for container : #1, current state: CLOSING
2024-05-04 14:26:50,714 [EventQueue-StaleNodeForStaleNodeHandler] INFO  pipeline.PipelineManagerImpl (PipelineManagerImpl.java:closePipeline(518)) - Pipeline PipelineID=58634f81-2263-4b6f-9c6a-d5ed0aa30690 moved to CLOSED state
2024-05-04 14:26:51,367 [83059998-de51-48d1-9818-e6afe7fa3b6f-impl-thread4] INFO  segmented.SegmentedRaftLogWorker (SegmentedRaftLogWorker.java:close(245)) - 83059998-de51-48d1-9818-e6afe7fa3b6f@group-8F1FA5180FDD-SegmentedRaftLogWorker close()
2024-05-04 14:26:51,620 [83059998-de51-48d1-9818-e6afe7fa3b6f-impl-thread1] INFO  segmented.SegmentedRaftLogWorker (SegmentedRaftLogWorker.java:close(245)) - 83059998-de51-48d1-9818-e6afe7fa3b6f@group-6025E5D5C1B1-SegmentedRaftLogWorker close()
2024-05-04 14:26:51,661 [83059998-de51-48d1-9818-e6afe7fa3b6f-impl-thread3] INFO  segmented.SegmentedRaftLogWorker (SegmentedRaftLogWorker.java:close(245)) - 83059998-de51-48d1-9818-e6afe7fa3b6f@group-D5ED0AA30690-SegmentedRaftLogWorker close()
2024-05-04 14:26:51,661 [JvmPauseMonitor9] INFO  util.JvmPauseMonitor (JvmPauseMonitor.java:run(152)) - JvmPauseMonitor-83059998-de51-48d1-9818-e6afe7fa3b6f: Stopped
2024-05-04 14:26:52,706 [timer7] WARN  server.GrpcLogAppender (LogUtils.java:warn(121)) - 8808acf2-b901-482b-9182-8feecfa28384@group-D5ED0AA30690->9ec74834-1541-452c-921b-2d323393210f-AppendLogResponseHandler: Failed appendEntries (Repeated 8 times in the last 5.000s): org.apache.ratis.thirdparty.io.grpc.StatusRuntimeException: UNAVAILABLE: io exception
2024-05-04 14:26:52,706 [timer6] WARN  server.GrpcLogAppender (LogUtils.java:warn(121)) - 83059998-de51-48d1-9818-e6afe7fa3b6f@group-C3DAD7AF45B8->9ec74834-1541-452c-921b-2d323393210f-AppendLogResponseHandler: Failed appendEntries (Repeated 6 times in the last 5.000s): org.apache.ratis.thirdparty.io.grpc.StatusRuntimeException: UNAVAILABLE: io exception
2024-05-04 14:26:52,706 [timer0] WARN  server.GrpcLogAppender (GrpcLogAppender.java:lambda$resetClient$1(217)) - 83059998-de51-48d1-9818-e6afe7fa3b6f@group-C3DAD7AF45B8->9ec74834-1541-452c-921b-2d323393210f-GrpcLogAppender: Follower failed (request=null, errorCount=6); keep nextIndex (1) unchanged and retry. (Repeated 6 times in the last 5.000s)
2024-05-04 14:26:52,706 [timer1] WARN  server.GrpcLogAppender (GrpcLogAppender.java:lambda$resetClient$1(217)) - 8808acf2-b901-482b-9182-8feecfa28384@group-D5ED0AA30690->9ec74834-1541-452c-921b-2d323393210f-GrpcLogAppender: Follower failed (request=null, errorCount=8); keep nextIndex (16) unchanged and retry. (Repeated 8 times in the last 5.000s)
2024-05-04 14:26:53,618 [grpc-default-executor-1] WARN  server.GrpcLogAppender (LogUtils.java:warn(121)) - 8808acf2-b901-482b-9182-8feecfa28384@group-D5ED0AA30690->9ec74834-1541-452c-921b-2d323393210f-AppendLogResponseHandler: Failed appendEntries: org.apache.ratis.thirdparty.io.grpc.StatusRuntimeException: UNAVAILABLE: io exception
2024-05-04 14:26:53,619 [grpc-default-executor-6] WARN  server.GrpcLogAppender (GrpcLogAppender.java:lambda$resetClient$1(217)) - 8808acf2-b901-482b-9182-8feecfa28384@group-D5ED0AA30690->83059998-de51-48d1-9818-e6afe7fa3b6f-GrpcLogAppender: Follower failed (request=null, errorCount=5); keep nextIndex (17) unchanged and retry.
2024-05-04 14:26:53,619 [grpc-default-executor-1] WARN  server.GrpcLogAppender (GrpcLogAppender.java:lambda$resetClient$1(217)) - 8808acf2-b901-482b-9182-8feecfa28384@group-D5ED0AA30690->9ec74834-1541-452c-921b-2d323393210f-GrpcLogAppender: Follower failed (request=null, errorCount=9); keep nextIndex (17) unchanged and retry.
2024-05-04 14:26:53,664 [main] INFO  utils.DatanodeStoreCache (DatanodeStoreCache.java:shutdownCache(116)) - Skip clearing cache in mini cluster mode. Entries left: [/home/runner/work/ozone/ozone/hadoop-ozone/integration-test/target/test-dir/MiniOzoneClusterImpl-7c905145-d891-4b2f-be71-50eb4aa8551e/ozone-meta/datanode-1/data-0/hdds/7c905145-d891-4b2f-be71-50eb4aa8551e/DS-8851875b-decc-406d-be6c-63577eb7d2b1/container.db, /home/runner/work/ozone/ozone/hadoop-ozone/integration-test/target/test-dir/MiniOzoneClusterImpl-7c905145-d891-4b2f-be71-50eb4aa8551e/ozone-meta/datanode-3/data-0/hdds/7c905145-d891-4b2f-be71-50eb4aa8551e/DS-dace4c98-7f23-4dd0-aa1a-79c639db6c24/container.db, /home/runner/work/ozone/ozone/hadoop-ozone/integration-test/target/test-dir/MiniOzoneClusterImpl-7c905145-d891-4b2f-be71-50eb4aa8551e/ozone-meta/datanode-4/data-0/hdds/7c905145-d891-4b2f-be71-50eb4aa8551e/DS-df6dd806-0e81-457e-8c8d-76ce3126f522/container.db, /home/runner/work/ozone/ozone/hadoop-ozone/integration-test/target/test-dir/MiniOzoneClusterImpl-7c905145-d891-4b2f-be71-50eb4aa8551e/ozone-meta/datanode-5/data-0/hdds/7c905145-d891-4b2f-be71-50eb4aa8551e/DS-9b510831-d0ca-4066-ad0b-f43285c736ad/container.db]
2024-05-04 14:26:53,665 [main] INFO  utils.DatanodeStoreCache (DatanodeStoreCache.java:removeDB(110)) - Removed db /home/runner/work/ozone/ozone/hadoop-ozone/integration-test/target/test-dir/MiniOzoneClusterImpl-7c905145-d891-4b2f-be71-50eb4aa8551e/ozone-meta/datanode-1/data-0/hdds/7c905145-d891-4b2f-be71-50eb4aa8551e/DS-8851875b-decc-406d-be6c-63577eb7d2b1/container.db from cache
2024-05-04 14:26:53,665 [main] INFO  volume.HddsVolume (HddsVolume.java:closeDbStore(470)) - SchemaV3 db is stopped at /home/runner/work/ozone/ozone/hadoop-ozone/integration-test/target/test-dir/MiniOzoneClusterImpl-7c905145-d891-4b2f-be71-50eb4aa8551e/ozone-meta/datanode-1/data-0/hdds/7c905145-d891-4b2f-be71-50eb4aa8551e/DS-8851875b-decc-406d-be6c-63577eb7d2b1/container.db for volume DS-8851875b-decc-406d-be6c-63577eb7d2b1
2024-05-04 14:26:53,665 [main] INFO  utils.BackgroundService (BackgroundService.java:shutdown(160)) - Shutting down service BlockDeletingService
2024-05-04 14:26:53,665 [main] INFO  utils.BackgroundService (BackgroundService.java:shutdown(160)) - Shutting down service StaleRecoveringContainerScrubbingService
2024-05-04 14:26:53,665 [main] INFO  statemachine.DatanodeStateMachine (DatanodeStateMachine.java:stopDaemon(638)) - Ozone container server stopped.
2024-05-04 14:26:53,666 [main] INFO  handler.ContextHandler (ContextHandler.java:doStop(1159)) - Stopped o.e.j.w.WebAppContext@413e4756{hddsDatanode,/,null,STOPPED}{file:/home/runner/work/ozone/ozone/hadoop-hdds/container-service/target/classes/webapps/hddsDatanode}
2024-05-04 14:26:53,666 [main] INFO  server.AbstractConnector (AbstractConnector.java:doStop(383)) - Stopped ServerConnector@5f9b21a1{HTTP/1.1, (http/1.1)}{0.0.0.0:15062}
2024-05-04 14:26:53,667 [main] INFO  server.session (HouseKeeper.java:stopScavenging(149)) - node0 Stopped scavenging
2024-05-04 14:26:53,667 [main] INFO  handler.ContextHandler (ContextHandler.java:doStop(1159)) - Stopped o.e.j.s.ServletContextHandler@37058d66{static,/static,file:///home/runner/work/ozone/ozone/hadoop-hdds/container-service/target/classes/webapps/static,STOPPED}
2024-05-04 14:26:53,667 [main] INFO  handler.ContextHandler (ContextHandler.java:doStop(1159)) - Stopped o.e.j.s.ServletContextHandler@5af69032{logs,/logs,file:///home/runner/work/ozone/ozone/hadoop-ozone/integration-test/target/log,STOPPED}
2024-05-04 14:26:53,667 [main] INFO  ozone.HddsDatanodeClientProtocolServer (HddsDatanodeClientProtocolServer.java:stop(83)) - Stopping the RPC server for Client Protocol
2024-05-04 14:26:53,668 [main] INFO  ipc.Server (Server.java:stop(3523)) - Stopping server on 15063
2024-05-04 14:26:53,668 [IPC Server Responder] INFO  ipc.Server (Server.java:run(1567)) - Stopping IPC Server Responder
2024-05-04 14:26:53,668 [IPC Server listener on 15063] INFO  ipc.Server (Server.java:run(1434)) - Stopping IPC Server listener on 15063
14:26:53.671 [8808acf2-b901-482b-9182-8feecfa28384-client-thread1] ERROR DNAudit - user=null | ip=null | op=WRITE_CHUNK {blockData=conID: 1 locID: 113750153625600001 bcsId: 13, blockDataSize=100} | ret=FAILURE
org.apache.hadoop.hdds.scm.container.common.helpers.ContainerNotOpenException: Container 1 in CLOSING state
	at org.apache.hadoop.ozone.container.common.impl.HddsDispatcher.validateContainerCommand(HddsDispatcher.java:559) ~[classes/:?]
	at org.apache.hadoop.ozone.container.common.transport.server.ratis.ContainerStateMachine.startTransaction(ContainerStateMachine.java:415) ~[classes/:?]
	at org.apache.ratis.server.impl.RaftServerImpl.writeAsync(RaftServerImpl.java:953) ~[ratis-server-3.0.1.jar:3.0.1]
	at org.apache.ratis.server.impl.RaftServerImpl.replyFuture(RaftServerImpl.java:931) ~[ratis-server-3.0.1.jar:3.0.1]
	at org.apache.ratis.server.impl.RaftServerImpl.submitClientRequestAsync(RaftServerImpl.java:908) ~[ratis-server-3.0.1.jar:3.0.1]
	at org.apache.ratis.server.impl.RaftServerImpl.lambda$null$13(RaftServerImpl.java:897) ~[ratis-server-3.0.1.jar:3.0.1]
	at org.apache.ratis.util.JavaUtils.callAsUnchecked(JavaUtils.java:118) ~[ratis-common-3.0.1.jar:3.0.1]
	at org.apache.ratis.server.impl.RaftServerImpl.lambda$executeSubmitClientRequestAsync$14(RaftServerImpl.java:897) ~[ratis-server-3.0.1.jar:3.0.1]
	at java.util.concurrent.CompletableFuture$AsyncSupply.run(CompletableFuture.java:1768) [?:?]
	at java.util.concurrent.ThreadPoolExecutor.runWorker(ThreadPoolExecutor.java:1136) [?:?]
	at java.util.concurrent.ThreadPoolExecutor$Worker.run(ThreadPoolExecutor.java:635) [?:?]
	at java.lang.Thread.run(Thread.java:840) [?:?]
14:26:53.684 [8808acf2-b901-482b-9182-8feecfa28384-client-thread1] ERROR DNAudit - user=null | ip=null | op=WRITE_CHUNK {blockData=conID: 1 locID: 113750153625600001 bcsId: 13, blockDataSize=100} | ret=FAILURE
org.apache.hadoop.hdds.scm.container.common.helpers.ContainerNotOpenException: Container 1 in CLOSING state
	at org.apache.hadoop.ozone.container.common.impl.HddsDispatcher.validateContainerCommand(HddsDispatcher.java:559) ~[classes/:?]
	at org.apache.hadoop.ozone.container.common.transport.server.ratis.ContainerStateMachine.startTransaction(ContainerStateMachine.java:415) ~[classes/:?]
	at org.apache.ratis.server.impl.RaftServerImpl.writeAsync(RaftServerImpl.java:953) ~[ratis-server-3.0.1.jar:3.0.1]
	at org.apache.ratis.server.impl.RaftServerImpl.replyFuture(RaftServerImpl.java:931) ~[ratis-server-3.0.1.jar:3.0.1]
	at org.apache.ratis.server.impl.RaftServerImpl.submitClientRequestAsync(RaftServerImpl.java:908) ~[ratis-server-3.0.1.jar:3.0.1]
	at org.apache.ratis.server.impl.RaftServerImpl.lambda$null$13(RaftServerImpl.java:897) ~[ratis-server-3.0.1.jar:3.0.1]
	at org.apache.ratis.util.JavaUtils.callAsUnchecked(JavaUtils.java:118) ~[ratis-common-3.0.1.jar:3.0.1]
	at org.apache.ratis.server.impl.RaftServerImpl.lambda$executeSubmitClientRequestAsync$14(RaftServerImpl.java:897) ~[ratis-server-3.0.1.jar:3.0.1]
	at java.util.concurrent.CompletableFuture$AsyncSupply.run(CompletableFuture.java:1768) [?:?]
	at java.util.concurrent.ThreadPoolExecutor.runWorker(ThreadPoolExecutor.java:1136) [?:?]
	at java.util.concurrent.ThreadPoolExecutor$Worker.run(ThreadPoolExecutor.java:635) [?:?]
	at java.lang.Thread.run(Thread.java:840) [?:?]
2024-05-04 14:26:53,685 [grpc-default-executor-1] ERROR impl.OrderedAsync (OrderedAsync.java:lambda$send$4(179)) - Failed to send request, message=cmdType: WriteChunk
traceID: ""
containerID: 1
datanodeUuid: "9ec74834-1541-452c-921b-2d323393210f"
writeChunk {
  blockID {
    containerID: 1
    localID: 113750153625600001
    blockCommitSequenceId: 13
    replicaIndex: 0
  }
  chunkData {
    chunkName: "113750153625600001_chunk_6"
    offset: 500
    len: 100
    checksumData {
      type: NONE
      bytesPerChecksum: 1048576
    }
  }
}
, data.size=100
java.util.concurrent.CompletionException: org.apache.ratis.protocol.exceptions.StateMachineException: org.apache.hadoop.hdds.scm.container.common.helpers.ContainerNotOpenException from Server 8808acf2-b901-482b-9182-8feecfa28384@group-D5ED0AA30690: Container 1 in CLOSING state
	at org.apache.ratis.client.impl.RaftClientImpl.handleRaftException(RaftClientImpl.java:374)
	at org.apache.ratis.client.impl.OrderedAsync.lambda$send$3(OrderedAsync.java:173)
	at java.base/java.util.concurrent.CompletableFuture$UniApply.tryFire(CompletableFuture.java:646)
	at java.base/java.util.concurrent.CompletableFuture.postComplete(CompletableFuture.java:510)
	at java.base/java.util.concurrent.CompletableFuture.complete(CompletableFuture.java:2147)
	at org.apache.ratis.client.impl.OrderedAsync$PendingOrderedRequest.setReply(OrderedAsync.java:99)
	at org.apache.ratis.client.impl.OrderedAsync$PendingOrderedRequest.setReply(OrderedAsync.java:60)
	at org.apache.ratis.util.SlidingWindow$RequestMap.setReply(SlidingWindow.java:144)
	at org.apache.ratis.util.SlidingWindow$Client.receiveReply(SlidingWindow.java:348)
	at org.apache.ratis.client.impl.OrderedAsync.lambda$sendRequest$8(OrderedAsync.java:243)
	at java.base/java.util.concurrent.CompletableFuture$UniApply.tryFire(CompletableFuture.java:646)
	at java.base/java.util.concurrent.CompletableFuture.postComplete(CompletableFuture.java:510)
	at java.base/java.util.concurrent.CompletableFuture.complete(CompletableFuture.java:2147)
	at org.apache.ratis.grpc.client.GrpcClientProtocolClient$AsyncStreamObservers$1.lambda$onNext$0(GrpcClientProtocolClient.java:322)
	at java.base/java.util.Optional.ifPresent(Optional.java:178)
	at org.apache.ratis.grpc.client.GrpcClientProtocolClient$AsyncStreamObservers.handleReplyFuture(GrpcClientProtocolClient.java:378)
	at org.apache.ratis.grpc.client.GrpcClientProtocolClient$AsyncStreamObservers.access$100(GrpcClientProtocolClient.java:300)
	at org.apache.ratis.grpc.client.GrpcClientProtocolClient$AsyncStreamObservers$1.onNext(GrpcClientProtocolClient.java:322)
	at org.apache.ratis.grpc.client.GrpcClientProtocolClient$AsyncStreamObservers$1.onNext(GrpcClientProtocolClient.java:305)
	at org.apache.ratis.thirdparty.io.grpc.stub.ClientCalls$StreamObserverToCallListenerAdapter.onMessage(ClientCalls.java:468)
	at org.apache.ratis.thirdparty.io.grpc.ForwardingClientCallListener.onMessage(ForwardingClientCallListener.java:33)
	at org.apache.ratis.thirdparty.io.grpc.internal.ClientCallImpl$ClientStreamListenerImpl$1MessagesAvailable.runInternal(ClientCallImpl.java:660)
	at org.apache.ratis.thirdparty.io.grpc.internal.ClientCallImpl$ClientStreamListenerImpl$1MessagesAvailable.runInContext(ClientCallImpl.java:647)
	at org.apache.ratis.thirdparty.io.grpc.internal.ContextRunnable.run(ContextRunnable.java:37)
	at org.apache.ratis.thirdparty.io.grpc.internal.SerializingExecutor.run(SerializingExecutor.java:133)
	at java.base/java.util.concurrent.ThreadPoolExecutor.runWorker(ThreadPoolExecutor.java:1136)
	at java.base/java.util.concurrent.ThreadPoolExecutor$Worker.run(ThreadPoolExecutor.java:635)
	at java.base/java.lang.Thread.run(Thread.java:840)
Caused by: org.apache.ratis.protocol.exceptions.StateMachineException: org.apache.hadoop.hdds.scm.container.common.helpers.ContainerNotOpenException from Server 8808acf2-b901-482b-9182-8feecfa28384@group-D5ED0AA30690: Container 1 in CLOSING state
	at org.apache.hadoop.ozone.container.common.impl.HddsDispatcher.validateContainerCommand(HddsDispatcher.java:559)
	at org.apache.hadoop.ozone.container.common.transport.server.ratis.ContainerStateMachine.startTransaction(ContainerStateMachine.java:415)
	at org.apache.ratis.server.impl.RaftServerImpl.writeAsync(RaftServerImpl.java:953)
	at org.apache.ratis.server.impl.RaftServerImpl.replyFuture(RaftServerImpl.java:931)
	at org.apache.ratis.server.impl.RaftServerImpl.submitClientRequestAsync(RaftServerImpl.java:908)
	at org.apache.ratis.server.impl.RaftServerImpl.lambda$null$13(RaftServerImpl.java:897)
	at org.apache.ratis.util.JavaUtils.callAsUnchecked(JavaUtils.java:118)
	at org.apache.ratis.server.impl.RaftServerImpl.lambda$executeSubmitClientRequestAsync$14(RaftServerImpl.java:897)
	at java.base/java.util.concurrent.CompletableFuture$AsyncSupply.run(CompletableFuture.java:1768)
	... 3 more
Caused by: org.apache.hadoop.hdds.scm.container.common.helpers.ContainerNotOpenException: Container 1 in CLOSING state
	at java.base/jdk.internal.reflect.NativeConstructorAccessorImpl.newInstance0(Native Method)
	at java.base/jdk.internal.reflect.NativeConstructorAccessorImpl.newInstance(NativeConstructorAccessorImpl.java:77)
	at java.base/jdk.internal.reflect.DelegatingConstructorAccessorImpl.newInstance(DelegatingConstructorAccessorImpl.java:45)
	at java.base/java.lang.reflect.Constructor.newInstanceWithCaller(Constructor.java:499)
	at java.base/java.lang.reflect.Constructor.newInstance(Constructor.java:480)
	at org.apache.ratis.util.ReflectionUtils.instantiateException(ReflectionUtils.java:259)
	at org.apache.ratis.client.impl.ClientProtoUtils.toStateMachineException(ClientProtoUtils.java:449)
	at org.apache.ratis.client.impl.ClientProtoUtils.toStateMachineException(ClientProtoUtils.java:435)
	at org.apache.ratis.client.impl.ClientProtoUtils.toRaftClientReply(ClientProtoUtils.java:402)
	at org.apache.ratis.grpc.client.GrpcClientProtocolClient$AsyncStreamObservers$1.onNext(GrpcClientProtocolClient.java:310)
	at org.apache.ratis.grpc.client.GrpcClientProtocolClient$AsyncStreamObservers$1.onNext(GrpcClientProtocolClient.java:305)
	at org.apache.ratis.thirdparty.io.grpc.stub.ClientCalls$StreamObserverToCallListenerAdapter.onMessage(ClientCalls.java:468)
	at org.apache.ratis.thirdparty.io.grpc.ForwardingClientCallListener.onMessage(ForwardingClientCallListener.java:33)
	at org.apache.ratis.thirdparty.io.grpc.internal.ClientCallImpl$ClientStreamListenerImpl$1MessagesAvailable.runInternal(ClientCallImpl.java:660)
	at org.apache.ratis.thirdparty.io.grpc.internal.ClientCallImpl$ClientStreamListenerImpl$1MessagesAvailable.runInContext(ClientCallImpl.java:647)
	at org.apache.ratis.thirdparty.io.grpc.internal.ContextRunnable.run(ContextRunnable.java:37)
	at org.apache.ratis.thirdparty.io.grpc.internal.SerializingExecutor.run(SerializingExecutor.java:133)
	... 3 more
14:26:53.687 [8808acf2-b901-482b-9182-8feecfa28384-client-thread1] ERROR DNAudit - user=null | ip=null | op=PUT_BLOCK {blockData=[blockId=conID: 1 locID: 113750153625600001 bcsId: 0, size=700]} | ret=FAILURE
org.apache.hadoop.hdds.scm.container.common.helpers.ContainerNotOpenException: Container 1 in CLOSING state
	at org.apache.hadoop.ozone.container.common.impl.HddsDispatcher.validateContainerCommand(HddsDispatcher.java:559) ~[classes/:?]
	at org.apache.hadoop.ozone.container.common.transport.server.ratis.ContainerStateMachine.startTransaction(ContainerStateMachine.java:415) ~[classes/:?]
	at org.apache.ratis.server.impl.RaftServerImpl.writeAsync(RaftServerImpl.java:953) ~[ratis-server-3.0.1.jar:3.0.1]
	at org.apache.ratis.server.impl.RaftServerImpl.replyFuture(RaftServerImpl.java:931) ~[ratis-server-3.0.1.jar:3.0.1]
	at org.apache.ratis.server.impl.RaftServerImpl.submitClientRequestAsync(RaftServerImpl.java:908) ~[ratis-server-3.0.1.jar:3.0.1]
	at org.apache.ratis.server.impl.RaftServerImpl.lambda$null$13(RaftServerImpl.java:897) ~[ratis-server-3.0.1.jar:3.0.1]
	at org.apache.ratis.util.JavaUtils.callAsUnchecked(JavaUtils.java:118) ~[ratis-common-3.0.1.jar:3.0.1]
	at org.apache.ratis.server.impl.RaftServerImpl.lambda$executeSubmitClientRequestAsync$14(RaftServerImpl.java:897) ~[ratis-server-3.0.1.jar:3.0.1]
	at java.util.concurrent.CompletableFuture$AsyncSupply.run(CompletableFuture.java:1768) [?:?]
	at java.util.concurrent.ThreadPoolExecutor.runWorker(ThreadPoolExecutor.java:1136) [?:?]
	at java.util.concurrent.ThreadPoolExecutor$Worker.run(ThreadPoolExecutor.java:635) [?:?]
	at java.lang.Thread.run(Thread.java:840) [?:?]
2024-05-04 14:26:53,687 [grpc-default-executor-1] ERROR impl.OrderedAsync (OrderedAsync.java:lambda$send$4(179)) - Failed to send request, message=cmdType: WriteChunk
traceID: ""
containerID: 1
datanodeUuid: "9ec74834-1541-452c-921b-2d323393210f"
writeChunk {
  blockID {
    containerID: 1
    localID: 113750153625600001
    blockCommitSequenceId: 13
    replicaIndex: 0
  }
  chunkData {
    chunkName: "113750153625600001_chunk_7"
    offset: 600
    len: 100
    checksumData {
      type: NONE
      bytesPerChecksum: 1048576
    }
  }
}
, data.size=100
java.util.concurrent.CompletionException: org.apache.ratis.protocol.exceptions.StateMachineException: org.apache.hadoop.hdds.scm.container.common.helpers.ContainerNotOpenException from Server 8808acf2-b901-482b-9182-8feecfa28384@group-D5ED0AA30690: Container 1 in CLOSING state
	at org.apache.ratis.client.impl.RaftClientImpl.handleRaftException(RaftClientImpl.java:374)
	at org.apache.ratis.client.impl.OrderedAsync.lambda$send$3(OrderedAsync.java:173)
	at java.base/java.util.concurrent.CompletableFuture$UniApply.tryFire(CompletableFuture.java:646)
	at java.base/java.util.concurrent.CompletableFuture.postComplete(CompletableFuture.java:510)
	at java.base/java.util.concurrent.CompletableFuture.complete(CompletableFuture.java:2147)
	at org.apache.ratis.client.impl.OrderedAsync$PendingOrderedRequest.setReply(OrderedAsync.java:99)
	at org.apache.ratis.client.impl.OrderedAsync$PendingOrderedRequest.setReply(OrderedAsync.java:60)
	at org.apache.ratis.util.SlidingWindow$RequestMap.setReply(SlidingWindow.java:144)
	at org.apache.ratis.util.SlidingWindow$Client.receiveReply(SlidingWindow.java:348)
	at org.apache.ratis.client.impl.OrderedAsync.lambda$sendRequest$8(OrderedAsync.java:243)
	at java.base/java.util.concurrent.CompletableFuture$UniApply.tryFire(CompletableFuture.java:646)
	at java.base/java.util.concurrent.CompletableFuture.postComplete(CompletableFuture.java:510)
	at java.base/java.util.concurrent.CompletableFuture.complete(CompletableFuture.java:2147)
	at org.apache.ratis.grpc.client.GrpcClientProtocolClient$AsyncStreamObservers$1.lambda$onNext$0(GrpcClientProtocolClient.java:322)
	at java.base/java.util.Optional.ifPresent(Optional.java:178)
	at org.apache.ratis.grpc.client.GrpcClientProtocolClient$AsyncStreamObservers.handleReplyFuture(GrpcClientProtocolClient.java:378)
	at org.apache.ratis.grpc.client.GrpcClientProtocolClient$AsyncStreamObservers.access$100(GrpcClientProtocolClient.java:300)
	at org.apache.ratis.grpc.client.GrpcClientProtocolClient$AsyncStreamObservers$1.onNext(GrpcClientProtocolClient.java:322)
	at org.apache.ratis.grpc.client.GrpcClientProtocolClient$AsyncStreamObservers$1.onNext(GrpcClientProtocolClient.java:305)
	at org.apache.ratis.thirdparty.io.grpc.stub.ClientCalls$StreamObserverToCallListenerAdapter.onMessage(ClientCalls.java:468)
	at org.apache.ratis.thirdparty.io.grpc.ForwardingClientCallListener.onMessage(ForwardingClientCallListener.java:33)
	at org.apache.ratis.thirdparty.io.grpc.internal.ClientCallImpl$ClientStreamListenerImpl$1MessagesAvailable.runInternal(ClientCallImpl.java:660)
	at org.apache.ratis.thirdparty.io.grpc.internal.ClientCallImpl$ClientStreamListenerImpl$1MessagesAvailable.runInContext(ClientCallImpl.java:647)
	at org.apache.ratis.thirdparty.io.grpc.internal.ContextRunnable.run(ContextRunnable.java:37)
	at org.apache.ratis.thirdparty.io.grpc.internal.SerializingExecutor.run(SerializingExecutor.java:133)
	at java.base/java.util.concurrent.ThreadPoolExecutor.runWorker(ThreadPoolExecutor.java:1136)
	at java.base/java.util.concurrent.ThreadPoolExecutor$Worker.run(ThreadPoolExecutor.java:635)
	at java.base/java.lang.Thread.run(Thread.java:840)
Caused by: org.apache.ratis.protocol.exceptions.StateMachineException: org.apache.hadoop.hdds.scm.container.common.helpers.ContainerNotOpenException from Server 8808acf2-b901-482b-9182-8feecfa28384@group-D5ED0AA30690: Container 1 in CLOSING state
	at org.apache.hadoop.ozone.container.common.impl.HddsDispatcher.validateContainerCommand(HddsDispatcher.java:559)
	at org.apache.hadoop.ozone.container.common.transport.server.ratis.ContainerStateMachine.startTransaction(ContainerStateMachine.java:415)
	at org.apache.ratis.server.impl.RaftServerImpl.writeAsync(RaftServerImpl.java:953)
	at org.apache.ratis.server.impl.RaftServerImpl.replyFuture(RaftServerImpl.java:931)
	at org.apache.ratis.server.impl.RaftServerImpl.submitClientRequestAsync(RaftServerImpl.java:908)
	at org.apache.ratis.server.impl.RaftServerImpl.lambda$null$13(RaftServerImpl.java:897)
	at org.apache.ratis.util.JavaUtils.callAsUnchecked(JavaUtils.java:118)
	at org.apache.ratis.server.impl.RaftServerImpl.lambda$executeSubmitClientRequestAsync$14(RaftServerImpl.java:897)
	at java.base/java.util.concurrent.CompletableFuture$AsyncSupply.run(CompletableFuture.java:1768)
	... 3 more
Caused by: org.apache.hadoop.hdds.scm.container.common.helpers.ContainerNotOpenException: Container 1 in CLOSING state
	at java.base/jdk.internal.reflect.NativeConstructorAccessorImpl.newInstance0(Native Method)
	at java.base/jdk.internal.reflect.NativeConstructorAccessorImpl.newInstance(NativeConstructorAccessorImpl.java:77)
	at java.base/jdk.internal.reflect.DelegatingConstructorAccessorImpl.newInstance(DelegatingConstructorAccessorImpl.java:45)
	at java.base/java.lang.reflect.Constructor.newInstanceWithCaller(Constructor.java:499)
	at java.base/java.lang.reflect.Constructor.newInstance(Constructor.java:480)
	at org.apache.ratis.util.ReflectionUtils.instantiateException(ReflectionUtils.java:259)
	at org.apache.ratis.client.impl.ClientProtoUtils.toStateMachineException(ClientProtoUtils.java:449)
	at org.apache.ratis.client.impl.ClientProtoUtils.toStateMachineException(ClientProtoUtils.java:435)
	at org.apache.ratis.client.impl.ClientProtoUtils.toRaftClientReply(ClientProtoUtils.java:402)
	at org.apache.ratis.grpc.client.GrpcClientProtocolClient$AsyncStreamObservers$1.onNext(GrpcClientProtocolClient.java:310)
	at org.apache.ratis.grpc.client.GrpcClientProtocolClient$AsyncStreamObservers$1.onNext(GrpcClientProtocolClient.java:305)
	at org.apache.ratis.thirdparty.io.grpc.stub.ClientCalls$StreamObserverToCallListenerAdapter.onMessage(ClientCalls.java:468)
	at org.apache.ratis.thirdparty.io.grpc.ForwardingClientCallListener.onMessage(ForwardingClientCallListener.java:33)
	at org.apache.ratis.thirdparty.io.grpc.internal.ClientCallImpl$ClientStreamListenerImpl$1MessagesAvailable.runInternal(ClientCallImpl.java:660)
	at org.apache.ratis.thirdparty.io.grpc.internal.ClientCallImpl$ClientStreamListenerImpl$1MessagesAvailable.runInContext(ClientCallImpl.java:647)
	at org.apache.ratis.thirdparty.io.grpc.internal.ContextRunnable.run(ContextRunnable.java:37)
	at org.apache.ratis.thirdparty.io.grpc.internal.SerializingExecutor.run(SerializingExecutor.java:133)
	... 3 more
14:26:53.689 [8808acf2-b901-482b-9182-8feecfa28384-client-thread1] ERROR DNAudit - user=null | ip=null | op=WRITE_CHUNK {blockData=conID: 1 locID: 113750153625600001 bcsId: 13, blockDataSize=100} | ret=FAILURE
org.apache.hadoop.hdds.scm.container.common.helpers.ContainerNotOpenException: Container 1 in CLOSING state
	at org.apache.hadoop.ozone.container.common.impl.HddsDispatcher.validateContainerCommand(HddsDispatcher.java:559) ~[classes/:?]
	at org.apache.hadoop.ozone.container.common.transport.server.ratis.ContainerStateMachine.startTransaction(ContainerStateMachine.java:415) ~[classes/:?]
	at org.apache.ratis.server.impl.RaftServerImpl.writeAsync(RaftServerImpl.java:953) ~[ratis-server-3.0.1.jar:3.0.1]
	at org.apache.ratis.server.impl.RaftServerImpl.replyFuture(RaftServerImpl.java:931) ~[ratis-server-3.0.1.jar:3.0.1]
	at org.apache.ratis.server.impl.RaftServerImpl.submitClientRequestAsync(RaftServerImpl.java:908) ~[ratis-server-3.0.1.jar:3.0.1]
	at org.apache.ratis.server.impl.RaftServerImpl.lambda$null$13(RaftServerImpl.java:897) ~[ratis-server-3.0.1.jar:3.0.1]
	at org.apache.ratis.util.JavaUtils.callAsUnchecked(JavaUtils.java:118) ~[ratis-common-3.0.1.jar:3.0.1]
	at org.apache.ratis.server.impl.RaftServerImpl.lambda$executeSubmitClientRequestAsync$14(RaftServerImpl.java:897) ~[ratis-server-3.0.1.jar:3.0.1]
	at java.util.concurrent.CompletableFuture$AsyncSupply.run(CompletableFuture.java:1768) [?:?]
	at java.util.concurrent.ThreadPoolExecutor.runWorker(ThreadPoolExecutor.java:1136) [?:?]
	at java.util.concurrent.ThreadPoolExecutor$Worker.run(ThreadPoolExecutor.java:635) [?:?]
	at java.lang.Thread.run(Thread.java:840) [?:?]
2024-05-04 14:26:53,690 [grpc-default-executor-1] ERROR impl.OrderedAsync (OrderedAsync.java:lambda$send$4(179)) - Failed to send request, message=cmdType: PutBlock
traceID: ""
containerID: 1
datanodeUuid: "9ec74834-1541-452c-921b-2d323393210f"
putBlock {
  blockData {
    blockID {
      containerID: 1
      localID: 113750153625600001
      blockCommitSequenceId: 0
    }
    metadata {
      key: "TYPE"
      value: "KEY"
    }
    chunks {
      chunkName: "113750153625600001_chunk_1"
      offset: 0
      len: 100
      checksumData {
        type: NONE
        bytesPerChecksum: 1048576
      }
    }
    chunks {
      chunkName: "113750153625600001_chunk_2"
      offset: 100
      len: 100
      checksumData {
        type: NONE
        bytesPerChecksum: 1048576
      }
    }
    chunks {
      chunkName: "113750153625600001_chunk_3"
      offset: 200
      len: 100
      checksumData {
        type: NONE
        bytesPerChecksum: 1048576
      }
    }
    chunks {
      chunkName: "113750153625600001_chunk_4"
      offset: 300
      len: 100
      checksumData {
        type: NONE
        bytesPerChecksum: 1048576
      }
    }
    chunks {
      chunkName: "113750153625600001_chunk_5"
      offset: 400
      len: 100
      checksumData {
        type: NONE
        bytesPerChecksum: 1048576
      }
    }
    chunks {
      chunkName: "113750153625600001_chunk_6"
      offset: 500
      len: 100
      checksumData {
        type: NONE
        bytesPerChecksum: 1048576
      }
    }
    chunks {
      chunkName: "113750153625600001_chunk_7"
      offset: 600
      len: 100
      checksumData {
        type: NONE
        bytesPerChecksum: 1048576
      }
    }
  }
  eof: false
}
, data.size=0
java.util.concurrent.CompletionException: org.apache.ratis.protocol.exceptions.StateMachineException: org.apache.hadoop.hdds.scm.container.common.helpers.ContainerNotOpenException from Server 8808acf2-b901-482b-9182-8feecfa28384@group-D5ED0AA30690: Container 1 in CLOSING state
	at org.apache.ratis.client.impl.RaftClientImpl.handleRaftException(RaftClientImpl.java:374)
	at org.apache.ratis.client.impl.OrderedAsync.lambda$send$3(OrderedAsync.java:173)
	at java.base/java.util.concurrent.CompletableFuture$UniApply.tryFire(CompletableFuture.java:646)
	at java.base/java.util.concurrent.CompletableFuture.postComplete(CompletableFuture.java:510)
	at java.base/java.util.concurrent.CompletableFuture.complete(CompletableFuture.java:2147)
	at org.apache.ratis.client.impl.OrderedAsync$PendingOrderedRequest.setReply(OrderedAsync.java:99)
	at org.apache.ratis.client.impl.OrderedAsync$PendingOrderedRequest.setReply(OrderedAsync.java:60)
	at org.apache.ratis.util.SlidingWindow$RequestMap.setReply(SlidingWindow.java:144)
	at org.apache.ratis.util.SlidingWindow$Client.receiveReply(SlidingWindow.java:348)
	at org.apache.ratis.client.impl.OrderedAsync.lambda$sendRequest$8(OrderedAsync.java:243)
	at java.base/java.util.concurrent.CompletableFuture$UniApply.tryFire(CompletableFuture.java:646)
	at java.base/java.util.concurrent.CompletableFuture.postComplete(CompletableFuture.java:510)
	at java.base/java.util.concurrent.CompletableFuture.complete(CompletableFuture.java:2147)
	at org.apache.ratis.grpc.client.GrpcClientProtocolClient$AsyncStreamObservers$1.lambda$onNext$0(GrpcClientProtocolClient.java:322)
	at java.base/java.util.Optional.ifPresent(Optional.java:178)
	at org.apache.ratis.grpc.client.GrpcClientProtocolClient$AsyncStreamObservers.handleReplyFuture(GrpcClientProtocolClient.java:378)
	at org.apache.ratis.grpc.client.GrpcClientProtocolClient$AsyncStreamObservers.access$100(GrpcClientProtocolClient.java:300)
	at org.apache.ratis.grpc.client.GrpcClientProtocolClient$AsyncStreamObservers$1.onNext(GrpcClientProtocolClient.java:322)
	at org.apache.ratis.grpc.client.GrpcClientProtocolClient$AsyncStreamObservers$1.onNext(GrpcClientProtocolClient.java:305)
	at org.apache.ratis.thirdparty.io.grpc.stub.ClientCalls$StreamObserverToCallListenerAdapter.onMessage(ClientCalls.java:468)
	at org.apache.ratis.thirdparty.io.grpc.ForwardingClientCallListener.onMessage(ForwardingClientCallListener.java:33)
	at org.apache.ratis.thirdparty.io.grpc.internal.ClientCallImpl$ClientStreamListenerImpl$1MessagesAvailable.runInternal(ClientCallImpl.java:660)
	at org.apache.ratis.thirdparty.io.grpc.internal.ClientCallImpl$ClientStreamListenerImpl$1MessagesAvailable.runInContext(ClientCallImpl.java:647)
	at org.apache.ratis.thirdparty.io.grpc.internal.ContextRunnable.run(ContextRunnable.java:37)
	at org.apache.ratis.thirdparty.io.grpc.internal.SerializingExecutor.run(SerializingExecutor.java:133)
	at java.base/java.util.concurrent.ThreadPoolExecutor.runWorker(ThreadPoolExecutor.java:1136)
	at java.base/java.util.concurrent.ThreadPoolExecutor$Worker.run(ThreadPoolExecutor.java:635)
	at java.base/java.lang.Thread.run(Thread.java:840)
Caused by: org.apache.ratis.protocol.exceptions.StateMachineException: org.apache.hadoop.hdds.scm.container.common.helpers.ContainerNotOpenException from Server 8808acf2-b901-482b-9182-8feecfa28384@group-D5ED0AA30690: Container 1 in CLOSING state
	at org.apache.hadoop.ozone.container.common.impl.HddsDispatcher.validateContainerCommand(HddsDispatcher.java:559)
	at org.apache.hadoop.ozone.container.common.transport.server.ratis.ContainerStateMachine.startTransaction(ContainerStateMachine.java:415)
	at org.apache.ratis.server.impl.RaftServerImpl.writeAsync(RaftServerImpl.java:953)
	at org.apache.ratis.server.impl.RaftServerImpl.replyFuture(RaftServerImpl.java:931)
	at org.apache.ratis.server.impl.RaftServerImpl.submitClientRequestAsync(RaftServerImpl.java:908)
	at org.apache.ratis.server.impl.RaftServerImpl.lambda$null$13(RaftServerImpl.java:897)
	at org.apache.ratis.util.JavaUtils.callAsUnchecked(JavaUtils.java:118)
	at org.apache.ratis.server.impl.RaftServerImpl.lambda$executeSubmitClientRequestAsync$14(RaftServerImpl.java:897)
	at java.base/java.util.concurrent.CompletableFuture$AsyncSupply.run(CompletableFuture.java:1768)
	... 3 more
Caused by: org.apache.hadoop.hdds.scm.container.common.helpers.ContainerNotOpenException: Container 1 in CLOSING state
	at java.base/jdk.internal.reflect.NativeConstructorAccessorImpl.newInstance0(Native Method)
	at java.base/jdk.internal.reflect.NativeConstructorAccessorImpl.newInstance(NativeConstructorAccessorImpl.java:77)
	at java.base/jdk.internal.reflect.DelegatingConstructorAccessorImpl.newInstance(DelegatingConstructorAccessorImpl.java:45)
	at java.base/java.lang.reflect.Constructor.newInstanceWithCaller(Constructor.java:499)
	at java.base/java.lang.reflect.Constructor.newInstance(Constructor.java:480)
	at org.apache.ratis.util.ReflectionUtils.instantiateException(ReflectionUtils.java:259)
	at org.apache.ratis.client.impl.ClientProtoUtils.toStateMachineException(ClientProtoUtils.java:449)
	at org.apache.ratis.client.impl.ClientProtoUtils.toStateMachineException(ClientProtoUtils.java:435)
	at org.apache.ratis.client.impl.ClientProtoUtils.toRaftClientReply(ClientProtoUtils.java:402)
	at org.apache.ratis.grpc.client.GrpcClientProtocolClient$AsyncStreamObservers$1.onNext(GrpcClientProtocolClient.java:310)
	at org.apache.ratis.grpc.client.GrpcClientProtocolClient$AsyncStreamObservers$1.onNext(GrpcClientProtocolClient.java:305)
	at org.apache.ratis.thirdparty.io.grpc.stub.ClientCalls$StreamObserverToCallListenerAdapter.onMessage(ClientCalls.java:468)
	at org.apache.ratis.thirdparty.io.grpc.ForwardingClientCallListener.onMessage(ForwardingClientCallListener.java:33)
	at org.apache.ratis.thirdparty.io.grpc.internal.ClientCallImpl$ClientStreamListenerImpl$1MessagesAvailable.runInternal(ClientCallImpl.java:660)
	at org.apache.ratis.thirdparty.io.grpc.internal.ClientCallImpl$ClientStreamListenerImpl$1MessagesAvailable.runInContext(ClientCallImpl.java:647)
	at org.apache.ratis.thirdparty.io.grpc.internal.ContextRunnable.run(ContextRunnable.java:37)
	at org.apache.ratis.thirdparty.io.grpc.internal.SerializingExecutor.run(SerializingExecutor.java:133)
	... 3 more
14:26:53.691 [8808acf2-b901-482b-9182-8feecfa28384-client-thread1] ERROR DNAudit - user=null | ip=null | op=PUT_BLOCK {blockData=[blockId=conID: 1 locID: 113750153625600001 bcsId: 0, size=800]} | ret=FAILURE
org.apache.hadoop.hdds.scm.container.common.helpers.ContainerNotOpenException: Container 1 in CLOSING state
	at org.apache.hadoop.ozone.container.common.impl.HddsDispatcher.validateContainerCommand(HddsDispatcher.java:559) ~[classes/:?]
	at org.apache.hadoop.ozone.container.common.transport.server.ratis.ContainerStateMachine.startTransaction(ContainerStateMachine.java:415) ~[classes/:?]
	at org.apache.ratis.server.impl.RaftServerImpl.writeAsync(RaftServerImpl.java:953) ~[ratis-server-3.0.1.jar:3.0.1]
	at org.apache.ratis.server.impl.RaftServerImpl.replyFuture(RaftServerImpl.java:931) ~[ratis-server-3.0.1.jar:3.0.1]
	at org.apache.ratis.server.impl.RaftServerImpl.submitClientRequestAsync(RaftServerImpl.java:908) ~[ratis-server-3.0.1.jar:3.0.1]
	at org.apache.ratis.server.impl.RaftServerImpl.lambda$null$13(RaftServerImpl.java:897) ~[ratis-server-3.0.1.jar:3.0.1]
	at org.apache.ratis.util.JavaUtils.callAsUnchecked(JavaUtils.java:118) ~[ratis-common-3.0.1.jar:3.0.1]
	at org.apache.ratis.server.impl.RaftServerImpl.lambda$executeSubmitClientRequestAsync$14(RaftServerImpl.java:897) ~[ratis-server-3.0.1.jar:3.0.1]
	at java.util.concurrent.CompletableFuture$AsyncSupply.run(CompletableFuture.java:1768) [?:?]
	at java.util.concurrent.ThreadPoolExecutor.runWorker(ThreadPoolExecutor.java:1136) [?:?]
	at java.util.concurrent.ThreadPoolExecutor$Worker.run(ThreadPoolExecutor.java:635) [?:?]
	at java.lang.Thread.run(Thread.java:840) [?:?]
2024-05-04 14:26:53,692 [grpc-default-executor-1] ERROR impl.OrderedAsync (OrderedAsync.java:lambda$send$4(179)) - Failed to send request, message=cmdType: WriteChunk
traceID: ""
containerID: 1
datanodeUuid: "9ec74834-1541-452c-921b-2d323393210f"
writeChunk {
  blockID {
    containerID: 1
    localID: 113750153625600001
    blockCommitSequenceId: 13
    replicaIndex: 0
  }
  chunkData {
    chunkName: "113750153625600001_chunk_8"
    offset: 700
    len: 100
    checksumData {
      type: NONE
      bytesPerChecksum: 1048576
    }
  }
}
, data.size=100
java.util.concurrent.CompletionException: org.apache.ratis.protocol.exceptions.StateMachineException: org.apache.hadoop.hdds.scm.container.common.helpers.ContainerNotOpenException from Server 8808acf2-b901-482b-9182-8feecfa28384@group-D5ED0AA30690: Container 1 in CLOSING state
	at org.apache.ratis.client.impl.RaftClientImpl.handleRaftException(RaftClientImpl.java:374)
	at org.apache.ratis.client.impl.OrderedAsync.lambda$send$3(OrderedAsync.java:173)
	at java.base/java.util.concurrent.CompletableFuture$UniApply.tryFire(CompletableFuture.java:646)
	at java.base/java.util.concurrent.CompletableFuture.postComplete(CompletableFuture.java:510)
	at java.base/java.util.concurrent.CompletableFuture.complete(CompletableFuture.java:2147)
	at org.apache.ratis.client.impl.OrderedAsync$PendingOrderedRequest.setReply(OrderedAsync.java:99)
	at org.apache.ratis.client.impl.OrderedAsync$PendingOrderedRequest.setReply(OrderedAsync.java:60)
	at org.apache.ratis.util.SlidingWindow$RequestMap.setReply(SlidingWindow.java:144)
	at org.apache.ratis.util.SlidingWindow$Client.receiveReply(SlidingWindow.java:348)
	at org.apache.ratis.client.impl.OrderedAsync.lambda$sendRequest$8(OrderedAsync.java:243)
	at java.base/java.util.concurrent.CompletableFuture$UniApply.tryFire(CompletableFuture.java:646)
	at java.base/java.util.concurrent.CompletableFuture.postComplete(CompletableFuture.java:510)
	at java.base/java.util.concurrent.CompletableFuture.complete(CompletableFuture.java:2147)
	at org.apache.ratis.grpc.client.GrpcClientProtocolClient$AsyncStreamObservers$1.lambda$onNext$0(GrpcClientProtocolClient.java:322)
	at java.base/java.util.Optional.ifPresent(Optional.java:178)
	at org.apache.ratis.grpc.client.GrpcClientProtocolClient$AsyncStreamObservers.handleReplyFuture(GrpcClientProtocolClient.java:378)
	at org.apache.ratis.grpc.client.GrpcClientProtocolClient$AsyncStreamObservers.access$100(GrpcClientProtocolClient.java:300)
	at org.apache.ratis.grpc.client.GrpcClientProtocolClient$AsyncStreamObservers$1.onNext(GrpcClientProtocolClient.java:322)
	at org.apache.ratis.grpc.client.GrpcClientProtocolClient$AsyncStreamObservers$1.onNext(GrpcClientProtocolClient.java:305)
	at org.apache.ratis.thirdparty.io.grpc.stub.ClientCalls$StreamObserverToCallListenerAdapter.onMessage(ClientCalls.java:468)
	at org.apache.ratis.thirdparty.io.grpc.ForwardingClientCallListener.onMessage(ForwardingClientCallListener.java:33)
	at org.apache.ratis.thirdparty.io.grpc.internal.ClientCallImpl$ClientStreamListenerImpl$1MessagesAvailable.runInternal(ClientCallImpl.java:660)
	at org.apache.ratis.thirdparty.io.grpc.internal.ClientCallImpl$ClientStreamListenerImpl$1MessagesAvailable.runInContext(ClientCallImpl.java:647)
	at org.apache.ratis.thirdparty.io.grpc.internal.ContextRunnable.run(ContextRunnable.java:37)
	at org.apache.ratis.thirdparty.io.grpc.internal.SerializingExecutor.run(SerializingExecutor.java:133)
	at java.base/java.util.concurrent.ThreadPoolExecutor.runWorker(ThreadPoolExecutor.java:1136)
	at java.base/java.util.concurrent.ThreadPoolExecutor$Worker.run(ThreadPoolExecutor.java:635)
	at java.base/java.lang.Thread.run(Thread.java:840)
Caused by: org.apache.ratis.protocol.exceptions.StateMachineException: org.apache.hadoop.hdds.scm.container.common.helpers.ContainerNotOpenException from Server 8808acf2-b901-482b-9182-8feecfa28384@group-D5ED0AA30690: Container 1 in CLOSING state
	at org.apache.hadoop.ozone.container.common.impl.HddsDispatcher.validateContainerCommand(HddsDispatcher.java:559)
	at org.apache.hadoop.ozone.container.common.transport.server.ratis.ContainerStateMachine.startTransaction(ContainerStateMachine.java:415)
	at org.apache.ratis.server.impl.RaftServerImpl.writeAsync(RaftServerImpl.java:953)
	at org.apache.ratis.server.impl.RaftServerImpl.replyFuture(RaftServerImpl.java:931)
	at org.apache.ratis.server.impl.RaftServerImpl.submitClientRequestAsync(RaftServerImpl.java:908)
	at org.apache.ratis.server.impl.RaftServerImpl.lambda$null$13(RaftServerImpl.java:897)
	at org.apache.ratis.util.JavaUtils.callAsUnchecked(JavaUtils.java:118)
	at org.apache.ratis.server.impl.RaftServerImpl.lambda$executeSubmitClientRequestAsync$14(RaftServerImpl.java:897)
	at java.base/java.util.concurrent.CompletableFuture$AsyncSupply.run(CompletableFuture.java:1768)
	... 3 more
Caused by: org.apache.hadoop.hdds.scm.container.common.helpers.ContainerNotOpenException: Container 1 in CLOSING state
	at java.base/jdk.internal.reflect.NativeConstructorAccessorImpl.newInstance0(Native Method)
	at java.base/jdk.internal.reflect.NativeConstructorAccessorImpl.newInstance(NativeConstructorAccessorImpl.java:77)
	at java.base/jdk.internal.reflect.DelegatingConstructorAccessorImpl.newInstance(DelegatingConstructorAccessorImpl.java:45)
	at java.base/java.lang.reflect.Constructor.newInstanceWithCaller(Constructor.java:499)
	at java.base/java.lang.reflect.Constructor.newInstance(Constructor.java:480)
	at org.apache.ratis.util.ReflectionUtils.instantiateException(ReflectionUtils.java:259)
	at org.apache.ratis.client.impl.ClientProtoUtils.toStateMachineException(ClientProtoUtils.java:449)
	at org.apache.ratis.client.impl.ClientProtoUtils.toStateMachineException(ClientProtoUtils.java:435)
	at org.apache.ratis.client.impl.ClientProtoUtils.toRaftClientReply(ClientProtoUtils.java:402)
	at org.apache.ratis.grpc.client.GrpcClientProtocolClient$AsyncStreamObservers$1.onNext(GrpcClientProtocolClient.java:310)
	at org.apache.ratis.grpc.client.GrpcClientProtocolClient$AsyncStreamObservers$1.onNext(GrpcClientProtocolClient.java:305)
	at org.apache.ratis.thirdparty.io.grpc.stub.ClientCalls$StreamObserverToCallListenerAdapter.onMessage(ClientCalls.java:468)
	at org.apache.ratis.thirdparty.io.grpc.ForwardingClientCallListener.onMessage(ForwardingClientCallListener.java:33)
	at org.apache.ratis.thirdparty.io.grpc.internal.ClientCallImpl$ClientStreamListenerImpl$1MessagesAvailable.runInternal(ClientCallImpl.java:660)
	at org.apache.ratis.thirdparty.io.grpc.internal.ClientCallImpl$ClientStreamListenerImpl$1MessagesAvailable.runInContext(ClientCallImpl.java:647)
	at org.apache.ratis.thirdparty.io.grpc.internal.ContextRunnable.run(ContextRunnable.java:37)
	at org.apache.ratis.thirdparty.io.grpc.internal.SerializingExecutor.run(SerializingExecutor.java:133)
	... 3 more
2024-05-04 14:26:53,694 [grpc-default-executor-1] ERROR impl.OrderedAsync (OrderedAsync.java:lambda$send$4(179)) - Failed to send request, message=cmdType: PutBlock
traceID: ""
containerID: 1
datanodeUuid: "9ec74834-1541-452c-921b-2d323393210f"
putBlock {
  blockData {
    blockID {
      containerID: 1
      localID: 113750153625600001
      blockCommitSequenceId: 0
    }
    metadata {
      key: "TYPE"
      value: "KEY"
    }
    chunks {
      chunkName: "113750153625600001_chunk_1"
      offset: 0
      len: 100
      checksumData {
        type: NONE
        bytesPerChecksum: 1048576
      }
    }
    chunks {
      chunkName: "113750153625600001_chunk_2"
      offset: 100
      len: 100
      checksumData {
        type: NONE
        bytesPerChecksum: 1048576
      }
    }
    chunks {
      chunkName: "113750153625600001_chunk_3"
      offset: 200
      len: 100
      checksumData {
        type: NONE
        bytesPerChecksum: 1048576
      }
    }
    chunks {
      chunkName: "113750153625600001_chunk_4"
      offset: 300
      len: 100
      checksumData {
        type: NONE
        bytesPerChecksum: 1048576
      }
    }
    chunks {
      chunkName: "113750153625600001_chunk_5"
      offset: 400
      len: 100
      checksumData {
        type: NONE
        bytesPerChecksum: 1048576
      }
    }
    chunks {
      chunkName: "113750153625600001_chunk_6"
      offset: 500
      len: 100
      checksumData {
        type: NONE
        bytesPerChecksum: 1048576
      }
    }
    chunks {
      chunkName: "113750153625600001_chunk_7"
      offset: 600
      len: 100
      checksumData {
        type: NONE
        bytesPerChecksum: 1048576
      }
    }
    chunks {
      chunkName: "113750153625600001_chunk_8"
      offset: 700
      len: 100
      checksumData {
        type: NONE
        bytesPerChecksum: 1048576
      }
    }
  }
  eof: true
}
, data.size=0
java.util.concurrent.CompletionException: org.apache.ratis.protocol.exceptions.StateMachineException: org.apache.hadoop.hdds.scm.container.common.helpers.ContainerNotOpenException from Server 8808acf2-b901-482b-9182-8feecfa28384@group-D5ED0AA30690: Container 1 in CLOSING state
	at org.apache.ratis.client.impl.RaftClientImpl.handleRaftException(RaftClientImpl.java:374)
	at org.apache.ratis.client.impl.OrderedAsync.lambda$send$3(OrderedAsync.java:173)
	at java.base/java.util.concurrent.CompletableFuture$UniApply.tryFire(CompletableFuture.java:646)
	at java.base/java.util.concurrent.CompletableFuture.postComplete(CompletableFuture.java:510)
	at java.base/java.util.concurrent.CompletableFuture.complete(CompletableFuture.java:2147)
	at org.apache.ratis.client.impl.OrderedAsync$PendingOrderedRequest.setReply(OrderedAsync.java:99)
	at org.apache.ratis.client.impl.OrderedAsync$PendingOrderedRequest.setReply(OrderedAsync.java:60)
	at org.apache.ratis.util.SlidingWindow$RequestMap.setReply(SlidingWindow.java:144)
	at org.apache.ratis.util.SlidingWindow$Client.receiveReply(SlidingWindow.java:348)
	at org.apache.ratis.client.impl.OrderedAsync.lambda$sendRequest$8(OrderedAsync.java:243)
	at java.base/java.util.concurrent.CompletableFuture$UniApply.tryFire(CompletableFuture.java:646)
	at java.base/java.util.concurrent.CompletableFuture.postComplete(CompletableFuture.java:510)
	at java.base/java.util.concurrent.CompletableFuture.complete(CompletableFuture.java:2147)
	at org.apache.ratis.grpc.client.GrpcClientProtocolClient$AsyncStreamObservers$1.lambda$onNext$0(GrpcClientProtocolClient.java:322)
	at java.base/java.util.Optional.ifPresent(Optional.java:178)
	at org.apache.ratis.grpc.client.GrpcClientProtocolClient$AsyncStreamObservers.handleReplyFuture(GrpcClientProtocolClient.java:378)
	at org.apache.ratis.grpc.client.GrpcClientProtocolClient$AsyncStreamObservers.access$100(GrpcClientProtocolClient.java:300)
	at org.apache.ratis.grpc.client.GrpcClientProtocolClient$AsyncStreamObservers$1.onNext(GrpcClientProtocolClient.java:322)
	at org.apache.ratis.grpc.client.GrpcClientProtocolClient$AsyncStreamObservers$1.onNext(GrpcClientProtocolClient.java:305)
	at org.apache.ratis.thirdparty.io.grpc.stub.ClientCalls$StreamObserverToCallListenerAdapter.onMessage(ClientCalls.java:468)
	at org.apache.ratis.thirdparty.io.grpc.ForwardingClientCallListener.onMessage(ForwardingClientCallListener.java:33)
	at org.apache.ratis.thirdparty.io.grpc.internal.ClientCallImpl$ClientStreamListenerImpl$1MessagesAvailable.runInternal(ClientCallImpl.java:660)
	at org.apache.ratis.thirdparty.io.grpc.internal.ClientCallImpl$ClientStreamListenerImpl$1MessagesAvailable.runInContext(ClientCallImpl.java:647)
	at org.apache.ratis.thirdparty.io.grpc.internal.ContextRunnable.run(ContextRunnable.java:37)
	at org.apache.ratis.thirdparty.io.grpc.internal.SerializingExecutor.run(SerializingExecutor.java:133)
	at java.base/java.util.concurrent.ThreadPoolExecutor.runWorker(ThreadPoolExecutor.java:1136)
	at java.base/java.util.concurrent.ThreadPoolExecutor$Worker.run(ThreadPoolExecutor.java:635)
	at java.base/java.lang.Thread.run(Thread.java:840)
Caused by: org.apache.ratis.protocol.exceptions.StateMachineException: org.apache.hadoop.hdds.scm.container.common.helpers.ContainerNotOpenException from Server 8808acf2-b901-482b-9182-8feecfa28384@group-D5ED0AA30690: Container 1 in CLOSING state
	at org.apache.hadoop.ozone.container.common.impl.HddsDispatcher.validateContainerCommand(HddsDispatcher.java:559)
	at org.apache.hadoop.ozone.container.common.transport.server.ratis.ContainerStateMachine.startTransaction(ContainerStateMachine.java:415)
	at org.apache.ratis.server.impl.RaftServerImpl.writeAsync(RaftServerImpl.java:953)
	at org.apache.ratis.server.impl.RaftServerImpl.replyFuture(RaftServerImpl.java:931)
	at org.apache.ratis.server.impl.RaftServerImpl.submitClientRequestAsync(RaftServerImpl.java:908)
	at org.apache.ratis.server.impl.RaftServerImpl.lambda$null$13(RaftServerImpl.java:897)
	at org.apache.ratis.util.JavaUtils.callAsUnchecked(JavaUtils.java:118)
	at org.apache.ratis.server.impl.RaftServerImpl.lambda$executeSubmitClientRequestAsync$14(RaftServerImpl.java:897)
	at java.base/java.util.concurrent.CompletableFuture$AsyncSupply.run(CompletableFuture.java:1768)
	... 3 more
Caused by: org.apache.hadoop.hdds.scm.container.common.helpers.ContainerNotOpenException: Container 1 in CLOSING state
	at java.base/jdk.internal.reflect.NativeConstructorAccessorImpl.newInstance0(Native Method)
	at java.base/jdk.internal.reflect.NativeConstructorAccessorImpl.newInstance(NativeConstructorAccessorImpl.java:77)
	at java.base/jdk.internal.reflect.DelegatingConstructorAccessorImpl.newInstance(DelegatingConstructorAccessorImpl.java:45)
	at java.base/java.lang.reflect.Constructor.newInstanceWithCaller(Constructor.java:499)
	at java.base/java.lang.reflect.Constructor.newInstance(Constructor.java:480)
	at org.apache.ratis.util.ReflectionUtils.instantiateException(ReflectionUtils.java:259)
	at org.apache.ratis.client.impl.ClientProtoUtils.toStateMachineException(ClientProtoUtils.java:449)
	at org.apache.ratis.client.impl.ClientProtoUtils.toStateMachineException(ClientProtoUtils.java:435)
	at org.apache.ratis.client.impl.ClientProtoUtils.toRaftClientReply(ClientProtoUtils.java:402)
	at org.apache.ratis.grpc.client.GrpcClientProtocolClient$AsyncStreamObservers$1.onNext(GrpcClientProtocolClient.java:310)
	at org.apache.ratis.grpc.client.GrpcClientProtocolClient$AsyncStreamObservers$1.onNext(GrpcClientProtocolClient.java:305)
	at org.apache.ratis.thirdparty.io.grpc.stub.ClientCalls$StreamObserverToCallListenerAdapter.onMessage(ClientCalls.java:468)
	at org.apache.ratis.thirdparty.io.grpc.ForwardingClientCallListener.onMessage(ForwardingClientCallListener.java:33)
	at org.apache.ratis.thirdparty.io.grpc.internal.ClientCallImpl$ClientStreamListenerImpl$1MessagesAvailable.runInternal(ClientCallImpl.java:660)
	at org.apache.ratis.thirdparty.io.grpc.internal.ClientCallImpl$ClientStreamListenerImpl$1MessagesAvailable.runInContext(ClientCallImpl.java:647)
	at org.apache.ratis.thirdparty.io.grpc.internal.ContextRunnable.run(ContextRunnable.java:37)
	at org.apache.ratis.thirdparty.io.grpc.internal.SerializingExecutor.run(SerializingExecutor.java:133)
	... 3 more
2024-05-04 14:26:53,698 [IPC Server handler 4 on default port 15054] INFO  pipeline.RatisPipelineProvider (RatisPipelineProvider.java:lambda$create$0(205)) - Sending CreatePipelineCommand for pipeline:PipelineID=2797b6a5-e765-4cb6-9c47-d94a52ab4096 to datanode:83059998-de51-48d1-9818-e6afe7fa3b6f
2024-05-04 14:26:53,698 [IPC Server handler 4 on default port 15054] INFO  pipeline.RatisPipelineProvider (RatisPipelineProvider.java:lambda$create$0(205)) - Sending CreatePipelineCommand for pipeline:PipelineID=2797b6a5-e765-4cb6-9c47-d94a52ab4096 to datanode:ccbd6c79-39e6-4e91-99a9-9b6c204b47e9
2024-05-04 14:26:53,698 [IPC Server handler 4 on default port 15054] INFO  pipeline.RatisPipelineProvider (RatisPipelineProvider.java:lambda$create$0(205)) - Sending CreatePipelineCommand for pipeline:PipelineID=2797b6a5-e765-4cb6-9c47-d94a52ab4096 to datanode:8808acf2-b901-482b-9182-8feecfa28384
2024-05-04 14:26:53,714 [EventQueue-StaleNodeForStaleNodeHandler] INFO  node.StaleNodeHandler (StaleNodeHandler.java:onMessage(57)) - Datanode 83059998-de51-48d1-9818-e6afe7fa3b6f(localhost/127.0.0.1) moved to stale state. Finalizing its pipelines [PipelineID=2797b6a5-e765-4cb6-9c47-d94a52ab4096, PipelineID=662b2c8d-8f14-41d3-87b4-6025e5d5c1b1, PipelineID=29719e95-3b68-43b3-b996-c3dad7af45b8, PipelineID=58634f81-2263-4b6f-9c6a-d5ed0aa30690, PipelineID=bc09c7ad-d833-4526-abd7-8f1fa5180fdd]
2024-05-04 14:26:53,714 [EventQueue-DeadNodeForDeadNodeHandler] INFO  node.DeadNodeHandler (DeadNodeHandler.java:onMessage(95)) - A dead datanode is detected. 9ec74834-1541-452c-921b-2d323393210f(localhost/127.0.0.1)
2024-05-04 14:26:53,715 [EventQueue-StaleNodeForStaleNodeHandler] INFO  pipeline.PipelineManagerImpl (PipelineManagerImpl.java:closePipeline(518)) - Pipeline PipelineID=2797b6a5-e765-4cb6-9c47-d94a52ab4096 moved to CLOSED state
2024-05-04 14:26:53,715 [EventQueue-DeadNodeForDeadNodeHandler] INFO  pipeline.RatisPipelineProvider (RatisPipelineProvider.java:lambda$close$4(270)) - Send pipeline:PipelineID=eb97d0b1-989d-45a5-adb9-b539b67c8ed3 close command to datanode 9ec74834-1541-452c-921b-2d323393210f
2024-05-04 14:26:53,715 [EventQueue-StaleNodeForStaleNodeHandler] INFO  pipeline.PipelineManagerImpl (PipelineManagerImpl.java:closePipeline(518)) - Pipeline PipelineID=bc09c7ad-d833-4526-abd7-8f1fa5180fdd moved to CLOSED state
2024-05-04 14:26:53,715 [EventQueue-DeadNodeForDeadNodeHandler] INFO  pipeline.PipelineManagerImpl (PipelineManagerImpl.java:removePipeline(459)) - Pipeline Pipeline[ Id: eb97d0b1-989d-45a5-adb9-b539b67c8ed3, Nodes: 9ec74834-1541-452c-921b-2d323393210f(localhost/127.0.0.1), ReplicationConfig: RATIS/ONE, State:CLOSED, leaderId:9ec74834-1541-452c-921b-2d323393210f, CreationTimestamp2024-05-04T14:26:38.346Z[Etc/UTC]] removed.
2024-05-04 14:26:53,715 [EventQueue-DeadNodeForDeadNodeHandler] INFO  pipeline.RatisPipelineProvider (RatisPipelineProvider.java:lambda$close$4(270)) - Send pipeline:PipelineID=662b2c8d-8f14-41d3-87b4-6025e5d5c1b1 close command to datanode 8808acf2-b901-482b-9182-8feecfa28384
2024-05-04 14:26:53,716 [EventQueue-DeadNodeForDeadNodeHandler] INFO  pipeline.RatisPipelineProvider (RatisPipelineProvider.java:lambda$close$4(270)) - Send pipeline:PipelineID=662b2c8d-8f14-41d3-87b4-6025e5d5c1b1 close command to datanode 9ec74834-1541-452c-921b-2d323393210f
2024-05-04 14:26:53,716 [EventQueue-DeadNodeForDeadNodeHandler] INFO  pipeline.RatisPipelineProvider (RatisPipelineProvider.java:lambda$close$4(270)) - Send pipeline:PipelineID=662b2c8d-8f14-41d3-87b4-6025e5d5c1b1 close command to datanode 83059998-de51-48d1-9818-e6afe7fa3b6f
2024-05-04 14:26:53,716 [EventQueue-DeadNodeForDeadNodeHandler] INFO  pipeline.PipelineManagerImpl (PipelineManagerImpl.java:removePipeline(459)) - Pipeline Pipeline[ Id: 662b2c8d-8f14-41d3-87b4-6025e5d5c1b1, Nodes: 8808acf2-b901-482b-9182-8feecfa28384(localhost/127.0.0.1)9ec74834-1541-452c-921b-2d323393210f(localhost/127.0.0.1)83059998-de51-48d1-9818-e6afe7fa3b6f(localhost/127.0.0.1), ReplicationConfig: RATIS/THREE, State:CLOSED, leaderId:9ec74834-1541-452c-921b-2d323393210f, CreationTimestamp2024-05-04T14:26:38.420Z[Etc/UTC]] removed.
2024-05-04 14:26:53,716 [EventQueue-DeadNodeForDeadNodeHandler] INFO  pipeline.RatisPipelineProvider (RatisPipelineProvider.java:lambda$close$4(270)) - Send pipeline:PipelineID=29719e95-3b68-43b3-b996-c3dad7af45b8 close command to datanode 8808acf2-b901-482b-9182-8feecfa28384
2024-05-04 14:26:53,716 [EventQueue-DeadNodeForDeadNodeHandler] INFO  pipeline.RatisPipelineProvider (RatisPipelineProvider.java:lambda$close$4(270)) - Send pipeline:PipelineID=29719e95-3b68-43b3-b996-c3dad7af45b8 close command to datanode 83059998-de51-48d1-9818-e6afe7fa3b6f
2024-05-04 14:26:53,716 [EventQueue-DeadNodeForDeadNodeHandler] INFO  pipeline.RatisPipelineProvider (RatisPipelineProvider.java:lambda$close$4(270)) - Send pipeline:PipelineID=29719e95-3b68-43b3-b996-c3dad7af45b8 close command to datanode 9ec74834-1541-452c-921b-2d323393210f
2024-05-04 14:26:53,716 [EventQueue-DeadNodeForDeadNodeHandler] INFO  pipeline.PipelineManagerImpl (PipelineManagerImpl.java:removePipeline(459)) - Pipeline Pipeline[ Id: 29719e95-3b68-43b3-b996-c3dad7af45b8, Nodes: 8808acf2-b901-482b-9182-8feecfa28384(localhost/127.0.0.1)83059998-de51-48d1-9818-e6afe7fa3b6f(localhost/127.0.0.1)9ec74834-1541-452c-921b-2d323393210f(localhost/127.0.0.1), ReplicationConfig: RATIS/THREE, State:CLOSED, leaderId:83059998-de51-48d1-9818-e6afe7fa3b6f, CreationTimestamp2024-05-04T14:26:38.421Z[Etc/UTC]] removed.
2024-05-04 14:26:53,716 [EventQueue-DeadNodeForDeadNodeHandler] INFO  pipeline.RatisPipelineProvider (RatisPipelineProvider.java:lambda$close$4(270)) - Send pipeline:PipelineID=58634f81-2263-4b6f-9c6a-d5ed0aa30690 close command to datanode 9ec74834-1541-452c-921b-2d323393210f
2024-05-04 14:26:53,716 [EventQueue-DeadNodeForDeadNodeHandler] INFO  pipeline.RatisPipelineProvider (RatisPipelineProvider.java:lambda$close$4(270)) - Send pipeline:PipelineID=58634f81-2263-4b6f-9c6a-d5ed0aa30690 close command to datanode 83059998-de51-48d1-9818-e6afe7fa3b6f
2024-05-04 14:26:53,716 [EventQueue-DeadNodeForDeadNodeHandler] INFO  pipeline.RatisPipelineProvider (RatisPipelineProvider.java:lambda$close$4(270)) - Send pipeline:PipelineID=58634f81-2263-4b6f-9c6a-d5ed0aa30690 close command to datanode 8808acf2-b901-482b-9182-8feecfa28384
2024-05-04 14:26:53,717 [EventQueue-DeadNodeForDeadNodeHandler] INFO  pipeline.PipelineManagerImpl (PipelineManagerImpl.java:removePipeline(459)) - Pipeline Pipeline[ Id: 58634f81-2263-4b6f-9c6a-d5ed0aa30690, Nodes: 9ec74834-1541-452c-921b-2d323393210f(localhost/127.0.0.1)83059998-de51-48d1-9818-e6afe7fa3b6f(localhost/127.0.0.1)8808acf2-b901-482b-9182-8feecfa28384(localhost/127.0.0.1), ReplicationConfig: RATIS/THREE, State:CLOSED, leaderId:8808acf2-b901-482b-9182-8feecfa28384, CreationTimestamp2024-05-04T14:26:38.419Z[Etc/UTC]] removed.
2024-05-04 14:26:53,717 [EventQueue-DeadNodeForDeadNodeHandler] INFO  node.DeadNodeHandler (DeadNodeHandler.java:onMessage(108)) - Clearing command queue of size 5 for DN 9ec74834-1541-452c-921b-2d323393210f(localhost/127.0.0.1)
2024-05-04 14:26:53,717 [EventQueue-DeadNodeForDeadNodeHandler] INFO  net.NetworkTopologyImpl (NetworkTopologyImpl.java:remove(212)) - Removed a node: /default-rack/9ec74834-1541-452c-921b-2d323393210f
2024-05-04 14:26:55,614 [8808acf2-b901-482b-9182-8feecfa28384-PipelineCommandHandlerThread-0] INFO  server.RaftServer (RaftServerProxy.java:addNew(100)) - 8808acf2-b901-482b-9182-8feecfa28384: addNew group-D94A52AB4096:[8808acf2-b901-482b-9182-8feecfa28384|127.0.0.1:15085, ccbd6c79-39e6-4e91-99a9-9b6c204b47e9|127.0.0.1:15094, 83059998-de51-48d1-9818-e6afe7fa3b6f|127.0.0.1:15067] returns group-D94A52AB4096:java.util.concurrent.CompletableFuture@5189551[Not completed]
2024-05-04 14:26:55,614 [8808acf2-b901-482b-9182-8feecfa28384-groupManagement] INFO  server.RaftServer$Division (RaftServerImpl.java:<init>(256)) - 8808acf2-b901-482b-9182-8feecfa28384: new RaftServerImpl for group-D94A52AB4096:[8808acf2-b901-482b-9182-8feecfa28384|127.0.0.1:15085, ccbd6c79-39e6-4e91-99a9-9b6c204b47e9|127.0.0.1:15094, 83059998-de51-48d1-9818-e6afe7fa3b6f|127.0.0.1:15067] with ContainerStateMachine:uninitialized
2024-05-04 14:26:55,615 [8808acf2-b901-482b-9182-8feecfa28384-groupManagement] INFO  server.RaftServerConfigKeys (ConfUtils.java:logGet(46)) - raft.server.rpc.timeout.min = 5s (custom)
2024-05-04 14:26:55,615 [8808acf2-b901-482b-9182-8feecfa28384-groupManagement] INFO  server.RaftServerConfigKeys (ConfUtils.java:logGet(46)) - raft.server.rpc.timeout.max = 5200ms (custom)
2024-05-04 14:26:55,615 [8808acf2-b901-482b-9182-8feecfa28384-groupManagement] INFO  server.RaftServerConfigKeys (ConfUtils.java:logGet(46)) - raft.server.rpc.sleep.time = 25ms (default)
2024-05-04 14:26:55,615 [8808acf2-b901-482b-9182-8feecfa28384-groupManagement] INFO  server.RaftServerConfigKeys (ConfUtils.java:logGet(46)) - raft.server.rpc.slowness.timeout = 300000ms (custom)
2024-05-04 14:26:55,615 [8808acf2-b901-482b-9182-8feecfa28384-groupManagement] INFO  server.RaftServerConfigKeys (ConfUtils.java:logGet(46)) - raft.server.leaderelection.leader.step-down.wait-time = 10s (default)
2024-05-04 14:26:55,615 [8808acf2-b901-482b-9182-8feecfa28384-groupManagement] INFO  server.RaftServerConfigKeys (ConfUtils.java:logGet(46)) - raft.server.leaderelection.member.majority-add = false (default)
2024-05-04 14:26:55,615 [8808acf2-b901-482b-9182-8feecfa28384-groupManagement] INFO  server.RaftServerConfigKeys (ConfUtils.java:logGet(46)) - raft.server.sleep.deviation.threshold = 300ms (default)
2024-05-04 14:26:55,615 [8808acf2-b901-482b-9182-8feecfa28384-groupManagement] INFO  server.RaftServer$Division (ServerState.java:<init>(113)) - 8808acf2-b901-482b-9182-8feecfa28384@group-D94A52AB4096: ConfigurationManager, init=-1: peers:[8808acf2-b901-482b-9182-8feecfa28384|127.0.0.1:15085, ccbd6c79-39e6-4e91-99a9-9b6c204b47e9|127.0.0.1:15094, 83059998-de51-48d1-9818-e6afe7fa3b6f|127.0.0.1:15067]|listeners:[], old=null, confs=<EMPTY_MAP>
2024-05-04 14:26:55,615 [8808acf2-b901-482b-9182-8feecfa28384-groupManagement] INFO  server.RaftServerConfigKeys (ConfUtils.java:logGet(46)) - raft.server.notification.no-leader.timeout = 300000ms (custom)
2024-05-04 14:26:55,615 [8808acf2-b901-482b-9182-8feecfa28384-groupManagement] INFO  server.RaftServerConfigKeys (ConfUtils.java:logGet(46)) - raft.server.read.timeout = 10s (default)
2024-05-04 14:26:55,615 [8808acf2-b901-482b-9182-8feecfa28384-groupManagement] INFO  server.RaftServerConfigKeys (ConfUtils.java:logGet(46)) - raft.server.retrycache.expirytime = 600000ms (custom)
2024-05-04 14:26:55,615 [8808acf2-b901-482b-9182-8feecfa28384-groupManagement] INFO  server.RaftServerConfigKeys (ConfUtils.java:logGet(46)) - raft.server.retrycache.statistics.expirytime = 100ms (default)
2024-05-04 14:26:55,615 [8808acf2-b901-482b-9182-8feecfa28384-groupManagement] INFO  server.RaftServerConfigKeys (ConfUtils.java:logGet(46)) - raft.server.read.option = DEFAULT (default)
2024-05-04 14:26:55,615 [8808acf2-b901-482b-9182-8feecfa28384-groupManagement] INFO  server.RaftServerConfigKeys (ConfUtils.java:logGet(46)) - raft.server.read.read-after-write-consistent.write-index-cache.expiry-time = 60s (default)
2024-05-04 14:26:55,617 [8808acf2-b901-482b-9182-8feecfa28384-groupManagement] INFO  server.RaftServerConfigKeys (ConfUtils.java:logGet(46)) - raft.server.rpc.request.timeout = 3000ms (default)
2024-05-04 14:26:55,617 [8808acf2-b901-482b-9182-8feecfa28384-groupManagement] INFO  server.RaftServerConfigKeys (ConfUtils.java:logGet(46)) - raft.server.log.appender.install.snapshot.enabled = false (custom)
2024-05-04 14:26:55,617 [8808acf2-b901-482b-9182-8feecfa28384-groupManagement] INFO  server.RaftServerConfigKeys (ConfUtils.java:logGet(46)) - raft.server.threadpool.server.cached = true (default)
2024-05-04 14:26:55,617 [8808acf2-b901-482b-9182-8feecfa28384-groupManagement] INFO  server.RaftServerConfigKeys (ConfUtils.java:logGet(46)) - raft.server.threadpool.server.size = 0 (default)
2024-05-04 14:26:55,617 [8808acf2-b901-482b-9182-8feecfa28384-groupManagement] INFO  server.RaftServerConfigKeys (ConfUtils.java:logGet(46)) - raft.server.threadpool.client.cached = true (default)
2024-05-04 14:26:55,617 [8808acf2-b901-482b-9182-8feecfa28384-groupManagement] INFO  server.RaftServerConfigKeys (ConfUtils.java:logGet(46)) - raft.server.threadpool.client.size = 0 (default)
2024-05-04 14:26:55,617 [8808acf2-b901-482b-9182-8feecfa28384-groupManagement] INFO  server.RaftServerConfigKeys (ConfUtils.java:logGet(46)) - raft.server.storage.free-space.min = 0MB (=0) (default)
2024-05-04 14:26:55,617 [8808acf2-b901-482b-9182-8feecfa28384-groupManagement] INFO  server.RaftServerConfigKeys (ConfUtils.java:logGet(46)) - raft.server.log.corruption.policy = EXCEPTION (default)
2024-05-04 14:26:55,617 [8808acf2-b901-482b-9182-8feecfa28384-groupManagement] INFO  server.RaftServerConfigKeys (ConfUtils.java:logGet(46)) - raft.server.storage.dir = [/home/runner/work/ozone/ozone/hadoop-ozone/integration-test/target/test-dir/MiniOzoneClusterImpl-7c905145-d891-4b2f-be71-50eb4aa8551e/ozone-meta/datanode-3/ratis] (custom)
2024-05-04 14:26:55,617 [8808acf2-b901-482b-9182-8feecfa28384-groupManagement] INFO  storage.RaftStorageDirectory (RaftStorageDirectoryImpl.java:analyzeStorage(138)) - The storage directory /home/runner/work/ozone/ozone/hadoop-ozone/integration-test/target/test-dir/MiniOzoneClusterImpl-7c905145-d891-4b2f-be71-50eb4aa8551e/ozone-meta/datanode-3/ratis/2797b6a5-e765-4cb6-9c47-d94a52ab4096 does not exist. Creating ...
2024-05-04 14:26:55,618 [8808acf2-b901-482b-9182-8feecfa28384-groupManagement] INFO  storage.RaftStorageDirectory (RaftStorageDirectoryImpl.java:tryLock(228)) - Lock on /home/runner/work/ozone/ozone/hadoop-ozone/integration-test/target/test-dir/MiniOzoneClusterImpl-7c905145-d891-4b2f-be71-50eb4aa8551e/ozone-meta/datanode-3/ratis/2797b6a5-e765-4cb6-9c47-d94a52ab4096/in_use.lock acquired by nodename 53612@fv-az1114-244
2024-05-04 14:26:55,619 [8808acf2-b901-482b-9182-8feecfa28384-groupManagement] INFO  storage.RaftStorage (RaftStorageImpl.java:format(99)) - Storage directory /home/runner/work/ozone/ozone/hadoop-ozone/integration-test/target/test-dir/MiniOzoneClusterImpl-7c905145-d891-4b2f-be71-50eb4aa8551e/ozone-meta/datanode-3/ratis/2797b6a5-e765-4cb6-9c47-d94a52ab4096 has been successfully formatted.
2024-05-04 14:26:55,620 [8808acf2-b901-482b-9182-8feecfa28384-groupManagement] WARN  util.FileUtils (LogUtils.java:supplyAndLog(63)) - Failed to Files.newInputStream /home/runner/work/ozone/ozone/hadoop-ozone/integration-test/target/test-dir/MiniOzoneClusterImpl-7c905145-d891-4b2f-be71-50eb4aa8551e/ozone-meta/datanode-3/ratis/2797b6a5-e765-4cb6-9c47-d94a52ab4096/current/raft-meta.conf with options []: java.nio.file.NoSuchFileException: /home/runner/work/ozone/ozone/hadoop-ozone/integration-test/target/test-dir/MiniOzoneClusterImpl-7c905145-d891-4b2f-be71-50eb4aa8551e/ozone-meta/datanode-3/ratis/2797b6a5-e765-4cb6-9c47-d94a52ab4096/current/raft-meta.conf
2024-05-04 14:26:55,620 [8808acf2-b901-482b-9182-8feecfa28384-groupManagement] INFO  ratis.ContainerStateMachine (ContainerStateMachine.java:loadSnapshot(287)) - group-D94A52AB4096: The snapshot info is null. Setting the last applied index to:(t:0, i:~)
2024-05-04 14:26:55,620 [8808acf2-b901-482b-9182-8feecfa28384-groupManagement] INFO  server.RaftServerConfigKeys (ConfUtils.java:logGet(46)) - raft.server.log.use.memory = false (default)
2024-05-04 14:26:55,620 [8808acf2-b901-482b-9182-8feecfa28384-groupManagement] INFO  server.RaftServerConfigKeys (ConfUtils.java:logGet(46)) - raft.server.log.purge.gap = 1000000 (custom)
2024-05-04 14:26:55,620 [8808acf2-b901-482b-9182-8feecfa28384-groupManagement] INFO  server.RaftServerConfigKeys (ConfUtils.java:logGet(46)) - raft.server.log.appender.buffer.byte-limit = 8388608 (custom)
2024-05-04 14:26:55,620 [8808acf2-b901-482b-9182-8feecfa28384-groupManagement] INFO  server.RaftServerConfigKeys (ConfUtils.java:logGet(46)) - raft.server.log.statemachine.data.read.timeout = 1000ms (default)
2024-05-04 14:26:55,620 [8808acf2-b901-482b-9182-8feecfa28384-groupManagement] INFO  server.RaftServerConfigKeys (ConfUtils.java:logGet(46)) - raft.server.log.purge.preservation.log.num = 0 (default)
2024-05-04 14:26:55,621 [EventQueue-PipelineReportForPipelineReportHandler] INFO  pipeline.PipelineReportHandler (PipelineReportHandler.java:processPipelineReport(115)) - Reported pipeline PipelineID=662b2c8d-8f14-41d3-87b4-6025e5d5c1b1 is not found
2024-05-04 14:26:55,621 [8808acf2-b901-482b-9182-8feecfa28384-groupManagement] INFO  server.RaftServerConfigKeys (ConfUtils.java:logGet(46)) - raft.server.log.segment.size.max = 67108864 (custom)
2024-05-04 14:26:55,621 [EventQueue-PipelineReportForPipelineReportHandler] INFO  pipeline.PipelineReportHandler (PipelineReportHandler.java:processPipelineReport(115)) - Reported pipeline PipelineID=29719e95-3b68-43b3-b996-c3dad7af45b8 is not found
2024-05-04 14:26:55,621 [EventQueue-PipelineReportForPipelineReportHandler] INFO  pipeline.PipelineReportHandler (PipelineReportHandler.java:processPipelineReport(115)) - Reported pipeline PipelineID=58634f81-2263-4b6f-9c6a-d5ed0aa30690 is not found
2024-05-04 14:26:55,621 [8808acf2-b901-482b-9182-8feecfa28384-groupManagement] INFO  server.RaftServerConfigKeys (ConfUtils.java:logGet(46)) - raft.server.log.segment.cache.num.max = 2 (custom)
2024-05-04 14:26:55,622 [8808acf2-b901-482b-9182-8feecfa28384-groupManagement] INFO  server.RaftServerConfigKeys (ConfUtils.java:logGet(46)) - raft.server.log.segment.cache.size.max = 200MB (=209715200) (default)
2024-05-04 14:26:55,622 [8808acf2-b901-482b-9182-8feecfa28384-groupManagement] INFO  server.RaftServerConfigKeys (ConfUtils.java:logGet(46)) - raft.server.log.appender.buffer.byte-limit = 8388608 (custom)
2024-05-04 14:26:55,622 [8808acf2-b901-482b-9182-8feecfa28384-groupManagement] INFO  util.AwaitToRun (AwaitToRun.java:start(81)) - Thread[8808acf2-b901-482b-9182-8feecfa28384@group-D94A52AB4096-cacheEviction-AwaitToRun,5,main] started
2024-05-04 14:26:55,622 [8808acf2-b901-482b-9182-8feecfa28384-groupManagement] INFO  segmented.SegmentedRaftLogWorker (SegmentedRaftLogWorker.java:<init>(182)) - new 8808acf2-b901-482b-9182-8feecfa28384@group-D94A52AB4096-SegmentedRaftLogWorker for RaftStorageImpl:Storage Directory /home/runner/work/ozone/ozone/hadoop-ozone/integration-test/target/test-dir/MiniOzoneClusterImpl-7c905145-d891-4b2f-be71-50eb4aa8551e/ozone-meta/datanode-3/ratis/2797b6a5-e765-4cb6-9c47-d94a52ab4096
2024-05-04 14:26:55,622 [8808acf2-b901-482b-9182-8feecfa28384-groupManagement] INFO  server.RaftServerConfigKeys (ConfUtils.java:logGet(46)) - raft.server.log.queue.byte-limit = 4294967296 (custom)
2024-05-04 14:26:55,622 [8808acf2-b901-482b-9182-8feecfa28384-groupManagement] INFO  server.RaftServerConfigKeys (ConfUtils.java:logGet(46)) - raft.server.log.queue.element-limit = 1024 (custom)
2024-05-04 14:26:55,622 [8808acf2-b901-482b-9182-8feecfa28384-groupManagement] INFO  server.RaftServerConfigKeys (ConfUtils.java:logGet(46)) - raft.server.log.segment.size.max = 67108864 (custom)
2024-05-04 14:26:55,622 [8808acf2-b901-482b-9182-8feecfa28384-groupManagement] INFO  server.RaftServerConfigKeys (ConfUtils.java:logGet(46)) - raft.server.log.preallocated.size = 4194304 (custom)
2024-05-04 14:26:55,622 [8808acf2-b901-482b-9182-8feecfa28384-groupManagement] INFO  server.RaftServerConfigKeys (ConfUtils.java:logGet(46)) - raft.server.log.force.sync.num = 128 (default)
2024-05-04 14:26:55,622 [8808acf2-b901-482b-9182-8feecfa28384-groupManagement] INFO  server.RaftServerConfigKeys (ConfUtils.java:logGet(46)) - raft.server.log.statemachine.data.sync = true (default)
2024-05-04 14:26:55,622 [8808acf2-b901-482b-9182-8feecfa28384-groupManagement] INFO  server.RaftServerConfigKeys (ConfUtils.java:logGet(46)) - raft.server.log.statemachine.data.sync.timeout = 10s (default)
2024-05-04 14:26:55,622 [8808acf2-b901-482b-9182-8feecfa28384-groupManagement] INFO  server.RaftServerConfigKeys (ConfUtils.java:logGet(46)) - raft.server.log.statemachine.data.sync.timeout.retry = 30 (custom)
2024-05-04 14:26:55,623 [8808acf2-b901-482b-9182-8feecfa28384-groupManagement] INFO  server.RaftServerConfigKeys (ConfUtils.java:logGet(46)) - raft.server.log.write.buffer.size = 8388616 (custom)
2024-05-04 14:26:55,624 [8808acf2-b901-482b-9182-8feecfa28384-groupManagement] INFO  server.RaftServerConfigKeys (ConfUtils.java:logGet(46)) - raft.server.log.appender.buffer.byte-limit = 8388608 (custom)
2024-05-04 14:26:55,624 [8808acf2-b901-482b-9182-8feecfa28384-groupManagement] INFO  server.RaftServerConfigKeys (ConfUtils.java:logGet(46)) - raft.server.log.unsafe-flush.enabled = false (default)
2024-05-04 14:26:55,624 [8808acf2-b901-482b-9182-8feecfa28384-groupManagement] INFO  server.RaftServerConfigKeys (ConfUtils.java:logGet(46)) - raft.server.log.async-flush.enabled = false (default)
2024-05-04 14:26:55,624 [8808acf2-b901-482b-9182-8feecfa28384-groupManagement] INFO  server.RaftServerConfigKeys (ConfUtils.java:logGet(46)) - raft.server.log.statemachine.data.caching.enabled = true (custom)
2024-05-04 14:26:55,624 [8808acf2-b901-482b-9182-8feecfa28384-groupManagement] INFO  segmented.SegmentedRaftLogWorker (SegmentedRaftLogWorker.java:lambda$new$0(134)) - 8808acf2-b901-482b-9182-8feecfa28384@group-D94A52AB4096-SegmentedRaftLogWorker: flushIndex: setUnconditionally 0 -> -1
2024-05-04 14:26:55,624 [8808acf2-b901-482b-9182-8feecfa28384-groupManagement] INFO  segmented.SegmentedRaftLogWorker (SegmentedRaftLogWorker.java:lambda$new$0(134)) - 8808acf2-b901-482b-9182-8feecfa28384@group-D94A52AB4096-SegmentedRaftLogWorker: safeCacheEvictIndex: setUnconditionally 0 -> -1
2024-05-04 14:26:55,624 [8808acf2-b901-482b-9182-8feecfa28384-groupManagement] INFO  server.RaftServer$Division (RaftServerImpl.java:start(396)) - 8808acf2-b901-482b-9182-8feecfa28384@group-D94A52AB4096: start as a follower, conf=-1: peers:[8808acf2-b901-482b-9182-8feecfa28384|127.0.0.1:15085, ccbd6c79-39e6-4e91-99a9-9b6c204b47e9|127.0.0.1:15094, 83059998-de51-48d1-9818-e6afe7fa3b6f|127.0.0.1:15067]|listeners:[], old=null
2024-05-04 14:26:55,624 [8808acf2-b901-482b-9182-8feecfa28384-groupManagement] INFO  server.RaftServer$Division (RaftServerImpl.java:setRole(383)) - 8808acf2-b901-482b-9182-8feecfa28384@group-D94A52AB4096: changes role from      null to FOLLOWER at term 0 for startAsFollower
2024-05-04 14:26:55,624 [8808acf2-b901-482b-9182-8feecfa28384-groupManagement] INFO  impl.RoleInfo (RoleInfo.java:updateAndGet(139)) - 8808acf2-b901-482b-9182-8feecfa28384: start 8808acf2-b901-482b-9182-8feecfa28384@group-D94A52AB4096-FollowerState
2024-05-04 14:26:55,625 [8808acf2-b901-482b-9182-8feecfa28384@group-D94A52AB4096-FollowerState] INFO  server.RaftServerConfigKeys (ConfUtils.java:logFallback(53)) - raft.server.rpc.first-election.timeout.min = 5s (fallback to raft.server.rpc.timeout.min)
2024-05-04 14:26:55,625 [8808acf2-b901-482b-9182-8feecfa28384-groupManagement] INFO  util.JmxRegister (JmxRegister.java:tryRegister(44)) - Successfully registered JMX Bean with object name Ratis:service=RaftServer,group=group-D94A52AB4096,id=8808acf2-b901-482b-9182-8feecfa28384
2024-05-04 14:26:55,625 [8808acf2-b901-482b-9182-8feecfa28384@group-D94A52AB4096-FollowerState] INFO  server.RaftServerConfigKeys (ConfUtils.java:logFallback(53)) - raft.server.rpc.first-election.timeout.max = 5200ms (fallback to raft.server.rpc.timeout.max)
2024-05-04 14:26:55,625 [8808acf2-b901-482b-9182-8feecfa28384-groupManagement] INFO  server.RaftServerConfigKeys (ConfUtils.java:logGet(46)) - raft.server.snapshot.trigger-when-stop.enabled = true (default)
2024-05-04 14:26:55,625 [8808acf2-b901-482b-9182-8feecfa28384-groupManagement] INFO  server.RaftServerConfigKeys (ConfUtils.java:logGet(46)) - raft.server.snapshot.auto.trigger.enabled = true (custom)
2024-05-04 14:26:55,625 [8808acf2-b901-482b-9182-8feecfa28384-groupManagement] INFO  server.RaftServerConfigKeys (ConfUtils.java:logGet(46)) - raft.server.snapshot.auto.trigger.threshold = 10000 (custom)
2024-05-04 14:26:55,625 [8808acf2-b901-482b-9182-8feecfa28384-groupManagement] INFO  server.RaftServerConfigKeys (ConfUtils.java:logGet(46)) - raft.server.snapshot.retention.file.num = 5 (custom)
2024-05-04 14:26:55,625 [8808acf2-b901-482b-9182-8feecfa28384-groupManagement] INFO  server.RaftServerConfigKeys (ConfUtils.java:logGet(46)) - raft.server.log.purge.upto.snapshot.index = false (default)
2024-05-04 14:26:55,625 [8808acf2-b901-482b-9182-8feecfa28384-PipelineCommandHandlerThread-0] INFO  ratis.XceiverServerRatis (XceiverServerRatis.java:addGroup(864)) - Created group PipelineID=2797b6a5-e765-4cb6-9c47-d94a52ab4096
2024-05-04 14:26:55,634 [ccbd6c79-39e6-4e91-99a9-9b6c204b47e9-PipelineCommandHandlerThread-0] INFO  server.RaftServer (RaftServerProxy.java:addNew(100)) - ccbd6c79-39e6-4e91-99a9-9b6c204b47e9: addNew group-D94A52AB4096:[8808acf2-b901-482b-9182-8feecfa28384|127.0.0.1:15085, ccbd6c79-39e6-4e91-99a9-9b6c204b47e9|127.0.0.1:15094, 83059998-de51-48d1-9818-e6afe7fa3b6f|127.0.0.1:15067] returns group-D94A52AB4096:java.util.concurrent.CompletableFuture@13842179[Not completed]
2024-05-04 14:26:55,635 [ccbd6c79-39e6-4e91-99a9-9b6c204b47e9-groupManagement] INFO  server.RaftServer$Division (RaftServerImpl.java:<init>(256)) - ccbd6c79-39e6-4e91-99a9-9b6c204b47e9: new RaftServerImpl for group-D94A52AB4096:[8808acf2-b901-482b-9182-8feecfa28384|127.0.0.1:15085, ccbd6c79-39e6-4e91-99a9-9b6c204b47e9|127.0.0.1:15094, 83059998-de51-48d1-9818-e6afe7fa3b6f|127.0.0.1:15067] with ContainerStateMachine:uninitialized
2024-05-04 14:26:55,635 [ccbd6c79-39e6-4e91-99a9-9b6c204b47e9-groupManagement] INFO  server.RaftServerConfigKeys (ConfUtils.java:logGet(46)) - raft.server.rpc.timeout.min = 5s (custom)
2024-05-04 14:26:55,635 [ccbd6c79-39e6-4e91-99a9-9b6c204b47e9-groupManagement] INFO  server.RaftServerConfigKeys (ConfUtils.java:logGet(46)) - raft.server.rpc.timeout.max = 5200ms (custom)
2024-05-04 14:26:55,635 [ccbd6c79-39e6-4e91-99a9-9b6c204b47e9-groupManagement] INFO  server.RaftServerConfigKeys (ConfUtils.java:logGet(46)) - raft.server.rpc.sleep.time = 25ms (default)
2024-05-04 14:26:55,635 [ccbd6c79-39e6-4e91-99a9-9b6c204b47e9-groupManagement] INFO  server.RaftServerConfigKeys (ConfUtils.java:logGet(46)) - raft.server.rpc.slowness.timeout = 300000ms (custom)
2024-05-04 14:26:55,635 [ccbd6c79-39e6-4e91-99a9-9b6c204b47e9-groupManagement] INFO  server.RaftServerConfigKeys (ConfUtils.java:logGet(46)) - raft.server.leaderelection.leader.step-down.wait-time = 10s (default)
2024-05-04 14:26:55,635 [ccbd6c79-39e6-4e91-99a9-9b6c204b47e9-groupManagement] INFO  server.RaftServerConfigKeys (ConfUtils.java:logGet(46)) - raft.server.leaderelection.member.majority-add = false (default)
2024-05-04 14:26:55,635 [ccbd6c79-39e6-4e91-99a9-9b6c204b47e9-groupManagement] INFO  server.RaftServerConfigKeys (ConfUtils.java:logGet(46)) - raft.server.sleep.deviation.threshold = 300ms (default)
2024-05-04 14:26:55,635 [ccbd6c79-39e6-4e91-99a9-9b6c204b47e9-groupManagement] INFO  server.RaftServer$Division (ServerState.java:<init>(113)) - ccbd6c79-39e6-4e91-99a9-9b6c204b47e9@group-D94A52AB4096: ConfigurationManager, init=-1: peers:[8808acf2-b901-482b-9182-8feecfa28384|127.0.0.1:15085, ccbd6c79-39e6-4e91-99a9-9b6c204b47e9|127.0.0.1:15094, 83059998-de51-48d1-9818-e6afe7fa3b6f|127.0.0.1:15067]|listeners:[], old=null, confs=<EMPTY_MAP>
2024-05-04 14:26:55,635 [ccbd6c79-39e6-4e91-99a9-9b6c204b47e9-groupManagement] INFO  server.RaftServerConfigKeys (ConfUtils.java:logGet(46)) - raft.server.notification.no-leader.timeout = 300000ms (custom)
2024-05-04 14:26:55,635 [ccbd6c79-39e6-4e91-99a9-9b6c204b47e9-groupManagement] INFO  server.RaftServerConfigKeys (ConfUtils.java:logGet(46)) - raft.server.read.timeout = 10s (default)
2024-05-04 14:26:55,636 [ccbd6c79-39e6-4e91-99a9-9b6c204b47e9-groupManagement] INFO  server.RaftServerConfigKeys (ConfUtils.java:logGet(46)) - raft.server.retrycache.expirytime = 600000ms (custom)
2024-05-04 14:26:55,636 [ccbd6c79-39e6-4e91-99a9-9b6c204b47e9-groupManagement] INFO  server.RaftServerConfigKeys (ConfUtils.java:logGet(46)) - raft.server.retrycache.statistics.expirytime = 100ms (default)
2024-05-04 14:26:55,636 [ccbd6c79-39e6-4e91-99a9-9b6c204b47e9-groupManagement] INFO  server.RaftServerConfigKeys (ConfUtils.java:logGet(46)) - raft.server.read.option = DEFAULT (default)
2024-05-04 14:26:55,636 [ccbd6c79-39e6-4e91-99a9-9b6c204b47e9-groupManagement] INFO  server.RaftServerConfigKeys (ConfUtils.java:logGet(46)) - raft.server.read.read-after-write-consistent.write-index-cache.expiry-time = 60s (default)
2024-05-04 14:26:55,637 [ccbd6c79-39e6-4e91-99a9-9b6c204b47e9-groupManagement] INFO  server.RaftServerConfigKeys (ConfUtils.java:logGet(46)) - raft.server.rpc.request.timeout = 3000ms (default)
2024-05-04 14:26:55,637 [ccbd6c79-39e6-4e91-99a9-9b6c204b47e9-groupManagement] INFO  server.RaftServerConfigKeys (ConfUtils.java:logGet(46)) - raft.server.log.appender.install.snapshot.enabled = false (custom)
2024-05-04 14:26:55,637 [ccbd6c79-39e6-4e91-99a9-9b6c204b47e9-groupManagement] INFO  server.RaftServerConfigKeys (ConfUtils.java:logGet(46)) - raft.server.threadpool.server.cached = true (default)
2024-05-04 14:26:55,637 [ccbd6c79-39e6-4e91-99a9-9b6c204b47e9-groupManagement] INFO  server.RaftServerConfigKeys (ConfUtils.java:logGet(46)) - raft.server.threadpool.server.size = 0 (default)
2024-05-04 14:26:55,637 [ccbd6c79-39e6-4e91-99a9-9b6c204b47e9-groupManagement] INFO  server.RaftServerConfigKeys (ConfUtils.java:logGet(46)) - raft.server.threadpool.client.cached = true (default)
2024-05-04 14:26:55,637 [ccbd6c79-39e6-4e91-99a9-9b6c204b47e9-groupManagement] INFO  server.RaftServerConfigKeys (ConfUtils.java:logGet(46)) - raft.server.threadpool.client.size = 0 (default)
2024-05-04 14:26:55,637 [ccbd6c79-39e6-4e91-99a9-9b6c204b47e9-groupManagement] INFO  server.RaftServerConfigKeys (ConfUtils.java:logGet(46)) - raft.server.storage.free-space.min = 0MB (=0) (default)
2024-05-04 14:26:55,637 [ccbd6c79-39e6-4e91-99a9-9b6c204b47e9-groupManagement] INFO  server.RaftServerConfigKeys (ConfUtils.java:logGet(46)) - raft.server.log.corruption.policy = EXCEPTION (default)
2024-05-04 14:26:55,638 [ccbd6c79-39e6-4e91-99a9-9b6c204b47e9-groupManagement] INFO  server.RaftServerConfigKeys (ConfUtils.java:logGet(46)) - raft.server.storage.dir = [/home/runner/work/ozone/ozone/hadoop-ozone/integration-test/target/test-dir/MiniOzoneClusterImpl-7c905145-d891-4b2f-be71-50eb4aa8551e/ozone-meta/datanode-4/ratis] (custom)
2024-05-04 14:26:55,638 [ccbd6c79-39e6-4e91-99a9-9b6c204b47e9-groupManagement] INFO  storage.RaftStorageDirectory (RaftStorageDirectoryImpl.java:analyzeStorage(138)) - The storage directory /home/runner/work/ozone/ozone/hadoop-ozone/integration-test/target/test-dir/MiniOzoneClusterImpl-7c905145-d891-4b2f-be71-50eb4aa8551e/ozone-meta/datanode-4/ratis/2797b6a5-e765-4cb6-9c47-d94a52ab4096 does not exist. Creating ...
2024-05-04 14:26:55,639 [ccbd6c79-39e6-4e91-99a9-9b6c204b47e9-groupManagement] INFO  storage.RaftStorageDirectory (RaftStorageDirectoryImpl.java:tryLock(228)) - Lock on /home/runner/work/ozone/ozone/hadoop-ozone/integration-test/target/test-dir/MiniOzoneClusterImpl-7c905145-d891-4b2f-be71-50eb4aa8551e/ozone-meta/datanode-4/ratis/2797b6a5-e765-4cb6-9c47-d94a52ab4096/in_use.lock acquired by nodename 53612@fv-az1114-244
2024-05-04 14:26:55,639 [ccbd6c79-39e6-4e91-99a9-9b6c204b47e9-groupManagement] INFO  storage.RaftStorage (RaftStorageImpl.java:format(99)) - Storage directory /home/runner/work/ozone/ozone/hadoop-ozone/integration-test/target/test-dir/MiniOzoneClusterImpl-7c905145-d891-4b2f-be71-50eb4aa8551e/ozone-meta/datanode-4/ratis/2797b6a5-e765-4cb6-9c47-d94a52ab4096 has been successfully formatted.
2024-05-04 14:26:55,640 [ccbd6c79-39e6-4e91-99a9-9b6c204b47e9-groupManagement] WARN  util.FileUtils (LogUtils.java:supplyAndLog(63)) - Failed to Files.newInputStream /home/runner/work/ozone/ozone/hadoop-ozone/integration-test/target/test-dir/MiniOzoneClusterImpl-7c905145-d891-4b2f-be71-50eb4aa8551e/ozone-meta/datanode-4/ratis/2797b6a5-e765-4cb6-9c47-d94a52ab4096/current/raft-meta.conf with options []: java.nio.file.NoSuchFileException: /home/runner/work/ozone/ozone/hadoop-ozone/integration-test/target/test-dir/MiniOzoneClusterImpl-7c905145-d891-4b2f-be71-50eb4aa8551e/ozone-meta/datanode-4/ratis/2797b6a5-e765-4cb6-9c47-d94a52ab4096/current/raft-meta.conf
2024-05-04 14:26:55,640 [ccbd6c79-39e6-4e91-99a9-9b6c204b47e9-groupManagement] INFO  ratis.ContainerStateMachine (ContainerStateMachine.java:loadSnapshot(287)) - group-D94A52AB4096: The snapshot info is null. Setting the last applied index to:(t:0, i:~)
2024-05-04 14:26:55,640 [ccbd6c79-39e6-4e91-99a9-9b6c204b47e9-groupManagement] INFO  server.RaftServerConfigKeys (ConfUtils.java:logGet(46)) - raft.server.log.use.memory = false (default)
2024-05-04 14:26:55,640 [ccbd6c79-39e6-4e91-99a9-9b6c204b47e9-groupManagement] INFO  server.RaftServerConfigKeys (ConfUtils.java:logGet(46)) - raft.server.log.purge.gap = 1000000 (custom)
2024-05-04 14:26:55,640 [ccbd6c79-39e6-4e91-99a9-9b6c204b47e9-groupManagement] INFO  server.RaftServerConfigKeys (ConfUtils.java:logGet(46)) - raft.server.log.appender.buffer.byte-limit = 8388608 (custom)
2024-05-04 14:26:55,640 [ccbd6c79-39e6-4e91-99a9-9b6c204b47e9-groupManagement] INFO  server.RaftServerConfigKeys (ConfUtils.java:logGet(46)) - raft.server.log.statemachine.data.read.timeout = 1000ms (default)
2024-05-04 14:26:55,640 [ccbd6c79-39e6-4e91-99a9-9b6c204b47e9-groupManagement] INFO  server.RaftServerConfigKeys (ConfUtils.java:logGet(46)) - raft.server.log.purge.preservation.log.num = 0 (default)
2024-05-04 14:26:55,641 [ccbd6c79-39e6-4e91-99a9-9b6c204b47e9-groupManagement] INFO  server.RaftServerConfigKeys (ConfUtils.java:logGet(46)) - raft.server.log.segment.size.max = 67108864 (custom)
2024-05-04 14:26:55,641 [ccbd6c79-39e6-4e91-99a9-9b6c204b47e9-groupManagement] INFO  server.RaftServerConfigKeys (ConfUtils.java:logGet(46)) - raft.server.log.segment.cache.num.max = 2 (custom)
2024-05-04 14:26:55,641 [ccbd6c79-39e6-4e91-99a9-9b6c204b47e9-groupManagement] INFO  server.RaftServerConfigKeys (ConfUtils.java:logGet(46)) - raft.server.log.segment.cache.size.max = 200MB (=209715200) (default)
2024-05-04 14:26:55,641 [ccbd6c79-39e6-4e91-99a9-9b6c204b47e9-groupManagement] INFO  server.RaftServerConfigKeys (ConfUtils.java:logGet(46)) - raft.server.log.appender.buffer.byte-limit = 8388608 (custom)
2024-05-04 14:26:55,642 [ccbd6c79-39e6-4e91-99a9-9b6c204b47e9-groupManagement] INFO  util.AwaitToRun (AwaitToRun.java:start(81)) - Thread[ccbd6c79-39e6-4e91-99a9-9b6c204b47e9@group-D94A52AB4096-cacheEviction-AwaitToRun,5,main] started
2024-05-04 14:26:55,642 [ccbd6c79-39e6-4e91-99a9-9b6c204b47e9-groupManagement] INFO  segmented.SegmentedRaftLogWorker (SegmentedRaftLogWorker.java:<init>(182)) - new ccbd6c79-39e6-4e91-99a9-9b6c204b47e9@group-D94A52AB4096-SegmentedRaftLogWorker for RaftStorageImpl:Storage Directory /home/runner/work/ozone/ozone/hadoop-ozone/integration-test/target/test-dir/MiniOzoneClusterImpl-7c905145-d891-4b2f-be71-50eb4aa8551e/ozone-meta/datanode-4/ratis/2797b6a5-e765-4cb6-9c47-d94a52ab4096
2024-05-04 14:26:55,642 [ccbd6c79-39e6-4e91-99a9-9b6c204b47e9-groupManagement] INFO  server.RaftServerConfigKeys (ConfUtils.java:logGet(46)) - raft.server.log.queue.byte-limit = 4294967296 (custom)
2024-05-04 14:26:55,642 [ccbd6c79-39e6-4e91-99a9-9b6c204b47e9-groupManagement] INFO  server.RaftServerConfigKeys (ConfUtils.java:logGet(46)) - raft.server.log.queue.element-limit = 1024 (custom)
2024-05-04 14:26:55,642 [ccbd6c79-39e6-4e91-99a9-9b6c204b47e9-groupManagement] INFO  server.RaftServerConfigKeys (ConfUtils.java:logGet(46)) - raft.server.log.segment.size.max = 67108864 (custom)
2024-05-04 14:26:55,642 [ccbd6c79-39e6-4e91-99a9-9b6c204b47e9-groupManagement] INFO  server.RaftServerConfigKeys (ConfUtils.java:logGet(46)) - raft.server.log.preallocated.size = 4194304 (custom)
2024-05-04 14:26:55,642 [ccbd6c79-39e6-4e91-99a9-9b6c204b47e9-groupManagement] INFO  server.RaftServerConfigKeys (ConfUtils.java:logGet(46)) - raft.server.log.force.sync.num = 128 (default)
2024-05-04 14:26:55,642 [ccbd6c79-39e6-4e91-99a9-9b6c204b47e9-groupManagement] INFO  server.RaftServerConfigKeys (ConfUtils.java:logGet(46)) - raft.server.log.statemachine.data.sync = true (default)
2024-05-04 14:26:55,642 [ccbd6c79-39e6-4e91-99a9-9b6c204b47e9-groupManagement] INFO  server.RaftServerConfigKeys (ConfUtils.java:logGet(46)) - raft.server.log.statemachine.data.sync.timeout = 10s (default)
2024-05-04 14:26:55,642 [ccbd6c79-39e6-4e91-99a9-9b6c204b47e9-groupManagement] INFO  server.RaftServerConfigKeys (ConfUtils.java:logGet(46)) - raft.server.log.statemachine.data.sync.timeout.retry = 30 (custom)
2024-05-04 14:26:55,642 [ccbd6c79-39e6-4e91-99a9-9b6c204b47e9-groupManagement] INFO  server.RaftServerConfigKeys (ConfUtils.java:logGet(46)) - raft.server.log.write.buffer.size = 8388616 (custom)
2024-05-04 14:26:55,644 [ccbd6c79-39e6-4e91-99a9-9b6c204b47e9-groupManagement] INFO  server.RaftServerConfigKeys (ConfUtils.java:logGet(46)) - raft.server.log.appender.buffer.byte-limit = 8388608 (custom)
2024-05-04 14:26:55,644 [ccbd6c79-39e6-4e91-99a9-9b6c204b47e9-groupManagement] INFO  server.RaftServerConfigKeys (ConfUtils.java:logGet(46)) - raft.server.log.unsafe-flush.enabled = false (default)
2024-05-04 14:26:55,644 [ccbd6c79-39e6-4e91-99a9-9b6c204b47e9-groupManagement] INFO  server.RaftServerConfigKeys (ConfUtils.java:logGet(46)) - raft.server.log.async-flush.enabled = false (default)
2024-05-04 14:26:55,644 [ccbd6c79-39e6-4e91-99a9-9b6c204b47e9-groupManagement] INFO  server.RaftServerConfigKeys (ConfUtils.java:logGet(46)) - raft.server.log.statemachine.data.caching.enabled = true (custom)
2024-05-04 14:26:55,644 [ccbd6c79-39e6-4e91-99a9-9b6c204b47e9-groupManagement] INFO  segmented.SegmentedRaftLogWorker (SegmentedRaftLogWorker.java:lambda$new$0(134)) - ccbd6c79-39e6-4e91-99a9-9b6c204b47e9@group-D94A52AB4096-SegmentedRaftLogWorker: flushIndex: setUnconditionally 0 -> -1
2024-05-04 14:26:55,644 [ccbd6c79-39e6-4e91-99a9-9b6c204b47e9-groupManagement] INFO  segmented.SegmentedRaftLogWorker (SegmentedRaftLogWorker.java:lambda$new$0(134)) - ccbd6c79-39e6-4e91-99a9-9b6c204b47e9@group-D94A52AB4096-SegmentedRaftLogWorker: safeCacheEvictIndex: setUnconditionally 0 -> -1
2024-05-04 14:26:55,644 [ccbd6c79-39e6-4e91-99a9-9b6c204b47e9-groupManagement] INFO  server.RaftServer$Division (RaftServerImpl.java:start(396)) - ccbd6c79-39e6-4e91-99a9-9b6c204b47e9@group-D94A52AB4096: start as a follower, conf=-1: peers:[8808acf2-b901-482b-9182-8feecfa28384|127.0.0.1:15085, ccbd6c79-39e6-4e91-99a9-9b6c204b47e9|127.0.0.1:15094, 83059998-de51-48d1-9818-e6afe7fa3b6f|127.0.0.1:15067]|listeners:[], old=null
2024-05-04 14:26:55,645 [ccbd6c79-39e6-4e91-99a9-9b6c204b47e9-groupManagement] INFO  server.RaftServer$Division (RaftServerImpl.java:setRole(383)) - ccbd6c79-39e6-4e91-99a9-9b6c204b47e9@group-D94A52AB4096: changes role from      null to FOLLOWER at term 0 for startAsFollower
2024-05-04 14:26:55,645 [ccbd6c79-39e6-4e91-99a9-9b6c204b47e9-groupManagement] INFO  impl.RoleInfo (RoleInfo.java:updateAndGet(139)) - ccbd6c79-39e6-4e91-99a9-9b6c204b47e9: start ccbd6c79-39e6-4e91-99a9-9b6c204b47e9@group-D94A52AB4096-FollowerState
2024-05-04 14:26:55,645 [ccbd6c79-39e6-4e91-99a9-9b6c204b47e9@group-D94A52AB4096-FollowerState] INFO  server.RaftServerConfigKeys (ConfUtils.java:logFallback(53)) - raft.server.rpc.first-election.timeout.min = 5s (fallback to raft.server.rpc.timeout.min)
2024-05-04 14:26:55,645 [ccbd6c79-39e6-4e91-99a9-9b6c204b47e9@group-D94A52AB4096-FollowerState] INFO  server.RaftServerConfigKeys (ConfUtils.java:logFallback(53)) - raft.server.rpc.first-election.timeout.max = 5200ms (fallback to raft.server.rpc.timeout.max)
2024-05-04 14:26:55,645 [ccbd6c79-39e6-4e91-99a9-9b6c204b47e9-groupManagement] INFO  util.JmxRegister (JmxRegister.java:tryRegister(44)) - Successfully registered JMX Bean with object name Ratis:service=RaftServer,group=group-D94A52AB4096,id=ccbd6c79-39e6-4e91-99a9-9b6c204b47e9
2024-05-04 14:26:55,645 [ccbd6c79-39e6-4e91-99a9-9b6c204b47e9-groupManagement] INFO  server.RaftServerConfigKeys (ConfUtils.java:logGet(46)) - raft.server.snapshot.trigger-when-stop.enabled = true (default)
2024-05-04 14:26:55,645 [ccbd6c79-39e6-4e91-99a9-9b6c204b47e9-groupManagement] INFO  server.RaftServerConfigKeys (ConfUtils.java:logGet(46)) - raft.server.snapshot.auto.trigger.enabled = true (custom)
2024-05-04 14:26:55,645 [ccbd6c79-39e6-4e91-99a9-9b6c204b47e9-groupManagement] INFO  server.RaftServerConfigKeys (ConfUtils.java:logGet(46)) - raft.server.snapshot.auto.trigger.threshold = 10000 (custom)
2024-05-04 14:26:55,645 [ccbd6c79-39e6-4e91-99a9-9b6c204b47e9-groupManagement] INFO  server.RaftServerConfigKeys (ConfUtils.java:logGet(46)) - raft.server.snapshot.retention.file.num = 5 (custom)
2024-05-04 14:26:55,645 [ccbd6c79-39e6-4e91-99a9-9b6c204b47e9-groupManagement] INFO  server.RaftServerConfigKeys (ConfUtils.java:logGet(46)) - raft.server.log.purge.upto.snapshot.index = false (default)
2024-05-04 14:26:55,646 [ccbd6c79-39e6-4e91-99a9-9b6c204b47e9-PipelineCommandHandlerThread-0] INFO  ratis.XceiverServerRatis (XceiverServerRatis.java:addGroup(864)) - Created group PipelineID=2797b6a5-e765-4cb6-9c47-d94a52ab4096
2024-05-04 14:26:55,681 [timer2] WARN  server.GrpcLogAppender (LogUtils.java:warn(121)) - 8808acf2-b901-482b-9182-8feecfa28384@group-D5ED0AA30690->83059998-de51-48d1-9818-e6afe7fa3b6f-AppendLogResponseHandler: Failed appendEntries (Repeated 10 times in the last 5.001s): org.apache.ratis.thirdparty.io.grpc.StatusRuntimeException: UNAVAILABLE: io exception
2024-05-04 14:26:55,681 [timer3] WARN  server.GrpcLogAppender (GrpcLogAppender.java:lambda$resetClient$1(217)) - 8808acf2-b901-482b-9182-8feecfa28384@group-D5ED0AA30690->83059998-de51-48d1-9818-e6afe7fa3b6f-GrpcLogAppender: Follower failed (request=null, errorCount=4); keep nextIndex (16) unchanged and retry. (Repeated 4 times in the last 5.001s)
2024-05-04 14:26:56,430 [grpc-default-executor-4] WARN  server.GrpcLogAppender (LogUtils.java:warn(121)) - 8808acf2-b901-482b-9182-8feecfa28384@group-D5ED0AA30690->83059998-de51-48d1-9818-e6afe7fa3b6f-AppendLogResponseHandler: Failed appendEntries: org.apache.ratis.thirdparty.io.grpc.StatusRuntimeException: UNAVAILABLE: io exception
2024-05-04 14:26:56,616 [EventQueue-DeadNodeForDeadNodeHandler] INFO  node.DeadNodeHandler (DeadNodeHandler.java:onMessage(95)) - A dead datanode is detected. 83059998-de51-48d1-9818-e6afe7fa3b6f(localhost/127.0.0.1)
2024-05-04 14:26:56,617 [EventQueue-DeadNodeForDeadNodeHandler] INFO  pipeline.RatisPipelineProvider (RatisPipelineProvider.java:lambda$close$4(270)) - Send pipeline:PipelineID=2797b6a5-e765-4cb6-9c47-d94a52ab4096 close command to datanode 83059998-de51-48d1-9818-e6afe7fa3b6f
2024-05-04 14:26:56,617 [EventQueue-DeadNodeForDeadNodeHandler] INFO  pipeline.RatisPipelineProvider (RatisPipelineProvider.java:lambda$close$4(270)) - Send pipeline:PipelineID=2797b6a5-e765-4cb6-9c47-d94a52ab4096 close command to datanode ccbd6c79-39e6-4e91-99a9-9b6c204b47e9
2024-05-04 14:26:56,617 [EventQueue-DeadNodeForDeadNodeHandler] INFO  pipeline.RatisPipelineProvider (RatisPipelineProvider.java:lambda$close$4(270)) - Send pipeline:PipelineID=2797b6a5-e765-4cb6-9c47-d94a52ab4096 close command to datanode 8808acf2-b901-482b-9182-8feecfa28384
2024-05-04 14:26:56,617 [EventQueue-DeadNodeForDeadNodeHandler] INFO  pipeline.PipelineManagerImpl (PipelineManagerImpl.java:removePipeline(459)) - Pipeline Pipeline[ Id: 2797b6a5-e765-4cb6-9c47-d94a52ab4096, Nodes: 83059998-de51-48d1-9818-e6afe7fa3b6f(localhost/127.0.0.1)ccbd6c79-39e6-4e91-99a9-9b6c204b47e9(localhost/127.0.0.1)8808acf2-b901-482b-9182-8feecfa28384(localhost/127.0.0.1), ReplicationConfig: RATIS/THREE, State:CLOSED, leaderId:, CreationTimestamp2024-05-04T14:26:53.697Z[Etc/UTC]] removed.
2024-05-04 14:26:56,617 [EventQueue-DeadNodeForDeadNodeHandler] INFO  pipeline.RatisPipelineProvider (RatisPipelineProvider.java:lambda$close$4(270)) - Send pipeline:PipelineID=bc09c7ad-d833-4526-abd7-8f1fa5180fdd close command to datanode 83059998-de51-48d1-9818-e6afe7fa3b6f
2024-05-04 14:26:56,617 [EventQueue-DeadNodeForDeadNodeHandler] INFO  pipeline.PipelineManagerImpl (PipelineManagerImpl.java:removePipeline(459)) - Pipeline Pipeline[ Id: bc09c7ad-d833-4526-abd7-8f1fa5180fdd, Nodes: 83059998-de51-48d1-9818-e6afe7fa3b6f(localhost/127.0.0.1), ReplicationConfig: RATIS/ONE, State:CLOSED, leaderId:83059998-de51-48d1-9818-e6afe7fa3b6f, CreationTimestamp2024-05-04T14:26:38.293Z[Etc/UTC]] removed.
2024-05-04 14:26:56,618 [EventQueue-DeadNodeForDeadNodeHandler] INFO  node.DeadNodeHandler (DeadNodeHandler.java:onMessage(108)) - Clearing command queue of size 6 for DN 83059998-de51-48d1-9818-e6afe7fa3b6f(localhost/127.0.0.1)
2024-05-04 14:26:56,618 [EventQueue-DeadNodeForDeadNodeHandler] INFO  net.NetworkTopologyImpl (NetworkTopologyImpl.java:remove(212)) - Removed a node: /default-rack/83059998-de51-48d1-9818-e6afe7fa3b6f
2024-05-04 14:26:56,698 [8808acf2-b901-482b-9182-8feecfa28384@group-6025E5D5C1B1-FollowerState] INFO  impl.FollowerState (FollowerState.java:run(143)) - 8808acf2-b901-482b-9182-8feecfa28384@group-6025E5D5C1B1-FollowerState: change to CANDIDATE, lastRpcElapsedTime:10078983876ns, electionTimeout:5007ms
2024-05-04 14:26:56,698 [8808acf2-b901-482b-9182-8feecfa28384@group-6025E5D5C1B1-FollowerState] INFO  impl.RoleInfo (RoleInfo.java:shutdownFollowerState(110)) - 8808acf2-b901-482b-9182-8feecfa28384: shutdown 8808acf2-b901-482b-9182-8feecfa28384@group-6025E5D5C1B1-FollowerState
2024-05-04 14:26:56,698 [8808acf2-b901-482b-9182-8feecfa28384@group-6025E5D5C1B1-FollowerState] INFO  server.RaftServer$Division (RaftServerImpl.java:setRole(383)) - 8808acf2-b901-482b-9182-8feecfa28384@group-6025E5D5C1B1: changes role from  FOLLOWER to CANDIDATE at term 1 for changeToCandidate
2024-05-04 14:26:56,698 [8808acf2-b901-482b-9182-8feecfa28384@group-6025E5D5C1B1-FollowerState] INFO  server.RaftServerConfigKeys (ConfUtils.java:logGet(46)) - raft.server.leaderelection.pre-vote = true (default)
2024-05-04 14:26:56,698 [8808acf2-b901-482b-9182-8feecfa28384@group-6025E5D5C1B1-FollowerState] INFO  impl.RoleInfo (RoleInfo.java:updateAndGet(139)) - 8808acf2-b901-482b-9182-8feecfa28384: start 8808acf2-b901-482b-9182-8feecfa28384@group-6025E5D5C1B1-LeaderElection27
2024-05-04 14:26:56,698 [8808acf2-b901-482b-9182-8feecfa28384@group-6025E5D5C1B1-LeaderElection27] INFO  server.RaftServer$Division (ServerState.java:setLeader(269)) - 8808acf2-b901-482b-9182-8feecfa28384@group-6025E5D5C1B1: change Leader from 9ec74834-1541-452c-921b-2d323393210f to null at term 1 for PRE_VOTE
2024-05-04 14:26:56,698 [8808acf2-b901-482b-9182-8feecfa28384@group-6025E5D5C1B1-LeaderElection27] INFO  impl.LeaderElection (LeaderElection.java:askForVotes(321)) - 8808acf2-b901-482b-9182-8feecfa28384@group-6025E5D5C1B1-LeaderElection27 PRE_VOTE round 0: submit vote requests at term 1 for 0: peers:[8808acf2-b901-482b-9182-8feecfa28384|127.0.0.1:15085, 9ec74834-1541-452c-921b-2d323393210f|127.0.0.1:15076, 83059998-de51-48d1-9818-e6afe7fa3b6f|127.0.0.1:15067]|listeners:[], old=null
2024-05-04 14:26:56,699 [8808acf2-b901-482b-9182-8feecfa28384@group-6025E5D5C1B1-LeaderElection27] INFO  impl.LeaderElection (LogUtils.java:infoOrTrace(136)) - 8808acf2-b901-482b-9182-8feecfa28384@group-6025E5D5C1B1-LeaderElection27 got exception when requesting votes: java.util.concurrent.ExecutionException: org.apache.ratis.thirdparty.io.grpc.StatusRuntimeException: UNAVAILABLE: io exception
2024-05-04 14:26:56,699 [8808acf2-b901-482b-9182-8feecfa28384@group-6025E5D5C1B1-LeaderElection27] INFO  impl.LeaderElection (LogUtils.java:infoOrTrace(136)) - 8808acf2-b901-482b-9182-8feecfa28384@group-6025E5D5C1B1-LeaderElection27 got exception when requesting votes: java.util.concurrent.ExecutionException: org.apache.ratis.thirdparty.io.grpc.StatusRuntimeException: UNAVAILABLE: io exception
2024-05-04 14:26:56,699 [8808acf2-b901-482b-9182-8feecfa28384@group-6025E5D5C1B1-LeaderElection27] INFO  impl.LeaderElection (LeaderElection.java:logAndReturn(89)) - 8808acf2-b901-482b-9182-8feecfa28384@group-6025E5D5C1B1-LeaderElection27: PRE_VOTE REJECTED received 0 response(s) and 2 exception(s):
2024-05-04 14:26:56,700 [8808acf2-b901-482b-9182-8feecfa28384@group-6025E5D5C1B1-LeaderElection27] INFO  impl.LeaderElection (LogUtils.java:infoOrTrace(136)) -   Exception 0: java.util.concurrent.ExecutionException: org.apache.ratis.thirdparty.io.grpc.StatusRuntimeException: UNAVAILABLE: io exception
2024-05-04 14:26:56,700 [8808acf2-b901-482b-9182-8feecfa28384@group-6025E5D5C1B1-LeaderElection27] INFO  impl.LeaderElection (LogUtils.java:infoOrTrace(136)) -   Exception 1: java.util.concurrent.ExecutionException: org.apache.ratis.thirdparty.io.grpc.StatusRuntimeException: UNAVAILABLE: io exception
2024-05-04 14:26:56,700 [8808acf2-b901-482b-9182-8feecfa28384@group-6025E5D5C1B1-LeaderElection27] INFO  impl.LeaderElection (LeaderElection.java:askForVotes(323)) - 8808acf2-b901-482b-9182-8feecfa28384@group-6025E5D5C1B1-LeaderElection27 PRE_VOTE round 0: result REJECTED
2024-05-04 14:26:56,700 [8808acf2-b901-482b-9182-8feecfa28384@group-6025E5D5C1B1-LeaderElection27] INFO  server.RaftServer$Division (RaftServerImpl.java:setRole(383)) - 8808acf2-b901-482b-9182-8feecfa28384@group-6025E5D5C1B1: changes role from CANDIDATE to FOLLOWER at term 1 for REJECTED
2024-05-04 14:26:56,700 [8808acf2-b901-482b-9182-8feecfa28384@group-6025E5D5C1B1-LeaderElection27] INFO  impl.RoleInfo (RoleInfo.java:shutdownLeaderElection(130)) - 8808acf2-b901-482b-9182-8feecfa28384: shutdown 8808acf2-b901-482b-9182-8feecfa28384@group-6025E5D5C1B1-LeaderElection27
2024-05-04 14:26:56,700 [8808acf2-b901-482b-9182-8feecfa28384@group-6025E5D5C1B1-LeaderElection27] INFO  impl.RoleInfo (RoleInfo.java:updateAndGet(139)) - 8808acf2-b901-482b-9182-8feecfa28384: start 8808acf2-b901-482b-9182-8feecfa28384@group-6025E5D5C1B1-FollowerState
2024-05-04 14:26:56,701 [IPC Server handler 4 on default port 15054] WARN  pipeline.PipelineManagerImpl (PipelineManagerImpl.java:waitOnePipelineReady(753)) - Pipeline PipelineID=2797b6a5-e765-4cb6-9c47-d94a52ab4096 cannot be found
2024-05-04 14:26:56,701 [IPC Server handler 4 on default port 15054] WARN  pipeline.WritableRatisContainerProvider (WritableRatisContainerProvider.java:getContainer(106)) - Pipeline creation failed for repConfig RATIS/THREE Datanodes may be used up. Try to see if any pipeline is in ALLOCATED state, and then will wait for it to be OPEN
org.apache.hadoop.hdds.scm.pipeline.PipelineNotFoundException: The input pipeline IDs 2797b6a5-e765-4cb6-9c47-d94a52ab4096 cannot be found
	at org.apache.hadoop.hdds.scm.pipeline.PipelineManagerImpl.waitOnePipelineReady(PipelineManagerImpl.java:758)
	at org.apache.hadoop.hdds.scm.pipeline.PipelineManagerImpl.waitPipelineReady(PipelineManagerImpl.java:725)
	at org.apache.hadoop.hdds.scm.pipeline.WritableRatisContainerProvider.getContainer(WritableRatisContainerProvider.java:103)
	at org.apache.hadoop.hdds.scm.pipeline.WritableContainerFactory.getContainer(WritableContainerFactory.java:74)
	at org.apache.hadoop.hdds.scm.block.BlockManagerImpl.allocateBlock(BlockManagerImpl.java:163)
	at org.apache.hadoop.hdds.scm.server.SCMBlockProtocolServer.allocateBlock(SCMBlockProtocolServer.java:206)
	at org.apache.hadoop.hdds.scm.protocol.ScmBlockLocationProtocolServerSideTranslatorPB.allocateScmBlock(ScmBlockLocationProtocolServerSideTranslatorPB.java:198)
	at org.apache.hadoop.hdds.scm.protocol.ScmBlockLocationProtocolServerSideTranslatorPB.processMessage(ScmBlockLocationProtocolServerSideTranslatorPB.java:144)
	at org.apache.hadoop.hdds.server.OzoneProtocolMessageDispatcher.processRequest(OzoneProtocolMessageDispatcher.java:89)
	at org.apache.hadoop.hdds.scm.protocol.ScmBlockLocationProtocolServerSideTranslatorPB.send(ScmBlockLocationProtocolServerSideTranslatorPB.java:115)
	at org.apache.hadoop.hdds.protocol.proto.ScmBlockLocationProtocolProtos$ScmBlockLocationProtocolService$2.callBlockingMethod(ScmBlockLocationProtocolProtos.java:15752)
	at org.apache.hadoop.ipc.ProtobufRpcEngine$Server.processCall(ProtobufRpcEngine.java:484)
	at org.apache.hadoop.ipc.ProtobufRpcEngine2$Server$ProtoBufRpcInvoker.call(ProtobufRpcEngine2.java:595)
	at org.apache.hadoop.ipc.ProtobufRpcEngine2$Server$ProtoBufRpcInvoker.call(ProtobufRpcEngine2.java:573)
	at org.apache.hadoop.ipc.RPC$Server.call(RPC.java:1227)
	at org.apache.hadoop.ipc.Server$RpcCall.run(Server.java:1094)
	at org.apache.hadoop.ipc.Server$RpcCall.run(Server.java:1017)
	at java.base/java.security.AccessController.doPrivileged(AccessController.java:712)
	at java.base/javax.security.auth.Subject.doAs(Subject.java:439)
	at org.apache.hadoop.security.UserGroupInformation.doAs(UserGroupInformation.java:1899)
	at org.apache.hadoop.ipc.Server$Handler.run(Server.java:3048)
2024-05-04 14:26:56,701 [IPC Server handler 4 on default port 15054] ERROR pipeline.WritableRatisContainerProvider (WritableRatisContainerProvider.java:getContainer(145)) - Unable to allocate a block for the size: 800, repConfig: RATIS/THREE
14:26:56.701 [IPC Server handler 4 on default port 15054] ERROR SCMAudit - user=runner | ip=127.0.0.1 | op=ALLOCATE_BLOCK {replication=RATIS/THREE, owner=omServiceIdDefault, size=800, num=1, client=} | ret=FAILURE
java.io.IOException: Unable to allocate a container to the block of size: 800, replicationConfig: RATIS/THREE. The input pipeline IDs 2797b6a5-e765-4cb6-9c47-d94a52ab4096 cannot be found
	at org.apache.hadoop.hdds.scm.pipeline.WritableRatisContainerProvider.getContainer(WritableRatisContainerProvider.java:148) ~[classes/:?]
	at org.apache.hadoop.hdds.scm.pipeline.WritableContainerFactory.getContainer(WritableContainerFactory.java:74) ~[classes/:?]
	at org.apache.hadoop.hdds.scm.block.BlockManagerImpl.allocateBlock(BlockManagerImpl.java:163) ~[classes/:?]
	at org.apache.hadoop.hdds.scm.server.SCMBlockProtocolServer.allocateBlock(SCMBlockProtocolServer.java:206) ~[classes/:?]
	at org.apache.hadoop.hdds.scm.protocol.ScmBlockLocationProtocolServerSideTranslatorPB.allocateScmBlock(ScmBlockLocationProtocolServerSideTranslatorPB.java:198) ~[classes/:?]
	at org.apache.hadoop.hdds.scm.protocol.ScmBlockLocationProtocolServerSideTranslatorPB.processMessage(ScmBlockLocationProtocolServerSideTranslatorPB.java:144) ~[classes/:?]
	at org.apache.hadoop.hdds.server.OzoneProtocolMessageDispatcher.processRequest(OzoneProtocolMessageDispatcher.java:89) ~[classes/:?]
	at org.apache.hadoop.hdds.scm.protocol.ScmBlockLocationProtocolServerSideTranslatorPB.send(ScmBlockLocationProtocolServerSideTranslatorPB.java:115) ~[classes/:?]
	at org.apache.hadoop.hdds.protocol.proto.ScmBlockLocationProtocolProtos$ScmBlockLocationProtocolService$2.callBlockingMethod(ScmBlockLocationProtocolProtos.java:15752) ~[classes/:?]
	at org.apache.hadoop.ipc.ProtobufRpcEngine$Server.processCall(ProtobufRpcEngine.java:484) ~[hadoop-common-3.3.6.jar:?]
	at org.apache.hadoop.ipc.ProtobufRpcEngine2$Server$ProtoBufRpcInvoker.call(ProtobufRpcEngine2.java:595) ~[hadoop-common-3.3.6.jar:?]
	at org.apache.hadoop.ipc.ProtobufRpcEngine2$Server$ProtoBufRpcInvoker.call(ProtobufRpcEngine2.java:573) ~[hadoop-common-3.3.6.jar:?]
	at org.apache.hadoop.ipc.RPC$Server.call(RPC.java:1227) ~[hadoop-common-3.3.6.jar:?]
	at org.apache.hadoop.ipc.Server$RpcCall.run(Server.java:1094) ~[hadoop-common-3.3.6.jar:?]
	at org.apache.hadoop.ipc.Server$RpcCall.run(Server.java:1017) ~[hadoop-common-3.3.6.jar:?]
	at java.security.AccessController.doPrivileged(AccessController.java:712) [?:?]
	at javax.security.auth.Subject.doAs(Subject.java:439) [?:?]
	at org.apache.hadoop.security.UserGroupInformation.doAs(UserGroupInformation.java:1899) [hadoop-common-3.3.6.jar:?]
	at org.apache.hadoop.ipc.Server$Handler.run(Server.java:3048) [hadoop-common-3.3.6.jar:?]
2024-05-04 14:26:56,708 [main] INFO  ozone.MiniOzoneClusterImpl (MiniOzoneClusterImpl.java:shutdown(396)) - Shutting down the Mini Ozone Cluster
2024-05-04 14:26:56,708 [main] INFO  db.CodecTestUtil (CodecTestUtil.java:gc(50)) - gc 0
2024-05-04 14:26:56,867 [main] INFO  ozone.MiniOzoneClusterImpl (MiniOzoneClusterImpl.java:stop(412)) - Stopping the Mini Ozone Cluster
2024-05-04 14:26:56,867 [main] INFO  om.OzoneManager (OzoneManager.java:stop(2232)) - om1[localhost:15057]: Stopping Ozone Manager
2024-05-04 14:26:56,867 [main] INFO  ipc.Server (Server.java:stop(3523)) - Stopping server on 15057
2024-05-04 14:26:56,868 [IPC Server Responder] INFO  ipc.Server (Server.java:run(1567)) - Stopping IPC Server Responder
2024-05-04 14:26:56,868 [IPC Server listener on 15057] INFO  ipc.Server (Server.java:run(1434)) - Stopping IPC Server listener on 15057
2024-05-04 14:26:56,868 [main] INFO  ratis.OzoneManagerRatisServer (OzoneManagerRatisServer.java:stop(594)) - Stopping org.apache.hadoop.ozone.om.ratis.OzoneManagerRatisServer@c14943c at port 15060
2024-05-04 14:26:56,869 [main] INFO  server.RaftServer (RaftServerProxy.java:lambda$close$9(416)) - om1: close
2024-05-04 14:26:56,869 [main] INFO  server.GrpcService (GrpcService.java:closeImpl(311)) - om1: shutdown server GrpcServerProtocolService now
2024-05-04 14:26:56,869 [om1-impl-thread1] INFO  server.RaftServer$Division (RaftServerImpl.java:lambda$close$3(526)) - om1@group-C5BA1605619E: shutdown
2024-05-04 14:26:56,869 [om1-impl-thread1] INFO  util.JmxRegister (JmxRegister.java:unregister(73)) - Successfully un-registered JMX Bean with object name Ratis:service=RaftServer,group=group-C5BA1605619E,id=om1
2024-05-04 14:26:56,869 [om1-impl-thread1] INFO  impl.RoleInfo (RoleInfo.java:shutdownLeaderState(94)) - om1: shutdown om1@group-C5BA1605619E-LeaderStateImpl
2024-05-04 14:26:56,869 [om1-impl-thread1] INFO  impl.PendingRequests (PendingRequests.java:sendNotLeaderResponses(289)) - om1@group-C5BA1605619E-PendingRequests: sendNotLeaderResponses
2024-05-04 14:26:56,869 [om1-impl-thread1] INFO  impl.StateMachineUpdater (StateMachineUpdater.java:stopAndJoin(157)) - om1@group-C5BA1605619E-StateMachineUpdater: set stopIndex = 6
2024-05-04 14:26:56,870 [om1@group-C5BA1605619E-StateMachineUpdater] INFO  ratis.OzoneManagerStateMachine (OzoneManagerStateMachine.java:takeSnapshotImpl(481)) -  applied = (t:1, i:6)
2024-05-04 14:26:56,870 [om1@group-C5BA1605619E-StateMachineUpdater] INFO  ratis.OzoneManagerStateMachine (OzoneManagerStateMachine.java:takeSnapshotImpl(482)) -  skipped = 5
2024-05-04 14:26:56,870 [om1@group-C5BA1605619E-StateMachineUpdater] INFO  ratis.OzoneManagerStateMachine (OzoneManagerStateMachine.java:takeSnapshotImpl(483)) - notified = (t:1, i:6)
2024-05-04 14:26:56,870 [om1@group-C5BA1605619E-StateMachineUpdater] INFO  ratis.OzoneManagerStateMachine (OzoneManagerStateMachine.java:takeSnapshotImpl(484)) - snapshot = (t:1, i:6)
2024-05-04 14:26:56,870 [main] INFO  server.GrpcService (GrpcService.java:closeImpl(320)) - om1: shutdown server GrpcServerProtocolService successfully
2024-05-04 14:26:56,883 [om1@group-C5BA1605619E-StateMachineUpdater] INFO  impl.StateMachineUpdater (StateMachineUpdater.java:takeSnapshot(295)) - om1@group-C5BA1605619E-StateMachineUpdater: Took a snapshot at index 6
2024-05-04 14:26:56,883 [om1@group-C5BA1605619E-StateMachineUpdater] INFO  impl.StateMachineUpdater (StateMachineUpdater.java:lambda$new$0(98)) - om1@group-C5BA1605619E-StateMachineUpdater: snapshotIndex: updateIncreasingly -1 -> 6
2024-05-04 14:26:56,883 [om1@group-C5BA1605619E-StateMachineUpdater] INFO  ratis.OzoneManagerStateMachine (OzoneManagerStateMachine.java:close(527)) - Stopping OzoneManagerStateMachine:om1:group-C5BA1605619E.
2024-05-04 14:26:56,883 [om1@group-C5BA1605619E-StateMachineUpdater] INFO  ratis.OzoneManagerDoubleBuffer (OzoneManagerDoubleBuffer.java:stopDaemon(517)) - Stopping OMDoubleBuffer flush thread
2024-05-04 14:26:56,883 [om1-OMDoubleBufferFlushThread] INFO  ratis.OzoneManagerDoubleBuffer (OzoneManagerDoubleBuffer.java:canFlush(581)) - OMDoubleBuffer flush thread om1-OMDoubleBufferFlushThread is interrupted and will exit.
2024-05-04 14:26:56,883 [om1-impl-thread1] INFO  server.RaftServer$Division (ServerState.java:close(427)) - om1@group-C5BA1605619E: applyIndex: 6
2024-05-04 14:26:56,884 [om1@group-C5BA1605619E-cacheEviction-AwaitToRun] INFO  util.AwaitToRun (AwaitToRun.java:run(49)) - om1@group-C5BA1605619E-cacheEviction-AwaitToRun-AwaitForSignal is interrupted
2024-05-04 14:26:56,914 [8808acf2-b901-482b-9182-8feecfa28384@group-C3DAD7AF45B8-FollowerState] INFO  impl.FollowerState (FollowerState.java:run(143)) - 8808acf2-b901-482b-9182-8feecfa28384@group-C3DAD7AF45B8-FollowerState: change to CANDIDATE, lastRpcElapsedTime:7698386053ns, electionTimeout:5147ms
2024-05-04 14:26:56,914 [8808acf2-b901-482b-9182-8feecfa28384@group-C3DAD7AF45B8-FollowerState] INFO  impl.RoleInfo (RoleInfo.java:shutdownFollowerState(110)) - 8808acf2-b901-482b-9182-8feecfa28384: shutdown 8808acf2-b901-482b-9182-8feecfa28384@group-C3DAD7AF45B8-FollowerState
2024-05-04 14:26:56,914 [8808acf2-b901-482b-9182-8feecfa28384@group-C3DAD7AF45B8-FollowerState] INFO  server.RaftServer$Division (RaftServerImpl.java:setRole(383)) - 8808acf2-b901-482b-9182-8feecfa28384@group-C3DAD7AF45B8: changes role from  FOLLOWER to CANDIDATE at term 1 for changeToCandidate
2024-05-04 14:26:56,914 [8808acf2-b901-482b-9182-8feecfa28384@group-C3DAD7AF45B8-FollowerState] INFO  server.RaftServerConfigKeys (ConfUtils.java:logGet(46)) - raft.server.leaderelection.pre-vote = true (default)
2024-05-04 14:26:56,915 [8808acf2-b901-482b-9182-8feecfa28384@group-C3DAD7AF45B8-FollowerState] INFO  impl.RoleInfo (RoleInfo.java:updateAndGet(139)) - 8808acf2-b901-482b-9182-8feecfa28384: start 8808acf2-b901-482b-9182-8feecfa28384@group-C3DAD7AF45B8-LeaderElection28
2024-05-04 14:26:56,915 [8808acf2-b901-482b-9182-8feecfa28384@group-C3DAD7AF45B8-LeaderElection28] INFO  server.RaftServer$Division (ServerState.java:setLeader(269)) - 8808acf2-b901-482b-9182-8feecfa28384@group-C3DAD7AF45B8: change Leader from 83059998-de51-48d1-9818-e6afe7fa3b6f to null at term 1 for PRE_VOTE
2024-05-04 14:26:56,915 [8808acf2-b901-482b-9182-8feecfa28384@group-C3DAD7AF45B8-LeaderElection28] INFO  impl.LeaderElection (LeaderElection.java:askForVotes(321)) - 8808acf2-b901-482b-9182-8feecfa28384@group-C3DAD7AF45B8-LeaderElection28 PRE_VOTE round 0: submit vote requests at term 1 for 0: peers:[8808acf2-b901-482b-9182-8feecfa28384|127.0.0.1:15085, 9ec74834-1541-452c-921b-2d323393210f|127.0.0.1:15076, 83059998-de51-48d1-9818-e6afe7fa3b6f|127.0.0.1:15067]|listeners:[], old=null
2024-05-04 14:26:56,915 [8808acf2-b901-482b-9182-8feecfa28384@group-C3DAD7AF45B8-LeaderElection28] INFO  impl.LeaderElection (LogUtils.java:infoOrTrace(136)) - 8808acf2-b901-482b-9182-8feecfa28384@group-C3DAD7AF45B8-LeaderElection28 got exception when requesting votes: java.util.concurrent.ExecutionException: org.apache.ratis.thirdparty.io.grpc.StatusRuntimeException: UNAVAILABLE: io exception
2024-05-04 14:26:56,915 [8808acf2-b901-482b-9182-8feecfa28384@group-C3DAD7AF45B8-LeaderElection28] INFO  impl.LeaderElection (LogUtils.java:infoOrTrace(136)) - 8808acf2-b901-482b-9182-8feecfa28384@group-C3DAD7AF45B8-LeaderElection28 got exception when requesting votes: java.util.concurrent.ExecutionException: org.apache.ratis.thirdparty.io.grpc.StatusRuntimeException: UNAVAILABLE: io exception
2024-05-04 14:26:56,915 [8808acf2-b901-482b-9182-8feecfa28384@group-C3DAD7AF45B8-LeaderElection28] INFO  impl.LeaderElection (LeaderElection.java:logAndReturn(89)) - 8808acf2-b901-482b-9182-8feecfa28384@group-C3DAD7AF45B8-LeaderElection28: PRE_VOTE REJECTED received 0 response(s) and 2 exception(s):
2024-05-04 14:26:56,915 [8808acf2-b901-482b-9182-8feecfa28384@group-C3DAD7AF45B8-LeaderElection28] INFO  impl.LeaderElection (LogUtils.java:infoOrTrace(136)) -   Exception 0: java.util.concurrent.ExecutionException: org.apache.ratis.thirdparty.io.grpc.StatusRuntimeException: UNAVAILABLE: io exception
2024-05-04 14:26:56,916 [8808acf2-b901-482b-9182-8feecfa28384@group-C3DAD7AF45B8-LeaderElection28] INFO  impl.LeaderElection (LogUtils.java:infoOrTrace(136)) -   Exception 1: java.util.concurrent.ExecutionException: org.apache.ratis.thirdparty.io.grpc.StatusRuntimeException: UNAVAILABLE: io exception
2024-05-04 14:26:56,916 [8808acf2-b901-482b-9182-8feecfa28384@group-C3DAD7AF45B8-LeaderElection28] INFO  impl.LeaderElection (LeaderElection.java:askForVotes(323)) - 8808acf2-b901-482b-9182-8feecfa28384@group-C3DAD7AF45B8-LeaderElection28 PRE_VOTE round 0: result REJECTED
2024-05-04 14:26:56,916 [8808acf2-b901-482b-9182-8feecfa28384@group-C3DAD7AF45B8-LeaderElection28] INFO  server.RaftServer$Division (RaftServerImpl.java:setRole(383)) - 8808acf2-b901-482b-9182-8feecfa28384@group-C3DAD7AF45B8: changes role from CANDIDATE to FOLLOWER at term 1 for REJECTED
2024-05-04 14:26:56,916 [8808acf2-b901-482b-9182-8feecfa28384@group-C3DAD7AF45B8-LeaderElection28] INFO  impl.RoleInfo (RoleInfo.java:shutdownLeaderElection(130)) - 8808acf2-b901-482b-9182-8feecfa28384: shutdown 8808acf2-b901-482b-9182-8feecfa28384@group-C3DAD7AF45B8-LeaderElection28
2024-05-04 14:26:56,916 [8808acf2-b901-482b-9182-8feecfa28384@group-C3DAD7AF45B8-LeaderElection28] INFO  impl.RoleInfo (RoleInfo.java:updateAndGet(139)) - 8808acf2-b901-482b-9182-8feecfa28384: start 8808acf2-b901-482b-9182-8feecfa28384@group-C3DAD7AF45B8-FollowerState
2024-05-04 14:26:57,598 [om1-impl-thread1] INFO  segmented.SegmentedRaftLogWorker (SegmentedRaftLogWorker.java:close(245)) - om1@group-C5BA1605619E-SegmentedRaftLogWorker close()
2024-05-04 14:26:57,598 [JvmPauseMonitor8] INFO  util.JvmPauseMonitor (JvmPauseMonitor.java:run(152)) - JvmPauseMonitor-om1: Stopped
2024-05-04 14:26:57,598 [main] INFO  utils.BackgroundService (BackgroundService.java:shutdown(160)) - Shutting down service KeyDeletingService
2024-05-04 14:26:57,599 [main] INFO  utils.BackgroundService (BackgroundService.java:shutdown(160)) - Shutting down service DirectoryDeletingService
2024-05-04 14:26:57,599 [main] INFO  utils.BackgroundService (BackgroundService.java:shutdown(160)) - Shutting down service OpenKeyCleanupService
2024-05-04 14:26:57,599 [main] INFO  utils.BackgroundService (BackgroundService.java:shutdown(160)) - Shutting down service SstFilteringService
2024-05-04 14:26:57,599 [main] INFO  utils.BackgroundService (BackgroundService.java:shutdown(160)) - Shutting down service SnapshotDeletingService
2024-05-04 14:26:57,599 [main] INFO  utils.BackgroundService (BackgroundService.java:shutdown(160)) - Shutting down service MultipartUploadCleanupService
2024-05-04 14:26:57,599 [main] INFO  utils.BackgroundService (BackgroundService.java:shutdown(160)) - Shutting down service SnapshotDirectoryCleaningService
2024-05-04 14:26:57,600 [main] INFO  handler.ContextHandler (ContextHandler.java:doStop(1159)) - Stopped o.e.j.w.WebAppContext@2acacb1{ozoneManager,/,null,STOPPED}{file:/home/runner/work/ozone/ozone/hadoop-ozone/integration-test/target/test-classes/webapps/ozoneManager}
2024-05-04 14:26:57,600 [main] INFO  server.AbstractConnector (AbstractConnector.java:doStop(383)) - Stopped ServerConnector@780d5822{HTTP/1.1, (http/1.1)}{0.0.0.0:15058}
2024-05-04 14:26:57,601 [main] INFO  server.session (HouseKeeper.java:stopScavenging(149)) - node0 Stopped scavenging
2024-05-04 14:26:57,601 [main] INFO  handler.ContextHandler (ContextHandler.java:doStop(1159)) - Stopped o.e.j.s.ServletContextHandler@1953197a{static,/static,file:///home/runner/work/ozone/ozone/hadoop-ozone/integration-test/target/test-classes/webapps/static,STOPPED}
2024-05-04 14:26:57,601 [main] INFO  handler.ContextHandler (ContextHandler.java:doStop(1159)) - Stopped o.e.j.s.ServletContextHandler@53a49745{logs,/logs,file:///home/runner/work/ozone/ozone/hadoop-ozone/integration-test/target/log,STOPPED}
2024-05-04 14:26:57,602 [main] INFO  rocksdiff.RocksDBCheckpointDiffer (RocksDBCheckpointDiffer.java:close(309)) - Shutting down CompactionDagPruningService.
2024-05-04 14:26:57,603 [main] INFO  snapshot.SnapshotDiffManager (SnapshotDiffManager.java:closeExecutorService(1657)) - Shutting down executorService: 'SnapDiffExecutor'
2024-05-04 14:26:57,603 [main] INFO  utils.BackgroundService (BackgroundService.java:shutdown(160)) - Shutting down service SnapshotDiffCleanupService
2024-05-04 14:26:57,604 [main] INFO  ozone.MiniOzoneClusterImpl (MiniOzoneClusterImpl.java:stopDatanodes(471)) - Stopping the HddsDatanodes
2024-05-04 14:26:57,605 [ForkJoinPool.commonPool-worker-1] INFO  ozoneimpl.OzoneContainer (OzoneContainer.java:stop(481)) - Attempting to stop container services.
2024-05-04 14:26:57,605 [ContainerMetadataScanner] WARN  ozoneimpl.AbstractBackgroundContainerScanner (AbstractBackgroundContainerScanner.java:handleRemainingSleep(134)) - Background container scan was interrupted.
2024-05-04 14:26:57,605 [ContainerMetadataScanner] INFO  ozoneimpl.AbstractBackgroundContainerScanner (AbstractBackgroundContainerScanner.java:run(61)) - Thread[ContainerMetadataScanner,5,main] exiting.
2024-05-04 14:26:57,605 [ForkJoinPool.commonPool-worker-1] INFO  ozoneimpl.BackgroundContainerDataScanner (BackgroundContainerDataScanner.java:shutdown(141)) - ContainerDataScanner(/home/runner/work/ozone/ozone/hadoop-ozone/integration-test/target/test-dir/MiniOzoneClusterImpl-7c905145-d891-4b2f-be71-50eb4aa8551e/ozone-meta/datanode-5/data-0/hdds) is shutting down. 
2024-05-04 14:26:57,605 [ContainerDataScanner(/home/runner/work/ozone/ozone/hadoop-ozone/integration-test/target/test-dir/MiniOzoneClusterImpl-7c905145-d891-4b2f-be71-50eb4aa8551e/ozone-meta/datanode-5/data-0/hdds)] WARN  ozoneimpl.AbstractBackgroundContainerScanner (AbstractBackgroundContainerScanner.java:handleRemainingSleep(134)) - Background container scan was interrupted.
2024-05-04 14:26:57,606 [ContainerDataScanner(/home/runner/work/ozone/ozone/hadoop-ozone/integration-test/target/test-dir/MiniOzoneClusterImpl-7c905145-d891-4b2f-be71-50eb4aa8551e/ozone-meta/datanode-5/data-0/hdds)] INFO  ozoneimpl.AbstractBackgroundContainerScanner (AbstractBackgroundContainerScanner.java:run(61)) - ContainerDataScanner(/home/runner/work/ozone/ozone/hadoop-ozone/integration-test/target/test-dir/MiniOzoneClusterImpl-7c905145-d891-4b2f-be71-50eb4aa8551e/ozone-meta/datanode-5/data-0/hdds, DS-9b510831-d0ca-4066-ad0b-f43285c736ad) exiting.
2024-05-04 14:26:57,606 [ForkJoinPool.commonPool-worker-1] INFO  server.RaftServer (RaftServerProxy.java:lambda$close$9(416)) - 3ae9785c-56ef-4b84-8cb7-69d91d7d731c: close
2024-05-04 14:26:57,607 [ForkJoinPool.commonPool-worker-1] INFO  server.GrpcService (GrpcService.java:closeImpl(311)) - 3ae9785c-56ef-4b84-8cb7-69d91d7d731c: shutdown server org.apache.ratis.grpc.server.GrpcClientProtocolService now
2024-05-04 14:26:57,607 [3ae9785c-56ef-4b84-8cb7-69d91d7d731c-impl-thread1] INFO  server.RaftServer$Division (RaftServerImpl.java:lambda$close$3(526)) - 3ae9785c-56ef-4b84-8cb7-69d91d7d731c@group-AB4B3A4AD983: shutdown
2024-05-04 14:26:57,607 [3ae9785c-56ef-4b84-8cb7-69d91d7d731c-impl-thread1] INFO  util.JmxRegister (JmxRegister.java:unregister(73)) - Successfully un-registered JMX Bean with object name Ratis:service=RaftServer,group=group-AB4B3A4AD983,id=3ae9785c-56ef-4b84-8cb7-69d91d7d731c
2024-05-04 14:26:57,607 [3ae9785c-56ef-4b84-8cb7-69d91d7d731c-impl-thread1] INFO  impl.RoleInfo (RoleInfo.java:shutdownLeaderState(94)) - 3ae9785c-56ef-4b84-8cb7-69d91d7d731c: shutdown 3ae9785c-56ef-4b84-8cb7-69d91d7d731c@group-AB4B3A4AD983-LeaderStateImpl
2024-05-04 14:26:57,607 [3ae9785c-56ef-4b84-8cb7-69d91d7d731c-impl-thread1] INFO  impl.PendingRequests (PendingRequests.java:sendNotLeaderResponses(289)) - 3ae9785c-56ef-4b84-8cb7-69d91d7d731c@group-AB4B3A4AD983-PendingRequests: sendNotLeaderResponses
2024-05-04 14:26:57,607 [3ae9785c-56ef-4b84-8cb7-69d91d7d731c-impl-thread1] INFO  impl.StateMachineUpdater (StateMachineUpdater.java:stopAndJoin(157)) - 3ae9785c-56ef-4b84-8cb7-69d91d7d731c@group-AB4B3A4AD983-StateMachineUpdater: set stopIndex = 0
2024-05-04 14:26:57,607 [3ae9785c-56ef-4b84-8cb7-69d91d7d731c@group-AB4B3A4AD983-StateMachineUpdater] INFO  ratis.ContainerStateMachine (ContainerStateMachine.java:takeSnapshot(355)) - group-AB4B3A4AD983: Taking a snapshot at:(t:1, i:0) file /home/runner/work/ozone/ozone/hadoop-ozone/integration-test/target/test-dir/MiniOzoneClusterImpl-7c905145-d891-4b2f-be71-50eb4aa8551e/ozone-meta/datanode-5/ratis/cbd3ffaa-71b0-4cf2-b7f6-ab4b3a4ad983/sm/snapshot.1_0
2024-05-04 14:26:57,608 [ForkJoinPool.commonPool-worker-1] INFO  server.GrpcService (GrpcService.java:closeImpl(320)) - 3ae9785c-56ef-4b84-8cb7-69d91d7d731c: shutdown server org.apache.ratis.grpc.server.GrpcClientProtocolService successfully
2024-05-04 14:26:57,608 [ForkJoinPool.commonPool-worker-1] INFO  server.GrpcService (GrpcService.java:closeImpl(311)) - 3ae9785c-56ef-4b84-8cb7-69d91d7d731c: shutdown server GrpcServerProtocolService now
2024-05-04 14:26:57,608 [3ae9785c-56ef-4b84-8cb7-69d91d7d731c@group-AB4B3A4AD983-StateMachineUpdater] INFO  ratis.ContainerStateMachine (ContainerStateMachine.java:takeSnapshot(366)) - group-AB4B3A4AD983: Finished taking a snapshot at:(t:1, i:0) file:/home/runner/work/ozone/ozone/hadoop-ozone/integration-test/target/test-dir/MiniOzoneClusterImpl-7c905145-d891-4b2f-be71-50eb4aa8551e/ozone-meta/datanode-5/ratis/cbd3ffaa-71b0-4cf2-b7f6-ab4b3a4ad983/sm/snapshot.1_0 took: 1 ms
2024-05-04 14:26:57,608 [ForkJoinPool.commonPool-worker-1] INFO  server.GrpcService (GrpcService.java:closeImpl(320)) - 3ae9785c-56ef-4b84-8cb7-69d91d7d731c: shutdown server GrpcServerProtocolService successfully
2024-05-04 14:26:57,608 [ForkJoinPool.commonPool-worker-1] INFO  server.GrpcService (GrpcService.java:closeImpl(311)) - 3ae9785c-56ef-4b84-8cb7-69d91d7d731c: shutdown server org.apache.ratis.grpc.server.GrpcAdminProtocolService now
2024-05-04 14:26:57,608 [3ae9785c-56ef-4b84-8cb7-69d91d7d731c@group-AB4B3A4AD983-StateMachineUpdater] INFO  impl.StateMachineUpdater (StateMachineUpdater.java:takeSnapshot(295)) - 3ae9785c-56ef-4b84-8cb7-69d91d7d731c@group-AB4B3A4AD983-StateMachineUpdater: Took a snapshot at index 0
2024-05-04 14:26:57,609 [3ae9785c-56ef-4b84-8cb7-69d91d7d731c@group-AB4B3A4AD983-StateMachineUpdater] INFO  impl.StateMachineUpdater (StateMachineUpdater.java:lambda$new$0(98)) - 3ae9785c-56ef-4b84-8cb7-69d91d7d731c@group-AB4B3A4AD983-StateMachineUpdater: snapshotIndex: updateIncreasingly -1 -> 0
2024-05-04 14:26:57,609 [ForkJoinPool.commonPool-worker-1] INFO  server.GrpcService (GrpcService.java:closeImpl(320)) - 3ae9785c-56ef-4b84-8cb7-69d91d7d731c: shutdown server org.apache.ratis.grpc.server.GrpcAdminProtocolService successfully
2024-05-04 14:26:57,609 [3ae9785c-56ef-4b84-8cb7-69d91d7d731c-impl-thread1] INFO  server.RaftServer$Division (ServerState.java:close(427)) - 3ae9785c-56ef-4b84-8cb7-69d91d7d731c@group-AB4B3A4AD983: applyIndex: 0
2024-05-04 14:26:57,609 [3ae9785c-56ef-4b84-8cb7-69d91d7d731c@group-AB4B3A4AD983-cacheEviction-AwaitToRun] INFO  util.AwaitToRun (AwaitToRun.java:run(49)) - 3ae9785c-56ef-4b84-8cb7-69d91d7d731c@group-AB4B3A4AD983-cacheEviction-AwaitToRun-AwaitForSignal is interrupted
2024-05-04 14:26:57,609 [3ae9785c-56ef-4b84-8cb7-69d91d7d731c-NettyServerStreamRpc-bossGroup--thread1] INFO  logging.LoggingHandler (AbstractInternalLogger.java:log(148)) - [id: 0x31088116, L:/0.0.0.0:15104] CLOSE
2024-05-04 14:26:57,609 [3ae9785c-56ef-4b84-8cb7-69d91d7d731c-NettyServerStreamRpc-bossGroup--thread1] INFO  logging.LoggingHandler (AbstractInternalLogger.java:log(148)) - [id: 0x31088116, L:/0.0.0.0:15104] INACTIVE
2024-05-04 14:26:57,609 [3ae9785c-56ef-4b84-8cb7-69d91d7d731c-NettyServerStreamRpc-bossGroup--thread1] INFO  logging.LoggingHandler (AbstractInternalLogger.java:log(148)) - [id: 0x31088116, L:/0.0.0.0:15104] UNREGISTERED
2024-05-04 14:26:57,773 [3ae9785c-56ef-4b84-8cb7-69d91d7d731c-impl-thread1] INFO  segmented.SegmentedRaftLogWorker (SegmentedRaftLogWorker.java:close(245)) - 3ae9785c-56ef-4b84-8cb7-69d91d7d731c@group-AB4B3A4AD983-SegmentedRaftLogWorker close()
2024-05-04 14:26:57,773 [JvmPauseMonitor13] INFO  util.JvmPauseMonitor (JvmPauseMonitor.java:run(152)) - JvmPauseMonitor-3ae9785c-56ef-4b84-8cb7-69d91d7d731c: Stopped
2024-05-04 14:26:58,618 [timer6] WARN  server.GrpcLogAppender (LogUtils.java:warn(121)) - 8808acf2-b901-482b-9182-8feecfa28384@group-D5ED0AA30690->9ec74834-1541-452c-921b-2d323393210f-AppendLogResponseHandler: Failed appendEntries (Repeated 8 times in the last 5.000s): org.apache.ratis.thirdparty.io.grpc.StatusRuntimeException: UNAVAILABLE: io exception
2024-05-04 14:26:58,619 [timer7] WARN  server.GrpcLogAppender (GrpcLogAppender.java:lambda$resetClient$1(217)) - 8808acf2-b901-482b-9182-8feecfa28384@group-D5ED0AA30690->83059998-de51-48d1-9818-e6afe7fa3b6f-GrpcLogAppender: Follower failed (request=null, errorCount=14); keep nextIndex (17) unchanged and retry. (Repeated 10 times in the last 5.000s)
2024-05-04 14:26:58,620 [timer2] WARN  server.GrpcLogAppender (GrpcLogAppender.java:lambda$resetClient$1(217)) - 8808acf2-b901-482b-9182-8feecfa28384@group-D5ED0AA30690->9ec74834-1541-452c-921b-2d323393210f-GrpcLogAppender: Follower failed (request=null, errorCount=16); keep nextIndex (17) unchanged and retry. (Repeated 8 times in the last 5.001s)
2024-05-04 14:26:58,818 [8808acf2-b901-482b-9182-8feecfa28384@group-D5ED0AA30690-LeaderStateImpl] WARN  server.RaftServer$Division (LeaderStateImpl.java:checkLeadership(1107)) - 8808acf2-b901-482b-9182-8feecfa28384@group-D5ED0AA30690-LeaderStateImpl: Lost leadership on term: 1. Election timeout: 5200ms. In charge for: 12196ms. Conf: 0: peers:[8808acf2-b901-482b-9182-8feecfa28384|127.0.0.1:15085, 9ec74834-1541-452c-921b-2d323393210f|127.0.0.1:15076, 83059998-de51-48d1-9818-e6afe7fa3b6f|127.0.0.1:15067]|listeners:[], old=null
2024-05-04 14:26:58,819 [8808acf2-b901-482b-9182-8feecfa28384@group-D5ED0AA30690-LeaderStateImpl] WARN  server.RaftServer$Division (LeaderStateImpl.java:lambda$checkLeadership$21(1111)) - Follower 8808acf2-b901-482b-9182-8feecfa28384@group-D5ED0AA30690->9ec74834-1541-452c-921b-2d323393210f(c13,m15,n17, caughtUp=true, lastRpcSendTime=1155, lastRpcResponseTime=11152)
2024-05-04 14:26:58,819 [8808acf2-b901-482b-9182-8feecfa28384@group-D5ED0AA30690-LeaderStateImpl] WARN  server.RaftServer$Division (LeaderStateImpl.java:lambda$checkLeadership$21(1111)) - Follower 8808acf2-b901-482b-9182-8feecfa28384@group-D5ED0AA30690->83059998-de51-48d1-9818-e6afe7fa3b6f(c15,m15,n17, caughtUp=true, lastRpcSendTime=1006, lastRpcResponseTime=8648)
2024-05-04 14:26:58,819 [8808acf2-b901-482b-9182-8feecfa28384@group-D5ED0AA30690-LeaderStateImpl] INFO  server.RaftServer$Division (RaftServerImpl.java:setRole(383)) - 8808acf2-b901-482b-9182-8feecfa28384@group-D5ED0AA30690: changes role from    LEADER to FOLLOWER at term 1 for StepDownReason:LOST_MAJORITY_HEARTBEATS
2024-05-04 14:26:58,819 [8808acf2-b901-482b-9182-8feecfa28384@group-D5ED0AA30690-LeaderStateImpl] INFO  impl.RoleInfo (RoleInfo.java:shutdownLeaderState(94)) - 8808acf2-b901-482b-9182-8feecfa28384: shutdown 8808acf2-b901-482b-9182-8feecfa28384@group-D5ED0AA30690-LeaderStateImpl
2024-05-04 14:26:58,819 [8808acf2-b901-482b-9182-8feecfa28384@group-D5ED0AA30690-LeaderStateImpl] INFO  impl.PendingRequests (PendingRequests.java:sendNotLeaderResponses(289)) - 8808acf2-b901-482b-9182-8feecfa28384@group-D5ED0AA30690-PendingRequests: sendNotLeaderResponses
2024-05-04 14:26:58,820 [8808acf2-b901-482b-9182-8feecfa28384-CloseContainerThread-0] INFO  commandhandler.CloseContainerCommandHandler (CloseContainerCommandHandler.java:lambda$handle$0(154)) - Follower cannot close container #1.
2024-05-04 14:26:58,820 [8808acf2-b901-482b-9182-8feecfa28384@group-D5ED0AA30690->83059998-de51-48d1-9818-e6afe7fa3b6f-GrpcLogAppender-LogAppenderDaemon] WARN  server.GrpcLogAppender (GrpcLogAppender.java:mayWait(289)) - 8808acf2-b901-482b-9182-8feecfa28384@group-D5ED0AA30690->83059998-de51-48d1-9818-e6afe7fa3b6f-GrpcLogAppender: Wait interrupted by java.lang.InterruptedException
2024-05-04 14:26:58,820 [8808acf2-b901-482b-9182-8feecfa28384@group-D5ED0AA30690-LeaderStateImpl] INFO  server.RaftServer$Division (ServerState.java:setLeader(269)) - 8808acf2-b901-482b-9182-8feecfa28384@group-D5ED0AA30690: change Leader from 8808acf2-b901-482b-9182-8feecfa28384 to null at term 1 for StepDownReason:LOST_MAJORITY_HEARTBEATS
2024-05-04 14:26:58,820 [8808acf2-b901-482b-9182-8feecfa28384@group-D5ED0AA30690-LeaderStateImpl] INFO  impl.RoleInfo (RoleInfo.java:updateAndGet(139)) - 8808acf2-b901-482b-9182-8feecfa28384: start 8808acf2-b901-482b-9182-8feecfa28384@group-D5ED0AA30690-FollowerState
2024-05-04 14:26:58,821 [8808acf2-b901-482b-9182-8feecfa28384@group-D5ED0AA30690->9ec74834-1541-452c-921b-2d323393210f-GrpcLogAppender-LogAppenderDaemon] WARN  server.GrpcLogAppender (GrpcLogAppender.java:mayWait(289)) - 8808acf2-b901-482b-9182-8feecfa28384@group-D5ED0AA30690->9ec74834-1541-452c-921b-2d323393210f-GrpcLogAppender: Wait interrupted by java.lang.InterruptedException
2024-05-04 14:26:59,669 [EventQueue-StaleNodeForStaleNodeHandler] INFO  node.StaleNodeHandler (StaleNodeHandler.java:onMessage(57)) - Datanode ccbd6c79-39e6-4e91-99a9-9b6c204b47e9(localhost/127.0.0.1) moved to stale state. Finalizing its pipelines [PipelineID=dece958d-b9b2-4b60-a8cd-b8816b9210c0]
2024-05-04 14:26:59,670 [EventQueue-StaleNodeForStaleNodeHandler] INFO  pipeline.PipelineManagerImpl (PipelineManagerImpl.java:closePipeline(518)) - Pipeline PipelineID=dece958d-b9b2-4b60-a8cd-b8816b9210c0 moved to CLOSED state
2024-05-04 14:26:59,670 [EventQueue-StaleNodeForStaleNodeHandler] INFO  node.StaleNodeHandler (StaleNodeHandler.java:onMessage(57)) - Datanode 8808acf2-b901-482b-9182-8feecfa28384(localhost/127.0.0.1) moved to stale state. Finalizing its pipelines [PipelineID=43a4f918-1f05-4b51-974f-278816dc67b8]
2024-05-04 14:26:59,670 [EventQueue-StaleNodeForStaleNodeHandler] INFO  pipeline.PipelineManagerImpl (PipelineManagerImpl.java:closePipeline(518)) - Pipeline PipelineID=43a4f918-1f05-4b51-974f-278816dc67b8 moved to CLOSED state
2024-05-04 14:26:59,769 [EventQueue-StaleNodeForStaleNodeHandler] INFO  node.StaleNodeHandler (StaleNodeHandler.java:onMessage(57)) - Datanode 3ae9785c-56ef-4b84-8cb7-69d91d7d731c(localhost/127.0.0.1) moved to stale state. Finalizing its pipelines [PipelineID=cbd3ffaa-71b0-4cf2-b7f6-ab4b3a4ad983]
2024-05-04 14:26:59,770 [EventQueue-StaleNodeForStaleNodeHandler] INFO  pipeline.PipelineManagerImpl (PipelineManagerImpl.java:closePipeline(518)) - Pipeline PipelineID=cbd3ffaa-71b0-4cf2-b7f6-ab4b3a4ad983 moved to CLOSED state
2024-05-04 14:26:59,776 [ForkJoinPool.commonPool-worker-1] INFO  utils.DatanodeStoreCache (DatanodeStoreCache.java:shutdownCache(116)) - Skip clearing cache in mini cluster mode. Entries left: [/home/runner/work/ozone/ozone/hadoop-ozone/integration-test/target/test-dir/MiniOzoneClusterImpl-7c905145-d891-4b2f-be71-50eb4aa8551e/ozone-meta/datanode-3/data-0/hdds/7c905145-d891-4b2f-be71-50eb4aa8551e/DS-dace4c98-7f23-4dd0-aa1a-79c639db6c24/container.db, /home/runner/work/ozone/ozone/hadoop-ozone/integration-test/target/test-dir/MiniOzoneClusterImpl-7c905145-d891-4b2f-be71-50eb4aa8551e/ozone-meta/datanode-4/data-0/hdds/7c905145-d891-4b2f-be71-50eb4aa8551e/DS-df6dd806-0e81-457e-8c8d-76ce3126f522/container.db, /home/runner/work/ozone/ozone/hadoop-ozone/integration-test/target/test-dir/MiniOzoneClusterImpl-7c905145-d891-4b2f-be71-50eb4aa8551e/ozone-meta/datanode-5/data-0/hdds/7c905145-d891-4b2f-be71-50eb4aa8551e/DS-9b510831-d0ca-4066-ad0b-f43285c736ad/container.db]
2024-05-04 14:26:59,777 [ForkJoinPool.commonPool-worker-1] INFO  utils.DatanodeStoreCache (DatanodeStoreCache.java:removeDB(110)) - Removed db /home/runner/work/ozone/ozone/hadoop-ozone/integration-test/target/test-dir/MiniOzoneClusterImpl-7c905145-d891-4b2f-be71-50eb4aa8551e/ozone-meta/datanode-5/data-0/hdds/7c905145-d891-4b2f-be71-50eb4aa8551e/DS-9b510831-d0ca-4066-ad0b-f43285c736ad/container.db from cache
2024-05-04 14:26:59,777 [ForkJoinPool.commonPool-worker-1] INFO  volume.HddsVolume (HddsVolume.java:closeDbStore(470)) - SchemaV3 db is stopped at /home/runner/work/ozone/ozone/hadoop-ozone/integration-test/target/test-dir/MiniOzoneClusterImpl-7c905145-d891-4b2f-be71-50eb4aa8551e/ozone-meta/datanode-5/data-0/hdds/7c905145-d891-4b2f-be71-50eb4aa8551e/DS-9b510831-d0ca-4066-ad0b-f43285c736ad/container.db for volume DS-9b510831-d0ca-4066-ad0b-f43285c736ad
2024-05-04 14:26:59,777 [ForkJoinPool.commonPool-worker-1] INFO  utils.BackgroundService (BackgroundService.java:shutdown(160)) - Shutting down service BlockDeletingService
2024-05-04 14:26:59,777 [ForkJoinPool.commonPool-worker-1] INFO  utils.BackgroundService (BackgroundService.java:shutdown(160)) - Shutting down service StaleRecoveringContainerScrubbingService
2024-05-04 14:26:59,777 [ForkJoinPool.commonPool-worker-1] INFO  statemachine.DatanodeStateMachine (DatanodeStateMachine.java:stopDaemon(638)) - Ozone container server stopped.
2024-05-04 14:26:59,778 [ForkJoinPool.commonPool-worker-1] INFO  handler.ContextHandler (ContextHandler.java:doStop(1159)) - Stopped o.e.j.w.WebAppContext@352c5179{hddsDatanode,/,null,STOPPED}{file:/home/runner/work/ozone/ozone/hadoop-hdds/container-service/target/classes/webapps/hddsDatanode}
2024-05-04 14:26:59,778 [ForkJoinPool.commonPool-worker-1] INFO  server.AbstractConnector (AbstractConnector.java:doStop(383)) - Stopped ServerConnector@2c30848a{HTTP/1.1, (http/1.1)}{0.0.0.0:15098}
2024-05-04 14:26:59,778 [ForkJoinPool.commonPool-worker-1] INFO  server.session (HouseKeeper.java:stopScavenging(149)) - node0 Stopped scavenging
2024-05-04 14:26:59,778 [ForkJoinPool.commonPool-worker-1] INFO  handler.ContextHandler (ContextHandler.java:doStop(1159)) - Stopped o.e.j.s.ServletContextHandler@7dac6227{static,/static,file:///home/runner/work/ozone/ozone/hadoop-hdds/container-service/target/classes/webapps/static,STOPPED}
2024-05-04 14:26:59,778 [ForkJoinPool.commonPool-worker-1] INFO  handler.ContextHandler (ContextHandler.java:doStop(1159)) - Stopped o.e.j.s.ServletContextHandler@5cf81e6e{logs,/logs,file:///home/runner/work/ozone/ozone/hadoop-ozone/integration-test/target/log,STOPPED}
2024-05-04 14:26:59,780 [ForkJoinPool.commonPool-worker-1] INFO  ozone.HddsDatanodeClientProtocolServer (HddsDatanodeClientProtocolServer.java:stop(83)) - Stopping the RPC server for Client Protocol
2024-05-04 14:26:59,780 [ForkJoinPool.commonPool-worker-1] INFO  ipc.Server (Server.java:stop(3523)) - Stopping server on 15099
2024-05-04 14:26:59,780 [IPC Server Responder] INFO  ipc.Server (Server.java:run(1567)) - Stopping IPC Server Responder
2024-05-04 14:26:59,780 [IPC Server listener on 15099] INFO  ipc.Server (Server.java:run(1434)) - Stopping IPC Server listener on 15099
2024-05-04 14:27:00,686 [8808acf2-b901-482b-9182-8feecfa28384@group-D94A52AB4096-FollowerState] INFO  impl.FollowerState (FollowerState.java:run(143)) - 8808acf2-b901-482b-9182-8feecfa28384@group-D94A52AB4096-FollowerState: change to CANDIDATE, lastRpcElapsedTime:5061486525ns, electionTimeout:5061ms
2024-05-04 14:27:00,686 [8808acf2-b901-482b-9182-8feecfa28384@group-D94A52AB4096-FollowerState] INFO  impl.RoleInfo (RoleInfo.java:shutdownFollowerState(110)) - 8808acf2-b901-482b-9182-8feecfa28384: shutdown 8808acf2-b901-482b-9182-8feecfa28384@group-D94A52AB4096-FollowerState
2024-05-04 14:27:00,686 [8808acf2-b901-482b-9182-8feecfa28384@group-D94A52AB4096-FollowerState] INFO  server.RaftServer$Division (RaftServerImpl.java:setRole(383)) - 8808acf2-b901-482b-9182-8feecfa28384@group-D94A52AB4096: changes role from  FOLLOWER to CANDIDATE at term 0 for changeToCandidate
2024-05-04 14:27:00,686 [8808acf2-b901-482b-9182-8feecfa28384@group-D94A52AB4096-FollowerState] INFO  server.RaftServerConfigKeys (ConfUtils.java:logGet(46)) - raft.server.leaderelection.pre-vote = true (default)
2024-05-04 14:27:00,686 [8808acf2-b901-482b-9182-8feecfa28384@group-D94A52AB4096-FollowerState] INFO  impl.RoleInfo (RoleInfo.java:updateAndGet(139)) - 8808acf2-b901-482b-9182-8feecfa28384: start 8808acf2-b901-482b-9182-8feecfa28384@group-D94A52AB4096-LeaderElection29
2024-05-04 14:27:00,686 [8808acf2-b901-482b-9182-8feecfa28384@group-D94A52AB4096-LeaderElection29] INFO  impl.LeaderElection (LeaderElection.java:askForVotes(321)) - 8808acf2-b901-482b-9182-8feecfa28384@group-D94A52AB4096-LeaderElection29 PRE_VOTE round 0: submit vote requests at term 0 for -1: peers:[8808acf2-b901-482b-9182-8feecfa28384|127.0.0.1:15085, ccbd6c79-39e6-4e91-99a9-9b6c204b47e9|127.0.0.1:15094, 83059998-de51-48d1-9818-e6afe7fa3b6f|127.0.0.1:15067]|listeners:[], old=null
2024-05-04 14:27:00,687 [8808acf2-b901-482b-9182-8feecfa28384@group-D94A52AB4096-LeaderElection29] INFO  server.RaftServerConfigKeys (ConfUtils.java:logFallback(53)) - raft.server.rpc.first-election.timeout.min = 5s (fallback to raft.server.rpc.timeout.min)
2024-05-04 14:27:00,687 [8808acf2-b901-482b-9182-8feecfa28384@group-D94A52AB4096-LeaderElection29] INFO  server.RaftServerConfigKeys (ConfUtils.java:logFallback(53)) - raft.server.rpc.first-election.timeout.max = 5200ms (fallback to raft.server.rpc.timeout.max)
2024-05-04 14:27:00,687 [8808acf2-b901-482b-9182-8feecfa28384@group-D94A52AB4096-LeaderElection29-1] INFO  server.GrpcServerProtocolClient (GrpcServerProtocolClient.java:<init>(65)) - Build channel for ccbd6c79-39e6-4e91-99a9-9b6c204b47e9|127.0.0.1:15094
2024-05-04 14:27:00,687 [8808acf2-b901-482b-9182-8feecfa28384@group-D94A52AB4096-LeaderElection29] INFO  impl.LeaderElection (LogUtils.java:infoOrTrace(136)) - 8808acf2-b901-482b-9182-8feecfa28384@group-D94A52AB4096-LeaderElection29 got exception when requesting votes: java.util.concurrent.ExecutionException: org.apache.ratis.thirdparty.io.grpc.StatusRuntimeException: UNAVAILABLE: io exception
2024-05-04 14:27:00,690 [grpc-default-executor-4] INFO  server.RaftServer$Division (RaftServerImpl.java:requestVote(1389)) - ccbd6c79-39e6-4e91-99a9-9b6c204b47e9@group-D94A52AB4096: receive requestVote(PRE_VOTE, 8808acf2-b901-482b-9182-8feecfa28384, group-D94A52AB4096, 0, (t:0, i:0))
2024-05-04 14:27:00,690 [grpc-default-executor-4] INFO  impl.VoteContext (VoteContext.java:log(49)) - ccbd6c79-39e6-4e91-99a9-9b6c204b47e9@group-D94A52AB4096-FOLLOWER: reject PRE_VOTE from 8808acf2-b901-482b-9182-8feecfa28384: our priority 1 > candidate's priority 0
2024-05-04 14:27:00,690 [grpc-default-executor-4] INFO  server.RaftServer$Division (RaftServerImpl.java:requestVote(1422)) - ccbd6c79-39e6-4e91-99a9-9b6c204b47e9@group-D94A52AB4096 replies to PRE_VOTE vote request: 8808acf2-b901-482b-9182-8feecfa28384<-ccbd6c79-39e6-4e91-99a9-9b6c204b47e9#0:FAIL-t0. Peer's state: ccbd6c79-39e6-4e91-99a9-9b6c204b47e9@group-D94A52AB4096:t0, leader=null, voted=, raftlog=Memoized:ccbd6c79-39e6-4e91-99a9-9b6c204b47e9@group-D94A52AB4096-SegmentedRaftLog:OPENED:c-1, conf=-1: peers:[8808acf2-b901-482b-9182-8feecfa28384|127.0.0.1:15085, ccbd6c79-39e6-4e91-99a9-9b6c204b47e9|127.0.0.1:15094, 83059998-de51-48d1-9818-e6afe7fa3b6f|127.0.0.1:15067]|listeners:[], old=null
2024-05-04 14:27:00,691 [8808acf2-b901-482b-9182-8feecfa28384@group-D94A52AB4096-LeaderElection29] INFO  impl.LeaderElection (LeaderElection.java:logAndReturn(89)) - 8808acf2-b901-482b-9182-8feecfa28384@group-D94A52AB4096-LeaderElection29: PRE_VOTE REJECTED received 1 response(s) and 1 exception(s):
2024-05-04 14:27:00,691 [8808acf2-b901-482b-9182-8feecfa28384@group-D94A52AB4096-LeaderElection29] INFO  impl.LeaderElection (LeaderElection.java:logAndReturn(93)) -   Response 0: 8808acf2-b901-482b-9182-8feecfa28384<-ccbd6c79-39e6-4e91-99a9-9b6c204b47e9#0:FAIL-t0
2024-05-04 14:27:00,691 [8808acf2-b901-482b-9182-8feecfa28384@group-D94A52AB4096-LeaderElection29] INFO  impl.LeaderElection (LogUtils.java:infoOrTrace(136)) -   Exception 1: java.util.concurrent.ExecutionException: org.apache.ratis.thirdparty.io.grpc.StatusRuntimeException: UNAVAILABLE: io exception
2024-05-04 14:27:00,691 [8808acf2-b901-482b-9182-8feecfa28384@group-D94A52AB4096-LeaderElection29] INFO  impl.LeaderElection (LeaderElection.java:askForVotes(323)) - 8808acf2-b901-482b-9182-8feecfa28384@group-D94A52AB4096-LeaderElection29 PRE_VOTE round 0: result REJECTED
2024-05-04 14:27:00,691 [8808acf2-b901-482b-9182-8feecfa28384@group-D94A52AB4096-LeaderElection29] INFO  server.RaftServer$Division (RaftServerImpl.java:setRole(383)) - 8808acf2-b901-482b-9182-8feecfa28384@group-D94A52AB4096: changes role from CANDIDATE to FOLLOWER at term 0 for REJECTED
2024-05-04 14:27:00,691 [8808acf2-b901-482b-9182-8feecfa28384@group-D94A52AB4096-LeaderElection29] INFO  impl.RoleInfo (RoleInfo.java:shutdownLeaderElection(130)) - 8808acf2-b901-482b-9182-8feecfa28384: shutdown 8808acf2-b901-482b-9182-8feecfa28384@group-D94A52AB4096-LeaderElection29
2024-05-04 14:27:00,691 [8808acf2-b901-482b-9182-8feecfa28384@group-D94A52AB4096-LeaderElection29] INFO  impl.RoleInfo (RoleInfo.java:updateAndGet(139)) - 8808acf2-b901-482b-9182-8feecfa28384: start 8808acf2-b901-482b-9182-8feecfa28384@group-D94A52AB4096-FollowerState
2024-05-04 14:27:00,691 [8808acf2-b901-482b-9182-8feecfa28384@group-D94A52AB4096-LeaderElection29] INFO  server.RaftServer$Division (RaftServerImpl.java:setFirstElection(574)) - 8808acf2-b901-482b-9182-8feecfa28384@group-D94A52AB4096: set firstElectionSinceStartup to false for REJECTED
2024-05-04 14:27:00,808 [ccbd6c79-39e6-4e91-99a9-9b6c204b47e9@group-D94A52AB4096-FollowerState] INFO  impl.FollowerState (FollowerState.java:run(143)) - ccbd6c79-39e6-4e91-99a9-9b6c204b47e9@group-D94A52AB4096-FollowerState: change to CANDIDATE, lastRpcElapsedTime:5163438343ns, electionTimeout:5163ms
2024-05-04 14:27:00,808 [ccbd6c79-39e6-4e91-99a9-9b6c204b47e9@group-D94A52AB4096-FollowerState] INFO  impl.RoleInfo (RoleInfo.java:shutdownFollowerState(110)) - ccbd6c79-39e6-4e91-99a9-9b6c204b47e9: shutdown ccbd6c79-39e6-4e91-99a9-9b6c204b47e9@group-D94A52AB4096-FollowerState
2024-05-04 14:27:00,808 [ccbd6c79-39e6-4e91-99a9-9b6c204b47e9@group-D94A52AB4096-FollowerState] INFO  server.RaftServer$Division (RaftServerImpl.java:setRole(383)) - ccbd6c79-39e6-4e91-99a9-9b6c204b47e9@group-D94A52AB4096: changes role from  FOLLOWER to CANDIDATE at term 0 for changeToCandidate
2024-05-04 14:27:00,808 [ccbd6c79-39e6-4e91-99a9-9b6c204b47e9@group-D94A52AB4096-FollowerState] INFO  server.RaftServerConfigKeys (ConfUtils.java:logGet(46)) - raft.server.leaderelection.pre-vote = true (default)
2024-05-04 14:27:00,808 [ccbd6c79-39e6-4e91-99a9-9b6c204b47e9@group-D94A52AB4096-FollowerState] INFO  impl.RoleInfo (RoleInfo.java:updateAndGet(139)) - ccbd6c79-39e6-4e91-99a9-9b6c204b47e9: start ccbd6c79-39e6-4e91-99a9-9b6c204b47e9@group-D94A52AB4096-LeaderElection30
2024-05-04 14:27:00,809 [ccbd6c79-39e6-4e91-99a9-9b6c204b47e9@group-D94A52AB4096-LeaderElection30] INFO  impl.LeaderElection (LeaderElection.java:askForVotes(321)) - ccbd6c79-39e6-4e91-99a9-9b6c204b47e9@group-D94A52AB4096-LeaderElection30 PRE_VOTE round 0: submit vote requests at term 0 for -1: peers:[8808acf2-b901-482b-9182-8feecfa28384|127.0.0.1:15085, ccbd6c79-39e6-4e91-99a9-9b6c204b47e9|127.0.0.1:15094, 83059998-de51-48d1-9818-e6afe7fa3b6f|127.0.0.1:15067]|listeners:[], old=null
2024-05-04 14:27:00,809 [ccbd6c79-39e6-4e91-99a9-9b6c204b47e9@group-D94A52AB4096-LeaderElection30-1] INFO  server.GrpcServerProtocolClient (GrpcServerProtocolClient.java:<init>(65)) - Build channel for 8808acf2-b901-482b-9182-8feecfa28384|127.0.0.1:15085
2024-05-04 14:27:00,809 [ccbd6c79-39e6-4e91-99a9-9b6c204b47e9@group-D94A52AB4096-LeaderElection30] INFO  server.RaftServerConfigKeys (ConfUtils.java:logFallback(53)) - raft.server.rpc.first-election.timeout.min = 5s (fallback to raft.server.rpc.timeout.min)
2024-05-04 14:27:00,809 [ccbd6c79-39e6-4e91-99a9-9b6c204b47e9@group-D94A52AB4096-LeaderElection30] INFO  server.RaftServerConfigKeys (ConfUtils.java:logFallback(53)) - raft.server.rpc.first-election.timeout.max = 5200ms (fallback to raft.server.rpc.timeout.max)
2024-05-04 14:27:00,809 [ccbd6c79-39e6-4e91-99a9-9b6c204b47e9@group-D94A52AB4096-LeaderElection30-2] INFO  server.GrpcServerProtocolClient (GrpcServerProtocolClient.java:<init>(65)) - Build channel for 83059998-de51-48d1-9818-e6afe7fa3b6f|127.0.0.1:15067
2024-05-04 14:27:00,812 [ccbd6c79-39e6-4e91-99a9-9b6c204b47e9@group-D94A52AB4096-LeaderElection30] INFO  impl.LeaderElection (LogUtils.java:infoOrTrace(136)) - ccbd6c79-39e6-4e91-99a9-9b6c204b47e9@group-D94A52AB4096-LeaderElection30 got exception when requesting votes: java.util.concurrent.ExecutionException: org.apache.ratis.thirdparty.io.grpc.StatusRuntimeException: UNAVAILABLE: io exception
2024-05-04 14:27:00,812 [grpc-default-executor-1] INFO  server.RaftServer$Division (RaftServerImpl.java:requestVote(1389)) - 8808acf2-b901-482b-9182-8feecfa28384@group-D94A52AB4096: receive requestVote(PRE_VOTE, ccbd6c79-39e6-4e91-99a9-9b6c204b47e9, group-D94A52AB4096, 0, (t:0, i:0))
2024-05-04 14:27:00,812 [grpc-default-executor-1] INFO  impl.VoteContext (VoteContext.java:log(49)) - 8808acf2-b901-482b-9182-8feecfa28384@group-D94A52AB4096-FOLLOWER: accept PRE_VOTE from ccbd6c79-39e6-4e91-99a9-9b6c204b47e9: our priority 0 <= candidate's priority 1
2024-05-04 14:27:00,813 [grpc-default-executor-1] INFO  server.RaftServer$Division (RaftServerImpl.java:requestVote(1422)) - 8808acf2-b901-482b-9182-8feecfa28384@group-D94A52AB4096 replies to PRE_VOTE vote request: ccbd6c79-39e6-4e91-99a9-9b6c204b47e9<-8808acf2-b901-482b-9182-8feecfa28384#0:OK-t0. Peer's state: 8808acf2-b901-482b-9182-8feecfa28384@group-D94A52AB4096:t0, leader=null, voted=, raftlog=Memoized:8808acf2-b901-482b-9182-8feecfa28384@group-D94A52AB4096-SegmentedRaftLog:OPENED:c-1, conf=-1: peers:[8808acf2-b901-482b-9182-8feecfa28384|127.0.0.1:15085, ccbd6c79-39e6-4e91-99a9-9b6c204b47e9|127.0.0.1:15094, 83059998-de51-48d1-9818-e6afe7fa3b6f|127.0.0.1:15067]|listeners:[], old=null
2024-05-04 14:27:00,813 [ccbd6c79-39e6-4e91-99a9-9b6c204b47e9@group-D94A52AB4096-LeaderElection30] INFO  impl.LeaderElection (LeaderElection.java:logAndReturn(89)) - ccbd6c79-39e6-4e91-99a9-9b6c204b47e9@group-D94A52AB4096-LeaderElection30: PRE_VOTE PASSED received 1 response(s) and 1 exception(s):
2024-05-04 14:27:00,813 [ccbd6c79-39e6-4e91-99a9-9b6c204b47e9@group-D94A52AB4096-LeaderElection30] INFO  impl.LeaderElection (LeaderElection.java:logAndReturn(93)) -   Response 0: ccbd6c79-39e6-4e91-99a9-9b6c204b47e9<-8808acf2-b901-482b-9182-8feecfa28384#0:OK-t0
2024-05-04 14:27:00,813 [ccbd6c79-39e6-4e91-99a9-9b6c204b47e9@group-D94A52AB4096-LeaderElection30] INFO  impl.LeaderElection (LogUtils.java:infoOrTrace(136)) -   Exception 1: java.util.concurrent.ExecutionException: org.apache.ratis.thirdparty.io.grpc.StatusRuntimeException: UNAVAILABLE: io exception
2024-05-04 14:27:00,813 [ccbd6c79-39e6-4e91-99a9-9b6c204b47e9@group-D94A52AB4096-LeaderElection30] INFO  impl.LeaderElection (LeaderElection.java:askForVotes(323)) - ccbd6c79-39e6-4e91-99a9-9b6c204b47e9@group-D94A52AB4096-LeaderElection30 PRE_VOTE round 0: result PASSED
2024-05-04 14:27:00,815 [ccbd6c79-39e6-4e91-99a9-9b6c204b47e9@group-D94A52AB4096-LeaderElection30] INFO  impl.LeaderElection (LeaderElection.java:askForVotes(321)) - ccbd6c79-39e6-4e91-99a9-9b6c204b47e9@group-D94A52AB4096-LeaderElection30 ELECTION round 0: submit vote requests at term 1 for -1: peers:[8808acf2-b901-482b-9182-8feecfa28384|127.0.0.1:15085, ccbd6c79-39e6-4e91-99a9-9b6c204b47e9|127.0.0.1:15094, 83059998-de51-48d1-9818-e6afe7fa3b6f|127.0.0.1:15067]|listeners:[], old=null
2024-05-04 14:27:00,815 [ccbd6c79-39e6-4e91-99a9-9b6c204b47e9@group-D94A52AB4096-LeaderElection30] INFO  server.RaftServerConfigKeys (ConfUtils.java:logFallback(53)) - raft.server.rpc.first-election.timeout.min = 5s (fallback to raft.server.rpc.timeout.min)
2024-05-04 14:27:00,815 [ccbd6c79-39e6-4e91-99a9-9b6c204b47e9@group-D94A52AB4096-LeaderElection30] INFO  server.RaftServerConfigKeys (ConfUtils.java:logFallback(53)) - raft.server.rpc.first-election.timeout.max = 5200ms (fallback to raft.server.rpc.timeout.max)
2024-05-04 14:27:00,815 [ccbd6c79-39e6-4e91-99a9-9b6c204b47e9@group-D94A52AB4096-LeaderElection30] INFO  impl.LeaderElection (LogUtils.java:infoOrTrace(136)) - ccbd6c79-39e6-4e91-99a9-9b6c204b47e9@group-D94A52AB4096-LeaderElection30 got exception when requesting votes: java.util.concurrent.ExecutionException: org.apache.ratis.thirdparty.io.grpc.StatusRuntimeException: UNAVAILABLE: io exception
2024-05-04 14:27:00,816 [grpc-default-executor-1] INFO  server.RaftServer$Division (RaftServerImpl.java:requestVote(1389)) - 8808acf2-b901-482b-9182-8feecfa28384@group-D94A52AB4096: receive requestVote(ELECTION, ccbd6c79-39e6-4e91-99a9-9b6c204b47e9, group-D94A52AB4096, 1, (t:0, i:0))
2024-05-04 14:27:00,816 [grpc-default-executor-1] INFO  impl.VoteContext (VoteContext.java:log(49)) - 8808acf2-b901-482b-9182-8feecfa28384@group-D94A52AB4096-FOLLOWER: accept ELECTION from ccbd6c79-39e6-4e91-99a9-9b6c204b47e9: our priority 0 <= candidate's priority 1
2024-05-04 14:27:00,816 [grpc-default-executor-1] INFO  server.RaftServer$Division (RaftServerImpl.java:setRole(383)) - 8808acf2-b901-482b-9182-8feecfa28384@group-D94A52AB4096: changes role from  FOLLOWER to FOLLOWER at term 1 for candidate:ccbd6c79-39e6-4e91-99a9-9b6c204b47e9
2024-05-04 14:27:00,816 [grpc-default-executor-1] INFO  impl.RoleInfo (RoleInfo.java:shutdownFollowerState(110)) - 8808acf2-b901-482b-9182-8feecfa28384: shutdown 8808acf2-b901-482b-9182-8feecfa28384@group-D94A52AB4096-FollowerState
2024-05-04 14:27:00,816 [grpc-default-executor-1] INFO  impl.RoleInfo (RoleInfo.java:updateAndGet(139)) - 8808acf2-b901-482b-9182-8feecfa28384: start 8808acf2-b901-482b-9182-8feecfa28384@group-D94A52AB4096-FollowerState
2024-05-04 14:27:00,816 [8808acf2-b901-482b-9182-8feecfa28384@group-D94A52AB4096-FollowerState] INFO  impl.FollowerState (FollowerState.java:run(152)) - 8808acf2-b901-482b-9182-8feecfa28384@group-D94A52AB4096-FollowerState was interrupted
2024-05-04 14:27:00,817 [grpc-default-executor-1] INFO  server.RaftServer$Division (RaftServerImpl.java:requestVote(1422)) - 8808acf2-b901-482b-9182-8feecfa28384@group-D94A52AB4096 replies to ELECTION vote request: ccbd6c79-39e6-4e91-99a9-9b6c204b47e9<-8808acf2-b901-482b-9182-8feecfa28384#0:OK-t1. Peer's state: 8808acf2-b901-482b-9182-8feecfa28384@group-D94A52AB4096:t1, leader=null, voted=ccbd6c79-39e6-4e91-99a9-9b6c204b47e9, raftlog=Memoized:8808acf2-b901-482b-9182-8feecfa28384@group-D94A52AB4096-SegmentedRaftLog:OPENED:c-1, conf=-1: peers:[8808acf2-b901-482b-9182-8feecfa28384|127.0.0.1:15085, ccbd6c79-39e6-4e91-99a9-9b6c204b47e9|127.0.0.1:15094, 83059998-de51-48d1-9818-e6afe7fa3b6f|127.0.0.1:15067]|listeners:[], old=null
2024-05-04 14:27:00,817 [ccbd6c79-39e6-4e91-99a9-9b6c204b47e9@group-D94A52AB4096-LeaderElection30] INFO  impl.LeaderElection (LeaderElection.java:logAndReturn(89)) - ccbd6c79-39e6-4e91-99a9-9b6c204b47e9@group-D94A52AB4096-LeaderElection30: ELECTION PASSED received 1 response(s) and 1 exception(s):
2024-05-04 14:27:00,817 [ccbd6c79-39e6-4e91-99a9-9b6c204b47e9@group-D94A52AB4096-LeaderElection30] INFO  impl.LeaderElection (LeaderElection.java:logAndReturn(93)) -   Response 0: ccbd6c79-39e6-4e91-99a9-9b6c204b47e9<-8808acf2-b901-482b-9182-8feecfa28384#0:OK-t1
2024-05-04 14:27:00,817 [ccbd6c79-39e6-4e91-99a9-9b6c204b47e9@group-D94A52AB4096-LeaderElection30] INFO  impl.LeaderElection (LogUtils.java:infoOrTrace(136)) -   Exception 1: java.util.concurrent.ExecutionException: org.apache.ratis.thirdparty.io.grpc.StatusRuntimeException: UNAVAILABLE: io exception
2024-05-04 14:27:00,817 [ccbd6c79-39e6-4e91-99a9-9b6c204b47e9@group-D94A52AB4096-LeaderElection30] INFO  impl.LeaderElection (LeaderElection.java:askForVotes(323)) - ccbd6c79-39e6-4e91-99a9-9b6c204b47e9@group-D94A52AB4096-LeaderElection30 ELECTION round 0: result PASSED
2024-05-04 14:27:00,818 [ccbd6c79-39e6-4e91-99a9-9b6c204b47e9@group-D94A52AB4096-LeaderElection30] INFO  impl.RoleInfo (RoleInfo.java:shutdownLeaderElection(130)) - ccbd6c79-39e6-4e91-99a9-9b6c204b47e9: shutdown ccbd6c79-39e6-4e91-99a9-9b6c204b47e9@group-D94A52AB4096-LeaderElection30
2024-05-04 14:27:00,818 [ccbd6c79-39e6-4e91-99a9-9b6c204b47e9@group-D94A52AB4096-LeaderElection30] INFO  server.RaftServer$Division (RaftServerImpl.java:setRole(383)) - ccbd6c79-39e6-4e91-99a9-9b6c204b47e9@group-D94A52AB4096: changes role from CANDIDATE to LEADER at term 1 for changeToLeader
2024-05-04 14:27:00,818 [ccbd6c79-39e6-4e91-99a9-9b6c204b47e9@group-D94A52AB4096-LeaderElection30] INFO  server.RaftServerConfigKeys (ConfUtils.java:logGet(46)) - raft.server.staging.catchup.gap = 1000 (default)
2024-05-04 14:27:00,818 [ccbd6c79-39e6-4e91-99a9-9b6c204b47e9@group-D94A52AB4096-LeaderElection30] INFO  server.RaftServerConfigKeys (ConfUtils.java:logGet(46)) - raft.server.write.element-limit = 1024 (custom)
2024-05-04 14:27:00,818 [ccbd6c79-39e6-4e91-99a9-9b6c204b47e9@group-D94A52AB4096-LeaderElection30] INFO  server.RaftServerConfigKeys (ConfUtils.java:logGet(46)) - raft.server.write.byte-limit = 1024 M (=1073741824) (custom)
2024-05-04 14:27:00,818 [ccbd6c79-39e6-4e91-99a9-9b6c204b47e9@group-D94A52AB4096-LeaderElection30] INFO  server.RaftServerConfigKeys (ConfUtils.java:logGet(46)) - raft.server.watch.timeout = 3000ms (custom)
2024-05-04 14:27:00,818 [ccbd6c79-39e6-4e91-99a9-9b6c204b47e9@group-D94A52AB4096-LeaderElection30] INFO  server.RaftServerConfigKeys (ConfUtils.java:logGet(46)) - raft.server.watch.timeout.denomination = 1s (default)
2024-05-04 14:27:00,818 [ccbd6c79-39e6-4e91-99a9-9b6c204b47e9@group-D94A52AB4096-LeaderElection30] INFO  server.RaftServerConfigKeys (ConfUtils.java:logGet(46)) - raft.server.watch.element-limit = 65536 (default)
2024-05-04 14:27:00,818 [ccbd6c79-39e6-4e91-99a9-9b6c204b47e9@group-D94A52AB4096-LeaderElection30] INFO  server.RaftServerConfigKeys (ConfUtils.java:logGet(46)) - raft.server.read.leader.lease.enabled = false (default)
2024-05-04 14:27:00,818 [ccbd6c79-39e6-4e91-99a9-9b6c204b47e9@group-D94A52AB4096-LeaderElection30] INFO  server.RaftServerConfigKeys (ConfUtils.java:logGet(46)) - raft.server.read.leader.lease.timeout.ratio = 0.9 (default)
2024-05-04 14:27:00,819 [ccbd6c79-39e6-4e91-99a9-9b6c204b47e9@group-D94A52AB4096-LeaderElection30] INFO  server.RaftServerConfigKeys (ConfUtils.java:logGet(46)) - raft.server.rpc.timeout.min = 5s (custom)
2024-05-04 14:27:00,819 [ccbd6c79-39e6-4e91-99a9-9b6c204b47e9@group-D94A52AB4096-LeaderElection30] INFO  server.RaftServerConfigKeys (ConfUtils.java:logGet(46)) - raft.server.write.element-limit = 1024 (custom)
2024-05-04 14:27:00,819 [ccbd6c79-39e6-4e91-99a9-9b6c204b47e9@group-D94A52AB4096-LeaderElection30] INFO  server.RaftServerConfigKeys (ConfUtils.java:logGet(46)) - raft.server.write.follower.gap.ratio.max = -1.0 (default)
2024-05-04 14:27:00,819 [ccbd6c79-39e6-4e91-99a9-9b6c204b47e9@group-D94A52AB4096-LeaderElection30] INFO  server.RaftServerConfigKeys (ConfUtils.java:logGet(46)) - raft.server.log.appender.snapshot.chunk.size.max = 16MB (=16777216) (default)
2024-05-04 14:27:00,819 [ccbd6c79-39e6-4e91-99a9-9b6c204b47e9@group-D94A52AB4096-LeaderElection30] INFO  server.RaftServerConfigKeys (ConfUtils.java:logGet(46)) - raft.server.log.appender.buffer.byte-limit = 8388608 (custom)
2024-05-04 14:27:00,819 [ccbd6c79-39e6-4e91-99a9-9b6c204b47e9@group-D94A52AB4096-LeaderElection30] INFO  server.RaftServerConfigKeys (ConfUtils.java:logGet(46)) - raft.server.log.appender.buffer.element-limit = 1 (custom)
2024-05-04 14:27:00,819 [ccbd6c79-39e6-4e91-99a9-9b6c204b47e9@group-D94A52AB4096-LeaderElection30] INFO  server.RaftServerConfigKeys (ConfUtils.java:logGet(46)) - raft.server.log.appender.wait-time.min = 0ms (custom)
2024-05-04 14:27:00,819 [ccbd6c79-39e6-4e91-99a9-9b6c204b47e9@group-D94A52AB4096-LeaderElection30] INFO  grpc.GrpcConfigKeys (ConfUtils.java:logGet(46)) - raft.grpc.server.leader.outstanding.appends.max = 8 (default)
2024-05-04 14:27:00,819 [ccbd6c79-39e6-4e91-99a9-9b6c204b47e9@group-D94A52AB4096-LeaderElection30] INFO  server.RaftServerConfigKeys (ConfUtils.java:logGet(46)) - raft.server.rpc.request.timeout = 3000ms (default)
2024-05-04 14:27:00,819 [ccbd6c79-39e6-4e91-99a9-9b6c204b47e9@group-D94A52AB4096-LeaderElection30] INFO  grpc.GrpcConfigKeys (ConfUtils.java:logGet(46)) - raft.grpc.server.install_snapshot.request.element-limit = 8 (default)
2024-05-04 14:27:00,819 [ccbd6c79-39e6-4e91-99a9-9b6c204b47e9@group-D94A52AB4096-LeaderElection30] INFO  grpc.GrpcConfigKeys (ConfUtils.java:logGet(46)) - raft.grpc.server.install_snapshot.request.timeout = 3000ms (default)
2024-05-04 14:27:00,820 [ccbd6c79-39e6-4e91-99a9-9b6c204b47e9@group-D94A52AB4096-LeaderElection30] INFO  grpc.GrpcConfigKeys (ConfUtils.java:logGet(46)) - raft.grpc.server.log-message.batch.duration = 5s (default)
2024-05-04 14:27:00,820 [ccbd6c79-39e6-4e91-99a9-9b6c204b47e9@group-D94A52AB4096-LeaderElection30] INFO  server.RaftServerConfigKeys (ConfUtils.java:logGet(46)) - raft.server.log.appender.install.snapshot.enabled = false (custom)
2024-05-04 14:27:00,820 [ccbd6c79-39e6-4e91-99a9-9b6c204b47e9@group-D94A52AB4096-LeaderElection30] INFO  grpc.GrpcConfigKeys (ConfUtils.java:logGet(46)) - raft.grpc.server.heartbeat.channel = true (default)
2024-05-04 14:27:00,820 [ccbd6c79-39e6-4e91-99a9-9b6c204b47e9@group-D94A52AB4096-LeaderElection30] INFO  server.RaftServerConfigKeys (ConfUtils.java:logGet(46)) - raft.server.log.appender.snapshot.chunk.size.max = 16MB (=16777216) (default)
2024-05-04 14:27:00,820 [ccbd6c79-39e6-4e91-99a9-9b6c204b47e9@group-D94A52AB4096-LeaderElection30] INFO  server.RaftServerConfigKeys (ConfUtils.java:logGet(46)) - raft.server.log.appender.buffer.byte-limit = 8388608 (custom)
2024-05-04 14:27:00,820 [ccbd6c79-39e6-4e91-99a9-9b6c204b47e9@group-D94A52AB4096-LeaderElection30] INFO  server.RaftServerConfigKeys (ConfUtils.java:logGet(46)) - raft.server.log.appender.buffer.element-limit = 1 (custom)
2024-05-04 14:27:00,820 [ccbd6c79-39e6-4e91-99a9-9b6c204b47e9@group-D94A52AB4096-LeaderElection30] INFO  server.RaftServerConfigKeys (ConfUtils.java:logGet(46)) - raft.server.log.appender.wait-time.min = 0ms (custom)
2024-05-04 14:27:00,820 [ccbd6c79-39e6-4e91-99a9-9b6c204b47e9@group-D94A52AB4096-LeaderElection30] INFO  grpc.GrpcConfigKeys (ConfUtils.java:logGet(46)) - raft.grpc.server.leader.outstanding.appends.max = 8 (default)
2024-05-04 14:27:00,820 [ccbd6c79-39e6-4e91-99a9-9b6c204b47e9@group-D94A52AB4096-LeaderElection30] INFO  server.RaftServerConfigKeys (ConfUtils.java:logGet(46)) - raft.server.rpc.request.timeout = 3000ms (default)
2024-05-04 14:27:00,821 [ccbd6c79-39e6-4e91-99a9-9b6c204b47e9@group-D94A52AB4096-LeaderElection30] INFO  grpc.GrpcConfigKeys (ConfUtils.java:logGet(46)) - raft.grpc.server.install_snapshot.request.element-limit = 8 (default)
2024-05-04 14:27:00,821 [ccbd6c79-39e6-4e91-99a9-9b6c204b47e9@group-D94A52AB4096-LeaderElection30] INFO  grpc.GrpcConfigKeys (ConfUtils.java:logGet(46)) - raft.grpc.server.install_snapshot.request.timeout = 3000ms (default)
2024-05-04 14:27:00,821 [ccbd6c79-39e6-4e91-99a9-9b6c204b47e9@group-D94A52AB4096-LeaderElection30] INFO  grpc.GrpcConfigKeys (ConfUtils.java:logGet(46)) - raft.grpc.server.log-message.batch.duration = 5s (default)
2024-05-04 14:27:00,821 [ccbd6c79-39e6-4e91-99a9-9b6c204b47e9@group-D94A52AB4096-LeaderElection30] INFO  server.RaftServerConfigKeys (ConfUtils.java:logGet(46)) - raft.server.log.appender.install.snapshot.enabled = false (custom)
2024-05-04 14:27:00,821 [ccbd6c79-39e6-4e91-99a9-9b6c204b47e9@group-D94A52AB4096-LeaderElection30] INFO  grpc.GrpcConfigKeys (ConfUtils.java:logGet(46)) - raft.grpc.server.heartbeat.channel = true (default)
2024-05-04 14:27:00,821 [ccbd6c79-39e6-4e91-99a9-9b6c204b47e9@group-D94A52AB4096-LeaderElection30] INFO  impl.RoleInfo (RoleInfo.java:updateAndGet(139)) - ccbd6c79-39e6-4e91-99a9-9b6c204b47e9: start ccbd6c79-39e6-4e91-99a9-9b6c204b47e9@group-D94A52AB4096-LeaderStateImpl
2024-05-04 14:27:00,821 [ccbd6c79-39e6-4e91-99a9-9b6c204b47e9@group-D94A52AB4096-LeaderElection30] INFO  server.RaftServer$Division (RaftServerImpl.java:setFirstElection(574)) - ccbd6c79-39e6-4e91-99a9-9b6c204b47e9@group-D94A52AB4096: set firstElectionSinceStartup to false for becomeLeader
2024-05-04 14:27:00,821 [ccbd6c79-39e6-4e91-99a9-9b6c204b47e9@group-D94A52AB4096-LeaderElection30] INFO  ratis.XceiverServerRatis (XceiverServerRatis.java:handleLeaderChangedNotification(966)) - Leader change notification received for group: group-D94A52AB4096 with new leaderId: ccbd6c79-39e6-4e91-99a9-9b6c204b47e9
2024-05-04 14:27:00,822 [ccbd6c79-39e6-4e91-99a9-9b6c204b47e9@group-D94A52AB4096-LeaderElection30] INFO  server.RaftServer$Division (ServerState.java:setLeader(269)) - ccbd6c79-39e6-4e91-99a9-9b6c204b47e9@group-D94A52AB4096: change Leader from null to ccbd6c79-39e6-4e91-99a9-9b6c204b47e9 at term 1 for becomeLeader, leader elected after 5185ms
2024-05-04 14:27:00,822 [ccbd6c79-39e6-4e91-99a9-9b6c204b47e9@group-D94A52AB4096-LeaderElection30] INFO  segmented.SegmentedRaftLogWorker (SegmentedRaftLogWorker.java:startLogSegment(430)) - ccbd6c79-39e6-4e91-99a9-9b6c204b47e9@group-D94A52AB4096-SegmentedRaftLogWorker: Starting segment from index:0
2024-05-04 14:27:00,823 [ccbd6c79-39e6-4e91-99a9-9b6c204b47e9@group-D94A52AB4096-SegmentedRaftLogWorker] INFO  segmented.BufferedWriteChannel (BufferedWriteChannel.java:open(62)) - open log_inprogress_0 at position 0
2024-05-04 14:27:00,825 [ccbd6c79-39e6-4e91-99a9-9b6c204b47e9@group-D94A52AB4096-LeaderElection30] INFO  server.RaftServer$Division (ServerState.java:setRaftConf(386)) - ccbd6c79-39e6-4e91-99a9-9b6c204b47e9@group-D94A52AB4096: set configuration 0: peers:[8808acf2-b901-482b-9182-8feecfa28384|127.0.0.1:15085, ccbd6c79-39e6-4e91-99a9-9b6c204b47e9|127.0.0.1:15094, 83059998-de51-48d1-9818-e6afe7fa3b6f|127.0.0.1:15067]|listeners:[], old=null
2024-05-04 14:27:00,828 [grpc-default-executor-4] WARN  server.GrpcLogAppender (LogUtils.java:warn(121)) - ccbd6c79-39e6-4e91-99a9-9b6c204b47e9@group-D94A52AB4096->83059998-de51-48d1-9818-e6afe7fa3b6f-AppendLogResponseHandler: Failed appendEntries: org.apache.ratis.thirdparty.io.grpc.StatusRuntimeException: UNAVAILABLE: io exception
2024-05-04 14:27:00,829 [grpc-default-executor-4] WARN  server.GrpcLogAppender (GrpcLogAppender.java:lambda$resetClient$1(217)) - ccbd6c79-39e6-4e91-99a9-9b6c204b47e9@group-D94A52AB4096->83059998-de51-48d1-9818-e6afe7fa3b6f-GrpcLogAppender: Follower failed (request=null, errorCount=1); keep nextIndex (0) unchanged and retry.
2024-05-04 14:27:00,831 [grpc-default-executor-4] WARN  server.GrpcLogAppender (GrpcLogAppender.java:lambda$resetClient$1(217)) - ccbd6c79-39e6-4e91-99a9-9b6c204b47e9@group-D94A52AB4096->83059998-de51-48d1-9818-e6afe7fa3b6f-GrpcLogAppender: Follower failed (request=null, errorCount=2); keep nextIndex (1) unchanged and retry.
2024-05-04 14:27:00,833 [ccbd6c79-39e6-4e91-99a9-9b6c204b47e9@group-D94A52AB4096-SegmentedRaftLogWorker] INFO  segmented.SegmentedRaftLogWorker (SegmentedRaftLogWorker.java:execute(634)) - ccbd6c79-39e6-4e91-99a9-9b6c204b47e9@group-D94A52AB4096-SegmentedRaftLogWorker: created new log segment /home/runner/work/ozone/ozone/hadoop-ozone/integration-test/target/test-dir/MiniOzoneClusterImpl-7c905145-d891-4b2f-be71-50eb4aa8551e/ozone-meta/datanode-4/ratis/2797b6a5-e765-4cb6-9c47-d94a52ab4096/current/log_inprogress_0
2024-05-04 14:27:00,835 [8808acf2-b901-482b-9182-8feecfa28384-server-thread1] INFO  ratis.XceiverServerRatis (XceiverServerRatis.java:handleLeaderChangedNotification(966)) - Leader change notification received for group: group-D94A52AB4096 with new leaderId: ccbd6c79-39e6-4e91-99a9-9b6c204b47e9
2024-05-04 14:27:00,835 [8808acf2-b901-482b-9182-8feecfa28384-server-thread1] INFO  server.RaftServer$Division (ServerState.java:setLeader(269)) - 8808acf2-b901-482b-9182-8feecfa28384@group-D94A52AB4096: change Leader from null to ccbd6c79-39e6-4e91-99a9-9b6c204b47e9 at term 1 for appendEntries, leader elected after 5220ms
2024-05-04 14:27:00,836 [8808acf2-b901-482b-9182-8feecfa28384-server-thread2] INFO  server.RaftServer$Division (ServerState.java:setRaftConf(386)) - 8808acf2-b901-482b-9182-8feecfa28384@group-D94A52AB4096: set configuration 0: peers:[8808acf2-b901-482b-9182-8feecfa28384|127.0.0.1:15085, ccbd6c79-39e6-4e91-99a9-9b6c204b47e9|127.0.0.1:15094, 83059998-de51-48d1-9818-e6afe7fa3b6f|127.0.0.1:15067]|listeners:[], old=null
2024-05-04 14:27:00,836 [8808acf2-b901-482b-9182-8feecfa28384-server-thread2] INFO  segmented.SegmentedRaftLogWorker (SegmentedRaftLogWorker.java:startLogSegment(430)) - 8808acf2-b901-482b-9182-8feecfa28384@group-D94A52AB4096-SegmentedRaftLogWorker: Starting segment from index:0
2024-05-04 14:27:00,836 [8808acf2-b901-482b-9182-8feecfa28384@group-D94A52AB4096-SegmentedRaftLogWorker] INFO  segmented.BufferedWriteChannel (BufferedWriteChannel.java:open(62)) - open log_inprogress_0 at position 0
2024-05-04 14:27:00,843 [8808acf2-b901-482b-9182-8feecfa28384@group-D94A52AB4096-SegmentedRaftLogWorker] INFO  segmented.SegmentedRaftLogWorker (SegmentedRaftLogWorker.java:execute(634)) - 8808acf2-b901-482b-9182-8feecfa28384@group-D94A52AB4096-SegmentedRaftLogWorker: created new log segment /home/runner/work/ozone/ozone/hadoop-ozone/integration-test/target/test-dir/MiniOzoneClusterImpl-7c905145-d891-4b2f-be71-50eb4aa8551e/ozone-meta/datanode-3/ratis/2797b6a5-e765-4cb6-9c47-d94a52ab4096/current/log_inprogress_0
2024-05-04 14:27:00,851 [ccbd6c79-39e6-4e91-99a9-9b6c204b47e9@group-D94A52AB4096-StateMachineUpdater] INFO  server.RaftServer$Division (LeaderStateImpl.java:isApplied(320)) - leader is ready since appliedIndex == 0 >= startIndex == 0
2024-05-04 14:27:01,430 [timer7] WARN  server.GrpcLogAppender (LogUtils.java:warn(121)) - 8808acf2-b901-482b-9182-8feecfa28384@group-D5ED0AA30690->83059998-de51-48d1-9818-e6afe7fa3b6f-AppendLogResponseHandler: Failed appendEntries (Repeated 4 times in the last 5.000s): org.apache.ratis.thirdparty.io.grpc.StatusRuntimeException: UNAVAILABLE: io exception
2024-05-04 14:27:01,818 [8808acf2-b901-482b-9182-8feecfa28384@group-6025E5D5C1B1-FollowerState] INFO  impl.FollowerState (FollowerState.java:run(143)) - 8808acf2-b901-482b-9182-8feecfa28384@group-6025E5D5C1B1-FollowerState: change to CANDIDATE, lastRpcElapsedTime:5118253596ns, electionTimeout:5118ms
2024-05-04 14:27:01,818 [8808acf2-b901-482b-9182-8feecfa28384@group-6025E5D5C1B1-FollowerState] INFO  impl.RoleInfo (RoleInfo.java:shutdownFollowerState(110)) - 8808acf2-b901-482b-9182-8feecfa28384: shutdown 8808acf2-b901-482b-9182-8feecfa28384@group-6025E5D5C1B1-FollowerState
2024-05-04 14:27:01,818 [8808acf2-b901-482b-9182-8feecfa28384@group-6025E5D5C1B1-FollowerState] INFO  server.RaftServer$Division (RaftServerImpl.java:setRole(383)) - 8808acf2-b901-482b-9182-8feecfa28384@group-6025E5D5C1B1: changes role from  FOLLOWER to CANDIDATE at term 1 for changeToCandidate
2024-05-04 14:27:01,819 [8808acf2-b901-482b-9182-8feecfa28384@group-6025E5D5C1B1-FollowerState] INFO  server.RaftServerConfigKeys (ConfUtils.java:logGet(46)) - raft.server.leaderelection.pre-vote = true (default)
2024-05-04 14:27:01,819 [8808acf2-b901-482b-9182-8feecfa28384@group-6025E5D5C1B1-FollowerState] INFO  impl.RoleInfo (RoleInfo.java:updateAndGet(139)) - 8808acf2-b901-482b-9182-8feecfa28384: start 8808acf2-b901-482b-9182-8feecfa28384@group-6025E5D5C1B1-LeaderElection31
2024-05-04 14:27:01,819 [8808acf2-b901-482b-9182-8feecfa28384@group-6025E5D5C1B1-LeaderElection31] INFO  impl.LeaderElection (LeaderElection.java:askForVotes(321)) - 8808acf2-b901-482b-9182-8feecfa28384@group-6025E5D5C1B1-LeaderElection31 PRE_VOTE round 0: submit vote requests at term 1 for 0: peers:[8808acf2-b901-482b-9182-8feecfa28384|127.0.0.1:15085, 9ec74834-1541-452c-921b-2d323393210f|127.0.0.1:15076, 83059998-de51-48d1-9818-e6afe7fa3b6f|127.0.0.1:15067]|listeners:[], old=null
2024-05-04 14:27:01,819 [8808acf2-b901-482b-9182-8feecfa28384@group-6025E5D5C1B1-LeaderElection31] INFO  impl.LeaderElection (LogUtils.java:infoOrTrace(136)) - 8808acf2-b901-482b-9182-8feecfa28384@group-6025E5D5C1B1-LeaderElection31 got exception when requesting votes: java.util.concurrent.ExecutionException: org.apache.ratis.thirdparty.io.grpc.StatusRuntimeException: UNAVAILABLE: io exception
2024-05-04 14:27:01,819 [8808acf2-b901-482b-9182-8feecfa28384@group-6025E5D5C1B1-LeaderElection31] INFO  impl.LeaderElection (LogUtils.java:infoOrTrace(136)) - 8808acf2-b901-482b-9182-8feecfa28384@group-6025E5D5C1B1-LeaderElection31 got exception when requesting votes: java.util.concurrent.ExecutionException: org.apache.ratis.thirdparty.io.grpc.StatusRuntimeException: UNAVAILABLE: io exception
2024-05-04 14:27:01,820 [8808acf2-b901-482b-9182-8feecfa28384@group-6025E5D5C1B1-LeaderElection31] INFO  impl.LeaderElection (LeaderElection.java:logAndReturn(89)) - 8808acf2-b901-482b-9182-8feecfa28384@group-6025E5D5C1B1-LeaderElection31: PRE_VOTE REJECTED received 0 response(s) and 2 exception(s):
2024-05-04 14:27:01,820 [8808acf2-b901-482b-9182-8feecfa28384@group-6025E5D5C1B1-LeaderElection31] INFO  impl.LeaderElection (LogUtils.java:infoOrTrace(136)) -   Exception 0: java.util.concurrent.ExecutionException: org.apache.ratis.thirdparty.io.grpc.StatusRuntimeException: UNAVAILABLE: io exception
2024-05-04 14:27:01,820 [8808acf2-b901-482b-9182-8feecfa28384@group-6025E5D5C1B1-LeaderElection31] INFO  impl.LeaderElection (LogUtils.java:infoOrTrace(136)) -   Exception 1: java.util.concurrent.ExecutionException: org.apache.ratis.thirdparty.io.grpc.StatusRuntimeException: UNAVAILABLE: io exception
2024-05-04 14:27:01,820 [8808acf2-b901-482b-9182-8feecfa28384@group-6025E5D5C1B1-LeaderElection31] INFO  impl.LeaderElection (LeaderElection.java:askForVotes(323)) - 8808acf2-b901-482b-9182-8feecfa28384@group-6025E5D5C1B1-LeaderElection31 PRE_VOTE round 0: result REJECTED
2024-05-04 14:27:01,820 [8808acf2-b901-482b-9182-8feecfa28384@group-6025E5D5C1B1-LeaderElection31] INFO  server.RaftServer$Division (RaftServerImpl.java:setRole(383)) - 8808acf2-b901-482b-9182-8feecfa28384@group-6025E5D5C1B1: changes role from CANDIDATE to FOLLOWER at term 1 for REJECTED
2024-05-04 14:27:01,820 [8808acf2-b901-482b-9182-8feecfa28384@group-6025E5D5C1B1-LeaderElection31] INFO  impl.RoleInfo (RoleInfo.java:shutdownLeaderElection(130)) - 8808acf2-b901-482b-9182-8feecfa28384: shutdown 8808acf2-b901-482b-9182-8feecfa28384@group-6025E5D5C1B1-LeaderElection31
2024-05-04 14:27:01,820 [8808acf2-b901-482b-9182-8feecfa28384@group-6025E5D5C1B1-LeaderElection31] INFO  impl.RoleInfo (RoleInfo.java:updateAndGet(139)) - 8808acf2-b901-482b-9182-8feecfa28384: start 8808acf2-b901-482b-9182-8feecfa28384@group-6025E5D5C1B1-FollowerState
2024-05-04 14:27:02,053 [8808acf2-b901-482b-9182-8feecfa28384@group-C3DAD7AF45B8-FollowerState] INFO  impl.FollowerState (FollowerState.java:run(143)) - 8808acf2-b901-482b-9182-8feecfa28384@group-C3DAD7AF45B8-FollowerState: change to CANDIDATE, lastRpcElapsedTime:5137295892ns, electionTimeout:5137ms
2024-05-04 14:27:02,053 [8808acf2-b901-482b-9182-8feecfa28384@group-C3DAD7AF45B8-FollowerState] INFO  impl.RoleInfo (RoleInfo.java:shutdownFollowerState(110)) - 8808acf2-b901-482b-9182-8feecfa28384: shutdown 8808acf2-b901-482b-9182-8feecfa28384@group-C3DAD7AF45B8-FollowerState
2024-05-04 14:27:02,053 [8808acf2-b901-482b-9182-8feecfa28384@group-C3DAD7AF45B8-FollowerState] INFO  server.RaftServer$Division (RaftServerImpl.java:setRole(383)) - 8808acf2-b901-482b-9182-8feecfa28384@group-C3DAD7AF45B8: changes role from  FOLLOWER to CANDIDATE at term 1 for changeToCandidate
2024-05-04 14:27:02,053 [8808acf2-b901-482b-9182-8feecfa28384@group-C3DAD7AF45B8-FollowerState] INFO  server.RaftServerConfigKeys (ConfUtils.java:logGet(46)) - raft.server.leaderelection.pre-vote = true (default)
2024-05-04 14:27:02,053 [8808acf2-b901-482b-9182-8feecfa28384@group-C3DAD7AF45B8-FollowerState] INFO  impl.RoleInfo (RoleInfo.java:updateAndGet(139)) - 8808acf2-b901-482b-9182-8feecfa28384: start 8808acf2-b901-482b-9182-8feecfa28384@group-C3DAD7AF45B8-LeaderElection32
2024-05-04 14:27:02,054 [8808acf2-b901-482b-9182-8feecfa28384@group-C3DAD7AF45B8-LeaderElection32] INFO  impl.LeaderElection (LeaderElection.java:askForVotes(321)) - 8808acf2-b901-482b-9182-8feecfa28384@group-C3DAD7AF45B8-LeaderElection32 PRE_VOTE round 0: submit vote requests at term 1 for 0: peers:[8808acf2-b901-482b-9182-8feecfa28384|127.0.0.1:15085, 9ec74834-1541-452c-921b-2d323393210f|127.0.0.1:15076, 83059998-de51-48d1-9818-e6afe7fa3b6f|127.0.0.1:15067]|listeners:[], old=null
2024-05-04 14:27:02,054 [8808acf2-b901-482b-9182-8feecfa28384@group-C3DAD7AF45B8-LeaderElection32] INFO  impl.LeaderElection (LogUtils.java:infoOrTrace(136)) - 8808acf2-b901-482b-9182-8feecfa28384@group-C3DAD7AF45B8-LeaderElection32 got exception when requesting votes: java.util.concurrent.ExecutionException: org.apache.ratis.thirdparty.io.grpc.StatusRuntimeException: UNAVAILABLE: io exception
2024-05-04 14:27:02,054 [8808acf2-b901-482b-9182-8feecfa28384@group-C3DAD7AF45B8-LeaderElection32] INFO  impl.LeaderElection (LogUtils.java:infoOrTrace(136)) - 8808acf2-b901-482b-9182-8feecfa28384@group-C3DAD7AF45B8-LeaderElection32 got exception when requesting votes: java.util.concurrent.ExecutionException: org.apache.ratis.thirdparty.io.grpc.StatusRuntimeException: UNAVAILABLE: io exception
2024-05-04 14:27:02,054 [8808acf2-b901-482b-9182-8feecfa28384@group-C3DAD7AF45B8-LeaderElection32] INFO  impl.LeaderElection (LeaderElection.java:logAndReturn(89)) - 8808acf2-b901-482b-9182-8feecfa28384@group-C3DAD7AF45B8-LeaderElection32: PRE_VOTE REJECTED received 0 response(s) and 2 exception(s):
2024-05-04 14:27:02,054 [8808acf2-b901-482b-9182-8feecfa28384@group-C3DAD7AF45B8-LeaderElection32] INFO  impl.LeaderElection (LogUtils.java:infoOrTrace(136)) -   Exception 0: java.util.concurrent.ExecutionException: org.apache.ratis.thirdparty.io.grpc.StatusRuntimeException: UNAVAILABLE: io exception
2024-05-04 14:27:02,054 [8808acf2-b901-482b-9182-8feecfa28384@group-C3DAD7AF45B8-LeaderElection32] INFO  impl.LeaderElection (LogUtils.java:infoOrTrace(136)) -   Exception 1: java.util.concurrent.ExecutionException: org.apache.ratis.thirdparty.io.grpc.StatusRuntimeException: UNAVAILABLE: io exception
2024-05-04 14:27:02,054 [8808acf2-b901-482b-9182-8feecfa28384@group-C3DAD7AF45B8-LeaderElection32] INFO  impl.LeaderElection (LeaderElection.java:askForVotes(323)) - 8808acf2-b901-482b-9182-8feecfa28384@group-C3DAD7AF45B8-LeaderElection32 PRE_VOTE round 0: result REJECTED
2024-05-04 14:27:02,055 [8808acf2-b901-482b-9182-8feecfa28384@group-C3DAD7AF45B8-LeaderElection32] INFO  server.RaftServer$Division (RaftServerImpl.java:setRole(383)) - 8808acf2-b901-482b-9182-8feecfa28384@group-C3DAD7AF45B8: changes role from CANDIDATE to FOLLOWER at term 1 for REJECTED
2024-05-04 14:27:02,055 [8808acf2-b901-482b-9182-8feecfa28384@group-C3DAD7AF45B8-LeaderElection32] INFO  impl.RoleInfo (RoleInfo.java:shutdownLeaderElection(130)) - 8808acf2-b901-482b-9182-8feecfa28384: shutdown 8808acf2-b901-482b-9182-8feecfa28384@group-C3DAD7AF45B8-LeaderElection32
2024-05-04 14:27:02,055 [8808acf2-b901-482b-9182-8feecfa28384@group-C3DAD7AF45B8-LeaderElection32] INFO  impl.RoleInfo (RoleInfo.java:updateAndGet(139)) - 8808acf2-b901-482b-9182-8feecfa28384: start 8808acf2-b901-482b-9182-8feecfa28384@group-C3DAD7AF45B8-FollowerState
2024-05-04 14:27:02,607 [ccbd6c79-39e6-4e91-99a9-9b6c204b47e9-PipelineCommandHandlerThread-0] WARN  commandhandler.CreatePipelineCommandHandler (CreatePipelineCommandHandler.java:lambda$handle$1(121)) - Add group failed for 83059998-de51-48d1-9818-e6afe7fa3b6f(localhost/127.0.0.1)
java.io.InterruptedIOException: retry policy=RequestTypeDependentRetryPolicy{WRITE->ExceptionDependentRetry(maxAttempts=2147483647; defaultPolicy=MultipleLinearRandomRetry[5x5s, 5x10s, 5x15s, 5x20s, 5x25s, 10x60s]; map={org.apache.ratis.protocol.exceptions.GroupMismatchException->NoRetry, org.apache.ratis.protocol.exceptions.NotReplicatedException->NoRetry, org.apache.ratis.protocol.exceptions.ResourceUnavailableException->org.apache.ratis.retry.ExponentialBackoffRetry@630b81ab, org.apache.ratis.protocol.exceptions.StateMachineException->NoRetry, org.apache.ratis.protocol.exceptions.TimeoutIOException->org.apache.ratis.retry.ExponentialBackoffRetry@630b81ab}), WATCH->ExceptionDependentRetry(maxAttempts=2147483647; defaultPolicy=MultipleLinearRandomRetry[5x5s, 5x10s, 5x15s, 5x20s, 5x25s, 10x60s]; map={org.apache.ratis.protocol.exceptions.GroupMismatchException->NoRetry, org.apache.ratis.protocol.exceptions.NotReplicatedException->NoRetry, org.apache.ratis.protocol.exceptions.ResourceUnavailableException->org.apache.ratis.retry.ExponentialBackoffRetry@630b81ab, org.apache.ratis.protocol.exceptions.StateMachineException->NoRetry, org.apache.ratis.protocol.exceptions.TimeoutIOException->NoRetry})}
	at org.apache.ratis.client.impl.BlockingImpl.sendRequestWithRetry(BlockingImpl.java:136)
	at org.apache.ratis.client.impl.GroupManagementImpl.add(GroupManagementImpl.java:51)
	at org.apache.ratis.client.api.GroupManagementApi.add(GroupManagementApi.java:40)
	at org.apache.hadoop.ozone.container.common.statemachine.commandhandler.CreatePipelineCommandHandler.lambda$handle$1(CreatePipelineCommandHandler.java:117)
	at java.base/java.util.stream.ForEachOps$ForEachOp$OfRef.accept(ForEachOps.java:183)
	at java.base/java.util.stream.ReferencePipeline$2$1.accept(ReferencePipeline.java:179)
	at java.base/java.util.ArrayList$ArrayListSpliterator.forEachRemaining(ArrayList.java:1625)
	at java.base/java.util.stream.AbstractPipeline.copyInto(AbstractPipeline.java:509)
	at java.base/java.util.stream.AbstractPipeline.wrapAndCopyInto(AbstractPipeline.java:499)
	at java.base/java.util.stream.ForEachOps$ForEachOp.evaluateSequential(ForEachOps.java:150)
	at java.base/java.util.stream.ForEachOps$ForEachOp$OfRef.evaluateSequential(ForEachOps.java:173)
	at java.base/java.util.stream.AbstractPipeline.evaluate(AbstractPipeline.java:234)
	at java.base/java.util.stream.ReferencePipeline.forEach(ReferencePipeline.java:596)
	at org.apache.hadoop.ozone.container.common.statemachine.commandhandler.CreatePipelineCommandHandler.lambda$handle$2(CreatePipelineCommandHandler.java:113)
	at java.base/java.util.concurrent.CompletableFuture$AsyncRun.run(CompletableFuture.java:1804)
	at java.base/java.util.concurrent.ThreadPoolExecutor.runWorker(ThreadPoolExecutor.java:1136)
	at java.base/java.util.concurrent.ThreadPoolExecutor$Worker.run(ThreadPoolExecutor.java:635)
	at java.base/java.lang.Thread.run(Thread.java:840)
2024-05-04 14:27:02,608 [8808acf2-b901-482b-9182-8feecfa28384-PipelineCommandHandlerThread-0] WARN  commandhandler.CreatePipelineCommandHandler (CreatePipelineCommandHandler.java:lambda$handle$1(121)) - Add group failed for 83059998-de51-48d1-9818-e6afe7fa3b6f(localhost/127.0.0.1)
java.io.InterruptedIOException: retry policy=RequestTypeDependentRetryPolicy{WRITE->ExceptionDependentRetry(maxAttempts=2147483647; defaultPolicy=MultipleLinearRandomRetry[5x5s, 5x10s, 5x15s, 5x20s, 5x25s, 10x60s]; map={org.apache.ratis.protocol.exceptions.GroupMismatchException->NoRetry, org.apache.ratis.protocol.exceptions.NotReplicatedException->NoRetry, org.apache.ratis.protocol.exceptions.ResourceUnavailableException->org.apache.ratis.retry.ExponentialBackoffRetry@5d910da8, org.apache.ratis.protocol.exceptions.StateMachineException->NoRetry, org.apache.ratis.protocol.exceptions.TimeoutIOException->org.apache.ratis.retry.ExponentialBackoffRetry@5d910da8}), WATCH->ExceptionDependentRetry(maxAttempts=2147483647; defaultPolicy=MultipleLinearRandomRetry[5x5s, 5x10s, 5x15s, 5x20s, 5x25s, 10x60s]; map={org.apache.ratis.protocol.exceptions.GroupMismatchException->NoRetry, org.apache.ratis.protocol.exceptions.NotReplicatedException->NoRetry, org.apache.ratis.protocol.exceptions.ResourceUnavailableException->org.apache.ratis.retry.ExponentialBackoffRetry@5d910da8, org.apache.ratis.protocol.exceptions.StateMachineException->NoRetry, org.apache.ratis.protocol.exceptions.TimeoutIOException->NoRetry})}
	at org.apache.ratis.client.impl.BlockingImpl.sendRequestWithRetry(BlockingImpl.java:136)
	at org.apache.ratis.client.impl.GroupManagementImpl.add(GroupManagementImpl.java:51)
	at org.apache.ratis.client.api.GroupManagementApi.add(GroupManagementApi.java:40)
	at org.apache.hadoop.ozone.container.common.statemachine.commandhandler.CreatePipelineCommandHandler.lambda$handle$1(CreatePipelineCommandHandler.java:117)
	at java.base/java.util.stream.ForEachOps$ForEachOp$OfRef.accept(ForEachOps.java:183)
	at java.base/java.util.stream.ReferencePipeline$2$1.accept(ReferencePipeline.java:179)
	at java.base/java.util.ArrayList$ArrayListSpliterator.forEachRemaining(ArrayList.java:1625)
	at java.base/java.util.stream.AbstractPipeline.copyInto(AbstractPipeline.java:509)
	at java.base/java.util.stream.AbstractPipeline.wrapAndCopyInto(AbstractPipeline.java:499)
	at java.base/java.util.stream.ForEachOps$ForEachOp.evaluateSequential(ForEachOps.java:150)
	at java.base/java.util.stream.ForEachOps$ForEachOp$OfRef.evaluateSequential(ForEachOps.java:173)
	at java.base/java.util.stream.AbstractPipeline.evaluate(AbstractPipeline.java:234)
	at java.base/java.util.stream.ReferencePipeline.forEach(ReferencePipeline.java:596)
	at org.apache.hadoop.ozone.container.common.statemachine.commandhandler.CreatePipelineCommandHandler.lambda$handle$2(CreatePipelineCommandHandler.java:113)
	at java.base/java.util.concurrent.CompletableFuture$AsyncRun.run(CompletableFuture.java:1804)
	at java.base/java.util.concurrent.ThreadPoolExecutor.runWorker(ThreadPoolExecutor.java:1136)
	at java.base/java.util.concurrent.ThreadPoolExecutor$Worker.run(ThreadPoolExecutor.java:635)
	at java.base/java.lang.Thread.run(Thread.java:840)
2024-05-04 14:27:02,615 [8808acf2-b901-482b-9182-8feecfa28384-PipelineCommandHandlerThread-0] WARN  commandhandler.CreatePipelineCommandHandler (CreatePipelineCommandHandler.java:lambda$handle$1(121)) - Add group failed for ccbd6c79-39e6-4e91-99a9-9b6c204b47e9(localhost/127.0.0.1)
java.io.InterruptedIOException: retry policy=RequestTypeDependentRetryPolicy{WRITE->ExceptionDependentRetry(maxAttempts=2147483647; defaultPolicy=MultipleLinearRandomRetry[5x5s, 5x10s, 5x15s, 5x20s, 5x25s, 10x60s]; map={org.apache.ratis.protocol.exceptions.GroupMismatchException->NoRetry, org.apache.ratis.protocol.exceptions.NotReplicatedException->NoRetry, org.apache.ratis.protocol.exceptions.ResourceUnavailableException->org.apache.ratis.retry.ExponentialBackoffRetry@bb95159, org.apache.ratis.protocol.exceptions.StateMachineException->NoRetry, org.apache.ratis.protocol.exceptions.TimeoutIOException->org.apache.ratis.retry.ExponentialBackoffRetry@bb95159}), WATCH->ExceptionDependentRetry(maxAttempts=2147483647; defaultPolicy=MultipleLinearRandomRetry[5x5s, 5x10s, 5x15s, 5x20s, 5x25s, 10x60s]; map={org.apache.ratis.protocol.exceptions.GroupMismatchException->NoRetry, org.apache.ratis.protocol.exceptions.NotReplicatedException->NoRetry, org.apache.ratis.protocol.exceptions.ResourceUnavailableException->org.apache.ratis.retry.ExponentialBackoffRetry@bb95159, org.apache.ratis.protocol.exceptions.StateMachineException->NoRetry, org.apache.ratis.protocol.exceptions.TimeoutIOException->NoRetry})}
	at org.apache.ratis.client.impl.BlockingImpl.sendRequestWithRetry(BlockingImpl.java:136)
	at org.apache.ratis.client.impl.GroupManagementImpl.add(GroupManagementImpl.java:51)
	at org.apache.ratis.client.api.GroupManagementApi.add(GroupManagementApi.java:40)
	at org.apache.hadoop.ozone.container.common.statemachine.commandhandler.CreatePipelineCommandHandler.lambda$handle$1(CreatePipelineCommandHandler.java:117)
	at java.base/java.util.stream.ForEachOps$ForEachOp$OfRef.accept(ForEachOps.java:183)
	at java.base/java.util.stream.ReferencePipeline$2$1.accept(ReferencePipeline.java:179)
	at java.base/java.util.ArrayList$ArrayListSpliterator.forEachRemaining(ArrayList.java:1625)
	at java.base/java.util.stream.AbstractPipeline.copyInto(AbstractPipeline.java:509)
	at java.base/java.util.stream.AbstractPipeline.wrapAndCopyInto(AbstractPipeline.java:499)
	at java.base/java.util.stream.ForEachOps$ForEachOp.evaluateSequential(ForEachOps.java:150)
	at java.base/java.util.stream.ForEachOps$ForEachOp$OfRef.evaluateSequential(ForEachOps.java:173)
	at java.base/java.util.stream.AbstractPipeline.evaluate(AbstractPipeline.java:234)
	at java.base/java.util.stream.ReferencePipeline.forEach(ReferencePipeline.java:596)
	at org.apache.hadoop.ozone.container.common.statemachine.commandhandler.CreatePipelineCommandHandler.lambda$handle$2(CreatePipelineCommandHandler.java:113)
	at java.base/java.util.concurrent.CompletableFuture$AsyncRun.run(CompletableFuture.java:1804)
	at java.base/java.util.concurrent.ThreadPoolExecutor.runWorker(ThreadPoolExecutor.java:1136)
	at java.base/java.util.concurrent.ThreadPoolExecutor$Worker.run(ThreadPoolExecutor.java:635)
	at java.base/java.lang.Thread.run(Thread.java:840)
2024-05-04 14:27:02,615 [8808acf2-b901-482b-9182-8feecfa28384-PipelineCommandHandlerThread-0] INFO  commandhandler.CreatePipelineCommandHandler (CreatePipelineCommandHandler.java:lambda$handle$2(124)) - Created Pipeline RATIS THREE PipelineID=2797b6a5-e765-4cb6-9c47-d94a52ab4096.
2024-05-04 14:27:02,615 [main] INFO  ozoneimpl.OzoneContainer (OzoneContainer.java:stop(481)) - Attempting to stop container services.
2024-05-04 14:27:02,615 [ccbd6c79-39e6-4e91-99a9-9b6c204b47e9-PipelineCommandHandlerThread-0] WARN  commandhandler.CreatePipelineCommandHandler (CreatePipelineCommandHandler.java:lambda$handle$1(121)) - Add group failed for 8808acf2-b901-482b-9182-8feecfa28384(localhost/127.0.0.1)
java.io.InterruptedIOException: retry policy=RequestTypeDependentRetryPolicy{WRITE->ExceptionDependentRetry(maxAttempts=2147483647; defaultPolicy=MultipleLinearRandomRetry[5x5s, 5x10s, 5x15s, 5x20s, 5x25s, 10x60s]; map={org.apache.ratis.protocol.exceptions.GroupMismatchException->NoRetry, org.apache.ratis.protocol.exceptions.NotReplicatedException->NoRetry, org.apache.ratis.protocol.exceptions.ResourceUnavailableException->org.apache.ratis.retry.ExponentialBackoffRetry@59e3eca8, org.apache.ratis.protocol.exceptions.StateMachineException->NoRetry, org.apache.ratis.protocol.exceptions.TimeoutIOException->org.apache.ratis.retry.ExponentialBackoffRetry@59e3eca8}), WATCH->ExceptionDependentRetry(maxAttempts=2147483647; defaultPolicy=MultipleLinearRandomRetry[5x5s, 5x10s, 5x15s, 5x20s, 5x25s, 10x60s]; map={org.apache.ratis.protocol.exceptions.GroupMismatchException->NoRetry, org.apache.ratis.protocol.exceptions.NotReplicatedException->NoRetry, org.apache.ratis.protocol.exceptions.ResourceUnavailableException->org.apache.ratis.retry.ExponentialBackoffRetry@59e3eca8, org.apache.ratis.protocol.exceptions.StateMachineException->NoRetry, org.apache.ratis.protocol.exceptions.TimeoutIOException->NoRetry})}
	at org.apache.ratis.client.impl.BlockingImpl.sendRequestWithRetry(BlockingImpl.java:136)
	at org.apache.ratis.client.impl.GroupManagementImpl.add(GroupManagementImpl.java:51)
	at org.apache.ratis.client.api.GroupManagementApi.add(GroupManagementApi.java:40)
	at org.apache.hadoop.ozone.container.common.statemachine.commandhandler.CreatePipelineCommandHandler.lambda$handle$1(CreatePipelineCommandHandler.java:117)
	at java.base/java.util.stream.ForEachOps$ForEachOp$OfRef.accept(ForEachOps.java:183)
	at java.base/java.util.stream.ReferencePipeline$2$1.accept(ReferencePipeline.java:179)
	at java.base/java.util.ArrayList$ArrayListSpliterator.forEachRemaining(ArrayList.java:1625)
	at java.base/java.util.stream.AbstractPipeline.copyInto(AbstractPipeline.java:509)
	at java.base/java.util.stream.AbstractPipeline.wrapAndCopyInto(AbstractPipeline.java:499)
	at java.base/java.util.stream.ForEachOps$ForEachOp.evaluateSequential(ForEachOps.java:150)
	at java.base/java.util.stream.ForEachOps$ForEachOp$OfRef.evaluateSequential(ForEachOps.java:173)
	at java.base/java.util.stream.AbstractPipeline.evaluate(AbstractPipeline.java:234)
	at java.base/java.util.stream.ReferencePipeline.forEach(ReferencePipeline.java:596)
	at org.apache.hadoop.ozone.container.common.statemachine.commandhandler.CreatePipelineCommandHandler.lambda$handle$2(CreatePipelineCommandHandler.java:113)
	at java.base/java.util.concurrent.CompletableFuture$AsyncRun.run(CompletableFuture.java:1804)
	at java.base/java.util.concurrent.ThreadPoolExecutor.runWorker(ThreadPoolExecutor.java:1136)
	at java.base/java.util.concurrent.ThreadPoolExecutor$Worker.run(ThreadPoolExecutor.java:635)
	at java.base/java.lang.Thread.run(Thread.java:840)
2024-05-04 14:27:02,616 [ccbd6c79-39e6-4e91-99a9-9b6c204b47e9-PipelineCommandHandlerThread-0] INFO  commandhandler.CreatePipelineCommandHandler (CreatePipelineCommandHandler.java:lambda$handle$2(124)) - Created Pipeline RATIS THREE PipelineID=2797b6a5-e765-4cb6-9c47-d94a52ab4096.
2024-05-04 14:27:02,616 [ForkJoinPool.commonPool-worker-2] INFO  ozoneimpl.OzoneContainer (OzoneContainer.java:stop(481)) - Attempting to stop container services.
2024-05-04 14:27:02,616 [ContainerMetadataScanner] WARN  ozoneimpl.AbstractBackgroundContainerScanner (AbstractBackgroundContainerScanner.java:handleRemainingSleep(134)) - Background container scan was interrupted.
2024-05-04 14:27:02,616 [ContainerMetadataScanner] INFO  ozoneimpl.AbstractBackgroundContainerScanner (AbstractBackgroundContainerScanner.java:run(61)) - Thread[ContainerMetadataScanner,5,main] exiting.
2024-05-04 14:27:02,616 [ContainerMetadataScanner] WARN  ozoneimpl.AbstractBackgroundContainerScanner (AbstractBackgroundContainerScanner.java:handleRemainingSleep(134)) - Background container scan was interrupted.
2024-05-04 14:27:02,616 [ContainerMetadataScanner] INFO  ozoneimpl.AbstractBackgroundContainerScanner (AbstractBackgroundContainerScanner.java:run(61)) - Thread[ContainerMetadataScanner,5,main] exiting.
2024-05-04 14:27:02,616 [ForkJoinPool.commonPool-worker-2] INFO  ozoneimpl.BackgroundContainerDataScanner (BackgroundContainerDataScanner.java:shutdown(141)) - ContainerDataScanner(/home/runner/work/ozone/ozone/hadoop-ozone/integration-test/target/test-dir/MiniOzoneClusterImpl-7c905145-d891-4b2f-be71-50eb4aa8551e/ozone-meta/datanode-4/data-0/hdds) is shutting down. 
2024-05-04 14:27:02,616 [ContainerDataScanner(/home/runner/work/ozone/ozone/hadoop-ozone/integration-test/target/test-dir/MiniOzoneClusterImpl-7c905145-d891-4b2f-be71-50eb4aa8551e/ozone-meta/datanode-4/data-0/hdds)] WARN  ozoneimpl.AbstractBackgroundContainerScanner (AbstractBackgroundContainerScanner.java:handleRemainingSleep(134)) - Background container scan was interrupted.
2024-05-04 14:27:02,616 [main] INFO  ozoneimpl.BackgroundContainerDataScanner (BackgroundContainerDataScanner.java:shutdown(141)) - ContainerDataScanner(/home/runner/work/ozone/ozone/hadoop-ozone/integration-test/target/test-dir/MiniOzoneClusterImpl-7c905145-d891-4b2f-be71-50eb4aa8551e/ozone-meta/datanode-3/data-0/hdds) is shutting down. 
2024-05-04 14:27:02,616 [ContainerDataScanner(/home/runner/work/ozone/ozone/hadoop-ozone/integration-test/target/test-dir/MiniOzoneClusterImpl-7c905145-d891-4b2f-be71-50eb4aa8551e/ozone-meta/datanode-4/data-0/hdds)] INFO  ozoneimpl.AbstractBackgroundContainerScanner (AbstractBackgroundContainerScanner.java:run(61)) - ContainerDataScanner(/home/runner/work/ozone/ozone/hadoop-ozone/integration-test/target/test-dir/MiniOzoneClusterImpl-7c905145-d891-4b2f-be71-50eb4aa8551e/ozone-meta/datanode-4/data-0/hdds, DS-df6dd806-0e81-457e-8c8d-76ce3126f522) exiting.
2024-05-04 14:27:02,616 [ContainerDataScanner(/home/runner/work/ozone/ozone/hadoop-ozone/integration-test/target/test-dir/MiniOzoneClusterImpl-7c905145-d891-4b2f-be71-50eb4aa8551e/ozone-meta/datanode-3/data-0/hdds)] WARN  ozoneimpl.AbstractBackgroundContainerScanner (AbstractBackgroundContainerScanner.java:handleRemainingSleep(134)) - Background container scan was interrupted.
2024-05-04 14:27:02,617 [ContainerDataScanner(/home/runner/work/ozone/ozone/hadoop-ozone/integration-test/target/test-dir/MiniOzoneClusterImpl-7c905145-d891-4b2f-be71-50eb4aa8551e/ozone-meta/datanode-3/data-0/hdds)] INFO  ozoneimpl.AbstractBackgroundContainerScanner (AbstractBackgroundContainerScanner.java:run(61)) - ContainerDataScanner(/home/runner/work/ozone/ozone/hadoop-ozone/integration-test/target/test-dir/MiniOzoneClusterImpl-7c905145-d891-4b2f-be71-50eb4aa8551e/ozone-meta/datanode-3/data-0/hdds, DS-dace4c98-7f23-4dd0-aa1a-79c639db6c24) exiting.
2024-05-04 14:27:02,621 [ForkJoinPool.commonPool-worker-2] INFO  server.RaftServer (RaftServerProxy.java:lambda$close$9(416)) - ccbd6c79-39e6-4e91-99a9-9b6c204b47e9: close
2024-05-04 14:27:02,621 [main] INFO  server.RaftServer (RaftServerProxy.java:lambda$close$9(416)) - 8808acf2-b901-482b-9182-8feecfa28384: close
2024-05-04 14:27:02,621 [ForkJoinPool.commonPool-worker-2] INFO  server.GrpcService (GrpcService.java:closeImpl(311)) - ccbd6c79-39e6-4e91-99a9-9b6c204b47e9: shutdown server org.apache.ratis.grpc.server.GrpcClientProtocolService now
2024-05-04 14:27:02,621 [ccbd6c79-39e6-4e91-99a9-9b6c204b47e9-impl-thread1] INFO  server.RaftServer$Division (RaftServerImpl.java:lambda$close$3(526)) - ccbd6c79-39e6-4e91-99a9-9b6c204b47e9@group-D94A52AB4096: shutdown
2024-05-04 14:27:02,621 [8808acf2-b901-482b-9182-8feecfa28384-impl-thread1] INFO  server.RaftServer$Division (RaftServerImpl.java:lambda$close$3(526)) - 8808acf2-b901-482b-9182-8feecfa28384@group-D94A52AB4096: shutdown
2024-05-04 14:27:02,622 [8808acf2-b901-482b-9182-8feecfa28384-impl-thread1] INFO  util.JmxRegister (JmxRegister.java:unregister(73)) - Successfully un-registered JMX Bean with object name Ratis:service=RaftServer,group=group-D94A52AB4096,id=8808acf2-b901-482b-9182-8feecfa28384
2024-05-04 14:27:02,622 [8808acf2-b901-482b-9182-8feecfa28384-impl-thread2] INFO  server.RaftServer$Division (RaftServerImpl.java:lambda$close$3(526)) - 8808acf2-b901-482b-9182-8feecfa28384@group-6025E5D5C1B1: shutdown
2024-05-04 14:27:02,622 [8808acf2-b901-482b-9182-8feecfa28384-impl-thread2] INFO  util.JmxRegister (JmxRegister.java:unregister(73)) - Successfully un-registered JMX Bean with object name Ratis:service=RaftServer,group=group-6025E5D5C1B1,id=8808acf2-b901-482b-9182-8feecfa28384
2024-05-04 14:27:02,622 [8808acf2-b901-482b-9182-8feecfa28384-impl-thread2] INFO  impl.RoleInfo (RoleInfo.java:shutdownFollowerState(110)) - 8808acf2-b901-482b-9182-8feecfa28384: shutdown 8808acf2-b901-482b-9182-8feecfa28384@group-6025E5D5C1B1-FollowerState
2024-05-04 14:27:02,622 [8808acf2-b901-482b-9182-8feecfa28384@group-6025E5D5C1B1-FollowerState] INFO  impl.FollowerState (FollowerState.java:run(152)) - 8808acf2-b901-482b-9182-8feecfa28384@group-6025E5D5C1B1-FollowerState was interrupted
2024-05-04 14:27:02,622 [8808acf2-b901-482b-9182-8feecfa28384-impl-thread2] INFO  impl.StateMachineUpdater (StateMachineUpdater.java:stopAndJoin(157)) - 8808acf2-b901-482b-9182-8feecfa28384@group-6025E5D5C1B1-StateMachineUpdater: set stopIndex = -1
2024-05-04 14:27:02,622 [8808acf2-b901-482b-9182-8feecfa28384-impl-thread2] INFO  server.RaftServer$Division (ServerState.java:close(427)) - 8808acf2-b901-482b-9182-8feecfa28384@group-6025E5D5C1B1: applyIndex: -1
2024-05-04 14:27:02,622 [ccbd6c79-39e6-4e91-99a9-9b6c204b47e9-impl-thread1] INFO  util.JmxRegister (JmxRegister.java:unregister(73)) - Successfully un-registered JMX Bean with object name Ratis:service=RaftServer,group=group-D94A52AB4096,id=ccbd6c79-39e6-4e91-99a9-9b6c204b47e9
2024-05-04 14:27:02,622 [8808acf2-b901-482b-9182-8feecfa28384-impl-thread1] INFO  impl.RoleInfo (RoleInfo.java:shutdownFollowerState(110)) - 8808acf2-b901-482b-9182-8feecfa28384: shutdown 8808acf2-b901-482b-9182-8feecfa28384@group-D94A52AB4096-FollowerState
2024-05-04 14:27:02,622 [8808acf2-b901-482b-9182-8feecfa28384-impl-thread1] INFO  impl.StateMachineUpdater (StateMachineUpdater.java:stopAndJoin(157)) - 8808acf2-b901-482b-9182-8feecfa28384@group-D94A52AB4096-StateMachineUpdater: set stopIndex = -1
2024-05-04 14:27:02,622 [8808acf2-b901-482b-9182-8feecfa28384-impl-thread1] INFO  server.RaftServer$Division (ServerState.java:close(427)) - 8808acf2-b901-482b-9182-8feecfa28384@group-D94A52AB4096: applyIndex: -1
2024-05-04 14:27:02,622 [8808acf2-b901-482b-9182-8feecfa28384-impl-thread3] INFO  server.RaftServer$Division (RaftServerImpl.java:lambda$close$3(526)) - 8808acf2-b901-482b-9182-8feecfa28384@group-C3DAD7AF45B8: shutdown
2024-05-04 14:27:02,622 [ccbd6c79-39e6-4e91-99a9-9b6c204b47e9-impl-thread1] INFO  impl.RoleInfo (RoleInfo.java:shutdownLeaderState(94)) - ccbd6c79-39e6-4e91-99a9-9b6c204b47e9: shutdown ccbd6c79-39e6-4e91-99a9-9b6c204b47e9@group-D94A52AB4096-LeaderStateImpl
2024-05-04 14:27:02,623 [main] INFO  server.GrpcService (GrpcService.java:closeImpl(311)) - 8808acf2-b901-482b-9182-8feecfa28384: shutdown server org.apache.ratis.grpc.server.GrpcClientProtocolService now
2024-05-04 14:27:02,623 [ccbd6c79-39e6-4e91-99a9-9b6c204b47e9@group-D94A52AB4096->83059998-de51-48d1-9818-e6afe7fa3b6f-GrpcLogAppender-LogAppenderDaemon] WARN  server.GrpcLogAppender (GrpcLogAppender.java:mayWait(289)) - ccbd6c79-39e6-4e91-99a9-9b6c204b47e9@group-D94A52AB4096->83059998-de51-48d1-9818-e6afe7fa3b6f-GrpcLogAppender: Wait interrupted by java.lang.InterruptedException
2024-05-04 14:27:02,623 [ccbd6c79-39e6-4e91-99a9-9b6c204b47e9-impl-thread2] INFO  server.RaftServer$Division (RaftServerImpl.java:lambda$close$3(526)) - ccbd6c79-39e6-4e91-99a9-9b6c204b47e9@group-B8816B9210C0: shutdown
2024-05-04 14:27:02,623 [8808acf2-b901-482b-9182-8feecfa28384-impl-thread4] INFO  server.RaftServer$Division (RaftServerImpl.java:lambda$close$3(526)) - 8808acf2-b901-482b-9182-8feecfa28384@group-D5ED0AA30690: shutdown
2024-05-04 14:27:02,623 [8808acf2-b901-482b-9182-8feecfa28384-impl-thread3] INFO  util.JmxRegister (JmxRegister.java:unregister(73)) - Successfully un-registered JMX Bean with object name Ratis:service=RaftServer,group=group-C3DAD7AF45B8,id=8808acf2-b901-482b-9182-8feecfa28384
2024-05-04 14:27:02,623 [8808acf2-b901-482b-9182-8feecfa28384-impl-thread3] INFO  impl.RoleInfo (RoleInfo.java:shutdownFollowerState(110)) - 8808acf2-b901-482b-9182-8feecfa28384: shutdown 8808acf2-b901-482b-9182-8feecfa28384@group-C3DAD7AF45B8-FollowerState
2024-05-04 14:27:02,623 [8808acf2-b901-482b-9182-8feecfa28384@group-D94A52AB4096-cacheEviction-AwaitToRun] INFO  util.AwaitToRun (AwaitToRun.java:run(49)) - 8808acf2-b901-482b-9182-8feecfa28384@group-D94A52AB4096-cacheEviction-AwaitToRun-AwaitForSignal is interrupted
2024-05-04 14:27:02,623 [8808acf2-b901-482b-9182-8feecfa28384-impl-thread3] INFO  impl.StateMachineUpdater (StateMachineUpdater.java:stopAndJoin(157)) - 8808acf2-b901-482b-9182-8feecfa28384@group-C3DAD7AF45B8-StateMachineUpdater: set stopIndex = 0
2024-05-04 14:27:02,623 [8808acf2-b901-482b-9182-8feecfa28384@group-C3DAD7AF45B8-StateMachineUpdater] INFO  ratis.ContainerStateMachine (ContainerStateMachine.java:takeSnapshot(355)) - group-C3DAD7AF45B8: Taking a snapshot at:(t:1, i:0) file /home/runner/work/ozone/ozone/hadoop-ozone/integration-test/target/test-dir/MiniOzoneClusterImpl-7c905145-d891-4b2f-be71-50eb4aa8551e/ozone-meta/datanode-3/ratis/29719e95-3b68-43b3-b996-c3dad7af45b8/sm/snapshot.1_0
2024-05-04 14:27:02,623 [8808acf2-b901-482b-9182-8feecfa28384-impl-thread4] INFO  util.JmxRegister (JmxRegister.java:unregister(73)) - Successfully un-registered JMX Bean with object name Ratis:service=RaftServer,group=group-D5ED0AA30690,id=8808acf2-b901-482b-9182-8feecfa28384
2024-05-04 14:27:02,624 [8808acf2-b901-482b-9182-8feecfa28384-impl-thread4] INFO  impl.RoleInfo (RoleInfo.java:shutdownFollowerState(110)) - 8808acf2-b901-482b-9182-8feecfa28384: shutdown 8808acf2-b901-482b-9182-8feecfa28384@group-D5ED0AA30690-FollowerState
2024-05-04 14:27:02,624 [8808acf2-b901-482b-9182-8feecfa28384-impl-thread4] INFO  impl.StateMachineUpdater (StateMachineUpdater.java:stopAndJoin(157)) - 8808acf2-b901-482b-9182-8feecfa28384@group-D5ED0AA30690-StateMachineUpdater: set stopIndex = 15
2024-05-04 14:27:02,624 [8808acf2-b901-482b-9182-8feecfa28384@group-D5ED0AA30690-StateMachineUpdater] INFO  ratis.ContainerStateMachine (ContainerStateMachine.java:takeSnapshot(355)) - group-D5ED0AA30690: Taking a snapshot at:(t:1, i:15) file /home/runner/work/ozone/ozone/hadoop-ozone/integration-test/target/test-dir/MiniOzoneClusterImpl-7c905145-d891-4b2f-be71-50eb4aa8551e/ozone-meta/datanode-3/ratis/58634f81-2263-4b6f-9c6a-d5ed0aa30690/sm/snapshot.1_15
2024-05-04 14:27:02,623 [8808acf2-b901-482b-9182-8feecfa28384-impl-thread5] INFO  server.RaftServer$Division (RaftServerImpl.java:lambda$close$3(526)) - 8808acf2-b901-482b-9182-8feecfa28384@group-278816DC67B8: shutdown
2024-05-04 14:27:02,623 [ccbd6c79-39e6-4e91-99a9-9b6c204b47e9@group-D94A52AB4096->8808acf2-b901-482b-9182-8feecfa28384-GrpcLogAppender-LogAppenderDaemon] WARN  server.GrpcLogAppender (GrpcLogAppender.java:mayWait(289)) - ccbd6c79-39e6-4e91-99a9-9b6c204b47e9@group-D94A52AB4096->8808acf2-b901-482b-9182-8feecfa28384-GrpcLogAppender: Wait interrupted by java.lang.InterruptedException
2024-05-04 14:27:02,623 [ccbd6c79-39e6-4e91-99a9-9b6c204b47e9-impl-thread1] INFO  impl.PendingRequests (PendingRequests.java:sendNotLeaderResponses(289)) - ccbd6c79-39e6-4e91-99a9-9b6c204b47e9@group-D94A52AB4096-PendingRequests: sendNotLeaderResponses
2024-05-04 14:27:02,624 [8808acf2-b901-482b-9182-8feecfa28384@group-C3DAD7AF45B8-StateMachineUpdater] INFO  ratis.ContainerStateMachine (ContainerStateMachine.java:takeSnapshot(366)) - group-C3DAD7AF45B8: Finished taking a snapshot at:(t:1, i:0) file:/home/runner/work/ozone/ozone/hadoop-ozone/integration-test/target/test-dir/MiniOzoneClusterImpl-7c905145-d891-4b2f-be71-50eb4aa8551e/ozone-meta/datanode-3/ratis/29719e95-3b68-43b3-b996-c3dad7af45b8/sm/snapshot.1_0 took: 0 ms
2024-05-04 14:27:02,624 [8808acf2-b901-482b-9182-8feecfa28384@group-C3DAD7AF45B8-StateMachineUpdater] INFO  impl.StateMachineUpdater (StateMachineUpdater.java:takeSnapshot(295)) - 8808acf2-b901-482b-9182-8feecfa28384@group-C3DAD7AF45B8-StateMachineUpdater: Took a snapshot at index 0
2024-05-04 14:27:02,624 [8808acf2-b901-482b-9182-8feecfa28384@group-C3DAD7AF45B8-StateMachineUpdater] INFO  impl.StateMachineUpdater (StateMachineUpdater.java:lambda$new$0(98)) - 8808acf2-b901-482b-9182-8feecfa28384@group-C3DAD7AF45B8-StateMachineUpdater: snapshotIndex: updateIncreasingly -1 -> 0
2024-05-04 14:27:02,624 [ccbd6c79-39e6-4e91-99a9-9b6c204b47e9-impl-thread1] INFO  impl.StateMachineUpdater (StateMachineUpdater.java:stopAndJoin(157)) - ccbd6c79-39e6-4e91-99a9-9b6c204b47e9@group-D94A52AB4096-StateMachineUpdater: set stopIndex = 0
2024-05-04 14:27:02,624 [8808acf2-b901-482b-9182-8feecfa28384@group-6025E5D5C1B1-cacheEviction-AwaitToRun] INFO  util.AwaitToRun (AwaitToRun.java:run(49)) - 8808acf2-b901-482b-9182-8feecfa28384@group-6025E5D5C1B1-cacheEviction-AwaitToRun-AwaitForSignal is interrupted
2024-05-04 14:27:02,624 [ccbd6c79-39e6-4e91-99a9-9b6c204b47e9-impl-thread2] INFO  util.JmxRegister (JmxRegister.java:unregister(73)) - Successfully un-registered JMX Bean with object name Ratis:service=RaftServer,group=group-B8816B9210C0,id=ccbd6c79-39e6-4e91-99a9-9b6c204b47e9
2024-05-04 14:27:02,625 [ccbd6c79-39e6-4e91-99a9-9b6c204b47e9-impl-thread2] INFO  impl.RoleInfo (RoleInfo.java:shutdownLeaderState(94)) - ccbd6c79-39e6-4e91-99a9-9b6c204b47e9: shutdown ccbd6c79-39e6-4e91-99a9-9b6c204b47e9@group-B8816B9210C0-LeaderStateImpl
2024-05-04 14:27:02,625 [8808acf2-b901-482b-9182-8feecfa28384-impl-thread3] INFO  server.RaftServer$Division (ServerState.java:close(427)) - 8808acf2-b901-482b-9182-8feecfa28384@group-C3DAD7AF45B8: applyIndex: 0
2024-05-04 14:27:02,624 [8808acf2-b901-482b-9182-8feecfa28384@group-D5ED0AA30690-FollowerState] INFO  impl.FollowerState (FollowerState.java:run(152)) - 8808acf2-b901-482b-9182-8feecfa28384@group-D5ED0AA30690-FollowerState was interrupted
2024-05-04 14:27:02,623 [8808acf2-b901-482b-9182-8feecfa28384@group-C3DAD7AF45B8-FollowerState] INFO  impl.FollowerState (FollowerState.java:run(152)) - 8808acf2-b901-482b-9182-8feecfa28384@group-C3DAD7AF45B8-FollowerState was interrupted
2024-05-04 14:27:02,625 [8808acf2-b901-482b-9182-8feecfa28384@group-D5ED0AA30690-StateMachineUpdater] INFO  ratis.ContainerStateMachine (ContainerStateMachine.java:takeSnapshot(366)) - group-D5ED0AA30690: Finished taking a snapshot at:(t:1, i:15) file:/home/runner/work/ozone/ozone/hadoop-ozone/integration-test/target/test-dir/MiniOzoneClusterImpl-7c905145-d891-4b2f-be71-50eb4aa8551e/ozone-meta/datanode-3/ratis/58634f81-2263-4b6f-9c6a-d5ed0aa30690/sm/snapshot.1_15 took: 1 ms
2024-05-04 14:27:02,625 [8808acf2-b901-482b-9182-8feecfa28384@group-D5ED0AA30690-StateMachineUpdater] INFO  impl.StateMachineUpdater (StateMachineUpdater.java:takeSnapshot(295)) - 8808acf2-b901-482b-9182-8feecfa28384@group-D5ED0AA30690-StateMachineUpdater: Took a snapshot at index 15
2024-05-04 14:27:02,625 [8808acf2-b901-482b-9182-8feecfa28384@group-D5ED0AA30690-StateMachineUpdater] INFO  impl.StateMachineUpdater (StateMachineUpdater.java:lambda$new$0(98)) - 8808acf2-b901-482b-9182-8feecfa28384@group-D5ED0AA30690-StateMachineUpdater: snapshotIndex: updateIncreasingly -1 -> 15
2024-05-04 14:27:02,625 [grpc-default-executor-4] INFO  server.GrpcServerProtocolService (GrpcServerProtocolService.java:onCompleted(157)) - 8808acf2-b901-482b-9182-8feecfa28384: Completed APPEND_ENTRIES, lastRequest: ccbd6c79-39e6-4e91-99a9-9b6c204b47e9->8808acf2-b901-482b-9182-8feecfa28384#1-t1,previous=(t:0, i:0),leaderCommit=-1,initializing? false,entries: size=1, first=(t:1, i:0), CONFIGURATIONENTRY(current:id: "8808acf2-b901-482b-9182-8feecfa28384"
address: "127.0.0.1:15085"
dataStreamAddress: "127.0.0.1:15086"
clientAddress: "127.0.0.1:15083"
adminAddress: "127.0.0.1:15084"
startupRole: FOLLOWER
,id: "ccbd6c79-39e6-4e91-99a9-9b6c204b47e9"
address: "127.0.0.1:15094"
priority: 1
dataStreamAddress: "127.0.0.1:15095"
clientAddress: "127.0.0.1:15092"
adminAddress: "127.0.0.1:15093"
startupRole: FOLLOWER
,id: "83059998-de51-48d1-9818-e6afe7fa3b6f"
address: "127.0.0.1:15067"
dataStreamAddress: "127.0.0.1:15068"
clientAddress: "127.0.0.1:15065"
adminAddress: "127.0.0.1:15066"
startupRole: FOLLOWER
, old:)
2024-05-04 14:27:02,625 [grpc-default-executor-4] INFO  server.GrpcServerProtocolService (GrpcServerProtocolService.java:lambda$onCompleted$5(159)) - 8808acf2-b901-482b-9182-8feecfa28384: Completed APPEND_ENTRIES, lastReply: null
2024-05-04 14:27:02,625 [8808acf2-b901-482b-9182-8feecfa28384@group-C3DAD7AF45B8-cacheEviction-AwaitToRun] INFO  util.AwaitToRun (AwaitToRun.java:run(49)) - 8808acf2-b901-482b-9182-8feecfa28384@group-C3DAD7AF45B8-cacheEviction-AwaitToRun-AwaitForSignal is interrupted
2024-05-04 14:27:02,625 [Thread-2009] INFO  server.GrpcServerProtocolClient (GrpcServerProtocolClient.java:close(103)) - 8808acf2-b901-482b-9182-8feecfa28384 Close channels
2024-05-04 14:27:02,625 [ccbd6c79-39e6-4e91-99a9-9b6c204b47e9-impl-thread2] INFO  impl.PendingRequests (PendingRequests.java:sendNotLeaderResponses(289)) - ccbd6c79-39e6-4e91-99a9-9b6c204b47e9@group-B8816B9210C0-PendingRequests: sendNotLeaderResponses
2024-05-04 14:27:02,625 [grpc-default-executor-1] INFO  server.GrpcServerProtocolService (GrpcServerProtocolService.java:onCompleted(157)) - 8808acf2-b901-482b-9182-8feecfa28384: Completed APPEND_ENTRIES, lastRequest: null
2024-05-04 14:27:02,626 [ccbd6c79-39e6-4e91-99a9-9b6c204b47e9-impl-thread2] INFO  impl.StateMachineUpdater (StateMachineUpdater.java:stopAndJoin(157)) - ccbd6c79-39e6-4e91-99a9-9b6c204b47e9@group-B8816B9210C0-StateMachineUpdater: set stopIndex = 0
2024-05-04 14:27:02,626 [grpc-default-executor-1] INFO  server.GrpcServerProtocolService (GrpcServerProtocolService.java:lambda$onCompleted$5(159)) - 8808acf2-b901-482b-9182-8feecfa28384: Completed APPEND_ENTRIES, lastReply: serverReply {
  requestorId: "ccbd6c79-39e6-4e91-99a9-9b6c204b47e9"
  replyId: "8808acf2-b901-482b-9182-8feecfa28384"
  raftGroupId {
    id: "\'\227\266\245\347eL\266\234G\331JR\253@\226"
  }
  success: true
}
term: 1
nextIndex: 1
followerCommit: 18446744073709551615
matchIndex: 18446744073709551615
isHearbeat: true

2024-05-04 14:27:02,624 [8808acf2-b901-482b-9182-8feecfa28384@group-D94A52AB4096-FollowerState] INFO  impl.FollowerState (FollowerState.java:run(152)) - 8808acf2-b901-482b-9182-8feecfa28384@group-D94A52AB4096-FollowerState was interrupted
2024-05-04 14:27:02,624 [ccbd6c79-39e6-4e91-99a9-9b6c204b47e9@group-D94A52AB4096-StateMachineUpdater] INFO  ratis.ContainerStateMachine (ContainerStateMachine.java:takeSnapshot(355)) - group-D94A52AB4096: Taking a snapshot at:(t:1, i:0) file /home/runner/work/ozone/ozone/hadoop-ozone/integration-test/target/test-dir/MiniOzoneClusterImpl-7c905145-d891-4b2f-be71-50eb4aa8551e/ozone-meta/datanode-4/ratis/2797b6a5-e765-4cb6-9c47-d94a52ab4096/sm/snapshot.1_0
2024-05-04 14:27:02,626 [grpc-default-executor-1] INFO  server.GrpcLogAppender (GrpcLogAppender.java:onCompleted(546)) - ccbd6c79-39e6-4e91-99a9-9b6c204b47e9@group-D94A52AB4096->8808acf2-b901-482b-9182-8feecfa28384-AppendLogResponseHandler: follower responses appendEntries COMPLETED
2024-05-04 14:27:02,626 [ccbd6c79-39e6-4e91-99a9-9b6c204b47e9@group-D94A52AB4096-StateMachineUpdater] INFO  ratis.ContainerStateMachine (ContainerStateMachine.java:takeSnapshot(366)) - group-D94A52AB4096: Finished taking a snapshot at:(t:1, i:0) file:/home/runner/work/ozone/ozone/hadoop-ozone/integration-test/target/test-dir/MiniOzoneClusterImpl-7c905145-d891-4b2f-be71-50eb4aa8551e/ozone-meta/datanode-4/ratis/2797b6a5-e765-4cb6-9c47-d94a52ab4096/sm/snapshot.1_0 took: 2 ms
2024-05-04 14:27:02,627 [grpc-default-executor-1] WARN  server.GrpcLogAppender (GrpcLogAppender.java:resetClient(226)) - ccbd6c79-39e6-4e91-99a9-9b6c204b47e9@group-D94A52AB4096->8808acf2-b901-482b-9182-8feecfa28384-GrpcLogAppender: Failed to getClient for 8808acf2-b901-482b-9182-8feecfa28384
org.apache.ratis.protocol.exceptions.AlreadyClosedException: ccbd6c79-39e6-4e91-99a9-9b6c204b47e9 is already CLOSED
	at org.apache.ratis.util.PeerProxyMap$PeerAndProxy.getProxy(PeerProxyMap.java:65)
	at org.apache.ratis.util.PeerProxyMap.getProxy(PeerProxyMap.java:114)
	at org.apache.ratis.grpc.server.GrpcLogAppender.getClient(GrpcLogAppender.java:196)
	at org.apache.ratis.grpc.server.GrpcLogAppender.resetClient(GrpcLogAppender.java:201)
	at org.apache.ratis.grpc.server.GrpcLogAppender.access$800(GrpcLogAppender.java:62)
	at org.apache.ratis.grpc.server.GrpcLogAppender$AppendLogResponseHandler.onCompleted(GrpcLogAppender.java:547)
	at org.apache.ratis.thirdparty.io.grpc.stub.ClientCalls$StreamObserverToCallListenerAdapter.onClose(ClientCalls.java:479)
	at org.apache.ratis.thirdparty.io.grpc.internal.DelayedClientCall$DelayedListener$3.run(DelayedClientCall.java:489)
	at org.apache.ratis.thirdparty.io.grpc.internal.DelayedClientCall$DelayedListener.delayOrExecute(DelayedClientCall.java:453)
	at org.apache.ratis.thirdparty.io.grpc.internal.DelayedClientCall$DelayedListener.onClose(DelayedClientCall.java:486)
	at org.apache.ratis.thirdparty.io.grpc.internal.ClientCallImpl.closeObserver(ClientCallImpl.java:567)
	at org.apache.ratis.thirdparty.io.grpc.internal.ClientCallImpl.access$300(ClientCallImpl.java:71)
	at org.apache.ratis.thirdparty.io.grpc.internal.ClientCallImpl$ClientStreamListenerImpl$1StreamClosed.runInternal(ClientCallImpl.java:735)
	at org.apache.ratis.thirdparty.io.grpc.internal.ClientCallImpl$ClientStreamListenerImpl$1StreamClosed.runInContext(ClientCallImpl.java:716)
	at org.apache.ratis.thirdparty.io.grpc.internal.ContextRunnable.run(ContextRunnable.java:37)
	at org.apache.ratis.thirdparty.io.grpc.internal.SerializingExecutor.run(SerializingExecutor.java:133)
	at java.base/java.util.concurrent.ThreadPoolExecutor.runWorker(ThreadPoolExecutor.java:1136)
	at java.base/java.util.concurrent.ThreadPoolExecutor$Worker.run(ThreadPoolExecutor.java:635)
	at java.base/java.lang.Thread.run(Thread.java:840)
2024-05-04 14:27:02,624 [8808acf2-b901-482b-9182-8feecfa28384-impl-thread5] INFO  util.JmxRegister (JmxRegister.java:unregister(73)) - Successfully un-registered JMX Bean with object name Ratis:service=RaftServer,group=group-278816DC67B8,id=8808acf2-b901-482b-9182-8feecfa28384
2024-05-04 14:27:02,627 [ccbd6c79-39e6-4e91-99a9-9b6c204b47e9@group-D94A52AB4096-StateMachineUpdater] INFO  impl.StateMachineUpdater (StateMachineUpdater.java:takeSnapshot(295)) - ccbd6c79-39e6-4e91-99a9-9b6c204b47e9@group-D94A52AB4096-StateMachineUpdater: Took a snapshot at index 0
2024-05-04 14:27:02,627 [ccbd6c79-39e6-4e91-99a9-9b6c204b47e9@group-D94A52AB4096-StateMachineUpdater] INFO  impl.StateMachineUpdater (StateMachineUpdater.java:lambda$new$0(98)) - ccbd6c79-39e6-4e91-99a9-9b6c204b47e9@group-D94A52AB4096-StateMachineUpdater: snapshotIndex: updateIncreasingly -1 -> 0
2024-05-04 14:27:02,626 [ccbd6c79-39e6-4e91-99a9-9b6c204b47e9@group-B8816B9210C0-StateMachineUpdater] INFO  ratis.ContainerStateMachine (ContainerStateMachine.java:takeSnapshot(355)) - group-B8816B9210C0: Taking a snapshot at:(t:1, i:0) file /home/runner/work/ozone/ozone/hadoop-ozone/integration-test/target/test-dir/MiniOzoneClusterImpl-7c905145-d891-4b2f-be71-50eb4aa8551e/ozone-meta/datanode-4/ratis/dece958d-b9b2-4b60-a8cd-b8816b9210c0/sm/snapshot.1_0
2024-05-04 14:27:02,625 [grpc-default-executor-4] INFO  server.GrpcLogAppender (GrpcLogAppender.java:onCompleted(546)) - ccbd6c79-39e6-4e91-99a9-9b6c204b47e9@group-D94A52AB4096->8808acf2-b901-482b-9182-8feecfa28384-AppendLogResponseHandler: follower responses appendEntries COMPLETED
2024-05-04 14:27:02,627 [grpc-default-executor-4] WARN  server.GrpcLogAppender (GrpcLogAppender.java:resetClient(226)) - ccbd6c79-39e6-4e91-99a9-9b6c204b47e9@group-D94A52AB4096->8808acf2-b901-482b-9182-8feecfa28384-GrpcLogAppender: Failed to getClient for 8808acf2-b901-482b-9182-8feecfa28384
org.apache.ratis.protocol.exceptions.AlreadyClosedException: ccbd6c79-39e6-4e91-99a9-9b6c204b47e9 is already CLOSED
	at org.apache.ratis.util.PeerProxyMap$PeerAndProxy.getProxy(PeerProxyMap.java:65)
	at org.apache.ratis.util.PeerProxyMap.getProxy(PeerProxyMap.java:114)
	at org.apache.ratis.grpc.server.GrpcLogAppender.getClient(GrpcLogAppender.java:196)
	at org.apache.ratis.grpc.server.GrpcLogAppender.resetClient(GrpcLogAppender.java:201)
	at org.apache.ratis.grpc.server.GrpcLogAppender.access$800(GrpcLogAppender.java:62)
	at org.apache.ratis.grpc.server.GrpcLogAppender$AppendLogResponseHandler.onCompleted(GrpcLogAppender.java:547)
	at org.apache.ratis.thirdparty.io.grpc.stub.ClientCalls$StreamObserverToCallListenerAdapter.onClose(ClientCalls.java:479)
	at org.apache.ratis.thirdparty.io.grpc.internal.ClientCallImpl.closeObserver(ClientCallImpl.java:567)
	at org.apache.ratis.thirdparty.io.grpc.internal.ClientCallImpl.access$300(ClientCallImpl.java:71)
	at org.apache.ratis.thirdparty.io.grpc.internal.ClientCallImpl$ClientStreamListenerImpl$1StreamClosed.runInternal(ClientCallImpl.java:735)
	at org.apache.ratis.thirdparty.io.grpc.internal.ClientCallImpl$ClientStreamListenerImpl$1StreamClosed.runInContext(ClientCallImpl.java:716)
	at org.apache.ratis.thirdparty.io.grpc.internal.ContextRunnable.run(ContextRunnable.java:37)
	at org.apache.ratis.thirdparty.io.grpc.internal.SerializingExecutor.run(SerializingExecutor.java:133)
	at java.base/java.util.concurrent.ThreadPoolExecutor.runWorker(ThreadPoolExecutor.java:1136)
	at java.base/java.util.concurrent.ThreadPoolExecutor$Worker.run(ThreadPoolExecutor.java:635)
	at java.base/java.lang.Thread.run(Thread.java:840)
2024-05-04 14:27:02,625 [8808acf2-b901-482b-9182-8feecfa28384-impl-thread4] INFO  server.RaftServer$Division (ServerState.java:close(427)) - 8808acf2-b901-482b-9182-8feecfa28384@group-D5ED0AA30690: applyIndex: 15
2024-05-04 14:27:02,628 [ccbd6c79-39e6-4e91-99a9-9b6c204b47e9@group-B8816B9210C0-StateMachineUpdater] INFO  ratis.ContainerStateMachine (ContainerStateMachine.java:takeSnapshot(366)) - group-B8816B9210C0: Finished taking a snapshot at:(t:1, i:0) file:/home/runner/work/ozone/ozone/hadoop-ozone/integration-test/target/test-dir/MiniOzoneClusterImpl-7c905145-d891-4b2f-be71-50eb4aa8551e/ozone-meta/datanode-4/ratis/dece958d-b9b2-4b60-a8cd-b8816b9210c0/sm/snapshot.1_0 took: 2 ms
2024-05-04 14:27:02,628 [8808acf2-b901-482b-9182-8feecfa28384@group-D5ED0AA30690-cacheEviction-AwaitToRun] INFO  util.AwaitToRun (AwaitToRun.java:run(49)) - 8808acf2-b901-482b-9182-8feecfa28384@group-D5ED0AA30690-cacheEviction-AwaitToRun-AwaitForSignal is interrupted
2024-05-04 14:27:02,627 [8808acf2-b901-482b-9182-8feecfa28384-impl-thread5] INFO  impl.RoleInfo (RoleInfo.java:shutdownLeaderState(94)) - 8808acf2-b901-482b-9182-8feecfa28384: shutdown 8808acf2-b901-482b-9182-8feecfa28384@group-278816DC67B8-LeaderStateImpl
2024-05-04 14:27:02,628 [8808acf2-b901-482b-9182-8feecfa28384-impl-thread5] INFO  impl.PendingRequests (PendingRequests.java:sendNotLeaderResponses(289)) - 8808acf2-b901-482b-9182-8feecfa28384@group-278816DC67B8-PendingRequests: sendNotLeaderResponses
2024-05-04 14:27:02,627 [ccbd6c79-39e6-4e91-99a9-9b6c204b47e9-impl-thread1] INFO  server.RaftServer$Division (ServerState.java:close(427)) - ccbd6c79-39e6-4e91-99a9-9b6c204b47e9@group-D94A52AB4096: applyIndex: 0
2024-05-04 14:27:02,628 [ccbd6c79-39e6-4e91-99a9-9b6c204b47e9@group-B8816B9210C0-StateMachineUpdater] INFO  impl.StateMachineUpdater (StateMachineUpdater.java:takeSnapshot(295)) - ccbd6c79-39e6-4e91-99a9-9b6c204b47e9@group-B8816B9210C0-StateMachineUpdater: Took a snapshot at index 0
2024-05-04 14:27:02,628 [ccbd6c79-39e6-4e91-99a9-9b6c204b47e9@group-D94A52AB4096-cacheEviction-AwaitToRun] INFO  util.AwaitToRun (AwaitToRun.java:run(49)) - ccbd6c79-39e6-4e91-99a9-9b6c204b47e9@group-D94A52AB4096-cacheEviction-AwaitToRun-AwaitForSignal is interrupted
2024-05-04 14:27:02,628 [ccbd6c79-39e6-4e91-99a9-9b6c204b47e9@group-B8816B9210C0-StateMachineUpdater] INFO  impl.StateMachineUpdater (StateMachineUpdater.java:lambda$new$0(98)) - ccbd6c79-39e6-4e91-99a9-9b6c204b47e9@group-B8816B9210C0-StateMachineUpdater: snapshotIndex: updateIncreasingly -1 -> 0
2024-05-04 14:27:02,628 [8808acf2-b901-482b-9182-8feecfa28384@group-278816DC67B8-StateMachineUpdater] INFO  ratis.ContainerStateMachine (ContainerStateMachine.java:takeSnapshot(355)) - group-278816DC67B8: Taking a snapshot at:(t:1, i:0) file /home/runner/work/ozone/ozone/hadoop-ozone/integration-test/target/test-dir/MiniOzoneClusterImpl-7c905145-d891-4b2f-be71-50eb4aa8551e/ozone-meta/datanode-3/ratis/43a4f918-1f05-4b51-974f-278816dc67b8/sm/snapshot.1_0
2024-05-04 14:27:02,628 [ccbd6c79-39e6-4e91-99a9-9b6c204b47e9-impl-thread2] INFO  server.RaftServer$Division (ServerState.java:close(427)) - ccbd6c79-39e6-4e91-99a9-9b6c204b47e9@group-B8816B9210C0: applyIndex: 0
2024-05-04 14:27:02,628 [ccbd6c79-39e6-4e91-99a9-9b6c204b47e9@group-B8816B9210C0-cacheEviction-AwaitToRun] INFO  util.AwaitToRun (AwaitToRun.java:run(49)) - ccbd6c79-39e6-4e91-99a9-9b6c204b47e9@group-B8816B9210C0-cacheEviction-AwaitToRun-AwaitForSignal is interrupted
2024-05-04 14:27:02,628 [8808acf2-b901-482b-9182-8feecfa28384-impl-thread5] INFO  impl.StateMachineUpdater (StateMachineUpdater.java:stopAndJoin(157)) - 8808acf2-b901-482b-9182-8feecfa28384@group-278816DC67B8-StateMachineUpdater: set stopIndex = 0
2024-05-04 14:27:02,628 [8808acf2-b901-482b-9182-8feecfa28384@group-278816DC67B8-StateMachineUpdater] INFO  ratis.ContainerStateMachine (ContainerStateMachine.java:takeSnapshot(366)) - group-278816DC67B8: Finished taking a snapshot at:(t:1, i:0) file:/home/runner/work/ozone/ozone/hadoop-ozone/integration-test/target/test-dir/MiniOzoneClusterImpl-7c905145-d891-4b2f-be71-50eb4aa8551e/ozone-meta/datanode-3/ratis/43a4f918-1f05-4b51-974f-278816dc67b8/sm/snapshot.1_0 took: 1 ms
2024-05-04 14:27:02,629 [8808acf2-b901-482b-9182-8feecfa28384@group-278816DC67B8-StateMachineUpdater] INFO  impl.StateMachineUpdater (StateMachineUpdater.java:takeSnapshot(295)) - 8808acf2-b901-482b-9182-8feecfa28384@group-278816DC67B8-StateMachineUpdater: Took a snapshot at index 0
2024-05-04 14:27:02,629 [8808acf2-b901-482b-9182-8feecfa28384@group-278816DC67B8-StateMachineUpdater] INFO  impl.StateMachineUpdater (StateMachineUpdater.java:lambda$new$0(98)) - 8808acf2-b901-482b-9182-8feecfa28384@group-278816DC67B8-StateMachineUpdater: snapshotIndex: updateIncreasingly -1 -> 0
2024-05-04 14:27:02,629 [8808acf2-b901-482b-9182-8feecfa28384-impl-thread5] INFO  server.RaftServer$Division (ServerState.java:close(427)) - 8808acf2-b901-482b-9182-8feecfa28384@group-278816DC67B8: applyIndex: 0
2024-05-04 14:27:02,629 [8808acf2-b901-482b-9182-8feecfa28384@group-278816DC67B8-cacheEviction-AwaitToRun] INFO  util.AwaitToRun (AwaitToRun.java:run(49)) - 8808acf2-b901-482b-9182-8feecfa28384@group-278816DC67B8-cacheEviction-AwaitToRun-AwaitForSignal is interrupted
2024-05-04 14:27:02,629 [Thread-2013] INFO  server.GrpcServerProtocolClient (GrpcServerProtocolClient.java:close(103)) - 83059998-de51-48d1-9818-e6afe7fa3b6f Close channels
2024-05-04 14:27:02,629 [ForkJoinPool.commonPool-worker-2] INFO  server.GrpcService (GrpcService.java:closeImpl(320)) - ccbd6c79-39e6-4e91-99a9-9b6c204b47e9: shutdown server org.apache.ratis.grpc.server.GrpcClientProtocolService successfully
2024-05-04 14:27:02,629 [ForkJoinPool.commonPool-worker-2] INFO  server.GrpcService (GrpcService.java:closeImpl(311)) - ccbd6c79-39e6-4e91-99a9-9b6c204b47e9: shutdown server GrpcServerProtocolService now
2024-05-04 14:27:02,637 [Thread-2015] INFO  server.GrpcServerProtocolClient (GrpcServerProtocolClient.java:close(103)) - ccbd6c79-39e6-4e91-99a9-9b6c204b47e9 Close channels
2024-05-04 14:27:02,637 [Thread-2016] INFO  server.GrpcServerProtocolClient (GrpcServerProtocolClient.java:close(103)) - 9ec74834-1541-452c-921b-2d323393210f Close channels
2024-05-04 14:27:02,638 [Thread-2017] INFO  server.GrpcServerProtocolClient (GrpcServerProtocolClient.java:close(103)) - 83059998-de51-48d1-9818-e6afe7fa3b6f Close channels
2024-05-04 14:27:02,639 [main] INFO  server.GrpcService (GrpcService.java:closeImpl(320)) - 8808acf2-b901-482b-9182-8feecfa28384: shutdown server org.apache.ratis.grpc.server.GrpcClientProtocolService successfully
2024-05-04 14:27:02,639 [main] INFO  server.GrpcService (GrpcService.java:closeImpl(311)) - 8808acf2-b901-482b-9182-8feecfa28384: shutdown server GrpcServerProtocolService now
2024-05-04 14:27:02,641 [ForkJoinPool.commonPool-worker-2] INFO  server.GrpcService (GrpcService.java:closeImpl(320)) - ccbd6c79-39e6-4e91-99a9-9b6c204b47e9: shutdown server GrpcServerProtocolService successfully
2024-05-04 14:27:02,641 [ForkJoinPool.commonPool-worker-2] INFO  server.GrpcService (GrpcService.java:closeImpl(311)) - ccbd6c79-39e6-4e91-99a9-9b6c204b47e9: shutdown server org.apache.ratis.grpc.server.GrpcAdminProtocolService now
2024-05-04 14:27:02,642 [main] INFO  server.GrpcService (GrpcService.java:closeImpl(320)) - 8808acf2-b901-482b-9182-8feecfa28384: shutdown server GrpcServerProtocolService successfully
2024-05-04 14:27:02,643 [main] INFO  server.GrpcService (GrpcService.java:closeImpl(311)) - 8808acf2-b901-482b-9182-8feecfa28384: shutdown server org.apache.ratis.grpc.server.GrpcAdminProtocolService now
2024-05-04 14:27:02,644 [ccbd6c79-39e6-4e91-99a9-9b6c204b47e9-impl-thread2] INFO  segmented.SegmentedRaftLogWorker (SegmentedRaftLogWorker.java:close(245)) - ccbd6c79-39e6-4e91-99a9-9b6c204b47e9@group-B8816B9210C0-SegmentedRaftLogWorker close()
2024-05-04 14:27:02,646 [ForkJoinPool.commonPool-worker-2] INFO  server.GrpcService (GrpcService.java:closeImpl(320)) - ccbd6c79-39e6-4e91-99a9-9b6c204b47e9: shutdown server org.apache.ratis.grpc.server.GrpcAdminProtocolService successfully
2024-05-04 14:27:02,646 [main] INFO  server.GrpcService (GrpcService.java:closeImpl(320)) - 8808acf2-b901-482b-9182-8feecfa28384: shutdown server org.apache.ratis.grpc.server.GrpcAdminProtocolService successfully
2024-05-04 14:27:02,658 [ccbd6c79-39e6-4e91-99a9-9b6c204b47e9-NettyServerStreamRpc-bossGroup--thread1] INFO  logging.LoggingHandler (AbstractInternalLogger.java:log(148)) - [id: 0xa7277d44, L:/0.0.0.0:15095] CLOSE
2024-05-04 14:27:02,658 [ccbd6c79-39e6-4e91-99a9-9b6c204b47e9-NettyServerStreamRpc-bossGroup--thread1] INFO  logging.LoggingHandler (AbstractInternalLogger.java:log(148)) - [id: 0xa7277d44, L:/0.0.0.0:15095] INACTIVE
2024-05-04 14:27:02,659 [ccbd6c79-39e6-4e91-99a9-9b6c204b47e9-NettyServerStreamRpc-bossGroup--thread1] INFO  logging.LoggingHandler (AbstractInternalLogger.java:log(148)) - [id: 0xa7277d44, L:/0.0.0.0:15095] UNREGISTERED
2024-05-04 14:27:02,669 [8808acf2-b901-482b-9182-8feecfa28384-NettyServerStreamRpc-bossGroup--thread1] INFO  logging.LoggingHandler (AbstractInternalLogger.java:log(148)) - [id: 0x263a96e5, L:/0.0.0.0:15086] CLOSE
2024-05-04 14:27:02,669 [8808acf2-b901-482b-9182-8feecfa28384-NettyServerStreamRpc-bossGroup--thread1] INFO  logging.LoggingHandler (AbstractInternalLogger.java:log(148)) - [id: 0x263a96e5, L:/0.0.0.0:15086] INACTIVE
2024-05-04 14:27:02,669 [8808acf2-b901-482b-9182-8feecfa28384-NettyServerStreamRpc-bossGroup--thread1] INFO  logging.LoggingHandler (AbstractInternalLogger.java:log(148)) - [id: 0x263a96e5, L:/0.0.0.0:15086] UNREGISTERED
2024-05-04 14:27:02,671 [EventQueue-DeadNodeForDeadNodeHandler] INFO  node.DeadNodeHandler (DeadNodeHandler.java:onMessage(95)) - A dead datanode is detected. ccbd6c79-39e6-4e91-99a9-9b6c204b47e9(localhost/127.0.0.1)
2024-05-04 14:27:02,672 [EventQueue-DeadNodeForDeadNodeHandler] INFO  pipeline.RatisPipelineProvider (RatisPipelineProvider.java:lambda$close$4(270)) - Send pipeline:PipelineID=dece958d-b9b2-4b60-a8cd-b8816b9210c0 close command to datanode ccbd6c79-39e6-4e91-99a9-9b6c204b47e9
2024-05-04 14:27:02,672 [EventQueue-DeadNodeForDeadNodeHandler] INFO  pipeline.PipelineManagerImpl (PipelineManagerImpl.java:removePipeline(459)) - Pipeline Pipeline[ Id: dece958d-b9b2-4b60-a8cd-b8816b9210c0, Nodes: ccbd6c79-39e6-4e91-99a9-9b6c204b47e9(localhost/127.0.0.1), ReplicationConfig: RATIS/ONE, State:CLOSED, leaderId:ccbd6c79-39e6-4e91-99a9-9b6c204b47e9, CreationTimestamp2024-05-04T14:26:38.483Z[Etc/UTC]] removed.
2024-05-04 14:27:02,672 [EventQueue-DeadNodeForDeadNodeHandler] INFO  node.DeadNodeHandler (DeadNodeHandler.java:onMessage(108)) - Clearing command queue of size 1 for DN ccbd6c79-39e6-4e91-99a9-9b6c204b47e9(localhost/127.0.0.1)
2024-05-04 14:27:02,672 [EventQueue-DeadNodeForDeadNodeHandler] INFO  net.NetworkTopologyImpl (NetworkTopologyImpl.java:remove(212)) - Removed a node: /default-rack/ccbd6c79-39e6-4e91-99a9-9b6c204b47e9
2024-05-04 14:27:02,672 [EventQueue-DeadNodeForDeadNodeHandler] INFO  node.DeadNodeHandler (DeadNodeHandler.java:onMessage(95)) - A dead datanode is detected. 8808acf2-b901-482b-9182-8feecfa28384(localhost/127.0.0.1)
2024-05-04 14:27:02,672 [EventQueue-DeadNodeForDeadNodeHandler] INFO  pipeline.RatisPipelineProvider (RatisPipelineProvider.java:lambda$close$4(270)) - Send pipeline:PipelineID=43a4f918-1f05-4b51-974f-278816dc67b8 close command to datanode 8808acf2-b901-482b-9182-8feecfa28384
2024-05-04 14:27:02,672 [EventQueue-DeadNodeForDeadNodeHandler] INFO  pipeline.PipelineManagerImpl (PipelineManagerImpl.java:removePipeline(459)) - Pipeline Pipeline[ Id: 43a4f918-1f05-4b51-974f-278816dc67b8, Nodes: 8808acf2-b901-482b-9182-8feecfa28384(localhost/127.0.0.1), ReplicationConfig: RATIS/ONE, State:CLOSED, leaderId:8808acf2-b901-482b-9182-8feecfa28384, CreationTimestamp2024-05-04T14:26:38.418Z[Etc/UTC]] removed.
2024-05-04 14:27:02,673 [EventQueue-DeadNodeForDeadNodeHandler] INFO  node.DeadNodeHandler (DeadNodeHandler.java:onMessage(108)) - Clearing command queue of size 1 for DN 8808acf2-b901-482b-9182-8feecfa28384(localhost/127.0.0.1)
2024-05-04 14:27:02,673 [EventQueue-DeadNodeForDeadNodeHandler] INFO  net.NetworkTopologyImpl (NetworkTopologyImpl.java:remove(212)) - Removed a node: /default-rack/8808acf2-b901-482b-9182-8feecfa28384
2024-05-04 14:27:02,768 [8808acf2-b901-482b-9182-8feecfa28384-impl-thread3] INFO  segmented.SegmentedRaftLogWorker (SegmentedRaftLogWorker.java:close(245)) - 8808acf2-b901-482b-9182-8feecfa28384@group-C3DAD7AF45B8-SegmentedRaftLogWorker close()
2024-05-04 14:27:02,772 [EventQueue-DeadNodeForDeadNodeHandler] INFO  node.DeadNodeHandler (DeadNodeHandler.java:onMessage(95)) - A dead datanode is detected. 3ae9785c-56ef-4b84-8cb7-69d91d7d731c(localhost/127.0.0.1)
2024-05-04 14:27:02,772 [EventQueue-DeadNodeForDeadNodeHandler] INFO  pipeline.RatisPipelineProvider (RatisPipelineProvider.java:lambda$close$4(270)) - Send pipeline:PipelineID=cbd3ffaa-71b0-4cf2-b7f6-ab4b3a4ad983 close command to datanode 3ae9785c-56ef-4b84-8cb7-69d91d7d731c
2024-05-04 14:27:02,772 [EventQueue-DeadNodeForDeadNodeHandler] INFO  pipeline.PipelineManagerImpl (PipelineManagerImpl.java:removePipeline(459)) - Pipeline Pipeline[ Id: cbd3ffaa-71b0-4cf2-b7f6-ab4b3a4ad983, Nodes: 3ae9785c-56ef-4b84-8cb7-69d91d7d731c(localhost/127.0.0.1), ReplicationConfig: RATIS/ONE, State:CLOSED, leaderId:3ae9785c-56ef-4b84-8cb7-69d91d7d731c, CreationTimestamp2024-05-04T14:26:38.565Z[Etc/UTC]] removed.
2024-05-04 14:27:02,772 [EventQueue-DeadNodeForDeadNodeHandler] INFO  node.DeadNodeHandler (DeadNodeHandler.java:onMessage(108)) - Clearing command queue of size 1 for DN 3ae9785c-56ef-4b84-8cb7-69d91d7d731c(localhost/127.0.0.1)
2024-05-04 14:27:02,772 [EventQueue-DeadNodeForDeadNodeHandler] INFO  net.NetworkTopologyImpl (NetworkTopologyImpl.java:remove(212)) - Removed a node: /default-rack/3ae9785c-56ef-4b84-8cb7-69d91d7d731c
2024-05-04 14:27:02,834 [ccbd6c79-39e6-4e91-99a9-9b6c204b47e9-impl-thread1] INFO  segmented.SegmentedRaftLogWorker (SegmentedRaftLogWorker.java:close(245)) - ccbd6c79-39e6-4e91-99a9-9b6c204b47e9@group-D94A52AB4096-SegmentedRaftLogWorker close()
2024-05-04 14:27:02,834 [JvmPauseMonitor12] INFO  util.JvmPauseMonitor (JvmPauseMonitor.java:run(152)) - JvmPauseMonitor-ccbd6c79-39e6-4e91-99a9-9b6c204b47e9: Stopped
2024-05-04 14:27:02,850 [8808acf2-b901-482b-9182-8feecfa28384-impl-thread1] INFO  segmented.SegmentedRaftLogWorker (SegmentedRaftLogWorker.java:close(245)) - 8808acf2-b901-482b-9182-8feecfa28384@group-D94A52AB4096-SegmentedRaftLogWorker close()
2024-05-04 14:27:03,610 [8808acf2-b901-482b-9182-8feecfa28384-impl-thread5] INFO  segmented.SegmentedRaftLogWorker (SegmentedRaftLogWorker.java:close(245)) - 8808acf2-b901-482b-9182-8feecfa28384@group-278816DC67B8-SegmentedRaftLogWorker close()
2024-05-04 14:27:03,619 [8808acf2-b901-482b-9182-8feecfa28384-impl-thread4] INFO  segmented.SegmentedRaftLogWorker (SegmentedRaftLogWorker.java:close(245)) - 8808acf2-b901-482b-9182-8feecfa28384@group-D5ED0AA30690-SegmentedRaftLogWorker close()
2024-05-04 14:27:03,620 [8808acf2-b901-482b-9182-8feecfa28384-impl-thread2] INFO  segmented.SegmentedRaftLogWorker (SegmentedRaftLogWorker.java:close(245)) - 8808acf2-b901-482b-9182-8feecfa28384@group-6025E5D5C1B1-SegmentedRaftLogWorker close()
2024-05-04 14:27:03,621 [JvmPauseMonitor11] INFO  util.JvmPauseMonitor (JvmPauseMonitor.java:run(152)) - JvmPauseMonitor-8808acf2-b901-482b-9182-8feecfa28384: Stopped
2024-05-04 14:27:04,837 [ForkJoinPool.commonPool-worker-2] INFO  utils.DatanodeStoreCache (DatanodeStoreCache.java:shutdownCache(116)) - Skip clearing cache in mini cluster mode. Entries left: [/home/runner/work/ozone/ozone/hadoop-ozone/integration-test/target/test-dir/MiniOzoneClusterImpl-7c905145-d891-4b2f-be71-50eb4aa8551e/ozone-meta/datanode-3/data-0/hdds/7c905145-d891-4b2f-be71-50eb4aa8551e/DS-dace4c98-7f23-4dd0-aa1a-79c639db6c24/container.db, /home/runner/work/ozone/ozone/hadoop-ozone/integration-test/target/test-dir/MiniOzoneClusterImpl-7c905145-d891-4b2f-be71-50eb4aa8551e/ozone-meta/datanode-4/data-0/hdds/7c905145-d891-4b2f-be71-50eb4aa8551e/DS-df6dd806-0e81-457e-8c8d-76ce3126f522/container.db]
2024-05-04 14:27:04,837 [ForkJoinPool.commonPool-worker-2] INFO  utils.DatanodeStoreCache (DatanodeStoreCache.java:removeDB(110)) - Removed db /home/runner/work/ozone/ozone/hadoop-ozone/integration-test/target/test-dir/MiniOzoneClusterImpl-7c905145-d891-4b2f-be71-50eb4aa8551e/ozone-meta/datanode-4/data-0/hdds/7c905145-d891-4b2f-be71-50eb4aa8551e/DS-df6dd806-0e81-457e-8c8d-76ce3126f522/container.db from cache
2024-05-04 14:27:04,838 [ForkJoinPool.commonPool-worker-2] INFO  volume.HddsVolume (HddsVolume.java:closeDbStore(470)) - SchemaV3 db is stopped at /home/runner/work/ozone/ozone/hadoop-ozone/integration-test/target/test-dir/MiniOzoneClusterImpl-7c905145-d891-4b2f-be71-50eb4aa8551e/ozone-meta/datanode-4/data-0/hdds/7c905145-d891-4b2f-be71-50eb4aa8551e/DS-df6dd806-0e81-457e-8c8d-76ce3126f522/container.db for volume DS-df6dd806-0e81-457e-8c8d-76ce3126f522
2024-05-04 14:27:04,838 [ForkJoinPool.commonPool-worker-2] INFO  utils.BackgroundService (BackgroundService.java:shutdown(160)) - Shutting down service BlockDeletingService
2024-05-04 14:27:04,838 [ForkJoinPool.commonPool-worker-2] INFO  utils.BackgroundService (BackgroundService.java:shutdown(160)) - Shutting down service StaleRecoveringContainerScrubbingService
2024-05-04 14:27:04,838 [ForkJoinPool.commonPool-worker-2] INFO  statemachine.DatanodeStateMachine (DatanodeStateMachine.java:stopDaemon(638)) - Ozone container server stopped.
2024-05-04 14:27:04,839 [ForkJoinPool.commonPool-worker-2] INFO  handler.ContextHandler (ContextHandler.java:doStop(1159)) - Stopped o.e.j.w.WebAppContext@6b57ac6a{hddsDatanode,/,null,STOPPED}{file:/home/runner/work/ozone/ozone/hadoop-hdds/container-service/target/classes/webapps/hddsDatanode}
2024-05-04 14:27:04,839 [ForkJoinPool.commonPool-worker-2] INFO  server.AbstractConnector (AbstractConnector.java:doStop(383)) - Stopped ServerConnector@4902882c{HTTP/1.1, (http/1.1)}{0.0.0.0:15089}
2024-05-04 14:27:04,839 [ForkJoinPool.commonPool-worker-2] INFO  server.session (HouseKeeper.java:stopScavenging(149)) - node0 Stopped scavenging
2024-05-04 14:27:04,839 [ForkJoinPool.commonPool-worker-2] INFO  handler.ContextHandler (ContextHandler.java:doStop(1159)) - Stopped o.e.j.s.ServletContextHandler@1997784a{static,/static,file:///home/runner/work/ozone/ozone/hadoop-hdds/container-service/target/classes/webapps/static,STOPPED}
2024-05-04 14:27:04,839 [ForkJoinPool.commonPool-worker-2] INFO  handler.ContextHandler (ContextHandler.java:doStop(1159)) - Stopped o.e.j.s.ServletContextHandler@128e7fc4{logs,/logs,file:///home/runner/work/ozone/ozone/hadoop-ozone/integration-test/target/log,STOPPED}
2024-05-04 14:27:04,840 [ForkJoinPool.commonPool-worker-2] INFO  ozone.HddsDatanodeClientProtocolServer (HddsDatanodeClientProtocolServer.java:stop(83)) - Stopping the RPC server for Client Protocol
2024-05-04 14:27:04,840 [ForkJoinPool.commonPool-worker-2] INFO  ipc.Server (Server.java:stop(3523)) - Stopping server on 15090
2024-05-04 14:27:04,840 [IPC Server listener on 15090] INFO  ipc.Server (Server.java:run(1434)) - Stopping IPC Server listener on 15090
2024-05-04 14:27:04,840 [IPC Server Responder] INFO  ipc.Server (Server.java:run(1567)) - Stopping IPC Server Responder
2024-05-04 14:27:05,623 [main] INFO  utils.DatanodeStoreCache (DatanodeStoreCache.java:shutdownCache(116)) - Skip clearing cache in mini cluster mode. Entries left: [/home/runner/work/ozone/ozone/hadoop-ozone/integration-test/target/test-dir/MiniOzoneClusterImpl-7c905145-d891-4b2f-be71-50eb4aa8551e/ozone-meta/datanode-3/data-0/hdds/7c905145-d891-4b2f-be71-50eb4aa8551e/DS-dace4c98-7f23-4dd0-aa1a-79c639db6c24/container.db]
2024-05-04 14:27:05,624 [main] INFO  utils.DatanodeStoreCache (DatanodeStoreCache.java:removeDB(110)) - Removed db /home/runner/work/ozone/ozone/hadoop-ozone/integration-test/target/test-dir/MiniOzoneClusterImpl-7c905145-d891-4b2f-be71-50eb4aa8551e/ozone-meta/datanode-3/data-0/hdds/7c905145-d891-4b2f-be71-50eb4aa8551e/DS-dace4c98-7f23-4dd0-aa1a-79c639db6c24/container.db from cache
2024-05-04 14:27:05,624 [main] INFO  volume.HddsVolume (HddsVolume.java:closeDbStore(470)) - SchemaV3 db is stopped at /home/runner/work/ozone/ozone/hadoop-ozone/integration-test/target/test-dir/MiniOzoneClusterImpl-7c905145-d891-4b2f-be71-50eb4aa8551e/ozone-meta/datanode-3/data-0/hdds/7c905145-d891-4b2f-be71-50eb4aa8551e/DS-dace4c98-7f23-4dd0-aa1a-79c639db6c24/container.db for volume DS-dace4c98-7f23-4dd0-aa1a-79c639db6c24
2024-05-04 14:27:05,624 [main] INFO  utils.BackgroundService (BackgroundService.java:shutdown(160)) - Shutting down service BlockDeletingService
2024-05-04 14:27:05,625 [main] INFO  utils.BackgroundService (BackgroundService.java:shutdown(160)) - Shutting down service StaleRecoveringContainerScrubbingService
2024-05-04 14:27:05,625 [main] INFO  statemachine.DatanodeStateMachine (DatanodeStateMachine.java:stopDaemon(638)) - Ozone container server stopped.
2024-05-04 14:27:05,625 [main] INFO  handler.ContextHandler (ContextHandler.java:doStop(1159)) - Stopped o.e.j.w.WebAppContext@4a645ebb{hddsDatanode,/,null,STOPPED}{file:/home/runner/work/ozone/ozone/hadoop-hdds/container-service/target/classes/webapps/hddsDatanode}
2024-05-04 14:27:05,626 [main] INFO  server.AbstractConnector (AbstractConnector.java:doStop(383)) - Stopped ServerConnector@69b96cd{HTTP/1.1, (http/1.1)}{0.0.0.0:15080}
2024-05-04 14:27:05,626 [main] INFO  server.session (HouseKeeper.java:stopScavenging(149)) - node0 Stopped scavenging
2024-05-04 14:27:05,626 [main] INFO  handler.ContextHandler (ContextHandler.java:doStop(1159)) - Stopped o.e.j.s.ServletContextHandler@1b3b95e8{static,/static,file:///home/runner/work/ozone/ozone/hadoop-hdds/container-service/target/classes/webapps/static,STOPPED}
2024-05-04 14:27:05,626 [main] INFO  handler.ContextHandler (ContextHandler.java:doStop(1159)) - Stopped o.e.j.s.ServletContextHandler@a969ba9{logs,/logs,file:///home/runner/work/ozone/ozone/hadoop-ozone/integration-test/target/log,STOPPED}
2024-05-04 14:27:05,628 [main] INFO  ozone.HddsDatanodeClientProtocolServer (HddsDatanodeClientProtocolServer.java:stop(83)) - Stopping the RPC server for Client Protocol
2024-05-04 14:27:05,628 [main] INFO  ipc.Server (Server.java:stop(3523)) - Stopping server on 15081
2024-05-04 14:27:05,628 [IPC Server listener on 15081] INFO  ipc.Server (Server.java:run(1434)) - Stopping IPC Server listener on 15081
2024-05-04 14:27:05,628 [IPC Server Responder] INFO  ipc.Server (Server.java:run(1567)) - Stopping IPC Server Responder
2024-05-04 14:27:05,629 [main] INFO  ozone.MiniOzoneClusterImpl (MiniOzoneClusterImpl.java:stopSCM(486)) - Stopping the StorageContainerManager
2024-05-04 14:27:05,629 [main] INFO  server.StorageContainerManager (StorageContainerManager.java:stop(1653)) - Container Balancer is not running.
2024-05-04 14:27:05,629 [main] INFO  server.StorageContainerManager (StorageContainerManager.java:stopReplicationManager(1786)) - Stopping Replication Manager Service.
2024-05-04 14:27:05,629 [main] INFO  replication.ReplicationManager (ReplicationManager.java:stop(329)) - Stopping Replication Monitor Thread.
2024-05-04 14:27:05,629 [OverReplicatedProcessor] WARN  replication.UnhealthyReplicationProcessor (UnhealthyReplicationProcessor.java:run(180)) - OverReplicatedProcessor interrupted. Exiting...
2024-05-04 14:27:05,630 [UnderReplicatedProcessor] WARN  replication.UnhealthyReplicationProcessor (UnhealthyReplicationProcessor.java:run(180)) - UnderReplicatedProcessor interrupted. Exiting...
2024-05-04 14:27:05,630 [main] INFO  server.StorageContainerManager (StorageContainerManager.java:stop(1662)) - Stopping the Datanode Admin Monitor.
2024-05-04 14:27:05,630 [ReplicationMonitor] INFO  replication.ReplicationManager (ReplicationManager.java:run(938)) - Replication Monitor Thread is stopped
2024-05-04 14:27:05,630 [main] INFO  server.StorageContainerManager (StorageContainerManager.java:stop(1669)) - Stopping datanode service RPC server
2024-05-04 14:27:05,630 [main] INFO  server.SCMDatanodeProtocolServer (SCMDatanodeProtocolServer.java:stop(425)) - Stopping the RPC server for DataNodes
2024-05-04 14:27:05,630 [main] INFO  ipc.Server (Server.java:stop(3523)) - Stopping server on 15055
2024-05-04 14:27:05,634 [IPC Server listener on 15055] INFO  ipc.Server (Server.java:run(1434)) - Stopping IPC Server listener on 15055
2024-05-04 14:27:05,634 [IPC Server Responder] INFO  ipc.Server (Server.java:run(1567)) - Stopping IPC Server Responder
2024-05-04 14:27:05,674 [SCMHeartbeatProcessor-0] WARN  node.NodeStateManager (NodeStateManager.java:scheduleNextHealthCheck(878)) - Current Thread is interrupted, shutting down HB processing thread for Node Manager.
2024-05-04 14:27:05,674 [main] INFO  server.StorageContainerManager (StorageContainerManager.java:stop(1677)) - Stopping block service RPC server
2024-05-04 14:27:05,674 [main] INFO  server.SCMBlockProtocolServer (SCMBlockProtocolServer.java:stop(171)) - Stopping the RPC server for Block Protocol
2024-05-04 14:27:05,674 [main] INFO  ipc.Server (Server.java:stop(3523)) - Stopping server on 15054
2024-05-04 14:27:05,679 [IPC Server listener on 15054] INFO  ipc.Server (Server.java:run(1434)) - Stopping IPC Server listener on 15054
2024-05-04 14:27:05,679 [IPC Server Responder] INFO  ipc.Server (Server.java:run(1567)) - Stopping IPC Server Responder
2024-05-04 14:27:05,679 [main] INFO  server.StorageContainerManager (StorageContainerManager.java:stop(1684)) - Stopping the StorageContainerLocationProtocol RPC server
2024-05-04 14:27:05,679 [main] INFO  server.SCMClientProtocolServer (SCMClientProtocolServer.java:stop(213)) - Stopping the RPC server for Client Protocol
2024-05-04 14:27:05,680 [main] INFO  ipc.Server (Server.java:stop(3523)) - Stopping server on 15053
2024-05-04 14:27:05,684 [IPC Server listener on 15053] INFO  ipc.Server (Server.java:run(1434)) - Stopping IPC Server listener on 15053
2024-05-04 14:27:05,684 [IPC Server Responder] INFO  ipc.Server (Server.java:run(1567)) - Stopping IPC Server Responder
2024-05-04 14:27:05,685 [main] INFO  server.StorageContainerManager (StorageContainerManager.java:stop(1691)) - Stopping Storage Container Manager HTTP server.
2024-05-04 14:27:05,685 [main] INFO  handler.ContextHandler (ContextHandler.java:doStop(1159)) - Stopped o.e.j.w.WebAppContext@c370bb5{scm,/,null,STOPPED}{file:/home/runner/work/ozone/ozone/hadoop-ozone/integration-test/target/test-classes/webapps/scm}
2024-05-04 14:27:05,686 [main] INFO  server.AbstractConnector (AbstractConnector.java:doStop(383)) - Stopped ServerConnector@6a377a{HTTP/1.1, (http/1.1)}{0.0.0.0:15056}
2024-05-04 14:27:05,687 [main] INFO  server.session (HouseKeeper.java:stopScavenging(149)) - node0 Stopped scavenging
2024-05-04 14:27:05,687 [main] INFO  handler.ContextHandler (ContextHandler.java:doStop(1159)) - Stopped o.e.j.s.ServletContextHandler@1c244e31{static,/static,file:///home/runner/work/ozone/ozone/hadoop-ozone/integration-test/target/test-classes/webapps/static,STOPPED}
2024-05-04 14:27:05,687 [main] INFO  handler.ContextHandler (ContextHandler.java:doStop(1159)) - Stopped o.e.j.s.ServletContextHandler@21721fc6{logs,/logs,file:///home/runner/work/ozone/ozone/hadoop-ozone/integration-test/target/log,STOPPED}
2024-05-04 14:27:05,688 [main] INFO  server.StorageContainerManager (StorageContainerManager.java:stop(1699)) - Stopping SCM LayoutVersionManager Service.
2024-05-04 14:27:05,688 [main] INFO  server.StorageContainerManager (StorageContainerManager.java:stop(1711)) - Stopping Block Manager Service.
2024-05-04 14:27:05,689 [main] INFO  utils.BackgroundService (BackgroundService.java:shutdown(160)) - Shutting down service SCMBlockDeletingService
2024-05-04 14:27:05,689 [main] INFO  utils.BackgroundService (BackgroundService.java:shutdown(160)) - Shutting down service SCMBlockDeletingService
2024-05-04 14:27:05,689 [main] INFO  server.StorageContainerManager (StorageContainerManager.java:stop(1731)) - Stopping SCM Event Queue.
2024-05-04 14:27:05,691 [JvmPauseMonitor7] INFO  util.JvmPauseMonitor (JvmPauseMonitor.java:run(152)) - JvmPauseMonitor-194bc5ab-432c-4ed7-a786-da2a081aaec1: Stopped
2024-05-04 14:27:05,691 [main] INFO  server.StorageContainerManager (StorageContainerManager.java:stop(1742)) - Stopping SCM HA services.
2024-05-04 14:27:05,691 [main] INFO  pipeline.BackgroundPipelineCreator (BackgroundPipelineCreator.java:stop(152)) - Stopping RatisPipelineUtilsThread.
2024-05-04 14:27:05,691 [RatisPipelineUtilsThread-0] WARN  pipeline.BackgroundPipelineCreator (BackgroundPipelineCreator.java:run(183)) - RatisPipelineUtilsThread is interrupted.
2024-05-04 14:27:05,691 [main] INFO  BackgroundPipelineScrubber (BackgroundSCMService.java:stop(128)) - Stopping BackgroundPipelineScrubber Service.
2024-05-04 14:27:05,691 [BackgroundPipelineScrubber] WARN  BackgroundPipelineScrubber (BackgroundSCMService.java:run(112)) - BackgroundPipelineScrubber is interrupted, exit
2024-05-04 14:27:05,691 [main] INFO  impl.MetricsSystemImpl (MetricsSystemImpl.java:stop(210)) - Stopping HddsDatanode metrics system...
2024-05-04 14:27:05,693 [prometheus] INFO  impl.MetricsSinkAdapter (MetricsSinkAdapter.java:publishMetricsFromQueue(141)) - prometheus thread interrupted.
2024-05-04 14:27:05,693 [main] INFO  impl.MetricsSystemImpl (MetricsSystemImpl.java:stop(216)) - HddsDatanode metrics system stopped.
2024-05-04 14:27:05,693 [main] WARN  pipeline.BackgroundPipelineCreator (BackgroundPipelineCreator.java:stop(148)) - RatisPipelineUtilsThread is not running, just ignore.
2024-05-04 14:27:05,693 [main] INFO  BackgroundPipelineScrubber (BackgroundSCMService.java:stop(123)) - BackgroundPipelineScrubber Service is not running, skip stop.
2024-05-04 14:27:05,693 [ExpiredContainerReplicaOpScrubber] WARN  ExpiredContainerReplicaOpScrubber (BackgroundSCMService.java:run(112)) - ExpiredContainerReplicaOpScrubber is interrupted, exit
2024-05-04 14:27:05,693 [main] INFO  ExpiredContainerReplicaOpScrubber (BackgroundSCMService.java:stop(128)) - Stopping ExpiredContainerReplicaOpScrubber Service.
2024-05-04 14:27:05,693 [main] INFO  utils.BackgroundService (BackgroundService.java:shutdown(160)) - Shutting down service SCMBlockDeletingService
2024-05-04 14:27:05,694 [main] INFO  replication.ReplicationManager (ReplicationManager.java:stop(339)) - Replication Monitor Thread is not running.
2024-05-04 14:27:05,694 [main] WARN  balancer.ContainerBalancer (ContainerBalancer.java:stop(327)) - Cannot stop Container Balancer because it's not running or stopping
2024-05-04 14:27:05,694 [main] INFO  server.StorageContainerManager (StorageContainerManager.java:stop(1777)) - Stopping SCM MetadataStore.
]]></system-out>
  </testcase>
  <testcase name="testDatanodeFailureWithPreAllocation(boolean)[1]" classname="org.apache.hadoop.ozone.client.rpc.TestBlockOutputStreamWithFailures" time="72.304"/>
  <testcase name="testDatanodeFailureWithPreAllocation(boolean)[2]" classname="org.apache.hadoop.ozone.client.rpc.TestBlockOutputStreamWithFailures" time="70.133"/>
  <testcase name="testContainerClose(boolean)[1]" classname="org.apache.hadoop.ozone.client.rpc.TestBlockOutputStreamWithFailures" time="32.262"/>
  <testcase name="testContainerClose(boolean)[2]" classname="org.apache.hadoop.ozone.client.rpc.TestBlockOutputStreamWithFailures" time="32.318"/>
</testsuite>