<?xml version="1.0" encoding="UTF-8"?>
<testsuite xmlns:xsi="http://www.w3.org/2001/XMLSchema-instance" xsi:noNamespaceSchemaLocation="https://maven.apache.org/surefire/maven-surefire-plugin/xsd/surefire-test-report.xsd" name="org.apache.hadoop.ozone.client.rpc.Test2WayCommitInRatis" time="88.565" tests="1" errors="1" skipped="0" failures="0">
  <properties>
    <property name="awt.toolkit" value="sun.awt.X11.XToolkit"/>
    <property name="file.encoding.pkg" value="sun.io"/>
    <property name="java.specification.version" value="1.8"/>
    <property name="sun.cpu.isalist" value=""/>
    <property name="sun.jnu.encoding" value="ANSI_X3.4-1968"/>
    <property name="java.class.path" value="/github/workspace/mnt/ozone/hadoop-ozone/integration-test/target/test-classes:/github/workspace/mnt/ozone/hadoop-ozone/integration-test/target/classes:/home/user/.m2/repository/org/apache/hadoop/hadoop-ozone-common/0.6.0-SNAPSHOT/hadoop-ozone-common-0.6.0-SNAPSHOT.jar:/home/user/.m2/repository/org/apache/commons/commons-compress/1.4.1/commons-compress-1.4.1.jar:/home/user/.m2/repository/org/tukaani/xz/1.0/xz-1.0.jar:/home/user/.m2/repository/org/apache/hadoop/hadoop-hdds-common/0.6.0-SNAPSHOT/hadoop-hdds-common-0.6.0-SNAPSHOT.jar:/home/user/.m2/repository/info/picocli/picocli/3.9.6/picocli-3.9.6.jar:/home/user/.m2/repository/com/fasterxml/jackson/core/jackson-annotations/2.10.3/jackson-annotations-2.10.3.jar:/home/user/.m2/repository/javax/annotation/javax.annotation-api/1.2/javax.annotation-api-1.2.jar:/home/user/.m2/repository/org/apache/ratis/ratis-server/0.6.0-cac3336-SNAPSHOT/ratis-server-0.6.0-cac3336-SNAPSHOT.jar:/home/user/.m2/repository/org/apache/ratis/ratis-thirdparty-misc/0.4.0/ratis-thirdparty-misc-0.4.0.jar:/home/user/.m2/repository/org/apache/ratis/ratis-client/0.6.0-cac3336-SNAPSHOT/ratis-client-0.6.0-cac3336-SNAPSHOT.jar:/home/user/.m2/repository/org/apache/ratis/ratis-metrics/0.6.0-cac3336-SNAPSHOT/ratis-metrics-0.6.0-cac3336-SNAPSHOT.jar:/home/user/.m2/repository/org/apache/ratis/ratis-netty/0.6.0-cac3336-SNAPSHOT/ratis-netty-0.6.0-cac3336-SNAPSHOT.jar:/home/user/.m2/repository/org/apache/ratis/ratis-grpc/0.6.0-cac3336-SNAPSHOT/ratis-grpc-0.6.0-cac3336-SNAPSHOT.jar:/home/user/.m2/repository/org/apache/logging/log4j/log4j-api/2.11.0/log4j-api-2.11.0.jar:/home/user/.m2/repository/org/apache/logging/log4j/log4j-core/2.11.0/log4j-core-2.11.0.jar:/home/user/.m2/repository/com/lmax/disruptor/3.4.2/disruptor-3.4.2.jar:/home/user/.m2/repository/org/apache/commons/commons-pool2/2.6.0/commons-pool2-2.6.0.jar:/home/user/.m2/repository/org/bouncycastle/bcpkix-jdk15on/1.60/bcpkix-jdk15on-1.60.jar:/home/user/.m2/repository/commons-validator/commons-validator/1.6/commons-validator-1.6.jar:/home/user/.m2/repository/commons-digester/commons-digester/1.8.1/commons-digester-1.8.1.jar:/home/user/.m2/repository/io/jaegertracing/jaeger-client/1.2.0/jaeger-client-1.2.0.jar:/home/user/.m2/repository/io/jaegertracing/jaeger-thrift/1.2.0/jaeger-thrift-1.2.0.jar:/home/user/.m2/repository/org/apache/thrift/libthrift/0.13.0/libthrift-0.13.0.jar:/home/user/.m2/repository/com/squareup/okhttp3/okhttp/4.2.2/okhttp-4.2.2.jar:/home/user/.m2/repository/com/squareup/okio/okio/2.2.2/okio-2.2.2.jar:/home/user/.m2/repository/org/jetbrains/kotlin/kotlin-stdlib/1.3.50/kotlin-stdlib-1.3.50.jar:/home/user/.m2/repository/org/jetbrains/kotlin/kotlin-stdlib-common/1.3.50/kotlin-stdlib-common-1.3.50.jar:/home/user/.m2/repository/org/jetbrains/annotations/13.0/annotations-13.0.jar:/home/user/.m2/repository/io/jaegertracing/jaeger-core/1.2.0/jaeger-core-1.2.0.jar:/home/user/.m2/repository/io/jaegertracing/jaeger-tracerresolver/1.2.0/jaeger-tracerresolver-1.2.0.jar:/home/user/.m2/repository/io/opentracing/contrib/opentracing-tracerresolver/0.1.8/opentracing-tracerresolver-0.1.8.jar:/home/user/.m2/repository/io/opentracing/opentracing-util/0.33.0/opentracing-util-0.33.0.jar:/home/user/.m2/repository/io/opentracing/opentracing-api/0.33.0/opentracing-api-0.33.0.jar:/home/user/.m2/repository/io/opentracing/opentracing-noop/0.33.0/opentracing-noop-0.33.0.jar:/home/user/.m2/repository/org/apache/hadoop/hadoop-hdds-client/0.6.0-SNAPSHOT/hadoop-hdds-client-0.6.0-SNAPSHOT.jar:/home/user/.m2/repository/org/apache/hadoop/hadoop-hdds-test-utils/0.6.0-SNAPSHOT/hadoop-hdds-test-utils-0.6.0-SNAPSHOT.jar:/home/user/.m2/repository/com/google/guava/guava/28.2-jre/guava-28.2-jre.jar:/home/user/.m2/repository/com/google/guava/failureaccess/1.0.1/failureaccess-1.0.1.jar:/home/user/.m2/repository/com/google/guava/listenablefuture/9999.0-empty-to-avoid-conflict-with-guava/listenablefuture-9999.0-empty-to-avoid-conflict-with-guava.jar:/home/user/.m2/repository/com/google/code/findbugs/jsr305/3.0.0/jsr305-3.0.0.jar:/home/user/.m2/repository/org/checkerframework/checker-qual/2.10.0/checker-qual-2.10.0.jar:/home/user/.m2/repository/com/google/errorprone/error_prone_annotations/2.2.0/error_prone_annotations-2.2.0.jar:/home/user/.m2/repository/com/google/j2objc/j2objc-annotations/1.3/j2objc-annotations-1.3.jar:/home/user/.m2/repository/commons-io/commons-io/2.5/commons-io-2.5.jar:/home/user/.m2/repository/commons-logging/commons-logging/1.2/commons-logging-1.2.jar:/home/user/.m2/repository/log4j/log4j/1.2.17/log4j-1.2.17.jar:/home/user/.m2/repository/org/slf4j/slf4j-api/1.7.25/slf4j-api-1.7.25.jar:/home/user/.m2/repository/org/apache/hadoop/hadoop-hdds-server-scm/0.6.0-SNAPSHOT/hadoop-hdds-server-scm-0.6.0-SNAPSHOT.jar:/home/user/.m2/repository/org/apache/hadoop/hadoop-hdds-container-service/0.6.0-SNAPSHOT/hadoop-hdds-container-service-0.6.0-SNAPSHOT.jar:/home/user/.m2/repository/org/apache/hadoop/hadoop-hdds-hadoop-dependency-server/0.6.0-SNAPSHOT/hadoop-hdds-hadoop-dependency-server-0.6.0-SNAPSHOT.jar:/home/user/.m2/repository/org/apache/hadoop/hadoop-hdds-server-framework/0.6.0-SNAPSHOT/hadoop-hdds-server-framework-0.6.0-SNAPSHOT.jar:/home/user/.m2/repository/org/rocksdb/rocksdbjni/6.6.4/rocksdbjni-6.6.4.jar:/home/user/.m2/repository/io/prometheus/simpleclient_dropwizard/0.7.0/simpleclient_dropwizard-0.7.0.jar:/home/user/.m2/repository/io/prometheus/simpleclient/0.7.0/simpleclient-0.7.0.jar:/home/user/.m2/repository/io/prometheus/simpleclient_common/0.7.0/simpleclient_common-0.7.0.jar:/home/user/.m2/repository/com/fasterxml/jackson/datatype/jackson-datatype-jsr310/2.10.3/jackson-datatype-jsr310-2.10.3.jar:/home/user/.m2/repository/org/apache/hadoop/hadoop-hdds-docs/0.6.0-SNAPSHOT/hadoop-hdds-docs-0.6.0-SNAPSHOT.jar:/home/user/.m2/repository/io/dropwizard/metrics/metrics-core/3.2.4/metrics-core-3.2.4.jar:/home/user/.m2/repository/org/apache/hadoop/hadoop-hdfs-client/3.2.1/hadoop-hdfs-client-3.2.1.jar:/home/user/.m2/repository/org/bouncycastle/bcprov-jdk15on/1.60/bcprov-jdk15on-1.60.jar:/home/user/.m2/repository/org/apache/hadoop/hadoop-ozone-ozone-manager/0.6.0-SNAPSHOT/hadoop-ozone-ozone-manager-0.6.0-SNAPSHOT.jar:/home/user/.m2/repository/org/apache/hadoop/hadoop-minikdc/3.2.1/hadoop-minikdc-3.2.1.jar:/home/user/.m2/repository/org/apache/kerby/kerb-simplekdc/1.0.1/kerb-simplekdc-1.0.1.jar:/home/user/.m2/repository/org/apache/kerby/kerb-client/1.0.1/kerb-client-1.0.1.jar:/home/user/.m2/repository/org/apache/kerby/kerby-config/1.0.1/kerby-config-1.0.1.jar:/home/user/.m2/repository/org/apache/kerby/kerb-core/1.0.1/kerb-core-1.0.1.jar:/home/user/.m2/repository/org/apache/kerby/kerby-pkix/1.0.1/kerby-pkix-1.0.1.jar:/home/user/.m2/repository/org/apache/kerby/kerby-asn1/1.0.1/kerby-asn1-1.0.1.jar:/home/user/.m2/repository/org/apache/kerby/kerby-util/1.0.1/kerby-util-1.0.1.jar:/home/user/.m2/repository/org/apache/kerby/kerb-common/1.0.1/kerb-common-1.0.1.jar:/home/user/.m2/repository/org/apache/kerby/kerb-crypto/1.0.1/kerb-crypto-1.0.1.jar:/home/user/.m2/repository/org/apache/kerby/kerb-util/1.0.1/kerb-util-1.0.1.jar:/home/user/.m2/repository/org/apache/kerby/token-provider/1.0.1/token-provider-1.0.1.jar:/home/user/.m2/repository/org/apache/kerby/kerb-admin/1.0.1/kerb-admin-1.0.1.jar:/home/user/.m2/repository/org/apache/kerby/kerb-server/1.0.1/kerb-server-1.0.1.jar:/home/user/.m2/repository/org/apache/kerby/kerb-identity/1.0.1/kerb-identity-1.0.1.jar:/home/user/.m2/repository/org/apache/kerby/kerby-xdr/1.0.1/kerby-xdr-1.0.1.jar:/home/user/.m2/repository/org/slf4j/slf4j-log4j12/1.7.25/slf4j-log4j12-1.7.25.jar:/home/user/.m2/repository/org/apache/hadoop/hadoop-ozone-s3gateway/0.6.0-SNAPSHOT/hadoop-ozone-s3gateway-0.6.0-SNAPSHOT.jar:/home/user/.m2/repository/org/jboss/weld/servlet/weld-servlet/2.4.7.Final/weld-servlet-2.4.7.Final.jar:/home/user/.m2/repository/org/glassfish/jersey/containers/jersey-container-servlet-core/2.27/jersey-container-servlet-core-2.27.jar:/home/user/.m2/repository/org/glassfish/hk2/external/javax.inject/2.5.0-b42/javax.inject-2.5.0-b42.jar:/home/user/.m2/repository/org/glassfish/jersey/core/jersey-common/2.27/jersey-common-2.27.jar:/home/user/.m2/repository/org/glassfish/hk2/osgi-resource-locator/1.0.1/osgi-resource-locator-1.0.1.jar:/home/user/.m2/repository/javax/ws/rs/javax.ws.rs-api/2.1/javax.ws.rs-api-2.1.jar:/home/user/.m2/repository/org/glassfish/jersey/ext/cdi/jersey-cdi1x/2.27/jersey-cdi1x-2.27.jar:/home/user/.m2/repository/org/glassfish/jersey/inject/jersey-hk2/2.27/jersey-hk2-2.27.jar:/home/user/.m2/repository/org/glassfish/hk2/hk2-locator/2.5.0-b42/hk2-locator-2.5.0-b42.jar:/home/user/.m2/repository/org/javassist/javassist/3.22.0-CR2/javassist-3.22.0-CR2.jar:/home/user/.m2/repository/org/glassfish/hk2/hk2-api/2.5.0/hk2-api-2.5.0.jar:/home/user/.m2/repository/org/glassfish/hk2/external/jakarta.inject/2.5.0/jakarta.inject-2.5.0.jar:/home/user/.m2/repository/org/glassfish/hk2/hk2-utils/2.5.0/hk2-utils-2.5.0.jar:/home/user/.m2/repository/jakarta/annotation/jakarta.annotation-api/1.3.4/jakarta.annotation-api-1.3.4.jar:/home/user/.m2/repository/org/glassfish/hk2/external/aopalliance-repackaged/2.5.0/aopalliance-repackaged-2.5.0.jar:/home/user/.m2/repository/com/fasterxml/jackson/dataformat/jackson-dataformat-xml/2.10.3/jackson-dataformat-xml-2.10.3.jar:/home/user/.m2/repository/com/fasterxml/jackson/core/jackson-core/2.10.3/jackson-core-2.10.3.jar:/home/user/.m2/repository/com/fasterxml/jackson/module/jackson-module-jaxb-annotations/2.10.3/jackson-module-jaxb-annotations-2.10.3.jar:/home/user/.m2/repository/jakarta/xml/bind/jakarta.xml.bind-api/2.3.2/jakarta.xml.bind-api-2.3.2.jar:/home/user/.m2/repository/jakarta/activation/jakarta.activation-api/1.2.1/jakarta.activation-api-1.2.1.jar:/home/user/.m2/repository/org/codehaus/woodstox/stax2-api/3.1.4/stax2-api-3.1.4.jar:/home/user/.m2/repository/com/fasterxml/woodstox/woodstox-core/5.0.3/woodstox-core-5.0.3.jar:/home/user/.m2/repository/javax/enterprise/cdi-api/1.2/cdi-api-1.2.jar:/home/user/.m2/repository/javax/el/javax.el-api/3.0.0/javax.el-api-3.0.0.jar:/home/user/.m2/repository/javax/interceptor/javax.interceptor-api/1.2/javax.interceptor-api-1.2.jar:/home/user/.m2/repository/javax/inject/javax.inject/1/javax.inject-1.jar:/home/user/.m2/repository/com/sun/xml/bind/jaxb-impl/2.3.0.1/jaxb-impl-2.3.0.1.jar:/home/user/.m2/repository/com/sun/xml/bind/jaxb-core/2.3.0.1/jaxb-core-2.3.0.1.jar:/home/user/.m2/repository/javax/xml/bind/jaxb-api/2.3.0/jaxb-api-2.3.0.jar:/home/user/.m2/repository/javax/activation/activation/1.1.1/activation-1.1.1.jar:/home/user/.m2/repository/org/apache/hadoop/hadoop-ozone-csi/0.6.0-SNAPSHOT/hadoop-ozone-csi-0.6.0-SNAPSHOT.jar:/home/user/.m2/repository/com/google/protobuf/protobuf-java-util/3.11.0/protobuf-java-util-3.11.0.jar:/home/user/.m2/repository/com/google/code/gson/gson/2.2.4/gson-2.2.4.jar:/home/user/.m2/repository/org/apache/hadoop/hadoop-hdds-config/0.6.0-SNAPSHOT/hadoop-hdds-config-0.6.0-SNAPSHOT.jar:/home/user/.m2/repository/com/google/protobuf/protobuf-java/2.5.0/protobuf-java-2.5.0.jar:/home/user/.m2/repository/io/grpc/grpc-netty/1.28.1/grpc-netty-1.28.1.jar:/home/user/.m2/repository/io/grpc/grpc-core/1.28.1/grpc-core-1.28.1.jar:/home/user/.m2/repository/com/google/android/annotations/4.1.1.4/annotations-4.1.1.4.jar:/home/user/.m2/repository/io/perfmark/perfmark-api/0.19.0/perfmark-api-0.19.0.jar:/home/user/.m2/repository/io/netty/netty-codec-http2/4.1.45.Final/netty-codec-http2-4.1.45.Final.jar:/home/user/.m2/repository/io/netty/netty-codec/4.1.45.Final/netty-codec-4.1.45.Final.jar:/home/user/.m2/repository/io/netty/netty-handler/4.1.45.Final/netty-handler-4.1.45.Final.jar:/home/user/.m2/repository/io/netty/netty-codec-http/4.1.45.Final/netty-codec-http-4.1.45.Final.jar:/home/user/.m2/repository/io/netty/netty-handler-proxy/4.1.45.Final/netty-handler-proxy-4.1.45.Final.jar:/home/user/.m2/repository/io/netty/netty-codec-socks/4.1.45.Final/netty-codec-socks-4.1.45.Final.jar:/home/user/.m2/repository/io/netty/netty-transport-native-epoll/4.1.48.Final/netty-transport-native-epoll-4.1.48.Final.jar:/home/user/.m2/repository/io/netty/netty-common/4.1.48.Final/netty-common-4.1.48.Final.jar:/home/user/.m2/repository/io/netty/netty-buffer/4.1.48.Final/netty-buffer-4.1.48.Final.jar:/home/user/.m2/repository/io/netty/netty-transport/4.1.48.Final/netty-transport-4.1.48.Final.jar:/home/user/.m2/repository/io/netty/netty-resolver/4.1.48.Final/netty-resolver-4.1.48.Final.jar:/home/user/.m2/repository/io/netty/netty-transport-native-unix-common/4.1.48.Final/netty-transport-native-unix-common-4.1.48.Final.jar:/home/user/.m2/repository/io/grpc/grpc-protobuf/1.28.1/grpc-protobuf-1.28.1.jar:/home/user/.m2/repository/io/grpc/grpc-api/1.28.1/grpc-api-1.28.1.jar:/home/user/.m2/repository/io/grpc/grpc-context/1.28.1/grpc-context-1.28.1.jar:/home/user/.m2/repository/org/codehaus/mojo/animal-sniffer-annotations/1.18/animal-sniffer-annotations-1.18.jar:/home/user/.m2/repository/com/google/api/grpc/proto-google-common-protos/1.17.0/proto-google-common-protos-1.17.0.jar:/home/user/.m2/repository/io/grpc/grpc-protobuf-lite/1.28.1/grpc-protobuf-lite-1.28.1.jar:/home/user/.m2/repository/io/grpc/grpc-stub/1.28.1/grpc-stub-1.28.1.jar:/home/user/.m2/repository/org/apache/hadoop/hadoop-ozone-recon/0.6.0-SNAPSHOT/hadoop-ozone-recon-0.6.0-SNAPSHOT.jar:/home/user/.m2/repository/org/apache/hadoop/hadoop-ozone-reconcodegen/0.6.0-SNAPSHOT/hadoop-ozone-reconcodegen-0.6.0-SNAPSHOT.jar:/home/user/.m2/repository/com/google/inject/extensions/guice-multibindings/4.0/guice-multibindings-4.0.jar:/home/user/.m2/repository/com/google/inject/guice/4.0/guice-4.0.jar:/home/user/.m2/repository/aopalliance/aopalliance/1.0/aopalliance-1.0.jar:/home/user/.m2/repository/com/google/inject/extensions/guice-assistedinject/4.0/guice-assistedinject-4.0.jar:/home/user/.m2/repository/com/google/inject/extensions/guice-servlet/4.0/guice-servlet-4.0.jar:/home/user/.m2/repository/org/glassfish/jersey/containers/jersey-container-servlet/2.27/jersey-container-servlet-2.27.jar:/home/user/.m2/repository/org/glassfish/hk2/guice-bridge/2.5.0/guice-bridge-2.5.0.jar:/home/user/.m2/repository/org/glassfish/jersey/core/jersey-server/2.27/jersey-server-2.27.jar:/home/user/.m2/repository/org/glassfish/jersey/core/jersey-client/2.27/jersey-client-2.27.jar:/home/user/.m2/repository/org/glassfish/jersey/media/jersey-media-jaxb/2.27/jersey-media-jaxb-2.27.jar:/home/user/.m2/repository/javax/validation/validation-api/1.1.0.Final/validation-api-1.1.0.Final.jar:/home/user/.m2/repository/org/glassfish/jersey/media/jersey-media-json-jackson/2.27/jersey-media-json-jackson-2.27.jar:/home/user/.m2/repository/org/glassfish/jersey/ext/jersey-entity-filtering/2.27/jersey-entity-filtering-2.27.jar:/home/user/.m2/repository/org/jooq/jooq/3.11.10/jooq-3.11.10.jar:/home/user/.m2/repository/org/jooq/jooq-meta/3.11.10/jooq-meta-3.11.10.jar:/home/user/.m2/repository/org/jooq/jooq-codegen/3.11.10/jooq-codegen-3.11.10.jar:/home/user/.m2/repository/com/jolbox/bonecp/0.8.0.RELEASE/bonecp-0.8.0.RELEASE.jar:/home/user/.m2/repository/org/apache/derby/derby/10.14.2.0/derby-10.14.2.0.jar:/home/user/.m2/repository/org/xerial/sqlite-jdbc/3.25.2/sqlite-jdbc-3.25.2.jar:/home/user/.m2/repository/org/springframework/spring-jdbc/5.2.5.RELEASE/spring-jdbc-5.2.5.RELEASE.jar:/home/user/.m2/repository/org/springframework/spring-beans/5.2.5.RELEASE/spring-beans-5.2.5.RELEASE.jar:/home/user/.m2/repository/org/springframework/spring-core/5.2.5.RELEASE/spring-core-5.2.5.RELEASE.jar:/home/user/.m2/repository/org/springframework/spring-jcl/5.2.5.RELEASE/spring-jcl-5.2.5.RELEASE.jar:/home/user/.m2/repository/org/springframework/spring-tx/5.2.5.RELEASE/spring-tx-5.2.5.RELEASE.jar:/home/user/.m2/repository/org/apache/hadoop/hadoop-ozone-client/0.6.0-SNAPSHOT/hadoop-ozone-client-0.6.0-SNAPSHOT.jar:/home/user/.m2/repository/org/apache/hadoop/hadoop-ozone-filesystem/0.6.0-SNAPSHOT/hadoop-ozone-filesystem-0.6.0-SNAPSHOT.jar:/home/user/.m2/repository/org/apache/hadoop/hadoop-hdds-hadoop-dependency-client/0.6.0-SNAPSHOT/hadoop-hdds-hadoop-dependency-client-0.6.0-SNAPSHOT.jar:/home/user/.m2/repository/org/apache/hadoop/hadoop-ozone-tools/0.6.0-SNAPSHOT/hadoop-ozone-tools-0.6.0-SNAPSHOT.jar:/home/user/.m2/repository/org/apache/hadoop/hadoop-hdfs/3.2.1/hadoop-hdfs-3.2.1.jar:/home/user/.m2/repository/org/apache/ratis/ratis-tools/0.6.0-cac3336-SNAPSHOT/ratis-tools-0.6.0-cac3336-SNAPSHOT.jar:/home/user/.m2/repository/org/apache/ratis/ratis-proto/0.6.0-cac3336-SNAPSHOT/ratis-proto-0.6.0-cac3336-SNAPSHOT.jar:/home/user/.m2/repository/org/apache/ratis/ratis-common/0.6.0-cac3336-SNAPSHOT/ratis-common-0.6.0-cac3336-SNAPSHOT.jar:/home/user/.m2/repository/com/amazonaws/aws-java-sdk-core/1.11.615/aws-java-sdk-core-1.11.615.jar:/home/user/.m2/repository/org/apache/httpcomponents/httpclient/4.5.2/httpclient-4.5.2.jar:/home/user/.m2/repository/org/apache/httpcomponents/httpcore/4.4.4/httpcore-4.4.4.jar:/home/user/.m2/repository/software/amazon/ion/ion-java/1.0.2/ion-java-1.0.2.jar:/home/user/.m2/repository/com/fasterxml/jackson/dataformat/jackson-dataformat-cbor/2.10.3/jackson-dataformat-cbor-2.10.3.jar:/home/user/.m2/repository/joda-time/joda-time/2.8.1/joda-time-2.8.1.jar:/home/user/.m2/repository/com/amazonaws/aws-java-sdk-s3/1.11.615/aws-java-sdk-s3-1.11.615.jar:/home/user/.m2/repository/com/amazonaws/aws-java-sdk-kms/1.11.615/aws-java-sdk-kms-1.11.615.jar:/home/user/.m2/repository/com/amazonaws/jmespath-java/1.11.615/jmespath-java-1.11.615.jar:/home/user/.m2/repository/org/apache/hadoop/hadoop-hdds-tools/0.6.0-SNAPSHOT/hadoop-hdds-tools-0.6.0-SNAPSHOT.jar:/home/user/.m2/repository/commons-cli/commons-cli/1.2/commons-cli-1.2.jar:/home/user/.m2/repository/org/apache/commons/commons-lang3/3.7/commons-lang3-3.7.jar:/home/user/.m2/repository/org/apache/hadoop/hadoop-ozone-ozone-manager/0.6.0-SNAPSHOT/hadoop-ozone-ozone-manager-0.6.0-SNAPSHOT-tests.jar:/home/user/.m2/repository/junit/junit/4.11/junit-4.11.jar:/home/user/.m2/repository/org/hamcrest/hamcrest-core/1.3/hamcrest-core-1.3.jar:/home/user/.m2/repository/org/openjdk/jmh/jmh-core/1.19/jmh-core-1.19.jar:/home/user/.m2/repository/net/sf/jopt-simple/jopt-simple/4.6/jopt-simple-4.6.jar:/home/user/.m2/repository/org/apache/commons/commons-math3/3.1.1/commons-math3-3.1.1.jar:/home/user/.m2/repository/org/openjdk/jmh/jmh-generator-annprocess/1.19/jmh-generator-annprocess-1.19.jar:/home/user/.m2/repository/org/mockito/mockito-all/1.8.5/mockito-all-1.8.5.jar:/home/user/.m2/repository/org/apache/hadoop/hadoop-kms/3.2.1/hadoop-kms-3.2.1.jar:/home/user/.m2/repository/org/apache/hadoop/hadoop-auth/3.2.1/hadoop-auth-3.2.1.jar:/home/user/.m2/repository/com/nimbusds/nimbus-jose-jwt/7.9/nimbus-jose-jwt-7.9.jar:/home/user/.m2/repository/com/github/stephenc/jcip/jcip-annotations/1.0-1/jcip-annotations-1.0-1.jar:/home/user/.m2/repository/net/minidev/json-smart/2.3/json-smart-2.3.jar:/home/user/.m2/repository/net/minidev/accessors-smart/1.2/accessors-smart-1.2.jar:/home/user/.m2/repository/org/ow2/asm/asm/5.0.4/asm-5.0.4.jar:/home/user/.m2/repository/org/apache/zookeeper/zookeeper/3.4.13/zookeeper-3.4.13.jar:/home/user/.m2/repository/org/apache/yetus/audience-annotations/0.5.0/audience-annotations-0.5.0.jar:/home/user/.m2/repository/org/apache/curator/curator-framework/2.13.0/curator-framework-2.13.0.jar:/home/user/.m2/repository/com/sun/jersey/jersey-core/1.19/jersey-core-1.19.jar:/home/user/.m2/repository/javax/ws/rs/jsr311-api/1.1.1/jsr311-api-1.1.1.jar:/home/user/.m2/repository/com/sun/jersey/jersey-server/1.19/jersey-server-1.19.jar:/home/user/.m2/repository/javax/servlet/javax.servlet-api/3.1.0/javax.servlet-api-3.1.0.jar:/home/user/.m2/repository/org/eclipse/jetty/jetty-server/9.4.26.v20200117/jetty-server-9.4.26.v20200117.jar:/home/user/.m2/repository/org/eclipse/jetty/jetty-http/9.4.26.v20200117/jetty-http-9.4.26.v20200117.jar:/home/user/.m2/repository/org/eclipse/jetty/jetty-io/9.4.26.v20200117/jetty-io-9.4.26.v20200117.jar:/home/user/.m2/repository/org/eclipse/jetty/jetty-webapp/9.4.26.v20200117/jetty-webapp-9.4.26.v20200117.jar:/home/user/.m2/repository/org/eclipse/jetty/jetty-xml/9.4.26.v20200117/jetty-xml-9.4.26.v20200117.jar:/home/user/.m2/repository/org/eclipse/jetty/jetty-servlet/9.4.26.v20200117/jetty-servlet-9.4.26.v20200117.jar:/home/user/.m2/repository/org/eclipse/jetty/jetty-security/9.4.26.v20200117/jetty-security-9.4.26.v20200117.jar:/home/user/.m2/repository/org/apache/hadoop/hadoop-common/3.2.1/hadoop-common-3.2.1.jar:/home/user/.m2/repository/commons-net/commons-net/3.6/commons-net-3.6.jar:/home/user/.m2/repository/commons-collections/commons-collections/3.2.2/commons-collections-3.2.2.jar:/home/user/.m2/repository/com/sun/jersey/jersey-servlet/1.19/jersey-servlet-1.19.jar:/home/user/.m2/repository/com/sun/jersey/jersey-json/1.19/jersey-json-1.19.jar:/home/user/.m2/repository/org/codehaus/jettison/jettison/1.1/jettison-1.1.jar:/home/user/.m2/repository/org/codehaus/jackson/jackson-jaxrs/1.9.2/jackson-jaxrs-1.9.2.jar:/home/user/.m2/repository/org/codehaus/jackson/jackson-xc/1.9.2/jackson-xc-1.9.2.jar:/home/user/.m2/repository/commons-beanutils/commons-beanutils/1.9.4/commons-beanutils-1.9.4.jar:/home/user/.m2/repository/org/apache/commons/commons-configuration2/2.1.1/commons-configuration2-2.1.1.jar:/home/user/.m2/repository/org/apache/commons/commons-text/1.4/commons-text-1.4.jar:/home/user/.m2/repository/com/google/re2j/re2j/1.1/re2j-1.1.jar:/home/user/.m2/repository/com/jcraft/jsch/0.1.54/jsch-0.1.54.jar:/home/user/.m2/repository/org/apache/curator/curator-client/2.13.0/curator-client-2.13.0.jar:/home/user/.m2/repository/org/apache/curator/curator-recipes/2.13.0/curator-recipes-2.13.0.jar:/home/user/.m2/repository/dnsjava/dnsjava/2.1.7/dnsjava-2.1.7.jar:/home/user/.m2/repository/org/slf4j/jul-to-slf4j/1.7.25/jul-to-slf4j-1.7.25.jar:/home/user/.m2/repository/org/eclipse/jetty/jetty-util/9.4.26.v20200117/jetty-util-9.4.26.v20200117.jar:/home/user/.m2/repository/com/fasterxml/jackson/core/jackson-databind/2.10.3/jackson-databind-2.10.3.jar:/home/user/.m2/repository/org/apache/hadoop/hadoop-kms/3.2.1/hadoop-kms-3.2.1-tests.jar:/home/user/.m2/repository/org/apache/hadoop/hadoop-hdds-server-scm/0.6.0-SNAPSHOT/hadoop-hdds-server-scm-0.6.0-SNAPSHOT-tests.jar:/home/user/.m2/repository/org/apache/hadoop/hadoop-hdds-container-service/0.6.0-SNAPSHOT/hadoop-hdds-container-service-0.6.0-SNAPSHOT-tests.jar:/home/user/.m2/repository/org/apache/hadoop/hadoop-hdds-common/0.6.0-SNAPSHOT/hadoop-hdds-common-0.6.0-SNAPSHOT-tests.jar:/home/user/.m2/repository/org/yaml/snakeyaml/1.16/snakeyaml-1.16.jar:/home/user/.m2/repository/org/apache/hadoop/hadoop-hdds-hadoop-dependency-test/0.6.0-SNAPSHOT/hadoop-hdds-hadoop-dependency-test-0.6.0-SNAPSHOT.jar:/home/user/.m2/repository/org/apache/hadoop/hadoop-common/3.2.1/hadoop-common-3.2.1-tests.jar:/home/user/.m2/repository/javax/servlet/jsp/jsp-api/2.1/jsp-api-2.1.jar:/home/user/.m2/repository/org/apache/hadoop/hadoop-hdfs/3.2.1/hadoop-hdfs-3.2.1-tests.jar:/home/user/.m2/repository/org/eclipse/jetty/jetty-util-ajax/9.4.26.v20200117/jetty-util-ajax-9.4.26.v20200117.jar:/home/user/.m2/repository/commons-codec/commons-codec/1.11/commons-codec-1.11.jar:/home/user/.m2/repository/commons-daemon/commons-daemon/1.0.13/commons-daemon-1.0.13.jar:/home/user/.m2/repository/io/netty/netty/3.10.5.Final/netty-3.10.5.Final.jar:/home/user/.m2/repository/io/netty/netty-all/4.1.48.Final/netty-all-4.1.48.Final.jar:/home/user/.m2/repository/org/apache/htrace/htrace-core4/4.1.0-incubating/htrace-core4-4.1.0-incubating.jar:/home/user/.m2/repository/org/fusesource/leveldbjni/leveldbjni-all/1.8/leveldbjni-all-1.8.jar:/home/user/.m2/repository/org/apache/hadoop/hadoop-distcp/3.2.1/hadoop-distcp-3.2.1.jar:/home/user/.m2/repository/org/apache/hadoop/hadoop-mapreduce-client-jobclient/3.2.1/hadoop-mapreduce-client-jobclient-3.2.1.jar:/home/user/.m2/repository/org/apache/hadoop/hadoop-mapreduce-client-common/3.2.1/hadoop-mapreduce-client-common-3.2.1.jar:/home/user/.m2/repository/org/apache/hadoop/hadoop-yarn-common/3.2.1/hadoop-yarn-common-3.2.1.jar:/home/user/.m2/repository/org/apache/hadoop/hadoop-yarn-api/3.2.1/hadoop-yarn-api-3.2.1.jar:/home/user/.m2/repository/com/sun/jersey/jersey-client/1.19/jersey-client-1.19.jar:/home/user/.m2/repository/com/sun/jersey/contribs/jersey-guice/1.19/jersey-guice-1.19.jar:/home/user/.m2/repository/com/fasterxml/jackson/jaxrs/jackson-jaxrs-json-provider/2.10.3/jackson-jaxrs-json-provider-2.10.3.jar:/home/user/.m2/repository/com/fasterxml/jackson/jaxrs/jackson-jaxrs-base/2.10.3/jackson-jaxrs-base-2.10.3.jar:/home/user/.m2/repository/org/apache/hadoop/hadoop-yarn-client/3.2.1/hadoop-yarn-client-3.2.1.jar:/home/user/.m2/repository/org/apache/hadoop/hadoop-mapreduce-client-core/3.2.1/hadoop-mapreduce-client-core-3.2.1.jar:/home/user/.m2/repository/org/apache/avro/avro/1.7.7/avro-1.7.7.jar:/home/user/.m2/repository/org/codehaus/jackson/jackson-core-asl/1.9.13/jackson-core-asl-1.9.13.jar:/home/user/.m2/repository/org/codehaus/jackson/jackson-mapper-asl/1.9.13/jackson-mapper-asl-1.9.13.jar:/home/user/.m2/repository/com/thoughtworks/paranamer/paranamer/2.3/paranamer-2.3.jar:/home/user/.m2/repository/org/xerial/snappy/snappy-java/1.0.5/snappy-java-1.0.5.jar:/home/user/.m2/repository/org/apache/hadoop/hadoop-annotations/3.2.1/hadoop-annotations-3.2.1.jar:/usr/lib/jvm/java-1.8.0-openjdk-1.8.0.232.b09-0.el7_7.x86_64/jre/../lib/tools.jar:/home/user/.m2/repository/org/apache/hadoop/hadoop-distcp/3.2.1/hadoop-distcp-3.2.1-tests.jar:"/>
    <property name="java.vm.vendor" value="Oracle Corporation"/>
    <property name="sun.arch.data.model" value="64"/>
    <property name="test.build.dir" value="/github/workspace/mnt/ozone/hadoop-ozone/integration-test/target/test-dir"/>
    <property name="test.cache.data" value=""/>
    <property name="java.vendor.url" value="http://java.oracle.com/"/>
    <property name="user.timezone" value=""/>
    <property name="java.vm.specification.version" value="1.8"/>
    <property name="os.name" value="Linux"/>
    <property name="test.build.data" value="/github/workspace/mnt/ozone/hadoop-ozone/integration-test/target/test-dir"/>
    <property name="user.country" value="US"/>
    <property name="sun.java.launcher" value="SUN_STANDARD"/>
    <property name="sun.boot.library.path" value="/usr/lib/jvm/java-1.8.0-openjdk-1.8.0.232.b09-0.el7_7.x86_64/jre/lib/amd64"/>
    <property name="sun.java.command" value="/github/workspace/mnt/ozone/hadoop-ozone/integration-test/target/surefire/surefirebooter5006962905140096831.jar /github/workspace/mnt/ozone/hadoop-ozone/integration-test/target/surefire 2020-05-14T16-59-48_012-jvmRun1 surefire2432845617412298630tmp surefire_23571381744700692586tmp"/>
    <property name="surefire.test.class.path" value="/github/workspace/mnt/ozone/hadoop-ozone/integration-test/target/test-classes:/github/workspace/mnt/ozone/hadoop-ozone/integration-test/target/classes:/home/user/.m2/repository/org/apache/hadoop/hadoop-ozone-common/0.6.0-SNAPSHOT/hadoop-ozone-common-0.6.0-SNAPSHOT.jar:/home/user/.m2/repository/org/apache/commons/commons-compress/1.4.1/commons-compress-1.4.1.jar:/home/user/.m2/repository/org/tukaani/xz/1.0/xz-1.0.jar:/home/user/.m2/repository/org/apache/hadoop/hadoop-hdds-common/0.6.0-SNAPSHOT/hadoop-hdds-common-0.6.0-SNAPSHOT.jar:/home/user/.m2/repository/info/picocli/picocli/3.9.6/picocli-3.9.6.jar:/home/user/.m2/repository/com/fasterxml/jackson/core/jackson-annotations/2.10.3/jackson-annotations-2.10.3.jar:/home/user/.m2/repository/javax/annotation/javax.annotation-api/1.2/javax.annotation-api-1.2.jar:/home/user/.m2/repository/org/apache/ratis/ratis-server/0.6.0-cac3336-SNAPSHOT/ratis-server-0.6.0-cac3336-SNAPSHOT.jar:/home/user/.m2/repository/org/apache/ratis/ratis-thirdparty-misc/0.4.0/ratis-thirdparty-misc-0.4.0.jar:/home/user/.m2/repository/org/apache/ratis/ratis-client/0.6.0-cac3336-SNAPSHOT/ratis-client-0.6.0-cac3336-SNAPSHOT.jar:/home/user/.m2/repository/org/apache/ratis/ratis-metrics/0.6.0-cac3336-SNAPSHOT/ratis-metrics-0.6.0-cac3336-SNAPSHOT.jar:/home/user/.m2/repository/org/apache/ratis/ratis-netty/0.6.0-cac3336-SNAPSHOT/ratis-netty-0.6.0-cac3336-SNAPSHOT.jar:/home/user/.m2/repository/org/apache/ratis/ratis-grpc/0.6.0-cac3336-SNAPSHOT/ratis-grpc-0.6.0-cac3336-SNAPSHOT.jar:/home/user/.m2/repository/org/apache/logging/log4j/log4j-api/2.11.0/log4j-api-2.11.0.jar:/home/user/.m2/repository/org/apache/logging/log4j/log4j-core/2.11.0/log4j-core-2.11.0.jar:/home/user/.m2/repository/com/lmax/disruptor/3.4.2/disruptor-3.4.2.jar:/home/user/.m2/repository/org/apache/commons/commons-pool2/2.6.0/commons-pool2-2.6.0.jar:/home/user/.m2/repository/org/bouncycastle/bcpkix-jdk15on/1.60/bcpkix-jdk15on-1.60.jar:/home/user/.m2/repository/commons-validator/commons-validator/1.6/commons-validator-1.6.jar:/home/user/.m2/repository/commons-digester/commons-digester/1.8.1/commons-digester-1.8.1.jar:/home/user/.m2/repository/io/jaegertracing/jaeger-client/1.2.0/jaeger-client-1.2.0.jar:/home/user/.m2/repository/io/jaegertracing/jaeger-thrift/1.2.0/jaeger-thrift-1.2.0.jar:/home/user/.m2/repository/org/apache/thrift/libthrift/0.13.0/libthrift-0.13.0.jar:/home/user/.m2/repository/com/squareup/okhttp3/okhttp/4.2.2/okhttp-4.2.2.jar:/home/user/.m2/repository/com/squareup/okio/okio/2.2.2/okio-2.2.2.jar:/home/user/.m2/repository/org/jetbrains/kotlin/kotlin-stdlib/1.3.50/kotlin-stdlib-1.3.50.jar:/home/user/.m2/repository/org/jetbrains/kotlin/kotlin-stdlib-common/1.3.50/kotlin-stdlib-common-1.3.50.jar:/home/user/.m2/repository/org/jetbrains/annotations/13.0/annotations-13.0.jar:/home/user/.m2/repository/io/jaegertracing/jaeger-core/1.2.0/jaeger-core-1.2.0.jar:/home/user/.m2/repository/io/jaegertracing/jaeger-tracerresolver/1.2.0/jaeger-tracerresolver-1.2.0.jar:/home/user/.m2/repository/io/opentracing/contrib/opentracing-tracerresolver/0.1.8/opentracing-tracerresolver-0.1.8.jar:/home/user/.m2/repository/io/opentracing/opentracing-util/0.33.0/opentracing-util-0.33.0.jar:/home/user/.m2/repository/io/opentracing/opentracing-api/0.33.0/opentracing-api-0.33.0.jar:/home/user/.m2/repository/io/opentracing/opentracing-noop/0.33.0/opentracing-noop-0.33.0.jar:/home/user/.m2/repository/org/apache/hadoop/hadoop-hdds-client/0.6.0-SNAPSHOT/hadoop-hdds-client-0.6.0-SNAPSHOT.jar:/home/user/.m2/repository/org/apache/hadoop/hadoop-hdds-test-utils/0.6.0-SNAPSHOT/hadoop-hdds-test-utils-0.6.0-SNAPSHOT.jar:/home/user/.m2/repository/com/google/guava/guava/28.2-jre/guava-28.2-jre.jar:/home/user/.m2/repository/com/google/guava/failureaccess/1.0.1/failureaccess-1.0.1.jar:/home/user/.m2/repository/com/google/guava/listenablefuture/9999.0-empty-to-avoid-conflict-with-guava/listenablefuture-9999.0-empty-to-avoid-conflict-with-guava.jar:/home/user/.m2/repository/com/google/code/findbugs/jsr305/3.0.0/jsr305-3.0.0.jar:/home/user/.m2/repository/org/checkerframework/checker-qual/2.10.0/checker-qual-2.10.0.jar:/home/user/.m2/repository/com/google/errorprone/error_prone_annotations/2.2.0/error_prone_annotations-2.2.0.jar:/home/user/.m2/repository/com/google/j2objc/j2objc-annotations/1.3/j2objc-annotations-1.3.jar:/home/user/.m2/repository/commons-io/commons-io/2.5/commons-io-2.5.jar:/home/user/.m2/repository/commons-logging/commons-logging/1.2/commons-logging-1.2.jar:/home/user/.m2/repository/log4j/log4j/1.2.17/log4j-1.2.17.jar:/home/user/.m2/repository/org/slf4j/slf4j-api/1.7.25/slf4j-api-1.7.25.jar:/home/user/.m2/repository/org/apache/hadoop/hadoop-hdds-server-scm/0.6.0-SNAPSHOT/hadoop-hdds-server-scm-0.6.0-SNAPSHOT.jar:/home/user/.m2/repository/org/apache/hadoop/hadoop-hdds-container-service/0.6.0-SNAPSHOT/hadoop-hdds-container-service-0.6.0-SNAPSHOT.jar:/home/user/.m2/repository/org/apache/hadoop/hadoop-hdds-hadoop-dependency-server/0.6.0-SNAPSHOT/hadoop-hdds-hadoop-dependency-server-0.6.0-SNAPSHOT.jar:/home/user/.m2/repository/org/apache/hadoop/hadoop-hdds-server-framework/0.6.0-SNAPSHOT/hadoop-hdds-server-framework-0.6.0-SNAPSHOT.jar:/home/user/.m2/repository/org/rocksdb/rocksdbjni/6.6.4/rocksdbjni-6.6.4.jar:/home/user/.m2/repository/io/prometheus/simpleclient_dropwizard/0.7.0/simpleclient_dropwizard-0.7.0.jar:/home/user/.m2/repository/io/prometheus/simpleclient/0.7.0/simpleclient-0.7.0.jar:/home/user/.m2/repository/io/prometheus/simpleclient_common/0.7.0/simpleclient_common-0.7.0.jar:/home/user/.m2/repository/com/fasterxml/jackson/datatype/jackson-datatype-jsr310/2.10.3/jackson-datatype-jsr310-2.10.3.jar:/home/user/.m2/repository/org/apache/hadoop/hadoop-hdds-docs/0.6.0-SNAPSHOT/hadoop-hdds-docs-0.6.0-SNAPSHOT.jar:/home/user/.m2/repository/io/dropwizard/metrics/metrics-core/3.2.4/metrics-core-3.2.4.jar:/home/user/.m2/repository/org/apache/hadoop/hadoop-hdfs-client/3.2.1/hadoop-hdfs-client-3.2.1.jar:/home/user/.m2/repository/org/bouncycastle/bcprov-jdk15on/1.60/bcprov-jdk15on-1.60.jar:/home/user/.m2/repository/org/apache/hadoop/hadoop-ozone-ozone-manager/0.6.0-SNAPSHOT/hadoop-ozone-ozone-manager-0.6.0-SNAPSHOT.jar:/home/user/.m2/repository/org/apache/hadoop/hadoop-minikdc/3.2.1/hadoop-minikdc-3.2.1.jar:/home/user/.m2/repository/org/apache/kerby/kerb-simplekdc/1.0.1/kerb-simplekdc-1.0.1.jar:/home/user/.m2/repository/org/apache/kerby/kerb-client/1.0.1/kerb-client-1.0.1.jar:/home/user/.m2/repository/org/apache/kerby/kerby-config/1.0.1/kerby-config-1.0.1.jar:/home/user/.m2/repository/org/apache/kerby/kerb-core/1.0.1/kerb-core-1.0.1.jar:/home/user/.m2/repository/org/apache/kerby/kerby-pkix/1.0.1/kerby-pkix-1.0.1.jar:/home/user/.m2/repository/org/apache/kerby/kerby-asn1/1.0.1/kerby-asn1-1.0.1.jar:/home/user/.m2/repository/org/apache/kerby/kerby-util/1.0.1/kerby-util-1.0.1.jar:/home/user/.m2/repository/org/apache/kerby/kerb-common/1.0.1/kerb-common-1.0.1.jar:/home/user/.m2/repository/org/apache/kerby/kerb-crypto/1.0.1/kerb-crypto-1.0.1.jar:/home/user/.m2/repository/org/apache/kerby/kerb-util/1.0.1/kerb-util-1.0.1.jar:/home/user/.m2/repository/org/apache/kerby/token-provider/1.0.1/token-provider-1.0.1.jar:/home/user/.m2/repository/org/apache/kerby/kerb-admin/1.0.1/kerb-admin-1.0.1.jar:/home/user/.m2/repository/org/apache/kerby/kerb-server/1.0.1/kerb-server-1.0.1.jar:/home/user/.m2/repository/org/apache/kerby/kerb-identity/1.0.1/kerb-identity-1.0.1.jar:/home/user/.m2/repository/org/apache/kerby/kerby-xdr/1.0.1/kerby-xdr-1.0.1.jar:/home/user/.m2/repository/org/slf4j/slf4j-log4j12/1.7.25/slf4j-log4j12-1.7.25.jar:/home/user/.m2/repository/org/apache/hadoop/hadoop-ozone-s3gateway/0.6.0-SNAPSHOT/hadoop-ozone-s3gateway-0.6.0-SNAPSHOT.jar:/home/user/.m2/repository/org/jboss/weld/servlet/weld-servlet/2.4.7.Final/weld-servlet-2.4.7.Final.jar:/home/user/.m2/repository/org/glassfish/jersey/containers/jersey-container-servlet-core/2.27/jersey-container-servlet-core-2.27.jar:/home/user/.m2/repository/org/glassfish/hk2/external/javax.inject/2.5.0-b42/javax.inject-2.5.0-b42.jar:/home/user/.m2/repository/org/glassfish/jersey/core/jersey-common/2.27/jersey-common-2.27.jar:/home/user/.m2/repository/org/glassfish/hk2/osgi-resource-locator/1.0.1/osgi-resource-locator-1.0.1.jar:/home/user/.m2/repository/javax/ws/rs/javax.ws.rs-api/2.1/javax.ws.rs-api-2.1.jar:/home/user/.m2/repository/org/glassfish/jersey/ext/cdi/jersey-cdi1x/2.27/jersey-cdi1x-2.27.jar:/home/user/.m2/repository/org/glassfish/jersey/inject/jersey-hk2/2.27/jersey-hk2-2.27.jar:/home/user/.m2/repository/org/glassfish/hk2/hk2-locator/2.5.0-b42/hk2-locator-2.5.0-b42.jar:/home/user/.m2/repository/org/javassist/javassist/3.22.0-CR2/javassist-3.22.0-CR2.jar:/home/user/.m2/repository/org/glassfish/hk2/hk2-api/2.5.0/hk2-api-2.5.0.jar:/home/user/.m2/repository/org/glassfish/hk2/external/jakarta.inject/2.5.0/jakarta.inject-2.5.0.jar:/home/user/.m2/repository/org/glassfish/hk2/hk2-utils/2.5.0/hk2-utils-2.5.0.jar:/home/user/.m2/repository/jakarta/annotation/jakarta.annotation-api/1.3.4/jakarta.annotation-api-1.3.4.jar:/home/user/.m2/repository/org/glassfish/hk2/external/aopalliance-repackaged/2.5.0/aopalliance-repackaged-2.5.0.jar:/home/user/.m2/repository/com/fasterxml/jackson/dataformat/jackson-dataformat-xml/2.10.3/jackson-dataformat-xml-2.10.3.jar:/home/user/.m2/repository/com/fasterxml/jackson/core/jackson-core/2.10.3/jackson-core-2.10.3.jar:/home/user/.m2/repository/com/fasterxml/jackson/module/jackson-module-jaxb-annotations/2.10.3/jackson-module-jaxb-annotations-2.10.3.jar:/home/user/.m2/repository/jakarta/xml/bind/jakarta.xml.bind-api/2.3.2/jakarta.xml.bind-api-2.3.2.jar:/home/user/.m2/repository/jakarta/activation/jakarta.activation-api/1.2.1/jakarta.activation-api-1.2.1.jar:/home/user/.m2/repository/org/codehaus/woodstox/stax2-api/3.1.4/stax2-api-3.1.4.jar:/home/user/.m2/repository/com/fasterxml/woodstox/woodstox-core/5.0.3/woodstox-core-5.0.3.jar:/home/user/.m2/repository/javax/enterprise/cdi-api/1.2/cdi-api-1.2.jar:/home/user/.m2/repository/javax/el/javax.el-api/3.0.0/javax.el-api-3.0.0.jar:/home/user/.m2/repository/javax/interceptor/javax.interceptor-api/1.2/javax.interceptor-api-1.2.jar:/home/user/.m2/repository/javax/inject/javax.inject/1/javax.inject-1.jar:/home/user/.m2/repository/com/sun/xml/bind/jaxb-impl/2.3.0.1/jaxb-impl-2.3.0.1.jar:/home/user/.m2/repository/com/sun/xml/bind/jaxb-core/2.3.0.1/jaxb-core-2.3.0.1.jar:/home/user/.m2/repository/javax/xml/bind/jaxb-api/2.3.0/jaxb-api-2.3.0.jar:/home/user/.m2/repository/javax/activation/activation/1.1.1/activation-1.1.1.jar:/home/user/.m2/repository/org/apache/hadoop/hadoop-ozone-csi/0.6.0-SNAPSHOT/hadoop-ozone-csi-0.6.0-SNAPSHOT.jar:/home/user/.m2/repository/com/google/protobuf/protobuf-java-util/3.11.0/protobuf-java-util-3.11.0.jar:/home/user/.m2/repository/com/google/code/gson/gson/2.2.4/gson-2.2.4.jar:/home/user/.m2/repository/org/apache/hadoop/hadoop-hdds-config/0.6.0-SNAPSHOT/hadoop-hdds-config-0.6.0-SNAPSHOT.jar:/home/user/.m2/repository/com/google/protobuf/protobuf-java/2.5.0/protobuf-java-2.5.0.jar:/home/user/.m2/repository/io/grpc/grpc-netty/1.28.1/grpc-netty-1.28.1.jar:/home/user/.m2/repository/io/grpc/grpc-core/1.28.1/grpc-core-1.28.1.jar:/home/user/.m2/repository/com/google/android/annotations/4.1.1.4/annotations-4.1.1.4.jar:/home/user/.m2/repository/io/perfmark/perfmark-api/0.19.0/perfmark-api-0.19.0.jar:/home/user/.m2/repository/io/netty/netty-codec-http2/4.1.45.Final/netty-codec-http2-4.1.45.Final.jar:/home/user/.m2/repository/io/netty/netty-codec/4.1.45.Final/netty-codec-4.1.45.Final.jar:/home/user/.m2/repository/io/netty/netty-handler/4.1.45.Final/netty-handler-4.1.45.Final.jar:/home/user/.m2/repository/io/netty/netty-codec-http/4.1.45.Final/netty-codec-http-4.1.45.Final.jar:/home/user/.m2/repository/io/netty/netty-handler-proxy/4.1.45.Final/netty-handler-proxy-4.1.45.Final.jar:/home/user/.m2/repository/io/netty/netty-codec-socks/4.1.45.Final/netty-codec-socks-4.1.45.Final.jar:/home/user/.m2/repository/io/netty/netty-transport-native-epoll/4.1.48.Final/netty-transport-native-epoll-4.1.48.Final.jar:/home/user/.m2/repository/io/netty/netty-common/4.1.48.Final/netty-common-4.1.48.Final.jar:/home/user/.m2/repository/io/netty/netty-buffer/4.1.48.Final/netty-buffer-4.1.48.Final.jar:/home/user/.m2/repository/io/netty/netty-transport/4.1.48.Final/netty-transport-4.1.48.Final.jar:/home/user/.m2/repository/io/netty/netty-resolver/4.1.48.Final/netty-resolver-4.1.48.Final.jar:/home/user/.m2/repository/io/netty/netty-transport-native-unix-common/4.1.48.Final/netty-transport-native-unix-common-4.1.48.Final.jar:/home/user/.m2/repository/io/grpc/grpc-protobuf/1.28.1/grpc-protobuf-1.28.1.jar:/home/user/.m2/repository/io/grpc/grpc-api/1.28.1/grpc-api-1.28.1.jar:/home/user/.m2/repository/io/grpc/grpc-context/1.28.1/grpc-context-1.28.1.jar:/home/user/.m2/repository/org/codehaus/mojo/animal-sniffer-annotations/1.18/animal-sniffer-annotations-1.18.jar:/home/user/.m2/repository/com/google/api/grpc/proto-google-common-protos/1.17.0/proto-google-common-protos-1.17.0.jar:/home/user/.m2/repository/io/grpc/grpc-protobuf-lite/1.28.1/grpc-protobuf-lite-1.28.1.jar:/home/user/.m2/repository/io/grpc/grpc-stub/1.28.1/grpc-stub-1.28.1.jar:/home/user/.m2/repository/org/apache/hadoop/hadoop-ozone-recon/0.6.0-SNAPSHOT/hadoop-ozone-recon-0.6.0-SNAPSHOT.jar:/home/user/.m2/repository/org/apache/hadoop/hadoop-ozone-reconcodegen/0.6.0-SNAPSHOT/hadoop-ozone-reconcodegen-0.6.0-SNAPSHOT.jar:/home/user/.m2/repository/com/google/inject/extensions/guice-multibindings/4.0/guice-multibindings-4.0.jar:/home/user/.m2/repository/com/google/inject/guice/4.0/guice-4.0.jar:/home/user/.m2/repository/aopalliance/aopalliance/1.0/aopalliance-1.0.jar:/home/user/.m2/repository/com/google/inject/extensions/guice-assistedinject/4.0/guice-assistedinject-4.0.jar:/home/user/.m2/repository/com/google/inject/extensions/guice-servlet/4.0/guice-servlet-4.0.jar:/home/user/.m2/repository/org/glassfish/jersey/containers/jersey-container-servlet/2.27/jersey-container-servlet-2.27.jar:/home/user/.m2/repository/org/glassfish/hk2/guice-bridge/2.5.0/guice-bridge-2.5.0.jar:/home/user/.m2/repository/org/glassfish/jersey/core/jersey-server/2.27/jersey-server-2.27.jar:/home/user/.m2/repository/org/glassfish/jersey/core/jersey-client/2.27/jersey-client-2.27.jar:/home/user/.m2/repository/org/glassfish/jersey/media/jersey-media-jaxb/2.27/jersey-media-jaxb-2.27.jar:/home/user/.m2/repository/javax/validation/validation-api/1.1.0.Final/validation-api-1.1.0.Final.jar:/home/user/.m2/repository/org/glassfish/jersey/media/jersey-media-json-jackson/2.27/jersey-media-json-jackson-2.27.jar:/home/user/.m2/repository/org/glassfish/jersey/ext/jersey-entity-filtering/2.27/jersey-entity-filtering-2.27.jar:/home/user/.m2/repository/org/jooq/jooq/3.11.10/jooq-3.11.10.jar:/home/user/.m2/repository/org/jooq/jooq-meta/3.11.10/jooq-meta-3.11.10.jar:/home/user/.m2/repository/org/jooq/jooq-codegen/3.11.10/jooq-codegen-3.11.10.jar:/home/user/.m2/repository/com/jolbox/bonecp/0.8.0.RELEASE/bonecp-0.8.0.RELEASE.jar:/home/user/.m2/repository/org/apache/derby/derby/10.14.2.0/derby-10.14.2.0.jar:/home/user/.m2/repository/org/xerial/sqlite-jdbc/3.25.2/sqlite-jdbc-3.25.2.jar:/home/user/.m2/repository/org/springframework/spring-jdbc/5.2.5.RELEASE/spring-jdbc-5.2.5.RELEASE.jar:/home/user/.m2/repository/org/springframework/spring-beans/5.2.5.RELEASE/spring-beans-5.2.5.RELEASE.jar:/home/user/.m2/repository/org/springframework/spring-core/5.2.5.RELEASE/spring-core-5.2.5.RELEASE.jar:/home/user/.m2/repository/org/springframework/spring-jcl/5.2.5.RELEASE/spring-jcl-5.2.5.RELEASE.jar:/home/user/.m2/repository/org/springframework/spring-tx/5.2.5.RELEASE/spring-tx-5.2.5.RELEASE.jar:/home/user/.m2/repository/org/apache/hadoop/hadoop-ozone-client/0.6.0-SNAPSHOT/hadoop-ozone-client-0.6.0-SNAPSHOT.jar:/home/user/.m2/repository/org/apache/hadoop/hadoop-ozone-filesystem/0.6.0-SNAPSHOT/hadoop-ozone-filesystem-0.6.0-SNAPSHOT.jar:/home/user/.m2/repository/org/apache/hadoop/hadoop-hdds-hadoop-dependency-client/0.6.0-SNAPSHOT/hadoop-hdds-hadoop-dependency-client-0.6.0-SNAPSHOT.jar:/home/user/.m2/repository/org/apache/hadoop/hadoop-ozone-tools/0.6.0-SNAPSHOT/hadoop-ozone-tools-0.6.0-SNAPSHOT.jar:/home/user/.m2/repository/org/apache/hadoop/hadoop-hdfs/3.2.1/hadoop-hdfs-3.2.1.jar:/home/user/.m2/repository/org/apache/ratis/ratis-tools/0.6.0-cac3336-SNAPSHOT/ratis-tools-0.6.0-cac3336-SNAPSHOT.jar:/home/user/.m2/repository/org/apache/ratis/ratis-proto/0.6.0-cac3336-SNAPSHOT/ratis-proto-0.6.0-cac3336-SNAPSHOT.jar:/home/user/.m2/repository/org/apache/ratis/ratis-common/0.6.0-cac3336-SNAPSHOT/ratis-common-0.6.0-cac3336-SNAPSHOT.jar:/home/user/.m2/repository/com/amazonaws/aws-java-sdk-core/1.11.615/aws-java-sdk-core-1.11.615.jar:/home/user/.m2/repository/org/apache/httpcomponents/httpclient/4.5.2/httpclient-4.5.2.jar:/home/user/.m2/repository/org/apache/httpcomponents/httpcore/4.4.4/httpcore-4.4.4.jar:/home/user/.m2/repository/software/amazon/ion/ion-java/1.0.2/ion-java-1.0.2.jar:/home/user/.m2/repository/com/fasterxml/jackson/dataformat/jackson-dataformat-cbor/2.10.3/jackson-dataformat-cbor-2.10.3.jar:/home/user/.m2/repository/joda-time/joda-time/2.8.1/joda-time-2.8.1.jar:/home/user/.m2/repository/com/amazonaws/aws-java-sdk-s3/1.11.615/aws-java-sdk-s3-1.11.615.jar:/home/user/.m2/repository/com/amazonaws/aws-java-sdk-kms/1.11.615/aws-java-sdk-kms-1.11.615.jar:/home/user/.m2/repository/com/amazonaws/jmespath-java/1.11.615/jmespath-java-1.11.615.jar:/home/user/.m2/repository/org/apache/hadoop/hadoop-hdds-tools/0.6.0-SNAPSHOT/hadoop-hdds-tools-0.6.0-SNAPSHOT.jar:/home/user/.m2/repository/commons-cli/commons-cli/1.2/commons-cli-1.2.jar:/home/user/.m2/repository/org/apache/commons/commons-lang3/3.7/commons-lang3-3.7.jar:/home/user/.m2/repository/org/apache/hadoop/hadoop-ozone-ozone-manager/0.6.0-SNAPSHOT/hadoop-ozone-ozone-manager-0.6.0-SNAPSHOT-tests.jar:/home/user/.m2/repository/junit/junit/4.11/junit-4.11.jar:/home/user/.m2/repository/org/hamcrest/hamcrest-core/1.3/hamcrest-core-1.3.jar:/home/user/.m2/repository/org/openjdk/jmh/jmh-core/1.19/jmh-core-1.19.jar:/home/user/.m2/repository/net/sf/jopt-simple/jopt-simple/4.6/jopt-simple-4.6.jar:/home/user/.m2/repository/org/apache/commons/commons-math3/3.1.1/commons-math3-3.1.1.jar:/home/user/.m2/repository/org/openjdk/jmh/jmh-generator-annprocess/1.19/jmh-generator-annprocess-1.19.jar:/home/user/.m2/repository/org/mockito/mockito-all/1.8.5/mockito-all-1.8.5.jar:/home/user/.m2/repository/org/apache/hadoop/hadoop-kms/3.2.1/hadoop-kms-3.2.1.jar:/home/user/.m2/repository/org/apache/hadoop/hadoop-auth/3.2.1/hadoop-auth-3.2.1.jar:/home/user/.m2/repository/com/nimbusds/nimbus-jose-jwt/7.9/nimbus-jose-jwt-7.9.jar:/home/user/.m2/repository/com/github/stephenc/jcip/jcip-annotations/1.0-1/jcip-annotations-1.0-1.jar:/home/user/.m2/repository/net/minidev/json-smart/2.3/json-smart-2.3.jar:/home/user/.m2/repository/net/minidev/accessors-smart/1.2/accessors-smart-1.2.jar:/home/user/.m2/repository/org/ow2/asm/asm/5.0.4/asm-5.0.4.jar:/home/user/.m2/repository/org/apache/zookeeper/zookeeper/3.4.13/zookeeper-3.4.13.jar:/home/user/.m2/repository/org/apache/yetus/audience-annotations/0.5.0/audience-annotations-0.5.0.jar:/home/user/.m2/repository/org/apache/curator/curator-framework/2.13.0/curator-framework-2.13.0.jar:/home/user/.m2/repository/com/sun/jersey/jersey-core/1.19/jersey-core-1.19.jar:/home/user/.m2/repository/javax/ws/rs/jsr311-api/1.1.1/jsr311-api-1.1.1.jar:/home/user/.m2/repository/com/sun/jersey/jersey-server/1.19/jersey-server-1.19.jar:/home/user/.m2/repository/javax/servlet/javax.servlet-api/3.1.0/javax.servlet-api-3.1.0.jar:/home/user/.m2/repository/org/eclipse/jetty/jetty-server/9.4.26.v20200117/jetty-server-9.4.26.v20200117.jar:/home/user/.m2/repository/org/eclipse/jetty/jetty-http/9.4.26.v20200117/jetty-http-9.4.26.v20200117.jar:/home/user/.m2/repository/org/eclipse/jetty/jetty-io/9.4.26.v20200117/jetty-io-9.4.26.v20200117.jar:/home/user/.m2/repository/org/eclipse/jetty/jetty-webapp/9.4.26.v20200117/jetty-webapp-9.4.26.v20200117.jar:/home/user/.m2/repository/org/eclipse/jetty/jetty-xml/9.4.26.v20200117/jetty-xml-9.4.26.v20200117.jar:/home/user/.m2/repository/org/eclipse/jetty/jetty-servlet/9.4.26.v20200117/jetty-servlet-9.4.26.v20200117.jar:/home/user/.m2/repository/org/eclipse/jetty/jetty-security/9.4.26.v20200117/jetty-security-9.4.26.v20200117.jar:/home/user/.m2/repository/org/apache/hadoop/hadoop-common/3.2.1/hadoop-common-3.2.1.jar:/home/user/.m2/repository/commons-net/commons-net/3.6/commons-net-3.6.jar:/home/user/.m2/repository/commons-collections/commons-collections/3.2.2/commons-collections-3.2.2.jar:/home/user/.m2/repository/com/sun/jersey/jersey-servlet/1.19/jersey-servlet-1.19.jar:/home/user/.m2/repository/com/sun/jersey/jersey-json/1.19/jersey-json-1.19.jar:/home/user/.m2/repository/org/codehaus/jettison/jettison/1.1/jettison-1.1.jar:/home/user/.m2/repository/org/codehaus/jackson/jackson-jaxrs/1.9.2/jackson-jaxrs-1.9.2.jar:/home/user/.m2/repository/org/codehaus/jackson/jackson-xc/1.9.2/jackson-xc-1.9.2.jar:/home/user/.m2/repository/commons-beanutils/commons-beanutils/1.9.4/commons-beanutils-1.9.4.jar:/home/user/.m2/repository/org/apache/commons/commons-configuration2/2.1.1/commons-configuration2-2.1.1.jar:/home/user/.m2/repository/org/apache/commons/commons-text/1.4/commons-text-1.4.jar:/home/user/.m2/repository/com/google/re2j/re2j/1.1/re2j-1.1.jar:/home/user/.m2/repository/com/jcraft/jsch/0.1.54/jsch-0.1.54.jar:/home/user/.m2/repository/org/apache/curator/curator-client/2.13.0/curator-client-2.13.0.jar:/home/user/.m2/repository/org/apache/curator/curator-recipes/2.13.0/curator-recipes-2.13.0.jar:/home/user/.m2/repository/dnsjava/dnsjava/2.1.7/dnsjava-2.1.7.jar:/home/user/.m2/repository/org/slf4j/jul-to-slf4j/1.7.25/jul-to-slf4j-1.7.25.jar:/home/user/.m2/repository/org/eclipse/jetty/jetty-util/9.4.26.v20200117/jetty-util-9.4.26.v20200117.jar:/home/user/.m2/repository/com/fasterxml/jackson/core/jackson-databind/2.10.3/jackson-databind-2.10.3.jar:/home/user/.m2/repository/org/apache/hadoop/hadoop-kms/3.2.1/hadoop-kms-3.2.1-tests.jar:/home/user/.m2/repository/org/apache/hadoop/hadoop-hdds-server-scm/0.6.0-SNAPSHOT/hadoop-hdds-server-scm-0.6.0-SNAPSHOT-tests.jar:/home/user/.m2/repository/org/apache/hadoop/hadoop-hdds-container-service/0.6.0-SNAPSHOT/hadoop-hdds-container-service-0.6.0-SNAPSHOT-tests.jar:/home/user/.m2/repository/org/apache/hadoop/hadoop-hdds-common/0.6.0-SNAPSHOT/hadoop-hdds-common-0.6.0-SNAPSHOT-tests.jar:/home/user/.m2/repository/org/yaml/snakeyaml/1.16/snakeyaml-1.16.jar:/home/user/.m2/repository/org/apache/hadoop/hadoop-hdds-hadoop-dependency-test/0.6.0-SNAPSHOT/hadoop-hdds-hadoop-dependency-test-0.6.0-SNAPSHOT.jar:/home/user/.m2/repository/org/apache/hadoop/hadoop-common/3.2.1/hadoop-common-3.2.1-tests.jar:/home/user/.m2/repository/javax/servlet/jsp/jsp-api/2.1/jsp-api-2.1.jar:/home/user/.m2/repository/org/apache/hadoop/hadoop-hdfs/3.2.1/hadoop-hdfs-3.2.1-tests.jar:/home/user/.m2/repository/org/eclipse/jetty/jetty-util-ajax/9.4.26.v20200117/jetty-util-ajax-9.4.26.v20200117.jar:/home/user/.m2/repository/commons-codec/commons-codec/1.11/commons-codec-1.11.jar:/home/user/.m2/repository/commons-daemon/commons-daemon/1.0.13/commons-daemon-1.0.13.jar:/home/user/.m2/repository/io/netty/netty/3.10.5.Final/netty-3.10.5.Final.jar:/home/user/.m2/repository/io/netty/netty-all/4.1.48.Final/netty-all-4.1.48.Final.jar:/home/user/.m2/repository/org/apache/htrace/htrace-core4/4.1.0-incubating/htrace-core4-4.1.0-incubating.jar:/home/user/.m2/repository/org/fusesource/leveldbjni/leveldbjni-all/1.8/leveldbjni-all-1.8.jar:/home/user/.m2/repository/org/apache/hadoop/hadoop-distcp/3.2.1/hadoop-distcp-3.2.1.jar:/home/user/.m2/repository/org/apache/hadoop/hadoop-mapreduce-client-jobclient/3.2.1/hadoop-mapreduce-client-jobclient-3.2.1.jar:/home/user/.m2/repository/org/apache/hadoop/hadoop-mapreduce-client-common/3.2.1/hadoop-mapreduce-client-common-3.2.1.jar:/home/user/.m2/repository/org/apache/hadoop/hadoop-yarn-common/3.2.1/hadoop-yarn-common-3.2.1.jar:/home/user/.m2/repository/org/apache/hadoop/hadoop-yarn-api/3.2.1/hadoop-yarn-api-3.2.1.jar:/home/user/.m2/repository/com/sun/jersey/jersey-client/1.19/jersey-client-1.19.jar:/home/user/.m2/repository/com/sun/jersey/contribs/jersey-guice/1.19/jersey-guice-1.19.jar:/home/user/.m2/repository/com/fasterxml/jackson/jaxrs/jackson-jaxrs-json-provider/2.10.3/jackson-jaxrs-json-provider-2.10.3.jar:/home/user/.m2/repository/com/fasterxml/jackson/jaxrs/jackson-jaxrs-base/2.10.3/jackson-jaxrs-base-2.10.3.jar:/home/user/.m2/repository/org/apache/hadoop/hadoop-yarn-client/3.2.1/hadoop-yarn-client-3.2.1.jar:/home/user/.m2/repository/org/apache/hadoop/hadoop-mapreduce-client-core/3.2.1/hadoop-mapreduce-client-core-3.2.1.jar:/home/user/.m2/repository/org/apache/avro/avro/1.7.7/avro-1.7.7.jar:/home/user/.m2/repository/org/codehaus/jackson/jackson-core-asl/1.9.13/jackson-core-asl-1.9.13.jar:/home/user/.m2/repository/org/codehaus/jackson/jackson-mapper-asl/1.9.13/jackson-mapper-asl-1.9.13.jar:/home/user/.m2/repository/com/thoughtworks/paranamer/paranamer/2.3/paranamer-2.3.jar:/home/user/.m2/repository/org/xerial/snappy/snappy-java/1.0.5/snappy-java-1.0.5.jar:/home/user/.m2/repository/org/apache/hadoop/hadoop-annotations/3.2.1/hadoop-annotations-3.2.1.jar:/usr/lib/jvm/java-1.8.0-openjdk-1.8.0.232.b09-0.el7_7.x86_64/jre/../lib/tools.jar:/home/user/.m2/repository/org/apache/hadoop/hadoop-distcp/3.2.1/hadoop-distcp-3.2.1-tests.jar:"/>
    <property name="sun.cpu.endian" value="little"/>
    <property name="user.home" value="/home/user"/>
    <property name="user.language" value="en"/>
    <property name="java.specification.vendor" value="Oracle Corporation"/>
    <property name="java.home" value="/usr/lib/jvm/java-1.8.0-openjdk-1.8.0.232.b09-0.el7_7.x86_64/jre"/>
    <property name="java.security.krb5.conf" value="/github/workspace/mnt/ozone/hadoop-ozone/integration-test/target/test-classes/krb5.conf"/>
    <property name="basedir" value="/github/workspace/mnt/ozone/hadoop-ozone/integration-test"/>
    <property name="file.separator" value="/"/>
    <property name="line.separator" value="&#10;"/>
    <property name="java.vm.specification.vendor" value="Oracle Corporation"/>
    <property name="java.specification.name" value="Java Platform API Specification"/>
    <property name="java.awt.graphicsenv" value="sun.awt.X11GraphicsEnvironment"/>
    <property name="surefire.real.class.path" value="/github/workspace/mnt/ozone/hadoop-ozone/integration-test/target/surefire/surefirebooter5006962905140096831.jar:/home/user/.m2/repository/org/jacoco/org.jacoco.agent/0.8.3/org.jacoco.agent-0.8.3-runtime.jar"/>
    <property name="hadoop.log.dir" value="/github/workspace/mnt/ozone/hadoop-ozone/integration-test/target/log"/>
    <property name="sun.boot.class.path" value="/usr/lib/jvm/java-1.8.0-openjdk-1.8.0.232.b09-0.el7_7.x86_64/jre/lib/resources.jar:/usr/lib/jvm/java-1.8.0-openjdk-1.8.0.232.b09-0.el7_7.x86_64/jre/lib/rt.jar:/usr/lib/jvm/java-1.8.0-openjdk-1.8.0.232.b09-0.el7_7.x86_64/jre/lib/sunrsasign.jar:/usr/lib/jvm/java-1.8.0-openjdk-1.8.0.232.b09-0.el7_7.x86_64/jre/lib/jsse.jar:/usr/lib/jvm/java-1.8.0-openjdk-1.8.0.232.b09-0.el7_7.x86_64/jre/lib/jce.jar:/usr/lib/jvm/java-1.8.0-openjdk-1.8.0.232.b09-0.el7_7.x86_64/jre/lib/charsets.jar:/usr/lib/jvm/java-1.8.0-openjdk-1.8.0.232.b09-0.el7_7.x86_64/jre/lib/jfr.jar:/usr/lib/jvm/java-1.8.0-openjdk-1.8.0.232.b09-0.el7_7.x86_64/jre/classes"/>
    <property name="sun.management.compiler" value="HotSpot 64-Bit Tiered Compilers"/>
    <property name="java.runtime.version" value="1.8.0_232-b09"/>
    <property name="java.net.preferIPv4Stack" value="true"/>
    <property name="user.name" value="jenkins1001"/>
    <property name="path.separator" value=":"/>
    <property name="java.security.egd" value="file:///dev/urandom"/>
    <property name="os.version" value="5.3.0-1020-azure"/>
    <property name="java.endorsed.dirs" value="/usr/lib/jvm/java-1.8.0-openjdk-1.8.0.232.b09-0.el7_7.x86_64/jre/lib/endorsed"/>
    <property name="java.runtime.name" value="OpenJDK Runtime Environment"/>
    <property name="file.encoding" value="ANSI_X3.4-1968"/>
    <property name="java.vm.name" value="OpenJDK 64-Bit Server VM"/>
    <property name="test.build.webapps" value=""/>
    <property name="localRepository" value="/home/user/.m2/repository"/>
    <property name="java.vendor.url.bug" value="http://bugreport.sun.com/bugreport/"/>
    <property name="java.io.tmpdir" value="/tmp"/>
    <property name="require.test.libhadoop" value=""/>
    <property name="java.version" value="1.8.0_232"/>
    <property name="user.dir" value="/github/workspace/mnt/ozone/hadoop-ozone/integration-test"/>
    <property name="os.arch" value="amd64"/>
    <property name="java.vm.specification.name" value="Java Virtual Machine Specification"/>
    <property name="test.build.classes" value="/github/workspace/mnt/ozone/hadoop-ozone/integration-test/target/test-classes"/>
    <property name="java.awt.printerjob" value="sun.print.PSPrinterJob"/>
    <property name="sun.os.patch.level" value="unknown"/>
    <property name="hadoop.tmp.dir" value="/github/workspace/mnt/ozone/hadoop-ozone/integration-test/target/tmp"/>
    <property name="java.library.path" value="/usr/lib:/usr/java/packages/lib/amd64:/usr/lib64:/lib64:/lib:/usr/lib"/>
    <property name="java.vm.info" value="mixed mode"/>
    <property name="java.vendor" value="Oracle Corporation"/>
    <property name="java.vm.version" value="25.232-b09"/>
    <property name="java.ext.dirs" value="/usr/lib/jvm/java-1.8.0-openjdk-1.8.0.232.b09-0.el7_7.x86_64/jre/lib/ext:/usr/java/packages/lib/ext"/>
    <property name="sun.io.unicode.encoding" value="UnicodeLittle"/>
    <property name="java.class.version" value="52.0"/>
  </properties>
  <testcase name="test2WayCommitForRetryfailure" classname="org.apache.hadoop.ozone.client.rpc.Test2WayCommitInRatis" time="88.447">
    <error message="org.apache.ratis.protocol.RaftRetryFailureException: Failed RaftClientRequest:client-1578FC0265DA-&gt;d0082a59-cec4-4d0d-b5ec-17bb4baf1ccb@group-8EE1479002D7, cid=9, seq=3*, RW, cmdType: CloseContainer&#10;traceID: &quot;&quot;&#10;containerID: 1&#10;datanodeUuid: &quot;1c9bc0ef-9cc5-4deb-86e3-073d94f38b24&quot;&#10;closeContainer {&#10;}&#10;, data.size=0 for 15 attempts with RetryLimited(maxAttempts=15, sleepTime=1000ms)" type="java.util.concurrent.ExecutionException">java.util.concurrent.ExecutionException: 
org.apache.ratis.protocol.RaftRetryFailureException: Failed RaftClientRequest:client-1578FC0265DA->d0082a59-cec4-4d0d-b5ec-17bb4baf1ccb@group-8EE1479002D7, cid=9, seq=3*, RW, cmdType: CloseContainer
traceID: ""
containerID: 1
datanodeUuid: "1c9bc0ef-9cc5-4deb-86e3-073d94f38b24"
closeContainer {
}
, data.size=0 for 15 attempts with RetryLimited(maxAttempts=15, sleepTime=1000ms)
	at java.util.concurrent.CompletableFuture.reportGet(CompletableFuture.java:357)
	at java.util.concurrent.CompletableFuture.get(CompletableFuture.java:1908)
	at org.apache.hadoop.ozone.client.rpc.Test2WayCommitInRatis.test2WayCommitForRetryfailure(Test2WayCommitInRatis.java:178)
	at sun.reflect.NativeMethodAccessorImpl.invoke0(Native Method)
	at sun.reflect.NativeMethodAccessorImpl.invoke(NativeMethodAccessorImpl.java:62)
	at sun.reflect.DelegatingMethodAccessorImpl.invoke(DelegatingMethodAccessorImpl.java:43)
	at java.lang.reflect.Method.invoke(Method.java:498)
	at org.junit.runners.model.FrameworkMethod$1.runReflectiveCall(FrameworkMethod.java:47)
	at org.junit.internal.runners.model.ReflectiveCallable.run(ReflectiveCallable.java:12)
	at org.junit.runners.model.FrameworkMethod.invokeExplosively(FrameworkMethod.java:44)
	at org.junit.internal.runners.statements.InvokeMethod.evaluate(InvokeMethod.java:17)
	at org.junit.runners.ParentRunner.runLeaf(ParentRunner.java:271)
	at org.junit.runners.BlockJUnit4ClassRunner.runChild(BlockJUnit4ClassRunner.java:70)
	at org.junit.runners.BlockJUnit4ClassRunner.runChild(BlockJUnit4ClassRunner.java:50)
	at org.junit.runners.ParentRunner$3.run(ParentRunner.java:238)
	at org.junit.runners.ParentRunner$1.schedule(ParentRunner.java:63)
	at org.junit.runners.ParentRunner.runChildren(ParentRunner.java:236)
	at org.junit.runners.ParentRunner.access$000(ParentRunner.java:53)
	at org.junit.runners.ParentRunner$2.evaluate(ParentRunner.java:229)
	at org.junit.runners.ParentRunner.run(ParentRunner.java:309)
	at org.apache.maven.surefire.junit4.JUnit4Provider.execute(JUnit4Provider.java:365)
	at org.apache.maven.surefire.junit4.JUnit4Provider.executeWithRerun(JUnit4Provider.java:273)
	at org.apache.maven.surefire.junit4.JUnit4Provider.executeTestSet(JUnit4Provider.java:238)
	at org.apache.maven.surefire.junit4.JUnit4Provider.invoke(JUnit4Provider.java:159)
	at org.apache.maven.surefire.booter.ForkedBooter.invokeProviderInSameClassLoader(ForkedBooter.java:384)
	at org.apache.maven.surefire.booter.ForkedBooter.runSuitesInProcess(ForkedBooter.java:345)
	at org.apache.maven.surefire.booter.ForkedBooter.execute(ForkedBooter.java:126)
	at org.apache.maven.surefire.booter.ForkedBooter.main(ForkedBooter.java:418)
Caused by: org.apache.ratis.protocol.RaftRetryFailureException: Failed RaftClientRequest:client-1578FC0265DA->d0082a59-cec4-4d0d-b5ec-17bb4baf1ccb@group-8EE1479002D7, cid=9, seq=3*, RW, cmdType: CloseContainer
traceID: ""
containerID: 1
datanodeUuid: "1c9bc0ef-9cc5-4deb-86e3-073d94f38b24"
closeContainer {
}
, data.size=0 for 15 attempts with RetryLimited(maxAttempts=15, sleepTime=1000ms)
	at org.apache.ratis.client.impl.RaftClientImpl.noMoreRetries(RaftClientImpl.java:330)
	at org.apache.ratis.client.impl.OrderedAsync.handleAsyncRetryFailure(OrderedAsync.java:151)
	at org.apache.ratis.client.impl.OrderedAsync.lambda$sendRequest$10(OrderedAsync.java:250)
	at java.util.concurrent.CompletableFuture.uniExceptionally(CompletableFuture.java:884)
	at java.util.concurrent.CompletableFuture$UniExceptionally.tryFire(CompletableFuture.java:866)
	at java.util.concurrent.CompletableFuture.postComplete(CompletableFuture.java:488)
	at java.util.concurrent.CompletableFuture.completeExceptionally(CompletableFuture.java:1990)
	at org.apache.ratis.grpc.client.GrpcClientProtocolClient$AsyncStreamObservers.lambda$timeoutCheck$5(GrpcClientProtocolClient.java:337)
	at java.util.Optional.ifPresent(Optional.java:159)
	at org.apache.ratis.grpc.client.GrpcClientProtocolClient$AsyncStreamObservers.handleReplyFuture(GrpcClientProtocolClient.java:342)
	at org.apache.ratis.grpc.client.GrpcClientProtocolClient$AsyncStreamObservers.timeoutCheck(GrpcClientProtocolClient.java:337)
	at org.apache.ratis.grpc.client.GrpcClientProtocolClient$AsyncStreamObservers.lambda$onNext$3(GrpcClientProtocolClient.java:330)
	at org.apache.ratis.util.TimeoutScheduler.lambda$onTimeout$0(TimeoutScheduler.java:141)
	at org.apache.ratis.util.TimeoutScheduler.lambda$onTimeout$1(TimeoutScheduler.java:155)
	at org.apache.ratis.util.LogUtils.runAndLog(LogUtils.java:38)
	at org.apache.ratis.util.LogUtils$1.run(LogUtils.java:79)
	at java.util.concurrent.Executors$RunnableAdapter.call(Executors.java:511)
	at java.util.concurrent.FutureTask.run(FutureTask.java:266)
	at java.util.concurrent.ScheduledThreadPoolExecutor$ScheduledFutureTask.access$201(ScheduledThreadPoolExecutor.java:180)
	at java.util.concurrent.ScheduledThreadPoolExecutor$ScheduledFutureTask.run(ScheduledThreadPoolExecutor.java:293)
	at java.util.concurrent.ThreadPoolExecutor.runWorker(ThreadPoolExecutor.java:1149)
	at java.util.concurrent.ThreadPoolExecutor$Worker.run(ThreadPoolExecutor.java:624)
	at java.lang.Thread.run(Thread.java:748)
Caused by: org.apache.ratis.protocol.TimeoutIOException: Request #9 timeout 3s
	... 16 more
</error>
    <system-out><![CDATA[2020-05-14 17:01:33,886 [main] WARN  server.ServerUtils (ServerUtils.java:getScmDbDir(148)) - ozone.scm.db.dirs is not configured. We recommend adding this setting. Falling back to ozone.metadata.dirs instead.
2020-05-14 17:01:33,994 [main] WARN  server.ServerUtils (ServerUtils.java:getScmDbDir(148)) - ozone.scm.db.dirs is not configured. We recommend adding this setting. Falling back to ozone.metadata.dirs instead.
2020-05-14 17:01:34,111 [main] WARN  db.DBStoreBuilder (DBStoreBuilder.java:createDBStoreBuilder(277)) - ozone.scm.db.dirs is not configured. We recommend adding this setting. Falling back to ozone.metadata.dirs instead.
2020-05-14 17:01:34,275 [main] INFO  net.NodeSchemaLoader (NodeSchemaLoader.java:loadSchemaFromFile(126)) - Loading file from sun.misc.CompoundEnumeration@7d5ef1c3
2020-05-14 17:01:34,278 [main] INFO  net.NodeSchemaLoader (NodeSchemaLoader.java:loadSchema(172)) - Loading network topology layer schema file
2020-05-14 17:01:34,365 [main] WARN  server.ServerUtils (ServerUtils.java:sanitizeUserArgs(73)) - ozone.scm.stale.node.interval value = 60000000 is larger than max = 100000 based on the key value of ozone.scm.heartbeat.thread.interval, reset to the max value 100000.
2020-05-14 17:01:34,366 [main] WARN  server.ServerUtils (ServerUtils.java:sanitizeUserArgs(73)) - ozone.scm.stale.node.interval value = 60000000 is larger than max = 100000 based on the key value of ozone.scm.heartbeat.thread.interval, reset to the max value 100000.
2020-05-14 17:01:34,375 [main] INFO  node.SCMNodeManager (SCMNodeManager.java:<init>(116)) - Entering startup safe mode.
2020-05-14 17:01:34,552 [main] INFO  algorithms.ContainerPlacementPolicyFactory (ContainerPlacementPolicyFactory.java:getPolicy(60)) - Create container placement policy of type org.apache.hadoop.hdds.scm.container.placement.algorithms.SCMContainerPlacementRandom
2020-05-14 17:01:34,584 [main] INFO  pipeline.SCMPipelineManager (SCMPipelineManager.java:initializePipelineState(158)) - No pipeline exists in current db
2020-05-14 17:01:34,662 [main] INFO  safemode.HealthyPipelineSafeModeRule (HealthyPipelineSafeModeRule.java:<init>(89)) - Total pipeline count is 0, healthy pipeline threshold count is 0
2020-05-14 17:01:34,669 [main] INFO  safemode.OneReplicaPipelineSafeModeRule (OneReplicaPipelineSafeModeRule.java:<init>(79)) - Total pipeline count is 0, pipeline's with at least one datanode reported threshold count is 0
2020-05-14 17:01:34,711 [RatisPipelineUtilsThread] ERROR pipeline.SCMPipelineManager (SCMPipelineManager.java:createPipeline(222)) - Failed to create pipeline of type RATIS and factor ONE. Exception: Cannot create pipeline of factor 1 using 0 nodes. Used 0 nodes. Healthy nodes 0
2020-05-14 17:01:35,249 [main] INFO  ipc.CallQueueManager (CallQueueManager.java:<init>(84)) - Using callQueue: class java.util.concurrent.LinkedBlockingQueue, queueCapacity: 2000, scheduler: class org.apache.hadoop.ipc.DefaultRpcScheduler, ipcBackoff: false.
2020-05-14 17:01:35,286 [Socket Reader #1 for port 0] INFO  ipc.Server (Server.java:run(1219)) - Starting Socket Reader #1 for port 0
2020-05-14 17:01:35,333 [Listener at 0.0.0.0/38043] INFO  ipc.CallQueueManager (CallQueueManager.java:<init>(84)) - Using callQueue: class java.util.concurrent.LinkedBlockingQueue, queueCapacity: 2000, scheduler: class org.apache.hadoop.ipc.DefaultRpcScheduler, ipcBackoff: false.
2020-05-14 17:01:35,335 [Socket Reader #1 for port 0] INFO  ipc.Server (Server.java:run(1219)) - Starting Socket Reader #1 for port 0
2020-05-14 17:01:35,345 [Listener at 0.0.0.0/39749] INFO  ipc.CallQueueManager (CallQueueManager.java:<init>(84)) - Using callQueue: class java.util.concurrent.LinkedBlockingQueue, queueCapacity: 2000, scheduler: class org.apache.hadoop.ipc.DefaultRpcScheduler, ipcBackoff: false.
2020-05-14 17:01:35,349 [Socket Reader #1 for port 0] INFO  ipc.Server (Server.java:run(1219)) - Starting Socket Reader #1 for port 0
2020-05-14 17:01:35,372 [Listener at 0.0.0.0/35369] INFO  http.BaseHttpServer (BaseHttpServer.java:newHttpServer2BuilderForOzone(205)) - Starting Web-server for scm at: http://0.0.0.0:0
2020-05-14 17:01:35,372 [Listener at 0.0.0.0/35369] INFO  http.BaseHttpServer (BaseHttpServer.java:<init>(106)) - Hadoop Security Enabled: false Ozone Security Enabled: false Ozone HTTP Security Enabled: false 
2020-05-14 17:01:35,418 [Listener at 0.0.0.0/35369] INFO  util.log (Log.java:initialized(169)) - Logging initialized @2984ms to org.eclipse.jetty.util.log.Slf4jLog
2020-05-14 17:01:35,627 [Listener at 0.0.0.0/35369] INFO  server.AuthenticationFilter (AuthenticationFilter.java:constructSecretProvider(240)) - Unable to initialize FileSignerSecretProvider, falling back to use random secrets.
2020-05-14 17:01:35,661 [Listener at 0.0.0.0/35369] WARN  http.HttpRequestLog (HttpRequestLog.java:getRequestLog(103)) - Jetty request log can only be enabled using Log4j
2020-05-14 17:01:35,670 [Listener at 0.0.0.0/35369] INFO  http.HttpServer2 (HttpServer2.java:addGlobalFilter(993)) - Added global filter 'safety' (class=org.apache.hadoop.hdds.server.http.HttpServer2$QuotingInputFilter)
2020-05-14 17:01:35,679 [Listener at 0.0.0.0/35369] INFO  http.HttpServer2 (HttpServer2.java:addFilter(969)) - Added filter authentication (class=org.apache.hadoop.security.authentication.server.AuthenticationFilter) to context scm
2020-05-14 17:01:35,679 [Listener at 0.0.0.0/35369] INFO  http.HttpServer2 (HttpServer2.java:addFilter(977)) - Added filter authentication (class=org.apache.hadoop.security.authentication.server.AuthenticationFilter) to context logs
2020-05-14 17:01:35,679 [Listener at 0.0.0.0/35369] INFO  http.HttpServer2 (HttpServer2.java:addFilter(977)) - Added filter authentication (class=org.apache.hadoop.security.authentication.server.AuthenticationFilter) to context static
2020-05-14 17:01:35,785 [Listener at 0.0.0.0/35369] INFO  server.StorageContainerManager (StorageContainerManager.java:start(781)) - StorageContainerLocationProtocol RPC server is listening at /0.0.0.0:35369
2020-05-14 17:01:35,881 [Listener at 0.0.0.0/35369] WARN  impl.MetricsConfig (MetricsConfig.java:loadFirst(134)) - Cannot locate configuration: tried hadoop-metrics2-storagecontainermanager.properties,hadoop-metrics2.properties
2020-05-14 17:01:35,900 [Listener at 0.0.0.0/35369] INFO  impl.MetricsSystemImpl (MetricsSystemImpl.java:startTimer(374)) - Scheduled Metric snapshot period at 10 second(s).
2020-05-14 17:01:35,900 [Listener at 0.0.0.0/35369] INFO  impl.MetricsSystemImpl (MetricsSystemImpl.java:start(191)) - StorageContainerManager metrics system started
2020-05-14 17:01:36,312 [Listener at 0.0.0.0/35369] INFO  server.SCMClientProtocolServer (SCMClientProtocolServer.java:start(157)) - RPC server for Client  is listening at /0.0.0.0:35369
2020-05-14 17:01:36,314 [IPC Server Responder] INFO  ipc.Server (Server.java:run(1460)) - IPC Server Responder: starting
2020-05-14 17:01:36,315 [IPC Server listener on 0] INFO  ipc.Server (Server.java:run(1298)) - IPC Server listener on 0: starting
2020-05-14 17:01:36,322 [Listener at 0.0.0.0/35369] INFO  server.StorageContainerManager (StorageContainerManager.java:start(793)) - ScmBlockLocationProtocol RPC server is listening at /0.0.0.0:39749
2020-05-14 17:01:36,323 [Listener at 0.0.0.0/35369] INFO  server.SCMBlockProtocolServer (SCMBlockProtocolServer.java:start(149)) - RPC server for Block Protocol is listening at /0.0.0.0:39749
2020-05-14 17:01:36,323 [IPC Server Responder] INFO  ipc.Server (Server.java:run(1460)) - IPC Server Responder: starting
2020-05-14 17:01:36,324 [IPC Server listener on 0] INFO  ipc.Server (Server.java:run(1298)) - IPC Server listener on 0: starting
2020-05-14 17:01:36,331 [Listener at 0.0.0.0/35369] INFO  server.StorageContainerManager (StorageContainerManager.java:start(799)) - ScmDatanodeProtocl RPC server is listening at /0.0.0.0:38043
2020-05-14 17:01:36,331 [Listener at 0.0.0.0/35369] INFO  server.SCMDatanodeProtocolServer (SCMDatanodeProtocolServer.java:start(172)) - RPC server for DataNodes is listening at /0.0.0.0:38043
2020-05-14 17:01:36,332 [IPC Server Responder] INFO  ipc.Server (Server.java:run(1460)) - IPC Server Responder: starting
2020-05-14 17:01:36,332 [IPC Server listener on 0] INFO  ipc.Server (Server.java:run(1298)) - IPC Server listener on 0: starting
2020-05-14 17:01:36,336 [Listener at 0.0.0.0/35369] INFO  http.HttpServer2 (HttpServer2.java:bindListener(1211)) - Jetty bound to port 39811
2020-05-14 17:01:36,339 [Listener at 0.0.0.0/35369] INFO  server.Server (Server.java:doStart(359)) - jetty-9.4.26.v20200117; built: 2020-01-17T12:35:33.676Z; git: 7b38981d25d14afb4a12ff1f2596756144edf695; jvm 1.8.0_232-b09
2020-05-14 17:01:36,388 [Listener at 0.0.0.0/35369] INFO  server.session (DefaultSessionIdManager.java:doStart(333)) - DefaultSessionIdManager workerName=node0
2020-05-14 17:01:36,389 [Listener at 0.0.0.0/35369] INFO  server.session (DefaultSessionIdManager.java:doStart(338)) - No SessionScavenger set, using defaults
2020-05-14 17:01:36,392 [Listener at 0.0.0.0/35369] INFO  server.session (HouseKeeper.java:startScavenging(140)) - node0 Scavenging every 600000ms
2020-05-14 17:01:36,412 [Listener at 0.0.0.0/35369] INFO  server.AuthenticationFilter (AuthenticationFilter.java:constructSecretProvider(240)) - Unable to initialize FileSignerSecretProvider, falling back to use random secrets.
2020-05-14 17:01:36,417 [Listener at 0.0.0.0/35369] INFO  handler.ContextHandler (ContextHandler.java:doStart(825)) - Started o.e.j.s.ServletContextHandler@3a94d716{logs,/logs,file:///github/workspace/mnt/ozone/hadoop-ozone/integration-test/target/log,AVAILABLE}
2020-05-14 17:01:36,420 [Listener at 0.0.0.0/35369] INFO  handler.ContextHandler (ContextHandler.java:doStart(825)) - Started o.e.j.s.ServletContextHandler@72f18fbd{static,/static,file:///github/workspace/mnt/ozone/hadoop-ozone/integration-test/target/test-classes/webapps/static,AVAILABLE}
2020-05-14 17:01:36,490 [Listener at 0.0.0.0/35369] INFO  handler.ContextHandler (ContextHandler.java:doStart(825)) - Started o.e.j.w.WebAppContext@5f1c19ad{scm,/,file:///github/workspace/mnt/ozone/hadoop-ozone/integration-test/target/test-classes/webapps/scm/,AVAILABLE}{file:/github/workspace/mnt/ozone/hadoop-ozone/integration-test/target/test-classes/webapps/scm}
2020-05-14 17:01:36,504 [Listener at 0.0.0.0/35369] INFO  server.AbstractConnector (AbstractConnector.java:doStart(330)) - Started ServerConnector@428fef32{HTTP/1.1,[http/1.1]}{0.0.0.0:39811}
2020-05-14 17:01:36,505 [Listener at 0.0.0.0/35369] INFO  server.Server (Server.java:doStart(399)) - Started @4070ms
2020-05-14 17:01:36,508 [Listener at 0.0.0.0/35369] INFO  impl.MetricsSinkAdapter (MetricsSinkAdapter.java:start(204)) - Sink prometheus started
2020-05-14 17:01:36,508 [Listener at 0.0.0.0/35369] INFO  impl.MetricsSystemImpl (MetricsSystemImpl.java:registerSink(301)) - Registered sink prometheus
2020-05-14 17:01:36,523 [Listener at 0.0.0.0/35369] INFO  http.BaseHttpServer (BaseHttpServer.java:updateConnectorAddress(325)) - HTTP server of scm listening at http://0.0.0.0:39811
2020-05-14 17:01:36,539 [Listener at 0.0.0.0/35369] WARN  server.ServerUtils (ServerUtils.java:getDBPath(225)) - ozone.om.db.dirs is not configured. We recommend adding this setting. Falling back to ozone.metadata.dirs instead.
2020-05-14 17:01:36,541 [org.apache.hadoop.util.JvmPauseMonitor$Monitor@4bf6ce64] INFO  util.JvmPauseMonitor (JvmPauseMonitor.java:run(188)) - Starting JVM pause monitor
2020-05-14 17:01:36,690 [Listener at 0.0.0.0/35369] INFO  ha.OMHANodeDetails (OMHANodeDetails.java:loadOMHAConfig(104)) - ozone.om.internal.service.id is not defined, falling back to ozone.om.service.ids to find serviceID for OzoneManager if it is HA enabled cluster
2020-05-14 17:01:36,692 [Listener at 0.0.0.0/35369] INFO  ha.OMHANodeDetails (OMHANodeDetails.java:loadOMHAConfig(207)) - Configuration either no ozone.om.address set. Falling back to the default OM address /127.0.0.1:0
2020-05-14 17:01:36,693 [Listener at 0.0.0.0/35369] INFO  ha.OMHANodeDetails (OMHANodeDetails.java:getOMNodeDetails(237)) - OM Service ID is not set. Setting it to the default ID: omServiceIdDefault
2020-05-14 17:01:36,694 [Listener at 0.0.0.0/35369] WARN  server.ServerUtils (ServerUtils.java:getDBPath(225)) - ozone.om.db.dirs is not configured. We recommend adding this setting. Falling back to ozone.metadata.dirs instead.
2020-05-14 17:01:36,695 [Listener at 0.0.0.0/35369] WARN  server.ServerUtils (ServerUtils.java:getDBPath(225)) - ozone.om.db.dirs is not configured. We recommend adding this setting. Falling back to ozone.metadata.dirs instead.
2020-05-14 17:01:37,439 [Listener at 0.0.0.0/35369] WARN  server.ServerUtils (ServerUtils.java:getDBPath(225)) - ozone.om.db.dirs is not configured. We recommend adding this setting. Falling back to ozone.metadata.dirs instead.
2020-05-14 17:01:37,550 [Listener at 0.0.0.0/35369] INFO  ipc.CallQueueManager (CallQueueManager.java:<init>(84)) - Using callQueue: class java.util.concurrent.LinkedBlockingQueue, queueCapacity: 2000, scheduler: class org.apache.hadoop.ipc.DefaultRpcScheduler, ipcBackoff: false.
2020-05-14 17:01:37,553 [Socket Reader #1 for port 0] INFO  ipc.Server (Server.java:run(1219)) - Starting Socket Reader #1 for port 0
2020-05-14 17:01:37,591 [Listener at 127.0.0.1/45119] INFO  impl.MetricsSystemImpl (MetricsSystemImpl.java:init(158)) - OzoneManager metrics system started (again)
2020-05-14 17:01:37,593 [Listener at 127.0.0.1/45119] INFO  om.OzoneManager (OzoneManager.java:start(1107)) - OzoneManager RPC server is listening at localhost/127.0.0.1:45119
2020-05-14 17:01:37,613 [IPC Server Responder] INFO  ipc.Server (Server.java:run(1460)) - IPC Server Responder: starting
2020-05-14 17:01:37,613 [IPC Server listener on 0] INFO  ipc.Server (Server.java:run(1298)) - IPC Server listener on 0: starting
2020-05-14 17:01:37,627 [Listener at 127.0.0.1/45119] INFO  http.BaseHttpServer (BaseHttpServer.java:newHttpServer2BuilderForOzone(205)) - Starting Web-server for ozoneManager at: http://0.0.0.0:0
2020-05-14 17:01:37,627 [Listener at 127.0.0.1/45119] INFO  http.BaseHttpServer (BaseHttpServer.java:<init>(106)) - Hadoop Security Enabled: false Ozone Security Enabled: false Ozone HTTP Security Enabled: false 
2020-05-14 17:01:37,629 [Listener at 127.0.0.1/45119] INFO  server.AuthenticationFilter (AuthenticationFilter.java:constructSecretProvider(240)) - Unable to initialize FileSignerSecretProvider, falling back to use random secrets.
2020-05-14 17:01:37,633 [Listener at 127.0.0.1/45119] WARN  http.HttpRequestLog (HttpRequestLog.java:getRequestLog(103)) - Jetty request log can only be enabled using Log4j
2020-05-14 17:01:37,634 [Listener at 127.0.0.1/45119] INFO  http.HttpServer2 (HttpServer2.java:addGlobalFilter(993)) - Added global filter 'safety' (class=org.apache.hadoop.hdds.server.http.HttpServer2$QuotingInputFilter)
2020-05-14 17:01:37,635 [Listener at 127.0.0.1/45119] INFO  http.HttpServer2 (HttpServer2.java:addFilter(969)) - Added filter authentication (class=org.apache.hadoop.security.authentication.server.AuthenticationFilter) to context ozoneManager
2020-05-14 17:01:37,635 [Listener at 127.0.0.1/45119] INFO  http.HttpServer2 (HttpServer2.java:addFilter(977)) - Added filter authentication (class=org.apache.hadoop.security.authentication.server.AuthenticationFilter) to context static
2020-05-14 17:01:37,636 [Listener at 127.0.0.1/45119] INFO  http.HttpServer2 (HttpServer2.java:addFilter(977)) - Added filter authentication (class=org.apache.hadoop.security.authentication.server.AuthenticationFilter) to context logs
2020-05-14 17:01:37,638 [Listener at 127.0.0.1/45119] INFO  http.HttpServer2 (HttpServer2.java:bindListener(1211)) - Jetty bound to port 35767
2020-05-14 17:01:37,638 [Listener at 127.0.0.1/45119] INFO  server.Server (Server.java:doStart(359)) - jetty-9.4.26.v20200117; built: 2020-01-17T12:35:33.676Z; git: 7b38981d25d14afb4a12ff1f2596756144edf695; jvm 1.8.0_232-b09
2020-05-14 17:01:37,640 [Listener at 127.0.0.1/45119] INFO  server.session (DefaultSessionIdManager.java:doStart(333)) - DefaultSessionIdManager workerName=node0
2020-05-14 17:01:37,640 [Listener at 127.0.0.1/45119] INFO  server.session (DefaultSessionIdManager.java:doStart(338)) - No SessionScavenger set, using defaults
2020-05-14 17:01:37,641 [Listener at 127.0.0.1/45119] INFO  server.session (HouseKeeper.java:startScavenging(140)) - node0 Scavenging every 660000ms
2020-05-14 17:01:37,641 [Listener at 127.0.0.1/45119] INFO  server.AuthenticationFilter (AuthenticationFilter.java:constructSecretProvider(240)) - Unable to initialize FileSignerSecretProvider, falling back to use random secrets.
2020-05-14 17:01:37,642 [Listener at 127.0.0.1/45119] INFO  handler.ContextHandler (ContextHandler.java:doStart(825)) - Started o.e.j.s.ServletContextHandler@122e5f4{logs,/logs,file:///github/workspace/mnt/ozone/hadoop-ozone/integration-test/target/log,AVAILABLE}
2020-05-14 17:01:37,643 [Listener at 127.0.0.1/45119] INFO  handler.ContextHandler (ContextHandler.java:doStart(825)) - Started o.e.j.s.ServletContextHandler@4559f51a{static,/static,file:///github/workspace/mnt/ozone/hadoop-ozone/integration-test/target/test-classes/webapps/static,AVAILABLE}
2020-05-14 17:01:37,647 [Listener at 127.0.0.1/45119] INFO  handler.ContextHandler (ContextHandler.java:doStart(825)) - Started o.e.j.w.WebAppContext@5ba64c76{ozoneManager,/,file:///github/workspace/mnt/ozone/hadoop-ozone/integration-test/target/test-classes/webapps/ozoneManager/,AVAILABLE}{file:/github/workspace/mnt/ozone/hadoop-ozone/integration-test/target/test-classes/webapps/ozoneManager}
2020-05-14 17:01:37,649 [Listener at 127.0.0.1/45119] INFO  server.AbstractConnector (AbstractConnector.java:doStart(330)) - Started ServerConnector@556c7eff{HTTP/1.1,[http/1.1]}{0.0.0.0:35767}
2020-05-14 17:01:37,649 [Listener at 127.0.0.1/45119] INFO  server.Server (Server.java:doStart(399)) - Started @5215ms
2020-05-14 17:01:37,649 [Listener at 127.0.0.1/45119] WARN  impl.MetricsSystemImpl (MetricsSystemImpl.java:register(276)) - Sink prometheus already exists!
2020-05-14 17:01:37,653 [Listener at 127.0.0.1/45119] INFO  http.BaseHttpServer (BaseHttpServer.java:updateConnectorAddress(325)) - HTTP server of ozoneManager listening at http://0.0.0.0:35767
2020-05-14 17:01:37,809 [Listener at 127.0.0.1/45119] INFO  metrics.MetricRegistries (MetricRegistriesLoader.java:load(64)) - Loaded MetricRegistries class org.apache.ratis.metrics.impl.MetricRegistriesImpl
2020-05-14 17:01:37,812 [Listener at 127.0.0.1/45119] INFO  impl.MetricsSystemImpl (MetricsSystemImpl.java:init(158)) - HddsDatanode metrics system started (again)
2020-05-14 17:01:37,819 [Listener at 127.0.0.1/45119] INFO  ozone.HddsDatanodeService (HddsDatanodeService.java:start(204)) - HddsDatanodeService host:43b7e92f9ef7 ip:172.17.0.2
2020-05-14 17:01:37,867 [Listener at 127.0.0.1/45119] INFO  volume.HddsVolume (HddsVolume.java:<init>(176)) - Creating Volume: /github/workspace/mnt/ozone/hadoop-ozone/integration-test/target/test-dir/MiniOzoneClusterImpl-74c77172-b6ee-4862-b69e-2f993b882c4c/datanode-0/data-0/containers/hdds of storage type : DISK and capacity : 9223372036854775807
2020-05-14 17:01:37,869 [Listener at 127.0.0.1/45119] INFO  volume.MutableVolumeSet (MutableVolumeSet.java:initializeVolumeSet(181)) - Added Volume : /github/workspace/mnt/ozone/hadoop-ozone/integration-test/target/test-dir/MiniOzoneClusterImpl-74c77172-b6ee-4862-b69e-2f993b882c4c/datanode-0/data-0/containers/hdds to VolumeSet
2020-05-14 17:01:37,870 [Listener at 127.0.0.1/45119] INFO  volume.ThrottledAsyncChecker (ThrottledAsyncChecker.java:schedule(141)) - Scheduling a check for /github/workspace/mnt/ozone/hadoop-ozone/integration-test/target/test-dir/MiniOzoneClusterImpl-74c77172-b6ee-4862-b69e-2f993b882c4c/datanode-0/data-0/containers/hdds
2020-05-14 17:01:37,897 [Listener at 127.0.0.1/45119] INFO  volume.HddsVolumeChecker (HddsVolumeChecker.java:checkAllVolumes(200)) - Scheduled health check for volume /github/workspace/mnt/ozone/hadoop-ozone/integration-test/target/test-dir/MiniOzoneClusterImpl-74c77172-b6ee-4862-b69e-2f993b882c4c/datanode-0/data-0/containers/hdds
2020-05-14 17:01:38,101 [Listener at 127.0.0.1/45119] INFO  impl.RaftServerProxy (ConfUtils.java:logGet(44)) - raft.rpc.type = GRPC (default)
2020-05-14 17:01:38,256 [Listener at 127.0.0.1/45119] INFO  grpc.GrpcFactory (GrpcFactory.java:checkPooledByteBufAllocatorUseCacheForAllThreads(45)) - PERFORMANCE WARNING: useCacheForAllThreads is true that may cause Netty to create a lot garbage objects and, as a result, trigger GC.
	It is recommended to disable useCacheForAllThreads by setting -Dorg.apache.ratis.thirdparty.io.netty.allocator.useCacheForAllThreads=false in command line.
2020-05-14 17:01:38,262 [Listener at 127.0.0.1/45119] INFO  grpc.GrpcConfigKeys (ConfUtils.java:logGet(44)) - raft.grpc.server.port = 0 (default)
2020-05-14 17:01:38,264 [Listener at 127.0.0.1/45119] INFO  server.GrpcService (ConfUtils.java:logGet(44)) - raft.grpc.message.size.max = 32MB (=33554432) (custom)
2020-05-14 17:01:38,265 [Listener at 127.0.0.1/45119] INFO  server.RaftServerConfigKeys (ConfUtils.java:logGet(44)) - raft.server.log.appender.buffer.byte-limit = 33554432 (custom)
2020-05-14 17:01:38,267 [Listener at 127.0.0.1/45119] INFO  server.GrpcService (ConfUtils.java:logGet(44)) - raft.grpc.flow.control.window = 5MB (=5242880) (custom)
2020-05-14 17:01:38,268 [Listener at 127.0.0.1/45119] INFO  server.RaftServerConfigKeys (ConfUtils.java:logGet(44)) - raft.server.rpc.request.timeout = 3s (default)
2020-05-14 17:01:38,550 [Listener at 127.0.0.1/45119] INFO  server.RaftServerConfigKeys (ConfUtils.java:logGet(44)) - raft.server.storage.dir = [/github/workspace/mnt/ozone/hadoop-ozone/integration-test/target/test-dir/MiniOzoneClusterImpl-74c77172-b6ee-4862-b69e-2f993b882c4c/datanode-0/data/ratis] (custom)
2020-05-14 17:01:38,621 [Listener at 127.0.0.1/45119] INFO  http.BaseHttpServer (BaseHttpServer.java:newHttpServer2BuilderForOzone(205)) - Starting Web-server for hddsDatanode at: http://0.0.0.0:0
2020-05-14 17:01:38,622 [Listener at 127.0.0.1/45119] INFO  http.BaseHttpServer (BaseHttpServer.java:<init>(106)) - Hadoop Security Enabled: false Ozone Security Enabled: false Ozone HTTP Security Enabled: false 
2020-05-14 17:01:38,625 [Listener at 127.0.0.1/45119] INFO  server.AuthenticationFilter (AuthenticationFilter.java:constructSecretProvider(240)) - Unable to initialize FileSignerSecretProvider, falling back to use random secrets.
2020-05-14 17:01:38,626 [Listener at 127.0.0.1/45119] WARN  http.HttpRequestLog (HttpRequestLog.java:getRequestLog(103)) - Jetty request log can only be enabled using Log4j
2020-05-14 17:01:38,627 [Listener at 127.0.0.1/45119] INFO  http.HttpServer2 (HttpServer2.java:addGlobalFilter(993)) - Added global filter 'safety' (class=org.apache.hadoop.hdds.server.http.HttpServer2$QuotingInputFilter)
2020-05-14 17:01:38,628 [Listener at 127.0.0.1/45119] INFO  http.HttpServer2 (HttpServer2.java:addFilter(969)) - Added filter authentication (class=org.apache.hadoop.security.authentication.server.AuthenticationFilter) to context hddsDatanode
2020-05-14 17:01:38,628 [Listener at 127.0.0.1/45119] INFO  http.HttpServer2 (HttpServer2.java:addFilter(977)) - Added filter authentication (class=org.apache.hadoop.security.authentication.server.AuthenticationFilter) to context static
2020-05-14 17:01:38,628 [Listener at 127.0.0.1/45119] INFO  http.HttpServer2 (HttpServer2.java:addFilter(977)) - Added filter authentication (class=org.apache.hadoop.security.authentication.server.AuthenticationFilter) to context logs
2020-05-14 17:01:38,629 [Listener at 127.0.0.1/45119] INFO  http.HttpServer2 (HttpServer2.java:bindListener(1211)) - Jetty bound to port 35327
2020-05-14 17:01:38,629 [Listener at 127.0.0.1/45119] INFO  server.Server (Server.java:doStart(359)) - jetty-9.4.26.v20200117; built: 2020-01-17T12:35:33.676Z; git: 7b38981d25d14afb4a12ff1f2596756144edf695; jvm 1.8.0_232-b09
2020-05-14 17:01:38,637 [Listener at 127.0.0.1/45119] INFO  server.session (DefaultSessionIdManager.java:doStart(333)) - DefaultSessionIdManager workerName=node0
2020-05-14 17:01:38,637 [Listener at 127.0.0.1/45119] INFO  server.session (DefaultSessionIdManager.java:doStart(338)) - No SessionScavenger set, using defaults
2020-05-14 17:01:38,637 [Listener at 127.0.0.1/45119] INFO  server.session (HouseKeeper.java:startScavenging(140)) - node0 Scavenging every 600000ms
2020-05-14 17:01:38,641 [Listener at 127.0.0.1/45119] INFO  server.AuthenticationFilter (AuthenticationFilter.java:constructSecretProvider(240)) - Unable to initialize FileSignerSecretProvider, falling back to use random secrets.
2020-05-14 17:01:38,643 [Listener at 127.0.0.1/45119] INFO  handler.ContextHandler (ContextHandler.java:doStart(825)) - Started o.e.j.s.ServletContextHandler@5617e94b{logs,/logs,file:///github/workspace/mnt/ozone/hadoop-ozone/integration-test/target/log,AVAILABLE}
2020-05-14 17:01:38,643 [Listener at 127.0.0.1/45119] INFO  handler.ContextHandler (ContextHandler.java:doStart(825)) - Started o.e.j.s.ServletContextHandler@66d3318a{static,/static,jar:file:/home/user/.m2/repository/org/apache/hadoop/hadoop-hdds-container-service/0.6.0-SNAPSHOT/hadoop-hdds-container-service-0.6.0-SNAPSHOT.jar!/webapps/static,AVAILABLE}
2020-05-14 17:01:38,686 [Listener at 127.0.0.1/45119] INFO  handler.ContextHandler (ContextHandler.java:doStart(825)) - Started o.e.j.w.WebAppContext@218dd55c{hddsDatanode,/,file:///tmp/jetty-0_0_0_0-35327-hadoop-hdds-container-service-0_6_0-SNAPSHOT_jar-_-any-1716848126379246666.dir/webapp/,AVAILABLE}{jar:file:/home/user/.m2/repository/org/apache/hadoop/hadoop-hdds-container-service/0.6.0-SNAPSHOT/hadoop-hdds-container-service-0.6.0-SNAPSHOT.jar!/webapps/hddsDatanode}
2020-05-14 17:01:38,687 [Listener at 127.0.0.1/45119] INFO  server.AbstractConnector (AbstractConnector.java:doStart(330)) - Started ServerConnector@521d13fc{HTTP/1.1,[http/1.1]}{0.0.0.0:35327}
2020-05-14 17:01:38,687 [Listener at 127.0.0.1/45119] INFO  server.Server (Server.java:doStart(399)) - Started @6252ms
2020-05-14 17:01:38,688 [Listener at 127.0.0.1/45119] WARN  impl.MetricsSystemImpl (MetricsSystemImpl.java:register(276)) - Sink prometheus already exists!
2020-05-14 17:01:38,692 [Listener at 127.0.0.1/45119] INFO  http.BaseHttpServer (BaseHttpServer.java:updateConnectorAddress(325)) - HTTP server of hddsDatanode listening at http://0.0.0.0:35327
2020-05-14 17:01:38,693 [Listener at 127.0.0.1/45119] INFO  impl.MetricsSystemImpl (MetricsSystemImpl.java:init(158)) - HddsDatanode metrics system started (again)
2020-05-14 17:01:38,694 [Listener at 127.0.0.1/45119] INFO  ozone.HddsDatanodeService (HddsDatanodeService.java:start(204)) - HddsDatanodeService host:43b7e92f9ef7 ip:172.17.0.2
2020-05-14 17:01:38,696 [Listener at 127.0.0.1/45119] INFO  volume.HddsVolume (HddsVolume.java:<init>(176)) - Creating Volume: /github/workspace/mnt/ozone/hadoop-ozone/integration-test/target/test-dir/MiniOzoneClusterImpl-74c77172-b6ee-4862-b69e-2f993b882c4c/datanode-1/data-0/containers/hdds of storage type : DISK and capacity : 9223372036854775807
2020-05-14 17:01:38,696 [Listener at 127.0.0.1/45119] INFO  volume.MutableVolumeSet (MutableVolumeSet.java:initializeVolumeSet(181)) - Added Volume : /github/workspace/mnt/ozone/hadoop-ozone/integration-test/target/test-dir/MiniOzoneClusterImpl-74c77172-b6ee-4862-b69e-2f993b882c4c/datanode-1/data-0/containers/hdds to VolumeSet
2020-05-14 17:01:38,696 [Listener at 127.0.0.1/45119] INFO  volume.ThrottledAsyncChecker (ThrottledAsyncChecker.java:schedule(141)) - Scheduling a check for /github/workspace/mnt/ozone/hadoop-ozone/integration-test/target/test-dir/MiniOzoneClusterImpl-74c77172-b6ee-4862-b69e-2f993b882c4c/datanode-1/data-0/containers/hdds
2020-05-14 17:01:38,697 [Listener at 127.0.0.1/45119] INFO  volume.HddsVolumeChecker (HddsVolumeChecker.java:checkAllVolumes(200)) - Scheduled health check for volume /github/workspace/mnt/ozone/hadoop-ozone/integration-test/target/test-dir/MiniOzoneClusterImpl-74c77172-b6ee-4862-b69e-2f993b882c4c/datanode-1/data-0/containers/hdds
2020-05-14 17:01:38,721 [org.apache.hadoop.util.JvmPauseMonitor$Monitor@9c47d89] INFO  util.JvmPauseMonitor (JvmPauseMonitor.java:run(188)) - Starting JVM pause monitor
2020-05-14 17:01:38,740 [Listener at 127.0.0.1/45119] INFO  impl.RaftServerProxy (ConfUtils.java:logGet(44)) - raft.rpc.type = GRPC (default)
2020-05-14 17:01:38,740 [Listener at 127.0.0.1/45119] INFO  grpc.GrpcFactory (GrpcFactory.java:checkPooledByteBufAllocatorUseCacheForAllThreads(45)) - PERFORMANCE WARNING: useCacheForAllThreads is true that may cause Netty to create a lot garbage objects and, as a result, trigger GC.
	It is recommended to disable useCacheForAllThreads by setting -Dorg.apache.ratis.thirdparty.io.netty.allocator.useCacheForAllThreads=false in command line.
2020-05-14 17:01:38,741 [Listener at 127.0.0.1/45119] INFO  grpc.GrpcConfigKeys (ConfUtils.java:logGet(44)) - raft.grpc.server.port = 0 (default)
2020-05-14 17:01:38,741 [Listener at 127.0.0.1/45119] INFO  server.GrpcService (ConfUtils.java:logGet(44)) - raft.grpc.message.size.max = 32MB (=33554432) (custom)
2020-05-14 17:01:38,741 [Listener at 127.0.0.1/45119] INFO  server.RaftServerConfigKeys (ConfUtils.java:logGet(44)) - raft.server.log.appender.buffer.byte-limit = 33554432 (custom)
2020-05-14 17:01:38,741 [Listener at 127.0.0.1/45119] INFO  server.GrpcService (ConfUtils.java:logGet(44)) - raft.grpc.flow.control.window = 5MB (=5242880) (custom)
2020-05-14 17:01:38,741 [Listener at 127.0.0.1/45119] INFO  server.RaftServerConfigKeys (ConfUtils.java:logGet(44)) - raft.server.rpc.request.timeout = 3s (default)
2020-05-14 17:01:38,743 [Listener at 127.0.0.1/45119] INFO  server.RaftServerConfigKeys (ConfUtils.java:logGet(44)) - raft.server.storage.dir = [/github/workspace/mnt/ozone/hadoop-ozone/integration-test/target/test-dir/MiniOzoneClusterImpl-74c77172-b6ee-4862-b69e-2f993b882c4c/datanode-1/data/ratis] (custom)
2020-05-14 17:01:38,750 [Listener at 127.0.0.1/45119] INFO  http.BaseHttpServer (BaseHttpServer.java:newHttpServer2BuilderForOzone(205)) - Starting Web-server for hddsDatanode at: http://0.0.0.0:0
2020-05-14 17:01:38,750 [Listener at 127.0.0.1/45119] INFO  http.BaseHttpServer (BaseHttpServer.java:<init>(106)) - Hadoop Security Enabled: false Ozone Security Enabled: false Ozone HTTP Security Enabled: false 
2020-05-14 17:01:38,752 [Listener at 127.0.0.1/45119] INFO  server.AuthenticationFilter (AuthenticationFilter.java:constructSecretProvider(240)) - Unable to initialize FileSignerSecretProvider, falling back to use random secrets.
2020-05-14 17:01:38,759 [Listener at 127.0.0.1/45119] WARN  http.HttpRequestLog (HttpRequestLog.java:getRequestLog(103)) - Jetty request log can only be enabled using Log4j
2020-05-14 17:01:38,759 [Listener at 127.0.0.1/45119] INFO  http.HttpServer2 (HttpServer2.java:addGlobalFilter(993)) - Added global filter 'safety' (class=org.apache.hadoop.hdds.server.http.HttpServer2$QuotingInputFilter)
2020-05-14 17:01:38,760 [Listener at 127.0.0.1/45119] INFO  http.HttpServer2 (HttpServer2.java:addFilter(969)) - Added filter authentication (class=org.apache.hadoop.security.authentication.server.AuthenticationFilter) to context hddsDatanode
2020-05-14 17:01:38,761 [Listener at 127.0.0.1/45119] INFO  http.HttpServer2 (HttpServer2.java:addFilter(977)) - Added filter authentication (class=org.apache.hadoop.security.authentication.server.AuthenticationFilter) to context static
2020-05-14 17:01:38,761 [Listener at 127.0.0.1/45119] INFO  http.HttpServer2 (HttpServer2.java:addFilter(977)) - Added filter authentication (class=org.apache.hadoop.security.authentication.server.AuthenticationFilter) to context logs
2020-05-14 17:01:38,761 [Listener at 127.0.0.1/45119] INFO  http.HttpServer2 (HttpServer2.java:bindListener(1211)) - Jetty bound to port 43871
2020-05-14 17:01:38,761 [Listener at 127.0.0.1/45119] INFO  server.Server (Server.java:doStart(359)) - jetty-9.4.26.v20200117; built: 2020-01-17T12:35:33.676Z; git: 7b38981d25d14afb4a12ff1f2596756144edf695; jvm 1.8.0_232-b09
2020-05-14 17:01:38,769 [Listener at 127.0.0.1/45119] INFO  server.session (DefaultSessionIdManager.java:doStart(333)) - DefaultSessionIdManager workerName=node0
2020-05-14 17:01:38,769 [Listener at 127.0.0.1/45119] INFO  server.session (DefaultSessionIdManager.java:doStart(338)) - No SessionScavenger set, using defaults
2020-05-14 17:01:38,770 [Listener at 127.0.0.1/45119] INFO  server.session (HouseKeeper.java:startScavenging(140)) - node0 Scavenging every 660000ms
2020-05-14 17:01:38,770 [Listener at 127.0.0.1/45119] INFO  server.AuthenticationFilter (AuthenticationFilter.java:constructSecretProvider(240)) - Unable to initialize FileSignerSecretProvider, falling back to use random secrets.
2020-05-14 17:01:38,771 [Listener at 127.0.0.1/45119] INFO  handler.ContextHandler (ContextHandler.java:doStart(825)) - Started o.e.j.s.ServletContextHandler@149684e0{logs,/logs,file:///github/workspace/mnt/ozone/hadoop-ozone/integration-test/target/log,AVAILABLE}
2020-05-14 17:01:38,771 [Listener at 127.0.0.1/45119] INFO  handler.ContextHandler (ContextHandler.java:doStart(825)) - Started o.e.j.s.ServletContextHandler@6107bdb4{static,/static,jar:file:/home/user/.m2/repository/org/apache/hadoop/hadoop-hdds-container-service/0.6.0-SNAPSHOT/hadoop-hdds-container-service-0.6.0-SNAPSHOT.jar!/webapps/static,AVAILABLE}
2020-05-14 17:01:38,822 [Listener at 127.0.0.1/45119] INFO  handler.ContextHandler (ContextHandler.java:doStart(825)) - Started o.e.j.w.WebAppContext@71c328a9{hddsDatanode,/,file:///tmp/jetty-0_0_0_0-43871-hadoop-hdds-container-service-0_6_0-SNAPSHOT_jar-_-any-538006713169814911.dir/webapp/,AVAILABLE}{jar:file:/home/user/.m2/repository/org/apache/hadoop/hadoop-hdds-container-service/0.6.0-SNAPSHOT/hadoop-hdds-container-service-0.6.0-SNAPSHOT.jar!/webapps/hddsDatanode}
2020-05-14 17:01:38,841 [Listener at 127.0.0.1/45119] INFO  server.AbstractConnector (AbstractConnector.java:doStart(330)) - Started ServerConnector@b851496{HTTP/1.1,[http/1.1]}{0.0.0.0:43871}
2020-05-14 17:01:38,841 [Listener at 127.0.0.1/45119] INFO  server.Server (Server.java:doStart(399)) - Started @6406ms
2020-05-14 17:01:38,841 [Listener at 127.0.0.1/45119] WARN  impl.MetricsSystemImpl (MetricsSystemImpl.java:register(276)) - Sink prometheus already exists!
2020-05-14 17:01:38,846 [Listener at 127.0.0.1/45119] INFO  http.BaseHttpServer (BaseHttpServer.java:updateConnectorAddress(325)) - HTTP server of hddsDatanode listening at http://0.0.0.0:43871
2020-05-14 17:01:38,853 [Listener at 127.0.0.1/45119] INFO  impl.MetricsSystemImpl (MetricsSystemImpl.java:init(158)) - HddsDatanode metrics system started (again)
2020-05-14 17:01:38,854 [Listener at 127.0.0.1/45119] INFO  ozone.HddsDatanodeService (HddsDatanodeService.java:start(204)) - HddsDatanodeService host:43b7e92f9ef7 ip:172.17.0.2
2020-05-14 17:01:38,865 [Listener at 127.0.0.1/45119] INFO  volume.HddsVolume (HddsVolume.java:<init>(176)) - Creating Volume: /github/workspace/mnt/ozone/hadoop-ozone/integration-test/target/test-dir/MiniOzoneClusterImpl-74c77172-b6ee-4862-b69e-2f993b882c4c/datanode-2/data-0/containers/hdds of storage type : DISK and capacity : 9223372036854775807
2020-05-14 17:01:38,865 [Listener at 127.0.0.1/45119] INFO  volume.MutableVolumeSet (MutableVolumeSet.java:initializeVolumeSet(181)) - Added Volume : /github/workspace/mnt/ozone/hadoop-ozone/integration-test/target/test-dir/MiniOzoneClusterImpl-74c77172-b6ee-4862-b69e-2f993b882c4c/datanode-2/data-0/containers/hdds to VolumeSet
2020-05-14 17:01:38,866 [Listener at 127.0.0.1/45119] INFO  volume.ThrottledAsyncChecker (ThrottledAsyncChecker.java:schedule(141)) - Scheduling a check for /github/workspace/mnt/ozone/hadoop-ozone/integration-test/target/test-dir/MiniOzoneClusterImpl-74c77172-b6ee-4862-b69e-2f993b882c4c/datanode-2/data-0/containers/hdds
2020-05-14 17:01:38,881 [Listener at 127.0.0.1/45119] INFO  volume.HddsVolumeChecker (HddsVolumeChecker.java:checkAllVolumes(200)) - Scheduled health check for volume /github/workspace/mnt/ozone/hadoop-ozone/integration-test/target/test-dir/MiniOzoneClusterImpl-74c77172-b6ee-4862-b69e-2f993b882c4c/datanode-2/data-0/containers/hdds
2020-05-14 17:01:38,917 [org.apache.hadoop.util.JvmPauseMonitor$Monitor@10790820] INFO  util.JvmPauseMonitor (JvmPauseMonitor.java:run(188)) - Starting JVM pause monitor
2020-05-14 17:01:38,944 [Listener at 127.0.0.1/45119] INFO  impl.RaftServerProxy (ConfUtils.java:logGet(44)) - raft.rpc.type = GRPC (default)
2020-05-14 17:01:38,945 [Listener at 127.0.0.1/45119] INFO  grpc.GrpcFactory (GrpcFactory.java:checkPooledByteBufAllocatorUseCacheForAllThreads(45)) - PERFORMANCE WARNING: useCacheForAllThreads is true that may cause Netty to create a lot garbage objects and, as a result, trigger GC.
	It is recommended to disable useCacheForAllThreads by setting -Dorg.apache.ratis.thirdparty.io.netty.allocator.useCacheForAllThreads=false in command line.
2020-05-14 17:01:38,945 [Listener at 127.0.0.1/45119] INFO  grpc.GrpcConfigKeys (ConfUtils.java:logGet(44)) - raft.grpc.server.port = 0 (default)
2020-05-14 17:01:38,945 [Listener at 127.0.0.1/45119] INFO  server.GrpcService (ConfUtils.java:logGet(44)) - raft.grpc.message.size.max = 32MB (=33554432) (custom)
2020-05-14 17:01:38,945 [Listener at 127.0.0.1/45119] INFO  server.RaftServerConfigKeys (ConfUtils.java:logGet(44)) - raft.server.log.appender.buffer.byte-limit = 33554432 (custom)
2020-05-14 17:01:38,945 [Listener at 127.0.0.1/45119] INFO  server.GrpcService (ConfUtils.java:logGet(44)) - raft.grpc.flow.control.window = 5MB (=5242880) (custom)
2020-05-14 17:01:38,945 [Listener at 127.0.0.1/45119] INFO  server.RaftServerConfigKeys (ConfUtils.java:logGet(44)) - raft.server.rpc.request.timeout = 3s (default)
2020-05-14 17:01:38,946 [Listener at 127.0.0.1/45119] INFO  server.RaftServerConfigKeys (ConfUtils.java:logGet(44)) - raft.server.storage.dir = [/github/workspace/mnt/ozone/hadoop-ozone/integration-test/target/test-dir/MiniOzoneClusterImpl-74c77172-b6ee-4862-b69e-2f993b882c4c/datanode-2/data/ratis] (custom)
2020-05-14 17:01:38,956 [Listener at 127.0.0.1/45119] INFO  http.BaseHttpServer (BaseHttpServer.java:newHttpServer2BuilderForOzone(205)) - Starting Web-server for hddsDatanode at: http://0.0.0.0:0
2020-05-14 17:01:38,956 [Listener at 127.0.0.1/45119] INFO  http.BaseHttpServer (BaseHttpServer.java:<init>(106)) - Hadoop Security Enabled: false Ozone Security Enabled: false Ozone HTTP Security Enabled: false 
2020-05-14 17:01:38,958 [Listener at 127.0.0.1/45119] INFO  server.AuthenticationFilter (AuthenticationFilter.java:constructSecretProvider(240)) - Unable to initialize FileSignerSecretProvider, falling back to use random secrets.
2020-05-14 17:01:38,962 [Listener at 127.0.0.1/45119] WARN  http.HttpRequestLog (HttpRequestLog.java:getRequestLog(103)) - Jetty request log can only be enabled using Log4j
2020-05-14 17:01:38,963 [Listener at 127.0.0.1/45119] INFO  http.HttpServer2 (HttpServer2.java:addGlobalFilter(993)) - Added global filter 'safety' (class=org.apache.hadoop.hdds.server.http.HttpServer2$QuotingInputFilter)
2020-05-14 17:01:38,964 [Listener at 127.0.0.1/45119] INFO  http.HttpServer2 (HttpServer2.java:addFilter(969)) - Added filter authentication (class=org.apache.hadoop.security.authentication.server.AuthenticationFilter) to context hddsDatanode
2020-05-14 17:01:38,964 [Listener at 127.0.0.1/45119] INFO  http.HttpServer2 (HttpServer2.java:addFilter(977)) - Added filter authentication (class=org.apache.hadoop.security.authentication.server.AuthenticationFilter) to context static
2020-05-14 17:01:38,964 [Listener at 127.0.0.1/45119] INFO  http.HttpServer2 (HttpServer2.java:addFilter(977)) - Added filter authentication (class=org.apache.hadoop.security.authentication.server.AuthenticationFilter) to context logs
2020-05-14 17:01:38,965 [Listener at 127.0.0.1/45119] INFO  http.HttpServer2 (HttpServer2.java:bindListener(1211)) - Jetty bound to port 36233
2020-05-14 17:01:38,969 [Listener at 127.0.0.1/45119] INFO  server.Server (Server.java:doStart(359)) - jetty-9.4.26.v20200117; built: 2020-01-17T12:35:33.676Z; git: 7b38981d25d14afb4a12ff1f2596756144edf695; jvm 1.8.0_232-b09
2020-05-14 17:01:38,973 [Listener at 127.0.0.1/45119] INFO  server.session (DefaultSessionIdManager.java:doStart(333)) - DefaultSessionIdManager workerName=node0
2020-05-14 17:01:38,985 [Listener at 127.0.0.1/45119] INFO  server.session (DefaultSessionIdManager.java:doStart(338)) - No SessionScavenger set, using defaults
2020-05-14 17:01:38,985 [Listener at 127.0.0.1/45119] INFO  server.session (HouseKeeper.java:startScavenging(140)) - node0 Scavenging every 600000ms
2020-05-14 17:01:38,989 [Datanode State Machine Thread - 0] INFO  datanode.InitDatanodeState (InitDatanodeState.java:persistContainerDatanodeDetails(145)) - DatanodeDetails is persisted to /github/workspace/mnt/ozone/hadoop-ozone/integration-test/target/test-dir/MiniOzoneClusterImpl-74c77172-b6ee-4862-b69e-2f993b882c4c/datanode-0/meta/datanode.id
2020-05-14 17:01:38,989 [Listener at 127.0.0.1/45119] INFO  server.AuthenticationFilter (AuthenticationFilter.java:constructSecretProvider(240)) - Unable to initialize FileSignerSecretProvider, falling back to use random secrets.
2020-05-14 17:01:38,990 [Listener at 127.0.0.1/45119] INFO  handler.ContextHandler (ContextHandler.java:doStart(825)) - Started o.e.j.s.ServletContextHandler@680d53b1{logs,/logs,file:///github/workspace/mnt/ozone/hadoop-ozone/integration-test/target/log,AVAILABLE}
2020-05-14 17:01:38,991 [Listener at 127.0.0.1/45119] INFO  handler.ContextHandler (ContextHandler.java:doStart(825)) - Started o.e.j.s.ServletContextHandler@1f4db2bd{static,/static,jar:file:/home/user/.m2/repository/org/apache/hadoop/hadoop-hdds-container-service/0.6.0-SNAPSHOT/hadoop-hdds-container-service-0.6.0-SNAPSHOT.jar!/webapps/static,AVAILABLE}
2020-05-14 17:01:39,004 [Datanode State Machine Thread - 0] INFO  datanode.InitDatanodeState (InitDatanodeState.java:persistContainerDatanodeDetails(145)) - DatanodeDetails is persisted to /github/workspace/mnt/ozone/hadoop-ozone/integration-test/target/test-dir/MiniOzoneClusterImpl-74c77172-b6ee-4862-b69e-2f993b882c4c/datanode-1/meta/datanode.id
2020-05-14 17:01:39,032 [Listener at 127.0.0.1/45119] INFO  handler.ContextHandler (ContextHandler.java:doStart(825)) - Started o.e.j.w.WebAppContext@52309a36{hddsDatanode,/,file:///tmp/jetty-0_0_0_0-36233-hadoop-hdds-container-service-0_6_0-SNAPSHOT_jar-_-any-2728635172838276474.dir/webapp/,AVAILABLE}{jar:file:/home/user/.m2/repository/org/apache/hadoop/hadoop-hdds-container-service/0.6.0-SNAPSHOT/hadoop-hdds-container-service-0.6.0-SNAPSHOT.jar!/webapps/hddsDatanode}
2020-05-14 17:01:39,035 [Listener at 127.0.0.1/45119] INFO  server.AbstractConnector (AbstractConnector.java:doStart(330)) - Started ServerConnector@1d596a9c{HTTP/1.1,[http/1.1]}{0.0.0.0:36233}
2020-05-14 17:01:39,035 [Listener at 127.0.0.1/45119] INFO  server.Server (Server.java:doStart(399)) - Started @6600ms
2020-05-14 17:01:39,035 [Listener at 127.0.0.1/45119] WARN  impl.MetricsSystemImpl (MetricsSystemImpl.java:register(276)) - Sink prometheus already exists!
2020-05-14 17:01:39,038 [Listener at 127.0.0.1/45119] INFO  http.BaseHttpServer (BaseHttpServer.java:updateConnectorAddress(325)) - HTTP server of hddsDatanode listening at http://0.0.0.0:36233
2020-05-14 17:01:39,039 [Listener at 127.0.0.1/45119] INFO  ozone.MiniOzoneClusterImpl (MiniOzoneClusterImpl.java:lambda$waitForClusterToBeReady$0(177)) - Waiting for nodes to be ready. Got 0 of 3 DN Heartbeats.
2020-05-14 17:01:39,039 [Listener at 127.0.0.1/45119] INFO  ozone.MiniOzoneClusterImpl (MiniOzoneClusterImpl.java:lambda$waitForClusterToBeReady$0(180)) - Waiting for cluster to exit safe mode
2020-05-14 17:01:39,054 [org.apache.hadoop.util.JvmPauseMonitor$Monitor@63ad634d] INFO  util.JvmPauseMonitor (JvmPauseMonitor.java:run(188)) - Starting JVM pause monitor
2020-05-14 17:01:39,062 [Datanode State Machine Thread - 0] INFO  datanode.InitDatanodeState (InitDatanodeState.java:persistContainerDatanodeDetails(145)) - DatanodeDetails is persisted to /github/workspace/mnt/ozone/hadoop-ozone/integration-test/target/test-dir/MiniOzoneClusterImpl-74c77172-b6ee-4862-b69e-2f993b882c4c/datanode-2/meta/datanode.id
2020-05-14 17:01:40,039 [Listener at 127.0.0.1/45119] INFO  ozone.MiniOzoneClusterImpl (MiniOzoneClusterImpl.java:lambda$waitForClusterToBeReady$0(177)) - Waiting for nodes to be ready. Got 0 of 3 DN Heartbeats.
2020-05-14 17:01:40,039 [Listener at 127.0.0.1/45119] INFO  ozone.MiniOzoneClusterImpl (MiniOzoneClusterImpl.java:lambda$waitForClusterToBeReady$0(180)) - Waiting for cluster to exit safe mode
2020-05-14 17:01:40,784 [Datanode State Machine Thread - 0] INFO  ozoneimpl.OzoneContainer (OzoneContainer.java:start(232)) - Attempting to start container services.
2020-05-14 17:01:40,785 [Datanode State Machine Thread - 0] INFO  ozoneimpl.OzoneContainer (OzoneContainer.java:startContainerScrub(196)) - Background container scanner has been disabled.
2020-05-14 17:01:40,785 [Datanode State Machine Thread - 0] INFO  ratis.XceiverServerRatis (XceiverServerRatis.java:start(425)) - Starting XceiverServerRatis c846c64a-6128-4a8c-b73b-206f455bdaa9 at port 0
2020-05-14 17:01:40,803 [Datanode State Machine Thread - 0] INFO  impl.RaftServerProxy (RaftServerProxy.java:lambda$start$3(299)) - c846c64a-6128-4a8c-b73b-206f455bdaa9: start RPC server
2020-05-14 17:01:40,885 [Datanode State Machine Thread - 0] INFO  server.GrpcService (GrpcService.java:startImpl(159)) - c846c64a-6128-4a8c-b73b-206f455bdaa9: GrpcService started, listening on 0.0.0.0/0.0.0.0:34083
2020-05-14 17:01:40,886 [Datanode State Machine Thread - 0] INFO  ratis.XceiverServerRatis (XceiverServerRatis.java:start(437)) - XceiverServerRatis c846c64a-6128-4a8c-b73b-206f455bdaa9 is started using port 34083
2020-05-14 17:01:40,889 [Datanode State Machine Thread - 0] INFO  server.XceiverServerGrpc (XceiverServerGrpc.java:start(145)) - XceiverServerGrpc c846c64a-6128-4a8c-b73b-206f455bdaa9 is started using port 42651
2020-05-14 17:01:40,921 [Datanode State Machine Thread - 0] INFO  ozoneimpl.OzoneContainer (OzoneContainer.java:start(232)) - Attempting to start container services.
2020-05-14 17:01:40,923 [Datanode State Machine Thread - 0] INFO  ozoneimpl.OzoneContainer (OzoneContainer.java:startContainerScrub(196)) - Background container scanner has been disabled.
2020-05-14 17:01:40,923 [Datanode State Machine Thread - 0] INFO  ratis.XceiverServerRatis (XceiverServerRatis.java:start(425)) - Starting XceiverServerRatis d0082a59-cec4-4d0d-b5ec-17bb4baf1ccb at port 0
2020-05-14 17:01:40,924 [Datanode State Machine Thread - 0] INFO  impl.RaftServerProxy (RaftServerProxy.java:lambda$start$3(299)) - d0082a59-cec4-4d0d-b5ec-17bb4baf1ccb: start RPC server
2020-05-14 17:01:40,929 [Datanode State Machine Thread - 0] INFO  server.GrpcService (GrpcService.java:startImpl(159)) - d0082a59-cec4-4d0d-b5ec-17bb4baf1ccb: GrpcService started, listening on 0.0.0.0/0.0.0.0:41989
2020-05-14 17:01:40,929 [Datanode State Machine Thread - 0] INFO  ratis.XceiverServerRatis (XceiverServerRatis.java:start(437)) - XceiverServerRatis d0082a59-cec4-4d0d-b5ec-17bb4baf1ccb is started using port 41989
2020-05-14 17:01:40,931 [Datanode State Machine Thread - 0] INFO  server.XceiverServerGrpc (XceiverServerGrpc.java:start(145)) - XceiverServerGrpc d0082a59-cec4-4d0d-b5ec-17bb4baf1ccb is started using port 44737
2020-05-14 17:01:41,039 [Listener at 127.0.0.1/45119] INFO  ozone.MiniOzoneClusterImpl (MiniOzoneClusterImpl.java:lambda$waitForClusterToBeReady$0(177)) - Waiting for nodes to be ready. Got 0 of 3 DN Heartbeats.
2020-05-14 17:01:41,040 [Listener at 127.0.0.1/45119] INFO  ozone.MiniOzoneClusterImpl (MiniOzoneClusterImpl.java:lambda$waitForClusterToBeReady$0(180)) - Waiting for cluster to exit safe mode
2020-05-14 17:01:41,060 [Datanode State Machine Thread - 0] INFO  ozoneimpl.OzoneContainer (OzoneContainer.java:start(232)) - Attempting to start container services.
2020-05-14 17:01:41,060 [Datanode State Machine Thread - 0] INFO  ozoneimpl.OzoneContainer (OzoneContainer.java:startContainerScrub(196)) - Background container scanner has been disabled.
2020-05-14 17:01:41,060 [Datanode State Machine Thread - 0] INFO  ratis.XceiverServerRatis (XceiverServerRatis.java:start(425)) - Starting XceiverServerRatis 1c9bc0ef-9cc5-4deb-86e3-073d94f38b24 at port 0
2020-05-14 17:01:41,066 [Datanode State Machine Thread - 0] INFO  impl.RaftServerProxy (RaftServerProxy.java:lambda$start$3(299)) - 1c9bc0ef-9cc5-4deb-86e3-073d94f38b24: start RPC server
2020-05-14 17:01:41,078 [Datanode State Machine Thread - 0] INFO  server.GrpcService (GrpcService.java:startImpl(159)) - 1c9bc0ef-9cc5-4deb-86e3-073d94f38b24: GrpcService started, listening on 0.0.0.0/0.0.0.0:35495
2020-05-14 17:01:41,078 [Datanode State Machine Thread - 0] INFO  ratis.XceiverServerRatis (XceiverServerRatis.java:start(437)) - XceiverServerRatis 1c9bc0ef-9cc5-4deb-86e3-073d94f38b24 is started using port 35495
2020-05-14 17:01:41,081 [Datanode State Machine Thread - 0] INFO  server.XceiverServerGrpc (XceiverServerGrpc.java:start(145)) - XceiverServerGrpc 1c9bc0ef-9cc5-4deb-86e3-073d94f38b24 is started using port 35903
2020-05-14 17:01:42,040 [Listener at 127.0.0.1/45119] INFO  ozone.MiniOzoneClusterImpl (MiniOzoneClusterImpl.java:lambda$waitForClusterToBeReady$0(177)) - Waiting for nodes to be ready. Got 0 of 3 DN Heartbeats.
2020-05-14 17:01:42,041 [Listener at 127.0.0.1/45119] INFO  ozone.MiniOzoneClusterImpl (MiniOzoneClusterImpl.java:lambda$waitForClusterToBeReady$0(180)) - Waiting for cluster to exit safe mode
2020-05-14 17:01:42,743 [IPC Server handler 0 on default port 38043] INFO  net.NetworkTopology (NetworkTopologyImpl.java:add(111)) - Added a new node: /default-rack/c846c64a-6128-4a8c-b73b-206f455bdaa9
2020-05-14 17:01:42,744 [IPC Server handler 0 on default port 38043] INFO  node.SCMNodeManager (SCMNodeManager.java:register(268)) - Registered Data node : c846c64a-6128-4a8c-b73b-206f455bdaa9{ip: 172.17.0.2, host: 43b7e92f9ef7, networkLocation: /default-rack, certSerialId: null}
2020-05-14 17:01:42,749 [EventQueue-NodeRegistrationContainerReportForContainerSafeModeRule] INFO  safemode.SCMSafeModeManager (SCMSafeModeManager.java:validateSafeModeExitRules(213)) - ContainerSafeModeRule rule is successfully validated
2020-05-14 17:01:42,751 [EventQueue-NodeRegistrationContainerReportForDataNodeSafeModeRule] INFO  safemode.SCMSafeModeManager (DataNodeSafeModeRule.java:process(71)) - SCM in safe mode. 1 DataNodes registered, 1 required.
2020-05-14 17:01:42,751 [EventQueue-NodeRegistrationContainerReportForDataNodeSafeModeRule] INFO  safemode.SCMSafeModeManager (SCMSafeModeManager.java:validateSafeModeExitRules(213)) - DataNodeSafeModeRule rule is successfully validated
2020-05-14 17:01:42,752 [EventQueue-NodeRegistrationContainerReportForDataNodeSafeModeRule] INFO  safemode.SCMSafeModeManager (SCMSafeModeManager.java:completePreCheck(241)) - All SCM safe mode pre check rules have passed
2020-05-14 17:01:42,759 [RatisPipelineUtilsThread] INFO  pipeline.RatisPipelineProvider (RatisPipelineProvider.java:lambda$create$0(138)) - Sending CreatePipelineCommand for pipeline:PipelineID=acdd71b9-32c2-4618-b4e1-c5dec543dd1d to datanode:c846c64a-6128-4a8c-b73b-206f455bdaa9
2020-05-14 17:01:42,772 [RatisPipelineUtilsThread] INFO  pipeline.PipelineStateManager (PipelineStateManager.java:addPipeline(54)) - Created pipeline Pipeline[ Id: acdd71b9-32c2-4618-b4e1-c5dec543dd1d, Nodes: c846c64a-6128-4a8c-b73b-206f455bdaa9{ip: 172.17.0.2, host: 43b7e92f9ef7, networkLocation: /default-rack, certSerialId: null}, Type:RATIS, Factor:ONE, State:ALLOCATED, leaderId:null, CreationTimestamp2020-05-14T17:01:42.755Z]
2020-05-14 17:01:42,775 [RatisPipelineUtilsThread] ERROR pipeline.SCMPipelineManager (SCMPipelineManager.java:createPipeline(222)) - Failed to create pipeline of type RATIS and factor ONE. Exception: Cannot create pipeline of factor 1 using 0 nodes. Used 1 nodes. Healthy nodes 1
2020-05-14 17:01:42,775 [RatisPipelineUtilsThread] WARN  pipeline.PipelinePlacementPolicy (PipelinePlacementPolicy.java:filterViableNodes(133)) - Pipeline creation failed due to no sufficient healthy datanodes. Required 3. Found 1.
2020-05-14 17:01:42,775 [RatisPipelineUtilsThread] ERROR pipeline.SCMPipelineManager (SCMPipelineManager.java:createPipeline(222)) - Failed to create pipeline of type RATIS and factor THREE. Exception: Pipeline creation failed due to no sufficient healthy datanodes. Required 3. Found 1.
2020-05-14 17:01:42,920 [IPC Server handler 1 on default port 38043] INFO  net.NetworkTopology (NetworkTopologyImpl.java:add(111)) - Added a new node: /default-rack/d0082a59-cec4-4d0d-b5ec-17bb4baf1ccb
2020-05-14 17:01:42,920 [IPC Server handler 1 on default port 38043] INFO  node.SCMNodeManager (SCMNodeManager.java:register(268)) - Registered Data node : d0082a59-cec4-4d0d-b5ec-17bb4baf1ccb{ip: 172.17.0.2, host: 43b7e92f9ef7, networkLocation: /default-rack, certSerialId: null}
2020-05-14 17:01:42,921 [EventQueue-NodeRegistrationContainerReportForDataNodeSafeModeRule] INFO  safemode.SCMSafeModeManager (SCMSafeModeManager.java:validateSafeModeExitRules(213)) - DataNodeSafeModeRule rule is successfully validated
2020-05-14 17:01:42,921 [EventQueue-NodeRegistrationContainerReportForContainerSafeModeRule] INFO  safemode.SCMSafeModeManager (SCMSafeModeManager.java:validateSafeModeExitRules(213)) - ContainerSafeModeRule rule is successfully validated
2020-05-14 17:01:42,923 [RatisPipelineUtilsThread] INFO  pipeline.RatisPipelineProvider (RatisPipelineProvider.java:lambda$create$0(138)) - Sending CreatePipelineCommand for pipeline:PipelineID=b25b3640-90d5-4d6c-a236-17e830990710 to datanode:d0082a59-cec4-4d0d-b5ec-17bb4baf1ccb
2020-05-14 17:01:42,925 [RatisPipelineUtilsThread] INFO  pipeline.PipelineStateManager (PipelineStateManager.java:addPipeline(54)) - Created pipeline Pipeline[ Id: b25b3640-90d5-4d6c-a236-17e830990710, Nodes: d0082a59-cec4-4d0d-b5ec-17bb4baf1ccb{ip: 172.17.0.2, host: 43b7e92f9ef7, networkLocation: /default-rack, certSerialId: null}, Type:RATIS, Factor:ONE, State:ALLOCATED, leaderId:null, CreationTimestamp2020-05-14T17:01:42.923Z]
2020-05-14 17:01:42,926 [RatisPipelineUtilsThread] ERROR pipeline.SCMPipelineManager (SCMPipelineManager.java:createPipeline(222)) - Failed to create pipeline of type RATIS and factor ONE. Exception: Cannot create pipeline of factor 1 using 0 nodes. Used 2 nodes. Healthy nodes 2
2020-05-14 17:01:42,926 [RatisPipelineUtilsThread] WARN  pipeline.PipelinePlacementPolicy (PipelinePlacementPolicy.java:filterViableNodes(133)) - Pipeline creation failed due to no sufficient healthy datanodes. Required 3. Found 2.
2020-05-14 17:01:42,926 [RatisPipelineUtilsThread] ERROR pipeline.SCMPipelineManager (SCMPipelineManager.java:createPipeline(222)) - Failed to create pipeline of type RATIS and factor THREE. Exception: Pipeline creation failed due to no sufficient healthy datanodes. Required 3. Found 2.
2020-05-14 17:01:43,041 [Listener at 127.0.0.1/45119] INFO  ozone.MiniOzoneClusterImpl (MiniOzoneClusterImpl.java:lambda$waitForClusterToBeReady$0(177)) - Waiting for nodes to be ready. Got 2 of 3 DN Heartbeats.
2020-05-14 17:01:43,042 [Listener at 127.0.0.1/45119] INFO  ozone.MiniOzoneClusterImpl (MiniOzoneClusterImpl.java:lambda$waitForClusterToBeReady$0(180)) - Waiting for cluster to exit safe mode
2020-05-14 17:01:43,055 [IPC Server handler 2 on default port 38043] INFO  net.NetworkTopology (NetworkTopologyImpl.java:add(111)) - Added a new node: /default-rack/1c9bc0ef-9cc5-4deb-86e3-073d94f38b24
2020-05-14 17:01:43,056 [IPC Server handler 2 on default port 38043] INFO  node.SCMNodeManager (SCMNodeManager.java:register(268)) - Registered Data node : 1c9bc0ef-9cc5-4deb-86e3-073d94f38b24{ip: 172.17.0.2, host: 43b7e92f9ef7, networkLocation: /default-rack, certSerialId: null}
2020-05-14 17:01:43,056 [RatisPipelineUtilsThread] INFO  pipeline.RatisPipelineProvider (RatisPipelineProvider.java:lambda$create$0(138)) - Sending CreatePipelineCommand for pipeline:PipelineID=bd2f38a3-4246-4358-a050-e6dc3f418f37 to datanode:1c9bc0ef-9cc5-4deb-86e3-073d94f38b24
2020-05-14 17:01:43,058 [RatisPipelineUtilsThread] INFO  pipeline.PipelineStateManager (PipelineStateManager.java:addPipeline(54)) - Created pipeline Pipeline[ Id: bd2f38a3-4246-4358-a050-e6dc3f418f37, Nodes: 1c9bc0ef-9cc5-4deb-86e3-073d94f38b24{ip: 172.17.0.2, host: 43b7e92f9ef7, networkLocation: /default-rack, certSerialId: null}, Type:RATIS, Factor:ONE, State:ALLOCATED, leaderId:null, CreationTimestamp2020-05-14T17:01:43.056Z]
2020-05-14 17:01:43,058 [RatisPipelineUtilsThread] ERROR pipeline.SCMPipelineManager (SCMPipelineManager.java:createPipeline(222)) - Failed to create pipeline of type RATIS and factor ONE. Exception: Cannot create pipeline of factor 1 using 0 nodes. Used 3 nodes. Healthy nodes 3
2020-05-14 17:01:43,057 [EventQueue-NodeRegistrationContainerReportForContainerSafeModeRule] INFO  safemode.SCMSafeModeManager (SCMSafeModeManager.java:validateSafeModeExitRules(213)) - ContainerSafeModeRule rule is successfully validated
2020-05-14 17:01:43,061 [EventQueue-NodeRegistrationContainerReportForDataNodeSafeModeRule] INFO  safemode.SCMSafeModeManager (SCMSafeModeManager.java:validateSafeModeExitRules(213)) - DataNodeSafeModeRule rule is successfully validated
2020-05-14 17:01:43,063 [RatisPipelineUtilsThread] INFO  pipeline.RatisPipelineProvider (RatisPipelineProvider.java:lambda$create$0(138)) - Sending CreatePipelineCommand for pipeline:PipelineID=236c191c-431d-416a-801b-8ee1479002d7 to datanode:1c9bc0ef-9cc5-4deb-86e3-073d94f38b24
2020-05-14 17:01:43,063 [RatisPipelineUtilsThread] INFO  pipeline.RatisPipelineProvider (RatisPipelineProvider.java:lambda$create$0(138)) - Sending CreatePipelineCommand for pipeline:PipelineID=236c191c-431d-416a-801b-8ee1479002d7 to datanode:d0082a59-cec4-4d0d-b5ec-17bb4baf1ccb
2020-05-14 17:01:43,063 [RatisPipelineUtilsThread] INFO  pipeline.RatisPipelineProvider (RatisPipelineProvider.java:lambda$create$0(138)) - Sending CreatePipelineCommand for pipeline:PipelineID=236c191c-431d-416a-801b-8ee1479002d7 to datanode:c846c64a-6128-4a8c-b73b-206f455bdaa9
2020-05-14 17:01:43,064 [RatisPipelineUtilsThread] INFO  pipeline.PipelineStateManager (PipelineStateManager.java:addPipeline(54)) - Created pipeline Pipeline[ Id: 236c191c-431d-416a-801b-8ee1479002d7, Nodes: 1c9bc0ef-9cc5-4deb-86e3-073d94f38b24{ip: 172.17.0.2, host: 43b7e92f9ef7, networkLocation: /default-rack, certSerialId: null}d0082a59-cec4-4d0d-b5ec-17bb4baf1ccb{ip: 172.17.0.2, host: 43b7e92f9ef7, networkLocation: /default-rack, certSerialId: null}c846c64a-6128-4a8c-b73b-206f455bdaa9{ip: 172.17.0.2, host: 43b7e92f9ef7, networkLocation: /default-rack, certSerialId: null}, Type:RATIS, Factor:THREE, State:ALLOCATED, leaderId:null, CreationTimestamp2020-05-14T17:01:43.063Z]
2020-05-14 17:01:43,065 [RatisPipelineUtilsThread] ERROR pipeline.SCMPipelineManager (SCMPipelineManager.java:createPipeline(222)) - Failed to create pipeline of type RATIS and factor THREE. Exception: Pipeline creation failed because nodes are engaged in other pipelines and every node can only be engaged in max 2 pipelines. Required 3. Found 0
2020-05-14 17:01:44,042 [Listener at 127.0.0.1/45119] INFO  ozone.MiniOzoneClusterImpl (MiniOzoneClusterImpl.java:lambda$waitForClusterToBeReady$0(177)) - Nodes are ready. Got 3 of 3 DN Heartbeats.
2020-05-14 17:01:44,043 [Listener at 127.0.0.1/45119] INFO  ozone.MiniOzoneClusterImpl (MiniOzoneClusterImpl.java:lambda$waitForClusterToBeReady$0(180)) - Waiting for cluster to exit safe mode
2020-05-14 17:01:45,043 [Listener at 127.0.0.1/45119] INFO  ozone.MiniOzoneClusterImpl (MiniOzoneClusterImpl.java:lambda$waitForClusterToBeReady$0(177)) - Nodes are ready. Got 3 of 3 DN Heartbeats.
2020-05-14 17:01:45,044 [Listener at 127.0.0.1/45119] INFO  ozone.MiniOzoneClusterImpl (MiniOzoneClusterImpl.java:lambda$waitForClusterToBeReady$0(180)) - Waiting for cluster to exit safe mode
2020-05-14 17:01:45,779 [Command processor thread] INFO  impl.RaftServerProxy (RaftServerProxy.java:addNew(89)) - c846c64a-6128-4a8c-b73b-206f455bdaa9: addNew group-C5DEC543DD1D:[c846c64a-6128-4a8c-b73b-206f455bdaa9:172.17.0.2:34083] returns group-C5DEC543DD1D:java.util.concurrent.CompletableFuture@28c71b48[Not completed]
2020-05-14 17:01:45,816 [pool-35-thread-1] INFO  impl.RaftServerImpl (RaftServerImpl.java:<init>(98)) - c846c64a-6128-4a8c-b73b-206f455bdaa9: new RaftServerImpl for group-C5DEC543DD1D:[c846c64a-6128-4a8c-b73b-206f455bdaa9:172.17.0.2:34083] with ContainerStateMachine:uninitialized
2020-05-14 17:01:45,818 [pool-35-thread-1] INFO  server.RaftServerConfigKeys (ConfUtils.java:logGet(44)) - raft.server.rpc.timeout.min = 5s (custom)
2020-05-14 17:01:45,819 [pool-35-thread-1] INFO  server.RaftServerConfigKeys (ConfUtils.java:logGet(44)) - raft.server.rpc.timeout.max = 5200ms (custom)
2020-05-14 17:01:45,819 [pool-35-thread-1] INFO  server.RaftServerConfigKeys (ConfUtils.java:logGet(44)) - raft.server.rpcslowness.timeout = 300s (custom)
2020-05-14 17:01:45,819 [pool-35-thread-1] INFO  server.RaftServerConfigKeys (ConfUtils.java:logGet(44)) - raft.server.sleep.deviation.threshold = 300 (default)
2020-05-14 17:01:45,825 [pool-35-thread-1] INFO  server.RaftServerConfigKeys (ConfUtils.java:logGet(44)) - raft.server.log.appender.install.snapshot.enabled = false (custom)
2020-05-14 17:01:45,836 [pool-35-thread-1] INFO  impl.RaftServerImpl (ServerState.java:<init>(103)) - c846c64a-6128-4a8c-b73b-206f455bdaa9@group-C5DEC543DD1D: ConfigurationManager, init=-1: [c846c64a-6128-4a8c-b73b-206f455bdaa9:172.17.0.2:34083], old=null, confs=<EMPTY_MAP>
2020-05-14 17:01:45,836 [pool-35-thread-1] INFO  server.RaftServerConfigKeys (ConfUtils.java:logGet(44)) - raft.server.storage.dir = [/github/workspace/mnt/ozone/hadoop-ozone/integration-test/target/test-dir/MiniOzoneClusterImpl-74c77172-b6ee-4862-b69e-2f993b882c4c/datanode-0/data/ratis] (custom)
2020-05-14 17:01:45,841 [pool-35-thread-1] INFO  server.RaftServerConfigKeys (ConfUtils.java:logGet(44)) - raft.server.log.corruption.policy = EXCEPTION (default)
2020-05-14 17:01:45,843 [pool-35-thread-1] INFO  storage.RaftStorageDirectory (RaftStorageDirectory.java:analyzeStorage(261)) - The storage directory /github/workspace/mnt/ozone/hadoop-ozone/integration-test/target/test-dir/MiniOzoneClusterImpl-74c77172-b6ee-4862-b69e-2f993b882c4c/datanode-0/data/ratis/acdd71b9-32c2-4618-b4e1-c5dec543dd1d does not exist. Creating ...
2020-05-14 17:01:45,848 [pool-35-thread-1] INFO  storage.RaftStorageDirectory (RaftStorageDirectory.java:tryLock(343)) - Lock on /github/workspace/mnt/ozone/hadoop-ozone/integration-test/target/test-dir/MiniOzoneClusterImpl-74c77172-b6ee-4862-b69e-2f993b882c4c/datanode-0/data/ratis/acdd71b9-32c2-4618-b4e1-c5dec543dd1d/in_use.lock acquired by nodename 3085@43b7e92f9ef7
2020-05-14 17:01:45,852 [pool-35-thread-1] INFO  storage.RaftStorage (RaftStorage.java:format(84)) - Storage directory /github/workspace/mnt/ozone/hadoop-ozone/integration-test/target/test-dir/MiniOzoneClusterImpl-74c77172-b6ee-4862-b69e-2f993b882c4c/datanode-0/data/ratis/acdd71b9-32c2-4618-b4e1-c5dec543dd1d has been successfully formatted.
2020-05-14 17:01:45,857 [pool-35-thread-1] INFO  ratis.ContainerStateMachine (ContainerStateMachine.java:loadSnapshot(226)) - group-C5DEC543DD1D: The snapshot info is null. Setting the last applied indexto:(t:0, i:~)
2020-05-14 17:01:45,858 [pool-35-thread-1] INFO  server.RaftServerConfigKeys (ConfUtils.java:logGet(44)) - raft.server.notification.no-leader.timeout = 60s (default)
2020-05-14 17:01:45,872 [pool-35-thread-1] INFO  server.RaftServerConfigKeys (ConfUtils.java:logGet(44)) - raft.server.log.use.memory = false (default)
2020-05-14 17:01:45,873 [EventQueue-PipelineReportForPipelineReportHandler] INFO  pipeline.PipelineStateManager (PipelineStateManager.java:openPipeline(131)) - Pipeline Pipeline[ Id: acdd71b9-32c2-4618-b4e1-c5dec543dd1d, Nodes: c846c64a-6128-4a8c-b73b-206f455bdaa9{ip: 172.17.0.2, host: 43b7e92f9ef7, networkLocation: /default-rack, certSerialId: null}, Type:RATIS, Factor:ONE, State:ALLOCATED, leaderId:c846c64a-6128-4a8c-b73b-206f455bdaa9, CreationTimestamp2020-05-14T17:01:42.755Z] moved to OPEN state
2020-05-14 17:01:45,874 [EventQueue-OpenPipelineForHealthyPipelineSafeModeRule] INFO  safemode.SCMSafeModeManager (HealthyPipelineSafeModeRule.java:process(132)) - SCM in safe mode. Healthy pipelines reported count is 0, required healthy pipeline reported count is 1
2020-05-14 17:01:45,875 [EventQueue-OpenPipelineForOneReplicaPipelineSafeModeRule] INFO  safemode.SCMSafeModeManager (SCMSafeModeManager.java:validateSafeModeExitRules(213)) - AtleastOneDatanodeReportedRule rule is successfully validated
2020-05-14 17:01:45,880 [pool-35-thread-1] INFO  server.RaftServerConfigKeys (ConfUtils.java:logGet(44)) - raft.server.log.purge.gap = 1000000 (custom)
2020-05-14 17:01:45,880 [pool-35-thread-1] INFO  server.RaftServerConfigKeys (ConfUtils.java:logGet(44)) - raft.server.log.appender.buffer.byte-limit = 33554432 (custom)
2020-05-14 17:01:45,883 [pool-35-thread-1] INFO  server.RaftServerConfigKeys (ConfUtils.java:logGet(44)) - raft.server.log.segment.size.max = 1048576 (custom)
2020-05-14 17:01:45,887 [pool-35-thread-1] INFO  metrics.RatisMetrics (RatisMetrics.java:lambda$create$0(39)) - Creating Metrics Registry : ratis.log_worker.c846c64a-6128-4a8c-b73b-206f455bdaa9
2020-05-14 17:01:45,905 [pool-35-thread-1] INFO  server.RaftServerConfigKeys (ConfUtils.java:logGet(44)) - raft.server.log.segment.cache.num.max = 2 (custom)
2020-05-14 17:01:45,919 [Command processor thread] INFO  impl.RaftServerProxy (RaftServerProxy.java:addNew(89)) - d0082a59-cec4-4d0d-b5ec-17bb4baf1ccb: addNew group-17E830990710:[d0082a59-cec4-4d0d-b5ec-17bb4baf1ccb:172.17.0.2:41989] returns group-17E830990710:java.util.concurrent.CompletableFuture@4a94df71[Not completed]
2020-05-14 17:01:45,932 [pool-35-thread-1] INFO  segmented.SegmentedRaftLogWorker (SegmentedRaftLogWorker.java:<init>(176)) - new c846c64a-6128-4a8c-b73b-206f455bdaa9@group-C5DEC543DD1D-SegmentedRaftLogWorker for RaftStorage:Storage Directory /github/workspace/mnt/ozone/hadoop-ozone/integration-test/target/test-dir/MiniOzoneClusterImpl-74c77172-b6ee-4862-b69e-2f993b882c4c/datanode-0/data/ratis/acdd71b9-32c2-4618-b4e1-c5dec543dd1d
2020-05-14 17:01:45,941 [pool-35-thread-1] INFO  server.RaftServerConfigKeys (ConfUtils.java:logGet(44)) - raft.server.log.queue.byte-limit = 2147483647 (custom)
2020-05-14 17:01:45,941 [pool-35-thread-1] INFO  server.RaftServerConfigKeys (ConfUtils.java:logGet(44)) - raft.server.log.queue.element-limit = 1024 (custom)
2020-05-14 17:01:45,946 [pool-35-thread-1] INFO  server.RaftServerConfigKeys (ConfUtils.java:logGet(44)) - raft.server.log.segment.size.max = 1048576 (custom)
2020-05-14 17:01:45,947 [pool-35-thread-1] INFO  server.RaftServerConfigKeys (ConfUtils.java:logGet(44)) - raft.server.log.preallocated.size = 16384 (custom)
2020-05-14 17:01:45,948 [pool-35-thread-1] INFO  server.RaftServerConfigKeys (ConfUtils.java:logGet(44)) - raft.server.log.write.buffer.size = 1048576 (custom)
2020-05-14 17:01:45,949 [pool-35-thread-1] INFO  server.RaftServerConfigKeys (ConfUtils.java:logGet(44)) - raft.server.log.force.sync.num = 128 (default)
2020-05-14 17:01:45,951 [pool-35-thread-1] INFO  server.RaftServerConfigKeys (ConfUtils.java:logGet(44)) - raft.server.log.statemachine.data.sync = true (default)
2020-05-14 17:01:45,951 [pool-35-thread-1] INFO  server.RaftServerConfigKeys (ConfUtils.java:logGet(44)) - raft.server.log.statemachine.data.sync.timeout = 10s (default)
2020-05-14 17:01:45,967 [pool-51-thread-1] INFO  impl.RaftServerImpl (RaftServerImpl.java:<init>(98)) - d0082a59-cec4-4d0d-b5ec-17bb4baf1ccb: new RaftServerImpl for group-17E830990710:[d0082a59-cec4-4d0d-b5ec-17bb4baf1ccb:172.17.0.2:41989] with ContainerStateMachine:uninitialized
2020-05-14 17:01:45,968 [pool-51-thread-1] INFO  server.RaftServerConfigKeys (ConfUtils.java:logGet(44)) - raft.server.rpc.timeout.min = 5s (custom)
2020-05-14 17:01:45,968 [pool-51-thread-1] INFO  server.RaftServerConfigKeys (ConfUtils.java:logGet(44)) - raft.server.rpc.timeout.max = 5200ms (custom)
2020-05-14 17:01:45,968 [pool-51-thread-1] INFO  server.RaftServerConfigKeys (ConfUtils.java:logGet(44)) - raft.server.rpcslowness.timeout = 300s (custom)
2020-05-14 17:01:45,969 [pool-51-thread-1] INFO  server.RaftServerConfigKeys (ConfUtils.java:logGet(44)) - raft.server.sleep.deviation.threshold = 300 (default)
2020-05-14 17:01:45,969 [pool-51-thread-1] INFO  server.RaftServerConfigKeys (ConfUtils.java:logGet(44)) - raft.server.log.appender.install.snapshot.enabled = false (custom)
2020-05-14 17:01:45,969 [pool-51-thread-1] INFO  impl.RaftServerImpl (ServerState.java:<init>(103)) - d0082a59-cec4-4d0d-b5ec-17bb4baf1ccb@group-17E830990710: ConfigurationManager, init=-1: [d0082a59-cec4-4d0d-b5ec-17bb4baf1ccb:172.17.0.2:41989], old=null, confs=<EMPTY_MAP>
2020-05-14 17:01:45,969 [pool-51-thread-1] INFO  server.RaftServerConfigKeys (ConfUtils.java:logGet(44)) - raft.server.storage.dir = [/github/workspace/mnt/ozone/hadoop-ozone/integration-test/target/test-dir/MiniOzoneClusterImpl-74c77172-b6ee-4862-b69e-2f993b882c4c/datanode-1/data/ratis] (custom)
2020-05-14 17:01:45,970 [pool-51-thread-1] INFO  server.RaftServerConfigKeys (ConfUtils.java:logGet(44)) - raft.server.log.corruption.policy = EXCEPTION (default)
2020-05-14 17:01:45,970 [pool-51-thread-1] INFO  storage.RaftStorageDirectory (RaftStorageDirectory.java:analyzeStorage(261)) - The storage directory /github/workspace/mnt/ozone/hadoop-ozone/integration-test/target/test-dir/MiniOzoneClusterImpl-74c77172-b6ee-4862-b69e-2f993b882c4c/datanode-1/data/ratis/b25b3640-90d5-4d6c-a236-17e830990710 does not exist. Creating ...
2020-05-14 17:01:45,973 [pool-35-thread-1] INFO  server.RaftServerConfigKeys (ConfUtils.java:logGet(44)) - raft.server.log.statemachine.data.sync.timeout.retry = -1 (default)
2020-05-14 17:01:45,973 [pool-51-thread-1] INFO  storage.RaftStorageDirectory (RaftStorageDirectory.java:tryLock(343)) - Lock on /github/workspace/mnt/ozone/hadoop-ozone/integration-test/target/test-dir/MiniOzoneClusterImpl-74c77172-b6ee-4862-b69e-2f993b882c4c/datanode-1/data/ratis/b25b3640-90d5-4d6c-a236-17e830990710/in_use.lock acquired by nodename 3085@43b7e92f9ef7
2020-05-14 17:01:45,985 [pool-51-thread-1] INFO  storage.RaftStorage (RaftStorage.java:format(84)) - Storage directory /github/workspace/mnt/ozone/hadoop-ozone/integration-test/target/test-dir/MiniOzoneClusterImpl-74c77172-b6ee-4862-b69e-2f993b882c4c/datanode-1/data/ratis/b25b3640-90d5-4d6c-a236-17e830990710 has been successfully formatted.
2020-05-14 17:01:45,988 [EventQueue-PipelineReportForPipelineReportHandler] INFO  pipeline.PipelineStateManager (PipelineStateManager.java:openPipeline(131)) - Pipeline Pipeline[ Id: b25b3640-90d5-4d6c-a236-17e830990710, Nodes: d0082a59-cec4-4d0d-b5ec-17bb4baf1ccb{ip: 172.17.0.2, host: 43b7e92f9ef7, networkLocation: /default-rack, certSerialId: null}, Type:RATIS, Factor:ONE, State:ALLOCATED, leaderId:d0082a59-cec4-4d0d-b5ec-17bb4baf1ccb, CreationTimestamp2020-05-14T17:01:42.923Z] moved to OPEN state
2020-05-14 17:01:45,989 [EventQueue-OpenPipelineForHealthyPipelineSafeModeRule] INFO  safemode.SCMSafeModeManager (HealthyPipelineSafeModeRule.java:process(132)) - SCM in safe mode. Healthy pipelines reported count is 0, required healthy pipeline reported count is 1
2020-05-14 17:01:45,989 [EventQueue-OpenPipelineForOneReplicaPipelineSafeModeRule] INFO  safemode.SCMSafeModeManager (SCMSafeModeManager.java:validateSafeModeExitRules(213)) - AtleastOneDatanodeReportedRule rule is successfully validated
2020-05-14 17:01:45,989 [pool-51-thread-1] INFO  ratis.ContainerStateMachine (ContainerStateMachine.java:loadSnapshot(226)) - group-17E830990710: The snapshot info is null. Setting the last applied indexto:(t:0, i:~)
2020-05-14 17:01:45,989 [pool-51-thread-1] INFO  server.RaftServerConfigKeys (ConfUtils.java:logGet(44)) - raft.server.notification.no-leader.timeout = 60s (default)
2020-05-14 17:01:45,990 [pool-51-thread-1] INFO  server.RaftServerConfigKeys (ConfUtils.java:logGet(44)) - raft.server.log.use.memory = false (default)
2020-05-14 17:01:45,990 [pool-51-thread-1] INFO  server.RaftServerConfigKeys (ConfUtils.java:logGet(44)) - raft.server.log.purge.gap = 1000000 (custom)
2020-05-14 17:01:45,990 [pool-51-thread-1] INFO  server.RaftServerConfigKeys (ConfUtils.java:logGet(44)) - raft.server.log.appender.buffer.byte-limit = 33554432 (custom)
2020-05-14 17:01:45,990 [pool-51-thread-1] INFO  server.RaftServerConfigKeys (ConfUtils.java:logGet(44)) - raft.server.log.segment.size.max = 1048576 (custom)
2020-05-14 17:01:45,990 [pool-51-thread-1] INFO  metrics.RatisMetrics (RatisMetrics.java:lambda$create$0(39)) - Creating Metrics Registry : ratis.log_worker.d0082a59-cec4-4d0d-b5ec-17bb4baf1ccb
2020-05-14 17:01:45,990 [pool-51-thread-1] INFO  server.RaftServerConfigKeys (ConfUtils.java:logGet(44)) - raft.server.log.segment.cache.num.max = 2 (custom)
2020-05-14 17:01:45,991 [pool-51-thread-1] INFO  segmented.SegmentedRaftLogWorker (SegmentedRaftLogWorker.java:<init>(176)) - new d0082a59-cec4-4d0d-b5ec-17bb4baf1ccb@group-17E830990710-SegmentedRaftLogWorker for RaftStorage:Storage Directory /github/workspace/mnt/ozone/hadoop-ozone/integration-test/target/test-dir/MiniOzoneClusterImpl-74c77172-b6ee-4862-b69e-2f993b882c4c/datanode-1/data/ratis/b25b3640-90d5-4d6c-a236-17e830990710
2020-05-14 17:01:45,991 [pool-51-thread-1] INFO  server.RaftServerConfigKeys (ConfUtils.java:logGet(44)) - raft.server.log.queue.byte-limit = 2147483647 (custom)
2020-05-14 17:01:45,991 [pool-51-thread-1] INFO  server.RaftServerConfigKeys (ConfUtils.java:logGet(44)) - raft.server.log.queue.element-limit = 1024 (custom)
2020-05-14 17:01:45,991 [pool-51-thread-1] INFO  server.RaftServerConfigKeys (ConfUtils.java:logGet(44)) - raft.server.log.segment.size.max = 1048576 (custom)
2020-05-14 17:01:45,991 [pool-51-thread-1] INFO  server.RaftServerConfigKeys (ConfUtils.java:logGet(44)) - raft.server.log.preallocated.size = 16384 (custom)
2020-05-14 17:01:45,991 [pool-51-thread-1] INFO  server.RaftServerConfigKeys (ConfUtils.java:logGet(44)) - raft.server.log.write.buffer.size = 1048576 (custom)
2020-05-14 17:01:45,992 [pool-51-thread-1] INFO  server.RaftServerConfigKeys (ConfUtils.java:logGet(44)) - raft.server.log.force.sync.num = 128 (default)
2020-05-14 17:01:45,992 [pool-51-thread-1] INFO  server.RaftServerConfigKeys (ConfUtils.java:logGet(44)) - raft.server.log.statemachine.data.sync = true (default)
2020-05-14 17:01:45,992 [pool-51-thread-1] INFO  server.RaftServerConfigKeys (ConfUtils.java:logGet(44)) - raft.server.log.statemachine.data.sync.timeout = 10s (default)
2020-05-14 17:01:45,992 [pool-51-thread-1] INFO  server.RaftServerConfigKeys (ConfUtils.java:logGet(44)) - raft.server.log.statemachine.data.sync.timeout.retry = -1 (default)
2020-05-14 17:01:46,015 [pool-51-thread-1] INFO  server.RaftServerConfigKeys (ConfUtils.java:logGet(44)) - raft.server.log.statemachine.data.caching.enabled = true (custom)
2020-05-14 17:01:46,016 [pool-35-thread-1] INFO  server.RaftServerConfigKeys (ConfUtils.java:logGet(44)) - raft.server.log.statemachine.data.caching.enabled = true (custom)
2020-05-14 17:01:46,026 [pool-51-thread-1] INFO  segmented.SegmentedRaftLogWorker (SegmentedRaftLogWorker.java:lambda$new$0(129)) - d0082a59-cec4-4d0d-b5ec-17bb4baf1ccb@group-17E830990710-SegmentedRaftLogWorker: flushIndex: setUnconditionally 0 -> -1
2020-05-14 17:01:46,037 [pool-35-thread-1] INFO  segmented.SegmentedRaftLogWorker (SegmentedRaftLogWorker.java:lambda$new$0(129)) - c846c64a-6128-4a8c-b73b-206f455bdaa9@group-C5DEC543DD1D-SegmentedRaftLogWorker: flushIndex: setUnconditionally 0 -> -1
2020-05-14 17:01:46,044 [Listener at 127.0.0.1/45119] INFO  ozone.MiniOzoneClusterImpl (MiniOzoneClusterImpl.java:lambda$waitForClusterToBeReady$0(177)) - Nodes are ready. Got 3 of 3 DN Heartbeats.
2020-05-14 17:01:46,044 [Listener at 127.0.0.1/45119] INFO  ozone.MiniOzoneClusterImpl (MiniOzoneClusterImpl.java:lambda$waitForClusterToBeReady$0(180)) - Waiting for cluster to exit safe mode
2020-05-14 17:01:46,045 [pool-35-thread-1] INFO  server.RaftServerConfigKeys (ConfUtils.java:logGet(44)) - raft.server.snapshot.auto.trigger.enabled = true (custom)
2020-05-14 17:01:46,046 [pool-35-thread-1] INFO  server.RaftServerConfigKeys (ConfUtils.java:logGet(44)) - raft.server.snapshot.auto.trigger.threshold = 10000 (custom)
2020-05-14 17:01:46,047 [pool-35-thread-1] INFO  server.RaftServerConfigKeys (ConfUtils.java:logGet(44)) - raft.server.snapshot.retention.file.num = 5 (custom)
2020-05-14 17:01:46,048 [pool-35-thread-1] INFO  server.RaftServerConfigKeys (ConfUtils.java:logGet(44)) - raft.server.log.purge.upto.snapshot.index = false (default)
2020-05-14 17:01:46,048 [pool-35-thread-1] INFO  server.RaftServerConfigKeys (ConfUtils.java:logGet(44)) - raft.server.retrycache.expirytime = 600000ms (custom)
2020-05-14 17:01:46,051 [pool-51-thread-1] INFO  server.RaftServerConfigKeys (ConfUtils.java:logGet(44)) - raft.server.snapshot.auto.trigger.enabled = true (custom)
2020-05-14 17:01:46,051 [pool-51-thread-1] INFO  server.RaftServerConfigKeys (ConfUtils.java:logGet(44)) - raft.server.snapshot.auto.trigger.threshold = 10000 (custom)
2020-05-14 17:01:46,051 [pool-51-thread-1] INFO  server.RaftServerConfigKeys (ConfUtils.java:logGet(44)) - raft.server.snapshot.retention.file.num = 5 (custom)
2020-05-14 17:01:46,051 [pool-51-thread-1] INFO  server.RaftServerConfigKeys (ConfUtils.java:logGet(44)) - raft.server.log.purge.upto.snapshot.index = false (default)
2020-05-14 17:01:46,052 [pool-51-thread-1] INFO  server.RaftServerConfigKeys (ConfUtils.java:logGet(44)) - raft.server.retrycache.expirytime = 600000ms (custom)
2020-05-14 17:01:46,062 [Command processor thread] INFO  impl.RaftServerProxy (RaftServerProxy.java:addNew(89)) - 1c9bc0ef-9cc5-4deb-86e3-073d94f38b24: addNew group-E6DC3F418F37:[1c9bc0ef-9cc5-4deb-86e3-073d94f38b24:172.17.0.2:35495] returns group-E6DC3F418F37:java.util.concurrent.CompletableFuture@417e58c0[Not completed]
2020-05-14 17:01:46,091 [pool-67-thread-1] INFO  impl.RaftServerImpl (RaftServerImpl.java:<init>(98)) - 1c9bc0ef-9cc5-4deb-86e3-073d94f38b24: new RaftServerImpl for group-E6DC3F418F37:[1c9bc0ef-9cc5-4deb-86e3-073d94f38b24:172.17.0.2:35495] with ContainerStateMachine:uninitialized
2020-05-14 17:01:46,092 [pool-67-thread-1] INFO  server.RaftServerConfigKeys (ConfUtils.java:logGet(44)) - raft.server.rpc.timeout.min = 5s (custom)
2020-05-14 17:01:46,092 [pool-67-thread-1] INFO  server.RaftServerConfigKeys (ConfUtils.java:logGet(44)) - raft.server.rpc.timeout.max = 5200ms (custom)
2020-05-14 17:01:46,092 [pool-67-thread-1] INFO  server.RaftServerConfigKeys (ConfUtils.java:logGet(44)) - raft.server.rpcslowness.timeout = 300s (custom)
2020-05-14 17:01:46,092 [pool-67-thread-1] INFO  server.RaftServerConfigKeys (ConfUtils.java:logGet(44)) - raft.server.sleep.deviation.threshold = 300 (default)
2020-05-14 17:01:46,092 [pool-67-thread-1] INFO  server.RaftServerConfigKeys (ConfUtils.java:logGet(44)) - raft.server.log.appender.install.snapshot.enabled = false (custom)
2020-05-14 17:01:46,092 [pool-67-thread-1] INFO  impl.RaftServerImpl (ServerState.java:<init>(103)) - 1c9bc0ef-9cc5-4deb-86e3-073d94f38b24@group-E6DC3F418F37: ConfigurationManager, init=-1: [1c9bc0ef-9cc5-4deb-86e3-073d94f38b24:172.17.0.2:35495], old=null, confs=<EMPTY_MAP>
2020-05-14 17:01:46,093 [pool-67-thread-1] INFO  server.RaftServerConfigKeys (ConfUtils.java:logGet(44)) - raft.server.storage.dir = [/github/workspace/mnt/ozone/hadoop-ozone/integration-test/target/test-dir/MiniOzoneClusterImpl-74c77172-b6ee-4862-b69e-2f993b882c4c/datanode-2/data/ratis] (custom)
2020-05-14 17:01:46,093 [pool-67-thread-1] INFO  server.RaftServerConfigKeys (ConfUtils.java:logGet(44)) - raft.server.log.corruption.policy = EXCEPTION (default)
2020-05-14 17:01:46,093 [pool-67-thread-1] INFO  storage.RaftStorageDirectory (RaftStorageDirectory.java:analyzeStorage(261)) - The storage directory /github/workspace/mnt/ozone/hadoop-ozone/integration-test/target/test-dir/MiniOzoneClusterImpl-74c77172-b6ee-4862-b69e-2f993b882c4c/datanode-2/data/ratis/bd2f38a3-4246-4358-a050-e6dc3f418f37 does not exist. Creating ...
2020-05-14 17:01:46,094 [pool-67-thread-1] INFO  storage.RaftStorageDirectory (RaftStorageDirectory.java:tryLock(343)) - Lock on /github/workspace/mnt/ozone/hadoop-ozone/integration-test/target/test-dir/MiniOzoneClusterImpl-74c77172-b6ee-4862-b69e-2f993b882c4c/datanode-2/data/ratis/bd2f38a3-4246-4358-a050-e6dc3f418f37/in_use.lock acquired by nodename 3085@43b7e92f9ef7
2020-05-14 17:01:46,095 [pool-67-thread-1] INFO  storage.RaftStorage (RaftStorage.java:format(84)) - Storage directory /github/workspace/mnt/ozone/hadoop-ozone/integration-test/target/test-dir/MiniOzoneClusterImpl-74c77172-b6ee-4862-b69e-2f993b882c4c/datanode-2/data/ratis/bd2f38a3-4246-4358-a050-e6dc3f418f37 has been successfully formatted.
2020-05-14 17:01:46,097 [pool-67-thread-1] INFO  ratis.ContainerStateMachine (ContainerStateMachine.java:loadSnapshot(226)) - group-E6DC3F418F37: The snapshot info is null. Setting the last applied indexto:(t:0, i:~)
2020-05-14 17:01:46,097 [pool-67-thread-1] INFO  server.RaftServerConfigKeys (ConfUtils.java:logGet(44)) - raft.server.notification.no-leader.timeout = 60s (default)
2020-05-14 17:01:46,097 [pool-67-thread-1] INFO  server.RaftServerConfigKeys (ConfUtils.java:logGet(44)) - raft.server.log.use.memory = false (default)
2020-05-14 17:01:46,109 [pool-67-thread-1] INFO  server.RaftServerConfigKeys (ConfUtils.java:logGet(44)) - raft.server.log.purge.gap = 1000000 (custom)
2020-05-14 17:01:46,109 [pool-67-thread-1] INFO  server.RaftServerConfigKeys (ConfUtils.java:logGet(44)) - raft.server.log.appender.buffer.byte-limit = 33554432 (custom)
2020-05-14 17:01:46,109 [pool-67-thread-1] INFO  server.RaftServerConfigKeys (ConfUtils.java:logGet(44)) - raft.server.log.segment.size.max = 1048576 (custom)
2020-05-14 17:01:46,109 [pool-67-thread-1] INFO  metrics.RatisMetrics (RatisMetrics.java:lambda$create$0(39)) - Creating Metrics Registry : ratis.log_worker.1c9bc0ef-9cc5-4deb-86e3-073d94f38b24
2020-05-14 17:01:46,109 [pool-67-thread-1] INFO  server.RaftServerConfigKeys (ConfUtils.java:logGet(44)) - raft.server.log.segment.cache.num.max = 2 (custom)
2020-05-14 17:01:46,110 [pool-67-thread-1] INFO  segmented.SegmentedRaftLogWorker (SegmentedRaftLogWorker.java:<init>(176)) - new 1c9bc0ef-9cc5-4deb-86e3-073d94f38b24@group-E6DC3F418F37-SegmentedRaftLogWorker for RaftStorage:Storage Directory /github/workspace/mnt/ozone/hadoop-ozone/integration-test/target/test-dir/MiniOzoneClusterImpl-74c77172-b6ee-4862-b69e-2f993b882c4c/datanode-2/data/ratis/bd2f38a3-4246-4358-a050-e6dc3f418f37
2020-05-14 17:01:46,110 [pool-67-thread-1] INFO  server.RaftServerConfigKeys (ConfUtils.java:logGet(44)) - raft.server.log.queue.byte-limit = 2147483647 (custom)
2020-05-14 17:01:46,110 [pool-67-thread-1] INFO  server.RaftServerConfigKeys (ConfUtils.java:logGet(44)) - raft.server.log.queue.element-limit = 1024 (custom)
2020-05-14 17:01:46,110 [pool-67-thread-1] INFO  server.RaftServerConfigKeys (ConfUtils.java:logGet(44)) - raft.server.log.segment.size.max = 1048576 (custom)
2020-05-14 17:01:46,110 [pool-67-thread-1] INFO  server.RaftServerConfigKeys (ConfUtils.java:logGet(44)) - raft.server.log.preallocated.size = 16384 (custom)
2020-05-14 17:01:46,110 [pool-67-thread-1] INFO  server.RaftServerConfigKeys (ConfUtils.java:logGet(44)) - raft.server.log.write.buffer.size = 1048576 (custom)
2020-05-14 17:01:46,110 [pool-67-thread-1] INFO  server.RaftServerConfigKeys (ConfUtils.java:logGet(44)) - raft.server.log.force.sync.num = 128 (default)
2020-05-14 17:01:46,110 [pool-67-thread-1] INFO  server.RaftServerConfigKeys (ConfUtils.java:logGet(44)) - raft.server.log.statemachine.data.sync = true (default)
2020-05-14 17:01:46,110 [pool-67-thread-1] INFO  server.RaftServerConfigKeys (ConfUtils.java:logGet(44)) - raft.server.log.statemachine.data.sync.timeout = 10s (default)
2020-05-14 17:01:46,110 [pool-67-thread-1] INFO  server.RaftServerConfigKeys (ConfUtils.java:logGet(44)) - raft.server.log.statemachine.data.sync.timeout.retry = -1 (default)
2020-05-14 17:01:46,115 [pool-67-thread-1] INFO  server.RaftServerConfigKeys (ConfUtils.java:logGet(44)) - raft.server.log.statemachine.data.caching.enabled = true (custom)
2020-05-14 17:01:46,115 [pool-67-thread-1] INFO  segmented.SegmentedRaftLogWorker (SegmentedRaftLogWorker.java:lambda$new$0(129)) - 1c9bc0ef-9cc5-4deb-86e3-073d94f38b24@group-E6DC3F418F37-SegmentedRaftLogWorker: flushIndex: setUnconditionally 0 -> -1
2020-05-14 17:01:46,118 [pool-35-thread-1] INFO  metrics.RatisMetrics (RatisMetrics.java:lambda$create$0(39)) - Creating Metrics Registry : ratis.leader_election.c846c64a-6128-4a8c-b73b-206f455bdaa9@group-C5DEC543DD1D
2020-05-14 17:01:46,120 [pool-35-thread-1] INFO  metrics.RatisMetrics (RatisMetrics.java:lambda$create$0(39)) - Creating Metrics Registry : ratis.server.c846c64a-6128-4a8c-b73b-206f455bdaa9@group-C5DEC543DD1D
2020-05-14 17:01:46,126 [pool-51-thread-1] INFO  metrics.RatisMetrics (RatisMetrics.java:lambda$create$0(39)) - Creating Metrics Registry : ratis.leader_election.d0082a59-cec4-4d0d-b5ec-17bb4baf1ccb@group-17E830990710
2020-05-14 17:01:46,126 [pool-67-thread-1] INFO  server.RaftServerConfigKeys (ConfUtils.java:logGet(44)) - raft.server.snapshot.auto.trigger.enabled = true (custom)
2020-05-14 17:01:46,126 [pool-67-thread-1] INFO  server.RaftServerConfigKeys (ConfUtils.java:logGet(44)) - raft.server.snapshot.auto.trigger.threshold = 10000 (custom)
2020-05-14 17:01:46,126 [pool-67-thread-1] INFO  server.RaftServerConfigKeys (ConfUtils.java:logGet(44)) - raft.server.snapshot.retention.file.num = 5 (custom)
2020-05-14 17:01:46,126 [pool-67-thread-1] INFO  server.RaftServerConfigKeys (ConfUtils.java:logGet(44)) - raft.server.log.purge.upto.snapshot.index = false (default)
2020-05-14 17:01:46,126 [pool-67-thread-1] INFO  server.RaftServerConfigKeys (ConfUtils.java:logGet(44)) - raft.server.retrycache.expirytime = 600000ms (custom)
2020-05-14 17:01:46,127 [pool-67-thread-1] INFO  metrics.RatisMetrics (RatisMetrics.java:lambda$create$0(39)) - Creating Metrics Registry : ratis.leader_election.1c9bc0ef-9cc5-4deb-86e3-073d94f38b24@group-E6DC3F418F37
2020-05-14 17:01:46,127 [pool-67-thread-1] INFO  metrics.RatisMetrics (RatisMetrics.java:lambda$create$0(39)) - Creating Metrics Registry : ratis.server.1c9bc0ef-9cc5-4deb-86e3-073d94f38b24@group-E6DC3F418F37
2020-05-14 17:01:46,129 [EventQueue-PipelineReportForPipelineReportHandler] INFO  pipeline.PipelineStateManager (PipelineStateManager.java:openPipeline(131)) - Pipeline Pipeline[ Id: bd2f38a3-4246-4358-a050-e6dc3f418f37, Nodes: 1c9bc0ef-9cc5-4deb-86e3-073d94f38b24{ip: 172.17.0.2, host: 43b7e92f9ef7, networkLocation: /default-rack, certSerialId: null}, Type:RATIS, Factor:ONE, State:ALLOCATED, leaderId:1c9bc0ef-9cc5-4deb-86e3-073d94f38b24, CreationTimestamp2020-05-14T17:01:43.056Z] moved to OPEN state
2020-05-14 17:01:46,129 [EventQueue-OpenPipelineForHealthyPipelineSafeModeRule] INFO  safemode.SCMSafeModeManager (HealthyPipelineSafeModeRule.java:process(132)) - SCM in safe mode. Healthy pipelines reported count is 0, required healthy pipeline reported count is 1
2020-05-14 17:01:46,130 [EventQueue-OpenPipelineForOneReplicaPipelineSafeModeRule] INFO  safemode.SCMSafeModeManager (SCMSafeModeManager.java:validateSafeModeExitRules(213)) - AtleastOneDatanodeReportedRule rule is successfully validated
2020-05-14 17:01:46,130 [pool-51-thread-1] INFO  metrics.RatisMetrics (RatisMetrics.java:lambda$create$0(39)) - Creating Metrics Registry : ratis.server.d0082a59-cec4-4d0d-b5ec-17bb4baf1ccb@group-17E830990710
2020-05-14 17:01:46,136 [pool-67-thread-1] INFO  impl.RaftServerImpl (RaftServerImpl.java:start(184)) - 1c9bc0ef-9cc5-4deb-86e3-073d94f38b24@group-E6DC3F418F37: start as a follower, conf=-1: [1c9bc0ef-9cc5-4deb-86e3-073d94f38b24:172.17.0.2:35495], old=null
2020-05-14 17:01:46,137 [pool-67-thread-1] INFO  impl.RaftServerImpl (RaftServerImpl.java:setRole(173)) - 1c9bc0ef-9cc5-4deb-86e3-073d94f38b24@group-E6DC3F418F37: changes role from      null to FOLLOWER at term 0 for startAsFollower
2020-05-14 17:01:46,139 [pool-67-thread-1] INFO  impl.RoleInfo (RoleInfo.java:updateAndGet(143)) - 1c9bc0ef-9cc5-4deb-86e3-073d94f38b24: start FollowerState
2020-05-14 17:01:46,138 [pool-51-thread-1] INFO  impl.RaftServerImpl (RaftServerImpl.java:start(184)) - d0082a59-cec4-4d0d-b5ec-17bb4baf1ccb@group-17E830990710: start as a follower, conf=-1: [d0082a59-cec4-4d0d-b5ec-17bb4baf1ccb:172.17.0.2:41989], old=null
2020-05-14 17:01:46,139 [pool-51-thread-1] INFO  impl.RaftServerImpl (RaftServerImpl.java:setRole(173)) - d0082a59-cec4-4d0d-b5ec-17bb4baf1ccb@group-17E830990710: changes role from      null to FOLLOWER at term 0 for startAsFollower
2020-05-14 17:01:46,140 [pool-35-thread-1] INFO  impl.RaftServerImpl (RaftServerImpl.java:start(184)) - c846c64a-6128-4a8c-b73b-206f455bdaa9@group-C5DEC543DD1D: start as a follower, conf=-1: [c846c64a-6128-4a8c-b73b-206f455bdaa9:172.17.0.2:34083], old=null
2020-05-14 17:01:46,140 [pool-35-thread-1] INFO  impl.RaftServerImpl (RaftServerImpl.java:setRole(173)) - c846c64a-6128-4a8c-b73b-206f455bdaa9@group-C5DEC543DD1D: changes role from      null to FOLLOWER at term 0 for startAsFollower
2020-05-14 17:01:46,145 [pool-51-thread-1] INFO  impl.RoleInfo (RoleInfo.java:updateAndGet(143)) - d0082a59-cec4-4d0d-b5ec-17bb4baf1ccb: start FollowerState
2020-05-14 17:01:46,146 [pool-67-thread-1] INFO  util.JmxRegister (JmxRegister.java:tryRegister(44)) - Successfully registered JMX Bean with object name Ratis:service=RaftServer,group=group-E6DC3F418F37,id=1c9bc0ef-9cc5-4deb-86e3-073d94f38b24
2020-05-14 17:01:46,148 [pool-67-thread-1] INFO  metrics.RatisMetrics (RatisMetrics.java:lambda$create$0(39)) - Creating Metrics Registry : ratis.state_machine.1c9bc0ef-9cc5-4deb-86e3-073d94f38b24@group-E6DC3F418F37
2020-05-14 17:01:46,144 [pool-35-thread-1] INFO  impl.RoleInfo (RoleInfo.java:updateAndGet(143)) - c846c64a-6128-4a8c-b73b-206f455bdaa9: start FollowerState
2020-05-14 17:01:46,154 [pool-51-thread-1] INFO  util.JmxRegister (JmxRegister.java:tryRegister(44)) - Successfully registered JMX Bean with object name Ratis:service=RaftServer,group=group-17E830990710,id=d0082a59-cec4-4d0d-b5ec-17bb4baf1ccb
2020-05-14 17:01:46,160 [pool-51-thread-1] INFO  metrics.RatisMetrics (RatisMetrics.java:lambda$create$0(39)) - Creating Metrics Registry : ratis.state_machine.d0082a59-cec4-4d0d-b5ec-17bb4baf1ccb@group-17E830990710
2020-05-14 17:01:46,163 [pool-35-thread-1] INFO  util.JmxRegister (JmxRegister.java:tryRegister(44)) - Successfully registered JMX Bean with object name Ratis:service=RaftServer,group=group-C5DEC543DD1D,id=c846c64a-6128-4a8c-b73b-206f455bdaa9
2020-05-14 17:01:46,163 [pool-35-thread-1] INFO  metrics.RatisMetrics (RatisMetrics.java:lambda$create$0(39)) - Creating Metrics Registry : ratis.state_machine.c846c64a-6128-4a8c-b73b-206f455bdaa9@group-C5DEC543DD1D
2020-05-14 17:01:46,177 [Command processor thread] INFO  commandhandler.CreatePipelineCommandHandler (CreatePipelineCommandHandler.java:handle(109)) - Created Pipeline RATIS ONE #id: "acdd71b9-32c2-4618-b4e1-c5dec543dd1d"
.
2020-05-14 17:01:46,177 [Command processor thread] INFO  impl.RaftServerProxy (RaftServerProxy.java:addNew(89)) - c846c64a-6128-4a8c-b73b-206f455bdaa9: addNew group-8EE1479002D7:[1c9bc0ef-9cc5-4deb-86e3-073d94f38b24:172.17.0.2:35495, c846c64a-6128-4a8c-b73b-206f455bdaa9:172.17.0.2:34083, d0082a59-cec4-4d0d-b5ec-17bb4baf1ccb:172.17.0.2:41989] returns group-8EE1479002D7:java.util.concurrent.CompletableFuture@23bb0bba[Not completed]
2020-05-14 17:01:46,177 [Command processor thread] INFO  commandhandler.CreatePipelineCommandHandler (CreatePipelineCommandHandler.java:handle(109)) - Created Pipeline RATIS ONE #id: "b25b3640-90d5-4d6c-a236-17e830990710"
.
2020-05-14 17:01:46,178 [Command processor thread] INFO  impl.RaftServerProxy (RaftServerProxy.java:addNew(89)) - d0082a59-cec4-4d0d-b5ec-17bb4baf1ccb: addNew group-8EE1479002D7:[1c9bc0ef-9cc5-4deb-86e3-073d94f38b24:172.17.0.2:35495, c846c64a-6128-4a8c-b73b-206f455bdaa9:172.17.0.2:34083, d0082a59-cec4-4d0d-b5ec-17bb4baf1ccb:172.17.0.2:41989] returns group-8EE1479002D7:java.util.concurrent.CompletableFuture@4eab52fb[Not completed]
2020-05-14 17:01:46,177 [Command processor thread] INFO  commandhandler.CreatePipelineCommandHandler (CreatePipelineCommandHandler.java:handle(109)) - Created Pipeline RATIS ONE #id: "bd2f38a3-4246-4358-a050-e6dc3f418f37"
.
2020-05-14 17:01:46,179 [Command processor thread] INFO  impl.RaftServerProxy (RaftServerProxy.java:addNew(89)) - 1c9bc0ef-9cc5-4deb-86e3-073d94f38b24: addNew group-8EE1479002D7:[1c9bc0ef-9cc5-4deb-86e3-073d94f38b24:172.17.0.2:35495, c846c64a-6128-4a8c-b73b-206f455bdaa9:172.17.0.2:34083, d0082a59-cec4-4d0d-b5ec-17bb4baf1ccb:172.17.0.2:41989] returns group-8EE1479002D7:java.util.concurrent.CompletableFuture@4541c437[Not completed]
2020-05-14 17:01:46,182 [pool-51-thread-1] INFO  impl.RaftServerImpl (RaftServerImpl.java:<init>(98)) - d0082a59-cec4-4d0d-b5ec-17bb4baf1ccb: new RaftServerImpl for group-8EE1479002D7:[1c9bc0ef-9cc5-4deb-86e3-073d94f38b24:172.17.0.2:35495, c846c64a-6128-4a8c-b73b-206f455bdaa9:172.17.0.2:34083, d0082a59-cec4-4d0d-b5ec-17bb4baf1ccb:172.17.0.2:41989] with ContainerStateMachine:uninitialized
2020-05-14 17:01:46,183 [pool-35-thread-1] INFO  impl.RaftServerImpl (RaftServerImpl.java:<init>(98)) - c846c64a-6128-4a8c-b73b-206f455bdaa9: new RaftServerImpl for group-8EE1479002D7:[1c9bc0ef-9cc5-4deb-86e3-073d94f38b24:172.17.0.2:35495, c846c64a-6128-4a8c-b73b-206f455bdaa9:172.17.0.2:34083, d0082a59-cec4-4d0d-b5ec-17bb4baf1ccb:172.17.0.2:41989] with ContainerStateMachine:uninitialized
2020-05-14 17:01:46,186 [pool-35-thread-1] INFO  server.RaftServerConfigKeys (ConfUtils.java:logGet(44)) - raft.server.rpc.timeout.min = 5s (custom)
2020-05-14 17:01:46,184 [pool-51-thread-1] INFO  server.RaftServerConfigKeys (ConfUtils.java:logGet(44)) - raft.server.rpc.timeout.min = 5s (custom)
2020-05-14 17:01:46,186 [pool-35-thread-1] INFO  server.RaftServerConfigKeys (ConfUtils.java:logGet(44)) - raft.server.rpc.timeout.max = 5200ms (custom)
2020-05-14 17:01:46,186 [pool-51-thread-1] INFO  server.RaftServerConfigKeys (ConfUtils.java:logGet(44)) - raft.server.rpc.timeout.max = 5200ms (custom)
2020-05-14 17:01:46,186 [pool-35-thread-1] INFO  server.RaftServerConfigKeys (ConfUtils.java:logGet(44)) - raft.server.rpcslowness.timeout = 300s (custom)
2020-05-14 17:01:46,186 [pool-51-thread-1] INFO  server.RaftServerConfigKeys (ConfUtils.java:logGet(44)) - raft.server.rpcslowness.timeout = 300s (custom)
2020-05-14 17:01:46,186 [pool-35-thread-1] INFO  server.RaftServerConfigKeys (ConfUtils.java:logGet(44)) - raft.server.sleep.deviation.threshold = 300 (default)
2020-05-14 17:01:46,186 [pool-35-thread-1] INFO  server.RaftServerConfigKeys (ConfUtils.java:logGet(44)) - raft.server.log.appender.install.snapshot.enabled = false (custom)
2020-05-14 17:01:46,186 [pool-51-thread-1] INFO  server.RaftServerConfigKeys (ConfUtils.java:logGet(44)) - raft.server.sleep.deviation.threshold = 300 (default)
2020-05-14 17:01:46,187 [pool-35-thread-1] INFO  impl.RaftServerImpl (ServerState.java:<init>(103)) - c846c64a-6128-4a8c-b73b-206f455bdaa9@group-8EE1479002D7: ConfigurationManager, init=-1: [1c9bc0ef-9cc5-4deb-86e3-073d94f38b24:172.17.0.2:35495, c846c64a-6128-4a8c-b73b-206f455bdaa9:172.17.0.2:34083, d0082a59-cec4-4d0d-b5ec-17bb4baf1ccb:172.17.0.2:41989], old=null, confs=<EMPTY_MAP>
2020-05-14 17:01:46,187 [pool-51-thread-1] INFO  server.RaftServerConfigKeys (ConfUtils.java:logGet(44)) - raft.server.log.appender.install.snapshot.enabled = false (custom)
2020-05-14 17:01:46,187 [pool-35-thread-1] INFO  server.RaftServerConfigKeys (ConfUtils.java:logGet(44)) - raft.server.storage.dir = [/github/workspace/mnt/ozone/hadoop-ozone/integration-test/target/test-dir/MiniOzoneClusterImpl-74c77172-b6ee-4862-b69e-2f993b882c4c/datanode-0/data/ratis] (custom)
2020-05-14 17:01:46,187 [pool-51-thread-1] INFO  impl.RaftServerImpl (ServerState.java:<init>(103)) - d0082a59-cec4-4d0d-b5ec-17bb4baf1ccb@group-8EE1479002D7: ConfigurationManager, init=-1: [1c9bc0ef-9cc5-4deb-86e3-073d94f38b24:172.17.0.2:35495, c846c64a-6128-4a8c-b73b-206f455bdaa9:172.17.0.2:34083, d0082a59-cec4-4d0d-b5ec-17bb4baf1ccb:172.17.0.2:41989], old=null, confs=<EMPTY_MAP>
2020-05-14 17:01:46,187 [pool-51-thread-1] INFO  server.RaftServerConfigKeys (ConfUtils.java:logGet(44)) - raft.server.storage.dir = [/github/workspace/mnt/ozone/hadoop-ozone/integration-test/target/test-dir/MiniOzoneClusterImpl-74c77172-b6ee-4862-b69e-2f993b882c4c/datanode-1/data/ratis] (custom)
2020-05-14 17:01:46,187 [pool-51-thread-1] INFO  server.RaftServerConfigKeys (ConfUtils.java:logGet(44)) - raft.server.log.corruption.policy = EXCEPTION (default)
2020-05-14 17:01:46,188 [pool-51-thread-1] INFO  storage.RaftStorageDirectory (RaftStorageDirectory.java:analyzeStorage(261)) - The storage directory /github/workspace/mnt/ozone/hadoop-ozone/integration-test/target/test-dir/MiniOzoneClusterImpl-74c77172-b6ee-4862-b69e-2f993b882c4c/datanode-1/data/ratis/236c191c-431d-416a-801b-8ee1479002d7 does not exist. Creating ...
2020-05-14 17:01:46,188 [pool-35-thread-1] INFO  server.RaftServerConfigKeys (ConfUtils.java:logGet(44)) - raft.server.log.corruption.policy = EXCEPTION (default)
2020-05-14 17:01:46,189 [pool-35-thread-1] INFO  storage.RaftStorageDirectory (RaftStorageDirectory.java:analyzeStorage(261)) - The storage directory /github/workspace/mnt/ozone/hadoop-ozone/integration-test/target/test-dir/MiniOzoneClusterImpl-74c77172-b6ee-4862-b69e-2f993b882c4c/datanode-0/data/ratis/236c191c-431d-416a-801b-8ee1479002d7 does not exist. Creating ...
2020-05-14 17:01:46,190 [pool-35-thread-1] INFO  storage.RaftStorageDirectory (RaftStorageDirectory.java:tryLock(343)) - Lock on /github/workspace/mnt/ozone/hadoop-ozone/integration-test/target/test-dir/MiniOzoneClusterImpl-74c77172-b6ee-4862-b69e-2f993b882c4c/datanode-0/data/ratis/236c191c-431d-416a-801b-8ee1479002d7/in_use.lock acquired by nodename 3085@43b7e92f9ef7
2020-05-14 17:01:46,191 [pool-51-thread-1] INFO  storage.RaftStorageDirectory (RaftStorageDirectory.java:tryLock(343)) - Lock on /github/workspace/mnt/ozone/hadoop-ozone/integration-test/target/test-dir/MiniOzoneClusterImpl-74c77172-b6ee-4862-b69e-2f993b882c4c/datanode-1/data/ratis/236c191c-431d-416a-801b-8ee1479002d7/in_use.lock acquired by nodename 3085@43b7e92f9ef7
2020-05-14 17:01:46,192 [pool-35-thread-1] INFO  storage.RaftStorage (RaftStorage.java:format(84)) - Storage directory /github/workspace/mnt/ozone/hadoop-ozone/integration-test/target/test-dir/MiniOzoneClusterImpl-74c77172-b6ee-4862-b69e-2f993b882c4c/datanode-0/data/ratis/236c191c-431d-416a-801b-8ee1479002d7 has been successfully formatted.
2020-05-14 17:01:46,194 [pool-51-thread-1] INFO  storage.RaftStorage (RaftStorage.java:format(84)) - Storage directory /github/workspace/mnt/ozone/hadoop-ozone/integration-test/target/test-dir/MiniOzoneClusterImpl-74c77172-b6ee-4862-b69e-2f993b882c4c/datanode-1/data/ratis/236c191c-431d-416a-801b-8ee1479002d7 has been successfully formatted.
2020-05-14 17:01:46,195 [pool-35-thread-1] INFO  ratis.ContainerStateMachine (ContainerStateMachine.java:loadSnapshot(226)) - group-8EE1479002D7: The snapshot info is null. Setting the last applied indexto:(t:0, i:~)
2020-05-14 17:01:46,198 [pool-67-thread-1] INFO  impl.RaftServerImpl (RaftServerImpl.java:<init>(98)) - 1c9bc0ef-9cc5-4deb-86e3-073d94f38b24: new RaftServerImpl for group-8EE1479002D7:[1c9bc0ef-9cc5-4deb-86e3-073d94f38b24:172.17.0.2:35495, c846c64a-6128-4a8c-b73b-206f455bdaa9:172.17.0.2:34083, d0082a59-cec4-4d0d-b5ec-17bb4baf1ccb:172.17.0.2:41989] with ContainerStateMachine:uninitialized
2020-05-14 17:01:46,195 [pool-51-thread-1] INFO  ratis.ContainerStateMachine (ContainerStateMachine.java:loadSnapshot(226)) - group-8EE1479002D7: The snapshot info is null. Setting the last applied indexto:(t:0, i:~)
2020-05-14 17:01:46,198 [pool-35-thread-1] INFO  server.RaftServerConfigKeys (ConfUtils.java:logGet(44)) - raft.server.notification.no-leader.timeout = 60s (default)
2020-05-14 17:01:46,198 [pool-67-thread-1] INFO  server.RaftServerConfigKeys (ConfUtils.java:logGet(44)) - raft.server.rpc.timeout.min = 5s (custom)
2020-05-14 17:01:46,198 [pool-51-thread-1] INFO  server.RaftServerConfigKeys (ConfUtils.java:logGet(44)) - raft.server.notification.no-leader.timeout = 60s (default)
2020-05-14 17:01:46,198 [pool-35-thread-1] INFO  server.RaftServerConfigKeys (ConfUtils.java:logGet(44)) - raft.server.log.use.memory = false (default)
2020-05-14 17:01:46,198 [pool-67-thread-1] INFO  server.RaftServerConfigKeys (ConfUtils.java:logGet(44)) - raft.server.rpc.timeout.max = 5200ms (custom)
2020-05-14 17:01:46,198 [pool-67-thread-1] INFO  server.RaftServerConfigKeys (ConfUtils.java:logGet(44)) - raft.server.rpcslowness.timeout = 300s (custom)
2020-05-14 17:01:46,198 [pool-67-thread-1] INFO  server.RaftServerConfigKeys (ConfUtils.java:logGet(44)) - raft.server.sleep.deviation.threshold = 300 (default)
2020-05-14 17:01:46,199 [pool-67-thread-1] INFO  server.RaftServerConfigKeys (ConfUtils.java:logGet(44)) - raft.server.log.appender.install.snapshot.enabled = false (custom)
2020-05-14 17:01:46,199 [pool-67-thread-1] INFO  impl.RaftServerImpl (ServerState.java:<init>(103)) - 1c9bc0ef-9cc5-4deb-86e3-073d94f38b24@group-8EE1479002D7: ConfigurationManager, init=-1: [1c9bc0ef-9cc5-4deb-86e3-073d94f38b24:172.17.0.2:35495, c846c64a-6128-4a8c-b73b-206f455bdaa9:172.17.0.2:34083, d0082a59-cec4-4d0d-b5ec-17bb4baf1ccb:172.17.0.2:41989], old=null, confs=<EMPTY_MAP>
2020-05-14 17:01:46,199 [pool-67-thread-1] INFO  server.RaftServerConfigKeys (ConfUtils.java:logGet(44)) - raft.server.storage.dir = [/github/workspace/mnt/ozone/hadoop-ozone/integration-test/target/test-dir/MiniOzoneClusterImpl-74c77172-b6ee-4862-b69e-2f993b882c4c/datanode-2/data/ratis] (custom)
2020-05-14 17:01:46,199 [pool-67-thread-1] INFO  server.RaftServerConfigKeys (ConfUtils.java:logGet(44)) - raft.server.log.corruption.policy = EXCEPTION (default)
2020-05-14 17:01:46,199 [pool-67-thread-1] INFO  storage.RaftStorageDirectory (RaftStorageDirectory.java:analyzeStorage(261)) - The storage directory /github/workspace/mnt/ozone/hadoop-ozone/integration-test/target/test-dir/MiniOzoneClusterImpl-74c77172-b6ee-4862-b69e-2f993b882c4c/datanode-2/data/ratis/236c191c-431d-416a-801b-8ee1479002d7 does not exist. Creating ...
2020-05-14 17:01:46,198 [pool-51-thread-1] INFO  server.RaftServerConfigKeys (ConfUtils.java:logGet(44)) - raft.server.log.use.memory = false (default)
2020-05-14 17:01:46,198 [pool-35-thread-1] INFO  server.RaftServerConfigKeys (ConfUtils.java:logGet(44)) - raft.server.log.purge.gap = 1000000 (custom)
2020-05-14 17:01:46,200 [pool-35-thread-1] INFO  server.RaftServerConfigKeys (ConfUtils.java:logGet(44)) - raft.server.log.appender.buffer.byte-limit = 33554432 (custom)
2020-05-14 17:01:46,200 [pool-35-thread-1] INFO  server.RaftServerConfigKeys (ConfUtils.java:logGet(44)) - raft.server.log.segment.size.max = 1048576 (custom)
2020-05-14 17:01:46,200 [pool-35-thread-1] INFO  server.RaftServerConfigKeys (ConfUtils.java:logGet(44)) - raft.server.log.segment.cache.num.max = 2 (custom)
2020-05-14 17:01:46,200 [pool-35-thread-1] INFO  segmented.SegmentedRaftLogWorker (SegmentedRaftLogWorker.java:<init>(176)) - new c846c64a-6128-4a8c-b73b-206f455bdaa9@group-8EE1479002D7-SegmentedRaftLogWorker for RaftStorage:Storage Directory /github/workspace/mnt/ozone/hadoop-ozone/integration-test/target/test-dir/MiniOzoneClusterImpl-74c77172-b6ee-4862-b69e-2f993b882c4c/datanode-0/data/ratis/236c191c-431d-416a-801b-8ee1479002d7
2020-05-14 17:01:46,200 [pool-35-thread-1] INFO  server.RaftServerConfigKeys (ConfUtils.java:logGet(44)) - raft.server.log.queue.byte-limit = 2147483647 (custom)
2020-05-14 17:01:46,201 [pool-35-thread-1] INFO  server.RaftServerConfigKeys (ConfUtils.java:logGet(44)) - raft.server.log.queue.element-limit = 1024 (custom)
2020-05-14 17:01:46,201 [pool-35-thread-1] INFO  server.RaftServerConfigKeys (ConfUtils.java:logGet(44)) - raft.server.log.segment.size.max = 1048576 (custom)
2020-05-14 17:01:46,201 [pool-35-thread-1] INFO  server.RaftServerConfigKeys (ConfUtils.java:logGet(44)) - raft.server.log.preallocated.size = 16384 (custom)
2020-05-14 17:01:46,201 [pool-35-thread-1] INFO  server.RaftServerConfigKeys (ConfUtils.java:logGet(44)) - raft.server.log.write.buffer.size = 1048576 (custom)
2020-05-14 17:01:46,201 [pool-35-thread-1] INFO  server.RaftServerConfigKeys (ConfUtils.java:logGet(44)) - raft.server.log.force.sync.num = 128 (default)
2020-05-14 17:01:46,201 [pool-35-thread-1] INFO  server.RaftServerConfigKeys (ConfUtils.java:logGet(44)) - raft.server.log.statemachine.data.sync = true (default)
2020-05-14 17:01:46,201 [pool-35-thread-1] INFO  server.RaftServerConfigKeys (ConfUtils.java:logGet(44)) - raft.server.log.statemachine.data.sync.timeout = 10s (default)
2020-05-14 17:01:46,201 [pool-35-thread-1] INFO  server.RaftServerConfigKeys (ConfUtils.java:logGet(44)) - raft.server.log.statemachine.data.sync.timeout.retry = -1 (default)
2020-05-14 17:01:46,202 [pool-35-thread-1] INFO  server.RaftServerConfigKeys (ConfUtils.java:logGet(44)) - raft.server.log.statemachine.data.caching.enabled = true (custom)
2020-05-14 17:01:46,203 [pool-35-thread-1] INFO  segmented.SegmentedRaftLogWorker (SegmentedRaftLogWorker.java:lambda$new$0(129)) - c846c64a-6128-4a8c-b73b-206f455bdaa9@group-8EE1479002D7-SegmentedRaftLogWorker: flushIndex: setUnconditionally 0 -> -1
2020-05-14 17:01:46,203 [pool-51-thread-1] INFO  server.RaftServerConfigKeys (ConfUtils.java:logGet(44)) - raft.server.log.purge.gap = 1000000 (custom)
2020-05-14 17:01:46,203 [pool-51-thread-1] INFO  server.RaftServerConfigKeys (ConfUtils.java:logGet(44)) - raft.server.log.appender.buffer.byte-limit = 33554432 (custom)
2020-05-14 17:01:46,203 [pool-51-thread-1] INFO  server.RaftServerConfigKeys (ConfUtils.java:logGet(44)) - raft.server.log.segment.size.max = 1048576 (custom)
2020-05-14 17:01:46,203 [pool-51-thread-1] INFO  server.RaftServerConfigKeys (ConfUtils.java:logGet(44)) - raft.server.log.segment.cache.num.max = 2 (custom)
2020-05-14 17:01:46,203 [pool-51-thread-1] INFO  segmented.SegmentedRaftLogWorker (SegmentedRaftLogWorker.java:<init>(176)) - new d0082a59-cec4-4d0d-b5ec-17bb4baf1ccb@group-8EE1479002D7-SegmentedRaftLogWorker for RaftStorage:Storage Directory /github/workspace/mnt/ozone/hadoop-ozone/integration-test/target/test-dir/MiniOzoneClusterImpl-74c77172-b6ee-4862-b69e-2f993b882c4c/datanode-1/data/ratis/236c191c-431d-416a-801b-8ee1479002d7
2020-05-14 17:01:46,203 [pool-51-thread-1] INFO  server.RaftServerConfigKeys (ConfUtils.java:logGet(44)) - raft.server.log.queue.byte-limit = 2147483647 (custom)
2020-05-14 17:01:46,204 [pool-51-thread-1] INFO  server.RaftServerConfigKeys (ConfUtils.java:logGet(44)) - raft.server.log.queue.element-limit = 1024 (custom)
2020-05-14 17:01:46,204 [pool-51-thread-1] INFO  server.RaftServerConfigKeys (ConfUtils.java:logGet(44)) - raft.server.log.segment.size.max = 1048576 (custom)
2020-05-14 17:01:46,204 [pool-51-thread-1] INFO  server.RaftServerConfigKeys (ConfUtils.java:logGet(44)) - raft.server.log.preallocated.size = 16384 (custom)
2020-05-14 17:01:46,204 [pool-51-thread-1] INFO  server.RaftServerConfigKeys (ConfUtils.java:logGet(44)) - raft.server.log.write.buffer.size = 1048576 (custom)
2020-05-14 17:01:46,204 [pool-51-thread-1] INFO  server.RaftServerConfigKeys (ConfUtils.java:logGet(44)) - raft.server.log.force.sync.num = 128 (default)
2020-05-14 17:01:46,204 [pool-51-thread-1] INFO  server.RaftServerConfigKeys (ConfUtils.java:logGet(44)) - raft.server.log.statemachine.data.sync = true (default)
2020-05-14 17:01:46,204 [pool-51-thread-1] INFO  server.RaftServerConfigKeys (ConfUtils.java:logGet(44)) - raft.server.log.statemachine.data.sync.timeout = 10s (default)
2020-05-14 17:01:46,204 [pool-51-thread-1] INFO  server.RaftServerConfigKeys (ConfUtils.java:logGet(44)) - raft.server.log.statemachine.data.sync.timeout.retry = -1 (default)
2020-05-14 17:01:46,208 [pool-35-thread-1] INFO  server.RaftServerConfigKeys (ConfUtils.java:logGet(44)) - raft.server.snapshot.auto.trigger.enabled = true (custom)
2020-05-14 17:01:46,208 [pool-35-thread-1] INFO  server.RaftServerConfigKeys (ConfUtils.java:logGet(44)) - raft.server.snapshot.auto.trigger.threshold = 10000 (custom)
2020-05-14 17:01:46,208 [pool-35-thread-1] INFO  server.RaftServerConfigKeys (ConfUtils.java:logGet(44)) - raft.server.snapshot.retention.file.num = 5 (custom)
2020-05-14 17:01:46,208 [pool-35-thread-1] INFO  server.RaftServerConfigKeys (ConfUtils.java:logGet(44)) - raft.server.log.purge.upto.snapshot.index = false (default)
2020-05-14 17:01:46,209 [pool-35-thread-1] INFO  server.RaftServerConfigKeys (ConfUtils.java:logGet(44)) - raft.server.retrycache.expirytime = 600000ms (custom)
2020-05-14 17:01:46,209 [pool-35-thread-1] INFO  metrics.RatisMetrics (RatisMetrics.java:lambda$create$0(39)) - Creating Metrics Registry : ratis.leader_election.c846c64a-6128-4a8c-b73b-206f455bdaa9@group-8EE1479002D7
2020-05-14 17:01:46,209 [pool-35-thread-1] INFO  metrics.RatisMetrics (RatisMetrics.java:lambda$create$0(39)) - Creating Metrics Registry : ratis.server.c846c64a-6128-4a8c-b73b-206f455bdaa9@group-8EE1479002D7
2020-05-14 17:01:46,210 [pool-35-thread-1] INFO  impl.RaftServerImpl (RaftServerImpl.java:start(184)) - c846c64a-6128-4a8c-b73b-206f455bdaa9@group-8EE1479002D7: start as a follower, conf=-1: [1c9bc0ef-9cc5-4deb-86e3-073d94f38b24:172.17.0.2:35495, c846c64a-6128-4a8c-b73b-206f455bdaa9:172.17.0.2:34083, d0082a59-cec4-4d0d-b5ec-17bb4baf1ccb:172.17.0.2:41989], old=null
2020-05-14 17:01:46,211 [pool-51-thread-1] INFO  server.RaftServerConfigKeys (ConfUtils.java:logGet(44)) - raft.server.log.statemachine.data.caching.enabled = true (custom)
2020-05-14 17:01:46,211 [pool-35-thread-1] INFO  impl.RaftServerImpl (RaftServerImpl.java:setRole(173)) - c846c64a-6128-4a8c-b73b-206f455bdaa9@group-8EE1479002D7: changes role from      null to FOLLOWER at term 0 for startAsFollower
2020-05-14 17:01:46,211 [pool-51-thread-1] INFO  segmented.SegmentedRaftLogWorker (SegmentedRaftLogWorker.java:lambda$new$0(129)) - d0082a59-cec4-4d0d-b5ec-17bb4baf1ccb@group-8EE1479002D7-SegmentedRaftLogWorker: flushIndex: setUnconditionally 0 -> -1
2020-05-14 17:01:46,212 [pool-67-thread-1] INFO  storage.RaftStorageDirectory (RaftStorageDirectory.java:tryLock(343)) - Lock on /github/workspace/mnt/ozone/hadoop-ozone/integration-test/target/test-dir/MiniOzoneClusterImpl-74c77172-b6ee-4862-b69e-2f993b882c4c/datanode-2/data/ratis/236c191c-431d-416a-801b-8ee1479002d7/in_use.lock acquired by nodename 3085@43b7e92f9ef7
2020-05-14 17:01:46,214 [pool-67-thread-1] INFO  storage.RaftStorage (RaftStorage.java:format(84)) - Storage directory /github/workspace/mnt/ozone/hadoop-ozone/integration-test/target/test-dir/MiniOzoneClusterImpl-74c77172-b6ee-4862-b69e-2f993b882c4c/datanode-2/data/ratis/236c191c-431d-416a-801b-8ee1479002d7 has been successfully formatted.
2020-05-14 17:01:46,217 [pool-51-thread-1] INFO  server.RaftServerConfigKeys (ConfUtils.java:logGet(44)) - raft.server.snapshot.auto.trigger.enabled = true (custom)
2020-05-14 17:01:46,217 [pool-51-thread-1] INFO  server.RaftServerConfigKeys (ConfUtils.java:logGet(44)) - raft.server.snapshot.auto.trigger.threshold = 10000 (custom)
2020-05-14 17:01:46,217 [pool-51-thread-1] INFO  server.RaftServerConfigKeys (ConfUtils.java:logGet(44)) - raft.server.snapshot.retention.file.num = 5 (custom)
2020-05-14 17:01:46,217 [pool-51-thread-1] INFO  server.RaftServerConfigKeys (ConfUtils.java:logGet(44)) - raft.server.log.purge.upto.snapshot.index = false (default)
2020-05-14 17:01:46,217 [pool-51-thread-1] INFO  server.RaftServerConfigKeys (ConfUtils.java:logGet(44)) - raft.server.retrycache.expirytime = 600000ms (custom)
2020-05-14 17:01:46,217 [pool-51-thread-1] INFO  metrics.RatisMetrics (RatisMetrics.java:lambda$create$0(39)) - Creating Metrics Registry : ratis.leader_election.d0082a59-cec4-4d0d-b5ec-17bb4baf1ccb@group-8EE1479002D7
2020-05-14 17:01:46,218 [pool-51-thread-1] INFO  metrics.RatisMetrics (RatisMetrics.java:lambda$create$0(39)) - Creating Metrics Registry : ratis.server.d0082a59-cec4-4d0d-b5ec-17bb4baf1ccb@group-8EE1479002D7
2020-05-14 17:01:46,219 [pool-51-thread-1] INFO  impl.RaftServerImpl (RaftServerImpl.java:start(184)) - d0082a59-cec4-4d0d-b5ec-17bb4baf1ccb@group-8EE1479002D7: start as a follower, conf=-1: [1c9bc0ef-9cc5-4deb-86e3-073d94f38b24:172.17.0.2:35495, c846c64a-6128-4a8c-b73b-206f455bdaa9:172.17.0.2:34083, d0082a59-cec4-4d0d-b5ec-17bb4baf1ccb:172.17.0.2:41989], old=null
2020-05-14 17:01:46,219 [pool-51-thread-1] INFO  impl.RaftServerImpl (RaftServerImpl.java:setRole(173)) - d0082a59-cec4-4d0d-b5ec-17bb4baf1ccb@group-8EE1479002D7: changes role from      null to FOLLOWER at term 0 for startAsFollower
2020-05-14 17:01:46,219 [pool-51-thread-1] INFO  impl.RoleInfo (RoleInfo.java:updateAndGet(143)) - d0082a59-cec4-4d0d-b5ec-17bb4baf1ccb: start FollowerState
2020-05-14 17:01:46,220 [pool-35-thread-1] INFO  impl.RoleInfo (RoleInfo.java:updateAndGet(143)) - c846c64a-6128-4a8c-b73b-206f455bdaa9: start FollowerState
2020-05-14 17:01:46,220 [pool-51-thread-1] INFO  util.JmxRegister (JmxRegister.java:tryRegister(44)) - Successfully registered JMX Bean with object name Ratis:service=RaftServer,group=group-8EE1479002D7,id=d0082a59-cec4-4d0d-b5ec-17bb4baf1ccb
2020-05-14 17:01:46,220 [pool-51-thread-1] INFO  metrics.RatisMetrics (RatisMetrics.java:lambda$create$0(39)) - Creating Metrics Registry : ratis.state_machine.d0082a59-cec4-4d0d-b5ec-17bb4baf1ccb@group-8EE1479002D7
2020-05-14 17:01:46,220 [pool-67-thread-1] INFO  ratis.ContainerStateMachine (ContainerStateMachine.java:loadSnapshot(226)) - group-8EE1479002D7: The snapshot info is null. Setting the last applied indexto:(t:0, i:~)
2020-05-14 17:01:46,221 [pool-67-thread-1] INFO  server.RaftServerConfigKeys (ConfUtils.java:logGet(44)) - raft.server.notification.no-leader.timeout = 60s (default)
2020-05-14 17:01:46,221 [pool-67-thread-1] INFO  server.RaftServerConfigKeys (ConfUtils.java:logGet(44)) - raft.server.log.use.memory = false (default)
2020-05-14 17:01:46,221 [pool-67-thread-1] INFO  server.RaftServerConfigKeys (ConfUtils.java:logGet(44)) - raft.server.log.purge.gap = 1000000 (custom)
2020-05-14 17:01:46,221 [pool-67-thread-1] INFO  server.RaftServerConfigKeys (ConfUtils.java:logGet(44)) - raft.server.log.appender.buffer.byte-limit = 33554432 (custom)
2020-05-14 17:01:46,221 [pool-67-thread-1] INFO  server.RaftServerConfigKeys (ConfUtils.java:logGet(44)) - raft.server.log.segment.size.max = 1048576 (custom)
2020-05-14 17:01:46,221 [pool-67-thread-1] INFO  server.RaftServerConfigKeys (ConfUtils.java:logGet(44)) - raft.server.log.segment.cache.num.max = 2 (custom)
2020-05-14 17:01:46,221 [pool-67-thread-1] INFO  segmented.SegmentedRaftLogWorker (SegmentedRaftLogWorker.java:<init>(176)) - new 1c9bc0ef-9cc5-4deb-86e3-073d94f38b24@group-8EE1479002D7-SegmentedRaftLogWorker for RaftStorage:Storage Directory /github/workspace/mnt/ozone/hadoop-ozone/integration-test/target/test-dir/MiniOzoneClusterImpl-74c77172-b6ee-4862-b69e-2f993b882c4c/datanode-2/data/ratis/236c191c-431d-416a-801b-8ee1479002d7
2020-05-14 17:01:46,221 [pool-67-thread-1] INFO  server.RaftServerConfigKeys (ConfUtils.java:logGet(44)) - raft.server.log.queue.byte-limit = 2147483647 (custom)
2020-05-14 17:01:46,222 [pool-67-thread-1] INFO  server.RaftServerConfigKeys (ConfUtils.java:logGet(44)) - raft.server.log.queue.element-limit = 1024 (custom)
2020-05-14 17:01:46,222 [pool-67-thread-1] INFO  server.RaftServerConfigKeys (ConfUtils.java:logGet(44)) - raft.server.log.segment.size.max = 1048576 (custom)
2020-05-14 17:01:46,222 [pool-67-thread-1] INFO  server.RaftServerConfigKeys (ConfUtils.java:logGet(44)) - raft.server.log.preallocated.size = 16384 (custom)
2020-05-14 17:01:46,222 [pool-67-thread-1] INFO  server.RaftServerConfigKeys (ConfUtils.java:logGet(44)) - raft.server.log.write.buffer.size = 1048576 (custom)
2020-05-14 17:01:46,222 [pool-67-thread-1] INFO  server.RaftServerConfigKeys (ConfUtils.java:logGet(44)) - raft.server.log.force.sync.num = 128 (default)
2020-05-14 17:01:46,222 [pool-67-thread-1] INFO  server.RaftServerConfigKeys (ConfUtils.java:logGet(44)) - raft.server.log.statemachine.data.sync = true (default)
2020-05-14 17:01:46,222 [pool-67-thread-1] INFO  server.RaftServerConfigKeys (ConfUtils.java:logGet(44)) - raft.server.log.statemachine.data.sync.timeout = 10s (default)
2020-05-14 17:01:46,222 [pool-67-thread-1] INFO  server.RaftServerConfigKeys (ConfUtils.java:logGet(44)) - raft.server.log.statemachine.data.sync.timeout.retry = -1 (default)
2020-05-14 17:01:46,225 [pool-35-thread-1] INFO  util.JmxRegister (JmxRegister.java:tryRegister(44)) - Successfully registered JMX Bean with object name Ratis:service=RaftServer,group=group-8EE1479002D7,id=c846c64a-6128-4a8c-b73b-206f455bdaa9
2020-05-14 17:01:46,225 [pool-35-thread-1] INFO  metrics.RatisMetrics (RatisMetrics.java:lambda$create$0(39)) - Creating Metrics Registry : ratis.state_machine.c846c64a-6128-4a8c-b73b-206f455bdaa9@group-8EE1479002D7
2020-05-14 17:01:46,225 [pool-67-thread-1] INFO  server.RaftServerConfigKeys (ConfUtils.java:logGet(44)) - raft.server.log.statemachine.data.caching.enabled = true (custom)
2020-05-14 17:01:46,225 [pool-67-thread-1] INFO  segmented.SegmentedRaftLogWorker (SegmentedRaftLogWorker.java:lambda$new$0(129)) - 1c9bc0ef-9cc5-4deb-86e3-073d94f38b24@group-8EE1479002D7-SegmentedRaftLogWorker: flushIndex: setUnconditionally 0 -> -1
2020-05-14 17:01:46,234 [pool-67-thread-1] INFO  server.RaftServerConfigKeys (ConfUtils.java:logGet(44)) - raft.server.snapshot.auto.trigger.enabled = true (custom)
2020-05-14 17:01:46,234 [pool-67-thread-1] INFO  server.RaftServerConfigKeys (ConfUtils.java:logGet(44)) - raft.server.snapshot.auto.trigger.threshold = 10000 (custom)
2020-05-14 17:01:46,234 [pool-67-thread-1] INFO  server.RaftServerConfigKeys (ConfUtils.java:logGet(44)) - raft.server.snapshot.retention.file.num = 5 (custom)
2020-05-14 17:01:46,234 [pool-67-thread-1] INFO  server.RaftServerConfigKeys (ConfUtils.java:logGet(44)) - raft.server.log.purge.upto.snapshot.index = false (default)
2020-05-14 17:01:46,235 [pool-67-thread-1] INFO  server.RaftServerConfigKeys (ConfUtils.java:logGet(44)) - raft.server.retrycache.expirytime = 600000ms (custom)
2020-05-14 17:01:46,235 [pool-67-thread-1] INFO  metrics.RatisMetrics (RatisMetrics.java:lambda$create$0(39)) - Creating Metrics Registry : ratis.leader_election.1c9bc0ef-9cc5-4deb-86e3-073d94f38b24@group-8EE1479002D7
2020-05-14 17:01:46,235 [pool-67-thread-1] INFO  metrics.RatisMetrics (RatisMetrics.java:lambda$create$0(39)) - Creating Metrics Registry : ratis.server.1c9bc0ef-9cc5-4deb-86e3-073d94f38b24@group-8EE1479002D7
2020-05-14 17:01:46,236 [pool-67-thread-1] INFO  impl.RaftServerImpl (RaftServerImpl.java:start(184)) - 1c9bc0ef-9cc5-4deb-86e3-073d94f38b24@group-8EE1479002D7: start as a follower, conf=-1: [1c9bc0ef-9cc5-4deb-86e3-073d94f38b24:172.17.0.2:35495, c846c64a-6128-4a8c-b73b-206f455bdaa9:172.17.0.2:34083, d0082a59-cec4-4d0d-b5ec-17bb4baf1ccb:172.17.0.2:41989], old=null
2020-05-14 17:01:46,236 [pool-67-thread-1] INFO  impl.RaftServerImpl (RaftServerImpl.java:setRole(173)) - 1c9bc0ef-9cc5-4deb-86e3-073d94f38b24@group-8EE1479002D7: changes role from      null to FOLLOWER at term 0 for startAsFollower
2020-05-14 17:01:46,236 [pool-67-thread-1] INFO  impl.RoleInfo (RoleInfo.java:updateAndGet(143)) - 1c9bc0ef-9cc5-4deb-86e3-073d94f38b24: start FollowerState
2020-05-14 17:01:46,237 [pool-67-thread-1] INFO  util.JmxRegister (JmxRegister.java:tryRegister(44)) - Successfully registered JMX Bean with object name Ratis:service=RaftServer,group=group-8EE1479002D7,id=1c9bc0ef-9cc5-4deb-86e3-073d94f38b24
2020-05-14 17:01:46,241 [pool-67-thread-1] INFO  metrics.RatisMetrics (RatisMetrics.java:lambda$create$0(39)) - Creating Metrics Registry : ratis.state_machine.1c9bc0ef-9cc5-4deb-86e3-073d94f38b24@group-8EE1479002D7
2020-05-14 17:01:47,046 [Listener at 127.0.0.1/45119] INFO  ozone.MiniOzoneClusterImpl (MiniOzoneClusterImpl.java:lambda$waitForClusterToBeReady$0(177)) - Nodes are ready. Got 3 of 3 DN Heartbeats.
2020-05-14 17:01:47,046 [Listener at 127.0.0.1/45119] INFO  ozone.MiniOzoneClusterImpl (MiniOzoneClusterImpl.java:lambda$waitForClusterToBeReady$0(180)) - Waiting for cluster to exit safe mode
2020-05-14 17:01:47,116 [Command processor thread] INFO  commandhandler.CreatePipelineCommandHandler (CreatePipelineCommandHandler.java:handle(109)) - Created Pipeline RATIS THREE #id: "236c191c-431d-416a-801b-8ee1479002d7"
.
2020-05-14 17:01:47,121 [Command processor thread] INFO  commandhandler.CreatePipelineCommandHandler (CreatePipelineCommandHandler.java:handle(109)) - Created Pipeline RATIS THREE #id: "236c191c-431d-416a-801b-8ee1479002d7"
.
2020-05-14 17:01:47,127 [Command processor thread] INFO  commandhandler.CreatePipelineCommandHandler (CreatePipelineCommandHandler.java:handle(109)) - Created Pipeline RATIS THREE #id: "236c191c-431d-416a-801b-8ee1479002d7"
.
2020-05-14 17:01:48,046 [Listener at 127.0.0.1/45119] INFO  ozone.MiniOzoneClusterImpl (MiniOzoneClusterImpl.java:lambda$waitForClusterToBeReady$0(177)) - Nodes are ready. Got 3 of 3 DN Heartbeats.
2020-05-14 17:01:48,047 [Listener at 127.0.0.1/45119] INFO  ozone.MiniOzoneClusterImpl (MiniOzoneClusterImpl.java:lambda$waitForClusterToBeReady$0(180)) - Waiting for cluster to exit safe mode
2020-05-14 17:01:49,047 [Listener at 127.0.0.1/45119] INFO  ozone.MiniOzoneClusterImpl (MiniOzoneClusterImpl.java:lambda$waitForClusterToBeReady$0(177)) - Nodes are ready. Got 3 of 3 DN Heartbeats.
2020-05-14 17:01:49,047 [Listener at 127.0.0.1/45119] INFO  ozone.MiniOzoneClusterImpl (MiniOzoneClusterImpl.java:lambda$waitForClusterToBeReady$0(180)) - Waiting for cluster to exit safe mode
2020-05-14 17:01:50,048 [Listener at 127.0.0.1/45119] INFO  ozone.MiniOzoneClusterImpl (MiniOzoneClusterImpl.java:lambda$waitForClusterToBeReady$0(177)) - Nodes are ready. Got 3 of 3 DN Heartbeats.
2020-05-14 17:01:50,048 [Listener at 127.0.0.1/45119] INFO  ozone.MiniOzoneClusterImpl (MiniOzoneClusterImpl.java:lambda$waitForClusterToBeReady$0(180)) - Waiting for cluster to exit safe mode
2020-05-14 17:01:51,048 [Listener at 127.0.0.1/45119] INFO  ozone.MiniOzoneClusterImpl (MiniOzoneClusterImpl.java:lambda$waitForClusterToBeReady$0(177)) - Nodes are ready. Got 3 of 3 DN Heartbeats.
2020-05-14 17:01:51,049 [Listener at 127.0.0.1/45119] INFO  ozone.MiniOzoneClusterImpl (MiniOzoneClusterImpl.java:lambda$waitForClusterToBeReady$0(180)) - Waiting for cluster to exit safe mode
2020-05-14 17:01:51,168 [Thread-181] INFO  impl.FollowerState (FollowerState.java:run(108)) - c846c64a-6128-4a8c-b73b-206f455bdaa9@group-C5DEC543DD1D-FollowerState: change to CANDIDATE, lastRpcTime:5023ms, electionTimeout:5004ms
2020-05-14 17:01:51,170 [Thread-181] INFO  impl.RoleInfo (RoleInfo.java:shutdownFollowerState(121)) - c846c64a-6128-4a8c-b73b-206f455bdaa9: shutdown FollowerState
2020-05-14 17:01:51,170 [Thread-181] INFO  impl.RaftServerImpl (RaftServerImpl.java:setRole(173)) - c846c64a-6128-4a8c-b73b-206f455bdaa9@group-C5DEC543DD1D: changes role from  FOLLOWER to CANDIDATE at term 0 for changeToCandidate
2020-05-14 17:01:51,173 [Thread-181] INFO  impl.RoleInfo (RoleInfo.java:updateAndGet(143)) - c846c64a-6128-4a8c-b73b-206f455bdaa9: start LeaderElection
2020-05-14 17:01:51,179 [c846c64a-6128-4a8c-b73b-206f455bdaa9@group-C5DEC543DD1D-LeaderElection1] INFO  impl.LeaderElection (LeaderElection.java:askForVotes(206)) - c846c64a-6128-4a8c-b73b-206f455bdaa9@group-C5DEC543DD1D-LeaderElection1: begin an election at term 1 for -1: [c846c64a-6128-4a8c-b73b-206f455bdaa9:172.17.0.2:34083], old=null
2020-05-14 17:01:51,181 [c846c64a-6128-4a8c-b73b-206f455bdaa9@group-C5DEC543DD1D-LeaderElection1] INFO  impl.RoleInfo (RoleInfo.java:shutdownLeaderElection(134)) - c846c64a-6128-4a8c-b73b-206f455bdaa9: shutdown LeaderElection
2020-05-14 17:01:51,181 [c846c64a-6128-4a8c-b73b-206f455bdaa9@group-C5DEC543DD1D-LeaderElection1] INFO  impl.RaftServerImpl (RaftServerImpl.java:setRole(173)) - c846c64a-6128-4a8c-b73b-206f455bdaa9@group-C5DEC543DD1D: changes role from CANDIDATE to LEADER at term 1 for changeToLeader
2020-05-14 17:01:51,181 [c846c64a-6128-4a8c-b73b-206f455bdaa9@group-C5DEC543DD1D-LeaderElection1] INFO  ratis.XceiverServerRatis (XceiverServerRatis.java:handleLeaderChangedNotification(762)) - Leader change notification received for group: group-C5DEC543DD1D with new leaderId: c846c64a-6128-4a8c-b73b-206f455bdaa9
2020-05-14 17:01:51,182 [c846c64a-6128-4a8c-b73b-206f455bdaa9@group-C5DEC543DD1D-LeaderElection1] INFO  impl.RaftServerImpl (ServerState.java:setLeader(255)) - c846c64a-6128-4a8c-b73b-206f455bdaa9@group-C5DEC543DD1D: change Leader from null to c846c64a-6128-4a8c-b73b-206f455bdaa9 at term 1 for becomeLeader, leader elected after 5324ms
2020-05-14 17:01:51,193 [c846c64a-6128-4a8c-b73b-206f455bdaa9@group-C5DEC543DD1D-LeaderElection1] INFO  server.RaftServerConfigKeys (ConfUtils.java:logGet(44)) - raft.server.staging.catchup.gap = 1000 (default)
2020-05-14 17:01:51,194 [c846c64a-6128-4a8c-b73b-206f455bdaa9@group-C5DEC543DD1D-LeaderElection1] INFO  server.RaftServerConfigKeys (ConfUtils.java:logGet(44)) - raft.server.rpc.sleep.time = 25ms (default)
2020-05-14 17:01:51,197 [c846c64a-6128-4a8c-b73b-206f455bdaa9@group-C5DEC543DD1D-LeaderElection1] INFO  metrics.RatisMetrics (RatisMetrics.java:lambda$create$0(39)) - Creating Metrics Registry : ratis.log_appender.c846c64a-6128-4a8c-b73b-206f455bdaa9@group-C5DEC543DD1D
2020-05-14 17:01:51,200 [c846c64a-6128-4a8c-b73b-206f455bdaa9@group-C5DEC543DD1D-LeaderElection1] INFO  server.RaftServerConfigKeys (ConfUtils.java:logGet(44)) - raft.server.write.element-limit = 1024 (custom)
2020-05-14 17:01:51,200 [c846c64a-6128-4a8c-b73b-206f455bdaa9@group-C5DEC543DD1D-LeaderElection1] INFO  server.RaftServerConfigKeys (ConfUtils.java:logGet(44)) - raft.server.write.byte-limit = 1073741824 (custom)
2020-05-14 17:01:51,208 [c846c64a-6128-4a8c-b73b-206f455bdaa9@group-C5DEC543DD1D-LeaderElection1] INFO  server.RaftServerConfigKeys (ConfUtils.java:logGet(44)) - raft.server.watch.timeout = 10s (default)
2020-05-14 17:01:51,208 [c846c64a-6128-4a8c-b73b-206f455bdaa9@group-C5DEC543DD1D-LeaderElection1] INFO  server.RaftServerConfigKeys (ConfUtils.java:logGet(44)) - raft.server.watch.timeout.denomination = 1s (default)
2020-05-14 17:01:51,209 [c846c64a-6128-4a8c-b73b-206f455bdaa9@group-C5DEC543DD1D-LeaderElection1] INFO  server.RaftServerConfigKeys (ConfUtils.java:logGet(44)) - raft.server.watch.element-limit = 65536 (default)
2020-05-14 17:01:51,212 [Thread-179] INFO  impl.FollowerState (FollowerState.java:run(108)) - 1c9bc0ef-9cc5-4deb-86e3-073d94f38b24@group-E6DC3F418F37-FollowerState: change to CANDIDATE, lastRpcTime:5072ms, electionTimeout:5057ms
2020-05-14 17:01:51,212 [Thread-179] INFO  impl.RoleInfo (RoleInfo.java:shutdownFollowerState(121)) - 1c9bc0ef-9cc5-4deb-86e3-073d94f38b24: shutdown FollowerState
2020-05-14 17:01:51,212 [Thread-179] INFO  impl.RaftServerImpl (RaftServerImpl.java:setRole(173)) - 1c9bc0ef-9cc5-4deb-86e3-073d94f38b24@group-E6DC3F418F37: changes role from  FOLLOWER to CANDIDATE at term 0 for changeToCandidate
2020-05-14 17:01:51,212 [Thread-179] INFO  impl.RoleInfo (RoleInfo.java:updateAndGet(143)) - 1c9bc0ef-9cc5-4deb-86e3-073d94f38b24: start LeaderElection
2020-05-14 17:01:51,221 [1c9bc0ef-9cc5-4deb-86e3-073d94f38b24@group-E6DC3F418F37-LeaderElection2] INFO  impl.LeaderElection (LeaderElection.java:askForVotes(206)) - 1c9bc0ef-9cc5-4deb-86e3-073d94f38b24@group-E6DC3F418F37-LeaderElection2: begin an election at term 1 for -1: [1c9bc0ef-9cc5-4deb-86e3-073d94f38b24:172.17.0.2:35495], old=null
2020-05-14 17:01:51,221 [1c9bc0ef-9cc5-4deb-86e3-073d94f38b24@group-E6DC3F418F37-LeaderElection2] INFO  impl.RoleInfo (RoleInfo.java:shutdownLeaderElection(134)) - 1c9bc0ef-9cc5-4deb-86e3-073d94f38b24: shutdown LeaderElection
2020-05-14 17:01:51,221 [1c9bc0ef-9cc5-4deb-86e3-073d94f38b24@group-E6DC3F418F37-LeaderElection2] INFO  impl.RaftServerImpl (RaftServerImpl.java:setRole(173)) - 1c9bc0ef-9cc5-4deb-86e3-073d94f38b24@group-E6DC3F418F37: changes role from CANDIDATE to LEADER at term 1 for changeToLeader
2020-05-14 17:01:51,221 [1c9bc0ef-9cc5-4deb-86e3-073d94f38b24@group-E6DC3F418F37-LeaderElection2] INFO  ratis.XceiverServerRatis (XceiverServerRatis.java:handleLeaderChangedNotification(762)) - Leader change notification received for group: group-E6DC3F418F37 with new leaderId: 1c9bc0ef-9cc5-4deb-86e3-073d94f38b24
2020-05-14 17:01:51,222 [1c9bc0ef-9cc5-4deb-86e3-073d94f38b24@group-E6DC3F418F37-LeaderElection2] INFO  impl.RaftServerImpl (ServerState.java:setLeader(255)) - 1c9bc0ef-9cc5-4deb-86e3-073d94f38b24@group-E6DC3F418F37: change Leader from null to 1c9bc0ef-9cc5-4deb-86e3-073d94f38b24 at term 1 for becomeLeader, leader elected after 5124ms
2020-05-14 17:01:51,222 [1c9bc0ef-9cc5-4deb-86e3-073d94f38b24@group-E6DC3F418F37-LeaderElection2] INFO  server.RaftServerConfigKeys (ConfUtils.java:logGet(44)) - raft.server.staging.catchup.gap = 1000 (default)
2020-05-14 17:01:51,222 [1c9bc0ef-9cc5-4deb-86e3-073d94f38b24@group-E6DC3F418F37-LeaderElection2] INFO  server.RaftServerConfigKeys (ConfUtils.java:logGet(44)) - raft.server.rpc.sleep.time = 25ms (default)
2020-05-14 17:01:51,222 [1c9bc0ef-9cc5-4deb-86e3-073d94f38b24@group-E6DC3F418F37-LeaderElection2] INFO  metrics.RatisMetrics (RatisMetrics.java:lambda$create$0(39)) - Creating Metrics Registry : ratis.log_appender.1c9bc0ef-9cc5-4deb-86e3-073d94f38b24@group-E6DC3F418F37
2020-05-14 17:01:51,222 [1c9bc0ef-9cc5-4deb-86e3-073d94f38b24@group-E6DC3F418F37-LeaderElection2] INFO  server.RaftServerConfigKeys (ConfUtils.java:logGet(44)) - raft.server.write.element-limit = 1024 (custom)
2020-05-14 17:01:51,222 [1c9bc0ef-9cc5-4deb-86e3-073d94f38b24@group-E6DC3F418F37-LeaderElection2] INFO  server.RaftServerConfigKeys (ConfUtils.java:logGet(44)) - raft.server.write.byte-limit = 1073741824 (custom)
2020-05-14 17:01:51,223 [1c9bc0ef-9cc5-4deb-86e3-073d94f38b24@group-E6DC3F418F37-LeaderElection2] INFO  server.RaftServerConfigKeys (ConfUtils.java:logGet(44)) - raft.server.watch.timeout = 10s (default)
2020-05-14 17:01:51,224 [1c9bc0ef-9cc5-4deb-86e3-073d94f38b24@group-E6DC3F418F37-LeaderElection2] INFO  server.RaftServerConfigKeys (ConfUtils.java:logGet(44)) - raft.server.watch.timeout.denomination = 1s (default)
2020-05-14 17:01:51,226 [1c9bc0ef-9cc5-4deb-86e3-073d94f38b24@group-E6DC3F418F37-LeaderElection2] INFO  server.RaftServerConfigKeys (ConfUtils.java:logGet(44)) - raft.server.watch.element-limit = 65536 (default)
2020-05-14 17:01:51,226 [1c9bc0ef-9cc5-4deb-86e3-073d94f38b24@group-E6DC3F418F37-LeaderElection2] INFO  impl.RoleInfo (RoleInfo.java:updateAndGet(143)) - 1c9bc0ef-9cc5-4deb-86e3-073d94f38b24: start LeaderState
2020-05-14 17:01:51,224 [c846c64a-6128-4a8c-b73b-206f455bdaa9@group-C5DEC543DD1D-LeaderElection1] INFO  impl.RoleInfo (RoleInfo.java:updateAndGet(143)) - c846c64a-6128-4a8c-b73b-206f455bdaa9: start LeaderState
2020-05-14 17:01:51,239 [Thread-185] INFO  impl.FollowerState (FollowerState.java:run(108)) - d0082a59-cec4-4d0d-b5ec-17bb4baf1ccb@group-8EE1479002D7-FollowerState: change to CANDIDATE, lastRpcTime:5020ms, electionTimeout:5017ms
2020-05-14 17:01:51,240 [Thread-185] INFO  impl.RoleInfo (RoleInfo.java:shutdownFollowerState(121)) - d0082a59-cec4-4d0d-b5ec-17bb4baf1ccb: shutdown FollowerState
2020-05-14 17:01:51,240 [Thread-185] INFO  impl.RaftServerImpl (RaftServerImpl.java:setRole(173)) - d0082a59-cec4-4d0d-b5ec-17bb4baf1ccb@group-8EE1479002D7: changes role from  FOLLOWER to CANDIDATE at term 0 for changeToCandidate
2020-05-14 17:01:51,240 [Thread-185] INFO  impl.RoleInfo (RoleInfo.java:updateAndGet(143)) - d0082a59-cec4-4d0d-b5ec-17bb4baf1ccb: start LeaderElection
2020-05-14 17:01:51,244 [d0082a59-cec4-4d0d-b5ec-17bb4baf1ccb@group-8EE1479002D7-LeaderElection3] INFO  impl.LeaderElection (LeaderElection.java:askForVotes(206)) - d0082a59-cec4-4d0d-b5ec-17bb4baf1ccb@group-8EE1479002D7-LeaderElection3: begin an election at term 1 for -1: [1c9bc0ef-9cc5-4deb-86e3-073d94f38b24:172.17.0.2:35495, c846c64a-6128-4a8c-b73b-206f455bdaa9:172.17.0.2:34083, d0082a59-cec4-4d0d-b5ec-17bb4baf1ccb:172.17.0.2:41989], old=null
2020-05-14 17:01:51,257 [1c9bc0ef-9cc5-4deb-86e3-073d94f38b24@group-E6DC3F418F37-LeaderElection2] INFO  segmented.SegmentedRaftLogWorker (SegmentedRaftLogWorker.java:startLogSegment(391)) - 1c9bc0ef-9cc5-4deb-86e3-073d94f38b24@group-E6DC3F418F37-SegmentedRaftLogWorker: Starting segment from index:0
2020-05-14 17:01:51,258 [c846c64a-6128-4a8c-b73b-206f455bdaa9@group-C5DEC543DD1D-LeaderElection1] INFO  segmented.SegmentedRaftLogWorker (SegmentedRaftLogWorker.java:startLogSegment(391)) - c846c64a-6128-4a8c-b73b-206f455bdaa9@group-C5DEC543DD1D-SegmentedRaftLogWorker: Starting segment from index:0
2020-05-14 17:01:51,290 [c846c64a-6128-4a8c-b73b-206f455bdaa9@group-C5DEC543DD1D-LeaderElection1] INFO  impl.RaftServerImpl (ServerState.java:setRaftConf(356)) - c846c64a-6128-4a8c-b73b-206f455bdaa9@group-C5DEC543DD1D: set configuration 0: [c846c64a-6128-4a8c-b73b-206f455bdaa9:172.17.0.2:34083], old=null at 0
2020-05-14 17:01:51,294 [1c9bc0ef-9cc5-4deb-86e3-073d94f38b24@group-E6DC3F418F37-LeaderElection2] INFO  impl.RaftServerImpl (ServerState.java:setRaftConf(356)) - 1c9bc0ef-9cc5-4deb-86e3-073d94f38b24@group-E6DC3F418F37: set configuration 0: [1c9bc0ef-9cc5-4deb-86e3-073d94f38b24:172.17.0.2:35495], old=null at 0
2020-05-14 17:01:51,309 [grpc-default-executor-2] INFO  impl.RaftServerImpl (RaftServerImpl.java:setRole(173)) - 1c9bc0ef-9cc5-4deb-86e3-073d94f38b24@group-8EE1479002D7: changes role from  FOLLOWER to FOLLOWER at term 1 for recognizeCandidate:d0082a59-cec4-4d0d-b5ec-17bb4baf1ccb
2020-05-14 17:01:51,309 [grpc-default-executor-2] INFO  impl.RoleInfo (RoleInfo.java:shutdownFollowerState(121)) - 1c9bc0ef-9cc5-4deb-86e3-073d94f38b24: shutdown FollowerState
2020-05-14 17:01:51,309 [grpc-default-executor-2] INFO  impl.RoleInfo (RoleInfo.java:updateAndGet(143)) - 1c9bc0ef-9cc5-4deb-86e3-073d94f38b24: start FollowerState
2020-05-14 17:01:51,309 [Thread-187] INFO  impl.FollowerState (FollowerState.java:run(117)) - 1c9bc0ef-9cc5-4deb-86e3-073d94f38b24@group-8EE1479002D7-FollowerState was interrupted: java.lang.InterruptedException: sleep interrupted
2020-05-14 17:01:51,336 [grpc-default-executor-0] INFO  impl.RaftServerImpl (RaftServerImpl.java:setRole(173)) - c846c64a-6128-4a8c-b73b-206f455bdaa9@group-8EE1479002D7: changes role from  FOLLOWER to FOLLOWER at term 1 for recognizeCandidate:d0082a59-cec4-4d0d-b5ec-17bb4baf1ccb
2020-05-14 17:01:51,336 [grpc-default-executor-0] INFO  impl.RoleInfo (RoleInfo.java:shutdownFollowerState(121)) - c846c64a-6128-4a8c-b73b-206f455bdaa9: shutdown FollowerState
2020-05-14 17:01:51,336 [grpc-default-executor-0] INFO  impl.RoleInfo (RoleInfo.java:updateAndGet(143)) - c846c64a-6128-4a8c-b73b-206f455bdaa9: start FollowerState
2020-05-14 17:01:51,336 [Thread-183] INFO  impl.FollowerState (FollowerState.java:run(117)) - c846c64a-6128-4a8c-b73b-206f455bdaa9@group-8EE1479002D7-FollowerState was interrupted: java.lang.InterruptedException: sleep interrupted
2020-05-14 17:01:51,349 [Thread-180] INFO  impl.FollowerState (FollowerState.java:run(108)) - d0082a59-cec4-4d0d-b5ec-17bb4baf1ccb@group-17E830990710-FollowerState: change to CANDIDATE, lastRpcTime:5204ms, electionTimeout:5185ms
2020-05-14 17:01:51,350 [Thread-180] INFO  impl.RoleInfo (RoleInfo.java:shutdownFollowerState(121)) - d0082a59-cec4-4d0d-b5ec-17bb4baf1ccb: shutdown FollowerState
2020-05-14 17:01:51,350 [Thread-180] INFO  impl.RaftServerImpl (RaftServerImpl.java:setRole(173)) - d0082a59-cec4-4d0d-b5ec-17bb4baf1ccb@group-17E830990710: changes role from  FOLLOWER to CANDIDATE at term 0 for changeToCandidate
2020-05-14 17:01:51,350 [Thread-180] INFO  impl.RoleInfo (RoleInfo.java:updateAndGet(143)) - d0082a59-cec4-4d0d-b5ec-17bb4baf1ccb: start LeaderElection
2020-05-14 17:01:51,351 [d0082a59-cec4-4d0d-b5ec-17bb4baf1ccb@group-8EE1479002D7-LeaderElection3] INFO  impl.LeaderElection (LeaderElection.java:logAndReturn(61)) - d0082a59-cec4-4d0d-b5ec-17bb4baf1ccb@group-8EE1479002D7-LeaderElection3: Election PASSED; received 1 response(s) [d0082a59-cec4-4d0d-b5ec-17bb4baf1ccb<-c846c64a-6128-4a8c-b73b-206f455bdaa9#0:OK-t1] and 0 exception(s); d0082a59-cec4-4d0d-b5ec-17bb4baf1ccb@group-8EE1479002D7:t1, leader=null, voted=d0082a59-cec4-4d0d-b5ec-17bb4baf1ccb, raftlog=d0082a59-cec4-4d0d-b5ec-17bb4baf1ccb@group-8EE1479002D7-SegmentedRaftLog:OPENED:c-1,f-1,i0, conf=-1: [1c9bc0ef-9cc5-4deb-86e3-073d94f38b24:172.17.0.2:35495, c846c64a-6128-4a8c-b73b-206f455bdaa9:172.17.0.2:34083, d0082a59-cec4-4d0d-b5ec-17bb4baf1ccb:172.17.0.2:41989], old=null
2020-05-14 17:01:51,352 [d0082a59-cec4-4d0d-b5ec-17bb4baf1ccb@group-8EE1479002D7-LeaderElection3] INFO  impl.RoleInfo (RoleInfo.java:shutdownLeaderElection(134)) - d0082a59-cec4-4d0d-b5ec-17bb4baf1ccb: shutdown LeaderElection
2020-05-14 17:01:51,352 [d0082a59-cec4-4d0d-b5ec-17bb4baf1ccb@group-8EE1479002D7-LeaderElection3] INFO  impl.RaftServerImpl (RaftServerImpl.java:setRole(173)) - d0082a59-cec4-4d0d-b5ec-17bb4baf1ccb@group-8EE1479002D7: changes role from CANDIDATE to LEADER at term 1 for changeToLeader
2020-05-14 17:01:51,352 [d0082a59-cec4-4d0d-b5ec-17bb4baf1ccb@group-8EE1479002D7-LeaderElection3] INFO  ratis.XceiverServerRatis (XceiverServerRatis.java:handleLeaderChangedNotification(762)) - Leader change notification received for group: group-8EE1479002D7 with new leaderId: d0082a59-cec4-4d0d-b5ec-17bb4baf1ccb
2020-05-14 17:01:51,352 [d0082a59-cec4-4d0d-b5ec-17bb4baf1ccb@group-8EE1479002D7-LeaderElection3] INFO  impl.RaftServerImpl (ServerState.java:setLeader(255)) - d0082a59-cec4-4d0d-b5ec-17bb4baf1ccb@group-8EE1479002D7: change Leader from null to d0082a59-cec4-4d0d-b5ec-17bb4baf1ccb at term 1 for becomeLeader, leader elected after 5153ms
2020-05-14 17:01:51,352 [d0082a59-cec4-4d0d-b5ec-17bb4baf1ccb@group-8EE1479002D7-LeaderElection3] INFO  server.RaftServerConfigKeys (ConfUtils.java:logGet(44)) - raft.server.staging.catchup.gap = 1000 (default)
2020-05-14 17:01:51,352 [d0082a59-cec4-4d0d-b5ec-17bb4baf1ccb@group-8EE1479002D7-LeaderElection3] INFO  server.RaftServerConfigKeys (ConfUtils.java:logGet(44)) - raft.server.rpc.sleep.time = 25ms (default)
2020-05-14 17:01:51,352 [d0082a59-cec4-4d0d-b5ec-17bb4baf1ccb@group-8EE1479002D7-LeaderElection3] INFO  metrics.RatisMetrics (RatisMetrics.java:lambda$create$0(39)) - Creating Metrics Registry : ratis.log_appender.d0082a59-cec4-4d0d-b5ec-17bb4baf1ccb@group-8EE1479002D7
2020-05-14 17:01:51,352 [d0082a59-cec4-4d0d-b5ec-17bb4baf1ccb@group-8EE1479002D7-LeaderElection3] INFO  server.RaftServerConfigKeys (ConfUtils.java:logGet(44)) - raft.server.write.element-limit = 1024 (custom)
2020-05-14 17:01:51,352 [d0082a59-cec4-4d0d-b5ec-17bb4baf1ccb@group-8EE1479002D7-LeaderElection3] INFO  server.RaftServerConfigKeys (ConfUtils.java:logGet(44)) - raft.server.write.byte-limit = 1073741824 (custom)
2020-05-14 17:01:51,353 [d0082a59-cec4-4d0d-b5ec-17bb4baf1ccb@group-8EE1479002D7-LeaderElection3] INFO  server.RaftServerConfigKeys (ConfUtils.java:logGet(44)) - raft.server.watch.timeout = 10s (default)
2020-05-14 17:01:51,353 [d0082a59-cec4-4d0d-b5ec-17bb4baf1ccb@group-8EE1479002D7-LeaderElection3] INFO  server.RaftServerConfigKeys (ConfUtils.java:logGet(44)) - raft.server.watch.timeout.denomination = 1s (default)
2020-05-14 17:01:51,353 [d0082a59-cec4-4d0d-b5ec-17bb4baf1ccb@group-8EE1479002D7-LeaderElection3] INFO  server.RaftServerConfigKeys (ConfUtils.java:logGet(44)) - raft.server.watch.element-limit = 65536 (default)
2020-05-14 17:01:51,361 [d0082a59-cec4-4d0d-b5ec-17bb4baf1ccb@group-8EE1479002D7-LeaderElection3] INFO  server.RaftServerConfigKeys (ConfUtils.java:logGet(44)) - raft.server.log.appender.snapshot.chunk.size.max = 16MB (=16777216) (default)
2020-05-14 17:01:51,362 [d0082a59-cec4-4d0d-b5ec-17bb4baf1ccb@group-8EE1479002D7-LeaderElection3] INFO  server.RaftServerConfigKeys (ConfUtils.java:logGet(44)) - raft.server.log.appender.buffer.byte-limit = 33554432 (custom)
2020-05-14 17:01:51,362 [d0082a59-cec4-4d0d-b5ec-17bb4baf1ccb@group-8EE1479002D7-LeaderElection3] INFO  server.RaftServerConfigKeys (ConfUtils.java:logGet(44)) - raft.server.log.appender.buffer.element-limit = 1 (custom)
2020-05-14 17:01:51,372 [d0082a59-cec4-4d0d-b5ec-17bb4baf1ccb@group-8EE1479002D7-LeaderElection3] INFO  grpc.GrpcConfigKeys (ConfUtils.java:logGet(44)) - raft.grpc.server.leader.outstanding.appends.max = 128 (default)
2020-05-14 17:01:51,379 [d0082a59-cec4-4d0d-b5ec-17bb4baf1ccb@group-8EE1479002D7-LeaderElection3] INFO  server.RaftServerConfigKeys (ConfUtils.java:logGet(44)) - raft.server.rpc.request.timeout = 3s (default)
2020-05-14 17:01:51,381 [d0082a59-cec4-4d0d-b5ec-17bb4baf1ccb@group-8EE1479002D7-LeaderElection3] INFO  server.RaftServerConfigKeys (ConfUtils.java:logGet(44)) - raft.server.log.appender.install.snapshot.enabled = false (custom)
2020-05-14 17:01:51,385 [d0082a59-cec4-4d0d-b5ec-17bb4baf1ccb@group-8EE1479002D7-LeaderElection3] INFO  server.RaftServerConfigKeys (ConfUtils.java:logGet(44)) - raft.server.log.appender.snapshot.chunk.size.max = 16MB (=16777216) (default)
2020-05-14 17:01:51,380 [d0082a59-cec4-4d0d-b5ec-17bb4baf1ccb@group-17E830990710-LeaderElection4] INFO  impl.LeaderElection (LeaderElection.java:askForVotes(206)) - d0082a59-cec4-4d0d-b5ec-17bb4baf1ccb@group-17E830990710-LeaderElection4: begin an election at term 1 for -1: [d0082a59-cec4-4d0d-b5ec-17bb4baf1ccb:172.17.0.2:41989], old=null
2020-05-14 17:01:51,394 [d0082a59-cec4-4d0d-b5ec-17bb4baf1ccb@group-17E830990710-LeaderElection4] INFO  impl.RoleInfo (RoleInfo.java:shutdownLeaderElection(134)) - d0082a59-cec4-4d0d-b5ec-17bb4baf1ccb: shutdown LeaderElection
2020-05-14 17:01:51,394 [d0082a59-cec4-4d0d-b5ec-17bb4baf1ccb@group-17E830990710-LeaderElection4] INFO  impl.RaftServerImpl (RaftServerImpl.java:setRole(173)) - d0082a59-cec4-4d0d-b5ec-17bb4baf1ccb@group-17E830990710: changes role from CANDIDATE to LEADER at term 1 for changeToLeader
2020-05-14 17:01:51,394 [d0082a59-cec4-4d0d-b5ec-17bb4baf1ccb@group-17E830990710-LeaderElection4] INFO  ratis.XceiverServerRatis (XceiverServerRatis.java:handleLeaderChangedNotification(762)) - Leader change notification received for group: group-17E830990710 with new leaderId: d0082a59-cec4-4d0d-b5ec-17bb4baf1ccb
2020-05-14 17:01:51,395 [d0082a59-cec4-4d0d-b5ec-17bb4baf1ccb@group-17E830990710-LeaderElection4] INFO  impl.RaftServerImpl (ServerState.java:setLeader(255)) - d0082a59-cec4-4d0d-b5ec-17bb4baf1ccb@group-17E830990710: change Leader from null to d0082a59-cec4-4d0d-b5ec-17bb4baf1ccb at term 1 for becomeLeader, leader elected after 5404ms
2020-05-14 17:01:51,395 [d0082a59-cec4-4d0d-b5ec-17bb4baf1ccb@group-17E830990710-LeaderElection4] INFO  server.RaftServerConfigKeys (ConfUtils.java:logGet(44)) - raft.server.staging.catchup.gap = 1000 (default)
2020-05-14 17:01:51,395 [d0082a59-cec4-4d0d-b5ec-17bb4baf1ccb@group-17E830990710-LeaderElection4] INFO  server.RaftServerConfigKeys (ConfUtils.java:logGet(44)) - raft.server.rpc.sleep.time = 25ms (default)
2020-05-14 17:01:51,395 [d0082a59-cec4-4d0d-b5ec-17bb4baf1ccb@group-17E830990710-LeaderElection4] INFO  metrics.RatisMetrics (RatisMetrics.java:lambda$create$0(39)) - Creating Metrics Registry : ratis.log_appender.d0082a59-cec4-4d0d-b5ec-17bb4baf1ccb@group-17E830990710
2020-05-14 17:01:51,395 [d0082a59-cec4-4d0d-b5ec-17bb4baf1ccb@group-17E830990710-LeaderElection4] INFO  server.RaftServerConfigKeys (ConfUtils.java:logGet(44)) - raft.server.write.element-limit = 1024 (custom)
2020-05-14 17:01:51,395 [d0082a59-cec4-4d0d-b5ec-17bb4baf1ccb@group-17E830990710-LeaderElection4] INFO  server.RaftServerConfigKeys (ConfUtils.java:logGet(44)) - raft.server.write.byte-limit = 1073741824 (custom)
2020-05-14 17:01:51,395 [d0082a59-cec4-4d0d-b5ec-17bb4baf1ccb@group-17E830990710-LeaderElection4] INFO  server.RaftServerConfigKeys (ConfUtils.java:logGet(44)) - raft.server.watch.timeout = 10s (default)
2020-05-14 17:01:51,396 [d0082a59-cec4-4d0d-b5ec-17bb4baf1ccb@group-17E830990710-LeaderElection4] INFO  server.RaftServerConfigKeys (ConfUtils.java:logGet(44)) - raft.server.watch.timeout.denomination = 1s (default)
2020-05-14 17:01:51,396 [d0082a59-cec4-4d0d-b5ec-17bb4baf1ccb@group-17E830990710-LeaderElection4] INFO  server.RaftServerConfigKeys (ConfUtils.java:logGet(44)) - raft.server.watch.element-limit = 65536 (default)
2020-05-14 17:01:51,396 [d0082a59-cec4-4d0d-b5ec-17bb4baf1ccb@group-17E830990710-LeaderElection4] INFO  impl.RoleInfo (RoleInfo.java:updateAndGet(143)) - d0082a59-cec4-4d0d-b5ec-17bb4baf1ccb: start LeaderState
2020-05-14 17:01:51,396 [d0082a59-cec4-4d0d-b5ec-17bb4baf1ccb@group-17E830990710-LeaderElection4] INFO  segmented.SegmentedRaftLogWorker (SegmentedRaftLogWorker.java:startLogSegment(391)) - d0082a59-cec4-4d0d-b5ec-17bb4baf1ccb@group-17E830990710-SegmentedRaftLogWorker: Starting segment from index:0
2020-05-14 17:01:51,379 [EventQueue-PipelineReportForPipelineReportHandler] INFO  pipeline.PipelineStateManager (PipelineStateManager.java:openPipeline(131)) - Pipeline Pipeline[ Id: 236c191c-431d-416a-801b-8ee1479002d7, Nodes: 1c9bc0ef-9cc5-4deb-86e3-073d94f38b24{ip: 172.17.0.2, host: 43b7e92f9ef7, networkLocation: /default-rack, certSerialId: null}d0082a59-cec4-4d0d-b5ec-17bb4baf1ccb{ip: 172.17.0.2, host: 43b7e92f9ef7, networkLocation: /default-rack, certSerialId: null}c846c64a-6128-4a8c-b73b-206f455bdaa9{ip: 172.17.0.2, host: 43b7e92f9ef7, networkLocation: /default-rack, certSerialId: null}, Type:RATIS, Factor:THREE, State:ALLOCATED, leaderId:d0082a59-cec4-4d0d-b5ec-17bb4baf1ccb, CreationTimestamp2020-05-14T17:01:43.063Z] moved to OPEN state
2020-05-14 17:01:51,397 [EventQueue-OpenPipelineForHealthyPipelineSafeModeRule] INFO  safemode.SCMSafeModeManager (HealthyPipelineSafeModeRule.java:process(132)) - SCM in safe mode. Healthy pipelines reported count is 1, required healthy pipeline reported count is 1
2020-05-14 17:01:51,397 [EventQueue-OpenPipelineForHealthyPipelineSafeModeRule] INFO  safemode.SCMSafeModeManager (SCMSafeModeManager.java:validateSafeModeExitRules(213)) - HealthyPipelineSafeModeRule rule is successfully validated
2020-05-14 17:01:51,397 [EventQueue-OpenPipelineForHealthyPipelineSafeModeRule] INFO  safemode.SCMSafeModeManager (SCMSafeModeManager.java:validateSafeModeExitRules(227)) - ScmSafeModeManager, all rules are successfully validated
2020-05-14 17:01:51,397 [EventQueue-OpenPipelineForHealthyPipelineSafeModeRule] INFO  safemode.SCMSafeModeManager (SCMSafeModeManager.java:exitSafeMode(256)) - SCM exiting safe mode.
2020-05-14 17:01:51,397 [d0082a59-cec4-4d0d-b5ec-17bb4baf1ccb@group-17E830990710-LeaderElection4] INFO  impl.RaftServerImpl (ServerState.java:setRaftConf(356)) - d0082a59-cec4-4d0d-b5ec-17bb4baf1ccb@group-17E830990710: set configuration 0: [d0082a59-cec4-4d0d-b5ec-17bb4baf1ccb:172.17.0.2:41989], old=null at 0
2020-05-14 17:01:51,404 [d0082a59-cec4-4d0d-b5ec-17bb4baf1ccb@group-8EE1479002D7-LeaderElection3] INFO  server.RaftServerConfigKeys (ConfUtils.java:logGet(44)) - raft.server.log.appender.buffer.byte-limit = 33554432 (custom)
2020-05-14 17:01:51,407 [d0082a59-cec4-4d0d-b5ec-17bb4baf1ccb@group-8EE1479002D7-LeaderElection3] INFO  server.RaftServerConfigKeys (ConfUtils.java:logGet(44)) - raft.server.log.appender.buffer.element-limit = 1 (custom)
2020-05-14 17:01:51,407 [d0082a59-cec4-4d0d-b5ec-17bb4baf1ccb@group-8EE1479002D7-LeaderElection3] INFO  grpc.GrpcConfigKeys (ConfUtils.java:logGet(44)) - raft.grpc.server.leader.outstanding.appends.max = 128 (default)
2020-05-14 17:01:51,407 [d0082a59-cec4-4d0d-b5ec-17bb4baf1ccb@group-8EE1479002D7-LeaderElection3] INFO  server.RaftServerConfigKeys (ConfUtils.java:logGet(44)) - raft.server.rpc.request.timeout = 3s (default)
2020-05-14 17:01:51,407 [d0082a59-cec4-4d0d-b5ec-17bb4baf1ccb@group-8EE1479002D7-LeaderElection3] INFO  server.RaftServerConfigKeys (ConfUtils.java:logGet(44)) - raft.server.log.appender.install.snapshot.enabled = false (custom)
2020-05-14 17:01:51,409 [d0082a59-cec4-4d0d-b5ec-17bb4baf1ccb@group-8EE1479002D7-LeaderElection3] INFO  impl.RoleInfo (RoleInfo.java:updateAndGet(143)) - d0082a59-cec4-4d0d-b5ec-17bb4baf1ccb: start LeaderState
2020-05-14 17:01:51,410 [d0082a59-cec4-4d0d-b5ec-17bb4baf1ccb@group-8EE1479002D7-LeaderElection3] INFO  segmented.SegmentedRaftLogWorker (SegmentedRaftLogWorker.java:startLogSegment(391)) - d0082a59-cec4-4d0d-b5ec-17bb4baf1ccb@group-8EE1479002D7-SegmentedRaftLogWorker: Starting segment from index:0
2020-05-14 17:01:51,424 [d0082a59-cec4-4d0d-b5ec-17bb4baf1ccb@group-8EE1479002D7-LeaderElection3] INFO  impl.RaftServerImpl (ServerState.java:setRaftConf(356)) - d0082a59-cec4-4d0d-b5ec-17bb4baf1ccb@group-8EE1479002D7: set configuration 0: [1c9bc0ef-9cc5-4deb-86e3-073d94f38b24:172.17.0.2:35495, c846c64a-6128-4a8c-b73b-206f455bdaa9:172.17.0.2:34083, d0082a59-cec4-4d0d-b5ec-17bb4baf1ccb:172.17.0.2:41989], old=null at 0
2020-05-14 17:01:51,485 [grpc-default-executor-2] INFO  ratis.XceiverServerRatis (XceiverServerRatis.java:handleLeaderChangedNotification(762)) - Leader change notification received for group: group-8EE1479002D7 with new leaderId: d0082a59-cec4-4d0d-b5ec-17bb4baf1ccb
2020-05-14 17:01:51,487 [grpc-default-executor-2] INFO  impl.RaftServerImpl (ServerState.java:setLeader(255)) - 1c9bc0ef-9cc5-4deb-86e3-073d94f38b24@group-8EE1479002D7: change Leader from null to d0082a59-cec4-4d0d-b5ec-17bb4baf1ccb at term 1 for appendEntries, leader elected after 5264ms
2020-05-14 17:01:51,488 [d0082a59-cec4-4d0d-b5ec-17bb4baf1ccb@group-8EE1479002D7-SegmentedRaftLogWorker] INFO  segmented.SegmentedRaftLogWorker (SegmentedRaftLogWorker.java:execute(583)) - d0082a59-cec4-4d0d-b5ec-17bb4baf1ccb@group-8EE1479002D7-SegmentedRaftLogWorker: created new log segment /github/workspace/mnt/ozone/hadoop-ozone/integration-test/target/test-dir/MiniOzoneClusterImpl-74c77172-b6ee-4862-b69e-2f993b882c4c/datanode-1/data/ratis/236c191c-431d-416a-801b-8ee1479002d7/current/log_inprogress_0
2020-05-14 17:01:51,488 [c846c64a-6128-4a8c-b73b-206f455bdaa9@group-C5DEC543DD1D-SegmentedRaftLogWorker] INFO  segmented.SegmentedRaftLogWorker (SegmentedRaftLogWorker.java:execute(583)) - c846c64a-6128-4a8c-b73b-206f455bdaa9@group-C5DEC543DD1D-SegmentedRaftLogWorker: created new log segment /github/workspace/mnt/ozone/hadoop-ozone/integration-test/target/test-dir/MiniOzoneClusterImpl-74c77172-b6ee-4862-b69e-2f993b882c4c/datanode-0/data/ratis/acdd71b9-32c2-4618-b4e1-c5dec543dd1d/current/log_inprogress_0
2020-05-14 17:01:51,488 [d0082a59-cec4-4d0d-b5ec-17bb4baf1ccb@group-17E830990710-SegmentedRaftLogWorker] INFO  segmented.SegmentedRaftLogWorker (SegmentedRaftLogWorker.java:execute(583)) - d0082a59-cec4-4d0d-b5ec-17bb4baf1ccb@group-17E830990710-SegmentedRaftLogWorker: created new log segment /github/workspace/mnt/ozone/hadoop-ozone/integration-test/target/test-dir/MiniOzoneClusterImpl-74c77172-b6ee-4862-b69e-2f993b882c4c/datanode-1/data/ratis/b25b3640-90d5-4d6c-a236-17e830990710/current/log_inprogress_0
2020-05-14 17:01:51,489 [1c9bc0ef-9cc5-4deb-86e3-073d94f38b24@group-E6DC3F418F37-SegmentedRaftLogWorker] INFO  segmented.SegmentedRaftLogWorker (SegmentedRaftLogWorker.java:execute(583)) - 1c9bc0ef-9cc5-4deb-86e3-073d94f38b24@group-E6DC3F418F37-SegmentedRaftLogWorker: created new log segment /github/workspace/mnt/ozone/hadoop-ozone/integration-test/target/test-dir/MiniOzoneClusterImpl-74c77172-b6ee-4862-b69e-2f993b882c4c/datanode-2/data/ratis/bd2f38a3-4246-4358-a050-e6dc3f418f37/current/log_inprogress_0
2020-05-14 17:01:51,498 [grpc-default-executor-0] INFO  ratis.XceiverServerRatis (XceiverServerRatis.java:handleLeaderChangedNotification(762)) - Leader change notification received for group: group-8EE1479002D7 with new leaderId: d0082a59-cec4-4d0d-b5ec-17bb4baf1ccb
2020-05-14 17:01:51,498 [grpc-default-executor-0] INFO  impl.RaftServerImpl (ServerState.java:setLeader(255)) - c846c64a-6128-4a8c-b73b-206f455bdaa9@group-8EE1479002D7: change Leader from null to d0082a59-cec4-4d0d-b5ec-17bb4baf1ccb at term 1 for appendEntries, leader elected after 5300ms
2020-05-14 17:01:51,502 [grpc-default-executor-2] INFO  impl.RaftServerImpl (ServerState.java:setRaftConf(356)) - 1c9bc0ef-9cc5-4deb-86e3-073d94f38b24@group-8EE1479002D7: set configuration 0: [1c9bc0ef-9cc5-4deb-86e3-073d94f38b24:172.17.0.2:35495, c846c64a-6128-4a8c-b73b-206f455bdaa9:172.17.0.2:34083, d0082a59-cec4-4d0d-b5ec-17bb4baf1ccb:172.17.0.2:41989], old=null at 0
2020-05-14 17:01:51,504 [grpc-default-executor-2] INFO  segmented.SegmentedRaftLogWorker (SegmentedRaftLogWorker.java:startLogSegment(391)) - 1c9bc0ef-9cc5-4deb-86e3-073d94f38b24@group-8EE1479002D7-SegmentedRaftLogWorker: Starting segment from index:0
2020-05-14 17:01:51,506 [1c9bc0ef-9cc5-4deb-86e3-073d94f38b24@group-8EE1479002D7-SegmentedRaftLogWorker] INFO  segmented.SegmentedRaftLogWorker (SegmentedRaftLogWorker.java:execute(583)) - 1c9bc0ef-9cc5-4deb-86e3-073d94f38b24@group-8EE1479002D7-SegmentedRaftLogWorker: created new log segment /github/workspace/mnt/ozone/hadoop-ozone/integration-test/target/test-dir/MiniOzoneClusterImpl-74c77172-b6ee-4862-b69e-2f993b882c4c/datanode-2/data/ratis/236c191c-431d-416a-801b-8ee1479002d7/current/log_inprogress_0
2020-05-14 17:01:51,510 [grpc-default-executor-0] INFO  impl.RaftServerImpl (ServerState.java:setRaftConf(356)) - c846c64a-6128-4a8c-b73b-206f455bdaa9@group-8EE1479002D7: set configuration 0: [1c9bc0ef-9cc5-4deb-86e3-073d94f38b24:172.17.0.2:35495, c846c64a-6128-4a8c-b73b-206f455bdaa9:172.17.0.2:34083, d0082a59-cec4-4d0d-b5ec-17bb4baf1ccb:172.17.0.2:41989], old=null at 0
2020-05-14 17:01:51,511 [grpc-default-executor-0] INFO  segmented.SegmentedRaftLogWorker (SegmentedRaftLogWorker.java:startLogSegment(391)) - c846c64a-6128-4a8c-b73b-206f455bdaa9@group-8EE1479002D7-SegmentedRaftLogWorker: Starting segment from index:0
2020-05-14 17:01:51,512 [c846c64a-6128-4a8c-b73b-206f455bdaa9@group-8EE1479002D7-SegmentedRaftLogWorker] INFO  segmented.SegmentedRaftLogWorker (SegmentedRaftLogWorker.java:execute(583)) - c846c64a-6128-4a8c-b73b-206f455bdaa9@group-8EE1479002D7-SegmentedRaftLogWorker: created new log segment /github/workspace/mnt/ozone/hadoop-ozone/integration-test/target/test-dir/MiniOzoneClusterImpl-74c77172-b6ee-4862-b69e-2f993b882c4c/datanode-0/data/ratis/236c191c-431d-416a-801b-8ee1479002d7/current/log_inprogress_0
2020-05-14 17:01:52,050 [Listener at 127.0.0.1/45119] INFO  ozone.MiniOzoneClusterImpl (MiniOzoneClusterImpl.java:lambda$waitForClusterToBeReady$0(177)) - Nodes are ready. Got 3 of 3 DN Heartbeats.
2020-05-14 17:01:52,050 [Listener at 127.0.0.1/45119] INFO  ozone.MiniOzoneClusterImpl (MiniOzoneClusterImpl.java:lambda$waitForClusterToBeReady$0(180)) - Cluster exits safe mode
2020-05-14 17:01:52,586 [Listener at 127.0.0.1/45119] INFO  rpc.RpcClient (RpcClient.java:createVolume(308)) - Creating Volume: watchforcommithandlingtest, with jenkins1001 as owner.
2020-05-14 17:01:52,649 [IPC Server handler 5 on default port 45119] INFO  volume.OMVolumeCreateRequest (OMVolumeCreateRequest.java:validateAndUpdateCache(208)) - created volume:watchforcommithandlingtest for user:jenkins1001
2020-05-14 17:01:52,670 [Listener at 127.0.0.1/45119] INFO  rpc.RpcClient (RpcClient.java:createBucket(448)) - Creating Bucket: watchforcommithandlingtest/watchforcommithandlingtest, with Versioning false and Storage Type set to DISK and Encryption set to false 
2020-05-14 17:01:52,683 [Listener at 127.0.0.1/45119] INFO  ozone.MiniOzoneClusterImpl (MiniOzoneClusterImpl.java:getStorageContainerLocationClient(289)) - Creating StorageContainerLocationProtocol RPC client with address /0.0.0.0:35369
2020-05-14 17:01:52,714 [Listener at 127.0.0.1/45119] INFO  impl.MetricsSystemImpl (MetricsSystemImpl.java:init(158)) - XceiverClientMetrics metrics system started (again)
2020-05-14 17:01:54,402 [EventQueue-Delayed safe mode statusForReplicationManager] INFO  container.ReplicationManager (ReplicationManager.java:start(167)) - Starting Replication Monitor Thread.
2020-05-14 17:01:54,406 [ReplicationMonitor] INFO  container.ReplicationManager (ReplicationManager.java:run(230)) - Replication Monitor Thread took 3 milliseconds for processing 1 containers.
2020-05-14 17:01:54,492 [java.util.concurrent.ThreadPoolExecutor$Worker@19e7ca27[State = -1, empty queue]] WARN  server.GrpcLogAppender (GrpcLogAppender.java:timeoutAppendRequest(213)) - d0082a59-cec4-4d0d-b5ec-17bb4baf1ccb@group-8EE1479002D7->1c9bc0ef-9cc5-4deb-86e3-073d94f38b24-GrpcLogAppender:  appendEntries Timeout, request=AppendEntriesRequest:cid=1,entriesCount=1,lastEntry=(t:1, i:0)
2020-05-14 17:01:55,839 [java.util.concurrent.ThreadPoolExecutor$Worker@19e7ca27[State = -1, empty queue]] WARN  server.GrpcLogAppender (GrpcLogAppender.java:timeoutAppendRequest(213)) - d0082a59-cec4-4d0d-b5ec-17bb4baf1ccb@group-8EE1479002D7->1c9bc0ef-9cc5-4deb-86e3-073d94f38b24-GrpcLogAppender:  appendEntries Timeout, request=AppendEntriesRequest:cid=2,entriesCount=1,lastEntry=(t:1, i:1)
2020-05-14 17:01:55,857 [java.util.concurrent.ThreadPoolExecutor$Worker@19e7ca27[State = -1, empty queue]] WARN  server.GrpcLogAppender (GrpcLogAppender.java:timeoutAppendRequest(213)) - d0082a59-cec4-4d0d-b5ec-17bb4baf1ccb@group-8EE1479002D7->1c9bc0ef-9cc5-4deb-86e3-073d94f38b24-GrpcLogAppender:  appendEntries Timeout, request=AppendEntriesRequest:cid=3,entriesCount=1,lastEntry=(t:1, i:2)
2020-05-14 17:01:55,970 [Datanode State Machine Thread - 0] INFO  statemachine.DatanodeStateMachine (DatanodeStateMachine.java:lambda$startDaemon$0(376)) - Ozone container server started.
2020-05-14 17:02:00,373 [Listener at 127.0.0.1/45119] INFO  ozoneimpl.OzoneContainer (OzoneContainer.java:stop(246)) - Attempting to stop container services.
2020-05-14 17:02:00,374 [Listener at 127.0.0.1/45119] INFO  impl.RaftServerProxy (RaftServerProxy.java:lambda$close$4(314)) - c846c64a-6128-4a8c-b73b-206f455bdaa9: close
2020-05-14 17:02:00,375 [Listener at 127.0.0.1/45119] INFO  impl.RaftServerImpl (RaftServerImpl.java:lambda$shutdown$3(250)) - c846c64a-6128-4a8c-b73b-206f455bdaa9@group-8EE1479002D7: shutdown
2020-05-14 17:02:00,375 [Listener at 127.0.0.1/45119] INFO  util.JmxRegister (JmxRegister.java:unregister(73)) - Successfully un-registered JMX Bean with object name Ratis:service=RaftServer,group=group-8EE1479002D7,id=c846c64a-6128-4a8c-b73b-206f455bdaa9
2020-05-14 17:02:00,376 [Listener at 127.0.0.1/45119] INFO  impl.RoleInfo (RoleInfo.java:shutdownFollowerState(121)) - c846c64a-6128-4a8c-b73b-206f455bdaa9: shutdown FollowerState
2020-05-14 17:02:00,376 [Listener at 127.0.0.1/45119] INFO  impl.StateMachineUpdater (StateMachineUpdater.java:stopAndJoin(142)) - c846c64a-6128-4a8c-b73b-206f455bdaa9@group-8EE1479002D7-StateMachineUpdater: set stopIndex = 2
2020-05-14 17:02:00,376 [Thread-202] INFO  impl.FollowerState (FollowerState.java:run(117)) - c846c64a-6128-4a8c-b73b-206f455bdaa9@group-8EE1479002D7-FollowerState was interrupted: java.lang.InterruptedException: sleep interrupted
2020-05-14 17:02:00,377 [c846c64a-6128-4a8c-b73b-206f455bdaa9@group-8EE1479002D7-StateMachineUpdater] INFO  ratis.ContainerStateMachine (ContainerStateMachine.java:takeSnapshot(288)) - group-8EE1479002D7: Taking a snapshot at:(t:1, i:2) file /github/workspace/mnt/ozone/hadoop-ozone/integration-test/target/test-dir/MiniOzoneClusterImpl-74c77172-b6ee-4862-b69e-2f993b882c4c/datanode-0/data/ratis/236c191c-431d-416a-801b-8ee1479002d7/sm/snapshot.1_2
2020-05-14 17:02:00,503 [c846c64a-6128-4a8c-b73b-206f455bdaa9@group-8EE1479002D7-StateMachineUpdater] INFO  ratis.ContainerStateMachine (ContainerStateMachine.java:takeSnapshot(299)) - group-8EE1479002D7: Finished taking a snapshot at:(t:1, i:2) file:/github/workspace/mnt/ozone/hadoop-ozone/integration-test/target/test-dir/MiniOzoneClusterImpl-74c77172-b6ee-4862-b69e-2f993b882c4c/datanode-0/data/ratis/236c191c-431d-416a-801b-8ee1479002d7/sm/snapshot.1_2 time:126
2020-05-14 17:02:00,504 [c846c64a-6128-4a8c-b73b-206f455bdaa9@group-8EE1479002D7-StateMachineUpdater] INFO  impl.StateMachineUpdater (StateMachineUpdater.java:takeSnapshot(277)) - c846c64a-6128-4a8c-b73b-206f455bdaa9@group-8EE1479002D7-StateMachineUpdater: Took a snapshot at index 2
2020-05-14 17:02:00,505 [c846c64a-6128-4a8c-b73b-206f455bdaa9@group-8EE1479002D7-StateMachineUpdater] INFO  impl.StateMachineUpdater (StateMachineUpdater.java:lambda$new$0(87)) - c846c64a-6128-4a8c-b73b-206f455bdaa9@group-8EE1479002D7-StateMachineUpdater: snapshotIndex: updateIncreasingly -1 -> 2
2020-05-14 17:02:00,509 [c846c64a-6128-4a8c-b73b-206f455bdaa9@group-8EE1479002D7-StateMachineUpdater] INFO  metrics.RatisMetrics (RatisMetrics.java:unregister(46)) - Unregistering Metrics Registry : ratis.state_machine.c846c64a-6128-4a8c-b73b-206f455bdaa9@group-8EE1479002D7
2020-05-14 17:02:00,509 [Listener at 127.0.0.1/45119] INFO  impl.RaftServerImpl (ServerState.java:close(387)) - c846c64a-6128-4a8c-b73b-206f455bdaa9@group-8EE1479002D7: closes. applyIndex: 2
2020-05-14 17:02:00,511 [c846c64a-6128-4a8c-b73b-206f455bdaa9@group-8EE1479002D7-SegmentedRaftLogWorker] INFO  segmented.SegmentedRaftLogWorker (SegmentedRaftLogWorker.java:run(321)) - c846c64a-6128-4a8c-b73b-206f455bdaa9@group-8EE1479002D7-SegmentedRaftLogWorker was interrupted, exiting. There are 0 tasks remaining in the queue.
2020-05-14 17:02:00,513 [Listener at 127.0.0.1/45119] INFO  segmented.SegmentedRaftLogWorker (SegmentedRaftLogWorker.java:close(229)) - c846c64a-6128-4a8c-b73b-206f455bdaa9@group-8EE1479002D7-SegmentedRaftLogWorker close()
2020-05-14 17:02:00,515 [Listener at 127.0.0.1/45119] INFO  metrics.RatisMetrics (RatisMetrics.java:unregister(46)) - Unregistering Metrics Registry : ratis.log_worker.c846c64a-6128-4a8c-b73b-206f455bdaa9
2020-05-14 17:02:00,515 [Listener at 127.0.0.1/45119] INFO  metrics.RatisMetrics (RatisMetrics.java:unregister(46)) - Unregistering Metrics Registry : ratis.leader_election.c846c64a-6128-4a8c-b73b-206f455bdaa9@group-8EE1479002D7
2020-05-14 17:02:00,516 [Listener at 127.0.0.1/45119] INFO  metrics.RatisMetrics (RatisMetrics.java:unregister(46)) - Unregistering Metrics Registry : ratis.server.c846c64a-6128-4a8c-b73b-206f455bdaa9@group-8EE1479002D7
2020-05-14 17:02:00,519 [Listener at 127.0.0.1/45119] INFO  impl.RaftServerImpl (RaftServerImpl.java:lambda$shutdown$3(250)) - c846c64a-6128-4a8c-b73b-206f455bdaa9@group-C5DEC543DD1D: shutdown
2020-05-14 17:02:00,519 [Listener at 127.0.0.1/45119] INFO  util.JmxRegister (JmxRegister.java:unregister(73)) - Successfully un-registered JMX Bean with object name Ratis:service=RaftServer,group=group-C5DEC543DD1D,id=c846c64a-6128-4a8c-b73b-206f455bdaa9
2020-05-14 17:02:00,519 [Listener at 127.0.0.1/45119] INFO  impl.RoleInfo (RoleInfo.java:shutdownLeaderState(104)) - c846c64a-6128-4a8c-b73b-206f455bdaa9: shutdown LeaderState
2020-05-14 17:02:00,520 [Listener at 127.0.0.1/45119] INFO  impl.PendingRequests (PendingRequests.java:sendNotLeaderResponses(242)) - c846c64a-6128-4a8c-b73b-206f455bdaa9@group-C5DEC543DD1D-PendingRequests: sendNotLeaderResponses
2020-05-14 17:02:00,523 [Listener at 127.0.0.1/45119] INFO  metrics.RatisMetrics (RatisMetrics.java:unregister(46)) - Unregistering Metrics Registry : ratis.log_appender.c846c64a-6128-4a8c-b73b-206f455bdaa9@group-C5DEC543DD1D
2020-05-14 17:02:00,523 [Listener at 127.0.0.1/45119] INFO  impl.StateMachineUpdater (StateMachineUpdater.java:stopAndJoin(142)) - c846c64a-6128-4a8c-b73b-206f455bdaa9@group-C5DEC543DD1D-StateMachineUpdater: set stopIndex = 0
2020-05-14 17:02:00,523 [c846c64a-6128-4a8c-b73b-206f455bdaa9@group-C5DEC543DD1D-StateMachineUpdater] INFO  ratis.ContainerStateMachine (ContainerStateMachine.java:takeSnapshot(288)) - group-C5DEC543DD1D: Taking a snapshot at:(t:1, i:0) file /github/workspace/mnt/ozone/hadoop-ozone/integration-test/target/test-dir/MiniOzoneClusterImpl-74c77172-b6ee-4862-b69e-2f993b882c4c/datanode-0/data/ratis/acdd71b9-32c2-4618-b4e1-c5dec543dd1d/sm/snapshot.1_0
2020-05-14 17:02:00,525 [c846c64a-6128-4a8c-b73b-206f455bdaa9@group-C5DEC543DD1D-StateMachineUpdater] INFO  ratis.ContainerStateMachine (ContainerStateMachine.java:takeSnapshot(299)) - group-C5DEC543DD1D: Finished taking a snapshot at:(t:1, i:0) file:/github/workspace/mnt/ozone/hadoop-ozone/integration-test/target/test-dir/MiniOzoneClusterImpl-74c77172-b6ee-4862-b69e-2f993b882c4c/datanode-0/data/ratis/acdd71b9-32c2-4618-b4e1-c5dec543dd1d/sm/snapshot.1_0 time:1
2020-05-14 17:02:00,525 [c846c64a-6128-4a8c-b73b-206f455bdaa9@group-C5DEC543DD1D-StateMachineUpdater] INFO  impl.StateMachineUpdater (StateMachineUpdater.java:takeSnapshot(277)) - c846c64a-6128-4a8c-b73b-206f455bdaa9@group-C5DEC543DD1D-StateMachineUpdater: Took a snapshot at index 0
2020-05-14 17:02:00,525 [c846c64a-6128-4a8c-b73b-206f455bdaa9@group-C5DEC543DD1D-StateMachineUpdater] INFO  impl.StateMachineUpdater (StateMachineUpdater.java:lambda$new$0(87)) - c846c64a-6128-4a8c-b73b-206f455bdaa9@group-C5DEC543DD1D-StateMachineUpdater: snapshotIndex: updateIncreasingly -1 -> 0
2020-05-14 17:02:00,525 [c846c64a-6128-4a8c-b73b-206f455bdaa9@group-C5DEC543DD1D-StateMachineUpdater] INFO  metrics.RatisMetrics (RatisMetrics.java:unregister(46)) - Unregistering Metrics Registry : ratis.state_machine.c846c64a-6128-4a8c-b73b-206f455bdaa9@group-C5DEC543DD1D
2020-05-14 17:02:00,525 [Listener at 127.0.0.1/45119] INFO  impl.RaftServerImpl (ServerState.java:close(387)) - c846c64a-6128-4a8c-b73b-206f455bdaa9@group-C5DEC543DD1D: closes. applyIndex: 0
2020-05-14 17:02:00,526 [c846c64a-6128-4a8c-b73b-206f455bdaa9@group-C5DEC543DD1D-SegmentedRaftLogWorker] INFO  segmented.SegmentedRaftLogWorker (SegmentedRaftLogWorker.java:run(321)) - c846c64a-6128-4a8c-b73b-206f455bdaa9@group-C5DEC543DD1D-SegmentedRaftLogWorker was interrupted, exiting. There are 0 tasks remaining in the queue.
2020-05-14 17:02:00,526 [Listener at 127.0.0.1/45119] INFO  segmented.SegmentedRaftLogWorker (SegmentedRaftLogWorker.java:close(229)) - c846c64a-6128-4a8c-b73b-206f455bdaa9@group-C5DEC543DD1D-SegmentedRaftLogWorker close()
2020-05-14 17:02:00,527 [Listener at 127.0.0.1/45119] INFO  metrics.RatisMetrics (RatisMetrics.java:unregister(46)) - Unregistering Metrics Registry : ratis.log_worker.c846c64a-6128-4a8c-b73b-206f455bdaa9
2020-05-14 17:02:00,527 [Listener at 127.0.0.1/45119] INFO  metrics.RatisMetrics (RatisMetrics.java:unregister(46)) - Unregistering Metrics Registry : ratis.leader_election.c846c64a-6128-4a8c-b73b-206f455bdaa9@group-C5DEC543DD1D
2020-05-14 17:02:00,527 [Listener at 127.0.0.1/45119] INFO  metrics.RatisMetrics (RatisMetrics.java:unregister(46)) - Unregistering Metrics Registry : ratis.server.c846c64a-6128-4a8c-b73b-206f455bdaa9@group-C5DEC543DD1D
2020-05-14 17:02:00,528 [Listener at 127.0.0.1/45119] INFO  server.GrpcService (GrpcService.java:closeImpl(165)) - c846c64a-6128-4a8c-b73b-206f455bdaa9: shutdown server with port 34083 now
2020-05-14 17:02:00,533 [grpc-default-executor-1] WARN  server.GrpcServerProtocolService (LogUtils.java:warn(122)) - c846c64a-6128-4a8c-b73b-206f455bdaa9: installSnapshot onError, lastRequest: d0082a59-cec4-4d0d-b5ec-17bb4baf1ccb->c846c64a-6128-4a8c-b73b-206f455bdaa9#3-t1, previous=(t:1, i:1), leaderCommit=1, initializing? false, entries: size=1, first=(t:1, i:2), METADATAENTRY(c:1): org.apache.ratis.thirdparty.io.grpc.StatusRuntimeException: CANCELLED: cancelled before receiving half close
2020-05-14 17:02:00,534 [Listener at 127.0.0.1/45119] INFO  server.GrpcService (GrpcService.java:closeImpl(173)) - c846c64a-6128-4a8c-b73b-206f455bdaa9: shutdown server with port 34083 successfully
2020-05-14 17:02:00,541 [grpc-default-executor-1] WARN  server.GrpcLogAppender (LogUtils.java:warn(122)) - d0082a59-cec4-4d0d-b5ec-17bb4baf1ccb@group-8EE1479002D7->c846c64a-6128-4a8c-b73b-206f455bdaa9-AppendLogResponseHandler: Failed appendEntries: org.apache.ratis.thirdparty.io.grpc.StatusRuntimeException: CANCELLED: HTTP/2 error code: CANCEL
Received Rst Stream
2020-05-14 17:02:00,544 [grpc-default-executor-1] INFO  impl.FollowerInfo (FollowerInfo.java:lambda$new$0(50)) - d0082a59-cec4-4d0d-b5ec-17bb4baf1ccb@group-8EE1479002D7->c846c64a-6128-4a8c-b73b-206f455bdaa9: nextIndex: updateUnconditionally 3 -> 2
2020-05-14 17:02:00,547 [Listener at 127.0.0.1/45119] INFO  utils.BackgroundService (BackgroundService.java:shutdown(157)) - Shutting down service BlockDeletingService
2020-05-14 17:02:00,548 [Listener at 127.0.0.1/45119] INFO  statemachine.DatanodeStateMachine (DatanodeStateMachine.java:stopDaemon(424)) - Ozone container server stopped.
2020-05-14 17:02:00,555 [Listener at 127.0.0.1/45119] INFO  handler.ContextHandler (ContextHandler.java:doStop(1016)) - Stopped o.e.j.w.WebAppContext@218dd55c{hddsDatanode,/,null,UNAVAILABLE}{jar:file:/home/user/.m2/repository/org/apache/hadoop/hadoop-hdds-container-service/0.6.0-SNAPSHOT/hadoop-hdds-container-service-0.6.0-SNAPSHOT.jar!/webapps/hddsDatanode}
2020-05-14 17:02:00,560 [Listener at 127.0.0.1/45119] INFO  server.AbstractConnector (AbstractConnector.java:doStop(380)) - Stopped ServerConnector@521d13fc{HTTP/1.1,[http/1.1]}{0.0.0.0:0}
2020-05-14 17:02:00,560 [Listener at 127.0.0.1/45119] INFO  server.session (HouseKeeper.java:stopScavenging(158)) - node0 Stopped scavenging
2020-05-14 17:02:00,560 [Listener at 127.0.0.1/45119] INFO  handler.ContextHandler (ContextHandler.java:doStop(1016)) - Stopped o.e.j.s.ServletContextHandler@66d3318a{static,/static,jar:file:/home/user/.m2/repository/org/apache/hadoop/hadoop-hdds-container-service/0.6.0-SNAPSHOT/hadoop-hdds-container-service-0.6.0-SNAPSHOT.jar!/webapps/static,UNAVAILABLE}
2020-05-14 17:02:00,560 [Listener at 127.0.0.1/45119] INFO  handler.ContextHandler (ContextHandler.java:doStop(1016)) - Stopped o.e.j.s.ServletContextHandler@5617e94b{logs,/logs,file:///github/workspace/mnt/ozone/hadoop-ozone/integration-test/target/log,UNAVAILABLE}
2020-05-14 17:02:00,577 [grpc-default-executor-2] WARN  server.GrpcLogAppender (LogUtils.java:warn(122)) - d0082a59-cec4-4d0d-b5ec-17bb4baf1ccb@group-8EE1479002D7->c846c64a-6128-4a8c-b73b-206f455bdaa9-AppendLogResponseHandler: Failed appendEntries: org.apache.ratis.thirdparty.io.grpc.StatusRuntimeException: UNAVAILABLE: io exception
2020-05-14 17:02:00,588 [grpc-default-executor-2] INFO  impl.FollowerInfo (FollowerInfo.java:lambda$new$0(50)) - d0082a59-cec4-4d0d-b5ec-17bb4baf1ccb@group-8EE1479002D7->c846c64a-6128-4a8c-b73b-206f455bdaa9: nextIndex: updateUnconditionally 3 -> 2
2020-05-14 17:02:03,077 [grpc-default-executor-1] WARN  server.GrpcLogAppender (LogUtils.java:warn(122)) - d0082a59-cec4-4d0d-b5ec-17bb4baf1ccb@group-8EE1479002D7->c846c64a-6128-4a8c-b73b-206f455bdaa9-AppendLogResponseHandler: Failed appendEntries: org.apache.ratis.thirdparty.io.grpc.StatusRuntimeException: UNAVAILABLE: io exception
2020-05-14 17:02:03,078 [grpc-default-executor-1] INFO  impl.FollowerInfo (FollowerInfo.java:lambda$new$0(50)) - d0082a59-cec4-4d0d-b5ec-17bb4baf1ccb@group-8EE1479002D7->c846c64a-6128-4a8c-b73b-206f455bdaa9: nextIndex: updateUnconditionally 3 -> 2
2020-05-14 17:02:03,568 [java.util.concurrent.ThreadPoolExecutor$Worker@19e7ca27[State = -1, empty queue]] WARN  server.GrpcLogAppender (GrpcLogAppender.java:timeoutAppendRequest(213)) - d0082a59-cec4-4d0d-b5ec-17bb4baf1ccb@group-8EE1479002D7->1c9bc0ef-9cc5-4deb-86e3-073d94f38b24-GrpcLogAppender:  appendEntries Timeout, request=AppendEntriesRequest:cid=7,entriesCount=1,lastEntry=(t:1, i:3)
2020-05-14 17:02:05,581 [grpc-default-executor-1] WARN  server.GrpcLogAppender (LogUtils.java:warn(122)) - d0082a59-cec4-4d0d-b5ec-17bb4baf1ccb@group-8EE1479002D7->c846c64a-6128-4a8c-b73b-206f455bdaa9-AppendLogResponseHandler: Failed appendEntries: org.apache.ratis.thirdparty.io.grpc.StatusRuntimeException: UNAVAILABLE: io exception
2020-05-14 17:02:05,589 [grpc-default-executor-1] INFO  impl.FollowerInfo (FollowerInfo.java:lambda$new$0(50)) - d0082a59-cec4-4d0d-b5ec-17bb4baf1ccb@group-8EE1479002D7->c846c64a-6128-4a8c-b73b-206f455bdaa9: nextIndex: updateUnconditionally 3 -> 2
2020-05-14 17:02:08,094 [grpc-default-executor-0] WARN  server.GrpcLogAppender (LogUtils.java:warn(122)) - d0082a59-cec4-4d0d-b5ec-17bb4baf1ccb@group-8EE1479002D7->c846c64a-6128-4a8c-b73b-206f455bdaa9-AppendLogResponseHandler: Failed appendEntries: org.apache.ratis.thirdparty.io.grpc.StatusRuntimeException: UNAVAILABLE: io exception
2020-05-14 17:02:08,104 [grpc-default-executor-0] INFO  impl.FollowerInfo (FollowerInfo.java:lambda$new$0(50)) - d0082a59-cec4-4d0d-b5ec-17bb4baf1ccb@group-8EE1479002D7->c846c64a-6128-4a8c-b73b-206f455bdaa9: nextIndex: updateUnconditionally 3 -> 2
2020-05-14 17:02:10,594 [grpc-default-executor-2] WARN  server.GrpcLogAppender (LogUtils.java:warn(122)) - d0082a59-cec4-4d0d-b5ec-17bb4baf1ccb@group-8EE1479002D7->c846c64a-6128-4a8c-b73b-206f455bdaa9-AppendLogResponseHandler: Failed appendEntries: org.apache.ratis.thirdparty.io.grpc.StatusRuntimeException: UNAVAILABLE: io exception
2020-05-14 17:02:10,595 [grpc-default-executor-2] INFO  impl.FollowerInfo (FollowerInfo.java:lambda$new$0(50)) - d0082a59-cec4-4d0d-b5ec-17bb4baf1ccb@group-8EE1479002D7->c846c64a-6128-4a8c-b73b-206f455bdaa9: nextIndex: updateUnconditionally 3 -> 2
2020-05-14 17:02:13,097 [grpc-default-executor-0] WARN  server.GrpcLogAppender (LogUtils.java:warn(122)) - d0082a59-cec4-4d0d-b5ec-17bb4baf1ccb@group-8EE1479002D7->c846c64a-6128-4a8c-b73b-206f455bdaa9-AppendLogResponseHandler: Failed appendEntries: org.apache.ratis.thirdparty.io.grpc.StatusRuntimeException: UNAVAILABLE: io exception
2020-05-14 17:02:13,098 [grpc-default-executor-0] INFO  impl.FollowerInfo (FollowerInfo.java:lambda$new$0(50)) - d0082a59-cec4-4d0d-b5ec-17bb4baf1ccb@group-8EE1479002D7->c846c64a-6128-4a8c-b73b-206f455bdaa9: nextIndex: updateUnconditionally 3 -> 2
2020-05-14 17:02:15,602 [grpc-default-executor-2] WARN  server.GrpcLogAppender (LogUtils.java:warn(122)) - d0082a59-cec4-4d0d-b5ec-17bb4baf1ccb@group-8EE1479002D7->c846c64a-6128-4a8c-b73b-206f455bdaa9-AppendLogResponseHandler: Failed appendEntries: org.apache.ratis.thirdparty.io.grpc.StatusRuntimeException: UNAVAILABLE: io exception
2020-05-14 17:02:15,605 [grpc-default-executor-2] INFO  impl.FollowerInfo (FollowerInfo.java:lambda$new$0(50)) - d0082a59-cec4-4d0d-b5ec-17bb4baf1ccb@group-8EE1479002D7->c846c64a-6128-4a8c-b73b-206f455bdaa9: nextIndex: updateUnconditionally 3 -> 2
2020-05-14 17:02:18,104 [grpc-default-executor-0] WARN  server.GrpcLogAppender (LogUtils.java:warn(122)) - d0082a59-cec4-4d0d-b5ec-17bb4baf1ccb@group-8EE1479002D7->c846c64a-6128-4a8c-b73b-206f455bdaa9-AppendLogResponseHandler: Failed appendEntries: org.apache.ratis.thirdparty.io.grpc.StatusRuntimeException: UNAVAILABLE: io exception
2020-05-14 17:02:18,105 [grpc-default-executor-0] INFO  impl.FollowerInfo (FollowerInfo.java:lambda$new$0(50)) - d0082a59-cec4-4d0d-b5ec-17bb4baf1ccb@group-8EE1479002D7->c846c64a-6128-4a8c-b73b-206f455bdaa9: nextIndex: updateUnconditionally 3 -> 2
2020-05-14 17:02:20,607 [grpc-default-executor-0] WARN  server.GrpcLogAppender (LogUtils.java:warn(122)) - d0082a59-cec4-4d0d-b5ec-17bb4baf1ccb@group-8EE1479002D7->c846c64a-6128-4a8c-b73b-206f455bdaa9-AppendLogResponseHandler: Failed appendEntries: org.apache.ratis.thirdparty.io.grpc.StatusRuntimeException: UNAVAILABLE: io exception
2020-05-14 17:02:20,608 [grpc-default-executor-0] INFO  impl.FollowerInfo (FollowerInfo.java:lambda$new$0(50)) - d0082a59-cec4-4d0d-b5ec-17bb4baf1ccb@group-8EE1479002D7->c846c64a-6128-4a8c-b73b-206f455bdaa9: nextIndex: updateUnconditionally 3 -> 2
2020-05-14 17:02:23,114 [grpc-default-executor-0] WARN  server.GrpcLogAppender (LogUtils.java:warn(122)) - d0082a59-cec4-4d0d-b5ec-17bb4baf1ccb@group-8EE1479002D7->c846c64a-6128-4a8c-b73b-206f455bdaa9-AppendLogResponseHandler: Failed appendEntries: org.apache.ratis.thirdparty.io.grpc.StatusRuntimeException: UNAVAILABLE: io exception
2020-05-14 17:02:23,116 [grpc-default-executor-0] INFO  impl.FollowerInfo (FollowerInfo.java:lambda$new$0(50)) - d0082a59-cec4-4d0d-b5ec-17bb4baf1ccb@group-8EE1479002D7->c846c64a-6128-4a8c-b73b-206f455bdaa9: nextIndex: updateUnconditionally 2 -> 1
2020-05-14 17:02:23,119 [grpc-default-executor-2] WARN  server.GrpcLogAppender (LogUtils.java:warn(122)) - d0082a59-cec4-4d0d-b5ec-17bb4baf1ccb@group-8EE1479002D7->c846c64a-6128-4a8c-b73b-206f455bdaa9-AppendLogResponseHandler: Failed appendEntries: org.apache.ratis.thirdparty.io.grpc.StatusRuntimeException: UNAVAILABLE: io exception
2020-05-14 17:02:23,121 [grpc-default-executor-2] INFO  impl.FollowerInfo (FollowerInfo.java:lambda$new$0(50)) - d0082a59-cec4-4d0d-b5ec-17bb4baf1ccb@group-8EE1479002D7->c846c64a-6128-4a8c-b73b-206f455bdaa9: nextIndex: updateUnconditionally 2 -> 1
2020-05-14 17:02:25,623 [grpc-default-executor-0] WARN  server.GrpcLogAppender (LogUtils.java:warn(122)) - d0082a59-cec4-4d0d-b5ec-17bb4baf1ccb@group-8EE1479002D7->c846c64a-6128-4a8c-b73b-206f455bdaa9-AppendLogResponseHandler: Failed appendEntries: org.apache.ratis.thirdparty.io.grpc.StatusRuntimeException: UNAVAILABLE: io exception
2020-05-14 17:02:25,625 [grpc-default-executor-0] INFO  impl.FollowerInfo (FollowerInfo.java:lambda$new$0(50)) - d0082a59-cec4-4d0d-b5ec-17bb4baf1ccb@group-8EE1479002D7->c846c64a-6128-4a8c-b73b-206f455bdaa9: nextIndex: updateUnconditionally 2 -> 1
2020-05-14 17:02:28,130 [grpc-default-executor-0] WARN  server.GrpcLogAppender (LogUtils.java:warn(122)) - d0082a59-cec4-4d0d-b5ec-17bb4baf1ccb@group-8EE1479002D7->c846c64a-6128-4a8c-b73b-206f455bdaa9-AppendLogResponseHandler: Failed appendEntries: org.apache.ratis.thirdparty.io.grpc.StatusRuntimeException: UNAVAILABLE: io exception
2020-05-14 17:02:28,131 [grpc-default-executor-0] INFO  impl.FollowerInfo (FollowerInfo.java:lambda$new$0(50)) - d0082a59-cec4-4d0d-b5ec-17bb4baf1ccb@group-8EE1479002D7->c846c64a-6128-4a8c-b73b-206f455bdaa9: nextIndex: updateUnconditionally 1 -> 0
2020-05-14 17:02:28,135 [grpc-default-executor-2] WARN  server.GrpcLogAppender (LogUtils.java:warn(122)) - d0082a59-cec4-4d0d-b5ec-17bb4baf1ccb@group-8EE1479002D7->c846c64a-6128-4a8c-b73b-206f455bdaa9-AppendLogResponseHandler: Failed appendEntries: org.apache.ratis.thirdparty.io.grpc.StatusRuntimeException: UNAVAILABLE: io exception
2020-05-14 17:02:28,137 [grpc-default-executor-2] INFO  impl.FollowerInfo (FollowerInfo.java:lambda$new$0(50)) - d0082a59-cec4-4d0d-b5ec-17bb4baf1ccb@group-8EE1479002D7->c846c64a-6128-4a8c-b73b-206f455bdaa9: nextIndex: updateUnconditionally 1 -> 0
2020-05-14 17:02:30,640 [grpc-default-executor-0] WARN  server.GrpcLogAppender (LogUtils.java:warn(122)) - d0082a59-cec4-4d0d-b5ec-17bb4baf1ccb@group-8EE1479002D7->c846c64a-6128-4a8c-b73b-206f455bdaa9-AppendLogResponseHandler: Failed appendEntries: org.apache.ratis.thirdparty.io.grpc.StatusRuntimeException: UNAVAILABLE: io exception
2020-05-14 17:02:30,642 [grpc-default-executor-0] INFO  impl.FollowerInfo (FollowerInfo.java:lambda$new$0(50)) - d0082a59-cec4-4d0d-b5ec-17bb4baf1ccb@group-8EE1479002D7->c846c64a-6128-4a8c-b73b-206f455bdaa9: nextIndex: updateUnconditionally 1 -> 0
2020-05-14 17:02:33,143 [grpc-default-executor-2] WARN  server.GrpcLogAppender (LogUtils.java:warn(122)) - d0082a59-cec4-4d0d-b5ec-17bb4baf1ccb@group-8EE1479002D7->c846c64a-6128-4a8c-b73b-206f455bdaa9-AppendLogResponseHandler: Failed appendEntries: org.apache.ratis.thirdparty.io.grpc.StatusRuntimeException: UNAVAILABLE: io exception
2020-05-14 17:02:33,145 [grpc-default-executor-2] INFO  impl.FollowerInfo (FollowerInfo.java:lambda$new$0(50)) - d0082a59-cec4-4d0d-b5ec-17bb4baf1ccb@group-8EE1479002D7->c846c64a-6128-4a8c-b73b-206f455bdaa9: nextIndex: updateUnconditionally 1 -> 0
2020-05-14 17:02:35,646 [grpc-default-executor-0] WARN  server.GrpcLogAppender (LogUtils.java:warn(122)) - d0082a59-cec4-4d0d-b5ec-17bb4baf1ccb@group-8EE1479002D7->c846c64a-6128-4a8c-b73b-206f455bdaa9-AppendLogResponseHandler: Failed appendEntries: org.apache.ratis.thirdparty.io.grpc.StatusRuntimeException: UNAVAILABLE: io exception
2020-05-14 17:02:35,647 [grpc-default-executor-0] INFO  impl.FollowerInfo (FollowerInfo.java:lambda$new$0(50)) - d0082a59-cec4-4d0d-b5ec-17bb4baf1ccb@group-8EE1479002D7->c846c64a-6128-4a8c-b73b-206f455bdaa9: nextIndex: updateUnconditionally 1 -> 0
2020-05-14 17:02:38,153 [grpc-default-executor-0] WARN  server.GrpcLogAppender (LogUtils.java:warn(122)) - d0082a59-cec4-4d0d-b5ec-17bb4baf1ccb@group-8EE1479002D7->c846c64a-6128-4a8c-b73b-206f455bdaa9-AppendLogResponseHandler: Failed appendEntries: org.apache.ratis.thirdparty.io.grpc.StatusRuntimeException: UNAVAILABLE: io exception
2020-05-14 17:02:38,154 [grpc-default-executor-0] INFO  impl.FollowerInfo (FollowerInfo.java:lambda$new$0(50)) - d0082a59-cec4-4d0d-b5ec-17bb4baf1ccb@group-8EE1479002D7->c846c64a-6128-4a8c-b73b-206f455bdaa9: nextIndex: updateUnconditionally 1 -> 0
2020-05-14 17:02:40,656 [grpc-default-executor-2] WARN  server.GrpcLogAppender (LogUtils.java:warn(122)) - d0082a59-cec4-4d0d-b5ec-17bb4baf1ccb@group-8EE1479002D7->c846c64a-6128-4a8c-b73b-206f455bdaa9-AppendLogResponseHandler: Failed appendEntries: org.apache.ratis.thirdparty.io.grpc.StatusRuntimeException: UNAVAILABLE: io exception
2020-05-14 17:02:40,657 [grpc-default-executor-2] INFO  impl.FollowerInfo (FollowerInfo.java:lambda$new$0(50)) - d0082a59-cec4-4d0d-b5ec-17bb4baf1ccb@group-8EE1479002D7->c846c64a-6128-4a8c-b73b-206f455bdaa9: nextIndex: updateUnconditionally 1 -> 0
2020-05-14 17:02:43,166 [grpc-default-executor-0] WARN  server.GrpcLogAppender (LogUtils.java:warn(122)) - d0082a59-cec4-4d0d-b5ec-17bb4baf1ccb@group-8EE1479002D7->c846c64a-6128-4a8c-b73b-206f455bdaa9-AppendLogResponseHandler: Failed appendEntries: org.apache.ratis.thirdparty.io.grpc.StatusRuntimeException: UNAVAILABLE: io exception
2020-05-14 17:02:43,168 [grpc-default-executor-0] INFO  impl.FollowerInfo (FollowerInfo.java:lambda$new$0(50)) - d0082a59-cec4-4d0d-b5ec-17bb4baf1ccb@group-8EE1479002D7->c846c64a-6128-4a8c-b73b-206f455bdaa9: nextIndex: updateUnconditionally 1 -> 0
2020-05-14 17:02:45,673 [grpc-default-executor-1] WARN  server.GrpcLogAppender (LogUtils.java:warn(122)) - d0082a59-cec4-4d0d-b5ec-17bb4baf1ccb@group-8EE1479002D7->c846c64a-6128-4a8c-b73b-206f455bdaa9-AppendLogResponseHandler: Failed appendEntries: org.apache.ratis.thirdparty.io.grpc.StatusRuntimeException: UNAVAILABLE: io exception
2020-05-14 17:02:45,681 [grpc-default-executor-1] INFO  impl.FollowerInfo (FollowerInfo.java:lambda$new$0(50)) - d0082a59-cec4-4d0d-b5ec-17bb4baf1ccb@group-8EE1479002D7->c846c64a-6128-4a8c-b73b-206f455bdaa9: nextIndex: updateUnconditionally 1 -> 0
2020-05-14 17:02:48,175 [grpc-default-executor-1] WARN  server.GrpcLogAppender (LogUtils.java:warn(122)) - d0082a59-cec4-4d0d-b5ec-17bb4baf1ccb@group-8EE1479002D7->c846c64a-6128-4a8c-b73b-206f455bdaa9-AppendLogResponseHandler: Failed appendEntries: org.apache.ratis.thirdparty.io.grpc.StatusRuntimeException: UNAVAILABLE: io exception
2020-05-14 17:02:48,176 [grpc-default-executor-1] INFO  impl.FollowerInfo (FollowerInfo.java:lambda$new$0(50)) - d0082a59-cec4-4d0d-b5ec-17bb4baf1ccb@group-8EE1479002D7->c846c64a-6128-4a8c-b73b-206f455bdaa9: nextIndex: updateUnconditionally 1 -> 0
2020-05-14 17:02:50,681 [grpc-default-executor-1] WARN  server.GrpcLogAppender (LogUtils.java:warn(122)) - d0082a59-cec4-4d0d-b5ec-17bb4baf1ccb@group-8EE1479002D7->c846c64a-6128-4a8c-b73b-206f455bdaa9-AppendLogResponseHandler: Failed appendEntries: org.apache.ratis.thirdparty.io.grpc.StatusRuntimeException: UNAVAILABLE: io exception
2020-05-14 17:02:50,682 [grpc-default-executor-1] INFO  impl.FollowerInfo (FollowerInfo.java:lambda$new$0(50)) - d0082a59-cec4-4d0d-b5ec-17bb4baf1ccb@group-8EE1479002D7->c846c64a-6128-4a8c-b73b-206f455bdaa9: nextIndex: updateUnconditionally 1 -> 0
2020-05-14 17:02:53,187 [grpc-default-executor-2] WARN  server.GrpcLogAppender (LogUtils.java:warn(122)) - d0082a59-cec4-4d0d-b5ec-17bb4baf1ccb@group-8EE1479002D7->c846c64a-6128-4a8c-b73b-206f455bdaa9-AppendLogResponseHandler: Failed appendEntries: org.apache.ratis.thirdparty.io.grpc.StatusRuntimeException: UNAVAILABLE: io exception
2020-05-14 17:02:53,188 [grpc-default-executor-2] INFO  impl.FollowerInfo (FollowerInfo.java:lambda$new$0(50)) - d0082a59-cec4-4d0d-b5ec-17bb4baf1ccb@group-8EE1479002D7->c846c64a-6128-4a8c-b73b-206f455bdaa9: nextIndex: updateUnconditionally 1 -> 0
2020-05-14 17:02:55,690 [grpc-default-executor-1] WARN  server.GrpcLogAppender (LogUtils.java:warn(122)) - d0082a59-cec4-4d0d-b5ec-17bb4baf1ccb@group-8EE1479002D7->c846c64a-6128-4a8c-b73b-206f455bdaa9-AppendLogResponseHandler: Failed appendEntries: org.apache.ratis.thirdparty.io.grpc.StatusRuntimeException: UNAVAILABLE: io exception
2020-05-14 17:02:55,691 [grpc-default-executor-1] INFO  impl.FollowerInfo (FollowerInfo.java:lambda$new$0(50)) - d0082a59-cec4-4d0d-b5ec-17bb4baf1ccb@group-8EE1479002D7->c846c64a-6128-4a8c-b73b-206f455bdaa9: nextIndex: updateUnconditionally 1 -> 0
2020-05-14 17:02:58,194 [grpc-default-executor-1] WARN  server.GrpcLogAppender (LogUtils.java:warn(122)) - d0082a59-cec4-4d0d-b5ec-17bb4baf1ccb@group-8EE1479002D7->c846c64a-6128-4a8c-b73b-206f455bdaa9-AppendLogResponseHandler: Failed appendEntries: org.apache.ratis.thirdparty.io.grpc.StatusRuntimeException: UNAVAILABLE: io exception
2020-05-14 17:02:58,195 [grpc-default-executor-1] INFO  impl.FollowerInfo (FollowerInfo.java:lambda$new$0(50)) - d0082a59-cec4-4d0d-b5ec-17bb4baf1ccb@group-8EE1479002D7->c846c64a-6128-4a8c-b73b-206f455bdaa9: nextIndex: updateUnconditionally 1 -> 0
2020-05-14 17:03:00,698 [grpc-default-executor-2] WARN  server.GrpcLogAppender (LogUtils.java:warn(122)) - d0082a59-cec4-4d0d-b5ec-17bb4baf1ccb@group-8EE1479002D7->c846c64a-6128-4a8c-b73b-206f455bdaa9-AppendLogResponseHandler: Failed appendEntries: org.apache.ratis.thirdparty.io.grpc.StatusRuntimeException: UNAVAILABLE: io exception
2020-05-14 17:03:00,699 [grpc-default-executor-2] INFO  impl.FollowerInfo (FollowerInfo.java:lambda$new$0(50)) - d0082a59-cec4-4d0d-b5ec-17bb4baf1ccb@group-8EE1479002D7->c846c64a-6128-4a8c-b73b-206f455bdaa9: nextIndex: updateUnconditionally 1 -> 0
]]></system-out>
    <system-err><![CDATA[ERROR StatusLogger No Log4j 2 configuration file found. Using default configuration (logging only errors to the console), or user programmatically provided configurations. Set system property 'log4j2.debug' to show Log4j 2 internal initialization logging. See https://logging.apache.org/log4j/2.x/manual/configuration.html for instructions on how to configure Log4j 2
May 14, 2020 5:02:00 PM org.apache.ratis.thirdparty.io.grpc.internal.SerializingExecutor run
SEVERE: Exception while executing runnable org.apache.ratis.thirdparty.io.grpc.internal.ServerImpl$JumpToApplicationThreadServerStreamListener$1Closed@2c8f9e9e
org.apache.ratis.thirdparty.io.grpc.StatusRuntimeException: CANCELLED: call already cancelled
	at org.apache.ratis.thirdparty.io.grpc.Status.asRuntimeException(Status.java:524)
	at org.apache.ratis.thirdparty.io.grpc.stub.ServerCalls$ServerCallStreamObserverImpl.onCompleted(ServerCalls.java:368)
	at org.apache.ratis.grpc.server.GrpcServerProtocolService$ServerRequestStreamObserver.onError(GrpcServerProtocolService.java:145)
	at org.apache.ratis.thirdparty.io.grpc.stub.ServerCalls$StreamingServerCallHandler$StreamingServerCallListener.onCancel(ServerCalls.java:272)
	at org.apache.ratis.thirdparty.io.grpc.internal.ServerCallImpl$ServerStreamListenerImpl.closedInternal(ServerCallImpl.java:353)
	at org.apache.ratis.thirdparty.io.grpc.internal.ServerCallImpl$ServerStreamListenerImpl.closed(ServerCallImpl.java:341)
	at org.apache.ratis.thirdparty.io.grpc.internal.ServerImpl$JumpToApplicationThreadServerStreamListener$1Closed.runInContext(ServerImpl.java:867)
	at org.apache.ratis.thirdparty.io.grpc.internal.ContextRunnable.run(ContextRunnable.java:37)
	at org.apache.ratis.thirdparty.io.grpc.internal.SerializingExecutor.run(SerializingExecutor.java:123)
	at java.util.concurrent.ThreadPoolExecutor.runWorker(ThreadPoolExecutor.java:1149)
	at java.util.concurrent.ThreadPoolExecutor$Worker.run(ThreadPoolExecutor.java:624)
	at java.lang.Thread.run(Thread.java:748)

]]></system-err>
  </testcase>
</testsuite>