<?xml version="1.0" encoding="UTF-8"?>
<testsuite xmlns:xsi="http://www.w3.org/2001/XMLSchema-instance" xsi:noNamespaceSchemaLocation="https://maven.apache.org/surefire/maven-surefire-plugin/xsd/surefire-test-report.xsd" name="org.apache.hadoop.ozone.client.rpc.TestBlockOutputStreamWithFailuresFlushDelay" time="517.505" tests="5" errors="3" skipped="0" failures="0">
  <properties>
    <property name="awt.toolkit" value="sun.awt.X11.XToolkit"/>
    <property name="file.encoding.pkg" value="sun.io"/>
    <property name="java.specification.version" value="1.8"/>
    <property name="sun.cpu.isalist" value=""/>
    <property name="sun.jnu.encoding" value="UTF-8"/>
    <property name="java.class.path" value="/home/runner/work/ozone/ozone/hadoop-ozone/integration-test/target/test-classes:/home/runner/work/ozone/ozone/hadoop-ozone/integration-test/target/classes:/home/runner/.m2/repository/org/apache/ozone/ozone-common/1.3.0-SNAPSHOT/ozone-common-1.3.0-SNAPSHOT.jar:/home/runner/.m2/repository/org/apache/commons/commons-compress/1.21/commons-compress-1.21.jar:/home/runner/.m2/repository/org/apache/ozone/hdds-common/1.3.0-SNAPSHOT/hdds-common-1.3.0-SNAPSHOT.jar:/home/runner/.m2/repository/org/apache/ozone/hdds-client/1.3.0-SNAPSHOT/hdds-client-1.3.0-SNAPSHOT.jar:/home/runner/.m2/repository/org/apache/ozone/ozone-interface-client/1.3.0-SNAPSHOT/ozone-interface-client-1.3.0-SNAPSHOT.jar:/home/runner/.m2/repository/org/apache/ozone/hdds-test-utils/1.3.0-SNAPSHOT/hdds-test-utils-1.3.0-SNAPSHOT.jar:/home/runner/.m2/repository/com/google/guava/guava/30.1.1-jre/guava-30.1.1-jre.jar:/home/runner/.m2/repository/com/google/guava/failureaccess/1.0.1/failureaccess-1.0.1.jar:/home/runner/.m2/repository/com/google/guava/listenablefuture/9999.0-empty-to-avoid-conflict-with-guava/listenablefuture-9999.0-empty-to-avoid-conflict-with-guava.jar:/home/runner/.m2/repository/com/google/code/findbugs/jsr305/3.0.0/jsr305-3.0.0.jar:/home/runner/.m2/repository/org/checkerframework/checker-qual/3.8.0/checker-qual-3.8.0.jar:/home/runner/.m2/repository/com/google/errorprone/error_prone_annotations/2.2.0/error_prone_annotations-2.2.0.jar:/home/runner/.m2/repository/com/google/j2objc/j2objc-annotations/1.3/j2objc-annotations-1.3.jar:/home/runner/.m2/repository/commons-io/commons-io/2.11.0/commons-io-2.11.0.jar:/home/runner/.m2/repository/commons-logging/commons-logging/1.2/commons-logging-1.2.jar:/home/runner/.m2/repository/log4j/log4j/1.2.17/log4j-1.2.17.jar:/home/runner/.m2/repository/org/slf4j/slf4j-api/1.7.30/slf4j-api-1.7.30.jar:/home/runner/.m2/repository/org/apache/ozone/hdds-server-scm/1.3.0-SNAPSHOT/hdds-server-scm-1.3.0-SNAPSHOT.jar:/home/runner/.m2/repository/org/apache/ozone/hdds-container-service/1.3.0-SNAPSHOT/hdds-container-service-1.3.0-SNAPSHOT.jar:/home/runner/.m2/repository/org/apache/ozone/hdds-hadoop-dependency-server/1.3.0-SNAPSHOT/hdds-hadoop-dependency-server-1.3.0-SNAPSHOT.jar:/home/runner/.m2/repository/org/apache/hadoop/hadoop-hdfs/3.3.1/hadoop-hdfs-3.3.1.jar:/home/runner/.m2/repository/org/apache/ozone/hdds-server-framework/1.3.0-SNAPSHOT/hdds-server-framework-1.3.0-SNAPSHOT.jar:/home/runner/.m2/repository/org/apache/ozone/hdds-interface-server/1.3.0-SNAPSHOT/hdds-interface-server-1.3.0-SNAPSHOT.jar:/home/runner/.m2/repository/org/eclipse/jetty/jetty-servlet/9.4.43.v20210629/jetty-servlet-9.4.43.v20210629.jar:/home/runner/.m2/repository/org/eclipse/jetty/jetty-security/9.4.43.v20210629/jetty-security-9.4.43.v20210629.jar:/home/runner/.m2/repository/org/rocksdb/rocksdbjni/6.25.3/rocksdbjni-6.25.3.jar:/home/runner/.m2/repository/io/prometheus/simpleclient_dropwizard/0.7.0/simpleclient_dropwizard-0.7.0.jar:/home/runner/.m2/repository/io/prometheus/simpleclient/0.7.0/simpleclient-0.7.0.jar:/home/runner/.m2/repository/io/prometheus/simpleclient_common/0.7.0/simpleclient_common-0.7.0.jar:/home/runner/.m2/repository/com/fasterxml/jackson/datatype/jackson-datatype-jsr310/2.12.1/jackson-datatype-jsr310-2.12.1.jar:/home/runner/.m2/repository/io/dropwizard/metrics/metrics-core/3.2.4/metrics-core-3.2.4.jar:/home/runner/.m2/repository/org/apache/hadoop/hadoop-hdfs-client/3.3.1/hadoop-hdfs-client-3.3.1.jar:/home/runner/.m2/repository/org/bouncycastle/bcprov-jdk15on/1.67/bcprov-jdk15on-1.67.jar:/home/runner/.m2/repository/com/google/protobuf/protobuf-java/2.5.0/protobuf-java-2.5.0.jar:/home/runner/.m2/repository/org/apache/ozone/ozone-manager/1.3.0-SNAPSHOT/ozone-manager-1.3.0-SNAPSHOT.jar:/home/runner/.m2/repository/org/aspectj/aspectjrt/1.9.7/aspectjrt-1.9.7.jar:/home/runner/.m2/repository/org/aspectj/aspectjweaver/1.9.7/aspectjweaver-1.9.7.jar:/home/runner/.m2/repository/org/apache/ozone/hdds-interface-client/1.3.0-SNAPSHOT/hdds-interface-client-1.3.0-SNAPSHOT.jar:/home/runner/.m2/repository/org/apache/hadoop/thirdparty/hadoop-shaded-protobuf_3_7/1.1.1/hadoop-shaded-protobuf_3_7-1.1.1.jar:/home/runner/.m2/repository/org/apache/ozone/ozone-interface-storage/1.3.0-SNAPSHOT/ozone-interface-storage-1.3.0-SNAPSHOT.jar:/home/runner/.m2/repository/org/reflections/reflections/0.9.11/reflections-0.9.11.jar:/home/runner/.m2/repository/org/apache/hadoop/hadoop-minikdc/3.3.1/hadoop-minikdc-3.3.1.jar:/home/runner/.m2/repository/org/apache/kerby/kerb-simplekdc/1.0.1/kerb-simplekdc-1.0.1.jar:/home/runner/.m2/repository/org/apache/kerby/kerb-client/1.0.1/kerb-client-1.0.1.jar:/home/runner/.m2/repository/org/apache/kerby/kerby-config/1.0.1/kerby-config-1.0.1.jar:/home/runner/.m2/repository/org/apache/kerby/kerb-common/1.0.1/kerb-common-1.0.1.jar:/home/runner/.m2/repository/org/apache/kerby/kerb-crypto/1.0.1/kerb-crypto-1.0.1.jar:/home/runner/.m2/repository/org/apache/kerby/kerb-util/1.0.1/kerb-util-1.0.1.jar:/home/runner/.m2/repository/org/apache/kerby/token-provider/1.0.1/token-provider-1.0.1.jar:/home/runner/.m2/repository/org/apache/kerby/kerb-admin/1.0.1/kerb-admin-1.0.1.jar:/home/runner/.m2/repository/org/apache/kerby/kerb-server/1.0.1/kerb-server-1.0.1.jar:/home/runner/.m2/repository/org/apache/kerby/kerb-identity/1.0.1/kerb-identity-1.0.1.jar:/home/runner/.m2/repository/org/apache/kerby/kerby-xdr/1.0.1/kerby-xdr-1.0.1.jar:/home/runner/.m2/repository/org/slf4j/slf4j-log4j12/1.7.30/slf4j-log4j12-1.7.30.jar:/home/runner/.m2/repository/org/apache/ozone/ozone-s3gateway/1.3.0-SNAPSHOT/ozone-s3gateway-1.3.0-SNAPSHOT.jar:/home/runner/.m2/repository/org/javassist/javassist/3.21.0-GA/javassist-3.21.0-GA.jar:/home/runner/.m2/repository/org/jboss/weld/servlet/weld-servlet/2.4.7.Final/weld-servlet-2.4.7.Final.jar:/home/runner/.m2/repository/org/glassfish/jersey/containers/jersey-container-servlet-core/2.33/jersey-container-servlet-core-2.33.jar:/home/runner/.m2/repository/org/glassfish/hk2/external/jakarta.inject/2.6.1/jakarta.inject-2.6.1.jar:/home/runner/.m2/repository/org/glassfish/jersey/core/jersey-common/2.33/jersey-common-2.33.jar:/home/runner/.m2/repository/jakarta/ws/rs/jakarta.ws.rs-api/2.1.6/jakarta.ws.rs-api-2.1.6.jar:/home/runner/.m2/repository/org/glassfish/jersey/ext/cdi/jersey-cdi1x/2.33/jersey-cdi1x-2.33.jar:/home/runner/.m2/repository/org/glassfish/jersey/inject/jersey-hk2/2.33/jersey-hk2-2.33.jar:/home/runner/.m2/repository/org/glassfish/hk2/hk2-locator/2.6.1/hk2-locator-2.6.1.jar:/home/runner/.m2/repository/org/glassfish/jersey/media/jersey-media-jaxb/2.33/jersey-media-jaxb-2.33.jar:/home/runner/.m2/repository/org/glassfish/hk2/osgi-resource-locator/1.0.3/osgi-resource-locator-1.0.3.jar:/home/runner/.m2/repository/org/glassfish/hk2/hk2-api/2.5.0/hk2-api-2.5.0.jar:/home/runner/.m2/repository/org/glassfish/hk2/hk2-utils/2.5.0/hk2-utils-2.5.0.jar:/home/runner/.m2/repository/org/glassfish/hk2/external/aopalliance-repackaged/2.5.0/aopalliance-repackaged-2.5.0.jar:/home/runner/.m2/repository/com/fasterxml/jackson/dataformat/jackson-dataformat-xml/2.12.1/jackson-dataformat-xml-2.12.1.jar:/home/runner/.m2/repository/com/fasterxml/jackson/core/jackson-core/2.12.1/jackson-core-2.12.1.jar:/home/runner/.m2/repository/com/fasterxml/jackson/module/jackson-module-jaxb-annotations/2.12.1/jackson-module-jaxb-annotations-2.12.1.jar:/home/runner/.m2/repository/jakarta/xml/bind/jakarta.xml.bind-api/2.3.2/jakarta.xml.bind-api-2.3.2.jar:/home/runner/.m2/repository/org/codehaus/woodstox/stax2-api/3.1.4/stax2-api-3.1.4.jar:/home/runner/.m2/repository/com/fasterxml/woodstox/woodstox-core/5.0.3/woodstox-core-5.0.3.jar:/home/runner/.m2/repository/javax/enterprise/cdi-api/1.2/cdi-api-1.2.jar:/home/runner/.m2/repository/javax/el/javax.el-api/3.0.0/javax.el-api-3.0.0.jar:/home/runner/.m2/repository/javax/interceptor/javax.interceptor-api/1.2/javax.interceptor-api-1.2.jar:/home/runner/.m2/repository/javax/inject/javax.inject/1/javax.inject-1.jar:/home/runner/.m2/repository/javax/xml/bind/jaxb-api/2.3.0/jaxb-api-2.3.0.jar:/home/runner/.m2/repository/org/glassfish/jaxb/jaxb-runtime/2.3.0.1/jaxb-runtime-2.3.0.1.jar:/home/runner/.m2/repository/org/glassfish/jaxb/jaxb-core/2.3.0.1/jaxb-core-2.3.0.1.jar:/home/runner/.m2/repository/org/glassfish/jaxb/txw2/2.3.0.1/txw2-2.3.0.1.jar:/home/runner/.m2/repository/com/sun/istack/istack-commons-runtime/3.0.5/istack-commons-runtime-3.0.5.jar:/home/runner/.m2/repository/org/jvnet/staxex/stax-ex/1.7.8/stax-ex-1.7.8.jar:/home/runner/.m2/repository/com/sun/xml/fastinfoset/FastInfoset/1.2.13/FastInfoset-1.2.13.jar:/home/runner/.m2/repository/javax/activation/activation/1.1.1/activation-1.1.1.jar:/home/runner/.m2/repository/org/apache/ozone/ozone-csi/1.3.0-SNAPSHOT/ozone-csi-1.3.0-SNAPSHOT.jar:/home/runner/.m2/repository/com/google/protobuf/protobuf-java-util/3.12.0/protobuf-java-util-3.12.0.jar:/home/runner/.m2/repository/com/google/code/gson/gson/2.2.4/gson-2.2.4.jar:/home/runner/.m2/repository/org/apache/ozone/hdds-config/1.3.0-SNAPSHOT/hdds-config-1.3.0-SNAPSHOT.jar:/home/runner/.m2/repository/io/grpc/grpc-netty/1.33.0/grpc-netty-1.33.0.jar:/home/runner/.m2/repository/io/grpc/grpc-core/1.33.0/grpc-core-1.33.0.jar:/home/runner/.m2/repository/com/google/android/annotations/4.1.1.4/annotations-4.1.1.4.jar:/home/runner/.m2/repository/io/netty/netty-codec-http2/4.1.63.Final/netty-codec-http2-4.1.63.Final.jar:/home/runner/.m2/repository/io/netty/netty-codec-http/4.1.63.Final/netty-codec-http-4.1.63.Final.jar:/home/runner/.m2/repository/io/netty/netty-handler-proxy/4.1.63.Final/netty-handler-proxy-4.1.63.Final.jar:/home/runner/.m2/repository/io/netty/netty-codec-socks/4.1.63.Final/netty-codec-socks-4.1.63.Final.jar:/home/runner/.m2/repository/io/perfmark/perfmark-api/0.19.0/perfmark-api-0.19.0.jar:/home/runner/.m2/repository/org/codehaus/mojo/animal-sniffer-annotations/1.18/animal-sniffer-annotations-1.18.jar:/home/runner/.m2/repository/io/netty/netty-transport-native-epoll/4.1.63.Final/netty-transport-native-epoll-4.1.63.Final.jar:/home/runner/.m2/repository/io/netty/netty-common/4.1.63.Final/netty-common-4.1.63.Final.jar:/home/runner/.m2/repository/io/netty/netty-buffer/4.1.63.Final/netty-buffer-4.1.63.Final.jar:/home/runner/.m2/repository/io/netty/netty-transport-native-unix-common/4.1.63.Final/netty-transport-native-unix-common-4.1.63.Final.jar:/home/runner/.m2/repository/io/grpc/grpc-protobuf/1.33.0/grpc-protobuf-1.33.0.jar:/home/runner/.m2/repository/io/grpc/grpc-api/1.33.0/grpc-api-1.33.0.jar:/home/runner/.m2/repository/io/grpc/grpc-context/1.33.0/grpc-context-1.33.0.jar:/home/runner/.m2/repository/com/google/api/grpc/proto-google-common-protos/1.17.0/proto-google-common-protos-1.17.0.jar:/home/runner/.m2/repository/io/grpc/grpc-protobuf-lite/1.33.0/grpc-protobuf-lite-1.33.0.jar:/home/runner/.m2/repository/io/grpc/grpc-stub/1.33.0/grpc-stub-1.33.0.jar:/home/runner/.m2/repository/org/apache/ozone/ozone-recon/1.3.0-SNAPSHOT/ozone-recon-1.3.0-SNAPSHOT.jar:/home/runner/.m2/repository/org/apache/ozone/ozone-reconcodegen/1.3.0-SNAPSHOT/ozone-reconcodegen-1.3.0-SNAPSHOT.jar:/home/runner/.m2/repository/com/google/inject/extensions/guice-multibindings/4.0/guice-multibindings-4.0.jar:/home/runner/.m2/repository/com/google/inject/guice/4.0/guice-4.0.jar:/home/runner/.m2/repository/aopalliance/aopalliance/1.0/aopalliance-1.0.jar:/home/runner/.m2/repository/com/google/inject/extensions/guice-assistedinject/4.0/guice-assistedinject-4.0.jar:/home/runner/.m2/repository/com/google/inject/extensions/guice-servlet/4.0/guice-servlet-4.0.jar:/home/runner/.m2/repository/org/glassfish/jersey/containers/jersey-container-servlet/2.33/jersey-container-servlet-2.33.jar:/home/runner/.m2/repository/org/glassfish/hk2/guice-bridge/2.5.0/guice-bridge-2.5.0.jar:/home/runner/.m2/repository/org/glassfish/jersey/core/jersey-server/2.33/jersey-server-2.33.jar:/home/runner/.m2/repository/org/glassfish/jersey/core/jersey-client/2.33/jersey-client-2.33.jar:/home/runner/.m2/repository/jakarta/annotation/jakarta.annotation-api/1.3.5/jakarta.annotation-api-1.3.5.jar:/home/runner/.m2/repository/jakarta/validation/jakarta.validation-api/2.0.2/jakarta.validation-api-2.0.2.jar:/home/runner/.m2/repository/org/glassfish/jersey/media/jersey-media-json-jackson/2.33/jersey-media-json-jackson-2.33.jar:/home/runner/.m2/repository/org/glassfish/jersey/ext/jersey-entity-filtering/2.33/jersey-entity-filtering-2.33.jar:/home/runner/.m2/repository/org/jooq/jooq/3.11.10/jooq-3.11.10.jar:/home/runner/.m2/repository/org/jooq/jooq-meta/3.11.10/jooq-meta-3.11.10.jar:/home/runner/.m2/repository/org/jooq/jooq-codegen/3.11.10/jooq-codegen-3.11.10.jar:/home/runner/.m2/repository/com/jolbox/bonecp/0.8.0.RELEASE/bonecp-0.8.0.RELEASE.jar:/home/runner/.m2/repository/org/apache/derby/derby/10.14.2.0/derby-10.14.2.0.jar:/home/runner/.m2/repository/org/xerial/sqlite-jdbc/3.25.2/sqlite-jdbc-3.25.2.jar:/home/runner/.m2/repository/org/springframework/spring-jdbc/5.2.18.RELEASE/spring-jdbc-5.2.18.RELEASE.jar:/home/runner/.m2/repository/org/springframework/spring-beans/5.2.18.RELEASE/spring-beans-5.2.18.RELEASE.jar:/home/runner/.m2/repository/org/springframework/spring-core/5.2.18.RELEASE/spring-core-5.2.18.RELEASE.jar:/home/runner/.m2/repository/org/springframework/spring-jcl/5.2.18.RELEASE/spring-jcl-5.2.18.RELEASE.jar:/home/runner/.m2/repository/org/springframework/spring-tx/5.2.18.RELEASE/spring-tx-5.2.18.RELEASE.jar:/home/runner/.m2/repository/org/apache/ozone/ozone-client/1.3.0-SNAPSHOT/ozone-client-1.3.0-SNAPSHOT.jar:/home/runner/.m2/repository/org/apache/ozone/ozone-filesystem/1.3.0-SNAPSHOT/ozone-filesystem-1.3.0-SNAPSHOT.jar:/home/runner/.m2/repository/org/apache/ozone/ozone-filesystem-common/1.3.0-SNAPSHOT/ozone-filesystem-common-1.3.0-SNAPSHOT.jar:/home/runner/.m2/repository/org/apache/ozone/ozone-tools/1.3.0-SNAPSHOT/ozone-tools-1.3.0-SNAPSHOT.jar:/home/runner/.m2/repository/org/apache/ratis/ratis-tools/2.2.0/ratis-tools-2.2.0.jar:/home/runner/.m2/repository/com/amazonaws/aws-java-sdk-core/1.12.124/aws-java-sdk-core-1.12.124.jar:/home/runner/.m2/repository/org/apache/httpcomponents/httpclient/4.5.13/httpclient-4.5.13.jar:/home/runner/.m2/repository/org/apache/httpcomponents/httpcore/4.4.13/httpcore-4.4.13.jar:/home/runner/.m2/repository/software/amazon/ion/ion-java/1.0.2/ion-java-1.0.2.jar:/home/runner/.m2/repository/com/fasterxml/jackson/dataformat/jackson-dataformat-cbor/2.12.1/jackson-dataformat-cbor-2.12.1.jar:/home/runner/.m2/repository/joda-time/joda-time/2.8.1/joda-time-2.8.1.jar:/home/runner/.m2/repository/com/amazonaws/aws-java-sdk-s3/1.12.124/aws-java-sdk-s3-1.12.124.jar:/home/runner/.m2/repository/com/amazonaws/aws-java-sdk-kms/1.12.124/aws-java-sdk-kms-1.12.124.jar:/home/runner/.m2/repository/com/amazonaws/jmespath-java/1.12.124/jmespath-java-1.12.124.jar:/home/runner/.m2/repository/org/kohsuke/metainf-services/metainf-services/1.8/metainf-services-1.8.jar:/home/runner/.m2/repository/org/apache/ozone/hdds-tools/1.3.0-SNAPSHOT/hdds-tools-1.3.0-SNAPSHOT.jar:/home/runner/.m2/repository/commons-cli/commons-cli/1.2/commons-cli-1.2.jar:/home/runner/.m2/repository/org/apache/commons/commons-lang3/3.7/commons-lang3-3.7.jar:/home/runner/.m2/repository/org/apache/ozone/ozone-manager/1.3.0-SNAPSHOT/ozone-manager-1.3.0-SNAPSHOT-tests.jar:/home/runner/.m2/repository/org/apache/ozone/hdds-common/1.3.0-SNAPSHOT/hdds-common-1.3.0-SNAPSHOT-tests.jar:/home/runner/.m2/repository/org/apache/ozone/hdds-hadoop-dependency-client/1.3.0-SNAPSHOT/hdds-hadoop-dependency-client-1.3.0-SNAPSHOT.jar:/home/runner/.m2/repository/info/picocli/picocli/4.6.1/picocli-4.6.1.jar:/home/runner/.m2/repository/com/fasterxml/jackson/core/jackson-annotations/2.12.1/jackson-annotations-2.12.1.jar:/home/runner/.m2/repository/javax/annotation/javax.annotation-api/1.2/javax.annotation-api-1.2.jar:/home/runner/.m2/repository/org/apache/ratis/ratis-server/2.2.0/ratis-server-2.2.0.jar:/home/runner/.m2/repository/org/apache/ratis/ratis-client/2.2.0/ratis-client-2.2.0.jar:/home/runner/.m2/repository/org/apache/ratis/ratis-server-api/2.2.0/ratis-server-api-2.2.0.jar:/home/runner/.m2/repository/org/apache/ratis/ratis-metrics/2.2.0/ratis-metrics-2.2.0.jar:/home/runner/.m2/repository/org/apache/ratis/ratis-netty/2.2.0/ratis-netty-2.2.0.jar:/home/runner/.m2/repository/org/apache/ratis/ratis-grpc/2.2.0/ratis-grpc-2.2.0.jar:/home/runner/.m2/repository/org/apache/logging/log4j/log4j-api/2.17.1/log4j-api-2.17.1.jar:/home/runner/.m2/repository/org/apache/logging/log4j/log4j-core/2.17.1/log4j-core-2.17.1.jar:/home/runner/.m2/repository/com/lmax/disruptor/3.4.2/disruptor-3.4.2.jar:/home/runner/.m2/repository/org/apache/commons/commons-pool2/2.6.0/commons-pool2-2.6.0.jar:/home/runner/.m2/repository/org/bouncycastle/bcpkix-jdk15on/1.67/bcpkix-jdk15on-1.67.jar:/home/runner/.m2/repository/commons-validator/commons-validator/1.6/commons-validator-1.6.jar:/home/runner/.m2/repository/commons-beanutils/commons-beanutils/1.9.4/commons-beanutils-1.9.4.jar:/home/runner/.m2/repository/commons-digester/commons-digester/1.8.1/commons-digester-1.8.1.jar:/home/runner/.m2/repository/commons-collections/commons-collections/3.2.2/commons-collections-3.2.2.jar:/home/runner/.m2/repository/io/jaegertracing/jaeger-client/1.6.0/jaeger-client-1.6.0.jar:/home/runner/.m2/repository/io/jaegertracing/jaeger-thrift/1.6.0/jaeger-thrift-1.6.0.jar:/home/runner/.m2/repository/org/apache/thrift/libthrift/0.14.1/libthrift-0.14.1.jar:/home/runner/.m2/repository/com/squareup/okhttp3/okhttp/4.9.0/okhttp-4.9.0.jar:/home/runner/.m2/repository/com/squareup/okio/okio/2.8.0/okio-2.8.0.jar:/home/runner/.m2/repository/io/jaegertracing/jaeger-core/1.6.0/jaeger-core-1.6.0.jar:/home/runner/.m2/repository/io/jaegertracing/jaeger-tracerresolver/1.6.0/jaeger-tracerresolver-1.6.0.jar:/home/runner/.m2/repository/io/opentracing/contrib/opentracing-tracerresolver/0.1.8/opentracing-tracerresolver-0.1.8.jar:/home/runner/.m2/repository/org/jetbrains/kotlin/kotlin-stdlib/1.4.31/kotlin-stdlib-1.4.31.jar:/home/runner/.m2/repository/org/jetbrains/kotlin/kotlin-stdlib-common/1.4.31/kotlin-stdlib-common-1.4.31.jar:/home/runner/.m2/repository/org/jetbrains/annotations/13.0/annotations-13.0.jar:/home/runner/.m2/repository/io/opentracing/opentracing-util/0.33.0/opentracing-util-0.33.0.jar:/home/runner/.m2/repository/io/opentracing/opentracing-api/0.33.0/opentracing-api-0.33.0.jar:/home/runner/.m2/repository/io/opentracing/opentracing-noop/0.33.0/opentracing-noop-0.33.0.jar:/home/runner/.m2/repository/org/yaml/snakeyaml/1.26/snakeyaml-1.26.jar:/home/runner/.m2/repository/org/apache/ozone/hdds-interface-admin/1.3.0-SNAPSHOT/hdds-interface-admin-1.3.0-SNAPSHOT.jar:/home/runner/.m2/repository/junit/junit/4.13.1/junit-4.13.1.jar:/home/runner/.m2/repository/org/hamcrest/hamcrest-core/1.3/hamcrest-core-1.3.jar:/home/runner/.m2/repository/org/junit/jupiter/junit-jupiter-api/5.7.0/junit-jupiter-api-5.7.0.jar:/home/runner/.m2/repository/org/apiguardian/apiguardian-api/1.1.0/apiguardian-api-1.1.0.jar:/home/runner/.m2/repository/org/opentest4j/opentest4j/1.2.0/opentest4j-1.2.0.jar:/home/runner/.m2/repository/org/junit/platform/junit-platform-commons/1.7.0/junit-platform-commons-1.7.0.jar:/home/runner/.m2/repository/org/junit/jupiter/junit-jupiter-engine/5.7.0/junit-jupiter-engine-5.7.0.jar:/home/runner/.m2/repository/org/junit/platform/junit-platform-engine/1.7.0/junit-platform-engine-1.7.0.jar:/home/runner/.m2/repository/org/junit/vintage/junit-vintage-engine/5.7.0/junit-vintage-engine-5.7.0.jar:/home/runner/.m2/repository/org/junit/platform/junit-platform-launcher/1.7.0/junit-platform-launcher-1.7.0.jar:/home/runner/.m2/repository/org/mockito/mockito-core/2.28.2/mockito-core-2.28.2.jar:/home/runner/.m2/repository/net/bytebuddy/byte-buddy/1.9.10/byte-buddy-1.9.10.jar:/home/runner/.m2/repository/net/bytebuddy/byte-buddy-agent/1.9.10/byte-buddy-agent-1.9.10.jar:/home/runner/.m2/repository/org/objenesis/objenesis/1.0/objenesis-1.0.jar:/home/runner/.m2/repository/org/apache/hadoop/hadoop-kms/3.3.1/hadoop-kms-3.3.1.jar:/home/runner/.m2/repository/org/apache/hadoop/hadoop-auth/3.3.1/hadoop-auth-3.3.1.jar:/home/runner/.m2/repository/com/nimbusds/nimbus-jose-jwt/7.9/nimbus-jose-jwt-7.9.jar:/home/runner/.m2/repository/com/github/stephenc/jcip/jcip-annotations/1.0-1/jcip-annotations-1.0-1.jar:/home/runner/.m2/repository/net/minidev/json-smart/2.4.7/json-smart-2.4.7.jar:/home/runner/.m2/repository/net/minidev/accessors-smart/2.4.7/accessors-smart-2.4.7.jar:/home/runner/.m2/repository/org/ow2/asm/asm/5.0.4/asm-5.0.4.jar:/home/runner/.m2/repository/org/apache/zookeeper/zookeeper/3.5.6/zookeeper-3.5.6.jar:/home/runner/.m2/repository/org/apache/zookeeper/zookeeper-jute/3.5.6/zookeeper-jute-3.5.6.jar:/home/runner/.m2/repository/org/apache/yetus/audience-annotations/0.5.0/audience-annotations-0.5.0.jar:/home/runner/.m2/repository/org/apache/curator/curator-framework/4.2.0/curator-framework-4.2.0.jar:/home/runner/.m2/repository/org/apache/hadoop/thirdparty/hadoop-shaded-guava/1.1.1/hadoop-shaded-guava-1.1.1.jar:/home/runner/.m2/repository/com/sun/jersey/jersey-core/1.19/jersey-core-1.19.jar:/home/runner/.m2/repository/javax/ws/rs/jsr311-api/1.1.1/jsr311-api-1.1.1.jar:/home/runner/.m2/repository/com/sun/jersey/jersey-server/1.19/jersey-server-1.19.jar:/home/runner/.m2/repository/javax/servlet/javax.servlet-api/3.1.0/javax.servlet-api-3.1.0.jar:/home/runner/.m2/repository/org/eclipse/jetty/jetty-server/9.4.43.v20210629/jetty-server-9.4.43.v20210629.jar:/home/runner/.m2/repository/org/eclipse/jetty/jetty-http/9.4.43.v20210629/jetty-http-9.4.43.v20210629.jar:/home/runner/.m2/repository/org/eclipse/jetty/jetty-io/9.4.43.v20210629/jetty-io-9.4.43.v20210629.jar:/home/runner/.m2/repository/org/eclipse/jetty/jetty-webapp/9.4.43.v20210629/jetty-webapp-9.4.43.v20210629.jar:/home/runner/.m2/repository/org/eclipse/jetty/jetty-xml/9.4.43.v20210629/jetty-xml-9.4.43.v20210629.jar:/home/runner/.m2/repository/org/apache/hadoop/hadoop-common/3.3.1/hadoop-common-3.3.1.jar:/home/runner/.m2/repository/org/apache/commons/commons-math3/3.1.1/commons-math3-3.1.1.jar:/home/runner/.m2/repository/commons-net/commons-net/3.6/commons-net-3.6.jar:/home/runner/.m2/repository/jakarta/activation/jakarta.activation-api/1.2.1/jakarta.activation-api-1.2.1.jar:/home/runner/.m2/repository/com/sun/jersey/jersey-servlet/1.19/jersey-servlet-1.19.jar:/home/runner/.m2/repository/com/sun/jersey/jersey-json/1.19/jersey-json-1.19.jar:/home/runner/.m2/repository/org/codehaus/jettison/jettison/1.1/jettison-1.1.jar:/home/runner/.m2/repository/com/sun/xml/bind/jaxb-impl/2.2.3-1/jaxb-impl-2.2.3-1.jar:/home/runner/.m2/repository/org/codehaus/jackson/jackson-jaxrs/1.9.2/jackson-jaxrs-1.9.2.jar:/home/runner/.m2/repository/org/codehaus/jackson/jackson-xc/1.9.2/jackson-xc-1.9.2.jar:/home/runner/.m2/repository/org/apache/commons/commons-configuration2/2.1.1/commons-configuration2-2.1.1.jar:/home/runner/.m2/repository/org/apache/commons/commons-text/1.4/commons-text-1.4.jar:/home/runner/.m2/repository/com/google/re2j/re2j/1.1/re2j-1.1.jar:/home/runner/.m2/repository/com/jcraft/jsch/0.1.54/jsch-0.1.54.jar:/home/runner/.m2/repository/org/apache/curator/curator-client/4.2.0/curator-client-4.2.0.jar:/home/runner/.m2/repository/org/apache/curator/curator-recipes/4.2.0/curator-recipes-4.2.0.jar:/home/runner/.m2/repository/org/apache/kerby/kerb-core/1.0.1/kerb-core-1.0.1.jar:/home/runner/.m2/repository/org/apache/kerby/kerby-pkix/1.0.1/kerby-pkix-1.0.1.jar:/home/runner/.m2/repository/org/apache/kerby/kerby-asn1/1.0.1/kerby-asn1-1.0.1.jar:/home/runner/.m2/repository/org/apache/kerby/kerby-util/1.0.1/kerby-util-1.0.1.jar:/home/runner/.m2/repository/dnsjava/dnsjava/2.1.7/dnsjava-2.1.7.jar:/home/runner/.m2/repository/org/xerial/snappy/snappy-java/1.1.8.2/snappy-java-1.1.8.2.jar:/home/runner/.m2/repository/org/slf4j/jul-to-slf4j/1.7.30/jul-to-slf4j-1.7.30.jar:/home/runner/.m2/repository/org/eclipse/jetty/jetty-util/9.4.43.v20210629/jetty-util-9.4.43.v20210629.jar:/home/runner/.m2/repository/com/fasterxml/jackson/core/jackson-databind/2.12.1/jackson-databind-2.12.1.jar:/home/runner/.m2/repository/org/apache/hadoop/hadoop-kms/3.3.1/hadoop-kms-3.3.1-tests.jar:/home/runner/.m2/repository/org/apache/ozone/hdds-server-scm/1.3.0-SNAPSHOT/hdds-server-scm-1.3.0-SNAPSHOT-tests.jar:/home/runner/.m2/repository/org/apache/ozone/hdds-container-service/1.3.0-SNAPSHOT/hdds-container-service-1.3.0-SNAPSHOT-tests.jar:/home/runner/.m2/repository/commons-codec/commons-codec/1.11/commons-codec-1.11.jar:/home/runner/.m2/repository/io/netty/netty-transport/4.1.63.Final/netty-transport-4.1.63.Final.jar:/home/runner/.m2/repository/io/netty/netty-resolver/4.1.63.Final/netty-resolver-4.1.63.Final.jar:/home/runner/.m2/repository/io/netty/netty-codec/4.1.63.Final/netty-codec-4.1.63.Final.jar:/home/runner/.m2/repository/io/netty/netty-handler/4.1.63.Final/netty-handler-4.1.63.Final.jar:/home/runner/.m2/repository/org/apache/ozone/hdds-hadoop-dependency-test/1.3.0-SNAPSHOT/hdds-hadoop-dependency-test-1.3.0-SNAPSHOT.jar:/home/runner/.m2/repository/org/apache/hadoop/hadoop-common/3.3.1/hadoop-common-3.3.1-tests.jar:/home/runner/.m2/repository/org/assertj/assertj-core/3.12.2/assertj-core-3.12.2.jar:/home/runner/.m2/repository/org/apache/hadoop/hadoop-hdfs/3.3.1/hadoop-hdfs-3.3.1-tests.jar:/home/runner/.m2/repository/org/eclipse/jetty/jetty-util-ajax/9.4.43.v20210629/jetty-util-ajax-9.4.43.v20210629.jar:/home/runner/.m2/repository/commons-daemon/commons-daemon/1.0.13/commons-daemon-1.0.13.jar:/home/runner/.m2/repository/io/netty/netty/3.10.6.Final/netty-3.10.6.Final.jar:/home/runner/.m2/repository/io/netty/netty-all/4.1.63.Final/netty-all-4.1.63.Final.jar:/home/runner/.m2/repository/org/apache/htrace/htrace-core4/4.1.0-incubating/htrace-core4-4.1.0-incubating.jar:/home/runner/.m2/repository/org/fusesource/leveldbjni/leveldbjni-all/1.8/leveldbjni-all-1.8.jar:/home/runner/.m2/repository/org/apache/hadoop/hadoop-distcp/3.3.1/hadoop-distcp-3.3.1.jar:/home/runner/.m2/repository/org/apache/hadoop/hadoop-mapreduce-client-jobclient/3.3.1/hadoop-mapreduce-client-jobclient-3.3.1.jar:/home/runner/.m2/repository/org/apache/hadoop/hadoop-mapreduce-client-common/3.3.1/hadoop-mapreduce-client-common-3.3.1.jar:/home/runner/.m2/repository/org/apache/hadoop/hadoop-yarn-common/3.3.1/hadoop-yarn-common-3.3.1.jar:/home/runner/.m2/repository/org/apache/hadoop/hadoop-yarn-api/3.3.1/hadoop-yarn-api-3.3.1.jar:/home/runner/.m2/repository/com/sun/jersey/jersey-client/1.19/jersey-client-1.19.jar:/home/runner/.m2/repository/com/sun/jersey/contribs/jersey-guice/1.19/jersey-guice-1.19.jar:/home/runner/.m2/repository/com/fasterxml/jackson/jaxrs/jackson-jaxrs-json-provider/2.12.1/jackson-jaxrs-json-provider-2.12.1.jar:/home/runner/.m2/repository/com/fasterxml/jackson/jaxrs/jackson-jaxrs-base/2.12.1/jackson-jaxrs-base-2.12.1.jar:/home/runner/.m2/repository/org/apache/hadoop/hadoop-yarn-client/3.3.1/hadoop-yarn-client-3.3.1.jar:/home/runner/.m2/repository/org/eclipse/jetty/websocket/websocket-client/9.4.40.v20210413/websocket-client-9.4.40.v20210413.jar:/home/runner/.m2/repository/org/eclipse/jetty/jetty-client/9.4.40.v20210413/jetty-client-9.4.40.v20210413.jar:/home/runner/.m2/repository/org/eclipse/jetty/websocket/websocket-common/9.4.40.v20210413/websocket-common-9.4.40.v20210413.jar:/home/runner/.m2/repository/org/eclipse/jetty/websocket/websocket-api/9.4.40.v20210413/websocket-api-9.4.40.v20210413.jar:/home/runner/.m2/repository/org/jline/jline/3.9.0/jline-3.9.0.jar:/home/runner/.m2/repository/org/apache/hadoop/hadoop-mapreduce-client-core/3.3.1/hadoop-mapreduce-client-core-3.3.1.jar:/home/runner/.m2/repository/org/apache/avro/avro/1.7.7/avro-1.7.7.jar:/home/runner/.m2/repository/org/codehaus/jackson/jackson-core-asl/1.9.13/jackson-core-asl-1.9.13.jar:/home/runner/.m2/repository/org/codehaus/jackson/jackson-mapper-asl/1.9.13/jackson-mapper-asl-1.9.13.jar:/home/runner/.m2/repository/com/thoughtworks/paranamer/paranamer/2.3/paranamer-2.3.jar:/home/runner/.m2/repository/org/apache/hadoop/hadoop-annotations/3.3.1/hadoop-annotations-3.3.1.jar:/usr/lib/jvm/temurin-8-jdk-amd64/jre/../lib/tools.jar:/home/runner/.m2/repository/org/apache/hadoop/hadoop-distcp/3.3.1/hadoop-distcp-3.3.1-tests.jar:/home/runner/.m2/repository/org/apache/ratis/ratis-common/2.2.0/ratis-common-2.2.0.jar:/home/runner/.m2/repository/org/apache/ratis/ratis-thirdparty-misc/0.7.0/ratis-thirdparty-misc-0.7.0.jar:/home/runner/.m2/repository/org/apache/ratis/ratis-proto/2.2.0/ratis-proto-2.2.0.jar:"/>
    <property name="java.vm.vendor" value="Temurin"/>
    <property name="sun.arch.data.model" value="64"/>
    <property name="test.build.dir" value="/home/runner/work/ozone/ozone/hadoop-ozone/integration-test/target/test-dir"/>
    <property name="test.cache.data" value=""/>
    <property name="java.vendor.url" value="https://adoptium.net/"/>
    <property name="user.timezone" value=""/>
    <property name="java.vm.specification.version" value="1.8"/>
    <property name="os.name" value="Linux"/>
    <property name="test.build.data" value="/home/runner/work/ozone/ozone/hadoop-ozone/integration-test/target/test-dir"/>
    <property name="sun.java.launcher" value="SUN_STANDARD"/>
    <property name="sun.boot.library.path" value="/usr/lib/jvm/temurin-8-jdk-amd64/jre/lib/amd64"/>
    <property name="sun.java.command" value="/home/runner/work/ozone/ozone/hadoop-ozone/integration-test/target/surefire/surefirebooter2331000274108654392.jar /home/runner/work/ozone/ozone/hadoop-ozone/integration-test/target/surefire 2022-03-02T20-40-36_234-jvmRun1 surefire7493006916254492574tmp surefire_217959395905304050039tmp"/>
    <property name="surefire.test.class.path" value="/home/runner/work/ozone/ozone/hadoop-ozone/integration-test/target/test-classes:/home/runner/work/ozone/ozone/hadoop-ozone/integration-test/target/classes:/home/runner/.m2/repository/org/apache/ozone/ozone-common/1.3.0-SNAPSHOT/ozone-common-1.3.0-SNAPSHOT.jar:/home/runner/.m2/repository/org/apache/commons/commons-compress/1.21/commons-compress-1.21.jar:/home/runner/.m2/repository/org/apache/ozone/hdds-common/1.3.0-SNAPSHOT/hdds-common-1.3.0-SNAPSHOT.jar:/home/runner/.m2/repository/org/apache/ozone/hdds-client/1.3.0-SNAPSHOT/hdds-client-1.3.0-SNAPSHOT.jar:/home/runner/.m2/repository/org/apache/ozone/ozone-interface-client/1.3.0-SNAPSHOT/ozone-interface-client-1.3.0-SNAPSHOT.jar:/home/runner/.m2/repository/org/apache/ozone/hdds-test-utils/1.3.0-SNAPSHOT/hdds-test-utils-1.3.0-SNAPSHOT.jar:/home/runner/.m2/repository/com/google/guava/guava/30.1.1-jre/guava-30.1.1-jre.jar:/home/runner/.m2/repository/com/google/guava/failureaccess/1.0.1/failureaccess-1.0.1.jar:/home/runner/.m2/repository/com/google/guava/listenablefuture/9999.0-empty-to-avoid-conflict-with-guava/listenablefuture-9999.0-empty-to-avoid-conflict-with-guava.jar:/home/runner/.m2/repository/com/google/code/findbugs/jsr305/3.0.0/jsr305-3.0.0.jar:/home/runner/.m2/repository/org/checkerframework/checker-qual/3.8.0/checker-qual-3.8.0.jar:/home/runner/.m2/repository/com/google/errorprone/error_prone_annotations/2.2.0/error_prone_annotations-2.2.0.jar:/home/runner/.m2/repository/com/google/j2objc/j2objc-annotations/1.3/j2objc-annotations-1.3.jar:/home/runner/.m2/repository/commons-io/commons-io/2.11.0/commons-io-2.11.0.jar:/home/runner/.m2/repository/commons-logging/commons-logging/1.2/commons-logging-1.2.jar:/home/runner/.m2/repository/log4j/log4j/1.2.17/log4j-1.2.17.jar:/home/runner/.m2/repository/org/slf4j/slf4j-api/1.7.30/slf4j-api-1.7.30.jar:/home/runner/.m2/repository/org/apache/ozone/hdds-server-scm/1.3.0-SNAPSHOT/hdds-server-scm-1.3.0-SNAPSHOT.jar:/home/runner/.m2/repository/org/apache/ozone/hdds-container-service/1.3.0-SNAPSHOT/hdds-container-service-1.3.0-SNAPSHOT.jar:/home/runner/.m2/repository/org/apache/ozone/hdds-hadoop-dependency-server/1.3.0-SNAPSHOT/hdds-hadoop-dependency-server-1.3.0-SNAPSHOT.jar:/home/runner/.m2/repository/org/apache/hadoop/hadoop-hdfs/3.3.1/hadoop-hdfs-3.3.1.jar:/home/runner/.m2/repository/org/apache/ozone/hdds-server-framework/1.3.0-SNAPSHOT/hdds-server-framework-1.3.0-SNAPSHOT.jar:/home/runner/.m2/repository/org/apache/ozone/hdds-interface-server/1.3.0-SNAPSHOT/hdds-interface-server-1.3.0-SNAPSHOT.jar:/home/runner/.m2/repository/org/eclipse/jetty/jetty-servlet/9.4.43.v20210629/jetty-servlet-9.4.43.v20210629.jar:/home/runner/.m2/repository/org/eclipse/jetty/jetty-security/9.4.43.v20210629/jetty-security-9.4.43.v20210629.jar:/home/runner/.m2/repository/org/rocksdb/rocksdbjni/6.25.3/rocksdbjni-6.25.3.jar:/home/runner/.m2/repository/io/prometheus/simpleclient_dropwizard/0.7.0/simpleclient_dropwizard-0.7.0.jar:/home/runner/.m2/repository/io/prometheus/simpleclient/0.7.0/simpleclient-0.7.0.jar:/home/runner/.m2/repository/io/prometheus/simpleclient_common/0.7.0/simpleclient_common-0.7.0.jar:/home/runner/.m2/repository/com/fasterxml/jackson/datatype/jackson-datatype-jsr310/2.12.1/jackson-datatype-jsr310-2.12.1.jar:/home/runner/.m2/repository/io/dropwizard/metrics/metrics-core/3.2.4/metrics-core-3.2.4.jar:/home/runner/.m2/repository/org/apache/hadoop/hadoop-hdfs-client/3.3.1/hadoop-hdfs-client-3.3.1.jar:/home/runner/.m2/repository/org/bouncycastle/bcprov-jdk15on/1.67/bcprov-jdk15on-1.67.jar:/home/runner/.m2/repository/com/google/protobuf/protobuf-java/2.5.0/protobuf-java-2.5.0.jar:/home/runner/.m2/repository/org/apache/ozone/ozone-manager/1.3.0-SNAPSHOT/ozone-manager-1.3.0-SNAPSHOT.jar:/home/runner/.m2/repository/org/aspectj/aspectjrt/1.9.7/aspectjrt-1.9.7.jar:/home/runner/.m2/repository/org/aspectj/aspectjweaver/1.9.7/aspectjweaver-1.9.7.jar:/home/runner/.m2/repository/org/apache/ozone/hdds-interface-client/1.3.0-SNAPSHOT/hdds-interface-client-1.3.0-SNAPSHOT.jar:/home/runner/.m2/repository/org/apache/hadoop/thirdparty/hadoop-shaded-protobuf_3_7/1.1.1/hadoop-shaded-protobuf_3_7-1.1.1.jar:/home/runner/.m2/repository/org/apache/ozone/ozone-interface-storage/1.3.0-SNAPSHOT/ozone-interface-storage-1.3.0-SNAPSHOT.jar:/home/runner/.m2/repository/org/reflections/reflections/0.9.11/reflections-0.9.11.jar:/home/runner/.m2/repository/org/apache/hadoop/hadoop-minikdc/3.3.1/hadoop-minikdc-3.3.1.jar:/home/runner/.m2/repository/org/apache/kerby/kerb-simplekdc/1.0.1/kerb-simplekdc-1.0.1.jar:/home/runner/.m2/repository/org/apache/kerby/kerb-client/1.0.1/kerb-client-1.0.1.jar:/home/runner/.m2/repository/org/apache/kerby/kerby-config/1.0.1/kerby-config-1.0.1.jar:/home/runner/.m2/repository/org/apache/kerby/kerb-common/1.0.1/kerb-common-1.0.1.jar:/home/runner/.m2/repository/org/apache/kerby/kerb-crypto/1.0.1/kerb-crypto-1.0.1.jar:/home/runner/.m2/repository/org/apache/kerby/kerb-util/1.0.1/kerb-util-1.0.1.jar:/home/runner/.m2/repository/org/apache/kerby/token-provider/1.0.1/token-provider-1.0.1.jar:/home/runner/.m2/repository/org/apache/kerby/kerb-admin/1.0.1/kerb-admin-1.0.1.jar:/home/runner/.m2/repository/org/apache/kerby/kerb-server/1.0.1/kerb-server-1.0.1.jar:/home/runner/.m2/repository/org/apache/kerby/kerb-identity/1.0.1/kerb-identity-1.0.1.jar:/home/runner/.m2/repository/org/apache/kerby/kerby-xdr/1.0.1/kerby-xdr-1.0.1.jar:/home/runner/.m2/repository/org/slf4j/slf4j-log4j12/1.7.30/slf4j-log4j12-1.7.30.jar:/home/runner/.m2/repository/org/apache/ozone/ozone-s3gateway/1.3.0-SNAPSHOT/ozone-s3gateway-1.3.0-SNAPSHOT.jar:/home/runner/.m2/repository/org/javassist/javassist/3.21.0-GA/javassist-3.21.0-GA.jar:/home/runner/.m2/repository/org/jboss/weld/servlet/weld-servlet/2.4.7.Final/weld-servlet-2.4.7.Final.jar:/home/runner/.m2/repository/org/glassfish/jersey/containers/jersey-container-servlet-core/2.33/jersey-container-servlet-core-2.33.jar:/home/runner/.m2/repository/org/glassfish/hk2/external/jakarta.inject/2.6.1/jakarta.inject-2.6.1.jar:/home/runner/.m2/repository/org/glassfish/jersey/core/jersey-common/2.33/jersey-common-2.33.jar:/home/runner/.m2/repository/jakarta/ws/rs/jakarta.ws.rs-api/2.1.6/jakarta.ws.rs-api-2.1.6.jar:/home/runner/.m2/repository/org/glassfish/jersey/ext/cdi/jersey-cdi1x/2.33/jersey-cdi1x-2.33.jar:/home/runner/.m2/repository/org/glassfish/jersey/inject/jersey-hk2/2.33/jersey-hk2-2.33.jar:/home/runner/.m2/repository/org/glassfish/hk2/hk2-locator/2.6.1/hk2-locator-2.6.1.jar:/home/runner/.m2/repository/org/glassfish/jersey/media/jersey-media-jaxb/2.33/jersey-media-jaxb-2.33.jar:/home/runner/.m2/repository/org/glassfish/hk2/osgi-resource-locator/1.0.3/osgi-resource-locator-1.0.3.jar:/home/runner/.m2/repository/org/glassfish/hk2/hk2-api/2.5.0/hk2-api-2.5.0.jar:/home/runner/.m2/repository/org/glassfish/hk2/hk2-utils/2.5.0/hk2-utils-2.5.0.jar:/home/runner/.m2/repository/org/glassfish/hk2/external/aopalliance-repackaged/2.5.0/aopalliance-repackaged-2.5.0.jar:/home/runner/.m2/repository/com/fasterxml/jackson/dataformat/jackson-dataformat-xml/2.12.1/jackson-dataformat-xml-2.12.1.jar:/home/runner/.m2/repository/com/fasterxml/jackson/core/jackson-core/2.12.1/jackson-core-2.12.1.jar:/home/runner/.m2/repository/com/fasterxml/jackson/module/jackson-module-jaxb-annotations/2.12.1/jackson-module-jaxb-annotations-2.12.1.jar:/home/runner/.m2/repository/jakarta/xml/bind/jakarta.xml.bind-api/2.3.2/jakarta.xml.bind-api-2.3.2.jar:/home/runner/.m2/repository/org/codehaus/woodstox/stax2-api/3.1.4/stax2-api-3.1.4.jar:/home/runner/.m2/repository/com/fasterxml/woodstox/woodstox-core/5.0.3/woodstox-core-5.0.3.jar:/home/runner/.m2/repository/javax/enterprise/cdi-api/1.2/cdi-api-1.2.jar:/home/runner/.m2/repository/javax/el/javax.el-api/3.0.0/javax.el-api-3.0.0.jar:/home/runner/.m2/repository/javax/interceptor/javax.interceptor-api/1.2/javax.interceptor-api-1.2.jar:/home/runner/.m2/repository/javax/inject/javax.inject/1/javax.inject-1.jar:/home/runner/.m2/repository/javax/xml/bind/jaxb-api/2.3.0/jaxb-api-2.3.0.jar:/home/runner/.m2/repository/org/glassfish/jaxb/jaxb-runtime/2.3.0.1/jaxb-runtime-2.3.0.1.jar:/home/runner/.m2/repository/org/glassfish/jaxb/jaxb-core/2.3.0.1/jaxb-core-2.3.0.1.jar:/home/runner/.m2/repository/org/glassfish/jaxb/txw2/2.3.0.1/txw2-2.3.0.1.jar:/home/runner/.m2/repository/com/sun/istack/istack-commons-runtime/3.0.5/istack-commons-runtime-3.0.5.jar:/home/runner/.m2/repository/org/jvnet/staxex/stax-ex/1.7.8/stax-ex-1.7.8.jar:/home/runner/.m2/repository/com/sun/xml/fastinfoset/FastInfoset/1.2.13/FastInfoset-1.2.13.jar:/home/runner/.m2/repository/javax/activation/activation/1.1.1/activation-1.1.1.jar:/home/runner/.m2/repository/org/apache/ozone/ozone-csi/1.3.0-SNAPSHOT/ozone-csi-1.3.0-SNAPSHOT.jar:/home/runner/.m2/repository/com/google/protobuf/protobuf-java-util/3.12.0/protobuf-java-util-3.12.0.jar:/home/runner/.m2/repository/com/google/code/gson/gson/2.2.4/gson-2.2.4.jar:/home/runner/.m2/repository/org/apache/ozone/hdds-config/1.3.0-SNAPSHOT/hdds-config-1.3.0-SNAPSHOT.jar:/home/runner/.m2/repository/io/grpc/grpc-netty/1.33.0/grpc-netty-1.33.0.jar:/home/runner/.m2/repository/io/grpc/grpc-core/1.33.0/grpc-core-1.33.0.jar:/home/runner/.m2/repository/com/google/android/annotations/4.1.1.4/annotations-4.1.1.4.jar:/home/runner/.m2/repository/io/netty/netty-codec-http2/4.1.63.Final/netty-codec-http2-4.1.63.Final.jar:/home/runner/.m2/repository/io/netty/netty-codec-http/4.1.63.Final/netty-codec-http-4.1.63.Final.jar:/home/runner/.m2/repository/io/netty/netty-handler-proxy/4.1.63.Final/netty-handler-proxy-4.1.63.Final.jar:/home/runner/.m2/repository/io/netty/netty-codec-socks/4.1.63.Final/netty-codec-socks-4.1.63.Final.jar:/home/runner/.m2/repository/io/perfmark/perfmark-api/0.19.0/perfmark-api-0.19.0.jar:/home/runner/.m2/repository/org/codehaus/mojo/animal-sniffer-annotations/1.18/animal-sniffer-annotations-1.18.jar:/home/runner/.m2/repository/io/netty/netty-transport-native-epoll/4.1.63.Final/netty-transport-native-epoll-4.1.63.Final.jar:/home/runner/.m2/repository/io/netty/netty-common/4.1.63.Final/netty-common-4.1.63.Final.jar:/home/runner/.m2/repository/io/netty/netty-buffer/4.1.63.Final/netty-buffer-4.1.63.Final.jar:/home/runner/.m2/repository/io/netty/netty-transport-native-unix-common/4.1.63.Final/netty-transport-native-unix-common-4.1.63.Final.jar:/home/runner/.m2/repository/io/grpc/grpc-protobuf/1.33.0/grpc-protobuf-1.33.0.jar:/home/runner/.m2/repository/io/grpc/grpc-api/1.33.0/grpc-api-1.33.0.jar:/home/runner/.m2/repository/io/grpc/grpc-context/1.33.0/grpc-context-1.33.0.jar:/home/runner/.m2/repository/com/google/api/grpc/proto-google-common-protos/1.17.0/proto-google-common-protos-1.17.0.jar:/home/runner/.m2/repository/io/grpc/grpc-protobuf-lite/1.33.0/grpc-protobuf-lite-1.33.0.jar:/home/runner/.m2/repository/io/grpc/grpc-stub/1.33.0/grpc-stub-1.33.0.jar:/home/runner/.m2/repository/org/apache/ozone/ozone-recon/1.3.0-SNAPSHOT/ozone-recon-1.3.0-SNAPSHOT.jar:/home/runner/.m2/repository/org/apache/ozone/ozone-reconcodegen/1.3.0-SNAPSHOT/ozone-reconcodegen-1.3.0-SNAPSHOT.jar:/home/runner/.m2/repository/com/google/inject/extensions/guice-multibindings/4.0/guice-multibindings-4.0.jar:/home/runner/.m2/repository/com/google/inject/guice/4.0/guice-4.0.jar:/home/runner/.m2/repository/aopalliance/aopalliance/1.0/aopalliance-1.0.jar:/home/runner/.m2/repository/com/google/inject/extensions/guice-assistedinject/4.0/guice-assistedinject-4.0.jar:/home/runner/.m2/repository/com/google/inject/extensions/guice-servlet/4.0/guice-servlet-4.0.jar:/home/runner/.m2/repository/org/glassfish/jersey/containers/jersey-container-servlet/2.33/jersey-container-servlet-2.33.jar:/home/runner/.m2/repository/org/glassfish/hk2/guice-bridge/2.5.0/guice-bridge-2.5.0.jar:/home/runner/.m2/repository/org/glassfish/jersey/core/jersey-server/2.33/jersey-server-2.33.jar:/home/runner/.m2/repository/org/glassfish/jersey/core/jersey-client/2.33/jersey-client-2.33.jar:/home/runner/.m2/repository/jakarta/annotation/jakarta.annotation-api/1.3.5/jakarta.annotation-api-1.3.5.jar:/home/runner/.m2/repository/jakarta/validation/jakarta.validation-api/2.0.2/jakarta.validation-api-2.0.2.jar:/home/runner/.m2/repository/org/glassfish/jersey/media/jersey-media-json-jackson/2.33/jersey-media-json-jackson-2.33.jar:/home/runner/.m2/repository/org/glassfish/jersey/ext/jersey-entity-filtering/2.33/jersey-entity-filtering-2.33.jar:/home/runner/.m2/repository/org/jooq/jooq/3.11.10/jooq-3.11.10.jar:/home/runner/.m2/repository/org/jooq/jooq-meta/3.11.10/jooq-meta-3.11.10.jar:/home/runner/.m2/repository/org/jooq/jooq-codegen/3.11.10/jooq-codegen-3.11.10.jar:/home/runner/.m2/repository/com/jolbox/bonecp/0.8.0.RELEASE/bonecp-0.8.0.RELEASE.jar:/home/runner/.m2/repository/org/apache/derby/derby/10.14.2.0/derby-10.14.2.0.jar:/home/runner/.m2/repository/org/xerial/sqlite-jdbc/3.25.2/sqlite-jdbc-3.25.2.jar:/home/runner/.m2/repository/org/springframework/spring-jdbc/5.2.18.RELEASE/spring-jdbc-5.2.18.RELEASE.jar:/home/runner/.m2/repository/org/springframework/spring-beans/5.2.18.RELEASE/spring-beans-5.2.18.RELEASE.jar:/home/runner/.m2/repository/org/springframework/spring-core/5.2.18.RELEASE/spring-core-5.2.18.RELEASE.jar:/home/runner/.m2/repository/org/springframework/spring-jcl/5.2.18.RELEASE/spring-jcl-5.2.18.RELEASE.jar:/home/runner/.m2/repository/org/springframework/spring-tx/5.2.18.RELEASE/spring-tx-5.2.18.RELEASE.jar:/home/runner/.m2/repository/org/apache/ozone/ozone-client/1.3.0-SNAPSHOT/ozone-client-1.3.0-SNAPSHOT.jar:/home/runner/.m2/repository/org/apache/ozone/ozone-filesystem/1.3.0-SNAPSHOT/ozone-filesystem-1.3.0-SNAPSHOT.jar:/home/runner/.m2/repository/org/apache/ozone/ozone-filesystem-common/1.3.0-SNAPSHOT/ozone-filesystem-common-1.3.0-SNAPSHOT.jar:/home/runner/.m2/repository/org/apache/ozone/ozone-tools/1.3.0-SNAPSHOT/ozone-tools-1.3.0-SNAPSHOT.jar:/home/runner/.m2/repository/org/apache/ratis/ratis-tools/2.2.0/ratis-tools-2.2.0.jar:/home/runner/.m2/repository/com/amazonaws/aws-java-sdk-core/1.12.124/aws-java-sdk-core-1.12.124.jar:/home/runner/.m2/repository/org/apache/httpcomponents/httpclient/4.5.13/httpclient-4.5.13.jar:/home/runner/.m2/repository/org/apache/httpcomponents/httpcore/4.4.13/httpcore-4.4.13.jar:/home/runner/.m2/repository/software/amazon/ion/ion-java/1.0.2/ion-java-1.0.2.jar:/home/runner/.m2/repository/com/fasterxml/jackson/dataformat/jackson-dataformat-cbor/2.12.1/jackson-dataformat-cbor-2.12.1.jar:/home/runner/.m2/repository/joda-time/joda-time/2.8.1/joda-time-2.8.1.jar:/home/runner/.m2/repository/com/amazonaws/aws-java-sdk-s3/1.12.124/aws-java-sdk-s3-1.12.124.jar:/home/runner/.m2/repository/com/amazonaws/aws-java-sdk-kms/1.12.124/aws-java-sdk-kms-1.12.124.jar:/home/runner/.m2/repository/com/amazonaws/jmespath-java/1.12.124/jmespath-java-1.12.124.jar:/home/runner/.m2/repository/org/kohsuke/metainf-services/metainf-services/1.8/metainf-services-1.8.jar:/home/runner/.m2/repository/org/apache/ozone/hdds-tools/1.3.0-SNAPSHOT/hdds-tools-1.3.0-SNAPSHOT.jar:/home/runner/.m2/repository/commons-cli/commons-cli/1.2/commons-cli-1.2.jar:/home/runner/.m2/repository/org/apache/commons/commons-lang3/3.7/commons-lang3-3.7.jar:/home/runner/.m2/repository/org/apache/ozone/ozone-manager/1.3.0-SNAPSHOT/ozone-manager-1.3.0-SNAPSHOT-tests.jar:/home/runner/.m2/repository/org/apache/ozone/hdds-common/1.3.0-SNAPSHOT/hdds-common-1.3.0-SNAPSHOT-tests.jar:/home/runner/.m2/repository/org/apache/ozone/hdds-hadoop-dependency-client/1.3.0-SNAPSHOT/hdds-hadoop-dependency-client-1.3.0-SNAPSHOT.jar:/home/runner/.m2/repository/info/picocli/picocli/4.6.1/picocli-4.6.1.jar:/home/runner/.m2/repository/com/fasterxml/jackson/core/jackson-annotations/2.12.1/jackson-annotations-2.12.1.jar:/home/runner/.m2/repository/javax/annotation/javax.annotation-api/1.2/javax.annotation-api-1.2.jar:/home/runner/.m2/repository/org/apache/ratis/ratis-server/2.2.0/ratis-server-2.2.0.jar:/home/runner/.m2/repository/org/apache/ratis/ratis-client/2.2.0/ratis-client-2.2.0.jar:/home/runner/.m2/repository/org/apache/ratis/ratis-server-api/2.2.0/ratis-server-api-2.2.0.jar:/home/runner/.m2/repository/org/apache/ratis/ratis-metrics/2.2.0/ratis-metrics-2.2.0.jar:/home/runner/.m2/repository/org/apache/ratis/ratis-netty/2.2.0/ratis-netty-2.2.0.jar:/home/runner/.m2/repository/org/apache/ratis/ratis-grpc/2.2.0/ratis-grpc-2.2.0.jar:/home/runner/.m2/repository/org/apache/logging/log4j/log4j-api/2.17.1/log4j-api-2.17.1.jar:/home/runner/.m2/repository/org/apache/logging/log4j/log4j-core/2.17.1/log4j-core-2.17.1.jar:/home/runner/.m2/repository/com/lmax/disruptor/3.4.2/disruptor-3.4.2.jar:/home/runner/.m2/repository/org/apache/commons/commons-pool2/2.6.0/commons-pool2-2.6.0.jar:/home/runner/.m2/repository/org/bouncycastle/bcpkix-jdk15on/1.67/bcpkix-jdk15on-1.67.jar:/home/runner/.m2/repository/commons-validator/commons-validator/1.6/commons-validator-1.6.jar:/home/runner/.m2/repository/commons-beanutils/commons-beanutils/1.9.4/commons-beanutils-1.9.4.jar:/home/runner/.m2/repository/commons-digester/commons-digester/1.8.1/commons-digester-1.8.1.jar:/home/runner/.m2/repository/commons-collections/commons-collections/3.2.2/commons-collections-3.2.2.jar:/home/runner/.m2/repository/io/jaegertracing/jaeger-client/1.6.0/jaeger-client-1.6.0.jar:/home/runner/.m2/repository/io/jaegertracing/jaeger-thrift/1.6.0/jaeger-thrift-1.6.0.jar:/home/runner/.m2/repository/org/apache/thrift/libthrift/0.14.1/libthrift-0.14.1.jar:/home/runner/.m2/repository/com/squareup/okhttp3/okhttp/4.9.0/okhttp-4.9.0.jar:/home/runner/.m2/repository/com/squareup/okio/okio/2.8.0/okio-2.8.0.jar:/home/runner/.m2/repository/io/jaegertracing/jaeger-core/1.6.0/jaeger-core-1.6.0.jar:/home/runner/.m2/repository/io/jaegertracing/jaeger-tracerresolver/1.6.0/jaeger-tracerresolver-1.6.0.jar:/home/runner/.m2/repository/io/opentracing/contrib/opentracing-tracerresolver/0.1.8/opentracing-tracerresolver-0.1.8.jar:/home/runner/.m2/repository/org/jetbrains/kotlin/kotlin-stdlib/1.4.31/kotlin-stdlib-1.4.31.jar:/home/runner/.m2/repository/org/jetbrains/kotlin/kotlin-stdlib-common/1.4.31/kotlin-stdlib-common-1.4.31.jar:/home/runner/.m2/repository/org/jetbrains/annotations/13.0/annotations-13.0.jar:/home/runner/.m2/repository/io/opentracing/opentracing-util/0.33.0/opentracing-util-0.33.0.jar:/home/runner/.m2/repository/io/opentracing/opentracing-api/0.33.0/opentracing-api-0.33.0.jar:/home/runner/.m2/repository/io/opentracing/opentracing-noop/0.33.0/opentracing-noop-0.33.0.jar:/home/runner/.m2/repository/org/yaml/snakeyaml/1.26/snakeyaml-1.26.jar:/home/runner/.m2/repository/org/apache/ozone/hdds-interface-admin/1.3.0-SNAPSHOT/hdds-interface-admin-1.3.0-SNAPSHOT.jar:/home/runner/.m2/repository/junit/junit/4.13.1/junit-4.13.1.jar:/home/runner/.m2/repository/org/hamcrest/hamcrest-core/1.3/hamcrest-core-1.3.jar:/home/runner/.m2/repository/org/junit/jupiter/junit-jupiter-api/5.7.0/junit-jupiter-api-5.7.0.jar:/home/runner/.m2/repository/org/apiguardian/apiguardian-api/1.1.0/apiguardian-api-1.1.0.jar:/home/runner/.m2/repository/org/opentest4j/opentest4j/1.2.0/opentest4j-1.2.0.jar:/home/runner/.m2/repository/org/junit/platform/junit-platform-commons/1.7.0/junit-platform-commons-1.7.0.jar:/home/runner/.m2/repository/org/junit/jupiter/junit-jupiter-engine/5.7.0/junit-jupiter-engine-5.7.0.jar:/home/runner/.m2/repository/org/junit/platform/junit-platform-engine/1.7.0/junit-platform-engine-1.7.0.jar:/home/runner/.m2/repository/org/junit/vintage/junit-vintage-engine/5.7.0/junit-vintage-engine-5.7.0.jar:/home/runner/.m2/repository/org/junit/platform/junit-platform-launcher/1.7.0/junit-platform-launcher-1.7.0.jar:/home/runner/.m2/repository/org/mockito/mockito-core/2.28.2/mockito-core-2.28.2.jar:/home/runner/.m2/repository/net/bytebuddy/byte-buddy/1.9.10/byte-buddy-1.9.10.jar:/home/runner/.m2/repository/net/bytebuddy/byte-buddy-agent/1.9.10/byte-buddy-agent-1.9.10.jar:/home/runner/.m2/repository/org/objenesis/objenesis/1.0/objenesis-1.0.jar:/home/runner/.m2/repository/org/apache/hadoop/hadoop-kms/3.3.1/hadoop-kms-3.3.1.jar:/home/runner/.m2/repository/org/apache/hadoop/hadoop-auth/3.3.1/hadoop-auth-3.3.1.jar:/home/runner/.m2/repository/com/nimbusds/nimbus-jose-jwt/7.9/nimbus-jose-jwt-7.9.jar:/home/runner/.m2/repository/com/github/stephenc/jcip/jcip-annotations/1.0-1/jcip-annotations-1.0-1.jar:/home/runner/.m2/repository/net/minidev/json-smart/2.4.7/json-smart-2.4.7.jar:/home/runner/.m2/repository/net/minidev/accessors-smart/2.4.7/accessors-smart-2.4.7.jar:/home/runner/.m2/repository/org/ow2/asm/asm/5.0.4/asm-5.0.4.jar:/home/runner/.m2/repository/org/apache/zookeeper/zookeeper/3.5.6/zookeeper-3.5.6.jar:/home/runner/.m2/repository/org/apache/zookeeper/zookeeper-jute/3.5.6/zookeeper-jute-3.5.6.jar:/home/runner/.m2/repository/org/apache/yetus/audience-annotations/0.5.0/audience-annotations-0.5.0.jar:/home/runner/.m2/repository/org/apache/curator/curator-framework/4.2.0/curator-framework-4.2.0.jar:/home/runner/.m2/repository/org/apache/hadoop/thirdparty/hadoop-shaded-guava/1.1.1/hadoop-shaded-guava-1.1.1.jar:/home/runner/.m2/repository/com/sun/jersey/jersey-core/1.19/jersey-core-1.19.jar:/home/runner/.m2/repository/javax/ws/rs/jsr311-api/1.1.1/jsr311-api-1.1.1.jar:/home/runner/.m2/repository/com/sun/jersey/jersey-server/1.19/jersey-server-1.19.jar:/home/runner/.m2/repository/javax/servlet/javax.servlet-api/3.1.0/javax.servlet-api-3.1.0.jar:/home/runner/.m2/repository/org/eclipse/jetty/jetty-server/9.4.43.v20210629/jetty-server-9.4.43.v20210629.jar:/home/runner/.m2/repository/org/eclipse/jetty/jetty-http/9.4.43.v20210629/jetty-http-9.4.43.v20210629.jar:/home/runner/.m2/repository/org/eclipse/jetty/jetty-io/9.4.43.v20210629/jetty-io-9.4.43.v20210629.jar:/home/runner/.m2/repository/org/eclipse/jetty/jetty-webapp/9.4.43.v20210629/jetty-webapp-9.4.43.v20210629.jar:/home/runner/.m2/repository/org/eclipse/jetty/jetty-xml/9.4.43.v20210629/jetty-xml-9.4.43.v20210629.jar:/home/runner/.m2/repository/org/apache/hadoop/hadoop-common/3.3.1/hadoop-common-3.3.1.jar:/home/runner/.m2/repository/org/apache/commons/commons-math3/3.1.1/commons-math3-3.1.1.jar:/home/runner/.m2/repository/commons-net/commons-net/3.6/commons-net-3.6.jar:/home/runner/.m2/repository/jakarta/activation/jakarta.activation-api/1.2.1/jakarta.activation-api-1.2.1.jar:/home/runner/.m2/repository/com/sun/jersey/jersey-servlet/1.19/jersey-servlet-1.19.jar:/home/runner/.m2/repository/com/sun/jersey/jersey-json/1.19/jersey-json-1.19.jar:/home/runner/.m2/repository/org/codehaus/jettison/jettison/1.1/jettison-1.1.jar:/home/runner/.m2/repository/com/sun/xml/bind/jaxb-impl/2.2.3-1/jaxb-impl-2.2.3-1.jar:/home/runner/.m2/repository/org/codehaus/jackson/jackson-jaxrs/1.9.2/jackson-jaxrs-1.9.2.jar:/home/runner/.m2/repository/org/codehaus/jackson/jackson-xc/1.9.2/jackson-xc-1.9.2.jar:/home/runner/.m2/repository/org/apache/commons/commons-configuration2/2.1.1/commons-configuration2-2.1.1.jar:/home/runner/.m2/repository/org/apache/commons/commons-text/1.4/commons-text-1.4.jar:/home/runner/.m2/repository/com/google/re2j/re2j/1.1/re2j-1.1.jar:/home/runner/.m2/repository/com/jcraft/jsch/0.1.54/jsch-0.1.54.jar:/home/runner/.m2/repository/org/apache/curator/curator-client/4.2.0/curator-client-4.2.0.jar:/home/runner/.m2/repository/org/apache/curator/curator-recipes/4.2.0/curator-recipes-4.2.0.jar:/home/runner/.m2/repository/org/apache/kerby/kerb-core/1.0.1/kerb-core-1.0.1.jar:/home/runner/.m2/repository/org/apache/kerby/kerby-pkix/1.0.1/kerby-pkix-1.0.1.jar:/home/runner/.m2/repository/org/apache/kerby/kerby-asn1/1.0.1/kerby-asn1-1.0.1.jar:/home/runner/.m2/repository/org/apache/kerby/kerby-util/1.0.1/kerby-util-1.0.1.jar:/home/runner/.m2/repository/dnsjava/dnsjava/2.1.7/dnsjava-2.1.7.jar:/home/runner/.m2/repository/org/xerial/snappy/snappy-java/1.1.8.2/snappy-java-1.1.8.2.jar:/home/runner/.m2/repository/org/slf4j/jul-to-slf4j/1.7.30/jul-to-slf4j-1.7.30.jar:/home/runner/.m2/repository/org/eclipse/jetty/jetty-util/9.4.43.v20210629/jetty-util-9.4.43.v20210629.jar:/home/runner/.m2/repository/com/fasterxml/jackson/core/jackson-databind/2.12.1/jackson-databind-2.12.1.jar:/home/runner/.m2/repository/org/apache/hadoop/hadoop-kms/3.3.1/hadoop-kms-3.3.1-tests.jar:/home/runner/.m2/repository/org/apache/ozone/hdds-server-scm/1.3.0-SNAPSHOT/hdds-server-scm-1.3.0-SNAPSHOT-tests.jar:/home/runner/.m2/repository/org/apache/ozone/hdds-container-service/1.3.0-SNAPSHOT/hdds-container-service-1.3.0-SNAPSHOT-tests.jar:/home/runner/.m2/repository/commons-codec/commons-codec/1.11/commons-codec-1.11.jar:/home/runner/.m2/repository/io/netty/netty-transport/4.1.63.Final/netty-transport-4.1.63.Final.jar:/home/runner/.m2/repository/io/netty/netty-resolver/4.1.63.Final/netty-resolver-4.1.63.Final.jar:/home/runner/.m2/repository/io/netty/netty-codec/4.1.63.Final/netty-codec-4.1.63.Final.jar:/home/runner/.m2/repository/io/netty/netty-handler/4.1.63.Final/netty-handler-4.1.63.Final.jar:/home/runner/.m2/repository/org/apache/ozone/hdds-hadoop-dependency-test/1.3.0-SNAPSHOT/hdds-hadoop-dependency-test-1.3.0-SNAPSHOT.jar:/home/runner/.m2/repository/org/apache/hadoop/hadoop-common/3.3.1/hadoop-common-3.3.1-tests.jar:/home/runner/.m2/repository/org/assertj/assertj-core/3.12.2/assertj-core-3.12.2.jar:/home/runner/.m2/repository/org/apache/hadoop/hadoop-hdfs/3.3.1/hadoop-hdfs-3.3.1-tests.jar:/home/runner/.m2/repository/org/eclipse/jetty/jetty-util-ajax/9.4.43.v20210629/jetty-util-ajax-9.4.43.v20210629.jar:/home/runner/.m2/repository/commons-daemon/commons-daemon/1.0.13/commons-daemon-1.0.13.jar:/home/runner/.m2/repository/io/netty/netty/3.10.6.Final/netty-3.10.6.Final.jar:/home/runner/.m2/repository/io/netty/netty-all/4.1.63.Final/netty-all-4.1.63.Final.jar:/home/runner/.m2/repository/org/apache/htrace/htrace-core4/4.1.0-incubating/htrace-core4-4.1.0-incubating.jar:/home/runner/.m2/repository/org/fusesource/leveldbjni/leveldbjni-all/1.8/leveldbjni-all-1.8.jar:/home/runner/.m2/repository/org/apache/hadoop/hadoop-distcp/3.3.1/hadoop-distcp-3.3.1.jar:/home/runner/.m2/repository/org/apache/hadoop/hadoop-mapreduce-client-jobclient/3.3.1/hadoop-mapreduce-client-jobclient-3.3.1.jar:/home/runner/.m2/repository/org/apache/hadoop/hadoop-mapreduce-client-common/3.3.1/hadoop-mapreduce-client-common-3.3.1.jar:/home/runner/.m2/repository/org/apache/hadoop/hadoop-yarn-common/3.3.1/hadoop-yarn-common-3.3.1.jar:/home/runner/.m2/repository/org/apache/hadoop/hadoop-yarn-api/3.3.1/hadoop-yarn-api-3.3.1.jar:/home/runner/.m2/repository/com/sun/jersey/jersey-client/1.19/jersey-client-1.19.jar:/home/runner/.m2/repository/com/sun/jersey/contribs/jersey-guice/1.19/jersey-guice-1.19.jar:/home/runner/.m2/repository/com/fasterxml/jackson/jaxrs/jackson-jaxrs-json-provider/2.12.1/jackson-jaxrs-json-provider-2.12.1.jar:/home/runner/.m2/repository/com/fasterxml/jackson/jaxrs/jackson-jaxrs-base/2.12.1/jackson-jaxrs-base-2.12.1.jar:/home/runner/.m2/repository/org/apache/hadoop/hadoop-yarn-client/3.3.1/hadoop-yarn-client-3.3.1.jar:/home/runner/.m2/repository/org/eclipse/jetty/websocket/websocket-client/9.4.40.v20210413/websocket-client-9.4.40.v20210413.jar:/home/runner/.m2/repository/org/eclipse/jetty/jetty-client/9.4.40.v20210413/jetty-client-9.4.40.v20210413.jar:/home/runner/.m2/repository/org/eclipse/jetty/websocket/websocket-common/9.4.40.v20210413/websocket-common-9.4.40.v20210413.jar:/home/runner/.m2/repository/org/eclipse/jetty/websocket/websocket-api/9.4.40.v20210413/websocket-api-9.4.40.v20210413.jar:/home/runner/.m2/repository/org/jline/jline/3.9.0/jline-3.9.0.jar:/home/runner/.m2/repository/org/apache/hadoop/hadoop-mapreduce-client-core/3.3.1/hadoop-mapreduce-client-core-3.3.1.jar:/home/runner/.m2/repository/org/apache/avro/avro/1.7.7/avro-1.7.7.jar:/home/runner/.m2/repository/org/codehaus/jackson/jackson-core-asl/1.9.13/jackson-core-asl-1.9.13.jar:/home/runner/.m2/repository/org/codehaus/jackson/jackson-mapper-asl/1.9.13/jackson-mapper-asl-1.9.13.jar:/home/runner/.m2/repository/com/thoughtworks/paranamer/paranamer/2.3/paranamer-2.3.jar:/home/runner/.m2/repository/org/apache/hadoop/hadoop-annotations/3.3.1/hadoop-annotations-3.3.1.jar:/usr/lib/jvm/temurin-8-jdk-amd64/jre/../lib/tools.jar:/home/runner/.m2/repository/org/apache/hadoop/hadoop-distcp/3.3.1/hadoop-distcp-3.3.1-tests.jar:/home/runner/.m2/repository/org/apache/ratis/ratis-common/2.2.0/ratis-common-2.2.0.jar:/home/runner/.m2/repository/org/apache/ratis/ratis-thirdparty-misc/0.7.0/ratis-thirdparty-misc-0.7.0.jar:/home/runner/.m2/repository/org/apache/ratis/ratis-proto/2.2.0/ratis-proto-2.2.0.jar:"/>
    <property name="sun.cpu.endian" value="little"/>
    <property name="user.home" value="/home/runner"/>
    <property name="user.language" value="en"/>
    <property name="java.specification.vendor" value="Oracle Corporation"/>
    <property name="java.home" value="/usr/lib/jvm/temurin-8-jdk-amd64/jre"/>
    <property name="java.security.krb5.conf" value="/home/runner/work/ozone/ozone/hadoop-ozone/integration-test/target/test-classes/krb5.conf"/>
    <property name="basedir" value="/home/runner/work/ozone/ozone/hadoop-ozone/integration-test"/>
    <property name="file.separator" value="/"/>
    <property name="line.separator" value="&#10;"/>
    <property name="java.vm.specification.vendor" value="Oracle Corporation"/>
    <property name="java.specification.name" value="Java Platform API Specification"/>
    <property name="java.awt.graphicsenv" value="sun.awt.X11GraphicsEnvironment"/>
    <property name="skip.installnpx" value="true"/>
    <property name="surefire.real.class.path" value="/home/runner/work/ozone/ozone/hadoop-ozone/integration-test/target/surefire/surefirebooter2331000274108654392.jar:/home/runner/.m2/repository/org/jacoco/org.jacoco.agent/0.8.5/org.jacoco.agent-0.8.5-runtime.jar"/>
    <property name="hadoop.log.dir" value="/home/runner/work/ozone/ozone/hadoop-ozone/integration-test/target/log"/>
    <property name="sun.boot.class.path" value="/usr/lib/jvm/temurin-8-jdk-amd64/jre/lib/resources.jar:/usr/lib/jvm/temurin-8-jdk-amd64/jre/lib/rt.jar:/usr/lib/jvm/temurin-8-jdk-amd64/jre/lib/sunrsasign.jar:/usr/lib/jvm/temurin-8-jdk-amd64/jre/lib/jsse.jar:/usr/lib/jvm/temurin-8-jdk-amd64/jre/lib/jce.jar:/usr/lib/jvm/temurin-8-jdk-amd64/jre/lib/charsets.jar:/usr/lib/jvm/temurin-8-jdk-amd64/jre/lib/jfr.jar:/usr/lib/jvm/temurin-8-jdk-amd64/jre/classes"/>
    <property name="sun.management.compiler" value="HotSpot 64-Bit Tiered Compilers"/>
    <property name="skip.npx" value="true"/>
    <property name="java.runtime.version" value="1.8.0_322-b06"/>
    <property name="java.net.preferIPv4Stack" value="true"/>
    <property name="user.name" value="runner"/>
    <property name="path.separator" value=":"/>
    <property name="java.security.egd" value="file:///dev/urandom"/>
    <property name="os.version" value="5.4.0-1070-azure"/>
    <property name="java.endorsed.dirs" value="/usr/lib/jvm/temurin-8-jdk-amd64/jre/lib/endorsed"/>
    <property name="java.runtime.name" value="OpenJDK Runtime Environment"/>
    <property name="file.encoding" value="UTF-8"/>
    <property name="java.vm.name" value="OpenJDK 64-Bit Server VM"/>
    <property name="test.build.webapps" value=""/>
    <property name="localRepository" value="/home/runner/.m2/repository"/>
    <property name="java.vendor.url.bug" value="https://github.com/adoptium/adoptium-support/issues"/>
    <property name="java.io.tmpdir" value="/tmp"/>
    <property name="require.test.libhadoop" value=""/>
    <property name="java.version" value="1.8.0_322"/>
    <property name="user.dir" value="/home/runner/work/ozone/ozone/hadoop-ozone/integration-test"/>
    <property name="os.arch" value="amd64"/>
    <property name="java.vm.specification.name" value="Java Virtual Machine Specification"/>
    <property name="test.build.classes" value="/home/runner/work/ozone/ozone/hadoop-ozone/integration-test/target/test-classes"/>
    <property name="java.awt.printerjob" value="sun.print.PSPrinterJob"/>
    <property name="sun.os.patch.level" value="unknown"/>
    <property name="hadoop.tmp.dir" value="/home/runner/work/ozone/ozone/hadoop-ozone/integration-test/target/tmp"/>
    <property name="java.library.path" value="/usr/java/packages/lib/amd64:/usr/lib64:/lib64:/lib:/usr/lib"/>
    <property name="java.vm.info" value="mixed mode"/>
    <property name="java.vendor" value="Temurin"/>
    <property name="java.vm.version" value="25.322-b06"/>
    <property name="java.ext.dirs" value="/usr/lib/jvm/temurin-8-jdk-amd64/jre/lib/ext:/usr/java/packages/lib/ext"/>
    <property name="sun.io.unicode.encoding" value="UnicodeLittle"/>
    <property name="java.class.version" value="52.0"/>
  </properties>
  <testcase name="test2DatanodesFailure" classname="org.apache.hadoop.ozone.client.rpc.TestBlockOutputStreamWithFailuresFlushDelay" time="84.763"/>
  <testcase name="testDatanodeFailureWithPreAllocation" classname="org.apache.hadoop.ozone.client.rpc.TestBlockOutputStreamWithFailuresFlushDelay" time="132.095"/>
  <testcase name="testDatanodeFailureWithSingleNodeRatis" classname="org.apache.hadoop.ozone.client.rpc.TestBlockOutputStreamWithFailuresFlushDelay" time="300.061">
    <error message="test timed out after 300 seconds" type="org.junit.runners.model.TestTimedOutException">org.junit.runners.model.TestTimedOutException: test timed out after 300 seconds
	at java.lang.Object.wait(Native Method)
	at java.util.concurrent.ForkJoinTask.externalAwaitDone(ForkJoinTask.java:334)
	at java.util.concurrent.ForkJoinTask.doInvoke(ForkJoinTask.java:405)
	at java.util.concurrent.ForkJoinTask.invoke(ForkJoinTask.java:734)
	at java.util.stream.ForEachOps$ForEachOp.evaluateParallel(ForEachOps.java:159)
	at java.util.stream.ForEachOps$ForEachOp$OfRef.evaluateParallel(ForEachOps.java:173)
	at java.util.stream.AbstractPipeline.evaluate(AbstractPipeline.java:233)
	at java.util.stream.ReferencePipeline.forEach(ReferencePipeline.java:485)
	at java.util.stream.ReferencePipeline$Head.forEach(ReferencePipeline.java:650)
	at org.apache.hadoop.ozone.MiniOzoneClusterImpl.stopDatanodes(MiniOzoneClusterImpl.java:525)
	at org.apache.hadoop.ozone.MiniOzoneClusterImpl.stop(MiniOzoneClusterImpl.java:466)
	at org.apache.hadoop.ozone.MiniOzoneClusterImpl.shutdown(MiniOzoneClusterImpl.java:453)
	at org.apache.hadoop.ozone.client.rpc.TestBlockOutputStreamWithFailuresFlushDelay.shutdown(TestBlockOutputStreamWithFailuresFlushDelay.java:160)
	at sun.reflect.NativeMethodAccessorImpl.invoke0(Native Method)
	at sun.reflect.NativeMethodAccessorImpl.invoke(NativeMethodAccessorImpl.java:62)
	at sun.reflect.DelegatingMethodAccessorImpl.invoke(DelegatingMethodAccessorImpl.java:43)
	at java.lang.reflect.Method.invoke(Method.java:498)
	at org.junit.runners.model.FrameworkMethod$1.runReflectiveCall(FrameworkMethod.java:59)
	at org.junit.internal.runners.model.ReflectiveCallable.run(ReflectiveCallable.java:12)
	at org.junit.runners.model.FrameworkMethod.invokeExplosively(FrameworkMethod.java:56)
	at org.junit.internal.runners.statements.RunAfters.invokeMethod(RunAfters.java:46)
	at org.junit.internal.runners.statements.RunAfters.evaluate(RunAfters.java:33)
	at org.junit.internal.runners.statements.FailOnTimeout$CallableStatement.call(FailOnTimeout.java:288)
	at org.junit.internal.runners.statements.FailOnTimeout$CallableStatement.call(FailOnTimeout.java:282)
	at java.util.concurrent.FutureTask.run(FutureTask.java:266)
	at java.lang.Thread.run(Thread.java:750)
</error>
    <system-out><![CDATA[2022-03-02 21:32:56,439 [Time-limited test] WARN  server.ServerUtils (ServerUtils.java:getScmDbDir(148)) - ozone.scm.db.dirs is not configured. We recommend adding this setting. Falling back to ozone.metadata.dirs instead.
2022-03-02 21:32:56,448 [Time-limited test] INFO  ha.SCMHANodeDetails (SCMHANodeDetails.java:loadSCMHAConfig(157)) - ServiceID for StorageContainerManager is null
2022-03-02 21:32:56,448 [Time-limited test] INFO  ha.SCMHANodeDetails (SCMHANodeDetails.java:loadSCMHAConfig(162)) - ozone.scm.default.service.id is not defined, falling back to ozone.scm.service.ids to find serviceID for StorageContainerManager if it is HA enabled cluster
2022-03-02 21:32:56,448 [Time-limited test] INFO  server.RaftServer (ConfUtils.java:logGet(44)) - raft.rpc.type = GRPC (default)
2022-03-02 21:32:56,449 [Time-limited test] INFO  grpc.GrpcFactory (GrpcFactory.java:checkPooledByteBufAllocatorUseCacheForAllThreads(48)) - PERFORMANCE WARNING: useCacheForAllThreads is true that may cause Netty to create a lot garbage objects and, as a result, trigger GC.
	It is recommended to disable useCacheForAllThreads by setting -Dorg.apache.ratis.thirdparty.io.netty.allocator.useCacheForAllThreads=false in command line.
2022-03-02 21:32:56,449 [Time-limited test] INFO  grpc.GrpcConfigKeys (ConfUtils.java:logGet(44)) - raft.grpc.admin.port = -1 (default)
2022-03-02 21:32:56,449 [Time-limited test] INFO  grpc.GrpcConfigKeys (ConfUtils.java:logGet(44)) - raft.grpc.server.port = 9894 (custom)
2022-03-02 21:32:56,449 [Time-limited test] INFO  grpc.GrpcConfigKeys (ConfUtils.java:logGet(44)) - raft.grpc.client.port = -1 (default)
2022-03-02 21:32:56,449 [Time-limited test] INFO  grpc.GrpcConfigKeys (ConfUtils.java:logGet(44)) - raft.grpc.server.port = 9894 (custom)
2022-03-02 21:32:56,449 [Time-limited test] INFO  grpc.GrpcConfigKeys (ConfUtils.java:logGet(44)) - raft.grpc.server.port = 9894 (custom)
2022-03-02 21:32:56,449 [Time-limited test] INFO  server.GrpcService (ConfUtils.java:logGet(44)) - raft.grpc.message.size.max = 32m (=33554432) (custom)
2022-03-02 21:32:56,449 [Time-limited test] INFO  server.RaftServerConfigKeys (ConfUtils.java:logGet(44)) - raft.server.log.appender.buffer.byte-limit = 33554432 (custom)
2022-03-02 21:32:56,449 [Time-limited test] INFO  server.GrpcService (ConfUtils.java:logGet(44)) - raft.grpc.flow.control.window = 1MB (=1048576) (default)
2022-03-02 21:32:56,449 [Time-limited test] INFO  server.RaftServerConfigKeys (ConfUtils.java:logGet(44)) - raft.server.rpc.request.timeout = 30000ms (custom)
2022-03-02 21:32:56,450 [Time-limited test] INFO  impl.DataStreamServerImpl (ConfUtils.java:logGet(44)) - raft.datastream.type = DISABLED (default)
2022-03-02 21:32:56,451 [Time-limited test] INFO  server.RaftServerConfigKeys (ConfUtils.java:logGet(44)) - raft.server.rpc.slowness.timeout = 120000ms (custom)
2022-03-02 21:32:56,451 [Time-limited test] INFO  server.RaftServerConfigKeys (ConfUtils.java:logGet(44)) - raft.server.leaderelection.leader.step-down.wait-time = 10s (default)
2022-03-02 21:32:56,451 [Time-limited test] INFO  server.RaftServerConfigKeys (ConfUtils.java:logGet(44)) - raft.server.storage.dir = [/home/runner/work/ozone/ozone/hadoop-ozone/integration-test/target/test-dir/MiniOzoneClusterImpl-f745d883-409d-4598-9a00-e779d9019c18/ozone-meta/scm-ha] (custom)
2022-03-02 21:32:56,490 [Time-limited test] INFO  server.RaftServer (RaftServerProxy.java:addNew(95)) - d7f371f7-0d79-4eb0-9764-2158321d28de: addNew group-E779D9019C18:[d7f371f7-0d79-4eb0-9764-2158321d28de|rpc:fv-az294-754:9894|priority:0] returns group-E779D9019C18:java.util.concurrent.CompletableFuture@6a3e31a2[Not completed]
2022-03-02 21:32:56,491 [pool-529-thread-1] INFO  server.RaftServer$Division (RaftServerImpl.java:<init>(184)) - d7f371f7-0d79-4eb0-9764-2158321d28de: new RaftServerImpl for group-E779D9019C18:[d7f371f7-0d79-4eb0-9764-2158321d28de|rpc:fv-az294-754:9894|priority:0] with SCMStateMachine:uninitialized
2022-03-02 21:32:56,515 [pool-529-thread-1] INFO  server.RaftServerConfigKeys (ConfUtils.java:logGet(44)) - raft.server.rpc.timeout.min = 5000ms (custom)
2022-03-02 21:32:56,515 [pool-529-thread-1] INFO  server.RaftServerConfigKeys (ConfUtils.java:logGet(44)) - raft.server.rpc.timeout.max = 5200ms (custom)
2022-03-02 21:32:56,515 [pool-529-thread-1] INFO  server.RaftServerConfigKeys (ConfUtils.java:logGet(44)) - raft.server.rpc.sleep.time = 25ms (default)
2022-03-02 21:32:56,515 [pool-529-thread-1] INFO  server.RaftServerConfigKeys (ConfUtils.java:logGet(44)) - raft.server.rpc.slowness.timeout = 120000ms (custom)
2022-03-02 21:32:56,515 [pool-529-thread-1] INFO  server.RaftServerConfigKeys (ConfUtils.java:logGet(44)) - raft.server.leaderelection.leader.step-down.wait-time = 10s (default)
2022-03-02 21:32:56,515 [pool-529-thread-1] INFO  server.RaftServerConfigKeys (ConfUtils.java:logGet(44)) - raft.server.sleep.deviation.threshold = 300ms (default)
2022-03-02 21:32:56,515 [pool-529-thread-1] INFO  server.RaftServerConfigKeys (ConfUtils.java:logGet(44)) - raft.server.log.appender.install.snapshot.enabled = false (custom)
2022-03-02 21:32:56,515 [pool-529-thread-1] INFO  server.RaftServer$Division (ServerState.java:<init>(105)) - d7f371f7-0d79-4eb0-9764-2158321d28de@group-E779D9019C18: ConfigurationManager, init=-1: [d7f371f7-0d79-4eb0-9764-2158321d28de|rpc:fv-az294-754:9894|priority:0], old=null, confs=<EMPTY_MAP>
2022-03-02 21:32:56,515 [pool-529-thread-1] INFO  server.RaftServerConfigKeys (ConfUtils.java:logGet(44)) - raft.server.storage.dir = [/home/runner/work/ozone/ozone/hadoop-ozone/integration-test/target/test-dir/MiniOzoneClusterImpl-f745d883-409d-4598-9a00-e779d9019c18/ozone-meta/scm-ha] (custom)
2022-03-02 21:32:56,515 [pool-529-thread-1] INFO  server.RaftServerConfigKeys (ConfUtils.java:logGet(44)) - raft.server.log.corruption.policy = EXCEPTION (default)
2022-03-02 21:32:56,515 [pool-529-thread-1] INFO  server.RaftServerConfigKeys (ConfUtils.java:logGet(44)) - raft.server.storage.free-space.min = 0MB (=0) (default)
2022-03-02 21:32:56,515 [pool-529-thread-1] INFO  storage.RaftStorageDirectory (RaftStorageDirectoryImpl.java:analyzeStorage(135)) - The storage directory /home/runner/work/ozone/ozone/hadoop-ozone/integration-test/target/test-dir/MiniOzoneClusterImpl-f745d883-409d-4598-9a00-e779d9019c18/ozone-meta/scm-ha/f745d883-409d-4598-9a00-e779d9019c18 does not exist. Creating ...
2022-03-02 21:32:56,544 [pool-529-thread-1] INFO  storage.RaftStorageDirectory (RaftStorageDirectoryImpl.java:tryLock(230)) - Lock on /home/runner/work/ozone/ozone/hadoop-ozone/integration-test/target/test-dir/MiniOzoneClusterImpl-f745d883-409d-4598-9a00-e779d9019c18/ozone-meta/scm-ha/f745d883-409d-4598-9a00-e779d9019c18/in_use.lock acquired by nodename 22518@fv-az294-754
2022-03-02 21:32:56,551 [pool-529-thread-1] INFO  storage.RaftStorage (RaftStorageImpl.java:format(89)) - Storage directory /home/runner/work/ozone/ozone/hadoop-ozone/integration-test/target/test-dir/MiniOzoneClusterImpl-f745d883-409d-4598-9a00-e779d9019c18/ozone-meta/scm-ha/f745d883-409d-4598-9a00-e779d9019c18 has been successfully formatted.
2022-03-02 21:32:56,551 [pool-529-thread-1] INFO  server.RaftServerConfigKeys (ConfUtils.java:logGet(44)) - raft.server.notification.no-leader.timeout = 60s (default)
2022-03-02 21:32:56,551 [pool-529-thread-1] INFO  server.RaftServerConfigKeys (ConfUtils.java:logGet(44)) - raft.server.log.use.memory = false (default)
2022-03-02 21:32:56,551 [pool-529-thread-1] INFO  server.RaftServerConfigKeys (ConfUtils.java:logGet(44)) - raft.server.log.purge.gap = 1000000 (custom)
2022-03-02 21:32:56,551 [pool-529-thread-1] INFO  server.RaftServerConfigKeys (ConfUtils.java:logGet(44)) - raft.server.log.appender.buffer.byte-limit = 33554432 (custom)
2022-03-02 21:32:56,552 [pool-529-thread-1] INFO  server.RaftServerConfigKeys (ConfUtils.java:logGet(44)) - raft.server.log.segment.size.max = 4194304 (custom)
2022-03-02 21:32:56,552 [pool-529-thread-1] INFO  server.RaftServerConfigKeys (ConfUtils.java:logGet(44)) - raft.server.log.segment.cache.num.max = 2 (custom)
2022-03-02 21:32:56,552 [pool-529-thread-1] INFO  server.RaftServerConfigKeys (ConfUtils.java:logGet(44)) - raft.server.log.segment.cache.size.max = 200MB (=209715200) (default)
2022-03-02 21:32:56,552 [pool-529-thread-1] INFO  segmented.SegmentedRaftLogWorker (SegmentedRaftLogWorker.java:<init>(182)) - new d7f371f7-0d79-4eb0-9764-2158321d28de@group-E779D9019C18-SegmentedRaftLogWorker for RaftStorageImpl:Storage Directory /home/runner/work/ozone/ozone/hadoop-ozone/integration-test/target/test-dir/MiniOzoneClusterImpl-f745d883-409d-4598-9a00-e779d9019c18/ozone-meta/scm-ha/f745d883-409d-4598-9a00-e779d9019c18
2022-03-02 21:32:56,552 [pool-529-thread-1] INFO  server.RaftServerConfigKeys (ConfUtils.java:logGet(44)) - raft.server.log.queue.byte-limit = 64MB (=67108864) (default)
2022-03-02 21:32:56,552 [pool-529-thread-1] INFO  server.RaftServerConfigKeys (ConfUtils.java:logGet(44)) - raft.server.log.queue.element-limit = 4096 (default)
2022-03-02 21:32:56,552 [pool-529-thread-1] INFO  server.RaftServerConfigKeys (ConfUtils.java:logGet(44)) - raft.server.log.segment.size.max = 4194304 (custom)
2022-03-02 21:32:56,552 [pool-529-thread-1] INFO  server.RaftServerConfigKeys (ConfUtils.java:logGet(44)) - raft.server.log.preallocated.size = 4194304 (custom)
2022-03-02 21:32:56,552 [pool-529-thread-1] INFO  server.RaftServerConfigKeys (ConfUtils.java:logGet(44)) - raft.server.log.force.sync.num = 128 (default)
2022-03-02 21:32:56,552 [pool-529-thread-1] INFO  server.RaftServerConfigKeys (ConfUtils.java:logGet(44)) - raft.server.log.statemachine.data.sync = true (default)
2022-03-02 21:32:56,552 [pool-529-thread-1] INFO  server.RaftServerConfigKeys (ConfUtils.java:logGet(44)) - raft.server.log.statemachine.data.sync.timeout = 10s (default)
2022-03-02 21:32:56,552 [pool-529-thread-1] INFO  server.RaftServerConfigKeys (ConfUtils.java:logGet(44)) - raft.server.log.statemachine.data.sync.timeout.retry = -1 (default)
2022-03-02 21:32:56,553 [pool-529-thread-1] INFO  server.RaftServerConfigKeys (ConfUtils.java:logGet(44)) - raft.server.log.write.buffer.size = 64KB (=65536) (default)
2022-03-02 21:32:56,553 [pool-529-thread-1] INFO  server.RaftServerConfigKeys (ConfUtils.java:logGet(44)) - raft.server.log.statemachine.data.caching.enabled = false (default)
2022-03-02 21:32:56,553 [pool-529-thread-1] INFO  segmented.SegmentedRaftLogWorker (SegmentedRaftLogWorker.java:lambda$new$0(133)) - d7f371f7-0d79-4eb0-9764-2158321d28de@group-E779D9019C18-SegmentedRaftLogWorker: flushIndex: setUnconditionally 0 -> -1
2022-03-02 21:32:56,553 [pool-529-thread-1] INFO  segmented.SegmentedRaftLogWorker (SegmentedRaftLogWorker.java:lambda$new$0(133)) - d7f371f7-0d79-4eb0-9764-2158321d28de@group-E779D9019C18-SegmentedRaftLogWorker: safeCacheEvictIndex: setUnconditionally 0 -> -1
2022-03-02 21:32:56,585 [pool-529-thread-1] INFO  server.RaftServerConfigKeys (ConfUtils.java:logGet(44)) - raft.server.snapshot.auto.trigger.enabled = true (custom)
2022-03-02 21:32:56,585 [pool-529-thread-1] INFO  server.RaftServerConfigKeys (ConfUtils.java:logGet(44)) - raft.server.snapshot.auto.trigger.threshold = 1000 (custom)
2022-03-02 21:32:56,585 [pool-529-thread-1] INFO  server.RaftServerConfigKeys (ConfUtils.java:logGet(44)) - raft.server.snapshot.retention.file.num = -1 (default)
2022-03-02 21:32:56,585 [pool-529-thread-1] INFO  server.RaftServerConfigKeys (ConfUtils.java:logGet(44)) - raft.server.log.purge.upto.snapshot.index = false (default)
2022-03-02 21:32:56,585 [pool-529-thread-1] INFO  server.RaftServerConfigKeys (ConfUtils.java:logGet(44)) - raft.server.retrycache.expirytime = 60000ms (default)
2022-03-02 21:32:56,591 [pool-529-thread-1] INFO  server.RaftServerConfigKeys (ConfUtils.java:logGet(44)) - raft.server.retrycache.statistics.expirytime = 100μs (default)
2022-03-02 21:32:56,592 [Time-limited test] INFO  server.RaftServer$Division (RaftServerImpl.java:start(301)) - d7f371f7-0d79-4eb0-9764-2158321d28de@group-E779D9019C18: start as a follower, conf=-1: [d7f371f7-0d79-4eb0-9764-2158321d28de|rpc:fv-az294-754:9894|priority:0], old=null
2022-03-02 21:32:56,592 [Time-limited test] INFO  server.RaftServer$Division (RaftServerImpl.java:setRole(290)) - d7f371f7-0d79-4eb0-9764-2158321d28de@group-E779D9019C18: changes role from      null to FOLLOWER at term 0 for startAsFollower
2022-03-02 21:32:56,592 [Time-limited test] INFO  impl.RoleInfo (RoleInfo.java:updateAndGet(130)) - d7f371f7-0d79-4eb0-9764-2158321d28de: start d7f371f7-0d79-4eb0-9764-2158321d28de@group-E779D9019C18-FollowerState
2022-03-02 21:32:56,595 [Time-limited test] INFO  util.JmxRegister (JmxRegister.java:tryRegister(44)) - Successfully registered JMX Bean with object name Ratis:service=RaftServer,group=group-E779D9019C18,id=d7f371f7-0d79-4eb0-9764-2158321d28de
2022-03-02 21:32:56,596 [Time-limited test] INFO  server.RaftServer (RaftServerProxy.java:lambda$start$5(374)) - d7f371f7-0d79-4eb0-9764-2158321d28de: start RPC server
2022-03-02 21:32:56,597 [Time-limited test] INFO  server.GrpcService (GrpcService.java:startImpl(253)) - d7f371f7-0d79-4eb0-9764-2158321d28de: GrpcService started, listening on 9894
2022-03-02 21:32:56,597 [org.apache.ratis.util.JvmPauseMonitor$$Lambda$431/1455743440@31be37ff] INFO  util.JvmPauseMonitor (JvmPauseMonitor.java:run(103)) - JvmPauseMonitor-d7f371f7-0d79-4eb0-9764-2158321d28de: Started
2022-03-02 21:33:01,607 [d7f371f7-0d79-4eb0-9764-2158321d28de@group-E779D9019C18-FollowerState] INFO  impl.FollowerState (FollowerState.java:run(134)) - d7f371f7-0d79-4eb0-9764-2158321d28de@group-E779D9019C18-FollowerState: change to CANDIDATE, lastRpcElapsedTime:5014769364ns, electionTimeout:5010ms
2022-03-02 21:33:01,607 [d7f371f7-0d79-4eb0-9764-2158321d28de@group-E779D9019C18-FollowerState] INFO  impl.RoleInfo (RoleInfo.java:shutdownFollowerState(108)) - d7f371f7-0d79-4eb0-9764-2158321d28de: shutdown d7f371f7-0d79-4eb0-9764-2158321d28de@group-E779D9019C18-FollowerState
2022-03-02 21:33:01,607 [d7f371f7-0d79-4eb0-9764-2158321d28de@group-E779D9019C18-FollowerState] INFO  server.RaftServer$Division (RaftServerImpl.java:setRole(290)) - d7f371f7-0d79-4eb0-9764-2158321d28de@group-E779D9019C18: changes role from  FOLLOWER to CANDIDATE at term 0 for changeToCandidate
2022-03-02 21:33:01,607 [d7f371f7-0d79-4eb0-9764-2158321d28de@group-E779D9019C18-FollowerState] INFO  server.RaftServerConfigKeys (ConfUtils.java:logGet(44)) - raft.server.leaderelection.pre-vote = false (custom)
2022-03-02 21:33:01,607 [d7f371f7-0d79-4eb0-9764-2158321d28de@group-E779D9019C18-FollowerState] INFO  impl.RoleInfo (RoleInfo.java:updateAndGet(130)) - d7f371f7-0d79-4eb0-9764-2158321d28de: start d7f371f7-0d79-4eb0-9764-2158321d28de@group-E779D9019C18-LeaderElection72
2022-03-02 21:33:01,673 [d7f371f7-0d79-4eb0-9764-2158321d28de@group-E779D9019C18-LeaderElection72] INFO  impl.LeaderElection (LeaderElection.java:askForVotes(306)) - d7f371f7-0d79-4eb0-9764-2158321d28de@group-E779D9019C18-LeaderElection72 ELECTION round 0: submit vote requests at term 1 for -1: [d7f371f7-0d79-4eb0-9764-2158321d28de|rpc:fv-az294-754:9894|priority:0], old=null
2022-03-02 21:33:01,673 [d7f371f7-0d79-4eb0-9764-2158321d28de@group-E779D9019C18-LeaderElection72] INFO  impl.LeaderElection (LeaderElection.java:askForVotes(308)) - d7f371f7-0d79-4eb0-9764-2158321d28de@group-E779D9019C18-LeaderElection72 ELECTION round 0: result PASSED (term=1)
2022-03-02 21:33:01,674 [d7f371f7-0d79-4eb0-9764-2158321d28de@group-E779D9019C18-LeaderElection72] INFO  impl.RoleInfo (RoleInfo.java:shutdownLeaderElection(121)) - d7f371f7-0d79-4eb0-9764-2158321d28de: shutdown d7f371f7-0d79-4eb0-9764-2158321d28de@group-E779D9019C18-LeaderElection72
2022-03-02 21:33:01,674 [d7f371f7-0d79-4eb0-9764-2158321d28de@group-E779D9019C18-LeaderElection72] INFO  server.RaftServer$Division (RaftServerImpl.java:setRole(290)) - d7f371f7-0d79-4eb0-9764-2158321d28de@group-E779D9019C18: changes role from CANDIDATE to LEADER at term 1 for changeToLeader
2022-03-02 21:33:01,674 [d7f371f7-0d79-4eb0-9764-2158321d28de@group-E779D9019C18-LeaderElection72] INFO  server.RaftServer$Division (ServerState.java:setLeader(285)) - d7f371f7-0d79-4eb0-9764-2158321d28de@group-E779D9019C18: change Leader from null to d7f371f7-0d79-4eb0-9764-2158321d28de at term 1 for becomeLeader, leader elected after 5122ms
2022-03-02 21:33:01,674 [d7f371f7-0d79-4eb0-9764-2158321d28de@group-E779D9019C18-LeaderElection72] INFO  server.RaftServerConfigKeys (ConfUtils.java:logGet(44)) - raft.server.staging.catchup.gap = 1000 (default)
2022-03-02 21:33:01,674 [d7f371f7-0d79-4eb0-9764-2158321d28de@group-E779D9019C18-LeaderElection72] INFO  server.RaftServerConfigKeys (ConfUtils.java:logGet(44)) - raft.server.write.element-limit = 4096 (default)
2022-03-02 21:33:01,674 [d7f371f7-0d79-4eb0-9764-2158321d28de@group-E779D9019C18-LeaderElection72] INFO  server.RaftServerConfigKeys (ConfUtils.java:logGet(44)) - raft.server.write.byte-limit = 64MB (=67108864) (default)
2022-03-02 21:33:01,674 [d7f371f7-0d79-4eb0-9764-2158321d28de@group-E779D9019C18-LeaderElection72] INFO  server.RaftServerConfigKeys (ConfUtils.java:logGet(44)) - raft.server.watch.timeout = 10s (default)
2022-03-02 21:33:01,674 [d7f371f7-0d79-4eb0-9764-2158321d28de@group-E779D9019C18-LeaderElection72] INFO  server.RaftServerConfigKeys (ConfUtils.java:logGet(44)) - raft.server.watch.timeout.denomination = 1s (default)
2022-03-02 21:33:01,674 [d7f371f7-0d79-4eb0-9764-2158321d28de@group-E779D9019C18-LeaderElection72] INFO  server.RaftServerConfigKeys (ConfUtils.java:logGet(44)) - raft.server.watch.element-limit = 65536 (default)
2022-03-02 21:33:01,674 [d7f371f7-0d79-4eb0-9764-2158321d28de@group-E779D9019C18-LeaderElection72] INFO  server.RaftServerConfigKeys (ConfUtils.java:logGet(44)) - raft.server.write.element-limit = 4096 (default)
2022-03-02 21:33:01,675 [d7f371f7-0d79-4eb0-9764-2158321d28de@group-E779D9019C18-LeaderElection72] INFO  server.RaftServerConfigKeys (ConfUtils.java:logGet(44)) - raft.server.write.follower.gap.ratio.max = -1.0 (default)
2022-03-02 21:33:01,675 [d7f371f7-0d79-4eb0-9764-2158321d28de@group-E779D9019C18-LeaderElection72] INFO  impl.RoleInfo (RoleInfo.java:updateAndGet(130)) - d7f371f7-0d79-4eb0-9764-2158321d28de: start d7f371f7-0d79-4eb0-9764-2158321d28de@group-E779D9019C18-LeaderStateImpl
2022-03-02 21:33:01,675 [d7f371f7-0d79-4eb0-9764-2158321d28de@group-E779D9019C18-LeaderElection72] INFO  segmented.SegmentedRaftLogWorker (SegmentedRaftLogWorker.java:startLogSegment(394)) - d7f371f7-0d79-4eb0-9764-2158321d28de@group-E779D9019C18-SegmentedRaftLogWorker: Starting segment from index:0
2022-03-02 21:33:01,687 [d7f371f7-0d79-4eb0-9764-2158321d28de@group-E779D9019C18-LeaderElection72] INFO  server.RaftServer$Division (ServerState.java:setRaftConf(387)) - d7f371f7-0d79-4eb0-9764-2158321d28de@group-E779D9019C18: set configuration 0: [d7f371f7-0d79-4eb0-9764-2158321d28de|rpc:fv-az294-754:9894|admin:|client:|dataStream:|priority:0], old=null
2022-03-02 21:33:01,691 [d7f371f7-0d79-4eb0-9764-2158321d28de@group-E779D9019C18-SegmentedRaftLogWorker] INFO  segmented.SegmentedRaftLogWorker (SegmentedRaftLogWorker.java:execute(601)) - d7f371f7-0d79-4eb0-9764-2158321d28de@group-E779D9019C18-SegmentedRaftLogWorker: created new log segment /home/runner/work/ozone/ozone/hadoop-ozone/integration-test/target/test-dir/MiniOzoneClusterImpl-f745d883-409d-4598-9a00-e779d9019c18/ozone-meta/scm-ha/f745d883-409d-4598-9a00-e779d9019c18/current/log_inprogress_0
2022-03-02 21:33:02,603 [Time-limited test] INFO  server.RaftServer (RaftServerProxy.java:lambda$close$6(391)) - d7f371f7-0d79-4eb0-9764-2158321d28de: close
2022-03-02 21:33:02,603 [Time-limited test] INFO  server.RaftServer$Division (RaftServerImpl.java:lambda$close$4(412)) - d7f371f7-0d79-4eb0-9764-2158321d28de@group-E779D9019C18: shutdown
2022-03-02 21:33:02,603 [Time-limited test] INFO  util.JmxRegister (JmxRegister.java:unregister(73)) - Successfully un-registered JMX Bean with object name Ratis:service=RaftServer,group=group-E779D9019C18,id=d7f371f7-0d79-4eb0-9764-2158321d28de
2022-03-02 21:33:02,603 [Time-limited test] INFO  impl.RoleInfo (RoleInfo.java:shutdownLeaderState(91)) - d7f371f7-0d79-4eb0-9764-2158321d28de: shutdown d7f371f7-0d79-4eb0-9764-2158321d28de@group-E779D9019C18-LeaderStateImpl
2022-03-02 21:33:02,603 [Time-limited test] INFO  impl.PendingRequests (PendingRequests.java:sendNotLeaderResponses(282)) - d7f371f7-0d79-4eb0-9764-2158321d28de@group-E779D9019C18-PendingRequests: sendNotLeaderResponses
2022-03-02 21:33:02,604 [Time-limited test] INFO  impl.StateMachineUpdater (StateMachineUpdater.java:stopAndJoin(149)) - d7f371f7-0d79-4eb0-9764-2158321d28de@group-E779D9019C18-StateMachineUpdater: set stopIndex = 0
2022-03-02 21:33:02,604 [d7f371f7-0d79-4eb0-9764-2158321d28de@group-E779D9019C18-StateMachineUpdater] INFO  impl.StateMachineUpdater (StateMachineUpdater.java:takeSnapshot(281)) - d7f371f7-0d79-4eb0-9764-2158321d28de@group-E779D9019C18-StateMachineUpdater: Took a snapshot at index 0
2022-03-02 21:33:02,604 [d7f371f7-0d79-4eb0-9764-2158321d28de@group-E779D9019C18-StateMachineUpdater] INFO  impl.StateMachineUpdater (StateMachineUpdater.java:lambda$new$0(89)) - d7f371f7-0d79-4eb0-9764-2158321d28de@group-E779D9019C18-StateMachineUpdater: snapshotIndex: updateIncreasingly -1 -> 0
2022-03-02 21:33:02,609 [Time-limited test] INFO  server.RaftServer$Division (ServerState.java:close(419)) - d7f371f7-0d79-4eb0-9764-2158321d28de@group-E779D9019C18: closes. applyIndex: 0
2022-03-02 21:33:02,609 [d7f371f7-0d79-4eb0-9764-2158321d28de@group-E779D9019C18-SegmentedRaftLogWorker] INFO  segmented.SegmentedRaftLogWorker (SegmentedRaftLogWorker.java:run(327)) - d7f371f7-0d79-4eb0-9764-2158321d28de@group-E779D9019C18-SegmentedRaftLogWorker was interrupted, exiting. There are 0 tasks remaining in the queue.
2022-03-02 21:33:02,615 [Time-limited test] INFO  segmented.SegmentedRaftLogWorker (SegmentedRaftLogWorker.java:close(237)) - d7f371f7-0d79-4eb0-9764-2158321d28de@group-E779D9019C18-SegmentedRaftLogWorker close()
2022-03-02 21:33:02,616 [Time-limited test] INFO  server.GrpcService (GrpcService.java:closeImpl(262)) - d7f371f7-0d79-4eb0-9764-2158321d28de: shutdown server with port 9894 now
2022-03-02 21:33:02,616 [Time-limited test] INFO  server.GrpcService (GrpcService.java:closeImpl(271)) - d7f371f7-0d79-4eb0-9764-2158321d28de: shutdown server with port 9894 successfully
2022-03-02 21:33:02,635 [org.apache.ratis.util.JvmPauseMonitor$$Lambda$431/1455743440@31be37ff] INFO  util.JvmPauseMonitor (JvmPauseMonitor.java:run(109)) - JvmPauseMonitor-d7f371f7-0d79-4eb0-9764-2158321d28de: Stopped
2022-03-02 21:33:02,636 [Time-limited test] INFO  ha.SCMHANodeDetails (SCMHANodeDetails.java:loadSCMHAConfig(157)) - ServiceID for StorageContainerManager is null
2022-03-02 21:33:02,636 [Time-limited test] INFO  ha.SCMHANodeDetails (SCMHANodeDetails.java:loadSCMHAConfig(162)) - ozone.scm.default.service.id is not defined, falling back to ozone.scm.service.ids to find serviceID for StorageContainerManager if it is HA enabled cluster
2022-03-02 21:33:02,637 [Time-limited test] WARN  server.ServerUtils (ServerUtils.java:getScmDbDir(148)) - ozone.scm.db.dirs is not configured. We recommend adding this setting. Falling back to ozone.metadata.dirs instead.
2022-03-02 21:33:02,637 [Time-limited test] INFO  upgrade.AbstractLayoutVersionManager (AbstractLayoutVersionManager.java:init(79)) - Initializing Layout version manager with metadata layout = SCM_HA (version = 2), software layout = SCM_HA (version = 2)
2022-03-02 21:33:02,706 [Time-limited test] INFO  reflections.Reflections (Reflections.java:scan(232)) - Reflections took 66 ms to scan 7 urls, producing 122 keys and 286 values 
2022-03-02 21:33:02,744 [Time-limited test] WARN  utils.HAUtils (HAUtils.java:getMetaDir(342)) - ozone.scm.db.dirs is not configured. We recommend adding this setting. Falling back to ozone.metadata.dirs instead.
2022-03-02 21:33:02,746 [Time-limited test] WARN  db.DBStoreBuilder (DBStoreBuilder.java:applyDBDefinition(145)) - ozone.scm.db.dirs is not configured. We recommend adding this setting. Falling back to ozone.metadata.dirs instead.
2022-03-02 21:33:03,049 [Time-limited test] INFO  net.NodeSchemaLoader (NodeSchemaLoader.java:loadSchemaFromFile(129)) - Loading schema from [jar:file:/home/runner/.m2/repository/org/apache/ozone/hdds-common/1.3.0-SNAPSHOT/hdds-common-1.3.0-SNAPSHOT.jar!/network-topology-default.xml]
2022-03-02 21:33:03,055 [Time-limited test] INFO  net.NodeSchemaLoader (NodeSchemaLoader.java:loadSchema(176)) - Loading network topology layer schema file
2022-03-02 21:33:03,074 [Time-limited test] WARN  impl.MetricRegistriesImpl (MetricRegistriesImpl.java:addReporterRegistration(111)) - New reporters are added after registries were created. Some metrics will be missing from the reporter. Please add reporter before adding any new registry.
2022-03-02 21:33:03,079 [Time-limited test] WARN  impl.MetricRegistriesImpl (MetricRegistriesImpl.java:addReporterRegistration(111)) - New reporters are added after registries were created. Some metrics will be missing from the reporter. Please add reporter before adding any new registry.
2022-03-02 21:33:03,091 [Time-limited test] INFO  ha.SCMRatisServerImpl (SCMRatisServerImpl.java:<init>(87)) - starting Raft server for scm:d7f371f7-0d79-4eb0-9764-2158321d28de
2022-03-02 21:33:03,092 [Time-limited test] INFO  server.RaftServer (ConfUtils.java:logGet(44)) - raft.rpc.type = GRPC (default)
2022-03-02 21:33:03,092 [Time-limited test] INFO  grpc.GrpcFactory (GrpcFactory.java:checkPooledByteBufAllocatorUseCacheForAllThreads(48)) - PERFORMANCE WARNING: useCacheForAllThreads is true that may cause Netty to create a lot garbage objects and, as a result, trigger GC.
	It is recommended to disable useCacheForAllThreads by setting -Dorg.apache.ratis.thirdparty.io.netty.allocator.useCacheForAllThreads=false in command line.
2022-03-02 21:33:03,092 [Time-limited test] INFO  grpc.GrpcConfigKeys (ConfUtils.java:logGet(44)) - raft.grpc.admin.port = -1 (default)
2022-03-02 21:33:03,092 [Time-limited test] INFO  grpc.GrpcConfigKeys (ConfUtils.java:logGet(44)) - raft.grpc.server.port = 9894 (custom)
2022-03-02 21:33:03,092 [Time-limited test] INFO  grpc.GrpcConfigKeys (ConfUtils.java:logGet(44)) - raft.grpc.client.port = -1 (default)
2022-03-02 21:33:03,092 [Time-limited test] INFO  grpc.GrpcConfigKeys (ConfUtils.java:logGet(44)) - raft.grpc.server.port = 9894 (custom)
2022-03-02 21:33:03,092 [Time-limited test] INFO  grpc.GrpcConfigKeys (ConfUtils.java:logGet(44)) - raft.grpc.server.port = 9894 (custom)
2022-03-02 21:33:03,092 [Time-limited test] INFO  server.GrpcService (ConfUtils.java:logGet(44)) - raft.grpc.message.size.max = 32m (=33554432) (custom)
2022-03-02 21:33:03,092 [Time-limited test] INFO  server.RaftServerConfigKeys (ConfUtils.java:logGet(44)) - raft.server.log.appender.buffer.byte-limit = 33554432 (custom)
2022-03-02 21:33:03,092 [Time-limited test] INFO  server.GrpcService (ConfUtils.java:logGet(44)) - raft.grpc.flow.control.window = 1MB (=1048576) (default)
2022-03-02 21:33:03,092 [Time-limited test] INFO  server.RaftServerConfigKeys (ConfUtils.java:logGet(44)) - raft.server.rpc.request.timeout = 30000ms (custom)
2022-03-02 21:33:03,093 [Time-limited test] INFO  impl.DataStreamServerImpl (ConfUtils.java:logGet(44)) - raft.datastream.type = DISABLED (default)
2022-03-02 21:33:03,094 [Time-limited test] INFO  server.RaftServerConfigKeys (ConfUtils.java:logGet(44)) - raft.server.rpc.slowness.timeout = 120000ms (custom)
2022-03-02 21:33:03,094 [Time-limited test] INFO  server.RaftServerConfigKeys (ConfUtils.java:logGet(44)) - raft.server.leaderelection.leader.step-down.wait-time = 10s (default)
2022-03-02 21:33:03,094 [Time-limited test] INFO  server.RaftServerConfigKeys (ConfUtils.java:logGet(44)) - raft.server.storage.dir = [/home/runner/work/ozone/ozone/hadoop-ozone/integration-test/target/test-dir/MiniOzoneClusterImpl-f745d883-409d-4598-9a00-e779d9019c18/ozone-meta/scm-ha] (custom)
2022-03-02 21:33:03,094 [Time-limited test] INFO  server.RaftServer (RaftServerProxy.java:lambda$null$1(235)) - d7f371f7-0d79-4eb0-9764-2158321d28de: found a subdirectory /home/runner/work/ozone/ozone/hadoop-ozone/integration-test/target/test-dir/MiniOzoneClusterImpl-f745d883-409d-4598-9a00-e779d9019c18/ozone-meta/scm-ha/f745d883-409d-4598-9a00-e779d9019c18
2022-03-02 21:33:03,094 [Time-limited test] INFO  server.RaftServer (RaftServerProxy.java:addNew(95)) - d7f371f7-0d79-4eb0-9764-2158321d28de: addNew group-E779D9019C18:[] returns group-E779D9019C18:java.util.concurrent.CompletableFuture@5f79882a[Not completed]
2022-03-02 21:33:03,095 [pool-542-thread-1] INFO  server.RaftServer$Division (RaftServerImpl.java:<init>(184)) - d7f371f7-0d79-4eb0-9764-2158321d28de: new RaftServerImpl for group-E779D9019C18:[] with SCMStateMachine:uninitialized
2022-03-02 21:33:03,127 [pool-542-thread-1] INFO  server.RaftServerConfigKeys (ConfUtils.java:logGet(44)) - raft.server.rpc.timeout.min = 5000ms (custom)
2022-03-02 21:33:03,127 [pool-542-thread-1] INFO  server.RaftServerConfigKeys (ConfUtils.java:logGet(44)) - raft.server.rpc.timeout.max = 5200ms (custom)
2022-03-02 21:33:03,127 [pool-542-thread-1] INFO  server.RaftServerConfigKeys (ConfUtils.java:logGet(44)) - raft.server.rpc.sleep.time = 25ms (default)
2022-03-02 21:33:03,127 [pool-542-thread-1] INFO  server.RaftServerConfigKeys (ConfUtils.java:logGet(44)) - raft.server.rpc.slowness.timeout = 120000ms (custom)
2022-03-02 21:33:03,127 [pool-542-thread-1] INFO  server.RaftServerConfigKeys (ConfUtils.java:logGet(44)) - raft.server.leaderelection.leader.step-down.wait-time = 10s (default)
2022-03-02 21:33:03,127 [pool-542-thread-1] INFO  server.RaftServerConfigKeys (ConfUtils.java:logGet(44)) - raft.server.sleep.deviation.threshold = 300ms (default)
2022-03-02 21:33:03,127 [pool-542-thread-1] INFO  server.RaftServerConfigKeys (ConfUtils.java:logGet(44)) - raft.server.log.appender.install.snapshot.enabled = false (custom)
2022-03-02 21:33:03,127 [pool-542-thread-1] INFO  server.RaftServer$Division (ServerState.java:<init>(105)) - d7f371f7-0d79-4eb0-9764-2158321d28de@group-E779D9019C18: ConfigurationManager, init=-1: [], old=null, confs=<EMPTY_MAP>
2022-03-02 21:33:03,127 [pool-542-thread-1] INFO  server.RaftServerConfigKeys (ConfUtils.java:logGet(44)) - raft.server.storage.dir = [/home/runner/work/ozone/ozone/hadoop-ozone/integration-test/target/test-dir/MiniOzoneClusterImpl-f745d883-409d-4598-9a00-e779d9019c18/ozone-meta/scm-ha] (custom)
2022-03-02 21:33:03,127 [pool-542-thread-1] INFO  server.RaftServerConfigKeys (ConfUtils.java:logGet(44)) - raft.server.log.corruption.policy = EXCEPTION (default)
2022-03-02 21:33:03,128 [pool-542-thread-1] INFO  server.RaftServerConfigKeys (ConfUtils.java:logGet(44)) - raft.server.storage.free-space.min = 0MB (=0) (default)
2022-03-02 21:33:03,139 [pool-542-thread-1] INFO  storage.RaftStorageDirectory (RaftStorageDirectoryImpl.java:tryLock(230)) - Lock on /home/runner/work/ozone/ozone/hadoop-ozone/integration-test/target/test-dir/MiniOzoneClusterImpl-f745d883-409d-4598-9a00-e779d9019c18/ozone-meta/scm-ha/f745d883-409d-4598-9a00-e779d9019c18/in_use.lock acquired by nodename 22518@fv-az294-754
2022-03-02 21:33:03,139 [pool-542-thread-1] INFO  storage.RaftStorage (RaftStorageImpl.java:analyzeAndRecoverStorage(110)) - Read RaftStorageMetadata{term=1, votedFor=d7f371f7-0d79-4eb0-9764-2158321d28de} from /home/runner/work/ozone/ozone/hadoop-ozone/integration-test/target/test-dir/MiniOzoneClusterImpl-f745d883-409d-4598-9a00-e779d9019c18/ozone-meta/scm-ha/f745d883-409d-4598-9a00-e779d9019c18/current/raft-meta
2022-03-02 21:33:03,139 [pool-542-thread-1] INFO  server.RaftServer$Division (ServerState.java:setRaftConf(387)) - d7f371f7-0d79-4eb0-9764-2158321d28de@group-E779D9019C18: set configuration 0: [d7f371f7-0d79-4eb0-9764-2158321d28de|rpc:fv-az294-754:9894|admin:|client:|dataStream:|priority:0], old=null
2022-03-02 21:33:03,139 [pool-542-thread-1] INFO  server.RaftServerConfigKeys (ConfUtils.java:logGet(44)) - raft.server.notification.no-leader.timeout = 60s (default)
2022-03-02 21:33:03,139 [pool-542-thread-1] INFO  server.RaftServerConfigKeys (ConfUtils.java:logGet(44)) - raft.server.log.use.memory = false (default)
2022-03-02 21:33:03,139 [pool-542-thread-1] INFO  server.RaftServerConfigKeys (ConfUtils.java:logGet(44)) - raft.server.log.purge.gap = 1000000 (custom)
2022-03-02 21:33:03,140 [pool-542-thread-1] INFO  server.RaftServerConfigKeys (ConfUtils.java:logGet(44)) - raft.server.log.appender.buffer.byte-limit = 33554432 (custom)
2022-03-02 21:33:03,140 [pool-542-thread-1] INFO  server.RaftServerConfigKeys (ConfUtils.java:logGet(44)) - raft.server.log.segment.size.max = 4194304 (custom)
2022-03-02 21:33:03,140 [pool-542-thread-1] INFO  server.RaftServerConfigKeys (ConfUtils.java:logGet(44)) - raft.server.log.segment.cache.num.max = 2 (custom)
2022-03-02 21:33:03,140 [pool-542-thread-1] INFO  server.RaftServerConfigKeys (ConfUtils.java:logGet(44)) - raft.server.log.segment.cache.size.max = 200MB (=209715200) (default)
2022-03-02 21:33:03,140 [pool-542-thread-1] INFO  segmented.SegmentedRaftLogWorker (SegmentedRaftLogWorker.java:<init>(182)) - new d7f371f7-0d79-4eb0-9764-2158321d28de@group-E779D9019C18-SegmentedRaftLogWorker for RaftStorageImpl:Storage Directory /home/runner/work/ozone/ozone/hadoop-ozone/integration-test/target/test-dir/MiniOzoneClusterImpl-f745d883-409d-4598-9a00-e779d9019c18/ozone-meta/scm-ha/f745d883-409d-4598-9a00-e779d9019c18
2022-03-02 21:33:03,140 [pool-542-thread-1] INFO  server.RaftServerConfigKeys (ConfUtils.java:logGet(44)) - raft.server.log.queue.byte-limit = 64MB (=67108864) (default)
2022-03-02 21:33:03,140 [pool-542-thread-1] INFO  server.RaftServerConfigKeys (ConfUtils.java:logGet(44)) - raft.server.log.queue.element-limit = 4096 (default)
2022-03-02 21:33:03,140 [pool-542-thread-1] INFO  server.RaftServerConfigKeys (ConfUtils.java:logGet(44)) - raft.server.log.segment.size.max = 4194304 (custom)
2022-03-02 21:33:03,140 [pool-542-thread-1] INFO  server.RaftServerConfigKeys (ConfUtils.java:logGet(44)) - raft.server.log.preallocated.size = 4194304 (custom)
2022-03-02 21:33:03,140 [pool-542-thread-1] INFO  server.RaftServerConfigKeys (ConfUtils.java:logGet(44)) - raft.server.log.force.sync.num = 128 (default)
2022-03-02 21:33:03,140 [pool-542-thread-1] INFO  server.RaftServerConfigKeys (ConfUtils.java:logGet(44)) - raft.server.log.statemachine.data.sync = true (default)
2022-03-02 21:33:03,140 [pool-542-thread-1] INFO  server.RaftServerConfigKeys (ConfUtils.java:logGet(44)) - raft.server.log.statemachine.data.sync.timeout = 10s (default)
2022-03-02 21:33:03,141 [pool-542-thread-1] INFO  server.RaftServerConfigKeys (ConfUtils.java:logGet(44)) - raft.server.log.statemachine.data.sync.timeout.retry = -1 (default)
2022-03-02 21:33:03,141 [pool-542-thread-1] INFO  server.RaftServerConfigKeys (ConfUtils.java:logGet(44)) - raft.server.log.write.buffer.size = 64KB (=65536) (default)
2022-03-02 21:33:03,147 [pool-542-thread-1] INFO  server.RaftServerConfigKeys (ConfUtils.java:logGet(44)) - raft.server.log.statemachine.data.caching.enabled = false (default)
2022-03-02 21:33:03,147 [pool-542-thread-1] INFO  server.RaftServer$Division (ServerState.java:setRaftConf(387)) - d7f371f7-0d79-4eb0-9764-2158321d28de@group-E779D9019C18: set configuration 0: [d7f371f7-0d79-4eb0-9764-2158321d28de|rpc:fv-az294-754:9894|admin:|client:|dataStream:|priority:0], old=null
2022-03-02 21:33:03,148 [pool-542-thread-1] INFO  segmented.LogSegment (LogSegment.java:loadSegment(173)) - Successfully read 1 entries from segment file /home/runner/work/ozone/ozone/hadoop-ozone/integration-test/target/test-dir/MiniOzoneClusterImpl-f745d883-409d-4598-9a00-e779d9019c18/ozone-meta/scm-ha/f745d883-409d-4598-9a00-e779d9019c18/current/log_inprogress_0
2022-03-02 21:33:03,148 [pool-542-thread-1] INFO  segmented.SegmentedRaftLogWorker (SegmentedRaftLogWorker.java:lambda$new$0(133)) - d7f371f7-0d79-4eb0-9764-2158321d28de@group-E779D9019C18-SegmentedRaftLogWorker: flushIndex: setUnconditionally 0 -> 0
2022-03-02 21:33:03,148 [pool-542-thread-1] INFO  segmented.SegmentedRaftLogWorker (SegmentedRaftLogWorker.java:lambda$new$0(133)) - d7f371f7-0d79-4eb0-9764-2158321d28de@group-E779D9019C18-SegmentedRaftLogWorker: safeCacheEvictIndex: setUnconditionally 0 -> -1
2022-03-02 21:33:03,148 [pool-542-thread-1] INFO  server.RaftServerConfigKeys (ConfUtils.java:logGet(44)) - raft.server.snapshot.auto.trigger.enabled = true (custom)
2022-03-02 21:33:03,149 [pool-542-thread-1] INFO  server.RaftServerConfigKeys (ConfUtils.java:logGet(44)) - raft.server.snapshot.auto.trigger.threshold = 1000 (custom)
2022-03-02 21:33:03,149 [pool-542-thread-1] INFO  server.RaftServerConfigKeys (ConfUtils.java:logGet(44)) - raft.server.snapshot.retention.file.num = -1 (default)
2022-03-02 21:33:03,149 [pool-542-thread-1] INFO  server.RaftServerConfigKeys (ConfUtils.java:logGet(44)) - raft.server.log.purge.upto.snapshot.index = false (default)
2022-03-02 21:33:03,149 [pool-542-thread-1] INFO  server.RaftServerConfigKeys (ConfUtils.java:logGet(44)) - raft.server.retrycache.expirytime = 60000ms (default)
2022-03-02 21:33:03,149 [pool-542-thread-1] INFO  server.RaftServerConfigKeys (ConfUtils.java:logGet(44)) - raft.server.retrycache.statistics.expirytime = 100μs (default)
2022-03-02 21:33:03,150 [Time-limited test] INFO  ha.SCMSnapshotProvider (SCMSnapshotProvider.java:<init>(66)) - Initializing SCM Snapshot Provider
2022-03-02 21:33:03,150 [Time-limited test] WARN  server.ServerUtils (ServerUtils.java:getDefaultRatisDirectory(237)) - Storage directory for Ratis is not configured. It is a good idea to map this to an SSD disk. Falling back to ozone.metadata.dirs
2022-03-02 21:33:03,150 [Time-limited test] WARN  ha.SCMHAUtils (SCMHAUtils.java:getSCMRatisSnapshotDirectory(151)) - SCM snapshot dir is not configured. Falling back to ozone.metadata.dirs config
2022-03-02 21:33:03,151 [Time-limited test] INFO  ha.SequenceIdGenerator (SequenceIdGenerator.java:upgradeToSequenceId(347)) - upgrade localId to 109611004723200000
2022-03-02 21:33:03,151 [Time-limited test] INFO  ha.SequenceIdGenerator (SequenceIdGenerator.java:upgradeToSequenceId(357)) - upgrade delTxnId to 0
2022-03-02 21:33:03,151 [Time-limited test] INFO  ha.SequenceIdGenerator (SequenceIdGenerator.java:upgradeToSequenceId(371)) - upgrade containerId to 0
2022-03-02 21:33:03,151 [Time-limited test] INFO  ha.SequenceIdGenerator (SequenceIdGenerator.java:<init>(218)) - Init the HA SequenceIdGenerator.
2022-03-02 21:33:03,152 [Time-limited test] WARN  server.ServerUtils (ServerUtils.java:sanitizeUserArgs(67)) - ozone.scm.dead.node.interval value = 10000 is smaller than min = 20000 based on the key value of ozone.scm.stale.node.interval, reset to the min value 20000.
2022-03-02 21:33:03,155 [Time-limited test] INFO  node.SCMNodeManager (SCMNodeManager.java:<init>(144)) - Entering startup safe mode.
2022-03-02 21:33:03,155 [Time-limited test] INFO  algorithms.ContainerPlacementPolicyFactory (ContainerPlacementPolicyFactory.java:getPolicy(60)) - Create container placement policy of type org.apache.hadoop.hdds.scm.container.placement.algorithms.SCMContainerPlacementRandom
2022-03-02 21:33:03,155 [Time-limited test] INFO  pipeline.PipelineStateManagerImpl (PipelineStateManagerImpl.java:initialize(78)) - No pipeline exists in current db
2022-03-02 21:33:03,155 [Time-limited test] INFO  algorithms.LeaderChoosePolicyFactory (LeaderChoosePolicyFactory.java:getPolicy(57)) - Create leader choose policy of type org.apache.hadoop.hdds.scm.pipeline.leader.choose.algorithms.MinLeaderCountChoosePolicy
2022-03-02 21:33:03,155 [Time-limited test] INFO  ha.SCMServiceManager (SCMServiceManager.java:register(42)) - Registering service BackgroundPipelineCreator.
2022-03-02 21:33:03,155 [Time-limited test] INFO  pipeline.BackgroundPipelineCreator (BackgroundPipelineCreator.java:start(130)) - Starting RatisPipelineUtilsThread.
2022-03-02 21:33:03,156 [Time-limited test] INFO  algorithms.PipelineChoosePolicyFactory (PipelineChoosePolicyFactory.java:createPipelineChoosePolicyFromClass(73)) - Create pipeline choose policy of type org.apache.hadoop.hdds.scm.pipeline.choose.algorithms.RandomPipelineChoosePolicy
2022-03-02 21:33:03,156 [Time-limited test] INFO  ha.SCMServiceManager (SCMServiceManager.java:register(42)) - Registering service SCMBlockDeletingService.
2022-03-02 21:33:03,157 [Time-limited test] INFO  ha.SCMServiceManager (SCMServiceManager.java:register(42)) - Registering service ReplicationManager.
2022-03-02 21:33:03,157 [Time-limited test] INFO  container.ReplicationManager (ReplicationManager.java:start(326)) - Starting Replication Monitor Thread.
2022-03-02 21:33:03,171 [Time-limited test] INFO  safemode.ContainerSafeModeRule (ContainerSafeModeRule.java:<init>(89)) - containers with one replica threshold count 0
2022-03-02 21:33:03,171 [Time-limited test] INFO  safemode.HealthyPipelineSafeModeRule (HealthyPipelineSafeModeRule.java:initializeRule(156)) - Total pipeline count is 0, healthy pipeline threshold count is 1
2022-03-02 21:33:03,171 [Time-limited test] INFO  safemode.OneReplicaPipelineSafeModeRule (OneReplicaPipelineSafeModeRule.java:initializeRule(180)) - Total pipeline count is 0, pipeline's with at least one datanode reported threshold count is 0
2022-03-02 21:33:03,179 [Time-limited test] INFO  ipc.CallQueueManager (CallQueueManager.java:<init>(90)) - Using callQueue: class java.util.concurrent.LinkedBlockingQueue, queueCapacity: 2000, scheduler: class org.apache.hadoop.ipc.DefaultRpcScheduler, ipcBackoff: false.
2022-03-02 21:33:03,182 [Socket Reader #1 for port 0] INFO  ipc.Server (Server.java:run(1265)) - Starting Socket Reader #1 for port 0
2022-03-02 21:33:03,183 [Listener at 0.0.0.0/34591] INFO  ipc.CallQueueManager (CallQueueManager.java:<init>(90)) - Using callQueue: class java.util.concurrent.LinkedBlockingQueue, queueCapacity: 2000, scheduler: class org.apache.hadoop.ipc.DefaultRpcScheduler, ipcBackoff: false.
2022-03-02 21:33:03,211 [Socket Reader #1 for port 0] INFO  ipc.Server (Server.java:run(1265)) - Starting Socket Reader #1 for port 0
2022-03-02 21:33:03,214 [Listener at 0.0.0.0/42781] INFO  ipc.CallQueueManager (CallQueueManager.java:<init>(90)) - Using callQueue: class java.util.concurrent.LinkedBlockingQueue, queueCapacity: 2000, scheduler: class org.apache.hadoop.ipc.DefaultRpcScheduler, ipcBackoff: false.
2022-03-02 21:33:03,215 [Socket Reader #1 for port 0] INFO  ipc.Server (Server.java:run(1265)) - Starting Socket Reader #1 for port 0
2022-03-02 21:33:03,242 [ReplicationMonitor] INFO  container.ReplicationManager (ReplicationManager.java:processAll(374)) - Replication Manager is not ready to run until 3000ms after safemode exit
2022-03-02 21:33:03,304 [Listener at 0.0.0.0/44975] INFO  algorithms.ContainerPlacementPolicyFactory (ContainerPlacementPolicyFactory.java:getPolicy(60)) - Create container placement policy of type org.apache.hadoop.hdds.scm.container.placement.algorithms.SCMContainerPlacementRandom
2022-03-02 21:33:03,305 [Listener at 0.0.0.0/44975] INFO  server.StorageContainerManager (StorageContainerManager.java:<init>(392)) - 
Container Balancer status:
Key                            Value
Running                        false
Container Balancer Configuration values:
Key                                                Value
Threshold                                          10
Max Datanodes to Involve per Iteration(percent)    20
Max Size to Move per Iteration                     500GB
Max Size Entering Target per Iteration             26GB
Max Size Leaving Source per Iteration              26GB

2022-03-02 21:33:03,315 [Listener at 0.0.0.0/44975] WARN  events.EventQueue (EventQueue.java:fireEvent(194)) - No event handler registered for event TypedEvent{payloadType=SafeModeStatus, name='Safe mode status'}
2022-03-02 21:33:03,315 [Listener at 0.0.0.0/44975] INFO  ha.SCMContext (SCMContext.java:updateSafeModeStatus(211)) - Update SafeModeStatus from SafeModeStatus{safeModeStatus=true, preCheckPassed=false} to SafeModeStatus{safeModeStatus=true, preCheckPassed=false}.
2022-03-02 21:33:03,315 [Listener at 0.0.0.0/44975] INFO  server.StorageContainerManager (StorageContainerManager.java:start(1330)) - StorageContainerLocationProtocol RPC server is listening at /0.0.0.0:44975
2022-03-02 21:33:03,315 [Listener at 0.0.0.0/44975] INFO  ha.SCMRatisServerImpl (SCMRatisServerImpl.java:start(177)) - starting ratis server 0.0.0.0:9894
2022-03-02 21:33:03,315 [Listener at 0.0.0.0/44975] INFO  server.RaftServer$Division (RaftServerImpl.java:start(301)) - d7f371f7-0d79-4eb0-9764-2158321d28de@group-E779D9019C18: start as a follower, conf=0: [d7f371f7-0d79-4eb0-9764-2158321d28de|rpc:fv-az294-754:9894|admin:|client:|dataStream:|priority:0], old=null
2022-03-02 21:33:03,315 [Listener at 0.0.0.0/44975] INFO  server.RaftServer$Division (RaftServerImpl.java:setRole(290)) - d7f371f7-0d79-4eb0-9764-2158321d28de@group-E779D9019C18: changes role from      null to FOLLOWER at term 1 for startAsFollower
2022-03-02 21:33:03,315 [Listener at 0.0.0.0/44975] INFO  impl.RoleInfo (RoleInfo.java:updateAndGet(130)) - d7f371f7-0d79-4eb0-9764-2158321d28de: start d7f371f7-0d79-4eb0-9764-2158321d28de@group-E779D9019C18-FollowerState
2022-03-02 21:33:03,330 [Listener at 0.0.0.0/44975] INFO  util.JmxRegister (JmxRegister.java:tryRegister(44)) - Successfully registered JMX Bean with object name Ratis:service=RaftServer,group=group-E779D9019C18,id=d7f371f7-0d79-4eb0-9764-2158321d28de
2022-03-02 21:33:03,341 [Listener at 0.0.0.0/44975] INFO  server.RaftServer (RaftServerProxy.java:lambda$start$5(374)) - d7f371f7-0d79-4eb0-9764-2158321d28de: start RPC server
2022-03-02 21:33:03,345 [Listener at 0.0.0.0/44975] INFO  server.GrpcService (GrpcService.java:startImpl(253)) - d7f371f7-0d79-4eb0-9764-2158321d28de: GrpcService started, listening on 9894
2022-03-02 21:33:03,350 [Listener at 0.0.0.0/44975] INFO  ha.SCMHAManagerImpl (SCMHAManagerImpl.java:start(121)) -  scm role is FOLLOWER peers [d7f371f7-0d79-4eb0-9764-2158321d28de|rpc:fv-az294-754:9894|admin:|client:|dataStream:|priority:0]
2022-03-02 21:33:03,350 [Listener at 0.0.0.0/44975] INFO  ha.InterSCMGrpcService (InterSCMGrpcProtocolService.java:start(94)) - Starting SCM Grpc Service at port 9895
2022-03-02 21:33:03,352 [Listener at 0.0.0.0/44975] WARN  impl.MetricsConfig (MetricsConfig.java:loadFirst(136)) - Cannot locate configuration: tried hadoop-metrics2-storagecontainermanager.properties,hadoop-metrics2.properties
2022-03-02 21:33:03,352 [org.apache.ratis.util.JvmPauseMonitor$$Lambda$431/1455743440@4539302] INFO  util.JvmPauseMonitor (JvmPauseMonitor.java:run(103)) - JvmPauseMonitor-d7f371f7-0d79-4eb0-9764-2158321d28de: Started
2022-03-02 21:33:03,375 [Listener at 0.0.0.0/44975] INFO  impl.MetricsSystemImpl (MetricsSystemImpl.java:startTimer(378)) - Scheduled Metric snapshot period at 10 second(s).
2022-03-02 21:33:03,375 [Listener at 0.0.0.0/44975] INFO  impl.MetricsSystemImpl (MetricsSystemImpl.java:start(191)) - StorageContainerManager metrics system started
2022-03-02 21:33:03,410 [Listener at 0.0.0.0/44975] INFO  impl.MetricsSinkAdapter (MetricsSinkAdapter.java:start(204)) - Sink prometheus started
2022-03-02 21:33:03,410 [Listener at 0.0.0.0/44975] INFO  impl.MetricsSystemImpl (MetricsSystemImpl.java:registerSink(305)) - Registered sink prometheus
2022-03-02 21:33:03,453 [Listener at 0.0.0.0/44975] INFO  server.SCMClientProtocolServer (SCMClientProtocolServer.java:start(165)) - RPC server for Client  is listening at /0.0.0.0:44975
2022-03-02 21:33:03,463 [IPC Server Responder] INFO  ipc.Server (Server.java:run(1507)) - IPC Server Responder: starting
2022-03-02 21:33:03,463 [IPC Server listener on 0] INFO  ipc.Server (Server.java:run(1344)) - IPC Server listener on 0: starting
2022-03-02 21:33:03,679 [Listener at 0.0.0.0/44975] INFO  server.StorageContainerManager (StorageContainerManager.java:start(1345)) - ScmBlockLocationProtocol RPC server is listening at /0.0.0.0:42781
2022-03-02 21:33:03,679 [Listener at 0.0.0.0/44975] INFO  server.SCMBlockProtocolServer (SCMBlockProtocolServer.java:start(151)) - RPC server for Block Protocol is listening at /0.0.0.0:42781
2022-03-02 21:33:03,680 [IPC Server Responder] INFO  ipc.Server (Server.java:run(1507)) - IPC Server Responder: starting
2022-03-02 21:33:03,680 [IPC Server listener on 0] INFO  ipc.Server (Server.java:run(1344)) - IPC Server listener on 0: starting
2022-03-02 21:33:03,731 [Listener at 0.0.0.0/44975] INFO  http.BaseHttpServer (BaseHttpServer.java:newHttpServer2BuilderForOzone(209)) - Starting Web-server for scm at: http://0.0.0.0:0
2022-03-02 21:33:03,735 [Listener at 0.0.0.0/44975] INFO  http.BaseHttpServer (BaseHttpServer.java:<init>(107)) - Hadoop Security Enabled: false Ozone Security Enabled: false Ozone HTTP Security Enabled: false 
2022-03-02 21:33:03,735 [org.apache.hadoop.util.JvmPauseMonitor$Monitor@2314e004] INFO  util.JvmPauseMonitor (JvmPauseMonitor.java:run(188)) - Starting JVM pause monitor
2022-03-02 21:33:03,737 [Listener at 0.0.0.0/44975] INFO  server.AuthenticationFilter (AuthenticationFilter.java:constructSecretProvider(240)) - Unable to initialize FileSignerSecretProvider, falling back to use random secrets.
2022-03-02 21:33:03,747 [Listener at 0.0.0.0/44975] WARN  http.HttpRequestLog (HttpRequestLog.java:getRequestLog(103)) - Jetty request log can only be enabled using Log4j
2022-03-02 21:33:03,752 [Listener at 0.0.0.0/44975] INFO  http.HttpServer2 (HttpServer2.java:addGlobalFilter(1030)) - Added global filter 'safety' (class=org.apache.hadoop.hdds.server.http.HttpServer2$QuotingInputFilter)
2022-03-02 21:33:03,771 [Listener at 0.0.0.0/44975] INFO  http.HttpServer2 (HttpServer2.java:addFilter(1006)) - Added filter static_user_filter (class=org.apache.hadoop.http.lib.StaticUserWebFilter$StaticUserFilter) to context scm
2022-03-02 21:33:03,771 [Listener at 0.0.0.0/44975] INFO  http.HttpServer2 (HttpServer2.java:addFilter(1014)) - Added filter static_user_filter (class=org.apache.hadoop.http.lib.StaticUserWebFilter$StaticUserFilter) to context static
2022-03-02 21:33:03,771 [Listener at 0.0.0.0/44975] INFO  http.HttpServer2 (HttpServer2.java:addFilter(1014)) - Added filter static_user_filter (class=org.apache.hadoop.http.lib.StaticUserWebFilter$StaticUserFilter) to context logs
2022-03-02 21:33:03,772 [Listener at 0.0.0.0/44975] INFO  http.HttpServer2 (HttpServer2.java:bindListener(1249)) - Jetty bound to port 45201
2022-03-02 21:33:03,772 [Listener at 0.0.0.0/44975] INFO  server.Server (Server.java:doStart(375)) - jetty-9.4.43.v20210629; built: 2021-06-30T11:07:22.254Z; git: 526006ecfa3af7f1a27ef3a288e2bef7ea9dd7e8; jvm 1.8.0_322-b06
2022-03-02 21:33:03,780 [Listener at 0.0.0.0/44975] INFO  server.session (DefaultSessionIdManager.java:doStart(334)) - DefaultSessionIdManager workerName=node0
2022-03-02 21:33:03,780 [Listener at 0.0.0.0/44975] INFO  server.session (DefaultSessionIdManager.java:doStart(339)) - No SessionScavenger set, using defaults
2022-03-02 21:33:03,784 [Listener at 0.0.0.0/44975] INFO  server.session (HouseKeeper.java:startScavenging(132)) - node0 Scavenging every 660000ms
2022-03-02 21:33:03,787 [Listener at 0.0.0.0/44975] INFO  handler.ContextHandler (ContextHandler.java:doStart(915)) - Started o.e.j.s.ServletContextHandler@3191b408{logs,/logs,file:///home/runner/work/ozone/ozone/hadoop-ozone/integration-test/target/log,AVAILABLE}
2022-03-02 21:33:03,791 [Listener at 0.0.0.0/44975] INFO  handler.ContextHandler (ContextHandler.java:doStart(915)) - Started o.e.j.s.ServletContextHandler@6b008835{static,/static,file:///home/runner/work/ozone/ozone/hadoop-ozone/integration-test/target/test-classes/webapps/static,AVAILABLE}
2022-03-02 21:33:03,794 [Listener at 0.0.0.0/44975] INFO  handler.ContextHandler (ContextHandler.java:doStart(915)) - Started o.e.j.w.WebAppContext@4f78be13{scm,/,file:///home/runner/work/ozone/ozone/hadoop-ozone/integration-test/target/test-classes/webapps/scm/,AVAILABLE}{file:/home/runner/work/ozone/ozone/hadoop-ozone/integration-test/target/test-classes/webapps/scm}
2022-03-02 21:33:03,827 [Listener at 0.0.0.0/44975] INFO  server.AbstractConnector (AbstractConnector.java:doStart(331)) - Started ServerConnector@5996c810{HTTP/1.1, (http/1.1)}{0.0.0.0:45201}
2022-03-02 21:33:03,827 [Listener at 0.0.0.0/44975] INFO  server.Server (Server.java:doStart(415)) - Started @225180ms
2022-03-02 21:33:03,827 [Listener at 0.0.0.0/44975] WARN  impl.MetricsSystemImpl (MetricsSystemImpl.java:register(279)) - Sink prometheus already exists!
2022-03-02 21:33:03,829 [Listener at 0.0.0.0/44975] INFO  http.BaseHttpServer (BaseHttpServer.java:updateConnectorAddress(329)) - HTTP server of scm listening at http://0.0.0.0:45201
2022-03-02 21:33:03,829 [Listener at 0.0.0.0/44975] WARN  server.ServerUtils (ServerUtils.java:getDBPath(225)) - ozone.om.db.dirs is not configured. We recommend adding this setting. Falling back to ozone.metadata.dirs instead.
2022-03-02 21:33:03,835 [Listener at 0.0.0.0/44975] INFO  ha.OMHANodeDetails (OMHANodeDetails.java:loadOMHAConfig(112)) - ozone.om.internal.service.id is not defined, falling back to ozone.om.service.ids to find serviceID for OzoneManager if it is HA enabled cluster
2022-03-02 21:33:03,835 [Listener at 0.0.0.0/44975] INFO  ha.OMHANodeDetails (OMHANodeDetails.java:loadOMHAConfig(218)) - Configuration does not have ozone.om.address set. Falling back to the default OM address /127.0.0.1:0
2022-03-02 21:33:03,835 [Listener at 0.0.0.0/44975] INFO  ha.OMHANodeDetails (OMHANodeDetails.java:getOMNodeDetailsForNonHA(246)) - OM Service ID is not set. Setting it to the default ID: omServiceIdDefault
2022-03-02 21:33:03,835 [Listener at 0.0.0.0/44975] INFO  ha.OMHANodeDetails (OMHANodeDetails.java:getOMNodeDetailsForNonHA(253)) - OM Node ID is not set. Setting it to the default ID: om1
2022-03-02 21:33:03,835 [Listener at 0.0.0.0/44975] WARN  server.ServerUtils (ServerUtils.java:getDBPath(225)) - ozone.om.db.dirs is not configured. We recommend adding this setting. Falling back to ozone.metadata.dirs instead.
2022-03-02 21:33:03,835 [Listener at 0.0.0.0/44975] INFO  upgrade.AbstractLayoutVersionManager (AbstractLayoutVersionManager.java:init(79)) - Initializing Layout version manager with metadata layout = INITIAL_VERSION (version = 0), software layout = INITIAL_VERSION (version = 0)
2022-03-02 21:33:03,954 [Listener at 0.0.0.0/44975] INFO  reflections.Reflections (Reflections.java:scan(232)) - Reflections took 118 ms to scan 2 urls, producing 134 keys and 349 values [using 2 cores]
2022-03-02 21:33:03,954 [Listener at 0.0.0.0/44975] INFO  upgrade.OMLayoutVersionManager (OMLayoutVersionManager.java:lambda$0(115)) - Skipping Upgrade Action MockOmUpgradeAction since it has been finalized.
2022-03-02 21:33:03,955 [Listener at 0.0.0.0/44975] WARN  server.ServerUtils (ServerUtils.java:getDBPath(225)) - ozone.om.db.dirs is not configured. We recommend adding this setting. Falling back to ozone.metadata.dirs instead.
2022-03-02 21:33:06,052 [Listener at 0.0.0.0/44975] INFO  retry.RetryInvocationHandler (RetryInvocationHandler.java:log(411)) - com.google.protobuf.ServiceException: org.apache.hadoop.ipc.RemoteException(org.apache.hadoop.hdds.ratis.ServerNotLeaderException): Server:d7f371f7-0d79-4eb0-9764-2158321d28de is not the leader. Could not determine the leader node.
	at org.apache.hadoop.hdds.ratis.ServerNotLeaderException.convertToNotLeaderException(ServerNotLeaderException.java:109)
	at org.apache.hadoop.hdds.scm.ha.RatisUtil.checkRatisException(RatisUtil.java:246)
	at org.apache.hadoop.hdds.scm.protocol.ScmBlockLocationProtocolServerSideTranslatorPB.send(ScmBlockLocationProtocolServerSideTranslatorPB.java:108)
	at org.apache.hadoop.hdds.protocol.proto.ScmBlockLocationProtocolProtos$ScmBlockLocationProtocolService$2.callBlockingMethod(ScmBlockLocationProtocolProtos.java:13937)
	at org.apache.hadoop.ipc.ProtobufRpcEngine$Server.processCall(ProtobufRpcEngine.java:466)
	at org.apache.hadoop.ipc.ProtobufRpcEngine2$Server$ProtoBufRpcInvoker.call(ProtobufRpcEngine2.java:574)
	at org.apache.hadoop.ipc.ProtobufRpcEngine2$Server$ProtoBufRpcInvoker.call(ProtobufRpcEngine2.java:552)
	at org.apache.hadoop.ipc.RPC$Server.call(RPC.java:1093)
	at org.apache.hadoop.ipc.Server$RpcCall.run(Server.java:1035)
	at org.apache.hadoop.ipc.Server$RpcCall.run(Server.java:963)
	at java.security.AccessController.doPrivileged(Native Method)
	at javax.security.auth.Subject.doAs(Subject.java:422)
	at org.apache.hadoop.security.UserGroupInformation.doAs(UserGroupInformation.java:1878)
	at org.apache.hadoop.ipc.Server$Handler.run(Server.java:2966)
, while invoking $Proxy43.send over nodeId=scmNodeId,nodeAddress=/0.0.0.0:42781 after 1 failover attempts. Trying to failover after sleeping for 2000ms.
2022-03-02 21:33:08,054 [Listener at 0.0.0.0/44975] INFO  retry.RetryInvocationHandler (RetryInvocationHandler.java:log(411)) - com.google.protobuf.ServiceException: org.apache.hadoop.ipc.RemoteException(org.apache.hadoop.hdds.ratis.ServerNotLeaderException): Server:d7f371f7-0d79-4eb0-9764-2158321d28de is not the leader. Could not determine the leader node.
	at org.apache.hadoop.hdds.ratis.ServerNotLeaderException.convertToNotLeaderException(ServerNotLeaderException.java:109)
	at org.apache.hadoop.hdds.scm.ha.RatisUtil.checkRatisException(RatisUtil.java:246)
	at org.apache.hadoop.hdds.scm.protocol.ScmBlockLocationProtocolServerSideTranslatorPB.send(ScmBlockLocationProtocolServerSideTranslatorPB.java:108)
	at org.apache.hadoop.hdds.protocol.proto.ScmBlockLocationProtocolProtos$ScmBlockLocationProtocolService$2.callBlockingMethod(ScmBlockLocationProtocolProtos.java:13937)
	at org.apache.hadoop.ipc.ProtobufRpcEngine$Server.processCall(ProtobufRpcEngine.java:466)
	at org.apache.hadoop.ipc.ProtobufRpcEngine2$Server$ProtoBufRpcInvoker.call(ProtobufRpcEngine2.java:574)
	at org.apache.hadoop.ipc.ProtobufRpcEngine2$Server$ProtoBufRpcInvoker.call(ProtobufRpcEngine2.java:552)
	at org.apache.hadoop.ipc.RPC$Server.call(RPC.java:1093)
	at org.apache.hadoop.ipc.Server$RpcCall.run(Server.java:1035)
	at org.apache.hadoop.ipc.Server$RpcCall.run(Server.java:963)
	at java.security.AccessController.doPrivileged(Native Method)
	at javax.security.auth.Subject.doAs(Subject.java:422)
	at org.apache.hadoop.security.UserGroupInformation.doAs(UserGroupInformation.java:1878)
	at org.apache.hadoop.ipc.Server$Handler.run(Server.java:2966)
, while invoking $Proxy43.send over nodeId=scmNodeId,nodeAddress=/0.0.0.0:42781 after 2 failover attempts. Trying to failover after sleeping for 2000ms.
2022-03-02 21:33:08,354 [d7f371f7-0d79-4eb0-9764-2158321d28de@group-E779D9019C18-FollowerState] INFO  impl.FollowerState (FollowerState.java:run(134)) - d7f371f7-0d79-4eb0-9764-2158321d28de@group-E779D9019C18-FollowerState: change to CANDIDATE, lastRpcElapsedTime:5038253990ns, electionTimeout:5022ms
2022-03-02 21:33:08,354 [d7f371f7-0d79-4eb0-9764-2158321d28de@group-E779D9019C18-FollowerState] INFO  impl.RoleInfo (RoleInfo.java:shutdownFollowerState(108)) - d7f371f7-0d79-4eb0-9764-2158321d28de: shutdown d7f371f7-0d79-4eb0-9764-2158321d28de@group-E779D9019C18-FollowerState
2022-03-02 21:33:08,354 [d7f371f7-0d79-4eb0-9764-2158321d28de@group-E779D9019C18-FollowerState] INFO  server.RaftServer$Division (RaftServerImpl.java:setRole(290)) - d7f371f7-0d79-4eb0-9764-2158321d28de@group-E779D9019C18: changes role from  FOLLOWER to CANDIDATE at term 1 for changeToCandidate
2022-03-02 21:33:08,354 [d7f371f7-0d79-4eb0-9764-2158321d28de@group-E779D9019C18-FollowerState] INFO  server.RaftServerConfigKeys (ConfUtils.java:logGet(44)) - raft.server.leaderelection.pre-vote = false (custom)
2022-03-02 21:33:08,354 [d7f371f7-0d79-4eb0-9764-2158321d28de@group-E779D9019C18-FollowerState] INFO  impl.RoleInfo (RoleInfo.java:updateAndGet(130)) - d7f371f7-0d79-4eb0-9764-2158321d28de: start d7f371f7-0d79-4eb0-9764-2158321d28de@group-E779D9019C18-LeaderElection73
2022-03-02 21:33:08,391 [d7f371f7-0d79-4eb0-9764-2158321d28de@group-E779D9019C18-LeaderElection73] INFO  impl.LeaderElection (LeaderElection.java:askForVotes(306)) - d7f371f7-0d79-4eb0-9764-2158321d28de@group-E779D9019C18-LeaderElection73 ELECTION round 0: submit vote requests at term 2 for 0: [d7f371f7-0d79-4eb0-9764-2158321d28de|rpc:fv-az294-754:9894|admin:|client:|dataStream:|priority:0], old=null
2022-03-02 21:33:08,391 [d7f371f7-0d79-4eb0-9764-2158321d28de@group-E779D9019C18-LeaderElection73] INFO  impl.LeaderElection (LeaderElection.java:askForVotes(308)) - d7f371f7-0d79-4eb0-9764-2158321d28de@group-E779D9019C18-LeaderElection73 ELECTION round 0: result PASSED (term=2)
2022-03-02 21:33:08,391 [d7f371f7-0d79-4eb0-9764-2158321d28de@group-E779D9019C18-LeaderElection73] INFO  impl.RoleInfo (RoleInfo.java:shutdownLeaderElection(121)) - d7f371f7-0d79-4eb0-9764-2158321d28de: shutdown d7f371f7-0d79-4eb0-9764-2158321d28de@group-E779D9019C18-LeaderElection73
2022-03-02 21:33:08,391 [d7f371f7-0d79-4eb0-9764-2158321d28de@group-E779D9019C18-LeaderElection73] INFO  server.RaftServer$Division (RaftServerImpl.java:setRole(290)) - d7f371f7-0d79-4eb0-9764-2158321d28de@group-E779D9019C18: changes role from CANDIDATE to LEADER at term 2 for changeToLeader
2022-03-02 21:33:08,391 [d7f371f7-0d79-4eb0-9764-2158321d28de@group-E779D9019C18-LeaderElection73] INFO  ha.SCMStateMachine (SCMStateMachine.java:notifyLeaderChanged(259)) - current SCM becomes leader of term 2.
2022-03-02 21:33:08,391 [d7f371f7-0d79-4eb0-9764-2158321d28de@group-E779D9019C18-LeaderElection73] INFO  ha.SCMContext (SCMContext.java:updateLeaderAndTerm(90)) - update <isLeader,term> from <false,0> to <true,2>
2022-03-02 21:33:08,392 [d7f371f7-0d79-4eb0-9764-2158321d28de@group-E779D9019C18-LeaderElection73] INFO  server.RaftServer$Division (ServerState.java:setLeader(285)) - d7f371f7-0d79-4eb0-9764-2158321d28de@group-E779D9019C18: change Leader from null to d7f371f7-0d79-4eb0-9764-2158321d28de at term 2 for becomeLeader, leader elected after 5252ms
2022-03-02 21:33:08,392 [d7f371f7-0d79-4eb0-9764-2158321d28de@group-E779D9019C18-LeaderElection73] INFO  server.RaftServerConfigKeys (ConfUtils.java:logGet(44)) - raft.server.staging.catchup.gap = 1000 (default)
2022-03-02 21:33:08,392 [d7f371f7-0d79-4eb0-9764-2158321d28de@group-E779D9019C18-LeaderElection73] INFO  server.RaftServerConfigKeys (ConfUtils.java:logGet(44)) - raft.server.write.element-limit = 4096 (default)
2022-03-02 21:33:08,392 [d7f371f7-0d79-4eb0-9764-2158321d28de@group-E779D9019C18-LeaderElection73] INFO  server.RaftServerConfigKeys (ConfUtils.java:logGet(44)) - raft.server.write.byte-limit = 64MB (=67108864) (default)
2022-03-02 21:33:08,392 [d7f371f7-0d79-4eb0-9764-2158321d28de@group-E779D9019C18-LeaderElection73] INFO  server.RaftServerConfigKeys (ConfUtils.java:logGet(44)) - raft.server.watch.timeout = 10s (default)
2022-03-02 21:33:08,392 [d7f371f7-0d79-4eb0-9764-2158321d28de@group-E779D9019C18-LeaderElection73] INFO  server.RaftServerConfigKeys (ConfUtils.java:logGet(44)) - raft.server.watch.timeout.denomination = 1s (default)
2022-03-02 21:33:08,392 [d7f371f7-0d79-4eb0-9764-2158321d28de@group-E779D9019C18-LeaderElection73] INFO  server.RaftServerConfigKeys (ConfUtils.java:logGet(44)) - raft.server.watch.element-limit = 65536 (default)
2022-03-02 21:33:08,392 [d7f371f7-0d79-4eb0-9764-2158321d28de@group-E779D9019C18-LeaderElection73] INFO  server.RaftServerConfigKeys (ConfUtils.java:logGet(44)) - raft.server.write.element-limit = 4096 (default)
2022-03-02 21:33:08,392 [d7f371f7-0d79-4eb0-9764-2158321d28de@group-E779D9019C18-LeaderElection73] INFO  server.RaftServerConfigKeys (ConfUtils.java:logGet(44)) - raft.server.write.follower.gap.ratio.max = -1.0 (default)
2022-03-02 21:33:08,392 [d7f371f7-0d79-4eb0-9764-2158321d28de@group-E779D9019C18-LeaderElection73] INFO  impl.RoleInfo (RoleInfo.java:updateAndGet(130)) - d7f371f7-0d79-4eb0-9764-2158321d28de: start d7f371f7-0d79-4eb0-9764-2158321d28de@group-E779D9019C18-LeaderStateImpl
2022-03-02 21:33:08,392 [d7f371f7-0d79-4eb0-9764-2158321d28de@group-E779D9019C18-LeaderElection73] INFO  segmented.SegmentedRaftLogWorker (SegmentedRaftLogWorker.java:rollLogSegment(399)) - d7f371f7-0d79-4eb0-9764-2158321d28de@group-E779D9019C18-SegmentedRaftLogWorker: Rolling segment log-0_0 to index:0
2022-03-02 21:33:08,427 [d7f371f7-0d79-4eb0-9764-2158321d28de@group-E779D9019C18-SegmentedRaftLogWorker] INFO  segmented.SegmentedRaftLogWorker (SegmentedRaftLogWorker.java:execute(558)) - d7f371f7-0d79-4eb0-9764-2158321d28de@group-E779D9019C18-SegmentedRaftLogWorker: Rolled log segment from /home/runner/work/ozone/ozone/hadoop-ozone/integration-test/target/test-dir/MiniOzoneClusterImpl-f745d883-409d-4598-9a00-e779d9019c18/ozone-meta/scm-ha/f745d883-409d-4598-9a00-e779d9019c18/current/log_inprogress_0 to /home/runner/work/ozone/ozone/hadoop-ozone/integration-test/target/test-dir/MiniOzoneClusterImpl-f745d883-409d-4598-9a00-e779d9019c18/ozone-meta/scm-ha/f745d883-409d-4598-9a00-e779d9019c18/current/log_0-0
2022-03-02 21:33:08,431 [d7f371f7-0d79-4eb0-9764-2158321d28de@group-E779D9019C18-LeaderElection73] INFO  server.RaftServer$Division (ServerState.java:setRaftConf(387)) - d7f371f7-0d79-4eb0-9764-2158321d28de@group-E779D9019C18: set configuration 1: [d7f371f7-0d79-4eb0-9764-2158321d28de|rpc:fv-az294-754:9894|admin:|client:|dataStream:|priority:0], old=null
2022-03-02 21:33:08,443 [d7f371f7-0d79-4eb0-9764-2158321d28de@group-E779D9019C18-SegmentedRaftLogWorker] INFO  segmented.SegmentedRaftLogWorker (SegmentedRaftLogWorker.java:execute(601)) - d7f371f7-0d79-4eb0-9764-2158321d28de@group-E779D9019C18-SegmentedRaftLogWorker: created new log segment /home/runner/work/ozone/ozone/hadoop-ozone/integration-test/target/test-dir/MiniOzoneClusterImpl-f745d883-409d-4598-9a00-e779d9019c18/ozone-meta/scm-ha/f745d883-409d-4598-9a00-e779d9019c18/current/log_inprogress_1
2022-03-02 21:33:08,447 [d7f371f7-0d79-4eb0-9764-2158321d28de@group-E779D9019C18-StateMachineUpdater] INFO  ha.SCMContext (SCMContext.java:setLeaderReady(117)) - update <isLeaderReady> from <false> to <true>
2022-03-02 21:33:08,451 [d7f371f7-0d79-4eb0-9764-2158321d28de@group-E779D9019C18-StateMachineUpdater] INFO  pipeline.BackgroundPipelineCreator (BackgroundPipelineCreator.java:notifyStatusChanged(264)) - Service BackgroundPipelineCreator transitions to RUNNING.
2022-03-02 21:33:08,452 [d7f371f7-0d79-4eb0-9764-2158321d28de@group-E779D9019C18-StateMachineUpdater] INFO  safemode.HealthyPipelineSafeModeRule (HealthyPipelineSafeModeRule.java:initializeRule(152)) - Refreshed total pipeline count is 0, healthy pipeline threshold count is 1
2022-03-02 21:33:08,452 [d7f371f7-0d79-4eb0-9764-2158321d28de@group-E779D9019C18-StateMachineUpdater] INFO  safemode.ContainerSafeModeRule (ContainerSafeModeRule.java:reInitializeRule(177)) - Refreshed one replica container threshold 0, currentThreshold 0
2022-03-02 21:33:08,452 [d7f371f7-0d79-4eb0-9764-2158321d28de@group-E779D9019C18-StateMachineUpdater] INFO  safemode.OneReplicaPipelineSafeModeRule (OneReplicaPipelineSafeModeRule.java:initializeRule(176)) - Refreshed Total pipeline count is 0, pipeline's with at least one datanode reported threshold count is 0
2022-03-02 21:33:08,452 [d7f371f7-0d79-4eb0-9764-2158321d28de@group-E779D9019C18-StateMachineUpdater] INFO  server.SCMDatanodeProtocolServer (SCMDatanodeProtocolServer.java:start(181)) - ScmDatanodeProtocol RPC server for DataNodes is listening at /0.0.0.0:34591
2022-03-02 21:33:08,471 [IPC Server listener on 0] INFO  ipc.Server (Server.java:run(1344)) - IPC Server listener on 0: starting
2022-03-02 21:33:08,513 [IPC Server Responder] INFO  ipc.Server (Server.java:run(1507)) - IPC Server Responder: starting
2022-03-02 21:33:10,056 [Listener at 0.0.0.0/44975] WARN  server.ServerUtils (ServerUtils.java:getDBPath(225)) - ozone.om.db.dirs is not configured. We recommend adding this setting. Falling back to ozone.metadata.dirs instead.
2022-03-02 21:33:10,056 [Listener at 0.0.0.0/44975] INFO  codec.OmKeyInfoCodec (OmKeyInfoCodec.java:<init>(50)) - OmKeyInfoCodec ignorePipeline = true
2022-03-02 21:33:10,057 [Listener at 0.0.0.0/44975] INFO  codec.RepeatedOmKeyInfoCodec (RepeatedOmKeyInfoCodec.java:<init>(42)) - RepeatedOmKeyInfoCodec ignorePipeline = true
2022-03-02 21:33:10,560 [Listener at 0.0.0.0/44975] INFO  om.OzoneManager (OzoneManager.java:addS3GVolumeToDB(3733)) - Created Volume s3v With Owner runner required for S3Gateway operations.
2022-03-02 21:33:10,560 [Listener at 0.0.0.0/44975] WARN  server.ServerUtils (ServerUtils.java:getDefaultRatisDirectory(237)) - Storage directory for Ratis is not configured. It is a good idea to map this to an SSD disk. Falling back to ozone.metadata.dirs
2022-03-02 21:33:10,560 [Listener at 0.0.0.0/44975] WARN  utils.OzoneManagerRatisUtils (OzoneManagerRatisUtils.java:getOMRatisSnapshotDirectory(330)) - ozone.om.ratis.snapshot.dir is not configured. Falling back to ozone.metadata.dirs config
2022-03-02 21:33:10,560 [Listener at 0.0.0.0/44975] WARN  impl.MetricRegistriesImpl (MetricRegistriesImpl.java:addReporterRegistration(111)) - New reporters are added after registries were created. Some metrics will be missing from the reporter. Please add reporter before adding any new registry.
2022-03-02 21:33:10,560 [Listener at 0.0.0.0/44975] WARN  impl.MetricRegistriesImpl (MetricRegistriesImpl.java:addReporterRegistration(111)) - New reporters are added after registries were created. Some metrics will be missing from the reporter. Please add reporter before adding any new registry.
2022-03-02 21:33:10,560 [Listener at 0.0.0.0/44975] WARN  server.ServerUtils (ServerUtils.java:getDefaultRatisDirectory(237)) - Storage directory for Ratis is not configured. It is a good idea to map this to an SSD disk. Falling back to ozone.metadata.dirs
2022-03-02 21:33:10,561 [Listener at 0.0.0.0/44975] INFO  ratis.OzoneManagerRatisServer (OzoneManagerRatisServer.java:<init>(159)) - Instantiating OM Ratis server with groupID: omServiceIdDefault and peers: localhost:9872
2022-03-02 21:33:10,561 [Listener at 0.0.0.0/44975] INFO  ratis.OzoneManagerStateMachine (OzoneManagerStateMachine.java:loadSnapshotInfoFromDB(605)) - LastAppliedIndex is set from TransactionInfo from OM DB as (t:0, i:~)
2022-03-02 21:33:10,562 [Listener at 0.0.0.0/44975] INFO  server.RaftServer (ConfUtils.java:logGet(44)) - raft.rpc.type = GRPC (default)
2022-03-02 21:33:10,562 [Listener at 0.0.0.0/44975] INFO  grpc.GrpcFactory (GrpcFactory.java:checkPooledByteBufAllocatorUseCacheForAllThreads(48)) - PERFORMANCE WARNING: useCacheForAllThreads is true that may cause Netty to create a lot garbage objects and, as a result, trigger GC.
	It is recommended to disable useCacheForAllThreads by setting -Dorg.apache.ratis.thirdparty.io.netty.allocator.useCacheForAllThreads=false in command line.
2022-03-02 21:33:10,562 [Listener at 0.0.0.0/44975] INFO  grpc.GrpcConfigKeys (ConfUtils.java:logGet(44)) - raft.grpc.admin.port = -1 (default)
2022-03-02 21:33:10,562 [Listener at 0.0.0.0/44975] INFO  grpc.GrpcConfigKeys (ConfUtils.java:logGet(44)) - raft.grpc.server.port = 9872 (custom)
2022-03-02 21:33:10,562 [Listener at 0.0.0.0/44975] INFO  grpc.GrpcConfigKeys (ConfUtils.java:logGet(44)) - raft.grpc.client.port = -1 (default)
2022-03-02 21:33:10,562 [Listener at 0.0.0.0/44975] INFO  grpc.GrpcConfigKeys (ConfUtils.java:logGet(44)) - raft.grpc.server.port = 9872 (custom)
2022-03-02 21:33:10,562 [Listener at 0.0.0.0/44975] INFO  grpc.GrpcConfigKeys (ConfUtils.java:logGet(44)) - raft.grpc.server.port = 9872 (custom)
2022-03-02 21:33:10,562 [Listener at 0.0.0.0/44975] INFO  server.GrpcService (ConfUtils.java:logGet(44)) - raft.grpc.message.size.max = 33554432 (custom)
2022-03-02 21:33:10,562 [Listener at 0.0.0.0/44975] INFO  server.RaftServerConfigKeys (ConfUtils.java:logGet(44)) - raft.server.log.appender.buffer.byte-limit = 33554432 (custom)
2022-03-02 21:33:10,562 [Listener at 0.0.0.0/44975] INFO  server.GrpcService (ConfUtils.java:logGet(44)) - raft.grpc.flow.control.window = 1MB (=1048576) (default)
2022-03-02 21:33:10,562 [Listener at 0.0.0.0/44975] INFO  server.RaftServerConfigKeys (ConfUtils.java:logGet(44)) - raft.server.rpc.request.timeout = 3000ms (default)
2022-03-02 21:33:10,563 [Listener at 0.0.0.0/44975] INFO  impl.DataStreamServerImpl (ConfUtils.java:logGet(44)) - raft.datastream.type = DISABLED (default)
2022-03-02 21:33:10,563 [Listener at 0.0.0.0/44975] INFO  server.RaftServerConfigKeys (ConfUtils.java:logGet(44)) - raft.server.rpc.slowness.timeout = 120s (custom)
2022-03-02 21:33:10,564 [Listener at 0.0.0.0/44975] INFO  server.RaftServerConfigKeys (ConfUtils.java:logGet(44)) - raft.server.leaderelection.leader.step-down.wait-time = 10s (default)
2022-03-02 21:33:10,564 [Listener at 0.0.0.0/44975] INFO  server.RaftServerConfigKeys (ConfUtils.java:logGet(44)) - raft.server.storage.dir = [/home/runner/work/ozone/ozone/hadoop-ozone/integration-test/target/test-dir/MiniOzoneClusterImpl-f745d883-409d-4598-9a00-e779d9019c18/ozone-meta/ratis] (custom)
2022-03-02 21:33:10,585 [Listener at 0.0.0.0/44975] INFO  server.RaftServer (RaftServerProxy.java:addNew(95)) - om1: addNew group-C5BA1605619E:[om1|rpc:localhost:9872|priority:0] returns group-C5BA1605619E:java.util.concurrent.CompletableFuture@d6bb483[Not completed]
2022-03-02 21:33:10,585 [Listener at 0.0.0.0/44975] INFO  om.OzoneManager (OzoneManager.java:initializeRatisServer(1834)) - OzoneManager Ratis server initialized at port 9872
2022-03-02 21:33:10,586 [Listener at 0.0.0.0/44975] INFO  ipc.CallQueueManager (CallQueueManager.java:<init>(90)) - Using callQueue: class java.util.concurrent.LinkedBlockingQueue, queueCapacity: 2000, scheduler: class org.apache.hadoop.ipc.DefaultRpcScheduler, ipcBackoff: false.
2022-03-02 21:33:10,587 [pool-578-thread-1] INFO  server.RaftServer$Division (RaftServerImpl.java:<init>(184)) - om1: new RaftServerImpl for group-C5BA1605619E:[om1|rpc:localhost:9872|priority:0] with OzoneManagerStateMachine:uninitialized
2022-03-02 21:33:10,615 [Socket Reader #1 for port 0] INFO  ipc.Server (Server.java:run(1265)) - Starting Socket Reader #1 for port 0
2022-03-02 21:33:10,639 [pool-578-thread-1] INFO  server.RaftServerConfigKeys (ConfUtils.java:logGet(44)) - raft.server.rpc.timeout.min = 1s (custom)
2022-03-02 21:33:10,639 [pool-578-thread-1] INFO  server.RaftServerConfigKeys (ConfUtils.java:logGet(44)) - raft.server.rpc.timeout.max = 1200ms (custom)
2022-03-02 21:33:10,640 [pool-578-thread-1] INFO  server.RaftServerConfigKeys (ConfUtils.java:logGet(44)) - raft.server.rpc.sleep.time = 25ms (default)
2022-03-02 21:33:10,640 [pool-578-thread-1] INFO  server.RaftServerConfigKeys (ConfUtils.java:logGet(44)) - raft.server.rpc.slowness.timeout = 120s (custom)
2022-03-02 21:33:10,640 [pool-578-thread-1] INFO  server.RaftServerConfigKeys (ConfUtils.java:logGet(44)) - raft.server.leaderelection.leader.step-down.wait-time = 10s (default)
2022-03-02 21:33:10,640 [pool-578-thread-1] INFO  server.RaftServerConfigKeys (ConfUtils.java:logGet(44)) - raft.server.sleep.deviation.threshold = 300ms (default)
2022-03-02 21:33:10,640 [pool-578-thread-1] INFO  server.RaftServerConfigKeys (ConfUtils.java:logGet(44)) - raft.server.log.appender.install.snapshot.enabled = false (custom)
2022-03-02 21:33:10,640 [pool-578-thread-1] INFO  server.RaftServer$Division (ServerState.java:<init>(105)) - om1@group-C5BA1605619E: ConfigurationManager, init=-1: [om1|rpc:localhost:9872|priority:0], old=null, confs=<EMPTY_MAP>
2022-03-02 21:33:10,640 [pool-578-thread-1] INFO  server.RaftServerConfigKeys (ConfUtils.java:logGet(44)) - raft.server.storage.dir = [/home/runner/work/ozone/ozone/hadoop-ozone/integration-test/target/test-dir/MiniOzoneClusterImpl-f745d883-409d-4598-9a00-e779d9019c18/ozone-meta/ratis] (custom)
2022-03-02 21:33:10,640 [pool-578-thread-1] INFO  server.RaftServerConfigKeys (ConfUtils.java:logGet(44)) - raft.server.log.corruption.policy = EXCEPTION (default)
2022-03-02 21:33:10,640 [pool-578-thread-1] INFO  server.RaftServerConfigKeys (ConfUtils.java:logGet(44)) - raft.server.storage.free-space.min = 0MB (=0) (default)
2022-03-02 21:33:10,640 [pool-578-thread-1] INFO  storage.RaftStorageDirectory (RaftStorageDirectoryImpl.java:analyzeStorage(135)) - The storage directory /home/runner/work/ozone/ozone/hadoop-ozone/integration-test/target/test-dir/MiniOzoneClusterImpl-f745d883-409d-4598-9a00-e779d9019c18/ozone-meta/ratis/bf265839-605b-3f16-9796-c5ba1605619e does not exist. Creating ...
2022-03-02 21:33:10,650 [pool-578-thread-1] INFO  storage.RaftStorageDirectory (RaftStorageDirectoryImpl.java:tryLock(230)) - Lock on /home/runner/work/ozone/ozone/hadoop-ozone/integration-test/target/test-dir/MiniOzoneClusterImpl-f745d883-409d-4598-9a00-e779d9019c18/ozone-meta/ratis/bf265839-605b-3f16-9796-c5ba1605619e/in_use.lock acquired by nodename 22518@fv-az294-754
2022-03-02 21:33:10,652 [pool-578-thread-1] INFO  storage.RaftStorage (RaftStorageImpl.java:format(89)) - Storage directory /home/runner/work/ozone/ozone/hadoop-ozone/integration-test/target/test-dir/MiniOzoneClusterImpl-f745d883-409d-4598-9a00-e779d9019c18/ozone-meta/ratis/bf265839-605b-3f16-9796-c5ba1605619e has been successfully formatted.
2022-03-02 21:33:10,652 [pool-578-thread-1] INFO  server.RaftServerConfigKeys (ConfUtils.java:logGet(44)) - raft.server.notification.no-leader.timeout = 120s (custom)
2022-03-02 21:33:10,652 [pool-578-thread-1] INFO  server.RaftServerConfigKeys (ConfUtils.java:logGet(44)) - raft.server.log.use.memory = false (default)
2022-03-02 21:33:10,652 [pool-578-thread-1] INFO  server.RaftServerConfigKeys (ConfUtils.java:logGet(44)) - raft.server.log.purge.gap = 1000000 (custom)
2022-03-02 21:33:10,652 [pool-578-thread-1] INFO  server.RaftServerConfigKeys (ConfUtils.java:logGet(44)) - raft.server.log.appender.buffer.byte-limit = 33554432 (custom)
2022-03-02 21:33:10,652 [pool-578-thread-1] INFO  server.RaftServerConfigKeys (ConfUtils.java:logGet(44)) - raft.server.log.segment.size.max = 4194304 (custom)
2022-03-02 21:33:10,653 [pool-578-thread-1] INFO  server.RaftServerConfigKeys (ConfUtils.java:logGet(44)) - raft.server.log.segment.cache.num.max = 2 (custom)
2022-03-02 21:33:10,653 [pool-578-thread-1] INFO  server.RaftServerConfigKeys (ConfUtils.java:logGet(44)) - raft.server.log.segment.cache.size.max = 200MB (=209715200) (default)
2022-03-02 21:33:10,653 [pool-578-thread-1] INFO  segmented.SegmentedRaftLogWorker (SegmentedRaftLogWorker.java:<init>(182)) - new om1@group-C5BA1605619E-SegmentedRaftLogWorker for RaftStorageImpl:Storage Directory /home/runner/work/ozone/ozone/hadoop-ozone/integration-test/target/test-dir/MiniOzoneClusterImpl-f745d883-409d-4598-9a00-e779d9019c18/ozone-meta/ratis/bf265839-605b-3f16-9796-c5ba1605619e
2022-03-02 21:33:10,653 [pool-578-thread-1] INFO  server.RaftServerConfigKeys (ConfUtils.java:logGet(44)) - raft.server.log.queue.byte-limit = 64MB (=67108864) (default)
2022-03-02 21:33:10,653 [pool-578-thread-1] INFO  server.RaftServerConfigKeys (ConfUtils.java:logGet(44)) - raft.server.log.queue.element-limit = 4096 (default)
2022-03-02 21:33:10,653 [pool-578-thread-1] INFO  server.RaftServerConfigKeys (ConfUtils.java:logGet(44)) - raft.server.log.segment.size.max = 4194304 (custom)
2022-03-02 21:33:10,653 [pool-578-thread-1] INFO  server.RaftServerConfigKeys (ConfUtils.java:logGet(44)) - raft.server.log.preallocated.size = 4194304 (custom)
2022-03-02 21:33:10,653 [pool-578-thread-1] INFO  server.RaftServerConfigKeys (ConfUtils.java:logGet(44)) - raft.server.log.force.sync.num = 128 (default)
2022-03-02 21:33:10,653 [pool-578-thread-1] INFO  server.RaftServerConfigKeys (ConfUtils.java:logGet(44)) - raft.server.log.statemachine.data.sync = true (default)
2022-03-02 21:33:10,653 [pool-578-thread-1] INFO  server.RaftServerConfigKeys (ConfUtils.java:logGet(44)) - raft.server.log.statemachine.data.sync.timeout = 10s (default)
2022-03-02 21:33:10,653 [pool-578-thread-1] INFO  server.RaftServerConfigKeys (ConfUtils.java:logGet(44)) - raft.server.log.statemachine.data.sync.timeout.retry = -1 (default)
2022-03-02 21:33:10,654 [pool-578-thread-1] INFO  server.RaftServerConfigKeys (ConfUtils.java:logGet(44)) - raft.server.log.write.buffer.size = 64KB (=65536) (default)
2022-03-02 21:33:10,654 [pool-578-thread-1] INFO  server.RaftServerConfigKeys (ConfUtils.java:logGet(44)) - raft.server.log.statemachine.data.caching.enabled = false (default)
2022-03-02 21:33:10,654 [pool-578-thread-1] INFO  segmented.SegmentedRaftLogWorker (SegmentedRaftLogWorker.java:lambda$new$0(133)) - om1@group-C5BA1605619E-SegmentedRaftLogWorker: flushIndex: setUnconditionally 0 -> -1
2022-03-02 21:33:10,654 [pool-578-thread-1] INFO  segmented.SegmentedRaftLogWorker (SegmentedRaftLogWorker.java:lambda$new$0(133)) - om1@group-C5BA1605619E-SegmentedRaftLogWorker: safeCacheEvictIndex: setUnconditionally 0 -> -1
2022-03-02 21:33:10,679 [pool-578-thread-1] INFO  server.RaftServerConfigKeys (ConfUtils.java:logGet(44)) - raft.server.snapshot.auto.trigger.enabled = true (custom)
2022-03-02 21:33:10,679 [pool-578-thread-1] INFO  server.RaftServerConfigKeys (ConfUtils.java:logGet(44)) - raft.server.snapshot.auto.trigger.threshold = 400000 (default)
2022-03-02 21:33:10,679 [pool-578-thread-1] INFO  server.RaftServerConfigKeys (ConfUtils.java:logGet(44)) - raft.server.snapshot.retention.file.num = -1 (default)
2022-03-02 21:33:10,679 [pool-578-thread-1] INFO  server.RaftServerConfigKeys (ConfUtils.java:logGet(44)) - raft.server.log.purge.upto.snapshot.index = true (custom)
2022-03-02 21:33:10,679 [pool-578-thread-1] INFO  server.RaftServerConfigKeys (ConfUtils.java:logGet(44)) - raft.server.retrycache.expirytime = 300s (custom)
2022-03-02 21:33:10,679 [pool-578-thread-1] INFO  server.RaftServerConfigKeys (ConfUtils.java:logGet(44)) - raft.server.retrycache.statistics.expirytime = 100μs (default)
2022-03-02 21:33:10,706 [Listener at 127.0.0.1/33667] INFO  impl.MetricsSystemImpl (MetricsSystemImpl.java:init(158)) - OzoneManager metrics system started (again)
2022-03-02 21:33:10,768 [Listener at 127.0.0.1/33667] INFO  om.OzoneManager (OzoneManager.java:start(1365)) - OzoneManager RPC server is listening at localhost/127.0.0.1:33667
2022-03-02 21:33:10,771 [Listener at 127.0.0.1/33667] INFO  ratis.OzoneManagerRatisServer (OzoneManagerRatisServer.java:start(554)) - Starting OzoneManagerRatisServer om1 at port 9872
2022-03-02 21:33:10,771 [Listener at 127.0.0.1/33667] INFO  server.RaftServer$Division (RaftServerImpl.java:start(301)) - om1@group-C5BA1605619E: start as a follower, conf=-1: [om1|rpc:localhost:9872|priority:0], old=null
2022-03-02 21:33:10,771 [Listener at 127.0.0.1/33667] INFO  server.RaftServer$Division (RaftServerImpl.java:setRole(290)) - om1@group-C5BA1605619E: changes role from      null to FOLLOWER at term 0 for startAsFollower
2022-03-02 21:33:10,771 [Listener at 127.0.0.1/33667] INFO  impl.RoleInfo (RoleInfo.java:updateAndGet(130)) - om1: start om1@group-C5BA1605619E-FollowerState
2022-03-02 21:33:10,777 [Listener at 127.0.0.1/33667] INFO  util.JmxRegister (JmxRegister.java:tryRegister(44)) - Successfully registered JMX Bean with object name Ratis:service=RaftServer,group=group-C5BA1605619E,id=om1
2022-03-02 21:33:10,781 [Listener at 127.0.0.1/33667] INFO  server.RaftServer (RaftServerProxy.java:lambda$start$5(374)) - om1: start RPC server
2022-03-02 21:33:10,782 [Listener at 127.0.0.1/33667] INFO  server.GrpcService (GrpcService.java:startImpl(253)) - om1: GrpcService started, listening on 9872
2022-03-02 21:33:10,782 [Listener at 127.0.0.1/33667] INFO  om.OzoneManager (OzoneManager.java:start(1381)) - Version File has different layout version (0) than OM DB (null). That is expected if this OM has never been finalized to a newer layout version.
2022-03-02 21:33:10,783 [org.apache.ratis.util.JvmPauseMonitor$$Lambda$431/1455743440@1bcc9664] INFO  util.JvmPauseMonitor (JvmPauseMonitor.java:run(103)) - JvmPauseMonitor-om1: Started
2022-03-02 21:33:10,784 [Listener at 127.0.0.1/33667] INFO  http.BaseHttpServer (BaseHttpServer.java:newHttpServer2BuilderForOzone(209)) - Starting Web-server for ozoneManager at: http://0.0.0.0:0
2022-03-02 21:33:10,784 [Listener at 127.0.0.1/33667] INFO  http.BaseHttpServer (BaseHttpServer.java:<init>(107)) - Hadoop Security Enabled: false Ozone Security Enabled: false Ozone HTTP Security Enabled: false 
2022-03-02 21:33:10,785 [Listener at 127.0.0.1/33667] INFO  server.AuthenticationFilter (AuthenticationFilter.java:constructSecretProvider(240)) - Unable to initialize FileSignerSecretProvider, falling back to use random secrets.
2022-03-02 21:33:10,786 [Listener at 127.0.0.1/33667] WARN  http.HttpRequestLog (HttpRequestLog.java:getRequestLog(103)) - Jetty request log can only be enabled using Log4j
2022-03-02 21:33:10,786 [Listener at 127.0.0.1/33667] INFO  http.HttpServer2 (HttpServer2.java:addGlobalFilter(1030)) - Added global filter 'safety' (class=org.apache.hadoop.hdds.server.http.HttpServer2$QuotingInputFilter)
2022-03-02 21:33:10,787 [Listener at 127.0.0.1/33667] INFO  http.HttpServer2 (HttpServer2.java:addFilter(1006)) - Added filter static_user_filter (class=org.apache.hadoop.http.lib.StaticUserWebFilter$StaticUserFilter) to context ozoneManager
2022-03-02 21:33:10,787 [Listener at 127.0.0.1/33667] INFO  http.HttpServer2 (HttpServer2.java:addFilter(1014)) - Added filter static_user_filter (class=org.apache.hadoop.http.lib.StaticUserWebFilter$StaticUserFilter) to context logs
2022-03-02 21:33:10,787 [Listener at 127.0.0.1/33667] INFO  http.HttpServer2 (HttpServer2.java:addFilter(1014)) - Added filter static_user_filter (class=org.apache.hadoop.http.lib.StaticUserWebFilter$StaticUserFilter) to context static
2022-03-02 21:33:10,787 [Listener at 127.0.0.1/33667] INFO  http.HttpServer2 (HttpServer2.java:bindListener(1249)) - Jetty bound to port 39139
2022-03-02 21:33:10,787 [Listener at 127.0.0.1/33667] INFO  server.Server (Server.java:doStart(375)) - jetty-9.4.43.v20210629; built: 2021-06-30T11:07:22.254Z; git: 526006ecfa3af7f1a27ef3a288e2bef7ea9dd7e8; jvm 1.8.0_322-b06
2022-03-02 21:33:10,817 [Listener at 127.0.0.1/33667] INFO  server.session (DefaultSessionIdManager.java:doStart(334)) - DefaultSessionIdManager workerName=node0
2022-03-02 21:33:10,817 [Listener at 127.0.0.1/33667] INFO  server.session (DefaultSessionIdManager.java:doStart(339)) - No SessionScavenger set, using defaults
2022-03-02 21:33:10,817 [Listener at 127.0.0.1/33667] INFO  server.session (HouseKeeper.java:startScavenging(132)) - node0 Scavenging every 600000ms
2022-03-02 21:33:10,818 [Listener at 127.0.0.1/33667] INFO  handler.ContextHandler (ContextHandler.java:doStart(915)) - Started o.e.j.s.ServletContextHandler@6e9b2e3f{logs,/logs,file:///home/runner/work/ozone/ozone/hadoop-ozone/integration-test/target/log,AVAILABLE}
2022-03-02 21:33:10,818 [Listener at 127.0.0.1/33667] INFO  handler.ContextHandler (ContextHandler.java:doStart(915)) - Started o.e.j.s.ServletContextHandler@e52dd0c{static,/static,file:///home/runner/work/ozone/ozone/hadoop-ozone/integration-test/target/test-classes/webapps/static,AVAILABLE}
2022-03-02 21:33:10,824 [Listener at 127.0.0.1/33667] INFO  handler.ContextHandler (ContextHandler.java:doStart(915)) - Started o.e.j.w.WebAppContext@1d5af64a{ozoneManager,/,file:///home/runner/work/ozone/ozone/hadoop-ozone/integration-test/target/test-classes/webapps/ozoneManager/,AVAILABLE}{file:/home/runner/work/ozone/ozone/hadoop-ozone/integration-test/target/test-classes/webapps/ozoneManager}
2022-03-02 21:33:10,827 [Listener at 127.0.0.1/33667] INFO  server.AbstractConnector (AbstractConnector.java:doStart(331)) - Started ServerConnector@3850b828{HTTP/1.1, (http/1.1)}{0.0.0.0:39139}
2022-03-02 21:33:10,829 [Listener at 127.0.0.1/33667] INFO  server.Server (Server.java:doStart(415)) - Started @232181ms
2022-03-02 21:33:10,839 [Listener at 127.0.0.1/33667] WARN  impl.MetricsSystemImpl (MetricsSystemImpl.java:register(279)) - Sink prometheus already exists!
2022-03-02 21:33:10,839 [Listener at 127.0.0.1/33667] INFO  http.BaseHttpServer (BaseHttpServer.java:updateConnectorAddress(329)) - HTTP server of ozoneManager listening at http://0.0.0.0:39139
2022-03-02 21:33:10,840 [IPC Server Responder] INFO  ipc.Server (Server.java:run(1507)) - IPC Server Responder: starting
2022-03-02 21:33:10,840 [IPC Server listener on 0] INFO  ipc.Server (Server.java:run(1344)) - IPC Server listener on 0: starting
2022-03-02 21:33:11,051 [Listener at 127.0.0.1/33667] INFO  om.OzoneManager (OzoneManager.java:startTrashEmptier(1792)) - Trash Interval set to 0. Files deleted will not move to trash
2022-03-02 21:33:11,056 [org.apache.hadoop.util.JvmPauseMonitor$Monitor@74d93473] INFO  util.JvmPauseMonitor (JvmPauseMonitor.java:run(188)) - Starting JVM pause monitor
2022-03-02 21:33:11,164 [Listener at 127.0.0.1/33667] WARN  impl.MetricRegistriesImpl (MetricRegistriesImpl.java:addReporterRegistration(111)) - New reporters are added after registries were created. Some metrics will be missing from the reporter. Please add reporter before adding any new registry.
2022-03-02 21:33:11,164 [Listener at 127.0.0.1/33667] WARN  impl.MetricRegistriesImpl (MetricRegistriesImpl.java:addReporterRegistration(111)) - New reporters are added after registries were created. Some metrics will be missing from the reporter. Please add reporter before adding any new registry.
2022-03-02 21:33:11,164 [Listener at 127.0.0.1/33667] INFO  impl.MetricsSystemImpl (MetricsSystemImpl.java:init(158)) - HddsDatanode metrics system started (again)
2022-03-02 21:33:11,186 [Listener at 127.0.0.1/33667] INFO  ozone.HddsDatanodeService (HddsDatanodeService.java:start(233)) - HddsDatanodeService host:fv-az294-754.eaanfquahm5ulb5tj050gcxych.jx.internal.cloudapp.net ip:10.1.0.35
2022-03-02 21:33:11,237 [Listener at 127.0.0.1/33667] INFO  upgrade.AbstractLayoutVersionManager (AbstractLayoutVersionManager.java:init(79)) - Initializing Layout version manager with metadata layout = SCM_HA (version = 2), software layout = SCM_HA (version = 2)
2022-03-02 21:33:11,341 [Listener at 127.0.0.1/33667] INFO  reflections.Reflections (Reflections.java:scan(232)) - Reflections took 103 ms to scan 7 urls, producing 122 keys and 286 values 
2022-03-02 21:33:11,342 [Listener at 127.0.0.1/33667] INFO  statemachine.DatanodeStateMachine (DatanodeStateMachine.java:getEndPointTaskThreadPoolSize(222)) - Datanode State Machine Task Thread Pool size 2
2022-03-02 21:33:11,343 [Listener at 127.0.0.1/33667] INFO  volume.HddsVolume (HddsVolume.java:<init>(120)) - Creating HddsVolume: /home/runner/work/ozone/ozone/hadoop-ozone/integration-test/target/test-dir/MiniOzoneClusterImpl-f745d883-409d-4598-9a00-e779d9019c18/datanode-0/data-0/containers/hdds of storage type : DISK capacity : 9223372036854775807
2022-03-02 21:33:11,344 [Listener at 127.0.0.1/33667] INFO  volume.MutableVolumeSet (MutableVolumeSet.java:initializeVolumeSet(168)) - Added Volume : /home/runner/work/ozone/ozone/hadoop-ozone/integration-test/target/test-dir/MiniOzoneClusterImpl-f745d883-409d-4598-9a00-e779d9019c18/datanode-0/data-0/containers/hdds to VolumeSet
2022-03-02 21:33:11,346 [Listener at 127.0.0.1/33667] INFO  volume.ThrottledAsyncChecker (ThrottledAsyncChecker.java:schedule(141)) - Scheduling a check for /home/runner/work/ozone/ozone/hadoop-ozone/integration-test/target/test-dir/MiniOzoneClusterImpl-f745d883-409d-4598-9a00-e779d9019c18/datanode-0/data-0/containers/hdds
2022-03-02 21:33:11,355 [Listener at 127.0.0.1/33667] INFO  volume.StorageVolumeChecker (StorageVolumeChecker.java:checkAllVolumes(202)) - Scheduled health check for volume /home/runner/work/ozone/ozone/hadoop-ozone/integration-test/target/test-dir/MiniOzoneClusterImpl-f745d883-409d-4598-9a00-e779d9019c18/datanode-0/data-0/containers/hdds
2022-03-02 21:33:11,383 [Listener at 127.0.0.1/33667] INFO  volume.MutableVolumeSet (MutableVolumeSet.java:initializeVolumeSet(168)) - Added Volume : /home/runner/work/ozone/ozone/hadoop-ozone/integration-test/target/test-dir/MiniOzoneClusterImpl-f745d883-409d-4598-9a00-e779d9019c18/datanode-0/data/ratis to VolumeSet
2022-03-02 21:33:11,383 [Listener at 127.0.0.1/33667] INFO  volume.ThrottledAsyncChecker (ThrottledAsyncChecker.java:schedule(141)) - Scheduling a check for /home/runner/work/ozone/ozone/hadoop-ozone/integration-test/target/test-dir/MiniOzoneClusterImpl-f745d883-409d-4598-9a00-e779d9019c18/datanode-0/data/ratis
2022-03-02 21:33:11,384 [Listener at 127.0.0.1/33667] INFO  volume.StorageVolumeChecker (StorageVolumeChecker.java:checkAllVolumes(202)) - Scheduled health check for volume /home/runner/work/ozone/ozone/hadoop-ozone/integration-test/target/test-dir/MiniOzoneClusterImpl-f745d883-409d-4598-9a00-e779d9019c18/datanode-0/data/ratis
2022-03-02 21:33:11,393 [Thread-1649] INFO  ozoneimpl.ContainerReader (ContainerReader.java:readVolume(172)) - Finish verifying containers on volume /home/runner/work/ozone/ozone/hadoop-ozone/integration-test/target/test-dir/MiniOzoneClusterImpl-f745d883-409d-4598-9a00-e779d9019c18/datanode-0/data-0/containers/hdds
2022-03-02 21:33:11,393 [Listener at 127.0.0.1/33667] INFO  ozoneimpl.OzoneContainer (OzoneContainer.java:buildContainerSet(257)) - Build ContainerSet costs 0s
2022-03-02 21:33:11,395 [Listener at 127.0.0.1/33667] INFO  server.RaftServer (ConfUtils.java:logGet(44)) - raft.rpc.type = GRPC (default)
2022-03-02 21:33:11,395 [Listener at 127.0.0.1/33667] INFO  grpc.GrpcFactory (GrpcFactory.java:checkPooledByteBufAllocatorUseCacheForAllThreads(48)) - PERFORMANCE WARNING: useCacheForAllThreads is true that may cause Netty to create a lot garbage objects and, as a result, trigger GC.
	It is recommended to disable useCacheForAllThreads by setting -Dorg.apache.ratis.thirdparty.io.netty.allocator.useCacheForAllThreads=false in command line.
2022-03-02 21:33:11,395 [Listener at 127.0.0.1/33667] INFO  grpc.GrpcConfigKeys (ConfUtils.java:logGet(44)) - raft.grpc.admin.port = 0 (custom)
2022-03-02 21:33:11,395 [Listener at 127.0.0.1/33667] INFO  grpc.GrpcConfigKeys (ConfUtils.java:logGet(44)) - raft.grpc.client.port = 0 (custom)
2022-03-02 21:33:11,396 [Listener at 127.0.0.1/33667] INFO  grpc.GrpcConfigKeys (ConfUtils.java:logGet(44)) - raft.grpc.server.port = 0 (default)
2022-03-02 21:33:11,396 [Listener at 127.0.0.1/33667] INFO  server.GrpcService (ConfUtils.java:logGet(44)) - raft.grpc.message.size.max = 32MB (=33554432) (custom)
2022-03-02 21:33:11,396 [Listener at 127.0.0.1/33667] INFO  server.RaftServerConfigKeys (ConfUtils.java:logGet(44)) - raft.server.log.appender.buffer.byte-limit = 33554432 (custom)
2022-03-02 21:33:11,396 [Listener at 127.0.0.1/33667] INFO  server.GrpcService (ConfUtils.java:logGet(44)) - raft.grpc.flow.control.window = 5MB (=5242880) (custom)
2022-03-02 21:33:11,396 [Listener at 127.0.0.1/33667] INFO  server.RaftServerConfigKeys (ConfUtils.java:logGet(44)) - raft.server.rpc.request.timeout = 3000ms (default)
2022-03-02 21:33:11,397 [Listener at 127.0.0.1/33667] INFO  impl.DataStreamServerImpl (ConfUtils.java:logGet(44)) - raft.datastream.type = DISABLED (default)
2022-03-02 21:33:11,397 [Listener at 127.0.0.1/33667] INFO  server.RaftServerConfigKeys (ConfUtils.java:logGet(44)) - raft.server.rpc.slowness.timeout = 300000ms (custom)
2022-03-02 21:33:11,397 [Listener at 127.0.0.1/33667] INFO  server.RaftServerConfigKeys (ConfUtils.java:logGet(44)) - raft.server.leaderelection.leader.step-down.wait-time = 10s (default)
2022-03-02 21:33:11,397 [Listener at 127.0.0.1/33667] INFO  server.RaftServerConfigKeys (ConfUtils.java:logGet(44)) - raft.server.storage.dir = [/home/runner/work/ozone/ozone/hadoop-ozone/integration-test/target/test-dir/MiniOzoneClusterImpl-f745d883-409d-4598-9a00-e779d9019c18/datanode-0/data/ratis] (custom)
2022-03-02 21:33:11,398 [Listener at 127.0.0.1/33667] INFO  server.XceiverServerGrpc (XceiverServerGrpc.java:<init>(132)) - GrpcServer channel type EpollServerSocketChannel
2022-03-02 21:33:11,456 [Listener at 127.0.0.1/33667] INFO  http.BaseHttpServer (BaseHttpServer.java:newHttpServer2BuilderForOzone(209)) - Starting Web-server for hddsDatanode at: http://0.0.0.0:0
2022-03-02 21:33:11,456 [Listener at 127.0.0.1/33667] INFO  http.BaseHttpServer (BaseHttpServer.java:<init>(107)) - Hadoop Security Enabled: false Ozone Security Enabled: false Ozone HTTP Security Enabled: false 
2022-03-02 21:33:11,457 [Listener at 127.0.0.1/33667] INFO  server.AuthenticationFilter (AuthenticationFilter.java:constructSecretProvider(240)) - Unable to initialize FileSignerSecretProvider, falling back to use random secrets.
2022-03-02 21:33:11,463 [Listener at 127.0.0.1/33667] WARN  http.HttpRequestLog (HttpRequestLog.java:getRequestLog(103)) - Jetty request log can only be enabled using Log4j
2022-03-02 21:33:11,464 [Listener at 127.0.0.1/33667] INFO  http.HttpServer2 (HttpServer2.java:addGlobalFilter(1030)) - Added global filter 'safety' (class=org.apache.hadoop.hdds.server.http.HttpServer2$QuotingInputFilter)
2022-03-02 21:33:11,464 [Listener at 127.0.0.1/33667] INFO  http.HttpServer2 (HttpServer2.java:addFilter(1006)) - Added filter static_user_filter (class=org.apache.hadoop.http.lib.StaticUserWebFilter$StaticUserFilter) to context hddsDatanode
2022-03-02 21:33:11,464 [Listener at 127.0.0.1/33667] INFO  http.HttpServer2 (HttpServer2.java:addFilter(1014)) - Added filter static_user_filter (class=org.apache.hadoop.http.lib.StaticUserWebFilter$StaticUserFilter) to context logs
2022-03-02 21:33:11,464 [Listener at 127.0.0.1/33667] INFO  http.HttpServer2 (HttpServer2.java:addFilter(1014)) - Added filter static_user_filter (class=org.apache.hadoop.http.lib.StaticUserWebFilter$StaticUserFilter) to context static
2022-03-02 21:33:11,464 [Listener at 127.0.0.1/33667] INFO  http.HttpServer2 (HttpServer2.java:bindListener(1249)) - Jetty bound to port 36523
2022-03-02 21:33:11,464 [Listener at 127.0.0.1/33667] INFO  server.Server (Server.java:doStart(375)) - jetty-9.4.43.v20210629; built: 2021-06-30T11:07:22.254Z; git: 526006ecfa3af7f1a27ef3a288e2bef7ea9dd7e8; jvm 1.8.0_322-b06
2022-03-02 21:33:11,537 [Listener at 127.0.0.1/33667] INFO  server.session (DefaultSessionIdManager.java:doStart(334)) - DefaultSessionIdManager workerName=node0
2022-03-02 21:33:11,538 [Listener at 127.0.0.1/33667] INFO  server.session (DefaultSessionIdManager.java:doStart(339)) - No SessionScavenger set, using defaults
2022-03-02 21:33:11,538 [Listener at 127.0.0.1/33667] INFO  server.session (HouseKeeper.java:startScavenging(132)) - node0 Scavenging every 660000ms
2022-03-02 21:33:11,538 [Listener at 127.0.0.1/33667] INFO  handler.ContextHandler (ContextHandler.java:doStart(915)) - Started o.e.j.s.ServletContextHandler@5cdce3bf{logs,/logs,file:///home/runner/work/ozone/ozone/hadoop-ozone/integration-test/target/log,AVAILABLE}
2022-03-02 21:33:11,539 [Listener at 127.0.0.1/33667] INFO  handler.ContextHandler (ContextHandler.java:doStart(915)) - Started o.e.j.s.ServletContextHandler@21a5fc80{static,/static,jar:file:/home/runner/.m2/repository/org/apache/ozone/hdds-container-service/1.3.0-SNAPSHOT/hdds-container-service-1.3.0-SNAPSHOT.jar!/webapps/static,AVAILABLE}
2022-03-02 21:33:11,695 [Listener at 127.0.0.1/33667] INFO  handler.ContextHandler (ContextHandler.java:doStart(915)) - Started o.e.j.w.WebAppContext@7b9ae4ee{hddsDatanode,/,file:///tmp/jetty-0_0_0_0-36523-hdds-container-service-1_3_0-SNAPSHOT_jar-_-any-3987027474426899864/webapp/,AVAILABLE}{jar:file:/home/runner/.m2/repository/org/apache/ozone/hdds-container-service/1.3.0-SNAPSHOT/hdds-container-service-1.3.0-SNAPSHOT.jar!/webapps/hddsDatanode}
2022-03-02 21:33:11,714 [Listener at 127.0.0.1/33667] INFO  server.AbstractConnector (AbstractConnector.java:doStart(331)) - Started ServerConnector@1f6ecdcc{HTTP/1.1, (http/1.1)}{0.0.0.0:36523}
2022-03-02 21:33:11,714 [Listener at 127.0.0.1/33667] INFO  server.Server (Server.java:doStart(415)) - Started @233067ms
2022-03-02 21:33:11,714 [Listener at 127.0.0.1/33667] WARN  impl.MetricsSystemImpl (MetricsSystemImpl.java:register(279)) - Sink prometheus already exists!
2022-03-02 21:33:11,730 [Listener at 127.0.0.1/33667] INFO  http.BaseHttpServer (BaseHttpServer.java:updateConnectorAddress(329)) - HTTP server of hddsDatanode listening at http://0.0.0.0:36523
2022-03-02 21:33:11,732 [Listener at 127.0.0.1/33667] WARN  impl.MetricRegistriesImpl (MetricRegistriesImpl.java:addReporterRegistration(111)) - New reporters are added after registries were created. Some metrics will be missing from the reporter. Please add reporter before adding any new registry.
2022-03-02 21:33:11,732 [Listener at 127.0.0.1/33667] WARN  impl.MetricRegistriesImpl (MetricRegistriesImpl.java:addReporterRegistration(111)) - New reporters are added after registries were created. Some metrics will be missing from the reporter. Please add reporter before adding any new registry.
2022-03-02 21:33:11,732 [Listener at 127.0.0.1/33667] INFO  impl.MetricsSystemImpl (MetricsSystemImpl.java:init(158)) - HddsDatanode metrics system started (again)
2022-03-02 21:33:11,743 [Datanode State Machine Daemon Thread] INFO  statemachine.DatanodeStateMachine (DatanodeStateMachine.java:lambda$startDaemon$0(470)) - Ozone container server started.
2022-03-02 21:33:11,783 [org.apache.hadoop.util.JvmPauseMonitor$Monitor@7ce2825f] INFO  util.JvmPauseMonitor (JvmPauseMonitor.java:run(188)) - Starting JVM pause monitor
2022-03-02 21:33:11,812 [Datanode State Machine Task Thread - 0] INFO  datanode.InitDatanodeState (InitDatanodeState.java:persistContainerDatanodeDetails(138)) - DatanodeDetails is persisted to /home/runner/work/ozone/ozone/hadoop-ozone/integration-test/target/test-dir/MiniOzoneClusterImpl-f745d883-409d-4598-9a00-e779d9019c18/datanode-0/meta/datanode.id
2022-03-02 21:33:11,827 [Listener at 127.0.0.1/33667] INFO  ozone.HddsDatanodeService (HddsDatanodeService.java:start(233)) - HddsDatanodeService host:fv-az294-754.eaanfquahm5ulb5tj050gcxych.jx.internal.cloudapp.net ip:10.1.0.35
2022-03-02 21:33:11,859 [om1@group-C5BA1605619E-FollowerState] INFO  impl.FollowerState (FollowerState.java:run(134)) - om1@group-C5BA1605619E-FollowerState: change to CANDIDATE, lastRpcElapsedTime:1088232843ns, electionTimeout:1082ms
2022-03-02 21:33:11,859 [om1@group-C5BA1605619E-FollowerState] INFO  impl.RoleInfo (RoleInfo.java:shutdownFollowerState(108)) - om1: shutdown om1@group-C5BA1605619E-FollowerState
2022-03-02 21:33:11,859 [om1@group-C5BA1605619E-FollowerState] INFO  server.RaftServer$Division (RaftServerImpl.java:setRole(290)) - om1@group-C5BA1605619E: changes role from  FOLLOWER to CANDIDATE at term 0 for changeToCandidate
2022-03-02 21:33:11,860 [om1@group-C5BA1605619E-FollowerState] INFO  server.RaftServerConfigKeys (ConfUtils.java:logGet(44)) - raft.server.leaderelection.pre-vote = false (custom)
2022-03-02 21:33:11,860 [om1@group-C5BA1605619E-FollowerState] INFO  impl.RoleInfo (RoleInfo.java:updateAndGet(130)) - om1: start om1@group-C5BA1605619E-LeaderElection74
2022-03-02 21:33:11,895 [om1@group-C5BA1605619E-LeaderElection74] INFO  impl.LeaderElection (LeaderElection.java:askForVotes(306)) - om1@group-C5BA1605619E-LeaderElection74 ELECTION round 0: submit vote requests at term 1 for -1: [om1|rpc:localhost:9872|priority:0], old=null
2022-03-02 21:33:11,895 [om1@group-C5BA1605619E-LeaderElection74] INFO  impl.LeaderElection (LeaderElection.java:askForVotes(308)) - om1@group-C5BA1605619E-LeaderElection74 ELECTION round 0: result PASSED (term=1)
2022-03-02 21:33:11,895 [om1@group-C5BA1605619E-LeaderElection74] INFO  impl.RoleInfo (RoleInfo.java:shutdownLeaderElection(121)) - om1: shutdown om1@group-C5BA1605619E-LeaderElection74
2022-03-02 21:33:11,895 [om1@group-C5BA1605619E-LeaderElection74] INFO  server.RaftServer$Division (RaftServerImpl.java:setRole(290)) - om1@group-C5BA1605619E: changes role from CANDIDATE to LEADER at term 1 for changeToLeader
2022-03-02 21:33:11,895 [om1@group-C5BA1605619E-LeaderElection74] INFO  server.RaftServer$Division (ServerState.java:setLeader(285)) - om1@group-C5BA1605619E: change Leader from null to om1 at term 1 for becomeLeader, leader elected after 1243ms
2022-03-02 21:33:11,895 [om1@group-C5BA1605619E-LeaderElection74] INFO  server.RaftServerConfigKeys (ConfUtils.java:logGet(44)) - raft.server.staging.catchup.gap = 1000 (default)
2022-03-02 21:33:11,896 [om1@group-C5BA1605619E-LeaderElection74] INFO  server.RaftServerConfigKeys (ConfUtils.java:logGet(44)) - raft.server.write.element-limit = 4096 (default)
2022-03-02 21:33:11,896 [om1@group-C5BA1605619E-LeaderElection74] INFO  server.RaftServerConfigKeys (ConfUtils.java:logGet(44)) - raft.server.write.byte-limit = 64MB (=67108864) (default)
2022-03-02 21:33:11,897 [om1@group-C5BA1605619E-LeaderElection74] INFO  server.RaftServerConfigKeys (ConfUtils.java:logGet(44)) - raft.server.watch.timeout = 10s (default)
2022-03-02 21:33:11,899 [om1@group-C5BA1605619E-LeaderElection74] INFO  server.RaftServerConfigKeys (ConfUtils.java:logGet(44)) - raft.server.watch.timeout.denomination = 1s (default)
2022-03-02 21:33:11,899 [om1@group-C5BA1605619E-LeaderElection74] INFO  server.RaftServerConfigKeys (ConfUtils.java:logGet(44)) - raft.server.watch.element-limit = 65536 (default)
2022-03-02 21:33:11,899 [om1@group-C5BA1605619E-LeaderElection74] INFO  server.RaftServerConfigKeys (ConfUtils.java:logGet(44)) - raft.server.write.element-limit = 4096 (default)
2022-03-02 21:33:11,899 [om1@group-C5BA1605619E-LeaderElection74] INFO  server.RaftServerConfigKeys (ConfUtils.java:logGet(44)) - raft.server.write.follower.gap.ratio.max = -1.0 (default)
2022-03-02 21:33:11,899 [om1@group-C5BA1605619E-LeaderElection74] INFO  impl.RoleInfo (RoleInfo.java:updateAndGet(130)) - om1: start om1@group-C5BA1605619E-LeaderStateImpl
2022-03-02 21:33:11,900 [om1@group-C5BA1605619E-LeaderElection74] INFO  segmented.SegmentedRaftLogWorker (SegmentedRaftLogWorker.java:startLogSegment(394)) - om1@group-C5BA1605619E-SegmentedRaftLogWorker: Starting segment from index:0
2022-03-02 21:33:11,902 [Listener at 127.0.0.1/33667] INFO  upgrade.AbstractLayoutVersionManager (AbstractLayoutVersionManager.java:init(79)) - Initializing Layout version manager with metadata layout = SCM_HA (version = 2), software layout = SCM_HA (version = 2)
2022-03-02 21:33:11,911 [om1@group-C5BA1605619E-SegmentedRaftLogWorker] INFO  segmented.SegmentedRaftLogWorker (SegmentedRaftLogWorker.java:execute(601)) - om1@group-C5BA1605619E-SegmentedRaftLogWorker: created new log segment /home/runner/work/ozone/ozone/hadoop-ozone/integration-test/target/test-dir/MiniOzoneClusterImpl-f745d883-409d-4598-9a00-e779d9019c18/ozone-meta/ratis/bf265839-605b-3f16-9796-c5ba1605619e/current/log_inprogress_0
2022-03-02 21:33:11,915 [om1@group-C5BA1605619E-LeaderElection74] INFO  server.RaftServer$Division (ServerState.java:setRaftConf(387)) - om1@group-C5BA1605619E: set configuration 0: [om1|rpc:localhost:9872|admin:|client:|dataStream:|priority:0], old=null
2022-03-02 21:33:11,963 [om1@group-C5BA1605619E-StateMachineUpdater] INFO  ratis.OzoneManagerStateMachine (OzoneManagerStateMachine.java:notifyConfigurationChanged(188)) - Received Configuration change notification from Ratis. New Peer list:
[id: "om1"
address: "localhost:9872"
]
2022-03-02 21:33:12,083 [Listener at 127.0.0.1/33667] INFO  reflections.Reflections (Reflections.java:scan(232)) - Reflections took 174 ms to scan 7 urls, producing 122 keys and 286 values 
2022-03-02 21:33:12,084 [Listener at 127.0.0.1/33667] INFO  statemachine.DatanodeStateMachine (DatanodeStateMachine.java:getEndPointTaskThreadPoolSize(222)) - Datanode State Machine Task Thread Pool size 2
2022-03-02 21:33:12,085 [Listener at 127.0.0.1/33667] INFO  volume.HddsVolume (HddsVolume.java:<init>(120)) - Creating HddsVolume: /home/runner/work/ozone/ozone/hadoop-ozone/integration-test/target/test-dir/MiniOzoneClusterImpl-f745d883-409d-4598-9a00-e779d9019c18/datanode-1/data-0/containers/hdds of storage type : DISK capacity : 9223372036854775807
2022-03-02 21:33:12,085 [Listener at 127.0.0.1/33667] INFO  volume.MutableVolumeSet (MutableVolumeSet.java:initializeVolumeSet(168)) - Added Volume : /home/runner/work/ozone/ozone/hadoop-ozone/integration-test/target/test-dir/MiniOzoneClusterImpl-f745d883-409d-4598-9a00-e779d9019c18/datanode-1/data-0/containers/hdds to VolumeSet
2022-03-02 21:33:12,085 [Listener at 127.0.0.1/33667] INFO  volume.ThrottledAsyncChecker (ThrottledAsyncChecker.java:schedule(141)) - Scheduling a check for /home/runner/work/ozone/ozone/hadoop-ozone/integration-test/target/test-dir/MiniOzoneClusterImpl-f745d883-409d-4598-9a00-e779d9019c18/datanode-1/data-0/containers/hdds
2022-03-02 21:33:12,085 [Listener at 127.0.0.1/33667] INFO  volume.StorageVolumeChecker (StorageVolumeChecker.java:checkAllVolumes(202)) - Scheduled health check for volume /home/runner/work/ozone/ozone/hadoop-ozone/integration-test/target/test-dir/MiniOzoneClusterImpl-f745d883-409d-4598-9a00-e779d9019c18/datanode-1/data-0/containers/hdds
2022-03-02 21:33:12,117 [Listener at 127.0.0.1/33667] INFO  volume.MutableVolumeSet (MutableVolumeSet.java:initializeVolumeSet(168)) - Added Volume : /home/runner/work/ozone/ozone/hadoop-ozone/integration-test/target/test-dir/MiniOzoneClusterImpl-f745d883-409d-4598-9a00-e779d9019c18/datanode-1/data/ratis to VolumeSet
2022-03-02 21:33:12,135 [Listener at 127.0.0.1/33667] INFO  volume.ThrottledAsyncChecker (ThrottledAsyncChecker.java:schedule(141)) - Scheduling a check for /home/runner/work/ozone/ozone/hadoop-ozone/integration-test/target/test-dir/MiniOzoneClusterImpl-f745d883-409d-4598-9a00-e779d9019c18/datanode-1/data/ratis
2022-03-02 21:33:12,135 [Listener at 127.0.0.1/33667] INFO  volume.StorageVolumeChecker (StorageVolumeChecker.java:checkAllVolumes(202)) - Scheduled health check for volume /home/runner/work/ozone/ozone/hadoop-ozone/integration-test/target/test-dir/MiniOzoneClusterImpl-f745d883-409d-4598-9a00-e779d9019c18/datanode-1/data/ratis
2022-03-02 21:33:12,148 [Thread-1663] INFO  ozoneimpl.ContainerReader (ContainerReader.java:readVolume(172)) - Finish verifying containers on volume /home/runner/work/ozone/ozone/hadoop-ozone/integration-test/target/test-dir/MiniOzoneClusterImpl-f745d883-409d-4598-9a00-e779d9019c18/datanode-1/data-0/containers/hdds
2022-03-02 21:33:12,149 [Listener at 127.0.0.1/33667] INFO  ozoneimpl.OzoneContainer (OzoneContainer.java:buildContainerSet(257)) - Build ContainerSet costs 0s
2022-03-02 21:33:12,150 [Listener at 127.0.0.1/33667] INFO  server.RaftServer (ConfUtils.java:logGet(44)) - raft.rpc.type = GRPC (default)
2022-03-02 21:33:12,150 [Listener at 127.0.0.1/33667] INFO  grpc.GrpcFactory (GrpcFactory.java:checkPooledByteBufAllocatorUseCacheForAllThreads(48)) - PERFORMANCE WARNING: useCacheForAllThreads is true that may cause Netty to create a lot garbage objects and, as a result, trigger GC.
	It is recommended to disable useCacheForAllThreads by setting -Dorg.apache.ratis.thirdparty.io.netty.allocator.useCacheForAllThreads=false in command line.
2022-03-02 21:33:12,150 [Listener at 127.0.0.1/33667] INFO  grpc.GrpcConfigKeys (ConfUtils.java:logGet(44)) - raft.grpc.admin.port = 0 (custom)
2022-03-02 21:33:12,150 [Listener at 127.0.0.1/33667] INFO  grpc.GrpcConfigKeys (ConfUtils.java:logGet(44)) - raft.grpc.client.port = 0 (custom)
2022-03-02 21:33:12,150 [Listener at 127.0.0.1/33667] INFO  grpc.GrpcConfigKeys (ConfUtils.java:logGet(44)) - raft.grpc.server.port = 0 (default)
2022-03-02 21:33:12,150 [Listener at 127.0.0.1/33667] INFO  server.GrpcService (ConfUtils.java:logGet(44)) - raft.grpc.message.size.max = 32MB (=33554432) (custom)
2022-03-02 21:33:12,151 [Listener at 127.0.0.1/33667] INFO  server.RaftServerConfigKeys (ConfUtils.java:logGet(44)) - raft.server.log.appender.buffer.byte-limit = 33554432 (custom)
2022-03-02 21:33:12,151 [Listener at 127.0.0.1/33667] INFO  server.GrpcService (ConfUtils.java:logGet(44)) - raft.grpc.flow.control.window = 5MB (=5242880) (custom)
2022-03-02 21:33:12,151 [Listener at 127.0.0.1/33667] INFO  server.RaftServerConfigKeys (ConfUtils.java:logGet(44)) - raft.server.rpc.request.timeout = 3000ms (default)
2022-03-02 21:33:12,152 [Listener at 127.0.0.1/33667] INFO  impl.DataStreamServerImpl (ConfUtils.java:logGet(44)) - raft.datastream.type = DISABLED (default)
2022-03-02 21:33:12,152 [Listener at 127.0.0.1/33667] INFO  server.RaftServerConfigKeys (ConfUtils.java:logGet(44)) - raft.server.rpc.slowness.timeout = 300000ms (custom)
2022-03-02 21:33:12,152 [Listener at 127.0.0.1/33667] INFO  server.RaftServerConfigKeys (ConfUtils.java:logGet(44)) - raft.server.leaderelection.leader.step-down.wait-time = 10s (default)
2022-03-02 21:33:12,152 [Listener at 127.0.0.1/33667] INFO  server.RaftServerConfigKeys (ConfUtils.java:logGet(44)) - raft.server.storage.dir = [/home/runner/work/ozone/ozone/hadoop-ozone/integration-test/target/test-dir/MiniOzoneClusterImpl-f745d883-409d-4598-9a00-e779d9019c18/datanode-1/data/ratis] (custom)
2022-03-02 21:33:12,153 [Listener at 127.0.0.1/33667] INFO  server.XceiverServerGrpc (XceiverServerGrpc.java:<init>(132)) - GrpcServer channel type EpollServerSocketChannel
2022-03-02 21:33:12,224 [Listener at 127.0.0.1/33667] INFO  http.BaseHttpServer (BaseHttpServer.java:newHttpServer2BuilderForOzone(209)) - Starting Web-server for hddsDatanode at: http://0.0.0.0:0
2022-03-02 21:33:12,224 [Listener at 127.0.0.1/33667] INFO  http.BaseHttpServer (BaseHttpServer.java:<init>(107)) - Hadoop Security Enabled: false Ozone Security Enabled: false Ozone HTTP Security Enabled: false 
2022-03-02 21:33:12,225 [Listener at 127.0.0.1/33667] INFO  server.AuthenticationFilter (AuthenticationFilter.java:constructSecretProvider(240)) - Unable to initialize FileSignerSecretProvider, falling back to use random secrets.
2022-03-02 21:33:12,237 [Listener at 127.0.0.1/33667] WARN  http.HttpRequestLog (HttpRequestLog.java:getRequestLog(103)) - Jetty request log can only be enabled using Log4j
2022-03-02 21:33:12,237 [Listener at 127.0.0.1/33667] INFO  http.HttpServer2 (HttpServer2.java:addGlobalFilter(1030)) - Added global filter 'safety' (class=org.apache.hadoop.hdds.server.http.HttpServer2$QuotingInputFilter)
2022-03-02 21:33:12,238 [Listener at 127.0.0.1/33667] INFO  http.HttpServer2 (HttpServer2.java:addFilter(1006)) - Added filter static_user_filter (class=org.apache.hadoop.http.lib.StaticUserWebFilter$StaticUserFilter) to context hddsDatanode
2022-03-02 21:33:12,238 [Listener at 127.0.0.1/33667] INFO  http.HttpServer2 (HttpServer2.java:addFilter(1014)) - Added filter static_user_filter (class=org.apache.hadoop.http.lib.StaticUserWebFilter$StaticUserFilter) to context static
2022-03-02 21:33:12,238 [Listener at 127.0.0.1/33667] INFO  http.HttpServer2 (HttpServer2.java:addFilter(1014)) - Added filter static_user_filter (class=org.apache.hadoop.http.lib.StaticUserWebFilter$StaticUserFilter) to context logs
2022-03-02 21:33:12,238 [Listener at 127.0.0.1/33667] INFO  http.HttpServer2 (HttpServer2.java:bindListener(1249)) - Jetty bound to port 38029
2022-03-02 21:33:12,238 [Listener at 127.0.0.1/33667] INFO  server.Server (Server.java:doStart(375)) - jetty-9.4.43.v20210629; built: 2021-06-30T11:07:22.254Z; git: 526006ecfa3af7f1a27ef3a288e2bef7ea9dd7e8; jvm 1.8.0_322-b06
2022-03-02 21:33:12,267 [Listener at 127.0.0.1/33667] INFO  server.session (DefaultSessionIdManager.java:doStart(334)) - DefaultSessionIdManager workerName=node0
2022-03-02 21:33:12,268 [Listener at 127.0.0.1/33667] INFO  server.session (DefaultSessionIdManager.java:doStart(339)) - No SessionScavenger set, using defaults
2022-03-02 21:33:12,268 [Listener at 127.0.0.1/33667] INFO  server.session (HouseKeeper.java:startScavenging(132)) - node0 Scavenging every 660000ms
2022-03-02 21:33:12,268 [Listener at 127.0.0.1/33667] INFO  handler.ContextHandler (ContextHandler.java:doStart(915)) - Started o.e.j.s.ServletContextHandler@31faf741{logs,/logs,file:///home/runner/work/ozone/ozone/hadoop-ozone/integration-test/target/log,AVAILABLE}
2022-03-02 21:33:12,268 [Listener at 127.0.0.1/33667] INFO  handler.ContextHandler (ContextHandler.java:doStart(915)) - Started o.e.j.s.ServletContextHandler@791a6a2a{static,/static,jar:file:/home/runner/.m2/repository/org/apache/ozone/hdds-container-service/1.3.0-SNAPSHOT/hdds-container-service-1.3.0-SNAPSHOT.jar!/webapps/static,AVAILABLE}
2022-03-02 21:33:12,408 [Listener at 127.0.0.1/33667] INFO  handler.ContextHandler (ContextHandler.java:doStart(915)) - Started o.e.j.w.WebAppContext@90630b5{hddsDatanode,/,file:///tmp/jetty-0_0_0_0-38029-hdds-container-service-1_3_0-SNAPSHOT_jar-_-any-2609491863294851681/webapp/,AVAILABLE}{jar:file:/home/runner/.m2/repository/org/apache/ozone/hdds-container-service/1.3.0-SNAPSHOT/hdds-container-service-1.3.0-SNAPSHOT.jar!/webapps/hddsDatanode}
2022-03-02 21:33:12,410 [Listener at 127.0.0.1/33667] INFO  server.AbstractConnector (AbstractConnector.java:doStart(331)) - Started ServerConnector@759ef0d0{HTTP/1.1, (http/1.1)}{0.0.0.0:38029}
2022-03-02 21:33:12,410 [Listener at 127.0.0.1/33667] INFO  server.Server (Server.java:doStart(415)) - Started @233762ms
2022-03-02 21:33:12,410 [Listener at 127.0.0.1/33667] WARN  impl.MetricsSystemImpl (MetricsSystemImpl.java:register(279)) - Sink prometheus already exists!
2022-03-02 21:33:12,411 [Listener at 127.0.0.1/33667] INFO  http.BaseHttpServer (BaseHttpServer.java:updateConnectorAddress(329)) - HTTP server of hddsDatanode listening at http://0.0.0.0:38029
2022-03-02 21:33:12,411 [Listener at 127.0.0.1/33667] WARN  impl.MetricRegistriesImpl (MetricRegistriesImpl.java:addReporterRegistration(111)) - New reporters are added after registries were created. Some metrics will be missing from the reporter. Please add reporter before adding any new registry.
2022-03-02 21:33:12,411 [Listener at 127.0.0.1/33667] WARN  impl.MetricRegistriesImpl (MetricRegistriesImpl.java:addReporterRegistration(111)) - New reporters are added after registries were created. Some metrics will be missing from the reporter. Please add reporter before adding any new registry.
2022-03-02 21:33:12,411 [Listener at 127.0.0.1/33667] INFO  impl.MetricsSystemImpl (MetricsSystemImpl.java:init(158)) - HddsDatanode metrics system started (again)
2022-03-02 21:33:12,419 [Datanode State Machine Daemon Thread] INFO  statemachine.DatanodeStateMachine (DatanodeStateMachine.java:lambda$startDaemon$0(470)) - Ozone container server started.
2022-03-02 21:33:12,454 [Listener at 127.0.0.1/33667] INFO  ozone.HddsDatanodeService (HddsDatanodeService.java:start(233)) - HddsDatanodeService host:fv-az294-754.eaanfquahm5ulb5tj050gcxych.jx.internal.cloudapp.net ip:10.1.0.35
2022-03-02 21:33:12,463 [org.apache.hadoop.util.JvmPauseMonitor$Monitor@407a21c5] INFO  util.JvmPauseMonitor (JvmPauseMonitor.java:run(188)) - Starting JVM pause monitor
2022-03-02 21:33:12,588 [Listener at 127.0.0.1/33667] INFO  upgrade.AbstractLayoutVersionManager (AbstractLayoutVersionManager.java:init(79)) - Initializing Layout version manager with metadata layout = SCM_HA (version = 2), software layout = SCM_HA (version = 2)
2022-03-02 21:33:12,608 [Datanode State Machine Task Thread - 0] INFO  datanode.InitDatanodeState (InitDatanodeState.java:persistContainerDatanodeDetails(138)) - DatanodeDetails is persisted to /home/runner/work/ozone/ozone/hadoop-ozone/integration-test/target/test-dir/MiniOzoneClusterImpl-f745d883-409d-4598-9a00-e779d9019c18/datanode-1/meta/datanode.id
2022-03-02 21:33:12,714 [Listener at 127.0.0.1/33667] INFO  reflections.Reflections (Reflections.java:scan(232)) - Reflections took 119 ms to scan 7 urls, producing 122 keys and 286 values 
2022-03-02 21:33:12,746 [Listener at 127.0.0.1/33667] INFO  statemachine.DatanodeStateMachine (DatanodeStateMachine.java:getEndPointTaskThreadPoolSize(222)) - Datanode State Machine Task Thread Pool size 2
2022-03-02 21:33:12,794 [Listener at 127.0.0.1/33667] INFO  volume.HddsVolume (HddsVolume.java:<init>(120)) - Creating HddsVolume: /home/runner/work/ozone/ozone/hadoop-ozone/integration-test/target/test-dir/MiniOzoneClusterImpl-f745d883-409d-4598-9a00-e779d9019c18/datanode-2/data-0/containers/hdds of storage type : DISK capacity : 9223372036854775807
2022-03-02 21:33:12,798 [Listener at 127.0.0.1/33667] INFO  volume.MutableVolumeSet (MutableVolumeSet.java:initializeVolumeSet(168)) - Added Volume : /home/runner/work/ozone/ozone/hadoop-ozone/integration-test/target/test-dir/MiniOzoneClusterImpl-f745d883-409d-4598-9a00-e779d9019c18/datanode-2/data-0/containers/hdds to VolumeSet
2022-03-02 21:33:12,798 [Listener at 127.0.0.1/33667] INFO  volume.ThrottledAsyncChecker (ThrottledAsyncChecker.java:schedule(141)) - Scheduling a check for /home/runner/work/ozone/ozone/hadoop-ozone/integration-test/target/test-dir/MiniOzoneClusterImpl-f745d883-409d-4598-9a00-e779d9019c18/datanode-2/data-0/containers/hdds
2022-03-02 21:33:12,827 [Listener at 127.0.0.1/33667] INFO  volume.StorageVolumeChecker (StorageVolumeChecker.java:checkAllVolumes(202)) - Scheduled health check for volume /home/runner/work/ozone/ozone/hadoop-ozone/integration-test/target/test-dir/MiniOzoneClusterImpl-f745d883-409d-4598-9a00-e779d9019c18/datanode-2/data-0/containers/hdds
2022-03-02 21:33:12,869 [Listener at 127.0.0.1/33667] INFO  volume.MutableVolumeSet (MutableVolumeSet.java:initializeVolumeSet(168)) - Added Volume : /home/runner/work/ozone/ozone/hadoop-ozone/integration-test/target/test-dir/MiniOzoneClusterImpl-f745d883-409d-4598-9a00-e779d9019c18/datanode-2/data/ratis to VolumeSet
2022-03-02 21:33:12,871 [Listener at 127.0.0.1/33667] INFO  volume.ThrottledAsyncChecker (ThrottledAsyncChecker.java:schedule(141)) - Scheduling a check for /home/runner/work/ozone/ozone/hadoop-ozone/integration-test/target/test-dir/MiniOzoneClusterImpl-f745d883-409d-4598-9a00-e779d9019c18/datanode-2/data/ratis
2022-03-02 21:33:12,871 [Listener at 127.0.0.1/33667] INFO  volume.StorageVolumeChecker (StorageVolumeChecker.java:checkAllVolumes(202)) - Scheduled health check for volume /home/runner/work/ozone/ozone/hadoop-ozone/integration-test/target/test-dir/MiniOzoneClusterImpl-f745d883-409d-4598-9a00-e779d9019c18/datanode-2/data/ratis
2022-03-02 21:33:12,968 [Thread-1675] INFO  ozoneimpl.ContainerReader (ContainerReader.java:readVolume(172)) - Finish verifying containers on volume /home/runner/work/ozone/ozone/hadoop-ozone/integration-test/target/test-dir/MiniOzoneClusterImpl-f745d883-409d-4598-9a00-e779d9019c18/datanode-2/data-0/containers/hdds
2022-03-02 21:33:12,968 [Listener at 127.0.0.1/33667] INFO  ozoneimpl.OzoneContainer (OzoneContainer.java:buildContainerSet(257)) - Build ContainerSet costs 0s
2022-03-02 21:33:12,971 [Listener at 127.0.0.1/33667] INFO  server.RaftServer (ConfUtils.java:logGet(44)) - raft.rpc.type = GRPC (default)
2022-03-02 21:33:12,971 [Listener at 127.0.0.1/33667] INFO  grpc.GrpcFactory (GrpcFactory.java:checkPooledByteBufAllocatorUseCacheForAllThreads(48)) - PERFORMANCE WARNING: useCacheForAllThreads is true that may cause Netty to create a lot garbage objects and, as a result, trigger GC.
	It is recommended to disable useCacheForAllThreads by setting -Dorg.apache.ratis.thirdparty.io.netty.allocator.useCacheForAllThreads=false in command line.
2022-03-02 21:33:12,972 [Listener at 127.0.0.1/33667] INFO  grpc.GrpcConfigKeys (ConfUtils.java:logGet(44)) - raft.grpc.admin.port = 0 (custom)
2022-03-02 21:33:12,972 [Listener at 127.0.0.1/33667] INFO  grpc.GrpcConfigKeys (ConfUtils.java:logGet(44)) - raft.grpc.client.port = 0 (custom)
2022-03-02 21:33:12,972 [Listener at 127.0.0.1/33667] INFO  grpc.GrpcConfigKeys (ConfUtils.java:logGet(44)) - raft.grpc.server.port = 0 (default)
2022-03-02 21:33:12,972 [Listener at 127.0.0.1/33667] INFO  server.GrpcService (ConfUtils.java:logGet(44)) - raft.grpc.message.size.max = 32MB (=33554432) (custom)
2022-03-02 21:33:12,972 [Listener at 127.0.0.1/33667] INFO  server.RaftServerConfigKeys (ConfUtils.java:logGet(44)) - raft.server.log.appender.buffer.byte-limit = 33554432 (custom)
2022-03-02 21:33:12,972 [Listener at 127.0.0.1/33667] INFO  server.GrpcService (ConfUtils.java:logGet(44)) - raft.grpc.flow.control.window = 5MB (=5242880) (custom)
2022-03-02 21:33:12,972 [Listener at 127.0.0.1/33667] INFO  server.RaftServerConfigKeys (ConfUtils.java:logGet(44)) - raft.server.rpc.request.timeout = 3000ms (default)
2022-03-02 21:33:12,973 [Listener at 127.0.0.1/33667] INFO  impl.DataStreamServerImpl (ConfUtils.java:logGet(44)) - raft.datastream.type = DISABLED (default)
2022-03-02 21:33:12,990 [Listener at 127.0.0.1/33667] INFO  server.RaftServerConfigKeys (ConfUtils.java:logGet(44)) - raft.server.rpc.slowness.timeout = 300000ms (custom)
2022-03-02 21:33:12,991 [Listener at 127.0.0.1/33667] INFO  server.RaftServerConfigKeys (ConfUtils.java:logGet(44)) - raft.server.leaderelection.leader.step-down.wait-time = 10s (default)
2022-03-02 21:33:12,991 [Listener at 127.0.0.1/33667] INFO  server.RaftServerConfigKeys (ConfUtils.java:logGet(44)) - raft.server.storage.dir = [/home/runner/work/ozone/ozone/hadoop-ozone/integration-test/target/test-dir/MiniOzoneClusterImpl-f745d883-409d-4598-9a00-e779d9019c18/datanode-2/data/ratis] (custom)
2022-03-02 21:33:12,992 [Listener at 127.0.0.1/33667] INFO  server.XceiverServerGrpc (XceiverServerGrpc.java:<init>(132)) - GrpcServer channel type EpollServerSocketChannel
2022-03-02 21:33:13,027 [Listener at 127.0.0.1/33667] INFO  http.BaseHttpServer (BaseHttpServer.java:newHttpServer2BuilderForOzone(209)) - Starting Web-server for hddsDatanode at: http://0.0.0.0:0
2022-03-02 21:33:13,027 [Listener at 127.0.0.1/33667] INFO  http.BaseHttpServer (BaseHttpServer.java:<init>(107)) - Hadoop Security Enabled: false Ozone Security Enabled: false Ozone HTTP Security Enabled: false 
2022-03-02 21:33:13,029 [Listener at 127.0.0.1/33667] INFO  server.AuthenticationFilter (AuthenticationFilter.java:constructSecretProvider(240)) - Unable to initialize FileSignerSecretProvider, falling back to use random secrets.
2022-03-02 21:33:13,044 [Listener at 127.0.0.1/33667] WARN  http.HttpRequestLog (HttpRequestLog.java:getRequestLog(103)) - Jetty request log can only be enabled using Log4j
2022-03-02 21:33:13,045 [Listener at 127.0.0.1/33667] INFO  http.HttpServer2 (HttpServer2.java:addGlobalFilter(1030)) - Added global filter 'safety' (class=org.apache.hadoop.hdds.server.http.HttpServer2$QuotingInputFilter)
2022-03-02 21:33:13,045 [Listener at 127.0.0.1/33667] INFO  http.HttpServer2 (HttpServer2.java:addFilter(1006)) - Added filter static_user_filter (class=org.apache.hadoop.http.lib.StaticUserWebFilter$StaticUserFilter) to context hddsDatanode
2022-03-02 21:33:13,045 [Listener at 127.0.0.1/33667] INFO  http.HttpServer2 (HttpServer2.java:addFilter(1014)) - Added filter static_user_filter (class=org.apache.hadoop.http.lib.StaticUserWebFilter$StaticUserFilter) to context logs
2022-03-02 21:33:13,045 [Listener at 127.0.0.1/33667] INFO  http.HttpServer2 (HttpServer2.java:addFilter(1014)) - Added filter static_user_filter (class=org.apache.hadoop.http.lib.StaticUserWebFilter$StaticUserFilter) to context static
2022-03-02 21:33:13,046 [Listener at 127.0.0.1/33667] INFO  http.HttpServer2 (HttpServer2.java:bindListener(1249)) - Jetty bound to port 39043
2022-03-02 21:33:13,046 [Listener at 127.0.0.1/33667] INFO  server.Server (Server.java:doStart(375)) - jetty-9.4.43.v20210629; built: 2021-06-30T11:07:22.254Z; git: 526006ecfa3af7f1a27ef3a288e2bef7ea9dd7e8; jvm 1.8.0_322-b06
2022-03-02 21:33:13,124 [Listener at 127.0.0.1/33667] INFO  server.session (DefaultSessionIdManager.java:doStart(334)) - DefaultSessionIdManager workerName=node0
2022-03-02 21:33:13,124 [Listener at 127.0.0.1/33667] INFO  server.session (DefaultSessionIdManager.java:doStart(339)) - No SessionScavenger set, using defaults
2022-03-02 21:33:13,124 [Listener at 127.0.0.1/33667] INFO  server.session (HouseKeeper.java:startScavenging(132)) - node0 Scavenging every 660000ms
2022-03-02 21:33:13,124 [Listener at 127.0.0.1/33667] INFO  handler.ContextHandler (ContextHandler.java:doStart(915)) - Started o.e.j.s.ServletContextHandler@68bca6a4{logs,/logs,file:///home/runner/work/ozone/ozone/hadoop-ozone/integration-test/target/log,AVAILABLE}
2022-03-02 21:33:13,125 [Listener at 127.0.0.1/33667] INFO  handler.ContextHandler (ContextHandler.java:doStart(915)) - Started o.e.j.s.ServletContextHandler@678133af{static,/static,jar:file:/home/runner/.m2/repository/org/apache/ozone/hdds-container-service/1.3.0-SNAPSHOT/hdds-container-service-1.3.0-SNAPSHOT.jar!/webapps/static,AVAILABLE}
2022-03-02 21:33:13,289 [Listener at 127.0.0.1/33667] INFO  handler.ContextHandler (ContextHandler.java:doStart(915)) - Started o.e.j.w.WebAppContext@4905bd11{hddsDatanode,/,file:///tmp/jetty-0_0_0_0-39043-hdds-container-service-1_3_0-SNAPSHOT_jar-_-any-7840257577060454060/webapp/,AVAILABLE}{jar:file:/home/runner/.m2/repository/org/apache/ozone/hdds-container-service/1.3.0-SNAPSHOT/hdds-container-service-1.3.0-SNAPSHOT.jar!/webapps/hddsDatanode}
2022-03-02 21:33:13,327 [Listener at 127.0.0.1/33667] INFO  server.AbstractConnector (AbstractConnector.java:doStart(331)) - Started ServerConnector@2fe9c16e{HTTP/1.1, (http/1.1)}{0.0.0.0:39043}
2022-03-02 21:33:13,327 [Listener at 127.0.0.1/33667] INFO  server.Server (Server.java:doStart(415)) - Started @234679ms
2022-03-02 21:33:13,327 [Listener at 127.0.0.1/33667] WARN  impl.MetricsSystemImpl (MetricsSystemImpl.java:register(279)) - Sink prometheus already exists!
2022-03-02 21:33:13,331 [Listener at 127.0.0.1/33667] INFO  http.BaseHttpServer (BaseHttpServer.java:updateConnectorAddress(329)) - HTTP server of hddsDatanode listening at http://0.0.0.0:39043
2022-03-02 21:33:13,337 [Listener at 127.0.0.1/33667] WARN  impl.MetricRegistriesImpl (MetricRegistriesImpl.java:addReporterRegistration(111)) - New reporters are added after registries were created. Some metrics will be missing from the reporter. Please add reporter before adding any new registry.
2022-03-02 21:33:13,337 [Listener at 127.0.0.1/33667] WARN  impl.MetricRegistriesImpl (MetricRegistriesImpl.java:addReporterRegistration(111)) - New reporters are added after registries were created. Some metrics will be missing from the reporter. Please add reporter before adding any new registry.
2022-03-02 21:33:13,337 [Listener at 127.0.0.1/33667] INFO  impl.MetricsSystemImpl (MetricsSystemImpl.java:init(158)) - HddsDatanode metrics system started (again)
2022-03-02 21:33:13,343 [Datanode State Machine Daemon Thread] INFO  statemachine.DatanodeStateMachine (DatanodeStateMachine.java:lambda$startDaemon$0(470)) - Ozone container server started.
2022-03-02 21:33:13,387 [org.apache.hadoop.util.JvmPauseMonitor$Monitor@65474c99] INFO  util.JvmPauseMonitor (JvmPauseMonitor.java:run(188)) - Starting JVM pause monitor
2022-03-02 21:33:13,403 [Datanode State Machine Task Thread - 0] INFO  datanode.InitDatanodeState (InitDatanodeState.java:persistContainerDatanodeDetails(138)) - DatanodeDetails is persisted to /home/runner/work/ozone/ozone/hadoop-ozone/integration-test/target/test-dir/MiniOzoneClusterImpl-f745d883-409d-4598-9a00-e779d9019c18/datanode-2/meta/datanode.id
2022-03-02 21:33:13,495 [Listener at 127.0.0.1/33667] INFO  ozone.HddsDatanodeService (HddsDatanodeService.java:start(233)) - HddsDatanodeService host:fv-az294-754.eaanfquahm5ulb5tj050gcxych.jx.internal.cloudapp.net ip:10.1.0.35
2022-03-02 21:33:13,547 [Listener at 127.0.0.1/33667] INFO  upgrade.AbstractLayoutVersionManager (AbstractLayoutVersionManager.java:init(79)) - Initializing Layout version manager with metadata layout = SCM_HA (version = 2), software layout = SCM_HA (version = 2)
2022-03-02 21:33:13,736 [Listener at 127.0.0.1/33667] INFO  reflections.Reflections (Reflections.java:scan(232)) - Reflections took 188 ms to scan 7 urls, producing 122 keys and 286 values 
2022-03-02 21:33:13,737 [Listener at 127.0.0.1/33667] INFO  statemachine.DatanodeStateMachine (DatanodeStateMachine.java:getEndPointTaskThreadPoolSize(222)) - Datanode State Machine Task Thread Pool size 2
2022-03-02 21:33:13,775 [Listener at 127.0.0.1/33667] INFO  volume.HddsVolume (HddsVolume.java:<init>(120)) - Creating HddsVolume: /home/runner/work/ozone/ozone/hadoop-ozone/integration-test/target/test-dir/MiniOzoneClusterImpl-f745d883-409d-4598-9a00-e779d9019c18/datanode-3/data-0/containers/hdds of storage type : DISK capacity : 9223372036854775807
2022-03-02 21:33:13,775 [Listener at 127.0.0.1/33667] INFO  volume.MutableVolumeSet (MutableVolumeSet.java:initializeVolumeSet(168)) - Added Volume : /home/runner/work/ozone/ozone/hadoop-ozone/integration-test/target/test-dir/MiniOzoneClusterImpl-f745d883-409d-4598-9a00-e779d9019c18/datanode-3/data-0/containers/hdds to VolumeSet
2022-03-02 21:33:13,775 [Listener at 127.0.0.1/33667] INFO  volume.ThrottledAsyncChecker (ThrottledAsyncChecker.java:schedule(141)) - Scheduling a check for /home/runner/work/ozone/ozone/hadoop-ozone/integration-test/target/test-dir/MiniOzoneClusterImpl-f745d883-409d-4598-9a00-e779d9019c18/datanode-3/data-0/containers/hdds
2022-03-02 21:33:13,807 [Listener at 127.0.0.1/33667] INFO  volume.StorageVolumeChecker (StorageVolumeChecker.java:checkAllVolumes(202)) - Scheduled health check for volume /home/runner/work/ozone/ozone/hadoop-ozone/integration-test/target/test-dir/MiniOzoneClusterImpl-f745d883-409d-4598-9a00-e779d9019c18/datanode-3/data-0/containers/hdds
2022-03-02 21:33:13,913 [Listener at 127.0.0.1/33667] INFO  volume.MutableVolumeSet (MutableVolumeSet.java:initializeVolumeSet(168)) - Added Volume : /home/runner/work/ozone/ozone/hadoop-ozone/integration-test/target/test-dir/MiniOzoneClusterImpl-f745d883-409d-4598-9a00-e779d9019c18/datanode-3/data/ratis to VolumeSet
2022-03-02 21:33:13,913 [Listener at 127.0.0.1/33667] INFO  volume.ThrottledAsyncChecker (ThrottledAsyncChecker.java:schedule(141)) - Scheduling a check for /home/runner/work/ozone/ozone/hadoop-ozone/integration-test/target/test-dir/MiniOzoneClusterImpl-f745d883-409d-4598-9a00-e779d9019c18/datanode-3/data/ratis
2022-03-02 21:33:13,913 [Listener at 127.0.0.1/33667] INFO  volume.StorageVolumeChecker (StorageVolumeChecker.java:checkAllVolumes(202)) - Scheduled health check for volume /home/runner/work/ozone/ozone/hadoop-ozone/integration-test/target/test-dir/MiniOzoneClusterImpl-f745d883-409d-4598-9a00-e779d9019c18/datanode-3/data/ratis
2022-03-02 21:33:13,967 [EndpointStateMachine task thread for /0.0.0.0:34591 - 0 ] INFO  ozoneimpl.OzoneContainer (OzoneContainer.java:start(335)) - Attempting to start container services.
2022-03-02 21:33:13,970 [EndpointStateMachine task thread for /0.0.0.0:34591 - 0 ] INFO  ozoneimpl.OzoneContainer (OzoneContainer.java:startContainerScrub(270)) - Background container scanner has been disabled.
2022-03-02 21:33:13,970 [EndpointStateMachine task thread for /0.0.0.0:34591 - 0 ] INFO  replication.ReplicationServer (ReplicationServer.java:start(111)) - ReplicationServer is started using port 33477
2022-03-02 21:33:13,986 [EndpointStateMachine task thread for /0.0.0.0:34591 - 0 ] INFO  ratis.XceiverServerRatis (XceiverServerRatis.java:start(485)) - Starting XceiverServerRatis 06306a50-9ba9-4128-94e0-55d591e142a1
2022-03-02 21:33:14,063 [Thread-1688] INFO  ozoneimpl.ContainerReader (ContainerReader.java:readVolume(172)) - Finish verifying containers on volume /home/runner/work/ozone/ozone/hadoop-ozone/integration-test/target/test-dir/MiniOzoneClusterImpl-f745d883-409d-4598-9a00-e779d9019c18/datanode-3/data-0/containers/hdds
2022-03-02 21:33:14,063 [Listener at 127.0.0.1/33667] INFO  ozoneimpl.OzoneContainer (OzoneContainer.java:buildContainerSet(257)) - Build ContainerSet costs 0s
2022-03-02 21:33:14,065 [Listener at 127.0.0.1/33667] INFO  server.RaftServer (ConfUtils.java:logGet(44)) - raft.rpc.type = GRPC (default)
2022-03-02 21:33:14,065 [Listener at 127.0.0.1/33667] INFO  grpc.GrpcFactory (GrpcFactory.java:checkPooledByteBufAllocatorUseCacheForAllThreads(48)) - PERFORMANCE WARNING: useCacheForAllThreads is true that may cause Netty to create a lot garbage objects and, as a result, trigger GC.
	It is recommended to disable useCacheForAllThreads by setting -Dorg.apache.ratis.thirdparty.io.netty.allocator.useCacheForAllThreads=false in command line.
2022-03-02 21:33:14,065 [Listener at 127.0.0.1/33667] INFO  grpc.GrpcConfigKeys (ConfUtils.java:logGet(44)) - raft.grpc.admin.port = 0 (custom)
2022-03-02 21:33:14,065 [Listener at 127.0.0.1/33667] INFO  grpc.GrpcConfigKeys (ConfUtils.java:logGet(44)) - raft.grpc.client.port = 0 (custom)
2022-03-02 21:33:14,065 [Listener at 127.0.0.1/33667] INFO  grpc.GrpcConfigKeys (ConfUtils.java:logGet(44)) - raft.grpc.server.port = 0 (default)
2022-03-02 21:33:14,065 [Listener at 127.0.0.1/33667] INFO  server.GrpcService (ConfUtils.java:logGet(44)) - raft.grpc.message.size.max = 32MB (=33554432) (custom)
2022-03-02 21:33:14,065 [Listener at 127.0.0.1/33667] INFO  server.RaftServerConfigKeys (ConfUtils.java:logGet(44)) - raft.server.log.appender.buffer.byte-limit = 33554432 (custom)
2022-03-02 21:33:14,065 [Listener at 127.0.0.1/33667] INFO  server.GrpcService (ConfUtils.java:logGet(44)) - raft.grpc.flow.control.window = 5MB (=5242880) (custom)
2022-03-02 21:33:14,065 [Listener at 127.0.0.1/33667] INFO  server.RaftServerConfigKeys (ConfUtils.java:logGet(44)) - raft.server.rpc.request.timeout = 3000ms (default)
2022-03-02 21:33:14,066 [Listener at 127.0.0.1/33667] INFO  impl.DataStreamServerImpl (ConfUtils.java:logGet(44)) - raft.datastream.type = DISABLED (default)
2022-03-02 21:33:14,066 [Listener at 127.0.0.1/33667] INFO  server.RaftServerConfigKeys (ConfUtils.java:logGet(44)) - raft.server.rpc.slowness.timeout = 300000ms (custom)
2022-03-02 21:33:14,066 [Listener at 127.0.0.1/33667] INFO  server.RaftServerConfigKeys (ConfUtils.java:logGet(44)) - raft.server.leaderelection.leader.step-down.wait-time = 10s (default)
2022-03-02 21:33:14,066 [Listener at 127.0.0.1/33667] INFO  server.RaftServerConfigKeys (ConfUtils.java:logGet(44)) - raft.server.storage.dir = [/home/runner/work/ozone/ozone/hadoop-ozone/integration-test/target/test-dir/MiniOzoneClusterImpl-f745d883-409d-4598-9a00-e779d9019c18/datanode-3/data/ratis] (custom)
2022-03-02 21:33:14,068 [Listener at 127.0.0.1/33667] INFO  server.XceiverServerGrpc (XceiverServerGrpc.java:<init>(132)) - GrpcServer channel type EpollServerSocketChannel
2022-03-02 21:33:14,091 [EndpointStateMachine task thread for /0.0.0.0:34591 - 0 ] INFO  server.RaftServer (RaftServerProxy.java:lambda$start$5(374)) - 06306a50-9ba9-4128-94e0-55d591e142a1: start RPC server
2022-03-02 21:33:14,091 [EndpointStateMachine task thread for /0.0.0.0:34591 - 0 ] INFO  server.GrpcService (GrpcService.java:startImpl(253)) - 06306a50-9ba9-4128-94e0-55d591e142a1: GrpcService started, listening on 42445
2022-03-02 21:33:14,104 [Listener at 127.0.0.1/33667] INFO  http.BaseHttpServer (BaseHttpServer.java:newHttpServer2BuilderForOzone(209)) - Starting Web-server for hddsDatanode at: http://0.0.0.0:0
2022-03-02 21:33:14,104 [EndpointStateMachine task thread for /0.0.0.0:34591 - 0 ] INFO  ratis.XceiverServerRatis (XceiverServerRatis.java:getRealPort(506)) - XceiverServerRatis 06306a50-9ba9-4128-94e0-55d591e142a1 is started using port 42445 for RATIS
2022-03-02 21:33:14,104 [EndpointStateMachine task thread for /0.0.0.0:34591 - 0 ] INFO  ratis.XceiverServerRatis (XceiverServerRatis.java:getRealPort(506)) - XceiverServerRatis 06306a50-9ba9-4128-94e0-55d591e142a1 is started using port 42445 for RATIS_ADMIN
2022-03-02 21:33:14,104 [EndpointStateMachine task thread for /0.0.0.0:34591 - 0 ] INFO  ratis.XceiverServerRatis (XceiverServerRatis.java:getRealPort(506)) - XceiverServerRatis 06306a50-9ba9-4128-94e0-55d591e142a1 is started using port 42445 for RATIS_SERVER
2022-03-02 21:33:14,104 [Listener at 127.0.0.1/33667] INFO  http.BaseHttpServer (BaseHttpServer.java:<init>(107)) - Hadoop Security Enabled: false Ozone Security Enabled: false Ozone HTTP Security Enabled: false 
2022-03-02 21:33:14,105 [Listener at 127.0.0.1/33667] INFO  server.AuthenticationFilter (AuthenticationFilter.java:constructSecretProvider(240)) - Unable to initialize FileSignerSecretProvider, falling back to use random secrets.
2022-03-02 21:33:14,105 [org.apache.ratis.util.JvmPauseMonitor$$Lambda$431/1455743440@1d447667] INFO  util.JvmPauseMonitor (JvmPauseMonitor.java:run(103)) - JvmPauseMonitor-06306a50-9ba9-4128-94e0-55d591e142a1: Started
2022-03-02 21:33:14,106 [EndpointStateMachine task thread for /0.0.0.0:34591 - 0 ] INFO  server.XceiverServerGrpc (XceiverServerGrpc.java:start(180)) - XceiverServerGrpc 06306a50-9ba9-4128-94e0-55d591e142a1 is started using port 33549
2022-03-02 21:33:14,127 [Listener at 127.0.0.1/33667] WARN  http.HttpRequestLog (HttpRequestLog.java:getRequestLog(103)) - Jetty request log can only be enabled using Log4j
2022-03-02 21:33:14,127 [Listener at 127.0.0.1/33667] INFO  http.HttpServer2 (HttpServer2.java:addGlobalFilter(1030)) - Added global filter 'safety' (class=org.apache.hadoop.hdds.server.http.HttpServer2$QuotingInputFilter)
2022-03-02 21:33:14,128 [Listener at 127.0.0.1/33667] INFO  http.HttpServer2 (HttpServer2.java:addFilter(1006)) - Added filter static_user_filter (class=org.apache.hadoop.http.lib.StaticUserWebFilter$StaticUserFilter) to context hddsDatanode
2022-03-02 21:33:14,128 [Listener at 127.0.0.1/33667] INFO  http.HttpServer2 (HttpServer2.java:addFilter(1014)) - Added filter static_user_filter (class=org.apache.hadoop.http.lib.StaticUserWebFilter$StaticUserFilter) to context static
2022-03-02 21:33:14,128 [Listener at 127.0.0.1/33667] INFO  http.HttpServer2 (HttpServer2.java:addFilter(1014)) - Added filter static_user_filter (class=org.apache.hadoop.http.lib.StaticUserWebFilter$StaticUserFilter) to context logs
2022-03-02 21:33:14,128 [Listener at 127.0.0.1/33667] INFO  http.HttpServer2 (HttpServer2.java:bindListener(1249)) - Jetty bound to port 45933
2022-03-02 21:33:14,128 [Listener at 127.0.0.1/33667] INFO  server.Server (Server.java:doStart(375)) - jetty-9.4.43.v20210629; built: 2021-06-30T11:07:22.254Z; git: 526006ecfa3af7f1a27ef3a288e2bef7ea9dd7e8; jvm 1.8.0_322-b06
2022-03-02 21:33:14,232 [Listener at 127.0.0.1/33667] INFO  server.session (DefaultSessionIdManager.java:doStart(334)) - DefaultSessionIdManager workerName=node0
2022-03-02 21:33:14,232 [Listener at 127.0.0.1/33667] INFO  server.session (DefaultSessionIdManager.java:doStart(339)) - No SessionScavenger set, using defaults
2022-03-02 21:33:14,232 [Listener at 127.0.0.1/33667] INFO  server.session (HouseKeeper.java:startScavenging(132)) - node0 Scavenging every 660000ms
2022-03-02 21:33:14,233 [Listener at 127.0.0.1/33667] INFO  handler.ContextHandler (ContextHandler.java:doStart(915)) - Started o.e.j.s.ServletContextHandler@2e9ce157{logs,/logs,file:///home/runner/work/ozone/ozone/hadoop-ozone/integration-test/target/log,AVAILABLE}
2022-03-02 21:33:14,233 [Listener at 127.0.0.1/33667] INFO  handler.ContextHandler (ContextHandler.java:doStart(915)) - Started o.e.j.s.ServletContextHandler@9e3ba90{static,/static,jar:file:/home/runner/.m2/repository/org/apache/ozone/hdds-container-service/1.3.0-SNAPSHOT/hdds-container-service-1.3.0-SNAPSHOT.jar!/webapps/static,AVAILABLE}
2022-03-02 21:33:14,416 [Listener at 127.0.0.1/33667] INFO  handler.ContextHandler (ContextHandler.java:doStart(915)) - Started o.e.j.w.WebAppContext@4e769578{hddsDatanode,/,file:///tmp/jetty-0_0_0_0-45933-hdds-container-service-1_3_0-SNAPSHOT_jar-_-any-700694152613049358/webapp/,AVAILABLE}{jar:file:/home/runner/.m2/repository/org/apache/ozone/hdds-container-service/1.3.0-SNAPSHOT/hdds-container-service-1.3.0-SNAPSHOT.jar!/webapps/hddsDatanode}
2022-03-02 21:33:14,437 [Listener at 127.0.0.1/33667] INFO  server.AbstractConnector (AbstractConnector.java:doStart(331)) - Started ServerConnector@7f03dc45{HTTP/1.1, (http/1.1)}{0.0.0.0:45933}
2022-03-02 21:33:14,437 [Listener at 127.0.0.1/33667] INFO  server.Server (Server.java:doStart(415)) - Started @235789ms
2022-03-02 21:33:14,437 [Listener at 127.0.0.1/33667] WARN  impl.MetricsSystemImpl (MetricsSystemImpl.java:register(279)) - Sink prometheus already exists!
2022-03-02 21:33:14,439 [Listener at 127.0.0.1/33667] INFO  http.BaseHttpServer (BaseHttpServer.java:updateConnectorAddress(329)) - HTTP server of hddsDatanode listening at http://0.0.0.0:45933
2022-03-02 21:33:14,447 [Listener at 127.0.0.1/33667] WARN  impl.MetricRegistriesImpl (MetricRegistriesImpl.java:addReporterRegistration(111)) - New reporters are added after registries were created. Some metrics will be missing from the reporter. Please add reporter before adding any new registry.
2022-03-02 21:33:14,447 [Listener at 127.0.0.1/33667] WARN  impl.MetricRegistriesImpl (MetricRegistriesImpl.java:addReporterRegistration(111)) - New reporters are added after registries were created. Some metrics will be missing from the reporter. Please add reporter before adding any new registry.
2022-03-02 21:33:14,447 [Listener at 127.0.0.1/33667] INFO  impl.MetricsSystemImpl (MetricsSystemImpl.java:init(158)) - HddsDatanode metrics system started (again)
2022-03-02 21:33:14,455 [Datanode State Machine Daemon Thread] INFO  statemachine.DatanodeStateMachine (DatanodeStateMachine.java:lambda$startDaemon$0(470)) - Ozone container server started.
2022-03-02 21:33:14,473 [org.apache.hadoop.util.JvmPauseMonitor$Monitor@166bf8b3] INFO  util.JvmPauseMonitor (JvmPauseMonitor.java:run(188)) - Starting JVM pause monitor
2022-03-02 21:33:14,500 [Datanode State Machine Task Thread - 0] INFO  datanode.InitDatanodeState (InitDatanodeState.java:persistContainerDatanodeDetails(138)) - DatanodeDetails is persisted to /home/runner/work/ozone/ozone/hadoop-ozone/integration-test/target/test-dir/MiniOzoneClusterImpl-f745d883-409d-4598-9a00-e779d9019c18/datanode-3/meta/datanode.id
2022-03-02 21:33:14,515 [Listener at 127.0.0.1/33667] INFO  ozone.HddsDatanodeService (HddsDatanodeService.java:start(233)) - HddsDatanodeService host:fv-az294-754.eaanfquahm5ulb5tj050gcxych.jx.internal.cloudapp.net ip:10.1.0.35
2022-03-02 21:33:14,516 [EndpointStateMachine task thread for /0.0.0.0:34591 - 0 ] INFO  ozoneimpl.OzoneContainer (OzoneContainer.java:start(335)) - Attempting to start container services.
2022-03-02 21:33:14,516 [EndpointStateMachine task thread for /0.0.0.0:34591 - 0 ] INFO  ozoneimpl.OzoneContainer (OzoneContainer.java:startContainerScrub(270)) - Background container scanner has been disabled.
2022-03-02 21:33:14,524 [EndpointStateMachine task thread for /0.0.0.0:34591 - 0 ] INFO  replication.ReplicationServer (ReplicationServer.java:start(111)) - ReplicationServer is started using port 36763
2022-03-02 21:33:14,562 [EndpointStateMachine task thread for /0.0.0.0:34591 - 0 ] INFO  ratis.XceiverServerRatis (XceiverServerRatis.java:start(485)) - Starting XceiverServerRatis cdd5360e-d849-4e2b-b62b-b70fbd73a7e1
2022-03-02 21:33:14,563 [EndpointStateMachine task thread for /0.0.0.0:34591 - 0 ] INFO  server.RaftServer (RaftServerProxy.java:lambda$start$5(374)) - cdd5360e-d849-4e2b-b62b-b70fbd73a7e1: start RPC server
2022-03-02 21:33:14,567 [EndpointStateMachine task thread for /0.0.0.0:34591 - 0 ] INFO  server.GrpcService (GrpcService.java:startImpl(253)) - cdd5360e-d849-4e2b-b62b-b70fbd73a7e1: GrpcService started, listening on 36141
2022-03-02 21:33:14,586 [EndpointStateMachine task thread for /0.0.0.0:34591 - 0 ] INFO  ratis.XceiverServerRatis (XceiverServerRatis.java:getRealPort(506)) - XceiverServerRatis cdd5360e-d849-4e2b-b62b-b70fbd73a7e1 is started using port 36141 for RATIS
2022-03-02 21:33:14,586 [EndpointStateMachine task thread for /0.0.0.0:34591 - 0 ] INFO  ratis.XceiverServerRatis (XceiverServerRatis.java:getRealPort(506)) - XceiverServerRatis cdd5360e-d849-4e2b-b62b-b70fbd73a7e1 is started using port 36141 for RATIS_ADMIN
2022-03-02 21:33:14,586 [EndpointStateMachine task thread for /0.0.0.0:34591 - 0 ] INFO  ratis.XceiverServerRatis (XceiverServerRatis.java:getRealPort(506)) - XceiverServerRatis cdd5360e-d849-4e2b-b62b-b70fbd73a7e1 is started using port 36141 for RATIS_SERVER
2022-03-02 21:33:14,587 [org.apache.ratis.util.JvmPauseMonitor$$Lambda$431/1455743440@6f445024] INFO  util.JvmPauseMonitor (JvmPauseMonitor.java:run(103)) - JvmPauseMonitor-cdd5360e-d849-4e2b-b62b-b70fbd73a7e1: Started
2022-03-02 21:33:14,587 [EndpointStateMachine task thread for /0.0.0.0:34591 - 0 ] INFO  server.XceiverServerGrpc (XceiverServerGrpc.java:start(180)) - XceiverServerGrpc cdd5360e-d849-4e2b-b62b-b70fbd73a7e1 is started using port 41835
2022-03-02 21:33:14,591 [Listener at 127.0.0.1/33667] INFO  upgrade.AbstractLayoutVersionManager (AbstractLayoutVersionManager.java:init(79)) - Initializing Layout version manager with metadata layout = SCM_HA (version = 2), software layout = SCM_HA (version = 2)
2022-03-02 21:33:14,678 [Listener at 127.0.0.1/33667] INFO  reflections.Reflections (Reflections.java:scan(232)) - Reflections took 86 ms to scan 7 urls, producing 122 keys and 286 values 
2022-03-02 21:33:14,679 [Listener at 127.0.0.1/33667] INFO  statemachine.DatanodeStateMachine (DatanodeStateMachine.java:getEndPointTaskThreadPoolSize(222)) - Datanode State Machine Task Thread Pool size 2
2022-03-02 21:33:14,680 [Listener at 127.0.0.1/33667] INFO  volume.HddsVolume (HddsVolume.java:<init>(120)) - Creating HddsVolume: /home/runner/work/ozone/ozone/hadoop-ozone/integration-test/target/test-dir/MiniOzoneClusterImpl-f745d883-409d-4598-9a00-e779d9019c18/datanode-4/data-0/containers/hdds of storage type : DISK capacity : 9223372036854775807
2022-03-02 21:33:14,680 [Listener at 127.0.0.1/33667] INFO  volume.MutableVolumeSet (MutableVolumeSet.java:initializeVolumeSet(168)) - Added Volume : /home/runner/work/ozone/ozone/hadoop-ozone/integration-test/target/test-dir/MiniOzoneClusterImpl-f745d883-409d-4598-9a00-e779d9019c18/datanode-4/data-0/containers/hdds to VolumeSet
2022-03-02 21:33:14,680 [Listener at 127.0.0.1/33667] INFO  volume.ThrottledAsyncChecker (ThrottledAsyncChecker.java:schedule(141)) - Scheduling a check for /home/runner/work/ozone/ozone/hadoop-ozone/integration-test/target/test-dir/MiniOzoneClusterImpl-f745d883-409d-4598-9a00-e779d9019c18/datanode-4/data-0/containers/hdds
2022-03-02 21:33:14,681 [Listener at 127.0.0.1/33667] INFO  volume.StorageVolumeChecker (StorageVolumeChecker.java:checkAllVolumes(202)) - Scheduled health check for volume /home/runner/work/ozone/ozone/hadoop-ozone/integration-test/target/test-dir/MiniOzoneClusterImpl-f745d883-409d-4598-9a00-e779d9019c18/datanode-4/data-0/containers/hdds
2022-03-02 21:33:14,743 [Listener at 127.0.0.1/33667] INFO  volume.MutableVolumeSet (MutableVolumeSet.java:initializeVolumeSet(168)) - Added Volume : /home/runner/work/ozone/ozone/hadoop-ozone/integration-test/target/test-dir/MiniOzoneClusterImpl-f745d883-409d-4598-9a00-e779d9019c18/datanode-4/data/ratis to VolumeSet
2022-03-02 21:33:14,743 [Listener at 127.0.0.1/33667] INFO  volume.ThrottledAsyncChecker (ThrottledAsyncChecker.java:schedule(141)) - Scheduling a check for /home/runner/work/ozone/ozone/hadoop-ozone/integration-test/target/test-dir/MiniOzoneClusterImpl-f745d883-409d-4598-9a00-e779d9019c18/datanode-4/data/ratis
2022-03-02 21:33:14,743 [Listener at 127.0.0.1/33667] INFO  volume.StorageVolumeChecker (StorageVolumeChecker.java:checkAllVolumes(202)) - Scheduled health check for volume /home/runner/work/ozone/ozone/hadoop-ozone/integration-test/target/test-dir/MiniOzoneClusterImpl-f745d883-409d-4598-9a00-e779d9019c18/datanode-4/data/ratis
2022-03-02 21:33:14,807 [Thread-1706] INFO  ozoneimpl.ContainerReader (ContainerReader.java:readVolume(172)) - Finish verifying containers on volume /home/runner/work/ozone/ozone/hadoop-ozone/integration-test/target/test-dir/MiniOzoneClusterImpl-f745d883-409d-4598-9a00-e779d9019c18/datanode-4/data-0/containers/hdds
2022-03-02 21:33:14,807 [Listener at 127.0.0.1/33667] INFO  ozoneimpl.OzoneContainer (OzoneContainer.java:buildContainerSet(257)) - Build ContainerSet costs 0s
2022-03-02 21:33:14,808 [Listener at 127.0.0.1/33667] INFO  server.RaftServer (ConfUtils.java:logGet(44)) - raft.rpc.type = GRPC (default)
2022-03-02 21:33:14,809 [Listener at 127.0.0.1/33667] INFO  grpc.GrpcFactory (GrpcFactory.java:checkPooledByteBufAllocatorUseCacheForAllThreads(48)) - PERFORMANCE WARNING: useCacheForAllThreads is true that may cause Netty to create a lot garbage objects and, as a result, trigger GC.
	It is recommended to disable useCacheForAllThreads by setting -Dorg.apache.ratis.thirdparty.io.netty.allocator.useCacheForAllThreads=false in command line.
2022-03-02 21:33:14,809 [Listener at 127.0.0.1/33667] INFO  grpc.GrpcConfigKeys (ConfUtils.java:logGet(44)) - raft.grpc.admin.port = 0 (custom)
2022-03-02 21:33:14,809 [Listener at 127.0.0.1/33667] INFO  grpc.GrpcConfigKeys (ConfUtils.java:logGet(44)) - raft.grpc.client.port = 0 (custom)
2022-03-02 21:33:14,809 [Listener at 127.0.0.1/33667] INFO  grpc.GrpcConfigKeys (ConfUtils.java:logGet(44)) - raft.grpc.server.port = 0 (default)
2022-03-02 21:33:14,809 [Listener at 127.0.0.1/33667] INFO  server.GrpcService (ConfUtils.java:logGet(44)) - raft.grpc.message.size.max = 32MB (=33554432) (custom)
2022-03-02 21:33:14,809 [Listener at 127.0.0.1/33667] INFO  server.RaftServerConfigKeys (ConfUtils.java:logGet(44)) - raft.server.log.appender.buffer.byte-limit = 33554432 (custom)
2022-03-02 21:33:14,809 [Listener at 127.0.0.1/33667] INFO  server.GrpcService (ConfUtils.java:logGet(44)) - raft.grpc.flow.control.window = 5MB (=5242880) (custom)
2022-03-02 21:33:14,809 [Listener at 127.0.0.1/33667] INFO  server.RaftServerConfigKeys (ConfUtils.java:logGet(44)) - raft.server.rpc.request.timeout = 3000ms (default)
2022-03-02 21:33:14,810 [Listener at 127.0.0.1/33667] INFO  impl.DataStreamServerImpl (ConfUtils.java:logGet(44)) - raft.datastream.type = DISABLED (default)
2022-03-02 21:33:14,810 [Listener at 127.0.0.1/33667] INFO  server.RaftServerConfigKeys (ConfUtils.java:logGet(44)) - raft.server.rpc.slowness.timeout = 300000ms (custom)
2022-03-02 21:33:14,810 [Listener at 127.0.0.1/33667] INFO  server.RaftServerConfigKeys (ConfUtils.java:logGet(44)) - raft.server.leaderelection.leader.step-down.wait-time = 10s (default)
2022-03-02 21:33:14,810 [Listener at 127.0.0.1/33667] INFO  server.RaftServerConfigKeys (ConfUtils.java:logGet(44)) - raft.server.storage.dir = [/home/runner/work/ozone/ozone/hadoop-ozone/integration-test/target/test-dir/MiniOzoneClusterImpl-f745d883-409d-4598-9a00-e779d9019c18/datanode-4/data/ratis] (custom)
2022-03-02 21:33:14,858 [Listener at 127.0.0.1/33667] INFO  server.XceiverServerGrpc (XceiverServerGrpc.java:<init>(132)) - GrpcServer channel type EpollServerSocketChannel
2022-03-02 21:33:14,871 [Listener at 127.0.0.1/33667] INFO  http.BaseHttpServer (BaseHttpServer.java:newHttpServer2BuilderForOzone(209)) - Starting Web-server for hddsDatanode at: http://0.0.0.0:0
2022-03-02 21:33:14,871 [Listener at 127.0.0.1/33667] INFO  http.BaseHttpServer (BaseHttpServer.java:<init>(107)) - Hadoop Security Enabled: false Ozone Security Enabled: false Ozone HTTP Security Enabled: false 
2022-03-02 21:33:14,872 [Listener at 127.0.0.1/33667] INFO  server.AuthenticationFilter (AuthenticationFilter.java:constructSecretProvider(240)) - Unable to initialize FileSignerSecretProvider, falling back to use random secrets.
2022-03-02 21:33:14,883 [Listener at 127.0.0.1/33667] WARN  http.HttpRequestLog (HttpRequestLog.java:getRequestLog(103)) - Jetty request log can only be enabled using Log4j
2022-03-02 21:33:14,883 [Listener at 127.0.0.1/33667] INFO  http.HttpServer2 (HttpServer2.java:addGlobalFilter(1030)) - Added global filter 'safety' (class=org.apache.hadoop.hdds.server.http.HttpServer2$QuotingInputFilter)
2022-03-02 21:33:14,884 [Listener at 127.0.0.1/33667] INFO  http.HttpServer2 (HttpServer2.java:addFilter(1006)) - Added filter static_user_filter (class=org.apache.hadoop.http.lib.StaticUserWebFilter$StaticUserFilter) to context hddsDatanode
2022-03-02 21:33:14,884 [Listener at 127.0.0.1/33667] INFO  http.HttpServer2 (HttpServer2.java:addFilter(1014)) - Added filter static_user_filter (class=org.apache.hadoop.http.lib.StaticUserWebFilter$StaticUserFilter) to context logs
2022-03-02 21:33:14,884 [Listener at 127.0.0.1/33667] INFO  http.HttpServer2 (HttpServer2.java:addFilter(1014)) - Added filter static_user_filter (class=org.apache.hadoop.http.lib.StaticUserWebFilter$StaticUserFilter) to context static
2022-03-02 21:33:14,884 [Listener at 127.0.0.1/33667] INFO  http.HttpServer2 (HttpServer2.java:bindListener(1249)) - Jetty bound to port 38825
2022-03-02 21:33:14,884 [Listener at 127.0.0.1/33667] INFO  server.Server (Server.java:doStart(375)) - jetty-9.4.43.v20210629; built: 2021-06-30T11:07:22.254Z; git: 526006ecfa3af7f1a27ef3a288e2bef7ea9dd7e8; jvm 1.8.0_322-b06
2022-03-02 21:33:14,918 [Listener at 127.0.0.1/33667] INFO  server.session (DefaultSessionIdManager.java:doStart(334)) - DefaultSessionIdManager workerName=node0
2022-03-02 21:33:14,918 [Listener at 127.0.0.1/33667] INFO  server.session (DefaultSessionIdManager.java:doStart(339)) - No SessionScavenger set, using defaults
2022-03-02 21:33:14,918 [Listener at 127.0.0.1/33667] INFO  server.session (HouseKeeper.java:startScavenging(132)) - node0 Scavenging every 660000ms
2022-03-02 21:33:14,919 [Listener at 127.0.0.1/33667] INFO  handler.ContextHandler (ContextHandler.java:doStart(915)) - Started o.e.j.s.ServletContextHandler@57a91f6b{logs,/logs,file:///home/runner/work/ozone/ozone/hadoop-ozone/integration-test/target/log,AVAILABLE}
2022-03-02 21:33:14,919 [Listener at 127.0.0.1/33667] INFO  handler.ContextHandler (ContextHandler.java:doStart(915)) - Started o.e.j.s.ServletContextHandler@1dbea88a{static,/static,jar:file:/home/runner/.m2/repository/org/apache/ozone/hdds-container-service/1.3.0-SNAPSHOT/hdds-container-service-1.3.0-SNAPSHOT.jar!/webapps/static,AVAILABLE}
2022-03-02 21:33:15,025 [Listener at 127.0.0.1/33667] INFO  handler.ContextHandler (ContextHandler.java:doStart(915)) - Started o.e.j.w.WebAppContext@2331ed73{hddsDatanode,/,file:///tmp/jetty-0_0_0_0-38825-hdds-container-service-1_3_0-SNAPSHOT_jar-_-any-3418634962547934092/webapp/,AVAILABLE}{jar:file:/home/runner/.m2/repository/org/apache/ozone/hdds-container-service/1.3.0-SNAPSHOT/hdds-container-service-1.3.0-SNAPSHOT.jar!/webapps/hddsDatanode}
2022-03-02 21:33:15,026 [Listener at 127.0.0.1/33667] INFO  server.AbstractConnector (AbstractConnector.java:doStart(331)) - Started ServerConnector@63c50a51{HTTP/1.1, (http/1.1)}{0.0.0.0:38825}
2022-03-02 21:33:15,027 [Listener at 127.0.0.1/33667] INFO  server.Server (Server.java:doStart(415)) - Started @236379ms
2022-03-02 21:33:15,027 [Listener at 127.0.0.1/33667] WARN  impl.MetricsSystemImpl (MetricsSystemImpl.java:register(279)) - Sink prometheus already exists!
2022-03-02 21:33:15,027 [Listener at 127.0.0.1/33667] INFO  http.BaseHttpServer (BaseHttpServer.java:updateConnectorAddress(329)) - HTTP server of hddsDatanode listening at http://0.0.0.0:38825
2022-03-02 21:33:15,031 [Listener at 127.0.0.1/33667] WARN  impl.MetricRegistriesImpl (MetricRegistriesImpl.java:addReporterRegistration(111)) - New reporters are added after registries were created. Some metrics will be missing from the reporter. Please add reporter before adding any new registry.
2022-03-02 21:33:15,031 [Listener at 127.0.0.1/33667] WARN  impl.MetricRegistriesImpl (MetricRegistriesImpl.java:addReporterRegistration(111)) - New reporters are added after registries were created. Some metrics will be missing from the reporter. Please add reporter before adding any new registry.
2022-03-02 21:33:15,031 [Listener at 127.0.0.1/33667] INFO  impl.MetricsSystemImpl (MetricsSystemImpl.java:init(158)) - HddsDatanode metrics system started (again)
2022-03-02 21:33:15,055 [Datanode State Machine Daemon Thread] INFO  statemachine.DatanodeStateMachine (DatanodeStateMachine.java:lambda$startDaemon$0(470)) - Ozone container server started.
2022-03-02 21:33:15,095 [org.apache.hadoop.util.JvmPauseMonitor$Monitor@15043187] INFO  util.JvmPauseMonitor (JvmPauseMonitor.java:run(188)) - Starting JVM pause monitor
2022-03-02 21:33:15,119 [Listener at 127.0.0.1/33667] INFO  ozone.HddsDatanodeService (HddsDatanodeService.java:start(233)) - HddsDatanodeService host:fv-az294-754.eaanfquahm5ulb5tj050gcxych.jx.internal.cloudapp.net ip:10.1.0.35
2022-03-02 21:33:15,120 [Datanode State Machine Task Thread - 0] INFO  datanode.InitDatanodeState (InitDatanodeState.java:persistContainerDatanodeDetails(138)) - DatanodeDetails is persisted to /home/runner/work/ozone/ozone/hadoop-ozone/integration-test/target/test-dir/MiniOzoneClusterImpl-f745d883-409d-4598-9a00-e779d9019c18/datanode-4/meta/datanode.id
2022-03-02 21:33:15,185 [Listener at 127.0.0.1/33667] INFO  upgrade.AbstractLayoutVersionManager (AbstractLayoutVersionManager.java:init(79)) - Initializing Layout version manager with metadata layout = SCM_HA (version = 2), software layout = SCM_HA (version = 2)
2022-03-02 21:33:15,271 [Listener at 127.0.0.1/33667] INFO  reflections.Reflections (Reflections.java:scan(232)) - Reflections took 84 ms to scan 7 urls, producing 122 keys and 286 values 
2022-03-02 21:33:15,272 [Listener at 127.0.0.1/33667] INFO  statemachine.DatanodeStateMachine (DatanodeStateMachine.java:getEndPointTaskThreadPoolSize(222)) - Datanode State Machine Task Thread Pool size 2
2022-03-02 21:33:15,290 [Listener at 127.0.0.1/33667] INFO  volume.HddsVolume (HddsVolume.java:<init>(120)) - Creating HddsVolume: /home/runner/work/ozone/ozone/hadoop-ozone/integration-test/target/test-dir/MiniOzoneClusterImpl-f745d883-409d-4598-9a00-e779d9019c18/datanode-5/data-0/containers/hdds of storage type : DISK capacity : 9223372036854775807
2022-03-02 21:33:15,290 [Listener at 127.0.0.1/33667] INFO  volume.MutableVolumeSet (MutableVolumeSet.java:initializeVolumeSet(168)) - Added Volume : /home/runner/work/ozone/ozone/hadoop-ozone/integration-test/target/test-dir/MiniOzoneClusterImpl-f745d883-409d-4598-9a00-e779d9019c18/datanode-5/data-0/containers/hdds to VolumeSet
2022-03-02 21:33:15,290 [Listener at 127.0.0.1/33667] INFO  volume.ThrottledAsyncChecker (ThrottledAsyncChecker.java:schedule(141)) - Scheduling a check for /home/runner/work/ozone/ozone/hadoop-ozone/integration-test/target/test-dir/MiniOzoneClusterImpl-f745d883-409d-4598-9a00-e779d9019c18/datanode-5/data-0/containers/hdds
2022-03-02 21:33:15,322 [Listener at 127.0.0.1/33667] INFO  volume.StorageVolumeChecker (StorageVolumeChecker.java:checkAllVolumes(202)) - Scheduled health check for volume /home/runner/work/ozone/ozone/hadoop-ozone/integration-test/target/test-dir/MiniOzoneClusterImpl-f745d883-409d-4598-9a00-e779d9019c18/datanode-5/data-0/containers/hdds
2022-03-02 21:33:15,352 [Listener at 127.0.0.1/33667] INFO  volume.MutableVolumeSet (MutableVolumeSet.java:initializeVolumeSet(168)) - Added Volume : /home/runner/work/ozone/ozone/hadoop-ozone/integration-test/target/test-dir/MiniOzoneClusterImpl-f745d883-409d-4598-9a00-e779d9019c18/datanode-5/data/ratis to VolumeSet
2022-03-02 21:33:15,352 [Listener at 127.0.0.1/33667] INFO  volume.ThrottledAsyncChecker (ThrottledAsyncChecker.java:schedule(141)) - Scheduling a check for /home/runner/work/ozone/ozone/hadoop-ozone/integration-test/target/test-dir/MiniOzoneClusterImpl-f745d883-409d-4598-9a00-e779d9019c18/datanode-5/data/ratis
2022-03-02 21:33:15,375 [Listener at 127.0.0.1/33667] INFO  volume.StorageVolumeChecker (StorageVolumeChecker.java:checkAllVolumes(202)) - Scheduled health check for volume /home/runner/work/ozone/ozone/hadoop-ozone/integration-test/target/test-dir/MiniOzoneClusterImpl-f745d883-409d-4598-9a00-e779d9019c18/datanode-5/data/ratis
2022-03-02 21:33:15,427 [EndpointStateMachine task thread for /0.0.0.0:34591 - 0 ] INFO  ozoneimpl.OzoneContainer (OzoneContainer.java:start(335)) - Attempting to start container services.
2022-03-02 21:33:15,431 [EndpointStateMachine task thread for /0.0.0.0:34591 - 0 ] INFO  ozoneimpl.OzoneContainer (OzoneContainer.java:startContainerScrub(270)) - Background container scanner has been disabled.
2022-03-02 21:33:15,431 [EndpointStateMachine task thread for /0.0.0.0:34591 - 0 ] INFO  replication.ReplicationServer (ReplicationServer.java:start(111)) - ReplicationServer is started using port 38123
2022-03-02 21:33:15,459 [EndpointStateMachine task thread for /0.0.0.0:34591 - 0 ] INFO  ratis.XceiverServerRatis (XceiverServerRatis.java:start(485)) - Starting XceiverServerRatis ca012516-14dd-42cd-8742-1c9d04d43fd5
2022-03-02 21:33:15,488 [Thread-1718] INFO  ozoneimpl.ContainerReader (ContainerReader.java:readVolume(172)) - Finish verifying containers on volume /home/runner/work/ozone/ozone/hadoop-ozone/integration-test/target/test-dir/MiniOzoneClusterImpl-f745d883-409d-4598-9a00-e779d9019c18/datanode-5/data-0/containers/hdds
2022-03-02 21:33:15,488 [Listener at 127.0.0.1/33667] INFO  ozoneimpl.OzoneContainer (OzoneContainer.java:buildContainerSet(257)) - Build ContainerSet costs 0s
2022-03-02 21:33:15,489 [Listener at 127.0.0.1/33667] INFO  server.RaftServer (ConfUtils.java:logGet(44)) - raft.rpc.type = GRPC (default)
2022-03-02 21:33:15,489 [Listener at 127.0.0.1/33667] INFO  grpc.GrpcFactory (GrpcFactory.java:checkPooledByteBufAllocatorUseCacheForAllThreads(48)) - PERFORMANCE WARNING: useCacheForAllThreads is true that may cause Netty to create a lot garbage objects and, as a result, trigger GC.
	It is recommended to disable useCacheForAllThreads by setting -Dorg.apache.ratis.thirdparty.io.netty.allocator.useCacheForAllThreads=false in command line.
2022-03-02 21:33:15,490 [Listener at 127.0.0.1/33667] INFO  grpc.GrpcConfigKeys (ConfUtils.java:logGet(44)) - raft.grpc.admin.port = 0 (custom)
2022-03-02 21:33:15,490 [Listener at 127.0.0.1/33667] INFO  grpc.GrpcConfigKeys (ConfUtils.java:logGet(44)) - raft.grpc.client.port = 0 (custom)
2022-03-02 21:33:15,490 [Listener at 127.0.0.1/33667] INFO  grpc.GrpcConfigKeys (ConfUtils.java:logGet(44)) - raft.grpc.server.port = 0 (default)
2022-03-02 21:33:15,490 [Listener at 127.0.0.1/33667] INFO  server.GrpcService (ConfUtils.java:logGet(44)) - raft.grpc.message.size.max = 32MB (=33554432) (custom)
2022-03-02 21:33:15,490 [Listener at 127.0.0.1/33667] INFO  server.RaftServerConfigKeys (ConfUtils.java:logGet(44)) - raft.server.log.appender.buffer.byte-limit = 33554432 (custom)
2022-03-02 21:33:15,490 [Listener at 127.0.0.1/33667] INFO  server.GrpcService (ConfUtils.java:logGet(44)) - raft.grpc.flow.control.window = 5MB (=5242880) (custom)
2022-03-02 21:33:15,490 [Listener at 127.0.0.1/33667] INFO  server.RaftServerConfigKeys (ConfUtils.java:logGet(44)) - raft.server.rpc.request.timeout = 3000ms (default)
2022-03-02 21:33:15,495 [Listener at 127.0.0.1/33667] INFO  impl.DataStreamServerImpl (ConfUtils.java:logGet(44)) - raft.datastream.type = DISABLED (default)
2022-03-02 21:33:15,495 [Listener at 127.0.0.1/33667] INFO  server.RaftServerConfigKeys (ConfUtils.java:logGet(44)) - raft.server.rpc.slowness.timeout = 300000ms (custom)
2022-03-02 21:33:15,495 [Listener at 127.0.0.1/33667] INFO  server.RaftServerConfigKeys (ConfUtils.java:logGet(44)) - raft.server.leaderelection.leader.step-down.wait-time = 10s (default)
2022-03-02 21:33:15,495 [Listener at 127.0.0.1/33667] INFO  server.RaftServerConfigKeys (ConfUtils.java:logGet(44)) - raft.server.storage.dir = [/home/runner/work/ozone/ozone/hadoop-ozone/integration-test/target/test-dir/MiniOzoneClusterImpl-f745d883-409d-4598-9a00-e779d9019c18/datanode-5/data/ratis] (custom)
2022-03-02 21:33:15,496 [Listener at 127.0.0.1/33667] INFO  server.XceiverServerGrpc (XceiverServerGrpc.java:<init>(132)) - GrpcServer channel type EpollServerSocketChannel
2022-03-02 21:33:15,527 [EndpointStateMachine task thread for /0.0.0.0:34591 - 0 ] INFO  server.RaftServer (RaftServerProxy.java:lambda$start$5(374)) - ca012516-14dd-42cd-8742-1c9d04d43fd5: start RPC server
2022-03-02 21:33:15,527 [EndpointStateMachine task thread for /0.0.0.0:34591 - 0 ] INFO  server.GrpcService (GrpcService.java:startImpl(253)) - ca012516-14dd-42cd-8742-1c9d04d43fd5: GrpcService started, listening on 34561
2022-03-02 21:33:15,528 [EndpointStateMachine task thread for /0.0.0.0:34591 - 0 ] INFO  ratis.XceiverServerRatis (XceiverServerRatis.java:getRealPort(506)) - XceiverServerRatis ca012516-14dd-42cd-8742-1c9d04d43fd5 is started using port 34561 for RATIS
2022-03-02 21:33:15,529 [EndpointStateMachine task thread for /0.0.0.0:34591 - 0 ] INFO  ratis.XceiverServerRatis (XceiverServerRatis.java:getRealPort(506)) - XceiverServerRatis ca012516-14dd-42cd-8742-1c9d04d43fd5 is started using port 34561 for RATIS_ADMIN
2022-03-02 21:33:15,529 [EndpointStateMachine task thread for /0.0.0.0:34591 - 0 ] INFO  ratis.XceiverServerRatis (XceiverServerRatis.java:getRealPort(506)) - XceiverServerRatis ca012516-14dd-42cd-8742-1c9d04d43fd5 is started using port 34561 for RATIS_SERVER
2022-03-02 21:33:15,529 [org.apache.ratis.util.JvmPauseMonitor$$Lambda$431/1455743440@54254c01] INFO  util.JvmPauseMonitor (JvmPauseMonitor.java:run(103)) - JvmPauseMonitor-ca012516-14dd-42cd-8742-1c9d04d43fd5: Started
2022-03-02 21:33:15,564 [EndpointStateMachine task thread for /0.0.0.0:34591 - 0 ] INFO  server.XceiverServerGrpc (XceiverServerGrpc.java:start(180)) - XceiverServerGrpc ca012516-14dd-42cd-8742-1c9d04d43fd5 is started using port 41381
2022-03-02 21:33:15,567 [Listener at 127.0.0.1/33667] INFO  http.BaseHttpServer (BaseHttpServer.java:newHttpServer2BuilderForOzone(209)) - Starting Web-server for hddsDatanode at: http://0.0.0.0:0
2022-03-02 21:33:15,567 [Listener at 127.0.0.1/33667] INFO  http.BaseHttpServer (BaseHttpServer.java:<init>(107)) - Hadoop Security Enabled: false Ozone Security Enabled: false Ozone HTTP Security Enabled: false 
2022-03-02 21:33:15,568 [Listener at 127.0.0.1/33667] INFO  server.AuthenticationFilter (AuthenticationFilter.java:constructSecretProvider(240)) - Unable to initialize FileSignerSecretProvider, falling back to use random secrets.
2022-03-02 21:33:15,587 [Listener at 127.0.0.1/33667] WARN  http.HttpRequestLog (HttpRequestLog.java:getRequestLog(103)) - Jetty request log can only be enabled using Log4j
2022-03-02 21:33:15,587 [Listener at 127.0.0.1/33667] INFO  http.HttpServer2 (HttpServer2.java:addGlobalFilter(1030)) - Added global filter 'safety' (class=org.apache.hadoop.hdds.server.http.HttpServer2$QuotingInputFilter)
2022-03-02 21:33:15,588 [Listener at 127.0.0.1/33667] INFO  http.HttpServer2 (HttpServer2.java:addFilter(1006)) - Added filter static_user_filter (class=org.apache.hadoop.http.lib.StaticUserWebFilter$StaticUserFilter) to context hddsDatanode
2022-03-02 21:33:15,588 [Listener at 127.0.0.1/33667] INFO  http.HttpServer2 (HttpServer2.java:addFilter(1014)) - Added filter static_user_filter (class=org.apache.hadoop.http.lib.StaticUserWebFilter$StaticUserFilter) to context static
2022-03-02 21:33:15,588 [Listener at 127.0.0.1/33667] INFO  http.HttpServer2 (HttpServer2.java:addFilter(1014)) - Added filter static_user_filter (class=org.apache.hadoop.http.lib.StaticUserWebFilter$StaticUserFilter) to context logs
2022-03-02 21:33:15,588 [Listener at 127.0.0.1/33667] INFO  http.HttpServer2 (HttpServer2.java:bindListener(1249)) - Jetty bound to port 45049
2022-03-02 21:33:15,588 [Listener at 127.0.0.1/33667] INFO  server.Server (Server.java:doStart(375)) - jetty-9.4.43.v20210629; built: 2021-06-30T11:07:22.254Z; git: 526006ecfa3af7f1a27ef3a288e2bef7ea9dd7e8; jvm 1.8.0_322-b06
2022-03-02 21:33:15,602 [Listener at 127.0.0.1/33667] INFO  server.session (DefaultSessionIdManager.java:doStart(334)) - DefaultSessionIdManager workerName=node0
2022-03-02 21:33:15,602 [Listener at 127.0.0.1/33667] INFO  server.session (DefaultSessionIdManager.java:doStart(339)) - No SessionScavenger set, using defaults
2022-03-02 21:33:15,602 [Listener at 127.0.0.1/33667] INFO  server.session (HouseKeeper.java:startScavenging(132)) - node0 Scavenging every 660000ms
2022-03-02 21:33:15,602 [Listener at 127.0.0.1/33667] INFO  handler.ContextHandler (ContextHandler.java:doStart(915)) - Started o.e.j.s.ServletContextHandler@4464b7a3{logs,/logs,file:///home/runner/work/ozone/ozone/hadoop-ozone/integration-test/target/log,AVAILABLE}
2022-03-02 21:33:15,603 [Listener at 127.0.0.1/33667] INFO  handler.ContextHandler (ContextHandler.java:doStart(915)) - Started o.e.j.s.ServletContextHandler@534da52e{static,/static,jar:file:/home/runner/.m2/repository/org/apache/ozone/hdds-container-service/1.3.0-SNAPSHOT/hdds-container-service-1.3.0-SNAPSHOT.jar!/webapps/static,AVAILABLE}
2022-03-02 21:33:15,747 [Listener at 127.0.0.1/33667] INFO  handler.ContextHandler (ContextHandler.java:doStart(915)) - Started o.e.j.w.WebAppContext@68b8d89d{hddsDatanode,/,file:///tmp/jetty-0_0_0_0-45049-hdds-container-service-1_3_0-SNAPSHOT_jar-_-any-7324772957465315689/webapp/,AVAILABLE}{jar:file:/home/runner/.m2/repository/org/apache/ozone/hdds-container-service/1.3.0-SNAPSHOT/hdds-container-service-1.3.0-SNAPSHOT.jar!/webapps/hddsDatanode}
2022-03-02 21:33:15,759 [Listener at 127.0.0.1/33667] INFO  server.AbstractConnector (AbstractConnector.java:doStart(331)) - Started ServerConnector@190a334a{HTTP/1.1, (http/1.1)}{0.0.0.0:45049}
2022-03-02 21:33:15,759 [Listener at 127.0.0.1/33667] INFO  server.Server (Server.java:doStart(415)) - Started @237111ms
2022-03-02 21:33:15,759 [Listener at 127.0.0.1/33667] WARN  impl.MetricsSystemImpl (MetricsSystemImpl.java:register(279)) - Sink prometheus already exists!
2022-03-02 21:33:15,760 [Listener at 127.0.0.1/33667] INFO  http.BaseHttpServer (BaseHttpServer.java:updateConnectorAddress(329)) - HTTP server of hddsDatanode listening at http://0.0.0.0:45049
2022-03-02 21:33:15,760 [Listener at 127.0.0.1/33667] WARN  impl.MetricRegistriesImpl (MetricRegistriesImpl.java:addReporterRegistration(111)) - New reporters are added after registries were created. Some metrics will be missing from the reporter. Please add reporter before adding any new registry.
2022-03-02 21:33:15,760 [Listener at 127.0.0.1/33667] WARN  impl.MetricRegistriesImpl (MetricRegistriesImpl.java:addReporterRegistration(111)) - New reporters are added after registries were created. Some metrics will be missing from the reporter. Please add reporter before adding any new registry.
2022-03-02 21:33:15,760 [Listener at 127.0.0.1/33667] INFO  impl.MetricsSystemImpl (MetricsSystemImpl.java:init(158)) - HddsDatanode metrics system started (again)
2022-03-02 21:33:15,767 [Datanode State Machine Daemon Thread] INFO  statemachine.DatanodeStateMachine (DatanodeStateMachine.java:lambda$startDaemon$0(470)) - Ozone container server started.
2022-03-02 21:33:15,789 [IPC Server handler 10 on default port 34591] INFO  net.NetworkTopologyImpl (NetworkTopologyImpl.java:add(112)) - Added a new node: /default-rack/06306a50-9ba9-4128-94e0-55d591e142a1
2022-03-02 21:33:15,789 [IPC Server handler 10 on default port 34591] INFO  node.SCMNodeManager (SCMNodeManager.java:register(389)) - Registered Data node : 06306a50-9ba9-4128-94e0-55d591e142a1{ip: 10.1.0.35, host: fv-az294-754.eaanfquahm5ulb5tj050gcxych.jx.internal.cloudapp.net, ports: [REPLICATION=33477, RATIS=42445, RATIS_ADMIN=42445, RATIS_SERVER=42445, STANDALONE=33549], networkLocation: /default-rack, certSerialId: null, persistedOpState: null, persistedOpStateExpiryEpochSec: 0}
2022-03-02 21:33:15,808 [Listener at 127.0.0.1/33667] INFO  ozone.HddsDatanodeService (HddsDatanodeService.java:start(233)) - HddsDatanodeService host:fv-az294-754.eaanfquahm5ulb5tj050gcxych.jx.internal.cloudapp.net ip:10.1.0.35
2022-03-02 21:33:15,851 [EventQueue-NewNodeForNewNodeHandler] INFO  pipeline.BackgroundPipelineCreator (BackgroundPipelineCreator.java:notifyEventTriggered(285)) - trigger a one-shot run on RatisPipelineUtilsThread.
2022-03-02 21:33:15,852 [RatisPipelineUtilsThread - 0] INFO  pipeline.RatisPipelineProvider (RatisPipelineProvider.java:lambda$create$0(183)) - Sending CreatePipelineCommand for pipeline:PipelineID=99e1fc71-5afa-498a-8239-04666edb34b4 to datanode:06306a50-9ba9-4128-94e0-55d591e142a1
2022-03-02 21:33:15,852 [EventQueue-NodeRegistrationContainerReportForDataNodeSafeModeRule] INFO  safemode.SCMSafeModeManager (DataNodeSafeModeRule.java:process(71)) - SCM in safe mode. 1 DataNodes registered, 3 required.
2022-03-02 21:33:15,875 [org.apache.hadoop.util.JvmPauseMonitor$Monitor@731b42f4] INFO  util.JvmPauseMonitor (JvmPauseMonitor.java:run(188)) - Starting JVM pause monitor
2022-03-02 21:33:15,880 [EventQueue-NodeRegistrationContainerReportForContainerSafeModeRule] INFO  safemode.SCMSafeModeManager (SCMSafeModeManager.java:validateSafeModeExitRules(204)) - ContainerSafeModeRule rule is successfully validated
2022-03-02 21:33:15,969 [EventQueue-PipelineReportForOneReplicaPipelineSafeModeRule] INFO  safemode.SCMSafeModeManager (SCMSafeModeManager.java:validateSafeModeExitRules(204)) - AtleastOneDatanodeReportedRule rule is successfully validated
2022-03-02 21:33:15,968 [Datanode State Machine Task Thread - 0] INFO  datanode.InitDatanodeState (InitDatanodeState.java:persistContainerDatanodeDetails(138)) - DatanodeDetails is persisted to /home/runner/work/ozone/ozone/hadoop-ozone/integration-test/target/test-dir/MiniOzoneClusterImpl-f745d883-409d-4598-9a00-e779d9019c18/datanode-5/meta/datanode.id
2022-03-02 21:33:15,919 [Listener at 127.0.0.1/33667] INFO  upgrade.AbstractLayoutVersionManager (AbstractLayoutVersionManager.java:init(79)) - Initializing Layout version manager with metadata layout = SCM_HA (version = 2), software layout = SCM_HA (version = 2)
2022-03-02 21:33:15,970 [d7f371f7-0d79-4eb0-9764-2158321d28de@group-E779D9019C18-StateMachineUpdater] INFO  pipeline.PipelineStateManagerImpl (PipelineStateManagerImpl.java:addPipeline(101)) - Created pipeline Pipeline[ Id: 99e1fc71-5afa-498a-8239-04666edb34b4, Nodes: 06306a50-9ba9-4128-94e0-55d591e142a1{ip: 10.1.0.35, host: fv-az294-754.eaanfquahm5ulb5tj050gcxych.jx.internal.cloudapp.net, ports: [REPLICATION=33477, RATIS=42445, RATIS_ADMIN=42445, RATIS_SERVER=42445, STANDALONE=33549], networkLocation: /default-rack, certSerialId: null, persistedOpState: IN_SERVICE, persistedOpStateExpiryEpochSec: 0}, ReplicationConfig: RATIS/ONE, State:ALLOCATED, leaderId:, CreationTimestamp2022-03-02T21:33:15.852Z[Etc/UTC]].
2022-03-02 21:33:15,970 [d7f371f7-0d79-4eb0-9764-2158321d28de@group-E779D9019C18-StateMachineUpdater] INFO  safemode.HealthyPipelineSafeModeRule (HealthyPipelineSafeModeRule.java:initializeRule(152)) - Refreshed total pipeline count is 0, healthy pipeline threshold count is 1
2022-03-02 21:33:16,076 [Listener at 127.0.0.1/33667] INFO  reflections.Reflections (Reflections.java:scan(232)) - Reflections took 105 ms to scan 7 urls, producing 122 keys and 286 values 
2022-03-02 21:33:16,077 [Listener at 127.0.0.1/33667] INFO  statemachine.DatanodeStateMachine (DatanodeStateMachine.java:getEndPointTaskThreadPoolSize(222)) - Datanode State Machine Task Thread Pool size 2
2022-03-02 21:33:16,078 [Listener at 127.0.0.1/33667] INFO  volume.HddsVolume (HddsVolume.java:<init>(120)) - Creating HddsVolume: /home/runner/work/ozone/ozone/hadoop-ozone/integration-test/target/test-dir/MiniOzoneClusterImpl-f745d883-409d-4598-9a00-e779d9019c18/datanode-6/data-0/containers/hdds of storage type : DISK capacity : 9223372036854775807
2022-03-02 21:33:16,078 [Listener at 127.0.0.1/33667] INFO  volume.MutableVolumeSet (MutableVolumeSet.java:initializeVolumeSet(168)) - Added Volume : /home/runner/work/ozone/ozone/hadoop-ozone/integration-test/target/test-dir/MiniOzoneClusterImpl-f745d883-409d-4598-9a00-e779d9019c18/datanode-6/data-0/containers/hdds to VolumeSet
2022-03-02 21:33:16,078 [Listener at 127.0.0.1/33667] INFO  volume.ThrottledAsyncChecker (ThrottledAsyncChecker.java:schedule(141)) - Scheduling a check for /home/runner/work/ozone/ozone/hadoop-ozone/integration-test/target/test-dir/MiniOzoneClusterImpl-f745d883-409d-4598-9a00-e779d9019c18/datanode-6/data-0/containers/hdds
2022-03-02 21:33:16,079 [Listener at 127.0.0.1/33667] INFO  volume.StorageVolumeChecker (StorageVolumeChecker.java:checkAllVolumes(202)) - Scheduled health check for volume /home/runner/work/ozone/ozone/hadoop-ozone/integration-test/target/test-dir/MiniOzoneClusterImpl-f745d883-409d-4598-9a00-e779d9019c18/datanode-6/data-0/containers/hdds
2022-03-02 21:33:16,095 [Listener at 127.0.0.1/33667] INFO  volume.MutableVolumeSet (MutableVolumeSet.java:initializeVolumeSet(168)) - Added Volume : /home/runner/work/ozone/ozone/hadoop-ozone/integration-test/target/test-dir/MiniOzoneClusterImpl-f745d883-409d-4598-9a00-e779d9019c18/datanode-6/data/ratis to VolumeSet
2022-03-02 21:33:16,095 [Listener at 127.0.0.1/33667] INFO  volume.ThrottledAsyncChecker (ThrottledAsyncChecker.java:schedule(141)) - Scheduling a check for /home/runner/work/ozone/ozone/hadoop-ozone/integration-test/target/test-dir/MiniOzoneClusterImpl-f745d883-409d-4598-9a00-e779d9019c18/datanode-6/data/ratis
2022-03-02 21:33:16,095 [Listener at 127.0.0.1/33667] INFO  volume.StorageVolumeChecker (StorageVolumeChecker.java:checkAllVolumes(202)) - Scheduled health check for volume /home/runner/work/ozone/ozone/hadoop-ozone/integration-test/target/test-dir/MiniOzoneClusterImpl-f745d883-409d-4598-9a00-e779d9019c18/datanode-6/data/ratis
2022-03-02 21:33:16,136 [Thread-1739] INFO  ozoneimpl.ContainerReader (ContainerReader.java:readVolume(172)) - Finish verifying containers on volume /home/runner/work/ozone/ozone/hadoop-ozone/integration-test/target/test-dir/MiniOzoneClusterImpl-f745d883-409d-4598-9a00-e779d9019c18/datanode-6/data-0/containers/hdds
2022-03-02 21:33:16,136 [Listener at 127.0.0.1/33667] INFO  ozoneimpl.OzoneContainer (OzoneContainer.java:buildContainerSet(257)) - Build ContainerSet costs 0s
2022-03-02 21:33:16,137 [Listener at 127.0.0.1/33667] INFO  server.RaftServer (ConfUtils.java:logGet(44)) - raft.rpc.type = GRPC (default)
2022-03-02 21:33:16,138 [Listener at 127.0.0.1/33667] INFO  grpc.GrpcFactory (GrpcFactory.java:checkPooledByteBufAllocatorUseCacheForAllThreads(48)) - PERFORMANCE WARNING: useCacheForAllThreads is true that may cause Netty to create a lot garbage objects and, as a result, trigger GC.
	It is recommended to disable useCacheForAllThreads by setting -Dorg.apache.ratis.thirdparty.io.netty.allocator.useCacheForAllThreads=false in command line.
2022-03-02 21:33:16,138 [Listener at 127.0.0.1/33667] INFO  grpc.GrpcConfigKeys (ConfUtils.java:logGet(44)) - raft.grpc.admin.port = 0 (custom)
2022-03-02 21:33:16,138 [Listener at 127.0.0.1/33667] INFO  grpc.GrpcConfigKeys (ConfUtils.java:logGet(44)) - raft.grpc.client.port = 0 (custom)
2022-03-02 21:33:16,138 [Listener at 127.0.0.1/33667] INFO  grpc.GrpcConfigKeys (ConfUtils.java:logGet(44)) - raft.grpc.server.port = 0 (default)
2022-03-02 21:33:16,138 [Listener at 127.0.0.1/33667] INFO  server.GrpcService (ConfUtils.java:logGet(44)) - raft.grpc.message.size.max = 32MB (=33554432) (custom)
2022-03-02 21:33:16,138 [Listener at 127.0.0.1/33667] INFO  server.RaftServerConfigKeys (ConfUtils.java:logGet(44)) - raft.server.log.appender.buffer.byte-limit = 33554432 (custom)
2022-03-02 21:33:16,138 [Listener at 127.0.0.1/33667] INFO  server.GrpcService (ConfUtils.java:logGet(44)) - raft.grpc.flow.control.window = 5MB (=5242880) (custom)
2022-03-02 21:33:16,138 [Listener at 127.0.0.1/33667] INFO  server.RaftServerConfigKeys (ConfUtils.java:logGet(44)) - raft.server.rpc.request.timeout = 3000ms (default)
2022-03-02 21:33:16,139 [Listener at 127.0.0.1/33667] INFO  impl.DataStreamServerImpl (ConfUtils.java:logGet(44)) - raft.datastream.type = DISABLED (default)
2022-03-02 21:33:16,139 [Listener at 127.0.0.1/33667] INFO  server.RaftServerConfigKeys (ConfUtils.java:logGet(44)) - raft.server.rpc.slowness.timeout = 300000ms (custom)
2022-03-02 21:33:16,139 [Listener at 127.0.0.1/33667] INFO  server.RaftServerConfigKeys (ConfUtils.java:logGet(44)) - raft.server.leaderelection.leader.step-down.wait-time = 10s (default)
2022-03-02 21:33:16,139 [Listener at 127.0.0.1/33667] INFO  server.RaftServerConfigKeys (ConfUtils.java:logGet(44)) - raft.server.storage.dir = [/home/runner/work/ozone/ozone/hadoop-ozone/integration-test/target/test-dir/MiniOzoneClusterImpl-f745d883-409d-4598-9a00-e779d9019c18/datanode-6/data/ratis] (custom)
2022-03-02 21:33:16,140 [Listener at 127.0.0.1/33667] INFO  server.XceiverServerGrpc (XceiverServerGrpc.java:<init>(132)) - GrpcServer channel type EpollServerSocketChannel
2022-03-02 21:33:16,180 [Listener at 127.0.0.1/33667] INFO  http.BaseHttpServer (BaseHttpServer.java:newHttpServer2BuilderForOzone(209)) - Starting Web-server for hddsDatanode at: http://0.0.0.0:0
2022-03-02 21:33:16,180 [Listener at 127.0.0.1/33667] INFO  http.BaseHttpServer (BaseHttpServer.java:<init>(107)) - Hadoop Security Enabled: false Ozone Security Enabled: false Ozone HTTP Security Enabled: false 
2022-03-02 21:33:16,181 [Listener at 127.0.0.1/33667] INFO  server.AuthenticationFilter (AuthenticationFilter.java:constructSecretProvider(240)) - Unable to initialize FileSignerSecretProvider, falling back to use random secrets.
2022-03-02 21:33:16,181 [Listener at 127.0.0.1/33667] WARN  http.HttpRequestLog (HttpRequestLog.java:getRequestLog(103)) - Jetty request log can only be enabled using Log4j
2022-03-02 21:33:16,182 [Listener at 127.0.0.1/33667] INFO  http.HttpServer2 (HttpServer2.java:addGlobalFilter(1030)) - Added global filter 'safety' (class=org.apache.hadoop.hdds.server.http.HttpServer2$QuotingInputFilter)
2022-03-02 21:33:16,182 [Listener at 127.0.0.1/33667] INFO  http.HttpServer2 (HttpServer2.java:addFilter(1006)) - Added filter static_user_filter (class=org.apache.hadoop.http.lib.StaticUserWebFilter$StaticUserFilter) to context hddsDatanode
2022-03-02 21:33:16,182 [Listener at 127.0.0.1/33667] INFO  http.HttpServer2 (HttpServer2.java:addFilter(1014)) - Added filter static_user_filter (class=org.apache.hadoop.http.lib.StaticUserWebFilter$StaticUserFilter) to context logs
2022-03-02 21:33:16,182 [Listener at 127.0.0.1/33667] INFO  http.HttpServer2 (HttpServer2.java:addFilter(1014)) - Added filter static_user_filter (class=org.apache.hadoop.http.lib.StaticUserWebFilter$StaticUserFilter) to context static
2022-03-02 21:33:16,183 [Listener at 127.0.0.1/33667] INFO  http.HttpServer2 (HttpServer2.java:bindListener(1249)) - Jetty bound to port 33997
2022-03-02 21:33:16,183 [Listener at 127.0.0.1/33667] INFO  server.Server (Server.java:doStart(375)) - jetty-9.4.43.v20210629; built: 2021-06-30T11:07:22.254Z; git: 526006ecfa3af7f1a27ef3a288e2bef7ea9dd7e8; jvm 1.8.0_322-b06
2022-03-02 21:33:16,227 [Listener at 127.0.0.1/33667] INFO  server.session (DefaultSessionIdManager.java:doStart(334)) - DefaultSessionIdManager workerName=node0
2022-03-02 21:33:16,227 [Listener at 127.0.0.1/33667] INFO  server.session (DefaultSessionIdManager.java:doStart(339)) - No SessionScavenger set, using defaults
2022-03-02 21:33:16,228 [Listener at 127.0.0.1/33667] INFO  server.session (HouseKeeper.java:startScavenging(132)) - node0 Scavenging every 600000ms
2022-03-02 21:33:16,255 [Listener at 127.0.0.1/33667] INFO  handler.ContextHandler (ContextHandler.java:doStart(915)) - Started o.e.j.s.ServletContextHandler@67edb40d{logs,/logs,file:///home/runner/work/ozone/ozone/hadoop-ozone/integration-test/target/log,AVAILABLE}
2022-03-02 21:33:16,255 [Listener at 127.0.0.1/33667] INFO  handler.ContextHandler (ContextHandler.java:doStart(915)) - Started o.e.j.s.ServletContextHandler@43bbd390{static,/static,jar:file:/home/runner/.m2/repository/org/apache/ozone/hdds-container-service/1.3.0-SNAPSHOT/hdds-container-service-1.3.0-SNAPSHOT.jar!/webapps/static,AVAILABLE}
2022-03-02 21:33:16,310 [Listener at 127.0.0.1/33667] INFO  handler.ContextHandler (ContextHandler.java:doStart(915)) - Started o.e.j.w.WebAppContext@73b6b57a{hddsDatanode,/,file:///tmp/jetty-0_0_0_0-33997-hdds-container-service-1_3_0-SNAPSHOT_jar-_-any-3998038847795054434/webapp/,AVAILABLE}{jar:file:/home/runner/.m2/repository/org/apache/ozone/hdds-container-service/1.3.0-SNAPSHOT/hdds-container-service-1.3.0-SNAPSHOT.jar!/webapps/hddsDatanode}
2022-03-02 21:33:16,339 [Listener at 127.0.0.1/33667] INFO  server.AbstractConnector (AbstractConnector.java:doStart(331)) - Started ServerConnector@fe469fe{HTTP/1.1, (http/1.1)}{0.0.0.0:33997}
2022-03-02 21:33:16,339 [Listener at 127.0.0.1/33667] INFO  server.Server (Server.java:doStart(415)) - Started @237691ms
2022-03-02 21:33:16,339 [Listener at 127.0.0.1/33667] WARN  impl.MetricsSystemImpl (MetricsSystemImpl.java:register(279)) - Sink prometheus already exists!
2022-03-02 21:33:16,340 [Listener at 127.0.0.1/33667] INFO  http.BaseHttpServer (BaseHttpServer.java:updateConnectorAddress(329)) - HTTP server of hddsDatanode listening at http://0.0.0.0:33997
2022-03-02 21:33:16,340 [Listener at 127.0.0.1/33667] INFO  ozone.MiniOzoneClusterImpl (MiniOzoneClusterImpl.java:lambda$waitForClusterToBeReady$0(219)) - Waiting for nodes to be ready. Got 1 of 7 DN Heartbeats.
2022-03-02 21:33:16,340 [Listener at 127.0.0.1/33667] INFO  ozone.MiniOzoneClusterImpl (MiniOzoneClusterImpl.java:lambda$waitForClusterToBeReady$0(222)) - Waiting for cluster to exit safe mode
2022-03-02 21:33:16,340 [Listener at 127.0.0.1/33667] INFO  ozone.MiniOzoneClusterImpl (MiniOzoneClusterImpl.java:lambda$waitForClusterToBeReady$0(224)) - SCM became leader
2022-03-02 21:33:16,340 [Datanode State Machine Daemon Thread] INFO  statemachine.DatanodeStateMachine (DatanodeStateMachine.java:lambda$startDaemon$0(470)) - Ozone container server started.
2022-03-02 21:33:16,415 [org.apache.hadoop.util.JvmPauseMonitor$Monitor@4050170a] INFO  util.JvmPauseMonitor (JvmPauseMonitor.java:run(188)) - Starting JVM pause monitor
2022-03-02 21:33:16,436 [Datanode State Machine Task Thread - 0] INFO  datanode.InitDatanodeState (InitDatanodeState.java:persistContainerDatanodeDetails(138)) - DatanodeDetails is persisted to /home/runner/work/ozone/ozone/hadoop-ozone/integration-test/target/test-dir/MiniOzoneClusterImpl-f745d883-409d-4598-9a00-e779d9019c18/datanode-6/meta/datanode.id
2022-03-02 21:33:16,468 [IPC Server handler 11 on default port 34591] INFO  net.NetworkTopologyImpl (NetworkTopologyImpl.java:add(112)) - Added a new node: /default-rack/cdd5360e-d849-4e2b-b62b-b70fbd73a7e1
2022-03-02 21:33:16,468 [IPC Server handler 11 on default port 34591] INFO  node.SCMNodeManager (SCMNodeManager.java:register(389)) - Registered Data node : cdd5360e-d849-4e2b-b62b-b70fbd73a7e1{ip: 10.1.0.35, host: fv-az294-754.eaanfquahm5ulb5tj050gcxych.jx.internal.cloudapp.net, ports: [REPLICATION=36763, RATIS=36141, RATIS_ADMIN=36141, RATIS_SERVER=36141, STANDALONE=41835], networkLocation: /default-rack, certSerialId: null, persistedOpState: null, persistedOpStateExpiryEpochSec: 0}
2022-03-02 21:33:16,468 [EventQueue-NewNodeForNewNodeHandler] INFO  pipeline.BackgroundPipelineCreator (BackgroundPipelineCreator.java:notifyEventTriggered(285)) - trigger a one-shot run on RatisPipelineUtilsThread.
2022-03-02 21:33:16,522 [EventQueue-NodeRegistrationContainerReportForDataNodeSafeModeRule] INFO  safemode.SCMSafeModeManager (DataNodeSafeModeRule.java:process(71)) - SCM in safe mode. 2 DataNodes registered, 3 required.
2022-03-02 21:33:16,529 [RatisPipelineUtilsThread - 0] INFO  pipeline.RatisPipelineProvider (RatisPipelineProvider.java:lambda$create$0(183)) - Sending CreatePipelineCommand for pipeline:PipelineID=a5e47bad-4557-4566-987a-33718a808786 to datanode:cdd5360e-d849-4e2b-b62b-b70fbd73a7e1
2022-03-02 21:33:16,535 [d7f371f7-0d79-4eb0-9764-2158321d28de@group-E779D9019C18-StateMachineUpdater] INFO  pipeline.PipelineStateManagerImpl (PipelineStateManagerImpl.java:addPipeline(101)) - Created pipeline Pipeline[ Id: a5e47bad-4557-4566-987a-33718a808786, Nodes: cdd5360e-d849-4e2b-b62b-b70fbd73a7e1{ip: 10.1.0.35, host: fv-az294-754.eaanfquahm5ulb5tj050gcxych.jx.internal.cloudapp.net, ports: [REPLICATION=36763, RATIS=36141, RATIS_ADMIN=36141, RATIS_SERVER=36141, STANDALONE=41835], networkLocation: /default-rack, certSerialId: null, persistedOpState: IN_SERVICE, persistedOpStateExpiryEpochSec: 0}, ReplicationConfig: RATIS/ONE, State:ALLOCATED, leaderId:, CreationTimestamp2022-03-02T21:33:16.529Z[Etc/UTC]].
2022-03-02 21:33:16,535 [d7f371f7-0d79-4eb0-9764-2158321d28de@group-E779D9019C18-StateMachineUpdater] INFO  safemode.HealthyPipelineSafeModeRule (HealthyPipelineSafeModeRule.java:initializeRule(152)) - Refreshed total pipeline count is 0, healthy pipeline threshold count is 1
2022-03-02 21:33:16,550 [EndpointStateMachine task thread for /0.0.0.0:34591 - 0 ] INFO  ozoneimpl.OzoneContainer (OzoneContainer.java:start(335)) - Attempting to start container services.
2022-03-02 21:33:16,551 [EndpointStateMachine task thread for /0.0.0.0:34591 - 0 ] INFO  ozoneimpl.OzoneContainer (OzoneContainer.java:startContainerScrub(270)) - Background container scanner has been disabled.
2022-03-02 21:33:16,551 [EndpointStateMachine task thread for /0.0.0.0:34591 - 0 ] INFO  replication.ReplicationServer (ReplicationServer.java:start(111)) - ReplicationServer is started using port 40569
2022-03-02 21:33:16,579 [EndpointStateMachine task thread for /0.0.0.0:34591 - 0 ] INFO  ratis.XceiverServerRatis (XceiverServerRatis.java:start(485)) - Starting XceiverServerRatis 269e0ee6-c833-446d-a842-94c77dd867fd
2022-03-02 21:33:16,599 [EndpointStateMachine task thread for /0.0.0.0:34591 - 0 ] INFO  server.RaftServer (RaftServerProxy.java:lambda$start$5(374)) - 269e0ee6-c833-446d-a842-94c77dd867fd: start RPC server
2022-03-02 21:33:16,599 [EndpointStateMachine task thread for /0.0.0.0:34591 - 0 ] INFO  server.GrpcService (GrpcService.java:startImpl(253)) - 269e0ee6-c833-446d-a842-94c77dd867fd: GrpcService started, listening on 35541
2022-03-02 21:33:16,600 [EndpointStateMachine task thread for /0.0.0.0:34591 - 0 ] INFO  ratis.XceiverServerRatis (XceiverServerRatis.java:getRealPort(506)) - XceiverServerRatis 269e0ee6-c833-446d-a842-94c77dd867fd is started using port 35541 for RATIS
2022-03-02 21:33:16,600 [EndpointStateMachine task thread for /0.0.0.0:34591 - 0 ] INFO  ratis.XceiverServerRatis (XceiverServerRatis.java:getRealPort(506)) - XceiverServerRatis 269e0ee6-c833-446d-a842-94c77dd867fd is started using port 35541 for RATIS_ADMIN
2022-03-02 21:33:16,600 [EndpointStateMachine task thread for /0.0.0.0:34591 - 0 ] INFO  ratis.XceiverServerRatis (XceiverServerRatis.java:getRealPort(506)) - XceiverServerRatis 269e0ee6-c833-446d-a842-94c77dd867fd is started using port 35541 for RATIS_SERVER
2022-03-02 21:33:16,601 [org.apache.ratis.util.JvmPauseMonitor$$Lambda$431/1455743440@309d114b] INFO  util.JvmPauseMonitor (JvmPauseMonitor.java:run(103)) - JvmPauseMonitor-269e0ee6-c833-446d-a842-94c77dd867fd: Started
2022-03-02 21:33:16,640 [EndpointStateMachine task thread for /0.0.0.0:34591 - 0 ] INFO  server.XceiverServerGrpc (XceiverServerGrpc.java:start(180)) - XceiverServerGrpc 269e0ee6-c833-446d-a842-94c77dd867fd is started using port 36115
2022-03-02 21:33:17,126 [EndpointStateMachine task thread for /0.0.0.0:34591 - 0 ] INFO  ozoneimpl.OzoneContainer (OzoneContainer.java:start(335)) - Attempting to start container services.
2022-03-02 21:33:17,126 [EndpointStateMachine task thread for /0.0.0.0:34591 - 0 ] INFO  ozoneimpl.OzoneContainer (OzoneContainer.java:startContainerScrub(270)) - Background container scanner has been disabled.
2022-03-02 21:33:17,126 [EndpointStateMachine task thread for /0.0.0.0:34591 - 0 ] INFO  replication.ReplicationServer (ReplicationServer.java:start(111)) - ReplicationServer is started using port 38181
2022-03-02 21:33:17,146 [EndpointStateMachine task thread for /0.0.0.0:34591 - 0 ] INFO  ratis.XceiverServerRatis (XceiverServerRatis.java:start(485)) - Starting XceiverServerRatis 39d9f1c0-7130-4277-8a35-add537f65258
2022-03-02 21:33:17,149 [EndpointStateMachine task thread for /0.0.0.0:34591 - 0 ] INFO  server.RaftServer (RaftServerProxy.java:lambda$start$5(374)) - 39d9f1c0-7130-4277-8a35-add537f65258: start RPC server
2022-03-02 21:33:17,149 [EndpointStateMachine task thread for /0.0.0.0:34591 - 0 ] INFO  server.GrpcService (GrpcService.java:startImpl(253)) - 39d9f1c0-7130-4277-8a35-add537f65258: GrpcService started, listening on 33025
2022-03-02 21:33:17,179 [EndpointStateMachine task thread for /0.0.0.0:34591 - 0 ] INFO  ratis.XceiverServerRatis (XceiverServerRatis.java:getRealPort(506)) - XceiverServerRatis 39d9f1c0-7130-4277-8a35-add537f65258 is started using port 33025 for RATIS
2022-03-02 21:33:17,179 [EndpointStateMachine task thread for /0.0.0.0:34591 - 0 ] INFO  ratis.XceiverServerRatis (XceiverServerRatis.java:getRealPort(506)) - XceiverServerRatis 39d9f1c0-7130-4277-8a35-add537f65258 is started using port 33025 for RATIS_ADMIN
2022-03-02 21:33:17,179 [EndpointStateMachine task thread for /0.0.0.0:34591 - 0 ] INFO  ratis.XceiverServerRatis (XceiverServerRatis.java:getRealPort(506)) - XceiverServerRatis 39d9f1c0-7130-4277-8a35-add537f65258 is started using port 33025 for RATIS_SERVER
2022-03-02 21:33:17,179 [org.apache.ratis.util.JvmPauseMonitor$$Lambda$431/1455743440@114bc117] INFO  util.JvmPauseMonitor (JvmPauseMonitor.java:run(103)) - JvmPauseMonitor-39d9f1c0-7130-4277-8a35-add537f65258: Started
2022-03-02 21:33:17,186 [EndpointStateMachine task thread for /0.0.0.0:34591 - 0 ] INFO  server.XceiverServerGrpc (XceiverServerGrpc.java:start(180)) - XceiverServerGrpc 39d9f1c0-7130-4277-8a35-add537f65258 is started using port 35701
2022-03-02 21:33:17,340 [Listener at 127.0.0.1/33667] INFO  ozone.MiniOzoneClusterImpl (MiniOzoneClusterImpl.java:lambda$waitForClusterToBeReady$0(219)) - Waiting for nodes to be ready. Got 2 of 7 DN Heartbeats.
2022-03-02 21:33:17,340 [Listener at 127.0.0.1/33667] INFO  ozone.MiniOzoneClusterImpl (MiniOzoneClusterImpl.java:lambda$waitForClusterToBeReady$0(222)) - Waiting for cluster to exit safe mode
2022-03-02 21:33:17,340 [Listener at 127.0.0.1/33667] INFO  ozone.MiniOzoneClusterImpl (MiniOzoneClusterImpl.java:lambda$waitForClusterToBeReady$0(224)) - SCM became leader
2022-03-02 21:33:17,395 [IPC Server handler 11 on default port 34591] INFO  net.NetworkTopologyImpl (NetworkTopologyImpl.java:add(112)) - Added a new node: /default-rack/ca012516-14dd-42cd-8742-1c9d04d43fd5
2022-03-02 21:33:17,395 [IPC Server handler 11 on default port 34591] INFO  node.SCMNodeManager (SCMNodeManager.java:register(389)) - Registered Data node : ca012516-14dd-42cd-8742-1c9d04d43fd5{ip: 10.1.0.35, host: fv-az294-754.eaanfquahm5ulb5tj050gcxych.jx.internal.cloudapp.net, ports: [REPLICATION=38123, RATIS=34561, RATIS_ADMIN=34561, RATIS_SERVER=34561, STANDALONE=41381], networkLocation: /default-rack, certSerialId: null, persistedOpState: null, persistedOpStateExpiryEpochSec: 0}
2022-03-02 21:33:17,395 [EventQueue-NewNodeForNewNodeHandler] INFO  pipeline.BackgroundPipelineCreator (BackgroundPipelineCreator.java:notifyEventTriggered(285)) - trigger a one-shot run on RatisPipelineUtilsThread.
2022-03-02 21:33:17,396 [RatisPipelineUtilsThread - 0] INFO  pipeline.RatisPipelineProvider (RatisPipelineProvider.java:lambda$create$0(183)) - Sending CreatePipelineCommand for pipeline:PipelineID=e5b5a910-8803-44fe-bcf9-bc16c3a2a057 to datanode:ca012516-14dd-42cd-8742-1c9d04d43fd5
2022-03-02 21:33:17,397 [d7f371f7-0d79-4eb0-9764-2158321d28de@group-E779D9019C18-StateMachineUpdater] INFO  pipeline.PipelineStateManagerImpl (PipelineStateManagerImpl.java:addPipeline(101)) - Created pipeline Pipeline[ Id: e5b5a910-8803-44fe-bcf9-bc16c3a2a057, Nodes: ca012516-14dd-42cd-8742-1c9d04d43fd5{ip: 10.1.0.35, host: fv-az294-754.eaanfquahm5ulb5tj050gcxych.jx.internal.cloudapp.net, ports: [REPLICATION=38123, RATIS=34561, RATIS_ADMIN=34561, RATIS_SERVER=34561, STANDALONE=41381], networkLocation: /default-rack, certSerialId: null, persistedOpState: IN_SERVICE, persistedOpStateExpiryEpochSec: 0}, ReplicationConfig: RATIS/ONE, State:ALLOCATED, leaderId:, CreationTimestamp2022-03-02T21:33:17.396Z[Etc/UTC]].
2022-03-02 21:33:17,397 [d7f371f7-0d79-4eb0-9764-2158321d28de@group-E779D9019C18-StateMachineUpdater] INFO  safemode.HealthyPipelineSafeModeRule (HealthyPipelineSafeModeRule.java:initializeRule(152)) - Refreshed total pipeline count is 0, healthy pipeline threshold count is 1
2022-03-02 21:33:17,415 [EventQueue-NodeRegistrationContainerReportForDataNodeSafeModeRule] INFO  safemode.SCMSafeModeManager (DataNodeSafeModeRule.java:process(71)) - SCM in safe mode. 3 DataNodes registered, 3 required.
2022-03-02 21:33:17,415 [EventQueue-NodeRegistrationContainerReportForDataNodeSafeModeRule] INFO  safemode.SCMSafeModeManager (SCMSafeModeManager.java:validateSafeModeExitRules(204)) - DataNodeSafeModeRule rule is successfully validated
2022-03-02 21:33:17,415 [EventQueue-NodeRegistrationContainerReportForDataNodeSafeModeRule] INFO  safemode.SCMSafeModeManager (SCMSafeModeManager.java:completePreCheck(233)) - All SCM safe mode pre check rules have passed
2022-03-02 21:33:17,415 [EventQueue-NodeRegistrationContainerReportForDataNodeSafeModeRule] WARN  events.EventQueue (EventQueue.java:fireEvent(194)) - No event handler registered for event TypedEvent{payloadType=SafeModeStatus, name='Safe mode status'}
2022-03-02 21:33:17,415 [EventQueue-NodeRegistrationContainerReportForDataNodeSafeModeRule] INFO  ha.SCMContext (SCMContext.java:updateSafeModeStatus(211)) - Update SafeModeStatus from SafeModeStatus{safeModeStatus=true, preCheckPassed=false} to SafeModeStatus{safeModeStatus=true, preCheckPassed=true}.
2022-03-02 21:33:17,415 [EventQueue-NodeRegistrationContainerReportForDataNodeSafeModeRule] INFO  pipeline.BackgroundPipelineCreator (BackgroundPipelineCreator.java:notifyEventTriggered(285)) - trigger a one-shot run on RatisPipelineUtilsThread.
2022-03-02 21:33:17,419 [RatisPipelineUtilsThread - 0] INFO  pipeline.RatisPipelineProvider (RatisPipelineProvider.java:lambda$create$0(183)) - Sending CreatePipelineCommand for pipeline:PipelineID=53b8311c-2a52-474f-af65-681cc91be6da to datanode:cdd5360e-d849-4e2b-b62b-b70fbd73a7e1
2022-03-02 21:33:17,419 [RatisPipelineUtilsThread - 0] INFO  pipeline.RatisPipelineProvider (RatisPipelineProvider.java:lambda$create$0(183)) - Sending CreatePipelineCommand for pipeline:PipelineID=53b8311c-2a52-474f-af65-681cc91be6da to datanode:06306a50-9ba9-4128-94e0-55d591e142a1
2022-03-02 21:33:17,419 [RatisPipelineUtilsThread - 0] INFO  pipeline.RatisPipelineProvider (RatisPipelineProvider.java:lambda$create$0(183)) - Sending CreatePipelineCommand for pipeline:PipelineID=53b8311c-2a52-474f-af65-681cc91be6da to datanode:ca012516-14dd-42cd-8742-1c9d04d43fd5
2022-03-02 21:33:17,421 [d7f371f7-0d79-4eb0-9764-2158321d28de@group-E779D9019C18-StateMachineUpdater] INFO  pipeline.PipelineStateManagerImpl (PipelineStateManagerImpl.java:addPipeline(101)) - Created pipeline Pipeline[ Id: 53b8311c-2a52-474f-af65-681cc91be6da, Nodes: cdd5360e-d849-4e2b-b62b-b70fbd73a7e1{ip: 10.1.0.35, host: fv-az294-754.eaanfquahm5ulb5tj050gcxych.jx.internal.cloudapp.net, ports: [REPLICATION=36763, RATIS=36141, RATIS_ADMIN=36141, RATIS_SERVER=36141, STANDALONE=41835], networkLocation: /default-rack, certSerialId: null, persistedOpState: IN_SERVICE, persistedOpStateExpiryEpochSec: 0}06306a50-9ba9-4128-94e0-55d591e142a1{ip: 10.1.0.35, host: fv-az294-754.eaanfquahm5ulb5tj050gcxych.jx.internal.cloudapp.net, ports: [REPLICATION=33477, RATIS=42445, RATIS_ADMIN=42445, RATIS_SERVER=42445, STANDALONE=33549], networkLocation: /default-rack, certSerialId: null, persistedOpState: IN_SERVICE, persistedOpStateExpiryEpochSec: 0}ca012516-14dd-42cd-8742-1c9d04d43fd5{ip: 10.1.0.35, host: fv-az294-754.eaanfquahm5ulb5tj050gcxych.jx.internal.cloudapp.net, ports: [REPLICATION=38123, RATIS=34561, RATIS_ADMIN=34561, RATIS_SERVER=34561, STANDALONE=41381], networkLocation: /default-rack, certSerialId: null, persistedOpState: IN_SERVICE, persistedOpStateExpiryEpochSec: 0}, ReplicationConfig: RATIS/THREE, State:ALLOCATED, leaderId:, CreationTimestamp2022-03-02T21:33:17.419Z[Etc/UTC]].
2022-03-02 21:33:17,421 [d7f371f7-0d79-4eb0-9764-2158321d28de@group-E779D9019C18-StateMachineUpdater] INFO  safemode.HealthyPipelineSafeModeRule (HealthyPipelineSafeModeRule.java:initializeRule(152)) - Refreshed total pipeline count is 0, healthy pipeline threshold count is 1
2022-03-02 21:33:17,423 [RatisPipelineUtilsThread - 0] INFO  pipeline.RatisPipelineProvider (RatisPipelineProvider.java:lambda$create$0(183)) - Sending CreatePipelineCommand for pipeline:PipelineID=8245a83f-df17-4492-b969-8ec42998b879 to datanode:06306a50-9ba9-4128-94e0-55d591e142a1
2022-03-02 21:33:17,423 [RatisPipelineUtilsThread - 0] INFO  pipeline.RatisPipelineProvider (RatisPipelineProvider.java:lambda$create$0(183)) - Sending CreatePipelineCommand for pipeline:PipelineID=8245a83f-df17-4492-b969-8ec42998b879 to datanode:ca012516-14dd-42cd-8742-1c9d04d43fd5
2022-03-02 21:33:17,423 [RatisPipelineUtilsThread - 0] INFO  pipeline.RatisPipelineProvider (RatisPipelineProvider.java:lambda$create$0(183)) - Sending CreatePipelineCommand for pipeline:PipelineID=8245a83f-df17-4492-b969-8ec42998b879 to datanode:cdd5360e-d849-4e2b-b62b-b70fbd73a7e1
2022-03-02 21:33:17,432 [d7f371f7-0d79-4eb0-9764-2158321d28de@group-E779D9019C18-StateMachineUpdater] INFO  pipeline.PipelineStateManagerImpl (PipelineStateManagerImpl.java:addPipeline(101)) - Created pipeline Pipeline[ Id: 8245a83f-df17-4492-b969-8ec42998b879, Nodes: 06306a50-9ba9-4128-94e0-55d591e142a1{ip: 10.1.0.35, host: fv-az294-754.eaanfquahm5ulb5tj050gcxych.jx.internal.cloudapp.net, ports: [REPLICATION=33477, RATIS=42445, RATIS_ADMIN=42445, RATIS_SERVER=42445, STANDALONE=33549], networkLocation: /default-rack, certSerialId: null, persistedOpState: IN_SERVICE, persistedOpStateExpiryEpochSec: 0}ca012516-14dd-42cd-8742-1c9d04d43fd5{ip: 10.1.0.35, host: fv-az294-754.eaanfquahm5ulb5tj050gcxych.jx.internal.cloudapp.net, ports: [REPLICATION=38123, RATIS=34561, RATIS_ADMIN=34561, RATIS_SERVER=34561, STANDALONE=41381], networkLocation: /default-rack, certSerialId: null, persistedOpState: IN_SERVICE, persistedOpStateExpiryEpochSec: 0}cdd5360e-d849-4e2b-b62b-b70fbd73a7e1{ip: 10.1.0.35, host: fv-az294-754.eaanfquahm5ulb5tj050gcxych.jx.internal.cloudapp.net, ports: [REPLICATION=36763, RATIS=36141, RATIS_ADMIN=36141, RATIS_SERVER=36141, STANDALONE=41835], networkLocation: /default-rack, certSerialId: null, persistedOpState: IN_SERVICE, persistedOpStateExpiryEpochSec: 0}, ReplicationConfig: RATIS/THREE, State:ALLOCATED, leaderId:, CreationTimestamp2022-03-02T21:33:17.423Z[Etc/UTC]].
2022-03-02 21:33:17,432 [d7f371f7-0d79-4eb0-9764-2158321d28de@group-E779D9019C18-StateMachineUpdater] INFO  safemode.HealthyPipelineSafeModeRule (HealthyPipelineSafeModeRule.java:initializeRule(152)) - Refreshed total pipeline count is 0, healthy pipeline threshold count is 1
2022-03-02 21:33:17,432 [RatisPipelineUtilsThread - 0] INFO  pipeline.PipelineManagerImpl (PipelineManagerImpl.java:recordMetricsForPipeline(639)) - Pipeline: PipelineID=8245a83f-df17-4492-b969-8ec42998b879 contains same datanodes as previous pipelines: PipelineID=53b8311c-2a52-474f-af65-681cc91be6da nodeIds: 06306a50-9ba9-4128-94e0-55d591e142a1, ca012516-14dd-42cd-8742-1c9d04d43fd5, cdd5360e-d849-4e2b-b62b-b70fbd73a7e1
2022-03-02 21:33:17,432 [RatisPipelineUtilsThread - 0] INFO  pipeline.RatisPipelineProvider (RatisPipelineProvider.java:lambda$create$0(183)) - Sending CreatePipelineCommand for pipeline:PipelineID=9b18829a-a3fc-4ad4-bb5e-2f68aee794c1 to datanode:ca012516-14dd-42cd-8742-1c9d04d43fd5
2022-03-02 21:33:17,432 [RatisPipelineUtilsThread - 0] INFO  pipeline.RatisPipelineProvider (RatisPipelineProvider.java:lambda$create$0(183)) - Sending CreatePipelineCommand for pipeline:PipelineID=9b18829a-a3fc-4ad4-bb5e-2f68aee794c1 to datanode:cdd5360e-d849-4e2b-b62b-b70fbd73a7e1
2022-03-02 21:33:17,432 [RatisPipelineUtilsThread - 0] INFO  pipeline.RatisPipelineProvider (RatisPipelineProvider.java:lambda$create$0(183)) - Sending CreatePipelineCommand for pipeline:PipelineID=9b18829a-a3fc-4ad4-bb5e-2f68aee794c1 to datanode:06306a50-9ba9-4128-94e0-55d591e142a1
2022-03-02 21:33:17,435 [d7f371f7-0d79-4eb0-9764-2158321d28de@group-E779D9019C18-StateMachineUpdater] INFO  pipeline.PipelineStateManagerImpl (PipelineStateManagerImpl.java:addPipeline(101)) - Created pipeline Pipeline[ Id: 9b18829a-a3fc-4ad4-bb5e-2f68aee794c1, Nodes: ca012516-14dd-42cd-8742-1c9d04d43fd5{ip: 10.1.0.35, host: fv-az294-754.eaanfquahm5ulb5tj050gcxych.jx.internal.cloudapp.net, ports: [REPLICATION=38123, RATIS=34561, RATIS_ADMIN=34561, RATIS_SERVER=34561, STANDALONE=41381], networkLocation: /default-rack, certSerialId: null, persistedOpState: IN_SERVICE, persistedOpStateExpiryEpochSec: 0}cdd5360e-d849-4e2b-b62b-b70fbd73a7e1{ip: 10.1.0.35, host: fv-az294-754.eaanfquahm5ulb5tj050gcxych.jx.internal.cloudapp.net, ports: [REPLICATION=36763, RATIS=36141, RATIS_ADMIN=36141, RATIS_SERVER=36141, STANDALONE=41835], networkLocation: /default-rack, certSerialId: null, persistedOpState: IN_SERVICE, persistedOpStateExpiryEpochSec: 0}06306a50-9ba9-4128-94e0-55d591e142a1{ip: 10.1.0.35, host: fv-az294-754.eaanfquahm5ulb5tj050gcxych.jx.internal.cloudapp.net, ports: [REPLICATION=33477, RATIS=42445, RATIS_ADMIN=42445, RATIS_SERVER=42445, STANDALONE=33549], networkLocation: /default-rack, certSerialId: null, persistedOpState: IN_SERVICE, persistedOpStateExpiryEpochSec: 0}, ReplicationConfig: RATIS/THREE, State:ALLOCATED, leaderId:, CreationTimestamp2022-03-02T21:33:17.432Z[Etc/UTC]].
2022-03-02 21:33:17,435 [d7f371f7-0d79-4eb0-9764-2158321d28de@group-E779D9019C18-StateMachineUpdater] INFO  safemode.HealthyPipelineSafeModeRule (HealthyPipelineSafeModeRule.java:initializeRule(152)) - Refreshed total pipeline count is 0, healthy pipeline threshold count is 1
2022-03-02 21:33:17,435 [RatisPipelineUtilsThread - 0] INFO  pipeline.PipelineManagerImpl (PipelineManagerImpl.java:recordMetricsForPipeline(639)) - Pipeline: PipelineID=9b18829a-a3fc-4ad4-bb5e-2f68aee794c1 contains same datanodes as previous pipelines: PipelineID=53b8311c-2a52-474f-af65-681cc91be6da nodeIds: ca012516-14dd-42cd-8742-1c9d04d43fd5, cdd5360e-d849-4e2b-b62b-b70fbd73a7e1, 06306a50-9ba9-4128-94e0-55d591e142a1
2022-03-02 21:33:17,435 [RatisPipelineUtilsThread - 0] INFO  pipeline.PipelineManagerImpl (PipelineManagerImpl.java:recordMetricsForPipeline(639)) - Pipeline: PipelineID=9b18829a-a3fc-4ad4-bb5e-2f68aee794c1 contains same datanodes as previous pipelines: PipelineID=8245a83f-df17-4492-b969-8ec42998b879 nodeIds: ca012516-14dd-42cd-8742-1c9d04d43fd5, cdd5360e-d849-4e2b-b62b-b70fbd73a7e1, 06306a50-9ba9-4128-94e0-55d591e142a1
2022-03-02 21:33:17,923 [EndpointStateMachine task thread for /0.0.0.0:34591 - 0 ] INFO  ozoneimpl.OzoneContainer (OzoneContainer.java:start(335)) - Attempting to start container services.
2022-03-02 21:33:17,923 [EndpointStateMachine task thread for /0.0.0.0:34591 - 0 ] INFO  ozoneimpl.OzoneContainer (OzoneContainer.java:startContainerScrub(270)) - Background container scanner has been disabled.
2022-03-02 21:33:17,935 [EndpointStateMachine task thread for /0.0.0.0:34591 - 0 ] INFO  replication.ReplicationServer (ReplicationServer.java:start(111)) - ReplicationServer is started using port 43603
2022-03-02 21:33:17,973 [EndpointStateMachine task thread for /0.0.0.0:34591 - 0 ] INFO  ratis.XceiverServerRatis (XceiverServerRatis.java:start(485)) - Starting XceiverServerRatis ff1229b5-7bf6-42b1-a70d-3d6d5a94de90
2022-03-02 21:33:17,982 [EndpointStateMachine task thread for /0.0.0.0:34591 - 0 ] INFO  server.RaftServer (RaftServerProxy.java:lambda$start$5(374)) - ff1229b5-7bf6-42b1-a70d-3d6d5a94de90: start RPC server
2022-03-02 21:33:17,986 [EndpointStateMachine task thread for /0.0.0.0:34591 - 0 ] INFO  server.GrpcService (GrpcService.java:startImpl(253)) - ff1229b5-7bf6-42b1-a70d-3d6d5a94de90: GrpcService started, listening on 32847
2022-03-02 21:33:18,007 [EndpointStateMachine task thread for /0.0.0.0:34591 - 0 ] INFO  ratis.XceiverServerRatis (XceiverServerRatis.java:getRealPort(506)) - XceiverServerRatis ff1229b5-7bf6-42b1-a70d-3d6d5a94de90 is started using port 32847 for RATIS
2022-03-02 21:33:18,007 [EndpointStateMachine task thread for /0.0.0.0:34591 - 0 ] INFO  ratis.XceiverServerRatis (XceiverServerRatis.java:getRealPort(506)) - XceiverServerRatis ff1229b5-7bf6-42b1-a70d-3d6d5a94de90 is started using port 32847 for RATIS_ADMIN
2022-03-02 21:33:18,007 [EndpointStateMachine task thread for /0.0.0.0:34591 - 0 ] INFO  ratis.XceiverServerRatis (XceiverServerRatis.java:getRealPort(506)) - XceiverServerRatis ff1229b5-7bf6-42b1-a70d-3d6d5a94de90 is started using port 32847 for RATIS_SERVER
2022-03-02 21:33:18,015 [org.apache.ratis.util.JvmPauseMonitor$$Lambda$431/1455743440@74786d11] INFO  util.JvmPauseMonitor (JvmPauseMonitor.java:run(103)) - JvmPauseMonitor-ff1229b5-7bf6-42b1-a70d-3d6d5a94de90: Started
2022-03-02 21:33:18,015 [EndpointStateMachine task thread for /0.0.0.0:34591 - 0 ] INFO  server.XceiverServerGrpc (XceiverServerGrpc.java:start(180)) - XceiverServerGrpc ff1229b5-7bf6-42b1-a70d-3d6d5a94de90 is started using port 40363
2022-03-02 21:33:18,341 [Listener at 127.0.0.1/33667] INFO  ozone.MiniOzoneClusterImpl (MiniOzoneClusterImpl.java:lambda$waitForClusterToBeReady$0(219)) - Waiting for nodes to be ready. Got 3 of 7 DN Heartbeats.
2022-03-02 21:33:18,341 [Listener at 127.0.0.1/33667] INFO  ozone.MiniOzoneClusterImpl (MiniOzoneClusterImpl.java:lambda$waitForClusterToBeReady$0(222)) - Waiting for cluster to exit safe mode
2022-03-02 21:33:18,341 [Listener at 127.0.0.1/33667] INFO  ozone.MiniOzoneClusterImpl (MiniOzoneClusterImpl.java:lambda$waitForClusterToBeReady$0(224)) - SCM became leader
2022-03-02 21:33:18,472 [EndpointStateMachine task thread for /0.0.0.0:34591 - 0 ] INFO  ozoneimpl.OzoneContainer (OzoneContainer.java:start(335)) - Attempting to start container services.
2022-03-02 21:33:18,472 [EndpointStateMachine task thread for /0.0.0.0:34591 - 0 ] INFO  ozoneimpl.OzoneContainer (OzoneContainer.java:startContainerScrub(270)) - Background container scanner has been disabled.
2022-03-02 21:33:18,475 [IPC Server handler 6 on default port 34591] INFO  net.NetworkTopologyImpl (NetworkTopologyImpl.java:add(112)) - Added a new node: /default-rack/269e0ee6-c833-446d-a842-94c77dd867fd
2022-03-02 21:33:18,475 [IPC Server handler 6 on default port 34591] INFO  node.SCMNodeManager (SCMNodeManager.java:register(389)) - Registered Data node : 269e0ee6-c833-446d-a842-94c77dd867fd{ip: 10.1.0.35, host: fv-az294-754.eaanfquahm5ulb5tj050gcxych.jx.internal.cloudapp.net, ports: [REPLICATION=40569, RATIS=35541, RATIS_ADMIN=35541, RATIS_SERVER=35541, STANDALONE=36115], networkLocation: /default-rack, certSerialId: null, persistedOpState: null, persistedOpStateExpiryEpochSec: 0}
2022-03-02 21:33:18,475 [EventQueue-NewNodeForNewNodeHandler] INFO  pipeline.BackgroundPipelineCreator (BackgroundPipelineCreator.java:notifyEventTriggered(285)) - trigger a one-shot run on RatisPipelineUtilsThread.
2022-03-02 21:33:18,476 [RatisPipelineUtilsThread - 0] INFO  pipeline.RatisPipelineProvider (RatisPipelineProvider.java:lambda$create$0(183)) - Sending CreatePipelineCommand for pipeline:PipelineID=2a366572-a7f4-4b25-9358-c63583200ac2 to datanode:269e0ee6-c833-446d-a842-94c77dd867fd
2022-03-02 21:33:18,477 [d7f371f7-0d79-4eb0-9764-2158321d28de@group-E779D9019C18-StateMachineUpdater] INFO  pipeline.PipelineStateManagerImpl (PipelineStateManagerImpl.java:addPipeline(101)) - Created pipeline Pipeline[ Id: 2a366572-a7f4-4b25-9358-c63583200ac2, Nodes: 269e0ee6-c833-446d-a842-94c77dd867fd{ip: 10.1.0.35, host: fv-az294-754.eaanfquahm5ulb5tj050gcxych.jx.internal.cloudapp.net, ports: [REPLICATION=40569, RATIS=35541, RATIS_ADMIN=35541, RATIS_SERVER=35541, STANDALONE=36115], networkLocation: /default-rack, certSerialId: null, persistedOpState: IN_SERVICE, persistedOpStateExpiryEpochSec: 0}, ReplicationConfig: RATIS/ONE, State:ALLOCATED, leaderId:, CreationTimestamp2022-03-02T21:33:18.476Z[Etc/UTC]].
2022-03-02 21:33:18,477 [d7f371f7-0d79-4eb0-9764-2158321d28de@group-E779D9019C18-StateMachineUpdater] INFO  safemode.HealthyPipelineSafeModeRule (HealthyPipelineSafeModeRule.java:initializeRule(152)) - Refreshed total pipeline count is 0, healthy pipeline threshold count is 1
2022-03-02 21:33:18,483 [EndpointStateMachine task thread for /0.0.0.0:34591 - 0 ] INFO  replication.ReplicationServer (ReplicationServer.java:start(111)) - ReplicationServer is started using port 33785
2022-03-02 21:33:18,483 [EndpointStateMachine task thread for /0.0.0.0:34591 - 0 ] INFO  ratis.XceiverServerRatis (XceiverServerRatis.java:start(485)) - Starting XceiverServerRatis 176cdbad-2e78-4d65-9cb6-df82a020a3cb
2022-03-02 21:33:18,494 [EndpointStateMachine task thread for /0.0.0.0:34591 - 0 ] INFO  server.RaftServer (RaftServerProxy.java:lambda$start$5(374)) - 176cdbad-2e78-4d65-9cb6-df82a020a3cb: start RPC server
2022-03-02 21:33:18,495 [EndpointStateMachine task thread for /0.0.0.0:34591 - 0 ] INFO  server.GrpcService (GrpcService.java:startImpl(253)) - 176cdbad-2e78-4d65-9cb6-df82a020a3cb: GrpcService started, listening on 36905
2022-03-02 21:33:18,519 [EndpointStateMachine task thread for /0.0.0.0:34591 - 0 ] INFO  ratis.XceiverServerRatis (XceiverServerRatis.java:getRealPort(506)) - XceiverServerRatis 176cdbad-2e78-4d65-9cb6-df82a020a3cb is started using port 36905 for RATIS
2022-03-02 21:33:18,519 [EndpointStateMachine task thread for /0.0.0.0:34591 - 0 ] INFO  ratis.XceiverServerRatis (XceiverServerRatis.java:getRealPort(506)) - XceiverServerRatis 176cdbad-2e78-4d65-9cb6-df82a020a3cb is started using port 36905 for RATIS_ADMIN
2022-03-02 21:33:18,519 [EndpointStateMachine task thread for /0.0.0.0:34591 - 0 ] INFO  ratis.XceiverServerRatis (XceiverServerRatis.java:getRealPort(506)) - XceiverServerRatis 176cdbad-2e78-4d65-9cb6-df82a020a3cb is started using port 36905 for RATIS_SERVER
2022-03-02 21:33:18,519 [org.apache.ratis.util.JvmPauseMonitor$$Lambda$431/1455743440@5b76616d] INFO  util.JvmPauseMonitor (JvmPauseMonitor.java:run(103)) - JvmPauseMonitor-176cdbad-2e78-4d65-9cb6-df82a020a3cb: Started
2022-03-02 21:33:18,522 [EndpointStateMachine task thread for /0.0.0.0:34591 - 0 ] INFO  server.XceiverServerGrpc (XceiverServerGrpc.java:start(180)) - XceiverServerGrpc 176cdbad-2e78-4d65-9cb6-df82a020a3cb is started using port 46855
2022-03-02 21:33:18,788 [Command processor thread] INFO  server.RaftServer (RaftServerProxy.java:addNew(95)) - 06306a50-9ba9-4128-94e0-55d591e142a1: addNew group-04666EDB34B4:[06306a50-9ba9-4128-94e0-55d591e142a1|rpc:10.1.0.35:42445|priority:1] returns group-04666EDB34B4:java.util.concurrent.CompletableFuture@93d5dfa[Not completed]
2022-03-02 21:33:18,789 [pool-591-thread-1] INFO  server.RaftServer$Division (RaftServerImpl.java:<init>(184)) - 06306a50-9ba9-4128-94e0-55d591e142a1: new RaftServerImpl for group-04666EDB34B4:[06306a50-9ba9-4128-94e0-55d591e142a1|rpc:10.1.0.35:42445|priority:1] with ContainerStateMachine:uninitialized
2022-03-02 21:33:18,790 [pool-591-thread-1] INFO  server.RaftServerConfigKeys (ConfUtils.java:logGet(44)) - raft.server.rpc.timeout.min = 5s (custom)
2022-03-02 21:33:18,790 [pool-591-thread-1] INFO  server.RaftServerConfigKeys (ConfUtils.java:logGet(44)) - raft.server.rpc.timeout.max = 5200ms (custom)
2022-03-02 21:33:18,790 [pool-591-thread-1] INFO  server.RaftServerConfigKeys (ConfUtils.java:logGet(44)) - raft.server.rpc.sleep.time = 25ms (default)
2022-03-02 21:33:18,790 [pool-591-thread-1] INFO  server.RaftServerConfigKeys (ConfUtils.java:logGet(44)) - raft.server.rpc.slowness.timeout = 300000ms (custom)
2022-03-02 21:33:18,790 [pool-591-thread-1] INFO  server.RaftServerConfigKeys (ConfUtils.java:logGet(44)) - raft.server.leaderelection.leader.step-down.wait-time = 10s (default)
2022-03-02 21:33:18,790 [pool-591-thread-1] INFO  server.RaftServerConfigKeys (ConfUtils.java:logGet(44)) - raft.server.sleep.deviation.threshold = 300ms (default)
2022-03-02 21:33:18,790 [pool-591-thread-1] INFO  server.RaftServerConfigKeys (ConfUtils.java:logGet(44)) - raft.server.log.appender.install.snapshot.enabled = false (custom)
2022-03-02 21:33:18,790 [pool-591-thread-1] INFO  server.RaftServer$Division (ServerState.java:<init>(105)) - 06306a50-9ba9-4128-94e0-55d591e142a1@group-04666EDB34B4: ConfigurationManager, init=-1: [06306a50-9ba9-4128-94e0-55d591e142a1|rpc:10.1.0.35:42445|priority:1], old=null, confs=<EMPTY_MAP>
2022-03-02 21:33:18,790 [pool-591-thread-1] INFO  server.RaftServerConfigKeys (ConfUtils.java:logGet(44)) - raft.server.storage.dir = [/home/runner/work/ozone/ozone/hadoop-ozone/integration-test/target/test-dir/MiniOzoneClusterImpl-f745d883-409d-4598-9a00-e779d9019c18/datanode-0/data/ratis] (custom)
2022-03-02 21:33:18,790 [pool-591-thread-1] INFO  server.RaftServerConfigKeys (ConfUtils.java:logGet(44)) - raft.server.log.corruption.policy = EXCEPTION (default)
2022-03-02 21:33:18,790 [pool-591-thread-1] INFO  server.RaftServerConfigKeys (ConfUtils.java:logGet(44)) - raft.server.storage.free-space.min = 0MB (=0) (default)
2022-03-02 21:33:18,790 [pool-591-thread-1] INFO  storage.RaftStorageDirectory (RaftStorageDirectoryImpl.java:analyzeStorage(135)) - The storage directory /home/runner/work/ozone/ozone/hadoop-ozone/integration-test/target/test-dir/MiniOzoneClusterImpl-f745d883-409d-4598-9a00-e779d9019c18/datanode-0/data/ratis/99e1fc71-5afa-498a-8239-04666edb34b4 does not exist. Creating ...
2022-03-02 21:33:18,829 [pool-591-thread-1] INFO  storage.RaftStorageDirectory (RaftStorageDirectoryImpl.java:tryLock(230)) - Lock on /home/runner/work/ozone/ozone/hadoop-ozone/integration-test/target/test-dir/MiniOzoneClusterImpl-f745d883-409d-4598-9a00-e779d9019c18/datanode-0/data/ratis/99e1fc71-5afa-498a-8239-04666edb34b4/in_use.lock acquired by nodename 22518@fv-az294-754
2022-03-02 21:33:18,831 [pool-591-thread-1] INFO  storage.RaftStorage (RaftStorageImpl.java:format(89)) - Storage directory /home/runner/work/ozone/ozone/hadoop-ozone/integration-test/target/test-dir/MiniOzoneClusterImpl-f745d883-409d-4598-9a00-e779d9019c18/datanode-0/data/ratis/99e1fc71-5afa-498a-8239-04666edb34b4 has been successfully formatted.
2022-03-02 21:33:18,859 [pool-591-thread-1] INFO  ratis.ContainerStateMachine (ContainerStateMachine.java:loadSnapshot(236)) - group-04666EDB34B4: The snapshot info is null. Setting the last applied indexto:(t:0, i:~)
2022-03-02 21:33:18,859 [pool-591-thread-1] INFO  server.RaftServerConfigKeys (ConfUtils.java:logGet(44)) - raft.server.notification.no-leader.timeout = 300000ms (custom)
2022-03-02 21:33:18,859 [pool-591-thread-1] INFO  server.RaftServerConfigKeys (ConfUtils.java:logGet(44)) - raft.server.log.use.memory = false (default)
2022-03-02 21:33:18,859 [pool-591-thread-1] INFO  server.RaftServerConfigKeys (ConfUtils.java:logGet(44)) - raft.server.log.purge.gap = 1000000 (custom)
2022-03-02 21:33:18,859 [pool-591-thread-1] INFO  server.RaftServerConfigKeys (ConfUtils.java:logGet(44)) - raft.server.log.appender.buffer.byte-limit = 33554432 (custom)
2022-03-02 21:33:18,859 [pool-591-thread-1] INFO  server.RaftServerConfigKeys (ConfUtils.java:logGet(44)) - raft.server.log.segment.size.max = 1048576 (custom)
2022-03-02 21:33:18,860 [pool-591-thread-1] INFO  server.RaftServerConfigKeys (ConfUtils.java:logGet(44)) - raft.server.log.segment.cache.num.max = 2 (custom)
2022-03-02 21:33:18,860 [pool-591-thread-1] INFO  server.RaftServerConfigKeys (ConfUtils.java:logGet(44)) - raft.server.log.segment.cache.size.max = 200MB (=209715200) (default)
2022-03-02 21:33:18,860 [pool-591-thread-1] INFO  segmented.SegmentedRaftLogWorker (SegmentedRaftLogWorker.java:<init>(182)) - new 06306a50-9ba9-4128-94e0-55d591e142a1@group-04666EDB34B4-SegmentedRaftLogWorker for RaftStorageImpl:Storage Directory /home/runner/work/ozone/ozone/hadoop-ozone/integration-test/target/test-dir/MiniOzoneClusterImpl-f745d883-409d-4598-9a00-e779d9019c18/datanode-0/data/ratis/99e1fc71-5afa-498a-8239-04666edb34b4
2022-03-02 21:33:18,860 [pool-591-thread-1] INFO  server.RaftServerConfigKeys (ConfUtils.java:logGet(44)) - raft.server.log.queue.byte-limit = 4294967296 (custom)
2022-03-02 21:33:18,860 [pool-591-thread-1] INFO  server.RaftServerConfigKeys (ConfUtils.java:logGet(44)) - raft.server.log.queue.element-limit = 1024 (custom)
2022-03-02 21:33:18,860 [pool-591-thread-1] INFO  server.RaftServerConfigKeys (ConfUtils.java:logGet(44)) - raft.server.log.segment.size.max = 1048576 (custom)
2022-03-02 21:33:18,860 [pool-591-thread-1] INFO  server.RaftServerConfigKeys (ConfUtils.java:logGet(44)) - raft.server.log.preallocated.size = 16384 (custom)
2022-03-02 21:33:18,860 [pool-591-thread-1] INFO  server.RaftServerConfigKeys (ConfUtils.java:logGet(44)) - raft.server.log.force.sync.num = 128 (default)
2022-03-02 21:33:18,860 [pool-591-thread-1] INFO  server.RaftServerConfigKeys (ConfUtils.java:logGet(44)) - raft.server.log.statemachine.data.sync = true (default)
2022-03-02 21:33:18,860 [pool-591-thread-1] INFO  server.RaftServerConfigKeys (ConfUtils.java:logGet(44)) - raft.server.log.statemachine.data.sync.timeout = 10s (default)
2022-03-02 21:33:18,860 [pool-591-thread-1] INFO  server.RaftServerConfigKeys (ConfUtils.java:logGet(44)) - raft.server.log.statemachine.data.sync.timeout.retry = -1 (default)
2022-03-02 21:33:18,861 [pool-591-thread-1] INFO  server.RaftServerConfigKeys (ConfUtils.java:logGet(44)) - raft.server.log.write.buffer.size = 1048576 (custom)
2022-03-02 21:33:18,861 [pool-591-thread-1] INFO  server.RaftServerConfigKeys (ConfUtils.java:logGet(44)) - raft.server.log.statemachine.data.caching.enabled = true (custom)
2022-03-02 21:33:18,862 [pool-591-thread-1] INFO  segmented.SegmentedRaftLogWorker (SegmentedRaftLogWorker.java:lambda$new$0(133)) - 06306a50-9ba9-4128-94e0-55d591e142a1@group-04666EDB34B4-SegmentedRaftLogWorker: flushIndex: setUnconditionally 0 -> -1
2022-03-02 21:33:18,862 [pool-591-thread-1] INFO  segmented.SegmentedRaftLogWorker (SegmentedRaftLogWorker.java:lambda$new$0(133)) - 06306a50-9ba9-4128-94e0-55d591e142a1@group-04666EDB34B4-SegmentedRaftLogWorker: safeCacheEvictIndex: setUnconditionally 0 -> -1
2022-03-02 21:33:18,863 [EventQueue-PipelineReportForPipelineReportHandler] INFO  pipeline.PipelineManagerImpl (PipelineManagerImpl.java:openPipeline(291)) - Pipeline Pipeline[ Id: 99e1fc71-5afa-498a-8239-04666edb34b4, Nodes: 06306a50-9ba9-4128-94e0-55d591e142a1{ip: 10.1.0.35, host: fv-az294-754.eaanfquahm5ulb5tj050gcxych.jx.internal.cloudapp.net, ports: [REPLICATION=33477, RATIS=42445, RATIS_ADMIN=42445, RATIS_SERVER=42445, STANDALONE=33549], networkLocation: /default-rack, certSerialId: null, persistedOpState: IN_SERVICE, persistedOpStateExpiryEpochSec: 0}, ReplicationConfig: RATIS/ONE, State:ALLOCATED, leaderId:06306a50-9ba9-4128-94e0-55d591e142a1, CreationTimestamp2022-03-02T21:33:15.852Z[Etc/UTC]] moved to OPEN state
2022-03-02 21:33:18,875 [pool-591-thread-1] INFO  server.RaftServerConfigKeys (ConfUtils.java:logGet(44)) - raft.server.snapshot.auto.trigger.enabled = true (custom)
2022-03-02 21:33:18,875 [pool-591-thread-1] INFO  server.RaftServerConfigKeys (ConfUtils.java:logGet(44)) - raft.server.snapshot.auto.trigger.threshold = 10000 (custom)
2022-03-02 21:33:18,875 [pool-591-thread-1] INFO  server.RaftServerConfigKeys (ConfUtils.java:logGet(44)) - raft.server.snapshot.retention.file.num = 5 (custom)
2022-03-02 21:33:18,875 [pool-591-thread-1] INFO  server.RaftServerConfigKeys (ConfUtils.java:logGet(44)) - raft.server.log.purge.upto.snapshot.index = false (default)
2022-03-02 21:33:18,875 [pool-591-thread-1] INFO  server.RaftServerConfigKeys (ConfUtils.java:logGet(44)) - raft.server.retrycache.expirytime = 600000ms (custom)
2022-03-02 21:33:18,875 [pool-591-thread-1] INFO  server.RaftServerConfigKeys (ConfUtils.java:logGet(44)) - raft.server.retrycache.statistics.expirytime = 100μs (default)
2022-03-02 21:33:18,876 [pool-591-thread-1] INFO  server.RaftServer$Division (RaftServerImpl.java:start(301)) - 06306a50-9ba9-4128-94e0-55d591e142a1@group-04666EDB34B4: start as a follower, conf=-1: [06306a50-9ba9-4128-94e0-55d591e142a1|rpc:10.1.0.35:42445|priority:1], old=null
2022-03-02 21:33:18,876 [pool-591-thread-1] INFO  server.RaftServer$Division (RaftServerImpl.java:setRole(290)) - 06306a50-9ba9-4128-94e0-55d591e142a1@group-04666EDB34B4: changes role from      null to FOLLOWER at term 0 for startAsFollower
2022-03-02 21:33:18,876 [pool-591-thread-1] INFO  impl.RoleInfo (RoleInfo.java:updateAndGet(130)) - 06306a50-9ba9-4128-94e0-55d591e142a1: start 06306a50-9ba9-4128-94e0-55d591e142a1@group-04666EDB34B4-FollowerState
2022-03-02 21:33:18,883 [pool-591-thread-1] INFO  util.JmxRegister (JmxRegister.java:tryRegister(44)) - Successfully registered JMX Bean with object name Ratis:service=RaftServer,group=group-04666EDB34B4,id=06306a50-9ba9-4128-94e0-55d591e142a1
2022-03-02 21:33:18,939 [Command processor thread] INFO  ratis.XceiverServerRatis (XceiverServerRatis.java:addGroup(769)) - Created group PipelineID=99e1fc71-5afa-498a-8239-04666edb34b4
2022-03-02 21:33:18,939 [Command processor thread] INFO  commandhandler.CreatePipelineCommandHandler (CreatePipelineCommandHandler.java:handle(106)) - Created Pipeline RATIS ONE PipelineID=99e1fc71-5afa-498a-8239-04666edb34b4.
2022-03-02 21:33:18,940 [Command processor thread] INFO  server.RaftServer (RaftServerProxy.java:addNew(95)) - 06306a50-9ba9-4128-94e0-55d591e142a1: addNew group-681CC91BE6DA:[cdd5360e-d849-4e2b-b62b-b70fbd73a7e1|rpc:10.1.0.35:36141|priority:0, 06306a50-9ba9-4128-94e0-55d591e142a1|rpc:10.1.0.35:42445|priority:1, ca012516-14dd-42cd-8742-1c9d04d43fd5|rpc:10.1.0.35:34561|priority:0] returns group-681CC91BE6DA:java.util.concurrent.CompletableFuture@d02d805[Not completed]
2022-03-02 21:33:18,940 [pool-591-thread-1] INFO  server.RaftServer$Division (RaftServerImpl.java:<init>(184)) - 06306a50-9ba9-4128-94e0-55d591e142a1: new RaftServerImpl for group-681CC91BE6DA:[cdd5360e-d849-4e2b-b62b-b70fbd73a7e1|rpc:10.1.0.35:36141|priority:0, 06306a50-9ba9-4128-94e0-55d591e142a1|rpc:10.1.0.35:42445|priority:1, ca012516-14dd-42cd-8742-1c9d04d43fd5|rpc:10.1.0.35:34561|priority:0] with ContainerStateMachine:uninitialized
2022-03-02 21:33:18,940 [pool-591-thread-1] INFO  server.RaftServerConfigKeys (ConfUtils.java:logGet(44)) - raft.server.rpc.timeout.min = 5s (custom)
2022-03-02 21:33:18,940 [pool-591-thread-1] INFO  server.RaftServerConfigKeys (ConfUtils.java:logGet(44)) - raft.server.rpc.timeout.max = 5200ms (custom)
2022-03-02 21:33:18,940 [pool-591-thread-1] INFO  server.RaftServerConfigKeys (ConfUtils.java:logGet(44)) - raft.server.rpc.sleep.time = 25ms (default)
2022-03-02 21:33:18,940 [pool-591-thread-1] INFO  server.RaftServerConfigKeys (ConfUtils.java:logGet(44)) - raft.server.rpc.slowness.timeout = 300000ms (custom)
2022-03-02 21:33:18,940 [pool-591-thread-1] INFO  server.RaftServerConfigKeys (ConfUtils.java:logGet(44)) - raft.server.leaderelection.leader.step-down.wait-time = 10s (default)
2022-03-02 21:33:18,941 [pool-591-thread-1] INFO  server.RaftServerConfigKeys (ConfUtils.java:logGet(44)) - raft.server.sleep.deviation.threshold = 300ms (default)
2022-03-02 21:33:18,941 [pool-591-thread-1] INFO  server.RaftServerConfigKeys (ConfUtils.java:logGet(44)) - raft.server.log.appender.install.snapshot.enabled = false (custom)
2022-03-02 21:33:18,941 [pool-591-thread-1] INFO  server.RaftServer$Division (ServerState.java:<init>(105)) - 06306a50-9ba9-4128-94e0-55d591e142a1@group-681CC91BE6DA: ConfigurationManager, init=-1: [cdd5360e-d849-4e2b-b62b-b70fbd73a7e1|rpc:10.1.0.35:36141|priority:0, 06306a50-9ba9-4128-94e0-55d591e142a1|rpc:10.1.0.35:42445|priority:1, ca012516-14dd-42cd-8742-1c9d04d43fd5|rpc:10.1.0.35:34561|priority:0], old=null, confs=<EMPTY_MAP>
2022-03-02 21:33:18,941 [pool-591-thread-1] INFO  server.RaftServerConfigKeys (ConfUtils.java:logGet(44)) - raft.server.storage.dir = [/home/runner/work/ozone/ozone/hadoop-ozone/integration-test/target/test-dir/MiniOzoneClusterImpl-f745d883-409d-4598-9a00-e779d9019c18/datanode-0/data/ratis] (custom)
2022-03-02 21:33:18,941 [pool-591-thread-1] INFO  server.RaftServerConfigKeys (ConfUtils.java:logGet(44)) - raft.server.log.corruption.policy = EXCEPTION (default)
2022-03-02 21:33:18,941 [pool-591-thread-1] INFO  server.RaftServerConfigKeys (ConfUtils.java:logGet(44)) - raft.server.storage.free-space.min = 0MB (=0) (default)
2022-03-02 21:33:18,941 [pool-591-thread-1] INFO  storage.RaftStorageDirectory (RaftStorageDirectoryImpl.java:analyzeStorage(135)) - The storage directory /home/runner/work/ozone/ozone/hadoop-ozone/integration-test/target/test-dir/MiniOzoneClusterImpl-f745d883-409d-4598-9a00-e779d9019c18/datanode-0/data/ratis/53b8311c-2a52-474f-af65-681cc91be6da does not exist. Creating ...
2022-03-02 21:33:18,945 [pool-591-thread-1] INFO  storage.RaftStorageDirectory (RaftStorageDirectoryImpl.java:tryLock(230)) - Lock on /home/runner/work/ozone/ozone/hadoop-ozone/integration-test/target/test-dir/MiniOzoneClusterImpl-f745d883-409d-4598-9a00-e779d9019c18/datanode-0/data/ratis/53b8311c-2a52-474f-af65-681cc91be6da/in_use.lock acquired by nodename 22518@fv-az294-754
2022-03-02 21:33:18,946 [pool-591-thread-1] INFO  storage.RaftStorage (RaftStorageImpl.java:format(89)) - Storage directory /home/runner/work/ozone/ozone/hadoop-ozone/integration-test/target/test-dir/MiniOzoneClusterImpl-f745d883-409d-4598-9a00-e779d9019c18/datanode-0/data/ratis/53b8311c-2a52-474f-af65-681cc91be6da has been successfully formatted.
2022-03-02 21:33:18,947 [pool-591-thread-1] INFO  ratis.ContainerStateMachine (ContainerStateMachine.java:loadSnapshot(236)) - group-681CC91BE6DA: The snapshot info is null. Setting the last applied indexto:(t:0, i:~)
2022-03-02 21:33:18,947 [pool-591-thread-1] INFO  server.RaftServerConfigKeys (ConfUtils.java:logGet(44)) - raft.server.notification.no-leader.timeout = 300000ms (custom)
2022-03-02 21:33:18,947 [pool-591-thread-1] INFO  server.RaftServerConfigKeys (ConfUtils.java:logGet(44)) - raft.server.log.use.memory = false (default)
2022-03-02 21:33:18,948 [pool-591-thread-1] INFO  server.RaftServerConfigKeys (ConfUtils.java:logGet(44)) - raft.server.log.purge.gap = 1000000 (custom)
2022-03-02 21:33:18,948 [pool-591-thread-1] INFO  server.RaftServerConfigKeys (ConfUtils.java:logGet(44)) - raft.server.log.appender.buffer.byte-limit = 33554432 (custom)
2022-03-02 21:33:18,948 [pool-591-thread-1] INFO  server.RaftServerConfigKeys (ConfUtils.java:logGet(44)) - raft.server.log.segment.size.max = 1048576 (custom)
2022-03-02 21:33:18,948 [pool-591-thread-1] INFO  server.RaftServerConfigKeys (ConfUtils.java:logGet(44)) - raft.server.log.segment.cache.num.max = 2 (custom)
2022-03-02 21:33:18,948 [pool-591-thread-1] INFO  server.RaftServerConfigKeys (ConfUtils.java:logGet(44)) - raft.server.log.segment.cache.size.max = 200MB (=209715200) (default)
2022-03-02 21:33:18,948 [pool-591-thread-1] INFO  segmented.SegmentedRaftLogWorker (SegmentedRaftLogWorker.java:<init>(182)) - new 06306a50-9ba9-4128-94e0-55d591e142a1@group-681CC91BE6DA-SegmentedRaftLogWorker for RaftStorageImpl:Storage Directory /home/runner/work/ozone/ozone/hadoop-ozone/integration-test/target/test-dir/MiniOzoneClusterImpl-f745d883-409d-4598-9a00-e779d9019c18/datanode-0/data/ratis/53b8311c-2a52-474f-af65-681cc91be6da
2022-03-02 21:33:18,948 [pool-591-thread-1] INFO  server.RaftServerConfigKeys (ConfUtils.java:logGet(44)) - raft.server.log.queue.byte-limit = 4294967296 (custom)
2022-03-02 21:33:18,948 [pool-591-thread-1] INFO  server.RaftServerConfigKeys (ConfUtils.java:logGet(44)) - raft.server.log.queue.element-limit = 1024 (custom)
2022-03-02 21:33:18,948 [pool-591-thread-1] INFO  server.RaftServerConfigKeys (ConfUtils.java:logGet(44)) - raft.server.log.segment.size.max = 1048576 (custom)
2022-03-02 21:33:18,949 [pool-591-thread-1] INFO  server.RaftServerConfigKeys (ConfUtils.java:logGet(44)) - raft.server.log.preallocated.size = 16384 (custom)
2022-03-02 21:33:18,949 [pool-591-thread-1] INFO  server.RaftServerConfigKeys (ConfUtils.java:logGet(44)) - raft.server.log.force.sync.num = 128 (default)
2022-03-02 21:33:18,949 [pool-591-thread-1] INFO  server.RaftServerConfigKeys (ConfUtils.java:logGet(44)) - raft.server.log.statemachine.data.sync = true (default)
2022-03-02 21:33:18,949 [pool-591-thread-1] INFO  server.RaftServerConfigKeys (ConfUtils.java:logGet(44)) - raft.server.log.statemachine.data.sync.timeout = 10s (default)
2022-03-02 21:33:18,949 [pool-591-thread-1] INFO  server.RaftServerConfigKeys (ConfUtils.java:logGet(44)) - raft.server.log.statemachine.data.sync.timeout.retry = -1 (default)
2022-03-02 21:33:18,950 [pool-591-thread-1] INFO  server.RaftServerConfigKeys (ConfUtils.java:logGet(44)) - raft.server.log.write.buffer.size = 1048576 (custom)
2022-03-02 21:33:18,950 [pool-591-thread-1] INFO  server.RaftServerConfigKeys (ConfUtils.java:logGet(44)) - raft.server.log.statemachine.data.caching.enabled = true (custom)
2022-03-02 21:33:18,951 [pool-591-thread-1] INFO  segmented.SegmentedRaftLogWorker (SegmentedRaftLogWorker.java:lambda$new$0(133)) - 06306a50-9ba9-4128-94e0-55d591e142a1@group-681CC91BE6DA-SegmentedRaftLogWorker: flushIndex: setUnconditionally 0 -> -1
2022-03-02 21:33:18,951 [pool-591-thread-1] INFO  segmented.SegmentedRaftLogWorker (SegmentedRaftLogWorker.java:lambda$new$0(133)) - 06306a50-9ba9-4128-94e0-55d591e142a1@group-681CC91BE6DA-SegmentedRaftLogWorker: safeCacheEvictIndex: setUnconditionally 0 -> -1
2022-03-02 21:33:18,959 [pool-591-thread-1] INFO  server.RaftServerConfigKeys (ConfUtils.java:logGet(44)) - raft.server.snapshot.auto.trigger.enabled = true (custom)
2022-03-02 21:33:18,963 [pool-591-thread-1] INFO  server.RaftServerConfigKeys (ConfUtils.java:logGet(44)) - raft.server.snapshot.auto.trigger.threshold = 10000 (custom)
2022-03-02 21:33:18,963 [pool-591-thread-1] INFO  server.RaftServerConfigKeys (ConfUtils.java:logGet(44)) - raft.server.snapshot.retention.file.num = 5 (custom)
2022-03-02 21:33:18,963 [pool-591-thread-1] INFO  server.RaftServerConfigKeys (ConfUtils.java:logGet(44)) - raft.server.log.purge.upto.snapshot.index = false (default)
2022-03-02 21:33:18,963 [pool-591-thread-1] INFO  server.RaftServerConfigKeys (ConfUtils.java:logGet(44)) - raft.server.retrycache.expirytime = 600000ms (custom)
2022-03-02 21:33:18,963 [pool-591-thread-1] INFO  server.RaftServerConfigKeys (ConfUtils.java:logGet(44)) - raft.server.retrycache.statistics.expirytime = 100μs (default)
2022-03-02 21:33:18,979 [d7f371f7-0d79-4eb0-9764-2158321d28de@group-E779D9019C18-StateMachineUpdater] INFO  safemode.HealthyPipelineSafeModeRule (HealthyPipelineSafeModeRule.java:initializeRule(152)) - Refreshed total pipeline count is 0, healthy pipeline threshold count is 1
2022-03-02 21:33:19,004 [pool-591-thread-1] INFO  server.RaftServer$Division (RaftServerImpl.java:start(301)) - 06306a50-9ba9-4128-94e0-55d591e142a1@group-681CC91BE6DA: start as a follower, conf=-1: [cdd5360e-d849-4e2b-b62b-b70fbd73a7e1|rpc:10.1.0.35:36141|priority:0, 06306a50-9ba9-4128-94e0-55d591e142a1|rpc:10.1.0.35:42445|priority:1, ca012516-14dd-42cd-8742-1c9d04d43fd5|rpc:10.1.0.35:34561|priority:0], old=null
2022-03-02 21:33:19,004 [pool-591-thread-1] INFO  server.RaftServer$Division (RaftServerImpl.java:setRole(290)) - 06306a50-9ba9-4128-94e0-55d591e142a1@group-681CC91BE6DA: changes role from      null to FOLLOWER at term 0 for startAsFollower
2022-03-02 21:33:19,004 [pool-591-thread-1] INFO  impl.RoleInfo (RoleInfo.java:updateAndGet(130)) - 06306a50-9ba9-4128-94e0-55d591e142a1: start 06306a50-9ba9-4128-94e0-55d591e142a1@group-681CC91BE6DA-FollowerState
2022-03-02 21:33:19,019 [EventQueue-OpenPipelineForHealthyPipelineSafeModeRule] INFO  safemode.SCMSafeModeManager (HealthyPipelineSafeModeRule.java:process(124)) - SCM in safe mode. Healthy pipelines reported count is 0, required healthy pipeline reported count is 1
2022-03-02 21:33:19,019 [EventQueue-OpenPipelineForHealthyPipelineSafeModeRule] INFO  safemode.SCMSafeModeManager (HealthyPipelineSafeModeRule.java:process(124)) - SCM in safe mode. Healthy pipelines reported count is 0, required healthy pipeline reported count is 1
2022-03-02 21:33:19,019 [pool-591-thread-1] INFO  util.JmxRegister (JmxRegister.java:tryRegister(44)) - Successfully registered JMX Bean with object name Ratis:service=RaftServer,group=group-681CC91BE6DA,id=06306a50-9ba9-4128-94e0-55d591e142a1
2022-03-02 21:33:19,031 [Command processor thread] INFO  ratis.XceiverServerRatis (XceiverServerRatis.java:addGroup(769)) - Created group PipelineID=53b8311c-2a52-474f-af65-681cc91be6da
2022-03-02 21:33:19,059 [grpc-default-executor-5] INFO  server.RaftServer (RaftServerProxy.java:addNew(95)) - cdd5360e-d849-4e2b-b62b-b70fbd73a7e1: addNew group-681CC91BE6DA:[cdd5360e-d849-4e2b-b62b-b70fbd73a7e1|rpc:10.1.0.35:36141|dataStream:|priority:0, 06306a50-9ba9-4128-94e0-55d591e142a1|rpc:10.1.0.35:42445|dataStream:|priority:1, ca012516-14dd-42cd-8742-1c9d04d43fd5|rpc:10.1.0.35:34561|dataStream:|priority:0] returns group-681CC91BE6DA:java.util.concurrent.CompletableFuture@13f796c[Not completed]
2022-03-02 21:33:19,067 [pool-612-thread-1] INFO  server.RaftServer$Division (RaftServerImpl.java:<init>(184)) - cdd5360e-d849-4e2b-b62b-b70fbd73a7e1: new RaftServerImpl for group-681CC91BE6DA:[cdd5360e-d849-4e2b-b62b-b70fbd73a7e1|rpc:10.1.0.35:36141|dataStream:|priority:0, 06306a50-9ba9-4128-94e0-55d591e142a1|rpc:10.1.0.35:42445|dataStream:|priority:1, ca012516-14dd-42cd-8742-1c9d04d43fd5|rpc:10.1.0.35:34561|dataStream:|priority:0] with ContainerStateMachine:uninitialized
2022-03-02 21:33:19,067 [pool-612-thread-1] INFO  server.RaftServerConfigKeys (ConfUtils.java:logGet(44)) - raft.server.rpc.timeout.min = 5s (custom)
2022-03-02 21:33:19,067 [pool-612-thread-1] INFO  server.RaftServerConfigKeys (ConfUtils.java:logGet(44)) - raft.server.rpc.timeout.max = 5200ms (custom)
2022-03-02 21:33:19,067 [pool-612-thread-1] INFO  server.RaftServerConfigKeys (ConfUtils.java:logGet(44)) - raft.server.rpc.sleep.time = 25ms (default)
2022-03-02 21:33:19,067 [pool-612-thread-1] INFO  server.RaftServerConfigKeys (ConfUtils.java:logGet(44)) - raft.server.rpc.slowness.timeout = 300000ms (custom)
2022-03-02 21:33:19,067 [pool-612-thread-1] INFO  server.RaftServerConfigKeys (ConfUtils.java:logGet(44)) - raft.server.leaderelection.leader.step-down.wait-time = 10s (default)
2022-03-02 21:33:19,067 [pool-612-thread-1] INFO  server.RaftServerConfigKeys (ConfUtils.java:logGet(44)) - raft.server.sleep.deviation.threshold = 300ms (default)
2022-03-02 21:33:19,067 [pool-612-thread-1] INFO  server.RaftServerConfigKeys (ConfUtils.java:logGet(44)) - raft.server.log.appender.install.snapshot.enabled = false (custom)
2022-03-02 21:33:19,067 [pool-612-thread-1] INFO  server.RaftServer$Division (ServerState.java:<init>(105)) - cdd5360e-d849-4e2b-b62b-b70fbd73a7e1@group-681CC91BE6DA: ConfigurationManager, init=-1: [cdd5360e-d849-4e2b-b62b-b70fbd73a7e1|rpc:10.1.0.35:36141|dataStream:|priority:0, 06306a50-9ba9-4128-94e0-55d591e142a1|rpc:10.1.0.35:42445|dataStream:|priority:1, ca012516-14dd-42cd-8742-1c9d04d43fd5|rpc:10.1.0.35:34561|dataStream:|priority:0], old=null, confs=<EMPTY_MAP>
2022-03-02 21:33:19,067 [pool-612-thread-1] INFO  server.RaftServerConfigKeys (ConfUtils.java:logGet(44)) - raft.server.storage.dir = [/home/runner/work/ozone/ozone/hadoop-ozone/integration-test/target/test-dir/MiniOzoneClusterImpl-f745d883-409d-4598-9a00-e779d9019c18/datanode-1/data/ratis] (custom)
2022-03-02 21:33:19,068 [pool-612-thread-1] INFO  server.RaftServerConfigKeys (ConfUtils.java:logGet(44)) - raft.server.log.corruption.policy = EXCEPTION (default)
2022-03-02 21:33:19,068 [pool-612-thread-1] INFO  server.RaftServerConfigKeys (ConfUtils.java:logGet(44)) - raft.server.storage.free-space.min = 0MB (=0) (default)
2022-03-02 21:33:19,068 [pool-612-thread-1] INFO  storage.RaftStorageDirectory (RaftStorageDirectoryImpl.java:analyzeStorage(135)) - The storage directory /home/runner/work/ozone/ozone/hadoop-ozone/integration-test/target/test-dir/MiniOzoneClusterImpl-f745d883-409d-4598-9a00-e779d9019c18/datanode-1/data/ratis/53b8311c-2a52-474f-af65-681cc91be6da does not exist. Creating ...
2022-03-02 21:33:19,068 [pool-612-thread-1] INFO  storage.RaftStorageDirectory (RaftStorageDirectoryImpl.java:tryLock(230)) - Lock on /home/runner/work/ozone/ozone/hadoop-ozone/integration-test/target/test-dir/MiniOzoneClusterImpl-f745d883-409d-4598-9a00-e779d9019c18/datanode-1/data/ratis/53b8311c-2a52-474f-af65-681cc91be6da/in_use.lock acquired by nodename 22518@fv-az294-754
2022-03-02 21:33:19,095 [IPC Server handler 8 on default port 34591] INFO  net.NetworkTopologyImpl (NetworkTopologyImpl.java:add(112)) - Added a new node: /default-rack/39d9f1c0-7130-4277-8a35-add537f65258
2022-03-02 21:33:19,095 [IPC Server handler 8 on default port 34591] INFO  node.SCMNodeManager (SCMNodeManager.java:register(389)) - Registered Data node : 39d9f1c0-7130-4277-8a35-add537f65258{ip: 10.1.0.35, host: fv-az294-754.eaanfquahm5ulb5tj050gcxych.jx.internal.cloudapp.net, ports: [REPLICATION=38181, RATIS=33025, RATIS_ADMIN=33025, RATIS_SERVER=33025, STANDALONE=35701], networkLocation: /default-rack, certSerialId: null, persistedOpState: null, persistedOpStateExpiryEpochSec: 0}
2022-03-02 21:33:19,103 [EventQueue-NewNodeForNewNodeHandler] INFO  pipeline.BackgroundPipelineCreator (BackgroundPipelineCreator.java:notifyEventTriggered(285)) - trigger a one-shot run on RatisPipelineUtilsThread.
2022-03-02 21:33:19,106 [RatisPipelineUtilsThread - 0] INFO  pipeline.RatisPipelineProvider (RatisPipelineProvider.java:lambda$create$0(183)) - Sending CreatePipelineCommand for pipeline:PipelineID=3c063f8f-7428-4df5-839f-4852ec3216f1 to datanode:39d9f1c0-7130-4277-8a35-add537f65258
2022-03-02 21:33:19,110 [d7f371f7-0d79-4eb0-9764-2158321d28de@group-E779D9019C18-StateMachineUpdater] INFO  pipeline.PipelineStateManagerImpl (PipelineStateManagerImpl.java:addPipeline(101)) - Created pipeline Pipeline[ Id: 3c063f8f-7428-4df5-839f-4852ec3216f1, Nodes: 39d9f1c0-7130-4277-8a35-add537f65258{ip: 10.1.0.35, host: fv-az294-754.eaanfquahm5ulb5tj050gcxych.jx.internal.cloudapp.net, ports: [REPLICATION=38181, RATIS=33025, RATIS_ADMIN=33025, RATIS_SERVER=33025, STANDALONE=35701], networkLocation: /default-rack, certSerialId: null, persistedOpState: IN_SERVICE, persistedOpStateExpiryEpochSec: 0}, ReplicationConfig: RATIS/ONE, State:ALLOCATED, leaderId:, CreationTimestamp2022-03-02T21:33:19.106Z[Etc/UTC]].
2022-03-02 21:33:19,111 [d7f371f7-0d79-4eb0-9764-2158321d28de@group-E779D9019C18-StateMachineUpdater] INFO  safemode.HealthyPipelineSafeModeRule (HealthyPipelineSafeModeRule.java:initializeRule(152)) - Refreshed total pipeline count is 0, healthy pipeline threshold count is 1
2022-03-02 21:33:19,115 [pool-612-thread-1] INFO  storage.RaftStorage (RaftStorageImpl.java:format(89)) - Storage directory /home/runner/work/ozone/ozone/hadoop-ozone/integration-test/target/test-dir/MiniOzoneClusterImpl-f745d883-409d-4598-9a00-e779d9019c18/datanode-1/data/ratis/53b8311c-2a52-474f-af65-681cc91be6da has been successfully formatted.
2022-03-02 21:33:19,139 [pool-612-thread-1] INFO  ratis.ContainerStateMachine (ContainerStateMachine.java:loadSnapshot(236)) - group-681CC91BE6DA: The snapshot info is null. Setting the last applied indexto:(t:0, i:~)
2022-03-02 21:33:19,139 [pool-612-thread-1] INFO  server.RaftServerConfigKeys (ConfUtils.java:logGet(44)) - raft.server.notification.no-leader.timeout = 300000ms (custom)
2022-03-02 21:33:19,140 [pool-612-thread-1] INFO  server.RaftServerConfigKeys (ConfUtils.java:logGet(44)) - raft.server.log.use.memory = false (default)
2022-03-02 21:33:19,140 [pool-612-thread-1] INFO  server.RaftServerConfigKeys (ConfUtils.java:logGet(44)) - raft.server.log.purge.gap = 1000000 (custom)
2022-03-02 21:33:19,140 [pool-612-thread-1] INFO  server.RaftServerConfigKeys (ConfUtils.java:logGet(44)) - raft.server.log.appender.buffer.byte-limit = 33554432 (custom)
2022-03-02 21:33:19,140 [pool-612-thread-1] INFO  server.RaftServerConfigKeys (ConfUtils.java:logGet(44)) - raft.server.log.segment.size.max = 1048576 (custom)
2022-03-02 21:33:19,140 [pool-612-thread-1] INFO  server.RaftServerConfigKeys (ConfUtils.java:logGet(44)) - raft.server.log.segment.cache.num.max = 2 (custom)
2022-03-02 21:33:19,140 [pool-612-thread-1] INFO  server.RaftServerConfigKeys (ConfUtils.java:logGet(44)) - raft.server.log.segment.cache.size.max = 200MB (=209715200) (default)
2022-03-02 21:33:19,140 [pool-612-thread-1] INFO  segmented.SegmentedRaftLogWorker (SegmentedRaftLogWorker.java:<init>(182)) - new cdd5360e-d849-4e2b-b62b-b70fbd73a7e1@group-681CC91BE6DA-SegmentedRaftLogWorker for RaftStorageImpl:Storage Directory /home/runner/work/ozone/ozone/hadoop-ozone/integration-test/target/test-dir/MiniOzoneClusterImpl-f745d883-409d-4598-9a00-e779d9019c18/datanode-1/data/ratis/53b8311c-2a52-474f-af65-681cc91be6da
2022-03-02 21:33:19,140 [pool-612-thread-1] INFO  server.RaftServerConfigKeys (ConfUtils.java:logGet(44)) - raft.server.log.queue.byte-limit = 4294967296 (custom)
2022-03-02 21:33:19,140 [pool-612-thread-1] INFO  server.RaftServerConfigKeys (ConfUtils.java:logGet(44)) - raft.server.log.queue.element-limit = 1024 (custom)
2022-03-02 21:33:19,140 [pool-612-thread-1] INFO  server.RaftServerConfigKeys (ConfUtils.java:logGet(44)) - raft.server.log.segment.size.max = 1048576 (custom)
2022-03-02 21:33:19,140 [pool-612-thread-1] INFO  server.RaftServerConfigKeys (ConfUtils.java:logGet(44)) - raft.server.log.preallocated.size = 16384 (custom)
2022-03-02 21:33:19,140 [pool-612-thread-1] INFO  server.RaftServerConfigKeys (ConfUtils.java:logGet(44)) - raft.server.log.force.sync.num = 128 (default)
2022-03-02 21:33:19,141 [pool-612-thread-1] INFO  server.RaftServerConfigKeys (ConfUtils.java:logGet(44)) - raft.server.log.statemachine.data.sync = true (default)
2022-03-02 21:33:19,141 [pool-612-thread-1] INFO  server.RaftServerConfigKeys (ConfUtils.java:logGet(44)) - raft.server.log.statemachine.data.sync.timeout = 10s (default)
2022-03-02 21:33:19,141 [pool-612-thread-1] INFO  server.RaftServerConfigKeys (ConfUtils.java:logGet(44)) - raft.server.log.statemachine.data.sync.timeout.retry = -1 (default)
2022-03-02 21:33:19,141 [pool-612-thread-1] INFO  server.RaftServerConfigKeys (ConfUtils.java:logGet(44)) - raft.server.log.write.buffer.size = 1048576 (custom)
2022-03-02 21:33:19,142 [pool-612-thread-1] INFO  server.RaftServerConfigKeys (ConfUtils.java:logGet(44)) - raft.server.log.statemachine.data.caching.enabled = true (custom)
2022-03-02 21:33:19,142 [pool-612-thread-1] INFO  segmented.SegmentedRaftLogWorker (SegmentedRaftLogWorker.java:lambda$new$0(133)) - cdd5360e-d849-4e2b-b62b-b70fbd73a7e1@group-681CC91BE6DA-SegmentedRaftLogWorker: flushIndex: setUnconditionally 0 -> -1
2022-03-02 21:33:19,142 [pool-612-thread-1] INFO  segmented.SegmentedRaftLogWorker (SegmentedRaftLogWorker.java:lambda$new$0(133)) - cdd5360e-d849-4e2b-b62b-b70fbd73a7e1@group-681CC91BE6DA-SegmentedRaftLogWorker: safeCacheEvictIndex: setUnconditionally 0 -> -1
2022-03-02 21:33:19,143 [pool-612-thread-1] INFO  server.RaftServerConfigKeys (ConfUtils.java:logGet(44)) - raft.server.snapshot.auto.trigger.enabled = true (custom)
2022-03-02 21:33:19,143 [pool-612-thread-1] INFO  server.RaftServerConfigKeys (ConfUtils.java:logGet(44)) - raft.server.snapshot.auto.trigger.threshold = 10000 (custom)
2022-03-02 21:33:19,143 [pool-612-thread-1] INFO  server.RaftServerConfigKeys (ConfUtils.java:logGet(44)) - raft.server.snapshot.retention.file.num = 5 (custom)
2022-03-02 21:33:19,143 [pool-612-thread-1] INFO  server.RaftServerConfigKeys (ConfUtils.java:logGet(44)) - raft.server.log.purge.upto.snapshot.index = false (default)
2022-03-02 21:33:19,143 [pool-612-thread-1] INFO  server.RaftServerConfigKeys (ConfUtils.java:logGet(44)) - raft.server.retrycache.expirytime = 600000ms (custom)
2022-03-02 21:33:19,143 [pool-612-thread-1] INFO  server.RaftServerConfigKeys (ConfUtils.java:logGet(44)) - raft.server.retrycache.statistics.expirytime = 100μs (default)
2022-03-02 21:33:19,144 [pool-612-thread-1] INFO  server.RaftServer$Division (RaftServerImpl.java:start(301)) - cdd5360e-d849-4e2b-b62b-b70fbd73a7e1@group-681CC91BE6DA: start as a follower, conf=-1: [cdd5360e-d849-4e2b-b62b-b70fbd73a7e1|rpc:10.1.0.35:36141|dataStream:|priority:0, 06306a50-9ba9-4128-94e0-55d591e142a1|rpc:10.1.0.35:42445|dataStream:|priority:1, ca012516-14dd-42cd-8742-1c9d04d43fd5|rpc:10.1.0.35:34561|dataStream:|priority:0], old=null
2022-03-02 21:33:19,145 [pool-612-thread-1] INFO  server.RaftServer$Division (RaftServerImpl.java:setRole(290)) - cdd5360e-d849-4e2b-b62b-b70fbd73a7e1@group-681CC91BE6DA: changes role from      null to FOLLOWER at term 0 for startAsFollower
2022-03-02 21:33:19,145 [pool-612-thread-1] INFO  impl.RoleInfo (RoleInfo.java:updateAndGet(130)) - cdd5360e-d849-4e2b-b62b-b70fbd73a7e1: start cdd5360e-d849-4e2b-b62b-b70fbd73a7e1@group-681CC91BE6DA-FollowerState
2022-03-02 21:33:19,207 [pool-612-thread-1] INFO  util.JmxRegister (JmxRegister.java:tryRegister(44)) - Successfully registered JMX Bean with object name Ratis:service=RaftServer,group=group-681CC91BE6DA,id=cdd5360e-d849-4e2b-b62b-b70fbd73a7e1
2022-03-02 21:33:19,277 [grpc-default-executor-5] INFO  server.RaftServer (RaftServerProxy.java:addNew(95)) - ca012516-14dd-42cd-8742-1c9d04d43fd5: addNew group-681CC91BE6DA:[cdd5360e-d849-4e2b-b62b-b70fbd73a7e1|rpc:10.1.0.35:36141|dataStream:|priority:0, 06306a50-9ba9-4128-94e0-55d591e142a1|rpc:10.1.0.35:42445|dataStream:|priority:1, ca012516-14dd-42cd-8742-1c9d04d43fd5|rpc:10.1.0.35:34561|dataStream:|priority:0] returns group-681CC91BE6DA:java.util.concurrent.CompletableFuture@2aac6361[Not completed]
2022-03-02 21:33:19,303 [pool-633-thread-1] INFO  server.RaftServer$Division (RaftServerImpl.java:<init>(184)) - ca012516-14dd-42cd-8742-1c9d04d43fd5: new RaftServerImpl for group-681CC91BE6DA:[cdd5360e-d849-4e2b-b62b-b70fbd73a7e1|rpc:10.1.0.35:36141|dataStream:|priority:0, 06306a50-9ba9-4128-94e0-55d591e142a1|rpc:10.1.0.35:42445|dataStream:|priority:1, ca012516-14dd-42cd-8742-1c9d04d43fd5|rpc:10.1.0.35:34561|dataStream:|priority:0] with ContainerStateMachine:uninitialized
2022-03-02 21:33:19,303 [pool-633-thread-1] INFO  server.RaftServerConfigKeys (ConfUtils.java:logGet(44)) - raft.server.rpc.timeout.min = 5s (custom)
2022-03-02 21:33:19,303 [pool-633-thread-1] INFO  server.RaftServerConfigKeys (ConfUtils.java:logGet(44)) - raft.server.rpc.timeout.max = 5200ms (custom)
2022-03-02 21:33:19,304 [pool-633-thread-1] INFO  server.RaftServerConfigKeys (ConfUtils.java:logGet(44)) - raft.server.rpc.sleep.time = 25ms (default)
2022-03-02 21:33:19,304 [pool-633-thread-1] INFO  server.RaftServerConfigKeys (ConfUtils.java:logGet(44)) - raft.server.rpc.slowness.timeout = 300000ms (custom)
2022-03-02 21:33:19,304 [pool-633-thread-1] INFO  server.RaftServerConfigKeys (ConfUtils.java:logGet(44)) - raft.server.leaderelection.leader.step-down.wait-time = 10s (default)
2022-03-02 21:33:19,304 [pool-633-thread-1] INFO  server.RaftServerConfigKeys (ConfUtils.java:logGet(44)) - raft.server.sleep.deviation.threshold = 300ms (default)
2022-03-02 21:33:19,304 [pool-633-thread-1] INFO  server.RaftServerConfigKeys (ConfUtils.java:logGet(44)) - raft.server.log.appender.install.snapshot.enabled = false (custom)
2022-03-02 21:33:19,304 [pool-633-thread-1] INFO  server.RaftServer$Division (ServerState.java:<init>(105)) - ca012516-14dd-42cd-8742-1c9d04d43fd5@group-681CC91BE6DA: ConfigurationManager, init=-1: [cdd5360e-d849-4e2b-b62b-b70fbd73a7e1|rpc:10.1.0.35:36141|dataStream:|priority:0, 06306a50-9ba9-4128-94e0-55d591e142a1|rpc:10.1.0.35:42445|dataStream:|priority:1, ca012516-14dd-42cd-8742-1c9d04d43fd5|rpc:10.1.0.35:34561|dataStream:|priority:0], old=null, confs=<EMPTY_MAP>
2022-03-02 21:33:19,304 [pool-633-thread-1] INFO  server.RaftServerConfigKeys (ConfUtils.java:logGet(44)) - raft.server.storage.dir = [/home/runner/work/ozone/ozone/hadoop-ozone/integration-test/target/test-dir/MiniOzoneClusterImpl-f745d883-409d-4598-9a00-e779d9019c18/datanode-2/data/ratis] (custom)
2022-03-02 21:33:19,304 [pool-633-thread-1] INFO  server.RaftServerConfigKeys (ConfUtils.java:logGet(44)) - raft.server.log.corruption.policy = EXCEPTION (default)
2022-03-02 21:33:19,304 [pool-633-thread-1] INFO  server.RaftServerConfigKeys (ConfUtils.java:logGet(44)) - raft.server.storage.free-space.min = 0MB (=0) (default)
2022-03-02 21:33:19,304 [pool-633-thread-1] INFO  storage.RaftStorageDirectory (RaftStorageDirectoryImpl.java:analyzeStorage(135)) - The storage directory /home/runner/work/ozone/ozone/hadoop-ozone/integration-test/target/test-dir/MiniOzoneClusterImpl-f745d883-409d-4598-9a00-e779d9019c18/datanode-2/data/ratis/53b8311c-2a52-474f-af65-681cc91be6da does not exist. Creating ...
2022-03-02 21:33:19,339 [pool-633-thread-1] INFO  storage.RaftStorageDirectory (RaftStorageDirectoryImpl.java:tryLock(230)) - Lock on /home/runner/work/ozone/ozone/hadoop-ozone/integration-test/target/test-dir/MiniOzoneClusterImpl-f745d883-409d-4598-9a00-e779d9019c18/datanode-2/data/ratis/53b8311c-2a52-474f-af65-681cc91be6da/in_use.lock acquired by nodename 22518@fv-az294-754
2022-03-02 21:33:19,342 [Listener at 127.0.0.1/33667] INFO  ozone.MiniOzoneClusterImpl (MiniOzoneClusterImpl.java:lambda$waitForClusterToBeReady$0(219)) - Waiting for nodes to be ready. Got 5 of 7 DN Heartbeats.
2022-03-02 21:33:19,342 [Listener at 127.0.0.1/33667] INFO  ozone.MiniOzoneClusterImpl (MiniOzoneClusterImpl.java:lambda$waitForClusterToBeReady$0(222)) - Waiting for cluster to exit safe mode
2022-03-02 21:33:19,342 [Listener at 127.0.0.1/33667] INFO  ozone.MiniOzoneClusterImpl (MiniOzoneClusterImpl.java:lambda$waitForClusterToBeReady$0(224)) - SCM became leader
2022-03-02 21:33:19,342 [pool-633-thread-1] INFO  storage.RaftStorage (RaftStorageImpl.java:format(89)) - Storage directory /home/runner/work/ozone/ozone/hadoop-ozone/integration-test/target/test-dir/MiniOzoneClusterImpl-f745d883-409d-4598-9a00-e779d9019c18/datanode-2/data/ratis/53b8311c-2a52-474f-af65-681cc91be6da has been successfully formatted.
2022-03-02 21:33:19,342 [pool-633-thread-1] INFO  ratis.ContainerStateMachine (ContainerStateMachine.java:loadSnapshot(236)) - group-681CC91BE6DA: The snapshot info is null. Setting the last applied indexto:(t:0, i:~)
2022-03-02 21:33:19,342 [pool-633-thread-1] INFO  server.RaftServerConfigKeys (ConfUtils.java:logGet(44)) - raft.server.notification.no-leader.timeout = 300000ms (custom)
2022-03-02 21:33:19,343 [pool-633-thread-1] INFO  server.RaftServerConfigKeys (ConfUtils.java:logGet(44)) - raft.server.log.use.memory = false (default)
2022-03-02 21:33:19,374 [pool-633-thread-1] INFO  server.RaftServerConfigKeys (ConfUtils.java:logGet(44)) - raft.server.log.purge.gap = 1000000 (custom)
2022-03-02 21:33:19,374 [pool-633-thread-1] INFO  server.RaftServerConfigKeys (ConfUtils.java:logGet(44)) - raft.server.log.appender.buffer.byte-limit = 33554432 (custom)
2022-03-02 21:33:19,375 [pool-633-thread-1] INFO  server.RaftServerConfigKeys (ConfUtils.java:logGet(44)) - raft.server.log.segment.size.max = 1048576 (custom)
2022-03-02 21:33:19,375 [pool-633-thread-1] INFO  server.RaftServerConfigKeys (ConfUtils.java:logGet(44)) - raft.server.log.segment.cache.num.max = 2 (custom)
2022-03-02 21:33:19,375 [pool-633-thread-1] INFO  server.RaftServerConfigKeys (ConfUtils.java:logGet(44)) - raft.server.log.segment.cache.size.max = 200MB (=209715200) (default)
2022-03-02 21:33:19,375 [pool-633-thread-1] INFO  segmented.SegmentedRaftLogWorker (SegmentedRaftLogWorker.java:<init>(182)) - new ca012516-14dd-42cd-8742-1c9d04d43fd5@group-681CC91BE6DA-SegmentedRaftLogWorker for RaftStorageImpl:Storage Directory /home/runner/work/ozone/ozone/hadoop-ozone/integration-test/target/test-dir/MiniOzoneClusterImpl-f745d883-409d-4598-9a00-e779d9019c18/datanode-2/data/ratis/53b8311c-2a52-474f-af65-681cc91be6da
2022-03-02 21:33:19,375 [pool-633-thread-1] INFO  server.RaftServerConfigKeys (ConfUtils.java:logGet(44)) - raft.server.log.queue.byte-limit = 4294967296 (custom)
2022-03-02 21:33:19,375 [pool-633-thread-1] INFO  server.RaftServerConfigKeys (ConfUtils.java:logGet(44)) - raft.server.log.queue.element-limit = 1024 (custom)
2022-03-02 21:33:19,375 [pool-633-thread-1] INFO  server.RaftServerConfigKeys (ConfUtils.java:logGet(44)) - raft.server.log.segment.size.max = 1048576 (custom)
2022-03-02 21:33:19,375 [pool-633-thread-1] INFO  server.RaftServerConfigKeys (ConfUtils.java:logGet(44)) - raft.server.log.preallocated.size = 16384 (custom)
2022-03-02 21:33:19,375 [pool-633-thread-1] INFO  server.RaftServerConfigKeys (ConfUtils.java:logGet(44)) - raft.server.log.force.sync.num = 128 (default)
2022-03-02 21:33:19,375 [pool-633-thread-1] INFO  server.RaftServerConfigKeys (ConfUtils.java:logGet(44)) - raft.server.log.statemachine.data.sync = true (default)
2022-03-02 21:33:19,375 [pool-633-thread-1] INFO  server.RaftServerConfigKeys (ConfUtils.java:logGet(44)) - raft.server.log.statemachine.data.sync.timeout = 10s (default)
2022-03-02 21:33:19,375 [pool-633-thread-1] INFO  server.RaftServerConfigKeys (ConfUtils.java:logGet(44)) - raft.server.log.statemachine.data.sync.timeout.retry = -1 (default)
2022-03-02 21:33:19,376 [pool-633-thread-1] INFO  server.RaftServerConfigKeys (ConfUtils.java:logGet(44)) - raft.server.log.write.buffer.size = 1048576 (custom)
2022-03-02 21:33:19,376 [pool-633-thread-1] INFO  server.RaftServerConfigKeys (ConfUtils.java:logGet(44)) - raft.server.log.statemachine.data.caching.enabled = true (custom)
2022-03-02 21:33:19,377 [pool-633-thread-1] INFO  segmented.SegmentedRaftLogWorker (SegmentedRaftLogWorker.java:lambda$new$0(133)) - ca012516-14dd-42cd-8742-1c9d04d43fd5@group-681CC91BE6DA-SegmentedRaftLogWorker: flushIndex: setUnconditionally 0 -> -1
2022-03-02 21:33:19,377 [pool-633-thread-1] INFO  segmented.SegmentedRaftLogWorker (SegmentedRaftLogWorker.java:lambda$new$0(133)) - ca012516-14dd-42cd-8742-1c9d04d43fd5@group-681CC91BE6DA-SegmentedRaftLogWorker: safeCacheEvictIndex: setUnconditionally 0 -> -1
2022-03-02 21:33:19,384 [pool-633-thread-1] INFO  server.RaftServerConfigKeys (ConfUtils.java:logGet(44)) - raft.server.snapshot.auto.trigger.enabled = true (custom)
2022-03-02 21:33:19,384 [pool-633-thread-1] INFO  server.RaftServerConfigKeys (ConfUtils.java:logGet(44)) - raft.server.snapshot.auto.trigger.threshold = 10000 (custom)
2022-03-02 21:33:19,384 [pool-633-thread-1] INFO  server.RaftServerConfigKeys (ConfUtils.java:logGet(44)) - raft.server.snapshot.retention.file.num = 5 (custom)
2022-03-02 21:33:19,384 [pool-633-thread-1] INFO  server.RaftServerConfigKeys (ConfUtils.java:logGet(44)) - raft.server.log.purge.upto.snapshot.index = false (default)
2022-03-02 21:33:19,385 [pool-633-thread-1] INFO  server.RaftServerConfigKeys (ConfUtils.java:logGet(44)) - raft.server.retrycache.expirytime = 600000ms (custom)
2022-03-02 21:33:19,385 [pool-633-thread-1] INFO  server.RaftServerConfigKeys (ConfUtils.java:logGet(44)) - raft.server.retrycache.statistics.expirytime = 100μs (default)
2022-03-02 21:33:19,391 [pool-633-thread-1] INFO  server.RaftServer$Division (RaftServerImpl.java:start(301)) - ca012516-14dd-42cd-8742-1c9d04d43fd5@group-681CC91BE6DA: start as a follower, conf=-1: [cdd5360e-d849-4e2b-b62b-b70fbd73a7e1|rpc:10.1.0.35:36141|dataStream:|priority:0, 06306a50-9ba9-4128-94e0-55d591e142a1|rpc:10.1.0.35:42445|dataStream:|priority:1, ca012516-14dd-42cd-8742-1c9d04d43fd5|rpc:10.1.0.35:34561|dataStream:|priority:0], old=null
2022-03-02 21:33:19,391 [pool-633-thread-1] INFO  server.RaftServer$Division (RaftServerImpl.java:setRole(290)) - ca012516-14dd-42cd-8742-1c9d04d43fd5@group-681CC91BE6DA: changes role from      null to FOLLOWER at term 0 for startAsFollower
2022-03-02 21:33:19,391 [pool-633-thread-1] INFO  impl.RoleInfo (RoleInfo.java:updateAndGet(130)) - ca012516-14dd-42cd-8742-1c9d04d43fd5: start ca012516-14dd-42cd-8742-1c9d04d43fd5@group-681CC91BE6DA-FollowerState
2022-03-02 21:33:19,403 [pool-633-thread-1] INFO  util.JmxRegister (JmxRegister.java:tryRegister(44)) - Successfully registered JMX Bean with object name Ratis:service=RaftServer,group=group-681CC91BE6DA,id=ca012516-14dd-42cd-8742-1c9d04d43fd5
2022-03-02 21:33:19,469 [Command processor thread] INFO  server.RaftServer (RaftServerProxy.java:addNew(95)) - cdd5360e-d849-4e2b-b62b-b70fbd73a7e1: addNew group-33718A808786:[cdd5360e-d849-4e2b-b62b-b70fbd73a7e1|rpc:10.1.0.35:36141|priority:1] returns group-33718A808786:java.util.concurrent.CompletableFuture@1f5cc61d[Not completed]
2022-03-02 21:33:19,470 [pool-612-thread-1] INFO  server.RaftServer$Division (RaftServerImpl.java:<init>(184)) - cdd5360e-d849-4e2b-b62b-b70fbd73a7e1: new RaftServerImpl for group-33718A808786:[cdd5360e-d849-4e2b-b62b-b70fbd73a7e1|rpc:10.1.0.35:36141|priority:1] with ContainerStateMachine:uninitialized
2022-03-02 21:33:19,470 [pool-612-thread-1] INFO  server.RaftServerConfigKeys (ConfUtils.java:logGet(44)) - raft.server.rpc.timeout.min = 5s (custom)
2022-03-02 21:33:19,470 [pool-612-thread-1] INFO  server.RaftServerConfigKeys (ConfUtils.java:logGet(44)) - raft.server.rpc.timeout.max = 5200ms (custom)
2022-03-02 21:33:19,470 [pool-612-thread-1] INFO  server.RaftServerConfigKeys (ConfUtils.java:logGet(44)) - raft.server.rpc.sleep.time = 25ms (default)
2022-03-02 21:33:19,470 [pool-612-thread-1] INFO  server.RaftServerConfigKeys (ConfUtils.java:logGet(44)) - raft.server.rpc.slowness.timeout = 300000ms (custom)
2022-03-02 21:33:19,470 [pool-612-thread-1] INFO  server.RaftServerConfigKeys (ConfUtils.java:logGet(44)) - raft.server.leaderelection.leader.step-down.wait-time = 10s (default)
2022-03-02 21:33:19,470 [pool-612-thread-1] INFO  server.RaftServerConfigKeys (ConfUtils.java:logGet(44)) - raft.server.sleep.deviation.threshold = 300ms (default)
2022-03-02 21:33:19,470 [pool-612-thread-1] INFO  server.RaftServerConfigKeys (ConfUtils.java:logGet(44)) - raft.server.log.appender.install.snapshot.enabled = false (custom)
2022-03-02 21:33:19,470 [pool-612-thread-1] INFO  server.RaftServer$Division (ServerState.java:<init>(105)) - cdd5360e-d849-4e2b-b62b-b70fbd73a7e1@group-33718A808786: ConfigurationManager, init=-1: [cdd5360e-d849-4e2b-b62b-b70fbd73a7e1|rpc:10.1.0.35:36141|priority:1], old=null, confs=<EMPTY_MAP>
2022-03-02 21:33:19,470 [pool-612-thread-1] INFO  server.RaftServerConfigKeys (ConfUtils.java:logGet(44)) - raft.server.storage.dir = [/home/runner/work/ozone/ozone/hadoop-ozone/integration-test/target/test-dir/MiniOzoneClusterImpl-f745d883-409d-4598-9a00-e779d9019c18/datanode-1/data/ratis] (custom)
2022-03-02 21:33:19,471 [pool-612-thread-1] INFO  server.RaftServerConfigKeys (ConfUtils.java:logGet(44)) - raft.server.log.corruption.policy = EXCEPTION (default)
2022-03-02 21:33:19,471 [pool-612-thread-1] INFO  server.RaftServerConfigKeys (ConfUtils.java:logGet(44)) - raft.server.storage.free-space.min = 0MB (=0) (default)
2022-03-02 21:33:19,471 [pool-612-thread-1] INFO  storage.RaftStorageDirectory (RaftStorageDirectoryImpl.java:analyzeStorage(135)) - The storage directory /home/runner/work/ozone/ozone/hadoop-ozone/integration-test/target/test-dir/MiniOzoneClusterImpl-f745d883-409d-4598-9a00-e779d9019c18/datanode-1/data/ratis/a5e47bad-4557-4566-987a-33718a808786 does not exist. Creating ...
2022-03-02 21:33:19,472 [pool-612-thread-1] INFO  storage.RaftStorageDirectory (RaftStorageDirectoryImpl.java:tryLock(230)) - Lock on /home/runner/work/ozone/ozone/hadoop-ozone/integration-test/target/test-dir/MiniOzoneClusterImpl-f745d883-409d-4598-9a00-e779d9019c18/datanode-1/data/ratis/a5e47bad-4557-4566-987a-33718a808786/in_use.lock acquired by nodename 22518@fv-az294-754
2022-03-02 21:33:19,475 [pool-612-thread-1] INFO  storage.RaftStorage (RaftStorageImpl.java:format(89)) - Storage directory /home/runner/work/ozone/ozone/hadoop-ozone/integration-test/target/test-dir/MiniOzoneClusterImpl-f745d883-409d-4598-9a00-e779d9019c18/datanode-1/data/ratis/a5e47bad-4557-4566-987a-33718a808786 has been successfully formatted.
2022-03-02 21:33:19,475 [pool-612-thread-1] INFO  ratis.ContainerStateMachine (ContainerStateMachine.java:loadSnapshot(236)) - group-33718A808786: The snapshot info is null. Setting the last applied indexto:(t:0, i:~)
2022-03-02 21:33:19,475 [pool-612-thread-1] INFO  server.RaftServerConfigKeys (ConfUtils.java:logGet(44)) - raft.server.notification.no-leader.timeout = 300000ms (custom)
2022-03-02 21:33:19,475 [pool-612-thread-1] INFO  server.RaftServerConfigKeys (ConfUtils.java:logGet(44)) - raft.server.log.use.memory = false (default)
2022-03-02 21:33:19,475 [pool-612-thread-1] INFO  server.RaftServerConfigKeys (ConfUtils.java:logGet(44)) - raft.server.log.purge.gap = 1000000 (custom)
2022-03-02 21:33:19,476 [pool-612-thread-1] INFO  server.RaftServerConfigKeys (ConfUtils.java:logGet(44)) - raft.server.log.appender.buffer.byte-limit = 33554432 (custom)
2022-03-02 21:33:19,476 [pool-612-thread-1] INFO  server.RaftServerConfigKeys (ConfUtils.java:logGet(44)) - raft.server.log.segment.size.max = 1048576 (custom)
2022-03-02 21:33:19,476 [pool-612-thread-1] INFO  server.RaftServerConfigKeys (ConfUtils.java:logGet(44)) - raft.server.log.segment.cache.num.max = 2 (custom)
2022-03-02 21:33:19,476 [pool-612-thread-1] INFO  server.RaftServerConfigKeys (ConfUtils.java:logGet(44)) - raft.server.log.segment.cache.size.max = 200MB (=209715200) (default)
2022-03-02 21:33:19,476 [pool-612-thread-1] INFO  segmented.SegmentedRaftLogWorker (SegmentedRaftLogWorker.java:<init>(182)) - new cdd5360e-d849-4e2b-b62b-b70fbd73a7e1@group-33718A808786-SegmentedRaftLogWorker for RaftStorageImpl:Storage Directory /home/runner/work/ozone/ozone/hadoop-ozone/integration-test/target/test-dir/MiniOzoneClusterImpl-f745d883-409d-4598-9a00-e779d9019c18/datanode-1/data/ratis/a5e47bad-4557-4566-987a-33718a808786
2022-03-02 21:33:19,476 [pool-612-thread-1] INFO  server.RaftServerConfigKeys (ConfUtils.java:logGet(44)) - raft.server.log.queue.byte-limit = 4294967296 (custom)
2022-03-02 21:33:19,476 [pool-612-thread-1] INFO  server.RaftServerConfigKeys (ConfUtils.java:logGet(44)) - raft.server.log.queue.element-limit = 1024 (custom)
2022-03-02 21:33:19,476 [pool-612-thread-1] INFO  server.RaftServerConfigKeys (ConfUtils.java:logGet(44)) - raft.server.log.segment.size.max = 1048576 (custom)
2022-03-02 21:33:19,476 [pool-612-thread-1] INFO  server.RaftServerConfigKeys (ConfUtils.java:logGet(44)) - raft.server.log.preallocated.size = 16384 (custom)
2022-03-02 21:33:19,476 [pool-612-thread-1] INFO  server.RaftServerConfigKeys (ConfUtils.java:logGet(44)) - raft.server.log.force.sync.num = 128 (default)
2022-03-02 21:33:19,476 [pool-612-thread-1] INFO  server.RaftServerConfigKeys (ConfUtils.java:logGet(44)) - raft.server.log.statemachine.data.sync = true (default)
2022-03-02 21:33:19,476 [pool-612-thread-1] INFO  server.RaftServerConfigKeys (ConfUtils.java:logGet(44)) - raft.server.log.statemachine.data.sync.timeout = 10s (default)
2022-03-02 21:33:19,476 [pool-612-thread-1] INFO  server.RaftServerConfigKeys (ConfUtils.java:logGet(44)) - raft.server.log.statemachine.data.sync.timeout.retry = -1 (default)
2022-03-02 21:33:19,477 [pool-612-thread-1] INFO  server.RaftServerConfigKeys (ConfUtils.java:logGet(44)) - raft.server.log.write.buffer.size = 1048576 (custom)
2022-03-02 21:33:19,478 [pool-612-thread-1] INFO  server.RaftServerConfigKeys (ConfUtils.java:logGet(44)) - raft.server.log.statemachine.data.caching.enabled = true (custom)
2022-03-02 21:33:19,478 [pool-612-thread-1] INFO  segmented.SegmentedRaftLogWorker (SegmentedRaftLogWorker.java:lambda$new$0(133)) - cdd5360e-d849-4e2b-b62b-b70fbd73a7e1@group-33718A808786-SegmentedRaftLogWorker: flushIndex: setUnconditionally 0 -> -1
2022-03-02 21:33:19,478 [pool-612-thread-1] INFO  segmented.SegmentedRaftLogWorker (SegmentedRaftLogWorker.java:lambda$new$0(133)) - cdd5360e-d849-4e2b-b62b-b70fbd73a7e1@group-33718A808786-SegmentedRaftLogWorker: safeCacheEvictIndex: setUnconditionally 0 -> -1
2022-03-02 21:33:19,479 [EventQueue-PipelineReportForPipelineReportHandler] INFO  pipeline.PipelineManagerImpl (PipelineManagerImpl.java:openPipeline(291)) - Pipeline Pipeline[ Id: a5e47bad-4557-4566-987a-33718a808786, Nodes: cdd5360e-d849-4e2b-b62b-b70fbd73a7e1{ip: 10.1.0.35, host: fv-az294-754.eaanfquahm5ulb5tj050gcxych.jx.internal.cloudapp.net, ports: [REPLICATION=36763, RATIS=36141, RATIS_ADMIN=36141, RATIS_SERVER=36141, STANDALONE=41835], networkLocation: /default-rack, certSerialId: null, persistedOpState: IN_SERVICE, persistedOpStateExpiryEpochSec: 0}, ReplicationConfig: RATIS/ONE, State:ALLOCATED, leaderId:cdd5360e-d849-4e2b-b62b-b70fbd73a7e1, CreationTimestamp2022-03-02T21:33:16.529Z[Etc/UTC]] moved to OPEN state
2022-03-02 21:33:19,481 [d7f371f7-0d79-4eb0-9764-2158321d28de@group-E779D9019C18-StateMachineUpdater] INFO  safemode.HealthyPipelineSafeModeRule (HealthyPipelineSafeModeRule.java:initializeRule(152)) - Refreshed total pipeline count is 0, healthy pipeline threshold count is 1
2022-03-02 21:33:19,511 [pool-612-thread-1] INFO  server.RaftServerConfigKeys (ConfUtils.java:logGet(44)) - raft.server.snapshot.auto.trigger.enabled = true (custom)
2022-03-02 21:33:19,511 [pool-612-thread-1] INFO  server.RaftServerConfigKeys (ConfUtils.java:logGet(44)) - raft.server.snapshot.auto.trigger.threshold = 10000 (custom)
2022-03-02 21:33:19,511 [pool-612-thread-1] INFO  server.RaftServerConfigKeys (ConfUtils.java:logGet(44)) - raft.server.snapshot.retention.file.num = 5 (custom)
2022-03-02 21:33:19,511 [pool-612-thread-1] INFO  server.RaftServerConfigKeys (ConfUtils.java:logGet(44)) - raft.server.log.purge.upto.snapshot.index = false (default)
2022-03-02 21:33:19,511 [pool-612-thread-1] INFO  server.RaftServerConfigKeys (ConfUtils.java:logGet(44)) - raft.server.retrycache.expirytime = 600000ms (custom)
2022-03-02 21:33:19,511 [pool-612-thread-1] INFO  server.RaftServerConfigKeys (ConfUtils.java:logGet(44)) - raft.server.retrycache.statistics.expirytime = 100μs (default)
2022-03-02 21:33:19,512 [pool-612-thread-1] INFO  server.RaftServer$Division (RaftServerImpl.java:start(301)) - cdd5360e-d849-4e2b-b62b-b70fbd73a7e1@group-33718A808786: start as a follower, conf=-1: [cdd5360e-d849-4e2b-b62b-b70fbd73a7e1|rpc:10.1.0.35:36141|priority:1], old=null
2022-03-02 21:33:19,512 [pool-612-thread-1] INFO  server.RaftServer$Division (RaftServerImpl.java:setRole(290)) - cdd5360e-d849-4e2b-b62b-b70fbd73a7e1@group-33718A808786: changes role from      null to FOLLOWER at term 0 for startAsFollower
2022-03-02 21:33:19,512 [pool-612-thread-1] INFO  impl.RoleInfo (RoleInfo.java:updateAndGet(130)) - cdd5360e-d849-4e2b-b62b-b70fbd73a7e1: start cdd5360e-d849-4e2b-b62b-b70fbd73a7e1@group-33718A808786-FollowerState
2022-03-02 21:33:19,536 [Command processor thread] INFO  commandhandler.CreatePipelineCommandHandler (CreatePipelineCommandHandler.java:handle(106)) - Created Pipeline RATIS THREE PipelineID=53b8311c-2a52-474f-af65-681cc91be6da.
2022-03-02 21:33:19,536 [Command processor thread] INFO  server.RaftServer (RaftServerProxy.java:addNew(95)) - 06306a50-9ba9-4128-94e0-55d591e142a1: addNew group-8EC42998B879:[cdd5360e-d849-4e2b-b62b-b70fbd73a7e1|rpc:10.1.0.35:36141|priority:0, 06306a50-9ba9-4128-94e0-55d591e142a1|rpc:10.1.0.35:42445|priority:0, ca012516-14dd-42cd-8742-1c9d04d43fd5|rpc:10.1.0.35:34561|priority:1] returns group-8EC42998B879:java.util.concurrent.CompletableFuture@65f944ea[Not completed]
2022-03-02 21:33:19,536 [EventQueue-OpenPipelineForHealthyPipelineSafeModeRule] INFO  safemode.SCMSafeModeManager (HealthyPipelineSafeModeRule.java:process(124)) - SCM in safe mode. Healthy pipelines reported count is 0, required healthy pipeline reported count is 1
2022-03-02 21:33:19,537 [pool-591-thread-1] INFO  server.RaftServer$Division (RaftServerImpl.java:<init>(184)) - 06306a50-9ba9-4128-94e0-55d591e142a1: new RaftServerImpl for group-8EC42998B879:[cdd5360e-d849-4e2b-b62b-b70fbd73a7e1|rpc:10.1.0.35:36141|priority:0, 06306a50-9ba9-4128-94e0-55d591e142a1|rpc:10.1.0.35:42445|priority:0, ca012516-14dd-42cd-8742-1c9d04d43fd5|rpc:10.1.0.35:34561|priority:1] with ContainerStateMachine:uninitialized
2022-03-02 21:33:19,537 [pool-591-thread-1] INFO  server.RaftServerConfigKeys (ConfUtils.java:logGet(44)) - raft.server.rpc.timeout.min = 5s (custom)
2022-03-02 21:33:19,537 [pool-591-thread-1] INFO  server.RaftServerConfigKeys (ConfUtils.java:logGet(44)) - raft.server.rpc.timeout.max = 5200ms (custom)
2022-03-02 21:33:19,537 [pool-591-thread-1] INFO  server.RaftServerConfigKeys (ConfUtils.java:logGet(44)) - raft.server.rpc.sleep.time = 25ms (default)
2022-03-02 21:33:19,537 [pool-591-thread-1] INFO  server.RaftServerConfigKeys (ConfUtils.java:logGet(44)) - raft.server.rpc.slowness.timeout = 300000ms (custom)
2022-03-02 21:33:19,537 [pool-591-thread-1] INFO  server.RaftServerConfigKeys (ConfUtils.java:logGet(44)) - raft.server.leaderelection.leader.step-down.wait-time = 10s (default)
2022-03-02 21:33:19,537 [pool-591-thread-1] INFO  server.RaftServerConfigKeys (ConfUtils.java:logGet(44)) - raft.server.sleep.deviation.threshold = 300ms (default)
2022-03-02 21:33:19,537 [pool-591-thread-1] INFO  server.RaftServerConfigKeys (ConfUtils.java:logGet(44)) - raft.server.log.appender.install.snapshot.enabled = false (custom)
2022-03-02 21:33:19,537 [pool-591-thread-1] INFO  server.RaftServer$Division (ServerState.java:<init>(105)) - 06306a50-9ba9-4128-94e0-55d591e142a1@group-8EC42998B879: ConfigurationManager, init=-1: [cdd5360e-d849-4e2b-b62b-b70fbd73a7e1|rpc:10.1.0.35:36141|priority:0, 06306a50-9ba9-4128-94e0-55d591e142a1|rpc:10.1.0.35:42445|priority:0, ca012516-14dd-42cd-8742-1c9d04d43fd5|rpc:10.1.0.35:34561|priority:1], old=null, confs=<EMPTY_MAP>
2022-03-02 21:33:19,537 [pool-591-thread-1] INFO  server.RaftServerConfigKeys (ConfUtils.java:logGet(44)) - raft.server.storage.dir = [/home/runner/work/ozone/ozone/hadoop-ozone/integration-test/target/test-dir/MiniOzoneClusterImpl-f745d883-409d-4598-9a00-e779d9019c18/datanode-0/data/ratis] (custom)
2022-03-02 21:33:19,537 [pool-591-thread-1] INFO  server.RaftServerConfigKeys (ConfUtils.java:logGet(44)) - raft.server.log.corruption.policy = EXCEPTION (default)
2022-03-02 21:33:19,537 [pool-591-thread-1] INFO  server.RaftServerConfigKeys (ConfUtils.java:logGet(44)) - raft.server.storage.free-space.min = 0MB (=0) (default)
2022-03-02 21:33:19,538 [pool-591-thread-1] INFO  storage.RaftStorageDirectory (RaftStorageDirectoryImpl.java:analyzeStorage(135)) - The storage directory /home/runner/work/ozone/ozone/hadoop-ozone/integration-test/target/test-dir/MiniOzoneClusterImpl-f745d883-409d-4598-9a00-e779d9019c18/datanode-0/data/ratis/8245a83f-df17-4492-b969-8ec42998b879 does not exist. Creating ...
2022-03-02 21:33:19,547 [pool-591-thread-1] INFO  storage.RaftStorageDirectory (RaftStorageDirectoryImpl.java:tryLock(230)) - Lock on /home/runner/work/ozone/ozone/hadoop-ozone/integration-test/target/test-dir/MiniOzoneClusterImpl-f745d883-409d-4598-9a00-e779d9019c18/datanode-0/data/ratis/8245a83f-df17-4492-b969-8ec42998b879/in_use.lock acquired by nodename 22518@fv-az294-754
2022-03-02 21:33:19,555 [pool-591-thread-1] INFO  storage.RaftStorage (RaftStorageImpl.java:format(89)) - Storage directory /home/runner/work/ozone/ozone/hadoop-ozone/integration-test/target/test-dir/MiniOzoneClusterImpl-f745d883-409d-4598-9a00-e779d9019c18/datanode-0/data/ratis/8245a83f-df17-4492-b969-8ec42998b879 has been successfully formatted.
2022-03-02 21:33:19,556 [pool-591-thread-1] INFO  ratis.ContainerStateMachine (ContainerStateMachine.java:loadSnapshot(236)) - group-8EC42998B879: The snapshot info is null. Setting the last applied indexto:(t:0, i:~)
2022-03-02 21:33:19,556 [pool-591-thread-1] INFO  server.RaftServerConfigKeys (ConfUtils.java:logGet(44)) - raft.server.notification.no-leader.timeout = 300000ms (custom)
2022-03-02 21:33:19,556 [pool-591-thread-1] INFO  server.RaftServerConfigKeys (ConfUtils.java:logGet(44)) - raft.server.log.use.memory = false (default)
2022-03-02 21:33:19,556 [pool-591-thread-1] INFO  server.RaftServerConfigKeys (ConfUtils.java:logGet(44)) - raft.server.log.purge.gap = 1000000 (custom)
2022-03-02 21:33:19,556 [pool-591-thread-1] INFO  server.RaftServerConfigKeys (ConfUtils.java:logGet(44)) - raft.server.log.appender.buffer.byte-limit = 33554432 (custom)
2022-03-02 21:33:19,556 [EventQueue-OpenPipelineForHealthyPipelineSafeModeRule] INFO  safemode.SCMSafeModeManager (HealthyPipelineSafeModeRule.java:process(124)) - SCM in safe mode. Healthy pipelines reported count is 0, required healthy pipeline reported count is 1
2022-03-02 21:33:19,556 [pool-591-thread-1] INFO  server.RaftServerConfigKeys (ConfUtils.java:logGet(44)) - raft.server.log.segment.size.max = 1048576 (custom)
2022-03-02 21:33:19,557 [pool-591-thread-1] INFO  server.RaftServerConfigKeys (ConfUtils.java:logGet(44)) - raft.server.log.segment.cache.num.max = 2 (custom)
2022-03-02 21:33:19,557 [pool-591-thread-1] INFO  server.RaftServerConfigKeys (ConfUtils.java:logGet(44)) - raft.server.log.segment.cache.size.max = 200MB (=209715200) (default)
2022-03-02 21:33:19,557 [pool-591-thread-1] INFO  segmented.SegmentedRaftLogWorker (SegmentedRaftLogWorker.java:<init>(182)) - new 06306a50-9ba9-4128-94e0-55d591e142a1@group-8EC42998B879-SegmentedRaftLogWorker for RaftStorageImpl:Storage Directory /home/runner/work/ozone/ozone/hadoop-ozone/integration-test/target/test-dir/MiniOzoneClusterImpl-f745d883-409d-4598-9a00-e779d9019c18/datanode-0/data/ratis/8245a83f-df17-4492-b969-8ec42998b879
2022-03-02 21:33:19,557 [pool-591-thread-1] INFO  server.RaftServerConfigKeys (ConfUtils.java:logGet(44)) - raft.server.log.queue.byte-limit = 4294967296 (custom)
2022-03-02 21:33:19,557 [pool-591-thread-1] INFO  server.RaftServerConfigKeys (ConfUtils.java:logGet(44)) - raft.server.log.queue.element-limit = 1024 (custom)
2022-03-02 21:33:19,557 [pool-591-thread-1] INFO  server.RaftServerConfigKeys (ConfUtils.java:logGet(44)) - raft.server.log.segment.size.max = 1048576 (custom)
2022-03-02 21:33:19,557 [pool-591-thread-1] INFO  server.RaftServerConfigKeys (ConfUtils.java:logGet(44)) - raft.server.log.preallocated.size = 16384 (custom)
2022-03-02 21:33:19,558 [pool-591-thread-1] INFO  server.RaftServerConfigKeys (ConfUtils.java:logGet(44)) - raft.server.log.force.sync.num = 128 (default)
2022-03-02 21:33:19,558 [pool-591-thread-1] INFO  server.RaftServerConfigKeys (ConfUtils.java:logGet(44)) - raft.server.log.statemachine.data.sync = true (default)
2022-03-02 21:33:19,558 [pool-591-thread-1] INFO  server.RaftServerConfigKeys (ConfUtils.java:logGet(44)) - raft.server.log.statemachine.data.sync.timeout = 10s (default)
2022-03-02 21:33:19,558 [pool-591-thread-1] INFO  server.RaftServerConfigKeys (ConfUtils.java:logGet(44)) - raft.server.log.statemachine.data.sync.timeout.retry = -1 (default)
2022-03-02 21:33:19,558 [pool-591-thread-1] INFO  server.RaftServerConfigKeys (ConfUtils.java:logGet(44)) - raft.server.log.write.buffer.size = 1048576 (custom)
2022-03-02 21:33:19,559 [pool-591-thread-1] INFO  server.RaftServerConfigKeys (ConfUtils.java:logGet(44)) - raft.server.log.statemachine.data.caching.enabled = true (custom)
2022-03-02 21:33:19,567 [pool-591-thread-1] INFO  segmented.SegmentedRaftLogWorker (SegmentedRaftLogWorker.java:lambda$new$0(133)) - 06306a50-9ba9-4128-94e0-55d591e142a1@group-8EC42998B879-SegmentedRaftLogWorker: flushIndex: setUnconditionally 0 -> -1
2022-03-02 21:33:19,567 [pool-591-thread-1] INFO  segmented.SegmentedRaftLogWorker (SegmentedRaftLogWorker.java:lambda$new$0(133)) - 06306a50-9ba9-4128-94e0-55d591e142a1@group-8EC42998B879-SegmentedRaftLogWorker: safeCacheEvictIndex: setUnconditionally 0 -> -1
2022-03-02 21:33:19,575 [pool-591-thread-1] INFO  server.RaftServerConfigKeys (ConfUtils.java:logGet(44)) - raft.server.snapshot.auto.trigger.enabled = true (custom)
2022-03-02 21:33:19,575 [pool-591-thread-1] INFO  server.RaftServerConfigKeys (ConfUtils.java:logGet(44)) - raft.server.snapshot.auto.trigger.threshold = 10000 (custom)
2022-03-02 21:33:19,575 [pool-591-thread-1] INFO  server.RaftServerConfigKeys (ConfUtils.java:logGet(44)) - raft.server.snapshot.retention.file.num = 5 (custom)
2022-03-02 21:33:19,575 [pool-591-thread-1] INFO  server.RaftServerConfigKeys (ConfUtils.java:logGet(44)) - raft.server.log.purge.upto.snapshot.index = false (default)
2022-03-02 21:33:19,575 [pool-591-thread-1] INFO  server.RaftServerConfigKeys (ConfUtils.java:logGet(44)) - raft.server.retrycache.expirytime = 600000ms (custom)
2022-03-02 21:33:19,575 [pool-591-thread-1] INFO  server.RaftServerConfigKeys (ConfUtils.java:logGet(44)) - raft.server.retrycache.statistics.expirytime = 100μs (default)
2022-03-02 21:33:19,576 [pool-591-thread-1] INFO  server.RaftServer$Division (RaftServerImpl.java:start(301)) - 06306a50-9ba9-4128-94e0-55d591e142a1@group-8EC42998B879: start as a follower, conf=-1: [cdd5360e-d849-4e2b-b62b-b70fbd73a7e1|rpc:10.1.0.35:36141|priority:0, 06306a50-9ba9-4128-94e0-55d591e142a1|rpc:10.1.0.35:42445|priority:0, ca012516-14dd-42cd-8742-1c9d04d43fd5|rpc:10.1.0.35:34561|priority:1], old=null
2022-03-02 21:33:19,576 [pool-591-thread-1] INFO  server.RaftServer$Division (RaftServerImpl.java:setRole(290)) - 06306a50-9ba9-4128-94e0-55d591e142a1@group-8EC42998B879: changes role from      null to FOLLOWER at term 0 for startAsFollower
2022-03-02 21:33:19,576 [pool-591-thread-1] INFO  impl.RoleInfo (RoleInfo.java:updateAndGet(130)) - 06306a50-9ba9-4128-94e0-55d591e142a1: start 06306a50-9ba9-4128-94e0-55d591e142a1@group-8EC42998B879-FollowerState
2022-03-02 21:33:19,603 [pool-591-thread-1] INFO  util.JmxRegister (JmxRegister.java:tryRegister(44)) - Successfully registered JMX Bean with object name Ratis:service=RaftServer,group=group-8EC42998B879,id=06306a50-9ba9-4128-94e0-55d591e142a1
2022-03-02 21:33:19,603 [pool-612-thread-1] INFO  util.JmxRegister (JmxRegister.java:tryRegister(44)) - Successfully registered JMX Bean with object name Ratis:service=RaftServer,group=group-33718A808786,id=cdd5360e-d849-4e2b-b62b-b70fbd73a7e1
2022-03-02 21:33:19,643 [Command processor thread] INFO  ratis.XceiverServerRatis (XceiverServerRatis.java:addGroup(769)) - Created group PipelineID=8245a83f-df17-4492-b969-8ec42998b879
2022-03-02 21:33:19,643 [Command processor thread] INFO  ratis.XceiverServerRatis (XceiverServerRatis.java:addGroup(769)) - Created group PipelineID=a5e47bad-4557-4566-987a-33718a808786
2022-03-02 21:33:19,643 [Command processor thread] INFO  commandhandler.CreatePipelineCommandHandler (CreatePipelineCommandHandler.java:handle(106)) - Created Pipeline RATIS ONE PipelineID=a5e47bad-4557-4566-987a-33718a808786.
2022-03-02 21:33:19,643 [Command processor thread] INFO  server.RaftServer (RaftServerProxy.java:addNew(95)) - cdd5360e-d849-4e2b-b62b-b70fbd73a7e1: addNew group-8EC42998B879:[cdd5360e-d849-4e2b-b62b-b70fbd73a7e1|rpc:10.1.0.35:36141|priority:0, 06306a50-9ba9-4128-94e0-55d591e142a1|rpc:10.1.0.35:42445|priority:0, ca012516-14dd-42cd-8742-1c9d04d43fd5|rpc:10.1.0.35:34561|priority:1] returns group-8EC42998B879:java.util.concurrent.CompletableFuture@119b2b86[Not completed]
2022-03-02 21:33:19,644 [pool-612-thread-1] INFO  server.RaftServer$Division (RaftServerImpl.java:<init>(184)) - cdd5360e-d849-4e2b-b62b-b70fbd73a7e1: new RaftServerImpl for group-8EC42998B879:[cdd5360e-d849-4e2b-b62b-b70fbd73a7e1|rpc:10.1.0.35:36141|priority:0, 06306a50-9ba9-4128-94e0-55d591e142a1|rpc:10.1.0.35:42445|priority:0, ca012516-14dd-42cd-8742-1c9d04d43fd5|rpc:10.1.0.35:34561|priority:1] with ContainerStateMachine:uninitialized
2022-03-02 21:33:19,644 [pool-612-thread-1] INFO  server.RaftServerConfigKeys (ConfUtils.java:logGet(44)) - raft.server.rpc.timeout.min = 5s (custom)
2022-03-02 21:33:19,644 [pool-612-thread-1] INFO  server.RaftServerConfigKeys (ConfUtils.java:logGet(44)) - raft.server.rpc.timeout.max = 5200ms (custom)
2022-03-02 21:33:19,644 [pool-612-thread-1] INFO  server.RaftServerConfigKeys (ConfUtils.java:logGet(44)) - raft.server.rpc.sleep.time = 25ms (default)
2022-03-02 21:33:19,644 [pool-612-thread-1] INFO  server.RaftServerConfigKeys (ConfUtils.java:logGet(44)) - raft.server.rpc.slowness.timeout = 300000ms (custom)
2022-03-02 21:33:19,644 [pool-612-thread-1] INFO  server.RaftServerConfigKeys (ConfUtils.java:logGet(44)) - raft.server.leaderelection.leader.step-down.wait-time = 10s (default)
2022-03-02 21:33:19,644 [pool-612-thread-1] INFO  server.RaftServerConfigKeys (ConfUtils.java:logGet(44)) - raft.server.sleep.deviation.threshold = 300ms (default)
2022-03-02 21:33:19,644 [pool-612-thread-1] INFO  server.RaftServerConfigKeys (ConfUtils.java:logGet(44)) - raft.server.log.appender.install.snapshot.enabled = false (custom)
2022-03-02 21:33:19,644 [pool-612-thread-1] INFO  server.RaftServer$Division (ServerState.java:<init>(105)) - cdd5360e-d849-4e2b-b62b-b70fbd73a7e1@group-8EC42998B879: ConfigurationManager, init=-1: [cdd5360e-d849-4e2b-b62b-b70fbd73a7e1|rpc:10.1.0.35:36141|priority:0, 06306a50-9ba9-4128-94e0-55d591e142a1|rpc:10.1.0.35:42445|priority:0, ca012516-14dd-42cd-8742-1c9d04d43fd5|rpc:10.1.0.35:34561|priority:1], old=null, confs=<EMPTY_MAP>
2022-03-02 21:33:19,644 [pool-612-thread-1] INFO  server.RaftServerConfigKeys (ConfUtils.java:logGet(44)) - raft.server.storage.dir = [/home/runner/work/ozone/ozone/hadoop-ozone/integration-test/target/test-dir/MiniOzoneClusterImpl-f745d883-409d-4598-9a00-e779d9019c18/datanode-1/data/ratis] (custom)
2022-03-02 21:33:19,645 [pool-612-thread-1] INFO  server.RaftServerConfigKeys (ConfUtils.java:logGet(44)) - raft.server.log.corruption.policy = EXCEPTION (default)
2022-03-02 21:33:19,645 [pool-612-thread-1] INFO  server.RaftServerConfigKeys (ConfUtils.java:logGet(44)) - raft.server.storage.free-space.min = 0MB (=0) (default)
2022-03-02 21:33:19,645 [pool-612-thread-1] INFO  storage.RaftStorageDirectory (RaftStorageDirectoryImpl.java:analyzeStorage(135)) - The storage directory /home/runner/work/ozone/ozone/hadoop-ozone/integration-test/target/test-dir/MiniOzoneClusterImpl-f745d883-409d-4598-9a00-e779d9019c18/datanode-1/data/ratis/8245a83f-df17-4492-b969-8ec42998b879 does not exist. Creating ...
2022-03-02 21:33:19,646 [pool-612-thread-1] INFO  storage.RaftStorageDirectory (RaftStorageDirectoryImpl.java:tryLock(230)) - Lock on /home/runner/work/ozone/ozone/hadoop-ozone/integration-test/target/test-dir/MiniOzoneClusterImpl-f745d883-409d-4598-9a00-e779d9019c18/datanode-1/data/ratis/8245a83f-df17-4492-b969-8ec42998b879/in_use.lock acquired by nodename 22518@fv-az294-754
2022-03-02 21:33:19,660 [grpc-default-executor-5] INFO  server.RaftServer (RaftServerProxy.java:addNew(95)) - ca012516-14dd-42cd-8742-1c9d04d43fd5: addNew group-8EC42998B879:[cdd5360e-d849-4e2b-b62b-b70fbd73a7e1|rpc:10.1.0.35:36141|dataStream:|priority:0, 06306a50-9ba9-4128-94e0-55d591e142a1|rpc:10.1.0.35:42445|dataStream:|priority:0, ca012516-14dd-42cd-8742-1c9d04d43fd5|rpc:10.1.0.35:34561|dataStream:|priority:1] returns group-8EC42998B879:java.util.concurrent.CompletableFuture@3b59fb8c[Not completed]
2022-03-02 21:33:19,661 [pool-633-thread-1] INFO  server.RaftServer$Division (RaftServerImpl.java:<init>(184)) - ca012516-14dd-42cd-8742-1c9d04d43fd5: new RaftServerImpl for group-8EC42998B879:[cdd5360e-d849-4e2b-b62b-b70fbd73a7e1|rpc:10.1.0.35:36141|dataStream:|priority:0, 06306a50-9ba9-4128-94e0-55d591e142a1|rpc:10.1.0.35:42445|dataStream:|priority:0, ca012516-14dd-42cd-8742-1c9d04d43fd5|rpc:10.1.0.35:34561|dataStream:|priority:1] with ContainerStateMachine:uninitialized
2022-03-02 21:33:19,661 [pool-633-thread-1] INFO  server.RaftServerConfigKeys (ConfUtils.java:logGet(44)) - raft.server.rpc.timeout.min = 5s (custom)
2022-03-02 21:33:19,661 [pool-633-thread-1] INFO  server.RaftServerConfigKeys (ConfUtils.java:logGet(44)) - raft.server.rpc.timeout.max = 5200ms (custom)
2022-03-02 21:33:19,661 [pool-633-thread-1] INFO  server.RaftServerConfigKeys (ConfUtils.java:logGet(44)) - raft.server.rpc.sleep.time = 25ms (default)
2022-03-02 21:33:19,661 [pool-633-thread-1] INFO  server.RaftServerConfigKeys (ConfUtils.java:logGet(44)) - raft.server.rpc.slowness.timeout = 300000ms (custom)
2022-03-02 21:33:19,661 [pool-633-thread-1] INFO  server.RaftServerConfigKeys (ConfUtils.java:logGet(44)) - raft.server.leaderelection.leader.step-down.wait-time = 10s (default)
2022-03-02 21:33:19,661 [pool-633-thread-1] INFO  server.RaftServerConfigKeys (ConfUtils.java:logGet(44)) - raft.server.sleep.deviation.threshold = 300ms (default)
2022-03-02 21:33:19,661 [pool-633-thread-1] INFO  server.RaftServerConfigKeys (ConfUtils.java:logGet(44)) - raft.server.log.appender.install.snapshot.enabled = false (custom)
2022-03-02 21:33:19,661 [pool-633-thread-1] INFO  server.RaftServer$Division (ServerState.java:<init>(105)) - ca012516-14dd-42cd-8742-1c9d04d43fd5@group-8EC42998B879: ConfigurationManager, init=-1: [cdd5360e-d849-4e2b-b62b-b70fbd73a7e1|rpc:10.1.0.35:36141|dataStream:|priority:0, 06306a50-9ba9-4128-94e0-55d591e142a1|rpc:10.1.0.35:42445|dataStream:|priority:0, ca012516-14dd-42cd-8742-1c9d04d43fd5|rpc:10.1.0.35:34561|dataStream:|priority:1], old=null, confs=<EMPTY_MAP>
2022-03-02 21:33:19,661 [pool-633-thread-1] INFO  server.RaftServerConfigKeys (ConfUtils.java:logGet(44)) - raft.server.storage.dir = [/home/runner/work/ozone/ozone/hadoop-ozone/integration-test/target/test-dir/MiniOzoneClusterImpl-f745d883-409d-4598-9a00-e779d9019c18/datanode-2/data/ratis] (custom)
2022-03-02 21:33:19,661 [pool-633-thread-1] INFO  server.RaftServerConfigKeys (ConfUtils.java:logGet(44)) - raft.server.log.corruption.policy = EXCEPTION (default)
2022-03-02 21:33:19,661 [pool-633-thread-1] INFO  server.RaftServerConfigKeys (ConfUtils.java:logGet(44)) - raft.server.storage.free-space.min = 0MB (=0) (default)
2022-03-02 21:33:19,661 [pool-633-thread-1] INFO  storage.RaftStorageDirectory (RaftStorageDirectoryImpl.java:analyzeStorage(135)) - The storage directory /home/runner/work/ozone/ozone/hadoop-ozone/integration-test/target/test-dir/MiniOzoneClusterImpl-f745d883-409d-4598-9a00-e779d9019c18/datanode-2/data/ratis/8245a83f-df17-4492-b969-8ec42998b879 does not exist. Creating ...
2022-03-02 21:33:19,671 [pool-633-thread-1] INFO  storage.RaftStorageDirectory (RaftStorageDirectoryImpl.java:tryLock(230)) - Lock on /home/runner/work/ozone/ozone/hadoop-ozone/integration-test/target/test-dir/MiniOzoneClusterImpl-f745d883-409d-4598-9a00-e779d9019c18/datanode-2/data/ratis/8245a83f-df17-4492-b969-8ec42998b879/in_use.lock acquired by nodename 22518@fv-az294-754
2022-03-02 21:33:19,675 [pool-633-thread-1] INFO  storage.RaftStorage (RaftStorageImpl.java:format(89)) - Storage directory /home/runner/work/ozone/ozone/hadoop-ozone/integration-test/target/test-dir/MiniOzoneClusterImpl-f745d883-409d-4598-9a00-e779d9019c18/datanode-2/data/ratis/8245a83f-df17-4492-b969-8ec42998b879 has been successfully formatted.
2022-03-02 21:33:19,675 [pool-633-thread-1] INFO  ratis.ContainerStateMachine (ContainerStateMachine.java:loadSnapshot(236)) - group-8EC42998B879: The snapshot info is null. Setting the last applied indexto:(t:0, i:~)
2022-03-02 21:33:19,675 [pool-612-thread-1] INFO  storage.RaftStorage (RaftStorageImpl.java:format(89)) - Storage directory /home/runner/work/ozone/ozone/hadoop-ozone/integration-test/target/test-dir/MiniOzoneClusterImpl-f745d883-409d-4598-9a00-e779d9019c18/datanode-1/data/ratis/8245a83f-df17-4492-b969-8ec42998b879 has been successfully formatted.
2022-03-02 21:33:19,677 [pool-612-thread-1] INFO  ratis.ContainerStateMachine (ContainerStateMachine.java:loadSnapshot(236)) - group-8EC42998B879: The snapshot info is null. Setting the last applied indexto:(t:0, i:~)
2022-03-02 21:33:19,688 [pool-612-thread-1] INFO  server.RaftServerConfigKeys (ConfUtils.java:logGet(44)) - raft.server.notification.no-leader.timeout = 300000ms (custom)
2022-03-02 21:33:19,688 [pool-612-thread-1] INFO  server.RaftServerConfigKeys (ConfUtils.java:logGet(44)) - raft.server.log.use.memory = false (default)
2022-03-02 21:33:19,688 [pool-612-thread-1] INFO  server.RaftServerConfigKeys (ConfUtils.java:logGet(44)) - raft.server.log.purge.gap = 1000000 (custom)
2022-03-02 21:33:19,688 [pool-612-thread-1] INFO  server.RaftServerConfigKeys (ConfUtils.java:logGet(44)) - raft.server.log.appender.buffer.byte-limit = 33554432 (custom)
2022-03-02 21:33:19,688 [pool-612-thread-1] INFO  server.RaftServerConfigKeys (ConfUtils.java:logGet(44)) - raft.server.log.segment.size.max = 1048576 (custom)
2022-03-02 21:33:19,689 [pool-612-thread-1] INFO  server.RaftServerConfigKeys (ConfUtils.java:logGet(44)) - raft.server.log.segment.cache.num.max = 2 (custom)
2022-03-02 21:33:19,689 [pool-612-thread-1] INFO  server.RaftServerConfigKeys (ConfUtils.java:logGet(44)) - raft.server.log.segment.cache.size.max = 200MB (=209715200) (default)
2022-03-02 21:33:19,689 [pool-612-thread-1] INFO  segmented.SegmentedRaftLogWorker (SegmentedRaftLogWorker.java:<init>(182)) - new cdd5360e-d849-4e2b-b62b-b70fbd73a7e1@group-8EC42998B879-SegmentedRaftLogWorker for RaftStorageImpl:Storage Directory /home/runner/work/ozone/ozone/hadoop-ozone/integration-test/target/test-dir/MiniOzoneClusterImpl-f745d883-409d-4598-9a00-e779d9019c18/datanode-1/data/ratis/8245a83f-df17-4492-b969-8ec42998b879
2022-03-02 21:33:19,689 [pool-612-thread-1] INFO  server.RaftServerConfigKeys (ConfUtils.java:logGet(44)) - raft.server.log.queue.byte-limit = 4294967296 (custom)
2022-03-02 21:33:19,689 [pool-612-thread-1] INFO  server.RaftServerConfigKeys (ConfUtils.java:logGet(44)) - raft.server.log.queue.element-limit = 1024 (custom)
2022-03-02 21:33:19,689 [pool-612-thread-1] INFO  server.RaftServerConfigKeys (ConfUtils.java:logGet(44)) - raft.server.log.segment.size.max = 1048576 (custom)
2022-03-02 21:33:19,689 [pool-612-thread-1] INFO  server.RaftServerConfigKeys (ConfUtils.java:logGet(44)) - raft.server.log.preallocated.size = 16384 (custom)
2022-03-02 21:33:19,689 [pool-612-thread-1] INFO  server.RaftServerConfigKeys (ConfUtils.java:logGet(44)) - raft.server.log.force.sync.num = 128 (default)
2022-03-02 21:33:19,689 [pool-612-thread-1] INFO  server.RaftServerConfigKeys (ConfUtils.java:logGet(44)) - raft.server.log.statemachine.data.sync = true (default)
2022-03-02 21:33:19,689 [pool-612-thread-1] INFO  server.RaftServerConfigKeys (ConfUtils.java:logGet(44)) - raft.server.log.statemachine.data.sync.timeout = 10s (default)
2022-03-02 21:33:19,689 [pool-612-thread-1] INFO  server.RaftServerConfigKeys (ConfUtils.java:logGet(44)) - raft.server.log.statemachine.data.sync.timeout.retry = -1 (default)
2022-03-02 21:33:19,690 [pool-612-thread-1] INFO  server.RaftServerConfigKeys (ConfUtils.java:logGet(44)) - raft.server.log.write.buffer.size = 1048576 (custom)
2022-03-02 21:33:19,691 [EventQueue-OpenPipelineForHealthyPipelineSafeModeRule] INFO  safemode.SCMSafeModeManager (HealthyPipelineSafeModeRule.java:process(124)) - SCM in safe mode. Healthy pipelines reported count is 0, required healthy pipeline reported count is 1
2022-03-02 21:33:19,691 [pool-633-thread-1] INFO  server.RaftServerConfigKeys (ConfUtils.java:logGet(44)) - raft.server.notification.no-leader.timeout = 300000ms (custom)
2022-03-02 21:33:19,691 [pool-633-thread-1] INFO  server.RaftServerConfigKeys (ConfUtils.java:logGet(44)) - raft.server.log.use.memory = false (default)
2022-03-02 21:33:19,692 [pool-633-thread-1] INFO  server.RaftServerConfigKeys (ConfUtils.java:logGet(44)) - raft.server.log.purge.gap = 1000000 (custom)
2022-03-02 21:33:19,692 [pool-633-thread-1] INFO  server.RaftServerConfigKeys (ConfUtils.java:logGet(44)) - raft.server.log.appender.buffer.byte-limit = 33554432 (custom)
2022-03-02 21:33:19,692 [pool-633-thread-1] INFO  server.RaftServerConfigKeys (ConfUtils.java:logGet(44)) - raft.server.log.segment.size.max = 1048576 (custom)
2022-03-02 21:33:19,692 [pool-633-thread-1] INFO  server.RaftServerConfigKeys (ConfUtils.java:logGet(44)) - raft.server.log.segment.cache.num.max = 2 (custom)
2022-03-02 21:33:19,692 [pool-633-thread-1] INFO  server.RaftServerConfigKeys (ConfUtils.java:logGet(44)) - raft.server.log.segment.cache.size.max = 200MB (=209715200) (default)
2022-03-02 21:33:19,692 [pool-633-thread-1] INFO  segmented.SegmentedRaftLogWorker (SegmentedRaftLogWorker.java:<init>(182)) - new ca012516-14dd-42cd-8742-1c9d04d43fd5@group-8EC42998B879-SegmentedRaftLogWorker for RaftStorageImpl:Storage Directory /home/runner/work/ozone/ozone/hadoop-ozone/integration-test/target/test-dir/MiniOzoneClusterImpl-f745d883-409d-4598-9a00-e779d9019c18/datanode-2/data/ratis/8245a83f-df17-4492-b969-8ec42998b879
2022-03-02 21:33:19,692 [pool-633-thread-1] INFO  server.RaftServerConfigKeys (ConfUtils.java:logGet(44)) - raft.server.log.queue.byte-limit = 4294967296 (custom)
2022-03-02 21:33:19,692 [pool-633-thread-1] INFO  server.RaftServerConfigKeys (ConfUtils.java:logGet(44)) - raft.server.log.queue.element-limit = 1024 (custom)
2022-03-02 21:33:19,692 [pool-633-thread-1] INFO  server.RaftServerConfigKeys (ConfUtils.java:logGet(44)) - raft.server.log.segment.size.max = 1048576 (custom)
2022-03-02 21:33:19,692 [pool-633-thread-1] INFO  server.RaftServerConfigKeys (ConfUtils.java:logGet(44)) - raft.server.log.preallocated.size = 16384 (custom)
2022-03-02 21:33:19,692 [pool-633-thread-1] INFO  server.RaftServerConfigKeys (ConfUtils.java:logGet(44)) - raft.server.log.force.sync.num = 128 (default)
2022-03-02 21:33:19,692 [pool-633-thread-1] INFO  server.RaftServerConfigKeys (ConfUtils.java:logGet(44)) - raft.server.log.statemachine.data.sync = true (default)
2022-03-02 21:33:19,692 [pool-633-thread-1] INFO  server.RaftServerConfigKeys (ConfUtils.java:logGet(44)) - raft.server.log.statemachine.data.sync.timeout = 10s (default)
2022-03-02 21:33:19,692 [pool-633-thread-1] INFO  server.RaftServerConfigKeys (ConfUtils.java:logGet(44)) - raft.server.log.statemachine.data.sync.timeout.retry = -1 (default)
2022-03-02 21:33:19,693 [pool-633-thread-1] INFO  server.RaftServerConfigKeys (ConfUtils.java:logGet(44)) - raft.server.log.write.buffer.size = 1048576 (custom)
2022-03-02 21:33:19,694 [pool-633-thread-1] INFO  server.RaftServerConfigKeys (ConfUtils.java:logGet(44)) - raft.server.log.statemachine.data.caching.enabled = true (custom)
2022-03-02 21:33:19,694 [pool-633-thread-1] INFO  segmented.SegmentedRaftLogWorker (SegmentedRaftLogWorker.java:lambda$new$0(133)) - ca012516-14dd-42cd-8742-1c9d04d43fd5@group-8EC42998B879-SegmentedRaftLogWorker: flushIndex: setUnconditionally 0 -> -1
2022-03-02 21:33:19,694 [pool-633-thread-1] INFO  segmented.SegmentedRaftLogWorker (SegmentedRaftLogWorker.java:lambda$new$0(133)) - ca012516-14dd-42cd-8742-1c9d04d43fd5@group-8EC42998B879-SegmentedRaftLogWorker: safeCacheEvictIndex: setUnconditionally 0 -> -1
2022-03-02 21:33:19,692 [pool-612-thread-1] INFO  server.RaftServerConfigKeys (ConfUtils.java:logGet(44)) - raft.server.log.statemachine.data.caching.enabled = true (custom)
2022-03-02 21:33:19,694 [pool-612-thread-1] INFO  segmented.SegmentedRaftLogWorker (SegmentedRaftLogWorker.java:lambda$new$0(133)) - cdd5360e-d849-4e2b-b62b-b70fbd73a7e1@group-8EC42998B879-SegmentedRaftLogWorker: flushIndex: setUnconditionally 0 -> -1
2022-03-02 21:33:19,694 [pool-612-thread-1] INFO  segmented.SegmentedRaftLogWorker (SegmentedRaftLogWorker.java:lambda$new$0(133)) - cdd5360e-d849-4e2b-b62b-b70fbd73a7e1@group-8EC42998B879-SegmentedRaftLogWorker: safeCacheEvictIndex: setUnconditionally 0 -> -1
2022-03-02 21:33:19,699 [pool-633-thread-1] INFO  server.RaftServerConfigKeys (ConfUtils.java:logGet(44)) - raft.server.snapshot.auto.trigger.enabled = true (custom)
2022-03-02 21:33:19,699 [pool-633-thread-1] INFO  server.RaftServerConfigKeys (ConfUtils.java:logGet(44)) - raft.server.snapshot.auto.trigger.threshold = 10000 (custom)
2022-03-02 21:33:19,699 [pool-633-thread-1] INFO  server.RaftServerConfigKeys (ConfUtils.java:logGet(44)) - raft.server.snapshot.retention.file.num = 5 (custom)
2022-03-02 21:33:19,699 [pool-633-thread-1] INFO  server.RaftServerConfigKeys (ConfUtils.java:logGet(44)) - raft.server.log.purge.upto.snapshot.index = false (default)
2022-03-02 21:33:19,699 [pool-633-thread-1] INFO  server.RaftServerConfigKeys (ConfUtils.java:logGet(44)) - raft.server.retrycache.expirytime = 600000ms (custom)
2022-03-02 21:33:19,699 [pool-633-thread-1] INFO  server.RaftServerConfigKeys (ConfUtils.java:logGet(44)) - raft.server.retrycache.statistics.expirytime = 100μs (default)
2022-03-02 21:33:19,701 [pool-633-thread-1] INFO  server.RaftServer$Division (RaftServerImpl.java:start(301)) - ca012516-14dd-42cd-8742-1c9d04d43fd5@group-8EC42998B879: start as a follower, conf=-1: [cdd5360e-d849-4e2b-b62b-b70fbd73a7e1|rpc:10.1.0.35:36141|dataStream:|priority:0, 06306a50-9ba9-4128-94e0-55d591e142a1|rpc:10.1.0.35:42445|dataStream:|priority:0, ca012516-14dd-42cd-8742-1c9d04d43fd5|rpc:10.1.0.35:34561|dataStream:|priority:1], old=null
2022-03-02 21:33:19,701 [pool-633-thread-1] INFO  server.RaftServer$Division (RaftServerImpl.java:setRole(290)) - ca012516-14dd-42cd-8742-1c9d04d43fd5@group-8EC42998B879: changes role from      null to FOLLOWER at term 0 for startAsFollower
2022-03-02 21:33:19,701 [pool-633-thread-1] INFO  impl.RoleInfo (RoleInfo.java:updateAndGet(130)) - ca012516-14dd-42cd-8742-1c9d04d43fd5: start ca012516-14dd-42cd-8742-1c9d04d43fd5@group-8EC42998B879-FollowerState
2022-03-02 21:33:19,703 [pool-633-thread-1] INFO  util.JmxRegister (JmxRegister.java:tryRegister(44)) - Successfully registered JMX Bean with object name Ratis:service=RaftServer,group=group-8EC42998B879,id=ca012516-14dd-42cd-8742-1c9d04d43fd5
2022-03-02 21:33:19,706 [pool-612-thread-1] INFO  server.RaftServerConfigKeys (ConfUtils.java:logGet(44)) - raft.server.snapshot.auto.trigger.enabled = true (custom)
2022-03-02 21:33:19,706 [pool-612-thread-1] INFO  server.RaftServerConfigKeys (ConfUtils.java:logGet(44)) - raft.server.snapshot.auto.trigger.threshold = 10000 (custom)
2022-03-02 21:33:19,706 [pool-612-thread-1] INFO  server.RaftServerConfigKeys (ConfUtils.java:logGet(44)) - raft.server.snapshot.retention.file.num = 5 (custom)
2022-03-02 21:33:19,706 [pool-612-thread-1] INFO  server.RaftServerConfigKeys (ConfUtils.java:logGet(44)) - raft.server.log.purge.upto.snapshot.index = false (default)
2022-03-02 21:33:19,706 [pool-612-thread-1] INFO  server.RaftServerConfigKeys (ConfUtils.java:logGet(44)) - raft.server.retrycache.expirytime = 600000ms (custom)
2022-03-02 21:33:19,706 [pool-612-thread-1] INFO  server.RaftServerConfigKeys (ConfUtils.java:logGet(44)) - raft.server.retrycache.statistics.expirytime = 100μs (default)
2022-03-02 21:33:19,728 [pool-612-thread-1] INFO  server.RaftServer$Division (RaftServerImpl.java:start(301)) - cdd5360e-d849-4e2b-b62b-b70fbd73a7e1@group-8EC42998B879: start as a follower, conf=-1: [cdd5360e-d849-4e2b-b62b-b70fbd73a7e1|rpc:10.1.0.35:36141|priority:0, 06306a50-9ba9-4128-94e0-55d591e142a1|rpc:10.1.0.35:42445|priority:0, ca012516-14dd-42cd-8742-1c9d04d43fd5|rpc:10.1.0.35:34561|priority:1], old=null
2022-03-02 21:33:19,728 [pool-612-thread-1] INFO  server.RaftServer$Division (RaftServerImpl.java:setRole(290)) - cdd5360e-d849-4e2b-b62b-b70fbd73a7e1@group-8EC42998B879: changes role from      null to FOLLOWER at term 0 for startAsFollower
2022-03-02 21:33:19,728 [pool-612-thread-1] INFO  impl.RoleInfo (RoleInfo.java:updateAndGet(130)) - cdd5360e-d849-4e2b-b62b-b70fbd73a7e1: start cdd5360e-d849-4e2b-b62b-b70fbd73a7e1@group-8EC42998B879-FollowerState
2022-03-02 21:33:19,790 [pool-612-thread-1] INFO  util.JmxRegister (JmxRegister.java:tryRegister(44)) - Successfully registered JMX Bean with object name Ratis:service=RaftServer,group=group-8EC42998B879,id=cdd5360e-d849-4e2b-b62b-b70fbd73a7e1
2022-03-02 21:33:19,819 [Command processor thread] INFO  ratis.XceiverServerRatis (XceiverServerRatis.java:addGroup(769)) - Created group PipelineID=8245a83f-df17-4492-b969-8ec42998b879
2022-03-02 21:33:19,916 [IPC Server handler 11 on default port 34591] INFO  net.NetworkTopologyImpl (NetworkTopologyImpl.java:add(112)) - Added a new node: /default-rack/ff1229b5-7bf6-42b1-a70d-3d6d5a94de90
2022-03-02 21:33:19,916 [IPC Server handler 11 on default port 34591] INFO  node.SCMNodeManager (SCMNodeManager.java:register(389)) - Registered Data node : ff1229b5-7bf6-42b1-a70d-3d6d5a94de90{ip: 10.1.0.35, host: fv-az294-754.eaanfquahm5ulb5tj050gcxych.jx.internal.cloudapp.net, ports: [REPLICATION=43603, RATIS=32847, RATIS_ADMIN=32847, RATIS_SERVER=32847, STANDALONE=40363], networkLocation: /default-rack, certSerialId: null, persistedOpState: null, persistedOpStateExpiryEpochSec: 0}
2022-03-02 21:33:19,916 [EventQueue-NewNodeForNewNodeHandler] INFO  pipeline.BackgroundPipelineCreator (BackgroundPipelineCreator.java:notifyEventTriggered(285)) - trigger a one-shot run on RatisPipelineUtilsThread.
2022-03-02 21:33:19,917 [RatisPipelineUtilsThread - 0] INFO  pipeline.RatisPipelineProvider (RatisPipelineProvider.java:lambda$create$0(183)) - Sending CreatePipelineCommand for pipeline:PipelineID=119b732d-8d8f-435b-b5ba-c97ef908eb8a to datanode:ff1229b5-7bf6-42b1-a70d-3d6d5a94de90
2022-03-02 21:33:19,927 [Command processor thread] INFO  commandhandler.CreatePipelineCommandHandler (CreatePipelineCommandHandler.java:handle(106)) - Created Pipeline RATIS THREE PipelineID=8245a83f-df17-4492-b969-8ec42998b879.
2022-03-02 21:33:19,927 [Command processor thread] INFO  server.RaftServer (RaftServerProxy.java:addNew(95)) - 06306a50-9ba9-4128-94e0-55d591e142a1: addNew group-2F68AEE794C1:[cdd5360e-d849-4e2b-b62b-b70fbd73a7e1|rpc:10.1.0.35:36141|priority:1, 06306a50-9ba9-4128-94e0-55d591e142a1|rpc:10.1.0.35:42445|priority:0, ca012516-14dd-42cd-8742-1c9d04d43fd5|rpc:10.1.0.35:34561|priority:0] returns group-2F68AEE794C1:java.util.concurrent.CompletableFuture@eea98d5[Not completed]
2022-03-02 21:33:19,928 [pool-591-thread-1] INFO  server.RaftServer$Division (RaftServerImpl.java:<init>(184)) - 06306a50-9ba9-4128-94e0-55d591e142a1: new RaftServerImpl for group-2F68AEE794C1:[cdd5360e-d849-4e2b-b62b-b70fbd73a7e1|rpc:10.1.0.35:36141|priority:1, 06306a50-9ba9-4128-94e0-55d591e142a1|rpc:10.1.0.35:42445|priority:0, ca012516-14dd-42cd-8742-1c9d04d43fd5|rpc:10.1.0.35:34561|priority:0] with ContainerStateMachine:uninitialized
2022-03-02 21:33:19,928 [pool-591-thread-1] INFO  server.RaftServerConfigKeys (ConfUtils.java:logGet(44)) - raft.server.rpc.timeout.min = 5s (custom)
2022-03-02 21:33:19,928 [pool-591-thread-1] INFO  server.RaftServerConfigKeys (ConfUtils.java:logGet(44)) - raft.server.rpc.timeout.max = 5200ms (custom)
2022-03-02 21:33:19,928 [pool-591-thread-1] INFO  server.RaftServerConfigKeys (ConfUtils.java:logGet(44)) - raft.server.rpc.sleep.time = 25ms (default)
2022-03-02 21:33:19,928 [pool-591-thread-1] INFO  server.RaftServerConfigKeys (ConfUtils.java:logGet(44)) - raft.server.rpc.slowness.timeout = 300000ms (custom)
2022-03-02 21:33:19,928 [pool-591-thread-1] INFO  server.RaftServerConfigKeys (ConfUtils.java:logGet(44)) - raft.server.leaderelection.leader.step-down.wait-time = 10s (default)
2022-03-02 21:33:19,928 [pool-591-thread-1] INFO  server.RaftServerConfigKeys (ConfUtils.java:logGet(44)) - raft.server.sleep.deviation.threshold = 300ms (default)
2022-03-02 21:33:19,928 [pool-591-thread-1] INFO  server.RaftServerConfigKeys (ConfUtils.java:logGet(44)) - raft.server.log.appender.install.snapshot.enabled = false (custom)
2022-03-02 21:33:19,929 [pool-591-thread-1] INFO  server.RaftServer$Division (ServerState.java:<init>(105)) - 06306a50-9ba9-4128-94e0-55d591e142a1@group-2F68AEE794C1: ConfigurationManager, init=-1: [cdd5360e-d849-4e2b-b62b-b70fbd73a7e1|rpc:10.1.0.35:36141|priority:1, 06306a50-9ba9-4128-94e0-55d591e142a1|rpc:10.1.0.35:42445|priority:0, ca012516-14dd-42cd-8742-1c9d04d43fd5|rpc:10.1.0.35:34561|priority:0], old=null, confs=<EMPTY_MAP>
2022-03-02 21:33:19,929 [pool-591-thread-1] INFO  server.RaftServerConfigKeys (ConfUtils.java:logGet(44)) - raft.server.storage.dir = [/home/runner/work/ozone/ozone/hadoop-ozone/integration-test/target/test-dir/MiniOzoneClusterImpl-f745d883-409d-4598-9a00-e779d9019c18/datanode-0/data/ratis] (custom)
2022-03-02 21:33:19,929 [pool-591-thread-1] INFO  server.RaftServerConfigKeys (ConfUtils.java:logGet(44)) - raft.server.log.corruption.policy = EXCEPTION (default)
2022-03-02 21:33:19,929 [pool-591-thread-1] INFO  server.RaftServerConfigKeys (ConfUtils.java:logGet(44)) - raft.server.storage.free-space.min = 0MB (=0) (default)
2022-03-02 21:33:19,929 [pool-591-thread-1] INFO  storage.RaftStorageDirectory (RaftStorageDirectoryImpl.java:analyzeStorage(135)) - The storage directory /home/runner/work/ozone/ozone/hadoop-ozone/integration-test/target/test-dir/MiniOzoneClusterImpl-f745d883-409d-4598-9a00-e779d9019c18/datanode-0/data/ratis/9b18829a-a3fc-4ad4-bb5e-2f68aee794c1 does not exist. Creating ...
2022-03-02 21:33:19,930 [pool-591-thread-1] INFO  storage.RaftStorageDirectory (RaftStorageDirectoryImpl.java:tryLock(230)) - Lock on /home/runner/work/ozone/ozone/hadoop-ozone/integration-test/target/test-dir/MiniOzoneClusterImpl-f745d883-409d-4598-9a00-e779d9019c18/datanode-0/data/ratis/9b18829a-a3fc-4ad4-bb5e-2f68aee794c1/in_use.lock acquired by nodename 22518@fv-az294-754
2022-03-02 21:33:19,963 [d7f371f7-0d79-4eb0-9764-2158321d28de@group-E779D9019C18-StateMachineUpdater] INFO  pipeline.PipelineStateManagerImpl (PipelineStateManagerImpl.java:addPipeline(101)) - Created pipeline Pipeline[ Id: 119b732d-8d8f-435b-b5ba-c97ef908eb8a, Nodes: ff1229b5-7bf6-42b1-a70d-3d6d5a94de90{ip: 10.1.0.35, host: fv-az294-754.eaanfquahm5ulb5tj050gcxych.jx.internal.cloudapp.net, ports: [REPLICATION=43603, RATIS=32847, RATIS_ADMIN=32847, RATIS_SERVER=32847, STANDALONE=40363], networkLocation: /default-rack, certSerialId: null, persistedOpState: IN_SERVICE, persistedOpStateExpiryEpochSec: 0}, ReplicationConfig: RATIS/ONE, State:ALLOCATED, leaderId:, CreationTimestamp2022-03-02T21:33:19.917Z[Etc/UTC]].
2022-03-02 21:33:19,964 [d7f371f7-0d79-4eb0-9764-2158321d28de@group-E779D9019C18-StateMachineUpdater] INFO  safemode.HealthyPipelineSafeModeRule (HealthyPipelineSafeModeRule.java:initializeRule(152)) - Refreshed total pipeline count is 0, healthy pipeline threshold count is 1
2022-03-02 21:33:19,967 [pool-591-thread-1] INFO  storage.RaftStorage (RaftStorageImpl.java:format(89)) - Storage directory /home/runner/work/ozone/ozone/hadoop-ozone/integration-test/target/test-dir/MiniOzoneClusterImpl-f745d883-409d-4598-9a00-e779d9019c18/datanode-0/data/ratis/9b18829a-a3fc-4ad4-bb5e-2f68aee794c1 has been successfully formatted.
2022-03-02 21:33:19,967 [RatisPipelineUtilsThread - 0] INFO  pipeline.RatisPipelineProvider (RatisPipelineProvider.java:lambda$create$0(183)) - Sending CreatePipelineCommand for pipeline:PipelineID=7222150f-7630-4924-8d62-4c98e9f0fd07 to datanode:ff1229b5-7bf6-42b1-a70d-3d6d5a94de90
2022-03-02 21:33:19,967 [RatisPipelineUtilsThread - 0] INFO  pipeline.RatisPipelineProvider (RatisPipelineProvider.java:lambda$create$0(183)) - Sending CreatePipelineCommand for pipeline:PipelineID=7222150f-7630-4924-8d62-4c98e9f0fd07 to datanode:269e0ee6-c833-446d-a842-94c77dd867fd
2022-03-02 21:33:19,967 [RatisPipelineUtilsThread - 0] INFO  pipeline.RatisPipelineProvider (RatisPipelineProvider.java:lambda$create$0(183)) - Sending CreatePipelineCommand for pipeline:PipelineID=7222150f-7630-4924-8d62-4c98e9f0fd07 to datanode:39d9f1c0-7130-4277-8a35-add537f65258
2022-03-02 21:33:19,967 [pool-591-thread-1] INFO  ratis.ContainerStateMachine (ContainerStateMachine.java:loadSnapshot(236)) - group-2F68AEE794C1: The snapshot info is null. Setting the last applied indexto:(t:0, i:~)
2022-03-02 21:33:19,967 [pool-591-thread-1] INFO  server.RaftServerConfigKeys (ConfUtils.java:logGet(44)) - raft.server.notification.no-leader.timeout = 300000ms (custom)
2022-03-02 21:33:19,967 [pool-591-thread-1] INFO  server.RaftServerConfigKeys (ConfUtils.java:logGet(44)) - raft.server.log.use.memory = false (default)
2022-03-02 21:33:19,967 [pool-591-thread-1] INFO  server.RaftServerConfigKeys (ConfUtils.java:logGet(44)) - raft.server.log.purge.gap = 1000000 (custom)
2022-03-02 21:33:19,967 [pool-591-thread-1] INFO  server.RaftServerConfigKeys (ConfUtils.java:logGet(44)) - raft.server.log.appender.buffer.byte-limit = 33554432 (custom)
2022-03-02 21:33:19,968 [pool-591-thread-1] INFO  server.RaftServerConfigKeys (ConfUtils.java:logGet(44)) - raft.server.log.segment.size.max = 1048576 (custom)
2022-03-02 21:33:19,968 [pool-591-thread-1] INFO  server.RaftServerConfigKeys (ConfUtils.java:logGet(44)) - raft.server.log.segment.cache.num.max = 2 (custom)
2022-03-02 21:33:19,968 [pool-591-thread-1] INFO  server.RaftServerConfigKeys (ConfUtils.java:logGet(44)) - raft.server.log.segment.cache.size.max = 200MB (=209715200) (default)
2022-03-02 21:33:19,968 [pool-591-thread-1] INFO  segmented.SegmentedRaftLogWorker (SegmentedRaftLogWorker.java:<init>(182)) - new 06306a50-9ba9-4128-94e0-55d591e142a1@group-2F68AEE794C1-SegmentedRaftLogWorker for RaftStorageImpl:Storage Directory /home/runner/work/ozone/ozone/hadoop-ozone/integration-test/target/test-dir/MiniOzoneClusterImpl-f745d883-409d-4598-9a00-e779d9019c18/datanode-0/data/ratis/9b18829a-a3fc-4ad4-bb5e-2f68aee794c1
2022-03-02 21:33:19,968 [pool-591-thread-1] INFO  server.RaftServerConfigKeys (ConfUtils.java:logGet(44)) - raft.server.log.queue.byte-limit = 4294967296 (custom)
2022-03-02 21:33:19,968 [pool-591-thread-1] INFO  server.RaftServerConfigKeys (ConfUtils.java:logGet(44)) - raft.server.log.queue.element-limit = 1024 (custom)
2022-03-02 21:33:19,968 [pool-591-thread-1] INFO  server.RaftServerConfigKeys (ConfUtils.java:logGet(44)) - raft.server.log.segment.size.max = 1048576 (custom)
2022-03-02 21:33:19,968 [pool-591-thread-1] INFO  server.RaftServerConfigKeys (ConfUtils.java:logGet(44)) - raft.server.log.preallocated.size = 16384 (custom)
2022-03-02 21:33:19,968 [pool-591-thread-1] INFO  server.RaftServerConfigKeys (ConfUtils.java:logGet(44)) - raft.server.log.force.sync.num = 128 (default)
2022-03-02 21:33:19,968 [pool-591-thread-1] INFO  server.RaftServerConfigKeys (ConfUtils.java:logGet(44)) - raft.server.log.statemachine.data.sync = true (default)
2022-03-02 21:33:19,968 [pool-591-thread-1] INFO  server.RaftServerConfigKeys (ConfUtils.java:logGet(44)) - raft.server.log.statemachine.data.sync.timeout = 10s (default)
2022-03-02 21:33:19,968 [pool-591-thread-1] INFO  server.RaftServerConfigKeys (ConfUtils.java:logGet(44)) - raft.server.log.statemachine.data.sync.timeout.retry = -1 (default)
2022-03-02 21:33:19,969 [pool-591-thread-1] INFO  server.RaftServerConfigKeys (ConfUtils.java:logGet(44)) - raft.server.log.write.buffer.size = 1048576 (custom)
2022-03-02 21:33:19,970 [pool-591-thread-1] INFO  server.RaftServerConfigKeys (ConfUtils.java:logGet(44)) - raft.server.log.statemachine.data.caching.enabled = true (custom)
2022-03-02 21:33:19,970 [pool-591-thread-1] INFO  segmented.SegmentedRaftLogWorker (SegmentedRaftLogWorker.java:lambda$new$0(133)) - 06306a50-9ba9-4128-94e0-55d591e142a1@group-2F68AEE794C1-SegmentedRaftLogWorker: flushIndex: setUnconditionally 0 -> -1
2022-03-02 21:33:19,970 [pool-591-thread-1] INFO  segmented.SegmentedRaftLogWorker (SegmentedRaftLogWorker.java:lambda$new$0(133)) - 06306a50-9ba9-4128-94e0-55d591e142a1@group-2F68AEE794C1-SegmentedRaftLogWorker: safeCacheEvictIndex: setUnconditionally 0 -> -1
2022-03-02 21:33:19,971 [EventQueue-OpenPipelineForHealthyPipelineSafeModeRule] INFO  safemode.SCMSafeModeManager (HealthyPipelineSafeModeRule.java:process(124)) - SCM in safe mode. Healthy pipelines reported count is 0, required healthy pipeline reported count is 1
2022-03-02 21:33:19,972 [d7f371f7-0d79-4eb0-9764-2158321d28de@group-E779D9019C18-StateMachineUpdater] INFO  pipeline.PipelineStateManagerImpl (PipelineStateManagerImpl.java:addPipeline(101)) - Created pipeline Pipeline[ Id: 7222150f-7630-4924-8d62-4c98e9f0fd07, Nodes: ff1229b5-7bf6-42b1-a70d-3d6d5a94de90{ip: 10.1.0.35, host: fv-az294-754.eaanfquahm5ulb5tj050gcxych.jx.internal.cloudapp.net, ports: [REPLICATION=43603, RATIS=32847, RATIS_ADMIN=32847, RATIS_SERVER=32847, STANDALONE=40363], networkLocation: /default-rack, certSerialId: null, persistedOpState: IN_SERVICE, persistedOpStateExpiryEpochSec: 0}269e0ee6-c833-446d-a842-94c77dd867fd{ip: 10.1.0.35, host: fv-az294-754.eaanfquahm5ulb5tj050gcxych.jx.internal.cloudapp.net, ports: [REPLICATION=40569, RATIS=35541, RATIS_ADMIN=35541, RATIS_SERVER=35541, STANDALONE=36115], networkLocation: /default-rack, certSerialId: null, persistedOpState: IN_SERVICE, persistedOpStateExpiryEpochSec: 0}39d9f1c0-7130-4277-8a35-add537f65258{ip: 10.1.0.35, host: fv-az294-754.eaanfquahm5ulb5tj050gcxych.jx.internal.cloudapp.net, ports: [REPLICATION=38181, RATIS=33025, RATIS_ADMIN=33025, RATIS_SERVER=33025, STANDALONE=35701], networkLocation: /default-rack, certSerialId: null, persistedOpState: IN_SERVICE, persistedOpStateExpiryEpochSec: 0}, ReplicationConfig: RATIS/THREE, State:ALLOCATED, leaderId:, CreationTimestamp2022-03-02T21:33:19.967Z[Etc/UTC]].
2022-03-02 21:33:19,972 [d7f371f7-0d79-4eb0-9764-2158321d28de@group-E779D9019C18-StateMachineUpdater] INFO  safemode.HealthyPipelineSafeModeRule (HealthyPipelineSafeModeRule.java:initializeRule(152)) - Refreshed total pipeline count is 0, healthy pipeline threshold count is 1
2022-03-02 21:33:19,973 [RatisPipelineUtilsThread - 0] INFO  pipeline.RatisPipelineProvider (RatisPipelineProvider.java:lambda$create$0(183)) - Sending CreatePipelineCommand for pipeline:PipelineID=05406b00-ca93-4bb6-90f5-f48392e64407 to datanode:ff1229b5-7bf6-42b1-a70d-3d6d5a94de90
2022-03-02 21:33:19,973 [RatisPipelineUtilsThread - 0] INFO  pipeline.RatisPipelineProvider (RatisPipelineProvider.java:lambda$create$0(183)) - Sending CreatePipelineCommand for pipeline:PipelineID=05406b00-ca93-4bb6-90f5-f48392e64407 to datanode:39d9f1c0-7130-4277-8a35-add537f65258
2022-03-02 21:33:19,973 [RatisPipelineUtilsThread - 0] INFO  pipeline.RatisPipelineProvider (RatisPipelineProvider.java:lambda$create$0(183)) - Sending CreatePipelineCommand for pipeline:PipelineID=05406b00-ca93-4bb6-90f5-f48392e64407 to datanode:269e0ee6-c833-446d-a842-94c77dd867fd
2022-03-02 21:33:19,974 [d7f371f7-0d79-4eb0-9764-2158321d28de@group-E779D9019C18-StateMachineUpdater] INFO  pipeline.PipelineStateManagerImpl (PipelineStateManagerImpl.java:addPipeline(101)) - Created pipeline Pipeline[ Id: 05406b00-ca93-4bb6-90f5-f48392e64407, Nodes: ff1229b5-7bf6-42b1-a70d-3d6d5a94de90{ip: 10.1.0.35, host: fv-az294-754.eaanfquahm5ulb5tj050gcxych.jx.internal.cloudapp.net, ports: [REPLICATION=43603, RATIS=32847, RATIS_ADMIN=32847, RATIS_SERVER=32847, STANDALONE=40363], networkLocation: /default-rack, certSerialId: null, persistedOpState: IN_SERVICE, persistedOpStateExpiryEpochSec: 0}39d9f1c0-7130-4277-8a35-add537f65258{ip: 10.1.0.35, host: fv-az294-754.eaanfquahm5ulb5tj050gcxych.jx.internal.cloudapp.net, ports: [REPLICATION=38181, RATIS=33025, RATIS_ADMIN=33025, RATIS_SERVER=33025, STANDALONE=35701], networkLocation: /default-rack, certSerialId: null, persistedOpState: IN_SERVICE, persistedOpStateExpiryEpochSec: 0}269e0ee6-c833-446d-a842-94c77dd867fd{ip: 10.1.0.35, host: fv-az294-754.eaanfquahm5ulb5tj050gcxych.jx.internal.cloudapp.net, ports: [REPLICATION=40569, RATIS=35541, RATIS_ADMIN=35541, RATIS_SERVER=35541, STANDALONE=36115], networkLocation: /default-rack, certSerialId: null, persistedOpState: IN_SERVICE, persistedOpStateExpiryEpochSec: 0}, ReplicationConfig: RATIS/THREE, State:ALLOCATED, leaderId:, CreationTimestamp2022-03-02T21:33:19.973Z[Etc/UTC]].
2022-03-02 21:33:19,974 [d7f371f7-0d79-4eb0-9764-2158321d28de@group-E779D9019C18-StateMachineUpdater] INFO  safemode.HealthyPipelineSafeModeRule (HealthyPipelineSafeModeRule.java:initializeRule(152)) - Refreshed total pipeline count is 0, healthy pipeline threshold count is 1
2022-03-02 21:33:19,974 [RatisPipelineUtilsThread - 0] INFO  pipeline.PipelineManagerImpl (PipelineManagerImpl.java:recordMetricsForPipeline(639)) - Pipeline: PipelineID=05406b00-ca93-4bb6-90f5-f48392e64407 contains same datanodes as previous pipelines: PipelineID=7222150f-7630-4924-8d62-4c98e9f0fd07 nodeIds: ff1229b5-7bf6-42b1-a70d-3d6d5a94de90, 39d9f1c0-7130-4277-8a35-add537f65258, 269e0ee6-c833-446d-a842-94c77dd867fd
2022-03-02 21:33:19,974 [RatisPipelineUtilsThread - 0] INFO  pipeline.RatisPipelineProvider (RatisPipelineProvider.java:lambda$create$0(183)) - Sending CreatePipelineCommand for pipeline:PipelineID=a3d558d9-1de6-4c21-bf95-b508c26eb33e to datanode:39d9f1c0-7130-4277-8a35-add537f65258
2022-03-02 21:33:19,974 [RatisPipelineUtilsThread - 0] INFO  pipeline.RatisPipelineProvider (RatisPipelineProvider.java:lambda$create$0(183)) - Sending CreatePipelineCommand for pipeline:PipelineID=a3d558d9-1de6-4c21-bf95-b508c26eb33e to datanode:ff1229b5-7bf6-42b1-a70d-3d6d5a94de90
2022-03-02 21:33:19,974 [RatisPipelineUtilsThread - 0] INFO  pipeline.RatisPipelineProvider (RatisPipelineProvider.java:lambda$create$0(183)) - Sending CreatePipelineCommand for pipeline:PipelineID=a3d558d9-1de6-4c21-bf95-b508c26eb33e to datanode:269e0ee6-c833-446d-a842-94c77dd867fd
2022-03-02 21:33:19,975 [d7f371f7-0d79-4eb0-9764-2158321d28de@group-E779D9019C18-StateMachineUpdater] INFO  pipeline.PipelineStateManagerImpl (PipelineStateManagerImpl.java:addPipeline(101)) - Created pipeline Pipeline[ Id: a3d558d9-1de6-4c21-bf95-b508c26eb33e, Nodes: 39d9f1c0-7130-4277-8a35-add537f65258{ip: 10.1.0.35, host: fv-az294-754.eaanfquahm5ulb5tj050gcxych.jx.internal.cloudapp.net, ports: [REPLICATION=38181, RATIS=33025, RATIS_ADMIN=33025, RATIS_SERVER=33025, STANDALONE=35701], networkLocation: /default-rack, certSerialId: null, persistedOpState: IN_SERVICE, persistedOpStateExpiryEpochSec: 0}ff1229b5-7bf6-42b1-a70d-3d6d5a94de90{ip: 10.1.0.35, host: fv-az294-754.eaanfquahm5ulb5tj050gcxych.jx.internal.cloudapp.net, ports: [REPLICATION=43603, RATIS=32847, RATIS_ADMIN=32847, RATIS_SERVER=32847, STANDALONE=40363], networkLocation: /default-rack, certSerialId: null, persistedOpState: IN_SERVICE, persistedOpStateExpiryEpochSec: 0}269e0ee6-c833-446d-a842-94c77dd867fd{ip: 10.1.0.35, host: fv-az294-754.eaanfquahm5ulb5tj050gcxych.jx.internal.cloudapp.net, ports: [REPLICATION=40569, RATIS=35541, RATIS_ADMIN=35541, RATIS_SERVER=35541, STANDALONE=36115], networkLocation: /default-rack, certSerialId: null, persistedOpState: IN_SERVICE, persistedOpStateExpiryEpochSec: 0}, ReplicationConfig: RATIS/THREE, State:ALLOCATED, leaderId:, CreationTimestamp2022-03-02T21:33:19.974Z[Etc/UTC]].
2022-03-02 21:33:19,975 [d7f371f7-0d79-4eb0-9764-2158321d28de@group-E779D9019C18-StateMachineUpdater] INFO  safemode.HealthyPipelineSafeModeRule (HealthyPipelineSafeModeRule.java:initializeRule(152)) - Refreshed total pipeline count is 0, healthy pipeline threshold count is 1
2022-03-02 21:33:19,976 [RatisPipelineUtilsThread - 0] INFO  pipeline.PipelineManagerImpl (PipelineManagerImpl.java:recordMetricsForPipeline(639)) - Pipeline: PipelineID=a3d558d9-1de6-4c21-bf95-b508c26eb33e contains same datanodes as previous pipelines: PipelineID=05406b00-ca93-4bb6-90f5-f48392e64407 nodeIds: 39d9f1c0-7130-4277-8a35-add537f65258, ff1229b5-7bf6-42b1-a70d-3d6d5a94de90, 269e0ee6-c833-446d-a842-94c77dd867fd
2022-03-02 21:33:19,976 [RatisPipelineUtilsThread - 0] INFO  pipeline.PipelineManagerImpl (PipelineManagerImpl.java:recordMetricsForPipeline(639)) - Pipeline: PipelineID=a3d558d9-1de6-4c21-bf95-b508c26eb33e contains same datanodes as previous pipelines: PipelineID=7222150f-7630-4924-8d62-4c98e9f0fd07 nodeIds: 39d9f1c0-7130-4277-8a35-add537f65258, ff1229b5-7bf6-42b1-a70d-3d6d5a94de90, 269e0ee6-c833-446d-a842-94c77dd867fd
2022-03-02 21:33:19,991 [pool-591-thread-1] INFO  server.RaftServerConfigKeys (ConfUtils.java:logGet(44)) - raft.server.snapshot.auto.trigger.enabled = true (custom)
2022-03-02 21:33:19,991 [pool-591-thread-1] INFO  server.RaftServerConfigKeys (ConfUtils.java:logGet(44)) - raft.server.snapshot.auto.trigger.threshold = 10000 (custom)
2022-03-02 21:33:19,991 [pool-591-thread-1] INFO  server.RaftServerConfigKeys (ConfUtils.java:logGet(44)) - raft.server.snapshot.retention.file.num = 5 (custom)
2022-03-02 21:33:19,991 [pool-591-thread-1] INFO  server.RaftServerConfigKeys (ConfUtils.java:logGet(44)) - raft.server.log.purge.upto.snapshot.index = false (default)
2022-03-02 21:33:19,991 [pool-591-thread-1] INFO  server.RaftServerConfigKeys (ConfUtils.java:logGet(44)) - raft.server.retrycache.expirytime = 600000ms (custom)
2022-03-02 21:33:19,991 [pool-591-thread-1] INFO  server.RaftServerConfigKeys (ConfUtils.java:logGet(44)) - raft.server.retrycache.statistics.expirytime = 100μs (default)
2022-03-02 21:33:19,992 [pool-591-thread-1] INFO  server.RaftServer$Division (RaftServerImpl.java:start(301)) - 06306a50-9ba9-4128-94e0-55d591e142a1@group-2F68AEE794C1: start as a follower, conf=-1: [cdd5360e-d849-4e2b-b62b-b70fbd73a7e1|rpc:10.1.0.35:36141|priority:1, 06306a50-9ba9-4128-94e0-55d591e142a1|rpc:10.1.0.35:42445|priority:0, ca012516-14dd-42cd-8742-1c9d04d43fd5|rpc:10.1.0.35:34561|priority:0], old=null
2022-03-02 21:33:19,992 [pool-591-thread-1] INFO  server.RaftServer$Division (RaftServerImpl.java:setRole(290)) - 06306a50-9ba9-4128-94e0-55d591e142a1@group-2F68AEE794C1: changes role from      null to FOLLOWER at term 0 for startAsFollower
2022-03-02 21:33:19,992 [pool-591-thread-1] INFO  impl.RoleInfo (RoleInfo.java:updateAndGet(130)) - 06306a50-9ba9-4128-94e0-55d591e142a1: start 06306a50-9ba9-4128-94e0-55d591e142a1@group-2F68AEE794C1-FollowerState
2022-03-02 21:33:19,992 [pool-591-thread-1] INFO  util.JmxRegister (JmxRegister.java:tryRegister(44)) - Successfully registered JMX Bean with object name Ratis:service=RaftServer,group=group-2F68AEE794C1,id=06306a50-9ba9-4128-94e0-55d591e142a1
2022-03-02 21:33:19,993 [Command processor thread] INFO  ratis.XceiverServerRatis (XceiverServerRatis.java:addGroup(769)) - Created group PipelineID=9b18829a-a3fc-4ad4-bb5e-2f68aee794c1
2022-03-02 21:33:20,069 [Command processor thread] INFO  commandhandler.CreatePipelineCommandHandler (CreatePipelineCommandHandler.java:handle(106)) - Created Pipeline RATIS THREE PipelineID=8245a83f-df17-4492-b969-8ec42998b879.
2022-03-02 21:33:20,069 [Command processor thread] INFO  server.RaftServer (RaftServerProxy.java:addNew(95)) - cdd5360e-d849-4e2b-b62b-b70fbd73a7e1: addNew group-2F68AEE794C1:[cdd5360e-d849-4e2b-b62b-b70fbd73a7e1|rpc:10.1.0.35:36141|priority:1, 06306a50-9ba9-4128-94e0-55d591e142a1|rpc:10.1.0.35:42445|priority:0, ca012516-14dd-42cd-8742-1c9d04d43fd5|rpc:10.1.0.35:34561|priority:0] returns group-2F68AEE794C1:java.util.concurrent.CompletableFuture@646707e5[Not completed]
2022-03-02 21:33:20,113 [pool-612-thread-1] INFO  server.RaftServer$Division (RaftServerImpl.java:<init>(184)) - cdd5360e-d849-4e2b-b62b-b70fbd73a7e1: new RaftServerImpl for group-2F68AEE794C1:[cdd5360e-d849-4e2b-b62b-b70fbd73a7e1|rpc:10.1.0.35:36141|priority:1, 06306a50-9ba9-4128-94e0-55d591e142a1|rpc:10.1.0.35:42445|priority:0, ca012516-14dd-42cd-8742-1c9d04d43fd5|rpc:10.1.0.35:34561|priority:0] with ContainerStateMachine:uninitialized
2022-03-02 21:33:20,113 [grpc-default-executor-0] INFO  server.RaftServer (RaftServerProxy.java:addNew(95)) - ca012516-14dd-42cd-8742-1c9d04d43fd5: addNew group-2F68AEE794C1:[cdd5360e-d849-4e2b-b62b-b70fbd73a7e1|rpc:10.1.0.35:36141|dataStream:|priority:1, 06306a50-9ba9-4128-94e0-55d591e142a1|rpc:10.1.0.35:42445|dataStream:|priority:0, ca012516-14dd-42cd-8742-1c9d04d43fd5|rpc:10.1.0.35:34561|dataStream:|priority:0] returns group-2F68AEE794C1:java.util.concurrent.CompletableFuture@2c61846[Not completed]
2022-03-02 21:33:20,114 [pool-633-thread-1] INFO  server.RaftServer$Division (RaftServerImpl.java:<init>(184)) - ca012516-14dd-42cd-8742-1c9d04d43fd5: new RaftServerImpl for group-2F68AEE794C1:[cdd5360e-d849-4e2b-b62b-b70fbd73a7e1|rpc:10.1.0.35:36141|dataStream:|priority:1, 06306a50-9ba9-4128-94e0-55d591e142a1|rpc:10.1.0.35:42445|dataStream:|priority:0, ca012516-14dd-42cd-8742-1c9d04d43fd5|rpc:10.1.0.35:34561|dataStream:|priority:0] with ContainerStateMachine:uninitialized
2022-03-02 21:33:20,114 [pool-633-thread-1] INFO  server.RaftServerConfigKeys (ConfUtils.java:logGet(44)) - raft.server.rpc.timeout.min = 5s (custom)
2022-03-02 21:33:20,114 [pool-633-thread-1] INFO  server.RaftServerConfigKeys (ConfUtils.java:logGet(44)) - raft.server.rpc.timeout.max = 5200ms (custom)
2022-03-02 21:33:20,114 [pool-633-thread-1] INFO  server.RaftServerConfigKeys (ConfUtils.java:logGet(44)) - raft.server.rpc.sleep.time = 25ms (default)
2022-03-02 21:33:20,114 [pool-633-thread-1] INFO  server.RaftServerConfigKeys (ConfUtils.java:logGet(44)) - raft.server.rpc.slowness.timeout = 300000ms (custom)
2022-03-02 21:33:20,114 [pool-633-thread-1] INFO  server.RaftServerConfigKeys (ConfUtils.java:logGet(44)) - raft.server.leaderelection.leader.step-down.wait-time = 10s (default)
2022-03-02 21:33:20,114 [pool-633-thread-1] INFO  server.RaftServerConfigKeys (ConfUtils.java:logGet(44)) - raft.server.sleep.deviation.threshold = 300ms (default)
2022-03-02 21:33:20,114 [pool-633-thread-1] INFO  server.RaftServerConfigKeys (ConfUtils.java:logGet(44)) - raft.server.log.appender.install.snapshot.enabled = false (custom)
2022-03-02 21:33:20,114 [pool-633-thread-1] INFO  server.RaftServer$Division (ServerState.java:<init>(105)) - ca012516-14dd-42cd-8742-1c9d04d43fd5@group-2F68AEE794C1: ConfigurationManager, init=-1: [cdd5360e-d849-4e2b-b62b-b70fbd73a7e1|rpc:10.1.0.35:36141|dataStream:|priority:1, 06306a50-9ba9-4128-94e0-55d591e142a1|rpc:10.1.0.35:42445|dataStream:|priority:0, ca012516-14dd-42cd-8742-1c9d04d43fd5|rpc:10.1.0.35:34561|dataStream:|priority:0], old=null, confs=<EMPTY_MAP>
2022-03-02 21:33:20,114 [pool-633-thread-1] INFO  server.RaftServerConfigKeys (ConfUtils.java:logGet(44)) - raft.server.storage.dir = [/home/runner/work/ozone/ozone/hadoop-ozone/integration-test/target/test-dir/MiniOzoneClusterImpl-f745d883-409d-4598-9a00-e779d9019c18/datanode-2/data/ratis] (custom)
2022-03-02 21:33:20,114 [pool-633-thread-1] INFO  server.RaftServerConfigKeys (ConfUtils.java:logGet(44)) - raft.server.log.corruption.policy = EXCEPTION (default)
2022-03-02 21:33:20,114 [pool-633-thread-1] INFO  server.RaftServerConfigKeys (ConfUtils.java:logGet(44)) - raft.server.storage.free-space.min = 0MB (=0) (default)
2022-03-02 21:33:20,114 [pool-633-thread-1] INFO  storage.RaftStorageDirectory (RaftStorageDirectoryImpl.java:analyzeStorage(135)) - The storage directory /home/runner/work/ozone/ozone/hadoop-ozone/integration-test/target/test-dir/MiniOzoneClusterImpl-f745d883-409d-4598-9a00-e779d9019c18/datanode-2/data/ratis/9b18829a-a3fc-4ad4-bb5e-2f68aee794c1 does not exist. Creating ...
2022-03-02 21:33:20,113 [pool-612-thread-1] INFO  server.RaftServerConfigKeys (ConfUtils.java:logGet(44)) - raft.server.rpc.timeout.min = 5s (custom)
2022-03-02 21:33:20,115 [pool-612-thread-1] INFO  server.RaftServerConfigKeys (ConfUtils.java:logGet(44)) - raft.server.rpc.timeout.max = 5200ms (custom)
2022-03-02 21:33:20,115 [pool-612-thread-1] INFO  server.RaftServerConfigKeys (ConfUtils.java:logGet(44)) - raft.server.rpc.sleep.time = 25ms (default)
2022-03-02 21:33:20,115 [pool-612-thread-1] INFO  server.RaftServerConfigKeys (ConfUtils.java:logGet(44)) - raft.server.rpc.slowness.timeout = 300000ms (custom)
2022-03-02 21:33:20,115 [pool-612-thread-1] INFO  server.RaftServerConfigKeys (ConfUtils.java:logGet(44)) - raft.server.leaderelection.leader.step-down.wait-time = 10s (default)
2022-03-02 21:33:20,115 [pool-612-thread-1] INFO  server.RaftServerConfigKeys (ConfUtils.java:logGet(44)) - raft.server.sleep.deviation.threshold = 300ms (default)
2022-03-02 21:33:20,115 [pool-612-thread-1] INFO  server.RaftServerConfigKeys (ConfUtils.java:logGet(44)) - raft.server.log.appender.install.snapshot.enabled = false (custom)
2022-03-02 21:33:20,115 [pool-612-thread-1] INFO  server.RaftServer$Division (ServerState.java:<init>(105)) - cdd5360e-d849-4e2b-b62b-b70fbd73a7e1@group-2F68AEE794C1: ConfigurationManager, init=-1: [cdd5360e-d849-4e2b-b62b-b70fbd73a7e1|rpc:10.1.0.35:36141|priority:1, 06306a50-9ba9-4128-94e0-55d591e142a1|rpc:10.1.0.35:42445|priority:0, ca012516-14dd-42cd-8742-1c9d04d43fd5|rpc:10.1.0.35:34561|priority:0], old=null, confs=<EMPTY_MAP>
2022-03-02 21:33:20,115 [pool-612-thread-1] INFO  server.RaftServerConfigKeys (ConfUtils.java:logGet(44)) - raft.server.storage.dir = [/home/runner/work/ozone/ozone/hadoop-ozone/integration-test/target/test-dir/MiniOzoneClusterImpl-f745d883-409d-4598-9a00-e779d9019c18/datanode-1/data/ratis] (custom)
2022-03-02 21:33:20,115 [pool-612-thread-1] INFO  server.RaftServerConfigKeys (ConfUtils.java:logGet(44)) - raft.server.log.corruption.policy = EXCEPTION (default)
2022-03-02 21:33:20,115 [pool-612-thread-1] INFO  server.RaftServerConfigKeys (ConfUtils.java:logGet(44)) - raft.server.storage.free-space.min = 0MB (=0) (default)
2022-03-02 21:33:20,115 [pool-612-thread-1] INFO  storage.RaftStorageDirectory (RaftStorageDirectoryImpl.java:analyzeStorage(135)) - The storage directory /home/runner/work/ozone/ozone/hadoop-ozone/integration-test/target/test-dir/MiniOzoneClusterImpl-f745d883-409d-4598-9a00-e779d9019c18/datanode-1/data/ratis/9b18829a-a3fc-4ad4-bb5e-2f68aee794c1 does not exist. Creating ...
2022-03-02 21:33:20,116 [pool-612-thread-1] INFO  storage.RaftStorageDirectory (RaftStorageDirectoryImpl.java:tryLock(230)) - Lock on /home/runner/work/ozone/ozone/hadoop-ozone/integration-test/target/test-dir/MiniOzoneClusterImpl-f745d883-409d-4598-9a00-e779d9019c18/datanode-1/data/ratis/9b18829a-a3fc-4ad4-bb5e-2f68aee794c1/in_use.lock acquired by nodename 22518@fv-az294-754
2022-03-02 21:33:20,116 [pool-633-thread-1] INFO  storage.RaftStorageDirectory (RaftStorageDirectoryImpl.java:tryLock(230)) - Lock on /home/runner/work/ozone/ozone/hadoop-ozone/integration-test/target/test-dir/MiniOzoneClusterImpl-f745d883-409d-4598-9a00-e779d9019c18/datanode-2/data/ratis/9b18829a-a3fc-4ad4-bb5e-2f68aee794c1/in_use.lock acquired by nodename 22518@fv-az294-754
2022-03-02 21:33:20,117 [pool-612-thread-1] INFO  storage.RaftStorage (RaftStorageImpl.java:format(89)) - Storage directory /home/runner/work/ozone/ozone/hadoop-ozone/integration-test/target/test-dir/MiniOzoneClusterImpl-f745d883-409d-4598-9a00-e779d9019c18/datanode-1/data/ratis/9b18829a-a3fc-4ad4-bb5e-2f68aee794c1 has been successfully formatted.
2022-03-02 21:33:20,117 [pool-612-thread-1] INFO  ratis.ContainerStateMachine (ContainerStateMachine.java:loadSnapshot(236)) - group-2F68AEE794C1: The snapshot info is null. Setting the last applied indexto:(t:0, i:~)
2022-03-02 21:33:20,118 [pool-633-thread-1] INFO  storage.RaftStorage (RaftStorageImpl.java:format(89)) - Storage directory /home/runner/work/ozone/ozone/hadoop-ozone/integration-test/target/test-dir/MiniOzoneClusterImpl-f745d883-409d-4598-9a00-e779d9019c18/datanode-2/data/ratis/9b18829a-a3fc-4ad4-bb5e-2f68aee794c1 has been successfully formatted.
2022-03-02 21:33:20,118 [EventQueue-OpenPipelineForHealthyPipelineSafeModeRule] INFO  safemode.SCMSafeModeManager (HealthyPipelineSafeModeRule.java:process(124)) - SCM in safe mode. Healthy pipelines reported count is 0, required healthy pipeline reported count is 1
2022-03-02 21:33:20,118 [pool-612-thread-1] INFO  server.RaftServerConfigKeys (ConfUtils.java:logGet(44)) - raft.server.notification.no-leader.timeout = 300000ms (custom)
2022-03-02 21:33:20,119 [pool-612-thread-1] INFO  server.RaftServerConfigKeys (ConfUtils.java:logGet(44)) - raft.server.log.use.memory = false (default)
2022-03-02 21:33:20,119 [pool-612-thread-1] INFO  server.RaftServerConfigKeys (ConfUtils.java:logGet(44)) - raft.server.log.purge.gap = 1000000 (custom)
2022-03-02 21:33:20,119 [pool-612-thread-1] INFO  server.RaftServerConfigKeys (ConfUtils.java:logGet(44)) - raft.server.log.appender.buffer.byte-limit = 33554432 (custom)
2022-03-02 21:33:20,119 [pool-612-thread-1] INFO  server.RaftServerConfigKeys (ConfUtils.java:logGet(44)) - raft.server.log.segment.size.max = 1048576 (custom)
2022-03-02 21:33:20,120 [pool-612-thread-1] INFO  server.RaftServerConfigKeys (ConfUtils.java:logGet(44)) - raft.server.log.segment.cache.num.max = 2 (custom)
2022-03-02 21:33:20,120 [pool-612-thread-1] INFO  server.RaftServerConfigKeys (ConfUtils.java:logGet(44)) - raft.server.log.segment.cache.size.max = 200MB (=209715200) (default)
2022-03-02 21:33:20,120 [pool-612-thread-1] INFO  segmented.SegmentedRaftLogWorker (SegmentedRaftLogWorker.java:<init>(182)) - new cdd5360e-d849-4e2b-b62b-b70fbd73a7e1@group-2F68AEE794C1-SegmentedRaftLogWorker for RaftStorageImpl:Storage Directory /home/runner/work/ozone/ozone/hadoop-ozone/integration-test/target/test-dir/MiniOzoneClusterImpl-f745d883-409d-4598-9a00-e779d9019c18/datanode-1/data/ratis/9b18829a-a3fc-4ad4-bb5e-2f68aee794c1
2022-03-02 21:33:20,121 [pool-612-thread-1] INFO  server.RaftServerConfigKeys (ConfUtils.java:logGet(44)) - raft.server.log.queue.byte-limit = 4294967296 (custom)
2022-03-02 21:33:20,121 [pool-612-thread-1] INFO  server.RaftServerConfigKeys (ConfUtils.java:logGet(44)) - raft.server.log.queue.element-limit = 1024 (custom)
2022-03-02 21:33:20,121 [pool-612-thread-1] INFO  server.RaftServerConfigKeys (ConfUtils.java:logGet(44)) - raft.server.log.segment.size.max = 1048576 (custom)
2022-03-02 21:33:20,121 [pool-612-thread-1] INFO  server.RaftServerConfigKeys (ConfUtils.java:logGet(44)) - raft.server.log.preallocated.size = 16384 (custom)
2022-03-02 21:33:20,121 [pool-612-thread-1] INFO  server.RaftServerConfigKeys (ConfUtils.java:logGet(44)) - raft.server.log.force.sync.num = 128 (default)
2022-03-02 21:33:20,121 [pool-612-thread-1] INFO  server.RaftServerConfigKeys (ConfUtils.java:logGet(44)) - raft.server.log.statemachine.data.sync = true (default)
2022-03-02 21:33:20,121 [pool-612-thread-1] INFO  server.RaftServerConfigKeys (ConfUtils.java:logGet(44)) - raft.server.log.statemachine.data.sync.timeout = 10s (default)
2022-03-02 21:33:20,121 [pool-612-thread-1] INFO  server.RaftServerConfigKeys (ConfUtils.java:logGet(44)) - raft.server.log.statemachine.data.sync.timeout.retry = -1 (default)
2022-03-02 21:33:20,122 [pool-612-thread-1] INFO  server.RaftServerConfigKeys (ConfUtils.java:logGet(44)) - raft.server.log.write.buffer.size = 1048576 (custom)
2022-03-02 21:33:20,120 [pool-633-thread-1] INFO  ratis.ContainerStateMachine (ContainerStateMachine.java:loadSnapshot(236)) - group-2F68AEE794C1: The snapshot info is null. Setting the last applied indexto:(t:0, i:~)
2022-03-02 21:33:20,127 [pool-633-thread-1] INFO  server.RaftServerConfigKeys (ConfUtils.java:logGet(44)) - raft.server.notification.no-leader.timeout = 300000ms (custom)
2022-03-02 21:33:20,127 [pool-633-thread-1] INFO  server.RaftServerConfigKeys (ConfUtils.java:logGet(44)) - raft.server.log.use.memory = false (default)
2022-03-02 21:33:20,127 [pool-633-thread-1] INFO  server.RaftServerConfigKeys (ConfUtils.java:logGet(44)) - raft.server.log.purge.gap = 1000000 (custom)
2022-03-02 21:33:20,127 [pool-633-thread-1] INFO  server.RaftServerConfigKeys (ConfUtils.java:logGet(44)) - raft.server.log.appender.buffer.byte-limit = 33554432 (custom)
2022-03-02 21:33:20,128 [pool-633-thread-1] INFO  server.RaftServerConfigKeys (ConfUtils.java:logGet(44)) - raft.server.log.segment.size.max = 1048576 (custom)
2022-03-02 21:33:20,128 [pool-633-thread-1] INFO  server.RaftServerConfigKeys (ConfUtils.java:logGet(44)) - raft.server.log.segment.cache.num.max = 2 (custom)
2022-03-02 21:33:20,128 [pool-633-thread-1] INFO  server.RaftServerConfigKeys (ConfUtils.java:logGet(44)) - raft.server.log.segment.cache.size.max = 200MB (=209715200) (default)
2022-03-02 21:33:20,128 [pool-633-thread-1] INFO  segmented.SegmentedRaftLogWorker (SegmentedRaftLogWorker.java:<init>(182)) - new ca012516-14dd-42cd-8742-1c9d04d43fd5@group-2F68AEE794C1-SegmentedRaftLogWorker for RaftStorageImpl:Storage Directory /home/runner/work/ozone/ozone/hadoop-ozone/integration-test/target/test-dir/MiniOzoneClusterImpl-f745d883-409d-4598-9a00-e779d9019c18/datanode-2/data/ratis/9b18829a-a3fc-4ad4-bb5e-2f68aee794c1
2022-03-02 21:33:20,128 [pool-633-thread-1] INFO  server.RaftServerConfigKeys (ConfUtils.java:logGet(44)) - raft.server.log.queue.byte-limit = 4294967296 (custom)
2022-03-02 21:33:20,128 [pool-633-thread-1] INFO  server.RaftServerConfigKeys (ConfUtils.java:logGet(44)) - raft.server.log.queue.element-limit = 1024 (custom)
2022-03-02 21:33:20,128 [pool-633-thread-1] INFO  server.RaftServerConfigKeys (ConfUtils.java:logGet(44)) - raft.server.log.segment.size.max = 1048576 (custom)
2022-03-02 21:33:20,128 [pool-633-thread-1] INFO  server.RaftServerConfigKeys (ConfUtils.java:logGet(44)) - raft.server.log.preallocated.size = 16384 (custom)
2022-03-02 21:33:20,128 [pool-633-thread-1] INFO  server.RaftServerConfigKeys (ConfUtils.java:logGet(44)) - raft.server.log.force.sync.num = 128 (default)
2022-03-02 21:33:20,128 [pool-633-thread-1] INFO  server.RaftServerConfigKeys (ConfUtils.java:logGet(44)) - raft.server.log.statemachine.data.sync = true (default)
2022-03-02 21:33:20,128 [pool-633-thread-1] INFO  server.RaftServerConfigKeys (ConfUtils.java:logGet(44)) - raft.server.log.statemachine.data.sync.timeout = 10s (default)
2022-03-02 21:33:20,128 [pool-633-thread-1] INFO  server.RaftServerConfigKeys (ConfUtils.java:logGet(44)) - raft.server.log.statemachine.data.sync.timeout.retry = -1 (default)
2022-03-02 21:33:20,129 [pool-633-thread-1] INFO  server.RaftServerConfigKeys (ConfUtils.java:logGet(44)) - raft.server.log.write.buffer.size = 1048576 (custom)
2022-03-02 21:33:20,130 [pool-633-thread-1] INFO  server.RaftServerConfigKeys (ConfUtils.java:logGet(44)) - raft.server.log.statemachine.data.caching.enabled = true (custom)
2022-03-02 21:33:20,130 [pool-633-thread-1] INFO  segmented.SegmentedRaftLogWorker (SegmentedRaftLogWorker.java:lambda$new$0(133)) - ca012516-14dd-42cd-8742-1c9d04d43fd5@group-2F68AEE794C1-SegmentedRaftLogWorker: flushIndex: setUnconditionally 0 -> -1
2022-03-02 21:33:20,135 [pool-633-thread-1] INFO  segmented.SegmentedRaftLogWorker (SegmentedRaftLogWorker.java:lambda$new$0(133)) - ca012516-14dd-42cd-8742-1c9d04d43fd5@group-2F68AEE794C1-SegmentedRaftLogWorker: safeCacheEvictIndex: setUnconditionally 0 -> -1
2022-03-02 21:33:20,130 [pool-612-thread-1] INFO  server.RaftServerConfigKeys (ConfUtils.java:logGet(44)) - raft.server.log.statemachine.data.caching.enabled = true (custom)
2022-03-02 21:33:20,136 [pool-612-thread-1] INFO  segmented.SegmentedRaftLogWorker (SegmentedRaftLogWorker.java:lambda$new$0(133)) - cdd5360e-d849-4e2b-b62b-b70fbd73a7e1@group-2F68AEE794C1-SegmentedRaftLogWorker: flushIndex: setUnconditionally 0 -> -1
2022-03-02 21:33:20,136 [pool-612-thread-1] INFO  segmented.SegmentedRaftLogWorker (SegmentedRaftLogWorker.java:lambda$new$0(133)) - cdd5360e-d849-4e2b-b62b-b70fbd73a7e1@group-2F68AEE794C1-SegmentedRaftLogWorker: safeCacheEvictIndex: setUnconditionally 0 -> -1
2022-03-02 21:33:20,139 [pool-633-thread-1] INFO  server.RaftServerConfigKeys (ConfUtils.java:logGet(44)) - raft.server.snapshot.auto.trigger.enabled = true (custom)
2022-03-02 21:33:20,139 [pool-633-thread-1] INFO  server.RaftServerConfigKeys (ConfUtils.java:logGet(44)) - raft.server.snapshot.auto.trigger.threshold = 10000 (custom)
2022-03-02 21:33:20,139 [pool-633-thread-1] INFO  server.RaftServerConfigKeys (ConfUtils.java:logGet(44)) - raft.server.snapshot.retention.file.num = 5 (custom)
2022-03-02 21:33:20,139 [pool-633-thread-1] INFO  server.RaftServerConfigKeys (ConfUtils.java:logGet(44)) - raft.server.log.purge.upto.snapshot.index = false (default)
2022-03-02 21:33:20,139 [pool-633-thread-1] INFO  server.RaftServerConfigKeys (ConfUtils.java:logGet(44)) - raft.server.retrycache.expirytime = 600000ms (custom)
2022-03-02 21:33:20,139 [pool-633-thread-1] INFO  server.RaftServerConfigKeys (ConfUtils.java:logGet(44)) - raft.server.retrycache.statistics.expirytime = 100μs (default)
2022-03-02 21:33:20,140 [pool-633-thread-1] INFO  server.RaftServer$Division (RaftServerImpl.java:start(301)) - ca012516-14dd-42cd-8742-1c9d04d43fd5@group-2F68AEE794C1: start as a follower, conf=-1: [cdd5360e-d849-4e2b-b62b-b70fbd73a7e1|rpc:10.1.0.35:36141|dataStream:|priority:1, 06306a50-9ba9-4128-94e0-55d591e142a1|rpc:10.1.0.35:42445|dataStream:|priority:0, ca012516-14dd-42cd-8742-1c9d04d43fd5|rpc:10.1.0.35:34561|dataStream:|priority:0], old=null
2022-03-02 21:33:20,140 [pool-633-thread-1] INFO  server.RaftServer$Division (RaftServerImpl.java:setRole(290)) - ca012516-14dd-42cd-8742-1c9d04d43fd5@group-2F68AEE794C1: changes role from      null to FOLLOWER at term 0 for startAsFollower
2022-03-02 21:33:20,159 [pool-612-thread-1] INFO  server.RaftServerConfigKeys (ConfUtils.java:logGet(44)) - raft.server.snapshot.auto.trigger.enabled = true (custom)
2022-03-02 21:33:20,159 [pool-612-thread-1] INFO  server.RaftServerConfigKeys (ConfUtils.java:logGet(44)) - raft.server.snapshot.auto.trigger.threshold = 10000 (custom)
2022-03-02 21:33:20,159 [pool-612-thread-1] INFO  server.RaftServerConfigKeys (ConfUtils.java:logGet(44)) - raft.server.snapshot.retention.file.num = 5 (custom)
2022-03-02 21:33:20,159 [pool-612-thread-1] INFO  server.RaftServerConfigKeys (ConfUtils.java:logGet(44)) - raft.server.log.purge.upto.snapshot.index = false (default)
2022-03-02 21:33:20,159 [pool-612-thread-1] INFO  server.RaftServerConfigKeys (ConfUtils.java:logGet(44)) - raft.server.retrycache.expirytime = 600000ms (custom)
2022-03-02 21:33:20,159 [pool-612-thread-1] INFO  server.RaftServerConfigKeys (ConfUtils.java:logGet(44)) - raft.server.retrycache.statistics.expirytime = 100μs (default)
2022-03-02 21:33:20,160 [pool-612-thread-1] INFO  server.RaftServer$Division (RaftServerImpl.java:start(301)) - cdd5360e-d849-4e2b-b62b-b70fbd73a7e1@group-2F68AEE794C1: start as a follower, conf=-1: [cdd5360e-d849-4e2b-b62b-b70fbd73a7e1|rpc:10.1.0.35:36141|priority:1, 06306a50-9ba9-4128-94e0-55d591e142a1|rpc:10.1.0.35:42445|priority:0, ca012516-14dd-42cd-8742-1c9d04d43fd5|rpc:10.1.0.35:34561|priority:0], old=null
2022-03-02 21:33:20,160 [pool-612-thread-1] INFO  server.RaftServer$Division (RaftServerImpl.java:setRole(290)) - cdd5360e-d849-4e2b-b62b-b70fbd73a7e1@group-2F68AEE794C1: changes role from      null to FOLLOWER at term 0 for startAsFollower
2022-03-02 21:33:20,160 [pool-612-thread-1] INFO  impl.RoleInfo (RoleInfo.java:updateAndGet(130)) - cdd5360e-d849-4e2b-b62b-b70fbd73a7e1: start cdd5360e-d849-4e2b-b62b-b70fbd73a7e1@group-2F68AEE794C1-FollowerState
2022-03-02 21:33:20,162 [pool-612-thread-1] INFO  util.JmxRegister (JmxRegister.java:tryRegister(44)) - Successfully registered JMX Bean with object name Ratis:service=RaftServer,group=group-2F68AEE794C1,id=cdd5360e-d849-4e2b-b62b-b70fbd73a7e1
2022-03-02 21:33:20,181 [pool-633-thread-1] INFO  impl.RoleInfo (RoleInfo.java:updateAndGet(130)) - ca012516-14dd-42cd-8742-1c9d04d43fd5: start ca012516-14dd-42cd-8742-1c9d04d43fd5@group-2F68AEE794C1-FollowerState
2022-03-02 21:33:20,183 [Command processor thread] INFO  ratis.XceiverServerRatis (XceiverServerRatis.java:addGroup(769)) - Created group PipelineID=9b18829a-a3fc-4ad4-bb5e-2f68aee794c1
2022-03-02 21:33:20,196 [pool-633-thread-1] INFO  util.JmxRegister (JmxRegister.java:tryRegister(44)) - Successfully registered JMX Bean with object name Ratis:service=RaftServer,group=group-2F68AEE794C1,id=ca012516-14dd-42cd-8742-1c9d04d43fd5
2022-03-02 21:33:20,342 [Listener at 127.0.0.1/33667] INFO  ozone.MiniOzoneClusterImpl (MiniOzoneClusterImpl.java:lambda$waitForClusterToBeReady$0(219)) - Waiting for nodes to be ready. Got 6 of 7 DN Heartbeats.
2022-03-02 21:33:20,342 [Listener at 127.0.0.1/33667] INFO  ozone.MiniOzoneClusterImpl (MiniOzoneClusterImpl.java:lambda$waitForClusterToBeReady$0(222)) - Waiting for cluster to exit safe mode
2022-03-02 21:33:20,342 [Listener at 127.0.0.1/33667] INFO  ozone.MiniOzoneClusterImpl (MiniOzoneClusterImpl.java:lambda$waitForClusterToBeReady$0(224)) - SCM became leader
2022-03-02 21:33:20,347 [Command processor thread] INFO  commandhandler.CreatePipelineCommandHandler (CreatePipelineCommandHandler.java:handle(106)) - Created Pipeline RATIS THREE PipelineID=9b18829a-a3fc-4ad4-bb5e-2f68aee794c1.
2022-03-02 21:33:20,348 [Command processor thread] INFO  commandhandler.CreatePipelineCommandHandler (CreatePipelineCommandHandler.java:handle(106)) - Created Pipeline RATIS THREE PipelineID=9b18829a-a3fc-4ad4-bb5e-2f68aee794c1.
2022-03-02 21:33:20,391 [Command processor thread] INFO  server.RaftServer (RaftServerProxy.java:addNew(95)) - ca012516-14dd-42cd-8742-1c9d04d43fd5: addNew group-BC16C3A2A057:[ca012516-14dd-42cd-8742-1c9d04d43fd5|rpc:10.1.0.35:34561|priority:1] returns group-BC16C3A2A057:java.util.concurrent.CompletableFuture@62356f7f[Not completed]
2022-03-02 21:33:20,392 [pool-633-thread-1] INFO  server.RaftServer$Division (RaftServerImpl.java:<init>(184)) - ca012516-14dd-42cd-8742-1c9d04d43fd5: new RaftServerImpl for group-BC16C3A2A057:[ca012516-14dd-42cd-8742-1c9d04d43fd5|rpc:10.1.0.35:34561|priority:1] with ContainerStateMachine:uninitialized
2022-03-02 21:33:20,392 [pool-633-thread-1] INFO  server.RaftServerConfigKeys (ConfUtils.java:logGet(44)) - raft.server.rpc.timeout.min = 5s (custom)
2022-03-02 21:33:20,392 [pool-633-thread-1] INFO  server.RaftServerConfigKeys (ConfUtils.java:logGet(44)) - raft.server.rpc.timeout.max = 5200ms (custom)
2022-03-02 21:33:20,392 [pool-633-thread-1] INFO  server.RaftServerConfigKeys (ConfUtils.java:logGet(44)) - raft.server.rpc.sleep.time = 25ms (default)
2022-03-02 21:33:20,392 [pool-633-thread-1] INFO  server.RaftServerConfigKeys (ConfUtils.java:logGet(44)) - raft.server.rpc.slowness.timeout = 300000ms (custom)
2022-03-02 21:33:20,392 [pool-633-thread-1] INFO  server.RaftServerConfigKeys (ConfUtils.java:logGet(44)) - raft.server.leaderelection.leader.step-down.wait-time = 10s (default)
2022-03-02 21:33:20,392 [pool-633-thread-1] INFO  server.RaftServerConfigKeys (ConfUtils.java:logGet(44)) - raft.server.sleep.deviation.threshold = 300ms (default)
2022-03-02 21:33:20,392 [pool-633-thread-1] INFO  server.RaftServerConfigKeys (ConfUtils.java:logGet(44)) - raft.server.log.appender.install.snapshot.enabled = false (custom)
2022-03-02 21:33:20,392 [pool-633-thread-1] INFO  server.RaftServer$Division (ServerState.java:<init>(105)) - ca012516-14dd-42cd-8742-1c9d04d43fd5@group-BC16C3A2A057: ConfigurationManager, init=-1: [ca012516-14dd-42cd-8742-1c9d04d43fd5|rpc:10.1.0.35:34561|priority:1], old=null, confs=<EMPTY_MAP>
2022-03-02 21:33:20,392 [pool-633-thread-1] INFO  server.RaftServerConfigKeys (ConfUtils.java:logGet(44)) - raft.server.storage.dir = [/home/runner/work/ozone/ozone/hadoop-ozone/integration-test/target/test-dir/MiniOzoneClusterImpl-f745d883-409d-4598-9a00-e779d9019c18/datanode-2/data/ratis] (custom)
2022-03-02 21:33:20,393 [pool-633-thread-1] INFO  server.RaftServerConfigKeys (ConfUtils.java:logGet(44)) - raft.server.log.corruption.policy = EXCEPTION (default)
2022-03-02 21:33:20,393 [pool-633-thread-1] INFO  server.RaftServerConfigKeys (ConfUtils.java:logGet(44)) - raft.server.storage.free-space.min = 0MB (=0) (default)
2022-03-02 21:33:20,393 [pool-633-thread-1] INFO  storage.RaftStorageDirectory (RaftStorageDirectoryImpl.java:analyzeStorage(135)) - The storage directory /home/runner/work/ozone/ozone/hadoop-ozone/integration-test/target/test-dir/MiniOzoneClusterImpl-f745d883-409d-4598-9a00-e779d9019c18/datanode-2/data/ratis/e5b5a910-8803-44fe-bcf9-bc16c3a2a057 does not exist. Creating ...
2022-03-02 21:33:20,396 [pool-633-thread-1] INFO  storage.RaftStorageDirectory (RaftStorageDirectoryImpl.java:tryLock(230)) - Lock on /home/runner/work/ozone/ozone/hadoop-ozone/integration-test/target/test-dir/MiniOzoneClusterImpl-f745d883-409d-4598-9a00-e779d9019c18/datanode-2/data/ratis/e5b5a910-8803-44fe-bcf9-bc16c3a2a057/in_use.lock acquired by nodename 22518@fv-az294-754
2022-03-02 21:33:20,403 [pool-633-thread-1] INFO  storage.RaftStorage (RaftStorageImpl.java:format(89)) - Storage directory /home/runner/work/ozone/ozone/hadoop-ozone/integration-test/target/test-dir/MiniOzoneClusterImpl-f745d883-409d-4598-9a00-e779d9019c18/datanode-2/data/ratis/e5b5a910-8803-44fe-bcf9-bc16c3a2a057 has been successfully formatted.
2022-03-02 21:33:20,403 [pool-633-thread-1] INFO  ratis.ContainerStateMachine (ContainerStateMachine.java:loadSnapshot(236)) - group-BC16C3A2A057: The snapshot info is null. Setting the last applied indexto:(t:0, i:~)
2022-03-02 21:33:20,403 [pool-633-thread-1] INFO  server.RaftServerConfigKeys (ConfUtils.java:logGet(44)) - raft.server.notification.no-leader.timeout = 300000ms (custom)
2022-03-02 21:33:20,403 [pool-633-thread-1] INFO  server.RaftServerConfigKeys (ConfUtils.java:logGet(44)) - raft.server.log.use.memory = false (default)
2022-03-02 21:33:20,403 [pool-633-thread-1] INFO  server.RaftServerConfigKeys (ConfUtils.java:logGet(44)) - raft.server.log.purge.gap = 1000000 (custom)
2022-03-02 21:33:20,403 [pool-633-thread-1] INFO  server.RaftServerConfigKeys (ConfUtils.java:logGet(44)) - raft.server.log.appender.buffer.byte-limit = 33554432 (custom)
2022-03-02 21:33:20,403 [pool-633-thread-1] INFO  server.RaftServerConfigKeys (ConfUtils.java:logGet(44)) - raft.server.log.segment.size.max = 1048576 (custom)
2022-03-02 21:33:20,404 [pool-633-thread-1] INFO  server.RaftServerConfigKeys (ConfUtils.java:logGet(44)) - raft.server.log.segment.cache.num.max = 2 (custom)
2022-03-02 21:33:20,404 [pool-633-thread-1] INFO  server.RaftServerConfigKeys (ConfUtils.java:logGet(44)) - raft.server.log.segment.cache.size.max = 200MB (=209715200) (default)
2022-03-02 21:33:20,404 [pool-633-thread-1] INFO  segmented.SegmentedRaftLogWorker (SegmentedRaftLogWorker.java:<init>(182)) - new ca012516-14dd-42cd-8742-1c9d04d43fd5@group-BC16C3A2A057-SegmentedRaftLogWorker for RaftStorageImpl:Storage Directory /home/runner/work/ozone/ozone/hadoop-ozone/integration-test/target/test-dir/MiniOzoneClusterImpl-f745d883-409d-4598-9a00-e779d9019c18/datanode-2/data/ratis/e5b5a910-8803-44fe-bcf9-bc16c3a2a057
2022-03-02 21:33:20,404 [EventQueue-PipelineReportForPipelineReportHandler] INFO  pipeline.PipelineManagerImpl (PipelineManagerImpl.java:openPipeline(291)) - Pipeline Pipeline[ Id: e5b5a910-8803-44fe-bcf9-bc16c3a2a057, Nodes: ca012516-14dd-42cd-8742-1c9d04d43fd5{ip: 10.1.0.35, host: fv-az294-754.eaanfquahm5ulb5tj050gcxych.jx.internal.cloudapp.net, ports: [REPLICATION=38123, RATIS=34561, RATIS_ADMIN=34561, RATIS_SERVER=34561, STANDALONE=41381], networkLocation: /default-rack, certSerialId: null, persistedOpState: IN_SERVICE, persistedOpStateExpiryEpochSec: 0}, ReplicationConfig: RATIS/ONE, State:ALLOCATED, leaderId:ca012516-14dd-42cd-8742-1c9d04d43fd5, CreationTimestamp2022-03-02T21:33:17.396Z[Etc/UTC]] moved to OPEN state
2022-03-02 21:33:20,407 [d7f371f7-0d79-4eb0-9764-2158321d28de@group-E779D9019C18-StateMachineUpdater] INFO  safemode.HealthyPipelineSafeModeRule (HealthyPipelineSafeModeRule.java:initializeRule(152)) - Refreshed total pipeline count is 0, healthy pipeline threshold count is 1
2022-03-02 21:33:20,407 [EventQueue-OpenPipelineForHealthyPipelineSafeModeRule] INFO  safemode.SCMSafeModeManager (HealthyPipelineSafeModeRule.java:process(124)) - SCM in safe mode. Healthy pipelines reported count is 0, required healthy pipeline reported count is 1
2022-03-02 21:33:20,404 [pool-633-thread-1] INFO  server.RaftServerConfigKeys (ConfUtils.java:logGet(44)) - raft.server.log.queue.byte-limit = 4294967296 (custom)
2022-03-02 21:33:20,411 [pool-633-thread-1] INFO  server.RaftServerConfigKeys (ConfUtils.java:logGet(44)) - raft.server.log.queue.element-limit = 1024 (custom)
2022-03-02 21:33:20,411 [pool-633-thread-1] INFO  server.RaftServerConfigKeys (ConfUtils.java:logGet(44)) - raft.server.log.segment.size.max = 1048576 (custom)
2022-03-02 21:33:20,411 [pool-633-thread-1] INFO  server.RaftServerConfigKeys (ConfUtils.java:logGet(44)) - raft.server.log.preallocated.size = 16384 (custom)
2022-03-02 21:33:20,411 [pool-633-thread-1] INFO  server.RaftServerConfigKeys (ConfUtils.java:logGet(44)) - raft.server.log.force.sync.num = 128 (default)
2022-03-02 21:33:20,411 [pool-633-thread-1] INFO  server.RaftServerConfigKeys (ConfUtils.java:logGet(44)) - raft.server.log.statemachine.data.sync = true (default)
2022-03-02 21:33:20,411 [pool-633-thread-1] INFO  server.RaftServerConfigKeys (ConfUtils.java:logGet(44)) - raft.server.log.statemachine.data.sync.timeout = 10s (default)
2022-03-02 21:33:20,411 [pool-633-thread-1] INFO  server.RaftServerConfigKeys (ConfUtils.java:logGet(44)) - raft.server.log.statemachine.data.sync.timeout.retry = -1 (default)
2022-03-02 21:33:20,412 [pool-633-thread-1] INFO  server.RaftServerConfigKeys (ConfUtils.java:logGet(44)) - raft.server.log.write.buffer.size = 1048576 (custom)
2022-03-02 21:33:20,412 [pool-633-thread-1] INFO  server.RaftServerConfigKeys (ConfUtils.java:logGet(44)) - raft.server.log.statemachine.data.caching.enabled = true (custom)
2022-03-02 21:33:20,412 [pool-633-thread-1] INFO  segmented.SegmentedRaftLogWorker (SegmentedRaftLogWorker.java:lambda$new$0(133)) - ca012516-14dd-42cd-8742-1c9d04d43fd5@group-BC16C3A2A057-SegmentedRaftLogWorker: flushIndex: setUnconditionally 0 -> -1
2022-03-02 21:33:20,412 [pool-633-thread-1] INFO  segmented.SegmentedRaftLogWorker (SegmentedRaftLogWorker.java:lambda$new$0(133)) - ca012516-14dd-42cd-8742-1c9d04d43fd5@group-BC16C3A2A057-SegmentedRaftLogWorker: safeCacheEvictIndex: setUnconditionally 0 -> -1
2022-03-02 21:33:20,429 [IPC Server handler 3 on default port 34591] INFO  net.NetworkTopologyImpl (NetworkTopologyImpl.java:add(112)) - Added a new node: /default-rack/176cdbad-2e78-4d65-9cb6-df82a020a3cb
2022-03-02 21:33:20,429 [IPC Server handler 3 on default port 34591] INFO  node.SCMNodeManager (SCMNodeManager.java:register(389)) - Registered Data node : 176cdbad-2e78-4d65-9cb6-df82a020a3cb{ip: 10.1.0.35, host: fv-az294-754.eaanfquahm5ulb5tj050gcxych.jx.internal.cloudapp.net, ports: [REPLICATION=33785, RATIS=36905, RATIS_ADMIN=36905, RATIS_SERVER=36905, STANDALONE=46855], networkLocation: /default-rack, certSerialId: null, persistedOpState: null, persistedOpStateExpiryEpochSec: 0}
2022-03-02 21:33:20,429 [EventQueue-NewNodeForNewNodeHandler] INFO  pipeline.BackgroundPipelineCreator (BackgroundPipelineCreator.java:notifyEventTriggered(285)) - trigger a one-shot run on RatisPipelineUtilsThread.
2022-03-02 21:33:20,430 [RatisPipelineUtilsThread - 0] INFO  pipeline.RatisPipelineProvider (RatisPipelineProvider.java:lambda$create$0(183)) - Sending CreatePipelineCommand for pipeline:PipelineID=c99ef66f-09a6-43aa-a065-02f814d75679 to datanode:176cdbad-2e78-4d65-9cb6-df82a020a3cb
2022-03-02 21:33:20,431 [pool-633-thread-1] INFO  server.RaftServerConfigKeys (ConfUtils.java:logGet(44)) - raft.server.snapshot.auto.trigger.enabled = true (custom)
2022-03-02 21:33:20,431 [pool-633-thread-1] INFO  server.RaftServerConfigKeys (ConfUtils.java:logGet(44)) - raft.server.snapshot.auto.trigger.threshold = 10000 (custom)
2022-03-02 21:33:20,431 [pool-633-thread-1] INFO  server.RaftServerConfigKeys (ConfUtils.java:logGet(44)) - raft.server.snapshot.retention.file.num = 5 (custom)
2022-03-02 21:33:20,431 [pool-633-thread-1] INFO  server.RaftServerConfigKeys (ConfUtils.java:logGet(44)) - raft.server.log.purge.upto.snapshot.index = false (default)
2022-03-02 21:33:20,431 [pool-633-thread-1] INFO  server.RaftServerConfigKeys (ConfUtils.java:logGet(44)) - raft.server.retrycache.expirytime = 600000ms (custom)
2022-03-02 21:33:20,431 [pool-633-thread-1] INFO  server.RaftServerConfigKeys (ConfUtils.java:logGet(44)) - raft.server.retrycache.statistics.expirytime = 100μs (default)
2022-03-02 21:33:20,432 [d7f371f7-0d79-4eb0-9764-2158321d28de@group-E779D9019C18-StateMachineUpdater] INFO  pipeline.PipelineStateManagerImpl (PipelineStateManagerImpl.java:addPipeline(101)) - Created pipeline Pipeline[ Id: c99ef66f-09a6-43aa-a065-02f814d75679, Nodes: 176cdbad-2e78-4d65-9cb6-df82a020a3cb{ip: 10.1.0.35, host: fv-az294-754.eaanfquahm5ulb5tj050gcxych.jx.internal.cloudapp.net, ports: [REPLICATION=33785, RATIS=36905, RATIS_ADMIN=36905, RATIS_SERVER=36905, STANDALONE=46855], networkLocation: /default-rack, certSerialId: null, persistedOpState: IN_SERVICE, persistedOpStateExpiryEpochSec: 0}, ReplicationConfig: RATIS/ONE, State:ALLOCATED, leaderId:, CreationTimestamp2022-03-02T21:33:20.430Z[Etc/UTC]].
2022-03-02 21:33:20,432 [d7f371f7-0d79-4eb0-9764-2158321d28de@group-E779D9019C18-StateMachineUpdater] INFO  safemode.HealthyPipelineSafeModeRule (HealthyPipelineSafeModeRule.java:initializeRule(152)) - Refreshed total pipeline count is 0, healthy pipeline threshold count is 1
2022-03-02 21:33:20,436 [pool-633-thread-1] INFO  server.RaftServer$Division (RaftServerImpl.java:start(301)) - ca012516-14dd-42cd-8742-1c9d04d43fd5@group-BC16C3A2A057: start as a follower, conf=-1: [ca012516-14dd-42cd-8742-1c9d04d43fd5|rpc:10.1.0.35:34561|priority:1], old=null
2022-03-02 21:33:20,436 [pool-633-thread-1] INFO  server.RaftServer$Division (RaftServerImpl.java:setRole(290)) - ca012516-14dd-42cd-8742-1c9d04d43fd5@group-BC16C3A2A057: changes role from      null to FOLLOWER at term 0 for startAsFollower
2022-03-02 21:33:20,436 [pool-633-thread-1] INFO  impl.RoleInfo (RoleInfo.java:updateAndGet(130)) - ca012516-14dd-42cd-8742-1c9d04d43fd5: start ca012516-14dd-42cd-8742-1c9d04d43fd5@group-BC16C3A2A057-FollowerState
2022-03-02 21:33:20,439 [pool-633-thread-1] INFO  util.JmxRegister (JmxRegister.java:tryRegister(44)) - Successfully registered JMX Bean with object name Ratis:service=RaftServer,group=group-BC16C3A2A057,id=ca012516-14dd-42cd-8742-1c9d04d43fd5
2022-03-02 21:33:20,463 [Command processor thread] INFO  ratis.XceiverServerRatis (XceiverServerRatis.java:addGroup(769)) - Created group PipelineID=e5b5a910-8803-44fe-bcf9-bc16c3a2a057
2022-03-02 21:33:20,463 [Command processor thread] INFO  commandhandler.CreatePipelineCommandHandler (CreatePipelineCommandHandler.java:handle(106)) - Created Pipeline RATIS ONE PipelineID=e5b5a910-8803-44fe-bcf9-bc16c3a2a057.
2022-03-02 21:33:21,342 [Listener at 127.0.0.1/33667] INFO  ozone.MiniOzoneClusterImpl (MiniOzoneClusterImpl.java:lambda$waitForClusterToBeReady$0(219)) - Nodes are ready. Got 7 of 7 DN Heartbeats.
2022-03-02 21:33:21,343 [Listener at 127.0.0.1/33667] INFO  ozone.MiniOzoneClusterImpl (MiniOzoneClusterImpl.java:lambda$waitForClusterToBeReady$0(222)) - Waiting for cluster to exit safe mode
2022-03-02 21:33:21,343 [Listener at 127.0.0.1/33667] INFO  ozone.MiniOzoneClusterImpl (MiniOzoneClusterImpl.java:lambda$waitForClusterToBeReady$0(224)) - SCM became leader
2022-03-02 21:33:21,474 [Command processor thread] INFO  server.RaftServer (RaftServerProxy.java:addNew(95)) - 269e0ee6-c833-446d-a842-94c77dd867fd: addNew group-C63583200AC2:[269e0ee6-c833-446d-a842-94c77dd867fd|rpc:10.1.0.35:35541|priority:1] returns group-C63583200AC2:java.util.concurrent.CompletableFuture@47d4997[Not completed]
2022-03-02 21:33:21,476 [pool-654-thread-1] INFO  server.RaftServer$Division (RaftServerImpl.java:<init>(184)) - 269e0ee6-c833-446d-a842-94c77dd867fd: new RaftServerImpl for group-C63583200AC2:[269e0ee6-c833-446d-a842-94c77dd867fd|rpc:10.1.0.35:35541|priority:1] with ContainerStateMachine:uninitialized
2022-03-02 21:33:21,476 [pool-654-thread-1] INFO  server.RaftServerConfigKeys (ConfUtils.java:logGet(44)) - raft.server.rpc.timeout.min = 5s (custom)
2022-03-02 21:33:21,477 [pool-654-thread-1] INFO  server.RaftServerConfigKeys (ConfUtils.java:logGet(44)) - raft.server.rpc.timeout.max = 5200ms (custom)
2022-03-02 21:33:21,477 [pool-654-thread-1] INFO  server.RaftServerConfigKeys (ConfUtils.java:logGet(44)) - raft.server.rpc.sleep.time = 25ms (default)
2022-03-02 21:33:21,499 [pool-654-thread-1] INFO  server.RaftServerConfigKeys (ConfUtils.java:logGet(44)) - raft.server.rpc.slowness.timeout = 300000ms (custom)
2022-03-02 21:33:21,499 [pool-654-thread-1] INFO  server.RaftServerConfigKeys (ConfUtils.java:logGet(44)) - raft.server.leaderelection.leader.step-down.wait-time = 10s (default)
2022-03-02 21:33:21,499 [pool-654-thread-1] INFO  server.RaftServerConfigKeys (ConfUtils.java:logGet(44)) - raft.server.sleep.deviation.threshold = 300ms (default)
2022-03-02 21:33:21,499 [pool-654-thread-1] INFO  server.RaftServerConfigKeys (ConfUtils.java:logGet(44)) - raft.server.log.appender.install.snapshot.enabled = false (custom)
2022-03-02 21:33:21,499 [pool-654-thread-1] INFO  server.RaftServer$Division (ServerState.java:<init>(105)) - 269e0ee6-c833-446d-a842-94c77dd867fd@group-C63583200AC2: ConfigurationManager, init=-1: [269e0ee6-c833-446d-a842-94c77dd867fd|rpc:10.1.0.35:35541|priority:1], old=null, confs=<EMPTY_MAP>
2022-03-02 21:33:21,499 [pool-654-thread-1] INFO  server.RaftServerConfigKeys (ConfUtils.java:logGet(44)) - raft.server.storage.dir = [/home/runner/work/ozone/ozone/hadoop-ozone/integration-test/target/test-dir/MiniOzoneClusterImpl-f745d883-409d-4598-9a00-e779d9019c18/datanode-3/data/ratis] (custom)
2022-03-02 21:33:21,499 [pool-654-thread-1] INFO  server.RaftServerConfigKeys (ConfUtils.java:logGet(44)) - raft.server.log.corruption.policy = EXCEPTION (default)
2022-03-02 21:33:21,499 [pool-654-thread-1] INFO  server.RaftServerConfigKeys (ConfUtils.java:logGet(44)) - raft.server.storage.free-space.min = 0MB (=0) (default)
2022-03-02 21:33:21,499 [pool-654-thread-1] INFO  storage.RaftStorageDirectory (RaftStorageDirectoryImpl.java:analyzeStorage(135)) - The storage directory /home/runner/work/ozone/ozone/hadoop-ozone/integration-test/target/test-dir/MiniOzoneClusterImpl-f745d883-409d-4598-9a00-e779d9019c18/datanode-3/data/ratis/2a366572-a7f4-4b25-9358-c63583200ac2 does not exist. Creating ...
2022-03-02 21:33:21,500 [pool-654-thread-1] INFO  storage.RaftStorageDirectory (RaftStorageDirectoryImpl.java:tryLock(230)) - Lock on /home/runner/work/ozone/ozone/hadoop-ozone/integration-test/target/test-dir/MiniOzoneClusterImpl-f745d883-409d-4598-9a00-e779d9019c18/datanode-3/data/ratis/2a366572-a7f4-4b25-9358-c63583200ac2/in_use.lock acquired by nodename 22518@fv-az294-754
2022-03-02 21:33:21,504 [pool-654-thread-1] INFO  storage.RaftStorage (RaftStorageImpl.java:format(89)) - Storage directory /home/runner/work/ozone/ozone/hadoop-ozone/integration-test/target/test-dir/MiniOzoneClusterImpl-f745d883-409d-4598-9a00-e779d9019c18/datanode-3/data/ratis/2a366572-a7f4-4b25-9358-c63583200ac2 has been successfully formatted.
2022-03-02 21:33:21,512 [pool-654-thread-1] INFO  ratis.ContainerStateMachine (ContainerStateMachine.java:loadSnapshot(236)) - group-C63583200AC2: The snapshot info is null. Setting the last applied indexto:(t:0, i:~)
2022-03-02 21:33:21,512 [pool-654-thread-1] INFO  server.RaftServerConfigKeys (ConfUtils.java:logGet(44)) - raft.server.notification.no-leader.timeout = 300000ms (custom)
2022-03-02 21:33:21,512 [pool-654-thread-1] INFO  server.RaftServerConfigKeys (ConfUtils.java:logGet(44)) - raft.server.log.use.memory = false (default)
2022-03-02 21:33:21,512 [pool-654-thread-1] INFO  server.RaftServerConfigKeys (ConfUtils.java:logGet(44)) - raft.server.log.purge.gap = 1000000 (custom)
2022-03-02 21:33:21,512 [pool-654-thread-1] INFO  server.RaftServerConfigKeys (ConfUtils.java:logGet(44)) - raft.server.log.appender.buffer.byte-limit = 33554432 (custom)
2022-03-02 21:33:21,512 [pool-654-thread-1] INFO  server.RaftServerConfigKeys (ConfUtils.java:logGet(44)) - raft.server.log.segment.size.max = 1048576 (custom)
2022-03-02 21:33:21,513 [pool-654-thread-1] INFO  server.RaftServerConfigKeys (ConfUtils.java:logGet(44)) - raft.server.log.segment.cache.num.max = 2 (custom)
2022-03-02 21:33:21,513 [EventQueue-PipelineReportForPipelineReportHandler] INFO  pipeline.PipelineManagerImpl (PipelineManagerImpl.java:openPipeline(291)) - Pipeline Pipeline[ Id: 2a366572-a7f4-4b25-9358-c63583200ac2, Nodes: 269e0ee6-c833-446d-a842-94c77dd867fd{ip: 10.1.0.35, host: fv-az294-754.eaanfquahm5ulb5tj050gcxych.jx.internal.cloudapp.net, ports: [REPLICATION=40569, RATIS=35541, RATIS_ADMIN=35541, RATIS_SERVER=35541, STANDALONE=36115], networkLocation: /default-rack, certSerialId: null, persistedOpState: IN_SERVICE, persistedOpStateExpiryEpochSec: 0}, ReplicationConfig: RATIS/ONE, State:ALLOCATED, leaderId:269e0ee6-c833-446d-a842-94c77dd867fd, CreationTimestamp2022-03-02T21:33:18.476Z[Etc/UTC]] moved to OPEN state
2022-03-02 21:33:21,514 [d7f371f7-0d79-4eb0-9764-2158321d28de@group-E779D9019C18-StateMachineUpdater] INFO  safemode.HealthyPipelineSafeModeRule (HealthyPipelineSafeModeRule.java:initializeRule(152)) - Refreshed total pipeline count is 0, healthy pipeline threshold count is 1
2022-03-02 21:33:21,515 [EventQueue-OpenPipelineForHealthyPipelineSafeModeRule] INFO  safemode.SCMSafeModeManager (HealthyPipelineSafeModeRule.java:process(124)) - SCM in safe mode. Healthy pipelines reported count is 0, required healthy pipeline reported count is 1
2022-03-02 21:33:21,513 [pool-654-thread-1] INFO  server.RaftServerConfigKeys (ConfUtils.java:logGet(44)) - raft.server.log.segment.cache.size.max = 200MB (=209715200) (default)
2022-03-02 21:33:21,515 [pool-654-thread-1] INFO  segmented.SegmentedRaftLogWorker (SegmentedRaftLogWorker.java:<init>(182)) - new 269e0ee6-c833-446d-a842-94c77dd867fd@group-C63583200AC2-SegmentedRaftLogWorker for RaftStorageImpl:Storage Directory /home/runner/work/ozone/ozone/hadoop-ozone/integration-test/target/test-dir/MiniOzoneClusterImpl-f745d883-409d-4598-9a00-e779d9019c18/datanode-3/data/ratis/2a366572-a7f4-4b25-9358-c63583200ac2
2022-03-02 21:33:21,515 [pool-654-thread-1] INFO  server.RaftServerConfigKeys (ConfUtils.java:logGet(44)) - raft.server.log.queue.byte-limit = 4294967296 (custom)
2022-03-02 21:33:21,515 [pool-654-thread-1] INFO  server.RaftServerConfigKeys (ConfUtils.java:logGet(44)) - raft.server.log.queue.element-limit = 1024 (custom)
2022-03-02 21:33:21,515 [pool-654-thread-1] INFO  server.RaftServerConfigKeys (ConfUtils.java:logGet(44)) - raft.server.log.segment.size.max = 1048576 (custom)
2022-03-02 21:33:21,515 [pool-654-thread-1] INFO  server.RaftServerConfigKeys (ConfUtils.java:logGet(44)) - raft.server.log.preallocated.size = 16384 (custom)
2022-03-02 21:33:21,515 [pool-654-thread-1] INFO  server.RaftServerConfigKeys (ConfUtils.java:logGet(44)) - raft.server.log.force.sync.num = 128 (default)
2022-03-02 21:33:21,515 [pool-654-thread-1] INFO  server.RaftServerConfigKeys (ConfUtils.java:logGet(44)) - raft.server.log.statemachine.data.sync = true (default)
2022-03-02 21:33:21,515 [pool-654-thread-1] INFO  server.RaftServerConfigKeys (ConfUtils.java:logGet(44)) - raft.server.log.statemachine.data.sync.timeout = 10s (default)
2022-03-02 21:33:21,515 [pool-654-thread-1] INFO  server.RaftServerConfigKeys (ConfUtils.java:logGet(44)) - raft.server.log.statemachine.data.sync.timeout.retry = -1 (default)
2022-03-02 21:33:21,516 [pool-654-thread-1] INFO  server.RaftServerConfigKeys (ConfUtils.java:logGet(44)) - raft.server.log.write.buffer.size = 1048576 (custom)
2022-03-02 21:33:21,516 [pool-654-thread-1] INFO  server.RaftServerConfigKeys (ConfUtils.java:logGet(44)) - raft.server.log.statemachine.data.caching.enabled = true (custom)
2022-03-02 21:33:21,516 [pool-654-thread-1] INFO  segmented.SegmentedRaftLogWorker (SegmentedRaftLogWorker.java:lambda$new$0(133)) - 269e0ee6-c833-446d-a842-94c77dd867fd@group-C63583200AC2-SegmentedRaftLogWorker: flushIndex: setUnconditionally 0 -> -1
2022-03-02 21:33:21,516 [pool-654-thread-1] INFO  segmented.SegmentedRaftLogWorker (SegmentedRaftLogWorker.java:lambda$new$0(133)) - 269e0ee6-c833-446d-a842-94c77dd867fd@group-C63583200AC2-SegmentedRaftLogWorker: safeCacheEvictIndex: setUnconditionally 0 -> -1
2022-03-02 21:33:21,543 [pool-654-thread-1] INFO  server.RaftServerConfigKeys (ConfUtils.java:logGet(44)) - raft.server.snapshot.auto.trigger.enabled = true (custom)
2022-03-02 21:33:21,543 [pool-654-thread-1] INFO  server.RaftServerConfigKeys (ConfUtils.java:logGet(44)) - raft.server.snapshot.auto.trigger.threshold = 10000 (custom)
2022-03-02 21:33:21,543 [pool-654-thread-1] INFO  server.RaftServerConfigKeys (ConfUtils.java:logGet(44)) - raft.server.snapshot.retention.file.num = 5 (custom)
2022-03-02 21:33:21,543 [pool-654-thread-1] INFO  server.RaftServerConfigKeys (ConfUtils.java:logGet(44)) - raft.server.log.purge.upto.snapshot.index = false (default)
2022-03-02 21:33:21,543 [pool-654-thread-1] INFO  server.RaftServerConfigKeys (ConfUtils.java:logGet(44)) - raft.server.retrycache.expirytime = 600000ms (custom)
2022-03-02 21:33:21,543 [pool-654-thread-1] INFO  server.RaftServerConfigKeys (ConfUtils.java:logGet(44)) - raft.server.retrycache.statistics.expirytime = 100μs (default)
2022-03-02 21:33:21,544 [pool-654-thread-1] INFO  server.RaftServer$Division (RaftServerImpl.java:start(301)) - 269e0ee6-c833-446d-a842-94c77dd867fd@group-C63583200AC2: start as a follower, conf=-1: [269e0ee6-c833-446d-a842-94c77dd867fd|rpc:10.1.0.35:35541|priority:1], old=null
2022-03-02 21:33:21,544 [pool-654-thread-1] INFO  server.RaftServer$Division (RaftServerImpl.java:setRole(290)) - 269e0ee6-c833-446d-a842-94c77dd867fd@group-C63583200AC2: changes role from      null to FOLLOWER at term 0 for startAsFollower
2022-03-02 21:33:21,544 [pool-654-thread-1] INFO  impl.RoleInfo (RoleInfo.java:updateAndGet(130)) - 269e0ee6-c833-446d-a842-94c77dd867fd: start 269e0ee6-c833-446d-a842-94c77dd867fd@group-C63583200AC2-FollowerState
2022-03-02 21:33:21,547 [pool-654-thread-1] INFO  util.JmxRegister (JmxRegister.java:tryRegister(44)) - Successfully registered JMX Bean with object name Ratis:service=RaftServer,group=group-C63583200AC2,id=269e0ee6-c833-446d-a842-94c77dd867fd
2022-03-02 21:33:21,552 [Command processor thread] INFO  ratis.XceiverServerRatis (XceiverServerRatis.java:addGroup(769)) - Created group PipelineID=2a366572-a7f4-4b25-9358-c63583200ac2
2022-03-02 21:33:21,552 [Command processor thread] INFO  commandhandler.CreatePipelineCommandHandler (CreatePipelineCommandHandler.java:handle(106)) - Created Pipeline RATIS ONE PipelineID=2a366572-a7f4-4b25-9358-c63583200ac2.
2022-03-02 21:33:21,552 [Command processor thread] INFO  server.RaftServer (RaftServerProxy.java:addNew(95)) - 269e0ee6-c833-446d-a842-94c77dd867fd: addNew group-4C98E9F0FD07:[269e0ee6-c833-446d-a842-94c77dd867fd|rpc:10.1.0.35:35541|priority:0, 39d9f1c0-7130-4277-8a35-add537f65258|rpc:10.1.0.35:33025|priority:1, ff1229b5-7bf6-42b1-a70d-3d6d5a94de90|rpc:10.1.0.35:32847|priority:0] returns group-4C98E9F0FD07:java.util.concurrent.CompletableFuture@42cdc0[Not completed]
2022-03-02 21:33:21,552 [pool-654-thread-1] INFO  server.RaftServer$Division (RaftServerImpl.java:<init>(184)) - 269e0ee6-c833-446d-a842-94c77dd867fd: new RaftServerImpl for group-4C98E9F0FD07:[269e0ee6-c833-446d-a842-94c77dd867fd|rpc:10.1.0.35:35541|priority:0, 39d9f1c0-7130-4277-8a35-add537f65258|rpc:10.1.0.35:33025|priority:1, ff1229b5-7bf6-42b1-a70d-3d6d5a94de90|rpc:10.1.0.35:32847|priority:0] with ContainerStateMachine:uninitialized
2022-03-02 21:33:21,553 [pool-654-thread-1] INFO  server.RaftServerConfigKeys (ConfUtils.java:logGet(44)) - raft.server.rpc.timeout.min = 5s (custom)
2022-03-02 21:33:21,553 [pool-654-thread-1] INFO  server.RaftServerConfigKeys (ConfUtils.java:logGet(44)) - raft.server.rpc.timeout.max = 5200ms (custom)
2022-03-02 21:33:21,553 [pool-654-thread-1] INFO  server.RaftServerConfigKeys (ConfUtils.java:logGet(44)) - raft.server.rpc.sleep.time = 25ms (default)
2022-03-02 21:33:21,553 [pool-654-thread-1] INFO  server.RaftServerConfigKeys (ConfUtils.java:logGet(44)) - raft.server.rpc.slowness.timeout = 300000ms (custom)
2022-03-02 21:33:21,553 [pool-654-thread-1] INFO  server.RaftServerConfigKeys (ConfUtils.java:logGet(44)) - raft.server.leaderelection.leader.step-down.wait-time = 10s (default)
2022-03-02 21:33:21,553 [pool-654-thread-1] INFO  server.RaftServerConfigKeys (ConfUtils.java:logGet(44)) - raft.server.sleep.deviation.threshold = 300ms (default)
2022-03-02 21:33:21,553 [pool-654-thread-1] INFO  server.RaftServerConfigKeys (ConfUtils.java:logGet(44)) - raft.server.log.appender.install.snapshot.enabled = false (custom)
2022-03-02 21:33:21,553 [pool-654-thread-1] INFO  server.RaftServer$Division (ServerState.java:<init>(105)) - 269e0ee6-c833-446d-a842-94c77dd867fd@group-4C98E9F0FD07: ConfigurationManager, init=-1: [269e0ee6-c833-446d-a842-94c77dd867fd|rpc:10.1.0.35:35541|priority:0, 39d9f1c0-7130-4277-8a35-add537f65258|rpc:10.1.0.35:33025|priority:1, ff1229b5-7bf6-42b1-a70d-3d6d5a94de90|rpc:10.1.0.35:32847|priority:0], old=null, confs=<EMPTY_MAP>
2022-03-02 21:33:21,553 [pool-654-thread-1] INFO  server.RaftServerConfigKeys (ConfUtils.java:logGet(44)) - raft.server.storage.dir = [/home/runner/work/ozone/ozone/hadoop-ozone/integration-test/target/test-dir/MiniOzoneClusterImpl-f745d883-409d-4598-9a00-e779d9019c18/datanode-3/data/ratis] (custom)
2022-03-02 21:33:21,553 [pool-654-thread-1] INFO  server.RaftServerConfigKeys (ConfUtils.java:logGet(44)) - raft.server.log.corruption.policy = EXCEPTION (default)
2022-03-02 21:33:21,553 [pool-654-thread-1] INFO  server.RaftServerConfigKeys (ConfUtils.java:logGet(44)) - raft.server.storage.free-space.min = 0MB (=0) (default)
2022-03-02 21:33:21,553 [pool-654-thread-1] INFO  storage.RaftStorageDirectory (RaftStorageDirectoryImpl.java:analyzeStorage(135)) - The storage directory /home/runner/work/ozone/ozone/hadoop-ozone/integration-test/target/test-dir/MiniOzoneClusterImpl-f745d883-409d-4598-9a00-e779d9019c18/datanode-3/data/ratis/7222150f-7630-4924-8d62-4c98e9f0fd07 does not exist. Creating ...
2022-03-02 21:33:21,554 [pool-654-thread-1] INFO  storage.RaftStorageDirectory (RaftStorageDirectoryImpl.java:tryLock(230)) - Lock on /home/runner/work/ozone/ozone/hadoop-ozone/integration-test/target/test-dir/MiniOzoneClusterImpl-f745d883-409d-4598-9a00-e779d9019c18/datanode-3/data/ratis/7222150f-7630-4924-8d62-4c98e9f0fd07/in_use.lock acquired by nodename 22518@fv-az294-754
2022-03-02 21:33:21,559 [pool-654-thread-1] INFO  storage.RaftStorage (RaftStorageImpl.java:format(89)) - Storage directory /home/runner/work/ozone/ozone/hadoop-ozone/integration-test/target/test-dir/MiniOzoneClusterImpl-f745d883-409d-4598-9a00-e779d9019c18/datanode-3/data/ratis/7222150f-7630-4924-8d62-4c98e9f0fd07 has been successfully formatted.
2022-03-02 21:33:21,559 [pool-654-thread-1] INFO  ratis.ContainerStateMachine (ContainerStateMachine.java:loadSnapshot(236)) - group-4C98E9F0FD07: The snapshot info is null. Setting the last applied indexto:(t:0, i:~)
2022-03-02 21:33:21,559 [pool-654-thread-1] INFO  server.RaftServerConfigKeys (ConfUtils.java:logGet(44)) - raft.server.notification.no-leader.timeout = 300000ms (custom)
2022-03-02 21:33:21,559 [pool-654-thread-1] INFO  server.RaftServerConfigKeys (ConfUtils.java:logGet(44)) - raft.server.log.use.memory = false (default)
2022-03-02 21:33:21,559 [pool-654-thread-1] INFO  server.RaftServerConfigKeys (ConfUtils.java:logGet(44)) - raft.server.log.purge.gap = 1000000 (custom)
2022-03-02 21:33:21,559 [pool-654-thread-1] INFO  server.RaftServerConfigKeys (ConfUtils.java:logGet(44)) - raft.server.log.appender.buffer.byte-limit = 33554432 (custom)
2022-03-02 21:33:21,560 [pool-654-thread-1] INFO  server.RaftServerConfigKeys (ConfUtils.java:logGet(44)) - raft.server.log.segment.size.max = 1048576 (custom)
2022-03-02 21:33:21,560 [pool-654-thread-1] INFO  server.RaftServerConfigKeys (ConfUtils.java:logGet(44)) - raft.server.log.segment.cache.num.max = 2 (custom)
2022-03-02 21:33:21,560 [pool-654-thread-1] INFO  server.RaftServerConfigKeys (ConfUtils.java:logGet(44)) - raft.server.log.segment.cache.size.max = 200MB (=209715200) (default)
2022-03-02 21:33:21,560 [pool-654-thread-1] INFO  segmented.SegmentedRaftLogWorker (SegmentedRaftLogWorker.java:<init>(182)) - new 269e0ee6-c833-446d-a842-94c77dd867fd@group-4C98E9F0FD07-SegmentedRaftLogWorker for RaftStorageImpl:Storage Directory /home/runner/work/ozone/ozone/hadoop-ozone/integration-test/target/test-dir/MiniOzoneClusterImpl-f745d883-409d-4598-9a00-e779d9019c18/datanode-3/data/ratis/7222150f-7630-4924-8d62-4c98e9f0fd07
2022-03-02 21:33:21,560 [pool-654-thread-1] INFO  server.RaftServerConfigKeys (ConfUtils.java:logGet(44)) - raft.server.log.queue.byte-limit = 4294967296 (custom)
2022-03-02 21:33:21,560 [pool-654-thread-1] INFO  server.RaftServerConfigKeys (ConfUtils.java:logGet(44)) - raft.server.log.queue.element-limit = 1024 (custom)
2022-03-02 21:33:21,560 [pool-654-thread-1] INFO  server.RaftServerConfigKeys (ConfUtils.java:logGet(44)) - raft.server.log.segment.size.max = 1048576 (custom)
2022-03-02 21:33:21,560 [pool-654-thread-1] INFO  server.RaftServerConfigKeys (ConfUtils.java:logGet(44)) - raft.server.log.preallocated.size = 16384 (custom)
2022-03-02 21:33:21,560 [pool-654-thread-1] INFO  server.RaftServerConfigKeys (ConfUtils.java:logGet(44)) - raft.server.log.force.sync.num = 128 (default)
2022-03-02 21:33:21,560 [pool-654-thread-1] INFO  server.RaftServerConfigKeys (ConfUtils.java:logGet(44)) - raft.server.log.statemachine.data.sync = true (default)
2022-03-02 21:33:21,560 [pool-654-thread-1] INFO  server.RaftServerConfigKeys (ConfUtils.java:logGet(44)) - raft.server.log.statemachine.data.sync.timeout = 10s (default)
2022-03-02 21:33:21,560 [pool-654-thread-1] INFO  server.RaftServerConfigKeys (ConfUtils.java:logGet(44)) - raft.server.log.statemachine.data.sync.timeout.retry = -1 (default)
2022-03-02 21:33:21,562 [pool-654-thread-1] INFO  server.RaftServerConfigKeys (ConfUtils.java:logGet(44)) - raft.server.log.write.buffer.size = 1048576 (custom)
2022-03-02 21:33:21,562 [pool-654-thread-1] INFO  server.RaftServerConfigKeys (ConfUtils.java:logGet(44)) - raft.server.log.statemachine.data.caching.enabled = true (custom)
2022-03-02 21:33:21,562 [pool-654-thread-1] INFO  segmented.SegmentedRaftLogWorker (SegmentedRaftLogWorker.java:lambda$new$0(133)) - 269e0ee6-c833-446d-a842-94c77dd867fd@group-4C98E9F0FD07-SegmentedRaftLogWorker: flushIndex: setUnconditionally 0 -> -1
2022-03-02 21:33:21,562 [pool-654-thread-1] INFO  segmented.SegmentedRaftLogWorker (SegmentedRaftLogWorker.java:lambda$new$0(133)) - 269e0ee6-c833-446d-a842-94c77dd867fd@group-4C98E9F0FD07-SegmentedRaftLogWorker: safeCacheEvictIndex: setUnconditionally 0 -> -1
2022-03-02 21:33:21,567 [EventQueue-OpenPipelineForHealthyPipelineSafeModeRule] INFO  safemode.SCMSafeModeManager (HealthyPipelineSafeModeRule.java:process(124)) - SCM in safe mode. Healthy pipelines reported count is 0, required healthy pipeline reported count is 1
2022-03-02 21:33:21,571 [pool-654-thread-1] INFO  server.RaftServerConfigKeys (ConfUtils.java:logGet(44)) - raft.server.snapshot.auto.trigger.enabled = true (custom)
2022-03-02 21:33:21,571 [pool-654-thread-1] INFO  server.RaftServerConfigKeys (ConfUtils.java:logGet(44)) - raft.server.snapshot.auto.trigger.threshold = 10000 (custom)
2022-03-02 21:33:21,571 [pool-654-thread-1] INFO  server.RaftServerConfigKeys (ConfUtils.java:logGet(44)) - raft.server.snapshot.retention.file.num = 5 (custom)
2022-03-02 21:33:21,571 [pool-654-thread-1] INFO  server.RaftServerConfigKeys (ConfUtils.java:logGet(44)) - raft.server.log.purge.upto.snapshot.index = false (default)
2022-03-02 21:33:21,571 [pool-654-thread-1] INFO  server.RaftServerConfigKeys (ConfUtils.java:logGet(44)) - raft.server.retrycache.expirytime = 600000ms (custom)
2022-03-02 21:33:21,571 [pool-654-thread-1] INFO  server.RaftServerConfigKeys (ConfUtils.java:logGet(44)) - raft.server.retrycache.statistics.expirytime = 100μs (default)
2022-03-02 21:33:21,572 [pool-654-thread-1] INFO  server.RaftServer$Division (RaftServerImpl.java:start(301)) - 269e0ee6-c833-446d-a842-94c77dd867fd@group-4C98E9F0FD07: start as a follower, conf=-1: [269e0ee6-c833-446d-a842-94c77dd867fd|rpc:10.1.0.35:35541|priority:0, 39d9f1c0-7130-4277-8a35-add537f65258|rpc:10.1.0.35:33025|priority:1, ff1229b5-7bf6-42b1-a70d-3d6d5a94de90|rpc:10.1.0.35:32847|priority:0], old=null
2022-03-02 21:33:21,572 [pool-654-thread-1] INFO  server.RaftServer$Division (RaftServerImpl.java:setRole(290)) - 269e0ee6-c833-446d-a842-94c77dd867fd@group-4C98E9F0FD07: changes role from      null to FOLLOWER at term 0 for startAsFollower
2022-03-02 21:33:21,572 [pool-654-thread-1] INFO  impl.RoleInfo (RoleInfo.java:updateAndGet(130)) - 269e0ee6-c833-446d-a842-94c77dd867fd: start 269e0ee6-c833-446d-a842-94c77dd867fd@group-4C98E9F0FD07-FollowerState
2022-03-02 21:33:21,579 [pool-654-thread-1] INFO  util.JmxRegister (JmxRegister.java:tryRegister(44)) - Successfully registered JMX Bean with object name Ratis:service=RaftServer,group=group-4C98E9F0FD07,id=269e0ee6-c833-446d-a842-94c77dd867fd
2022-03-02 21:33:21,586 [Command processor thread] INFO  ratis.XceiverServerRatis (XceiverServerRatis.java:addGroup(769)) - Created group PipelineID=7222150f-7630-4924-8d62-4c98e9f0fd07
2022-03-02 21:33:21,607 [grpc-default-executor-0] INFO  server.RaftServer (RaftServerProxy.java:addNew(95)) - ff1229b5-7bf6-42b1-a70d-3d6d5a94de90: addNew group-4C98E9F0FD07:[269e0ee6-c833-446d-a842-94c77dd867fd|rpc:10.1.0.35:35541|dataStream:|priority:0, 39d9f1c0-7130-4277-8a35-add537f65258|rpc:10.1.0.35:33025|dataStream:|priority:1, ff1229b5-7bf6-42b1-a70d-3d6d5a94de90|rpc:10.1.0.35:32847|dataStream:|priority:0] returns group-4C98E9F0FD07:java.util.concurrent.CompletableFuture@27def94c[Not completed]
2022-03-02 21:33:21,617 [pool-696-thread-1] INFO  server.RaftServer$Division (RaftServerImpl.java:<init>(184)) - ff1229b5-7bf6-42b1-a70d-3d6d5a94de90: new RaftServerImpl for group-4C98E9F0FD07:[269e0ee6-c833-446d-a842-94c77dd867fd|rpc:10.1.0.35:35541|dataStream:|priority:0, 39d9f1c0-7130-4277-8a35-add537f65258|rpc:10.1.0.35:33025|dataStream:|priority:1, ff1229b5-7bf6-42b1-a70d-3d6d5a94de90|rpc:10.1.0.35:32847|dataStream:|priority:0] with ContainerStateMachine:uninitialized
2022-03-02 21:33:21,617 [pool-696-thread-1] INFO  server.RaftServerConfigKeys (ConfUtils.java:logGet(44)) - raft.server.rpc.timeout.min = 5s (custom)
2022-03-02 21:33:21,617 [pool-696-thread-1] INFO  server.RaftServerConfigKeys (ConfUtils.java:logGet(44)) - raft.server.rpc.timeout.max = 5200ms (custom)
2022-03-02 21:33:21,617 [pool-696-thread-1] INFO  server.RaftServerConfigKeys (ConfUtils.java:logGet(44)) - raft.server.rpc.sleep.time = 25ms (default)
2022-03-02 21:33:21,617 [pool-696-thread-1] INFO  server.RaftServerConfigKeys (ConfUtils.java:logGet(44)) - raft.server.rpc.slowness.timeout = 300000ms (custom)
2022-03-02 21:33:21,617 [pool-696-thread-1] INFO  server.RaftServerConfigKeys (ConfUtils.java:logGet(44)) - raft.server.leaderelection.leader.step-down.wait-time = 10s (default)
2022-03-02 21:33:21,617 [pool-696-thread-1] INFO  server.RaftServerConfigKeys (ConfUtils.java:logGet(44)) - raft.server.sleep.deviation.threshold = 300ms (default)
2022-03-02 21:33:21,618 [pool-696-thread-1] INFO  server.RaftServerConfigKeys (ConfUtils.java:logGet(44)) - raft.server.log.appender.install.snapshot.enabled = false (custom)
2022-03-02 21:33:21,618 [pool-696-thread-1] INFO  server.RaftServer$Division (ServerState.java:<init>(105)) - ff1229b5-7bf6-42b1-a70d-3d6d5a94de90@group-4C98E9F0FD07: ConfigurationManager, init=-1: [269e0ee6-c833-446d-a842-94c77dd867fd|rpc:10.1.0.35:35541|dataStream:|priority:0, 39d9f1c0-7130-4277-8a35-add537f65258|rpc:10.1.0.35:33025|dataStream:|priority:1, ff1229b5-7bf6-42b1-a70d-3d6d5a94de90|rpc:10.1.0.35:32847|dataStream:|priority:0], old=null, confs=<EMPTY_MAP>
2022-03-02 21:33:21,619 [pool-696-thread-1] INFO  server.RaftServerConfigKeys (ConfUtils.java:logGet(44)) - raft.server.storage.dir = [/home/runner/work/ozone/ozone/hadoop-ozone/integration-test/target/test-dir/MiniOzoneClusterImpl-f745d883-409d-4598-9a00-e779d9019c18/datanode-5/data/ratis] (custom)
2022-03-02 21:33:21,619 [pool-696-thread-1] INFO  server.RaftServerConfigKeys (ConfUtils.java:logGet(44)) - raft.server.log.corruption.policy = EXCEPTION (default)
2022-03-02 21:33:21,619 [pool-696-thread-1] INFO  server.RaftServerConfigKeys (ConfUtils.java:logGet(44)) - raft.server.storage.free-space.min = 0MB (=0) (default)
2022-03-02 21:33:21,619 [pool-696-thread-1] INFO  storage.RaftStorageDirectory (RaftStorageDirectoryImpl.java:analyzeStorage(135)) - The storage directory /home/runner/work/ozone/ozone/hadoop-ozone/integration-test/target/test-dir/MiniOzoneClusterImpl-f745d883-409d-4598-9a00-e779d9019c18/datanode-5/data/ratis/7222150f-7630-4924-8d62-4c98e9f0fd07 does not exist. Creating ...
2022-03-02 21:33:21,635 [pool-696-thread-1] INFO  storage.RaftStorageDirectory (RaftStorageDirectoryImpl.java:tryLock(230)) - Lock on /home/runner/work/ozone/ozone/hadoop-ozone/integration-test/target/test-dir/MiniOzoneClusterImpl-f745d883-409d-4598-9a00-e779d9019c18/datanode-5/data/ratis/7222150f-7630-4924-8d62-4c98e9f0fd07/in_use.lock acquired by nodename 22518@fv-az294-754
2022-03-02 21:33:21,671 [pool-696-thread-1] INFO  storage.RaftStorage (RaftStorageImpl.java:format(89)) - Storage directory /home/runner/work/ozone/ozone/hadoop-ozone/integration-test/target/test-dir/MiniOzoneClusterImpl-f745d883-409d-4598-9a00-e779d9019c18/datanode-5/data/ratis/7222150f-7630-4924-8d62-4c98e9f0fd07 has been successfully formatted.
2022-03-02 21:33:21,672 [pool-696-thread-1] INFO  ratis.ContainerStateMachine (ContainerStateMachine.java:loadSnapshot(236)) - group-4C98E9F0FD07: The snapshot info is null. Setting the last applied indexto:(t:0, i:~)
2022-03-02 21:33:21,672 [pool-696-thread-1] INFO  server.RaftServerConfigKeys (ConfUtils.java:logGet(44)) - raft.server.notification.no-leader.timeout = 300000ms (custom)
2022-03-02 21:33:21,695 [pool-696-thread-1] INFO  server.RaftServerConfigKeys (ConfUtils.java:logGet(44)) - raft.server.log.use.memory = false (default)
2022-03-02 21:33:21,695 [pool-696-thread-1] INFO  server.RaftServerConfigKeys (ConfUtils.java:logGet(44)) - raft.server.log.purge.gap = 1000000 (custom)
2022-03-02 21:33:21,695 [pool-696-thread-1] INFO  server.RaftServerConfigKeys (ConfUtils.java:logGet(44)) - raft.server.log.appender.buffer.byte-limit = 33554432 (custom)
2022-03-02 21:33:21,695 [pool-696-thread-1] INFO  server.RaftServerConfigKeys (ConfUtils.java:logGet(44)) - raft.server.log.segment.size.max = 1048576 (custom)
2022-03-02 21:33:21,695 [pool-696-thread-1] INFO  server.RaftServerConfigKeys (ConfUtils.java:logGet(44)) - raft.server.log.segment.cache.num.max = 2 (custom)
2022-03-02 21:33:21,695 [pool-696-thread-1] INFO  server.RaftServerConfigKeys (ConfUtils.java:logGet(44)) - raft.server.log.segment.cache.size.max = 200MB (=209715200) (default)
2022-03-02 21:33:21,695 [pool-696-thread-1] INFO  segmented.SegmentedRaftLogWorker (SegmentedRaftLogWorker.java:<init>(182)) - new ff1229b5-7bf6-42b1-a70d-3d6d5a94de90@group-4C98E9F0FD07-SegmentedRaftLogWorker for RaftStorageImpl:Storage Directory /home/runner/work/ozone/ozone/hadoop-ozone/integration-test/target/test-dir/MiniOzoneClusterImpl-f745d883-409d-4598-9a00-e779d9019c18/datanode-5/data/ratis/7222150f-7630-4924-8d62-4c98e9f0fd07
2022-03-02 21:33:21,695 [pool-696-thread-1] INFO  server.RaftServerConfigKeys (ConfUtils.java:logGet(44)) - raft.server.log.queue.byte-limit = 4294967296 (custom)
2022-03-02 21:33:21,696 [pool-696-thread-1] INFO  server.RaftServerConfigKeys (ConfUtils.java:logGet(44)) - raft.server.log.queue.element-limit = 1024 (custom)
2022-03-02 21:33:21,696 [pool-696-thread-1] INFO  server.RaftServerConfigKeys (ConfUtils.java:logGet(44)) - raft.server.log.segment.size.max = 1048576 (custom)
2022-03-02 21:33:21,696 [pool-696-thread-1] INFO  server.RaftServerConfigKeys (ConfUtils.java:logGet(44)) - raft.server.log.preallocated.size = 16384 (custom)
2022-03-02 21:33:21,696 [pool-696-thread-1] INFO  server.RaftServerConfigKeys (ConfUtils.java:logGet(44)) - raft.server.log.force.sync.num = 128 (default)
2022-03-02 21:33:21,696 [pool-696-thread-1] INFO  server.RaftServerConfigKeys (ConfUtils.java:logGet(44)) - raft.server.log.statemachine.data.sync = true (default)
2022-03-02 21:33:21,696 [pool-696-thread-1] INFO  server.RaftServerConfigKeys (ConfUtils.java:logGet(44)) - raft.server.log.statemachine.data.sync.timeout = 10s (default)
2022-03-02 21:33:21,696 [pool-696-thread-1] INFO  server.RaftServerConfigKeys (ConfUtils.java:logGet(44)) - raft.server.log.statemachine.data.sync.timeout.retry = -1 (default)
2022-03-02 21:33:21,697 [pool-696-thread-1] INFO  server.RaftServerConfigKeys (ConfUtils.java:logGet(44)) - raft.server.log.write.buffer.size = 1048576 (custom)
2022-03-02 21:33:21,697 [pool-696-thread-1] INFO  server.RaftServerConfigKeys (ConfUtils.java:logGet(44)) - raft.server.log.statemachine.data.caching.enabled = true (custom)
2022-03-02 21:33:21,697 [pool-696-thread-1] INFO  segmented.SegmentedRaftLogWorker (SegmentedRaftLogWorker.java:lambda$new$0(133)) - ff1229b5-7bf6-42b1-a70d-3d6d5a94de90@group-4C98E9F0FD07-SegmentedRaftLogWorker: flushIndex: setUnconditionally 0 -> -1
2022-03-02 21:33:21,698 [pool-696-thread-1] INFO  segmented.SegmentedRaftLogWorker (SegmentedRaftLogWorker.java:lambda$new$0(133)) - ff1229b5-7bf6-42b1-a70d-3d6d5a94de90@group-4C98E9F0FD07-SegmentedRaftLogWorker: safeCacheEvictIndex: setUnconditionally 0 -> -1
2022-03-02 21:33:21,742 [pool-696-thread-1] INFO  server.RaftServerConfigKeys (ConfUtils.java:logGet(44)) - raft.server.snapshot.auto.trigger.enabled = true (custom)
2022-03-02 21:33:21,742 [pool-696-thread-1] INFO  server.RaftServerConfigKeys (ConfUtils.java:logGet(44)) - raft.server.snapshot.auto.trigger.threshold = 10000 (custom)
2022-03-02 21:33:21,742 [pool-696-thread-1] INFO  server.RaftServerConfigKeys (ConfUtils.java:logGet(44)) - raft.server.snapshot.retention.file.num = 5 (custom)
2022-03-02 21:33:21,742 [pool-696-thread-1] INFO  server.RaftServerConfigKeys (ConfUtils.java:logGet(44)) - raft.server.log.purge.upto.snapshot.index = false (default)
2022-03-02 21:33:21,742 [pool-696-thread-1] INFO  server.RaftServerConfigKeys (ConfUtils.java:logGet(44)) - raft.server.retrycache.expirytime = 600000ms (custom)
2022-03-02 21:33:21,742 [pool-696-thread-1] INFO  server.RaftServerConfigKeys (ConfUtils.java:logGet(44)) - raft.server.retrycache.statistics.expirytime = 100μs (default)
2022-03-02 21:33:21,744 [pool-696-thread-1] INFO  server.RaftServer$Division (RaftServerImpl.java:start(301)) - ff1229b5-7bf6-42b1-a70d-3d6d5a94de90@group-4C98E9F0FD07: start as a follower, conf=-1: [269e0ee6-c833-446d-a842-94c77dd867fd|rpc:10.1.0.35:35541|dataStream:|priority:0, 39d9f1c0-7130-4277-8a35-add537f65258|rpc:10.1.0.35:33025|dataStream:|priority:1, ff1229b5-7bf6-42b1-a70d-3d6d5a94de90|rpc:10.1.0.35:32847|dataStream:|priority:0], old=null
2022-03-02 21:33:21,744 [pool-696-thread-1] INFO  server.RaftServer$Division (RaftServerImpl.java:setRole(290)) - ff1229b5-7bf6-42b1-a70d-3d6d5a94de90@group-4C98E9F0FD07: changes role from      null to FOLLOWER at term 0 for startAsFollower
2022-03-02 21:33:21,744 [pool-696-thread-1] INFO  impl.RoleInfo (RoleInfo.java:updateAndGet(130)) - ff1229b5-7bf6-42b1-a70d-3d6d5a94de90: start ff1229b5-7bf6-42b1-a70d-3d6d5a94de90@group-4C98E9F0FD07-FollowerState
2022-03-02 21:33:21,755 [pool-696-thread-1] INFO  util.JmxRegister (JmxRegister.java:tryRegister(44)) - Successfully registered JMX Bean with object name Ratis:service=RaftServer,group=group-4C98E9F0FD07,id=ff1229b5-7bf6-42b1-a70d-3d6d5a94de90
2022-03-02 21:33:21,871 [grpc-default-executor-0] INFO  server.RaftServer (RaftServerProxy.java:addNew(95)) - 39d9f1c0-7130-4277-8a35-add537f65258: addNew group-4C98E9F0FD07:[269e0ee6-c833-446d-a842-94c77dd867fd|rpc:10.1.0.35:35541|dataStream:|priority:0, 39d9f1c0-7130-4277-8a35-add537f65258|rpc:10.1.0.35:33025|dataStream:|priority:1, ff1229b5-7bf6-42b1-a70d-3d6d5a94de90|rpc:10.1.0.35:32847|dataStream:|priority:0] returns group-4C98E9F0FD07:java.util.concurrent.CompletableFuture@3ba03f95[Not completed]
2022-03-02 21:33:21,874 [pool-675-thread-1] INFO  server.RaftServer$Division (RaftServerImpl.java:<init>(184)) - 39d9f1c0-7130-4277-8a35-add537f65258: new RaftServerImpl for group-4C98E9F0FD07:[269e0ee6-c833-446d-a842-94c77dd867fd|rpc:10.1.0.35:35541|dataStream:|priority:0, 39d9f1c0-7130-4277-8a35-add537f65258|rpc:10.1.0.35:33025|dataStream:|priority:1, ff1229b5-7bf6-42b1-a70d-3d6d5a94de90|rpc:10.1.0.35:32847|dataStream:|priority:0] with ContainerStateMachine:uninitialized
2022-03-02 21:33:21,875 [pool-675-thread-1] INFO  server.RaftServerConfigKeys (ConfUtils.java:logGet(44)) - raft.server.rpc.timeout.min = 5s (custom)
2022-03-02 21:33:21,875 [pool-675-thread-1] INFO  server.RaftServerConfigKeys (ConfUtils.java:logGet(44)) - raft.server.rpc.timeout.max = 5200ms (custom)
2022-03-02 21:33:21,875 [pool-675-thread-1] INFO  server.RaftServerConfigKeys (ConfUtils.java:logGet(44)) - raft.server.rpc.sleep.time = 25ms (default)
2022-03-02 21:33:21,875 [pool-675-thread-1] INFO  server.RaftServerConfigKeys (ConfUtils.java:logGet(44)) - raft.server.rpc.slowness.timeout = 300000ms (custom)
2022-03-02 21:33:21,875 [pool-675-thread-1] INFO  server.RaftServerConfigKeys (ConfUtils.java:logGet(44)) - raft.server.leaderelection.leader.step-down.wait-time = 10s (default)
2022-03-02 21:33:21,875 [pool-675-thread-1] INFO  server.RaftServerConfigKeys (ConfUtils.java:logGet(44)) - raft.server.sleep.deviation.threshold = 300ms (default)
2022-03-02 21:33:21,875 [pool-675-thread-1] INFO  server.RaftServerConfigKeys (ConfUtils.java:logGet(44)) - raft.server.log.appender.install.snapshot.enabled = false (custom)
2022-03-02 21:33:21,875 [pool-675-thread-1] INFO  server.RaftServer$Division (ServerState.java:<init>(105)) - 39d9f1c0-7130-4277-8a35-add537f65258@group-4C98E9F0FD07: ConfigurationManager, init=-1: [269e0ee6-c833-446d-a842-94c77dd867fd|rpc:10.1.0.35:35541|dataStream:|priority:0, 39d9f1c0-7130-4277-8a35-add537f65258|rpc:10.1.0.35:33025|dataStream:|priority:1, ff1229b5-7bf6-42b1-a70d-3d6d5a94de90|rpc:10.1.0.35:32847|dataStream:|priority:0], old=null, confs=<EMPTY_MAP>
2022-03-02 21:33:21,875 [pool-675-thread-1] INFO  server.RaftServerConfigKeys (ConfUtils.java:logGet(44)) - raft.server.storage.dir = [/home/runner/work/ozone/ozone/hadoop-ozone/integration-test/target/test-dir/MiniOzoneClusterImpl-f745d883-409d-4598-9a00-e779d9019c18/datanode-4/data/ratis] (custom)
2022-03-02 21:33:21,875 [pool-675-thread-1] INFO  server.RaftServerConfigKeys (ConfUtils.java:logGet(44)) - raft.server.log.corruption.policy = EXCEPTION (default)
2022-03-02 21:33:21,875 [pool-675-thread-1] INFO  server.RaftServerConfigKeys (ConfUtils.java:logGet(44)) - raft.server.storage.free-space.min = 0MB (=0) (default)
2022-03-02 21:33:21,875 [pool-675-thread-1] INFO  storage.RaftStorageDirectory (RaftStorageDirectoryImpl.java:analyzeStorage(135)) - The storage directory /home/runner/work/ozone/ozone/hadoop-ozone/integration-test/target/test-dir/MiniOzoneClusterImpl-f745d883-409d-4598-9a00-e779d9019c18/datanode-4/data/ratis/7222150f-7630-4924-8d62-4c98e9f0fd07 does not exist. Creating ...
2022-03-02 21:33:21,882 [pool-675-thread-1] INFO  storage.RaftStorageDirectory (RaftStorageDirectoryImpl.java:tryLock(230)) - Lock on /home/runner/work/ozone/ozone/hadoop-ozone/integration-test/target/test-dir/MiniOzoneClusterImpl-f745d883-409d-4598-9a00-e779d9019c18/datanode-4/data/ratis/7222150f-7630-4924-8d62-4c98e9f0fd07/in_use.lock acquired by nodename 22518@fv-az294-754
2022-03-02 21:33:21,895 [pool-675-thread-1] INFO  storage.RaftStorage (RaftStorageImpl.java:format(89)) - Storage directory /home/runner/work/ozone/ozone/hadoop-ozone/integration-test/target/test-dir/MiniOzoneClusterImpl-f745d883-409d-4598-9a00-e779d9019c18/datanode-4/data/ratis/7222150f-7630-4924-8d62-4c98e9f0fd07 has been successfully formatted.
2022-03-02 21:33:21,931 [pool-675-thread-1] INFO  ratis.ContainerStateMachine (ContainerStateMachine.java:loadSnapshot(236)) - group-4C98E9F0FD07: The snapshot info is null. Setting the last applied indexto:(t:0, i:~)
2022-03-02 21:33:21,931 [pool-675-thread-1] INFO  server.RaftServerConfigKeys (ConfUtils.java:logGet(44)) - raft.server.notification.no-leader.timeout = 300000ms (custom)
2022-03-02 21:33:21,931 [pool-675-thread-1] INFO  server.RaftServerConfigKeys (ConfUtils.java:logGet(44)) - raft.server.log.use.memory = false (default)
2022-03-02 21:33:21,931 [pool-675-thread-1] INFO  server.RaftServerConfigKeys (ConfUtils.java:logGet(44)) - raft.server.log.purge.gap = 1000000 (custom)
2022-03-02 21:33:21,931 [pool-675-thread-1] INFO  server.RaftServerConfigKeys (ConfUtils.java:logGet(44)) - raft.server.log.appender.buffer.byte-limit = 33554432 (custom)
2022-03-02 21:33:21,931 [pool-675-thread-1] INFO  server.RaftServerConfigKeys (ConfUtils.java:logGet(44)) - raft.server.log.segment.size.max = 1048576 (custom)
2022-03-02 21:33:21,932 [pool-675-thread-1] INFO  server.RaftServerConfigKeys (ConfUtils.java:logGet(44)) - raft.server.log.segment.cache.num.max = 2 (custom)
2022-03-02 21:33:21,932 [pool-675-thread-1] INFO  server.RaftServerConfigKeys (ConfUtils.java:logGet(44)) - raft.server.log.segment.cache.size.max = 200MB (=209715200) (default)
2022-03-02 21:33:21,932 [pool-675-thread-1] INFO  segmented.SegmentedRaftLogWorker (SegmentedRaftLogWorker.java:<init>(182)) - new 39d9f1c0-7130-4277-8a35-add537f65258@group-4C98E9F0FD07-SegmentedRaftLogWorker for RaftStorageImpl:Storage Directory /home/runner/work/ozone/ozone/hadoop-ozone/integration-test/target/test-dir/MiniOzoneClusterImpl-f745d883-409d-4598-9a00-e779d9019c18/datanode-4/data/ratis/7222150f-7630-4924-8d62-4c98e9f0fd07
2022-03-02 21:33:21,932 [pool-675-thread-1] INFO  server.RaftServerConfigKeys (ConfUtils.java:logGet(44)) - raft.server.log.queue.byte-limit = 4294967296 (custom)
2022-03-02 21:33:21,932 [pool-675-thread-1] INFO  server.RaftServerConfigKeys (ConfUtils.java:logGet(44)) - raft.server.log.queue.element-limit = 1024 (custom)
2022-03-02 21:33:21,932 [pool-675-thread-1] INFO  server.RaftServerConfigKeys (ConfUtils.java:logGet(44)) - raft.server.log.segment.size.max = 1048576 (custom)
2022-03-02 21:33:21,932 [pool-675-thread-1] INFO  server.RaftServerConfigKeys (ConfUtils.java:logGet(44)) - raft.server.log.preallocated.size = 16384 (custom)
2022-03-02 21:33:21,932 [pool-675-thread-1] INFO  server.RaftServerConfigKeys (ConfUtils.java:logGet(44)) - raft.server.log.force.sync.num = 128 (default)
2022-03-02 21:33:21,932 [pool-675-thread-1] INFO  server.RaftServerConfigKeys (ConfUtils.java:logGet(44)) - raft.server.log.statemachine.data.sync = true (default)
2022-03-02 21:33:21,932 [pool-675-thread-1] INFO  server.RaftServerConfigKeys (ConfUtils.java:logGet(44)) - raft.server.log.statemachine.data.sync.timeout = 10s (default)
2022-03-02 21:33:21,932 [pool-675-thread-1] INFO  server.RaftServerConfigKeys (ConfUtils.java:logGet(44)) - raft.server.log.statemachine.data.sync.timeout.retry = -1 (default)
2022-03-02 21:33:21,933 [pool-675-thread-1] INFO  server.RaftServerConfigKeys (ConfUtils.java:logGet(44)) - raft.server.log.write.buffer.size = 1048576 (custom)
2022-03-02 21:33:21,955 [pool-675-thread-1] INFO  server.RaftServerConfigKeys (ConfUtils.java:logGet(44)) - raft.server.log.statemachine.data.caching.enabled = true (custom)
2022-03-02 21:33:21,955 [pool-675-thread-1] INFO  segmented.SegmentedRaftLogWorker (SegmentedRaftLogWorker.java:lambda$new$0(133)) - 39d9f1c0-7130-4277-8a35-add537f65258@group-4C98E9F0FD07-SegmentedRaftLogWorker: flushIndex: setUnconditionally 0 -> -1
2022-03-02 21:33:21,955 [pool-675-thread-1] INFO  segmented.SegmentedRaftLogWorker (SegmentedRaftLogWorker.java:lambda$new$0(133)) - 39d9f1c0-7130-4277-8a35-add537f65258@group-4C98E9F0FD07-SegmentedRaftLogWorker: safeCacheEvictIndex: setUnconditionally 0 -> -1
2022-03-02 21:33:21,983 [pool-675-thread-1] INFO  server.RaftServerConfigKeys (ConfUtils.java:logGet(44)) - raft.server.snapshot.auto.trigger.enabled = true (custom)
2022-03-02 21:33:21,983 [pool-675-thread-1] INFO  server.RaftServerConfigKeys (ConfUtils.java:logGet(44)) - raft.server.snapshot.auto.trigger.threshold = 10000 (custom)
2022-03-02 21:33:21,983 [pool-675-thread-1] INFO  server.RaftServerConfigKeys (ConfUtils.java:logGet(44)) - raft.server.snapshot.retention.file.num = 5 (custom)
2022-03-02 21:33:21,983 [pool-675-thread-1] INFO  server.RaftServerConfigKeys (ConfUtils.java:logGet(44)) - raft.server.log.purge.upto.snapshot.index = false (default)
2022-03-02 21:33:21,983 [pool-675-thread-1] INFO  server.RaftServerConfigKeys (ConfUtils.java:logGet(44)) - raft.server.retrycache.expirytime = 600000ms (custom)
2022-03-02 21:33:21,983 [pool-675-thread-1] INFO  server.RaftServerConfigKeys (ConfUtils.java:logGet(44)) - raft.server.retrycache.statistics.expirytime = 100μs (default)
2022-03-02 21:33:21,984 [pool-675-thread-1] INFO  server.RaftServer$Division (RaftServerImpl.java:start(301)) - 39d9f1c0-7130-4277-8a35-add537f65258@group-4C98E9F0FD07: start as a follower, conf=-1: [269e0ee6-c833-446d-a842-94c77dd867fd|rpc:10.1.0.35:35541|dataStream:|priority:0, 39d9f1c0-7130-4277-8a35-add537f65258|rpc:10.1.0.35:33025|dataStream:|priority:1, ff1229b5-7bf6-42b1-a70d-3d6d5a94de90|rpc:10.1.0.35:32847|dataStream:|priority:0], old=null
2022-03-02 21:33:21,984 [pool-675-thread-1] INFO  server.RaftServer$Division (RaftServerImpl.java:setRole(290)) - 39d9f1c0-7130-4277-8a35-add537f65258@group-4C98E9F0FD07: changes role from      null to FOLLOWER at term 0 for startAsFollower
2022-03-02 21:33:21,984 [pool-675-thread-1] INFO  impl.RoleInfo (RoleInfo.java:updateAndGet(130)) - 39d9f1c0-7130-4277-8a35-add537f65258: start 39d9f1c0-7130-4277-8a35-add537f65258@group-4C98E9F0FD07-FollowerState
2022-03-02 21:33:22,011 [pool-675-thread-1] INFO  util.JmxRegister (JmxRegister.java:tryRegister(44)) - Successfully registered JMX Bean with object name Ratis:service=RaftServer,group=group-4C98E9F0FD07,id=39d9f1c0-7130-4277-8a35-add537f65258
2022-03-02 21:33:22,027 [Command processor thread] INFO  commandhandler.CreatePipelineCommandHandler (CreatePipelineCommandHandler.java:handle(106)) - Created Pipeline RATIS THREE PipelineID=7222150f-7630-4924-8d62-4c98e9f0fd07.
2022-03-02 21:33:22,027 [Command processor thread] INFO  server.RaftServer (RaftServerProxy.java:addNew(95)) - 269e0ee6-c833-446d-a842-94c77dd867fd: addNew group-F48392E64407:[269e0ee6-c833-446d-a842-94c77dd867fd|rpc:10.1.0.35:35541|priority:0, 39d9f1c0-7130-4277-8a35-add537f65258|rpc:10.1.0.35:33025|priority:0, ff1229b5-7bf6-42b1-a70d-3d6d5a94de90|rpc:10.1.0.35:32847|priority:1] returns group-F48392E64407:java.util.concurrent.CompletableFuture@782c8955[Not completed]
2022-03-02 21:33:22,028 [pool-654-thread-1] INFO  server.RaftServer$Division (RaftServerImpl.java:<init>(184)) - 269e0ee6-c833-446d-a842-94c77dd867fd: new RaftServerImpl for group-F48392E64407:[269e0ee6-c833-446d-a842-94c77dd867fd|rpc:10.1.0.35:35541|priority:0, 39d9f1c0-7130-4277-8a35-add537f65258|rpc:10.1.0.35:33025|priority:0, ff1229b5-7bf6-42b1-a70d-3d6d5a94de90|rpc:10.1.0.35:32847|priority:1] with ContainerStateMachine:uninitialized
2022-03-02 21:33:22,028 [pool-654-thread-1] INFO  server.RaftServerConfigKeys (ConfUtils.java:logGet(44)) - raft.server.rpc.timeout.min = 5s (custom)
2022-03-02 21:33:22,028 [pool-654-thread-1] INFO  server.RaftServerConfigKeys (ConfUtils.java:logGet(44)) - raft.server.rpc.timeout.max = 5200ms (custom)
2022-03-02 21:33:22,028 [pool-654-thread-1] INFO  server.RaftServerConfigKeys (ConfUtils.java:logGet(44)) - raft.server.rpc.sleep.time = 25ms (default)
2022-03-02 21:33:22,028 [pool-654-thread-1] INFO  server.RaftServerConfigKeys (ConfUtils.java:logGet(44)) - raft.server.rpc.slowness.timeout = 300000ms (custom)
2022-03-02 21:33:22,028 [pool-654-thread-1] INFO  server.RaftServerConfigKeys (ConfUtils.java:logGet(44)) - raft.server.leaderelection.leader.step-down.wait-time = 10s (default)
2022-03-02 21:33:22,028 [pool-654-thread-1] INFO  server.RaftServerConfigKeys (ConfUtils.java:logGet(44)) - raft.server.sleep.deviation.threshold = 300ms (default)
2022-03-02 21:33:22,028 [pool-654-thread-1] INFO  server.RaftServerConfigKeys (ConfUtils.java:logGet(44)) - raft.server.log.appender.install.snapshot.enabled = false (custom)
2022-03-02 21:33:22,028 [pool-654-thread-1] INFO  server.RaftServer$Division (ServerState.java:<init>(105)) - 269e0ee6-c833-446d-a842-94c77dd867fd@group-F48392E64407: ConfigurationManager, init=-1: [269e0ee6-c833-446d-a842-94c77dd867fd|rpc:10.1.0.35:35541|priority:0, 39d9f1c0-7130-4277-8a35-add537f65258|rpc:10.1.0.35:33025|priority:0, ff1229b5-7bf6-42b1-a70d-3d6d5a94de90|rpc:10.1.0.35:32847|priority:1], old=null, confs=<EMPTY_MAP>
2022-03-02 21:33:22,028 [pool-654-thread-1] INFO  server.RaftServerConfigKeys (ConfUtils.java:logGet(44)) - raft.server.storage.dir = [/home/runner/work/ozone/ozone/hadoop-ozone/integration-test/target/test-dir/MiniOzoneClusterImpl-f745d883-409d-4598-9a00-e779d9019c18/datanode-3/data/ratis] (custom)
2022-03-02 21:33:22,028 [pool-654-thread-1] INFO  server.RaftServerConfigKeys (ConfUtils.java:logGet(44)) - raft.server.log.corruption.policy = EXCEPTION (default)
2022-03-02 21:33:22,028 [pool-654-thread-1] INFO  server.RaftServerConfigKeys (ConfUtils.java:logGet(44)) - raft.server.storage.free-space.min = 0MB (=0) (default)
2022-03-02 21:33:22,029 [pool-654-thread-1] INFO  storage.RaftStorageDirectory (RaftStorageDirectoryImpl.java:analyzeStorage(135)) - The storage directory /home/runner/work/ozone/ozone/hadoop-ozone/integration-test/target/test-dir/MiniOzoneClusterImpl-f745d883-409d-4598-9a00-e779d9019c18/datanode-3/data/ratis/05406b00-ca93-4bb6-90f5-f48392e64407 does not exist. Creating ...
2022-03-02 21:33:22,029 [pool-654-thread-1] INFO  storage.RaftStorageDirectory (RaftStorageDirectoryImpl.java:tryLock(230)) - Lock on /home/runner/work/ozone/ozone/hadoop-ozone/integration-test/target/test-dir/MiniOzoneClusterImpl-f745d883-409d-4598-9a00-e779d9019c18/datanode-3/data/ratis/05406b00-ca93-4bb6-90f5-f48392e64407/in_use.lock acquired by nodename 22518@fv-az294-754
2022-03-02 21:33:22,031 [pool-654-thread-1] INFO  storage.RaftStorage (RaftStorageImpl.java:format(89)) - Storage directory /home/runner/work/ozone/ozone/hadoop-ozone/integration-test/target/test-dir/MiniOzoneClusterImpl-f745d883-409d-4598-9a00-e779d9019c18/datanode-3/data/ratis/05406b00-ca93-4bb6-90f5-f48392e64407 has been successfully formatted.
2022-03-02 21:33:22,031 [pool-654-thread-1] INFO  ratis.ContainerStateMachine (ContainerStateMachine.java:loadSnapshot(236)) - group-F48392E64407: The snapshot info is null. Setting the last applied indexto:(t:0, i:~)
2022-03-02 21:33:22,031 [pool-654-thread-1] INFO  server.RaftServerConfigKeys (ConfUtils.java:logGet(44)) - raft.server.notification.no-leader.timeout = 300000ms (custom)
2022-03-02 21:33:22,031 [pool-654-thread-1] INFO  server.RaftServerConfigKeys (ConfUtils.java:logGet(44)) - raft.server.log.use.memory = false (default)
2022-03-02 21:33:22,031 [pool-654-thread-1] INFO  server.RaftServerConfigKeys (ConfUtils.java:logGet(44)) - raft.server.log.purge.gap = 1000000 (custom)
2022-03-02 21:33:22,031 [pool-654-thread-1] INFO  server.RaftServerConfigKeys (ConfUtils.java:logGet(44)) - raft.server.log.appender.buffer.byte-limit = 33554432 (custom)
2022-03-02 21:33:22,031 [pool-654-thread-1] INFO  server.RaftServerConfigKeys (ConfUtils.java:logGet(44)) - raft.server.log.segment.size.max = 1048576 (custom)
2022-03-02 21:33:22,032 [pool-654-thread-1] INFO  server.RaftServerConfigKeys (ConfUtils.java:logGet(44)) - raft.server.log.segment.cache.num.max = 2 (custom)
2022-03-02 21:33:22,032 [pool-654-thread-1] INFO  server.RaftServerConfigKeys (ConfUtils.java:logGet(44)) - raft.server.log.segment.cache.size.max = 200MB (=209715200) (default)
2022-03-02 21:33:22,032 [pool-654-thread-1] INFO  segmented.SegmentedRaftLogWorker (SegmentedRaftLogWorker.java:<init>(182)) - new 269e0ee6-c833-446d-a842-94c77dd867fd@group-F48392E64407-SegmentedRaftLogWorker for RaftStorageImpl:Storage Directory /home/runner/work/ozone/ozone/hadoop-ozone/integration-test/target/test-dir/MiniOzoneClusterImpl-f745d883-409d-4598-9a00-e779d9019c18/datanode-3/data/ratis/05406b00-ca93-4bb6-90f5-f48392e64407
2022-03-02 21:33:22,032 [pool-654-thread-1] INFO  server.RaftServerConfigKeys (ConfUtils.java:logGet(44)) - raft.server.log.queue.byte-limit = 4294967296 (custom)
2022-03-02 21:33:22,032 [pool-654-thread-1] INFO  server.RaftServerConfigKeys (ConfUtils.java:logGet(44)) - raft.server.log.queue.element-limit = 1024 (custom)
2022-03-02 21:33:22,032 [pool-654-thread-1] INFO  server.RaftServerConfigKeys (ConfUtils.java:logGet(44)) - raft.server.log.segment.size.max = 1048576 (custom)
2022-03-02 21:33:22,032 [pool-654-thread-1] INFO  server.RaftServerConfigKeys (ConfUtils.java:logGet(44)) - raft.server.log.preallocated.size = 16384 (custom)
2022-03-02 21:33:22,032 [pool-654-thread-1] INFO  server.RaftServerConfigKeys (ConfUtils.java:logGet(44)) - raft.server.log.force.sync.num = 128 (default)
2022-03-02 21:33:22,032 [pool-654-thread-1] INFO  server.RaftServerConfigKeys (ConfUtils.java:logGet(44)) - raft.server.log.statemachine.data.sync = true (default)
2022-03-02 21:33:22,032 [pool-654-thread-1] INFO  server.RaftServerConfigKeys (ConfUtils.java:logGet(44)) - raft.server.log.statemachine.data.sync.timeout = 10s (default)
2022-03-02 21:33:22,032 [pool-654-thread-1] INFO  server.RaftServerConfigKeys (ConfUtils.java:logGet(44)) - raft.server.log.statemachine.data.sync.timeout.retry = -1 (default)
2022-03-02 21:33:22,033 [pool-654-thread-1] INFO  server.RaftServerConfigKeys (ConfUtils.java:logGet(44)) - raft.server.log.write.buffer.size = 1048576 (custom)
2022-03-02 21:33:22,033 [pool-654-thread-1] INFO  server.RaftServerConfigKeys (ConfUtils.java:logGet(44)) - raft.server.log.statemachine.data.caching.enabled = true (custom)
2022-03-02 21:33:22,034 [pool-654-thread-1] INFO  segmented.SegmentedRaftLogWorker (SegmentedRaftLogWorker.java:lambda$new$0(133)) - 269e0ee6-c833-446d-a842-94c77dd867fd@group-F48392E64407-SegmentedRaftLogWorker: flushIndex: setUnconditionally 0 -> -1
2022-03-02 21:33:22,034 [pool-654-thread-1] INFO  segmented.SegmentedRaftLogWorker (SegmentedRaftLogWorker.java:lambda$new$0(133)) - 269e0ee6-c833-446d-a842-94c77dd867fd@group-F48392E64407-SegmentedRaftLogWorker: safeCacheEvictIndex: setUnconditionally 0 -> -1
2022-03-02 21:33:22,034 [EventQueue-OpenPipelineForHealthyPipelineSafeModeRule] INFO  safemode.SCMSafeModeManager (HealthyPipelineSafeModeRule.java:process(124)) - SCM in safe mode. Healthy pipelines reported count is 0, required healthy pipeline reported count is 1
2022-03-02 21:33:22,039 [pool-654-thread-1] INFO  server.RaftServerConfigKeys (ConfUtils.java:logGet(44)) - raft.server.snapshot.auto.trigger.enabled = true (custom)
2022-03-02 21:33:22,039 [pool-654-thread-1] INFO  server.RaftServerConfigKeys (ConfUtils.java:logGet(44)) - raft.server.snapshot.auto.trigger.threshold = 10000 (custom)
2022-03-02 21:33:22,039 [pool-654-thread-1] INFO  server.RaftServerConfigKeys (ConfUtils.java:logGet(44)) - raft.server.snapshot.retention.file.num = 5 (custom)
2022-03-02 21:33:22,039 [pool-654-thread-1] INFO  server.RaftServerConfigKeys (ConfUtils.java:logGet(44)) - raft.server.log.purge.upto.snapshot.index = false (default)
2022-03-02 21:33:22,039 [pool-654-thread-1] INFO  server.RaftServerConfigKeys (ConfUtils.java:logGet(44)) - raft.server.retrycache.expirytime = 600000ms (custom)
2022-03-02 21:33:22,039 [pool-654-thread-1] INFO  server.RaftServerConfigKeys (ConfUtils.java:logGet(44)) - raft.server.retrycache.statistics.expirytime = 100μs (default)
2022-03-02 21:33:22,040 [pool-654-thread-1] INFO  server.RaftServer$Division (RaftServerImpl.java:start(301)) - 269e0ee6-c833-446d-a842-94c77dd867fd@group-F48392E64407: start as a follower, conf=-1: [269e0ee6-c833-446d-a842-94c77dd867fd|rpc:10.1.0.35:35541|priority:0, 39d9f1c0-7130-4277-8a35-add537f65258|rpc:10.1.0.35:33025|priority:0, ff1229b5-7bf6-42b1-a70d-3d6d5a94de90|rpc:10.1.0.35:32847|priority:1], old=null
2022-03-02 21:33:22,040 [pool-654-thread-1] INFO  server.RaftServer$Division (RaftServerImpl.java:setRole(290)) - 269e0ee6-c833-446d-a842-94c77dd867fd@group-F48392E64407: changes role from      null to FOLLOWER at term 0 for startAsFollower
2022-03-02 21:33:22,040 [pool-654-thread-1] INFO  impl.RoleInfo (RoleInfo.java:updateAndGet(130)) - 269e0ee6-c833-446d-a842-94c77dd867fd: start 269e0ee6-c833-446d-a842-94c77dd867fd@group-F48392E64407-FollowerState
2022-03-02 21:33:22,055 [pool-654-thread-1] INFO  util.JmxRegister (JmxRegister.java:tryRegister(44)) - Successfully registered JMX Bean with object name Ratis:service=RaftServer,group=group-F48392E64407,id=269e0ee6-c833-446d-a842-94c77dd867fd
2022-03-02 21:33:22,068 [Command processor thread] INFO  ratis.XceiverServerRatis (XceiverServerRatis.java:addGroup(769)) - Created group PipelineID=05406b00-ca93-4bb6-90f5-f48392e64407
2022-03-02 21:33:22,087 [grpc-default-executor-0] INFO  server.RaftServer (RaftServerProxy.java:addNew(95)) - ff1229b5-7bf6-42b1-a70d-3d6d5a94de90: addNew group-F48392E64407:[269e0ee6-c833-446d-a842-94c77dd867fd|rpc:10.1.0.35:35541|dataStream:|priority:0, 39d9f1c0-7130-4277-8a35-add537f65258|rpc:10.1.0.35:33025|dataStream:|priority:0, ff1229b5-7bf6-42b1-a70d-3d6d5a94de90|rpc:10.1.0.35:32847|dataStream:|priority:1] returns group-F48392E64407:java.util.concurrent.CompletableFuture@4b8a806d[Not completed]
2022-03-02 21:33:22,088 [pool-696-thread-1] INFO  server.RaftServer$Division (RaftServerImpl.java:<init>(184)) - ff1229b5-7bf6-42b1-a70d-3d6d5a94de90: new RaftServerImpl for group-F48392E64407:[269e0ee6-c833-446d-a842-94c77dd867fd|rpc:10.1.0.35:35541|dataStream:|priority:0, 39d9f1c0-7130-4277-8a35-add537f65258|rpc:10.1.0.35:33025|dataStream:|priority:0, ff1229b5-7bf6-42b1-a70d-3d6d5a94de90|rpc:10.1.0.35:32847|dataStream:|priority:1] with ContainerStateMachine:uninitialized
2022-03-02 21:33:22,088 [pool-696-thread-1] INFO  server.RaftServerConfigKeys (ConfUtils.java:logGet(44)) - raft.server.rpc.timeout.min = 5s (custom)
2022-03-02 21:33:22,088 [pool-696-thread-1] INFO  server.RaftServerConfigKeys (ConfUtils.java:logGet(44)) - raft.server.rpc.timeout.max = 5200ms (custom)
2022-03-02 21:33:22,088 [pool-696-thread-1] INFO  server.RaftServerConfigKeys (ConfUtils.java:logGet(44)) - raft.server.rpc.sleep.time = 25ms (default)
2022-03-02 21:33:22,088 [pool-696-thread-1] INFO  server.RaftServerConfigKeys (ConfUtils.java:logGet(44)) - raft.server.rpc.slowness.timeout = 300000ms (custom)
2022-03-02 21:33:22,088 [pool-696-thread-1] INFO  server.RaftServerConfigKeys (ConfUtils.java:logGet(44)) - raft.server.leaderelection.leader.step-down.wait-time = 10s (default)
2022-03-02 21:33:22,088 [pool-696-thread-1] INFO  server.RaftServerConfigKeys (ConfUtils.java:logGet(44)) - raft.server.sleep.deviation.threshold = 300ms (default)
2022-03-02 21:33:22,088 [pool-696-thread-1] INFO  server.RaftServerConfigKeys (ConfUtils.java:logGet(44)) - raft.server.log.appender.install.snapshot.enabled = false (custom)
2022-03-02 21:33:22,088 [pool-696-thread-1] INFO  server.RaftServer$Division (ServerState.java:<init>(105)) - ff1229b5-7bf6-42b1-a70d-3d6d5a94de90@group-F48392E64407: ConfigurationManager, init=-1: [269e0ee6-c833-446d-a842-94c77dd867fd|rpc:10.1.0.35:35541|dataStream:|priority:0, 39d9f1c0-7130-4277-8a35-add537f65258|rpc:10.1.0.35:33025|dataStream:|priority:0, ff1229b5-7bf6-42b1-a70d-3d6d5a94de90|rpc:10.1.0.35:32847|dataStream:|priority:1], old=null, confs=<EMPTY_MAP>
2022-03-02 21:33:22,089 [pool-696-thread-1] INFO  server.RaftServerConfigKeys (ConfUtils.java:logGet(44)) - raft.server.storage.dir = [/home/runner/work/ozone/ozone/hadoop-ozone/integration-test/target/test-dir/MiniOzoneClusterImpl-f745d883-409d-4598-9a00-e779d9019c18/datanode-5/data/ratis] (custom)
2022-03-02 21:33:22,089 [pool-696-thread-1] INFO  server.RaftServerConfigKeys (ConfUtils.java:logGet(44)) - raft.server.log.corruption.policy = EXCEPTION (default)
2022-03-02 21:33:22,089 [pool-696-thread-1] INFO  server.RaftServerConfigKeys (ConfUtils.java:logGet(44)) - raft.server.storage.free-space.min = 0MB (=0) (default)
2022-03-02 21:33:22,089 [pool-696-thread-1] INFO  storage.RaftStorageDirectory (RaftStorageDirectoryImpl.java:analyzeStorage(135)) - The storage directory /home/runner/work/ozone/ozone/hadoop-ozone/integration-test/target/test-dir/MiniOzoneClusterImpl-f745d883-409d-4598-9a00-e779d9019c18/datanode-5/data/ratis/05406b00-ca93-4bb6-90f5-f48392e64407 does not exist. Creating ...
2022-03-02 21:33:22,090 [pool-696-thread-1] INFO  storage.RaftStorageDirectory (RaftStorageDirectoryImpl.java:tryLock(230)) - Lock on /home/runner/work/ozone/ozone/hadoop-ozone/integration-test/target/test-dir/MiniOzoneClusterImpl-f745d883-409d-4598-9a00-e779d9019c18/datanode-5/data/ratis/05406b00-ca93-4bb6-90f5-f48392e64407/in_use.lock acquired by nodename 22518@fv-az294-754
2022-03-02 21:33:22,094 [Command processor thread] INFO  server.RaftServer (RaftServerProxy.java:addNew(95)) - 39d9f1c0-7130-4277-8a35-add537f65258: addNew group-4852EC3216F1:[39d9f1c0-7130-4277-8a35-add537f65258|rpc:10.1.0.35:33025|priority:1] returns group-4852EC3216F1:java.util.concurrent.CompletableFuture@2f5105ff[Not completed]
2022-03-02 21:33:22,095 [pool-675-thread-1] INFO  server.RaftServer$Division (RaftServerImpl.java:<init>(184)) - 39d9f1c0-7130-4277-8a35-add537f65258: new RaftServerImpl for group-4852EC3216F1:[39d9f1c0-7130-4277-8a35-add537f65258|rpc:10.1.0.35:33025|priority:1] with ContainerStateMachine:uninitialized
2022-03-02 21:33:22,095 [pool-675-thread-1] INFO  server.RaftServerConfigKeys (ConfUtils.java:logGet(44)) - raft.server.rpc.timeout.min = 5s (custom)
2022-03-02 21:33:22,095 [pool-675-thread-1] INFO  server.RaftServerConfigKeys (ConfUtils.java:logGet(44)) - raft.server.rpc.timeout.max = 5200ms (custom)
2022-03-02 21:33:22,095 [pool-675-thread-1] INFO  server.RaftServerConfigKeys (ConfUtils.java:logGet(44)) - raft.server.rpc.sleep.time = 25ms (default)
2022-03-02 21:33:22,095 [pool-675-thread-1] INFO  server.RaftServerConfigKeys (ConfUtils.java:logGet(44)) - raft.server.rpc.slowness.timeout = 300000ms (custom)
2022-03-02 21:33:22,095 [pool-675-thread-1] INFO  server.RaftServerConfigKeys (ConfUtils.java:logGet(44)) - raft.server.leaderelection.leader.step-down.wait-time = 10s (default)
2022-03-02 21:33:22,095 [pool-675-thread-1] INFO  server.RaftServerConfigKeys (ConfUtils.java:logGet(44)) - raft.server.sleep.deviation.threshold = 300ms (default)
2022-03-02 21:33:22,095 [pool-675-thread-1] INFO  server.RaftServerConfigKeys (ConfUtils.java:logGet(44)) - raft.server.log.appender.install.snapshot.enabled = false (custom)
2022-03-02 21:33:22,095 [pool-675-thread-1] INFO  server.RaftServer$Division (ServerState.java:<init>(105)) - 39d9f1c0-7130-4277-8a35-add537f65258@group-4852EC3216F1: ConfigurationManager, init=-1: [39d9f1c0-7130-4277-8a35-add537f65258|rpc:10.1.0.35:33025|priority:1], old=null, confs=<EMPTY_MAP>
2022-03-02 21:33:22,095 [pool-675-thread-1] INFO  server.RaftServerConfigKeys (ConfUtils.java:logGet(44)) - raft.server.storage.dir = [/home/runner/work/ozone/ozone/hadoop-ozone/integration-test/target/test-dir/MiniOzoneClusterImpl-f745d883-409d-4598-9a00-e779d9019c18/datanode-4/data/ratis] (custom)
2022-03-02 21:33:22,096 [pool-675-thread-1] INFO  server.RaftServerConfigKeys (ConfUtils.java:logGet(44)) - raft.server.log.corruption.policy = EXCEPTION (default)
2022-03-02 21:33:22,096 [pool-675-thread-1] INFO  server.RaftServerConfigKeys (ConfUtils.java:logGet(44)) - raft.server.storage.free-space.min = 0MB (=0) (default)
2022-03-02 21:33:22,096 [pool-675-thread-1] INFO  storage.RaftStorageDirectory (RaftStorageDirectoryImpl.java:analyzeStorage(135)) - The storage directory /home/runner/work/ozone/ozone/hadoop-ozone/integration-test/target/test-dir/MiniOzoneClusterImpl-f745d883-409d-4598-9a00-e779d9019c18/datanode-4/data/ratis/3c063f8f-7428-4df5-839f-4852ec3216f1 does not exist. Creating ...
2022-03-02 21:33:22,097 [pool-675-thread-1] INFO  storage.RaftStorageDirectory (RaftStorageDirectoryImpl.java:tryLock(230)) - Lock on /home/runner/work/ozone/ozone/hadoop-ozone/integration-test/target/test-dir/MiniOzoneClusterImpl-f745d883-409d-4598-9a00-e779d9019c18/datanode-4/data/ratis/3c063f8f-7428-4df5-839f-4852ec3216f1/in_use.lock acquired by nodename 22518@fv-az294-754
2022-03-02 21:33:22,097 [pool-675-thread-1] INFO  storage.RaftStorage (RaftStorageImpl.java:format(89)) - Storage directory /home/runner/work/ozone/ozone/hadoop-ozone/integration-test/target/test-dir/MiniOzoneClusterImpl-f745d883-409d-4598-9a00-e779d9019c18/datanode-4/data/ratis/3c063f8f-7428-4df5-839f-4852ec3216f1 has been successfully formatted.
2022-03-02 21:33:22,098 [pool-675-thread-1] INFO  ratis.ContainerStateMachine (ContainerStateMachine.java:loadSnapshot(236)) - group-4852EC3216F1: The snapshot info is null. Setting the last applied indexto:(t:0, i:~)
2022-03-02 21:33:22,098 [pool-675-thread-1] INFO  server.RaftServerConfigKeys (ConfUtils.java:logGet(44)) - raft.server.notification.no-leader.timeout = 300000ms (custom)
2022-03-02 21:33:22,098 [pool-675-thread-1] INFO  server.RaftServerConfigKeys (ConfUtils.java:logGet(44)) - raft.server.log.use.memory = false (default)
2022-03-02 21:33:22,098 [pool-675-thread-1] INFO  server.RaftServerConfigKeys (ConfUtils.java:logGet(44)) - raft.server.log.purge.gap = 1000000 (custom)
2022-03-02 21:33:22,098 [pool-675-thread-1] INFO  server.RaftServerConfigKeys (ConfUtils.java:logGet(44)) - raft.server.log.appender.buffer.byte-limit = 33554432 (custom)
2022-03-02 21:33:22,098 [pool-675-thread-1] INFO  server.RaftServerConfigKeys (ConfUtils.java:logGet(44)) - raft.server.log.segment.size.max = 1048576 (custom)
2022-03-02 21:33:22,098 [pool-675-thread-1] INFO  server.RaftServerConfigKeys (ConfUtils.java:logGet(44)) - raft.server.log.segment.cache.num.max = 2 (custom)
2022-03-02 21:33:22,098 [pool-675-thread-1] INFO  server.RaftServerConfigKeys (ConfUtils.java:logGet(44)) - raft.server.log.segment.cache.size.max = 200MB (=209715200) (default)
2022-03-02 21:33:22,098 [pool-675-thread-1] INFO  segmented.SegmentedRaftLogWorker (SegmentedRaftLogWorker.java:<init>(182)) - new 39d9f1c0-7130-4277-8a35-add537f65258@group-4852EC3216F1-SegmentedRaftLogWorker for RaftStorageImpl:Storage Directory /home/runner/work/ozone/ozone/hadoop-ozone/integration-test/target/test-dir/MiniOzoneClusterImpl-f745d883-409d-4598-9a00-e779d9019c18/datanode-4/data/ratis/3c063f8f-7428-4df5-839f-4852ec3216f1
2022-03-02 21:33:22,098 [pool-675-thread-1] INFO  server.RaftServerConfigKeys (ConfUtils.java:logGet(44)) - raft.server.log.queue.byte-limit = 4294967296 (custom)
2022-03-02 21:33:22,098 [pool-675-thread-1] INFO  server.RaftServerConfigKeys (ConfUtils.java:logGet(44)) - raft.server.log.queue.element-limit = 1024 (custom)
2022-03-02 21:33:22,098 [pool-675-thread-1] INFO  server.RaftServerConfigKeys (ConfUtils.java:logGet(44)) - raft.server.log.segment.size.max = 1048576 (custom)
2022-03-02 21:33:22,099 [pool-675-thread-1] INFO  server.RaftServerConfigKeys (ConfUtils.java:logGet(44)) - raft.server.log.preallocated.size = 16384 (custom)
2022-03-02 21:33:22,099 [pool-675-thread-1] INFO  server.RaftServerConfigKeys (ConfUtils.java:logGet(44)) - raft.server.log.force.sync.num = 128 (default)
2022-03-02 21:33:22,099 [pool-675-thread-1] INFO  server.RaftServerConfigKeys (ConfUtils.java:logGet(44)) - raft.server.log.statemachine.data.sync = true (default)
2022-03-02 21:33:22,099 [pool-675-thread-1] INFO  server.RaftServerConfigKeys (ConfUtils.java:logGet(44)) - raft.server.log.statemachine.data.sync.timeout = 10s (default)
2022-03-02 21:33:22,099 [pool-675-thread-1] INFO  server.RaftServerConfigKeys (ConfUtils.java:logGet(44)) - raft.server.log.statemachine.data.sync.timeout.retry = -1 (default)
2022-03-02 21:33:22,100 [pool-675-thread-1] INFO  server.RaftServerConfigKeys (ConfUtils.java:logGet(44)) - raft.server.log.write.buffer.size = 1048576 (custom)
2022-03-02 21:33:22,101 [pool-675-thread-1] INFO  server.RaftServerConfigKeys (ConfUtils.java:logGet(44)) - raft.server.log.statemachine.data.caching.enabled = true (custom)
2022-03-02 21:33:22,101 [pool-675-thread-1] INFO  segmented.SegmentedRaftLogWorker (SegmentedRaftLogWorker.java:lambda$new$0(133)) - 39d9f1c0-7130-4277-8a35-add537f65258@group-4852EC3216F1-SegmentedRaftLogWorker: flushIndex: setUnconditionally 0 -> -1
2022-03-02 21:33:22,101 [pool-675-thread-1] INFO  segmented.SegmentedRaftLogWorker (SegmentedRaftLogWorker.java:lambda$new$0(133)) - 39d9f1c0-7130-4277-8a35-add537f65258@group-4852EC3216F1-SegmentedRaftLogWorker: safeCacheEvictIndex: setUnconditionally 0 -> -1
2022-03-02 21:33:22,101 [EventQueue-PipelineReportForPipelineReportHandler] INFO  pipeline.PipelineManagerImpl (PipelineManagerImpl.java:openPipeline(291)) - Pipeline Pipeline[ Id: 3c063f8f-7428-4df5-839f-4852ec3216f1, Nodes: 39d9f1c0-7130-4277-8a35-add537f65258{ip: 10.1.0.35, host: fv-az294-754.eaanfquahm5ulb5tj050gcxych.jx.internal.cloudapp.net, ports: [REPLICATION=38181, RATIS=33025, RATIS_ADMIN=33025, RATIS_SERVER=33025, STANDALONE=35701], networkLocation: /default-rack, certSerialId: null, persistedOpState: IN_SERVICE, persistedOpStateExpiryEpochSec: 0}, ReplicationConfig: RATIS/ONE, State:ALLOCATED, leaderId:39d9f1c0-7130-4277-8a35-add537f65258, CreationTimestamp2022-03-02T21:33:19.106Z[Etc/UTC]] moved to OPEN state
2022-03-02 21:33:22,103 [d7f371f7-0d79-4eb0-9764-2158321d28de@group-E779D9019C18-StateMachineUpdater] INFO  safemode.HealthyPipelineSafeModeRule (HealthyPipelineSafeModeRule.java:initializeRule(152)) - Refreshed total pipeline count is 0, healthy pipeline threshold count is 1
2022-03-02 21:33:22,103 [EventQueue-OpenPipelineForHealthyPipelineSafeModeRule] INFO  safemode.SCMSafeModeManager (HealthyPipelineSafeModeRule.java:process(124)) - SCM in safe mode. Healthy pipelines reported count is 0, required healthy pipeline reported count is 1
2022-03-02 21:33:22,111 [pool-696-thread-1] INFO  storage.RaftStorage (RaftStorageImpl.java:format(89)) - Storage directory /home/runner/work/ozone/ozone/hadoop-ozone/integration-test/target/test-dir/MiniOzoneClusterImpl-f745d883-409d-4598-9a00-e779d9019c18/datanode-5/data/ratis/05406b00-ca93-4bb6-90f5-f48392e64407 has been successfully formatted.
2022-03-02 21:33:22,111 [pool-675-thread-1] INFO  server.RaftServerConfigKeys (ConfUtils.java:logGet(44)) - raft.server.snapshot.auto.trigger.enabled = true (custom)
2022-03-02 21:33:22,111 [pool-675-thread-1] INFO  server.RaftServerConfigKeys (ConfUtils.java:logGet(44)) - raft.server.snapshot.auto.trigger.threshold = 10000 (custom)
2022-03-02 21:33:22,111 [pool-675-thread-1] INFO  server.RaftServerConfigKeys (ConfUtils.java:logGet(44)) - raft.server.snapshot.retention.file.num = 5 (custom)
2022-03-02 21:33:22,111 [pool-675-thread-1] INFO  server.RaftServerConfigKeys (ConfUtils.java:logGet(44)) - raft.server.log.purge.upto.snapshot.index = false (default)
2022-03-02 21:33:22,139 [pool-675-thread-1] INFO  server.RaftServerConfigKeys (ConfUtils.java:logGet(44)) - raft.server.retrycache.expirytime = 600000ms (custom)
2022-03-02 21:33:22,139 [pool-675-thread-1] INFO  server.RaftServerConfigKeys (ConfUtils.java:logGet(44)) - raft.server.retrycache.statistics.expirytime = 100μs (default)
2022-03-02 21:33:22,141 [pool-675-thread-1] INFO  server.RaftServer$Division (RaftServerImpl.java:start(301)) - 39d9f1c0-7130-4277-8a35-add537f65258@group-4852EC3216F1: start as a follower, conf=-1: [39d9f1c0-7130-4277-8a35-add537f65258|rpc:10.1.0.35:33025|priority:1], old=null
2022-03-02 21:33:22,141 [pool-675-thread-1] INFO  server.RaftServer$Division (RaftServerImpl.java:setRole(290)) - 39d9f1c0-7130-4277-8a35-add537f65258@group-4852EC3216F1: changes role from      null to FOLLOWER at term 0 for startAsFollower
2022-03-02 21:33:22,141 [pool-675-thread-1] INFO  impl.RoleInfo (RoleInfo.java:updateAndGet(130)) - 39d9f1c0-7130-4277-8a35-add537f65258: start 39d9f1c0-7130-4277-8a35-add537f65258@group-4852EC3216F1-FollowerState
2022-03-02 21:33:22,139 [pool-696-thread-1] INFO  ratis.ContainerStateMachine (ContainerStateMachine.java:loadSnapshot(236)) - group-F48392E64407: The snapshot info is null. Setting the last applied indexto:(t:0, i:~)
2022-03-02 21:33:22,141 [pool-696-thread-1] INFO  server.RaftServerConfigKeys (ConfUtils.java:logGet(44)) - raft.server.notification.no-leader.timeout = 300000ms (custom)
2022-03-02 21:33:22,141 [pool-696-thread-1] INFO  server.RaftServerConfigKeys (ConfUtils.java:logGet(44)) - raft.server.log.use.memory = false (default)
2022-03-02 21:33:22,141 [pool-696-thread-1] INFO  server.RaftServerConfigKeys (ConfUtils.java:logGet(44)) - raft.server.log.purge.gap = 1000000 (custom)
2022-03-02 21:33:22,141 [pool-696-thread-1] INFO  server.RaftServerConfigKeys (ConfUtils.java:logGet(44)) - raft.server.log.appender.buffer.byte-limit = 33554432 (custom)
2022-03-02 21:33:22,141 [pool-696-thread-1] INFO  server.RaftServerConfigKeys (ConfUtils.java:logGet(44)) - raft.server.log.segment.size.max = 1048576 (custom)
2022-03-02 21:33:22,142 [pool-696-thread-1] INFO  server.RaftServerConfigKeys (ConfUtils.java:logGet(44)) - raft.server.log.segment.cache.num.max = 2 (custom)
2022-03-02 21:33:22,142 [pool-696-thread-1] INFO  server.RaftServerConfigKeys (ConfUtils.java:logGet(44)) - raft.server.log.segment.cache.size.max = 200MB (=209715200) (default)
2022-03-02 21:33:22,142 [pool-696-thread-1] INFO  segmented.SegmentedRaftLogWorker (SegmentedRaftLogWorker.java:<init>(182)) - new ff1229b5-7bf6-42b1-a70d-3d6d5a94de90@group-F48392E64407-SegmentedRaftLogWorker for RaftStorageImpl:Storage Directory /home/runner/work/ozone/ozone/hadoop-ozone/integration-test/target/test-dir/MiniOzoneClusterImpl-f745d883-409d-4598-9a00-e779d9019c18/datanode-5/data/ratis/05406b00-ca93-4bb6-90f5-f48392e64407
2022-03-02 21:33:22,142 [pool-696-thread-1] INFO  server.RaftServerConfigKeys (ConfUtils.java:logGet(44)) - raft.server.log.queue.byte-limit = 4294967296 (custom)
2022-03-02 21:33:22,142 [pool-696-thread-1] INFO  server.RaftServerConfigKeys (ConfUtils.java:logGet(44)) - raft.server.log.queue.element-limit = 1024 (custom)
2022-03-02 21:33:22,142 [pool-696-thread-1] INFO  server.RaftServerConfigKeys (ConfUtils.java:logGet(44)) - raft.server.log.segment.size.max = 1048576 (custom)
2022-03-02 21:33:22,142 [pool-696-thread-1] INFO  server.RaftServerConfigKeys (ConfUtils.java:logGet(44)) - raft.server.log.preallocated.size = 16384 (custom)
2022-03-02 21:33:22,142 [pool-696-thread-1] INFO  server.RaftServerConfigKeys (ConfUtils.java:logGet(44)) - raft.server.log.force.sync.num = 128 (default)
2022-03-02 21:33:22,142 [pool-696-thread-1] INFO  server.RaftServerConfigKeys (ConfUtils.java:logGet(44)) - raft.server.log.statemachine.data.sync = true (default)
2022-03-02 21:33:22,142 [pool-696-thread-1] INFO  server.RaftServerConfigKeys (ConfUtils.java:logGet(44)) - raft.server.log.statemachine.data.sync.timeout = 10s (default)
2022-03-02 21:33:22,142 [pool-696-thread-1] INFO  server.RaftServerConfigKeys (ConfUtils.java:logGet(44)) - raft.server.log.statemachine.data.sync.timeout.retry = -1 (default)
2022-03-02 21:33:22,142 [pool-675-thread-1] INFO  util.JmxRegister (JmxRegister.java:tryRegister(44)) - Successfully registered JMX Bean with object name Ratis:service=RaftServer,group=group-4852EC3216F1,id=39d9f1c0-7130-4277-8a35-add537f65258
2022-03-02 21:33:22,143 [Command processor thread] INFO  ratis.XceiverServerRatis (XceiverServerRatis.java:addGroup(769)) - Created group PipelineID=3c063f8f-7428-4df5-839f-4852ec3216f1
2022-03-02 21:33:22,143 [Command processor thread] INFO  commandhandler.CreatePipelineCommandHandler (CreatePipelineCommandHandler.java:handle(106)) - Created Pipeline RATIS ONE PipelineID=3c063f8f-7428-4df5-839f-4852ec3216f1.
2022-03-02 21:33:22,143 [Command processor thread] INFO  server.RaftServer (RaftServerProxy.java:addNew(95)) - 39d9f1c0-7130-4277-8a35-add537f65258: addNew group-F48392E64407:[269e0ee6-c833-446d-a842-94c77dd867fd|rpc:10.1.0.35:35541|priority:0, 39d9f1c0-7130-4277-8a35-add537f65258|rpc:10.1.0.35:33025|priority:0, ff1229b5-7bf6-42b1-a70d-3d6d5a94de90|rpc:10.1.0.35:32847|priority:1] returns group-F48392E64407:java.util.concurrent.CompletableFuture@2196ee65[Not completed]
2022-03-02 21:33:22,144 [pool-675-thread-1] INFO  server.RaftServer$Division (RaftServerImpl.java:<init>(184)) - 39d9f1c0-7130-4277-8a35-add537f65258: new RaftServerImpl for group-F48392E64407:[269e0ee6-c833-446d-a842-94c77dd867fd|rpc:10.1.0.35:35541|priority:0, 39d9f1c0-7130-4277-8a35-add537f65258|rpc:10.1.0.35:33025|priority:0, ff1229b5-7bf6-42b1-a70d-3d6d5a94de90|rpc:10.1.0.35:32847|priority:1] with ContainerStateMachine:uninitialized
2022-03-02 21:33:22,144 [pool-675-thread-1] INFO  server.RaftServerConfigKeys (ConfUtils.java:logGet(44)) - raft.server.rpc.timeout.min = 5s (custom)
2022-03-02 21:33:22,144 [pool-675-thread-1] INFO  server.RaftServerConfigKeys (ConfUtils.java:logGet(44)) - raft.server.rpc.timeout.max = 5200ms (custom)
2022-03-02 21:33:22,144 [pool-675-thread-1] INFO  server.RaftServerConfigKeys (ConfUtils.java:logGet(44)) - raft.server.rpc.sleep.time = 25ms (default)
2022-03-02 21:33:22,144 [pool-675-thread-1] INFO  server.RaftServerConfigKeys (ConfUtils.java:logGet(44)) - raft.server.rpc.slowness.timeout = 300000ms (custom)
2022-03-02 21:33:22,144 [pool-675-thread-1] INFO  server.RaftServerConfigKeys (ConfUtils.java:logGet(44)) - raft.server.leaderelection.leader.step-down.wait-time = 10s (default)
2022-03-02 21:33:22,144 [pool-675-thread-1] INFO  server.RaftServerConfigKeys (ConfUtils.java:logGet(44)) - raft.server.sleep.deviation.threshold = 300ms (default)
2022-03-02 21:33:22,144 [pool-675-thread-1] INFO  server.RaftServerConfigKeys (ConfUtils.java:logGet(44)) - raft.server.log.appender.install.snapshot.enabled = false (custom)
2022-03-02 21:33:22,144 [pool-675-thread-1] INFO  server.RaftServer$Division (ServerState.java:<init>(105)) - 39d9f1c0-7130-4277-8a35-add537f65258@group-F48392E64407: ConfigurationManager, init=-1: [269e0ee6-c833-446d-a842-94c77dd867fd|rpc:10.1.0.35:35541|priority:0, 39d9f1c0-7130-4277-8a35-add537f65258|rpc:10.1.0.35:33025|priority:0, ff1229b5-7bf6-42b1-a70d-3d6d5a94de90|rpc:10.1.0.35:32847|priority:1], old=null, confs=<EMPTY_MAP>
2022-03-02 21:33:22,144 [pool-675-thread-1] INFO  server.RaftServerConfigKeys (ConfUtils.java:logGet(44)) - raft.server.storage.dir = [/home/runner/work/ozone/ozone/hadoop-ozone/integration-test/target/test-dir/MiniOzoneClusterImpl-f745d883-409d-4598-9a00-e779d9019c18/datanode-4/data/ratis] (custom)
2022-03-02 21:33:22,144 [pool-675-thread-1] INFO  server.RaftServerConfigKeys (ConfUtils.java:logGet(44)) - raft.server.log.corruption.policy = EXCEPTION (default)
2022-03-02 21:33:22,144 [pool-675-thread-1] INFO  server.RaftServerConfigKeys (ConfUtils.java:logGet(44)) - raft.server.storage.free-space.min = 0MB (=0) (default)
2022-03-02 21:33:22,144 [pool-675-thread-1] INFO  storage.RaftStorageDirectory (RaftStorageDirectoryImpl.java:analyzeStorage(135)) - The storage directory /home/runner/work/ozone/ozone/hadoop-ozone/integration-test/target/test-dir/MiniOzoneClusterImpl-f745d883-409d-4598-9a00-e779d9019c18/datanode-4/data/ratis/05406b00-ca93-4bb6-90f5-f48392e64407 does not exist. Creating ...
2022-03-02 21:33:22,146 [pool-675-thread-1] INFO  storage.RaftStorageDirectory (RaftStorageDirectoryImpl.java:tryLock(230)) - Lock on /home/runner/work/ozone/ozone/hadoop-ozone/integration-test/target/test-dir/MiniOzoneClusterImpl-f745d883-409d-4598-9a00-e779d9019c18/datanode-4/data/ratis/05406b00-ca93-4bb6-90f5-f48392e64407/in_use.lock acquired by nodename 22518@fv-az294-754
2022-03-02 21:33:22,147 [pool-696-thread-1] INFO  server.RaftServerConfigKeys (ConfUtils.java:logGet(44)) - raft.server.log.write.buffer.size = 1048576 (custom)
2022-03-02 21:33:22,147 [pool-696-thread-1] INFO  server.RaftServerConfigKeys (ConfUtils.java:logGet(44)) - raft.server.log.statemachine.data.caching.enabled = true (custom)
2022-03-02 21:33:22,147 [pool-696-thread-1] INFO  segmented.SegmentedRaftLogWorker (SegmentedRaftLogWorker.java:lambda$new$0(133)) - ff1229b5-7bf6-42b1-a70d-3d6d5a94de90@group-F48392E64407-SegmentedRaftLogWorker: flushIndex: setUnconditionally 0 -> -1
2022-03-02 21:33:22,147 [pool-696-thread-1] INFO  segmented.SegmentedRaftLogWorker (SegmentedRaftLogWorker.java:lambda$new$0(133)) - ff1229b5-7bf6-42b1-a70d-3d6d5a94de90@group-F48392E64407-SegmentedRaftLogWorker: safeCacheEvictIndex: setUnconditionally 0 -> -1
2022-03-02 21:33:22,155 [pool-696-thread-1] INFO  server.RaftServerConfigKeys (ConfUtils.java:logGet(44)) - raft.server.snapshot.auto.trigger.enabled = true (custom)
2022-03-02 21:33:22,155 [pool-696-thread-1] INFO  server.RaftServerConfigKeys (ConfUtils.java:logGet(44)) - raft.server.snapshot.auto.trigger.threshold = 10000 (custom)
2022-03-02 21:33:22,155 [pool-696-thread-1] INFO  server.RaftServerConfigKeys (ConfUtils.java:logGet(44)) - raft.server.snapshot.retention.file.num = 5 (custom)
2022-03-02 21:33:22,155 [pool-696-thread-1] INFO  server.RaftServerConfigKeys (ConfUtils.java:logGet(44)) - raft.server.log.purge.upto.snapshot.index = false (default)
2022-03-02 21:33:22,155 [pool-696-thread-1] INFO  server.RaftServerConfigKeys (ConfUtils.java:logGet(44)) - raft.server.retrycache.expirytime = 600000ms (custom)
2022-03-02 21:33:22,155 [pool-696-thread-1] INFO  server.RaftServerConfigKeys (ConfUtils.java:logGet(44)) - raft.server.retrycache.statistics.expirytime = 100μs (default)
2022-03-02 21:33:22,156 [pool-696-thread-1] INFO  server.RaftServer$Division (RaftServerImpl.java:start(301)) - ff1229b5-7bf6-42b1-a70d-3d6d5a94de90@group-F48392E64407: start as a follower, conf=-1: [269e0ee6-c833-446d-a842-94c77dd867fd|rpc:10.1.0.35:35541|dataStream:|priority:0, 39d9f1c0-7130-4277-8a35-add537f65258|rpc:10.1.0.35:33025|dataStream:|priority:0, ff1229b5-7bf6-42b1-a70d-3d6d5a94de90|rpc:10.1.0.35:32847|dataStream:|priority:1], old=null
2022-03-02 21:33:22,156 [pool-696-thread-1] INFO  server.RaftServer$Division (RaftServerImpl.java:setRole(290)) - ff1229b5-7bf6-42b1-a70d-3d6d5a94de90@group-F48392E64407: changes role from      null to FOLLOWER at term 0 for startAsFollower
2022-03-02 21:33:22,156 [pool-696-thread-1] INFO  impl.RoleInfo (RoleInfo.java:updateAndGet(130)) - ff1229b5-7bf6-42b1-a70d-3d6d5a94de90: start ff1229b5-7bf6-42b1-a70d-3d6d5a94de90@group-F48392E64407-FollowerState
2022-03-02 21:33:22,159 [pool-696-thread-1] INFO  util.JmxRegister (JmxRegister.java:tryRegister(44)) - Successfully registered JMX Bean with object name Ratis:service=RaftServer,group=group-F48392E64407,id=ff1229b5-7bf6-42b1-a70d-3d6d5a94de90
2022-03-02 21:33:22,165 [pool-675-thread-1] INFO  storage.RaftStorage (RaftStorageImpl.java:format(89)) - Storage directory /home/runner/work/ozone/ozone/hadoop-ozone/integration-test/target/test-dir/MiniOzoneClusterImpl-f745d883-409d-4598-9a00-e779d9019c18/datanode-4/data/ratis/05406b00-ca93-4bb6-90f5-f48392e64407 has been successfully formatted.
2022-03-02 21:33:22,170 [pool-675-thread-1] INFO  ratis.ContainerStateMachine (ContainerStateMachine.java:loadSnapshot(236)) - group-F48392E64407: The snapshot info is null. Setting the last applied indexto:(t:0, i:~)
2022-03-02 21:33:22,170 [pool-675-thread-1] INFO  server.RaftServerConfigKeys (ConfUtils.java:logGet(44)) - raft.server.notification.no-leader.timeout = 300000ms (custom)
2022-03-02 21:33:22,170 [pool-675-thread-1] INFO  server.RaftServerConfigKeys (ConfUtils.java:logGet(44)) - raft.server.log.use.memory = false (default)
2022-03-02 21:33:22,170 [pool-675-thread-1] INFO  server.RaftServerConfigKeys (ConfUtils.java:logGet(44)) - raft.server.log.purge.gap = 1000000 (custom)
2022-03-02 21:33:22,170 [pool-675-thread-1] INFO  server.RaftServerConfigKeys (ConfUtils.java:logGet(44)) - raft.server.log.appender.buffer.byte-limit = 33554432 (custom)
2022-03-02 21:33:22,171 [pool-675-thread-1] INFO  server.RaftServerConfigKeys (ConfUtils.java:logGet(44)) - raft.server.log.segment.size.max = 1048576 (custom)
2022-03-02 21:33:22,179 [EventQueue-OpenPipelineForHealthyPipelineSafeModeRule] INFO  safemode.SCMSafeModeManager (HealthyPipelineSafeModeRule.java:process(124)) - SCM in safe mode. Healthy pipelines reported count is 0, required healthy pipeline reported count is 1
2022-03-02 21:33:22,180 [pool-675-thread-1] INFO  server.RaftServerConfigKeys (ConfUtils.java:logGet(44)) - raft.server.log.segment.cache.num.max = 2 (custom)
2022-03-02 21:33:22,180 [pool-675-thread-1] INFO  server.RaftServerConfigKeys (ConfUtils.java:logGet(44)) - raft.server.log.segment.cache.size.max = 200MB (=209715200) (default)
2022-03-02 21:33:22,180 [pool-675-thread-1] INFO  segmented.SegmentedRaftLogWorker (SegmentedRaftLogWorker.java:<init>(182)) - new 39d9f1c0-7130-4277-8a35-add537f65258@group-F48392E64407-SegmentedRaftLogWorker for RaftStorageImpl:Storage Directory /home/runner/work/ozone/ozone/hadoop-ozone/integration-test/target/test-dir/MiniOzoneClusterImpl-f745d883-409d-4598-9a00-e779d9019c18/datanode-4/data/ratis/05406b00-ca93-4bb6-90f5-f48392e64407
2022-03-02 21:33:22,180 [pool-675-thread-1] INFO  server.RaftServerConfigKeys (ConfUtils.java:logGet(44)) - raft.server.log.queue.byte-limit = 4294967296 (custom)
2022-03-02 21:33:22,180 [pool-675-thread-1] INFO  server.RaftServerConfigKeys (ConfUtils.java:logGet(44)) - raft.server.log.queue.element-limit = 1024 (custom)
2022-03-02 21:33:22,180 [pool-675-thread-1] INFO  server.RaftServerConfigKeys (ConfUtils.java:logGet(44)) - raft.server.log.segment.size.max = 1048576 (custom)
2022-03-02 21:33:22,180 [pool-675-thread-1] INFO  server.RaftServerConfigKeys (ConfUtils.java:logGet(44)) - raft.server.log.preallocated.size = 16384 (custom)
2022-03-02 21:33:22,180 [pool-675-thread-1] INFO  server.RaftServerConfigKeys (ConfUtils.java:logGet(44)) - raft.server.log.force.sync.num = 128 (default)
2022-03-02 21:33:22,180 [pool-675-thread-1] INFO  server.RaftServerConfigKeys (ConfUtils.java:logGet(44)) - raft.server.log.statemachine.data.sync = true (default)
2022-03-02 21:33:22,180 [pool-675-thread-1] INFO  server.RaftServerConfigKeys (ConfUtils.java:logGet(44)) - raft.server.log.statemachine.data.sync.timeout = 10s (default)
2022-03-02 21:33:22,180 [pool-675-thread-1] INFO  server.RaftServerConfigKeys (ConfUtils.java:logGet(44)) - raft.server.log.statemachine.data.sync.timeout.retry = -1 (default)
2022-03-02 21:33:22,181 [pool-675-thread-1] INFO  server.RaftServerConfigKeys (ConfUtils.java:logGet(44)) - raft.server.log.write.buffer.size = 1048576 (custom)
2022-03-02 21:33:22,182 [pool-675-thread-1] INFO  server.RaftServerConfigKeys (ConfUtils.java:logGet(44)) - raft.server.log.statemachine.data.caching.enabled = true (custom)
2022-03-02 21:33:22,182 [pool-675-thread-1] INFO  segmented.SegmentedRaftLogWorker (SegmentedRaftLogWorker.java:lambda$new$0(133)) - 39d9f1c0-7130-4277-8a35-add537f65258@group-F48392E64407-SegmentedRaftLogWorker: flushIndex: setUnconditionally 0 -> -1
2022-03-02 21:33:22,182 [pool-675-thread-1] INFO  segmented.SegmentedRaftLogWorker (SegmentedRaftLogWorker.java:lambda$new$0(133)) - 39d9f1c0-7130-4277-8a35-add537f65258@group-F48392E64407-SegmentedRaftLogWorker: safeCacheEvictIndex: setUnconditionally 0 -> -1
2022-03-02 21:33:22,213 [pool-675-thread-1] INFO  server.RaftServerConfigKeys (ConfUtils.java:logGet(44)) - raft.server.snapshot.auto.trigger.enabled = true (custom)
2022-03-02 21:33:22,213 [pool-675-thread-1] INFO  server.RaftServerConfigKeys (ConfUtils.java:logGet(44)) - raft.server.snapshot.auto.trigger.threshold = 10000 (custom)
2022-03-02 21:33:22,214 [pool-675-thread-1] INFO  server.RaftServerConfigKeys (ConfUtils.java:logGet(44)) - raft.server.snapshot.retention.file.num = 5 (custom)
2022-03-02 21:33:22,214 [pool-675-thread-1] INFO  server.RaftServerConfigKeys (ConfUtils.java:logGet(44)) - raft.server.log.purge.upto.snapshot.index = false (default)
2022-03-02 21:33:22,214 [pool-675-thread-1] INFO  server.RaftServerConfigKeys (ConfUtils.java:logGet(44)) - raft.server.retrycache.expirytime = 600000ms (custom)
2022-03-02 21:33:22,214 [pool-675-thread-1] INFO  server.RaftServerConfigKeys (ConfUtils.java:logGet(44)) - raft.server.retrycache.statistics.expirytime = 100μs (default)
2022-03-02 21:33:22,215 [pool-675-thread-1] INFO  server.RaftServer$Division (RaftServerImpl.java:start(301)) - 39d9f1c0-7130-4277-8a35-add537f65258@group-F48392E64407: start as a follower, conf=-1: [269e0ee6-c833-446d-a842-94c77dd867fd|rpc:10.1.0.35:35541|priority:0, 39d9f1c0-7130-4277-8a35-add537f65258|rpc:10.1.0.35:33025|priority:0, ff1229b5-7bf6-42b1-a70d-3d6d5a94de90|rpc:10.1.0.35:32847|priority:1], old=null
2022-03-02 21:33:22,215 [pool-675-thread-1] INFO  server.RaftServer$Division (RaftServerImpl.java:setRole(290)) - 39d9f1c0-7130-4277-8a35-add537f65258@group-F48392E64407: changes role from      null to FOLLOWER at term 0 for startAsFollower
2022-03-02 21:33:22,215 [pool-675-thread-1] INFO  impl.RoleInfo (RoleInfo.java:updateAndGet(130)) - 39d9f1c0-7130-4277-8a35-add537f65258: start 39d9f1c0-7130-4277-8a35-add537f65258@group-F48392E64407-FollowerState
2022-03-02 21:33:22,226 [pool-675-thread-1] INFO  util.JmxRegister (JmxRegister.java:tryRegister(44)) - Successfully registered JMX Bean with object name Ratis:service=RaftServer,group=group-F48392E64407,id=39d9f1c0-7130-4277-8a35-add537f65258
2022-03-02 21:33:22,234 [Command processor thread] INFO  ratis.XceiverServerRatis (XceiverServerRatis.java:addGroup(769)) - Created group PipelineID=05406b00-ca93-4bb6-90f5-f48392e64407
2022-03-02 21:33:22,346 [Listener at 127.0.0.1/33667] INFO  ozone.MiniOzoneClusterImpl (MiniOzoneClusterImpl.java:lambda$waitForClusterToBeReady$0(219)) - Nodes are ready. Got 7 of 7 DN Heartbeats.
2022-03-02 21:33:22,346 [Listener at 127.0.0.1/33667] INFO  ozone.MiniOzoneClusterImpl (MiniOzoneClusterImpl.java:lambda$waitForClusterToBeReady$0(222)) - Waiting for cluster to exit safe mode
2022-03-02 21:33:22,346 [Listener at 127.0.0.1/33667] INFO  ozone.MiniOzoneClusterImpl (MiniOzoneClusterImpl.java:lambda$waitForClusterToBeReady$0(224)) - SCM became leader
2022-03-02 21:33:22,396 [Command processor thread] INFO  commandhandler.CreatePipelineCommandHandler (CreatePipelineCommandHandler.java:handle(106)) - Created Pipeline RATIS THREE PipelineID=05406b00-ca93-4bb6-90f5-f48392e64407.
2022-03-02 21:33:22,396 [Command processor thread] INFO  server.RaftServer (RaftServerProxy.java:addNew(95)) - 269e0ee6-c833-446d-a842-94c77dd867fd: addNew group-B508C26EB33E:[269e0ee6-c833-446d-a842-94c77dd867fd|rpc:10.1.0.35:35541|priority:1, 39d9f1c0-7130-4277-8a35-add537f65258|rpc:10.1.0.35:33025|priority:0, ff1229b5-7bf6-42b1-a70d-3d6d5a94de90|rpc:10.1.0.35:32847|priority:0] returns group-B508C26EB33E:java.util.concurrent.CompletableFuture@590e6b1f[Not completed]
2022-03-02 21:33:22,396 [pool-654-thread-1] INFO  server.RaftServer$Division (RaftServerImpl.java:<init>(184)) - 269e0ee6-c833-446d-a842-94c77dd867fd: new RaftServerImpl for group-B508C26EB33E:[269e0ee6-c833-446d-a842-94c77dd867fd|rpc:10.1.0.35:35541|priority:1, 39d9f1c0-7130-4277-8a35-add537f65258|rpc:10.1.0.35:33025|priority:0, ff1229b5-7bf6-42b1-a70d-3d6d5a94de90|rpc:10.1.0.35:32847|priority:0] with ContainerStateMachine:uninitialized
2022-03-02 21:33:22,397 [pool-654-thread-1] INFO  server.RaftServerConfigKeys (ConfUtils.java:logGet(44)) - raft.server.rpc.timeout.min = 5s (custom)
2022-03-02 21:33:22,397 [pool-654-thread-1] INFO  server.RaftServerConfigKeys (ConfUtils.java:logGet(44)) - raft.server.rpc.timeout.max = 5200ms (custom)
2022-03-02 21:33:22,397 [pool-654-thread-1] INFO  server.RaftServerConfigKeys (ConfUtils.java:logGet(44)) - raft.server.rpc.sleep.time = 25ms (default)
2022-03-02 21:33:22,397 [pool-654-thread-1] INFO  server.RaftServerConfigKeys (ConfUtils.java:logGet(44)) - raft.server.rpc.slowness.timeout = 300000ms (custom)
2022-03-02 21:33:22,397 [pool-654-thread-1] INFO  server.RaftServerConfigKeys (ConfUtils.java:logGet(44)) - raft.server.leaderelection.leader.step-down.wait-time = 10s (default)
2022-03-02 21:33:22,397 [pool-654-thread-1] INFO  server.RaftServerConfigKeys (ConfUtils.java:logGet(44)) - raft.server.sleep.deviation.threshold = 300ms (default)
2022-03-02 21:33:22,397 [pool-654-thread-1] INFO  server.RaftServerConfigKeys (ConfUtils.java:logGet(44)) - raft.server.log.appender.install.snapshot.enabled = false (custom)
2022-03-02 21:33:22,397 [pool-654-thread-1] INFO  server.RaftServer$Division (ServerState.java:<init>(105)) - 269e0ee6-c833-446d-a842-94c77dd867fd@group-B508C26EB33E: ConfigurationManager, init=-1: [269e0ee6-c833-446d-a842-94c77dd867fd|rpc:10.1.0.35:35541|priority:1, 39d9f1c0-7130-4277-8a35-add537f65258|rpc:10.1.0.35:33025|priority:0, ff1229b5-7bf6-42b1-a70d-3d6d5a94de90|rpc:10.1.0.35:32847|priority:0], old=null, confs=<EMPTY_MAP>
2022-03-02 21:33:22,397 [pool-654-thread-1] INFO  server.RaftServerConfigKeys (ConfUtils.java:logGet(44)) - raft.server.storage.dir = [/home/runner/work/ozone/ozone/hadoop-ozone/integration-test/target/test-dir/MiniOzoneClusterImpl-f745d883-409d-4598-9a00-e779d9019c18/datanode-3/data/ratis] (custom)
2022-03-02 21:33:22,397 [pool-654-thread-1] INFO  server.RaftServerConfigKeys (ConfUtils.java:logGet(44)) - raft.server.log.corruption.policy = EXCEPTION (default)
2022-03-02 21:33:22,397 [pool-654-thread-1] INFO  server.RaftServerConfigKeys (ConfUtils.java:logGet(44)) - raft.server.storage.free-space.min = 0MB (=0) (default)
2022-03-02 21:33:22,397 [pool-654-thread-1] INFO  storage.RaftStorageDirectory (RaftStorageDirectoryImpl.java:analyzeStorage(135)) - The storage directory /home/runner/work/ozone/ozone/hadoop-ozone/integration-test/target/test-dir/MiniOzoneClusterImpl-f745d883-409d-4598-9a00-e779d9019c18/datanode-3/data/ratis/a3d558d9-1de6-4c21-bf95-b508c26eb33e does not exist. Creating ...
2022-03-02 21:33:22,443 [pool-654-thread-1] INFO  storage.RaftStorageDirectory (RaftStorageDirectoryImpl.java:tryLock(230)) - Lock on /home/runner/work/ozone/ozone/hadoop-ozone/integration-test/target/test-dir/MiniOzoneClusterImpl-f745d883-409d-4598-9a00-e779d9019c18/datanode-3/data/ratis/a3d558d9-1de6-4c21-bf95-b508c26eb33e/in_use.lock acquired by nodename 22518@fv-az294-754
2022-03-02 21:33:22,449 [pool-654-thread-1] INFO  storage.RaftStorage (RaftStorageImpl.java:format(89)) - Storage directory /home/runner/work/ozone/ozone/hadoop-ozone/integration-test/target/test-dir/MiniOzoneClusterImpl-f745d883-409d-4598-9a00-e779d9019c18/datanode-3/data/ratis/a3d558d9-1de6-4c21-bf95-b508c26eb33e has been successfully formatted.
2022-03-02 21:33:22,449 [pool-654-thread-1] INFO  ratis.ContainerStateMachine (ContainerStateMachine.java:loadSnapshot(236)) - group-B508C26EB33E: The snapshot info is null. Setting the last applied indexto:(t:0, i:~)
2022-03-02 21:33:22,449 [pool-654-thread-1] INFO  server.RaftServerConfigKeys (ConfUtils.java:logGet(44)) - raft.server.notification.no-leader.timeout = 300000ms (custom)
2022-03-02 21:33:22,449 [pool-654-thread-1] INFO  server.RaftServerConfigKeys (ConfUtils.java:logGet(44)) - raft.server.log.use.memory = false (default)
2022-03-02 21:33:22,449 [pool-654-thread-1] INFO  server.RaftServerConfigKeys (ConfUtils.java:logGet(44)) - raft.server.log.purge.gap = 1000000 (custom)
2022-03-02 21:33:22,449 [pool-654-thread-1] INFO  server.RaftServerConfigKeys (ConfUtils.java:logGet(44)) - raft.server.log.appender.buffer.byte-limit = 33554432 (custom)
2022-03-02 21:33:22,449 [pool-654-thread-1] INFO  server.RaftServerConfigKeys (ConfUtils.java:logGet(44)) - raft.server.log.segment.size.max = 1048576 (custom)
2022-03-02 21:33:22,450 [pool-654-thread-1] INFO  server.RaftServerConfigKeys (ConfUtils.java:logGet(44)) - raft.server.log.segment.cache.num.max = 2 (custom)
2022-03-02 21:33:22,450 [pool-654-thread-1] INFO  server.RaftServerConfigKeys (ConfUtils.java:logGet(44)) - raft.server.log.segment.cache.size.max = 200MB (=209715200) (default)
2022-03-02 21:33:22,450 [pool-654-thread-1] INFO  segmented.SegmentedRaftLogWorker (SegmentedRaftLogWorker.java:<init>(182)) - new 269e0ee6-c833-446d-a842-94c77dd867fd@group-B508C26EB33E-SegmentedRaftLogWorker for RaftStorageImpl:Storage Directory /home/runner/work/ozone/ozone/hadoop-ozone/integration-test/target/test-dir/MiniOzoneClusterImpl-f745d883-409d-4598-9a00-e779d9019c18/datanode-3/data/ratis/a3d558d9-1de6-4c21-bf95-b508c26eb33e
2022-03-02 21:33:22,450 [pool-654-thread-1] INFO  server.RaftServerConfigKeys (ConfUtils.java:logGet(44)) - raft.server.log.queue.byte-limit = 4294967296 (custom)
2022-03-02 21:33:22,450 [pool-654-thread-1] INFO  server.RaftServerConfigKeys (ConfUtils.java:logGet(44)) - raft.server.log.queue.element-limit = 1024 (custom)
2022-03-02 21:33:22,450 [pool-654-thread-1] INFO  server.RaftServerConfigKeys (ConfUtils.java:logGet(44)) - raft.server.log.segment.size.max = 1048576 (custom)
2022-03-02 21:33:22,450 [pool-654-thread-1] INFO  server.RaftServerConfigKeys (ConfUtils.java:logGet(44)) - raft.server.log.preallocated.size = 16384 (custom)
2022-03-02 21:33:22,450 [pool-654-thread-1] INFO  server.RaftServerConfigKeys (ConfUtils.java:logGet(44)) - raft.server.log.force.sync.num = 128 (default)
2022-03-02 21:33:22,450 [pool-654-thread-1] INFO  server.RaftServerConfigKeys (ConfUtils.java:logGet(44)) - raft.server.log.statemachine.data.sync = true (default)
2022-03-02 21:33:22,450 [pool-654-thread-1] INFO  server.RaftServerConfigKeys (ConfUtils.java:logGet(44)) - raft.server.log.statemachine.data.sync.timeout = 10s (default)
2022-03-02 21:33:22,450 [pool-654-thread-1] INFO  server.RaftServerConfigKeys (ConfUtils.java:logGet(44)) - raft.server.log.statemachine.data.sync.timeout.retry = -1 (default)
2022-03-02 21:33:22,451 [pool-654-thread-1] INFO  server.RaftServerConfigKeys (ConfUtils.java:logGet(44)) - raft.server.log.write.buffer.size = 1048576 (custom)
2022-03-02 21:33:22,451 [pool-654-thread-1] INFO  server.RaftServerConfigKeys (ConfUtils.java:logGet(44)) - raft.server.log.statemachine.data.caching.enabled = true (custom)
2022-03-02 21:33:22,452 [pool-654-thread-1] INFO  segmented.SegmentedRaftLogWorker (SegmentedRaftLogWorker.java:lambda$new$0(133)) - 269e0ee6-c833-446d-a842-94c77dd867fd@group-B508C26EB33E-SegmentedRaftLogWorker: flushIndex: setUnconditionally 0 -> -1
2022-03-02 21:33:22,452 [pool-654-thread-1] INFO  segmented.SegmentedRaftLogWorker (SegmentedRaftLogWorker.java:lambda$new$0(133)) - 269e0ee6-c833-446d-a842-94c77dd867fd@group-B508C26EB33E-SegmentedRaftLogWorker: safeCacheEvictIndex: setUnconditionally 0 -> -1
2022-03-02 21:33:22,464 [EventQueue-OpenPipelineForHealthyPipelineSafeModeRule] INFO  safemode.SCMSafeModeManager (HealthyPipelineSafeModeRule.java:process(124)) - SCM in safe mode. Healthy pipelines reported count is 0, required healthy pipeline reported count is 1
2022-03-02 21:33:22,513 [Command processor thread] INFO  commandhandler.CreatePipelineCommandHandler (CreatePipelineCommandHandler.java:handle(106)) - Created Pipeline RATIS THREE PipelineID=05406b00-ca93-4bb6-90f5-f48392e64407.
2022-03-02 21:33:22,519 [pool-654-thread-1] INFO  server.RaftServerConfigKeys (ConfUtils.java:logGet(44)) - raft.server.snapshot.auto.trigger.enabled = true (custom)
2022-03-02 21:33:22,519 [pool-654-thread-1] INFO  server.RaftServerConfigKeys (ConfUtils.java:logGet(44)) - raft.server.snapshot.auto.trigger.threshold = 10000 (custom)
2022-03-02 21:33:22,519 [pool-654-thread-1] INFO  server.RaftServerConfigKeys (ConfUtils.java:logGet(44)) - raft.server.snapshot.retention.file.num = 5 (custom)
2022-03-02 21:33:22,519 [pool-654-thread-1] INFO  server.RaftServerConfigKeys (ConfUtils.java:logGet(44)) - raft.server.log.purge.upto.snapshot.index = false (default)
2022-03-02 21:33:22,519 [pool-654-thread-1] INFO  server.RaftServerConfigKeys (ConfUtils.java:logGet(44)) - raft.server.retrycache.expirytime = 600000ms (custom)
2022-03-02 21:33:22,519 [pool-654-thread-1] INFO  server.RaftServerConfigKeys (ConfUtils.java:logGet(44)) - raft.server.retrycache.statistics.expirytime = 100μs (default)
2022-03-02 21:33:22,520 [pool-654-thread-1] INFO  server.RaftServer$Division (RaftServerImpl.java:start(301)) - 269e0ee6-c833-446d-a842-94c77dd867fd@group-B508C26EB33E: start as a follower, conf=-1: [269e0ee6-c833-446d-a842-94c77dd867fd|rpc:10.1.0.35:35541|priority:1, 39d9f1c0-7130-4277-8a35-add537f65258|rpc:10.1.0.35:33025|priority:0, ff1229b5-7bf6-42b1-a70d-3d6d5a94de90|rpc:10.1.0.35:32847|priority:0], old=null
2022-03-02 21:33:22,520 [pool-654-thread-1] INFO  server.RaftServer$Division (RaftServerImpl.java:setRole(290)) - 269e0ee6-c833-446d-a842-94c77dd867fd@group-B508C26EB33E: changes role from      null to FOLLOWER at term 0 for startAsFollower
2022-03-02 21:33:22,520 [pool-654-thread-1] INFO  impl.RoleInfo (RoleInfo.java:updateAndGet(130)) - 269e0ee6-c833-446d-a842-94c77dd867fd: start 269e0ee6-c833-446d-a842-94c77dd867fd@group-B508C26EB33E-FollowerState
2022-03-02 21:33:22,520 [pool-654-thread-1] INFO  util.JmxRegister (JmxRegister.java:tryRegister(44)) - Successfully registered JMX Bean with object name Ratis:service=RaftServer,group=group-B508C26EB33E,id=269e0ee6-c833-446d-a842-94c77dd867fd
2022-03-02 21:33:22,523 [Command processor thread] INFO  ratis.XceiverServerRatis (XceiverServerRatis.java:addGroup(769)) - Created group PipelineID=a3d558d9-1de6-4c21-bf95-b508c26eb33e
2022-03-02 21:33:22,531 [Command processor thread] INFO  server.RaftServer (RaftServerProxy.java:addNew(95)) - 39d9f1c0-7130-4277-8a35-add537f65258: addNew group-B508C26EB33E:[269e0ee6-c833-446d-a842-94c77dd867fd|rpc:10.1.0.35:35541|priority:1, 39d9f1c0-7130-4277-8a35-add537f65258|rpc:10.1.0.35:33025|priority:0, ff1229b5-7bf6-42b1-a70d-3d6d5a94de90|rpc:10.1.0.35:32847|priority:0] returns group-B508C26EB33E:java.util.concurrent.CompletableFuture@23f14b09[Not completed]
2022-03-02 21:33:22,532 [pool-675-thread-1] INFO  server.RaftServer$Division (RaftServerImpl.java:<init>(184)) - 39d9f1c0-7130-4277-8a35-add537f65258: new RaftServerImpl for group-B508C26EB33E:[269e0ee6-c833-446d-a842-94c77dd867fd|rpc:10.1.0.35:35541|priority:1, 39d9f1c0-7130-4277-8a35-add537f65258|rpc:10.1.0.35:33025|priority:0, ff1229b5-7bf6-42b1-a70d-3d6d5a94de90|rpc:10.1.0.35:32847|priority:0] with ContainerStateMachine:uninitialized
2022-03-02 21:33:22,532 [pool-675-thread-1] INFO  server.RaftServerConfigKeys (ConfUtils.java:logGet(44)) - raft.server.rpc.timeout.min = 5s (custom)
2022-03-02 21:33:22,532 [pool-675-thread-1] INFO  server.RaftServerConfigKeys (ConfUtils.java:logGet(44)) - raft.server.rpc.timeout.max = 5200ms (custom)
2022-03-02 21:33:22,532 [pool-675-thread-1] INFO  server.RaftServerConfigKeys (ConfUtils.java:logGet(44)) - raft.server.rpc.sleep.time = 25ms (default)
2022-03-02 21:33:22,533 [pool-675-thread-1] INFO  server.RaftServerConfigKeys (ConfUtils.java:logGet(44)) - raft.server.rpc.slowness.timeout = 300000ms (custom)
2022-03-02 21:33:22,533 [pool-675-thread-1] INFO  server.RaftServerConfigKeys (ConfUtils.java:logGet(44)) - raft.server.leaderelection.leader.step-down.wait-time = 10s (default)
2022-03-02 21:33:22,533 [pool-675-thread-1] INFO  server.RaftServerConfigKeys (ConfUtils.java:logGet(44)) - raft.server.sleep.deviation.threshold = 300ms (default)
2022-03-02 21:33:22,533 [pool-675-thread-1] INFO  server.RaftServerConfigKeys (ConfUtils.java:logGet(44)) - raft.server.log.appender.install.snapshot.enabled = false (custom)
2022-03-02 21:33:22,533 [pool-675-thread-1] INFO  server.RaftServer$Division (ServerState.java:<init>(105)) - 39d9f1c0-7130-4277-8a35-add537f65258@group-B508C26EB33E: ConfigurationManager, init=-1: [269e0ee6-c833-446d-a842-94c77dd867fd|rpc:10.1.0.35:35541|priority:1, 39d9f1c0-7130-4277-8a35-add537f65258|rpc:10.1.0.35:33025|priority:0, ff1229b5-7bf6-42b1-a70d-3d6d5a94de90|rpc:10.1.0.35:32847|priority:0], old=null, confs=<EMPTY_MAP>
2022-03-02 21:33:22,533 [pool-675-thread-1] INFO  server.RaftServerConfigKeys (ConfUtils.java:logGet(44)) - raft.server.storage.dir = [/home/runner/work/ozone/ozone/hadoop-ozone/integration-test/target/test-dir/MiniOzoneClusterImpl-f745d883-409d-4598-9a00-e779d9019c18/datanode-4/data/ratis] (custom)
2022-03-02 21:33:22,533 [pool-675-thread-1] INFO  server.RaftServerConfigKeys (ConfUtils.java:logGet(44)) - raft.server.log.corruption.policy = EXCEPTION (default)
2022-03-02 21:33:22,533 [pool-675-thread-1] INFO  server.RaftServerConfigKeys (ConfUtils.java:logGet(44)) - raft.server.storage.free-space.min = 0MB (=0) (default)
2022-03-02 21:33:22,533 [pool-675-thread-1] INFO  storage.RaftStorageDirectory (RaftStorageDirectoryImpl.java:analyzeStorage(135)) - The storage directory /home/runner/work/ozone/ozone/hadoop-ozone/integration-test/target/test-dir/MiniOzoneClusterImpl-f745d883-409d-4598-9a00-e779d9019c18/datanode-4/data/ratis/a3d558d9-1de6-4c21-bf95-b508c26eb33e does not exist. Creating ...
2022-03-02 21:33:22,539 [pool-675-thread-1] INFO  storage.RaftStorageDirectory (RaftStorageDirectoryImpl.java:tryLock(230)) - Lock on /home/runner/work/ozone/ozone/hadoop-ozone/integration-test/target/test-dir/MiniOzoneClusterImpl-f745d883-409d-4598-9a00-e779d9019c18/datanode-4/data/ratis/a3d558d9-1de6-4c21-bf95-b508c26eb33e/in_use.lock acquired by nodename 22518@fv-az294-754
2022-03-02 21:33:22,579 [pool-675-thread-1] INFO  storage.RaftStorage (RaftStorageImpl.java:format(89)) - Storage directory /home/runner/work/ozone/ozone/hadoop-ozone/integration-test/target/test-dir/MiniOzoneClusterImpl-f745d883-409d-4598-9a00-e779d9019c18/datanode-4/data/ratis/a3d558d9-1de6-4c21-bf95-b508c26eb33e has been successfully formatted.
2022-03-02 21:33:22,579 [pool-675-thread-1] INFO  ratis.ContainerStateMachine (ContainerStateMachine.java:loadSnapshot(236)) - group-B508C26EB33E: The snapshot info is null. Setting the last applied indexto:(t:0, i:~)
2022-03-02 21:33:22,579 [pool-675-thread-1] INFO  server.RaftServerConfigKeys (ConfUtils.java:logGet(44)) - raft.server.notification.no-leader.timeout = 300000ms (custom)
2022-03-02 21:33:22,579 [pool-675-thread-1] INFO  server.RaftServerConfigKeys (ConfUtils.java:logGet(44)) - raft.server.log.use.memory = false (default)
2022-03-02 21:33:22,579 [pool-675-thread-1] INFO  server.RaftServerConfigKeys (ConfUtils.java:logGet(44)) - raft.server.log.purge.gap = 1000000 (custom)
2022-03-02 21:33:22,579 [pool-675-thread-1] INFO  server.RaftServerConfigKeys (ConfUtils.java:logGet(44)) - raft.server.log.appender.buffer.byte-limit = 33554432 (custom)
2022-03-02 21:33:22,580 [pool-675-thread-1] INFO  server.RaftServerConfigKeys (ConfUtils.java:logGet(44)) - raft.server.log.segment.size.max = 1048576 (custom)
2022-03-02 21:33:22,580 [pool-675-thread-1] INFO  server.RaftServerConfigKeys (ConfUtils.java:logGet(44)) - raft.server.log.segment.cache.num.max = 2 (custom)
2022-03-02 21:33:22,580 [pool-675-thread-1] INFO  server.RaftServerConfigKeys (ConfUtils.java:logGet(44)) - raft.server.log.segment.cache.size.max = 200MB (=209715200) (default)
2022-03-02 21:33:22,580 [pool-675-thread-1] INFO  segmented.SegmentedRaftLogWorker (SegmentedRaftLogWorker.java:<init>(182)) - new 39d9f1c0-7130-4277-8a35-add537f65258@group-B508C26EB33E-SegmentedRaftLogWorker for RaftStorageImpl:Storage Directory /home/runner/work/ozone/ozone/hadoop-ozone/integration-test/target/test-dir/MiniOzoneClusterImpl-f745d883-409d-4598-9a00-e779d9019c18/datanode-4/data/ratis/a3d558d9-1de6-4c21-bf95-b508c26eb33e
2022-03-02 21:33:22,580 [pool-675-thread-1] INFO  server.RaftServerConfigKeys (ConfUtils.java:logGet(44)) - raft.server.log.queue.byte-limit = 4294967296 (custom)
2022-03-02 21:33:22,580 [pool-675-thread-1] INFO  server.RaftServerConfigKeys (ConfUtils.java:logGet(44)) - raft.server.log.queue.element-limit = 1024 (custom)
2022-03-02 21:33:22,580 [pool-675-thread-1] INFO  server.RaftServerConfigKeys (ConfUtils.java:logGet(44)) - raft.server.log.segment.size.max = 1048576 (custom)
2022-03-02 21:33:22,580 [pool-675-thread-1] INFO  server.RaftServerConfigKeys (ConfUtils.java:logGet(44)) - raft.server.log.preallocated.size = 16384 (custom)
2022-03-02 21:33:22,580 [pool-675-thread-1] INFO  server.RaftServerConfigKeys (ConfUtils.java:logGet(44)) - raft.server.log.force.sync.num = 128 (default)
2022-03-02 21:33:22,580 [pool-675-thread-1] INFO  server.RaftServerConfigKeys (ConfUtils.java:logGet(44)) - raft.server.log.statemachine.data.sync = true (default)
2022-03-02 21:33:22,580 [pool-675-thread-1] INFO  server.RaftServerConfigKeys (ConfUtils.java:logGet(44)) - raft.server.log.statemachine.data.sync.timeout = 10s (default)
2022-03-02 21:33:22,580 [pool-675-thread-1] INFO  server.RaftServerConfigKeys (ConfUtils.java:logGet(44)) - raft.server.log.statemachine.data.sync.timeout.retry = -1 (default)
2022-03-02 21:33:22,581 [pool-675-thread-1] INFO  server.RaftServerConfigKeys (ConfUtils.java:logGet(44)) - raft.server.log.write.buffer.size = 1048576 (custom)
2022-03-02 21:33:22,582 [pool-675-thread-1] INFO  server.RaftServerConfigKeys (ConfUtils.java:logGet(44)) - raft.server.log.statemachine.data.caching.enabled = true (custom)
2022-03-02 21:33:22,582 [pool-675-thread-1] INFO  segmented.SegmentedRaftLogWorker (SegmentedRaftLogWorker.java:lambda$new$0(133)) - 39d9f1c0-7130-4277-8a35-add537f65258@group-B508C26EB33E-SegmentedRaftLogWorker: flushIndex: setUnconditionally 0 -> -1
2022-03-02 21:33:22,582 [pool-675-thread-1] INFO  segmented.SegmentedRaftLogWorker (SegmentedRaftLogWorker.java:lambda$new$0(133)) - 39d9f1c0-7130-4277-8a35-add537f65258@group-B508C26EB33E-SegmentedRaftLogWorker: safeCacheEvictIndex: setUnconditionally 0 -> -1
2022-03-02 21:33:22,587 [EventQueue-OpenPipelineForHealthyPipelineSafeModeRule] INFO  safemode.SCMSafeModeManager (HealthyPipelineSafeModeRule.java:process(124)) - SCM in safe mode. Healthy pipelines reported count is 0, required healthy pipeline reported count is 1
2022-03-02 21:33:22,601 [pool-675-thread-1] INFO  server.RaftServerConfigKeys (ConfUtils.java:logGet(44)) - raft.server.snapshot.auto.trigger.enabled = true (custom)
2022-03-02 21:33:22,601 [pool-675-thread-1] INFO  server.RaftServerConfigKeys (ConfUtils.java:logGet(44)) - raft.server.snapshot.auto.trigger.threshold = 10000 (custom)
2022-03-02 21:33:22,601 [pool-675-thread-1] INFO  server.RaftServerConfigKeys (ConfUtils.java:logGet(44)) - raft.server.snapshot.retention.file.num = 5 (custom)
2022-03-02 21:33:22,601 [pool-675-thread-1] INFO  server.RaftServerConfigKeys (ConfUtils.java:logGet(44)) - raft.server.log.purge.upto.snapshot.index = false (default)
2022-03-02 21:33:22,601 [pool-675-thread-1] INFO  server.RaftServerConfigKeys (ConfUtils.java:logGet(44)) - raft.server.retrycache.expirytime = 600000ms (custom)
2022-03-02 21:33:22,601 [pool-675-thread-1] INFO  server.RaftServerConfigKeys (ConfUtils.java:logGet(44)) - raft.server.retrycache.statistics.expirytime = 100μs (default)
2022-03-02 21:33:22,602 [pool-675-thread-1] INFO  server.RaftServer$Division (RaftServerImpl.java:start(301)) - 39d9f1c0-7130-4277-8a35-add537f65258@group-B508C26EB33E: start as a follower, conf=-1: [269e0ee6-c833-446d-a842-94c77dd867fd|rpc:10.1.0.35:35541|priority:1, 39d9f1c0-7130-4277-8a35-add537f65258|rpc:10.1.0.35:33025|priority:0, ff1229b5-7bf6-42b1-a70d-3d6d5a94de90|rpc:10.1.0.35:32847|priority:0], old=null
2022-03-02 21:33:22,602 [pool-675-thread-1] INFO  server.RaftServer$Division (RaftServerImpl.java:setRole(290)) - 39d9f1c0-7130-4277-8a35-add537f65258@group-B508C26EB33E: changes role from      null to FOLLOWER at term 0 for startAsFollower
2022-03-02 21:33:22,602 [pool-675-thread-1] INFO  impl.RoleInfo (RoleInfo.java:updateAndGet(130)) - 39d9f1c0-7130-4277-8a35-add537f65258: start 39d9f1c0-7130-4277-8a35-add537f65258@group-B508C26EB33E-FollowerState
2022-03-02 21:33:22,618 [pool-675-thread-1] INFO  util.JmxRegister (JmxRegister.java:tryRegister(44)) - Successfully registered JMX Bean with object name Ratis:service=RaftServer,group=group-B508C26EB33E,id=39d9f1c0-7130-4277-8a35-add537f65258
2022-03-02 21:33:22,619 [Command processor thread] INFO  ratis.XceiverServerRatis (XceiverServerRatis.java:addGroup(769)) - Created group PipelineID=a3d558d9-1de6-4c21-bf95-b508c26eb33e
2022-03-02 21:33:22,643 [grpc-default-executor-5] INFO  server.RaftServer (RaftServerProxy.java:addNew(95)) - ff1229b5-7bf6-42b1-a70d-3d6d5a94de90: addNew group-B508C26EB33E:[269e0ee6-c833-446d-a842-94c77dd867fd|rpc:10.1.0.35:35541|dataStream:|priority:1, 39d9f1c0-7130-4277-8a35-add537f65258|rpc:10.1.0.35:33025|dataStream:|priority:0, ff1229b5-7bf6-42b1-a70d-3d6d5a94de90|rpc:10.1.0.35:32847|dataStream:|priority:0] returns group-B508C26EB33E:java.util.concurrent.CompletableFuture@406f364[Not completed]
2022-03-02 21:33:22,643 [pool-696-thread-1] INFO  server.RaftServer$Division (RaftServerImpl.java:<init>(184)) - ff1229b5-7bf6-42b1-a70d-3d6d5a94de90: new RaftServerImpl for group-B508C26EB33E:[269e0ee6-c833-446d-a842-94c77dd867fd|rpc:10.1.0.35:35541|dataStream:|priority:1, 39d9f1c0-7130-4277-8a35-add537f65258|rpc:10.1.0.35:33025|dataStream:|priority:0, ff1229b5-7bf6-42b1-a70d-3d6d5a94de90|rpc:10.1.0.35:32847|dataStream:|priority:0] with ContainerStateMachine:uninitialized
2022-03-02 21:33:22,643 [pool-696-thread-1] INFO  server.RaftServerConfigKeys (ConfUtils.java:logGet(44)) - raft.server.rpc.timeout.min = 5s (custom)
2022-03-02 21:33:22,643 [pool-696-thread-1] INFO  server.RaftServerConfigKeys (ConfUtils.java:logGet(44)) - raft.server.rpc.timeout.max = 5200ms (custom)
2022-03-02 21:33:22,643 [pool-696-thread-1] INFO  server.RaftServerConfigKeys (ConfUtils.java:logGet(44)) - raft.server.rpc.sleep.time = 25ms (default)
2022-03-02 21:33:22,643 [pool-696-thread-1] INFO  server.RaftServerConfigKeys (ConfUtils.java:logGet(44)) - raft.server.rpc.slowness.timeout = 300000ms (custom)
2022-03-02 21:33:22,643 [pool-696-thread-1] INFO  server.RaftServerConfigKeys (ConfUtils.java:logGet(44)) - raft.server.leaderelection.leader.step-down.wait-time = 10s (default)
2022-03-02 21:33:22,643 [pool-696-thread-1] INFO  server.RaftServerConfigKeys (ConfUtils.java:logGet(44)) - raft.server.sleep.deviation.threshold = 300ms (default)
2022-03-02 21:33:22,643 [pool-696-thread-1] INFO  server.RaftServerConfigKeys (ConfUtils.java:logGet(44)) - raft.server.log.appender.install.snapshot.enabled = false (custom)
2022-03-02 21:33:22,644 [pool-696-thread-1] INFO  server.RaftServer$Division (ServerState.java:<init>(105)) - ff1229b5-7bf6-42b1-a70d-3d6d5a94de90@group-B508C26EB33E: ConfigurationManager, init=-1: [269e0ee6-c833-446d-a842-94c77dd867fd|rpc:10.1.0.35:35541|dataStream:|priority:1, 39d9f1c0-7130-4277-8a35-add537f65258|rpc:10.1.0.35:33025|dataStream:|priority:0, ff1229b5-7bf6-42b1-a70d-3d6d5a94de90|rpc:10.1.0.35:32847|dataStream:|priority:0], old=null, confs=<EMPTY_MAP>
2022-03-02 21:33:22,644 [pool-696-thread-1] INFO  server.RaftServerConfigKeys (ConfUtils.java:logGet(44)) - raft.server.storage.dir = [/home/runner/work/ozone/ozone/hadoop-ozone/integration-test/target/test-dir/MiniOzoneClusterImpl-f745d883-409d-4598-9a00-e779d9019c18/datanode-5/data/ratis] (custom)
2022-03-02 21:33:22,644 [pool-696-thread-1] INFO  server.RaftServerConfigKeys (ConfUtils.java:logGet(44)) - raft.server.log.corruption.policy = EXCEPTION (default)
2022-03-02 21:33:22,644 [pool-696-thread-1] INFO  server.RaftServerConfigKeys (ConfUtils.java:logGet(44)) - raft.server.storage.free-space.min = 0MB (=0) (default)
2022-03-02 21:33:22,644 [pool-696-thread-1] INFO  storage.RaftStorageDirectory (RaftStorageDirectoryImpl.java:analyzeStorage(135)) - The storage directory /home/runner/work/ozone/ozone/hadoop-ozone/integration-test/target/test-dir/MiniOzoneClusterImpl-f745d883-409d-4598-9a00-e779d9019c18/datanode-5/data/ratis/a3d558d9-1de6-4c21-bf95-b508c26eb33e does not exist. Creating ...
2022-03-02 21:33:22,647 [pool-696-thread-1] INFO  storage.RaftStorageDirectory (RaftStorageDirectoryImpl.java:tryLock(230)) - Lock on /home/runner/work/ozone/ozone/hadoop-ozone/integration-test/target/test-dir/MiniOzoneClusterImpl-f745d883-409d-4598-9a00-e779d9019c18/datanode-5/data/ratis/a3d558d9-1de6-4c21-bf95-b508c26eb33e/in_use.lock acquired by nodename 22518@fv-az294-754
2022-03-02 21:33:22,648 [pool-696-thread-1] INFO  storage.RaftStorage (RaftStorageImpl.java:format(89)) - Storage directory /home/runner/work/ozone/ozone/hadoop-ozone/integration-test/target/test-dir/MiniOzoneClusterImpl-f745d883-409d-4598-9a00-e779d9019c18/datanode-5/data/ratis/a3d558d9-1de6-4c21-bf95-b508c26eb33e has been successfully formatted.
2022-03-02 21:33:22,659 [pool-696-thread-1] INFO  ratis.ContainerStateMachine (ContainerStateMachine.java:loadSnapshot(236)) - group-B508C26EB33E: The snapshot info is null. Setting the last applied indexto:(t:0, i:~)
2022-03-02 21:33:22,659 [pool-696-thread-1] INFO  server.RaftServerConfigKeys (ConfUtils.java:logGet(44)) - raft.server.notification.no-leader.timeout = 300000ms (custom)
2022-03-02 21:33:22,659 [pool-696-thread-1] INFO  server.RaftServerConfigKeys (ConfUtils.java:logGet(44)) - raft.server.log.use.memory = false (default)
2022-03-02 21:33:22,659 [pool-696-thread-1] INFO  server.RaftServerConfigKeys (ConfUtils.java:logGet(44)) - raft.server.log.purge.gap = 1000000 (custom)
2022-03-02 21:33:22,659 [pool-696-thread-1] INFO  server.RaftServerConfigKeys (ConfUtils.java:logGet(44)) - raft.server.log.appender.buffer.byte-limit = 33554432 (custom)
2022-03-02 21:33:22,659 [pool-696-thread-1] INFO  server.RaftServerConfigKeys (ConfUtils.java:logGet(44)) - raft.server.log.segment.size.max = 1048576 (custom)
2022-03-02 21:33:22,660 [pool-696-thread-1] INFO  server.RaftServerConfigKeys (ConfUtils.java:logGet(44)) - raft.server.log.segment.cache.num.max = 2 (custom)
2022-03-02 21:33:22,660 [pool-696-thread-1] INFO  server.RaftServerConfigKeys (ConfUtils.java:logGet(44)) - raft.server.log.segment.cache.size.max = 200MB (=209715200) (default)
2022-03-02 21:33:22,660 [pool-696-thread-1] INFO  segmented.SegmentedRaftLogWorker (SegmentedRaftLogWorker.java:<init>(182)) - new ff1229b5-7bf6-42b1-a70d-3d6d5a94de90@group-B508C26EB33E-SegmentedRaftLogWorker for RaftStorageImpl:Storage Directory /home/runner/work/ozone/ozone/hadoop-ozone/integration-test/target/test-dir/MiniOzoneClusterImpl-f745d883-409d-4598-9a00-e779d9019c18/datanode-5/data/ratis/a3d558d9-1de6-4c21-bf95-b508c26eb33e
2022-03-02 21:33:22,660 [pool-696-thread-1] INFO  server.RaftServerConfigKeys (ConfUtils.java:logGet(44)) - raft.server.log.queue.byte-limit = 4294967296 (custom)
2022-03-02 21:33:22,660 [pool-696-thread-1] INFO  server.RaftServerConfigKeys (ConfUtils.java:logGet(44)) - raft.server.log.queue.element-limit = 1024 (custom)
2022-03-02 21:33:22,660 [pool-696-thread-1] INFO  server.RaftServerConfigKeys (ConfUtils.java:logGet(44)) - raft.server.log.segment.size.max = 1048576 (custom)
2022-03-02 21:33:22,660 [pool-696-thread-1] INFO  server.RaftServerConfigKeys (ConfUtils.java:logGet(44)) - raft.server.log.preallocated.size = 16384 (custom)
2022-03-02 21:33:22,660 [pool-696-thread-1] INFO  server.RaftServerConfigKeys (ConfUtils.java:logGet(44)) - raft.server.log.force.sync.num = 128 (default)
2022-03-02 21:33:22,660 [pool-696-thread-1] INFO  server.RaftServerConfigKeys (ConfUtils.java:logGet(44)) - raft.server.log.statemachine.data.sync = true (default)
2022-03-02 21:33:22,660 [pool-696-thread-1] INFO  server.RaftServerConfigKeys (ConfUtils.java:logGet(44)) - raft.server.log.statemachine.data.sync.timeout = 10s (default)
2022-03-02 21:33:22,660 [pool-696-thread-1] INFO  server.RaftServerConfigKeys (ConfUtils.java:logGet(44)) - raft.server.log.statemachine.data.sync.timeout.retry = -1 (default)
2022-03-02 21:33:22,661 [pool-696-thread-1] INFO  server.RaftServerConfigKeys (ConfUtils.java:logGet(44)) - raft.server.log.write.buffer.size = 1048576 (custom)
2022-03-02 21:33:22,662 [pool-696-thread-1] INFO  server.RaftServerConfigKeys (ConfUtils.java:logGet(44)) - raft.server.log.statemachine.data.caching.enabled = true (custom)
2022-03-02 21:33:22,662 [pool-696-thread-1] INFO  segmented.SegmentedRaftLogWorker (SegmentedRaftLogWorker.java:lambda$new$0(133)) - ff1229b5-7bf6-42b1-a70d-3d6d5a94de90@group-B508C26EB33E-SegmentedRaftLogWorker: flushIndex: setUnconditionally 0 -> -1
2022-03-02 21:33:22,662 [pool-696-thread-1] INFO  segmented.SegmentedRaftLogWorker (SegmentedRaftLogWorker.java:lambda$new$0(133)) - ff1229b5-7bf6-42b1-a70d-3d6d5a94de90@group-B508C26EB33E-SegmentedRaftLogWorker: safeCacheEvictIndex: setUnconditionally 0 -> -1
2022-03-02 21:33:22,671 [pool-696-thread-1] INFO  server.RaftServerConfigKeys (ConfUtils.java:logGet(44)) - raft.server.snapshot.auto.trigger.enabled = true (custom)
2022-03-02 21:33:22,671 [pool-696-thread-1] INFO  server.RaftServerConfigKeys (ConfUtils.java:logGet(44)) - raft.server.snapshot.auto.trigger.threshold = 10000 (custom)
2022-03-02 21:33:22,671 [pool-696-thread-1] INFO  server.RaftServerConfigKeys (ConfUtils.java:logGet(44)) - raft.server.snapshot.retention.file.num = 5 (custom)
2022-03-02 21:33:22,671 [pool-696-thread-1] INFO  server.RaftServerConfigKeys (ConfUtils.java:logGet(44)) - raft.server.log.purge.upto.snapshot.index = false (default)
2022-03-02 21:33:22,671 [pool-696-thread-1] INFO  server.RaftServerConfigKeys (ConfUtils.java:logGet(44)) - raft.server.retrycache.expirytime = 600000ms (custom)
2022-03-02 21:33:22,671 [pool-696-thread-1] INFO  server.RaftServerConfigKeys (ConfUtils.java:logGet(44)) - raft.server.retrycache.statistics.expirytime = 100μs (default)
2022-03-02 21:33:22,672 [pool-696-thread-1] INFO  server.RaftServer$Division (RaftServerImpl.java:start(301)) - ff1229b5-7bf6-42b1-a70d-3d6d5a94de90@group-B508C26EB33E: start as a follower, conf=-1: [269e0ee6-c833-446d-a842-94c77dd867fd|rpc:10.1.0.35:35541|dataStream:|priority:1, 39d9f1c0-7130-4277-8a35-add537f65258|rpc:10.1.0.35:33025|dataStream:|priority:0, ff1229b5-7bf6-42b1-a70d-3d6d5a94de90|rpc:10.1.0.35:32847|dataStream:|priority:0], old=null
2022-03-02 21:33:22,672 [pool-696-thread-1] INFO  server.RaftServer$Division (RaftServerImpl.java:setRole(290)) - ff1229b5-7bf6-42b1-a70d-3d6d5a94de90@group-B508C26EB33E: changes role from      null to FOLLOWER at term 0 for startAsFollower
2022-03-02 21:33:22,672 [pool-696-thread-1] INFO  impl.RoleInfo (RoleInfo.java:updateAndGet(130)) - ff1229b5-7bf6-42b1-a70d-3d6d5a94de90: start ff1229b5-7bf6-42b1-a70d-3d6d5a94de90@group-B508C26EB33E-FollowerState
2022-03-02 21:33:22,678 [pool-696-thread-1] INFO  util.JmxRegister (JmxRegister.java:tryRegister(44)) - Successfully registered JMX Bean with object name Ratis:service=RaftServer,group=group-B508C26EB33E,id=ff1229b5-7bf6-42b1-a70d-3d6d5a94de90
2022-03-02 21:33:22,733 [Command processor thread] INFO  commandhandler.CreatePipelineCommandHandler (CreatePipelineCommandHandler.java:handle(106)) - Created Pipeline RATIS THREE PipelineID=a3d558d9-1de6-4c21-bf95-b508c26eb33e.
2022-03-02 21:33:22,824 [Command processor thread] INFO  commandhandler.CreatePipelineCommandHandler (CreatePipelineCommandHandler.java:handle(106)) - Created Pipeline RATIS THREE PipelineID=a3d558d9-1de6-4c21-bf95-b508c26eb33e.
2022-03-02 21:33:22,877 [Command processor thread] INFO  server.RaftServer (RaftServerProxy.java:addNew(95)) - ff1229b5-7bf6-42b1-a70d-3d6d5a94de90: addNew group-C97EF908EB8A:[ff1229b5-7bf6-42b1-a70d-3d6d5a94de90|rpc:10.1.0.35:32847|priority:1] returns group-C97EF908EB8A:java.util.concurrent.CompletableFuture@2e932c2[Not completed]
2022-03-02 21:33:22,878 [pool-696-thread-1] INFO  server.RaftServer$Division (RaftServerImpl.java:<init>(184)) - ff1229b5-7bf6-42b1-a70d-3d6d5a94de90: new RaftServerImpl for group-C97EF908EB8A:[ff1229b5-7bf6-42b1-a70d-3d6d5a94de90|rpc:10.1.0.35:32847|priority:1] with ContainerStateMachine:uninitialized
2022-03-02 21:33:22,878 [pool-696-thread-1] INFO  server.RaftServerConfigKeys (ConfUtils.java:logGet(44)) - raft.server.rpc.timeout.min = 5s (custom)
2022-03-02 21:33:22,878 [pool-696-thread-1] INFO  server.RaftServerConfigKeys (ConfUtils.java:logGet(44)) - raft.server.rpc.timeout.max = 5200ms (custom)
2022-03-02 21:33:22,878 [pool-696-thread-1] INFO  server.RaftServerConfigKeys (ConfUtils.java:logGet(44)) - raft.server.rpc.sleep.time = 25ms (default)
2022-03-02 21:33:22,878 [pool-696-thread-1] INFO  server.RaftServerConfigKeys (ConfUtils.java:logGet(44)) - raft.server.rpc.slowness.timeout = 300000ms (custom)
2022-03-02 21:33:22,878 [pool-696-thread-1] INFO  server.RaftServerConfigKeys (ConfUtils.java:logGet(44)) - raft.server.leaderelection.leader.step-down.wait-time = 10s (default)
2022-03-02 21:33:22,878 [pool-696-thread-1] INFO  server.RaftServerConfigKeys (ConfUtils.java:logGet(44)) - raft.server.sleep.deviation.threshold = 300ms (default)
2022-03-02 21:33:22,879 [pool-696-thread-1] INFO  server.RaftServerConfigKeys (ConfUtils.java:logGet(44)) - raft.server.log.appender.install.snapshot.enabled = false (custom)
2022-03-02 21:33:22,879 [pool-696-thread-1] INFO  server.RaftServer$Division (ServerState.java:<init>(105)) - ff1229b5-7bf6-42b1-a70d-3d6d5a94de90@group-C97EF908EB8A: ConfigurationManager, init=-1: [ff1229b5-7bf6-42b1-a70d-3d6d5a94de90|rpc:10.1.0.35:32847|priority:1], old=null, confs=<EMPTY_MAP>
2022-03-02 21:33:22,879 [pool-696-thread-1] INFO  server.RaftServerConfigKeys (ConfUtils.java:logGet(44)) - raft.server.storage.dir = [/home/runner/work/ozone/ozone/hadoop-ozone/integration-test/target/test-dir/MiniOzoneClusterImpl-f745d883-409d-4598-9a00-e779d9019c18/datanode-5/data/ratis] (custom)
2022-03-02 21:33:22,879 [pool-696-thread-1] INFO  server.RaftServerConfigKeys (ConfUtils.java:logGet(44)) - raft.server.log.corruption.policy = EXCEPTION (default)
2022-03-02 21:33:22,879 [pool-696-thread-1] INFO  server.RaftServerConfigKeys (ConfUtils.java:logGet(44)) - raft.server.storage.free-space.min = 0MB (=0) (default)
2022-03-02 21:33:22,879 [pool-696-thread-1] INFO  storage.RaftStorageDirectory (RaftStorageDirectoryImpl.java:analyzeStorage(135)) - The storage directory /home/runner/work/ozone/ozone/hadoop-ozone/integration-test/target/test-dir/MiniOzoneClusterImpl-f745d883-409d-4598-9a00-e779d9019c18/datanode-5/data/ratis/119b732d-8d8f-435b-b5ba-c97ef908eb8a does not exist. Creating ...
2022-03-02 21:33:22,880 [pool-696-thread-1] INFO  storage.RaftStorageDirectory (RaftStorageDirectoryImpl.java:tryLock(230)) - Lock on /home/runner/work/ozone/ozone/hadoop-ozone/integration-test/target/test-dir/MiniOzoneClusterImpl-f745d883-409d-4598-9a00-e779d9019c18/datanode-5/data/ratis/119b732d-8d8f-435b-b5ba-c97ef908eb8a/in_use.lock acquired by nodename 22518@fv-az294-754
2022-03-02 21:33:22,893 [pool-696-thread-1] INFO  storage.RaftStorage (RaftStorageImpl.java:format(89)) - Storage directory /home/runner/work/ozone/ozone/hadoop-ozone/integration-test/target/test-dir/MiniOzoneClusterImpl-f745d883-409d-4598-9a00-e779d9019c18/datanode-5/data/ratis/119b732d-8d8f-435b-b5ba-c97ef908eb8a has been successfully formatted.
2022-03-02 21:33:22,894 [pool-696-thread-1] INFO  ratis.ContainerStateMachine (ContainerStateMachine.java:loadSnapshot(236)) - group-C97EF908EB8A: The snapshot info is null. Setting the last applied indexto:(t:0, i:~)
2022-03-02 21:33:22,894 [pool-696-thread-1] INFO  server.RaftServerConfigKeys (ConfUtils.java:logGet(44)) - raft.server.notification.no-leader.timeout = 300000ms (custom)
2022-03-02 21:33:22,894 [pool-696-thread-1] INFO  server.RaftServerConfigKeys (ConfUtils.java:logGet(44)) - raft.server.log.use.memory = false (default)
2022-03-02 21:33:22,894 [pool-696-thread-1] INFO  server.RaftServerConfigKeys (ConfUtils.java:logGet(44)) - raft.server.log.purge.gap = 1000000 (custom)
2022-03-02 21:33:22,895 [EventQueue-PipelineReportForPipelineReportHandler] INFO  pipeline.PipelineManagerImpl (PipelineManagerImpl.java:openPipeline(291)) - Pipeline Pipeline[ Id: 119b732d-8d8f-435b-b5ba-c97ef908eb8a, Nodes: ff1229b5-7bf6-42b1-a70d-3d6d5a94de90{ip: 10.1.0.35, host: fv-az294-754.eaanfquahm5ulb5tj050gcxych.jx.internal.cloudapp.net, ports: [REPLICATION=43603, RATIS=32847, RATIS_ADMIN=32847, RATIS_SERVER=32847, STANDALONE=40363], networkLocation: /default-rack, certSerialId: null, persistedOpState: IN_SERVICE, persistedOpStateExpiryEpochSec: 0}, ReplicationConfig: RATIS/ONE, State:ALLOCATED, leaderId:ff1229b5-7bf6-42b1-a70d-3d6d5a94de90, CreationTimestamp2022-03-02T21:33:19.917Z[Etc/UTC]] moved to OPEN state
2022-03-02 21:33:22,895 [pool-696-thread-1] INFO  server.RaftServerConfigKeys (ConfUtils.java:logGet(44)) - raft.server.log.appender.buffer.byte-limit = 33554432 (custom)
2022-03-02 21:33:22,895 [pool-696-thread-1] INFO  server.RaftServerConfigKeys (ConfUtils.java:logGet(44)) - raft.server.log.segment.size.max = 1048576 (custom)
2022-03-02 21:33:22,897 [d7f371f7-0d79-4eb0-9764-2158321d28de@group-E779D9019C18-StateMachineUpdater] INFO  safemode.HealthyPipelineSafeModeRule (HealthyPipelineSafeModeRule.java:initializeRule(152)) - Refreshed total pipeline count is 0, healthy pipeline threshold count is 1
2022-03-02 21:33:22,898 [EventQueue-OpenPipelineForHealthyPipelineSafeModeRule] INFO  safemode.SCMSafeModeManager (HealthyPipelineSafeModeRule.java:process(124)) - SCM in safe mode. Healthy pipelines reported count is 0, required healthy pipeline reported count is 1
2022-03-02 21:33:22,899 [pool-696-thread-1] INFO  server.RaftServerConfigKeys (ConfUtils.java:logGet(44)) - raft.server.log.segment.cache.num.max = 2 (custom)
2022-03-02 21:33:22,899 [pool-696-thread-1] INFO  server.RaftServerConfigKeys (ConfUtils.java:logGet(44)) - raft.server.log.segment.cache.size.max = 200MB (=209715200) (default)
2022-03-02 21:33:22,899 [pool-696-thread-1] INFO  segmented.SegmentedRaftLogWorker (SegmentedRaftLogWorker.java:<init>(182)) - new ff1229b5-7bf6-42b1-a70d-3d6d5a94de90@group-C97EF908EB8A-SegmentedRaftLogWorker for RaftStorageImpl:Storage Directory /home/runner/work/ozone/ozone/hadoop-ozone/integration-test/target/test-dir/MiniOzoneClusterImpl-f745d883-409d-4598-9a00-e779d9019c18/datanode-5/data/ratis/119b732d-8d8f-435b-b5ba-c97ef908eb8a
2022-03-02 21:33:22,899 [pool-696-thread-1] INFO  server.RaftServerConfigKeys (ConfUtils.java:logGet(44)) - raft.server.log.queue.byte-limit = 4294967296 (custom)
2022-03-02 21:33:22,899 [pool-696-thread-1] INFO  server.RaftServerConfigKeys (ConfUtils.java:logGet(44)) - raft.server.log.queue.element-limit = 1024 (custom)
2022-03-02 21:33:22,899 [pool-696-thread-1] INFO  server.RaftServerConfigKeys (ConfUtils.java:logGet(44)) - raft.server.log.segment.size.max = 1048576 (custom)
2022-03-02 21:33:22,899 [pool-696-thread-1] INFO  server.RaftServerConfigKeys (ConfUtils.java:logGet(44)) - raft.server.log.preallocated.size = 16384 (custom)
2022-03-02 21:33:22,899 [pool-696-thread-1] INFO  server.RaftServerConfigKeys (ConfUtils.java:logGet(44)) - raft.server.log.force.sync.num = 128 (default)
2022-03-02 21:33:22,899 [pool-696-thread-1] INFO  server.RaftServerConfigKeys (ConfUtils.java:logGet(44)) - raft.server.log.statemachine.data.sync = true (default)
2022-03-02 21:33:22,899 [pool-696-thread-1] INFO  server.RaftServerConfigKeys (ConfUtils.java:logGet(44)) - raft.server.log.statemachine.data.sync.timeout = 10s (default)
2022-03-02 21:33:22,899 [pool-696-thread-1] INFO  server.RaftServerConfigKeys (ConfUtils.java:logGet(44)) - raft.server.log.statemachine.data.sync.timeout.retry = -1 (default)
2022-03-02 21:33:22,900 [pool-696-thread-1] INFO  server.RaftServerConfigKeys (ConfUtils.java:logGet(44)) - raft.server.log.write.buffer.size = 1048576 (custom)
2022-03-02 21:33:22,901 [pool-696-thread-1] INFO  server.RaftServerConfigKeys (ConfUtils.java:logGet(44)) - raft.server.log.statemachine.data.caching.enabled = true (custom)
2022-03-02 21:33:22,902 [pool-696-thread-1] INFO  segmented.SegmentedRaftLogWorker (SegmentedRaftLogWorker.java:lambda$new$0(133)) - ff1229b5-7bf6-42b1-a70d-3d6d5a94de90@group-C97EF908EB8A-SegmentedRaftLogWorker: flushIndex: setUnconditionally 0 -> -1
2022-03-02 21:33:22,902 [pool-696-thread-1] INFO  segmented.SegmentedRaftLogWorker (SegmentedRaftLogWorker.java:lambda$new$0(133)) - ff1229b5-7bf6-42b1-a70d-3d6d5a94de90@group-C97EF908EB8A-SegmentedRaftLogWorker: safeCacheEvictIndex: setUnconditionally 0 -> -1
2022-03-02 21:33:22,913 [pool-696-thread-1] INFO  server.RaftServerConfigKeys (ConfUtils.java:logGet(44)) - raft.server.snapshot.auto.trigger.enabled = true (custom)
2022-03-02 21:33:22,913 [pool-696-thread-1] INFO  server.RaftServerConfigKeys (ConfUtils.java:logGet(44)) - raft.server.snapshot.auto.trigger.threshold = 10000 (custom)
2022-03-02 21:33:22,913 [pool-696-thread-1] INFO  server.RaftServerConfigKeys (ConfUtils.java:logGet(44)) - raft.server.snapshot.retention.file.num = 5 (custom)
2022-03-02 21:33:22,913 [pool-696-thread-1] INFO  server.RaftServerConfigKeys (ConfUtils.java:logGet(44)) - raft.server.log.purge.upto.snapshot.index = false (default)
2022-03-02 21:33:22,913 [pool-696-thread-1] INFO  server.RaftServerConfigKeys (ConfUtils.java:logGet(44)) - raft.server.retrycache.expirytime = 600000ms (custom)
2022-03-02 21:33:22,913 [pool-696-thread-1] INFO  server.RaftServerConfigKeys (ConfUtils.java:logGet(44)) - raft.server.retrycache.statistics.expirytime = 100μs (default)
2022-03-02 21:33:22,915 [pool-696-thread-1] INFO  server.RaftServer$Division (RaftServerImpl.java:start(301)) - ff1229b5-7bf6-42b1-a70d-3d6d5a94de90@group-C97EF908EB8A: start as a follower, conf=-1: [ff1229b5-7bf6-42b1-a70d-3d6d5a94de90|rpc:10.1.0.35:32847|priority:1], old=null
2022-03-02 21:33:22,915 [pool-696-thread-1] INFO  server.RaftServer$Division (RaftServerImpl.java:setRole(290)) - ff1229b5-7bf6-42b1-a70d-3d6d5a94de90@group-C97EF908EB8A: changes role from      null to FOLLOWER at term 0 for startAsFollower
2022-03-02 21:33:22,915 [pool-696-thread-1] INFO  impl.RoleInfo (RoleInfo.java:updateAndGet(130)) - ff1229b5-7bf6-42b1-a70d-3d6d5a94de90: start ff1229b5-7bf6-42b1-a70d-3d6d5a94de90@group-C97EF908EB8A-FollowerState
2022-03-02 21:33:22,923 [pool-696-thread-1] INFO  util.JmxRegister (JmxRegister.java:tryRegister(44)) - Successfully registered JMX Bean with object name Ratis:service=RaftServer,group=group-C97EF908EB8A,id=ff1229b5-7bf6-42b1-a70d-3d6d5a94de90
2022-03-02 21:33:22,923 [Command processor thread] INFO  ratis.XceiverServerRatis (XceiverServerRatis.java:addGroup(769)) - Created group PipelineID=119b732d-8d8f-435b-b5ba-c97ef908eb8a
2022-03-02 21:33:22,924 [Command processor thread] INFO  commandhandler.CreatePipelineCommandHandler (CreatePipelineCommandHandler.java:handle(106)) - Created Pipeline RATIS ONE PipelineID=119b732d-8d8f-435b-b5ba-c97ef908eb8a.
2022-03-02 21:33:23,346 [Listener at 127.0.0.1/33667] INFO  ozone.MiniOzoneClusterImpl (MiniOzoneClusterImpl.java:lambda$waitForClusterToBeReady$0(219)) - Nodes are ready. Got 7 of 7 DN Heartbeats.
2022-03-02 21:33:23,346 [Listener at 127.0.0.1/33667] INFO  ozone.MiniOzoneClusterImpl (MiniOzoneClusterImpl.java:lambda$waitForClusterToBeReady$0(222)) - Waiting for cluster to exit safe mode
2022-03-02 21:33:23,346 [Listener at 127.0.0.1/33667] INFO  ozone.MiniOzoneClusterImpl (MiniOzoneClusterImpl.java:lambda$waitForClusterToBeReady$0(224)) - SCM became leader
2022-03-02 21:33:23,427 [Command processor thread] INFO  server.RaftServer (RaftServerProxy.java:addNew(95)) - 176cdbad-2e78-4d65-9cb6-df82a020a3cb: addNew group-02F814D75679:[176cdbad-2e78-4d65-9cb6-df82a020a3cb|rpc:10.1.0.35:36905|priority:1] returns group-02F814D75679:java.util.concurrent.CompletableFuture@66818a2b[Not completed]
2022-03-02 21:33:23,463 [pool-717-thread-1] INFO  server.RaftServer$Division (RaftServerImpl.java:<init>(184)) - 176cdbad-2e78-4d65-9cb6-df82a020a3cb: new RaftServerImpl for group-02F814D75679:[176cdbad-2e78-4d65-9cb6-df82a020a3cb|rpc:10.1.0.35:36905|priority:1] with ContainerStateMachine:uninitialized
2022-03-02 21:33:23,475 [pool-717-thread-1] INFO  server.RaftServerConfigKeys (ConfUtils.java:logGet(44)) - raft.server.rpc.timeout.min = 5s (custom)
2022-03-02 21:33:23,475 [pool-717-thread-1] INFO  server.RaftServerConfigKeys (ConfUtils.java:logGet(44)) - raft.server.rpc.timeout.max = 5200ms (custom)
2022-03-02 21:33:23,475 [pool-717-thread-1] INFO  server.RaftServerConfigKeys (ConfUtils.java:logGet(44)) - raft.server.rpc.sleep.time = 25ms (default)
2022-03-02 21:33:23,475 [pool-717-thread-1] INFO  server.RaftServerConfigKeys (ConfUtils.java:logGet(44)) - raft.server.rpc.slowness.timeout = 300000ms (custom)
2022-03-02 21:33:23,475 [pool-717-thread-1] INFO  server.RaftServerConfigKeys (ConfUtils.java:logGet(44)) - raft.server.leaderelection.leader.step-down.wait-time = 10s (default)
2022-03-02 21:33:23,476 [pool-717-thread-1] INFO  server.RaftServerConfigKeys (ConfUtils.java:logGet(44)) - raft.server.sleep.deviation.threshold = 300ms (default)
2022-03-02 21:33:23,476 [pool-717-thread-1] INFO  server.RaftServerConfigKeys (ConfUtils.java:logGet(44)) - raft.server.log.appender.install.snapshot.enabled = false (custom)
2022-03-02 21:33:23,476 [pool-717-thread-1] INFO  server.RaftServer$Division (ServerState.java:<init>(105)) - 176cdbad-2e78-4d65-9cb6-df82a020a3cb@group-02F814D75679: ConfigurationManager, init=-1: [176cdbad-2e78-4d65-9cb6-df82a020a3cb|rpc:10.1.0.35:36905|priority:1], old=null, confs=<EMPTY_MAP>
2022-03-02 21:33:23,476 [pool-717-thread-1] INFO  server.RaftServerConfigKeys (ConfUtils.java:logGet(44)) - raft.server.storage.dir = [/home/runner/work/ozone/ozone/hadoop-ozone/integration-test/target/test-dir/MiniOzoneClusterImpl-f745d883-409d-4598-9a00-e779d9019c18/datanode-6/data/ratis] (custom)
2022-03-02 21:33:23,476 [pool-717-thread-1] INFO  server.RaftServerConfigKeys (ConfUtils.java:logGet(44)) - raft.server.log.corruption.policy = EXCEPTION (default)
2022-03-02 21:33:23,476 [pool-717-thread-1] INFO  server.RaftServerConfigKeys (ConfUtils.java:logGet(44)) - raft.server.storage.free-space.min = 0MB (=0) (default)
2022-03-02 21:33:23,476 [pool-717-thread-1] INFO  storage.RaftStorageDirectory (RaftStorageDirectoryImpl.java:analyzeStorage(135)) - The storage directory /home/runner/work/ozone/ozone/hadoop-ozone/integration-test/target/test-dir/MiniOzoneClusterImpl-f745d883-409d-4598-9a00-e779d9019c18/datanode-6/data/ratis/c99ef66f-09a6-43aa-a065-02f814d75679 does not exist. Creating ...
2022-03-02 21:33:23,491 [pool-717-thread-1] INFO  storage.RaftStorageDirectory (RaftStorageDirectoryImpl.java:tryLock(230)) - Lock on /home/runner/work/ozone/ozone/hadoop-ozone/integration-test/target/test-dir/MiniOzoneClusterImpl-f745d883-409d-4598-9a00-e779d9019c18/datanode-6/data/ratis/c99ef66f-09a6-43aa-a065-02f814d75679/in_use.lock acquired by nodename 22518@fv-az294-754
2022-03-02 21:33:23,492 [pool-717-thread-1] INFO  storage.RaftStorage (RaftStorageImpl.java:format(89)) - Storage directory /home/runner/work/ozone/ozone/hadoop-ozone/integration-test/target/test-dir/MiniOzoneClusterImpl-f745d883-409d-4598-9a00-e779d9019c18/datanode-6/data/ratis/c99ef66f-09a6-43aa-a065-02f814d75679 has been successfully formatted.
2022-03-02 21:33:23,503 [pool-717-thread-1] INFO  ratis.ContainerStateMachine (ContainerStateMachine.java:loadSnapshot(236)) - group-02F814D75679: The snapshot info is null. Setting the last applied indexto:(t:0, i:~)
2022-03-02 21:33:23,503 [pool-717-thread-1] INFO  server.RaftServerConfigKeys (ConfUtils.java:logGet(44)) - raft.server.notification.no-leader.timeout = 300000ms (custom)
2022-03-02 21:33:23,503 [pool-717-thread-1] INFO  server.RaftServerConfigKeys (ConfUtils.java:logGet(44)) - raft.server.log.use.memory = false (default)
2022-03-02 21:33:23,503 [pool-717-thread-1] INFO  server.RaftServerConfigKeys (ConfUtils.java:logGet(44)) - raft.server.log.purge.gap = 1000000 (custom)
2022-03-02 21:33:23,503 [pool-717-thread-1] INFO  server.RaftServerConfigKeys (ConfUtils.java:logGet(44)) - raft.server.log.appender.buffer.byte-limit = 33554432 (custom)
2022-03-02 21:33:23,503 [pool-717-thread-1] INFO  server.RaftServerConfigKeys (ConfUtils.java:logGet(44)) - raft.server.log.segment.size.max = 1048576 (custom)
2022-03-02 21:33:23,504 [pool-717-thread-1] INFO  server.RaftServerConfigKeys (ConfUtils.java:logGet(44)) - raft.server.log.segment.cache.num.max = 2 (custom)
2022-03-02 21:33:23,504 [pool-717-thread-1] INFO  server.RaftServerConfigKeys (ConfUtils.java:logGet(44)) - raft.server.log.segment.cache.size.max = 200MB (=209715200) (default)
2022-03-02 21:33:23,504 [pool-717-thread-1] INFO  segmented.SegmentedRaftLogWorker (SegmentedRaftLogWorker.java:<init>(182)) - new 176cdbad-2e78-4d65-9cb6-df82a020a3cb@group-02F814D75679-SegmentedRaftLogWorker for RaftStorageImpl:Storage Directory /home/runner/work/ozone/ozone/hadoop-ozone/integration-test/target/test-dir/MiniOzoneClusterImpl-f745d883-409d-4598-9a00-e779d9019c18/datanode-6/data/ratis/c99ef66f-09a6-43aa-a065-02f814d75679
2022-03-02 21:33:23,504 [pool-717-thread-1] INFO  server.RaftServerConfigKeys (ConfUtils.java:logGet(44)) - raft.server.log.queue.byte-limit = 4294967296 (custom)
2022-03-02 21:33:23,504 [pool-717-thread-1] INFO  server.RaftServerConfigKeys (ConfUtils.java:logGet(44)) - raft.server.log.queue.element-limit = 1024 (custom)
2022-03-02 21:33:23,504 [pool-717-thread-1] INFO  server.RaftServerConfigKeys (ConfUtils.java:logGet(44)) - raft.server.log.segment.size.max = 1048576 (custom)
2022-03-02 21:33:23,504 [pool-717-thread-1] INFO  server.RaftServerConfigKeys (ConfUtils.java:logGet(44)) - raft.server.log.preallocated.size = 16384 (custom)
2022-03-02 21:33:23,504 [pool-717-thread-1] INFO  server.RaftServerConfigKeys (ConfUtils.java:logGet(44)) - raft.server.log.force.sync.num = 128 (default)
2022-03-02 21:33:23,504 [pool-717-thread-1] INFO  server.RaftServerConfigKeys (ConfUtils.java:logGet(44)) - raft.server.log.statemachine.data.sync = true (default)
2022-03-02 21:33:23,504 [pool-717-thread-1] INFO  server.RaftServerConfigKeys (ConfUtils.java:logGet(44)) - raft.server.log.statemachine.data.sync.timeout = 10s (default)
2022-03-02 21:33:23,504 [pool-717-thread-1] INFO  server.RaftServerConfigKeys (ConfUtils.java:logGet(44)) - raft.server.log.statemachine.data.sync.timeout.retry = -1 (default)
2022-03-02 21:33:23,505 [pool-717-thread-1] INFO  server.RaftServerConfigKeys (ConfUtils.java:logGet(44)) - raft.server.log.write.buffer.size = 1048576 (custom)
2022-03-02 21:33:23,505 [pool-717-thread-1] INFO  server.RaftServerConfigKeys (ConfUtils.java:logGet(44)) - raft.server.log.statemachine.data.caching.enabled = true (custom)
2022-03-02 21:33:23,506 [pool-717-thread-1] INFO  segmented.SegmentedRaftLogWorker (SegmentedRaftLogWorker.java:lambda$new$0(133)) - 176cdbad-2e78-4d65-9cb6-df82a020a3cb@group-02F814D75679-SegmentedRaftLogWorker: flushIndex: setUnconditionally 0 -> -1
2022-03-02 21:33:23,506 [pool-717-thread-1] INFO  segmented.SegmentedRaftLogWorker (SegmentedRaftLogWorker.java:lambda$new$0(133)) - 176cdbad-2e78-4d65-9cb6-df82a020a3cb@group-02F814D75679-SegmentedRaftLogWorker: safeCacheEvictIndex: setUnconditionally 0 -> -1
2022-03-02 21:33:23,506 [EventQueue-PipelineReportForPipelineReportHandler] INFO  pipeline.PipelineManagerImpl (PipelineManagerImpl.java:openPipeline(291)) - Pipeline Pipeline[ Id: c99ef66f-09a6-43aa-a065-02f814d75679, Nodes: 176cdbad-2e78-4d65-9cb6-df82a020a3cb{ip: 10.1.0.35, host: fv-az294-754.eaanfquahm5ulb5tj050gcxych.jx.internal.cloudapp.net, ports: [REPLICATION=33785, RATIS=36905, RATIS_ADMIN=36905, RATIS_SERVER=36905, STANDALONE=46855], networkLocation: /default-rack, certSerialId: null, persistedOpState: IN_SERVICE, persistedOpStateExpiryEpochSec: 0}, ReplicationConfig: RATIS/ONE, State:ALLOCATED, leaderId:176cdbad-2e78-4d65-9cb6-df82a020a3cb, CreationTimestamp2022-03-02T21:33:20.430Z[Etc/UTC]] moved to OPEN state
2022-03-02 21:33:23,508 [d7f371f7-0d79-4eb0-9764-2158321d28de@group-E779D9019C18-StateMachineUpdater] INFO  safemode.HealthyPipelineSafeModeRule (HealthyPipelineSafeModeRule.java:initializeRule(152)) - Refreshed total pipeline count is 0, healthy pipeline threshold count is 1
2022-03-02 21:33:23,508 [EventQueue-OpenPipelineForHealthyPipelineSafeModeRule] INFO  safemode.SCMSafeModeManager (HealthyPipelineSafeModeRule.java:process(124)) - SCM in safe mode. Healthy pipelines reported count is 0, required healthy pipeline reported count is 1
2022-03-02 21:33:23,522 [pool-717-thread-1] INFO  server.RaftServerConfigKeys (ConfUtils.java:logGet(44)) - raft.server.snapshot.auto.trigger.enabled = true (custom)
2022-03-02 21:33:23,522 [pool-717-thread-1] INFO  server.RaftServerConfigKeys (ConfUtils.java:logGet(44)) - raft.server.snapshot.auto.trigger.threshold = 10000 (custom)
2022-03-02 21:33:23,522 [pool-717-thread-1] INFO  server.RaftServerConfigKeys (ConfUtils.java:logGet(44)) - raft.server.snapshot.retention.file.num = 5 (custom)
2022-03-02 21:33:23,522 [pool-717-thread-1] INFO  server.RaftServerConfigKeys (ConfUtils.java:logGet(44)) - raft.server.log.purge.upto.snapshot.index = false (default)
2022-03-02 21:33:23,522 [pool-717-thread-1] INFO  server.RaftServerConfigKeys (ConfUtils.java:logGet(44)) - raft.server.retrycache.expirytime = 600000ms (custom)
2022-03-02 21:33:23,522 [pool-717-thread-1] INFO  server.RaftServerConfigKeys (ConfUtils.java:logGet(44)) - raft.server.retrycache.statistics.expirytime = 100μs (default)
2022-03-02 21:33:23,523 [pool-717-thread-1] INFO  server.RaftServer$Division (RaftServerImpl.java:start(301)) - 176cdbad-2e78-4d65-9cb6-df82a020a3cb@group-02F814D75679: start as a follower, conf=-1: [176cdbad-2e78-4d65-9cb6-df82a020a3cb|rpc:10.1.0.35:36905|priority:1], old=null
2022-03-02 21:33:23,523 [pool-717-thread-1] INFO  server.RaftServer$Division (RaftServerImpl.java:setRole(290)) - 176cdbad-2e78-4d65-9cb6-df82a020a3cb@group-02F814D75679: changes role from      null to FOLLOWER at term 0 for startAsFollower
2022-03-02 21:33:23,523 [pool-717-thread-1] INFO  impl.RoleInfo (RoleInfo.java:updateAndGet(130)) - 176cdbad-2e78-4d65-9cb6-df82a020a3cb: start 176cdbad-2e78-4d65-9cb6-df82a020a3cb@group-02F814D75679-FollowerState
2022-03-02 21:33:23,524 [pool-717-thread-1] INFO  util.JmxRegister (JmxRegister.java:tryRegister(44)) - Successfully registered JMX Bean with object name Ratis:service=RaftServer,group=group-02F814D75679,id=176cdbad-2e78-4d65-9cb6-df82a020a3cb
2022-03-02 21:33:23,527 [Command processor thread] INFO  ratis.XceiverServerRatis (XceiverServerRatis.java:addGroup(769)) - Created group PipelineID=c99ef66f-09a6-43aa-a065-02f814d75679
2022-03-02 21:33:23,527 [Command processor thread] INFO  commandhandler.CreatePipelineCommandHandler (CreatePipelineCommandHandler.java:handle(106)) - Created Pipeline RATIS ONE PipelineID=c99ef66f-09a6-43aa-a065-02f814d75679.
2022-03-02 21:33:23,892 [06306a50-9ba9-4128-94e0-55d591e142a1@group-04666EDB34B4-FollowerState] INFO  impl.FollowerState (FollowerState.java:run(134)) - 06306a50-9ba9-4128-94e0-55d591e142a1@group-04666EDB34B4-FollowerState: change to CANDIDATE, lastRpcElapsedTime:5016049307ns, electionTimeout:5009ms
2022-03-02 21:33:23,893 [06306a50-9ba9-4128-94e0-55d591e142a1@group-04666EDB34B4-FollowerState] INFO  impl.RoleInfo (RoleInfo.java:shutdownFollowerState(108)) - 06306a50-9ba9-4128-94e0-55d591e142a1: shutdown 06306a50-9ba9-4128-94e0-55d591e142a1@group-04666EDB34B4-FollowerState
2022-03-02 21:33:23,893 [06306a50-9ba9-4128-94e0-55d591e142a1@group-04666EDB34B4-FollowerState] INFO  server.RaftServer$Division (RaftServerImpl.java:setRole(290)) - 06306a50-9ba9-4128-94e0-55d591e142a1@group-04666EDB34B4: changes role from  FOLLOWER to CANDIDATE at term 0 for changeToCandidate
2022-03-02 21:33:23,894 [06306a50-9ba9-4128-94e0-55d591e142a1@group-04666EDB34B4-FollowerState] INFO  server.RaftServerConfigKeys (ConfUtils.java:logGet(44)) - raft.server.leaderelection.pre-vote = false (custom)
2022-03-02 21:33:23,894 [06306a50-9ba9-4128-94e0-55d591e142a1@group-04666EDB34B4-FollowerState] INFO  impl.RoleInfo (RoleInfo.java:updateAndGet(130)) - 06306a50-9ba9-4128-94e0-55d591e142a1: start 06306a50-9ba9-4128-94e0-55d591e142a1@group-04666EDB34B4-LeaderElection75
2022-03-02 21:33:23,940 [06306a50-9ba9-4128-94e0-55d591e142a1@group-04666EDB34B4-LeaderElection75] INFO  impl.LeaderElection (LeaderElection.java:askForVotes(306)) - 06306a50-9ba9-4128-94e0-55d591e142a1@group-04666EDB34B4-LeaderElection75 ELECTION round 0: submit vote requests at term 1 for -1: [06306a50-9ba9-4128-94e0-55d591e142a1|rpc:10.1.0.35:42445|priority:1], old=null
2022-03-02 21:33:23,940 [06306a50-9ba9-4128-94e0-55d591e142a1@group-04666EDB34B4-LeaderElection75] INFO  impl.LeaderElection (LeaderElection.java:askForVotes(308)) - 06306a50-9ba9-4128-94e0-55d591e142a1@group-04666EDB34B4-LeaderElection75 ELECTION round 0: result PASSED (term=1)
2022-03-02 21:33:23,940 [06306a50-9ba9-4128-94e0-55d591e142a1@group-04666EDB34B4-LeaderElection75] INFO  impl.RoleInfo (RoleInfo.java:shutdownLeaderElection(121)) - 06306a50-9ba9-4128-94e0-55d591e142a1: shutdown 06306a50-9ba9-4128-94e0-55d591e142a1@group-04666EDB34B4-LeaderElection75
2022-03-02 21:33:23,940 [06306a50-9ba9-4128-94e0-55d591e142a1@group-04666EDB34B4-LeaderElection75] INFO  server.RaftServer$Division (RaftServerImpl.java:setRole(290)) - 06306a50-9ba9-4128-94e0-55d591e142a1@group-04666EDB34B4: changes role from CANDIDATE to LEADER at term 1 for changeToLeader
2022-03-02 21:33:23,940 [06306a50-9ba9-4128-94e0-55d591e142a1@group-04666EDB34B4-LeaderElection75] INFO  ratis.XceiverServerRatis (XceiverServerRatis.java:handleLeaderChangedNotification(867)) - Leader change notification received for group: group-04666EDB34B4 with new leaderId: 06306a50-9ba9-4128-94e0-55d591e142a1
2022-03-02 21:33:23,940 [06306a50-9ba9-4128-94e0-55d591e142a1@group-04666EDB34B4-LeaderElection75] INFO  server.RaftServer$Division (ServerState.java:setLeader(285)) - 06306a50-9ba9-4128-94e0-55d591e142a1@group-04666EDB34B4: change Leader from null to 06306a50-9ba9-4128-94e0-55d591e142a1 at term 1 for becomeLeader, leader elected after 5080ms
2022-03-02 21:33:23,940 [06306a50-9ba9-4128-94e0-55d591e142a1@group-04666EDB34B4-LeaderElection75] INFO  server.RaftServerConfigKeys (ConfUtils.java:logGet(44)) - raft.server.staging.catchup.gap = 1000 (default)
2022-03-02 21:33:23,940 [06306a50-9ba9-4128-94e0-55d591e142a1@group-04666EDB34B4-LeaderElection75] INFO  server.RaftServerConfigKeys (ConfUtils.java:logGet(44)) - raft.server.write.element-limit = 1024 (custom)
2022-03-02 21:33:23,940 [06306a50-9ba9-4128-94e0-55d591e142a1@group-04666EDB34B4-LeaderElection75] INFO  server.RaftServerConfigKeys (ConfUtils.java:logGet(44)) - raft.server.write.byte-limit = 1024 M (=1073741824) (custom)
2022-03-02 21:33:23,940 [06306a50-9ba9-4128-94e0-55d591e142a1@group-04666EDB34B4-LeaderElection75] INFO  server.RaftServerConfigKeys (ConfUtils.java:logGet(44)) - raft.server.watch.timeout = 3000ms (custom)
2022-03-02 21:33:23,940 [06306a50-9ba9-4128-94e0-55d591e142a1@group-04666EDB34B4-LeaderElection75] INFO  server.RaftServerConfigKeys (ConfUtils.java:logGet(44)) - raft.server.watch.timeout.denomination = 1s (default)
2022-03-02 21:33:23,941 [06306a50-9ba9-4128-94e0-55d591e142a1@group-04666EDB34B4-LeaderElection75] INFO  server.RaftServerConfigKeys (ConfUtils.java:logGet(44)) - raft.server.watch.element-limit = 65536 (default)
2022-03-02 21:33:23,941 [06306a50-9ba9-4128-94e0-55d591e142a1@group-04666EDB34B4-LeaderElection75] INFO  server.RaftServerConfigKeys (ConfUtils.java:logGet(44)) - raft.server.write.element-limit = 1024 (custom)
2022-03-02 21:33:23,941 [06306a50-9ba9-4128-94e0-55d591e142a1@group-04666EDB34B4-LeaderElection75] INFO  server.RaftServerConfigKeys (ConfUtils.java:logGet(44)) - raft.server.write.follower.gap.ratio.max = -1.0 (default)
2022-03-02 21:33:23,941 [06306a50-9ba9-4128-94e0-55d591e142a1@group-04666EDB34B4-LeaderElection75] INFO  impl.RoleInfo (RoleInfo.java:updateAndGet(130)) - 06306a50-9ba9-4128-94e0-55d591e142a1: start 06306a50-9ba9-4128-94e0-55d591e142a1@group-04666EDB34B4-LeaderStateImpl
2022-03-02 21:33:23,941 [06306a50-9ba9-4128-94e0-55d591e142a1@group-04666EDB34B4-LeaderElection75] INFO  segmented.SegmentedRaftLogWorker (SegmentedRaftLogWorker.java:startLogSegment(394)) - 06306a50-9ba9-4128-94e0-55d591e142a1@group-04666EDB34B4-SegmentedRaftLogWorker: Starting segment from index:0
2022-03-02 21:33:23,943 [EventQueue-OpenPipelineForHealthyPipelineSafeModeRule] INFO  safemode.SCMSafeModeManager (HealthyPipelineSafeModeRule.java:process(124)) - SCM in safe mode. Healthy pipelines reported count is 0, required healthy pipeline reported count is 1
2022-03-02 21:33:23,944 [06306a50-9ba9-4128-94e0-55d591e142a1@group-04666EDB34B4-SegmentedRaftLogWorker] INFO  segmented.SegmentedRaftLogWorker (SegmentedRaftLogWorker.java:execute(601)) - 06306a50-9ba9-4128-94e0-55d591e142a1@group-04666EDB34B4-SegmentedRaftLogWorker: created new log segment /home/runner/work/ozone/ozone/hadoop-ozone/integration-test/target/test-dir/MiniOzoneClusterImpl-f745d883-409d-4598-9a00-e779d9019c18/datanode-0/data/ratis/99e1fc71-5afa-498a-8239-04666edb34b4/current/log_inprogress_0
2022-03-02 21:33:23,955 [06306a50-9ba9-4128-94e0-55d591e142a1@group-04666EDB34B4-LeaderElection75] INFO  server.RaftServer$Division (ServerState.java:setRaftConf(387)) - 06306a50-9ba9-4128-94e0-55d591e142a1@group-04666EDB34B4: set configuration 0: [06306a50-9ba9-4128-94e0-55d591e142a1|rpc:10.1.0.35:42445|dataStream:|priority:1], old=null
2022-03-02 21:33:24,072 [06306a50-9ba9-4128-94e0-55d591e142a1@group-681CC91BE6DA-FollowerState] INFO  impl.FollowerState (FollowerState.java:run(134)) - 06306a50-9ba9-4128-94e0-55d591e142a1@group-681CC91BE6DA-FollowerState: change to CANDIDATE, lastRpcElapsedTime:5067729065ns, electionTimeout:5052ms
2022-03-02 21:33:24,072 [06306a50-9ba9-4128-94e0-55d591e142a1@group-681CC91BE6DA-FollowerState] INFO  impl.RoleInfo (RoleInfo.java:shutdownFollowerState(108)) - 06306a50-9ba9-4128-94e0-55d591e142a1: shutdown 06306a50-9ba9-4128-94e0-55d591e142a1@group-681CC91BE6DA-FollowerState
2022-03-02 21:33:24,072 [06306a50-9ba9-4128-94e0-55d591e142a1@group-681CC91BE6DA-FollowerState] INFO  server.RaftServer$Division (RaftServerImpl.java:setRole(290)) - 06306a50-9ba9-4128-94e0-55d591e142a1@group-681CC91BE6DA: changes role from  FOLLOWER to CANDIDATE at term 0 for changeToCandidate
2022-03-02 21:33:24,072 [06306a50-9ba9-4128-94e0-55d591e142a1@group-681CC91BE6DA-FollowerState] INFO  server.RaftServerConfigKeys (ConfUtils.java:logGet(44)) - raft.server.leaderelection.pre-vote = false (custom)
2022-03-02 21:33:24,072 [06306a50-9ba9-4128-94e0-55d591e142a1@group-681CC91BE6DA-FollowerState] INFO  impl.RoleInfo (RoleInfo.java:updateAndGet(130)) - 06306a50-9ba9-4128-94e0-55d591e142a1: start 06306a50-9ba9-4128-94e0-55d591e142a1@group-681CC91BE6DA-LeaderElection76
2022-03-02 21:33:24,100 [06306a50-9ba9-4128-94e0-55d591e142a1@group-681CC91BE6DA-LeaderElection76] INFO  impl.LeaderElection (LeaderElection.java:askForVotes(306)) - 06306a50-9ba9-4128-94e0-55d591e142a1@group-681CC91BE6DA-LeaderElection76 ELECTION round 0: submit vote requests at term 1 for -1: [cdd5360e-d849-4e2b-b62b-b70fbd73a7e1|rpc:10.1.0.35:36141|priority:0, 06306a50-9ba9-4128-94e0-55d591e142a1|rpc:10.1.0.35:42445|priority:1, ca012516-14dd-42cd-8742-1c9d04d43fd5|rpc:10.1.0.35:34561|priority:0], old=null
2022-03-02 21:33:24,144 [grpc-default-executor-5] INFO  server.RaftServer$Division (RaftServerImpl.java:requestVote(1046)) - cdd5360e-d849-4e2b-b62b-b70fbd73a7e1@group-681CC91BE6DA: receive requestVote(ELECTION, 06306a50-9ba9-4128-94e0-55d591e142a1, group-681CC91BE6DA, 1, (t:0, i:0))
2022-03-02 21:33:24,144 [grpc-default-executor-5] INFO  impl.VoteContext (VoteContext.java:log(48)) - cdd5360e-d849-4e2b-b62b-b70fbd73a7e1@group-681CC91BE6DA-FOLLOWER: accept ELECTION from 06306a50-9ba9-4128-94e0-55d591e142a1: our priority 0 <= candidate's priority 1
2022-03-02 21:33:24,144 [grpc-default-executor-5] INFO  server.RaftServer$Division (RaftServerImpl.java:setRole(290)) - cdd5360e-d849-4e2b-b62b-b70fbd73a7e1@group-681CC91BE6DA: changes role from  FOLLOWER to FOLLOWER at term 1 for candidate:06306a50-9ba9-4128-94e0-55d591e142a1
2022-03-02 21:33:24,144 [grpc-default-executor-5] INFO  impl.RoleInfo (RoleInfo.java:shutdownFollowerState(108)) - cdd5360e-d849-4e2b-b62b-b70fbd73a7e1: shutdown cdd5360e-d849-4e2b-b62b-b70fbd73a7e1@group-681CC91BE6DA-FollowerState
2022-03-02 21:33:24,144 [grpc-default-executor-5] INFO  impl.RoleInfo (RoleInfo.java:updateAndGet(130)) - cdd5360e-d849-4e2b-b62b-b70fbd73a7e1: start cdd5360e-d849-4e2b-b62b-b70fbd73a7e1@group-681CC91BE6DA-FollowerState
2022-03-02 21:33:24,144 [cdd5360e-d849-4e2b-b62b-b70fbd73a7e1@group-681CC91BE6DA-FollowerState] INFO  impl.FollowerState (FollowerState.java:run(143)) - cdd5360e-d849-4e2b-b62b-b70fbd73a7e1@group-681CC91BE6DA-FollowerState was interrupted: {}
java.lang.InterruptedException: sleep interrupted
	at java.lang.Thread.sleep(Native Method)
	at java.lang.Thread.sleep(Thread.java:342)
	at java.util.concurrent.TimeUnit.sleep(TimeUnit.java:386)
	at org.apache.ratis.util.TimeDuration.sleep(TimeDuration.java:324)
	at org.apache.ratis.util.TimeDuration.sleep(TimeDuration.java:309)
	at org.apache.ratis.server.impl.FollowerState.run(FollowerState.java:118)
2022-03-02 21:33:24,161 [grpc-default-executor-5] INFO  server.RaftServer$Division (RaftServerImpl.java:requestVote(1078)) - cdd5360e-d849-4e2b-b62b-b70fbd73a7e1@group-681CC91BE6DA replies to ELECTION vote request: 06306a50-9ba9-4128-94e0-55d591e142a1<-cdd5360e-d849-4e2b-b62b-b70fbd73a7e1#0:OK-t1. Peer's state: cdd5360e-d849-4e2b-b62b-b70fbd73a7e1@group-681CC91BE6DA:t1, leader=null, voted=06306a50-9ba9-4128-94e0-55d591e142a1, raftlog=cdd5360e-d849-4e2b-b62b-b70fbd73a7e1@group-681CC91BE6DA-SegmentedRaftLog:OPENED:c-1, conf=-1: [cdd5360e-d849-4e2b-b62b-b70fbd73a7e1|rpc:10.1.0.35:36141|dataStream:|priority:0, 06306a50-9ba9-4128-94e0-55d591e142a1|rpc:10.1.0.35:42445|dataStream:|priority:1, ca012516-14dd-42cd-8742-1c9d04d43fd5|rpc:10.1.0.35:34561|dataStream:|priority:0], old=null
2022-03-02 21:33:24,197 [06306a50-9ba9-4128-94e0-55d591e142a1@group-681CC91BE6DA-LeaderElection76] INFO  impl.LeaderElection (LeaderElection.java:logAndReturn(89)) - 06306a50-9ba9-4128-94e0-55d591e142a1@group-681CC91BE6DA-LeaderElection76: ELECTION PASSED received 1 response(s) and 0 exception(s):
2022-03-02 21:33:24,197 [06306a50-9ba9-4128-94e0-55d591e142a1@group-681CC91BE6DA-LeaderElection76] INFO  impl.LeaderElection (LeaderElection.java:logAndReturn(93)) -   Response 0: 06306a50-9ba9-4128-94e0-55d591e142a1<-cdd5360e-d849-4e2b-b62b-b70fbd73a7e1#0:OK-t1
2022-03-02 21:33:24,197 [06306a50-9ba9-4128-94e0-55d591e142a1@group-681CC91BE6DA-LeaderElection76] INFO  impl.LeaderElection (LeaderElection.java:askForVotes(308)) - 06306a50-9ba9-4128-94e0-55d591e142a1@group-681CC91BE6DA-LeaderElection76 ELECTION round 0: result PASSED
2022-03-02 21:33:24,197 [06306a50-9ba9-4128-94e0-55d591e142a1@group-681CC91BE6DA-LeaderElection76] INFO  impl.RoleInfo (RoleInfo.java:shutdownLeaderElection(121)) - 06306a50-9ba9-4128-94e0-55d591e142a1: shutdown 06306a50-9ba9-4128-94e0-55d591e142a1@group-681CC91BE6DA-LeaderElection76
2022-03-02 21:33:24,197 [06306a50-9ba9-4128-94e0-55d591e142a1@group-681CC91BE6DA-LeaderElection76] INFO  server.RaftServer$Division (RaftServerImpl.java:setRole(290)) - 06306a50-9ba9-4128-94e0-55d591e142a1@group-681CC91BE6DA: changes role from CANDIDATE to LEADER at term 1 for changeToLeader
2022-03-02 21:33:24,197 [06306a50-9ba9-4128-94e0-55d591e142a1@group-681CC91BE6DA-LeaderElection76] INFO  ratis.XceiverServerRatis (XceiverServerRatis.java:handleLeaderChangedNotification(867)) - Leader change notification received for group: group-681CC91BE6DA with new leaderId: 06306a50-9ba9-4128-94e0-55d591e142a1
2022-03-02 21:33:24,198 [06306a50-9ba9-4128-94e0-55d591e142a1@group-681CC91BE6DA-LeaderElection76] INFO  server.RaftServer$Division (ServerState.java:setLeader(285)) - 06306a50-9ba9-4128-94e0-55d591e142a1@group-681CC91BE6DA: change Leader from null to 06306a50-9ba9-4128-94e0-55d591e142a1 at term 1 for becomeLeader, leader elected after 5250ms
2022-03-02 21:33:24,198 [06306a50-9ba9-4128-94e0-55d591e142a1@group-681CC91BE6DA-LeaderElection76] INFO  server.RaftServerConfigKeys (ConfUtils.java:logGet(44)) - raft.server.staging.catchup.gap = 1000 (default)
2022-03-02 21:33:24,198 [06306a50-9ba9-4128-94e0-55d591e142a1@group-681CC91BE6DA-LeaderElection76] INFO  server.RaftServerConfigKeys (ConfUtils.java:logGet(44)) - raft.server.write.element-limit = 1024 (custom)
2022-03-02 21:33:24,198 [06306a50-9ba9-4128-94e0-55d591e142a1@group-681CC91BE6DA-LeaderElection76] INFO  server.RaftServerConfigKeys (ConfUtils.java:logGet(44)) - raft.server.write.byte-limit = 1024 M (=1073741824) (custom)
2022-03-02 21:33:24,198 [06306a50-9ba9-4128-94e0-55d591e142a1@group-681CC91BE6DA-LeaderElection76] INFO  server.RaftServerConfigKeys (ConfUtils.java:logGet(44)) - raft.server.watch.timeout = 3000ms (custom)
2022-03-02 21:33:24,198 [06306a50-9ba9-4128-94e0-55d591e142a1@group-681CC91BE6DA-LeaderElection76] INFO  server.RaftServerConfigKeys (ConfUtils.java:logGet(44)) - raft.server.watch.timeout.denomination = 1s (default)
2022-03-02 21:33:24,198 [06306a50-9ba9-4128-94e0-55d591e142a1@group-681CC91BE6DA-LeaderElection76] INFO  server.RaftServerConfigKeys (ConfUtils.java:logGet(44)) - raft.server.watch.element-limit = 65536 (default)
2022-03-02 21:33:24,198 [06306a50-9ba9-4128-94e0-55d591e142a1@group-681CC91BE6DA-LeaderElection76] INFO  server.RaftServerConfigKeys (ConfUtils.java:logGet(44)) - raft.server.write.element-limit = 1024 (custom)
2022-03-02 21:33:24,198 [06306a50-9ba9-4128-94e0-55d591e142a1@group-681CC91BE6DA-LeaderElection76] INFO  server.RaftServerConfigKeys (ConfUtils.java:logGet(44)) - raft.server.write.follower.gap.ratio.max = -1.0 (default)
2022-03-02 21:33:24,198 [06306a50-9ba9-4128-94e0-55d591e142a1@group-681CC91BE6DA-LeaderElection76] INFO  server.RaftServerConfigKeys (ConfUtils.java:logGet(44)) - raft.server.log.appender.snapshot.chunk.size.max = 16MB (=16777216) (default)
2022-03-02 21:33:24,198 [06306a50-9ba9-4128-94e0-55d591e142a1@group-681CC91BE6DA-LeaderElection76] INFO  server.RaftServerConfigKeys (ConfUtils.java:logGet(44)) - raft.server.log.appender.buffer.byte-limit = 33554432 (custom)
2022-03-02 21:33:24,199 [06306a50-9ba9-4128-94e0-55d591e142a1@group-681CC91BE6DA-LeaderElection76] INFO  server.RaftServerConfigKeys (ConfUtils.java:logGet(44)) - raft.server.log.appender.buffer.element-limit = 1 (custom)
2022-03-02 21:33:24,200 [06306a50-9ba9-4128-94e0-55d591e142a1@group-681CC91BE6DA-LeaderElection76] INFO  grpc.GrpcConfigKeys (ConfUtils.java:logGet(44)) - raft.grpc.server.leader.outstanding.appends.max = 128 (default)
2022-03-02 21:33:24,200 [06306a50-9ba9-4128-94e0-55d591e142a1@group-681CC91BE6DA-LeaderElection76] INFO  server.RaftServerConfigKeys (ConfUtils.java:logGet(44)) - raft.server.rpc.request.timeout = 3000ms (default)
2022-03-02 21:33:24,200 [06306a50-9ba9-4128-94e0-55d591e142a1@group-681CC91BE6DA-LeaderElection76] INFO  server.RaftServerConfigKeys (ConfUtils.java:logGet(44)) - raft.server.log.appender.install.snapshot.enabled = false (custom)
2022-03-02 21:33:24,199 [EventQueue-PipelineReportForPipelineReportHandler] INFO  pipeline.PipelineManagerImpl (PipelineManagerImpl.java:openPipeline(291)) - Pipeline Pipeline[ Id: 53b8311c-2a52-474f-af65-681cc91be6da, Nodes: cdd5360e-d849-4e2b-b62b-b70fbd73a7e1{ip: 10.1.0.35, host: fv-az294-754.eaanfquahm5ulb5tj050gcxych.jx.internal.cloudapp.net, ports: [REPLICATION=36763, RATIS=36141, RATIS_ADMIN=36141, RATIS_SERVER=36141, STANDALONE=41835], networkLocation: /default-rack, certSerialId: null, persistedOpState: IN_SERVICE, persistedOpStateExpiryEpochSec: 0}06306a50-9ba9-4128-94e0-55d591e142a1{ip: 10.1.0.35, host: fv-az294-754.eaanfquahm5ulb5tj050gcxych.jx.internal.cloudapp.net, ports: [REPLICATION=33477, RATIS=42445, RATIS_ADMIN=42445, RATIS_SERVER=42445, STANDALONE=33549], networkLocation: /default-rack, certSerialId: null, persistedOpState: IN_SERVICE, persistedOpStateExpiryEpochSec: 0}ca012516-14dd-42cd-8742-1c9d04d43fd5{ip: 10.1.0.35, host: fv-az294-754.eaanfquahm5ulb5tj050gcxych.jx.internal.cloudapp.net, ports: [REPLICATION=38123, RATIS=34561, RATIS_ADMIN=34561, RATIS_SERVER=34561, STANDALONE=41381], networkLocation: /default-rack, certSerialId: null, persistedOpState: IN_SERVICE, persistedOpStateExpiryEpochSec: 0}, ReplicationConfig: RATIS/THREE, State:ALLOCATED, leaderId:06306a50-9ba9-4128-94e0-55d591e142a1, CreationTimestamp2022-03-02T21:33:17.419Z[Etc/UTC]] moved to OPEN state
2022-03-02 21:33:24,201 [06306a50-9ba9-4128-94e0-55d591e142a1@group-681CC91BE6DA-LeaderElection76] INFO  server.RaftServerConfigKeys (ConfUtils.java:logGet(44)) - raft.server.log.appender.snapshot.chunk.size.max = 16MB (=16777216) (default)
2022-03-02 21:33:24,201 [06306a50-9ba9-4128-94e0-55d591e142a1@group-681CC91BE6DA-LeaderElection76] INFO  server.RaftServerConfigKeys (ConfUtils.java:logGet(44)) - raft.server.log.appender.buffer.byte-limit = 33554432 (custom)
2022-03-02 21:33:24,201 [06306a50-9ba9-4128-94e0-55d591e142a1@group-681CC91BE6DA-LeaderElection76] INFO  server.RaftServerConfigKeys (ConfUtils.java:logGet(44)) - raft.server.log.appender.buffer.element-limit = 1 (custom)
2022-03-02 21:33:24,201 [06306a50-9ba9-4128-94e0-55d591e142a1@group-681CC91BE6DA-LeaderElection76] INFO  grpc.GrpcConfigKeys (ConfUtils.java:logGet(44)) - raft.grpc.server.leader.outstanding.appends.max = 128 (default)
2022-03-02 21:33:24,201 [06306a50-9ba9-4128-94e0-55d591e142a1@group-681CC91BE6DA-LeaderElection76] INFO  server.RaftServerConfigKeys (ConfUtils.java:logGet(44)) - raft.server.rpc.request.timeout = 3000ms (default)
2022-03-02 21:33:24,201 [06306a50-9ba9-4128-94e0-55d591e142a1@group-681CC91BE6DA-LeaderElection76] INFO  server.RaftServerConfigKeys (ConfUtils.java:logGet(44)) - raft.server.log.appender.install.snapshot.enabled = false (custom)
2022-03-02 21:33:24,200 [grpc-default-executor-5] INFO  server.RaftServer$Division (RaftServerImpl.java:requestVote(1046)) - ca012516-14dd-42cd-8742-1c9d04d43fd5@group-681CC91BE6DA: receive requestVote(ELECTION, 06306a50-9ba9-4128-94e0-55d591e142a1, group-681CC91BE6DA, 1, (t:0, i:0))
2022-03-02 21:33:24,202 [grpc-default-executor-5] INFO  impl.VoteContext (VoteContext.java:log(48)) - ca012516-14dd-42cd-8742-1c9d04d43fd5@group-681CC91BE6DA-FOLLOWER: accept ELECTION from 06306a50-9ba9-4128-94e0-55d591e142a1: our priority 0 <= candidate's priority 1
2022-03-02 21:33:24,202 [grpc-default-executor-5] INFO  server.RaftServer$Division (RaftServerImpl.java:setRole(290)) - ca012516-14dd-42cd-8742-1c9d04d43fd5@group-681CC91BE6DA: changes role from  FOLLOWER to FOLLOWER at term 1 for candidate:06306a50-9ba9-4128-94e0-55d591e142a1
2022-03-02 21:33:24,200 [EventQueue-OpenPipelineForHealthyPipelineSafeModeRule] INFO  safemode.SCMSafeModeManager (HealthyPipelineSafeModeRule.java:process(124)) - SCM in safe mode. Healthy pipelines reported count is 0, required healthy pipeline reported count is 1
2022-03-02 21:33:24,202 [grpc-default-executor-5] INFO  impl.RoleInfo (RoleInfo.java:shutdownFollowerState(108)) - ca012516-14dd-42cd-8742-1c9d04d43fd5: shutdown ca012516-14dd-42cd-8742-1c9d04d43fd5@group-681CC91BE6DA-FollowerState
2022-03-02 21:33:24,202 [d7f371f7-0d79-4eb0-9764-2158321d28de@group-E779D9019C18-StateMachineUpdater] INFO  safemode.HealthyPipelineSafeModeRule (HealthyPipelineSafeModeRule.java:initializeRule(152)) - Refreshed total pipeline count is 1, healthy pipeline threshold count is 1
2022-03-02 21:33:24,202 [ca012516-14dd-42cd-8742-1c9d04d43fd5@group-681CC91BE6DA-FollowerState] INFO  impl.FollowerState (FollowerState.java:run(143)) - ca012516-14dd-42cd-8742-1c9d04d43fd5@group-681CC91BE6DA-FollowerState was interrupted: {}
java.lang.InterruptedException: sleep interrupted
	at java.lang.Thread.sleep(Native Method)
	at java.lang.Thread.sleep(Thread.java:342)
	at java.util.concurrent.TimeUnit.sleep(TimeUnit.java:386)
	at org.apache.ratis.util.TimeDuration.sleep(TimeDuration.java:324)
	at org.apache.ratis.util.TimeDuration.sleep(TimeDuration.java:309)
	at org.apache.ratis.server.impl.FollowerState.run(FollowerState.java:118)
2022-03-02 21:33:24,202 [grpc-default-executor-5] INFO  impl.RoleInfo (RoleInfo.java:updateAndGet(130)) - ca012516-14dd-42cd-8742-1c9d04d43fd5: start ca012516-14dd-42cd-8742-1c9d04d43fd5@group-681CC91BE6DA-FollowerState
2022-03-02 21:33:24,243 [EventQueue-OpenPipelineForHealthyPipelineSafeModeRule] INFO  safemode.SCMSafeModeManager (HealthyPipelineSafeModeRule.java:process(124)) - SCM in safe mode. Healthy pipelines reported count is 1, required healthy pipeline reported count is 1
2022-03-02 21:33:24,243 [EventQueue-OpenPipelineForHealthyPipelineSafeModeRule] INFO  safemode.SCMSafeModeManager (SCMSafeModeManager.java:validateSafeModeExitRules(204)) - HealthyPipelineSafeModeRule rule is successfully validated
2022-03-02 21:33:24,243 [EventQueue-OpenPipelineForHealthyPipelineSafeModeRule] INFO  safemode.SCMSafeModeManager (SCMSafeModeManager.java:validateSafeModeExitRules(219)) - ScmSafeModeManager, all rules are successfully validated
2022-03-02 21:33:24,243 [EventQueue-OpenPipelineForHealthyPipelineSafeModeRule] INFO  safemode.SCMSafeModeManager (SCMSafeModeManager.java:exitSafeMode(248)) - SCM exiting safe mode.
2022-03-02 21:33:24,243 [EventQueue-OpenPipelineForHealthyPipelineSafeModeRule] WARN  events.EventQueue (EventQueue.java:fireEvent(194)) - No event handler registered for event TypedEvent{payloadType=SafeModeStatus, name='Safe mode status'}
2022-03-02 21:33:24,243 [EventQueue-OpenPipelineForHealthyPipelineSafeModeRule] INFO  ha.SCMContext (SCMContext.java:updateSafeModeStatus(211)) - Update SafeModeStatus from SafeModeStatus{safeModeStatus=true, preCheckPassed=true} to SafeModeStatus{safeModeStatus=false, preCheckPassed=true}.
2022-03-02 21:33:24,243 [EventQueue-OpenPipelineForHealthyPipelineSafeModeRule] INFO  container.ReplicationManager (ReplicationManager.java:notifyStatusChanged(1807)) - Service ReplicationManager transitions to RUNNING.
2022-03-02 21:33:24,244 [06306a50-9ba9-4128-94e0-55d591e142a1@group-681CC91BE6DA-LeaderElection76] INFO  impl.RoleInfo (RoleInfo.java:updateAndGet(130)) - 06306a50-9ba9-4128-94e0-55d591e142a1: start 06306a50-9ba9-4128-94e0-55d591e142a1@group-681CC91BE6DA-LeaderStateImpl
2022-03-02 21:33:24,244 [06306a50-9ba9-4128-94e0-55d591e142a1@group-681CC91BE6DA-LeaderElection76] INFO  segmented.SegmentedRaftLogWorker (SegmentedRaftLogWorker.java:startLogSegment(394)) - 06306a50-9ba9-4128-94e0-55d591e142a1@group-681CC91BE6DA-SegmentedRaftLogWorker: Starting segment from index:0
2022-03-02 21:33:24,268 [grpc-default-executor-5] INFO  server.RaftServer$Division (RaftServerImpl.java:requestVote(1078)) - ca012516-14dd-42cd-8742-1c9d04d43fd5@group-681CC91BE6DA replies to ELECTION vote request: 06306a50-9ba9-4128-94e0-55d591e142a1<-ca012516-14dd-42cd-8742-1c9d04d43fd5#0:OK-t1. Peer's state: ca012516-14dd-42cd-8742-1c9d04d43fd5@group-681CC91BE6DA:t1, leader=null, voted=06306a50-9ba9-4128-94e0-55d591e142a1, raftlog=ca012516-14dd-42cd-8742-1c9d04d43fd5@group-681CC91BE6DA-SegmentedRaftLog:OPENED:c-1, conf=-1: [cdd5360e-d849-4e2b-b62b-b70fbd73a7e1|rpc:10.1.0.35:36141|dataStream:|priority:0, 06306a50-9ba9-4128-94e0-55d591e142a1|rpc:10.1.0.35:42445|dataStream:|priority:1, ca012516-14dd-42cd-8742-1c9d04d43fd5|rpc:10.1.0.35:34561|dataStream:|priority:0], old=null
2022-03-02 21:33:24,268 [06306a50-9ba9-4128-94e0-55d591e142a1@group-681CC91BE6DA-SegmentedRaftLogWorker] INFO  segmented.SegmentedRaftLogWorker (SegmentedRaftLogWorker.java:execute(601)) - 06306a50-9ba9-4128-94e0-55d591e142a1@group-681CC91BE6DA-SegmentedRaftLogWorker: created new log segment /home/runner/work/ozone/ozone/hadoop-ozone/integration-test/target/test-dir/MiniOzoneClusterImpl-f745d883-409d-4598-9a00-e779d9019c18/datanode-0/data/ratis/53b8311c-2a52-474f-af65-681cc91be6da/current/log_inprogress_0
2022-03-02 21:33:24,323 [grpc-default-executor-0] INFO  ratis.XceiverServerRatis (XceiverServerRatis.java:handleLeaderChangedNotification(867)) - Leader change notification received for group: group-681CC91BE6DA with new leaderId: 06306a50-9ba9-4128-94e0-55d591e142a1
2022-03-02 21:33:24,324 [grpc-default-executor-0] INFO  server.RaftServer$Division (ServerState.java:setLeader(285)) - ca012516-14dd-42cd-8742-1c9d04d43fd5@group-681CC91BE6DA: change Leader from null to 06306a50-9ba9-4128-94e0-55d591e142a1 at term 1 for appendEntries, leader elected after 4981ms
2022-03-02 21:33:24,323 [06306a50-9ba9-4128-94e0-55d591e142a1@group-681CC91BE6DA-LeaderElection76] INFO  server.RaftServer$Division (ServerState.java:setRaftConf(387)) - 06306a50-9ba9-4128-94e0-55d591e142a1@group-681CC91BE6DA: set configuration 0: [cdd5360e-d849-4e2b-b62b-b70fbd73a7e1|rpc:10.1.0.35:36141|dataStream:|priority:0, 06306a50-9ba9-4128-94e0-55d591e142a1|rpc:10.1.0.35:42445|dataStream:|priority:1, ca012516-14dd-42cd-8742-1c9d04d43fd5|rpc:10.1.0.35:34561|dataStream:|priority:0], old=null
2022-03-02 21:33:24,346 [Listener at 127.0.0.1/33667] INFO  ozone.MiniOzoneClusterImpl (MiniOzoneClusterImpl.java:lambda$waitForClusterToBeReady$0(219)) - Nodes are ready. Got 7 of 7 DN Heartbeats.
2022-03-02 21:33:24,347 [Listener at 127.0.0.1/33667] INFO  ozone.MiniOzoneClusterImpl (MiniOzoneClusterImpl.java:lambda$waitForClusterToBeReady$0(222)) - Cluster exits safe mode
2022-03-02 21:33:24,347 [Listener at 127.0.0.1/33667] INFO  ozone.MiniOzoneClusterImpl (MiniOzoneClusterImpl.java:lambda$waitForClusterToBeReady$0(224)) - SCM became leader
2022-03-02 21:33:24,348 [Listener at 127.0.0.1/33667] INFO  rpc.RpcClient (RpcClient.java:createVolume(399)) - Creating Volume: testblockoutputstream, with runner as owner and space quota set to -1 bytes, counts quota set to -1
2022-03-02 21:33:24,376 [grpc-default-executor-2] INFO  ratis.XceiverServerRatis (XceiverServerRatis.java:handleLeaderChangedNotification(867)) - Leader change notification received for group: group-681CC91BE6DA with new leaderId: 06306a50-9ba9-4128-94e0-55d591e142a1
2022-03-02 21:33:24,376 [grpc-default-executor-5] INFO  server.RaftServer$Division (ServerState.java:setRaftConf(387)) - ca012516-14dd-42cd-8742-1c9d04d43fd5@group-681CC91BE6DA: set configuration 0: [cdd5360e-d849-4e2b-b62b-b70fbd73a7e1|rpc:10.1.0.35:36141|dataStream:|priority:0, 06306a50-9ba9-4128-94e0-55d591e142a1|rpc:10.1.0.35:42445|dataStream:|priority:1, ca012516-14dd-42cd-8742-1c9d04d43fd5|rpc:10.1.0.35:34561|dataStream:|priority:0], old=null
2022-03-02 21:33:24,376 [grpc-default-executor-2] INFO  server.RaftServer$Division (ServerState.java:setLeader(285)) - cdd5360e-d849-4e2b-b62b-b70fbd73a7e1@group-681CC91BE6DA: change Leader from null to 06306a50-9ba9-4128-94e0-55d591e142a1 at term 1 for appendEntries, leader elected after 5236ms
2022-03-02 21:33:24,376 [grpc-default-executor-5] INFO  segmented.SegmentedRaftLogWorker (SegmentedRaftLogWorker.java:startLogSegment(394)) - ca012516-14dd-42cd-8742-1c9d04d43fd5@group-681CC91BE6DA-SegmentedRaftLogWorker: Starting segment from index:0
2022-03-02 21:33:24,388 [ca012516-14dd-42cd-8742-1c9d04d43fd5@group-681CC91BE6DA-SegmentedRaftLogWorker] INFO  segmented.SegmentedRaftLogWorker (SegmentedRaftLogWorker.java:execute(601)) - ca012516-14dd-42cd-8742-1c9d04d43fd5@group-681CC91BE6DA-SegmentedRaftLogWorker: created new log segment /home/runner/work/ozone/ozone/hadoop-ozone/integration-test/target/test-dir/MiniOzoneClusterImpl-f745d883-409d-4598-9a00-e779d9019c18/datanode-2/data/ratis/53b8311c-2a52-474f-af65-681cc91be6da/current/log_inprogress_0
2022-03-02 21:33:24,447 [grpc-default-executor-2] INFO  server.RaftServer$Division (ServerState.java:setRaftConf(387)) - cdd5360e-d849-4e2b-b62b-b70fbd73a7e1@group-681CC91BE6DA: set configuration 0: [cdd5360e-d849-4e2b-b62b-b70fbd73a7e1|rpc:10.1.0.35:36141|dataStream:|priority:0, 06306a50-9ba9-4128-94e0-55d591e142a1|rpc:10.1.0.35:42445|dataStream:|priority:1, ca012516-14dd-42cd-8742-1c9d04d43fd5|rpc:10.1.0.35:34561|dataStream:|priority:0], old=null
2022-03-02 21:33:24,448 [grpc-default-executor-2] INFO  segmented.SegmentedRaftLogWorker (SegmentedRaftLogWorker.java:startLogSegment(394)) - cdd5360e-d849-4e2b-b62b-b70fbd73a7e1@group-681CC91BE6DA-SegmentedRaftLogWorker: Starting segment from index:0
2022-03-02 21:33:24,515 [cdd5360e-d849-4e2b-b62b-b70fbd73a7e1@group-681CC91BE6DA-SegmentedRaftLogWorker] INFO  segmented.SegmentedRaftLogWorker (SegmentedRaftLogWorker.java:execute(601)) - cdd5360e-d849-4e2b-b62b-b70fbd73a7e1@group-681CC91BE6DA-SegmentedRaftLogWorker: created new log segment /home/runner/work/ozone/ozone/hadoop-ozone/integration-test/target/test-dir/MiniOzoneClusterImpl-f745d883-409d-4598-9a00-e779d9019c18/datanode-1/data/ratis/53b8311c-2a52-474f-af65-681cc91be6da/current/log_inprogress_0
2022-03-02 21:33:24,542 [OM StateMachine ApplyTransaction Thread - 0] INFO  volume.OMVolumeCreateRequest (OMVolumeCreateRequest.java:validateAndUpdateCache(195)) - created volume:testblockoutputstream for user:runner
2022-03-02 21:33:24,617 [Listener at 127.0.0.1/33667] INFO  rpc.RpcClient (RpcClient.java:createBucket(562)) - Creating Bucket: testblockoutputstream/testblockoutputstream, with runner as owner and Versioning false and Storage Type set to DISK and Encryption set to false 
2022-03-02 21:33:24,661 [cdd5360e-d849-4e2b-b62b-b70fbd73a7e1@group-33718A808786-FollowerState] INFO  impl.FollowerState (FollowerState.java:run(134)) - cdd5360e-d849-4e2b-b62b-b70fbd73a7e1@group-33718A808786-FollowerState: change to CANDIDATE, lastRpcElapsedTime:5148804924ns, electionTimeout:5056ms
2022-03-02 21:33:24,667 [cdd5360e-d849-4e2b-b62b-b70fbd73a7e1@group-33718A808786-FollowerState] INFO  impl.RoleInfo (RoleInfo.java:shutdownFollowerState(108)) - cdd5360e-d849-4e2b-b62b-b70fbd73a7e1: shutdown cdd5360e-d849-4e2b-b62b-b70fbd73a7e1@group-33718A808786-FollowerState
2022-03-02 21:33:24,667 [cdd5360e-d849-4e2b-b62b-b70fbd73a7e1@group-33718A808786-FollowerState] INFO  server.RaftServer$Division (RaftServerImpl.java:setRole(290)) - cdd5360e-d849-4e2b-b62b-b70fbd73a7e1@group-33718A808786: changes role from  FOLLOWER to CANDIDATE at term 0 for changeToCandidate
2022-03-02 21:33:24,668 [cdd5360e-d849-4e2b-b62b-b70fbd73a7e1@group-33718A808786-FollowerState] INFO  server.RaftServerConfigKeys (ConfUtils.java:logGet(44)) - raft.server.leaderelection.pre-vote = false (custom)
2022-03-02 21:33:24,668 [cdd5360e-d849-4e2b-b62b-b70fbd73a7e1@group-33718A808786-FollowerState] INFO  impl.RoleInfo (RoleInfo.java:updateAndGet(130)) - cdd5360e-d849-4e2b-b62b-b70fbd73a7e1: start cdd5360e-d849-4e2b-b62b-b70fbd73a7e1@group-33718A808786-LeaderElection77
2022-03-02 21:33:24,695 [cdd5360e-d849-4e2b-b62b-b70fbd73a7e1@group-33718A808786-LeaderElection77] INFO  impl.LeaderElection (LeaderElection.java:askForVotes(306)) - cdd5360e-d849-4e2b-b62b-b70fbd73a7e1@group-33718A808786-LeaderElection77 ELECTION round 0: submit vote requests at term 1 for -1: [cdd5360e-d849-4e2b-b62b-b70fbd73a7e1|rpc:10.1.0.35:36141|priority:1], old=null
2022-03-02 21:33:24,695 [cdd5360e-d849-4e2b-b62b-b70fbd73a7e1@group-33718A808786-LeaderElection77] INFO  impl.LeaderElection (LeaderElection.java:askForVotes(308)) - cdd5360e-d849-4e2b-b62b-b70fbd73a7e1@group-33718A808786-LeaderElection77 ELECTION round 0: result PASSED (term=1)
2022-03-02 21:33:24,695 [cdd5360e-d849-4e2b-b62b-b70fbd73a7e1@group-33718A808786-LeaderElection77] INFO  impl.RoleInfo (RoleInfo.java:shutdownLeaderElection(121)) - cdd5360e-d849-4e2b-b62b-b70fbd73a7e1: shutdown cdd5360e-d849-4e2b-b62b-b70fbd73a7e1@group-33718A808786-LeaderElection77
2022-03-02 21:33:24,695 [cdd5360e-d849-4e2b-b62b-b70fbd73a7e1@group-33718A808786-LeaderElection77] INFO  server.RaftServer$Division (RaftServerImpl.java:setRole(290)) - cdd5360e-d849-4e2b-b62b-b70fbd73a7e1@group-33718A808786: changes role from CANDIDATE to LEADER at term 1 for changeToLeader
2022-03-02 21:33:24,696 [cdd5360e-d849-4e2b-b62b-b70fbd73a7e1@group-33718A808786-LeaderElection77] INFO  ratis.XceiverServerRatis (XceiverServerRatis.java:handleLeaderChangedNotification(867)) - Leader change notification received for group: group-33718A808786 with new leaderId: cdd5360e-d849-4e2b-b62b-b70fbd73a7e1
2022-03-02 21:33:24,696 [cdd5360e-d849-4e2b-b62b-b70fbd73a7e1@group-33718A808786-LeaderElection77] INFO  server.RaftServer$Division (ServerState.java:setLeader(285)) - cdd5360e-d849-4e2b-b62b-b70fbd73a7e1@group-33718A808786: change Leader from null to cdd5360e-d849-4e2b-b62b-b70fbd73a7e1 at term 1 for becomeLeader, leader elected after 5220ms
2022-03-02 21:33:24,696 [cdd5360e-d849-4e2b-b62b-b70fbd73a7e1@group-33718A808786-LeaderElection77] INFO  server.RaftServerConfigKeys (ConfUtils.java:logGet(44)) - raft.server.staging.catchup.gap = 1000 (default)
2022-03-02 21:33:24,696 [cdd5360e-d849-4e2b-b62b-b70fbd73a7e1@group-33718A808786-LeaderElection77] INFO  server.RaftServerConfigKeys (ConfUtils.java:logGet(44)) - raft.server.write.element-limit = 1024 (custom)
2022-03-02 21:33:24,696 [cdd5360e-d849-4e2b-b62b-b70fbd73a7e1@group-33718A808786-LeaderElection77] INFO  server.RaftServerConfigKeys (ConfUtils.java:logGet(44)) - raft.server.write.byte-limit = 1024 M (=1073741824) (custom)
2022-03-02 21:33:24,696 [cdd5360e-d849-4e2b-b62b-b70fbd73a7e1@group-33718A808786-LeaderElection77] INFO  server.RaftServerConfigKeys (ConfUtils.java:logGet(44)) - raft.server.watch.timeout = 3000ms (custom)
2022-03-02 21:33:24,696 [cdd5360e-d849-4e2b-b62b-b70fbd73a7e1@group-33718A808786-LeaderElection77] INFO  server.RaftServerConfigKeys (ConfUtils.java:logGet(44)) - raft.server.watch.timeout.denomination = 1s (default)
2022-03-02 21:33:24,696 [cdd5360e-d849-4e2b-b62b-b70fbd73a7e1@group-33718A808786-LeaderElection77] INFO  server.RaftServerConfigKeys (ConfUtils.java:logGet(44)) - raft.server.watch.element-limit = 65536 (default)
2022-03-02 21:33:24,697 [cdd5360e-d849-4e2b-b62b-b70fbd73a7e1@group-33718A808786-LeaderElection77] INFO  server.RaftServerConfigKeys (ConfUtils.java:logGet(44)) - raft.server.write.element-limit = 1024 (custom)
2022-03-02 21:33:24,697 [cdd5360e-d849-4e2b-b62b-b70fbd73a7e1@group-33718A808786-LeaderElection77] INFO  server.RaftServerConfigKeys (ConfUtils.java:logGet(44)) - raft.server.write.follower.gap.ratio.max = -1.0 (default)
2022-03-02 21:33:24,697 [cdd5360e-d849-4e2b-b62b-b70fbd73a7e1@group-33718A808786-LeaderElection77] INFO  impl.RoleInfo (RoleInfo.java:updateAndGet(130)) - cdd5360e-d849-4e2b-b62b-b70fbd73a7e1: start cdd5360e-d849-4e2b-b62b-b70fbd73a7e1@group-33718A808786-LeaderStateImpl
2022-03-02 21:33:24,697 [cdd5360e-d849-4e2b-b62b-b70fbd73a7e1@group-33718A808786-LeaderElection77] INFO  segmented.SegmentedRaftLogWorker (SegmentedRaftLogWorker.java:startLogSegment(394)) - cdd5360e-d849-4e2b-b62b-b70fbd73a7e1@group-33718A808786-SegmentedRaftLogWorker: Starting segment from index:0
2022-03-02 21:33:24,703 [cdd5360e-d849-4e2b-b62b-b70fbd73a7e1@group-33718A808786-SegmentedRaftLogWorker] INFO  segmented.SegmentedRaftLogWorker (SegmentedRaftLogWorker.java:execute(601)) - cdd5360e-d849-4e2b-b62b-b70fbd73a7e1@group-33718A808786-SegmentedRaftLogWorker: created new log segment /home/runner/work/ozone/ozone/hadoop-ozone/integration-test/target/test-dir/MiniOzoneClusterImpl-f745d883-409d-4598-9a00-e779d9019c18/datanode-1/data/ratis/a5e47bad-4557-4566-987a-33718a808786/current/log_inprogress_0
2022-03-02 21:33:24,707 [cdd5360e-d849-4e2b-b62b-b70fbd73a7e1@group-33718A808786-LeaderElection77] INFO  server.RaftServer$Division (ServerState.java:setRaftConf(387)) - cdd5360e-d849-4e2b-b62b-b70fbd73a7e1@group-33718A808786: set configuration 0: [cdd5360e-d849-4e2b-b62b-b70fbd73a7e1|rpc:10.1.0.35:36141|dataStream:|priority:1], old=null
2022-03-02 21:33:24,718 [IPC Server handler 12 on default port 42781] INFO  ha.SequenceIdGenerator (SequenceIdGenerator.java:getNextId(127)) - Allocate a batch for containerId, change lastId from 0 to 1000.
2022-03-02 21:33:24,721 [d7f371f7-0d79-4eb0-9764-2158321d28de@group-E779D9019C18-StateMachineUpdater] WARN  ha.SequenceIdGenerator (SequenceIdGenerator.java:allocateBatch(235)) - Failed to allocate a batch for localId, expected lastId is 0, actual lastId is 109611004723200000.
2022-03-02 21:33:24,722 [IPC Server handler 12 on default port 42781] INFO  ha.SequenceIdGenerator (SequenceIdGenerator.java:getNextId(127)) - Allocate a batch for localId, change lastId from 109611004723200000 to 109611004723201000.
2022-03-02 21:33:24,794 [cdd5360e-d849-4e2b-b62b-b70fbd73a7e1@group-8EC42998B879-FollowerState] INFO  impl.FollowerState (FollowerState.java:run(134)) - cdd5360e-d849-4e2b-b62b-b70fbd73a7e1@group-8EC42998B879-FollowerState: change to CANDIDATE, lastRpcElapsedTime:5065040804ns, electionTimeout:5003ms
2022-03-02 21:33:24,794 [cdd5360e-d849-4e2b-b62b-b70fbd73a7e1@group-8EC42998B879-FollowerState] INFO  impl.RoleInfo (RoleInfo.java:shutdownFollowerState(108)) - cdd5360e-d849-4e2b-b62b-b70fbd73a7e1: shutdown cdd5360e-d849-4e2b-b62b-b70fbd73a7e1@group-8EC42998B879-FollowerState
2022-03-02 21:33:24,794 [cdd5360e-d849-4e2b-b62b-b70fbd73a7e1@group-8EC42998B879-FollowerState] INFO  server.RaftServer$Division (RaftServerImpl.java:setRole(290)) - cdd5360e-d849-4e2b-b62b-b70fbd73a7e1@group-8EC42998B879: changes role from  FOLLOWER to CANDIDATE at term 0 for changeToCandidate
2022-03-02 21:33:24,794 [cdd5360e-d849-4e2b-b62b-b70fbd73a7e1@group-8EC42998B879-FollowerState] INFO  server.RaftServerConfigKeys (ConfUtils.java:logGet(44)) - raft.server.leaderelection.pre-vote = false (custom)
2022-03-02 21:33:24,794 [cdd5360e-d849-4e2b-b62b-b70fbd73a7e1@group-8EC42998B879-FollowerState] INFO  impl.RoleInfo (RoleInfo.java:updateAndGet(130)) - cdd5360e-d849-4e2b-b62b-b70fbd73a7e1: start cdd5360e-d849-4e2b-b62b-b70fbd73a7e1@group-8EC42998B879-LeaderElection78
2022-03-02 21:33:24,798 [06306a50-9ba9-4128-94e0-55d591e142a1@group-8EC42998B879-FollowerState] INFO  impl.FollowerState (FollowerState.java:run(134)) - 06306a50-9ba9-4128-94e0-55d591e142a1@group-8EC42998B879-FollowerState: change to CANDIDATE, lastRpcElapsedTime:5222249930ns, electionTimeout:5195ms
2022-03-02 21:33:24,799 [06306a50-9ba9-4128-94e0-55d591e142a1@group-8EC42998B879-FollowerState] INFO  impl.RoleInfo (RoleInfo.java:shutdownFollowerState(108)) - 06306a50-9ba9-4128-94e0-55d591e142a1: shutdown 06306a50-9ba9-4128-94e0-55d591e142a1@group-8EC42998B879-FollowerState
2022-03-02 21:33:24,799 [06306a50-9ba9-4128-94e0-55d591e142a1@group-8EC42998B879-FollowerState] INFO  server.RaftServer$Division (RaftServerImpl.java:setRole(290)) - 06306a50-9ba9-4128-94e0-55d591e142a1@group-8EC42998B879: changes role from  FOLLOWER to CANDIDATE at term 0 for changeToCandidate
2022-03-02 21:33:24,800 [06306a50-9ba9-4128-94e0-55d591e142a1@group-8EC42998B879-FollowerState] INFO  server.RaftServerConfigKeys (ConfUtils.java:logGet(44)) - raft.server.leaderelection.pre-vote = false (custom)
2022-03-02 21:33:24,800 [06306a50-9ba9-4128-94e0-55d591e142a1@group-8EC42998B879-FollowerState] INFO  impl.RoleInfo (RoleInfo.java:updateAndGet(130)) - 06306a50-9ba9-4128-94e0-55d591e142a1: start 06306a50-9ba9-4128-94e0-55d591e142a1@group-8EC42998B879-LeaderElection79
2022-03-02 21:33:24,827 [ca012516-14dd-42cd-8742-1c9d04d43fd5@group-8EC42998B879-FollowerState] INFO  impl.FollowerState (FollowerState.java:run(134)) - ca012516-14dd-42cd-8742-1c9d04d43fd5@group-8EC42998B879-FollowerState: change to CANDIDATE, lastRpcElapsedTime:5126585866ns, electionTimeout:5124ms
2022-03-02 21:33:24,828 [ca012516-14dd-42cd-8742-1c9d04d43fd5@group-8EC42998B879-FollowerState] INFO  impl.RoleInfo (RoleInfo.java:shutdownFollowerState(108)) - ca012516-14dd-42cd-8742-1c9d04d43fd5: shutdown ca012516-14dd-42cd-8742-1c9d04d43fd5@group-8EC42998B879-FollowerState
2022-03-02 21:33:24,828 [ca012516-14dd-42cd-8742-1c9d04d43fd5@group-8EC42998B879-FollowerState] INFO  server.RaftServer$Division (RaftServerImpl.java:setRole(290)) - ca012516-14dd-42cd-8742-1c9d04d43fd5@group-8EC42998B879: changes role from  FOLLOWER to CANDIDATE at term 0 for changeToCandidate
2022-03-02 21:33:24,839 [ca012516-14dd-42cd-8742-1c9d04d43fd5@group-8EC42998B879-FollowerState] INFO  server.RaftServerConfigKeys (ConfUtils.java:logGet(44)) - raft.server.leaderelection.pre-vote = false (custom)
2022-03-02 21:33:24,839 [ca012516-14dd-42cd-8742-1c9d04d43fd5@group-8EC42998B879-FollowerState] INFO  impl.RoleInfo (RoleInfo.java:updateAndGet(130)) - ca012516-14dd-42cd-8742-1c9d04d43fd5: start ca012516-14dd-42cd-8742-1c9d04d43fd5@group-8EC42998B879-LeaderElection80
2022-03-02 21:33:24,840 [cdd5360e-d849-4e2b-b62b-b70fbd73a7e1@group-8EC42998B879-LeaderElection78] INFO  impl.LeaderElection (LeaderElection.java:askForVotes(306)) - cdd5360e-d849-4e2b-b62b-b70fbd73a7e1@group-8EC42998B879-LeaderElection78 ELECTION round 0: submit vote requests at term 1 for -1: [cdd5360e-d849-4e2b-b62b-b70fbd73a7e1|rpc:10.1.0.35:36141|priority:0, 06306a50-9ba9-4128-94e0-55d591e142a1|rpc:10.1.0.35:42445|priority:0, ca012516-14dd-42cd-8742-1c9d04d43fd5|rpc:10.1.0.35:34561|priority:1], old=null
2022-03-02 21:33:24,863 [06306a50-9ba9-4128-94e0-55d591e142a1@group-8EC42998B879-LeaderElection79] INFO  impl.LeaderElection (LeaderElection.java:askForVotes(306)) - 06306a50-9ba9-4128-94e0-55d591e142a1@group-8EC42998B879-LeaderElection79 ELECTION round 0: submit vote requests at term 1 for -1: [cdd5360e-d849-4e2b-b62b-b70fbd73a7e1|rpc:10.1.0.35:36141|priority:0, 06306a50-9ba9-4128-94e0-55d591e142a1|rpc:10.1.0.35:42445|priority:0, ca012516-14dd-42cd-8742-1c9d04d43fd5|rpc:10.1.0.35:34561|priority:1], old=null
2022-03-02 21:33:24,883 [grpc-default-executor-5] INFO  server.RaftServer$Division (RaftServerImpl.java:requestVote(1046)) - cdd5360e-d849-4e2b-b62b-b70fbd73a7e1@group-8EC42998B879: receive requestVote(ELECTION, 06306a50-9ba9-4128-94e0-55d591e142a1, group-8EC42998B879, 1, (t:0, i:0))
2022-03-02 21:33:24,884 [grpc-default-executor-5] INFO  impl.VoteContext (VoteContext.java:log(48)) - cdd5360e-d849-4e2b-b62b-b70fbd73a7e1@group-8EC42998B879-CANDIDATE: reject ELECTION from 06306a50-9ba9-4128-94e0-55d591e142a1: already has voted for cdd5360e-d849-4e2b-b62b-b70fbd73a7e1 at current term 1
2022-03-02 21:33:24,884 [grpc-default-executor-5] INFO  server.RaftServer$Division (RaftServerImpl.java:requestVote(1078)) - cdd5360e-d849-4e2b-b62b-b70fbd73a7e1@group-8EC42998B879 replies to ELECTION vote request: 06306a50-9ba9-4128-94e0-55d591e142a1<-cdd5360e-d849-4e2b-b62b-b70fbd73a7e1#0:FAIL-t1. Peer's state: cdd5360e-d849-4e2b-b62b-b70fbd73a7e1@group-8EC42998B879:t1, leader=null, voted=cdd5360e-d849-4e2b-b62b-b70fbd73a7e1, raftlog=cdd5360e-d849-4e2b-b62b-b70fbd73a7e1@group-8EC42998B879-SegmentedRaftLog:OPENED:c-1, conf=-1: [cdd5360e-d849-4e2b-b62b-b70fbd73a7e1|rpc:10.1.0.35:36141|priority:0, 06306a50-9ba9-4128-94e0-55d591e142a1|rpc:10.1.0.35:42445|priority:0, ca012516-14dd-42cd-8742-1c9d04d43fd5|rpc:10.1.0.35:34561|priority:1], old=null
2022-03-02 21:33:24,917 [ca012516-14dd-42cd-8742-1c9d04d43fd5@group-8EC42998B879-LeaderElection80] INFO  impl.LeaderElection (LeaderElection.java:askForVotes(306)) - ca012516-14dd-42cd-8742-1c9d04d43fd5@group-8EC42998B879-LeaderElection80 ELECTION round 0: submit vote requests at term 1 for -1: [cdd5360e-d849-4e2b-b62b-b70fbd73a7e1|rpc:10.1.0.35:36141|dataStream:|priority:0, 06306a50-9ba9-4128-94e0-55d591e142a1|rpc:10.1.0.35:42445|dataStream:|priority:0, ca012516-14dd-42cd-8742-1c9d04d43fd5|rpc:10.1.0.35:34561|dataStream:|priority:1], old=null
2022-03-02 21:33:24,934 [grpc-default-executor-5] INFO  server.RaftServer$Division (RaftServerImpl.java:requestVote(1046)) - cdd5360e-d849-4e2b-b62b-b70fbd73a7e1@group-8EC42998B879: receive requestVote(ELECTION, ca012516-14dd-42cd-8742-1c9d04d43fd5, group-8EC42998B879, 1, (t:0, i:0))
2022-03-02 21:33:24,934 [grpc-default-executor-5] INFO  impl.VoteContext (VoteContext.java:log(48)) - cdd5360e-d849-4e2b-b62b-b70fbd73a7e1@group-8EC42998B879-CANDIDATE: reject ELECTION from ca012516-14dd-42cd-8742-1c9d04d43fd5: already has voted for cdd5360e-d849-4e2b-b62b-b70fbd73a7e1 at current term 1
2022-03-02 21:33:24,934 [grpc-default-executor-5] INFO  server.RaftServer$Division (RaftServerImpl.java:requestVote(1078)) - cdd5360e-d849-4e2b-b62b-b70fbd73a7e1@group-8EC42998B879 replies to ELECTION vote request: ca012516-14dd-42cd-8742-1c9d04d43fd5<-cdd5360e-d849-4e2b-b62b-b70fbd73a7e1#0:FAIL-t1. Peer's state: cdd5360e-d849-4e2b-b62b-b70fbd73a7e1@group-8EC42998B879:t1, leader=null, voted=cdd5360e-d849-4e2b-b62b-b70fbd73a7e1, raftlog=cdd5360e-d849-4e2b-b62b-b70fbd73a7e1@group-8EC42998B879-SegmentedRaftLog:OPENED:c-1, conf=-1: [cdd5360e-d849-4e2b-b62b-b70fbd73a7e1|rpc:10.1.0.35:36141|priority:0, 06306a50-9ba9-4128-94e0-55d591e142a1|rpc:10.1.0.35:42445|priority:0, ca012516-14dd-42cd-8742-1c9d04d43fd5|rpc:10.1.0.35:34561|priority:1], old=null
2022-03-02 21:33:24,955 [grpc-default-executor-5] INFO  server.RaftServer$Division (RaftServerImpl.java:requestVote(1046)) - ca012516-14dd-42cd-8742-1c9d04d43fd5@group-8EC42998B879: receive requestVote(ELECTION, 06306a50-9ba9-4128-94e0-55d591e142a1, group-8EC42998B879, 1, (t:0, i:0))
2022-03-02 21:33:24,976 [grpc-default-executor-0] INFO  server.RaftServer$Division (RaftServerImpl.java:requestVote(1046)) - 06306a50-9ba9-4128-94e0-55d591e142a1@group-8EC42998B879: receive requestVote(ELECTION, cdd5360e-d849-4e2b-b62b-b70fbd73a7e1, group-8EC42998B879, 1, (t:0, i:0))
2022-03-02 21:33:24,976 [grpc-default-executor-0] INFO  impl.VoteContext (VoteContext.java:log(48)) - 06306a50-9ba9-4128-94e0-55d591e142a1@group-8EC42998B879-CANDIDATE: reject ELECTION from cdd5360e-d849-4e2b-b62b-b70fbd73a7e1: already has voted for 06306a50-9ba9-4128-94e0-55d591e142a1 at current term 1
2022-03-02 21:33:24,976 [grpc-default-executor-0] INFO  server.RaftServer$Division (RaftServerImpl.java:requestVote(1078)) - 06306a50-9ba9-4128-94e0-55d591e142a1@group-8EC42998B879 replies to ELECTION vote request: cdd5360e-d849-4e2b-b62b-b70fbd73a7e1<-06306a50-9ba9-4128-94e0-55d591e142a1#0:FAIL-t1. Peer's state: 06306a50-9ba9-4128-94e0-55d591e142a1@group-8EC42998B879:t1, leader=null, voted=06306a50-9ba9-4128-94e0-55d591e142a1, raftlog=06306a50-9ba9-4128-94e0-55d591e142a1@group-8EC42998B879-SegmentedRaftLog:OPENED:c-1, conf=-1: [cdd5360e-d849-4e2b-b62b-b70fbd73a7e1|rpc:10.1.0.35:36141|priority:0, 06306a50-9ba9-4128-94e0-55d591e142a1|rpc:10.1.0.35:42445|priority:0, ca012516-14dd-42cd-8742-1c9d04d43fd5|rpc:10.1.0.35:34561|priority:1], old=null
2022-03-02 21:33:25,010 [06306a50-9ba9-4128-94e0-55d591e142a1@group-2F68AEE794C1-FollowerState] INFO  impl.FollowerState (FollowerState.java:run(134)) - 06306a50-9ba9-4128-94e0-55d591e142a1@group-2F68AEE794C1-FollowerState: change to CANDIDATE, lastRpcElapsedTime:5017859334ns, electionTimeout:5017ms
2022-03-02 21:33:25,010 [06306a50-9ba9-4128-94e0-55d591e142a1@group-2F68AEE794C1-FollowerState] INFO  impl.RoleInfo (RoleInfo.java:shutdownFollowerState(108)) - 06306a50-9ba9-4128-94e0-55d591e142a1: shutdown 06306a50-9ba9-4128-94e0-55d591e142a1@group-2F68AEE794C1-FollowerState
2022-03-02 21:33:25,010 [06306a50-9ba9-4128-94e0-55d591e142a1@group-2F68AEE794C1-FollowerState] INFO  server.RaftServer$Division (RaftServerImpl.java:setRole(290)) - 06306a50-9ba9-4128-94e0-55d591e142a1@group-2F68AEE794C1: changes role from  FOLLOWER to CANDIDATE at term 0 for changeToCandidate
2022-03-02 21:33:25,010 [06306a50-9ba9-4128-94e0-55d591e142a1@group-2F68AEE794C1-FollowerState] INFO  server.RaftServerConfigKeys (ConfUtils.java:logGet(44)) - raft.server.leaderelection.pre-vote = false (custom)
2022-03-02 21:33:25,010 [06306a50-9ba9-4128-94e0-55d591e142a1@group-2F68AEE794C1-FollowerState] INFO  impl.RoleInfo (RoleInfo.java:updateAndGet(130)) - 06306a50-9ba9-4128-94e0-55d591e142a1: start 06306a50-9ba9-4128-94e0-55d591e142a1@group-2F68AEE794C1-LeaderElection81
2022-03-02 21:33:25,011 [grpc-default-executor-5] INFO  impl.VoteContext (VoteContext.java:log(48)) - ca012516-14dd-42cd-8742-1c9d04d43fd5@group-8EC42998B879-CANDIDATE: reject ELECTION from 06306a50-9ba9-4128-94e0-55d591e142a1: already has voted for ca012516-14dd-42cd-8742-1c9d04d43fd5 at current term 1
2022-03-02 21:33:25,011 [grpc-default-executor-5] INFO  server.RaftServer$Division (RaftServerImpl.java:requestVote(1078)) - ca012516-14dd-42cd-8742-1c9d04d43fd5@group-8EC42998B879 replies to ELECTION vote request: 06306a50-9ba9-4128-94e0-55d591e142a1<-ca012516-14dd-42cd-8742-1c9d04d43fd5#0:FAIL-t1. Peer's state: ca012516-14dd-42cd-8742-1c9d04d43fd5@group-8EC42998B879:t1, leader=null, voted=ca012516-14dd-42cd-8742-1c9d04d43fd5, raftlog=ca012516-14dd-42cd-8742-1c9d04d43fd5@group-8EC42998B879-SegmentedRaftLog:OPENED:c-1, conf=-1: [cdd5360e-d849-4e2b-b62b-b70fbd73a7e1|rpc:10.1.0.35:36141|dataStream:|priority:0, 06306a50-9ba9-4128-94e0-55d591e142a1|rpc:10.1.0.35:42445|dataStream:|priority:0, ca012516-14dd-42cd-8742-1c9d04d43fd5|rpc:10.1.0.35:34561|dataStream:|priority:1], old=null
2022-03-02 21:33:25,013 [06306a50-9ba9-4128-94e0-55d591e142a1@group-8EC42998B879-LeaderElection79] INFO  impl.LeaderElection (LeaderElection.java:logAndReturn(89)) - 06306a50-9ba9-4128-94e0-55d591e142a1@group-8EC42998B879-LeaderElection79: ELECTION REJECTED received 2 response(s) and 0 exception(s):
2022-03-02 21:33:25,013 [06306a50-9ba9-4128-94e0-55d591e142a1@group-8EC42998B879-LeaderElection79] INFO  impl.LeaderElection (LeaderElection.java:logAndReturn(93)) -   Response 0: 06306a50-9ba9-4128-94e0-55d591e142a1<-cdd5360e-d849-4e2b-b62b-b70fbd73a7e1#0:FAIL-t1
2022-03-02 21:33:25,013 [06306a50-9ba9-4128-94e0-55d591e142a1@group-8EC42998B879-LeaderElection79] INFO  impl.LeaderElection (LeaderElection.java:logAndReturn(93)) -   Response 1: 06306a50-9ba9-4128-94e0-55d591e142a1<-ca012516-14dd-42cd-8742-1c9d04d43fd5#0:FAIL-t1
2022-03-02 21:33:25,013 [06306a50-9ba9-4128-94e0-55d591e142a1@group-8EC42998B879-LeaderElection79] INFO  impl.LeaderElection (LeaderElection.java:askForVotes(308)) - 06306a50-9ba9-4128-94e0-55d591e142a1@group-8EC42998B879-LeaderElection79 ELECTION round 0: result REJECTED
2022-03-02 21:33:25,013 [06306a50-9ba9-4128-94e0-55d591e142a1@group-8EC42998B879-LeaderElection79] INFO  server.RaftServer$Division (RaftServerImpl.java:setRole(290)) - 06306a50-9ba9-4128-94e0-55d591e142a1@group-8EC42998B879: changes role from CANDIDATE to FOLLOWER at term 1 for REJECTED
2022-03-02 21:33:25,013 [06306a50-9ba9-4128-94e0-55d591e142a1@group-8EC42998B879-LeaderElection79] INFO  impl.RoleInfo (RoleInfo.java:shutdownLeaderElection(121)) - 06306a50-9ba9-4128-94e0-55d591e142a1: shutdown 06306a50-9ba9-4128-94e0-55d591e142a1@group-8EC42998B879-LeaderElection79
2022-03-02 21:33:25,013 [06306a50-9ba9-4128-94e0-55d591e142a1@group-8EC42998B879-LeaderElection79] INFO  impl.RoleInfo (RoleInfo.java:updateAndGet(130)) - 06306a50-9ba9-4128-94e0-55d591e142a1: start 06306a50-9ba9-4128-94e0-55d591e142a1@group-8EC42998B879-FollowerState
2022-03-02 21:33:25,013 [grpc-default-executor-5] INFO  server.RaftServer$Division (RaftServerImpl.java:requestVote(1046)) - ca012516-14dd-42cd-8742-1c9d04d43fd5@group-8EC42998B879: receive requestVote(ELECTION, cdd5360e-d849-4e2b-b62b-b70fbd73a7e1, group-8EC42998B879, 1, (t:0, i:0))
2022-03-02 21:33:25,013 [grpc-default-executor-5] INFO  impl.VoteContext (VoteContext.java:log(48)) - ca012516-14dd-42cd-8742-1c9d04d43fd5@group-8EC42998B879-CANDIDATE: reject ELECTION from cdd5360e-d849-4e2b-b62b-b70fbd73a7e1: already has voted for ca012516-14dd-42cd-8742-1c9d04d43fd5 at current term 1
2022-03-02 21:33:25,013 [grpc-default-executor-5] INFO  server.RaftServer$Division (RaftServerImpl.java:requestVote(1078)) - ca012516-14dd-42cd-8742-1c9d04d43fd5@group-8EC42998B879 replies to ELECTION vote request: cdd5360e-d849-4e2b-b62b-b70fbd73a7e1<-ca012516-14dd-42cd-8742-1c9d04d43fd5#0:FAIL-t1. Peer's state: ca012516-14dd-42cd-8742-1c9d04d43fd5@group-8EC42998B879:t1, leader=null, voted=ca012516-14dd-42cd-8742-1c9d04d43fd5, raftlog=ca012516-14dd-42cd-8742-1c9d04d43fd5@group-8EC42998B879-SegmentedRaftLog:OPENED:c-1, conf=-1: [cdd5360e-d849-4e2b-b62b-b70fbd73a7e1|rpc:10.1.0.35:36141|dataStream:|priority:0, 06306a50-9ba9-4128-94e0-55d591e142a1|rpc:10.1.0.35:42445|dataStream:|priority:0, ca012516-14dd-42cd-8742-1c9d04d43fd5|rpc:10.1.0.35:34561|dataStream:|priority:1], old=null
2022-03-02 21:33:25,040 [cdd5360e-d849-4e2b-b62b-b70fbd73a7e1@group-8EC42998B879-LeaderElection78] INFO  impl.LeaderElection (LeaderElection.java:logAndReturn(89)) - cdd5360e-d849-4e2b-b62b-b70fbd73a7e1@group-8EC42998B879-LeaderElection78: ELECTION REJECTED received 2 response(s) and 0 exception(s):
2022-03-02 21:33:25,040 [cdd5360e-d849-4e2b-b62b-b70fbd73a7e1@group-8EC42998B879-LeaderElection78] INFO  impl.LeaderElection (LeaderElection.java:logAndReturn(93)) -   Response 0: cdd5360e-d849-4e2b-b62b-b70fbd73a7e1<-06306a50-9ba9-4128-94e0-55d591e142a1#0:FAIL-t1
2022-03-02 21:33:25,040 [cdd5360e-d849-4e2b-b62b-b70fbd73a7e1@group-8EC42998B879-LeaderElection78] INFO  impl.LeaderElection (LeaderElection.java:logAndReturn(93)) -   Response 1: cdd5360e-d849-4e2b-b62b-b70fbd73a7e1<-ca012516-14dd-42cd-8742-1c9d04d43fd5#0:FAIL-t1
2022-03-02 21:33:25,040 [cdd5360e-d849-4e2b-b62b-b70fbd73a7e1@group-8EC42998B879-LeaderElection78] INFO  impl.LeaderElection (LeaderElection.java:askForVotes(308)) - cdd5360e-d849-4e2b-b62b-b70fbd73a7e1@group-8EC42998B879-LeaderElection78 ELECTION round 0: result REJECTED
2022-03-02 21:33:25,040 [cdd5360e-d849-4e2b-b62b-b70fbd73a7e1@group-8EC42998B879-LeaderElection78] INFO  server.RaftServer$Division (RaftServerImpl.java:setRole(290)) - cdd5360e-d849-4e2b-b62b-b70fbd73a7e1@group-8EC42998B879: changes role from CANDIDATE to FOLLOWER at term 1 for REJECTED
2022-03-02 21:33:25,040 [cdd5360e-d849-4e2b-b62b-b70fbd73a7e1@group-8EC42998B879-LeaderElection78] INFO  impl.RoleInfo (RoleInfo.java:shutdownLeaderElection(121)) - cdd5360e-d849-4e2b-b62b-b70fbd73a7e1: shutdown cdd5360e-d849-4e2b-b62b-b70fbd73a7e1@group-8EC42998B879-LeaderElection78
2022-03-02 21:33:25,040 [cdd5360e-d849-4e2b-b62b-b70fbd73a7e1@group-8EC42998B879-LeaderElection78] INFO  impl.RoleInfo (RoleInfo.java:updateAndGet(130)) - cdd5360e-d849-4e2b-b62b-b70fbd73a7e1: start cdd5360e-d849-4e2b-b62b-b70fbd73a7e1@group-8EC42998B879-FollowerState
2022-03-02 21:33:25,040 [grpc-default-executor-2] INFO  server.RaftServer$Division (RaftServerImpl.java:requestVote(1046)) - 06306a50-9ba9-4128-94e0-55d591e142a1@group-8EC42998B879: receive requestVote(ELECTION, ca012516-14dd-42cd-8742-1c9d04d43fd5, group-8EC42998B879, 1, (t:0, i:0))
2022-03-02 21:33:25,040 [grpc-default-executor-2] INFO  impl.VoteContext (VoteContext.java:log(48)) - 06306a50-9ba9-4128-94e0-55d591e142a1@group-8EC42998B879-FOLLOWER: reject ELECTION from ca012516-14dd-42cd-8742-1c9d04d43fd5: already has voted for 06306a50-9ba9-4128-94e0-55d591e142a1 at current term 1
2022-03-02 21:33:25,040 [grpc-default-executor-2] INFO  server.RaftServer$Division (RaftServerImpl.java:requestVote(1078)) - 06306a50-9ba9-4128-94e0-55d591e142a1@group-8EC42998B879 replies to ELECTION vote request: ca012516-14dd-42cd-8742-1c9d04d43fd5<-06306a50-9ba9-4128-94e0-55d591e142a1#0:FAIL-t1. Peer's state: 06306a50-9ba9-4128-94e0-55d591e142a1@group-8EC42998B879:t1, leader=null, voted=06306a50-9ba9-4128-94e0-55d591e142a1, raftlog=06306a50-9ba9-4128-94e0-55d591e142a1@group-8EC42998B879-SegmentedRaftLog:OPENED:c-1, conf=-1: [cdd5360e-d849-4e2b-b62b-b70fbd73a7e1|rpc:10.1.0.35:36141|priority:0, 06306a50-9ba9-4128-94e0-55d591e142a1|rpc:10.1.0.35:42445|priority:0, ca012516-14dd-42cd-8742-1c9d04d43fd5|rpc:10.1.0.35:34561|priority:1], old=null
2022-03-02 21:33:25,045 [06306a50-9ba9-4128-94e0-55d591e142a1@group-2F68AEE794C1-LeaderElection81] INFO  impl.LeaderElection (LeaderElection.java:askForVotes(306)) - 06306a50-9ba9-4128-94e0-55d591e142a1@group-2F68AEE794C1-LeaderElection81 ELECTION round 0: submit vote requests at term 1 for -1: [cdd5360e-d849-4e2b-b62b-b70fbd73a7e1|rpc:10.1.0.35:36141|priority:1, 06306a50-9ba9-4128-94e0-55d591e142a1|rpc:10.1.0.35:42445|priority:0, ca012516-14dd-42cd-8742-1c9d04d43fd5|rpc:10.1.0.35:34561|priority:0], old=null
2022-03-02 21:33:25,080 [ca012516-14dd-42cd-8742-1c9d04d43fd5@group-8EC42998B879-LeaderElection80] INFO  impl.LeaderElection (LeaderElection.java:logAndReturn(89)) - ca012516-14dd-42cd-8742-1c9d04d43fd5@group-8EC42998B879-LeaderElection80: ELECTION REJECTED received 2 response(s) and 0 exception(s):
2022-03-02 21:33:25,080 [ca012516-14dd-42cd-8742-1c9d04d43fd5@group-8EC42998B879-LeaderElection80] INFO  impl.LeaderElection (LeaderElection.java:logAndReturn(93)) -   Response 0: ca012516-14dd-42cd-8742-1c9d04d43fd5<-cdd5360e-d849-4e2b-b62b-b70fbd73a7e1#0:FAIL-t1
2022-03-02 21:33:25,080 [ca012516-14dd-42cd-8742-1c9d04d43fd5@group-8EC42998B879-LeaderElection80] INFO  impl.LeaderElection (LeaderElection.java:logAndReturn(93)) -   Response 1: ca012516-14dd-42cd-8742-1c9d04d43fd5<-06306a50-9ba9-4128-94e0-55d591e142a1#0:FAIL-t1
2022-03-02 21:33:25,080 [ca012516-14dd-42cd-8742-1c9d04d43fd5@group-8EC42998B879-LeaderElection80] INFO  impl.LeaderElection (LeaderElection.java:askForVotes(308)) - ca012516-14dd-42cd-8742-1c9d04d43fd5@group-8EC42998B879-LeaderElection80 ELECTION round 0: result REJECTED
2022-03-02 21:33:25,080 [ca012516-14dd-42cd-8742-1c9d04d43fd5@group-8EC42998B879-LeaderElection80] INFO  server.RaftServer$Division (RaftServerImpl.java:setRole(290)) - ca012516-14dd-42cd-8742-1c9d04d43fd5@group-8EC42998B879: changes role from CANDIDATE to FOLLOWER at term 1 for REJECTED
2022-03-02 21:33:25,080 [ca012516-14dd-42cd-8742-1c9d04d43fd5@group-8EC42998B879-LeaderElection80] INFO  impl.RoleInfo (RoleInfo.java:shutdownLeaderElection(121)) - ca012516-14dd-42cd-8742-1c9d04d43fd5: shutdown ca012516-14dd-42cd-8742-1c9d04d43fd5@group-8EC42998B879-LeaderElection80
2022-03-02 21:33:25,080 [ca012516-14dd-42cd-8742-1c9d04d43fd5@group-8EC42998B879-LeaderElection80] INFO  impl.RoleInfo (RoleInfo.java:updateAndGet(130)) - ca012516-14dd-42cd-8742-1c9d04d43fd5: start ca012516-14dd-42cd-8742-1c9d04d43fd5@group-8EC42998B879-FollowerState
2022-03-02 21:33:25,081 [grpc-default-executor-2] INFO  server.RaftServer$Division (RaftServerImpl.java:requestVote(1046)) - cdd5360e-d849-4e2b-b62b-b70fbd73a7e1@group-2F68AEE794C1: receive requestVote(ELECTION, 06306a50-9ba9-4128-94e0-55d591e142a1, group-2F68AEE794C1, 1, (t:0, i:0))
2022-03-02 21:33:25,081 [grpc-default-executor-2] INFO  impl.VoteContext (VoteContext.java:log(48)) - cdd5360e-d849-4e2b-b62b-b70fbd73a7e1@group-2F68AEE794C1-FOLLOWER: reject ELECTION from 06306a50-9ba9-4128-94e0-55d591e142a1: our priority 1 > candidate's priority 0
2022-03-02 21:33:25,081 [grpc-default-executor-2] INFO  server.RaftServer$Division (RaftServerImpl.java:setRole(290)) - cdd5360e-d849-4e2b-b62b-b70fbd73a7e1@group-2F68AEE794C1: changes role from  FOLLOWER to FOLLOWER at term 1 for candidate:06306a50-9ba9-4128-94e0-55d591e142a1
2022-03-02 21:33:25,081 [grpc-default-executor-2] INFO  impl.RoleInfo (RoleInfo.java:shutdownFollowerState(108)) - cdd5360e-d849-4e2b-b62b-b70fbd73a7e1: shutdown cdd5360e-d849-4e2b-b62b-b70fbd73a7e1@group-2F68AEE794C1-FollowerState
2022-03-02 21:33:25,081 [grpc-default-executor-2] INFO  impl.RoleInfo (RoleInfo.java:updateAndGet(130)) - cdd5360e-d849-4e2b-b62b-b70fbd73a7e1: start cdd5360e-d849-4e2b-b62b-b70fbd73a7e1@group-2F68AEE794C1-FollowerState
2022-03-02 21:33:25,082 [cdd5360e-d849-4e2b-b62b-b70fbd73a7e1@group-2F68AEE794C1-FollowerState] INFO  impl.FollowerState (FollowerState.java:run(143)) - cdd5360e-d849-4e2b-b62b-b70fbd73a7e1@group-2F68AEE794C1-FollowerState was interrupted: {}
java.lang.InterruptedException: sleep interrupted
	at java.lang.Thread.sleep(Native Method)
	at java.lang.Thread.sleep(Thread.java:342)
	at java.util.concurrent.TimeUnit.sleep(TimeUnit.java:386)
	at org.apache.ratis.util.TimeDuration.sleep(TimeDuration.java:324)
	at org.apache.ratis.util.TimeDuration.sleep(TimeDuration.java:309)
	at org.apache.ratis.server.impl.FollowerState.run(FollowerState.java:118)
2022-03-02 21:33:25,084 [grpc-default-executor-2] INFO  server.RaftServer$Division (RaftServerImpl.java:requestVote(1078)) - cdd5360e-d849-4e2b-b62b-b70fbd73a7e1@group-2F68AEE794C1 replies to ELECTION vote request: 06306a50-9ba9-4128-94e0-55d591e142a1<-cdd5360e-d849-4e2b-b62b-b70fbd73a7e1#0:FAIL-t1. Peer's state: cdd5360e-d849-4e2b-b62b-b70fbd73a7e1@group-2F68AEE794C1:t1, leader=null, voted=null, raftlog=cdd5360e-d849-4e2b-b62b-b70fbd73a7e1@group-2F68AEE794C1-SegmentedRaftLog:OPENED:c-1, conf=-1: [cdd5360e-d849-4e2b-b62b-b70fbd73a7e1|rpc:10.1.0.35:36141|priority:1, 06306a50-9ba9-4128-94e0-55d591e142a1|rpc:10.1.0.35:42445|priority:0, ca012516-14dd-42cd-8742-1c9d04d43fd5|rpc:10.1.0.35:34561|priority:0], old=null
2022-03-02 21:33:25,085 [06306a50-9ba9-4128-94e0-55d591e142a1@group-2F68AEE794C1-LeaderElection81] INFO  impl.LeaderElection (LeaderElection.java:logAndReturn(89)) - 06306a50-9ba9-4128-94e0-55d591e142a1@group-2F68AEE794C1-LeaderElection81: ELECTION REJECTED received 1 response(s) and 0 exception(s):
2022-03-02 21:33:25,085 [06306a50-9ba9-4128-94e0-55d591e142a1@group-2F68AEE794C1-LeaderElection81] INFO  impl.LeaderElection (LeaderElection.java:logAndReturn(93)) -   Response 0: 06306a50-9ba9-4128-94e0-55d591e142a1<-cdd5360e-d849-4e2b-b62b-b70fbd73a7e1#0:FAIL-t1
2022-03-02 21:33:25,085 [06306a50-9ba9-4128-94e0-55d591e142a1@group-2F68AEE794C1-LeaderElection81] INFO  impl.LeaderElection (LeaderElection.java:askForVotes(308)) - 06306a50-9ba9-4128-94e0-55d591e142a1@group-2F68AEE794C1-LeaderElection81 ELECTION round 0: result REJECTED
2022-03-02 21:33:25,085 [06306a50-9ba9-4128-94e0-55d591e142a1@group-2F68AEE794C1-LeaderElection81] INFO  server.RaftServer$Division (RaftServerImpl.java:setRole(290)) - 06306a50-9ba9-4128-94e0-55d591e142a1@group-2F68AEE794C1: changes role from CANDIDATE to FOLLOWER at term 1 for REJECTED
2022-03-02 21:33:25,085 [06306a50-9ba9-4128-94e0-55d591e142a1@group-2F68AEE794C1-LeaderElection81] INFO  impl.RoleInfo (RoleInfo.java:shutdownLeaderElection(121)) - 06306a50-9ba9-4128-94e0-55d591e142a1: shutdown 06306a50-9ba9-4128-94e0-55d591e142a1@group-2F68AEE794C1-LeaderElection81
2022-03-02 21:33:25,085 [06306a50-9ba9-4128-94e0-55d591e142a1@group-2F68AEE794C1-LeaderElection81] INFO  impl.RoleInfo (RoleInfo.java:updateAndGet(130)) - 06306a50-9ba9-4128-94e0-55d591e142a1: start 06306a50-9ba9-4128-94e0-55d591e142a1@group-2F68AEE794C1-FollowerState
2022-03-02 21:33:25,124 [grpc-default-executor-2] INFO  server.RaftServer$Division (RaftServerImpl.java:requestVote(1046)) - ca012516-14dd-42cd-8742-1c9d04d43fd5@group-2F68AEE794C1: receive requestVote(ELECTION, 06306a50-9ba9-4128-94e0-55d591e142a1, group-2F68AEE794C1, 1, (t:0, i:0))
2022-03-02 21:33:25,124 [grpc-default-executor-2] INFO  impl.VoteContext (VoteContext.java:log(48)) - ca012516-14dd-42cd-8742-1c9d04d43fd5@group-2F68AEE794C1-FOLLOWER: accept ELECTION from 06306a50-9ba9-4128-94e0-55d591e142a1: our priority 0 <= candidate's priority 0
2022-03-02 21:33:25,124 [grpc-default-executor-2] INFO  server.RaftServer$Division (RaftServerImpl.java:setRole(290)) - ca012516-14dd-42cd-8742-1c9d04d43fd5@group-2F68AEE794C1: changes role from  FOLLOWER to FOLLOWER at term 1 for candidate:06306a50-9ba9-4128-94e0-55d591e142a1
2022-03-02 21:33:25,124 [grpc-default-executor-2] INFO  impl.RoleInfo (RoleInfo.java:shutdownFollowerState(108)) - ca012516-14dd-42cd-8742-1c9d04d43fd5: shutdown ca012516-14dd-42cd-8742-1c9d04d43fd5@group-2F68AEE794C1-FollowerState
2022-03-02 21:33:25,124 [grpc-default-executor-2] INFO  impl.RoleInfo (RoleInfo.java:updateAndGet(130)) - ca012516-14dd-42cd-8742-1c9d04d43fd5: start ca012516-14dd-42cd-8742-1c9d04d43fd5@group-2F68AEE794C1-FollowerState
2022-03-02 21:33:25,124 [ca012516-14dd-42cd-8742-1c9d04d43fd5@group-2F68AEE794C1-FollowerState] INFO  impl.FollowerState (FollowerState.java:run(143)) - ca012516-14dd-42cd-8742-1c9d04d43fd5@group-2F68AEE794C1-FollowerState was interrupted: {}
java.lang.InterruptedException: sleep interrupted
	at java.lang.Thread.sleep(Native Method)
	at java.lang.Thread.sleep(Thread.java:342)
	at java.util.concurrent.TimeUnit.sleep(TimeUnit.java:386)
	at org.apache.ratis.util.TimeDuration.sleep(TimeDuration.java:324)
	at org.apache.ratis.util.TimeDuration.sleep(TimeDuration.java:309)
	at org.apache.ratis.server.impl.FollowerState.run(FollowerState.java:118)
2022-03-02 21:33:25,165 [grpc-default-executor-2] INFO  server.RaftServer$Division (RaftServerImpl.java:requestVote(1078)) - ca012516-14dd-42cd-8742-1c9d04d43fd5@group-2F68AEE794C1 replies to ELECTION vote request: 06306a50-9ba9-4128-94e0-55d591e142a1<-ca012516-14dd-42cd-8742-1c9d04d43fd5#0:OK-t1. Peer's state: ca012516-14dd-42cd-8742-1c9d04d43fd5@group-2F68AEE794C1:t1, leader=null, voted=06306a50-9ba9-4128-94e0-55d591e142a1, raftlog=ca012516-14dd-42cd-8742-1c9d04d43fd5@group-2F68AEE794C1-SegmentedRaftLog:OPENED:c-1, conf=-1: [cdd5360e-d849-4e2b-b62b-b70fbd73a7e1|rpc:10.1.0.35:36141|dataStream:|priority:1, 06306a50-9ba9-4128-94e0-55d591e142a1|rpc:10.1.0.35:42445|dataStream:|priority:0, ca012516-14dd-42cd-8742-1c9d04d43fd5|rpc:10.1.0.35:34561|dataStream:|priority:0], old=null
2022-03-02 21:33:25,571 [ca012516-14dd-42cd-8742-1c9d04d43fd5@group-BC16C3A2A057-FollowerState] INFO  impl.FollowerState (FollowerState.java:run(134)) - ca012516-14dd-42cd-8742-1c9d04d43fd5@group-BC16C3A2A057-FollowerState: change to CANDIDATE, lastRpcElapsedTime:5135363140ns, electionTimeout:5132ms
2022-03-02 21:33:25,572 [ca012516-14dd-42cd-8742-1c9d04d43fd5@group-BC16C3A2A057-FollowerState] INFO  impl.RoleInfo (RoleInfo.java:shutdownFollowerState(108)) - ca012516-14dd-42cd-8742-1c9d04d43fd5: shutdown ca012516-14dd-42cd-8742-1c9d04d43fd5@group-BC16C3A2A057-FollowerState
2022-03-02 21:33:25,572 [ca012516-14dd-42cd-8742-1c9d04d43fd5@group-BC16C3A2A057-FollowerState] INFO  server.RaftServer$Division (RaftServerImpl.java:setRole(290)) - ca012516-14dd-42cd-8742-1c9d04d43fd5@group-BC16C3A2A057: changes role from  FOLLOWER to CANDIDATE at term 0 for changeToCandidate
2022-03-02 21:33:25,572 [ca012516-14dd-42cd-8742-1c9d04d43fd5@group-BC16C3A2A057-FollowerState] INFO  server.RaftServerConfigKeys (ConfUtils.java:logGet(44)) - raft.server.leaderelection.pre-vote = false (custom)
2022-03-02 21:33:25,572 [ca012516-14dd-42cd-8742-1c9d04d43fd5@group-BC16C3A2A057-FollowerState] INFO  impl.RoleInfo (RoleInfo.java:updateAndGet(130)) - ca012516-14dd-42cd-8742-1c9d04d43fd5: start ca012516-14dd-42cd-8742-1c9d04d43fd5@group-BC16C3A2A057-LeaderElection82
2022-03-02 21:33:25,606 [ca012516-14dd-42cd-8742-1c9d04d43fd5@group-BC16C3A2A057-LeaderElection82] INFO  impl.LeaderElection (LeaderElection.java:askForVotes(306)) - ca012516-14dd-42cd-8742-1c9d04d43fd5@group-BC16C3A2A057-LeaderElection82 ELECTION round 0: submit vote requests at term 1 for -1: [ca012516-14dd-42cd-8742-1c9d04d43fd5|rpc:10.1.0.35:34561|priority:1], old=null
2022-03-02 21:33:25,606 [ca012516-14dd-42cd-8742-1c9d04d43fd5@group-BC16C3A2A057-LeaderElection82] INFO  impl.LeaderElection (LeaderElection.java:askForVotes(308)) - ca012516-14dd-42cd-8742-1c9d04d43fd5@group-BC16C3A2A057-LeaderElection82 ELECTION round 0: result PASSED (term=1)
2022-03-02 21:33:25,606 [ca012516-14dd-42cd-8742-1c9d04d43fd5@group-BC16C3A2A057-LeaderElection82] INFO  impl.RoleInfo (RoleInfo.java:shutdownLeaderElection(121)) - ca012516-14dd-42cd-8742-1c9d04d43fd5: shutdown ca012516-14dd-42cd-8742-1c9d04d43fd5@group-BC16C3A2A057-LeaderElection82
2022-03-02 21:33:25,606 [ca012516-14dd-42cd-8742-1c9d04d43fd5@group-BC16C3A2A057-LeaderElection82] INFO  server.RaftServer$Division (RaftServerImpl.java:setRole(290)) - ca012516-14dd-42cd-8742-1c9d04d43fd5@group-BC16C3A2A057: changes role from CANDIDATE to LEADER at term 1 for changeToLeader
2022-03-02 21:33:25,606 [ca012516-14dd-42cd-8742-1c9d04d43fd5@group-BC16C3A2A057-LeaderElection82] INFO  ratis.XceiverServerRatis (XceiverServerRatis.java:handleLeaderChangedNotification(867)) - Leader change notification received for group: group-BC16C3A2A057 with new leaderId: ca012516-14dd-42cd-8742-1c9d04d43fd5
2022-03-02 21:33:25,606 [ca012516-14dd-42cd-8742-1c9d04d43fd5@group-BC16C3A2A057-LeaderElection82] INFO  server.RaftServer$Division (ServerState.java:setLeader(285)) - ca012516-14dd-42cd-8742-1c9d04d43fd5@group-BC16C3A2A057: change Leader from null to ca012516-14dd-42cd-8742-1c9d04d43fd5 at term 1 for becomeLeader, leader elected after 5202ms
2022-03-02 21:33:25,606 [ca012516-14dd-42cd-8742-1c9d04d43fd5@group-BC16C3A2A057-LeaderElection82] INFO  server.RaftServerConfigKeys (ConfUtils.java:logGet(44)) - raft.server.staging.catchup.gap = 1000 (default)
2022-03-02 21:33:25,606 [ca012516-14dd-42cd-8742-1c9d04d43fd5@group-BC16C3A2A057-LeaderElection82] INFO  server.RaftServerConfigKeys (ConfUtils.java:logGet(44)) - raft.server.write.element-limit = 1024 (custom)
2022-03-02 21:33:25,606 [ca012516-14dd-42cd-8742-1c9d04d43fd5@group-BC16C3A2A057-LeaderElection82] INFO  server.RaftServerConfigKeys (ConfUtils.java:logGet(44)) - raft.server.write.byte-limit = 1024 M (=1073741824) (custom)
2022-03-02 21:33:25,607 [ca012516-14dd-42cd-8742-1c9d04d43fd5@group-BC16C3A2A057-LeaderElection82] INFO  server.RaftServerConfigKeys (ConfUtils.java:logGet(44)) - raft.server.watch.timeout = 3000ms (custom)
2022-03-02 21:33:25,611 [ca012516-14dd-42cd-8742-1c9d04d43fd5@group-BC16C3A2A057-LeaderElection82] INFO  server.RaftServerConfigKeys (ConfUtils.java:logGet(44)) - raft.server.watch.timeout.denomination = 1s (default)
2022-03-02 21:33:25,611 [ca012516-14dd-42cd-8742-1c9d04d43fd5@group-BC16C3A2A057-LeaderElection82] INFO  server.RaftServerConfigKeys (ConfUtils.java:logGet(44)) - raft.server.watch.element-limit = 65536 (default)
2022-03-02 21:33:25,611 [ca012516-14dd-42cd-8742-1c9d04d43fd5@group-BC16C3A2A057-LeaderElection82] INFO  server.RaftServerConfigKeys (ConfUtils.java:logGet(44)) - raft.server.write.element-limit = 1024 (custom)
2022-03-02 21:33:25,611 [ca012516-14dd-42cd-8742-1c9d04d43fd5@group-BC16C3A2A057-LeaderElection82] INFO  server.RaftServerConfigKeys (ConfUtils.java:logGet(44)) - raft.server.write.follower.gap.ratio.max = -1.0 (default)
2022-03-02 21:33:25,611 [ca012516-14dd-42cd-8742-1c9d04d43fd5@group-BC16C3A2A057-LeaderElection82] INFO  impl.RoleInfo (RoleInfo.java:updateAndGet(130)) - ca012516-14dd-42cd-8742-1c9d04d43fd5: start ca012516-14dd-42cd-8742-1c9d04d43fd5@group-BC16C3A2A057-LeaderStateImpl
2022-03-02 21:33:25,611 [ca012516-14dd-42cd-8742-1c9d04d43fd5@group-BC16C3A2A057-LeaderElection82] INFO  segmented.SegmentedRaftLogWorker (SegmentedRaftLogWorker.java:startLogSegment(394)) - ca012516-14dd-42cd-8742-1c9d04d43fd5@group-BC16C3A2A057-SegmentedRaftLogWorker: Starting segment from index:0
2022-03-02 21:33:25,623 [ca012516-14dd-42cd-8742-1c9d04d43fd5@group-BC16C3A2A057-SegmentedRaftLogWorker] INFO  segmented.SegmentedRaftLogWorker (SegmentedRaftLogWorker.java:execute(601)) - ca012516-14dd-42cd-8742-1c9d04d43fd5@group-BC16C3A2A057-SegmentedRaftLogWorker: created new log segment /home/runner/work/ozone/ozone/hadoop-ozone/integration-test/target/test-dir/MiniOzoneClusterImpl-f745d883-409d-4598-9a00-e779d9019c18/datanode-2/data/ratis/e5b5a910-8803-44fe-bcf9-bc16c3a2a057/current/log_inprogress_0
2022-03-02 21:33:25,635 [ca012516-14dd-42cd-8742-1c9d04d43fd5@group-BC16C3A2A057-LeaderElection82] INFO  server.RaftServer$Division (ServerState.java:setRaftConf(387)) - ca012516-14dd-42cd-8742-1c9d04d43fd5@group-BC16C3A2A057: set configuration 0: [ca012516-14dd-42cd-8742-1c9d04d43fd5|rpc:10.1.0.35:34561|dataStream:|priority:1], old=null
2022-03-02 21:33:26,597 [269e0ee6-c833-446d-a842-94c77dd867fd@group-4C98E9F0FD07-FollowerState] INFO  impl.FollowerState (FollowerState.java:run(134)) - 269e0ee6-c833-446d-a842-94c77dd867fd@group-4C98E9F0FD07-FollowerState: change to CANDIDATE, lastRpcElapsedTime:5024697962ns, electionTimeout:5014ms
2022-03-02 21:33:26,597 [269e0ee6-c833-446d-a842-94c77dd867fd@group-4C98E9F0FD07-FollowerState] INFO  impl.RoleInfo (RoleInfo.java:shutdownFollowerState(108)) - 269e0ee6-c833-446d-a842-94c77dd867fd: shutdown 269e0ee6-c833-446d-a842-94c77dd867fd@group-4C98E9F0FD07-FollowerState
2022-03-02 21:33:26,597 [269e0ee6-c833-446d-a842-94c77dd867fd@group-4C98E9F0FD07-FollowerState] INFO  server.RaftServer$Division (RaftServerImpl.java:setRole(290)) - 269e0ee6-c833-446d-a842-94c77dd867fd@group-4C98E9F0FD07: changes role from  FOLLOWER to CANDIDATE at term 0 for changeToCandidate
2022-03-02 21:33:26,599 [269e0ee6-c833-446d-a842-94c77dd867fd@group-4C98E9F0FD07-FollowerState] INFO  server.RaftServerConfigKeys (ConfUtils.java:logGet(44)) - raft.server.leaderelection.pre-vote = false (custom)
2022-03-02 21:33:26,599 [269e0ee6-c833-446d-a842-94c77dd867fd@group-4C98E9F0FD07-FollowerState] INFO  impl.RoleInfo (RoleInfo.java:updateAndGet(130)) - 269e0ee6-c833-446d-a842-94c77dd867fd: start 269e0ee6-c833-446d-a842-94c77dd867fd@group-4C98E9F0FD07-LeaderElection83
2022-03-02 21:33:26,634 [269e0ee6-c833-446d-a842-94c77dd867fd@group-C63583200AC2-FollowerState] INFO  impl.FollowerState (FollowerState.java:run(134)) - 269e0ee6-c833-446d-a842-94c77dd867fd@group-C63583200AC2-FollowerState: change to CANDIDATE, lastRpcElapsedTime:5090142004ns, electionTimeout:5087ms
2022-03-02 21:33:26,635 [269e0ee6-c833-446d-a842-94c77dd867fd@group-C63583200AC2-FollowerState] INFO  impl.RoleInfo (RoleInfo.java:shutdownFollowerState(108)) - 269e0ee6-c833-446d-a842-94c77dd867fd: shutdown 269e0ee6-c833-446d-a842-94c77dd867fd@group-C63583200AC2-FollowerState
2022-03-02 21:33:26,635 [269e0ee6-c833-446d-a842-94c77dd867fd@group-C63583200AC2-FollowerState] INFO  server.RaftServer$Division (RaftServerImpl.java:setRole(290)) - 269e0ee6-c833-446d-a842-94c77dd867fd@group-C63583200AC2: changes role from  FOLLOWER to CANDIDATE at term 0 for changeToCandidate
2022-03-02 21:33:26,635 [269e0ee6-c833-446d-a842-94c77dd867fd@group-C63583200AC2-FollowerState] INFO  server.RaftServerConfigKeys (ConfUtils.java:logGet(44)) - raft.server.leaderelection.pre-vote = false (custom)
2022-03-02 21:33:26,635 [269e0ee6-c833-446d-a842-94c77dd867fd@group-C63583200AC2-FollowerState] INFO  impl.RoleInfo (RoleInfo.java:updateAndGet(130)) - 269e0ee6-c833-446d-a842-94c77dd867fd: start 269e0ee6-c833-446d-a842-94c77dd867fd@group-C63583200AC2-LeaderElection84
2022-03-02 21:33:26,679 [269e0ee6-c833-446d-a842-94c77dd867fd@group-4C98E9F0FD07-LeaderElection83] INFO  impl.LeaderElection (LeaderElection.java:askForVotes(306)) - 269e0ee6-c833-446d-a842-94c77dd867fd@group-4C98E9F0FD07-LeaderElection83 ELECTION round 0: submit vote requests at term 1 for -1: [269e0ee6-c833-446d-a842-94c77dd867fd|rpc:10.1.0.35:35541|priority:0, 39d9f1c0-7130-4277-8a35-add537f65258|rpc:10.1.0.35:33025|priority:1, ff1229b5-7bf6-42b1-a70d-3d6d5a94de90|rpc:10.1.0.35:32847|priority:0], old=null
2022-03-02 21:33:26,681 [269e0ee6-c833-446d-a842-94c77dd867fd@group-C63583200AC2-LeaderElection84] INFO  impl.LeaderElection (LeaderElection.java:askForVotes(306)) - 269e0ee6-c833-446d-a842-94c77dd867fd@group-C63583200AC2-LeaderElection84 ELECTION round 0: submit vote requests at term 1 for -1: [269e0ee6-c833-446d-a842-94c77dd867fd|rpc:10.1.0.35:35541|priority:1], old=null
2022-03-02 21:33:26,681 [269e0ee6-c833-446d-a842-94c77dd867fd@group-C63583200AC2-LeaderElection84] INFO  impl.LeaderElection (LeaderElection.java:askForVotes(308)) - 269e0ee6-c833-446d-a842-94c77dd867fd@group-C63583200AC2-LeaderElection84 ELECTION round 0: result PASSED (term=1)
2022-03-02 21:33:26,681 [269e0ee6-c833-446d-a842-94c77dd867fd@group-C63583200AC2-LeaderElection84] INFO  impl.RoleInfo (RoleInfo.java:shutdownLeaderElection(121)) - 269e0ee6-c833-446d-a842-94c77dd867fd: shutdown 269e0ee6-c833-446d-a842-94c77dd867fd@group-C63583200AC2-LeaderElection84
2022-03-02 21:33:26,681 [269e0ee6-c833-446d-a842-94c77dd867fd@group-C63583200AC2-LeaderElection84] INFO  server.RaftServer$Division (RaftServerImpl.java:setRole(290)) - 269e0ee6-c833-446d-a842-94c77dd867fd@group-C63583200AC2: changes role from CANDIDATE to LEADER at term 1 for changeToLeader
2022-03-02 21:33:26,681 [269e0ee6-c833-446d-a842-94c77dd867fd@group-C63583200AC2-LeaderElection84] INFO  ratis.XceiverServerRatis (XceiverServerRatis.java:handleLeaderChangedNotification(867)) - Leader change notification received for group: group-C63583200AC2 with new leaderId: 269e0ee6-c833-446d-a842-94c77dd867fd
2022-03-02 21:33:26,702 [269e0ee6-c833-446d-a842-94c77dd867fd@group-C63583200AC2-LeaderElection84] INFO  server.RaftServer$Division (ServerState.java:setLeader(285)) - 269e0ee6-c833-446d-a842-94c77dd867fd@group-C63583200AC2: change Leader from null to 269e0ee6-c833-446d-a842-94c77dd867fd at term 1 for becomeLeader, leader elected after 5168ms
2022-03-02 21:33:26,702 [269e0ee6-c833-446d-a842-94c77dd867fd@group-C63583200AC2-LeaderElection84] INFO  server.RaftServerConfigKeys (ConfUtils.java:logGet(44)) - raft.server.staging.catchup.gap = 1000 (default)
2022-03-02 21:33:26,702 [269e0ee6-c833-446d-a842-94c77dd867fd@group-C63583200AC2-LeaderElection84] INFO  server.RaftServerConfigKeys (ConfUtils.java:logGet(44)) - raft.server.write.element-limit = 1024 (custom)
2022-03-02 21:33:26,703 [269e0ee6-c833-446d-a842-94c77dd867fd@group-C63583200AC2-LeaderElection84] INFO  server.RaftServerConfigKeys (ConfUtils.java:logGet(44)) - raft.server.write.byte-limit = 1024 M (=1073741824) (custom)
2022-03-02 21:33:26,703 [269e0ee6-c833-446d-a842-94c77dd867fd@group-C63583200AC2-LeaderElection84] INFO  server.RaftServerConfigKeys (ConfUtils.java:logGet(44)) - raft.server.watch.timeout = 3000ms (custom)
2022-03-02 21:33:26,703 [269e0ee6-c833-446d-a842-94c77dd867fd@group-C63583200AC2-LeaderElection84] INFO  server.RaftServerConfigKeys (ConfUtils.java:logGet(44)) - raft.server.watch.timeout.denomination = 1s (default)
2022-03-02 21:33:26,703 [269e0ee6-c833-446d-a842-94c77dd867fd@group-C63583200AC2-LeaderElection84] INFO  server.RaftServerConfigKeys (ConfUtils.java:logGet(44)) - raft.server.watch.element-limit = 65536 (default)
2022-03-02 21:33:26,703 [269e0ee6-c833-446d-a842-94c77dd867fd@group-C63583200AC2-LeaderElection84] INFO  server.RaftServerConfigKeys (ConfUtils.java:logGet(44)) - raft.server.write.element-limit = 1024 (custom)
2022-03-02 21:33:26,703 [269e0ee6-c833-446d-a842-94c77dd867fd@group-C63583200AC2-LeaderElection84] INFO  server.RaftServerConfigKeys (ConfUtils.java:logGet(44)) - raft.server.write.follower.gap.ratio.max = -1.0 (default)
2022-03-02 21:33:26,703 [269e0ee6-c833-446d-a842-94c77dd867fd@group-C63583200AC2-LeaderElection84] INFO  impl.RoleInfo (RoleInfo.java:updateAndGet(130)) - 269e0ee6-c833-446d-a842-94c77dd867fd: start 269e0ee6-c833-446d-a842-94c77dd867fd@group-C63583200AC2-LeaderStateImpl
2022-03-02 21:33:26,703 [269e0ee6-c833-446d-a842-94c77dd867fd@group-C63583200AC2-LeaderElection84] INFO  segmented.SegmentedRaftLogWorker (SegmentedRaftLogWorker.java:startLogSegment(394)) - 269e0ee6-c833-446d-a842-94c77dd867fd@group-C63583200AC2-SegmentedRaftLogWorker: Starting segment from index:0
2022-03-02 21:33:26,707 [269e0ee6-c833-446d-a842-94c77dd867fd@group-C63583200AC2-SegmentedRaftLogWorker] INFO  segmented.SegmentedRaftLogWorker (SegmentedRaftLogWorker.java:execute(601)) - 269e0ee6-c833-446d-a842-94c77dd867fd@group-C63583200AC2-SegmentedRaftLogWorker: created new log segment /home/runner/work/ozone/ozone/hadoop-ozone/integration-test/target/test-dir/MiniOzoneClusterImpl-f745d883-409d-4598-9a00-e779d9019c18/datanode-3/data/ratis/2a366572-a7f4-4b25-9358-c63583200ac2/current/log_inprogress_0
2022-03-02 21:33:26,724 [grpc-default-executor-5] INFO  server.RaftServer$Division (RaftServerImpl.java:requestVote(1046)) - 39d9f1c0-7130-4277-8a35-add537f65258@group-4C98E9F0FD07: receive requestVote(ELECTION, 269e0ee6-c833-446d-a842-94c77dd867fd, group-4C98E9F0FD07, 1, (t:0, i:0))
2022-03-02 21:33:26,724 [grpc-default-executor-5] INFO  impl.VoteContext (VoteContext.java:log(48)) - 39d9f1c0-7130-4277-8a35-add537f65258@group-4C98E9F0FD07-FOLLOWER: reject ELECTION from 269e0ee6-c833-446d-a842-94c77dd867fd: our priority 1 > candidate's priority 0
2022-03-02 21:33:26,724 [grpc-default-executor-5] INFO  server.RaftServer$Division (RaftServerImpl.java:setRole(290)) - 39d9f1c0-7130-4277-8a35-add537f65258@group-4C98E9F0FD07: changes role from  FOLLOWER to FOLLOWER at term 1 for candidate:269e0ee6-c833-446d-a842-94c77dd867fd
2022-03-02 21:33:26,724 [grpc-default-executor-5] INFO  impl.RoleInfo (RoleInfo.java:shutdownFollowerState(108)) - 39d9f1c0-7130-4277-8a35-add537f65258: shutdown 39d9f1c0-7130-4277-8a35-add537f65258@group-4C98E9F0FD07-FollowerState
2022-03-02 21:33:26,754 [grpc-default-executor-2] INFO  server.RaftServer$Division (RaftServerImpl.java:requestVote(1046)) - ff1229b5-7bf6-42b1-a70d-3d6d5a94de90@group-4C98E9F0FD07: receive requestVote(ELECTION, 269e0ee6-c833-446d-a842-94c77dd867fd, group-4C98E9F0FD07, 1, (t:0, i:0))
2022-03-02 21:33:26,754 [grpc-default-executor-2] INFO  impl.VoteContext (VoteContext.java:log(48)) - ff1229b5-7bf6-42b1-a70d-3d6d5a94de90@group-4C98E9F0FD07-FOLLOWER: accept ELECTION from 269e0ee6-c833-446d-a842-94c77dd867fd: our priority 0 <= candidate's priority 0
2022-03-02 21:33:26,754 [grpc-default-executor-2] INFO  server.RaftServer$Division (RaftServerImpl.java:setRole(290)) - ff1229b5-7bf6-42b1-a70d-3d6d5a94de90@group-4C98E9F0FD07: changes role from  FOLLOWER to FOLLOWER at term 1 for candidate:269e0ee6-c833-446d-a842-94c77dd867fd
2022-03-02 21:33:26,754 [grpc-default-executor-2] INFO  impl.RoleInfo (RoleInfo.java:shutdownFollowerState(108)) - ff1229b5-7bf6-42b1-a70d-3d6d5a94de90: shutdown ff1229b5-7bf6-42b1-a70d-3d6d5a94de90@group-4C98E9F0FD07-FollowerState
2022-03-02 21:33:26,757 [ff1229b5-7bf6-42b1-a70d-3d6d5a94de90@group-4C98E9F0FD07-FollowerState] INFO  impl.FollowerState (FollowerState.java:run(127)) - ff1229b5-7bf6-42b1-a70d-3d6d5a94de90@group-4C98E9F0FD07-FollowerState: Stopping now (isRunning? false, isFollower? true)
2022-03-02 21:33:26,764 [grpc-default-executor-2] INFO  impl.RoleInfo (RoleInfo.java:updateAndGet(130)) - ff1229b5-7bf6-42b1-a70d-3d6d5a94de90: start ff1229b5-7bf6-42b1-a70d-3d6d5a94de90@group-4C98E9F0FD07-FollowerState
2022-03-02 21:33:26,764 [grpc-default-executor-5] INFO  impl.RoleInfo (RoleInfo.java:updateAndGet(130)) - 39d9f1c0-7130-4277-8a35-add537f65258: start 39d9f1c0-7130-4277-8a35-add537f65258@group-4C98E9F0FD07-FollowerState
2022-03-02 21:33:26,764 [269e0ee6-c833-446d-a842-94c77dd867fd@group-C63583200AC2-LeaderElection84] INFO  server.RaftServer$Division (ServerState.java:setRaftConf(387)) - 269e0ee6-c833-446d-a842-94c77dd867fd@group-C63583200AC2: set configuration 0: [269e0ee6-c833-446d-a842-94c77dd867fd|rpc:10.1.0.35:35541|dataStream:|priority:1], old=null
2022-03-02 21:33:26,764 [39d9f1c0-7130-4277-8a35-add537f65258@group-4C98E9F0FD07-FollowerState] INFO  impl.FollowerState (FollowerState.java:run(143)) - 39d9f1c0-7130-4277-8a35-add537f65258@group-4C98E9F0FD07-FollowerState was interrupted: {}
java.lang.InterruptedException: sleep interrupted
	at java.lang.Thread.sleep(Native Method)
	at java.lang.Thread.sleep(Thread.java:342)
	at java.util.concurrent.TimeUnit.sleep(TimeUnit.java:386)
	at org.apache.ratis.util.TimeDuration.sleep(TimeDuration.java:324)
	at org.apache.ratis.util.TimeDuration.sleep(TimeDuration.java:309)
	at org.apache.ratis.server.impl.FollowerState.run(FollowerState.java:118)
2022-03-02 21:33:26,792 [grpc-default-executor-2] INFO  server.RaftServer$Division (RaftServerImpl.java:requestVote(1078)) - ff1229b5-7bf6-42b1-a70d-3d6d5a94de90@group-4C98E9F0FD07 replies to ELECTION vote request: 269e0ee6-c833-446d-a842-94c77dd867fd<-ff1229b5-7bf6-42b1-a70d-3d6d5a94de90#0:OK-t1. Peer's state: ff1229b5-7bf6-42b1-a70d-3d6d5a94de90@group-4C98E9F0FD07:t1, leader=null, voted=269e0ee6-c833-446d-a842-94c77dd867fd, raftlog=ff1229b5-7bf6-42b1-a70d-3d6d5a94de90@group-4C98E9F0FD07-SegmentedRaftLog:OPENED:c-1, conf=-1: [269e0ee6-c833-446d-a842-94c77dd867fd|rpc:10.1.0.35:35541|dataStream:|priority:0, 39d9f1c0-7130-4277-8a35-add537f65258|rpc:10.1.0.35:33025|dataStream:|priority:1, ff1229b5-7bf6-42b1-a70d-3d6d5a94de90|rpc:10.1.0.35:32847|dataStream:|priority:0], old=null
2022-03-02 21:33:26,806 [grpc-default-executor-5] INFO  server.RaftServer$Division (RaftServerImpl.java:requestVote(1078)) - 39d9f1c0-7130-4277-8a35-add537f65258@group-4C98E9F0FD07 replies to ELECTION vote request: 269e0ee6-c833-446d-a842-94c77dd867fd<-39d9f1c0-7130-4277-8a35-add537f65258#0:FAIL-t1. Peer's state: 39d9f1c0-7130-4277-8a35-add537f65258@group-4C98E9F0FD07:t1, leader=null, voted=null, raftlog=39d9f1c0-7130-4277-8a35-add537f65258@group-4C98E9F0FD07-SegmentedRaftLog:OPENED:c-1, conf=-1: [269e0ee6-c833-446d-a842-94c77dd867fd|rpc:10.1.0.35:35541|dataStream:|priority:0, 39d9f1c0-7130-4277-8a35-add537f65258|rpc:10.1.0.35:33025|dataStream:|priority:1, ff1229b5-7bf6-42b1-a70d-3d6d5a94de90|rpc:10.1.0.35:32847|dataStream:|priority:0], old=null
2022-03-02 21:33:26,806 [269e0ee6-c833-446d-a842-94c77dd867fd@group-4C98E9F0FD07-LeaderElection83] INFO  impl.LeaderElection (LeaderElection.java:logAndReturn(89)) - 269e0ee6-c833-446d-a842-94c77dd867fd@group-4C98E9F0FD07-LeaderElection83: ELECTION REJECTED received 2 response(s) and 0 exception(s):
2022-03-02 21:33:26,806 [269e0ee6-c833-446d-a842-94c77dd867fd@group-4C98E9F0FD07-LeaderElection83] INFO  impl.LeaderElection (LeaderElection.java:logAndReturn(93)) -   Response 0: 269e0ee6-c833-446d-a842-94c77dd867fd<-39d9f1c0-7130-4277-8a35-add537f65258#0:FAIL-t1
2022-03-02 21:33:26,806 [269e0ee6-c833-446d-a842-94c77dd867fd@group-4C98E9F0FD07-LeaderElection83] INFO  impl.LeaderElection (LeaderElection.java:logAndReturn(93)) -   Response 1: 269e0ee6-c833-446d-a842-94c77dd867fd<-ff1229b5-7bf6-42b1-a70d-3d6d5a94de90#0:OK-t1
2022-03-02 21:33:26,807 [269e0ee6-c833-446d-a842-94c77dd867fd@group-4C98E9F0FD07-LeaderElection83] INFO  impl.LeaderElection (LeaderElection.java:askForVotes(308)) - 269e0ee6-c833-446d-a842-94c77dd867fd@group-4C98E9F0FD07-LeaderElection83 ELECTION round 0: result REJECTED
2022-03-02 21:33:26,807 [269e0ee6-c833-446d-a842-94c77dd867fd@group-4C98E9F0FD07-LeaderElection83] INFO  server.RaftServer$Division (RaftServerImpl.java:setRole(290)) - 269e0ee6-c833-446d-a842-94c77dd867fd@group-4C98E9F0FD07: changes role from CANDIDATE to FOLLOWER at term 1 for REJECTED
2022-03-02 21:33:26,807 [269e0ee6-c833-446d-a842-94c77dd867fd@group-4C98E9F0FD07-LeaderElection83] INFO  impl.RoleInfo (RoleInfo.java:shutdownLeaderElection(121)) - 269e0ee6-c833-446d-a842-94c77dd867fd: shutdown 269e0ee6-c833-446d-a842-94c77dd867fd@group-4C98E9F0FD07-LeaderElection83
2022-03-02 21:33:26,807 [269e0ee6-c833-446d-a842-94c77dd867fd@group-4C98E9F0FD07-LeaderElection83] INFO  impl.RoleInfo (RoleInfo.java:updateAndGet(130)) - 269e0ee6-c833-446d-a842-94c77dd867fd: start 269e0ee6-c833-446d-a842-94c77dd867fd@group-4C98E9F0FD07-FollowerState
2022-03-02 21:33:27,217 [269e0ee6-c833-446d-a842-94c77dd867fd@group-F48392E64407-FollowerState] INFO  impl.FollowerState (FollowerState.java:run(134)) - 269e0ee6-c833-446d-a842-94c77dd867fd@group-F48392E64407-FollowerState: change to CANDIDATE, lastRpcElapsedTime:5176710175ns, electionTimeout:5159ms
2022-03-02 21:33:27,217 [269e0ee6-c833-446d-a842-94c77dd867fd@group-F48392E64407-FollowerState] INFO  impl.RoleInfo (RoleInfo.java:shutdownFollowerState(108)) - 269e0ee6-c833-446d-a842-94c77dd867fd: shutdown 269e0ee6-c833-446d-a842-94c77dd867fd@group-F48392E64407-FollowerState
2022-03-02 21:33:27,217 [269e0ee6-c833-446d-a842-94c77dd867fd@group-F48392E64407-FollowerState] INFO  server.RaftServer$Division (RaftServerImpl.java:setRole(290)) - 269e0ee6-c833-446d-a842-94c77dd867fd@group-F48392E64407: changes role from  FOLLOWER to CANDIDATE at term 0 for changeToCandidate
2022-03-02 21:33:27,217 [269e0ee6-c833-446d-a842-94c77dd867fd@group-F48392E64407-FollowerState] INFO  server.RaftServerConfigKeys (ConfUtils.java:logGet(44)) - raft.server.leaderelection.pre-vote = false (custom)
2022-03-02 21:33:27,217 [269e0ee6-c833-446d-a842-94c77dd867fd@group-F48392E64407-FollowerState] INFO  impl.RoleInfo (RoleInfo.java:updateAndGet(130)) - 269e0ee6-c833-446d-a842-94c77dd867fd: start 269e0ee6-c833-446d-a842-94c77dd867fd@group-F48392E64407-LeaderElection85
2022-03-02 21:33:27,247 [269e0ee6-c833-446d-a842-94c77dd867fd@group-F48392E64407-LeaderElection85] INFO  impl.LeaderElection (LeaderElection.java:askForVotes(306)) - 269e0ee6-c833-446d-a842-94c77dd867fd@group-F48392E64407-LeaderElection85 ELECTION round 0: submit vote requests at term 1 for -1: [269e0ee6-c833-446d-a842-94c77dd867fd|rpc:10.1.0.35:35541|priority:0, 39d9f1c0-7130-4277-8a35-add537f65258|rpc:10.1.0.35:33025|priority:0, ff1229b5-7bf6-42b1-a70d-3d6d5a94de90|rpc:10.1.0.35:32847|priority:1], old=null
2022-03-02 21:33:27,272 [39d9f1c0-7130-4277-8a35-add537f65258@group-4852EC3216F1-FollowerState] INFO  impl.FollowerState (FollowerState.java:run(134)) - 39d9f1c0-7130-4277-8a35-add537f65258@group-4852EC3216F1-FollowerState: change to CANDIDATE, lastRpcElapsedTime:5131194941ns, electionTimeout:5129ms
2022-03-02 21:33:27,272 [39d9f1c0-7130-4277-8a35-add537f65258@group-4852EC3216F1-FollowerState] INFO  impl.RoleInfo (RoleInfo.java:shutdownFollowerState(108)) - 39d9f1c0-7130-4277-8a35-add537f65258: shutdown 39d9f1c0-7130-4277-8a35-add537f65258@group-4852EC3216F1-FollowerState
2022-03-02 21:33:27,272 [39d9f1c0-7130-4277-8a35-add537f65258@group-4852EC3216F1-FollowerState] INFO  server.RaftServer$Division (RaftServerImpl.java:setRole(290)) - 39d9f1c0-7130-4277-8a35-add537f65258@group-4852EC3216F1: changes role from  FOLLOWER to CANDIDATE at term 0 for changeToCandidate
2022-03-02 21:33:27,280 [39d9f1c0-7130-4277-8a35-add537f65258@group-4852EC3216F1-FollowerState] INFO  server.RaftServerConfigKeys (ConfUtils.java:logGet(44)) - raft.server.leaderelection.pre-vote = false (custom)
2022-03-02 21:33:27,280 [39d9f1c0-7130-4277-8a35-add537f65258@group-4852EC3216F1-FollowerState] INFO  impl.RoleInfo (RoleInfo.java:updateAndGet(130)) - 39d9f1c0-7130-4277-8a35-add537f65258: start 39d9f1c0-7130-4277-8a35-add537f65258@group-4852EC3216F1-LeaderElection86
2022-03-02 21:33:27,308 [grpc-default-executor-5] INFO  server.RaftServer$Division (RaftServerImpl.java:requestVote(1046)) - 39d9f1c0-7130-4277-8a35-add537f65258@group-F48392E64407: receive requestVote(ELECTION, 269e0ee6-c833-446d-a842-94c77dd867fd, group-F48392E64407, 1, (t:0, i:0))
2022-03-02 21:33:27,308 [grpc-default-executor-5] INFO  impl.VoteContext (VoteContext.java:log(48)) - 39d9f1c0-7130-4277-8a35-add537f65258@group-F48392E64407-FOLLOWER: accept ELECTION from 269e0ee6-c833-446d-a842-94c77dd867fd: our priority 0 <= candidate's priority 0
2022-03-02 21:33:27,308 [grpc-default-executor-5] INFO  server.RaftServer$Division (RaftServerImpl.java:setRole(290)) - 39d9f1c0-7130-4277-8a35-add537f65258@group-F48392E64407: changes role from  FOLLOWER to FOLLOWER at term 1 for candidate:269e0ee6-c833-446d-a842-94c77dd867fd
2022-03-02 21:33:27,308 [grpc-default-executor-5] INFO  impl.RoleInfo (RoleInfo.java:shutdownFollowerState(108)) - 39d9f1c0-7130-4277-8a35-add537f65258: shutdown 39d9f1c0-7130-4277-8a35-add537f65258@group-F48392E64407-FollowerState
2022-03-02 21:33:27,308 [grpc-default-executor-5] INFO  impl.RoleInfo (RoleInfo.java:updateAndGet(130)) - 39d9f1c0-7130-4277-8a35-add537f65258: start 39d9f1c0-7130-4277-8a35-add537f65258@group-F48392E64407-FollowerState
2022-03-02 21:33:27,310 [grpc-default-executor-2] INFO  server.RaftServer$Division (RaftServerImpl.java:requestVote(1046)) - ff1229b5-7bf6-42b1-a70d-3d6d5a94de90@group-F48392E64407: receive requestVote(ELECTION, 269e0ee6-c833-446d-a842-94c77dd867fd, group-F48392E64407, 1, (t:0, i:0))
2022-03-02 21:33:27,310 [grpc-default-executor-2] INFO  impl.VoteContext (VoteContext.java:log(48)) - ff1229b5-7bf6-42b1-a70d-3d6d5a94de90@group-F48392E64407-FOLLOWER: reject ELECTION from 269e0ee6-c833-446d-a842-94c77dd867fd: our priority 1 > candidate's priority 0
2022-03-02 21:33:27,310 [grpc-default-executor-2] INFO  server.RaftServer$Division (RaftServerImpl.java:setRole(290)) - ff1229b5-7bf6-42b1-a70d-3d6d5a94de90@group-F48392E64407: changes role from  FOLLOWER to FOLLOWER at term 1 for candidate:269e0ee6-c833-446d-a842-94c77dd867fd
2022-03-02 21:33:27,310 [grpc-default-executor-2] INFO  impl.RoleInfo (RoleInfo.java:shutdownFollowerState(108)) - ff1229b5-7bf6-42b1-a70d-3d6d5a94de90: shutdown ff1229b5-7bf6-42b1-a70d-3d6d5a94de90@group-F48392E64407-FollowerState
2022-03-02 21:33:27,310 [39d9f1c0-7130-4277-8a35-add537f65258@group-4852EC3216F1-LeaderElection86] INFO  impl.LeaderElection (LeaderElection.java:askForVotes(306)) - 39d9f1c0-7130-4277-8a35-add537f65258@group-4852EC3216F1-LeaderElection86 ELECTION round 0: submit vote requests at term 1 for -1: [39d9f1c0-7130-4277-8a35-add537f65258|rpc:10.1.0.35:33025|priority:1], old=null
2022-03-02 21:33:27,310 [39d9f1c0-7130-4277-8a35-add537f65258@group-4852EC3216F1-LeaderElection86] INFO  impl.LeaderElection (LeaderElection.java:askForVotes(308)) - 39d9f1c0-7130-4277-8a35-add537f65258@group-4852EC3216F1-LeaderElection86 ELECTION round 0: result PASSED (term=1)
2022-03-02 21:33:27,310 [39d9f1c0-7130-4277-8a35-add537f65258@group-4852EC3216F1-LeaderElection86] INFO  impl.RoleInfo (RoleInfo.java:shutdownLeaderElection(121)) - 39d9f1c0-7130-4277-8a35-add537f65258: shutdown 39d9f1c0-7130-4277-8a35-add537f65258@group-4852EC3216F1-LeaderElection86
2022-03-02 21:33:27,310 [39d9f1c0-7130-4277-8a35-add537f65258@group-4852EC3216F1-LeaderElection86] INFO  server.RaftServer$Division (RaftServerImpl.java:setRole(290)) - 39d9f1c0-7130-4277-8a35-add537f65258@group-4852EC3216F1: changes role from CANDIDATE to LEADER at term 1 for changeToLeader
2022-03-02 21:33:27,310 [39d9f1c0-7130-4277-8a35-add537f65258@group-4852EC3216F1-LeaderElection86] INFO  ratis.XceiverServerRatis (XceiverServerRatis.java:handleLeaderChangedNotification(867)) - Leader change notification received for group: group-4852EC3216F1 with new leaderId: 39d9f1c0-7130-4277-8a35-add537f65258
2022-03-02 21:33:27,311 [39d9f1c0-7130-4277-8a35-add537f65258@group-F48392E64407-FollowerState] INFO  impl.FollowerState (FollowerState.java:run(143)) - 39d9f1c0-7130-4277-8a35-add537f65258@group-F48392E64407-FollowerState was interrupted: {}
java.lang.InterruptedException: sleep interrupted
	at java.lang.Thread.sleep(Native Method)
	at java.lang.Thread.sleep(Thread.java:342)
	at java.util.concurrent.TimeUnit.sleep(TimeUnit.java:386)
	at org.apache.ratis.util.TimeDuration.sleep(TimeDuration.java:324)
	at org.apache.ratis.util.TimeDuration.sleep(TimeDuration.java:309)
	at org.apache.ratis.server.impl.FollowerState.run(FollowerState.java:118)
2022-03-02 21:33:27,312 [ff1229b5-7bf6-42b1-a70d-3d6d5a94de90@group-F48392E64407-FollowerState] INFO  impl.FollowerState (FollowerState.java:run(127)) - ff1229b5-7bf6-42b1-a70d-3d6d5a94de90@group-F48392E64407-FollowerState: Stopping now (isRunning? false, isFollower? true)
2022-03-02 21:33:27,317 [grpc-default-executor-5] INFO  server.RaftServer$Division (RaftServerImpl.java:requestVote(1078)) - 39d9f1c0-7130-4277-8a35-add537f65258@group-F48392E64407 replies to ELECTION vote request: 269e0ee6-c833-446d-a842-94c77dd867fd<-39d9f1c0-7130-4277-8a35-add537f65258#0:OK-t1. Peer's state: 39d9f1c0-7130-4277-8a35-add537f65258@group-F48392E64407:t1, leader=null, voted=269e0ee6-c833-446d-a842-94c77dd867fd, raftlog=39d9f1c0-7130-4277-8a35-add537f65258@group-F48392E64407-SegmentedRaftLog:OPENED:c-1, conf=-1: [269e0ee6-c833-446d-a842-94c77dd867fd|rpc:10.1.0.35:35541|priority:0, 39d9f1c0-7130-4277-8a35-add537f65258|rpc:10.1.0.35:33025|priority:0, ff1229b5-7bf6-42b1-a70d-3d6d5a94de90|rpc:10.1.0.35:32847|priority:1], old=null
2022-03-02 21:33:27,322 [39d9f1c0-7130-4277-8a35-add537f65258@group-4852EC3216F1-LeaderElection86] INFO  server.RaftServer$Division (ServerState.java:setLeader(285)) - 39d9f1c0-7130-4277-8a35-add537f65258@group-4852EC3216F1: change Leader from null to 39d9f1c0-7130-4277-8a35-add537f65258 at term 1 for becomeLeader, leader elected after 5212ms
2022-03-02 21:33:27,322 [grpc-default-executor-2] INFO  impl.RoleInfo (RoleInfo.java:updateAndGet(130)) - ff1229b5-7bf6-42b1-a70d-3d6d5a94de90: start ff1229b5-7bf6-42b1-a70d-3d6d5a94de90@group-F48392E64407-FollowerState
2022-03-02 21:33:27,322 [39d9f1c0-7130-4277-8a35-add537f65258@group-4852EC3216F1-LeaderElection86] INFO  server.RaftServerConfigKeys (ConfUtils.java:logGet(44)) - raft.server.staging.catchup.gap = 1000 (default)
2022-03-02 21:33:27,323 [39d9f1c0-7130-4277-8a35-add537f65258@group-4852EC3216F1-LeaderElection86] INFO  server.RaftServerConfigKeys (ConfUtils.java:logGet(44)) - raft.server.write.element-limit = 1024 (custom)
2022-03-02 21:33:27,323 [39d9f1c0-7130-4277-8a35-add537f65258@group-4852EC3216F1-LeaderElection86] INFO  server.RaftServerConfigKeys (ConfUtils.java:logGet(44)) - raft.server.write.byte-limit = 1024 M (=1073741824) (custom)
2022-03-02 21:33:27,324 [39d9f1c0-7130-4277-8a35-add537f65258@group-4852EC3216F1-LeaderElection86] INFO  server.RaftServerConfigKeys (ConfUtils.java:logGet(44)) - raft.server.watch.timeout = 3000ms (custom)
2022-03-02 21:33:27,324 [39d9f1c0-7130-4277-8a35-add537f65258@group-4852EC3216F1-LeaderElection86] INFO  server.RaftServerConfigKeys (ConfUtils.java:logGet(44)) - raft.server.watch.timeout.denomination = 1s (default)
2022-03-02 21:33:27,324 [39d9f1c0-7130-4277-8a35-add537f65258@group-4852EC3216F1-LeaderElection86] INFO  server.RaftServerConfigKeys (ConfUtils.java:logGet(44)) - raft.server.watch.element-limit = 65536 (default)
2022-03-02 21:33:27,324 [39d9f1c0-7130-4277-8a35-add537f65258@group-4852EC3216F1-LeaderElection86] INFO  server.RaftServerConfigKeys (ConfUtils.java:logGet(44)) - raft.server.write.element-limit = 1024 (custom)
2022-03-02 21:33:27,324 [39d9f1c0-7130-4277-8a35-add537f65258@group-4852EC3216F1-LeaderElection86] INFO  server.RaftServerConfigKeys (ConfUtils.java:logGet(44)) - raft.server.write.follower.gap.ratio.max = -1.0 (default)
2022-03-02 21:33:27,324 [39d9f1c0-7130-4277-8a35-add537f65258@group-4852EC3216F1-LeaderElection86] INFO  impl.RoleInfo (RoleInfo.java:updateAndGet(130)) - 39d9f1c0-7130-4277-8a35-add537f65258: start 39d9f1c0-7130-4277-8a35-add537f65258@group-4852EC3216F1-LeaderStateImpl
2022-03-02 21:33:27,324 [39d9f1c0-7130-4277-8a35-add537f65258@group-4852EC3216F1-LeaderElection86] INFO  segmented.SegmentedRaftLogWorker (SegmentedRaftLogWorker.java:startLogSegment(394)) - 39d9f1c0-7130-4277-8a35-add537f65258@group-4852EC3216F1-SegmentedRaftLogWorker: Starting segment from index:0
2022-03-02 21:33:27,328 [39d9f1c0-7130-4277-8a35-add537f65258@group-4852EC3216F1-LeaderElection86] INFO  server.RaftServer$Division (ServerState.java:setRaftConf(387)) - 39d9f1c0-7130-4277-8a35-add537f65258@group-4852EC3216F1: set configuration 0: [39d9f1c0-7130-4277-8a35-add537f65258|rpc:10.1.0.35:33025|dataStream:|priority:1], old=null
2022-03-02 21:33:27,351 [grpc-default-executor-2] INFO  server.RaftServer$Division (RaftServerImpl.java:requestVote(1078)) - ff1229b5-7bf6-42b1-a70d-3d6d5a94de90@group-F48392E64407 replies to ELECTION vote request: 269e0ee6-c833-446d-a842-94c77dd867fd<-ff1229b5-7bf6-42b1-a70d-3d6d5a94de90#0:FAIL-t1. Peer's state: ff1229b5-7bf6-42b1-a70d-3d6d5a94de90@group-F48392E64407:t1, leader=null, voted=null, raftlog=ff1229b5-7bf6-42b1-a70d-3d6d5a94de90@group-F48392E64407-SegmentedRaftLog:OPENED:c-1, conf=-1: [269e0ee6-c833-446d-a842-94c77dd867fd|rpc:10.1.0.35:35541|dataStream:|priority:0, 39d9f1c0-7130-4277-8a35-add537f65258|rpc:10.1.0.35:33025|dataStream:|priority:0, ff1229b5-7bf6-42b1-a70d-3d6d5a94de90|rpc:10.1.0.35:32847|dataStream:|priority:1], old=null
2022-03-02 21:33:27,351 [39d9f1c0-7130-4277-8a35-add537f65258@group-4852EC3216F1-SegmentedRaftLogWorker] INFO  segmented.SegmentedRaftLogWorker (SegmentedRaftLogWorker.java:execute(601)) - 39d9f1c0-7130-4277-8a35-add537f65258@group-4852EC3216F1-SegmentedRaftLogWorker: created new log segment /home/runner/work/ozone/ozone/hadoop-ozone/integration-test/target/test-dir/MiniOzoneClusterImpl-f745d883-409d-4598-9a00-e779d9019c18/datanode-4/data/ratis/3c063f8f-7428-4df5-839f-4852ec3216f1/current/log_inprogress_0
2022-03-02 21:33:27,354 [269e0ee6-c833-446d-a842-94c77dd867fd@group-F48392E64407-LeaderElection85] INFO  impl.LeaderElection (LeaderElection.java:logAndReturn(89)) - 269e0ee6-c833-446d-a842-94c77dd867fd@group-F48392E64407-LeaderElection85: ELECTION REJECTED received 2 response(s) and 0 exception(s):
2022-03-02 21:33:27,354 [269e0ee6-c833-446d-a842-94c77dd867fd@group-F48392E64407-LeaderElection85] INFO  impl.LeaderElection (LeaderElection.java:logAndReturn(93)) -   Response 0: 269e0ee6-c833-446d-a842-94c77dd867fd<-39d9f1c0-7130-4277-8a35-add537f65258#0:OK-t1
2022-03-02 21:33:27,355 [269e0ee6-c833-446d-a842-94c77dd867fd@group-F48392E64407-LeaderElection85] INFO  impl.LeaderElection (LeaderElection.java:logAndReturn(93)) -   Response 1: 269e0ee6-c833-446d-a842-94c77dd867fd<-ff1229b5-7bf6-42b1-a70d-3d6d5a94de90#0:FAIL-t1
2022-03-02 21:33:27,355 [269e0ee6-c833-446d-a842-94c77dd867fd@group-F48392E64407-LeaderElection85] INFO  impl.LeaderElection (LeaderElection.java:askForVotes(308)) - 269e0ee6-c833-446d-a842-94c77dd867fd@group-F48392E64407-LeaderElection85 ELECTION round 0: result REJECTED
2022-03-02 21:33:27,359 [269e0ee6-c833-446d-a842-94c77dd867fd@group-F48392E64407-LeaderElection85] INFO  server.RaftServer$Division (RaftServerImpl.java:setRole(290)) - 269e0ee6-c833-446d-a842-94c77dd867fd@group-F48392E64407: changes role from CANDIDATE to FOLLOWER at term 1 for REJECTED
2022-03-02 21:33:27,359 [269e0ee6-c833-446d-a842-94c77dd867fd@group-F48392E64407-LeaderElection85] INFO  impl.RoleInfo (RoleInfo.java:shutdownLeaderElection(121)) - 269e0ee6-c833-446d-a842-94c77dd867fd: shutdown 269e0ee6-c833-446d-a842-94c77dd867fd@group-F48392E64407-LeaderElection85
2022-03-02 21:33:27,359 [269e0ee6-c833-446d-a842-94c77dd867fd@group-F48392E64407-LeaderElection85] INFO  impl.RoleInfo (RoleInfo.java:updateAndGet(130)) - 269e0ee6-c833-446d-a842-94c77dd867fd: start 269e0ee6-c833-446d-a842-94c77dd867fd@group-F48392E64407-FollowerState
2022-03-02 21:33:27,597 [269e0ee6-c833-446d-a842-94c77dd867fd@group-B508C26EB33E-FollowerState] INFO  impl.FollowerState (FollowerState.java:run(134)) - 269e0ee6-c833-446d-a842-94c77dd867fd@group-B508C26EB33E-FollowerState: change to CANDIDATE, lastRpcElapsedTime:5076843923ns, electionTimeout:5076ms
2022-03-02 21:33:27,597 [269e0ee6-c833-446d-a842-94c77dd867fd@group-B508C26EB33E-FollowerState] INFO  impl.RoleInfo (RoleInfo.java:shutdownFollowerState(108)) - 269e0ee6-c833-446d-a842-94c77dd867fd: shutdown 269e0ee6-c833-446d-a842-94c77dd867fd@group-B508C26EB33E-FollowerState
2022-03-02 21:33:27,597 [269e0ee6-c833-446d-a842-94c77dd867fd@group-B508C26EB33E-FollowerState] INFO  server.RaftServer$Division (RaftServerImpl.java:setRole(290)) - 269e0ee6-c833-446d-a842-94c77dd867fd@group-B508C26EB33E: changes role from  FOLLOWER to CANDIDATE at term 0 for changeToCandidate
2022-03-02 21:33:27,597 [269e0ee6-c833-446d-a842-94c77dd867fd@group-B508C26EB33E-FollowerState] INFO  server.RaftServerConfigKeys (ConfUtils.java:logGet(44)) - raft.server.leaderelection.pre-vote = false (custom)
2022-03-02 21:33:27,597 [269e0ee6-c833-446d-a842-94c77dd867fd@group-B508C26EB33E-FollowerState] INFO  impl.RoleInfo (RoleInfo.java:updateAndGet(130)) - 269e0ee6-c833-446d-a842-94c77dd867fd: start 269e0ee6-c833-446d-a842-94c77dd867fd@group-B508C26EB33E-LeaderElection87
2022-03-02 21:33:27,649 [269e0ee6-c833-446d-a842-94c77dd867fd@group-B508C26EB33E-LeaderElection87] INFO  impl.LeaderElection (LeaderElection.java:askForVotes(306)) - 269e0ee6-c833-446d-a842-94c77dd867fd@group-B508C26EB33E-LeaderElection87 ELECTION round 0: submit vote requests at term 1 for -1: [269e0ee6-c833-446d-a842-94c77dd867fd|rpc:10.1.0.35:35541|priority:1, 39d9f1c0-7130-4277-8a35-add537f65258|rpc:10.1.0.35:33025|priority:0, ff1229b5-7bf6-42b1-a70d-3d6d5a94de90|rpc:10.1.0.35:32847|priority:0], old=null
2022-03-02 21:33:27,675 [grpc-default-executor-2] INFO  server.RaftServer$Division (RaftServerImpl.java:requestVote(1046)) - 39d9f1c0-7130-4277-8a35-add537f65258@group-B508C26EB33E: receive requestVote(ELECTION, 269e0ee6-c833-446d-a842-94c77dd867fd, group-B508C26EB33E, 1, (t:0, i:0))
2022-03-02 21:33:27,675 [grpc-default-executor-2] INFO  impl.VoteContext (VoteContext.java:log(48)) - 39d9f1c0-7130-4277-8a35-add537f65258@group-B508C26EB33E-FOLLOWER: accept ELECTION from 269e0ee6-c833-446d-a842-94c77dd867fd: our priority 0 <= candidate's priority 1
2022-03-02 21:33:27,675 [grpc-default-executor-2] INFO  server.RaftServer$Division (RaftServerImpl.java:setRole(290)) - 39d9f1c0-7130-4277-8a35-add537f65258@group-B508C26EB33E: changes role from  FOLLOWER to FOLLOWER at term 1 for candidate:269e0ee6-c833-446d-a842-94c77dd867fd
2022-03-02 21:33:27,675 [grpc-default-executor-2] INFO  impl.RoleInfo (RoleInfo.java:shutdownFollowerState(108)) - 39d9f1c0-7130-4277-8a35-add537f65258: shutdown 39d9f1c0-7130-4277-8a35-add537f65258@group-B508C26EB33E-FollowerState
2022-03-02 21:33:27,677 [39d9f1c0-7130-4277-8a35-add537f65258@group-B508C26EB33E-FollowerState] INFO  impl.FollowerState (FollowerState.java:run(127)) - 39d9f1c0-7130-4277-8a35-add537f65258@group-B508C26EB33E-FollowerState: Stopping now (isRunning? false, isFollower? true)
2022-03-02 21:33:27,678 [grpc-default-executor-2] INFO  impl.RoleInfo (RoleInfo.java:updateAndGet(130)) - 39d9f1c0-7130-4277-8a35-add537f65258: start 39d9f1c0-7130-4277-8a35-add537f65258@group-B508C26EB33E-FollowerState
2022-03-02 21:33:27,679 [grpc-default-executor-5] INFO  server.RaftServer$Division (RaftServerImpl.java:requestVote(1046)) - ff1229b5-7bf6-42b1-a70d-3d6d5a94de90@group-B508C26EB33E: receive requestVote(ELECTION, 269e0ee6-c833-446d-a842-94c77dd867fd, group-B508C26EB33E, 1, (t:0, i:0))
2022-03-02 21:33:27,679 [grpc-default-executor-5] INFO  impl.VoteContext (VoteContext.java:log(48)) - ff1229b5-7bf6-42b1-a70d-3d6d5a94de90@group-B508C26EB33E-FOLLOWER: accept ELECTION from 269e0ee6-c833-446d-a842-94c77dd867fd: our priority 0 <= candidate's priority 1
2022-03-02 21:33:27,679 [grpc-default-executor-5] INFO  server.RaftServer$Division (RaftServerImpl.java:setRole(290)) - ff1229b5-7bf6-42b1-a70d-3d6d5a94de90@group-B508C26EB33E: changes role from  FOLLOWER to FOLLOWER at term 1 for candidate:269e0ee6-c833-446d-a842-94c77dd867fd
2022-03-02 21:33:27,679 [grpc-default-executor-5] INFO  impl.RoleInfo (RoleInfo.java:shutdownFollowerState(108)) - ff1229b5-7bf6-42b1-a70d-3d6d5a94de90: shutdown ff1229b5-7bf6-42b1-a70d-3d6d5a94de90@group-B508C26EB33E-FollowerState
2022-03-02 21:33:27,681 [grpc-default-executor-5] INFO  impl.RoleInfo (RoleInfo.java:updateAndGet(130)) - ff1229b5-7bf6-42b1-a70d-3d6d5a94de90: start ff1229b5-7bf6-42b1-a70d-3d6d5a94de90@group-B508C26EB33E-FollowerState
2022-03-02 21:33:27,681 [ff1229b5-7bf6-42b1-a70d-3d6d5a94de90@group-B508C26EB33E-FollowerState] INFO  impl.FollowerState (FollowerState.java:run(143)) - ff1229b5-7bf6-42b1-a70d-3d6d5a94de90@group-B508C26EB33E-FollowerState was interrupted: {}
java.lang.InterruptedException: sleep interrupted
	at java.lang.Thread.sleep(Native Method)
	at java.lang.Thread.sleep(Thread.java:342)
	at java.util.concurrent.TimeUnit.sleep(TimeUnit.java:386)
	at org.apache.ratis.util.TimeDuration.sleep(TimeDuration.java:324)
	at org.apache.ratis.util.TimeDuration.sleep(TimeDuration.java:309)
	at org.apache.ratis.server.impl.FollowerState.run(FollowerState.java:118)
2022-03-02 21:33:27,682 [grpc-default-executor-2] INFO  server.RaftServer$Division (RaftServerImpl.java:requestVote(1078)) - 39d9f1c0-7130-4277-8a35-add537f65258@group-B508C26EB33E replies to ELECTION vote request: 269e0ee6-c833-446d-a842-94c77dd867fd<-39d9f1c0-7130-4277-8a35-add537f65258#0:OK-t1. Peer's state: 39d9f1c0-7130-4277-8a35-add537f65258@group-B508C26EB33E:t1, leader=null, voted=269e0ee6-c833-446d-a842-94c77dd867fd, raftlog=39d9f1c0-7130-4277-8a35-add537f65258@group-B508C26EB33E-SegmentedRaftLog:OPENED:c-1, conf=-1: [269e0ee6-c833-446d-a842-94c77dd867fd|rpc:10.1.0.35:35541|priority:1, 39d9f1c0-7130-4277-8a35-add537f65258|rpc:10.1.0.35:33025|priority:0, ff1229b5-7bf6-42b1-a70d-3d6d5a94de90|rpc:10.1.0.35:32847|priority:0], old=null
2022-03-02 21:33:27,699 [269e0ee6-c833-446d-a842-94c77dd867fd@group-B508C26EB33E-LeaderElection87] INFO  impl.LeaderElection (LeaderElection.java:logAndReturn(89)) - 269e0ee6-c833-446d-a842-94c77dd867fd@group-B508C26EB33E-LeaderElection87: ELECTION PASSED received 1 response(s) and 0 exception(s):
2022-03-02 21:33:27,699 [269e0ee6-c833-446d-a842-94c77dd867fd@group-B508C26EB33E-LeaderElection87] INFO  impl.LeaderElection (LeaderElection.java:logAndReturn(93)) -   Response 0: 269e0ee6-c833-446d-a842-94c77dd867fd<-39d9f1c0-7130-4277-8a35-add537f65258#0:OK-t1
2022-03-02 21:33:27,699 [269e0ee6-c833-446d-a842-94c77dd867fd@group-B508C26EB33E-LeaderElection87] INFO  impl.LeaderElection (LeaderElection.java:askForVotes(308)) - 269e0ee6-c833-446d-a842-94c77dd867fd@group-B508C26EB33E-LeaderElection87 ELECTION round 0: result PASSED
2022-03-02 21:33:27,699 [269e0ee6-c833-446d-a842-94c77dd867fd@group-B508C26EB33E-LeaderElection87] INFO  impl.RoleInfo (RoleInfo.java:shutdownLeaderElection(121)) - 269e0ee6-c833-446d-a842-94c77dd867fd: shutdown 269e0ee6-c833-446d-a842-94c77dd867fd@group-B508C26EB33E-LeaderElection87
2022-03-02 21:33:27,699 [269e0ee6-c833-446d-a842-94c77dd867fd@group-B508C26EB33E-LeaderElection87] INFO  server.RaftServer$Division (RaftServerImpl.java:setRole(290)) - 269e0ee6-c833-446d-a842-94c77dd867fd@group-B508C26EB33E: changes role from CANDIDATE to LEADER at term 1 for changeToLeader
2022-03-02 21:33:27,699 [269e0ee6-c833-446d-a842-94c77dd867fd@group-B508C26EB33E-LeaderElection87] INFO  ratis.XceiverServerRatis (XceiverServerRatis.java:handleLeaderChangedNotification(867)) - Leader change notification received for group: group-B508C26EB33E with new leaderId: 269e0ee6-c833-446d-a842-94c77dd867fd
2022-03-02 21:33:27,699 [269e0ee6-c833-446d-a842-94c77dd867fd@group-B508C26EB33E-LeaderElection87] INFO  server.RaftServer$Division (ServerState.java:setLeader(285)) - 269e0ee6-c833-446d-a842-94c77dd867fd@group-B508C26EB33E: change Leader from null to 269e0ee6-c833-446d-a842-94c77dd867fd at term 1 for becomeLeader, leader elected after 5250ms
2022-03-02 21:33:27,699 [269e0ee6-c833-446d-a842-94c77dd867fd@group-B508C26EB33E-LeaderElection87] INFO  server.RaftServerConfigKeys (ConfUtils.java:logGet(44)) - raft.server.staging.catchup.gap = 1000 (default)
2022-03-02 21:33:27,699 [269e0ee6-c833-446d-a842-94c77dd867fd@group-B508C26EB33E-LeaderElection87] INFO  server.RaftServerConfigKeys (ConfUtils.java:logGet(44)) - raft.server.write.element-limit = 1024 (custom)
2022-03-02 21:33:27,699 [269e0ee6-c833-446d-a842-94c77dd867fd@group-B508C26EB33E-LeaderElection87] INFO  server.RaftServerConfigKeys (ConfUtils.java:logGet(44)) - raft.server.write.byte-limit = 1024 M (=1073741824) (custom)
2022-03-02 21:33:27,700 [269e0ee6-c833-446d-a842-94c77dd867fd@group-B508C26EB33E-LeaderElection87] INFO  server.RaftServerConfigKeys (ConfUtils.java:logGet(44)) - raft.server.watch.timeout = 3000ms (custom)
2022-03-02 21:33:27,700 [269e0ee6-c833-446d-a842-94c77dd867fd@group-B508C26EB33E-LeaderElection87] INFO  server.RaftServerConfigKeys (ConfUtils.java:logGet(44)) - raft.server.watch.timeout.denomination = 1s (default)
2022-03-02 21:33:27,700 [269e0ee6-c833-446d-a842-94c77dd867fd@group-B508C26EB33E-LeaderElection87] INFO  server.RaftServerConfigKeys (ConfUtils.java:logGet(44)) - raft.server.watch.element-limit = 65536 (default)
2022-03-02 21:33:27,700 [269e0ee6-c833-446d-a842-94c77dd867fd@group-B508C26EB33E-LeaderElection87] INFO  server.RaftServerConfigKeys (ConfUtils.java:logGet(44)) - raft.server.write.element-limit = 1024 (custom)
2022-03-02 21:33:27,700 [269e0ee6-c833-446d-a842-94c77dd867fd@group-B508C26EB33E-LeaderElection87] INFO  server.RaftServerConfigKeys (ConfUtils.java:logGet(44)) - raft.server.write.follower.gap.ratio.max = -1.0 (default)
2022-03-02 21:33:27,700 [269e0ee6-c833-446d-a842-94c77dd867fd@group-B508C26EB33E-LeaderElection87] INFO  server.RaftServerConfigKeys (ConfUtils.java:logGet(44)) - raft.server.log.appender.snapshot.chunk.size.max = 16MB (=16777216) (default)
2022-03-02 21:33:27,700 [269e0ee6-c833-446d-a842-94c77dd867fd@group-B508C26EB33E-LeaderElection87] INFO  server.RaftServerConfigKeys (ConfUtils.java:logGet(44)) - raft.server.log.appender.buffer.byte-limit = 33554432 (custom)
2022-03-02 21:33:27,700 [269e0ee6-c833-446d-a842-94c77dd867fd@group-B508C26EB33E-LeaderElection87] INFO  server.RaftServerConfigKeys (ConfUtils.java:logGet(44)) - raft.server.log.appender.buffer.element-limit = 1 (custom)
2022-03-02 21:33:27,700 [269e0ee6-c833-446d-a842-94c77dd867fd@group-B508C26EB33E-LeaderElection87] INFO  grpc.GrpcConfigKeys (ConfUtils.java:logGet(44)) - raft.grpc.server.leader.outstanding.appends.max = 128 (default)
2022-03-02 21:33:27,700 [269e0ee6-c833-446d-a842-94c77dd867fd@group-B508C26EB33E-LeaderElection87] INFO  server.RaftServerConfigKeys (ConfUtils.java:logGet(44)) - raft.server.rpc.request.timeout = 3000ms (default)
2022-03-02 21:33:27,700 [269e0ee6-c833-446d-a842-94c77dd867fd@group-B508C26EB33E-LeaderElection87] INFO  server.RaftServerConfigKeys (ConfUtils.java:logGet(44)) - raft.server.log.appender.install.snapshot.enabled = false (custom)
2022-03-02 21:33:27,701 [269e0ee6-c833-446d-a842-94c77dd867fd@group-B508C26EB33E-LeaderElection87] INFO  server.RaftServerConfigKeys (ConfUtils.java:logGet(44)) - raft.server.log.appender.snapshot.chunk.size.max = 16MB (=16777216) (default)
2022-03-02 21:33:27,701 [269e0ee6-c833-446d-a842-94c77dd867fd@group-B508C26EB33E-LeaderElection87] INFO  server.RaftServerConfigKeys (ConfUtils.java:logGet(44)) - raft.server.log.appender.buffer.byte-limit = 33554432 (custom)
2022-03-02 21:33:27,701 [269e0ee6-c833-446d-a842-94c77dd867fd@group-B508C26EB33E-LeaderElection87] INFO  server.RaftServerConfigKeys (ConfUtils.java:logGet(44)) - raft.server.log.appender.buffer.element-limit = 1 (custom)
2022-03-02 21:33:27,701 [269e0ee6-c833-446d-a842-94c77dd867fd@group-B508C26EB33E-LeaderElection87] INFO  grpc.GrpcConfigKeys (ConfUtils.java:logGet(44)) - raft.grpc.server.leader.outstanding.appends.max = 128 (default)
2022-03-02 21:33:27,701 [269e0ee6-c833-446d-a842-94c77dd867fd@group-B508C26EB33E-LeaderElection87] INFO  server.RaftServerConfigKeys (ConfUtils.java:logGet(44)) - raft.server.rpc.request.timeout = 3000ms (default)
2022-03-02 21:33:27,701 [269e0ee6-c833-446d-a842-94c77dd867fd@group-B508C26EB33E-LeaderElection87] INFO  server.RaftServerConfigKeys (ConfUtils.java:logGet(44)) - raft.server.log.appender.install.snapshot.enabled = false (custom)
2022-03-02 21:33:27,702 [269e0ee6-c833-446d-a842-94c77dd867fd@group-B508C26EB33E-LeaderElection87] INFO  impl.RoleInfo (RoleInfo.java:updateAndGet(130)) - 269e0ee6-c833-446d-a842-94c77dd867fd: start 269e0ee6-c833-446d-a842-94c77dd867fd@group-B508C26EB33E-LeaderStateImpl
2022-03-02 21:33:27,703 [269e0ee6-c833-446d-a842-94c77dd867fd@group-B508C26EB33E-LeaderElection87] INFO  segmented.SegmentedRaftLogWorker (SegmentedRaftLogWorker.java:startLogSegment(394)) - 269e0ee6-c833-446d-a842-94c77dd867fd@group-B508C26EB33E-SegmentedRaftLogWorker: Starting segment from index:0
2022-03-02 21:33:27,707 [grpc-default-executor-5] INFO  server.RaftServer$Division (RaftServerImpl.java:requestVote(1078)) - ff1229b5-7bf6-42b1-a70d-3d6d5a94de90@group-B508C26EB33E replies to ELECTION vote request: 269e0ee6-c833-446d-a842-94c77dd867fd<-ff1229b5-7bf6-42b1-a70d-3d6d5a94de90#0:OK-t1. Peer's state: ff1229b5-7bf6-42b1-a70d-3d6d5a94de90@group-B508C26EB33E:t1, leader=null, voted=269e0ee6-c833-446d-a842-94c77dd867fd, raftlog=ff1229b5-7bf6-42b1-a70d-3d6d5a94de90@group-B508C26EB33E-SegmentedRaftLog:OPENED:c-1, conf=-1: [269e0ee6-c833-446d-a842-94c77dd867fd|rpc:10.1.0.35:35541|dataStream:|priority:1, 39d9f1c0-7130-4277-8a35-add537f65258|rpc:10.1.0.35:33025|dataStream:|priority:0, ff1229b5-7bf6-42b1-a70d-3d6d5a94de90|rpc:10.1.0.35:32847|dataStream:|priority:0], old=null
2022-03-02 21:33:27,704 [EventQueue-PipelineReportForPipelineReportHandler] INFO  pipeline.PipelineManagerImpl (PipelineManagerImpl.java:openPipeline(291)) - Pipeline Pipeline[ Id: a3d558d9-1de6-4c21-bf95-b508c26eb33e, Nodes: 39d9f1c0-7130-4277-8a35-add537f65258{ip: 10.1.0.35, host: fv-az294-754.eaanfquahm5ulb5tj050gcxych.jx.internal.cloudapp.net, ports: [REPLICATION=38181, RATIS=33025, RATIS_ADMIN=33025, RATIS_SERVER=33025, STANDALONE=35701], networkLocation: /default-rack, certSerialId: null, persistedOpState: IN_SERVICE, persistedOpStateExpiryEpochSec: 0}ff1229b5-7bf6-42b1-a70d-3d6d5a94de90{ip: 10.1.0.35, host: fv-az294-754.eaanfquahm5ulb5tj050gcxych.jx.internal.cloudapp.net, ports: [REPLICATION=43603, RATIS=32847, RATIS_ADMIN=32847, RATIS_SERVER=32847, STANDALONE=40363], networkLocation: /default-rack, certSerialId: null, persistedOpState: IN_SERVICE, persistedOpStateExpiryEpochSec: 0}269e0ee6-c833-446d-a842-94c77dd867fd{ip: 10.1.0.35, host: fv-az294-754.eaanfquahm5ulb5tj050gcxych.jx.internal.cloudapp.net, ports: [REPLICATION=40569, RATIS=35541, RATIS_ADMIN=35541, RATIS_SERVER=35541, STANDALONE=36115], networkLocation: /default-rack, certSerialId: null, persistedOpState: IN_SERVICE, persistedOpStateExpiryEpochSec: 0}, ReplicationConfig: RATIS/THREE, State:ALLOCATED, leaderId:269e0ee6-c833-446d-a842-94c77dd867fd, CreationTimestamp2022-03-02T21:33:19.974Z[Etc/UTC]] moved to OPEN state
2022-03-02 21:33:27,712 [269e0ee6-c833-446d-a842-94c77dd867fd@group-B508C26EB33E-SegmentedRaftLogWorker] INFO  segmented.SegmentedRaftLogWorker (SegmentedRaftLogWorker.java:execute(601)) - 269e0ee6-c833-446d-a842-94c77dd867fd@group-B508C26EB33E-SegmentedRaftLogWorker: created new log segment /home/runner/work/ozone/ozone/hadoop-ozone/integration-test/target/test-dir/MiniOzoneClusterImpl-f745d883-409d-4598-9a00-e779d9019c18/datanode-3/data/ratis/a3d558d9-1de6-4c21-bf95-b508c26eb33e/current/log_inprogress_0
2022-03-02 21:33:27,779 [grpc-default-executor-2] INFO  ratis.XceiverServerRatis (XceiverServerRatis.java:handleLeaderChangedNotification(867)) - Leader change notification received for group: group-B508C26EB33E with new leaderId: 269e0ee6-c833-446d-a842-94c77dd867fd
2022-03-02 21:33:27,779 [grpc-default-executor-2] INFO  server.RaftServer$Division (ServerState.java:setLeader(285)) - ff1229b5-7bf6-42b1-a70d-3d6d5a94de90@group-B508C26EB33E: change Leader from null to 269e0ee6-c833-446d-a842-94c77dd867fd at term 1 for appendEntries, leader elected after 5119ms
2022-03-02 21:33:27,787 [grpc-default-executor-2] INFO  server.RaftServer$Division (ServerState.java:setRaftConf(387)) - ff1229b5-7bf6-42b1-a70d-3d6d5a94de90@group-B508C26EB33E: set configuration 0: [269e0ee6-c833-446d-a842-94c77dd867fd|rpc:10.1.0.35:35541|dataStream:|priority:1, 39d9f1c0-7130-4277-8a35-add537f65258|rpc:10.1.0.35:33025|dataStream:|priority:0, ff1229b5-7bf6-42b1-a70d-3d6d5a94de90|rpc:10.1.0.35:32847|dataStream:|priority:0], old=null
2022-03-02 21:33:27,787 [grpc-default-executor-2] INFO  segmented.SegmentedRaftLogWorker (SegmentedRaftLogWorker.java:startLogSegment(394)) - ff1229b5-7bf6-42b1-a70d-3d6d5a94de90@group-B508C26EB33E-SegmentedRaftLogWorker: Starting segment from index:0
2022-03-02 21:33:27,788 [ff1229b5-7bf6-42b1-a70d-3d6d5a94de90@group-B508C26EB33E-SegmentedRaftLogWorker] INFO  segmented.SegmentedRaftLogWorker (SegmentedRaftLogWorker.java:execute(601)) - ff1229b5-7bf6-42b1-a70d-3d6d5a94de90@group-B508C26EB33E-SegmentedRaftLogWorker: created new log segment /home/runner/work/ozone/ozone/hadoop-ozone/integration-test/target/test-dir/MiniOzoneClusterImpl-f745d883-409d-4598-9a00-e779d9019c18/datanode-5/data/ratis/a3d558d9-1de6-4c21-bf95-b508c26eb33e/current/log_inprogress_0
2022-03-02 21:33:27,828 [269e0ee6-c833-446d-a842-94c77dd867fd@group-B508C26EB33E-LeaderElection87] INFO  server.RaftServer$Division (ServerState.java:setRaftConf(387)) - 269e0ee6-c833-446d-a842-94c77dd867fd@group-B508C26EB33E: set configuration 0: [269e0ee6-c833-446d-a842-94c77dd867fd|rpc:10.1.0.35:35541|dataStream:|priority:1, 39d9f1c0-7130-4277-8a35-add537f65258|rpc:10.1.0.35:33025|dataStream:|priority:0, ff1229b5-7bf6-42b1-a70d-3d6d5a94de90|rpc:10.1.0.35:32847|dataStream:|priority:0], old=null
2022-03-02 21:33:27,855 [grpc-default-executor-5] INFO  ratis.XceiverServerRatis (XceiverServerRatis.java:handleLeaderChangedNotification(867)) - Leader change notification received for group: group-B508C26EB33E with new leaderId: 269e0ee6-c833-446d-a842-94c77dd867fd
2022-03-02 21:33:27,855 [grpc-default-executor-5] INFO  server.RaftServer$Division (ServerState.java:setLeader(285)) - 39d9f1c0-7130-4277-8a35-add537f65258@group-B508C26EB33E: change Leader from null to 269e0ee6-c833-446d-a842-94c77dd867fd at term 1 for appendEntries, leader elected after 5275ms
2022-03-02 21:33:27,858 [grpc-default-executor-5] INFO  server.RaftServer$Division (ServerState.java:setRaftConf(387)) - 39d9f1c0-7130-4277-8a35-add537f65258@group-B508C26EB33E: set configuration 0: [269e0ee6-c833-446d-a842-94c77dd867fd|rpc:10.1.0.35:35541|dataStream:|priority:1, 39d9f1c0-7130-4277-8a35-add537f65258|rpc:10.1.0.35:33025|dataStream:|priority:0, ff1229b5-7bf6-42b1-a70d-3d6d5a94de90|rpc:10.1.0.35:32847|dataStream:|priority:0], old=null
2022-03-02 21:33:27,859 [grpc-default-executor-5] INFO  segmented.SegmentedRaftLogWorker (SegmentedRaftLogWorker.java:startLogSegment(394)) - 39d9f1c0-7130-4277-8a35-add537f65258@group-B508C26EB33E-SegmentedRaftLogWorker: Starting segment from index:0
2022-03-02 21:33:27,862 [39d9f1c0-7130-4277-8a35-add537f65258@group-B508C26EB33E-SegmentedRaftLogWorker] INFO  segmented.SegmentedRaftLogWorker (SegmentedRaftLogWorker.java:execute(601)) - 39d9f1c0-7130-4277-8a35-add537f65258@group-B508C26EB33E-SegmentedRaftLogWorker: created new log segment /home/runner/work/ozone/ozone/hadoop-ozone/integration-test/target/test-dir/MiniOzoneClusterImpl-f745d883-409d-4598-9a00-e779d9019c18/datanode-4/data/ratis/a3d558d9-1de6-4c21-bf95-b508c26eb33e/current/log_inprogress_0
2022-03-02 21:33:28,087 [ff1229b5-7bf6-42b1-a70d-3d6d5a94de90@group-C97EF908EB8A-FollowerState] INFO  impl.FollowerState (FollowerState.java:run(134)) - ff1229b5-7bf6-42b1-a70d-3d6d5a94de90@group-C97EF908EB8A-FollowerState: change to CANDIDATE, lastRpcElapsedTime:5172727587ns, electionTimeout:5164ms
2022-03-02 21:33:28,088 [ff1229b5-7bf6-42b1-a70d-3d6d5a94de90@group-C97EF908EB8A-FollowerState] INFO  impl.RoleInfo (RoleInfo.java:shutdownFollowerState(108)) - ff1229b5-7bf6-42b1-a70d-3d6d5a94de90: shutdown ff1229b5-7bf6-42b1-a70d-3d6d5a94de90@group-C97EF908EB8A-FollowerState
2022-03-02 21:33:28,088 [ff1229b5-7bf6-42b1-a70d-3d6d5a94de90@group-C97EF908EB8A-FollowerState] INFO  server.RaftServer$Division (RaftServerImpl.java:setRole(290)) - ff1229b5-7bf6-42b1-a70d-3d6d5a94de90@group-C97EF908EB8A: changes role from  FOLLOWER to CANDIDATE at term 0 for changeToCandidate
2022-03-02 21:33:28,089 [ff1229b5-7bf6-42b1-a70d-3d6d5a94de90@group-C97EF908EB8A-FollowerState] INFO  server.RaftServerConfigKeys (ConfUtils.java:logGet(44)) - raft.server.leaderelection.pre-vote = false (custom)
2022-03-02 21:33:28,089 [ff1229b5-7bf6-42b1-a70d-3d6d5a94de90@group-C97EF908EB8A-FollowerState] INFO  impl.RoleInfo (RoleInfo.java:updateAndGet(130)) - ff1229b5-7bf6-42b1-a70d-3d6d5a94de90: start ff1229b5-7bf6-42b1-a70d-3d6d5a94de90@group-C97EF908EB8A-LeaderElection88
2022-03-02 21:33:28,104 [ff1229b5-7bf6-42b1-a70d-3d6d5a94de90@group-C97EF908EB8A-LeaderElection88] INFO  impl.LeaderElection (LeaderElection.java:askForVotes(306)) - ff1229b5-7bf6-42b1-a70d-3d6d5a94de90@group-C97EF908EB8A-LeaderElection88 ELECTION round 0: submit vote requests at term 1 for -1: [ff1229b5-7bf6-42b1-a70d-3d6d5a94de90|rpc:10.1.0.35:32847|priority:1], old=null
2022-03-02 21:33:28,105 [ff1229b5-7bf6-42b1-a70d-3d6d5a94de90@group-C97EF908EB8A-LeaderElection88] INFO  impl.LeaderElection (LeaderElection.java:askForVotes(308)) - ff1229b5-7bf6-42b1-a70d-3d6d5a94de90@group-C97EF908EB8A-LeaderElection88 ELECTION round 0: result PASSED (term=1)
2022-03-02 21:33:28,105 [ff1229b5-7bf6-42b1-a70d-3d6d5a94de90@group-C97EF908EB8A-LeaderElection88] INFO  impl.RoleInfo (RoleInfo.java:shutdownLeaderElection(121)) - ff1229b5-7bf6-42b1-a70d-3d6d5a94de90: shutdown ff1229b5-7bf6-42b1-a70d-3d6d5a94de90@group-C97EF908EB8A-LeaderElection88
2022-03-02 21:33:28,105 [ff1229b5-7bf6-42b1-a70d-3d6d5a94de90@group-C97EF908EB8A-LeaderElection88] INFO  server.RaftServer$Division (RaftServerImpl.java:setRole(290)) - ff1229b5-7bf6-42b1-a70d-3d6d5a94de90@group-C97EF908EB8A: changes role from CANDIDATE to LEADER at term 1 for changeToLeader
2022-03-02 21:33:28,105 [ff1229b5-7bf6-42b1-a70d-3d6d5a94de90@group-C97EF908EB8A-LeaderElection88] INFO  ratis.XceiverServerRatis (XceiverServerRatis.java:handleLeaderChangedNotification(867)) - Leader change notification received for group: group-C97EF908EB8A with new leaderId: ff1229b5-7bf6-42b1-a70d-3d6d5a94de90
2022-03-02 21:33:28,105 [ff1229b5-7bf6-42b1-a70d-3d6d5a94de90@group-C97EF908EB8A-LeaderElection88] INFO  server.RaftServer$Division (ServerState.java:setLeader(285)) - ff1229b5-7bf6-42b1-a70d-3d6d5a94de90@group-C97EF908EB8A: change Leader from null to ff1229b5-7bf6-42b1-a70d-3d6d5a94de90 at term 1 for becomeLeader, leader elected after 5210ms
2022-03-02 21:33:28,105 [ff1229b5-7bf6-42b1-a70d-3d6d5a94de90@group-C97EF908EB8A-LeaderElection88] INFO  server.RaftServerConfigKeys (ConfUtils.java:logGet(44)) - raft.server.staging.catchup.gap = 1000 (default)
2022-03-02 21:33:28,106 [ff1229b5-7bf6-42b1-a70d-3d6d5a94de90@group-C97EF908EB8A-LeaderElection88] INFO  server.RaftServerConfigKeys (ConfUtils.java:logGet(44)) - raft.server.write.element-limit = 1024 (custom)
2022-03-02 21:33:28,106 [ff1229b5-7bf6-42b1-a70d-3d6d5a94de90@group-C97EF908EB8A-LeaderElection88] INFO  server.RaftServerConfigKeys (ConfUtils.java:logGet(44)) - raft.server.write.byte-limit = 1024 M (=1073741824) (custom)
2022-03-02 21:33:28,113 [ff1229b5-7bf6-42b1-a70d-3d6d5a94de90@group-C97EF908EB8A-LeaderElection88] INFO  server.RaftServerConfigKeys (ConfUtils.java:logGet(44)) - raft.server.watch.timeout = 3000ms (custom)
2022-03-02 21:33:28,113 [ff1229b5-7bf6-42b1-a70d-3d6d5a94de90@group-C97EF908EB8A-LeaderElection88] INFO  server.RaftServerConfigKeys (ConfUtils.java:logGet(44)) - raft.server.watch.timeout.denomination = 1s (default)
2022-03-02 21:33:28,113 [ff1229b5-7bf6-42b1-a70d-3d6d5a94de90@group-C97EF908EB8A-LeaderElection88] INFO  server.RaftServerConfigKeys (ConfUtils.java:logGet(44)) - raft.server.watch.element-limit = 65536 (default)
2022-03-02 21:33:28,113 [ff1229b5-7bf6-42b1-a70d-3d6d5a94de90@group-C97EF908EB8A-LeaderElection88] INFO  server.RaftServerConfigKeys (ConfUtils.java:logGet(44)) - raft.server.write.element-limit = 1024 (custom)
2022-03-02 21:33:28,114 [ff1229b5-7bf6-42b1-a70d-3d6d5a94de90@group-C97EF908EB8A-LeaderElection88] INFO  server.RaftServerConfigKeys (ConfUtils.java:logGet(44)) - raft.server.write.follower.gap.ratio.max = -1.0 (default)
2022-03-02 21:33:28,123 [ff1229b5-7bf6-42b1-a70d-3d6d5a94de90@group-C97EF908EB8A-LeaderElection88] INFO  impl.RoleInfo (RoleInfo.java:updateAndGet(130)) - ff1229b5-7bf6-42b1-a70d-3d6d5a94de90: start ff1229b5-7bf6-42b1-a70d-3d6d5a94de90@group-C97EF908EB8A-LeaderStateImpl
2022-03-02 21:33:28,123 [ff1229b5-7bf6-42b1-a70d-3d6d5a94de90@group-C97EF908EB8A-LeaderElection88] INFO  segmented.SegmentedRaftLogWorker (SegmentedRaftLogWorker.java:startLogSegment(394)) - ff1229b5-7bf6-42b1-a70d-3d6d5a94de90@group-C97EF908EB8A-SegmentedRaftLogWorker: Starting segment from index:0
2022-03-02 21:33:28,124 [ff1229b5-7bf6-42b1-a70d-3d6d5a94de90@group-C97EF908EB8A-SegmentedRaftLogWorker] INFO  segmented.SegmentedRaftLogWorker (SegmentedRaftLogWorker.java:execute(601)) - ff1229b5-7bf6-42b1-a70d-3d6d5a94de90@group-C97EF908EB8A-SegmentedRaftLogWorker: created new log segment /home/runner/work/ozone/ozone/hadoop-ozone/integration-test/target/test-dir/MiniOzoneClusterImpl-f745d883-409d-4598-9a00-e779d9019c18/datanode-5/data/ratis/119b732d-8d8f-435b-b5ba-c97ef908eb8a/current/log_inprogress_0
2022-03-02 21:33:28,150 [ff1229b5-7bf6-42b1-a70d-3d6d5a94de90@group-C97EF908EB8A-LeaderElection88] INFO  server.RaftServer$Division (ServerState.java:setRaftConf(387)) - ff1229b5-7bf6-42b1-a70d-3d6d5a94de90@group-C97EF908EB8A: set configuration 0: [ff1229b5-7bf6-42b1-a70d-3d6d5a94de90|rpc:10.1.0.35:32847|dataStream:|priority:1], old=null
2022-03-02 21:33:28,661 [176cdbad-2e78-4d65-9cb6-df82a020a3cb@group-02F814D75679-FollowerState] INFO  impl.FollowerState (FollowerState.java:run(134)) - 176cdbad-2e78-4d65-9cb6-df82a020a3cb@group-02F814D75679-FollowerState: change to CANDIDATE, lastRpcElapsedTime:5138026269ns, electionTimeout:5134ms
2022-03-02 21:33:28,662 [176cdbad-2e78-4d65-9cb6-df82a020a3cb@group-02F814D75679-FollowerState] INFO  impl.RoleInfo (RoleInfo.java:shutdownFollowerState(108)) - 176cdbad-2e78-4d65-9cb6-df82a020a3cb: shutdown 176cdbad-2e78-4d65-9cb6-df82a020a3cb@group-02F814D75679-FollowerState
2022-03-02 21:33:28,662 [176cdbad-2e78-4d65-9cb6-df82a020a3cb@group-02F814D75679-FollowerState] INFO  server.RaftServer$Division (RaftServerImpl.java:setRole(290)) - 176cdbad-2e78-4d65-9cb6-df82a020a3cb@group-02F814D75679: changes role from  FOLLOWER to CANDIDATE at term 0 for changeToCandidate
2022-03-02 21:33:28,662 [176cdbad-2e78-4d65-9cb6-df82a020a3cb@group-02F814D75679-FollowerState] INFO  server.RaftServerConfigKeys (ConfUtils.java:logGet(44)) - raft.server.leaderelection.pre-vote = false (custom)
2022-03-02 21:33:28,662 [176cdbad-2e78-4d65-9cb6-df82a020a3cb@group-02F814D75679-FollowerState] INFO  impl.RoleInfo (RoleInfo.java:updateAndGet(130)) - 176cdbad-2e78-4d65-9cb6-df82a020a3cb: start 176cdbad-2e78-4d65-9cb6-df82a020a3cb@group-02F814D75679-LeaderElection89
2022-03-02 21:33:28,737 [176cdbad-2e78-4d65-9cb6-df82a020a3cb@group-02F814D75679-LeaderElection89] INFO  impl.LeaderElection (LeaderElection.java:askForVotes(306)) - 176cdbad-2e78-4d65-9cb6-df82a020a3cb@group-02F814D75679-LeaderElection89 ELECTION round 0: submit vote requests at term 1 for -1: [176cdbad-2e78-4d65-9cb6-df82a020a3cb|rpc:10.1.0.35:36905|priority:1], old=null
2022-03-02 21:33:28,737 [176cdbad-2e78-4d65-9cb6-df82a020a3cb@group-02F814D75679-LeaderElection89] INFO  impl.LeaderElection (LeaderElection.java:askForVotes(308)) - 176cdbad-2e78-4d65-9cb6-df82a020a3cb@group-02F814D75679-LeaderElection89 ELECTION round 0: result PASSED (term=1)
2022-03-02 21:33:28,737 [176cdbad-2e78-4d65-9cb6-df82a020a3cb@group-02F814D75679-LeaderElection89] INFO  impl.RoleInfo (RoleInfo.java:shutdownLeaderElection(121)) - 176cdbad-2e78-4d65-9cb6-df82a020a3cb: shutdown 176cdbad-2e78-4d65-9cb6-df82a020a3cb@group-02F814D75679-LeaderElection89
2022-03-02 21:33:28,737 [176cdbad-2e78-4d65-9cb6-df82a020a3cb@group-02F814D75679-LeaderElection89] INFO  server.RaftServer$Division (RaftServerImpl.java:setRole(290)) - 176cdbad-2e78-4d65-9cb6-df82a020a3cb@group-02F814D75679: changes role from CANDIDATE to LEADER at term 1 for changeToLeader
2022-03-02 21:33:28,737 [176cdbad-2e78-4d65-9cb6-df82a020a3cb@group-02F814D75679-LeaderElection89] INFO  ratis.XceiverServerRatis (XceiverServerRatis.java:handleLeaderChangedNotification(867)) - Leader change notification received for group: group-02F814D75679 with new leaderId: 176cdbad-2e78-4d65-9cb6-df82a020a3cb
2022-03-02 21:33:28,737 [176cdbad-2e78-4d65-9cb6-df82a020a3cb@group-02F814D75679-LeaderElection89] INFO  server.RaftServer$Division (ServerState.java:setLeader(285)) - 176cdbad-2e78-4d65-9cb6-df82a020a3cb@group-02F814D75679: change Leader from null to 176cdbad-2e78-4d65-9cb6-df82a020a3cb at term 1 for becomeLeader, leader elected after 5233ms
2022-03-02 21:33:28,737 [176cdbad-2e78-4d65-9cb6-df82a020a3cb@group-02F814D75679-LeaderElection89] INFO  server.RaftServerConfigKeys (ConfUtils.java:logGet(44)) - raft.server.staging.catchup.gap = 1000 (default)
2022-03-02 21:33:28,737 [176cdbad-2e78-4d65-9cb6-df82a020a3cb@group-02F814D75679-LeaderElection89] INFO  server.RaftServerConfigKeys (ConfUtils.java:logGet(44)) - raft.server.write.element-limit = 1024 (custom)
2022-03-02 21:33:28,737 [176cdbad-2e78-4d65-9cb6-df82a020a3cb@group-02F814D75679-LeaderElection89] INFO  server.RaftServerConfigKeys (ConfUtils.java:logGet(44)) - raft.server.write.byte-limit = 1024 M (=1073741824) (custom)
2022-03-02 21:33:28,738 [176cdbad-2e78-4d65-9cb6-df82a020a3cb@group-02F814D75679-LeaderElection89] INFO  server.RaftServerConfigKeys (ConfUtils.java:logGet(44)) - raft.server.watch.timeout = 3000ms (custom)
2022-03-02 21:33:28,738 [176cdbad-2e78-4d65-9cb6-df82a020a3cb@group-02F814D75679-LeaderElection89] INFO  server.RaftServerConfigKeys (ConfUtils.java:logGet(44)) - raft.server.watch.timeout.denomination = 1s (default)
2022-03-02 21:33:28,738 [176cdbad-2e78-4d65-9cb6-df82a020a3cb@group-02F814D75679-LeaderElection89] INFO  server.RaftServerConfigKeys (ConfUtils.java:logGet(44)) - raft.server.watch.element-limit = 65536 (default)
2022-03-02 21:33:28,738 [176cdbad-2e78-4d65-9cb6-df82a020a3cb@group-02F814D75679-LeaderElection89] INFO  server.RaftServerConfigKeys (ConfUtils.java:logGet(44)) - raft.server.write.element-limit = 1024 (custom)
2022-03-02 21:33:28,738 [176cdbad-2e78-4d65-9cb6-df82a020a3cb@group-02F814D75679-LeaderElection89] INFO  server.RaftServerConfigKeys (ConfUtils.java:logGet(44)) - raft.server.write.follower.gap.ratio.max = -1.0 (default)
2022-03-02 21:33:28,738 [176cdbad-2e78-4d65-9cb6-df82a020a3cb@group-02F814D75679-LeaderElection89] INFO  impl.RoleInfo (RoleInfo.java:updateAndGet(130)) - 176cdbad-2e78-4d65-9cb6-df82a020a3cb: start 176cdbad-2e78-4d65-9cb6-df82a020a3cb@group-02F814D75679-LeaderStateImpl
2022-03-02 21:33:28,738 [176cdbad-2e78-4d65-9cb6-df82a020a3cb@group-02F814D75679-LeaderElection89] INFO  segmented.SegmentedRaftLogWorker (SegmentedRaftLogWorker.java:startLogSegment(394)) - 176cdbad-2e78-4d65-9cb6-df82a020a3cb@group-02F814D75679-SegmentedRaftLogWorker: Starting segment from index:0
2022-03-02 21:33:28,740 [176cdbad-2e78-4d65-9cb6-df82a020a3cb@group-02F814D75679-SegmentedRaftLogWorker] INFO  segmented.SegmentedRaftLogWorker (SegmentedRaftLogWorker.java:execute(601)) - 176cdbad-2e78-4d65-9cb6-df82a020a3cb@group-02F814D75679-SegmentedRaftLogWorker: created new log segment /home/runner/work/ozone/ozone/hadoop-ozone/integration-test/target/test-dir/MiniOzoneClusterImpl-f745d883-409d-4598-9a00-e779d9019c18/datanode-6/data/ratis/c99ef66f-09a6-43aa-a065-02f814d75679/current/log_inprogress_0
2022-03-02 21:33:28,756 [176cdbad-2e78-4d65-9cb6-df82a020a3cb@group-02F814D75679-LeaderElection89] INFO  server.RaftServer$Division (ServerState.java:setRaftConf(387)) - 176cdbad-2e78-4d65-9cb6-df82a020a3cb@group-02F814D75679: set configuration 0: [176cdbad-2e78-4d65-9cb6-df82a020a3cb|rpc:10.1.0.35:36905|dataStream:|priority:1], old=null
2022-03-02 21:33:30,088 [cdd5360e-d849-4e2b-b62b-b70fbd73a7e1@group-2F68AEE794C1-FollowerState] INFO  impl.FollowerState (FollowerState.java:run(134)) - cdd5360e-d849-4e2b-b62b-b70fbd73a7e1@group-2F68AEE794C1-FollowerState: change to CANDIDATE, lastRpcElapsedTime:5006669664ns, electionTimeout:5004ms
2022-03-02 21:33:30,088 [cdd5360e-d849-4e2b-b62b-b70fbd73a7e1@group-2F68AEE794C1-FollowerState] INFO  impl.RoleInfo (RoleInfo.java:shutdownFollowerState(108)) - cdd5360e-d849-4e2b-b62b-b70fbd73a7e1: shutdown cdd5360e-d849-4e2b-b62b-b70fbd73a7e1@group-2F68AEE794C1-FollowerState
2022-03-02 21:33:30,088 [cdd5360e-d849-4e2b-b62b-b70fbd73a7e1@group-2F68AEE794C1-FollowerState] INFO  server.RaftServer$Division (RaftServerImpl.java:setRole(290)) - cdd5360e-d849-4e2b-b62b-b70fbd73a7e1@group-2F68AEE794C1: changes role from  FOLLOWER to CANDIDATE at term 1 for changeToCandidate
2022-03-02 21:33:30,088 [cdd5360e-d849-4e2b-b62b-b70fbd73a7e1@group-2F68AEE794C1-FollowerState] INFO  server.RaftServerConfigKeys (ConfUtils.java:logGet(44)) - raft.server.leaderelection.pre-vote = false (custom)
2022-03-02 21:33:30,088 [cdd5360e-d849-4e2b-b62b-b70fbd73a7e1@group-2F68AEE794C1-FollowerState] INFO  impl.RoleInfo (RoleInfo.java:updateAndGet(130)) - cdd5360e-d849-4e2b-b62b-b70fbd73a7e1: start cdd5360e-d849-4e2b-b62b-b70fbd73a7e1@group-2F68AEE794C1-LeaderElection90
2022-03-02 21:33:30,090 [cdd5360e-d849-4e2b-b62b-b70fbd73a7e1@group-2F68AEE794C1-LeaderElection90] INFO  impl.LeaderElection (LeaderElection.java:askForVotes(306)) - cdd5360e-d849-4e2b-b62b-b70fbd73a7e1@group-2F68AEE794C1-LeaderElection90 ELECTION round 0: submit vote requests at term 2 for -1: [cdd5360e-d849-4e2b-b62b-b70fbd73a7e1|rpc:10.1.0.35:36141|priority:1, 06306a50-9ba9-4128-94e0-55d591e142a1|rpc:10.1.0.35:42445|priority:0, ca012516-14dd-42cd-8742-1c9d04d43fd5|rpc:10.1.0.35:34561|priority:0], old=null
2022-03-02 21:33:30,092 [grpc-default-executor-5] INFO  server.RaftServer$Division (RaftServerImpl.java:requestVote(1046)) - 06306a50-9ba9-4128-94e0-55d591e142a1@group-2F68AEE794C1: receive requestVote(ELECTION, cdd5360e-d849-4e2b-b62b-b70fbd73a7e1, group-2F68AEE794C1, 2, (t:0, i:0))
2022-03-02 21:33:30,092 [grpc-default-executor-5] INFO  impl.VoteContext (VoteContext.java:log(48)) - 06306a50-9ba9-4128-94e0-55d591e142a1@group-2F68AEE794C1-FOLLOWER: accept ELECTION from cdd5360e-d849-4e2b-b62b-b70fbd73a7e1: our priority 0 <= candidate's priority 1
2022-03-02 21:33:30,092 [grpc-default-executor-5] INFO  server.RaftServer$Division (RaftServerImpl.java:setRole(290)) - 06306a50-9ba9-4128-94e0-55d591e142a1@group-2F68AEE794C1: changes role from  FOLLOWER to FOLLOWER at term 2 for candidate:cdd5360e-d849-4e2b-b62b-b70fbd73a7e1
2022-03-02 21:33:30,092 [grpc-default-executor-5] INFO  impl.RoleInfo (RoleInfo.java:shutdownFollowerState(108)) - 06306a50-9ba9-4128-94e0-55d591e142a1: shutdown 06306a50-9ba9-4128-94e0-55d591e142a1@group-2F68AEE794C1-FollowerState
2022-03-02 21:33:30,120 [grpc-default-executor-5] INFO  impl.RoleInfo (RoleInfo.java:updateAndGet(130)) - 06306a50-9ba9-4128-94e0-55d591e142a1: start 06306a50-9ba9-4128-94e0-55d591e142a1@group-2F68AEE794C1-FollowerState
2022-03-02 21:33:30,120 [06306a50-9ba9-4128-94e0-55d591e142a1@group-2F68AEE794C1-FollowerState] INFO  impl.FollowerState (FollowerState.java:run(143)) - 06306a50-9ba9-4128-94e0-55d591e142a1@group-2F68AEE794C1-FollowerState was interrupted: {}
java.lang.InterruptedException: sleep interrupted
	at java.lang.Thread.sleep(Native Method)
	at java.lang.Thread.sleep(Thread.java:342)
	at java.util.concurrent.TimeUnit.sleep(TimeUnit.java:386)
	at org.apache.ratis.util.TimeDuration.sleep(TimeDuration.java:324)
	at org.apache.ratis.util.TimeDuration.sleep(TimeDuration.java:309)
	at org.apache.ratis.server.impl.FollowerState.run(FollowerState.java:118)
2022-03-02 21:33:30,122 [grpc-default-executor-2] INFO  server.RaftServer$Division (RaftServerImpl.java:requestVote(1046)) - ca012516-14dd-42cd-8742-1c9d04d43fd5@group-2F68AEE794C1: receive requestVote(ELECTION, cdd5360e-d849-4e2b-b62b-b70fbd73a7e1, group-2F68AEE794C1, 2, (t:0, i:0))
2022-03-02 21:33:30,122 [grpc-default-executor-2] INFO  impl.VoteContext (VoteContext.java:log(48)) - ca012516-14dd-42cd-8742-1c9d04d43fd5@group-2F68AEE794C1-FOLLOWER: accept ELECTION from cdd5360e-d849-4e2b-b62b-b70fbd73a7e1: our priority 0 <= candidate's priority 1
2022-03-02 21:33:30,122 [grpc-default-executor-2] INFO  server.RaftServer$Division (RaftServerImpl.java:setRole(290)) - ca012516-14dd-42cd-8742-1c9d04d43fd5@group-2F68AEE794C1: changes role from  FOLLOWER to FOLLOWER at term 2 for candidate:cdd5360e-d849-4e2b-b62b-b70fbd73a7e1
2022-03-02 21:33:30,122 [grpc-default-executor-2] INFO  impl.RoleInfo (RoleInfo.java:shutdownFollowerState(108)) - ca012516-14dd-42cd-8742-1c9d04d43fd5: shutdown ca012516-14dd-42cd-8742-1c9d04d43fd5@group-2F68AEE794C1-FollowerState
2022-03-02 21:33:30,150 [grpc-default-executor-2] INFO  impl.RoleInfo (RoleInfo.java:updateAndGet(130)) - ca012516-14dd-42cd-8742-1c9d04d43fd5: start ca012516-14dd-42cd-8742-1c9d04d43fd5@group-2F68AEE794C1-FollowerState
2022-03-02 21:33:30,150 [ca012516-14dd-42cd-8742-1c9d04d43fd5@group-2F68AEE794C1-FollowerState] INFO  impl.FollowerState (FollowerState.java:run(143)) - ca012516-14dd-42cd-8742-1c9d04d43fd5@group-2F68AEE794C1-FollowerState was interrupted: {}
java.lang.InterruptedException: sleep interrupted
	at java.lang.Thread.sleep(Native Method)
	at java.lang.Thread.sleep(Thread.java:342)
	at java.util.concurrent.TimeUnit.sleep(TimeUnit.java:386)
	at org.apache.ratis.util.TimeDuration.sleep(TimeDuration.java:324)
	at org.apache.ratis.util.TimeDuration.sleep(TimeDuration.java:309)
	at org.apache.ratis.server.impl.FollowerState.run(FollowerState.java:118)
2022-03-02 21:33:30,151 [grpc-default-executor-5] INFO  server.RaftServer$Division (RaftServerImpl.java:requestVote(1078)) - 06306a50-9ba9-4128-94e0-55d591e142a1@group-2F68AEE794C1 replies to ELECTION vote request: cdd5360e-d849-4e2b-b62b-b70fbd73a7e1<-06306a50-9ba9-4128-94e0-55d591e142a1#0:OK-t2. Peer's state: 06306a50-9ba9-4128-94e0-55d591e142a1@group-2F68AEE794C1:t2, leader=null, voted=cdd5360e-d849-4e2b-b62b-b70fbd73a7e1, raftlog=06306a50-9ba9-4128-94e0-55d591e142a1@group-2F68AEE794C1-SegmentedRaftLog:OPENED:c-1, conf=-1: [cdd5360e-d849-4e2b-b62b-b70fbd73a7e1|rpc:10.1.0.35:36141|priority:1, 06306a50-9ba9-4128-94e0-55d591e142a1|rpc:10.1.0.35:42445|priority:0, ca012516-14dd-42cd-8742-1c9d04d43fd5|rpc:10.1.0.35:34561|priority:0], old=null
2022-03-02 21:33:30,165 [cdd5360e-d849-4e2b-b62b-b70fbd73a7e1@group-2F68AEE794C1-LeaderElection90] INFO  impl.LeaderElection (LeaderElection.java:logAndReturn(89)) - cdd5360e-d849-4e2b-b62b-b70fbd73a7e1@group-2F68AEE794C1-LeaderElection90: ELECTION PASSED received 1 response(s) and 0 exception(s):
2022-03-02 21:33:30,165 [cdd5360e-d849-4e2b-b62b-b70fbd73a7e1@group-2F68AEE794C1-LeaderElection90] INFO  impl.LeaderElection (LeaderElection.java:logAndReturn(93)) -   Response 0: cdd5360e-d849-4e2b-b62b-b70fbd73a7e1<-06306a50-9ba9-4128-94e0-55d591e142a1#0:OK-t2
2022-03-02 21:33:30,165 [cdd5360e-d849-4e2b-b62b-b70fbd73a7e1@group-2F68AEE794C1-LeaderElection90] INFO  impl.LeaderElection (LeaderElection.java:askForVotes(308)) - cdd5360e-d849-4e2b-b62b-b70fbd73a7e1@group-2F68AEE794C1-LeaderElection90 ELECTION round 0: result PASSED
2022-03-02 21:33:30,165 [cdd5360e-d849-4e2b-b62b-b70fbd73a7e1@group-2F68AEE794C1-LeaderElection90] INFO  impl.RoleInfo (RoleInfo.java:shutdownLeaderElection(121)) - cdd5360e-d849-4e2b-b62b-b70fbd73a7e1: shutdown cdd5360e-d849-4e2b-b62b-b70fbd73a7e1@group-2F68AEE794C1-LeaderElection90
2022-03-02 21:33:30,165 [cdd5360e-d849-4e2b-b62b-b70fbd73a7e1@group-2F68AEE794C1-LeaderElection90] INFO  server.RaftServer$Division (RaftServerImpl.java:setRole(290)) - cdd5360e-d849-4e2b-b62b-b70fbd73a7e1@group-2F68AEE794C1: changes role from CANDIDATE to LEADER at term 2 for changeToLeader
2022-03-02 21:33:30,165 [cdd5360e-d849-4e2b-b62b-b70fbd73a7e1@group-2F68AEE794C1-LeaderElection90] INFO  ratis.XceiverServerRatis (XceiverServerRatis.java:handleLeaderChangedNotification(867)) - Leader change notification received for group: group-2F68AEE794C1 with new leaderId: cdd5360e-d849-4e2b-b62b-b70fbd73a7e1
2022-03-02 21:33:30,166 [cdd5360e-d849-4e2b-b62b-b70fbd73a7e1@group-2F68AEE794C1-LeaderElection90] INFO  server.RaftServer$Division (ServerState.java:setLeader(285)) - cdd5360e-d849-4e2b-b62b-b70fbd73a7e1@group-2F68AEE794C1: change Leader from null to cdd5360e-d849-4e2b-b62b-b70fbd73a7e1 at term 2 for becomeLeader, leader elected after 10047ms
2022-03-02 21:33:30,166 [cdd5360e-d849-4e2b-b62b-b70fbd73a7e1@group-2F68AEE794C1-LeaderElection90] INFO  server.RaftServerConfigKeys (ConfUtils.java:logGet(44)) - raft.server.staging.catchup.gap = 1000 (default)
2022-03-02 21:33:30,166 [grpc-default-executor-2] INFO  server.RaftServer$Division (RaftServerImpl.java:requestVote(1078)) - ca012516-14dd-42cd-8742-1c9d04d43fd5@group-2F68AEE794C1 replies to ELECTION vote request: cdd5360e-d849-4e2b-b62b-b70fbd73a7e1<-ca012516-14dd-42cd-8742-1c9d04d43fd5#0:OK-t2. Peer's state: ca012516-14dd-42cd-8742-1c9d04d43fd5@group-2F68AEE794C1:t2, leader=null, voted=cdd5360e-d849-4e2b-b62b-b70fbd73a7e1, raftlog=ca012516-14dd-42cd-8742-1c9d04d43fd5@group-2F68AEE794C1-SegmentedRaftLog:OPENED:c-1, conf=-1: [cdd5360e-d849-4e2b-b62b-b70fbd73a7e1|rpc:10.1.0.35:36141|dataStream:|priority:1, 06306a50-9ba9-4128-94e0-55d591e142a1|rpc:10.1.0.35:42445|dataStream:|priority:0, ca012516-14dd-42cd-8742-1c9d04d43fd5|rpc:10.1.0.35:34561|dataStream:|priority:0], old=null
2022-03-02 21:33:30,166 [cdd5360e-d849-4e2b-b62b-b70fbd73a7e1@group-2F68AEE794C1-LeaderElection90] INFO  server.RaftServerConfigKeys (ConfUtils.java:logGet(44)) - raft.server.write.element-limit = 1024 (custom)
2022-03-02 21:33:30,166 [cdd5360e-d849-4e2b-b62b-b70fbd73a7e1@group-2F68AEE794C1-LeaderElection90] INFO  server.RaftServerConfigKeys (ConfUtils.java:logGet(44)) - raft.server.write.byte-limit = 1024 M (=1073741824) (custom)
2022-03-02 21:33:30,166 [cdd5360e-d849-4e2b-b62b-b70fbd73a7e1@group-2F68AEE794C1-LeaderElection90] INFO  server.RaftServerConfigKeys (ConfUtils.java:logGet(44)) - raft.server.watch.timeout = 3000ms (custom)
2022-03-02 21:33:30,166 [cdd5360e-d849-4e2b-b62b-b70fbd73a7e1@group-2F68AEE794C1-LeaderElection90] INFO  server.RaftServerConfigKeys (ConfUtils.java:logGet(44)) - raft.server.watch.timeout.denomination = 1s (default)
2022-03-02 21:33:30,166 [cdd5360e-d849-4e2b-b62b-b70fbd73a7e1@group-2F68AEE794C1-LeaderElection90] INFO  server.RaftServerConfigKeys (ConfUtils.java:logGet(44)) - raft.server.watch.element-limit = 65536 (default)
2022-03-02 21:33:30,167 [cdd5360e-d849-4e2b-b62b-b70fbd73a7e1@group-2F68AEE794C1-LeaderElection90] INFO  server.RaftServerConfigKeys (ConfUtils.java:logGet(44)) - raft.server.write.element-limit = 1024 (custom)
2022-03-02 21:33:30,167 [cdd5360e-d849-4e2b-b62b-b70fbd73a7e1@group-2F68AEE794C1-LeaderElection90] INFO  server.RaftServerConfigKeys (ConfUtils.java:logGet(44)) - raft.server.write.follower.gap.ratio.max = -1.0 (default)
2022-03-02 21:33:30,167 [cdd5360e-d849-4e2b-b62b-b70fbd73a7e1@group-2F68AEE794C1-LeaderElection90] INFO  server.RaftServerConfigKeys (ConfUtils.java:logGet(44)) - raft.server.log.appender.snapshot.chunk.size.max = 16MB (=16777216) (default)
2022-03-02 21:33:30,167 [cdd5360e-d849-4e2b-b62b-b70fbd73a7e1@group-2F68AEE794C1-LeaderElection90] INFO  server.RaftServerConfigKeys (ConfUtils.java:logGet(44)) - raft.server.log.appender.buffer.byte-limit = 33554432 (custom)
2022-03-02 21:33:30,167 [cdd5360e-d849-4e2b-b62b-b70fbd73a7e1@group-2F68AEE794C1-LeaderElection90] INFO  server.RaftServerConfigKeys (ConfUtils.java:logGet(44)) - raft.server.log.appender.buffer.element-limit = 1 (custom)
2022-03-02 21:33:30,167 [cdd5360e-d849-4e2b-b62b-b70fbd73a7e1@group-2F68AEE794C1-LeaderElection90] INFO  grpc.GrpcConfigKeys (ConfUtils.java:logGet(44)) - raft.grpc.server.leader.outstanding.appends.max = 128 (default)
2022-03-02 21:33:30,167 [cdd5360e-d849-4e2b-b62b-b70fbd73a7e1@group-2F68AEE794C1-LeaderElection90] INFO  server.RaftServerConfigKeys (ConfUtils.java:logGet(44)) - raft.server.rpc.request.timeout = 3000ms (default)
2022-03-02 21:33:30,167 [cdd5360e-d849-4e2b-b62b-b70fbd73a7e1@group-2F68AEE794C1-LeaderElection90] INFO  server.RaftServerConfigKeys (ConfUtils.java:logGet(44)) - raft.server.log.appender.install.snapshot.enabled = false (custom)
2022-03-02 21:33:30,168 [cdd5360e-d849-4e2b-b62b-b70fbd73a7e1@group-2F68AEE794C1-LeaderElection90] INFO  server.RaftServerConfigKeys (ConfUtils.java:logGet(44)) - raft.server.log.appender.snapshot.chunk.size.max = 16MB (=16777216) (default)
2022-03-02 21:33:30,168 [cdd5360e-d849-4e2b-b62b-b70fbd73a7e1@group-2F68AEE794C1-LeaderElection90] INFO  server.RaftServerConfigKeys (ConfUtils.java:logGet(44)) - raft.server.log.appender.buffer.byte-limit = 33554432 (custom)
2022-03-02 21:33:30,168 [cdd5360e-d849-4e2b-b62b-b70fbd73a7e1@group-2F68AEE794C1-LeaderElection90] INFO  server.RaftServerConfigKeys (ConfUtils.java:logGet(44)) - raft.server.log.appender.buffer.element-limit = 1 (custom)
2022-03-02 21:33:30,168 [cdd5360e-d849-4e2b-b62b-b70fbd73a7e1@group-2F68AEE794C1-LeaderElection90] INFO  grpc.GrpcConfigKeys (ConfUtils.java:logGet(44)) - raft.grpc.server.leader.outstanding.appends.max = 128 (default)
2022-03-02 21:33:30,168 [cdd5360e-d849-4e2b-b62b-b70fbd73a7e1@group-2F68AEE794C1-LeaderElection90] INFO  server.RaftServerConfigKeys (ConfUtils.java:logGet(44)) - raft.server.rpc.request.timeout = 3000ms (default)
2022-03-02 21:33:30,168 [cdd5360e-d849-4e2b-b62b-b70fbd73a7e1@group-2F68AEE794C1-LeaderElection90] INFO  server.RaftServerConfigKeys (ConfUtils.java:logGet(44)) - raft.server.log.appender.install.snapshot.enabled = false (custom)
2022-03-02 21:33:30,169 [cdd5360e-d849-4e2b-b62b-b70fbd73a7e1@group-2F68AEE794C1-LeaderElection90] INFO  impl.RoleInfo (RoleInfo.java:updateAndGet(130)) - cdd5360e-d849-4e2b-b62b-b70fbd73a7e1: start cdd5360e-d849-4e2b-b62b-b70fbd73a7e1@group-2F68AEE794C1-LeaderStateImpl
2022-03-02 21:33:30,173 [cdd5360e-d849-4e2b-b62b-b70fbd73a7e1@group-2F68AEE794C1-LeaderElection90] INFO  segmented.SegmentedRaftLogWorker (SegmentedRaftLogWorker.java:startLogSegment(394)) - cdd5360e-d849-4e2b-b62b-b70fbd73a7e1@group-2F68AEE794C1-SegmentedRaftLogWorker: Starting segment from index:0
2022-03-02 21:33:30,175 [cdd5360e-d849-4e2b-b62b-b70fbd73a7e1@group-2F68AEE794C1-SegmentedRaftLogWorker] INFO  segmented.SegmentedRaftLogWorker (SegmentedRaftLogWorker.java:execute(601)) - cdd5360e-d849-4e2b-b62b-b70fbd73a7e1@group-2F68AEE794C1-SegmentedRaftLogWorker: created new log segment /home/runner/work/ozone/ozone/hadoop-ozone/integration-test/target/test-dir/MiniOzoneClusterImpl-f745d883-409d-4598-9a00-e779d9019c18/datanode-1/data/ratis/9b18829a-a3fc-4ad4-bb5e-2f68aee794c1/current/log_inprogress_0
2022-03-02 21:33:30,179 [cdd5360e-d849-4e2b-b62b-b70fbd73a7e1@group-2F68AEE794C1-LeaderElection90] INFO  server.RaftServer$Division (ServerState.java:setRaftConf(387)) - cdd5360e-d849-4e2b-b62b-b70fbd73a7e1@group-2F68AEE794C1: set configuration 0: [cdd5360e-d849-4e2b-b62b-b70fbd73a7e1|rpc:10.1.0.35:36141|dataStream:|priority:1, 06306a50-9ba9-4128-94e0-55d591e142a1|rpc:10.1.0.35:42445|dataStream:|priority:0, ca012516-14dd-42cd-8742-1c9d04d43fd5|rpc:10.1.0.35:34561|dataStream:|priority:0], old=null
2022-03-02 21:33:30,183 [cdd5360e-d849-4e2b-b62b-b70fbd73a7e1@group-8EC42998B879-FollowerState] INFO  impl.FollowerState (FollowerState.java:run(134)) - cdd5360e-d849-4e2b-b62b-b70fbd73a7e1@group-8EC42998B879-FollowerState: change to CANDIDATE, lastRpcElapsedTime:5142844356ns, electionTimeout:5128ms
2022-03-02 21:33:30,183 [cdd5360e-d849-4e2b-b62b-b70fbd73a7e1@group-8EC42998B879-FollowerState] INFO  impl.RoleInfo (RoleInfo.java:shutdownFollowerState(108)) - cdd5360e-d849-4e2b-b62b-b70fbd73a7e1: shutdown cdd5360e-d849-4e2b-b62b-b70fbd73a7e1@group-8EC42998B879-FollowerState
2022-03-02 21:33:30,183 [cdd5360e-d849-4e2b-b62b-b70fbd73a7e1@group-8EC42998B879-FollowerState] INFO  server.RaftServer$Division (RaftServerImpl.java:setRole(290)) - cdd5360e-d849-4e2b-b62b-b70fbd73a7e1@group-8EC42998B879: changes role from  FOLLOWER to CANDIDATE at term 1 for changeToCandidate
2022-03-02 21:33:30,183 [cdd5360e-d849-4e2b-b62b-b70fbd73a7e1@group-8EC42998B879-FollowerState] INFO  server.RaftServerConfigKeys (ConfUtils.java:logGet(44)) - raft.server.leaderelection.pre-vote = false (custom)
2022-03-02 21:33:30,183 [cdd5360e-d849-4e2b-b62b-b70fbd73a7e1@group-8EC42998B879-FollowerState] INFO  impl.RoleInfo (RoleInfo.java:updateAndGet(130)) - cdd5360e-d849-4e2b-b62b-b70fbd73a7e1: start cdd5360e-d849-4e2b-b62b-b70fbd73a7e1@group-8EC42998B879-LeaderElection91
2022-03-02 21:33:30,184 [grpc-default-executor-5] INFO  ratis.XceiverServerRatis (XceiverServerRatis.java:handleLeaderChangedNotification(867)) - Leader change notification received for group: group-2F68AEE794C1 with new leaderId: cdd5360e-d849-4e2b-b62b-b70fbd73a7e1
2022-03-02 21:33:30,184 [grpc-default-executor-5] INFO  server.RaftServer$Division (ServerState.java:setLeader(285)) - 06306a50-9ba9-4128-94e0-55d591e142a1@group-2F68AEE794C1: change Leader from null to cdd5360e-d849-4e2b-b62b-b70fbd73a7e1 at term 2 for appendEntries, leader elected after 10216ms
2022-03-02 21:33:30,185 [grpc-default-executor-2] INFO  ratis.XceiverServerRatis (XceiverServerRatis.java:handleLeaderChangedNotification(867)) - Leader change notification received for group: group-2F68AEE794C1 with new leaderId: cdd5360e-d849-4e2b-b62b-b70fbd73a7e1
2022-03-02 21:33:30,185 [grpc-default-executor-2] INFO  server.RaftServer$Division (ServerState.java:setLeader(285)) - ca012516-14dd-42cd-8742-1c9d04d43fd5@group-2F68AEE794C1: change Leader from null to cdd5360e-d849-4e2b-b62b-b70fbd73a7e1 at term 2 for appendEntries, leader elected after 10057ms
2022-03-02 21:33:30,187 [grpc-default-executor-5] INFO  server.RaftServer$Division (ServerState.java:setRaftConf(387)) - 06306a50-9ba9-4128-94e0-55d591e142a1@group-2F68AEE794C1: set configuration 0: [cdd5360e-d849-4e2b-b62b-b70fbd73a7e1|rpc:10.1.0.35:36141|dataStream:|priority:1, 06306a50-9ba9-4128-94e0-55d591e142a1|rpc:10.1.0.35:42445|dataStream:|priority:0, ca012516-14dd-42cd-8742-1c9d04d43fd5|rpc:10.1.0.35:34561|dataStream:|priority:0], old=null
2022-03-02 21:33:30,187 [grpc-default-executor-5] INFO  segmented.SegmentedRaftLogWorker (SegmentedRaftLogWorker.java:startLogSegment(394)) - 06306a50-9ba9-4128-94e0-55d591e142a1@group-2F68AEE794C1-SegmentedRaftLogWorker: Starting segment from index:0
2022-03-02 21:33:30,188 [06306a50-9ba9-4128-94e0-55d591e142a1@group-2F68AEE794C1-SegmentedRaftLogWorker] INFO  segmented.SegmentedRaftLogWorker (SegmentedRaftLogWorker.java:execute(601)) - 06306a50-9ba9-4128-94e0-55d591e142a1@group-2F68AEE794C1-SegmentedRaftLogWorker: created new log segment /home/runner/work/ozone/ozone/hadoop-ozone/integration-test/target/test-dir/MiniOzoneClusterImpl-f745d883-409d-4598-9a00-e779d9019c18/datanode-0/data/ratis/9b18829a-a3fc-4ad4-bb5e-2f68aee794c1/current/log_inprogress_0
2022-03-02 21:33:30,199 [cdd5360e-d849-4e2b-b62b-b70fbd73a7e1@group-8EC42998B879-LeaderElection91] INFO  impl.LeaderElection (LeaderElection.java:askForVotes(306)) - cdd5360e-d849-4e2b-b62b-b70fbd73a7e1@group-8EC42998B879-LeaderElection91 ELECTION round 0: submit vote requests at term 2 for -1: [cdd5360e-d849-4e2b-b62b-b70fbd73a7e1|rpc:10.1.0.35:36141|priority:0, 06306a50-9ba9-4128-94e0-55d591e142a1|rpc:10.1.0.35:42445|priority:0, ca012516-14dd-42cd-8742-1c9d04d43fd5|rpc:10.1.0.35:34561|priority:1], old=null
2022-03-02 21:33:30,216 [06306a50-9ba9-4128-94e0-55d591e142a1@group-8EC42998B879-FollowerState] INFO  impl.FollowerState (FollowerState.java:run(134)) - 06306a50-9ba9-4128-94e0-55d591e142a1@group-8EC42998B879-FollowerState: change to CANDIDATE, lastRpcElapsedTime:5202931888ns, electionTimeout:5137ms
2022-03-02 21:33:30,216 [06306a50-9ba9-4128-94e0-55d591e142a1@group-8EC42998B879-FollowerState] INFO  impl.RoleInfo (RoleInfo.java:shutdownFollowerState(108)) - 06306a50-9ba9-4128-94e0-55d591e142a1: shutdown 06306a50-9ba9-4128-94e0-55d591e142a1@group-8EC42998B879-FollowerState
2022-03-02 21:33:30,216 [06306a50-9ba9-4128-94e0-55d591e142a1@group-8EC42998B879-FollowerState] INFO  server.RaftServer$Division (RaftServerImpl.java:setRole(290)) - 06306a50-9ba9-4128-94e0-55d591e142a1@group-8EC42998B879: changes role from  FOLLOWER to CANDIDATE at term 1 for changeToCandidate
2022-03-02 21:33:30,220 [ca012516-14dd-42cd-8742-1c9d04d43fd5@group-8EC42998B879-FollowerState] INFO  impl.FollowerState (FollowerState.java:run(134)) - ca012516-14dd-42cd-8742-1c9d04d43fd5@group-8EC42998B879-FollowerState: change to CANDIDATE, lastRpcElapsedTime:5139182280ns, electionTimeout:5138ms
2022-03-02 21:33:30,220 [ca012516-14dd-42cd-8742-1c9d04d43fd5@group-8EC42998B879-FollowerState] INFO  impl.RoleInfo (RoleInfo.java:shutdownFollowerState(108)) - ca012516-14dd-42cd-8742-1c9d04d43fd5: shutdown ca012516-14dd-42cd-8742-1c9d04d43fd5@group-8EC42998B879-FollowerState
2022-03-02 21:33:30,220 [ca012516-14dd-42cd-8742-1c9d04d43fd5@group-8EC42998B879-FollowerState] INFO  server.RaftServer$Division (RaftServerImpl.java:setRole(290)) - ca012516-14dd-42cd-8742-1c9d04d43fd5@group-8EC42998B879: changes role from  FOLLOWER to CANDIDATE at term 1 for changeToCandidate
2022-03-02 21:33:30,228 [grpc-default-executor-2] INFO  server.RaftServer$Division (ServerState.java:setRaftConf(387)) - ca012516-14dd-42cd-8742-1c9d04d43fd5@group-2F68AEE794C1: set configuration 0: [cdd5360e-d849-4e2b-b62b-b70fbd73a7e1|rpc:10.1.0.35:36141|dataStream:|priority:1, 06306a50-9ba9-4128-94e0-55d591e142a1|rpc:10.1.0.35:42445|dataStream:|priority:0, ca012516-14dd-42cd-8742-1c9d04d43fd5|rpc:10.1.0.35:34561|dataStream:|priority:0], old=null
2022-03-02 21:33:30,229 [grpc-default-executor-2] INFO  segmented.SegmentedRaftLogWorker (SegmentedRaftLogWorker.java:startLogSegment(394)) - ca012516-14dd-42cd-8742-1c9d04d43fd5@group-2F68AEE794C1-SegmentedRaftLogWorker: Starting segment from index:0
2022-03-02 21:33:30,230 [ca012516-14dd-42cd-8742-1c9d04d43fd5@group-2F68AEE794C1-SegmentedRaftLogWorker] INFO  segmented.SegmentedRaftLogWorker (SegmentedRaftLogWorker.java:execute(601)) - ca012516-14dd-42cd-8742-1c9d04d43fd5@group-2F68AEE794C1-SegmentedRaftLogWorker: created new log segment /home/runner/work/ozone/ozone/hadoop-ozone/integration-test/target/test-dir/MiniOzoneClusterImpl-f745d883-409d-4598-9a00-e779d9019c18/datanode-2/data/ratis/9b18829a-a3fc-4ad4-bb5e-2f68aee794c1/current/log_inprogress_0
2022-03-02 21:33:30,257 [grpc-default-executor-5] INFO  server.RaftServer$Division (RaftServerImpl.java:requestVote(1046)) - 06306a50-9ba9-4128-94e0-55d591e142a1@group-8EC42998B879: receive requestVote(ELECTION, cdd5360e-d849-4e2b-b62b-b70fbd73a7e1, group-8EC42998B879, 2, (t:0, i:0))
2022-03-02 21:33:30,258 [ca012516-14dd-42cd-8742-1c9d04d43fd5@group-8EC42998B879-FollowerState] INFO  server.RaftServerConfigKeys (ConfUtils.java:logGet(44)) - raft.server.leaderelection.pre-vote = false (custom)
2022-03-02 21:33:30,258 [ca012516-14dd-42cd-8742-1c9d04d43fd5@group-8EC42998B879-FollowerState] INFO  impl.RoleInfo (RoleInfo.java:updateAndGet(130)) - ca012516-14dd-42cd-8742-1c9d04d43fd5: start ca012516-14dd-42cd-8742-1c9d04d43fd5@group-8EC42998B879-LeaderElection93
2022-03-02 21:33:30,260 [ca012516-14dd-42cd-8742-1c9d04d43fd5@group-8EC42998B879-LeaderElection93] INFO  impl.LeaderElection (LeaderElection.java:askForVotes(306)) - ca012516-14dd-42cd-8742-1c9d04d43fd5@group-8EC42998B879-LeaderElection93 ELECTION round 0: submit vote requests at term 2 for -1: [cdd5360e-d849-4e2b-b62b-b70fbd73a7e1|rpc:10.1.0.35:36141|dataStream:|priority:0, 06306a50-9ba9-4128-94e0-55d591e142a1|rpc:10.1.0.35:42445|dataStream:|priority:0, ca012516-14dd-42cd-8742-1c9d04d43fd5|rpc:10.1.0.35:34561|dataStream:|priority:1], old=null
2022-03-02 21:33:30,261 [grpc-default-executor-0] INFO  server.RaftServer$Division (RaftServerImpl.java:requestVote(1046)) - cdd5360e-d849-4e2b-b62b-b70fbd73a7e1@group-8EC42998B879: receive requestVote(ELECTION, ca012516-14dd-42cd-8742-1c9d04d43fd5, group-8EC42998B879, 2, (t:0, i:0))
2022-03-02 21:33:30,261 [grpc-default-executor-0] INFO  impl.VoteContext (VoteContext.java:log(48)) - cdd5360e-d849-4e2b-b62b-b70fbd73a7e1@group-8EC42998B879-CANDIDATE: reject ELECTION from ca012516-14dd-42cd-8742-1c9d04d43fd5: already has voted for cdd5360e-d849-4e2b-b62b-b70fbd73a7e1 at current term 2
2022-03-02 21:33:30,262 [grpc-default-executor-0] INFO  server.RaftServer$Division (RaftServerImpl.java:requestVote(1078)) - cdd5360e-d849-4e2b-b62b-b70fbd73a7e1@group-8EC42998B879 replies to ELECTION vote request: ca012516-14dd-42cd-8742-1c9d04d43fd5<-cdd5360e-d849-4e2b-b62b-b70fbd73a7e1#0:FAIL-t2. Peer's state: cdd5360e-d849-4e2b-b62b-b70fbd73a7e1@group-8EC42998B879:t2, leader=null, voted=cdd5360e-d849-4e2b-b62b-b70fbd73a7e1, raftlog=cdd5360e-d849-4e2b-b62b-b70fbd73a7e1@group-8EC42998B879-SegmentedRaftLog:OPENED:c-1, conf=-1: [cdd5360e-d849-4e2b-b62b-b70fbd73a7e1|rpc:10.1.0.35:36141|priority:0, 06306a50-9ba9-4128-94e0-55d591e142a1|rpc:10.1.0.35:42445|priority:0, ca012516-14dd-42cd-8742-1c9d04d43fd5|rpc:10.1.0.35:34561|priority:1], old=null
2022-03-02 21:33:30,258 [06306a50-9ba9-4128-94e0-55d591e142a1@group-8EC42998B879-FollowerState] INFO  server.RaftServerConfigKeys (ConfUtils.java:logGet(44)) - raft.server.leaderelection.pre-vote = false (custom)
2022-03-02 21:33:30,263 [06306a50-9ba9-4128-94e0-55d591e142a1@group-8EC42998B879-FollowerState] INFO  impl.RoleInfo (RoleInfo.java:updateAndGet(130)) - 06306a50-9ba9-4128-94e0-55d591e142a1: start 06306a50-9ba9-4128-94e0-55d591e142a1@group-8EC42998B879-LeaderElection92
2022-03-02 21:33:30,265 [grpc-default-executor-0] INFO  server.RaftServer$Division (RaftServerImpl.java:requestVote(1046)) - 06306a50-9ba9-4128-94e0-55d591e142a1@group-8EC42998B879: receive requestVote(ELECTION, ca012516-14dd-42cd-8742-1c9d04d43fd5, group-8EC42998B879, 2, (t:0, i:0))
2022-03-02 21:33:30,291 [grpc-default-executor-3] INFO  server.RaftServer$Division (RaftServerImpl.java:requestVote(1046)) - ca012516-14dd-42cd-8742-1c9d04d43fd5@group-8EC42998B879: receive requestVote(ELECTION, cdd5360e-d849-4e2b-b62b-b70fbd73a7e1, group-8EC42998B879, 2, (t:0, i:0))
2022-03-02 21:33:30,291 [grpc-default-executor-3] INFO  impl.VoteContext (VoteContext.java:log(48)) - ca012516-14dd-42cd-8742-1c9d04d43fd5@group-8EC42998B879-CANDIDATE: reject ELECTION from cdd5360e-d849-4e2b-b62b-b70fbd73a7e1: already has voted for ca012516-14dd-42cd-8742-1c9d04d43fd5 at current term 2
2022-03-02 21:33:30,291 [grpc-default-executor-3] INFO  server.RaftServer$Division (RaftServerImpl.java:requestVote(1078)) - ca012516-14dd-42cd-8742-1c9d04d43fd5@group-8EC42998B879 replies to ELECTION vote request: cdd5360e-d849-4e2b-b62b-b70fbd73a7e1<-ca012516-14dd-42cd-8742-1c9d04d43fd5#0:FAIL-t2. Peer's state: ca012516-14dd-42cd-8742-1c9d04d43fd5@group-8EC42998B879:t2, leader=null, voted=ca012516-14dd-42cd-8742-1c9d04d43fd5, raftlog=ca012516-14dd-42cd-8742-1c9d04d43fd5@group-8EC42998B879-SegmentedRaftLog:OPENED:c-1, conf=-1: [cdd5360e-d849-4e2b-b62b-b70fbd73a7e1|rpc:10.1.0.35:36141|dataStream:|priority:0, 06306a50-9ba9-4128-94e0-55d591e142a1|rpc:10.1.0.35:42445|dataStream:|priority:0, ca012516-14dd-42cd-8742-1c9d04d43fd5|rpc:10.1.0.35:34561|dataStream:|priority:1], old=null
2022-03-02 21:33:30,297 [grpc-default-executor-0] INFO  impl.VoteContext (VoteContext.java:log(48)) - 06306a50-9ba9-4128-94e0-55d591e142a1@group-8EC42998B879-CANDIDATE: accept ELECTION from ca012516-14dd-42cd-8742-1c9d04d43fd5: our priority 0 <= candidate's priority 1
2022-03-02 21:33:30,297 [grpc-default-executor-0] INFO  server.RaftServer$Division (RaftServerImpl.java:setRole(290)) - 06306a50-9ba9-4128-94e0-55d591e142a1@group-8EC42998B879: changes role from CANDIDATE to FOLLOWER at term 2 for candidate:ca012516-14dd-42cd-8742-1c9d04d43fd5
2022-03-02 21:33:30,297 [grpc-default-executor-0] INFO  impl.RoleInfo (RoleInfo.java:shutdownLeaderElection(121)) - 06306a50-9ba9-4128-94e0-55d591e142a1: shutdown 06306a50-9ba9-4128-94e0-55d591e142a1@group-8EC42998B879-LeaderElection92
2022-03-02 21:33:30,319 [06306a50-9ba9-4128-94e0-55d591e142a1@group-8EC42998B879-LeaderElection92] INFO  impl.LeaderElection (LeaderElection.java:run(230)) - 06306a50-9ba9-4128-94e0-55d591e142a1@group-8EC42998B879-LeaderElection92: skip running since this is already CLOSING
2022-03-02 21:33:30,353 [grpc-default-executor-0] INFO  impl.RoleInfo (RoleInfo.java:updateAndGet(130)) - 06306a50-9ba9-4128-94e0-55d591e142a1: start 06306a50-9ba9-4128-94e0-55d591e142a1@group-8EC42998B879-FollowerState
2022-03-02 21:33:30,356 [grpc-default-executor-0] INFO  server.RaftServer$Division (RaftServerImpl.java:requestVote(1078)) - 06306a50-9ba9-4128-94e0-55d591e142a1@group-8EC42998B879 replies to ELECTION vote request: ca012516-14dd-42cd-8742-1c9d04d43fd5<-06306a50-9ba9-4128-94e0-55d591e142a1#0:OK-t2. Peer's state: 06306a50-9ba9-4128-94e0-55d591e142a1@group-8EC42998B879:t2, leader=null, voted=ca012516-14dd-42cd-8742-1c9d04d43fd5, raftlog=06306a50-9ba9-4128-94e0-55d591e142a1@group-8EC42998B879-SegmentedRaftLog:OPENED:c-1, conf=-1: [cdd5360e-d849-4e2b-b62b-b70fbd73a7e1|rpc:10.1.0.35:36141|priority:0, 06306a50-9ba9-4128-94e0-55d591e142a1|rpc:10.1.0.35:42445|priority:0, ca012516-14dd-42cd-8742-1c9d04d43fd5|rpc:10.1.0.35:34561|priority:1], old=null
2022-03-02 21:33:30,356 [grpc-default-executor-5] INFO  impl.VoteContext (VoteContext.java:log(48)) - 06306a50-9ba9-4128-94e0-55d591e142a1@group-8EC42998B879-FOLLOWER: reject ELECTION from cdd5360e-d849-4e2b-b62b-b70fbd73a7e1: already has voted for ca012516-14dd-42cd-8742-1c9d04d43fd5 at current term 2
2022-03-02 21:33:30,356 [grpc-default-executor-5] INFO  server.RaftServer$Division (RaftServerImpl.java:requestVote(1078)) - 06306a50-9ba9-4128-94e0-55d591e142a1@group-8EC42998B879 replies to ELECTION vote request: cdd5360e-d849-4e2b-b62b-b70fbd73a7e1<-06306a50-9ba9-4128-94e0-55d591e142a1#0:FAIL-t2. Peer's state: 06306a50-9ba9-4128-94e0-55d591e142a1@group-8EC42998B879:t2, leader=null, voted=ca012516-14dd-42cd-8742-1c9d04d43fd5, raftlog=06306a50-9ba9-4128-94e0-55d591e142a1@group-8EC42998B879-SegmentedRaftLog:OPENED:c-1, conf=-1: [cdd5360e-d849-4e2b-b62b-b70fbd73a7e1|rpc:10.1.0.35:36141|priority:0, 06306a50-9ba9-4128-94e0-55d591e142a1|rpc:10.1.0.35:42445|priority:0, ca012516-14dd-42cd-8742-1c9d04d43fd5|rpc:10.1.0.35:34561|priority:1], old=null
2022-03-02 21:33:30,361 [ca012516-14dd-42cd-8742-1c9d04d43fd5@group-8EC42998B879-LeaderElection93] INFO  impl.LeaderElection (LeaderElection.java:logAndReturn(89)) - ca012516-14dd-42cd-8742-1c9d04d43fd5@group-8EC42998B879-LeaderElection93: ELECTION PASSED received 2 response(s) and 0 exception(s):
2022-03-02 21:33:30,361 [ca012516-14dd-42cd-8742-1c9d04d43fd5@group-8EC42998B879-LeaderElection93] INFO  impl.LeaderElection (LeaderElection.java:logAndReturn(93)) -   Response 0: ca012516-14dd-42cd-8742-1c9d04d43fd5<-cdd5360e-d849-4e2b-b62b-b70fbd73a7e1#0:FAIL-t2
2022-03-02 21:33:30,361 [ca012516-14dd-42cd-8742-1c9d04d43fd5@group-8EC42998B879-LeaderElection93] INFO  impl.LeaderElection (LeaderElection.java:logAndReturn(93)) -   Response 1: ca012516-14dd-42cd-8742-1c9d04d43fd5<-06306a50-9ba9-4128-94e0-55d591e142a1#0:OK-t2
2022-03-02 21:33:30,361 [ca012516-14dd-42cd-8742-1c9d04d43fd5@group-8EC42998B879-LeaderElection93] INFO  impl.LeaderElection (LeaderElection.java:askForVotes(308)) - ca012516-14dd-42cd-8742-1c9d04d43fd5@group-8EC42998B879-LeaderElection93 ELECTION round 0: result PASSED
2022-03-02 21:33:30,361 [ca012516-14dd-42cd-8742-1c9d04d43fd5@group-8EC42998B879-LeaderElection93] INFO  impl.RoleInfo (RoleInfo.java:shutdownLeaderElection(121)) - ca012516-14dd-42cd-8742-1c9d04d43fd5: shutdown ca012516-14dd-42cd-8742-1c9d04d43fd5@group-8EC42998B879-LeaderElection93
2022-03-02 21:33:30,361 [ca012516-14dd-42cd-8742-1c9d04d43fd5@group-8EC42998B879-LeaderElection93] INFO  server.RaftServer$Division (RaftServerImpl.java:setRole(290)) - ca012516-14dd-42cd-8742-1c9d04d43fd5@group-8EC42998B879: changes role from CANDIDATE to LEADER at term 2 for changeToLeader
2022-03-02 21:33:30,361 [ca012516-14dd-42cd-8742-1c9d04d43fd5@group-8EC42998B879-LeaderElection93] INFO  ratis.XceiverServerRatis (XceiverServerRatis.java:handleLeaderChangedNotification(867)) - Leader change notification received for group: group-8EC42998B879 with new leaderId: ca012516-14dd-42cd-8742-1c9d04d43fd5
2022-03-02 21:33:30,361 [ca012516-14dd-42cd-8742-1c9d04d43fd5@group-8EC42998B879-LeaderElection93] INFO  server.RaftServer$Division (ServerState.java:setLeader(285)) - ca012516-14dd-42cd-8742-1c9d04d43fd5@group-8EC42998B879: change Leader from null to ca012516-14dd-42cd-8742-1c9d04d43fd5 at term 2 for becomeLeader, leader elected after 10669ms
2022-03-02 21:33:30,361 [ca012516-14dd-42cd-8742-1c9d04d43fd5@group-8EC42998B879-LeaderElection93] INFO  server.RaftServerConfigKeys (ConfUtils.java:logGet(44)) - raft.server.staging.catchup.gap = 1000 (default)
2022-03-02 21:33:30,362 [ca012516-14dd-42cd-8742-1c9d04d43fd5@group-8EC42998B879-LeaderElection93] INFO  server.RaftServerConfigKeys (ConfUtils.java:logGet(44)) - raft.server.write.element-limit = 1024 (custom)
2022-03-02 21:33:30,362 [ca012516-14dd-42cd-8742-1c9d04d43fd5@group-8EC42998B879-LeaderElection93] INFO  server.RaftServerConfigKeys (ConfUtils.java:logGet(44)) - raft.server.write.byte-limit = 1024 M (=1073741824) (custom)
2022-03-02 21:33:30,362 [ca012516-14dd-42cd-8742-1c9d04d43fd5@group-8EC42998B879-LeaderElection93] INFO  server.RaftServerConfigKeys (ConfUtils.java:logGet(44)) - raft.server.watch.timeout = 3000ms (custom)
2022-03-02 21:33:30,362 [ca012516-14dd-42cd-8742-1c9d04d43fd5@group-8EC42998B879-LeaderElection93] INFO  server.RaftServerConfigKeys (ConfUtils.java:logGet(44)) - raft.server.watch.timeout.denomination = 1s (default)
2022-03-02 21:33:30,362 [ca012516-14dd-42cd-8742-1c9d04d43fd5@group-8EC42998B879-LeaderElection93] INFO  server.RaftServerConfigKeys (ConfUtils.java:logGet(44)) - raft.server.watch.element-limit = 65536 (default)
2022-03-02 21:33:30,362 [ca012516-14dd-42cd-8742-1c9d04d43fd5@group-8EC42998B879-LeaderElection93] INFO  server.RaftServerConfigKeys (ConfUtils.java:logGet(44)) - raft.server.write.element-limit = 1024 (custom)
2022-03-02 21:33:30,362 [ca012516-14dd-42cd-8742-1c9d04d43fd5@group-8EC42998B879-LeaderElection93] INFO  server.RaftServerConfigKeys (ConfUtils.java:logGet(44)) - raft.server.write.follower.gap.ratio.max = -1.0 (default)
2022-03-02 21:33:30,362 [ca012516-14dd-42cd-8742-1c9d04d43fd5@group-8EC42998B879-LeaderElection93] INFO  server.RaftServerConfigKeys (ConfUtils.java:logGet(44)) - raft.server.log.appender.snapshot.chunk.size.max = 16MB (=16777216) (default)
2022-03-02 21:33:30,362 [ca012516-14dd-42cd-8742-1c9d04d43fd5@group-8EC42998B879-LeaderElection93] INFO  server.RaftServerConfigKeys (ConfUtils.java:logGet(44)) - raft.server.log.appender.buffer.byte-limit = 33554432 (custom)
2022-03-02 21:33:30,362 [ca012516-14dd-42cd-8742-1c9d04d43fd5@group-8EC42998B879-LeaderElection93] INFO  server.RaftServerConfigKeys (ConfUtils.java:logGet(44)) - raft.server.log.appender.buffer.element-limit = 1 (custom)
2022-03-02 21:33:30,362 [ca012516-14dd-42cd-8742-1c9d04d43fd5@group-8EC42998B879-LeaderElection93] INFO  grpc.GrpcConfigKeys (ConfUtils.java:logGet(44)) - raft.grpc.server.leader.outstanding.appends.max = 128 (default)
2022-03-02 21:33:30,362 [ca012516-14dd-42cd-8742-1c9d04d43fd5@group-8EC42998B879-LeaderElection93] INFO  server.RaftServerConfigKeys (ConfUtils.java:logGet(44)) - raft.server.rpc.request.timeout = 3000ms (default)
2022-03-02 21:33:30,362 [ca012516-14dd-42cd-8742-1c9d04d43fd5@group-8EC42998B879-LeaderElection93] INFO  server.RaftServerConfigKeys (ConfUtils.java:logGet(44)) - raft.server.log.appender.install.snapshot.enabled = false (custom)
2022-03-02 21:33:30,364 [EventQueue-PipelineReportForPipelineReportHandler] INFO  pipeline.PipelineManagerImpl (PipelineManagerImpl.java:openPipeline(291)) - Pipeline Pipeline[ Id: 8245a83f-df17-4492-b969-8ec42998b879, Nodes: 06306a50-9ba9-4128-94e0-55d591e142a1{ip: 10.1.0.35, host: fv-az294-754.eaanfquahm5ulb5tj050gcxych.jx.internal.cloudapp.net, ports: [REPLICATION=33477, RATIS=42445, RATIS_ADMIN=42445, RATIS_SERVER=42445, STANDALONE=33549], networkLocation: /default-rack, certSerialId: null, persistedOpState: IN_SERVICE, persistedOpStateExpiryEpochSec: 0}ca012516-14dd-42cd-8742-1c9d04d43fd5{ip: 10.1.0.35, host: fv-az294-754.eaanfquahm5ulb5tj050gcxych.jx.internal.cloudapp.net, ports: [REPLICATION=38123, RATIS=34561, RATIS_ADMIN=34561, RATIS_SERVER=34561, STANDALONE=41381], networkLocation: /default-rack, certSerialId: null, persistedOpState: IN_SERVICE, persistedOpStateExpiryEpochSec: 0}cdd5360e-d849-4e2b-b62b-b70fbd73a7e1{ip: 10.1.0.35, host: fv-az294-754.eaanfquahm5ulb5tj050gcxych.jx.internal.cloudapp.net, ports: [REPLICATION=36763, RATIS=36141, RATIS_ADMIN=36141, RATIS_SERVER=36141, STANDALONE=41835], networkLocation: /default-rack, certSerialId: null, persistedOpState: IN_SERVICE, persistedOpStateExpiryEpochSec: 0}, ReplicationConfig: RATIS/THREE, State:ALLOCATED, leaderId:ca012516-14dd-42cd-8742-1c9d04d43fd5, CreationTimestamp2022-03-02T21:33:17.423Z[Etc/UTC]] moved to OPEN state
2022-03-02 21:33:30,371 [ca012516-14dd-42cd-8742-1c9d04d43fd5@group-8EC42998B879-LeaderElection93] INFO  server.RaftServerConfigKeys (ConfUtils.java:logGet(44)) - raft.server.log.appender.snapshot.chunk.size.max = 16MB (=16777216) (default)
2022-03-02 21:33:30,371 [ca012516-14dd-42cd-8742-1c9d04d43fd5@group-8EC42998B879-LeaderElection93] INFO  server.RaftServerConfigKeys (ConfUtils.java:logGet(44)) - raft.server.log.appender.buffer.byte-limit = 33554432 (custom)
2022-03-02 21:33:30,371 [ca012516-14dd-42cd-8742-1c9d04d43fd5@group-8EC42998B879-LeaderElection93] INFO  server.RaftServerConfigKeys (ConfUtils.java:logGet(44)) - raft.server.log.appender.buffer.element-limit = 1 (custom)
2022-03-02 21:33:30,371 [ca012516-14dd-42cd-8742-1c9d04d43fd5@group-8EC42998B879-LeaderElection93] INFO  grpc.GrpcConfigKeys (ConfUtils.java:logGet(44)) - raft.grpc.server.leader.outstanding.appends.max = 128 (default)
2022-03-02 21:33:30,371 [ca012516-14dd-42cd-8742-1c9d04d43fd5@group-8EC42998B879-LeaderElection93] INFO  server.RaftServerConfigKeys (ConfUtils.java:logGet(44)) - raft.server.rpc.request.timeout = 3000ms (default)
2022-03-02 21:33:30,372 [ca012516-14dd-42cd-8742-1c9d04d43fd5@group-8EC42998B879-LeaderElection93] INFO  server.RaftServerConfigKeys (ConfUtils.java:logGet(44)) - raft.server.log.appender.install.snapshot.enabled = false (custom)
2022-03-02 21:33:30,372 [ca012516-14dd-42cd-8742-1c9d04d43fd5@group-8EC42998B879-LeaderElection93] INFO  impl.RoleInfo (RoleInfo.java:updateAndGet(130)) - ca012516-14dd-42cd-8742-1c9d04d43fd5: start ca012516-14dd-42cd-8742-1c9d04d43fd5@group-8EC42998B879-LeaderStateImpl
2022-03-02 21:33:30,373 [ca012516-14dd-42cd-8742-1c9d04d43fd5@group-8EC42998B879-LeaderElection93] INFO  segmented.SegmentedRaftLogWorker (SegmentedRaftLogWorker.java:startLogSegment(394)) - ca012516-14dd-42cd-8742-1c9d04d43fd5@group-8EC42998B879-SegmentedRaftLogWorker: Starting segment from index:0
2022-03-02 21:33:30,377 [ca012516-14dd-42cd-8742-1c9d04d43fd5@group-8EC42998B879-SegmentedRaftLogWorker] INFO  segmented.SegmentedRaftLogWorker (SegmentedRaftLogWorker.java:execute(601)) - ca012516-14dd-42cd-8742-1c9d04d43fd5@group-8EC42998B879-SegmentedRaftLogWorker: created new log segment /home/runner/work/ozone/ozone/hadoop-ozone/integration-test/target/test-dir/MiniOzoneClusterImpl-f745d883-409d-4598-9a00-e779d9019c18/datanode-2/data/ratis/8245a83f-df17-4492-b969-8ec42998b879/current/log_inprogress_0
2022-03-02 21:33:30,401 [grpc-default-executor-5] INFO  ratis.XceiverServerRatis (XceiverServerRatis.java:handleLeaderChangedNotification(867)) - Leader change notification received for group: group-8EC42998B879 with new leaderId: ca012516-14dd-42cd-8742-1c9d04d43fd5
2022-03-02 21:33:30,402 [grpc-default-executor-5] INFO  server.RaftServer$Division (ServerState.java:setLeader(285)) - 06306a50-9ba9-4128-94e0-55d591e142a1@group-8EC42998B879: change Leader from null to ca012516-14dd-42cd-8742-1c9d04d43fd5 at term 2 for appendEntries, leader elected after 10845ms
2022-03-02 21:33:30,419 [cdd5360e-d849-4e2b-b62b-b70fbd73a7e1@group-8EC42998B879-LeaderElection91] INFO  impl.LeaderElection (LeaderElection.java:logAndReturn(89)) - cdd5360e-d849-4e2b-b62b-b70fbd73a7e1@group-8EC42998B879-LeaderElection91: ELECTION REJECTED received 1 response(s) and 0 exception(s):
2022-03-02 21:33:30,419 [cdd5360e-d849-4e2b-b62b-b70fbd73a7e1@group-8EC42998B879-LeaderElection91] INFO  impl.LeaderElection (LeaderElection.java:logAndReturn(93)) -   Response 0: cdd5360e-d849-4e2b-b62b-b70fbd73a7e1<-ca012516-14dd-42cd-8742-1c9d04d43fd5#0:FAIL-t2
2022-03-02 21:33:30,439 [ca012516-14dd-42cd-8742-1c9d04d43fd5@group-8EC42998B879-LeaderElection93] INFO  server.RaftServer$Division (ServerState.java:setRaftConf(387)) - ca012516-14dd-42cd-8742-1c9d04d43fd5@group-8EC42998B879: set configuration 0: [cdd5360e-d849-4e2b-b62b-b70fbd73a7e1|rpc:10.1.0.35:36141|dataStream:|priority:0, 06306a50-9ba9-4128-94e0-55d591e142a1|rpc:10.1.0.35:42445|dataStream:|priority:0, ca012516-14dd-42cd-8742-1c9d04d43fd5|rpc:10.1.0.35:34561|dataStream:|priority:1], old=null
2022-03-02 21:33:30,441 [cdd5360e-d849-4e2b-b62b-b70fbd73a7e1@group-8EC42998B879-LeaderElection91] INFO  impl.LeaderElection (LeaderElection.java:askForVotes(308)) - cdd5360e-d849-4e2b-b62b-b70fbd73a7e1@group-8EC42998B879-LeaderElection91 ELECTION round 0: result REJECTED
2022-03-02 21:33:30,441 [cdd5360e-d849-4e2b-b62b-b70fbd73a7e1@group-8EC42998B879-LeaderElection91] INFO  server.RaftServer$Division (RaftServerImpl.java:setRole(290)) - cdd5360e-d849-4e2b-b62b-b70fbd73a7e1@group-8EC42998B879: changes role from CANDIDATE to FOLLOWER at term 2 for REJECTED
2022-03-02 21:33:30,441 [cdd5360e-d849-4e2b-b62b-b70fbd73a7e1@group-8EC42998B879-LeaderElection91] INFO  impl.RoleInfo (RoleInfo.java:shutdownLeaderElection(121)) - cdd5360e-d849-4e2b-b62b-b70fbd73a7e1: shutdown cdd5360e-d849-4e2b-b62b-b70fbd73a7e1@group-8EC42998B879-LeaderElection91
2022-03-02 21:33:30,441 [cdd5360e-d849-4e2b-b62b-b70fbd73a7e1@group-8EC42998B879-LeaderElection91] INFO  impl.RoleInfo (RoleInfo.java:updateAndGet(130)) - cdd5360e-d849-4e2b-b62b-b70fbd73a7e1: start cdd5360e-d849-4e2b-b62b-b70fbd73a7e1@group-8EC42998B879-FollowerState
2022-03-02 21:33:30,442 [grpc-default-executor-5] INFO  server.RaftServer$Division (ServerState.java:setRaftConf(387)) - 06306a50-9ba9-4128-94e0-55d591e142a1@group-8EC42998B879: set configuration 0: [cdd5360e-d849-4e2b-b62b-b70fbd73a7e1|rpc:10.1.0.35:36141|dataStream:|priority:0, 06306a50-9ba9-4128-94e0-55d591e142a1|rpc:10.1.0.35:42445|dataStream:|priority:0, ca012516-14dd-42cd-8742-1c9d04d43fd5|rpc:10.1.0.35:34561|dataStream:|priority:1], old=null
2022-03-02 21:33:30,443 [grpc-default-executor-5] INFO  segmented.SegmentedRaftLogWorker (SegmentedRaftLogWorker.java:startLogSegment(394)) - 06306a50-9ba9-4128-94e0-55d591e142a1@group-8EC42998B879-SegmentedRaftLogWorker: Starting segment from index:0
2022-03-02 21:33:30,444 [06306a50-9ba9-4128-94e0-55d591e142a1@group-8EC42998B879-SegmentedRaftLogWorker] INFO  segmented.SegmentedRaftLogWorker (SegmentedRaftLogWorker.java:execute(601)) - 06306a50-9ba9-4128-94e0-55d591e142a1@group-8EC42998B879-SegmentedRaftLogWorker: created new log segment /home/runner/work/ozone/ozone/hadoop-ozone/integration-test/target/test-dir/MiniOzoneClusterImpl-f745d883-409d-4598-9a00-e779d9019c18/datanode-0/data/ratis/8245a83f-df17-4492-b969-8ec42998b879/current/log_inprogress_0
2022-03-02 21:33:30,445 [grpc-default-executor-3] INFO  ratis.XceiverServerRatis (XceiverServerRatis.java:handleLeaderChangedNotification(867)) - Leader change notification received for group: group-8EC42998B879 with new leaderId: ca012516-14dd-42cd-8742-1c9d04d43fd5
2022-03-02 21:33:30,445 [grpc-default-executor-3] INFO  server.RaftServer$Division (ServerState.java:setLeader(285)) - cdd5360e-d849-4e2b-b62b-b70fbd73a7e1@group-8EC42998B879: change Leader from null to ca012516-14dd-42cd-8742-1c9d04d43fd5 at term 2 for appendEntries, leader elected after 10757ms
2022-03-02 21:33:30,447 [grpc-default-executor-3] INFO  server.RaftServer$Division (ServerState.java:setRaftConf(387)) - cdd5360e-d849-4e2b-b62b-b70fbd73a7e1@group-8EC42998B879: set configuration 0: [cdd5360e-d849-4e2b-b62b-b70fbd73a7e1|rpc:10.1.0.35:36141|dataStream:|priority:0, 06306a50-9ba9-4128-94e0-55d591e142a1|rpc:10.1.0.35:42445|dataStream:|priority:0, ca012516-14dd-42cd-8742-1c9d04d43fd5|rpc:10.1.0.35:34561|dataStream:|priority:1], old=null
2022-03-02 21:33:30,448 [grpc-default-executor-3] INFO  segmented.SegmentedRaftLogWorker (SegmentedRaftLogWorker.java:startLogSegment(394)) - cdd5360e-d849-4e2b-b62b-b70fbd73a7e1@group-8EC42998B879-SegmentedRaftLogWorker: Starting segment from index:0
2022-03-02 21:33:30,449 [cdd5360e-d849-4e2b-b62b-b70fbd73a7e1@group-8EC42998B879-SegmentedRaftLogWorker] INFO  segmented.SegmentedRaftLogWorker (SegmentedRaftLogWorker.java:execute(601)) - cdd5360e-d849-4e2b-b62b-b70fbd73a7e1@group-8EC42998B879-SegmentedRaftLogWorker: created new log segment /home/runner/work/ozone/ozone/hadoop-ozone/integration-test/target/test-dir/MiniOzoneClusterImpl-f745d883-409d-4598-9a00-e779d9019c18/datanode-1/data/ratis/8245a83f-df17-4492-b969-8ec42998b879/current/log_inprogress_0
2022-03-02 21:33:30,483 [Listener at 127.0.0.1/33667] INFO  ozoneimpl.OzoneContainer (OzoneContainer.java:stop(356)) - Attempting to stop container services.
2022-03-02 21:33:30,483 [Listener at 127.0.0.1/33667] INFO  server.RaftServer (RaftServerProxy.java:lambda$close$6(391)) - cdd5360e-d849-4e2b-b62b-b70fbd73a7e1: close
2022-03-02 21:33:30,483 [Listener at 127.0.0.1/33667] INFO  server.RaftServer$Division (RaftServerImpl.java:lambda$close$4(412)) - cdd5360e-d849-4e2b-b62b-b70fbd73a7e1@group-33718A808786: shutdown
2022-03-02 21:33:30,483 [Listener at 127.0.0.1/33667] INFO  util.JmxRegister (JmxRegister.java:unregister(73)) - Successfully un-registered JMX Bean with object name Ratis:service=RaftServer,group=group-33718A808786,id=cdd5360e-d849-4e2b-b62b-b70fbd73a7e1
2022-03-02 21:33:30,483 [Listener at 127.0.0.1/33667] INFO  impl.RoleInfo (RoleInfo.java:shutdownLeaderState(91)) - cdd5360e-d849-4e2b-b62b-b70fbd73a7e1: shutdown cdd5360e-d849-4e2b-b62b-b70fbd73a7e1@group-33718A808786-LeaderStateImpl
2022-03-02 21:33:30,483 [Listener at 127.0.0.1/33667] INFO  impl.PendingRequests (PendingRequests.java:sendNotLeaderResponses(282)) - cdd5360e-d849-4e2b-b62b-b70fbd73a7e1@group-33718A808786-PendingRequests: sendNotLeaderResponses
2022-03-02 21:33:30,484 [ForkJoinPool.commonPool-worker-0] INFO  server.RaftServer$Division (RaftServerImpl.java:lambda$close$4(412)) - cdd5360e-d849-4e2b-b62b-b70fbd73a7e1@group-2F68AEE794C1: shutdown
2022-03-02 21:33:30,484 [ForkJoinPool.commonPool-worker-0] INFO  util.JmxRegister (JmxRegister.java:unregister(73)) - Successfully un-registered JMX Bean with object name Ratis:service=RaftServer,group=group-2F68AEE794C1,id=cdd5360e-d849-4e2b-b62b-b70fbd73a7e1
2022-03-02 21:33:30,484 [ForkJoinPool.commonPool-worker-0] INFO  impl.RoleInfo (RoleInfo.java:shutdownLeaderState(91)) - cdd5360e-d849-4e2b-b62b-b70fbd73a7e1: shutdown cdd5360e-d849-4e2b-b62b-b70fbd73a7e1@group-2F68AEE794C1-LeaderStateImpl
2022-03-02 21:33:30,484 [cdd5360e-d849-4e2b-b62b-b70fbd73a7e1@group-2F68AEE794C1->ca012516-14dd-42cd-8742-1c9d04d43fd5-GrpcLogAppender-LogAppenderDaemon] WARN  server.GrpcLogAppender (GrpcLogAppender.java:mayWait(177)) - cdd5360e-d849-4e2b-b62b-b70fbd73a7e1@group-2F68AEE794C1->ca012516-14dd-42cd-8742-1c9d04d43fd5-GrpcLogAppender: Wait interrupted by java.lang.InterruptedException
2022-03-02 21:33:30,484 [cdd5360e-d849-4e2b-b62b-b70fbd73a7e1@group-2F68AEE794C1->06306a50-9ba9-4128-94e0-55d591e142a1-GrpcLogAppender-LogAppenderDaemon] WARN  server.GrpcLogAppender (GrpcLogAppender.java:mayWait(177)) - cdd5360e-d849-4e2b-b62b-b70fbd73a7e1@group-2F68AEE794C1->06306a50-9ba9-4128-94e0-55d591e142a1-GrpcLogAppender: Wait interrupted by java.lang.InterruptedException
2022-03-02 21:33:30,484 [ForkJoinPool.commonPool-worker-0] INFO  impl.PendingRequests (PendingRequests.java:sendNotLeaderResponses(282)) - cdd5360e-d849-4e2b-b62b-b70fbd73a7e1@group-2F68AEE794C1-PendingRequests: sendNotLeaderResponses
2022-03-02 21:33:30,491 [grpc-default-executor-3] INFO  server.GrpcServerProtocolService (GrpcServerProtocolService.java:onCompleted(140)) - ca012516-14dd-42cd-8742-1c9d04d43fd5: Completed APPEND_ENTRIES, lastRequest: cdd5360e-d849-4e2b-b62b-b70fbd73a7e1->ca012516-14dd-42cd-8742-1c9d04d43fd5#1-t2,previous=(t:0, i:0),leaderCommit=-1,initializing? true,entries: size=1, first=(t:2, i:0), CONFIGURATIONENTRY
2022-03-02 21:33:30,521 [grpc-default-executor-5] INFO  server.GrpcServerProtocolService (GrpcServerProtocolService.java:onCompleted(140)) - 06306a50-9ba9-4128-94e0-55d591e142a1: Completed APPEND_ENTRIES, lastRequest: cdd5360e-d849-4e2b-b62b-b70fbd73a7e1->06306a50-9ba9-4128-94e0-55d591e142a1#1-t2,previous=(t:0, i:0),leaderCommit=-1,initializing? true,entries: size=1, first=(t:2, i:0), CONFIGURATIONENTRY
2022-03-02 21:33:30,524 [grpc-default-executor-6] INFO  server.GrpcLogAppender (GrpcLogAppender.java:onCompleted(346)) - cdd5360e-d849-4e2b-b62b-b70fbd73a7e1@group-2F68AEE794C1->ca012516-14dd-42cd-8742-1c9d04d43fd5-AppendLogResponseHandler: follower responses appendEntries COMPLETED
2022-03-02 21:33:30,524 [grpc-default-executor-6] INFO  leader.FollowerInfo (FollowerInfoImpl.java:lambda$new$0(47)) - cdd5360e-d849-4e2b-b62b-b70fbd73a7e1@group-2F68AEE794C1->ca012516-14dd-42cd-8742-1c9d04d43fd5: nextIndex: updateUnconditionally 1 -> 0
2022-03-02 21:33:30,524 [grpc-default-executor-2] INFO  server.GrpcLogAppender (GrpcLogAppender.java:onCompleted(346)) - cdd5360e-d849-4e2b-b62b-b70fbd73a7e1@group-2F68AEE794C1->06306a50-9ba9-4128-94e0-55d591e142a1-AppendLogResponseHandler: follower responses appendEntries COMPLETED
2022-03-02 21:33:30,524 [grpc-default-executor-2] INFO  leader.FollowerInfo (FollowerInfoImpl.java:lambda$new$0(47)) - cdd5360e-d849-4e2b-b62b-b70fbd73a7e1@group-2F68AEE794C1->06306a50-9ba9-4128-94e0-55d591e142a1: nextIndex: updateUnconditionally 1 -> 0
2022-03-02 21:33:30,526 [ForkJoinPool.commonPool-worker-0] INFO  impl.StateMachineUpdater (StateMachineUpdater.java:stopAndJoin(149)) - cdd5360e-d849-4e2b-b62b-b70fbd73a7e1@group-2F68AEE794C1-StateMachineUpdater: set stopIndex = 0
2022-03-02 21:33:30,526 [Listener at 127.0.0.1/33667] INFO  impl.StateMachineUpdater (StateMachineUpdater.java:stopAndJoin(149)) - cdd5360e-d849-4e2b-b62b-b70fbd73a7e1@group-33718A808786-StateMachineUpdater: set stopIndex = 11
2022-03-02 21:33:30,527 [cdd5360e-d849-4e2b-b62b-b70fbd73a7e1@group-2F68AEE794C1-StateMachineUpdater] INFO  ratis.ContainerStateMachine (ContainerStateMachine.java:takeSnapshot(304)) - group-2F68AEE794C1: Taking a snapshot at:(t:2, i:0) file /home/runner/work/ozone/ozone/hadoop-ozone/integration-test/target/test-dir/MiniOzoneClusterImpl-f745d883-409d-4598-9a00-e779d9019c18/datanode-1/data/ratis/9b18829a-a3fc-4ad4-bb5e-2f68aee794c1/sm/snapshot.2_0
2022-03-02 21:33:30,527 [cdd5360e-d849-4e2b-b62b-b70fbd73a7e1@group-33718A808786-StateMachineUpdater] INFO  ratis.ContainerStateMachine (ContainerStateMachine.java:takeSnapshot(304)) - group-33718A808786: Taking a snapshot at:(t:1, i:11) file /home/runner/work/ozone/ozone/hadoop-ozone/integration-test/target/test-dir/MiniOzoneClusterImpl-f745d883-409d-4598-9a00-e779d9019c18/datanode-1/data/ratis/a5e47bad-4557-4566-987a-33718a808786/sm/snapshot.1_11
2022-03-02 21:33:30,527 [cdd5360e-d849-4e2b-b62b-b70fbd73a7e1@group-2F68AEE794C1-StateMachineUpdater] INFO  ratis.ContainerStateMachine (ContainerStateMachine.java:takeSnapshot(315)) - group-2F68AEE794C1: Finished taking a snapshot at:(t:2, i:0) file:/home/runner/work/ozone/ozone/hadoop-ozone/integration-test/target/test-dir/MiniOzoneClusterImpl-f745d883-409d-4598-9a00-e779d9019c18/datanode-1/data/ratis/9b18829a-a3fc-4ad4-bb5e-2f68aee794c1/sm/snapshot.2_0 took: 1 ms
2022-03-02 21:33:30,527 [cdd5360e-d849-4e2b-b62b-b70fbd73a7e1@group-2F68AEE794C1-StateMachineUpdater] INFO  impl.StateMachineUpdater (StateMachineUpdater.java:takeSnapshot(281)) - cdd5360e-d849-4e2b-b62b-b70fbd73a7e1@group-2F68AEE794C1-StateMachineUpdater: Took a snapshot at index 0
2022-03-02 21:33:30,527 [cdd5360e-d849-4e2b-b62b-b70fbd73a7e1@group-2F68AEE794C1-StateMachineUpdater] INFO  impl.StateMachineUpdater (StateMachineUpdater.java:lambda$new$0(89)) - cdd5360e-d849-4e2b-b62b-b70fbd73a7e1@group-2F68AEE794C1-StateMachineUpdater: snapshotIndex: updateIncreasingly -1 -> 0
2022-03-02 21:33:30,528 [ForkJoinPool.commonPool-worker-0] INFO  server.RaftServer$Division (ServerState.java:close(419)) - cdd5360e-d849-4e2b-b62b-b70fbd73a7e1@group-2F68AEE794C1: closes. applyIndex: 0
2022-03-02 21:33:30,528 [cdd5360e-d849-4e2b-b62b-b70fbd73a7e1@group-2F68AEE794C1-SegmentedRaftLogWorker] INFO  segmented.SegmentedRaftLogWorker (SegmentedRaftLogWorker.java:run(327)) - cdd5360e-d849-4e2b-b62b-b70fbd73a7e1@group-2F68AEE794C1-SegmentedRaftLogWorker was interrupted, exiting. There are 0 tasks remaining in the queue.
2022-03-02 21:33:30,528 [cdd5360e-d849-4e2b-b62b-b70fbd73a7e1@group-33718A808786-StateMachineUpdater] INFO  ratis.ContainerStateMachine (ContainerStateMachine.java:takeSnapshot(315)) - group-33718A808786: Finished taking a snapshot at:(t:1, i:11) file:/home/runner/work/ozone/ozone/hadoop-ozone/integration-test/target/test-dir/MiniOzoneClusterImpl-f745d883-409d-4598-9a00-e779d9019c18/datanode-1/data/ratis/a5e47bad-4557-4566-987a-33718a808786/sm/snapshot.1_11 took: 2 ms
2022-03-02 21:33:30,528 [cdd5360e-d849-4e2b-b62b-b70fbd73a7e1@group-33718A808786-StateMachineUpdater] INFO  impl.StateMachineUpdater (StateMachineUpdater.java:takeSnapshot(281)) - cdd5360e-d849-4e2b-b62b-b70fbd73a7e1@group-33718A808786-StateMachineUpdater: Took a snapshot at index 11
2022-03-02 21:33:30,528 [cdd5360e-d849-4e2b-b62b-b70fbd73a7e1@group-33718A808786-StateMachineUpdater] INFO  impl.StateMachineUpdater (StateMachineUpdater.java:lambda$new$0(89)) - cdd5360e-d849-4e2b-b62b-b70fbd73a7e1@group-33718A808786-StateMachineUpdater: snapshotIndex: updateIncreasingly -1 -> 11
2022-03-02 21:33:30,529 [Listener at 127.0.0.1/33667] INFO  server.RaftServer$Division (ServerState.java:close(419)) - cdd5360e-d849-4e2b-b62b-b70fbd73a7e1@group-33718A808786: closes. applyIndex: 11
2022-03-02 21:33:30,529 [cdd5360e-d849-4e2b-b62b-b70fbd73a7e1@group-33718A808786-SegmentedRaftLogWorker] INFO  segmented.SegmentedRaftLogWorker (SegmentedRaftLogWorker.java:run(327)) - cdd5360e-d849-4e2b-b62b-b70fbd73a7e1@group-33718A808786-SegmentedRaftLogWorker was interrupted, exiting. There are 0 tasks remaining in the queue.
2022-03-02 21:33:30,531 [ForkJoinPool.commonPool-worker-0] INFO  segmented.SegmentedRaftLogWorker (SegmentedRaftLogWorker.java:close(237)) - cdd5360e-d849-4e2b-b62b-b70fbd73a7e1@group-2F68AEE794C1-SegmentedRaftLogWorker close()
2022-03-02 21:33:30,532 [Listener at 127.0.0.1/33667] INFO  segmented.SegmentedRaftLogWorker (SegmentedRaftLogWorker.java:close(237)) - cdd5360e-d849-4e2b-b62b-b70fbd73a7e1@group-33718A808786-SegmentedRaftLogWorker close()
2022-03-02 21:33:30,533 [ForkJoinPool.commonPool-worker-0] INFO  server.RaftServer$Division (RaftServerImpl.java:lambda$close$4(412)) - cdd5360e-d849-4e2b-b62b-b70fbd73a7e1@group-681CC91BE6DA: shutdown
2022-03-02 21:33:30,533 [ForkJoinPool.commonPool-worker-0] INFO  util.JmxRegister (JmxRegister.java:unregister(73)) - Successfully un-registered JMX Bean with object name Ratis:service=RaftServer,group=group-681CC91BE6DA,id=cdd5360e-d849-4e2b-b62b-b70fbd73a7e1
2022-03-02 21:33:30,533 [ForkJoinPool.commonPool-worker-0] INFO  impl.RoleInfo (RoleInfo.java:shutdownFollowerState(108)) - cdd5360e-d849-4e2b-b62b-b70fbd73a7e1: shutdown cdd5360e-d849-4e2b-b62b-b70fbd73a7e1@group-681CC91BE6DA-FollowerState
2022-03-02 21:33:30,533 [ForkJoinPool.commonPool-worker-0] INFO  impl.StateMachineUpdater (StateMachineUpdater.java:stopAndJoin(149)) - cdd5360e-d849-4e2b-b62b-b70fbd73a7e1@group-681CC91BE6DA-StateMachineUpdater: set stopIndex = 0
2022-03-02 21:33:30,533 [cdd5360e-d849-4e2b-b62b-b70fbd73a7e1@group-681CC91BE6DA-FollowerState] INFO  impl.FollowerState (FollowerState.java:run(143)) - cdd5360e-d849-4e2b-b62b-b70fbd73a7e1@group-681CC91BE6DA-FollowerState was interrupted: {}
java.lang.InterruptedException: sleep interrupted
	at java.lang.Thread.sleep(Native Method)
	at java.lang.Thread.sleep(Thread.java:342)
	at java.util.concurrent.TimeUnit.sleep(TimeUnit.java:386)
	at org.apache.ratis.util.TimeDuration.sleep(TimeDuration.java:324)
	at org.apache.ratis.util.TimeDuration.sleep(TimeDuration.java:309)
	at org.apache.ratis.server.impl.FollowerState.run(FollowerState.java:118)
2022-03-02 21:33:30,534 [cdd5360e-d849-4e2b-b62b-b70fbd73a7e1@group-681CC91BE6DA-StateMachineUpdater] INFO  ratis.ContainerStateMachine (ContainerStateMachine.java:takeSnapshot(304)) - group-681CC91BE6DA: Taking a snapshot at:(t:1, i:0) file /home/runner/work/ozone/ozone/hadoop-ozone/integration-test/target/test-dir/MiniOzoneClusterImpl-f745d883-409d-4598-9a00-e779d9019c18/datanode-1/data/ratis/53b8311c-2a52-474f-af65-681cc91be6da/sm/snapshot.1_0
2022-03-02 21:33:30,535 [cdd5360e-d849-4e2b-b62b-b70fbd73a7e1@group-681CC91BE6DA-StateMachineUpdater] INFO  ratis.ContainerStateMachine (ContainerStateMachine.java:takeSnapshot(315)) - group-681CC91BE6DA: Finished taking a snapshot at:(t:1, i:0) file:/home/runner/work/ozone/ozone/hadoop-ozone/integration-test/target/test-dir/MiniOzoneClusterImpl-f745d883-409d-4598-9a00-e779d9019c18/datanode-1/data/ratis/53b8311c-2a52-474f-af65-681cc91be6da/sm/snapshot.1_0 took: 1 ms
2022-03-02 21:33:30,535 [cdd5360e-d849-4e2b-b62b-b70fbd73a7e1@group-681CC91BE6DA-StateMachineUpdater] INFO  impl.StateMachineUpdater (StateMachineUpdater.java:takeSnapshot(281)) - cdd5360e-d849-4e2b-b62b-b70fbd73a7e1@group-681CC91BE6DA-StateMachineUpdater: Took a snapshot at index 0
2022-03-02 21:33:30,535 [cdd5360e-d849-4e2b-b62b-b70fbd73a7e1@group-681CC91BE6DA-StateMachineUpdater] INFO  impl.StateMachineUpdater (StateMachineUpdater.java:lambda$new$0(89)) - cdd5360e-d849-4e2b-b62b-b70fbd73a7e1@group-681CC91BE6DA-StateMachineUpdater: snapshotIndex: updateIncreasingly -1 -> 0
2022-03-02 21:33:30,535 [ForkJoinPool.commonPool-worker-0] INFO  server.RaftServer$Division (ServerState.java:close(419)) - cdd5360e-d849-4e2b-b62b-b70fbd73a7e1@group-681CC91BE6DA: closes. applyIndex: 0
2022-03-02 21:33:30,535 [cdd5360e-d849-4e2b-b62b-b70fbd73a7e1@group-681CC91BE6DA-SegmentedRaftLogWorker] INFO  segmented.SegmentedRaftLogWorker (SegmentedRaftLogWorker.java:run(327)) - cdd5360e-d849-4e2b-b62b-b70fbd73a7e1@group-681CC91BE6DA-SegmentedRaftLogWorker was interrupted, exiting. There are 0 tasks remaining in the queue.
2022-03-02 21:33:30,540 [ForkJoinPool.commonPool-worker-0] INFO  segmented.SegmentedRaftLogWorker (SegmentedRaftLogWorker.java:close(237)) - cdd5360e-d849-4e2b-b62b-b70fbd73a7e1@group-681CC91BE6DA-SegmentedRaftLogWorker close()
2022-03-02 21:33:30,559 [ForkJoinPool.commonPool-worker-0] INFO  server.RaftServer$Division (RaftServerImpl.java:lambda$close$4(412)) - cdd5360e-d849-4e2b-b62b-b70fbd73a7e1@group-8EC42998B879: shutdown
2022-03-02 21:33:30,559 [ForkJoinPool.commonPool-worker-0] INFO  util.JmxRegister (JmxRegister.java:unregister(73)) - Successfully un-registered JMX Bean with object name Ratis:service=RaftServer,group=group-8EC42998B879,id=cdd5360e-d849-4e2b-b62b-b70fbd73a7e1
2022-03-02 21:33:30,559 [ForkJoinPool.commonPool-worker-0] INFO  impl.RoleInfo (RoleInfo.java:shutdownFollowerState(108)) - cdd5360e-d849-4e2b-b62b-b70fbd73a7e1: shutdown cdd5360e-d849-4e2b-b62b-b70fbd73a7e1@group-8EC42998B879-FollowerState
2022-03-02 21:33:30,560 [ForkJoinPool.commonPool-worker-0] INFO  impl.StateMachineUpdater (StateMachineUpdater.java:stopAndJoin(149)) - cdd5360e-d849-4e2b-b62b-b70fbd73a7e1@group-8EC42998B879-StateMachineUpdater: set stopIndex = 0
2022-03-02 21:33:30,563 [cdd5360e-d849-4e2b-b62b-b70fbd73a7e1@group-8EC42998B879-StateMachineUpdater] INFO  ratis.ContainerStateMachine (ContainerStateMachine.java:takeSnapshot(304)) - group-8EC42998B879: Taking a snapshot at:(t:2, i:0) file /home/runner/work/ozone/ozone/hadoop-ozone/integration-test/target/test-dir/MiniOzoneClusterImpl-f745d883-409d-4598-9a00-e779d9019c18/datanode-1/data/ratis/8245a83f-df17-4492-b969-8ec42998b879/sm/snapshot.2_0
2022-03-02 21:33:30,563 [cdd5360e-d849-4e2b-b62b-b70fbd73a7e1@group-8EC42998B879-FollowerState] INFO  impl.FollowerState (FollowerState.java:run(143)) - cdd5360e-d849-4e2b-b62b-b70fbd73a7e1@group-8EC42998B879-FollowerState was interrupted: {}
java.lang.InterruptedException: sleep interrupted
	at java.lang.Thread.sleep(Native Method)
	at java.lang.Thread.sleep(Thread.java:342)
	at java.util.concurrent.TimeUnit.sleep(TimeUnit.java:386)
	at org.apache.ratis.util.TimeDuration.sleep(TimeDuration.java:324)
	at org.apache.ratis.util.TimeDuration.sleep(TimeDuration.java:309)
	at org.apache.ratis.server.impl.FollowerState.run(FollowerState.java:118)
2022-03-02 21:33:30,564 [cdd5360e-d849-4e2b-b62b-b70fbd73a7e1@group-8EC42998B879-StateMachineUpdater] INFO  ratis.ContainerStateMachine (ContainerStateMachine.java:takeSnapshot(315)) - group-8EC42998B879: Finished taking a snapshot at:(t:2, i:0) file:/home/runner/work/ozone/ozone/hadoop-ozone/integration-test/target/test-dir/MiniOzoneClusterImpl-f745d883-409d-4598-9a00-e779d9019c18/datanode-1/data/ratis/8245a83f-df17-4492-b969-8ec42998b879/sm/snapshot.2_0 took: 1 ms
2022-03-02 21:33:30,564 [cdd5360e-d849-4e2b-b62b-b70fbd73a7e1@group-8EC42998B879-StateMachineUpdater] INFO  impl.StateMachineUpdater (StateMachineUpdater.java:takeSnapshot(281)) - cdd5360e-d849-4e2b-b62b-b70fbd73a7e1@group-8EC42998B879-StateMachineUpdater: Took a snapshot at index 0
2022-03-02 21:33:30,564 [cdd5360e-d849-4e2b-b62b-b70fbd73a7e1@group-8EC42998B879-StateMachineUpdater] INFO  impl.StateMachineUpdater (StateMachineUpdater.java:lambda$new$0(89)) - cdd5360e-d849-4e2b-b62b-b70fbd73a7e1@group-8EC42998B879-StateMachineUpdater: snapshotIndex: updateIncreasingly -1 -> 0
2022-03-02 21:33:30,564 [ForkJoinPool.commonPool-worker-0] INFO  server.RaftServer$Division (ServerState.java:close(419)) - cdd5360e-d849-4e2b-b62b-b70fbd73a7e1@group-8EC42998B879: closes. applyIndex: 0
2022-03-02 21:33:30,564 [cdd5360e-d849-4e2b-b62b-b70fbd73a7e1@group-8EC42998B879-SegmentedRaftLogWorker] INFO  segmented.SegmentedRaftLogWorker (SegmentedRaftLogWorker.java:run(327)) - cdd5360e-d849-4e2b-b62b-b70fbd73a7e1@group-8EC42998B879-SegmentedRaftLogWorker was interrupted, exiting. There are 0 tasks remaining in the queue.
2022-03-02 21:33:30,570 [ForkJoinPool.commonPool-worker-0] INFO  segmented.SegmentedRaftLogWorker (SegmentedRaftLogWorker.java:close(237)) - cdd5360e-d849-4e2b-b62b-b70fbd73a7e1@group-8EC42998B879-SegmentedRaftLogWorker close()
2022-03-02 21:33:30,572 [Listener at 127.0.0.1/33667] INFO  server.GrpcService (GrpcService.java:closeImpl(262)) - cdd5360e-d849-4e2b-b62b-b70fbd73a7e1: shutdown server with port 36141 now
2022-03-02 21:33:30,574 [grpc-default-executor-0] WARN  server.GrpcServerProtocolService (LogUtils.java:warn(122)) - cdd5360e-d849-4e2b-b62b-b70fbd73a7e1: installSnapshot onError, lastRequest: 06306a50-9ba9-4128-94e0-55d591e142a1->cdd5360e-d849-4e2b-b62b-b70fbd73a7e1#1-t1,previous=(t:0, i:0),leaderCommit=0,initializing? true,entries: size=1, first=(t:1, i:0), CONFIGURATIONENTRY: org.apache.ratis.thirdparty.io.grpc.StatusRuntimeException: CANCELLED: client cancelled
2022-03-02 21:33:30,574 [grpc-default-executor-5] WARN  server.GrpcServerProtocolService (LogUtils.java:warn(122)) - cdd5360e-d849-4e2b-b62b-b70fbd73a7e1: installSnapshot onError, lastRequest: ca012516-14dd-42cd-8742-1c9d04d43fd5->cdd5360e-d849-4e2b-b62b-b70fbd73a7e1#1-t2,previous=(t:0, i:0),leaderCommit=0,initializing? true,entries: size=1, first=(t:2, i:0), CONFIGURATIONENTRY: org.apache.ratis.thirdparty.io.grpc.StatusRuntimeException: CANCELLED: client cancelled
2022-03-02 21:33:30,575 [grpc-default-executor-6] WARN  server.GrpcLogAppender (LogUtils.java:warn(122)) - ca012516-14dd-42cd-8742-1c9d04d43fd5@group-8EC42998B879->cdd5360e-d849-4e2b-b62b-b70fbd73a7e1-AppendLogResponseHandler: Failed appendEntries: org.apache.ratis.thirdparty.io.grpc.StatusRuntimeException: CANCELLED: HTTP/2 error code: CANCEL
Received Rst Stream
2022-03-02 21:33:30,575 [grpc-default-executor-6] WARN  server.GrpcLogAppender (GrpcLogAppender.java:resetClient(110)) - ca012516-14dd-42cd-8742-1c9d04d43fd5@group-8EC42998B879->cdd5360e-d849-4e2b-b62b-b70fbd73a7e1-GrpcLogAppender: Leader has not got in touch with Follower ca012516-14dd-42cd-8742-1c9d04d43fd5@group-8EC42998B879->cdd5360e-d849-4e2b-b62b-b70fbd73a7e1(c0,m0,n1, attendVote=true, lastRpcSendTime=127, lastRpcResponseTime=51) yet, just keep nextIndex unchanged and retry.
2022-03-02 21:33:30,576 [grpc-default-executor-6] WARN  server.GrpcLogAppender (LogUtils.java:warn(122)) - 06306a50-9ba9-4128-94e0-55d591e142a1@group-681CC91BE6DA->cdd5360e-d849-4e2b-b62b-b70fbd73a7e1-AppendLogResponseHandler: Failed appendEntries: org.apache.ratis.thirdparty.io.grpc.StatusRuntimeException: CANCELLED: HTTP/2 error code: CANCEL
Received Rst Stream
2022-03-02 21:33:30,576 [grpc-default-executor-6] WARN  server.GrpcLogAppender (GrpcLogAppender.java:resetClient(110)) - 06306a50-9ba9-4128-94e0-55d591e142a1@group-681CC91BE6DA->cdd5360e-d849-4e2b-b62b-b70fbd73a7e1-GrpcLogAppender: Leader has not got in touch with Follower 06306a50-9ba9-4128-94e0-55d591e142a1@group-681CC91BE6DA->cdd5360e-d849-4e2b-b62b-b70fbd73a7e1(c0,m0,n1, attendVote=true, lastRpcSendTime=1020, lastRpcResponseTime=991) yet, just keep nextIndex unchanged and retry.
2022-03-02 21:33:30,671 [Listener at 127.0.0.1/33667] INFO  server.GrpcService (GrpcService.java:closeImpl(271)) - cdd5360e-d849-4e2b-b62b-b70fbd73a7e1: shutdown server with port 36141 successfully
2022-03-02 21:33:30,672 [org.apache.ratis.util.JvmPauseMonitor$$Lambda$431/1455743440@6f445024] INFO  util.JvmPauseMonitor (JvmPauseMonitor.java:run(109)) - JvmPauseMonitor-cdd5360e-d849-4e2b-b62b-b70fbd73a7e1: Stopped
2022-03-02 21:33:31,831 [ff1229b5-7bf6-42b1-a70d-3d6d5a94de90@group-4C98E9F0FD07-FollowerState] INFO  impl.FollowerState (FollowerState.java:run(134)) - ff1229b5-7bf6-42b1-a70d-3d6d5a94de90@group-4C98E9F0FD07-FollowerState: change to CANDIDATE, lastRpcElapsedTime:5039327720ns, electionTimeout:5027ms
2022-03-02 21:33:31,831 [ff1229b5-7bf6-42b1-a70d-3d6d5a94de90@group-4C98E9F0FD07-FollowerState] INFO  impl.RoleInfo (RoleInfo.java:shutdownFollowerState(108)) - ff1229b5-7bf6-42b1-a70d-3d6d5a94de90: shutdown ff1229b5-7bf6-42b1-a70d-3d6d5a94de90@group-4C98E9F0FD07-FollowerState
2022-03-02 21:33:31,831 [ff1229b5-7bf6-42b1-a70d-3d6d5a94de90@group-4C98E9F0FD07-FollowerState] INFO  server.RaftServer$Division (RaftServerImpl.java:setRole(290)) - ff1229b5-7bf6-42b1-a70d-3d6d5a94de90@group-4C98E9F0FD07: changes role from  FOLLOWER to CANDIDATE at term 1 for changeToCandidate
2022-03-02 21:33:31,831 [ff1229b5-7bf6-42b1-a70d-3d6d5a94de90@group-4C98E9F0FD07-FollowerState] INFO  server.RaftServerConfigKeys (ConfUtils.java:logGet(44)) - raft.server.leaderelection.pre-vote = false (custom)
2022-03-02 21:33:31,831 [ff1229b5-7bf6-42b1-a70d-3d6d5a94de90@group-4C98E9F0FD07-FollowerState] INFO  impl.RoleInfo (RoleInfo.java:updateAndGet(130)) - ff1229b5-7bf6-42b1-a70d-3d6d5a94de90: start ff1229b5-7bf6-42b1-a70d-3d6d5a94de90@group-4C98E9F0FD07-LeaderElection94
2022-03-02 21:33:31,865 [39d9f1c0-7130-4277-8a35-add537f65258@group-4C98E9F0FD07-FollowerState] INFO  impl.FollowerState (FollowerState.java:run(134)) - 39d9f1c0-7130-4277-8a35-add537f65258@group-4C98E9F0FD07-FollowerState: change to CANDIDATE, lastRpcElapsedTime:5100819181ns, electionTimeout:5058ms
2022-03-02 21:33:31,865 [39d9f1c0-7130-4277-8a35-add537f65258@group-4C98E9F0FD07-FollowerState] INFO  impl.RoleInfo (RoleInfo.java:shutdownFollowerState(108)) - 39d9f1c0-7130-4277-8a35-add537f65258: shutdown 39d9f1c0-7130-4277-8a35-add537f65258@group-4C98E9F0FD07-FollowerState
2022-03-02 21:33:31,865 [39d9f1c0-7130-4277-8a35-add537f65258@group-4C98E9F0FD07-FollowerState] INFO  server.RaftServer$Division (RaftServerImpl.java:setRole(290)) - 39d9f1c0-7130-4277-8a35-add537f65258@group-4C98E9F0FD07: changes role from  FOLLOWER to CANDIDATE at term 1 for changeToCandidate
2022-03-02 21:33:31,865 [39d9f1c0-7130-4277-8a35-add537f65258@group-4C98E9F0FD07-FollowerState] INFO  server.RaftServerConfigKeys (ConfUtils.java:logGet(44)) - raft.server.leaderelection.pre-vote = false (custom)
2022-03-02 21:33:31,865 [39d9f1c0-7130-4277-8a35-add537f65258@group-4C98E9F0FD07-FollowerState] INFO  impl.RoleInfo (RoleInfo.java:updateAndGet(130)) - 39d9f1c0-7130-4277-8a35-add537f65258: start 39d9f1c0-7130-4277-8a35-add537f65258@group-4C98E9F0FD07-LeaderElection95
2022-03-02 21:33:31,893 [269e0ee6-c833-446d-a842-94c77dd867fd@group-4C98E9F0FD07-FollowerState] INFO  impl.FollowerState (FollowerState.java:run(134)) - 269e0ee6-c833-446d-a842-94c77dd867fd@group-4C98E9F0FD07-FollowerState: change to CANDIDATE, lastRpcElapsedTime:5085832174ns, electionTimeout:5074ms
2022-03-02 21:33:31,893 [269e0ee6-c833-446d-a842-94c77dd867fd@group-4C98E9F0FD07-FollowerState] INFO  impl.RoleInfo (RoleInfo.java:shutdownFollowerState(108)) - 269e0ee6-c833-446d-a842-94c77dd867fd: shutdown 269e0ee6-c833-446d-a842-94c77dd867fd@group-4C98E9F0FD07-FollowerState
2022-03-02 21:33:31,893 [269e0ee6-c833-446d-a842-94c77dd867fd@group-4C98E9F0FD07-FollowerState] INFO  server.RaftServer$Division (RaftServerImpl.java:setRole(290)) - 269e0ee6-c833-446d-a842-94c77dd867fd@group-4C98E9F0FD07: changes role from  FOLLOWER to CANDIDATE at term 1 for changeToCandidate
2022-03-02 21:33:31,893 [269e0ee6-c833-446d-a842-94c77dd867fd@group-4C98E9F0FD07-FollowerState] INFO  server.RaftServerConfigKeys (ConfUtils.java:logGet(44)) - raft.server.leaderelection.pre-vote = false (custom)
2022-03-02 21:33:31,894 [269e0ee6-c833-446d-a842-94c77dd867fd@group-4C98E9F0FD07-FollowerState] INFO  impl.RoleInfo (RoleInfo.java:updateAndGet(130)) - 269e0ee6-c833-446d-a842-94c77dd867fd: start 269e0ee6-c833-446d-a842-94c77dd867fd@group-4C98E9F0FD07-LeaderElection96
2022-03-02 21:33:31,900 [39d9f1c0-7130-4277-8a35-add537f65258@group-4C98E9F0FD07-LeaderElection95] INFO  impl.LeaderElection (LeaderElection.java:askForVotes(306)) - 39d9f1c0-7130-4277-8a35-add537f65258@group-4C98E9F0FD07-LeaderElection95 ELECTION round 0: submit vote requests at term 2 for -1: [269e0ee6-c833-446d-a842-94c77dd867fd|rpc:10.1.0.35:35541|dataStream:|priority:0, 39d9f1c0-7130-4277-8a35-add537f65258|rpc:10.1.0.35:33025|dataStream:|priority:1, ff1229b5-7bf6-42b1-a70d-3d6d5a94de90|rpc:10.1.0.35:32847|dataStream:|priority:0], old=null
2022-03-02 21:33:31,907 [ff1229b5-7bf6-42b1-a70d-3d6d5a94de90@group-4C98E9F0FD07-LeaderElection94] INFO  impl.LeaderElection (LeaderElection.java:askForVotes(306)) - ff1229b5-7bf6-42b1-a70d-3d6d5a94de90@group-4C98E9F0FD07-LeaderElection94 ELECTION round 0: submit vote requests at term 2 for -1: [269e0ee6-c833-446d-a842-94c77dd867fd|rpc:10.1.0.35:35541|dataStream:|priority:0, 39d9f1c0-7130-4277-8a35-add537f65258|rpc:10.1.0.35:33025|dataStream:|priority:1, ff1229b5-7bf6-42b1-a70d-3d6d5a94de90|rpc:10.1.0.35:32847|dataStream:|priority:0], old=null
2022-03-02 21:33:31,908 [269e0ee6-c833-446d-a842-94c77dd867fd@group-4C98E9F0FD07-LeaderElection96] INFO  impl.LeaderElection (LeaderElection.java:askForVotes(306)) - 269e0ee6-c833-446d-a842-94c77dd867fd@group-4C98E9F0FD07-LeaderElection96 ELECTION round 0: submit vote requests at term 2 for -1: [269e0ee6-c833-446d-a842-94c77dd867fd|rpc:10.1.0.35:35541|priority:0, 39d9f1c0-7130-4277-8a35-add537f65258|rpc:10.1.0.35:33025|priority:1, ff1229b5-7bf6-42b1-a70d-3d6d5a94de90|rpc:10.1.0.35:32847|priority:0], old=null
2022-03-02 21:33:31,932 [grpc-default-executor-6] INFO  server.RaftServer$Division (RaftServerImpl.java:requestVote(1046)) - 269e0ee6-c833-446d-a842-94c77dd867fd@group-4C98E9F0FD07: receive requestVote(ELECTION, 39d9f1c0-7130-4277-8a35-add537f65258, group-4C98E9F0FD07, 2, (t:0, i:0))
2022-03-02 21:33:31,932 [grpc-default-executor-6] INFO  impl.VoteContext (VoteContext.java:log(48)) - 269e0ee6-c833-446d-a842-94c77dd867fd@group-4C98E9F0FD07-CANDIDATE: reject ELECTION from 39d9f1c0-7130-4277-8a35-add537f65258: already has voted for 269e0ee6-c833-446d-a842-94c77dd867fd at current term 2
2022-03-02 21:33:31,932 [grpc-default-executor-6] INFO  server.RaftServer$Division (RaftServerImpl.java:requestVote(1078)) - 269e0ee6-c833-446d-a842-94c77dd867fd@group-4C98E9F0FD07 replies to ELECTION vote request: 39d9f1c0-7130-4277-8a35-add537f65258<-269e0ee6-c833-446d-a842-94c77dd867fd#0:FAIL-t2. Peer's state: 269e0ee6-c833-446d-a842-94c77dd867fd@group-4C98E9F0FD07:t2, leader=null, voted=269e0ee6-c833-446d-a842-94c77dd867fd, raftlog=269e0ee6-c833-446d-a842-94c77dd867fd@group-4C98E9F0FD07-SegmentedRaftLog:OPENED:c-1, conf=-1: [269e0ee6-c833-446d-a842-94c77dd867fd|rpc:10.1.0.35:35541|priority:0, 39d9f1c0-7130-4277-8a35-add537f65258|rpc:10.1.0.35:33025|priority:1, ff1229b5-7bf6-42b1-a70d-3d6d5a94de90|rpc:10.1.0.35:32847|priority:0], old=null
2022-03-02 21:33:31,962 [grpc-default-executor-6] INFO  server.RaftServer$Division (RaftServerImpl.java:requestVote(1046)) - ff1229b5-7bf6-42b1-a70d-3d6d5a94de90@group-4C98E9F0FD07: receive requestVote(ELECTION, 39d9f1c0-7130-4277-8a35-add537f65258, group-4C98E9F0FD07, 2, (t:0, i:0))
2022-03-02 21:33:31,962 [grpc-default-executor-6] INFO  impl.VoteContext (VoteContext.java:log(48)) - ff1229b5-7bf6-42b1-a70d-3d6d5a94de90@group-4C98E9F0FD07-CANDIDATE: reject ELECTION from 39d9f1c0-7130-4277-8a35-add537f65258: already has voted for ff1229b5-7bf6-42b1-a70d-3d6d5a94de90 at current term 2
2022-03-02 21:33:31,962 [grpc-default-executor-6] INFO  server.RaftServer$Division (RaftServerImpl.java:requestVote(1078)) - ff1229b5-7bf6-42b1-a70d-3d6d5a94de90@group-4C98E9F0FD07 replies to ELECTION vote request: 39d9f1c0-7130-4277-8a35-add537f65258<-ff1229b5-7bf6-42b1-a70d-3d6d5a94de90#0:FAIL-t2. Peer's state: ff1229b5-7bf6-42b1-a70d-3d6d5a94de90@group-4C98E9F0FD07:t2, leader=null, voted=ff1229b5-7bf6-42b1-a70d-3d6d5a94de90, raftlog=ff1229b5-7bf6-42b1-a70d-3d6d5a94de90@group-4C98E9F0FD07-SegmentedRaftLog:OPENED:c-1, conf=-1: [269e0ee6-c833-446d-a842-94c77dd867fd|rpc:10.1.0.35:35541|dataStream:|priority:0, 39d9f1c0-7130-4277-8a35-add537f65258|rpc:10.1.0.35:33025|dataStream:|priority:1, ff1229b5-7bf6-42b1-a70d-3d6d5a94de90|rpc:10.1.0.35:32847|dataStream:|priority:0], old=null
2022-03-02 21:33:32,005 [39d9f1c0-7130-4277-8a35-add537f65258@group-4C98E9F0FD07-LeaderElection95] INFO  impl.LeaderElection (LeaderElection.java:logAndReturn(89)) - 39d9f1c0-7130-4277-8a35-add537f65258@group-4C98E9F0FD07-LeaderElection95: ELECTION REJECTED received 2 response(s) and 0 exception(s):
2022-03-02 21:33:32,006 [39d9f1c0-7130-4277-8a35-add537f65258@group-4C98E9F0FD07-LeaderElection95] INFO  impl.LeaderElection (LeaderElection.java:logAndReturn(93)) -   Response 0: 39d9f1c0-7130-4277-8a35-add537f65258<-269e0ee6-c833-446d-a842-94c77dd867fd#0:FAIL-t2
2022-03-02 21:33:32,006 [39d9f1c0-7130-4277-8a35-add537f65258@group-4C98E9F0FD07-LeaderElection95] INFO  impl.LeaderElection (LeaderElection.java:logAndReturn(93)) -   Response 1: 39d9f1c0-7130-4277-8a35-add537f65258<-ff1229b5-7bf6-42b1-a70d-3d6d5a94de90#0:FAIL-t2
2022-03-02 21:33:32,006 [39d9f1c0-7130-4277-8a35-add537f65258@group-4C98E9F0FD07-LeaderElection95] INFO  impl.LeaderElection (LeaderElection.java:askForVotes(308)) - 39d9f1c0-7130-4277-8a35-add537f65258@group-4C98E9F0FD07-LeaderElection95 ELECTION round 0: result REJECTED
2022-03-02 21:33:32,006 [39d9f1c0-7130-4277-8a35-add537f65258@group-4C98E9F0FD07-LeaderElection95] INFO  server.RaftServer$Division (RaftServerImpl.java:setRole(290)) - 39d9f1c0-7130-4277-8a35-add537f65258@group-4C98E9F0FD07: changes role from CANDIDATE to FOLLOWER at term 2 for REJECTED
2022-03-02 21:33:32,006 [39d9f1c0-7130-4277-8a35-add537f65258@group-4C98E9F0FD07-LeaderElection95] INFO  impl.RoleInfo (RoleInfo.java:shutdownLeaderElection(121)) - 39d9f1c0-7130-4277-8a35-add537f65258: shutdown 39d9f1c0-7130-4277-8a35-add537f65258@group-4C98E9F0FD07-LeaderElection95
2022-03-02 21:33:32,006 [39d9f1c0-7130-4277-8a35-add537f65258@group-4C98E9F0FD07-LeaderElection95] INFO  impl.RoleInfo (RoleInfo.java:updateAndGet(130)) - 39d9f1c0-7130-4277-8a35-add537f65258: start 39d9f1c0-7130-4277-8a35-add537f65258@group-4C98E9F0FD07-FollowerState
2022-03-02 21:33:32,050 [grpc-default-executor-5] INFO  server.RaftServer$Division (RaftServerImpl.java:requestVote(1046)) - 269e0ee6-c833-446d-a842-94c77dd867fd@group-4C98E9F0FD07: receive requestVote(ELECTION, ff1229b5-7bf6-42b1-a70d-3d6d5a94de90, group-4C98E9F0FD07, 2, (t:0, i:0))
2022-03-02 21:33:32,050 [grpc-default-executor-5] INFO  impl.VoteContext (VoteContext.java:log(48)) - 269e0ee6-c833-446d-a842-94c77dd867fd@group-4C98E9F0FD07-CANDIDATE: reject ELECTION from ff1229b5-7bf6-42b1-a70d-3d6d5a94de90: already has voted for 269e0ee6-c833-446d-a842-94c77dd867fd at current term 2
2022-03-02 21:33:32,050 [grpc-default-executor-5] INFO  server.RaftServer$Division (RaftServerImpl.java:requestVote(1078)) - 269e0ee6-c833-446d-a842-94c77dd867fd@group-4C98E9F0FD07 replies to ELECTION vote request: ff1229b5-7bf6-42b1-a70d-3d6d5a94de90<-269e0ee6-c833-446d-a842-94c77dd867fd#0:FAIL-t2. Peer's state: 269e0ee6-c833-446d-a842-94c77dd867fd@group-4C98E9F0FD07:t2, leader=null, voted=269e0ee6-c833-446d-a842-94c77dd867fd, raftlog=269e0ee6-c833-446d-a842-94c77dd867fd@group-4C98E9F0FD07-SegmentedRaftLog:OPENED:c-1, conf=-1: [269e0ee6-c833-446d-a842-94c77dd867fd|rpc:10.1.0.35:35541|priority:0, 39d9f1c0-7130-4277-8a35-add537f65258|rpc:10.1.0.35:33025|priority:1, ff1229b5-7bf6-42b1-a70d-3d6d5a94de90|rpc:10.1.0.35:32847|priority:0], old=null
2022-03-02 21:33:32,051 [grpc-default-executor-2] INFO  server.RaftServer$Division (RaftServerImpl.java:requestVote(1046)) - ff1229b5-7bf6-42b1-a70d-3d6d5a94de90@group-4C98E9F0FD07: receive requestVote(ELECTION, 269e0ee6-c833-446d-a842-94c77dd867fd, group-4C98E9F0FD07, 2, (t:0, i:0))
2022-03-02 21:33:32,051 [grpc-default-executor-2] INFO  impl.VoteContext (VoteContext.java:log(48)) - ff1229b5-7bf6-42b1-a70d-3d6d5a94de90@group-4C98E9F0FD07-CANDIDATE: reject ELECTION from 269e0ee6-c833-446d-a842-94c77dd867fd: already has voted for ff1229b5-7bf6-42b1-a70d-3d6d5a94de90 at current term 2
2022-03-02 21:33:32,051 [grpc-default-executor-2] INFO  server.RaftServer$Division (RaftServerImpl.java:requestVote(1078)) - ff1229b5-7bf6-42b1-a70d-3d6d5a94de90@group-4C98E9F0FD07 replies to ELECTION vote request: 269e0ee6-c833-446d-a842-94c77dd867fd<-ff1229b5-7bf6-42b1-a70d-3d6d5a94de90#0:FAIL-t2. Peer's state: ff1229b5-7bf6-42b1-a70d-3d6d5a94de90@group-4C98E9F0FD07:t2, leader=null, voted=ff1229b5-7bf6-42b1-a70d-3d6d5a94de90, raftlog=ff1229b5-7bf6-42b1-a70d-3d6d5a94de90@group-4C98E9F0FD07-SegmentedRaftLog:OPENED:c-1, conf=-1: [269e0ee6-c833-446d-a842-94c77dd867fd|rpc:10.1.0.35:35541|dataStream:|priority:0, 39d9f1c0-7130-4277-8a35-add537f65258|rpc:10.1.0.35:33025|dataStream:|priority:1, ff1229b5-7bf6-42b1-a70d-3d6d5a94de90|rpc:10.1.0.35:32847|dataStream:|priority:0], old=null
2022-03-02 21:33:32,068 [grpc-default-executor-6] INFO  server.RaftServer$Division (RaftServerImpl.java:requestVote(1046)) - 39d9f1c0-7130-4277-8a35-add537f65258@group-4C98E9F0FD07: receive requestVote(ELECTION, 269e0ee6-c833-446d-a842-94c77dd867fd, group-4C98E9F0FD07, 2, (t:0, i:0))
2022-03-02 21:33:32,068 [grpc-default-executor-6] INFO  impl.VoteContext (VoteContext.java:log(48)) - 39d9f1c0-7130-4277-8a35-add537f65258@group-4C98E9F0FD07-FOLLOWER: reject ELECTION from 269e0ee6-c833-446d-a842-94c77dd867fd: already has voted for 39d9f1c0-7130-4277-8a35-add537f65258 at current term 2
2022-03-02 21:33:32,068 [grpc-default-executor-6] INFO  server.RaftServer$Division (RaftServerImpl.java:requestVote(1078)) - 39d9f1c0-7130-4277-8a35-add537f65258@group-4C98E9F0FD07 replies to ELECTION vote request: 269e0ee6-c833-446d-a842-94c77dd867fd<-39d9f1c0-7130-4277-8a35-add537f65258#0:FAIL-t2. Peer's state: 39d9f1c0-7130-4277-8a35-add537f65258@group-4C98E9F0FD07:t2, leader=null, voted=39d9f1c0-7130-4277-8a35-add537f65258, raftlog=39d9f1c0-7130-4277-8a35-add537f65258@group-4C98E9F0FD07-SegmentedRaftLog:OPENED:c-1, conf=-1: [269e0ee6-c833-446d-a842-94c77dd867fd|rpc:10.1.0.35:35541|dataStream:|priority:0, 39d9f1c0-7130-4277-8a35-add537f65258|rpc:10.1.0.35:33025|dataStream:|priority:1, ff1229b5-7bf6-42b1-a70d-3d6d5a94de90|rpc:10.1.0.35:32847|dataStream:|priority:0], old=null
2022-03-02 21:33:32,069 [grpc-default-executor-6] INFO  server.RaftServer$Division (RaftServerImpl.java:requestVote(1046)) - 39d9f1c0-7130-4277-8a35-add537f65258@group-4C98E9F0FD07: receive requestVote(ELECTION, ff1229b5-7bf6-42b1-a70d-3d6d5a94de90, group-4C98E9F0FD07, 2, (t:0, i:0))
2022-03-02 21:33:32,069 [grpc-default-executor-6] INFO  impl.VoteContext (VoteContext.java:log(48)) - 39d9f1c0-7130-4277-8a35-add537f65258@group-4C98E9F0FD07-FOLLOWER: reject ELECTION from ff1229b5-7bf6-42b1-a70d-3d6d5a94de90: already has voted for 39d9f1c0-7130-4277-8a35-add537f65258 at current term 2
2022-03-02 21:33:32,069 [grpc-default-executor-6] INFO  server.RaftServer$Division (RaftServerImpl.java:requestVote(1078)) - 39d9f1c0-7130-4277-8a35-add537f65258@group-4C98E9F0FD07 replies to ELECTION vote request: ff1229b5-7bf6-42b1-a70d-3d6d5a94de90<-39d9f1c0-7130-4277-8a35-add537f65258#0:FAIL-t2. Peer's state: 39d9f1c0-7130-4277-8a35-add537f65258@group-4C98E9F0FD07:t2, leader=null, voted=39d9f1c0-7130-4277-8a35-add537f65258, raftlog=39d9f1c0-7130-4277-8a35-add537f65258@group-4C98E9F0FD07-SegmentedRaftLog:OPENED:c-1, conf=-1: [269e0ee6-c833-446d-a842-94c77dd867fd|rpc:10.1.0.35:35541|dataStream:|priority:0, 39d9f1c0-7130-4277-8a35-add537f65258|rpc:10.1.0.35:33025|dataStream:|priority:1, ff1229b5-7bf6-42b1-a70d-3d6d5a94de90|rpc:10.1.0.35:32847|dataStream:|priority:0], old=null
2022-03-02 21:33:32,069 [269e0ee6-c833-446d-a842-94c77dd867fd@group-4C98E9F0FD07-LeaderElection96] INFO  impl.LeaderElection (LeaderElection.java:logAndReturn(89)) - 269e0ee6-c833-446d-a842-94c77dd867fd@group-4C98E9F0FD07-LeaderElection96: ELECTION REJECTED received 2 response(s) and 0 exception(s):
2022-03-02 21:33:32,069 [269e0ee6-c833-446d-a842-94c77dd867fd@group-4C98E9F0FD07-LeaderElection96] INFO  impl.LeaderElection (LeaderElection.java:logAndReturn(93)) -   Response 0: 269e0ee6-c833-446d-a842-94c77dd867fd<-39d9f1c0-7130-4277-8a35-add537f65258#0:FAIL-t2
2022-03-02 21:33:32,069 [269e0ee6-c833-446d-a842-94c77dd867fd@group-4C98E9F0FD07-LeaderElection96] INFO  impl.LeaderElection (LeaderElection.java:logAndReturn(93)) -   Response 1: 269e0ee6-c833-446d-a842-94c77dd867fd<-ff1229b5-7bf6-42b1-a70d-3d6d5a94de90#0:FAIL-t2
2022-03-02 21:33:32,069 [269e0ee6-c833-446d-a842-94c77dd867fd@group-4C98E9F0FD07-LeaderElection96] INFO  impl.LeaderElection (LeaderElection.java:askForVotes(308)) - 269e0ee6-c833-446d-a842-94c77dd867fd@group-4C98E9F0FD07-LeaderElection96 ELECTION round 0: result REJECTED
2022-03-02 21:33:32,069 [269e0ee6-c833-446d-a842-94c77dd867fd@group-4C98E9F0FD07-LeaderElection96] INFO  server.RaftServer$Division (RaftServerImpl.java:setRole(290)) - 269e0ee6-c833-446d-a842-94c77dd867fd@group-4C98E9F0FD07: changes role from CANDIDATE to FOLLOWER at term 2 for REJECTED
2022-03-02 21:33:32,069 [269e0ee6-c833-446d-a842-94c77dd867fd@group-4C98E9F0FD07-LeaderElection96] INFO  impl.RoleInfo (RoleInfo.java:shutdownLeaderElection(121)) - 269e0ee6-c833-446d-a842-94c77dd867fd: shutdown 269e0ee6-c833-446d-a842-94c77dd867fd@group-4C98E9F0FD07-LeaderElection96
2022-03-02 21:33:32,069 [269e0ee6-c833-446d-a842-94c77dd867fd@group-4C98E9F0FD07-LeaderElection96] INFO  impl.RoleInfo (RoleInfo.java:updateAndGet(130)) - 269e0ee6-c833-446d-a842-94c77dd867fd: start 269e0ee6-c833-446d-a842-94c77dd867fd@group-4C98E9F0FD07-FollowerState
2022-03-02 21:33:32,103 [grpc-default-executor-2] WARN  server.GrpcLogAppender (LogUtils.java:warn(122)) - 06306a50-9ba9-4128-94e0-55d591e142a1@group-681CC91BE6DA->cdd5360e-d849-4e2b-b62b-b70fbd73a7e1-AppendLogResponseHandler: Failed appendEntries: org.apache.ratis.thirdparty.io.grpc.StatusRuntimeException: UNAVAILABLE: io exception
2022-03-02 21:33:32,104 [grpc-default-executor-2] WARN  server.GrpcLogAppender (GrpcLogAppender.java:resetClient(110)) - 06306a50-9ba9-4128-94e0-55d591e142a1@group-681CC91BE6DA->cdd5360e-d849-4e2b-b62b-b70fbd73a7e1-GrpcLogAppender: Leader has not got in touch with Follower 06306a50-9ba9-4128-94e0-55d591e142a1@group-681CC91BE6DA->cdd5360e-d849-4e2b-b62b-b70fbd73a7e1(c0,m0,n1, attendVote=true, lastRpcSendTime=4, lastRpcResponseTime=2519) yet, just keep nextIndex unchanged and retry.
2022-03-02 21:33:32,111 [ff1229b5-7bf6-42b1-a70d-3d6d5a94de90@group-4C98E9F0FD07-LeaderElection94] INFO  impl.LeaderElection (LeaderElection.java:logAndReturn(89)) - ff1229b5-7bf6-42b1-a70d-3d6d5a94de90@group-4C98E9F0FD07-LeaderElection94: ELECTION REJECTED received 2 response(s) and 0 exception(s):
2022-03-02 21:33:32,111 [ff1229b5-7bf6-42b1-a70d-3d6d5a94de90@group-4C98E9F0FD07-LeaderElection94] INFO  impl.LeaderElection (LeaderElection.java:logAndReturn(93)) -   Response 0: ff1229b5-7bf6-42b1-a70d-3d6d5a94de90<-269e0ee6-c833-446d-a842-94c77dd867fd#0:FAIL-t2
2022-03-02 21:33:32,111 [ff1229b5-7bf6-42b1-a70d-3d6d5a94de90@group-4C98E9F0FD07-LeaderElection94] INFO  impl.LeaderElection (LeaderElection.java:logAndReturn(93)) -   Response 1: ff1229b5-7bf6-42b1-a70d-3d6d5a94de90<-39d9f1c0-7130-4277-8a35-add537f65258#0:FAIL-t2
2022-03-02 21:33:32,111 [ff1229b5-7bf6-42b1-a70d-3d6d5a94de90@group-4C98E9F0FD07-LeaderElection94] INFO  impl.LeaderElection (LeaderElection.java:askForVotes(308)) - ff1229b5-7bf6-42b1-a70d-3d6d5a94de90@group-4C98E9F0FD07-LeaderElection94 ELECTION round 0: result REJECTED
2022-03-02 21:33:32,111 [ff1229b5-7bf6-42b1-a70d-3d6d5a94de90@group-4C98E9F0FD07-LeaderElection94] INFO  server.RaftServer$Division (RaftServerImpl.java:setRole(290)) - ff1229b5-7bf6-42b1-a70d-3d6d5a94de90@group-4C98E9F0FD07: changes role from CANDIDATE to FOLLOWER at term 2 for REJECTED
2022-03-02 21:33:32,111 [ff1229b5-7bf6-42b1-a70d-3d6d5a94de90@group-4C98E9F0FD07-LeaderElection94] INFO  impl.RoleInfo (RoleInfo.java:shutdownLeaderElection(121)) - ff1229b5-7bf6-42b1-a70d-3d6d5a94de90: shutdown ff1229b5-7bf6-42b1-a70d-3d6d5a94de90@group-4C98E9F0FD07-LeaderElection94
2022-03-02 21:33:32,111 [ff1229b5-7bf6-42b1-a70d-3d6d5a94de90@group-4C98E9F0FD07-LeaderElection94] INFO  impl.RoleInfo (RoleInfo.java:updateAndGet(130)) - ff1229b5-7bf6-42b1-a70d-3d6d5a94de90: start ff1229b5-7bf6-42b1-a70d-3d6d5a94de90@group-4C98E9F0FD07-FollowerState
2022-03-02 21:33:32,376 [ff1229b5-7bf6-42b1-a70d-3d6d5a94de90@group-F48392E64407-FollowerState] INFO  impl.FollowerState (FollowerState.java:run(134)) - ff1229b5-7bf6-42b1-a70d-3d6d5a94de90@group-F48392E64407-FollowerState: change to CANDIDATE, lastRpcElapsedTime:5053800012ns, electionTimeout:5049ms
2022-03-02 21:33:32,376 [ff1229b5-7bf6-42b1-a70d-3d6d5a94de90@group-F48392E64407-FollowerState] INFO  impl.RoleInfo (RoleInfo.java:shutdownFollowerState(108)) - ff1229b5-7bf6-42b1-a70d-3d6d5a94de90: shutdown ff1229b5-7bf6-42b1-a70d-3d6d5a94de90@group-F48392E64407-FollowerState
2022-03-02 21:33:32,376 [ff1229b5-7bf6-42b1-a70d-3d6d5a94de90@group-F48392E64407-FollowerState] INFO  server.RaftServer$Division (RaftServerImpl.java:setRole(290)) - ff1229b5-7bf6-42b1-a70d-3d6d5a94de90@group-F48392E64407: changes role from  FOLLOWER to CANDIDATE at term 1 for changeToCandidate
2022-03-02 21:33:32,376 [ff1229b5-7bf6-42b1-a70d-3d6d5a94de90@group-F48392E64407-FollowerState] INFO  server.RaftServerConfigKeys (ConfUtils.java:logGet(44)) - raft.server.leaderelection.pre-vote = false (custom)
2022-03-02 21:33:32,376 [ff1229b5-7bf6-42b1-a70d-3d6d5a94de90@group-F48392E64407-FollowerState] INFO  impl.RoleInfo (RoleInfo.java:updateAndGet(130)) - ff1229b5-7bf6-42b1-a70d-3d6d5a94de90: start ff1229b5-7bf6-42b1-a70d-3d6d5a94de90@group-F48392E64407-LeaderElection97
2022-03-02 21:33:32,417 [ff1229b5-7bf6-42b1-a70d-3d6d5a94de90@group-F48392E64407-LeaderElection97] INFO  impl.LeaderElection (LeaderElection.java:askForVotes(306)) - ff1229b5-7bf6-42b1-a70d-3d6d5a94de90@group-F48392E64407-LeaderElection97 ELECTION round 0: submit vote requests at term 2 for -1: [269e0ee6-c833-446d-a842-94c77dd867fd|rpc:10.1.0.35:35541|dataStream:|priority:0, 39d9f1c0-7130-4277-8a35-add537f65258|rpc:10.1.0.35:33025|dataStream:|priority:0, ff1229b5-7bf6-42b1-a70d-3d6d5a94de90|rpc:10.1.0.35:32847|dataStream:|priority:1], old=null
2022-03-02 21:33:32,439 [grpc-default-executor-2] INFO  server.RaftServer$Division (RaftServerImpl.java:requestVote(1046)) - 269e0ee6-c833-446d-a842-94c77dd867fd@group-F48392E64407: receive requestVote(ELECTION, ff1229b5-7bf6-42b1-a70d-3d6d5a94de90, group-F48392E64407, 2, (t:0, i:0))
2022-03-02 21:33:32,440 [grpc-default-executor-2] INFO  impl.VoteContext (VoteContext.java:log(48)) - 269e0ee6-c833-446d-a842-94c77dd867fd@group-F48392E64407-FOLLOWER: accept ELECTION from ff1229b5-7bf6-42b1-a70d-3d6d5a94de90: our priority 0 <= candidate's priority 1
2022-03-02 21:33:32,440 [grpc-default-executor-2] INFO  server.RaftServer$Division (RaftServerImpl.java:setRole(290)) - 269e0ee6-c833-446d-a842-94c77dd867fd@group-F48392E64407: changes role from  FOLLOWER to FOLLOWER at term 2 for candidate:ff1229b5-7bf6-42b1-a70d-3d6d5a94de90
2022-03-02 21:33:32,440 [grpc-default-executor-2] INFO  impl.RoleInfo (RoleInfo.java:shutdownFollowerState(108)) - 269e0ee6-c833-446d-a842-94c77dd867fd: shutdown 269e0ee6-c833-446d-a842-94c77dd867fd@group-F48392E64407-FollowerState
2022-03-02 21:33:32,447 [grpc-default-executor-2] INFO  impl.RoleInfo (RoleInfo.java:updateAndGet(130)) - 269e0ee6-c833-446d-a842-94c77dd867fd: start 269e0ee6-c833-446d-a842-94c77dd867fd@group-F48392E64407-FollowerState
2022-03-02 21:33:32,447 [269e0ee6-c833-446d-a842-94c77dd867fd@group-F48392E64407-FollowerState] INFO  impl.FollowerState (FollowerState.java:run(143)) - 269e0ee6-c833-446d-a842-94c77dd867fd@group-F48392E64407-FollowerState was interrupted: {}
java.lang.InterruptedException: sleep interrupted
	at java.lang.Thread.sleep(Native Method)
	at java.lang.Thread.sleep(Thread.java:342)
	at java.util.concurrent.TimeUnit.sleep(TimeUnit.java:386)
	at org.apache.ratis.util.TimeDuration.sleep(TimeDuration.java:324)
	at org.apache.ratis.util.TimeDuration.sleep(TimeDuration.java:309)
	at org.apache.ratis.server.impl.FollowerState.run(FollowerState.java:118)
2022-03-02 21:33:32,448 [grpc-default-executor-6] INFO  server.RaftServer$Division (RaftServerImpl.java:requestVote(1046)) - 39d9f1c0-7130-4277-8a35-add537f65258@group-F48392E64407: receive requestVote(ELECTION, ff1229b5-7bf6-42b1-a70d-3d6d5a94de90, group-F48392E64407, 2, (t:0, i:0))
2022-03-02 21:33:32,476 [grpc-default-executor-6] INFO  impl.VoteContext (VoteContext.java:log(48)) - 39d9f1c0-7130-4277-8a35-add537f65258@group-F48392E64407-FOLLOWER: accept ELECTION from ff1229b5-7bf6-42b1-a70d-3d6d5a94de90: our priority 0 <= candidate's priority 1
2022-03-02 21:33:32,476 [grpc-default-executor-6] INFO  server.RaftServer$Division (RaftServerImpl.java:setRole(290)) - 39d9f1c0-7130-4277-8a35-add537f65258@group-F48392E64407: changes role from  FOLLOWER to FOLLOWER at term 2 for candidate:ff1229b5-7bf6-42b1-a70d-3d6d5a94de90
2022-03-02 21:33:32,476 [grpc-default-executor-6] INFO  impl.RoleInfo (RoleInfo.java:shutdownFollowerState(108)) - 39d9f1c0-7130-4277-8a35-add537f65258: shutdown 39d9f1c0-7130-4277-8a35-add537f65258@group-F48392E64407-FollowerState
2022-03-02 21:33:32,476 [grpc-default-executor-6] INFO  impl.RoleInfo (RoleInfo.java:updateAndGet(130)) - 39d9f1c0-7130-4277-8a35-add537f65258: start 39d9f1c0-7130-4277-8a35-add537f65258@group-F48392E64407-FollowerState
2022-03-02 21:33:32,476 [39d9f1c0-7130-4277-8a35-add537f65258@group-F48392E64407-FollowerState] INFO  impl.FollowerState (FollowerState.java:run(143)) - 39d9f1c0-7130-4277-8a35-add537f65258@group-F48392E64407-FollowerState was interrupted: {}
java.lang.InterruptedException: sleep interrupted
	at java.lang.Thread.sleep(Native Method)
	at java.lang.Thread.sleep(Thread.java:342)
	at java.util.concurrent.TimeUnit.sleep(TimeUnit.java:386)
	at org.apache.ratis.util.TimeDuration.sleep(TimeDuration.java:324)
	at org.apache.ratis.util.TimeDuration.sleep(TimeDuration.java:309)
	at org.apache.ratis.server.impl.FollowerState.run(FollowerState.java:118)
2022-03-02 21:33:32,477 [grpc-default-executor-6] INFO  server.RaftServer$Division (RaftServerImpl.java:requestVote(1078)) - 39d9f1c0-7130-4277-8a35-add537f65258@group-F48392E64407 replies to ELECTION vote request: ff1229b5-7bf6-42b1-a70d-3d6d5a94de90<-39d9f1c0-7130-4277-8a35-add537f65258#0:OK-t2. Peer's state: 39d9f1c0-7130-4277-8a35-add537f65258@group-F48392E64407:t2, leader=null, voted=ff1229b5-7bf6-42b1-a70d-3d6d5a94de90, raftlog=39d9f1c0-7130-4277-8a35-add537f65258@group-F48392E64407-SegmentedRaftLog:OPENED:c-1, conf=-1: [269e0ee6-c833-446d-a842-94c77dd867fd|rpc:10.1.0.35:35541|priority:0, 39d9f1c0-7130-4277-8a35-add537f65258|rpc:10.1.0.35:33025|priority:0, ff1229b5-7bf6-42b1-a70d-3d6d5a94de90|rpc:10.1.0.35:32847|priority:1], old=null
2022-03-02 21:33:32,478 [ff1229b5-7bf6-42b1-a70d-3d6d5a94de90@group-F48392E64407-LeaderElection97] INFO  impl.LeaderElection (LeaderElection.java:logAndReturn(89)) - ff1229b5-7bf6-42b1-a70d-3d6d5a94de90@group-F48392E64407-LeaderElection97: ELECTION PASSED received 1 response(s) and 0 exception(s):
2022-03-02 21:33:32,478 [ff1229b5-7bf6-42b1-a70d-3d6d5a94de90@group-F48392E64407-LeaderElection97] INFO  impl.LeaderElection (LeaderElection.java:logAndReturn(93)) -   Response 0: ff1229b5-7bf6-42b1-a70d-3d6d5a94de90<-39d9f1c0-7130-4277-8a35-add537f65258#0:OK-t2
2022-03-02 21:33:32,478 [ff1229b5-7bf6-42b1-a70d-3d6d5a94de90@group-F48392E64407-LeaderElection97] INFO  impl.LeaderElection (LeaderElection.java:askForVotes(308)) - ff1229b5-7bf6-42b1-a70d-3d6d5a94de90@group-F48392E64407-LeaderElection97 ELECTION round 0: result PASSED
2022-03-02 21:33:32,478 [ff1229b5-7bf6-42b1-a70d-3d6d5a94de90@group-F48392E64407-LeaderElection97] INFO  impl.RoleInfo (RoleInfo.java:shutdownLeaderElection(121)) - ff1229b5-7bf6-42b1-a70d-3d6d5a94de90: shutdown ff1229b5-7bf6-42b1-a70d-3d6d5a94de90@group-F48392E64407-LeaderElection97
2022-03-02 21:33:32,478 [ff1229b5-7bf6-42b1-a70d-3d6d5a94de90@group-F48392E64407-LeaderElection97] INFO  server.RaftServer$Division (RaftServerImpl.java:setRole(290)) - ff1229b5-7bf6-42b1-a70d-3d6d5a94de90@group-F48392E64407: changes role from CANDIDATE to LEADER at term 2 for changeToLeader
2022-03-02 21:33:32,478 [ff1229b5-7bf6-42b1-a70d-3d6d5a94de90@group-F48392E64407-LeaderElection97] INFO  ratis.XceiverServerRatis (XceiverServerRatis.java:handleLeaderChangedNotification(867)) - Leader change notification received for group: group-F48392E64407 with new leaderId: ff1229b5-7bf6-42b1-a70d-3d6d5a94de90
2022-03-02 21:33:32,478 [ff1229b5-7bf6-42b1-a70d-3d6d5a94de90@group-F48392E64407-LeaderElection97] INFO  server.RaftServer$Division (ServerState.java:setLeader(285)) - ff1229b5-7bf6-42b1-a70d-3d6d5a94de90@group-F48392E64407: change Leader from null to ff1229b5-7bf6-42b1-a70d-3d6d5a94de90 at term 2 for becomeLeader, leader elected after 10336ms
2022-03-02 21:33:32,478 [ff1229b5-7bf6-42b1-a70d-3d6d5a94de90@group-F48392E64407-LeaderElection97] INFO  server.RaftServerConfigKeys (ConfUtils.java:logGet(44)) - raft.server.staging.catchup.gap = 1000 (default)
2022-03-02 21:33:32,478 [ff1229b5-7bf6-42b1-a70d-3d6d5a94de90@group-F48392E64407-LeaderElection97] INFO  server.RaftServerConfigKeys (ConfUtils.java:logGet(44)) - raft.server.write.element-limit = 1024 (custom)
2022-03-02 21:33:32,479 [ff1229b5-7bf6-42b1-a70d-3d6d5a94de90@group-F48392E64407-LeaderElection97] INFO  server.RaftServerConfigKeys (ConfUtils.java:logGet(44)) - raft.server.write.byte-limit = 1024 M (=1073741824) (custom)
2022-03-02 21:33:32,479 [EventQueue-PipelineReportForPipelineReportHandler] INFO  pipeline.PipelineManagerImpl (PipelineManagerImpl.java:openPipeline(291)) - Pipeline Pipeline[ Id: 05406b00-ca93-4bb6-90f5-f48392e64407, Nodes: ff1229b5-7bf6-42b1-a70d-3d6d5a94de90{ip: 10.1.0.35, host: fv-az294-754.eaanfquahm5ulb5tj050gcxych.jx.internal.cloudapp.net, ports: [REPLICATION=43603, RATIS=32847, RATIS_ADMIN=32847, RATIS_SERVER=32847, STANDALONE=40363], networkLocation: /default-rack, certSerialId: null, persistedOpState: IN_SERVICE, persistedOpStateExpiryEpochSec: 0}39d9f1c0-7130-4277-8a35-add537f65258{ip: 10.1.0.35, host: fv-az294-754.eaanfquahm5ulb5tj050gcxych.jx.internal.cloudapp.net, ports: [REPLICATION=38181, RATIS=33025, RATIS_ADMIN=33025, RATIS_SERVER=33025, STANDALONE=35701], networkLocation: /default-rack, certSerialId: null, persistedOpState: IN_SERVICE, persistedOpStateExpiryEpochSec: 0}269e0ee6-c833-446d-a842-94c77dd867fd{ip: 10.1.0.35, host: fv-az294-754.eaanfquahm5ulb5tj050gcxych.jx.internal.cloudapp.net, ports: [REPLICATION=40569, RATIS=35541, RATIS_ADMIN=35541, RATIS_SERVER=35541, STANDALONE=36115], networkLocation: /default-rack, certSerialId: null, persistedOpState: IN_SERVICE, persistedOpStateExpiryEpochSec: 0}, ReplicationConfig: RATIS/THREE, State:ALLOCATED, leaderId:ff1229b5-7bf6-42b1-a70d-3d6d5a94de90, CreationTimestamp2022-03-02T21:33:19.973Z[Etc/UTC]] moved to OPEN state
2022-03-02 21:33:32,483 [ff1229b5-7bf6-42b1-a70d-3d6d5a94de90@group-F48392E64407-LeaderElection97] INFO  server.RaftServerConfigKeys (ConfUtils.java:logGet(44)) - raft.server.watch.timeout = 3000ms (custom)
2022-03-02 21:33:32,483 [ff1229b5-7bf6-42b1-a70d-3d6d5a94de90@group-F48392E64407-LeaderElection97] INFO  server.RaftServerConfigKeys (ConfUtils.java:logGet(44)) - raft.server.watch.timeout.denomination = 1s (default)
2022-03-02 21:33:32,483 [ff1229b5-7bf6-42b1-a70d-3d6d5a94de90@group-F48392E64407-LeaderElection97] INFO  server.RaftServerConfigKeys (ConfUtils.java:logGet(44)) - raft.server.watch.element-limit = 65536 (default)
2022-03-02 21:33:32,483 [ff1229b5-7bf6-42b1-a70d-3d6d5a94de90@group-F48392E64407-LeaderElection97] INFO  server.RaftServerConfigKeys (ConfUtils.java:logGet(44)) - raft.server.write.element-limit = 1024 (custom)
2022-03-02 21:33:32,483 [ff1229b5-7bf6-42b1-a70d-3d6d5a94de90@group-F48392E64407-LeaderElection97] INFO  server.RaftServerConfigKeys (ConfUtils.java:logGet(44)) - raft.server.write.follower.gap.ratio.max = -1.0 (default)
2022-03-02 21:33:32,483 [ff1229b5-7bf6-42b1-a70d-3d6d5a94de90@group-F48392E64407-LeaderElection97] INFO  server.RaftServerConfigKeys (ConfUtils.java:logGet(44)) - raft.server.log.appender.snapshot.chunk.size.max = 16MB (=16777216) (default)
2022-03-02 21:33:32,483 [ff1229b5-7bf6-42b1-a70d-3d6d5a94de90@group-F48392E64407-LeaderElection97] INFO  server.RaftServerConfigKeys (ConfUtils.java:logGet(44)) - raft.server.log.appender.buffer.byte-limit = 33554432 (custom)
2022-03-02 21:33:32,483 [ff1229b5-7bf6-42b1-a70d-3d6d5a94de90@group-F48392E64407-LeaderElection97] INFO  server.RaftServerConfigKeys (ConfUtils.java:logGet(44)) - raft.server.log.appender.buffer.element-limit = 1 (custom)
2022-03-02 21:33:32,483 [ff1229b5-7bf6-42b1-a70d-3d6d5a94de90@group-F48392E64407-LeaderElection97] INFO  grpc.GrpcConfigKeys (ConfUtils.java:logGet(44)) - raft.grpc.server.leader.outstanding.appends.max = 128 (default)
2022-03-02 21:33:32,486 [ff1229b5-7bf6-42b1-a70d-3d6d5a94de90@group-F48392E64407-LeaderElection97] INFO  server.RaftServerConfigKeys (ConfUtils.java:logGet(44)) - raft.server.rpc.request.timeout = 3000ms (default)
2022-03-02 21:33:32,486 [ff1229b5-7bf6-42b1-a70d-3d6d5a94de90@group-F48392E64407-LeaderElection97] INFO  server.RaftServerConfigKeys (ConfUtils.java:logGet(44)) - raft.server.log.appender.install.snapshot.enabled = false (custom)
2022-03-02 21:33:32,487 [ff1229b5-7bf6-42b1-a70d-3d6d5a94de90@group-F48392E64407-LeaderElection97] INFO  server.RaftServerConfigKeys (ConfUtils.java:logGet(44)) - raft.server.log.appender.snapshot.chunk.size.max = 16MB (=16777216) (default)
2022-03-02 21:33:32,487 [ff1229b5-7bf6-42b1-a70d-3d6d5a94de90@group-F48392E64407-LeaderElection97] INFO  server.RaftServerConfigKeys (ConfUtils.java:logGet(44)) - raft.server.log.appender.buffer.byte-limit = 33554432 (custom)
2022-03-02 21:33:32,487 [ff1229b5-7bf6-42b1-a70d-3d6d5a94de90@group-F48392E64407-LeaderElection97] INFO  server.RaftServerConfigKeys (ConfUtils.java:logGet(44)) - raft.server.log.appender.buffer.element-limit = 1 (custom)
2022-03-02 21:33:32,487 [ff1229b5-7bf6-42b1-a70d-3d6d5a94de90@group-F48392E64407-LeaderElection97] INFO  grpc.GrpcConfigKeys (ConfUtils.java:logGet(44)) - raft.grpc.server.leader.outstanding.appends.max = 128 (default)
2022-03-02 21:33:32,487 [ff1229b5-7bf6-42b1-a70d-3d6d5a94de90@group-F48392E64407-LeaderElection97] INFO  server.RaftServerConfigKeys (ConfUtils.java:logGet(44)) - raft.server.rpc.request.timeout = 3000ms (default)
2022-03-02 21:33:32,487 [ff1229b5-7bf6-42b1-a70d-3d6d5a94de90@group-F48392E64407-LeaderElection97] INFO  server.RaftServerConfigKeys (ConfUtils.java:logGet(44)) - raft.server.log.appender.install.snapshot.enabled = false (custom)
2022-03-02 21:33:32,488 [ff1229b5-7bf6-42b1-a70d-3d6d5a94de90@group-F48392E64407-LeaderElection97] INFO  impl.RoleInfo (RoleInfo.java:updateAndGet(130)) - ff1229b5-7bf6-42b1-a70d-3d6d5a94de90: start ff1229b5-7bf6-42b1-a70d-3d6d5a94de90@group-F48392E64407-LeaderStateImpl
2022-03-02 21:33:32,495 [ff1229b5-7bf6-42b1-a70d-3d6d5a94de90@group-F48392E64407-LeaderElection97] INFO  segmented.SegmentedRaftLogWorker (SegmentedRaftLogWorker.java:startLogSegment(394)) - ff1229b5-7bf6-42b1-a70d-3d6d5a94de90@group-F48392E64407-SegmentedRaftLogWorker: Starting segment from index:0
2022-03-02 21:33:32,503 [ff1229b5-7bf6-42b1-a70d-3d6d5a94de90@group-F48392E64407-SegmentedRaftLogWorker] INFO  segmented.SegmentedRaftLogWorker (SegmentedRaftLogWorker.java:execute(601)) - ff1229b5-7bf6-42b1-a70d-3d6d5a94de90@group-F48392E64407-SegmentedRaftLogWorker: created new log segment /home/runner/work/ozone/ozone/hadoop-ozone/integration-test/target/test-dir/MiniOzoneClusterImpl-f745d883-409d-4598-9a00-e779d9019c18/datanode-5/data/ratis/05406b00-ca93-4bb6-90f5-f48392e64407/current/log_inprogress_0
2022-03-02 21:33:32,543 [grpc-default-executor-2] INFO  server.RaftServer$Division (RaftServerImpl.java:requestVote(1078)) - 269e0ee6-c833-446d-a842-94c77dd867fd@group-F48392E64407 replies to ELECTION vote request: ff1229b5-7bf6-42b1-a70d-3d6d5a94de90<-269e0ee6-c833-446d-a842-94c77dd867fd#0:OK-t2. Peer's state: 269e0ee6-c833-446d-a842-94c77dd867fd@group-F48392E64407:t2, leader=null, voted=ff1229b5-7bf6-42b1-a70d-3d6d5a94de90, raftlog=269e0ee6-c833-446d-a842-94c77dd867fd@group-F48392E64407-SegmentedRaftLog:OPENED:c-1, conf=-1: [269e0ee6-c833-446d-a842-94c77dd867fd|rpc:10.1.0.35:35541|priority:0, 39d9f1c0-7130-4277-8a35-add537f65258|rpc:10.1.0.35:33025|priority:0, ff1229b5-7bf6-42b1-a70d-3d6d5a94de90|rpc:10.1.0.35:32847|priority:1], old=null
2022-03-02 21:33:32,559 [grpc-default-executor-2] INFO  ratis.XceiverServerRatis (XceiverServerRatis.java:handleLeaderChangedNotification(867)) - Leader change notification received for group: group-F48392E64407 with new leaderId: ff1229b5-7bf6-42b1-a70d-3d6d5a94de90
2022-03-02 21:33:32,559 [grpc-default-executor-2] INFO  server.RaftServer$Division (ServerState.java:setLeader(285)) - 39d9f1c0-7130-4277-8a35-add537f65258@group-F48392E64407: change Leader from null to ff1229b5-7bf6-42b1-a70d-3d6d5a94de90 at term 2 for appendEntries, leader elected after 10388ms
2022-03-02 21:33:32,611 [ff1229b5-7bf6-42b1-a70d-3d6d5a94de90@group-F48392E64407-LeaderElection97] INFO  server.RaftServer$Division (ServerState.java:setRaftConf(387)) - ff1229b5-7bf6-42b1-a70d-3d6d5a94de90@group-F48392E64407: set configuration 0: [269e0ee6-c833-446d-a842-94c77dd867fd|rpc:10.1.0.35:35541|dataStream:|priority:0, 39d9f1c0-7130-4277-8a35-add537f65258|rpc:10.1.0.35:33025|dataStream:|priority:0, ff1229b5-7bf6-42b1-a70d-3d6d5a94de90|rpc:10.1.0.35:32847|dataStream:|priority:1], old=null
2022-03-02 21:33:32,612 [grpc-default-executor-5] INFO  ratis.XceiverServerRatis (XceiverServerRatis.java:handleLeaderChangedNotification(867)) - Leader change notification received for group: group-F48392E64407 with new leaderId: ff1229b5-7bf6-42b1-a70d-3d6d5a94de90
2022-03-02 21:33:32,612 [grpc-default-executor-5] INFO  server.RaftServer$Division (ServerState.java:setLeader(285)) - 269e0ee6-c833-446d-a842-94c77dd867fd@group-F48392E64407: change Leader from null to ff1229b5-7bf6-42b1-a70d-3d6d5a94de90 at term 2 for appendEntries, leader elected after 10581ms
2022-03-02 21:33:32,635 [grpc-default-executor-2] INFO  server.RaftServer$Division (ServerState.java:setRaftConf(387)) - 39d9f1c0-7130-4277-8a35-add537f65258@group-F48392E64407: set configuration 0: [269e0ee6-c833-446d-a842-94c77dd867fd|rpc:10.1.0.35:35541|dataStream:|priority:0, 39d9f1c0-7130-4277-8a35-add537f65258|rpc:10.1.0.35:33025|dataStream:|priority:0, ff1229b5-7bf6-42b1-a70d-3d6d5a94de90|rpc:10.1.0.35:32847|dataStream:|priority:1], old=null
2022-03-02 21:33:32,635 [grpc-default-executor-2] INFO  segmented.SegmentedRaftLogWorker (SegmentedRaftLogWorker.java:startLogSegment(394)) - 39d9f1c0-7130-4277-8a35-add537f65258@group-F48392E64407-SegmentedRaftLogWorker: Starting segment from index:0
2022-03-02 21:33:32,652 [grpc-default-executor-2] INFO  server.RaftServer$Division (ServerState.java:setRaftConf(387)) - 269e0ee6-c833-446d-a842-94c77dd867fd@group-F48392E64407: set configuration 0: [269e0ee6-c833-446d-a842-94c77dd867fd|rpc:10.1.0.35:35541|dataStream:|priority:0, 39d9f1c0-7130-4277-8a35-add537f65258|rpc:10.1.0.35:33025|dataStream:|priority:0, ff1229b5-7bf6-42b1-a70d-3d6d5a94de90|rpc:10.1.0.35:32847|dataStream:|priority:1], old=null
2022-03-02 21:33:32,652 [grpc-default-executor-2] INFO  segmented.SegmentedRaftLogWorker (SegmentedRaftLogWorker.java:startLogSegment(394)) - 269e0ee6-c833-446d-a842-94c77dd867fd@group-F48392E64407-SegmentedRaftLogWorker: Starting segment from index:0
2022-03-02 21:33:32,653 [39d9f1c0-7130-4277-8a35-add537f65258@group-F48392E64407-SegmentedRaftLogWorker] INFO  segmented.SegmentedRaftLogWorker (SegmentedRaftLogWorker.java:execute(601)) - 39d9f1c0-7130-4277-8a35-add537f65258@group-F48392E64407-SegmentedRaftLogWorker: created new log segment /home/runner/work/ozone/ozone/hadoop-ozone/integration-test/target/test-dir/MiniOzoneClusterImpl-f745d883-409d-4598-9a00-e779d9019c18/datanode-4/data/ratis/05406b00-ca93-4bb6-90f5-f48392e64407/current/log_inprogress_0
2022-03-02 21:33:32,653 [269e0ee6-c833-446d-a842-94c77dd867fd@group-F48392E64407-SegmentedRaftLogWorker] INFO  segmented.SegmentedRaftLogWorker (SegmentedRaftLogWorker.java:execute(601)) - 269e0ee6-c833-446d-a842-94c77dd867fd@group-F48392E64407-SegmentedRaftLogWorker: created new log segment /home/runner/work/ozone/ozone/hadoop-ozone/integration-test/target/test-dir/MiniOzoneClusterImpl-f745d883-409d-4598-9a00-e779d9019c18/datanode-3/data/ratis/05406b00-ca93-4bb6-90f5-f48392e64407/current/log_inprogress_0
2022-03-02 21:33:32,711 [Listener at 127.0.0.1/33667] INFO  utils.BackgroundService (BackgroundService.java:shutdown(132)) - Shutting down service BlockDeletingService
2022-03-02 21:33:33,029 [grpc-default-executor-2] WARN  server.GrpcLogAppender (LogUtils.java:warn(122)) - ca012516-14dd-42cd-8742-1c9d04d43fd5@group-8EC42998B879->cdd5360e-d849-4e2b-b62b-b70fbd73a7e1-AppendLogResponseHandler: Failed appendEntries: org.apache.ratis.thirdparty.io.grpc.StatusRuntimeException: UNAVAILABLE: io exception
2022-03-02 21:33:33,029 [grpc-default-executor-2] WARN  server.GrpcLogAppender (GrpcLogAppender.java:resetClient(110)) - ca012516-14dd-42cd-8742-1c9d04d43fd5@group-8EC42998B879->cdd5360e-d849-4e2b-b62b-b70fbd73a7e1-GrpcLogAppender: Leader has not got in touch with Follower ca012516-14dd-42cd-8742-1c9d04d43fd5@group-8EC42998B879->cdd5360e-d849-4e2b-b62b-b70fbd73a7e1(c0,m0,n1, attendVote=true, lastRpcSendTime=2582, lastRpcResponseTime=2505) yet, just keep nextIndex unchanged and retry.
2022-03-02 21:33:34,615 [grpc-default-executor-2] WARN  server.GrpcLogAppender (LogUtils.java:warn(122)) - 06306a50-9ba9-4128-94e0-55d591e142a1@group-681CC91BE6DA->cdd5360e-d849-4e2b-b62b-b70fbd73a7e1-AppendLogResponseHandler: Failed appendEntries: org.apache.ratis.thirdparty.io.grpc.StatusRuntimeException: UNAVAILABLE: io exception
2022-03-02 21:33:34,615 [grpc-default-executor-2] WARN  server.GrpcLogAppender (GrpcLogAppender.java:resetClient(110)) - 06306a50-9ba9-4128-94e0-55d591e142a1@group-681CC91BE6DA->cdd5360e-d849-4e2b-b62b-b70fbd73a7e1-GrpcLogAppender: Leader has not got in touch with Follower 06306a50-9ba9-4128-94e0-55d591e142a1@group-681CC91BE6DA->cdd5360e-d849-4e2b-b62b-b70fbd73a7e1(c0,m0,n1, attendVote=true, lastRpcSendTime=2515, lastRpcResponseTime=5031) yet, just keep nextIndex unchanged and retry.
2022-03-02 21:33:35,277 [EventQueue-StaleNodeForStaleNodeHandler] INFO  node.StaleNodeHandler (StaleNodeHandler.java:onMessage(58)) - Datanode cdd5360e-d849-4e2b-b62b-b70fbd73a7e1{ip: 10.1.0.35, host: fv-az294-754.eaanfquahm5ulb5tj050gcxych.jx.internal.cloudapp.net, ports: [REPLICATION=36763, RATIS=36141, RATIS_ADMIN=36141, RATIS_SERVER=36141, STANDALONE=41835], networkLocation: /default-rack, certSerialId: null, persistedOpState: IN_SERVICE, persistedOpStateExpiryEpochSec: 0} moved to stale state. Finalizing its pipelines [PipelineID=53b8311c-2a52-474f-af65-681cc91be6da, PipelineID=8245a83f-df17-4492-b969-8ec42998b879, PipelineID=a5e47bad-4557-4566-987a-33718a808786, PipelineID=9b18829a-a3fc-4ad4-bb5e-2f68aee794c1]
2022-03-02 21:33:35,285 [EventQueue-StaleNodeForStaleNodeHandler] INFO  pipeline.PipelineManagerImpl (PipelineManagerImpl.java:closePipeline(365)) - Pipeline Pipeline[ Id: 53b8311c-2a52-474f-af65-681cc91be6da, Nodes: cdd5360e-d849-4e2b-b62b-b70fbd73a7e1{ip: 10.1.0.35, host: fv-az294-754.eaanfquahm5ulb5tj050gcxych.jx.internal.cloudapp.net, ports: [REPLICATION=36763, RATIS=36141, RATIS_ADMIN=36141, RATIS_SERVER=36141, STANDALONE=41835], networkLocation: /default-rack, certSerialId: null, persistedOpState: IN_SERVICE, persistedOpStateExpiryEpochSec: 0}06306a50-9ba9-4128-94e0-55d591e142a1{ip: 10.1.0.35, host: fv-az294-754.eaanfquahm5ulb5tj050gcxych.jx.internal.cloudapp.net, ports: [REPLICATION=33477, RATIS=42445, RATIS_ADMIN=42445, RATIS_SERVER=42445, STANDALONE=33549], networkLocation: /default-rack, certSerialId: null, persistedOpState: IN_SERVICE, persistedOpStateExpiryEpochSec: 0}ca012516-14dd-42cd-8742-1c9d04d43fd5{ip: 10.1.0.35, host: fv-az294-754.eaanfquahm5ulb5tj050gcxych.jx.internal.cloudapp.net, ports: [REPLICATION=38123, RATIS=34561, RATIS_ADMIN=34561, RATIS_SERVER=34561, STANDALONE=41381], networkLocation: /default-rack, certSerialId: null, persistedOpState: IN_SERVICE, persistedOpStateExpiryEpochSec: 0}, ReplicationConfig: RATIS/THREE, State:OPEN, leaderId:06306a50-9ba9-4128-94e0-55d591e142a1, CreationTimestamp2022-03-02T21:33:17.419Z[Etc/UTC]] moved to CLOSED state
2022-03-02 21:33:35,325 [EventQueue-StaleNodeForStaleNodeHandler] INFO  pipeline.PipelineManagerImpl (PipelineManagerImpl.java:closePipeline(365)) - Pipeline Pipeline[ Id: 8245a83f-df17-4492-b969-8ec42998b879, Nodes: 06306a50-9ba9-4128-94e0-55d591e142a1{ip: 10.1.0.35, host: fv-az294-754.eaanfquahm5ulb5tj050gcxych.jx.internal.cloudapp.net, ports: [REPLICATION=33477, RATIS=42445, RATIS_ADMIN=42445, RATIS_SERVER=42445, STANDALONE=33549], networkLocation: /default-rack, certSerialId: null, persistedOpState: IN_SERVICE, persistedOpStateExpiryEpochSec: 0}ca012516-14dd-42cd-8742-1c9d04d43fd5{ip: 10.1.0.35, host: fv-az294-754.eaanfquahm5ulb5tj050gcxych.jx.internal.cloudapp.net, ports: [REPLICATION=38123, RATIS=34561, RATIS_ADMIN=34561, RATIS_SERVER=34561, STANDALONE=41381], networkLocation: /default-rack, certSerialId: null, persistedOpState: IN_SERVICE, persistedOpStateExpiryEpochSec: 0}cdd5360e-d849-4e2b-b62b-b70fbd73a7e1{ip: 10.1.0.35, host: fv-az294-754.eaanfquahm5ulb5tj050gcxych.jx.internal.cloudapp.net, ports: [REPLICATION=36763, RATIS=36141, RATIS_ADMIN=36141, RATIS_SERVER=36141, STANDALONE=41835], networkLocation: /default-rack, certSerialId: null, persistedOpState: IN_SERVICE, persistedOpStateExpiryEpochSec: 0}, ReplicationConfig: RATIS/THREE, State:OPEN, leaderId:ca012516-14dd-42cd-8742-1c9d04d43fd5, CreationTimestamp2022-03-02T21:33:17.423Z[Etc/UTC]] moved to CLOSED state
2022-03-02 21:33:35,332 [EventQueue-StaleNodeForStaleNodeHandler] INFO  pipeline.PipelineManagerImpl (PipelineManagerImpl.java:closeContainersForPipeline(344)) - Container #1 closed for pipeline=PipelineID=a5e47bad-4557-4566-987a-33718a808786
2022-03-02 21:33:35,338 [EventQueue-StaleNodeForStaleNodeHandler] INFO  pipeline.PipelineManagerImpl (PipelineManagerImpl.java:closePipeline(365)) - Pipeline Pipeline[ Id: a5e47bad-4557-4566-987a-33718a808786, Nodes: cdd5360e-d849-4e2b-b62b-b70fbd73a7e1{ip: 10.1.0.35, host: fv-az294-754.eaanfquahm5ulb5tj050gcxych.jx.internal.cloudapp.net, ports: [REPLICATION=36763, RATIS=36141, RATIS_ADMIN=36141, RATIS_SERVER=36141, STANDALONE=41835], networkLocation: /default-rack, certSerialId: null, persistedOpState: IN_SERVICE, persistedOpStateExpiryEpochSec: 0}, ReplicationConfig: RATIS/ONE, State:OPEN, leaderId:cdd5360e-d849-4e2b-b62b-b70fbd73a7e1, CreationTimestamp2022-03-02T21:33:16.529Z[Etc/UTC]] moved to CLOSED state
2022-03-02 21:33:35,340 [EventQueue-StaleNodeForStaleNodeHandler] INFO  pipeline.PipelineManagerImpl (PipelineManagerImpl.java:closePipeline(365)) - Pipeline Pipeline[ Id: 9b18829a-a3fc-4ad4-bb5e-2f68aee794c1, Nodes: ca012516-14dd-42cd-8742-1c9d04d43fd5{ip: 10.1.0.35, host: fv-az294-754.eaanfquahm5ulb5tj050gcxych.jx.internal.cloudapp.net, ports: [REPLICATION=38123, RATIS=34561, RATIS_ADMIN=34561, RATIS_SERVER=34561, STANDALONE=41381], networkLocation: /default-rack, certSerialId: null, persistedOpState: IN_SERVICE, persistedOpStateExpiryEpochSec: 0}cdd5360e-d849-4e2b-b62b-b70fbd73a7e1{ip: 10.1.0.35, host: fv-az294-754.eaanfquahm5ulb5tj050gcxych.jx.internal.cloudapp.net, ports: [REPLICATION=36763, RATIS=36141, RATIS_ADMIN=36141, RATIS_SERVER=36141, STANDALONE=41835], networkLocation: /default-rack, certSerialId: null, persistedOpState: IN_SERVICE, persistedOpStateExpiryEpochSec: 0}06306a50-9ba9-4128-94e0-55d591e142a1{ip: 10.1.0.35, host: fv-az294-754.eaanfquahm5ulb5tj050gcxych.jx.internal.cloudapp.net, ports: [REPLICATION=33477, RATIS=42445, RATIS_ADMIN=42445, RATIS_SERVER=42445, STANDALONE=33549], networkLocation: /default-rack, certSerialId: null, persistedOpState: IN_SERVICE, persistedOpStateExpiryEpochSec: 0}, ReplicationConfig: RATIS/THREE, State:ALLOCATED, leaderId:, CreationTimestamp2022-03-02T21:33:17.432Z[Etc/UTC]] moved to CLOSED state
2022-03-02 21:33:35,343 [EventQueue-CloseContainerForCloseContainerEventHandler] INFO  container.CloseContainerEventHandler (CloseContainerEventHandler.java:onMessage(69)) - Close container Event triggered for container : #1
2022-03-02 21:33:35,572 [grpc-default-executor-5] WARN  server.GrpcLogAppender (LogUtils.java:warn(122)) - ca012516-14dd-42cd-8742-1c9d04d43fd5@group-8EC42998B879->cdd5360e-d849-4e2b-b62b-b70fbd73a7e1-AppendLogResponseHandler: Failed appendEntries: org.apache.ratis.thirdparty.io.grpc.StatusRuntimeException: UNAVAILABLE: io exception
2022-03-02 21:33:35,572 [grpc-default-executor-5] WARN  server.GrpcLogAppender (GrpcLogAppender.java:resetClient(110)) - ca012516-14dd-42cd-8742-1c9d04d43fd5@group-8EC42998B879->cdd5360e-d849-4e2b-b62b-b70fbd73a7e1-GrpcLogAppender: Leader has not got in touch with Follower ca012516-14dd-42cd-8742-1c9d04d43fd5@group-8EC42998B879->cdd5360e-d849-4e2b-b62b-b70fbd73a7e1(c0,m0,n1, attendVote=true, lastRpcSendTime=2542, lastRpcResponseTime=5048) yet, just keep nextIndex unchanged and retry.
2022-03-02 21:33:35,734 [Listener at 127.0.0.1/33667] INFO  statemachine.DatanodeStateMachine (DatanodeStateMachine.java:stopDaemon(529)) - Ozone container server stopped.
2022-03-02 21:33:35,735 [Listener at 127.0.0.1/33667] INFO  handler.ContextHandler (ContextHandler.java:doStop(1153)) - Stopped o.e.j.w.WebAppContext@90630b5{hddsDatanode,/,null,STOPPED}{jar:file:/home/runner/.m2/repository/org/apache/ozone/hdds-container-service/1.3.0-SNAPSHOT/hdds-container-service-1.3.0-SNAPSHOT.jar!/webapps/hddsDatanode}
2022-03-02 21:33:35,739 [Listener at 127.0.0.1/33667] INFO  server.AbstractConnector (AbstractConnector.java:doStop(381)) - Stopped ServerConnector@759ef0d0{HTTP/1.1, (http/1.1)}{0.0.0.0:0}
2022-03-02 21:33:35,739 [Listener at 127.0.0.1/33667] INFO  server.session (HouseKeeper.java:stopScavenging(149)) - node0 Stopped scavenging
2022-03-02 21:33:35,739 [Listener at 127.0.0.1/33667] INFO  handler.ContextHandler (ContextHandler.java:doStop(1153)) - Stopped o.e.j.s.ServletContextHandler@791a6a2a{static,/static,jar:file:/home/runner/.m2/repository/org/apache/ozone/hdds-container-service/1.3.0-SNAPSHOT/hdds-container-service-1.3.0-SNAPSHOT.jar!/webapps/static,STOPPED}
2022-03-02 21:33:35,739 [Listener at 127.0.0.1/33667] INFO  handler.ContextHandler (ContextHandler.java:doStop(1153)) - Stopped o.e.j.s.ServletContextHandler@31faf741{logs,/logs,file:///home/runner/work/ozone/ozone/hadoop-ozone/integration-test/target/log,STOPPED}
2022-03-02 21:33:37,127 [grpc-default-executor-2] WARN  server.GrpcLogAppender (LogUtils.java:warn(122)) - 06306a50-9ba9-4128-94e0-55d591e142a1@group-681CC91BE6DA->cdd5360e-d849-4e2b-b62b-b70fbd73a7e1-AppendLogResponseHandler: Failed appendEntries: org.apache.ratis.thirdparty.io.grpc.StatusRuntimeException: UNAVAILABLE: io exception
2022-03-02 21:33:37,127 [grpc-default-executor-2] WARN  server.GrpcLogAppender (GrpcLogAppender.java:resetClient(110)) - 06306a50-9ba9-4128-94e0-55d591e142a1@group-681CC91BE6DA->cdd5360e-d849-4e2b-b62b-b70fbd73a7e1-GrpcLogAppender: Leader has not got in touch with Follower 06306a50-9ba9-4128-94e0-55d591e142a1@group-681CC91BE6DA->cdd5360e-d849-4e2b-b62b-b70fbd73a7e1(c0,m0,n1, attendVote=true, lastRpcSendTime=0, lastRpcResponseTime=7543) yet, just keep nextIndex unchanged and retry.
2022-03-02 21:33:37,170 [39d9f1c0-7130-4277-8a35-add537f65258@group-4C98E9F0FD07-FollowerState] INFO  impl.FollowerState (FollowerState.java:run(134)) - 39d9f1c0-7130-4277-8a35-add537f65258@group-4C98E9F0FD07-FollowerState: change to CANDIDATE, lastRpcElapsedTime:5164123235ns, electionTimeout:5121ms
2022-03-02 21:33:37,170 [39d9f1c0-7130-4277-8a35-add537f65258@group-4C98E9F0FD07-FollowerState] INFO  impl.RoleInfo (RoleInfo.java:shutdownFollowerState(108)) - 39d9f1c0-7130-4277-8a35-add537f65258: shutdown 39d9f1c0-7130-4277-8a35-add537f65258@group-4C98E9F0FD07-FollowerState
2022-03-02 21:33:37,170 [39d9f1c0-7130-4277-8a35-add537f65258@group-4C98E9F0FD07-FollowerState] INFO  server.RaftServer$Division (RaftServerImpl.java:setRole(290)) - 39d9f1c0-7130-4277-8a35-add537f65258@group-4C98E9F0FD07: changes role from  FOLLOWER to CANDIDATE at term 2 for changeToCandidate
2022-03-02 21:33:37,170 [39d9f1c0-7130-4277-8a35-add537f65258@group-4C98E9F0FD07-FollowerState] INFO  server.RaftServerConfigKeys (ConfUtils.java:logGet(44)) - raft.server.leaderelection.pre-vote = false (custom)
2022-03-02 21:33:37,170 [39d9f1c0-7130-4277-8a35-add537f65258@group-4C98E9F0FD07-FollowerState] INFO  impl.RoleInfo (RoleInfo.java:updateAndGet(130)) - 39d9f1c0-7130-4277-8a35-add537f65258: start 39d9f1c0-7130-4277-8a35-add537f65258@group-4C98E9F0FD07-LeaderElection98
2022-03-02 21:33:37,243 [ff1229b5-7bf6-42b1-a70d-3d6d5a94de90@group-4C98E9F0FD07-FollowerState] INFO  impl.FollowerState (FollowerState.java:run(134)) - ff1229b5-7bf6-42b1-a70d-3d6d5a94de90@group-4C98E9F0FD07-FollowerState: change to CANDIDATE, lastRpcElapsedTime:5131941175ns, electionTimeout:5120ms
2022-03-02 21:33:37,243 [ff1229b5-7bf6-42b1-a70d-3d6d5a94de90@group-4C98E9F0FD07-FollowerState] INFO  impl.RoleInfo (RoleInfo.java:shutdownFollowerState(108)) - ff1229b5-7bf6-42b1-a70d-3d6d5a94de90: shutdown ff1229b5-7bf6-42b1-a70d-3d6d5a94de90@group-4C98E9F0FD07-FollowerState
2022-03-02 21:33:37,243 [ff1229b5-7bf6-42b1-a70d-3d6d5a94de90@group-4C98E9F0FD07-FollowerState] INFO  server.RaftServer$Division (RaftServerImpl.java:setRole(290)) - ff1229b5-7bf6-42b1-a70d-3d6d5a94de90@group-4C98E9F0FD07: changes role from  FOLLOWER to CANDIDATE at term 2 for changeToCandidate
2022-03-02 21:33:37,243 [ff1229b5-7bf6-42b1-a70d-3d6d5a94de90@group-4C98E9F0FD07-FollowerState] INFO  server.RaftServerConfigKeys (ConfUtils.java:logGet(44)) - raft.server.leaderelection.pre-vote = false (custom)
2022-03-02 21:33:37,243 [ff1229b5-7bf6-42b1-a70d-3d6d5a94de90@group-4C98E9F0FD07-FollowerState] INFO  impl.RoleInfo (RoleInfo.java:updateAndGet(130)) - ff1229b5-7bf6-42b1-a70d-3d6d5a94de90: start ff1229b5-7bf6-42b1-a70d-3d6d5a94de90@group-4C98E9F0FD07-LeaderElection99
2022-03-02 21:33:37,245 [269e0ee6-c833-446d-a842-94c77dd867fd@group-4C98E9F0FD07-FollowerState] INFO  impl.FollowerState (FollowerState.java:run(134)) - 269e0ee6-c833-446d-a842-94c77dd867fd@group-4C98E9F0FD07-FollowerState: change to CANDIDATE, lastRpcElapsedTime:5176059080ns, electionTimeout:5165ms
2022-03-02 21:33:37,245 [269e0ee6-c833-446d-a842-94c77dd867fd@group-4C98E9F0FD07-FollowerState] INFO  impl.RoleInfo (RoleInfo.java:shutdownFollowerState(108)) - 269e0ee6-c833-446d-a842-94c77dd867fd: shutdown 269e0ee6-c833-446d-a842-94c77dd867fd@group-4C98E9F0FD07-FollowerState
2022-03-02 21:33:37,245 [269e0ee6-c833-446d-a842-94c77dd867fd@group-4C98E9F0FD07-FollowerState] INFO  server.RaftServer$Division (RaftServerImpl.java:setRole(290)) - 269e0ee6-c833-446d-a842-94c77dd867fd@group-4C98E9F0FD07: changes role from  FOLLOWER to CANDIDATE at term 2 for changeToCandidate
2022-03-02 21:33:37,255 [269e0ee6-c833-446d-a842-94c77dd867fd@group-4C98E9F0FD07-FollowerState] INFO  server.RaftServerConfigKeys (ConfUtils.java:logGet(44)) - raft.server.leaderelection.pre-vote = false (custom)
2022-03-02 21:33:37,255 [269e0ee6-c833-446d-a842-94c77dd867fd@group-4C98E9F0FD07-FollowerState] INFO  impl.RoleInfo (RoleInfo.java:updateAndGet(130)) - 269e0ee6-c833-446d-a842-94c77dd867fd: start 269e0ee6-c833-446d-a842-94c77dd867fd@group-4C98E9F0FD07-LeaderElection100
2022-03-02 21:33:37,257 [269e0ee6-c833-446d-a842-94c77dd867fd@group-4C98E9F0FD07-LeaderElection100] INFO  impl.LeaderElection (LeaderElection.java:askForVotes(306)) - 269e0ee6-c833-446d-a842-94c77dd867fd@group-4C98E9F0FD07-LeaderElection100 ELECTION round 0: submit vote requests at term 3 for -1: [269e0ee6-c833-446d-a842-94c77dd867fd|rpc:10.1.0.35:35541|priority:0, 39d9f1c0-7130-4277-8a35-add537f65258|rpc:10.1.0.35:33025|priority:1, ff1229b5-7bf6-42b1-a70d-3d6d5a94de90|rpc:10.1.0.35:32847|priority:0], old=null
2022-03-02 21:33:37,263 [grpc-default-executor-5] INFO  server.RaftServer$Division (RaftServerImpl.java:requestVote(1046)) - ff1229b5-7bf6-42b1-a70d-3d6d5a94de90@group-4C98E9F0FD07: receive requestVote(ELECTION, 269e0ee6-c833-446d-a842-94c77dd867fd, group-4C98E9F0FD07, 3, (t:0, i:0))
2022-03-02 21:33:37,263 [grpc-default-executor-5] INFO  impl.VoteContext (VoteContext.java:log(48)) - ff1229b5-7bf6-42b1-a70d-3d6d5a94de90@group-4C98E9F0FD07-CANDIDATE: accept ELECTION from 269e0ee6-c833-446d-a842-94c77dd867fd: our priority 0 <= candidate's priority 0
2022-03-02 21:33:37,263 [grpc-default-executor-5] INFO  server.RaftServer$Division (RaftServerImpl.java:setRole(290)) - ff1229b5-7bf6-42b1-a70d-3d6d5a94de90@group-4C98E9F0FD07: changes role from CANDIDATE to FOLLOWER at term 3 for candidate:269e0ee6-c833-446d-a842-94c77dd867fd
2022-03-02 21:33:37,263 [grpc-default-executor-5] INFO  impl.RoleInfo (RoleInfo.java:shutdownLeaderElection(121)) - ff1229b5-7bf6-42b1-a70d-3d6d5a94de90: shutdown ff1229b5-7bf6-42b1-a70d-3d6d5a94de90@group-4C98E9F0FD07-LeaderElection99
2022-03-02 21:33:37,263 [grpc-default-executor-5] INFO  impl.RoleInfo (RoleInfo.java:updateAndGet(130)) - ff1229b5-7bf6-42b1-a70d-3d6d5a94de90: start ff1229b5-7bf6-42b1-a70d-3d6d5a94de90@group-4C98E9F0FD07-FollowerState
2022-03-02 21:33:37,267 [grpc-default-executor-2] INFO  server.RaftServer$Division (RaftServerImpl.java:requestVote(1046)) - 39d9f1c0-7130-4277-8a35-add537f65258@group-4C98E9F0FD07: receive requestVote(ELECTION, 269e0ee6-c833-446d-a842-94c77dd867fd, group-4C98E9F0FD07, 3, (t:0, i:0))
2022-03-02 21:33:37,295 [ff1229b5-7bf6-42b1-a70d-3d6d5a94de90@group-4C98E9F0FD07-LeaderElection99] INFO  impl.LeaderElection (LeaderElection.java:run(230)) - ff1229b5-7bf6-42b1-a70d-3d6d5a94de90@group-4C98E9F0FD07-LeaderElection99: skip running since this is already CLOSING
2022-03-02 21:33:37,295 [39d9f1c0-7130-4277-8a35-add537f65258@group-4C98E9F0FD07-LeaderElection98] INFO  impl.LeaderElection (LeaderElection.java:askForVotes(306)) - 39d9f1c0-7130-4277-8a35-add537f65258@group-4C98E9F0FD07-LeaderElection98 ELECTION round 0: submit vote requests at term 3 for -1: [269e0ee6-c833-446d-a842-94c77dd867fd|rpc:10.1.0.35:35541|dataStream:|priority:0, 39d9f1c0-7130-4277-8a35-add537f65258|rpc:10.1.0.35:33025|dataStream:|priority:1, ff1229b5-7bf6-42b1-a70d-3d6d5a94de90|rpc:10.1.0.35:32847|dataStream:|priority:0], old=null
2022-03-02 21:33:37,295 [grpc-default-executor-2] INFO  impl.VoteContext (VoteContext.java:log(48)) - 39d9f1c0-7130-4277-8a35-add537f65258@group-4C98E9F0FD07-CANDIDATE: reject ELECTION from 269e0ee6-c833-446d-a842-94c77dd867fd: already has voted for 39d9f1c0-7130-4277-8a35-add537f65258 at current term 3
2022-03-02 21:33:37,295 [grpc-default-executor-2] INFO  server.RaftServer$Division (RaftServerImpl.java:requestVote(1078)) - 39d9f1c0-7130-4277-8a35-add537f65258@group-4C98E9F0FD07 replies to ELECTION vote request: 269e0ee6-c833-446d-a842-94c77dd867fd<-39d9f1c0-7130-4277-8a35-add537f65258#0:FAIL-t3. Peer's state: 39d9f1c0-7130-4277-8a35-add537f65258@group-4C98E9F0FD07:t3, leader=null, voted=39d9f1c0-7130-4277-8a35-add537f65258, raftlog=39d9f1c0-7130-4277-8a35-add537f65258@group-4C98E9F0FD07-SegmentedRaftLog:OPENED:c-1, conf=-1: [269e0ee6-c833-446d-a842-94c77dd867fd|rpc:10.1.0.35:35541|dataStream:|priority:0, 39d9f1c0-7130-4277-8a35-add537f65258|rpc:10.1.0.35:33025|dataStream:|priority:1, ff1229b5-7bf6-42b1-a70d-3d6d5a94de90|rpc:10.1.0.35:32847|dataStream:|priority:0], old=null
2022-03-02 21:33:37,306 [grpc-default-executor-5] INFO  server.RaftServer$Division (RaftServerImpl.java:requestVote(1078)) - ff1229b5-7bf6-42b1-a70d-3d6d5a94de90@group-4C98E9F0FD07 replies to ELECTION vote request: 269e0ee6-c833-446d-a842-94c77dd867fd<-ff1229b5-7bf6-42b1-a70d-3d6d5a94de90#0:OK-t3. Peer's state: ff1229b5-7bf6-42b1-a70d-3d6d5a94de90@group-4C98E9F0FD07:t3, leader=null, voted=269e0ee6-c833-446d-a842-94c77dd867fd, raftlog=ff1229b5-7bf6-42b1-a70d-3d6d5a94de90@group-4C98E9F0FD07-SegmentedRaftLog:OPENED:c-1, conf=-1: [269e0ee6-c833-446d-a842-94c77dd867fd|rpc:10.1.0.35:35541|dataStream:|priority:0, 39d9f1c0-7130-4277-8a35-add537f65258|rpc:10.1.0.35:33025|dataStream:|priority:1, ff1229b5-7bf6-42b1-a70d-3d6d5a94de90|rpc:10.1.0.35:32847|dataStream:|priority:0], old=null
2022-03-02 21:33:37,364 [269e0ee6-c833-446d-a842-94c77dd867fd@group-4C98E9F0FD07-LeaderElection100] INFO  impl.LeaderElection (LeaderElection.java:logAndReturn(89)) - 269e0ee6-c833-446d-a842-94c77dd867fd@group-4C98E9F0FD07-LeaderElection100: ELECTION REJECTED received 1 response(s) and 0 exception(s):
2022-03-02 21:33:37,364 [269e0ee6-c833-446d-a842-94c77dd867fd@group-4C98E9F0FD07-LeaderElection100] INFO  impl.LeaderElection (LeaderElection.java:logAndReturn(93)) -   Response 0: 269e0ee6-c833-446d-a842-94c77dd867fd<-39d9f1c0-7130-4277-8a35-add537f65258#0:FAIL-t3
2022-03-02 21:33:37,364 [269e0ee6-c833-446d-a842-94c77dd867fd@group-4C98E9F0FD07-LeaderElection100] INFO  impl.LeaderElection (LeaderElection.java:askForVotes(308)) - 269e0ee6-c833-446d-a842-94c77dd867fd@group-4C98E9F0FD07-LeaderElection100 ELECTION round 0: result REJECTED
2022-03-02 21:33:37,364 [269e0ee6-c833-446d-a842-94c77dd867fd@group-4C98E9F0FD07-LeaderElection100] INFO  server.RaftServer$Division (RaftServerImpl.java:setRole(290)) - 269e0ee6-c833-446d-a842-94c77dd867fd@group-4C98E9F0FD07: changes role from CANDIDATE to FOLLOWER at term 3 for REJECTED
2022-03-02 21:33:37,364 [269e0ee6-c833-446d-a842-94c77dd867fd@group-4C98E9F0FD07-LeaderElection100] INFO  impl.RoleInfo (RoleInfo.java:shutdownLeaderElection(121)) - 269e0ee6-c833-446d-a842-94c77dd867fd: shutdown 269e0ee6-c833-446d-a842-94c77dd867fd@group-4C98E9F0FD07-LeaderElection100
2022-03-02 21:33:37,364 [269e0ee6-c833-446d-a842-94c77dd867fd@group-4C98E9F0FD07-LeaderElection100] INFO  impl.RoleInfo (RoleInfo.java:updateAndGet(130)) - 269e0ee6-c833-446d-a842-94c77dd867fd: start 269e0ee6-c833-446d-a842-94c77dd867fd@group-4C98E9F0FD07-FollowerState
2022-03-02 21:33:37,365 [grpc-default-executor-2] INFO  server.RaftServer$Division (RaftServerImpl.java:requestVote(1046)) - 269e0ee6-c833-446d-a842-94c77dd867fd@group-4C98E9F0FD07: receive requestVote(ELECTION, 39d9f1c0-7130-4277-8a35-add537f65258, group-4C98E9F0FD07, 3, (t:0, i:0))
2022-03-02 21:33:37,365 [grpc-default-executor-5] INFO  server.RaftServer$Division (RaftServerImpl.java:requestVote(1046)) - ff1229b5-7bf6-42b1-a70d-3d6d5a94de90@group-4C98E9F0FD07: receive requestVote(ELECTION, 39d9f1c0-7130-4277-8a35-add537f65258, group-4C98E9F0FD07, 3, (t:0, i:0))
2022-03-02 21:33:37,365 [grpc-default-executor-5] INFO  impl.VoteContext (VoteContext.java:log(48)) - ff1229b5-7bf6-42b1-a70d-3d6d5a94de90@group-4C98E9F0FD07-FOLLOWER: reject ELECTION from 39d9f1c0-7130-4277-8a35-add537f65258: already has voted for 269e0ee6-c833-446d-a842-94c77dd867fd at current term 3
2022-03-02 21:33:37,365 [grpc-default-executor-5] INFO  server.RaftServer$Division (RaftServerImpl.java:requestVote(1078)) - ff1229b5-7bf6-42b1-a70d-3d6d5a94de90@group-4C98E9F0FD07 replies to ELECTION vote request: 39d9f1c0-7130-4277-8a35-add537f65258<-ff1229b5-7bf6-42b1-a70d-3d6d5a94de90#0:FAIL-t3. Peer's state: ff1229b5-7bf6-42b1-a70d-3d6d5a94de90@group-4C98E9F0FD07:t3, leader=null, voted=269e0ee6-c833-446d-a842-94c77dd867fd, raftlog=ff1229b5-7bf6-42b1-a70d-3d6d5a94de90@group-4C98E9F0FD07-SegmentedRaftLog:OPENED:c-1, conf=-1: [269e0ee6-c833-446d-a842-94c77dd867fd|rpc:10.1.0.35:35541|dataStream:|priority:0, 39d9f1c0-7130-4277-8a35-add537f65258|rpc:10.1.0.35:33025|dataStream:|priority:1, ff1229b5-7bf6-42b1-a70d-3d6d5a94de90|rpc:10.1.0.35:32847|dataStream:|priority:0], old=null
2022-03-02 21:33:37,367 [grpc-default-executor-2] INFO  impl.VoteContext (VoteContext.java:log(48)) - 269e0ee6-c833-446d-a842-94c77dd867fd@group-4C98E9F0FD07-FOLLOWER: reject ELECTION from 39d9f1c0-7130-4277-8a35-add537f65258: already has voted for 269e0ee6-c833-446d-a842-94c77dd867fd at current term 3
2022-03-02 21:33:37,367 [grpc-default-executor-2] INFO  server.RaftServer$Division (RaftServerImpl.java:requestVote(1078)) - 269e0ee6-c833-446d-a842-94c77dd867fd@group-4C98E9F0FD07 replies to ELECTION vote request: 39d9f1c0-7130-4277-8a35-add537f65258<-269e0ee6-c833-446d-a842-94c77dd867fd#0:FAIL-t3. Peer's state: 269e0ee6-c833-446d-a842-94c77dd867fd@group-4C98E9F0FD07:t3, leader=null, voted=269e0ee6-c833-446d-a842-94c77dd867fd, raftlog=269e0ee6-c833-446d-a842-94c77dd867fd@group-4C98E9F0FD07-SegmentedRaftLog:OPENED:c-1, conf=-1: [269e0ee6-c833-446d-a842-94c77dd867fd|rpc:10.1.0.35:35541|priority:0, 39d9f1c0-7130-4277-8a35-add537f65258|rpc:10.1.0.35:33025|priority:1, ff1229b5-7bf6-42b1-a70d-3d6d5a94de90|rpc:10.1.0.35:32847|priority:0], old=null
2022-03-02 21:33:37,368 [39d9f1c0-7130-4277-8a35-add537f65258@group-4C98E9F0FD07-LeaderElection98] INFO  impl.LeaderElection (LeaderElection.java:logAndReturn(89)) - 39d9f1c0-7130-4277-8a35-add537f65258@group-4C98E9F0FD07-LeaderElection98: ELECTION REJECTED received 2 response(s) and 0 exception(s):
2022-03-02 21:33:37,368 [39d9f1c0-7130-4277-8a35-add537f65258@group-4C98E9F0FD07-LeaderElection98] INFO  impl.LeaderElection (LeaderElection.java:logAndReturn(93)) -   Response 0: 39d9f1c0-7130-4277-8a35-add537f65258<-269e0ee6-c833-446d-a842-94c77dd867fd#0:FAIL-t3
2022-03-02 21:33:37,368 [39d9f1c0-7130-4277-8a35-add537f65258@group-4C98E9F0FD07-LeaderElection98] INFO  impl.LeaderElection (LeaderElection.java:logAndReturn(93)) -   Response 1: 39d9f1c0-7130-4277-8a35-add537f65258<-ff1229b5-7bf6-42b1-a70d-3d6d5a94de90#0:FAIL-t3
2022-03-02 21:33:37,368 [39d9f1c0-7130-4277-8a35-add537f65258@group-4C98E9F0FD07-LeaderElection98] INFO  impl.LeaderElection (LeaderElection.java:askForVotes(308)) - 39d9f1c0-7130-4277-8a35-add537f65258@group-4C98E9F0FD07-LeaderElection98 ELECTION round 0: result REJECTED
2022-03-02 21:33:37,368 [39d9f1c0-7130-4277-8a35-add537f65258@group-4C98E9F0FD07-LeaderElection98] INFO  server.RaftServer$Division (RaftServerImpl.java:setRole(290)) - 39d9f1c0-7130-4277-8a35-add537f65258@group-4C98E9F0FD07: changes role from CANDIDATE to FOLLOWER at term 3 for REJECTED
2022-03-02 21:33:37,368 [39d9f1c0-7130-4277-8a35-add537f65258@group-4C98E9F0FD07-LeaderElection98] INFO  impl.RoleInfo (RoleInfo.java:shutdownLeaderElection(121)) - 39d9f1c0-7130-4277-8a35-add537f65258: shutdown 39d9f1c0-7130-4277-8a35-add537f65258@group-4C98E9F0FD07-LeaderElection98
2022-03-02 21:33:37,368 [39d9f1c0-7130-4277-8a35-add537f65258@group-4C98E9F0FD07-LeaderElection98] INFO  impl.RoleInfo (RoleInfo.java:updateAndGet(130)) - 39d9f1c0-7130-4277-8a35-add537f65258: start 39d9f1c0-7130-4277-8a35-add537f65258@group-4C98E9F0FD07-FollowerState
2022-03-02 21:33:38,074 [grpc-default-executor-2] WARN  server.GrpcLogAppender (LogUtils.java:warn(122)) - ca012516-14dd-42cd-8742-1c9d04d43fd5@group-8EC42998B879->cdd5360e-d849-4e2b-b62b-b70fbd73a7e1-AppendLogResponseHandler: Failed appendEntries: org.apache.ratis.thirdparty.io.grpc.StatusRuntimeException: UNAVAILABLE: io exception
2022-03-02 21:33:38,075 [grpc-default-executor-2] WARN  server.GrpcLogAppender (GrpcLogAppender.java:resetClient(110)) - ca012516-14dd-42cd-8742-1c9d04d43fd5@group-8EC42998B879->cdd5360e-d849-4e2b-b62b-b70fbd73a7e1-GrpcLogAppender: Leader has not got in touch with Follower ca012516-14dd-42cd-8742-1c9d04d43fd5@group-8EC42998B879->cdd5360e-d849-4e2b-b62b-b70fbd73a7e1(c0,m0,n1, attendVote=true, lastRpcSendTime=2502, lastRpcResponseTime=7551) yet, just keep nextIndex unchanged and retry.
2022-03-02 21:33:39,673 [grpc-default-executor-5] WARN  server.GrpcLogAppender (LogUtils.java:warn(122)) - 06306a50-9ba9-4128-94e0-55d591e142a1@group-681CC91BE6DA->cdd5360e-d849-4e2b-b62b-b70fbd73a7e1-AppendLogResponseHandler: Failed appendEntries: org.apache.ratis.thirdparty.io.grpc.StatusRuntimeException: UNAVAILABLE: io exception
2022-03-02 21:33:39,673 [grpc-default-executor-5] WARN  server.GrpcLogAppender (GrpcLogAppender.java:resetClient(110)) - 06306a50-9ba9-4128-94e0-55d591e142a1@group-681CC91BE6DA->cdd5360e-d849-4e2b-b62b-b70fbd73a7e1-GrpcLogAppender: Leader has not got in touch with Follower 06306a50-9ba9-4128-94e0-55d591e142a1@group-681CC91BE6DA->cdd5360e-d849-4e2b-b62b-b70fbd73a7e1(c0,m0,n1, attendVote=true, lastRpcSendTime=2, lastRpcResponseTime=10089) yet, just keep nextIndex unchanged and retry.
2022-03-02 21:33:40,363 [06306a50-9ba9-4128-94e0-55d591e142a1@group-2F68AEE794C1-FollowerState] INFO  impl.FollowerState (FollowerState.java:run(134)) - 06306a50-9ba9-4128-94e0-55d591e142a1@group-2F68AEE794C1-FollowerState: change to CANDIDATE, lastRpcElapsedTime:10101978123ns, electionTimeout:5084ms
2022-03-02 21:33:40,363 [06306a50-9ba9-4128-94e0-55d591e142a1@group-2F68AEE794C1-FollowerState] INFO  impl.RoleInfo (RoleInfo.java:shutdownFollowerState(108)) - 06306a50-9ba9-4128-94e0-55d591e142a1: shutdown 06306a50-9ba9-4128-94e0-55d591e142a1@group-2F68AEE794C1-FollowerState
2022-03-02 21:33:40,363 [06306a50-9ba9-4128-94e0-55d591e142a1@group-2F68AEE794C1-FollowerState] INFO  server.RaftServer$Division (RaftServerImpl.java:setRole(290)) - 06306a50-9ba9-4128-94e0-55d591e142a1@group-2F68AEE794C1: changes role from  FOLLOWER to CANDIDATE at term 2 for changeToCandidate
2022-03-02 21:33:40,363 [06306a50-9ba9-4128-94e0-55d591e142a1@group-2F68AEE794C1-FollowerState] INFO  server.RaftServerConfigKeys (ConfUtils.java:logGet(44)) - raft.server.leaderelection.pre-vote = false (custom)
2022-03-02 21:33:40,363 [06306a50-9ba9-4128-94e0-55d591e142a1@group-2F68AEE794C1-FollowerState] INFO  impl.RoleInfo (RoleInfo.java:updateAndGet(130)) - 06306a50-9ba9-4128-94e0-55d591e142a1: start 06306a50-9ba9-4128-94e0-55d591e142a1@group-2F68AEE794C1-LeaderElection101
2022-03-02 21:33:40,391 [06306a50-9ba9-4128-94e0-55d591e142a1@group-2F68AEE794C1-LeaderElection101] INFO  server.RaftServer$Division (ServerState.java:setLeader(285)) - 06306a50-9ba9-4128-94e0-55d591e142a1@group-2F68AEE794C1: change Leader from cdd5360e-d849-4e2b-b62b-b70fbd73a7e1 to null at term 2 for ELECTION
2022-03-02 21:33:40,420 [ca012516-14dd-42cd-8742-1c9d04d43fd5@group-2F68AEE794C1-FollowerState] INFO  impl.FollowerState (FollowerState.java:run(134)) - ca012516-14dd-42cd-8742-1c9d04d43fd5@group-2F68AEE794C1-FollowerState: change to CANDIDATE, lastRpcElapsedTime:9985064125ns, electionTimeout:5069ms
2022-03-02 21:33:40,420 [ca012516-14dd-42cd-8742-1c9d04d43fd5@group-2F68AEE794C1-FollowerState] INFO  impl.RoleInfo (RoleInfo.java:shutdownFollowerState(108)) - ca012516-14dd-42cd-8742-1c9d04d43fd5: shutdown ca012516-14dd-42cd-8742-1c9d04d43fd5@group-2F68AEE794C1-FollowerState
2022-03-02 21:33:40,420 [ca012516-14dd-42cd-8742-1c9d04d43fd5@group-2F68AEE794C1-FollowerState] INFO  server.RaftServer$Division (RaftServerImpl.java:setRole(290)) - ca012516-14dd-42cd-8742-1c9d04d43fd5@group-2F68AEE794C1: changes role from  FOLLOWER to CANDIDATE at term 2 for changeToCandidate
2022-03-02 21:33:40,420 [ca012516-14dd-42cd-8742-1c9d04d43fd5@group-2F68AEE794C1-FollowerState] INFO  server.RaftServerConfigKeys (ConfUtils.java:logGet(44)) - raft.server.leaderelection.pre-vote = false (custom)
2022-03-02 21:33:40,420 [ca012516-14dd-42cd-8742-1c9d04d43fd5@group-2F68AEE794C1-FollowerState] INFO  impl.RoleInfo (RoleInfo.java:updateAndGet(130)) - ca012516-14dd-42cd-8742-1c9d04d43fd5: start ca012516-14dd-42cd-8742-1c9d04d43fd5@group-2F68AEE794C1-LeaderElection102
2022-03-02 21:33:40,421 [06306a50-9ba9-4128-94e0-55d591e142a1@group-2F68AEE794C1-LeaderElection101] INFO  impl.LeaderElection (LeaderElection.java:askForVotes(306)) - 06306a50-9ba9-4128-94e0-55d591e142a1@group-2F68AEE794C1-LeaderElection101 ELECTION round 0: submit vote requests at term 3 for 0: [cdd5360e-d849-4e2b-b62b-b70fbd73a7e1|rpc:10.1.0.35:36141|dataStream:|priority:1, 06306a50-9ba9-4128-94e0-55d591e142a1|rpc:10.1.0.35:42445|dataStream:|priority:0, ca012516-14dd-42cd-8742-1c9d04d43fd5|rpc:10.1.0.35:34561|dataStream:|priority:0], old=null
2022-03-02 21:33:40,467 [ca012516-14dd-42cd-8742-1c9d04d43fd5@group-2F68AEE794C1-LeaderElection102] INFO  server.RaftServer$Division (ServerState.java:setLeader(285)) - ca012516-14dd-42cd-8742-1c9d04d43fd5@group-2F68AEE794C1: change Leader from cdd5360e-d849-4e2b-b62b-b70fbd73a7e1 to null at term 2 for ELECTION
2022-03-02 21:33:40,469 [ca012516-14dd-42cd-8742-1c9d04d43fd5@group-2F68AEE794C1-LeaderElection102] INFO  impl.LeaderElection (LeaderElection.java:askForVotes(306)) - ca012516-14dd-42cd-8742-1c9d04d43fd5@group-2F68AEE794C1-LeaderElection102 ELECTION round 0: submit vote requests at term 3 for 0: [cdd5360e-d849-4e2b-b62b-b70fbd73a7e1|rpc:10.1.0.35:36141|dataStream:|priority:1, 06306a50-9ba9-4128-94e0-55d591e142a1|rpc:10.1.0.35:42445|dataStream:|priority:0, ca012516-14dd-42cd-8742-1c9d04d43fd5|rpc:10.1.0.35:34561|dataStream:|priority:0], old=null
2022-03-02 21:33:40,475 [06306a50-9ba9-4128-94e0-55d591e142a1@group-2F68AEE794C1-LeaderElection101] INFO  impl.LeaderElection (LogUtils.java:infoOrTrace(137)) - 06306a50-9ba9-4128-94e0-55d591e142a1@group-2F68AEE794C1-LeaderElection101 got exception when requesting votes: java.util.concurrent.ExecutionException: org.apache.ratis.thirdparty.io.grpc.StatusRuntimeException: UNAVAILABLE: io exception
2022-03-02 21:33:40,477 [grpc-default-executor-5] INFO  server.RaftServer$Division (RaftServerImpl.java:requestVote(1046)) - ca012516-14dd-42cd-8742-1c9d04d43fd5@group-2F68AEE794C1: receive requestVote(ELECTION, 06306a50-9ba9-4128-94e0-55d591e142a1, group-2F68AEE794C1, 3, (t:2, i:0))
2022-03-02 21:33:40,477 [grpc-default-executor-5] INFO  impl.VoteContext (VoteContext.java:log(48)) - ca012516-14dd-42cd-8742-1c9d04d43fd5@group-2F68AEE794C1-CANDIDATE: reject ELECTION from 06306a50-9ba9-4128-94e0-55d591e142a1: already has voted for ca012516-14dd-42cd-8742-1c9d04d43fd5 at current term 3
2022-03-02 21:33:40,477 [grpc-default-executor-5] INFO  server.RaftServer$Division (RaftServerImpl.java:requestVote(1078)) - ca012516-14dd-42cd-8742-1c9d04d43fd5@group-2F68AEE794C1 replies to ELECTION vote request: 06306a50-9ba9-4128-94e0-55d591e142a1<-ca012516-14dd-42cd-8742-1c9d04d43fd5#0:FAIL-t3. Peer's state: ca012516-14dd-42cd-8742-1c9d04d43fd5@group-2F68AEE794C1:t3, leader=null, voted=ca012516-14dd-42cd-8742-1c9d04d43fd5, raftlog=ca012516-14dd-42cd-8742-1c9d04d43fd5@group-2F68AEE794C1-SegmentedRaftLog:OPENED:c0, conf=0: [cdd5360e-d849-4e2b-b62b-b70fbd73a7e1|rpc:10.1.0.35:36141|dataStream:|priority:1, 06306a50-9ba9-4128-94e0-55d591e142a1|rpc:10.1.0.35:42445|dataStream:|priority:0, ca012516-14dd-42cd-8742-1c9d04d43fd5|rpc:10.1.0.35:34561|dataStream:|priority:0], old=null
2022-03-02 21:33:40,515 [ca012516-14dd-42cd-8742-1c9d04d43fd5@group-2F68AEE794C1-LeaderElection102] INFO  impl.LeaderElection (LogUtils.java:infoOrTrace(137)) - ca012516-14dd-42cd-8742-1c9d04d43fd5@group-2F68AEE794C1-LeaderElection102 got exception when requesting votes: java.util.concurrent.ExecutionException: org.apache.ratis.thirdparty.io.grpc.StatusRuntimeException: UNAVAILABLE: io exception
2022-03-02 21:33:40,524 [grpc-default-executor-2] INFO  server.RaftServer$Division (RaftServerImpl.java:requestVote(1046)) - 06306a50-9ba9-4128-94e0-55d591e142a1@group-2F68AEE794C1: receive requestVote(ELECTION, ca012516-14dd-42cd-8742-1c9d04d43fd5, group-2F68AEE794C1, 3, (t:2, i:0))
2022-03-02 21:33:40,524 [grpc-default-executor-2] INFO  impl.VoteContext (VoteContext.java:log(48)) - 06306a50-9ba9-4128-94e0-55d591e142a1@group-2F68AEE794C1-CANDIDATE: reject ELECTION from ca012516-14dd-42cd-8742-1c9d04d43fd5: already has voted for 06306a50-9ba9-4128-94e0-55d591e142a1 at current term 3
2022-03-02 21:33:40,524 [grpc-default-executor-2] INFO  server.RaftServer$Division (RaftServerImpl.java:requestVote(1078)) - 06306a50-9ba9-4128-94e0-55d591e142a1@group-2F68AEE794C1 replies to ELECTION vote request: ca012516-14dd-42cd-8742-1c9d04d43fd5<-06306a50-9ba9-4128-94e0-55d591e142a1#0:FAIL-t3. Peer's state: 06306a50-9ba9-4128-94e0-55d591e142a1@group-2F68AEE794C1:t3, leader=null, voted=06306a50-9ba9-4128-94e0-55d591e142a1, raftlog=06306a50-9ba9-4128-94e0-55d591e142a1@group-2F68AEE794C1-SegmentedRaftLog:OPENED:c0, conf=0: [cdd5360e-d849-4e2b-b62b-b70fbd73a7e1|rpc:10.1.0.35:36141|dataStream:|priority:1, 06306a50-9ba9-4128-94e0-55d591e142a1|rpc:10.1.0.35:42445|dataStream:|priority:0, ca012516-14dd-42cd-8742-1c9d04d43fd5|rpc:10.1.0.35:34561|dataStream:|priority:0], old=null
2022-03-02 21:33:40,524 [06306a50-9ba9-4128-94e0-55d591e142a1@group-2F68AEE794C1-LeaderElection101] INFO  impl.LeaderElection (LeaderElection.java:logAndReturn(89)) - 06306a50-9ba9-4128-94e0-55d591e142a1@group-2F68AEE794C1-LeaderElection101: ELECTION REJECTED received 1 response(s) and 1 exception(s):
2022-03-02 21:33:40,524 [06306a50-9ba9-4128-94e0-55d591e142a1@group-2F68AEE794C1-LeaderElection101] INFO  impl.LeaderElection (LeaderElection.java:logAndReturn(93)) -   Response 0: 06306a50-9ba9-4128-94e0-55d591e142a1<-ca012516-14dd-42cd-8742-1c9d04d43fd5#0:FAIL-t3
2022-03-02 21:33:40,524 [06306a50-9ba9-4128-94e0-55d591e142a1@group-2F68AEE794C1-LeaderElection101] INFO  impl.LeaderElection (LogUtils.java:infoOrTrace(137)) -   Exception 1: java.util.concurrent.ExecutionException: org.apache.ratis.thirdparty.io.grpc.StatusRuntimeException: UNAVAILABLE: io exception
2022-03-02 21:33:40,524 [06306a50-9ba9-4128-94e0-55d591e142a1@group-2F68AEE794C1-LeaderElection101] INFO  impl.LeaderElection (LeaderElection.java:askForVotes(308)) - 06306a50-9ba9-4128-94e0-55d591e142a1@group-2F68AEE794C1-LeaderElection101 ELECTION round 0: result REJECTED
2022-03-02 21:33:40,525 [06306a50-9ba9-4128-94e0-55d591e142a1@group-2F68AEE794C1-LeaderElection101] INFO  server.RaftServer$Division (RaftServerImpl.java:setRole(290)) - 06306a50-9ba9-4128-94e0-55d591e142a1@group-2F68AEE794C1: changes role from CANDIDATE to FOLLOWER at term 3 for REJECTED
2022-03-02 21:33:40,525 [06306a50-9ba9-4128-94e0-55d591e142a1@group-2F68AEE794C1-LeaderElection101] INFO  impl.RoleInfo (RoleInfo.java:shutdownLeaderElection(121)) - 06306a50-9ba9-4128-94e0-55d591e142a1: shutdown 06306a50-9ba9-4128-94e0-55d591e142a1@group-2F68AEE794C1-LeaderElection101
2022-03-02 21:33:40,525 [06306a50-9ba9-4128-94e0-55d591e142a1@group-2F68AEE794C1-LeaderElection101] INFO  impl.RoleInfo (RoleInfo.java:updateAndGet(130)) - 06306a50-9ba9-4128-94e0-55d591e142a1: start 06306a50-9ba9-4128-94e0-55d591e142a1@group-2F68AEE794C1-FollowerState
2022-03-02 21:33:40,555 [ca012516-14dd-42cd-8742-1c9d04d43fd5@group-2F68AEE794C1-LeaderElection102] INFO  impl.LeaderElection (LeaderElection.java:logAndReturn(89)) - ca012516-14dd-42cd-8742-1c9d04d43fd5@group-2F68AEE794C1-LeaderElection102: ELECTION REJECTED received 1 response(s) and 1 exception(s):
2022-03-02 21:33:40,555 [ca012516-14dd-42cd-8742-1c9d04d43fd5@group-2F68AEE794C1-LeaderElection102] INFO  impl.LeaderElection (LeaderElection.java:logAndReturn(93)) -   Response 0: ca012516-14dd-42cd-8742-1c9d04d43fd5<-06306a50-9ba9-4128-94e0-55d591e142a1#0:FAIL-t3
2022-03-02 21:33:40,555 [ca012516-14dd-42cd-8742-1c9d04d43fd5@group-2F68AEE794C1-LeaderElection102] INFO  impl.LeaderElection (LogUtils.java:infoOrTrace(137)) -   Exception 1: java.util.concurrent.ExecutionException: org.apache.ratis.thirdparty.io.grpc.StatusRuntimeException: UNAVAILABLE: io exception
2022-03-02 21:33:40,555 [ca012516-14dd-42cd-8742-1c9d04d43fd5@group-2F68AEE794C1-LeaderElection102] INFO  impl.LeaderElection (LeaderElection.java:askForVotes(308)) - ca012516-14dd-42cd-8742-1c9d04d43fd5@group-2F68AEE794C1-LeaderElection102 ELECTION round 0: result REJECTED
2022-03-02 21:33:40,555 [ca012516-14dd-42cd-8742-1c9d04d43fd5@group-2F68AEE794C1-LeaderElection102] INFO  server.RaftServer$Division (RaftServerImpl.java:setRole(290)) - ca012516-14dd-42cd-8742-1c9d04d43fd5@group-2F68AEE794C1: changes role from CANDIDATE to FOLLOWER at term 3 for REJECTED
2022-03-02 21:33:40,555 [ca012516-14dd-42cd-8742-1c9d04d43fd5@group-2F68AEE794C1-LeaderElection102] INFO  impl.RoleInfo (RoleInfo.java:shutdownLeaderElection(121)) - ca012516-14dd-42cd-8742-1c9d04d43fd5: shutdown ca012516-14dd-42cd-8742-1c9d04d43fd5@group-2F68AEE794C1-LeaderElection102
2022-03-02 21:33:40,555 [ca012516-14dd-42cd-8742-1c9d04d43fd5@group-2F68AEE794C1-LeaderElection102] INFO  impl.RoleInfo (RoleInfo.java:updateAndGet(130)) - ca012516-14dd-42cd-8742-1c9d04d43fd5: start ca012516-14dd-42cd-8742-1c9d04d43fd5@group-2F68AEE794C1-FollowerState
2022-03-02 21:33:40,587 [grpc-default-executor-5] WARN  server.GrpcLogAppender (LogUtils.java:warn(122)) - ca012516-14dd-42cd-8742-1c9d04d43fd5@group-8EC42998B879->cdd5360e-d849-4e2b-b62b-b70fbd73a7e1-AppendLogResponseHandler: Failed appendEntries: org.apache.ratis.thirdparty.io.grpc.StatusRuntimeException: UNAVAILABLE: io exception
2022-03-02 21:33:40,587 [grpc-default-executor-5] WARN  server.GrpcLogAppender (GrpcLogAppender.java:resetClient(110)) - ca012516-14dd-42cd-8742-1c9d04d43fd5@group-8EC42998B879->cdd5360e-d849-4e2b-b62b-b70fbd73a7e1-GrpcLogAppender: Leader has not got in touch with Follower ca012516-14dd-42cd-8742-1c9d04d43fd5@group-8EC42998B879->cdd5360e-d849-4e2b-b62b-b70fbd73a7e1(c0,m0,n1, attendVote=true, lastRpcSendTime=2505, lastRpcResponseTime=10063) yet, just keep nextIndex unchanged and retry.
2022-03-02 21:33:42,174 [grpc-default-executor-5] WARN  server.GrpcLogAppender (LogUtils.java:warn(122)) - 06306a50-9ba9-4128-94e0-55d591e142a1@group-681CC91BE6DA->cdd5360e-d849-4e2b-b62b-b70fbd73a7e1-AppendLogResponseHandler: Failed appendEntries: org.apache.ratis.thirdparty.io.grpc.StatusRuntimeException: UNAVAILABLE: io exception
2022-03-02 21:33:42,175 [grpc-default-executor-5] WARN  server.GrpcLogAppender (GrpcLogAppender.java:resetClient(110)) - 06306a50-9ba9-4128-94e0-55d591e142a1@group-681CC91BE6DA->cdd5360e-d849-4e2b-b62b-b70fbd73a7e1-GrpcLogAppender: Leader has not got in touch with Follower 06306a50-9ba9-4128-94e0-55d591e142a1@group-681CC91BE6DA->cdd5360e-d849-4e2b-b62b-b70fbd73a7e1(c0,m0,n1, attendVote=true, lastRpcSendTime=2503, lastRpcResponseTime=12590) yet, just keep nextIndex unchanged and retry.
2022-03-02 21:33:42,443 [39d9f1c0-7130-4277-8a35-add537f65258@group-4C98E9F0FD07-FollowerState] INFO  impl.FollowerState (FollowerState.java:run(134)) - 39d9f1c0-7130-4277-8a35-add537f65258@group-4C98E9F0FD07-FollowerState: change to CANDIDATE, lastRpcElapsedTime:5074585058ns, electionTimeout:5068ms
2022-03-02 21:33:42,443 [39d9f1c0-7130-4277-8a35-add537f65258@group-4C98E9F0FD07-FollowerState] INFO  impl.RoleInfo (RoleInfo.java:shutdownFollowerState(108)) - 39d9f1c0-7130-4277-8a35-add537f65258: shutdown 39d9f1c0-7130-4277-8a35-add537f65258@group-4C98E9F0FD07-FollowerState
2022-03-02 21:33:42,443 [39d9f1c0-7130-4277-8a35-add537f65258@group-4C98E9F0FD07-FollowerState] INFO  server.RaftServer$Division (RaftServerImpl.java:setRole(290)) - 39d9f1c0-7130-4277-8a35-add537f65258@group-4C98E9F0FD07: changes role from  FOLLOWER to CANDIDATE at term 3 for changeToCandidate
2022-03-02 21:33:42,443 [39d9f1c0-7130-4277-8a35-add537f65258@group-4C98E9F0FD07-FollowerState] INFO  server.RaftServerConfigKeys (ConfUtils.java:logGet(44)) - raft.server.leaderelection.pre-vote = false (custom)
2022-03-02 21:33:42,443 [39d9f1c0-7130-4277-8a35-add537f65258@group-4C98E9F0FD07-FollowerState] INFO  impl.RoleInfo (RoleInfo.java:updateAndGet(130)) - 39d9f1c0-7130-4277-8a35-add537f65258: start 39d9f1c0-7130-4277-8a35-add537f65258@group-4C98E9F0FD07-LeaderElection103
2022-03-02 21:33:42,495 [39d9f1c0-7130-4277-8a35-add537f65258@group-4C98E9F0FD07-LeaderElection103] INFO  impl.LeaderElection (LeaderElection.java:askForVotes(306)) - 39d9f1c0-7130-4277-8a35-add537f65258@group-4C98E9F0FD07-LeaderElection103 ELECTION round 0: submit vote requests at term 4 for -1: [269e0ee6-c833-446d-a842-94c77dd867fd|rpc:10.1.0.35:35541|dataStream:|priority:0, 39d9f1c0-7130-4277-8a35-add537f65258|rpc:10.1.0.35:33025|dataStream:|priority:1, ff1229b5-7bf6-42b1-a70d-3d6d5a94de90|rpc:10.1.0.35:32847|dataStream:|priority:0], old=null
2022-03-02 21:33:42,512 [grpc-default-executor-5] INFO  server.RaftServer$Division (RaftServerImpl.java:requestVote(1046)) - 269e0ee6-c833-446d-a842-94c77dd867fd@group-4C98E9F0FD07: receive requestVote(ELECTION, 39d9f1c0-7130-4277-8a35-add537f65258, group-4C98E9F0FD07, 4, (t:0, i:0))
2022-03-02 21:33:42,513 [grpc-default-executor-5] INFO  impl.VoteContext (VoteContext.java:log(48)) - 269e0ee6-c833-446d-a842-94c77dd867fd@group-4C98E9F0FD07-FOLLOWER: accept ELECTION from 39d9f1c0-7130-4277-8a35-add537f65258: our priority 0 <= candidate's priority 1
2022-03-02 21:33:42,513 [grpc-default-executor-5] INFO  server.RaftServer$Division (RaftServerImpl.java:setRole(290)) - 269e0ee6-c833-446d-a842-94c77dd867fd@group-4C98E9F0FD07: changes role from  FOLLOWER to FOLLOWER at term 4 for candidate:39d9f1c0-7130-4277-8a35-add537f65258
2022-03-02 21:33:42,513 [grpc-default-executor-5] INFO  impl.RoleInfo (RoleInfo.java:shutdownFollowerState(108)) - 269e0ee6-c833-446d-a842-94c77dd867fd: shutdown 269e0ee6-c833-446d-a842-94c77dd867fd@group-4C98E9F0FD07-FollowerState
2022-03-02 21:33:42,525 [269e0ee6-c833-446d-a842-94c77dd867fd@group-4C98E9F0FD07-FollowerState] INFO  impl.FollowerState (FollowerState.java:run(127)) - 269e0ee6-c833-446d-a842-94c77dd867fd@group-4C98E9F0FD07-FollowerState: Stopping now (isRunning? false, isFollower? true)
2022-03-02 21:33:42,544 [grpc-default-executor-5] INFO  impl.RoleInfo (RoleInfo.java:updateAndGet(130)) - 269e0ee6-c833-446d-a842-94c77dd867fd: start 269e0ee6-c833-446d-a842-94c77dd867fd@group-4C98E9F0FD07-FollowerState
2022-03-02 21:33:42,555 [grpc-default-executor-5] INFO  server.RaftServer$Division (RaftServerImpl.java:requestVote(1078)) - 269e0ee6-c833-446d-a842-94c77dd867fd@group-4C98E9F0FD07 replies to ELECTION vote request: 39d9f1c0-7130-4277-8a35-add537f65258<-269e0ee6-c833-446d-a842-94c77dd867fd#0:OK-t4. Peer's state: 269e0ee6-c833-446d-a842-94c77dd867fd@group-4C98E9F0FD07:t4, leader=null, voted=39d9f1c0-7130-4277-8a35-add537f65258, raftlog=269e0ee6-c833-446d-a842-94c77dd867fd@group-4C98E9F0FD07-SegmentedRaftLog:OPENED:c-1, conf=-1: [269e0ee6-c833-446d-a842-94c77dd867fd|rpc:10.1.0.35:35541|priority:0, 39d9f1c0-7130-4277-8a35-add537f65258|rpc:10.1.0.35:33025|priority:1, ff1229b5-7bf6-42b1-a70d-3d6d5a94de90|rpc:10.1.0.35:32847|priority:0], old=null
2022-03-02 21:33:42,555 [39d9f1c0-7130-4277-8a35-add537f65258@group-4C98E9F0FD07-LeaderElection103] INFO  impl.LeaderElection (LeaderElection.java:logAndReturn(89)) - 39d9f1c0-7130-4277-8a35-add537f65258@group-4C98E9F0FD07-LeaderElection103: ELECTION PASSED received 1 response(s) and 0 exception(s):
2022-03-02 21:33:42,556 [39d9f1c0-7130-4277-8a35-add537f65258@group-4C98E9F0FD07-LeaderElection103] INFO  impl.LeaderElection (LeaderElection.java:logAndReturn(93)) -   Response 0: 39d9f1c0-7130-4277-8a35-add537f65258<-269e0ee6-c833-446d-a842-94c77dd867fd#0:OK-t4
2022-03-02 21:33:42,556 [39d9f1c0-7130-4277-8a35-add537f65258@group-4C98E9F0FD07-LeaderElection103] INFO  impl.LeaderElection (LeaderElection.java:askForVotes(308)) - 39d9f1c0-7130-4277-8a35-add537f65258@group-4C98E9F0FD07-LeaderElection103 ELECTION round 0: result PASSED
2022-03-02 21:33:42,556 [39d9f1c0-7130-4277-8a35-add537f65258@group-4C98E9F0FD07-LeaderElection103] INFO  impl.RoleInfo (RoleInfo.java:shutdownLeaderElection(121)) - 39d9f1c0-7130-4277-8a35-add537f65258: shutdown 39d9f1c0-7130-4277-8a35-add537f65258@group-4C98E9F0FD07-LeaderElection103
2022-03-02 21:33:42,556 [39d9f1c0-7130-4277-8a35-add537f65258@group-4C98E9F0FD07-LeaderElection103] INFO  server.RaftServer$Division (RaftServerImpl.java:setRole(290)) - 39d9f1c0-7130-4277-8a35-add537f65258@group-4C98E9F0FD07: changes role from CANDIDATE to LEADER at term 4 for changeToLeader
2022-03-02 21:33:42,556 [39d9f1c0-7130-4277-8a35-add537f65258@group-4C98E9F0FD07-LeaderElection103] INFO  ratis.XceiverServerRatis (XceiverServerRatis.java:handleLeaderChangedNotification(867)) - Leader change notification received for group: group-4C98E9F0FD07 with new leaderId: 39d9f1c0-7130-4277-8a35-add537f65258
2022-03-02 21:33:42,556 [39d9f1c0-7130-4277-8a35-add537f65258@group-4C98E9F0FD07-LeaderElection103] INFO  server.RaftServer$Division (ServerState.java:setLeader(285)) - 39d9f1c0-7130-4277-8a35-add537f65258@group-4C98E9F0FD07: change Leader from null to 39d9f1c0-7130-4277-8a35-add537f65258 at term 4 for becomeLeader, leader elected after 20624ms
2022-03-02 21:33:42,556 [39d9f1c0-7130-4277-8a35-add537f65258@group-4C98E9F0FD07-LeaderElection103] INFO  server.RaftServerConfigKeys (ConfUtils.java:logGet(44)) - raft.server.staging.catchup.gap = 1000 (default)
2022-03-02 21:33:42,556 [39d9f1c0-7130-4277-8a35-add537f65258@group-4C98E9F0FD07-LeaderElection103] INFO  server.RaftServerConfigKeys (ConfUtils.java:logGet(44)) - raft.server.write.element-limit = 1024 (custom)
2022-03-02 21:33:42,556 [39d9f1c0-7130-4277-8a35-add537f65258@group-4C98E9F0FD07-LeaderElection103] INFO  server.RaftServerConfigKeys (ConfUtils.java:logGet(44)) - raft.server.write.byte-limit = 1024 M (=1073741824) (custom)
2022-03-02 21:33:42,556 [39d9f1c0-7130-4277-8a35-add537f65258@group-4C98E9F0FD07-LeaderElection103] INFO  server.RaftServerConfigKeys (ConfUtils.java:logGet(44)) - raft.server.watch.timeout = 3000ms (custom)
2022-03-02 21:33:42,556 [39d9f1c0-7130-4277-8a35-add537f65258@group-4C98E9F0FD07-LeaderElection103] INFO  server.RaftServerConfigKeys (ConfUtils.java:logGet(44)) - raft.server.watch.timeout.denomination = 1s (default)
2022-03-02 21:33:42,556 [39d9f1c0-7130-4277-8a35-add537f65258@group-4C98E9F0FD07-LeaderElection103] INFO  server.RaftServerConfigKeys (ConfUtils.java:logGet(44)) - raft.server.watch.element-limit = 65536 (default)
2022-03-02 21:33:42,556 [39d9f1c0-7130-4277-8a35-add537f65258@group-4C98E9F0FD07-LeaderElection103] INFO  server.RaftServerConfigKeys (ConfUtils.java:logGet(44)) - raft.server.write.element-limit = 1024 (custom)
2022-03-02 21:33:42,557 [39d9f1c0-7130-4277-8a35-add537f65258@group-4C98E9F0FD07-LeaderElection103] INFO  server.RaftServerConfigKeys (ConfUtils.java:logGet(44)) - raft.server.write.follower.gap.ratio.max = -1.0 (default)
2022-03-02 21:33:42,557 [39d9f1c0-7130-4277-8a35-add537f65258@group-4C98E9F0FD07-LeaderElection103] INFO  server.RaftServerConfigKeys (ConfUtils.java:logGet(44)) - raft.server.log.appender.snapshot.chunk.size.max = 16MB (=16777216) (default)
2022-03-02 21:33:42,557 [39d9f1c0-7130-4277-8a35-add537f65258@group-4C98E9F0FD07-LeaderElection103] INFO  server.RaftServerConfigKeys (ConfUtils.java:logGet(44)) - raft.server.log.appender.buffer.byte-limit = 33554432 (custom)
2022-03-02 21:33:42,557 [39d9f1c0-7130-4277-8a35-add537f65258@group-4C98E9F0FD07-LeaderElection103] INFO  server.RaftServerConfigKeys (ConfUtils.java:logGet(44)) - raft.server.log.appender.buffer.element-limit = 1 (custom)
2022-03-02 21:33:42,557 [39d9f1c0-7130-4277-8a35-add537f65258@group-4C98E9F0FD07-LeaderElection103] INFO  grpc.GrpcConfigKeys (ConfUtils.java:logGet(44)) - raft.grpc.server.leader.outstanding.appends.max = 128 (default)
2022-03-02 21:33:42,557 [39d9f1c0-7130-4277-8a35-add537f65258@group-4C98E9F0FD07-LeaderElection103] INFO  server.RaftServerConfigKeys (ConfUtils.java:logGet(44)) - raft.server.rpc.request.timeout = 3000ms (default)
2022-03-02 21:33:42,557 [39d9f1c0-7130-4277-8a35-add537f65258@group-4C98E9F0FD07-LeaderElection103] INFO  server.RaftServerConfigKeys (ConfUtils.java:logGet(44)) - raft.server.log.appender.install.snapshot.enabled = false (custom)
2022-03-02 21:33:42,558 [39d9f1c0-7130-4277-8a35-add537f65258@group-4C98E9F0FD07-LeaderElection103] INFO  server.RaftServerConfigKeys (ConfUtils.java:logGet(44)) - raft.server.log.appender.snapshot.chunk.size.max = 16MB (=16777216) (default)
2022-03-02 21:33:42,558 [39d9f1c0-7130-4277-8a35-add537f65258@group-4C98E9F0FD07-LeaderElection103] INFO  server.RaftServerConfigKeys (ConfUtils.java:logGet(44)) - raft.server.log.appender.buffer.byte-limit = 33554432 (custom)
2022-03-02 21:33:42,558 [39d9f1c0-7130-4277-8a35-add537f65258@group-4C98E9F0FD07-LeaderElection103] INFO  server.RaftServerConfigKeys (ConfUtils.java:logGet(44)) - raft.server.log.appender.buffer.element-limit = 1 (custom)
2022-03-02 21:33:42,558 [39d9f1c0-7130-4277-8a35-add537f65258@group-4C98E9F0FD07-LeaderElection103] INFO  grpc.GrpcConfigKeys (ConfUtils.java:logGet(44)) - raft.grpc.server.leader.outstanding.appends.max = 128 (default)
2022-03-02 21:33:42,558 [39d9f1c0-7130-4277-8a35-add537f65258@group-4C98E9F0FD07-LeaderElection103] INFO  server.RaftServerConfigKeys (ConfUtils.java:logGet(44)) - raft.server.rpc.request.timeout = 3000ms (default)
2022-03-02 21:33:42,558 [39d9f1c0-7130-4277-8a35-add537f65258@group-4C98E9F0FD07-LeaderElection103] INFO  server.RaftServerConfigKeys (ConfUtils.java:logGet(44)) - raft.server.log.appender.install.snapshot.enabled = false (custom)
2022-03-02 21:33:42,559 [EventQueue-PipelineReportForPipelineReportHandler] INFO  pipeline.PipelineManagerImpl (PipelineManagerImpl.java:openPipeline(291)) - Pipeline Pipeline[ Id: 7222150f-7630-4924-8d62-4c98e9f0fd07, Nodes: ff1229b5-7bf6-42b1-a70d-3d6d5a94de90{ip: 10.1.0.35, host: fv-az294-754.eaanfquahm5ulb5tj050gcxych.jx.internal.cloudapp.net, ports: [REPLICATION=43603, RATIS=32847, RATIS_ADMIN=32847, RATIS_SERVER=32847, STANDALONE=40363], networkLocation: /default-rack, certSerialId: null, persistedOpState: IN_SERVICE, persistedOpStateExpiryEpochSec: 0}269e0ee6-c833-446d-a842-94c77dd867fd{ip: 10.1.0.35, host: fv-az294-754.eaanfquahm5ulb5tj050gcxych.jx.internal.cloudapp.net, ports: [REPLICATION=40569, RATIS=35541, RATIS_ADMIN=35541, RATIS_SERVER=35541, STANDALONE=36115], networkLocation: /default-rack, certSerialId: null, persistedOpState: IN_SERVICE, persistedOpStateExpiryEpochSec: 0}39d9f1c0-7130-4277-8a35-add537f65258{ip: 10.1.0.35, host: fv-az294-754.eaanfquahm5ulb5tj050gcxych.jx.internal.cloudapp.net, ports: [REPLICATION=38181, RATIS=33025, RATIS_ADMIN=33025, RATIS_SERVER=33025, STANDALONE=35701], networkLocation: /default-rack, certSerialId: null, persistedOpState: IN_SERVICE, persistedOpStateExpiryEpochSec: 0}, ReplicationConfig: RATIS/THREE, State:ALLOCATED, leaderId:39d9f1c0-7130-4277-8a35-add537f65258, CreationTimestamp2022-03-02T21:33:19.967Z[Etc/UTC]] moved to OPEN state
2022-03-02 21:33:42,561 [39d9f1c0-7130-4277-8a35-add537f65258@group-4C98E9F0FD07-LeaderElection103] INFO  impl.RoleInfo (RoleInfo.java:updateAndGet(130)) - 39d9f1c0-7130-4277-8a35-add537f65258: start 39d9f1c0-7130-4277-8a35-add537f65258@group-4C98E9F0FD07-LeaderStateImpl
2022-03-02 21:33:42,589 [39d9f1c0-7130-4277-8a35-add537f65258@group-4C98E9F0FD07-LeaderElection103] INFO  segmented.SegmentedRaftLogWorker (SegmentedRaftLogWorker.java:startLogSegment(394)) - 39d9f1c0-7130-4277-8a35-add537f65258@group-4C98E9F0FD07-SegmentedRaftLogWorker: Starting segment from index:0
2022-03-02 21:33:42,601 [39d9f1c0-7130-4277-8a35-add537f65258@group-4C98E9F0FD07-SegmentedRaftLogWorker] INFO  segmented.SegmentedRaftLogWorker (SegmentedRaftLogWorker.java:execute(601)) - 39d9f1c0-7130-4277-8a35-add537f65258@group-4C98E9F0FD07-SegmentedRaftLogWorker: created new log segment /home/runner/work/ozone/ozone/hadoop-ozone/integration-test/target/test-dir/MiniOzoneClusterImpl-f745d883-409d-4598-9a00-e779d9019c18/datanode-4/data/ratis/7222150f-7630-4924-8d62-4c98e9f0fd07/current/log_inprogress_0
2022-03-02 21:33:42,605 [grpc-default-executor-5] INFO  server.RaftServer$Division (RaftServerImpl.java:requestVote(1046)) - ff1229b5-7bf6-42b1-a70d-3d6d5a94de90@group-4C98E9F0FD07: receive requestVote(ELECTION, 39d9f1c0-7130-4277-8a35-add537f65258, group-4C98E9F0FD07, 4, (t:0, i:0))
2022-03-02 21:33:42,605 [grpc-default-executor-5] INFO  impl.VoteContext (VoteContext.java:log(48)) - ff1229b5-7bf6-42b1-a70d-3d6d5a94de90@group-4C98E9F0FD07-FOLLOWER: accept ELECTION from 39d9f1c0-7130-4277-8a35-add537f65258: our priority 0 <= candidate's priority 1
2022-03-02 21:33:42,605 [grpc-default-executor-5] INFO  server.RaftServer$Division (RaftServerImpl.java:setRole(290)) - ff1229b5-7bf6-42b1-a70d-3d6d5a94de90@group-4C98E9F0FD07: changes role from  FOLLOWER to FOLLOWER at term 4 for candidate:39d9f1c0-7130-4277-8a35-add537f65258
2022-03-02 21:33:42,605 [grpc-default-executor-5] INFO  impl.RoleInfo (RoleInfo.java:shutdownFollowerState(108)) - ff1229b5-7bf6-42b1-a70d-3d6d5a94de90: shutdown ff1229b5-7bf6-42b1-a70d-3d6d5a94de90@group-4C98E9F0FD07-FollowerState
2022-03-02 21:33:42,606 [grpc-default-executor-5] INFO  impl.RoleInfo (RoleInfo.java:updateAndGet(130)) - ff1229b5-7bf6-42b1-a70d-3d6d5a94de90: start ff1229b5-7bf6-42b1-a70d-3d6d5a94de90@group-4C98E9F0FD07-FollowerState
2022-03-02 21:33:42,606 [ff1229b5-7bf6-42b1-a70d-3d6d5a94de90@group-4C98E9F0FD07-FollowerState] INFO  impl.FollowerState (FollowerState.java:run(143)) - ff1229b5-7bf6-42b1-a70d-3d6d5a94de90@group-4C98E9F0FD07-FollowerState was interrupted: {}
java.lang.InterruptedException: sleep interrupted
	at java.lang.Thread.sleep(Native Method)
	at java.lang.Thread.sleep(Thread.java:342)
	at java.util.concurrent.TimeUnit.sleep(TimeUnit.java:386)
	at org.apache.ratis.util.TimeDuration.sleep(TimeDuration.java:324)
	at org.apache.ratis.util.TimeDuration.sleep(TimeDuration.java:309)
	at org.apache.ratis.server.impl.FollowerState.run(FollowerState.java:118)
2022-03-02 21:33:42,645 [grpc-default-executor-5] INFO  server.RaftServer$Division (RaftServerImpl.java:requestVote(1078)) - ff1229b5-7bf6-42b1-a70d-3d6d5a94de90@group-4C98E9F0FD07 replies to ELECTION vote request: 39d9f1c0-7130-4277-8a35-add537f65258<-ff1229b5-7bf6-42b1-a70d-3d6d5a94de90#0:OK-t4. Peer's state: ff1229b5-7bf6-42b1-a70d-3d6d5a94de90@group-4C98E9F0FD07:t4, leader=null, voted=39d9f1c0-7130-4277-8a35-add537f65258, raftlog=ff1229b5-7bf6-42b1-a70d-3d6d5a94de90@group-4C98E9F0FD07-SegmentedRaftLog:OPENED:c-1, conf=-1: [269e0ee6-c833-446d-a842-94c77dd867fd|rpc:10.1.0.35:35541|dataStream:|priority:0, 39d9f1c0-7130-4277-8a35-add537f65258|rpc:10.1.0.35:33025|dataStream:|priority:1, ff1229b5-7bf6-42b1-a70d-3d6d5a94de90|rpc:10.1.0.35:32847|dataStream:|priority:0], old=null
2022-03-02 21:33:42,659 [grpc-default-executor-5] INFO  ratis.XceiverServerRatis (XceiverServerRatis.java:handleLeaderChangedNotification(867)) - Leader change notification received for group: group-4C98E9F0FD07 with new leaderId: 39d9f1c0-7130-4277-8a35-add537f65258
2022-03-02 21:33:42,659 [grpc-default-executor-5] INFO  server.RaftServer$Division (ServerState.java:setLeader(285)) - ff1229b5-7bf6-42b1-a70d-3d6d5a94de90@group-4C98E9F0FD07: change Leader from null to 39d9f1c0-7130-4277-8a35-add537f65258 at term 4 for appendEntries, leader elected after 20987ms
2022-03-02 21:33:42,705 [39d9f1c0-7130-4277-8a35-add537f65258@group-4C98E9F0FD07-LeaderElection103] INFO  server.RaftServer$Division (ServerState.java:setRaftConf(387)) - 39d9f1c0-7130-4277-8a35-add537f65258@group-4C98E9F0FD07: set configuration 0: [269e0ee6-c833-446d-a842-94c77dd867fd|rpc:10.1.0.35:35541|dataStream:|priority:0, 39d9f1c0-7130-4277-8a35-add537f65258|rpc:10.1.0.35:33025|dataStream:|priority:1, ff1229b5-7bf6-42b1-a70d-3d6d5a94de90|rpc:10.1.0.35:32847|dataStream:|priority:0], old=null
2022-03-02 21:33:42,738 [grpc-default-executor-6] INFO  ratis.XceiverServerRatis (XceiverServerRatis.java:handleLeaderChangedNotification(867)) - Leader change notification received for group: group-4C98E9F0FD07 with new leaderId: 39d9f1c0-7130-4277-8a35-add537f65258
2022-03-02 21:33:42,738 [grpc-default-executor-6] INFO  server.RaftServer$Division (ServerState.java:setLeader(285)) - 269e0ee6-c833-446d-a842-94c77dd867fd@group-4C98E9F0FD07: change Leader from null to 39d9f1c0-7130-4277-8a35-add537f65258 at term 4 for appendEntries, leader elected after 21178ms
2022-03-02 21:33:42,739 [grpc-default-executor-5] INFO  server.RaftServer$Division (ServerState.java:setRaftConf(387)) - ff1229b5-7bf6-42b1-a70d-3d6d5a94de90@group-4C98E9F0FD07: set configuration 0: [269e0ee6-c833-446d-a842-94c77dd867fd|rpc:10.1.0.35:35541|dataStream:|priority:0, 39d9f1c0-7130-4277-8a35-add537f65258|rpc:10.1.0.35:33025|dataStream:|priority:1, ff1229b5-7bf6-42b1-a70d-3d6d5a94de90|rpc:10.1.0.35:32847|dataStream:|priority:0], old=null
2022-03-02 21:33:42,739 [grpc-default-executor-5] INFO  segmented.SegmentedRaftLogWorker (SegmentedRaftLogWorker.java:startLogSegment(394)) - ff1229b5-7bf6-42b1-a70d-3d6d5a94de90@group-4C98E9F0FD07-SegmentedRaftLogWorker: Starting segment from index:0
2022-03-02 21:33:42,767 [grpc-default-executor-6] INFO  server.RaftServer$Division (ServerState.java:setRaftConf(387)) - 269e0ee6-c833-446d-a842-94c77dd867fd@group-4C98E9F0FD07: set configuration 0: [269e0ee6-c833-446d-a842-94c77dd867fd|rpc:10.1.0.35:35541|dataStream:|priority:0, 39d9f1c0-7130-4277-8a35-add537f65258|rpc:10.1.0.35:33025|dataStream:|priority:1, ff1229b5-7bf6-42b1-a70d-3d6d5a94de90|rpc:10.1.0.35:32847|dataStream:|priority:0], old=null
2022-03-02 21:33:42,768 [grpc-default-executor-6] INFO  segmented.SegmentedRaftLogWorker (SegmentedRaftLogWorker.java:startLogSegment(394)) - 269e0ee6-c833-446d-a842-94c77dd867fd@group-4C98E9F0FD07-SegmentedRaftLogWorker: Starting segment from index:0
2022-03-02 21:33:42,775 [269e0ee6-c833-446d-a842-94c77dd867fd@group-4C98E9F0FD07-SegmentedRaftLogWorker] INFO  segmented.SegmentedRaftLogWorker (SegmentedRaftLogWorker.java:execute(601)) - 269e0ee6-c833-446d-a842-94c77dd867fd@group-4C98E9F0FD07-SegmentedRaftLogWorker: created new log segment /home/runner/work/ozone/ozone/hadoop-ozone/integration-test/target/test-dir/MiniOzoneClusterImpl-f745d883-409d-4598-9a00-e779d9019c18/datanode-3/data/ratis/7222150f-7630-4924-8d62-4c98e9f0fd07/current/log_inprogress_0
2022-03-02 21:33:42,776 [ff1229b5-7bf6-42b1-a70d-3d6d5a94de90@group-4C98E9F0FD07-SegmentedRaftLogWorker] INFO  segmented.SegmentedRaftLogWorker (SegmentedRaftLogWorker.java:execute(601)) - ff1229b5-7bf6-42b1-a70d-3d6d5a94de90@group-4C98E9F0FD07-SegmentedRaftLogWorker: created new log segment /home/runner/work/ozone/ozone/hadoop-ozone/integration-test/target/test-dir/MiniOzoneClusterImpl-f745d883-409d-4598-9a00-e779d9019c18/datanode-5/data/ratis/7222150f-7630-4924-8d62-4c98e9f0fd07/current/log_inprogress_0
2022-03-02 21:33:43,089 [grpc-default-executor-5] WARN  server.GrpcLogAppender (LogUtils.java:warn(122)) - ca012516-14dd-42cd-8742-1c9d04d43fd5@group-8EC42998B879->cdd5360e-d849-4e2b-b62b-b70fbd73a7e1-AppendLogResponseHandler: Failed appendEntries: org.apache.ratis.thirdparty.io.grpc.StatusRuntimeException: UNAVAILABLE: io exception
2022-03-02 21:33:43,090 [grpc-default-executor-5] WARN  server.GrpcLogAppender (GrpcLogAppender.java:resetClient(110)) - ca012516-14dd-42cd-8742-1c9d04d43fd5@group-8EC42998B879->cdd5360e-d849-4e2b-b62b-b70fbd73a7e1-GrpcLogAppender: Leader has not got in touch with Follower ca012516-14dd-42cd-8742-1c9d04d43fd5@group-8EC42998B879->cdd5360e-d849-4e2b-b62b-b70fbd73a7e1(c0,m0,n1, attendVote=true, lastRpcSendTime=2501, lastRpcResponseTime=12566) yet, just keep nextIndex unchanged and retry.
2022-03-02 21:33:44,683 [grpc-default-executor-5] WARN  server.GrpcLogAppender (LogUtils.java:warn(122)) - 06306a50-9ba9-4128-94e0-55d591e142a1@group-681CC91BE6DA->cdd5360e-d849-4e2b-b62b-b70fbd73a7e1-AppendLogResponseHandler: Failed appendEntries: org.apache.ratis.thirdparty.io.grpc.StatusRuntimeException: UNAVAILABLE: io exception
2022-03-02 21:33:44,684 [grpc-default-executor-5] WARN  server.GrpcLogAppender (GrpcLogAppender.java:resetClient(110)) - 06306a50-9ba9-4128-94e0-55d591e142a1@group-681CC91BE6DA->cdd5360e-d849-4e2b-b62b-b70fbd73a7e1-GrpcLogAppender: Leader has not got in touch with Follower 06306a50-9ba9-4128-94e0-55d591e142a1@group-681CC91BE6DA->cdd5360e-d849-4e2b-b62b-b70fbd73a7e1(c0,m0,n1, attendVote=true, lastRpcSendTime=2508, lastRpcResponseTime=15099) yet, just keep nextIndex unchanged and retry.
2022-03-02 21:33:45,327 [EventQueue-DeadNodeForDeadNodeHandler] INFO  node.DeadNodeHandler (DeadNodeHandler.java:onMessage(80)) - A dead datanode is detected. cdd5360e-d849-4e2b-b62b-b70fbd73a7e1{ip: 10.1.0.35, host: fv-az294-754.eaanfquahm5ulb5tj050gcxych.jx.internal.cloudapp.net, ports: [REPLICATION=36763, RATIS=36141, RATIS_ADMIN=36141, RATIS_SERVER=36141, STANDALONE=41835], networkLocation: /default-rack, certSerialId: null, persistedOpState: IN_SERVICE, persistedOpStateExpiryEpochSec: 0}
2022-03-02 21:33:45,404 [EventQueue-DeadNodeForDeadNodeHandler] INFO  pipeline.RatisPipelineProvider (RatisPipelineProvider.java:lambda$close$1(222)) - Send pipeline:PipelineID=53b8311c-2a52-474f-af65-681cc91be6da close command to datanode cdd5360e-d849-4e2b-b62b-b70fbd73a7e1
2022-03-02 21:33:45,404 [EventQueue-DeadNodeForDeadNodeHandler] INFO  pipeline.RatisPipelineProvider (RatisPipelineProvider.java:lambda$close$1(222)) - Send pipeline:PipelineID=53b8311c-2a52-474f-af65-681cc91be6da close command to datanode 06306a50-9ba9-4128-94e0-55d591e142a1
2022-03-02 21:33:45,404 [EventQueue-DeadNodeForDeadNodeHandler] INFO  pipeline.RatisPipelineProvider (RatisPipelineProvider.java:lambda$close$1(222)) - Send pipeline:PipelineID=53b8311c-2a52-474f-af65-681cc91be6da close command to datanode ca012516-14dd-42cd-8742-1c9d04d43fd5
2022-03-02 21:33:45,412 [d7f371f7-0d79-4eb0-9764-2158321d28de@group-E779D9019C18-StateMachineUpdater] INFO  pipeline.PipelineStateManagerImpl (PipelineStateManagerImpl.java:removePipeline(223)) - Pipeline Pipeline[ Id: 53b8311c-2a52-474f-af65-681cc91be6da, Nodes: cdd5360e-d849-4e2b-b62b-b70fbd73a7e1{ip: 10.1.0.35, host: fv-az294-754.eaanfquahm5ulb5tj050gcxych.jx.internal.cloudapp.net, ports: [REPLICATION=36763, RATIS=36141, RATIS_ADMIN=36141, RATIS_SERVER=36141, STANDALONE=41835], networkLocation: /default-rack, certSerialId: null, persistedOpState: IN_SERVICE, persistedOpStateExpiryEpochSec: 0}06306a50-9ba9-4128-94e0-55d591e142a1{ip: 10.1.0.35, host: fv-az294-754.eaanfquahm5ulb5tj050gcxych.jx.internal.cloudapp.net, ports: [REPLICATION=33477, RATIS=42445, RATIS_ADMIN=42445, RATIS_SERVER=42445, STANDALONE=33549], networkLocation: /default-rack, certSerialId: null, persistedOpState: IN_SERVICE, persistedOpStateExpiryEpochSec: 0}ca012516-14dd-42cd-8742-1c9d04d43fd5{ip: 10.1.0.35, host: fv-az294-754.eaanfquahm5ulb5tj050gcxych.jx.internal.cloudapp.net, ports: [REPLICATION=38123, RATIS=34561, RATIS_ADMIN=34561, RATIS_SERVER=34561, STANDALONE=41381], networkLocation: /default-rack, certSerialId: null, persistedOpState: IN_SERVICE, persistedOpStateExpiryEpochSec: 0}, ReplicationConfig: RATIS/THREE, State:CLOSED, leaderId:06306a50-9ba9-4128-94e0-55d591e142a1, CreationTimestamp2022-03-02T21:33:17.419Z[Etc/UTC]] removed.
2022-03-02 21:33:45,452 [EventQueue-DeadNodeForDeadNodeHandler] INFO  pipeline.RatisPipelineProvider (RatisPipelineProvider.java:lambda$close$1(222)) - Send pipeline:PipelineID=8245a83f-df17-4492-b969-8ec42998b879 close command to datanode 06306a50-9ba9-4128-94e0-55d591e142a1
2022-03-02 21:33:45,452 [EventQueue-DeadNodeForDeadNodeHandler] INFO  pipeline.RatisPipelineProvider (RatisPipelineProvider.java:lambda$close$1(222)) - Send pipeline:PipelineID=8245a83f-df17-4492-b969-8ec42998b879 close command to datanode ca012516-14dd-42cd-8742-1c9d04d43fd5
2022-03-02 21:33:45,452 [EventQueue-DeadNodeForDeadNodeHandler] INFO  pipeline.RatisPipelineProvider (RatisPipelineProvider.java:lambda$close$1(222)) - Send pipeline:PipelineID=8245a83f-df17-4492-b969-8ec42998b879 close command to datanode cdd5360e-d849-4e2b-b62b-b70fbd73a7e1
2022-03-02 21:33:45,453 [d7f371f7-0d79-4eb0-9764-2158321d28de@group-E779D9019C18-StateMachineUpdater] INFO  pipeline.PipelineStateManagerImpl (PipelineStateManagerImpl.java:removePipeline(223)) - Pipeline Pipeline[ Id: 8245a83f-df17-4492-b969-8ec42998b879, Nodes: 06306a50-9ba9-4128-94e0-55d591e142a1{ip: 10.1.0.35, host: fv-az294-754.eaanfquahm5ulb5tj050gcxych.jx.internal.cloudapp.net, ports: [REPLICATION=33477, RATIS=42445, RATIS_ADMIN=42445, RATIS_SERVER=42445, STANDALONE=33549], networkLocation: /default-rack, certSerialId: null, persistedOpState: IN_SERVICE, persistedOpStateExpiryEpochSec: 0}ca012516-14dd-42cd-8742-1c9d04d43fd5{ip: 10.1.0.35, host: fv-az294-754.eaanfquahm5ulb5tj050gcxych.jx.internal.cloudapp.net, ports: [REPLICATION=38123, RATIS=34561, RATIS_ADMIN=34561, RATIS_SERVER=34561, STANDALONE=41381], networkLocation: /default-rack, certSerialId: null, persistedOpState: IN_SERVICE, persistedOpStateExpiryEpochSec: 0}cdd5360e-d849-4e2b-b62b-b70fbd73a7e1{ip: 10.1.0.35, host: fv-az294-754.eaanfquahm5ulb5tj050gcxych.jx.internal.cloudapp.net, ports: [REPLICATION=36763, RATIS=36141, RATIS_ADMIN=36141, RATIS_SERVER=36141, STANDALONE=41835], networkLocation: /default-rack, certSerialId: null, persistedOpState: IN_SERVICE, persistedOpStateExpiryEpochSec: 0}, ReplicationConfig: RATIS/THREE, State:CLOSED, leaderId:ca012516-14dd-42cd-8742-1c9d04d43fd5, CreationTimestamp2022-03-02T21:33:17.423Z[Etc/UTC]] removed.
2022-03-02 21:33:45,454 [EventQueue-DeadNodeForDeadNodeHandler] INFO  pipeline.RatisPipelineProvider (RatisPipelineProvider.java:lambda$close$1(222)) - Send pipeline:PipelineID=a5e47bad-4557-4566-987a-33718a808786 close command to datanode cdd5360e-d849-4e2b-b62b-b70fbd73a7e1
2022-03-02 21:33:45,455 [d7f371f7-0d79-4eb0-9764-2158321d28de@group-E779D9019C18-StateMachineUpdater] INFO  pipeline.PipelineStateManagerImpl (PipelineStateManagerImpl.java:removePipeline(223)) - Pipeline Pipeline[ Id: a5e47bad-4557-4566-987a-33718a808786, Nodes: cdd5360e-d849-4e2b-b62b-b70fbd73a7e1{ip: 10.1.0.35, host: fv-az294-754.eaanfquahm5ulb5tj050gcxych.jx.internal.cloudapp.net, ports: [REPLICATION=36763, RATIS=36141, RATIS_ADMIN=36141, RATIS_SERVER=36141, STANDALONE=41835], networkLocation: /default-rack, certSerialId: null, persistedOpState: IN_SERVICE, persistedOpStateExpiryEpochSec: 0}, ReplicationConfig: RATIS/ONE, State:CLOSED, leaderId:cdd5360e-d849-4e2b-b62b-b70fbd73a7e1, CreationTimestamp2022-03-02T21:33:16.529Z[Etc/UTC]] removed.
2022-03-02 21:33:45,455 [EventQueue-DeadNodeForDeadNodeHandler] INFO  pipeline.RatisPipelineProvider (RatisPipelineProvider.java:lambda$close$1(222)) - Send pipeline:PipelineID=9b18829a-a3fc-4ad4-bb5e-2f68aee794c1 close command to datanode ca012516-14dd-42cd-8742-1c9d04d43fd5
2022-03-02 21:33:45,455 [EventQueue-DeadNodeForDeadNodeHandler] INFO  pipeline.RatisPipelineProvider (RatisPipelineProvider.java:lambda$close$1(222)) - Send pipeline:PipelineID=9b18829a-a3fc-4ad4-bb5e-2f68aee794c1 close command to datanode cdd5360e-d849-4e2b-b62b-b70fbd73a7e1
2022-03-02 21:33:45,456 [EventQueue-DeadNodeForDeadNodeHandler] INFO  pipeline.RatisPipelineProvider (RatisPipelineProvider.java:lambda$close$1(222)) - Send pipeline:PipelineID=9b18829a-a3fc-4ad4-bb5e-2f68aee794c1 close command to datanode 06306a50-9ba9-4128-94e0-55d591e142a1
2022-03-02 21:33:45,456 [d7f371f7-0d79-4eb0-9764-2158321d28de@group-E779D9019C18-StateMachineUpdater] INFO  pipeline.PipelineStateManagerImpl (PipelineStateManagerImpl.java:removePipeline(223)) - Pipeline Pipeline[ Id: 9b18829a-a3fc-4ad4-bb5e-2f68aee794c1, Nodes: ca012516-14dd-42cd-8742-1c9d04d43fd5{ip: 10.1.0.35, host: fv-az294-754.eaanfquahm5ulb5tj050gcxych.jx.internal.cloudapp.net, ports: [REPLICATION=38123, RATIS=34561, RATIS_ADMIN=34561, RATIS_SERVER=34561, STANDALONE=41381], networkLocation: /default-rack, certSerialId: null, persistedOpState: IN_SERVICE, persistedOpStateExpiryEpochSec: 0}cdd5360e-d849-4e2b-b62b-b70fbd73a7e1{ip: 10.1.0.35, host: fv-az294-754.eaanfquahm5ulb5tj050gcxych.jx.internal.cloudapp.net, ports: [REPLICATION=36763, RATIS=36141, RATIS_ADMIN=36141, RATIS_SERVER=36141, STANDALONE=41835], networkLocation: /default-rack, certSerialId: null, persistedOpState: IN_SERVICE, persistedOpStateExpiryEpochSec: 0}06306a50-9ba9-4128-94e0-55d591e142a1{ip: 10.1.0.35, host: fv-az294-754.eaanfquahm5ulb5tj050gcxych.jx.internal.cloudapp.net, ports: [REPLICATION=33477, RATIS=42445, RATIS_ADMIN=42445, RATIS_SERVER=42445, STANDALONE=33549], networkLocation: /default-rack, certSerialId: null, persistedOpState: IN_SERVICE, persistedOpStateExpiryEpochSec: 0}, ReplicationConfig: RATIS/THREE, State:CLOSED, leaderId:, CreationTimestamp2022-03-02T21:33:17.432Z[Etc/UTC]] removed.
2022-03-02 21:33:45,457 [EventQueue-DeadNodeForDeadNodeHandler] INFO  net.NetworkTopologyImpl (NetworkTopologyImpl.java:remove(137)) - Removed a node: /default-rack/cdd5360e-d849-4e2b-b62b-b70fbd73a7e1
2022-03-02 21:33:45,591 [grpc-default-executor-2] WARN  server.GrpcLogAppender (LogUtils.java:warn(122)) - ca012516-14dd-42cd-8742-1c9d04d43fd5@group-8EC42998B879->cdd5360e-d849-4e2b-b62b-b70fbd73a7e1-AppendLogResponseHandler: Failed appendEntries: org.apache.ratis.thirdparty.io.grpc.StatusRuntimeException: UNAVAILABLE: io exception
2022-03-02 21:33:45,592 [grpc-default-executor-2] WARN  server.GrpcLogAppender (GrpcLogAppender.java:resetClient(110)) - ca012516-14dd-42cd-8742-1c9d04d43fd5@group-8EC42998B879->cdd5360e-d849-4e2b-b62b-b70fbd73a7e1-GrpcLogAppender: Leader has not got in touch with Follower ca012516-14dd-42cd-8742-1c9d04d43fd5@group-8EC42998B879->cdd5360e-d849-4e2b-b62b-b70fbd73a7e1(c0,m0,n1, attendVote=true, lastRpcSendTime=2501, lastRpcResponseTime=15068) yet, just keep nextIndex unchanged and retry.
2022-03-02 21:33:45,606 [06306a50-9ba9-4128-94e0-55d591e142a1@group-2F68AEE794C1-FollowerState] INFO  impl.FollowerState (FollowerState.java:run(134)) - 06306a50-9ba9-4128-94e0-55d591e142a1@group-2F68AEE794C1-FollowerState: change to CANDIDATE, lastRpcElapsedTime:5080930463ns, electionTimeout:5074ms
2022-03-02 21:33:45,606 [06306a50-9ba9-4128-94e0-55d591e142a1@group-2F68AEE794C1-FollowerState] INFO  impl.RoleInfo (RoleInfo.java:shutdownFollowerState(108)) - 06306a50-9ba9-4128-94e0-55d591e142a1: shutdown 06306a50-9ba9-4128-94e0-55d591e142a1@group-2F68AEE794C1-FollowerState
2022-03-02 21:33:45,606 [06306a50-9ba9-4128-94e0-55d591e142a1@group-2F68AEE794C1-FollowerState] INFO  server.RaftServer$Division (RaftServerImpl.java:setRole(290)) - 06306a50-9ba9-4128-94e0-55d591e142a1@group-2F68AEE794C1: changes role from  FOLLOWER to CANDIDATE at term 3 for changeToCandidate
2022-03-02 21:33:45,606 [06306a50-9ba9-4128-94e0-55d591e142a1@group-2F68AEE794C1-FollowerState] INFO  server.RaftServerConfigKeys (ConfUtils.java:logGet(44)) - raft.server.leaderelection.pre-vote = false (custom)
2022-03-02 21:33:45,606 [06306a50-9ba9-4128-94e0-55d591e142a1@group-2F68AEE794C1-FollowerState] INFO  impl.RoleInfo (RoleInfo.java:updateAndGet(130)) - 06306a50-9ba9-4128-94e0-55d591e142a1: start 06306a50-9ba9-4128-94e0-55d591e142a1@group-2F68AEE794C1-LeaderElection104
2022-03-02 21:33:45,633 [06306a50-9ba9-4128-94e0-55d591e142a1@group-2F68AEE794C1-LeaderElection104] INFO  impl.LeaderElection (LeaderElection.java:askForVotes(306)) - 06306a50-9ba9-4128-94e0-55d591e142a1@group-2F68AEE794C1-LeaderElection104 ELECTION round 0: submit vote requests at term 4 for 0: [cdd5360e-d849-4e2b-b62b-b70fbd73a7e1|rpc:10.1.0.35:36141|dataStream:|priority:1, 06306a50-9ba9-4128-94e0-55d591e142a1|rpc:10.1.0.35:42445|dataStream:|priority:0, ca012516-14dd-42cd-8742-1c9d04d43fd5|rpc:10.1.0.35:34561|dataStream:|priority:0], old=null
2022-03-02 21:33:45,697 [grpc-default-executor-6] INFO  server.RaftServer$Division (RaftServerImpl.java:requestVote(1046)) - ca012516-14dd-42cd-8742-1c9d04d43fd5@group-2F68AEE794C1: receive requestVote(ELECTION, 06306a50-9ba9-4128-94e0-55d591e142a1, group-2F68AEE794C1, 4, (t:2, i:0))
2022-03-02 21:33:45,697 [grpc-default-executor-6] INFO  impl.VoteContext (VoteContext.java:log(48)) - ca012516-14dd-42cd-8742-1c9d04d43fd5@group-2F68AEE794C1-FOLLOWER: accept ELECTION from 06306a50-9ba9-4128-94e0-55d591e142a1: our priority 0 <= candidate's priority 0
2022-03-02 21:33:45,697 [grpc-default-executor-6] INFO  server.RaftServer$Division (RaftServerImpl.java:setRole(290)) - ca012516-14dd-42cd-8742-1c9d04d43fd5@group-2F68AEE794C1: changes role from  FOLLOWER to FOLLOWER at term 4 for candidate:06306a50-9ba9-4128-94e0-55d591e142a1
2022-03-02 21:33:45,697 [grpc-default-executor-6] INFO  impl.RoleInfo (RoleInfo.java:shutdownFollowerState(108)) - ca012516-14dd-42cd-8742-1c9d04d43fd5: shutdown ca012516-14dd-42cd-8742-1c9d04d43fd5@group-2F68AEE794C1-FollowerState
2022-03-02 21:33:45,697 [grpc-default-executor-6] INFO  impl.RoleInfo (RoleInfo.java:updateAndGet(130)) - ca012516-14dd-42cd-8742-1c9d04d43fd5: start ca012516-14dd-42cd-8742-1c9d04d43fd5@group-2F68AEE794C1-FollowerState
2022-03-02 21:33:45,707 [06306a50-9ba9-4128-94e0-55d591e142a1@group-2F68AEE794C1-LeaderElection104] INFO  impl.LeaderElection (LogUtils.java:infoOrTrace(137)) - 06306a50-9ba9-4128-94e0-55d591e142a1@group-2F68AEE794C1-LeaderElection104 got exception when requesting votes: java.util.concurrent.ExecutionException: org.apache.ratis.thirdparty.io.grpc.StatusRuntimeException: UNAVAILABLE: io exception
2022-03-02 21:33:45,708 [grpc-default-executor-6] INFO  server.RaftServer$Division (RaftServerImpl.java:requestVote(1078)) - ca012516-14dd-42cd-8742-1c9d04d43fd5@group-2F68AEE794C1 replies to ELECTION vote request: 06306a50-9ba9-4128-94e0-55d591e142a1<-ca012516-14dd-42cd-8742-1c9d04d43fd5#0:OK-t4. Peer's state: ca012516-14dd-42cd-8742-1c9d04d43fd5@group-2F68AEE794C1:t4, leader=null, voted=06306a50-9ba9-4128-94e0-55d591e142a1, raftlog=ca012516-14dd-42cd-8742-1c9d04d43fd5@group-2F68AEE794C1-SegmentedRaftLog:OPENED:c0, conf=0: [cdd5360e-d849-4e2b-b62b-b70fbd73a7e1|rpc:10.1.0.35:36141|dataStream:|priority:1, 06306a50-9ba9-4128-94e0-55d591e142a1|rpc:10.1.0.35:42445|dataStream:|priority:0, ca012516-14dd-42cd-8742-1c9d04d43fd5|rpc:10.1.0.35:34561|dataStream:|priority:0], old=null
2022-03-02 21:33:45,708 [06306a50-9ba9-4128-94e0-55d591e142a1@group-2F68AEE794C1-LeaderElection104] INFO  impl.LeaderElection (LeaderElection.java:logAndReturn(89)) - 06306a50-9ba9-4128-94e0-55d591e142a1@group-2F68AEE794C1-LeaderElection104: ELECTION PASSED received 1 response(s) and 1 exception(s):
2022-03-02 21:33:45,709 [06306a50-9ba9-4128-94e0-55d591e142a1@group-2F68AEE794C1-LeaderElection104] INFO  impl.LeaderElection (LeaderElection.java:logAndReturn(93)) -   Response 0: 06306a50-9ba9-4128-94e0-55d591e142a1<-ca012516-14dd-42cd-8742-1c9d04d43fd5#0:OK-t4
2022-03-02 21:33:45,709 [06306a50-9ba9-4128-94e0-55d591e142a1@group-2F68AEE794C1-LeaderElection104] INFO  impl.LeaderElection (LogUtils.java:infoOrTrace(137)) -   Exception 1: java.util.concurrent.ExecutionException: org.apache.ratis.thirdparty.io.grpc.StatusRuntimeException: UNAVAILABLE: io exception
2022-03-02 21:33:45,709 [06306a50-9ba9-4128-94e0-55d591e142a1@group-2F68AEE794C1-LeaderElection104] INFO  impl.LeaderElection (LeaderElection.java:askForVotes(308)) - 06306a50-9ba9-4128-94e0-55d591e142a1@group-2F68AEE794C1-LeaderElection104 ELECTION round 0: result PASSED
2022-03-02 21:33:45,709 [06306a50-9ba9-4128-94e0-55d591e142a1@group-2F68AEE794C1-LeaderElection104] INFO  impl.RoleInfo (RoleInfo.java:shutdownLeaderElection(121)) - 06306a50-9ba9-4128-94e0-55d591e142a1: shutdown 06306a50-9ba9-4128-94e0-55d591e142a1@group-2F68AEE794C1-LeaderElection104
2022-03-02 21:33:45,709 [06306a50-9ba9-4128-94e0-55d591e142a1@group-2F68AEE794C1-LeaderElection104] INFO  server.RaftServer$Division (RaftServerImpl.java:setRole(290)) - 06306a50-9ba9-4128-94e0-55d591e142a1@group-2F68AEE794C1: changes role from CANDIDATE to LEADER at term 4 for changeToLeader
2022-03-02 21:33:45,709 [06306a50-9ba9-4128-94e0-55d591e142a1@group-2F68AEE794C1-LeaderElection104] INFO  ratis.XceiverServerRatis (XceiverServerRatis.java:handleLeaderChangedNotification(867)) - Leader change notification received for group: group-2F68AEE794C1 with new leaderId: 06306a50-9ba9-4128-94e0-55d591e142a1
2022-03-02 21:33:45,709 [06306a50-9ba9-4128-94e0-55d591e142a1@group-2F68AEE794C1-LeaderElection104] INFO  server.RaftServer$Division (ServerState.java:setLeader(285)) - 06306a50-9ba9-4128-94e0-55d591e142a1@group-2F68AEE794C1: change Leader from null to 06306a50-9ba9-4128-94e0-55d591e142a1 at term 4 for becomeLeader, leader elected after 5317ms
2022-03-02 21:33:45,709 [06306a50-9ba9-4128-94e0-55d591e142a1@group-2F68AEE794C1-LeaderElection104] INFO  server.RaftServerConfigKeys (ConfUtils.java:logGet(44)) - raft.server.staging.catchup.gap = 1000 (default)
2022-03-02 21:33:45,709 [06306a50-9ba9-4128-94e0-55d591e142a1@group-2F68AEE794C1-LeaderElection104] INFO  server.RaftServerConfigKeys (ConfUtils.java:logGet(44)) - raft.server.write.element-limit = 1024 (custom)
2022-03-02 21:33:45,709 [06306a50-9ba9-4128-94e0-55d591e142a1@group-2F68AEE794C1-LeaderElection104] INFO  server.RaftServerConfigKeys (ConfUtils.java:logGet(44)) - raft.server.write.byte-limit = 1024 M (=1073741824) (custom)
2022-03-02 21:33:45,709 [06306a50-9ba9-4128-94e0-55d591e142a1@group-2F68AEE794C1-LeaderElection104] INFO  server.RaftServerConfigKeys (ConfUtils.java:logGet(44)) - raft.server.watch.timeout = 3000ms (custom)
2022-03-02 21:33:45,709 [06306a50-9ba9-4128-94e0-55d591e142a1@group-2F68AEE794C1-LeaderElection104] INFO  server.RaftServerConfigKeys (ConfUtils.java:logGet(44)) - raft.server.watch.timeout.denomination = 1s (default)
2022-03-02 21:33:45,709 [06306a50-9ba9-4128-94e0-55d591e142a1@group-2F68AEE794C1-LeaderElection104] INFO  server.RaftServerConfigKeys (ConfUtils.java:logGet(44)) - raft.server.watch.element-limit = 65536 (default)
2022-03-02 21:33:45,710 [06306a50-9ba9-4128-94e0-55d591e142a1@group-2F68AEE794C1-LeaderElection104] INFO  server.RaftServerConfigKeys (ConfUtils.java:logGet(44)) - raft.server.write.element-limit = 1024 (custom)
2022-03-02 21:33:45,710 [06306a50-9ba9-4128-94e0-55d591e142a1@group-2F68AEE794C1-LeaderElection104] INFO  server.RaftServerConfigKeys (ConfUtils.java:logGet(44)) - raft.server.write.follower.gap.ratio.max = -1.0 (default)
2022-03-02 21:33:45,710 [06306a50-9ba9-4128-94e0-55d591e142a1@group-2F68AEE794C1-LeaderElection104] INFO  server.RaftServerConfigKeys (ConfUtils.java:logGet(44)) - raft.server.log.appender.snapshot.chunk.size.max = 16MB (=16777216) (default)
2022-03-02 21:33:45,710 [06306a50-9ba9-4128-94e0-55d591e142a1@group-2F68AEE794C1-LeaderElection104] INFO  server.RaftServerConfigKeys (ConfUtils.java:logGet(44)) - raft.server.log.appender.buffer.byte-limit = 33554432 (custom)
2022-03-02 21:33:45,710 [06306a50-9ba9-4128-94e0-55d591e142a1@group-2F68AEE794C1-LeaderElection104] INFO  server.RaftServerConfigKeys (ConfUtils.java:logGet(44)) - raft.server.log.appender.buffer.element-limit = 1 (custom)
2022-03-02 21:33:45,710 [06306a50-9ba9-4128-94e0-55d591e142a1@group-2F68AEE794C1-LeaderElection104] INFO  grpc.GrpcConfigKeys (ConfUtils.java:logGet(44)) - raft.grpc.server.leader.outstanding.appends.max = 128 (default)
2022-03-02 21:33:45,710 [06306a50-9ba9-4128-94e0-55d591e142a1@group-2F68AEE794C1-LeaderElection104] INFO  server.RaftServerConfigKeys (ConfUtils.java:logGet(44)) - raft.server.rpc.request.timeout = 3000ms (default)
2022-03-02 21:33:45,710 [06306a50-9ba9-4128-94e0-55d591e142a1@group-2F68AEE794C1-LeaderElection104] INFO  server.RaftServerConfigKeys (ConfUtils.java:logGet(44)) - raft.server.log.appender.install.snapshot.enabled = false (custom)
2022-03-02 21:33:45,711 [ca012516-14dd-42cd-8742-1c9d04d43fd5@group-2F68AEE794C1-FollowerState] INFO  impl.FollowerState (FollowerState.java:run(143)) - ca012516-14dd-42cd-8742-1c9d04d43fd5@group-2F68AEE794C1-FollowerState was interrupted: {}
java.lang.InterruptedException: sleep interrupted
	at java.lang.Thread.sleep(Native Method)
	at java.lang.Thread.sleep(Thread.java:342)
	at java.util.concurrent.TimeUnit.sleep(TimeUnit.java:386)
	at org.apache.ratis.util.TimeDuration.sleep(TimeDuration.java:324)
	at org.apache.ratis.util.TimeDuration.sleep(TimeDuration.java:309)
	at org.apache.ratis.server.impl.FollowerState.run(FollowerState.java:118)
2022-03-02 21:33:45,721 [06306a50-9ba9-4128-94e0-55d591e142a1@group-2F68AEE794C1-LeaderElection104] INFO  server.RaftServerConfigKeys (ConfUtils.java:logGet(44)) - raft.server.log.appender.snapshot.chunk.size.max = 16MB (=16777216) (default)
2022-03-02 21:33:45,721 [06306a50-9ba9-4128-94e0-55d591e142a1@group-2F68AEE794C1-LeaderElection104] INFO  server.RaftServerConfigKeys (ConfUtils.java:logGet(44)) - raft.server.log.appender.buffer.byte-limit = 33554432 (custom)
2022-03-02 21:33:45,721 [06306a50-9ba9-4128-94e0-55d591e142a1@group-2F68AEE794C1-LeaderElection104] INFO  server.RaftServerConfigKeys (ConfUtils.java:logGet(44)) - raft.server.log.appender.buffer.element-limit = 1 (custom)
2022-03-02 21:33:45,721 [06306a50-9ba9-4128-94e0-55d591e142a1@group-2F68AEE794C1-LeaderElection104] INFO  grpc.GrpcConfigKeys (ConfUtils.java:logGet(44)) - raft.grpc.server.leader.outstanding.appends.max = 128 (default)
2022-03-02 21:33:45,721 [06306a50-9ba9-4128-94e0-55d591e142a1@group-2F68AEE794C1-LeaderElection104] INFO  server.RaftServerConfigKeys (ConfUtils.java:logGet(44)) - raft.server.rpc.request.timeout = 3000ms (default)
2022-03-02 21:33:45,721 [06306a50-9ba9-4128-94e0-55d591e142a1@group-2F68AEE794C1-LeaderElection104] INFO  server.RaftServerConfigKeys (ConfUtils.java:logGet(44)) - raft.server.log.appender.install.snapshot.enabled = false (custom)
2022-03-02 21:33:45,722 [06306a50-9ba9-4128-94e0-55d591e142a1@group-2F68AEE794C1-LeaderElection104] INFO  impl.RoleInfo (RoleInfo.java:updateAndGet(130)) - 06306a50-9ba9-4128-94e0-55d591e142a1: start 06306a50-9ba9-4128-94e0-55d591e142a1@group-2F68AEE794C1-LeaderStateImpl
2022-03-02 21:33:45,723 [EventQueue-PipelineReportForPipelineReportHandler] INFO  pipeline.PipelineReportHandler (PipelineReportHandler.java:processPipelineReport(113)) - Reported pipeline PipelineID=53b8311c-2a52-474f-af65-681cc91be6da is not found
2022-03-02 21:33:45,743 [06306a50-9ba9-4128-94e0-55d591e142a1@group-2F68AEE794C1-LeaderElection104] INFO  segmented.SegmentedRaftLogWorker (SegmentedRaftLogWorker.java:rollLogSegment(399)) - 06306a50-9ba9-4128-94e0-55d591e142a1@group-2F68AEE794C1-SegmentedRaftLogWorker: Rolling segment log-0_0 to index:0
2022-03-02 21:33:45,743 [EventQueue-PipelineReportForPipelineReportHandler] INFO  pipeline.PipelineReportHandler (PipelineReportHandler.java:processPipelineReport(113)) - Reported pipeline PipelineID=8245a83f-df17-4492-b969-8ec42998b879 is not found
2022-03-02 21:33:45,743 [EventQueue-PipelineReportForPipelineReportHandler] INFO  pipeline.PipelineReportHandler (PipelineReportHandler.java:processPipelineReport(113)) - Reported pipeline PipelineID=9b18829a-a3fc-4ad4-bb5e-2f68aee794c1 is not found
2022-03-02 21:33:45,750 [06306a50-9ba9-4128-94e0-55d591e142a1@group-2F68AEE794C1-SegmentedRaftLogWorker] INFO  segmented.SegmentedRaftLogWorker (SegmentedRaftLogWorker.java:execute(558)) - 06306a50-9ba9-4128-94e0-55d591e142a1@group-2F68AEE794C1-SegmentedRaftLogWorker: Rolled log segment from /home/runner/work/ozone/ozone/hadoop-ozone/integration-test/target/test-dir/MiniOzoneClusterImpl-f745d883-409d-4598-9a00-e779d9019c18/datanode-0/data/ratis/9b18829a-a3fc-4ad4-bb5e-2f68aee794c1/current/log_inprogress_0 to /home/runner/work/ozone/ozone/hadoop-ozone/integration-test/target/test-dir/MiniOzoneClusterImpl-f745d883-409d-4598-9a00-e779d9019c18/datanode-0/data/ratis/9b18829a-a3fc-4ad4-bb5e-2f68aee794c1/current/log_0-0
2022-03-02 21:33:45,753 [06306a50-9ba9-4128-94e0-55d591e142a1@group-2F68AEE794C1-SegmentedRaftLogWorker] INFO  segmented.SegmentedRaftLogWorker (SegmentedRaftLogWorker.java:execute(601)) - 06306a50-9ba9-4128-94e0-55d591e142a1@group-2F68AEE794C1-SegmentedRaftLogWorker: created new log segment /home/runner/work/ozone/ozone/hadoop-ozone/integration-test/target/test-dir/MiniOzoneClusterImpl-f745d883-409d-4598-9a00-e779d9019c18/datanode-0/data/ratis/9b18829a-a3fc-4ad4-bb5e-2f68aee794c1/current/log_inprogress_1
2022-03-02 21:33:45,824 [grpc-default-executor-6] INFO  ratis.XceiverServerRatis (XceiverServerRatis.java:handleLeaderChangedNotification(867)) - Leader change notification received for group: group-2F68AEE794C1 with new leaderId: 06306a50-9ba9-4128-94e0-55d591e142a1
2022-03-02 21:33:45,824 [grpc-default-executor-6] INFO  server.RaftServer$Division (ServerState.java:setLeader(285)) - ca012516-14dd-42cd-8742-1c9d04d43fd5@group-2F68AEE794C1: change Leader from null to 06306a50-9ba9-4128-94e0-55d591e142a1 at term 4 for appendEntries, leader elected after 5356ms
2022-03-02 21:33:45,826 [grpc-default-executor-2] WARN  server.GrpcLogAppender (LogUtils.java:warn(122)) - 06306a50-9ba9-4128-94e0-55d591e142a1@group-2F68AEE794C1->cdd5360e-d849-4e2b-b62b-b70fbd73a7e1-AppendLogResponseHandler: Failed appendEntries: org.apache.ratis.thirdparty.io.grpc.StatusRuntimeException: UNAVAILABLE: io exception
2022-03-02 21:33:45,827 [grpc-default-executor-2] WARN  server.GrpcLogAppender (GrpcLogAppender.java:resetClient(110)) - 06306a50-9ba9-4128-94e0-55d591e142a1@group-2F68AEE794C1->cdd5360e-d849-4e2b-b62b-b70fbd73a7e1-GrpcLogAppender: Leader has not got in touch with Follower 06306a50-9ba9-4128-94e0-55d591e142a1@group-2F68AEE794C1->cdd5360e-d849-4e2b-b62b-b70fbd73a7e1(c-1,m0,n1, attendVote=true, lastRpcSendTime=5316, lastRpcResponseTime=5316) yet, just keep nextIndex unchanged and retry.
2022-03-02 21:33:45,842 [grpc-default-executor-2] WARN  server.GrpcLogAppender (LogUtils.java:warn(122)) - 06306a50-9ba9-4128-94e0-55d591e142a1@group-2F68AEE794C1->cdd5360e-d849-4e2b-b62b-b70fbd73a7e1-AppendLogResponseHandler: Failed appendEntries: org.apache.ratis.thirdparty.io.grpc.StatusRuntimeException: UNAVAILABLE: io exception
2022-03-02 21:33:45,844 [grpc-default-executor-2] WARN  server.GrpcLogAppender (GrpcLogAppender.java:resetClient(110)) - 06306a50-9ba9-4128-94e0-55d591e142a1@group-2F68AEE794C1->cdd5360e-d849-4e2b-b62b-b70fbd73a7e1-GrpcLogAppender: Leader has not got in touch with Follower 06306a50-9ba9-4128-94e0-55d591e142a1@group-2F68AEE794C1->cdd5360e-d849-4e2b-b62b-b70fbd73a7e1(c-1,m0,n2, attendVote=true, lastRpcSendTime=16, lastRpcResponseTime=5334) yet, just keep nextIndex unchanged and retry.
2022-03-02 21:33:45,855 [06306a50-9ba9-4128-94e0-55d591e142a1@group-2F68AEE794C1-LeaderElection104] INFO  server.RaftServer$Division (ServerState.java:setRaftConf(387)) - 06306a50-9ba9-4128-94e0-55d591e142a1@group-2F68AEE794C1: set configuration 1: [cdd5360e-d849-4e2b-b62b-b70fbd73a7e1|rpc:10.1.0.35:36141|dataStream:|priority:1, 06306a50-9ba9-4128-94e0-55d591e142a1|rpc:10.1.0.35:42445|dataStream:|priority:0, ca012516-14dd-42cd-8742-1c9d04d43fd5|rpc:10.1.0.35:34561|dataStream:|priority:0], old=null
2022-03-02 21:33:45,860 [grpc-default-executor-6] INFO  server.RaftServer$Division (ServerState.java:setRaftConf(387)) - ca012516-14dd-42cd-8742-1c9d04d43fd5@group-2F68AEE794C1: set configuration 1: [cdd5360e-d849-4e2b-b62b-b70fbd73a7e1|rpc:10.1.0.35:36141|dataStream:|priority:1, 06306a50-9ba9-4128-94e0-55d591e142a1|rpc:10.1.0.35:42445|dataStream:|priority:0, ca012516-14dd-42cd-8742-1c9d04d43fd5|rpc:10.1.0.35:34561|dataStream:|priority:0], old=null
2022-03-02 21:33:45,860 [grpc-default-executor-6] INFO  segmented.SegmentedRaftLogWorker (SegmentedRaftLogWorker.java:rollLogSegment(399)) - ca012516-14dd-42cd-8742-1c9d04d43fd5@group-2F68AEE794C1-SegmentedRaftLogWorker: Rolling segment log-0_0 to index:0
2022-03-02 21:33:45,861 [ca012516-14dd-42cd-8742-1c9d04d43fd5@group-2F68AEE794C1-SegmentedRaftLogWorker] INFO  segmented.SegmentedRaftLogWorker (SegmentedRaftLogWorker.java:execute(558)) - ca012516-14dd-42cd-8742-1c9d04d43fd5@group-2F68AEE794C1-SegmentedRaftLogWorker: Rolled log segment from /home/runner/work/ozone/ozone/hadoop-ozone/integration-test/target/test-dir/MiniOzoneClusterImpl-f745d883-409d-4598-9a00-e779d9019c18/datanode-2/data/ratis/9b18829a-a3fc-4ad4-bb5e-2f68aee794c1/current/log_inprogress_0 to /home/runner/work/ozone/ozone/hadoop-ozone/integration-test/target/test-dir/MiniOzoneClusterImpl-f745d883-409d-4598-9a00-e779d9019c18/datanode-2/data/ratis/9b18829a-a3fc-4ad4-bb5e-2f68aee794c1/current/log_0-0
2022-03-02 21:33:45,869 [ca012516-14dd-42cd-8742-1c9d04d43fd5@group-2F68AEE794C1-SegmentedRaftLogWorker] INFO  segmented.SegmentedRaftLogWorker (SegmentedRaftLogWorker.java:execute(601)) - ca012516-14dd-42cd-8742-1c9d04d43fd5@group-2F68AEE794C1-SegmentedRaftLogWorker: created new log segment /home/runner/work/ozone/ozone/hadoop-ozone/integration-test/target/test-dir/MiniOzoneClusterImpl-f745d883-409d-4598-9a00-e779d9019c18/datanode-2/data/ratis/9b18829a-a3fc-4ad4-bb5e-2f68aee794c1/current/log_inprogress_1
2022-03-02 21:33:45,959 [grpc-default-executor-6] WARN  server.GrpcLogAppender (LogUtils.java:warn(122)) - 06306a50-9ba9-4128-94e0-55d591e142a1@group-2F68AEE794C1->cdd5360e-d849-4e2b-b62b-b70fbd73a7e1-AppendLogResponseHandler: Failed appendEntries: org.apache.ratis.thirdparty.io.grpc.StatusRuntimeException: UNAVAILABLE: io exception
2022-03-02 21:33:45,971 [grpc-default-executor-6] WARN  server.GrpcLogAppender (GrpcLogAppender.java:resetClient(110)) - 06306a50-9ba9-4128-94e0-55d591e142a1@group-2F68AEE794C1->cdd5360e-d849-4e2b-b62b-b70fbd73a7e1-GrpcLogAppender: Leader has not got in touch with Follower 06306a50-9ba9-4128-94e0-55d591e142a1@group-2F68AEE794C1->cdd5360e-d849-4e2b-b62b-b70fbd73a7e1(c-1,m0,n3, attendVote=true, lastRpcSendTime=126, lastRpcResponseTime=5461) yet, just keep nextIndex unchanged and retry.
2022-03-02 21:33:47,200 [grpc-default-executor-6] WARN  server.GrpcLogAppender (LogUtils.java:warn(122)) - 06306a50-9ba9-4128-94e0-55d591e142a1@group-681CC91BE6DA->cdd5360e-d849-4e2b-b62b-b70fbd73a7e1-AppendLogResponseHandler: Failed appendEntries: org.apache.ratis.thirdparty.io.grpc.StatusRuntimeException: UNAVAILABLE: io exception
2022-03-02 21:33:47,201 [grpc-default-executor-6] WARN  server.GrpcLogAppender (GrpcLogAppender.java:resetClient(110)) - 06306a50-9ba9-4128-94e0-55d591e142a1@group-681CC91BE6DA->cdd5360e-d849-4e2b-b62b-b70fbd73a7e1-GrpcLogAppender: Leader has not got in touch with Follower 06306a50-9ba9-4128-94e0-55d591e142a1@group-681CC91BE6DA->cdd5360e-d849-4e2b-b62b-b70fbd73a7e1(c0,m0,n1, attendVote=true, lastRpcSendTime=2516, lastRpcResponseTime=17616) yet, just keep nextIndex unchanged and retry.
2022-03-02 21:33:47,241 [Command processor thread] INFO  server.RaftServer (RaftServerProxy.java:remove(106)) - 06306a50-9ba9-4128-94e0-55d591e142a1: remove    LEADER 06306a50-9ba9-4128-94e0-55d591e142a1@group-681CC91BE6DA:t1, leader=06306a50-9ba9-4128-94e0-55d591e142a1, voted=06306a50-9ba9-4128-94e0-55d591e142a1, raftlog=06306a50-9ba9-4128-94e0-55d591e142a1@group-681CC91BE6DA-SegmentedRaftLog:OPENED:c0, conf=0: [cdd5360e-d849-4e2b-b62b-b70fbd73a7e1|rpc:10.1.0.35:36141|dataStream:|priority:0, 06306a50-9ba9-4128-94e0-55d591e142a1|rpc:10.1.0.35:42445|dataStream:|priority:1, ca012516-14dd-42cd-8742-1c9d04d43fd5|rpc:10.1.0.35:34561|dataStream:|priority:0], old=null RUNNING
2022-03-02 21:33:47,241 [Command processor thread] INFO  server.RaftServer$Division (RaftServerImpl.java:lambda$close$4(412)) - 06306a50-9ba9-4128-94e0-55d591e142a1@group-681CC91BE6DA: shutdown
2022-03-02 21:33:47,241 [Command processor thread] INFO  util.JmxRegister (JmxRegister.java:unregister(73)) - Successfully un-registered JMX Bean with object name Ratis:service=RaftServer,group=group-681CC91BE6DA,id=06306a50-9ba9-4128-94e0-55d591e142a1
2022-03-02 21:33:47,241 [Command processor thread] INFO  impl.RoleInfo (RoleInfo.java:shutdownLeaderState(91)) - 06306a50-9ba9-4128-94e0-55d591e142a1: shutdown 06306a50-9ba9-4128-94e0-55d591e142a1@group-681CC91BE6DA-LeaderStateImpl
2022-03-02 21:33:47,247 [Command processor thread] INFO  impl.PendingRequests (PendingRequests.java:sendNotLeaderResponses(282)) - 06306a50-9ba9-4128-94e0-55d591e142a1@group-681CC91BE6DA-PendingRequests: sendNotLeaderResponses
2022-03-02 21:33:47,247 [Command processor thread] INFO  impl.StateMachineUpdater (StateMachineUpdater.java:stopAndJoin(149)) - 06306a50-9ba9-4128-94e0-55d591e142a1@group-681CC91BE6DA-StateMachineUpdater: set stopIndex = 0
2022-03-02 21:33:47,248 [06306a50-9ba9-4128-94e0-55d591e142a1@group-681CC91BE6DA-StateMachineUpdater] INFO  ratis.ContainerStateMachine (ContainerStateMachine.java:takeSnapshot(304)) - group-681CC91BE6DA: Taking a snapshot at:(t:1, i:0) file /home/runner/work/ozone/ozone/hadoop-ozone/integration-test/target/test-dir/MiniOzoneClusterImpl-f745d883-409d-4598-9a00-e779d9019c18/datanode-0/data/ratis/53b8311c-2a52-474f-af65-681cc91be6da/sm/snapshot.1_0
2022-03-02 21:33:47,249 [06306a50-9ba9-4128-94e0-55d591e142a1@group-681CC91BE6DA-StateMachineUpdater] INFO  ratis.ContainerStateMachine (ContainerStateMachine.java:takeSnapshot(315)) - group-681CC91BE6DA: Finished taking a snapshot at:(t:1, i:0) file:/home/runner/work/ozone/ozone/hadoop-ozone/integration-test/target/test-dir/MiniOzoneClusterImpl-f745d883-409d-4598-9a00-e779d9019c18/datanode-0/data/ratis/53b8311c-2a52-474f-af65-681cc91be6da/sm/snapshot.1_0 took: 1 ms
2022-03-02 21:33:47,249 [06306a50-9ba9-4128-94e0-55d591e142a1@group-681CC91BE6DA-StateMachineUpdater] INFO  impl.StateMachineUpdater (StateMachineUpdater.java:takeSnapshot(281)) - 06306a50-9ba9-4128-94e0-55d591e142a1@group-681CC91BE6DA-StateMachineUpdater: Took a snapshot at index 0
2022-03-02 21:33:47,249 [06306a50-9ba9-4128-94e0-55d591e142a1@group-681CC91BE6DA-StateMachineUpdater] INFO  impl.StateMachineUpdater (StateMachineUpdater.java:lambda$new$0(89)) - 06306a50-9ba9-4128-94e0-55d591e142a1@group-681CC91BE6DA-StateMachineUpdater: snapshotIndex: updateIncreasingly -1 -> 0
2022-03-02 21:33:47,249 [Command processor thread] INFO  server.RaftServer$Division (ServerState.java:close(419)) - 06306a50-9ba9-4128-94e0-55d591e142a1@group-681CC91BE6DA: closes. applyIndex: 0
2022-03-02 21:33:47,249 [06306a50-9ba9-4128-94e0-55d591e142a1@group-681CC91BE6DA-SegmentedRaftLogWorker] INFO  segmented.SegmentedRaftLogWorker (SegmentedRaftLogWorker.java:run(327)) - 06306a50-9ba9-4128-94e0-55d591e142a1@group-681CC91BE6DA-SegmentedRaftLogWorker was interrupted, exiting. There are 0 tasks remaining in the queue.
2022-03-02 21:33:47,254 [Command processor thread] INFO  segmented.SegmentedRaftLogWorker (SegmentedRaftLogWorker.java:close(237)) - 06306a50-9ba9-4128-94e0-55d591e142a1@group-681CC91BE6DA-SegmentedRaftLogWorker close()
2022-03-02 21:33:47,256 [Command processor thread] INFO  server.RaftServer$Division (RaftServerImpl.java:groupRemove(382)) - 06306a50-9ba9-4128-94e0-55d591e142a1@group-681CC91BE6DA: Succeed to remove RaftStorageDirectory Storage Directory /home/runner/work/ozone/ozone/hadoop-ozone/integration-test/target/test-dir/MiniOzoneClusterImpl-f745d883-409d-4598-9a00-e779d9019c18/datanode-0/data/ratis/53b8311c-2a52-474f-af65-681cc91be6da
2022-03-02 21:33:47,256 [Command processor thread] INFO  commandhandler.ClosePipelineCommandHandler (ClosePipelineCommandHandler.java:handle(78)) - Close Pipeline PipelineID=53b8311c-2a52-474f-af65-681cc91be6da command on datanode 06306a50-9ba9-4128-94e0-55d591e142a1.
2022-03-02 21:33:47,256 [Command processor thread] INFO  server.RaftServer (RaftServerProxy.java:remove(106)) - 06306a50-9ba9-4128-94e0-55d591e142a1: remove  FOLLOWER 06306a50-9ba9-4128-94e0-55d591e142a1@group-8EC42998B879:t2, leader=ca012516-14dd-42cd-8742-1c9d04d43fd5, voted=ca012516-14dd-42cd-8742-1c9d04d43fd5, raftlog=06306a50-9ba9-4128-94e0-55d591e142a1@group-8EC42998B879-SegmentedRaftLog:OPENED:c0, conf=0: [cdd5360e-d849-4e2b-b62b-b70fbd73a7e1|rpc:10.1.0.35:36141|dataStream:|priority:0, 06306a50-9ba9-4128-94e0-55d591e142a1|rpc:10.1.0.35:42445|dataStream:|priority:0, ca012516-14dd-42cd-8742-1c9d04d43fd5|rpc:10.1.0.35:34561|dataStream:|priority:1], old=null RUNNING
2022-03-02 21:33:47,256 [Command processor thread] INFO  server.RaftServer$Division (RaftServerImpl.java:lambda$close$4(412)) - 06306a50-9ba9-4128-94e0-55d591e142a1@group-8EC42998B879: shutdown
2022-03-02 21:33:47,256 [Command processor thread] INFO  util.JmxRegister (JmxRegister.java:unregister(73)) - Successfully un-registered JMX Bean with object name Ratis:service=RaftServer,group=group-8EC42998B879,id=06306a50-9ba9-4128-94e0-55d591e142a1
2022-03-02 21:33:47,256 [Command processor thread] INFO  impl.RoleInfo (RoleInfo.java:shutdownFollowerState(108)) - 06306a50-9ba9-4128-94e0-55d591e142a1: shutdown 06306a50-9ba9-4128-94e0-55d591e142a1@group-8EC42998B879-FollowerState
2022-03-02 21:33:47,256 [Command processor thread] INFO  impl.StateMachineUpdater (StateMachineUpdater.java:stopAndJoin(149)) - 06306a50-9ba9-4128-94e0-55d591e142a1@group-8EC42998B879-StateMachineUpdater: set stopIndex = 0
2022-03-02 21:33:47,256 [06306a50-9ba9-4128-94e0-55d591e142a1@group-8EC42998B879-FollowerState] INFO  impl.FollowerState (FollowerState.java:run(143)) - 06306a50-9ba9-4128-94e0-55d591e142a1@group-8EC42998B879-FollowerState was interrupted: {}
java.lang.InterruptedException: sleep interrupted
	at java.lang.Thread.sleep(Native Method)
	at java.lang.Thread.sleep(Thread.java:342)
	at java.util.concurrent.TimeUnit.sleep(TimeUnit.java:386)
	at org.apache.ratis.util.TimeDuration.sleep(TimeDuration.java:324)
	at org.apache.ratis.util.TimeDuration.sleep(TimeDuration.java:309)
	at org.apache.ratis.server.impl.FollowerState.run(FollowerState.java:118)
2022-03-02 21:33:47,256 [06306a50-9ba9-4128-94e0-55d591e142a1@group-8EC42998B879-StateMachineUpdater] INFO  ratis.ContainerStateMachine (ContainerStateMachine.java:takeSnapshot(304)) - group-8EC42998B879: Taking a snapshot at:(t:2, i:0) file /home/runner/work/ozone/ozone/hadoop-ozone/integration-test/target/test-dir/MiniOzoneClusterImpl-f745d883-409d-4598-9a00-e779d9019c18/datanode-0/data/ratis/8245a83f-df17-4492-b969-8ec42998b879/sm/snapshot.2_0
2022-03-02 21:33:47,263 [06306a50-9ba9-4128-94e0-55d591e142a1@group-8EC42998B879-StateMachineUpdater] INFO  ratis.ContainerStateMachine (ContainerStateMachine.java:takeSnapshot(315)) - group-8EC42998B879: Finished taking a snapshot at:(t:2, i:0) file:/home/runner/work/ozone/ozone/hadoop-ozone/integration-test/target/test-dir/MiniOzoneClusterImpl-f745d883-409d-4598-9a00-e779d9019c18/datanode-0/data/ratis/8245a83f-df17-4492-b969-8ec42998b879/sm/snapshot.2_0 took: 6 ms
2022-03-02 21:33:47,263 [06306a50-9ba9-4128-94e0-55d591e142a1@group-8EC42998B879-StateMachineUpdater] INFO  impl.StateMachineUpdater (StateMachineUpdater.java:takeSnapshot(281)) - 06306a50-9ba9-4128-94e0-55d591e142a1@group-8EC42998B879-StateMachineUpdater: Took a snapshot at index 0
2022-03-02 21:33:47,263 [06306a50-9ba9-4128-94e0-55d591e142a1@group-8EC42998B879-StateMachineUpdater] INFO  impl.StateMachineUpdater (StateMachineUpdater.java:lambda$new$0(89)) - 06306a50-9ba9-4128-94e0-55d591e142a1@group-8EC42998B879-StateMachineUpdater: snapshotIndex: updateIncreasingly -1 -> 0
2022-03-02 21:33:47,263 [Command processor thread] INFO  server.RaftServer$Division (ServerState.java:close(419)) - 06306a50-9ba9-4128-94e0-55d591e142a1@group-8EC42998B879: closes. applyIndex: 0
2022-03-02 21:33:47,263 [06306a50-9ba9-4128-94e0-55d591e142a1@group-8EC42998B879-SegmentedRaftLogWorker] INFO  segmented.SegmentedRaftLogWorker (SegmentedRaftLogWorker.java:run(327)) - 06306a50-9ba9-4128-94e0-55d591e142a1@group-8EC42998B879-SegmentedRaftLogWorker was interrupted, exiting. There are 0 tasks remaining in the queue.
2022-03-02 21:33:47,280 [Command processor thread] INFO  segmented.SegmentedRaftLogWorker (SegmentedRaftLogWorker.java:close(237)) - 06306a50-9ba9-4128-94e0-55d591e142a1@group-8EC42998B879-SegmentedRaftLogWorker close()
2022-03-02 21:33:47,281 [06306a50-9ba9-4128-94e0-55d591e142a1@group-681CC91BE6DA->ca012516-14dd-42cd-8742-1c9d04d43fd5-GrpcLogAppender-LogAppenderDaemon] WARN  server.GrpcLogAppender (GrpcLogAppender.java:mayWait(177)) - 06306a50-9ba9-4128-94e0-55d591e142a1@group-681CC91BE6DA->ca012516-14dd-42cd-8742-1c9d04d43fd5-GrpcLogAppender: Wait interrupted by java.lang.InterruptedException
2022-03-02 21:33:47,281 [Command processor thread] INFO  server.RaftServer$Division (RaftServerImpl.java:groupRemove(382)) - 06306a50-9ba9-4128-94e0-55d591e142a1@group-8EC42998B879: Succeed to remove RaftStorageDirectory Storage Directory /home/runner/work/ozone/ozone/hadoop-ozone/integration-test/target/test-dir/MiniOzoneClusterImpl-f745d883-409d-4598-9a00-e779d9019c18/datanode-0/data/ratis/8245a83f-df17-4492-b969-8ec42998b879
2022-03-02 21:33:47,281 [Command processor thread] INFO  commandhandler.ClosePipelineCommandHandler (ClosePipelineCommandHandler.java:handle(78)) - Close Pipeline PipelineID=8245a83f-df17-4492-b969-8ec42998b879 command on datanode 06306a50-9ba9-4128-94e0-55d591e142a1.
2022-03-02 21:33:47,281 [Command processor thread] INFO  server.RaftServer (RaftServerProxy.java:remove(106)) - 06306a50-9ba9-4128-94e0-55d591e142a1: remove    LEADER 06306a50-9ba9-4128-94e0-55d591e142a1@group-2F68AEE794C1:t4, leader=06306a50-9ba9-4128-94e0-55d591e142a1, voted=06306a50-9ba9-4128-94e0-55d591e142a1, raftlog=06306a50-9ba9-4128-94e0-55d591e142a1@group-2F68AEE794C1-SegmentedRaftLog:OPENED:c2, conf=1: [cdd5360e-d849-4e2b-b62b-b70fbd73a7e1|rpc:10.1.0.35:36141|dataStream:|priority:1, 06306a50-9ba9-4128-94e0-55d591e142a1|rpc:10.1.0.35:42445|dataStream:|priority:0, ca012516-14dd-42cd-8742-1c9d04d43fd5|rpc:10.1.0.35:34561|dataStream:|priority:0], old=null RUNNING
2022-03-02 21:33:47,282 [Command processor thread] INFO  server.RaftServer$Division (RaftServerImpl.java:lambda$close$4(412)) - 06306a50-9ba9-4128-94e0-55d591e142a1@group-2F68AEE794C1: shutdown
2022-03-02 21:33:47,282 [Command processor thread] INFO  util.JmxRegister (JmxRegister.java:unregister(73)) - Successfully un-registered JMX Bean with object name Ratis:service=RaftServer,group=group-2F68AEE794C1,id=06306a50-9ba9-4128-94e0-55d591e142a1
2022-03-02 21:33:47,282 [Command processor thread] INFO  impl.RoleInfo (RoleInfo.java:shutdownLeaderState(91)) - 06306a50-9ba9-4128-94e0-55d591e142a1: shutdown 06306a50-9ba9-4128-94e0-55d591e142a1@group-2F68AEE794C1-LeaderStateImpl
2022-03-02 21:33:47,282 [Command processor thread] INFO  impl.PendingRequests (PendingRequests.java:sendNotLeaderResponses(282)) - 06306a50-9ba9-4128-94e0-55d591e142a1@group-2F68AEE794C1-PendingRequests: sendNotLeaderResponses
2022-03-02 21:33:47,282 [grpc-default-executor-6] INFO  server.GrpcServerProtocolService (GrpcServerProtocolService.java:onCompleted(140)) - ca012516-14dd-42cd-8742-1c9d04d43fd5: Completed APPEND_ENTRIES, lastRequest: 06306a50-9ba9-4128-94e0-55d591e142a1->ca012516-14dd-42cd-8742-1c9d04d43fd5#1-t1,previous=(t:0, i:0),leaderCommit=0,initializing? true,entries: size=1, first=(t:1, i:0), CONFIGURATIONENTRY
2022-03-02 21:33:47,283 [06306a50-9ba9-4128-94e0-55d591e142a1@group-2F68AEE794C1->ca012516-14dd-42cd-8742-1c9d04d43fd5-GrpcLogAppender-LogAppenderDaemon] WARN  server.GrpcLogAppender (GrpcLogAppender.java:mayWait(177)) - 06306a50-9ba9-4128-94e0-55d591e142a1@group-2F68AEE794C1->ca012516-14dd-42cd-8742-1c9d04d43fd5-GrpcLogAppender: Wait interrupted by java.lang.InterruptedException
2022-03-02 21:33:47,284 [Command processor thread] INFO  impl.StateMachineUpdater (StateMachineUpdater.java:stopAndJoin(149)) - 06306a50-9ba9-4128-94e0-55d591e142a1@group-2F68AEE794C1-StateMachineUpdater: set stopIndex = 2
2022-03-02 21:33:47,284 [06306a50-9ba9-4128-94e0-55d591e142a1@group-2F68AEE794C1-StateMachineUpdater] INFO  ratis.ContainerStateMachine (ContainerStateMachine.java:takeSnapshot(304)) - group-2F68AEE794C1: Taking a snapshot at:(t:4, i:2) file /home/runner/work/ozone/ozone/hadoop-ozone/integration-test/target/test-dir/MiniOzoneClusterImpl-f745d883-409d-4598-9a00-e779d9019c18/datanode-0/data/ratis/9b18829a-a3fc-4ad4-bb5e-2f68aee794c1/sm/snapshot.4_2
2022-03-02 21:33:47,285 [06306a50-9ba9-4128-94e0-55d591e142a1@group-2F68AEE794C1-StateMachineUpdater] INFO  ratis.ContainerStateMachine (ContainerStateMachine.java:takeSnapshot(315)) - group-2F68AEE794C1: Finished taking a snapshot at:(t:4, i:2) file:/home/runner/work/ozone/ozone/hadoop-ozone/integration-test/target/test-dir/MiniOzoneClusterImpl-f745d883-409d-4598-9a00-e779d9019c18/datanode-0/data/ratis/9b18829a-a3fc-4ad4-bb5e-2f68aee794c1/sm/snapshot.4_2 took: 1 ms
2022-03-02 21:33:47,285 [06306a50-9ba9-4128-94e0-55d591e142a1@group-2F68AEE794C1-StateMachineUpdater] INFO  impl.StateMachineUpdater (StateMachineUpdater.java:takeSnapshot(281)) - 06306a50-9ba9-4128-94e0-55d591e142a1@group-2F68AEE794C1-StateMachineUpdater: Took a snapshot at index 2
2022-03-02 21:33:47,285 [06306a50-9ba9-4128-94e0-55d591e142a1@group-2F68AEE794C1-StateMachineUpdater] INFO  impl.StateMachineUpdater (StateMachineUpdater.java:lambda$new$0(89)) - 06306a50-9ba9-4128-94e0-55d591e142a1@group-2F68AEE794C1-StateMachineUpdater: snapshotIndex: updateIncreasingly -1 -> 2
2022-03-02 21:33:47,285 [Command processor thread] INFO  server.RaftServer$Division (ServerState.java:close(419)) - 06306a50-9ba9-4128-94e0-55d591e142a1@group-2F68AEE794C1: closes. applyIndex: 2
2022-03-02 21:33:47,287 [06306a50-9ba9-4128-94e0-55d591e142a1@group-2F68AEE794C1-SegmentedRaftLogWorker] INFO  segmented.SegmentedRaftLogWorker (SegmentedRaftLogWorker.java:run(327)) - 06306a50-9ba9-4128-94e0-55d591e142a1@group-2F68AEE794C1-SegmentedRaftLogWorker was interrupted, exiting. There are 0 tasks remaining in the queue.
2022-03-02 21:33:47,290 [Command processor thread] INFO  segmented.SegmentedRaftLogWorker (SegmentedRaftLogWorker.java:close(237)) - 06306a50-9ba9-4128-94e0-55d591e142a1@group-2F68AEE794C1-SegmentedRaftLogWorker close()
2022-03-02 21:33:47,292 [Command processor thread] INFO  server.RaftServer$Division (RaftServerImpl.java:groupRemove(382)) - 06306a50-9ba9-4128-94e0-55d591e142a1@group-2F68AEE794C1: Succeed to remove RaftStorageDirectory Storage Directory /home/runner/work/ozone/ozone/hadoop-ozone/integration-test/target/test-dir/MiniOzoneClusterImpl-f745d883-409d-4598-9a00-e779d9019c18/datanode-0/data/ratis/9b18829a-a3fc-4ad4-bb5e-2f68aee794c1
2022-03-02 21:33:47,292 [Command processor thread] INFO  commandhandler.ClosePipelineCommandHandler (ClosePipelineCommandHandler.java:handle(78)) - Close Pipeline PipelineID=9b18829a-a3fc-4ad4-bb5e-2f68aee794c1 command on datanode 06306a50-9ba9-4128-94e0-55d591e142a1.
2022-03-02 21:33:47,327 [grpc-default-executor-2] INFO  server.GrpcLogAppender (GrpcLogAppender.java:onCompleted(346)) - 06306a50-9ba9-4128-94e0-55d591e142a1@group-681CC91BE6DA->ca012516-14dd-42cd-8742-1c9d04d43fd5-AppendLogResponseHandler: follower responses appendEntries COMPLETED
2022-03-02 21:33:47,327 [grpc-default-executor-2] INFO  leader.FollowerInfo (FollowerInfoImpl.java:lambda$new$0(47)) - 06306a50-9ba9-4128-94e0-55d591e142a1@group-681CC91BE6DA->ca012516-14dd-42cd-8742-1c9d04d43fd5: nextIndex: updateUnconditionally 1 -> 0
2022-03-02 21:33:47,328 [grpc-default-executor-2] INFO  server.GrpcServerProtocolService (GrpcServerProtocolService.java:onCompleted(140)) - ca012516-14dd-42cd-8742-1c9d04d43fd5: Completed APPEND_ENTRIES, lastRequest: 06306a50-9ba9-4128-94e0-55d591e142a1->ca012516-14dd-42cd-8742-1c9d04d43fd5#2-t4,previous=(t:4, i:1),leaderCommit=1,initializing? true,entries: size=1, first=(t:4, i:2), METADATAENTRY(c:1)
2022-03-02 21:33:47,328 [grpc-default-executor-6] INFO  server.GrpcLogAppender (GrpcLogAppender.java:onCompleted(346)) - 06306a50-9ba9-4128-94e0-55d591e142a1@group-2F68AEE794C1->ca012516-14dd-42cd-8742-1c9d04d43fd5-AppendLogResponseHandler: follower responses appendEntries COMPLETED
2022-03-02 21:33:47,328 [grpc-default-executor-6] INFO  leader.FollowerInfo (FollowerInfoImpl.java:lambda$new$0(47)) - 06306a50-9ba9-4128-94e0-55d591e142a1@group-2F68AEE794C1->ca012516-14dd-42cd-8742-1c9d04d43fd5: nextIndex: updateUnconditionally 3 -> 2
2022-03-02 21:33:48,093 [grpc-default-executor-5] WARN  server.GrpcLogAppender (LogUtils.java:warn(122)) - ca012516-14dd-42cd-8742-1c9d04d43fd5@group-8EC42998B879->cdd5360e-d849-4e2b-b62b-b70fbd73a7e1-AppendLogResponseHandler: Failed appendEntries: org.apache.ratis.thirdparty.io.grpc.StatusRuntimeException: UNAVAILABLE: io exception
2022-03-02 21:33:48,093 [grpc-default-executor-5] WARN  server.GrpcLogAppender (GrpcLogAppender.java:resetClient(110)) - ca012516-14dd-42cd-8742-1c9d04d43fd5@group-8EC42998B879->cdd5360e-d849-4e2b-b62b-b70fbd73a7e1-GrpcLogAppender: Leader has not got in touch with Follower ca012516-14dd-42cd-8742-1c9d04d43fd5@group-8EC42998B879->cdd5360e-d849-4e2b-b62b-b70fbd73a7e1(c0,m0,n1, attendVote=true, lastRpcSendTime=0, lastRpcResponseTime=17569) yet, just keep nextIndex unchanged and retry.
2022-03-02 21:33:48,388 [Command processor thread] INFO  server.RaftServer (RaftServerProxy.java:remove(106)) - ca012516-14dd-42cd-8742-1c9d04d43fd5: remove  FOLLOWER ca012516-14dd-42cd-8742-1c9d04d43fd5@group-681CC91BE6DA:t1, leader=06306a50-9ba9-4128-94e0-55d591e142a1, voted=06306a50-9ba9-4128-94e0-55d591e142a1, raftlog=ca012516-14dd-42cd-8742-1c9d04d43fd5@group-681CC91BE6DA-SegmentedRaftLog:OPENED:c0, conf=0: [cdd5360e-d849-4e2b-b62b-b70fbd73a7e1|rpc:10.1.0.35:36141|dataStream:|priority:0, 06306a50-9ba9-4128-94e0-55d591e142a1|rpc:10.1.0.35:42445|dataStream:|priority:1, ca012516-14dd-42cd-8742-1c9d04d43fd5|rpc:10.1.0.35:34561|dataStream:|priority:0], old=null RUNNING
2022-03-02 21:33:48,388 [Command processor thread] INFO  server.RaftServer$Division (RaftServerImpl.java:lambda$close$4(412)) - ca012516-14dd-42cd-8742-1c9d04d43fd5@group-681CC91BE6DA: shutdown
2022-03-02 21:33:48,388 [Command processor thread] INFO  util.JmxRegister (JmxRegister.java:unregister(73)) - Successfully un-registered JMX Bean with object name Ratis:service=RaftServer,group=group-681CC91BE6DA,id=ca012516-14dd-42cd-8742-1c9d04d43fd5
2022-03-02 21:33:48,388 [Command processor thread] INFO  impl.RoleInfo (RoleInfo.java:shutdownFollowerState(108)) - ca012516-14dd-42cd-8742-1c9d04d43fd5: shutdown ca012516-14dd-42cd-8742-1c9d04d43fd5@group-681CC91BE6DA-FollowerState
2022-03-02 21:33:48,388 [Command processor thread] INFO  impl.StateMachineUpdater (StateMachineUpdater.java:stopAndJoin(149)) - ca012516-14dd-42cd-8742-1c9d04d43fd5@group-681CC91BE6DA-StateMachineUpdater: set stopIndex = 0
2022-03-02 21:33:48,388 [ca012516-14dd-42cd-8742-1c9d04d43fd5@group-681CC91BE6DA-FollowerState] INFO  impl.FollowerState (FollowerState.java:run(143)) - ca012516-14dd-42cd-8742-1c9d04d43fd5@group-681CC91BE6DA-FollowerState was interrupted: {}
java.lang.InterruptedException: sleep interrupted
	at java.lang.Thread.sleep(Native Method)
	at java.lang.Thread.sleep(Thread.java:342)
	at java.util.concurrent.TimeUnit.sleep(TimeUnit.java:386)
	at org.apache.ratis.util.TimeDuration.sleep(TimeDuration.java:324)
	at org.apache.ratis.util.TimeDuration.sleep(TimeDuration.java:309)
	at org.apache.ratis.server.impl.FollowerState.run(FollowerState.java:118)
2022-03-02 21:33:48,389 [ca012516-14dd-42cd-8742-1c9d04d43fd5@group-681CC91BE6DA-StateMachineUpdater] INFO  ratis.ContainerStateMachine (ContainerStateMachine.java:takeSnapshot(304)) - group-681CC91BE6DA: Taking a snapshot at:(t:1, i:0) file /home/runner/work/ozone/ozone/hadoop-ozone/integration-test/target/test-dir/MiniOzoneClusterImpl-f745d883-409d-4598-9a00-e779d9019c18/datanode-2/data/ratis/53b8311c-2a52-474f-af65-681cc91be6da/sm/snapshot.1_0
2022-03-02 21:33:48,390 [ca012516-14dd-42cd-8742-1c9d04d43fd5@group-681CC91BE6DA-StateMachineUpdater] INFO  ratis.ContainerStateMachine (ContainerStateMachine.java:takeSnapshot(315)) - group-681CC91BE6DA: Finished taking a snapshot at:(t:1, i:0) file:/home/runner/work/ozone/ozone/hadoop-ozone/integration-test/target/test-dir/MiniOzoneClusterImpl-f745d883-409d-4598-9a00-e779d9019c18/datanode-2/data/ratis/53b8311c-2a52-474f-af65-681cc91be6da/sm/snapshot.1_0 took: 1 ms
2022-03-02 21:33:48,390 [ca012516-14dd-42cd-8742-1c9d04d43fd5@group-681CC91BE6DA-StateMachineUpdater] INFO  impl.StateMachineUpdater (StateMachineUpdater.java:takeSnapshot(281)) - ca012516-14dd-42cd-8742-1c9d04d43fd5@group-681CC91BE6DA-StateMachineUpdater: Took a snapshot at index 0
2022-03-02 21:33:48,390 [ca012516-14dd-42cd-8742-1c9d04d43fd5@group-681CC91BE6DA-StateMachineUpdater] INFO  impl.StateMachineUpdater (StateMachineUpdater.java:lambda$new$0(89)) - ca012516-14dd-42cd-8742-1c9d04d43fd5@group-681CC91BE6DA-StateMachineUpdater: snapshotIndex: updateIncreasingly -1 -> 0
2022-03-02 21:33:48,391 [Command processor thread] INFO  server.RaftServer$Division (ServerState.java:close(419)) - ca012516-14dd-42cd-8742-1c9d04d43fd5@group-681CC91BE6DA: closes. applyIndex: 0
2022-03-02 21:33:48,391 [ca012516-14dd-42cd-8742-1c9d04d43fd5@group-681CC91BE6DA-SegmentedRaftLogWorker] INFO  segmented.SegmentedRaftLogWorker (SegmentedRaftLogWorker.java:run(327)) - ca012516-14dd-42cd-8742-1c9d04d43fd5@group-681CC91BE6DA-SegmentedRaftLogWorker was interrupted, exiting. There are 0 tasks remaining in the queue.
2022-03-02 21:33:48,393 [Command processor thread] INFO  segmented.SegmentedRaftLogWorker (SegmentedRaftLogWorker.java:close(237)) - ca012516-14dd-42cd-8742-1c9d04d43fd5@group-681CC91BE6DA-SegmentedRaftLogWorker close()
2022-03-02 21:33:48,400 [Command processor thread] INFO  server.RaftServer$Division (RaftServerImpl.java:groupRemove(382)) - ca012516-14dd-42cd-8742-1c9d04d43fd5@group-681CC91BE6DA: Succeed to remove RaftStorageDirectory Storage Directory /home/runner/work/ozone/ozone/hadoop-ozone/integration-test/target/test-dir/MiniOzoneClusterImpl-f745d883-409d-4598-9a00-e779d9019c18/datanode-2/data/ratis/53b8311c-2a52-474f-af65-681cc91be6da
2022-03-02 21:33:48,400 [Command processor thread] INFO  commandhandler.ClosePipelineCommandHandler (ClosePipelineCommandHandler.java:handle(78)) - Close Pipeline PipelineID=53b8311c-2a52-474f-af65-681cc91be6da command on datanode ca012516-14dd-42cd-8742-1c9d04d43fd5.
2022-03-02 21:33:48,400 [Command processor thread] INFO  server.RaftServer (RaftServerProxy.java:remove(106)) - ca012516-14dd-42cd-8742-1c9d04d43fd5: remove    LEADER ca012516-14dd-42cd-8742-1c9d04d43fd5@group-8EC42998B879:t2, leader=ca012516-14dd-42cd-8742-1c9d04d43fd5, voted=ca012516-14dd-42cd-8742-1c9d04d43fd5, raftlog=ca012516-14dd-42cd-8742-1c9d04d43fd5@group-8EC42998B879-SegmentedRaftLog:OPENED:c0, conf=0: [cdd5360e-d849-4e2b-b62b-b70fbd73a7e1|rpc:10.1.0.35:36141|dataStream:|priority:0, 06306a50-9ba9-4128-94e0-55d591e142a1|rpc:10.1.0.35:42445|dataStream:|priority:0, ca012516-14dd-42cd-8742-1c9d04d43fd5|rpc:10.1.0.35:34561|dataStream:|priority:1], old=null RUNNING
2022-03-02 21:33:48,400 [Command processor thread] INFO  server.RaftServer$Division (RaftServerImpl.java:lambda$close$4(412)) - ca012516-14dd-42cd-8742-1c9d04d43fd5@group-8EC42998B879: shutdown
2022-03-02 21:33:48,400 [Command processor thread] INFO  util.JmxRegister (JmxRegister.java:unregister(73)) - Successfully un-registered JMX Bean with object name Ratis:service=RaftServer,group=group-8EC42998B879,id=ca012516-14dd-42cd-8742-1c9d04d43fd5
2022-03-02 21:33:48,400 [Command processor thread] INFO  impl.RoleInfo (RoleInfo.java:shutdownLeaderState(91)) - ca012516-14dd-42cd-8742-1c9d04d43fd5: shutdown ca012516-14dd-42cd-8742-1c9d04d43fd5@group-8EC42998B879-LeaderStateImpl
2022-03-02 21:33:48,400 [Command processor thread] INFO  impl.PendingRequests (PendingRequests.java:sendNotLeaderResponses(282)) - ca012516-14dd-42cd-8742-1c9d04d43fd5@group-8EC42998B879-PendingRequests: sendNotLeaderResponses
2022-03-02 21:33:48,401 [Command processor thread] INFO  impl.StateMachineUpdater (StateMachineUpdater.java:stopAndJoin(149)) - ca012516-14dd-42cd-8742-1c9d04d43fd5@group-8EC42998B879-StateMachineUpdater: set stopIndex = 0
2022-03-02 21:33:48,401 [ca012516-14dd-42cd-8742-1c9d04d43fd5@group-8EC42998B879-StateMachineUpdater] INFO  ratis.ContainerStateMachine (ContainerStateMachine.java:takeSnapshot(304)) - group-8EC42998B879: Taking a snapshot at:(t:2, i:0) file /home/runner/work/ozone/ozone/hadoop-ozone/integration-test/target/test-dir/MiniOzoneClusterImpl-f745d883-409d-4598-9a00-e779d9019c18/datanode-2/data/ratis/8245a83f-df17-4492-b969-8ec42998b879/sm/snapshot.2_0
2022-03-02 21:33:48,401 [ca012516-14dd-42cd-8742-1c9d04d43fd5@group-8EC42998B879->06306a50-9ba9-4128-94e0-55d591e142a1-GrpcLogAppender-LogAppenderDaemon] WARN  server.GrpcLogAppender (GrpcLogAppender.java:mayWait(177)) - ca012516-14dd-42cd-8742-1c9d04d43fd5@group-8EC42998B879->06306a50-9ba9-4128-94e0-55d591e142a1-GrpcLogAppender: Wait interrupted by java.lang.InterruptedException
2022-03-02 21:33:48,407 [ca012516-14dd-42cd-8742-1c9d04d43fd5@group-8EC42998B879-StateMachineUpdater] INFO  ratis.ContainerStateMachine (ContainerStateMachine.java:takeSnapshot(315)) - group-8EC42998B879: Finished taking a snapshot at:(t:2, i:0) file:/home/runner/work/ozone/ozone/hadoop-ozone/integration-test/target/test-dir/MiniOzoneClusterImpl-f745d883-409d-4598-9a00-e779d9019c18/datanode-2/data/ratis/8245a83f-df17-4492-b969-8ec42998b879/sm/snapshot.2_0 took: 6 ms
2022-03-02 21:33:48,407 [grpc-default-executor-5] INFO  server.GrpcServerProtocolService (GrpcServerProtocolService.java:onCompleted(140)) - 06306a50-9ba9-4128-94e0-55d591e142a1: Completed APPEND_ENTRIES, lastRequest: ca012516-14dd-42cd-8742-1c9d04d43fd5->06306a50-9ba9-4128-94e0-55d591e142a1#1-t2,previous=(t:0, i:0),leaderCommit=-1,initializing? true,entries: size=1, first=(t:2, i:0), CONFIGURATIONENTRY
2022-03-02 21:33:48,407 [ca012516-14dd-42cd-8742-1c9d04d43fd5@group-8EC42998B879-StateMachineUpdater] INFO  impl.StateMachineUpdater (StateMachineUpdater.java:takeSnapshot(281)) - ca012516-14dd-42cd-8742-1c9d04d43fd5@group-8EC42998B879-StateMachineUpdater: Took a snapshot at index 0
2022-03-02 21:33:48,407 [ca012516-14dd-42cd-8742-1c9d04d43fd5@group-8EC42998B879-StateMachineUpdater] INFO  impl.StateMachineUpdater (StateMachineUpdater.java:lambda$new$0(89)) - ca012516-14dd-42cd-8742-1c9d04d43fd5@group-8EC42998B879-StateMachineUpdater: snapshotIndex: updateIncreasingly -1 -> 0
2022-03-02 21:33:48,407 [grpc-default-executor-6] INFO  server.GrpcLogAppender (GrpcLogAppender.java:onCompleted(346)) - ca012516-14dd-42cd-8742-1c9d04d43fd5@group-8EC42998B879->06306a50-9ba9-4128-94e0-55d591e142a1-AppendLogResponseHandler: follower responses appendEntries COMPLETED
2022-03-02 21:33:48,407 [grpc-default-executor-6] INFO  leader.FollowerInfo (FollowerInfoImpl.java:lambda$new$0(47)) - ca012516-14dd-42cd-8742-1c9d04d43fd5@group-8EC42998B879->06306a50-9ba9-4128-94e0-55d591e142a1: nextIndex: updateUnconditionally 1 -> 0
2022-03-02 21:33:48,411 [Command processor thread] INFO  server.RaftServer$Division (ServerState.java:close(419)) - ca012516-14dd-42cd-8742-1c9d04d43fd5@group-8EC42998B879: closes. applyIndex: 0
2022-03-02 21:33:48,411 [ca012516-14dd-42cd-8742-1c9d04d43fd5@group-8EC42998B879-SegmentedRaftLogWorker] INFO  segmented.SegmentedRaftLogWorker (SegmentedRaftLogWorker.java:run(327)) - ca012516-14dd-42cd-8742-1c9d04d43fd5@group-8EC42998B879-SegmentedRaftLogWorker was interrupted, exiting. There are 0 tasks remaining in the queue.
2022-03-02 21:33:48,411 [Command processor thread] INFO  segmented.SegmentedRaftLogWorker (SegmentedRaftLogWorker.java:close(237)) - ca012516-14dd-42cd-8742-1c9d04d43fd5@group-8EC42998B879-SegmentedRaftLogWorker close()
2022-03-02 21:33:48,412 [Command processor thread] INFO  server.RaftServer$Division (RaftServerImpl.java:groupRemove(382)) - ca012516-14dd-42cd-8742-1c9d04d43fd5@group-8EC42998B879: Succeed to remove RaftStorageDirectory Storage Directory /home/runner/work/ozone/ozone/hadoop-ozone/integration-test/target/test-dir/MiniOzoneClusterImpl-f745d883-409d-4598-9a00-e779d9019c18/datanode-2/data/ratis/8245a83f-df17-4492-b969-8ec42998b879
2022-03-02 21:33:48,412 [Command processor thread] INFO  commandhandler.ClosePipelineCommandHandler (ClosePipelineCommandHandler.java:handle(78)) - Close Pipeline PipelineID=8245a83f-df17-4492-b969-8ec42998b879 command on datanode ca012516-14dd-42cd-8742-1c9d04d43fd5.
2022-03-02 21:33:48,412 [Command processor thread] INFO  server.RaftServer (RaftServerProxy.java:remove(106)) - ca012516-14dd-42cd-8742-1c9d04d43fd5: remove  FOLLOWER ca012516-14dd-42cd-8742-1c9d04d43fd5@group-2F68AEE794C1:t4, leader=06306a50-9ba9-4128-94e0-55d591e142a1, voted=06306a50-9ba9-4128-94e0-55d591e142a1, raftlog=ca012516-14dd-42cd-8742-1c9d04d43fd5@group-2F68AEE794C1-SegmentedRaftLog:OPENED:c1, conf=1: [cdd5360e-d849-4e2b-b62b-b70fbd73a7e1|rpc:10.1.0.35:36141|dataStream:|priority:1, 06306a50-9ba9-4128-94e0-55d591e142a1|rpc:10.1.0.35:42445|dataStream:|priority:0, ca012516-14dd-42cd-8742-1c9d04d43fd5|rpc:10.1.0.35:34561|dataStream:|priority:0], old=null RUNNING
2022-03-02 21:33:48,412 [Command processor thread] INFO  server.RaftServer$Division (RaftServerImpl.java:lambda$close$4(412)) - ca012516-14dd-42cd-8742-1c9d04d43fd5@group-2F68AEE794C1: shutdown
2022-03-02 21:33:48,412 [Command processor thread] INFO  util.JmxRegister (JmxRegister.java:unregister(73)) - Successfully un-registered JMX Bean with object name Ratis:service=RaftServer,group=group-2F68AEE794C1,id=ca012516-14dd-42cd-8742-1c9d04d43fd5
2022-03-02 21:33:48,412 [Command processor thread] INFO  impl.RoleInfo (RoleInfo.java:shutdownFollowerState(108)) - ca012516-14dd-42cd-8742-1c9d04d43fd5: shutdown ca012516-14dd-42cd-8742-1c9d04d43fd5@group-2F68AEE794C1-FollowerState
2022-03-02 21:33:48,412 [ca012516-14dd-42cd-8742-1c9d04d43fd5@group-2F68AEE794C1-FollowerState] INFO  impl.FollowerState (FollowerState.java:run(143)) - ca012516-14dd-42cd-8742-1c9d04d43fd5@group-2F68AEE794C1-FollowerState was interrupted: {}
java.lang.InterruptedException: sleep interrupted
	at java.lang.Thread.sleep(Native Method)
	at java.lang.Thread.sleep(Thread.java:342)
	at java.util.concurrent.TimeUnit.sleep(TimeUnit.java:386)
	at org.apache.ratis.util.TimeDuration.sleep(TimeDuration.java:324)
	at org.apache.ratis.util.TimeDuration.sleep(TimeDuration.java:309)
	at org.apache.ratis.server.impl.FollowerState.run(FollowerState.java:118)
2022-03-02 21:33:48,413 [ca012516-14dd-42cd-8742-1c9d04d43fd5@group-2F68AEE794C1-StateMachineUpdater] INFO  ratis.ContainerStateMachine (ContainerStateMachine.java:takeSnapshot(304)) - group-2F68AEE794C1: Taking a snapshot at:(t:4, i:1) file /home/runner/work/ozone/ozone/hadoop-ozone/integration-test/target/test-dir/MiniOzoneClusterImpl-f745d883-409d-4598-9a00-e779d9019c18/datanode-2/data/ratis/9b18829a-a3fc-4ad4-bb5e-2f68aee794c1/sm/snapshot.4_1
2022-03-02 21:33:48,413 [Command processor thread] INFO  impl.StateMachineUpdater (StateMachineUpdater.java:stopAndJoin(149)) - ca012516-14dd-42cd-8742-1c9d04d43fd5@group-2F68AEE794C1-StateMachineUpdater: set stopIndex = 1
2022-03-02 21:33:48,414 [ca012516-14dd-42cd-8742-1c9d04d43fd5@group-2F68AEE794C1-StateMachineUpdater] INFO  ratis.ContainerStateMachine (ContainerStateMachine.java:takeSnapshot(315)) - group-2F68AEE794C1: Finished taking a snapshot at:(t:4, i:1) file:/home/runner/work/ozone/ozone/hadoop-ozone/integration-test/target/test-dir/MiniOzoneClusterImpl-f745d883-409d-4598-9a00-e779d9019c18/datanode-2/data/ratis/9b18829a-a3fc-4ad4-bb5e-2f68aee794c1/sm/snapshot.4_1 took: 1 ms
2022-03-02 21:33:48,414 [ca012516-14dd-42cd-8742-1c9d04d43fd5@group-2F68AEE794C1-StateMachineUpdater] INFO  impl.StateMachineUpdater (StateMachineUpdater.java:takeSnapshot(281)) - ca012516-14dd-42cd-8742-1c9d04d43fd5@group-2F68AEE794C1-StateMachineUpdater: Took a snapshot at index 1
2022-03-02 21:33:48,414 [ca012516-14dd-42cd-8742-1c9d04d43fd5@group-2F68AEE794C1-StateMachineUpdater] INFO  impl.StateMachineUpdater (StateMachineUpdater.java:lambda$new$0(89)) - ca012516-14dd-42cd-8742-1c9d04d43fd5@group-2F68AEE794C1-StateMachineUpdater: snapshotIndex: updateIncreasingly -1 -> 1
2022-03-02 21:33:48,444 [Command processor thread] INFO  server.RaftServer$Division (ServerState.java:close(419)) - ca012516-14dd-42cd-8742-1c9d04d43fd5@group-2F68AEE794C1: closes. applyIndex: 1
2022-03-02 21:33:48,444 [ca012516-14dd-42cd-8742-1c9d04d43fd5@group-2F68AEE794C1-SegmentedRaftLogWorker] INFO  segmented.SegmentedRaftLogWorker (SegmentedRaftLogWorker.java:run(327)) - ca012516-14dd-42cd-8742-1c9d04d43fd5@group-2F68AEE794C1-SegmentedRaftLogWorker was interrupted, exiting. There are 0 tasks remaining in the queue.
2022-03-02 21:33:48,444 [Command processor thread] INFO  segmented.SegmentedRaftLogWorker (SegmentedRaftLogWorker.java:close(237)) - ca012516-14dd-42cd-8742-1c9d04d43fd5@group-2F68AEE794C1-SegmentedRaftLogWorker close()
2022-03-02 21:33:48,452 [Command processor thread] INFO  server.RaftServer$Division (RaftServerImpl.java:groupRemove(382)) - ca012516-14dd-42cd-8742-1c9d04d43fd5@group-2F68AEE794C1: Succeed to remove RaftStorageDirectory Storage Directory /home/runner/work/ozone/ozone/hadoop-ozone/integration-test/target/test-dir/MiniOzoneClusterImpl-f745d883-409d-4598-9a00-e779d9019c18/datanode-2/data/ratis/9b18829a-a3fc-4ad4-bb5e-2f68aee794c1
2022-03-02 21:33:48,452 [Command processor thread] INFO  commandhandler.ClosePipelineCommandHandler (ClosePipelineCommandHandler.java:handle(78)) - Close Pipeline PipelineID=9b18829a-a3fc-4ad4-bb5e-2f68aee794c1 command on datanode ca012516-14dd-42cd-8742-1c9d04d43fd5.
2022-03-02 21:34:06,765 [Listener at 127.0.0.1/33667] WARN  io.KeyOutputStream (KeyOutputStream.java:handleException(310)) - Encountered exception java.io.IOException: Unexpected Storage Container Exception: java.util.concurrent.CompletionException: Failed to write chunk 109611004723200001_chunk_6 into block conID: 1 locID: 109611004723200001 bcsId: 10 on the pipeline Pipeline[ Id: a5e47bad-4557-4566-987a-33718a808786, Nodes: cdd5360e-d849-4e2b-b62b-b70fbd73a7e1{ip: 10.1.0.35, host: fv-az294-754.eaanfquahm5ulb5tj050gcxych.jx.internal.cloudapp.net, ports: [REPLICATION=36763, RATIS=36141, RATIS_ADMIN=36141, RATIS_SERVER=36141, STANDALONE=41835], networkLocation: /default-rack, certSerialId: null, persistedOpState: IN_SERVICE, persistedOpStateExpiryEpochSec: 0}, ReplicationConfig: RATIS/ONE, State:OPEN, leaderId:cdd5360e-d849-4e2b-b62b-b70fbd73a7e1, CreationTimestamp2022-03-02T21:33:16.529Z[Etc/UTC]]. The last committed block length is 500, uncommitted data length is 300 retry count 0
2022-03-02 21:34:07,436 [Listener at 127.0.0.1/33667] WARN  impl.MetricRegistriesImpl (MetricRegistriesImpl.java:addReporterRegistration(111)) - New reporters are added after registries were created. Some metrics will be missing from the reporter. Please add reporter before adding any new registry.
2022-03-02 21:34:07,436 [Listener at 127.0.0.1/33667] WARN  impl.MetricRegistriesImpl (MetricRegistriesImpl.java:addReporterRegistration(111)) - New reporters are added after registries were created. Some metrics will be missing from the reporter. Please add reporter before adding any new registry.
2022-03-02 21:34:07,436 [Listener at 127.0.0.1/33667] INFO  impl.MetricsSystemImpl (MetricsSystemImpl.java:init(158)) - HddsDatanode metrics system started (again)
2022-03-02 21:34:07,528 [Listener at 127.0.0.1/33667] INFO  ozone.HddsDatanodeService (HddsDatanodeService.java:start(233)) - HddsDatanodeService host:fv-az294-754.eaanfquahm5ulb5tj050gcxych.jx.internal.cloudapp.net ip:10.1.0.35
2022-03-02 21:34:07,592 [Listener at 127.0.0.1/33667] INFO  upgrade.AbstractLayoutVersionManager (AbstractLayoutVersionManager.java:init(79)) - Initializing Layout version manager with metadata layout = SCM_HA (version = 2), software layout = SCM_HA (version = 2)
2022-03-02 21:34:07,664 [Listener at 127.0.0.1/33667] INFO  reflections.Reflections (Reflections.java:scan(232)) - Reflections took 71 ms to scan 7 urls, producing 122 keys and 286 values 
2022-03-02 21:34:07,670 [Listener at 127.0.0.1/33667] INFO  statemachine.DatanodeStateMachine (DatanodeStateMachine.java:getEndPointTaskThreadPoolSize(222)) - Datanode State Machine Task Thread Pool size 2
2022-03-02 21:34:07,686 [Listener at 127.0.0.1/33667] INFO  volume.HddsVolume (HddsVolume.java:<init>(120)) - Creating HddsVolume: /home/runner/work/ozone/ozone/hadoop-ozone/integration-test/target/test-dir/MiniOzoneClusterImpl-f745d883-409d-4598-9a00-e779d9019c18/datanode-1/data-0/containers/hdds of storage type : DISK capacity : 9223372036854775807
2022-03-02 21:34:07,686 [Listener at 127.0.0.1/33667] INFO  volume.MutableVolumeSet (MutableVolumeSet.java:initializeVolumeSet(168)) - Added Volume : /home/runner/work/ozone/ozone/hadoop-ozone/integration-test/target/test-dir/MiniOzoneClusterImpl-f745d883-409d-4598-9a00-e779d9019c18/datanode-1/data-0/containers/hdds to VolumeSet
2022-03-02 21:34:07,687 [Listener at 127.0.0.1/33667] INFO  volume.ThrottledAsyncChecker (ThrottledAsyncChecker.java:schedule(141)) - Scheduling a check for /home/runner/work/ozone/ozone/hadoop-ozone/integration-test/target/test-dir/MiniOzoneClusterImpl-f745d883-409d-4598-9a00-e779d9019c18/datanode-1/data-0/containers/hdds
2022-03-02 21:34:07,743 [Listener at 127.0.0.1/33667] INFO  volume.StorageVolumeChecker (StorageVolumeChecker.java:checkAllVolumes(202)) - Scheduled health check for volume /home/runner/work/ozone/ozone/hadoop-ozone/integration-test/target/test-dir/MiniOzoneClusterImpl-f745d883-409d-4598-9a00-e779d9019c18/datanode-1/data-0/containers/hdds
2022-03-02 21:34:07,795 [Listener at 127.0.0.1/33667] INFO  volume.MutableVolumeSet (MutableVolumeSet.java:initializeVolumeSet(168)) - Added Volume : /home/runner/work/ozone/ozone/hadoop-ozone/integration-test/target/test-dir/MiniOzoneClusterImpl-f745d883-409d-4598-9a00-e779d9019c18/datanode-1/data/ratis to VolumeSet
2022-03-02 21:34:07,797 [Listener at 127.0.0.1/33667] INFO  volume.ThrottledAsyncChecker (ThrottledAsyncChecker.java:schedule(141)) - Scheduling a check for /home/runner/work/ozone/ozone/hadoop-ozone/integration-test/target/test-dir/MiniOzoneClusterImpl-f745d883-409d-4598-9a00-e779d9019c18/datanode-1/data/ratis
2022-03-02 21:34:07,797 [Listener at 127.0.0.1/33667] INFO  volume.StorageVolumeChecker (StorageVolumeChecker.java:checkAllVolumes(202)) - Scheduled health check for volume /home/runner/work/ozone/ozone/hadoop-ozone/integration-test/target/test-dir/MiniOzoneClusterImpl-f745d883-409d-4598-9a00-e779d9019c18/datanode-1/data/ratis
2022-03-02 21:34:07,899 [Thread-2129] INFO  ozoneimpl.ContainerReader (ContainerReader.java:readVolume(142)) - Start to verify containers on volume /home/runner/work/ozone/ozone/hadoop-ozone/integration-test/target/test-dir/MiniOzoneClusterImpl-f745d883-409d-4598-9a00-e779d9019c18/datanode-1/data-0/containers/hdds
2022-03-02 21:34:08,024 [Thread-2129] INFO  ozoneimpl.ContainerReader (ContainerReader.java:readVolume(172)) - Finish verifying containers on volume /home/runner/work/ozone/ozone/hadoop-ozone/integration-test/target/test-dir/MiniOzoneClusterImpl-f745d883-409d-4598-9a00-e779d9019c18/datanode-1/data-0/containers/hdds
2022-03-02 21:34:08,042 [Listener at 127.0.0.1/33667] INFO  ozoneimpl.OzoneContainer (OzoneContainer.java:buildContainerSet(257)) - Build ContainerSet costs 0s
2022-03-02 21:34:08,043 [Listener at 127.0.0.1/33667] INFO  server.RaftServer (ConfUtils.java:logGet(44)) - raft.rpc.type = GRPC (default)
2022-03-02 21:34:08,044 [Listener at 127.0.0.1/33667] INFO  grpc.GrpcFactory (GrpcFactory.java:checkPooledByteBufAllocatorUseCacheForAllThreads(48)) - PERFORMANCE WARNING: useCacheForAllThreads is true that may cause Netty to create a lot garbage objects and, as a result, trigger GC.
	It is recommended to disable useCacheForAllThreads by setting -Dorg.apache.ratis.thirdparty.io.netty.allocator.useCacheForAllThreads=false in command line.
2022-03-02 21:34:08,044 [Listener at 127.0.0.1/33667] INFO  grpc.GrpcConfigKeys (ConfUtils.java:logGet(44)) - raft.grpc.admin.port = 36141 (custom)
2022-03-02 21:34:08,044 [Listener at 127.0.0.1/33667] INFO  grpc.GrpcConfigKeys (ConfUtils.java:logGet(44)) - raft.grpc.client.port = 36141 (custom)
2022-03-02 21:34:08,044 [Listener at 127.0.0.1/33667] INFO  grpc.GrpcConfigKeys (ConfUtils.java:logGet(44)) - raft.grpc.server.port = 36141 (custom)
2022-03-02 21:34:08,044 [Listener at 127.0.0.1/33667] INFO  server.GrpcService (ConfUtils.java:logGet(44)) - raft.grpc.message.size.max = 32MB (=33554432) (custom)
2022-03-02 21:34:08,044 [Listener at 127.0.0.1/33667] INFO  server.RaftServerConfigKeys (ConfUtils.java:logGet(44)) - raft.server.log.appender.buffer.byte-limit = 33554432 (custom)
2022-03-02 21:34:08,044 [Listener at 127.0.0.1/33667] INFO  server.GrpcService (ConfUtils.java:logGet(44)) - raft.grpc.flow.control.window = 5MB (=5242880) (custom)
2022-03-02 21:34:08,044 [Listener at 127.0.0.1/33667] INFO  server.RaftServerConfigKeys (ConfUtils.java:logGet(44)) - raft.server.rpc.request.timeout = 3000ms (default)
2022-03-02 21:34:08,045 [Listener at 127.0.0.1/33667] INFO  impl.DataStreamServerImpl (ConfUtils.java:logGet(44)) - raft.datastream.type = DISABLED (default)
2022-03-02 21:34:08,045 [Listener at 127.0.0.1/33667] INFO  server.RaftServerConfigKeys (ConfUtils.java:logGet(44)) - raft.server.rpc.slowness.timeout = 300000ms (custom)
2022-03-02 21:34:08,045 [Listener at 127.0.0.1/33667] INFO  server.RaftServerConfigKeys (ConfUtils.java:logGet(44)) - raft.server.leaderelection.leader.step-down.wait-time = 10s (default)
2022-03-02 21:34:08,045 [Listener at 127.0.0.1/33667] INFO  server.RaftServerConfigKeys (ConfUtils.java:logGet(44)) - raft.server.storage.dir = [/home/runner/work/ozone/ozone/hadoop-ozone/integration-test/target/test-dir/MiniOzoneClusterImpl-f745d883-409d-4598-9a00-e779d9019c18/datanode-1/data/ratis] (custom)
2022-03-02 21:34:08,045 [Listener at 127.0.0.1/33667] INFO  server.RaftServer (RaftServerProxy.java:lambda$null$1(235)) - cdd5360e-d849-4e2b-b62b-b70fbd73a7e1: found a subdirectory /home/runner/work/ozone/ozone/hadoop-ozone/integration-test/target/test-dir/MiniOzoneClusterImpl-f745d883-409d-4598-9a00-e779d9019c18/datanode-1/data/ratis/8245a83f-df17-4492-b969-8ec42998b879
2022-03-02 21:34:08,048 [Listener at 127.0.0.1/33667] INFO  server.RaftServer (RaftServerProxy.java:addNew(95)) - cdd5360e-d849-4e2b-b62b-b70fbd73a7e1: addNew group-8EC42998B879:[] returns group-8EC42998B879:java.util.concurrent.CompletableFuture@1438e93d[Not completed]
2022-03-02 21:34:08,048 [Listener at 127.0.0.1/33667] INFO  server.RaftServer (RaftServerProxy.java:lambda$null$1(235)) - cdd5360e-d849-4e2b-b62b-b70fbd73a7e1: found a subdirectory /home/runner/work/ozone/ozone/hadoop-ozone/integration-test/target/test-dir/MiniOzoneClusterImpl-f745d883-409d-4598-9a00-e779d9019c18/datanode-1/data/ratis/9b18829a-a3fc-4ad4-bb5e-2f68aee794c1
2022-03-02 21:34:08,048 [Listener at 127.0.0.1/33667] INFO  server.RaftServer (RaftServerProxy.java:addNew(95)) - cdd5360e-d849-4e2b-b62b-b70fbd73a7e1: addNew group-2F68AEE794C1:[] returns group-2F68AEE794C1:java.util.concurrent.CompletableFuture@5c8db01c[Not completed]
2022-03-02 21:34:08,048 [Listener at 127.0.0.1/33667] INFO  server.RaftServer (RaftServerProxy.java:lambda$null$1(235)) - cdd5360e-d849-4e2b-b62b-b70fbd73a7e1: found a subdirectory /home/runner/work/ozone/ozone/hadoop-ozone/integration-test/target/test-dir/MiniOzoneClusterImpl-f745d883-409d-4598-9a00-e779d9019c18/datanode-1/data/ratis/53b8311c-2a52-474f-af65-681cc91be6da
2022-03-02 21:34:08,048 [Listener at 127.0.0.1/33667] INFO  server.RaftServer (RaftServerProxy.java:addNew(95)) - cdd5360e-d849-4e2b-b62b-b70fbd73a7e1: addNew group-681CC91BE6DA:[] returns group-681CC91BE6DA:java.util.concurrent.CompletableFuture@25c67a76[Not completed]
2022-03-02 21:34:08,048 [Listener at 127.0.0.1/33667] INFO  server.RaftServer (RaftServerProxy.java:lambda$null$1(235)) - cdd5360e-d849-4e2b-b62b-b70fbd73a7e1: found a subdirectory /home/runner/work/ozone/ozone/hadoop-ozone/integration-test/target/test-dir/MiniOzoneClusterImpl-f745d883-409d-4598-9a00-e779d9019c18/datanode-1/data/ratis/a5e47bad-4557-4566-987a-33718a808786
2022-03-02 21:34:08,048 [Listener at 127.0.0.1/33667] INFO  server.RaftServer (RaftServerProxy.java:addNew(95)) - cdd5360e-d849-4e2b-b62b-b70fbd73a7e1: addNew group-33718A808786:[] returns group-33718A808786:java.util.concurrent.CompletableFuture@7903c853[Not completed]
2022-03-02 21:34:08,049 [Listener at 127.0.0.1/33667] INFO  server.XceiverServerGrpc (XceiverServerGrpc.java:<init>(132)) - GrpcServer channel type EpollServerSocketChannel
2022-03-02 21:34:08,051 [pool-777-thread-1] INFO  server.RaftServer$Division (RaftServerImpl.java:<init>(184)) - cdd5360e-d849-4e2b-b62b-b70fbd73a7e1: new RaftServerImpl for group-8EC42998B879:[] with ContainerStateMachine:uninitialized
2022-03-02 21:34:08,056 [pool-777-thread-1] INFO  server.RaftServerConfigKeys (ConfUtils.java:logGet(44)) - raft.server.rpc.timeout.min = 5s (custom)
2022-03-02 21:34:08,060 [Listener at 127.0.0.1/33667] INFO  http.BaseHttpServer (BaseHttpServer.java:newHttpServer2BuilderForOzone(209)) - Starting Web-server for hddsDatanode at: http://0.0.0.0:38029
2022-03-02 21:34:08,067 [Listener at 127.0.0.1/33667] INFO  http.BaseHttpServer (BaseHttpServer.java:<init>(107)) - Hadoop Security Enabled: false Ozone Security Enabled: false Ozone HTTP Security Enabled: false 
2022-03-02 21:34:08,068 [Listener at 127.0.0.1/33667] INFO  server.AuthenticationFilter (AuthenticationFilter.java:constructSecretProvider(240)) - Unable to initialize FileSignerSecretProvider, falling back to use random secrets.
2022-03-02 21:34:08,068 [pool-777-thread-1] INFO  server.RaftServerConfigKeys (ConfUtils.java:logGet(44)) - raft.server.rpc.timeout.max = 5200ms (custom)
2022-03-02 21:34:08,068 [pool-777-thread-1] INFO  server.RaftServerConfigKeys (ConfUtils.java:logGet(44)) - raft.server.rpc.sleep.time = 25ms (default)
2022-03-02 21:34:08,068 [pool-777-thread-1] INFO  server.RaftServerConfigKeys (ConfUtils.java:logGet(44)) - raft.server.rpc.slowness.timeout = 300000ms (custom)
2022-03-02 21:34:08,068 [pool-777-thread-1] INFO  server.RaftServerConfigKeys (ConfUtils.java:logGet(44)) - raft.server.leaderelection.leader.step-down.wait-time = 10s (default)
2022-03-02 21:34:08,068 [pool-777-thread-1] INFO  server.RaftServerConfigKeys (ConfUtils.java:logGet(44)) - raft.server.sleep.deviation.threshold = 300ms (default)
2022-03-02 21:34:08,068 [pool-777-thread-1] INFO  server.RaftServerConfigKeys (ConfUtils.java:logGet(44)) - raft.server.log.appender.install.snapshot.enabled = false (custom)
2022-03-02 21:34:08,068 [pool-777-thread-1] INFO  server.RaftServer$Division (ServerState.java:<init>(105)) - cdd5360e-d849-4e2b-b62b-b70fbd73a7e1@group-8EC42998B879: ConfigurationManager, init=-1: [], old=null, confs=<EMPTY_MAP>
2022-03-02 21:34:08,068 [pool-777-thread-1] INFO  server.RaftServerConfigKeys (ConfUtils.java:logGet(44)) - raft.server.storage.dir = [/home/runner/work/ozone/ozone/hadoop-ozone/integration-test/target/test-dir/MiniOzoneClusterImpl-f745d883-409d-4598-9a00-e779d9019c18/datanode-1/data/ratis] (custom)
2022-03-02 21:34:08,068 [pool-777-thread-1] INFO  server.RaftServerConfigKeys (ConfUtils.java:logGet(44)) - raft.server.log.corruption.policy = EXCEPTION (default)
2022-03-02 21:34:08,068 [pool-777-thread-1] INFO  server.RaftServerConfigKeys (ConfUtils.java:logGet(44)) - raft.server.storage.free-space.min = 0MB (=0) (default)
2022-03-02 21:34:08,077 [pool-777-thread-1] INFO  storage.RaftStorageDirectory (RaftStorageDirectoryImpl.java:tryLock(230)) - Lock on /home/runner/work/ozone/ozone/hadoop-ozone/integration-test/target/test-dir/MiniOzoneClusterImpl-f745d883-409d-4598-9a00-e779d9019c18/datanode-1/data/ratis/8245a83f-df17-4492-b969-8ec42998b879/in_use.lock acquired by nodename 22518@fv-az294-754
2022-03-02 21:34:08,077 [pool-777-thread-1] INFO  storage.RaftStorage (RaftStorageImpl.java:analyzeAndRecoverStorage(110)) - Read RaftStorageMetadata{term=2, votedFor=cdd5360e-d849-4e2b-b62b-b70fbd73a7e1} from /home/runner/work/ozone/ozone/hadoop-ozone/integration-test/target/test-dir/MiniOzoneClusterImpl-f745d883-409d-4598-9a00-e779d9019c18/datanode-1/data/ratis/8245a83f-df17-4492-b969-8ec42998b879/current/raft-meta
2022-03-02 21:34:08,125 [pool-777-thread-1] INFO  ratis.ContainerStateMachine (ContainerStateMachine.java:loadSnapshot(245)) - group-8EC42998B879: Setting the last applied index to (t:2, i:0)
2022-03-02 21:34:08,125 [pool-777-thread-1] INFO  server.RaftServer$Division (ServerState.java:setRaftConf(387)) - cdd5360e-d849-4e2b-b62b-b70fbd73a7e1@group-8EC42998B879: set configuration 0: [cdd5360e-d849-4e2b-b62b-b70fbd73a7e1|rpc:10.1.0.35:36141|dataStream:|priority:0, 06306a50-9ba9-4128-94e0-55d591e142a1|rpc:10.1.0.35:42445|dataStream:|priority:0, ca012516-14dd-42cd-8742-1c9d04d43fd5|rpc:10.1.0.35:34561|dataStream:|priority:1], old=null
2022-03-02 21:34:08,125 [pool-777-thread-1] INFO  server.RaftServerConfigKeys (ConfUtils.java:logGet(44)) - raft.server.notification.no-leader.timeout = 300000ms (custom)
2022-03-02 21:34:08,125 [pool-777-thread-1] INFO  server.RaftServerConfigKeys (ConfUtils.java:logGet(44)) - raft.server.log.use.memory = false (default)
2022-03-02 21:34:08,125 [pool-777-thread-1] INFO  server.RaftServerConfigKeys (ConfUtils.java:logGet(44)) - raft.server.log.purge.gap = 1000000 (custom)
2022-03-02 21:34:08,125 [pool-777-thread-1] INFO  server.RaftServerConfigKeys (ConfUtils.java:logGet(44)) - raft.server.log.appender.buffer.byte-limit = 33554432 (custom)
2022-03-02 21:34:08,126 [pool-777-thread-1] INFO  server.RaftServerConfigKeys (ConfUtils.java:logGet(44)) - raft.server.log.segment.size.max = 1048576 (custom)
2022-03-02 21:34:08,126 [pool-777-thread-1] INFO  server.RaftServerConfigKeys (ConfUtils.java:logGet(44)) - raft.server.log.segment.cache.num.max = 2 (custom)
2022-03-02 21:34:08,126 [pool-777-thread-1] INFO  server.RaftServerConfigKeys (ConfUtils.java:logGet(44)) - raft.server.log.segment.cache.size.max = 200MB (=209715200) (default)
2022-03-02 21:34:08,126 [pool-777-thread-1] INFO  segmented.SegmentedRaftLogWorker (SegmentedRaftLogWorker.java:<init>(182)) - new cdd5360e-d849-4e2b-b62b-b70fbd73a7e1@group-8EC42998B879-SegmentedRaftLogWorker for RaftStorageImpl:Storage Directory /home/runner/work/ozone/ozone/hadoop-ozone/integration-test/target/test-dir/MiniOzoneClusterImpl-f745d883-409d-4598-9a00-e779d9019c18/datanode-1/data/ratis/8245a83f-df17-4492-b969-8ec42998b879
2022-03-02 21:34:08,126 [pool-777-thread-1] INFO  server.RaftServerConfigKeys (ConfUtils.java:logGet(44)) - raft.server.log.queue.byte-limit = 4294967296 (custom)
2022-03-02 21:34:08,126 [pool-777-thread-1] INFO  server.RaftServerConfigKeys (ConfUtils.java:logGet(44)) - raft.server.log.queue.element-limit = 1024 (custom)
2022-03-02 21:34:08,126 [pool-777-thread-1] INFO  server.RaftServerConfigKeys (ConfUtils.java:logGet(44)) - raft.server.log.segment.size.max = 1048576 (custom)
2022-03-02 21:34:08,126 [pool-777-thread-1] INFO  server.RaftServerConfigKeys (ConfUtils.java:logGet(44)) - raft.server.log.preallocated.size = 16384 (custom)
2022-03-02 21:34:08,126 [pool-777-thread-1] INFO  server.RaftServerConfigKeys (ConfUtils.java:logGet(44)) - raft.server.log.force.sync.num = 128 (default)
2022-03-02 21:34:08,126 [pool-777-thread-1] INFO  server.RaftServerConfigKeys (ConfUtils.java:logGet(44)) - raft.server.log.statemachine.data.sync = true (default)
2022-03-02 21:34:08,126 [pool-777-thread-1] INFO  server.RaftServerConfigKeys (ConfUtils.java:logGet(44)) - raft.server.log.statemachine.data.sync.timeout = 10s (default)
2022-03-02 21:34:08,126 [pool-777-thread-1] INFO  server.RaftServerConfigKeys (ConfUtils.java:logGet(44)) - raft.server.log.statemachine.data.sync.timeout.retry = -1 (default)
2022-03-02 21:34:08,127 [pool-777-thread-1] INFO  server.RaftServerConfigKeys (ConfUtils.java:logGet(44)) - raft.server.log.write.buffer.size = 1048576 (custom)
2022-03-02 21:34:08,131 [pool-777-thread-1] INFO  server.RaftServerConfigKeys (ConfUtils.java:logGet(44)) - raft.server.log.statemachine.data.caching.enabled = true (custom)
2022-03-02 21:34:08,131 [pool-777-thread-1] INFO  server.RaftServer$Division (ServerState.java:setRaftConf(387)) - cdd5360e-d849-4e2b-b62b-b70fbd73a7e1@group-8EC42998B879: set configuration 0: [cdd5360e-d849-4e2b-b62b-b70fbd73a7e1|rpc:10.1.0.35:36141|dataStream:|priority:0, 06306a50-9ba9-4128-94e0-55d591e142a1|rpc:10.1.0.35:42445|dataStream:|priority:0, ca012516-14dd-42cd-8742-1c9d04d43fd5|rpc:10.1.0.35:34561|dataStream:|priority:1], old=null
2022-03-02 21:34:08,132 [pool-777-thread-1] INFO  segmented.LogSegment (LogSegment.java:loadSegment(173)) - Successfully read 1 entries from segment file /home/runner/work/ozone/ozone/hadoop-ozone/integration-test/target/test-dir/MiniOzoneClusterImpl-f745d883-409d-4598-9a00-e779d9019c18/datanode-1/data/ratis/8245a83f-df17-4492-b969-8ec42998b879/current/log_inprogress_0
2022-03-02 21:34:08,132 [pool-777-thread-1] INFO  segmented.SegmentedRaftLogWorker (SegmentedRaftLogWorker.java:lambda$new$0(133)) - cdd5360e-d849-4e2b-b62b-b70fbd73a7e1@group-8EC42998B879-SegmentedRaftLogWorker: flushIndex: setUnconditionally 0 -> 0
2022-03-02 21:34:08,132 [pool-777-thread-1] INFO  segmented.SegmentedRaftLogWorker (SegmentedRaftLogWorker.java:lambda$new$0(133)) - cdd5360e-d849-4e2b-b62b-b70fbd73a7e1@group-8EC42998B879-SegmentedRaftLogWorker: safeCacheEvictIndex: setUnconditionally 0 -> -1
2022-03-02 21:34:08,141 [Listener at 127.0.0.1/33667] WARN  http.HttpRequestLog (HttpRequestLog.java:getRequestLog(103)) - Jetty request log can only be enabled using Log4j
2022-03-02 21:34:08,141 [Listener at 127.0.0.1/33667] INFO  http.HttpServer2 (HttpServer2.java:addGlobalFilter(1030)) - Added global filter 'safety' (class=org.apache.hadoop.hdds.server.http.HttpServer2$QuotingInputFilter)
2022-03-02 21:34:08,142 [Listener at 127.0.0.1/33667] INFO  http.HttpServer2 (HttpServer2.java:addFilter(1006)) - Added filter static_user_filter (class=org.apache.hadoop.http.lib.StaticUserWebFilter$StaticUserFilter) to context hddsDatanode
2022-03-02 21:34:08,142 [Listener at 127.0.0.1/33667] INFO  http.HttpServer2 (HttpServer2.java:addFilter(1014)) - Added filter static_user_filter (class=org.apache.hadoop.http.lib.StaticUserWebFilter$StaticUserFilter) to context logs
2022-03-02 21:34:08,142 [Listener at 127.0.0.1/33667] INFO  http.HttpServer2 (HttpServer2.java:addFilter(1014)) - Added filter static_user_filter (class=org.apache.hadoop.http.lib.StaticUserWebFilter$StaticUserFilter) to context static
2022-03-02 21:34:08,142 [Listener at 127.0.0.1/33667] INFO  http.HttpServer2 (HttpServer2.java:bindListener(1249)) - Jetty bound to port 38029
2022-03-02 21:34:08,142 [Listener at 127.0.0.1/33667] INFO  server.Server (Server.java:doStart(375)) - jetty-9.4.43.v20210629; built: 2021-06-30T11:07:22.254Z; git: 526006ecfa3af7f1a27ef3a288e2bef7ea9dd7e8; jvm 1.8.0_322-b06
2022-03-02 21:34:08,197 [pool-777-thread-1] INFO  server.RaftServerConfigKeys (ConfUtils.java:logGet(44)) - raft.server.snapshot.auto.trigger.enabled = true (custom)
2022-03-02 21:34:08,197 [pool-777-thread-1] INFO  server.RaftServerConfigKeys (ConfUtils.java:logGet(44)) - raft.server.snapshot.auto.trigger.threshold = 10000 (custom)
2022-03-02 21:34:08,197 [pool-777-thread-1] INFO  server.RaftServerConfigKeys (ConfUtils.java:logGet(44)) - raft.server.snapshot.retention.file.num = 5 (custom)
2022-03-02 21:34:08,197 [pool-777-thread-1] INFO  server.RaftServerConfigKeys (ConfUtils.java:logGet(44)) - raft.server.log.purge.upto.snapshot.index = false (default)
2022-03-02 21:34:08,197 [pool-777-thread-1] INFO  server.RaftServerConfigKeys (ConfUtils.java:logGet(44)) - raft.server.retrycache.expirytime = 600000ms (custom)
2022-03-02 21:34:08,197 [pool-777-thread-1] INFO  server.RaftServerConfigKeys (ConfUtils.java:logGet(44)) - raft.server.retrycache.statistics.expirytime = 100μs (default)
2022-03-02 21:34:08,199 [pool-777-thread-1] INFO  server.RaftServer$Division (RaftServerImpl.java:<init>(184)) - cdd5360e-d849-4e2b-b62b-b70fbd73a7e1: new RaftServerImpl for group-2F68AEE794C1:[] with ContainerStateMachine:uninitialized
2022-03-02 21:34:08,199 [pool-777-thread-1] INFO  server.RaftServerConfigKeys (ConfUtils.java:logGet(44)) - raft.server.rpc.timeout.min = 5s (custom)
2022-03-02 21:34:08,199 [pool-777-thread-1] INFO  server.RaftServerConfigKeys (ConfUtils.java:logGet(44)) - raft.server.rpc.timeout.max = 5200ms (custom)
2022-03-02 21:34:08,199 [pool-777-thread-1] INFO  server.RaftServerConfigKeys (ConfUtils.java:logGet(44)) - raft.server.rpc.sleep.time = 25ms (default)
2022-03-02 21:34:08,200 [pool-777-thread-1] INFO  server.RaftServerConfigKeys (ConfUtils.java:logGet(44)) - raft.server.rpc.slowness.timeout = 300000ms (custom)
2022-03-02 21:34:08,200 [pool-777-thread-1] INFO  server.RaftServerConfigKeys (ConfUtils.java:logGet(44)) - raft.server.leaderelection.leader.step-down.wait-time = 10s (default)
2022-03-02 21:34:08,200 [pool-777-thread-1] INFO  server.RaftServerConfigKeys (ConfUtils.java:logGet(44)) - raft.server.sleep.deviation.threshold = 300ms (default)
2022-03-02 21:34:08,200 [pool-777-thread-1] INFO  server.RaftServerConfigKeys (ConfUtils.java:logGet(44)) - raft.server.log.appender.install.snapshot.enabled = false (custom)
2022-03-02 21:34:08,200 [pool-777-thread-1] INFO  server.RaftServer$Division (ServerState.java:<init>(105)) - cdd5360e-d849-4e2b-b62b-b70fbd73a7e1@group-2F68AEE794C1: ConfigurationManager, init=-1: [], old=null, confs=<EMPTY_MAP>
2022-03-02 21:34:08,200 [pool-777-thread-1] INFO  server.RaftServerConfigKeys (ConfUtils.java:logGet(44)) - raft.server.storage.dir = [/home/runner/work/ozone/ozone/hadoop-ozone/integration-test/target/test-dir/MiniOzoneClusterImpl-f745d883-409d-4598-9a00-e779d9019c18/datanode-1/data/ratis] (custom)
2022-03-02 21:34:08,200 [pool-777-thread-1] INFO  server.RaftServerConfigKeys (ConfUtils.java:logGet(44)) - raft.server.log.corruption.policy = EXCEPTION (default)
2022-03-02 21:34:08,200 [pool-777-thread-1] INFO  server.RaftServerConfigKeys (ConfUtils.java:logGet(44)) - raft.server.storage.free-space.min = 0MB (=0) (default)
2022-03-02 21:34:08,201 [pool-777-thread-1] INFO  storage.RaftStorageDirectory (RaftStorageDirectoryImpl.java:tryLock(230)) - Lock on /home/runner/work/ozone/ozone/hadoop-ozone/integration-test/target/test-dir/MiniOzoneClusterImpl-f745d883-409d-4598-9a00-e779d9019c18/datanode-1/data/ratis/9b18829a-a3fc-4ad4-bb5e-2f68aee794c1/in_use.lock acquired by nodename 22518@fv-az294-754
2022-03-02 21:34:08,201 [pool-777-thread-1] INFO  storage.RaftStorage (RaftStorageImpl.java:analyzeAndRecoverStorage(110)) - Read RaftStorageMetadata{term=2, votedFor=cdd5360e-d849-4e2b-b62b-b70fbd73a7e1} from /home/runner/work/ozone/ozone/hadoop-ozone/integration-test/target/test-dir/MiniOzoneClusterImpl-f745d883-409d-4598-9a00-e779d9019c18/datanode-1/data/ratis/9b18829a-a3fc-4ad4-bb5e-2f68aee794c1/current/raft-meta
2022-03-02 21:34:08,201 [pool-777-thread-1] INFO  ratis.ContainerStateMachine (ContainerStateMachine.java:loadSnapshot(245)) - group-2F68AEE794C1: Setting the last applied index to (t:2, i:0)
2022-03-02 21:34:08,202 [pool-777-thread-1] INFO  server.RaftServer$Division (ServerState.java:setRaftConf(387)) - cdd5360e-d849-4e2b-b62b-b70fbd73a7e1@group-2F68AEE794C1: set configuration 0: [cdd5360e-d849-4e2b-b62b-b70fbd73a7e1|rpc:10.1.0.35:36141|dataStream:|priority:1, 06306a50-9ba9-4128-94e0-55d591e142a1|rpc:10.1.0.35:42445|dataStream:|priority:0, ca012516-14dd-42cd-8742-1c9d04d43fd5|rpc:10.1.0.35:34561|dataStream:|priority:0], old=null
2022-03-02 21:34:08,202 [pool-777-thread-1] INFO  server.RaftServerConfigKeys (ConfUtils.java:logGet(44)) - raft.server.notification.no-leader.timeout = 300000ms (custom)
2022-03-02 21:34:08,202 [pool-777-thread-1] INFO  server.RaftServerConfigKeys (ConfUtils.java:logGet(44)) - raft.server.log.use.memory = false (default)
2022-03-02 21:34:08,202 [pool-777-thread-1] INFO  server.RaftServerConfigKeys (ConfUtils.java:logGet(44)) - raft.server.log.purge.gap = 1000000 (custom)
2022-03-02 21:34:08,202 [pool-777-thread-1] INFO  server.RaftServerConfigKeys (ConfUtils.java:logGet(44)) - raft.server.log.appender.buffer.byte-limit = 33554432 (custom)
2022-03-02 21:34:08,202 [pool-777-thread-1] INFO  server.RaftServerConfigKeys (ConfUtils.java:logGet(44)) - raft.server.log.segment.size.max = 1048576 (custom)
2022-03-02 21:34:08,202 [pool-777-thread-1] INFO  server.RaftServerConfigKeys (ConfUtils.java:logGet(44)) - raft.server.log.segment.cache.num.max = 2 (custom)
2022-03-02 21:34:08,202 [pool-777-thread-1] INFO  server.RaftServerConfigKeys (ConfUtils.java:logGet(44)) - raft.server.log.segment.cache.size.max = 200MB (=209715200) (default)
2022-03-02 21:34:08,203 [pool-777-thread-1] INFO  segmented.SegmentedRaftLogWorker (SegmentedRaftLogWorker.java:<init>(182)) - new cdd5360e-d849-4e2b-b62b-b70fbd73a7e1@group-2F68AEE794C1-SegmentedRaftLogWorker for RaftStorageImpl:Storage Directory /home/runner/work/ozone/ozone/hadoop-ozone/integration-test/target/test-dir/MiniOzoneClusterImpl-f745d883-409d-4598-9a00-e779d9019c18/datanode-1/data/ratis/9b18829a-a3fc-4ad4-bb5e-2f68aee794c1
2022-03-02 21:34:08,203 [pool-777-thread-1] INFO  server.RaftServerConfigKeys (ConfUtils.java:logGet(44)) - raft.server.log.queue.byte-limit = 4294967296 (custom)
2022-03-02 21:34:08,203 [pool-777-thread-1] INFO  server.RaftServerConfigKeys (ConfUtils.java:logGet(44)) - raft.server.log.queue.element-limit = 1024 (custom)
2022-03-02 21:34:08,203 [pool-777-thread-1] INFO  server.RaftServerConfigKeys (ConfUtils.java:logGet(44)) - raft.server.log.segment.size.max = 1048576 (custom)
2022-03-02 21:34:08,203 [pool-777-thread-1] INFO  server.RaftServerConfigKeys (ConfUtils.java:logGet(44)) - raft.server.log.preallocated.size = 16384 (custom)
2022-03-02 21:34:08,203 [pool-777-thread-1] INFO  server.RaftServerConfigKeys (ConfUtils.java:logGet(44)) - raft.server.log.force.sync.num = 128 (default)
2022-03-02 21:34:08,203 [pool-777-thread-1] INFO  server.RaftServerConfigKeys (ConfUtils.java:logGet(44)) - raft.server.log.statemachine.data.sync = true (default)
2022-03-02 21:34:08,203 [pool-777-thread-1] INFO  server.RaftServerConfigKeys (ConfUtils.java:logGet(44)) - raft.server.log.statemachine.data.sync.timeout = 10s (default)
2022-03-02 21:34:08,203 [pool-777-thread-1] INFO  server.RaftServerConfigKeys (ConfUtils.java:logGet(44)) - raft.server.log.statemachine.data.sync.timeout.retry = -1 (default)
2022-03-02 21:34:08,212 [Listener at 127.0.0.1/33667] INFO  server.session (DefaultSessionIdManager.java:doStart(334)) - DefaultSessionIdManager workerName=node0
2022-03-02 21:34:08,213 [Listener at 127.0.0.1/33667] INFO  server.session (DefaultSessionIdManager.java:doStart(339)) - No SessionScavenger set, using defaults
2022-03-02 21:34:08,213 [Listener at 127.0.0.1/33667] INFO  server.session (HouseKeeper.java:startScavenging(132)) - node0 Scavenging every 600000ms
2022-03-02 21:34:08,213 [Listener at 127.0.0.1/33667] INFO  handler.ContextHandler (ContextHandler.java:doStart(915)) - Started o.e.j.s.ServletContextHandler@45693506{logs,/logs,file:///home/runner/work/ozone/ozone/hadoop-ozone/integration-test/target/log,AVAILABLE}
2022-03-02 21:34:08,213 [Listener at 127.0.0.1/33667] INFO  handler.ContextHandler (ContextHandler.java:doStart(915)) - Started o.e.j.s.ServletContextHandler@dea341{static,/static,jar:file:/home/runner/.m2/repository/org/apache/ozone/hdds-container-service/1.3.0-SNAPSHOT/hdds-container-service-1.3.0-SNAPSHOT.jar!/webapps/static,AVAILABLE}
2022-03-02 21:34:08,216 [pool-777-thread-1] INFO  server.RaftServerConfigKeys (ConfUtils.java:logGet(44)) - raft.server.log.write.buffer.size = 1048576 (custom)
2022-03-02 21:34:08,216 [pool-777-thread-1] INFO  server.RaftServerConfigKeys (ConfUtils.java:logGet(44)) - raft.server.log.statemachine.data.caching.enabled = true (custom)
2022-03-02 21:34:08,217 [pool-777-thread-1] INFO  server.RaftServer$Division (ServerState.java:setRaftConf(387)) - cdd5360e-d849-4e2b-b62b-b70fbd73a7e1@group-2F68AEE794C1: set configuration 0: [cdd5360e-d849-4e2b-b62b-b70fbd73a7e1|rpc:10.1.0.35:36141|dataStream:|priority:1, 06306a50-9ba9-4128-94e0-55d591e142a1|rpc:10.1.0.35:42445|dataStream:|priority:0, ca012516-14dd-42cd-8742-1c9d04d43fd5|rpc:10.1.0.35:34561|dataStream:|priority:0], old=null
2022-03-02 21:34:08,217 [pool-777-thread-1] INFO  segmented.LogSegment (LogSegment.java:loadSegment(173)) - Successfully read 1 entries from segment file /home/runner/work/ozone/ozone/hadoop-ozone/integration-test/target/test-dir/MiniOzoneClusterImpl-f745d883-409d-4598-9a00-e779d9019c18/datanode-1/data/ratis/9b18829a-a3fc-4ad4-bb5e-2f68aee794c1/current/log_inprogress_0
2022-03-02 21:34:08,217 [pool-777-thread-1] INFO  segmented.SegmentedRaftLogWorker (SegmentedRaftLogWorker.java:lambda$new$0(133)) - cdd5360e-d849-4e2b-b62b-b70fbd73a7e1@group-2F68AEE794C1-SegmentedRaftLogWorker: flushIndex: setUnconditionally 0 -> 0
2022-03-02 21:34:08,217 [pool-777-thread-1] INFO  segmented.SegmentedRaftLogWorker (SegmentedRaftLogWorker.java:lambda$new$0(133)) - cdd5360e-d849-4e2b-b62b-b70fbd73a7e1@group-2F68AEE794C1-SegmentedRaftLogWorker: safeCacheEvictIndex: setUnconditionally 0 -> -1
2022-03-02 21:34:08,231 [pool-777-thread-1] INFO  server.RaftServerConfigKeys (ConfUtils.java:logGet(44)) - raft.server.snapshot.auto.trigger.enabled = true (custom)
2022-03-02 21:34:08,231 [pool-777-thread-1] INFO  server.RaftServerConfigKeys (ConfUtils.java:logGet(44)) - raft.server.snapshot.auto.trigger.threshold = 10000 (custom)
2022-03-02 21:34:08,231 [pool-777-thread-1] INFO  server.RaftServerConfigKeys (ConfUtils.java:logGet(44)) - raft.server.snapshot.retention.file.num = 5 (custom)
2022-03-02 21:34:08,231 [pool-777-thread-1] INFO  server.RaftServerConfigKeys (ConfUtils.java:logGet(44)) - raft.server.log.purge.upto.snapshot.index = false (default)
2022-03-02 21:34:08,231 [pool-777-thread-1] INFO  server.RaftServerConfigKeys (ConfUtils.java:logGet(44)) - raft.server.retrycache.expirytime = 600000ms (custom)
2022-03-02 21:34:08,231 [pool-777-thread-1] INFO  server.RaftServerConfigKeys (ConfUtils.java:logGet(44)) - raft.server.retrycache.statistics.expirytime = 100μs (default)
2022-03-02 21:34:08,233 [pool-777-thread-1] INFO  server.RaftServer$Division (RaftServerImpl.java:<init>(184)) - cdd5360e-d849-4e2b-b62b-b70fbd73a7e1: new RaftServerImpl for group-681CC91BE6DA:[] with ContainerStateMachine:uninitialized
2022-03-02 21:34:08,233 [pool-777-thread-1] INFO  server.RaftServerConfigKeys (ConfUtils.java:logGet(44)) - raft.server.rpc.timeout.min = 5s (custom)
2022-03-02 21:34:08,233 [pool-777-thread-1] INFO  server.RaftServerConfigKeys (ConfUtils.java:logGet(44)) - raft.server.rpc.timeout.max = 5200ms (custom)
2022-03-02 21:34:08,233 [pool-777-thread-1] INFO  server.RaftServerConfigKeys (ConfUtils.java:logGet(44)) - raft.server.rpc.sleep.time = 25ms (default)
2022-03-02 21:34:08,233 [pool-777-thread-1] INFO  server.RaftServerConfigKeys (ConfUtils.java:logGet(44)) - raft.server.rpc.slowness.timeout = 300000ms (custom)
2022-03-02 21:34:08,233 [pool-777-thread-1] INFO  server.RaftServerConfigKeys (ConfUtils.java:logGet(44)) - raft.server.leaderelection.leader.step-down.wait-time = 10s (default)
2022-03-02 21:34:08,233 [pool-777-thread-1] INFO  server.RaftServerConfigKeys (ConfUtils.java:logGet(44)) - raft.server.sleep.deviation.threshold = 300ms (default)
2022-03-02 21:34:08,233 [pool-777-thread-1] INFO  server.RaftServerConfigKeys (ConfUtils.java:logGet(44)) - raft.server.log.appender.install.snapshot.enabled = false (custom)
2022-03-02 21:34:08,233 [pool-777-thread-1] INFO  server.RaftServer$Division (ServerState.java:<init>(105)) - cdd5360e-d849-4e2b-b62b-b70fbd73a7e1@group-681CC91BE6DA: ConfigurationManager, init=-1: [], old=null, confs=<EMPTY_MAP>
2022-03-02 21:34:08,233 [pool-777-thread-1] INFO  server.RaftServerConfigKeys (ConfUtils.java:logGet(44)) - raft.server.storage.dir = [/home/runner/work/ozone/ozone/hadoop-ozone/integration-test/target/test-dir/MiniOzoneClusterImpl-f745d883-409d-4598-9a00-e779d9019c18/datanode-1/data/ratis] (custom)
2022-03-02 21:34:08,233 [pool-777-thread-1] INFO  server.RaftServerConfigKeys (ConfUtils.java:logGet(44)) - raft.server.log.corruption.policy = EXCEPTION (default)
2022-03-02 21:34:08,233 [pool-777-thread-1] INFO  server.RaftServerConfigKeys (ConfUtils.java:logGet(44)) - raft.server.storage.free-space.min = 0MB (=0) (default)
2022-03-02 21:34:08,243 [pool-777-thread-1] INFO  storage.RaftStorageDirectory (RaftStorageDirectoryImpl.java:tryLock(230)) - Lock on /home/runner/work/ozone/ozone/hadoop-ozone/integration-test/target/test-dir/MiniOzoneClusterImpl-f745d883-409d-4598-9a00-e779d9019c18/datanode-1/data/ratis/53b8311c-2a52-474f-af65-681cc91be6da/in_use.lock acquired by nodename 22518@fv-az294-754
2022-03-02 21:34:08,244 [pool-777-thread-1] INFO  storage.RaftStorage (RaftStorageImpl.java:analyzeAndRecoverStorage(110)) - Read RaftStorageMetadata{term=1, votedFor=06306a50-9ba9-4128-94e0-55d591e142a1} from /home/runner/work/ozone/ozone/hadoop-ozone/integration-test/target/test-dir/MiniOzoneClusterImpl-f745d883-409d-4598-9a00-e779d9019c18/datanode-1/data/ratis/53b8311c-2a52-474f-af65-681cc91be6da/current/raft-meta
2022-03-02 21:34:08,244 [pool-777-thread-1] INFO  ratis.ContainerStateMachine (ContainerStateMachine.java:loadSnapshot(245)) - group-681CC91BE6DA: Setting the last applied index to (t:1, i:0)
2022-03-02 21:34:08,244 [pool-777-thread-1] INFO  server.RaftServer$Division (ServerState.java:setRaftConf(387)) - cdd5360e-d849-4e2b-b62b-b70fbd73a7e1@group-681CC91BE6DA: set configuration 0: [cdd5360e-d849-4e2b-b62b-b70fbd73a7e1|rpc:10.1.0.35:36141|dataStream:|priority:0, 06306a50-9ba9-4128-94e0-55d591e142a1|rpc:10.1.0.35:42445|dataStream:|priority:1, ca012516-14dd-42cd-8742-1c9d04d43fd5|rpc:10.1.0.35:34561|dataStream:|priority:0], old=null
2022-03-02 21:34:08,244 [pool-777-thread-1] INFO  server.RaftServerConfigKeys (ConfUtils.java:logGet(44)) - raft.server.notification.no-leader.timeout = 300000ms (custom)
2022-03-02 21:34:08,244 [pool-777-thread-1] INFO  server.RaftServerConfigKeys (ConfUtils.java:logGet(44)) - raft.server.log.use.memory = false (default)
2022-03-02 21:34:08,244 [pool-777-thread-1] INFO  server.RaftServerConfigKeys (ConfUtils.java:logGet(44)) - raft.server.log.purge.gap = 1000000 (custom)
2022-03-02 21:34:08,244 [pool-777-thread-1] INFO  server.RaftServerConfigKeys (ConfUtils.java:logGet(44)) - raft.server.log.appender.buffer.byte-limit = 33554432 (custom)
2022-03-02 21:34:08,245 [pool-777-thread-1] INFO  server.RaftServerConfigKeys (ConfUtils.java:logGet(44)) - raft.server.log.segment.size.max = 1048576 (custom)
2022-03-02 21:34:08,245 [pool-777-thread-1] INFO  server.RaftServerConfigKeys (ConfUtils.java:logGet(44)) - raft.server.log.segment.cache.num.max = 2 (custom)
2022-03-02 21:34:08,245 [pool-777-thread-1] INFO  server.RaftServerConfigKeys (ConfUtils.java:logGet(44)) - raft.server.log.segment.cache.size.max = 200MB (=209715200) (default)
2022-03-02 21:34:08,245 [pool-777-thread-1] INFO  segmented.SegmentedRaftLogWorker (SegmentedRaftLogWorker.java:<init>(182)) - new cdd5360e-d849-4e2b-b62b-b70fbd73a7e1@group-681CC91BE6DA-SegmentedRaftLogWorker for RaftStorageImpl:Storage Directory /home/runner/work/ozone/ozone/hadoop-ozone/integration-test/target/test-dir/MiniOzoneClusterImpl-f745d883-409d-4598-9a00-e779d9019c18/datanode-1/data/ratis/53b8311c-2a52-474f-af65-681cc91be6da
2022-03-02 21:34:08,245 [pool-777-thread-1] INFO  server.RaftServerConfigKeys (ConfUtils.java:logGet(44)) - raft.server.log.queue.byte-limit = 4294967296 (custom)
2022-03-02 21:34:08,245 [pool-777-thread-1] INFO  server.RaftServerConfigKeys (ConfUtils.java:logGet(44)) - raft.server.log.queue.element-limit = 1024 (custom)
2022-03-02 21:34:08,245 [pool-777-thread-1] INFO  server.RaftServerConfigKeys (ConfUtils.java:logGet(44)) - raft.server.log.segment.size.max = 1048576 (custom)
2022-03-02 21:34:08,245 [pool-777-thread-1] INFO  server.RaftServerConfigKeys (ConfUtils.java:logGet(44)) - raft.server.log.preallocated.size = 16384 (custom)
2022-03-02 21:34:08,245 [pool-777-thread-1] INFO  server.RaftServerConfigKeys (ConfUtils.java:logGet(44)) - raft.server.log.force.sync.num = 128 (default)
2022-03-02 21:34:08,245 [pool-777-thread-1] INFO  server.RaftServerConfigKeys (ConfUtils.java:logGet(44)) - raft.server.log.statemachine.data.sync = true (default)
2022-03-02 21:34:08,245 [pool-777-thread-1] INFO  server.RaftServerConfigKeys (ConfUtils.java:logGet(44)) - raft.server.log.statemachine.data.sync.timeout = 10s (default)
2022-03-02 21:34:08,245 [pool-777-thread-1] INFO  server.RaftServerConfigKeys (ConfUtils.java:logGet(44)) - raft.server.log.statemachine.data.sync.timeout.retry = -1 (default)
2022-03-02 21:34:08,246 [pool-777-thread-1] INFO  server.RaftServerConfigKeys (ConfUtils.java:logGet(44)) - raft.server.log.write.buffer.size = 1048576 (custom)
2022-03-02 21:34:08,249 [pool-777-thread-1] INFO  server.RaftServerConfigKeys (ConfUtils.java:logGet(44)) - raft.server.log.statemachine.data.caching.enabled = true (custom)
2022-03-02 21:34:08,250 [pool-777-thread-1] INFO  server.RaftServer$Division (ServerState.java:setRaftConf(387)) - cdd5360e-d849-4e2b-b62b-b70fbd73a7e1@group-681CC91BE6DA: set configuration 0: [cdd5360e-d849-4e2b-b62b-b70fbd73a7e1|rpc:10.1.0.35:36141|dataStream:|priority:0, 06306a50-9ba9-4128-94e0-55d591e142a1|rpc:10.1.0.35:42445|dataStream:|priority:1, ca012516-14dd-42cd-8742-1c9d04d43fd5|rpc:10.1.0.35:34561|dataStream:|priority:0], old=null
2022-03-02 21:34:08,250 [pool-777-thread-1] INFO  segmented.LogSegment (LogSegment.java:loadSegment(173)) - Successfully read 1 entries from segment file /home/runner/work/ozone/ozone/hadoop-ozone/integration-test/target/test-dir/MiniOzoneClusterImpl-f745d883-409d-4598-9a00-e779d9019c18/datanode-1/data/ratis/53b8311c-2a52-474f-af65-681cc91be6da/current/log_inprogress_0
2022-03-02 21:34:08,250 [pool-777-thread-1] INFO  segmented.SegmentedRaftLogWorker (SegmentedRaftLogWorker.java:lambda$new$0(133)) - cdd5360e-d849-4e2b-b62b-b70fbd73a7e1@group-681CC91BE6DA-SegmentedRaftLogWorker: flushIndex: setUnconditionally 0 -> 0
2022-03-02 21:34:08,250 [pool-777-thread-1] INFO  segmented.SegmentedRaftLogWorker (SegmentedRaftLogWorker.java:lambda$new$0(133)) - cdd5360e-d849-4e2b-b62b-b70fbd73a7e1@group-681CC91BE6DA-SegmentedRaftLogWorker: safeCacheEvictIndex: setUnconditionally 0 -> -1
2022-03-02 21:34:08,263 [pool-777-thread-1] INFO  server.RaftServerConfigKeys (ConfUtils.java:logGet(44)) - raft.server.snapshot.auto.trigger.enabled = true (custom)
2022-03-02 21:34:08,263 [pool-777-thread-1] INFO  server.RaftServerConfigKeys (ConfUtils.java:logGet(44)) - raft.server.snapshot.auto.trigger.threshold = 10000 (custom)
2022-03-02 21:34:08,263 [pool-777-thread-1] INFO  server.RaftServerConfigKeys (ConfUtils.java:logGet(44)) - raft.server.snapshot.retention.file.num = 5 (custom)
2022-03-02 21:34:08,263 [pool-777-thread-1] INFO  server.RaftServerConfigKeys (ConfUtils.java:logGet(44)) - raft.server.log.purge.upto.snapshot.index = false (default)
2022-03-02 21:34:08,263 [pool-777-thread-1] INFO  server.RaftServerConfigKeys (ConfUtils.java:logGet(44)) - raft.server.retrycache.expirytime = 600000ms (custom)
2022-03-02 21:34:08,263 [pool-777-thread-1] INFO  server.RaftServerConfigKeys (ConfUtils.java:logGet(44)) - raft.server.retrycache.statistics.expirytime = 100μs (default)
2022-03-02 21:34:08,265 [pool-777-thread-1] INFO  server.RaftServer$Division (RaftServerImpl.java:<init>(184)) - cdd5360e-d849-4e2b-b62b-b70fbd73a7e1: new RaftServerImpl for group-33718A808786:[] with ContainerStateMachine:uninitialized
2022-03-02 21:34:08,265 [pool-777-thread-1] INFO  server.RaftServerConfigKeys (ConfUtils.java:logGet(44)) - raft.server.rpc.timeout.min = 5s (custom)
2022-03-02 21:34:08,265 [pool-777-thread-1] INFO  server.RaftServerConfigKeys (ConfUtils.java:logGet(44)) - raft.server.rpc.timeout.max = 5200ms (custom)
2022-03-02 21:34:08,265 [pool-777-thread-1] INFO  server.RaftServerConfigKeys (ConfUtils.java:logGet(44)) - raft.server.rpc.sleep.time = 25ms (default)
2022-03-02 21:34:08,265 [pool-777-thread-1] INFO  server.RaftServerConfigKeys (ConfUtils.java:logGet(44)) - raft.server.rpc.slowness.timeout = 300000ms (custom)
2022-03-02 21:34:08,265 [pool-777-thread-1] INFO  server.RaftServerConfigKeys (ConfUtils.java:logGet(44)) - raft.server.leaderelection.leader.step-down.wait-time = 10s (default)
2022-03-02 21:34:08,265 [pool-777-thread-1] INFO  server.RaftServerConfigKeys (ConfUtils.java:logGet(44)) - raft.server.sleep.deviation.threshold = 300ms (default)
2022-03-02 21:34:08,265 [pool-777-thread-1] INFO  server.RaftServerConfigKeys (ConfUtils.java:logGet(44)) - raft.server.log.appender.install.snapshot.enabled = false (custom)
2022-03-02 21:34:08,265 [pool-777-thread-1] INFO  server.RaftServer$Division (ServerState.java:<init>(105)) - cdd5360e-d849-4e2b-b62b-b70fbd73a7e1@group-33718A808786: ConfigurationManager, init=-1: [], old=null, confs=<EMPTY_MAP>
2022-03-02 21:34:08,265 [pool-777-thread-1] INFO  server.RaftServerConfigKeys (ConfUtils.java:logGet(44)) - raft.server.storage.dir = [/home/runner/work/ozone/ozone/hadoop-ozone/integration-test/target/test-dir/MiniOzoneClusterImpl-f745d883-409d-4598-9a00-e779d9019c18/datanode-1/data/ratis] (custom)
2022-03-02 21:34:08,265 [pool-777-thread-1] INFO  server.RaftServerConfigKeys (ConfUtils.java:logGet(44)) - raft.server.log.corruption.policy = EXCEPTION (default)
2022-03-02 21:34:08,265 [pool-777-thread-1] INFO  server.RaftServerConfigKeys (ConfUtils.java:logGet(44)) - raft.server.storage.free-space.min = 0MB (=0) (default)
2022-03-02 21:34:08,279 [pool-777-thread-1] INFO  storage.RaftStorageDirectory (RaftStorageDirectoryImpl.java:tryLock(230)) - Lock on /home/runner/work/ozone/ozone/hadoop-ozone/integration-test/target/test-dir/MiniOzoneClusterImpl-f745d883-409d-4598-9a00-e779d9019c18/datanode-1/data/ratis/a5e47bad-4557-4566-987a-33718a808786/in_use.lock acquired by nodename 22518@fv-az294-754
2022-03-02 21:34:08,287 [pool-777-thread-1] INFO  storage.RaftStorage (RaftStorageImpl.java:analyzeAndRecoverStorage(110)) - Read RaftStorageMetadata{term=1, votedFor=cdd5360e-d849-4e2b-b62b-b70fbd73a7e1} from /home/runner/work/ozone/ozone/hadoop-ozone/integration-test/target/test-dir/MiniOzoneClusterImpl-f745d883-409d-4598-9a00-e779d9019c18/datanode-1/data/ratis/a5e47bad-4557-4566-987a-33718a808786/current/raft-meta
2022-03-02 21:34:08,287 [pool-777-thread-1] INFO  ratis.ContainerStateMachine (ContainerStateMachine.java:loadSnapshot(245)) - group-33718A808786: Setting the last applied index to (t:1, i:11)
2022-03-02 21:34:08,288 [pool-777-thread-1] INFO  server.RaftServer$Division (ServerState.java:setRaftConf(387)) - cdd5360e-d849-4e2b-b62b-b70fbd73a7e1@group-33718A808786: set configuration 0: [cdd5360e-d849-4e2b-b62b-b70fbd73a7e1|rpc:10.1.0.35:36141|dataStream:|priority:1], old=null
2022-03-02 21:34:08,288 [pool-777-thread-1] INFO  server.RaftServerConfigKeys (ConfUtils.java:logGet(44)) - raft.server.notification.no-leader.timeout = 300000ms (custom)
2022-03-02 21:34:08,288 [pool-777-thread-1] INFO  server.RaftServerConfigKeys (ConfUtils.java:logGet(44)) - raft.server.log.use.memory = false (default)
2022-03-02 21:34:08,288 [pool-777-thread-1] INFO  server.RaftServerConfigKeys (ConfUtils.java:logGet(44)) - raft.server.log.purge.gap = 1000000 (custom)
2022-03-02 21:34:08,288 [pool-777-thread-1] INFO  server.RaftServerConfigKeys (ConfUtils.java:logGet(44)) - raft.server.log.appender.buffer.byte-limit = 33554432 (custom)
2022-03-02 21:34:08,288 [pool-777-thread-1] INFO  server.RaftServerConfigKeys (ConfUtils.java:logGet(44)) - raft.server.log.segment.size.max = 1048576 (custom)
2022-03-02 21:34:08,288 [pool-777-thread-1] INFO  server.RaftServerConfigKeys (ConfUtils.java:logGet(44)) - raft.server.log.segment.cache.num.max = 2 (custom)
2022-03-02 21:34:08,289 [pool-777-thread-1] INFO  server.RaftServerConfigKeys (ConfUtils.java:logGet(44)) - raft.server.log.segment.cache.size.max = 200MB (=209715200) (default)
2022-03-02 21:34:08,289 [pool-777-thread-1] INFO  segmented.SegmentedRaftLogWorker (SegmentedRaftLogWorker.java:<init>(182)) - new cdd5360e-d849-4e2b-b62b-b70fbd73a7e1@group-33718A808786-SegmentedRaftLogWorker for RaftStorageImpl:Storage Directory /home/runner/work/ozone/ozone/hadoop-ozone/integration-test/target/test-dir/MiniOzoneClusterImpl-f745d883-409d-4598-9a00-e779d9019c18/datanode-1/data/ratis/a5e47bad-4557-4566-987a-33718a808786
2022-03-02 21:34:08,289 [pool-777-thread-1] INFO  server.RaftServerConfigKeys (ConfUtils.java:logGet(44)) - raft.server.log.queue.byte-limit = 4294967296 (custom)
2022-03-02 21:34:08,289 [pool-777-thread-1] INFO  server.RaftServerConfigKeys (ConfUtils.java:logGet(44)) - raft.server.log.queue.element-limit = 1024 (custom)
2022-03-02 21:34:08,289 [pool-777-thread-1] INFO  server.RaftServerConfigKeys (ConfUtils.java:logGet(44)) - raft.server.log.segment.size.max = 1048576 (custom)
2022-03-02 21:34:08,289 [pool-777-thread-1] INFO  server.RaftServerConfigKeys (ConfUtils.java:logGet(44)) - raft.server.log.preallocated.size = 16384 (custom)
2022-03-02 21:34:08,289 [pool-777-thread-1] INFO  server.RaftServerConfigKeys (ConfUtils.java:logGet(44)) - raft.server.log.force.sync.num = 128 (default)
2022-03-02 21:34:08,289 [pool-777-thread-1] INFO  server.RaftServerConfigKeys (ConfUtils.java:logGet(44)) - raft.server.log.statemachine.data.sync = true (default)
2022-03-02 21:34:08,289 [pool-777-thread-1] INFO  server.RaftServerConfigKeys (ConfUtils.java:logGet(44)) - raft.server.log.statemachine.data.sync.timeout = 10s (default)
2022-03-02 21:34:08,289 [pool-777-thread-1] INFO  server.RaftServerConfigKeys (ConfUtils.java:logGet(44)) - raft.server.log.statemachine.data.sync.timeout.retry = -1 (default)
2022-03-02 21:34:08,295 [pool-777-thread-1] INFO  server.RaftServerConfigKeys (ConfUtils.java:logGet(44)) - raft.server.log.write.buffer.size = 1048576 (custom)
2022-03-02 21:34:08,296 [pool-777-thread-1] INFO  server.RaftServerConfigKeys (ConfUtils.java:logGet(44)) - raft.server.log.statemachine.data.caching.enabled = true (custom)
2022-03-02 21:34:08,297 [pool-777-thread-1] INFO  server.RaftServer$Division (ServerState.java:setRaftConf(387)) - cdd5360e-d849-4e2b-b62b-b70fbd73a7e1@group-33718A808786: set configuration 0: [cdd5360e-d849-4e2b-b62b-b70fbd73a7e1|rpc:10.1.0.35:36141|dataStream:|priority:1], old=null
2022-03-02 21:34:08,297 [pool-777-thread-1] INFO  segmented.LogSegment (LogSegment.java:loadSegment(173)) - Successfully read 12 entries from segment file /home/runner/work/ozone/ozone/hadoop-ozone/integration-test/target/test-dir/MiniOzoneClusterImpl-f745d883-409d-4598-9a00-e779d9019c18/datanode-1/data/ratis/a5e47bad-4557-4566-987a-33718a808786/current/log_inprogress_0
2022-03-02 21:34:08,297 [pool-777-thread-1] INFO  segmented.SegmentedRaftLogWorker (SegmentedRaftLogWorker.java:lambda$new$0(133)) - cdd5360e-d849-4e2b-b62b-b70fbd73a7e1@group-33718A808786-SegmentedRaftLogWorker: flushIndex: setUnconditionally 0 -> 11
2022-03-02 21:34:08,297 [pool-777-thread-1] INFO  segmented.SegmentedRaftLogWorker (SegmentedRaftLogWorker.java:lambda$new$0(133)) - cdd5360e-d849-4e2b-b62b-b70fbd73a7e1@group-33718A808786-SegmentedRaftLogWorker: safeCacheEvictIndex: setUnconditionally 0 -> -1
2022-03-02 21:34:08,302 [pool-777-thread-1] INFO  raftlog.RaftLog (RaftLogBase.java:lambda$new$0(53)) - cdd5360e-d849-4e2b-b62b-b70fbd73a7e1@group-33718A808786-SegmentedRaftLog: commitIndex: updateToMax old=11, new=10, updated? false
2022-03-02 21:34:08,302 [pool-777-thread-1] INFO  server.RaftServerConfigKeys (ConfUtils.java:logGet(44)) - raft.server.snapshot.auto.trigger.enabled = true (custom)
2022-03-02 21:34:08,302 [pool-777-thread-1] INFO  server.RaftServerConfigKeys (ConfUtils.java:logGet(44)) - raft.server.snapshot.auto.trigger.threshold = 10000 (custom)
2022-03-02 21:34:08,302 [pool-777-thread-1] INFO  server.RaftServerConfigKeys (ConfUtils.java:logGet(44)) - raft.server.snapshot.retention.file.num = 5 (custom)
2022-03-02 21:34:08,302 [pool-777-thread-1] INFO  server.RaftServerConfigKeys (ConfUtils.java:logGet(44)) - raft.server.log.purge.upto.snapshot.index = false (default)
2022-03-02 21:34:08,302 [pool-777-thread-1] INFO  server.RaftServerConfigKeys (ConfUtils.java:logGet(44)) - raft.server.retrycache.expirytime = 600000ms (custom)
2022-03-02 21:34:08,311 [pool-777-thread-1] INFO  server.RaftServerConfigKeys (ConfUtils.java:logGet(44)) - raft.server.retrycache.statistics.expirytime = 100μs (default)
2022-03-02 21:34:08,360 [Listener at 127.0.0.1/33667] INFO  handler.ContextHandler (ContextHandler.java:doStart(915)) - Started o.e.j.w.WebAppContext@2a50f3fa{hddsDatanode,/,file:///tmp/jetty-0_0_0_0-38029-hdds-container-service-1_3_0-SNAPSHOT_jar-_-any-8201166535123627225/webapp/,AVAILABLE}{jar:file:/home/runner/.m2/repository/org/apache/ozone/hdds-container-service/1.3.0-SNAPSHOT/hdds-container-service-1.3.0-SNAPSHOT.jar!/webapps/hddsDatanode}
2022-03-02 21:34:08,390 [Listener at 127.0.0.1/33667] INFO  server.AbstractConnector (AbstractConnector.java:doStart(331)) - Started ServerConnector@694db115{HTTP/1.1, (http/1.1)}{0.0.0.0:38029}
2022-03-02 21:34:08,390 [Listener at 127.0.0.1/33667] INFO  server.Server (Server.java:doStart(415)) - Started @289743ms
2022-03-02 21:34:08,390 [Listener at 127.0.0.1/33667] WARN  impl.MetricsSystemImpl (MetricsSystemImpl.java:register(279)) - Sink prometheus already exists!
2022-03-02 21:34:08,417 [Listener at 127.0.0.1/33667] INFO  http.BaseHttpServer (BaseHttpServer.java:updateConnectorAddress(329)) - HTTP server of hddsDatanode listening at http://0.0.0.0:38029
2022-03-02 21:34:08,438 [Listener at 127.0.0.1/33667] INFO  ozone.MiniOzoneClusterImpl (MiniOzoneClusterImpl.java:lambda$waitForClusterToBeReady$0(219)) - Waiting for nodes to be ready. Got 6 of 7 DN Heartbeats.
2022-03-02 21:34:08,438 [Listener at 127.0.0.1/33667] INFO  ozone.MiniOzoneClusterImpl (MiniOzoneClusterImpl.java:lambda$waitForClusterToBeReady$0(222)) - Cluster exits safe mode
2022-03-02 21:34:08,438 [Listener at 127.0.0.1/33667] INFO  ozone.MiniOzoneClusterImpl (MiniOzoneClusterImpl.java:lambda$waitForClusterToBeReady$0(224)) - SCM became leader
2022-03-02 21:34:08,438 [Datanode State Machine Daemon Thread] INFO  statemachine.DatanodeStateMachine (DatanodeStateMachine.java:lambda$startDaemon$0(470)) - Ozone container server started.
2022-03-02 21:34:08,475 [org.apache.hadoop.util.JvmPauseMonitor$Monitor@374e28b2] INFO  util.JvmPauseMonitor (JvmPauseMonitor.java:run(188)) - Starting JVM pause monitor
2022-03-02 21:34:09,438 [Listener at 127.0.0.1/33667] INFO  ozone.MiniOzoneClusterImpl (MiniOzoneClusterImpl.java:lambda$waitForClusterToBeReady$0(219)) - Waiting for nodes to be ready. Got 6 of 7 DN Heartbeats.
2022-03-02 21:34:09,438 [Listener at 127.0.0.1/33667] INFO  ozone.MiniOzoneClusterImpl (MiniOzoneClusterImpl.java:lambda$waitForClusterToBeReady$0(222)) - Cluster exits safe mode
2022-03-02 21:34:09,438 [Listener at 127.0.0.1/33667] INFO  ozone.MiniOzoneClusterImpl (MiniOzoneClusterImpl.java:lambda$waitForClusterToBeReady$0(224)) - SCM became leader
2022-03-02 21:34:10,439 [Listener at 127.0.0.1/33667] INFO  ozone.MiniOzoneClusterImpl (MiniOzoneClusterImpl.java:lambda$waitForClusterToBeReady$0(219)) - Waiting for nodes to be ready. Got 6 of 7 DN Heartbeats.
2022-03-02 21:34:10,439 [Listener at 127.0.0.1/33667] INFO  ozone.MiniOzoneClusterImpl (MiniOzoneClusterImpl.java:lambda$waitForClusterToBeReady$0(222)) - Cluster exits safe mode
2022-03-02 21:34:10,439 [Listener at 127.0.0.1/33667] INFO  ozone.MiniOzoneClusterImpl (MiniOzoneClusterImpl.java:lambda$waitForClusterToBeReady$0(224)) - SCM became leader
2022-03-02 21:34:10,493 [EndpointStateMachine task thread for /0.0.0.0:34591 - 0 ] INFO  ozoneimpl.OzoneContainer (OzoneContainer.java:start(335)) - Attempting to start container services.
2022-03-02 21:34:10,493 [EndpointStateMachine task thread for /0.0.0.0:34591 - 0 ] INFO  ozoneimpl.OzoneContainer (OzoneContainer.java:startContainerScrub(270)) - Background container scanner has been disabled.
2022-03-02 21:34:10,494 [EndpointStateMachine task thread for /0.0.0.0:34591 - 0 ] INFO  replication.ReplicationServer (ReplicationServer.java:start(111)) - ReplicationServer is started using port 45873
2022-03-02 21:34:10,494 [EndpointStateMachine task thread for /0.0.0.0:34591 - 0 ] INFO  ratis.XceiverServerRatis (XceiverServerRatis.java:start(485)) - Starting XceiverServerRatis cdd5360e-d849-4e2b-b62b-b70fbd73a7e1
2022-03-02 21:34:10,613 [EndpointStateMachine task thread for /0.0.0.0:34591 - 0 ] INFO  server.RaftServer$Division (RaftServerImpl.java:start(301)) - cdd5360e-d849-4e2b-b62b-b70fbd73a7e1@group-33718A808786: start as a follower, conf=0: [cdd5360e-d849-4e2b-b62b-b70fbd73a7e1|rpc:10.1.0.35:36141|dataStream:|priority:1], old=null
2022-03-02 21:34:10,614 [EndpointStateMachine task thread for /0.0.0.0:34591 - 0 ] INFO  server.RaftServer$Division (RaftServerImpl.java:setRole(290)) - cdd5360e-d849-4e2b-b62b-b70fbd73a7e1@group-33718A808786: changes role from      null to FOLLOWER at term 1 for startAsFollower
2022-03-02 21:34:10,614 [ForkJoinPool.commonPool-worker-0] INFO  server.RaftServer$Division (RaftServerImpl.java:start(301)) - cdd5360e-d849-4e2b-b62b-b70fbd73a7e1@group-8EC42998B879: start as a follower, conf=0: [cdd5360e-d849-4e2b-b62b-b70fbd73a7e1|rpc:10.1.0.35:36141|dataStream:|priority:0, 06306a50-9ba9-4128-94e0-55d591e142a1|rpc:10.1.0.35:42445|dataStream:|priority:0, ca012516-14dd-42cd-8742-1c9d04d43fd5|rpc:10.1.0.35:34561|dataStream:|priority:1], old=null
2022-03-02 21:34:10,614 [ForkJoinPool.commonPool-worker-0] INFO  server.RaftServer$Division (RaftServerImpl.java:setRole(290)) - cdd5360e-d849-4e2b-b62b-b70fbd73a7e1@group-8EC42998B879: changes role from      null to FOLLOWER at term 2 for startAsFollower
2022-03-02 21:34:10,633 [ForkJoinPool.commonPool-worker-0] INFO  impl.RoleInfo (RoleInfo.java:updateAndGet(130)) - cdd5360e-d849-4e2b-b62b-b70fbd73a7e1: start cdd5360e-d849-4e2b-b62b-b70fbd73a7e1@group-8EC42998B879-FollowerState
2022-03-02 21:34:10,633 [ForkJoinPool.commonPool-worker-0] INFO  util.JmxRegister (JmxRegister.java:tryRegister(44)) - Successfully registered JMX Bean with object name Ratis:service=RaftServer,group=group-8EC42998B879,id=cdd5360e-d849-4e2b-b62b-b70fbd73a7e1
2022-03-02 21:34:10,633 [ForkJoinPool.commonPool-worker-0] INFO  server.RaftServer$Division (RaftServerImpl.java:start(301)) - cdd5360e-d849-4e2b-b62b-b70fbd73a7e1@group-681CC91BE6DA: start as a follower, conf=0: [cdd5360e-d849-4e2b-b62b-b70fbd73a7e1|rpc:10.1.0.35:36141|dataStream:|priority:0, 06306a50-9ba9-4128-94e0-55d591e142a1|rpc:10.1.0.35:42445|dataStream:|priority:1, ca012516-14dd-42cd-8742-1c9d04d43fd5|rpc:10.1.0.35:34561|dataStream:|priority:0], old=null
2022-03-02 21:34:10,634 [ForkJoinPool.commonPool-worker-0] INFO  server.RaftServer$Division (RaftServerImpl.java:setRole(290)) - cdd5360e-d849-4e2b-b62b-b70fbd73a7e1@group-681CC91BE6DA: changes role from      null to FOLLOWER at term 1 for startAsFollower
2022-03-02 21:34:10,634 [ForkJoinPool.commonPool-worker-0] INFO  impl.RoleInfo (RoleInfo.java:updateAndGet(130)) - cdd5360e-d849-4e2b-b62b-b70fbd73a7e1: start cdd5360e-d849-4e2b-b62b-b70fbd73a7e1@group-681CC91BE6DA-FollowerState
2022-03-02 21:34:10,634 [ForkJoinPool.commonPool-worker-0] INFO  util.JmxRegister (JmxRegister.java:tryRegister(44)) - Successfully registered JMX Bean with object name Ratis:service=RaftServer,group=group-681CC91BE6DA,id=cdd5360e-d849-4e2b-b62b-b70fbd73a7e1
2022-03-02 21:34:10,634 [ForkJoinPool.commonPool-worker-0] INFO  server.RaftServer$Division (RaftServerImpl.java:start(301)) - cdd5360e-d849-4e2b-b62b-b70fbd73a7e1@group-2F68AEE794C1: start as a follower, conf=0: [cdd5360e-d849-4e2b-b62b-b70fbd73a7e1|rpc:10.1.0.35:36141|dataStream:|priority:1, 06306a50-9ba9-4128-94e0-55d591e142a1|rpc:10.1.0.35:42445|dataStream:|priority:0, ca012516-14dd-42cd-8742-1c9d04d43fd5|rpc:10.1.0.35:34561|dataStream:|priority:0], old=null
2022-03-02 21:34:10,635 [ForkJoinPool.commonPool-worker-0] INFO  server.RaftServer$Division (RaftServerImpl.java:setRole(290)) - cdd5360e-d849-4e2b-b62b-b70fbd73a7e1@group-2F68AEE794C1: changes role from      null to FOLLOWER at term 2 for startAsFollower
2022-03-02 21:34:10,635 [ForkJoinPool.commonPool-worker-0] INFO  impl.RoleInfo (RoleInfo.java:updateAndGet(130)) - cdd5360e-d849-4e2b-b62b-b70fbd73a7e1: start cdd5360e-d849-4e2b-b62b-b70fbd73a7e1@group-2F68AEE794C1-FollowerState
2022-03-02 21:34:10,635 [ForkJoinPool.commonPool-worker-0] INFO  util.JmxRegister (JmxRegister.java:tryRegister(44)) - Successfully registered JMX Bean with object name Ratis:service=RaftServer,group=group-2F68AEE794C1,id=cdd5360e-d849-4e2b-b62b-b70fbd73a7e1
2022-03-02 21:34:10,635 [EndpointStateMachine task thread for /0.0.0.0:34591 - 0 ] INFO  impl.RoleInfo (RoleInfo.java:updateAndGet(130)) - cdd5360e-d849-4e2b-b62b-b70fbd73a7e1: start cdd5360e-d849-4e2b-b62b-b70fbd73a7e1@group-33718A808786-FollowerState
2022-03-02 21:34:10,636 [EndpointStateMachine task thread for /0.0.0.0:34591 - 0 ] INFO  util.JmxRegister (JmxRegister.java:tryRegister(44)) - Successfully registered JMX Bean with object name Ratis:service=RaftServer,group=group-33718A808786,id=cdd5360e-d849-4e2b-b62b-b70fbd73a7e1
2022-03-02 21:34:10,645 [EndpointStateMachine task thread for /0.0.0.0:34591 - 0 ] INFO  server.RaftServer (RaftServerProxy.java:lambda$start$5(374)) - cdd5360e-d849-4e2b-b62b-b70fbd73a7e1: start RPC server
2022-03-02 21:34:10,648 [EndpointStateMachine task thread for /0.0.0.0:34591 - 0 ] INFO  server.GrpcService (GrpcService.java:startImpl(253)) - cdd5360e-d849-4e2b-b62b-b70fbd73a7e1: GrpcService started, listening on 36141
2022-03-02 21:34:10,679 [EndpointStateMachine task thread for /0.0.0.0:34591 - 0 ] INFO  ratis.XceiverServerRatis (XceiverServerRatis.java:getRealPort(506)) - XceiverServerRatis cdd5360e-d849-4e2b-b62b-b70fbd73a7e1 is started using port 36141 for RATIS
2022-03-02 21:34:10,679 [EndpointStateMachine task thread for /0.0.0.0:34591 - 0 ] INFO  ratis.XceiverServerRatis (XceiverServerRatis.java:getRealPort(506)) - XceiverServerRatis cdd5360e-d849-4e2b-b62b-b70fbd73a7e1 is started using port 36141 for RATIS_ADMIN
2022-03-02 21:34:10,679 [EndpointStateMachine task thread for /0.0.0.0:34591 - 0 ] INFO  ratis.XceiverServerRatis (XceiverServerRatis.java:getRealPort(506)) - XceiverServerRatis cdd5360e-d849-4e2b-b62b-b70fbd73a7e1 is started using port 36141 for RATIS_SERVER
2022-03-02 21:34:10,679 [org.apache.ratis.util.JvmPauseMonitor$$Lambda$431/1455743440@2f218b6c] INFO  util.JvmPauseMonitor (JvmPauseMonitor.java:run(103)) - JvmPauseMonitor-cdd5360e-d849-4e2b-b62b-b70fbd73a7e1: Started
2022-03-02 21:34:11,439 [Listener at 127.0.0.1/33667] INFO  ozone.MiniOzoneClusterImpl (MiniOzoneClusterImpl.java:lambda$waitForClusterToBeReady$0(219)) - Waiting for nodes to be ready. Got 6 of 7 DN Heartbeats.
2022-03-02 21:34:11,439 [Listener at 127.0.0.1/33667] INFO  ozone.MiniOzoneClusterImpl (MiniOzoneClusterImpl.java:lambda$waitForClusterToBeReady$0(222)) - Cluster exits safe mode
2022-03-02 21:34:11,439 [Listener at 127.0.0.1/33667] INFO  ozone.MiniOzoneClusterImpl (MiniOzoneClusterImpl.java:lambda$waitForClusterToBeReady$0(224)) - SCM became leader
2022-03-02 21:34:12,440 [Listener at 127.0.0.1/33667] INFO  ozone.MiniOzoneClusterImpl (MiniOzoneClusterImpl.java:lambda$waitForClusterToBeReady$0(219)) - Waiting for nodes to be ready. Got 6 of 7 DN Heartbeats.
2022-03-02 21:34:12,440 [Listener at 127.0.0.1/33667] INFO  ozone.MiniOzoneClusterImpl (MiniOzoneClusterImpl.java:lambda$waitForClusterToBeReady$0(222)) - Cluster exits safe mode
2022-03-02 21:34:12,440 [Listener at 127.0.0.1/33667] INFO  ozone.MiniOzoneClusterImpl (MiniOzoneClusterImpl.java:lambda$waitForClusterToBeReady$0(224)) - SCM became leader
2022-03-02 21:34:12,478 [EventQueue-PipelineReportForPipelineReportHandler] INFO  pipeline.PipelineReportHandler (PipelineReportHandler.java:processPipelineReport(113)) - Reported pipeline PipelineID=53b8311c-2a52-474f-af65-681cc91be6da is not found
2022-03-02 21:34:12,478 [EventQueue-PipelineReportForPipelineReportHandler] INFO  pipeline.PipelineReportHandler (PipelineReportHandler.java:processPipelineReport(113)) - Reported pipeline PipelineID=8245a83f-df17-4492-b969-8ec42998b879 is not found
2022-03-02 21:34:12,478 [EventQueue-PipelineReportForPipelineReportHandler] INFO  pipeline.PipelineReportHandler (PipelineReportHandler.java:processPipelineReport(113)) - Reported pipeline PipelineID=a5e47bad-4557-4566-987a-33718a808786 is not found
2022-03-02 21:34:12,503 [EventQueue-PipelineReportForPipelineReportHandler] INFO  pipeline.PipelineReportHandler (PipelineReportHandler.java:processPipelineReport(113)) - Reported pipeline PipelineID=9b18829a-a3fc-4ad4-bb5e-2f68aee794c1 is not found
2022-03-02 21:34:13,443 [Listener at 127.0.0.1/33667] INFO  ozone.MiniOzoneClusterImpl (MiniOzoneClusterImpl.java:lambda$waitForClusterToBeReady$0(219)) - Waiting for nodes to be ready. Got 6 of 7 DN Heartbeats.
2022-03-02 21:34:13,443 [Listener at 127.0.0.1/33667] INFO  ozone.MiniOzoneClusterImpl (MiniOzoneClusterImpl.java:lambda$waitForClusterToBeReady$0(222)) - Cluster exits safe mode
2022-03-02 21:34:13,443 [Listener at 127.0.0.1/33667] INFO  ozone.MiniOzoneClusterImpl (MiniOzoneClusterImpl.java:lambda$waitForClusterToBeReady$0(224)) - SCM became leader
2022-03-02 21:34:14,443 [Listener at 127.0.0.1/33667] INFO  ozone.MiniOzoneClusterImpl (MiniOzoneClusterImpl.java:lambda$waitForClusterToBeReady$0(219)) - Waiting for nodes to be ready. Got 6 of 7 DN Heartbeats.
2022-03-02 21:34:14,443 [Listener at 127.0.0.1/33667] INFO  ozone.MiniOzoneClusterImpl (MiniOzoneClusterImpl.java:lambda$waitForClusterToBeReady$0(222)) - Cluster exits safe mode
2022-03-02 21:34:14,443 [Listener at 127.0.0.1/33667] INFO  ozone.MiniOzoneClusterImpl (MiniOzoneClusterImpl.java:lambda$waitForClusterToBeReady$0(224)) - SCM became leader
2022-03-02 21:34:14,526 [EventQueue-HealthyReadonlyNodeForHealthyReadOnlyNodeHandler] INFO  node.HealthyReadOnlyNodeHandler (HealthyReadOnlyNodeHandler.java:onMessage(58)) - Datanode cdd5360e-d849-4e2b-b62b-b70fbd73a7e1{ip: 10.1.0.35, host: fv-az294-754.eaanfquahm5ulb5tj050gcxych.jx.internal.cloudapp.net, ports: [REPLICATION=36763, RATIS=36141, RATIS_ADMIN=36141, RATIS_SERVER=36141, STANDALONE=41835], networkLocation: /default-rack, certSerialId: null, persistedOpState: IN_SERVICE, persistedOpStateExpiryEpochSec: 0} moved to HEALTHY READONLY state.
2022-03-02 21:34:14,539 [EventQueue-HealthyReadonlyNodeForHealthyReadOnlyNodeHandler] INFO  net.NetworkTopologyImpl (NetworkTopologyImpl.java:add(112)) - Added a new node: /default-rack/cdd5360e-d849-4e2b-b62b-b70fbd73a7e1
2022-03-02 21:34:14,633 [EventQueue-HealthyReadonlyToHealthyNodeForReadOnlyHealthyToHealthyNodeHandler] INFO  node.ReadOnlyHealthyToHealthyNodeHandler (ReadOnlyHealthyToHealthyNodeHandler.java:onMessage(51)) - Datanode cdd5360e-d849-4e2b-b62b-b70fbd73a7e1{ip: 10.1.0.35, host: fv-az294-754.eaanfquahm5ulb5tj050gcxych.jx.internal.cloudapp.net, ports: [REPLICATION=36763, RATIS=36141, RATIS_ADMIN=36141, RATIS_SERVER=36141, STANDALONE=41835], networkLocation: /default-rack, certSerialId: null, persistedOpState: IN_SERVICE, persistedOpStateExpiryEpochSec: 0} moved to HEALTHY state.
2022-03-02 21:34:14,647 [EventQueue-HealthyReadonlyToHealthyNodeForReadOnlyHealthyToHealthyNodeHandler] INFO  pipeline.BackgroundPipelineCreator (BackgroundPipelineCreator.java:notifyEventTriggered(285)) - trigger a one-shot run on RatisPipelineUtilsThread.
2022-03-02 21:34:14,651 [RatisPipelineUtilsThread - 0] INFO  pipeline.RatisPipelineProvider (RatisPipelineProvider.java:lambda$create$0(183)) - Sending CreatePipelineCommand for pipeline:PipelineID=c2cbcd83-50ea-4bd7-90c1-8918ce4a9e0e to datanode:cdd5360e-d849-4e2b-b62b-b70fbd73a7e1
2022-03-02 21:34:14,653 [d7f371f7-0d79-4eb0-9764-2158321d28de@group-E779D9019C18-StateMachineUpdater] INFO  pipeline.PipelineStateManagerImpl (PipelineStateManagerImpl.java:addPipeline(101)) - Created pipeline Pipeline[ Id: c2cbcd83-50ea-4bd7-90c1-8918ce4a9e0e, Nodes: cdd5360e-d849-4e2b-b62b-b70fbd73a7e1{ip: 10.1.0.35, host: fv-az294-754.eaanfquahm5ulb5tj050gcxych.jx.internal.cloudapp.net, ports: [REPLICATION=36763, RATIS=36141, RATIS_ADMIN=36141, RATIS_SERVER=36141, STANDALONE=41835], networkLocation: /default-rack, certSerialId: null, persistedOpState: IN_SERVICE, persistedOpStateExpiryEpochSec: 0}, ReplicationConfig: RATIS/ONE, State:ALLOCATED, leaderId:, CreationTimestamp2022-03-02T21:34:14.651Z[Etc/UTC]].
2022-03-02 21:34:14,653 [RatisPipelineUtilsThread - 0] INFO  pipeline.RatisPipelineProvider (RatisPipelineProvider.java:lambda$create$0(183)) - Sending CreatePipelineCommand for pipeline:PipelineID=e486f70c-26fe-495e-ae57-05c4b365625d to datanode:cdd5360e-d849-4e2b-b62b-b70fbd73a7e1
2022-03-02 21:34:14,653 [RatisPipelineUtilsThread - 0] INFO  pipeline.RatisPipelineProvider (RatisPipelineProvider.java:lambda$create$0(183)) - Sending CreatePipelineCommand for pipeline:PipelineID=e486f70c-26fe-495e-ae57-05c4b365625d to datanode:06306a50-9ba9-4128-94e0-55d591e142a1
2022-03-02 21:34:14,653 [RatisPipelineUtilsThread - 0] INFO  pipeline.RatisPipelineProvider (RatisPipelineProvider.java:lambda$create$0(183)) - Sending CreatePipelineCommand for pipeline:PipelineID=e486f70c-26fe-495e-ae57-05c4b365625d to datanode:176cdbad-2e78-4d65-9cb6-df82a020a3cb
2022-03-02 21:34:14,654 [d7f371f7-0d79-4eb0-9764-2158321d28de@group-E779D9019C18-StateMachineUpdater] INFO  pipeline.PipelineStateManagerImpl (PipelineStateManagerImpl.java:addPipeline(101)) - Created pipeline Pipeline[ Id: e486f70c-26fe-495e-ae57-05c4b365625d, Nodes: cdd5360e-d849-4e2b-b62b-b70fbd73a7e1{ip: 10.1.0.35, host: fv-az294-754.eaanfquahm5ulb5tj050gcxych.jx.internal.cloudapp.net, ports: [REPLICATION=36763, RATIS=36141, RATIS_ADMIN=36141, RATIS_SERVER=36141, STANDALONE=41835], networkLocation: /default-rack, certSerialId: null, persistedOpState: IN_SERVICE, persistedOpStateExpiryEpochSec: 0}06306a50-9ba9-4128-94e0-55d591e142a1{ip: 10.1.0.35, host: fv-az294-754.eaanfquahm5ulb5tj050gcxych.jx.internal.cloudapp.net, ports: [REPLICATION=33477, RATIS=42445, RATIS_ADMIN=42445, RATIS_SERVER=42445, STANDALONE=33549], networkLocation: /default-rack, certSerialId: null, persistedOpState: IN_SERVICE, persistedOpStateExpiryEpochSec: 0}176cdbad-2e78-4d65-9cb6-df82a020a3cb{ip: 10.1.0.35, host: fv-az294-754.eaanfquahm5ulb5tj050gcxych.jx.internal.cloudapp.net, ports: [REPLICATION=33785, RATIS=36905, RATIS_ADMIN=36905, RATIS_SERVER=36905, STANDALONE=46855], networkLocation: /default-rack, certSerialId: null, persistedOpState: IN_SERVICE, persistedOpStateExpiryEpochSec: 0}, ReplicationConfig: RATIS/THREE, State:ALLOCATED, leaderId:, CreationTimestamp2022-03-02T21:34:14.653Z[Etc/UTC]].
2022-03-02 21:34:14,657 [RatisPipelineUtilsThread - 0] INFO  pipeline.RatisPipelineProvider (RatisPipelineProvider.java:lambda$create$0(183)) - Sending CreatePipelineCommand for pipeline:PipelineID=99b0005b-b804-474f-a045-d1c6f700e880 to datanode:cdd5360e-d849-4e2b-b62b-b70fbd73a7e1
2022-03-02 21:34:14,657 [RatisPipelineUtilsThread - 0] INFO  pipeline.RatisPipelineProvider (RatisPipelineProvider.java:lambda$create$0(183)) - Sending CreatePipelineCommand for pipeline:PipelineID=99b0005b-b804-474f-a045-d1c6f700e880 to datanode:ca012516-14dd-42cd-8742-1c9d04d43fd5
2022-03-02 21:34:14,657 [RatisPipelineUtilsThread - 0] INFO  pipeline.RatisPipelineProvider (RatisPipelineProvider.java:lambda$create$0(183)) - Sending CreatePipelineCommand for pipeline:PipelineID=99b0005b-b804-474f-a045-d1c6f700e880 to datanode:06306a50-9ba9-4128-94e0-55d591e142a1
2022-03-02 21:34:14,658 [d7f371f7-0d79-4eb0-9764-2158321d28de@group-E779D9019C18-StateMachineUpdater] INFO  pipeline.PipelineStateManagerImpl (PipelineStateManagerImpl.java:addPipeline(101)) - Created pipeline Pipeline[ Id: 99b0005b-b804-474f-a045-d1c6f700e880, Nodes: cdd5360e-d849-4e2b-b62b-b70fbd73a7e1{ip: 10.1.0.35, host: fv-az294-754.eaanfquahm5ulb5tj050gcxych.jx.internal.cloudapp.net, ports: [REPLICATION=36763, RATIS=36141, RATIS_ADMIN=36141, RATIS_SERVER=36141, STANDALONE=41835], networkLocation: /default-rack, certSerialId: null, persistedOpState: IN_SERVICE, persistedOpStateExpiryEpochSec: 0}ca012516-14dd-42cd-8742-1c9d04d43fd5{ip: 10.1.0.35, host: fv-az294-754.eaanfquahm5ulb5tj050gcxych.jx.internal.cloudapp.net, ports: [REPLICATION=38123, RATIS=34561, RATIS_ADMIN=34561, RATIS_SERVER=34561, STANDALONE=41381], networkLocation: /default-rack, certSerialId: null, persistedOpState: IN_SERVICE, persistedOpStateExpiryEpochSec: 0}06306a50-9ba9-4128-94e0-55d591e142a1{ip: 10.1.0.35, host: fv-az294-754.eaanfquahm5ulb5tj050gcxych.jx.internal.cloudapp.net, ports: [REPLICATION=33477, RATIS=42445, RATIS_ADMIN=42445, RATIS_SERVER=42445, STANDALONE=33549], networkLocation: /default-rack, certSerialId: null, persistedOpState: IN_SERVICE, persistedOpStateExpiryEpochSec: 0}, ReplicationConfig: RATIS/THREE, State:ALLOCATED, leaderId:, CreationTimestamp2022-03-02T21:34:14.657Z[Etc/UTC]].
2022-03-02 21:34:14,659 [RatisPipelineUtilsThread - 0] INFO  pipeline.RatisPipelineProvider (RatisPipelineProvider.java:lambda$create$0(183)) - Sending CreatePipelineCommand for pipeline:PipelineID=5087f059-a113-4b89-88cc-b24374d265bf to datanode:06306a50-9ba9-4128-94e0-55d591e142a1
2022-03-02 21:34:14,659 [RatisPipelineUtilsThread - 0] INFO  pipeline.RatisPipelineProvider (RatisPipelineProvider.java:lambda$create$0(183)) - Sending CreatePipelineCommand for pipeline:PipelineID=5087f059-a113-4b89-88cc-b24374d265bf to datanode:176cdbad-2e78-4d65-9cb6-df82a020a3cb
2022-03-02 21:34:14,659 [RatisPipelineUtilsThread - 0] INFO  pipeline.RatisPipelineProvider (RatisPipelineProvider.java:lambda$create$0(183)) - Sending CreatePipelineCommand for pipeline:PipelineID=5087f059-a113-4b89-88cc-b24374d265bf to datanode:cdd5360e-d849-4e2b-b62b-b70fbd73a7e1
2022-03-02 21:34:14,660 [d7f371f7-0d79-4eb0-9764-2158321d28de@group-E779D9019C18-StateMachineUpdater] INFO  pipeline.PipelineStateManagerImpl (PipelineStateManagerImpl.java:addPipeline(101)) - Created pipeline Pipeline[ Id: 5087f059-a113-4b89-88cc-b24374d265bf, Nodes: 06306a50-9ba9-4128-94e0-55d591e142a1{ip: 10.1.0.35, host: fv-az294-754.eaanfquahm5ulb5tj050gcxych.jx.internal.cloudapp.net, ports: [REPLICATION=33477, RATIS=42445, RATIS_ADMIN=42445, RATIS_SERVER=42445, STANDALONE=33549], networkLocation: /default-rack, certSerialId: null, persistedOpState: IN_SERVICE, persistedOpStateExpiryEpochSec: 0}176cdbad-2e78-4d65-9cb6-df82a020a3cb{ip: 10.1.0.35, host: fv-az294-754.eaanfquahm5ulb5tj050gcxych.jx.internal.cloudapp.net, ports: [REPLICATION=33785, RATIS=36905, RATIS_ADMIN=36905, RATIS_SERVER=36905, STANDALONE=46855], networkLocation: /default-rack, certSerialId: null, persistedOpState: IN_SERVICE, persistedOpStateExpiryEpochSec: 0}cdd5360e-d849-4e2b-b62b-b70fbd73a7e1{ip: 10.1.0.35, host: fv-az294-754.eaanfquahm5ulb5tj050gcxych.jx.internal.cloudapp.net, ports: [REPLICATION=36763, RATIS=36141, RATIS_ADMIN=36141, RATIS_SERVER=36141, STANDALONE=41835], networkLocation: /default-rack, certSerialId: null, persistedOpState: IN_SERVICE, persistedOpStateExpiryEpochSec: 0}, ReplicationConfig: RATIS/THREE, State:ALLOCATED, leaderId:, CreationTimestamp2022-03-02T21:34:14.659Z[Etc/UTC]].
2022-03-02 21:34:14,660 [RatisPipelineUtilsThread - 0] INFO  pipeline.PipelineManagerImpl (PipelineManagerImpl.java:recordMetricsForPipeline(639)) - Pipeline: PipelineID=5087f059-a113-4b89-88cc-b24374d265bf contains same datanodes as previous pipelines: PipelineID=e486f70c-26fe-495e-ae57-05c4b365625d nodeIds: 06306a50-9ba9-4128-94e0-55d591e142a1, 176cdbad-2e78-4d65-9cb6-df82a020a3cb, cdd5360e-d849-4e2b-b62b-b70fbd73a7e1
2022-03-02 21:34:15,443 [Listener at 127.0.0.1/33667] INFO  ozone.MiniOzoneClusterImpl (MiniOzoneClusterImpl.java:lambda$waitForClusterToBeReady$0(219)) - Nodes are ready. Got 7 of 7 DN Heartbeats.
2022-03-02 21:34:15,444 [Listener at 127.0.0.1/33667] INFO  ozone.MiniOzoneClusterImpl (MiniOzoneClusterImpl.java:lambda$waitForClusterToBeReady$0(222)) - Cluster exits safe mode
2022-03-02 21:34:15,444 [Listener at 127.0.0.1/33667] INFO  ozone.MiniOzoneClusterImpl (MiniOzoneClusterImpl.java:lambda$waitForClusterToBeReady$0(224)) - SCM became leader
2022-03-02 21:34:15,498 [Command processor thread] INFO  server.RaftServer (RaftServerProxy.java:remove(106)) - cdd5360e-d849-4e2b-b62b-b70fbd73a7e1: remove  FOLLOWER cdd5360e-d849-4e2b-b62b-b70fbd73a7e1@group-681CC91BE6DA:t1, leader=null, voted=06306a50-9ba9-4128-94e0-55d591e142a1, raftlog=cdd5360e-d849-4e2b-b62b-b70fbd73a7e1@group-681CC91BE6DA-SegmentedRaftLog:OPENED:c0, conf=0: [cdd5360e-d849-4e2b-b62b-b70fbd73a7e1|rpc:10.1.0.35:36141|dataStream:|priority:0, 06306a50-9ba9-4128-94e0-55d591e142a1|rpc:10.1.0.35:42445|dataStream:|priority:1, ca012516-14dd-42cd-8742-1c9d04d43fd5|rpc:10.1.0.35:34561|dataStream:|priority:0], old=null RUNNING
2022-03-02 21:34:15,498 [Command processor thread] INFO  server.RaftServer$Division (RaftServerImpl.java:lambda$close$4(412)) - cdd5360e-d849-4e2b-b62b-b70fbd73a7e1@group-681CC91BE6DA: shutdown
2022-03-02 21:34:15,499 [Command processor thread] INFO  util.JmxRegister (JmxRegister.java:unregister(73)) - Successfully un-registered JMX Bean with object name Ratis:service=RaftServer,group=group-681CC91BE6DA,id=cdd5360e-d849-4e2b-b62b-b70fbd73a7e1
2022-03-02 21:34:15,499 [Command processor thread] INFO  impl.RoleInfo (RoleInfo.java:shutdownFollowerState(108)) - cdd5360e-d849-4e2b-b62b-b70fbd73a7e1: shutdown cdd5360e-d849-4e2b-b62b-b70fbd73a7e1@group-681CC91BE6DA-FollowerState
2022-03-02 21:34:15,499 [Command processor thread] INFO  impl.StateMachineUpdater (StateMachineUpdater.java:stopAndJoin(149)) - cdd5360e-d849-4e2b-b62b-b70fbd73a7e1@group-681CC91BE6DA-StateMachineUpdater: set stopIndex = 0
2022-03-02 21:34:15,499 [cdd5360e-d849-4e2b-b62b-b70fbd73a7e1@group-681CC91BE6DA-FollowerState] INFO  impl.FollowerState (FollowerState.java:run(143)) - cdd5360e-d849-4e2b-b62b-b70fbd73a7e1@group-681CC91BE6DA-FollowerState was interrupted: {}
java.lang.InterruptedException: sleep interrupted
	at java.lang.Thread.sleep(Native Method)
	at java.lang.Thread.sleep(Thread.java:342)
	at java.util.concurrent.TimeUnit.sleep(TimeUnit.java:386)
	at org.apache.ratis.util.TimeDuration.sleep(TimeDuration.java:324)
	at org.apache.ratis.util.TimeDuration.sleep(TimeDuration.java:309)
	at org.apache.ratis.server.impl.FollowerState.run(FollowerState.java:118)
2022-03-02 21:34:15,500 [Command processor thread] INFO  server.RaftServer$Division (ServerState.java:close(419)) - cdd5360e-d849-4e2b-b62b-b70fbd73a7e1@group-681CC91BE6DA: closes. applyIndex: 0
2022-03-02 21:34:15,500 [cdd5360e-d849-4e2b-b62b-b70fbd73a7e1@group-681CC91BE6DA-SegmentedRaftLogWorker] INFO  segmented.SegmentedRaftLogWorker (SegmentedRaftLogWorker.java:run(327)) - cdd5360e-d849-4e2b-b62b-b70fbd73a7e1@group-681CC91BE6DA-SegmentedRaftLogWorker was interrupted, exiting. There are 0 tasks remaining in the queue.
2022-03-02 21:34:15,507 [Command processor thread] INFO  segmented.SegmentedRaftLogWorker (SegmentedRaftLogWorker.java:close(237)) - cdd5360e-d849-4e2b-b62b-b70fbd73a7e1@group-681CC91BE6DA-SegmentedRaftLogWorker close()
2022-03-02 21:34:15,535 [Command processor thread] INFO  server.RaftServer$Division (RaftServerImpl.java:groupRemove(382)) - cdd5360e-d849-4e2b-b62b-b70fbd73a7e1@group-681CC91BE6DA: Succeed to remove RaftStorageDirectory Storage Directory /home/runner/work/ozone/ozone/hadoop-ozone/integration-test/target/test-dir/MiniOzoneClusterImpl-f745d883-409d-4598-9a00-e779d9019c18/datanode-1/data/ratis/53b8311c-2a52-474f-af65-681cc91be6da
2022-03-02 21:34:15,536 [Command processor thread] INFO  commandhandler.ClosePipelineCommandHandler (ClosePipelineCommandHandler.java:handle(78)) - Close Pipeline PipelineID=53b8311c-2a52-474f-af65-681cc91be6da command on datanode cdd5360e-d849-4e2b-b62b-b70fbd73a7e1.
2022-03-02 21:34:15,536 [Command processor thread] INFO  server.RaftServer (RaftServerProxy.java:remove(106)) - cdd5360e-d849-4e2b-b62b-b70fbd73a7e1: remove  FOLLOWER cdd5360e-d849-4e2b-b62b-b70fbd73a7e1@group-8EC42998B879:t2, leader=null, voted=cdd5360e-d849-4e2b-b62b-b70fbd73a7e1, raftlog=cdd5360e-d849-4e2b-b62b-b70fbd73a7e1@group-8EC42998B879-SegmentedRaftLog:OPENED:c0, conf=0: [cdd5360e-d849-4e2b-b62b-b70fbd73a7e1|rpc:10.1.0.35:36141|dataStream:|priority:0, 06306a50-9ba9-4128-94e0-55d591e142a1|rpc:10.1.0.35:42445|dataStream:|priority:0, ca012516-14dd-42cd-8742-1c9d04d43fd5|rpc:10.1.0.35:34561|dataStream:|priority:1], old=null RUNNING
2022-03-02 21:34:15,536 [Command processor thread] INFO  server.RaftServer$Division (RaftServerImpl.java:lambda$close$4(412)) - cdd5360e-d849-4e2b-b62b-b70fbd73a7e1@group-8EC42998B879: shutdown
2022-03-02 21:34:15,536 [Command processor thread] INFO  util.JmxRegister (JmxRegister.java:unregister(73)) - Successfully un-registered JMX Bean with object name Ratis:service=RaftServer,group=group-8EC42998B879,id=cdd5360e-d849-4e2b-b62b-b70fbd73a7e1
2022-03-02 21:34:15,536 [Command processor thread] INFO  impl.RoleInfo (RoleInfo.java:shutdownFollowerState(108)) - cdd5360e-d849-4e2b-b62b-b70fbd73a7e1: shutdown cdd5360e-d849-4e2b-b62b-b70fbd73a7e1@group-8EC42998B879-FollowerState
2022-03-02 21:34:15,536 [Command processor thread] INFO  impl.StateMachineUpdater (StateMachineUpdater.java:stopAndJoin(149)) - cdd5360e-d849-4e2b-b62b-b70fbd73a7e1@group-8EC42998B879-StateMachineUpdater: set stopIndex = 0
2022-03-02 21:34:15,536 [cdd5360e-d849-4e2b-b62b-b70fbd73a7e1@group-8EC42998B879-FollowerState] INFO  impl.FollowerState (FollowerState.java:run(143)) - cdd5360e-d849-4e2b-b62b-b70fbd73a7e1@group-8EC42998B879-FollowerState was interrupted: {}
java.lang.InterruptedException: sleep interrupted
	at java.lang.Thread.sleep(Native Method)
	at java.lang.Thread.sleep(Thread.java:342)
	at java.util.concurrent.TimeUnit.sleep(TimeUnit.java:386)
	at org.apache.ratis.util.TimeDuration.sleep(TimeDuration.java:324)
	at org.apache.ratis.util.TimeDuration.sleep(TimeDuration.java:309)
	at org.apache.ratis.server.impl.FollowerState.run(FollowerState.java:118)
2022-03-02 21:34:15,536 [Command processor thread] INFO  server.RaftServer$Division (ServerState.java:close(419)) - cdd5360e-d849-4e2b-b62b-b70fbd73a7e1@group-8EC42998B879: closes. applyIndex: 0
2022-03-02 21:34:15,562 [cdd5360e-d849-4e2b-b62b-b70fbd73a7e1@group-8EC42998B879-SegmentedRaftLogWorker] INFO  segmented.SegmentedRaftLogWorker (SegmentedRaftLogWorker.java:run(327)) - cdd5360e-d849-4e2b-b62b-b70fbd73a7e1@group-8EC42998B879-SegmentedRaftLogWorker was interrupted, exiting. There are 0 tasks remaining in the queue.
2022-03-02 21:34:15,583 [Command processor thread] INFO  segmented.SegmentedRaftLogWorker (SegmentedRaftLogWorker.java:close(237)) - cdd5360e-d849-4e2b-b62b-b70fbd73a7e1@group-8EC42998B879-SegmentedRaftLogWorker close()
2022-03-02 21:34:15,616 [Command processor thread] INFO  server.RaftServer$Division (RaftServerImpl.java:groupRemove(382)) - cdd5360e-d849-4e2b-b62b-b70fbd73a7e1@group-8EC42998B879: Succeed to remove RaftStorageDirectory Storage Directory /home/runner/work/ozone/ozone/hadoop-ozone/integration-test/target/test-dir/MiniOzoneClusterImpl-f745d883-409d-4598-9a00-e779d9019c18/datanode-1/data/ratis/8245a83f-df17-4492-b969-8ec42998b879
2022-03-02 21:34:15,616 [Command processor thread] INFO  commandhandler.ClosePipelineCommandHandler (ClosePipelineCommandHandler.java:handle(78)) - Close Pipeline PipelineID=8245a83f-df17-4492-b969-8ec42998b879 command on datanode cdd5360e-d849-4e2b-b62b-b70fbd73a7e1.
2022-03-02 21:34:15,616 [Command processor thread] INFO  server.RaftServer (RaftServerProxy.java:remove(106)) - cdd5360e-d849-4e2b-b62b-b70fbd73a7e1: remove  FOLLOWER cdd5360e-d849-4e2b-b62b-b70fbd73a7e1@group-33718A808786:t1, leader=null, voted=cdd5360e-d849-4e2b-b62b-b70fbd73a7e1, raftlog=cdd5360e-d849-4e2b-b62b-b70fbd73a7e1@group-33718A808786-SegmentedRaftLog:OPENED:c11, conf=0: [cdd5360e-d849-4e2b-b62b-b70fbd73a7e1|rpc:10.1.0.35:36141|dataStream:|priority:1], old=null RUNNING
2022-03-02 21:34:15,616 [Command processor thread] INFO  server.RaftServer$Division (RaftServerImpl.java:lambda$close$4(412)) - cdd5360e-d849-4e2b-b62b-b70fbd73a7e1@group-33718A808786: shutdown
2022-03-02 21:34:15,616 [Command processor thread] INFO  util.JmxRegister (JmxRegister.java:unregister(73)) - Successfully un-registered JMX Bean with object name Ratis:service=RaftServer,group=group-33718A808786,id=cdd5360e-d849-4e2b-b62b-b70fbd73a7e1
2022-03-02 21:34:15,616 [Command processor thread] INFO  impl.RoleInfo (RoleInfo.java:shutdownFollowerState(108)) - cdd5360e-d849-4e2b-b62b-b70fbd73a7e1: shutdown cdd5360e-d849-4e2b-b62b-b70fbd73a7e1@group-33718A808786-FollowerState
2022-03-02 21:34:15,616 [Command processor thread] INFO  impl.StateMachineUpdater (StateMachineUpdater.java:stopAndJoin(149)) - cdd5360e-d849-4e2b-b62b-b70fbd73a7e1@group-33718A808786-StateMachineUpdater: set stopIndex = 11
2022-03-02 21:34:15,616 [cdd5360e-d849-4e2b-b62b-b70fbd73a7e1@group-33718A808786-FollowerState] INFO  impl.FollowerState (FollowerState.java:run(143)) - cdd5360e-d849-4e2b-b62b-b70fbd73a7e1@group-33718A808786-FollowerState was interrupted: {}
java.lang.InterruptedException: sleep interrupted
	at java.lang.Thread.sleep(Native Method)
	at java.lang.Thread.sleep(Thread.java:342)
	at java.util.concurrent.TimeUnit.sleep(TimeUnit.java:386)
	at org.apache.ratis.util.TimeDuration.sleep(TimeDuration.java:324)
	at org.apache.ratis.util.TimeDuration.sleep(TimeDuration.java:309)
	at org.apache.ratis.server.impl.FollowerState.run(FollowerState.java:118)
2022-03-02 21:34:15,616 [Command processor thread] INFO  server.RaftServer$Division (ServerState.java:close(419)) - cdd5360e-d849-4e2b-b62b-b70fbd73a7e1@group-33718A808786: closes. applyIndex: 11
2022-03-02 21:34:15,616 [cdd5360e-d849-4e2b-b62b-b70fbd73a7e1@group-33718A808786-SegmentedRaftLogWorker] INFO  segmented.SegmentedRaftLogWorker (SegmentedRaftLogWorker.java:run(327)) - cdd5360e-d849-4e2b-b62b-b70fbd73a7e1@group-33718A808786-SegmentedRaftLogWorker was interrupted, exiting. There are 0 tasks remaining in the queue.
2022-03-02 21:34:15,617 [Command processor thread] INFO  segmented.SegmentedRaftLogWorker (SegmentedRaftLogWorker.java:close(237)) - cdd5360e-d849-4e2b-b62b-b70fbd73a7e1@group-33718A808786-SegmentedRaftLogWorker close()
2022-03-02 21:34:15,647 [Command processor thread] INFO  keyvalue.KeyValueContainer (KeyValueContainer.java:flushAndSyncDB(427)) - Container 1 is synced with bcsId 10.
2022-03-02 21:34:15,655 [Command processor thread] INFO  keyvalue.KeyValueContainer (KeyValueContainer.java:flushAndSyncDB(427)) - Container 1 is synced with bcsId 10.
2022-03-02 21:34:15,667 [Command processor thread] INFO  server.RaftServer$Division (RaftServerImpl.java:groupRemove(382)) - cdd5360e-d849-4e2b-b62b-b70fbd73a7e1@group-33718A808786: Succeed to remove RaftStorageDirectory Storage Directory /home/runner/work/ozone/ozone/hadoop-ozone/integration-test/target/test-dir/MiniOzoneClusterImpl-f745d883-409d-4598-9a00-e779d9019c18/datanode-1/data/ratis/a5e47bad-4557-4566-987a-33718a808786
2022-03-02 21:34:15,668 [Command processor thread] INFO  commandhandler.ClosePipelineCommandHandler (ClosePipelineCommandHandler.java:handle(78)) - Close Pipeline PipelineID=a5e47bad-4557-4566-987a-33718a808786 command on datanode cdd5360e-d849-4e2b-b62b-b70fbd73a7e1.
2022-03-02 21:34:15,668 [Command processor thread] INFO  server.RaftServer (RaftServerProxy.java:remove(106)) - cdd5360e-d849-4e2b-b62b-b70fbd73a7e1: remove  FOLLOWER cdd5360e-d849-4e2b-b62b-b70fbd73a7e1@group-2F68AEE794C1:t2, leader=null, voted=cdd5360e-d849-4e2b-b62b-b70fbd73a7e1, raftlog=cdd5360e-d849-4e2b-b62b-b70fbd73a7e1@group-2F68AEE794C1-SegmentedRaftLog:OPENED:c0, conf=0: [cdd5360e-d849-4e2b-b62b-b70fbd73a7e1|rpc:10.1.0.35:36141|dataStream:|priority:1, 06306a50-9ba9-4128-94e0-55d591e142a1|rpc:10.1.0.35:42445|dataStream:|priority:0, ca012516-14dd-42cd-8742-1c9d04d43fd5|rpc:10.1.0.35:34561|dataStream:|priority:0], old=null RUNNING
2022-03-02 21:34:15,668 [Command processor thread] INFO  server.RaftServer$Division (RaftServerImpl.java:lambda$close$4(412)) - cdd5360e-d849-4e2b-b62b-b70fbd73a7e1@group-2F68AEE794C1: shutdown
2022-03-02 21:34:15,668 [Command processor thread] INFO  util.JmxRegister (JmxRegister.java:unregister(73)) - Successfully un-registered JMX Bean with object name Ratis:service=RaftServer,group=group-2F68AEE794C1,id=cdd5360e-d849-4e2b-b62b-b70fbd73a7e1
2022-03-02 21:34:15,668 [Command processor thread] INFO  impl.RoleInfo (RoleInfo.java:shutdownFollowerState(108)) - cdd5360e-d849-4e2b-b62b-b70fbd73a7e1: shutdown cdd5360e-d849-4e2b-b62b-b70fbd73a7e1@group-2F68AEE794C1-FollowerState
2022-03-02 21:34:15,668 [cdd5360e-d849-4e2b-b62b-b70fbd73a7e1@group-2F68AEE794C1-FollowerState] INFO  impl.FollowerState (FollowerState.java:run(143)) - cdd5360e-d849-4e2b-b62b-b70fbd73a7e1@group-2F68AEE794C1-FollowerState was interrupted: {}
java.lang.InterruptedException: sleep interrupted
	at java.lang.Thread.sleep(Native Method)
	at java.lang.Thread.sleep(Thread.java:342)
	at java.util.concurrent.TimeUnit.sleep(TimeUnit.java:386)
	at org.apache.ratis.util.TimeDuration.sleep(TimeDuration.java:324)
	at org.apache.ratis.util.TimeDuration.sleep(TimeDuration.java:309)
	at org.apache.ratis.server.impl.FollowerState.run(FollowerState.java:118)
2022-03-02 21:34:15,669 [Command processor thread] INFO  impl.StateMachineUpdater (StateMachineUpdater.java:stopAndJoin(149)) - cdd5360e-d849-4e2b-b62b-b70fbd73a7e1@group-2F68AEE794C1-StateMachineUpdater: set stopIndex = 0
2022-03-02 21:34:15,669 [Command processor thread] INFO  server.RaftServer$Division (ServerState.java:close(419)) - cdd5360e-d849-4e2b-b62b-b70fbd73a7e1@group-2F68AEE794C1: closes. applyIndex: 0
2022-03-02 21:34:15,669 [cdd5360e-d849-4e2b-b62b-b70fbd73a7e1@group-2F68AEE794C1-SegmentedRaftLogWorker] INFO  segmented.SegmentedRaftLogWorker (SegmentedRaftLogWorker.java:run(327)) - cdd5360e-d849-4e2b-b62b-b70fbd73a7e1@group-2F68AEE794C1-SegmentedRaftLogWorker was interrupted, exiting. There are 0 tasks remaining in the queue.
2022-03-02 21:34:15,669 [FixedThreadPoolWithAffinityExecutor-1-0] INFO  container.IncrementalContainerReportHandler (AbstractContainerReportHandler.java:updateContainerState(234)) - Moving container #1 to QUASI_CLOSED state, datanode cdd5360e-d849-4e2b-b62b-b70fbd73a7e1{ip: 10.1.0.35, host: fv-az294-754.eaanfquahm5ulb5tj050gcxych.jx.internal.cloudapp.net, ports: [REPLICATION=36763, RATIS=36141, RATIS_ADMIN=36141, RATIS_SERVER=36141, STANDALONE=41835], networkLocation: /default-rack, certSerialId: null, persistedOpState: IN_SERVICE, persistedOpStateExpiryEpochSec: 0} reported QUASI_CLOSED replica.
2022-03-02 21:34:15,700 [Command processor thread] INFO  segmented.SegmentedRaftLogWorker (SegmentedRaftLogWorker.java:close(237)) - cdd5360e-d849-4e2b-b62b-b70fbd73a7e1@group-2F68AEE794C1-SegmentedRaftLogWorker close()
2022-03-02 21:34:15,729 [Command processor thread] INFO  server.RaftServer (RaftServerProxy.java:addNew(95)) - 06306a50-9ba9-4128-94e0-55d591e142a1: addNew group-05C4B365625D:[cdd5360e-d849-4e2b-b62b-b70fbd73a7e1|rpc:10.1.0.35:36141|priority:0, 176cdbad-2e78-4d65-9cb6-df82a020a3cb|rpc:10.1.0.35:36905|priority:1, 06306a50-9ba9-4128-94e0-55d591e142a1|rpc:10.1.0.35:42445|priority:0] returns group-05C4B365625D:java.util.concurrent.CompletableFuture@6553ab1a[Not completed]
2022-03-02 21:34:15,730 [pool-591-thread-1] INFO  server.RaftServer$Division (RaftServerImpl.java:<init>(184)) - 06306a50-9ba9-4128-94e0-55d591e142a1: new RaftServerImpl for group-05C4B365625D:[cdd5360e-d849-4e2b-b62b-b70fbd73a7e1|rpc:10.1.0.35:36141|priority:0, 176cdbad-2e78-4d65-9cb6-df82a020a3cb|rpc:10.1.0.35:36905|priority:1, 06306a50-9ba9-4128-94e0-55d591e142a1|rpc:10.1.0.35:42445|priority:0] with ContainerStateMachine:uninitialized
2022-03-02 21:34:15,730 [pool-591-thread-1] INFO  server.RaftServerConfigKeys (ConfUtils.java:logGet(44)) - raft.server.rpc.timeout.min = 5s (custom)
2022-03-02 21:34:15,730 [pool-591-thread-1] INFO  server.RaftServerConfigKeys (ConfUtils.java:logGet(44)) - raft.server.rpc.timeout.max = 5200ms (custom)
2022-03-02 21:34:15,730 [pool-591-thread-1] INFO  server.RaftServerConfigKeys (ConfUtils.java:logGet(44)) - raft.server.rpc.sleep.time = 25ms (default)
2022-03-02 21:34:15,730 [pool-591-thread-1] INFO  server.RaftServerConfigKeys (ConfUtils.java:logGet(44)) - raft.server.rpc.slowness.timeout = 300000ms (custom)
2022-03-02 21:34:15,730 [pool-591-thread-1] INFO  server.RaftServerConfigKeys (ConfUtils.java:logGet(44)) - raft.server.leaderelection.leader.step-down.wait-time = 10s (default)
2022-03-02 21:34:15,730 [pool-591-thread-1] INFO  server.RaftServerConfigKeys (ConfUtils.java:logGet(44)) - raft.server.sleep.deviation.threshold = 300ms (default)
2022-03-02 21:34:15,730 [pool-591-thread-1] INFO  server.RaftServerConfigKeys (ConfUtils.java:logGet(44)) - raft.server.log.appender.install.snapshot.enabled = false (custom)
2022-03-02 21:34:15,730 [pool-591-thread-1] INFO  server.RaftServer$Division (ServerState.java:<init>(105)) - 06306a50-9ba9-4128-94e0-55d591e142a1@group-05C4B365625D: ConfigurationManager, init=-1: [cdd5360e-d849-4e2b-b62b-b70fbd73a7e1|rpc:10.1.0.35:36141|priority:0, 176cdbad-2e78-4d65-9cb6-df82a020a3cb|rpc:10.1.0.35:36905|priority:1, 06306a50-9ba9-4128-94e0-55d591e142a1|rpc:10.1.0.35:42445|priority:0], old=null, confs=<EMPTY_MAP>
2022-03-02 21:34:15,730 [pool-591-thread-1] INFO  server.RaftServerConfigKeys (ConfUtils.java:logGet(44)) - raft.server.storage.dir = [/home/runner/work/ozone/ozone/hadoop-ozone/integration-test/target/test-dir/MiniOzoneClusterImpl-f745d883-409d-4598-9a00-e779d9019c18/datanode-0/data/ratis] (custom)
2022-03-02 21:34:15,730 [pool-591-thread-1] INFO  server.RaftServerConfigKeys (ConfUtils.java:logGet(44)) - raft.server.log.corruption.policy = EXCEPTION (default)
2022-03-02 21:34:15,730 [pool-591-thread-1] INFO  server.RaftServerConfigKeys (ConfUtils.java:logGet(44)) - raft.server.storage.free-space.min = 0MB (=0) (default)
2022-03-02 21:34:15,730 [pool-591-thread-1] INFO  storage.RaftStorageDirectory (RaftStorageDirectoryImpl.java:analyzeStorage(135)) - The storage directory /home/runner/work/ozone/ozone/hadoop-ozone/integration-test/target/test-dir/MiniOzoneClusterImpl-f745d883-409d-4598-9a00-e779d9019c18/datanode-0/data/ratis/e486f70c-26fe-495e-ae57-05c4b365625d does not exist. Creating ...
2022-03-02 21:34:15,732 [pool-591-thread-1] INFO  storage.RaftStorageDirectory (RaftStorageDirectoryImpl.java:tryLock(230)) - Lock on /home/runner/work/ozone/ozone/hadoop-ozone/integration-test/target/test-dir/MiniOzoneClusterImpl-f745d883-409d-4598-9a00-e779d9019c18/datanode-0/data/ratis/e486f70c-26fe-495e-ae57-05c4b365625d/in_use.lock acquired by nodename 22518@fv-az294-754
2022-03-02 21:34:15,735 [pool-591-thread-1] INFO  storage.RaftStorage (RaftStorageImpl.java:format(89)) - Storage directory /home/runner/work/ozone/ozone/hadoop-ozone/integration-test/target/test-dir/MiniOzoneClusterImpl-f745d883-409d-4598-9a00-e779d9019c18/datanode-0/data/ratis/e486f70c-26fe-495e-ae57-05c4b365625d has been successfully formatted.
2022-03-02 21:34:15,757 [pool-591-thread-1] INFO  ratis.ContainerStateMachine (ContainerStateMachine.java:loadSnapshot(236)) - group-05C4B365625D: The snapshot info is null. Setting the last applied indexto:(t:0, i:~)
2022-03-02 21:34:15,758 [pool-591-thread-1] INFO  server.RaftServerConfigKeys (ConfUtils.java:logGet(44)) - raft.server.notification.no-leader.timeout = 300000ms (custom)
2022-03-02 21:34:15,758 [pool-591-thread-1] INFO  server.RaftServerConfigKeys (ConfUtils.java:logGet(44)) - raft.server.log.use.memory = false (default)
2022-03-02 21:34:15,758 [pool-591-thread-1] INFO  server.RaftServerConfigKeys (ConfUtils.java:logGet(44)) - raft.server.log.purge.gap = 1000000 (custom)
2022-03-02 21:34:15,758 [pool-591-thread-1] INFO  server.RaftServerConfigKeys (ConfUtils.java:logGet(44)) - raft.server.log.appender.buffer.byte-limit = 33554432 (custom)
2022-03-02 21:34:15,758 [pool-591-thread-1] INFO  server.RaftServerConfigKeys (ConfUtils.java:logGet(44)) - raft.server.log.segment.size.max = 1048576 (custom)
2022-03-02 21:34:15,758 [pool-591-thread-1] INFO  server.RaftServerConfigKeys (ConfUtils.java:logGet(44)) - raft.server.log.segment.cache.num.max = 2 (custom)
2022-03-02 21:34:15,758 [pool-591-thread-1] INFO  server.RaftServerConfigKeys (ConfUtils.java:logGet(44)) - raft.server.log.segment.cache.size.max = 200MB (=209715200) (default)
2022-03-02 21:34:15,758 [pool-591-thread-1] INFO  segmented.SegmentedRaftLogWorker (SegmentedRaftLogWorker.java:<init>(182)) - new 06306a50-9ba9-4128-94e0-55d591e142a1@group-05C4B365625D-SegmentedRaftLogWorker for RaftStorageImpl:Storage Directory /home/runner/work/ozone/ozone/hadoop-ozone/integration-test/target/test-dir/MiniOzoneClusterImpl-f745d883-409d-4598-9a00-e779d9019c18/datanode-0/data/ratis/e486f70c-26fe-495e-ae57-05c4b365625d
2022-03-02 21:34:15,758 [pool-591-thread-1] INFO  server.RaftServerConfigKeys (ConfUtils.java:logGet(44)) - raft.server.log.queue.byte-limit = 4294967296 (custom)
2022-03-02 21:34:15,758 [pool-591-thread-1] INFO  server.RaftServerConfigKeys (ConfUtils.java:logGet(44)) - raft.server.log.queue.element-limit = 1024 (custom)
2022-03-02 21:34:15,758 [pool-591-thread-1] INFO  server.RaftServerConfigKeys (ConfUtils.java:logGet(44)) - raft.server.log.segment.size.max = 1048576 (custom)
2022-03-02 21:34:15,758 [pool-591-thread-1] INFO  server.RaftServerConfigKeys (ConfUtils.java:logGet(44)) - raft.server.log.preallocated.size = 16384 (custom)
2022-03-02 21:34:15,759 [pool-591-thread-1] INFO  server.RaftServerConfigKeys (ConfUtils.java:logGet(44)) - raft.server.log.force.sync.num = 128 (default)
2022-03-02 21:34:15,759 [pool-591-thread-1] INFO  server.RaftServerConfigKeys (ConfUtils.java:logGet(44)) - raft.server.log.statemachine.data.sync = true (default)
2022-03-02 21:34:15,759 [pool-591-thread-1] INFO  server.RaftServerConfigKeys (ConfUtils.java:logGet(44)) - raft.server.log.statemachine.data.sync.timeout = 10s (default)
2022-03-02 21:34:15,759 [pool-591-thread-1] INFO  server.RaftServerConfigKeys (ConfUtils.java:logGet(44)) - raft.server.log.statemachine.data.sync.timeout.retry = -1 (default)
2022-03-02 21:34:15,768 [Command processor thread] INFO  server.RaftServer$Division (RaftServerImpl.java:groupRemove(382)) - cdd5360e-d849-4e2b-b62b-b70fbd73a7e1@group-2F68AEE794C1: Succeed to remove RaftStorageDirectory Storage Directory /home/runner/work/ozone/ozone/hadoop-ozone/integration-test/target/test-dir/MiniOzoneClusterImpl-f745d883-409d-4598-9a00-e779d9019c18/datanode-1/data/ratis/9b18829a-a3fc-4ad4-bb5e-2f68aee794c1
2022-03-02 21:34:15,768 [Command processor thread] INFO  commandhandler.ClosePipelineCommandHandler (ClosePipelineCommandHandler.java:handle(78)) - Close Pipeline PipelineID=9b18829a-a3fc-4ad4-bb5e-2f68aee794c1 command on datanode cdd5360e-d849-4e2b-b62b-b70fbd73a7e1.
2022-03-02 21:34:15,768 [Command processor thread] INFO  server.RaftServer (RaftServerProxy.java:addNew(95)) - cdd5360e-d849-4e2b-b62b-b70fbd73a7e1: addNew group-8918CE4A9E0E:[cdd5360e-d849-4e2b-b62b-b70fbd73a7e1|rpc:10.1.0.35:36141|priority:1] returns group-8918CE4A9E0E:java.util.concurrent.CompletableFuture@40bc6e47[Not completed]
2022-03-02 21:34:15,771 [pool-777-thread-1] INFO  server.RaftServer$Division (RaftServerImpl.java:<init>(184)) - cdd5360e-d849-4e2b-b62b-b70fbd73a7e1: new RaftServerImpl for group-8918CE4A9E0E:[cdd5360e-d849-4e2b-b62b-b70fbd73a7e1|rpc:10.1.0.35:36141|priority:1] with ContainerStateMachine:uninitialized
2022-03-02 21:34:15,771 [pool-777-thread-1] INFO  server.RaftServerConfigKeys (ConfUtils.java:logGet(44)) - raft.server.rpc.timeout.min = 5s (custom)
2022-03-02 21:34:15,771 [pool-777-thread-1] INFO  server.RaftServerConfigKeys (ConfUtils.java:logGet(44)) - raft.server.rpc.timeout.max = 5200ms (custom)
2022-03-02 21:34:15,771 [pool-777-thread-1] INFO  server.RaftServerConfigKeys (ConfUtils.java:logGet(44)) - raft.server.rpc.sleep.time = 25ms (default)
2022-03-02 21:34:15,771 [pool-777-thread-1] INFO  server.RaftServerConfigKeys (ConfUtils.java:logGet(44)) - raft.server.rpc.slowness.timeout = 300000ms (custom)
2022-03-02 21:34:15,771 [pool-777-thread-1] INFO  server.RaftServerConfigKeys (ConfUtils.java:logGet(44)) - raft.server.leaderelection.leader.step-down.wait-time = 10s (default)
2022-03-02 21:34:15,771 [pool-777-thread-1] INFO  server.RaftServerConfigKeys (ConfUtils.java:logGet(44)) - raft.server.sleep.deviation.threshold = 300ms (default)
2022-03-02 21:34:15,771 [pool-777-thread-1] INFO  server.RaftServerConfigKeys (ConfUtils.java:logGet(44)) - raft.server.log.appender.install.snapshot.enabled = false (custom)
2022-03-02 21:34:15,771 [pool-777-thread-1] INFO  server.RaftServer$Division (ServerState.java:<init>(105)) - cdd5360e-d849-4e2b-b62b-b70fbd73a7e1@group-8918CE4A9E0E: ConfigurationManager, init=-1: [cdd5360e-d849-4e2b-b62b-b70fbd73a7e1|rpc:10.1.0.35:36141|priority:1], old=null, confs=<EMPTY_MAP>
2022-03-02 21:34:15,772 [pool-777-thread-1] INFO  server.RaftServerConfigKeys (ConfUtils.java:logGet(44)) - raft.server.storage.dir = [/home/runner/work/ozone/ozone/hadoop-ozone/integration-test/target/test-dir/MiniOzoneClusterImpl-f745d883-409d-4598-9a00-e779d9019c18/datanode-1/data/ratis] (custom)
2022-03-02 21:34:15,772 [pool-777-thread-1] INFO  server.RaftServerConfigKeys (ConfUtils.java:logGet(44)) - raft.server.log.corruption.policy = EXCEPTION (default)
2022-03-02 21:34:15,772 [pool-777-thread-1] INFO  server.RaftServerConfigKeys (ConfUtils.java:logGet(44)) - raft.server.storage.free-space.min = 0MB (=0) (default)
2022-03-02 21:34:15,772 [pool-777-thread-1] INFO  storage.RaftStorageDirectory (RaftStorageDirectoryImpl.java:analyzeStorage(135)) - The storage directory /home/runner/work/ozone/ozone/hadoop-ozone/integration-test/target/test-dir/MiniOzoneClusterImpl-f745d883-409d-4598-9a00-e779d9019c18/datanode-1/data/ratis/c2cbcd83-50ea-4bd7-90c1-8918ce4a9e0e does not exist. Creating ...
2022-03-02 21:34:15,782 [pool-777-thread-1] INFO  storage.RaftStorageDirectory (RaftStorageDirectoryImpl.java:tryLock(230)) - Lock on /home/runner/work/ozone/ozone/hadoop-ozone/integration-test/target/test-dir/MiniOzoneClusterImpl-f745d883-409d-4598-9a00-e779d9019c18/datanode-1/data/ratis/c2cbcd83-50ea-4bd7-90c1-8918ce4a9e0e/in_use.lock acquired by nodename 22518@fv-az294-754
2022-03-02 21:34:15,783 [pool-591-thread-1] INFO  server.RaftServerConfigKeys (ConfUtils.java:logGet(44)) - raft.server.log.write.buffer.size = 1048576 (custom)
2022-03-02 21:34:15,784 [pool-591-thread-1] INFO  server.RaftServerConfigKeys (ConfUtils.java:logGet(44)) - raft.server.log.statemachine.data.caching.enabled = true (custom)
2022-03-02 21:34:15,784 [pool-591-thread-1] INFO  segmented.SegmentedRaftLogWorker (SegmentedRaftLogWorker.java:lambda$new$0(133)) - 06306a50-9ba9-4128-94e0-55d591e142a1@group-05C4B365625D-SegmentedRaftLogWorker: flushIndex: setUnconditionally 0 -> -1
2022-03-02 21:34:15,784 [pool-591-thread-1] INFO  segmented.SegmentedRaftLogWorker (SegmentedRaftLogWorker.java:lambda$new$0(133)) - 06306a50-9ba9-4128-94e0-55d591e142a1@group-05C4B365625D-SegmentedRaftLogWorker: safeCacheEvictIndex: setUnconditionally 0 -> -1
2022-03-02 21:34:15,784 [pool-777-thread-1] INFO  storage.RaftStorage (RaftStorageImpl.java:format(89)) - Storage directory /home/runner/work/ozone/ozone/hadoop-ozone/integration-test/target/test-dir/MiniOzoneClusterImpl-f745d883-409d-4598-9a00-e779d9019c18/datanode-1/data/ratis/c2cbcd83-50ea-4bd7-90c1-8918ce4a9e0e has been successfully formatted.
2022-03-02 21:34:15,786 [pool-777-thread-1] INFO  ratis.ContainerStateMachine (ContainerStateMachine.java:loadSnapshot(236)) - group-8918CE4A9E0E: The snapshot info is null. Setting the last applied indexto:(t:0, i:~)
2022-03-02 21:34:15,786 [pool-777-thread-1] INFO  server.RaftServerConfigKeys (ConfUtils.java:logGet(44)) - raft.server.notification.no-leader.timeout = 300000ms (custom)
2022-03-02 21:34:15,786 [pool-777-thread-1] INFO  server.RaftServerConfigKeys (ConfUtils.java:logGet(44)) - raft.server.log.use.memory = false (default)
2022-03-02 21:34:15,786 [pool-777-thread-1] INFO  server.RaftServerConfigKeys (ConfUtils.java:logGet(44)) - raft.server.log.purge.gap = 1000000 (custom)
2022-03-02 21:34:15,786 [pool-777-thread-1] INFO  server.RaftServerConfigKeys (ConfUtils.java:logGet(44)) - raft.server.log.appender.buffer.byte-limit = 33554432 (custom)
2022-03-02 21:34:15,786 [pool-777-thread-1] INFO  server.RaftServerConfigKeys (ConfUtils.java:logGet(44)) - raft.server.log.segment.size.max = 1048576 (custom)
2022-03-02 21:34:15,787 [pool-777-thread-1] INFO  server.RaftServerConfigKeys (ConfUtils.java:logGet(44)) - raft.server.log.segment.cache.num.max = 2 (custom)
2022-03-02 21:34:15,787 [pool-777-thread-1] INFO  server.RaftServerConfigKeys (ConfUtils.java:logGet(44)) - raft.server.log.segment.cache.size.max = 200MB (=209715200) (default)
2022-03-02 21:34:15,787 [pool-777-thread-1] INFO  segmented.SegmentedRaftLogWorker (SegmentedRaftLogWorker.java:<init>(182)) - new cdd5360e-d849-4e2b-b62b-b70fbd73a7e1@group-8918CE4A9E0E-SegmentedRaftLogWorker for RaftStorageImpl:Storage Directory /home/runner/work/ozone/ozone/hadoop-ozone/integration-test/target/test-dir/MiniOzoneClusterImpl-f745d883-409d-4598-9a00-e779d9019c18/datanode-1/data/ratis/c2cbcd83-50ea-4bd7-90c1-8918ce4a9e0e
2022-03-02 21:34:15,787 [pool-777-thread-1] INFO  server.RaftServerConfigKeys (ConfUtils.java:logGet(44)) - raft.server.log.queue.byte-limit = 4294967296 (custom)
2022-03-02 21:34:15,787 [pool-777-thread-1] INFO  server.RaftServerConfigKeys (ConfUtils.java:logGet(44)) - raft.server.log.queue.element-limit = 1024 (custom)
2022-03-02 21:34:15,787 [pool-777-thread-1] INFO  server.RaftServerConfigKeys (ConfUtils.java:logGet(44)) - raft.server.log.segment.size.max = 1048576 (custom)
2022-03-02 21:34:15,787 [pool-777-thread-1] INFO  server.RaftServerConfigKeys (ConfUtils.java:logGet(44)) - raft.server.log.preallocated.size = 16384 (custom)
2022-03-02 21:34:15,787 [pool-777-thread-1] INFO  server.RaftServerConfigKeys (ConfUtils.java:logGet(44)) - raft.server.log.force.sync.num = 128 (default)
2022-03-02 21:34:15,787 [pool-777-thread-1] INFO  server.RaftServerConfigKeys (ConfUtils.java:logGet(44)) - raft.server.log.statemachine.data.sync = true (default)
2022-03-02 21:34:15,787 [pool-777-thread-1] INFO  server.RaftServerConfigKeys (ConfUtils.java:logGet(44)) - raft.server.log.statemachine.data.sync.timeout = 10s (default)
2022-03-02 21:34:15,787 [pool-777-thread-1] INFO  server.RaftServerConfigKeys (ConfUtils.java:logGet(44)) - raft.server.log.statemachine.data.sync.timeout.retry = -1 (default)
2022-03-02 21:34:15,788 [pool-777-thread-1] INFO  server.RaftServerConfigKeys (ConfUtils.java:logGet(44)) - raft.server.log.write.buffer.size = 1048576 (custom)
2022-03-02 21:34:15,789 [EventQueue-PipelineReportForPipelineReportHandler] INFO  pipeline.PipelineManagerImpl (PipelineManagerImpl.java:openPipeline(291)) - Pipeline Pipeline[ Id: c2cbcd83-50ea-4bd7-90c1-8918ce4a9e0e, Nodes: cdd5360e-d849-4e2b-b62b-b70fbd73a7e1{ip: 10.1.0.35, host: fv-az294-754.eaanfquahm5ulb5tj050gcxych.jx.internal.cloudapp.net, ports: [REPLICATION=36763, RATIS=36141, RATIS_ADMIN=36141, RATIS_SERVER=36141, STANDALONE=41835], networkLocation: /default-rack, certSerialId: null, persistedOpState: IN_SERVICE, persistedOpStateExpiryEpochSec: 0}, ReplicationConfig: RATIS/ONE, State:ALLOCATED, leaderId:cdd5360e-d849-4e2b-b62b-b70fbd73a7e1, CreationTimestamp2022-03-02T21:34:14.651Z[Etc/UTC]] moved to OPEN state
2022-03-02 21:34:15,791 [pool-777-thread-1] INFO  server.RaftServerConfigKeys (ConfUtils.java:logGet(44)) - raft.server.log.statemachine.data.caching.enabled = true (custom)
2022-03-02 21:34:15,791 [pool-777-thread-1] INFO  segmented.SegmentedRaftLogWorker (SegmentedRaftLogWorker.java:lambda$new$0(133)) - cdd5360e-d849-4e2b-b62b-b70fbd73a7e1@group-8918CE4A9E0E-SegmentedRaftLogWorker: flushIndex: setUnconditionally 0 -> -1
2022-03-02 21:34:15,791 [pool-777-thread-1] INFO  segmented.SegmentedRaftLogWorker (SegmentedRaftLogWorker.java:lambda$new$0(133)) - cdd5360e-d849-4e2b-b62b-b70fbd73a7e1@group-8918CE4A9E0E-SegmentedRaftLogWorker: safeCacheEvictIndex: setUnconditionally 0 -> -1
2022-03-02 21:34:15,808 [pool-591-thread-1] INFO  server.RaftServerConfigKeys (ConfUtils.java:logGet(44)) - raft.server.snapshot.auto.trigger.enabled = true (custom)
2022-03-02 21:34:15,808 [pool-591-thread-1] INFO  server.RaftServerConfigKeys (ConfUtils.java:logGet(44)) - raft.server.snapshot.auto.trigger.threshold = 10000 (custom)
2022-03-02 21:34:15,808 [pool-591-thread-1] INFO  server.RaftServerConfigKeys (ConfUtils.java:logGet(44)) - raft.server.snapshot.retention.file.num = 5 (custom)
2022-03-02 21:34:15,808 [pool-591-thread-1] INFO  server.RaftServerConfigKeys (ConfUtils.java:logGet(44)) - raft.server.log.purge.upto.snapshot.index = false (default)
2022-03-02 21:34:15,808 [pool-591-thread-1] INFO  server.RaftServerConfigKeys (ConfUtils.java:logGet(44)) - raft.server.retrycache.expirytime = 600000ms (custom)
2022-03-02 21:34:15,808 [pool-591-thread-1] INFO  server.RaftServerConfigKeys (ConfUtils.java:logGet(44)) - raft.server.retrycache.statistics.expirytime = 100μs (default)
2022-03-02 21:34:15,810 [pool-591-thread-1] INFO  server.RaftServer$Division (RaftServerImpl.java:start(301)) - 06306a50-9ba9-4128-94e0-55d591e142a1@group-05C4B365625D: start as a follower, conf=-1: [cdd5360e-d849-4e2b-b62b-b70fbd73a7e1|rpc:10.1.0.35:36141|priority:0, 176cdbad-2e78-4d65-9cb6-df82a020a3cb|rpc:10.1.0.35:36905|priority:1, 06306a50-9ba9-4128-94e0-55d591e142a1|rpc:10.1.0.35:42445|priority:0], old=null
2022-03-02 21:34:15,810 [pool-591-thread-1] INFO  server.RaftServer$Division (RaftServerImpl.java:setRole(290)) - 06306a50-9ba9-4128-94e0-55d591e142a1@group-05C4B365625D: changes role from      null to FOLLOWER at term 0 for startAsFollower
2022-03-02 21:34:15,810 [pool-591-thread-1] INFO  impl.RoleInfo (RoleInfo.java:updateAndGet(130)) - 06306a50-9ba9-4128-94e0-55d591e142a1: start 06306a50-9ba9-4128-94e0-55d591e142a1@group-05C4B365625D-FollowerState
2022-03-02 21:34:15,814 [pool-591-thread-1] INFO  util.JmxRegister (JmxRegister.java:tryRegister(44)) - Successfully registered JMX Bean with object name Ratis:service=RaftServer,group=group-05C4B365625D,id=06306a50-9ba9-4128-94e0-55d591e142a1
2022-03-02 21:34:15,843 [Command processor thread] INFO  ratis.XceiverServerRatis (XceiverServerRatis.java:addGroup(769)) - Created group PipelineID=e486f70c-26fe-495e-ae57-05c4b365625d
2022-03-02 21:34:15,849 [grpc-default-executor-5] INFO  server.RaftServer (RaftServerProxy.java:addNew(95)) - cdd5360e-d849-4e2b-b62b-b70fbd73a7e1: addNew group-05C4B365625D:[cdd5360e-d849-4e2b-b62b-b70fbd73a7e1|rpc:10.1.0.35:36141|dataStream:|priority:0, 176cdbad-2e78-4d65-9cb6-df82a020a3cb|rpc:10.1.0.35:36905|dataStream:|priority:1, 06306a50-9ba9-4128-94e0-55d591e142a1|rpc:10.1.0.35:42445|dataStream:|priority:0] returns group-05C4B365625D:java.util.concurrent.CompletableFuture@47e99baa[Not completed]
2022-03-02 21:34:15,867 [pool-777-thread-1] INFO  server.RaftServerConfigKeys (ConfUtils.java:logGet(44)) - raft.server.snapshot.auto.trigger.enabled = true (custom)
2022-03-02 21:34:15,867 [pool-777-thread-1] INFO  server.RaftServerConfigKeys (ConfUtils.java:logGet(44)) - raft.server.snapshot.auto.trigger.threshold = 10000 (custom)
2022-03-02 21:34:15,867 [pool-777-thread-1] INFO  server.RaftServerConfigKeys (ConfUtils.java:logGet(44)) - raft.server.snapshot.retention.file.num = 5 (custom)
2022-03-02 21:34:15,867 [pool-777-thread-1] INFO  server.RaftServerConfigKeys (ConfUtils.java:logGet(44)) - raft.server.log.purge.upto.snapshot.index = false (default)
2022-03-02 21:34:15,867 [pool-777-thread-1] INFO  server.RaftServerConfigKeys (ConfUtils.java:logGet(44)) - raft.server.retrycache.expirytime = 600000ms (custom)
2022-03-02 21:34:15,867 [pool-777-thread-1] INFO  server.RaftServerConfigKeys (ConfUtils.java:logGet(44)) - raft.server.retrycache.statistics.expirytime = 100μs (default)
2022-03-02 21:34:15,869 [pool-777-thread-1] INFO  server.RaftServer$Division (RaftServerImpl.java:<init>(184)) - cdd5360e-d849-4e2b-b62b-b70fbd73a7e1: new RaftServerImpl for group-05C4B365625D:[cdd5360e-d849-4e2b-b62b-b70fbd73a7e1|rpc:10.1.0.35:36141|dataStream:|priority:0, 176cdbad-2e78-4d65-9cb6-df82a020a3cb|rpc:10.1.0.35:36905|dataStream:|priority:1, 06306a50-9ba9-4128-94e0-55d591e142a1|rpc:10.1.0.35:42445|dataStream:|priority:0] with ContainerStateMachine:uninitialized
2022-03-02 21:34:15,869 [pool-777-thread-1] INFO  server.RaftServerConfigKeys (ConfUtils.java:logGet(44)) - raft.server.rpc.timeout.min = 5s (custom)
2022-03-02 21:34:15,869 [pool-777-thread-1] INFO  server.RaftServerConfigKeys (ConfUtils.java:logGet(44)) - raft.server.rpc.timeout.max = 5200ms (custom)
2022-03-02 21:34:15,869 [pool-777-thread-1] INFO  server.RaftServerConfigKeys (ConfUtils.java:logGet(44)) - raft.server.rpc.sleep.time = 25ms (default)
2022-03-02 21:34:15,869 [pool-777-thread-1] INFO  server.RaftServerConfigKeys (ConfUtils.java:logGet(44)) - raft.server.rpc.slowness.timeout = 300000ms (custom)
2022-03-02 21:34:15,869 [pool-777-thread-1] INFO  server.RaftServerConfigKeys (ConfUtils.java:logGet(44)) - raft.server.leaderelection.leader.step-down.wait-time = 10s (default)
2022-03-02 21:34:15,869 [pool-777-thread-1] INFO  server.RaftServerConfigKeys (ConfUtils.java:logGet(44)) - raft.server.sleep.deviation.threshold = 300ms (default)
2022-03-02 21:34:15,869 [pool-777-thread-1] INFO  server.RaftServerConfigKeys (ConfUtils.java:logGet(44)) - raft.server.log.appender.install.snapshot.enabled = false (custom)
2022-03-02 21:34:15,869 [pool-777-thread-1] INFO  server.RaftServer$Division (ServerState.java:<init>(105)) - cdd5360e-d849-4e2b-b62b-b70fbd73a7e1@group-05C4B365625D: ConfigurationManager, init=-1: [cdd5360e-d849-4e2b-b62b-b70fbd73a7e1|rpc:10.1.0.35:36141|dataStream:|priority:0, 176cdbad-2e78-4d65-9cb6-df82a020a3cb|rpc:10.1.0.35:36905|dataStream:|priority:1, 06306a50-9ba9-4128-94e0-55d591e142a1|rpc:10.1.0.35:42445|dataStream:|priority:0], old=null, confs=<EMPTY_MAP>
2022-03-02 21:34:15,869 [pool-777-thread-1] INFO  server.RaftServerConfigKeys (ConfUtils.java:logGet(44)) - raft.server.storage.dir = [/home/runner/work/ozone/ozone/hadoop-ozone/integration-test/target/test-dir/MiniOzoneClusterImpl-f745d883-409d-4598-9a00-e779d9019c18/datanode-1/data/ratis] (custom)
2022-03-02 21:34:15,869 [pool-777-thread-1] INFO  server.RaftServerConfigKeys (ConfUtils.java:logGet(44)) - raft.server.log.corruption.policy = EXCEPTION (default)
2022-03-02 21:34:15,869 [pool-777-thread-1] INFO  server.RaftServerConfigKeys (ConfUtils.java:logGet(44)) - raft.server.storage.free-space.min = 0MB (=0) (default)
2022-03-02 21:34:15,869 [pool-777-thread-1] INFO  storage.RaftStorageDirectory (RaftStorageDirectoryImpl.java:analyzeStorage(135)) - The storage directory /home/runner/work/ozone/ozone/hadoop-ozone/integration-test/target/test-dir/MiniOzoneClusterImpl-f745d883-409d-4598-9a00-e779d9019c18/datanode-1/data/ratis/e486f70c-26fe-495e-ae57-05c4b365625d does not exist. Creating ...
2022-03-02 21:34:15,870 [pool-777-thread-1] INFO  storage.RaftStorageDirectory (RaftStorageDirectoryImpl.java:tryLock(230)) - Lock on /home/runner/work/ozone/ozone/hadoop-ozone/integration-test/target/test-dir/MiniOzoneClusterImpl-f745d883-409d-4598-9a00-e779d9019c18/datanode-1/data/ratis/e486f70c-26fe-495e-ae57-05c4b365625d/in_use.lock acquired by nodename 22518@fv-az294-754
2022-03-02 21:34:15,876 [pool-777-thread-1] INFO  storage.RaftStorage (RaftStorageImpl.java:format(89)) - Storage directory /home/runner/work/ozone/ozone/hadoop-ozone/integration-test/target/test-dir/MiniOzoneClusterImpl-f745d883-409d-4598-9a00-e779d9019c18/datanode-1/data/ratis/e486f70c-26fe-495e-ae57-05c4b365625d has been successfully formatted.
2022-03-02 21:34:15,924 [pool-777-thread-1] INFO  ratis.ContainerStateMachine (ContainerStateMachine.java:loadSnapshot(236)) - group-05C4B365625D: The snapshot info is null. Setting the last applied indexto:(t:0, i:~)
2022-03-02 21:34:15,924 [pool-777-thread-1] INFO  server.RaftServerConfigKeys (ConfUtils.java:logGet(44)) - raft.server.notification.no-leader.timeout = 300000ms (custom)
2022-03-02 21:34:15,924 [pool-777-thread-1] INFO  server.RaftServerConfigKeys (ConfUtils.java:logGet(44)) - raft.server.log.use.memory = false (default)
2022-03-02 21:34:15,925 [pool-777-thread-1] INFO  server.RaftServerConfigKeys (ConfUtils.java:logGet(44)) - raft.server.log.purge.gap = 1000000 (custom)
2022-03-02 21:34:15,925 [pool-777-thread-1] INFO  server.RaftServerConfigKeys (ConfUtils.java:logGet(44)) - raft.server.log.appender.buffer.byte-limit = 33554432 (custom)
2022-03-02 21:34:15,925 [pool-777-thread-1] INFO  server.RaftServerConfigKeys (ConfUtils.java:logGet(44)) - raft.server.log.segment.size.max = 1048576 (custom)
2022-03-02 21:34:15,925 [pool-777-thread-1] INFO  server.RaftServerConfigKeys (ConfUtils.java:logGet(44)) - raft.server.log.segment.cache.num.max = 2 (custom)
2022-03-02 21:34:15,925 [pool-777-thread-1] INFO  server.RaftServerConfigKeys (ConfUtils.java:logGet(44)) - raft.server.log.segment.cache.size.max = 200MB (=209715200) (default)
2022-03-02 21:34:15,925 [pool-777-thread-1] INFO  segmented.SegmentedRaftLogWorker (SegmentedRaftLogWorker.java:<init>(182)) - new cdd5360e-d849-4e2b-b62b-b70fbd73a7e1@group-05C4B365625D-SegmentedRaftLogWorker for RaftStorageImpl:Storage Directory /home/runner/work/ozone/ozone/hadoop-ozone/integration-test/target/test-dir/MiniOzoneClusterImpl-f745d883-409d-4598-9a00-e779d9019c18/datanode-1/data/ratis/e486f70c-26fe-495e-ae57-05c4b365625d
2022-03-02 21:34:15,925 [pool-777-thread-1] INFO  server.RaftServerConfigKeys (ConfUtils.java:logGet(44)) - raft.server.log.queue.byte-limit = 4294967296 (custom)
2022-03-02 21:34:15,925 [pool-777-thread-1] INFO  server.RaftServerConfigKeys (ConfUtils.java:logGet(44)) - raft.server.log.queue.element-limit = 1024 (custom)
2022-03-02 21:34:15,925 [pool-777-thread-1] INFO  server.RaftServerConfigKeys (ConfUtils.java:logGet(44)) - raft.server.log.segment.size.max = 1048576 (custom)
2022-03-02 21:34:15,925 [pool-777-thread-1] INFO  server.RaftServerConfigKeys (ConfUtils.java:logGet(44)) - raft.server.log.preallocated.size = 16384 (custom)
2022-03-02 21:34:15,925 [pool-777-thread-1] INFO  server.RaftServerConfigKeys (ConfUtils.java:logGet(44)) - raft.server.log.force.sync.num = 128 (default)
2022-03-02 21:34:15,925 [pool-777-thread-1] INFO  server.RaftServerConfigKeys (ConfUtils.java:logGet(44)) - raft.server.log.statemachine.data.sync = true (default)
2022-03-02 21:34:15,925 [pool-777-thread-1] INFO  server.RaftServerConfigKeys (ConfUtils.java:logGet(44)) - raft.server.log.statemachine.data.sync.timeout = 10s (default)
2022-03-02 21:34:15,925 [pool-777-thread-1] INFO  server.RaftServerConfigKeys (ConfUtils.java:logGet(44)) - raft.server.log.statemachine.data.sync.timeout.retry = -1 (default)
2022-03-02 21:34:15,926 [pool-777-thread-1] INFO  server.RaftServerConfigKeys (ConfUtils.java:logGet(44)) - raft.server.log.write.buffer.size = 1048576 (custom)
2022-03-02 21:34:15,928 [pool-777-thread-1] INFO  server.RaftServerConfigKeys (ConfUtils.java:logGet(44)) - raft.server.log.statemachine.data.caching.enabled = true (custom)
2022-03-02 21:34:15,928 [pool-777-thread-1] INFO  segmented.SegmentedRaftLogWorker (SegmentedRaftLogWorker.java:lambda$new$0(133)) - cdd5360e-d849-4e2b-b62b-b70fbd73a7e1@group-05C4B365625D-SegmentedRaftLogWorker: flushIndex: setUnconditionally 0 -> -1
2022-03-02 21:34:15,928 [pool-777-thread-1] INFO  segmented.SegmentedRaftLogWorker (SegmentedRaftLogWorker.java:lambda$new$0(133)) - cdd5360e-d849-4e2b-b62b-b70fbd73a7e1@group-05C4B365625D-SegmentedRaftLogWorker: safeCacheEvictIndex: setUnconditionally 0 -> -1
2022-03-02 21:34:15,940 [pool-777-thread-1] INFO  server.RaftServerConfigKeys (ConfUtils.java:logGet(44)) - raft.server.snapshot.auto.trigger.enabled = true (custom)
2022-03-02 21:34:15,940 [pool-777-thread-1] INFO  server.RaftServerConfigKeys (ConfUtils.java:logGet(44)) - raft.server.snapshot.auto.trigger.threshold = 10000 (custom)
2022-03-02 21:34:15,940 [pool-777-thread-1] INFO  server.RaftServerConfigKeys (ConfUtils.java:logGet(44)) - raft.server.snapshot.retention.file.num = 5 (custom)
2022-03-02 21:34:15,940 [pool-777-thread-1] INFO  server.RaftServerConfigKeys (ConfUtils.java:logGet(44)) - raft.server.log.purge.upto.snapshot.index = false (default)
2022-03-02 21:34:15,940 [pool-777-thread-1] INFO  server.RaftServerConfigKeys (ConfUtils.java:logGet(44)) - raft.server.retrycache.expirytime = 600000ms (custom)
2022-03-02 21:34:15,940 [pool-777-thread-1] INFO  server.RaftServerConfigKeys (ConfUtils.java:logGet(44)) - raft.server.retrycache.statistics.expirytime = 100μs (default)
2022-03-02 21:34:15,941 [pool-777-thread-1] INFO  server.RaftServer$Division (RaftServerImpl.java:start(301)) - cdd5360e-d849-4e2b-b62b-b70fbd73a7e1@group-8918CE4A9E0E: start as a follower, conf=-1: [cdd5360e-d849-4e2b-b62b-b70fbd73a7e1|rpc:10.1.0.35:36141|priority:1], old=null
2022-03-02 21:34:15,941 [pool-777-thread-1] INFO  server.RaftServer$Division (RaftServerImpl.java:setRole(290)) - cdd5360e-d849-4e2b-b62b-b70fbd73a7e1@group-8918CE4A9E0E: changes role from      null to FOLLOWER at term 0 for startAsFollower
2022-03-02 21:34:15,941 [pool-777-thread-1] INFO  impl.RoleInfo (RoleInfo.java:updateAndGet(130)) - cdd5360e-d849-4e2b-b62b-b70fbd73a7e1: start cdd5360e-d849-4e2b-b62b-b70fbd73a7e1@group-8918CE4A9E0E-FollowerState
2022-03-02 21:34:15,969 [pool-777-thread-1] INFO  util.JmxRegister (JmxRegister.java:tryRegister(44)) - Successfully registered JMX Bean with object name Ratis:service=RaftServer,group=group-8918CE4A9E0E,id=cdd5360e-d849-4e2b-b62b-b70fbd73a7e1
2022-03-02 21:34:16,029 [Listener at 127.0.0.1/33667] INFO  ozone.MiniOzoneClusterImpl (MiniOzoneClusterImpl.java:shutdown(449)) - Shutting down the Mini Ozone Cluster
2022-03-02 21:34:16,029 [Listener at 127.0.0.1/33667] INFO  ozone.MiniOzoneClusterImpl (MiniOzoneClusterImpl.java:stop(464)) - Stopping the Mini Ozone Cluster
2022-03-02 21:34:16,029 [Listener at 127.0.0.1/33667] INFO  ozone.MiniOzoneClusterImpl (MiniOzoneClusterImpl.java:stopOM(546)) - Stopping the OzoneManager
2022-03-02 21:34:16,029 [Listener at 127.0.0.1/33667] INFO  om.OzoneManager (OzoneManager.java:stop(1893)) - om1[localhost:0]: Stopping Ozone Manager
2022-03-02 21:34:16,029 [Listener at 127.0.0.1/33667] INFO  ipc.Server (Server.java:stop(3414)) - Stopping server on 33667
2022-03-02 21:34:16,041 [pool-777-thread-1] INFO  server.RaftServer$Division (RaftServerImpl.java:start(301)) - cdd5360e-d849-4e2b-b62b-b70fbd73a7e1@group-05C4B365625D: start as a follower, conf=-1: [cdd5360e-d849-4e2b-b62b-b70fbd73a7e1|rpc:10.1.0.35:36141|dataStream:|priority:0, 176cdbad-2e78-4d65-9cb6-df82a020a3cb|rpc:10.1.0.35:36905|dataStream:|priority:1, 06306a50-9ba9-4128-94e0-55d591e142a1|rpc:10.1.0.35:42445|dataStream:|priority:0], old=null
2022-03-02 21:34:16,041 [pool-777-thread-1] INFO  server.RaftServer$Division (RaftServerImpl.java:setRole(290)) - cdd5360e-d849-4e2b-b62b-b70fbd73a7e1@group-05C4B365625D: changes role from      null to FOLLOWER at term 0 for startAsFollower
2022-03-02 21:34:16,041 [pool-777-thread-1] INFO  impl.RoleInfo (RoleInfo.java:updateAndGet(130)) - cdd5360e-d849-4e2b-b62b-b70fbd73a7e1: start cdd5360e-d849-4e2b-b62b-b70fbd73a7e1@group-05C4B365625D-FollowerState
2022-03-02 21:34:16,041 [Command processor thread] INFO  ratis.XceiverServerRatis (XceiverServerRatis.java:addGroup(769)) - Created group PipelineID=c2cbcd83-50ea-4bd7-90c1-8918ce4a9e0e
2022-03-02 21:34:16,041 [Command processor thread] INFO  commandhandler.CreatePipelineCommandHandler (CreatePipelineCommandHandler.java:handle(106)) - Created Pipeline RATIS ONE PipelineID=c2cbcd83-50ea-4bd7-90c1-8918ce4a9e0e.
2022-03-02 21:34:16,041 [Command processor thread] INFO  server.RaftServer (RaftServerProxy.java:addNew(95)) - cdd5360e-d849-4e2b-b62b-b70fbd73a7e1: addNew group-D1C6F700E880:[cdd5360e-d849-4e2b-b62b-b70fbd73a7e1|rpc:10.1.0.35:36141|priority:0, 06306a50-9ba9-4128-94e0-55d591e142a1|rpc:10.1.0.35:42445|priority:1, ca012516-14dd-42cd-8742-1c9d04d43fd5|rpc:10.1.0.35:34561|priority:0] returns group-D1C6F700E880:java.util.concurrent.CompletableFuture@1a879c6b[Not completed]
2022-03-02 21:34:16,045 [pool-777-thread-1] INFO  util.JmxRegister (JmxRegister.java:tryRegister(44)) - Successfully registered JMX Bean with object name Ratis:service=RaftServer,group=group-05C4B365625D,id=cdd5360e-d849-4e2b-b62b-b70fbd73a7e1
2022-03-02 21:34:16,081 [pool-777-thread-1] INFO  server.RaftServer$Division (RaftServerImpl.java:<init>(184)) - cdd5360e-d849-4e2b-b62b-b70fbd73a7e1: new RaftServerImpl for group-D1C6F700E880:[cdd5360e-d849-4e2b-b62b-b70fbd73a7e1|rpc:10.1.0.35:36141|priority:0, 06306a50-9ba9-4128-94e0-55d591e142a1|rpc:10.1.0.35:42445|priority:1, ca012516-14dd-42cd-8742-1c9d04d43fd5|rpc:10.1.0.35:34561|priority:0] with ContainerStateMachine:uninitialized
2022-03-02 21:34:16,081 [pool-777-thread-1] INFO  server.RaftServerConfigKeys (ConfUtils.java:logGet(44)) - raft.server.rpc.timeout.min = 5s (custom)
2022-03-02 21:34:16,081 [pool-777-thread-1] INFO  server.RaftServerConfigKeys (ConfUtils.java:logGet(44)) - raft.server.rpc.timeout.max = 5200ms (custom)
2022-03-02 21:34:16,081 [pool-777-thread-1] INFO  server.RaftServerConfigKeys (ConfUtils.java:logGet(44)) - raft.server.rpc.sleep.time = 25ms (default)
2022-03-02 21:34:16,081 [pool-777-thread-1] INFO  server.RaftServerConfigKeys (ConfUtils.java:logGet(44)) - raft.server.rpc.slowness.timeout = 300000ms (custom)
2022-03-02 21:34:16,081 [pool-777-thread-1] INFO  server.RaftServerConfigKeys (ConfUtils.java:logGet(44)) - raft.server.leaderelection.leader.step-down.wait-time = 10s (default)
2022-03-02 21:34:16,081 [pool-777-thread-1] INFO  server.RaftServerConfigKeys (ConfUtils.java:logGet(44)) - raft.server.sleep.deviation.threshold = 300ms (default)
2022-03-02 21:34:16,081 [pool-777-thread-1] INFO  server.RaftServerConfigKeys (ConfUtils.java:logGet(44)) - raft.server.log.appender.install.snapshot.enabled = false (custom)
2022-03-02 21:34:16,081 [pool-777-thread-1] INFO  server.RaftServer$Division (ServerState.java:<init>(105)) - cdd5360e-d849-4e2b-b62b-b70fbd73a7e1@group-D1C6F700E880: ConfigurationManager, init=-1: [cdd5360e-d849-4e2b-b62b-b70fbd73a7e1|rpc:10.1.0.35:36141|priority:0, 06306a50-9ba9-4128-94e0-55d591e142a1|rpc:10.1.0.35:42445|priority:1, ca012516-14dd-42cd-8742-1c9d04d43fd5|rpc:10.1.0.35:34561|priority:0], old=null, confs=<EMPTY_MAP>
2022-03-02 21:34:16,081 [pool-777-thread-1] INFO  server.RaftServerConfigKeys (ConfUtils.java:logGet(44)) - raft.server.storage.dir = [/home/runner/work/ozone/ozone/hadoop-ozone/integration-test/target/test-dir/MiniOzoneClusterImpl-f745d883-409d-4598-9a00-e779d9019c18/datanode-1/data/ratis] (custom)
2022-03-02 21:34:16,081 [pool-777-thread-1] INFO  server.RaftServerConfigKeys (ConfUtils.java:logGet(44)) - raft.server.log.corruption.policy = EXCEPTION (default)
2022-03-02 21:34:16,081 [pool-777-thread-1] INFO  server.RaftServerConfigKeys (ConfUtils.java:logGet(44)) - raft.server.storage.free-space.min = 0MB (=0) (default)
2022-03-02 21:34:16,081 [pool-777-thread-1] INFO  storage.RaftStorageDirectory (RaftStorageDirectoryImpl.java:analyzeStorage(135)) - The storage directory /home/runner/work/ozone/ozone/hadoop-ozone/integration-test/target/test-dir/MiniOzoneClusterImpl-f745d883-409d-4598-9a00-e779d9019c18/datanode-1/data/ratis/99b0005b-b804-474f-a045-d1c6f700e880 does not exist. Creating ...
2022-03-02 21:34:16,083 [Command processor thread] INFO  server.RaftServer (RaftServerProxy.java:addNew(95)) - 176cdbad-2e78-4d65-9cb6-df82a020a3cb: addNew group-05C4B365625D:[cdd5360e-d849-4e2b-b62b-b70fbd73a7e1|rpc:10.1.0.35:36141|priority:0, 176cdbad-2e78-4d65-9cb6-df82a020a3cb|rpc:10.1.0.35:36905|priority:1, 06306a50-9ba9-4128-94e0-55d591e142a1|rpc:10.1.0.35:42445|priority:0] returns group-05C4B365625D:java.util.concurrent.CompletableFuture@62be1223[Not completed]
2022-03-02 21:34:16,099 [pool-717-thread-1] INFO  server.RaftServer$Division (RaftServerImpl.java:<init>(184)) - 176cdbad-2e78-4d65-9cb6-df82a020a3cb: new RaftServerImpl for group-05C4B365625D:[cdd5360e-d849-4e2b-b62b-b70fbd73a7e1|rpc:10.1.0.35:36141|priority:0, 176cdbad-2e78-4d65-9cb6-df82a020a3cb|rpc:10.1.0.35:36905|priority:1, 06306a50-9ba9-4128-94e0-55d591e142a1|rpc:10.1.0.35:42445|priority:0] with ContainerStateMachine:uninitialized
2022-03-02 21:34:16,101 [pool-717-thread-1] INFO  server.RaftServerConfigKeys (ConfUtils.java:logGet(44)) - raft.server.rpc.timeout.min = 5s (custom)
2022-03-02 21:34:16,101 [pool-717-thread-1] INFO  server.RaftServerConfigKeys (ConfUtils.java:logGet(44)) - raft.server.rpc.timeout.max = 5200ms (custom)
2022-03-02 21:34:16,101 [pool-717-thread-1] INFO  server.RaftServerConfigKeys (ConfUtils.java:logGet(44)) - raft.server.rpc.sleep.time = 25ms (default)
2022-03-02 21:34:16,101 [pool-717-thread-1] INFO  server.RaftServerConfigKeys (ConfUtils.java:logGet(44)) - raft.server.rpc.slowness.timeout = 300000ms (custom)
2022-03-02 21:34:16,101 [pool-717-thread-1] INFO  server.RaftServerConfigKeys (ConfUtils.java:logGet(44)) - raft.server.leaderelection.leader.step-down.wait-time = 10s (default)
2022-03-02 21:34:16,101 [pool-717-thread-1] INFO  server.RaftServerConfigKeys (ConfUtils.java:logGet(44)) - raft.server.sleep.deviation.threshold = 300ms (default)
2022-03-02 21:34:16,101 [pool-717-thread-1] INFO  server.RaftServerConfigKeys (ConfUtils.java:logGet(44)) - raft.server.log.appender.install.snapshot.enabled = false (custom)
2022-03-02 21:34:16,101 [pool-717-thread-1] INFO  server.RaftServer$Division (ServerState.java:<init>(105)) - 176cdbad-2e78-4d65-9cb6-df82a020a3cb@group-05C4B365625D: ConfigurationManager, init=-1: [cdd5360e-d849-4e2b-b62b-b70fbd73a7e1|rpc:10.1.0.35:36141|priority:0, 176cdbad-2e78-4d65-9cb6-df82a020a3cb|rpc:10.1.0.35:36905|priority:1, 06306a50-9ba9-4128-94e0-55d591e142a1|rpc:10.1.0.35:42445|priority:0], old=null, confs=<EMPTY_MAP>
2022-03-02 21:34:16,101 [pool-717-thread-1] INFO  server.RaftServerConfigKeys (ConfUtils.java:logGet(44)) - raft.server.storage.dir = [/home/runner/work/ozone/ozone/hadoop-ozone/integration-test/target/test-dir/MiniOzoneClusterImpl-f745d883-409d-4598-9a00-e779d9019c18/datanode-6/data/ratis] (custom)
2022-03-02 21:34:16,102 [pool-717-thread-1] INFO  server.RaftServerConfigKeys (ConfUtils.java:logGet(44)) - raft.server.log.corruption.policy = EXCEPTION (default)
2022-03-02 21:34:16,102 [pool-717-thread-1] INFO  server.RaftServerConfigKeys (ConfUtils.java:logGet(44)) - raft.server.storage.free-space.min = 0MB (=0) (default)
2022-03-02 21:34:16,102 [pool-717-thread-1] INFO  storage.RaftStorageDirectory (RaftStorageDirectoryImpl.java:analyzeStorage(135)) - The storage directory /home/runner/work/ozone/ozone/hadoop-ozone/integration-test/target/test-dir/MiniOzoneClusterImpl-f745d883-409d-4598-9a00-e779d9019c18/datanode-6/data/ratis/e486f70c-26fe-495e-ae57-05c4b365625d does not exist. Creating ...
2022-03-02 21:34:16,102 [pool-717-thread-1] INFO  storage.RaftStorageDirectory (RaftStorageDirectoryImpl.java:tryLock(230)) - Lock on /home/runner/work/ozone/ozone/hadoop-ozone/integration-test/target/test-dir/MiniOzoneClusterImpl-f745d883-409d-4598-9a00-e779d9019c18/datanode-6/data/ratis/e486f70c-26fe-495e-ae57-05c4b365625d/in_use.lock acquired by nodename 22518@fv-az294-754
2022-03-02 21:34:16,103 [pool-717-thread-1] INFO  storage.RaftStorage (RaftStorageImpl.java:format(89)) - Storage directory /home/runner/work/ozone/ozone/hadoop-ozone/integration-test/target/test-dir/MiniOzoneClusterImpl-f745d883-409d-4598-9a00-e779d9019c18/datanode-6/data/ratis/e486f70c-26fe-495e-ae57-05c4b365625d has been successfully formatted.
2022-03-02 21:34:16,104 [pool-717-thread-1] INFO  ratis.ContainerStateMachine (ContainerStateMachine.java:loadSnapshot(236)) - group-05C4B365625D: The snapshot info is null. Setting the last applied indexto:(t:0, i:~)
2022-03-02 21:34:16,084 [pool-777-thread-1] INFO  storage.RaftStorageDirectory (RaftStorageDirectoryImpl.java:tryLock(230)) - Lock on /home/runner/work/ozone/ozone/hadoop-ozone/integration-test/target/test-dir/MiniOzoneClusterImpl-f745d883-409d-4598-9a00-e779d9019c18/datanode-1/data/ratis/99b0005b-b804-474f-a045-d1c6f700e880/in_use.lock acquired by nodename 22518@fv-az294-754
2022-03-02 21:34:16,104 [pool-717-thread-1] INFO  server.RaftServerConfigKeys (ConfUtils.java:logGet(44)) - raft.server.notification.no-leader.timeout = 300000ms (custom)
2022-03-02 21:34:16,104 [pool-717-thread-1] INFO  server.RaftServerConfigKeys (ConfUtils.java:logGet(44)) - raft.server.log.use.memory = false (default)
2022-03-02 21:34:16,104 [pool-717-thread-1] INFO  server.RaftServerConfigKeys (ConfUtils.java:logGet(44)) - raft.server.log.purge.gap = 1000000 (custom)
2022-03-02 21:34:16,104 [pool-717-thread-1] INFO  server.RaftServerConfigKeys (ConfUtils.java:logGet(44)) - raft.server.log.appender.buffer.byte-limit = 33554432 (custom)
2022-03-02 21:34:16,104 [pool-717-thread-1] INFO  server.RaftServerConfigKeys (ConfUtils.java:logGet(44)) - raft.server.log.segment.size.max = 1048576 (custom)
2022-03-02 21:34:16,131 [pool-777-thread-1] INFO  storage.RaftStorage (RaftStorageImpl.java:format(89)) - Storage directory /home/runner/work/ozone/ozone/hadoop-ozone/integration-test/target/test-dir/MiniOzoneClusterImpl-f745d883-409d-4598-9a00-e779d9019c18/datanode-1/data/ratis/99b0005b-b804-474f-a045-d1c6f700e880 has been successfully formatted.
2022-03-02 21:34:16,131 [pool-777-thread-1] INFO  ratis.ContainerStateMachine (ContainerStateMachine.java:loadSnapshot(236)) - group-D1C6F700E880: The snapshot info is null. Setting the last applied indexto:(t:0, i:~)
2022-03-02 21:34:16,131 [pool-777-thread-1] INFO  server.RaftServerConfigKeys (ConfUtils.java:logGet(44)) - raft.server.notification.no-leader.timeout = 300000ms (custom)
2022-03-02 21:34:16,131 [pool-777-thread-1] INFO  server.RaftServerConfigKeys (ConfUtils.java:logGet(44)) - raft.server.log.use.memory = false (default)
2022-03-02 21:34:16,131 [pool-777-thread-1] INFO  server.RaftServerConfigKeys (ConfUtils.java:logGet(44)) - raft.server.log.purge.gap = 1000000 (custom)
2022-03-02 21:34:16,131 [pool-777-thread-1] INFO  server.RaftServerConfigKeys (ConfUtils.java:logGet(44)) - raft.server.log.appender.buffer.byte-limit = 33554432 (custom)
2022-03-02 21:34:16,131 [pool-777-thread-1] INFO  server.RaftServerConfigKeys (ConfUtils.java:logGet(44)) - raft.server.log.segment.size.max = 1048576 (custom)
2022-03-02 21:34:16,132 [pool-777-thread-1] INFO  server.RaftServerConfigKeys (ConfUtils.java:logGet(44)) - raft.server.log.segment.cache.num.max = 2 (custom)
2022-03-02 21:34:16,132 [pool-777-thread-1] INFO  server.RaftServerConfigKeys (ConfUtils.java:logGet(44)) - raft.server.log.segment.cache.size.max = 200MB (=209715200) (default)
2022-03-02 21:34:16,132 [pool-777-thread-1] INFO  segmented.SegmentedRaftLogWorker (SegmentedRaftLogWorker.java:<init>(182)) - new cdd5360e-d849-4e2b-b62b-b70fbd73a7e1@group-D1C6F700E880-SegmentedRaftLogWorker for RaftStorageImpl:Storage Directory /home/runner/work/ozone/ozone/hadoop-ozone/integration-test/target/test-dir/MiniOzoneClusterImpl-f745d883-409d-4598-9a00-e779d9019c18/datanode-1/data/ratis/99b0005b-b804-474f-a045-d1c6f700e880
2022-03-02 21:34:16,132 [pool-777-thread-1] INFO  server.RaftServerConfigKeys (ConfUtils.java:logGet(44)) - raft.server.log.queue.byte-limit = 4294967296 (custom)
2022-03-02 21:34:16,132 [pool-777-thread-1] INFO  server.RaftServerConfigKeys (ConfUtils.java:logGet(44)) - raft.server.log.queue.element-limit = 1024 (custom)
2022-03-02 21:34:16,132 [pool-777-thread-1] INFO  server.RaftServerConfigKeys (ConfUtils.java:logGet(44)) - raft.server.log.segment.size.max = 1048576 (custom)
2022-03-02 21:34:16,132 [pool-777-thread-1] INFO  server.RaftServerConfigKeys (ConfUtils.java:logGet(44)) - raft.server.log.preallocated.size = 16384 (custom)
2022-03-02 21:34:16,132 [pool-777-thread-1] INFO  server.RaftServerConfigKeys (ConfUtils.java:logGet(44)) - raft.server.log.force.sync.num = 128 (default)
2022-03-02 21:34:16,132 [pool-777-thread-1] INFO  server.RaftServerConfigKeys (ConfUtils.java:logGet(44)) - raft.server.log.statemachine.data.sync = true (default)
2022-03-02 21:34:16,132 [pool-777-thread-1] INFO  server.RaftServerConfigKeys (ConfUtils.java:logGet(44)) - raft.server.log.statemachine.data.sync.timeout = 10s (default)
2022-03-02 21:34:16,132 [pool-777-thread-1] INFO  server.RaftServerConfigKeys (ConfUtils.java:logGet(44)) - raft.server.log.statemachine.data.sync.timeout.retry = -1 (default)
2022-03-02 21:34:16,133 [pool-777-thread-1] INFO  server.RaftServerConfigKeys (ConfUtils.java:logGet(44)) - raft.server.log.write.buffer.size = 1048576 (custom)
2022-03-02 21:34:16,133 [pool-777-thread-1] INFO  server.RaftServerConfigKeys (ConfUtils.java:logGet(44)) - raft.server.log.statemachine.data.caching.enabled = true (custom)
2022-03-02 21:34:16,134 [pool-777-thread-1] INFO  segmented.SegmentedRaftLogWorker (SegmentedRaftLogWorker.java:lambda$new$0(133)) - cdd5360e-d849-4e2b-b62b-b70fbd73a7e1@group-D1C6F700E880-SegmentedRaftLogWorker: flushIndex: setUnconditionally 0 -> -1
2022-03-02 21:34:16,134 [pool-777-thread-1] INFO  segmented.SegmentedRaftLogWorker (SegmentedRaftLogWorker.java:lambda$new$0(133)) - cdd5360e-d849-4e2b-b62b-b70fbd73a7e1@group-D1C6F700E880-SegmentedRaftLogWorker: safeCacheEvictIndex: setUnconditionally 0 -> -1
2022-03-02 21:34:16,149 [pool-777-thread-1] INFO  server.RaftServerConfigKeys (ConfUtils.java:logGet(44)) - raft.server.snapshot.auto.trigger.enabled = true (custom)
2022-03-02 21:34:16,149 [pool-777-thread-1] INFO  server.RaftServerConfigKeys (ConfUtils.java:logGet(44)) - raft.server.snapshot.auto.trigger.threshold = 10000 (custom)
2022-03-02 21:34:16,149 [pool-777-thread-1] INFO  server.RaftServerConfigKeys (ConfUtils.java:logGet(44)) - raft.server.snapshot.retention.file.num = 5 (custom)
2022-03-02 21:34:16,149 [pool-777-thread-1] INFO  server.RaftServerConfigKeys (ConfUtils.java:logGet(44)) - raft.server.log.purge.upto.snapshot.index = false (default)
2022-03-02 21:34:16,149 [pool-777-thread-1] INFO  server.RaftServerConfigKeys (ConfUtils.java:logGet(44)) - raft.server.retrycache.expirytime = 600000ms (custom)
2022-03-02 21:34:16,149 [pool-777-thread-1] INFO  server.RaftServerConfigKeys (ConfUtils.java:logGet(44)) - raft.server.retrycache.statistics.expirytime = 100μs (default)
2022-03-02 21:34:16,150 [pool-777-thread-1] INFO  server.RaftServer$Division (RaftServerImpl.java:start(301)) - cdd5360e-d849-4e2b-b62b-b70fbd73a7e1@group-D1C6F700E880: start as a follower, conf=-1: [cdd5360e-d849-4e2b-b62b-b70fbd73a7e1|rpc:10.1.0.35:36141|priority:0, 06306a50-9ba9-4128-94e0-55d591e142a1|rpc:10.1.0.35:42445|priority:1, ca012516-14dd-42cd-8742-1c9d04d43fd5|rpc:10.1.0.35:34561|priority:0], old=null
2022-03-02 21:34:16,150 [pool-777-thread-1] INFO  server.RaftServer$Division (RaftServerImpl.java:setRole(290)) - cdd5360e-d849-4e2b-b62b-b70fbd73a7e1@group-D1C6F700E880: changes role from      null to FOLLOWER at term 0 for startAsFollower
2022-03-02 21:34:16,150 [pool-777-thread-1] INFO  impl.RoleInfo (RoleInfo.java:updateAndGet(130)) - cdd5360e-d849-4e2b-b62b-b70fbd73a7e1: start cdd5360e-d849-4e2b-b62b-b70fbd73a7e1@group-D1C6F700E880-FollowerState
2022-03-02 21:34:16,163 [pool-777-thread-1] INFO  util.JmxRegister (JmxRegister.java:tryRegister(44)) - Successfully registered JMX Bean with object name Ratis:service=RaftServer,group=group-D1C6F700E880,id=cdd5360e-d849-4e2b-b62b-b70fbd73a7e1
2022-03-02 21:34:16,164 [pool-717-thread-1] INFO  server.RaftServerConfigKeys (ConfUtils.java:logGet(44)) - raft.server.log.segment.cache.num.max = 2 (custom)
2022-03-02 21:34:16,164 [pool-717-thread-1] INFO  server.RaftServerConfigKeys (ConfUtils.java:logGet(44)) - raft.server.log.segment.cache.size.max = 200MB (=209715200) (default)
2022-03-02 21:34:16,164 [pool-717-thread-1] INFO  segmented.SegmentedRaftLogWorker (SegmentedRaftLogWorker.java:<init>(182)) - new 176cdbad-2e78-4d65-9cb6-df82a020a3cb@group-05C4B365625D-SegmentedRaftLogWorker for RaftStorageImpl:Storage Directory /home/runner/work/ozone/ozone/hadoop-ozone/integration-test/target/test-dir/MiniOzoneClusterImpl-f745d883-409d-4598-9a00-e779d9019c18/datanode-6/data/ratis/e486f70c-26fe-495e-ae57-05c4b365625d
2022-03-02 21:34:16,164 [pool-717-thread-1] INFO  server.RaftServerConfigKeys (ConfUtils.java:logGet(44)) - raft.server.log.queue.byte-limit = 4294967296 (custom)
2022-03-02 21:34:16,164 [pool-717-thread-1] INFO  server.RaftServerConfigKeys (ConfUtils.java:logGet(44)) - raft.server.log.queue.element-limit = 1024 (custom)
2022-03-02 21:34:16,165 [pool-717-thread-1] INFO  server.RaftServerConfigKeys (ConfUtils.java:logGet(44)) - raft.server.log.segment.size.max = 1048576 (custom)
2022-03-02 21:34:16,165 [pool-717-thread-1] INFO  server.RaftServerConfigKeys (ConfUtils.java:logGet(44)) - raft.server.log.preallocated.size = 16384 (custom)
2022-03-02 21:34:16,165 [pool-717-thread-1] INFO  server.RaftServerConfigKeys (ConfUtils.java:logGet(44)) - raft.server.log.force.sync.num = 128 (default)
2022-03-02 21:34:16,165 [pool-717-thread-1] INFO  server.RaftServerConfigKeys (ConfUtils.java:logGet(44)) - raft.server.log.statemachine.data.sync = true (default)
2022-03-02 21:34:16,165 [pool-717-thread-1] INFO  server.RaftServerConfigKeys (ConfUtils.java:logGet(44)) - raft.server.log.statemachine.data.sync.timeout = 10s (default)
2022-03-02 21:34:16,165 [pool-717-thread-1] INFO  server.RaftServerConfigKeys (ConfUtils.java:logGet(44)) - raft.server.log.statemachine.data.sync.timeout.retry = -1 (default)
2022-03-02 21:34:16,166 [pool-717-thread-1] INFO  server.RaftServerConfigKeys (ConfUtils.java:logGet(44)) - raft.server.log.write.buffer.size = 1048576 (custom)
2022-03-02 21:34:16,166 [pool-717-thread-1] INFO  server.RaftServerConfigKeys (ConfUtils.java:logGet(44)) - raft.server.log.statemachine.data.caching.enabled = true (custom)
2022-03-02 21:34:16,166 [pool-717-thread-1] INFO  segmented.SegmentedRaftLogWorker (SegmentedRaftLogWorker.java:lambda$new$0(133)) - 176cdbad-2e78-4d65-9cb6-df82a020a3cb@group-05C4B365625D-SegmentedRaftLogWorker: flushIndex: setUnconditionally 0 -> -1
2022-03-02 21:34:16,166 [pool-717-thread-1] INFO  segmented.SegmentedRaftLogWorker (SegmentedRaftLogWorker.java:lambda$new$0(133)) - 176cdbad-2e78-4d65-9cb6-df82a020a3cb@group-05C4B365625D-SegmentedRaftLogWorker: safeCacheEvictIndex: setUnconditionally 0 -> -1
2022-03-02 21:34:16,171 [Command processor thread] INFO  ratis.XceiverServerRatis (XceiverServerRatis.java:addGroup(769)) - Created group PipelineID=99b0005b-b804-474f-a045-d1c6f700e880
2022-03-02 21:34:16,176 [pool-717-thread-1] INFO  server.RaftServerConfigKeys (ConfUtils.java:logGet(44)) - raft.server.snapshot.auto.trigger.enabled = true (custom)
2022-03-02 21:34:16,193 [pool-717-thread-1] INFO  server.RaftServerConfigKeys (ConfUtils.java:logGet(44)) - raft.server.snapshot.auto.trigger.threshold = 10000 (custom)
2022-03-02 21:34:16,193 [pool-717-thread-1] INFO  server.RaftServerConfigKeys (ConfUtils.java:logGet(44)) - raft.server.snapshot.retention.file.num = 5 (custom)
2022-03-02 21:34:16,193 [pool-717-thread-1] INFO  server.RaftServerConfigKeys (ConfUtils.java:logGet(44)) - raft.server.log.purge.upto.snapshot.index = false (default)
2022-03-02 21:34:16,193 [pool-717-thread-1] INFO  server.RaftServerConfigKeys (ConfUtils.java:logGet(44)) - raft.server.retrycache.expirytime = 600000ms (custom)
2022-03-02 21:34:16,193 [pool-717-thread-1] INFO  server.RaftServerConfigKeys (ConfUtils.java:logGet(44)) - raft.server.retrycache.statistics.expirytime = 100μs (default)
2022-03-02 21:34:16,194 [pool-717-thread-1] INFO  server.RaftServer$Division (RaftServerImpl.java:start(301)) - 176cdbad-2e78-4d65-9cb6-df82a020a3cb@group-05C4B365625D: start as a follower, conf=-1: [cdd5360e-d849-4e2b-b62b-b70fbd73a7e1|rpc:10.1.0.35:36141|priority:0, 176cdbad-2e78-4d65-9cb6-df82a020a3cb|rpc:10.1.0.35:36905|priority:1, 06306a50-9ba9-4128-94e0-55d591e142a1|rpc:10.1.0.35:42445|priority:0], old=null
2022-03-02 21:34:16,194 [pool-717-thread-1] INFO  server.RaftServer$Division (RaftServerImpl.java:setRole(290)) - 176cdbad-2e78-4d65-9cb6-df82a020a3cb@group-05C4B365625D: changes role from      null to FOLLOWER at term 0 for startAsFollower
2022-03-02 21:34:16,194 [pool-717-thread-1] INFO  impl.RoleInfo (RoleInfo.java:updateAndGet(130)) - 176cdbad-2e78-4d65-9cb6-df82a020a3cb: start 176cdbad-2e78-4d65-9cb6-df82a020a3cb@group-05C4B365625D-FollowerState
2022-03-02 21:34:16,199 [pool-717-thread-1] INFO  util.JmxRegister (JmxRegister.java:tryRegister(44)) - Successfully registered JMX Bean with object name Ratis:service=RaftServer,group=group-05C4B365625D,id=176cdbad-2e78-4d65-9cb6-df82a020a3cb
2022-03-02 21:34:16,203 [grpc-default-executor-6] INFO  server.RaftServer (RaftServerProxy.java:addNew(95)) - ca012516-14dd-42cd-8742-1c9d04d43fd5: addNew group-D1C6F700E880:[cdd5360e-d849-4e2b-b62b-b70fbd73a7e1|rpc:10.1.0.35:36141|dataStream:|priority:0, 06306a50-9ba9-4128-94e0-55d591e142a1|rpc:10.1.0.35:42445|dataStream:|priority:1, ca012516-14dd-42cd-8742-1c9d04d43fd5|rpc:10.1.0.35:34561|dataStream:|priority:0] returns group-D1C6F700E880:java.util.concurrent.CompletableFuture@6df63bfe[Not completed]
2022-03-02 21:34:16,204 [pool-633-thread-1] INFO  server.RaftServer$Division (RaftServerImpl.java:<init>(184)) - ca012516-14dd-42cd-8742-1c9d04d43fd5: new RaftServerImpl for group-D1C6F700E880:[cdd5360e-d849-4e2b-b62b-b70fbd73a7e1|rpc:10.1.0.35:36141|dataStream:|priority:0, 06306a50-9ba9-4128-94e0-55d591e142a1|rpc:10.1.0.35:42445|dataStream:|priority:1, ca012516-14dd-42cd-8742-1c9d04d43fd5|rpc:10.1.0.35:34561|dataStream:|priority:0] with ContainerStateMachine:uninitialized
2022-03-02 21:34:16,204 [pool-633-thread-1] INFO  server.RaftServerConfigKeys (ConfUtils.java:logGet(44)) - raft.server.rpc.timeout.min = 5s (custom)
2022-03-02 21:34:16,204 [pool-633-thread-1] INFO  server.RaftServerConfigKeys (ConfUtils.java:logGet(44)) - raft.server.rpc.timeout.max = 5200ms (custom)
2022-03-02 21:34:16,204 [pool-633-thread-1] INFO  server.RaftServerConfigKeys (ConfUtils.java:logGet(44)) - raft.server.rpc.sleep.time = 25ms (default)
2022-03-02 21:34:16,204 [pool-633-thread-1] INFO  server.RaftServerConfigKeys (ConfUtils.java:logGet(44)) - raft.server.rpc.slowness.timeout = 300000ms (custom)
2022-03-02 21:34:16,204 [pool-633-thread-1] INFO  server.RaftServerConfigKeys (ConfUtils.java:logGet(44)) - raft.server.leaderelection.leader.step-down.wait-time = 10s (default)
2022-03-02 21:34:16,204 [pool-633-thread-1] INFO  server.RaftServerConfigKeys (ConfUtils.java:logGet(44)) - raft.server.sleep.deviation.threshold = 300ms (default)
2022-03-02 21:34:16,204 [pool-633-thread-1] INFO  server.RaftServerConfigKeys (ConfUtils.java:logGet(44)) - raft.server.log.appender.install.snapshot.enabled = false (custom)
2022-03-02 21:34:16,204 [pool-633-thread-1] INFO  server.RaftServer$Division (ServerState.java:<init>(105)) - ca012516-14dd-42cd-8742-1c9d04d43fd5@group-D1C6F700E880: ConfigurationManager, init=-1: [cdd5360e-d849-4e2b-b62b-b70fbd73a7e1|rpc:10.1.0.35:36141|dataStream:|priority:0, 06306a50-9ba9-4128-94e0-55d591e142a1|rpc:10.1.0.35:42445|dataStream:|priority:1, ca012516-14dd-42cd-8742-1c9d04d43fd5|rpc:10.1.0.35:34561|dataStream:|priority:0], old=null, confs=<EMPTY_MAP>
2022-03-02 21:34:16,204 [pool-633-thread-1] INFO  server.RaftServerConfigKeys (ConfUtils.java:logGet(44)) - raft.server.storage.dir = [/home/runner/work/ozone/ozone/hadoop-ozone/integration-test/target/test-dir/MiniOzoneClusterImpl-f745d883-409d-4598-9a00-e779d9019c18/datanode-2/data/ratis] (custom)
2022-03-02 21:34:16,205 [pool-633-thread-1] INFO  server.RaftServerConfigKeys (ConfUtils.java:logGet(44)) - raft.server.log.corruption.policy = EXCEPTION (default)
2022-03-02 21:34:16,205 [pool-633-thread-1] INFO  server.RaftServerConfigKeys (ConfUtils.java:logGet(44)) - raft.server.storage.free-space.min = 0MB (=0) (default)
2022-03-02 21:34:16,205 [pool-633-thread-1] INFO  storage.RaftStorageDirectory (RaftStorageDirectoryImpl.java:analyzeStorage(135)) - The storage directory /home/runner/work/ozone/ozone/hadoop-ozone/integration-test/target/test-dir/MiniOzoneClusterImpl-f745d883-409d-4598-9a00-e779d9019c18/datanode-2/data/ratis/99b0005b-b804-474f-a045-d1c6f700e880 does not exist. Creating ...
2022-03-02 21:34:16,209 [pool-633-thread-1] INFO  storage.RaftStorageDirectory (RaftStorageDirectoryImpl.java:tryLock(230)) - Lock on /home/runner/work/ozone/ozone/hadoop-ozone/integration-test/target/test-dir/MiniOzoneClusterImpl-f745d883-409d-4598-9a00-e779d9019c18/datanode-2/data/ratis/99b0005b-b804-474f-a045-d1c6f700e880/in_use.lock acquired by nodename 22518@fv-az294-754
2022-03-02 21:34:16,210 [pool-633-thread-1] INFO  storage.RaftStorage (RaftStorageImpl.java:format(89)) - Storage directory /home/runner/work/ozone/ozone/hadoop-ozone/integration-test/target/test-dir/MiniOzoneClusterImpl-f745d883-409d-4598-9a00-e779d9019c18/datanode-2/data/ratis/99b0005b-b804-474f-a045-d1c6f700e880 has been successfully formatted.
2022-03-02 21:34:16,222 [Command processor thread] INFO  ratis.XceiverServerRatis (XceiverServerRatis.java:addGroup(769)) - Created group PipelineID=e486f70c-26fe-495e-ae57-05c4b365625d
2022-03-02 21:34:16,222 [pool-633-thread-1] INFO  ratis.ContainerStateMachine (ContainerStateMachine.java:loadSnapshot(236)) - group-D1C6F700E880: The snapshot info is null. Setting the last applied indexto:(t:0, i:~)
2022-03-02 21:34:16,249 [pool-633-thread-1] INFO  server.RaftServerConfigKeys (ConfUtils.java:logGet(44)) - raft.server.notification.no-leader.timeout = 300000ms (custom)
2022-03-02 21:34:16,249 [pool-633-thread-1] INFO  server.RaftServerConfigKeys (ConfUtils.java:logGet(44)) - raft.server.log.use.memory = false (default)
2022-03-02 21:34:16,249 [pool-633-thread-1] INFO  server.RaftServerConfigKeys (ConfUtils.java:logGet(44)) - raft.server.log.purge.gap = 1000000 (custom)
2022-03-02 21:34:16,249 [pool-633-thread-1] INFO  server.RaftServerConfigKeys (ConfUtils.java:logGet(44)) - raft.server.log.appender.buffer.byte-limit = 33554432 (custom)
2022-03-02 21:34:16,250 [pool-633-thread-1] INFO  server.RaftServerConfigKeys (ConfUtils.java:logGet(44)) - raft.server.log.segment.size.max = 1048576 (custom)
2022-03-02 21:34:16,250 [pool-633-thread-1] INFO  server.RaftServerConfigKeys (ConfUtils.java:logGet(44)) - raft.server.log.segment.cache.num.max = 2 (custom)
2022-03-02 21:34:16,250 [pool-633-thread-1] INFO  server.RaftServerConfigKeys (ConfUtils.java:logGet(44)) - raft.server.log.segment.cache.size.max = 200MB (=209715200) (default)
2022-03-02 21:34:16,250 [pool-633-thread-1] INFO  segmented.SegmentedRaftLogWorker (SegmentedRaftLogWorker.java:<init>(182)) - new ca012516-14dd-42cd-8742-1c9d04d43fd5@group-D1C6F700E880-SegmentedRaftLogWorker for RaftStorageImpl:Storage Directory /home/runner/work/ozone/ozone/hadoop-ozone/integration-test/target/test-dir/MiniOzoneClusterImpl-f745d883-409d-4598-9a00-e779d9019c18/datanode-2/data/ratis/99b0005b-b804-474f-a045-d1c6f700e880
2022-03-02 21:34:16,250 [pool-633-thread-1] INFO  server.RaftServerConfigKeys (ConfUtils.java:logGet(44)) - raft.server.log.queue.byte-limit = 4294967296 (custom)
2022-03-02 21:34:16,250 [pool-633-thread-1] INFO  server.RaftServerConfigKeys (ConfUtils.java:logGet(44)) - raft.server.log.queue.element-limit = 1024 (custom)
2022-03-02 21:34:16,250 [pool-633-thread-1] INFO  server.RaftServerConfigKeys (ConfUtils.java:logGet(44)) - raft.server.log.segment.size.max = 1048576 (custom)
2022-03-02 21:34:16,250 [pool-633-thread-1] INFO  server.RaftServerConfigKeys (ConfUtils.java:logGet(44)) - raft.server.log.preallocated.size = 16384 (custom)
2022-03-02 21:34:16,250 [pool-633-thread-1] INFO  server.RaftServerConfigKeys (ConfUtils.java:logGet(44)) - raft.server.log.force.sync.num = 128 (default)
2022-03-02 21:34:16,250 [pool-633-thread-1] INFO  server.RaftServerConfigKeys (ConfUtils.java:logGet(44)) - raft.server.log.statemachine.data.sync = true (default)
2022-03-02 21:34:16,250 [pool-633-thread-1] INFO  server.RaftServerConfigKeys (ConfUtils.java:logGet(44)) - raft.server.log.statemachine.data.sync.timeout = 10s (default)
2022-03-02 21:34:16,250 [pool-633-thread-1] INFO  server.RaftServerConfigKeys (ConfUtils.java:logGet(44)) - raft.server.log.statemachine.data.sync.timeout.retry = -1 (default)
2022-03-02 21:34:16,251 [IPC Server listener on 0] INFO  ipc.Server (Server.java:run(1376)) - Stopping IPC Server listener on 0
2022-03-02 21:34:16,272 [IPC Server Responder] INFO  ipc.Server (Server.java:run(1512)) - Stopping IPC Server Responder
2022-03-02 21:34:16,292 [Listener at 127.0.0.1/33667] INFO  server.RaftServer (RaftServerProxy.java:lambda$close$6(391)) - om1: close
2022-03-02 21:34:16,292 [Listener at 127.0.0.1/33667] INFO  server.RaftServer$Division (RaftServerImpl.java:lambda$close$4(412)) - om1@group-C5BA1605619E: shutdown
2022-03-02 21:34:16,293 [Listener at 127.0.0.1/33667] INFO  util.JmxRegister (JmxRegister.java:unregister(73)) - Successfully un-registered JMX Bean with object name Ratis:service=RaftServer,group=group-C5BA1605619E,id=om1
2022-03-02 21:34:16,293 [Listener at 127.0.0.1/33667] INFO  impl.RoleInfo (RoleInfo.java:shutdownLeaderState(91)) - om1: shutdown om1@group-C5BA1605619E-LeaderStateImpl
2022-03-02 21:34:16,293 [Listener at 127.0.0.1/33667] INFO  impl.PendingRequests (PendingRequests.java:sendNotLeaderResponses(282)) - om1@group-C5BA1605619E-PendingRequests: sendNotLeaderResponses
2022-03-02 21:34:16,327 [Listener at 127.0.0.1/33667] INFO  impl.StateMachineUpdater (StateMachineUpdater.java:stopAndJoin(149)) - om1@group-C5BA1605619E-StateMachineUpdater: set stopIndex = 10
2022-03-02 21:34:16,328 [pool-633-thread-1] INFO  server.RaftServerConfigKeys (ConfUtils.java:logGet(44)) - raft.server.log.write.buffer.size = 1048576 (custom)
2022-03-02 21:34:16,328 [pool-633-thread-1] INFO  server.RaftServerConfigKeys (ConfUtils.java:logGet(44)) - raft.server.log.statemachine.data.caching.enabled = true (custom)
2022-03-02 21:34:16,329 [pool-633-thread-1] INFO  segmented.SegmentedRaftLogWorker (SegmentedRaftLogWorker.java:lambda$new$0(133)) - ca012516-14dd-42cd-8742-1c9d04d43fd5@group-D1C6F700E880-SegmentedRaftLogWorker: flushIndex: setUnconditionally 0 -> -1
2022-03-02 21:34:16,329 [pool-633-thread-1] INFO  segmented.SegmentedRaftLogWorker (SegmentedRaftLogWorker.java:lambda$new$0(133)) - ca012516-14dd-42cd-8742-1c9d04d43fd5@group-D1C6F700E880-SegmentedRaftLogWorker: safeCacheEvictIndex: setUnconditionally 0 -> -1
2022-03-02 21:34:16,331 [om1@group-C5BA1605619E-StateMachineUpdater] INFO  ratis.OzoneManagerStateMachine (OzoneManagerStateMachine.java:takeSnapshot(417)) - Current Snapshot Index (t:1, i:10)
2022-03-02 21:34:16,331 [om1@group-C5BA1605619E-StateMachineUpdater] INFO  impl.StateMachineUpdater (StateMachineUpdater.java:takeSnapshot(281)) - om1@group-C5BA1605619E-StateMachineUpdater: Took a snapshot at index 10
2022-03-02 21:34:16,331 [om1@group-C5BA1605619E-StateMachineUpdater] INFO  impl.StateMachineUpdater (StateMachineUpdater.java:lambda$new$0(89)) - om1@group-C5BA1605619E-StateMachineUpdater: snapshotIndex: updateIncreasingly -1 -> 10
2022-03-02 21:34:16,331 [om1@group-C5BA1605619E-StateMachineUpdater] INFO  ratis.OzoneManagerStateMachine (OzoneManagerStateMachine.java:close(471)) - StateMachine has shutdown. Shutdown OzoneManager if not already shutdown.
2022-03-02 21:34:16,331 [Listener at 127.0.0.1/33667] INFO  server.RaftServer$Division (ServerState.java:close(419)) - om1@group-C5BA1605619E: closes. applyIndex: 10
2022-03-02 21:34:16,332 [om1@group-C5BA1605619E-SegmentedRaftLogWorker] INFO  segmented.SegmentedRaftLogWorker (SegmentedRaftLogWorker.java:run(327)) - om1@group-C5BA1605619E-SegmentedRaftLogWorker was interrupted, exiting. There are 0 tasks remaining in the queue.
2022-03-02 21:34:16,336 [Listener at 127.0.0.1/33667] INFO  segmented.SegmentedRaftLogWorker (SegmentedRaftLogWorker.java:close(237)) - om1@group-C5BA1605619E-SegmentedRaftLogWorker close()
2022-03-02 21:34:16,339 [Listener at 127.0.0.1/33667] INFO  server.GrpcService (GrpcService.java:closeImpl(262)) - om1: shutdown server with port 9872 now
2022-03-02 21:34:16,339 [Listener at 127.0.0.1/33667] INFO  server.GrpcService (GrpcService.java:closeImpl(271)) - om1: shutdown server with port 9872 successfully
2022-03-02 21:34:16,339 [org.apache.ratis.util.JvmPauseMonitor$$Lambda$431/1455743440@1bcc9664] INFO  util.JvmPauseMonitor (JvmPauseMonitor.java:run(109)) - JvmPauseMonitor-om1: Stopped
2022-03-02 21:34:16,339 [Listener at 127.0.0.1/33667] INFO  ratis.OzoneManagerDoubleBuffer (OzoneManagerDoubleBuffer.java:stop(437)) - Stopping OMDoubleBuffer flush thread
2022-03-02 21:34:16,339 [OMDoubleBufferFlushThread] INFO  ratis.OzoneManagerDoubleBuffer (OzoneManagerDoubleBuffer.java:flushTransactions(356)) - OMDoubleBuffer flush thread OMDoubleBufferFlushThread is interrupted and will exit. OMDoubleBufferFlushThread
2022-03-02 21:34:16,343 [Listener at 127.0.0.1/33667] INFO  utils.BackgroundService (BackgroundService.java:shutdown(132)) - Shutting down service KeyDeletingService
2022-03-02 21:34:16,343 [Listener at 127.0.0.1/33667] INFO  utils.BackgroundService (BackgroundService.java:shutdown(132)) - Shutting down service DirectoryDeletingService
2022-03-02 21:34:16,344 [Listener at 127.0.0.1/33667] INFO  handler.ContextHandler (ContextHandler.java:doStop(1153)) - Stopped o.e.j.w.WebAppContext@1d5af64a{ozoneManager,/,null,STOPPED}{file:/home/runner/work/ozone/ozone/hadoop-ozone/integration-test/target/test-classes/webapps/ozoneManager}
2022-03-02 21:34:16,355 [Listener at 127.0.0.1/33667] INFO  server.AbstractConnector (AbstractConnector.java:doStop(381)) - Stopped ServerConnector@3850b828{HTTP/1.1, (http/1.1)}{0.0.0.0:0}
2022-03-02 21:34:16,355 [Listener at 127.0.0.1/33667] INFO  server.session (HouseKeeper.java:stopScavenging(149)) - node0 Stopped scavenging
2022-03-02 21:34:16,355 [Listener at 127.0.0.1/33667] INFO  handler.ContextHandler (ContextHandler.java:doStop(1153)) - Stopped o.e.j.s.ServletContextHandler@e52dd0c{static,/static,file:///home/runner/work/ozone/ozone/hadoop-ozone/integration-test/target/test-classes/webapps/static,STOPPED}
2022-03-02 21:34:16,355 [Listener at 127.0.0.1/33667] INFO  handler.ContextHandler (ContextHandler.java:doStop(1153)) - Stopped o.e.j.s.ServletContextHandler@6e9b2e3f{logs,/logs,file:///home/runner/work/ozone/ozone/hadoop-ozone/integration-test/target/log,STOPPED}
2022-03-02 21:34:16,372 [pool-633-thread-1] INFO  server.RaftServerConfigKeys (ConfUtils.java:logGet(44)) - raft.server.snapshot.auto.trigger.enabled = true (custom)
2022-03-02 21:34:16,372 [pool-633-thread-1] INFO  server.RaftServerConfigKeys (ConfUtils.java:logGet(44)) - raft.server.snapshot.auto.trigger.threshold = 10000 (custom)
2022-03-02 21:34:16,372 [pool-633-thread-1] INFO  server.RaftServerConfigKeys (ConfUtils.java:logGet(44)) - raft.server.snapshot.retention.file.num = 5 (custom)
2022-03-02 21:34:16,372 [pool-633-thread-1] INFO  server.RaftServerConfigKeys (ConfUtils.java:logGet(44)) - raft.server.log.purge.upto.snapshot.index = false (default)
2022-03-02 21:34:16,372 [pool-633-thread-1] INFO  server.RaftServerConfigKeys (ConfUtils.java:logGet(44)) - raft.server.retrycache.expirytime = 600000ms (custom)
2022-03-02 21:34:16,372 [pool-633-thread-1] INFO  server.RaftServerConfigKeys (ConfUtils.java:logGet(44)) - raft.server.retrycache.statistics.expirytime = 100μs (default)
2022-03-02 21:34:16,373 [pool-633-thread-1] INFO  server.RaftServer$Division (RaftServerImpl.java:start(301)) - ca012516-14dd-42cd-8742-1c9d04d43fd5@group-D1C6F700E880: start as a follower, conf=-1: [cdd5360e-d849-4e2b-b62b-b70fbd73a7e1|rpc:10.1.0.35:36141|dataStream:|priority:0, 06306a50-9ba9-4128-94e0-55d591e142a1|rpc:10.1.0.35:42445|dataStream:|priority:1, ca012516-14dd-42cd-8742-1c9d04d43fd5|rpc:10.1.0.35:34561|dataStream:|priority:0], old=null
2022-03-02 21:34:16,373 [pool-633-thread-1] INFO  server.RaftServer$Division (RaftServerImpl.java:setRole(290)) - ca012516-14dd-42cd-8742-1c9d04d43fd5@group-D1C6F700E880: changes role from      null to FOLLOWER at term 0 for startAsFollower
2022-03-02 21:34:16,374 [pool-633-thread-1] INFO  impl.RoleInfo (RoleInfo.java:updateAndGet(130)) - ca012516-14dd-42cd-8742-1c9d04d43fd5: start ca012516-14dd-42cd-8742-1c9d04d43fd5@group-D1C6F700E880-FollowerState
2022-03-02 21:34:16,374 [pool-633-thread-1] INFO  util.JmxRegister (JmxRegister.java:tryRegister(44)) - Successfully registered JMX Bean with object name Ratis:service=RaftServer,group=group-D1C6F700E880,id=ca012516-14dd-42cd-8742-1c9d04d43fd5
2022-03-02 21:34:16,375 [Listener at 127.0.0.1/33667] INFO  ozone.MiniOzoneClusterImpl (MiniOzoneClusterImpl.java:stopDatanodes(523)) - Stopping the HddsDatanodes
2022-03-02 21:34:16,445 [Command processor thread] INFO  commandhandler.CreatePipelineCommandHandler (CreatePipelineCommandHandler.java:handle(106)) - Created Pipeline RATIS THREE PipelineID=e486f70c-26fe-495e-ae57-05c4b365625d.
2022-03-02 21:34:16,445 [Command processor thread] INFO  server.RaftServer (RaftServerProxy.java:addNew(95)) - 06306a50-9ba9-4128-94e0-55d591e142a1: addNew group-D1C6F700E880:[cdd5360e-d849-4e2b-b62b-b70fbd73a7e1|rpc:10.1.0.35:36141|priority:0, 06306a50-9ba9-4128-94e0-55d591e142a1|rpc:10.1.0.35:42445|priority:1, ca012516-14dd-42cd-8742-1c9d04d43fd5|rpc:10.1.0.35:34561|priority:0] returns group-D1C6F700E880:java.util.concurrent.CompletableFuture@7b2e3e10[Not completed]
2022-03-02 21:34:16,446 [pool-591-thread-1] INFO  server.RaftServer$Division (RaftServerImpl.java:<init>(184)) - 06306a50-9ba9-4128-94e0-55d591e142a1: new RaftServerImpl for group-D1C6F700E880:[cdd5360e-d849-4e2b-b62b-b70fbd73a7e1|rpc:10.1.0.35:36141|priority:0, 06306a50-9ba9-4128-94e0-55d591e142a1|rpc:10.1.0.35:42445|priority:1, ca012516-14dd-42cd-8742-1c9d04d43fd5|rpc:10.1.0.35:34561|priority:0] with ContainerStateMachine:uninitialized
2022-03-02 21:34:16,446 [pool-591-thread-1] INFO  server.RaftServerConfigKeys (ConfUtils.java:logGet(44)) - raft.server.rpc.timeout.min = 5s (custom)
2022-03-02 21:34:16,446 [pool-591-thread-1] INFO  server.RaftServerConfigKeys (ConfUtils.java:logGet(44)) - raft.server.rpc.timeout.max = 5200ms (custom)
2022-03-02 21:34:16,446 [pool-591-thread-1] INFO  server.RaftServerConfigKeys (ConfUtils.java:logGet(44)) - raft.server.rpc.sleep.time = 25ms (default)
2022-03-02 21:34:16,446 [pool-591-thread-1] INFO  server.RaftServerConfigKeys (ConfUtils.java:logGet(44)) - raft.server.rpc.slowness.timeout = 300000ms (custom)
2022-03-02 21:34:16,446 [pool-591-thread-1] INFO  server.RaftServerConfigKeys (ConfUtils.java:logGet(44)) - raft.server.leaderelection.leader.step-down.wait-time = 10s (default)
2022-03-02 21:34:16,446 [pool-591-thread-1] INFO  server.RaftServerConfigKeys (ConfUtils.java:logGet(44)) - raft.server.sleep.deviation.threshold = 300ms (default)
2022-03-02 21:34:16,446 [pool-591-thread-1] INFO  server.RaftServerConfigKeys (ConfUtils.java:logGet(44)) - raft.server.log.appender.install.snapshot.enabled = false (custom)
2022-03-02 21:34:16,447 [pool-591-thread-1] INFO  server.RaftServer$Division (ServerState.java:<init>(105)) - 06306a50-9ba9-4128-94e0-55d591e142a1@group-D1C6F700E880: ConfigurationManager, init=-1: [cdd5360e-d849-4e2b-b62b-b70fbd73a7e1|rpc:10.1.0.35:36141|priority:0, 06306a50-9ba9-4128-94e0-55d591e142a1|rpc:10.1.0.35:42445|priority:1, ca012516-14dd-42cd-8742-1c9d04d43fd5|rpc:10.1.0.35:34561|priority:0], old=null, confs=<EMPTY_MAP>
2022-03-02 21:34:16,447 [pool-591-thread-1] INFO  server.RaftServerConfigKeys (ConfUtils.java:logGet(44)) - raft.server.storage.dir = [/home/runner/work/ozone/ozone/hadoop-ozone/integration-test/target/test-dir/MiniOzoneClusterImpl-f745d883-409d-4598-9a00-e779d9019c18/datanode-0/data/ratis] (custom)
2022-03-02 21:34:16,447 [pool-591-thread-1] INFO  server.RaftServerConfigKeys (ConfUtils.java:logGet(44)) - raft.server.log.corruption.policy = EXCEPTION (default)
2022-03-02 21:34:16,447 [pool-591-thread-1] INFO  server.RaftServerConfigKeys (ConfUtils.java:logGet(44)) - raft.server.storage.free-space.min = 0MB (=0) (default)
2022-03-02 21:34:16,447 [pool-591-thread-1] INFO  storage.RaftStorageDirectory (RaftStorageDirectoryImpl.java:analyzeStorage(135)) - The storage directory /home/runner/work/ozone/ozone/hadoop-ozone/integration-test/target/test-dir/MiniOzoneClusterImpl-f745d883-409d-4598-9a00-e779d9019c18/datanode-0/data/ratis/99b0005b-b804-474f-a045-d1c6f700e880 does not exist. Creating ...
2022-03-02 21:34:16,455 [pool-591-thread-1] INFO  storage.RaftStorageDirectory (RaftStorageDirectoryImpl.java:tryLock(230)) - Lock on /home/runner/work/ozone/ozone/hadoop-ozone/integration-test/target/test-dir/MiniOzoneClusterImpl-f745d883-409d-4598-9a00-e779d9019c18/datanode-0/data/ratis/99b0005b-b804-474f-a045-d1c6f700e880/in_use.lock acquired by nodename 22518@fv-az294-754
2022-03-02 21:34:16,465 [pool-591-thread-1] INFO  storage.RaftStorage (RaftStorageImpl.java:format(89)) - Storage directory /home/runner/work/ozone/ozone/hadoop-ozone/integration-test/target/test-dir/MiniOzoneClusterImpl-f745d883-409d-4598-9a00-e779d9019c18/datanode-0/data/ratis/99b0005b-b804-474f-a045-d1c6f700e880 has been successfully formatted.
2022-03-02 21:34:16,465 [pool-591-thread-1] INFO  ratis.ContainerStateMachine (ContainerStateMachine.java:loadSnapshot(236)) - group-D1C6F700E880: The snapshot info is null. Setting the last applied indexto:(t:0, i:~)
2022-03-02 21:34:16,465 [pool-591-thread-1] INFO  server.RaftServerConfigKeys (ConfUtils.java:logGet(44)) - raft.server.notification.no-leader.timeout = 300000ms (custom)
2022-03-02 21:34:16,465 [pool-591-thread-1] INFO  server.RaftServerConfigKeys (ConfUtils.java:logGet(44)) - raft.server.log.use.memory = false (default)
2022-03-02 21:34:16,465 [pool-591-thread-1] INFO  server.RaftServerConfigKeys (ConfUtils.java:logGet(44)) - raft.server.log.purge.gap = 1000000 (custom)
2022-03-02 21:34:16,465 [pool-591-thread-1] INFO  server.RaftServerConfigKeys (ConfUtils.java:logGet(44)) - raft.server.log.appender.buffer.byte-limit = 33554432 (custom)
2022-03-02 21:34:16,465 [pool-591-thread-1] INFO  server.RaftServerConfigKeys (ConfUtils.java:logGet(44)) - raft.server.log.segment.size.max = 1048576 (custom)
2022-03-02 21:34:16,466 [pool-591-thread-1] INFO  server.RaftServerConfigKeys (ConfUtils.java:logGet(44)) - raft.server.log.segment.cache.num.max = 2 (custom)
2022-03-02 21:34:16,466 [pool-591-thread-1] INFO  server.RaftServerConfigKeys (ConfUtils.java:logGet(44)) - raft.server.log.segment.cache.size.max = 200MB (=209715200) (default)
2022-03-02 21:34:16,466 [pool-591-thread-1] INFO  segmented.SegmentedRaftLogWorker (SegmentedRaftLogWorker.java:<init>(182)) - new 06306a50-9ba9-4128-94e0-55d591e142a1@group-D1C6F700E880-SegmentedRaftLogWorker for RaftStorageImpl:Storage Directory /home/runner/work/ozone/ozone/hadoop-ozone/integration-test/target/test-dir/MiniOzoneClusterImpl-f745d883-409d-4598-9a00-e779d9019c18/datanode-0/data/ratis/99b0005b-b804-474f-a045-d1c6f700e880
2022-03-02 21:34:16,466 [pool-591-thread-1] INFO  server.RaftServerConfigKeys (ConfUtils.java:logGet(44)) - raft.server.log.queue.byte-limit = 4294967296 (custom)
2022-03-02 21:34:16,466 [pool-591-thread-1] INFO  server.RaftServerConfigKeys (ConfUtils.java:logGet(44)) - raft.server.log.queue.element-limit = 1024 (custom)
2022-03-02 21:34:16,466 [pool-591-thread-1] INFO  server.RaftServerConfigKeys (ConfUtils.java:logGet(44)) - raft.server.log.segment.size.max = 1048576 (custom)
2022-03-02 21:34:16,466 [pool-591-thread-1] INFO  server.RaftServerConfigKeys (ConfUtils.java:logGet(44)) - raft.server.log.preallocated.size = 16384 (custom)
2022-03-02 21:34:16,466 [pool-591-thread-1] INFO  server.RaftServerConfigKeys (ConfUtils.java:logGet(44)) - raft.server.log.force.sync.num = 128 (default)
2022-03-02 21:34:16,466 [pool-591-thread-1] INFO  server.RaftServerConfigKeys (ConfUtils.java:logGet(44)) - raft.server.log.statemachine.data.sync = true (default)
2022-03-02 21:34:16,466 [pool-591-thread-1] INFO  server.RaftServerConfigKeys (ConfUtils.java:logGet(44)) - raft.server.log.statemachine.data.sync.timeout = 10s (default)
2022-03-02 21:34:16,466 [pool-591-thread-1] INFO  server.RaftServerConfigKeys (ConfUtils.java:logGet(44)) - raft.server.log.statemachine.data.sync.timeout.retry = -1 (default)
2022-03-02 21:34:16,471 [pool-591-thread-1] INFO  server.RaftServerConfigKeys (ConfUtils.java:logGet(44)) - raft.server.log.write.buffer.size = 1048576 (custom)
2022-03-02 21:34:16,472 [pool-591-thread-1] INFO  server.RaftServerConfigKeys (ConfUtils.java:logGet(44)) - raft.server.log.statemachine.data.caching.enabled = true (custom)
2022-03-02 21:34:16,472 [pool-591-thread-1] INFO  segmented.SegmentedRaftLogWorker (SegmentedRaftLogWorker.java:lambda$new$0(133)) - 06306a50-9ba9-4128-94e0-55d591e142a1@group-D1C6F700E880-SegmentedRaftLogWorker: flushIndex: setUnconditionally 0 -> -1
2022-03-02 21:34:16,472 [pool-591-thread-1] INFO  segmented.SegmentedRaftLogWorker (SegmentedRaftLogWorker.java:lambda$new$0(133)) - 06306a50-9ba9-4128-94e0-55d591e142a1@group-D1C6F700E880-SegmentedRaftLogWorker: safeCacheEvictIndex: setUnconditionally 0 -> -1
2022-03-02 21:34:16,493 [pool-591-thread-1] INFO  server.RaftServerConfigKeys (ConfUtils.java:logGet(44)) - raft.server.snapshot.auto.trigger.enabled = true (custom)
2022-03-02 21:34:16,520 [pool-591-thread-1] INFO  server.RaftServerConfigKeys (ConfUtils.java:logGet(44)) - raft.server.snapshot.auto.trigger.threshold = 10000 (custom)
2022-03-02 21:34:16,520 [pool-591-thread-1] INFO  server.RaftServerConfigKeys (ConfUtils.java:logGet(44)) - raft.server.snapshot.retention.file.num = 5 (custom)
2022-03-02 21:34:16,520 [pool-591-thread-1] INFO  server.RaftServerConfigKeys (ConfUtils.java:logGet(44)) - raft.server.log.purge.upto.snapshot.index = false (default)
2022-03-02 21:34:16,520 [pool-591-thread-1] INFO  server.RaftServerConfigKeys (ConfUtils.java:logGet(44)) - raft.server.retrycache.expirytime = 600000ms (custom)
2022-03-02 21:34:16,520 [pool-591-thread-1] INFO  server.RaftServerConfigKeys (ConfUtils.java:logGet(44)) - raft.server.retrycache.statistics.expirytime = 100μs (default)
2022-03-02 21:34:16,521 [pool-591-thread-1] INFO  server.RaftServer$Division (RaftServerImpl.java:start(301)) - 06306a50-9ba9-4128-94e0-55d591e142a1@group-D1C6F700E880: start as a follower, conf=-1: [cdd5360e-d849-4e2b-b62b-b70fbd73a7e1|rpc:10.1.0.35:36141|priority:0, 06306a50-9ba9-4128-94e0-55d591e142a1|rpc:10.1.0.35:42445|priority:1, ca012516-14dd-42cd-8742-1c9d04d43fd5|rpc:10.1.0.35:34561|priority:0], old=null
2022-03-02 21:34:16,521 [pool-591-thread-1] INFO  server.RaftServer$Division (RaftServerImpl.java:setRole(290)) - 06306a50-9ba9-4128-94e0-55d591e142a1@group-D1C6F700E880: changes role from      null to FOLLOWER at term 0 for startAsFollower
2022-03-02 21:34:16,521 [pool-591-thread-1] INFO  impl.RoleInfo (RoleInfo.java:updateAndGet(130)) - 06306a50-9ba9-4128-94e0-55d591e142a1: start 06306a50-9ba9-4128-94e0-55d591e142a1@group-D1C6F700E880-FollowerState
2022-03-02 21:34:16,509 [Command processor thread] INFO  commandhandler.CreatePipelineCommandHandler (CreatePipelineCommandHandler.java:handle(106)) - Created Pipeline RATIS THREE PipelineID=e486f70c-26fe-495e-ae57-05c4b365625d.
2022-03-02 21:34:16,521 [Command processor thread] INFO  server.RaftServer (RaftServerProxy.java:addNew(95)) - 176cdbad-2e78-4d65-9cb6-df82a020a3cb: addNew group-B24374D265BF:[176cdbad-2e78-4d65-9cb6-df82a020a3cb|rpc:10.1.0.35:36905|priority:0, cdd5360e-d849-4e2b-b62b-b70fbd73a7e1|rpc:10.1.0.35:36141|priority:1, 06306a50-9ba9-4128-94e0-55d591e142a1|rpc:10.1.0.35:42445|priority:0] returns group-B24374D265BF:java.util.concurrent.CompletableFuture@51ffccd3[Not completed]
2022-03-02 21:34:16,522 [pool-717-thread-1] INFO  server.RaftServer$Division (RaftServerImpl.java:<init>(184)) - 176cdbad-2e78-4d65-9cb6-df82a020a3cb: new RaftServerImpl for group-B24374D265BF:[176cdbad-2e78-4d65-9cb6-df82a020a3cb|rpc:10.1.0.35:36905|priority:0, cdd5360e-d849-4e2b-b62b-b70fbd73a7e1|rpc:10.1.0.35:36141|priority:1, 06306a50-9ba9-4128-94e0-55d591e142a1|rpc:10.1.0.35:42445|priority:0] with ContainerStateMachine:uninitialized
2022-03-02 21:34:16,522 [pool-717-thread-1] INFO  server.RaftServerConfigKeys (ConfUtils.java:logGet(44)) - raft.server.rpc.timeout.min = 5s (custom)
2022-03-02 21:34:16,522 [pool-717-thread-1] INFO  server.RaftServerConfigKeys (ConfUtils.java:logGet(44)) - raft.server.rpc.timeout.max = 5200ms (custom)
2022-03-02 21:34:16,522 [pool-717-thread-1] INFO  server.RaftServerConfigKeys (ConfUtils.java:logGet(44)) - raft.server.rpc.sleep.time = 25ms (default)
2022-03-02 21:34:16,522 [pool-717-thread-1] INFO  server.RaftServerConfigKeys (ConfUtils.java:logGet(44)) - raft.server.rpc.slowness.timeout = 300000ms (custom)
2022-03-02 21:34:16,522 [pool-717-thread-1] INFO  server.RaftServerConfigKeys (ConfUtils.java:logGet(44)) - raft.server.leaderelection.leader.step-down.wait-time = 10s (default)
2022-03-02 21:34:16,522 [pool-717-thread-1] INFO  server.RaftServerConfigKeys (ConfUtils.java:logGet(44)) - raft.server.sleep.deviation.threshold = 300ms (default)
2022-03-02 21:34:16,522 [pool-717-thread-1] INFO  server.RaftServerConfigKeys (ConfUtils.java:logGet(44)) - raft.server.log.appender.install.snapshot.enabled = false (custom)
2022-03-02 21:34:16,522 [pool-717-thread-1] INFO  server.RaftServer$Division (ServerState.java:<init>(105)) - 176cdbad-2e78-4d65-9cb6-df82a020a3cb@group-B24374D265BF: ConfigurationManager, init=-1: [176cdbad-2e78-4d65-9cb6-df82a020a3cb|rpc:10.1.0.35:36905|priority:0, cdd5360e-d849-4e2b-b62b-b70fbd73a7e1|rpc:10.1.0.35:36141|priority:1, 06306a50-9ba9-4128-94e0-55d591e142a1|rpc:10.1.0.35:42445|priority:0], old=null, confs=<EMPTY_MAP>
2022-03-02 21:34:16,522 [pool-717-thread-1] INFO  server.RaftServerConfigKeys (ConfUtils.java:logGet(44)) - raft.server.storage.dir = [/home/runner/work/ozone/ozone/hadoop-ozone/integration-test/target/test-dir/MiniOzoneClusterImpl-f745d883-409d-4598-9a00-e779d9019c18/datanode-6/data/ratis] (custom)
2022-03-02 21:34:16,523 [pool-717-thread-1] INFO  server.RaftServerConfigKeys (ConfUtils.java:logGet(44)) - raft.server.log.corruption.policy = EXCEPTION (default)
2022-03-02 21:34:16,523 [pool-717-thread-1] INFO  server.RaftServerConfigKeys (ConfUtils.java:logGet(44)) - raft.server.storage.free-space.min = 0MB (=0) (default)
2022-03-02 21:34:16,523 [pool-717-thread-1] INFO  storage.RaftStorageDirectory (RaftStorageDirectoryImpl.java:analyzeStorage(135)) - The storage directory /home/runner/work/ozone/ozone/hadoop-ozone/integration-test/target/test-dir/MiniOzoneClusterImpl-f745d883-409d-4598-9a00-e779d9019c18/datanode-6/data/ratis/5087f059-a113-4b89-88cc-b24374d265bf does not exist. Creating ...
2022-03-02 21:34:16,523 [pool-717-thread-1] INFO  storage.RaftStorageDirectory (RaftStorageDirectoryImpl.java:tryLock(230)) - Lock on /home/runner/work/ozone/ozone/hadoop-ozone/integration-test/target/test-dir/MiniOzoneClusterImpl-f745d883-409d-4598-9a00-e779d9019c18/datanode-6/data/ratis/5087f059-a113-4b89-88cc-b24374d265bf/in_use.lock acquired by nodename 22518@fv-az294-754
2022-03-02 21:34:16,524 [pool-717-thread-1] INFO  storage.RaftStorage (RaftStorageImpl.java:format(89)) - Storage directory /home/runner/work/ozone/ozone/hadoop-ozone/integration-test/target/test-dir/MiniOzoneClusterImpl-f745d883-409d-4598-9a00-e779d9019c18/datanode-6/data/ratis/5087f059-a113-4b89-88cc-b24374d265bf has been successfully formatted.
2022-03-02 21:34:16,525 [pool-717-thread-1] INFO  ratis.ContainerStateMachine (ContainerStateMachine.java:loadSnapshot(236)) - group-B24374D265BF: The snapshot info is null. Setting the last applied indexto:(t:0, i:~)
2022-03-02 21:34:16,525 [pool-717-thread-1] INFO  server.RaftServerConfigKeys (ConfUtils.java:logGet(44)) - raft.server.notification.no-leader.timeout = 300000ms (custom)
2022-03-02 21:34:16,525 [pool-717-thread-1] INFO  server.RaftServerConfigKeys (ConfUtils.java:logGet(44)) - raft.server.log.use.memory = false (default)
2022-03-02 21:34:16,525 [pool-717-thread-1] INFO  server.RaftServerConfigKeys (ConfUtils.java:logGet(44)) - raft.server.log.purge.gap = 1000000 (custom)
2022-03-02 21:34:16,525 [pool-717-thread-1] INFO  server.RaftServerConfigKeys (ConfUtils.java:logGet(44)) - raft.server.log.appender.buffer.byte-limit = 33554432 (custom)
2022-03-02 21:34:16,525 [pool-717-thread-1] INFO  server.RaftServerConfigKeys (ConfUtils.java:logGet(44)) - raft.server.log.segment.size.max = 1048576 (custom)
2022-03-02 21:34:16,525 [pool-717-thread-1] INFO  server.RaftServerConfigKeys (ConfUtils.java:logGet(44)) - raft.server.log.segment.cache.num.max = 2 (custom)
2022-03-02 21:34:16,525 [pool-717-thread-1] INFO  server.RaftServerConfigKeys (ConfUtils.java:logGet(44)) - raft.server.log.segment.cache.size.max = 200MB (=209715200) (default)
2022-03-02 21:34:16,525 [pool-717-thread-1] INFO  segmented.SegmentedRaftLogWorker (SegmentedRaftLogWorker.java:<init>(182)) - new 176cdbad-2e78-4d65-9cb6-df82a020a3cb@group-B24374D265BF-SegmentedRaftLogWorker for RaftStorageImpl:Storage Directory /home/runner/work/ozone/ozone/hadoop-ozone/integration-test/target/test-dir/MiniOzoneClusterImpl-f745d883-409d-4598-9a00-e779d9019c18/datanode-6/data/ratis/5087f059-a113-4b89-88cc-b24374d265bf
2022-03-02 21:34:16,525 [pool-717-thread-1] INFO  server.RaftServerConfigKeys (ConfUtils.java:logGet(44)) - raft.server.log.queue.byte-limit = 4294967296 (custom)
2022-03-02 21:34:16,525 [pool-717-thread-1] INFO  server.RaftServerConfigKeys (ConfUtils.java:logGet(44)) - raft.server.log.queue.element-limit = 1024 (custom)
2022-03-02 21:34:16,525 [pool-717-thread-1] INFO  server.RaftServerConfigKeys (ConfUtils.java:logGet(44)) - raft.server.log.segment.size.max = 1048576 (custom)
2022-03-02 21:34:16,525 [pool-717-thread-1] INFO  server.RaftServerConfigKeys (ConfUtils.java:logGet(44)) - raft.server.log.preallocated.size = 16384 (custom)
2022-03-02 21:34:16,525 [pool-717-thread-1] INFO  server.RaftServerConfigKeys (ConfUtils.java:logGet(44)) - raft.server.log.force.sync.num = 128 (default)
2022-03-02 21:34:16,526 [pool-717-thread-1] INFO  server.RaftServerConfigKeys (ConfUtils.java:logGet(44)) - raft.server.log.statemachine.data.sync = true (default)
2022-03-02 21:34:16,526 [pool-717-thread-1] INFO  server.RaftServerConfigKeys (ConfUtils.java:logGet(44)) - raft.server.log.statemachine.data.sync.timeout = 10s (default)
2022-03-02 21:34:16,526 [pool-717-thread-1] INFO  server.RaftServerConfigKeys (ConfUtils.java:logGet(44)) - raft.server.log.statemachine.data.sync.timeout.retry = -1 (default)
2022-03-02 21:34:16,524 [pool-591-thread-1] INFO  util.JmxRegister (JmxRegister.java:tryRegister(44)) - Successfully registered JMX Bean with object name Ratis:service=RaftServer,group=group-D1C6F700E880,id=06306a50-9ba9-4128-94e0-55d591e142a1
2022-03-02 21:34:16,527 [pool-717-thread-1] INFO  server.RaftServerConfigKeys (ConfUtils.java:logGet(44)) - raft.server.log.write.buffer.size = 1048576 (custom)
2022-03-02 21:34:16,528 [pool-717-thread-1] INFO  server.RaftServerConfigKeys (ConfUtils.java:logGet(44)) - raft.server.log.statemachine.data.caching.enabled = true (custom)
2022-03-02 21:34:16,543 [pool-717-thread-1] INFO  segmented.SegmentedRaftLogWorker (SegmentedRaftLogWorker.java:lambda$new$0(133)) - 176cdbad-2e78-4d65-9cb6-df82a020a3cb@group-B24374D265BF-SegmentedRaftLogWorker: flushIndex: setUnconditionally 0 -> -1
2022-03-02 21:34:16,543 [pool-717-thread-1] INFO  segmented.SegmentedRaftLogWorker (SegmentedRaftLogWorker.java:lambda$new$0(133)) - 176cdbad-2e78-4d65-9cb6-df82a020a3cb@group-B24374D265BF-SegmentedRaftLogWorker: safeCacheEvictIndex: setUnconditionally 0 -> -1
2022-03-02 21:34:16,549 [Command processor thread] INFO  ratis.XceiverServerRatis (XceiverServerRatis.java:addGroup(769)) - Created group PipelineID=99b0005b-b804-474f-a045-d1c6f700e880
2022-03-02 21:34:16,554 [pool-717-thread-1] INFO  server.RaftServerConfigKeys (ConfUtils.java:logGet(44)) - raft.server.snapshot.auto.trigger.enabled = true (custom)
2022-03-02 21:34:16,557 [pool-717-thread-1] INFO  server.RaftServerConfigKeys (ConfUtils.java:logGet(44)) - raft.server.snapshot.auto.trigger.threshold = 10000 (custom)
2022-03-02 21:34:16,557 [pool-717-thread-1] INFO  server.RaftServerConfigKeys (ConfUtils.java:logGet(44)) - raft.server.snapshot.retention.file.num = 5 (custom)
2022-03-02 21:34:16,557 [pool-717-thread-1] INFO  server.RaftServerConfigKeys (ConfUtils.java:logGet(44)) - raft.server.log.purge.upto.snapshot.index = false (default)
2022-03-02 21:34:16,557 [pool-717-thread-1] INFO  server.RaftServerConfigKeys (ConfUtils.java:logGet(44)) - raft.server.retrycache.expirytime = 600000ms (custom)
2022-03-02 21:34:16,557 [pool-717-thread-1] INFO  server.RaftServerConfigKeys (ConfUtils.java:logGet(44)) - raft.server.retrycache.statistics.expirytime = 100μs (default)
2022-03-02 21:34:16,558 [pool-717-thread-1] INFO  server.RaftServer$Division (RaftServerImpl.java:start(301)) - 176cdbad-2e78-4d65-9cb6-df82a020a3cb@group-B24374D265BF: start as a follower, conf=-1: [176cdbad-2e78-4d65-9cb6-df82a020a3cb|rpc:10.1.0.35:36905|priority:0, cdd5360e-d849-4e2b-b62b-b70fbd73a7e1|rpc:10.1.0.35:36141|priority:1, 06306a50-9ba9-4128-94e0-55d591e142a1|rpc:10.1.0.35:42445|priority:0], old=null
2022-03-02 21:34:16,558 [pool-717-thread-1] INFO  server.RaftServer$Division (RaftServerImpl.java:setRole(290)) - 176cdbad-2e78-4d65-9cb6-df82a020a3cb@group-B24374D265BF: changes role from      null to FOLLOWER at term 0 for startAsFollower
2022-03-02 21:34:16,558 [pool-717-thread-1] INFO  impl.RoleInfo (RoleInfo.java:updateAndGet(130)) - 176cdbad-2e78-4d65-9cb6-df82a020a3cb: start 176cdbad-2e78-4d65-9cb6-df82a020a3cb@group-B24374D265BF-FollowerState
2022-03-02 21:34:16,567 [pool-717-thread-1] INFO  util.JmxRegister (JmxRegister.java:tryRegister(44)) - Successfully registered JMX Bean with object name Ratis:service=RaftServer,group=group-B24374D265BF,id=176cdbad-2e78-4d65-9cb6-df82a020a3cb
2022-03-02 21:34:16,574 [Command processor thread] INFO  ratis.XceiverServerRatis (XceiverServerRatis.java:addGroup(769)) - Created group PipelineID=5087f059-a113-4b89-88cc-b24374d265bf
2022-03-02 21:34:16,618 [grpc-default-executor-6] INFO  server.RaftServer (RaftServerProxy.java:addNew(95)) - 06306a50-9ba9-4128-94e0-55d591e142a1: addNew group-B24374D265BF:[176cdbad-2e78-4d65-9cb6-df82a020a3cb|rpc:10.1.0.35:36905|dataStream:|priority:0, cdd5360e-d849-4e2b-b62b-b70fbd73a7e1|rpc:10.1.0.35:36141|dataStream:|priority:1, 06306a50-9ba9-4128-94e0-55d591e142a1|rpc:10.1.0.35:42445|dataStream:|priority:0] returns group-B24374D265BF:java.util.concurrent.CompletableFuture@3807fdaf[Not completed]
2022-03-02 21:34:16,619 [pool-591-thread-1] INFO  server.RaftServer$Division (RaftServerImpl.java:<init>(184)) - 06306a50-9ba9-4128-94e0-55d591e142a1: new RaftServerImpl for group-B24374D265BF:[176cdbad-2e78-4d65-9cb6-df82a020a3cb|rpc:10.1.0.35:36905|dataStream:|priority:0, cdd5360e-d849-4e2b-b62b-b70fbd73a7e1|rpc:10.1.0.35:36141|dataStream:|priority:1, 06306a50-9ba9-4128-94e0-55d591e142a1|rpc:10.1.0.35:42445|dataStream:|priority:0] with ContainerStateMachine:uninitialized
2022-03-02 21:34:16,619 [pool-591-thread-1] INFO  server.RaftServerConfigKeys (ConfUtils.java:logGet(44)) - raft.server.rpc.timeout.min = 5s (custom)
2022-03-02 21:34:16,619 [pool-591-thread-1] INFO  server.RaftServerConfigKeys (ConfUtils.java:logGet(44)) - raft.server.rpc.timeout.max = 5200ms (custom)
2022-03-02 21:34:16,619 [pool-591-thread-1] INFO  server.RaftServerConfigKeys (ConfUtils.java:logGet(44)) - raft.server.rpc.sleep.time = 25ms (default)
2022-03-02 21:34:16,619 [pool-591-thread-1] INFO  server.RaftServerConfigKeys (ConfUtils.java:logGet(44)) - raft.server.rpc.slowness.timeout = 300000ms (custom)
2022-03-02 21:34:16,619 [pool-591-thread-1] INFO  server.RaftServerConfigKeys (ConfUtils.java:logGet(44)) - raft.server.leaderelection.leader.step-down.wait-time = 10s (default)
2022-03-02 21:34:16,619 [pool-591-thread-1] INFO  server.RaftServerConfigKeys (ConfUtils.java:logGet(44)) - raft.server.sleep.deviation.threshold = 300ms (default)
2022-03-02 21:34:16,619 [pool-591-thread-1] INFO  server.RaftServerConfigKeys (ConfUtils.java:logGet(44)) - raft.server.log.appender.install.snapshot.enabled = false (custom)
2022-03-02 21:34:16,619 [pool-591-thread-1] INFO  server.RaftServer$Division (ServerState.java:<init>(105)) - 06306a50-9ba9-4128-94e0-55d591e142a1@group-B24374D265BF: ConfigurationManager, init=-1: [176cdbad-2e78-4d65-9cb6-df82a020a3cb|rpc:10.1.0.35:36905|dataStream:|priority:0, cdd5360e-d849-4e2b-b62b-b70fbd73a7e1|rpc:10.1.0.35:36141|dataStream:|priority:1, 06306a50-9ba9-4128-94e0-55d591e142a1|rpc:10.1.0.35:42445|dataStream:|priority:0], old=null, confs=<EMPTY_MAP>
2022-03-02 21:34:16,619 [pool-591-thread-1] INFO  server.RaftServerConfigKeys (ConfUtils.java:logGet(44)) - raft.server.storage.dir = [/home/runner/work/ozone/ozone/hadoop-ozone/integration-test/target/test-dir/MiniOzoneClusterImpl-f745d883-409d-4598-9a00-e779d9019c18/datanode-0/data/ratis] (custom)
2022-03-02 21:34:16,619 [pool-591-thread-1] INFO  server.RaftServerConfigKeys (ConfUtils.java:logGet(44)) - raft.server.log.corruption.policy = EXCEPTION (default)
2022-03-02 21:34:16,620 [pool-591-thread-1] INFO  server.RaftServerConfigKeys (ConfUtils.java:logGet(44)) - raft.server.storage.free-space.min = 0MB (=0) (default)
2022-03-02 21:34:16,620 [pool-591-thread-1] INFO  storage.RaftStorageDirectory (RaftStorageDirectoryImpl.java:analyzeStorage(135)) - The storage directory /home/runner/work/ozone/ozone/hadoop-ozone/integration-test/target/test-dir/MiniOzoneClusterImpl-f745d883-409d-4598-9a00-e779d9019c18/datanode-0/data/ratis/5087f059-a113-4b89-88cc-b24374d265bf does not exist. Creating ...
2022-03-02 21:34:16,623 [pool-591-thread-1] INFO  storage.RaftStorageDirectory (RaftStorageDirectoryImpl.java:tryLock(230)) - Lock on /home/runner/work/ozone/ozone/hadoop-ozone/integration-test/target/test-dir/MiniOzoneClusterImpl-f745d883-409d-4598-9a00-e779d9019c18/datanode-0/data/ratis/5087f059-a113-4b89-88cc-b24374d265bf/in_use.lock acquired by nodename 22518@fv-az294-754
2022-03-02 21:34:16,651 [pool-591-thread-1] INFO  storage.RaftStorage (RaftStorageImpl.java:format(89)) - Storage directory /home/runner/work/ozone/ozone/hadoop-ozone/integration-test/target/test-dir/MiniOzoneClusterImpl-f745d883-409d-4598-9a00-e779d9019c18/datanode-0/data/ratis/5087f059-a113-4b89-88cc-b24374d265bf has been successfully formatted.
2022-03-02 21:34:16,651 [pool-591-thread-1] INFO  ratis.ContainerStateMachine (ContainerStateMachine.java:loadSnapshot(236)) - group-B24374D265BF: The snapshot info is null. Setting the last applied indexto:(t:0, i:~)
2022-03-02 21:34:16,652 [pool-591-thread-1] INFO  server.RaftServerConfigKeys (ConfUtils.java:logGet(44)) - raft.server.notification.no-leader.timeout = 300000ms (custom)
2022-03-02 21:34:16,652 [pool-591-thread-1] INFO  server.RaftServerConfigKeys (ConfUtils.java:logGet(44)) - raft.server.log.use.memory = false (default)
2022-03-02 21:34:16,652 [pool-591-thread-1] INFO  server.RaftServerConfigKeys (ConfUtils.java:logGet(44)) - raft.server.log.purge.gap = 1000000 (custom)
2022-03-02 21:34:16,652 [pool-591-thread-1] INFO  server.RaftServerConfigKeys (ConfUtils.java:logGet(44)) - raft.server.log.appender.buffer.byte-limit = 33554432 (custom)
2022-03-02 21:34:16,652 [pool-591-thread-1] INFO  server.RaftServerConfigKeys (ConfUtils.java:logGet(44)) - raft.server.log.segment.size.max = 1048576 (custom)
2022-03-02 21:34:16,652 [pool-591-thread-1] INFO  server.RaftServerConfigKeys (ConfUtils.java:logGet(44)) - raft.server.log.segment.cache.num.max = 2 (custom)
2022-03-02 21:34:16,652 [pool-591-thread-1] INFO  server.RaftServerConfigKeys (ConfUtils.java:logGet(44)) - raft.server.log.segment.cache.size.max = 200MB (=209715200) (default)
2022-03-02 21:34:16,652 [pool-591-thread-1] INFO  segmented.SegmentedRaftLogWorker (SegmentedRaftLogWorker.java:<init>(182)) - new 06306a50-9ba9-4128-94e0-55d591e142a1@group-B24374D265BF-SegmentedRaftLogWorker for RaftStorageImpl:Storage Directory /home/runner/work/ozone/ozone/hadoop-ozone/integration-test/target/test-dir/MiniOzoneClusterImpl-f745d883-409d-4598-9a00-e779d9019c18/datanode-0/data/ratis/5087f059-a113-4b89-88cc-b24374d265bf
2022-03-02 21:34:16,652 [pool-591-thread-1] INFO  server.RaftServerConfigKeys (ConfUtils.java:logGet(44)) - raft.server.log.queue.byte-limit = 4294967296 (custom)
2022-03-02 21:34:16,652 [pool-591-thread-1] INFO  server.RaftServerConfigKeys (ConfUtils.java:logGet(44)) - raft.server.log.queue.element-limit = 1024 (custom)
2022-03-02 21:34:16,652 [pool-591-thread-1] INFO  server.RaftServerConfigKeys (ConfUtils.java:logGet(44)) - raft.server.log.segment.size.max = 1048576 (custom)
2022-03-02 21:34:16,652 [pool-591-thread-1] INFO  server.RaftServerConfigKeys (ConfUtils.java:logGet(44)) - raft.server.log.preallocated.size = 16384 (custom)
2022-03-02 21:34:16,652 [pool-591-thread-1] INFO  server.RaftServerConfigKeys (ConfUtils.java:logGet(44)) - raft.server.log.force.sync.num = 128 (default)
2022-03-02 21:34:16,652 [pool-591-thread-1] INFO  server.RaftServerConfigKeys (ConfUtils.java:logGet(44)) - raft.server.log.statemachine.data.sync = true (default)
2022-03-02 21:34:16,652 [pool-591-thread-1] INFO  server.RaftServerConfigKeys (ConfUtils.java:logGet(44)) - raft.server.log.statemachine.data.sync.timeout = 10s (default)
2022-03-02 21:34:16,653 [pool-591-thread-1] INFO  server.RaftServerConfigKeys (ConfUtils.java:logGet(44)) - raft.server.log.statemachine.data.sync.timeout.retry = -1 (default)
2022-03-02 21:34:16,654 [pool-591-thread-1] INFO  server.RaftServerConfigKeys (ConfUtils.java:logGet(44)) - raft.server.log.write.buffer.size = 1048576 (custom)
2022-03-02 21:34:16,655 [pool-591-thread-1] INFO  server.RaftServerConfigKeys (ConfUtils.java:logGet(44)) - raft.server.log.statemachine.data.caching.enabled = true (custom)
2022-03-02 21:34:16,657 [pool-591-thread-1] INFO  segmented.SegmentedRaftLogWorker (SegmentedRaftLogWorker.java:lambda$new$0(133)) - 06306a50-9ba9-4128-94e0-55d591e142a1@group-B24374D265BF-SegmentedRaftLogWorker: flushIndex: setUnconditionally 0 -> -1
2022-03-02 21:34:16,657 [pool-591-thread-1] INFO  segmented.SegmentedRaftLogWorker (SegmentedRaftLogWorker.java:lambda$new$0(133)) - 06306a50-9ba9-4128-94e0-55d591e142a1@group-B24374D265BF-SegmentedRaftLogWorker: safeCacheEvictIndex: setUnconditionally 0 -> -1
2022-03-02 21:34:16,658 [pool-591-thread-1] INFO  server.RaftServerConfigKeys (ConfUtils.java:logGet(44)) - raft.server.snapshot.auto.trigger.enabled = true (custom)
2022-03-02 21:34:16,659 [pool-591-thread-1] INFO  server.RaftServerConfigKeys (ConfUtils.java:logGet(44)) - raft.server.snapshot.auto.trigger.threshold = 10000 (custom)
2022-03-02 21:34:16,659 [pool-591-thread-1] INFO  server.RaftServerConfigKeys (ConfUtils.java:logGet(44)) - raft.server.snapshot.retention.file.num = 5 (custom)
2022-03-02 21:34:16,659 [pool-591-thread-1] INFO  server.RaftServerConfigKeys (ConfUtils.java:logGet(44)) - raft.server.log.purge.upto.snapshot.index = false (default)
2022-03-02 21:34:16,659 [pool-591-thread-1] INFO  server.RaftServerConfigKeys (ConfUtils.java:logGet(44)) - raft.server.retrycache.expirytime = 600000ms (custom)
2022-03-02 21:34:16,659 [pool-591-thread-1] INFO  server.RaftServerConfigKeys (ConfUtils.java:logGet(44)) - raft.server.retrycache.statistics.expirytime = 100μs (default)
2022-03-02 21:34:16,660 [pool-591-thread-1] INFO  server.RaftServer$Division (RaftServerImpl.java:start(301)) - 06306a50-9ba9-4128-94e0-55d591e142a1@group-B24374D265BF: start as a follower, conf=-1: [176cdbad-2e78-4d65-9cb6-df82a020a3cb|rpc:10.1.0.35:36905|dataStream:|priority:0, cdd5360e-d849-4e2b-b62b-b70fbd73a7e1|rpc:10.1.0.35:36141|dataStream:|priority:1, 06306a50-9ba9-4128-94e0-55d591e142a1|rpc:10.1.0.35:42445|dataStream:|priority:0], old=null
2022-03-02 21:34:16,660 [pool-591-thread-1] INFO  server.RaftServer$Division (RaftServerImpl.java:setRole(290)) - 06306a50-9ba9-4128-94e0-55d591e142a1@group-B24374D265BF: changes role from      null to FOLLOWER at term 0 for startAsFollower
2022-03-02 21:34:16,689 [pool-591-thread-1] INFO  impl.RoleInfo (RoleInfo.java:updateAndGet(130)) - 06306a50-9ba9-4128-94e0-55d591e142a1: start 06306a50-9ba9-4128-94e0-55d591e142a1@group-B24374D265BF-FollowerState
2022-03-02 21:34:16,691 [pool-591-thread-1] INFO  util.JmxRegister (JmxRegister.java:tryRegister(44)) - Successfully registered JMX Bean with object name Ratis:service=RaftServer,group=group-B24374D265BF,id=06306a50-9ba9-4128-94e0-55d591e142a1
2022-03-02 21:34:16,696 [Command processor thread] INFO  commandhandler.CreatePipelineCommandHandler (CreatePipelineCommandHandler.java:handle(106)) - Created Pipeline RATIS THREE PipelineID=99b0005b-b804-474f-a045-d1c6f700e880.
2022-03-02 21:34:16,751 [grpc-default-executor-6] INFO  server.RaftServer (RaftServerProxy.java:addNew(95)) - cdd5360e-d849-4e2b-b62b-b70fbd73a7e1: addNew group-B24374D265BF:[176cdbad-2e78-4d65-9cb6-df82a020a3cb|rpc:10.1.0.35:36905|dataStream:|priority:0, cdd5360e-d849-4e2b-b62b-b70fbd73a7e1|rpc:10.1.0.35:36141|dataStream:|priority:1, 06306a50-9ba9-4128-94e0-55d591e142a1|rpc:10.1.0.35:42445|dataStream:|priority:0] returns group-B24374D265BF:java.util.concurrent.CompletableFuture@4bbe7f29[Not completed]
2022-03-02 21:34:16,752 [pool-777-thread-1] INFO  server.RaftServer$Division (RaftServerImpl.java:<init>(184)) - cdd5360e-d849-4e2b-b62b-b70fbd73a7e1: new RaftServerImpl for group-B24374D265BF:[176cdbad-2e78-4d65-9cb6-df82a020a3cb|rpc:10.1.0.35:36905|dataStream:|priority:0, cdd5360e-d849-4e2b-b62b-b70fbd73a7e1|rpc:10.1.0.35:36141|dataStream:|priority:1, 06306a50-9ba9-4128-94e0-55d591e142a1|rpc:10.1.0.35:42445|dataStream:|priority:0] with ContainerStateMachine:uninitialized
2022-03-02 21:34:16,752 [pool-777-thread-1] INFO  server.RaftServerConfigKeys (ConfUtils.java:logGet(44)) - raft.server.rpc.timeout.min = 5s (custom)
2022-03-02 21:34:16,752 [pool-777-thread-1] INFO  server.RaftServerConfigKeys (ConfUtils.java:logGet(44)) - raft.server.rpc.timeout.max = 5200ms (custom)
2022-03-02 21:34:16,752 [pool-777-thread-1] INFO  server.RaftServerConfigKeys (ConfUtils.java:logGet(44)) - raft.server.rpc.sleep.time = 25ms (default)
2022-03-02 21:34:16,752 [pool-777-thread-1] INFO  server.RaftServerConfigKeys (ConfUtils.java:logGet(44)) - raft.server.rpc.slowness.timeout = 300000ms (custom)
2022-03-02 21:34:16,752 [pool-777-thread-1] INFO  server.RaftServerConfigKeys (ConfUtils.java:logGet(44)) - raft.server.leaderelection.leader.step-down.wait-time = 10s (default)
2022-03-02 21:34:16,752 [pool-777-thread-1] INFO  server.RaftServerConfigKeys (ConfUtils.java:logGet(44)) - raft.server.sleep.deviation.threshold = 300ms (default)
2022-03-02 21:34:16,752 [pool-777-thread-1] INFO  server.RaftServerConfigKeys (ConfUtils.java:logGet(44)) - raft.server.log.appender.install.snapshot.enabled = false (custom)
2022-03-02 21:34:16,752 [pool-777-thread-1] INFO  server.RaftServer$Division (ServerState.java:<init>(105)) - cdd5360e-d849-4e2b-b62b-b70fbd73a7e1@group-B24374D265BF: ConfigurationManager, init=-1: [176cdbad-2e78-4d65-9cb6-df82a020a3cb|rpc:10.1.0.35:36905|dataStream:|priority:0, cdd5360e-d849-4e2b-b62b-b70fbd73a7e1|rpc:10.1.0.35:36141|dataStream:|priority:1, 06306a50-9ba9-4128-94e0-55d591e142a1|rpc:10.1.0.35:42445|dataStream:|priority:0], old=null, confs=<EMPTY_MAP>
2022-03-02 21:34:16,752 [pool-777-thread-1] INFO  server.RaftServerConfigKeys (ConfUtils.java:logGet(44)) - raft.server.storage.dir = [/home/runner/work/ozone/ozone/hadoop-ozone/integration-test/target/test-dir/MiniOzoneClusterImpl-f745d883-409d-4598-9a00-e779d9019c18/datanode-1/data/ratis] (custom)
2022-03-02 21:34:16,752 [pool-777-thread-1] INFO  server.RaftServerConfigKeys (ConfUtils.java:logGet(44)) - raft.server.log.corruption.policy = EXCEPTION (default)
2022-03-02 21:34:16,753 [pool-777-thread-1] INFO  server.RaftServerConfigKeys (ConfUtils.java:logGet(44)) - raft.server.storage.free-space.min = 0MB (=0) (default)
2022-03-02 21:34:16,753 [pool-777-thread-1] INFO  storage.RaftStorageDirectory (RaftStorageDirectoryImpl.java:analyzeStorage(135)) - The storage directory /home/runner/work/ozone/ozone/hadoop-ozone/integration-test/target/test-dir/MiniOzoneClusterImpl-f745d883-409d-4598-9a00-e779d9019c18/datanode-1/data/ratis/5087f059-a113-4b89-88cc-b24374d265bf does not exist. Creating ...
2022-03-02 21:34:16,754 [pool-777-thread-1] INFO  storage.RaftStorageDirectory (RaftStorageDirectoryImpl.java:tryLock(230)) - Lock on /home/runner/work/ozone/ozone/hadoop-ozone/integration-test/target/test-dir/MiniOzoneClusterImpl-f745d883-409d-4598-9a00-e779d9019c18/datanode-1/data/ratis/5087f059-a113-4b89-88cc-b24374d265bf/in_use.lock acquired by nodename 22518@fv-az294-754
2022-03-02 21:34:16,756 [pool-777-thread-1] INFO  storage.RaftStorage (RaftStorageImpl.java:format(89)) - Storage directory /home/runner/work/ozone/ozone/hadoop-ozone/integration-test/target/test-dir/MiniOzoneClusterImpl-f745d883-409d-4598-9a00-e779d9019c18/datanode-1/data/ratis/5087f059-a113-4b89-88cc-b24374d265bf has been successfully formatted.
2022-03-02 21:34:16,756 [pool-777-thread-1] INFO  ratis.ContainerStateMachine (ContainerStateMachine.java:loadSnapshot(236)) - group-B24374D265BF: The snapshot info is null. Setting the last applied indexto:(t:0, i:~)
2022-03-02 21:34:16,756 [pool-777-thread-1] INFO  server.RaftServerConfigKeys (ConfUtils.java:logGet(44)) - raft.server.notification.no-leader.timeout = 300000ms (custom)
2022-03-02 21:34:16,756 [pool-777-thread-1] INFO  server.RaftServerConfigKeys (ConfUtils.java:logGet(44)) - raft.server.log.use.memory = false (default)
2022-03-02 21:34:16,756 [pool-777-thread-1] INFO  server.RaftServerConfigKeys (ConfUtils.java:logGet(44)) - raft.server.log.purge.gap = 1000000 (custom)
2022-03-02 21:34:16,756 [pool-777-thread-1] INFO  server.RaftServerConfigKeys (ConfUtils.java:logGet(44)) - raft.server.log.appender.buffer.byte-limit = 33554432 (custom)
2022-03-02 21:34:16,757 [pool-777-thread-1] INFO  server.RaftServerConfigKeys (ConfUtils.java:logGet(44)) - raft.server.log.segment.size.max = 1048576 (custom)
2022-03-02 21:34:16,757 [pool-777-thread-1] INFO  server.RaftServerConfigKeys (ConfUtils.java:logGet(44)) - raft.server.log.segment.cache.num.max = 2 (custom)
2022-03-02 21:34:16,757 [pool-777-thread-1] INFO  server.RaftServerConfigKeys (ConfUtils.java:logGet(44)) - raft.server.log.segment.cache.size.max = 200MB (=209715200) (default)
2022-03-02 21:34:16,757 [pool-777-thread-1] INFO  segmented.SegmentedRaftLogWorker (SegmentedRaftLogWorker.java:<init>(182)) - new cdd5360e-d849-4e2b-b62b-b70fbd73a7e1@group-B24374D265BF-SegmentedRaftLogWorker for RaftStorageImpl:Storage Directory /home/runner/work/ozone/ozone/hadoop-ozone/integration-test/target/test-dir/MiniOzoneClusterImpl-f745d883-409d-4598-9a00-e779d9019c18/datanode-1/data/ratis/5087f059-a113-4b89-88cc-b24374d265bf
2022-03-02 21:34:16,757 [pool-777-thread-1] INFO  server.RaftServerConfigKeys (ConfUtils.java:logGet(44)) - raft.server.log.queue.byte-limit = 4294967296 (custom)
2022-03-02 21:34:16,757 [pool-777-thread-1] INFO  server.RaftServerConfigKeys (ConfUtils.java:logGet(44)) - raft.server.log.queue.element-limit = 1024 (custom)
2022-03-02 21:34:16,757 [pool-777-thread-1] INFO  server.RaftServerConfigKeys (ConfUtils.java:logGet(44)) - raft.server.log.segment.size.max = 1048576 (custom)
2022-03-02 21:34:16,757 [pool-777-thread-1] INFO  server.RaftServerConfigKeys (ConfUtils.java:logGet(44)) - raft.server.log.preallocated.size = 16384 (custom)
2022-03-02 21:34:16,757 [pool-777-thread-1] INFO  server.RaftServerConfigKeys (ConfUtils.java:logGet(44)) - raft.server.log.force.sync.num = 128 (default)
2022-03-02 21:34:16,757 [pool-777-thread-1] INFO  server.RaftServerConfigKeys (ConfUtils.java:logGet(44)) - raft.server.log.statemachine.data.sync = true (default)
2022-03-02 21:34:16,757 [pool-777-thread-1] INFO  server.RaftServerConfigKeys (ConfUtils.java:logGet(44)) - raft.server.log.statemachine.data.sync.timeout = 10s (default)
2022-03-02 21:34:16,757 [pool-777-thread-1] INFO  server.RaftServerConfigKeys (ConfUtils.java:logGet(44)) - raft.server.log.statemachine.data.sync.timeout.retry = -1 (default)
2022-03-02 21:34:16,761 [pool-777-thread-1] INFO  server.RaftServerConfigKeys (ConfUtils.java:logGet(44)) - raft.server.log.write.buffer.size = 1048576 (custom)
2022-03-02 21:34:16,761 [pool-777-thread-1] INFO  server.RaftServerConfigKeys (ConfUtils.java:logGet(44)) - raft.server.log.statemachine.data.caching.enabled = true (custom)
2022-03-02 21:34:16,761 [pool-777-thread-1] INFO  segmented.SegmentedRaftLogWorker (SegmentedRaftLogWorker.java:lambda$new$0(133)) - cdd5360e-d849-4e2b-b62b-b70fbd73a7e1@group-B24374D265BF-SegmentedRaftLogWorker: flushIndex: setUnconditionally 0 -> -1
2022-03-02 21:34:16,762 [pool-777-thread-1] INFO  segmented.SegmentedRaftLogWorker (SegmentedRaftLogWorker.java:lambda$new$0(133)) - cdd5360e-d849-4e2b-b62b-b70fbd73a7e1@group-B24374D265BF-SegmentedRaftLogWorker: safeCacheEvictIndex: setUnconditionally 0 -> -1
2022-03-02 21:34:16,779 [pool-777-thread-1] INFO  server.RaftServerConfigKeys (ConfUtils.java:logGet(44)) - raft.server.snapshot.auto.trigger.enabled = true (custom)
2022-03-02 21:34:16,779 [pool-777-thread-1] INFO  server.RaftServerConfigKeys (ConfUtils.java:logGet(44)) - raft.server.snapshot.auto.trigger.threshold = 10000 (custom)
2022-03-02 21:34:16,779 [pool-777-thread-1] INFO  server.RaftServerConfigKeys (ConfUtils.java:logGet(44)) - raft.server.snapshot.retention.file.num = 5 (custom)
2022-03-02 21:34:16,779 [pool-777-thread-1] INFO  server.RaftServerConfigKeys (ConfUtils.java:logGet(44)) - raft.server.log.purge.upto.snapshot.index = false (default)
2022-03-02 21:34:16,779 [pool-777-thread-1] INFO  server.RaftServerConfigKeys (ConfUtils.java:logGet(44)) - raft.server.retrycache.expirytime = 600000ms (custom)
2022-03-02 21:34:16,779 [pool-777-thread-1] INFO  server.RaftServerConfigKeys (ConfUtils.java:logGet(44)) - raft.server.retrycache.statistics.expirytime = 100μs (default)
2022-03-02 21:34:16,780 [pool-777-thread-1] INFO  server.RaftServer$Division (RaftServerImpl.java:start(301)) - cdd5360e-d849-4e2b-b62b-b70fbd73a7e1@group-B24374D265BF: start as a follower, conf=-1: [176cdbad-2e78-4d65-9cb6-df82a020a3cb|rpc:10.1.0.35:36905|dataStream:|priority:0, cdd5360e-d849-4e2b-b62b-b70fbd73a7e1|rpc:10.1.0.35:36141|dataStream:|priority:1, 06306a50-9ba9-4128-94e0-55d591e142a1|rpc:10.1.0.35:42445|dataStream:|priority:0], old=null
2022-03-02 21:34:16,780 [pool-777-thread-1] INFO  server.RaftServer$Division (RaftServerImpl.java:setRole(290)) - cdd5360e-d849-4e2b-b62b-b70fbd73a7e1@group-B24374D265BF: changes role from      null to FOLLOWER at term 0 for startAsFollower
2022-03-02 21:34:16,780 [pool-777-thread-1] INFO  impl.RoleInfo (RoleInfo.java:updateAndGet(130)) - cdd5360e-d849-4e2b-b62b-b70fbd73a7e1: start cdd5360e-d849-4e2b-b62b-b70fbd73a7e1@group-B24374D265BF-FollowerState
2022-03-02 21:34:16,789 [pool-777-thread-1] INFO  util.JmxRegister (JmxRegister.java:tryRegister(44)) - Successfully registered JMX Bean with object name Ratis:service=RaftServer,group=group-B24374D265BF,id=cdd5360e-d849-4e2b-b62b-b70fbd73a7e1
2022-03-02 21:34:16,833 [Command processor thread] INFO  commandhandler.CreatePipelineCommandHandler (CreatePipelineCommandHandler.java:handle(106)) - Created Pipeline RATIS THREE PipelineID=5087f059-a113-4b89-88cc-b24374d265bf.
2022-03-02 21:34:20,879 [06306a50-9ba9-4128-94e0-55d591e142a1@group-05C4B365625D-FollowerState] INFO  impl.FollowerState (FollowerState.java:run(134)) - 06306a50-9ba9-4128-94e0-55d591e142a1@group-05C4B365625D-FollowerState: change to CANDIDATE, lastRpcElapsedTime:5069177456ns, electionTimeout:5038ms
2022-03-02 21:34:20,879 [06306a50-9ba9-4128-94e0-55d591e142a1@group-05C4B365625D-FollowerState] INFO  impl.RoleInfo (RoleInfo.java:shutdownFollowerState(108)) - 06306a50-9ba9-4128-94e0-55d591e142a1: shutdown 06306a50-9ba9-4128-94e0-55d591e142a1@group-05C4B365625D-FollowerState
2022-03-02 21:34:20,879 [06306a50-9ba9-4128-94e0-55d591e142a1@group-05C4B365625D-FollowerState] INFO  server.RaftServer$Division (RaftServerImpl.java:setRole(290)) - 06306a50-9ba9-4128-94e0-55d591e142a1@group-05C4B365625D: changes role from  FOLLOWER to CANDIDATE at term 0 for changeToCandidate
2022-03-02 21:34:20,879 [06306a50-9ba9-4128-94e0-55d591e142a1@group-05C4B365625D-FollowerState] INFO  server.RaftServerConfigKeys (ConfUtils.java:logGet(44)) - raft.server.leaderelection.pre-vote = false (custom)
2022-03-02 21:34:20,879 [06306a50-9ba9-4128-94e0-55d591e142a1@group-05C4B365625D-FollowerState] INFO  impl.RoleInfo (RoleInfo.java:updateAndGet(130)) - 06306a50-9ba9-4128-94e0-55d591e142a1: start 06306a50-9ba9-4128-94e0-55d591e142a1@group-05C4B365625D-LeaderElection105
2022-03-02 21:34:20,919 [06306a50-9ba9-4128-94e0-55d591e142a1@group-05C4B365625D-LeaderElection105] INFO  impl.LeaderElection (LeaderElection.java:askForVotes(306)) - 06306a50-9ba9-4128-94e0-55d591e142a1@group-05C4B365625D-LeaderElection105 ELECTION round 0: submit vote requests at term 1 for -1: [cdd5360e-d849-4e2b-b62b-b70fbd73a7e1|rpc:10.1.0.35:36141|priority:0, 176cdbad-2e78-4d65-9cb6-df82a020a3cb|rpc:10.1.0.35:36905|priority:1, 06306a50-9ba9-4128-94e0-55d591e142a1|rpc:10.1.0.35:42445|priority:0], old=null
2022-03-02 21:34:20,927 [grpc-default-executor-5] INFO  server.RaftServer$Division (RaftServerImpl.java:requestVote(1046)) - cdd5360e-d849-4e2b-b62b-b70fbd73a7e1@group-05C4B365625D: receive requestVote(ELECTION, 06306a50-9ba9-4128-94e0-55d591e142a1, group-05C4B365625D, 1, (t:0, i:0))
2022-03-02 21:34:20,927 [grpc-default-executor-5] INFO  impl.VoteContext (VoteContext.java:log(48)) - cdd5360e-d849-4e2b-b62b-b70fbd73a7e1@group-05C4B365625D-FOLLOWER: accept ELECTION from 06306a50-9ba9-4128-94e0-55d591e142a1: our priority 0 <= candidate's priority 0
2022-03-02 21:34:20,927 [grpc-default-executor-5] INFO  server.RaftServer$Division (RaftServerImpl.java:setRole(290)) - cdd5360e-d849-4e2b-b62b-b70fbd73a7e1@group-05C4B365625D: changes role from  FOLLOWER to FOLLOWER at term 1 for candidate:06306a50-9ba9-4128-94e0-55d591e142a1
2022-03-02 21:34:20,927 [grpc-default-executor-5] INFO  impl.RoleInfo (RoleInfo.java:shutdownFollowerState(108)) - cdd5360e-d849-4e2b-b62b-b70fbd73a7e1: shutdown cdd5360e-d849-4e2b-b62b-b70fbd73a7e1@group-05C4B365625D-FollowerState
2022-03-02 21:34:20,935 [grpc-default-executor-5] INFO  impl.RoleInfo (RoleInfo.java:updateAndGet(130)) - cdd5360e-d849-4e2b-b62b-b70fbd73a7e1: start cdd5360e-d849-4e2b-b62b-b70fbd73a7e1@group-05C4B365625D-FollowerState
2022-03-02 21:34:20,960 [grpc-default-executor-5] INFO  server.RaftServer$Division (RaftServerImpl.java:requestVote(1078)) - cdd5360e-d849-4e2b-b62b-b70fbd73a7e1@group-05C4B365625D replies to ELECTION vote request: 06306a50-9ba9-4128-94e0-55d591e142a1<-cdd5360e-d849-4e2b-b62b-b70fbd73a7e1#0:OK-t1. Peer's state: cdd5360e-d849-4e2b-b62b-b70fbd73a7e1@group-05C4B365625D:t1, leader=null, voted=06306a50-9ba9-4128-94e0-55d591e142a1, raftlog=cdd5360e-d849-4e2b-b62b-b70fbd73a7e1@group-05C4B365625D-SegmentedRaftLog:OPENED:c-1, conf=-1: [cdd5360e-d849-4e2b-b62b-b70fbd73a7e1|rpc:10.1.0.35:36141|dataStream:|priority:0, 176cdbad-2e78-4d65-9cb6-df82a020a3cb|rpc:10.1.0.35:36905|dataStream:|priority:1, 06306a50-9ba9-4128-94e0-55d591e142a1|rpc:10.1.0.35:42445|dataStream:|priority:0], old=null
2022-03-02 21:34:20,963 [grpc-default-executor-5] INFO  server.RaftServer$Division (RaftServerImpl.java:requestVote(1046)) - 176cdbad-2e78-4d65-9cb6-df82a020a3cb@group-05C4B365625D: receive requestVote(ELECTION, 06306a50-9ba9-4128-94e0-55d591e142a1, group-05C4B365625D, 1, (t:0, i:0))
2022-03-02 21:34:20,963 [grpc-default-executor-5] INFO  impl.VoteContext (VoteContext.java:log(48)) - 176cdbad-2e78-4d65-9cb6-df82a020a3cb@group-05C4B365625D-FOLLOWER: reject ELECTION from 06306a50-9ba9-4128-94e0-55d591e142a1: our priority 1 > candidate's priority 0
2022-03-02 21:34:20,964 [grpc-default-executor-5] INFO  server.RaftServer$Division (RaftServerImpl.java:setRole(290)) - 176cdbad-2e78-4d65-9cb6-df82a020a3cb@group-05C4B365625D: changes role from  FOLLOWER to FOLLOWER at term 1 for candidate:06306a50-9ba9-4128-94e0-55d591e142a1
2022-03-02 21:34:20,964 [grpc-default-executor-5] INFO  impl.RoleInfo (RoleInfo.java:shutdownFollowerState(108)) - 176cdbad-2e78-4d65-9cb6-df82a020a3cb: shutdown 176cdbad-2e78-4d65-9cb6-df82a020a3cb@group-05C4B365625D-FollowerState
2022-03-02 21:34:20,964 [grpc-default-executor-5] INFO  impl.RoleInfo (RoleInfo.java:updateAndGet(130)) - 176cdbad-2e78-4d65-9cb6-df82a020a3cb: start 176cdbad-2e78-4d65-9cb6-df82a020a3cb@group-05C4B365625D-FollowerState
2022-03-02 21:34:20,965 [176cdbad-2e78-4d65-9cb6-df82a020a3cb@group-05C4B365625D-FollowerState] INFO  impl.FollowerState (FollowerState.java:run(143)) - 176cdbad-2e78-4d65-9cb6-df82a020a3cb@group-05C4B365625D-FollowerState was interrupted: {}
java.lang.InterruptedException: sleep interrupted
	at java.lang.Thread.sleep(Native Method)
	at java.lang.Thread.sleep(Thread.java:342)
	at java.util.concurrent.TimeUnit.sleep(TimeUnit.java:386)
	at org.apache.ratis.util.TimeDuration.sleep(TimeDuration.java:324)
	at org.apache.ratis.util.TimeDuration.sleep(TimeDuration.java:309)
	at org.apache.ratis.server.impl.FollowerState.run(FollowerState.java:118)
2022-03-02 21:34:20,972 [cdd5360e-d849-4e2b-b62b-b70fbd73a7e1@group-05C4B365625D-FollowerState] INFO  impl.FollowerState (FollowerState.java:run(143)) - cdd5360e-d849-4e2b-b62b-b70fbd73a7e1@group-05C4B365625D-FollowerState was interrupted: {}
java.lang.InterruptedException: sleep interrupted
	at java.lang.Thread.sleep(Native Method)
	at java.lang.Thread.sleep(Thread.java:342)
	at java.util.concurrent.TimeUnit.sleep(TimeUnit.java:386)
	at org.apache.ratis.util.TimeDuration.sleep(TimeDuration.java:324)
	at org.apache.ratis.util.TimeDuration.sleep(TimeDuration.java:309)
	at org.apache.ratis.server.impl.FollowerState.run(FollowerState.java:118)
2022-03-02 21:34:20,973 [grpc-default-executor-5] INFO  server.RaftServer$Division (RaftServerImpl.java:requestVote(1078)) - 176cdbad-2e78-4d65-9cb6-df82a020a3cb@group-05C4B365625D replies to ELECTION vote request: 06306a50-9ba9-4128-94e0-55d591e142a1<-176cdbad-2e78-4d65-9cb6-df82a020a3cb#0:FAIL-t1. Peer's state: 176cdbad-2e78-4d65-9cb6-df82a020a3cb@group-05C4B365625D:t1, leader=null, voted=null, raftlog=176cdbad-2e78-4d65-9cb6-df82a020a3cb@group-05C4B365625D-SegmentedRaftLog:OPENED:c-1, conf=-1: [cdd5360e-d849-4e2b-b62b-b70fbd73a7e1|rpc:10.1.0.35:36141|priority:0, 176cdbad-2e78-4d65-9cb6-df82a020a3cb|rpc:10.1.0.35:36905|priority:1, 06306a50-9ba9-4128-94e0-55d591e142a1|rpc:10.1.0.35:42445|priority:0], old=null
2022-03-02 21:34:20,986 [06306a50-9ba9-4128-94e0-55d591e142a1@group-05C4B365625D-LeaderElection105] INFO  impl.LeaderElection (LeaderElection.java:logAndReturn(89)) - 06306a50-9ba9-4128-94e0-55d591e142a1@group-05C4B365625D-LeaderElection105: ELECTION REJECTED received 2 response(s) and 0 exception(s):
2022-03-02 21:34:20,986 [06306a50-9ba9-4128-94e0-55d591e142a1@group-05C4B365625D-LeaderElection105] INFO  impl.LeaderElection (LeaderElection.java:logAndReturn(93)) -   Response 0: 06306a50-9ba9-4128-94e0-55d591e142a1<-cdd5360e-d849-4e2b-b62b-b70fbd73a7e1#0:OK-t1
2022-03-02 21:34:20,986 [06306a50-9ba9-4128-94e0-55d591e142a1@group-05C4B365625D-LeaderElection105] INFO  impl.LeaderElection (LeaderElection.java:logAndReturn(93)) -   Response 1: 06306a50-9ba9-4128-94e0-55d591e142a1<-176cdbad-2e78-4d65-9cb6-df82a020a3cb#0:FAIL-t1
2022-03-02 21:34:20,986 [06306a50-9ba9-4128-94e0-55d591e142a1@group-05C4B365625D-LeaderElection105] INFO  impl.LeaderElection (LeaderElection.java:askForVotes(308)) - 06306a50-9ba9-4128-94e0-55d591e142a1@group-05C4B365625D-LeaderElection105 ELECTION round 0: result REJECTED
2022-03-02 21:34:20,986 [06306a50-9ba9-4128-94e0-55d591e142a1@group-05C4B365625D-LeaderElection105] INFO  server.RaftServer$Division (RaftServerImpl.java:setRole(290)) - 06306a50-9ba9-4128-94e0-55d591e142a1@group-05C4B365625D: changes role from CANDIDATE to FOLLOWER at term 1 for REJECTED
2022-03-02 21:34:20,986 [06306a50-9ba9-4128-94e0-55d591e142a1@group-05C4B365625D-LeaderElection105] INFO  impl.RoleInfo (RoleInfo.java:shutdownLeaderElection(121)) - 06306a50-9ba9-4128-94e0-55d591e142a1: shutdown 06306a50-9ba9-4128-94e0-55d591e142a1@group-05C4B365625D-LeaderElection105
2022-03-02 21:34:20,986 [06306a50-9ba9-4128-94e0-55d591e142a1@group-05C4B365625D-LeaderElection105] INFO  impl.RoleInfo (RoleInfo.java:updateAndGet(130)) - 06306a50-9ba9-4128-94e0-55d591e142a1: start 06306a50-9ba9-4128-94e0-55d591e142a1@group-05C4B365625D-FollowerState
2022-03-02 21:34:21,133 [cdd5360e-d849-4e2b-b62b-b70fbd73a7e1@group-8918CE4A9E0E-FollowerState] INFO  impl.FollowerState (FollowerState.java:run(134)) - cdd5360e-d849-4e2b-b62b-b70fbd73a7e1@group-8918CE4A9E0E-FollowerState: change to CANDIDATE, lastRpcElapsedTime:5191964162ns, electionTimeout:5164ms
2022-03-02 21:34:21,134 [cdd5360e-d849-4e2b-b62b-b70fbd73a7e1@group-8918CE4A9E0E-FollowerState] INFO  impl.RoleInfo (RoleInfo.java:shutdownFollowerState(108)) - cdd5360e-d849-4e2b-b62b-b70fbd73a7e1: shutdown cdd5360e-d849-4e2b-b62b-b70fbd73a7e1@group-8918CE4A9E0E-FollowerState
2022-03-02 21:34:21,134 [cdd5360e-d849-4e2b-b62b-b70fbd73a7e1@group-8918CE4A9E0E-FollowerState] INFO  server.RaftServer$Division (RaftServerImpl.java:setRole(290)) - cdd5360e-d849-4e2b-b62b-b70fbd73a7e1@group-8918CE4A9E0E: changes role from  FOLLOWER to CANDIDATE at term 0 for changeToCandidate
2022-03-02 21:34:21,134 [cdd5360e-d849-4e2b-b62b-b70fbd73a7e1@group-8918CE4A9E0E-FollowerState] INFO  server.RaftServerConfigKeys (ConfUtils.java:logGet(44)) - raft.server.leaderelection.pre-vote = false (custom)
2022-03-02 21:34:21,134 [cdd5360e-d849-4e2b-b62b-b70fbd73a7e1@group-8918CE4A9E0E-FollowerState] INFO  impl.RoleInfo (RoleInfo.java:updateAndGet(130)) - cdd5360e-d849-4e2b-b62b-b70fbd73a7e1: start cdd5360e-d849-4e2b-b62b-b70fbd73a7e1@group-8918CE4A9E0E-LeaderElection106
2022-03-02 21:34:21,192 [cdd5360e-d849-4e2b-b62b-b70fbd73a7e1@group-8918CE4A9E0E-LeaderElection106] INFO  impl.LeaderElection (LeaderElection.java:askForVotes(306)) - cdd5360e-d849-4e2b-b62b-b70fbd73a7e1@group-8918CE4A9E0E-LeaderElection106 ELECTION round 0: submit vote requests at term 1 for -1: [cdd5360e-d849-4e2b-b62b-b70fbd73a7e1|rpc:10.1.0.35:36141|priority:1], old=null
2022-03-02 21:34:21,192 [cdd5360e-d849-4e2b-b62b-b70fbd73a7e1@group-8918CE4A9E0E-LeaderElection106] INFO  impl.LeaderElection (LeaderElection.java:askForVotes(308)) - cdd5360e-d849-4e2b-b62b-b70fbd73a7e1@group-8918CE4A9E0E-LeaderElection106 ELECTION round 0: result PASSED (term=1)
2022-03-02 21:34:21,194 [cdd5360e-d849-4e2b-b62b-b70fbd73a7e1@group-8918CE4A9E0E-LeaderElection106] INFO  impl.RoleInfo (RoleInfo.java:shutdownLeaderElection(121)) - cdd5360e-d849-4e2b-b62b-b70fbd73a7e1: shutdown cdd5360e-d849-4e2b-b62b-b70fbd73a7e1@group-8918CE4A9E0E-LeaderElection106
2022-03-02 21:34:21,194 [cdd5360e-d849-4e2b-b62b-b70fbd73a7e1@group-8918CE4A9E0E-LeaderElection106] INFO  server.RaftServer$Division (RaftServerImpl.java:setRole(290)) - cdd5360e-d849-4e2b-b62b-b70fbd73a7e1@group-8918CE4A9E0E: changes role from CANDIDATE to LEADER at term 1 for changeToLeader
2022-03-02 21:34:21,194 [cdd5360e-d849-4e2b-b62b-b70fbd73a7e1@group-8918CE4A9E0E-LeaderElection106] INFO  ratis.XceiverServerRatis (XceiverServerRatis.java:handleLeaderChangedNotification(867)) - Leader change notification received for group: group-8918CE4A9E0E with new leaderId: cdd5360e-d849-4e2b-b62b-b70fbd73a7e1
2022-03-02 21:34:21,195 [cdd5360e-d849-4e2b-b62b-b70fbd73a7e1@group-8918CE4A9E0E-LeaderElection106] INFO  server.RaftServer$Division (ServerState.java:setLeader(285)) - cdd5360e-d849-4e2b-b62b-b70fbd73a7e1@group-8918CE4A9E0E: change Leader from null to cdd5360e-d849-4e2b-b62b-b70fbd73a7e1 at term 1 for becomeLeader, leader elected after 5408ms
2022-03-02 21:34:21,199 [cdd5360e-d849-4e2b-b62b-b70fbd73a7e1@group-8918CE4A9E0E-LeaderElection106] INFO  server.RaftServerConfigKeys (ConfUtils.java:logGet(44)) - raft.server.staging.catchup.gap = 1000 (default)
2022-03-02 21:34:21,199 [cdd5360e-d849-4e2b-b62b-b70fbd73a7e1@group-8918CE4A9E0E-LeaderElection106] INFO  server.RaftServerConfigKeys (ConfUtils.java:logGet(44)) - raft.server.write.element-limit = 1024 (custom)
2022-03-02 21:34:21,199 [cdd5360e-d849-4e2b-b62b-b70fbd73a7e1@group-8918CE4A9E0E-LeaderElection106] INFO  server.RaftServerConfigKeys (ConfUtils.java:logGet(44)) - raft.server.write.byte-limit = 1024 M (=1073741824) (custom)
2022-03-02 21:34:21,199 [cdd5360e-d849-4e2b-b62b-b70fbd73a7e1@group-8918CE4A9E0E-LeaderElection106] INFO  server.RaftServerConfigKeys (ConfUtils.java:logGet(44)) - raft.server.watch.timeout = 3000ms (custom)
2022-03-02 21:34:21,199 [cdd5360e-d849-4e2b-b62b-b70fbd73a7e1@group-8918CE4A9E0E-LeaderElection106] INFO  server.RaftServerConfigKeys (ConfUtils.java:logGet(44)) - raft.server.watch.timeout.denomination = 1s (default)
2022-03-02 21:34:21,199 [cdd5360e-d849-4e2b-b62b-b70fbd73a7e1@group-8918CE4A9E0E-LeaderElection106] INFO  server.RaftServerConfigKeys (ConfUtils.java:logGet(44)) - raft.server.watch.element-limit = 65536 (default)
2022-03-02 21:34:21,199 [cdd5360e-d849-4e2b-b62b-b70fbd73a7e1@group-8918CE4A9E0E-LeaderElection106] INFO  server.RaftServerConfigKeys (ConfUtils.java:logGet(44)) - raft.server.write.element-limit = 1024 (custom)
2022-03-02 21:34:21,199 [cdd5360e-d849-4e2b-b62b-b70fbd73a7e1@group-8918CE4A9E0E-LeaderElection106] INFO  server.RaftServerConfigKeys (ConfUtils.java:logGet(44)) - raft.server.write.follower.gap.ratio.max = -1.0 (default)
2022-03-02 21:34:21,200 [cdd5360e-d849-4e2b-b62b-b70fbd73a7e1@group-8918CE4A9E0E-LeaderElection106] INFO  impl.RoleInfo (RoleInfo.java:updateAndGet(130)) - cdd5360e-d849-4e2b-b62b-b70fbd73a7e1: start cdd5360e-d849-4e2b-b62b-b70fbd73a7e1@group-8918CE4A9E0E-LeaderStateImpl
2022-03-02 21:34:21,200 [cdd5360e-d849-4e2b-b62b-b70fbd73a7e1@group-8918CE4A9E0E-LeaderElection106] INFO  segmented.SegmentedRaftLogWorker (SegmentedRaftLogWorker.java:startLogSegment(394)) - cdd5360e-d849-4e2b-b62b-b70fbd73a7e1@group-8918CE4A9E0E-SegmentedRaftLogWorker: Starting segment from index:0
2022-03-02 21:34:21,207 [cdd5360e-d849-4e2b-b62b-b70fbd73a7e1@group-D1C6F700E880-FollowerState] INFO  impl.FollowerState (FollowerState.java:run(134)) - cdd5360e-d849-4e2b-b62b-b70fbd73a7e1@group-D1C6F700E880-FollowerState: change to CANDIDATE, lastRpcElapsedTime:5056579095ns, electionTimeout:5043ms
2022-03-02 21:34:21,207 [cdd5360e-d849-4e2b-b62b-b70fbd73a7e1@group-D1C6F700E880-FollowerState] INFO  impl.RoleInfo (RoleInfo.java:shutdownFollowerState(108)) - cdd5360e-d849-4e2b-b62b-b70fbd73a7e1: shutdown cdd5360e-d849-4e2b-b62b-b70fbd73a7e1@group-D1C6F700E880-FollowerState
2022-03-02 21:34:21,207 [cdd5360e-d849-4e2b-b62b-b70fbd73a7e1@group-D1C6F700E880-FollowerState] INFO  server.RaftServer$Division (RaftServerImpl.java:setRole(290)) - cdd5360e-d849-4e2b-b62b-b70fbd73a7e1@group-D1C6F700E880: changes role from  FOLLOWER to CANDIDATE at term 0 for changeToCandidate
2022-03-02 21:34:21,207 [cdd5360e-d849-4e2b-b62b-b70fbd73a7e1@group-D1C6F700E880-FollowerState] INFO  server.RaftServerConfigKeys (ConfUtils.java:logGet(44)) - raft.server.leaderelection.pre-vote = false (custom)
2022-03-02 21:34:21,207 [cdd5360e-d849-4e2b-b62b-b70fbd73a7e1@group-D1C6F700E880-FollowerState] INFO  impl.RoleInfo (RoleInfo.java:updateAndGet(130)) - cdd5360e-d849-4e2b-b62b-b70fbd73a7e1: start cdd5360e-d849-4e2b-b62b-b70fbd73a7e1@group-D1C6F700E880-LeaderElection107
2022-03-02 21:34:21,248 [cdd5360e-d849-4e2b-b62b-b70fbd73a7e1@group-8918CE4A9E0E-SegmentedRaftLogWorker] INFO  segmented.SegmentedRaftLogWorker (SegmentedRaftLogWorker.java:execute(601)) - cdd5360e-d849-4e2b-b62b-b70fbd73a7e1@group-8918CE4A9E0E-SegmentedRaftLogWorker: created new log segment /home/runner/work/ozone/ozone/hadoop-ozone/integration-test/target/test-dir/MiniOzoneClusterImpl-f745d883-409d-4598-9a00-e779d9019c18/datanode-1/data/ratis/c2cbcd83-50ea-4bd7-90c1-8918ce4a9e0e/current/log_inprogress_0
2022-03-02 21:34:21,267 [cdd5360e-d849-4e2b-b62b-b70fbd73a7e1@group-8918CE4A9E0E-LeaderElection106] INFO  server.RaftServer$Division (ServerState.java:setRaftConf(387)) - cdd5360e-d849-4e2b-b62b-b70fbd73a7e1@group-8918CE4A9E0E: set configuration 0: [cdd5360e-d849-4e2b-b62b-b70fbd73a7e1|rpc:10.1.0.35:36141|dataStream:|priority:1], old=null
2022-03-02 21:34:21,268 [cdd5360e-d849-4e2b-b62b-b70fbd73a7e1@group-D1C6F700E880-LeaderElection107] INFO  impl.LeaderElection (LeaderElection.java:askForVotes(306)) - cdd5360e-d849-4e2b-b62b-b70fbd73a7e1@group-D1C6F700E880-LeaderElection107 ELECTION round 0: submit vote requests at term 1 for -1: [cdd5360e-d849-4e2b-b62b-b70fbd73a7e1|rpc:10.1.0.35:36141|priority:0, 06306a50-9ba9-4128-94e0-55d591e142a1|rpc:10.1.0.35:42445|priority:1, ca012516-14dd-42cd-8742-1c9d04d43fd5|rpc:10.1.0.35:34561|priority:0], old=null
2022-03-02 21:34:21,276 [grpc-default-executor-5] INFO  server.RaftServer$Division (RaftServerImpl.java:requestVote(1046)) - ca012516-14dd-42cd-8742-1c9d04d43fd5@group-D1C6F700E880: receive requestVote(ELECTION, cdd5360e-d849-4e2b-b62b-b70fbd73a7e1, group-D1C6F700E880, 1, (t:0, i:0))
2022-03-02 21:34:21,276 [grpc-default-executor-5] INFO  impl.VoteContext (VoteContext.java:log(48)) - ca012516-14dd-42cd-8742-1c9d04d43fd5@group-D1C6F700E880-FOLLOWER: accept ELECTION from cdd5360e-d849-4e2b-b62b-b70fbd73a7e1: our priority 0 <= candidate's priority 0
2022-03-02 21:34:21,276 [grpc-default-executor-5] INFO  server.RaftServer$Division (RaftServerImpl.java:setRole(290)) - ca012516-14dd-42cd-8742-1c9d04d43fd5@group-D1C6F700E880: changes role from  FOLLOWER to FOLLOWER at term 1 for candidate:cdd5360e-d849-4e2b-b62b-b70fbd73a7e1
2022-03-02 21:34:21,276 [grpc-default-executor-5] INFO  impl.RoleInfo (RoleInfo.java:shutdownFollowerState(108)) - ca012516-14dd-42cd-8742-1c9d04d43fd5: shutdown ca012516-14dd-42cd-8742-1c9d04d43fd5@group-D1C6F700E880-FollowerState
2022-03-02 21:34:21,276 [grpc-default-executor-5] INFO  impl.RoleInfo (RoleInfo.java:updateAndGet(130)) - ca012516-14dd-42cd-8742-1c9d04d43fd5: start ca012516-14dd-42cd-8742-1c9d04d43fd5@group-D1C6F700E880-FollowerState
2022-03-02 21:34:21,280 [grpc-default-executor-5] INFO  server.RaftServer$Division (RaftServerImpl.java:requestVote(1078)) - ca012516-14dd-42cd-8742-1c9d04d43fd5@group-D1C6F700E880 replies to ELECTION vote request: cdd5360e-d849-4e2b-b62b-b70fbd73a7e1<-ca012516-14dd-42cd-8742-1c9d04d43fd5#0:OK-t1. Peer's state: ca012516-14dd-42cd-8742-1c9d04d43fd5@group-D1C6F700E880:t1, leader=null, voted=cdd5360e-d849-4e2b-b62b-b70fbd73a7e1, raftlog=ca012516-14dd-42cd-8742-1c9d04d43fd5@group-D1C6F700E880-SegmentedRaftLog:OPENED:c-1, conf=-1: [cdd5360e-d849-4e2b-b62b-b70fbd73a7e1|rpc:10.1.0.35:36141|dataStream:|priority:0, 06306a50-9ba9-4128-94e0-55d591e142a1|rpc:10.1.0.35:42445|dataStream:|priority:1, ca012516-14dd-42cd-8742-1c9d04d43fd5|rpc:10.1.0.35:34561|dataStream:|priority:0], old=null
2022-03-02 21:34:21,327 [ca012516-14dd-42cd-8742-1c9d04d43fd5@group-D1C6F700E880-FollowerState] INFO  impl.FollowerState (FollowerState.java:run(143)) - ca012516-14dd-42cd-8742-1c9d04d43fd5@group-D1C6F700E880-FollowerState was interrupted: {}
java.lang.InterruptedException: sleep interrupted
	at java.lang.Thread.sleep(Native Method)
	at java.lang.Thread.sleep(Thread.java:342)
	at java.util.concurrent.TimeUnit.sleep(TimeUnit.java:386)
	at org.apache.ratis.util.TimeDuration.sleep(TimeDuration.java:324)
	at org.apache.ratis.util.TimeDuration.sleep(TimeDuration.java:309)
	at org.apache.ratis.server.impl.FollowerState.run(FollowerState.java:118)
2022-03-02 21:34:21,363 [grpc-default-executor-5] INFO  server.RaftServer$Division (RaftServerImpl.java:requestVote(1046)) - 06306a50-9ba9-4128-94e0-55d591e142a1@group-D1C6F700E880: receive requestVote(ELECTION, cdd5360e-d849-4e2b-b62b-b70fbd73a7e1, group-D1C6F700E880, 1, (t:0, i:0))
2022-03-02 21:34:21,364 [grpc-default-executor-5] INFO  impl.VoteContext (VoteContext.java:log(48)) - 06306a50-9ba9-4128-94e0-55d591e142a1@group-D1C6F700E880-FOLLOWER: reject ELECTION from cdd5360e-d849-4e2b-b62b-b70fbd73a7e1: our priority 1 > candidate's priority 0
2022-03-02 21:34:21,364 [grpc-default-executor-5] INFO  server.RaftServer$Division (RaftServerImpl.java:setRole(290)) - 06306a50-9ba9-4128-94e0-55d591e142a1@group-D1C6F700E880: changes role from  FOLLOWER to FOLLOWER at term 1 for candidate:cdd5360e-d849-4e2b-b62b-b70fbd73a7e1
2022-03-02 21:34:21,364 [grpc-default-executor-5] INFO  impl.RoleInfo (RoleInfo.java:shutdownFollowerState(108)) - 06306a50-9ba9-4128-94e0-55d591e142a1: shutdown 06306a50-9ba9-4128-94e0-55d591e142a1@group-D1C6F700E880-FollowerState
2022-03-02 21:34:21,364 [grpc-default-executor-5] INFO  impl.RoleInfo (RoleInfo.java:updateAndGet(130)) - 06306a50-9ba9-4128-94e0-55d591e142a1: start 06306a50-9ba9-4128-94e0-55d591e142a1@group-D1C6F700E880-FollowerState
2022-03-02 21:34:21,364 [06306a50-9ba9-4128-94e0-55d591e142a1@group-D1C6F700E880-FollowerState] INFO  impl.FollowerState (FollowerState.java:run(143)) - 06306a50-9ba9-4128-94e0-55d591e142a1@group-D1C6F700E880-FollowerState was interrupted: {}
java.lang.InterruptedException: sleep interrupted
	at java.lang.Thread.sleep(Native Method)
	at java.lang.Thread.sleep(Thread.java:342)
	at java.util.concurrent.TimeUnit.sleep(TimeUnit.java:386)
	at org.apache.ratis.util.TimeDuration.sleep(TimeDuration.java:324)
	at org.apache.ratis.util.TimeDuration.sleep(TimeDuration.java:309)
	at org.apache.ratis.server.impl.FollowerState.run(FollowerState.java:118)
2022-03-02 21:34:21,368 [grpc-default-executor-5] INFO  server.RaftServer$Division (RaftServerImpl.java:requestVote(1078)) - 06306a50-9ba9-4128-94e0-55d591e142a1@group-D1C6F700E880 replies to ELECTION vote request: cdd5360e-d849-4e2b-b62b-b70fbd73a7e1<-06306a50-9ba9-4128-94e0-55d591e142a1#0:FAIL-t1. Peer's state: 06306a50-9ba9-4128-94e0-55d591e142a1@group-D1C6F700E880:t1, leader=null, voted=null, raftlog=06306a50-9ba9-4128-94e0-55d591e142a1@group-D1C6F700E880-SegmentedRaftLog:OPENED:c-1, conf=-1: [cdd5360e-d849-4e2b-b62b-b70fbd73a7e1|rpc:10.1.0.35:36141|priority:0, 06306a50-9ba9-4128-94e0-55d591e142a1|rpc:10.1.0.35:42445|priority:1, ca012516-14dd-42cd-8742-1c9d04d43fd5|rpc:10.1.0.35:34561|priority:0], old=null
2022-03-02 21:34:21,372 [cdd5360e-d849-4e2b-b62b-b70fbd73a7e1@group-D1C6F700E880-LeaderElection107] INFO  impl.LeaderElection (LeaderElection.java:logAndReturn(89)) - cdd5360e-d849-4e2b-b62b-b70fbd73a7e1@group-D1C6F700E880-LeaderElection107: ELECTION REJECTED received 2 response(s) and 0 exception(s):
2022-03-02 21:34:21,372 [cdd5360e-d849-4e2b-b62b-b70fbd73a7e1@group-D1C6F700E880-LeaderElection107] INFO  impl.LeaderElection (LeaderElection.java:logAndReturn(93)) -   Response 0: cdd5360e-d849-4e2b-b62b-b70fbd73a7e1<-06306a50-9ba9-4128-94e0-55d591e142a1#0:FAIL-t1
2022-03-02 21:34:21,372 [cdd5360e-d849-4e2b-b62b-b70fbd73a7e1@group-D1C6F700E880-LeaderElection107] INFO  impl.LeaderElection (LeaderElection.java:logAndReturn(93)) -   Response 1: cdd5360e-d849-4e2b-b62b-b70fbd73a7e1<-ca012516-14dd-42cd-8742-1c9d04d43fd5#0:OK-t1
2022-03-02 21:34:21,372 [cdd5360e-d849-4e2b-b62b-b70fbd73a7e1@group-D1C6F700E880-LeaderElection107] INFO  impl.LeaderElection (LeaderElection.java:askForVotes(308)) - cdd5360e-d849-4e2b-b62b-b70fbd73a7e1@group-D1C6F700E880-LeaderElection107 ELECTION round 0: result REJECTED
2022-03-02 21:34:21,372 [cdd5360e-d849-4e2b-b62b-b70fbd73a7e1@group-D1C6F700E880-LeaderElection107] INFO  server.RaftServer$Division (RaftServerImpl.java:setRole(290)) - cdd5360e-d849-4e2b-b62b-b70fbd73a7e1@group-D1C6F700E880: changes role from CANDIDATE to FOLLOWER at term 1 for REJECTED
2022-03-02 21:34:21,372 [cdd5360e-d849-4e2b-b62b-b70fbd73a7e1@group-D1C6F700E880-LeaderElection107] INFO  impl.RoleInfo (RoleInfo.java:shutdownLeaderElection(121)) - cdd5360e-d849-4e2b-b62b-b70fbd73a7e1: shutdown cdd5360e-d849-4e2b-b62b-b70fbd73a7e1@group-D1C6F700E880-LeaderElection107
2022-03-02 21:34:21,372 [cdd5360e-d849-4e2b-b62b-b70fbd73a7e1@group-D1C6F700E880-LeaderElection107] INFO  impl.RoleInfo (RoleInfo.java:updateAndGet(130)) - cdd5360e-d849-4e2b-b62b-b70fbd73a7e1: start cdd5360e-d849-4e2b-b62b-b70fbd73a7e1@group-D1C6F700E880-FollowerState
2022-03-02 21:34:21,376 [ForkJoinPool.commonPool-worker-1] INFO  ozoneimpl.OzoneContainer (OzoneContainer.java:stop(356)) - Attempting to stop container services.
2022-03-02 21:34:21,376 [Listener at 127.0.0.1/33667] INFO  ozoneimpl.OzoneContainer (OzoneContainer.java:stop(356)) - Attempting to stop container services.
2022-03-02 21:34:21,376 [ForkJoinPool.commonPool-worker-1] INFO  server.RaftServer (RaftServerProxy.java:lambda$close$6(391)) - cdd5360e-d849-4e2b-b62b-b70fbd73a7e1: close
2022-03-02 21:34:21,376 [ForkJoinPool.commonPool-worker-1] INFO  server.RaftServer$Division (RaftServerImpl.java:lambda$close$4(412)) - cdd5360e-d849-4e2b-b62b-b70fbd73a7e1@group-B24374D265BF: shutdown
2022-03-02 21:34:21,376 [ForkJoinPool.commonPool-worker-1] INFO  util.JmxRegister (JmxRegister.java:unregister(73)) - Successfully un-registered JMX Bean with object name Ratis:service=RaftServer,group=group-B24374D265BF,id=cdd5360e-d849-4e2b-b62b-b70fbd73a7e1
2022-03-02 21:34:21,377 [ForkJoinPool.commonPool-worker-1] INFO  impl.RoleInfo (RoleInfo.java:shutdownFollowerState(108)) - cdd5360e-d849-4e2b-b62b-b70fbd73a7e1: shutdown cdd5360e-d849-4e2b-b62b-b70fbd73a7e1@group-B24374D265BF-FollowerState
2022-03-02 21:34:21,377 [ForkJoinPool.commonPool-worker-1] INFO  impl.StateMachineUpdater (StateMachineUpdater.java:stopAndJoin(149)) - cdd5360e-d849-4e2b-b62b-b70fbd73a7e1@group-B24374D265BF-StateMachineUpdater: set stopIndex = -1
2022-03-02 21:34:21,377 [cdd5360e-d849-4e2b-b62b-b70fbd73a7e1@group-B24374D265BF-FollowerState] INFO  impl.FollowerState (FollowerState.java:run(143)) - cdd5360e-d849-4e2b-b62b-b70fbd73a7e1@group-B24374D265BF-FollowerState was interrupted: {}
java.lang.InterruptedException: sleep interrupted
	at java.lang.Thread.sleep(Native Method)
	at java.lang.Thread.sleep(Thread.java:342)
	at java.util.concurrent.TimeUnit.sleep(TimeUnit.java:386)
	at org.apache.ratis.util.TimeDuration.sleep(TimeDuration.java:324)
	at org.apache.ratis.util.TimeDuration.sleep(TimeDuration.java:309)
	at org.apache.ratis.server.impl.FollowerState.run(FollowerState.java:118)
2022-03-02 21:34:21,377 [Listener at 127.0.0.1/33667] INFO  server.RaftServer (RaftServerProxy.java:lambda$close$6(391)) - 39d9f1c0-7130-4277-8a35-add537f65258: close
2022-03-02 21:34:21,377 [Listener at 127.0.0.1/33667] INFO  server.RaftServer$Division (RaftServerImpl.java:lambda$close$4(412)) - 39d9f1c0-7130-4277-8a35-add537f65258@group-4C98E9F0FD07: shutdown
2022-03-02 21:34:21,377 [Listener at 127.0.0.1/33667] INFO  util.JmxRegister (JmxRegister.java:unregister(73)) - Successfully un-registered JMX Bean with object name Ratis:service=RaftServer,group=group-4C98E9F0FD07,id=39d9f1c0-7130-4277-8a35-add537f65258
2022-03-02 21:34:21,377 [Listener at 127.0.0.1/33667] INFO  impl.RoleInfo (RoleInfo.java:shutdownLeaderState(91)) - 39d9f1c0-7130-4277-8a35-add537f65258: shutdown 39d9f1c0-7130-4277-8a35-add537f65258@group-4C98E9F0FD07-LeaderStateImpl
2022-03-02 21:34:21,378 [Listener at 127.0.0.1/33667] INFO  impl.PendingRequests (PendingRequests.java:sendNotLeaderResponses(282)) - 39d9f1c0-7130-4277-8a35-add537f65258@group-4C98E9F0FD07-PendingRequests: sendNotLeaderResponses
2022-03-02 21:34:21,378 [Listener at 127.0.0.1/33667] INFO  impl.StateMachineUpdater (StateMachineUpdater.java:stopAndJoin(149)) - 39d9f1c0-7130-4277-8a35-add537f65258@group-4C98E9F0FD07-StateMachineUpdater: set stopIndex = 0
2022-03-02 21:34:21,378 [39d9f1c0-7130-4277-8a35-add537f65258@group-4C98E9F0FD07-StateMachineUpdater] INFO  ratis.ContainerStateMachine (ContainerStateMachine.java:takeSnapshot(304)) - group-4C98E9F0FD07: Taking a snapshot at:(t:4, i:0) file /home/runner/work/ozone/ozone/hadoop-ozone/integration-test/target/test-dir/MiniOzoneClusterImpl-f745d883-409d-4598-9a00-e779d9019c18/datanode-4/data/ratis/7222150f-7630-4924-8d62-4c98e9f0fd07/sm/snapshot.4_0
2022-03-02 21:34:21,402 [ForkJoinPool.commonPool-worker-1] INFO  server.RaftServer$Division (ServerState.java:close(419)) - cdd5360e-d849-4e2b-b62b-b70fbd73a7e1@group-B24374D265BF: closes. applyIndex: -1
2022-03-02 21:34:21,379 [39d9f1c0-7130-4277-8a35-add537f65258@group-4C98E9F0FD07->269e0ee6-c833-446d-a842-94c77dd867fd-GrpcLogAppender-LogAppenderDaemon] WARN  server.GrpcLogAppender (GrpcLogAppender.java:mayWait(177)) - 39d9f1c0-7130-4277-8a35-add537f65258@group-4C98E9F0FD07->269e0ee6-c833-446d-a842-94c77dd867fd-GrpcLogAppender: Wait interrupted by java.lang.InterruptedException
2022-03-02 21:34:21,402 [cdd5360e-d849-4e2b-b62b-b70fbd73a7e1@group-B24374D265BF-SegmentedRaftLogWorker] INFO  segmented.SegmentedRaftLogWorker (SegmentedRaftLogWorker.java:run(327)) - cdd5360e-d849-4e2b-b62b-b70fbd73a7e1@group-B24374D265BF-SegmentedRaftLogWorker was interrupted, exiting. There are 0 tasks remaining in the queue.
2022-03-02 21:34:21,379 [39d9f1c0-7130-4277-8a35-add537f65258@group-4C98E9F0FD07->ff1229b5-7bf6-42b1-a70d-3d6d5a94de90-GrpcLogAppender-LogAppenderDaemon] WARN  server.GrpcLogAppender (GrpcLogAppender.java:mayWait(177)) - 39d9f1c0-7130-4277-8a35-add537f65258@group-4C98E9F0FD07->ff1229b5-7bf6-42b1-a70d-3d6d5a94de90-GrpcLogAppender: Wait interrupted by java.lang.InterruptedException
2022-03-02 21:34:21,403 [grpc-default-executor-5] INFO  server.GrpcServerProtocolService (GrpcServerProtocolService.java:onCompleted(140)) - 269e0ee6-c833-446d-a842-94c77dd867fd: Completed APPEND_ENTRIES, lastRequest: 39d9f1c0-7130-4277-8a35-add537f65258->269e0ee6-c833-446d-a842-94c77dd867fd#1-t4,previous=(t:0, i:0),leaderCommit=0,initializing? true,entries: size=1, first=(t:4, i:0), CONFIGURATIONENTRY
2022-03-02 21:34:21,403 [ForkJoinPool.commonPool-worker-1] INFO  segmented.SegmentedRaftLogWorker (SegmentedRaftLogWorker.java:close(237)) - cdd5360e-d849-4e2b-b62b-b70fbd73a7e1@group-B24374D265BF-SegmentedRaftLogWorker close()
2022-03-02 21:34:21,405 [grpc-default-executor-5] INFO  server.GrpcLogAppender (GrpcLogAppender.java:onCompleted(346)) - 39d9f1c0-7130-4277-8a35-add537f65258@group-4C98E9F0FD07->269e0ee6-c833-446d-a842-94c77dd867fd-AppendLogResponseHandler: follower responses appendEntries COMPLETED
2022-03-02 21:34:21,405 [grpc-default-executor-5] INFO  leader.FollowerInfo (FollowerInfoImpl.java:lambda$new$0(47)) - 39d9f1c0-7130-4277-8a35-add537f65258@group-4C98E9F0FD07->269e0ee6-c833-446d-a842-94c77dd867fd: nextIndex: updateUnconditionally 1 -> 0
2022-03-02 21:34:21,405 [39d9f1c0-7130-4277-8a35-add537f65258@group-4C98E9F0FD07-StateMachineUpdater] INFO  ratis.ContainerStateMachine (ContainerStateMachine.java:takeSnapshot(315)) - group-4C98E9F0FD07: Finished taking a snapshot at:(t:4, i:0) file:/home/runner/work/ozone/ozone/hadoop-ozone/integration-test/target/test-dir/MiniOzoneClusterImpl-f745d883-409d-4598-9a00-e779d9019c18/datanode-4/data/ratis/7222150f-7630-4924-8d62-4c98e9f0fd07/sm/snapshot.4_0 took: 27 ms
2022-03-02 21:34:21,407 [ForkJoinPool.commonPool-worker-1] INFO  server.RaftServer$Division (RaftServerImpl.java:lambda$close$4(412)) - cdd5360e-d849-4e2b-b62b-b70fbd73a7e1@group-05C4B365625D: shutdown
2022-03-02 21:34:21,435 [ForkJoinPool.commonPool-worker-1] INFO  util.JmxRegister (JmxRegister.java:unregister(73)) - Successfully un-registered JMX Bean with object name Ratis:service=RaftServer,group=group-05C4B365625D,id=cdd5360e-d849-4e2b-b62b-b70fbd73a7e1
2022-03-02 21:34:21,435 [ForkJoinPool.commonPool-worker-1] INFO  impl.RoleInfo (RoleInfo.java:shutdownFollowerState(108)) - cdd5360e-d849-4e2b-b62b-b70fbd73a7e1: shutdown cdd5360e-d849-4e2b-b62b-b70fbd73a7e1@group-05C4B365625D-FollowerState
2022-03-02 21:34:21,435 [ForkJoinPool.commonPool-worker-1] INFO  impl.StateMachineUpdater (StateMachineUpdater.java:stopAndJoin(149)) - cdd5360e-d849-4e2b-b62b-b70fbd73a7e1@group-05C4B365625D-StateMachineUpdater: set stopIndex = -1
2022-03-02 21:34:21,435 [grpc-default-executor-5] INFO  server.GrpcServerProtocolService (GrpcServerProtocolService.java:onCompleted(140)) - ff1229b5-7bf6-42b1-a70d-3d6d5a94de90: Completed APPEND_ENTRIES, lastRequest: 39d9f1c0-7130-4277-8a35-add537f65258->ff1229b5-7bf6-42b1-a70d-3d6d5a94de90#1-t4,previous=(t:0, i:0),leaderCommit=-1,initializing? true,entries: size=1, first=(t:4, i:0), CONFIGURATIONENTRY
2022-03-02 21:34:21,436 [grpc-default-executor-6] INFO  server.GrpcLogAppender (GrpcLogAppender.java:onCompleted(346)) - 39d9f1c0-7130-4277-8a35-add537f65258@group-4C98E9F0FD07->ff1229b5-7bf6-42b1-a70d-3d6d5a94de90-AppendLogResponseHandler: follower responses appendEntries COMPLETED
2022-03-02 21:34:21,436 [grpc-default-executor-6] INFO  leader.FollowerInfo (FollowerInfoImpl.java:lambda$new$0(47)) - 39d9f1c0-7130-4277-8a35-add537f65258@group-4C98E9F0FD07->ff1229b5-7bf6-42b1-a70d-3d6d5a94de90: nextIndex: updateUnconditionally 1 -> 0
2022-03-02 21:34:21,436 [ForkJoinPool.commonPool-worker-1] INFO  server.RaftServer$Division (ServerState.java:close(419)) - cdd5360e-d849-4e2b-b62b-b70fbd73a7e1@group-05C4B365625D: closes. applyIndex: -1
2022-03-02 21:34:21,436 [cdd5360e-d849-4e2b-b62b-b70fbd73a7e1@group-05C4B365625D-SegmentedRaftLogWorker] INFO  segmented.SegmentedRaftLogWorker (SegmentedRaftLogWorker.java:run(327)) - cdd5360e-d849-4e2b-b62b-b70fbd73a7e1@group-05C4B365625D-SegmentedRaftLogWorker was interrupted, exiting. There are 0 tasks remaining in the queue.
2022-03-02 21:34:21,436 [ForkJoinPool.commonPool-worker-1] INFO  segmented.SegmentedRaftLogWorker (SegmentedRaftLogWorker.java:close(237)) - cdd5360e-d849-4e2b-b62b-b70fbd73a7e1@group-05C4B365625D-SegmentedRaftLogWorker close()
2022-03-02 21:34:21,435 [cdd5360e-d849-4e2b-b62b-b70fbd73a7e1@group-05C4B365625D-FollowerState] INFO  impl.FollowerState (FollowerState.java:run(143)) - cdd5360e-d849-4e2b-b62b-b70fbd73a7e1@group-05C4B365625D-FollowerState was interrupted: {}
java.lang.InterruptedException: sleep interrupted
	at java.lang.Thread.sleep(Native Method)
	at java.lang.Thread.sleep(Thread.java:342)
	at java.util.concurrent.TimeUnit.sleep(TimeUnit.java:386)
	at org.apache.ratis.util.TimeDuration.sleep(TimeDuration.java:324)
	at org.apache.ratis.util.TimeDuration.sleep(TimeDuration.java:309)
	at org.apache.ratis.server.impl.FollowerState.run(FollowerState.java:118)
2022-03-02 21:34:21,477 [39d9f1c0-7130-4277-8a35-add537f65258@group-4C98E9F0FD07-StateMachineUpdater] INFO  impl.StateMachineUpdater (StateMachineUpdater.java:takeSnapshot(281)) - 39d9f1c0-7130-4277-8a35-add537f65258@group-4C98E9F0FD07-StateMachineUpdater: Took a snapshot at index 0
2022-03-02 21:34:21,477 [39d9f1c0-7130-4277-8a35-add537f65258@group-4C98E9F0FD07-StateMachineUpdater] INFO  impl.StateMachineUpdater (StateMachineUpdater.java:lambda$new$0(89)) - 39d9f1c0-7130-4277-8a35-add537f65258@group-4C98E9F0FD07-StateMachineUpdater: snapshotIndex: updateIncreasingly -1 -> 0
2022-03-02 21:34:21,477 [Listener at 127.0.0.1/33667] INFO  server.RaftServer$Division (ServerState.java:close(419)) - 39d9f1c0-7130-4277-8a35-add537f65258@group-4C98E9F0FD07: closes. applyIndex: 0
2022-03-02 21:34:21,447 [ForkJoinPool.commonPool-worker-1] INFO  server.RaftServer$Division (RaftServerImpl.java:lambda$close$4(412)) - cdd5360e-d849-4e2b-b62b-b70fbd73a7e1@group-D1C6F700E880: shutdown
2022-03-02 21:34:21,477 [39d9f1c0-7130-4277-8a35-add537f65258@group-4C98E9F0FD07-SegmentedRaftLogWorker] INFO  segmented.SegmentedRaftLogWorker (SegmentedRaftLogWorker.java:run(327)) - 39d9f1c0-7130-4277-8a35-add537f65258@group-4C98E9F0FD07-SegmentedRaftLogWorker was interrupted, exiting. There are 0 tasks remaining in the queue.
2022-03-02 21:34:21,477 [ForkJoinPool.commonPool-worker-1] INFO  util.JmxRegister (JmxRegister.java:unregister(73)) - Successfully un-registered JMX Bean with object name Ratis:service=RaftServer,group=group-D1C6F700E880,id=cdd5360e-d849-4e2b-b62b-b70fbd73a7e1
2022-03-02 21:34:21,478 [ForkJoinPool.commonPool-worker-1] INFO  impl.RoleInfo (RoleInfo.java:shutdownFollowerState(108)) - cdd5360e-d849-4e2b-b62b-b70fbd73a7e1: shutdown cdd5360e-d849-4e2b-b62b-b70fbd73a7e1@group-D1C6F700E880-FollowerState
2022-03-02 21:34:21,483 [ForkJoinPool.commonPool-worker-1] INFO  impl.StateMachineUpdater (StateMachineUpdater.java:stopAndJoin(149)) - cdd5360e-d849-4e2b-b62b-b70fbd73a7e1@group-D1C6F700E880-StateMachineUpdater: set stopIndex = -1
2022-03-02 21:34:21,483 [ForkJoinPool.commonPool-worker-1] INFO  server.RaftServer$Division (ServerState.java:close(419)) - cdd5360e-d849-4e2b-b62b-b70fbd73a7e1@group-D1C6F700E880: closes. applyIndex: -1
2022-03-02 21:34:21,483 [cdd5360e-d849-4e2b-b62b-b70fbd73a7e1@group-D1C6F700E880-SegmentedRaftLogWorker] INFO  segmented.SegmentedRaftLogWorker (SegmentedRaftLogWorker.java:run(327)) - cdd5360e-d849-4e2b-b62b-b70fbd73a7e1@group-D1C6F700E880-SegmentedRaftLogWorker was interrupted, exiting. There are 0 tasks remaining in the queue.
2022-03-02 21:34:21,483 [cdd5360e-d849-4e2b-b62b-b70fbd73a7e1@group-D1C6F700E880-FollowerState] INFO  impl.FollowerState (FollowerState.java:run(143)) - cdd5360e-d849-4e2b-b62b-b70fbd73a7e1@group-D1C6F700E880-FollowerState was interrupted: {}
java.lang.InterruptedException: sleep interrupted
	at java.lang.Thread.sleep(Native Method)
	at java.lang.Thread.sleep(Thread.java:342)
	at java.util.concurrent.TimeUnit.sleep(TimeUnit.java:386)
	at org.apache.ratis.util.TimeDuration.sleep(TimeDuration.java:324)
	at org.apache.ratis.util.TimeDuration.sleep(TimeDuration.java:309)
	at org.apache.ratis.server.impl.FollowerState.run(FollowerState.java:118)
2022-03-02 21:34:21,483 [ForkJoinPool.commonPool-worker-1] INFO  segmented.SegmentedRaftLogWorker (SegmentedRaftLogWorker.java:close(237)) - cdd5360e-d849-4e2b-b62b-b70fbd73a7e1@group-D1C6F700E880-SegmentedRaftLogWorker close()
2022-03-02 21:34:21,487 [ForkJoinPool.commonPool-worker-1] INFO  server.RaftServer$Division (RaftServerImpl.java:lambda$close$4(412)) - cdd5360e-d849-4e2b-b62b-b70fbd73a7e1@group-8918CE4A9E0E: shutdown
2022-03-02 21:34:21,487 [ForkJoinPool.commonPool-worker-1] INFO  util.JmxRegister (JmxRegister.java:unregister(73)) - Successfully un-registered JMX Bean with object name Ratis:service=RaftServer,group=group-8918CE4A9E0E,id=cdd5360e-d849-4e2b-b62b-b70fbd73a7e1
2022-03-02 21:34:21,487 [ForkJoinPool.commonPool-worker-1] INFO  impl.RoleInfo (RoleInfo.java:shutdownLeaderState(91)) - cdd5360e-d849-4e2b-b62b-b70fbd73a7e1: shutdown cdd5360e-d849-4e2b-b62b-b70fbd73a7e1@group-8918CE4A9E0E-LeaderStateImpl
2022-03-02 21:34:21,487 [ForkJoinPool.commonPool-worker-1] INFO  impl.PendingRequests (PendingRequests.java:sendNotLeaderResponses(282)) - cdd5360e-d849-4e2b-b62b-b70fbd73a7e1@group-8918CE4A9E0E-PendingRequests: sendNotLeaderResponses
2022-03-02 21:34:21,488 [ForkJoinPool.commonPool-worker-1] INFO  impl.StateMachineUpdater (StateMachineUpdater.java:stopAndJoin(149)) - cdd5360e-d849-4e2b-b62b-b70fbd73a7e1@group-8918CE4A9E0E-StateMachineUpdater: set stopIndex = 0
2022-03-02 21:34:21,488 [cdd5360e-d849-4e2b-b62b-b70fbd73a7e1@group-8918CE4A9E0E-StateMachineUpdater] INFO  ratis.ContainerStateMachine (ContainerStateMachine.java:takeSnapshot(304)) - group-8918CE4A9E0E: Taking a snapshot at:(t:1, i:0) file /home/runner/work/ozone/ozone/hadoop-ozone/integration-test/target/test-dir/MiniOzoneClusterImpl-f745d883-409d-4598-9a00-e779d9019c18/datanode-1/data/ratis/c2cbcd83-50ea-4bd7-90c1-8918ce4a9e0e/sm/snapshot.1_0
2022-03-02 21:34:21,488 [cdd5360e-d849-4e2b-b62b-b70fbd73a7e1@group-8918CE4A9E0E-StateMachineUpdater] INFO  ratis.ContainerStateMachine (ContainerStateMachine.java:takeSnapshot(315)) - group-8918CE4A9E0E: Finished taking a snapshot at:(t:1, i:0) file:/home/runner/work/ozone/ozone/hadoop-ozone/integration-test/target/test-dir/MiniOzoneClusterImpl-f745d883-409d-4598-9a00-e779d9019c18/datanode-1/data/ratis/c2cbcd83-50ea-4bd7-90c1-8918ce4a9e0e/sm/snapshot.1_0 took: 1 ms
2022-03-02 21:34:21,489 [cdd5360e-d849-4e2b-b62b-b70fbd73a7e1@group-8918CE4A9E0E-StateMachineUpdater] INFO  impl.StateMachineUpdater (StateMachineUpdater.java:takeSnapshot(281)) - cdd5360e-d849-4e2b-b62b-b70fbd73a7e1@group-8918CE4A9E0E-StateMachineUpdater: Took a snapshot at index 0
2022-03-02 21:34:21,489 [cdd5360e-d849-4e2b-b62b-b70fbd73a7e1@group-8918CE4A9E0E-StateMachineUpdater] INFO  impl.StateMachineUpdater (StateMachineUpdater.java:lambda$new$0(89)) - cdd5360e-d849-4e2b-b62b-b70fbd73a7e1@group-8918CE4A9E0E-StateMachineUpdater: snapshotIndex: updateIncreasingly -1 -> 0
2022-03-02 21:34:21,489 [ForkJoinPool.commonPool-worker-1] INFO  server.RaftServer$Division (ServerState.java:close(419)) - cdd5360e-d849-4e2b-b62b-b70fbd73a7e1@group-8918CE4A9E0E: closes. applyIndex: 0
2022-03-02 21:34:21,489 [cdd5360e-d849-4e2b-b62b-b70fbd73a7e1@group-8918CE4A9E0E-SegmentedRaftLogWorker] INFO  segmented.SegmentedRaftLogWorker (SegmentedRaftLogWorker.java:run(327)) - cdd5360e-d849-4e2b-b62b-b70fbd73a7e1@group-8918CE4A9E0E-SegmentedRaftLogWorker was interrupted, exiting. There are 0 tasks remaining in the queue.
2022-03-02 21:34:21,490 [ForkJoinPool.commonPool-worker-1] INFO  segmented.SegmentedRaftLogWorker (SegmentedRaftLogWorker.java:close(237)) - cdd5360e-d849-4e2b-b62b-b70fbd73a7e1@group-8918CE4A9E0E-SegmentedRaftLogWorker close()
2022-03-02 21:34:21,495 [ForkJoinPool.commonPool-worker-1] INFO  server.GrpcService (GrpcService.java:closeImpl(262)) - cdd5360e-d849-4e2b-b62b-b70fbd73a7e1: shutdown server with port 36141 now
2022-03-02 21:34:21,496 [Listener at 127.0.0.1/33667] INFO  segmented.SegmentedRaftLogWorker (SegmentedRaftLogWorker.java:close(237)) - 39d9f1c0-7130-4277-8a35-add537f65258@group-4C98E9F0FD07-SegmentedRaftLogWorker close()
2022-03-02 21:34:21,497 [Listener at 127.0.0.1/33667] INFO  server.RaftServer$Division (RaftServerImpl.java:lambda$close$4(412)) - 39d9f1c0-7130-4277-8a35-add537f65258@group-B508C26EB33E: shutdown
2022-03-02 21:34:21,497 [Listener at 127.0.0.1/33667] INFO  util.JmxRegister (JmxRegister.java:unregister(73)) - Successfully un-registered JMX Bean with object name Ratis:service=RaftServer,group=group-B508C26EB33E,id=39d9f1c0-7130-4277-8a35-add537f65258
2022-03-02 21:34:21,497 [Listener at 127.0.0.1/33667] INFO  impl.RoleInfo (RoleInfo.java:shutdownFollowerState(108)) - 39d9f1c0-7130-4277-8a35-add537f65258: shutdown 39d9f1c0-7130-4277-8a35-add537f65258@group-B508C26EB33E-FollowerState
2022-03-02 21:34:21,497 [Listener at 127.0.0.1/33667] INFO  impl.StateMachineUpdater (StateMachineUpdater.java:stopAndJoin(149)) - 39d9f1c0-7130-4277-8a35-add537f65258@group-B508C26EB33E-StateMachineUpdater: set stopIndex = 0
2022-03-02 21:34:21,497 [39d9f1c0-7130-4277-8a35-add537f65258@group-B508C26EB33E-FollowerState] INFO  impl.FollowerState (FollowerState.java:run(143)) - 39d9f1c0-7130-4277-8a35-add537f65258@group-B508C26EB33E-FollowerState was interrupted: {}
java.lang.InterruptedException: sleep interrupted
	at java.lang.Thread.sleep(Native Method)
	at java.lang.Thread.sleep(Thread.java:342)
	at java.util.concurrent.TimeUnit.sleep(TimeUnit.java:386)
	at org.apache.ratis.util.TimeDuration.sleep(TimeDuration.java:324)
	at org.apache.ratis.util.TimeDuration.sleep(TimeDuration.java:309)
	at org.apache.ratis.server.impl.FollowerState.run(FollowerState.java:118)
2022-03-02 21:34:21,497 [39d9f1c0-7130-4277-8a35-add537f65258@group-B508C26EB33E-StateMachineUpdater] INFO  ratis.ContainerStateMachine (ContainerStateMachine.java:takeSnapshot(304)) - group-B508C26EB33E: Taking a snapshot at:(t:1, i:0) file /home/runner/work/ozone/ozone/hadoop-ozone/integration-test/target/test-dir/MiniOzoneClusterImpl-f745d883-409d-4598-9a00-e779d9019c18/datanode-4/data/ratis/a3d558d9-1de6-4c21-bf95-b508c26eb33e/sm/snapshot.1_0
2022-03-02 21:34:21,499 [39d9f1c0-7130-4277-8a35-add537f65258@group-B508C26EB33E-StateMachineUpdater] INFO  ratis.ContainerStateMachine (ContainerStateMachine.java:takeSnapshot(315)) - group-B508C26EB33E: Finished taking a snapshot at:(t:1, i:0) file:/home/runner/work/ozone/ozone/hadoop-ozone/integration-test/target/test-dir/MiniOzoneClusterImpl-f745d883-409d-4598-9a00-e779d9019c18/datanode-4/data/ratis/a3d558d9-1de6-4c21-bf95-b508c26eb33e/sm/snapshot.1_0 took: 1 ms
2022-03-02 21:34:21,499 [39d9f1c0-7130-4277-8a35-add537f65258@group-B508C26EB33E-StateMachineUpdater] INFO  impl.StateMachineUpdater (StateMachineUpdater.java:takeSnapshot(281)) - 39d9f1c0-7130-4277-8a35-add537f65258@group-B508C26EB33E-StateMachineUpdater: Took a snapshot at index 0
2022-03-02 21:34:21,499 [39d9f1c0-7130-4277-8a35-add537f65258@group-B508C26EB33E-StateMachineUpdater] INFO  impl.StateMachineUpdater (StateMachineUpdater.java:lambda$new$0(89)) - 39d9f1c0-7130-4277-8a35-add537f65258@group-B508C26EB33E-StateMachineUpdater: snapshotIndex: updateIncreasingly -1 -> 0
2022-03-02 21:34:21,499 [Listener at 127.0.0.1/33667] INFO  server.RaftServer$Division (ServerState.java:close(419)) - 39d9f1c0-7130-4277-8a35-add537f65258@group-B508C26EB33E: closes. applyIndex: 0
2022-03-02 21:34:21,499 [39d9f1c0-7130-4277-8a35-add537f65258@group-B508C26EB33E-SegmentedRaftLogWorker] INFO  segmented.SegmentedRaftLogWorker (SegmentedRaftLogWorker.java:run(327)) - 39d9f1c0-7130-4277-8a35-add537f65258@group-B508C26EB33E-SegmentedRaftLogWorker was interrupted, exiting. There are 0 tasks remaining in the queue.
2022-03-02 21:34:21,507 [Listener at 127.0.0.1/33667] INFO  segmented.SegmentedRaftLogWorker (SegmentedRaftLogWorker.java:close(237)) - 39d9f1c0-7130-4277-8a35-add537f65258@group-B508C26EB33E-SegmentedRaftLogWorker close()
2022-03-02 21:34:21,507 [Listener at 127.0.0.1/33667] INFO  server.RaftServer$Division (RaftServerImpl.java:lambda$close$4(412)) - 39d9f1c0-7130-4277-8a35-add537f65258@group-F48392E64407: shutdown
2022-03-02 21:34:21,507 [Listener at 127.0.0.1/33667] INFO  util.JmxRegister (JmxRegister.java:unregister(73)) - Successfully un-registered JMX Bean with object name Ratis:service=RaftServer,group=group-F48392E64407,id=39d9f1c0-7130-4277-8a35-add537f65258
2022-03-02 21:34:21,507 [Listener at 127.0.0.1/33667] INFO  impl.RoleInfo (RoleInfo.java:shutdownFollowerState(108)) - 39d9f1c0-7130-4277-8a35-add537f65258: shutdown 39d9f1c0-7130-4277-8a35-add537f65258@group-F48392E64407-FollowerState
2022-03-02 21:34:21,507 [Listener at 127.0.0.1/33667] INFO  impl.StateMachineUpdater (StateMachineUpdater.java:stopAndJoin(149)) - 39d9f1c0-7130-4277-8a35-add537f65258@group-F48392E64407-StateMachineUpdater: set stopIndex = 0
2022-03-02 21:34:21,507 [39d9f1c0-7130-4277-8a35-add537f65258@group-F48392E64407-FollowerState] INFO  impl.FollowerState (FollowerState.java:run(143)) - 39d9f1c0-7130-4277-8a35-add537f65258@group-F48392E64407-FollowerState was interrupted: {}
java.lang.InterruptedException: sleep interrupted
	at java.lang.Thread.sleep(Native Method)
	at java.lang.Thread.sleep(Thread.java:342)
	at java.util.concurrent.TimeUnit.sleep(TimeUnit.java:386)
	at org.apache.ratis.util.TimeDuration.sleep(TimeDuration.java:324)
	at org.apache.ratis.util.TimeDuration.sleep(TimeDuration.java:309)
	at org.apache.ratis.server.impl.FollowerState.run(FollowerState.java:118)
2022-03-02 21:34:21,508 [39d9f1c0-7130-4277-8a35-add537f65258@group-F48392E64407-StateMachineUpdater] INFO  ratis.ContainerStateMachine (ContainerStateMachine.java:takeSnapshot(304)) - group-F48392E64407: Taking a snapshot at:(t:2, i:0) file /home/runner/work/ozone/ozone/hadoop-ozone/integration-test/target/test-dir/MiniOzoneClusterImpl-f745d883-409d-4598-9a00-e779d9019c18/datanode-4/data/ratis/05406b00-ca93-4bb6-90f5-f48392e64407/sm/snapshot.2_0
2022-03-02 21:34:21,511 [39d9f1c0-7130-4277-8a35-add537f65258@group-F48392E64407-StateMachineUpdater] INFO  ratis.ContainerStateMachine (ContainerStateMachine.java:takeSnapshot(315)) - group-F48392E64407: Finished taking a snapshot at:(t:2, i:0) file:/home/runner/work/ozone/ozone/hadoop-ozone/integration-test/target/test-dir/MiniOzoneClusterImpl-f745d883-409d-4598-9a00-e779d9019c18/datanode-4/data/ratis/05406b00-ca93-4bb6-90f5-f48392e64407/sm/snapshot.2_0 took: 3 ms
2022-03-02 21:34:21,511 [39d9f1c0-7130-4277-8a35-add537f65258@group-F48392E64407-StateMachineUpdater] INFO  impl.StateMachineUpdater (StateMachineUpdater.java:takeSnapshot(281)) - 39d9f1c0-7130-4277-8a35-add537f65258@group-F48392E64407-StateMachineUpdater: Took a snapshot at index 0
2022-03-02 21:34:21,511 [39d9f1c0-7130-4277-8a35-add537f65258@group-F48392E64407-StateMachineUpdater] INFO  impl.StateMachineUpdater (StateMachineUpdater.java:lambda$new$0(89)) - 39d9f1c0-7130-4277-8a35-add537f65258@group-F48392E64407-StateMachineUpdater: snapshotIndex: updateIncreasingly -1 -> 0
2022-03-02 21:34:21,511 [Listener at 127.0.0.1/33667] INFO  server.RaftServer$Division (ServerState.java:close(419)) - 39d9f1c0-7130-4277-8a35-add537f65258@group-F48392E64407: closes. applyIndex: 0
2022-03-02 21:34:21,513 [39d9f1c0-7130-4277-8a35-add537f65258@group-F48392E64407-SegmentedRaftLogWorker] INFO  segmented.SegmentedRaftLogWorker (SegmentedRaftLogWorker.java:run(327)) - 39d9f1c0-7130-4277-8a35-add537f65258@group-F48392E64407-SegmentedRaftLogWorker was interrupted, exiting. There are 0 tasks remaining in the queue.
2022-03-02 21:34:21,513 [Listener at 127.0.0.1/33667] INFO  segmented.SegmentedRaftLogWorker (SegmentedRaftLogWorker.java:close(237)) - 39d9f1c0-7130-4277-8a35-add537f65258@group-F48392E64407-SegmentedRaftLogWorker close()
2022-03-02 21:34:21,513 [Listener at 127.0.0.1/33667] INFO  server.RaftServer$Division (RaftServerImpl.java:lambda$close$4(412)) - 39d9f1c0-7130-4277-8a35-add537f65258@group-4852EC3216F1: shutdown
2022-03-02 21:34:21,513 [Listener at 127.0.0.1/33667] INFO  util.JmxRegister (JmxRegister.java:unregister(73)) - Successfully un-registered JMX Bean with object name Ratis:service=RaftServer,group=group-4852EC3216F1,id=39d9f1c0-7130-4277-8a35-add537f65258
2022-03-02 21:34:21,513 [Listener at 127.0.0.1/33667] INFO  impl.RoleInfo (RoleInfo.java:shutdownLeaderState(91)) - 39d9f1c0-7130-4277-8a35-add537f65258: shutdown 39d9f1c0-7130-4277-8a35-add537f65258@group-4852EC3216F1-LeaderStateImpl
2022-03-02 21:34:21,513 [Listener at 127.0.0.1/33667] INFO  impl.PendingRequests (PendingRequests.java:sendNotLeaderResponses(282)) - 39d9f1c0-7130-4277-8a35-add537f65258@group-4852EC3216F1-PendingRequests: sendNotLeaderResponses
2022-03-02 21:34:21,514 [39d9f1c0-7130-4277-8a35-add537f65258@group-4852EC3216F1-StateMachineUpdater] INFO  ratis.ContainerStateMachine (ContainerStateMachine.java:takeSnapshot(304)) - group-4852EC3216F1: Taking a snapshot at:(t:1, i:0) file /home/runner/work/ozone/ozone/hadoop-ozone/integration-test/target/test-dir/MiniOzoneClusterImpl-f745d883-409d-4598-9a00-e779d9019c18/datanode-4/data/ratis/3c063f8f-7428-4df5-839f-4852ec3216f1/sm/snapshot.1_0
2022-03-02 21:34:21,514 [Listener at 127.0.0.1/33667] INFO  impl.StateMachineUpdater (StateMachineUpdater.java:stopAndJoin(149)) - 39d9f1c0-7130-4277-8a35-add537f65258@group-4852EC3216F1-StateMachineUpdater: set stopIndex = 0
2022-03-02 21:34:21,515 [39d9f1c0-7130-4277-8a35-add537f65258@group-4852EC3216F1-StateMachineUpdater] INFO  ratis.ContainerStateMachine (ContainerStateMachine.java:takeSnapshot(315)) - group-4852EC3216F1: Finished taking a snapshot at:(t:1, i:0) file:/home/runner/work/ozone/ozone/hadoop-ozone/integration-test/target/test-dir/MiniOzoneClusterImpl-f745d883-409d-4598-9a00-e779d9019c18/datanode-4/data/ratis/3c063f8f-7428-4df5-839f-4852ec3216f1/sm/snapshot.1_0 took: 0 ms
2022-03-02 21:34:21,515 [39d9f1c0-7130-4277-8a35-add537f65258@group-4852EC3216F1-StateMachineUpdater] INFO  impl.StateMachineUpdater (StateMachineUpdater.java:takeSnapshot(281)) - 39d9f1c0-7130-4277-8a35-add537f65258@group-4852EC3216F1-StateMachineUpdater: Took a snapshot at index 0
2022-03-02 21:34:21,515 [39d9f1c0-7130-4277-8a35-add537f65258@group-4852EC3216F1-StateMachineUpdater] INFO  impl.StateMachineUpdater (StateMachineUpdater.java:lambda$new$0(89)) - 39d9f1c0-7130-4277-8a35-add537f65258@group-4852EC3216F1-StateMachineUpdater: snapshotIndex: updateIncreasingly -1 -> 0
2022-03-02 21:34:21,522 [Listener at 127.0.0.1/33667] INFO  server.RaftServer$Division (ServerState.java:close(419)) - 39d9f1c0-7130-4277-8a35-add537f65258@group-4852EC3216F1: closes. applyIndex: 0
2022-03-02 21:34:21,522 [39d9f1c0-7130-4277-8a35-add537f65258@group-4852EC3216F1-SegmentedRaftLogWorker] INFO  segmented.SegmentedRaftLogWorker (SegmentedRaftLogWorker.java:run(327)) - 39d9f1c0-7130-4277-8a35-add537f65258@group-4852EC3216F1-SegmentedRaftLogWorker was interrupted, exiting. There are 0 tasks remaining in the queue.
2022-03-02 21:34:21,522 [Listener at 127.0.0.1/33667] INFO  segmented.SegmentedRaftLogWorker (SegmentedRaftLogWorker.java:close(237)) - 39d9f1c0-7130-4277-8a35-add537f65258@group-4852EC3216F1-SegmentedRaftLogWorker close()
2022-03-02 21:34:21,522 [Listener at 127.0.0.1/33667] INFO  server.GrpcService (GrpcService.java:closeImpl(262)) - 39d9f1c0-7130-4277-8a35-add537f65258: shutdown server with port 33025 now
2022-03-02 21:34:21,539 [grpc-default-executor-0] WARN  server.GrpcServerProtocolService (LogUtils.java:warn(122)) - 39d9f1c0-7130-4277-8a35-add537f65258: installSnapshot onError, lastRequest: ff1229b5-7bf6-42b1-a70d-3d6d5a94de90->39d9f1c0-7130-4277-8a35-add537f65258#1-t2,previous=(t:0, i:0),leaderCommit=-1,initializing? true,entries: size=1, first=(t:2, i:0), CONFIGURATIONENTRY: org.apache.ratis.thirdparty.io.grpc.StatusRuntimeException: CANCELLED: client cancelled
2022-03-02 21:34:21,539 [grpc-default-executor-2] WARN  server.GrpcServerProtocolService (LogUtils.java:warn(122)) - 39d9f1c0-7130-4277-8a35-add537f65258: installSnapshot onError, lastRequest: 269e0ee6-c833-446d-a842-94c77dd867fd->39d9f1c0-7130-4277-8a35-add537f65258#1-t1,previous=(t:0, i:0),leaderCommit=0,initializing? true,entries: size=1, first=(t:1, i:0), CONFIGURATIONENTRY: org.apache.ratis.thirdparty.io.grpc.StatusRuntimeException: CANCELLED: client cancelled
2022-03-02 21:34:21,569 [ForkJoinPool.commonPool-worker-1] INFO  server.GrpcService (GrpcService.java:closeImpl(271)) - cdd5360e-d849-4e2b-b62b-b70fbd73a7e1: shutdown server with port 36141 successfully
2022-03-02 21:34:21,569 [Listener at 127.0.0.1/33667] INFO  server.GrpcService (GrpcService.java:closeImpl(271)) - 39d9f1c0-7130-4277-8a35-add537f65258: shutdown server with port 33025 successfully
2022-03-02 21:34:21,570 [org.apache.ratis.util.JvmPauseMonitor$$Lambda$431/1455743440@2f218b6c] INFO  util.JvmPauseMonitor (JvmPauseMonitor.java:run(109)) - JvmPauseMonitor-cdd5360e-d849-4e2b-b62b-b70fbd73a7e1: Stopped
2022-03-02 21:34:21,570 [org.apache.ratis.util.JvmPauseMonitor$$Lambda$431/1455743440@114bc117] INFO  util.JvmPauseMonitor (JvmPauseMonitor.java:run(109)) - JvmPauseMonitor-39d9f1c0-7130-4277-8a35-add537f65258: Stopped
2022-03-02 21:34:21,571 [grpc-default-executor-5] WARN  server.GrpcLogAppender (LogUtils.java:warn(122)) - 269e0ee6-c833-446d-a842-94c77dd867fd@group-B508C26EB33E->39d9f1c0-7130-4277-8a35-add537f65258-AppendLogResponseHandler: Failed appendEntries: org.apache.ratis.thirdparty.io.grpc.StatusRuntimeException: CANCELLED: HTTP/2 error code: CANCEL
Received Rst Stream
2022-03-02 21:34:21,571 [grpc-default-executor-5] WARN  server.GrpcLogAppender (GrpcLogAppender.java:resetClient(110)) - 269e0ee6-c833-446d-a842-94c77dd867fd@group-B508C26EB33E->39d9f1c0-7130-4277-8a35-add537f65258-GrpcLogAppender: Leader has not got in touch with Follower 269e0ee6-c833-446d-a842-94c77dd867fd@group-B508C26EB33E->39d9f1c0-7130-4277-8a35-add537f65258(c0,m0,n1, attendVote=true, lastRpcSendTime=636, lastRpcResponseTime=600) yet, just keep nextIndex unchanged and retry.
2022-03-02 21:34:21,571 [grpc-default-executor-2] WARN  server.GrpcLogAppender (LogUtils.java:warn(122)) - ff1229b5-7bf6-42b1-a70d-3d6d5a94de90@group-F48392E64407->39d9f1c0-7130-4277-8a35-add537f65258-AppendLogResponseHandler: Failed appendEntries: org.apache.ratis.thirdparty.io.grpc.StatusRuntimeException: CANCELLED: HTTP/2 error code: CANCEL
Received Rst Stream
2022-03-02 21:34:21,571 [grpc-default-executor-2] WARN  server.GrpcLogAppender (GrpcLogAppender.java:resetClient(110)) - ff1229b5-7bf6-42b1-a70d-3d6d5a94de90@group-F48392E64407->39d9f1c0-7130-4277-8a35-add537f65258-GrpcLogAppender: Leader has not got in touch with Follower ff1229b5-7bf6-42b1-a70d-3d6d5a94de90@group-F48392E64407->39d9f1c0-7130-4277-8a35-add537f65258(c0,m0,n1, attendVote=true, lastRpcSendTime=850, lastRpcResponseTime=849) yet, just keep nextIndex unchanged and retry.
2022-03-02 21:34:21,585 [176cdbad-2e78-4d65-9cb6-df82a020a3cb@group-B24374D265BF-FollowerState] INFO  impl.FollowerState (FollowerState.java:run(134)) - 176cdbad-2e78-4d65-9cb6-df82a020a3cb@group-B24374D265BF-FollowerState: change to CANDIDATE, lastRpcElapsedTime:5026330475ns, electionTimeout:5014ms
2022-03-02 21:34:21,585 [176cdbad-2e78-4d65-9cb6-df82a020a3cb@group-B24374D265BF-FollowerState] INFO  impl.RoleInfo (RoleInfo.java:shutdownFollowerState(108)) - 176cdbad-2e78-4d65-9cb6-df82a020a3cb: shutdown 176cdbad-2e78-4d65-9cb6-df82a020a3cb@group-B24374D265BF-FollowerState
2022-03-02 21:34:21,585 [176cdbad-2e78-4d65-9cb6-df82a020a3cb@group-B24374D265BF-FollowerState] INFO  server.RaftServer$Division (RaftServerImpl.java:setRole(290)) - 176cdbad-2e78-4d65-9cb6-df82a020a3cb@group-B24374D265BF: changes role from  FOLLOWER to CANDIDATE at term 0 for changeToCandidate
2022-03-02 21:34:21,585 [176cdbad-2e78-4d65-9cb6-df82a020a3cb@group-B24374D265BF-FollowerState] INFO  server.RaftServerConfigKeys (ConfUtils.java:logGet(44)) - raft.server.leaderelection.pre-vote = false (custom)
2022-03-02 21:34:21,585 [176cdbad-2e78-4d65-9cb6-df82a020a3cb@group-B24374D265BF-FollowerState] INFO  impl.RoleInfo (RoleInfo.java:updateAndGet(130)) - 176cdbad-2e78-4d65-9cb6-df82a020a3cb: start 176cdbad-2e78-4d65-9cb6-df82a020a3cb@group-B24374D265BF-LeaderElection108
2022-03-02 21:34:21,639 [176cdbad-2e78-4d65-9cb6-df82a020a3cb@group-B24374D265BF-LeaderElection108] INFO  impl.LeaderElection (LeaderElection.java:askForVotes(306)) - 176cdbad-2e78-4d65-9cb6-df82a020a3cb@group-B24374D265BF-LeaderElection108 ELECTION round 0: submit vote requests at term 1 for -1: [176cdbad-2e78-4d65-9cb6-df82a020a3cb|rpc:10.1.0.35:36905|priority:0, cdd5360e-d849-4e2b-b62b-b70fbd73a7e1|rpc:10.1.0.35:36141|priority:1, 06306a50-9ba9-4128-94e0-55d591e142a1|rpc:10.1.0.35:42445|priority:0], old=null
2022-03-02 21:34:21,695 [grpc-default-executor-2] INFO  server.RaftServer$Division (RaftServerImpl.java:requestVote(1046)) - 06306a50-9ba9-4128-94e0-55d591e142a1@group-B24374D265BF: receive requestVote(ELECTION, 176cdbad-2e78-4d65-9cb6-df82a020a3cb, group-B24374D265BF, 1, (t:0, i:0))
2022-03-02 21:34:21,695 [grpc-default-executor-2] INFO  impl.VoteContext (VoteContext.java:log(48)) - 06306a50-9ba9-4128-94e0-55d591e142a1@group-B24374D265BF-FOLLOWER: accept ELECTION from 176cdbad-2e78-4d65-9cb6-df82a020a3cb: our priority 0 <= candidate's priority 0
2022-03-02 21:34:21,695 [grpc-default-executor-2] INFO  server.RaftServer$Division (RaftServerImpl.java:setRole(290)) - 06306a50-9ba9-4128-94e0-55d591e142a1@group-B24374D265BF: changes role from  FOLLOWER to FOLLOWER at term 1 for candidate:176cdbad-2e78-4d65-9cb6-df82a020a3cb
2022-03-02 21:34:21,695 [grpc-default-executor-2] INFO  impl.RoleInfo (RoleInfo.java:shutdownFollowerState(108)) - 06306a50-9ba9-4128-94e0-55d591e142a1: shutdown 06306a50-9ba9-4128-94e0-55d591e142a1@group-B24374D265BF-FollowerState
2022-03-02 21:34:21,695 [grpc-default-executor-2] INFO  impl.RoleInfo (RoleInfo.java:updateAndGet(130)) - 06306a50-9ba9-4128-94e0-55d591e142a1: start 06306a50-9ba9-4128-94e0-55d591e142a1@group-B24374D265BF-FollowerState
2022-03-02 21:34:21,696 [06306a50-9ba9-4128-94e0-55d591e142a1@group-B24374D265BF-FollowerState] INFO  impl.FollowerState (FollowerState.java:run(143)) - 06306a50-9ba9-4128-94e0-55d591e142a1@group-B24374D265BF-FollowerState was interrupted: {}
java.lang.InterruptedException: sleep interrupted
	at java.lang.Thread.sleep(Native Method)
	at java.lang.Thread.sleep(Thread.java:342)
	at java.util.concurrent.TimeUnit.sleep(TimeUnit.java:386)
	at org.apache.ratis.util.TimeDuration.sleep(TimeDuration.java:324)
	at org.apache.ratis.util.TimeDuration.sleep(TimeDuration.java:309)
	at org.apache.ratis.server.impl.FollowerState.run(FollowerState.java:118)
2022-03-02 21:34:21,714 [grpc-default-executor-2] INFO  server.RaftServer$Division (RaftServerImpl.java:requestVote(1078)) - 06306a50-9ba9-4128-94e0-55d591e142a1@group-B24374D265BF replies to ELECTION vote request: 176cdbad-2e78-4d65-9cb6-df82a020a3cb<-06306a50-9ba9-4128-94e0-55d591e142a1#0:OK-t1. Peer's state: 06306a50-9ba9-4128-94e0-55d591e142a1@group-B24374D265BF:t1, leader=null, voted=176cdbad-2e78-4d65-9cb6-df82a020a3cb, raftlog=06306a50-9ba9-4128-94e0-55d591e142a1@group-B24374D265BF-SegmentedRaftLog:OPENED:c-1, conf=-1: [176cdbad-2e78-4d65-9cb6-df82a020a3cb|rpc:10.1.0.35:36905|dataStream:|priority:0, cdd5360e-d849-4e2b-b62b-b70fbd73a7e1|rpc:10.1.0.35:36141|dataStream:|priority:1, 06306a50-9ba9-4128-94e0-55d591e142a1|rpc:10.1.0.35:42445|dataStream:|priority:0], old=null
2022-03-02 21:34:21,715 [176cdbad-2e78-4d65-9cb6-df82a020a3cb@group-B24374D265BF-LeaderElection108] INFO  impl.LeaderElection (LogUtils.java:infoOrTrace(137)) - 176cdbad-2e78-4d65-9cb6-df82a020a3cb@group-B24374D265BF-LeaderElection108 got exception when requesting votes: java.util.concurrent.ExecutionException: org.apache.ratis.thirdparty.io.grpc.StatusRuntimeException: UNAVAILABLE: io exception
2022-03-02 21:34:21,743 [176cdbad-2e78-4d65-9cb6-df82a020a3cb@group-B24374D265BF-LeaderElection108] INFO  impl.LeaderElection (LeaderElection.java:logAndReturn(89)) - 176cdbad-2e78-4d65-9cb6-df82a020a3cb@group-B24374D265BF-LeaderElection108: ELECTION PASSED received 1 response(s) and 1 exception(s):
2022-03-02 21:34:21,743 [176cdbad-2e78-4d65-9cb6-df82a020a3cb@group-B24374D265BF-LeaderElection108] INFO  impl.LeaderElection (LeaderElection.java:logAndReturn(93)) -   Response 0: 176cdbad-2e78-4d65-9cb6-df82a020a3cb<-06306a50-9ba9-4128-94e0-55d591e142a1#0:OK-t1
2022-03-02 21:34:21,743 [176cdbad-2e78-4d65-9cb6-df82a020a3cb@group-B24374D265BF-LeaderElection108] INFO  impl.LeaderElection (LogUtils.java:infoOrTrace(137)) -   Exception 1: java.util.concurrent.ExecutionException: org.apache.ratis.thirdparty.io.grpc.StatusRuntimeException: UNAVAILABLE: io exception
2022-03-02 21:34:21,743 [176cdbad-2e78-4d65-9cb6-df82a020a3cb@group-B24374D265BF-LeaderElection108] INFO  impl.LeaderElection (LeaderElection.java:askForVotes(308)) - 176cdbad-2e78-4d65-9cb6-df82a020a3cb@group-B24374D265BF-LeaderElection108 ELECTION round 0: result PASSED
2022-03-02 21:34:21,743 [176cdbad-2e78-4d65-9cb6-df82a020a3cb@group-B24374D265BF-LeaderElection108] INFO  impl.RoleInfo (RoleInfo.java:shutdownLeaderElection(121)) - 176cdbad-2e78-4d65-9cb6-df82a020a3cb: shutdown 176cdbad-2e78-4d65-9cb6-df82a020a3cb@group-B24374D265BF-LeaderElection108
2022-03-02 21:34:21,743 [176cdbad-2e78-4d65-9cb6-df82a020a3cb@group-B24374D265BF-LeaderElection108] INFO  server.RaftServer$Division (RaftServerImpl.java:setRole(290)) - 176cdbad-2e78-4d65-9cb6-df82a020a3cb@group-B24374D265BF: changes role from CANDIDATE to LEADER at term 1 for changeToLeader
2022-03-02 21:34:21,743 [176cdbad-2e78-4d65-9cb6-df82a020a3cb@group-B24374D265BF-LeaderElection108] INFO  ratis.XceiverServerRatis (XceiverServerRatis.java:handleLeaderChangedNotification(867)) - Leader change notification received for group: group-B24374D265BF with new leaderId: 176cdbad-2e78-4d65-9cb6-df82a020a3cb
2022-03-02 21:34:21,743 [176cdbad-2e78-4d65-9cb6-df82a020a3cb@group-B24374D265BF-LeaderElection108] INFO  server.RaftServer$Division (ServerState.java:setLeader(285)) - 176cdbad-2e78-4d65-9cb6-df82a020a3cb@group-B24374D265BF: change Leader from null to 176cdbad-2e78-4d65-9cb6-df82a020a3cb at term 1 for becomeLeader, leader elected after 5218ms
2022-03-02 21:34:21,743 [176cdbad-2e78-4d65-9cb6-df82a020a3cb@group-B24374D265BF-LeaderElection108] INFO  server.RaftServerConfigKeys (ConfUtils.java:logGet(44)) - raft.server.staging.catchup.gap = 1000 (default)
2022-03-02 21:34:21,744 [176cdbad-2e78-4d65-9cb6-df82a020a3cb@group-B24374D265BF-LeaderElection108] INFO  server.RaftServerConfigKeys (ConfUtils.java:logGet(44)) - raft.server.write.element-limit = 1024 (custom)
2022-03-02 21:34:21,744 [176cdbad-2e78-4d65-9cb6-df82a020a3cb@group-B24374D265BF-LeaderElection108] INFO  server.RaftServerConfigKeys (ConfUtils.java:logGet(44)) - raft.server.write.byte-limit = 1024 M (=1073741824) (custom)
2022-03-02 21:34:21,744 [176cdbad-2e78-4d65-9cb6-df82a020a3cb@group-B24374D265BF-LeaderElection108] INFO  server.RaftServerConfigKeys (ConfUtils.java:logGet(44)) - raft.server.watch.timeout = 3000ms (custom)
2022-03-02 21:34:21,744 [176cdbad-2e78-4d65-9cb6-df82a020a3cb@group-B24374D265BF-LeaderElection108] INFO  server.RaftServerConfigKeys (ConfUtils.java:logGet(44)) - raft.server.watch.timeout.denomination = 1s (default)
2022-03-02 21:34:21,744 [176cdbad-2e78-4d65-9cb6-df82a020a3cb@group-B24374D265BF-LeaderElection108] INFO  server.RaftServerConfigKeys (ConfUtils.java:logGet(44)) - raft.server.watch.element-limit = 65536 (default)
2022-03-02 21:34:21,744 [176cdbad-2e78-4d65-9cb6-df82a020a3cb@group-B24374D265BF-LeaderElection108] INFO  server.RaftServerConfigKeys (ConfUtils.java:logGet(44)) - raft.server.write.element-limit = 1024 (custom)
2022-03-02 21:34:21,744 [176cdbad-2e78-4d65-9cb6-df82a020a3cb@group-B24374D265BF-LeaderElection108] INFO  server.RaftServerConfigKeys (ConfUtils.java:logGet(44)) - raft.server.write.follower.gap.ratio.max = -1.0 (default)
2022-03-02 21:34:21,744 [176cdbad-2e78-4d65-9cb6-df82a020a3cb@group-B24374D265BF-LeaderElection108] INFO  server.RaftServerConfigKeys (ConfUtils.java:logGet(44)) - raft.server.log.appender.snapshot.chunk.size.max = 16MB (=16777216) (default)
2022-03-02 21:34:21,744 [176cdbad-2e78-4d65-9cb6-df82a020a3cb@group-B24374D265BF-LeaderElection108] INFO  server.RaftServerConfigKeys (ConfUtils.java:logGet(44)) - raft.server.log.appender.buffer.byte-limit = 33554432 (custom)
2022-03-02 21:34:21,744 [176cdbad-2e78-4d65-9cb6-df82a020a3cb@group-B24374D265BF-LeaderElection108] INFO  server.RaftServerConfigKeys (ConfUtils.java:logGet(44)) - raft.server.log.appender.buffer.element-limit = 1 (custom)
2022-03-02 21:34:21,744 [176cdbad-2e78-4d65-9cb6-df82a020a3cb@group-B24374D265BF-LeaderElection108] INFO  grpc.GrpcConfigKeys (ConfUtils.java:logGet(44)) - raft.grpc.server.leader.outstanding.appends.max = 128 (default)
2022-03-02 21:34:21,744 [176cdbad-2e78-4d65-9cb6-df82a020a3cb@group-B24374D265BF-LeaderElection108] INFO  server.RaftServerConfigKeys (ConfUtils.java:logGet(44)) - raft.server.rpc.request.timeout = 3000ms (default)
2022-03-02 21:34:21,744 [176cdbad-2e78-4d65-9cb6-df82a020a3cb@group-B24374D265BF-LeaderElection108] INFO  server.RaftServerConfigKeys (ConfUtils.java:logGet(44)) - raft.server.log.appender.install.snapshot.enabled = false (custom)
2022-03-02 21:34:21,746 [176cdbad-2e78-4d65-9cb6-df82a020a3cb@group-B24374D265BF-LeaderElection108] INFO  server.RaftServerConfigKeys (ConfUtils.java:logGet(44)) - raft.server.log.appender.snapshot.chunk.size.max = 16MB (=16777216) (default)
2022-03-02 21:34:21,746 [176cdbad-2e78-4d65-9cb6-df82a020a3cb@group-B24374D265BF-LeaderElection108] INFO  server.RaftServerConfigKeys (ConfUtils.java:logGet(44)) - raft.server.log.appender.buffer.byte-limit = 33554432 (custom)
2022-03-02 21:34:21,746 [176cdbad-2e78-4d65-9cb6-df82a020a3cb@group-B24374D265BF-LeaderElection108] INFO  server.RaftServerConfigKeys (ConfUtils.java:logGet(44)) - raft.server.log.appender.buffer.element-limit = 1 (custom)
2022-03-02 21:34:21,746 [176cdbad-2e78-4d65-9cb6-df82a020a3cb@group-B24374D265BF-LeaderElection108] INFO  grpc.GrpcConfigKeys (ConfUtils.java:logGet(44)) - raft.grpc.server.leader.outstanding.appends.max = 128 (default)
2022-03-02 21:34:21,746 [176cdbad-2e78-4d65-9cb6-df82a020a3cb@group-B24374D265BF-LeaderElection108] INFO  server.RaftServerConfigKeys (ConfUtils.java:logGet(44)) - raft.server.rpc.request.timeout = 3000ms (default)
2022-03-02 21:34:21,746 [176cdbad-2e78-4d65-9cb6-df82a020a3cb@group-B24374D265BF-LeaderElection108] INFO  server.RaftServerConfigKeys (ConfUtils.java:logGet(44)) - raft.server.log.appender.install.snapshot.enabled = false (custom)
2022-03-02 21:34:21,747 [176cdbad-2e78-4d65-9cb6-df82a020a3cb@group-B24374D265BF-LeaderElection108] INFO  impl.RoleInfo (RoleInfo.java:updateAndGet(130)) - 176cdbad-2e78-4d65-9cb6-df82a020a3cb: start 176cdbad-2e78-4d65-9cb6-df82a020a3cb@group-B24374D265BF-LeaderStateImpl
2022-03-02 21:34:21,748 [176cdbad-2e78-4d65-9cb6-df82a020a3cb@group-B24374D265BF-LeaderElection108] INFO  segmented.SegmentedRaftLogWorker (SegmentedRaftLogWorker.java:startLogSegment(394)) - 176cdbad-2e78-4d65-9cb6-df82a020a3cb@group-B24374D265BF-SegmentedRaftLogWorker: Starting segment from index:0
2022-03-02 21:34:21,749 [176cdbad-2e78-4d65-9cb6-df82a020a3cb@group-B24374D265BF-SegmentedRaftLogWorker] INFO  segmented.SegmentedRaftLogWorker (SegmentedRaftLogWorker.java:execute(601)) - 176cdbad-2e78-4d65-9cb6-df82a020a3cb@group-B24374D265BF-SegmentedRaftLogWorker: created new log segment /home/runner/work/ozone/ozone/hadoop-ozone/integration-test/target/test-dir/MiniOzoneClusterImpl-f745d883-409d-4598-9a00-e779d9019c18/datanode-6/data/ratis/5087f059-a113-4b89-88cc-b24374d265bf/current/log_inprogress_0
2022-03-02 21:34:21,857 [176cdbad-2e78-4d65-9cb6-df82a020a3cb@group-B24374D265BF-LeaderElection108] INFO  server.RaftServer$Division (ServerState.java:setRaftConf(387)) - 176cdbad-2e78-4d65-9cb6-df82a020a3cb@group-B24374D265BF: set configuration 0: [176cdbad-2e78-4d65-9cb6-df82a020a3cb|rpc:10.1.0.35:36905|dataStream:|priority:0, cdd5360e-d849-4e2b-b62b-b70fbd73a7e1|rpc:10.1.0.35:36141|dataStream:|priority:1, 06306a50-9ba9-4128-94e0-55d591e142a1|rpc:10.1.0.35:42445|dataStream:|priority:0], old=null
2022-03-02 21:34:21,890 [grpc-default-executor-5] INFO  ratis.XceiverServerRatis (XceiverServerRatis.java:handleLeaderChangedNotification(867)) - Leader change notification received for group: group-B24374D265BF with new leaderId: 176cdbad-2e78-4d65-9cb6-df82a020a3cb
2022-03-02 21:34:21,890 [grpc-default-executor-5] INFO  server.RaftServer$Division (ServerState.java:setLeader(285)) - 06306a50-9ba9-4128-94e0-55d591e142a1@group-B24374D265BF: change Leader from null to 176cdbad-2e78-4d65-9cb6-df82a020a3cb at term 1 for appendEntries, leader elected after 5238ms
2022-03-02 21:34:21,890 [grpc-default-executor-2] WARN  server.GrpcLogAppender (LogUtils.java:warn(122)) - 176cdbad-2e78-4d65-9cb6-df82a020a3cb@group-B24374D265BF->cdd5360e-d849-4e2b-b62b-b70fbd73a7e1-AppendLogResponseHandler: Failed appendEntries: org.apache.ratis.thirdparty.io.grpc.StatusRuntimeException: UNAVAILABLE: io exception
2022-03-02 21:34:21,916 [grpc-default-executor-2] WARN  server.GrpcLogAppender (GrpcLogAppender.java:resetClient(110)) - 176cdbad-2e78-4d65-9cb6-df82a020a3cb@group-B24374D265BF->cdd5360e-d849-4e2b-b62b-b70fbd73a7e1-GrpcLogAppender: Leader has not got in touch with Follower 176cdbad-2e78-4d65-9cb6-df82a020a3cb@group-B24374D265BF->cdd5360e-d849-4e2b-b62b-b70fbd73a7e1(c-1,m0,n1, attendVote=true, lastRpcSendTime=0, lastRpcResponseTime=5372) yet, just keep nextIndex unchanged and retry.
2022-03-02 21:34:21,935 [grpc-default-executor-5] INFO  server.RaftServer$Division (ServerState.java:setRaftConf(387)) - 06306a50-9ba9-4128-94e0-55d591e142a1@group-B24374D265BF: set configuration 0: [176cdbad-2e78-4d65-9cb6-df82a020a3cb|rpc:10.1.0.35:36905|dataStream:|priority:0, cdd5360e-d849-4e2b-b62b-b70fbd73a7e1|rpc:10.1.0.35:36141|dataStream:|priority:1, 06306a50-9ba9-4128-94e0-55d591e142a1|rpc:10.1.0.35:42445|dataStream:|priority:0], old=null
2022-03-02 21:34:21,935 [grpc-default-executor-5] INFO  segmented.SegmentedRaftLogWorker (SegmentedRaftLogWorker.java:startLogSegment(394)) - 06306a50-9ba9-4128-94e0-55d591e142a1@group-B24374D265BF-SegmentedRaftLogWorker: Starting segment from index:0
2022-03-02 21:34:21,943 [06306a50-9ba9-4128-94e0-55d591e142a1@group-B24374D265BF-SegmentedRaftLogWorker] INFO  segmented.SegmentedRaftLogWorker (SegmentedRaftLogWorker.java:execute(601)) - 06306a50-9ba9-4128-94e0-55d591e142a1@group-B24374D265BF-SegmentedRaftLogWorker: created new log segment /home/runner/work/ozone/ozone/hadoop-ozone/integration-test/target/test-dir/MiniOzoneClusterImpl-f745d883-409d-4598-9a00-e779d9019c18/datanode-0/data/ratis/5087f059-a113-4b89-88cc-b24374d265bf/current/log_inprogress_0
2022-03-02 21:34:23,234 [grpc-default-executor-5] WARN  server.GrpcLogAppender (LogUtils.java:warn(122)) - ff1229b5-7bf6-42b1-a70d-3d6d5a94de90@group-F48392E64407->39d9f1c0-7130-4277-8a35-add537f65258-AppendLogResponseHandler: Failed appendEntries: org.apache.ratis.thirdparty.io.grpc.StatusRuntimeException: UNAVAILABLE: io exception
2022-03-02 21:34:23,235 [grpc-default-executor-5] WARN  server.GrpcLogAppender (GrpcLogAppender.java:resetClient(110)) - ff1229b5-7bf6-42b1-a70d-3d6d5a94de90@group-F48392E64407->39d9f1c0-7130-4277-8a35-add537f65258-GrpcLogAppender: Leader has not got in touch with Follower ff1229b5-7bf6-42b1-a70d-3d6d5a94de90@group-F48392E64407->39d9f1c0-7130-4277-8a35-add537f65258(c0,m0,n1, attendVote=true, lastRpcSendTime=2514, lastRpcResponseTime=2513) yet, just keep nextIndex unchanged and retry.
2022-03-02 21:34:23,478 [grpc-default-executor-2] WARN  server.GrpcLogAppender (LogUtils.java:warn(122)) - 269e0ee6-c833-446d-a842-94c77dd867fd@group-B508C26EB33E->39d9f1c0-7130-4277-8a35-add537f65258-AppendLogResponseHandler: Failed appendEntries: org.apache.ratis.thirdparty.io.grpc.StatusRuntimeException: UNAVAILABLE: io exception
2022-03-02 21:34:23,478 [grpc-default-executor-2] WARN  server.GrpcLogAppender (GrpcLogAppender.java:resetClient(110)) - 269e0ee6-c833-446d-a842-94c77dd867fd@group-B508C26EB33E->39d9f1c0-7130-4277-8a35-add537f65258-GrpcLogAppender: Leader has not got in touch with Follower 269e0ee6-c833-446d-a842-94c77dd867fd@group-B508C26EB33E->39d9f1c0-7130-4277-8a35-add537f65258(c0,m0,n1, attendVote=true, lastRpcSendTime=7, lastRpcResponseTime=2507) yet, just keep nextIndex unchanged and retry.
2022-03-02 21:34:23,652 [Listener at 127.0.0.1/33667] INFO  utils.BackgroundService (BackgroundService.java:shutdown(132)) - Shutting down service BlockDeletingService
2022-03-02 21:34:23,694 [ForkJoinPool.commonPool-worker-1] INFO  utils.BackgroundService (BackgroundService.java:shutdown(132)) - Shutting down service BlockDeletingService
2022-03-02 21:34:24,471 [grpc-default-executor-2] WARN  server.GrpcLogAppender (LogUtils.java:warn(122)) - 176cdbad-2e78-4d65-9cb6-df82a020a3cb@group-B24374D265BF->cdd5360e-d849-4e2b-b62b-b70fbd73a7e1-AppendLogResponseHandler: Failed appendEntries: org.apache.ratis.thirdparty.io.grpc.StatusRuntimeException: UNAVAILABLE: io exception
2022-03-02 21:34:24,471 [grpc-default-executor-2] WARN  server.GrpcLogAppender (GrpcLogAppender.java:resetClient(110)) - 176cdbad-2e78-4d65-9cb6-df82a020a3cb@group-B24374D265BF->cdd5360e-d849-4e2b-b62b-b70fbd73a7e1-GrpcLogAppender: Leader has not got in touch with Follower 176cdbad-2e78-4d65-9cb6-df82a020a3cb@group-B24374D265BF->cdd5360e-d849-4e2b-b62b-b70fbd73a7e1(c-1,m0,n1, attendVote=true, lastRpcSendTime=0, lastRpcResponseTime=7926) yet, just keep nextIndex unchanged and retry.
2022-03-02 21:34:25,665 [EventQueue-StaleNodeForStaleNodeHandler] INFO  node.StaleNodeHandler (StaleNodeHandler.java:onMessage(58)) - Datanode 39d9f1c0-7130-4277-8a35-add537f65258{ip: 10.1.0.35, host: fv-az294-754.eaanfquahm5ulb5tj050gcxych.jx.internal.cloudapp.net, ports: [REPLICATION=38181, RATIS=33025, RATIS_ADMIN=33025, RATIS_SERVER=33025, STANDALONE=35701], networkLocation: /default-rack, certSerialId: null, persistedOpState: IN_SERVICE, persistedOpStateExpiryEpochSec: 0} moved to stale state. Finalizing its pipelines [PipelineID=05406b00-ca93-4bb6-90f5-f48392e64407, PipelineID=7222150f-7630-4924-8d62-4c98e9f0fd07, PipelineID=a3d558d9-1de6-4c21-bf95-b508c26eb33e, PipelineID=3c063f8f-7428-4df5-839f-4852ec3216f1]
2022-03-02 21:34:25,668 [EventQueue-StaleNodeForStaleNodeHandler] INFO  pipeline.PipelineManagerImpl (PipelineManagerImpl.java:closePipeline(365)) - Pipeline Pipeline[ Id: 05406b00-ca93-4bb6-90f5-f48392e64407, Nodes: ff1229b5-7bf6-42b1-a70d-3d6d5a94de90{ip: 10.1.0.35, host: fv-az294-754.eaanfquahm5ulb5tj050gcxych.jx.internal.cloudapp.net, ports: [REPLICATION=43603, RATIS=32847, RATIS_ADMIN=32847, RATIS_SERVER=32847, STANDALONE=40363], networkLocation: /default-rack, certSerialId: null, persistedOpState: IN_SERVICE, persistedOpStateExpiryEpochSec: 0}39d9f1c0-7130-4277-8a35-add537f65258{ip: 10.1.0.35, host: fv-az294-754.eaanfquahm5ulb5tj050gcxych.jx.internal.cloudapp.net, ports: [REPLICATION=38181, RATIS=33025, RATIS_ADMIN=33025, RATIS_SERVER=33025, STANDALONE=35701], networkLocation: /default-rack, certSerialId: null, persistedOpState: IN_SERVICE, persistedOpStateExpiryEpochSec: 0}269e0ee6-c833-446d-a842-94c77dd867fd{ip: 10.1.0.35, host: fv-az294-754.eaanfquahm5ulb5tj050gcxych.jx.internal.cloudapp.net, ports: [REPLICATION=40569, RATIS=35541, RATIS_ADMIN=35541, RATIS_SERVER=35541, STANDALONE=36115], networkLocation: /default-rack, certSerialId: null, persistedOpState: IN_SERVICE, persistedOpStateExpiryEpochSec: 0}, ReplicationConfig: RATIS/THREE, State:OPEN, leaderId:ff1229b5-7bf6-42b1-a70d-3d6d5a94de90, CreationTimestamp2022-03-02T21:33:19.973Z[Etc/UTC]] moved to CLOSED state
2022-03-02 21:34:25,670 [EventQueue-StaleNodeForStaleNodeHandler] INFO  pipeline.PipelineManagerImpl (PipelineManagerImpl.java:closePipeline(365)) - Pipeline Pipeline[ Id: 7222150f-7630-4924-8d62-4c98e9f0fd07, Nodes: ff1229b5-7bf6-42b1-a70d-3d6d5a94de90{ip: 10.1.0.35, host: fv-az294-754.eaanfquahm5ulb5tj050gcxych.jx.internal.cloudapp.net, ports: [REPLICATION=43603, RATIS=32847, RATIS_ADMIN=32847, RATIS_SERVER=32847, STANDALONE=40363], networkLocation: /default-rack, certSerialId: null, persistedOpState: IN_SERVICE, persistedOpStateExpiryEpochSec: 0}269e0ee6-c833-446d-a842-94c77dd867fd{ip: 10.1.0.35, host: fv-az294-754.eaanfquahm5ulb5tj050gcxych.jx.internal.cloudapp.net, ports: [REPLICATION=40569, RATIS=35541, RATIS_ADMIN=35541, RATIS_SERVER=35541, STANDALONE=36115], networkLocation: /default-rack, certSerialId: null, persistedOpState: IN_SERVICE, persistedOpStateExpiryEpochSec: 0}39d9f1c0-7130-4277-8a35-add537f65258{ip: 10.1.0.35, host: fv-az294-754.eaanfquahm5ulb5tj050gcxych.jx.internal.cloudapp.net, ports: [REPLICATION=38181, RATIS=33025, RATIS_ADMIN=33025, RATIS_SERVER=33025, STANDALONE=35701], networkLocation: /default-rack, certSerialId: null, persistedOpState: IN_SERVICE, persistedOpStateExpiryEpochSec: 0}, ReplicationConfig: RATIS/THREE, State:OPEN, leaderId:39d9f1c0-7130-4277-8a35-add537f65258, CreationTimestamp2022-03-02T21:33:19.967Z[Etc/UTC]] moved to CLOSED state
2022-03-02 21:34:25,672 [EventQueue-StaleNodeForStaleNodeHandler] INFO  pipeline.PipelineManagerImpl (PipelineManagerImpl.java:closePipeline(365)) - Pipeline Pipeline[ Id: a3d558d9-1de6-4c21-bf95-b508c26eb33e, Nodes: 39d9f1c0-7130-4277-8a35-add537f65258{ip: 10.1.0.35, host: fv-az294-754.eaanfquahm5ulb5tj050gcxych.jx.internal.cloudapp.net, ports: [REPLICATION=38181, RATIS=33025, RATIS_ADMIN=33025, RATIS_SERVER=33025, STANDALONE=35701], networkLocation: /default-rack, certSerialId: null, persistedOpState: IN_SERVICE, persistedOpStateExpiryEpochSec: 0}ff1229b5-7bf6-42b1-a70d-3d6d5a94de90{ip: 10.1.0.35, host: fv-az294-754.eaanfquahm5ulb5tj050gcxych.jx.internal.cloudapp.net, ports: [REPLICATION=43603, RATIS=32847, RATIS_ADMIN=32847, RATIS_SERVER=32847, STANDALONE=40363], networkLocation: /default-rack, certSerialId: null, persistedOpState: IN_SERVICE, persistedOpStateExpiryEpochSec: 0}269e0ee6-c833-446d-a842-94c77dd867fd{ip: 10.1.0.35, host: fv-az294-754.eaanfquahm5ulb5tj050gcxych.jx.internal.cloudapp.net, ports: [REPLICATION=40569, RATIS=35541, RATIS_ADMIN=35541, RATIS_SERVER=35541, STANDALONE=36115], networkLocation: /default-rack, certSerialId: null, persistedOpState: IN_SERVICE, persistedOpStateExpiryEpochSec: 0}, ReplicationConfig: RATIS/THREE, State:OPEN, leaderId:269e0ee6-c833-446d-a842-94c77dd867fd, CreationTimestamp2022-03-02T21:33:19.974Z[Etc/UTC]] moved to CLOSED state
2022-03-02 21:34:25,673 [EventQueue-StaleNodeForStaleNodeHandler] INFO  pipeline.PipelineManagerImpl (PipelineManagerImpl.java:closePipeline(365)) - Pipeline Pipeline[ Id: 3c063f8f-7428-4df5-839f-4852ec3216f1, Nodes: 39d9f1c0-7130-4277-8a35-add537f65258{ip: 10.1.0.35, host: fv-az294-754.eaanfquahm5ulb5tj050gcxych.jx.internal.cloudapp.net, ports: [REPLICATION=38181, RATIS=33025, RATIS_ADMIN=33025, RATIS_SERVER=33025, STANDALONE=35701], networkLocation: /default-rack, certSerialId: null, persistedOpState: IN_SERVICE, persistedOpStateExpiryEpochSec: 0}, ReplicationConfig: RATIS/ONE, State:OPEN, leaderId:39d9f1c0-7130-4277-8a35-add537f65258, CreationTimestamp2022-03-02T21:33:19.106Z[Etc/UTC]] moved to CLOSED state
2022-03-02 21:34:25,751 [grpc-default-executor-2] WARN  server.GrpcLogAppender (LogUtils.java:warn(122)) - ff1229b5-7bf6-42b1-a70d-3d6d5a94de90@group-F48392E64407->39d9f1c0-7130-4277-8a35-add537f65258-AppendLogResponseHandler: Failed appendEntries: org.apache.ratis.thirdparty.io.grpc.StatusRuntimeException: UNAVAILABLE: io exception
2022-03-02 21:34:25,751 [grpc-default-executor-2] WARN  server.GrpcLogAppender (GrpcLogAppender.java:resetClient(110)) - ff1229b5-7bf6-42b1-a70d-3d6d5a94de90@group-F48392E64407->39d9f1c0-7130-4277-8a35-add537f65258-GrpcLogAppender: Leader has not got in touch with Follower ff1229b5-7bf6-42b1-a70d-3d6d5a94de90@group-F48392E64407->39d9f1c0-7130-4277-8a35-add537f65258(c0,m0,n1, attendVote=true, lastRpcSendTime=0, lastRpcResponseTime=5029) yet, just keep nextIndex unchanged and retry.
2022-03-02 21:34:25,983 [176cdbad-2e78-4d65-9cb6-df82a020a3cb@group-05C4B365625D-FollowerState] INFO  impl.FollowerState (FollowerState.java:run(134)) - 176cdbad-2e78-4d65-9cb6-df82a020a3cb@group-05C4B365625D-FollowerState: change to CANDIDATE, lastRpcElapsedTime:5018989193ns, electionTimeout:5000ms
2022-03-02 21:34:25,983 [176cdbad-2e78-4d65-9cb6-df82a020a3cb@group-05C4B365625D-FollowerState] INFO  impl.RoleInfo (RoleInfo.java:shutdownFollowerState(108)) - 176cdbad-2e78-4d65-9cb6-df82a020a3cb: shutdown 176cdbad-2e78-4d65-9cb6-df82a020a3cb@group-05C4B365625D-FollowerState
2022-03-02 21:34:25,983 [176cdbad-2e78-4d65-9cb6-df82a020a3cb@group-05C4B365625D-FollowerState] INFO  server.RaftServer$Division (RaftServerImpl.java:setRole(290)) - 176cdbad-2e78-4d65-9cb6-df82a020a3cb@group-05C4B365625D: changes role from  FOLLOWER to CANDIDATE at term 1 for changeToCandidate
2022-03-02 21:34:25,983 [176cdbad-2e78-4d65-9cb6-df82a020a3cb@group-05C4B365625D-FollowerState] INFO  server.RaftServerConfigKeys (ConfUtils.java:logGet(44)) - raft.server.leaderelection.pre-vote = false (custom)
2022-03-02 21:34:25,983 [176cdbad-2e78-4d65-9cb6-df82a020a3cb@group-05C4B365625D-FollowerState] INFO  impl.RoleInfo (RoleInfo.java:updateAndGet(130)) - 176cdbad-2e78-4d65-9cb6-df82a020a3cb: start 176cdbad-2e78-4d65-9cb6-df82a020a3cb@group-05C4B365625D-LeaderElection109
2022-03-02 21:34:26,030 [grpc-default-executor-2] WARN  server.GrpcLogAppender (LogUtils.java:warn(122)) - 269e0ee6-c833-446d-a842-94c77dd867fd@group-B508C26EB33E->39d9f1c0-7130-4277-8a35-add537f65258-AppendLogResponseHandler: Failed appendEntries: org.apache.ratis.thirdparty.io.grpc.StatusRuntimeException: UNAVAILABLE: io exception
2022-03-02 21:34:26,030 [grpc-default-executor-2] WARN  server.GrpcLogAppender (GrpcLogAppender.java:resetClient(110)) - 269e0ee6-c833-446d-a842-94c77dd867fd@group-B508C26EB33E->39d9f1c0-7130-4277-8a35-add537f65258-GrpcLogAppender: Leader has not got in touch with Follower 269e0ee6-c833-446d-a842-94c77dd867fd@group-B508C26EB33E->39d9f1c0-7130-4277-8a35-add537f65258(c0,m0,n1, attendVote=true, lastRpcSendTime=0, lastRpcResponseTime=5059) yet, just keep nextIndex unchanged and retry.
2022-03-02 21:34:26,044 [176cdbad-2e78-4d65-9cb6-df82a020a3cb@group-05C4B365625D-LeaderElection109] INFO  impl.LeaderElection (LeaderElection.java:askForVotes(306)) - 176cdbad-2e78-4d65-9cb6-df82a020a3cb@group-05C4B365625D-LeaderElection109 ELECTION round 0: submit vote requests at term 2 for -1: [cdd5360e-d849-4e2b-b62b-b70fbd73a7e1|rpc:10.1.0.35:36141|priority:0, 176cdbad-2e78-4d65-9cb6-df82a020a3cb|rpc:10.1.0.35:36905|priority:1, 06306a50-9ba9-4128-94e0-55d591e142a1|rpc:10.1.0.35:42445|priority:0], old=null
2022-03-02 21:34:26,095 [176cdbad-2e78-4d65-9cb6-df82a020a3cb@group-05C4B365625D-LeaderElection109] INFO  impl.LeaderElection (LogUtils.java:infoOrTrace(137)) - 176cdbad-2e78-4d65-9cb6-df82a020a3cb@group-05C4B365625D-LeaderElection109 got exception when requesting votes: java.util.concurrent.ExecutionException: org.apache.ratis.thirdparty.io.grpc.StatusRuntimeException: UNAVAILABLE: io exception
2022-03-02 21:34:26,096 [grpc-default-executor-2] INFO  server.RaftServer$Division (RaftServerImpl.java:requestVote(1046)) - 06306a50-9ba9-4128-94e0-55d591e142a1@group-05C4B365625D: receive requestVote(ELECTION, 176cdbad-2e78-4d65-9cb6-df82a020a3cb, group-05C4B365625D, 2, (t:0, i:0))
2022-03-02 21:34:26,096 [grpc-default-executor-2] INFO  impl.VoteContext (VoteContext.java:log(48)) - 06306a50-9ba9-4128-94e0-55d591e142a1@group-05C4B365625D-FOLLOWER: accept ELECTION from 176cdbad-2e78-4d65-9cb6-df82a020a3cb: our priority 0 <= candidate's priority 1
2022-03-02 21:34:26,096 [grpc-default-executor-2] INFO  server.RaftServer$Division (RaftServerImpl.java:setRole(290)) - 06306a50-9ba9-4128-94e0-55d591e142a1@group-05C4B365625D: changes role from  FOLLOWER to FOLLOWER at term 2 for candidate:176cdbad-2e78-4d65-9cb6-df82a020a3cb
2022-03-02 21:34:26,096 [grpc-default-executor-2] INFO  impl.RoleInfo (RoleInfo.java:shutdownFollowerState(108)) - 06306a50-9ba9-4128-94e0-55d591e142a1: shutdown 06306a50-9ba9-4128-94e0-55d591e142a1@group-05C4B365625D-FollowerState
2022-03-02 21:34:26,096 [grpc-default-executor-2] INFO  impl.RoleInfo (RoleInfo.java:updateAndGet(130)) - 06306a50-9ba9-4128-94e0-55d591e142a1: start 06306a50-9ba9-4128-94e0-55d591e142a1@group-05C4B365625D-FollowerState
2022-03-02 21:34:26,111 [06306a50-9ba9-4128-94e0-55d591e142a1@group-05C4B365625D-FollowerState] INFO  impl.FollowerState (FollowerState.java:run(143)) - 06306a50-9ba9-4128-94e0-55d591e142a1@group-05C4B365625D-FollowerState was interrupted: {}
java.lang.InterruptedException: sleep interrupted
	at java.lang.Thread.sleep(Native Method)
	at java.lang.Thread.sleep(Thread.java:342)
	at java.util.concurrent.TimeUnit.sleep(TimeUnit.java:386)
	at org.apache.ratis.util.TimeDuration.sleep(TimeDuration.java:324)
	at org.apache.ratis.util.TimeDuration.sleep(TimeDuration.java:309)
	at org.apache.ratis.server.impl.FollowerState.run(FollowerState.java:118)
2022-03-02 21:34:26,167 [grpc-default-executor-2] INFO  server.RaftServer$Division (RaftServerImpl.java:requestVote(1078)) - 06306a50-9ba9-4128-94e0-55d591e142a1@group-05C4B365625D replies to ELECTION vote request: 176cdbad-2e78-4d65-9cb6-df82a020a3cb<-06306a50-9ba9-4128-94e0-55d591e142a1#0:OK-t2. Peer's state: 06306a50-9ba9-4128-94e0-55d591e142a1@group-05C4B365625D:t2, leader=null, voted=176cdbad-2e78-4d65-9cb6-df82a020a3cb, raftlog=06306a50-9ba9-4128-94e0-55d591e142a1@group-05C4B365625D-SegmentedRaftLog:OPENED:c-1, conf=-1: [cdd5360e-d849-4e2b-b62b-b70fbd73a7e1|rpc:10.1.0.35:36141|priority:0, 176cdbad-2e78-4d65-9cb6-df82a020a3cb|rpc:10.1.0.35:36905|priority:1, 06306a50-9ba9-4128-94e0-55d591e142a1|rpc:10.1.0.35:42445|priority:0], old=null
2022-03-02 21:34:26,168 [176cdbad-2e78-4d65-9cb6-df82a020a3cb@group-05C4B365625D-LeaderElection109] INFO  impl.LeaderElection (LeaderElection.java:logAndReturn(89)) - 176cdbad-2e78-4d65-9cb6-df82a020a3cb@group-05C4B365625D-LeaderElection109: ELECTION PASSED received 1 response(s) and 1 exception(s):
2022-03-02 21:34:26,168 [176cdbad-2e78-4d65-9cb6-df82a020a3cb@group-05C4B365625D-LeaderElection109] INFO  impl.LeaderElection (LeaderElection.java:logAndReturn(93)) -   Response 0: 176cdbad-2e78-4d65-9cb6-df82a020a3cb<-06306a50-9ba9-4128-94e0-55d591e142a1#0:OK-t2
2022-03-02 21:34:26,168 [176cdbad-2e78-4d65-9cb6-df82a020a3cb@group-05C4B365625D-LeaderElection109] INFO  impl.LeaderElection (LogUtils.java:infoOrTrace(137)) -   Exception 1: java.util.concurrent.ExecutionException: org.apache.ratis.thirdparty.io.grpc.StatusRuntimeException: UNAVAILABLE: io exception
2022-03-02 21:34:26,168 [176cdbad-2e78-4d65-9cb6-df82a020a3cb@group-05C4B365625D-LeaderElection109] INFO  impl.LeaderElection (LeaderElection.java:askForVotes(308)) - 176cdbad-2e78-4d65-9cb6-df82a020a3cb@group-05C4B365625D-LeaderElection109 ELECTION round 0: result PASSED
2022-03-02 21:34:26,168 [176cdbad-2e78-4d65-9cb6-df82a020a3cb@group-05C4B365625D-LeaderElection109] INFO  impl.RoleInfo (RoleInfo.java:shutdownLeaderElection(121)) - 176cdbad-2e78-4d65-9cb6-df82a020a3cb: shutdown 176cdbad-2e78-4d65-9cb6-df82a020a3cb@group-05C4B365625D-LeaderElection109
2022-03-02 21:34:26,168 [176cdbad-2e78-4d65-9cb6-df82a020a3cb@group-05C4B365625D-LeaderElection109] INFO  server.RaftServer$Division (RaftServerImpl.java:setRole(290)) - 176cdbad-2e78-4d65-9cb6-df82a020a3cb@group-05C4B365625D: changes role from CANDIDATE to LEADER at term 2 for changeToLeader
2022-03-02 21:34:26,168 [176cdbad-2e78-4d65-9cb6-df82a020a3cb@group-05C4B365625D-LeaderElection109] INFO  ratis.XceiverServerRatis (XceiverServerRatis.java:handleLeaderChangedNotification(867)) - Leader change notification received for group: group-05C4B365625D with new leaderId: 176cdbad-2e78-4d65-9cb6-df82a020a3cb
2022-03-02 21:34:26,168 [176cdbad-2e78-4d65-9cb6-df82a020a3cb@group-05C4B365625D-LeaderElection109] INFO  server.RaftServer$Division (ServerState.java:setLeader(285)) - 176cdbad-2e78-4d65-9cb6-df82a020a3cb@group-05C4B365625D: change Leader from null to 176cdbad-2e78-4d65-9cb6-df82a020a3cb at term 2 for becomeLeader, leader elected after 10064ms
2022-03-02 21:34:26,168 [176cdbad-2e78-4d65-9cb6-df82a020a3cb@group-05C4B365625D-LeaderElection109] INFO  server.RaftServerConfigKeys (ConfUtils.java:logGet(44)) - raft.server.staging.catchup.gap = 1000 (default)
2022-03-02 21:34:26,168 [176cdbad-2e78-4d65-9cb6-df82a020a3cb@group-05C4B365625D-LeaderElection109] INFO  server.RaftServerConfigKeys (ConfUtils.java:logGet(44)) - raft.server.write.element-limit = 1024 (custom)
2022-03-02 21:34:26,168 [176cdbad-2e78-4d65-9cb6-df82a020a3cb@group-05C4B365625D-LeaderElection109] INFO  server.RaftServerConfigKeys (ConfUtils.java:logGet(44)) - raft.server.write.byte-limit = 1024 M (=1073741824) (custom)
2022-03-02 21:34:26,169 [176cdbad-2e78-4d65-9cb6-df82a020a3cb@group-05C4B365625D-LeaderElection109] INFO  server.RaftServerConfigKeys (ConfUtils.java:logGet(44)) - raft.server.watch.timeout = 3000ms (custom)
2022-03-02 21:34:26,169 [176cdbad-2e78-4d65-9cb6-df82a020a3cb@group-05C4B365625D-LeaderElection109] INFO  server.RaftServerConfigKeys (ConfUtils.java:logGet(44)) - raft.server.watch.timeout.denomination = 1s (default)
2022-03-02 21:34:26,169 [176cdbad-2e78-4d65-9cb6-df82a020a3cb@group-05C4B365625D-LeaderElection109] INFO  server.RaftServerConfigKeys (ConfUtils.java:logGet(44)) - raft.server.watch.element-limit = 65536 (default)
2022-03-02 21:34:26,169 [176cdbad-2e78-4d65-9cb6-df82a020a3cb@group-05C4B365625D-LeaderElection109] INFO  server.RaftServerConfigKeys (ConfUtils.java:logGet(44)) - raft.server.write.element-limit = 1024 (custom)
2022-03-02 21:34:26,169 [176cdbad-2e78-4d65-9cb6-df82a020a3cb@group-05C4B365625D-LeaderElection109] INFO  server.RaftServerConfigKeys (ConfUtils.java:logGet(44)) - raft.server.write.follower.gap.ratio.max = -1.0 (default)
2022-03-02 21:34:26,169 [176cdbad-2e78-4d65-9cb6-df82a020a3cb@group-05C4B365625D-LeaderElection109] INFO  server.RaftServerConfigKeys (ConfUtils.java:logGet(44)) - raft.server.log.appender.snapshot.chunk.size.max = 16MB (=16777216) (default)
2022-03-02 21:34:26,169 [176cdbad-2e78-4d65-9cb6-df82a020a3cb@group-05C4B365625D-LeaderElection109] INFO  server.RaftServerConfigKeys (ConfUtils.java:logGet(44)) - raft.server.log.appender.buffer.byte-limit = 33554432 (custom)
2022-03-02 21:34:26,169 [176cdbad-2e78-4d65-9cb6-df82a020a3cb@group-05C4B365625D-LeaderElection109] INFO  server.RaftServerConfigKeys (ConfUtils.java:logGet(44)) - raft.server.log.appender.buffer.element-limit = 1 (custom)
2022-03-02 21:34:26,169 [176cdbad-2e78-4d65-9cb6-df82a020a3cb@group-05C4B365625D-LeaderElection109] INFO  grpc.GrpcConfigKeys (ConfUtils.java:logGet(44)) - raft.grpc.server.leader.outstanding.appends.max = 128 (default)
2022-03-02 21:34:26,169 [176cdbad-2e78-4d65-9cb6-df82a020a3cb@group-05C4B365625D-LeaderElection109] INFO  server.RaftServerConfigKeys (ConfUtils.java:logGet(44)) - raft.server.rpc.request.timeout = 3000ms (default)
2022-03-02 21:34:26,169 [176cdbad-2e78-4d65-9cb6-df82a020a3cb@group-05C4B365625D-LeaderElection109] INFO  server.RaftServerConfigKeys (ConfUtils.java:logGet(44)) - raft.server.log.appender.install.snapshot.enabled = false (custom)
2022-03-02 21:34:26,170 [176cdbad-2e78-4d65-9cb6-df82a020a3cb@group-05C4B365625D-LeaderElection109] INFO  server.RaftServerConfigKeys (ConfUtils.java:logGet(44)) - raft.server.log.appender.snapshot.chunk.size.max = 16MB (=16777216) (default)
2022-03-02 21:34:26,170 [176cdbad-2e78-4d65-9cb6-df82a020a3cb@group-05C4B365625D-LeaderElection109] INFO  server.RaftServerConfigKeys (ConfUtils.java:logGet(44)) - raft.server.log.appender.buffer.byte-limit = 33554432 (custom)
2022-03-02 21:34:26,170 [176cdbad-2e78-4d65-9cb6-df82a020a3cb@group-05C4B365625D-LeaderElection109] INFO  server.RaftServerConfigKeys (ConfUtils.java:logGet(44)) - raft.server.log.appender.buffer.element-limit = 1 (custom)
2022-03-02 21:34:26,170 [176cdbad-2e78-4d65-9cb6-df82a020a3cb@group-05C4B365625D-LeaderElection109] INFO  grpc.GrpcConfigKeys (ConfUtils.java:logGet(44)) - raft.grpc.server.leader.outstanding.appends.max = 128 (default)
2022-03-02 21:34:26,170 [176cdbad-2e78-4d65-9cb6-df82a020a3cb@group-05C4B365625D-LeaderElection109] INFO  server.RaftServerConfigKeys (ConfUtils.java:logGet(44)) - raft.server.rpc.request.timeout = 3000ms (default)
2022-03-02 21:34:26,170 [176cdbad-2e78-4d65-9cb6-df82a020a3cb@group-05C4B365625D-LeaderElection109] INFO  server.RaftServerConfigKeys (ConfUtils.java:logGet(44)) - raft.server.log.appender.install.snapshot.enabled = false (custom)
2022-03-02 21:34:26,171 [EventQueue-StaleNodeForStaleNodeHandler] INFO  node.StaleNodeHandler (StaleNodeHandler.java:onMessage(58)) - Datanode cdd5360e-d849-4e2b-b62b-b70fbd73a7e1{ip: 10.1.0.35, host: fv-az294-754.eaanfquahm5ulb5tj050gcxych.jx.internal.cloudapp.net, ports: [REPLICATION=36763, RATIS=36141, RATIS_ADMIN=36141, RATIS_SERVER=36141, STANDALONE=41835], networkLocation: /default-rack, certSerialId: null, persistedOpState: IN_SERVICE, persistedOpStateExpiryEpochSec: 0} moved to stale state. Finalizing its pipelines [PipelineID=e486f70c-26fe-495e-ae57-05c4b365625d, PipelineID=99b0005b-b804-474f-a045-d1c6f700e880, PipelineID=5087f059-a113-4b89-88cc-b24374d265bf, PipelineID=c2cbcd83-50ea-4bd7-90c1-8918ce4a9e0e]
2022-03-02 21:34:26,175 [EventQueue-StaleNodeForStaleNodeHandler] INFO  pipeline.PipelineManagerImpl (PipelineManagerImpl.java:closePipeline(365)) - Pipeline Pipeline[ Id: e486f70c-26fe-495e-ae57-05c4b365625d, Nodes: cdd5360e-d849-4e2b-b62b-b70fbd73a7e1{ip: 10.1.0.35, host: fv-az294-754.eaanfquahm5ulb5tj050gcxych.jx.internal.cloudapp.net, ports: [REPLICATION=36763, RATIS=36141, RATIS_ADMIN=36141, RATIS_SERVER=36141, STANDALONE=41835], networkLocation: /default-rack, certSerialId: null, persistedOpState: IN_SERVICE, persistedOpStateExpiryEpochSec: 0}06306a50-9ba9-4128-94e0-55d591e142a1{ip: 10.1.0.35, host: fv-az294-754.eaanfquahm5ulb5tj050gcxych.jx.internal.cloudapp.net, ports: [REPLICATION=33477, RATIS=42445, RATIS_ADMIN=42445, RATIS_SERVER=42445, STANDALONE=33549], networkLocation: /default-rack, certSerialId: null, persistedOpState: IN_SERVICE, persistedOpStateExpiryEpochSec: 0}176cdbad-2e78-4d65-9cb6-df82a020a3cb{ip: 10.1.0.35, host: fv-az294-754.eaanfquahm5ulb5tj050gcxych.jx.internal.cloudapp.net, ports: [REPLICATION=33785, RATIS=36905, RATIS_ADMIN=36905, RATIS_SERVER=36905, STANDALONE=46855], networkLocation: /default-rack, certSerialId: null, persistedOpState: IN_SERVICE, persistedOpStateExpiryEpochSec: 0}, ReplicationConfig: RATIS/THREE, State:ALLOCATED, leaderId:, CreationTimestamp2022-03-02T21:34:14.653Z[Etc/UTC]] moved to CLOSED state
2022-03-02 21:34:26,177 [EventQueue-StaleNodeForStaleNodeHandler] INFO  pipeline.PipelineManagerImpl (PipelineManagerImpl.java:closePipeline(365)) - Pipeline Pipeline[ Id: 99b0005b-b804-474f-a045-d1c6f700e880, Nodes: cdd5360e-d849-4e2b-b62b-b70fbd73a7e1{ip: 10.1.0.35, host: fv-az294-754.eaanfquahm5ulb5tj050gcxych.jx.internal.cloudapp.net, ports: [REPLICATION=36763, RATIS=36141, RATIS_ADMIN=36141, RATIS_SERVER=36141, STANDALONE=41835], networkLocation: /default-rack, certSerialId: null, persistedOpState: IN_SERVICE, persistedOpStateExpiryEpochSec: 0}ca012516-14dd-42cd-8742-1c9d04d43fd5{ip: 10.1.0.35, host: fv-az294-754.eaanfquahm5ulb5tj050gcxych.jx.internal.cloudapp.net, ports: [REPLICATION=38123, RATIS=34561, RATIS_ADMIN=34561, RATIS_SERVER=34561, STANDALONE=41381], networkLocation: /default-rack, certSerialId: null, persistedOpState: IN_SERVICE, persistedOpStateExpiryEpochSec: 0}06306a50-9ba9-4128-94e0-55d591e142a1{ip: 10.1.0.35, host: fv-az294-754.eaanfquahm5ulb5tj050gcxych.jx.internal.cloudapp.net, ports: [REPLICATION=33477, RATIS=42445, RATIS_ADMIN=42445, RATIS_SERVER=42445, STANDALONE=33549], networkLocation: /default-rack, certSerialId: null, persistedOpState: IN_SERVICE, persistedOpStateExpiryEpochSec: 0}, ReplicationConfig: RATIS/THREE, State:ALLOCATED, leaderId:, CreationTimestamp2022-03-02T21:34:14.657Z[Etc/UTC]] moved to CLOSED state
2022-03-02 21:34:26,178 [EventQueue-StaleNodeForStaleNodeHandler] INFO  pipeline.PipelineManagerImpl (PipelineManagerImpl.java:closePipeline(365)) - Pipeline Pipeline[ Id: 5087f059-a113-4b89-88cc-b24374d265bf, Nodes: 06306a50-9ba9-4128-94e0-55d591e142a1{ip: 10.1.0.35, host: fv-az294-754.eaanfquahm5ulb5tj050gcxych.jx.internal.cloudapp.net, ports: [REPLICATION=33477, RATIS=42445, RATIS_ADMIN=42445, RATIS_SERVER=42445, STANDALONE=33549], networkLocation: /default-rack, certSerialId: null, persistedOpState: IN_SERVICE, persistedOpStateExpiryEpochSec: 0}176cdbad-2e78-4d65-9cb6-df82a020a3cb{ip: 10.1.0.35, host: fv-az294-754.eaanfquahm5ulb5tj050gcxych.jx.internal.cloudapp.net, ports: [REPLICATION=33785, RATIS=36905, RATIS_ADMIN=36905, RATIS_SERVER=36905, STANDALONE=46855], networkLocation: /default-rack, certSerialId: null, persistedOpState: IN_SERVICE, persistedOpStateExpiryEpochSec: 0}cdd5360e-d849-4e2b-b62b-b70fbd73a7e1{ip: 10.1.0.35, host: fv-az294-754.eaanfquahm5ulb5tj050gcxych.jx.internal.cloudapp.net, ports: [REPLICATION=36763, RATIS=36141, RATIS_ADMIN=36141, RATIS_SERVER=36141, STANDALONE=41835], networkLocation: /default-rack, certSerialId: null, persistedOpState: IN_SERVICE, persistedOpStateExpiryEpochSec: 0}, ReplicationConfig: RATIS/THREE, State:ALLOCATED, leaderId:176cdbad-2e78-4d65-9cb6-df82a020a3cb, CreationTimestamp2022-03-02T21:34:14.659Z[Etc/UTC]] moved to CLOSED state
2022-03-02 21:34:26,182 [EventQueue-StaleNodeForStaleNodeHandler] INFO  pipeline.PipelineManagerImpl (PipelineManagerImpl.java:closePipeline(365)) - Pipeline Pipeline[ Id: c2cbcd83-50ea-4bd7-90c1-8918ce4a9e0e, Nodes: cdd5360e-d849-4e2b-b62b-b70fbd73a7e1{ip: 10.1.0.35, host: fv-az294-754.eaanfquahm5ulb5tj050gcxych.jx.internal.cloudapp.net, ports: [REPLICATION=36763, RATIS=36141, RATIS_ADMIN=36141, RATIS_SERVER=36141, STANDALONE=41835], networkLocation: /default-rack, certSerialId: null, persistedOpState: IN_SERVICE, persistedOpStateExpiryEpochSec: 0}, ReplicationConfig: RATIS/ONE, State:OPEN, leaderId:cdd5360e-d849-4e2b-b62b-b70fbd73a7e1, CreationTimestamp2022-03-02T21:34:14.651Z[Etc/UTC]] moved to CLOSED state
2022-03-02 21:34:26,183 [176cdbad-2e78-4d65-9cb6-df82a020a3cb@group-05C4B365625D-LeaderElection109] INFO  impl.RoleInfo (RoleInfo.java:updateAndGet(130)) - 176cdbad-2e78-4d65-9cb6-df82a020a3cb: start 176cdbad-2e78-4d65-9cb6-df82a020a3cb@group-05C4B365625D-LeaderStateImpl
2022-03-02 21:34:26,184 [176cdbad-2e78-4d65-9cb6-df82a020a3cb@group-05C4B365625D-LeaderElection109] INFO  segmented.SegmentedRaftLogWorker (SegmentedRaftLogWorker.java:startLogSegment(394)) - 176cdbad-2e78-4d65-9cb6-df82a020a3cb@group-05C4B365625D-SegmentedRaftLogWorker: Starting segment from index:0
2022-03-02 21:34:26,185 [176cdbad-2e78-4d65-9cb6-df82a020a3cb@group-05C4B365625D-SegmentedRaftLogWorker] INFO  segmented.SegmentedRaftLogWorker (SegmentedRaftLogWorker.java:execute(601)) - 176cdbad-2e78-4d65-9cb6-df82a020a3cb@group-05C4B365625D-SegmentedRaftLogWorker: created new log segment /home/runner/work/ozone/ozone/hadoop-ozone/integration-test/target/test-dir/MiniOzoneClusterImpl-f745d883-409d-4598-9a00-e779d9019c18/datanode-6/data/ratis/e486f70c-26fe-495e-ae57-05c4b365625d/current/log_inprogress_0
2022-03-02 21:34:26,222 [grpc-default-executor-2] INFO  ratis.XceiverServerRatis (XceiverServerRatis.java:handleLeaderChangedNotification(867)) - Leader change notification received for group: group-05C4B365625D with new leaderId: 176cdbad-2e78-4d65-9cb6-df82a020a3cb
2022-03-02 21:34:26,222 [grpc-default-executor-2] INFO  server.RaftServer$Division (ServerState.java:setLeader(285)) - 06306a50-9ba9-4128-94e0-55d591e142a1@group-05C4B365625D: change Leader from null to 176cdbad-2e78-4d65-9cb6-df82a020a3cb at term 2 for appendEntries, leader elected after 10464ms
2022-03-02 21:34:26,231 [grpc-default-executor-5] WARN  server.GrpcLogAppender (LogUtils.java:warn(122)) - 176cdbad-2e78-4d65-9cb6-df82a020a3cb@group-05C4B365625D->cdd5360e-d849-4e2b-b62b-b70fbd73a7e1-AppendLogResponseHandler: Failed appendEntries: org.apache.ratis.thirdparty.io.grpc.StatusRuntimeException: UNAVAILABLE: io exception
2022-03-02 21:34:26,232 [grpc-default-executor-5] WARN  server.GrpcLogAppender (GrpcLogAppender.java:resetClient(110)) - 176cdbad-2e78-4d65-9cb6-df82a020a3cb@group-05C4B365625D->cdd5360e-d849-4e2b-b62b-b70fbd73a7e1-GrpcLogAppender: Leader has not got in touch with Follower 176cdbad-2e78-4d65-9cb6-df82a020a3cb@group-05C4B365625D->cdd5360e-d849-4e2b-b62b-b70fbd73a7e1(c-1,m0,n0, attendVote=true, lastRpcSendTime=5263, lastRpcResponseTime=5263) yet, just keep nextIndex unchanged and retry.
2022-03-02 21:34:26,233 [grpc-default-executor-5] WARN  server.GrpcLogAppender (LogUtils.java:warn(122)) - 176cdbad-2e78-4d65-9cb6-df82a020a3cb@group-05C4B365625D->cdd5360e-d849-4e2b-b62b-b70fbd73a7e1-AppendLogResponseHandler: Failed appendEntries: org.apache.ratis.thirdparty.io.grpc.StatusRuntimeException: UNAVAILABLE: io exception
2022-03-02 21:34:26,233 [grpc-default-executor-5] WARN  server.GrpcLogAppender (GrpcLogAppender.java:resetClient(110)) - 176cdbad-2e78-4d65-9cb6-df82a020a3cb@group-05C4B365625D->cdd5360e-d849-4e2b-b62b-b70fbd73a7e1-GrpcLogAppender: Leader has not got in touch with Follower 176cdbad-2e78-4d65-9cb6-df82a020a3cb@group-05C4B365625D->cdd5360e-d849-4e2b-b62b-b70fbd73a7e1(c-1,m0,n1, attendVote=true, lastRpcSendTime=0, lastRpcResponseTime=5264) yet, just keep nextIndex unchanged and retry.
2022-03-02 21:34:26,280 [176cdbad-2e78-4d65-9cb6-df82a020a3cb@group-05C4B365625D-LeaderElection109] INFO  server.RaftServer$Division (ServerState.java:setRaftConf(387)) - 176cdbad-2e78-4d65-9cb6-df82a020a3cb@group-05C4B365625D: set configuration 0: [cdd5360e-d849-4e2b-b62b-b70fbd73a7e1|rpc:10.1.0.35:36141|dataStream:|priority:0, 176cdbad-2e78-4d65-9cb6-df82a020a3cb|rpc:10.1.0.35:36905|dataStream:|priority:1, 06306a50-9ba9-4128-94e0-55d591e142a1|rpc:10.1.0.35:42445|dataStream:|priority:0], old=null
2022-03-02 21:34:26,358 [grpc-default-executor-2] INFO  server.RaftServer$Division (ServerState.java:setRaftConf(387)) - 06306a50-9ba9-4128-94e0-55d591e142a1@group-05C4B365625D: set configuration 0: [cdd5360e-d849-4e2b-b62b-b70fbd73a7e1|rpc:10.1.0.35:36141|dataStream:|priority:0, 176cdbad-2e78-4d65-9cb6-df82a020a3cb|rpc:10.1.0.35:36905|dataStream:|priority:1, 06306a50-9ba9-4128-94e0-55d591e142a1|rpc:10.1.0.35:42445|dataStream:|priority:0], old=null
2022-03-02 21:34:26,358 [grpc-default-executor-2] INFO  segmented.SegmentedRaftLogWorker (SegmentedRaftLogWorker.java:startLogSegment(394)) - 06306a50-9ba9-4128-94e0-55d591e142a1@group-05C4B365625D-SegmentedRaftLogWorker: Starting segment from index:0
2022-03-02 21:34:26,363 [06306a50-9ba9-4128-94e0-55d591e142a1@group-05C4B365625D-SegmentedRaftLogWorker] INFO  segmented.SegmentedRaftLogWorker (SegmentedRaftLogWorker.java:execute(601)) - 06306a50-9ba9-4128-94e0-55d591e142a1@group-05C4B365625D-SegmentedRaftLogWorker: created new log segment /home/runner/work/ozone/ozone/hadoop-ozone/integration-test/target/test-dir/MiniOzoneClusterImpl-f745d883-409d-4598-9a00-e779d9019c18/datanode-0/data/ratis/e486f70c-26fe-495e-ae57-05c4b365625d/current/log_inprogress_0
2022-03-02 21:34:26,471 [06306a50-9ba9-4128-94e0-55d591e142a1@group-D1C6F700E880-FollowerState] INFO  impl.FollowerState (FollowerState.java:run(134)) - 06306a50-9ba9-4128-94e0-55d591e142a1@group-D1C6F700E880-FollowerState: change to CANDIDATE, lastRpcElapsedTime:5107088189ns, electionTimeout:5057ms
2022-03-02 21:34:26,471 [06306a50-9ba9-4128-94e0-55d591e142a1@group-D1C6F700E880-FollowerState] INFO  impl.RoleInfo (RoleInfo.java:shutdownFollowerState(108)) - 06306a50-9ba9-4128-94e0-55d591e142a1: shutdown 06306a50-9ba9-4128-94e0-55d591e142a1@group-D1C6F700E880-FollowerState
2022-03-02 21:34:26,471 [06306a50-9ba9-4128-94e0-55d591e142a1@group-D1C6F700E880-FollowerState] INFO  server.RaftServer$Division (RaftServerImpl.java:setRole(290)) - 06306a50-9ba9-4128-94e0-55d591e142a1@group-D1C6F700E880: changes role from  FOLLOWER to CANDIDATE at term 1 for changeToCandidate
2022-03-02 21:34:26,471 [06306a50-9ba9-4128-94e0-55d591e142a1@group-D1C6F700E880-FollowerState] INFO  server.RaftServerConfigKeys (ConfUtils.java:logGet(44)) - raft.server.leaderelection.pre-vote = false (custom)
2022-03-02 21:34:26,471 [06306a50-9ba9-4128-94e0-55d591e142a1@group-D1C6F700E880-FollowerState] INFO  impl.RoleInfo (RoleInfo.java:updateAndGet(130)) - 06306a50-9ba9-4128-94e0-55d591e142a1: start 06306a50-9ba9-4128-94e0-55d591e142a1@group-D1C6F700E880-LeaderElection110
2022-03-02 21:34:26,471 [ca012516-14dd-42cd-8742-1c9d04d43fd5@group-D1C6F700E880-FollowerState] INFO  impl.FollowerState (FollowerState.java:run(134)) - ca012516-14dd-42cd-8742-1c9d04d43fd5@group-D1C6F700E880-FollowerState: change to CANDIDATE, lastRpcElapsedTime:5191565814ns, electionTimeout:5066ms
2022-03-02 21:34:26,471 [ca012516-14dd-42cd-8742-1c9d04d43fd5@group-D1C6F700E880-FollowerState] INFO  impl.RoleInfo (RoleInfo.java:shutdownFollowerState(108)) - ca012516-14dd-42cd-8742-1c9d04d43fd5: shutdown ca012516-14dd-42cd-8742-1c9d04d43fd5@group-D1C6F700E880-FollowerState
2022-03-02 21:34:26,471 [ca012516-14dd-42cd-8742-1c9d04d43fd5@group-D1C6F700E880-FollowerState] INFO  server.RaftServer$Division (RaftServerImpl.java:setRole(290)) - ca012516-14dd-42cd-8742-1c9d04d43fd5@group-D1C6F700E880: changes role from  FOLLOWER to CANDIDATE at term 1 for changeToCandidate
2022-03-02 21:34:26,488 [ca012516-14dd-42cd-8742-1c9d04d43fd5@group-D1C6F700E880-FollowerState] INFO  server.RaftServerConfigKeys (ConfUtils.java:logGet(44)) - raft.server.leaderelection.pre-vote = false (custom)
2022-03-02 21:34:26,488 [ca012516-14dd-42cd-8742-1c9d04d43fd5@group-D1C6F700E880-FollowerState] INFO  impl.RoleInfo (RoleInfo.java:updateAndGet(130)) - ca012516-14dd-42cd-8742-1c9d04d43fd5: start ca012516-14dd-42cd-8742-1c9d04d43fd5@group-D1C6F700E880-LeaderElection111
2022-03-02 21:34:26,503 [ca012516-14dd-42cd-8742-1c9d04d43fd5@group-D1C6F700E880-LeaderElection111] INFO  impl.LeaderElection (LeaderElection.java:askForVotes(306)) - ca012516-14dd-42cd-8742-1c9d04d43fd5@group-D1C6F700E880-LeaderElection111 ELECTION round 0: submit vote requests at term 2 for -1: [cdd5360e-d849-4e2b-b62b-b70fbd73a7e1|rpc:10.1.0.35:36141|dataStream:|priority:0, 06306a50-9ba9-4128-94e0-55d591e142a1|rpc:10.1.0.35:42445|dataStream:|priority:1, ca012516-14dd-42cd-8742-1c9d04d43fd5|rpc:10.1.0.35:34561|dataStream:|priority:0], old=null
2022-03-02 21:34:26,552 [ca012516-14dd-42cd-8742-1c9d04d43fd5@group-D1C6F700E880-LeaderElection111] INFO  impl.LeaderElection (LogUtils.java:infoOrTrace(137)) - ca012516-14dd-42cd-8742-1c9d04d43fd5@group-D1C6F700E880-LeaderElection111 got exception when requesting votes: java.util.concurrent.ExecutionException: org.apache.ratis.thirdparty.io.grpc.StatusRuntimeException: UNAVAILABLE: io exception
2022-03-02 21:34:26,560 [06306a50-9ba9-4128-94e0-55d591e142a1@group-D1C6F700E880-LeaderElection110] INFO  impl.LeaderElection (LeaderElection.java:askForVotes(306)) - 06306a50-9ba9-4128-94e0-55d591e142a1@group-D1C6F700E880-LeaderElection110 ELECTION round 0: submit vote requests at term 2 for -1: [cdd5360e-d849-4e2b-b62b-b70fbd73a7e1|rpc:10.1.0.35:36141|priority:0, 06306a50-9ba9-4128-94e0-55d591e142a1|rpc:10.1.0.35:42445|priority:1, ca012516-14dd-42cd-8742-1c9d04d43fd5|rpc:10.1.0.35:34561|priority:0], old=null
2022-03-02 21:34:26,584 [grpc-default-executor-5] INFO  server.RaftServer$Division (RaftServerImpl.java:requestVote(1046)) - 06306a50-9ba9-4128-94e0-55d591e142a1@group-D1C6F700E880: receive requestVote(ELECTION, ca012516-14dd-42cd-8742-1c9d04d43fd5, group-D1C6F700E880, 2, (t:0, i:0))
2022-03-02 21:34:26,584 [grpc-default-executor-5] INFO  impl.VoteContext (VoteContext.java:log(48)) - 06306a50-9ba9-4128-94e0-55d591e142a1@group-D1C6F700E880-CANDIDATE: reject ELECTION from ca012516-14dd-42cd-8742-1c9d04d43fd5: already has voted for 06306a50-9ba9-4128-94e0-55d591e142a1 at current term 2
2022-03-02 21:34:26,584 [grpc-default-executor-5] INFO  server.RaftServer$Division (RaftServerImpl.java:requestVote(1078)) - 06306a50-9ba9-4128-94e0-55d591e142a1@group-D1C6F700E880 replies to ELECTION vote request: ca012516-14dd-42cd-8742-1c9d04d43fd5<-06306a50-9ba9-4128-94e0-55d591e142a1#0:FAIL-t2. Peer's state: 06306a50-9ba9-4128-94e0-55d591e142a1@group-D1C6F700E880:t2, leader=null, voted=06306a50-9ba9-4128-94e0-55d591e142a1, raftlog=06306a50-9ba9-4128-94e0-55d591e142a1@group-D1C6F700E880-SegmentedRaftLog:OPENED:c-1, conf=-1: [cdd5360e-d849-4e2b-b62b-b70fbd73a7e1|rpc:10.1.0.35:36141|priority:0, 06306a50-9ba9-4128-94e0-55d591e142a1|rpc:10.1.0.35:42445|priority:1, ca012516-14dd-42cd-8742-1c9d04d43fd5|rpc:10.1.0.35:34561|priority:0], old=null
2022-03-02 21:34:26,601 [ca012516-14dd-42cd-8742-1c9d04d43fd5@group-D1C6F700E880-LeaderElection111] INFO  impl.LeaderElection (LeaderElection.java:logAndReturn(89)) - ca012516-14dd-42cd-8742-1c9d04d43fd5@group-D1C6F700E880-LeaderElection111: ELECTION REJECTED received 1 response(s) and 1 exception(s):
2022-03-02 21:34:26,601 [ca012516-14dd-42cd-8742-1c9d04d43fd5@group-D1C6F700E880-LeaderElection111] INFO  impl.LeaderElection (LeaderElection.java:logAndReturn(93)) -   Response 0: ca012516-14dd-42cd-8742-1c9d04d43fd5<-06306a50-9ba9-4128-94e0-55d591e142a1#0:FAIL-t2
2022-03-02 21:34:26,601 [ca012516-14dd-42cd-8742-1c9d04d43fd5@group-D1C6F700E880-LeaderElection111] INFO  impl.LeaderElection (LogUtils.java:infoOrTrace(137)) -   Exception 1: java.util.concurrent.ExecutionException: org.apache.ratis.thirdparty.io.grpc.StatusRuntimeException: UNAVAILABLE: io exception
2022-03-02 21:34:26,620 [06306a50-9ba9-4128-94e0-55d591e142a1@group-D1C6F700E880-LeaderElection110] INFO  impl.LeaderElection (LogUtils.java:infoOrTrace(137)) - 06306a50-9ba9-4128-94e0-55d591e142a1@group-D1C6F700E880-LeaderElection110 got exception when requesting votes: java.util.concurrent.ExecutionException: org.apache.ratis.thirdparty.io.grpc.StatusRuntimeException: UNAVAILABLE: io exception
2022-03-02 21:34:26,620 [ca012516-14dd-42cd-8742-1c9d04d43fd5@group-D1C6F700E880-LeaderElection111] INFO  impl.LeaderElection (LeaderElection.java:askForVotes(308)) - ca012516-14dd-42cd-8742-1c9d04d43fd5@group-D1C6F700E880-LeaderElection111 ELECTION round 0: result REJECTED
2022-03-02 21:34:26,620 [ca012516-14dd-42cd-8742-1c9d04d43fd5@group-D1C6F700E880-LeaderElection111] INFO  server.RaftServer$Division (RaftServerImpl.java:setRole(290)) - ca012516-14dd-42cd-8742-1c9d04d43fd5@group-D1C6F700E880: changes role from CANDIDATE to FOLLOWER at term 2 for REJECTED
2022-03-02 21:34:26,620 [ca012516-14dd-42cd-8742-1c9d04d43fd5@group-D1C6F700E880-LeaderElection111] INFO  impl.RoleInfo (RoleInfo.java:shutdownLeaderElection(121)) - ca012516-14dd-42cd-8742-1c9d04d43fd5: shutdown ca012516-14dd-42cd-8742-1c9d04d43fd5@group-D1C6F700E880-LeaderElection111
2022-03-02 21:34:26,620 [ca012516-14dd-42cd-8742-1c9d04d43fd5@group-D1C6F700E880-LeaderElection111] INFO  impl.RoleInfo (RoleInfo.java:updateAndGet(130)) - ca012516-14dd-42cd-8742-1c9d04d43fd5: start ca012516-14dd-42cd-8742-1c9d04d43fd5@group-D1C6F700E880-FollowerState
2022-03-02 21:34:26,631 [grpc-default-executor-5] INFO  server.RaftServer$Division (RaftServerImpl.java:requestVote(1046)) - ca012516-14dd-42cd-8742-1c9d04d43fd5@group-D1C6F700E880: receive requestVote(ELECTION, 06306a50-9ba9-4128-94e0-55d591e142a1, group-D1C6F700E880, 2, (t:0, i:0))
2022-03-02 21:34:26,631 [grpc-default-executor-5] INFO  impl.VoteContext (VoteContext.java:log(48)) - ca012516-14dd-42cd-8742-1c9d04d43fd5@group-D1C6F700E880-FOLLOWER: reject ELECTION from 06306a50-9ba9-4128-94e0-55d591e142a1: already has voted for ca012516-14dd-42cd-8742-1c9d04d43fd5 at current term 2
2022-03-02 21:34:26,631 [grpc-default-executor-5] INFO  server.RaftServer$Division (RaftServerImpl.java:requestVote(1078)) - ca012516-14dd-42cd-8742-1c9d04d43fd5@group-D1C6F700E880 replies to ELECTION vote request: 06306a50-9ba9-4128-94e0-55d591e142a1<-ca012516-14dd-42cd-8742-1c9d04d43fd5#0:FAIL-t2. Peer's state: ca012516-14dd-42cd-8742-1c9d04d43fd5@group-D1C6F700E880:t2, leader=null, voted=ca012516-14dd-42cd-8742-1c9d04d43fd5, raftlog=ca012516-14dd-42cd-8742-1c9d04d43fd5@group-D1C6F700E880-SegmentedRaftLog:OPENED:c-1, conf=-1: [cdd5360e-d849-4e2b-b62b-b70fbd73a7e1|rpc:10.1.0.35:36141|dataStream:|priority:0, 06306a50-9ba9-4128-94e0-55d591e142a1|rpc:10.1.0.35:42445|dataStream:|priority:1, ca012516-14dd-42cd-8742-1c9d04d43fd5|rpc:10.1.0.35:34561|dataStream:|priority:0], old=null
2022-03-02 21:34:26,631 [06306a50-9ba9-4128-94e0-55d591e142a1@group-D1C6F700E880-LeaderElection110] INFO  impl.LeaderElection (LeaderElection.java:logAndReturn(89)) - 06306a50-9ba9-4128-94e0-55d591e142a1@group-D1C6F700E880-LeaderElection110: ELECTION REJECTED received 1 response(s) and 1 exception(s):
2022-03-02 21:34:26,631 [06306a50-9ba9-4128-94e0-55d591e142a1@group-D1C6F700E880-LeaderElection110] INFO  impl.LeaderElection (LeaderElection.java:logAndReturn(93)) -   Response 0: 06306a50-9ba9-4128-94e0-55d591e142a1<-ca012516-14dd-42cd-8742-1c9d04d43fd5#0:FAIL-t2
2022-03-02 21:34:26,632 [06306a50-9ba9-4128-94e0-55d591e142a1@group-D1C6F700E880-LeaderElection110] INFO  impl.LeaderElection (LogUtils.java:infoOrTrace(137)) -   Exception 1: java.util.concurrent.ExecutionException: org.apache.ratis.thirdparty.io.grpc.StatusRuntimeException: UNAVAILABLE: io exception
2022-03-02 21:34:26,632 [06306a50-9ba9-4128-94e0-55d591e142a1@group-D1C6F700E880-LeaderElection110] INFO  impl.LeaderElection (LeaderElection.java:askForVotes(308)) - 06306a50-9ba9-4128-94e0-55d591e142a1@group-D1C6F700E880-LeaderElection110 ELECTION round 0: result REJECTED
2022-03-02 21:34:26,632 [06306a50-9ba9-4128-94e0-55d591e142a1@group-D1C6F700E880-LeaderElection110] INFO  server.RaftServer$Division (RaftServerImpl.java:setRole(290)) - 06306a50-9ba9-4128-94e0-55d591e142a1@group-D1C6F700E880: changes role from CANDIDATE to FOLLOWER at term 2 for REJECTED
2022-03-02 21:34:26,632 [06306a50-9ba9-4128-94e0-55d591e142a1@group-D1C6F700E880-LeaderElection110] INFO  impl.RoleInfo (RoleInfo.java:shutdownLeaderElection(121)) - 06306a50-9ba9-4128-94e0-55d591e142a1: shutdown 06306a50-9ba9-4128-94e0-55d591e142a1@group-D1C6F700E880-LeaderElection110
2022-03-02 21:34:26,632 [06306a50-9ba9-4128-94e0-55d591e142a1@group-D1C6F700E880-LeaderElection110] INFO  impl.RoleInfo (RoleInfo.java:updateAndGet(130)) - 06306a50-9ba9-4128-94e0-55d591e142a1: start 06306a50-9ba9-4128-94e0-55d591e142a1@group-D1C6F700E880-FollowerState
2022-03-02 21:34:26,660 [Listener at 127.0.0.1/33667] INFO  statemachine.DatanodeStateMachine (DatanodeStateMachine.java:stopDaemon(529)) - Ozone container server stopped.
2022-03-02 21:34:26,667 [Listener at 127.0.0.1/33667] INFO  handler.ContextHandler (ContextHandler.java:doStop(1153)) - Stopped o.e.j.w.WebAppContext@2331ed73{hddsDatanode,/,null,STOPPED}{jar:file:/home/runner/.m2/repository/org/apache/ozone/hdds-container-service/1.3.0-SNAPSHOT/hdds-container-service-1.3.0-SNAPSHOT.jar!/webapps/hddsDatanode}
2022-03-02 21:34:26,667 [Listener at 127.0.0.1/33667] INFO  server.AbstractConnector (AbstractConnector.java:doStop(381)) - Stopped ServerConnector@63c50a51{HTTP/1.1, (http/1.1)}{0.0.0.0:0}
2022-03-02 21:34:26,668 [Listener at 127.0.0.1/33667] INFO  server.session (HouseKeeper.java:stopScavenging(149)) - node0 Stopped scavenging
2022-03-02 21:34:26,668 [Listener at 127.0.0.1/33667] INFO  handler.ContextHandler (ContextHandler.java:doStop(1153)) - Stopped o.e.j.s.ServletContextHandler@1dbea88a{static,/static,jar:file:/home/runner/.m2/repository/org/apache/ozone/hdds-container-service/1.3.0-SNAPSHOT/hdds-container-service-1.3.0-SNAPSHOT.jar!/webapps/static,STOPPED}
2022-03-02 21:34:26,668 [Listener at 127.0.0.1/33667] INFO  handler.ContextHandler (ContextHandler.java:doStop(1153)) - Stopped o.e.j.s.ServletContextHandler@57a91f6b{logs,/logs,file:///home/runner/work/ozone/ozone/hadoop-ozone/integration-test/target/log,STOPPED}
2022-03-02 21:34:26,717 [ForkJoinPool.commonPool-worker-1] INFO  statemachine.DatanodeStateMachine (DatanodeStateMachine.java:stopDaemon(529)) - Ozone container server stopped.
2022-03-02 21:34:26,848 [ForkJoinPool.commonPool-worker-1] INFO  handler.ContextHandler (ContextHandler.java:doStop(1153)) - Stopped o.e.j.w.WebAppContext@2a50f3fa{hddsDatanode,/,null,STOPPED}{jar:file:/home/runner/.m2/repository/org/apache/ozone/hdds-container-service/1.3.0-SNAPSHOT/hdds-container-service-1.3.0-SNAPSHOT.jar!/webapps/hddsDatanode}
2022-03-02 21:34:26,848 [ForkJoinPool.commonPool-worker-1] INFO  server.AbstractConnector (AbstractConnector.java:doStop(381)) - Stopped ServerConnector@694db115{HTTP/1.1, (http/1.1)}{0.0.0.0:38029}
2022-03-02 21:34:26,848 [ForkJoinPool.commonPool-worker-1] INFO  server.session (HouseKeeper.java:stopScavenging(149)) - node0 Stopped scavenging
2022-03-02 21:34:26,867 [ForkJoinPool.commonPool-worker-1] INFO  handler.ContextHandler (ContextHandler.java:doStop(1153)) - Stopped o.e.j.s.ServletContextHandler@dea341{static,/static,jar:file:/home/runner/.m2/repository/org/apache/ozone/hdds-container-service/1.3.0-SNAPSHOT/hdds-container-service-1.3.0-SNAPSHOT.jar!/webapps/static,STOPPED}
2022-03-02 21:34:26,868 [ForkJoinPool.commonPool-worker-1] INFO  handler.ContextHandler (ContextHandler.java:doStop(1153)) - Stopped o.e.j.s.ServletContextHandler@45693506{logs,/logs,file:///home/runner/work/ozone/ozone/hadoop-ozone/integration-test/target/log,STOPPED}
2022-03-02 21:34:26,999 [grpc-default-executor-5] WARN  server.GrpcLogAppender (LogUtils.java:warn(122)) - 176cdbad-2e78-4d65-9cb6-df82a020a3cb@group-B24374D265BF->cdd5360e-d849-4e2b-b62b-b70fbd73a7e1-AppendLogResponseHandler: Failed appendEntries: org.apache.ratis.thirdparty.io.grpc.StatusRuntimeException: UNAVAILABLE: io exception
2022-03-02 21:34:26,999 [grpc-default-executor-5] WARN  server.GrpcLogAppender (GrpcLogAppender.java:resetClient(110)) - 176cdbad-2e78-4d65-9cb6-df82a020a3cb@group-B24374D265BF->cdd5360e-d849-4e2b-b62b-b70fbd73a7e1-GrpcLogAppender: Leader has not got in touch with Follower 176cdbad-2e78-4d65-9cb6-df82a020a3cb@group-B24374D265BF->cdd5360e-d849-4e2b-b62b-b70fbd73a7e1(c-1,m0,n1, attendVote=true, lastRpcSendTime=0, lastRpcResponseTime=10455) yet, just keep nextIndex unchanged and retry.
2022-03-02 21:34:27,107 [176cdbad-2e78-4d65-9cb6-df82a020a3cb@group-B24374D265BF-LeaderStateImpl] INFO  server.RaftServer$Division (LeaderStateImpl.java:yieldLeaderToHigherPriorityPeer(930)) - 176cdbad-2e78-4d65-9cb6-df82a020a3cb@group-B24374D265BF-LeaderStateImpl send StartLeaderElectionRequest to follower:cdd5360e-d849-4e2b-b62b-b70fbd73a7e1 on term:1 because follower's priority:1 is higher than leader's:0 and follower's lastEntry index:0 catch up with leader's:0
2022-03-02 21:34:28,251 [grpc-default-executor-5] WARN  server.GrpcLogAppender (LogUtils.java:warn(122)) - ff1229b5-7bf6-42b1-a70d-3d6d5a94de90@group-F48392E64407->39d9f1c0-7130-4277-8a35-add537f65258-AppendLogResponseHandler: Failed appendEntries: org.apache.ratis.thirdparty.io.grpc.StatusRuntimeException: UNAVAILABLE: io exception
2022-03-02 21:34:28,251 [grpc-default-executor-5] WARN  server.GrpcLogAppender (GrpcLogAppender.java:resetClient(110)) - ff1229b5-7bf6-42b1-a70d-3d6d5a94de90@group-F48392E64407->39d9f1c0-7130-4277-8a35-add537f65258-GrpcLogAppender: Leader has not got in touch with Follower ff1229b5-7bf6-42b1-a70d-3d6d5a94de90@group-F48392E64407->39d9f1c0-7130-4277-8a35-add537f65258(c0,m0,n1, attendVote=true, lastRpcSendTime=0, lastRpcResponseTime=7529) yet, just keep nextIndex unchanged and retry.
2022-03-02 21:34:28,535 [ff1229b5-7bf6-42b1-a70d-3d6d5a94de90@group-4C98E9F0FD07-FollowerState] INFO  impl.FollowerState (FollowerState.java:run(134)) - ff1229b5-7bf6-42b1-a70d-3d6d5a94de90@group-4C98E9F0FD07-FollowerState: change to CANDIDATE, lastRpcElapsedTime:7832666239ns, electionTimeout:5100ms
2022-03-02 21:34:28,535 [ff1229b5-7bf6-42b1-a70d-3d6d5a94de90@group-4C98E9F0FD07-FollowerState] INFO  impl.RoleInfo (RoleInfo.java:shutdownFollowerState(108)) - ff1229b5-7bf6-42b1-a70d-3d6d5a94de90: shutdown ff1229b5-7bf6-42b1-a70d-3d6d5a94de90@group-4C98E9F0FD07-FollowerState
2022-03-02 21:34:28,536 [ff1229b5-7bf6-42b1-a70d-3d6d5a94de90@group-4C98E9F0FD07-FollowerState] INFO  server.RaftServer$Division (RaftServerImpl.java:setRole(290)) - ff1229b5-7bf6-42b1-a70d-3d6d5a94de90@group-4C98E9F0FD07: changes role from  FOLLOWER to CANDIDATE at term 4 for changeToCandidate
2022-03-02 21:34:28,536 [ff1229b5-7bf6-42b1-a70d-3d6d5a94de90@group-4C98E9F0FD07-FollowerState] INFO  server.RaftServerConfigKeys (ConfUtils.java:logGet(44)) - raft.server.leaderelection.pre-vote = false (custom)
2022-03-02 21:34:28,536 [ff1229b5-7bf6-42b1-a70d-3d6d5a94de90@group-4C98E9F0FD07-FollowerState] INFO  impl.RoleInfo (RoleInfo.java:updateAndGet(130)) - ff1229b5-7bf6-42b1-a70d-3d6d5a94de90: start ff1229b5-7bf6-42b1-a70d-3d6d5a94de90@group-4C98E9F0FD07-LeaderElection112
2022-03-02 21:34:28,551 [grpc-default-executor-5] WARN  server.GrpcLogAppender (LogUtils.java:warn(122)) - 269e0ee6-c833-446d-a842-94c77dd867fd@group-B508C26EB33E->39d9f1c0-7130-4277-8a35-add537f65258-AppendLogResponseHandler: Failed appendEntries: org.apache.ratis.thirdparty.io.grpc.StatusRuntimeException: UNAVAILABLE: io exception
2022-03-02 21:34:28,551 [grpc-default-executor-5] WARN  server.GrpcLogAppender (GrpcLogAppender.java:resetClient(110)) - 269e0ee6-c833-446d-a842-94c77dd867fd@group-B508C26EB33E->39d9f1c0-7130-4277-8a35-add537f65258-GrpcLogAppender: Leader has not got in touch with Follower 269e0ee6-c833-446d-a842-94c77dd867fd@group-B508C26EB33E->39d9f1c0-7130-4277-8a35-add537f65258(c0,m0,n1, attendVote=true, lastRpcSendTime=2522, lastRpcResponseTime=7581) yet, just keep nextIndex unchanged and retry.
2022-03-02 21:34:28,559 [ff1229b5-7bf6-42b1-a70d-3d6d5a94de90@group-4C98E9F0FD07-LeaderElection112] INFO  server.RaftServer$Division (ServerState.java:setLeader(285)) - ff1229b5-7bf6-42b1-a70d-3d6d5a94de90@group-4C98E9F0FD07: change Leader from 39d9f1c0-7130-4277-8a35-add537f65258 to null at term 4 for ELECTION
2022-03-02 21:34:28,561 [ff1229b5-7bf6-42b1-a70d-3d6d5a94de90@group-4C98E9F0FD07-LeaderElection112] INFO  impl.LeaderElection (LeaderElection.java:askForVotes(306)) - ff1229b5-7bf6-42b1-a70d-3d6d5a94de90@group-4C98E9F0FD07-LeaderElection112 ELECTION round 0: submit vote requests at term 5 for 0: [269e0ee6-c833-446d-a842-94c77dd867fd|rpc:10.1.0.35:35541|dataStream:|priority:0, 39d9f1c0-7130-4277-8a35-add537f65258|rpc:10.1.0.35:33025|dataStream:|priority:1, ff1229b5-7bf6-42b1-a70d-3d6d5a94de90|rpc:10.1.0.35:32847|dataStream:|priority:0], old=null
2022-03-02 21:34:28,570 [grpc-default-executor-5] INFO  server.RaftServer$Division (RaftServerImpl.java:requestVote(1046)) - 269e0ee6-c833-446d-a842-94c77dd867fd@group-4C98E9F0FD07: receive requestVote(ELECTION, ff1229b5-7bf6-42b1-a70d-3d6d5a94de90, group-4C98E9F0FD07, 5, (t:4, i:0))
2022-03-02 21:34:28,571 [grpc-default-executor-5] INFO  impl.VoteContext (VoteContext.java:log(48)) - 269e0ee6-c833-446d-a842-94c77dd867fd@group-4C98E9F0FD07-FOLLOWER: accept ELECTION from ff1229b5-7bf6-42b1-a70d-3d6d5a94de90: our priority 0 <= candidate's priority 0
2022-03-02 21:34:28,571 [grpc-default-executor-5] INFO  server.RaftServer$Division (ServerState.java:setLeader(285)) - 269e0ee6-c833-446d-a842-94c77dd867fd@group-4C98E9F0FD07: change Leader from 39d9f1c0-7130-4277-8a35-add537f65258 to null at term 5 for updateCurrentTerm
2022-03-02 21:34:28,571 [grpc-default-executor-5] INFO  server.RaftServer$Division (RaftServerImpl.java:setRole(290)) - 269e0ee6-c833-446d-a842-94c77dd867fd@group-4C98E9F0FD07: changes role from  FOLLOWER to FOLLOWER at term 5 for candidate:ff1229b5-7bf6-42b1-a70d-3d6d5a94de90
2022-03-02 21:34:28,571 [grpc-default-executor-5] INFO  impl.RoleInfo (RoleInfo.java:shutdownFollowerState(108)) - 269e0ee6-c833-446d-a842-94c77dd867fd: shutdown 269e0ee6-c833-446d-a842-94c77dd867fd@group-4C98E9F0FD07-FollowerState
2022-03-02 21:34:28,573 [grpc-default-executor-5] INFO  impl.RoleInfo (RoleInfo.java:updateAndGet(130)) - 269e0ee6-c833-446d-a842-94c77dd867fd: start 269e0ee6-c833-446d-a842-94c77dd867fd@group-4C98E9F0FD07-FollowerState
2022-03-02 21:34:28,573 [269e0ee6-c833-446d-a842-94c77dd867fd@group-4C98E9F0FD07-FollowerState] INFO  impl.FollowerState (FollowerState.java:run(143)) - 269e0ee6-c833-446d-a842-94c77dd867fd@group-4C98E9F0FD07-FollowerState was interrupted: {}
java.lang.InterruptedException: sleep interrupted
	at java.lang.Thread.sleep(Native Method)
	at java.lang.Thread.sleep(Thread.java:342)
	at java.util.concurrent.TimeUnit.sleep(TimeUnit.java:386)
	at org.apache.ratis.util.TimeDuration.sleep(TimeDuration.java:324)
	at org.apache.ratis.util.TimeDuration.sleep(TimeDuration.java:309)
	at org.apache.ratis.server.impl.FollowerState.run(FollowerState.java:118)
2022-03-02 21:34:28,589 [ff1229b5-7bf6-42b1-a70d-3d6d5a94de90@group-4C98E9F0FD07-LeaderElection112] INFO  impl.LeaderElection (LogUtils.java:infoOrTrace(137)) - ff1229b5-7bf6-42b1-a70d-3d6d5a94de90@group-4C98E9F0FD07-LeaderElection112 got exception when requesting votes: java.util.concurrent.ExecutionException: org.apache.ratis.thirdparty.io.grpc.StatusRuntimeException: UNAVAILABLE: io exception
2022-03-02 21:34:28,589 [grpc-default-executor-5] INFO  server.RaftServer$Division (RaftServerImpl.java:requestVote(1078)) - 269e0ee6-c833-446d-a842-94c77dd867fd@group-4C98E9F0FD07 replies to ELECTION vote request: ff1229b5-7bf6-42b1-a70d-3d6d5a94de90<-269e0ee6-c833-446d-a842-94c77dd867fd#0:OK-t5. Peer's state: 269e0ee6-c833-446d-a842-94c77dd867fd@group-4C98E9F0FD07:t5, leader=null, voted=ff1229b5-7bf6-42b1-a70d-3d6d5a94de90, raftlog=269e0ee6-c833-446d-a842-94c77dd867fd@group-4C98E9F0FD07-SegmentedRaftLog:OPENED:c0, conf=0: [269e0ee6-c833-446d-a842-94c77dd867fd|rpc:10.1.0.35:35541|dataStream:|priority:0, 39d9f1c0-7130-4277-8a35-add537f65258|rpc:10.1.0.35:33025|dataStream:|priority:1, ff1229b5-7bf6-42b1-a70d-3d6d5a94de90|rpc:10.1.0.35:32847|dataStream:|priority:0], old=null
2022-03-02 21:34:28,592 [ff1229b5-7bf6-42b1-a70d-3d6d5a94de90@group-4C98E9F0FD07-LeaderElection112] INFO  impl.LeaderElection (LeaderElection.java:logAndReturn(89)) - ff1229b5-7bf6-42b1-a70d-3d6d5a94de90@group-4C98E9F0FD07-LeaderElection112: ELECTION PASSED received 1 response(s) and 1 exception(s):
2022-03-02 21:34:28,592 [ff1229b5-7bf6-42b1-a70d-3d6d5a94de90@group-4C98E9F0FD07-LeaderElection112] INFO  impl.LeaderElection (LeaderElection.java:logAndReturn(93)) -   Response 0: ff1229b5-7bf6-42b1-a70d-3d6d5a94de90<-269e0ee6-c833-446d-a842-94c77dd867fd#0:OK-t5
2022-03-02 21:34:28,592 [ff1229b5-7bf6-42b1-a70d-3d6d5a94de90@group-4C98E9F0FD07-LeaderElection112] INFO  impl.LeaderElection (LogUtils.java:infoOrTrace(137)) -   Exception 1: java.util.concurrent.ExecutionException: org.apache.ratis.thirdparty.io.grpc.StatusRuntimeException: UNAVAILABLE: io exception
2022-03-02 21:34:28,592 [ff1229b5-7bf6-42b1-a70d-3d6d5a94de90@group-4C98E9F0FD07-LeaderElection112] INFO  impl.LeaderElection (LeaderElection.java:askForVotes(308)) - ff1229b5-7bf6-42b1-a70d-3d6d5a94de90@group-4C98E9F0FD07-LeaderElection112 ELECTION round 0: result PASSED
2022-03-02 21:34:28,592 [ff1229b5-7bf6-42b1-a70d-3d6d5a94de90@group-4C98E9F0FD07-LeaderElection112] INFO  impl.RoleInfo (RoleInfo.java:shutdownLeaderElection(121)) - ff1229b5-7bf6-42b1-a70d-3d6d5a94de90: shutdown ff1229b5-7bf6-42b1-a70d-3d6d5a94de90@group-4C98E9F0FD07-LeaderElection112
2022-03-02 21:34:28,592 [ff1229b5-7bf6-42b1-a70d-3d6d5a94de90@group-4C98E9F0FD07-LeaderElection112] INFO  server.RaftServer$Division (RaftServerImpl.java:setRole(290)) - ff1229b5-7bf6-42b1-a70d-3d6d5a94de90@group-4C98E9F0FD07: changes role from CANDIDATE to LEADER at term 5 for changeToLeader
2022-03-02 21:34:28,592 [ff1229b5-7bf6-42b1-a70d-3d6d5a94de90@group-4C98E9F0FD07-LeaderElection112] INFO  ratis.XceiverServerRatis (XceiverServerRatis.java:handleLeaderChangedNotification(867)) - Leader change notification received for group: group-4C98E9F0FD07 with new leaderId: ff1229b5-7bf6-42b1-a70d-3d6d5a94de90
2022-03-02 21:34:28,592 [ff1229b5-7bf6-42b1-a70d-3d6d5a94de90@group-4C98E9F0FD07-LeaderElection112] INFO  server.RaftServer$Division (ServerState.java:setLeader(285)) - ff1229b5-7bf6-42b1-a70d-3d6d5a94de90@group-4C98E9F0FD07: change Leader from null to ff1229b5-7bf6-42b1-a70d-3d6d5a94de90 at term 5 for becomeLeader, leader elected after 33ms
2022-03-02 21:34:28,593 [ff1229b5-7bf6-42b1-a70d-3d6d5a94de90@group-4C98E9F0FD07-LeaderElection112] INFO  server.RaftServerConfigKeys (ConfUtils.java:logGet(44)) - raft.server.staging.catchup.gap = 1000 (default)
2022-03-02 21:34:28,594 [ff1229b5-7bf6-42b1-a70d-3d6d5a94de90@group-4C98E9F0FD07-LeaderElection112] INFO  server.RaftServerConfigKeys (ConfUtils.java:logGet(44)) - raft.server.write.element-limit = 1024 (custom)
2022-03-02 21:34:28,594 [ff1229b5-7bf6-42b1-a70d-3d6d5a94de90@group-4C98E9F0FD07-LeaderElection112] INFO  server.RaftServerConfigKeys (ConfUtils.java:logGet(44)) - raft.server.write.byte-limit = 1024 M (=1073741824) (custom)
2022-03-02 21:34:28,594 [ff1229b5-7bf6-42b1-a70d-3d6d5a94de90@group-4C98E9F0FD07-LeaderElection112] INFO  server.RaftServerConfigKeys (ConfUtils.java:logGet(44)) - raft.server.watch.timeout = 3000ms (custom)
2022-03-02 21:34:28,594 [ff1229b5-7bf6-42b1-a70d-3d6d5a94de90@group-4C98E9F0FD07-LeaderElection112] INFO  server.RaftServerConfigKeys (ConfUtils.java:logGet(44)) - raft.server.watch.timeout.denomination = 1s (default)
2022-03-02 21:34:28,594 [ff1229b5-7bf6-42b1-a70d-3d6d5a94de90@group-4C98E9F0FD07-LeaderElection112] INFO  server.RaftServerConfigKeys (ConfUtils.java:logGet(44)) - raft.server.watch.element-limit = 65536 (default)
2022-03-02 21:34:28,595 [ff1229b5-7bf6-42b1-a70d-3d6d5a94de90@group-4C98E9F0FD07-LeaderElection112] INFO  server.RaftServerConfigKeys (ConfUtils.java:logGet(44)) - raft.server.write.element-limit = 1024 (custom)
2022-03-02 21:34:28,595 [ff1229b5-7bf6-42b1-a70d-3d6d5a94de90@group-4C98E9F0FD07-LeaderElection112] INFO  server.RaftServerConfigKeys (ConfUtils.java:logGet(44)) - raft.server.write.follower.gap.ratio.max = -1.0 (default)
2022-03-02 21:34:28,595 [ff1229b5-7bf6-42b1-a70d-3d6d5a94de90@group-4C98E9F0FD07-LeaderElection112] INFO  server.RaftServerConfigKeys (ConfUtils.java:logGet(44)) - raft.server.log.appender.snapshot.chunk.size.max = 16MB (=16777216) (default)
2022-03-02 21:34:28,595 [ff1229b5-7bf6-42b1-a70d-3d6d5a94de90@group-4C98E9F0FD07-LeaderElection112] INFO  server.RaftServerConfigKeys (ConfUtils.java:logGet(44)) - raft.server.log.appender.buffer.byte-limit = 33554432 (custom)
2022-03-02 21:34:28,595 [ff1229b5-7bf6-42b1-a70d-3d6d5a94de90@group-4C98E9F0FD07-LeaderElection112] INFO  server.RaftServerConfigKeys (ConfUtils.java:logGet(44)) - raft.server.log.appender.buffer.element-limit = 1 (custom)
2022-03-02 21:34:28,595 [ff1229b5-7bf6-42b1-a70d-3d6d5a94de90@group-4C98E9F0FD07-LeaderElection112] INFO  grpc.GrpcConfigKeys (ConfUtils.java:logGet(44)) - raft.grpc.server.leader.outstanding.appends.max = 128 (default)
2022-03-02 21:34:28,595 [ff1229b5-7bf6-42b1-a70d-3d6d5a94de90@group-4C98E9F0FD07-LeaderElection112] INFO  server.RaftServerConfigKeys (ConfUtils.java:logGet(44)) - raft.server.rpc.request.timeout = 3000ms (default)
2022-03-02 21:34:28,595 [ff1229b5-7bf6-42b1-a70d-3d6d5a94de90@group-4C98E9F0FD07-LeaderElection112] INFO  server.RaftServerConfigKeys (ConfUtils.java:logGet(44)) - raft.server.log.appender.install.snapshot.enabled = false (custom)
2022-03-02 21:34:28,596 [ff1229b5-7bf6-42b1-a70d-3d6d5a94de90@group-4C98E9F0FD07-LeaderElection112] INFO  server.RaftServerConfigKeys (ConfUtils.java:logGet(44)) - raft.server.log.appender.snapshot.chunk.size.max = 16MB (=16777216) (default)
2022-03-02 21:34:28,597 [ff1229b5-7bf6-42b1-a70d-3d6d5a94de90@group-4C98E9F0FD07-LeaderElection112] INFO  server.RaftServerConfigKeys (ConfUtils.java:logGet(44)) - raft.server.log.appender.buffer.byte-limit = 33554432 (custom)
2022-03-02 21:34:28,597 [ff1229b5-7bf6-42b1-a70d-3d6d5a94de90@group-4C98E9F0FD07-LeaderElection112] INFO  server.RaftServerConfigKeys (ConfUtils.java:logGet(44)) - raft.server.log.appender.buffer.element-limit = 1 (custom)
2022-03-02 21:34:28,597 [ff1229b5-7bf6-42b1-a70d-3d6d5a94de90@group-4C98E9F0FD07-LeaderElection112] INFO  grpc.GrpcConfigKeys (ConfUtils.java:logGet(44)) - raft.grpc.server.leader.outstanding.appends.max = 128 (default)
2022-03-02 21:34:28,597 [ff1229b5-7bf6-42b1-a70d-3d6d5a94de90@group-4C98E9F0FD07-LeaderElection112] INFO  server.RaftServerConfigKeys (ConfUtils.java:logGet(44)) - raft.server.rpc.request.timeout = 3000ms (default)
2022-03-02 21:34:28,597 [ff1229b5-7bf6-42b1-a70d-3d6d5a94de90@group-4C98E9F0FD07-LeaderElection112] INFO  server.RaftServerConfigKeys (ConfUtils.java:logGet(44)) - raft.server.log.appender.install.snapshot.enabled = false (custom)
2022-03-02 21:34:28,598 [ff1229b5-7bf6-42b1-a70d-3d6d5a94de90@group-4C98E9F0FD07-LeaderElection112] INFO  impl.RoleInfo (RoleInfo.java:updateAndGet(130)) - ff1229b5-7bf6-42b1-a70d-3d6d5a94de90: start ff1229b5-7bf6-42b1-a70d-3d6d5a94de90@group-4C98E9F0FD07-LeaderStateImpl
2022-03-02 21:34:28,598 [ff1229b5-7bf6-42b1-a70d-3d6d5a94de90@group-4C98E9F0FD07-LeaderElection112] INFO  segmented.SegmentedRaftLogWorker (SegmentedRaftLogWorker.java:rollLogSegment(399)) - ff1229b5-7bf6-42b1-a70d-3d6d5a94de90@group-4C98E9F0FD07-SegmentedRaftLogWorker: Rolling segment log-0_0 to index:0
2022-03-02 21:34:28,599 [ff1229b5-7bf6-42b1-a70d-3d6d5a94de90@group-4C98E9F0FD07-SegmentedRaftLogWorker] INFO  segmented.SegmentedRaftLogWorker (SegmentedRaftLogWorker.java:execute(558)) - ff1229b5-7bf6-42b1-a70d-3d6d5a94de90@group-4C98E9F0FD07-SegmentedRaftLogWorker: Rolled log segment from /home/runner/work/ozone/ozone/hadoop-ozone/integration-test/target/test-dir/MiniOzoneClusterImpl-f745d883-409d-4598-9a00-e779d9019c18/datanode-5/data/ratis/7222150f-7630-4924-8d62-4c98e9f0fd07/current/log_inprogress_0 to /home/runner/work/ozone/ozone/hadoop-ozone/integration-test/target/test-dir/MiniOzoneClusterImpl-f745d883-409d-4598-9a00-e779d9019c18/datanode-5/data/ratis/7222150f-7630-4924-8d62-4c98e9f0fd07/current/log_0-0
2022-03-02 21:34:28,600 [ff1229b5-7bf6-42b1-a70d-3d6d5a94de90@group-4C98E9F0FD07-SegmentedRaftLogWorker] INFO  segmented.SegmentedRaftLogWorker (SegmentedRaftLogWorker.java:execute(601)) - ff1229b5-7bf6-42b1-a70d-3d6d5a94de90@group-4C98E9F0FD07-SegmentedRaftLogWorker: created new log segment /home/runner/work/ozone/ozone/hadoop-ozone/integration-test/target/test-dir/MiniOzoneClusterImpl-f745d883-409d-4598-9a00-e779d9019c18/datanode-5/data/ratis/7222150f-7630-4924-8d62-4c98e9f0fd07/current/log_inprogress_1
2022-03-02 21:34:28,631 [grpc-default-executor-5] WARN  server.GrpcLogAppender (LogUtils.java:warn(122)) - ff1229b5-7bf6-42b1-a70d-3d6d5a94de90@group-4C98E9F0FD07->39d9f1c0-7130-4277-8a35-add537f65258-AppendLogResponseHandler: Failed appendEntries: org.apache.ratis.thirdparty.io.grpc.StatusRuntimeException: UNAVAILABLE: io exception
2022-03-02 21:34:28,632 [grpc-default-executor-5] WARN  server.GrpcLogAppender (GrpcLogAppender.java:resetClient(110)) - ff1229b5-7bf6-42b1-a70d-3d6d5a94de90@group-4C98E9F0FD07->39d9f1c0-7130-4277-8a35-add537f65258-GrpcLogAppender: Leader has not got in touch with Follower ff1229b5-7bf6-42b1-a70d-3d6d5a94de90@group-4C98E9F0FD07->39d9f1c0-7130-4277-8a35-add537f65258(c-1,m0,n1, attendVote=true, lastRpcSendTime=5237, lastRpcResponseTime=5237) yet, just keep nextIndex unchanged and retry.
2022-03-02 21:34:28,632 [grpc-default-executor-5] WARN  server.GrpcLogAppender (LogUtils.java:warn(122)) - ff1229b5-7bf6-42b1-a70d-3d6d5a94de90@group-4C98E9F0FD07->39d9f1c0-7130-4277-8a35-add537f65258-AppendLogResponseHandler: Failed appendEntries: org.apache.ratis.thirdparty.io.grpc.StatusRuntimeException: UNAVAILABLE: io exception
2022-03-02 21:34:28,633 [grpc-default-executor-5] WARN  server.GrpcLogAppender (GrpcLogAppender.java:resetClient(110)) - ff1229b5-7bf6-42b1-a70d-3d6d5a94de90@group-4C98E9F0FD07->39d9f1c0-7130-4277-8a35-add537f65258-GrpcLogAppender: Leader has not got in touch with Follower ff1229b5-7bf6-42b1-a70d-3d6d5a94de90@group-4C98E9F0FD07->39d9f1c0-7130-4277-8a35-add537f65258(c-1,m0,n2, attendVote=true, lastRpcSendTime=0, lastRpcResponseTime=5238) yet, just keep nextIndex unchanged and retry.
2022-03-02 21:34:28,637 [ff1229b5-7bf6-42b1-a70d-3d6d5a94de90@group-4C98E9F0FD07-LeaderElection112] INFO  server.RaftServer$Division (ServerState.java:setRaftConf(387)) - ff1229b5-7bf6-42b1-a70d-3d6d5a94de90@group-4C98E9F0FD07: set configuration 1: [269e0ee6-c833-446d-a842-94c77dd867fd|rpc:10.1.0.35:35541|dataStream:|priority:0, 39d9f1c0-7130-4277-8a35-add537f65258|rpc:10.1.0.35:33025|dataStream:|priority:1, ff1229b5-7bf6-42b1-a70d-3d6d5a94de90|rpc:10.1.0.35:32847|dataStream:|priority:0], old=null
2022-03-02 21:34:28,684 [grpc-default-executor-5] INFO  ratis.XceiverServerRatis (XceiverServerRatis.java:handleLeaderChangedNotification(867)) - Leader change notification received for group: group-4C98E9F0FD07 with new leaderId: ff1229b5-7bf6-42b1-a70d-3d6d5a94de90
2022-03-02 21:34:28,684 [grpc-default-executor-5] INFO  server.RaftServer$Division (ServerState.java:setLeader(285)) - 269e0ee6-c833-446d-a842-94c77dd867fd@group-4C98E9F0FD07: change Leader from null to ff1229b5-7bf6-42b1-a70d-3d6d5a94de90 at term 5 for appendEntries, leader elected after 113ms
2022-03-02 21:34:28,696 [grpc-default-executor-5] INFO  server.RaftServer$Division (ServerState.java:setRaftConf(387)) - 269e0ee6-c833-446d-a842-94c77dd867fd@group-4C98E9F0FD07: set configuration 1: [269e0ee6-c833-446d-a842-94c77dd867fd|rpc:10.1.0.35:35541|dataStream:|priority:0, 39d9f1c0-7130-4277-8a35-add537f65258|rpc:10.1.0.35:33025|dataStream:|priority:1, ff1229b5-7bf6-42b1-a70d-3d6d5a94de90|rpc:10.1.0.35:32847|dataStream:|priority:0], old=null
2022-03-02 21:34:28,696 [grpc-default-executor-5] INFO  segmented.SegmentedRaftLogWorker (SegmentedRaftLogWorker.java:rollLogSegment(399)) - 269e0ee6-c833-446d-a842-94c77dd867fd@group-4C98E9F0FD07-SegmentedRaftLogWorker: Rolling segment log-0_0 to index:0
2022-03-02 21:34:28,699 [269e0ee6-c833-446d-a842-94c77dd867fd@group-4C98E9F0FD07-SegmentedRaftLogWorker] INFO  segmented.SegmentedRaftLogWorker (SegmentedRaftLogWorker.java:execute(558)) - 269e0ee6-c833-446d-a842-94c77dd867fd@group-4C98E9F0FD07-SegmentedRaftLogWorker: Rolled log segment from /home/runner/work/ozone/ozone/hadoop-ozone/integration-test/target/test-dir/MiniOzoneClusterImpl-f745d883-409d-4598-9a00-e779d9019c18/datanode-3/data/ratis/7222150f-7630-4924-8d62-4c98e9f0fd07/current/log_inprogress_0 to /home/runner/work/ozone/ozone/hadoop-ozone/integration-test/target/test-dir/MiniOzoneClusterImpl-f745d883-409d-4598-9a00-e779d9019c18/datanode-3/data/ratis/7222150f-7630-4924-8d62-4c98e9f0fd07/current/log_0-0
2022-03-02 21:34:28,702 [269e0ee6-c833-446d-a842-94c77dd867fd@group-4C98E9F0FD07-SegmentedRaftLogWorker] INFO  segmented.SegmentedRaftLogWorker (SegmentedRaftLogWorker.java:execute(601)) - 269e0ee6-c833-446d-a842-94c77dd867fd@group-4C98E9F0FD07-SegmentedRaftLogWorker: created new log segment /home/runner/work/ozone/ozone/hadoop-ozone/integration-test/target/test-dir/MiniOzoneClusterImpl-f745d883-409d-4598-9a00-e779d9019c18/datanode-3/data/ratis/7222150f-7630-4924-8d62-4c98e9f0fd07/current/log_inprogress_1
2022-03-02 21:34:28,779 [grpc-default-executor-5] WARN  server.GrpcLogAppender (LogUtils.java:warn(122)) - 176cdbad-2e78-4d65-9cb6-df82a020a3cb@group-05C4B365625D->cdd5360e-d849-4e2b-b62b-b70fbd73a7e1-AppendLogResponseHandler: Failed appendEntries: org.apache.ratis.thirdparty.io.grpc.StatusRuntimeException: UNAVAILABLE: io exception
2022-03-02 21:34:28,779 [grpc-default-executor-5] WARN  server.GrpcLogAppender (GrpcLogAppender.java:resetClient(110)) - 176cdbad-2e78-4d65-9cb6-df82a020a3cb@group-05C4B365625D->cdd5360e-d849-4e2b-b62b-b70fbd73a7e1-GrpcLogAppender: Leader has not got in touch with Follower 176cdbad-2e78-4d65-9cb6-df82a020a3cb@group-05C4B365625D->cdd5360e-d849-4e2b-b62b-b70fbd73a7e1(c-1,m0,n1, attendVote=true, lastRpcSendTime=2545, lastRpcResponseTime=7810) yet, just keep nextIndex unchanged and retry.
2022-03-02 21:34:28,835 [grpc-default-executor-5] WARN  server.GrpcLogAppender (LogUtils.java:warn(122)) - ff1229b5-7bf6-42b1-a70d-3d6d5a94de90@group-4C98E9F0FD07->39d9f1c0-7130-4277-8a35-add537f65258-AppendLogResponseHandler: Failed appendEntries: org.apache.ratis.thirdparty.io.grpc.StatusRuntimeException: UNAVAILABLE: io exception
2022-03-02 21:34:28,835 [grpc-default-executor-5] WARN  server.GrpcLogAppender (GrpcLogAppender.java:resetClient(110)) - ff1229b5-7bf6-42b1-a70d-3d6d5a94de90@group-4C98E9F0FD07->39d9f1c0-7130-4277-8a35-add537f65258-GrpcLogAppender: Leader has not got in touch with Follower ff1229b5-7bf6-42b1-a70d-3d6d5a94de90@group-4C98E9F0FD07->39d9f1c0-7130-4277-8a35-add537f65258(c-1,m0,n3, attendVote=true, lastRpcSendTime=202, lastRpcResponseTime=5440) yet, just keep nextIndex unchanged and retry.
2022-03-02 21:34:29,501 [grpc-default-executor-5] WARN  server.GrpcLogAppender (LogUtils.java:warn(122)) - 176cdbad-2e78-4d65-9cb6-df82a020a3cb@group-B24374D265BF->cdd5360e-d849-4e2b-b62b-b70fbd73a7e1-AppendLogResponseHandler: Failed appendEntries: org.apache.ratis.thirdparty.io.grpc.StatusRuntimeException: UNAVAILABLE: io exception
2022-03-02 21:34:29,501 [grpc-default-executor-5] WARN  server.GrpcLogAppender (GrpcLogAppender.java:resetClient(110)) - 176cdbad-2e78-4d65-9cb6-df82a020a3cb@group-B24374D265BF->cdd5360e-d849-4e2b-b62b-b70fbd73a7e1-GrpcLogAppender: Leader has not got in touch with Follower 176cdbad-2e78-4d65-9cb6-df82a020a3cb@group-B24374D265BF->cdd5360e-d849-4e2b-b62b-b70fbd73a7e1(c-1,m0,n1, attendVote=true, lastRpcSendTime=2502, lastRpcResponseTime=12957) yet, just keep nextIndex unchanged and retry.
2022-03-02 21:34:30,755 [grpc-default-executor-5] WARN  server.GrpcLogAppender (LogUtils.java:warn(122)) - ff1229b5-7bf6-42b1-a70d-3d6d5a94de90@group-F48392E64407->39d9f1c0-7130-4277-8a35-add537f65258-AppendLogResponseHandler: Failed appendEntries: org.apache.ratis.thirdparty.io.grpc.StatusRuntimeException: UNAVAILABLE: io exception
2022-03-02 21:34:30,755 [grpc-default-executor-5] WARN  server.GrpcLogAppender (GrpcLogAppender.java:resetClient(110)) - ff1229b5-7bf6-42b1-a70d-3d6d5a94de90@group-F48392E64407->39d9f1c0-7130-4277-8a35-add537f65258-GrpcLogAppender: Leader has not got in touch with Follower ff1229b5-7bf6-42b1-a70d-3d6d5a94de90@group-F48392E64407->39d9f1c0-7130-4277-8a35-add537f65258(c0,m0,n1, attendVote=true, lastRpcSendTime=4, lastRpcResponseTime=10033) yet, just keep nextIndex unchanged and retry.
2022-03-02 21:34:31,063 [grpc-default-executor-5] WARN  server.GrpcLogAppender (LogUtils.java:warn(122)) - 269e0ee6-c833-446d-a842-94c77dd867fd@group-B508C26EB33E->39d9f1c0-7130-4277-8a35-add537f65258-AppendLogResponseHandler: Failed appendEntries: org.apache.ratis.thirdparty.io.grpc.StatusRuntimeException: UNAVAILABLE: io exception
2022-03-02 21:34:31,067 [grpc-default-executor-5] WARN  server.GrpcLogAppender (GrpcLogAppender.java:resetClient(110)) - 269e0ee6-c833-446d-a842-94c77dd867fd@group-B508C26EB33E->39d9f1c0-7130-4277-8a35-add537f65258-GrpcLogAppender: Leader has not got in touch with Follower 269e0ee6-c833-446d-a842-94c77dd867fd@group-B508C26EB33E->39d9f1c0-7130-4277-8a35-add537f65258(c0,m0,n1, attendVote=true, lastRpcSendTime=2515, lastRpcResponseTime=10096) yet, just keep nextIndex unchanged and retry.
2022-03-02 21:34:31,311 [grpc-default-executor-5] WARN  server.GrpcLogAppender (LogUtils.java:warn(122)) - 176cdbad-2e78-4d65-9cb6-df82a020a3cb@group-05C4B365625D->cdd5360e-d849-4e2b-b62b-b70fbd73a7e1-AppendLogResponseHandler: Failed appendEntries: org.apache.ratis.thirdparty.io.grpc.StatusRuntimeException: UNAVAILABLE: io exception
2022-03-02 21:34:31,311 [grpc-default-executor-5] WARN  server.GrpcLogAppender (GrpcLogAppender.java:resetClient(110)) - 176cdbad-2e78-4d65-9cb6-df82a020a3cb@group-05C4B365625D->cdd5360e-d849-4e2b-b62b-b70fbd73a7e1-GrpcLogAppender: Leader has not got in touch with Follower 176cdbad-2e78-4d65-9cb6-df82a020a3cb@group-05C4B365625D->cdd5360e-d849-4e2b-b62b-b70fbd73a7e1(c-1,m0,n1, attendVote=true, lastRpcSendTime=2531, lastRpcResponseTime=10342) yet, just keep nextIndex unchanged and retry.
2022-03-02 21:34:31,335 [grpc-default-executor-5] WARN  server.GrpcLogAppender (LogUtils.java:warn(122)) - ff1229b5-7bf6-42b1-a70d-3d6d5a94de90@group-4C98E9F0FD07->39d9f1c0-7130-4277-8a35-add537f65258-AppendLogResponseHandler: Failed appendEntries: org.apache.ratis.thirdparty.io.grpc.StatusRuntimeException: UNAVAILABLE: io exception
2022-03-02 21:34:31,336 [grpc-default-executor-5] WARN  server.GrpcLogAppender (GrpcLogAppender.java:resetClient(110)) - ff1229b5-7bf6-42b1-a70d-3d6d5a94de90@group-4C98E9F0FD07->39d9f1c0-7130-4277-8a35-add537f65258-GrpcLogAppender: Leader has not got in touch with Follower ff1229b5-7bf6-42b1-a70d-3d6d5a94de90@group-4C98E9F0FD07->39d9f1c0-7130-4277-8a35-add537f65258(c-1,m0,n3, attendVote=true, lastRpcSendTime=0, lastRpcResponseTime=7941) yet, just keep nextIndex unchanged and retry.
2022-03-02 21:34:31,669 [Listener at 127.0.0.1/33667] INFO  ozoneimpl.OzoneContainer (OzoneContainer.java:stop(356)) - Attempting to stop container services.
2022-03-02 21:34:31,670 [Listener at 127.0.0.1/33667] INFO  server.RaftServer (RaftServerProxy.java:lambda$close$6(391)) - 176cdbad-2e78-4d65-9cb6-df82a020a3cb: close
2022-03-02 21:34:31,670 [Listener at 127.0.0.1/33667] INFO  server.RaftServer$Division (RaftServerImpl.java:lambda$close$4(412)) - 176cdbad-2e78-4d65-9cb6-df82a020a3cb@group-05C4B365625D: shutdown
2022-03-02 21:34:31,670 [Listener at 127.0.0.1/33667] INFO  util.JmxRegister (JmxRegister.java:unregister(73)) - Successfully un-registered JMX Bean with object name Ratis:service=RaftServer,group=group-05C4B365625D,id=176cdbad-2e78-4d65-9cb6-df82a020a3cb
2022-03-02 21:34:31,670 [Listener at 127.0.0.1/33667] INFO  impl.RoleInfo (RoleInfo.java:shutdownLeaderState(91)) - 176cdbad-2e78-4d65-9cb6-df82a020a3cb: shutdown 176cdbad-2e78-4d65-9cb6-df82a020a3cb@group-05C4B365625D-LeaderStateImpl
2022-03-02 21:34:31,671 [Listener at 127.0.0.1/33667] INFO  impl.PendingRequests (PendingRequests.java:sendNotLeaderResponses(282)) - 176cdbad-2e78-4d65-9cb6-df82a020a3cb@group-05C4B365625D-PendingRequests: sendNotLeaderResponses
2022-03-02 21:34:31,671 [Listener at 127.0.0.1/33667] INFO  impl.StateMachineUpdater (StateMachineUpdater.java:stopAndJoin(149)) - 176cdbad-2e78-4d65-9cb6-df82a020a3cb@group-05C4B365625D-StateMachineUpdater: set stopIndex = 0
2022-03-02 21:34:31,672 [176cdbad-2e78-4d65-9cb6-df82a020a3cb@group-05C4B365625D-StateMachineUpdater] INFO  ratis.ContainerStateMachine (ContainerStateMachine.java:takeSnapshot(304)) - group-05C4B365625D: Taking a snapshot at:(t:2, i:0) file /home/runner/work/ozone/ozone/hadoop-ozone/integration-test/target/test-dir/MiniOzoneClusterImpl-f745d883-409d-4598-9a00-e779d9019c18/datanode-6/data/ratis/e486f70c-26fe-495e-ae57-05c4b365625d/sm/snapshot.2_0
2022-03-02 21:34:31,671 [176cdbad-2e78-4d65-9cb6-df82a020a3cb@group-05C4B365625D->06306a50-9ba9-4128-94e0-55d591e142a1-GrpcLogAppender-LogAppenderDaemon] WARN  server.GrpcLogAppender (GrpcLogAppender.java:mayWait(177)) - 176cdbad-2e78-4d65-9cb6-df82a020a3cb@group-05C4B365625D->06306a50-9ba9-4128-94e0-55d591e142a1-GrpcLogAppender: Wait interrupted by java.lang.InterruptedException
2022-03-02 21:34:31,672 [grpc-default-executor-5] INFO  server.GrpcServerProtocolService (GrpcServerProtocolService.java:onCompleted(140)) - 06306a50-9ba9-4128-94e0-55d591e142a1: Completed APPEND_ENTRIES, lastRequest: 176cdbad-2e78-4d65-9cb6-df82a020a3cb->06306a50-9ba9-4128-94e0-55d591e142a1#1-t2,previous=(t:0, i:0),leaderCommit=-1,initializing? true,entries: size=1, first=(t:2, i:0), CONFIGURATIONENTRY
2022-03-02 21:34:31,673 [176cdbad-2e78-4d65-9cb6-df82a020a3cb@group-05C4B365625D-StateMachineUpdater] INFO  ratis.ContainerStateMachine (ContainerStateMachine.java:takeSnapshot(315)) - group-05C4B365625D: Finished taking a snapshot at:(t:2, i:0) file:/home/runner/work/ozone/ozone/hadoop-ozone/integration-test/target/test-dir/MiniOzoneClusterImpl-f745d883-409d-4598-9a00-e779d9019c18/datanode-6/data/ratis/e486f70c-26fe-495e-ae57-05c4b365625d/sm/snapshot.2_0 took: 1 ms
2022-03-02 21:34:31,673 [176cdbad-2e78-4d65-9cb6-df82a020a3cb@group-05C4B365625D-StateMachineUpdater] INFO  impl.StateMachineUpdater (StateMachineUpdater.java:takeSnapshot(281)) - 176cdbad-2e78-4d65-9cb6-df82a020a3cb@group-05C4B365625D-StateMachineUpdater: Took a snapshot at index 0
2022-03-02 21:34:31,673 [176cdbad-2e78-4d65-9cb6-df82a020a3cb@group-05C4B365625D-StateMachineUpdater] INFO  impl.StateMachineUpdater (StateMachineUpdater.java:lambda$new$0(89)) - 176cdbad-2e78-4d65-9cb6-df82a020a3cb@group-05C4B365625D-StateMachineUpdater: snapshotIndex: updateIncreasingly -1 -> 0
2022-03-02 21:34:31,673 [grpc-default-executor-2] INFO  server.GrpcLogAppender (GrpcLogAppender.java:onCompleted(346)) - 176cdbad-2e78-4d65-9cb6-df82a020a3cb@group-05C4B365625D->06306a50-9ba9-4128-94e0-55d591e142a1-AppendLogResponseHandler: follower responses appendEntries COMPLETED
2022-03-02 21:34:31,673 [grpc-default-executor-2] INFO  leader.FollowerInfo (FollowerInfoImpl.java:lambda$new$0(47)) - 176cdbad-2e78-4d65-9cb6-df82a020a3cb@group-05C4B365625D->06306a50-9ba9-4128-94e0-55d591e142a1: nextIndex: updateUnconditionally 1 -> 0
2022-03-02 21:34:31,673 [Listener at 127.0.0.1/33667] INFO  server.RaftServer$Division (ServerState.java:close(419)) - 176cdbad-2e78-4d65-9cb6-df82a020a3cb@group-05C4B365625D: closes. applyIndex: 0
2022-03-02 21:34:31,674 [176cdbad-2e78-4d65-9cb6-df82a020a3cb@group-05C4B365625D-SegmentedRaftLogWorker] INFO  segmented.SegmentedRaftLogWorker (SegmentedRaftLogWorker.java:run(327)) - 176cdbad-2e78-4d65-9cb6-df82a020a3cb@group-05C4B365625D-SegmentedRaftLogWorker was interrupted, exiting. There are 0 tasks remaining in the queue.
2022-03-02 21:34:31,703 [Listener at 127.0.0.1/33667] INFO  segmented.SegmentedRaftLogWorker (SegmentedRaftLogWorker.java:close(237)) - 176cdbad-2e78-4d65-9cb6-df82a020a3cb@group-05C4B365625D-SegmentedRaftLogWorker close()
2022-03-02 21:34:31,715 [Listener at 127.0.0.1/33667] INFO  server.RaftServer$Division (RaftServerImpl.java:lambda$close$4(412)) - 176cdbad-2e78-4d65-9cb6-df82a020a3cb@group-B24374D265BF: shutdown
2022-03-02 21:34:31,715 [Listener at 127.0.0.1/33667] INFO  util.JmxRegister (JmxRegister.java:unregister(73)) - Successfully un-registered JMX Bean with object name Ratis:service=RaftServer,group=group-B24374D265BF,id=176cdbad-2e78-4d65-9cb6-df82a020a3cb
2022-03-02 21:34:31,715 [Listener at 127.0.0.1/33667] INFO  impl.RoleInfo (RoleInfo.java:shutdownLeaderState(91)) - 176cdbad-2e78-4d65-9cb6-df82a020a3cb: shutdown 176cdbad-2e78-4d65-9cb6-df82a020a3cb@group-B24374D265BF-LeaderStateImpl
2022-03-02 21:34:31,715 [Listener at 127.0.0.1/33667] INFO  impl.PendingRequests (PendingRequests.java:sendNotLeaderResponses(282)) - 176cdbad-2e78-4d65-9cb6-df82a020a3cb@group-B24374D265BF-PendingRequests: sendNotLeaderResponses
2022-03-02 21:34:31,716 [Listener at 127.0.0.1/33667] INFO  impl.StateMachineUpdater (StateMachineUpdater.java:stopAndJoin(149)) - 176cdbad-2e78-4d65-9cb6-df82a020a3cb@group-B24374D265BF-StateMachineUpdater: set stopIndex = 0
2022-03-02 21:34:31,718 [176cdbad-2e78-4d65-9cb6-df82a020a3cb@group-B24374D265BF-StateMachineUpdater] INFO  ratis.ContainerStateMachine (ContainerStateMachine.java:takeSnapshot(304)) - group-B24374D265BF: Taking a snapshot at:(t:1, i:0) file /home/runner/work/ozone/ozone/hadoop-ozone/integration-test/target/test-dir/MiniOzoneClusterImpl-f745d883-409d-4598-9a00-e779d9019c18/datanode-6/data/ratis/5087f059-a113-4b89-88cc-b24374d265bf/sm/snapshot.1_0
2022-03-02 21:34:31,727 [176cdbad-2e78-4d65-9cb6-df82a020a3cb@group-B24374D265BF-StateMachineUpdater] INFO  ratis.ContainerStateMachine (ContainerStateMachine.java:takeSnapshot(315)) - group-B24374D265BF: Finished taking a snapshot at:(t:1, i:0) file:/home/runner/work/ozone/ozone/hadoop-ozone/integration-test/target/test-dir/MiniOzoneClusterImpl-f745d883-409d-4598-9a00-e779d9019c18/datanode-6/data/ratis/5087f059-a113-4b89-88cc-b24374d265bf/sm/snapshot.1_0 took: 9 ms
2022-03-02 21:34:31,727 [176cdbad-2e78-4d65-9cb6-df82a020a3cb@group-B24374D265BF-StateMachineUpdater] INFO  impl.StateMachineUpdater (StateMachineUpdater.java:takeSnapshot(281)) - 176cdbad-2e78-4d65-9cb6-df82a020a3cb@group-B24374D265BF-StateMachineUpdater: Took a snapshot at index 0
2022-03-02 21:34:31,727 [176cdbad-2e78-4d65-9cb6-df82a020a3cb@group-B24374D265BF-StateMachineUpdater] INFO  impl.StateMachineUpdater (StateMachineUpdater.java:lambda$new$0(89)) - 176cdbad-2e78-4d65-9cb6-df82a020a3cb@group-B24374D265BF-StateMachineUpdater: snapshotIndex: updateIncreasingly -1 -> 0
2022-03-02 21:34:31,731 [Listener at 127.0.0.1/33667] INFO  server.RaftServer$Division (ServerState.java:close(419)) - 176cdbad-2e78-4d65-9cb6-df82a020a3cb@group-B24374D265BF: closes. applyIndex: 0
2022-03-02 21:34:31,731 [176cdbad-2e78-4d65-9cb6-df82a020a3cb@group-B24374D265BF-SegmentedRaftLogWorker] INFO  segmented.SegmentedRaftLogWorker (SegmentedRaftLogWorker.java:run(327)) - 176cdbad-2e78-4d65-9cb6-df82a020a3cb@group-B24374D265BF-SegmentedRaftLogWorker was interrupted, exiting. There are 0 tasks remaining in the queue.
2022-03-02 21:34:31,735 [176cdbad-2e78-4d65-9cb6-df82a020a3cb@group-B24374D265BF->06306a50-9ba9-4128-94e0-55d591e142a1-GrpcLogAppender-LogAppenderDaemon] WARN  server.GrpcLogAppender (GrpcLogAppender.java:mayWait(177)) - 176cdbad-2e78-4d65-9cb6-df82a020a3cb@group-B24374D265BF->06306a50-9ba9-4128-94e0-55d591e142a1-GrpcLogAppender: Wait interrupted by java.lang.InterruptedException
2022-03-02 21:34:31,735 [grpc-default-executor-2] INFO  server.GrpcServerProtocolService (GrpcServerProtocolService.java:onCompleted(140)) - 06306a50-9ba9-4128-94e0-55d591e142a1: Completed APPEND_ENTRIES, lastRequest: 176cdbad-2e78-4d65-9cb6-df82a020a3cb->06306a50-9ba9-4128-94e0-55d591e142a1#1-t1,previous=(t:0, i:0),leaderCommit=-1,initializing? true,entries: size=1, first=(t:1, i:0), CONFIGURATIONENTRY
2022-03-02 21:34:31,736 [grpc-default-executor-5] INFO  server.GrpcLogAppender (GrpcLogAppender.java:onCompleted(346)) - 176cdbad-2e78-4d65-9cb6-df82a020a3cb@group-B24374D265BF->06306a50-9ba9-4128-94e0-55d591e142a1-AppendLogResponseHandler: follower responses appendEntries COMPLETED
2022-03-02 21:34:31,736 [grpc-default-executor-5] INFO  leader.FollowerInfo (FollowerInfoImpl.java:lambda$new$0(47)) - 176cdbad-2e78-4d65-9cb6-df82a020a3cb@group-B24374D265BF->06306a50-9ba9-4128-94e0-55d591e142a1: nextIndex: updateUnconditionally 1 -> 0
2022-03-02 21:34:31,748 [Listener at 127.0.0.1/33667] INFO  segmented.SegmentedRaftLogWorker (SegmentedRaftLogWorker.java:close(237)) - 176cdbad-2e78-4d65-9cb6-df82a020a3cb@group-B24374D265BF-SegmentedRaftLogWorker close()
2022-03-02 21:34:31,750 [06306a50-9ba9-4128-94e0-55d591e142a1@group-D1C6F700E880-FollowerState] INFO  impl.FollowerState (FollowerState.java:run(134)) - 06306a50-9ba9-4128-94e0-55d591e142a1@group-D1C6F700E880-FollowerState: change to CANDIDATE, lastRpcElapsedTime:5118095375ns, electionTimeout:5083ms
2022-03-02 21:34:31,750 [06306a50-9ba9-4128-94e0-55d591e142a1@group-D1C6F700E880-FollowerState] INFO  impl.RoleInfo (RoleInfo.java:shutdownFollowerState(108)) - 06306a50-9ba9-4128-94e0-55d591e142a1: shutdown 06306a50-9ba9-4128-94e0-55d591e142a1@group-D1C6F700E880-FollowerState
2022-03-02 21:34:31,750 [06306a50-9ba9-4128-94e0-55d591e142a1@group-D1C6F700E880-FollowerState] INFO  server.RaftServer$Division (RaftServerImpl.java:setRole(290)) - 06306a50-9ba9-4128-94e0-55d591e142a1@group-D1C6F700E880: changes role from  FOLLOWER to CANDIDATE at term 2 for changeToCandidate
2022-03-02 21:34:31,750 [06306a50-9ba9-4128-94e0-55d591e142a1@group-D1C6F700E880-FollowerState] INFO  server.RaftServerConfigKeys (ConfUtils.java:logGet(44)) - raft.server.leaderelection.pre-vote = false (custom)
2022-03-02 21:34:31,750 [06306a50-9ba9-4128-94e0-55d591e142a1@group-D1C6F700E880-FollowerState] INFO  impl.RoleInfo (RoleInfo.java:updateAndGet(130)) - 06306a50-9ba9-4128-94e0-55d591e142a1: start 06306a50-9ba9-4128-94e0-55d591e142a1@group-D1C6F700E880-LeaderElection113
2022-03-02 21:34:31,751 [Listener at 127.0.0.1/33667] INFO  server.RaftServer$Division (RaftServerImpl.java:lambda$close$4(412)) - 176cdbad-2e78-4d65-9cb6-df82a020a3cb@group-02F814D75679: shutdown
2022-03-02 21:34:31,751 [Listener at 127.0.0.1/33667] INFO  util.JmxRegister (JmxRegister.java:unregister(73)) - Successfully un-registered JMX Bean with object name Ratis:service=RaftServer,group=group-02F814D75679,id=176cdbad-2e78-4d65-9cb6-df82a020a3cb
2022-03-02 21:34:31,751 [Listener at 127.0.0.1/33667] INFO  impl.RoleInfo (RoleInfo.java:shutdownLeaderState(91)) - 176cdbad-2e78-4d65-9cb6-df82a020a3cb: shutdown 176cdbad-2e78-4d65-9cb6-df82a020a3cb@group-02F814D75679-LeaderStateImpl
2022-03-02 21:34:31,751 [Listener at 127.0.0.1/33667] INFO  impl.PendingRequests (PendingRequests.java:sendNotLeaderResponses(282)) - 176cdbad-2e78-4d65-9cb6-df82a020a3cb@group-02F814D75679-PendingRequests: sendNotLeaderResponses
2022-03-02 21:34:31,795 [ca012516-14dd-42cd-8742-1c9d04d43fd5@group-D1C6F700E880-FollowerState] INFO  impl.FollowerState (FollowerState.java:run(134)) - ca012516-14dd-42cd-8742-1c9d04d43fd5@group-D1C6F700E880-FollowerState: change to CANDIDATE, lastRpcElapsedTime:5174338524ns, electionTimeout:5167ms
2022-03-02 21:34:31,795 [ca012516-14dd-42cd-8742-1c9d04d43fd5@group-D1C6F700E880-FollowerState] INFO  impl.RoleInfo (RoleInfo.java:shutdownFollowerState(108)) - ca012516-14dd-42cd-8742-1c9d04d43fd5: shutdown ca012516-14dd-42cd-8742-1c9d04d43fd5@group-D1C6F700E880-FollowerState
2022-03-02 21:34:31,795 [ca012516-14dd-42cd-8742-1c9d04d43fd5@group-D1C6F700E880-FollowerState] INFO  server.RaftServer$Division (RaftServerImpl.java:setRole(290)) - ca012516-14dd-42cd-8742-1c9d04d43fd5@group-D1C6F700E880: changes role from  FOLLOWER to CANDIDATE at term 2 for changeToCandidate
2022-03-02 21:34:31,795 [ca012516-14dd-42cd-8742-1c9d04d43fd5@group-D1C6F700E880-FollowerState] INFO  server.RaftServerConfigKeys (ConfUtils.java:logGet(44)) - raft.server.leaderelection.pre-vote = false (custom)
2022-03-02 21:34:31,795 [ca012516-14dd-42cd-8742-1c9d04d43fd5@group-D1C6F700E880-FollowerState] INFO  impl.RoleInfo (RoleInfo.java:updateAndGet(130)) - ca012516-14dd-42cd-8742-1c9d04d43fd5: start ca012516-14dd-42cd-8742-1c9d04d43fd5@group-D1C6F700E880-LeaderElection114
2022-03-02 21:34:31,800 [ca012516-14dd-42cd-8742-1c9d04d43fd5@group-D1C6F700E880-LeaderElection114] INFO  impl.LeaderElection (LeaderElection.java:askForVotes(306)) - ca012516-14dd-42cd-8742-1c9d04d43fd5@group-D1C6F700E880-LeaderElection114 ELECTION round 0: submit vote requests at term 3 for -1: [cdd5360e-d849-4e2b-b62b-b70fbd73a7e1|rpc:10.1.0.35:36141|dataStream:|priority:0, 06306a50-9ba9-4128-94e0-55d591e142a1|rpc:10.1.0.35:42445|dataStream:|priority:1, ca012516-14dd-42cd-8742-1c9d04d43fd5|rpc:10.1.0.35:34561|dataStream:|priority:0], old=null
2022-03-02 21:34:31,813 [ca012516-14dd-42cd-8742-1c9d04d43fd5@group-D1C6F700E880-LeaderElection114] INFO  impl.LeaderElection (LogUtils.java:infoOrTrace(137)) - ca012516-14dd-42cd-8742-1c9d04d43fd5@group-D1C6F700E880-LeaderElection114 got exception when requesting votes: java.util.concurrent.ExecutionException: org.apache.ratis.thirdparty.io.grpc.StatusRuntimeException: UNAVAILABLE: io exception
2022-03-02 21:34:31,815 [grpc-default-executor-5] INFO  server.RaftServer$Division (RaftServerImpl.java:requestVote(1046)) - 06306a50-9ba9-4128-94e0-55d591e142a1@group-D1C6F700E880: receive requestVote(ELECTION, ca012516-14dd-42cd-8742-1c9d04d43fd5, group-D1C6F700E880, 3, (t:0, i:0))
2022-03-02 21:34:31,815 [grpc-default-executor-5] INFO  impl.VoteContext (VoteContext.java:log(48)) - 06306a50-9ba9-4128-94e0-55d591e142a1@group-D1C6F700E880-CANDIDATE: reject ELECTION from ca012516-14dd-42cd-8742-1c9d04d43fd5: our priority 1 > candidate's priority 0
2022-03-02 21:34:31,815 [grpc-default-executor-5] INFO  server.RaftServer$Division (RaftServerImpl.java:setRole(290)) - 06306a50-9ba9-4128-94e0-55d591e142a1@group-D1C6F700E880: changes role from CANDIDATE to FOLLOWER at term 3 for candidate:ca012516-14dd-42cd-8742-1c9d04d43fd5
2022-03-02 21:34:31,815 [grpc-default-executor-5] INFO  impl.RoleInfo (RoleInfo.java:shutdownLeaderElection(121)) - 06306a50-9ba9-4128-94e0-55d591e142a1: shutdown 06306a50-9ba9-4128-94e0-55d591e142a1@group-D1C6F700E880-LeaderElection113
2022-03-02 21:34:31,815 [grpc-default-executor-5] INFO  impl.RoleInfo (RoleInfo.java:updateAndGet(130)) - 06306a50-9ba9-4128-94e0-55d591e142a1: start 06306a50-9ba9-4128-94e0-55d591e142a1@group-D1C6F700E880-FollowerState
2022-03-02 21:34:31,836 [Listener at 127.0.0.1/33667] INFO  impl.StateMachineUpdater (StateMachineUpdater.java:stopAndJoin(149)) - 176cdbad-2e78-4d65-9cb6-df82a020a3cb@group-02F814D75679-StateMachineUpdater: set stopIndex = 13
2022-03-02 21:34:31,836 [176cdbad-2e78-4d65-9cb6-df82a020a3cb@group-02F814D75679-StateMachineUpdater] INFO  ratis.ContainerStateMachine (ContainerStateMachine.java:takeSnapshot(304)) - group-02F814D75679: Taking a snapshot at:(t:1, i:13) file /home/runner/work/ozone/ozone/hadoop-ozone/integration-test/target/test-dir/MiniOzoneClusterImpl-f745d883-409d-4598-9a00-e779d9019c18/datanode-6/data/ratis/c99ef66f-09a6-43aa-a065-02f814d75679/sm/snapshot.1_13
2022-03-02 21:34:31,838 [176cdbad-2e78-4d65-9cb6-df82a020a3cb@group-02F814D75679-StateMachineUpdater] INFO  ratis.ContainerStateMachine (ContainerStateMachine.java:takeSnapshot(315)) - group-02F814D75679: Finished taking a snapshot at:(t:1, i:13) file:/home/runner/work/ozone/ozone/hadoop-ozone/integration-test/target/test-dir/MiniOzoneClusterImpl-f745d883-409d-4598-9a00-e779d9019c18/datanode-6/data/ratis/c99ef66f-09a6-43aa-a065-02f814d75679/sm/snapshot.1_13 took: 2 ms
2022-03-02 21:34:31,838 [176cdbad-2e78-4d65-9cb6-df82a020a3cb@group-02F814D75679-StateMachineUpdater] INFO  impl.StateMachineUpdater (StateMachineUpdater.java:takeSnapshot(281)) - 176cdbad-2e78-4d65-9cb6-df82a020a3cb@group-02F814D75679-StateMachineUpdater: Took a snapshot at index 13
2022-03-02 21:34:31,838 [176cdbad-2e78-4d65-9cb6-df82a020a3cb@group-02F814D75679-StateMachineUpdater] INFO  impl.StateMachineUpdater (StateMachineUpdater.java:lambda$new$0(89)) - 176cdbad-2e78-4d65-9cb6-df82a020a3cb@group-02F814D75679-StateMachineUpdater: snapshotIndex: updateIncreasingly -1 -> 13
2022-03-02 21:34:31,839 [Listener at 127.0.0.1/33667] INFO  server.RaftServer$Division (ServerState.java:close(419)) - 176cdbad-2e78-4d65-9cb6-df82a020a3cb@group-02F814D75679: closes. applyIndex: 13
2022-03-02 21:34:31,839 [176cdbad-2e78-4d65-9cb6-df82a020a3cb@group-02F814D75679-SegmentedRaftLogWorker] INFO  segmented.SegmentedRaftLogWorker (SegmentedRaftLogWorker.java:run(327)) - 176cdbad-2e78-4d65-9cb6-df82a020a3cb@group-02F814D75679-SegmentedRaftLogWorker was interrupted, exiting. There are 0 tasks remaining in the queue.
2022-03-02 21:34:31,840 [06306a50-9ba9-4128-94e0-55d591e142a1@group-D1C6F700E880-LeaderElection113] INFO  impl.LeaderElection (LeaderElection.java:run(230)) - 06306a50-9ba9-4128-94e0-55d591e142a1@group-D1C6F700E880-LeaderElection113: skip running since this is already CLOSING
2022-03-02 21:34:31,846 [Listener at 127.0.0.1/33667] INFO  segmented.SegmentedRaftLogWorker (SegmentedRaftLogWorker.java:close(237)) - 176cdbad-2e78-4d65-9cb6-df82a020a3cb@group-02F814D75679-SegmentedRaftLogWorker close()
2022-03-02 21:34:31,846 [Listener at 127.0.0.1/33667] INFO  server.GrpcService (GrpcService.java:closeImpl(262)) - 176cdbad-2e78-4d65-9cb6-df82a020a3cb: shutdown server with port 36905 now
2022-03-02 21:34:31,878 [grpc-default-executor-5] INFO  server.RaftServer$Division (RaftServerImpl.java:requestVote(1078)) - 06306a50-9ba9-4128-94e0-55d591e142a1@group-D1C6F700E880 replies to ELECTION vote request: ca012516-14dd-42cd-8742-1c9d04d43fd5<-06306a50-9ba9-4128-94e0-55d591e142a1#0:FAIL-t3. Peer's state: 06306a50-9ba9-4128-94e0-55d591e142a1@group-D1C6F700E880:t3, leader=null, voted=null, raftlog=06306a50-9ba9-4128-94e0-55d591e142a1@group-D1C6F700E880-SegmentedRaftLog:OPENED:c-1, conf=-1: [cdd5360e-d849-4e2b-b62b-b70fbd73a7e1|rpc:10.1.0.35:36141|priority:0, 06306a50-9ba9-4128-94e0-55d591e142a1|rpc:10.1.0.35:42445|priority:1, ca012516-14dd-42cd-8742-1c9d04d43fd5|rpc:10.1.0.35:34561|priority:0], old=null
2022-03-02 21:34:31,878 [ca012516-14dd-42cd-8742-1c9d04d43fd5@group-D1C6F700E880-LeaderElection114] INFO  impl.LeaderElection (LeaderElection.java:logAndReturn(89)) - ca012516-14dd-42cd-8742-1c9d04d43fd5@group-D1C6F700E880-LeaderElection114: ELECTION REJECTED received 1 response(s) and 1 exception(s):
2022-03-02 21:34:31,878 [ca012516-14dd-42cd-8742-1c9d04d43fd5@group-D1C6F700E880-LeaderElection114] INFO  impl.LeaderElection (LeaderElection.java:logAndReturn(93)) -   Response 0: ca012516-14dd-42cd-8742-1c9d04d43fd5<-06306a50-9ba9-4128-94e0-55d591e142a1#0:FAIL-t3
2022-03-02 21:34:31,878 [ca012516-14dd-42cd-8742-1c9d04d43fd5@group-D1C6F700E880-LeaderElection114] INFO  impl.LeaderElection (LogUtils.java:infoOrTrace(137)) -   Exception 1: java.util.concurrent.ExecutionException: org.apache.ratis.thirdparty.io.grpc.StatusRuntimeException: UNAVAILABLE: io exception
2022-03-02 21:34:31,878 [ca012516-14dd-42cd-8742-1c9d04d43fd5@group-D1C6F700E880-LeaderElection114] INFO  impl.LeaderElection (LeaderElection.java:askForVotes(308)) - ca012516-14dd-42cd-8742-1c9d04d43fd5@group-D1C6F700E880-LeaderElection114 ELECTION round 0: result REJECTED
2022-03-02 21:34:31,879 [ca012516-14dd-42cd-8742-1c9d04d43fd5@group-D1C6F700E880-LeaderElection114] INFO  server.RaftServer$Division (RaftServerImpl.java:setRole(290)) - ca012516-14dd-42cd-8742-1c9d04d43fd5@group-D1C6F700E880: changes role from CANDIDATE to FOLLOWER at term 3 for REJECTED
2022-03-02 21:34:31,879 [ca012516-14dd-42cd-8742-1c9d04d43fd5@group-D1C6F700E880-LeaderElection114] INFO  impl.RoleInfo (RoleInfo.java:shutdownLeaderElection(121)) - ca012516-14dd-42cd-8742-1c9d04d43fd5: shutdown ca012516-14dd-42cd-8742-1c9d04d43fd5@group-D1C6F700E880-LeaderElection114
2022-03-02 21:34:31,879 [ca012516-14dd-42cd-8742-1c9d04d43fd5@group-D1C6F700E880-LeaderElection114] INFO  impl.RoleInfo (RoleInfo.java:updateAndGet(130)) - ca012516-14dd-42cd-8742-1c9d04d43fd5: start ca012516-14dd-42cd-8742-1c9d04d43fd5@group-D1C6F700E880-FollowerState
2022-03-02 21:34:31,964 [Listener at 127.0.0.1/33667] INFO  server.GrpcService (GrpcService.java:closeImpl(271)) - 176cdbad-2e78-4d65-9cb6-df82a020a3cb: shutdown server with port 36905 successfully
2022-03-02 21:34:31,964 [org.apache.ratis.util.JvmPauseMonitor$$Lambda$431/1455743440@5b76616d] INFO  util.JvmPauseMonitor (JvmPauseMonitor.java:run(109)) - JvmPauseMonitor-176cdbad-2e78-4d65-9cb6-df82a020a3cb: Stopped
2022-03-02 21:34:33,271 [grpc-default-executor-5] WARN  server.GrpcLogAppender (LogUtils.java:warn(122)) - ff1229b5-7bf6-42b1-a70d-3d6d5a94de90@group-F48392E64407->39d9f1c0-7130-4277-8a35-add537f65258-AppendLogResponseHandler: Failed appendEntries: org.apache.ratis.thirdparty.io.grpc.StatusRuntimeException: UNAVAILABLE: io exception
2022-03-02 21:34:33,272 [grpc-default-executor-5] WARN  server.GrpcLogAppender (GrpcLogAppender.java:resetClient(110)) - ff1229b5-7bf6-42b1-a70d-3d6d5a94de90@group-F48392E64407->39d9f1c0-7130-4277-8a35-add537f65258-GrpcLogAppender: Leader has not got in touch with Follower ff1229b5-7bf6-42b1-a70d-3d6d5a94de90@group-F48392E64407->39d9f1c0-7130-4277-8a35-add537f65258(c0,m0,n1, attendVote=true, lastRpcSendTime=0, lastRpcResponseTime=12550) yet, just keep nextIndex unchanged and retry.
2022-03-02 21:34:33,586 [grpc-default-executor-5] WARN  server.GrpcLogAppender (LogUtils.java:warn(122)) - 269e0ee6-c833-446d-a842-94c77dd867fd@group-B508C26EB33E->39d9f1c0-7130-4277-8a35-add537f65258-AppendLogResponseHandler: Failed appendEntries: org.apache.ratis.thirdparty.io.grpc.StatusRuntimeException: UNAVAILABLE: io exception
2022-03-02 21:34:33,586 [grpc-default-executor-5] WARN  server.GrpcLogAppender (GrpcLogAppender.java:resetClient(110)) - 269e0ee6-c833-446d-a842-94c77dd867fd@group-B508C26EB33E->39d9f1c0-7130-4277-8a35-add537f65258-GrpcLogAppender: Leader has not got in touch with Follower 269e0ee6-c833-446d-a842-94c77dd867fd@group-B508C26EB33E->39d9f1c0-7130-4277-8a35-add537f65258(c0,m0,n1, attendVote=true, lastRpcSendTime=2518, lastRpcResponseTime=12615) yet, just keep nextIndex unchanged and retry.
2022-03-02 21:34:33,854 [grpc-default-executor-5] WARN  server.GrpcLogAppender (LogUtils.java:warn(122)) - ff1229b5-7bf6-42b1-a70d-3d6d5a94de90@group-4C98E9F0FD07->39d9f1c0-7130-4277-8a35-add537f65258-AppendLogResponseHandler: Failed appendEntries: org.apache.ratis.thirdparty.io.grpc.StatusRuntimeException: UNAVAILABLE: io exception
2022-03-02 21:34:33,854 [grpc-default-executor-5] WARN  server.GrpcLogAppender (GrpcLogAppender.java:resetClient(110)) - ff1229b5-7bf6-42b1-a70d-3d6d5a94de90@group-4C98E9F0FD07->39d9f1c0-7130-4277-8a35-add537f65258-GrpcLogAppender: Leader has not got in touch with Follower ff1229b5-7bf6-42b1-a70d-3d6d5a94de90@group-4C98E9F0FD07->39d9f1c0-7130-4277-8a35-add537f65258(c-1,m0,n3, attendVote=true, lastRpcSendTime=0, lastRpcResponseTime=10459) yet, just keep nextIndex unchanged and retry.
2022-03-02 21:34:34,011 [Listener at 127.0.0.1/33667] INFO  utils.BackgroundService (BackgroundService.java:shutdown(132)) - Shutting down service BlockDeletingService
2022-03-02 21:34:35,691 [EventQueue-DeadNodeForDeadNodeHandler] INFO  node.DeadNodeHandler (DeadNodeHandler.java:onMessage(80)) - A dead datanode is detected. 39d9f1c0-7130-4277-8a35-add537f65258{ip: 10.1.0.35, host: fv-az294-754.eaanfquahm5ulb5tj050gcxych.jx.internal.cloudapp.net, ports: [REPLICATION=38181, RATIS=33025, RATIS_ADMIN=33025, RATIS_SERVER=33025, STANDALONE=35701], networkLocation: /default-rack, certSerialId: null, persistedOpState: IN_SERVICE, persistedOpStateExpiryEpochSec: 0}
2022-03-02 21:34:35,691 [EventQueue-DeadNodeForDeadNodeHandler] INFO  pipeline.RatisPipelineProvider (RatisPipelineProvider.java:lambda$close$1(222)) - Send pipeline:PipelineID=05406b00-ca93-4bb6-90f5-f48392e64407 close command to datanode ff1229b5-7bf6-42b1-a70d-3d6d5a94de90
2022-03-02 21:34:35,691 [EventQueue-DeadNodeForDeadNodeHandler] INFO  pipeline.RatisPipelineProvider (RatisPipelineProvider.java:lambda$close$1(222)) - Send pipeline:PipelineID=05406b00-ca93-4bb6-90f5-f48392e64407 close command to datanode 39d9f1c0-7130-4277-8a35-add537f65258
2022-03-02 21:34:35,691 [EventQueue-DeadNodeForDeadNodeHandler] INFO  pipeline.RatisPipelineProvider (RatisPipelineProvider.java:lambda$close$1(222)) - Send pipeline:PipelineID=05406b00-ca93-4bb6-90f5-f48392e64407 close command to datanode 269e0ee6-c833-446d-a842-94c77dd867fd
2022-03-02 21:34:35,692 [d7f371f7-0d79-4eb0-9764-2158321d28de@group-E779D9019C18-StateMachineUpdater] INFO  pipeline.PipelineStateManagerImpl (PipelineStateManagerImpl.java:removePipeline(223)) - Pipeline Pipeline[ Id: 05406b00-ca93-4bb6-90f5-f48392e64407, Nodes: ff1229b5-7bf6-42b1-a70d-3d6d5a94de90{ip: 10.1.0.35, host: fv-az294-754.eaanfquahm5ulb5tj050gcxych.jx.internal.cloudapp.net, ports: [REPLICATION=43603, RATIS=32847, RATIS_ADMIN=32847, RATIS_SERVER=32847, STANDALONE=40363], networkLocation: /default-rack, certSerialId: null, persistedOpState: IN_SERVICE, persistedOpStateExpiryEpochSec: 0}39d9f1c0-7130-4277-8a35-add537f65258{ip: 10.1.0.35, host: fv-az294-754.eaanfquahm5ulb5tj050gcxych.jx.internal.cloudapp.net, ports: [REPLICATION=38181, RATIS=33025, RATIS_ADMIN=33025, RATIS_SERVER=33025, STANDALONE=35701], networkLocation: /default-rack, certSerialId: null, persistedOpState: IN_SERVICE, persistedOpStateExpiryEpochSec: 0}269e0ee6-c833-446d-a842-94c77dd867fd{ip: 10.1.0.35, host: fv-az294-754.eaanfquahm5ulb5tj050gcxych.jx.internal.cloudapp.net, ports: [REPLICATION=40569, RATIS=35541, RATIS_ADMIN=35541, RATIS_SERVER=35541, STANDALONE=36115], networkLocation: /default-rack, certSerialId: null, persistedOpState: IN_SERVICE, persistedOpStateExpiryEpochSec: 0}, ReplicationConfig: RATIS/THREE, State:CLOSED, leaderId:ff1229b5-7bf6-42b1-a70d-3d6d5a94de90, CreationTimestamp2022-03-02T21:33:19.973Z[Etc/UTC]] removed.
2022-03-02 21:34:35,694 [EventQueue-DeadNodeForDeadNodeHandler] INFO  pipeline.RatisPipelineProvider (RatisPipelineProvider.java:lambda$close$1(222)) - Send pipeline:PipelineID=7222150f-7630-4924-8d62-4c98e9f0fd07 close command to datanode ff1229b5-7bf6-42b1-a70d-3d6d5a94de90
2022-03-02 21:34:35,694 [EventQueue-DeadNodeForDeadNodeHandler] INFO  pipeline.RatisPipelineProvider (RatisPipelineProvider.java:lambda$close$1(222)) - Send pipeline:PipelineID=7222150f-7630-4924-8d62-4c98e9f0fd07 close command to datanode 269e0ee6-c833-446d-a842-94c77dd867fd
2022-03-02 21:34:35,694 [EventQueue-DeadNodeForDeadNodeHandler] INFO  pipeline.RatisPipelineProvider (RatisPipelineProvider.java:lambda$close$1(222)) - Send pipeline:PipelineID=7222150f-7630-4924-8d62-4c98e9f0fd07 close command to datanode 39d9f1c0-7130-4277-8a35-add537f65258
2022-03-02 21:34:35,695 [d7f371f7-0d79-4eb0-9764-2158321d28de@group-E779D9019C18-StateMachineUpdater] INFO  pipeline.PipelineStateManagerImpl (PipelineStateManagerImpl.java:removePipeline(223)) - Pipeline Pipeline[ Id: 7222150f-7630-4924-8d62-4c98e9f0fd07, Nodes: ff1229b5-7bf6-42b1-a70d-3d6d5a94de90{ip: 10.1.0.35, host: fv-az294-754.eaanfquahm5ulb5tj050gcxych.jx.internal.cloudapp.net, ports: [REPLICATION=43603, RATIS=32847, RATIS_ADMIN=32847, RATIS_SERVER=32847, STANDALONE=40363], networkLocation: /default-rack, certSerialId: null, persistedOpState: IN_SERVICE, persistedOpStateExpiryEpochSec: 0}269e0ee6-c833-446d-a842-94c77dd867fd{ip: 10.1.0.35, host: fv-az294-754.eaanfquahm5ulb5tj050gcxych.jx.internal.cloudapp.net, ports: [REPLICATION=40569, RATIS=35541, RATIS_ADMIN=35541, RATIS_SERVER=35541, STANDALONE=36115], networkLocation: /default-rack, certSerialId: null, persistedOpState: IN_SERVICE, persistedOpStateExpiryEpochSec: 0}39d9f1c0-7130-4277-8a35-add537f65258{ip: 10.1.0.35, host: fv-az294-754.eaanfquahm5ulb5tj050gcxych.jx.internal.cloudapp.net, ports: [REPLICATION=38181, RATIS=33025, RATIS_ADMIN=33025, RATIS_SERVER=33025, STANDALONE=35701], networkLocation: /default-rack, certSerialId: null, persistedOpState: IN_SERVICE, persistedOpStateExpiryEpochSec: 0}, ReplicationConfig: RATIS/THREE, State:CLOSED, leaderId:ff1229b5-7bf6-42b1-a70d-3d6d5a94de90, CreationTimestamp2022-03-02T21:33:19.967Z[Etc/UTC]] removed.
2022-03-02 21:34:35,697 [EventQueue-DeadNodeForDeadNodeHandler] INFO  pipeline.RatisPipelineProvider (RatisPipelineProvider.java:lambda$close$1(222)) - Send pipeline:PipelineID=a3d558d9-1de6-4c21-bf95-b508c26eb33e close command to datanode 39d9f1c0-7130-4277-8a35-add537f65258
2022-03-02 21:34:35,697 [EventQueue-DeadNodeForDeadNodeHandler] INFO  pipeline.RatisPipelineProvider (RatisPipelineProvider.java:lambda$close$1(222)) - Send pipeline:PipelineID=a3d558d9-1de6-4c21-bf95-b508c26eb33e close command to datanode ff1229b5-7bf6-42b1-a70d-3d6d5a94de90
2022-03-02 21:34:35,697 [EventQueue-DeadNodeForDeadNodeHandler] INFO  pipeline.RatisPipelineProvider (RatisPipelineProvider.java:lambda$close$1(222)) - Send pipeline:PipelineID=a3d558d9-1de6-4c21-bf95-b508c26eb33e close command to datanode 269e0ee6-c833-446d-a842-94c77dd867fd
2022-03-02 21:34:35,699 [d7f371f7-0d79-4eb0-9764-2158321d28de@group-E779D9019C18-StateMachineUpdater] INFO  pipeline.PipelineStateManagerImpl (PipelineStateManagerImpl.java:removePipeline(223)) - Pipeline Pipeline[ Id: a3d558d9-1de6-4c21-bf95-b508c26eb33e, Nodes: 39d9f1c0-7130-4277-8a35-add537f65258{ip: 10.1.0.35, host: fv-az294-754.eaanfquahm5ulb5tj050gcxych.jx.internal.cloudapp.net, ports: [REPLICATION=38181, RATIS=33025, RATIS_ADMIN=33025, RATIS_SERVER=33025, STANDALONE=35701], networkLocation: /default-rack, certSerialId: null, persistedOpState: IN_SERVICE, persistedOpStateExpiryEpochSec: 0}ff1229b5-7bf6-42b1-a70d-3d6d5a94de90{ip: 10.1.0.35, host: fv-az294-754.eaanfquahm5ulb5tj050gcxych.jx.internal.cloudapp.net, ports: [REPLICATION=43603, RATIS=32847, RATIS_ADMIN=32847, RATIS_SERVER=32847, STANDALONE=40363], networkLocation: /default-rack, certSerialId: null, persistedOpState: IN_SERVICE, persistedOpStateExpiryEpochSec: 0}269e0ee6-c833-446d-a842-94c77dd867fd{ip: 10.1.0.35, host: fv-az294-754.eaanfquahm5ulb5tj050gcxych.jx.internal.cloudapp.net, ports: [REPLICATION=40569, RATIS=35541, RATIS_ADMIN=35541, RATIS_SERVER=35541, STANDALONE=36115], networkLocation: /default-rack, certSerialId: null, persistedOpState: IN_SERVICE, persistedOpStateExpiryEpochSec: 0}, ReplicationConfig: RATIS/THREE, State:CLOSED, leaderId:269e0ee6-c833-446d-a842-94c77dd867fd, CreationTimestamp2022-03-02T21:33:19.974Z[Etc/UTC]] removed.
2022-03-02 21:34:35,699 [EventQueue-DeadNodeForDeadNodeHandler] INFO  pipeline.RatisPipelineProvider (RatisPipelineProvider.java:lambda$close$1(222)) - Send pipeline:PipelineID=3c063f8f-7428-4df5-839f-4852ec3216f1 close command to datanode 39d9f1c0-7130-4277-8a35-add537f65258
2022-03-02 21:34:35,700 [d7f371f7-0d79-4eb0-9764-2158321d28de@group-E779D9019C18-StateMachineUpdater] INFO  pipeline.PipelineStateManagerImpl (PipelineStateManagerImpl.java:removePipeline(223)) - Pipeline Pipeline[ Id: 3c063f8f-7428-4df5-839f-4852ec3216f1, Nodes: 39d9f1c0-7130-4277-8a35-add537f65258{ip: 10.1.0.35, host: fv-az294-754.eaanfquahm5ulb5tj050gcxych.jx.internal.cloudapp.net, ports: [REPLICATION=38181, RATIS=33025, RATIS_ADMIN=33025, RATIS_SERVER=33025, STANDALONE=35701], networkLocation: /default-rack, certSerialId: null, persistedOpState: IN_SERVICE, persistedOpStateExpiryEpochSec: 0}, ReplicationConfig: RATIS/ONE, State:CLOSED, leaderId:39d9f1c0-7130-4277-8a35-add537f65258, CreationTimestamp2022-03-02T21:33:19.106Z[Etc/UTC]] removed.
2022-03-02 21:34:35,700 [EventQueue-DeadNodeForDeadNodeHandler] INFO  net.NetworkTopologyImpl (NetworkTopologyImpl.java:remove(137)) - Removed a node: /default-rack/39d9f1c0-7130-4277-8a35-add537f65258
2022-03-02 21:34:35,791 [grpc-default-executor-5] WARN  server.GrpcLogAppender (LogUtils.java:warn(122)) - ff1229b5-7bf6-42b1-a70d-3d6d5a94de90@group-F48392E64407->39d9f1c0-7130-4277-8a35-add537f65258-AppendLogResponseHandler: Failed appendEntries: org.apache.ratis.thirdparty.io.grpc.StatusRuntimeException: UNAVAILABLE: io exception
2022-03-02 21:34:35,791 [grpc-default-executor-5] WARN  server.GrpcLogAppender (GrpcLogAppender.java:resetClient(110)) - ff1229b5-7bf6-42b1-a70d-3d6d5a94de90@group-F48392E64407->39d9f1c0-7130-4277-8a35-add537f65258-GrpcLogAppender: Leader has not got in touch with Follower ff1229b5-7bf6-42b1-a70d-3d6d5a94de90@group-F48392E64407->39d9f1c0-7130-4277-8a35-add537f65258(c0,m0,n1, attendVote=true, lastRpcSendTime=8, lastRpcResponseTime=15069) yet, just keep nextIndex unchanged and retry.
2022-03-02 21:34:36,087 [grpc-default-executor-5] WARN  server.GrpcLogAppender (LogUtils.java:warn(122)) - 269e0ee6-c833-446d-a842-94c77dd867fd@group-B508C26EB33E->39d9f1c0-7130-4277-8a35-add537f65258-AppendLogResponseHandler: Failed appendEntries: org.apache.ratis.thirdparty.io.grpc.StatusRuntimeException: UNAVAILABLE: io exception
2022-03-02 21:34:36,088 [grpc-default-executor-5] WARN  server.GrpcLogAppender (GrpcLogAppender.java:resetClient(110)) - 269e0ee6-c833-446d-a842-94c77dd867fd@group-B508C26EB33E->39d9f1c0-7130-4277-8a35-add537f65258-GrpcLogAppender: Leader has not got in touch with Follower 269e0ee6-c833-446d-a842-94c77dd867fd@group-B508C26EB33E->39d9f1c0-7130-4277-8a35-add537f65258(c0,m0,n1, attendVote=true, lastRpcSendTime=2500, lastRpcResponseTime=15117) yet, just keep nextIndex unchanged and retry.
2022-03-02 21:34:36,199 [EventQueue-StaleNodeForStaleNodeHandler] INFO  node.StaleNodeHandler (StaleNodeHandler.java:onMessage(58)) - Datanode 176cdbad-2e78-4d65-9cb6-df82a020a3cb{ip: 10.1.0.35, host: fv-az294-754.eaanfquahm5ulb5tj050gcxych.jx.internal.cloudapp.net, ports: [REPLICATION=33785, RATIS=36905, RATIS_ADMIN=36905, RATIS_SERVER=36905, STANDALONE=46855], networkLocation: /default-rack, certSerialId: null, persistedOpState: IN_SERVICE, persistedOpStateExpiryEpochSec: 0} moved to stale state. Finalizing its pipelines [PipelineID=e486f70c-26fe-495e-ae57-05c4b365625d, PipelineID=5087f059-a113-4b89-88cc-b24374d265bf, PipelineID=c99ef66f-09a6-43aa-a065-02f814d75679]
2022-03-02 21:34:36,200 [EventQueue-DeadNodeForDeadNodeHandler] INFO  node.DeadNodeHandler (DeadNodeHandler.java:onMessage(80)) - A dead datanode is detected. cdd5360e-d849-4e2b-b62b-b70fbd73a7e1{ip: 10.1.0.35, host: fv-az294-754.eaanfquahm5ulb5tj050gcxych.jx.internal.cloudapp.net, ports: [REPLICATION=36763, RATIS=36141, RATIS_ADMIN=36141, RATIS_SERVER=36141, STANDALONE=41835], networkLocation: /default-rack, certSerialId: null, persistedOpState: IN_SERVICE, persistedOpStateExpiryEpochSec: 0}
2022-03-02 21:34:36,200 [EventQueue-DeadNodeForDeadNodeHandler] INFO  pipeline.RatisPipelineProvider (RatisPipelineProvider.java:lambda$close$1(222)) - Send pipeline:PipelineID=e486f70c-26fe-495e-ae57-05c4b365625d close command to datanode cdd5360e-d849-4e2b-b62b-b70fbd73a7e1
2022-03-02 21:34:36,200 [EventQueue-DeadNodeForDeadNodeHandler] INFO  pipeline.RatisPipelineProvider (RatisPipelineProvider.java:lambda$close$1(222)) - Send pipeline:PipelineID=e486f70c-26fe-495e-ae57-05c4b365625d close command to datanode 06306a50-9ba9-4128-94e0-55d591e142a1
2022-03-02 21:34:36,200 [EventQueue-DeadNodeForDeadNodeHandler] INFO  pipeline.RatisPipelineProvider (RatisPipelineProvider.java:lambda$close$1(222)) - Send pipeline:PipelineID=e486f70c-26fe-495e-ae57-05c4b365625d close command to datanode 176cdbad-2e78-4d65-9cb6-df82a020a3cb
2022-03-02 21:34:36,203 [EventQueue-StaleNodeForStaleNodeHandler] INFO  pipeline.PipelineManagerImpl (PipelineManagerImpl.java:closeContainersForPipeline(344)) - Container #2 closed for pipeline=PipelineID=c99ef66f-09a6-43aa-a065-02f814d75679
2022-03-02 21:34:36,205 [d7f371f7-0d79-4eb0-9764-2158321d28de@group-E779D9019C18-StateMachineUpdater] INFO  pipeline.PipelineStateManagerImpl (PipelineStateManagerImpl.java:removePipeline(223)) - Pipeline Pipeline[ Id: e486f70c-26fe-495e-ae57-05c4b365625d, Nodes: cdd5360e-d849-4e2b-b62b-b70fbd73a7e1{ip: 10.1.0.35, host: fv-az294-754.eaanfquahm5ulb5tj050gcxych.jx.internal.cloudapp.net, ports: [REPLICATION=36763, RATIS=36141, RATIS_ADMIN=36141, RATIS_SERVER=36141, STANDALONE=41835], networkLocation: /default-rack, certSerialId: null, persistedOpState: IN_SERVICE, persistedOpStateExpiryEpochSec: 0}06306a50-9ba9-4128-94e0-55d591e142a1{ip: 10.1.0.35, host: fv-az294-754.eaanfquahm5ulb5tj050gcxych.jx.internal.cloudapp.net, ports: [REPLICATION=33477, RATIS=42445, RATIS_ADMIN=42445, RATIS_SERVER=42445, STANDALONE=33549], networkLocation: /default-rack, certSerialId: null, persistedOpState: IN_SERVICE, persistedOpStateExpiryEpochSec: 0}176cdbad-2e78-4d65-9cb6-df82a020a3cb{ip: 10.1.0.35, host: fv-az294-754.eaanfquahm5ulb5tj050gcxych.jx.internal.cloudapp.net, ports: [REPLICATION=33785, RATIS=36905, RATIS_ADMIN=36905, RATIS_SERVER=36905, STANDALONE=46855], networkLocation: /default-rack, certSerialId: null, persistedOpState: IN_SERVICE, persistedOpStateExpiryEpochSec: 0}, ReplicationConfig: RATIS/THREE, State:CLOSED, leaderId:176cdbad-2e78-4d65-9cb6-df82a020a3cb, CreationTimestamp2022-03-02T21:34:14.653Z[Etc/UTC]] removed.
2022-03-02 21:34:36,205 [EventQueue-DeadNodeForDeadNodeHandler] INFO  pipeline.RatisPipelineProvider (RatisPipelineProvider.java:lambda$close$1(222)) - Send pipeline:PipelineID=99b0005b-b804-474f-a045-d1c6f700e880 close command to datanode cdd5360e-d849-4e2b-b62b-b70fbd73a7e1
2022-03-02 21:34:36,205 [EventQueue-DeadNodeForDeadNodeHandler] INFO  pipeline.RatisPipelineProvider (RatisPipelineProvider.java:lambda$close$1(222)) - Send pipeline:PipelineID=99b0005b-b804-474f-a045-d1c6f700e880 close command to datanode ca012516-14dd-42cd-8742-1c9d04d43fd5
2022-03-02 21:34:36,205 [EventQueue-DeadNodeForDeadNodeHandler] INFO  pipeline.RatisPipelineProvider (RatisPipelineProvider.java:lambda$close$1(222)) - Send pipeline:PipelineID=99b0005b-b804-474f-a045-d1c6f700e880 close command to datanode 06306a50-9ba9-4128-94e0-55d591e142a1
2022-03-02 21:34:36,206 [d7f371f7-0d79-4eb0-9764-2158321d28de@group-E779D9019C18-StateMachineUpdater] INFO  pipeline.PipelineStateManagerImpl (PipelineStateManagerImpl.java:removePipeline(223)) - Pipeline Pipeline[ Id: 99b0005b-b804-474f-a045-d1c6f700e880, Nodes: cdd5360e-d849-4e2b-b62b-b70fbd73a7e1{ip: 10.1.0.35, host: fv-az294-754.eaanfquahm5ulb5tj050gcxych.jx.internal.cloudapp.net, ports: [REPLICATION=36763, RATIS=36141, RATIS_ADMIN=36141, RATIS_SERVER=36141, STANDALONE=41835], networkLocation: /default-rack, certSerialId: null, persistedOpState: IN_SERVICE, persistedOpStateExpiryEpochSec: 0}ca012516-14dd-42cd-8742-1c9d04d43fd5{ip: 10.1.0.35, host: fv-az294-754.eaanfquahm5ulb5tj050gcxych.jx.internal.cloudapp.net, ports: [REPLICATION=38123, RATIS=34561, RATIS_ADMIN=34561, RATIS_SERVER=34561, STANDALONE=41381], networkLocation: /default-rack, certSerialId: null, persistedOpState: IN_SERVICE, persistedOpStateExpiryEpochSec: 0}06306a50-9ba9-4128-94e0-55d591e142a1{ip: 10.1.0.35, host: fv-az294-754.eaanfquahm5ulb5tj050gcxych.jx.internal.cloudapp.net, ports: [REPLICATION=33477, RATIS=42445, RATIS_ADMIN=42445, RATIS_SERVER=42445, STANDALONE=33549], networkLocation: /default-rack, certSerialId: null, persistedOpState: IN_SERVICE, persistedOpStateExpiryEpochSec: 0}, ReplicationConfig: RATIS/THREE, State:CLOSED, leaderId:, CreationTimestamp2022-03-02T21:34:14.657Z[Etc/UTC]] removed.
2022-03-02 21:34:36,207 [EventQueue-DeadNodeForDeadNodeHandler] INFO  pipeline.RatisPipelineProvider (RatisPipelineProvider.java:lambda$close$1(222)) - Send pipeline:PipelineID=5087f059-a113-4b89-88cc-b24374d265bf close command to datanode 06306a50-9ba9-4128-94e0-55d591e142a1
2022-03-02 21:34:36,207 [EventQueue-CloseContainerForCloseContainerEventHandler] INFO  container.CloseContainerEventHandler (CloseContainerEventHandler.java:onMessage(69)) - Close container Event triggered for container : #2
2022-03-02 21:34:36,217 [EventQueue-StaleNodeForStaleNodeHandler] INFO  pipeline.PipelineManagerImpl (PipelineManagerImpl.java:closePipeline(365)) - Pipeline Pipeline[ Id: c99ef66f-09a6-43aa-a065-02f814d75679, Nodes: 176cdbad-2e78-4d65-9cb6-df82a020a3cb{ip: 10.1.0.35, host: fv-az294-754.eaanfquahm5ulb5tj050gcxych.jx.internal.cloudapp.net, ports: [REPLICATION=33785, RATIS=36905, RATIS_ADMIN=36905, RATIS_SERVER=36905, STANDALONE=46855], networkLocation: /default-rack, certSerialId: null, persistedOpState: IN_SERVICE, persistedOpStateExpiryEpochSec: 0}, ReplicationConfig: RATIS/ONE, State:OPEN, leaderId:176cdbad-2e78-4d65-9cb6-df82a020a3cb, CreationTimestamp2022-03-02T21:33:20.430Z[Etc/UTC]] moved to CLOSED state
2022-03-02 21:34:36,207 [EventQueue-DeadNodeForDeadNodeHandler] INFO  pipeline.RatisPipelineProvider (RatisPipelineProvider.java:lambda$close$1(222)) - Send pipeline:PipelineID=5087f059-a113-4b89-88cc-b24374d265bf close command to datanode 176cdbad-2e78-4d65-9cb6-df82a020a3cb
2022-03-02 21:34:36,217 [EventQueue-DeadNodeForDeadNodeHandler] INFO  pipeline.RatisPipelineProvider (RatisPipelineProvider.java:lambda$close$1(222)) - Send pipeline:PipelineID=5087f059-a113-4b89-88cc-b24374d265bf close command to datanode cdd5360e-d849-4e2b-b62b-b70fbd73a7e1
2022-03-02 21:34:36,218 [d7f371f7-0d79-4eb0-9764-2158321d28de@group-E779D9019C18-StateMachineUpdater] INFO  pipeline.PipelineStateManagerImpl (PipelineStateManagerImpl.java:removePipeline(223)) - Pipeline Pipeline[ Id: 5087f059-a113-4b89-88cc-b24374d265bf, Nodes: 06306a50-9ba9-4128-94e0-55d591e142a1{ip: 10.1.0.35, host: fv-az294-754.eaanfquahm5ulb5tj050gcxych.jx.internal.cloudapp.net, ports: [REPLICATION=33477, RATIS=42445, RATIS_ADMIN=42445, RATIS_SERVER=42445, STANDALONE=33549], networkLocation: /default-rack, certSerialId: null, persistedOpState: IN_SERVICE, persistedOpStateExpiryEpochSec: 0}176cdbad-2e78-4d65-9cb6-df82a020a3cb{ip: 10.1.0.35, host: fv-az294-754.eaanfquahm5ulb5tj050gcxych.jx.internal.cloudapp.net, ports: [REPLICATION=33785, RATIS=36905, RATIS_ADMIN=36905, RATIS_SERVER=36905, STANDALONE=46855], networkLocation: /default-rack, certSerialId: null, persistedOpState: IN_SERVICE, persistedOpStateExpiryEpochSec: 0}cdd5360e-d849-4e2b-b62b-b70fbd73a7e1{ip: 10.1.0.35, host: fv-az294-754.eaanfquahm5ulb5tj050gcxych.jx.internal.cloudapp.net, ports: [REPLICATION=36763, RATIS=36141, RATIS_ADMIN=36141, RATIS_SERVER=36141, STANDALONE=41835], networkLocation: /default-rack, certSerialId: null, persistedOpState: IN_SERVICE, persistedOpStateExpiryEpochSec: 0}, ReplicationConfig: RATIS/THREE, State:CLOSED, leaderId:176cdbad-2e78-4d65-9cb6-df82a020a3cb, CreationTimestamp2022-03-02T21:34:14.659Z[Etc/UTC]] removed.
2022-03-02 21:34:36,219 [EventQueue-DeadNodeForDeadNodeHandler] INFO  pipeline.RatisPipelineProvider (RatisPipelineProvider.java:lambda$close$1(222)) - Send pipeline:PipelineID=c2cbcd83-50ea-4bd7-90c1-8918ce4a9e0e close command to datanode cdd5360e-d849-4e2b-b62b-b70fbd73a7e1
2022-03-02 21:34:36,220 [d7f371f7-0d79-4eb0-9764-2158321d28de@group-E779D9019C18-StateMachineUpdater] INFO  pipeline.PipelineStateManagerImpl (PipelineStateManagerImpl.java:removePipeline(223)) - Pipeline Pipeline[ Id: c2cbcd83-50ea-4bd7-90c1-8918ce4a9e0e, Nodes: cdd5360e-d849-4e2b-b62b-b70fbd73a7e1{ip: 10.1.0.35, host: fv-az294-754.eaanfquahm5ulb5tj050gcxych.jx.internal.cloudapp.net, ports: [REPLICATION=36763, RATIS=36141, RATIS_ADMIN=36141, RATIS_SERVER=36141, STANDALONE=41835], networkLocation: /default-rack, certSerialId: null, persistedOpState: IN_SERVICE, persistedOpStateExpiryEpochSec: 0}, ReplicationConfig: RATIS/ONE, State:CLOSED, leaderId:cdd5360e-d849-4e2b-b62b-b70fbd73a7e1, CreationTimestamp2022-03-02T21:34:14.651Z[Etc/UTC]] removed.
2022-03-02 21:34:36,220 [EventQueue-DeadNodeForDeadNodeHandler] INFO  net.NetworkTopologyImpl (NetworkTopologyImpl.java:remove(137)) - Removed a node: /default-rack/cdd5360e-d849-4e2b-b62b-b70fbd73a7e1
2022-03-02 21:34:36,364 [grpc-default-executor-5] WARN  server.GrpcLogAppender (LogUtils.java:warn(122)) - ff1229b5-7bf6-42b1-a70d-3d6d5a94de90@group-4C98E9F0FD07->39d9f1c0-7130-4277-8a35-add537f65258-AppendLogResponseHandler: Failed appendEntries: org.apache.ratis.thirdparty.io.grpc.StatusRuntimeException: UNAVAILABLE: io exception
2022-03-02 21:34:36,364 [grpc-default-executor-5] WARN  server.GrpcLogAppender (GrpcLogAppender.java:resetClient(110)) - ff1229b5-7bf6-42b1-a70d-3d6d5a94de90@group-4C98E9F0FD07->39d9f1c0-7130-4277-8a35-add537f65258-GrpcLogAppender: Leader has not got in touch with Follower ff1229b5-7bf6-42b1-a70d-3d6d5a94de90@group-4C98E9F0FD07->39d9f1c0-7130-4277-8a35-add537f65258(c-1,m0,n3, attendVote=true, lastRpcSendTime=0, lastRpcResponseTime=12969) yet, just keep nextIndex unchanged and retry.
2022-03-02 21:34:36,758 [Command processor thread] INFO  server.RaftServer (RaftServerProxy.java:remove(106)) - 269e0ee6-c833-446d-a842-94c77dd867fd: remove  FOLLOWER 269e0ee6-c833-446d-a842-94c77dd867fd@group-F48392E64407:t2, leader=ff1229b5-7bf6-42b1-a70d-3d6d5a94de90, voted=ff1229b5-7bf6-42b1-a70d-3d6d5a94de90, raftlog=269e0ee6-c833-446d-a842-94c77dd867fd@group-F48392E64407-SegmentedRaftLog:OPENED:c0, conf=0: [269e0ee6-c833-446d-a842-94c77dd867fd|rpc:10.1.0.35:35541|dataStream:|priority:0, 39d9f1c0-7130-4277-8a35-add537f65258|rpc:10.1.0.35:33025|dataStream:|priority:0, ff1229b5-7bf6-42b1-a70d-3d6d5a94de90|rpc:10.1.0.35:32847|dataStream:|priority:1], old=null RUNNING
2022-03-02 21:34:36,758 [Command processor thread] INFO  server.RaftServer$Division (RaftServerImpl.java:lambda$close$4(412)) - 269e0ee6-c833-446d-a842-94c77dd867fd@group-F48392E64407: shutdown
2022-03-02 21:34:36,759 [Command processor thread] INFO  util.JmxRegister (JmxRegister.java:unregister(73)) - Successfully un-registered JMX Bean with object name Ratis:service=RaftServer,group=group-F48392E64407,id=269e0ee6-c833-446d-a842-94c77dd867fd
2022-03-02 21:34:36,759 [Command processor thread] INFO  impl.RoleInfo (RoleInfo.java:shutdownFollowerState(108)) - 269e0ee6-c833-446d-a842-94c77dd867fd: shutdown 269e0ee6-c833-446d-a842-94c77dd867fd@group-F48392E64407-FollowerState
2022-03-02 21:34:36,759 [Command processor thread] INFO  impl.StateMachineUpdater (StateMachineUpdater.java:stopAndJoin(149)) - 269e0ee6-c833-446d-a842-94c77dd867fd@group-F48392E64407-StateMachineUpdater: set stopIndex = 0
2022-03-02 21:34:36,759 [269e0ee6-c833-446d-a842-94c77dd867fd@group-F48392E64407-FollowerState] INFO  impl.FollowerState (FollowerState.java:run(143)) - 269e0ee6-c833-446d-a842-94c77dd867fd@group-F48392E64407-FollowerState was interrupted: {}
java.lang.InterruptedException: sleep interrupted
	at java.lang.Thread.sleep(Native Method)
	at java.lang.Thread.sleep(Thread.java:342)
	at java.util.concurrent.TimeUnit.sleep(TimeUnit.java:386)
	at org.apache.ratis.util.TimeDuration.sleep(TimeDuration.java:324)
	at org.apache.ratis.util.TimeDuration.sleep(TimeDuration.java:309)
	at org.apache.ratis.server.impl.FollowerState.run(FollowerState.java:118)
2022-03-02 21:34:36,759 [269e0ee6-c833-446d-a842-94c77dd867fd@group-F48392E64407-StateMachineUpdater] INFO  ratis.ContainerStateMachine (ContainerStateMachine.java:takeSnapshot(304)) - group-F48392E64407: Taking a snapshot at:(t:2, i:0) file /home/runner/work/ozone/ozone/hadoop-ozone/integration-test/target/test-dir/MiniOzoneClusterImpl-f745d883-409d-4598-9a00-e779d9019c18/datanode-3/data/ratis/05406b00-ca93-4bb6-90f5-f48392e64407/sm/snapshot.2_0
2022-03-02 21:34:36,760 [269e0ee6-c833-446d-a842-94c77dd867fd@group-F48392E64407-StateMachineUpdater] INFO  ratis.ContainerStateMachine (ContainerStateMachine.java:takeSnapshot(315)) - group-F48392E64407: Finished taking a snapshot at:(t:2, i:0) file:/home/runner/work/ozone/ozone/hadoop-ozone/integration-test/target/test-dir/MiniOzoneClusterImpl-f745d883-409d-4598-9a00-e779d9019c18/datanode-3/data/ratis/05406b00-ca93-4bb6-90f5-f48392e64407/sm/snapshot.2_0 took: 1 ms
2022-03-02 21:34:36,760 [269e0ee6-c833-446d-a842-94c77dd867fd@group-F48392E64407-StateMachineUpdater] INFO  impl.StateMachineUpdater (StateMachineUpdater.java:takeSnapshot(281)) - 269e0ee6-c833-446d-a842-94c77dd867fd@group-F48392E64407-StateMachineUpdater: Took a snapshot at index 0
2022-03-02 21:34:36,760 [269e0ee6-c833-446d-a842-94c77dd867fd@group-F48392E64407-StateMachineUpdater] INFO  impl.StateMachineUpdater (StateMachineUpdater.java:lambda$new$0(89)) - 269e0ee6-c833-446d-a842-94c77dd867fd@group-F48392E64407-StateMachineUpdater: snapshotIndex: updateIncreasingly -1 -> 0
2022-03-02 21:34:36,761 [Command processor thread] INFO  server.RaftServer$Division (ServerState.java:close(419)) - 269e0ee6-c833-446d-a842-94c77dd867fd@group-F48392E64407: closes. applyIndex: 0
2022-03-02 21:34:36,761 [269e0ee6-c833-446d-a842-94c77dd867fd@group-F48392E64407-SegmentedRaftLogWorker] INFO  segmented.SegmentedRaftLogWorker (SegmentedRaftLogWorker.java:run(327)) - 269e0ee6-c833-446d-a842-94c77dd867fd@group-F48392E64407-SegmentedRaftLogWorker was interrupted, exiting. There are 0 tasks remaining in the queue.
2022-03-02 21:34:36,761 [Command processor thread] INFO  segmented.SegmentedRaftLogWorker (SegmentedRaftLogWorker.java:close(237)) - 269e0ee6-c833-446d-a842-94c77dd867fd@group-F48392E64407-SegmentedRaftLogWorker close()
2022-03-02 21:34:36,762 [Command processor thread] INFO  server.RaftServer$Division (RaftServerImpl.java:groupRemove(382)) - 269e0ee6-c833-446d-a842-94c77dd867fd@group-F48392E64407: Succeed to remove RaftStorageDirectory Storage Directory /home/runner/work/ozone/ozone/hadoop-ozone/integration-test/target/test-dir/MiniOzoneClusterImpl-f745d883-409d-4598-9a00-e779d9019c18/datanode-3/data/ratis/05406b00-ca93-4bb6-90f5-f48392e64407
2022-03-02 21:34:36,762 [Command processor thread] INFO  commandhandler.ClosePipelineCommandHandler (ClosePipelineCommandHandler.java:handle(78)) - Close Pipeline PipelineID=05406b00-ca93-4bb6-90f5-f48392e64407 command on datanode 269e0ee6-c833-446d-a842-94c77dd867fd.
2022-03-02 21:34:36,762 [Command processor thread] INFO  server.RaftServer (RaftServerProxy.java:remove(106)) - 269e0ee6-c833-446d-a842-94c77dd867fd: remove  FOLLOWER 269e0ee6-c833-446d-a842-94c77dd867fd@group-4C98E9F0FD07:t5, leader=ff1229b5-7bf6-42b1-a70d-3d6d5a94de90, voted=ff1229b5-7bf6-42b1-a70d-3d6d5a94de90, raftlog=269e0ee6-c833-446d-a842-94c77dd867fd@group-4C98E9F0FD07-SegmentedRaftLog:OPENED:c2, conf=1: [269e0ee6-c833-446d-a842-94c77dd867fd|rpc:10.1.0.35:35541|dataStream:|priority:0, 39d9f1c0-7130-4277-8a35-add537f65258|rpc:10.1.0.35:33025|dataStream:|priority:1, ff1229b5-7bf6-42b1-a70d-3d6d5a94de90|rpc:10.1.0.35:32847|dataStream:|priority:0], old=null RUNNING
2022-03-02 21:34:36,762 [Command processor thread] INFO  server.RaftServer$Division (RaftServerImpl.java:lambda$close$4(412)) - 269e0ee6-c833-446d-a842-94c77dd867fd@group-4C98E9F0FD07: shutdown
2022-03-02 21:34:36,762 [Command processor thread] INFO  util.JmxRegister (JmxRegister.java:unregister(73)) - Successfully un-registered JMX Bean with object name Ratis:service=RaftServer,group=group-4C98E9F0FD07,id=269e0ee6-c833-446d-a842-94c77dd867fd
2022-03-02 21:34:36,762 [Command processor thread] INFO  impl.RoleInfo (RoleInfo.java:shutdownFollowerState(108)) - 269e0ee6-c833-446d-a842-94c77dd867fd: shutdown 269e0ee6-c833-446d-a842-94c77dd867fd@group-4C98E9F0FD07-FollowerState
2022-03-02 21:34:36,762 [Command processor thread] INFO  impl.StateMachineUpdater (StateMachineUpdater.java:stopAndJoin(149)) - 269e0ee6-c833-446d-a842-94c77dd867fd@group-4C98E9F0FD07-StateMachineUpdater: set stopIndex = 2
2022-03-02 21:34:36,762 [269e0ee6-c833-446d-a842-94c77dd867fd@group-4C98E9F0FD07-FollowerState] INFO  impl.FollowerState (FollowerState.java:run(143)) - 269e0ee6-c833-446d-a842-94c77dd867fd@group-4C98E9F0FD07-FollowerState was interrupted: {}
java.lang.InterruptedException: sleep interrupted
	at java.lang.Thread.sleep(Native Method)
	at java.lang.Thread.sleep(Thread.java:342)
	at java.util.concurrent.TimeUnit.sleep(TimeUnit.java:386)
	at org.apache.ratis.util.TimeDuration.sleep(TimeDuration.java:324)
	at org.apache.ratis.util.TimeDuration.sleep(TimeDuration.java:309)
	at org.apache.ratis.server.impl.FollowerState.run(FollowerState.java:118)
2022-03-02 21:34:36,807 [269e0ee6-c833-446d-a842-94c77dd867fd@group-4C98E9F0FD07-StateMachineUpdater] INFO  ratis.ContainerStateMachine (ContainerStateMachine.java:takeSnapshot(304)) - group-4C98E9F0FD07: Taking a snapshot at:(t:5, i:2) file /home/runner/work/ozone/ozone/hadoop-ozone/integration-test/target/test-dir/MiniOzoneClusterImpl-f745d883-409d-4598-9a00-e779d9019c18/datanode-3/data/ratis/7222150f-7630-4924-8d62-4c98e9f0fd07/sm/snapshot.5_2
2022-03-02 21:34:36,808 [269e0ee6-c833-446d-a842-94c77dd867fd@group-4C98E9F0FD07-StateMachineUpdater] INFO  ratis.ContainerStateMachine (ContainerStateMachine.java:takeSnapshot(315)) - group-4C98E9F0FD07: Finished taking a snapshot at:(t:5, i:2) file:/home/runner/work/ozone/ozone/hadoop-ozone/integration-test/target/test-dir/MiniOzoneClusterImpl-f745d883-409d-4598-9a00-e779d9019c18/datanode-3/data/ratis/7222150f-7630-4924-8d62-4c98e9f0fd07/sm/snapshot.5_2 took: 1 ms
2022-03-02 21:34:36,808 [269e0ee6-c833-446d-a842-94c77dd867fd@group-4C98E9F0FD07-StateMachineUpdater] INFO  impl.StateMachineUpdater (StateMachineUpdater.java:takeSnapshot(281)) - 269e0ee6-c833-446d-a842-94c77dd867fd@group-4C98E9F0FD07-StateMachineUpdater: Took a snapshot at index 2
2022-03-02 21:34:36,808 [269e0ee6-c833-446d-a842-94c77dd867fd@group-4C98E9F0FD07-StateMachineUpdater] INFO  impl.StateMachineUpdater (StateMachineUpdater.java:lambda$new$0(89)) - 269e0ee6-c833-446d-a842-94c77dd867fd@group-4C98E9F0FD07-StateMachineUpdater: snapshotIndex: updateIncreasingly -1 -> 2
2022-03-02 21:34:36,808 [Command processor thread] INFO  server.RaftServer$Division (ServerState.java:close(419)) - 269e0ee6-c833-446d-a842-94c77dd867fd@group-4C98E9F0FD07: closes. applyIndex: 2
2022-03-02 21:34:36,808 [269e0ee6-c833-446d-a842-94c77dd867fd@group-4C98E9F0FD07-SegmentedRaftLogWorker] INFO  segmented.SegmentedRaftLogWorker (SegmentedRaftLogWorker.java:run(327)) - 269e0ee6-c833-446d-a842-94c77dd867fd@group-4C98E9F0FD07-SegmentedRaftLogWorker was interrupted, exiting. There are 0 tasks remaining in the queue.
2022-03-02 21:34:36,819 [Command processor thread] INFO  segmented.SegmentedRaftLogWorker (SegmentedRaftLogWorker.java:close(237)) - 269e0ee6-c833-446d-a842-94c77dd867fd@group-4C98E9F0FD07-SegmentedRaftLogWorker close()
2022-03-02 21:34:36,819 [Command processor thread] INFO  server.RaftServer$Division (RaftServerImpl.java:groupRemove(382)) - 269e0ee6-c833-446d-a842-94c77dd867fd@group-4C98E9F0FD07: Succeed to remove RaftStorageDirectory Storage Directory /home/runner/work/ozone/ozone/hadoop-ozone/integration-test/target/test-dir/MiniOzoneClusterImpl-f745d883-409d-4598-9a00-e779d9019c18/datanode-3/data/ratis/7222150f-7630-4924-8d62-4c98e9f0fd07
2022-03-02 21:34:36,819 [Command processor thread] INFO  commandhandler.ClosePipelineCommandHandler (ClosePipelineCommandHandler.java:handle(78)) - Close Pipeline PipelineID=7222150f-7630-4924-8d62-4c98e9f0fd07 command on datanode 269e0ee6-c833-446d-a842-94c77dd867fd.
2022-03-02 21:34:36,819 [Command processor thread] INFO  server.RaftServer (RaftServerProxy.java:remove(106)) - 269e0ee6-c833-446d-a842-94c77dd867fd: remove    LEADER 269e0ee6-c833-446d-a842-94c77dd867fd@group-B508C26EB33E:t1, leader=269e0ee6-c833-446d-a842-94c77dd867fd, voted=269e0ee6-c833-446d-a842-94c77dd867fd, raftlog=269e0ee6-c833-446d-a842-94c77dd867fd@group-B508C26EB33E-SegmentedRaftLog:OPENED:c0, conf=0: [269e0ee6-c833-446d-a842-94c77dd867fd|rpc:10.1.0.35:35541|dataStream:|priority:1, 39d9f1c0-7130-4277-8a35-add537f65258|rpc:10.1.0.35:33025|dataStream:|priority:0, ff1229b5-7bf6-42b1-a70d-3d6d5a94de90|rpc:10.1.0.35:32847|dataStream:|priority:0], old=null RUNNING
2022-03-02 21:34:36,819 [Command processor thread] INFO  server.RaftServer$Division (RaftServerImpl.java:lambda$close$4(412)) - 269e0ee6-c833-446d-a842-94c77dd867fd@group-B508C26EB33E: shutdown
2022-03-02 21:34:36,819 [Command processor thread] INFO  util.JmxRegister (JmxRegister.java:unregister(73)) - Successfully un-registered JMX Bean with object name Ratis:service=RaftServer,group=group-B508C26EB33E,id=269e0ee6-c833-446d-a842-94c77dd867fd
2022-03-02 21:34:36,819 [Command processor thread] INFO  impl.RoleInfo (RoleInfo.java:shutdownLeaderState(91)) - 269e0ee6-c833-446d-a842-94c77dd867fd: shutdown 269e0ee6-c833-446d-a842-94c77dd867fd@group-B508C26EB33E-LeaderStateImpl
2022-03-02 21:34:36,820 [Command processor thread] INFO  impl.PendingRequests (PendingRequests.java:sendNotLeaderResponses(282)) - 269e0ee6-c833-446d-a842-94c77dd867fd@group-B508C26EB33E-PendingRequests: sendNotLeaderResponses
2022-03-02 21:34:36,820 [Command processor thread] INFO  impl.StateMachineUpdater (StateMachineUpdater.java:stopAndJoin(149)) - 269e0ee6-c833-446d-a842-94c77dd867fd@group-B508C26EB33E-StateMachineUpdater: set stopIndex = 0
2022-03-02 21:34:36,820 [269e0ee6-c833-446d-a842-94c77dd867fd@group-B508C26EB33E-StateMachineUpdater] INFO  ratis.ContainerStateMachine (ContainerStateMachine.java:takeSnapshot(304)) - group-B508C26EB33E: Taking a snapshot at:(t:1, i:0) file /home/runner/work/ozone/ozone/hadoop-ozone/integration-test/target/test-dir/MiniOzoneClusterImpl-f745d883-409d-4598-9a00-e779d9019c18/datanode-3/data/ratis/a3d558d9-1de6-4c21-bf95-b508c26eb33e/sm/snapshot.1_0
2022-03-02 21:34:36,821 [269e0ee6-c833-446d-a842-94c77dd867fd@group-B508C26EB33E-StateMachineUpdater] INFO  ratis.ContainerStateMachine (ContainerStateMachine.java:takeSnapshot(315)) - group-B508C26EB33E: Finished taking a snapshot at:(t:1, i:0) file:/home/runner/work/ozone/ozone/hadoop-ozone/integration-test/target/test-dir/MiniOzoneClusterImpl-f745d883-409d-4598-9a00-e779d9019c18/datanode-3/data/ratis/a3d558d9-1de6-4c21-bf95-b508c26eb33e/sm/snapshot.1_0 took: 0 ms
2022-03-02 21:34:36,821 [269e0ee6-c833-446d-a842-94c77dd867fd@group-B508C26EB33E-StateMachineUpdater] INFO  impl.StateMachineUpdater (StateMachineUpdater.java:takeSnapshot(281)) - 269e0ee6-c833-446d-a842-94c77dd867fd@group-B508C26EB33E-StateMachineUpdater: Took a snapshot at index 0
2022-03-02 21:34:36,821 [269e0ee6-c833-446d-a842-94c77dd867fd@group-B508C26EB33E-StateMachineUpdater] INFO  impl.StateMachineUpdater (StateMachineUpdater.java:lambda$new$0(89)) - 269e0ee6-c833-446d-a842-94c77dd867fd@group-B508C26EB33E-StateMachineUpdater: snapshotIndex: updateIncreasingly -1 -> 0
2022-03-02 21:34:36,821 [Command processor thread] INFO  server.RaftServer$Division (ServerState.java:close(419)) - 269e0ee6-c833-446d-a842-94c77dd867fd@group-B508C26EB33E: closes. applyIndex: 0
2022-03-02 21:34:36,838 [269e0ee6-c833-446d-a842-94c77dd867fd@group-B508C26EB33E-SegmentedRaftLogWorker] INFO  segmented.SegmentedRaftLogWorker (SegmentedRaftLogWorker.java:run(327)) - 269e0ee6-c833-446d-a842-94c77dd867fd@group-B508C26EB33E-SegmentedRaftLogWorker was interrupted, exiting. There are 0 tasks remaining in the queue.
2022-03-02 21:34:36,838 [Command processor thread] INFO  segmented.SegmentedRaftLogWorker (SegmentedRaftLogWorker.java:close(237)) - 269e0ee6-c833-446d-a842-94c77dd867fd@group-B508C26EB33E-SegmentedRaftLogWorker close()
2022-03-02 21:34:36,838 [Command processor thread] INFO  server.RaftServer$Division (RaftServerImpl.java:groupRemove(382)) - 269e0ee6-c833-446d-a842-94c77dd867fd@group-B508C26EB33E: Succeed to remove RaftStorageDirectory Storage Directory /home/runner/work/ozone/ozone/hadoop-ozone/integration-test/target/test-dir/MiniOzoneClusterImpl-f745d883-409d-4598-9a00-e779d9019c18/datanode-3/data/ratis/a3d558d9-1de6-4c21-bf95-b508c26eb33e
2022-03-02 21:34:36,839 [Command processor thread] INFO  commandhandler.ClosePipelineCommandHandler (ClosePipelineCommandHandler.java:handle(78)) - Close Pipeline PipelineID=a3d558d9-1de6-4c21-bf95-b508c26eb33e command on datanode 269e0ee6-c833-446d-a842-94c77dd867fd.
2022-03-02 21:34:36,870 [269e0ee6-c833-446d-a842-94c77dd867fd@group-B508C26EB33E->ff1229b5-7bf6-42b1-a70d-3d6d5a94de90-GrpcLogAppender-LogAppenderDaemon] WARN  server.GrpcLogAppender (GrpcLogAppender.java:mayWait(177)) - 269e0ee6-c833-446d-a842-94c77dd867fd@group-B508C26EB33E->ff1229b5-7bf6-42b1-a70d-3d6d5a94de90-GrpcLogAppender: Wait interrupted by java.lang.InterruptedException
2022-03-02 21:34:36,870 [grpc-default-executor-5] INFO  server.GrpcServerProtocolService (GrpcServerProtocolService.java:onCompleted(140)) - ff1229b5-7bf6-42b1-a70d-3d6d5a94de90: Completed APPEND_ENTRIES, lastRequest: 269e0ee6-c833-446d-a842-94c77dd867fd->ff1229b5-7bf6-42b1-a70d-3d6d5a94de90#1-t1,previous=(t:0, i:0),leaderCommit=-1,initializing? true,entries: size=1, first=(t:1, i:0), CONFIGURATIONENTRY
2022-03-02 21:34:36,871 [grpc-default-executor-5] INFO  server.GrpcLogAppender (GrpcLogAppender.java:onCompleted(346)) - 269e0ee6-c833-446d-a842-94c77dd867fd@group-B508C26EB33E->ff1229b5-7bf6-42b1-a70d-3d6d5a94de90-AppendLogResponseHandler: follower responses appendEntries COMPLETED
2022-03-02 21:34:36,871 [grpc-default-executor-5] INFO  leader.FollowerInfo (FollowerInfoImpl.java:lambda$new$0(47)) - 269e0ee6-c833-446d-a842-94c77dd867fd@group-B508C26EB33E->ff1229b5-7bf6-42b1-a70d-3d6d5a94de90: nextIndex: updateUnconditionally 1 -> 0
2022-03-02 21:34:36,911 [06306a50-9ba9-4128-94e0-55d591e142a1@group-B24374D265BF-FollowerState] INFO  impl.FollowerState (FollowerState.java:run(134)) - 06306a50-9ba9-4128-94e0-55d591e142a1@group-B24374D265BF-FollowerState: change to CANDIDATE, lastRpcElapsedTime:7286332294ns, electionTimeout:5017ms
2022-03-02 21:34:36,911 [06306a50-9ba9-4128-94e0-55d591e142a1@group-B24374D265BF-FollowerState] INFO  impl.RoleInfo (RoleInfo.java:shutdownFollowerState(108)) - 06306a50-9ba9-4128-94e0-55d591e142a1: shutdown 06306a50-9ba9-4128-94e0-55d591e142a1@group-B24374D265BF-FollowerState
2022-03-02 21:34:36,911 [06306a50-9ba9-4128-94e0-55d591e142a1@group-B24374D265BF-FollowerState] INFO  server.RaftServer$Division (RaftServerImpl.java:setRole(290)) - 06306a50-9ba9-4128-94e0-55d591e142a1@group-B24374D265BF: changes role from  FOLLOWER to CANDIDATE at term 1 for changeToCandidate
2022-03-02 21:34:36,911 [06306a50-9ba9-4128-94e0-55d591e142a1@group-B24374D265BF-FollowerState] INFO  server.RaftServerConfigKeys (ConfUtils.java:logGet(44)) - raft.server.leaderelection.pre-vote = false (custom)
2022-03-02 21:34:36,911 [06306a50-9ba9-4128-94e0-55d591e142a1@group-B24374D265BF-FollowerState] INFO  impl.RoleInfo (RoleInfo.java:updateAndGet(130)) - 06306a50-9ba9-4128-94e0-55d591e142a1: start 06306a50-9ba9-4128-94e0-55d591e142a1@group-B24374D265BF-LeaderElection115
2022-03-02 21:34:36,943 [06306a50-9ba9-4128-94e0-55d591e142a1@group-B24374D265BF-LeaderElection115] INFO  server.RaftServer$Division (ServerState.java:setLeader(285)) - 06306a50-9ba9-4128-94e0-55d591e142a1@group-B24374D265BF: change Leader from 176cdbad-2e78-4d65-9cb6-df82a020a3cb to null at term 1 for ELECTION
2022-03-02 21:34:36,944 [06306a50-9ba9-4128-94e0-55d591e142a1@group-B24374D265BF-LeaderElection115] INFO  impl.LeaderElection (LeaderElection.java:askForVotes(306)) - 06306a50-9ba9-4128-94e0-55d591e142a1@group-B24374D265BF-LeaderElection115 ELECTION round 0: submit vote requests at term 2 for 0: [176cdbad-2e78-4d65-9cb6-df82a020a3cb|rpc:10.1.0.35:36905|dataStream:|priority:0, cdd5360e-d849-4e2b-b62b-b70fbd73a7e1|rpc:10.1.0.35:36141|dataStream:|priority:1, 06306a50-9ba9-4128-94e0-55d591e142a1|rpc:10.1.0.35:42445|dataStream:|priority:0], old=null
2022-03-02 21:34:36,960 [ca012516-14dd-42cd-8742-1c9d04d43fd5@group-D1C6F700E880-FollowerState] INFO  impl.FollowerState (FollowerState.java:run(134)) - ca012516-14dd-42cd-8742-1c9d04d43fd5@group-D1C6F700E880-FollowerState: change to CANDIDATE, lastRpcElapsedTime:5080957480ns, electionTimeout:5043ms
2022-03-02 21:34:36,960 [ca012516-14dd-42cd-8742-1c9d04d43fd5@group-D1C6F700E880-FollowerState] INFO  impl.RoleInfo (RoleInfo.java:shutdownFollowerState(108)) - ca012516-14dd-42cd-8742-1c9d04d43fd5: shutdown ca012516-14dd-42cd-8742-1c9d04d43fd5@group-D1C6F700E880-FollowerState
2022-03-02 21:34:36,960 [ca012516-14dd-42cd-8742-1c9d04d43fd5@group-D1C6F700E880-FollowerState] INFO  server.RaftServer$Division (RaftServerImpl.java:setRole(290)) - ca012516-14dd-42cd-8742-1c9d04d43fd5@group-D1C6F700E880: changes role from  FOLLOWER to CANDIDATE at term 3 for changeToCandidate
2022-03-02 21:34:36,975 [06306a50-9ba9-4128-94e0-55d591e142a1@group-D1C6F700E880-FollowerState] INFO  impl.FollowerState (FollowerState.java:run(134)) - 06306a50-9ba9-4128-94e0-55d591e142a1@group-D1C6F700E880-FollowerState: change to CANDIDATE, lastRpcElapsedTime:5159634686ns, electionTimeout:5097ms
2022-03-02 21:34:36,975 [06306a50-9ba9-4128-94e0-55d591e142a1@group-D1C6F700E880-FollowerState] INFO  impl.RoleInfo (RoleInfo.java:shutdownFollowerState(108)) - 06306a50-9ba9-4128-94e0-55d591e142a1: shutdown 06306a50-9ba9-4128-94e0-55d591e142a1@group-D1C6F700E880-FollowerState
2022-03-02 21:34:36,975 [06306a50-9ba9-4128-94e0-55d591e142a1@group-D1C6F700E880-FollowerState] INFO  server.RaftServer$Division (RaftServerImpl.java:setRole(290)) - 06306a50-9ba9-4128-94e0-55d591e142a1@group-D1C6F700E880: changes role from  FOLLOWER to CANDIDATE at term 3 for changeToCandidate
2022-03-02 21:34:37,021 [06306a50-9ba9-4128-94e0-55d591e142a1@group-D1C6F700E880-FollowerState] INFO  server.RaftServerConfigKeys (ConfUtils.java:logGet(44)) - raft.server.leaderelection.pre-vote = false (custom)
2022-03-02 21:34:37,021 [06306a50-9ba9-4128-94e0-55d591e142a1@group-D1C6F700E880-FollowerState] INFO  impl.RoleInfo (RoleInfo.java:updateAndGet(130)) - 06306a50-9ba9-4128-94e0-55d591e142a1: start 06306a50-9ba9-4128-94e0-55d591e142a1@group-D1C6F700E880-LeaderElection117
2022-03-02 21:34:37,032 [06306a50-9ba9-4128-94e0-55d591e142a1@group-B24374D265BF-LeaderElection115] INFO  impl.LeaderElection (LogUtils.java:infoOrTrace(137)) - 06306a50-9ba9-4128-94e0-55d591e142a1@group-B24374D265BF-LeaderElection115 got exception when requesting votes: java.util.concurrent.ExecutionException: org.apache.ratis.thirdparty.io.grpc.StatusRuntimeException: UNAVAILABLE: io exception
2022-03-02 21:34:37,032 [06306a50-9ba9-4128-94e0-55d591e142a1@group-B24374D265BF-LeaderElection115] INFO  impl.LeaderElection (LogUtils.java:infoOrTrace(137)) - 06306a50-9ba9-4128-94e0-55d591e142a1@group-B24374D265BF-LeaderElection115 got exception when requesting votes: java.util.concurrent.ExecutionException: org.apache.ratis.thirdparty.io.grpc.StatusRuntimeException: UNAVAILABLE: io exception
2022-03-02 21:34:37,032 [06306a50-9ba9-4128-94e0-55d591e142a1@group-B24374D265BF-LeaderElection115] INFO  impl.LeaderElection (LeaderElection.java:logAndReturn(89)) - 06306a50-9ba9-4128-94e0-55d591e142a1@group-B24374D265BF-LeaderElection115: ELECTION REJECTED received 0 response(s) and 2 exception(s):
2022-03-02 21:34:37,032 [06306a50-9ba9-4128-94e0-55d591e142a1@group-B24374D265BF-LeaderElection115] INFO  impl.LeaderElection (LogUtils.java:infoOrTrace(137)) -   Exception 0: java.util.concurrent.ExecutionException: org.apache.ratis.thirdparty.io.grpc.StatusRuntimeException: UNAVAILABLE: io exception
2022-03-02 21:34:37,032 [06306a50-9ba9-4128-94e0-55d591e142a1@group-B24374D265BF-LeaderElection115] INFO  impl.LeaderElection (LogUtils.java:infoOrTrace(137)) -   Exception 1: java.util.concurrent.ExecutionException: org.apache.ratis.thirdparty.io.grpc.StatusRuntimeException: UNAVAILABLE: io exception
2022-03-02 21:34:37,032 [06306a50-9ba9-4128-94e0-55d591e142a1@group-B24374D265BF-LeaderElection115] INFO  impl.LeaderElection (LeaderElection.java:askForVotes(308)) - 06306a50-9ba9-4128-94e0-55d591e142a1@group-B24374D265BF-LeaderElection115 ELECTION round 0: result REJECTED
2022-03-02 21:34:37,032 [06306a50-9ba9-4128-94e0-55d591e142a1@group-B24374D265BF-LeaderElection115] INFO  server.RaftServer$Division (RaftServerImpl.java:setRole(290)) - 06306a50-9ba9-4128-94e0-55d591e142a1@group-B24374D265BF: changes role from CANDIDATE to FOLLOWER at term 2 for REJECTED
2022-03-02 21:34:37,032 [06306a50-9ba9-4128-94e0-55d591e142a1@group-B24374D265BF-LeaderElection115] INFO  impl.RoleInfo (RoleInfo.java:shutdownLeaderElection(121)) - 06306a50-9ba9-4128-94e0-55d591e142a1: shutdown 06306a50-9ba9-4128-94e0-55d591e142a1@group-B24374D265BF-LeaderElection115
2022-03-02 21:34:37,032 [06306a50-9ba9-4128-94e0-55d591e142a1@group-B24374D265BF-LeaderElection115] INFO  impl.RoleInfo (RoleInfo.java:updateAndGet(130)) - 06306a50-9ba9-4128-94e0-55d591e142a1: start 06306a50-9ba9-4128-94e0-55d591e142a1@group-B24374D265BF-FollowerState
2022-03-02 21:34:37,067 [ca012516-14dd-42cd-8742-1c9d04d43fd5@group-D1C6F700E880-FollowerState] INFO  server.RaftServerConfigKeys (ConfUtils.java:logGet(44)) - raft.server.leaderelection.pre-vote = false (custom)
2022-03-02 21:34:37,067 [ca012516-14dd-42cd-8742-1c9d04d43fd5@group-D1C6F700E880-FollowerState] INFO  impl.RoleInfo (RoleInfo.java:updateAndGet(130)) - ca012516-14dd-42cd-8742-1c9d04d43fd5: start ca012516-14dd-42cd-8742-1c9d04d43fd5@group-D1C6F700E880-LeaderElection116
2022-03-02 21:34:37,068 [06306a50-9ba9-4128-94e0-55d591e142a1@group-D1C6F700E880-LeaderElection117] INFO  impl.LeaderElection (LeaderElection.java:askForVotes(306)) - 06306a50-9ba9-4128-94e0-55d591e142a1@group-D1C6F700E880-LeaderElection117 ELECTION round 0: submit vote requests at term 4 for -1: [cdd5360e-d849-4e2b-b62b-b70fbd73a7e1|rpc:10.1.0.35:36141|priority:0, 06306a50-9ba9-4128-94e0-55d591e142a1|rpc:10.1.0.35:42445|priority:1, ca012516-14dd-42cd-8742-1c9d04d43fd5|rpc:10.1.0.35:34561|priority:0], old=null
2022-03-02 21:34:37,078 [Listener at 127.0.0.1/33667] INFO  statemachine.DatanodeStateMachine (DatanodeStateMachine.java:stopDaemon(529)) - Ozone container server stopped.
2022-03-02 21:34:37,078 [Listener at 127.0.0.1/33667] INFO  handler.ContextHandler (ContextHandler.java:doStop(1153)) - Stopped o.e.j.w.WebAppContext@73b6b57a{hddsDatanode,/,null,STOPPED}{jar:file:/home/runner/.m2/repository/org/apache/ozone/hdds-container-service/1.3.0-SNAPSHOT/hdds-container-service-1.3.0-SNAPSHOT.jar!/webapps/hddsDatanode}
2022-03-02 21:34:37,083 [Listener at 127.0.0.1/33667] INFO  server.AbstractConnector (AbstractConnector.java:doStop(381)) - Stopped ServerConnector@fe469fe{HTTP/1.1, (http/1.1)}{0.0.0.0:0}
2022-03-02 21:34:37,083 [Listener at 127.0.0.1/33667] INFO  server.session (HouseKeeper.java:stopScavenging(149)) - node0 Stopped scavenging
2022-03-02 21:34:37,083 [Listener at 127.0.0.1/33667] INFO  handler.ContextHandler (ContextHandler.java:doStop(1153)) - Stopped o.e.j.s.ServletContextHandler@43bbd390{static,/static,jar:file:/home/runner/.m2/repository/org/apache/ozone/hdds-container-service/1.3.0-SNAPSHOT/hdds-container-service-1.3.0-SNAPSHOT.jar!/webapps/static,STOPPED}
2022-03-02 21:34:37,083 [Listener at 127.0.0.1/33667] INFO  handler.ContextHandler (ContextHandler.java:doStop(1153)) - Stopped o.e.j.s.ServletContextHandler@67edb40d{logs,/logs,file:///home/runner/work/ozone/ozone/hadoop-ozone/integration-test/target/log,STOPPED}
2022-03-02 21:34:37,118 [ca012516-14dd-42cd-8742-1c9d04d43fd5@group-D1C6F700E880-LeaderElection116] INFO  impl.LeaderElection (LeaderElection.java:askForVotes(306)) - ca012516-14dd-42cd-8742-1c9d04d43fd5@group-D1C6F700E880-LeaderElection116 ELECTION round 0: submit vote requests at term 4 for -1: [cdd5360e-d849-4e2b-b62b-b70fbd73a7e1|rpc:10.1.0.35:36141|dataStream:|priority:0, 06306a50-9ba9-4128-94e0-55d591e142a1|rpc:10.1.0.35:42445|dataStream:|priority:1, ca012516-14dd-42cd-8742-1c9d04d43fd5|rpc:10.1.0.35:34561|dataStream:|priority:0], old=null
2022-03-02 21:34:37,151 [06306a50-9ba9-4128-94e0-55d591e142a1@group-D1C6F700E880-LeaderElection117] INFO  impl.LeaderElection (LogUtils.java:infoOrTrace(137)) - 06306a50-9ba9-4128-94e0-55d591e142a1@group-D1C6F700E880-LeaderElection117 got exception when requesting votes: java.util.concurrent.ExecutionException: org.apache.ratis.thirdparty.io.grpc.StatusRuntimeException: UNAVAILABLE: io exception
2022-03-02 21:34:37,158 [grpc-default-executor-5] INFO  server.RaftServer$Division (RaftServerImpl.java:requestVote(1046)) - ca012516-14dd-42cd-8742-1c9d04d43fd5@group-D1C6F700E880: receive requestVote(ELECTION, 06306a50-9ba9-4128-94e0-55d591e142a1, group-D1C6F700E880, 4, (t:0, i:0))
2022-03-02 21:34:37,158 [grpc-default-executor-5] INFO  impl.VoteContext (VoteContext.java:log(48)) - ca012516-14dd-42cd-8742-1c9d04d43fd5@group-D1C6F700E880-CANDIDATE: reject ELECTION from 06306a50-9ba9-4128-94e0-55d591e142a1: already has voted for ca012516-14dd-42cd-8742-1c9d04d43fd5 at current term 4
2022-03-02 21:34:37,158 [grpc-default-executor-5] INFO  server.RaftServer$Division (RaftServerImpl.java:requestVote(1078)) - ca012516-14dd-42cd-8742-1c9d04d43fd5@group-D1C6F700E880 replies to ELECTION vote request: 06306a50-9ba9-4128-94e0-55d591e142a1<-ca012516-14dd-42cd-8742-1c9d04d43fd5#0:FAIL-t4. Peer's state: ca012516-14dd-42cd-8742-1c9d04d43fd5@group-D1C6F700E880:t4, leader=null, voted=ca012516-14dd-42cd-8742-1c9d04d43fd5, raftlog=ca012516-14dd-42cd-8742-1c9d04d43fd5@group-D1C6F700E880-SegmentedRaftLog:OPENED:c-1, conf=-1: [cdd5360e-d849-4e2b-b62b-b70fbd73a7e1|rpc:10.1.0.35:36141|dataStream:|priority:0, 06306a50-9ba9-4128-94e0-55d591e142a1|rpc:10.1.0.35:42445|dataStream:|priority:1, ca012516-14dd-42cd-8742-1c9d04d43fd5|rpc:10.1.0.35:34561|dataStream:|priority:0], old=null
2022-03-02 21:34:37,188 [ca012516-14dd-42cd-8742-1c9d04d43fd5@group-D1C6F700E880-LeaderElection116] INFO  impl.LeaderElection (LogUtils.java:infoOrTrace(137)) - ca012516-14dd-42cd-8742-1c9d04d43fd5@group-D1C6F700E880-LeaderElection116 got exception when requesting votes: java.util.concurrent.ExecutionException: org.apache.ratis.thirdparty.io.grpc.StatusRuntimeException: UNAVAILABLE: io exception
2022-03-02 21:34:37,189 [06306a50-9ba9-4128-94e0-55d591e142a1@group-D1C6F700E880-LeaderElection117] INFO  impl.LeaderElection (LeaderElection.java:logAndReturn(89)) - 06306a50-9ba9-4128-94e0-55d591e142a1@group-D1C6F700E880-LeaderElection117: ELECTION REJECTED received 1 response(s) and 1 exception(s):
2022-03-02 21:34:37,189 [06306a50-9ba9-4128-94e0-55d591e142a1@group-D1C6F700E880-LeaderElection117] INFO  impl.LeaderElection (LeaderElection.java:logAndReturn(93)) -   Response 0: 06306a50-9ba9-4128-94e0-55d591e142a1<-ca012516-14dd-42cd-8742-1c9d04d43fd5#0:FAIL-t4
2022-03-02 21:34:37,189 [06306a50-9ba9-4128-94e0-55d591e142a1@group-D1C6F700E880-LeaderElection117] INFO  impl.LeaderElection (LogUtils.java:infoOrTrace(137)) -   Exception 1: java.util.concurrent.ExecutionException: org.apache.ratis.thirdparty.io.grpc.StatusRuntimeException: UNAVAILABLE: io exception
2022-03-02 21:34:37,189 [06306a50-9ba9-4128-94e0-55d591e142a1@group-D1C6F700E880-LeaderElection117] INFO  impl.LeaderElection (LeaderElection.java:askForVotes(308)) - 06306a50-9ba9-4128-94e0-55d591e142a1@group-D1C6F700E880-LeaderElection117 ELECTION round 0: result REJECTED
2022-03-02 21:34:37,189 [06306a50-9ba9-4128-94e0-55d591e142a1@group-D1C6F700E880-LeaderElection117] INFO  server.RaftServer$Division (RaftServerImpl.java:setRole(290)) - 06306a50-9ba9-4128-94e0-55d591e142a1@group-D1C6F700E880: changes role from CANDIDATE to FOLLOWER at term 4 for REJECTED
2022-03-02 21:34:37,189 [06306a50-9ba9-4128-94e0-55d591e142a1@group-D1C6F700E880-LeaderElection117] INFO  impl.RoleInfo (RoleInfo.java:shutdownLeaderElection(121)) - 06306a50-9ba9-4128-94e0-55d591e142a1: shutdown 06306a50-9ba9-4128-94e0-55d591e142a1@group-D1C6F700E880-LeaderElection117
2022-03-02 21:34:37,189 [06306a50-9ba9-4128-94e0-55d591e142a1@group-D1C6F700E880-LeaderElection117] INFO  impl.RoleInfo (RoleInfo.java:updateAndGet(130)) - 06306a50-9ba9-4128-94e0-55d591e142a1: start 06306a50-9ba9-4128-94e0-55d591e142a1@group-D1C6F700E880-FollowerState
2022-03-02 21:34:37,190 [grpc-default-executor-5] INFO  server.RaftServer$Division (RaftServerImpl.java:requestVote(1046)) - 06306a50-9ba9-4128-94e0-55d591e142a1@group-D1C6F700E880: receive requestVote(ELECTION, ca012516-14dd-42cd-8742-1c9d04d43fd5, group-D1C6F700E880, 4, (t:0, i:0))
2022-03-02 21:34:37,199 [grpc-default-executor-5] INFO  impl.VoteContext (VoteContext.java:log(48)) - 06306a50-9ba9-4128-94e0-55d591e142a1@group-D1C6F700E880-FOLLOWER: reject ELECTION from ca012516-14dd-42cd-8742-1c9d04d43fd5: already has voted for 06306a50-9ba9-4128-94e0-55d591e142a1 at current term 4
2022-03-02 21:34:37,199 [grpc-default-executor-5] INFO  server.RaftServer$Division (RaftServerImpl.java:requestVote(1078)) - 06306a50-9ba9-4128-94e0-55d591e142a1@group-D1C6F700E880 replies to ELECTION vote request: ca012516-14dd-42cd-8742-1c9d04d43fd5<-06306a50-9ba9-4128-94e0-55d591e142a1#0:FAIL-t4. Peer's state: 06306a50-9ba9-4128-94e0-55d591e142a1@group-D1C6F700E880:t4, leader=null, voted=06306a50-9ba9-4128-94e0-55d591e142a1, raftlog=06306a50-9ba9-4128-94e0-55d591e142a1@group-D1C6F700E880-SegmentedRaftLog:OPENED:c-1, conf=-1: [cdd5360e-d849-4e2b-b62b-b70fbd73a7e1|rpc:10.1.0.35:36141|priority:0, 06306a50-9ba9-4128-94e0-55d591e142a1|rpc:10.1.0.35:42445|priority:1, ca012516-14dd-42cd-8742-1c9d04d43fd5|rpc:10.1.0.35:34561|priority:0], old=null
2022-03-02 21:34:37,200 [ca012516-14dd-42cd-8742-1c9d04d43fd5@group-D1C6F700E880-LeaderElection116] INFO  impl.LeaderElection (LeaderElection.java:logAndReturn(89)) - ca012516-14dd-42cd-8742-1c9d04d43fd5@group-D1C6F700E880-LeaderElection116: ELECTION REJECTED received 1 response(s) and 1 exception(s):
2022-03-02 21:34:37,200 [ca012516-14dd-42cd-8742-1c9d04d43fd5@group-D1C6F700E880-LeaderElection116] INFO  impl.LeaderElection (LeaderElection.java:logAndReturn(93)) -   Response 0: ca012516-14dd-42cd-8742-1c9d04d43fd5<-06306a50-9ba9-4128-94e0-55d591e142a1#0:FAIL-t4
2022-03-02 21:34:37,200 [ca012516-14dd-42cd-8742-1c9d04d43fd5@group-D1C6F700E880-LeaderElection116] INFO  impl.LeaderElection (LogUtils.java:infoOrTrace(137)) -   Exception 1: java.util.concurrent.ExecutionException: org.apache.ratis.thirdparty.io.grpc.StatusRuntimeException: UNAVAILABLE: io exception
2022-03-02 21:34:37,200 [ca012516-14dd-42cd-8742-1c9d04d43fd5@group-D1C6F700E880-LeaderElection116] INFO  impl.LeaderElection (LeaderElection.java:askForVotes(308)) - ca012516-14dd-42cd-8742-1c9d04d43fd5@group-D1C6F700E880-LeaderElection116 ELECTION round 0: result REJECTED
2022-03-02 21:34:37,200 [ca012516-14dd-42cd-8742-1c9d04d43fd5@group-D1C6F700E880-LeaderElection116] INFO  server.RaftServer$Division (RaftServerImpl.java:setRole(290)) - ca012516-14dd-42cd-8742-1c9d04d43fd5@group-D1C6F700E880: changes role from CANDIDATE to FOLLOWER at term 4 for REJECTED
2022-03-02 21:34:37,200 [ca012516-14dd-42cd-8742-1c9d04d43fd5@group-D1C6F700E880-LeaderElection116] INFO  impl.RoleInfo (RoleInfo.java:shutdownLeaderElection(121)) - ca012516-14dd-42cd-8742-1c9d04d43fd5: shutdown ca012516-14dd-42cd-8742-1c9d04d43fd5@group-D1C6F700E880-LeaderElection116
2022-03-02 21:34:37,200 [ca012516-14dd-42cd-8742-1c9d04d43fd5@group-D1C6F700E880-LeaderElection116] INFO  impl.RoleInfo (RoleInfo.java:updateAndGet(130)) - ca012516-14dd-42cd-8742-1c9d04d43fd5: start ca012516-14dd-42cd-8742-1c9d04d43fd5@group-D1C6F700E880-FollowerState
2022-03-02 21:34:37,663 [Command processor thread] INFO  server.RaftServer (RaftServerProxy.java:remove(106)) - 06306a50-9ba9-4128-94e0-55d591e142a1: remove  FOLLOWER 06306a50-9ba9-4128-94e0-55d591e142a1@group-05C4B365625D:t2, leader=176cdbad-2e78-4d65-9cb6-df82a020a3cb, voted=176cdbad-2e78-4d65-9cb6-df82a020a3cb, raftlog=06306a50-9ba9-4128-94e0-55d591e142a1@group-05C4B365625D-SegmentedRaftLog:OPENED:c0, conf=0: [cdd5360e-d849-4e2b-b62b-b70fbd73a7e1|rpc:10.1.0.35:36141|dataStream:|priority:0, 176cdbad-2e78-4d65-9cb6-df82a020a3cb|rpc:10.1.0.35:36905|dataStream:|priority:1, 06306a50-9ba9-4128-94e0-55d591e142a1|rpc:10.1.0.35:42445|dataStream:|priority:0], old=null RUNNING
2022-03-02 21:34:37,663 [Command processor thread] INFO  server.RaftServer$Division (RaftServerImpl.java:lambda$close$4(412)) - 06306a50-9ba9-4128-94e0-55d591e142a1@group-05C4B365625D: shutdown
2022-03-02 21:34:37,663 [Command processor thread] INFO  util.JmxRegister (JmxRegister.java:unregister(73)) - Successfully un-registered JMX Bean with object name Ratis:service=RaftServer,group=group-05C4B365625D,id=06306a50-9ba9-4128-94e0-55d591e142a1
2022-03-02 21:34:37,663 [Command processor thread] INFO  impl.RoleInfo (RoleInfo.java:shutdownFollowerState(108)) - 06306a50-9ba9-4128-94e0-55d591e142a1: shutdown 06306a50-9ba9-4128-94e0-55d591e142a1@group-05C4B365625D-FollowerState
2022-03-02 21:34:37,663 [Command processor thread] INFO  impl.StateMachineUpdater (StateMachineUpdater.java:stopAndJoin(149)) - 06306a50-9ba9-4128-94e0-55d591e142a1@group-05C4B365625D-StateMachineUpdater: set stopIndex = 0
2022-03-02 21:34:37,663 [06306a50-9ba9-4128-94e0-55d591e142a1@group-05C4B365625D-StateMachineUpdater] INFO  ratis.ContainerStateMachine (ContainerStateMachine.java:takeSnapshot(304)) - group-05C4B365625D: Taking a snapshot at:(t:2, i:0) file /home/runner/work/ozone/ozone/hadoop-ozone/integration-test/target/test-dir/MiniOzoneClusterImpl-f745d883-409d-4598-9a00-e779d9019c18/datanode-0/data/ratis/e486f70c-26fe-495e-ae57-05c4b365625d/sm/snapshot.2_0
2022-03-02 21:34:37,664 [06306a50-9ba9-4128-94e0-55d591e142a1@group-05C4B365625D-FollowerState] INFO  impl.FollowerState (FollowerState.java:run(143)) - 06306a50-9ba9-4128-94e0-55d591e142a1@group-05C4B365625D-FollowerState was interrupted: {}
java.lang.InterruptedException: sleep interrupted
	at java.lang.Thread.sleep(Native Method)
	at java.lang.Thread.sleep(Thread.java:342)
	at java.util.concurrent.TimeUnit.sleep(TimeUnit.java:386)
	at org.apache.ratis.util.TimeDuration.sleep(TimeDuration.java:324)
	at org.apache.ratis.util.TimeDuration.sleep(TimeDuration.java:309)
	at org.apache.ratis.server.impl.FollowerState.run(FollowerState.java:118)
2022-03-02 21:34:37,664 [06306a50-9ba9-4128-94e0-55d591e142a1@group-05C4B365625D-StateMachineUpdater] INFO  ratis.ContainerStateMachine (ContainerStateMachine.java:takeSnapshot(315)) - group-05C4B365625D: Finished taking a snapshot at:(t:2, i:0) file:/home/runner/work/ozone/ozone/hadoop-ozone/integration-test/target/test-dir/MiniOzoneClusterImpl-f745d883-409d-4598-9a00-e779d9019c18/datanode-0/data/ratis/e486f70c-26fe-495e-ae57-05c4b365625d/sm/snapshot.2_0 took: 1 ms
2022-03-02 21:34:37,664 [06306a50-9ba9-4128-94e0-55d591e142a1@group-05C4B365625D-StateMachineUpdater] INFO  impl.StateMachineUpdater (StateMachineUpdater.java:takeSnapshot(281)) - 06306a50-9ba9-4128-94e0-55d591e142a1@group-05C4B365625D-StateMachineUpdater: Took a snapshot at index 0
2022-03-02 21:34:37,664 [06306a50-9ba9-4128-94e0-55d591e142a1@group-05C4B365625D-StateMachineUpdater] INFO  impl.StateMachineUpdater (StateMachineUpdater.java:lambda$new$0(89)) - 06306a50-9ba9-4128-94e0-55d591e142a1@group-05C4B365625D-StateMachineUpdater: snapshotIndex: updateIncreasingly -1 -> 0
2022-03-02 21:34:37,673 [Command processor thread] INFO  server.RaftServer$Division (ServerState.java:close(419)) - 06306a50-9ba9-4128-94e0-55d591e142a1@group-05C4B365625D: closes. applyIndex: 0
2022-03-02 21:34:37,674 [06306a50-9ba9-4128-94e0-55d591e142a1@group-05C4B365625D-SegmentedRaftLogWorker] INFO  segmented.SegmentedRaftLogWorker (SegmentedRaftLogWorker.java:run(327)) - 06306a50-9ba9-4128-94e0-55d591e142a1@group-05C4B365625D-SegmentedRaftLogWorker was interrupted, exiting. There are 0 tasks remaining in the queue.
2022-03-02 21:34:37,674 [Command processor thread] INFO  segmented.SegmentedRaftLogWorker (SegmentedRaftLogWorker.java:close(237)) - 06306a50-9ba9-4128-94e0-55d591e142a1@group-05C4B365625D-SegmentedRaftLogWorker close()
2022-03-02 21:34:37,674 [Command processor thread] INFO  server.RaftServer$Division (RaftServerImpl.java:groupRemove(382)) - 06306a50-9ba9-4128-94e0-55d591e142a1@group-05C4B365625D: Succeed to remove RaftStorageDirectory Storage Directory /home/runner/work/ozone/ozone/hadoop-ozone/integration-test/target/test-dir/MiniOzoneClusterImpl-f745d883-409d-4598-9a00-e779d9019c18/datanode-0/data/ratis/e486f70c-26fe-495e-ae57-05c4b365625d
2022-03-02 21:34:37,674 [Command processor thread] INFO  commandhandler.ClosePipelineCommandHandler (ClosePipelineCommandHandler.java:handle(78)) - Close Pipeline PipelineID=e486f70c-26fe-495e-ae57-05c4b365625d command on datanode 06306a50-9ba9-4128-94e0-55d591e142a1.
2022-03-02 21:34:37,675 [Command processor thread] INFO  server.RaftServer (RaftServerProxy.java:remove(106)) - 06306a50-9ba9-4128-94e0-55d591e142a1: remove  FOLLOWER 06306a50-9ba9-4128-94e0-55d591e142a1@group-D1C6F700E880:t4, leader=null, voted=06306a50-9ba9-4128-94e0-55d591e142a1, raftlog=06306a50-9ba9-4128-94e0-55d591e142a1@group-D1C6F700E880-SegmentedRaftLog:OPENED:c-1, conf=-1: [cdd5360e-d849-4e2b-b62b-b70fbd73a7e1|rpc:10.1.0.35:36141|priority:0, 06306a50-9ba9-4128-94e0-55d591e142a1|rpc:10.1.0.35:42445|priority:1, ca012516-14dd-42cd-8742-1c9d04d43fd5|rpc:10.1.0.35:34561|priority:0], old=null RUNNING
2022-03-02 21:34:37,675 [Command processor thread] INFO  server.RaftServer$Division (RaftServerImpl.java:lambda$close$4(412)) - 06306a50-9ba9-4128-94e0-55d591e142a1@group-D1C6F700E880: shutdown
2022-03-02 21:34:37,675 [Command processor thread] INFO  util.JmxRegister (JmxRegister.java:unregister(73)) - Successfully un-registered JMX Bean with object name Ratis:service=RaftServer,group=group-D1C6F700E880,id=06306a50-9ba9-4128-94e0-55d591e142a1
2022-03-02 21:34:37,675 [Command processor thread] INFO  impl.RoleInfo (RoleInfo.java:shutdownFollowerState(108)) - 06306a50-9ba9-4128-94e0-55d591e142a1: shutdown 06306a50-9ba9-4128-94e0-55d591e142a1@group-D1C6F700E880-FollowerState
2022-03-02 21:34:37,675 [Command processor thread] INFO  impl.StateMachineUpdater (StateMachineUpdater.java:stopAndJoin(149)) - 06306a50-9ba9-4128-94e0-55d591e142a1@group-D1C6F700E880-StateMachineUpdater: set stopIndex = -1
2022-03-02 21:34:37,675 [06306a50-9ba9-4128-94e0-55d591e142a1@group-D1C6F700E880-FollowerState] INFO  impl.FollowerState (FollowerState.java:run(143)) - 06306a50-9ba9-4128-94e0-55d591e142a1@group-D1C6F700E880-FollowerState was interrupted: {}
java.lang.InterruptedException: sleep interrupted
	at java.lang.Thread.sleep(Native Method)
	at java.lang.Thread.sleep(Thread.java:342)
	at java.util.concurrent.TimeUnit.sleep(TimeUnit.java:386)
	at org.apache.ratis.util.TimeDuration.sleep(TimeDuration.java:324)
	at org.apache.ratis.util.TimeDuration.sleep(TimeDuration.java:309)
	at org.apache.ratis.server.impl.FollowerState.run(FollowerState.java:118)
2022-03-02 21:34:37,675 [Command processor thread] INFO  server.RaftServer$Division (ServerState.java:close(419)) - 06306a50-9ba9-4128-94e0-55d591e142a1@group-D1C6F700E880: closes. applyIndex: -1
2022-03-02 21:34:37,675 [06306a50-9ba9-4128-94e0-55d591e142a1@group-D1C6F700E880-SegmentedRaftLogWorker] INFO  segmented.SegmentedRaftLogWorker (SegmentedRaftLogWorker.java:run(327)) - 06306a50-9ba9-4128-94e0-55d591e142a1@group-D1C6F700E880-SegmentedRaftLogWorker was interrupted, exiting. There are 0 tasks remaining in the queue.
2022-03-02 21:34:37,676 [Command processor thread] INFO  segmented.SegmentedRaftLogWorker (SegmentedRaftLogWorker.java:close(237)) - 06306a50-9ba9-4128-94e0-55d591e142a1@group-D1C6F700E880-SegmentedRaftLogWorker close()
2022-03-02 21:34:37,676 [Command processor thread] INFO  server.RaftServer$Division (RaftServerImpl.java:groupRemove(382)) - 06306a50-9ba9-4128-94e0-55d591e142a1@group-D1C6F700E880: Succeed to remove RaftStorageDirectory Storage Directory /home/runner/work/ozone/ozone/hadoop-ozone/integration-test/target/test-dir/MiniOzoneClusterImpl-f745d883-409d-4598-9a00-e779d9019c18/datanode-0/data/ratis/99b0005b-b804-474f-a045-d1c6f700e880
2022-03-02 21:34:37,676 [Command processor thread] INFO  commandhandler.ClosePipelineCommandHandler (ClosePipelineCommandHandler.java:handle(78)) - Close Pipeline PipelineID=99b0005b-b804-474f-a045-d1c6f700e880 command on datanode 06306a50-9ba9-4128-94e0-55d591e142a1.
2022-03-02 21:34:37,676 [Command processor thread] INFO  server.RaftServer (RaftServerProxy.java:remove(106)) - 06306a50-9ba9-4128-94e0-55d591e142a1: remove  FOLLOWER 06306a50-9ba9-4128-94e0-55d591e142a1@group-B24374D265BF:t2, leader=null, voted=06306a50-9ba9-4128-94e0-55d591e142a1, raftlog=06306a50-9ba9-4128-94e0-55d591e142a1@group-B24374D265BF-SegmentedRaftLog:OPENED:c0, conf=0: [176cdbad-2e78-4d65-9cb6-df82a020a3cb|rpc:10.1.0.35:36905|dataStream:|priority:0, cdd5360e-d849-4e2b-b62b-b70fbd73a7e1|rpc:10.1.0.35:36141|dataStream:|priority:1, 06306a50-9ba9-4128-94e0-55d591e142a1|rpc:10.1.0.35:42445|dataStream:|priority:0], old=null RUNNING
2022-03-02 21:34:37,676 [Command processor thread] INFO  server.RaftServer$Division (RaftServerImpl.java:lambda$close$4(412)) - 06306a50-9ba9-4128-94e0-55d591e142a1@group-B24374D265BF: shutdown
2022-03-02 21:34:37,676 [Command processor thread] INFO  util.JmxRegister (JmxRegister.java:unregister(73)) - Successfully un-registered JMX Bean with object name Ratis:service=RaftServer,group=group-B24374D265BF,id=06306a50-9ba9-4128-94e0-55d591e142a1
2022-03-02 21:34:37,676 [Command processor thread] INFO  impl.RoleInfo (RoleInfo.java:shutdownFollowerState(108)) - 06306a50-9ba9-4128-94e0-55d591e142a1: shutdown 06306a50-9ba9-4128-94e0-55d591e142a1@group-B24374D265BF-FollowerState
2022-03-02 21:34:37,676 [06306a50-9ba9-4128-94e0-55d591e142a1@group-B24374D265BF-FollowerState] INFO  impl.FollowerState (FollowerState.java:run(143)) - 06306a50-9ba9-4128-94e0-55d591e142a1@group-B24374D265BF-FollowerState was interrupted: {}
java.lang.InterruptedException: sleep interrupted
	at java.lang.Thread.sleep(Native Method)
	at java.lang.Thread.sleep(Thread.java:342)
	at java.util.concurrent.TimeUnit.sleep(TimeUnit.java:386)
	at org.apache.ratis.util.TimeDuration.sleep(TimeDuration.java:324)
	at org.apache.ratis.util.TimeDuration.sleep(TimeDuration.java:309)
	at org.apache.ratis.server.impl.FollowerState.run(FollowerState.java:118)
2022-03-02 21:34:37,677 [06306a50-9ba9-4128-94e0-55d591e142a1@group-B24374D265BF-StateMachineUpdater] INFO  ratis.ContainerStateMachine (ContainerStateMachine.java:takeSnapshot(304)) - group-B24374D265BF: Taking a snapshot at:(t:1, i:0) file /home/runner/work/ozone/ozone/hadoop-ozone/integration-test/target/test-dir/MiniOzoneClusterImpl-f745d883-409d-4598-9a00-e779d9019c18/datanode-0/data/ratis/5087f059-a113-4b89-88cc-b24374d265bf/sm/snapshot.1_0
2022-03-02 21:34:37,677 [Command processor thread] INFO  impl.StateMachineUpdater (StateMachineUpdater.java:stopAndJoin(149)) - 06306a50-9ba9-4128-94e0-55d591e142a1@group-B24374D265BF-StateMachineUpdater: set stopIndex = 0
2022-03-02 21:34:37,703 [06306a50-9ba9-4128-94e0-55d591e142a1@group-B24374D265BF-StateMachineUpdater] INFO  ratis.ContainerStateMachine (ContainerStateMachine.java:takeSnapshot(315)) - group-B24374D265BF: Finished taking a snapshot at:(t:1, i:0) file:/home/runner/work/ozone/ozone/hadoop-ozone/integration-test/target/test-dir/MiniOzoneClusterImpl-f745d883-409d-4598-9a00-e779d9019c18/datanode-0/data/ratis/5087f059-a113-4b89-88cc-b24374d265bf/sm/snapshot.1_0 took: 26 ms
2022-03-02 21:34:37,703 [06306a50-9ba9-4128-94e0-55d591e142a1@group-B24374D265BF-StateMachineUpdater] INFO  impl.StateMachineUpdater (StateMachineUpdater.java:takeSnapshot(281)) - 06306a50-9ba9-4128-94e0-55d591e142a1@group-B24374D265BF-StateMachineUpdater: Took a snapshot at index 0
2022-03-02 21:34:37,703 [06306a50-9ba9-4128-94e0-55d591e142a1@group-B24374D265BF-StateMachineUpdater] INFO  impl.StateMachineUpdater (StateMachineUpdater.java:lambda$new$0(89)) - 06306a50-9ba9-4128-94e0-55d591e142a1@group-B24374D265BF-StateMachineUpdater: snapshotIndex: updateIncreasingly -1 -> 0
2022-03-02 21:34:37,703 [Command processor thread] INFO  server.RaftServer$Division (ServerState.java:close(419)) - 06306a50-9ba9-4128-94e0-55d591e142a1@group-B24374D265BF: closes. applyIndex: 0
2022-03-02 21:34:37,703 [06306a50-9ba9-4128-94e0-55d591e142a1@group-B24374D265BF-SegmentedRaftLogWorker] INFO  segmented.SegmentedRaftLogWorker (SegmentedRaftLogWorker.java:run(327)) - 06306a50-9ba9-4128-94e0-55d591e142a1@group-B24374D265BF-SegmentedRaftLogWorker was interrupted, exiting. There are 0 tasks remaining in the queue.
2022-03-02 21:34:37,703 [Command processor thread] INFO  segmented.SegmentedRaftLogWorker (SegmentedRaftLogWorker.java:close(237)) - 06306a50-9ba9-4128-94e0-55d591e142a1@group-B24374D265BF-SegmentedRaftLogWorker close()
2022-03-02 21:34:37,704 [Command processor thread] INFO  server.RaftServer$Division (RaftServerImpl.java:groupRemove(382)) - 06306a50-9ba9-4128-94e0-55d591e142a1@group-B24374D265BF: Succeed to remove RaftStorageDirectory Storage Directory /home/runner/work/ozone/ozone/hadoop-ozone/integration-test/target/test-dir/MiniOzoneClusterImpl-f745d883-409d-4598-9a00-e779d9019c18/datanode-0/data/ratis/5087f059-a113-4b89-88cc-b24374d265bf
2022-03-02 21:34:37,704 [Command processor thread] INFO  commandhandler.ClosePipelineCommandHandler (ClosePipelineCommandHandler.java:handle(78)) - Close Pipeline PipelineID=5087f059-a113-4b89-88cc-b24374d265bf command on datanode 06306a50-9ba9-4128-94e0-55d591e142a1.
2022-03-02 21:34:38,243 [Command processor thread] INFO  server.RaftServer (RaftServerProxy.java:remove(106)) - ca012516-14dd-42cd-8742-1c9d04d43fd5: remove  FOLLOWER ca012516-14dd-42cd-8742-1c9d04d43fd5@group-D1C6F700E880:t4, leader=null, voted=ca012516-14dd-42cd-8742-1c9d04d43fd5, raftlog=ca012516-14dd-42cd-8742-1c9d04d43fd5@group-D1C6F700E880-SegmentedRaftLog:OPENED:c-1, conf=-1: [cdd5360e-d849-4e2b-b62b-b70fbd73a7e1|rpc:10.1.0.35:36141|dataStream:|priority:0, 06306a50-9ba9-4128-94e0-55d591e142a1|rpc:10.1.0.35:42445|dataStream:|priority:1, ca012516-14dd-42cd-8742-1c9d04d43fd5|rpc:10.1.0.35:34561|dataStream:|priority:0], old=null RUNNING
2022-03-02 21:34:38,243 [Command processor thread] INFO  server.RaftServer$Division (RaftServerImpl.java:lambda$close$4(412)) - ca012516-14dd-42cd-8742-1c9d04d43fd5@group-D1C6F700E880: shutdown
2022-03-02 21:34:38,243 [Command processor thread] INFO  util.JmxRegister (JmxRegister.java:unregister(73)) - Successfully un-registered JMX Bean with object name Ratis:service=RaftServer,group=group-D1C6F700E880,id=ca012516-14dd-42cd-8742-1c9d04d43fd5
2022-03-02 21:34:38,243 [Command processor thread] INFO  impl.RoleInfo (RoleInfo.java:shutdownFollowerState(108)) - ca012516-14dd-42cd-8742-1c9d04d43fd5: shutdown ca012516-14dd-42cd-8742-1c9d04d43fd5@group-D1C6F700E880-FollowerState
2022-03-02 21:34:38,243 [Command processor thread] INFO  impl.StateMachineUpdater (StateMachineUpdater.java:stopAndJoin(149)) - ca012516-14dd-42cd-8742-1c9d04d43fd5@group-D1C6F700E880-StateMachineUpdater: set stopIndex = -1
2022-03-02 21:34:38,243 [ca012516-14dd-42cd-8742-1c9d04d43fd5@group-D1C6F700E880-FollowerState] INFO  impl.FollowerState (FollowerState.java:run(143)) - ca012516-14dd-42cd-8742-1c9d04d43fd5@group-D1C6F700E880-FollowerState was interrupted: {}
java.lang.InterruptedException: sleep interrupted
	at java.lang.Thread.sleep(Native Method)
	at java.lang.Thread.sleep(Thread.java:342)
	at java.util.concurrent.TimeUnit.sleep(TimeUnit.java:386)
	at org.apache.ratis.util.TimeDuration.sleep(TimeDuration.java:324)
	at org.apache.ratis.util.TimeDuration.sleep(TimeDuration.java:309)
	at org.apache.ratis.server.impl.FollowerState.run(FollowerState.java:118)
2022-03-02 21:34:38,291 [Command processor thread] INFO  server.RaftServer$Division (ServerState.java:close(419)) - ca012516-14dd-42cd-8742-1c9d04d43fd5@group-D1C6F700E880: closes. applyIndex: -1
2022-03-02 21:34:38,291 [grpc-default-executor-5] WARN  server.GrpcLogAppender (LogUtils.java:warn(122)) - ff1229b5-7bf6-42b1-a70d-3d6d5a94de90@group-F48392E64407->39d9f1c0-7130-4277-8a35-add537f65258-AppendLogResponseHandler: Failed appendEntries: org.apache.ratis.thirdparty.io.grpc.StatusRuntimeException: UNAVAILABLE: io exception
2022-03-02 21:34:38,291 [grpc-default-executor-5] WARN  server.GrpcLogAppender (GrpcLogAppender.java:resetClient(110)) - ff1229b5-7bf6-42b1-a70d-3d6d5a94de90@group-F48392E64407->39d9f1c0-7130-4277-8a35-add537f65258-GrpcLogAppender: Leader has not got in touch with Follower ff1229b5-7bf6-42b1-a70d-3d6d5a94de90@group-F48392E64407->39d9f1c0-7130-4277-8a35-add537f65258(c0,m0,n1, attendVote=true, lastRpcSendTime=2508, lastRpcResponseTime=17569) yet, just keep nextIndex unchanged and retry.
2022-03-02 21:34:38,291 [ca012516-14dd-42cd-8742-1c9d04d43fd5@group-D1C6F700E880-SegmentedRaftLogWorker] INFO  segmented.SegmentedRaftLogWorker (SegmentedRaftLogWorker.java:run(327)) - ca012516-14dd-42cd-8742-1c9d04d43fd5@group-D1C6F700E880-SegmentedRaftLogWorker was interrupted, exiting. There are 0 tasks remaining in the queue.
2022-03-02 21:34:38,292 [Command processor thread] INFO  segmented.SegmentedRaftLogWorker (SegmentedRaftLogWorker.java:close(237)) - ca012516-14dd-42cd-8742-1c9d04d43fd5@group-D1C6F700E880-SegmentedRaftLogWorker close()
2022-03-02 21:34:38,292 [Command processor thread] INFO  server.RaftServer$Division (RaftServerImpl.java:groupRemove(382)) - ca012516-14dd-42cd-8742-1c9d04d43fd5@group-D1C6F700E880: Succeed to remove RaftStorageDirectory Storage Directory /home/runner/work/ozone/ozone/hadoop-ozone/integration-test/target/test-dir/MiniOzoneClusterImpl-f745d883-409d-4598-9a00-e779d9019c18/datanode-2/data/ratis/99b0005b-b804-474f-a045-d1c6f700e880
2022-03-02 21:34:38,293 [Command processor thread] INFO  commandhandler.ClosePipelineCommandHandler (ClosePipelineCommandHandler.java:handle(78)) - Close Pipeline PipelineID=99b0005b-b804-474f-a045-d1c6f700e880 command on datanode ca012516-14dd-42cd-8742-1c9d04d43fd5.
2022-03-02 21:34:38,880 [grpc-default-executor-5] WARN  server.GrpcLogAppender (LogUtils.java:warn(122)) - ff1229b5-7bf6-42b1-a70d-3d6d5a94de90@group-4C98E9F0FD07->39d9f1c0-7130-4277-8a35-add537f65258-AppendLogResponseHandler: Failed appendEntries: org.apache.ratis.thirdparty.io.grpc.StatusRuntimeException: UNAVAILABLE: io exception
2022-03-02 21:34:38,880 [grpc-default-executor-5] WARN  server.GrpcLogAppender (GrpcLogAppender.java:resetClient(110)) - ff1229b5-7bf6-42b1-a70d-3d6d5a94de90@group-4C98E9F0FD07->39d9f1c0-7130-4277-8a35-add537f65258-GrpcLogAppender: Leader has not got in touch with Follower ff1229b5-7bf6-42b1-a70d-3d6d5a94de90@group-4C98E9F0FD07->39d9f1c0-7130-4277-8a35-add537f65258(c-1,m0,n3, attendVote=true, lastRpcSendTime=2516, lastRpcResponseTime=15485) yet, just keep nextIndex unchanged and retry.
2022-03-02 21:34:40,819 [grpc-default-executor-5] WARN  server.GrpcLogAppender (LogUtils.java:warn(122)) - ff1229b5-7bf6-42b1-a70d-3d6d5a94de90@group-F48392E64407->39d9f1c0-7130-4277-8a35-add537f65258-AppendLogResponseHandler: Failed appendEntries: org.apache.ratis.thirdparty.io.grpc.StatusRuntimeException: UNAVAILABLE: io exception
2022-03-02 21:34:40,819 [grpc-default-executor-5] WARN  server.GrpcLogAppender (GrpcLogAppender.java:resetClient(110)) - ff1229b5-7bf6-42b1-a70d-3d6d5a94de90@group-F48392E64407->39d9f1c0-7130-4277-8a35-add537f65258-GrpcLogAppender: Leader has not got in touch with Follower ff1229b5-7bf6-42b1-a70d-3d6d5a94de90@group-F48392E64407->39d9f1c0-7130-4277-8a35-add537f65258(c0,m0,n1, attendVote=true, lastRpcSendTime=3, lastRpcResponseTime=20097) yet, just keep nextIndex unchanged and retry.
2022-03-02 21:34:41,194 [java.util.concurrent.ThreadPoolExecutor$Worker@2b27614e[State = -1, empty queue]] WARN  server.GrpcLogAppender (GrpcLogAppender.java:timeoutAppendRequest(246)) - ff1229b5-7bf6-42b1-a70d-3d6d5a94de90@group-F48392E64407->269e0ee6-c833-446d-a842-94c77dd867fd-GrpcLogAppender: HEARTBEAT appendEntries Timeout, request=AppendEntriesRequest:cid=33,entriesCount=0,lastEntry=null
2022-03-02 21:34:41,405 [grpc-default-executor-5] WARN  server.GrpcLogAppender (LogUtils.java:warn(122)) - ff1229b5-7bf6-42b1-a70d-3d6d5a94de90@group-4C98E9F0FD07->39d9f1c0-7130-4277-8a35-add537f65258-AppendLogResponseHandler: Failed appendEntries: org.apache.ratis.thirdparty.io.grpc.StatusRuntimeException: UNAVAILABLE: io exception
2022-03-02 21:34:41,406 [grpc-default-executor-5] WARN  server.GrpcLogAppender (GrpcLogAppender.java:resetClient(110)) - ff1229b5-7bf6-42b1-a70d-3d6d5a94de90@group-4C98E9F0FD07->39d9f1c0-7130-4277-8a35-add537f65258-GrpcLogAppender: Leader has not got in touch with Follower ff1229b5-7bf6-42b1-a70d-3d6d5a94de90@group-4C98E9F0FD07->39d9f1c0-7130-4277-8a35-add537f65258(c-1,m0,n3, attendVote=true, lastRpcSendTime=2524, lastRpcResponseTime=18010) yet, just keep nextIndex unchanged and retry.
2022-03-02 21:34:41,992 [java.util.concurrent.ThreadPoolExecutor$Worker@2b27614e[State = -1, empty queue]] WARN  server.GrpcLogAppender (GrpcLogAppender.java:timeoutAppendRequest(246)) - ff1229b5-7bf6-42b1-a70d-3d6d5a94de90@group-4C98E9F0FD07->269e0ee6-c833-446d-a842-94c77dd867fd-GrpcLogAppender: HEARTBEAT appendEntries Timeout, request=AppendEntriesRequest:cid=246,entriesCount=0,lastEntry=null
2022-03-02 21:34:42,100 [Listener at 127.0.0.1/33667] INFO  ozoneimpl.OzoneContainer (OzoneContainer.java:stop(356)) - Attempting to stop container services.
2022-03-02 21:34:42,102 [Listener at 127.0.0.1/33667] INFO  server.RaftServer (RaftServerProxy.java:lambda$close$6(391)) - ff1229b5-7bf6-42b1-a70d-3d6d5a94de90: close
2022-03-02 21:34:42,102 [Listener at 127.0.0.1/33667] INFO  server.RaftServer$Division (RaftServerImpl.java:lambda$close$4(412)) - ff1229b5-7bf6-42b1-a70d-3d6d5a94de90@group-4C98E9F0FD07: shutdown
2022-03-02 21:34:42,102 [Listener at 127.0.0.1/33667] INFO  util.JmxRegister (JmxRegister.java:unregister(73)) - Successfully un-registered JMX Bean with object name Ratis:service=RaftServer,group=group-4C98E9F0FD07,id=ff1229b5-7bf6-42b1-a70d-3d6d5a94de90
2022-03-02 21:34:42,103 [Listener at 127.0.0.1/33667] INFO  impl.RoleInfo (RoleInfo.java:shutdownLeaderState(91)) - ff1229b5-7bf6-42b1-a70d-3d6d5a94de90: shutdown ff1229b5-7bf6-42b1-a70d-3d6d5a94de90@group-4C98E9F0FD07-LeaderStateImpl
2022-03-02 21:34:42,103 [ff1229b5-7bf6-42b1-a70d-3d6d5a94de90@group-4C98E9F0FD07->269e0ee6-c833-446d-a842-94c77dd867fd-GrpcLogAppender-LogAppenderDaemon] WARN  server.GrpcLogAppender (GrpcLogAppender.java:mayWait(177)) - ff1229b5-7bf6-42b1-a70d-3d6d5a94de90@group-4C98E9F0FD07->269e0ee6-c833-446d-a842-94c77dd867fd-GrpcLogAppender: Wait interrupted by java.lang.InterruptedException
2022-03-02 21:34:42,103 [Listener at 127.0.0.1/33667] INFO  impl.PendingRequests (PendingRequests.java:sendNotLeaderResponses(282)) - ff1229b5-7bf6-42b1-a70d-3d6d5a94de90@group-4C98E9F0FD07-PendingRequests: sendNotLeaderResponses
2022-03-02 21:34:42,108 [grpc-default-executor-5] INFO  server.GrpcServerProtocolService (GrpcServerProtocolService.java:onCompleted(140)) - 269e0ee6-c833-446d-a842-94c77dd867fd: Completed APPEND_ENTRIES, lastRequest: ff1229b5-7bf6-42b1-a70d-3d6d5a94de90->269e0ee6-c833-446d-a842-94c77dd867fd#2-t5,previous=(t:5, i:1),leaderCommit=1,initializing? true,entries: size=1, first=(t:5, i:2), METADATAENTRY(c:1)
2022-03-02 21:34:42,108 [grpc-default-executor-2] INFO  server.GrpcLogAppender (GrpcLogAppender.java:onCompleted(346)) - ff1229b5-7bf6-42b1-a70d-3d6d5a94de90@group-4C98E9F0FD07->269e0ee6-c833-446d-a842-94c77dd867fd-AppendLogResponseHandler: follower responses appendEntries COMPLETED
2022-03-02 21:34:42,108 [grpc-default-executor-2] INFO  leader.FollowerInfo (FollowerInfoImpl.java:lambda$new$0(47)) - ff1229b5-7bf6-42b1-a70d-3d6d5a94de90@group-4C98E9F0FD07->269e0ee6-c833-446d-a842-94c77dd867fd: nextIndex: updateUnconditionally 3 -> 2
2022-03-02 21:34:42,119 [Listener at 127.0.0.1/33667] INFO  impl.StateMachineUpdater (StateMachineUpdater.java:stopAndJoin(149)) - ff1229b5-7bf6-42b1-a70d-3d6d5a94de90@group-4C98E9F0FD07-StateMachineUpdater: set stopIndex = 2
2022-03-02 21:34:42,119 [ff1229b5-7bf6-42b1-a70d-3d6d5a94de90@group-4C98E9F0FD07-StateMachineUpdater] INFO  ratis.ContainerStateMachine (ContainerStateMachine.java:takeSnapshot(304)) - group-4C98E9F0FD07: Taking a snapshot at:(t:5, i:2) file /home/runner/work/ozone/ozone/hadoop-ozone/integration-test/target/test-dir/MiniOzoneClusterImpl-f745d883-409d-4598-9a00-e779d9019c18/datanode-5/data/ratis/7222150f-7630-4924-8d62-4c98e9f0fd07/sm/snapshot.5_2
2022-03-02 21:34:42,121 [ff1229b5-7bf6-42b1-a70d-3d6d5a94de90@group-4C98E9F0FD07-StateMachineUpdater] INFO  ratis.ContainerStateMachine (ContainerStateMachine.java:takeSnapshot(315)) - group-4C98E9F0FD07: Finished taking a snapshot at:(t:5, i:2) file:/home/runner/work/ozone/ozone/hadoop-ozone/integration-test/target/test-dir/MiniOzoneClusterImpl-f745d883-409d-4598-9a00-e779d9019c18/datanode-5/data/ratis/7222150f-7630-4924-8d62-4c98e9f0fd07/sm/snapshot.5_2 took: 1 ms
2022-03-02 21:34:42,121 [ff1229b5-7bf6-42b1-a70d-3d6d5a94de90@group-4C98E9F0FD07-StateMachineUpdater] INFO  impl.StateMachineUpdater (StateMachineUpdater.java:takeSnapshot(281)) - ff1229b5-7bf6-42b1-a70d-3d6d5a94de90@group-4C98E9F0FD07-StateMachineUpdater: Took a snapshot at index 2
2022-03-02 21:34:42,123 [ff1229b5-7bf6-42b1-a70d-3d6d5a94de90@group-4C98E9F0FD07-StateMachineUpdater] INFO  impl.StateMachineUpdater (StateMachineUpdater.java:lambda$new$0(89)) - ff1229b5-7bf6-42b1-a70d-3d6d5a94de90@group-4C98E9F0FD07-StateMachineUpdater: snapshotIndex: updateIncreasingly -1 -> 2
2022-03-02 21:34:42,135 [Listener at 127.0.0.1/33667] INFO  server.RaftServer$Division (ServerState.java:close(419)) - ff1229b5-7bf6-42b1-a70d-3d6d5a94de90@group-4C98E9F0FD07: closes. applyIndex: 2
2022-03-02 21:34:42,135 [ff1229b5-7bf6-42b1-a70d-3d6d5a94de90@group-4C98E9F0FD07-SegmentedRaftLogWorker] INFO  segmented.SegmentedRaftLogWorker (SegmentedRaftLogWorker.java:run(327)) - ff1229b5-7bf6-42b1-a70d-3d6d5a94de90@group-4C98E9F0FD07-SegmentedRaftLogWorker was interrupted, exiting. There are 0 tasks remaining in the queue.
2022-03-02 21:34:42,135 [Listener at 127.0.0.1/33667] INFO  segmented.SegmentedRaftLogWorker (SegmentedRaftLogWorker.java:close(237)) - ff1229b5-7bf6-42b1-a70d-3d6d5a94de90@group-4C98E9F0FD07-SegmentedRaftLogWorker close()
2022-03-02 21:34:42,135 [Listener at 127.0.0.1/33667] INFO  server.RaftServer$Division (RaftServerImpl.java:lambda$close$4(412)) - ff1229b5-7bf6-42b1-a70d-3d6d5a94de90@group-C97EF908EB8A: shutdown
2022-03-02 21:34:42,135 [Listener at 127.0.0.1/33667] INFO  util.JmxRegister (JmxRegister.java:unregister(73)) - Successfully un-registered JMX Bean with object name Ratis:service=RaftServer,group=group-C97EF908EB8A,id=ff1229b5-7bf6-42b1-a70d-3d6d5a94de90
2022-03-02 21:34:42,135 [Listener at 127.0.0.1/33667] INFO  impl.RoleInfo (RoleInfo.java:shutdownLeaderState(91)) - ff1229b5-7bf6-42b1-a70d-3d6d5a94de90: shutdown ff1229b5-7bf6-42b1-a70d-3d6d5a94de90@group-C97EF908EB8A-LeaderStateImpl
2022-03-02 21:34:42,136 [Listener at 127.0.0.1/33667] INFO  impl.PendingRequests (PendingRequests.java:sendNotLeaderResponses(282)) - ff1229b5-7bf6-42b1-a70d-3d6d5a94de90@group-C97EF908EB8A-PendingRequests: sendNotLeaderResponses
2022-03-02 21:34:42,136 [ff1229b5-7bf6-42b1-a70d-3d6d5a94de90@group-C97EF908EB8A-StateMachineUpdater] INFO  ratis.ContainerStateMachine (ContainerStateMachine.java:takeSnapshot(304)) - group-C97EF908EB8A: Taking a snapshot at:(t:1, i:0) file /home/runner/work/ozone/ozone/hadoop-ozone/integration-test/target/test-dir/MiniOzoneClusterImpl-f745d883-409d-4598-9a00-e779d9019c18/datanode-5/data/ratis/119b732d-8d8f-435b-b5ba-c97ef908eb8a/sm/snapshot.1_0
2022-03-02 21:34:42,137 [Listener at 127.0.0.1/33667] INFO  impl.StateMachineUpdater (StateMachineUpdater.java:stopAndJoin(149)) - ff1229b5-7bf6-42b1-a70d-3d6d5a94de90@group-C97EF908EB8A-StateMachineUpdater: set stopIndex = 0
2022-03-02 21:34:42,138 [ff1229b5-7bf6-42b1-a70d-3d6d5a94de90@group-C97EF908EB8A-StateMachineUpdater] INFO  ratis.ContainerStateMachine (ContainerStateMachine.java:takeSnapshot(315)) - group-C97EF908EB8A: Finished taking a snapshot at:(t:1, i:0) file:/home/runner/work/ozone/ozone/hadoop-ozone/integration-test/target/test-dir/MiniOzoneClusterImpl-f745d883-409d-4598-9a00-e779d9019c18/datanode-5/data/ratis/119b732d-8d8f-435b-b5ba-c97ef908eb8a/sm/snapshot.1_0 took: 1 ms
2022-03-02 21:34:42,138 [ff1229b5-7bf6-42b1-a70d-3d6d5a94de90@group-C97EF908EB8A-StateMachineUpdater] INFO  impl.StateMachineUpdater (StateMachineUpdater.java:takeSnapshot(281)) - ff1229b5-7bf6-42b1-a70d-3d6d5a94de90@group-C97EF908EB8A-StateMachineUpdater: Took a snapshot at index 0
2022-03-02 21:34:42,138 [ff1229b5-7bf6-42b1-a70d-3d6d5a94de90@group-C97EF908EB8A-StateMachineUpdater] INFO  impl.StateMachineUpdater (StateMachineUpdater.java:lambda$new$0(89)) - ff1229b5-7bf6-42b1-a70d-3d6d5a94de90@group-C97EF908EB8A-StateMachineUpdater: snapshotIndex: updateIncreasingly -1 -> 0
2022-03-02 21:34:42,138 [Listener at 127.0.0.1/33667] INFO  server.RaftServer$Division (ServerState.java:close(419)) - ff1229b5-7bf6-42b1-a70d-3d6d5a94de90@group-C97EF908EB8A: closes. applyIndex: 0
2022-03-02 21:34:42,138 [ff1229b5-7bf6-42b1-a70d-3d6d5a94de90@group-C97EF908EB8A-SegmentedRaftLogWorker] INFO  segmented.SegmentedRaftLogWorker (SegmentedRaftLogWorker.java:run(327)) - ff1229b5-7bf6-42b1-a70d-3d6d5a94de90@group-C97EF908EB8A-SegmentedRaftLogWorker was interrupted, exiting. There are 0 tasks remaining in the queue.
2022-03-02 21:34:42,139 [Listener at 127.0.0.1/33667] INFO  segmented.SegmentedRaftLogWorker (SegmentedRaftLogWorker.java:close(237)) - ff1229b5-7bf6-42b1-a70d-3d6d5a94de90@group-C97EF908EB8A-SegmentedRaftLogWorker close()
2022-03-02 21:34:42,145 [Listener at 127.0.0.1/33667] INFO  server.RaftServer$Division (RaftServerImpl.java:lambda$close$4(412)) - ff1229b5-7bf6-42b1-a70d-3d6d5a94de90@group-B508C26EB33E: shutdown
2022-03-02 21:34:42,145 [Listener at 127.0.0.1/33667] INFO  util.JmxRegister (JmxRegister.java:unregister(73)) - Successfully un-registered JMX Bean with object name Ratis:service=RaftServer,group=group-B508C26EB33E,id=ff1229b5-7bf6-42b1-a70d-3d6d5a94de90
2022-03-02 21:34:42,145 [Listener at 127.0.0.1/33667] INFO  impl.RoleInfo (RoleInfo.java:shutdownFollowerState(108)) - ff1229b5-7bf6-42b1-a70d-3d6d5a94de90: shutdown ff1229b5-7bf6-42b1-a70d-3d6d5a94de90@group-B508C26EB33E-FollowerState
2022-03-02 21:34:42,145 [ff1229b5-7bf6-42b1-a70d-3d6d5a94de90@group-B508C26EB33E-FollowerState] INFO  impl.FollowerState (FollowerState.java:run(143)) - ff1229b5-7bf6-42b1-a70d-3d6d5a94de90@group-B508C26EB33E-FollowerState was interrupted: {}
java.lang.InterruptedException: sleep interrupted
	at java.lang.Thread.sleep(Native Method)
	at java.lang.Thread.sleep(Thread.java:342)
	at java.util.concurrent.TimeUnit.sleep(TimeUnit.java:386)
	at org.apache.ratis.util.TimeDuration.sleep(TimeDuration.java:324)
	at org.apache.ratis.util.TimeDuration.sleep(TimeDuration.java:309)
	at org.apache.ratis.server.impl.FollowerState.run(FollowerState.java:118)
2022-03-02 21:34:42,146 [Listener at 127.0.0.1/33667] INFO  impl.StateMachineUpdater (StateMachineUpdater.java:stopAndJoin(149)) - ff1229b5-7bf6-42b1-a70d-3d6d5a94de90@group-B508C26EB33E-StateMachineUpdater: set stopIndex = 0
2022-03-02 21:34:42,146 [ff1229b5-7bf6-42b1-a70d-3d6d5a94de90@group-B508C26EB33E-StateMachineUpdater] INFO  ratis.ContainerStateMachine (ContainerStateMachine.java:takeSnapshot(304)) - group-B508C26EB33E: Taking a snapshot at:(t:1, i:0) file /home/runner/work/ozone/ozone/hadoop-ozone/integration-test/target/test-dir/MiniOzoneClusterImpl-f745d883-409d-4598-9a00-e779d9019c18/datanode-5/data/ratis/a3d558d9-1de6-4c21-bf95-b508c26eb33e/sm/snapshot.1_0
2022-03-02 21:34:42,146 [ff1229b5-7bf6-42b1-a70d-3d6d5a94de90@group-B508C26EB33E-StateMachineUpdater] INFO  ratis.ContainerStateMachine (ContainerStateMachine.java:takeSnapshot(315)) - group-B508C26EB33E: Finished taking a snapshot at:(t:1, i:0) file:/home/runner/work/ozone/ozone/hadoop-ozone/integration-test/target/test-dir/MiniOzoneClusterImpl-f745d883-409d-4598-9a00-e779d9019c18/datanode-5/data/ratis/a3d558d9-1de6-4c21-bf95-b508c26eb33e/sm/snapshot.1_0 took: 1 ms
2022-03-02 21:34:42,147 [ff1229b5-7bf6-42b1-a70d-3d6d5a94de90@group-B508C26EB33E-StateMachineUpdater] INFO  impl.StateMachineUpdater (StateMachineUpdater.java:takeSnapshot(281)) - ff1229b5-7bf6-42b1-a70d-3d6d5a94de90@group-B508C26EB33E-StateMachineUpdater: Took a snapshot at index 0
2022-03-02 21:34:42,147 [ff1229b5-7bf6-42b1-a70d-3d6d5a94de90@group-B508C26EB33E-StateMachineUpdater] INFO  impl.StateMachineUpdater (StateMachineUpdater.java:lambda$new$0(89)) - ff1229b5-7bf6-42b1-a70d-3d6d5a94de90@group-B508C26EB33E-StateMachineUpdater: snapshotIndex: updateIncreasingly -1 -> 0
2022-03-02 21:34:42,149 [Listener at 127.0.0.1/33667] INFO  server.RaftServer$Division (ServerState.java:close(419)) - ff1229b5-7bf6-42b1-a70d-3d6d5a94de90@group-B508C26EB33E: closes. applyIndex: 0
2022-03-02 21:34:42,149 [ff1229b5-7bf6-42b1-a70d-3d6d5a94de90@group-B508C26EB33E-SegmentedRaftLogWorker] INFO  segmented.SegmentedRaftLogWorker (SegmentedRaftLogWorker.java:run(327)) - ff1229b5-7bf6-42b1-a70d-3d6d5a94de90@group-B508C26EB33E-SegmentedRaftLogWorker was interrupted, exiting. There are 0 tasks remaining in the queue.
2022-03-02 21:34:42,151 [Listener at 127.0.0.1/33667] INFO  segmented.SegmentedRaftLogWorker (SegmentedRaftLogWorker.java:close(237)) - ff1229b5-7bf6-42b1-a70d-3d6d5a94de90@group-B508C26EB33E-SegmentedRaftLogWorker close()
2022-03-02 21:34:42,151 [Listener at 127.0.0.1/33667] INFO  server.RaftServer$Division (RaftServerImpl.java:lambda$close$4(412)) - ff1229b5-7bf6-42b1-a70d-3d6d5a94de90@group-F48392E64407: shutdown
2022-03-02 21:34:42,151 [Listener at 127.0.0.1/33667] INFO  util.JmxRegister (JmxRegister.java:unregister(73)) - Successfully un-registered JMX Bean with object name Ratis:service=RaftServer,group=group-F48392E64407,id=ff1229b5-7bf6-42b1-a70d-3d6d5a94de90
2022-03-02 21:34:42,151 [Listener at 127.0.0.1/33667] INFO  impl.RoleInfo (RoleInfo.java:shutdownLeaderState(91)) - ff1229b5-7bf6-42b1-a70d-3d6d5a94de90: shutdown ff1229b5-7bf6-42b1-a70d-3d6d5a94de90@group-F48392E64407-LeaderStateImpl
2022-03-02 21:34:42,151 [Listener at 127.0.0.1/33667] INFO  impl.PendingRequests (PendingRequests.java:sendNotLeaderResponses(282)) - ff1229b5-7bf6-42b1-a70d-3d6d5a94de90@group-F48392E64407-PendingRequests: sendNotLeaderResponses
2022-03-02 21:34:42,151 [ff1229b5-7bf6-42b1-a70d-3d6d5a94de90@group-F48392E64407->269e0ee6-c833-446d-a842-94c77dd867fd-GrpcLogAppender-LogAppenderDaemon] WARN  server.GrpcLogAppender (GrpcLogAppender.java:mayWait(177)) - ff1229b5-7bf6-42b1-a70d-3d6d5a94de90@group-F48392E64407->269e0ee6-c833-446d-a842-94c77dd867fd-GrpcLogAppender: Wait interrupted by java.lang.InterruptedException
2022-03-02 21:34:42,152 [grpc-default-executor-5] INFO  server.GrpcServerProtocolService (GrpcServerProtocolService.java:onCompleted(140)) - 269e0ee6-c833-446d-a842-94c77dd867fd: Completed APPEND_ENTRIES, lastRequest: ff1229b5-7bf6-42b1-a70d-3d6d5a94de90->269e0ee6-c833-446d-a842-94c77dd867fd#1-t2,previous=(t:0, i:0),leaderCommit=0,initializing? true,entries: size=1, first=(t:2, i:0), CONFIGURATIONENTRY
2022-03-02 21:34:42,152 [grpc-default-executor-2] INFO  server.GrpcLogAppender (GrpcLogAppender.java:onCompleted(346)) - ff1229b5-7bf6-42b1-a70d-3d6d5a94de90@group-F48392E64407->269e0ee6-c833-446d-a842-94c77dd867fd-AppendLogResponseHandler: follower responses appendEntries COMPLETED
2022-03-02 21:34:42,152 [grpc-default-executor-2] INFO  leader.FollowerInfo (FollowerInfoImpl.java:lambda$new$0(47)) - ff1229b5-7bf6-42b1-a70d-3d6d5a94de90@group-F48392E64407->269e0ee6-c833-446d-a842-94c77dd867fd: nextIndex: updateUnconditionally 1 -> 0
2022-03-02 21:34:42,155 [Listener at 127.0.0.1/33667] INFO  impl.StateMachineUpdater (StateMachineUpdater.java:stopAndJoin(149)) - ff1229b5-7bf6-42b1-a70d-3d6d5a94de90@group-F48392E64407-StateMachineUpdater: set stopIndex = 0
2022-03-02 21:34:42,155 [ff1229b5-7bf6-42b1-a70d-3d6d5a94de90@group-F48392E64407-StateMachineUpdater] INFO  ratis.ContainerStateMachine (ContainerStateMachine.java:takeSnapshot(304)) - group-F48392E64407: Taking a snapshot at:(t:2, i:0) file /home/runner/work/ozone/ozone/hadoop-ozone/integration-test/target/test-dir/MiniOzoneClusterImpl-f745d883-409d-4598-9a00-e779d9019c18/datanode-5/data/ratis/05406b00-ca93-4bb6-90f5-f48392e64407/sm/snapshot.2_0
2022-03-02 21:34:42,163 [ff1229b5-7bf6-42b1-a70d-3d6d5a94de90@group-F48392E64407-StateMachineUpdater] INFO  ratis.ContainerStateMachine (ContainerStateMachine.java:takeSnapshot(315)) - group-F48392E64407: Finished taking a snapshot at:(t:2, i:0) file:/home/runner/work/ozone/ozone/hadoop-ozone/integration-test/target/test-dir/MiniOzoneClusterImpl-f745d883-409d-4598-9a00-e779d9019c18/datanode-5/data/ratis/05406b00-ca93-4bb6-90f5-f48392e64407/sm/snapshot.2_0 took: 8 ms
2022-03-02 21:34:42,163 [ff1229b5-7bf6-42b1-a70d-3d6d5a94de90@group-F48392E64407-StateMachineUpdater] INFO  impl.StateMachineUpdater (StateMachineUpdater.java:takeSnapshot(281)) - ff1229b5-7bf6-42b1-a70d-3d6d5a94de90@group-F48392E64407-StateMachineUpdater: Took a snapshot at index 0
2022-03-02 21:34:42,163 [ff1229b5-7bf6-42b1-a70d-3d6d5a94de90@group-F48392E64407-StateMachineUpdater] INFO  impl.StateMachineUpdater (StateMachineUpdater.java:lambda$new$0(89)) - ff1229b5-7bf6-42b1-a70d-3d6d5a94de90@group-F48392E64407-StateMachineUpdater: snapshotIndex: updateIncreasingly -1 -> 0
2022-03-02 21:34:42,172 [Listener at 127.0.0.1/33667] INFO  server.RaftServer$Division (ServerState.java:close(419)) - ff1229b5-7bf6-42b1-a70d-3d6d5a94de90@group-F48392E64407: closes. applyIndex: 0
2022-03-02 21:34:42,179 [ff1229b5-7bf6-42b1-a70d-3d6d5a94de90@group-F48392E64407-SegmentedRaftLogWorker] INFO  segmented.SegmentedRaftLogWorker (SegmentedRaftLogWorker.java:run(327)) - ff1229b5-7bf6-42b1-a70d-3d6d5a94de90@group-F48392E64407-SegmentedRaftLogWorker was interrupted, exiting. There are 0 tasks remaining in the queue.
2022-03-02 21:34:42,179 [Listener at 127.0.0.1/33667] INFO  segmented.SegmentedRaftLogWorker (SegmentedRaftLogWorker.java:close(237)) - ff1229b5-7bf6-42b1-a70d-3d6d5a94de90@group-F48392E64407-SegmentedRaftLogWorker close()
2022-03-02 21:34:42,179 [Listener at 127.0.0.1/33667] INFO  server.GrpcService (GrpcService.java:closeImpl(262)) - ff1229b5-7bf6-42b1-a70d-3d6d5a94de90: shutdown server with port 32847 now
2022-03-02 21:34:42,183 [Listener at 127.0.0.1/33667] INFO  server.GrpcService (GrpcService.java:closeImpl(271)) - ff1229b5-7bf6-42b1-a70d-3d6d5a94de90: shutdown server with port 32847 successfully
2022-03-02 21:34:42,184 [org.apache.ratis.util.JvmPauseMonitor$$Lambda$431/1455743440@74786d11] INFO  util.JvmPauseMonitor (JvmPauseMonitor.java:run(109)) - JvmPauseMonitor-ff1229b5-7bf6-42b1-a70d-3d6d5a94de90: Stopped
2022-03-02 21:34:44,207 [Listener at 127.0.0.1/33667] INFO  utils.BackgroundService (BackgroundService.java:shutdown(132)) - Shutting down service BlockDeletingService
2022-03-02 21:34:46,211 [EventQueue-DeadNodeForDeadNodeHandler] INFO  node.DeadNodeHandler (DeadNodeHandler.java:onMessage(80)) - A dead datanode is detected. 176cdbad-2e78-4d65-9cb6-df82a020a3cb{ip: 10.1.0.35, host: fv-az294-754.eaanfquahm5ulb5tj050gcxych.jx.internal.cloudapp.net, ports: [REPLICATION=33785, RATIS=36905, RATIS_ADMIN=36905, RATIS_SERVER=36905, STANDALONE=46855], networkLocation: /default-rack, certSerialId: null, persistedOpState: IN_SERVICE, persistedOpStateExpiryEpochSec: 0}
2022-03-02 21:34:46,211 [EventQueue-DeadNodeForDeadNodeHandler] INFO  pipeline.RatisPipelineProvider (RatisPipelineProvider.java:lambda$close$1(222)) - Send pipeline:PipelineID=c99ef66f-09a6-43aa-a065-02f814d75679 close command to datanode 176cdbad-2e78-4d65-9cb6-df82a020a3cb
2022-03-02 21:34:46,212 [d7f371f7-0d79-4eb0-9764-2158321d28de@group-E779D9019C18-StateMachineUpdater] INFO  pipeline.PipelineStateManagerImpl (PipelineStateManagerImpl.java:removePipeline(223)) - Pipeline Pipeline[ Id: c99ef66f-09a6-43aa-a065-02f814d75679, Nodes: 176cdbad-2e78-4d65-9cb6-df82a020a3cb{ip: 10.1.0.35, host: fv-az294-754.eaanfquahm5ulb5tj050gcxych.jx.internal.cloudapp.net, ports: [REPLICATION=33785, RATIS=36905, RATIS_ADMIN=36905, RATIS_SERVER=36905, STANDALONE=46855], networkLocation: /default-rack, certSerialId: null, persistedOpState: IN_SERVICE, persistedOpStateExpiryEpochSec: 0}, ReplicationConfig: RATIS/ONE, State:CLOSED, leaderId:176cdbad-2e78-4d65-9cb6-df82a020a3cb, CreationTimestamp2022-03-02T21:33:20.430Z[Etc/UTC]] removed.
2022-03-02 21:34:46,213 [EventQueue-DeadNodeForDeadNodeHandler] INFO  net.NetworkTopologyImpl (NetworkTopologyImpl.java:remove(137)) - Removed a node: /default-rack/176cdbad-2e78-4d65-9cb6-df82a020a3cb
2022-03-02 21:34:46,611 [EventQueue-StaleNodeForStaleNodeHandler] INFO  node.StaleNodeHandler (StaleNodeHandler.java:onMessage(58)) - Datanode ff1229b5-7bf6-42b1-a70d-3d6d5a94de90{ip: 10.1.0.35, host: fv-az294-754.eaanfquahm5ulb5tj050gcxych.jx.internal.cloudapp.net, ports: [REPLICATION=43603, RATIS=32847, RATIS_ADMIN=32847, RATIS_SERVER=32847, STANDALONE=40363], networkLocation: /default-rack, certSerialId: null, persistedOpState: IN_SERVICE, persistedOpStateExpiryEpochSec: 0} moved to stale state. Finalizing its pipelines [PipelineID=119b732d-8d8f-435b-b5ba-c97ef908eb8a]
2022-03-02 21:34:46,616 [EventQueue-StaleNodeForStaleNodeHandler] INFO  pipeline.PipelineManagerImpl (PipelineManagerImpl.java:closePipeline(365)) - Pipeline Pipeline[ Id: 119b732d-8d8f-435b-b5ba-c97ef908eb8a, Nodes: ff1229b5-7bf6-42b1-a70d-3d6d5a94de90{ip: 10.1.0.35, host: fv-az294-754.eaanfquahm5ulb5tj050gcxych.jx.internal.cloudapp.net, ports: [REPLICATION=43603, RATIS=32847, RATIS_ADMIN=32847, RATIS_SERVER=32847, STANDALONE=40363], networkLocation: /default-rack, certSerialId: null, persistedOpState: IN_SERVICE, persistedOpStateExpiryEpochSec: 0}, ReplicationConfig: RATIS/ONE, State:OPEN, leaderId:ff1229b5-7bf6-42b1-a70d-3d6d5a94de90, CreationTimestamp2022-03-02T21:33:19.917Z[Etc/UTC]] moved to CLOSED state
2022-03-02 21:34:47,214 [Listener at 127.0.0.1/33667] INFO  statemachine.DatanodeStateMachine (DatanodeStateMachine.java:stopDaemon(529)) - Ozone container server stopped.
2022-03-02 21:34:47,214 [Listener at 127.0.0.1/33667] INFO  handler.ContextHandler (ContextHandler.java:doStop(1153)) - Stopped o.e.j.w.WebAppContext@68b8d89d{hddsDatanode,/,null,STOPPED}{jar:file:/home/runner/.m2/repository/org/apache/ozone/hdds-container-service/1.3.0-SNAPSHOT/hdds-container-service-1.3.0-SNAPSHOT.jar!/webapps/hddsDatanode}
2022-03-02 21:34:47,219 [Listener at 127.0.0.1/33667] INFO  server.AbstractConnector (AbstractConnector.java:doStop(381)) - Stopped ServerConnector@190a334a{HTTP/1.1, (http/1.1)}{0.0.0.0:0}
2022-03-02 21:34:47,219 [Listener at 127.0.0.1/33667] INFO  server.session (HouseKeeper.java:stopScavenging(149)) - node0 Stopped scavenging
2022-03-02 21:34:47,219 [Listener at 127.0.0.1/33667] INFO  handler.ContextHandler (ContextHandler.java:doStop(1153)) - Stopped o.e.j.s.ServletContextHandler@534da52e{static,/static,jar:file:/home/runner/.m2/repository/org/apache/ozone/hdds-container-service/1.3.0-SNAPSHOT/hdds-container-service-1.3.0-SNAPSHOT.jar!/webapps/static,STOPPED}
2022-03-02 21:34:47,219 [Listener at 127.0.0.1/33667] INFO  handler.ContextHandler (ContextHandler.java:doStop(1153)) - Stopped o.e.j.s.ServletContextHandler@4464b7a3{logs,/logs,file:///home/runner/work/ozone/ozone/hadoop-ozone/integration-test/target/log,STOPPED}
2022-03-02 21:34:52,222 [Listener at 127.0.0.1/33667] INFO  ozoneimpl.OzoneContainer (OzoneContainer.java:stop(356)) - Attempting to stop container services.
2022-03-02 21:34:52,223 [Listener at 127.0.0.1/33667] INFO  server.RaftServer (RaftServerProxy.java:lambda$close$6(391)) - 269e0ee6-c833-446d-a842-94c77dd867fd: close
2022-03-02 21:34:52,223 [Listener at 127.0.0.1/33667] INFO  server.RaftServer$Division (RaftServerImpl.java:lambda$close$4(412)) - 269e0ee6-c833-446d-a842-94c77dd867fd@group-C63583200AC2: shutdown
2022-03-02 21:34:52,223 [Listener at 127.0.0.1/33667] INFO  util.JmxRegister (JmxRegister.java:unregister(73)) - Successfully un-registered JMX Bean with object name Ratis:service=RaftServer,group=group-C63583200AC2,id=269e0ee6-c833-446d-a842-94c77dd867fd
2022-03-02 21:34:52,223 [Listener at 127.0.0.1/33667] INFO  impl.RoleInfo (RoleInfo.java:shutdownLeaderState(91)) - 269e0ee6-c833-446d-a842-94c77dd867fd: shutdown 269e0ee6-c833-446d-a842-94c77dd867fd@group-C63583200AC2-LeaderStateImpl
2022-03-02 21:34:52,224 [Listener at 127.0.0.1/33667] INFO  impl.PendingRequests (PendingRequests.java:sendNotLeaderResponses(282)) - 269e0ee6-c833-446d-a842-94c77dd867fd@group-C63583200AC2-PendingRequests: sendNotLeaderResponses
2022-03-02 21:34:52,224 [Listener at 127.0.0.1/33667] INFO  impl.StateMachineUpdater (StateMachineUpdater.java:stopAndJoin(149)) - 269e0ee6-c833-446d-a842-94c77dd867fd@group-C63583200AC2-StateMachineUpdater: set stopIndex = 0
2022-03-02 21:34:52,225 [269e0ee6-c833-446d-a842-94c77dd867fd@group-C63583200AC2-StateMachineUpdater] INFO  ratis.ContainerStateMachine (ContainerStateMachine.java:takeSnapshot(304)) - group-C63583200AC2: Taking a snapshot at:(t:1, i:0) file /home/runner/work/ozone/ozone/hadoop-ozone/integration-test/target/test-dir/MiniOzoneClusterImpl-f745d883-409d-4598-9a00-e779d9019c18/datanode-3/data/ratis/2a366572-a7f4-4b25-9358-c63583200ac2/sm/snapshot.1_0
2022-03-02 21:34:52,226 [269e0ee6-c833-446d-a842-94c77dd867fd@group-C63583200AC2-StateMachineUpdater] INFO  ratis.ContainerStateMachine (ContainerStateMachine.java:takeSnapshot(315)) - group-C63583200AC2: Finished taking a snapshot at:(t:1, i:0) file:/home/runner/work/ozone/ozone/hadoop-ozone/integration-test/target/test-dir/MiniOzoneClusterImpl-f745d883-409d-4598-9a00-e779d9019c18/datanode-3/data/ratis/2a366572-a7f4-4b25-9358-c63583200ac2/sm/snapshot.1_0 took: 1 ms
2022-03-02 21:34:52,226 [269e0ee6-c833-446d-a842-94c77dd867fd@group-C63583200AC2-StateMachineUpdater] INFO  impl.StateMachineUpdater (StateMachineUpdater.java:takeSnapshot(281)) - 269e0ee6-c833-446d-a842-94c77dd867fd@group-C63583200AC2-StateMachineUpdater: Took a snapshot at index 0
2022-03-02 21:34:52,226 [269e0ee6-c833-446d-a842-94c77dd867fd@group-C63583200AC2-StateMachineUpdater] INFO  impl.StateMachineUpdater (StateMachineUpdater.java:lambda$new$0(89)) - 269e0ee6-c833-446d-a842-94c77dd867fd@group-C63583200AC2-StateMachineUpdater: snapshotIndex: updateIncreasingly -1 -> 0
2022-03-02 21:34:52,227 [Listener at 127.0.0.1/33667] INFO  server.RaftServer$Division (ServerState.java:close(419)) - 269e0ee6-c833-446d-a842-94c77dd867fd@group-C63583200AC2: closes. applyIndex: 0
2022-03-02 21:34:52,227 [269e0ee6-c833-446d-a842-94c77dd867fd@group-C63583200AC2-SegmentedRaftLogWorker] INFO  segmented.SegmentedRaftLogWorker (SegmentedRaftLogWorker.java:run(327)) - 269e0ee6-c833-446d-a842-94c77dd867fd@group-C63583200AC2-SegmentedRaftLogWorker was interrupted, exiting. There are 0 tasks remaining in the queue.
2022-03-02 21:34:52,227 [Listener at 127.0.0.1/33667] INFO  segmented.SegmentedRaftLogWorker (SegmentedRaftLogWorker.java:close(237)) - 269e0ee6-c833-446d-a842-94c77dd867fd@group-C63583200AC2-SegmentedRaftLogWorker close()
2022-03-02 21:34:52,227 [Listener at 127.0.0.1/33667] INFO  server.GrpcService (GrpcService.java:closeImpl(262)) - 269e0ee6-c833-446d-a842-94c77dd867fd: shutdown server with port 35541 now
2022-03-02 21:34:52,230 [Listener at 127.0.0.1/33667] INFO  server.GrpcService (GrpcService.java:closeImpl(271)) - 269e0ee6-c833-446d-a842-94c77dd867fd: shutdown server with port 35541 successfully
2022-03-02 21:34:52,230 [org.apache.ratis.util.JvmPauseMonitor$$Lambda$431/1455743440@309d114b] INFO  util.JvmPauseMonitor (JvmPauseMonitor.java:run(109)) - JvmPauseMonitor-269e0ee6-c833-446d-a842-94c77dd867fd: Stopped
2022-03-02 21:34:54,296 [Listener at 127.0.0.1/33667] INFO  utils.BackgroundService (BackgroundService.java:shutdown(132)) - Shutting down service BlockDeletingService
2022-03-02 21:34:56,603 [EventQueue-DeadNodeForDeadNodeHandler] INFO  node.DeadNodeHandler (DeadNodeHandler.java:onMessage(80)) - A dead datanode is detected. ff1229b5-7bf6-42b1-a70d-3d6d5a94de90{ip: 10.1.0.35, host: fv-az294-754.eaanfquahm5ulb5tj050gcxych.jx.internal.cloudapp.net, ports: [REPLICATION=43603, RATIS=32847, RATIS_ADMIN=32847, RATIS_SERVER=32847, STANDALONE=40363], networkLocation: /default-rack, certSerialId: null, persistedOpState: IN_SERVICE, persistedOpStateExpiryEpochSec: 0}
2022-03-02 21:34:56,603 [EventQueue-DeadNodeForDeadNodeHandler] INFO  pipeline.RatisPipelineProvider (RatisPipelineProvider.java:lambda$close$1(222)) - Send pipeline:PipelineID=119b732d-8d8f-435b-b5ba-c97ef908eb8a close command to datanode ff1229b5-7bf6-42b1-a70d-3d6d5a94de90
2022-03-02 21:34:56,611 [d7f371f7-0d79-4eb0-9764-2158321d28de@group-E779D9019C18-StateMachineUpdater] INFO  pipeline.PipelineStateManagerImpl (PipelineStateManagerImpl.java:removePipeline(223)) - Pipeline Pipeline[ Id: 119b732d-8d8f-435b-b5ba-c97ef908eb8a, Nodes: ff1229b5-7bf6-42b1-a70d-3d6d5a94de90{ip: 10.1.0.35, host: fv-az294-754.eaanfquahm5ulb5tj050gcxych.jx.internal.cloudapp.net, ports: [REPLICATION=43603, RATIS=32847, RATIS_ADMIN=32847, RATIS_SERVER=32847, STANDALONE=40363], networkLocation: /default-rack, certSerialId: null, persistedOpState: IN_SERVICE, persistedOpStateExpiryEpochSec: 0}, ReplicationConfig: RATIS/ONE, State:CLOSED, leaderId:ff1229b5-7bf6-42b1-a70d-3d6d5a94de90, CreationTimestamp2022-03-02T21:33:19.917Z[Etc/UTC]] removed.
2022-03-02 21:34:56,615 [EventQueue-DeadNodeForDeadNodeHandler] INFO  net.NetworkTopologyImpl (NetworkTopologyImpl.java:remove(137)) - Removed a node: /default-rack/ff1229b5-7bf6-42b1-a70d-3d6d5a94de90
2022-03-02 21:34:56,803 [EventQueue-StaleNodeForStaleNodeHandler] INFO  node.StaleNodeHandler (StaleNodeHandler.java:onMessage(58)) - Datanode 269e0ee6-c833-446d-a842-94c77dd867fd{ip: 10.1.0.35, host: fv-az294-754.eaanfquahm5ulb5tj050gcxych.jx.internal.cloudapp.net, ports: [REPLICATION=40569, RATIS=35541, RATIS_ADMIN=35541, RATIS_SERVER=35541, STANDALONE=36115], networkLocation: /default-rack, certSerialId: null, persistedOpState: IN_SERVICE, persistedOpStateExpiryEpochSec: 0} moved to stale state. Finalizing its pipelines [PipelineID=2a366572-a7f4-4b25-9358-c63583200ac2]
2022-03-02 21:34:56,806 [EventQueue-StaleNodeForStaleNodeHandler] INFO  pipeline.PipelineManagerImpl (PipelineManagerImpl.java:closePipeline(365)) - Pipeline Pipeline[ Id: 2a366572-a7f4-4b25-9358-c63583200ac2, Nodes: 269e0ee6-c833-446d-a842-94c77dd867fd{ip: 10.1.0.35, host: fv-az294-754.eaanfquahm5ulb5tj050gcxych.jx.internal.cloudapp.net, ports: [REPLICATION=40569, RATIS=35541, RATIS_ADMIN=35541, RATIS_SERVER=35541, STANDALONE=36115], networkLocation: /default-rack, certSerialId: null, persistedOpState: IN_SERVICE, persistedOpStateExpiryEpochSec: 0}, ReplicationConfig: RATIS/ONE, State:OPEN, leaderId:269e0ee6-c833-446d-a842-94c77dd867fd, CreationTimestamp2022-03-02T21:33:18.476Z[Etc/UTC]] moved to CLOSED state
2022-03-02 21:34:57,331 [Listener at 127.0.0.1/33667] INFO  statemachine.DatanodeStateMachine (DatanodeStateMachine.java:stopDaemon(529)) - Ozone container server stopped.
2022-03-02 21:34:57,332 [Listener at 127.0.0.1/33667] INFO  handler.ContextHandler (ContextHandler.java:doStop(1153)) - Stopped o.e.j.w.WebAppContext@4e769578{hddsDatanode,/,null,STOPPED}{jar:file:/home/runner/.m2/repository/org/apache/ozone/hdds-container-service/1.3.0-SNAPSHOT/hdds-container-service-1.3.0-SNAPSHOT.jar!/webapps/hddsDatanode}
2022-03-02 21:34:57,344 [Listener at 127.0.0.1/33667] INFO  server.AbstractConnector (AbstractConnector.java:doStop(381)) - Stopped ServerConnector@7f03dc45{HTTP/1.1, (http/1.1)}{0.0.0.0:0}
2022-03-02 21:34:57,344 [Listener at 127.0.0.1/33667] INFO  server.session (HouseKeeper.java:stopScavenging(149)) - node0 Stopped scavenging
2022-03-02 21:34:57,344 [Listener at 127.0.0.1/33667] INFO  handler.ContextHandler (ContextHandler.java:doStop(1153)) - Stopped o.e.j.s.ServletContextHandler@9e3ba90{static,/static,jar:file:/home/runner/.m2/repository/org/apache/ozone/hdds-container-service/1.3.0-SNAPSHOT/hdds-container-service-1.3.0-SNAPSHOT.jar!/webapps/static,STOPPED}
2022-03-02 21:34:57,344 [Listener at 127.0.0.1/33667] INFO  handler.ContextHandler (ContextHandler.java:doStop(1153)) - Stopped o.e.j.s.ServletContextHandler@2e9ce157{logs,/logs,file:///home/runner/work/ozone/ozone/hadoop-ozone/integration-test/target/log,STOPPED}
2022-03-02 21:35:02,395 [Listener at 127.0.0.1/33667] INFO  ozoneimpl.OzoneContainer (OzoneContainer.java:stop(356)) - Attempting to stop container services.
2022-03-02 21:35:02,399 [Listener at 127.0.0.1/33667] INFO  server.RaftServer (RaftServerProxy.java:lambda$close$6(391)) - 06306a50-9ba9-4128-94e0-55d591e142a1: close
2022-03-02 21:35:02,399 [Listener at 127.0.0.1/33667] INFO  server.RaftServer$Division (RaftServerImpl.java:lambda$close$4(412)) - 06306a50-9ba9-4128-94e0-55d591e142a1@group-04666EDB34B4: shutdown
2022-03-02 21:35:02,399 [Listener at 127.0.0.1/33667] INFO  util.JmxRegister (JmxRegister.java:unregister(73)) - Successfully un-registered JMX Bean with object name Ratis:service=RaftServer,group=group-04666EDB34B4,id=06306a50-9ba9-4128-94e0-55d591e142a1
2022-03-02 21:35:02,399 [Listener at 127.0.0.1/33667] INFO  impl.RoleInfo (RoleInfo.java:shutdownLeaderState(91)) - 06306a50-9ba9-4128-94e0-55d591e142a1: shutdown 06306a50-9ba9-4128-94e0-55d591e142a1@group-04666EDB34B4-LeaderStateImpl
2022-03-02 21:35:02,399 [Listener at 127.0.0.1/33667] INFO  impl.PendingRequests (PendingRequests.java:sendNotLeaderResponses(282)) - 06306a50-9ba9-4128-94e0-55d591e142a1@group-04666EDB34B4-PendingRequests: sendNotLeaderResponses
2022-03-02 21:35:02,400 [Listener at 127.0.0.1/33667] INFO  impl.StateMachineUpdater (StateMachineUpdater.java:stopAndJoin(149)) - 06306a50-9ba9-4128-94e0-55d591e142a1@group-04666EDB34B4-StateMachineUpdater: set stopIndex = 0
2022-03-02 21:35:02,400 [06306a50-9ba9-4128-94e0-55d591e142a1@group-04666EDB34B4-StateMachineUpdater] INFO  ratis.ContainerStateMachine (ContainerStateMachine.java:takeSnapshot(304)) - group-04666EDB34B4: Taking a snapshot at:(t:1, i:0) file /home/runner/work/ozone/ozone/hadoop-ozone/integration-test/target/test-dir/MiniOzoneClusterImpl-f745d883-409d-4598-9a00-e779d9019c18/datanode-0/data/ratis/99e1fc71-5afa-498a-8239-04666edb34b4/sm/snapshot.1_0
2022-03-02 21:35:02,407 [06306a50-9ba9-4128-94e0-55d591e142a1@group-04666EDB34B4-StateMachineUpdater] INFO  ratis.ContainerStateMachine (ContainerStateMachine.java:takeSnapshot(315)) - group-04666EDB34B4: Finished taking a snapshot at:(t:1, i:0) file:/home/runner/work/ozone/ozone/hadoop-ozone/integration-test/target/test-dir/MiniOzoneClusterImpl-f745d883-409d-4598-9a00-e779d9019c18/datanode-0/data/ratis/99e1fc71-5afa-498a-8239-04666edb34b4/sm/snapshot.1_0 took: 7 ms
2022-03-02 21:35:02,407 [06306a50-9ba9-4128-94e0-55d591e142a1@group-04666EDB34B4-StateMachineUpdater] INFO  impl.StateMachineUpdater (StateMachineUpdater.java:takeSnapshot(281)) - 06306a50-9ba9-4128-94e0-55d591e142a1@group-04666EDB34B4-StateMachineUpdater: Took a snapshot at index 0
2022-03-02 21:35:02,407 [06306a50-9ba9-4128-94e0-55d591e142a1@group-04666EDB34B4-StateMachineUpdater] INFO  impl.StateMachineUpdater (StateMachineUpdater.java:lambda$new$0(89)) - 06306a50-9ba9-4128-94e0-55d591e142a1@group-04666EDB34B4-StateMachineUpdater: snapshotIndex: updateIncreasingly -1 -> 0
2022-03-02 21:35:02,408 [Listener at 127.0.0.1/33667] INFO  server.RaftServer$Division (ServerState.java:close(419)) - 06306a50-9ba9-4128-94e0-55d591e142a1@group-04666EDB34B4: closes. applyIndex: 0
2022-03-02 21:35:02,408 [06306a50-9ba9-4128-94e0-55d591e142a1@group-04666EDB34B4-SegmentedRaftLogWorker] INFO  segmented.SegmentedRaftLogWorker (SegmentedRaftLogWorker.java:run(327)) - 06306a50-9ba9-4128-94e0-55d591e142a1@group-04666EDB34B4-SegmentedRaftLogWorker was interrupted, exiting. There are 0 tasks remaining in the queue.
2022-03-02 21:35:02,408 [Listener at 127.0.0.1/33667] INFO  segmented.SegmentedRaftLogWorker (SegmentedRaftLogWorker.java:close(237)) - 06306a50-9ba9-4128-94e0-55d591e142a1@group-04666EDB34B4-SegmentedRaftLogWorker close()
2022-03-02 21:35:02,408 [Listener at 127.0.0.1/33667] INFO  server.GrpcService (GrpcService.java:closeImpl(262)) - 06306a50-9ba9-4128-94e0-55d591e142a1: shutdown server with port 42445 now
2022-03-02 21:35:02,440 [Listener at 127.0.0.1/33667] INFO  server.GrpcService (GrpcService.java:closeImpl(271)) - 06306a50-9ba9-4128-94e0-55d591e142a1: shutdown server with port 42445 successfully
2022-03-02 21:35:02,440 [org.apache.ratis.util.JvmPauseMonitor$$Lambda$431/1455743440@1d447667] INFO  util.JvmPauseMonitor (JvmPauseMonitor.java:run(109)) - JvmPauseMonitor-06306a50-9ba9-4128-94e0-55d591e142a1: Stopped
2022-03-02 21:35:04,468 [Listener at 127.0.0.1/33667] INFO  utils.BackgroundService (BackgroundService.java:shutdown(132)) - Shutting down service BlockDeletingService
2022-03-02 21:35:06,784 [EventQueue-DeadNodeForDeadNodeHandler] INFO  node.DeadNodeHandler (DeadNodeHandler.java:onMessage(80)) - A dead datanode is detected. 269e0ee6-c833-446d-a842-94c77dd867fd{ip: 10.1.0.35, host: fv-az294-754.eaanfquahm5ulb5tj050gcxych.jx.internal.cloudapp.net, ports: [REPLICATION=40569, RATIS=35541, RATIS_ADMIN=35541, RATIS_SERVER=35541, STANDALONE=36115], networkLocation: /default-rack, certSerialId: null, persistedOpState: IN_SERVICE, persistedOpStateExpiryEpochSec: 0}
2022-03-02 21:35:06,784 [EventQueue-DeadNodeForDeadNodeHandler] INFO  pipeline.RatisPipelineProvider (RatisPipelineProvider.java:lambda$close$1(222)) - Send pipeline:PipelineID=2a366572-a7f4-4b25-9358-c63583200ac2 close command to datanode 269e0ee6-c833-446d-a842-94c77dd867fd
2022-03-02 21:35:06,784 [EventQueue-StaleNodeForStaleNodeHandler] INFO  node.StaleNodeHandler (StaleNodeHandler.java:onMessage(58)) - Datanode 06306a50-9ba9-4128-94e0-55d591e142a1{ip: 10.1.0.35, host: fv-az294-754.eaanfquahm5ulb5tj050gcxych.jx.internal.cloudapp.net, ports: [REPLICATION=33477, RATIS=42445, RATIS_ADMIN=42445, RATIS_SERVER=42445, STANDALONE=33549], networkLocation: /default-rack, certSerialId: null, persistedOpState: IN_SERVICE, persistedOpStateExpiryEpochSec: 0} moved to stale state. Finalizing its pipelines [PipelineID=99e1fc71-5afa-498a-8239-04666edb34b4]
2022-03-02 21:35:06,786 [d7f371f7-0d79-4eb0-9764-2158321d28de@group-E779D9019C18-StateMachineUpdater] INFO  pipeline.PipelineStateManagerImpl (PipelineStateManagerImpl.java:removePipeline(223)) - Pipeline Pipeline[ Id: 2a366572-a7f4-4b25-9358-c63583200ac2, Nodes: 269e0ee6-c833-446d-a842-94c77dd867fd{ip: 10.1.0.35, host: fv-az294-754.eaanfquahm5ulb5tj050gcxych.jx.internal.cloudapp.net, ports: [REPLICATION=40569, RATIS=35541, RATIS_ADMIN=35541, RATIS_SERVER=35541, STANDALONE=36115], networkLocation: /default-rack, certSerialId: null, persistedOpState: IN_SERVICE, persistedOpStateExpiryEpochSec: 0}, ReplicationConfig: RATIS/ONE, State:CLOSED, leaderId:269e0ee6-c833-446d-a842-94c77dd867fd, CreationTimestamp2022-03-02T21:33:18.476Z[Etc/UTC]] removed.
2022-03-02 21:35:06,788 [EventQueue-DeadNodeForDeadNodeHandler] INFO  net.NetworkTopologyImpl (NetworkTopologyImpl.java:remove(137)) - Removed a node: /default-rack/269e0ee6-c833-446d-a842-94c77dd867fd
2022-03-02 21:35:06,792 [EventQueue-StaleNodeForStaleNodeHandler] INFO  pipeline.PipelineManagerImpl (PipelineManagerImpl.java:closePipeline(365)) - Pipeline Pipeline[ Id: 99e1fc71-5afa-498a-8239-04666edb34b4, Nodes: 06306a50-9ba9-4128-94e0-55d591e142a1{ip: 10.1.0.35, host: fv-az294-754.eaanfquahm5ulb5tj050gcxych.jx.internal.cloudapp.net, ports: [REPLICATION=33477, RATIS=42445, RATIS_ADMIN=42445, RATIS_SERVER=42445, STANDALONE=33549], networkLocation: /default-rack, certSerialId: null, persistedOpState: IN_SERVICE, persistedOpStateExpiryEpochSec: 0}, ReplicationConfig: RATIS/ONE, State:OPEN, leaderId:06306a50-9ba9-4128-94e0-55d591e142a1, CreationTimestamp2022-03-02T21:33:15.852Z[Etc/UTC]] moved to CLOSED state
2022-03-02 21:35:07,511 [Listener at 127.0.0.1/33667] INFO  statemachine.DatanodeStateMachine (DatanodeStateMachine.java:stopDaemon(529)) - Ozone container server stopped.
2022-03-02 21:35:07,511 [Listener at 127.0.0.1/33667] INFO  handler.ContextHandler (ContextHandler.java:doStop(1153)) - Stopped o.e.j.w.WebAppContext@7b9ae4ee{hddsDatanode,/,null,STOPPED}{jar:file:/home/runner/.m2/repository/org/apache/ozone/hdds-container-service/1.3.0-SNAPSHOT/hdds-container-service-1.3.0-SNAPSHOT.jar!/webapps/hddsDatanode}
2022-03-02 21:35:07,514 [Listener at 127.0.0.1/33667] INFO  server.AbstractConnector (AbstractConnector.java:doStop(381)) - Stopped ServerConnector@1f6ecdcc{HTTP/1.1, (http/1.1)}{0.0.0.0:0}
2022-03-02 21:35:07,514 [Listener at 127.0.0.1/33667] INFO  server.session (HouseKeeper.java:stopScavenging(149)) - node0 Stopped scavenging
2022-03-02 21:35:07,514 [Listener at 127.0.0.1/33667] INFO  handler.ContextHandler (ContextHandler.java:doStop(1153)) - Stopped o.e.j.s.ServletContextHandler@21a5fc80{static,/static,jar:file:/home/runner/.m2/repository/org/apache/ozone/hdds-container-service/1.3.0-SNAPSHOT/hdds-container-service-1.3.0-SNAPSHOT.jar!/webapps/static,STOPPED}
2022-03-02 21:35:07,514 [Listener at 127.0.0.1/33667] INFO  handler.ContextHandler (ContextHandler.java:doStop(1153)) - Stopped o.e.j.s.ServletContextHandler@5cdce3bf{logs,/logs,file:///home/runner/work/ozone/ozone/hadoop-ozone/integration-test/target/log,STOPPED}
2022-03-02 21:35:12,517 [Listener at 127.0.0.1/33667] INFO  ozoneimpl.OzoneContainer (OzoneContainer.java:stop(356)) - Attempting to stop container services.
2022-03-02 21:35:12,518 [Listener at 127.0.0.1/33667] INFO  server.RaftServer (RaftServerProxy.java:lambda$close$6(391)) - ca012516-14dd-42cd-8742-1c9d04d43fd5: close
2022-03-02 21:35:12,518 [Listener at 127.0.0.1/33667] INFO  server.RaftServer$Division (RaftServerImpl.java:lambda$close$4(412)) - ca012516-14dd-42cd-8742-1c9d04d43fd5@group-BC16C3A2A057: shutdown
2022-03-02 21:35:12,518 [Listener at 127.0.0.1/33667] INFO  util.JmxRegister (JmxRegister.java:unregister(73)) - Successfully un-registered JMX Bean with object name Ratis:service=RaftServer,group=group-BC16C3A2A057,id=ca012516-14dd-42cd-8742-1c9d04d43fd5
2022-03-02 21:35:12,518 [Listener at 127.0.0.1/33667] INFO  impl.RoleInfo (RoleInfo.java:shutdownLeaderState(91)) - ca012516-14dd-42cd-8742-1c9d04d43fd5: shutdown ca012516-14dd-42cd-8742-1c9d04d43fd5@group-BC16C3A2A057-LeaderStateImpl
2022-03-02 21:35:12,518 [Listener at 127.0.0.1/33667] INFO  impl.PendingRequests (PendingRequests.java:sendNotLeaderResponses(282)) - ca012516-14dd-42cd-8742-1c9d04d43fd5@group-BC16C3A2A057-PendingRequests: sendNotLeaderResponses
2022-03-02 21:35:12,519 [Listener at 127.0.0.1/33667] INFO  impl.StateMachineUpdater (StateMachineUpdater.java:stopAndJoin(149)) - ca012516-14dd-42cd-8742-1c9d04d43fd5@group-BC16C3A2A057-StateMachineUpdater: set stopIndex = 0
2022-03-02 21:35:12,519 [ca012516-14dd-42cd-8742-1c9d04d43fd5@group-BC16C3A2A057-StateMachineUpdater] INFO  ratis.ContainerStateMachine (ContainerStateMachine.java:takeSnapshot(304)) - group-BC16C3A2A057: Taking a snapshot at:(t:1, i:0) file /home/runner/work/ozone/ozone/hadoop-ozone/integration-test/target/test-dir/MiniOzoneClusterImpl-f745d883-409d-4598-9a00-e779d9019c18/datanode-2/data/ratis/e5b5a910-8803-44fe-bcf9-bc16c3a2a057/sm/snapshot.1_0
2022-03-02 21:35:12,524 [ca012516-14dd-42cd-8742-1c9d04d43fd5@group-BC16C3A2A057-StateMachineUpdater] INFO  ratis.ContainerStateMachine (ContainerStateMachine.java:takeSnapshot(315)) - group-BC16C3A2A057: Finished taking a snapshot at:(t:1, i:0) file:/home/runner/work/ozone/ozone/hadoop-ozone/integration-test/target/test-dir/MiniOzoneClusterImpl-f745d883-409d-4598-9a00-e779d9019c18/datanode-2/data/ratis/e5b5a910-8803-44fe-bcf9-bc16c3a2a057/sm/snapshot.1_0 took: 5 ms
2022-03-02 21:35:12,524 [ca012516-14dd-42cd-8742-1c9d04d43fd5@group-BC16C3A2A057-StateMachineUpdater] INFO  impl.StateMachineUpdater (StateMachineUpdater.java:takeSnapshot(281)) - ca012516-14dd-42cd-8742-1c9d04d43fd5@group-BC16C3A2A057-StateMachineUpdater: Took a snapshot at index 0
2022-03-02 21:35:12,524 [ca012516-14dd-42cd-8742-1c9d04d43fd5@group-BC16C3A2A057-StateMachineUpdater] INFO  impl.StateMachineUpdater (StateMachineUpdater.java:lambda$new$0(89)) - ca012516-14dd-42cd-8742-1c9d04d43fd5@group-BC16C3A2A057-StateMachineUpdater: snapshotIndex: updateIncreasingly -1 -> 0
2022-03-02 21:35:12,526 [Listener at 127.0.0.1/33667] INFO  server.RaftServer$Division (ServerState.java:close(419)) - ca012516-14dd-42cd-8742-1c9d04d43fd5@group-BC16C3A2A057: closes. applyIndex: 0
2022-03-02 21:35:12,527 [ca012516-14dd-42cd-8742-1c9d04d43fd5@group-BC16C3A2A057-SegmentedRaftLogWorker] INFO  segmented.SegmentedRaftLogWorker (SegmentedRaftLogWorker.java:run(327)) - ca012516-14dd-42cd-8742-1c9d04d43fd5@group-BC16C3A2A057-SegmentedRaftLogWorker was interrupted, exiting. There are 0 tasks remaining in the queue.
2022-03-02 21:35:12,527 [Listener at 127.0.0.1/33667] INFO  segmented.SegmentedRaftLogWorker (SegmentedRaftLogWorker.java:close(237)) - ca012516-14dd-42cd-8742-1c9d04d43fd5@group-BC16C3A2A057-SegmentedRaftLogWorker close()
2022-03-02 21:35:12,527 [Listener at 127.0.0.1/33667] INFO  server.GrpcService (GrpcService.java:closeImpl(262)) - ca012516-14dd-42cd-8742-1c9d04d43fd5: shutdown server with port 34561 now
2022-03-02 21:35:12,572 [Listener at 127.0.0.1/33667] INFO  server.GrpcService (GrpcService.java:closeImpl(271)) - ca012516-14dd-42cd-8742-1c9d04d43fd5: shutdown server with port 34561 successfully
2022-03-02 21:35:12,572 [org.apache.ratis.util.JvmPauseMonitor$$Lambda$431/1455743440@54254c01] INFO  util.JvmPauseMonitor (JvmPauseMonitor.java:run(109)) - JvmPauseMonitor-ca012516-14dd-42cd-8742-1c9d04d43fd5: Stopped
2022-03-02 21:35:14,611 [Listener at 127.0.0.1/33667] INFO  utils.BackgroundService (BackgroundService.java:shutdown(132)) - Shutting down service BlockDeletingService
2022-03-02 21:35:16,759 [EventQueue-DeadNodeForDeadNodeHandler] INFO  node.DeadNodeHandler (DeadNodeHandler.java:onMessage(80)) - A dead datanode is detected. 06306a50-9ba9-4128-94e0-55d591e142a1{ip: 10.1.0.35, host: fv-az294-754.eaanfquahm5ulb5tj050gcxych.jx.internal.cloudapp.net, ports: [REPLICATION=33477, RATIS=42445, RATIS_ADMIN=42445, RATIS_SERVER=42445, STANDALONE=33549], networkLocation: /default-rack, certSerialId: null, persistedOpState: IN_SERVICE, persistedOpStateExpiryEpochSec: 0}
2022-03-02 21:35:16,759 [EventQueue-DeadNodeForDeadNodeHandler] INFO  pipeline.RatisPipelineProvider (RatisPipelineProvider.java:lambda$close$1(222)) - Send pipeline:PipelineID=99e1fc71-5afa-498a-8239-04666edb34b4 close command to datanode 06306a50-9ba9-4128-94e0-55d591e142a1
2022-03-02 21:35:16,761 [d7f371f7-0d79-4eb0-9764-2158321d28de@group-E779D9019C18-StateMachineUpdater] INFO  pipeline.PipelineStateManagerImpl (PipelineStateManagerImpl.java:removePipeline(223)) - Pipeline Pipeline[ Id: 99e1fc71-5afa-498a-8239-04666edb34b4, Nodes: 06306a50-9ba9-4128-94e0-55d591e142a1{ip: 10.1.0.35, host: fv-az294-754.eaanfquahm5ulb5tj050gcxych.jx.internal.cloudapp.net, ports: [REPLICATION=33477, RATIS=42445, RATIS_ADMIN=42445, RATIS_SERVER=42445, STANDALONE=33549], networkLocation: /default-rack, certSerialId: null, persistedOpState: IN_SERVICE, persistedOpStateExpiryEpochSec: 0}, ReplicationConfig: RATIS/ONE, State:CLOSED, leaderId:06306a50-9ba9-4128-94e0-55d591e142a1, CreationTimestamp2022-03-02T21:33:15.852Z[Etc/UTC]] removed.
2022-03-02 21:35:16,761 [EventQueue-DeadNodeForDeadNodeHandler] INFO  net.NetworkTopologyImpl (NetworkTopologyImpl.java:remove(137)) - Removed a node: /default-rack/06306a50-9ba9-4128-94e0-55d591e142a1
2022-03-02 21:35:17,371 [EventQueue-StaleNodeForStaleNodeHandler] INFO  node.StaleNodeHandler (StaleNodeHandler.java:onMessage(58)) - Datanode ca012516-14dd-42cd-8742-1c9d04d43fd5{ip: 10.1.0.35, host: fv-az294-754.eaanfquahm5ulb5tj050gcxych.jx.internal.cloudapp.net, ports: [REPLICATION=38123, RATIS=34561, RATIS_ADMIN=34561, RATIS_SERVER=34561, STANDALONE=41381], networkLocation: /default-rack, certSerialId: null, persistedOpState: IN_SERVICE, persistedOpStateExpiryEpochSec: 0} moved to stale state. Finalizing its pipelines [PipelineID=e5b5a910-8803-44fe-bcf9-bc16c3a2a057]
2022-03-02 21:35:17,373 [EventQueue-StaleNodeForStaleNodeHandler] INFO  pipeline.PipelineManagerImpl (PipelineManagerImpl.java:closePipeline(365)) - Pipeline Pipeline[ Id: e5b5a910-8803-44fe-bcf9-bc16c3a2a057, Nodes: ca012516-14dd-42cd-8742-1c9d04d43fd5{ip: 10.1.0.35, host: fv-az294-754.eaanfquahm5ulb5tj050gcxych.jx.internal.cloudapp.net, ports: [REPLICATION=38123, RATIS=34561, RATIS_ADMIN=34561, RATIS_SERVER=34561, STANDALONE=41381], networkLocation: /default-rack, certSerialId: null, persistedOpState: IN_SERVICE, persistedOpStateExpiryEpochSec: 0}, ReplicationConfig: RATIS/ONE, State:OPEN, leaderId:ca012516-14dd-42cd-8742-1c9d04d43fd5, CreationTimestamp2022-03-02T21:33:17.396Z[Etc/UTC]] moved to CLOSED state
2022-03-02 21:35:17,686 [Listener at 127.0.0.1/33667] INFO  statemachine.DatanodeStateMachine (DatanodeStateMachine.java:stopDaemon(529)) - Ozone container server stopped.
2022-03-02 21:35:17,687 [Listener at 127.0.0.1/33667] INFO  handler.ContextHandler (ContextHandler.java:doStop(1153)) - Stopped o.e.j.w.WebAppContext@4905bd11{hddsDatanode,/,null,STOPPED}{jar:file:/home/runner/.m2/repository/org/apache/ozone/hdds-container-service/1.3.0-SNAPSHOT/hdds-container-service-1.3.0-SNAPSHOT.jar!/webapps/hddsDatanode}
2022-03-02 21:35:17,688 [Listener at 127.0.0.1/33667] INFO  server.AbstractConnector (AbstractConnector.java:doStop(381)) - Stopped ServerConnector@2fe9c16e{HTTP/1.1, (http/1.1)}{0.0.0.0:0}
2022-03-02 21:35:17,688 [Listener at 127.0.0.1/33667] INFO  server.session (HouseKeeper.java:stopScavenging(149)) - node0 Stopped scavenging
2022-03-02 21:35:17,688 [Listener at 127.0.0.1/33667] INFO  handler.ContextHandler (ContextHandler.java:doStop(1153)) - Stopped o.e.j.s.ServletContextHandler@678133af{static,/static,jar:file:/home/runner/.m2/repository/org/apache/ozone/hdds-container-service/1.3.0-SNAPSHOT/hdds-container-service-1.3.0-SNAPSHOT.jar!/webapps/static,STOPPED}
2022-03-02 21:35:17,688 [Listener at 127.0.0.1/33667] INFO  handler.ContextHandler (ContextHandler.java:doStop(1153)) - Stopped o.e.j.s.ServletContextHandler@68bca6a4{logs,/logs,file:///home/runner/work/ozone/ozone/hadoop-ozone/integration-test/target/log,STOPPED}
2022-03-02 21:35:27,302 [EventQueue-DeadNodeForDeadNodeHandler] INFO  node.DeadNodeHandler (DeadNodeHandler.java:onMessage(80)) - A dead datanode is detected. ca012516-14dd-42cd-8742-1c9d04d43fd5{ip: 10.1.0.35, host: fv-az294-754.eaanfquahm5ulb5tj050gcxych.jx.internal.cloudapp.net, ports: [REPLICATION=38123, RATIS=34561, RATIS_ADMIN=34561, RATIS_SERVER=34561, STANDALONE=41381], networkLocation: /default-rack, certSerialId: null, persistedOpState: IN_SERVICE, persistedOpStateExpiryEpochSec: 0}
2022-03-02 21:35:27,303 [EventQueue-DeadNodeForDeadNodeHandler] INFO  pipeline.RatisPipelineProvider (RatisPipelineProvider.java:lambda$close$1(222)) - Send pipeline:PipelineID=e5b5a910-8803-44fe-bcf9-bc16c3a2a057 close command to datanode ca012516-14dd-42cd-8742-1c9d04d43fd5
2022-03-02 21:35:27,305 [d7f371f7-0d79-4eb0-9764-2158321d28de@group-E779D9019C18-StateMachineUpdater] INFO  pipeline.PipelineStateManagerImpl (PipelineStateManagerImpl.java:removePipeline(223)) - Pipeline Pipeline[ Id: e5b5a910-8803-44fe-bcf9-bc16c3a2a057, Nodes: ca012516-14dd-42cd-8742-1c9d04d43fd5{ip: 10.1.0.35, host: fv-az294-754.eaanfquahm5ulb5tj050gcxych.jx.internal.cloudapp.net, ports: [REPLICATION=38123, RATIS=34561, RATIS_ADMIN=34561, RATIS_SERVER=34561, STANDALONE=41381], networkLocation: /default-rack, certSerialId: null, persistedOpState: IN_SERVICE, persistedOpStateExpiryEpochSec: 0}, ReplicationConfig: RATIS/ONE, State:CLOSED, leaderId:ca012516-14dd-42cd-8742-1c9d04d43fd5, CreationTimestamp2022-03-02T21:33:17.396Z[Etc/UTC]] removed.
2022-03-02 21:35:27,305 [EventQueue-DeadNodeForDeadNodeHandler] INFO  net.NetworkTopologyImpl (NetworkTopologyImpl.java:remove(137)) - Removed a node: /default-rack/ca012516-14dd-42cd-8742-1c9d04d43fd5
2022-03-02 21:36:14,661 [RatisPipelineUtilsThread - 0] ERROR scm.SCMCommonPlacementPolicy (SCMCommonPlacementPolicy.java:filterNodesWithSpace(171)) - Unable to find enough nodes that meet the space requirement of 1073741824 bytes for metadata and 5368709120 bytes for data in healthy node set. Required 3. Found 0.
]]></system-out>
  </testcase>
  <testcase name="testWatchForCommitDatanodeFailure" classname="org.apache.hadoop.ozone.client.rpc.TestBlockOutputStreamWithFailuresFlushDelay" time="0.325">
    <error message="Not started" type="java.lang.IllegalStateException">java.lang.IllegalStateException: Not started
	at org.apache.ratis.thirdparty.com.google.common.base.Preconditions.checkState(Preconditions.java:508)
	at org.apache.ratis.thirdparty.io.grpc.internal.ServerImpl.getPort(ServerImpl.java:196)
	at org.apache.ratis.grpc.server.GrpcService.closeImpl(GrpcService.java:261)
	at org.apache.ratis.util.LifeCycle.lambda$checkStateAndClose$4(LifeCycle.java:299)
	at org.apache.ratis.util.LifeCycle.checkStateAndClose(LifeCycle.java:319)
	at org.apache.ratis.util.LifeCycle.checkStateAndClose(LifeCycle.java:297)
	at org.apache.ratis.server.RaftServerRpcWithProxy.close(RaftServerRpcWithProxy.java:80)
	at org.apache.ratis.server.impl.RaftServerProxy.lambda$close$6(RaftServerProxy.java:395)
	at org.apache.ratis.util.LifeCycle.lambda$checkStateAndClose$4(LifeCycle.java:299)
	at org.apache.ratis.util.LifeCycle.checkStateAndClose(LifeCycle.java:319)
	at org.apache.ratis.util.LifeCycle.checkStateAndClose(LifeCycle.java:297)
	at org.apache.ratis.server.impl.RaftServerProxy.close(RaftServerProxy.java:390)
	at org.apache.hadoop.hdds.scm.ha.SCMRatisServerImpl.initialize(SCMRatisServerImpl.java:125)
	at org.apache.hadoop.ozone.MiniOzoneClusterImpl$Builder.initializeScmStorage(MiniOzoneClusterImpl.java:743)
	at org.apache.hadoop.ozone.MiniOzoneClusterImpl$Builder.createSCM(MiniOzoneClusterImpl.java:717)
	at org.apache.hadoop.ozone.MiniOzoneClusterImpl$Builder.build(MiniOzoneClusterImpl.java:587)
	at org.apache.hadoop.ozone.client.rpc.TestBlockOutputStreamWithFailuresFlushDelay.init(TestBlockOutputStreamWithFailuresFlushDelay.java:136)
	at sun.reflect.NativeMethodAccessorImpl.invoke0(Native Method)
	at sun.reflect.NativeMethodAccessorImpl.invoke(NativeMethodAccessorImpl.java:62)
	at sun.reflect.DelegatingMethodAccessorImpl.invoke(DelegatingMethodAccessorImpl.java:43)
	at java.lang.reflect.Method.invoke(Method.java:498)
	at org.junit.runners.model.FrameworkMethod$1.runReflectiveCall(FrameworkMethod.java:59)
	at org.junit.internal.runners.model.ReflectiveCallable.run(ReflectiveCallable.java:12)
	at org.junit.runners.model.FrameworkMethod.invokeExplosively(FrameworkMethod.java:56)
	at org.junit.internal.runners.statements.RunBefores.invokeMethod(RunBefores.java:33)
	at org.junit.internal.runners.statements.RunBefores.evaluate(RunBefores.java:24)
	at org.junit.internal.runners.statements.RunAfters.evaluate(RunAfters.java:27)
	at org.junit.internal.runners.statements.FailOnTimeout$CallableStatement.call(FailOnTimeout.java:288)
	at org.junit.internal.runners.statements.FailOnTimeout$CallableStatement.call(FailOnTimeout.java:282)
	at java.util.concurrent.FutureTask.run(FutureTask.java:266)
	at java.lang.Thread.run(Thread.java:750)
</error>
    <system-out><![CDATA[2022-03-02 21:37:56,558 [Time-limited test] WARN  server.ServerUtils (ServerUtils.java:getScmDbDir(148)) - ozone.scm.db.dirs is not configured. We recommend adding this setting. Falling back to ozone.metadata.dirs instead.
2022-03-02 21:37:56,587 [Time-limited test] INFO  ha.SCMHANodeDetails (SCMHANodeDetails.java:loadSCMHAConfig(157)) - ServiceID for StorageContainerManager is null
2022-03-02 21:37:56,587 [Time-limited test] INFO  ha.SCMHANodeDetails (SCMHANodeDetails.java:loadSCMHAConfig(162)) - ozone.scm.default.service.id is not defined, falling back to ozone.scm.service.ids to find serviceID for StorageContainerManager if it is HA enabled cluster
2022-03-02 21:37:56,588 [Time-limited test] INFO  server.RaftServer (ConfUtils.java:logGet(44)) - raft.rpc.type = GRPC (default)
2022-03-02 21:37:56,588 [Time-limited test] INFO  grpc.GrpcFactory (GrpcFactory.java:checkPooledByteBufAllocatorUseCacheForAllThreads(48)) - PERFORMANCE WARNING: useCacheForAllThreads is true that may cause Netty to create a lot garbage objects and, as a result, trigger GC.
	It is recommended to disable useCacheForAllThreads by setting -Dorg.apache.ratis.thirdparty.io.netty.allocator.useCacheForAllThreads=false in command line.
2022-03-02 21:37:56,588 [Time-limited test] INFO  grpc.GrpcConfigKeys (ConfUtils.java:logGet(44)) - raft.grpc.admin.port = -1 (default)
2022-03-02 21:37:56,588 [Time-limited test] INFO  grpc.GrpcConfigKeys (ConfUtils.java:logGet(44)) - raft.grpc.server.port = 9894 (custom)
2022-03-02 21:37:56,588 [Time-limited test] INFO  grpc.GrpcConfigKeys (ConfUtils.java:logGet(44)) - raft.grpc.client.port = -1 (default)
2022-03-02 21:37:56,588 [Time-limited test] INFO  grpc.GrpcConfigKeys (ConfUtils.java:logGet(44)) - raft.grpc.server.port = 9894 (custom)
2022-03-02 21:37:56,588 [Time-limited test] INFO  grpc.GrpcConfigKeys (ConfUtils.java:logGet(44)) - raft.grpc.server.port = 9894 (custom)
2022-03-02 21:37:56,589 [Time-limited test] INFO  server.GrpcService (ConfUtils.java:logGet(44)) - raft.grpc.message.size.max = 32m (=33554432) (custom)
2022-03-02 21:37:56,589 [Time-limited test] INFO  server.RaftServerConfigKeys (ConfUtils.java:logGet(44)) - raft.server.log.appender.buffer.byte-limit = 33554432 (custom)
2022-03-02 21:37:56,589 [Time-limited test] INFO  server.GrpcService (ConfUtils.java:logGet(44)) - raft.grpc.flow.control.window = 1MB (=1048576) (default)
2022-03-02 21:37:56,589 [Time-limited test] INFO  server.RaftServerConfigKeys (ConfUtils.java:logGet(44)) - raft.server.rpc.request.timeout = 30000ms (custom)
2022-03-02 21:37:56,590 [Time-limited test] INFO  impl.DataStreamServerImpl (ConfUtils.java:logGet(44)) - raft.datastream.type = DISABLED (default)
2022-03-02 21:37:56,590 [Time-limited test] INFO  server.RaftServerConfigKeys (ConfUtils.java:logGet(44)) - raft.server.rpc.slowness.timeout = 120000ms (custom)
2022-03-02 21:37:56,590 [Time-limited test] INFO  server.RaftServerConfigKeys (ConfUtils.java:logGet(44)) - raft.server.leaderelection.leader.step-down.wait-time = 10s (default)
2022-03-02 21:37:56,591 [Time-limited test] INFO  server.RaftServerConfigKeys (ConfUtils.java:logGet(44)) - raft.server.storage.dir = [/home/runner/work/ozone/ozone/hadoop-ozone/integration-test/target/test-dir/MiniOzoneClusterImpl-722f7e8f-64c7-4938-a20c-16ea44c2a6ce/ozone-meta/scm-ha] (custom)
2022-03-02 21:37:56,613 [Time-limited test] INFO  server.RaftServer (RaftServerProxy.java:addNew(95)) - 90dcaa85-c8a1-4b05-83b4-c177e7890e58: addNew group-16EA44C2A6CE:[90dcaa85-c8a1-4b05-83b4-c177e7890e58|rpc:fv-az294-754:9894|priority:0] returns group-16EA44C2A6CE:java.util.concurrent.CompletableFuture@3c53cb56[Not completed]
2022-03-02 21:37:56,613 [pool-801-thread-1] INFO  server.RaftServer$Division (RaftServerImpl.java:<init>(184)) - 90dcaa85-c8a1-4b05-83b4-c177e7890e58: new RaftServerImpl for group-16EA44C2A6CE:[90dcaa85-c8a1-4b05-83b4-c177e7890e58|rpc:fv-az294-754:9894|priority:0] with SCMStateMachine:uninitialized
2022-03-02 21:37:56,623 [pool-801-thread-1] INFO  server.RaftServerConfigKeys (ConfUtils.java:logGet(44)) - raft.server.rpc.timeout.min = 5000ms (custom)
2022-03-02 21:37:56,623 [pool-801-thread-1] INFO  server.RaftServerConfigKeys (ConfUtils.java:logGet(44)) - raft.server.rpc.timeout.max = 5200ms (custom)
2022-03-02 21:37:56,623 [pool-801-thread-1] INFO  server.RaftServerConfigKeys (ConfUtils.java:logGet(44)) - raft.server.rpc.sleep.time = 25ms (default)
2022-03-02 21:37:56,623 [pool-801-thread-1] INFO  server.RaftServerConfigKeys (ConfUtils.java:logGet(44)) - raft.server.rpc.slowness.timeout = 120000ms (custom)
2022-03-02 21:37:56,623 [pool-801-thread-1] INFO  server.RaftServerConfigKeys (ConfUtils.java:logGet(44)) - raft.server.leaderelection.leader.step-down.wait-time = 10s (default)
2022-03-02 21:37:56,623 [pool-801-thread-1] INFO  server.RaftServerConfigKeys (ConfUtils.java:logGet(44)) - raft.server.sleep.deviation.threshold = 300ms (default)
2022-03-02 21:37:56,623 [pool-801-thread-1] INFO  server.RaftServerConfigKeys (ConfUtils.java:logGet(44)) - raft.server.log.appender.install.snapshot.enabled = false (custom)
2022-03-02 21:37:56,623 [pool-801-thread-1] INFO  server.RaftServer$Division (ServerState.java:<init>(105)) - 90dcaa85-c8a1-4b05-83b4-c177e7890e58@group-16EA44C2A6CE: ConfigurationManager, init=-1: [90dcaa85-c8a1-4b05-83b4-c177e7890e58|rpc:fv-az294-754:9894|priority:0], old=null, confs=<EMPTY_MAP>
2022-03-02 21:37:56,623 [pool-801-thread-1] INFO  server.RaftServerConfigKeys (ConfUtils.java:logGet(44)) - raft.server.storage.dir = [/home/runner/work/ozone/ozone/hadoop-ozone/integration-test/target/test-dir/MiniOzoneClusterImpl-722f7e8f-64c7-4938-a20c-16ea44c2a6ce/ozone-meta/scm-ha] (custom)
2022-03-02 21:37:56,623 [pool-801-thread-1] INFO  server.RaftServerConfigKeys (ConfUtils.java:logGet(44)) - raft.server.log.corruption.policy = EXCEPTION (default)
2022-03-02 21:37:56,623 [pool-801-thread-1] INFO  server.RaftServerConfigKeys (ConfUtils.java:logGet(44)) - raft.server.storage.free-space.min = 0MB (=0) (default)
2022-03-02 21:37:56,623 [pool-801-thread-1] INFO  storage.RaftStorageDirectory (RaftStorageDirectoryImpl.java:analyzeStorage(135)) - The storage directory /home/runner/work/ozone/ozone/hadoop-ozone/integration-test/target/test-dir/MiniOzoneClusterImpl-722f7e8f-64c7-4938-a20c-16ea44c2a6ce/ozone-meta/scm-ha/722f7e8f-64c7-4938-a20c-16ea44c2a6ce does not exist. Creating ...
2022-03-02 21:37:56,667 [pool-801-thread-1] INFO  storage.RaftStorageDirectory (RaftStorageDirectoryImpl.java:tryLock(230)) - Lock on /home/runner/work/ozone/ozone/hadoop-ozone/integration-test/target/test-dir/MiniOzoneClusterImpl-722f7e8f-64c7-4938-a20c-16ea44c2a6ce/ozone-meta/scm-ha/722f7e8f-64c7-4938-a20c-16ea44c2a6ce/in_use.lock acquired by nodename 22518@fv-az294-754
2022-03-02 21:37:56,668 [pool-801-thread-1] INFO  storage.RaftStorage (RaftStorageImpl.java:format(89)) - Storage directory /home/runner/work/ozone/ozone/hadoop-ozone/integration-test/target/test-dir/MiniOzoneClusterImpl-722f7e8f-64c7-4938-a20c-16ea44c2a6ce/ozone-meta/scm-ha/722f7e8f-64c7-4938-a20c-16ea44c2a6ce has been successfully formatted.
2022-03-02 21:37:56,703 [pool-801-thread-1] INFO  server.RaftServerConfigKeys (ConfUtils.java:logGet(44)) - raft.server.notification.no-leader.timeout = 60s (default)
2022-03-02 21:37:56,703 [pool-801-thread-1] INFO  server.RaftServerConfigKeys (ConfUtils.java:logGet(44)) - raft.server.log.use.memory = false (default)
2022-03-02 21:37:56,704 [pool-801-thread-1] INFO  server.RaftServerConfigKeys (ConfUtils.java:logGet(44)) - raft.server.log.purge.gap = 1000000 (custom)
2022-03-02 21:37:56,704 [pool-801-thread-1] INFO  server.RaftServerConfigKeys (ConfUtils.java:logGet(44)) - raft.server.log.appender.buffer.byte-limit = 33554432 (custom)
2022-03-02 21:37:56,704 [pool-801-thread-1] INFO  server.RaftServerConfigKeys (ConfUtils.java:logGet(44)) - raft.server.log.segment.size.max = 4194304 (custom)
2022-03-02 21:37:56,704 [pool-801-thread-1] INFO  server.RaftServerConfigKeys (ConfUtils.java:logGet(44)) - raft.server.log.segment.cache.num.max = 2 (custom)
2022-03-02 21:37:56,704 [pool-801-thread-1] INFO  server.RaftServerConfigKeys (ConfUtils.java:logGet(44)) - raft.server.log.segment.cache.size.max = 200MB (=209715200) (default)
2022-03-02 21:37:56,704 [pool-801-thread-1] INFO  segmented.SegmentedRaftLogWorker (SegmentedRaftLogWorker.java:<init>(182)) - new 90dcaa85-c8a1-4b05-83b4-c177e7890e58@group-16EA44C2A6CE-SegmentedRaftLogWorker for RaftStorageImpl:Storage Directory /home/runner/work/ozone/ozone/hadoop-ozone/integration-test/target/test-dir/MiniOzoneClusterImpl-722f7e8f-64c7-4938-a20c-16ea44c2a6ce/ozone-meta/scm-ha/722f7e8f-64c7-4938-a20c-16ea44c2a6ce
2022-03-02 21:37:56,704 [pool-801-thread-1] INFO  server.RaftServerConfigKeys (ConfUtils.java:logGet(44)) - raft.server.log.queue.byte-limit = 64MB (=67108864) (default)
2022-03-02 21:37:56,704 [pool-801-thread-1] INFO  server.RaftServerConfigKeys (ConfUtils.java:logGet(44)) - raft.server.log.queue.element-limit = 4096 (default)
2022-03-02 21:37:56,704 [pool-801-thread-1] INFO  server.RaftServerConfigKeys (ConfUtils.java:logGet(44)) - raft.server.log.segment.size.max = 4194304 (custom)
2022-03-02 21:37:56,704 [pool-801-thread-1] INFO  server.RaftServerConfigKeys (ConfUtils.java:logGet(44)) - raft.server.log.preallocated.size = 4194304 (custom)
2022-03-02 21:37:56,704 [pool-801-thread-1] INFO  server.RaftServerConfigKeys (ConfUtils.java:logGet(44)) - raft.server.log.force.sync.num = 128 (default)
2022-03-02 21:37:56,704 [pool-801-thread-1] INFO  server.RaftServerConfigKeys (ConfUtils.java:logGet(44)) - raft.server.log.statemachine.data.sync = true (default)
2022-03-02 21:37:56,704 [pool-801-thread-1] INFO  server.RaftServerConfigKeys (ConfUtils.java:logGet(44)) - raft.server.log.statemachine.data.sync.timeout = 10s (default)
2022-03-02 21:37:56,704 [pool-801-thread-1] INFO  server.RaftServerConfigKeys (ConfUtils.java:logGet(44)) - raft.server.log.statemachine.data.sync.timeout.retry = -1 (default)
2022-03-02 21:37:56,705 [pool-801-thread-1] INFO  server.RaftServerConfigKeys (ConfUtils.java:logGet(44)) - raft.server.log.write.buffer.size = 64KB (=65536) (default)
2022-03-02 21:37:56,705 [pool-801-thread-1] INFO  server.RaftServerConfigKeys (ConfUtils.java:logGet(44)) - raft.server.log.statemachine.data.caching.enabled = false (default)
2022-03-02 21:37:56,706 [pool-801-thread-1] INFO  segmented.SegmentedRaftLogWorker (SegmentedRaftLogWorker.java:lambda$new$0(133)) - 90dcaa85-c8a1-4b05-83b4-c177e7890e58@group-16EA44C2A6CE-SegmentedRaftLogWorker: flushIndex: setUnconditionally 0 -> -1
2022-03-02 21:37:56,706 [pool-801-thread-1] INFO  segmented.SegmentedRaftLogWorker (SegmentedRaftLogWorker.java:lambda$new$0(133)) - 90dcaa85-c8a1-4b05-83b4-c177e7890e58@group-16EA44C2A6CE-SegmentedRaftLogWorker: safeCacheEvictIndex: setUnconditionally 0 -> -1
2022-03-02 21:37:56,707 [pool-801-thread-1] INFO  server.RaftServerConfigKeys (ConfUtils.java:logGet(44)) - raft.server.snapshot.auto.trigger.enabled = true (custom)
2022-03-02 21:37:56,707 [pool-801-thread-1] INFO  server.RaftServerConfigKeys (ConfUtils.java:logGet(44)) - raft.server.snapshot.auto.trigger.threshold = 1000 (custom)
2022-03-02 21:37:56,707 [pool-801-thread-1] INFO  server.RaftServerConfigKeys (ConfUtils.java:logGet(44)) - raft.server.snapshot.retention.file.num = -1 (default)
2022-03-02 21:37:56,707 [pool-801-thread-1] INFO  server.RaftServerConfigKeys (ConfUtils.java:logGet(44)) - raft.server.log.purge.upto.snapshot.index = false (default)
2022-03-02 21:37:56,707 [pool-801-thread-1] INFO  server.RaftServerConfigKeys (ConfUtils.java:logGet(44)) - raft.server.retrycache.expirytime = 60000ms (default)
2022-03-02 21:37:56,707 [pool-801-thread-1] INFO  server.RaftServerConfigKeys (ConfUtils.java:logGet(44)) - raft.server.retrycache.statistics.expirytime = 100μs (default)
2022-03-02 21:37:56,708 [Time-limited test] INFO  server.RaftServer$Division (RaftServerImpl.java:start(301)) - 90dcaa85-c8a1-4b05-83b4-c177e7890e58@group-16EA44C2A6CE: start as a follower, conf=-1: [90dcaa85-c8a1-4b05-83b4-c177e7890e58|rpc:fv-az294-754:9894|priority:0], old=null
2022-03-02 21:37:56,708 [Time-limited test] INFO  server.RaftServer$Division (RaftServerImpl.java:setRole(290)) - 90dcaa85-c8a1-4b05-83b4-c177e7890e58@group-16EA44C2A6CE: changes role from      null to FOLLOWER at term 0 for startAsFollower
2022-03-02 21:37:56,708 [Time-limited test] INFO  impl.RoleInfo (RoleInfo.java:updateAndGet(130)) - 90dcaa85-c8a1-4b05-83b4-c177e7890e58: start 90dcaa85-c8a1-4b05-83b4-c177e7890e58@group-16EA44C2A6CE-FollowerState
2022-03-02 21:37:56,709 [Time-limited test] INFO  util.JmxRegister (JmxRegister.java:tryRegister(44)) - Successfully registered JMX Bean with object name Ratis:service=RaftServer,group=group-16EA44C2A6CE,id=90dcaa85-c8a1-4b05-83b4-c177e7890e58
2022-03-02 21:37:56,709 [Time-limited test] INFO  server.RaftServer (RaftServerProxy.java:lambda$start$5(374)) - 90dcaa85-c8a1-4b05-83b4-c177e7890e58: start RPC server
2022-03-02 21:37:56,710 [Time-limited test] ERROR server.GrpcService (ExitUtils.java:terminate(133)) - Terminating with exit status 1: Failed to start Grpc server
java.io.IOException: Failed to bind
	at org.apache.ratis.thirdparty.io.grpc.netty.NettyServer.start(NettyServer.java:264)
	at org.apache.ratis.thirdparty.io.grpc.internal.ServerImpl.start(ServerImpl.java:183)
	at org.apache.ratis.thirdparty.io.grpc.internal.ServerImpl.start(ServerImpl.java:90)
	at org.apache.ratis.grpc.server.GrpcService.startImpl(GrpcService.java:249)
	at org.apache.ratis.util.LifeCycle.startAndTransition(LifeCycle.java:270)
	at org.apache.ratis.server.RaftServerRpcWithProxy.start(RaftServerRpcWithProxy.java:72)
	at org.apache.ratis.server.impl.RaftServerProxy.lambda$start$5(RaftServerProxy.java:375)
	at org.apache.ratis.util.LifeCycle.startAndTransition(LifeCycle.java:270)
	at org.apache.ratis.server.impl.RaftServerProxy.start(RaftServerProxy.java:373)
	at org.apache.hadoop.hdds.scm.ha.SCMRatisServerImpl.initialize(SCMRatisServerImpl.java:121)
	at org.apache.hadoop.ozone.MiniOzoneClusterImpl$Builder.initializeScmStorage(MiniOzoneClusterImpl.java:743)
	at org.apache.hadoop.ozone.MiniOzoneClusterImpl$Builder.createSCM(MiniOzoneClusterImpl.java:717)
	at org.apache.hadoop.ozone.MiniOzoneClusterImpl$Builder.build(MiniOzoneClusterImpl.java:587)
	at org.apache.hadoop.ozone.client.rpc.TestBlockOutputStreamWithFailuresFlushDelay.init(TestBlockOutputStreamWithFailuresFlushDelay.java:136)
	at sun.reflect.NativeMethodAccessorImpl.invoke0(Native Method)
	at sun.reflect.NativeMethodAccessorImpl.invoke(NativeMethodAccessorImpl.java:62)
	at sun.reflect.DelegatingMethodAccessorImpl.invoke(DelegatingMethodAccessorImpl.java:43)
	at java.lang.reflect.Method.invoke(Method.java:498)
	at org.junit.runners.model.FrameworkMethod$1.runReflectiveCall(FrameworkMethod.java:59)
	at org.junit.internal.runners.model.ReflectiveCallable.run(ReflectiveCallable.java:12)
	at org.junit.runners.model.FrameworkMethod.invokeExplosively(FrameworkMethod.java:56)
	at org.junit.internal.runners.statements.RunBefores.invokeMethod(RunBefores.java:33)
	at org.junit.internal.runners.statements.RunBefores.evaluate(RunBefores.java:24)
	at org.junit.internal.runners.statements.RunAfters.evaluate(RunAfters.java:27)
	at org.junit.internal.runners.statements.FailOnTimeout$CallableStatement.call(FailOnTimeout.java:288)
	at org.junit.internal.runners.statements.FailOnTimeout$CallableStatement.call(FailOnTimeout.java:282)
	at java.util.concurrent.FutureTask.run(FutureTask.java:266)
	at java.lang.Thread.run(Thread.java:750)
Caused by: org.apache.ratis.thirdparty.io.netty.channel.unix.Errors$NativeIoException: bind(..) failed: Address already in use
2022-03-02 21:37:56,711 [Time-limited test] INFO  server.RaftServer (RaftServerProxy.java:lambda$close$6(391)) - 90dcaa85-c8a1-4b05-83b4-c177e7890e58: close
2022-03-02 21:37:56,711 [Time-limited test] INFO  server.RaftServer$Division (RaftServerImpl.java:lambda$close$4(412)) - 90dcaa85-c8a1-4b05-83b4-c177e7890e58@group-16EA44C2A6CE: shutdown
2022-03-02 21:37:56,712 [Time-limited test] INFO  util.JmxRegister (JmxRegister.java:unregister(73)) - Successfully un-registered JMX Bean with object name Ratis:service=RaftServer,group=group-16EA44C2A6CE,id=90dcaa85-c8a1-4b05-83b4-c177e7890e58
2022-03-02 21:37:56,712 [Time-limited test] INFO  impl.RoleInfo (RoleInfo.java:shutdownFollowerState(108)) - 90dcaa85-c8a1-4b05-83b4-c177e7890e58: shutdown 90dcaa85-c8a1-4b05-83b4-c177e7890e58@group-16EA44C2A6CE-FollowerState
2022-03-02 21:37:56,712 [Time-limited test] INFO  impl.StateMachineUpdater (StateMachineUpdater.java:stopAndJoin(149)) - 90dcaa85-c8a1-4b05-83b4-c177e7890e58@group-16EA44C2A6CE-StateMachineUpdater: set stopIndex = -1
2022-03-02 21:37:56,712 [90dcaa85-c8a1-4b05-83b4-c177e7890e58@group-16EA44C2A6CE-FollowerState] INFO  impl.FollowerState (FollowerState.java:run(143)) - 90dcaa85-c8a1-4b05-83b4-c177e7890e58@group-16EA44C2A6CE-FollowerState was interrupted: {}
java.lang.InterruptedException: sleep interrupted
	at java.lang.Thread.sleep(Native Method)
	at java.lang.Thread.sleep(Thread.java:342)
	at java.util.concurrent.TimeUnit.sleep(TimeUnit.java:386)
	at org.apache.ratis.util.TimeDuration.sleep(TimeDuration.java:324)
	at org.apache.ratis.util.TimeDuration.sleep(TimeDuration.java:309)
	at org.apache.ratis.server.impl.FollowerState.run(FollowerState.java:118)
2022-03-02 21:37:56,759 [Time-limited test] INFO  server.RaftServer$Division (ServerState.java:close(419)) - 90dcaa85-c8a1-4b05-83b4-c177e7890e58@group-16EA44C2A6CE: closes. applyIndex: -1
2022-03-02 21:37:56,759 [90dcaa85-c8a1-4b05-83b4-c177e7890e58@group-16EA44C2A6CE-SegmentedRaftLogWorker] INFO  segmented.SegmentedRaftLogWorker (SegmentedRaftLogWorker.java:run(327)) - 90dcaa85-c8a1-4b05-83b4-c177e7890e58@group-16EA44C2A6CE-SegmentedRaftLogWorker was interrupted, exiting. There are 0 tasks remaining in the queue.
2022-03-02 21:37:56,759 [Time-limited test] INFO  segmented.SegmentedRaftLogWorker (SegmentedRaftLogWorker.java:close(237)) - 90dcaa85-c8a1-4b05-83b4-c177e7890e58@group-16EA44C2A6CE-SegmentedRaftLogWorker close()
]]></system-out>
  </testcase>
  <testcase name="testContainerClose" classname="org.apache.hadoop.ozone.client.rpc.TestBlockOutputStreamWithFailuresFlushDelay" time="0.256">
    <error message="Not started" type="java.lang.IllegalStateException">java.lang.IllegalStateException: Not started
	at org.apache.ratis.thirdparty.com.google.common.base.Preconditions.checkState(Preconditions.java:508)
	at org.apache.ratis.thirdparty.io.grpc.internal.ServerImpl.getPort(ServerImpl.java:196)
	at org.apache.ratis.grpc.server.GrpcService.closeImpl(GrpcService.java:261)
	at org.apache.ratis.util.LifeCycle.lambda$checkStateAndClose$4(LifeCycle.java:299)
	at org.apache.ratis.util.LifeCycle.checkStateAndClose(LifeCycle.java:319)
	at org.apache.ratis.util.LifeCycle.checkStateAndClose(LifeCycle.java:297)
	at org.apache.ratis.server.RaftServerRpcWithProxy.close(RaftServerRpcWithProxy.java:80)
	at org.apache.ratis.server.impl.RaftServerProxy.lambda$close$6(RaftServerProxy.java:395)
	at org.apache.ratis.util.LifeCycle.lambda$checkStateAndClose$4(LifeCycle.java:299)
	at org.apache.ratis.util.LifeCycle.checkStateAndClose(LifeCycle.java:319)
	at org.apache.ratis.util.LifeCycle.checkStateAndClose(LifeCycle.java:297)
	at org.apache.ratis.server.impl.RaftServerProxy.close(RaftServerProxy.java:390)
	at org.apache.hadoop.hdds.scm.ha.SCMRatisServerImpl.initialize(SCMRatisServerImpl.java:125)
	at org.apache.hadoop.ozone.MiniOzoneClusterImpl$Builder.initializeScmStorage(MiniOzoneClusterImpl.java:743)
	at org.apache.hadoop.ozone.MiniOzoneClusterImpl$Builder.createSCM(MiniOzoneClusterImpl.java:717)
	at org.apache.hadoop.ozone.MiniOzoneClusterImpl$Builder.build(MiniOzoneClusterImpl.java:587)
	at org.apache.hadoop.ozone.client.rpc.TestBlockOutputStreamWithFailuresFlushDelay.init(TestBlockOutputStreamWithFailuresFlushDelay.java:136)
	at sun.reflect.NativeMethodAccessorImpl.invoke0(Native Method)
	at sun.reflect.NativeMethodAccessorImpl.invoke(NativeMethodAccessorImpl.java:62)
	at sun.reflect.DelegatingMethodAccessorImpl.invoke(DelegatingMethodAccessorImpl.java:43)
	at java.lang.reflect.Method.invoke(Method.java:498)
	at org.junit.runners.model.FrameworkMethod$1.runReflectiveCall(FrameworkMethod.java:59)
	at org.junit.internal.runners.model.ReflectiveCallable.run(ReflectiveCallable.java:12)
	at org.junit.runners.model.FrameworkMethod.invokeExplosively(FrameworkMethod.java:56)
	at org.junit.internal.runners.statements.RunBefores.invokeMethod(RunBefores.java:33)
	at org.junit.internal.runners.statements.RunBefores.evaluate(RunBefores.java:24)
	at org.junit.internal.runners.statements.RunAfters.evaluate(RunAfters.java:27)
	at org.junit.internal.runners.statements.FailOnTimeout$CallableStatement.call(FailOnTimeout.java:288)
	at org.junit.internal.runners.statements.FailOnTimeout$CallableStatement.call(FailOnTimeout.java:282)
	at java.util.concurrent.FutureTask.run(FutureTask.java:266)
	at java.lang.Thread.run(Thread.java:750)
</error>
    <system-out><![CDATA[2022-03-02 21:37:56,818 [Time-limited test] WARN  server.ServerUtils (ServerUtils.java:getScmDbDir(148)) - ozone.scm.db.dirs is not configured. We recommend adding this setting. Falling back to ozone.metadata.dirs instead.
2022-03-02 21:37:56,849 [Time-limited test] INFO  ha.SCMHANodeDetails (SCMHANodeDetails.java:loadSCMHAConfig(157)) - ServiceID for StorageContainerManager is null
2022-03-02 21:37:56,855 [Time-limited test] INFO  ha.SCMHANodeDetails (SCMHANodeDetails.java:loadSCMHAConfig(162)) - ozone.scm.default.service.id is not defined, falling back to ozone.scm.service.ids to find serviceID for StorageContainerManager if it is HA enabled cluster
2022-03-02 21:37:56,855 [Time-limited test] INFO  server.RaftServer (ConfUtils.java:logGet(44)) - raft.rpc.type = GRPC (default)
2022-03-02 21:37:56,855 [Time-limited test] INFO  grpc.GrpcFactory (GrpcFactory.java:checkPooledByteBufAllocatorUseCacheForAllThreads(48)) - PERFORMANCE WARNING: useCacheForAllThreads is true that may cause Netty to create a lot garbage objects and, as a result, trigger GC.
	It is recommended to disable useCacheForAllThreads by setting -Dorg.apache.ratis.thirdparty.io.netty.allocator.useCacheForAllThreads=false in command line.
2022-03-02 21:37:56,855 [Time-limited test] INFO  grpc.GrpcConfigKeys (ConfUtils.java:logGet(44)) - raft.grpc.admin.port = -1 (default)
2022-03-02 21:37:56,855 [Time-limited test] INFO  grpc.GrpcConfigKeys (ConfUtils.java:logGet(44)) - raft.grpc.server.port = 9894 (custom)
2022-03-02 21:37:56,855 [Time-limited test] INFO  grpc.GrpcConfigKeys (ConfUtils.java:logGet(44)) - raft.grpc.client.port = -1 (default)
2022-03-02 21:37:56,855 [Time-limited test] INFO  grpc.GrpcConfigKeys (ConfUtils.java:logGet(44)) - raft.grpc.server.port = 9894 (custom)
2022-03-02 21:37:56,855 [Time-limited test] INFO  grpc.GrpcConfigKeys (ConfUtils.java:logGet(44)) - raft.grpc.server.port = 9894 (custom)
2022-03-02 21:37:56,856 [Time-limited test] INFO  server.GrpcService (ConfUtils.java:logGet(44)) - raft.grpc.message.size.max = 32m (=33554432) (custom)
2022-03-02 21:37:56,856 [Time-limited test] INFO  server.RaftServerConfigKeys (ConfUtils.java:logGet(44)) - raft.server.log.appender.buffer.byte-limit = 33554432 (custom)
2022-03-02 21:37:56,856 [Time-limited test] INFO  server.GrpcService (ConfUtils.java:logGet(44)) - raft.grpc.flow.control.window = 1MB (=1048576) (default)
2022-03-02 21:37:56,856 [Time-limited test] INFO  server.RaftServerConfigKeys (ConfUtils.java:logGet(44)) - raft.server.rpc.request.timeout = 30000ms (custom)
2022-03-02 21:37:56,857 [Time-limited test] INFO  impl.DataStreamServerImpl (ConfUtils.java:logGet(44)) - raft.datastream.type = DISABLED (default)
2022-03-02 21:37:56,857 [Time-limited test] INFO  server.RaftServerConfigKeys (ConfUtils.java:logGet(44)) - raft.server.rpc.slowness.timeout = 120000ms (custom)
2022-03-02 21:37:56,857 [Time-limited test] INFO  server.RaftServerConfigKeys (ConfUtils.java:logGet(44)) - raft.server.leaderelection.leader.step-down.wait-time = 10s (default)
2022-03-02 21:37:56,857 [Time-limited test] INFO  server.RaftServerConfigKeys (ConfUtils.java:logGet(44)) - raft.server.storage.dir = [/home/runner/work/ozone/ozone/hadoop-ozone/integration-test/target/test-dir/MiniOzoneClusterImpl-4b080203-46f8-4f59-ab8d-abbe76218bdc/ozone-meta/scm-ha] (custom)
2022-03-02 21:37:56,907 [Time-limited test] INFO  server.RaftServer (RaftServerProxy.java:addNew(95)) - 5eb7c21b-7697-4790-be73-e218a6497bc0: addNew group-ABBE76218BDC:[5eb7c21b-7697-4790-be73-e218a6497bc0|rpc:fv-az294-754:9894|priority:0] returns group-ABBE76218BDC:java.util.concurrent.CompletableFuture@333e4945[Not completed]
2022-03-02 21:37:56,907 [pool-802-thread-1] INFO  server.RaftServer$Division (RaftServerImpl.java:<init>(184)) - 5eb7c21b-7697-4790-be73-e218a6497bc0: new RaftServerImpl for group-ABBE76218BDC:[5eb7c21b-7697-4790-be73-e218a6497bc0|rpc:fv-az294-754:9894|priority:0] with SCMStateMachine:uninitialized
2022-03-02 21:37:56,912 [pool-802-thread-1] INFO  server.RaftServerConfigKeys (ConfUtils.java:logGet(44)) - raft.server.rpc.timeout.min = 5000ms (custom)
2022-03-02 21:37:56,913 [pool-802-thread-1] INFO  server.RaftServerConfigKeys (ConfUtils.java:logGet(44)) - raft.server.rpc.timeout.max = 5200ms (custom)
2022-03-02 21:37:56,913 [pool-802-thread-1] INFO  server.RaftServerConfigKeys (ConfUtils.java:logGet(44)) - raft.server.rpc.sleep.time = 25ms (default)
2022-03-02 21:37:56,913 [pool-802-thread-1] INFO  server.RaftServerConfigKeys (ConfUtils.java:logGet(44)) - raft.server.rpc.slowness.timeout = 120000ms (custom)
2022-03-02 21:37:56,913 [pool-802-thread-1] INFO  server.RaftServerConfigKeys (ConfUtils.java:logGet(44)) - raft.server.leaderelection.leader.step-down.wait-time = 10s (default)
2022-03-02 21:37:56,915 [pool-802-thread-1] INFO  server.RaftServerConfigKeys (ConfUtils.java:logGet(44)) - raft.server.sleep.deviation.threshold = 300ms (default)
2022-03-02 21:37:56,915 [pool-802-thread-1] INFO  server.RaftServerConfigKeys (ConfUtils.java:logGet(44)) - raft.server.log.appender.install.snapshot.enabled = false (custom)
2022-03-02 21:37:56,915 [pool-802-thread-1] INFO  server.RaftServer$Division (ServerState.java:<init>(105)) - 5eb7c21b-7697-4790-be73-e218a6497bc0@group-ABBE76218BDC: ConfigurationManager, init=-1: [5eb7c21b-7697-4790-be73-e218a6497bc0|rpc:fv-az294-754:9894|priority:0], old=null, confs=<EMPTY_MAP>
2022-03-02 21:37:56,916 [pool-802-thread-1] INFO  server.RaftServerConfigKeys (ConfUtils.java:logGet(44)) - raft.server.storage.dir = [/home/runner/work/ozone/ozone/hadoop-ozone/integration-test/target/test-dir/MiniOzoneClusterImpl-4b080203-46f8-4f59-ab8d-abbe76218bdc/ozone-meta/scm-ha] (custom)
2022-03-02 21:37:56,916 [pool-802-thread-1] INFO  server.RaftServerConfigKeys (ConfUtils.java:logGet(44)) - raft.server.log.corruption.policy = EXCEPTION (default)
2022-03-02 21:37:56,916 [pool-802-thread-1] INFO  server.RaftServerConfigKeys (ConfUtils.java:logGet(44)) - raft.server.storage.free-space.min = 0MB (=0) (default)
2022-03-02 21:37:56,916 [pool-802-thread-1] INFO  storage.RaftStorageDirectory (RaftStorageDirectoryImpl.java:analyzeStorage(135)) - The storage directory /home/runner/work/ozone/ozone/hadoop-ozone/integration-test/target/test-dir/MiniOzoneClusterImpl-4b080203-46f8-4f59-ab8d-abbe76218bdc/ozone-meta/scm-ha/4b080203-46f8-4f59-ab8d-abbe76218bdc does not exist. Creating ...
2022-03-02 21:37:56,933 [pool-802-thread-1] INFO  storage.RaftStorageDirectory (RaftStorageDirectoryImpl.java:tryLock(230)) - Lock on /home/runner/work/ozone/ozone/hadoop-ozone/integration-test/target/test-dir/MiniOzoneClusterImpl-4b080203-46f8-4f59-ab8d-abbe76218bdc/ozone-meta/scm-ha/4b080203-46f8-4f59-ab8d-abbe76218bdc/in_use.lock acquired by nodename 22518@fv-az294-754
2022-03-02 21:37:56,959 [pool-802-thread-1] INFO  storage.RaftStorage (RaftStorageImpl.java:format(89)) - Storage directory /home/runner/work/ozone/ozone/hadoop-ozone/integration-test/target/test-dir/MiniOzoneClusterImpl-4b080203-46f8-4f59-ab8d-abbe76218bdc/ozone-meta/scm-ha/4b080203-46f8-4f59-ab8d-abbe76218bdc has been successfully formatted.
2022-03-02 21:37:56,960 [pool-802-thread-1] INFO  server.RaftServerConfigKeys (ConfUtils.java:logGet(44)) - raft.server.notification.no-leader.timeout = 60s (default)
2022-03-02 21:37:56,960 [pool-802-thread-1] INFO  server.RaftServerConfigKeys (ConfUtils.java:logGet(44)) - raft.server.log.use.memory = false (default)
2022-03-02 21:37:56,960 [pool-802-thread-1] INFO  server.RaftServerConfigKeys (ConfUtils.java:logGet(44)) - raft.server.log.purge.gap = 1000000 (custom)
2022-03-02 21:37:56,960 [pool-802-thread-1] INFO  server.RaftServerConfigKeys (ConfUtils.java:logGet(44)) - raft.server.log.appender.buffer.byte-limit = 33554432 (custom)
2022-03-02 21:37:56,960 [pool-802-thread-1] INFO  server.RaftServerConfigKeys (ConfUtils.java:logGet(44)) - raft.server.log.segment.size.max = 4194304 (custom)
2022-03-02 21:37:56,960 [pool-802-thread-1] INFO  server.RaftServerConfigKeys (ConfUtils.java:logGet(44)) - raft.server.log.segment.cache.num.max = 2 (custom)
2022-03-02 21:37:56,960 [pool-802-thread-1] INFO  server.RaftServerConfigKeys (ConfUtils.java:logGet(44)) - raft.server.log.segment.cache.size.max = 200MB (=209715200) (default)
2022-03-02 21:37:56,961 [pool-802-thread-1] INFO  segmented.SegmentedRaftLogWorker (SegmentedRaftLogWorker.java:<init>(182)) - new 5eb7c21b-7697-4790-be73-e218a6497bc0@group-ABBE76218BDC-SegmentedRaftLogWorker for RaftStorageImpl:Storage Directory /home/runner/work/ozone/ozone/hadoop-ozone/integration-test/target/test-dir/MiniOzoneClusterImpl-4b080203-46f8-4f59-ab8d-abbe76218bdc/ozone-meta/scm-ha/4b080203-46f8-4f59-ab8d-abbe76218bdc
2022-03-02 21:37:56,961 [pool-802-thread-1] INFO  server.RaftServerConfigKeys (ConfUtils.java:logGet(44)) - raft.server.log.queue.byte-limit = 64MB (=67108864) (default)
2022-03-02 21:37:56,961 [pool-802-thread-1] INFO  server.RaftServerConfigKeys (ConfUtils.java:logGet(44)) - raft.server.log.queue.element-limit = 4096 (default)
2022-03-02 21:37:56,961 [pool-802-thread-1] INFO  server.RaftServerConfigKeys (ConfUtils.java:logGet(44)) - raft.server.log.segment.size.max = 4194304 (custom)
2022-03-02 21:37:56,961 [pool-802-thread-1] INFO  server.RaftServerConfigKeys (ConfUtils.java:logGet(44)) - raft.server.log.preallocated.size = 4194304 (custom)
2022-03-02 21:37:56,961 [pool-802-thread-1] INFO  server.RaftServerConfigKeys (ConfUtils.java:logGet(44)) - raft.server.log.force.sync.num = 128 (default)
2022-03-02 21:37:56,961 [pool-802-thread-1] INFO  server.RaftServerConfigKeys (ConfUtils.java:logGet(44)) - raft.server.log.statemachine.data.sync = true (default)
2022-03-02 21:37:56,961 [pool-802-thread-1] INFO  server.RaftServerConfigKeys (ConfUtils.java:logGet(44)) - raft.server.log.statemachine.data.sync.timeout = 10s (default)
2022-03-02 21:37:56,961 [pool-802-thread-1] INFO  server.RaftServerConfigKeys (ConfUtils.java:logGet(44)) - raft.server.log.statemachine.data.sync.timeout.retry = -1 (default)
2022-03-02 21:37:56,962 [pool-802-thread-1] INFO  server.RaftServerConfigKeys (ConfUtils.java:logGet(44)) - raft.server.log.write.buffer.size = 64KB (=65536) (default)
2022-03-02 21:37:56,962 [pool-802-thread-1] INFO  server.RaftServerConfigKeys (ConfUtils.java:logGet(44)) - raft.server.log.statemachine.data.caching.enabled = false (default)
2022-03-02 21:37:56,962 [pool-802-thread-1] INFO  segmented.SegmentedRaftLogWorker (SegmentedRaftLogWorker.java:lambda$new$0(133)) - 5eb7c21b-7697-4790-be73-e218a6497bc0@group-ABBE76218BDC-SegmentedRaftLogWorker: flushIndex: setUnconditionally 0 -> -1
2022-03-02 21:37:56,963 [pool-802-thread-1] INFO  segmented.SegmentedRaftLogWorker (SegmentedRaftLogWorker.java:lambda$new$0(133)) - 5eb7c21b-7697-4790-be73-e218a6497bc0@group-ABBE76218BDC-SegmentedRaftLogWorker: safeCacheEvictIndex: setUnconditionally 0 -> -1
2022-03-02 21:37:56,967 [pool-802-thread-1] INFO  server.RaftServerConfigKeys (ConfUtils.java:logGet(44)) - raft.server.snapshot.auto.trigger.enabled = true (custom)
2022-03-02 21:37:56,967 [pool-802-thread-1] INFO  server.RaftServerConfigKeys (ConfUtils.java:logGet(44)) - raft.server.snapshot.auto.trigger.threshold = 1000 (custom)
2022-03-02 21:37:56,967 [pool-802-thread-1] INFO  server.RaftServerConfigKeys (ConfUtils.java:logGet(44)) - raft.server.snapshot.retention.file.num = -1 (default)
2022-03-02 21:37:56,967 [pool-802-thread-1] INFO  server.RaftServerConfigKeys (ConfUtils.java:logGet(44)) - raft.server.log.purge.upto.snapshot.index = false (default)
2022-03-02 21:37:56,967 [pool-802-thread-1] INFO  server.RaftServerConfigKeys (ConfUtils.java:logGet(44)) - raft.server.retrycache.expirytime = 60000ms (default)
2022-03-02 21:37:56,967 [pool-802-thread-1] INFO  server.RaftServerConfigKeys (ConfUtils.java:logGet(44)) - raft.server.retrycache.statistics.expirytime = 100μs (default)
2022-03-02 21:37:56,968 [Time-limited test] INFO  server.RaftServer$Division (RaftServerImpl.java:start(301)) - 5eb7c21b-7697-4790-be73-e218a6497bc0@group-ABBE76218BDC: start as a follower, conf=-1: [5eb7c21b-7697-4790-be73-e218a6497bc0|rpc:fv-az294-754:9894|priority:0], old=null
2022-03-02 21:37:56,968 [Time-limited test] INFO  server.RaftServer$Division (RaftServerImpl.java:setRole(290)) - 5eb7c21b-7697-4790-be73-e218a6497bc0@group-ABBE76218BDC: changes role from      null to FOLLOWER at term 0 for startAsFollower
2022-03-02 21:37:56,968 [Time-limited test] INFO  impl.RoleInfo (RoleInfo.java:updateAndGet(130)) - 5eb7c21b-7697-4790-be73-e218a6497bc0: start 5eb7c21b-7697-4790-be73-e218a6497bc0@group-ABBE76218BDC-FollowerState
2022-03-02 21:37:56,990 [Time-limited test] INFO  util.JmxRegister (JmxRegister.java:tryRegister(44)) - Successfully registered JMX Bean with object name Ratis:service=RaftServer,group=group-ABBE76218BDC,id=5eb7c21b-7697-4790-be73-e218a6497bc0
2022-03-02 21:37:57,011 [Time-limited test] INFO  server.RaftServer (RaftServerProxy.java:lambda$start$5(374)) - 5eb7c21b-7697-4790-be73-e218a6497bc0: start RPC server
2022-03-02 21:37:57,011 [Time-limited test] ERROR server.GrpcService (ExitUtils.java:terminate(133)) - Terminating with exit status 1: Failed to start Grpc server
java.io.IOException: Failed to bind
	at org.apache.ratis.thirdparty.io.grpc.netty.NettyServer.start(NettyServer.java:264)
	at org.apache.ratis.thirdparty.io.grpc.internal.ServerImpl.start(ServerImpl.java:183)
	at org.apache.ratis.thirdparty.io.grpc.internal.ServerImpl.start(ServerImpl.java:90)
	at org.apache.ratis.grpc.server.GrpcService.startImpl(GrpcService.java:249)
	at org.apache.ratis.util.LifeCycle.startAndTransition(LifeCycle.java:270)
	at org.apache.ratis.server.RaftServerRpcWithProxy.start(RaftServerRpcWithProxy.java:72)
	at org.apache.ratis.server.impl.RaftServerProxy.lambda$start$5(RaftServerProxy.java:375)
	at org.apache.ratis.util.LifeCycle.startAndTransition(LifeCycle.java:270)
	at org.apache.ratis.server.impl.RaftServerProxy.start(RaftServerProxy.java:373)
	at org.apache.hadoop.hdds.scm.ha.SCMRatisServerImpl.initialize(SCMRatisServerImpl.java:121)
	at org.apache.hadoop.ozone.MiniOzoneClusterImpl$Builder.initializeScmStorage(MiniOzoneClusterImpl.java:743)
	at org.apache.hadoop.ozone.MiniOzoneClusterImpl$Builder.createSCM(MiniOzoneClusterImpl.java:717)
	at org.apache.hadoop.ozone.MiniOzoneClusterImpl$Builder.build(MiniOzoneClusterImpl.java:587)
	at org.apache.hadoop.ozone.client.rpc.TestBlockOutputStreamWithFailuresFlushDelay.init(TestBlockOutputStreamWithFailuresFlushDelay.java:136)
	at sun.reflect.NativeMethodAccessorImpl.invoke0(Native Method)
	at sun.reflect.NativeMethodAccessorImpl.invoke(NativeMethodAccessorImpl.java:62)
	at sun.reflect.DelegatingMethodAccessorImpl.invoke(DelegatingMethodAccessorImpl.java:43)
	at java.lang.reflect.Method.invoke(Method.java:498)
	at org.junit.runners.model.FrameworkMethod$1.runReflectiveCall(FrameworkMethod.java:59)
	at org.junit.internal.runners.model.ReflectiveCallable.run(ReflectiveCallable.java:12)
	at org.junit.runners.model.FrameworkMethod.invokeExplosively(FrameworkMethod.java:56)
	at org.junit.internal.runners.statements.RunBefores.invokeMethod(RunBefores.java:33)
	at org.junit.internal.runners.statements.RunBefores.evaluate(RunBefores.java:24)
	at org.junit.internal.runners.statements.RunAfters.evaluate(RunAfters.java:27)
	at org.junit.internal.runners.statements.FailOnTimeout$CallableStatement.call(FailOnTimeout.java:288)
	at org.junit.internal.runners.statements.FailOnTimeout$CallableStatement.call(FailOnTimeout.java:282)
	at java.util.concurrent.FutureTask.run(FutureTask.java:266)
	at java.lang.Thread.run(Thread.java:750)
Caused by: org.apache.ratis.thirdparty.io.netty.channel.unix.Errors$NativeIoException: bind(..) failed: Address already in use
2022-03-02 21:37:57,013 [Time-limited test] INFO  server.RaftServer (RaftServerProxy.java:lambda$close$6(391)) - 5eb7c21b-7697-4790-be73-e218a6497bc0: close
2022-03-02 21:37:57,013 [Time-limited test] INFO  server.RaftServer$Division (RaftServerImpl.java:lambda$close$4(412)) - 5eb7c21b-7697-4790-be73-e218a6497bc0@group-ABBE76218BDC: shutdown
2022-03-02 21:37:57,013 [Time-limited test] INFO  util.JmxRegister (JmxRegister.java:unregister(73)) - Successfully un-registered JMX Bean with object name Ratis:service=RaftServer,group=group-ABBE76218BDC,id=5eb7c21b-7697-4790-be73-e218a6497bc0
2022-03-02 21:37:57,013 [Time-limited test] INFO  impl.RoleInfo (RoleInfo.java:shutdownFollowerState(108)) - 5eb7c21b-7697-4790-be73-e218a6497bc0: shutdown 5eb7c21b-7697-4790-be73-e218a6497bc0@group-ABBE76218BDC-FollowerState
2022-03-02 21:37:57,013 [Time-limited test] INFO  impl.StateMachineUpdater (StateMachineUpdater.java:stopAndJoin(149)) - 5eb7c21b-7697-4790-be73-e218a6497bc0@group-ABBE76218BDC-StateMachineUpdater: set stopIndex = -1
2022-03-02 21:37:57,013 [5eb7c21b-7697-4790-be73-e218a6497bc0@group-ABBE76218BDC-FollowerState] INFO  impl.FollowerState (FollowerState.java:run(143)) - 5eb7c21b-7697-4790-be73-e218a6497bc0@group-ABBE76218BDC-FollowerState was interrupted: {}
java.lang.InterruptedException: sleep interrupted
	at java.lang.Thread.sleep(Native Method)
	at java.lang.Thread.sleep(Thread.java:342)
	at java.util.concurrent.TimeUnit.sleep(TimeUnit.java:386)
	at org.apache.ratis.util.TimeDuration.sleep(TimeDuration.java:324)
	at org.apache.ratis.util.TimeDuration.sleep(TimeDuration.java:309)
	at org.apache.ratis.server.impl.FollowerState.run(FollowerState.java:118)
2022-03-02 21:37:57,014 [Time-limited test] INFO  server.RaftServer$Division (ServerState.java:close(419)) - 5eb7c21b-7697-4790-be73-e218a6497bc0@group-ABBE76218BDC: closes. applyIndex: -1
2022-03-02 21:37:57,015 [5eb7c21b-7697-4790-be73-e218a6497bc0@group-ABBE76218BDC-SegmentedRaftLogWorker] INFO  segmented.SegmentedRaftLogWorker (SegmentedRaftLogWorker.java:run(327)) - 5eb7c21b-7697-4790-be73-e218a6497bc0@group-ABBE76218BDC-SegmentedRaftLogWorker was interrupted, exiting. There are 0 tasks remaining in the queue.
2022-03-02 21:37:57,015 [Time-limited test] INFO  segmented.SegmentedRaftLogWorker (SegmentedRaftLogWorker.java:close(237)) - 5eb7c21b-7697-4790-be73-e218a6497bc0@group-ABBE76218BDC-SegmentedRaftLogWorker close()
]]></system-out>
  </testcase>
</testsuite>