<?xml version="1.0" encoding="UTF-8"?>
<testsuite xmlns:xsi="http://www.w3.org/2001/XMLSchema-instance" xsi:noNamespaceSchemaLocation="https://maven.apache.org/surefire/maven-surefire-plugin/xsd/surefire-test-report-3.0.xsd" version="3.0" name="org.apache.hadoop.fs.ozone.contract.ITestOzoneContractCreate" time="50.785" tests="32" errors="1" skipped="4" failures="0">
  <properties>
    <property name="awt.toolkit" value="sun.awt.X11.XToolkit"/>
    <property name="file.encoding.pkg" value="sun.io"/>
    <property name="java.specification.version" value="1.8"/>
    <property name="sun.cpu.isalist" value=""/>
    <property name="sun.jnu.encoding" value="UTF-8"/>
    <property name="java.class.path" value="/home/runner/work/ozone/ozone/hadoop-ozone/integration-test/target/test-classes:/home/runner/work/ozone/ozone/hadoop-ozone/integration-test/target/classes:/home/runner/.m2/repository/org/apache/ozone/ozone-common/1.4.0-SNAPSHOT/ozone-common-1.4.0-SNAPSHOT.jar:/home/runner/.m2/repository/io/grpc/grpc-netty/1.51.1/grpc-netty-1.51.1.jar:/home/runner/.m2/repository/io/grpc/grpc-core/1.51.1/grpc-core-1.51.1.jar:/home/runner/.m2/repository/com/google/android/annotations/4.1.1.4/annotations-4.1.1.4.jar:/home/runner/.m2/repository/org/codehaus/mojo/animal-sniffer-annotations/1.21/animal-sniffer-annotations-1.21.jar:/home/runner/.m2/repository/com/google/errorprone/error_prone_annotations/2.2.0/error_prone_annotations-2.2.0.jar:/home/runner/.m2/repository/io/perfmark/perfmark-api/0.25.0/perfmark-api-0.25.0.jar:/home/runner/.m2/repository/io/netty/netty-codec-http2/4.1.94.Final/netty-codec-http2-4.1.94.Final.jar:/home/runner/.m2/repository/io/netty/netty-common/4.1.94.Final/netty-common-4.1.94.Final.jar:/home/runner/.m2/repository/io/netty/netty-buffer/4.1.94.Final/netty-buffer-4.1.94.Final.jar:/home/runner/.m2/repository/io/netty/netty-codec-http/4.1.94.Final/netty-codec-http-4.1.94.Final.jar:/home/runner/.m2/repository/io/netty/netty-handler-proxy/4.1.94.Final/netty-handler-proxy-4.1.94.Final.jar:/home/runner/.m2/repository/io/netty/netty-codec-socks/4.1.94.Final/netty-codec-socks-4.1.94.Final.jar:/home/runner/.m2/repository/io/netty/netty-tcnative-boringssl-static/2.0.61.Final/netty-tcnative-boringssl-static-2.0.61.Final.jar:/home/runner/.m2/repository/io/netty/netty-tcnative-classes/2.0.61.Final/netty-tcnative-classes-2.0.61.Final.jar:/home/runner/.m2/repository/io/netty/netty-tcnative-boringssl-static/2.0.61.Final/netty-tcnative-boringssl-static-2.0.61.Final-linux-x86_64.jar:/home/runner/.m2/repository/io/netty/netty-tcnative-boringssl-static/2.0.61.Final/netty-tcnative-boringssl-static-2.0.61.Final-linux-aarch_64.jar:/home/runner/.m2/repository/io/netty/netty-tcnative-boringssl-static/2.0.61.Final/netty-tcnative-boringssl-static-2.0.61.Final-osx-x86_64.jar:/home/runner/.m2/repository/io/netty/netty-tcnative-boringssl-static/2.0.61.Final/netty-tcnative-boringssl-static-2.0.61.Final-osx-aarch_64.jar:/home/runner/.m2/repository/io/netty/netty-tcnative-boringssl-static/2.0.61.Final/netty-tcnative-boringssl-static-2.0.61.Final-windows-x86_64.jar:/home/runner/.m2/repository/org/apache/commons/commons-compress/1.21/commons-compress-1.21.jar:/home/runner/.m2/repository/org/apache/ozone/hdds-common/1.4.0-SNAPSHOT/hdds-common-1.4.0-SNAPSHOT.jar:/home/runner/.m2/repository/org/apache/ozone/hdds-client/1.4.0-SNAPSHOT/hdds-client-1.4.0-SNAPSHOT.jar:/home/runner/.m2/repository/org/apache/ozone/ozone-interface-client/1.4.0-SNAPSHOT/ozone-interface-client-1.4.0-SNAPSHOT.jar:/home/runner/.m2/repository/org/apache/hadoop/hadoop-hdfs-client/3.3.6/hadoop-hdfs-client-3.3.6.jar:/home/runner/.m2/repository/com/squareup/okhttp3/okhttp/4.9.3/okhttp-4.9.3.jar:/home/runner/.m2/repository/com/squareup/okio/okio/3.4.0/okio-3.4.0.jar:/home/runner/.m2/repository/com/squareup/okio/okio-jvm/3.4.0/okio-jvm-3.4.0.jar:/home/runner/.m2/repository/org/jetbrains/kotlin/kotlin-stdlib-jdk8/1.8.0/kotlin-stdlib-jdk8-1.8.0.jar:/home/runner/.m2/repository/org/jetbrains/kotlin/kotlin-stdlib-jdk7/1.8.0/kotlin-stdlib-jdk7-1.8.0.jar:/home/runner/.m2/repository/org/jetbrains/kotlin/kotlin-stdlib-common/1.6.21/kotlin-stdlib-common-1.6.21.jar:/home/runner/.m2/repository/org/apache/ozone/hdds-test-utils/1.4.0-SNAPSHOT/hdds-test-utils-1.4.0-SNAPSHOT.jar:/home/runner/.m2/repository/com/google/guava/guava/32.0.0-jre/guava-32.0.0-jre.jar:/home/runner/.m2/repository/com/google/guava/failureaccess/1.0.1/failureaccess-1.0.1.jar:/home/runner/.m2/repository/com/google/guava/listenablefuture/9999.0-empty-to-avoid-conflict-with-guava/listenablefuture-9999.0-empty-to-avoid-conflict-with-guava.jar:/home/runner/.m2/repository/com/google/code/findbugs/jsr305/3.0.0/jsr305-3.0.0.jar:/home/runner/.m2/repository/org/checkerframework/checker-qual/3.33.0/checker-qual-3.33.0.jar:/home/runner/.m2/repository/com/google/j2objc/j2objc-annotations/2.8/j2objc-annotations-2.8.jar:/home/runner/.m2/repository/commons-io/commons-io/2.11.0/commons-io-2.11.0.jar:/home/runner/.m2/repository/commons-logging/commons-logging/1.2/commons-logging-1.2.jar:/home/runner/.m2/repository/ch/qos/reload4j/reload4j/1.2.22/reload4j-1.2.22.jar:/home/runner/.m2/repository/org/slf4j/slf4j-api/1.7.36/slf4j-api-1.7.36.jar:/home/runner/.m2/repository/org/apache/logging/log4j/log4j-api/2.17.1/log4j-api-2.17.1.jar:/home/runner/.m2/repository/org/apache/ozone/hdds-server-scm/1.4.0-SNAPSHOT/hdds-server-scm-1.4.0-SNAPSHOT.jar:/home/runner/.m2/repository/org/apache/ozone/hdds-container-service/1.4.0-SNAPSHOT/hdds-container-service-1.4.0-SNAPSHOT.jar:/home/runner/.m2/repository/org/apache/ozone/hdds-hadoop-dependency-server/1.4.0-SNAPSHOT/hdds-hadoop-dependency-server-1.4.0-SNAPSHOT.jar:/home/runner/.m2/repository/org/apache/hadoop/hadoop-hdfs/3.3.6/hadoop-hdfs-3.3.6.jar:/home/runner/.m2/repository/commons-daemon/commons-daemon/1.0.13/commons-daemon-1.0.13.jar:/home/runner/.m2/repository/org/apache/ozone/hdds-server-framework/1.4.0-SNAPSHOT/hdds-server-framework-1.4.0-SNAPSHOT.jar:/home/runner/.m2/repository/io/dropwizard/metrics/metrics-core/3.2.4/metrics-core-3.2.4.jar:/home/runner/.m2/repository/org/apache/commons/commons-text/1.10.0/commons-text-1.10.0.jar:/home/runner/.m2/repository/org/bouncycastle/bcprov-jdk15on/1.67/bcprov-jdk15on-1.67.jar:/home/runner/.m2/repository/com/google/protobuf/protobuf-java/2.5.0/protobuf-java-2.5.0.jar:/home/runner/.m2/repository/org/apache/ozone/hdds-server-framework/1.4.0-SNAPSHOT/hdds-server-framework-1.4.0-SNAPSHOT-tests.jar:/home/runner/.m2/repository/org/apache/ozone/hdds-interface-server/1.4.0-SNAPSHOT/hdds-interface-server-1.4.0-SNAPSHOT.jar:/home/runner/.m2/repository/org/apache/ozone/hdds-interface-admin/1.4.0-SNAPSHOT/hdds-interface-admin-1.4.0-SNAPSHOT.jar:/home/runner/.m2/repository/org/apache/ozone/hdds-managed-rocksdb/1.4.0-SNAPSHOT/hdds-managed-rocksdb-1.4.0-SNAPSHOT.jar:/home/runner/.m2/repository/org/rocksdb/rocksdbjni/7.7.3/rocksdbjni-7.7.3.jar:/home/runner/.m2/repository/org/slf4j/slf4j-reload4j/1.7.36/slf4j-reload4j-1.7.36.jar:/home/runner/.m2/repository/org/apache/commons/commons-configuration2/2.1.1/commons-configuration2-2.1.1.jar:/home/runner/.m2/repository/commons-fileupload/commons-fileupload/1.5/commons-fileupload-1.5.jar:/home/runner/.m2/repository/org/apache/logging/log4j/log4j-core/2.17.1/log4j-core-2.17.1.jar:/home/runner/.m2/repository/com/lmax/disruptor/3.4.2/disruptor-3.4.2.jar:/home/runner/.m2/repository/org/eclipse/jetty/jetty-util/9.4.51.v20230217/jetty-util-9.4.51.v20230217.jar:/home/runner/.m2/repository/org/eclipse/jetty/jetty-server/9.4.51.v20230217/jetty-server-9.4.51.v20230217.jar:/home/runner/.m2/repository/org/eclipse/jetty/jetty-http/9.4.51.v20230217/jetty-http-9.4.51.v20230217.jar:/home/runner/.m2/repository/org/eclipse/jetty/jetty-io/9.4.51.v20230217/jetty-io-9.4.51.v20230217.jar:/home/runner/.m2/repository/org/eclipse/jetty/jetty-servlet/9.4.51.v20230217/jetty-servlet-9.4.51.v20230217.jar:/home/runner/.m2/repository/org/eclipse/jetty/jetty-security/9.4.51.v20230217/jetty-security-9.4.51.v20230217.jar:/home/runner/.m2/repository/org/eclipse/jetty/jetty-util-ajax/9.4.51.v20230217/jetty-util-ajax-9.4.51.v20230217.jar:/home/runner/.m2/repository/org/eclipse/jetty/jetty-webapp/9.4.51.v20230217/jetty-webapp-9.4.51.v20230217.jar:/home/runner/.m2/repository/org/eclipse/jetty/jetty-xml/9.4.51.v20230217/jetty-xml-9.4.51.v20230217.jar:/home/runner/.m2/repository/org/apache/ratis/ratis-server/2.5.1/ratis-server-2.5.1.jar:/home/runner/.m2/repository/org/apache/ratis/ratis-thirdparty-misc/1.0.4/ratis-thirdparty-misc-1.0.4.jar:/home/runner/.m2/repository/org/apache/ratis/ratis-proto/2.5.1/ratis-proto-2.5.1.jar:/home/runner/.m2/repository/org/apache/ratis/ratis-common/2.5.1/ratis-common-2.5.1.jar:/home/runner/.m2/repository/org/apache/ratis/ratis-client/2.5.1/ratis-client-2.5.1.jar:/home/runner/.m2/repository/org/apache/ratis/ratis-server-api/2.5.1/ratis-server-api-2.5.1.jar:/home/runner/.m2/repository/org/apache/ratis/ratis-metrics/2.5.1/ratis-metrics-2.5.1.jar:/home/runner/.m2/repository/io/prometheus/simpleclient_dropwizard/0.7.0/simpleclient_dropwizard-0.7.0.jar:/home/runner/.m2/repository/io/prometheus/simpleclient/0.7.0/simpleclient-0.7.0.jar:/home/runner/.m2/repository/io/prometheus/simpleclient_common/0.7.0/simpleclient_common-0.7.0.jar:/home/runner/.m2/repository/com/fasterxml/jackson/datatype/jackson-datatype-jsr310/2.13.4/jackson-datatype-jsr310-2.13.4.jar:/home/runner/.m2/repository/com/fasterxml/jackson/core/jackson-core/2.13.4/jackson-core-2.13.4.jar:/home/runner/.m2/repository/com/github/spotbugs/spotbugs-annotations/3.1.12/spotbugs-annotations-3.1.12.jar:/home/runner/.m2/repository/org/apache/ozone/rocksdb-checkpoint-differ/1.4.0-SNAPSHOT/rocksdb-checkpoint-differ-1.4.0-SNAPSHOT.jar:/home/runner/.m2/repository/org/jgrapht/jgrapht-core/1.0.1/jgrapht-core-1.0.1.jar:/home/runner/.m2/repository/org/jgrapht/jgrapht-ext/1.0.1/jgrapht-ext-1.0.1.jar:/home/runner/.m2/repository/org/tinyjee/jgraphx/jgraphx/2.0.0.1/jgraphx-2.0.0.1.jar:/home/runner/.m2/repository/jgraph/jgraph/5.13.0.0/jgraph-5.13.0.0.jar:/home/runner/.m2/repository/org/antlr/antlr4-runtime/4.5.3/antlr4-runtime-4.5.3.jar:/home/runner/.m2/repository/org/awaitility/awaitility/4.2.0/awaitility-4.2.0.jar:/home/runner/.m2/repository/org/hamcrest/hamcrest/2.1/hamcrest-2.1.jar:/home/runner/.m2/repository/org/apache/ozone/ozone-manager/1.4.0-SNAPSHOT/ozone-manager-1.4.0-SNAPSHOT.jar:/home/runner/.m2/repository/org/aspectj/aspectjrt/1.9.7/aspectjrt-1.9.7.jar:/home/runner/.m2/repository/org/aspectj/aspectjweaver/1.9.7/aspectjweaver-1.9.7.jar:/home/runner/.m2/repository/org/apache/ozone/hdds-interface-client/1.4.0-SNAPSHOT/hdds-interface-client-1.4.0-SNAPSHOT.jar:/home/runner/.m2/repository/org/apache/hadoop/thirdparty/hadoop-shaded-protobuf_3_7/1.1.1/hadoop-shaded-protobuf_3_7-1.1.1.jar:/home/runner/.m2/repository/org/apache/ozone/ozone-interface-storage/1.4.0-SNAPSHOT/ozone-interface-storage-1.4.0-SNAPSHOT.jar:/home/runner/.m2/repository/org/reflections/reflections/0.9.11/reflections-0.9.11.jar:/home/runner/.m2/repository/com/sun/jersey/jersey-client/1.19/jersey-client-1.19.jar:/home/runner/.m2/repository/org/codehaus/jackson/jackson-core-asl/1.9.13/jackson-core-asl-1.9.13.jar:/home/runner/.m2/repository/org/codehaus/jackson/jackson-mapper-asl/1.9.13/jackson-mapper-asl-1.9.13.jar:/home/runner/.m2/repository/org/codehaus/jackson/jackson-jaxrs/1.9.13/jackson-jaxrs-1.9.13.jar:/home/runner/.m2/repository/org/apache/ranger/ranger-intg/2.3.0/ranger-intg-2.3.0.jar:/home/runner/.m2/repository/org/apache/ranger/ranger-plugins-common/2.3.0/ranger-plugins-common-2.3.0.jar:/home/runner/.m2/repository/commons-lang/commons-lang/2.6/commons-lang-2.6.jar:/home/runner/.m2/repository/org/apache/ranger/ranger-plugins-cred/2.3.0/ranger-plugins-cred-2.3.0.jar:/home/runner/.m2/repository/org/apache/ranger/ranger-plugins-audit/2.3.0/ranger-plugins-audit-2.3.0.jar:/home/runner/.m2/repository/org/eclipse/jetty/jetty-client/9.4.51.v20230217/jetty-client-9.4.51.v20230217.jar:/home/runner/.m2/repository/org/apache/httpcomponents/httpmime/4.5.6/httpmime-4.5.6.jar:/home/runner/.m2/repository/org/apache/httpcomponents/httpcore-nio/4.4.13/httpcore-nio-4.4.13.jar:/home/runner/.m2/repository/org/apache/httpcomponents/httpasyncclient/4.1.3/httpasyncclient-4.1.3.jar:/home/runner/.m2/repository/com/carrotsearch/hppc/0.8.0/hppc-0.8.0.jar:/home/runner/.m2/repository/org/apache/orc/orc-core/1.5.8/orc-core-1.5.8.jar:/home/runner/.m2/repository/net/java/dev/jna/jna/5.2.0/jna-5.2.0.jar:/home/runner/.m2/repository/net/java/dev/jna/jna-platform/5.2.0/jna-platform-5.2.0.jar:/home/runner/.m2/repository/com/kstruct/gethostname4j/0.0.2/gethostname4j-0.0.2.jar:/home/runner/.m2/repository/org/apache/ranger/ranger-plugin-classloader/2.3.0/ranger-plugin-classloader-2.3.0.jar:/home/runner/.m2/repository/org/apache/ozone/hdds-rocks-native/1.4.0-SNAPSHOT/hdds-rocks-native-1.4.0-SNAPSHOT.jar:/home/runner/.m2/repository/org/apache/hadoop/hadoop-minikdc/3.3.6/hadoop-minikdc-3.3.6.jar:/home/runner/.m2/repository/org/apache/kerby/kerb-simplekdc/1.0.1/kerb-simplekdc-1.0.1.jar:/home/runner/.m2/repository/org/apache/kerby/kerb-client/1.0.1/kerb-client-1.0.1.jar:/home/runner/.m2/repository/org/apache/kerby/kerby-config/1.0.1/kerby-config-1.0.1.jar:/home/runner/.m2/repository/org/apache/kerby/kerb-common/1.0.1/kerb-common-1.0.1.jar:/home/runner/.m2/repository/org/apache/kerby/kerb-crypto/1.0.1/kerb-crypto-1.0.1.jar:/home/runner/.m2/repository/org/apache/kerby/kerb-util/1.0.1/kerb-util-1.0.1.jar:/home/runner/.m2/repository/org/apache/kerby/token-provider/1.0.1/token-provider-1.0.1.jar:/home/runner/.m2/repository/org/apache/kerby/kerb-admin/1.0.1/kerb-admin-1.0.1.jar:/home/runner/.m2/repository/org/apache/kerby/kerb-server/1.0.1/kerb-server-1.0.1.jar:/home/runner/.m2/repository/org/apache/kerby/kerb-identity/1.0.1/kerb-identity-1.0.1.jar:/home/runner/.m2/repository/org/apache/kerby/kerby-xdr/1.0.1/kerby-xdr-1.0.1.jar:/home/runner/.m2/repository/org/apache/ozone/ozone-s3gateway/1.4.0-SNAPSHOT/ozone-s3gateway-1.4.0-SNAPSHOT.jar:/home/runner/.m2/repository/org/javassist/javassist/3.21.0-GA/javassist-3.21.0-GA.jar:/home/runner/.m2/repository/org/jboss/weld/servlet/weld-servlet-shaded/3.1.9.Final/weld-servlet-shaded-3.1.9.Final.jar:/home/runner/.m2/repository/org/glassfish/jersey/containers/jersey-container-servlet-core/2.34/jersey-container-servlet-core-2.34.jar:/home/runner/.m2/repository/org/glassfish/hk2/external/jakarta.inject/2.6.1/jakarta.inject-2.6.1.jar:/home/runner/.m2/repository/org/glassfish/jersey/core/jersey-common/2.34/jersey-common-2.34.jar:/home/runner/.m2/repository/jakarta/ws/rs/jakarta.ws.rs-api/2.1.6/jakarta.ws.rs-api-2.1.6.jar:/home/runner/.m2/repository/org/glassfish/jersey/ext/cdi/jersey-cdi1x/2.34/jersey-cdi1x-2.34.jar:/home/runner/.m2/repository/org/glassfish/jersey/inject/jersey-hk2/2.34/jersey-hk2-2.34.jar:/home/runner/.m2/repository/org/glassfish/hk2/hk2-locator/2.6.1/hk2-locator-2.6.1.jar:/home/runner/.m2/repository/org/glassfish/jersey/media/jersey-media-jaxb/2.34/jersey-media-jaxb-2.34.jar:/home/runner/.m2/repository/org/glassfish/hk2/osgi-resource-locator/1.0.3/osgi-resource-locator-1.0.3.jar:/home/runner/.m2/repository/org/glassfish/hk2/hk2-api/2.5.0/hk2-api-2.5.0.jar:/home/runner/.m2/repository/org/glassfish/hk2/hk2-utils/2.5.0/hk2-utils-2.5.0.jar:/home/runner/.m2/repository/org/glassfish/hk2/external/aopalliance-repackaged/2.5.0/aopalliance-repackaged-2.5.0.jar:/home/runner/.m2/repository/com/fasterxml/jackson/dataformat/jackson-dataformat-xml/2.13.4/jackson-dataformat-xml-2.13.4.jar:/home/runner/.m2/repository/org/codehaus/woodstox/stax2-api/4.2.1/stax2-api-4.2.1.jar:/home/runner/.m2/repository/com/fasterxml/woodstox/woodstox-core/5.4.0/woodstox-core-5.4.0.jar:/home/runner/.m2/repository/com/fasterxml/jackson/module/jackson-module-jaxb-annotations/2.13.4/jackson-module-jaxb-annotations-2.13.4.jar:/home/runner/.m2/repository/jakarta/xml/bind/jakarta.xml.bind-api/2.3.3/jakarta.xml.bind-api-2.3.3.jar:/home/runner/.m2/repository/jakarta/activation/jakarta.activation-api/1.2.2/jakarta.activation-api-1.2.2.jar:/home/runner/.m2/repository/javax/enterprise/cdi-api/2.0/cdi-api-2.0.jar:/home/runner/.m2/repository/javax/el/javax.el-api/3.0.0/javax.el-api-3.0.0.jar:/home/runner/.m2/repository/javax/interceptor/javax.interceptor-api/1.2/javax.interceptor-api-1.2.jar:/home/runner/.m2/repository/javax/inject/javax.inject/1/javax.inject-1.jar:/home/runner/.m2/repository/javax/xml/bind/jaxb-api/2.3.0/jaxb-api-2.3.0.jar:/home/runner/.m2/repository/org/glassfish/jaxb/jaxb-runtime/2.3.0.1/jaxb-runtime-2.3.0.1.jar:/home/runner/.m2/repository/org/glassfish/jaxb/jaxb-core/2.3.0.1/jaxb-core-2.3.0.1.jar:/home/runner/.m2/repository/org/glassfish/jaxb/txw2/2.3.0.1/txw2-2.3.0.1.jar:/home/runner/.m2/repository/com/sun/istack/istack-commons-runtime/3.0.5/istack-commons-runtime-3.0.5.jar:/home/runner/.m2/repository/org/jvnet/staxex/stax-ex/1.7.8/stax-ex-1.7.8.jar:/home/runner/.m2/repository/com/sun/xml/fastinfoset/FastInfoset/1.2.13/FastInfoset-1.2.13.jar:/home/runner/.m2/repository/javax/activation/activation/1.1.1/activation-1.1.1.jar:/home/runner/.m2/repository/io/grpc/grpc-protobuf/1.51.1/grpc-protobuf-1.51.1.jar:/home/runner/.m2/repository/com/google/api/grpc/proto-google-common-protos/2.9.0/proto-google-common-protos-2.9.0.jar:/home/runner/.m2/repository/io/grpc/grpc-protobuf-lite/1.51.1/grpc-protobuf-lite-1.51.1.jar:/home/runner/.m2/repository/io/grpc/grpc-stub/1.51.1/grpc-stub-1.51.1.jar:/home/runner/.m2/repository/io/netty/netty-transport/4.1.94.Final/netty-transport-4.1.94.Final.jar:/home/runner/.m2/repository/io/netty/netty-resolver/4.1.94.Final/netty-resolver-4.1.94.Final.jar:/home/runner/.m2/repository/org/apache/ozone/ozone-csi/1.4.0-SNAPSHOT/ozone-csi-1.4.0-SNAPSHOT.jar:/home/runner/.m2/repository/com/google/protobuf/protobuf-java-util/3.19.6/protobuf-java-util-3.19.6.jar:/home/runner/.m2/repository/com/google/code/gson/gson/2.9.0/gson-2.9.0.jar:/home/runner/.m2/repository/org/apache/ozone/hdds-config/1.4.0-SNAPSHOT/hdds-config-1.4.0-SNAPSHOT.jar:/home/runner/.m2/repository/io/netty/netty-transport-native-epoll/4.1.94.Final/netty-transport-native-epoll-4.1.94.Final-linux-x86_64.jar:/home/runner/.m2/repository/io/netty/netty-transport-classes-epoll/4.1.94.Final/netty-transport-classes-epoll-4.1.94.Final.jar:/home/runner/.m2/repository/io/netty/netty-transport-native-unix-common/4.1.94.Final/netty-transport-native-unix-common-4.1.94.Final.jar:/home/runner/.m2/repository/org/apache/ozone/ozone-recon/1.4.0-SNAPSHOT/ozone-recon-1.4.0-SNAPSHOT.jar:/home/runner/.m2/repository/org/apache/ozone/ozone-reconcodegen/1.4.0-SNAPSHOT/ozone-reconcodegen-1.4.0-SNAPSHOT.jar:/home/runner/.m2/repository/com/google/inject/guice/5.1.0/guice-5.1.0.jar:/home/runner/.m2/repository/aopalliance/aopalliance/1.0/aopalliance-1.0.jar:/home/runner/.m2/repository/com/google/inject/extensions/guice-assistedinject/5.1.0/guice-assistedinject-5.1.0.jar:/home/runner/.m2/repository/com/google/inject/extensions/guice-servlet/5.1.0/guice-servlet-5.1.0.jar:/home/runner/.m2/repository/org/glassfish/jersey/containers/jersey-container-servlet/2.34/jersey-container-servlet-2.34.jar:/home/runner/.m2/repository/org/glassfish/hk2/guice-bridge/2.5.0/guice-bridge-2.5.0.jar:/home/runner/.m2/repository/org/glassfish/jersey/core/jersey-server/2.34/jersey-server-2.34.jar:/home/runner/.m2/repository/org/glassfish/jersey/core/jersey-client/2.34/jersey-client-2.34.jar:/home/runner/.m2/repository/jakarta/annotation/jakarta.annotation-api/1.3.5/jakarta.annotation-api-1.3.5.jar:/home/runner/.m2/repository/jakarta/validation/jakarta.validation-api/2.0.2/jakarta.validation-api-2.0.2.jar:/home/runner/.m2/repository/org/glassfish/jersey/media/jersey-media-json-jackson/2.34/jersey-media-json-jackson-2.34.jar:/home/runner/.m2/repository/org/glassfish/jersey/ext/jersey-entity-filtering/2.34/jersey-entity-filtering-2.34.jar:/home/runner/.m2/repository/org/jooq/jooq/3.11.10/jooq-3.11.10.jar:/home/runner/.m2/repository/org/jooq/jooq-meta/3.11.10/jooq-meta-3.11.10.jar:/home/runner/.m2/repository/org/jooq/jooq-codegen/3.11.10/jooq-codegen-3.11.10.jar:/home/runner/.m2/repository/com/jolbox/bonecp/0.8.0.RELEASE/bonecp-0.8.0.RELEASE.jar:/home/runner/.m2/repository/org/apache/derby/derby/10.14.2.0/derby-10.14.2.0.jar:/home/runner/.m2/repository/org/xerial/sqlite-jdbc/3.41.2.2/sqlite-jdbc-3.41.2.2.jar:/home/runner/.m2/repository/org/springframework/spring-jdbc/5.3.27/spring-jdbc-5.3.27.jar:/home/runner/.m2/repository/org/springframework/spring-beans/5.3.27/spring-beans-5.3.27.jar:/home/runner/.m2/repository/org/springframework/spring-core/5.3.27/spring-core-5.3.27.jar:/home/runner/.m2/repository/org/springframework/spring-tx/5.3.27/spring-tx-5.3.27.jar:/home/runner/.m2/repository/org/apache/ozone/ozone-client/1.4.0-SNAPSHOT/ozone-client-1.4.0-SNAPSHOT.jar:/home/runner/.m2/repository/org/apache/ozone/hdds-erasurecode/1.4.0-SNAPSHOT/hdds-erasurecode-1.4.0-SNAPSHOT.jar:/home/runner/.m2/repository/org/apache/ozone/ozone-filesystem/1.4.0-SNAPSHOT/ozone-filesystem-1.4.0-SNAPSHOT.jar:/home/runner/.m2/repository/org/apache/ozone/ozone-filesystem-common/1.4.0-SNAPSHOT/ozone-filesystem-common-1.4.0-SNAPSHOT.jar:/home/runner/.m2/repository/org/apache/ozone/ozone-tools/1.4.0-SNAPSHOT/ozone-tools-1.4.0-SNAPSHOT.jar:/home/runner/.m2/repository/com/amazonaws/aws-java-sdk-core/1.12.261/aws-java-sdk-core-1.12.261.jar:/home/runner/.m2/repository/org/apache/httpcomponents/httpclient/4.5.13/httpclient-4.5.13.jar:/home/runner/.m2/repository/org/apache/httpcomponents/httpcore/4.4.13/httpcore-4.4.13.jar:/home/runner/.m2/repository/software/amazon/ion/ion-java/1.0.2/ion-java-1.0.2.jar:/home/runner/.m2/repository/com/fasterxml/jackson/dataformat/jackson-dataformat-cbor/2.13.4/jackson-dataformat-cbor-2.13.4.jar:/home/runner/.m2/repository/joda-time/joda-time/2.10.6/joda-time-2.10.6.jar:/home/runner/.m2/repository/com/amazonaws/aws-java-sdk-s3/1.12.261/aws-java-sdk-s3-1.12.261.jar:/home/runner/.m2/repository/com/amazonaws/aws-java-sdk-kms/1.12.261/aws-java-sdk-kms-1.12.261.jar:/home/runner/.m2/repository/com/amazonaws/jmespath-java/1.12.261/jmespath-java-1.12.261.jar:/home/runner/.m2/repository/org/kohsuke/metainf-services/metainf-services/1.8/metainf-services-1.8.jar:/home/runner/.m2/repository/org/apache/ozone/hdds-tools/1.4.0-SNAPSHOT/hdds-tools-1.4.0-SNAPSHOT.jar:/home/runner/.m2/repository/org/apache/ratis/ratis-tools/2.5.1/ratis-tools-2.5.1.jar:/home/runner/.m2/repository/commons-cli/commons-cli/1.2/commons-cli-1.2.jar:/home/runner/.m2/repository/org/apache/commons/commons-lang3/3.7/commons-lang3-3.7.jar:/home/runner/.m2/repository/org/apache/ozone/ozone-manager/1.4.0-SNAPSHOT/ozone-manager-1.4.0-SNAPSHOT-tests.jar:/home/runner/.m2/repository/org/apache/ozone/hdds-common/1.4.0-SNAPSHOT/hdds-common-1.4.0-SNAPSHOT-tests.jar:/home/runner/.m2/repository/org/apache/ozone/hdds-hadoop-dependency-client/1.4.0-SNAPSHOT/hdds-hadoop-dependency-client-1.4.0-SNAPSHOT.jar:/home/runner/.m2/repository/info/picocli/picocli/4.6.1/picocli-4.6.1.jar:/home/runner/.m2/repository/com/fasterxml/jackson/core/jackson-annotations/2.13.4/jackson-annotations-2.13.4.jar:/home/runner/.m2/repository/org/apache/ozone/hdds-annotation-processing/1.4.0-SNAPSHOT/hdds-annotation-processing-1.4.0-SNAPSHOT.jar:/home/runner/.m2/repository/javax/annotation/javax.annotation-api/1.2/javax.annotation-api-1.2.jar:/home/runner/.m2/repository/org/apache/ratis/ratis-netty/2.5.1/ratis-netty-2.5.1.jar:/home/runner/.m2/repository/org/apache/ratis/ratis-grpc/2.5.1/ratis-grpc-2.5.1.jar:/home/runner/.m2/repository/org/apache/commons/commons-pool2/2.6.0/commons-pool2-2.6.0.jar:/home/runner/.m2/repository/org/bouncycastle/bcpkix-jdk15on/1.67/bcpkix-jdk15on-1.67.jar:/home/runner/.m2/repository/commons-validator/commons-validator/1.6/commons-validator-1.6.jar:/home/runner/.m2/repository/commons-beanutils/commons-beanutils/1.9.4/commons-beanutils-1.9.4.jar:/home/runner/.m2/repository/commons-digester/commons-digester/1.8.1/commons-digester-1.8.1.jar:/home/runner/.m2/repository/commons-collections/commons-collections/3.2.2/commons-collections-3.2.2.jar:/home/runner/.m2/repository/io/jaegertracing/jaeger-client/1.6.0/jaeger-client-1.6.0.jar:/home/runner/.m2/repository/io/jaegertracing/jaeger-thrift/1.6.0/jaeger-thrift-1.6.0.jar:/home/runner/.m2/repository/org/apache/thrift/libthrift/0.14.1/libthrift-0.14.1.jar:/home/runner/.m2/repository/io/jaegertracing/jaeger-core/1.6.0/jaeger-core-1.6.0.jar:/home/runner/.m2/repository/io/jaegertracing/jaeger-tracerresolver/1.6.0/jaeger-tracerresolver-1.6.0.jar:/home/runner/.m2/repository/io/opentracing/contrib/opentracing-tracerresolver/0.1.8/opentracing-tracerresolver-0.1.8.jar:/home/runner/.m2/repository/org/jetbrains/kotlin/kotlin-stdlib/1.6.21/kotlin-stdlib-1.6.21.jar:/home/runner/.m2/repository/org/jetbrains/annotations/13.0/annotations-13.0.jar:/home/runner/.m2/repository/io/opentracing/opentracing-util/0.33.0/opentracing-util-0.33.0.jar:/home/runner/.m2/repository/io/opentracing/opentracing-api/0.33.0/opentracing-api-0.33.0.jar:/home/runner/.m2/repository/io/opentracing/opentracing-noop/0.33.0/opentracing-noop-0.33.0.jar:/home/runner/.m2/repository/org/yaml/snakeyaml/2.0/snakeyaml-2.0.jar:/home/runner/.m2/repository/io/grpc/grpc-api/1.51.1/grpc-api-1.51.1.jar:/home/runner/.m2/repository/io/grpc/grpc-context/1.51.1/grpc-context-1.51.1.jar:/home/runner/.m2/repository/junit/junit/4.13.1/junit-4.13.1.jar:/home/runner/.m2/repository/org/hamcrest/hamcrest-core/1.3/hamcrest-core-1.3.jar:/home/runner/.m2/repository/org/junit/jupiter/junit-jupiter-api/5.8.2/junit-jupiter-api-5.8.2.jar:/home/runner/.m2/repository/org/opentest4j/opentest4j/1.2.0/opentest4j-1.2.0.jar:/home/runner/.m2/repository/org/junit/platform/junit-platform-commons/1.8.2/junit-platform-commons-1.8.2.jar:/home/runner/.m2/repository/org/apiguardian/apiguardian-api/1.1.2/apiguardian-api-1.1.2.jar:/home/runner/.m2/repository/org/junit/jupiter/junit-jupiter-params/5.8.2/junit-jupiter-params-5.8.2.jar:/home/runner/.m2/repository/org/junit/jupiter/junit-jupiter-migrationsupport/5.8.2/junit-jupiter-migrationsupport-5.8.2.jar:/home/runner/.m2/repository/org/junit/jupiter/junit-jupiter-engine/5.8.2/junit-jupiter-engine-5.8.2.jar:/home/runner/.m2/repository/org/junit/platform/junit-platform-engine/1.8.2/junit-platform-engine-1.8.2.jar:/home/runner/.m2/repository/org/junit/vintage/junit-vintage-engine/5.8.2/junit-vintage-engine-5.8.2.jar:/home/runner/.m2/repository/org/junit/platform/junit-platform-launcher/1.8.2/junit-platform-launcher-1.8.2.jar:/home/runner/.m2/repository/org/mockito/mockito-core/3.5.9/mockito-core-3.5.9.jar:/home/runner/.m2/repository/net/bytebuddy/byte-buddy/1.10.13/byte-buddy-1.10.13.jar:/home/runner/.m2/repository/net/bytebuddy/byte-buddy-agent/1.10.13/byte-buddy-agent-1.10.13.jar:/home/runner/.m2/repository/org/objenesis/objenesis/1.0/objenesis-1.0.jar:/home/runner/.m2/repository/org/apache/hadoop/hadoop-kms/3.3.6/hadoop-kms-3.3.6.jar:/home/runner/.m2/repository/org/apache/hadoop/hadoop-auth/3.3.6/hadoop-auth-3.3.6.jar:/home/runner/.m2/repository/com/nimbusds/nimbus-jose-jwt/9.8.1/nimbus-jose-jwt-9.8.1.jar:/home/runner/.m2/repository/com/github/stephenc/jcip/jcip-annotations/1.0-1/jcip-annotations-1.0-1.jar:/home/runner/.m2/repository/org/apache/zookeeper/zookeeper/3.5.6/zookeeper-3.5.6.jar:/home/runner/.m2/repository/org/apache/zookeeper/zookeeper-jute/3.5.6/zookeeper-jute-3.5.6.jar:/home/runner/.m2/repository/org/apache/yetus/audience-annotations/0.5.0/audience-annotations-0.5.0.jar:/home/runner/.m2/repository/org/apache/curator/curator-framework/4.2.0/curator-framework-4.2.0.jar:/home/runner/.m2/repository/org/apache/hadoop/thirdparty/hadoop-shaded-guava/1.1.1/hadoop-shaded-guava-1.1.1.jar:/home/runner/.m2/repository/com/sun/jersey/jersey-core/1.19/jersey-core-1.19.jar:/home/runner/.m2/repository/javax/ws/rs/jsr311-api/1.1.1/jsr311-api-1.1.1.jar:/home/runner/.m2/repository/com/sun/jersey/jersey-server/1.19/jersey-server-1.19.jar:/home/runner/.m2/repository/javax/servlet/javax.servlet-api/3.1.0/javax.servlet-api-3.1.0.jar:/home/runner/.m2/repository/org/apache/hadoop/hadoop-common/3.3.6/hadoop-common-3.3.6.jar:/home/runner/.m2/repository/org/apache/commons/commons-math3/3.1.1/commons-math3-3.1.1.jar:/home/runner/.m2/repository/commons-net/commons-net/3.9.0/commons-net-3.9.0.jar:/home/runner/.m2/repository/com/sun/jersey/jersey-servlet/1.19/jersey-servlet-1.19.jar:/home/runner/.m2/repository/com/github/pjfanning/jersey-json/1.20/jersey-json-1.20.jar:/home/runner/.m2/repository/org/codehaus/jettison/jettison/1.1/jettison-1.1.jar:/home/runner/.m2/repository/com/sun/xml/bind/jaxb-impl/2.2.3-1/jaxb-impl-2.2.3-1.jar:/home/runner/.m2/repository/com/google/re2j/re2j/1.1/re2j-1.1.jar:/home/runner/.m2/repository/com/jcraft/jsch/0.1.54/jsch-0.1.54.jar:/home/runner/.m2/repository/org/apache/curator/curator-client/4.2.0/curator-client-4.2.0.jar:/home/runner/.m2/repository/org/apache/curator/curator-recipes/5.2.0/curator-recipes-5.2.0.jar:/home/runner/.m2/repository/org/apache/kerby/kerb-core/1.0.1/kerb-core-1.0.1.jar:/home/runner/.m2/repository/org/apache/kerby/kerby-pkix/1.0.1/kerby-pkix-1.0.1.jar:/home/runner/.m2/repository/org/apache/kerby/kerby-asn1/1.0.1/kerby-asn1-1.0.1.jar:/home/runner/.m2/repository/org/apache/kerby/kerby-util/1.0.1/kerby-util-1.0.1.jar:/home/runner/.m2/repository/dnsjava/dnsjava/2.1.7/dnsjava-2.1.7.jar:/home/runner/.m2/repository/org/xerial/snappy/snappy-java/1.1.8.2/snappy-java-1.1.8.2.jar:/home/runner/.m2/repository/com/fasterxml/jackson/core/jackson-databind/2.13.4.2/jackson-databind-2.13.4.2.jar:/home/runner/.m2/repository/org/apache/hadoop/hadoop-kms/3.3.6/hadoop-kms-3.3.6-tests.jar:/home/runner/.m2/repository/org/apache/ozone/hdds-server-scm/1.4.0-SNAPSHOT/hdds-server-scm-1.4.0-SNAPSHOT-tests.jar:/home/runner/.m2/repository/org/apache/ozone/hdds-container-service/1.4.0-SNAPSHOT/hdds-container-service-1.4.0-SNAPSHOT-tests.jar:/home/runner/.m2/repository/com/github/luben/zstd-jni/1.5.2-5/zstd-jni-1.5.2-5.jar:/home/runner/.m2/repository/commons-codec/commons-codec/1.15/commons-codec-1.15.jar:/home/runner/.m2/repository/io/netty/netty-codec/4.1.94.Final/netty-codec-4.1.94.Final.jar:/home/runner/.m2/repository/io/netty/netty-handler/4.1.94.Final/netty-handler-4.1.94.Final.jar:/home/runner/.m2/repository/org/apache/ozone/hdds-hadoop-dependency-test/1.4.0-SNAPSHOT/hdds-hadoop-dependency-test-1.4.0-SNAPSHOT.jar:/home/runner/.m2/repository/org/apache/hadoop/hadoop-common/3.3.6/hadoop-common-3.3.6-tests.jar:/home/runner/.m2/repository/org/apache/hadoop/hadoop-hdfs/3.3.6/hadoop-hdfs-3.3.6-tests.jar:/home/runner/.m2/repository/org/assertj/assertj-core/3.12.2/assertj-core-3.12.2.jar:/home/runner/.m2/repository/org/apache/hadoop/hadoop-distcp/3.3.6/hadoop-distcp-3.3.6.jar:/home/runner/.m2/repository/org/apache/hadoop/hadoop-mapreduce-client-jobclient/3.3.6/hadoop-mapreduce-client-jobclient-3.3.6.jar:/home/runner/.m2/repository/org/apache/hadoop/hadoop-mapreduce-client-common/3.3.6/hadoop-mapreduce-client-common-3.3.6.jar:/home/runner/.m2/repository/org/apache/hadoop/hadoop-yarn-common/3.3.6/hadoop-yarn-common-3.3.6.jar:/home/runner/.m2/repository/org/apache/hadoop/hadoop-yarn-api/3.3.6/hadoop-yarn-api-3.3.6.jar:/home/runner/.m2/repository/com/sun/jersey/contribs/jersey-guice/1.19/jersey-guice-1.19.jar:/home/runner/.m2/repository/com/fasterxml/jackson/jaxrs/jackson-jaxrs-json-provider/2.13.4/jackson-jaxrs-json-provider-2.13.4.jar:/home/runner/.m2/repository/com/fasterxml/jackson/jaxrs/jackson-jaxrs-base/2.13.4/jackson-jaxrs-base-2.13.4.jar:/home/runner/.m2/repository/org/apache/hadoop/hadoop-yarn-client/3.3.6/hadoop-yarn-client-3.3.6.jar:/home/runner/.m2/repository/org/eclipse/jetty/websocket/websocket-client/9.4.51.v20230217/websocket-client-9.4.51.v20230217.jar:/home/runner/.m2/repository/org/eclipse/jetty/websocket/websocket-common/9.4.51.v20230217/websocket-common-9.4.51.v20230217.jar:/home/runner/.m2/repository/org/eclipse/jetty/websocket/websocket-api/9.4.51.v20230217/websocket-api-9.4.51.v20230217.jar:/home/runner/.m2/repository/org/jline/jline/3.9.0/jline-3.9.0.jar:/home/runner/.m2/repository/org/apache/hadoop/hadoop-mapreduce-client-core/3.3.6/hadoop-mapreduce-client-core-3.3.6.jar:/home/runner/.m2/repository/org/apache/avro/avro/1.7.7/avro-1.7.7.jar:/home/runner/.m2/repository/com/thoughtworks/paranamer/paranamer/2.3/paranamer-2.3.jar:/home/runner/.m2/repository/org/apache/hadoop/hadoop-annotations/3.3.6/hadoop-annotations-3.3.6.jar:/usr/lib/jvm/temurin-8-jdk-amd64/jre/../lib/tools.jar:/home/runner/.m2/repository/io/netty/netty/3.10.6.Final/netty-3.10.6.Final.jar:/home/runner/.m2/repository/org/apache/hadoop/hadoop-distcp/3.3.6/hadoop-distcp-3.3.6-tests.jar:/home/runner/.m2/repository/org/slf4j/jul-to-slf4j/1.7.36/jul-to-slf4j-1.7.36.jar:"/>
    <property name="java.vm.vendor" value="Temurin"/>
    <property name="sun.arch.data.model" value="64"/>
    <property name="test.build.dir" value="/home/runner/work/ozone/ozone/hadoop-ozone/integration-test/target/test-dir"/>
    <property name="test.cache.data" value=""/>
    <property name="java.vendor.url" value="https://adoptium.net/"/>
    <property name="user.timezone" value="Etc/UTC"/>
    <property name="java.vm.specification.version" value="1.8"/>
    <property name="os.name" value="Linux"/>
    <property name="test.build.data" value="/home/runner/work/ozone/ozone/hadoop-ozone/integration-test/target/test-dir"/>
    <property name="sun.java.launcher" value="SUN_STANDARD"/>
    <property name="sun.boot.library.path" value="/usr/lib/jvm/temurin-8-jdk-amd64/jre/lib/amd64"/>
    <property name="sun.java.command" value="/home/runner/work/ozone/ozone/hadoop-ozone/integration-test/target/surefire/surefirebooter3603439933723504861.jar /home/runner/work/ozone/ozone/hadoop-ozone/integration-test/target/surefire 2023-09-12T21-04-14_845-jvmRun1 surefire4007365936422146494tmp surefire_25957700277332768961tmp"/>
    <property name="native.lib.tmp.dir" value="/tmp"/>
    <property name="surefire.test.class.path" value="/home/runner/work/ozone/ozone/hadoop-ozone/integration-test/target/test-classes:/home/runner/work/ozone/ozone/hadoop-ozone/integration-test/target/classes:/home/runner/.m2/repository/org/apache/ozone/ozone-common/1.4.0-SNAPSHOT/ozone-common-1.4.0-SNAPSHOT.jar:/home/runner/.m2/repository/io/grpc/grpc-netty/1.51.1/grpc-netty-1.51.1.jar:/home/runner/.m2/repository/io/grpc/grpc-core/1.51.1/grpc-core-1.51.1.jar:/home/runner/.m2/repository/com/google/android/annotations/4.1.1.4/annotations-4.1.1.4.jar:/home/runner/.m2/repository/org/codehaus/mojo/animal-sniffer-annotations/1.21/animal-sniffer-annotations-1.21.jar:/home/runner/.m2/repository/com/google/errorprone/error_prone_annotations/2.2.0/error_prone_annotations-2.2.0.jar:/home/runner/.m2/repository/io/perfmark/perfmark-api/0.25.0/perfmark-api-0.25.0.jar:/home/runner/.m2/repository/io/netty/netty-codec-http2/4.1.94.Final/netty-codec-http2-4.1.94.Final.jar:/home/runner/.m2/repository/io/netty/netty-common/4.1.94.Final/netty-common-4.1.94.Final.jar:/home/runner/.m2/repository/io/netty/netty-buffer/4.1.94.Final/netty-buffer-4.1.94.Final.jar:/home/runner/.m2/repository/io/netty/netty-codec-http/4.1.94.Final/netty-codec-http-4.1.94.Final.jar:/home/runner/.m2/repository/io/netty/netty-handler-proxy/4.1.94.Final/netty-handler-proxy-4.1.94.Final.jar:/home/runner/.m2/repository/io/netty/netty-codec-socks/4.1.94.Final/netty-codec-socks-4.1.94.Final.jar:/home/runner/.m2/repository/io/netty/netty-tcnative-boringssl-static/2.0.61.Final/netty-tcnative-boringssl-static-2.0.61.Final.jar:/home/runner/.m2/repository/io/netty/netty-tcnative-classes/2.0.61.Final/netty-tcnative-classes-2.0.61.Final.jar:/home/runner/.m2/repository/io/netty/netty-tcnative-boringssl-static/2.0.61.Final/netty-tcnative-boringssl-static-2.0.61.Final-linux-x86_64.jar:/home/runner/.m2/repository/io/netty/netty-tcnative-boringssl-static/2.0.61.Final/netty-tcnative-boringssl-static-2.0.61.Final-linux-aarch_64.jar:/home/runner/.m2/repository/io/netty/netty-tcnative-boringssl-static/2.0.61.Final/netty-tcnative-boringssl-static-2.0.61.Final-osx-x86_64.jar:/home/runner/.m2/repository/io/netty/netty-tcnative-boringssl-static/2.0.61.Final/netty-tcnative-boringssl-static-2.0.61.Final-osx-aarch_64.jar:/home/runner/.m2/repository/io/netty/netty-tcnative-boringssl-static/2.0.61.Final/netty-tcnative-boringssl-static-2.0.61.Final-windows-x86_64.jar:/home/runner/.m2/repository/org/apache/commons/commons-compress/1.21/commons-compress-1.21.jar:/home/runner/.m2/repository/org/apache/ozone/hdds-common/1.4.0-SNAPSHOT/hdds-common-1.4.0-SNAPSHOT.jar:/home/runner/.m2/repository/org/apache/ozone/hdds-client/1.4.0-SNAPSHOT/hdds-client-1.4.0-SNAPSHOT.jar:/home/runner/.m2/repository/org/apache/ozone/ozone-interface-client/1.4.0-SNAPSHOT/ozone-interface-client-1.4.0-SNAPSHOT.jar:/home/runner/.m2/repository/org/apache/hadoop/hadoop-hdfs-client/3.3.6/hadoop-hdfs-client-3.3.6.jar:/home/runner/.m2/repository/com/squareup/okhttp3/okhttp/4.9.3/okhttp-4.9.3.jar:/home/runner/.m2/repository/com/squareup/okio/okio/3.4.0/okio-3.4.0.jar:/home/runner/.m2/repository/com/squareup/okio/okio-jvm/3.4.0/okio-jvm-3.4.0.jar:/home/runner/.m2/repository/org/jetbrains/kotlin/kotlin-stdlib-jdk8/1.8.0/kotlin-stdlib-jdk8-1.8.0.jar:/home/runner/.m2/repository/org/jetbrains/kotlin/kotlin-stdlib-jdk7/1.8.0/kotlin-stdlib-jdk7-1.8.0.jar:/home/runner/.m2/repository/org/jetbrains/kotlin/kotlin-stdlib-common/1.6.21/kotlin-stdlib-common-1.6.21.jar:/home/runner/.m2/repository/org/apache/ozone/hdds-test-utils/1.4.0-SNAPSHOT/hdds-test-utils-1.4.0-SNAPSHOT.jar:/home/runner/.m2/repository/com/google/guava/guava/32.0.0-jre/guava-32.0.0-jre.jar:/home/runner/.m2/repository/com/google/guava/failureaccess/1.0.1/failureaccess-1.0.1.jar:/home/runner/.m2/repository/com/google/guava/listenablefuture/9999.0-empty-to-avoid-conflict-with-guava/listenablefuture-9999.0-empty-to-avoid-conflict-with-guava.jar:/home/runner/.m2/repository/com/google/code/findbugs/jsr305/3.0.0/jsr305-3.0.0.jar:/home/runner/.m2/repository/org/checkerframework/checker-qual/3.33.0/checker-qual-3.33.0.jar:/home/runner/.m2/repository/com/google/j2objc/j2objc-annotations/2.8/j2objc-annotations-2.8.jar:/home/runner/.m2/repository/commons-io/commons-io/2.11.0/commons-io-2.11.0.jar:/home/runner/.m2/repository/commons-logging/commons-logging/1.2/commons-logging-1.2.jar:/home/runner/.m2/repository/ch/qos/reload4j/reload4j/1.2.22/reload4j-1.2.22.jar:/home/runner/.m2/repository/org/slf4j/slf4j-api/1.7.36/slf4j-api-1.7.36.jar:/home/runner/.m2/repository/org/apache/logging/log4j/log4j-api/2.17.1/log4j-api-2.17.1.jar:/home/runner/.m2/repository/org/apache/ozone/hdds-server-scm/1.4.0-SNAPSHOT/hdds-server-scm-1.4.0-SNAPSHOT.jar:/home/runner/.m2/repository/org/apache/ozone/hdds-container-service/1.4.0-SNAPSHOT/hdds-container-service-1.4.0-SNAPSHOT.jar:/home/runner/.m2/repository/org/apache/ozone/hdds-hadoop-dependency-server/1.4.0-SNAPSHOT/hdds-hadoop-dependency-server-1.4.0-SNAPSHOT.jar:/home/runner/.m2/repository/org/apache/hadoop/hadoop-hdfs/3.3.6/hadoop-hdfs-3.3.6.jar:/home/runner/.m2/repository/commons-daemon/commons-daemon/1.0.13/commons-daemon-1.0.13.jar:/home/runner/.m2/repository/org/apache/ozone/hdds-server-framework/1.4.0-SNAPSHOT/hdds-server-framework-1.4.0-SNAPSHOT.jar:/home/runner/.m2/repository/io/dropwizard/metrics/metrics-core/3.2.4/metrics-core-3.2.4.jar:/home/runner/.m2/repository/org/apache/commons/commons-text/1.10.0/commons-text-1.10.0.jar:/home/runner/.m2/repository/org/bouncycastle/bcprov-jdk15on/1.67/bcprov-jdk15on-1.67.jar:/home/runner/.m2/repository/com/google/protobuf/protobuf-java/2.5.0/protobuf-java-2.5.0.jar:/home/runner/.m2/repository/org/apache/ozone/hdds-server-framework/1.4.0-SNAPSHOT/hdds-server-framework-1.4.0-SNAPSHOT-tests.jar:/home/runner/.m2/repository/org/apache/ozone/hdds-interface-server/1.4.0-SNAPSHOT/hdds-interface-server-1.4.0-SNAPSHOT.jar:/home/runner/.m2/repository/org/apache/ozone/hdds-interface-admin/1.4.0-SNAPSHOT/hdds-interface-admin-1.4.0-SNAPSHOT.jar:/home/runner/.m2/repository/org/apache/ozone/hdds-managed-rocksdb/1.4.0-SNAPSHOT/hdds-managed-rocksdb-1.4.0-SNAPSHOT.jar:/home/runner/.m2/repository/org/rocksdb/rocksdbjni/7.7.3/rocksdbjni-7.7.3.jar:/home/runner/.m2/repository/org/slf4j/slf4j-reload4j/1.7.36/slf4j-reload4j-1.7.36.jar:/home/runner/.m2/repository/org/apache/commons/commons-configuration2/2.1.1/commons-configuration2-2.1.1.jar:/home/runner/.m2/repository/commons-fileupload/commons-fileupload/1.5/commons-fileupload-1.5.jar:/home/runner/.m2/repository/org/apache/logging/log4j/log4j-core/2.17.1/log4j-core-2.17.1.jar:/home/runner/.m2/repository/com/lmax/disruptor/3.4.2/disruptor-3.4.2.jar:/home/runner/.m2/repository/org/eclipse/jetty/jetty-util/9.4.51.v20230217/jetty-util-9.4.51.v20230217.jar:/home/runner/.m2/repository/org/eclipse/jetty/jetty-server/9.4.51.v20230217/jetty-server-9.4.51.v20230217.jar:/home/runner/.m2/repository/org/eclipse/jetty/jetty-http/9.4.51.v20230217/jetty-http-9.4.51.v20230217.jar:/home/runner/.m2/repository/org/eclipse/jetty/jetty-io/9.4.51.v20230217/jetty-io-9.4.51.v20230217.jar:/home/runner/.m2/repository/org/eclipse/jetty/jetty-servlet/9.4.51.v20230217/jetty-servlet-9.4.51.v20230217.jar:/home/runner/.m2/repository/org/eclipse/jetty/jetty-security/9.4.51.v20230217/jetty-security-9.4.51.v20230217.jar:/home/runner/.m2/repository/org/eclipse/jetty/jetty-util-ajax/9.4.51.v20230217/jetty-util-ajax-9.4.51.v20230217.jar:/home/runner/.m2/repository/org/eclipse/jetty/jetty-webapp/9.4.51.v20230217/jetty-webapp-9.4.51.v20230217.jar:/home/runner/.m2/repository/org/eclipse/jetty/jetty-xml/9.4.51.v20230217/jetty-xml-9.4.51.v20230217.jar:/home/runner/.m2/repository/org/apache/ratis/ratis-server/2.5.1/ratis-server-2.5.1.jar:/home/runner/.m2/repository/org/apache/ratis/ratis-thirdparty-misc/1.0.4/ratis-thirdparty-misc-1.0.4.jar:/home/runner/.m2/repository/org/apache/ratis/ratis-proto/2.5.1/ratis-proto-2.5.1.jar:/home/runner/.m2/repository/org/apache/ratis/ratis-common/2.5.1/ratis-common-2.5.1.jar:/home/runner/.m2/repository/org/apache/ratis/ratis-client/2.5.1/ratis-client-2.5.1.jar:/home/runner/.m2/repository/org/apache/ratis/ratis-server-api/2.5.1/ratis-server-api-2.5.1.jar:/home/runner/.m2/repository/org/apache/ratis/ratis-metrics/2.5.1/ratis-metrics-2.5.1.jar:/home/runner/.m2/repository/io/prometheus/simpleclient_dropwizard/0.7.0/simpleclient_dropwizard-0.7.0.jar:/home/runner/.m2/repository/io/prometheus/simpleclient/0.7.0/simpleclient-0.7.0.jar:/home/runner/.m2/repository/io/prometheus/simpleclient_common/0.7.0/simpleclient_common-0.7.0.jar:/home/runner/.m2/repository/com/fasterxml/jackson/datatype/jackson-datatype-jsr310/2.13.4/jackson-datatype-jsr310-2.13.4.jar:/home/runner/.m2/repository/com/fasterxml/jackson/core/jackson-core/2.13.4/jackson-core-2.13.4.jar:/home/runner/.m2/repository/com/github/spotbugs/spotbugs-annotations/3.1.12/spotbugs-annotations-3.1.12.jar:/home/runner/.m2/repository/org/apache/ozone/rocksdb-checkpoint-differ/1.4.0-SNAPSHOT/rocksdb-checkpoint-differ-1.4.0-SNAPSHOT.jar:/home/runner/.m2/repository/org/jgrapht/jgrapht-core/1.0.1/jgrapht-core-1.0.1.jar:/home/runner/.m2/repository/org/jgrapht/jgrapht-ext/1.0.1/jgrapht-ext-1.0.1.jar:/home/runner/.m2/repository/org/tinyjee/jgraphx/jgraphx/2.0.0.1/jgraphx-2.0.0.1.jar:/home/runner/.m2/repository/jgraph/jgraph/5.13.0.0/jgraph-5.13.0.0.jar:/home/runner/.m2/repository/org/antlr/antlr4-runtime/4.5.3/antlr4-runtime-4.5.3.jar:/home/runner/.m2/repository/org/awaitility/awaitility/4.2.0/awaitility-4.2.0.jar:/home/runner/.m2/repository/org/hamcrest/hamcrest/2.1/hamcrest-2.1.jar:/home/runner/.m2/repository/org/apache/ozone/ozone-manager/1.4.0-SNAPSHOT/ozone-manager-1.4.0-SNAPSHOT.jar:/home/runner/.m2/repository/org/aspectj/aspectjrt/1.9.7/aspectjrt-1.9.7.jar:/home/runner/.m2/repository/org/aspectj/aspectjweaver/1.9.7/aspectjweaver-1.9.7.jar:/home/runner/.m2/repository/org/apache/ozone/hdds-interface-client/1.4.0-SNAPSHOT/hdds-interface-client-1.4.0-SNAPSHOT.jar:/home/runner/.m2/repository/org/apache/hadoop/thirdparty/hadoop-shaded-protobuf_3_7/1.1.1/hadoop-shaded-protobuf_3_7-1.1.1.jar:/home/runner/.m2/repository/org/apache/ozone/ozone-interface-storage/1.4.0-SNAPSHOT/ozone-interface-storage-1.4.0-SNAPSHOT.jar:/home/runner/.m2/repository/org/reflections/reflections/0.9.11/reflections-0.9.11.jar:/home/runner/.m2/repository/com/sun/jersey/jersey-client/1.19/jersey-client-1.19.jar:/home/runner/.m2/repository/org/codehaus/jackson/jackson-core-asl/1.9.13/jackson-core-asl-1.9.13.jar:/home/runner/.m2/repository/org/codehaus/jackson/jackson-mapper-asl/1.9.13/jackson-mapper-asl-1.9.13.jar:/home/runner/.m2/repository/org/codehaus/jackson/jackson-jaxrs/1.9.13/jackson-jaxrs-1.9.13.jar:/home/runner/.m2/repository/org/apache/ranger/ranger-intg/2.3.0/ranger-intg-2.3.0.jar:/home/runner/.m2/repository/org/apache/ranger/ranger-plugins-common/2.3.0/ranger-plugins-common-2.3.0.jar:/home/runner/.m2/repository/commons-lang/commons-lang/2.6/commons-lang-2.6.jar:/home/runner/.m2/repository/org/apache/ranger/ranger-plugins-cred/2.3.0/ranger-plugins-cred-2.3.0.jar:/home/runner/.m2/repository/org/apache/ranger/ranger-plugins-audit/2.3.0/ranger-plugins-audit-2.3.0.jar:/home/runner/.m2/repository/org/eclipse/jetty/jetty-client/9.4.51.v20230217/jetty-client-9.4.51.v20230217.jar:/home/runner/.m2/repository/org/apache/httpcomponents/httpmime/4.5.6/httpmime-4.5.6.jar:/home/runner/.m2/repository/org/apache/httpcomponents/httpcore-nio/4.4.13/httpcore-nio-4.4.13.jar:/home/runner/.m2/repository/org/apache/httpcomponents/httpasyncclient/4.1.3/httpasyncclient-4.1.3.jar:/home/runner/.m2/repository/com/carrotsearch/hppc/0.8.0/hppc-0.8.0.jar:/home/runner/.m2/repository/org/apache/orc/orc-core/1.5.8/orc-core-1.5.8.jar:/home/runner/.m2/repository/net/java/dev/jna/jna/5.2.0/jna-5.2.0.jar:/home/runner/.m2/repository/net/java/dev/jna/jna-platform/5.2.0/jna-platform-5.2.0.jar:/home/runner/.m2/repository/com/kstruct/gethostname4j/0.0.2/gethostname4j-0.0.2.jar:/home/runner/.m2/repository/org/apache/ranger/ranger-plugin-classloader/2.3.0/ranger-plugin-classloader-2.3.0.jar:/home/runner/.m2/repository/org/apache/ozone/hdds-rocks-native/1.4.0-SNAPSHOT/hdds-rocks-native-1.4.0-SNAPSHOT.jar:/home/runner/.m2/repository/org/apache/hadoop/hadoop-minikdc/3.3.6/hadoop-minikdc-3.3.6.jar:/home/runner/.m2/repository/org/apache/kerby/kerb-simplekdc/1.0.1/kerb-simplekdc-1.0.1.jar:/home/runner/.m2/repository/org/apache/kerby/kerb-client/1.0.1/kerb-client-1.0.1.jar:/home/runner/.m2/repository/org/apache/kerby/kerby-config/1.0.1/kerby-config-1.0.1.jar:/home/runner/.m2/repository/org/apache/kerby/kerb-common/1.0.1/kerb-common-1.0.1.jar:/home/runner/.m2/repository/org/apache/kerby/kerb-crypto/1.0.1/kerb-crypto-1.0.1.jar:/home/runner/.m2/repository/org/apache/kerby/kerb-util/1.0.1/kerb-util-1.0.1.jar:/home/runner/.m2/repository/org/apache/kerby/token-provider/1.0.1/token-provider-1.0.1.jar:/home/runner/.m2/repository/org/apache/kerby/kerb-admin/1.0.1/kerb-admin-1.0.1.jar:/home/runner/.m2/repository/org/apache/kerby/kerb-server/1.0.1/kerb-server-1.0.1.jar:/home/runner/.m2/repository/org/apache/kerby/kerb-identity/1.0.1/kerb-identity-1.0.1.jar:/home/runner/.m2/repository/org/apache/kerby/kerby-xdr/1.0.1/kerby-xdr-1.0.1.jar:/home/runner/.m2/repository/org/apache/ozone/ozone-s3gateway/1.4.0-SNAPSHOT/ozone-s3gateway-1.4.0-SNAPSHOT.jar:/home/runner/.m2/repository/org/javassist/javassist/3.21.0-GA/javassist-3.21.0-GA.jar:/home/runner/.m2/repository/org/jboss/weld/servlet/weld-servlet-shaded/3.1.9.Final/weld-servlet-shaded-3.1.9.Final.jar:/home/runner/.m2/repository/org/glassfish/jersey/containers/jersey-container-servlet-core/2.34/jersey-container-servlet-core-2.34.jar:/home/runner/.m2/repository/org/glassfish/hk2/external/jakarta.inject/2.6.1/jakarta.inject-2.6.1.jar:/home/runner/.m2/repository/org/glassfish/jersey/core/jersey-common/2.34/jersey-common-2.34.jar:/home/runner/.m2/repository/jakarta/ws/rs/jakarta.ws.rs-api/2.1.6/jakarta.ws.rs-api-2.1.6.jar:/home/runner/.m2/repository/org/glassfish/jersey/ext/cdi/jersey-cdi1x/2.34/jersey-cdi1x-2.34.jar:/home/runner/.m2/repository/org/glassfish/jersey/inject/jersey-hk2/2.34/jersey-hk2-2.34.jar:/home/runner/.m2/repository/org/glassfish/hk2/hk2-locator/2.6.1/hk2-locator-2.6.1.jar:/home/runner/.m2/repository/org/glassfish/jersey/media/jersey-media-jaxb/2.34/jersey-media-jaxb-2.34.jar:/home/runner/.m2/repository/org/glassfish/hk2/osgi-resource-locator/1.0.3/osgi-resource-locator-1.0.3.jar:/home/runner/.m2/repository/org/glassfish/hk2/hk2-api/2.5.0/hk2-api-2.5.0.jar:/home/runner/.m2/repository/org/glassfish/hk2/hk2-utils/2.5.0/hk2-utils-2.5.0.jar:/home/runner/.m2/repository/org/glassfish/hk2/external/aopalliance-repackaged/2.5.0/aopalliance-repackaged-2.5.0.jar:/home/runner/.m2/repository/com/fasterxml/jackson/dataformat/jackson-dataformat-xml/2.13.4/jackson-dataformat-xml-2.13.4.jar:/home/runner/.m2/repository/org/codehaus/woodstox/stax2-api/4.2.1/stax2-api-4.2.1.jar:/home/runner/.m2/repository/com/fasterxml/woodstox/woodstox-core/5.4.0/woodstox-core-5.4.0.jar:/home/runner/.m2/repository/com/fasterxml/jackson/module/jackson-module-jaxb-annotations/2.13.4/jackson-module-jaxb-annotations-2.13.4.jar:/home/runner/.m2/repository/jakarta/xml/bind/jakarta.xml.bind-api/2.3.3/jakarta.xml.bind-api-2.3.3.jar:/home/runner/.m2/repository/jakarta/activation/jakarta.activation-api/1.2.2/jakarta.activation-api-1.2.2.jar:/home/runner/.m2/repository/javax/enterprise/cdi-api/2.0/cdi-api-2.0.jar:/home/runner/.m2/repository/javax/el/javax.el-api/3.0.0/javax.el-api-3.0.0.jar:/home/runner/.m2/repository/javax/interceptor/javax.interceptor-api/1.2/javax.interceptor-api-1.2.jar:/home/runner/.m2/repository/javax/inject/javax.inject/1/javax.inject-1.jar:/home/runner/.m2/repository/javax/xml/bind/jaxb-api/2.3.0/jaxb-api-2.3.0.jar:/home/runner/.m2/repository/org/glassfish/jaxb/jaxb-runtime/2.3.0.1/jaxb-runtime-2.3.0.1.jar:/home/runner/.m2/repository/org/glassfish/jaxb/jaxb-core/2.3.0.1/jaxb-core-2.3.0.1.jar:/home/runner/.m2/repository/org/glassfish/jaxb/txw2/2.3.0.1/txw2-2.3.0.1.jar:/home/runner/.m2/repository/com/sun/istack/istack-commons-runtime/3.0.5/istack-commons-runtime-3.0.5.jar:/home/runner/.m2/repository/org/jvnet/staxex/stax-ex/1.7.8/stax-ex-1.7.8.jar:/home/runner/.m2/repository/com/sun/xml/fastinfoset/FastInfoset/1.2.13/FastInfoset-1.2.13.jar:/home/runner/.m2/repository/javax/activation/activation/1.1.1/activation-1.1.1.jar:/home/runner/.m2/repository/io/grpc/grpc-protobuf/1.51.1/grpc-protobuf-1.51.1.jar:/home/runner/.m2/repository/com/google/api/grpc/proto-google-common-protos/2.9.0/proto-google-common-protos-2.9.0.jar:/home/runner/.m2/repository/io/grpc/grpc-protobuf-lite/1.51.1/grpc-protobuf-lite-1.51.1.jar:/home/runner/.m2/repository/io/grpc/grpc-stub/1.51.1/grpc-stub-1.51.1.jar:/home/runner/.m2/repository/io/netty/netty-transport/4.1.94.Final/netty-transport-4.1.94.Final.jar:/home/runner/.m2/repository/io/netty/netty-resolver/4.1.94.Final/netty-resolver-4.1.94.Final.jar:/home/runner/.m2/repository/org/apache/ozone/ozone-csi/1.4.0-SNAPSHOT/ozone-csi-1.4.0-SNAPSHOT.jar:/home/runner/.m2/repository/com/google/protobuf/protobuf-java-util/3.19.6/protobuf-java-util-3.19.6.jar:/home/runner/.m2/repository/com/google/code/gson/gson/2.9.0/gson-2.9.0.jar:/home/runner/.m2/repository/org/apache/ozone/hdds-config/1.4.0-SNAPSHOT/hdds-config-1.4.0-SNAPSHOT.jar:/home/runner/.m2/repository/io/netty/netty-transport-native-epoll/4.1.94.Final/netty-transport-native-epoll-4.1.94.Final-linux-x86_64.jar:/home/runner/.m2/repository/io/netty/netty-transport-classes-epoll/4.1.94.Final/netty-transport-classes-epoll-4.1.94.Final.jar:/home/runner/.m2/repository/io/netty/netty-transport-native-unix-common/4.1.94.Final/netty-transport-native-unix-common-4.1.94.Final.jar:/home/runner/.m2/repository/org/apache/ozone/ozone-recon/1.4.0-SNAPSHOT/ozone-recon-1.4.0-SNAPSHOT.jar:/home/runner/.m2/repository/org/apache/ozone/ozone-reconcodegen/1.4.0-SNAPSHOT/ozone-reconcodegen-1.4.0-SNAPSHOT.jar:/home/runner/.m2/repository/com/google/inject/guice/5.1.0/guice-5.1.0.jar:/home/runner/.m2/repository/aopalliance/aopalliance/1.0/aopalliance-1.0.jar:/home/runner/.m2/repository/com/google/inject/extensions/guice-assistedinject/5.1.0/guice-assistedinject-5.1.0.jar:/home/runner/.m2/repository/com/google/inject/extensions/guice-servlet/5.1.0/guice-servlet-5.1.0.jar:/home/runner/.m2/repository/org/glassfish/jersey/containers/jersey-container-servlet/2.34/jersey-container-servlet-2.34.jar:/home/runner/.m2/repository/org/glassfish/hk2/guice-bridge/2.5.0/guice-bridge-2.5.0.jar:/home/runner/.m2/repository/org/glassfish/jersey/core/jersey-server/2.34/jersey-server-2.34.jar:/home/runner/.m2/repository/org/glassfish/jersey/core/jersey-client/2.34/jersey-client-2.34.jar:/home/runner/.m2/repository/jakarta/annotation/jakarta.annotation-api/1.3.5/jakarta.annotation-api-1.3.5.jar:/home/runner/.m2/repository/jakarta/validation/jakarta.validation-api/2.0.2/jakarta.validation-api-2.0.2.jar:/home/runner/.m2/repository/org/glassfish/jersey/media/jersey-media-json-jackson/2.34/jersey-media-json-jackson-2.34.jar:/home/runner/.m2/repository/org/glassfish/jersey/ext/jersey-entity-filtering/2.34/jersey-entity-filtering-2.34.jar:/home/runner/.m2/repository/org/jooq/jooq/3.11.10/jooq-3.11.10.jar:/home/runner/.m2/repository/org/jooq/jooq-meta/3.11.10/jooq-meta-3.11.10.jar:/home/runner/.m2/repository/org/jooq/jooq-codegen/3.11.10/jooq-codegen-3.11.10.jar:/home/runner/.m2/repository/com/jolbox/bonecp/0.8.0.RELEASE/bonecp-0.8.0.RELEASE.jar:/home/runner/.m2/repository/org/apache/derby/derby/10.14.2.0/derby-10.14.2.0.jar:/home/runner/.m2/repository/org/xerial/sqlite-jdbc/3.41.2.2/sqlite-jdbc-3.41.2.2.jar:/home/runner/.m2/repository/org/springframework/spring-jdbc/5.3.27/spring-jdbc-5.3.27.jar:/home/runner/.m2/repository/org/springframework/spring-beans/5.3.27/spring-beans-5.3.27.jar:/home/runner/.m2/repository/org/springframework/spring-core/5.3.27/spring-core-5.3.27.jar:/home/runner/.m2/repository/org/springframework/spring-tx/5.3.27/spring-tx-5.3.27.jar:/home/runner/.m2/repository/org/apache/ozone/ozone-client/1.4.0-SNAPSHOT/ozone-client-1.4.0-SNAPSHOT.jar:/home/runner/.m2/repository/org/apache/ozone/hdds-erasurecode/1.4.0-SNAPSHOT/hdds-erasurecode-1.4.0-SNAPSHOT.jar:/home/runner/.m2/repository/org/apache/ozone/ozone-filesystem/1.4.0-SNAPSHOT/ozone-filesystem-1.4.0-SNAPSHOT.jar:/home/runner/.m2/repository/org/apache/ozone/ozone-filesystem-common/1.4.0-SNAPSHOT/ozone-filesystem-common-1.4.0-SNAPSHOT.jar:/home/runner/.m2/repository/org/apache/ozone/ozone-tools/1.4.0-SNAPSHOT/ozone-tools-1.4.0-SNAPSHOT.jar:/home/runner/.m2/repository/com/amazonaws/aws-java-sdk-core/1.12.261/aws-java-sdk-core-1.12.261.jar:/home/runner/.m2/repository/org/apache/httpcomponents/httpclient/4.5.13/httpclient-4.5.13.jar:/home/runner/.m2/repository/org/apache/httpcomponents/httpcore/4.4.13/httpcore-4.4.13.jar:/home/runner/.m2/repository/software/amazon/ion/ion-java/1.0.2/ion-java-1.0.2.jar:/home/runner/.m2/repository/com/fasterxml/jackson/dataformat/jackson-dataformat-cbor/2.13.4/jackson-dataformat-cbor-2.13.4.jar:/home/runner/.m2/repository/joda-time/joda-time/2.10.6/joda-time-2.10.6.jar:/home/runner/.m2/repository/com/amazonaws/aws-java-sdk-s3/1.12.261/aws-java-sdk-s3-1.12.261.jar:/home/runner/.m2/repository/com/amazonaws/aws-java-sdk-kms/1.12.261/aws-java-sdk-kms-1.12.261.jar:/home/runner/.m2/repository/com/amazonaws/jmespath-java/1.12.261/jmespath-java-1.12.261.jar:/home/runner/.m2/repository/org/kohsuke/metainf-services/metainf-services/1.8/metainf-services-1.8.jar:/home/runner/.m2/repository/org/apache/ozone/hdds-tools/1.4.0-SNAPSHOT/hdds-tools-1.4.0-SNAPSHOT.jar:/home/runner/.m2/repository/org/apache/ratis/ratis-tools/2.5.1/ratis-tools-2.5.1.jar:/home/runner/.m2/repository/commons-cli/commons-cli/1.2/commons-cli-1.2.jar:/home/runner/.m2/repository/org/apache/commons/commons-lang3/3.7/commons-lang3-3.7.jar:/home/runner/.m2/repository/org/apache/ozone/ozone-manager/1.4.0-SNAPSHOT/ozone-manager-1.4.0-SNAPSHOT-tests.jar:/home/runner/.m2/repository/org/apache/ozone/hdds-common/1.4.0-SNAPSHOT/hdds-common-1.4.0-SNAPSHOT-tests.jar:/home/runner/.m2/repository/org/apache/ozone/hdds-hadoop-dependency-client/1.4.0-SNAPSHOT/hdds-hadoop-dependency-client-1.4.0-SNAPSHOT.jar:/home/runner/.m2/repository/info/picocli/picocli/4.6.1/picocli-4.6.1.jar:/home/runner/.m2/repository/com/fasterxml/jackson/core/jackson-annotations/2.13.4/jackson-annotations-2.13.4.jar:/home/runner/.m2/repository/org/apache/ozone/hdds-annotation-processing/1.4.0-SNAPSHOT/hdds-annotation-processing-1.4.0-SNAPSHOT.jar:/home/runner/.m2/repository/javax/annotation/javax.annotation-api/1.2/javax.annotation-api-1.2.jar:/home/runner/.m2/repository/org/apache/ratis/ratis-netty/2.5.1/ratis-netty-2.5.1.jar:/home/runner/.m2/repository/org/apache/ratis/ratis-grpc/2.5.1/ratis-grpc-2.5.1.jar:/home/runner/.m2/repository/org/apache/commons/commons-pool2/2.6.0/commons-pool2-2.6.0.jar:/home/runner/.m2/repository/org/bouncycastle/bcpkix-jdk15on/1.67/bcpkix-jdk15on-1.67.jar:/home/runner/.m2/repository/commons-validator/commons-validator/1.6/commons-validator-1.6.jar:/home/runner/.m2/repository/commons-beanutils/commons-beanutils/1.9.4/commons-beanutils-1.9.4.jar:/home/runner/.m2/repository/commons-digester/commons-digester/1.8.1/commons-digester-1.8.1.jar:/home/runner/.m2/repository/commons-collections/commons-collections/3.2.2/commons-collections-3.2.2.jar:/home/runner/.m2/repository/io/jaegertracing/jaeger-client/1.6.0/jaeger-client-1.6.0.jar:/home/runner/.m2/repository/io/jaegertracing/jaeger-thrift/1.6.0/jaeger-thrift-1.6.0.jar:/home/runner/.m2/repository/org/apache/thrift/libthrift/0.14.1/libthrift-0.14.1.jar:/home/runner/.m2/repository/io/jaegertracing/jaeger-core/1.6.0/jaeger-core-1.6.0.jar:/home/runner/.m2/repository/io/jaegertracing/jaeger-tracerresolver/1.6.0/jaeger-tracerresolver-1.6.0.jar:/home/runner/.m2/repository/io/opentracing/contrib/opentracing-tracerresolver/0.1.8/opentracing-tracerresolver-0.1.8.jar:/home/runner/.m2/repository/org/jetbrains/kotlin/kotlin-stdlib/1.6.21/kotlin-stdlib-1.6.21.jar:/home/runner/.m2/repository/org/jetbrains/annotations/13.0/annotations-13.0.jar:/home/runner/.m2/repository/io/opentracing/opentracing-util/0.33.0/opentracing-util-0.33.0.jar:/home/runner/.m2/repository/io/opentracing/opentracing-api/0.33.0/opentracing-api-0.33.0.jar:/home/runner/.m2/repository/io/opentracing/opentracing-noop/0.33.0/opentracing-noop-0.33.0.jar:/home/runner/.m2/repository/org/yaml/snakeyaml/2.0/snakeyaml-2.0.jar:/home/runner/.m2/repository/io/grpc/grpc-api/1.51.1/grpc-api-1.51.1.jar:/home/runner/.m2/repository/io/grpc/grpc-context/1.51.1/grpc-context-1.51.1.jar:/home/runner/.m2/repository/junit/junit/4.13.1/junit-4.13.1.jar:/home/runner/.m2/repository/org/hamcrest/hamcrest-core/1.3/hamcrest-core-1.3.jar:/home/runner/.m2/repository/org/junit/jupiter/junit-jupiter-api/5.8.2/junit-jupiter-api-5.8.2.jar:/home/runner/.m2/repository/org/opentest4j/opentest4j/1.2.0/opentest4j-1.2.0.jar:/home/runner/.m2/repository/org/junit/platform/junit-platform-commons/1.8.2/junit-platform-commons-1.8.2.jar:/home/runner/.m2/repository/org/apiguardian/apiguardian-api/1.1.2/apiguardian-api-1.1.2.jar:/home/runner/.m2/repository/org/junit/jupiter/junit-jupiter-params/5.8.2/junit-jupiter-params-5.8.2.jar:/home/runner/.m2/repository/org/junit/jupiter/junit-jupiter-migrationsupport/5.8.2/junit-jupiter-migrationsupport-5.8.2.jar:/home/runner/.m2/repository/org/junit/jupiter/junit-jupiter-engine/5.8.2/junit-jupiter-engine-5.8.2.jar:/home/runner/.m2/repository/org/junit/platform/junit-platform-engine/1.8.2/junit-platform-engine-1.8.2.jar:/home/runner/.m2/repository/org/junit/vintage/junit-vintage-engine/5.8.2/junit-vintage-engine-5.8.2.jar:/home/runner/.m2/repository/org/junit/platform/junit-platform-launcher/1.8.2/junit-platform-launcher-1.8.2.jar:/home/runner/.m2/repository/org/mockito/mockito-core/3.5.9/mockito-core-3.5.9.jar:/home/runner/.m2/repository/net/bytebuddy/byte-buddy/1.10.13/byte-buddy-1.10.13.jar:/home/runner/.m2/repository/net/bytebuddy/byte-buddy-agent/1.10.13/byte-buddy-agent-1.10.13.jar:/home/runner/.m2/repository/org/objenesis/objenesis/1.0/objenesis-1.0.jar:/home/runner/.m2/repository/org/apache/hadoop/hadoop-kms/3.3.6/hadoop-kms-3.3.6.jar:/home/runner/.m2/repository/org/apache/hadoop/hadoop-auth/3.3.6/hadoop-auth-3.3.6.jar:/home/runner/.m2/repository/com/nimbusds/nimbus-jose-jwt/9.8.1/nimbus-jose-jwt-9.8.1.jar:/home/runner/.m2/repository/com/github/stephenc/jcip/jcip-annotations/1.0-1/jcip-annotations-1.0-1.jar:/home/runner/.m2/repository/org/apache/zookeeper/zookeeper/3.5.6/zookeeper-3.5.6.jar:/home/runner/.m2/repository/org/apache/zookeeper/zookeeper-jute/3.5.6/zookeeper-jute-3.5.6.jar:/home/runner/.m2/repository/org/apache/yetus/audience-annotations/0.5.0/audience-annotations-0.5.0.jar:/home/runner/.m2/repository/org/apache/curator/curator-framework/4.2.0/curator-framework-4.2.0.jar:/home/runner/.m2/repository/org/apache/hadoop/thirdparty/hadoop-shaded-guava/1.1.1/hadoop-shaded-guava-1.1.1.jar:/home/runner/.m2/repository/com/sun/jersey/jersey-core/1.19/jersey-core-1.19.jar:/home/runner/.m2/repository/javax/ws/rs/jsr311-api/1.1.1/jsr311-api-1.1.1.jar:/home/runner/.m2/repository/com/sun/jersey/jersey-server/1.19/jersey-server-1.19.jar:/home/runner/.m2/repository/javax/servlet/javax.servlet-api/3.1.0/javax.servlet-api-3.1.0.jar:/home/runner/.m2/repository/org/apache/hadoop/hadoop-common/3.3.6/hadoop-common-3.3.6.jar:/home/runner/.m2/repository/org/apache/commons/commons-math3/3.1.1/commons-math3-3.1.1.jar:/home/runner/.m2/repository/commons-net/commons-net/3.9.0/commons-net-3.9.0.jar:/home/runner/.m2/repository/com/sun/jersey/jersey-servlet/1.19/jersey-servlet-1.19.jar:/home/runner/.m2/repository/com/github/pjfanning/jersey-json/1.20/jersey-json-1.20.jar:/home/runner/.m2/repository/org/codehaus/jettison/jettison/1.1/jettison-1.1.jar:/home/runner/.m2/repository/com/sun/xml/bind/jaxb-impl/2.2.3-1/jaxb-impl-2.2.3-1.jar:/home/runner/.m2/repository/com/google/re2j/re2j/1.1/re2j-1.1.jar:/home/runner/.m2/repository/com/jcraft/jsch/0.1.54/jsch-0.1.54.jar:/home/runner/.m2/repository/org/apache/curator/curator-client/4.2.0/curator-client-4.2.0.jar:/home/runner/.m2/repository/org/apache/curator/curator-recipes/5.2.0/curator-recipes-5.2.0.jar:/home/runner/.m2/repository/org/apache/kerby/kerb-core/1.0.1/kerb-core-1.0.1.jar:/home/runner/.m2/repository/org/apache/kerby/kerby-pkix/1.0.1/kerby-pkix-1.0.1.jar:/home/runner/.m2/repository/org/apache/kerby/kerby-asn1/1.0.1/kerby-asn1-1.0.1.jar:/home/runner/.m2/repository/org/apache/kerby/kerby-util/1.0.1/kerby-util-1.0.1.jar:/home/runner/.m2/repository/dnsjava/dnsjava/2.1.7/dnsjava-2.1.7.jar:/home/runner/.m2/repository/org/xerial/snappy/snappy-java/1.1.8.2/snappy-java-1.1.8.2.jar:/home/runner/.m2/repository/com/fasterxml/jackson/core/jackson-databind/2.13.4.2/jackson-databind-2.13.4.2.jar:/home/runner/.m2/repository/org/apache/hadoop/hadoop-kms/3.3.6/hadoop-kms-3.3.6-tests.jar:/home/runner/.m2/repository/org/apache/ozone/hdds-server-scm/1.4.0-SNAPSHOT/hdds-server-scm-1.4.0-SNAPSHOT-tests.jar:/home/runner/.m2/repository/org/apache/ozone/hdds-container-service/1.4.0-SNAPSHOT/hdds-container-service-1.4.0-SNAPSHOT-tests.jar:/home/runner/.m2/repository/com/github/luben/zstd-jni/1.5.2-5/zstd-jni-1.5.2-5.jar:/home/runner/.m2/repository/commons-codec/commons-codec/1.15/commons-codec-1.15.jar:/home/runner/.m2/repository/io/netty/netty-codec/4.1.94.Final/netty-codec-4.1.94.Final.jar:/home/runner/.m2/repository/io/netty/netty-handler/4.1.94.Final/netty-handler-4.1.94.Final.jar:/home/runner/.m2/repository/org/apache/ozone/hdds-hadoop-dependency-test/1.4.0-SNAPSHOT/hdds-hadoop-dependency-test-1.4.0-SNAPSHOT.jar:/home/runner/.m2/repository/org/apache/hadoop/hadoop-common/3.3.6/hadoop-common-3.3.6-tests.jar:/home/runner/.m2/repository/org/apache/hadoop/hadoop-hdfs/3.3.6/hadoop-hdfs-3.3.6-tests.jar:/home/runner/.m2/repository/org/assertj/assertj-core/3.12.2/assertj-core-3.12.2.jar:/home/runner/.m2/repository/org/apache/hadoop/hadoop-distcp/3.3.6/hadoop-distcp-3.3.6.jar:/home/runner/.m2/repository/org/apache/hadoop/hadoop-mapreduce-client-jobclient/3.3.6/hadoop-mapreduce-client-jobclient-3.3.6.jar:/home/runner/.m2/repository/org/apache/hadoop/hadoop-mapreduce-client-common/3.3.6/hadoop-mapreduce-client-common-3.3.6.jar:/home/runner/.m2/repository/org/apache/hadoop/hadoop-yarn-common/3.3.6/hadoop-yarn-common-3.3.6.jar:/home/runner/.m2/repository/org/apache/hadoop/hadoop-yarn-api/3.3.6/hadoop-yarn-api-3.3.6.jar:/home/runner/.m2/repository/com/sun/jersey/contribs/jersey-guice/1.19/jersey-guice-1.19.jar:/home/runner/.m2/repository/com/fasterxml/jackson/jaxrs/jackson-jaxrs-json-provider/2.13.4/jackson-jaxrs-json-provider-2.13.4.jar:/home/runner/.m2/repository/com/fasterxml/jackson/jaxrs/jackson-jaxrs-base/2.13.4/jackson-jaxrs-base-2.13.4.jar:/home/runner/.m2/repository/org/apache/hadoop/hadoop-yarn-client/3.3.6/hadoop-yarn-client-3.3.6.jar:/home/runner/.m2/repository/org/eclipse/jetty/websocket/websocket-client/9.4.51.v20230217/websocket-client-9.4.51.v20230217.jar:/home/runner/.m2/repository/org/eclipse/jetty/websocket/websocket-common/9.4.51.v20230217/websocket-common-9.4.51.v20230217.jar:/home/runner/.m2/repository/org/eclipse/jetty/websocket/websocket-api/9.4.51.v20230217/websocket-api-9.4.51.v20230217.jar:/home/runner/.m2/repository/org/jline/jline/3.9.0/jline-3.9.0.jar:/home/runner/.m2/repository/org/apache/hadoop/hadoop-mapreduce-client-core/3.3.6/hadoop-mapreduce-client-core-3.3.6.jar:/home/runner/.m2/repository/org/apache/avro/avro/1.7.7/avro-1.7.7.jar:/home/runner/.m2/repository/com/thoughtworks/paranamer/paranamer/2.3/paranamer-2.3.jar:/home/runner/.m2/repository/org/apache/hadoop/hadoop-annotations/3.3.6/hadoop-annotations-3.3.6.jar:/usr/lib/jvm/temurin-8-jdk-amd64/jre/../lib/tools.jar:/home/runner/.m2/repository/io/netty/netty/3.10.6.Final/netty-3.10.6.Final.jar:/home/runner/.m2/repository/org/apache/hadoop/hadoop-distcp/3.3.6/hadoop-distcp-3.3.6-tests.jar:/home/runner/.m2/repository/org/slf4j/jul-to-slf4j/1.7.36/jul-to-slf4j-1.7.36.jar:"/>
    <property name="sun.cpu.endian" value="little"/>
    <property name="user.home" value="/home/runner"/>
    <property name="user.language" value="en"/>
    <property name="java.specification.vendor" value="Oracle Corporation"/>
    <property name="java.home" value="/usr/lib/jvm/temurin-8-jdk-amd64/jre"/>
    <property name="java.security.krb5.conf" value="/home/runner/work/ozone/ozone/hadoop-ozone/integration-test/target/test-classes/krb5.conf"/>
    <property name="basedir" value="/home/runner/work/ozone/ozone/hadoop-ozone/integration-test"/>
    <property name="file.separator" value="/"/>
    <property name="line.separator" value="&#10;"/>
    <property name="java.vm.specification.vendor" value="Oracle Corporation"/>
    <property name="java.specification.name" value="Java Platform API Specification"/>
    <property name="java.awt.graphicsenv" value="sun.awt.X11GraphicsEnvironment"/>
    <property name="skip.installnpx" value="true"/>
    <property name="surefire.real.class.path" value="/home/runner/work/ozone/ozone/hadoop-ozone/integration-test/target/surefire/surefirebooter3603439933723504861.jar:/home/runner/.m2/repository/org/jacoco/org.jacoco.agent/0.8.5/org.jacoco.agent-0.8.5-runtime.jar"/>
    <property name="hadoop.log.dir" value="/home/runner/work/ozone/ozone/hadoop-ozone/integration-test/target/log"/>
    <property name="sun.boot.class.path" value="/usr/lib/jvm/temurin-8-jdk-amd64/jre/lib/resources.jar:/usr/lib/jvm/temurin-8-jdk-amd64/jre/lib/rt.jar:/usr/lib/jvm/temurin-8-jdk-amd64/jre/lib/sunrsasign.jar:/usr/lib/jvm/temurin-8-jdk-amd64/jre/lib/jsse.jar:/usr/lib/jvm/temurin-8-jdk-amd64/jre/lib/jce.jar:/usr/lib/jvm/temurin-8-jdk-amd64/jre/lib/charsets.jar:/usr/lib/jvm/temurin-8-jdk-amd64/jre/lib/jfr.jar:/usr/lib/jvm/temurin-8-jdk-amd64/jre/classes"/>
    <property name="sun.management.compiler" value="HotSpot 64-Bit Tiered Compilers"/>
    <property name="skip.npx" value="true"/>
    <property name="java.runtime.version" value="1.8.0_382-b05"/>
    <property name="java.net.preferIPv4Stack" value="true"/>
    <property name="user.name" value="runner"/>
    <property name="path.separator" value=":"/>
    <property name="java.security.egd" value="file:///dev/urandom"/>
    <property name="os.version" value="5.15.0-1046-azure"/>
    <property name="java.endorsed.dirs" value="/usr/lib/jvm/temurin-8-jdk-amd64/jre/lib/endorsed"/>
    <property name="java.runtime.name" value="OpenJDK Runtime Environment"/>
    <property name="file.encoding" value="UTF-8"/>
    <property name="java.vm.name" value="OpenJDK 64-Bit Server VM"/>
    <property name="test.build.webapps" value=""/>
    <property name="localRepository" value="/home/runner/.m2/repository"/>
    <property name="jetty.git.hash" value="b45c405e4544384de066f814ed42ae3dceacdd49"/>
    <property name="java.vendor.url.bug" value="https://github.com/adoptium/adoptium-support/issues"/>
    <property name="java.io.tmpdir" value="/tmp"/>
    <property name="require.test.libhadoop" value=""/>
    <property name="java.version" value="1.8.0_382"/>
    <property name="user.dir" value="/home/runner/work/ozone/ozone/hadoop-ozone/integration-test"/>
    <property name="os.arch" value="amd64"/>
    <property name="java.vm.specification.name" value="Java Virtual Machine Specification"/>
    <property name="test.build.classes" value="/home/runner/work/ozone/ozone/hadoop-ozone/integration-test/target/test-classes"/>
    <property name="java.awt.printerjob" value="sun.print.PSPrinterJob"/>
    <property name="sun.os.patch.level" value="unknown"/>
    <property name="org.apache.ratis.thirdparty.io.netty.allocator.useCacheForAllThreads" value="false"/>
    <property name="hadoop.tmp.dir" value="/home/runner/work/ozone/ozone/hadoop-ozone/integration-test/target/tmp"/>
    <property name="java.library.path" value="/usr/java/packages/lib/amd64:/usr/lib64:/lib64:/lib:/usr/lib"/>
    <property name="java.vm.info" value="mixed mode"/>
    <property name="java.vendor" value="Temurin"/>
    <property name="java.vm.version" value="25.382-b05"/>
    <property name="java.specification.maintenance.version" value="5"/>
    <property name="java.ext.dirs" value="/usr/lib/jvm/temurin-8-jdk-amd64/jre/lib/ext:/usr/java/packages/lib/ext"/>
    <property name="sun.io.unicode.encoding" value="UnicodeLittle"/>
    <property name="java.class.version" value="52.0"/>
  </properties>
  <testcase name="testOverwriteNonEmptyDirectory" classname="ITestOzoneContractCreate" time="1.397">
    <system-out><![CDATA[2023-09-12 21:05:36,247 [JUnit] WARN  server.ServerUtils (ServerUtils.java:getScmDbDir(155)) - ozone.scm.db.dirs is not configured. We recommend adding this setting. Falling back to ozone.metadata.dirs instead.
2023-09-12 21:05:36,449 [JUnit] INFO  reflections.Reflections (Reflections.java:scan(232)) - Reflections took 129 ms to scan 7 urls, producing 161 keys and 379 values 
2023-09-12 21:05:36,589 [JUnit] WARN  server.ServerUtils (ServerUtils.java:getScmDbDir(155)) - ozone.scm.db.dirs is not configured. We recommend adding this setting. Falling back to ozone.metadata.dirs instead.
2023-09-12 21:05:36,592 [JUnit] INFO  ha.SCMHANodeDetails (SCMHANodeDetails.java:loadSCMHAConfig(210)) - ServiceID for StorageContainerManager is null
2023-09-12 21:05:36,598 [JUnit] WARN  ha.SCMHANodeDetails (SCMHANodeDetails.java:validateSCMHAConfig(183)) - Invalid config ozone.scm.ratis.enable. The config was not specified, but the default value true conflicts with the expected config value false. Falling back to the expected value. Current State of SCM: SCM is running in Non-HA without Ratis Ratis SCM -> Non Ratis SCM or Non HA SCM -> HA SCM is not supported
2023-09-12 21:05:36,599 [JUnit] INFO  ha.SCMHANodeDetails (SCMHANodeDetails.java:loadSCMHAConfig(215)) - ozone.scm.default.service.id is not defined, falling back to ozone.scm.service.ids to find serviceID for StorageContainerManager if it is HA enabled cluster
2023-09-12 21:05:37,191 [JUnit] WARN  utils.HAUtils (HAUtils.java:getMetaDir(339)) - ozone.scm.db.dirs is not configured. We recommend adding this setting. Falling back to ozone.metadata.dirs instead.
2023-09-12 21:05:37,340 [JUnit] WARN  db.DBStoreBuilder (DBStoreBuilder.java:applyDBDefinition(166)) - ozone.scm.db.dirs is not configured. We recommend adding this setting. Falling back to ozone.metadata.dirs instead.
2023-09-12 21:05:37,550 [JUnit] INFO  net.NodeSchemaLoader (NodeSchemaLoader.java:loadSchemaFromFile(129)) - Loading schema from [jar:file:/home/runner/.m2/repository/org/apache/ozone/hdds-common/1.4.0-SNAPSHOT/hdds-common-1.4.0-SNAPSHOT.jar!/network-topology-default.xml]
2023-09-12 21:05:37,551 [JUnit] INFO  net.NodeSchemaLoader (NodeSchemaLoader.java:loadSchema(176)) - Loading network topology layer schema file
2023-09-12 21:05:37,588 [JUnit] INFO  metrics.MetricRegistries (MetricRegistriesLoader.java:load(64)) - Loaded MetricRegistries class org.apache.ratis.metrics.impl.MetricRegistriesImpl
2023-09-12 21:05:37,600 [JUnit] INFO  upgrade.AbstractLayoutVersionManager (AbstractLayoutVersionManager.java:init(83)) - Initializing Layout version manager with metadata layout = HADOOP_PRC_PORTS_IN_DATANODEDETAILS (version = 7), software layout = HADOOP_PRC_PORTS_IN_DATANODEDETAILS (version = 7)
2023-09-12 21:05:37,772 [JUnit] INFO  ha.SequenceIdGenerator (SequenceIdGenerator.java:upgradeToSequenceId(365)) - upgrade localId to 111677748019200000
2023-09-12 21:05:37,773 [JUnit] INFO  ha.SequenceIdGenerator (SequenceIdGenerator.java:upgradeToSequenceId(375)) - upgrade delTxnId to 0
2023-09-12 21:05:37,781 [JUnit] INFO  ha.SequenceIdGenerator (SequenceIdGenerator.java:upgradeToSequenceId(392)) - upgrade containerId to 0
2023-09-12 21:05:37,784 [JUnit] INFO  ha.SequenceIdGenerator (SequenceIdGenerator.java:upgradeToSequenceId(428)) - upgrade rootCertificateId to 1
2023-09-12 21:05:37,786 [JUnit] INFO  ha.SequenceIdGenerator (SequenceIdGenerator.java:<init>(236)) - Init the HA SequenceIdGenerator.
2023-09-12 21:05:37,847 [JUnit] WARN  server.ServerUtils (ServerUtils.java:sanitizeUserArgs(80)) - ozone.scm.stale.node.interval value = 300000 is larger than max = 100000 based on the key value of ozone.scm.heartbeat.thread.interval, reset to the max value 100000.
2023-09-12 21:05:37,847 [JUnit] WARN  server.ServerUtils (ServerUtils.java:sanitizeUserArgs(80)) - ozone.scm.stale.node.interval value = 300000 is larger than max = 100000 based on the key value of ozone.scm.heartbeat.thread.interval, reset to the max value 100000.
2023-09-12 21:05:37,853 [JUnit] INFO  node.SCMNodeManager (SCMNodeManager.java:<init>(157)) - Entering startup safe mode.
2023-09-12 21:05:37,872 [JUnit] INFO  algorithms.ContainerPlacementPolicyFactory (ContainerPlacementPolicyFactory.java:getPolicyInternal(86)) - Create container placement policy of type org.apache.hadoop.hdds.scm.container.placement.algorithms.SCMContainerPlacementRackAware
2023-09-12 21:05:37,876 [JUnit] INFO  algorithms.ContainerPlacementPolicyFactory (ContainerPlacementPolicyFactory.java:getPolicyInternal(86)) - Create container placement policy of type org.apache.hadoop.hdds.scm.container.placement.algorithms.SCMContainerPlacementRackScatter
2023-09-12 21:05:37,886 [JUnit] INFO  pipeline.PipelineStateManagerImpl (PipelineStateManagerImpl.java:initialize(78)) - No pipeline exists in current db
2023-09-12 21:05:37,901 [JUnit] INFO  algorithms.LeaderChoosePolicyFactory (LeaderChoosePolicyFactory.java:getPolicy(57)) - Create leader choose policy of type org.apache.hadoop.hdds.scm.pipeline.leader.choose.algorithms.MinLeaderCountChoosePolicy
2023-09-12 21:05:37,901 [JUnit] INFO  algorithms.ContainerPlacementPolicyFactory (ContainerPlacementPolicyFactory.java:getPolicyInternal(86)) - Create container placement policy of type org.apache.hadoop.hdds.scm.container.placement.algorithms.SCMContainerPlacementRackScatter
2023-09-12 21:05:37,911 [JUnit] INFO  ha.SCMServiceManager (SCMServiceManager.java:register(42)) - Registering service BackgroundPipelineCreator.
2023-09-12 21:05:37,911 [JUnit] INFO  pipeline.BackgroundPipelineCreator (BackgroundPipelineCreator.java:start(124)) - Starting RatisPipelineUtilsThread.
2023-09-12 21:05:37,914 [JUnit] INFO  BackgroundPipelineScrubber (BackgroundSCMService.java:start(68)) - Starting BackgroundPipelineScrubber Service.
2023-09-12 21:05:37,915 [JUnit] INFO  ha.SCMServiceManager (SCMServiceManager.java:register(42)) - Registering service BackgroundPipelineScrubber.
2023-09-12 21:05:37,921 [JUnit] INFO  ExpiredContainerReplicaOpScrubber (BackgroundSCMService.java:start(68)) - Starting ExpiredContainerReplicaOpScrubber Service.
2023-09-12 21:05:37,922 [JUnit] INFO  ha.SCMServiceManager (SCMServiceManager.java:register(42)) - Registering service ExpiredContainerReplicaOpScrubber.
2023-09-12 21:05:37,950 [JUnit] INFO  algorithms.PipelineChoosePolicyFactory (PipelineChoosePolicyFactory.java:createPipelineChoosePolicyFromClass(78)) - Create pipeline choose policy of type org.apache.hadoop.hdds.scm.pipeline.choose.algorithms.RandomPipelineChoosePolicy
2023-09-12 21:05:37,951 [JUnit] INFO  algorithms.PipelineChoosePolicyFactory (PipelineChoosePolicyFactory.java:createPipelineChoosePolicyFromClass(78)) - Create pipeline choose policy of type org.apache.hadoop.hdds.scm.pipeline.choose.algorithms.RandomPipelineChoosePolicy
2023-09-12 21:05:37,981 [JUnit] INFO  ha.SCMServiceManager (SCMServiceManager.java:register(42)) - Registering service SCMBlockDeletingService.
2023-09-12 21:05:38,046 [JUnit] INFO  replication.ReplicationManager (ReplicationManager.java:start(291)) - Starting Replication Monitor Thread.
2023-09-12 21:05:38,047 [JUnit] INFO  ha.SCMServiceManager (SCMServiceManager.java:register(42)) - Registering service ReplicationManager.
2023-09-12 21:05:38,054 [ReplicationMonitor] INFO  replication.ReplicationManager (ReplicationManager.java:processAll(365)) - Replication Manager is not ready to run until 3000ms after safemode exit
2023-09-12 21:05:38,058 [JUnit] INFO  safemode.ContainerSafeModeRule (ContainerSafeModeRule.java:<init>(90)) - containers with one replica threshold count 0
2023-09-12 21:05:38,061 [JUnit] INFO  safemode.HealthyPipelineSafeModeRule (HealthyPipelineSafeModeRule.java:initializeRule(169)) - Total pipeline count is 0, healthy pipeline threshold count is 1
2023-09-12 21:05:38,063 [JUnit] INFO  safemode.OneReplicaPipelineSafeModeRule (OneReplicaPipelineSafeModeRule.java:initializeRule(180)) - Total pipeline count is 0, pipeline's with at least one datanode reported threshold count is 0
2023-09-12 21:05:38,102 [JUnit] INFO  server.StorageContainerManager (StorageContainerManager.java:<init>(425)) - SCM start with adminUsers: [runner]
2023-09-12 21:05:38,433 [JUnit] INFO  audit.AuditLogger (AuditLogger.java:refreshDebugCmdSet(126)) - Refresh DebugCmdSet for SCMAudit to [].
2023-09-12 21:05:38,460 [JUnit] INFO  ipc.CallQueueManager (CallQueueManager.java:<init>(90)) - Using callQueue: class java.util.concurrent.LinkedBlockingQueue, queueCapacity: 2000, scheduler: class org.apache.hadoop.ipc.DefaultRpcScheduler, ipcBackoff: false.
2023-09-12 21:05:38,490 [JUnit] INFO  ipc.Server (Server.java:<init>(1287)) - Listener at 0.0.0.0:15002
2023-09-12 21:05:38,492 [Socket Reader #1 for port 15002] INFO  ipc.Server (Server.java:run(1323)) - Starting Socket Reader #1 for port 15002
2023-09-12 21:05:38,556 [JUnit] INFO  audit.AuditLogger (AuditLogger.java:refreshDebugCmdSet(126)) - Refresh DebugCmdSet for SCMAudit to [].
2023-09-12 21:05:38,561 [JUnit] INFO  ipc.CallQueueManager (CallQueueManager.java:<init>(90)) - Using callQueue: class java.util.concurrent.LinkedBlockingQueue, queueCapacity: 2000, scheduler: class org.apache.hadoop.ipc.DefaultRpcScheduler, ipcBackoff: false.
2023-09-12 21:05:38,561 [JUnit] INFO  ipc.Server (Server.java:<init>(1287)) - Listener at 0.0.0.0:15001
2023-09-12 21:05:38,562 [Socket Reader #1 for port 15001] INFO  ipc.Server (Server.java:run(1323)) - Starting Socket Reader #1 for port 15001
2023-09-12 21:05:38,597 [JUnit] INFO  audit.AuditLogger (AuditLogger.java:refreshDebugCmdSet(126)) - Refresh DebugCmdSet for SCMAudit to [].
2023-09-12 21:05:38,609 [JUnit] INFO  ipc.CallQueueManager (CallQueueManager.java:<init>(90)) - Using callQueue: class java.util.concurrent.LinkedBlockingQueue, queueCapacity: 2000, scheduler: class org.apache.hadoop.ipc.DefaultRpcScheduler, ipcBackoff: false.
2023-09-12 21:05:38,610 [JUnit] INFO  ipc.Server (Server.java:<init>(1287)) - Listener at 0.0.0.0:15000
2023-09-12 21:05:38,610 [Socket Reader #1 for port 15000] INFO  ipc.Server (Server.java:run(1323)) - Starting Socket Reader #1 for port 15000
2023-09-12 21:05:38,661 [JUnit] INFO  ha.SCMServiceManager (SCMServiceManager.java:register(42)) - Registering service ContainerBalancer.
2023-09-12 21:05:38,663 [JUnit] INFO  server.StorageContainerManager (StorageContainerManager.java:<init>(438)) - 
Container Balancer status:
Key                            Value
Running                        false
Container Balancer Configuration values:
Key                                                Value
Threshold                                          10
Max Datanodes to Involve per Iteration(percent)    20
Max Size to Move per Iteration                     500GB
Max Size Entering Target per Iteration             26GB
Max Size Leaving Source per Iteration              26GB

2023-09-12 21:05:38,663 [JUnit] INFO  ha.SCMContext (SCMContext.java:updateSafeModeStatus(228)) - Update SafeModeStatus from SafeModeStatus{safeModeStatus=true, preCheckPassed=false} to SafeModeStatus{safeModeStatus=true, preCheckPassed=false}.
2023-09-12 21:05:38,665 [JUnit] INFO  server.StorageContainerManager (StorageContainerManager.java:start(1483)) - StorageContainerLocationProtocol RPC server is listening at /0.0.0.0:15000
2023-09-12 21:05:38,732 [JUnit] WARN  impl.MetricsConfig (MetricsConfig.java:loadFirst(136)) - Cannot locate configuration: tried hadoop-metrics2-storagecontainermanager.properties,hadoop-metrics2.properties
2023-09-12 21:05:38,743 [JUnit] INFO  impl.MetricsSystemImpl (MetricsSystemImpl.java:startTimer(378)) - Scheduled Metric snapshot period at 10 second(s).
2023-09-12 21:05:38,744 [JUnit] INFO  impl.MetricsSystemImpl (MetricsSystemImpl.java:start(191)) - StorageContainerManager metrics system started
2023-09-12 21:05:38,974 [JUnit] INFO  server.SCMClientProtocolServer (SCMClientProtocolServer.java:start(201)) - RPC server for Client  is listening at /0.0.0.0:15000
2023-09-12 21:05:38,975 [IPC Server Responder] INFO  ipc.Server (Server.java:run(1562)) - IPC Server Responder: starting
2023-09-12 21:05:38,976 [IPC Server listener on 15000] INFO  ipc.Server (Server.java:run(1402)) - IPC Server listener on 15000: starting
2023-09-12 21:05:38,990 [JUnit] INFO  server.StorageContainerManager (StorageContainerManager.java:start(1496)) - ScmBlockLocationProtocol RPC server is listening at /0.0.0.0:15001
2023-09-12 21:05:38,990 [JUnit] INFO  server.SCMBlockProtocolServer (SCMBlockProtocolServer.java:start(154)) - RPC server for Block Protocol is listening at /0.0.0.0:15001
2023-09-12 21:05:38,994 [IPC Server Responder] INFO  ipc.Server (Server.java:run(1562)) - IPC Server Responder: starting
2023-09-12 21:05:39,001 [IPC Server listener on 15001] INFO  ipc.Server (Server.java:run(1402)) - IPC Server listener on 15001: starting
2023-09-12 21:05:39,008 [JUnit] INFO  server.SCMDatanodeProtocolServer (SCMDatanodeProtocolServer.java:start(193)) - ScmDatanodeProtocol RPC server for DataNodes is listening at /0.0.0.0:15002
2023-09-12 21:05:39,010 [IPC Server Responder] INFO  ipc.Server (Server.java:run(1562)) - IPC Server Responder: starting
2023-09-12 21:05:39,010 [IPC Server listener on 15002] INFO  ipc.Server (Server.java:run(1402)) - IPC Server listener on 15002: starting
2023-09-12 21:05:39,022 [JvmPauseMonitor0] INFO  util.JvmPauseMonitor (JvmPauseMonitor.java:run(103)) - JvmPauseMonitor-72558c93-6cf6-46b5-9b00-fd358b825fea: Started
2023-09-12 21:05:39,031 [JUnit] INFO  http.BaseHttpServer (BaseHttpServer.java:newHttpServer2BuilderForOzone(223)) - Starting Web-server for scm at: http://0.0.0.0:15003
2023-09-12 21:05:39,032 [JUnit] INFO  http.BaseHttpServer (BaseHttpServer.java:<init>(110)) - Hadoop Security Enabled: false Ozone Security Enabled: false Ozone HTTP Security Enabled: false 
2023-09-12 21:05:39,053 [JUnit] INFO  util.log (Log.java:initialized(170)) - Logging initialized @4126ms to org.eclipse.jetty.util.log.Slf4jLog
2023-09-12 21:05:39,128 [JUnit] WARN  server.AuthenticationFilter (AuthenticationFilter.java:constructSecretProvider(240)) - Unable to initialize FileSignerSecretProvider, falling back to use random secrets. Reason: Could not read signature secret file: /home/runner/hadoop-http-auth-signature-secret
2023-09-12 21:05:39,134 [JUnit] INFO  http.HttpRequestLog (HttpRequestLog.java:getRequestLog(86)) - Http request log for http.requests.scm is not defined
2023-09-12 21:05:39,139 [JUnit] INFO  http.HttpServer2 (HttpServer2.java:addGlobalFilter(1031)) - Added global filter 'safety' (class=org.apache.hadoop.hdds.server.http.HttpServer2$QuotingInputFilter)
2023-09-12 21:05:39,141 [JUnit] INFO  http.HttpServer2 (HttpServer2.java:addFilter(1007)) - Added filter static_user_filter (class=org.apache.hadoop.http.lib.StaticUserWebFilter$StaticUserFilter) to context scm
2023-09-12 21:05:39,141 [JUnit] INFO  http.HttpServer2 (HttpServer2.java:addFilter(1015)) - Added filter static_user_filter (class=org.apache.hadoop.http.lib.StaticUserWebFilter$StaticUserFilter) to context static
2023-09-12 21:05:39,141 [JUnit] INFO  http.HttpServer2 (HttpServer2.java:addFilter(1015)) - Added filter static_user_filter (class=org.apache.hadoop.http.lib.StaticUserWebFilter$StaticUserFilter) to context logs
2023-09-12 21:05:39,171 [JUnit] INFO  http.BaseHttpServer (BaseHttpServer.java:<init>(189)) - HTTP server of scm uses base directory /home/runner/work/ozone/ozone/hadoop-ozone/integration-test/target/test-dir/MiniOzoneClusterImpl-0f4e02f1-3148-4106-9850-9963db652c57/ozone-meta/webserver
2023-09-12 21:05:39,174 [JUnit] INFO  http.HttpServer2 (HttpServer2.java:bindListener(1231)) - Jetty bound to port 15003
2023-09-12 21:05:39,176 [JUnit] INFO  server.Server (Server.java:doStart(375)) - jetty-9.4.51.v20230217; built: 2023-02-17T08:19:37.309Z; git: b45c405e4544384de066f814ed42ae3dceacdd49; jvm 1.8.0_382-b05
2023-09-12 21:05:39,210 [JUnit] INFO  server.session (DefaultSessionIdManager.java:doStart(334)) - DefaultSessionIdManager workerName=node0
2023-09-12 21:05:39,210 [JUnit] INFO  server.session (DefaultSessionIdManager.java:doStart(339)) - No SessionScavenger set, using defaults
2023-09-12 21:05:39,211 [JUnit] INFO  server.session (HouseKeeper.java:startScavenging(132)) - node0 Scavenging every 600000ms
2023-09-12 21:05:39,222 [JUnit] INFO  handler.ContextHandler (ContextHandler.java:doStart(921)) - Started o.e.j.s.ServletContextHandler@34e1c23d{logs,/logs,file:///home/runner/work/ozone/ozone/hadoop-ozone/integration-test/target/log,AVAILABLE}
2023-09-12 21:05:39,223 [JUnit] INFO  handler.ContextHandler (ContextHandler.java:doStart(921)) - Started o.e.j.s.ServletContextHandler@5984742f{static,/static,file:///home/runner/work/ozone/ozone/hadoop-ozone/integration-test/target/test-classes/webapps/static,AVAILABLE}
2023-09-12 21:05:39,257 [JUnit] INFO  handler.ContextHandler (ContextHandler.java:doStart(921)) - Started o.e.j.w.WebAppContext@f28ee19{scm,/,file:///home/runner/work/ozone/ozone/hadoop-ozone/integration-test/target/test-classes/webapps/scm/,AVAILABLE}{file:/home/runner/work/ozone/ozone/hadoop-ozone/integration-test/target/test-classes/webapps/scm}
2023-09-12 21:05:39,263 [JUnit] INFO  server.AbstractConnector (AbstractConnector.java:doStart(333)) - Started ServerConnector@4d305059{HTTP/1.1, (http/1.1)}{0.0.0.0:15003}
2023-09-12 21:05:39,264 [JUnit] INFO  server.Server (Server.java:doStart(415)) - Started @4337ms
2023-09-12 21:05:39,266 [JUnit] INFO  impl.MetricsSinkAdapter (MetricsSinkAdapter.java:start(204)) - Sink prometheus started
2023-09-12 21:05:39,266 [JUnit] INFO  impl.MetricsSystemImpl (MetricsSystemImpl.java:registerSink(305)) - Registered sink prometheus
2023-09-12 21:05:39,267 [JUnit] INFO  http.BaseHttpServer (BaseHttpServer.java:updateConnectorAddress(354)) - HTTP server of scm listening at http://0.0.0.0:15003
2023-09-12 21:05:39,270 [JUnit] WARN  server.ServerUtils (ServerUtils.java:getDBPath(311)) - ozone.om.db.dirs is not configured. We recommend adding this setting. Falling back to ozone.metadata.dirs instead.
2023-09-12 21:05:39,326 [JUnit] INFO  audit.AuditLogger (AuditLogger.java:refreshDebugCmdSet(126)) - Refresh DebugCmdSet for OMAudit to [].
2023-09-12 21:05:39,395 [JUnit] INFO  ha.OMHANodeDetails (OMHANodeDetails.java:loadOMHAConfig(115)) - ozone.om.internal.service.id is not defined, falling back to ozone.om.service.ids to find serviceID for OzoneManager if it is HA enabled cluster
2023-09-12 21:05:39,399 [JUnit] INFO  ha.OMHANodeDetails (OMHANodeDetails.java:loadOMHAConfig(226)) - Configuration does not have ozone.om.address set. Falling back to the default OM address /127.0.0.1:15004
2023-09-12 21:05:39,399 [JUnit] INFO  ha.OMHANodeDetails (OMHANodeDetails.java:getOMNodeDetailsForNonHA(254)) - OM Service ID is not set. Setting it to the default ID: omServiceIdDefault
2023-09-12 21:05:39,399 [JUnit] INFO  ha.OMHANodeDetails (OMHANodeDetails.java:getOMNodeDetailsForNonHA(261)) - OM Node ID is not set. Setting it to the default ID: om1
2023-09-12 21:05:39,403 [JUnit] WARN  server.ServerUtils (ServerUtils.java:getDBPath(311)) - ozone.om.db.dirs is not configured. We recommend adding this setting. Falling back to ozone.metadata.dirs instead.
2023-09-12 21:05:39,406 [JUnit] INFO  upgrade.AbstractLayoutVersionManager (AbstractLayoutVersionManager.java:init(83)) - Initializing Layout version manager with metadata layout = QUOTA (version = 6), software layout = QUOTA (version = 6)
2023-09-12 21:05:39,510 [JUnit] INFO  reflections.Reflections (Reflections.java:scan(232)) - Reflections took 101 ms to scan 2 urls, producing 187 keys and 515 values [using 2 cores]
2023-09-12 21:05:39,514 [JUnit] INFO  upgrade.OMLayoutVersionManager (OMLayoutVersionManager.java:lambda$0(115)) - Skipping Upgrade Action QuotaRepairUpgradeAction since it has been finalized.
2023-09-12 21:05:39,516 [JUnit] INFO  upgrade.OMLayoutVersionManager (OMLayoutVersionManager.java:lambda$0(115)) - Skipping Upgrade Action MockOmUpgradeAction since it has been finalized.
2023-09-12 21:05:39,517 [JUnit] WARN  server.ServerUtils (ServerUtils.java:getDBPath(311)) - ozone.om.db.dirs is not configured. We recommend adding this setting. Falling back to ozone.metadata.dirs instead.
2023-09-12 21:05:39,674 [JUnit] INFO  proxy.SCMBlockLocationFailoverProxyProvider (SCMBlockLocationFailoverProxyProvider.java:<init>(114)) - Created block location fail-over proxy with 1 nodes: [nodeId=scmNodeId,nodeAddress=/0.0.0.0:15001]
2023-09-12 21:05:39,703 [JUnit] INFO  proxy.SCMBlockLocationFailoverProxyProvider (SCMBlockLocationFailoverProxyProvider.java:<init>(114)) - Created block location fail-over proxy with 1 nodes: [nodeId=scmNodeId,nodeAddress=/0.0.0.0:15001]
2023-09-12 21:05:39,894 [JUnit] INFO  om.OzoneManager (OzoneManager.java:<init>(665)) - OM start with adminUsers: [runner]
2023-09-12 21:05:39,909 [JUnit] WARN  server.ServerUtils (ServerUtils.java:getDBPath(311)) - ozone.om.db.dirs is not configured. We recommend adding this setting. Falling back to ozone.metadata.dirs instead.
2023-09-12 21:05:39,940 [JUnit] INFO  helpers.OmKeyInfo (OmKeyInfo.java:getCodec(71)) - OmKeyInfo.getCodec ignorePipeline = true
2023-09-12 21:05:40,251 [JUnit] INFO  om.OzoneManager (OzoneManager.java:instantiateServices(794)) - S3 Multi-Tenancy is disabled
2023-09-12 21:05:40,288 [JUnit] INFO  om.OmSnapshotManager (OmSnapshotManager.java:<init>(174)) - Ozone filesystem snapshot feature is enabled.
2023-09-12 21:05:40,296 [JUnit] WARN  server.ServerUtils (ServerUtils.java:getDBPath(311)) - ozone.om.snapshot.diff.db.dir is not configured. We recommend adding this setting. Falling back to ozone.metadata.dirs instead.
2023-09-12 21:05:40,338 [JUnit] INFO  utils.NativeLibraryLoader (NativeLibraryLoader.java:loadLibrary(108)) - Loading Library: ozone_rocksdb_tools
2023-09-12 21:05:40,339 [JUnit] INFO  snapshot.SnapshotDiffManager (SnapshotDiffManager.java:closeExecutorService(1706)) - Shutting down executorService: 'SstDumpToolExecutor'
2023-09-12 21:05:40,423 [JUnit] INFO  om.OzoneManager (OzoneManager.java:addS3GVolumeToDB(4302)) - Created Volume s3v With Owner runner required for S3Gateway operations.
2023-09-12 21:05:40,491 [JUnit] WARN  server.ServerUtils (ServerUtils.java:getDefaultRatisDirectory(323)) - Storage directory for Ratis is not configured. It is a good idea to map this to an SSD disk. Falling back to ozone.metadata.dirs
2023-09-12 21:05:40,492 [JUnit] WARN  utils.OzoneManagerRatisUtils (OzoneManagerRatisUtils.java:getOMRatisSnapshotDirectory(464)) - ozone.om.ratis.snapshot.dir is not configured. Falling back to ozone.metadata.dirs config
2023-09-12 21:05:40,505 [JUnit] WARN  server.ServerUtils (ServerUtils.java:getDefaultRatisDirectory(323)) - Storage directory for Ratis is not configured. It is a good idea to map this to an SSD disk. Falling back to ozone.metadata.dirs
2023-09-12 21:05:40,528 [JUnit] INFO  ratis.OzoneManagerRatisServer (OzoneManagerRatisServer.java:<init>(163)) - Instantiating OM Ratis server with groupID: omServiceIdDefault and peers: localhost:15007
2023-09-12 21:05:40,537 [JUnit] INFO  ratis.OzoneManagerStateMachine (OzoneManagerStateMachine.java:loadSnapshotInfoFromDB(687)) - LastAppliedIndex is set from TransactionInfo from OM DB as (t:0, i:~)
2023-09-12 21:05:40,628 [JUnit] INFO  server.RaftServer (ConfUtils.java:logGet(46)) - raft.rpc.type = GRPC (default)
2023-09-12 21:05:40,636 [JUnit] INFO  grpc.GrpcConfigKeys (ConfUtils.java:logFallback(53)) - raft.grpc.admin.host = null (fallback to raft.grpc.server.host)
2023-09-12 21:05:40,637 [JUnit] INFO  grpc.GrpcConfigKeys (ConfUtils.java:logFallback(53)) - raft.grpc.admin.port = 15007 (fallback to raft.grpc.server.port)
2023-09-12 21:05:40,638 [JUnit] INFO  grpc.GrpcConfigKeys (ConfUtils.java:logFallback(53)) - raft.grpc.client.host = null (fallback to raft.grpc.server.host)
2023-09-12 21:05:40,638 [JUnit] INFO  grpc.GrpcConfigKeys (ConfUtils.java:logFallback(53)) - raft.grpc.client.port = 15007 (fallback to raft.grpc.server.port)
2023-09-12 21:05:40,639 [JUnit] INFO  grpc.GrpcConfigKeys (ConfUtils.java:logGet(46)) - raft.grpc.server.host = null (default)
2023-09-12 21:05:40,639 [JUnit] INFO  grpc.GrpcConfigKeys (ConfUtils.java:logGet(46)) - raft.grpc.server.port = 15007 (custom)
2023-09-12 21:05:40,639 [JUnit] INFO  server.GrpcService (ConfUtils.java:logGet(46)) - raft.grpc.message.size.max = 33554432 (custom)
2023-09-12 21:05:40,640 [JUnit] INFO  server.RaftServerConfigKeys (ConfUtils.java:logGet(46)) - raft.server.log.appender.buffer.byte-limit = 33554432 (custom)
2023-09-12 21:05:40,641 [JUnit] INFO  server.GrpcService (ConfUtils.java:logGet(46)) - raft.grpc.flow.control.window = 1MB (=1048576) (default)
2023-09-12 21:05:40,641 [JUnit] INFO  server.RaftServerConfigKeys (ConfUtils.java:logGet(46)) - raft.server.rpc.request.timeout = 3000ms (default)
2023-09-12 21:05:40,652 [JUnit] INFO  grpc.GrpcConfigKeys (ConfUtils.java:logGet(46)) - raft.grpc.server.heartbeat.channel = true (default)
2023-09-12 21:05:40,654 [JUnit] INFO  grpc.GrpcConfigKeys (ConfUtils.java:logGet(46)) - raft.grpc.server.async.request.thread.pool.cached = true (default)
2023-09-12 21:05:40,655 [JUnit] INFO  grpc.GrpcConfigKeys (ConfUtils.java:logGet(46)) - raft.grpc.server.async.request.thread.pool.size = 32 (default)
2023-09-12 21:05:40,835 [JUnit] INFO  impl.DataStreamServerImpl (ConfUtils.java:logGet(46)) - raft.datastream.type = DISABLED (default)
2023-09-12 21:05:40,838 [JUnit] INFO  server.RaftServerConfigKeys (ConfUtils.java:logGet(46)) - raft.server.threadpool.proxy.cached = true (default)
2023-09-12 21:05:40,838 [JUnit] INFO  server.RaftServerConfigKeys (ConfUtils.java:logGet(46)) - raft.server.threadpool.proxy.size = 0 (default)
2023-09-12 21:05:40,838 [JUnit] INFO  server.RaftServerConfigKeys (ConfUtils.java:logGet(46)) - raft.server.rpc.slowness.timeout = 120s (custom)
2023-09-12 21:05:40,839 [JUnit] INFO  server.RaftServerConfigKeys (ConfUtils.java:logGet(46)) - raft.server.leaderelection.leader.step-down.wait-time = 10s (default)
2023-09-12 21:05:40,841 [JUnit] INFO  server.RaftServerConfigKeys (ConfUtils.java:logGet(46)) - raft.server.storage.dir = [/home/runner/work/ozone/ozone/hadoop-ozone/integration-test/target/test-dir/MiniOzoneClusterImpl-0f4e02f1-3148-4106-9850-9963db652c57/ozone-meta/ratis] (custom)
2023-09-12 21:05:40,849 [JUnit] INFO  server.RaftServer (RaftServerProxy.java:addNew(98)) - om1: addNew group-C5BA1605619E:[om1|rpc:localhost:15007|priority:0|startupRole:FOLLOWER] returns group-C5BA1605619E:java.util.concurrent.CompletableFuture@54733b9c[Not completed]
2023-09-12 21:05:40,849 [JUnit] INFO  om.OzoneManager (OzoneManager.java:initializeRatisServer(2145)) - OzoneManager Ratis server initialized at port 15007
2023-09-12 21:05:40,852 [JUnit] INFO  om.OzoneManager (OzoneManager.java:getRpcServer(1196)) - Creating RPC Server
2023-09-12 21:05:40,873 [om1-groupManagement] INFO  server.RaftServer$Division (RaftServerImpl.java:<init>(198)) - om1: new RaftServerImpl for group-C5BA1605619E:[om1|rpc:localhost:15007|priority:0|startupRole:FOLLOWER] with OzoneManagerStateMachine:uninitialized
2023-09-12 21:05:40,882 [om1-groupManagement] INFO  server.RaftServerConfigKeys (ConfUtils.java:logGet(46)) - raft.server.rpc.timeout.min = 1s (custom)
2023-09-12 21:05:40,882 [om1-groupManagement] INFO  server.RaftServerConfigKeys (ConfUtils.java:logGet(46)) - raft.server.rpc.timeout.max = 1200ms (custom)
2023-09-12 21:05:40,883 [om1-groupManagement] INFO  server.RaftServerConfigKeys (ConfUtils.java:logGet(46)) - raft.server.rpc.sleep.time = 25ms (default)
2023-09-12 21:05:40,883 [om1-groupManagement] INFO  server.RaftServerConfigKeys (ConfUtils.java:logGet(46)) - raft.server.rpc.slowness.timeout = 120s (custom)
2023-09-12 21:05:40,883 [om1-groupManagement] INFO  server.RaftServerConfigKeys (ConfUtils.java:logGet(46)) - raft.server.leaderelection.leader.step-down.wait-time = 10s (default)
2023-09-12 21:05:40,883 [om1-groupManagement] INFO  server.RaftServerConfigKeys (ConfUtils.java:logGet(46)) - raft.server.sleep.deviation.threshold = 300ms (default)
2023-09-12 21:05:40,889 [om1-groupManagement] INFO  server.RaftServer$Division (ServerState.java:<init>(120)) - om1@group-C5BA1605619E: ConfigurationManager, init=-1: peers:[om1|rpc:localhost:15007|priority:0|startupRole:FOLLOWER]|listeners:[], old=null, confs=<EMPTY_MAP>
2023-09-12 21:05:40,889 [om1-groupManagement] INFO  server.RaftServerConfigKeys (ConfUtils.java:logGet(46)) - raft.server.storage.dir = [/home/runner/work/ozone/ozone/hadoop-ozone/integration-test/target/test-dir/MiniOzoneClusterImpl-0f4e02f1-3148-4106-9850-9963db652c57/ozone-meta/ratis] (custom)
2023-09-12 21:05:41,027 [om1-groupManagement] INFO  server.RaftServerConfigKeys (ConfUtils.java:logGet(46)) - raft.server.log.corruption.policy = EXCEPTION (default)
2023-09-12 21:05:41,027 [om1-groupManagement] INFO  server.RaftServerConfigKeys (ConfUtils.java:logGet(46)) - raft.server.storage.free-space.min = 0MB (=0) (default)
2023-09-12 21:05:41,038 [om1-groupManagement] INFO  server.RaftServerConfigKeys (ConfUtils.java:logGet(46)) - raft.server.notification.no-leader.timeout = 120s (custom)
2023-09-12 21:05:41,046 [om1-groupManagement] INFO  server.RaftServerConfigKeys (ConfUtils.java:logGet(46)) - raft.server.read.timeout = 10s (default)
2023-09-12 21:05:41,053 [om1-groupManagement] INFO  server.RaftServerConfigKeys (ConfUtils.java:logGet(46)) - raft.server.retrycache.expirytime = 300s (custom)
2023-09-12 21:05:41,053 [om1-groupManagement] INFO  server.RaftServerConfigKeys (ConfUtils.java:logGet(46)) - raft.server.retrycache.statistics.expirytime = 100μs (default)
2023-09-12 21:05:41,096 [om1-groupManagement] INFO  server.RaftServerConfigKeys (ConfUtils.java:logGet(46)) - raft.server.read.option = DEFAULT (default)
2023-09-12 21:05:41,124 [om1-groupManagement] INFO  server.RaftServerConfigKeys (ConfUtils.java:logGet(46)) - raft.server.rpc.request.timeout = 3000ms (default)
2023-09-12 21:05:41,126 [om1-groupManagement] INFO  server.RaftServerConfigKeys (ConfUtils.java:logGet(46)) - raft.server.log.appender.install.snapshot.enabled = false (custom)
2023-09-12 21:05:41,127 [om1-groupManagement] INFO  server.RaftServerConfigKeys (ConfUtils.java:logGet(46)) - raft.server.threadpool.server.cached = true (default)
2023-09-12 21:05:41,127 [om1-groupManagement] INFO  server.RaftServerConfigKeys (ConfUtils.java:logGet(46)) - raft.server.threadpool.server.size = 0 (default)
2023-09-12 21:05:41,127 [om1-groupManagement] INFO  server.RaftServerConfigKeys (ConfUtils.java:logGet(46)) - raft.server.threadpool.client.cached = true (default)
2023-09-12 21:05:41,128 [om1-groupManagement] INFO  server.RaftServerConfigKeys (ConfUtils.java:logGet(46)) - raft.server.threadpool.client.size = 0 (default)
2023-09-12 21:05:41,691 [JUnit] INFO  reflections.Reflections (Reflections.java:scan(232)) - Reflections took 625 ms to scan 20 urls, producing 70 keys and 6001 values [using 2 cores]
2023-09-12 21:05:41,846 [JUnit] INFO  ipc.CallQueueManager (CallQueueManager.java:<init>(90)) - Using callQueue: class java.util.concurrent.LinkedBlockingQueue, queueCapacity: 2000, scheduler: class org.apache.hadoop.ipc.DefaultRpcScheduler, ipcBackoff: false.
2023-09-12 21:05:41,846 [JUnit] INFO  ipc.Server (Server.java:<init>(1287)) - Listener at 127.0.0.1:15004
2023-09-12 21:05:41,847 [Socket Reader #1 for port 15004] INFO  ipc.Server (Server.java:run(1323)) - Starting Socket Reader #1 for port 15004
2023-09-12 21:05:41,876 [JUnit] INFO  impl.MetricsSystemImpl (MetricsSystemImpl.java:init(158)) - OzoneManager metrics system started (again)
2023-09-12 21:05:41,889 [JUnit] INFO  om.OzoneManager (OzoneManager.java:start(1630)) - OzoneManager RPC server is listening at localhost/127.0.0.1:15004
2023-09-12 21:05:41,890 [JUnit] INFO  ratis.OzoneManagerRatisServer (OzoneManagerRatisServer.java:start(558)) - Starting OzoneManagerRatisServer om1 at port 15007
2023-09-12 21:05:41,892 [om1-impl-thread1] INFO  storage.RaftStorageDirectory (RaftStorageDirectoryImpl.java:analyzeStorage(137)) - The storage directory /home/runner/work/ozone/ozone/hadoop-ozone/integration-test/target/test-dir/MiniOzoneClusterImpl-0f4e02f1-3148-4106-9850-9963db652c57/ozone-meta/ratis/bf265839-605b-3f16-9796-c5ba1605619e does not exist. Creating ...
2023-09-12 21:05:41,898 [om1-impl-thread1] INFO  storage.RaftStorageDirectory (RaftStorageDirectoryImpl.java:tryLock(231)) - Lock on /home/runner/work/ozone/ozone/hadoop-ozone/integration-test/target/test-dir/MiniOzoneClusterImpl-0f4e02f1-3148-4106-9850-9963db652c57/ozone-meta/ratis/bf265839-605b-3f16-9796-c5ba1605619e/in_use.lock acquired by nodename 5540@fv-az740-690
2023-09-12 21:05:41,903 [om1-impl-thread1] INFO  storage.RaftStorage (RaftStorageImpl.java:format(96)) - Storage directory /home/runner/work/ozone/ozone/hadoop-ozone/integration-test/target/test-dir/MiniOzoneClusterImpl-0f4e02f1-3148-4106-9850-9963db652c57/ozone-meta/ratis/bf265839-605b-3f16-9796-c5ba1605619e has been successfully formatted.
2023-09-12 21:05:41,907 [om1-impl-thread1] INFO  server.RaftServerConfigKeys (ConfUtils.java:logGet(46)) - raft.server.log.use.memory = false (default)
2023-09-12 21:05:41,913 [om1-impl-thread1] INFO  server.RaftServerConfigKeys (ConfUtils.java:logGet(46)) - raft.server.log.purge.gap = 1000000 (custom)
2023-09-12 21:05:41,913 [om1-impl-thread1] INFO  server.RaftServerConfigKeys (ConfUtils.java:logGet(46)) - raft.server.log.appender.buffer.byte-limit = 33554432 (custom)
2023-09-12 21:05:41,915 [om1-impl-thread1] INFO  server.RaftServerConfigKeys (ConfUtils.java:logGet(46)) - raft.server.log.statemachine.data.read.timeout = 1000ms (default)
2023-09-12 21:05:41,916 [om1-impl-thread1] INFO  server.RaftServerConfigKeys (ConfUtils.java:logGet(46)) - raft.server.log.purge.preservation.log.num = 0 (default)
2023-09-12 21:05:41,917 [om1-impl-thread1] INFO  server.RaftServerConfigKeys (ConfUtils.java:logGet(46)) - raft.server.log.segment.size.max = 4194304 (custom)
2023-09-12 21:05:41,922 [om1-impl-thread1] INFO  server.RaftServerConfigKeys (ConfUtils.java:logGet(46)) - raft.server.log.segment.cache.num.max = 2 (custom)
2023-09-12 21:05:41,923 [om1-impl-thread1] INFO  server.RaftServerConfigKeys (ConfUtils.java:logGet(46)) - raft.server.log.segment.cache.size.max = 200MB (=209715200) (default)
2023-09-12 21:05:41,923 [om1-impl-thread1] INFO  server.RaftServerConfigKeys (ConfUtils.java:logGet(46)) - raft.server.log.appender.buffer.byte-limit = 33554432 (custom)
2023-09-12 21:05:41,928 [om1-impl-thread1] INFO  segmented.SegmentedRaftLogWorker (SegmentedRaftLogWorker.java:<init>(188)) - new om1@group-C5BA1605619E-SegmentedRaftLogWorker for RaftStorageImpl:Storage Directory /home/runner/work/ozone/ozone/hadoop-ozone/integration-test/target/test-dir/MiniOzoneClusterImpl-0f4e02f1-3148-4106-9850-9963db652c57/ozone-meta/ratis/bf265839-605b-3f16-9796-c5ba1605619e
2023-09-12 21:05:41,928 [om1-impl-thread1] INFO  server.RaftServerConfigKeys (ConfUtils.java:logGet(46)) - raft.server.log.queue.byte-limit = 64MB (=67108864) (default)
2023-09-12 21:05:41,929 [om1-impl-thread1] INFO  server.RaftServerConfigKeys (ConfUtils.java:logGet(46)) - raft.server.log.queue.element-limit = 4096 (default)
2023-09-12 21:05:41,929 [om1-impl-thread1] INFO  server.RaftServerConfigKeys (ConfUtils.java:logGet(46)) - raft.server.log.segment.size.max = 4194304 (custom)
2023-09-12 21:05:41,930 [om1-impl-thread1] INFO  server.RaftServerConfigKeys (ConfUtils.java:logGet(46)) - raft.server.log.preallocated.size = 4194304 (custom)
2023-09-12 21:05:41,930 [om1-impl-thread1] INFO  server.RaftServerConfigKeys (ConfUtils.java:logGet(46)) - raft.server.log.force.sync.num = 128 (default)
2023-09-12 21:05:41,931 [om1-impl-thread1] INFO  server.RaftServerConfigKeys (ConfUtils.java:logGet(46)) - raft.server.log.statemachine.data.sync = true (default)
2023-09-12 21:05:41,931 [om1-impl-thread1] INFO  server.RaftServerConfigKeys (ConfUtils.java:logGet(46)) - raft.server.log.statemachine.data.sync.timeout = 10s (default)
2023-09-12 21:05:41,931 [om1-impl-thread1] INFO  server.RaftServerConfigKeys (ConfUtils.java:logGet(46)) - raft.server.log.statemachine.data.sync.timeout.retry = -1 (default)
2023-09-12 21:05:41,938 [om1-impl-thread1] INFO  server.RaftServerConfigKeys (ConfUtils.java:logGet(46)) - raft.server.log.write.buffer.size = 64KB (=65536) (default)
2023-09-12 21:05:41,939 [om1-impl-thread1] INFO  server.RaftServerConfigKeys (ConfUtils.java:logGet(46)) - raft.server.log.appender.buffer.byte-limit = 33554432 (custom)
2023-09-12 21:05:41,963 [om1-impl-thread1] INFO  server.RaftServerConfigKeys (ConfUtils.java:logGet(46)) - raft.server.log.unsafe-flush.enabled = false (default)
2023-09-12 21:05:41,963 [om1-impl-thread1] INFO  server.RaftServerConfigKeys (ConfUtils.java:logGet(46)) - raft.server.log.async-flush.enabled = false (default)
2023-09-12 21:05:41,964 [om1-impl-thread1] INFO  server.RaftServerConfigKeys (ConfUtils.java:logGet(46)) - raft.server.log.statemachine.data.caching.enabled = false (default)
2023-09-12 21:05:41,969 [om1-impl-thread1] INFO  segmented.SegmentedRaftLogWorker (SegmentedRaftLogWorker.java:lambda$new$0(135)) - om1@group-C5BA1605619E-SegmentedRaftLogWorker: flushIndex: setUnconditionally 0 -> -1
2023-09-12 21:05:41,969 [om1-impl-thread1] INFO  segmented.SegmentedRaftLogWorker (SegmentedRaftLogWorker.java:lambda$new$0(135)) - om1@group-C5BA1605619E-SegmentedRaftLogWorker: safeCacheEvictIndex: setUnconditionally 0 -> -1
2023-09-12 21:05:41,970 [om1-impl-thread1] INFO  server.RaftServer$Division (RaftServerImpl.java:start(342)) - om1@group-C5BA1605619E: start as a follower, conf=-1: peers:[om1|rpc:localhost:15007|priority:0|startupRole:FOLLOWER]|listeners:[], old=null
2023-09-12 21:05:41,975 [om1-impl-thread1] INFO  server.RaftServer$Division (RaftServerImpl.java:setRole(329)) - om1@group-C5BA1605619E: changes role from      null to FOLLOWER at term 0 for startAsFollower
2023-09-12 21:05:41,979 [om1-impl-thread1] INFO  impl.RoleInfo (RoleInfo.java:updateAndGet(139)) - om1: start om1@group-C5BA1605619E-FollowerState
2023-09-12 21:05:41,980 [om1-impl-thread1] INFO  util.JmxRegister (JmxRegister.java:tryRegister(44)) - Successfully registered JMX Bean with object name Ratis:service=RaftServer,group=group-C5BA1605619E,id=om1
2023-09-12 21:05:41,981 [om1-impl-thread1] INFO  server.RaftServerConfigKeys (ConfUtils.java:logGet(46)) - raft.server.snapshot.auto.trigger.enabled = true (custom)
2023-09-12 21:05:41,982 [om1-impl-thread1] INFO  server.RaftServerConfigKeys (ConfUtils.java:logGet(46)) - raft.server.snapshot.auto.trigger.threshold = 400000 (default)
2023-09-12 21:05:41,982 [om1-impl-thread1] INFO  server.RaftServerConfigKeys (ConfUtils.java:logGet(46)) - raft.server.snapshot.retention.file.num = -1 (default)
2023-09-12 21:05:41,984 [om1-impl-thread1] INFO  server.RaftServerConfigKeys (ConfUtils.java:logGet(46)) - raft.server.log.purge.upto.snapshot.index = true (custom)
2023-09-12 21:05:41,985 [om1@group-C5BA1605619E-FollowerState] INFO  server.RaftServerConfigKeys (ConfUtils.java:logFallback(53)) - raft.server.rpc.first-election.timeout.min = 1s (fallback to raft.server.rpc.timeout.min)
2023-09-12 21:05:41,986 [om1@group-C5BA1605619E-FollowerState] INFO  server.RaftServerConfigKeys (ConfUtils.java:logFallback(53)) - raft.server.rpc.first-election.timeout.max = 1200ms (fallback to raft.server.rpc.timeout.max)
2023-09-12 21:05:41,988 [JUnit] INFO  server.RaftServer (RaftServerProxy.java:startImpl(400)) - om1: start RPC server
2023-09-12 21:05:42,026 [JUnit] INFO  server.GrpcService (GrpcService.java:startImpl(302)) - om1: GrpcService started, listening on 15007
2023-09-12 21:05:42,028 [JUnit] INFO  om.OzoneManager (OzoneManager.java:start(1646)) - Version File has different layout version (6) than OM DB (null). That is expected if this OM has never been finalized to a newer layout version.
2023-09-12 21:05:42,032 [JvmPauseMonitor1] INFO  util.JvmPauseMonitor (JvmPauseMonitor.java:run(103)) - JvmPauseMonitor-om1: Started
2023-09-12 21:05:42,055 [JUnit] INFO  http.BaseHttpServer (BaseHttpServer.java:newHttpServer2BuilderForOzone(223)) - Starting Web-server for ozoneManager at: http://0.0.0.0:15005
2023-09-12 21:05:42,055 [JUnit] INFO  http.BaseHttpServer (BaseHttpServer.java:<init>(110)) - Hadoop Security Enabled: false Ozone Security Enabled: false Ozone HTTP Security Enabled: false 
2023-09-12 21:05:42,056 [JUnit] WARN  server.AuthenticationFilter (AuthenticationFilter.java:constructSecretProvider(240)) - Unable to initialize FileSignerSecretProvider, falling back to use random secrets. Reason: Could not read signature secret file: /home/runner/hadoop-http-auth-signature-secret
2023-09-12 21:05:42,060 [JUnit] INFO  http.HttpRequestLog (HttpRequestLog.java:getRequestLog(86)) - Http request log for http.requests.ozoneManager is not defined
2023-09-12 21:05:42,062 [JUnit] INFO  http.HttpServer2 (HttpServer2.java:addGlobalFilter(1031)) - Added global filter 'safety' (class=org.apache.hadoop.hdds.server.http.HttpServer2$QuotingInputFilter)
2023-09-12 21:05:42,063 [JUnit] INFO  http.HttpServer2 (HttpServer2.java:addFilter(1007)) - Added filter static_user_filter (class=org.apache.hadoop.http.lib.StaticUserWebFilter$StaticUserFilter) to context ozoneManager
2023-09-12 21:05:42,064 [JUnit] INFO  http.HttpServer2 (HttpServer2.java:addFilter(1015)) - Added filter static_user_filter (class=org.apache.hadoop.http.lib.StaticUserWebFilter$StaticUserFilter) to context logs
2023-09-12 21:05:42,064 [JUnit] INFO  http.HttpServer2 (HttpServer2.java:addFilter(1015)) - Added filter static_user_filter (class=org.apache.hadoop.http.lib.StaticUserWebFilter$StaticUserFilter) to context static
2023-09-12 21:05:42,065 [JUnit] INFO  http.BaseHttpServer (BaseHttpServer.java:<init>(189)) - HTTP server of ozoneManager uses base directory /home/runner/work/ozone/ozone/hadoop-ozone/integration-test/target/test-dir/MiniOzoneClusterImpl-0f4e02f1-3148-4106-9850-9963db652c57/ozone-meta/webserver
2023-09-12 21:05:42,069 [JUnit] INFO  http.HttpServer2 (HttpServer2.java:bindListener(1231)) - Jetty bound to port 15005
2023-09-12 21:05:42,072 [JUnit] INFO  server.Server (Server.java:doStart(375)) - jetty-9.4.51.v20230217; built: 2023-02-17T08:19:37.309Z; git: b45c405e4544384de066f814ed42ae3dceacdd49; jvm 1.8.0_382-b05
2023-09-12 21:05:42,077 [JUnit] INFO  server.session (DefaultSessionIdManager.java:doStart(334)) - DefaultSessionIdManager workerName=node0
2023-09-12 21:05:42,078 [JUnit] INFO  server.session (DefaultSessionIdManager.java:doStart(339)) - No SessionScavenger set, using defaults
2023-09-12 21:05:42,078 [JUnit] INFO  server.session (HouseKeeper.java:startScavenging(132)) - node0 Scavenging every 660000ms
2023-09-12 21:05:42,079 [JUnit] INFO  handler.ContextHandler (ContextHandler.java:doStart(921)) - Started o.e.j.s.ServletContextHandler@353b89f0{logs,/logs,file:///home/runner/work/ozone/ozone/hadoop-ozone/integration-test/target/log,AVAILABLE}
2023-09-12 21:05:42,080 [JUnit] INFO  handler.ContextHandler (ContextHandler.java:doStart(921)) - Started o.e.j.s.ServletContextHandler@6434c4c9{static,/static,file:///home/runner/work/ozone/ozone/hadoop-ozone/integration-test/target/test-classes/webapps/static,AVAILABLE}
2023-09-12 21:05:42,084 [JUnit] INFO  handler.ContextHandler (ContextHandler.java:doStart(921)) - Started o.e.j.w.WebAppContext@7bc6a1ae{ozoneManager,/,file:///home/runner/work/ozone/ozone/hadoop-ozone/integration-test/target/test-classes/webapps/ozoneManager/,AVAILABLE}{file:/home/runner/work/ozone/ozone/hadoop-ozone/integration-test/target/test-classes/webapps/ozoneManager}
2023-09-12 21:05:42,086 [JUnit] INFO  server.AbstractConnector (AbstractConnector.java:doStart(333)) - Started ServerConnector@25329370{HTTP/1.1, (http/1.1)}{0.0.0.0:15005}
2023-09-12 21:05:42,086 [JUnit] INFO  server.Server (Server.java:doStart(415)) - Started @7159ms
2023-09-12 21:05:42,086 [JUnit] WARN  impl.MetricsSystemImpl (MetricsSystemImpl.java:register(279)) - Sink prometheus already exists!
2023-09-12 21:05:42,087 [JUnit] INFO  http.BaseHttpServer (BaseHttpServer.java:updateConnectorAddress(354)) - HTTP server of ozoneManager listening at http://0.0.0.0:15005
2023-09-12 21:05:42,087 [IPC Server Responder] INFO  ipc.Server (Server.java:run(1562)) - IPC Server Responder: starting
2023-09-12 21:05:42,090 [IPC Server listener on 15004] INFO  ipc.Server (Server.java:run(1402)) - IPC Server listener on 15004: starting
2023-09-12 21:05:42,092 [JUnit] INFO  om.OzoneManager (OzoneManager.java:startTrashEmptier(2098)) - Trash Interval set to 0. Files deleted won't move to trash
2023-09-12 21:05:42,238 [JUnit] WARN  impl.MetricRegistriesImpl (MetricRegistriesImpl.java:addReporterRegistration(111)) - New reporters are added after registries were created. Some metrics will be missing from the reporter. Please add reporter before adding any new registry.
2023-09-12 21:05:42,238 [JUnit] WARN  impl.MetricRegistriesImpl (MetricRegistriesImpl.java:addReporterRegistration(111)) - New reporters are added after registries were created. Some metrics will be missing from the reporter. Please add reporter before adding any new registry.
2023-09-12 21:05:42,239 [JUnit] INFO  impl.MetricsSystemImpl (MetricsSystemImpl.java:init(158)) - HddsDatanode metrics system started (again)
2023-09-12 21:05:42,261 [JUnit] INFO  ozone.HddsDatanodeService (HddsDatanodeService.java:start(237)) - HddsDatanodeService host:fv-az740-690.qoj0rp3pihcejmpunbvrynwprc.phxx.internal.cloudapp.net ip:10.1.0.4
2023-09-12 21:05:42,289 [JUnit] INFO  upgrade.AbstractLayoutVersionManager (AbstractLayoutVersionManager.java:init(83)) - Initializing Layout version manager with metadata layout = HADOOP_PRC_PORTS_IN_DATANODEDETAILS (version = 7), software layout = HADOOP_PRC_PORTS_IN_DATANODEDETAILS (version = 7)
2023-09-12 21:05:42,291 [JUnit] INFO  statemachine.DatanodeStateMachine (DatanodeStateMachine.java:getEndPointTaskThreadPoolSize(282)) - Datanode State Machine Task Thread Pool size 2
2023-09-12 21:05:42,345 [JUnit] INFO  volume.HddsVolume (HddsVolume.java:<init>(126)) - Creating HddsVolume: /home/runner/work/ozone/ozone/hadoop-ozone/integration-test/target/test-dir/MiniOzoneClusterImpl-0f4e02f1-3148-4106-9850-9963db652c57/datanode-0/data-0/containers/hdds of storage type : DISK capacity : 9223372036854775807
2023-09-12 21:05:42,347 [JUnit] INFO  volume.MutableVolumeSet (MutableVolumeSet.java:initializeVolumeSet(173)) - Added Volume : /home/runner/work/ozone/ozone/hadoop-ozone/integration-test/target/test-dir/MiniOzoneClusterImpl-0f4e02f1-3148-4106-9850-9963db652c57/datanode-0/data-0/containers/hdds to VolumeSet
2023-09-12 21:05:42,350 [JUnit] INFO  volume.MutableVolumeSet (MutableVolumeSet.java:initializeVolumeSet(173)) - Added Volume : /home/runner/work/ozone/ozone/hadoop-ozone/integration-test/target/test-dir/MiniOzoneClusterImpl-0f4e02f1-3148-4106-9850-9963db652c57/datanode-0/data/ratis to VolumeSet
2023-09-12 21:05:42,363 [Thread-140] INFO  ozoneimpl.ContainerReader (ContainerReader.java:readVolume(177)) - Finish verifying containers on volume /home/runner/work/ozone/ozone/hadoop-ozone/integration-test/target/test-dir/MiniOzoneClusterImpl-0f4e02f1-3148-4106-9850-9963db652c57/datanode-0/data-0/containers/hdds
2023-09-12 21:05:42,363 [JUnit] INFO  ozoneimpl.OzoneContainer (OzoneContainer.java:buildContainerSet(314)) - Build ContainerSet costs 0s
2023-09-12 21:05:42,411 [JUnit] INFO  audit.AuditLogger (AuditLogger.java:refreshDebugCmdSet(126)) - Refresh DebugCmdSet for DNAudit to [].
2023-09-12 21:05:42,437 [JUnit] INFO  server.RaftServer (ConfUtils.java:logGet(46)) - raft.rpc.type = GRPC (default)
2023-09-12 21:05:42,437 [JUnit] INFO  grpc.GrpcConfigKeys (ConfUtils.java:logFallback(53)) - raft.grpc.admin.host = null (fallback to raft.grpc.server.host)
2023-09-12 21:05:42,437 [JUnit] INFO  grpc.GrpcConfigKeys (ConfUtils.java:logGet(46)) - raft.grpc.admin.port = 15013 (custom)
2023-09-12 21:05:42,437 [JUnit] INFO  grpc.GrpcConfigKeys (ConfUtils.java:logFallback(53)) - raft.grpc.client.host = null (fallback to raft.grpc.server.host)
2023-09-12 21:05:42,438 [JUnit] INFO  grpc.GrpcConfigKeys (ConfUtils.java:logGet(46)) - raft.grpc.client.port = 15012 (custom)
2023-09-12 21:05:42,438 [JUnit] INFO  grpc.GrpcConfigKeys (ConfUtils.java:logGet(46)) - raft.grpc.server.host = null (default)
2023-09-12 21:05:42,438 [JUnit] INFO  grpc.GrpcConfigKeys (ConfUtils.java:logGet(46)) - raft.grpc.server.port = 15014 (custom)
2023-09-12 21:05:42,438 [JUnit] INFO  server.GrpcService (ConfUtils.java:logGet(46)) - raft.grpc.message.size.max = 32MB (=33554432) (custom)
2023-09-12 21:05:42,438 [JUnit] INFO  server.RaftServerConfigKeys (ConfUtils.java:logGet(46)) - raft.server.log.appender.buffer.byte-limit = 33554432 (custom)
2023-09-12 21:05:42,438 [JUnit] INFO  server.GrpcService (ConfUtils.java:logGet(46)) - raft.grpc.flow.control.window = 5MB (=5242880) (custom)
2023-09-12 21:05:42,438 [JUnit] INFO  server.RaftServerConfigKeys (ConfUtils.java:logGet(46)) - raft.server.rpc.request.timeout = 3000ms (default)
2023-09-12 21:05:42,439 [JUnit] INFO  grpc.GrpcConfigKeys (ConfUtils.java:logGet(46)) - raft.grpc.server.heartbeat.channel = true (default)
2023-09-12 21:05:42,439 [JUnit] INFO  grpc.GrpcConfigKeys (ConfUtils.java:logGet(46)) - raft.grpc.server.async.request.thread.pool.cached = true (default)
2023-09-12 21:05:42,439 [JUnit] INFO  grpc.GrpcConfigKeys (ConfUtils.java:logGet(46)) - raft.grpc.server.async.request.thread.pool.size = 32 (default)
2023-09-12 21:05:42,441 [JUnit] INFO  impl.DataStreamServerImpl (ConfUtils.java:logGet(46)) - raft.datastream.type = NETTY (custom)
2023-09-12 21:05:42,449 [JUnit] INFO  server.RaftServerConfigKeys (ConfUtils.java:logGet(46)) - raft.server.data-stream.async.request.thread.pool.cached = false (default)
2023-09-12 21:05:42,449 [JUnit] INFO  server.RaftServerConfigKeys (ConfUtils.java:logGet(46)) - raft.server.data-stream.async.request.thread.pool.size = 20 (custom)
2023-09-12 21:05:42,449 [JUnit] INFO  server.RaftServerConfigKeys (ConfUtils.java:logGet(46)) - raft.server.data-stream.async.write.thread.pool.size = 16 (default)
2023-09-12 21:05:42,450 [JUnit] INFO  server.RaftServerConfigKeys (ConfUtils.java:logGet(46)) - raft.server.data-stream.client.pool.size = 10 (default)
2023-09-12 21:05:42,453 [JUnit] INFO  netty.NettyConfigKeys$DataStream (ConfUtils.java:logGet(46)) - raft.netty.dataStream.server.use-epoll = false (default)
2023-09-12 21:05:42,453 [JUnit] INFO  netty.NettyConfigKeys$DataStream (ConfUtils.java:logGet(46)) - raft.netty.dataStream.server.boss-group.size = 0 (default)
2023-09-12 21:05:42,459 [JUnit] INFO  netty.NettyConfigKeys$DataStream (ConfUtils.java:logGet(46)) - raft.netty.dataStream.server.worker-group.size = 0 (default)
2023-09-12 21:05:42,475 [JUnit] INFO  netty.NettyConfigKeys$DataStream (ConfUtils.java:logGet(46)) - raft.netty.dataStream.server.tls.conf = null (default)
2023-09-12 21:05:42,476 [JUnit] INFO  netty.NettyConfigKeys$DataStream (ConfUtils.java:logGet(46)) - raft.netty.dataStream.host = null (default)
2023-09-12 21:05:42,477 [JUnit] INFO  netty.NettyConfigKeys$DataStream (ConfUtils.java:logGet(46)) - raft.netty.dataStream.port = 15015 (custom)
2023-09-12 21:05:42,484 [JUnit] INFO  server.RaftServerConfigKeys (ConfUtils.java:logGet(46)) - raft.server.threadpool.proxy.cached = true (default)
2023-09-12 21:05:42,484 [JUnit] INFO  server.RaftServerConfigKeys (ConfUtils.java:logGet(46)) - raft.server.threadpool.proxy.size = 0 (default)
2023-09-12 21:05:42,484 [JUnit] INFO  server.RaftServerConfigKeys (ConfUtils.java:logGet(46)) - raft.server.rpc.slowness.timeout = 300000ms (custom)
2023-09-12 21:05:42,484 [JUnit] INFO  server.RaftServerConfigKeys (ConfUtils.java:logGet(46)) - raft.server.leaderelection.leader.step-down.wait-time = 10s (default)
2023-09-12 21:05:42,485 [JUnit] INFO  server.RaftServerConfigKeys (ConfUtils.java:logGet(46)) - raft.server.storage.dir = [/home/runner/work/ozone/ozone/hadoop-ozone/integration-test/target/test-dir/MiniOzoneClusterImpl-0f4e02f1-3148-4106-9850-9963db652c57/datanode-0/data/ratis] (custom)
2023-09-12 21:05:42,488 [9ece4d1d-2112-49ce-a0f9-c544e683daa2-impl-thread1] INFO  server.RaftServer (RaftServerProxy.java:initGroupDir(258)) - 9ece4d1d-2112-49ce-a0f9-c544e683daa2: found a subdirectory /home/runner/work/ozone/ozone/hadoop-ozone/integration-test/target/test-dir/MiniOzoneClusterImpl-0f4e02f1-3148-4106-9850-9963db652c57/datanode-0/data/ratis/tmp
2023-09-12 21:05:42,490 [9ece4d1d-2112-49ce-a0f9-c544e683daa2-impl-thread1] INFO  server.RaftServer (RaftServerProxy.java:initGroupDir(263)) - 9ece4d1d-2112-49ce-a0f9-c544e683daa2: The directory /home/runner/work/ozone/ozone/hadoop-ozone/integration-test/target/test-dir/MiniOzoneClusterImpl-0f4e02f1-3148-4106-9850-9963db652c57/datanode-0/data/ratis/tmp is not a group directory; ignoring it. 
2023-09-12 21:05:42,493 [JUnit] INFO  replication.ReplicationServer (ReplicationServer.java:<init>(81)) - Initializing replication server with thread count = 10
2023-09-12 21:05:42,500 [9ece4d1d-2112-49ce-a0f9-c544e683daa2-NettyServerStreamRpc-bossGroup--thread1] INFO  logging.LoggingHandler (AbstractInternalLogger.java:log(148)) - [id: 0xf0d35205] REGISTERED
2023-09-12 21:05:42,500 [9ece4d1d-2112-49ce-a0f9-c544e683daa2-NettyServerStreamRpc-bossGroup--thread1] INFO  logging.LoggingHandler (AbstractInternalLogger.java:log(148)) - [id: 0xf0d35205] BIND: 0.0.0.0/0.0.0.0:15015
2023-09-12 21:05:42,502 [9ece4d1d-2112-49ce-a0f9-c544e683daa2-NettyServerStreamRpc-bossGroup--thread1] INFO  logging.LoggingHandler (AbstractInternalLogger.java:log(148)) - [id: 0xf0d35205, L:/0:0:0:0:0:0:0:0:15015] ACTIVE
2023-09-12 21:05:42,515 [JUnit] INFO  server.XceiverServerGrpc (XceiverServerGrpc.java:<init>(132)) - GrpcServer channel type EpollServerSocketChannel
2023-09-12 21:05:42,552 [JUnit] INFO  replication.ReplicationSupervisor (ReplicationSupervisor.java:build(155)) - Initializing replication supervisor with thread count = 10
2023-09-12 21:05:42,553 [JUnit] INFO  replication.ReplicationSupervisor (ReplicationSupervisor.java:nodeStateUpdated(307)) - Node state updated to IN_SERVICE, scaling executor pool size to 10
2023-09-12 21:05:42,611 [JUnit] INFO  http.BaseHttpServer (BaseHttpServer.java:newHttpServer2BuilderForOzone(223)) - Starting Web-server for hddsDatanode at: http://0.0.0.0:15009
2023-09-12 21:05:42,611 [JUnit] INFO  http.BaseHttpServer (BaseHttpServer.java:<init>(110)) - Hadoop Security Enabled: false Ozone Security Enabled: false Ozone HTTP Security Enabled: false 
2023-09-12 21:05:42,613 [JUnit] WARN  server.AuthenticationFilter (AuthenticationFilter.java:constructSecretProvider(240)) - Unable to initialize FileSignerSecretProvider, falling back to use random secrets. Reason: Could not read signature secret file: /home/runner/hadoop-http-auth-signature-secret
2023-09-12 21:05:42,614 [JUnit] INFO  http.HttpRequestLog (HttpRequestLog.java:getRequestLog(86)) - Http request log for http.requests.hddsDatanode is not defined
2023-09-12 21:05:42,615 [JUnit] INFO  http.HttpServer2 (HttpServer2.java:addGlobalFilter(1031)) - Added global filter 'safety' (class=org.apache.hadoop.hdds.server.http.HttpServer2$QuotingInputFilter)
2023-09-12 21:05:42,616 [JUnit] INFO  http.HttpServer2 (HttpServer2.java:addFilter(1007)) - Added filter static_user_filter (class=org.apache.hadoop.http.lib.StaticUserWebFilter$StaticUserFilter) to context hddsDatanode
2023-09-12 21:05:42,616 [JUnit] INFO  http.HttpServer2 (HttpServer2.java:addFilter(1015)) - Added filter static_user_filter (class=org.apache.hadoop.http.lib.StaticUserWebFilter$StaticUserFilter) to context static
2023-09-12 21:05:42,616 [JUnit] INFO  http.HttpServer2 (HttpServer2.java:addFilter(1015)) - Added filter static_user_filter (class=org.apache.hadoop.http.lib.StaticUserWebFilter$StaticUserFilter) to context logs
2023-09-12 21:05:42,619 [JUnit] INFO  http.BaseHttpServer (BaseHttpServer.java:<init>(189)) - HTTP server of hddsDatanode uses base directory /home/runner/work/ozone/ozone/hadoop-ozone/integration-test/target/test-dir/MiniOzoneClusterImpl-0f4e02f1-3148-4106-9850-9963db652c57/datanode-0/meta/webserver
2023-09-12 21:05:42,619 [JUnit] INFO  http.HttpServer2 (HttpServer2.java:bindListener(1231)) - Jetty bound to port 15009
2023-09-12 21:05:42,621 [JUnit] INFO  server.Server (Server.java:doStart(375)) - jetty-9.4.51.v20230217; built: 2023-02-17T08:19:37.309Z; git: b45c405e4544384de066f814ed42ae3dceacdd49; jvm 1.8.0_382-b05
2023-09-12 21:05:42,627 [JUnit] INFO  server.session (DefaultSessionIdManager.java:doStart(334)) - DefaultSessionIdManager workerName=node0
2023-09-12 21:05:42,627 [JUnit] INFO  server.session (DefaultSessionIdManager.java:doStart(339)) - No SessionScavenger set, using defaults
2023-09-12 21:05:42,627 [JUnit] INFO  server.session (HouseKeeper.java:startScavenging(132)) - node0 Scavenging every 600000ms
2023-09-12 21:05:42,628 [JUnit] INFO  handler.ContextHandler (ContextHandler.java:doStart(921)) - Started o.e.j.s.ServletContextHandler@56fd8b01{logs,/logs,file:///home/runner/work/ozone/ozone/hadoop-ozone/integration-test/target/log,AVAILABLE}
2023-09-12 21:05:42,628 [JUnit] INFO  handler.ContextHandler (ContextHandler.java:doStart(921)) - Started o.e.j.s.ServletContextHandler@158f9814{static,/static,jar:file:/home/runner/.m2/repository/org/apache/ozone/hdds-container-service/1.4.0-SNAPSHOT/hdds-container-service-1.4.0-SNAPSHOT.jar!/webapps/static,AVAILABLE}
2023-09-12 21:05:42,870 [JUnit] INFO  handler.ContextHandler (ContextHandler.java:doStart(921)) - Started o.e.j.w.WebAppContext@38d6ad53{hddsDatanode,/,file:///home/runner/work/ozone/ozone/hadoop-ozone/integration-test/target/test-dir/MiniOzoneClusterImpl-0f4e02f1-3148-4106-9850-9963db652c57/datanode-0/meta/webserver/jetty-0_0_0_0-15009-hdds-container-service-1_4_0-SNAPSHOT_jar-_-any-411102877813833964/webapp/,AVAILABLE}{jar:file:/home/runner/.m2/repository/org/apache/ozone/hdds-container-service/1.4.0-SNAPSHOT/hdds-container-service-1.4.0-SNAPSHOT.jar!/webapps/hddsDatanode}
2023-09-12 21:05:42,872 [JUnit] INFO  server.AbstractConnector (AbstractConnector.java:doStart(333)) - Started ServerConnector@7030c643{HTTP/1.1, (http/1.1)}{0.0.0.0:15009}
2023-09-12 21:05:42,872 [JUnit] INFO  server.Server (Server.java:doStart(415)) - Started @7945ms
2023-09-12 21:05:42,872 [JUnit] WARN  impl.MetricsSystemImpl (MetricsSystemImpl.java:register(279)) - Sink prometheus already exists!
2023-09-12 21:05:42,873 [JUnit] INFO  http.BaseHttpServer (BaseHttpServer.java:updateConnectorAddress(354)) - HTTP server of hddsDatanode listening at http://0.0.0.0:15009
2023-09-12 21:05:42,876 [JUnit] INFO  ipc.CallQueueManager (CallQueueManager.java:<init>(90)) - Using callQueue: class java.util.concurrent.LinkedBlockingQueue, queueCapacity: 100, scheduler: class org.apache.hadoop.ipc.DefaultRpcScheduler, ipcBackoff: false.
2023-09-12 21:05:42,876 [JUnit] INFO  ipc.Server (Server.java:<init>(1287)) - Listener at 0.0.0.0:15010
2023-09-12 21:05:42,877 [Socket Reader #1 for port 15010] INFO  ipc.Server (Server.java:run(1323)) - Starting Socket Reader #1 for port 15010
2023-09-12 21:05:42,879 [JUnit] INFO  ozone.HddsDatanodeService (HddsDatanodeService.java:start(315)) - Datanode start with admins: [runner]
2023-09-12 21:05:42,880 [JUnit] INFO  ozone.HddsDatanodeClientProtocolServer (HddsDatanodeClientProtocolServer.java:start(72)) - RPC server for Client /0.0.0.0:15010
2023-09-12 21:05:42,881 [IPC Server Responder] INFO  ipc.Server (Server.java:run(1562)) - IPC Server Responder: starting
2023-09-12 21:05:42,881 [IPC Server listener on 15010] INFO  ipc.Server (Server.java:run(1402)) - IPC Server listener on 15010: starting
2023-09-12 21:05:42,882 [JUnit] WARN  impl.MetricRegistriesImpl (MetricRegistriesImpl.java:addReporterRegistration(111)) - New reporters are added after registries were created. Some metrics will be missing from the reporter. Please add reporter before adding any new registry.
2023-09-12 21:05:42,882 [JUnit] WARN  impl.MetricRegistriesImpl (MetricRegistriesImpl.java:addReporterRegistration(111)) - New reporters are added after registries were created. Some metrics will be missing from the reporter. Please add reporter before adding any new registry.
2023-09-12 21:05:42,882 [JUnit] INFO  impl.MetricsSystemImpl (MetricsSystemImpl.java:init(158)) - HddsDatanode metrics system started (again)
2023-09-12 21:05:42,882 [Datanode State Machine Daemon Thread] INFO  statemachine.DatanodeStateMachine (DatanodeStateMachine.java:lambda$startDaemon$0(538)) - Ozone container server started.
2023-09-12 21:05:42,912 [JUnit] INFO  ozone.HddsDatanodeService (HddsDatanodeService.java:start(237)) - HddsDatanodeService host:fv-az740-690.qoj0rp3pihcejmpunbvrynwprc.phxx.internal.cloudapp.net ip:10.1.0.4
2023-09-12 21:05:42,948 [JUnit] INFO  upgrade.AbstractLayoutVersionManager (AbstractLayoutVersionManager.java:init(83)) - Initializing Layout version manager with metadata layout = HADOOP_PRC_PORTS_IN_DATANODEDETAILS (version = 7), software layout = HADOOP_PRC_PORTS_IN_DATANODEDETAILS (version = 7)
2023-09-12 21:05:42,949 [JUnit] INFO  statemachine.DatanodeStateMachine (DatanodeStateMachine.java:getEndPointTaskThreadPoolSize(282)) - Datanode State Machine Task Thread Pool size 2
2023-09-12 21:05:42,959 [JUnit] INFO  volume.HddsVolume (HddsVolume.java:<init>(126)) - Creating HddsVolume: /home/runner/work/ozone/ozone/hadoop-ozone/integration-test/target/test-dir/MiniOzoneClusterImpl-0f4e02f1-3148-4106-9850-9963db652c57/datanode-1/data-0/containers/hdds of storage type : DISK capacity : 9223372036854775807
2023-09-12 21:05:42,960 [JUnit] INFO  volume.MutableVolumeSet (MutableVolumeSet.java:initializeVolumeSet(173)) - Added Volume : /home/runner/work/ozone/ozone/hadoop-ozone/integration-test/target/test-dir/MiniOzoneClusterImpl-0f4e02f1-3148-4106-9850-9963db652c57/datanode-1/data-0/containers/hdds to VolumeSet
2023-09-12 21:05:42,962 [JUnit] INFO  volume.MutableVolumeSet (MutableVolumeSet.java:initializeVolumeSet(173)) - Added Volume : /home/runner/work/ozone/ozone/hadoop-ozone/integration-test/target/test-dir/MiniOzoneClusterImpl-0f4e02f1-3148-4106-9850-9963db652c57/datanode-1/data/ratis to VolumeSet
2023-09-12 21:05:42,969 [Thread-157] INFO  ozoneimpl.ContainerReader (ContainerReader.java:readVolume(177)) - Finish verifying containers on volume /home/runner/work/ozone/ozone/hadoop-ozone/integration-test/target/test-dir/MiniOzoneClusterImpl-0f4e02f1-3148-4106-9850-9963db652c57/datanode-1/data-0/containers/hdds
2023-09-12 21:05:42,971 [JUnit] INFO  ozoneimpl.OzoneContainer (OzoneContainer.java:buildContainerSet(314)) - Build ContainerSet costs 0s
2023-09-12 21:05:42,974 [JUnit] INFO  server.RaftServer (ConfUtils.java:logGet(46)) - raft.rpc.type = GRPC (default)
2023-09-12 21:05:42,974 [JUnit] INFO  grpc.GrpcConfigKeys (ConfUtils.java:logFallback(53)) - raft.grpc.admin.host = null (fallback to raft.grpc.server.host)
2023-09-12 21:05:42,974 [JUnit] INFO  grpc.GrpcConfigKeys (ConfUtils.java:logGet(46)) - raft.grpc.admin.port = 15022 (custom)
2023-09-12 21:05:42,974 [JUnit] INFO  grpc.GrpcConfigKeys (ConfUtils.java:logFallback(53)) - raft.grpc.client.host = null (fallback to raft.grpc.server.host)
2023-09-12 21:05:42,975 [JUnit] INFO  grpc.GrpcConfigKeys (ConfUtils.java:logGet(46)) - raft.grpc.client.port = 15021 (custom)
2023-09-12 21:05:42,975 [JUnit] INFO  grpc.GrpcConfigKeys (ConfUtils.java:logGet(46)) - raft.grpc.server.host = null (default)
2023-09-12 21:05:42,975 [JUnit] INFO  grpc.GrpcConfigKeys (ConfUtils.java:logGet(46)) - raft.grpc.server.port = 15023 (custom)
2023-09-12 21:05:42,975 [JUnit] INFO  server.GrpcService (ConfUtils.java:logGet(46)) - raft.grpc.message.size.max = 32MB (=33554432) (custom)
2023-09-12 21:05:42,975 [JUnit] INFO  server.RaftServerConfigKeys (ConfUtils.java:logGet(46)) - raft.server.log.appender.buffer.byte-limit = 33554432 (custom)
2023-09-12 21:05:42,975 [JUnit] INFO  server.GrpcService (ConfUtils.java:logGet(46)) - raft.grpc.flow.control.window = 5MB (=5242880) (custom)
2023-09-12 21:05:42,975 [JUnit] INFO  server.RaftServerConfigKeys (ConfUtils.java:logGet(46)) - raft.server.rpc.request.timeout = 3000ms (default)
2023-09-12 21:05:42,975 [JUnit] INFO  grpc.GrpcConfigKeys (ConfUtils.java:logGet(46)) - raft.grpc.server.heartbeat.channel = true (default)
2023-09-12 21:05:42,976 [JUnit] INFO  grpc.GrpcConfigKeys (ConfUtils.java:logGet(46)) - raft.grpc.server.async.request.thread.pool.cached = true (default)
2023-09-12 21:05:42,976 [JUnit] INFO  grpc.GrpcConfigKeys (ConfUtils.java:logGet(46)) - raft.grpc.server.async.request.thread.pool.size = 32 (default)
2023-09-12 21:05:42,980 [JUnit] INFO  impl.DataStreamServerImpl (ConfUtils.java:logGet(46)) - raft.datastream.type = NETTY (custom)
2023-09-12 21:05:42,981 [JUnit] INFO  server.RaftServerConfigKeys (ConfUtils.java:logGet(46)) - raft.server.data-stream.async.request.thread.pool.cached = false (default)
2023-09-12 21:05:42,981 [JUnit] INFO  server.RaftServerConfigKeys (ConfUtils.java:logGet(46)) - raft.server.data-stream.async.request.thread.pool.size = 20 (custom)
2023-09-12 21:05:42,981 [JUnit] INFO  server.RaftServerConfigKeys (ConfUtils.java:logGet(46)) - raft.server.data-stream.async.write.thread.pool.size = 16 (default)
2023-09-12 21:05:42,981 [JUnit] INFO  server.RaftServerConfigKeys (ConfUtils.java:logGet(46)) - raft.server.data-stream.client.pool.size = 10 (default)
2023-09-12 21:05:42,981 [JUnit] INFO  netty.NettyConfigKeys$DataStream (ConfUtils.java:logGet(46)) - raft.netty.dataStream.server.use-epoll = false (default)
2023-09-12 21:05:42,982 [JUnit] INFO  netty.NettyConfigKeys$DataStream (ConfUtils.java:logGet(46)) - raft.netty.dataStream.server.boss-group.size = 0 (default)
2023-09-12 21:05:42,982 [JUnit] INFO  netty.NettyConfigKeys$DataStream (ConfUtils.java:logGet(46)) - raft.netty.dataStream.server.worker-group.size = 0 (default)
2023-09-12 21:05:42,983 [JUnit] INFO  netty.NettyConfigKeys$DataStream (ConfUtils.java:logGet(46)) - raft.netty.dataStream.server.tls.conf = null (default)
2023-09-12 21:05:42,983 [JUnit] INFO  netty.NettyConfigKeys$DataStream (ConfUtils.java:logGet(46)) - raft.netty.dataStream.host = null (default)
2023-09-12 21:05:42,983 [JUnit] INFO  netty.NettyConfigKeys$DataStream (ConfUtils.java:logGet(46)) - raft.netty.dataStream.port = 15024 (custom)
2023-09-12 21:05:42,984 [JUnit] INFO  server.RaftServerConfigKeys (ConfUtils.java:logGet(46)) - raft.server.threadpool.proxy.cached = true (default)
2023-09-12 21:05:42,984 [JUnit] INFO  server.RaftServerConfigKeys (ConfUtils.java:logGet(46)) - raft.server.threadpool.proxy.size = 0 (default)
2023-09-12 21:05:42,984 [JUnit] INFO  server.RaftServerConfigKeys (ConfUtils.java:logGet(46)) - raft.server.rpc.slowness.timeout = 300000ms (custom)
2023-09-12 21:05:42,984 [JUnit] INFO  server.RaftServerConfigKeys (ConfUtils.java:logGet(46)) - raft.server.leaderelection.leader.step-down.wait-time = 10s (default)
2023-09-12 21:05:42,985 [JUnit] INFO  server.RaftServerConfigKeys (ConfUtils.java:logGet(46)) - raft.server.storage.dir = [/home/runner/work/ozone/ozone/hadoop-ozone/integration-test/target/test-dir/MiniOzoneClusterImpl-0f4e02f1-3148-4106-9850-9963db652c57/datanode-1/data/ratis] (custom)
2023-09-12 21:05:42,987 [0c20a109-2ea1-4d97-ad73-cac537996a23-impl-thread1] INFO  server.RaftServer (RaftServerProxy.java:initGroupDir(258)) - 0c20a109-2ea1-4d97-ad73-cac537996a23: found a subdirectory /home/runner/work/ozone/ozone/hadoop-ozone/integration-test/target/test-dir/MiniOzoneClusterImpl-0f4e02f1-3148-4106-9850-9963db652c57/datanode-1/data/ratis/tmp
2023-09-12 21:05:42,987 [0c20a109-2ea1-4d97-ad73-cac537996a23-impl-thread1] INFO  server.RaftServer (RaftServerProxy.java:initGroupDir(263)) - 0c20a109-2ea1-4d97-ad73-cac537996a23: The directory /home/runner/work/ozone/ozone/hadoop-ozone/integration-test/target/test-dir/MiniOzoneClusterImpl-0f4e02f1-3148-4106-9850-9963db652c57/datanode-1/data/ratis/tmp is not a group directory; ignoring it. 
2023-09-12 21:05:42,988 [JUnit] INFO  replication.ReplicationServer (ReplicationServer.java:<init>(81)) - Initializing replication server with thread count = 10
2023-09-12 21:05:42,989 [JUnit] INFO  server.XceiverServerGrpc (XceiverServerGrpc.java:<init>(132)) - GrpcServer channel type EpollServerSocketChannel
2023-09-12 21:05:42,993 [JUnit] INFO  replication.ReplicationSupervisor (ReplicationSupervisor.java:build(155)) - Initializing replication supervisor with thread count = 10
2023-09-12 21:05:42,993 [JUnit] INFO  replication.ReplicationSupervisor (ReplicationSupervisor.java:nodeStateUpdated(307)) - Node state updated to IN_SERVICE, scaling executor pool size to 10
2023-09-12 21:05:42,995 [0c20a109-2ea1-4d97-ad73-cac537996a23-NettyServerStreamRpc-bossGroup--thread1] INFO  logging.LoggingHandler (AbstractInternalLogger.java:log(148)) - [id: 0x20780de6] REGISTERED
2023-09-12 21:05:42,996 [0c20a109-2ea1-4d97-ad73-cac537996a23-NettyServerStreamRpc-bossGroup--thread1] INFO  logging.LoggingHandler (AbstractInternalLogger.java:log(148)) - [id: 0x20780de6] BIND: 0.0.0.0/0.0.0.0:15024
2023-09-12 21:05:42,997 [0c20a109-2ea1-4d97-ad73-cac537996a23-NettyServerStreamRpc-bossGroup--thread1] INFO  logging.LoggingHandler (AbstractInternalLogger.java:log(148)) - [id: 0x20780de6, L:/0:0:0:0:0:0:0:0:15024] ACTIVE
2023-09-12 21:05:43,006 [JUnit] INFO  http.BaseHttpServer (BaseHttpServer.java:newHttpServer2BuilderForOzone(223)) - Starting Web-server for hddsDatanode at: http://0.0.0.0:15018
2023-09-12 21:05:43,006 [JUnit] INFO  http.BaseHttpServer (BaseHttpServer.java:<init>(110)) - Hadoop Security Enabled: false Ozone Security Enabled: false Ozone HTTP Security Enabled: false 
2023-09-12 21:05:43,008 [JUnit] WARN  server.AuthenticationFilter (AuthenticationFilter.java:constructSecretProvider(240)) - Unable to initialize FileSignerSecretProvider, falling back to use random secrets. Reason: Could not read signature secret file: /home/runner/hadoop-http-auth-signature-secret
2023-09-12 21:05:43,008 [JUnit] INFO  http.HttpRequestLog (HttpRequestLog.java:getRequestLog(86)) - Http request log for http.requests.hddsDatanode is not defined
2023-09-12 21:05:43,010 [JUnit] INFO  http.HttpServer2 (HttpServer2.java:addGlobalFilter(1031)) - Added global filter 'safety' (class=org.apache.hadoop.hdds.server.http.HttpServer2$QuotingInputFilter)
2023-09-12 21:05:43,011 [JUnit] INFO  http.HttpServer2 (HttpServer2.java:addFilter(1007)) - Added filter static_user_filter (class=org.apache.hadoop.http.lib.StaticUserWebFilter$StaticUserFilter) to context hddsDatanode
2023-09-12 21:05:43,012 [JUnit] INFO  http.HttpServer2 (HttpServer2.java:addFilter(1015)) - Added filter static_user_filter (class=org.apache.hadoop.http.lib.StaticUserWebFilter$StaticUserFilter) to context logs
2023-09-12 21:05:43,012 [JUnit] INFO  http.HttpServer2 (HttpServer2.java:addFilter(1015)) - Added filter static_user_filter (class=org.apache.hadoop.http.lib.StaticUserWebFilter$StaticUserFilter) to context static
2023-09-12 21:05:43,013 [JUnit] INFO  http.BaseHttpServer (BaseHttpServer.java:<init>(189)) - HTTP server of hddsDatanode uses base directory /home/runner/work/ozone/ozone/hadoop-ozone/integration-test/target/test-dir/MiniOzoneClusterImpl-0f4e02f1-3148-4106-9850-9963db652c57/datanode-1/meta/webserver
2023-09-12 21:05:43,014 [JUnit] INFO  http.HttpServer2 (HttpServer2.java:bindListener(1231)) - Jetty bound to port 15018
2023-09-12 21:05:43,014 [JUnit] INFO  server.Server (Server.java:doStart(375)) - jetty-9.4.51.v20230217; built: 2023-02-17T08:19:37.309Z; git: b45c405e4544384de066f814ed42ae3dceacdd49; jvm 1.8.0_382-b05
2023-09-12 21:05:43,028 [JUnit] INFO  server.session (DefaultSessionIdManager.java:doStart(334)) - DefaultSessionIdManager workerName=node0
2023-09-12 21:05:43,029 [JUnit] INFO  server.session (DefaultSessionIdManager.java:doStart(339)) - No SessionScavenger set, using defaults
2023-09-12 21:05:43,029 [JUnit] INFO  server.session (HouseKeeper.java:startScavenging(132)) - node0 Scavenging every 600000ms
2023-09-12 21:05:43,033 [JUnit] INFO  handler.ContextHandler (ContextHandler.java:doStart(921)) - Started o.e.j.s.ServletContextHandler@25254ec9{logs,/logs,file:///home/runner/work/ozone/ozone/hadoop-ozone/integration-test/target/log,AVAILABLE}
2023-09-12 21:05:43,034 [JUnit] INFO  handler.ContextHandler (ContextHandler.java:doStart(921)) - Started o.e.j.s.ServletContextHandler@7e7e5302{static,/static,jar:file:/home/runner/.m2/repository/org/apache/ozone/hdds-container-service/1.4.0-SNAPSHOT/hdds-container-service-1.4.0-SNAPSHOT.jar!/webapps/static,AVAILABLE}
2023-09-12 21:05:43,042 [om1@group-C5BA1605619E-FollowerState] INFO  impl.FollowerState (FollowerState.java:run(143)) - om1@group-C5BA1605619E-FollowerState: change to CANDIDATE, lastRpcElapsedTime:1064066813ns, electionTimeout:1056ms
2023-09-12 21:05:43,043 [om1@group-C5BA1605619E-FollowerState] INFO  impl.RoleInfo (RoleInfo.java:shutdownFollowerState(110)) - om1: shutdown om1@group-C5BA1605619E-FollowerState
2023-09-12 21:05:43,044 [om1@group-C5BA1605619E-FollowerState] INFO  server.RaftServer$Division (RaftServerImpl.java:setRole(329)) - om1@group-C5BA1605619E: changes role from  FOLLOWER to CANDIDATE at term 0 for changeToCandidate
2023-09-12 21:05:43,046 [om1@group-C5BA1605619E-FollowerState] INFO  server.RaftServerConfigKeys (ConfUtils.java:logGet(46)) - raft.server.leaderelection.pre-vote = true (default)
2023-09-12 21:05:43,046 [om1@group-C5BA1605619E-FollowerState] INFO  impl.RoleInfo (RoleInfo.java:updateAndGet(139)) - om1: start om1@group-C5BA1605619E-LeaderElection1
2023-09-12 21:05:43,059 [om1@group-C5BA1605619E-LeaderElection1] INFO  impl.LeaderElection (LeaderElection.java:askForVotes(321)) - om1@group-C5BA1605619E-LeaderElection1 PRE_VOTE round 0: submit vote requests at term 0 for -1: peers:[om1|rpc:localhost:15007|priority:0|startupRole:FOLLOWER]|listeners:[], old=null
2023-09-12 21:05:43,060 [om1@group-C5BA1605619E-LeaderElection1] INFO  impl.LeaderElection (LeaderElection.java:askForVotes(323)) - om1@group-C5BA1605619E-LeaderElection1 PRE_VOTE round 0: result PASSED (term=0)
2023-09-12 21:05:43,063 [om1@group-C5BA1605619E-LeaderElection1] INFO  impl.LeaderElection (LeaderElection.java:askForVotes(321)) - om1@group-C5BA1605619E-LeaderElection1 ELECTION round 0: submit vote requests at term 1 for -1: peers:[om1|rpc:localhost:15007|priority:0|startupRole:FOLLOWER]|listeners:[], old=null
2023-09-12 21:05:43,064 [om1@group-C5BA1605619E-LeaderElection1] INFO  impl.LeaderElection (LeaderElection.java:askForVotes(323)) - om1@group-C5BA1605619E-LeaderElection1 ELECTION round 0: result PASSED (term=1)
2023-09-12 21:05:43,064 [om1@group-C5BA1605619E-LeaderElection1] INFO  impl.RoleInfo (RoleInfo.java:shutdownLeaderElection(130)) - om1: shutdown om1@group-C5BA1605619E-LeaderElection1
2023-09-12 21:05:43,064 [om1@group-C5BA1605619E-LeaderElection1] INFO  server.RaftServer$Division (RaftServerImpl.java:setRole(329)) - om1@group-C5BA1605619E: changes role from CANDIDATE to LEADER at term 1 for changeToLeader
2023-09-12 21:05:43,067 [om1@group-C5BA1605619E-LeaderElection1] INFO  server.RaftServer$Division (ServerState.java:setLeader(317)) - om1@group-C5BA1605619E: change Leader from null to om1 at term 1 for becomeLeader, leader elected after 2025ms
2023-09-12 21:05:43,079 [om1@group-C5BA1605619E-LeaderElection1] INFO  server.RaftServerConfigKeys (ConfUtils.java:logGet(46)) - raft.server.staging.catchup.gap = 1000 (default)
2023-09-12 21:05:43,084 [Datanode State Machine Task Thread - 0] INFO  datanode.InitDatanodeState (InitDatanodeState.java:persistContainerDatanodeDetails(138)) - DatanodeDetails is persisted to /home/runner/work/ozone/ozone/hadoop-ozone/integration-test/target/test-dir/MiniOzoneClusterImpl-0f4e02f1-3148-4106-9850-9963db652c57/datanode-0/meta/datanode.id
2023-09-12 21:05:43,086 [om1@group-C5BA1605619E-LeaderElection1] INFO  server.RaftServerConfigKeys (ConfUtils.java:logGet(46)) - raft.server.write.element-limit = 4096 (default)
2023-09-12 21:05:43,087 [om1@group-C5BA1605619E-LeaderElection1] INFO  server.RaftServerConfigKeys (ConfUtils.java:logGet(46)) - raft.server.write.byte-limit = 64MB (=67108864) (default)
2023-09-12 21:05:43,094 [om1@group-C5BA1605619E-LeaderElection1] INFO  server.RaftServerConfigKeys (ConfUtils.java:logGet(46)) - raft.server.watch.timeout = 10s (default)
2023-09-12 21:05:43,094 [om1@group-C5BA1605619E-LeaderElection1] INFO  server.RaftServerConfigKeys (ConfUtils.java:logGet(46)) - raft.server.watch.timeout.denomination = 1s (default)
2023-09-12 21:05:43,096 [om1@group-C5BA1605619E-LeaderElection1] INFO  server.RaftServerConfigKeys (ConfUtils.java:logGet(46)) - raft.server.watch.element-limit = 65536 (default)
2023-09-12 21:05:43,104 [om1@group-C5BA1605619E-LeaderElection1] INFO  server.RaftServerConfigKeys (ConfUtils.java:logGet(46)) - raft.server.write.element-limit = 4096 (default)
2023-09-12 21:05:43,106 [om1@group-C5BA1605619E-LeaderElection1] INFO  server.RaftServerConfigKeys (ConfUtils.java:logGet(46)) - raft.server.write.follower.gap.ratio.max = -1.0 (default)
2023-09-12 21:05:43,110 [om1@group-C5BA1605619E-LeaderElection1] INFO  impl.RoleInfo (RoleInfo.java:updateAndGet(139)) - om1: start om1@group-C5BA1605619E-LeaderStateImpl
2023-09-12 21:05:43,145 [om1@group-C5BA1605619E-LeaderElection1] INFO  segmented.SegmentedRaftLogWorker (SegmentedRaftLogWorker.java:startLogSegment(447)) - om1@group-C5BA1605619E-SegmentedRaftLogWorker: Starting segment from index:0
2023-09-12 21:05:43,199 [om1@group-C5BA1605619E-LeaderElection1] INFO  server.RaftServer$Division (ServerState.java:setRaftConf(434)) - om1@group-C5BA1605619E: set configuration 0: peers:[om1|rpc:localhost:15007|admin:|client:|dataStream:|priority:0|startupRole:FOLLOWER]|listeners:[], old=null
2023-09-12 21:05:43,251 [om1@group-C5BA1605619E-SegmentedRaftLogWorker] INFO  segmented.SegmentedRaftLogWorker (SegmentedRaftLogWorker.java:execute(651)) - om1@group-C5BA1605619E-SegmentedRaftLogWorker: created new log segment /home/runner/work/ozone/ozone/hadoop-ozone/integration-test/target/test-dir/MiniOzoneClusterImpl-0f4e02f1-3148-4106-9850-9963db652c57/ozone-meta/ratis/bf265839-605b-3f16-9796-c5ba1605619e/current/log_inprogress_0
2023-09-12 21:05:43,348 [om1@group-C5BA1605619E-StateMachineUpdater] INFO  ratis.OzoneManagerStateMachine (OzoneManagerStateMachine.java:notifyConfigurationChanged(202)) - Received Configuration change notification from Ratis. New Peer list:
[id: "om1"
address: "localhost:15007"
startupRole: FOLLOWER
]
2023-09-12 21:05:43,381 [JUnit] INFO  handler.ContextHandler (ContextHandler.java:doStart(921)) - Started o.e.j.w.WebAppContext@1573b1dc{hddsDatanode,/,file:///home/runner/work/ozone/ozone/hadoop-ozone/integration-test/target/test-dir/MiniOzoneClusterImpl-0f4e02f1-3148-4106-9850-9963db652c57/datanode-1/meta/webserver/jetty-0_0_0_0-15018-hdds-container-service-1_4_0-SNAPSHOT_jar-_-any-6439308272871045805/webapp/,AVAILABLE}{jar:file:/home/runner/.m2/repository/org/apache/ozone/hdds-container-service/1.4.0-SNAPSHOT/hdds-container-service-1.4.0-SNAPSHOT.jar!/webapps/hddsDatanode}
2023-09-12 21:05:43,382 [JUnit] INFO  server.AbstractConnector (AbstractConnector.java:doStart(333)) - Started ServerConnector@46822ffd{HTTP/1.1, (http/1.1)}{0.0.0.0:15018}
2023-09-12 21:05:43,382 [JUnit] INFO  server.Server (Server.java:doStart(415)) - Started @8455ms
2023-09-12 21:05:43,382 [JUnit] WARN  impl.MetricsSystemImpl (MetricsSystemImpl.java:register(279)) - Sink prometheus already exists!
2023-09-12 21:05:43,383 [JUnit] INFO  http.BaseHttpServer (BaseHttpServer.java:updateConnectorAddress(354)) - HTTP server of hddsDatanode listening at http://0.0.0.0:15018
2023-09-12 21:05:43,383 [JUnit] INFO  ipc.CallQueueManager (CallQueueManager.java:<init>(90)) - Using callQueue: class java.util.concurrent.LinkedBlockingQueue, queueCapacity: 100, scheduler: class org.apache.hadoop.ipc.DefaultRpcScheduler, ipcBackoff: false.
2023-09-12 21:05:43,383 [JUnit] INFO  ipc.Server (Server.java:<init>(1287)) - Listener at 0.0.0.0:15019
2023-09-12 21:05:43,384 [Socket Reader #1 for port 15019] INFO  ipc.Server (Server.java:run(1323)) - Starting Socket Reader #1 for port 15019
2023-09-12 21:05:43,392 [JUnit] INFO  ozone.HddsDatanodeService (HddsDatanodeService.java:start(315)) - Datanode start with admins: [runner]
2023-09-12 21:05:43,392 [JUnit] INFO  ozone.HddsDatanodeClientProtocolServer (HddsDatanodeClientProtocolServer.java:start(72)) - RPC server for Client /0.0.0.0:15019
2023-09-12 21:05:43,393 [IPC Server Responder] INFO  ipc.Server (Server.java:run(1562)) - IPC Server Responder: starting
2023-09-12 21:05:43,393 [IPC Server listener on 15019] INFO  ipc.Server (Server.java:run(1402)) - IPC Server listener on 15019: starting
2023-09-12 21:05:43,393 [JUnit] WARN  impl.MetricRegistriesImpl (MetricRegistriesImpl.java:addReporterRegistration(111)) - New reporters are added after registries were created. Some metrics will be missing from the reporter. Please add reporter before adding any new registry.
2023-09-12 21:05:43,393 [Datanode State Machine Daemon Thread] INFO  statemachine.DatanodeStateMachine (DatanodeStateMachine.java:lambda$startDaemon$0(538)) - Ozone container server started.
2023-09-12 21:05:43,396 [JUnit] WARN  impl.MetricRegistriesImpl (MetricRegistriesImpl.java:addReporterRegistration(111)) - New reporters are added after registries were created. Some metrics will be missing from the reporter. Please add reporter before adding any new registry.
2023-09-12 21:05:43,397 [JUnit] INFO  impl.MetricsSystemImpl (MetricsSystemImpl.java:init(158)) - HddsDatanode metrics system started (again)
2023-09-12 21:05:43,431 [JUnit] INFO  ozone.HddsDatanodeService (HddsDatanodeService.java:start(237)) - HddsDatanodeService host:fv-az740-690.qoj0rp3pihcejmpunbvrynwprc.phxx.internal.cloudapp.net ip:10.1.0.4
2023-09-12 21:05:43,454 [Datanode State Machine Task Thread - 0] INFO  datanode.InitDatanodeState (InitDatanodeState.java:persistContainerDatanodeDetails(138)) - DatanodeDetails is persisted to /home/runner/work/ozone/ozone/hadoop-ozone/integration-test/target/test-dir/MiniOzoneClusterImpl-0f4e02f1-3148-4106-9850-9963db652c57/datanode-1/meta/datanode.id
2023-09-12 21:05:43,467 [JUnit] INFO  upgrade.AbstractLayoutVersionManager (AbstractLayoutVersionManager.java:init(83)) - Initializing Layout version manager with metadata layout = HADOOP_PRC_PORTS_IN_DATANODEDETAILS (version = 7), software layout = HADOOP_PRC_PORTS_IN_DATANODEDETAILS (version = 7)
2023-09-12 21:05:43,469 [JUnit] INFO  statemachine.DatanodeStateMachine (DatanodeStateMachine.java:getEndPointTaskThreadPoolSize(282)) - Datanode State Machine Task Thread Pool size 2
2023-09-12 21:05:43,473 [JUnit] INFO  volume.HddsVolume (HddsVolume.java:<init>(126)) - Creating HddsVolume: /home/runner/work/ozone/ozone/hadoop-ozone/integration-test/target/test-dir/MiniOzoneClusterImpl-0f4e02f1-3148-4106-9850-9963db652c57/datanode-2/data-0/containers/hdds of storage type : DISK capacity : 9223372036854775807
2023-09-12 21:05:43,473 [JUnit] INFO  volume.MutableVolumeSet (MutableVolumeSet.java:initializeVolumeSet(173)) - Added Volume : /home/runner/work/ozone/ozone/hadoop-ozone/integration-test/target/test-dir/MiniOzoneClusterImpl-0f4e02f1-3148-4106-9850-9963db652c57/datanode-2/data-0/containers/hdds to VolumeSet
2023-09-12 21:05:43,475 [JUnit] INFO  volume.MutableVolumeSet (MutableVolumeSet.java:initializeVolumeSet(173)) - Added Volume : /home/runner/work/ozone/ozone/hadoop-ozone/integration-test/target/test-dir/MiniOzoneClusterImpl-0f4e02f1-3148-4106-9850-9963db652c57/datanode-2/data/ratis to VolumeSet
2023-09-12 21:05:43,475 [Thread-176] INFO  ozoneimpl.ContainerReader (ContainerReader.java:readVolume(177)) - Finish verifying containers on volume /home/runner/work/ozone/ozone/hadoop-ozone/integration-test/target/test-dir/MiniOzoneClusterImpl-0f4e02f1-3148-4106-9850-9963db652c57/datanode-2/data-0/containers/hdds
2023-09-12 21:05:43,475 [JUnit] INFO  ozoneimpl.OzoneContainer (OzoneContainer.java:buildContainerSet(314)) - Build ContainerSet costs 0s
2023-09-12 21:05:43,479 [JUnit] INFO  server.RaftServer (ConfUtils.java:logGet(46)) - raft.rpc.type = GRPC (default)
2023-09-12 21:05:43,479 [JUnit] INFO  grpc.GrpcConfigKeys (ConfUtils.java:logFallback(53)) - raft.grpc.admin.host = null (fallback to raft.grpc.server.host)
2023-09-12 21:05:43,479 [JUnit] INFO  grpc.GrpcConfigKeys (ConfUtils.java:logGet(46)) - raft.grpc.admin.port = 15031 (custom)
2023-09-12 21:05:43,479 [JUnit] INFO  grpc.GrpcConfigKeys (ConfUtils.java:logFallback(53)) - raft.grpc.client.host = null (fallback to raft.grpc.server.host)
2023-09-12 21:05:43,479 [JUnit] INFO  grpc.GrpcConfigKeys (ConfUtils.java:logGet(46)) - raft.grpc.client.port = 15030 (custom)
2023-09-12 21:05:43,479 [JUnit] INFO  grpc.GrpcConfigKeys (ConfUtils.java:logGet(46)) - raft.grpc.server.host = null (default)
2023-09-12 21:05:43,479 [JUnit] INFO  grpc.GrpcConfigKeys (ConfUtils.java:logGet(46)) - raft.grpc.server.port = 15032 (custom)
2023-09-12 21:05:43,479 [JUnit] INFO  server.GrpcService (ConfUtils.java:logGet(46)) - raft.grpc.message.size.max = 32MB (=33554432) (custom)
2023-09-12 21:05:43,480 [JUnit] INFO  server.RaftServerConfigKeys (ConfUtils.java:logGet(46)) - raft.server.log.appender.buffer.byte-limit = 33554432 (custom)
2023-09-12 21:05:43,480 [JUnit] INFO  server.GrpcService (ConfUtils.java:logGet(46)) - raft.grpc.flow.control.window = 5MB (=5242880) (custom)
2023-09-12 21:05:43,480 [JUnit] INFO  server.RaftServerConfigKeys (ConfUtils.java:logGet(46)) - raft.server.rpc.request.timeout = 3000ms (default)
2023-09-12 21:05:43,480 [JUnit] INFO  grpc.GrpcConfigKeys (ConfUtils.java:logGet(46)) - raft.grpc.server.heartbeat.channel = true (default)
2023-09-12 21:05:43,480 [JUnit] INFO  grpc.GrpcConfigKeys (ConfUtils.java:logGet(46)) - raft.grpc.server.async.request.thread.pool.cached = true (default)
2023-09-12 21:05:43,480 [JUnit] INFO  grpc.GrpcConfigKeys (ConfUtils.java:logGet(46)) - raft.grpc.server.async.request.thread.pool.size = 32 (default)
2023-09-12 21:05:43,482 [JUnit] INFO  impl.DataStreamServerImpl (ConfUtils.java:logGet(46)) - raft.datastream.type = NETTY (custom)
2023-09-12 21:05:43,483 [JUnit] INFO  server.RaftServerConfigKeys (ConfUtils.java:logGet(46)) - raft.server.data-stream.async.request.thread.pool.cached = false (default)
2023-09-12 21:05:43,483 [JUnit] INFO  server.RaftServerConfigKeys (ConfUtils.java:logGet(46)) - raft.server.data-stream.async.request.thread.pool.size = 20 (custom)
2023-09-12 21:05:43,483 [JUnit] INFO  server.RaftServerConfigKeys (ConfUtils.java:logGet(46)) - raft.server.data-stream.async.write.thread.pool.size = 16 (default)
2023-09-12 21:05:43,483 [JUnit] INFO  server.RaftServerConfigKeys (ConfUtils.java:logGet(46)) - raft.server.data-stream.client.pool.size = 10 (default)
2023-09-12 21:05:43,483 [JUnit] INFO  netty.NettyConfigKeys$DataStream (ConfUtils.java:logGet(46)) - raft.netty.dataStream.server.use-epoll = false (default)
2023-09-12 21:05:43,483 [JUnit] INFO  netty.NettyConfigKeys$DataStream (ConfUtils.java:logGet(46)) - raft.netty.dataStream.server.boss-group.size = 0 (default)
2023-09-12 21:05:43,484 [JUnit] INFO  netty.NettyConfigKeys$DataStream (ConfUtils.java:logGet(46)) - raft.netty.dataStream.server.worker-group.size = 0 (default)
2023-09-12 21:05:43,484 [JUnit] INFO  netty.NettyConfigKeys$DataStream (ConfUtils.java:logGet(46)) - raft.netty.dataStream.server.tls.conf = null (default)
2023-09-12 21:05:43,484 [JUnit] INFO  netty.NettyConfigKeys$DataStream (ConfUtils.java:logGet(46)) - raft.netty.dataStream.host = null (default)
2023-09-12 21:05:43,484 [JUnit] INFO  netty.NettyConfigKeys$DataStream (ConfUtils.java:logGet(46)) - raft.netty.dataStream.port = 15033 (custom)
2023-09-12 21:05:43,485 [JUnit] INFO  server.RaftServerConfigKeys (ConfUtils.java:logGet(46)) - raft.server.threadpool.proxy.cached = true (default)
2023-09-12 21:05:43,485 [JUnit] INFO  server.RaftServerConfigKeys (ConfUtils.java:logGet(46)) - raft.server.threadpool.proxy.size = 0 (default)
2023-09-12 21:05:43,485 [JUnit] INFO  server.RaftServerConfigKeys (ConfUtils.java:logGet(46)) - raft.server.rpc.slowness.timeout = 300000ms (custom)
2023-09-12 21:05:43,485 [JUnit] INFO  server.RaftServerConfigKeys (ConfUtils.java:logGet(46)) - raft.server.leaderelection.leader.step-down.wait-time = 10s (default)
2023-09-12 21:05:43,485 [JUnit] INFO  server.RaftServerConfigKeys (ConfUtils.java:logGet(46)) - raft.server.storage.dir = [/home/runner/work/ozone/ozone/hadoop-ozone/integration-test/target/test-dir/MiniOzoneClusterImpl-0f4e02f1-3148-4106-9850-9963db652c57/datanode-2/data/ratis] (custom)
2023-09-12 21:05:43,486 [f162601e-1a73-446f-bfff-b907124620c0-impl-thread1] INFO  server.RaftServer (RaftServerProxy.java:initGroupDir(258)) - f162601e-1a73-446f-bfff-b907124620c0: found a subdirectory /home/runner/work/ozone/ozone/hadoop-ozone/integration-test/target/test-dir/MiniOzoneClusterImpl-0f4e02f1-3148-4106-9850-9963db652c57/datanode-2/data/ratis/tmp
2023-09-12 21:05:43,486 [f162601e-1a73-446f-bfff-b907124620c0-impl-thread1] INFO  server.RaftServer (RaftServerProxy.java:initGroupDir(263)) - f162601e-1a73-446f-bfff-b907124620c0: The directory /home/runner/work/ozone/ozone/hadoop-ozone/integration-test/target/test-dir/MiniOzoneClusterImpl-0f4e02f1-3148-4106-9850-9963db652c57/datanode-2/data/ratis/tmp is not a group directory; ignoring it. 
2023-09-12 21:05:43,486 [JUnit] INFO  replication.ReplicationServer (ReplicationServer.java:<init>(81)) - Initializing replication server with thread count = 10
2023-09-12 21:05:43,487 [JUnit] INFO  server.XceiverServerGrpc (XceiverServerGrpc.java:<init>(132)) - GrpcServer channel type EpollServerSocketChannel
2023-09-12 21:05:43,489 [JUnit] INFO  replication.ReplicationSupervisor (ReplicationSupervisor.java:build(155)) - Initializing replication supervisor with thread count = 10
2023-09-12 21:05:43,489 [JUnit] INFO  replication.ReplicationSupervisor (ReplicationSupervisor.java:nodeStateUpdated(307)) - Node state updated to IN_SERVICE, scaling executor pool size to 10
2023-09-12 21:05:43,499 [f162601e-1a73-446f-bfff-b907124620c0-NettyServerStreamRpc-bossGroup--thread1] INFO  logging.LoggingHandler (AbstractInternalLogger.java:log(148)) - [id: 0x0231f8ac] REGISTERED
2023-09-12 21:05:43,499 [f162601e-1a73-446f-bfff-b907124620c0-NettyServerStreamRpc-bossGroup--thread1] INFO  logging.LoggingHandler (AbstractInternalLogger.java:log(148)) - [id: 0x0231f8ac] BIND: 0.0.0.0/0.0.0.0:15033
2023-09-12 21:05:43,500 [JUnit] INFO  http.BaseHttpServer (BaseHttpServer.java:newHttpServer2BuilderForOzone(223)) - Starting Web-server for hddsDatanode at: http://0.0.0.0:15027
2023-09-12 21:05:43,500 [JUnit] INFO  http.BaseHttpServer (BaseHttpServer.java:<init>(110)) - Hadoop Security Enabled: false Ozone Security Enabled: false Ozone HTTP Security Enabled: false 
2023-09-12 21:05:43,501 [JUnit] WARN  server.AuthenticationFilter (AuthenticationFilter.java:constructSecretProvider(240)) - Unable to initialize FileSignerSecretProvider, falling back to use random secrets. Reason: Could not read signature secret file: /home/runner/hadoop-http-auth-signature-secret
2023-09-12 21:05:43,502 [JUnit] INFO  http.HttpRequestLog (HttpRequestLog.java:getRequestLog(86)) - Http request log for http.requests.hddsDatanode is not defined
2023-09-12 21:05:43,503 [JUnit] INFO  http.HttpServer2 (HttpServer2.java:addGlobalFilter(1031)) - Added global filter 'safety' (class=org.apache.hadoop.hdds.server.http.HttpServer2$QuotingInputFilter)
2023-09-12 21:05:43,503 [f162601e-1a73-446f-bfff-b907124620c0-NettyServerStreamRpc-bossGroup--thread1] INFO  logging.LoggingHandler (AbstractInternalLogger.java:log(148)) - [id: 0x0231f8ac, L:/0:0:0:0:0:0:0:0:15033] ACTIVE
2023-09-12 21:05:43,504 [JUnit] INFO  http.HttpServer2 (HttpServer2.java:addFilter(1007)) - Added filter static_user_filter (class=org.apache.hadoop.http.lib.StaticUserWebFilter$StaticUserFilter) to context hddsDatanode
2023-09-12 21:05:43,504 [JUnit] INFO  http.HttpServer2 (HttpServer2.java:addFilter(1015)) - Added filter static_user_filter (class=org.apache.hadoop.http.lib.StaticUserWebFilter$StaticUserFilter) to context static
2023-09-12 21:05:43,504 [JUnit] INFO  http.HttpServer2 (HttpServer2.java:addFilter(1015)) - Added filter static_user_filter (class=org.apache.hadoop.http.lib.StaticUserWebFilter$StaticUserFilter) to context logs
2023-09-12 21:05:43,505 [JUnit] INFO  http.BaseHttpServer (BaseHttpServer.java:<init>(189)) - HTTP server of hddsDatanode uses base directory /home/runner/work/ozone/ozone/hadoop-ozone/integration-test/target/test-dir/MiniOzoneClusterImpl-0f4e02f1-3148-4106-9850-9963db652c57/datanode-2/meta/webserver
2023-09-12 21:05:43,505 [JUnit] INFO  http.HttpServer2 (HttpServer2.java:bindListener(1231)) - Jetty bound to port 15027
2023-09-12 21:05:43,505 [JUnit] INFO  server.Server (Server.java:doStart(375)) - jetty-9.4.51.v20230217; built: 2023-02-17T08:19:37.309Z; git: b45c405e4544384de066f814ed42ae3dceacdd49; jvm 1.8.0_382-b05
2023-09-12 21:05:43,512 [JUnit] INFO  server.session (DefaultSessionIdManager.java:doStart(334)) - DefaultSessionIdManager workerName=node0
2023-09-12 21:05:43,512 [JUnit] INFO  server.session (DefaultSessionIdManager.java:doStart(339)) - No SessionScavenger set, using defaults
2023-09-12 21:05:43,512 [JUnit] INFO  server.session (HouseKeeper.java:startScavenging(132)) - node0 Scavenging every 660000ms
2023-09-12 21:05:43,512 [JUnit] INFO  handler.ContextHandler (ContextHandler.java:doStart(921)) - Started o.e.j.s.ServletContextHandler@5f90cbac{logs,/logs,file:///home/runner/work/ozone/ozone/hadoop-ozone/integration-test/target/log,AVAILABLE}
2023-09-12 21:05:43,513 [JUnit] INFO  handler.ContextHandler (ContextHandler.java:doStart(921)) - Started o.e.j.s.ServletContextHandler@5461b718{static,/static,jar:file:/home/runner/.m2/repository/org/apache/ozone/hdds-container-service/1.4.0-SNAPSHOT/hdds-container-service-1.4.0-SNAPSHOT.jar!/webapps/static,AVAILABLE}
2023-09-12 21:05:43,721 [JUnit] INFO  handler.ContextHandler (ContextHandler.java:doStart(921)) - Started o.e.j.w.WebAppContext@1bf093f5{hddsDatanode,/,file:///home/runner/work/ozone/ozone/hadoop-ozone/integration-test/target/test-dir/MiniOzoneClusterImpl-0f4e02f1-3148-4106-9850-9963db652c57/datanode-2/meta/webserver/jetty-0_0_0_0-15027-hdds-container-service-1_4_0-SNAPSHOT_jar-_-any-6861090793482168114/webapp/,AVAILABLE}{jar:file:/home/runner/.m2/repository/org/apache/ozone/hdds-container-service/1.4.0-SNAPSHOT/hdds-container-service-1.4.0-SNAPSHOT.jar!/webapps/hddsDatanode}
2023-09-12 21:05:43,723 [JUnit] INFO  server.AbstractConnector (AbstractConnector.java:doStart(333)) - Started ServerConnector@2b102cdf{HTTP/1.1, (http/1.1)}{0.0.0.0:15027}
2023-09-12 21:05:43,723 [JUnit] INFO  server.Server (Server.java:doStart(415)) - Started @8797ms
2023-09-12 21:05:43,724 [JUnit] WARN  impl.MetricsSystemImpl (MetricsSystemImpl.java:register(279)) - Sink prometheus already exists!
2023-09-12 21:05:43,724 [JUnit] INFO  http.BaseHttpServer (BaseHttpServer.java:updateConnectorAddress(354)) - HTTP server of hddsDatanode listening at http://0.0.0.0:15027
2023-09-12 21:05:43,725 [JUnit] INFO  ipc.CallQueueManager (CallQueueManager.java:<init>(90)) - Using callQueue: class java.util.concurrent.LinkedBlockingQueue, queueCapacity: 100, scheduler: class org.apache.hadoop.ipc.DefaultRpcScheduler, ipcBackoff: false.
2023-09-12 21:05:43,725 [JUnit] INFO  ipc.Server (Server.java:<init>(1287)) - Listener at 0.0.0.0:15028
2023-09-12 21:05:43,727 [Socket Reader #1 for port 15028] INFO  ipc.Server (Server.java:run(1323)) - Starting Socket Reader #1 for port 15028
2023-09-12 21:05:43,735 [JUnit] INFO  ozone.HddsDatanodeService (HddsDatanodeService.java:start(315)) - Datanode start with admins: [runner]
2023-09-12 21:05:43,735 [JUnit] INFO  ozone.HddsDatanodeClientProtocolServer (HddsDatanodeClientProtocolServer.java:start(72)) - RPC server for Client /0.0.0.0:15028
2023-09-12 21:05:43,738 [Datanode State Machine Daemon Thread] INFO  statemachine.DatanodeStateMachine (DatanodeStateMachine.java:lambda$startDaemon$0(538)) - Ozone container server started.
2023-09-12 21:05:43,738 [IPC Server listener on 15028] INFO  ipc.Server (Server.java:run(1402)) - IPC Server listener on 15028: starting
2023-09-12 21:05:43,738 [IPC Server Responder] INFO  ipc.Server (Server.java:run(1562)) - IPC Server Responder: starting
2023-09-12 21:05:43,738 [JUnit] WARN  impl.MetricRegistriesImpl (MetricRegistriesImpl.java:addReporterRegistration(111)) - New reporters are added after registries were created. Some metrics will be missing from the reporter. Please add reporter before adding any new registry.
2023-09-12 21:05:43,739 [JUnit] WARN  impl.MetricRegistriesImpl (MetricRegistriesImpl.java:addReporterRegistration(111)) - New reporters are added after registries were created. Some metrics will be missing from the reporter. Please add reporter before adding any new registry.
2023-09-12 21:05:43,739 [JUnit] INFO  impl.MetricsSystemImpl (MetricsSystemImpl.java:init(158)) - HddsDatanode metrics system started (again)
2023-09-12 21:05:43,752 [JUnit] INFO  ozone.HddsDatanodeService (HddsDatanodeService.java:start(237)) - HddsDatanodeService host:fv-az740-690.qoj0rp3pihcejmpunbvrynwprc.phxx.internal.cloudapp.net ip:10.1.0.4
2023-09-12 21:05:43,761 [Datanode State Machine Task Thread - 0] INFO  datanode.InitDatanodeState (InitDatanodeState.java:persistContainerDatanodeDetails(138)) - DatanodeDetails is persisted to /home/runner/work/ozone/ozone/hadoop-ozone/integration-test/target/test-dir/MiniOzoneClusterImpl-0f4e02f1-3148-4106-9850-9963db652c57/datanode-2/meta/datanode.id
2023-09-12 21:05:43,774 [JUnit] INFO  upgrade.AbstractLayoutVersionManager (AbstractLayoutVersionManager.java:init(83)) - Initializing Layout version manager with metadata layout = HADOOP_PRC_PORTS_IN_DATANODEDETAILS (version = 7), software layout = HADOOP_PRC_PORTS_IN_DATANODEDETAILS (version = 7)
2023-09-12 21:05:43,775 [JUnit] INFO  statemachine.DatanodeStateMachine (DatanodeStateMachine.java:getEndPointTaskThreadPoolSize(282)) - Datanode State Machine Task Thread Pool size 2
2023-09-12 21:05:43,783 [JUnit] INFO  volume.HddsVolume (HddsVolume.java:<init>(126)) - Creating HddsVolume: /home/runner/work/ozone/ozone/hadoop-ozone/integration-test/target/test-dir/MiniOzoneClusterImpl-0f4e02f1-3148-4106-9850-9963db652c57/datanode-3/data-0/containers/hdds of storage type : DISK capacity : 9223372036854775807
2023-09-12 21:05:43,783 [JUnit] INFO  volume.MutableVolumeSet (MutableVolumeSet.java:initializeVolumeSet(173)) - Added Volume : /home/runner/work/ozone/ozone/hadoop-ozone/integration-test/target/test-dir/MiniOzoneClusterImpl-0f4e02f1-3148-4106-9850-9963db652c57/datanode-3/data-0/containers/hdds to VolumeSet
2023-09-12 21:05:43,785 [JUnit] INFO  volume.MutableVolumeSet (MutableVolumeSet.java:initializeVolumeSet(173)) - Added Volume : /home/runner/work/ozone/ozone/hadoop-ozone/integration-test/target/test-dir/MiniOzoneClusterImpl-0f4e02f1-3148-4106-9850-9963db652c57/datanode-3/data/ratis to VolumeSet
2023-09-12 21:05:43,791 [Thread-193] INFO  ozoneimpl.ContainerReader (ContainerReader.java:readVolume(177)) - Finish verifying containers on volume /home/runner/work/ozone/ozone/hadoop-ozone/integration-test/target/test-dir/MiniOzoneClusterImpl-0f4e02f1-3148-4106-9850-9963db652c57/datanode-3/data-0/containers/hdds
2023-09-12 21:05:43,791 [JUnit] INFO  ozoneimpl.OzoneContainer (OzoneContainer.java:buildContainerSet(314)) - Build ContainerSet costs 0s
2023-09-12 21:05:43,801 [JUnit] INFO  server.RaftServer (ConfUtils.java:logGet(46)) - raft.rpc.type = GRPC (default)
2023-09-12 21:05:43,801 [JUnit] INFO  grpc.GrpcConfigKeys (ConfUtils.java:logFallback(53)) - raft.grpc.admin.host = null (fallback to raft.grpc.server.host)
2023-09-12 21:05:43,801 [JUnit] INFO  grpc.GrpcConfigKeys (ConfUtils.java:logGet(46)) - raft.grpc.admin.port = 15040 (custom)
2023-09-12 21:05:43,801 [JUnit] INFO  grpc.GrpcConfigKeys (ConfUtils.java:logFallback(53)) - raft.grpc.client.host = null (fallback to raft.grpc.server.host)
2023-09-12 21:05:43,801 [JUnit] INFO  grpc.GrpcConfigKeys (ConfUtils.java:logGet(46)) - raft.grpc.client.port = 15039 (custom)
2023-09-12 21:05:43,801 [JUnit] INFO  grpc.GrpcConfigKeys (ConfUtils.java:logGet(46)) - raft.grpc.server.host = null (default)
2023-09-12 21:05:43,801 [JUnit] INFO  grpc.GrpcConfigKeys (ConfUtils.java:logGet(46)) - raft.grpc.server.port = 15041 (custom)
2023-09-12 21:05:43,801 [JUnit] INFO  server.GrpcService (ConfUtils.java:logGet(46)) - raft.grpc.message.size.max = 32MB (=33554432) (custom)
2023-09-12 21:05:43,802 [JUnit] INFO  server.RaftServerConfigKeys (ConfUtils.java:logGet(46)) - raft.server.log.appender.buffer.byte-limit = 33554432 (custom)
2023-09-12 21:05:43,802 [JUnit] INFO  server.GrpcService (ConfUtils.java:logGet(46)) - raft.grpc.flow.control.window = 5MB (=5242880) (custom)
2023-09-12 21:05:43,802 [JUnit] INFO  server.RaftServerConfigKeys (ConfUtils.java:logGet(46)) - raft.server.rpc.request.timeout = 3000ms (default)
2023-09-12 21:05:43,802 [JUnit] INFO  grpc.GrpcConfigKeys (ConfUtils.java:logGet(46)) - raft.grpc.server.heartbeat.channel = true (default)
2023-09-12 21:05:43,802 [JUnit] INFO  grpc.GrpcConfigKeys (ConfUtils.java:logGet(46)) - raft.grpc.server.async.request.thread.pool.cached = true (default)
2023-09-12 21:05:43,802 [JUnit] INFO  grpc.GrpcConfigKeys (ConfUtils.java:logGet(46)) - raft.grpc.server.async.request.thread.pool.size = 32 (default)
2023-09-12 21:05:43,804 [JUnit] INFO  impl.DataStreamServerImpl (ConfUtils.java:logGet(46)) - raft.datastream.type = NETTY (custom)
2023-09-12 21:05:43,804 [JUnit] INFO  server.RaftServerConfigKeys (ConfUtils.java:logGet(46)) - raft.server.data-stream.async.request.thread.pool.cached = false (default)
2023-09-12 21:05:43,805 [JUnit] INFO  server.RaftServerConfigKeys (ConfUtils.java:logGet(46)) - raft.server.data-stream.async.request.thread.pool.size = 20 (custom)
2023-09-12 21:05:43,805 [JUnit] INFO  server.RaftServerConfigKeys (ConfUtils.java:logGet(46)) - raft.server.data-stream.async.write.thread.pool.size = 16 (default)
2023-09-12 21:05:43,805 [JUnit] INFO  server.RaftServerConfigKeys (ConfUtils.java:logGet(46)) - raft.server.data-stream.client.pool.size = 10 (default)
2023-09-12 21:05:43,805 [JUnit] INFO  netty.NettyConfigKeys$DataStream (ConfUtils.java:logGet(46)) - raft.netty.dataStream.server.use-epoll = false (default)
2023-09-12 21:05:43,805 [JUnit] INFO  netty.NettyConfigKeys$DataStream (ConfUtils.java:logGet(46)) - raft.netty.dataStream.server.boss-group.size = 0 (default)
2023-09-12 21:05:43,805 [JUnit] INFO  netty.NettyConfigKeys$DataStream (ConfUtils.java:logGet(46)) - raft.netty.dataStream.server.worker-group.size = 0 (default)
2023-09-12 21:05:43,806 [JUnit] INFO  netty.NettyConfigKeys$DataStream (ConfUtils.java:logGet(46)) - raft.netty.dataStream.server.tls.conf = null (default)
2023-09-12 21:05:43,806 [JUnit] INFO  netty.NettyConfigKeys$DataStream (ConfUtils.java:logGet(46)) - raft.netty.dataStream.host = null (default)
2023-09-12 21:05:43,806 [JUnit] INFO  netty.NettyConfigKeys$DataStream (ConfUtils.java:logGet(46)) - raft.netty.dataStream.port = 15042 (custom)
2023-09-12 21:05:43,806 [JUnit] INFO  server.RaftServerConfigKeys (ConfUtils.java:logGet(46)) - raft.server.threadpool.proxy.cached = true (default)
2023-09-12 21:05:43,806 [JUnit] INFO  server.RaftServerConfigKeys (ConfUtils.java:logGet(46)) - raft.server.threadpool.proxy.size = 0 (default)
2023-09-12 21:05:43,806 [JUnit] INFO  server.RaftServerConfigKeys (ConfUtils.java:logGet(46)) - raft.server.rpc.slowness.timeout = 300000ms (custom)
2023-09-12 21:05:43,807 [JUnit] INFO  server.RaftServerConfigKeys (ConfUtils.java:logGet(46)) - raft.server.leaderelection.leader.step-down.wait-time = 10s (default)
2023-09-12 21:05:43,807 [JUnit] INFO  server.RaftServerConfigKeys (ConfUtils.java:logGet(46)) - raft.server.storage.dir = [/home/runner/work/ozone/ozone/hadoop-ozone/integration-test/target/test-dir/MiniOzoneClusterImpl-0f4e02f1-3148-4106-9850-9963db652c57/datanode-3/data/ratis] (custom)
2023-09-12 21:05:43,809 [78c45de7-ea48-4d81-a27f-63dcd3d13ef6-impl-thread1] INFO  server.RaftServer (RaftServerProxy.java:initGroupDir(258)) - 78c45de7-ea48-4d81-a27f-63dcd3d13ef6: found a subdirectory /home/runner/work/ozone/ozone/hadoop-ozone/integration-test/target/test-dir/MiniOzoneClusterImpl-0f4e02f1-3148-4106-9850-9963db652c57/datanode-3/data/ratis/tmp
2023-09-12 21:05:43,809 [78c45de7-ea48-4d81-a27f-63dcd3d13ef6-NettyServerStreamRpc-bossGroup--thread1] INFO  logging.LoggingHandler (AbstractInternalLogger.java:log(148)) - [id: 0x7c7218ff] REGISTERED
2023-09-12 21:05:43,809 [78c45de7-ea48-4d81-a27f-63dcd3d13ef6-impl-thread1] INFO  server.RaftServer (RaftServerProxy.java:initGroupDir(263)) - 78c45de7-ea48-4d81-a27f-63dcd3d13ef6: The directory /home/runner/work/ozone/ozone/hadoop-ozone/integration-test/target/test-dir/MiniOzoneClusterImpl-0f4e02f1-3148-4106-9850-9963db652c57/datanode-3/data/ratis/tmp is not a group directory; ignoring it. 
2023-09-12 21:05:43,809 [JUnit] INFO  replication.ReplicationServer (ReplicationServer.java:<init>(81)) - Initializing replication server with thread count = 10
2023-09-12 21:05:43,811 [JUnit] INFO  server.XceiverServerGrpc (XceiverServerGrpc.java:<init>(132)) - GrpcServer channel type EpollServerSocketChannel
2023-09-12 21:05:43,812 [JUnit] INFO  replication.ReplicationSupervisor (ReplicationSupervisor.java:build(155)) - Initializing replication supervisor with thread count = 10
2023-09-12 21:05:43,813 [JUnit] INFO  replication.ReplicationSupervisor (ReplicationSupervisor.java:nodeStateUpdated(307)) - Node state updated to IN_SERVICE, scaling executor pool size to 10
2023-09-12 21:05:43,814 [78c45de7-ea48-4d81-a27f-63dcd3d13ef6-NettyServerStreamRpc-bossGroup--thread1] INFO  logging.LoggingHandler (AbstractInternalLogger.java:log(148)) - [id: 0x7c7218ff] BIND: 0.0.0.0/0.0.0.0:15042
2023-09-12 21:05:43,814 [78c45de7-ea48-4d81-a27f-63dcd3d13ef6-NettyServerStreamRpc-bossGroup--thread1] INFO  logging.LoggingHandler (AbstractInternalLogger.java:log(148)) - [id: 0x7c7218ff, L:/0:0:0:0:0:0:0:0:15042] ACTIVE
2023-09-12 21:05:43,819 [JUnit] INFO  http.BaseHttpServer (BaseHttpServer.java:newHttpServer2BuilderForOzone(223)) - Starting Web-server for hddsDatanode at: http://0.0.0.0:15036
2023-09-12 21:05:43,819 [JUnit] INFO  http.BaseHttpServer (BaseHttpServer.java:<init>(110)) - Hadoop Security Enabled: false Ozone Security Enabled: false Ozone HTTP Security Enabled: false 
2023-09-12 21:05:43,821 [JUnit] WARN  server.AuthenticationFilter (AuthenticationFilter.java:constructSecretProvider(240)) - Unable to initialize FileSignerSecretProvider, falling back to use random secrets. Reason: Could not read signature secret file: /home/runner/hadoop-http-auth-signature-secret
2023-09-12 21:05:43,821 [JUnit] INFO  http.HttpRequestLog (HttpRequestLog.java:getRequestLog(86)) - Http request log for http.requests.hddsDatanode is not defined
2023-09-12 21:05:43,822 [JUnit] INFO  http.HttpServer2 (HttpServer2.java:addGlobalFilter(1031)) - Added global filter 'safety' (class=org.apache.hadoop.hdds.server.http.HttpServer2$QuotingInputFilter)
2023-09-12 21:05:43,823 [JUnit] INFO  http.HttpServer2 (HttpServer2.java:addFilter(1007)) - Added filter static_user_filter (class=org.apache.hadoop.http.lib.StaticUserWebFilter$StaticUserFilter) to context hddsDatanode
2023-09-12 21:05:43,823 [JUnit] INFO  http.HttpServer2 (HttpServer2.java:addFilter(1015)) - Added filter static_user_filter (class=org.apache.hadoop.http.lib.StaticUserWebFilter$StaticUserFilter) to context logs
2023-09-12 21:05:43,823 [JUnit] INFO  http.HttpServer2 (HttpServer2.java:addFilter(1015)) - Added filter static_user_filter (class=org.apache.hadoop.http.lib.StaticUserWebFilter$StaticUserFilter) to context static
2023-09-12 21:05:43,824 [JUnit] INFO  http.BaseHttpServer (BaseHttpServer.java:<init>(189)) - HTTP server of hddsDatanode uses base directory /home/runner/work/ozone/ozone/hadoop-ozone/integration-test/target/test-dir/MiniOzoneClusterImpl-0f4e02f1-3148-4106-9850-9963db652c57/datanode-3/meta/webserver
2023-09-12 21:05:43,824 [JUnit] INFO  http.HttpServer2 (HttpServer2.java:bindListener(1231)) - Jetty bound to port 15036
2023-09-12 21:05:43,824 [JUnit] INFO  server.Server (Server.java:doStart(375)) - jetty-9.4.51.v20230217; built: 2023-02-17T08:19:37.309Z; git: b45c405e4544384de066f814ed42ae3dceacdd49; jvm 1.8.0_382-b05
2023-09-12 21:05:43,830 [JUnit] INFO  server.session (DefaultSessionIdManager.java:doStart(334)) - DefaultSessionIdManager workerName=node0
2023-09-12 21:05:43,830 [JUnit] INFO  server.session (DefaultSessionIdManager.java:doStart(339)) - No SessionScavenger set, using defaults
2023-09-12 21:05:43,830 [JUnit] INFO  server.session (HouseKeeper.java:startScavenging(132)) - node0 Scavenging every 660000ms
2023-09-12 21:05:43,831 [JUnit] INFO  handler.ContextHandler (ContextHandler.java:doStart(921)) - Started o.e.j.s.ServletContextHandler@1a8f644c{logs,/logs,file:///home/runner/work/ozone/ozone/hadoop-ozone/integration-test/target/log,AVAILABLE}
2023-09-12 21:05:43,832 [JUnit] INFO  handler.ContextHandler (ContextHandler.java:doStart(921)) - Started o.e.j.s.ServletContextHandler@1892f2ad{static,/static,jar:file:/home/runner/.m2/repository/org/apache/ozone/hdds-container-service/1.4.0-SNAPSHOT/hdds-container-service-1.4.0-SNAPSHOT.jar!/webapps/static,AVAILABLE}
2023-09-12 21:05:44,045 [JUnit] INFO  handler.ContextHandler (ContextHandler.java:doStart(921)) - Started o.e.j.w.WebAppContext@1514c417{hddsDatanode,/,file:///home/runner/work/ozone/ozone/hadoop-ozone/integration-test/target/test-dir/MiniOzoneClusterImpl-0f4e02f1-3148-4106-9850-9963db652c57/datanode-3/meta/webserver/jetty-0_0_0_0-15036-hdds-container-service-1_4_0-SNAPSHOT_jar-_-any-416484243652782107/webapp/,AVAILABLE}{jar:file:/home/runner/.m2/repository/org/apache/ozone/hdds-container-service/1.4.0-SNAPSHOT/hdds-container-service-1.4.0-SNAPSHOT.jar!/webapps/hddsDatanode}
2023-09-12 21:05:44,046 [JUnit] INFO  server.AbstractConnector (AbstractConnector.java:doStart(333)) - Started ServerConnector@7bc18838{HTTP/1.1, (http/1.1)}{0.0.0.0:15036}
2023-09-12 21:05:44,046 [JUnit] INFO  server.Server (Server.java:doStart(415)) - Started @9120ms
2023-09-12 21:05:44,046 [JUnit] WARN  impl.MetricsSystemImpl (MetricsSystemImpl.java:register(279)) - Sink prometheus already exists!
2023-09-12 21:05:44,047 [JUnit] INFO  http.BaseHttpServer (BaseHttpServer.java:updateConnectorAddress(354)) - HTTP server of hddsDatanode listening at http://0.0.0.0:15036
2023-09-12 21:05:44,047 [JUnit] INFO  ipc.CallQueueManager (CallQueueManager.java:<init>(90)) - Using callQueue: class java.util.concurrent.LinkedBlockingQueue, queueCapacity: 100, scheduler: class org.apache.hadoop.ipc.DefaultRpcScheduler, ipcBackoff: false.
2023-09-12 21:05:44,048 [JUnit] INFO  ipc.Server (Server.java:<init>(1287)) - Listener at 0.0.0.0:15037
2023-09-12 21:05:44,051 [Socket Reader #1 for port 15037] INFO  ipc.Server (Server.java:run(1323)) - Starting Socket Reader #1 for port 15037
2023-09-12 21:05:44,058 [JUnit] INFO  ozone.HddsDatanodeService (HddsDatanodeService.java:start(315)) - Datanode start with admins: [runner]
2023-09-12 21:05:44,058 [JUnit] INFO  ozone.HddsDatanodeClientProtocolServer (HddsDatanodeClientProtocolServer.java:start(72)) - RPC server for Client /0.0.0.0:15037
2023-09-12 21:05:44,058 [IPC Server Responder] INFO  ipc.Server (Server.java:run(1562)) - IPC Server Responder: starting
2023-09-12 21:05:44,058 [IPC Server listener on 15037] INFO  ipc.Server (Server.java:run(1402)) - IPC Server listener on 15037: starting
2023-09-12 21:05:44,059 [Datanode State Machine Daemon Thread] INFO  statemachine.DatanodeStateMachine (DatanodeStateMachine.java:lambda$startDaemon$0(538)) - Ozone container server started.
2023-09-12 21:05:44,059 [JUnit] WARN  impl.MetricRegistriesImpl (MetricRegistriesImpl.java:addReporterRegistration(111)) - New reporters are added after registries were created. Some metrics will be missing from the reporter. Please add reporter before adding any new registry.
2023-09-12 21:05:44,061 [JUnit] WARN  impl.MetricRegistriesImpl (MetricRegistriesImpl.java:addReporterRegistration(111)) - New reporters are added after registries were created. Some metrics will be missing from the reporter. Please add reporter before adding any new registry.
2023-09-12 21:05:44,061 [JUnit] INFO  impl.MetricsSystemImpl (MetricsSystemImpl.java:init(158)) - HddsDatanode metrics system started (again)
2023-09-12 21:05:44,072 [Datanode State Machine Task Thread - 0] INFO  datanode.InitDatanodeState (InitDatanodeState.java:persistContainerDatanodeDetails(138)) - DatanodeDetails is persisted to /home/runner/work/ozone/ozone/hadoop-ozone/integration-test/target/test-dir/MiniOzoneClusterImpl-0f4e02f1-3148-4106-9850-9963db652c57/datanode-3/meta/datanode.id
2023-09-12 21:05:44,080 [JUnit] INFO  ozone.HddsDatanodeService (HddsDatanodeService.java:start(237)) - HddsDatanodeService host:fv-az740-690.qoj0rp3pihcejmpunbvrynwprc.phxx.internal.cloudapp.net ip:10.1.0.4
2023-09-12 21:05:44,104 [JUnit] INFO  upgrade.AbstractLayoutVersionManager (AbstractLayoutVersionManager.java:init(83)) - Initializing Layout version manager with metadata layout = HADOOP_PRC_PORTS_IN_DATANODEDETAILS (version = 7), software layout = HADOOP_PRC_PORTS_IN_DATANODEDETAILS (version = 7)
2023-09-12 21:05:44,104 [JUnit] INFO  statemachine.DatanodeStateMachine (DatanodeStateMachine.java:getEndPointTaskThreadPoolSize(282)) - Datanode State Machine Task Thread Pool size 2
2023-09-12 21:05:44,111 [JUnit] INFO  volume.HddsVolume (HddsVolume.java:<init>(126)) - Creating HddsVolume: /home/runner/work/ozone/ozone/hadoop-ozone/integration-test/target/test-dir/MiniOzoneClusterImpl-0f4e02f1-3148-4106-9850-9963db652c57/datanode-4/data-0/containers/hdds of storage type : DISK capacity : 9223372036854775807
2023-09-12 21:05:44,111 [JUnit] INFO  volume.MutableVolumeSet (MutableVolumeSet.java:initializeVolumeSet(173)) - Added Volume : /home/runner/work/ozone/ozone/hadoop-ozone/integration-test/target/test-dir/MiniOzoneClusterImpl-0f4e02f1-3148-4106-9850-9963db652c57/datanode-4/data-0/containers/hdds to VolumeSet
2023-09-12 21:05:44,113 [JUnit] INFO  volume.MutableVolumeSet (MutableVolumeSet.java:initializeVolumeSet(173)) - Added Volume : /home/runner/work/ozone/ozone/hadoop-ozone/integration-test/target/test-dir/MiniOzoneClusterImpl-0f4e02f1-3148-4106-9850-9963db652c57/datanode-4/data/ratis to VolumeSet
2023-09-12 21:05:44,116 [Thread-210] INFO  ozoneimpl.ContainerReader (ContainerReader.java:readVolume(177)) - Finish verifying containers on volume /home/runner/work/ozone/ozone/hadoop-ozone/integration-test/target/test-dir/MiniOzoneClusterImpl-0f4e02f1-3148-4106-9850-9963db652c57/datanode-4/data-0/containers/hdds
2023-09-12 21:05:44,117 [JUnit] INFO  ozoneimpl.OzoneContainer (OzoneContainer.java:buildContainerSet(314)) - Build ContainerSet costs 0s
2023-09-12 21:05:44,124 [JUnit] INFO  server.RaftServer (ConfUtils.java:logGet(46)) - raft.rpc.type = GRPC (default)
2023-09-12 21:05:44,125 [JUnit] INFO  grpc.GrpcConfigKeys (ConfUtils.java:logFallback(53)) - raft.grpc.admin.host = null (fallback to raft.grpc.server.host)
2023-09-12 21:05:44,125 [JUnit] INFO  grpc.GrpcConfigKeys (ConfUtils.java:logGet(46)) - raft.grpc.admin.port = 15049 (custom)
2023-09-12 21:05:44,125 [JUnit] INFO  grpc.GrpcConfigKeys (ConfUtils.java:logFallback(53)) - raft.grpc.client.host = null (fallback to raft.grpc.server.host)
2023-09-12 21:05:44,125 [JUnit] INFO  grpc.GrpcConfigKeys (ConfUtils.java:logGet(46)) - raft.grpc.client.port = 15048 (custom)
2023-09-12 21:05:44,125 [JUnit] INFO  grpc.GrpcConfigKeys (ConfUtils.java:logGet(46)) - raft.grpc.server.host = null (default)
2023-09-12 21:05:44,125 [JUnit] INFO  grpc.GrpcConfigKeys (ConfUtils.java:logGet(46)) - raft.grpc.server.port = 15050 (custom)
2023-09-12 21:05:44,125 [JUnit] INFO  server.GrpcService (ConfUtils.java:logGet(46)) - raft.grpc.message.size.max = 32MB (=33554432) (custom)
2023-09-12 21:05:44,125 [JUnit] INFO  server.RaftServerConfigKeys (ConfUtils.java:logGet(46)) - raft.server.log.appender.buffer.byte-limit = 33554432 (custom)
2023-09-12 21:05:44,126 [JUnit] INFO  server.GrpcService (ConfUtils.java:logGet(46)) - raft.grpc.flow.control.window = 5MB (=5242880) (custom)
2023-09-12 21:05:44,126 [JUnit] INFO  server.RaftServerConfigKeys (ConfUtils.java:logGet(46)) - raft.server.rpc.request.timeout = 3000ms (default)
2023-09-12 21:05:44,126 [JUnit] INFO  grpc.GrpcConfigKeys (ConfUtils.java:logGet(46)) - raft.grpc.server.heartbeat.channel = true (default)
2023-09-12 21:05:44,126 [JUnit] INFO  grpc.GrpcConfigKeys (ConfUtils.java:logGet(46)) - raft.grpc.server.async.request.thread.pool.cached = true (default)
2023-09-12 21:05:44,126 [JUnit] INFO  grpc.GrpcConfigKeys (ConfUtils.java:logGet(46)) - raft.grpc.server.async.request.thread.pool.size = 32 (default)
2023-09-12 21:05:44,128 [JUnit] INFO  impl.DataStreamServerImpl (ConfUtils.java:logGet(46)) - raft.datastream.type = NETTY (custom)
2023-09-12 21:05:44,129 [JUnit] INFO  server.RaftServerConfigKeys (ConfUtils.java:logGet(46)) - raft.server.data-stream.async.request.thread.pool.cached = false (default)
2023-09-12 21:05:44,129 [JUnit] INFO  server.RaftServerConfigKeys (ConfUtils.java:logGet(46)) - raft.server.data-stream.async.request.thread.pool.size = 20 (custom)
2023-09-12 21:05:44,129 [JUnit] INFO  server.RaftServerConfigKeys (ConfUtils.java:logGet(46)) - raft.server.data-stream.async.write.thread.pool.size = 16 (default)
2023-09-12 21:05:44,129 [JUnit] INFO  server.RaftServerConfigKeys (ConfUtils.java:logGet(46)) - raft.server.data-stream.client.pool.size = 10 (default)
2023-09-12 21:05:44,129 [JUnit] INFO  netty.NettyConfigKeys$DataStream (ConfUtils.java:logGet(46)) - raft.netty.dataStream.server.use-epoll = false (default)
2023-09-12 21:05:44,129 [JUnit] INFO  netty.NettyConfigKeys$DataStream (ConfUtils.java:logGet(46)) - raft.netty.dataStream.server.boss-group.size = 0 (default)
2023-09-12 21:05:44,129 [JUnit] INFO  netty.NettyConfigKeys$DataStream (ConfUtils.java:logGet(46)) - raft.netty.dataStream.server.worker-group.size = 0 (default)
2023-09-12 21:05:44,130 [JUnit] INFO  netty.NettyConfigKeys$DataStream (ConfUtils.java:logGet(46)) - raft.netty.dataStream.server.tls.conf = null (default)
2023-09-12 21:05:44,131 [JUnit] INFO  netty.NettyConfigKeys$DataStream (ConfUtils.java:logGet(46)) - raft.netty.dataStream.host = null (default)
2023-09-12 21:05:44,131 [JUnit] INFO  netty.NettyConfigKeys$DataStream (ConfUtils.java:logGet(46)) - raft.netty.dataStream.port = 15051 (custom)
2023-09-12 21:05:44,131 [JUnit] INFO  server.RaftServerConfigKeys (ConfUtils.java:logGet(46)) - raft.server.threadpool.proxy.cached = true (default)
2023-09-12 21:05:44,135 [b1af18a3-9ed4-43ef-9d74-ef660abc83ed-NettyServerStreamRpc-bossGroup--thread1] INFO  logging.LoggingHandler (AbstractInternalLogger.java:log(148)) - [id: 0xeeafcfed] REGISTERED
2023-09-12 21:05:44,136 [b1af18a3-9ed4-43ef-9d74-ef660abc83ed-NettyServerStreamRpc-bossGroup--thread1] INFO  logging.LoggingHandler (AbstractInternalLogger.java:log(148)) - [id: 0xeeafcfed] BIND: 0.0.0.0/0.0.0.0:15051
2023-09-12 21:05:44,136 [b1af18a3-9ed4-43ef-9d74-ef660abc83ed-NettyServerStreamRpc-bossGroup--thread1] INFO  logging.LoggingHandler (AbstractInternalLogger.java:log(148)) - [id: 0xeeafcfed, L:/0:0:0:0:0:0:0:0:15051] ACTIVE
2023-09-12 21:05:44,136 [JUnit] INFO  server.RaftServerConfigKeys (ConfUtils.java:logGet(46)) - raft.server.threadpool.proxy.size = 0 (default)
2023-09-12 21:05:44,136 [JUnit] INFO  server.RaftServerConfigKeys (ConfUtils.java:logGet(46)) - raft.server.rpc.slowness.timeout = 300000ms (custom)
2023-09-12 21:05:44,136 [JUnit] INFO  server.RaftServerConfigKeys (ConfUtils.java:logGet(46)) - raft.server.leaderelection.leader.step-down.wait-time = 10s (default)
2023-09-12 21:05:44,136 [JUnit] INFO  server.RaftServerConfigKeys (ConfUtils.java:logGet(46)) - raft.server.storage.dir = [/home/runner/work/ozone/ozone/hadoop-ozone/integration-test/target/test-dir/MiniOzoneClusterImpl-0f4e02f1-3148-4106-9850-9963db652c57/datanode-4/data/ratis] (custom)
2023-09-12 21:05:44,137 [b1af18a3-9ed4-43ef-9d74-ef660abc83ed-impl-thread1] INFO  server.RaftServer (RaftServerProxy.java:initGroupDir(258)) - b1af18a3-9ed4-43ef-9d74-ef660abc83ed: found a subdirectory /home/runner/work/ozone/ozone/hadoop-ozone/integration-test/target/test-dir/MiniOzoneClusterImpl-0f4e02f1-3148-4106-9850-9963db652c57/datanode-4/data/ratis/tmp
2023-09-12 21:05:44,137 [b1af18a3-9ed4-43ef-9d74-ef660abc83ed-impl-thread1] INFO  server.RaftServer (RaftServerProxy.java:initGroupDir(263)) - b1af18a3-9ed4-43ef-9d74-ef660abc83ed: The directory /home/runner/work/ozone/ozone/hadoop-ozone/integration-test/target/test-dir/MiniOzoneClusterImpl-0f4e02f1-3148-4106-9850-9963db652c57/datanode-4/data/ratis/tmp is not a group directory; ignoring it. 
2023-09-12 21:05:44,137 [JUnit] INFO  replication.ReplicationServer (ReplicationServer.java:<init>(81)) - Initializing replication server with thread count = 10
2023-09-12 21:05:44,138 [JUnit] INFO  server.XceiverServerGrpc (XceiverServerGrpc.java:<init>(132)) - GrpcServer channel type EpollServerSocketChannel
2023-09-12 21:05:44,151 [JUnit] INFO  replication.ReplicationSupervisor (ReplicationSupervisor.java:build(155)) - Initializing replication supervisor with thread count = 10
2023-09-12 21:05:44,151 [JUnit] INFO  replication.ReplicationSupervisor (ReplicationSupervisor.java:nodeStateUpdated(307)) - Node state updated to IN_SERVICE, scaling executor pool size to 10
2023-09-12 21:05:44,154 [JUnit] INFO  http.BaseHttpServer (BaseHttpServer.java:newHttpServer2BuilderForOzone(223)) - Starting Web-server for hddsDatanode at: http://0.0.0.0:15045
2023-09-12 21:05:44,154 [JUnit] INFO  http.BaseHttpServer (BaseHttpServer.java:<init>(110)) - Hadoop Security Enabled: false Ozone Security Enabled: false Ozone HTTP Security Enabled: false 
2023-09-12 21:05:44,159 [JUnit] WARN  server.AuthenticationFilter (AuthenticationFilter.java:constructSecretProvider(240)) - Unable to initialize FileSignerSecretProvider, falling back to use random secrets. Reason: Could not read signature secret file: /home/runner/hadoop-http-auth-signature-secret
2023-09-12 21:05:44,160 [JUnit] INFO  http.HttpRequestLog (HttpRequestLog.java:getRequestLog(86)) - Http request log for http.requests.hddsDatanode is not defined
2023-09-12 21:05:44,161 [JUnit] INFO  http.HttpServer2 (HttpServer2.java:addGlobalFilter(1031)) - Added global filter 'safety' (class=org.apache.hadoop.hdds.server.http.HttpServer2$QuotingInputFilter)
2023-09-12 21:05:44,162 [JUnit] INFO  http.HttpServer2 (HttpServer2.java:addFilter(1007)) - Added filter static_user_filter (class=org.apache.hadoop.http.lib.StaticUserWebFilter$StaticUserFilter) to context hddsDatanode
2023-09-12 21:05:44,162 [JUnit] INFO  http.HttpServer2 (HttpServer2.java:addFilter(1015)) - Added filter static_user_filter (class=org.apache.hadoop.http.lib.StaticUserWebFilter$StaticUserFilter) to context logs
2023-09-12 21:05:44,162 [JUnit] INFO  http.HttpServer2 (HttpServer2.java:addFilter(1015)) - Added filter static_user_filter (class=org.apache.hadoop.http.lib.StaticUserWebFilter$StaticUserFilter) to context static
2023-09-12 21:05:44,164 [JUnit] INFO  http.BaseHttpServer (BaseHttpServer.java:<init>(189)) - HTTP server of hddsDatanode uses base directory /home/runner/work/ozone/ozone/hadoop-ozone/integration-test/target/test-dir/MiniOzoneClusterImpl-0f4e02f1-3148-4106-9850-9963db652c57/datanode-4/meta/webserver
2023-09-12 21:05:44,164 [JUnit] INFO  http.HttpServer2 (HttpServer2.java:bindListener(1231)) - Jetty bound to port 15045
2023-09-12 21:05:44,164 [JUnit] INFO  server.Server (Server.java:doStart(375)) - jetty-9.4.51.v20230217; built: 2023-02-17T08:19:37.309Z; git: b45c405e4544384de066f814ed42ae3dceacdd49; jvm 1.8.0_382-b05
2023-09-12 21:05:44,168 [JUnit] INFO  server.session (DefaultSessionIdManager.java:doStart(334)) - DefaultSessionIdManager workerName=node0
2023-09-12 21:05:44,168 [JUnit] INFO  server.session (DefaultSessionIdManager.java:doStart(339)) - No SessionScavenger set, using defaults
2023-09-12 21:05:44,168 [JUnit] INFO  server.session (HouseKeeper.java:startScavenging(132)) - node0 Scavenging every 660000ms
2023-09-12 21:05:44,169 [JUnit] INFO  handler.ContextHandler (ContextHandler.java:doStart(921)) - Started o.e.j.s.ServletContextHandler@136e7b1c{logs,/logs,file:///home/runner/work/ozone/ozone/hadoop-ozone/integration-test/target/log,AVAILABLE}
2023-09-12 21:05:44,170 [JUnit] INFO  handler.ContextHandler (ContextHandler.java:doStart(921)) - Started o.e.j.s.ServletContextHandler@79e12f24{static,/static,jar:file:/home/runner/.m2/repository/org/apache/ozone/hdds-container-service/1.4.0-SNAPSHOT/hdds-container-service-1.4.0-SNAPSHOT.jar!/webapps/static,AVAILABLE}
2023-09-12 21:05:44,378 [JUnit] INFO  handler.ContextHandler (ContextHandler.java:doStart(921)) - Started o.e.j.w.WebAppContext@5e3def9e{hddsDatanode,/,file:///home/runner/work/ozone/ozone/hadoop-ozone/integration-test/target/test-dir/MiniOzoneClusterImpl-0f4e02f1-3148-4106-9850-9963db652c57/datanode-4/meta/webserver/jetty-0_0_0_0-15045-hdds-container-service-1_4_0-SNAPSHOT_jar-_-any-266980356092944491/webapp/,AVAILABLE}{jar:file:/home/runner/.m2/repository/org/apache/ozone/hdds-container-service/1.4.0-SNAPSHOT/hdds-container-service-1.4.0-SNAPSHOT.jar!/webapps/hddsDatanode}
2023-09-12 21:05:44,379 [JUnit] INFO  server.AbstractConnector (AbstractConnector.java:doStart(333)) - Started ServerConnector@35a9e251{HTTP/1.1, (http/1.1)}{0.0.0.0:15045}
2023-09-12 21:05:44,379 [JUnit] INFO  server.Server (Server.java:doStart(415)) - Started @9453ms
2023-09-12 21:05:44,379 [JUnit] WARN  impl.MetricsSystemImpl (MetricsSystemImpl.java:register(279)) - Sink prometheus already exists!
2023-09-12 21:05:44,380 [JUnit] INFO  http.BaseHttpServer (BaseHttpServer.java:updateConnectorAddress(354)) - HTTP server of hddsDatanode listening at http://0.0.0.0:15045
2023-09-12 21:05:44,380 [JUnit] INFO  ipc.CallQueueManager (CallQueueManager.java:<init>(90)) - Using callQueue: class java.util.concurrent.LinkedBlockingQueue, queueCapacity: 100, scheduler: class org.apache.hadoop.ipc.DefaultRpcScheduler, ipcBackoff: false.
2023-09-12 21:05:44,381 [JUnit] INFO  ipc.Server (Server.java:<init>(1287)) - Listener at 0.0.0.0:15046
2023-09-12 21:05:44,381 [Socket Reader #1 for port 15046] INFO  ipc.Server (Server.java:run(1323)) - Starting Socket Reader #1 for port 15046
2023-09-12 21:05:44,385 [JUnit] INFO  ozone.HddsDatanodeService (HddsDatanodeService.java:start(315)) - Datanode start with admins: [runner]
2023-09-12 21:05:44,385 [JUnit] INFO  ozone.HddsDatanodeClientProtocolServer (HddsDatanodeClientProtocolServer.java:start(72)) - RPC server for Client /0.0.0.0:15046
2023-09-12 21:05:44,385 [IPC Server Responder] INFO  ipc.Server (Server.java:run(1562)) - IPC Server Responder: starting
2023-09-12 21:05:44,387 [Datanode State Machine Daemon Thread] INFO  statemachine.DatanodeStateMachine (DatanodeStateMachine.java:lambda$startDaemon$0(538)) - Ozone container server started.
2023-09-12 21:05:44,387 [IPC Server listener on 15046] INFO  ipc.Server (Server.java:run(1402)) - IPC Server listener on 15046: starting
2023-09-12 21:05:44,389 [JUnit] INFO  ozone.MiniOzoneClusterImpl (MiniOzoneClusterImpl.java:lambda$waitForClusterToBeReady$0(224)) - Waiting for nodes to be ready. Got 0 of 5 DN Heartbeats.
2023-09-12 21:05:44,389 [JUnit] INFO  ozone.MiniOzoneClusterImpl (MiniOzoneClusterImpl.java:lambda$waitForClusterToBeReady$0(227)) - Waiting for cluster to exit safe mode
2023-09-12 21:05:44,389 [JUnit] INFO  ozone.MiniOzoneClusterImpl (MiniOzoneClusterImpl.java:lambda$waitForClusterToBeReady$0(229)) - SCM became leader
2023-09-12 21:05:44,395 [Datanode State Machine Task Thread - 0] INFO  datanode.InitDatanodeState (InitDatanodeState.java:persistContainerDatanodeDetails(138)) - DatanodeDetails is persisted to /home/runner/work/ozone/ozone/hadoop-ozone/integration-test/target/test-dir/MiniOzoneClusterImpl-0f4e02f1-3148-4106-9850-9963db652c57/datanode-4/meta/datanode.id
2023-09-12 21:05:45,018 [EndpointStateMachine task thread for /0.0.0.0:15002 - 0 ] INFO  utils.DatanodeStoreCache (DatanodeStoreCache.java:addDB(66)) - Added db /home/runner/work/ozone/ozone/hadoop-ozone/integration-test/target/test-dir/MiniOzoneClusterImpl-0f4e02f1-3148-4106-9850-9963db652c57/datanode-0/data-0/containers/hdds/0f4e02f1-3148-4106-9850-9963db652c57/DS-6e9c39e3-d216-4937-a35e-7248586fbb4e/container.db to cache
2023-09-12 21:05:45,019 [EndpointStateMachine task thread for /0.0.0.0:15002 - 0 ] INFO  volume.HddsVolume (HddsVolume.java:createDbStore(422)) - SchemaV3 db is created and loaded at /home/runner/work/ozone/ozone/hadoop-ozone/integration-test/target/test-dir/MiniOzoneClusterImpl-0f4e02f1-3148-4106-9850-9963db652c57/datanode-0/data-0/containers/hdds/0f4e02f1-3148-4106-9850-9963db652c57/DS-6e9c39e3-d216-4937-a35e-7248586fbb4e/container.db for volume DS-6e9c39e3-d216-4937-a35e-7248586fbb4e
2023-09-12 21:05:45,021 [EndpointStateMachine task thread for /0.0.0.0:15002 - 0 ] INFO  volume.ThrottledAsyncChecker (ThrottledAsyncChecker.java:schedule(141)) - Scheduling a check for /home/runner/work/ozone/ozone/hadoop-ozone/integration-test/target/test-dir/MiniOzoneClusterImpl-0f4e02f1-3148-4106-9850-9963db652c57/datanode-0/data-0/containers/hdds
2023-09-12 21:05:45,035 [EndpointStateMachine task thread for /0.0.0.0:15002 - 0 ] INFO  volume.StorageVolumeChecker (StorageVolumeChecker.java:checkAllVolumes(213)) - Scheduled health check for volume /home/runner/work/ozone/ozone/hadoop-ozone/integration-test/target/test-dir/MiniOzoneClusterImpl-0f4e02f1-3148-4106-9850-9963db652c57/datanode-0/data-0/containers/hdds
2023-09-12 21:05:45,037 [EndpointStateMachine task thread for /0.0.0.0:15002 - 0 ] INFO  volume.ThrottledAsyncChecker (ThrottledAsyncChecker.java:schedule(141)) - Scheduling a check for /home/runner/work/ozone/ozone/hadoop-ozone/integration-test/target/test-dir/MiniOzoneClusterImpl-0f4e02f1-3148-4106-9850-9963db652c57/datanode-0/data/ratis
2023-09-12 21:05:45,037 [EndpointStateMachine task thread for /0.0.0.0:15002 - 0 ] INFO  volume.StorageVolumeChecker (StorageVolumeChecker.java:checkAllVolumes(213)) - Scheduled health check for volume /home/runner/work/ozone/ozone/hadoop-ozone/integration-test/target/test-dir/MiniOzoneClusterImpl-0f4e02f1-3148-4106-9850-9963db652c57/datanode-0/data/ratis
2023-09-12 21:05:45,039 [EndpointStateMachine task thread for /0.0.0.0:15002 - 0 ] INFO  ozoneimpl.OzoneContainer (OzoneContainer.java:start(429)) - Attempting to start container services.
2023-09-12 21:05:45,040 [EndpointStateMachine task thread for /0.0.0.0:15002 - 0 ] INFO  ozoneimpl.OzoneContainer (OzoneContainer.java:startContainerScrub(325)) - Scheduled background container scanners and the on-demand container scanner have been disabled.
2023-09-12 21:05:45,042 [EndpointStateMachine task thread for /0.0.0.0:15002 - 0 ] INFO  replication.ReplicationServer (ReplicationServer.java:start(130)) - ReplicationServer is started using port 15016
2023-09-12 21:05:45,042 [EndpointStateMachine task thread for /0.0.0.0:15002 - 0 ] INFO  ratis.XceiverServerRatis (XceiverServerRatis.java:start(517)) - Starting XceiverServerRatis 9ece4d1d-2112-49ce-a0f9-c544e683daa2
2023-09-12 21:05:45,043 [EndpointStateMachine task thread for /0.0.0.0:15002 - 0 ] INFO  server.RaftServer (RaftServerProxy.java:startImpl(400)) - 9ece4d1d-2112-49ce-a0f9-c544e683daa2: start RPC server
2023-09-12 21:05:45,044 [EndpointStateMachine task thread for /0.0.0.0:15002 - 0 ] INFO  server.GrpcService (GrpcService.java:startImpl(302)) - 9ece4d1d-2112-49ce-a0f9-c544e683daa2: GrpcService started, listening on 15012
2023-09-12 21:05:45,046 [EndpointStateMachine task thread for /0.0.0.0:15002 - 0 ] INFO  server.GrpcService (GrpcService.java:startImpl(302)) - 9ece4d1d-2112-49ce-a0f9-c544e683daa2: GrpcService started, listening on 15014
2023-09-12 21:05:45,047 [EndpointStateMachine task thread for /0.0.0.0:15002 - 0 ] INFO  server.GrpcService (GrpcService.java:startImpl(302)) - 9ece4d1d-2112-49ce-a0f9-c544e683daa2: GrpcService started, listening on 15013
2023-09-12 21:05:45,049 [JvmPauseMonitor2] INFO  util.JvmPauseMonitor (JvmPauseMonitor.java:run(103)) - JvmPauseMonitor-9ece4d1d-2112-49ce-a0f9-c544e683daa2: Started
2023-09-12 21:05:45,049 [EndpointStateMachine task thread for /0.0.0.0:15002 - 0 ] INFO  ratis.XceiverServerRatis (XceiverServerRatis.java:getRealPort(543)) - XceiverServerRatis 9ece4d1d-2112-49ce-a0f9-c544e683daa2 is started using port 15012 for RATIS
2023-09-12 21:05:45,049 [EndpointStateMachine task thread for /0.0.0.0:15002 - 0 ] INFO  ratis.XceiverServerRatis (XceiverServerRatis.java:getRealPort(543)) - XceiverServerRatis 9ece4d1d-2112-49ce-a0f9-c544e683daa2 is started using port 15013 for RATIS_ADMIN
2023-09-12 21:05:45,049 [EndpointStateMachine task thread for /0.0.0.0:15002 - 0 ] INFO  ratis.XceiverServerRatis (XceiverServerRatis.java:getRealPort(543)) - XceiverServerRatis 9ece4d1d-2112-49ce-a0f9-c544e683daa2 is started using port 15014 for RATIS_SERVER
2023-09-12 21:05:45,049 [EndpointStateMachine task thread for /0.0.0.0:15002 - 0 ] INFO  ratis.XceiverServerRatis (XceiverServerRatis.java:getRealPort(543)) - XceiverServerRatis 9ece4d1d-2112-49ce-a0f9-c544e683daa2 is started using port 15015 for RATIS_DATASTREAM
2023-09-12 21:05:45,061 [BlockDeletingService#0] INFO  interfaces.ContainerDeletionChoosingPolicyTemplate (ContainerDeletionChoosingPolicyTemplate.java:chooseContainerForBlockDeletion(85)) - Chosen 0/5000 blocks from 0 candidate containers.
2023-09-12 21:05:45,389 [JUnit] INFO  ozone.MiniOzoneClusterImpl (MiniOzoneClusterImpl.java:lambda$waitForClusterToBeReady$0(224)) - Waiting for nodes to be ready. Got 0 of 5 DN Heartbeats.
2023-09-12 21:05:45,389 [JUnit] INFO  ozone.MiniOzoneClusterImpl (MiniOzoneClusterImpl.java:lambda$waitForClusterToBeReady$0(227)) - Waiting for cluster to exit safe mode
2023-09-12 21:05:45,389 [JUnit] INFO  ozone.MiniOzoneClusterImpl (MiniOzoneClusterImpl.java:lambda$waitForClusterToBeReady$0(229)) - SCM became leader
2023-09-12 21:05:45,461 [EndpointStateMachine task thread for /0.0.0.0:15002 - 0 ] INFO  utils.DatanodeStoreCache (DatanodeStoreCache.java:addDB(66)) - Added db /home/runner/work/ozone/ozone/hadoop-ozone/integration-test/target/test-dir/MiniOzoneClusterImpl-0f4e02f1-3148-4106-9850-9963db652c57/datanode-1/data-0/containers/hdds/0f4e02f1-3148-4106-9850-9963db652c57/DS-921cb8c4-9b6e-4632-bdd7-b55a472b9829/container.db to cache
2023-09-12 21:05:45,461 [EndpointStateMachine task thread for /0.0.0.0:15002 - 0 ] INFO  volume.HddsVolume (HddsVolume.java:createDbStore(422)) - SchemaV3 db is created and loaded at /home/runner/work/ozone/ozone/hadoop-ozone/integration-test/target/test-dir/MiniOzoneClusterImpl-0f4e02f1-3148-4106-9850-9963db652c57/datanode-1/data-0/containers/hdds/0f4e02f1-3148-4106-9850-9963db652c57/DS-921cb8c4-9b6e-4632-bdd7-b55a472b9829/container.db for volume DS-921cb8c4-9b6e-4632-bdd7-b55a472b9829
2023-09-12 21:05:45,466 [EndpointStateMachine task thread for /0.0.0.0:15002 - 0 ] INFO  volume.ThrottledAsyncChecker (ThrottledAsyncChecker.java:schedule(141)) - Scheduling a check for /home/runner/work/ozone/ozone/hadoop-ozone/integration-test/target/test-dir/MiniOzoneClusterImpl-0f4e02f1-3148-4106-9850-9963db652c57/datanode-1/data-0/containers/hdds
2023-09-12 21:05:45,471 [EndpointStateMachine task thread for /0.0.0.0:15002 - 0 ] INFO  volume.StorageVolumeChecker (StorageVolumeChecker.java:checkAllVolumes(213)) - Scheduled health check for volume /home/runner/work/ozone/ozone/hadoop-ozone/integration-test/target/test-dir/MiniOzoneClusterImpl-0f4e02f1-3148-4106-9850-9963db652c57/datanode-1/data-0/containers/hdds
2023-09-12 21:05:45,471 [EndpointStateMachine task thread for /0.0.0.0:15002 - 0 ] INFO  volume.ThrottledAsyncChecker (ThrottledAsyncChecker.java:schedule(141)) - Scheduling a check for /home/runner/work/ozone/ozone/hadoop-ozone/integration-test/target/test-dir/MiniOzoneClusterImpl-0f4e02f1-3148-4106-9850-9963db652c57/datanode-1/data/ratis
2023-09-12 21:05:45,472 [EndpointStateMachine task thread for /0.0.0.0:15002 - 0 ] INFO  volume.StorageVolumeChecker (StorageVolumeChecker.java:checkAllVolumes(213)) - Scheduled health check for volume /home/runner/work/ozone/ozone/hadoop-ozone/integration-test/target/test-dir/MiniOzoneClusterImpl-0f4e02f1-3148-4106-9850-9963db652c57/datanode-1/data/ratis
2023-09-12 21:05:45,476 [EndpointStateMachine task thread for /0.0.0.0:15002 - 0 ] INFO  ozoneimpl.OzoneContainer (OzoneContainer.java:start(429)) - Attempting to start container services.
2023-09-12 21:05:45,476 [EndpointStateMachine task thread for /0.0.0.0:15002 - 0 ] INFO  ozoneimpl.OzoneContainer (OzoneContainer.java:startContainerScrub(325)) - Scheduled background container scanners and the on-demand container scanner have been disabled.
2023-09-12 21:05:45,477 [EndpointStateMachine task thread for /0.0.0.0:15002 - 0 ] INFO  replication.ReplicationServer (ReplicationServer.java:start(130)) - ReplicationServer is started using port 15025
2023-09-12 21:05:45,477 [EndpointStateMachine task thread for /0.0.0.0:15002 - 0 ] INFO  ratis.XceiverServerRatis (XceiverServerRatis.java:start(517)) - Starting XceiverServerRatis 0c20a109-2ea1-4d97-ad73-cac537996a23
2023-09-12 21:05:45,481 [EndpointStateMachine task thread for /0.0.0.0:15002 - 0 ] INFO  server.RaftServer (RaftServerProxy.java:startImpl(400)) - 0c20a109-2ea1-4d97-ad73-cac537996a23: start RPC server
2023-09-12 21:05:45,483 [EndpointStateMachine task thread for /0.0.0.0:15002 - 0 ] INFO  server.GrpcService (GrpcService.java:startImpl(302)) - 0c20a109-2ea1-4d97-ad73-cac537996a23: GrpcService started, listening on 15021
2023-09-12 21:05:45,484 [EndpointStateMachine task thread for /0.0.0.0:15002 - 0 ] INFO  server.GrpcService (GrpcService.java:startImpl(302)) - 0c20a109-2ea1-4d97-ad73-cac537996a23: GrpcService started, listening on 15023
2023-09-12 21:05:45,486 [EndpointStateMachine task thread for /0.0.0.0:15002 - 0 ] INFO  server.GrpcService (GrpcService.java:startImpl(302)) - 0c20a109-2ea1-4d97-ad73-cac537996a23: GrpcService started, listening on 15022
2023-09-12 21:05:45,486 [EndpointStateMachine task thread for /0.0.0.0:15002 - 0 ] INFO  ratis.XceiverServerRatis (XceiverServerRatis.java:getRealPort(543)) - XceiverServerRatis 0c20a109-2ea1-4d97-ad73-cac537996a23 is started using port 15021 for RATIS
2023-09-12 21:05:45,486 [JvmPauseMonitor3] INFO  util.JvmPauseMonitor (JvmPauseMonitor.java:run(103)) - JvmPauseMonitor-0c20a109-2ea1-4d97-ad73-cac537996a23: Started
2023-09-12 21:05:45,486 [EndpointStateMachine task thread for /0.0.0.0:15002 - 0 ] INFO  ratis.XceiverServerRatis (XceiverServerRatis.java:getRealPort(543)) - XceiverServerRatis 0c20a109-2ea1-4d97-ad73-cac537996a23 is started using port 15022 for RATIS_ADMIN
2023-09-12 21:05:45,487 [EndpointStateMachine task thread for /0.0.0.0:15002 - 0 ] INFO  ratis.XceiverServerRatis (XceiverServerRatis.java:getRealPort(543)) - XceiverServerRatis 0c20a109-2ea1-4d97-ad73-cac537996a23 is started using port 15023 for RATIS_SERVER
2023-09-12 21:05:45,487 [EndpointStateMachine task thread for /0.0.0.0:15002 - 0 ] INFO  ratis.XceiverServerRatis (XceiverServerRatis.java:getRealPort(543)) - XceiverServerRatis 0c20a109-2ea1-4d97-ad73-cac537996a23 is started using port 15024 for RATIS_DATASTREAM
2023-09-12 21:05:45,493 [BlockDeletingService#0] INFO  interfaces.ContainerDeletionChoosingPolicyTemplate (ContainerDeletionChoosingPolicyTemplate.java:chooseContainerForBlockDeletion(85)) - Chosen 0/5000 blocks from 0 candidate containers.
2023-09-12 21:05:45,786 [EndpointStateMachine task thread for /0.0.0.0:15002 - 0 ] INFO  utils.DatanodeStoreCache (DatanodeStoreCache.java:addDB(66)) - Added db /home/runner/work/ozone/ozone/hadoop-ozone/integration-test/target/test-dir/MiniOzoneClusterImpl-0f4e02f1-3148-4106-9850-9963db652c57/datanode-2/data-0/containers/hdds/0f4e02f1-3148-4106-9850-9963db652c57/DS-48371059-6f60-4350-82a2-f38482b5f158/container.db to cache
2023-09-12 21:05:45,787 [EndpointStateMachine task thread for /0.0.0.0:15002 - 0 ] INFO  volume.HddsVolume (HddsVolume.java:createDbStore(422)) - SchemaV3 db is created and loaded at /home/runner/work/ozone/ozone/hadoop-ozone/integration-test/target/test-dir/MiniOzoneClusterImpl-0f4e02f1-3148-4106-9850-9963db652c57/datanode-2/data-0/containers/hdds/0f4e02f1-3148-4106-9850-9963db652c57/DS-48371059-6f60-4350-82a2-f38482b5f158/container.db for volume DS-48371059-6f60-4350-82a2-f38482b5f158
2023-09-12 21:05:45,787 [EndpointStateMachine task thread for /0.0.0.0:15002 - 0 ] INFO  volume.ThrottledAsyncChecker (ThrottledAsyncChecker.java:schedule(141)) - Scheduling a check for /home/runner/work/ozone/ozone/hadoop-ozone/integration-test/target/test-dir/MiniOzoneClusterImpl-0f4e02f1-3148-4106-9850-9963db652c57/datanode-2/data-0/containers/hdds
2023-09-12 21:05:45,792 [EndpointStateMachine task thread for /0.0.0.0:15002 - 0 ] INFO  volume.StorageVolumeChecker (StorageVolumeChecker.java:checkAllVolumes(213)) - Scheduled health check for volume /home/runner/work/ozone/ozone/hadoop-ozone/integration-test/target/test-dir/MiniOzoneClusterImpl-0f4e02f1-3148-4106-9850-9963db652c57/datanode-2/data-0/containers/hdds
2023-09-12 21:05:45,794 [EndpointStateMachine task thread for /0.0.0.0:15002 - 0 ] INFO  volume.ThrottledAsyncChecker (ThrottledAsyncChecker.java:schedule(141)) - Scheduling a check for /home/runner/work/ozone/ozone/hadoop-ozone/integration-test/target/test-dir/MiniOzoneClusterImpl-0f4e02f1-3148-4106-9850-9963db652c57/datanode-2/data/ratis
2023-09-12 21:05:45,794 [EndpointStateMachine task thread for /0.0.0.0:15002 - 0 ] INFO  volume.StorageVolumeChecker (StorageVolumeChecker.java:checkAllVolumes(213)) - Scheduled health check for volume /home/runner/work/ozone/ozone/hadoop-ozone/integration-test/target/test-dir/MiniOzoneClusterImpl-0f4e02f1-3148-4106-9850-9963db652c57/datanode-2/data/ratis
2023-09-12 21:05:45,796 [EndpointStateMachine task thread for /0.0.0.0:15002 - 0 ] INFO  ozoneimpl.OzoneContainer (OzoneContainer.java:start(429)) - Attempting to start container services.
2023-09-12 21:05:45,796 [EndpointStateMachine task thread for /0.0.0.0:15002 - 0 ] INFO  ozoneimpl.OzoneContainer (OzoneContainer.java:startContainerScrub(325)) - Scheduled background container scanners and the on-demand container scanner have been disabled.
2023-09-12 21:05:45,797 [EndpointStateMachine task thread for /0.0.0.0:15002 - 0 ] INFO  replication.ReplicationServer (ReplicationServer.java:start(130)) - ReplicationServer is started using port 15034
2023-09-12 21:05:45,797 [EndpointStateMachine task thread for /0.0.0.0:15002 - 0 ] INFO  ratis.XceiverServerRatis (XceiverServerRatis.java:start(517)) - Starting XceiverServerRatis f162601e-1a73-446f-bfff-b907124620c0
2023-09-12 21:05:45,798 [EndpointStateMachine task thread for /0.0.0.0:15002 - 0 ] INFO  server.RaftServer (RaftServerProxy.java:startImpl(400)) - f162601e-1a73-446f-bfff-b907124620c0: start RPC server
2023-09-12 21:05:45,804 [EndpointStateMachine task thread for /0.0.0.0:15002 - 0 ] INFO  server.GrpcService (GrpcService.java:startImpl(302)) - f162601e-1a73-446f-bfff-b907124620c0: GrpcService started, listening on 15030
2023-09-12 21:05:45,807 [EndpointStateMachine task thread for /0.0.0.0:15002 - 0 ] INFO  server.GrpcService (GrpcService.java:startImpl(302)) - f162601e-1a73-446f-bfff-b907124620c0: GrpcService started, listening on 15032
2023-09-12 21:05:45,808 [EndpointStateMachine task thread for /0.0.0.0:15002 - 0 ] INFO  server.GrpcService (GrpcService.java:startImpl(302)) - f162601e-1a73-446f-bfff-b907124620c0: GrpcService started, listening on 15031
2023-09-12 21:05:45,809 [EndpointStateMachine task thread for /0.0.0.0:15002 - 0 ] INFO  ratis.XceiverServerRatis (XceiverServerRatis.java:getRealPort(543)) - XceiverServerRatis f162601e-1a73-446f-bfff-b907124620c0 is started using port 15030 for RATIS
2023-09-12 21:05:45,809 [EndpointStateMachine task thread for /0.0.0.0:15002 - 0 ] INFO  ratis.XceiverServerRatis (XceiverServerRatis.java:getRealPort(543)) - XceiverServerRatis f162601e-1a73-446f-bfff-b907124620c0 is started using port 15031 for RATIS_ADMIN
2023-09-12 21:05:45,809 [JvmPauseMonitor4] INFO  util.JvmPauseMonitor (JvmPauseMonitor.java:run(103)) - JvmPauseMonitor-f162601e-1a73-446f-bfff-b907124620c0: Started
2023-09-12 21:05:45,809 [EndpointStateMachine task thread for /0.0.0.0:15002 - 0 ] INFO  ratis.XceiverServerRatis (XceiverServerRatis.java:getRealPort(543)) - XceiverServerRatis f162601e-1a73-446f-bfff-b907124620c0 is started using port 15032 for RATIS_SERVER
2023-09-12 21:05:45,809 [EndpointStateMachine task thread for /0.0.0.0:15002 - 0 ] INFO  ratis.XceiverServerRatis (XceiverServerRatis.java:getRealPort(543)) - XceiverServerRatis f162601e-1a73-446f-bfff-b907124620c0 is started using port 15033 for RATIS_DATASTREAM
2023-09-12 21:05:45,814 [BlockDeletingService#0] INFO  interfaces.ContainerDeletionChoosingPolicyTemplate (ContainerDeletionChoosingPolicyTemplate.java:chooseContainerForBlockDeletion(85)) - Chosen 0/5000 blocks from 0 candidate containers.
2023-09-12 21:05:46,108 [EndpointStateMachine task thread for /0.0.0.0:15002 - 0 ] INFO  utils.DatanodeStoreCache (DatanodeStoreCache.java:addDB(66)) - Added db /home/runner/work/ozone/ozone/hadoop-ozone/integration-test/target/test-dir/MiniOzoneClusterImpl-0f4e02f1-3148-4106-9850-9963db652c57/datanode-3/data-0/containers/hdds/0f4e02f1-3148-4106-9850-9963db652c57/DS-02b871b4-ed26-4def-aed8-31c54ae5f0dd/container.db to cache
2023-09-12 21:05:46,108 [EndpointStateMachine task thread for /0.0.0.0:15002 - 0 ] INFO  volume.HddsVolume (HddsVolume.java:createDbStore(422)) - SchemaV3 db is created and loaded at /home/runner/work/ozone/ozone/hadoop-ozone/integration-test/target/test-dir/MiniOzoneClusterImpl-0f4e02f1-3148-4106-9850-9963db652c57/datanode-3/data-0/containers/hdds/0f4e02f1-3148-4106-9850-9963db652c57/DS-02b871b4-ed26-4def-aed8-31c54ae5f0dd/container.db for volume DS-02b871b4-ed26-4def-aed8-31c54ae5f0dd
2023-09-12 21:05:46,111 [EndpointStateMachine task thread for /0.0.0.0:15002 - 0 ] INFO  volume.ThrottledAsyncChecker (ThrottledAsyncChecker.java:schedule(141)) - Scheduling a check for /home/runner/work/ozone/ozone/hadoop-ozone/integration-test/target/test-dir/MiniOzoneClusterImpl-0f4e02f1-3148-4106-9850-9963db652c57/datanode-3/data-0/containers/hdds
2023-09-12 21:05:46,111 [EndpointStateMachine task thread for /0.0.0.0:15002 - 0 ] INFO  volume.StorageVolumeChecker (StorageVolumeChecker.java:checkAllVolumes(213)) - Scheduled health check for volume /home/runner/work/ozone/ozone/hadoop-ozone/integration-test/target/test-dir/MiniOzoneClusterImpl-0f4e02f1-3148-4106-9850-9963db652c57/datanode-3/data-0/containers/hdds
2023-09-12 21:05:46,114 [EndpointStateMachine task thread for /0.0.0.0:15002 - 0 ] INFO  volume.ThrottledAsyncChecker (ThrottledAsyncChecker.java:schedule(141)) - Scheduling a check for /home/runner/work/ozone/ozone/hadoop-ozone/integration-test/target/test-dir/MiniOzoneClusterImpl-0f4e02f1-3148-4106-9850-9963db652c57/datanode-3/data/ratis
2023-09-12 21:05:46,114 [EndpointStateMachine task thread for /0.0.0.0:15002 - 0 ] INFO  volume.StorageVolumeChecker (StorageVolumeChecker.java:checkAllVolumes(213)) - Scheduled health check for volume /home/runner/work/ozone/ozone/hadoop-ozone/integration-test/target/test-dir/MiniOzoneClusterImpl-0f4e02f1-3148-4106-9850-9963db652c57/datanode-3/data/ratis
2023-09-12 21:05:46,114 [EndpointStateMachine task thread for /0.0.0.0:15002 - 0 ] INFO  ozoneimpl.OzoneContainer (OzoneContainer.java:start(429)) - Attempting to start container services.
2023-09-12 21:05:46,114 [EndpointStateMachine task thread for /0.0.0.0:15002 - 0 ] INFO  ozoneimpl.OzoneContainer (OzoneContainer.java:startContainerScrub(325)) - Scheduled background container scanners and the on-demand container scanner have been disabled.
2023-09-12 21:05:46,116 [EndpointStateMachine task thread for /0.0.0.0:15002 - 0 ] INFO  replication.ReplicationServer (ReplicationServer.java:start(130)) - ReplicationServer is started using port 15043
2023-09-12 21:05:46,116 [EndpointStateMachine task thread for /0.0.0.0:15002 - 0 ] INFO  ratis.XceiverServerRatis (XceiverServerRatis.java:start(517)) - Starting XceiverServerRatis 78c45de7-ea48-4d81-a27f-63dcd3d13ef6
2023-09-12 21:05:46,117 [EndpointStateMachine task thread for /0.0.0.0:15002 - 0 ] INFO  server.RaftServer (RaftServerProxy.java:startImpl(400)) - 78c45de7-ea48-4d81-a27f-63dcd3d13ef6: start RPC server
2023-09-12 21:05:46,119 [EndpointStateMachine task thread for /0.0.0.0:15002 - 0 ] INFO  server.GrpcService (GrpcService.java:startImpl(302)) - 78c45de7-ea48-4d81-a27f-63dcd3d13ef6: GrpcService started, listening on 15039
2023-09-12 21:05:46,120 [EndpointStateMachine task thread for /0.0.0.0:15002 - 0 ] INFO  server.GrpcService (GrpcService.java:startImpl(302)) - 78c45de7-ea48-4d81-a27f-63dcd3d13ef6: GrpcService started, listening on 15041
2023-09-12 21:05:46,124 [EndpointStateMachine task thread for /0.0.0.0:15002 - 0 ] INFO  server.GrpcService (GrpcService.java:startImpl(302)) - 78c45de7-ea48-4d81-a27f-63dcd3d13ef6: GrpcService started, listening on 15040
2023-09-12 21:05:46,124 [EndpointStateMachine task thread for /0.0.0.0:15002 - 0 ] INFO  ratis.XceiverServerRatis (XceiverServerRatis.java:getRealPort(543)) - XceiverServerRatis 78c45de7-ea48-4d81-a27f-63dcd3d13ef6 is started using port 15039 for RATIS
2023-09-12 21:05:46,124 [EndpointStateMachine task thread for /0.0.0.0:15002 - 0 ] INFO  ratis.XceiverServerRatis (XceiverServerRatis.java:getRealPort(543)) - XceiverServerRatis 78c45de7-ea48-4d81-a27f-63dcd3d13ef6 is started using port 15040 for RATIS_ADMIN
2023-09-12 21:05:46,124 [EndpointStateMachine task thread for /0.0.0.0:15002 - 0 ] INFO  ratis.XceiverServerRatis (XceiverServerRatis.java:getRealPort(543)) - XceiverServerRatis 78c45de7-ea48-4d81-a27f-63dcd3d13ef6 is started using port 15041 for RATIS_SERVER
2023-09-12 21:05:46,124 [EndpointStateMachine task thread for /0.0.0.0:15002 - 0 ] INFO  ratis.XceiverServerRatis (XceiverServerRatis.java:getRealPort(543)) - XceiverServerRatis 78c45de7-ea48-4d81-a27f-63dcd3d13ef6 is started using port 15042 for RATIS_DATASTREAM
2023-09-12 21:05:46,127 [JvmPauseMonitor5] INFO  util.JvmPauseMonitor (JvmPauseMonitor.java:run(103)) - JvmPauseMonitor-78c45de7-ea48-4d81-a27f-63dcd3d13ef6: Started
2023-09-12 21:05:46,133 [BlockDeletingService#0] INFO  interfaces.ContainerDeletionChoosingPolicyTemplate (ContainerDeletionChoosingPolicyTemplate.java:chooseContainerForBlockDeletion(85)) - Chosen 0/5000 blocks from 0 candidate containers.
2023-09-12 21:05:46,389 [JUnit] INFO  ozone.MiniOzoneClusterImpl (MiniOzoneClusterImpl.java:lambda$waitForClusterToBeReady$0(224)) - Waiting for nodes to be ready. Got 0 of 5 DN Heartbeats.
2023-09-12 21:05:46,390 [JUnit] INFO  ozone.MiniOzoneClusterImpl (MiniOzoneClusterImpl.java:lambda$waitForClusterToBeReady$0(227)) - Waiting for cluster to exit safe mode
2023-09-12 21:05:46,390 [JUnit] INFO  ozone.MiniOzoneClusterImpl (MiniOzoneClusterImpl.java:lambda$waitForClusterToBeReady$0(229)) - SCM became leader
2023-09-12 21:05:46,426 [EndpointStateMachine task thread for /0.0.0.0:15002 - 0 ] INFO  utils.DatanodeStoreCache (DatanodeStoreCache.java:addDB(66)) - Added db /home/runner/work/ozone/ozone/hadoop-ozone/integration-test/target/test-dir/MiniOzoneClusterImpl-0f4e02f1-3148-4106-9850-9963db652c57/datanode-4/data-0/containers/hdds/0f4e02f1-3148-4106-9850-9963db652c57/DS-02673186-6aa4-4d2c-8d99-b14e8fbca544/container.db to cache
2023-09-12 21:05:46,426 [EndpointStateMachine task thread for /0.0.0.0:15002 - 0 ] INFO  volume.HddsVolume (HddsVolume.java:createDbStore(422)) - SchemaV3 db is created and loaded at /home/runner/work/ozone/ozone/hadoop-ozone/integration-test/target/test-dir/MiniOzoneClusterImpl-0f4e02f1-3148-4106-9850-9963db652c57/datanode-4/data-0/containers/hdds/0f4e02f1-3148-4106-9850-9963db652c57/DS-02673186-6aa4-4d2c-8d99-b14e8fbca544/container.db for volume DS-02673186-6aa4-4d2c-8d99-b14e8fbca544
2023-09-12 21:05:46,427 [EndpointStateMachine task thread for /0.0.0.0:15002 - 0 ] INFO  volume.ThrottledAsyncChecker (ThrottledAsyncChecker.java:schedule(141)) - Scheduling a check for /home/runner/work/ozone/ozone/hadoop-ozone/integration-test/target/test-dir/MiniOzoneClusterImpl-0f4e02f1-3148-4106-9850-9963db652c57/datanode-4/data-0/containers/hdds
2023-09-12 21:05:46,428 [EndpointStateMachine task thread for /0.0.0.0:15002 - 0 ] INFO  volume.StorageVolumeChecker (StorageVolumeChecker.java:checkAllVolumes(213)) - Scheduled health check for volume /home/runner/work/ozone/ozone/hadoop-ozone/integration-test/target/test-dir/MiniOzoneClusterImpl-0f4e02f1-3148-4106-9850-9963db652c57/datanode-4/data-0/containers/hdds
2023-09-12 21:05:46,429 [EndpointStateMachine task thread for /0.0.0.0:15002 - 0 ] INFO  volume.ThrottledAsyncChecker (ThrottledAsyncChecker.java:schedule(141)) - Scheduling a check for /home/runner/work/ozone/ozone/hadoop-ozone/integration-test/target/test-dir/MiniOzoneClusterImpl-0f4e02f1-3148-4106-9850-9963db652c57/datanode-4/data/ratis
2023-09-12 21:05:46,429 [EndpointStateMachine task thread for /0.0.0.0:15002 - 0 ] INFO  volume.StorageVolumeChecker (StorageVolumeChecker.java:checkAllVolumes(213)) - Scheduled health check for volume /home/runner/work/ozone/ozone/hadoop-ozone/integration-test/target/test-dir/MiniOzoneClusterImpl-0f4e02f1-3148-4106-9850-9963db652c57/datanode-4/data/ratis
2023-09-12 21:05:46,430 [EndpointStateMachine task thread for /0.0.0.0:15002 - 0 ] INFO  ozoneimpl.OzoneContainer (OzoneContainer.java:start(429)) - Attempting to start container services.
2023-09-12 21:05:46,430 [EndpointStateMachine task thread for /0.0.0.0:15002 - 0 ] INFO  ozoneimpl.OzoneContainer (OzoneContainer.java:startContainerScrub(325)) - Scheduled background container scanners and the on-demand container scanner have been disabled.
2023-09-12 21:05:46,431 [EndpointStateMachine task thread for /0.0.0.0:15002 - 0 ] INFO  replication.ReplicationServer (ReplicationServer.java:start(130)) - ReplicationServer is started using port 15052
2023-09-12 21:05:46,431 [EndpointStateMachine task thread for /0.0.0.0:15002 - 0 ] INFO  ratis.XceiverServerRatis (XceiverServerRatis.java:start(517)) - Starting XceiverServerRatis b1af18a3-9ed4-43ef-9d74-ef660abc83ed
2023-09-12 21:05:46,432 [EndpointStateMachine task thread for /0.0.0.0:15002 - 0 ] INFO  server.RaftServer (RaftServerProxy.java:startImpl(400)) - b1af18a3-9ed4-43ef-9d74-ef660abc83ed: start RPC server
2023-09-12 21:05:46,439 [EndpointStateMachine task thread for /0.0.0.0:15002 - 0 ] INFO  server.GrpcService (GrpcService.java:startImpl(302)) - b1af18a3-9ed4-43ef-9d74-ef660abc83ed: GrpcService started, listening on 15048
2023-09-12 21:05:46,440 [EndpointStateMachine task thread for /0.0.0.0:15002 - 0 ] INFO  server.GrpcService (GrpcService.java:startImpl(302)) - b1af18a3-9ed4-43ef-9d74-ef660abc83ed: GrpcService started, listening on 15050
2023-09-12 21:05:46,440 [EndpointStateMachine task thread for /0.0.0.0:15002 - 0 ] INFO  server.GrpcService (GrpcService.java:startImpl(302)) - b1af18a3-9ed4-43ef-9d74-ef660abc83ed: GrpcService started, listening on 15049
2023-09-12 21:05:46,442 [EndpointStateMachine task thread for /0.0.0.0:15002 - 0 ] INFO  ratis.XceiverServerRatis (XceiverServerRatis.java:getRealPort(543)) - XceiverServerRatis b1af18a3-9ed4-43ef-9d74-ef660abc83ed is started using port 15048 for RATIS
2023-09-12 21:05:46,443 [JvmPauseMonitor6] INFO  util.JvmPauseMonitor (JvmPauseMonitor.java:run(103)) - JvmPauseMonitor-b1af18a3-9ed4-43ef-9d74-ef660abc83ed: Started
2023-09-12 21:05:46,443 [EndpointStateMachine task thread for /0.0.0.0:15002 - 0 ] INFO  ratis.XceiverServerRatis (XceiverServerRatis.java:getRealPort(543)) - XceiverServerRatis b1af18a3-9ed4-43ef-9d74-ef660abc83ed is started using port 15049 for RATIS_ADMIN
2023-09-12 21:05:46,443 [EndpointStateMachine task thread for /0.0.0.0:15002 - 0 ] INFO  ratis.XceiverServerRatis (XceiverServerRatis.java:getRealPort(543)) - XceiverServerRatis b1af18a3-9ed4-43ef-9d74-ef660abc83ed is started using port 15050 for RATIS_SERVER
2023-09-12 21:05:46,443 [EndpointStateMachine task thread for /0.0.0.0:15002 - 0 ] INFO  ratis.XceiverServerRatis (XceiverServerRatis.java:getRealPort(543)) - XceiverServerRatis b1af18a3-9ed4-43ef-9d74-ef660abc83ed is started using port 15051 for RATIS_DATASTREAM
2023-09-12 21:05:46,445 [BlockDeletingService#0] INFO  interfaces.ContainerDeletionChoosingPolicyTemplate (ContainerDeletionChoosingPolicyTemplate.java:chooseContainerForBlockDeletion(85)) - Chosen 0/5000 blocks from 0 candidate containers.
2023-09-12 21:05:46,934 [IPC Server handler 17 on default port 15002] INFO  net.NetworkTopologyImpl (NetworkTopologyImpl.java:add(112)) - Added a new node: /default-rack/9ece4d1d-2112-49ce-a0f9-c544e683daa2
2023-09-12 21:05:46,937 [IPC Server handler 17 on default port 15002] INFO  node.SCMNodeManager (SCMNodeManager.java:register(405)) - Registered Data node : 9ece4d1d-2112-49ce-a0f9-c544e683daa2{ip: 10.1.0.4, host: fv-az740-690.qoj0rp3pihcejmpunbvrynwprc.phxx.internal.cloudapp.net, ports: [HTTP=15009, CLIENT_RPC=15010, REPLICATION=15016, RATIS=15012, RATIS_ADMIN=15013, RATIS_SERVER=15014, RATIS_DATASTREAM=15015, STANDALONE=15011], networkLocation: /default-rack, certSerialId: null, persistedOpState: null, persistedOpStateExpiryEpochSec: 0}
2023-09-12 21:05:46,939 [EventQueue-NewNodeForNewNodeHandler] INFO  pipeline.BackgroundPipelineCreator (BackgroundPipelineCreator.java:notifyEventTriggered(277)) - trigger a one-shot run on RatisPipelineUtilsThread.
2023-09-12 21:05:46,944 [EventQueue-NodeRegistrationContainerReportForDataNodeSafeModeRule] INFO  safemode.SCMSafeModeManager (DataNodeSafeModeRule.java:process(71)) - SCM in safe mode. 1 DataNodes registered, 3 required.
2023-09-12 21:05:46,949 [RatisPipelineUtilsThread - 0] INFO  pipeline.RatisPipelineProvider (RatisPipelineProvider.java:lambda$create$0(206)) - Sending CreatePipelineCommand for pipeline:PipelineID=b92cf172-094c-4132-b753-e199e82519c1 to datanode:9ece4d1d-2112-49ce-a0f9-c544e683daa2
2023-09-12 21:05:46,954 [EventQueue-NodeRegistrationContainerReportForContainerSafeModeRule] INFO  safemode.SCMSafeModeManager (SCMSafeModeManager.java:validateSafeModeExitRules(200)) - ContainerSafeModeRule rule is successfully validated
2023-09-12 21:05:46,963 [EventQueue-PipelineReportForOneReplicaPipelineSafeModeRule] INFO  safemode.SCMSafeModeManager (SCMSafeModeManager.java:validateSafeModeExitRules(200)) - AtleastOneDatanodeReportedRule rule is successfully validated
2023-09-12 21:05:46,964 [RatisPipelineUtilsThread - 0] INFO  pipeline.BackgroundPipelineCreator (BackgroundPipelineCreator.java:createPipelines(233)) - Created new pipeline Pipeline[ Id: b92cf172-094c-4132-b753-e199e82519c1, Nodes: 9ece4d1d-2112-49ce-a0f9-c544e683daa2(fv-az740-690.qoj0rp3pihcejmpunbvrynwprc.phxx.internal.cloudapp.net/10.1.0.4), ReplicationConfig: RATIS/ONE, State:ALLOCATED, leaderId:, CreationTimestamp2023-09-12T21:05:46.948Z[Etc/UTC]]
2023-09-12 21:05:47,390 [JUnit] INFO  ozone.MiniOzoneClusterImpl (MiniOzoneClusterImpl.java:lambda$waitForClusterToBeReady$0(224)) - Waiting for nodes to be ready. Got 1 of 5 DN Heartbeats.
2023-09-12 21:05:47,390 [JUnit] INFO  ozone.MiniOzoneClusterImpl (MiniOzoneClusterImpl.java:lambda$waitForClusterToBeReady$0(227)) - Waiting for cluster to exit safe mode
2023-09-12 21:05:47,390 [JUnit] INFO  ozone.MiniOzoneClusterImpl (MiniOzoneClusterImpl.java:lambda$waitForClusterToBeReady$0(229)) - SCM became leader
2023-09-12 21:05:47,431 [IPC Server handler 17 on default port 15002] INFO  net.NetworkTopologyImpl (NetworkTopologyImpl.java:add(112)) - Added a new node: /default-rack/0c20a109-2ea1-4d97-ad73-cac537996a23
2023-09-12 21:05:47,431 [IPC Server handler 17 on default port 15002] INFO  node.SCMNodeManager (SCMNodeManager.java:register(405)) - Registered Data node : 0c20a109-2ea1-4d97-ad73-cac537996a23{ip: 10.1.0.4, host: fv-az740-690.qoj0rp3pihcejmpunbvrynwprc.phxx.internal.cloudapp.net, ports: [HTTP=15018, CLIENT_RPC=15019, REPLICATION=15025, RATIS=15021, RATIS_ADMIN=15022, RATIS_SERVER=15023, RATIS_DATASTREAM=15024, STANDALONE=15020], networkLocation: /default-rack, certSerialId: null, persistedOpState: null, persistedOpStateExpiryEpochSec: 0}
2023-09-12 21:05:47,431 [EventQueue-NodeRegistrationContainerReportForDataNodeSafeModeRule] INFO  safemode.SCMSafeModeManager (DataNodeSafeModeRule.java:process(71)) - SCM in safe mode. 2 DataNodes registered, 3 required.
2023-09-12 21:05:47,432 [EventQueue-NewNodeForNewNodeHandler] INFO  pipeline.BackgroundPipelineCreator (BackgroundPipelineCreator.java:notifyEventTriggered(277)) - trigger a one-shot run on RatisPipelineUtilsThread.
2023-09-12 21:05:47,433 [RatisPipelineUtilsThread - 0] INFO  pipeline.RatisPipelineProvider (RatisPipelineProvider.java:lambda$create$0(206)) - Sending CreatePipelineCommand for pipeline:PipelineID=ed55df4f-1434-4de1-a5f8-08a3b7b780b8 to datanode:0c20a109-2ea1-4d97-ad73-cac537996a23
2023-09-12 21:05:47,437 [RatisPipelineUtilsThread - 0] INFO  pipeline.BackgroundPipelineCreator (BackgroundPipelineCreator.java:createPipelines(233)) - Created new pipeline Pipeline[ Id: ed55df4f-1434-4de1-a5f8-08a3b7b780b8, Nodes: 0c20a109-2ea1-4d97-ad73-cac537996a23(fv-az740-690.qoj0rp3pihcejmpunbvrynwprc.phxx.internal.cloudapp.net/10.1.0.4), ReplicationConfig: RATIS/ONE, State:ALLOCATED, leaderId:, CreationTimestamp2023-09-12T21:05:47.433Z[Etc/UTC]]
2023-09-12 21:05:47,753 [IPC Server handler 16 on default port 15002] INFO  net.NetworkTopologyImpl (NetworkTopologyImpl.java:add(112)) - Added a new node: /default-rack/f162601e-1a73-446f-bfff-b907124620c0
2023-09-12 21:05:47,753 [IPC Server handler 16 on default port 15002] INFO  node.SCMNodeManager (SCMNodeManager.java:register(405)) - Registered Data node : f162601e-1a73-446f-bfff-b907124620c0{ip: 10.1.0.4, host: fv-az740-690.qoj0rp3pihcejmpunbvrynwprc.phxx.internal.cloudapp.net, ports: [HTTP=15027, CLIENT_RPC=15028, REPLICATION=15034, RATIS=15030, RATIS_ADMIN=15031, RATIS_SERVER=15032, RATIS_DATASTREAM=15033, STANDALONE=15029], networkLocation: /default-rack, certSerialId: null, persistedOpState: null, persistedOpStateExpiryEpochSec: 0}
2023-09-12 21:05:47,754 [EventQueue-NewNodeForNewNodeHandler] INFO  pipeline.BackgroundPipelineCreator (BackgroundPipelineCreator.java:notifyEventTriggered(277)) - trigger a one-shot run on RatisPipelineUtilsThread.
2023-09-12 21:05:47,754 [EventQueue-NodeRegistrationContainerReportForDataNodeSafeModeRule] INFO  safemode.SCMSafeModeManager (DataNodeSafeModeRule.java:process(71)) - SCM in safe mode. 3 DataNodes registered, 3 required.
2023-09-12 21:05:47,755 [EventQueue-NodeRegistrationContainerReportForDataNodeSafeModeRule] INFO  safemode.SCMSafeModeManager (SCMSafeModeManager.java:validateSafeModeExitRules(200)) - DataNodeSafeModeRule rule is successfully validated
2023-09-12 21:05:47,755 [EventQueue-NodeRegistrationContainerReportForDataNodeSafeModeRule] INFO  safemode.SCMSafeModeManager (SCMSafeModeManager.java:completePreCheck(229)) - All SCM safe mode pre check rules have passed
2023-09-12 21:05:47,755 [EventQueue-NodeRegistrationContainerReportForDataNodeSafeModeRule] INFO  ha.SCMContext (SCMContext.java:updateSafeModeStatus(228)) - Update SafeModeStatus from SafeModeStatus{safeModeStatus=true, preCheckPassed=false} to SafeModeStatus{safeModeStatus=true, preCheckPassed=true}.
2023-09-12 21:05:47,755 [EventQueue-NodeRegistrationContainerReportForDataNodeSafeModeRule] INFO  pipeline.BackgroundPipelineCreator (BackgroundPipelineCreator.java:notifyEventTriggered(277)) - trigger a one-shot run on RatisPipelineUtilsThread.
2023-09-12 21:05:47,754 [RatisPipelineUtilsThread - 0] INFO  pipeline.RatisPipelineProvider (RatisPipelineProvider.java:lambda$create$0(206)) - Sending CreatePipelineCommand for pipeline:PipelineID=3e980352-d34e-428c-b05e-b8d710d554b9 to datanode:f162601e-1a73-446f-bfff-b907124620c0
2023-09-12 21:05:47,756 [RatisPipelineUtilsThread - 0] INFO  pipeline.BackgroundPipelineCreator (BackgroundPipelineCreator.java:createPipelines(233)) - Created new pipeline Pipeline[ Id: 3e980352-d34e-428c-b05e-b8d710d554b9, Nodes: f162601e-1a73-446f-bfff-b907124620c0(fv-az740-690.qoj0rp3pihcejmpunbvrynwprc.phxx.internal.cloudapp.net/10.1.0.4), ReplicationConfig: RATIS/ONE, State:ALLOCATED, leaderId:, CreationTimestamp2023-09-12T21:05:47.754Z[Etc/UTC]]
2023-09-12 21:05:47,759 [RatisPipelineUtilsThread - 0] INFO  pipeline.RatisPipelineProvider (RatisPipelineProvider.java:lambda$create$0(206)) - Sending CreatePipelineCommand for pipeline:PipelineID=47f9dee4-0f52-4053-a48b-5878589fb01c to datanode:0c20a109-2ea1-4d97-ad73-cac537996a23
2023-09-12 21:05:47,759 [RatisPipelineUtilsThread - 0] INFO  pipeline.RatisPipelineProvider (RatisPipelineProvider.java:lambda$create$0(206)) - Sending CreatePipelineCommand for pipeline:PipelineID=47f9dee4-0f52-4053-a48b-5878589fb01c to datanode:f162601e-1a73-446f-bfff-b907124620c0
2023-09-12 21:05:47,760 [RatisPipelineUtilsThread - 0] INFO  pipeline.RatisPipelineProvider (RatisPipelineProvider.java:lambda$create$0(206)) - Sending CreatePipelineCommand for pipeline:PipelineID=47f9dee4-0f52-4053-a48b-5878589fb01c to datanode:9ece4d1d-2112-49ce-a0f9-c544e683daa2
2023-09-12 21:05:47,761 [RatisPipelineUtilsThread - 0] INFO  pipeline.BackgroundPipelineCreator (BackgroundPipelineCreator.java:createPipelines(233)) - Created new pipeline Pipeline[ Id: 47f9dee4-0f52-4053-a48b-5878589fb01c, Nodes: 0c20a109-2ea1-4d97-ad73-cac537996a23(fv-az740-690.qoj0rp3pihcejmpunbvrynwprc.phxx.internal.cloudapp.net/10.1.0.4)f162601e-1a73-446f-bfff-b907124620c0(fv-az740-690.qoj0rp3pihcejmpunbvrynwprc.phxx.internal.cloudapp.net/10.1.0.4)9ece4d1d-2112-49ce-a0f9-c544e683daa2(fv-az740-690.qoj0rp3pihcejmpunbvrynwprc.phxx.internal.cloudapp.net/10.1.0.4), ReplicationConfig: RATIS/THREE, State:ALLOCATED, leaderId:, CreationTimestamp2023-09-12T21:05:47.759Z[Etc/UTC]]
2023-09-12 21:05:47,762 [RatisPipelineUtilsThread - 0] INFO  pipeline.RatisPipelineProvider (RatisPipelineProvider.java:lambda$create$0(206)) - Sending CreatePipelineCommand for pipeline:PipelineID=7e4cc134-007f-4413-b7c4-2e8fa51024fb to datanode:f162601e-1a73-446f-bfff-b907124620c0
2023-09-12 21:05:47,762 [RatisPipelineUtilsThread - 0] INFO  pipeline.RatisPipelineProvider (RatisPipelineProvider.java:lambda$create$0(206)) - Sending CreatePipelineCommand for pipeline:PipelineID=7e4cc134-007f-4413-b7c4-2e8fa51024fb to datanode:9ece4d1d-2112-49ce-a0f9-c544e683daa2
2023-09-12 21:05:47,762 [RatisPipelineUtilsThread - 0] INFO  pipeline.RatisPipelineProvider (RatisPipelineProvider.java:lambda$create$0(206)) - Sending CreatePipelineCommand for pipeline:PipelineID=7e4cc134-007f-4413-b7c4-2e8fa51024fb to datanode:0c20a109-2ea1-4d97-ad73-cac537996a23
2023-09-12 21:05:47,763 [RatisPipelineUtilsThread - 0] INFO  pipeline.PipelineManagerImpl (PipelineManagerImpl.java:recordMetricsForPipeline(895)) - Pipeline: PipelineID=7e4cc134-007f-4413-b7c4-2e8fa51024fb contains same datanodes as previous pipelines: PipelineID=47f9dee4-0f52-4053-a48b-5878589fb01c nodeIds: f162601e-1a73-446f-bfff-b907124620c0, 9ece4d1d-2112-49ce-a0f9-c544e683daa2, 0c20a109-2ea1-4d97-ad73-cac537996a23
2023-09-12 21:05:47,763 [RatisPipelineUtilsThread - 0] INFO  pipeline.BackgroundPipelineCreator (BackgroundPipelineCreator.java:createPipelines(233)) - Created new pipeline Pipeline[ Id: 7e4cc134-007f-4413-b7c4-2e8fa51024fb, Nodes: f162601e-1a73-446f-bfff-b907124620c0(fv-az740-690.qoj0rp3pihcejmpunbvrynwprc.phxx.internal.cloudapp.net/10.1.0.4)9ece4d1d-2112-49ce-a0f9-c544e683daa2(fv-az740-690.qoj0rp3pihcejmpunbvrynwprc.phxx.internal.cloudapp.net/10.1.0.4)0c20a109-2ea1-4d97-ad73-cac537996a23(fv-az740-690.qoj0rp3pihcejmpunbvrynwprc.phxx.internal.cloudapp.net/10.1.0.4), ReplicationConfig: RATIS/THREE, State:ALLOCATED, leaderId:, CreationTimestamp2023-09-12T21:05:47.762Z[Etc/UTC]]
2023-09-12 21:05:48,068 [IPC Server handler 18 on default port 15002] INFO  net.NetworkTopologyImpl (NetworkTopologyImpl.java:add(112)) - Added a new node: /default-rack/78c45de7-ea48-4d81-a27f-63dcd3d13ef6
2023-09-12 21:05:48,068 [IPC Server handler 18 on default port 15002] INFO  node.SCMNodeManager (SCMNodeManager.java:register(405)) - Registered Data node : 78c45de7-ea48-4d81-a27f-63dcd3d13ef6{ip: 10.1.0.4, host: fv-az740-690.qoj0rp3pihcejmpunbvrynwprc.phxx.internal.cloudapp.net, ports: [HTTP=15036, CLIENT_RPC=15037, REPLICATION=15043, RATIS=15039, RATIS_ADMIN=15040, RATIS_SERVER=15041, RATIS_DATASTREAM=15042, STANDALONE=15038], networkLocation: /default-rack, certSerialId: null, persistedOpState: null, persistedOpStateExpiryEpochSec: 0}
2023-09-12 21:05:48,069 [EventQueue-NewNodeForNewNodeHandler] INFO  pipeline.BackgroundPipelineCreator (BackgroundPipelineCreator.java:notifyEventTriggered(277)) - trigger a one-shot run on RatisPipelineUtilsThread.
2023-09-12 21:05:48,070 [RatisPipelineUtilsThread - 0] INFO  pipeline.RatisPipelineProvider (RatisPipelineProvider.java:lambda$create$0(206)) - Sending CreatePipelineCommand for pipeline:PipelineID=049c2560-9622-491e-927d-21c0c8057b11 to datanode:78c45de7-ea48-4d81-a27f-63dcd3d13ef6
2023-09-12 21:05:48,072 [RatisPipelineUtilsThread - 0] INFO  pipeline.BackgroundPipelineCreator (BackgroundPipelineCreator.java:createPipelines(233)) - Created new pipeline Pipeline[ Id: 049c2560-9622-491e-927d-21c0c8057b11, Nodes: 78c45de7-ea48-4d81-a27f-63dcd3d13ef6(fv-az740-690.qoj0rp3pihcejmpunbvrynwprc.phxx.internal.cloudapp.net/10.1.0.4), ReplicationConfig: RATIS/ONE, State:ALLOCATED, leaderId:, CreationTimestamp2023-09-12T21:05:48.070Z[Etc/UTC]]
2023-09-12 21:05:48,390 [JUnit] INFO  ozone.MiniOzoneClusterImpl (MiniOzoneClusterImpl.java:lambda$waitForClusterToBeReady$0(224)) - Waiting for nodes to be ready. Got 4 of 5 DN Heartbeats.
2023-09-12 21:05:48,391 [JUnit] INFO  ozone.MiniOzoneClusterImpl (MiniOzoneClusterImpl.java:lambda$waitForClusterToBeReady$0(227)) - Waiting for cluster to exit safe mode
2023-09-12 21:05:48,391 [JUnit] INFO  ozone.MiniOzoneClusterImpl (MiniOzoneClusterImpl.java:lambda$waitForClusterToBeReady$0(229)) - SCM became leader
2023-09-12 21:05:48,392 [IPC Server handler 19 on default port 15002] INFO  net.NetworkTopologyImpl (NetworkTopologyImpl.java:add(112)) - Added a new node: /default-rack/b1af18a3-9ed4-43ef-9d74-ef660abc83ed
2023-09-12 21:05:48,392 [IPC Server handler 19 on default port 15002] INFO  node.SCMNodeManager (SCMNodeManager.java:register(405)) - Registered Data node : b1af18a3-9ed4-43ef-9d74-ef660abc83ed{ip: 10.1.0.4, host: fv-az740-690.qoj0rp3pihcejmpunbvrynwprc.phxx.internal.cloudapp.net, ports: [HTTP=15045, CLIENT_RPC=15046, REPLICATION=15052, RATIS=15048, RATIS_ADMIN=15049, RATIS_SERVER=15050, RATIS_DATASTREAM=15051, STANDALONE=15047], networkLocation: /default-rack, certSerialId: null, persistedOpState: null, persistedOpStateExpiryEpochSec: 0}
2023-09-12 21:05:48,393 [EventQueue-NewNodeForNewNodeHandler] INFO  pipeline.BackgroundPipelineCreator (BackgroundPipelineCreator.java:notifyEventTriggered(277)) - trigger a one-shot run on RatisPipelineUtilsThread.
2023-09-12 21:05:48,394 [RatisPipelineUtilsThread - 0] INFO  pipeline.RatisPipelineProvider (RatisPipelineProvider.java:lambda$create$0(206)) - Sending CreatePipelineCommand for pipeline:PipelineID=65fdacee-1569-4c1c-b49a-9a1c815a8ba7 to datanode:b1af18a3-9ed4-43ef-9d74-ef660abc83ed
2023-09-12 21:05:48,396 [RatisPipelineUtilsThread - 0] INFO  pipeline.BackgroundPipelineCreator (BackgroundPipelineCreator.java:createPipelines(233)) - Created new pipeline Pipeline[ Id: 65fdacee-1569-4c1c-b49a-9a1c815a8ba7, Nodes: b1af18a3-9ed4-43ef-9d74-ef660abc83ed(fv-az740-690.qoj0rp3pihcejmpunbvrynwprc.phxx.internal.cloudapp.net/10.1.0.4), ReplicationConfig: RATIS/ONE, State:ALLOCATED, leaderId:, CreationTimestamp2023-09-12T21:05:48.394Z[Etc/UTC]]
2023-09-12 21:05:49,391 [JUnit] INFO  ozone.MiniOzoneClusterImpl (MiniOzoneClusterImpl.java:lambda$waitForClusterToBeReady$0(224)) - Nodes are ready. Got 5 of 5 DN Heartbeats.
2023-09-12 21:05:49,391 [JUnit] INFO  ozone.MiniOzoneClusterImpl (MiniOzoneClusterImpl.java:lambda$waitForClusterToBeReady$0(227)) - Waiting for cluster to exit safe mode
2023-09-12 21:05:49,391 [JUnit] INFO  ozone.MiniOzoneClusterImpl (MiniOzoneClusterImpl.java:lambda$waitForClusterToBeReady$0(229)) - SCM became leader
2023-09-12 21:05:49,934 [PipelineCommandHandlerThread-0] INFO  server.RaftServer (RaftServerProxy.java:addNew(98)) - 9ece4d1d-2112-49ce-a0f9-c544e683daa2: addNew group-E199E82519C1:[9ece4d1d-2112-49ce-a0f9-c544e683daa2|rpc:10.1.0.4:15014|admin:10.1.0.4:15013|client:10.1.0.4:15012|dataStream:10.1.0.4:15015|priority:1|startupRole:FOLLOWER] returns group-E199E82519C1:java.util.concurrent.CompletableFuture@3798e987[Not completed]
2023-09-12 21:05:49,943 [9ece4d1d-2112-49ce-a0f9-c544e683daa2-groupManagement] INFO  server.RaftServer$Division (RaftServerImpl.java:<init>(198)) - 9ece4d1d-2112-49ce-a0f9-c544e683daa2: new RaftServerImpl for group-E199E82519C1:[9ece4d1d-2112-49ce-a0f9-c544e683daa2|rpc:10.1.0.4:15014|admin:10.1.0.4:15013|client:10.1.0.4:15012|dataStream:10.1.0.4:15015|priority:1|startupRole:FOLLOWER] with ContainerStateMachine:uninitialized
2023-09-12 21:05:49,944 [9ece4d1d-2112-49ce-a0f9-c544e683daa2-groupManagement] INFO  server.RaftServerConfigKeys (ConfUtils.java:logGet(46)) - raft.server.rpc.timeout.min = 5s (custom)
2023-09-12 21:05:49,944 [9ece4d1d-2112-49ce-a0f9-c544e683daa2-groupManagement] INFO  server.RaftServerConfigKeys (ConfUtils.java:logGet(46)) - raft.server.rpc.timeout.max = 5200ms (custom)
2023-09-12 21:05:49,944 [9ece4d1d-2112-49ce-a0f9-c544e683daa2-groupManagement] INFO  server.RaftServerConfigKeys (ConfUtils.java:logGet(46)) - raft.server.rpc.sleep.time = 25ms (default)
2023-09-12 21:05:49,944 [9ece4d1d-2112-49ce-a0f9-c544e683daa2-groupManagement] INFO  server.RaftServerConfigKeys (ConfUtils.java:logGet(46)) - raft.server.rpc.slowness.timeout = 300000ms (custom)
2023-09-12 21:05:49,944 [9ece4d1d-2112-49ce-a0f9-c544e683daa2-groupManagement] INFO  server.RaftServerConfigKeys (ConfUtils.java:logGet(46)) - raft.server.leaderelection.leader.step-down.wait-time = 10s (default)
2023-09-12 21:05:49,944 [9ece4d1d-2112-49ce-a0f9-c544e683daa2-groupManagement] INFO  server.RaftServerConfigKeys (ConfUtils.java:logGet(46)) - raft.server.sleep.deviation.threshold = 300ms (default)
2023-09-12 21:05:49,944 [9ece4d1d-2112-49ce-a0f9-c544e683daa2-groupManagement] INFO  server.RaftServer$Division (ServerState.java:<init>(120)) - 9ece4d1d-2112-49ce-a0f9-c544e683daa2@group-E199E82519C1: ConfigurationManager, init=-1: peers:[9ece4d1d-2112-49ce-a0f9-c544e683daa2|rpc:10.1.0.4:15014|admin:10.1.0.4:15013|client:10.1.0.4:15012|dataStream:10.1.0.4:15015|priority:1|startupRole:FOLLOWER]|listeners:[], old=null, confs=<EMPTY_MAP>
2023-09-12 21:05:49,944 [9ece4d1d-2112-49ce-a0f9-c544e683daa2-groupManagement] INFO  server.RaftServerConfigKeys (ConfUtils.java:logGet(46)) - raft.server.storage.dir = [/home/runner/work/ozone/ozone/hadoop-ozone/integration-test/target/test-dir/MiniOzoneClusterImpl-0f4e02f1-3148-4106-9850-9963db652c57/datanode-0/data/ratis] (custom)
2023-09-12 21:05:49,944 [9ece4d1d-2112-49ce-a0f9-c544e683daa2-groupManagement] INFO  server.RaftServerConfigKeys (ConfUtils.java:logGet(46)) - raft.server.log.corruption.policy = EXCEPTION (default)
2023-09-12 21:05:49,944 [9ece4d1d-2112-49ce-a0f9-c544e683daa2-groupManagement] INFO  server.RaftServerConfigKeys (ConfUtils.java:logGet(46)) - raft.server.storage.free-space.min = 0MB (=0) (default)
2023-09-12 21:05:49,944 [9ece4d1d-2112-49ce-a0f9-c544e683daa2-groupManagement] INFO  server.RaftServerConfigKeys (ConfUtils.java:logGet(46)) - raft.server.notification.no-leader.timeout = 300000ms (custom)
2023-09-12 21:05:49,944 [9ece4d1d-2112-49ce-a0f9-c544e683daa2-groupManagement] INFO  server.RaftServerConfigKeys (ConfUtils.java:logGet(46)) - raft.server.read.timeout = 10s (default)
2023-09-12 21:05:49,945 [9ece4d1d-2112-49ce-a0f9-c544e683daa2-groupManagement] INFO  server.RaftServerConfigKeys (ConfUtils.java:logGet(46)) - raft.server.retrycache.expirytime = 600000ms (custom)
2023-09-12 21:05:49,945 [9ece4d1d-2112-49ce-a0f9-c544e683daa2-groupManagement] INFO  server.RaftServerConfigKeys (ConfUtils.java:logGet(46)) - raft.server.retrycache.statistics.expirytime = 100μs (default)
2023-09-12 21:05:49,945 [9ece4d1d-2112-49ce-a0f9-c544e683daa2-groupManagement] INFO  server.RaftServerConfigKeys (ConfUtils.java:logGet(46)) - raft.server.read.option = DEFAULT (default)
2023-09-12 21:05:49,947 [9ece4d1d-2112-49ce-a0f9-c544e683daa2-groupManagement] INFO  server.RaftServerConfigKeys (ConfUtils.java:logGet(46)) - raft.server.rpc.request.timeout = 3000ms (default)
2023-09-12 21:05:49,947 [9ece4d1d-2112-49ce-a0f9-c544e683daa2-groupManagement] INFO  server.RaftServerConfigKeys (ConfUtils.java:logGet(46)) - raft.server.log.appender.install.snapshot.enabled = false (custom)
2023-09-12 21:05:49,947 [9ece4d1d-2112-49ce-a0f9-c544e683daa2-groupManagement] INFO  server.RaftServerConfigKeys (ConfUtils.java:logGet(46)) - raft.server.threadpool.server.cached = true (default)
2023-09-12 21:05:49,947 [9ece4d1d-2112-49ce-a0f9-c544e683daa2-groupManagement] INFO  server.RaftServerConfigKeys (ConfUtils.java:logGet(46)) - raft.server.threadpool.server.size = 0 (default)
2023-09-12 21:05:49,947 [9ece4d1d-2112-49ce-a0f9-c544e683daa2-groupManagement] INFO  server.RaftServerConfigKeys (ConfUtils.java:logGet(46)) - raft.server.threadpool.client.cached = true (default)
2023-09-12 21:05:49,947 [9ece4d1d-2112-49ce-a0f9-c544e683daa2-groupManagement] INFO  server.RaftServerConfigKeys (ConfUtils.java:logGet(46)) - raft.server.threadpool.client.size = 0 (default)
2023-09-12 21:05:49,947 [9ece4d1d-2112-49ce-a0f9-c544e683daa2-groupManagement] INFO  storage.RaftStorageDirectory (RaftStorageDirectoryImpl.java:analyzeStorage(137)) - The storage directory /home/runner/work/ozone/ozone/hadoop-ozone/integration-test/target/test-dir/MiniOzoneClusterImpl-0f4e02f1-3148-4106-9850-9963db652c57/datanode-0/data/ratis/b92cf172-094c-4132-b753-e199e82519c1 does not exist. Creating ...
2023-09-12 21:05:49,949 [9ece4d1d-2112-49ce-a0f9-c544e683daa2-groupManagement] INFO  storage.RaftStorageDirectory (RaftStorageDirectoryImpl.java:tryLock(231)) - Lock on /home/runner/work/ozone/ozone/hadoop-ozone/integration-test/target/test-dir/MiniOzoneClusterImpl-0f4e02f1-3148-4106-9850-9963db652c57/datanode-0/data/ratis/b92cf172-094c-4132-b753-e199e82519c1/in_use.lock acquired by nodename 5540@fv-az740-690
2023-09-12 21:05:49,950 [9ece4d1d-2112-49ce-a0f9-c544e683daa2-groupManagement] INFO  storage.RaftStorage (RaftStorageImpl.java:format(96)) - Storage directory /home/runner/work/ozone/ozone/hadoop-ozone/integration-test/target/test-dir/MiniOzoneClusterImpl-0f4e02f1-3148-4106-9850-9963db652c57/datanode-0/data/ratis/b92cf172-094c-4132-b753-e199e82519c1 has been successfully formatted.
2023-09-12 21:05:49,955 [9ece4d1d-2112-49ce-a0f9-c544e683daa2-groupManagement] INFO  ratis.ContainerStateMachine (ContainerStateMachine.java:loadSnapshot(262)) - group-E199E82519C1: The snapshot info is null. Setting the last applied indexto:(t:0, i:~)
2023-09-12 21:05:49,955 [9ece4d1d-2112-49ce-a0f9-c544e683daa2-groupManagement] INFO  server.RaftServerConfigKeys (ConfUtils.java:logGet(46)) - raft.server.log.use.memory = false (default)
2023-09-12 21:05:49,955 [9ece4d1d-2112-49ce-a0f9-c544e683daa2-groupManagement] INFO  server.RaftServerConfigKeys (ConfUtils.java:logGet(46)) - raft.server.log.purge.gap = 1000000 (custom)
2023-09-12 21:05:49,955 [9ece4d1d-2112-49ce-a0f9-c544e683daa2-groupManagement] INFO  server.RaftServerConfigKeys (ConfUtils.java:logGet(46)) - raft.server.log.appender.buffer.byte-limit = 33554432 (custom)
2023-09-12 21:05:49,955 [9ece4d1d-2112-49ce-a0f9-c544e683daa2-groupManagement] INFO  server.RaftServerConfigKeys (ConfUtils.java:logGet(46)) - raft.server.log.statemachine.data.read.timeout = 1000ms (default)
2023-09-12 21:05:49,955 [9ece4d1d-2112-49ce-a0f9-c544e683daa2-groupManagement] INFO  server.RaftServerConfigKeys (ConfUtils.java:logGet(46)) - raft.server.log.purge.preservation.log.num = 0 (default)
2023-09-12 21:05:49,956 [9ece4d1d-2112-49ce-a0f9-c544e683daa2-groupManagement] INFO  server.RaftServerConfigKeys (ConfUtils.java:logGet(46)) - raft.server.log.segment.size.max = 1048576 (custom)
2023-09-12 21:05:49,956 [9ece4d1d-2112-49ce-a0f9-c544e683daa2-groupManagement] INFO  server.RaftServerConfigKeys (ConfUtils.java:logGet(46)) - raft.server.log.segment.cache.num.max = 2 (custom)
2023-09-12 21:05:49,956 [9ece4d1d-2112-49ce-a0f9-c544e683daa2-groupManagement] INFO  server.RaftServerConfigKeys (ConfUtils.java:logGet(46)) - raft.server.log.segment.cache.size.max = 200MB (=209715200) (default)
2023-09-12 21:05:49,956 [9ece4d1d-2112-49ce-a0f9-c544e683daa2-groupManagement] INFO  server.RaftServerConfigKeys (ConfUtils.java:logGet(46)) - raft.server.log.appender.buffer.byte-limit = 33554432 (custom)
2023-09-12 21:05:49,956 [9ece4d1d-2112-49ce-a0f9-c544e683daa2-groupManagement] INFO  segmented.SegmentedRaftLogWorker (SegmentedRaftLogWorker.java:<init>(188)) - new 9ece4d1d-2112-49ce-a0f9-c544e683daa2@group-E199E82519C1-SegmentedRaftLogWorker for RaftStorageImpl:Storage Directory /home/runner/work/ozone/ozone/hadoop-ozone/integration-test/target/test-dir/MiniOzoneClusterImpl-0f4e02f1-3148-4106-9850-9963db652c57/datanode-0/data/ratis/b92cf172-094c-4132-b753-e199e82519c1
2023-09-12 21:05:49,957 [9ece4d1d-2112-49ce-a0f9-c544e683daa2-groupManagement] INFO  server.RaftServerConfigKeys (ConfUtils.java:logGet(46)) - raft.server.log.queue.byte-limit = 4294967296 (custom)
2023-09-12 21:05:49,957 [9ece4d1d-2112-49ce-a0f9-c544e683daa2-groupManagement] INFO  server.RaftServerConfigKeys (ConfUtils.java:logGet(46)) - raft.server.log.queue.element-limit = 1024 (custom)
2023-09-12 21:05:49,957 [9ece4d1d-2112-49ce-a0f9-c544e683daa2-groupManagement] INFO  server.RaftServerConfigKeys (ConfUtils.java:logGet(46)) - raft.server.log.segment.size.max = 1048576 (custom)
2023-09-12 21:05:49,957 [9ece4d1d-2112-49ce-a0f9-c544e683daa2-groupManagement] INFO  server.RaftServerConfigKeys (ConfUtils.java:logGet(46)) - raft.server.log.preallocated.size = 16384 (custom)
2023-09-12 21:05:49,957 [9ece4d1d-2112-49ce-a0f9-c544e683daa2-groupManagement] INFO  server.RaftServerConfigKeys (ConfUtils.java:logGet(46)) - raft.server.log.force.sync.num = 128 (default)
2023-09-12 21:05:49,957 [9ece4d1d-2112-49ce-a0f9-c544e683daa2-groupManagement] INFO  server.RaftServerConfigKeys (ConfUtils.java:logGet(46)) - raft.server.log.statemachine.data.sync = true (default)
2023-09-12 21:05:49,957 [9ece4d1d-2112-49ce-a0f9-c544e683daa2-groupManagement] INFO  server.RaftServerConfigKeys (ConfUtils.java:logGet(46)) - raft.server.log.statemachine.data.sync.timeout = 10s (default)
2023-09-12 21:05:49,957 [9ece4d1d-2112-49ce-a0f9-c544e683daa2-groupManagement] INFO  server.RaftServerConfigKeys (ConfUtils.java:logGet(46)) - raft.server.log.statemachine.data.sync.timeout.retry = -1 (default)
2023-09-12 21:05:49,958 [9ece4d1d-2112-49ce-a0f9-c544e683daa2-groupManagement] INFO  server.RaftServerConfigKeys (ConfUtils.java:logGet(46)) - raft.server.log.write.buffer.size = 1048576 (custom)
2023-09-12 21:05:49,959 [9ece4d1d-2112-49ce-a0f9-c544e683daa2-groupManagement] INFO  server.RaftServerConfigKeys (ConfUtils.java:logGet(46)) - raft.server.log.appender.buffer.byte-limit = 33554432 (custom)
2023-09-12 21:05:49,962 [9ece4d1d-2112-49ce-a0f9-c544e683daa2-groupManagement] INFO  server.RaftServerConfigKeys (ConfUtils.java:logGet(46)) - raft.server.log.unsafe-flush.enabled = false (default)
2023-09-12 21:05:49,962 [9ece4d1d-2112-49ce-a0f9-c544e683daa2-groupManagement] INFO  server.RaftServerConfigKeys (ConfUtils.java:logGet(46)) - raft.server.log.async-flush.enabled = false (default)
2023-09-12 21:05:49,962 [9ece4d1d-2112-49ce-a0f9-c544e683daa2-groupManagement] INFO  server.RaftServerConfigKeys (ConfUtils.java:logGet(46)) - raft.server.log.statemachine.data.caching.enabled = true (custom)
2023-09-12 21:05:49,962 [9ece4d1d-2112-49ce-a0f9-c544e683daa2-groupManagement] INFO  segmented.SegmentedRaftLogWorker (SegmentedRaftLogWorker.java:lambda$new$0(135)) - 9ece4d1d-2112-49ce-a0f9-c544e683daa2@group-E199E82519C1-SegmentedRaftLogWorker: flushIndex: setUnconditionally 0 -> -1
2023-09-12 21:05:49,962 [9ece4d1d-2112-49ce-a0f9-c544e683daa2-groupManagement] INFO  segmented.SegmentedRaftLogWorker (SegmentedRaftLogWorker.java:lambda$new$0(135)) - 9ece4d1d-2112-49ce-a0f9-c544e683daa2@group-E199E82519C1-SegmentedRaftLogWorker: safeCacheEvictIndex: setUnconditionally 0 -> -1
2023-09-12 21:05:49,962 [9ece4d1d-2112-49ce-a0f9-c544e683daa2-groupManagement] INFO  server.RaftServer$Division (RaftServerImpl.java:start(342)) - 9ece4d1d-2112-49ce-a0f9-c544e683daa2@group-E199E82519C1: start as a follower, conf=-1: peers:[9ece4d1d-2112-49ce-a0f9-c544e683daa2|rpc:10.1.0.4:15014|admin:10.1.0.4:15013|client:10.1.0.4:15012|dataStream:10.1.0.4:15015|priority:1|startupRole:FOLLOWER]|listeners:[], old=null
2023-09-12 21:05:49,962 [9ece4d1d-2112-49ce-a0f9-c544e683daa2-groupManagement] INFO  server.RaftServer$Division (RaftServerImpl.java:setRole(329)) - 9ece4d1d-2112-49ce-a0f9-c544e683daa2@group-E199E82519C1: changes role from      null to FOLLOWER at term 0 for startAsFollower
2023-09-12 21:05:49,962 [9ece4d1d-2112-49ce-a0f9-c544e683daa2-groupManagement] INFO  impl.RoleInfo (RoleInfo.java:updateAndGet(139)) - 9ece4d1d-2112-49ce-a0f9-c544e683daa2: start 9ece4d1d-2112-49ce-a0f9-c544e683daa2@group-E199E82519C1-FollowerState
2023-09-12 21:05:49,963 [9ece4d1d-2112-49ce-a0f9-c544e683daa2-groupManagement] INFO  util.JmxRegister (JmxRegister.java:tryRegister(44)) - Successfully registered JMX Bean with object name Ratis:service=RaftServer,group=group-E199E82519C1,id=9ece4d1d-2112-49ce-a0f9-c544e683daa2
2023-09-12 21:05:49,963 [9ece4d1d-2112-49ce-a0f9-c544e683daa2-groupManagement] INFO  server.RaftServerConfigKeys (ConfUtils.java:logGet(46)) - raft.server.snapshot.auto.trigger.enabled = true (custom)
2023-09-12 21:05:49,963 [9ece4d1d-2112-49ce-a0f9-c544e683daa2-groupManagement] INFO  server.RaftServerConfigKeys (ConfUtils.java:logGet(46)) - raft.server.snapshot.auto.trigger.threshold = 10000 (custom)
2023-09-12 21:05:49,963 [9ece4d1d-2112-49ce-a0f9-c544e683daa2-groupManagement] INFO  server.RaftServerConfigKeys (ConfUtils.java:logGet(46)) - raft.server.snapshot.retention.file.num = 5 (custom)
2023-09-12 21:05:49,963 [9ece4d1d-2112-49ce-a0f9-c544e683daa2-groupManagement] INFO  server.RaftServerConfigKeys (ConfUtils.java:logGet(46)) - raft.server.log.purge.upto.snapshot.index = false (default)
2023-09-12 21:05:49,964 [9ece4d1d-2112-49ce-a0f9-c544e683daa2@group-E199E82519C1-FollowerState] INFO  server.RaftServerConfigKeys (ConfUtils.java:logFallback(53)) - raft.server.rpc.first-election.timeout.min = 5s (fallback to raft.server.rpc.timeout.min)
2023-09-12 21:05:49,964 [9ece4d1d-2112-49ce-a0f9-c544e683daa2@group-E199E82519C1-FollowerState] INFO  server.RaftServerConfigKeys (ConfUtils.java:logFallback(53)) - raft.server.rpc.first-election.timeout.max = 5200ms (fallback to raft.server.rpc.timeout.max)
2023-09-12 21:05:49,970 [PipelineCommandHandlerThread-0] INFO  ratis.XceiverServerRatis (XceiverServerRatis.java:addGroup(804)) - Created group PipelineID=b92cf172-094c-4132-b753-e199e82519c1
2023-09-12 21:05:49,970 [PipelineCommandHandlerThread-0] INFO  commandhandler.CreatePipelineCommandHandler (CreatePipelineCommandHandler.java:lambda$handle$2(124)) - Created Pipeline RATIS ONE PipelineID=b92cf172-094c-4132-b753-e199e82519c1.
2023-09-12 21:05:49,971 [PipelineCommandHandlerThread-0] INFO  server.RaftServer (RaftServerProxy.java:addNew(98)) - 9ece4d1d-2112-49ce-a0f9-c544e683daa2: addNew group-5878589FB01C:[9ece4d1d-2112-49ce-a0f9-c544e683daa2|rpc:10.1.0.4:15014|admin:10.1.0.4:15013|client:10.1.0.4:15012|dataStream:10.1.0.4:15015|priority:0|startupRole:FOLLOWER, 0c20a109-2ea1-4d97-ad73-cac537996a23|rpc:10.1.0.4:15023|admin:10.1.0.4:15022|client:10.1.0.4:15021|dataStream:10.1.0.4:15024|priority:1|startupRole:FOLLOWER, f162601e-1a73-446f-bfff-b907124620c0|rpc:10.1.0.4:15032|admin:10.1.0.4:15031|client:10.1.0.4:15030|dataStream:10.1.0.4:15033|priority:0|startupRole:FOLLOWER] returns group-5878589FB01C:java.util.concurrent.CompletableFuture@684f1b47[Not completed]
2023-09-12 21:05:49,972 [9ece4d1d-2112-49ce-a0f9-c544e683daa2-groupManagement] INFO  server.RaftServer$Division (RaftServerImpl.java:<init>(198)) - 9ece4d1d-2112-49ce-a0f9-c544e683daa2: new RaftServerImpl for group-5878589FB01C:[9ece4d1d-2112-49ce-a0f9-c544e683daa2|rpc:10.1.0.4:15014|admin:10.1.0.4:15013|client:10.1.0.4:15012|dataStream:10.1.0.4:15015|priority:0|startupRole:FOLLOWER, 0c20a109-2ea1-4d97-ad73-cac537996a23|rpc:10.1.0.4:15023|admin:10.1.0.4:15022|client:10.1.0.4:15021|dataStream:10.1.0.4:15024|priority:1|startupRole:FOLLOWER, f162601e-1a73-446f-bfff-b907124620c0|rpc:10.1.0.4:15032|admin:10.1.0.4:15031|client:10.1.0.4:15030|dataStream:10.1.0.4:15033|priority:0|startupRole:FOLLOWER] with ContainerStateMachine:uninitialized
2023-09-12 21:05:49,972 [9ece4d1d-2112-49ce-a0f9-c544e683daa2-groupManagement] INFO  server.RaftServerConfigKeys (ConfUtils.java:logGet(46)) - raft.server.rpc.timeout.min = 5s (custom)
2023-09-12 21:05:49,972 [9ece4d1d-2112-49ce-a0f9-c544e683daa2-groupManagement] INFO  server.RaftServerConfigKeys (ConfUtils.java:logGet(46)) - raft.server.rpc.timeout.max = 5200ms (custom)
2023-09-12 21:05:49,972 [9ece4d1d-2112-49ce-a0f9-c544e683daa2-groupManagement] INFO  server.RaftServerConfigKeys (ConfUtils.java:logGet(46)) - raft.server.rpc.sleep.time = 25ms (default)
2023-09-12 21:05:49,972 [9ece4d1d-2112-49ce-a0f9-c544e683daa2-groupManagement] INFO  server.RaftServerConfigKeys (ConfUtils.java:logGet(46)) - raft.server.rpc.slowness.timeout = 300000ms (custom)
2023-09-12 21:05:49,973 [9ece4d1d-2112-49ce-a0f9-c544e683daa2-groupManagement] INFO  server.RaftServerConfigKeys (ConfUtils.java:logGet(46)) - raft.server.leaderelection.leader.step-down.wait-time = 10s (default)
2023-09-12 21:05:49,973 [9ece4d1d-2112-49ce-a0f9-c544e683daa2-groupManagement] INFO  server.RaftServerConfigKeys (ConfUtils.java:logGet(46)) - raft.server.sleep.deviation.threshold = 300ms (default)
2023-09-12 21:05:49,973 [9ece4d1d-2112-49ce-a0f9-c544e683daa2-groupManagement] INFO  server.RaftServer$Division (ServerState.java:<init>(120)) - 9ece4d1d-2112-49ce-a0f9-c544e683daa2@group-5878589FB01C: ConfigurationManager, init=-1: peers:[9ece4d1d-2112-49ce-a0f9-c544e683daa2|rpc:10.1.0.4:15014|admin:10.1.0.4:15013|client:10.1.0.4:15012|dataStream:10.1.0.4:15015|priority:0|startupRole:FOLLOWER, 0c20a109-2ea1-4d97-ad73-cac537996a23|rpc:10.1.0.4:15023|admin:10.1.0.4:15022|client:10.1.0.4:15021|dataStream:10.1.0.4:15024|priority:1|startupRole:FOLLOWER, f162601e-1a73-446f-bfff-b907124620c0|rpc:10.1.0.4:15032|admin:10.1.0.4:15031|client:10.1.0.4:15030|dataStream:10.1.0.4:15033|priority:0|startupRole:FOLLOWER]|listeners:[], old=null, confs=<EMPTY_MAP>
2023-09-12 21:05:49,973 [9ece4d1d-2112-49ce-a0f9-c544e683daa2-groupManagement] INFO  server.RaftServerConfigKeys (ConfUtils.java:logGet(46)) - raft.server.storage.dir = [/home/runner/work/ozone/ozone/hadoop-ozone/integration-test/target/test-dir/MiniOzoneClusterImpl-0f4e02f1-3148-4106-9850-9963db652c57/datanode-0/data/ratis] (custom)
2023-09-12 21:05:49,973 [9ece4d1d-2112-49ce-a0f9-c544e683daa2-groupManagement] INFO  server.RaftServerConfigKeys (ConfUtils.java:logGet(46)) - raft.server.log.corruption.policy = EXCEPTION (default)
2023-09-12 21:05:49,973 [9ece4d1d-2112-49ce-a0f9-c544e683daa2-groupManagement] INFO  server.RaftServerConfigKeys (ConfUtils.java:logGet(46)) - raft.server.storage.free-space.min = 0MB (=0) (default)
2023-09-12 21:05:49,973 [9ece4d1d-2112-49ce-a0f9-c544e683daa2-groupManagement] INFO  server.RaftServerConfigKeys (ConfUtils.java:logGet(46)) - raft.server.notification.no-leader.timeout = 300000ms (custom)
2023-09-12 21:05:49,973 [9ece4d1d-2112-49ce-a0f9-c544e683daa2-groupManagement] INFO  server.RaftServerConfigKeys (ConfUtils.java:logGet(46)) - raft.server.read.timeout = 10s (default)
2023-09-12 21:05:49,973 [9ece4d1d-2112-49ce-a0f9-c544e683daa2-groupManagement] INFO  server.RaftServerConfigKeys (ConfUtils.java:logGet(46)) - raft.server.retrycache.expirytime = 600000ms (custom)
2023-09-12 21:05:49,974 [9ece4d1d-2112-49ce-a0f9-c544e683daa2-groupManagement] INFO  server.RaftServerConfigKeys (ConfUtils.java:logGet(46)) - raft.server.retrycache.statistics.expirytime = 100μs (default)
2023-09-12 21:05:49,974 [9ece4d1d-2112-49ce-a0f9-c544e683daa2-groupManagement] INFO  server.RaftServerConfigKeys (ConfUtils.java:logGet(46)) - raft.server.read.option = DEFAULT (default)
2023-09-12 21:05:49,981 [9ece4d1d-2112-49ce-a0f9-c544e683daa2-groupManagement] INFO  server.RaftServerConfigKeys (ConfUtils.java:logGet(46)) - raft.server.rpc.request.timeout = 3000ms (default)
2023-09-12 21:05:49,981 [9ece4d1d-2112-49ce-a0f9-c544e683daa2-groupManagement] INFO  server.RaftServerConfigKeys (ConfUtils.java:logGet(46)) - raft.server.log.appender.install.snapshot.enabled = false (custom)
2023-09-12 21:05:49,981 [9ece4d1d-2112-49ce-a0f9-c544e683daa2-groupManagement] INFO  server.RaftServerConfigKeys (ConfUtils.java:logGet(46)) - raft.server.threadpool.server.cached = true (default)
2023-09-12 21:05:49,981 [9ece4d1d-2112-49ce-a0f9-c544e683daa2-groupManagement] INFO  server.RaftServerConfigKeys (ConfUtils.java:logGet(46)) - raft.server.threadpool.server.size = 0 (default)
2023-09-12 21:05:49,981 [9ece4d1d-2112-49ce-a0f9-c544e683daa2-groupManagement] INFO  server.RaftServerConfigKeys (ConfUtils.java:logGet(46)) - raft.server.threadpool.client.cached = true (default)
2023-09-12 21:05:49,982 [9ece4d1d-2112-49ce-a0f9-c544e683daa2-groupManagement] INFO  server.RaftServerConfigKeys (ConfUtils.java:logGet(46)) - raft.server.threadpool.client.size = 0 (default)
2023-09-12 21:05:49,982 [9ece4d1d-2112-49ce-a0f9-c544e683daa2-groupManagement] INFO  storage.RaftStorageDirectory (RaftStorageDirectoryImpl.java:analyzeStorage(137)) - The storage directory /home/runner/work/ozone/ozone/hadoop-ozone/integration-test/target/test-dir/MiniOzoneClusterImpl-0f4e02f1-3148-4106-9850-9963db652c57/datanode-0/data/ratis/47f9dee4-0f52-4053-a48b-5878589fb01c does not exist. Creating ...
2023-09-12 21:05:49,984 [9ece4d1d-2112-49ce-a0f9-c544e683daa2-groupManagement] INFO  storage.RaftStorageDirectory (RaftStorageDirectoryImpl.java:tryLock(231)) - Lock on /home/runner/work/ozone/ozone/hadoop-ozone/integration-test/target/test-dir/MiniOzoneClusterImpl-0f4e02f1-3148-4106-9850-9963db652c57/datanode-0/data/ratis/47f9dee4-0f52-4053-a48b-5878589fb01c/in_use.lock acquired by nodename 5540@fv-az740-690
2023-09-12 21:05:49,987 [EventQueue-PipelineReportForPipelineReportHandler] INFO  pipeline.PipelineReportHandler (PipelineReportHandler.java:processPipelineReport(136)) - Opened pipeline PipelineID=b92cf172-094c-4132-b753-e199e82519c1
2023-09-12 21:05:49,988 [9ece4d1d-2112-49ce-a0f9-c544e683daa2-groupManagement] INFO  storage.RaftStorage (RaftStorageImpl.java:format(96)) - Storage directory /home/runner/work/ozone/ozone/hadoop-ozone/integration-test/target/test-dir/MiniOzoneClusterImpl-0f4e02f1-3148-4106-9850-9963db652c57/datanode-0/data/ratis/47f9dee4-0f52-4053-a48b-5878589fb01c has been successfully formatted.
2023-09-12 21:05:49,989 [9ece4d1d-2112-49ce-a0f9-c544e683daa2-groupManagement] INFO  ratis.ContainerStateMachine (ContainerStateMachine.java:loadSnapshot(262)) - group-5878589FB01C: The snapshot info is null. Setting the last applied indexto:(t:0, i:~)
2023-09-12 21:05:49,989 [9ece4d1d-2112-49ce-a0f9-c544e683daa2-groupManagement] INFO  server.RaftServerConfigKeys (ConfUtils.java:logGet(46)) - raft.server.log.use.memory = false (default)
2023-09-12 21:05:49,989 [9ece4d1d-2112-49ce-a0f9-c544e683daa2-groupManagement] INFO  server.RaftServerConfigKeys (ConfUtils.java:logGet(46)) - raft.server.log.purge.gap = 1000000 (custom)
2023-09-12 21:05:49,989 [9ece4d1d-2112-49ce-a0f9-c544e683daa2-groupManagement] INFO  server.RaftServerConfigKeys (ConfUtils.java:logGet(46)) - raft.server.log.appender.buffer.byte-limit = 33554432 (custom)
2023-09-12 21:05:49,989 [9ece4d1d-2112-49ce-a0f9-c544e683daa2-groupManagement] INFO  server.RaftServerConfigKeys (ConfUtils.java:logGet(46)) - raft.server.log.statemachine.data.read.timeout = 1000ms (default)
2023-09-12 21:05:49,990 [9ece4d1d-2112-49ce-a0f9-c544e683daa2-groupManagement] INFO  server.RaftServerConfigKeys (ConfUtils.java:logGet(46)) - raft.server.log.purge.preservation.log.num = 0 (default)
2023-09-12 21:05:49,990 [9ece4d1d-2112-49ce-a0f9-c544e683daa2-groupManagement] INFO  server.RaftServerConfigKeys (ConfUtils.java:logGet(46)) - raft.server.log.segment.size.max = 1048576 (custom)
2023-09-12 21:05:49,990 [9ece4d1d-2112-49ce-a0f9-c544e683daa2-groupManagement] INFO  server.RaftServerConfigKeys (ConfUtils.java:logGet(46)) - raft.server.log.segment.cache.num.max = 2 (custom)
2023-09-12 21:05:49,990 [9ece4d1d-2112-49ce-a0f9-c544e683daa2-groupManagement] INFO  server.RaftServerConfigKeys (ConfUtils.java:logGet(46)) - raft.server.log.segment.cache.size.max = 200MB (=209715200) (default)
2023-09-12 21:05:49,991 [9ece4d1d-2112-49ce-a0f9-c544e683daa2-groupManagement] INFO  server.RaftServerConfigKeys (ConfUtils.java:logGet(46)) - raft.server.log.appender.buffer.byte-limit = 33554432 (custom)
2023-09-12 21:05:49,991 [9ece4d1d-2112-49ce-a0f9-c544e683daa2-groupManagement] INFO  segmented.SegmentedRaftLogWorker (SegmentedRaftLogWorker.java:<init>(188)) - new 9ece4d1d-2112-49ce-a0f9-c544e683daa2@group-5878589FB01C-SegmentedRaftLogWorker for RaftStorageImpl:Storage Directory /home/runner/work/ozone/ozone/hadoop-ozone/integration-test/target/test-dir/MiniOzoneClusterImpl-0f4e02f1-3148-4106-9850-9963db652c57/datanode-0/data/ratis/47f9dee4-0f52-4053-a48b-5878589fb01c
2023-09-12 21:05:49,991 [9ece4d1d-2112-49ce-a0f9-c544e683daa2-groupManagement] INFO  server.RaftServerConfigKeys (ConfUtils.java:logGet(46)) - raft.server.log.queue.byte-limit = 4294967296 (custom)
2023-09-12 21:05:49,991 [9ece4d1d-2112-49ce-a0f9-c544e683daa2-groupManagement] INFO  server.RaftServerConfigKeys (ConfUtils.java:logGet(46)) - raft.server.log.queue.element-limit = 1024 (custom)
2023-09-12 21:05:49,991 [9ece4d1d-2112-49ce-a0f9-c544e683daa2-groupManagement] INFO  server.RaftServerConfigKeys (ConfUtils.java:logGet(46)) - raft.server.log.segment.size.max = 1048576 (custom)
2023-09-12 21:05:49,991 [9ece4d1d-2112-49ce-a0f9-c544e683daa2-groupManagement] INFO  server.RaftServerConfigKeys (ConfUtils.java:logGet(46)) - raft.server.log.preallocated.size = 16384 (custom)
2023-09-12 21:05:49,991 [9ece4d1d-2112-49ce-a0f9-c544e683daa2-groupManagement] INFO  server.RaftServerConfigKeys (ConfUtils.java:logGet(46)) - raft.server.log.force.sync.num = 128 (default)
2023-09-12 21:05:49,991 [9ece4d1d-2112-49ce-a0f9-c544e683daa2-groupManagement] INFO  server.RaftServerConfigKeys (ConfUtils.java:logGet(46)) - raft.server.log.statemachine.data.sync = true (default)
2023-09-12 21:05:49,991 [9ece4d1d-2112-49ce-a0f9-c544e683daa2-groupManagement] INFO  server.RaftServerConfigKeys (ConfUtils.java:logGet(46)) - raft.server.log.statemachine.data.sync.timeout = 10s (default)
2023-09-12 21:05:49,991 [9ece4d1d-2112-49ce-a0f9-c544e683daa2-groupManagement] INFO  server.RaftServerConfigKeys (ConfUtils.java:logGet(46)) - raft.server.log.statemachine.data.sync.timeout.retry = -1 (default)
2023-09-12 21:05:49,992 [EventQueue-OpenPipelineForHealthyPipelineSafeModeRule] INFO  safemode.SCMSafeModeManager (HealthyPipelineSafeModeRule.java:process(137)) - SCM in safe mode. Healthy pipelines reported count is 0, required healthy pipeline reported count is 1
2023-09-12 21:05:49,993 [9ece4d1d-2112-49ce-a0f9-c544e683daa2-groupManagement] INFO  server.RaftServerConfigKeys (ConfUtils.java:logGet(46)) - raft.server.log.write.buffer.size = 1048576 (custom)
2023-09-12 21:05:49,993 [9ece4d1d-2112-49ce-a0f9-c544e683daa2-groupManagement] INFO  server.RaftServerConfigKeys (ConfUtils.java:logGet(46)) - raft.server.log.appender.buffer.byte-limit = 33554432 (custom)
2023-09-12 21:05:49,996 [9ece4d1d-2112-49ce-a0f9-c544e683daa2-groupManagement] INFO  server.RaftServerConfigKeys (ConfUtils.java:logGet(46)) - raft.server.log.unsafe-flush.enabled = false (default)
2023-09-12 21:05:49,997 [9ece4d1d-2112-49ce-a0f9-c544e683daa2-groupManagement] INFO  server.RaftServerConfigKeys (ConfUtils.java:logGet(46)) - raft.server.log.async-flush.enabled = false (default)
2023-09-12 21:05:49,997 [9ece4d1d-2112-49ce-a0f9-c544e683daa2-groupManagement] INFO  server.RaftServerConfigKeys (ConfUtils.java:logGet(46)) - raft.server.log.statemachine.data.caching.enabled = true (custom)
2023-09-12 21:05:49,997 [9ece4d1d-2112-49ce-a0f9-c544e683daa2-groupManagement] INFO  segmented.SegmentedRaftLogWorker (SegmentedRaftLogWorker.java:lambda$new$0(135)) - 9ece4d1d-2112-49ce-a0f9-c544e683daa2@group-5878589FB01C-SegmentedRaftLogWorker: flushIndex: setUnconditionally 0 -> -1
2023-09-12 21:05:49,997 [9ece4d1d-2112-49ce-a0f9-c544e683daa2-groupManagement] INFO  segmented.SegmentedRaftLogWorker (SegmentedRaftLogWorker.java:lambda$new$0(135)) - 9ece4d1d-2112-49ce-a0f9-c544e683daa2@group-5878589FB01C-SegmentedRaftLogWorker: safeCacheEvictIndex: setUnconditionally 0 -> -1
2023-09-12 21:05:49,997 [9ece4d1d-2112-49ce-a0f9-c544e683daa2-groupManagement] INFO  server.RaftServer$Division (RaftServerImpl.java:start(342)) - 9ece4d1d-2112-49ce-a0f9-c544e683daa2@group-5878589FB01C: start as a follower, conf=-1: peers:[9ece4d1d-2112-49ce-a0f9-c544e683daa2|rpc:10.1.0.4:15014|admin:10.1.0.4:15013|client:10.1.0.4:15012|dataStream:10.1.0.4:15015|priority:0|startupRole:FOLLOWER, 0c20a109-2ea1-4d97-ad73-cac537996a23|rpc:10.1.0.4:15023|admin:10.1.0.4:15022|client:10.1.0.4:15021|dataStream:10.1.0.4:15024|priority:1|startupRole:FOLLOWER, f162601e-1a73-446f-bfff-b907124620c0|rpc:10.1.0.4:15032|admin:10.1.0.4:15031|client:10.1.0.4:15030|dataStream:10.1.0.4:15033|priority:0|startupRole:FOLLOWER]|listeners:[], old=null
2023-09-12 21:05:49,997 [9ece4d1d-2112-49ce-a0f9-c544e683daa2-groupManagement] INFO  server.RaftServer$Division (RaftServerImpl.java:setRole(329)) - 9ece4d1d-2112-49ce-a0f9-c544e683daa2@group-5878589FB01C: changes role from      null to FOLLOWER at term 0 for startAsFollower
2023-09-12 21:05:49,997 [9ece4d1d-2112-49ce-a0f9-c544e683daa2-groupManagement] INFO  impl.RoleInfo (RoleInfo.java:updateAndGet(139)) - 9ece4d1d-2112-49ce-a0f9-c544e683daa2: start 9ece4d1d-2112-49ce-a0f9-c544e683daa2@group-5878589FB01C-FollowerState
2023-09-12 21:05:49,998 [9ece4d1d-2112-49ce-a0f9-c544e683daa2-groupManagement] INFO  util.JmxRegister (JmxRegister.java:tryRegister(44)) - Successfully registered JMX Bean with object name Ratis:service=RaftServer,group=group-5878589FB01C,id=9ece4d1d-2112-49ce-a0f9-c544e683daa2
2023-09-12 21:05:49,998 [9ece4d1d-2112-49ce-a0f9-c544e683daa2-groupManagement] INFO  server.RaftServerConfigKeys (ConfUtils.java:logGet(46)) - raft.server.snapshot.auto.trigger.enabled = true (custom)
2023-09-12 21:05:49,998 [9ece4d1d-2112-49ce-a0f9-c544e683daa2-groupManagement] INFO  server.RaftServerConfigKeys (ConfUtils.java:logGet(46)) - raft.server.snapshot.auto.trigger.threshold = 10000 (custom)
2023-09-12 21:05:49,998 [9ece4d1d-2112-49ce-a0f9-c544e683daa2-groupManagement] INFO  server.RaftServerConfigKeys (ConfUtils.java:logGet(46)) - raft.server.snapshot.retention.file.num = 5 (custom)
2023-09-12 21:05:49,998 [9ece4d1d-2112-49ce-a0f9-c544e683daa2-groupManagement] INFO  server.RaftServerConfigKeys (ConfUtils.java:logGet(46)) - raft.server.log.purge.upto.snapshot.index = false (default)
2023-09-12 21:05:49,998 [EventQueue-OpenPipelineForHealthyPipelineSafeModeRule] INFO  safemode.SCMSafeModeManager (HealthyPipelineSafeModeRule.java:process(137)) - SCM in safe mode. Healthy pipelines reported count is 0, required healthy pipeline reported count is 1
2023-09-12 21:05:50,003 [PipelineCommandHandlerThread-0] INFO  ratis.XceiverServerRatis (XceiverServerRatis.java:addGroup(804)) - Created group PipelineID=47f9dee4-0f52-4053-a48b-5878589fb01c
2023-09-12 21:05:49,999 [9ece4d1d-2112-49ce-a0f9-c544e683daa2@group-5878589FB01C-FollowerState] INFO  server.RaftServerConfigKeys (ConfUtils.java:logFallback(53)) - raft.server.rpc.first-election.timeout.min = 5s (fallback to raft.server.rpc.timeout.min)
2023-09-12 21:05:50,005 [9ece4d1d-2112-49ce-a0f9-c544e683daa2@group-5878589FB01C-FollowerState] INFO  server.RaftServerConfigKeys (ConfUtils.java:logFallback(53)) - raft.server.rpc.first-election.timeout.max = 5200ms (fallback to raft.server.rpc.timeout.max)
2023-09-12 21:05:50,391 [JUnit] INFO  ozone.MiniOzoneClusterImpl (MiniOzoneClusterImpl.java:lambda$waitForClusterToBeReady$0(224)) - Nodes are ready. Got 5 of 5 DN Heartbeats.
2023-09-12 21:05:50,392 [JUnit] INFO  ozone.MiniOzoneClusterImpl (MiniOzoneClusterImpl.java:lambda$waitForClusterToBeReady$0(227)) - Waiting for cluster to exit safe mode
2023-09-12 21:05:50,392 [JUnit] INFO  ozone.MiniOzoneClusterImpl (MiniOzoneClusterImpl.java:lambda$waitForClusterToBeReady$0(229)) - SCM became leader
2023-09-12 21:05:50,444 [PipelineCommandHandlerThread-0] INFO  server.RaftServer (RaftServerProxy.java:addNew(98)) - 0c20a109-2ea1-4d97-ad73-cac537996a23: addNew group-08A3B7B780B8:[0c20a109-2ea1-4d97-ad73-cac537996a23|rpc:10.1.0.4:15023|admin:10.1.0.4:15022|client:10.1.0.4:15021|dataStream:10.1.0.4:15024|priority:1|startupRole:FOLLOWER] returns group-08A3B7B780B8:java.util.concurrent.CompletableFuture@5f33deb4[Not completed]
2023-09-12 21:05:50,445 [0c20a109-2ea1-4d97-ad73-cac537996a23-groupManagement] INFO  server.RaftServer$Division (RaftServerImpl.java:<init>(198)) - 0c20a109-2ea1-4d97-ad73-cac537996a23: new RaftServerImpl for group-08A3B7B780B8:[0c20a109-2ea1-4d97-ad73-cac537996a23|rpc:10.1.0.4:15023|admin:10.1.0.4:15022|client:10.1.0.4:15021|dataStream:10.1.0.4:15024|priority:1|startupRole:FOLLOWER] with ContainerStateMachine:uninitialized
2023-09-12 21:05:50,445 [0c20a109-2ea1-4d97-ad73-cac537996a23-groupManagement] INFO  server.RaftServerConfigKeys (ConfUtils.java:logGet(46)) - raft.server.rpc.timeout.min = 5s (custom)
2023-09-12 21:05:50,445 [0c20a109-2ea1-4d97-ad73-cac537996a23-groupManagement] INFO  server.RaftServerConfigKeys (ConfUtils.java:logGet(46)) - raft.server.rpc.timeout.max = 5200ms (custom)
2023-09-12 21:05:50,445 [0c20a109-2ea1-4d97-ad73-cac537996a23-groupManagement] INFO  server.RaftServerConfigKeys (ConfUtils.java:logGet(46)) - raft.server.rpc.sleep.time = 25ms (default)
2023-09-12 21:05:50,445 [0c20a109-2ea1-4d97-ad73-cac537996a23-groupManagement] INFO  server.RaftServerConfigKeys (ConfUtils.java:logGet(46)) - raft.server.rpc.slowness.timeout = 300000ms (custom)
2023-09-12 21:05:50,445 [0c20a109-2ea1-4d97-ad73-cac537996a23-groupManagement] INFO  server.RaftServerConfigKeys (ConfUtils.java:logGet(46)) - raft.server.leaderelection.leader.step-down.wait-time = 10s (default)
2023-09-12 21:05:50,445 [0c20a109-2ea1-4d97-ad73-cac537996a23-groupManagement] INFO  server.RaftServerConfigKeys (ConfUtils.java:logGet(46)) - raft.server.sleep.deviation.threshold = 300ms (default)
2023-09-12 21:05:50,445 [0c20a109-2ea1-4d97-ad73-cac537996a23-groupManagement] INFO  server.RaftServer$Division (ServerState.java:<init>(120)) - 0c20a109-2ea1-4d97-ad73-cac537996a23@group-08A3B7B780B8: ConfigurationManager, init=-1: peers:[0c20a109-2ea1-4d97-ad73-cac537996a23|rpc:10.1.0.4:15023|admin:10.1.0.4:15022|client:10.1.0.4:15021|dataStream:10.1.0.4:15024|priority:1|startupRole:FOLLOWER]|listeners:[], old=null, confs=<EMPTY_MAP>
2023-09-12 21:05:50,446 [0c20a109-2ea1-4d97-ad73-cac537996a23-groupManagement] INFO  server.RaftServerConfigKeys (ConfUtils.java:logGet(46)) - raft.server.storage.dir = [/home/runner/work/ozone/ozone/hadoop-ozone/integration-test/target/test-dir/MiniOzoneClusterImpl-0f4e02f1-3148-4106-9850-9963db652c57/datanode-1/data/ratis] (custom)
2023-09-12 21:05:50,446 [0c20a109-2ea1-4d97-ad73-cac537996a23-groupManagement] INFO  server.RaftServerConfigKeys (ConfUtils.java:logGet(46)) - raft.server.log.corruption.policy = EXCEPTION (default)
2023-09-12 21:05:50,446 [0c20a109-2ea1-4d97-ad73-cac537996a23-groupManagement] INFO  server.RaftServerConfigKeys (ConfUtils.java:logGet(46)) - raft.server.storage.free-space.min = 0MB (=0) (default)
2023-09-12 21:05:50,446 [0c20a109-2ea1-4d97-ad73-cac537996a23-groupManagement] INFO  server.RaftServerConfigKeys (ConfUtils.java:logGet(46)) - raft.server.notification.no-leader.timeout = 300000ms (custom)
2023-09-12 21:05:50,446 [0c20a109-2ea1-4d97-ad73-cac537996a23-groupManagement] INFO  server.RaftServerConfigKeys (ConfUtils.java:logGet(46)) - raft.server.read.timeout = 10s (default)
2023-09-12 21:05:50,447 [0c20a109-2ea1-4d97-ad73-cac537996a23-groupManagement] INFO  server.RaftServerConfigKeys (ConfUtils.java:logGet(46)) - raft.server.retrycache.expirytime = 600000ms (custom)
2023-09-12 21:05:50,447 [0c20a109-2ea1-4d97-ad73-cac537996a23-groupManagement] INFO  server.RaftServerConfigKeys (ConfUtils.java:logGet(46)) - raft.server.retrycache.statistics.expirytime = 100μs (default)
2023-09-12 21:05:50,447 [0c20a109-2ea1-4d97-ad73-cac537996a23-groupManagement] INFO  server.RaftServerConfigKeys (ConfUtils.java:logGet(46)) - raft.server.read.option = DEFAULT (default)
2023-09-12 21:05:50,450 [0c20a109-2ea1-4d97-ad73-cac537996a23-groupManagement] INFO  server.RaftServerConfigKeys (ConfUtils.java:logGet(46)) - raft.server.rpc.request.timeout = 3000ms (default)
2023-09-12 21:05:50,450 [0c20a109-2ea1-4d97-ad73-cac537996a23-groupManagement] INFO  server.RaftServerConfigKeys (ConfUtils.java:logGet(46)) - raft.server.log.appender.install.snapshot.enabled = false (custom)
2023-09-12 21:05:50,450 [0c20a109-2ea1-4d97-ad73-cac537996a23-groupManagement] INFO  server.RaftServerConfigKeys (ConfUtils.java:logGet(46)) - raft.server.threadpool.server.cached = true (default)
2023-09-12 21:05:50,450 [0c20a109-2ea1-4d97-ad73-cac537996a23-groupManagement] INFO  server.RaftServerConfigKeys (ConfUtils.java:logGet(46)) - raft.server.threadpool.server.size = 0 (default)
2023-09-12 21:05:50,451 [0c20a109-2ea1-4d97-ad73-cac537996a23-groupManagement] INFO  server.RaftServerConfigKeys (ConfUtils.java:logGet(46)) - raft.server.threadpool.client.cached = true (default)
2023-09-12 21:05:50,451 [0c20a109-2ea1-4d97-ad73-cac537996a23-groupManagement] INFO  server.RaftServerConfigKeys (ConfUtils.java:logGet(46)) - raft.server.threadpool.client.size = 0 (default)
2023-09-12 21:05:50,451 [0c20a109-2ea1-4d97-ad73-cac537996a23-groupManagement] INFO  storage.RaftStorageDirectory (RaftStorageDirectoryImpl.java:analyzeStorage(137)) - The storage directory /home/runner/work/ozone/ozone/hadoop-ozone/integration-test/target/test-dir/MiniOzoneClusterImpl-0f4e02f1-3148-4106-9850-9963db652c57/datanode-1/data/ratis/ed55df4f-1434-4de1-a5f8-08a3b7b780b8 does not exist. Creating ...
2023-09-12 21:05:50,452 [0c20a109-2ea1-4d97-ad73-cac537996a23-groupManagement] INFO  storage.RaftStorageDirectory (RaftStorageDirectoryImpl.java:tryLock(231)) - Lock on /home/runner/work/ozone/ozone/hadoop-ozone/integration-test/target/test-dir/MiniOzoneClusterImpl-0f4e02f1-3148-4106-9850-9963db652c57/datanode-1/data/ratis/ed55df4f-1434-4de1-a5f8-08a3b7b780b8/in_use.lock acquired by nodename 5540@fv-az740-690
2023-09-12 21:05:50,453 [0c20a109-2ea1-4d97-ad73-cac537996a23-groupManagement] INFO  storage.RaftStorage (RaftStorageImpl.java:format(96)) - Storage directory /home/runner/work/ozone/ozone/hadoop-ozone/integration-test/target/test-dir/MiniOzoneClusterImpl-0f4e02f1-3148-4106-9850-9963db652c57/datanode-1/data/ratis/ed55df4f-1434-4de1-a5f8-08a3b7b780b8 has been successfully formatted.
2023-09-12 21:05:50,458 [0c20a109-2ea1-4d97-ad73-cac537996a23-groupManagement] INFO  ratis.ContainerStateMachine (ContainerStateMachine.java:loadSnapshot(262)) - group-08A3B7B780B8: The snapshot info is null. Setting the last applied indexto:(t:0, i:~)
2023-09-12 21:05:50,461 [EventQueue-PipelineReportForPipelineReportHandler] INFO  pipeline.PipelineReportHandler (PipelineReportHandler.java:processPipelineReport(136)) - Opened pipeline PipelineID=ed55df4f-1434-4de1-a5f8-08a3b7b780b8
2023-09-12 21:05:50,462 [EventQueue-OpenPipelineForHealthyPipelineSafeModeRule] INFO  safemode.SCMSafeModeManager (HealthyPipelineSafeModeRule.java:process(137)) - SCM in safe mode. Healthy pipelines reported count is 0, required healthy pipeline reported count is 1
2023-09-12 21:05:50,462 [0c20a109-2ea1-4d97-ad73-cac537996a23-groupManagement] INFO  server.RaftServerConfigKeys (ConfUtils.java:logGet(46)) - raft.server.log.use.memory = false (default)
2023-09-12 21:05:50,462 [0c20a109-2ea1-4d97-ad73-cac537996a23-groupManagement] INFO  server.RaftServerConfigKeys (ConfUtils.java:logGet(46)) - raft.server.log.purge.gap = 1000000 (custom)
2023-09-12 21:05:50,462 [0c20a109-2ea1-4d97-ad73-cac537996a23-groupManagement] INFO  server.RaftServerConfigKeys (ConfUtils.java:logGet(46)) - raft.server.log.appender.buffer.byte-limit = 33554432 (custom)
2023-09-12 21:05:50,462 [0c20a109-2ea1-4d97-ad73-cac537996a23-groupManagement] INFO  server.RaftServerConfigKeys (ConfUtils.java:logGet(46)) - raft.server.log.statemachine.data.read.timeout = 1000ms (default)
2023-09-12 21:05:50,462 [0c20a109-2ea1-4d97-ad73-cac537996a23-groupManagement] INFO  server.RaftServerConfigKeys (ConfUtils.java:logGet(46)) - raft.server.log.purge.preservation.log.num = 0 (default)
2023-09-12 21:05:50,462 [0c20a109-2ea1-4d97-ad73-cac537996a23-groupManagement] INFO  server.RaftServerConfigKeys (ConfUtils.java:logGet(46)) - raft.server.log.segment.size.max = 1048576 (custom)
2023-09-12 21:05:50,463 [0c20a109-2ea1-4d97-ad73-cac537996a23-groupManagement] INFO  server.RaftServerConfigKeys (ConfUtils.java:logGet(46)) - raft.server.log.segment.cache.num.max = 2 (custom)
2023-09-12 21:05:50,463 [0c20a109-2ea1-4d97-ad73-cac537996a23-groupManagement] INFO  server.RaftServerConfigKeys (ConfUtils.java:logGet(46)) - raft.server.log.segment.cache.size.max = 200MB (=209715200) (default)
2023-09-12 21:05:50,463 [0c20a109-2ea1-4d97-ad73-cac537996a23-groupManagement] INFO  server.RaftServerConfigKeys (ConfUtils.java:logGet(46)) - raft.server.log.appender.buffer.byte-limit = 33554432 (custom)
2023-09-12 21:05:50,463 [0c20a109-2ea1-4d97-ad73-cac537996a23-groupManagement] INFO  segmented.SegmentedRaftLogWorker (SegmentedRaftLogWorker.java:<init>(188)) - new 0c20a109-2ea1-4d97-ad73-cac537996a23@group-08A3B7B780B8-SegmentedRaftLogWorker for RaftStorageImpl:Storage Directory /home/runner/work/ozone/ozone/hadoop-ozone/integration-test/target/test-dir/MiniOzoneClusterImpl-0f4e02f1-3148-4106-9850-9963db652c57/datanode-1/data/ratis/ed55df4f-1434-4de1-a5f8-08a3b7b780b8
2023-09-12 21:05:50,463 [0c20a109-2ea1-4d97-ad73-cac537996a23-groupManagement] INFO  server.RaftServerConfigKeys (ConfUtils.java:logGet(46)) - raft.server.log.queue.byte-limit = 4294967296 (custom)
2023-09-12 21:05:50,463 [0c20a109-2ea1-4d97-ad73-cac537996a23-groupManagement] INFO  server.RaftServerConfigKeys (ConfUtils.java:logGet(46)) - raft.server.log.queue.element-limit = 1024 (custom)
2023-09-12 21:05:50,463 [0c20a109-2ea1-4d97-ad73-cac537996a23-groupManagement] INFO  server.RaftServerConfigKeys (ConfUtils.java:logGet(46)) - raft.server.log.segment.size.max = 1048576 (custom)
2023-09-12 21:05:50,463 [0c20a109-2ea1-4d97-ad73-cac537996a23-groupManagement] INFO  server.RaftServerConfigKeys (ConfUtils.java:logGet(46)) - raft.server.log.preallocated.size = 16384 (custom)
2023-09-12 21:05:50,463 [0c20a109-2ea1-4d97-ad73-cac537996a23-groupManagement] INFO  server.RaftServerConfigKeys (ConfUtils.java:logGet(46)) - raft.server.log.force.sync.num = 128 (default)
2023-09-12 21:05:50,464 [0c20a109-2ea1-4d97-ad73-cac537996a23-groupManagement] INFO  server.RaftServerConfigKeys (ConfUtils.java:logGet(46)) - raft.server.log.statemachine.data.sync = true (default)
2023-09-12 21:05:50,464 [0c20a109-2ea1-4d97-ad73-cac537996a23-groupManagement] INFO  server.RaftServerConfigKeys (ConfUtils.java:logGet(46)) - raft.server.log.statemachine.data.sync.timeout = 10s (default)
2023-09-12 21:05:50,465 [0c20a109-2ea1-4d97-ad73-cac537996a23-groupManagement] INFO  server.RaftServerConfigKeys (ConfUtils.java:logGet(46)) - raft.server.log.statemachine.data.sync.timeout.retry = -1 (default)
2023-09-12 21:05:50,466 [0c20a109-2ea1-4d97-ad73-cac537996a23-groupManagement] INFO  server.RaftServerConfigKeys (ConfUtils.java:logGet(46)) - raft.server.log.write.buffer.size = 1048576 (custom)
2023-09-12 21:05:50,466 [0c20a109-2ea1-4d97-ad73-cac537996a23-groupManagement] INFO  server.RaftServerConfigKeys (ConfUtils.java:logGet(46)) - raft.server.log.appender.buffer.byte-limit = 33554432 (custom)
2023-09-12 21:05:50,469 [0c20a109-2ea1-4d97-ad73-cac537996a23-groupManagement] INFO  server.RaftServerConfigKeys (ConfUtils.java:logGet(46)) - raft.server.log.unsafe-flush.enabled = false (default)
2023-09-12 21:05:50,469 [0c20a109-2ea1-4d97-ad73-cac537996a23-groupManagement] INFO  server.RaftServerConfigKeys (ConfUtils.java:logGet(46)) - raft.server.log.async-flush.enabled = false (default)
2023-09-12 21:05:50,470 [0c20a109-2ea1-4d97-ad73-cac537996a23-groupManagement] INFO  server.RaftServerConfigKeys (ConfUtils.java:logGet(46)) - raft.server.log.statemachine.data.caching.enabled = true (custom)
2023-09-12 21:05:50,470 [0c20a109-2ea1-4d97-ad73-cac537996a23-groupManagement] INFO  segmented.SegmentedRaftLogWorker (SegmentedRaftLogWorker.java:lambda$new$0(135)) - 0c20a109-2ea1-4d97-ad73-cac537996a23@group-08A3B7B780B8-SegmentedRaftLogWorker: flushIndex: setUnconditionally 0 -> -1
2023-09-12 21:05:50,470 [0c20a109-2ea1-4d97-ad73-cac537996a23-groupManagement] INFO  segmented.SegmentedRaftLogWorker (SegmentedRaftLogWorker.java:lambda$new$0(135)) - 0c20a109-2ea1-4d97-ad73-cac537996a23@group-08A3B7B780B8-SegmentedRaftLogWorker: safeCacheEvictIndex: setUnconditionally 0 -> -1
2023-09-12 21:05:50,470 [0c20a109-2ea1-4d97-ad73-cac537996a23-groupManagement] INFO  server.RaftServer$Division (RaftServerImpl.java:start(342)) - 0c20a109-2ea1-4d97-ad73-cac537996a23@group-08A3B7B780B8: start as a follower, conf=-1: peers:[0c20a109-2ea1-4d97-ad73-cac537996a23|rpc:10.1.0.4:15023|admin:10.1.0.4:15022|client:10.1.0.4:15021|dataStream:10.1.0.4:15024|priority:1|startupRole:FOLLOWER]|listeners:[], old=null
2023-09-12 21:05:50,470 [0c20a109-2ea1-4d97-ad73-cac537996a23-groupManagement] INFO  server.RaftServer$Division (RaftServerImpl.java:setRole(329)) - 0c20a109-2ea1-4d97-ad73-cac537996a23@group-08A3B7B780B8: changes role from      null to FOLLOWER at term 0 for startAsFollower
2023-09-12 21:05:50,470 [0c20a109-2ea1-4d97-ad73-cac537996a23-groupManagement] INFO  impl.RoleInfo (RoleInfo.java:updateAndGet(139)) - 0c20a109-2ea1-4d97-ad73-cac537996a23: start 0c20a109-2ea1-4d97-ad73-cac537996a23@group-08A3B7B780B8-FollowerState
2023-09-12 21:05:50,471 [0c20a109-2ea1-4d97-ad73-cac537996a23-groupManagement] INFO  util.JmxRegister (JmxRegister.java:tryRegister(44)) - Successfully registered JMX Bean with object name Ratis:service=RaftServer,group=group-08A3B7B780B8,id=0c20a109-2ea1-4d97-ad73-cac537996a23
2023-09-12 21:05:50,475 [0c20a109-2ea1-4d97-ad73-cac537996a23-groupManagement] INFO  server.RaftServerConfigKeys (ConfUtils.java:logGet(46)) - raft.server.snapshot.auto.trigger.enabled = true (custom)
2023-09-12 21:05:50,475 [0c20a109-2ea1-4d97-ad73-cac537996a23-groupManagement] INFO  server.RaftServerConfigKeys (ConfUtils.java:logGet(46)) - raft.server.snapshot.auto.trigger.threshold = 10000 (custom)
2023-09-12 21:05:50,475 [0c20a109-2ea1-4d97-ad73-cac537996a23-groupManagement] INFO  server.RaftServerConfigKeys (ConfUtils.java:logGet(46)) - raft.server.snapshot.retention.file.num = 5 (custom)
2023-09-12 21:05:50,475 [0c20a109-2ea1-4d97-ad73-cac537996a23-groupManagement] INFO  server.RaftServerConfigKeys (ConfUtils.java:logGet(46)) - raft.server.log.purge.upto.snapshot.index = false (default)
2023-09-12 21:05:50,476 [PipelineCommandHandlerThread-0] INFO  ratis.XceiverServerRatis (XceiverServerRatis.java:addGroup(804)) - Created group PipelineID=ed55df4f-1434-4de1-a5f8-08a3b7b780b8
2023-09-12 21:05:50,476 [PipelineCommandHandlerThread-0] INFO  commandhandler.CreatePipelineCommandHandler (CreatePipelineCommandHandler.java:lambda$handle$2(124)) - Created Pipeline RATIS ONE PipelineID=ed55df4f-1434-4de1-a5f8-08a3b7b780b8.
2023-09-12 21:05:50,479 [PipelineCommandHandlerThread-0] INFO  server.RaftServer (RaftServerProxy.java:addNew(98)) - 0c20a109-2ea1-4d97-ad73-cac537996a23: addNew group-5878589FB01C:[9ece4d1d-2112-49ce-a0f9-c544e683daa2|rpc:10.1.0.4:15014|admin:10.1.0.4:15013|client:10.1.0.4:15012|dataStream:10.1.0.4:15015|priority:0|startupRole:FOLLOWER, 0c20a109-2ea1-4d97-ad73-cac537996a23|rpc:10.1.0.4:15023|admin:10.1.0.4:15022|client:10.1.0.4:15021|dataStream:10.1.0.4:15024|priority:1|startupRole:FOLLOWER, f162601e-1a73-446f-bfff-b907124620c0|rpc:10.1.0.4:15032|admin:10.1.0.4:15031|client:10.1.0.4:15030|dataStream:10.1.0.4:15033|priority:0|startupRole:FOLLOWER] returns group-5878589FB01C:java.util.concurrent.CompletableFuture@5b0c418a[Not completed]
2023-09-12 21:05:50,480 [0c20a109-2ea1-4d97-ad73-cac537996a23@group-08A3B7B780B8-FollowerState] INFO  server.RaftServerConfigKeys (ConfUtils.java:logFallback(53)) - raft.server.rpc.first-election.timeout.min = 5s (fallback to raft.server.rpc.timeout.min)
2023-09-12 21:05:50,480 [0c20a109-2ea1-4d97-ad73-cac537996a23@group-08A3B7B780B8-FollowerState] INFO  server.RaftServerConfigKeys (ConfUtils.java:logFallback(53)) - raft.server.rpc.first-election.timeout.max = 5200ms (fallback to raft.server.rpc.timeout.max)
2023-09-12 21:05:50,480 [0c20a109-2ea1-4d97-ad73-cac537996a23-groupManagement] INFO  server.RaftServer$Division (RaftServerImpl.java:<init>(198)) - 0c20a109-2ea1-4d97-ad73-cac537996a23: new RaftServerImpl for group-5878589FB01C:[9ece4d1d-2112-49ce-a0f9-c544e683daa2|rpc:10.1.0.4:15014|admin:10.1.0.4:15013|client:10.1.0.4:15012|dataStream:10.1.0.4:15015|priority:0|startupRole:FOLLOWER, 0c20a109-2ea1-4d97-ad73-cac537996a23|rpc:10.1.0.4:15023|admin:10.1.0.4:15022|client:10.1.0.4:15021|dataStream:10.1.0.4:15024|priority:1|startupRole:FOLLOWER, f162601e-1a73-446f-bfff-b907124620c0|rpc:10.1.0.4:15032|admin:10.1.0.4:15031|client:10.1.0.4:15030|dataStream:10.1.0.4:15033|priority:0|startupRole:FOLLOWER] with ContainerStateMachine:uninitialized
2023-09-12 21:05:50,481 [0c20a109-2ea1-4d97-ad73-cac537996a23-groupManagement] INFO  server.RaftServerConfigKeys (ConfUtils.java:logGet(46)) - raft.server.rpc.timeout.min = 5s (custom)
2023-09-12 21:05:50,481 [0c20a109-2ea1-4d97-ad73-cac537996a23-groupManagement] INFO  server.RaftServerConfigKeys (ConfUtils.java:logGet(46)) - raft.server.rpc.timeout.max = 5200ms (custom)
2023-09-12 21:05:50,481 [0c20a109-2ea1-4d97-ad73-cac537996a23-groupManagement] INFO  server.RaftServerConfigKeys (ConfUtils.java:logGet(46)) - raft.server.rpc.sleep.time = 25ms (default)
2023-09-12 21:05:50,481 [0c20a109-2ea1-4d97-ad73-cac537996a23-groupManagement] INFO  server.RaftServerConfigKeys (ConfUtils.java:logGet(46)) - raft.server.rpc.slowness.timeout = 300000ms (custom)
2023-09-12 21:05:50,481 [0c20a109-2ea1-4d97-ad73-cac537996a23-groupManagement] INFO  server.RaftServerConfigKeys (ConfUtils.java:logGet(46)) - raft.server.leaderelection.leader.step-down.wait-time = 10s (default)
2023-09-12 21:05:50,481 [0c20a109-2ea1-4d97-ad73-cac537996a23-groupManagement] INFO  server.RaftServerConfigKeys (ConfUtils.java:logGet(46)) - raft.server.sleep.deviation.threshold = 300ms (default)
2023-09-12 21:05:50,482 [0c20a109-2ea1-4d97-ad73-cac537996a23-groupManagement] INFO  server.RaftServer$Division (ServerState.java:<init>(120)) - 0c20a109-2ea1-4d97-ad73-cac537996a23@group-5878589FB01C: ConfigurationManager, init=-1: peers:[9ece4d1d-2112-49ce-a0f9-c544e683daa2|rpc:10.1.0.4:15014|admin:10.1.0.4:15013|client:10.1.0.4:15012|dataStream:10.1.0.4:15015|priority:0|startupRole:FOLLOWER, 0c20a109-2ea1-4d97-ad73-cac537996a23|rpc:10.1.0.4:15023|admin:10.1.0.4:15022|client:10.1.0.4:15021|dataStream:10.1.0.4:15024|priority:1|startupRole:FOLLOWER, f162601e-1a73-446f-bfff-b907124620c0|rpc:10.1.0.4:15032|admin:10.1.0.4:15031|client:10.1.0.4:15030|dataStream:10.1.0.4:15033|priority:0|startupRole:FOLLOWER]|listeners:[], old=null, confs=<EMPTY_MAP>
2023-09-12 21:05:50,482 [0c20a109-2ea1-4d97-ad73-cac537996a23-groupManagement] INFO  server.RaftServerConfigKeys (ConfUtils.java:logGet(46)) - raft.server.storage.dir = [/home/runner/work/ozone/ozone/hadoop-ozone/integration-test/target/test-dir/MiniOzoneClusterImpl-0f4e02f1-3148-4106-9850-9963db652c57/datanode-1/data/ratis] (custom)
2023-09-12 21:05:50,482 [0c20a109-2ea1-4d97-ad73-cac537996a23-groupManagement] INFO  server.RaftServerConfigKeys (ConfUtils.java:logGet(46)) - raft.server.log.corruption.policy = EXCEPTION (default)
2023-09-12 21:05:50,482 [0c20a109-2ea1-4d97-ad73-cac537996a23-groupManagement] INFO  server.RaftServerConfigKeys (ConfUtils.java:logGet(46)) - raft.server.storage.free-space.min = 0MB (=0) (default)
2023-09-12 21:05:50,482 [0c20a109-2ea1-4d97-ad73-cac537996a23-groupManagement] INFO  server.RaftServerConfigKeys (ConfUtils.java:logGet(46)) - raft.server.notification.no-leader.timeout = 300000ms (custom)
2023-09-12 21:05:50,482 [0c20a109-2ea1-4d97-ad73-cac537996a23-groupManagement] INFO  server.RaftServerConfigKeys (ConfUtils.java:logGet(46)) - raft.server.read.timeout = 10s (default)
2023-09-12 21:05:50,482 [0c20a109-2ea1-4d97-ad73-cac537996a23-groupManagement] INFO  server.RaftServerConfigKeys (ConfUtils.java:logGet(46)) - raft.server.retrycache.expirytime = 600000ms (custom)
2023-09-12 21:05:50,482 [0c20a109-2ea1-4d97-ad73-cac537996a23-groupManagement] INFO  server.RaftServerConfigKeys (ConfUtils.java:logGet(46)) - raft.server.retrycache.statistics.expirytime = 100μs (default)
2023-09-12 21:05:50,482 [0c20a109-2ea1-4d97-ad73-cac537996a23-groupManagement] INFO  server.RaftServerConfigKeys (ConfUtils.java:logGet(46)) - raft.server.read.option = DEFAULT (default)
2023-09-12 21:05:50,484 [0c20a109-2ea1-4d97-ad73-cac537996a23-groupManagement] INFO  server.RaftServerConfigKeys (ConfUtils.java:logGet(46)) - raft.server.rpc.request.timeout = 3000ms (default)
2023-09-12 21:05:50,484 [0c20a109-2ea1-4d97-ad73-cac537996a23-groupManagement] INFO  server.RaftServerConfigKeys (ConfUtils.java:logGet(46)) - raft.server.log.appender.install.snapshot.enabled = false (custom)
2023-09-12 21:05:50,484 [0c20a109-2ea1-4d97-ad73-cac537996a23-groupManagement] INFO  server.RaftServerConfigKeys (ConfUtils.java:logGet(46)) - raft.server.threadpool.server.cached = true (default)
2023-09-12 21:05:50,484 [0c20a109-2ea1-4d97-ad73-cac537996a23-groupManagement] INFO  server.RaftServerConfigKeys (ConfUtils.java:logGet(46)) - raft.server.threadpool.server.size = 0 (default)
2023-09-12 21:05:50,484 [0c20a109-2ea1-4d97-ad73-cac537996a23-groupManagement] INFO  server.RaftServerConfigKeys (ConfUtils.java:logGet(46)) - raft.server.threadpool.client.cached = true (default)
2023-09-12 21:05:50,484 [0c20a109-2ea1-4d97-ad73-cac537996a23-groupManagement] INFO  server.RaftServerConfigKeys (ConfUtils.java:logGet(46)) - raft.server.threadpool.client.size = 0 (default)
2023-09-12 21:05:50,484 [0c20a109-2ea1-4d97-ad73-cac537996a23-groupManagement] INFO  storage.RaftStorageDirectory (RaftStorageDirectoryImpl.java:analyzeStorage(137)) - The storage directory /home/runner/work/ozone/ozone/hadoop-ozone/integration-test/target/test-dir/MiniOzoneClusterImpl-0f4e02f1-3148-4106-9850-9963db652c57/datanode-1/data/ratis/47f9dee4-0f52-4053-a48b-5878589fb01c does not exist. Creating ...
2023-09-12 21:05:50,485 [0c20a109-2ea1-4d97-ad73-cac537996a23-groupManagement] INFO  storage.RaftStorageDirectory (RaftStorageDirectoryImpl.java:tryLock(231)) - Lock on /home/runner/work/ozone/ozone/hadoop-ozone/integration-test/target/test-dir/MiniOzoneClusterImpl-0f4e02f1-3148-4106-9850-9963db652c57/datanode-1/data/ratis/47f9dee4-0f52-4053-a48b-5878589fb01c/in_use.lock acquired by nodename 5540@fv-az740-690
2023-09-12 21:05:50,487 [0c20a109-2ea1-4d97-ad73-cac537996a23-groupManagement] INFO  storage.RaftStorage (RaftStorageImpl.java:format(96)) - Storage directory /home/runner/work/ozone/ozone/hadoop-ozone/integration-test/target/test-dir/MiniOzoneClusterImpl-0f4e02f1-3148-4106-9850-9963db652c57/datanode-1/data/ratis/47f9dee4-0f52-4053-a48b-5878589fb01c has been successfully formatted.
2023-09-12 21:05:50,487 [0c20a109-2ea1-4d97-ad73-cac537996a23-groupManagement] INFO  ratis.ContainerStateMachine (ContainerStateMachine.java:loadSnapshot(262)) - group-5878589FB01C: The snapshot info is null. Setting the last applied indexto:(t:0, i:~)
2023-09-12 21:05:50,487 [0c20a109-2ea1-4d97-ad73-cac537996a23-groupManagement] INFO  server.RaftServerConfigKeys (ConfUtils.java:logGet(46)) - raft.server.log.use.memory = false (default)
2023-09-12 21:05:50,489 [EventQueue-OpenPipelineForHealthyPipelineSafeModeRule] INFO  safemode.SCMSafeModeManager (HealthyPipelineSafeModeRule.java:process(137)) - SCM in safe mode. Healthy pipelines reported count is 0, required healthy pipeline reported count is 1
2023-09-12 21:05:50,498 [0c20a109-2ea1-4d97-ad73-cac537996a23-groupManagement] INFO  server.RaftServerConfigKeys (ConfUtils.java:logGet(46)) - raft.server.log.purge.gap = 1000000 (custom)
2023-09-12 21:05:50,499 [0c20a109-2ea1-4d97-ad73-cac537996a23-groupManagement] INFO  server.RaftServerConfigKeys (ConfUtils.java:logGet(46)) - raft.server.log.appender.buffer.byte-limit = 33554432 (custom)
2023-09-12 21:05:50,499 [0c20a109-2ea1-4d97-ad73-cac537996a23-groupManagement] INFO  server.RaftServerConfigKeys (ConfUtils.java:logGet(46)) - raft.server.log.statemachine.data.read.timeout = 1000ms (default)
2023-09-12 21:05:50,499 [0c20a109-2ea1-4d97-ad73-cac537996a23-groupManagement] INFO  server.RaftServerConfigKeys (ConfUtils.java:logGet(46)) - raft.server.log.purge.preservation.log.num = 0 (default)
2023-09-12 21:05:50,499 [0c20a109-2ea1-4d97-ad73-cac537996a23-groupManagement] INFO  server.RaftServerConfigKeys (ConfUtils.java:logGet(46)) - raft.server.log.segment.size.max = 1048576 (custom)
2023-09-12 21:05:50,500 [0c20a109-2ea1-4d97-ad73-cac537996a23-groupManagement] INFO  server.RaftServerConfigKeys (ConfUtils.java:logGet(46)) - raft.server.log.segment.cache.num.max = 2 (custom)
2023-09-12 21:05:50,500 [0c20a109-2ea1-4d97-ad73-cac537996a23-groupManagement] INFO  server.RaftServerConfigKeys (ConfUtils.java:logGet(46)) - raft.server.log.segment.cache.size.max = 200MB (=209715200) (default)
2023-09-12 21:05:50,500 [0c20a109-2ea1-4d97-ad73-cac537996a23-groupManagement] INFO  server.RaftServerConfigKeys (ConfUtils.java:logGet(46)) - raft.server.log.appender.buffer.byte-limit = 33554432 (custom)
2023-09-12 21:05:50,500 [0c20a109-2ea1-4d97-ad73-cac537996a23-groupManagement] INFO  segmented.SegmentedRaftLogWorker (SegmentedRaftLogWorker.java:<init>(188)) - new 0c20a109-2ea1-4d97-ad73-cac537996a23@group-5878589FB01C-SegmentedRaftLogWorker for RaftStorageImpl:Storage Directory /home/runner/work/ozone/ozone/hadoop-ozone/integration-test/target/test-dir/MiniOzoneClusterImpl-0f4e02f1-3148-4106-9850-9963db652c57/datanode-1/data/ratis/47f9dee4-0f52-4053-a48b-5878589fb01c
2023-09-12 21:05:50,500 [0c20a109-2ea1-4d97-ad73-cac537996a23-groupManagement] INFO  server.RaftServerConfigKeys (ConfUtils.java:logGet(46)) - raft.server.log.queue.byte-limit = 4294967296 (custom)
2023-09-12 21:05:50,500 [0c20a109-2ea1-4d97-ad73-cac537996a23-groupManagement] INFO  server.RaftServerConfigKeys (ConfUtils.java:logGet(46)) - raft.server.log.queue.element-limit = 1024 (custom)
2023-09-12 21:05:50,500 [0c20a109-2ea1-4d97-ad73-cac537996a23-groupManagement] INFO  server.RaftServerConfigKeys (ConfUtils.java:logGet(46)) - raft.server.log.segment.size.max = 1048576 (custom)
2023-09-12 21:05:50,500 [0c20a109-2ea1-4d97-ad73-cac537996a23-groupManagement] INFO  server.RaftServerConfigKeys (ConfUtils.java:logGet(46)) - raft.server.log.preallocated.size = 16384 (custom)
2023-09-12 21:05:50,500 [0c20a109-2ea1-4d97-ad73-cac537996a23-groupManagement] INFO  server.RaftServerConfigKeys (ConfUtils.java:logGet(46)) - raft.server.log.force.sync.num = 128 (default)
2023-09-12 21:05:50,500 [0c20a109-2ea1-4d97-ad73-cac537996a23-groupManagement] INFO  server.RaftServerConfigKeys (ConfUtils.java:logGet(46)) - raft.server.log.statemachine.data.sync = true (default)
2023-09-12 21:05:50,500 [0c20a109-2ea1-4d97-ad73-cac537996a23-groupManagement] INFO  server.RaftServerConfigKeys (ConfUtils.java:logGet(46)) - raft.server.log.statemachine.data.sync.timeout = 10s (default)
2023-09-12 21:05:50,500 [0c20a109-2ea1-4d97-ad73-cac537996a23-groupManagement] INFO  server.RaftServerConfigKeys (ConfUtils.java:logGet(46)) - raft.server.log.statemachine.data.sync.timeout.retry = -1 (default)
2023-09-12 21:05:50,502 [0c20a109-2ea1-4d97-ad73-cac537996a23-groupManagement] INFO  server.RaftServerConfigKeys (ConfUtils.java:logGet(46)) - raft.server.log.write.buffer.size = 1048576 (custom)
2023-09-12 21:05:50,503 [0c20a109-2ea1-4d97-ad73-cac537996a23-groupManagement] INFO  server.RaftServerConfigKeys (ConfUtils.java:logGet(46)) - raft.server.log.appender.buffer.byte-limit = 33554432 (custom)
2023-09-12 21:05:50,506 [0c20a109-2ea1-4d97-ad73-cac537996a23-groupManagement] INFO  server.RaftServerConfigKeys (ConfUtils.java:logGet(46)) - raft.server.log.unsafe-flush.enabled = false (default)
2023-09-12 21:05:50,506 [0c20a109-2ea1-4d97-ad73-cac537996a23-groupManagement] INFO  server.RaftServerConfigKeys (ConfUtils.java:logGet(46)) - raft.server.log.async-flush.enabled = false (default)
2023-09-12 21:05:50,506 [0c20a109-2ea1-4d97-ad73-cac537996a23-groupManagement] INFO  server.RaftServerConfigKeys (ConfUtils.java:logGet(46)) - raft.server.log.statemachine.data.caching.enabled = true (custom)
2023-09-12 21:05:50,506 [0c20a109-2ea1-4d97-ad73-cac537996a23-groupManagement] INFO  segmented.SegmentedRaftLogWorker (SegmentedRaftLogWorker.java:lambda$new$0(135)) - 0c20a109-2ea1-4d97-ad73-cac537996a23@group-5878589FB01C-SegmentedRaftLogWorker: flushIndex: setUnconditionally 0 -> -1
2023-09-12 21:05:50,506 [0c20a109-2ea1-4d97-ad73-cac537996a23-groupManagement] INFO  segmented.SegmentedRaftLogWorker (SegmentedRaftLogWorker.java:lambda$new$0(135)) - 0c20a109-2ea1-4d97-ad73-cac537996a23@group-5878589FB01C-SegmentedRaftLogWorker: safeCacheEvictIndex: setUnconditionally 0 -> -1
2023-09-12 21:05:50,515 [0c20a109-2ea1-4d97-ad73-cac537996a23-groupManagement] INFO  server.RaftServer$Division (RaftServerImpl.java:start(342)) - 0c20a109-2ea1-4d97-ad73-cac537996a23@group-5878589FB01C: start as a follower, conf=-1: peers:[9ece4d1d-2112-49ce-a0f9-c544e683daa2|rpc:10.1.0.4:15014|admin:10.1.0.4:15013|client:10.1.0.4:15012|dataStream:10.1.0.4:15015|priority:0|startupRole:FOLLOWER, 0c20a109-2ea1-4d97-ad73-cac537996a23|rpc:10.1.0.4:15023|admin:10.1.0.4:15022|client:10.1.0.4:15021|dataStream:10.1.0.4:15024|priority:1|startupRole:FOLLOWER, f162601e-1a73-446f-bfff-b907124620c0|rpc:10.1.0.4:15032|admin:10.1.0.4:15031|client:10.1.0.4:15030|dataStream:10.1.0.4:15033|priority:0|startupRole:FOLLOWER]|listeners:[], old=null
2023-09-12 21:05:50,515 [0c20a109-2ea1-4d97-ad73-cac537996a23-groupManagement] INFO  server.RaftServer$Division (RaftServerImpl.java:setRole(329)) - 0c20a109-2ea1-4d97-ad73-cac537996a23@group-5878589FB01C: changes role from      null to FOLLOWER at term 0 for startAsFollower
2023-09-12 21:05:50,515 [0c20a109-2ea1-4d97-ad73-cac537996a23-groupManagement] INFO  impl.RoleInfo (RoleInfo.java:updateAndGet(139)) - 0c20a109-2ea1-4d97-ad73-cac537996a23: start 0c20a109-2ea1-4d97-ad73-cac537996a23@group-5878589FB01C-FollowerState
2023-09-12 21:05:50,516 [0c20a109-2ea1-4d97-ad73-cac537996a23-groupManagement] INFO  util.JmxRegister (JmxRegister.java:tryRegister(44)) - Successfully registered JMX Bean with object name Ratis:service=RaftServer,group=group-5878589FB01C,id=0c20a109-2ea1-4d97-ad73-cac537996a23
2023-09-12 21:05:50,516 [0c20a109-2ea1-4d97-ad73-cac537996a23@group-5878589FB01C-FollowerState] INFO  server.RaftServerConfigKeys (ConfUtils.java:logFallback(53)) - raft.server.rpc.first-election.timeout.min = 5s (fallback to raft.server.rpc.timeout.min)
2023-09-12 21:05:50,516 [0c20a109-2ea1-4d97-ad73-cac537996a23-groupManagement] INFO  server.RaftServerConfigKeys (ConfUtils.java:logGet(46)) - raft.server.snapshot.auto.trigger.enabled = true (custom)
2023-09-12 21:05:50,518 [0c20a109-2ea1-4d97-ad73-cac537996a23@group-5878589FB01C-FollowerState] INFO  server.RaftServerConfigKeys (ConfUtils.java:logFallback(53)) - raft.server.rpc.first-election.timeout.max = 5200ms (fallback to raft.server.rpc.timeout.max)
2023-09-12 21:05:50,518 [0c20a109-2ea1-4d97-ad73-cac537996a23-groupManagement] INFO  server.RaftServerConfigKeys (ConfUtils.java:logGet(46)) - raft.server.snapshot.auto.trigger.threshold = 10000 (custom)
2023-09-12 21:05:50,518 [0c20a109-2ea1-4d97-ad73-cac537996a23-groupManagement] INFO  server.RaftServerConfigKeys (ConfUtils.java:logGet(46)) - raft.server.snapshot.retention.file.num = 5 (custom)
2023-09-12 21:05:50,518 [0c20a109-2ea1-4d97-ad73-cac537996a23-groupManagement] INFO  server.RaftServerConfigKeys (ConfUtils.java:logGet(46)) - raft.server.log.purge.upto.snapshot.index = false (default)
2023-09-12 21:05:50,520 [PipelineCommandHandlerThread-0] INFO  ratis.XceiverServerRatis (XceiverServerRatis.java:addGroup(804)) - Created group PipelineID=47f9dee4-0f52-4053-a48b-5878589fb01c
2023-09-12 21:05:50,651 [grpc-default-executor-0] INFO  server.RaftServer (RaftServerProxy.java:addNew(98)) - f162601e-1a73-446f-bfff-b907124620c0: addNew group-5878589FB01C:[9ece4d1d-2112-49ce-a0f9-c544e683daa2|rpc:10.1.0.4:15014|admin:10.1.0.4:15013|client:10.1.0.4:15012|dataStream:10.1.0.4:15015|priority:0|startupRole:FOLLOWER, 0c20a109-2ea1-4d97-ad73-cac537996a23|rpc:10.1.0.4:15023|admin:10.1.0.4:15022|client:10.1.0.4:15021|dataStream:10.1.0.4:15024|priority:1|startupRole:FOLLOWER, f162601e-1a73-446f-bfff-b907124620c0|rpc:10.1.0.4:15032|admin:10.1.0.4:15031|client:10.1.0.4:15030|dataStream:10.1.0.4:15033|priority:0|startupRole:FOLLOWER] returns group-5878589FB01C:java.util.concurrent.CompletableFuture@76916500[Not completed]
2023-09-12 21:05:50,653 [f162601e-1a73-446f-bfff-b907124620c0-groupManagement] INFO  server.RaftServer$Division (RaftServerImpl.java:<init>(198)) - f162601e-1a73-446f-bfff-b907124620c0: new RaftServerImpl for group-5878589FB01C:[9ece4d1d-2112-49ce-a0f9-c544e683daa2|rpc:10.1.0.4:15014|admin:10.1.0.4:15013|client:10.1.0.4:15012|dataStream:10.1.0.4:15015|priority:0|startupRole:FOLLOWER, 0c20a109-2ea1-4d97-ad73-cac537996a23|rpc:10.1.0.4:15023|admin:10.1.0.4:15022|client:10.1.0.4:15021|dataStream:10.1.0.4:15024|priority:1|startupRole:FOLLOWER, f162601e-1a73-446f-bfff-b907124620c0|rpc:10.1.0.4:15032|admin:10.1.0.4:15031|client:10.1.0.4:15030|dataStream:10.1.0.4:15033|priority:0|startupRole:FOLLOWER] with ContainerStateMachine:uninitialized
2023-09-12 21:05:50,653 [f162601e-1a73-446f-bfff-b907124620c0-groupManagement] INFO  server.RaftServerConfigKeys (ConfUtils.java:logGet(46)) - raft.server.rpc.timeout.min = 5s (custom)
2023-09-12 21:05:50,653 [f162601e-1a73-446f-bfff-b907124620c0-groupManagement] INFO  server.RaftServerConfigKeys (ConfUtils.java:logGet(46)) - raft.server.rpc.timeout.max = 5200ms (custom)
2023-09-12 21:05:50,653 [f162601e-1a73-446f-bfff-b907124620c0-groupManagement] INFO  server.RaftServerConfigKeys (ConfUtils.java:logGet(46)) - raft.server.rpc.sleep.time = 25ms (default)
2023-09-12 21:05:50,653 [f162601e-1a73-446f-bfff-b907124620c0-groupManagement] INFO  server.RaftServerConfigKeys (ConfUtils.java:logGet(46)) - raft.server.rpc.slowness.timeout = 300000ms (custom)
2023-09-12 21:05:50,653 [f162601e-1a73-446f-bfff-b907124620c0-groupManagement] INFO  server.RaftServerConfigKeys (ConfUtils.java:logGet(46)) - raft.server.leaderelection.leader.step-down.wait-time = 10s (default)
2023-09-12 21:05:50,653 [f162601e-1a73-446f-bfff-b907124620c0-groupManagement] INFO  server.RaftServerConfigKeys (ConfUtils.java:logGet(46)) - raft.server.sleep.deviation.threshold = 300ms (default)
2023-09-12 21:05:50,653 [f162601e-1a73-446f-bfff-b907124620c0-groupManagement] INFO  server.RaftServer$Division (ServerState.java:<init>(120)) - f162601e-1a73-446f-bfff-b907124620c0@group-5878589FB01C: ConfigurationManager, init=-1: peers:[9ece4d1d-2112-49ce-a0f9-c544e683daa2|rpc:10.1.0.4:15014|admin:10.1.0.4:15013|client:10.1.0.4:15012|dataStream:10.1.0.4:15015|priority:0|startupRole:FOLLOWER, 0c20a109-2ea1-4d97-ad73-cac537996a23|rpc:10.1.0.4:15023|admin:10.1.0.4:15022|client:10.1.0.4:15021|dataStream:10.1.0.4:15024|priority:1|startupRole:FOLLOWER, f162601e-1a73-446f-bfff-b907124620c0|rpc:10.1.0.4:15032|admin:10.1.0.4:15031|client:10.1.0.4:15030|dataStream:10.1.0.4:15033|priority:0|startupRole:FOLLOWER]|listeners:[], old=null, confs=<EMPTY_MAP>
2023-09-12 21:05:50,653 [f162601e-1a73-446f-bfff-b907124620c0-groupManagement] INFO  server.RaftServerConfigKeys (ConfUtils.java:logGet(46)) - raft.server.storage.dir = [/home/runner/work/ozone/ozone/hadoop-ozone/integration-test/target/test-dir/MiniOzoneClusterImpl-0f4e02f1-3148-4106-9850-9963db652c57/datanode-2/data/ratis] (custom)
2023-09-12 21:05:50,653 [f162601e-1a73-446f-bfff-b907124620c0-groupManagement] INFO  server.RaftServerConfigKeys (ConfUtils.java:logGet(46)) - raft.server.log.corruption.policy = EXCEPTION (default)
2023-09-12 21:05:50,653 [f162601e-1a73-446f-bfff-b907124620c0-groupManagement] INFO  server.RaftServerConfigKeys (ConfUtils.java:logGet(46)) - raft.server.storage.free-space.min = 0MB (=0) (default)
2023-09-12 21:05:50,654 [f162601e-1a73-446f-bfff-b907124620c0-groupManagement] INFO  server.RaftServerConfigKeys (ConfUtils.java:logGet(46)) - raft.server.notification.no-leader.timeout = 300000ms (custom)
2023-09-12 21:05:50,654 [f162601e-1a73-446f-bfff-b907124620c0-groupManagement] INFO  server.RaftServerConfigKeys (ConfUtils.java:logGet(46)) - raft.server.read.timeout = 10s (default)
2023-09-12 21:05:50,654 [f162601e-1a73-446f-bfff-b907124620c0-groupManagement] INFO  server.RaftServerConfigKeys (ConfUtils.java:logGet(46)) - raft.server.retrycache.expirytime = 600000ms (custom)
2023-09-12 21:05:50,654 [f162601e-1a73-446f-bfff-b907124620c0-groupManagement] INFO  server.RaftServerConfigKeys (ConfUtils.java:logGet(46)) - raft.server.retrycache.statistics.expirytime = 100μs (default)
2023-09-12 21:05:50,654 [f162601e-1a73-446f-bfff-b907124620c0-groupManagement] INFO  server.RaftServerConfigKeys (ConfUtils.java:logGet(46)) - raft.server.read.option = DEFAULT (default)
2023-09-12 21:05:50,660 [f162601e-1a73-446f-bfff-b907124620c0-groupManagement] INFO  server.RaftServerConfigKeys (ConfUtils.java:logGet(46)) - raft.server.rpc.request.timeout = 3000ms (default)
2023-09-12 21:05:50,660 [f162601e-1a73-446f-bfff-b907124620c0-groupManagement] INFO  server.RaftServerConfigKeys (ConfUtils.java:logGet(46)) - raft.server.log.appender.install.snapshot.enabled = false (custom)
2023-09-12 21:05:50,660 [f162601e-1a73-446f-bfff-b907124620c0-groupManagement] INFO  server.RaftServerConfigKeys (ConfUtils.java:logGet(46)) - raft.server.threadpool.server.cached = true (default)
2023-09-12 21:05:50,660 [f162601e-1a73-446f-bfff-b907124620c0-groupManagement] INFO  server.RaftServerConfigKeys (ConfUtils.java:logGet(46)) - raft.server.threadpool.server.size = 0 (default)
2023-09-12 21:05:50,660 [f162601e-1a73-446f-bfff-b907124620c0-groupManagement] INFO  server.RaftServerConfigKeys (ConfUtils.java:logGet(46)) - raft.server.threadpool.client.cached = true (default)
2023-09-12 21:05:50,660 [f162601e-1a73-446f-bfff-b907124620c0-groupManagement] INFO  server.RaftServerConfigKeys (ConfUtils.java:logGet(46)) - raft.server.threadpool.client.size = 0 (default)
2023-09-12 21:05:50,661 [f162601e-1a73-446f-bfff-b907124620c0-groupManagement] INFO  storage.RaftStorageDirectory (RaftStorageDirectoryImpl.java:analyzeStorage(137)) - The storage directory /home/runner/work/ozone/ozone/hadoop-ozone/integration-test/target/test-dir/MiniOzoneClusterImpl-0f4e02f1-3148-4106-9850-9963db652c57/datanode-2/data/ratis/47f9dee4-0f52-4053-a48b-5878589fb01c does not exist. Creating ...
2023-09-12 21:05:50,662 [f162601e-1a73-446f-bfff-b907124620c0-groupManagement] INFO  storage.RaftStorageDirectory (RaftStorageDirectoryImpl.java:tryLock(231)) - Lock on /home/runner/work/ozone/ozone/hadoop-ozone/integration-test/target/test-dir/MiniOzoneClusterImpl-0f4e02f1-3148-4106-9850-9963db652c57/datanode-2/data/ratis/47f9dee4-0f52-4053-a48b-5878589fb01c/in_use.lock acquired by nodename 5540@fv-az740-690
2023-09-12 21:05:50,663 [f162601e-1a73-446f-bfff-b907124620c0-groupManagement] INFO  storage.RaftStorage (RaftStorageImpl.java:format(96)) - Storage directory /home/runner/work/ozone/ozone/hadoop-ozone/integration-test/target/test-dir/MiniOzoneClusterImpl-0f4e02f1-3148-4106-9850-9963db652c57/datanode-2/data/ratis/47f9dee4-0f52-4053-a48b-5878589fb01c has been successfully formatted.
2023-09-12 21:05:50,665 [f162601e-1a73-446f-bfff-b907124620c0-groupManagement] INFO  ratis.ContainerStateMachine (ContainerStateMachine.java:loadSnapshot(262)) - group-5878589FB01C: The snapshot info is null. Setting the last applied indexto:(t:0, i:~)
2023-09-12 21:05:50,665 [f162601e-1a73-446f-bfff-b907124620c0-groupManagement] INFO  server.RaftServerConfigKeys (ConfUtils.java:logGet(46)) - raft.server.log.use.memory = false (default)
2023-09-12 21:05:50,665 [f162601e-1a73-446f-bfff-b907124620c0-groupManagement] INFO  server.RaftServerConfigKeys (ConfUtils.java:logGet(46)) - raft.server.log.purge.gap = 1000000 (custom)
2023-09-12 21:05:50,667 [f162601e-1a73-446f-bfff-b907124620c0-groupManagement] INFO  server.RaftServerConfigKeys (ConfUtils.java:logGet(46)) - raft.server.log.appender.buffer.byte-limit = 33554432 (custom)
2023-09-12 21:05:50,667 [f162601e-1a73-446f-bfff-b907124620c0-groupManagement] INFO  server.RaftServerConfigKeys (ConfUtils.java:logGet(46)) - raft.server.log.statemachine.data.read.timeout = 1000ms (default)
2023-09-12 21:05:50,667 [f162601e-1a73-446f-bfff-b907124620c0-groupManagement] INFO  server.RaftServerConfigKeys (ConfUtils.java:logGet(46)) - raft.server.log.purge.preservation.log.num = 0 (default)
2023-09-12 21:05:50,667 [f162601e-1a73-446f-bfff-b907124620c0-groupManagement] INFO  server.RaftServerConfigKeys (ConfUtils.java:logGet(46)) - raft.server.log.segment.size.max = 1048576 (custom)
2023-09-12 21:05:50,668 [f162601e-1a73-446f-bfff-b907124620c0-groupManagement] INFO  server.RaftServerConfigKeys (ConfUtils.java:logGet(46)) - raft.server.log.segment.cache.num.max = 2 (custom)
2023-09-12 21:05:50,668 [f162601e-1a73-446f-bfff-b907124620c0-groupManagement] INFO  server.RaftServerConfigKeys (ConfUtils.java:logGet(46)) - raft.server.log.segment.cache.size.max = 200MB (=209715200) (default)
2023-09-12 21:05:50,668 [f162601e-1a73-446f-bfff-b907124620c0-groupManagement] INFO  server.RaftServerConfigKeys (ConfUtils.java:logGet(46)) - raft.server.log.appender.buffer.byte-limit = 33554432 (custom)
2023-09-12 21:05:50,668 [f162601e-1a73-446f-bfff-b907124620c0-groupManagement] INFO  segmented.SegmentedRaftLogWorker (SegmentedRaftLogWorker.java:<init>(188)) - new f162601e-1a73-446f-bfff-b907124620c0@group-5878589FB01C-SegmentedRaftLogWorker for RaftStorageImpl:Storage Directory /home/runner/work/ozone/ozone/hadoop-ozone/integration-test/target/test-dir/MiniOzoneClusterImpl-0f4e02f1-3148-4106-9850-9963db652c57/datanode-2/data/ratis/47f9dee4-0f52-4053-a48b-5878589fb01c
2023-09-12 21:05:50,668 [f162601e-1a73-446f-bfff-b907124620c0-groupManagement] INFO  server.RaftServerConfigKeys (ConfUtils.java:logGet(46)) - raft.server.log.queue.byte-limit = 4294967296 (custom)
2023-09-12 21:05:50,668 [f162601e-1a73-446f-bfff-b907124620c0-groupManagement] INFO  server.RaftServerConfigKeys (ConfUtils.java:logGet(46)) - raft.server.log.queue.element-limit = 1024 (custom)
2023-09-12 21:05:50,668 [f162601e-1a73-446f-bfff-b907124620c0-groupManagement] INFO  server.RaftServerConfigKeys (ConfUtils.java:logGet(46)) - raft.server.log.segment.size.max = 1048576 (custom)
2023-09-12 21:05:50,668 [f162601e-1a73-446f-bfff-b907124620c0-groupManagement] INFO  server.RaftServerConfigKeys (ConfUtils.java:logGet(46)) - raft.server.log.preallocated.size = 16384 (custom)
2023-09-12 21:05:50,668 [f162601e-1a73-446f-bfff-b907124620c0-groupManagement] INFO  server.RaftServerConfigKeys (ConfUtils.java:logGet(46)) - raft.server.log.force.sync.num = 128 (default)
2023-09-12 21:05:50,668 [f162601e-1a73-446f-bfff-b907124620c0-groupManagement] INFO  server.RaftServerConfigKeys (ConfUtils.java:logGet(46)) - raft.server.log.statemachine.data.sync = true (default)
2023-09-12 21:05:50,668 [f162601e-1a73-446f-bfff-b907124620c0-groupManagement] INFO  server.RaftServerConfigKeys (ConfUtils.java:logGet(46)) - raft.server.log.statemachine.data.sync.timeout = 10s (default)
2023-09-12 21:05:50,668 [f162601e-1a73-446f-bfff-b907124620c0-groupManagement] INFO  server.RaftServerConfigKeys (ConfUtils.java:logGet(46)) - raft.server.log.statemachine.data.sync.timeout.retry = -1 (default)
2023-09-12 21:05:50,669 [f162601e-1a73-446f-bfff-b907124620c0-groupManagement] INFO  server.RaftServerConfigKeys (ConfUtils.java:logGet(46)) - raft.server.log.write.buffer.size = 1048576 (custom)
2023-09-12 21:05:50,671 [f162601e-1a73-446f-bfff-b907124620c0-groupManagement] INFO  server.RaftServerConfigKeys (ConfUtils.java:logGet(46)) - raft.server.log.appender.buffer.byte-limit = 33554432 (custom)
2023-09-12 21:05:50,679 [f162601e-1a73-446f-bfff-b907124620c0-groupManagement] INFO  server.RaftServerConfigKeys (ConfUtils.java:logGet(46)) - raft.server.log.unsafe-flush.enabled = false (default)
2023-09-12 21:05:50,679 [f162601e-1a73-446f-bfff-b907124620c0-groupManagement] INFO  server.RaftServerConfigKeys (ConfUtils.java:logGet(46)) - raft.server.log.async-flush.enabled = false (default)
2023-09-12 21:05:50,679 [f162601e-1a73-446f-bfff-b907124620c0-groupManagement] INFO  server.RaftServerConfigKeys (ConfUtils.java:logGet(46)) - raft.server.log.statemachine.data.caching.enabled = true (custom)
2023-09-12 21:05:50,679 [f162601e-1a73-446f-bfff-b907124620c0-groupManagement] INFO  segmented.SegmentedRaftLogWorker (SegmentedRaftLogWorker.java:lambda$new$0(135)) - f162601e-1a73-446f-bfff-b907124620c0@group-5878589FB01C-SegmentedRaftLogWorker: flushIndex: setUnconditionally 0 -> -1
2023-09-12 21:05:50,679 [f162601e-1a73-446f-bfff-b907124620c0-groupManagement] INFO  segmented.SegmentedRaftLogWorker (SegmentedRaftLogWorker.java:lambda$new$0(135)) - f162601e-1a73-446f-bfff-b907124620c0@group-5878589FB01C-SegmentedRaftLogWorker: safeCacheEvictIndex: setUnconditionally 0 -> -1
2023-09-12 21:05:50,679 [f162601e-1a73-446f-bfff-b907124620c0-groupManagement] INFO  server.RaftServer$Division (RaftServerImpl.java:start(342)) - f162601e-1a73-446f-bfff-b907124620c0@group-5878589FB01C: start as a follower, conf=-1: peers:[9ece4d1d-2112-49ce-a0f9-c544e683daa2|rpc:10.1.0.4:15014|admin:10.1.0.4:15013|client:10.1.0.4:15012|dataStream:10.1.0.4:15015|priority:0|startupRole:FOLLOWER, 0c20a109-2ea1-4d97-ad73-cac537996a23|rpc:10.1.0.4:15023|admin:10.1.0.4:15022|client:10.1.0.4:15021|dataStream:10.1.0.4:15024|priority:1|startupRole:FOLLOWER, f162601e-1a73-446f-bfff-b907124620c0|rpc:10.1.0.4:15032|admin:10.1.0.4:15031|client:10.1.0.4:15030|dataStream:10.1.0.4:15033|priority:0|startupRole:FOLLOWER]|listeners:[], old=null
2023-09-12 21:05:50,679 [f162601e-1a73-446f-bfff-b907124620c0-groupManagement] INFO  server.RaftServer$Division (RaftServerImpl.java:setRole(329)) - f162601e-1a73-446f-bfff-b907124620c0@group-5878589FB01C: changes role from      null to FOLLOWER at term 0 for startAsFollower
2023-09-12 21:05:50,679 [f162601e-1a73-446f-bfff-b907124620c0-groupManagement] INFO  impl.RoleInfo (RoleInfo.java:updateAndGet(139)) - f162601e-1a73-446f-bfff-b907124620c0: start f162601e-1a73-446f-bfff-b907124620c0@group-5878589FB01C-FollowerState
2023-09-12 21:05:50,680 [f162601e-1a73-446f-bfff-b907124620c0-groupManagement] INFO  util.JmxRegister (JmxRegister.java:tryRegister(44)) - Successfully registered JMX Bean with object name Ratis:service=RaftServer,group=group-5878589FB01C,id=f162601e-1a73-446f-bfff-b907124620c0
2023-09-12 21:05:50,680 [f162601e-1a73-446f-bfff-b907124620c0-groupManagement] INFO  server.RaftServerConfigKeys (ConfUtils.java:logGet(46)) - raft.server.snapshot.auto.trigger.enabled = true (custom)
2023-09-12 21:05:50,680 [f162601e-1a73-446f-bfff-b907124620c0-groupManagement] INFO  server.RaftServerConfigKeys (ConfUtils.java:logGet(46)) - raft.server.snapshot.auto.trigger.threshold = 10000 (custom)
2023-09-12 21:05:50,680 [f162601e-1a73-446f-bfff-b907124620c0-groupManagement] INFO  server.RaftServerConfigKeys (ConfUtils.java:logGet(46)) - raft.server.snapshot.retention.file.num = 5 (custom)
2023-09-12 21:05:50,680 [f162601e-1a73-446f-bfff-b907124620c0-groupManagement] INFO  server.RaftServerConfigKeys (ConfUtils.java:logGet(46)) - raft.server.log.purge.upto.snapshot.index = false (default)
2023-09-12 21:05:50,680 [f162601e-1a73-446f-bfff-b907124620c0@group-5878589FB01C-FollowerState] INFO  server.RaftServerConfigKeys (ConfUtils.java:logFallback(53)) - raft.server.rpc.first-election.timeout.min = 5s (fallback to raft.server.rpc.timeout.min)
2023-09-12 21:05:50,689 [f162601e-1a73-446f-bfff-b907124620c0@group-5878589FB01C-FollowerState] INFO  server.RaftServerConfigKeys (ConfUtils.java:logFallback(53)) - raft.server.rpc.first-election.timeout.max = 5200ms (fallback to raft.server.rpc.timeout.max)
2023-09-12 21:05:50,771 [PipelineCommandHandlerThread-0] INFO  server.RaftServer (RaftServerProxy.java:addNew(98)) - f162601e-1a73-446f-bfff-b907124620c0: addNew group-B8D710D554B9:[f162601e-1a73-446f-bfff-b907124620c0|rpc:10.1.0.4:15032|admin:10.1.0.4:15031|client:10.1.0.4:15030|dataStream:10.1.0.4:15033|priority:1|startupRole:FOLLOWER] returns group-B8D710D554B9:java.util.concurrent.CompletableFuture@4977d2ab[Not completed]
2023-09-12 21:05:50,772 [f162601e-1a73-446f-bfff-b907124620c0-groupManagement] INFO  server.RaftServer$Division (RaftServerImpl.java:<init>(198)) - f162601e-1a73-446f-bfff-b907124620c0: new RaftServerImpl for group-B8D710D554B9:[f162601e-1a73-446f-bfff-b907124620c0|rpc:10.1.0.4:15032|admin:10.1.0.4:15031|client:10.1.0.4:15030|dataStream:10.1.0.4:15033|priority:1|startupRole:FOLLOWER] with ContainerStateMachine:uninitialized
2023-09-12 21:05:50,772 [f162601e-1a73-446f-bfff-b907124620c0-groupManagement] INFO  server.RaftServerConfigKeys (ConfUtils.java:logGet(46)) - raft.server.rpc.timeout.min = 5s (custom)
2023-09-12 21:05:50,772 [f162601e-1a73-446f-bfff-b907124620c0-groupManagement] INFO  server.RaftServerConfigKeys (ConfUtils.java:logGet(46)) - raft.server.rpc.timeout.max = 5200ms (custom)
2023-09-12 21:05:50,772 [f162601e-1a73-446f-bfff-b907124620c0-groupManagement] INFO  server.RaftServerConfigKeys (ConfUtils.java:logGet(46)) - raft.server.rpc.sleep.time = 25ms (default)
2023-09-12 21:05:50,772 [f162601e-1a73-446f-bfff-b907124620c0-groupManagement] INFO  server.RaftServerConfigKeys (ConfUtils.java:logGet(46)) - raft.server.rpc.slowness.timeout = 300000ms (custom)
2023-09-12 21:05:50,772 [f162601e-1a73-446f-bfff-b907124620c0-groupManagement] INFO  server.RaftServerConfigKeys (ConfUtils.java:logGet(46)) - raft.server.leaderelection.leader.step-down.wait-time = 10s (default)
2023-09-12 21:05:50,772 [f162601e-1a73-446f-bfff-b907124620c0-groupManagement] INFO  server.RaftServerConfigKeys (ConfUtils.java:logGet(46)) - raft.server.sleep.deviation.threshold = 300ms (default)
2023-09-12 21:05:50,772 [f162601e-1a73-446f-bfff-b907124620c0-groupManagement] INFO  server.RaftServer$Division (ServerState.java:<init>(120)) - f162601e-1a73-446f-bfff-b907124620c0@group-B8D710D554B9: ConfigurationManager, init=-1: peers:[f162601e-1a73-446f-bfff-b907124620c0|rpc:10.1.0.4:15032|admin:10.1.0.4:15031|client:10.1.0.4:15030|dataStream:10.1.0.4:15033|priority:1|startupRole:FOLLOWER]|listeners:[], old=null, confs=<EMPTY_MAP>
2023-09-12 21:05:50,772 [f162601e-1a73-446f-bfff-b907124620c0-groupManagement] INFO  server.RaftServerConfigKeys (ConfUtils.java:logGet(46)) - raft.server.storage.dir = [/home/runner/work/ozone/ozone/hadoop-ozone/integration-test/target/test-dir/MiniOzoneClusterImpl-0f4e02f1-3148-4106-9850-9963db652c57/datanode-2/data/ratis] (custom)
2023-09-12 21:05:50,773 [f162601e-1a73-446f-bfff-b907124620c0-groupManagement] INFO  server.RaftServerConfigKeys (ConfUtils.java:logGet(46)) - raft.server.log.corruption.policy = EXCEPTION (default)
2023-09-12 21:05:50,773 [f162601e-1a73-446f-bfff-b907124620c0-groupManagement] INFO  server.RaftServerConfigKeys (ConfUtils.java:logGet(46)) - raft.server.storage.free-space.min = 0MB (=0) (default)
2023-09-12 21:05:50,773 [f162601e-1a73-446f-bfff-b907124620c0-groupManagement] INFO  server.RaftServerConfigKeys (ConfUtils.java:logGet(46)) - raft.server.notification.no-leader.timeout = 300000ms (custom)
2023-09-12 21:05:50,773 [f162601e-1a73-446f-bfff-b907124620c0-groupManagement] INFO  server.RaftServerConfigKeys (ConfUtils.java:logGet(46)) - raft.server.read.timeout = 10s (default)
2023-09-12 21:05:50,773 [f162601e-1a73-446f-bfff-b907124620c0-groupManagement] INFO  server.RaftServerConfigKeys (ConfUtils.java:logGet(46)) - raft.server.retrycache.expirytime = 600000ms (custom)
2023-09-12 21:05:50,773 [f162601e-1a73-446f-bfff-b907124620c0-groupManagement] INFO  server.RaftServerConfigKeys (ConfUtils.java:logGet(46)) - raft.server.retrycache.statistics.expirytime = 100μs (default)
2023-09-12 21:05:50,773 [f162601e-1a73-446f-bfff-b907124620c0-groupManagement] INFO  server.RaftServerConfigKeys (ConfUtils.java:logGet(46)) - raft.server.read.option = DEFAULT (default)
2023-09-12 21:05:50,774 [f162601e-1a73-446f-bfff-b907124620c0-groupManagement] INFO  server.RaftServerConfigKeys (ConfUtils.java:logGet(46)) - raft.server.rpc.request.timeout = 3000ms (default)
2023-09-12 21:05:50,774 [f162601e-1a73-446f-bfff-b907124620c0-groupManagement] INFO  server.RaftServerConfigKeys (ConfUtils.java:logGet(46)) - raft.server.log.appender.install.snapshot.enabled = false (custom)
2023-09-12 21:05:50,774 [f162601e-1a73-446f-bfff-b907124620c0-groupManagement] INFO  server.RaftServerConfigKeys (ConfUtils.java:logGet(46)) - raft.server.threadpool.server.cached = true (default)
2023-09-12 21:05:50,774 [f162601e-1a73-446f-bfff-b907124620c0-groupManagement] INFO  server.RaftServerConfigKeys (ConfUtils.java:logGet(46)) - raft.server.threadpool.server.size = 0 (default)
2023-09-12 21:05:50,774 [f162601e-1a73-446f-bfff-b907124620c0-groupManagement] INFO  server.RaftServerConfigKeys (ConfUtils.java:logGet(46)) - raft.server.threadpool.client.cached = true (default)
2023-09-12 21:05:50,774 [f162601e-1a73-446f-bfff-b907124620c0-groupManagement] INFO  server.RaftServerConfigKeys (ConfUtils.java:logGet(46)) - raft.server.threadpool.client.size = 0 (default)
2023-09-12 21:05:50,775 [f162601e-1a73-446f-bfff-b907124620c0-groupManagement] INFO  storage.RaftStorageDirectory (RaftStorageDirectoryImpl.java:analyzeStorage(137)) - The storage directory /home/runner/work/ozone/ozone/hadoop-ozone/integration-test/target/test-dir/MiniOzoneClusterImpl-0f4e02f1-3148-4106-9850-9963db652c57/datanode-2/data/ratis/3e980352-d34e-428c-b05e-b8d710d554b9 does not exist. Creating ...
2023-09-12 21:05:50,776 [f162601e-1a73-446f-bfff-b907124620c0-groupManagement] INFO  storage.RaftStorageDirectory (RaftStorageDirectoryImpl.java:tryLock(231)) - Lock on /home/runner/work/ozone/ozone/hadoop-ozone/integration-test/target/test-dir/MiniOzoneClusterImpl-0f4e02f1-3148-4106-9850-9963db652c57/datanode-2/data/ratis/3e980352-d34e-428c-b05e-b8d710d554b9/in_use.lock acquired by nodename 5540@fv-az740-690
2023-09-12 21:05:50,778 [f162601e-1a73-446f-bfff-b907124620c0-groupManagement] INFO  storage.RaftStorage (RaftStorageImpl.java:format(96)) - Storage directory /home/runner/work/ozone/ozone/hadoop-ozone/integration-test/target/test-dir/MiniOzoneClusterImpl-0f4e02f1-3148-4106-9850-9963db652c57/datanode-2/data/ratis/3e980352-d34e-428c-b05e-b8d710d554b9 has been successfully formatted.
2023-09-12 21:05:50,778 [f162601e-1a73-446f-bfff-b907124620c0-groupManagement] INFO  ratis.ContainerStateMachine (ContainerStateMachine.java:loadSnapshot(262)) - group-B8D710D554B9: The snapshot info is null. Setting the last applied indexto:(t:0, i:~)
2023-09-12 21:05:50,778 [f162601e-1a73-446f-bfff-b907124620c0-groupManagement] INFO  server.RaftServerConfigKeys (ConfUtils.java:logGet(46)) - raft.server.log.use.memory = false (default)
2023-09-12 21:05:50,778 [f162601e-1a73-446f-bfff-b907124620c0-groupManagement] INFO  server.RaftServerConfigKeys (ConfUtils.java:logGet(46)) - raft.server.log.purge.gap = 1000000 (custom)
2023-09-12 21:05:50,778 [f162601e-1a73-446f-bfff-b907124620c0-groupManagement] INFO  server.RaftServerConfigKeys (ConfUtils.java:logGet(46)) - raft.server.log.appender.buffer.byte-limit = 33554432 (custom)
2023-09-12 21:05:50,779 [f162601e-1a73-446f-bfff-b907124620c0-groupManagement] INFO  server.RaftServerConfigKeys (ConfUtils.java:logGet(46)) - raft.server.log.statemachine.data.read.timeout = 1000ms (default)
2023-09-12 21:05:50,779 [f162601e-1a73-446f-bfff-b907124620c0-groupManagement] INFO  server.RaftServerConfigKeys (ConfUtils.java:logGet(46)) - raft.server.log.purge.preservation.log.num = 0 (default)
2023-09-12 21:05:50,779 [f162601e-1a73-446f-bfff-b907124620c0-groupManagement] INFO  server.RaftServerConfigKeys (ConfUtils.java:logGet(46)) - raft.server.log.segment.size.max = 1048576 (custom)
2023-09-12 21:05:50,779 [f162601e-1a73-446f-bfff-b907124620c0-groupManagement] INFO  server.RaftServerConfigKeys (ConfUtils.java:logGet(46)) - raft.server.log.segment.cache.num.max = 2 (custom)
2023-09-12 21:05:50,779 [f162601e-1a73-446f-bfff-b907124620c0-groupManagement] INFO  server.RaftServerConfigKeys (ConfUtils.java:logGet(46)) - raft.server.log.segment.cache.size.max = 200MB (=209715200) (default)
2023-09-12 21:05:50,779 [f162601e-1a73-446f-bfff-b907124620c0-groupManagement] INFO  server.RaftServerConfigKeys (ConfUtils.java:logGet(46)) - raft.server.log.appender.buffer.byte-limit = 33554432 (custom)
2023-09-12 21:05:50,779 [f162601e-1a73-446f-bfff-b907124620c0-groupManagement] INFO  segmented.SegmentedRaftLogWorker (SegmentedRaftLogWorker.java:<init>(188)) - new f162601e-1a73-446f-bfff-b907124620c0@group-B8D710D554B9-SegmentedRaftLogWorker for RaftStorageImpl:Storage Directory /home/runner/work/ozone/ozone/hadoop-ozone/integration-test/target/test-dir/MiniOzoneClusterImpl-0f4e02f1-3148-4106-9850-9963db652c57/datanode-2/data/ratis/3e980352-d34e-428c-b05e-b8d710d554b9
2023-09-12 21:05:50,779 [f162601e-1a73-446f-bfff-b907124620c0-groupManagement] INFO  server.RaftServerConfigKeys (ConfUtils.java:logGet(46)) - raft.server.log.queue.byte-limit = 4294967296 (custom)
2023-09-12 21:05:50,779 [f162601e-1a73-446f-bfff-b907124620c0-groupManagement] INFO  server.RaftServerConfigKeys (ConfUtils.java:logGet(46)) - raft.server.log.queue.element-limit = 1024 (custom)
2023-09-12 21:05:50,779 [f162601e-1a73-446f-bfff-b907124620c0-groupManagement] INFO  server.RaftServerConfigKeys (ConfUtils.java:logGet(46)) - raft.server.log.segment.size.max = 1048576 (custom)
2023-09-12 21:05:50,779 [f162601e-1a73-446f-bfff-b907124620c0-groupManagement] INFO  server.RaftServerConfigKeys (ConfUtils.java:logGet(46)) - raft.server.log.preallocated.size = 16384 (custom)
2023-09-12 21:05:50,779 [f162601e-1a73-446f-bfff-b907124620c0-groupManagement] INFO  server.RaftServerConfigKeys (ConfUtils.java:logGet(46)) - raft.server.log.force.sync.num = 128 (default)
2023-09-12 21:05:50,779 [f162601e-1a73-446f-bfff-b907124620c0-groupManagement] INFO  server.RaftServerConfigKeys (ConfUtils.java:logGet(46)) - raft.server.log.statemachine.data.sync = true (default)
2023-09-12 21:05:50,779 [f162601e-1a73-446f-bfff-b907124620c0-groupManagement] INFO  server.RaftServerConfigKeys (ConfUtils.java:logGet(46)) - raft.server.log.statemachine.data.sync.timeout = 10s (default)
2023-09-12 21:05:50,780 [f162601e-1a73-446f-bfff-b907124620c0-groupManagement] INFO  server.RaftServerConfigKeys (ConfUtils.java:logGet(46)) - raft.server.log.statemachine.data.sync.timeout.retry = -1 (default)
2023-09-12 21:05:50,780 [f162601e-1a73-446f-bfff-b907124620c0-groupManagement] INFO  server.RaftServerConfigKeys (ConfUtils.java:logGet(46)) - raft.server.log.write.buffer.size = 1048576 (custom)
2023-09-12 21:05:50,781 [f162601e-1a73-446f-bfff-b907124620c0-groupManagement] INFO  server.RaftServerConfigKeys (ConfUtils.java:logGet(46)) - raft.server.log.appender.buffer.byte-limit = 33554432 (custom)
2023-09-12 21:05:50,786 [EventQueue-PipelineReportForPipelineReportHandler] INFO  pipeline.PipelineReportHandler (PipelineReportHandler.java:processPipelineReport(136)) - Opened pipeline PipelineID=3e980352-d34e-428c-b05e-b8d710d554b9
2023-09-12 21:05:50,786 [EventQueue-OpenPipelineForHealthyPipelineSafeModeRule] INFO  safemode.SCMSafeModeManager (HealthyPipelineSafeModeRule.java:process(137)) - SCM in safe mode. Healthy pipelines reported count is 0, required healthy pipeline reported count is 1
2023-09-12 21:05:50,789 [f162601e-1a73-446f-bfff-b907124620c0-groupManagement] INFO  server.RaftServerConfigKeys (ConfUtils.java:logGet(46)) - raft.server.log.unsafe-flush.enabled = false (default)
2023-09-12 21:05:50,789 [f162601e-1a73-446f-bfff-b907124620c0-groupManagement] INFO  server.RaftServerConfigKeys (ConfUtils.java:logGet(46)) - raft.server.log.async-flush.enabled = false (default)
2023-09-12 21:05:50,789 [f162601e-1a73-446f-bfff-b907124620c0-groupManagement] INFO  server.RaftServerConfigKeys (ConfUtils.java:logGet(46)) - raft.server.log.statemachine.data.caching.enabled = true (custom)
2023-09-12 21:05:50,789 [f162601e-1a73-446f-bfff-b907124620c0-groupManagement] INFO  segmented.SegmentedRaftLogWorker (SegmentedRaftLogWorker.java:lambda$new$0(135)) - f162601e-1a73-446f-bfff-b907124620c0@group-B8D710D554B9-SegmentedRaftLogWorker: flushIndex: setUnconditionally 0 -> -1
2023-09-12 21:05:50,789 [f162601e-1a73-446f-bfff-b907124620c0-groupManagement] INFO  segmented.SegmentedRaftLogWorker (SegmentedRaftLogWorker.java:lambda$new$0(135)) - f162601e-1a73-446f-bfff-b907124620c0@group-B8D710D554B9-SegmentedRaftLogWorker: safeCacheEvictIndex: setUnconditionally 0 -> -1
2023-09-12 21:05:50,791 [f162601e-1a73-446f-bfff-b907124620c0-groupManagement] INFO  server.RaftServer$Division (RaftServerImpl.java:start(342)) - f162601e-1a73-446f-bfff-b907124620c0@group-B8D710D554B9: start as a follower, conf=-1: peers:[f162601e-1a73-446f-bfff-b907124620c0|rpc:10.1.0.4:15032|admin:10.1.0.4:15031|client:10.1.0.4:15030|dataStream:10.1.0.4:15033|priority:1|startupRole:FOLLOWER]|listeners:[], old=null
2023-09-12 21:05:50,791 [f162601e-1a73-446f-bfff-b907124620c0-groupManagement] INFO  server.RaftServer$Division (RaftServerImpl.java:setRole(329)) - f162601e-1a73-446f-bfff-b907124620c0@group-B8D710D554B9: changes role from      null to FOLLOWER at term 0 for startAsFollower
2023-09-12 21:05:50,791 [f162601e-1a73-446f-bfff-b907124620c0-groupManagement] INFO  impl.RoleInfo (RoleInfo.java:updateAndGet(139)) - f162601e-1a73-446f-bfff-b907124620c0: start f162601e-1a73-446f-bfff-b907124620c0@group-B8D710D554B9-FollowerState
2023-09-12 21:05:50,795 [f162601e-1a73-446f-bfff-b907124620c0-groupManagement] INFO  util.JmxRegister (JmxRegister.java:tryRegister(44)) - Successfully registered JMX Bean with object name Ratis:service=RaftServer,group=group-B8D710D554B9,id=f162601e-1a73-446f-bfff-b907124620c0
2023-09-12 21:05:50,795 [f162601e-1a73-446f-bfff-b907124620c0-groupManagement] INFO  server.RaftServerConfigKeys (ConfUtils.java:logGet(46)) - raft.server.snapshot.auto.trigger.enabled = true (custom)
2023-09-12 21:05:50,795 [f162601e-1a73-446f-bfff-b907124620c0-groupManagement] INFO  server.RaftServerConfigKeys (ConfUtils.java:logGet(46)) - raft.server.snapshot.auto.trigger.threshold = 10000 (custom)
2023-09-12 21:05:50,795 [f162601e-1a73-446f-bfff-b907124620c0-groupManagement] INFO  server.RaftServerConfigKeys (ConfUtils.java:logGet(46)) - raft.server.snapshot.retention.file.num = 5 (custom)
2023-09-12 21:05:50,795 [f162601e-1a73-446f-bfff-b907124620c0-groupManagement] INFO  server.RaftServerConfigKeys (ConfUtils.java:logGet(46)) - raft.server.log.purge.upto.snapshot.index = false (default)
2023-09-12 21:05:50,795 [f162601e-1a73-446f-bfff-b907124620c0@group-B8D710D554B9-FollowerState] INFO  server.RaftServerConfigKeys (ConfUtils.java:logFallback(53)) - raft.server.rpc.first-election.timeout.min = 5s (fallback to raft.server.rpc.timeout.min)
2023-09-12 21:05:50,795 [f162601e-1a73-446f-bfff-b907124620c0@group-B8D710D554B9-FollowerState] INFO  server.RaftServerConfigKeys (ConfUtils.java:logFallback(53)) - raft.server.rpc.first-election.timeout.max = 5200ms (fallback to raft.server.rpc.timeout.max)
2023-09-12 21:05:50,796 [PipelineCommandHandlerThread-0] INFO  ratis.XceiverServerRatis (XceiverServerRatis.java:addGroup(804)) - Created group PipelineID=3e980352-d34e-428c-b05e-b8d710d554b9
2023-09-12 21:05:50,797 [PipelineCommandHandlerThread-0] INFO  commandhandler.CreatePipelineCommandHandler (CreatePipelineCommandHandler.java:lambda$handle$2(124)) - Created Pipeline RATIS ONE PipelineID=3e980352-d34e-428c-b05e-b8d710d554b9.
2023-09-12 21:05:50,797 [PipelineCommandHandlerThread-0] INFO  server.RaftServer (RaftServerProxy.java:addNew(98)) - f162601e-1a73-446f-bfff-b907124620c0: addNew group-2E8FA51024FB:[9ece4d1d-2112-49ce-a0f9-c544e683daa2|rpc:10.1.0.4:15014|admin:10.1.0.4:15013|client:10.1.0.4:15012|dataStream:10.1.0.4:15015|priority:1|startupRole:FOLLOWER, 0c20a109-2ea1-4d97-ad73-cac537996a23|rpc:10.1.0.4:15023|admin:10.1.0.4:15022|client:10.1.0.4:15021|dataStream:10.1.0.4:15024|priority:0|startupRole:FOLLOWER, f162601e-1a73-446f-bfff-b907124620c0|rpc:10.1.0.4:15032|admin:10.1.0.4:15031|client:10.1.0.4:15030|dataStream:10.1.0.4:15033|priority:0|startupRole:FOLLOWER] returns group-2E8FA51024FB:java.util.concurrent.CompletableFuture@47b025f5[Not completed]
2023-09-12 21:05:50,800 [f162601e-1a73-446f-bfff-b907124620c0-groupManagement] INFO  server.RaftServer$Division (RaftServerImpl.java:<init>(198)) - f162601e-1a73-446f-bfff-b907124620c0: new RaftServerImpl for group-2E8FA51024FB:[9ece4d1d-2112-49ce-a0f9-c544e683daa2|rpc:10.1.0.4:15014|admin:10.1.0.4:15013|client:10.1.0.4:15012|dataStream:10.1.0.4:15015|priority:1|startupRole:FOLLOWER, 0c20a109-2ea1-4d97-ad73-cac537996a23|rpc:10.1.0.4:15023|admin:10.1.0.4:15022|client:10.1.0.4:15021|dataStream:10.1.0.4:15024|priority:0|startupRole:FOLLOWER, f162601e-1a73-446f-bfff-b907124620c0|rpc:10.1.0.4:15032|admin:10.1.0.4:15031|client:10.1.0.4:15030|dataStream:10.1.0.4:15033|priority:0|startupRole:FOLLOWER] with ContainerStateMachine:uninitialized
2023-09-12 21:05:50,800 [f162601e-1a73-446f-bfff-b907124620c0-groupManagement] INFO  server.RaftServerConfigKeys (ConfUtils.java:logGet(46)) - raft.server.rpc.timeout.min = 5s (custom)
2023-09-12 21:05:50,800 [f162601e-1a73-446f-bfff-b907124620c0-groupManagement] INFO  server.RaftServerConfigKeys (ConfUtils.java:logGet(46)) - raft.server.rpc.timeout.max = 5200ms (custom)
2023-09-12 21:05:50,800 [f162601e-1a73-446f-bfff-b907124620c0-groupManagement] INFO  server.RaftServerConfigKeys (ConfUtils.java:logGet(46)) - raft.server.rpc.sleep.time = 25ms (default)
2023-09-12 21:05:50,800 [f162601e-1a73-446f-bfff-b907124620c0-groupManagement] INFO  server.RaftServerConfigKeys (ConfUtils.java:logGet(46)) - raft.server.rpc.slowness.timeout = 300000ms (custom)
2023-09-12 21:05:50,800 [f162601e-1a73-446f-bfff-b907124620c0-groupManagement] INFO  server.RaftServerConfigKeys (ConfUtils.java:logGet(46)) - raft.server.leaderelection.leader.step-down.wait-time = 10s (default)
2023-09-12 21:05:50,800 [f162601e-1a73-446f-bfff-b907124620c0-groupManagement] INFO  server.RaftServerConfigKeys (ConfUtils.java:logGet(46)) - raft.server.sleep.deviation.threshold = 300ms (default)
2023-09-12 21:05:50,800 [f162601e-1a73-446f-bfff-b907124620c0-groupManagement] INFO  server.RaftServer$Division (ServerState.java:<init>(120)) - f162601e-1a73-446f-bfff-b907124620c0@group-2E8FA51024FB: ConfigurationManager, init=-1: peers:[9ece4d1d-2112-49ce-a0f9-c544e683daa2|rpc:10.1.0.4:15014|admin:10.1.0.4:15013|client:10.1.0.4:15012|dataStream:10.1.0.4:15015|priority:1|startupRole:FOLLOWER, 0c20a109-2ea1-4d97-ad73-cac537996a23|rpc:10.1.0.4:15023|admin:10.1.0.4:15022|client:10.1.0.4:15021|dataStream:10.1.0.4:15024|priority:0|startupRole:FOLLOWER, f162601e-1a73-446f-bfff-b907124620c0|rpc:10.1.0.4:15032|admin:10.1.0.4:15031|client:10.1.0.4:15030|dataStream:10.1.0.4:15033|priority:0|startupRole:FOLLOWER]|listeners:[], old=null, confs=<EMPTY_MAP>
2023-09-12 21:05:50,800 [f162601e-1a73-446f-bfff-b907124620c0-groupManagement] INFO  server.RaftServerConfigKeys (ConfUtils.java:logGet(46)) - raft.server.storage.dir = [/home/runner/work/ozone/ozone/hadoop-ozone/integration-test/target/test-dir/MiniOzoneClusterImpl-0f4e02f1-3148-4106-9850-9963db652c57/datanode-2/data/ratis] (custom)
2023-09-12 21:05:50,808 [f162601e-1a73-446f-bfff-b907124620c0-groupManagement] INFO  server.RaftServerConfigKeys (ConfUtils.java:logGet(46)) - raft.server.log.corruption.policy = EXCEPTION (default)
2023-09-12 21:05:50,808 [f162601e-1a73-446f-bfff-b907124620c0-groupManagement] INFO  server.RaftServerConfigKeys (ConfUtils.java:logGet(46)) - raft.server.storage.free-space.min = 0MB (=0) (default)
2023-09-12 21:05:50,808 [f162601e-1a73-446f-bfff-b907124620c0-groupManagement] INFO  server.RaftServerConfigKeys (ConfUtils.java:logGet(46)) - raft.server.notification.no-leader.timeout = 300000ms (custom)
2023-09-12 21:05:50,808 [f162601e-1a73-446f-bfff-b907124620c0-groupManagement] INFO  server.RaftServerConfigKeys (ConfUtils.java:logGet(46)) - raft.server.read.timeout = 10s (default)
2023-09-12 21:05:50,808 [f162601e-1a73-446f-bfff-b907124620c0-groupManagement] INFO  server.RaftServerConfigKeys (ConfUtils.java:logGet(46)) - raft.server.retrycache.expirytime = 600000ms (custom)
2023-09-12 21:05:50,808 [f162601e-1a73-446f-bfff-b907124620c0-groupManagement] INFO  server.RaftServerConfigKeys (ConfUtils.java:logGet(46)) - raft.server.retrycache.statistics.expirytime = 100μs (default)
2023-09-12 21:05:50,809 [f162601e-1a73-446f-bfff-b907124620c0-groupManagement] INFO  server.RaftServerConfigKeys (ConfUtils.java:logGet(46)) - raft.server.read.option = DEFAULT (default)
2023-09-12 21:05:50,810 [f162601e-1a73-446f-bfff-b907124620c0-groupManagement] INFO  server.RaftServerConfigKeys (ConfUtils.java:logGet(46)) - raft.server.rpc.request.timeout = 3000ms (default)
2023-09-12 21:05:50,810 [f162601e-1a73-446f-bfff-b907124620c0-groupManagement] INFO  server.RaftServerConfigKeys (ConfUtils.java:logGet(46)) - raft.server.log.appender.install.snapshot.enabled = false (custom)
2023-09-12 21:05:50,810 [f162601e-1a73-446f-bfff-b907124620c0-groupManagement] INFO  server.RaftServerConfigKeys (ConfUtils.java:logGet(46)) - raft.server.threadpool.server.cached = true (default)
2023-09-12 21:05:50,810 [f162601e-1a73-446f-bfff-b907124620c0-groupManagement] INFO  server.RaftServerConfigKeys (ConfUtils.java:logGet(46)) - raft.server.threadpool.server.size = 0 (default)
2023-09-12 21:05:50,810 [f162601e-1a73-446f-bfff-b907124620c0-groupManagement] INFO  server.RaftServerConfigKeys (ConfUtils.java:logGet(46)) - raft.server.threadpool.client.cached = true (default)
2023-09-12 21:05:50,810 [f162601e-1a73-446f-bfff-b907124620c0-groupManagement] INFO  server.RaftServerConfigKeys (ConfUtils.java:logGet(46)) - raft.server.threadpool.client.size = 0 (default)
2023-09-12 21:05:50,810 [f162601e-1a73-446f-bfff-b907124620c0-groupManagement] INFO  storage.RaftStorageDirectory (RaftStorageDirectoryImpl.java:analyzeStorage(137)) - The storage directory /home/runner/work/ozone/ozone/hadoop-ozone/integration-test/target/test-dir/MiniOzoneClusterImpl-0f4e02f1-3148-4106-9850-9963db652c57/datanode-2/data/ratis/7e4cc134-007f-4413-b7c4-2e8fa51024fb does not exist. Creating ...
2023-09-12 21:05:50,812 [f162601e-1a73-446f-bfff-b907124620c0-groupManagement] INFO  storage.RaftStorageDirectory (RaftStorageDirectoryImpl.java:tryLock(231)) - Lock on /home/runner/work/ozone/ozone/hadoop-ozone/integration-test/target/test-dir/MiniOzoneClusterImpl-0f4e02f1-3148-4106-9850-9963db652c57/datanode-2/data/ratis/7e4cc134-007f-4413-b7c4-2e8fa51024fb/in_use.lock acquired by nodename 5540@fv-az740-690
2023-09-12 21:05:50,813 [f162601e-1a73-446f-bfff-b907124620c0-groupManagement] INFO  storage.RaftStorage (RaftStorageImpl.java:format(96)) - Storage directory /home/runner/work/ozone/ozone/hadoop-ozone/integration-test/target/test-dir/MiniOzoneClusterImpl-0f4e02f1-3148-4106-9850-9963db652c57/datanode-2/data/ratis/7e4cc134-007f-4413-b7c4-2e8fa51024fb has been successfully formatted.
2023-09-12 21:05:50,815 [f162601e-1a73-446f-bfff-b907124620c0-groupManagement] INFO  ratis.ContainerStateMachine (ContainerStateMachine.java:loadSnapshot(262)) - group-2E8FA51024FB: The snapshot info is null. Setting the last applied indexto:(t:0, i:~)
2023-09-12 21:05:50,815 [f162601e-1a73-446f-bfff-b907124620c0-groupManagement] INFO  server.RaftServerConfigKeys (ConfUtils.java:logGet(46)) - raft.server.log.use.memory = false (default)
2023-09-12 21:05:50,815 [f162601e-1a73-446f-bfff-b907124620c0-groupManagement] INFO  server.RaftServerConfigKeys (ConfUtils.java:logGet(46)) - raft.server.log.purge.gap = 1000000 (custom)
2023-09-12 21:05:50,815 [f162601e-1a73-446f-bfff-b907124620c0-groupManagement] INFO  server.RaftServerConfigKeys (ConfUtils.java:logGet(46)) - raft.server.log.appender.buffer.byte-limit = 33554432 (custom)
2023-09-12 21:05:50,815 [f162601e-1a73-446f-bfff-b907124620c0-groupManagement] INFO  server.RaftServerConfigKeys (ConfUtils.java:logGet(46)) - raft.server.log.statemachine.data.read.timeout = 1000ms (default)
2023-09-12 21:05:50,815 [f162601e-1a73-446f-bfff-b907124620c0-groupManagement] INFO  server.RaftServerConfigKeys (ConfUtils.java:logGet(46)) - raft.server.log.purge.preservation.log.num = 0 (default)
2023-09-12 21:05:50,815 [f162601e-1a73-446f-bfff-b907124620c0-groupManagement] INFO  server.RaftServerConfigKeys (ConfUtils.java:logGet(46)) - raft.server.log.segment.size.max = 1048576 (custom)
2023-09-12 21:05:50,816 [f162601e-1a73-446f-bfff-b907124620c0-groupManagement] INFO  server.RaftServerConfigKeys (ConfUtils.java:logGet(46)) - raft.server.log.segment.cache.num.max = 2 (custom)
2023-09-12 21:05:50,816 [f162601e-1a73-446f-bfff-b907124620c0-groupManagement] INFO  server.RaftServerConfigKeys (ConfUtils.java:logGet(46)) - raft.server.log.segment.cache.size.max = 200MB (=209715200) (default)
2023-09-12 21:05:50,816 [f162601e-1a73-446f-bfff-b907124620c0-groupManagement] INFO  server.RaftServerConfigKeys (ConfUtils.java:logGet(46)) - raft.server.log.appender.buffer.byte-limit = 33554432 (custom)
2023-09-12 21:05:50,816 [f162601e-1a73-446f-bfff-b907124620c0-groupManagement] INFO  segmented.SegmentedRaftLogWorker (SegmentedRaftLogWorker.java:<init>(188)) - new f162601e-1a73-446f-bfff-b907124620c0@group-2E8FA51024FB-SegmentedRaftLogWorker for RaftStorageImpl:Storage Directory /home/runner/work/ozone/ozone/hadoop-ozone/integration-test/target/test-dir/MiniOzoneClusterImpl-0f4e02f1-3148-4106-9850-9963db652c57/datanode-2/data/ratis/7e4cc134-007f-4413-b7c4-2e8fa51024fb
2023-09-12 21:05:50,816 [f162601e-1a73-446f-bfff-b907124620c0-groupManagement] INFO  server.RaftServerConfigKeys (ConfUtils.java:logGet(46)) - raft.server.log.queue.byte-limit = 4294967296 (custom)
2023-09-12 21:05:50,816 [f162601e-1a73-446f-bfff-b907124620c0-groupManagement] INFO  server.RaftServerConfigKeys (ConfUtils.java:logGet(46)) - raft.server.log.queue.element-limit = 1024 (custom)
2023-09-12 21:05:50,816 [f162601e-1a73-446f-bfff-b907124620c0-groupManagement] INFO  server.RaftServerConfigKeys (ConfUtils.java:logGet(46)) - raft.server.log.segment.size.max = 1048576 (custom)
2023-09-12 21:05:50,816 [f162601e-1a73-446f-bfff-b907124620c0-groupManagement] INFO  server.RaftServerConfigKeys (ConfUtils.java:logGet(46)) - raft.server.log.preallocated.size = 16384 (custom)
2023-09-12 21:05:50,816 [f162601e-1a73-446f-bfff-b907124620c0-groupManagement] INFO  server.RaftServerConfigKeys (ConfUtils.java:logGet(46)) - raft.server.log.force.sync.num = 128 (default)
2023-09-12 21:05:50,816 [f162601e-1a73-446f-bfff-b907124620c0-groupManagement] INFO  server.RaftServerConfigKeys (ConfUtils.java:logGet(46)) - raft.server.log.statemachine.data.sync = true (default)
2023-09-12 21:05:50,816 [f162601e-1a73-446f-bfff-b907124620c0-groupManagement] INFO  server.RaftServerConfigKeys (ConfUtils.java:logGet(46)) - raft.server.log.statemachine.data.sync.timeout = 10s (default)
2023-09-12 21:05:50,816 [f162601e-1a73-446f-bfff-b907124620c0-groupManagement] INFO  server.RaftServerConfigKeys (ConfUtils.java:logGet(46)) - raft.server.log.statemachine.data.sync.timeout.retry = -1 (default)
2023-09-12 21:05:50,817 [f162601e-1a73-446f-bfff-b907124620c0-groupManagement] INFO  server.RaftServerConfigKeys (ConfUtils.java:logGet(46)) - raft.server.log.write.buffer.size = 1048576 (custom)
2023-09-12 21:05:50,817 [f162601e-1a73-446f-bfff-b907124620c0-groupManagement] INFO  server.RaftServerConfigKeys (ConfUtils.java:logGet(46)) - raft.server.log.appender.buffer.byte-limit = 33554432 (custom)
2023-09-12 21:05:50,821 [f162601e-1a73-446f-bfff-b907124620c0-groupManagement] INFO  server.RaftServerConfigKeys (ConfUtils.java:logGet(46)) - raft.server.log.unsafe-flush.enabled = false (default)
2023-09-12 21:05:50,821 [f162601e-1a73-446f-bfff-b907124620c0-groupManagement] INFO  server.RaftServerConfigKeys (ConfUtils.java:logGet(46)) - raft.server.log.async-flush.enabled = false (default)
2023-09-12 21:05:50,821 [f162601e-1a73-446f-bfff-b907124620c0-groupManagement] INFO  server.RaftServerConfigKeys (ConfUtils.java:logGet(46)) - raft.server.log.statemachine.data.caching.enabled = true (custom)
2023-09-12 21:05:50,821 [f162601e-1a73-446f-bfff-b907124620c0-groupManagement] INFO  segmented.SegmentedRaftLogWorker (SegmentedRaftLogWorker.java:lambda$new$0(135)) - f162601e-1a73-446f-bfff-b907124620c0@group-2E8FA51024FB-SegmentedRaftLogWorker: flushIndex: setUnconditionally 0 -> -1
2023-09-12 21:05:50,821 [f162601e-1a73-446f-bfff-b907124620c0-groupManagement] INFO  segmented.SegmentedRaftLogWorker (SegmentedRaftLogWorker.java:lambda$new$0(135)) - f162601e-1a73-446f-bfff-b907124620c0@group-2E8FA51024FB-SegmentedRaftLogWorker: safeCacheEvictIndex: setUnconditionally 0 -> -1
2023-09-12 21:05:50,821 [f162601e-1a73-446f-bfff-b907124620c0-groupManagement] INFO  server.RaftServer$Division (RaftServerImpl.java:start(342)) - f162601e-1a73-446f-bfff-b907124620c0@group-2E8FA51024FB: start as a follower, conf=-1: peers:[9ece4d1d-2112-49ce-a0f9-c544e683daa2|rpc:10.1.0.4:15014|admin:10.1.0.4:15013|client:10.1.0.4:15012|dataStream:10.1.0.4:15015|priority:1|startupRole:FOLLOWER, 0c20a109-2ea1-4d97-ad73-cac537996a23|rpc:10.1.0.4:15023|admin:10.1.0.4:15022|client:10.1.0.4:15021|dataStream:10.1.0.4:15024|priority:0|startupRole:FOLLOWER, f162601e-1a73-446f-bfff-b907124620c0|rpc:10.1.0.4:15032|admin:10.1.0.4:15031|client:10.1.0.4:15030|dataStream:10.1.0.4:15033|priority:0|startupRole:FOLLOWER]|listeners:[], old=null
2023-09-12 21:05:50,821 [f162601e-1a73-446f-bfff-b907124620c0-groupManagement] INFO  server.RaftServer$Division (RaftServerImpl.java:setRole(329)) - f162601e-1a73-446f-bfff-b907124620c0@group-2E8FA51024FB: changes role from      null to FOLLOWER at term 0 for startAsFollower
2023-09-12 21:05:50,821 [f162601e-1a73-446f-bfff-b907124620c0-groupManagement] INFO  impl.RoleInfo (RoleInfo.java:updateAndGet(139)) - f162601e-1a73-446f-bfff-b907124620c0: start f162601e-1a73-446f-bfff-b907124620c0@group-2E8FA51024FB-FollowerState
2023-09-12 21:05:50,821 [f162601e-1a73-446f-bfff-b907124620c0-groupManagement] INFO  util.JmxRegister (JmxRegister.java:tryRegister(44)) - Successfully registered JMX Bean with object name Ratis:service=RaftServer,group=group-2E8FA51024FB,id=f162601e-1a73-446f-bfff-b907124620c0
2023-09-12 21:05:50,822 [f162601e-1a73-446f-bfff-b907124620c0-groupManagement] INFO  server.RaftServerConfigKeys (ConfUtils.java:logGet(46)) - raft.server.snapshot.auto.trigger.enabled = true (custom)
2023-09-12 21:05:50,822 [f162601e-1a73-446f-bfff-b907124620c0-groupManagement] INFO  server.RaftServerConfigKeys (ConfUtils.java:logGet(46)) - raft.server.snapshot.auto.trigger.threshold = 10000 (custom)
2023-09-12 21:05:50,822 [f162601e-1a73-446f-bfff-b907124620c0-groupManagement] INFO  server.RaftServerConfigKeys (ConfUtils.java:logGet(46)) - raft.server.snapshot.retention.file.num = 5 (custom)
2023-09-12 21:05:50,822 [f162601e-1a73-446f-bfff-b907124620c0-groupManagement] INFO  server.RaftServerConfigKeys (ConfUtils.java:logGet(46)) - raft.server.log.purge.upto.snapshot.index = false (default)
2023-09-12 21:05:50,822 [f162601e-1a73-446f-bfff-b907124620c0@group-2E8FA51024FB-FollowerState] INFO  server.RaftServerConfigKeys (ConfUtils.java:logFallback(53)) - raft.server.rpc.first-election.timeout.min = 5s (fallback to raft.server.rpc.timeout.min)
2023-09-12 21:05:50,825 [f162601e-1a73-446f-bfff-b907124620c0@group-2E8FA51024FB-FollowerState] INFO  server.RaftServerConfigKeys (ConfUtils.java:logFallback(53)) - raft.server.rpc.first-election.timeout.max = 5200ms (fallback to raft.server.rpc.timeout.max)
2023-09-12 21:05:50,825 [PipelineCommandHandlerThread-0] INFO  commandhandler.CreatePipelineCommandHandler (CreatePipelineCommandHandler.java:lambda$handle$2(124)) - Created Pipeline RATIS THREE PipelineID=47f9dee4-0f52-4053-a48b-5878589fb01c.
2023-09-12 21:05:50,825 [PipelineCommandHandlerThread-0] INFO  server.RaftServer (RaftServerProxy.java:addNew(98)) - 9ece4d1d-2112-49ce-a0f9-c544e683daa2: addNew group-2E8FA51024FB:[9ece4d1d-2112-49ce-a0f9-c544e683daa2|rpc:10.1.0.4:15014|admin:10.1.0.4:15013|client:10.1.0.4:15012|dataStream:10.1.0.4:15015|priority:1|startupRole:FOLLOWER, 0c20a109-2ea1-4d97-ad73-cac537996a23|rpc:10.1.0.4:15023|admin:10.1.0.4:15022|client:10.1.0.4:15021|dataStream:10.1.0.4:15024|priority:0|startupRole:FOLLOWER, f162601e-1a73-446f-bfff-b907124620c0|rpc:10.1.0.4:15032|admin:10.1.0.4:15031|client:10.1.0.4:15030|dataStream:10.1.0.4:15033|priority:0|startupRole:FOLLOWER] returns group-2E8FA51024FB:java.util.concurrent.CompletableFuture@7dc78357[Not completed]
2023-09-12 21:05:50,826 [PipelineCommandHandlerThread-0] INFO  ratis.XceiverServerRatis (XceiverServerRatis.java:addGroup(804)) - Created group PipelineID=7e4cc134-007f-4413-b7c4-2e8fa51024fb
2023-09-12 21:05:50,826 [9ece4d1d-2112-49ce-a0f9-c544e683daa2-groupManagement] INFO  server.RaftServer$Division (RaftServerImpl.java:<init>(198)) - 9ece4d1d-2112-49ce-a0f9-c544e683daa2: new RaftServerImpl for group-2E8FA51024FB:[9ece4d1d-2112-49ce-a0f9-c544e683daa2|rpc:10.1.0.4:15014|admin:10.1.0.4:15013|client:10.1.0.4:15012|dataStream:10.1.0.4:15015|priority:1|startupRole:FOLLOWER, 0c20a109-2ea1-4d97-ad73-cac537996a23|rpc:10.1.0.4:15023|admin:10.1.0.4:15022|client:10.1.0.4:15021|dataStream:10.1.0.4:15024|priority:0|startupRole:FOLLOWER, f162601e-1a73-446f-bfff-b907124620c0|rpc:10.1.0.4:15032|admin:10.1.0.4:15031|client:10.1.0.4:15030|dataStream:10.1.0.4:15033|priority:0|startupRole:FOLLOWER] with ContainerStateMachine:uninitialized
2023-09-12 21:05:50,831 [9ece4d1d-2112-49ce-a0f9-c544e683daa2-groupManagement] INFO  server.RaftServerConfigKeys (ConfUtils.java:logGet(46)) - raft.server.rpc.timeout.min = 5s (custom)
2023-09-12 21:05:50,831 [9ece4d1d-2112-49ce-a0f9-c544e683daa2-groupManagement] INFO  server.RaftServerConfigKeys (ConfUtils.java:logGet(46)) - raft.server.rpc.timeout.max = 5200ms (custom)
2023-09-12 21:05:50,831 [9ece4d1d-2112-49ce-a0f9-c544e683daa2-groupManagement] INFO  server.RaftServerConfigKeys (ConfUtils.java:logGet(46)) - raft.server.rpc.sleep.time = 25ms (default)
2023-09-12 21:05:50,831 [9ece4d1d-2112-49ce-a0f9-c544e683daa2-groupManagement] INFO  server.RaftServerConfigKeys (ConfUtils.java:logGet(46)) - raft.server.rpc.slowness.timeout = 300000ms (custom)
2023-09-12 21:05:50,831 [9ece4d1d-2112-49ce-a0f9-c544e683daa2-groupManagement] INFO  server.RaftServerConfigKeys (ConfUtils.java:logGet(46)) - raft.server.leaderelection.leader.step-down.wait-time = 10s (default)
2023-09-12 21:05:50,831 [9ece4d1d-2112-49ce-a0f9-c544e683daa2-groupManagement] INFO  server.RaftServerConfigKeys (ConfUtils.java:logGet(46)) - raft.server.sleep.deviation.threshold = 300ms (default)
2023-09-12 21:05:50,831 [9ece4d1d-2112-49ce-a0f9-c544e683daa2-groupManagement] INFO  server.RaftServer$Division (ServerState.java:<init>(120)) - 9ece4d1d-2112-49ce-a0f9-c544e683daa2@group-2E8FA51024FB: ConfigurationManager, init=-1: peers:[9ece4d1d-2112-49ce-a0f9-c544e683daa2|rpc:10.1.0.4:15014|admin:10.1.0.4:15013|client:10.1.0.4:15012|dataStream:10.1.0.4:15015|priority:1|startupRole:FOLLOWER, 0c20a109-2ea1-4d97-ad73-cac537996a23|rpc:10.1.0.4:15023|admin:10.1.0.4:15022|client:10.1.0.4:15021|dataStream:10.1.0.4:15024|priority:0|startupRole:FOLLOWER, f162601e-1a73-446f-bfff-b907124620c0|rpc:10.1.0.4:15032|admin:10.1.0.4:15031|client:10.1.0.4:15030|dataStream:10.1.0.4:15033|priority:0|startupRole:FOLLOWER]|listeners:[], old=null, confs=<EMPTY_MAP>
2023-09-12 21:05:50,831 [9ece4d1d-2112-49ce-a0f9-c544e683daa2-groupManagement] INFO  server.RaftServerConfigKeys (ConfUtils.java:logGet(46)) - raft.server.storage.dir = [/home/runner/work/ozone/ozone/hadoop-ozone/integration-test/target/test-dir/MiniOzoneClusterImpl-0f4e02f1-3148-4106-9850-9963db652c57/datanode-0/data/ratis] (custom)
2023-09-12 21:05:50,831 [9ece4d1d-2112-49ce-a0f9-c544e683daa2-groupManagement] INFO  server.RaftServerConfigKeys (ConfUtils.java:logGet(46)) - raft.server.log.corruption.policy = EXCEPTION (default)
2023-09-12 21:05:50,831 [9ece4d1d-2112-49ce-a0f9-c544e683daa2-groupManagement] INFO  server.RaftServerConfigKeys (ConfUtils.java:logGet(46)) - raft.server.storage.free-space.min = 0MB (=0) (default)
2023-09-12 21:05:50,831 [9ece4d1d-2112-49ce-a0f9-c544e683daa2-groupManagement] INFO  server.RaftServerConfigKeys (ConfUtils.java:logGet(46)) - raft.server.notification.no-leader.timeout = 300000ms (custom)
2023-09-12 21:05:50,831 [9ece4d1d-2112-49ce-a0f9-c544e683daa2-groupManagement] INFO  server.RaftServerConfigKeys (ConfUtils.java:logGet(46)) - raft.server.read.timeout = 10s (default)
2023-09-12 21:05:50,831 [9ece4d1d-2112-49ce-a0f9-c544e683daa2-groupManagement] INFO  server.RaftServerConfigKeys (ConfUtils.java:logGet(46)) - raft.server.retrycache.expirytime = 600000ms (custom)
2023-09-12 21:05:50,831 [9ece4d1d-2112-49ce-a0f9-c544e683daa2-groupManagement] INFO  server.RaftServerConfigKeys (ConfUtils.java:logGet(46)) - raft.server.retrycache.statistics.expirytime = 100μs (default)
2023-09-12 21:05:50,831 [9ece4d1d-2112-49ce-a0f9-c544e683daa2-groupManagement] INFO  server.RaftServerConfigKeys (ConfUtils.java:logGet(46)) - raft.server.read.option = DEFAULT (default)
2023-09-12 21:05:50,832 [9ece4d1d-2112-49ce-a0f9-c544e683daa2-groupManagement] INFO  server.RaftServerConfigKeys (ConfUtils.java:logGet(46)) - raft.server.rpc.request.timeout = 3000ms (default)
2023-09-12 21:05:50,832 [9ece4d1d-2112-49ce-a0f9-c544e683daa2-groupManagement] INFO  server.RaftServerConfigKeys (ConfUtils.java:logGet(46)) - raft.server.log.appender.install.snapshot.enabled = false (custom)
2023-09-12 21:05:50,832 [9ece4d1d-2112-49ce-a0f9-c544e683daa2-groupManagement] INFO  server.RaftServerConfigKeys (ConfUtils.java:logGet(46)) - raft.server.threadpool.server.cached = true (default)
2023-09-12 21:05:50,832 [9ece4d1d-2112-49ce-a0f9-c544e683daa2-groupManagement] INFO  server.RaftServerConfigKeys (ConfUtils.java:logGet(46)) - raft.server.threadpool.server.size = 0 (default)
2023-09-12 21:05:50,832 [9ece4d1d-2112-49ce-a0f9-c544e683daa2-groupManagement] INFO  server.RaftServerConfigKeys (ConfUtils.java:logGet(46)) - raft.server.threadpool.client.cached = true (default)
2023-09-12 21:05:50,832 [9ece4d1d-2112-49ce-a0f9-c544e683daa2-groupManagement] INFO  server.RaftServerConfigKeys (ConfUtils.java:logGet(46)) - raft.server.threadpool.client.size = 0 (default)
2023-09-12 21:05:50,833 [9ece4d1d-2112-49ce-a0f9-c544e683daa2-groupManagement] INFO  storage.RaftStorageDirectory (RaftStorageDirectoryImpl.java:analyzeStorage(137)) - The storage directory /home/runner/work/ozone/ozone/hadoop-ozone/integration-test/target/test-dir/MiniOzoneClusterImpl-0f4e02f1-3148-4106-9850-9963db652c57/datanode-0/data/ratis/7e4cc134-007f-4413-b7c4-2e8fa51024fb does not exist. Creating ...
2023-09-12 21:05:50,826 [EventQueue-OpenPipelineForHealthyPipelineSafeModeRule] INFO  safemode.SCMSafeModeManager (HealthyPipelineSafeModeRule.java:process(137)) - SCM in safe mode. Healthy pipelines reported count is 0, required healthy pipeline reported count is 1
2023-09-12 21:05:50,837 [9ece4d1d-2112-49ce-a0f9-c544e683daa2-groupManagement] INFO  storage.RaftStorageDirectory (RaftStorageDirectoryImpl.java:tryLock(231)) - Lock on /home/runner/work/ozone/ozone/hadoop-ozone/integration-test/target/test-dir/MiniOzoneClusterImpl-0f4e02f1-3148-4106-9850-9963db652c57/datanode-0/data/ratis/7e4cc134-007f-4413-b7c4-2e8fa51024fb/in_use.lock acquired by nodename 5540@fv-az740-690
2023-09-12 21:05:50,838 [9ece4d1d-2112-49ce-a0f9-c544e683daa2-groupManagement] INFO  storage.RaftStorage (RaftStorageImpl.java:format(96)) - Storage directory /home/runner/work/ozone/ozone/hadoop-ozone/integration-test/target/test-dir/MiniOzoneClusterImpl-0f4e02f1-3148-4106-9850-9963db652c57/datanode-0/data/ratis/7e4cc134-007f-4413-b7c4-2e8fa51024fb has been successfully formatted.
2023-09-12 21:05:50,844 [9ece4d1d-2112-49ce-a0f9-c544e683daa2-groupManagement] INFO  ratis.ContainerStateMachine (ContainerStateMachine.java:loadSnapshot(262)) - group-2E8FA51024FB: The snapshot info is null. Setting the last applied indexto:(t:0, i:~)
2023-09-12 21:05:50,844 [9ece4d1d-2112-49ce-a0f9-c544e683daa2-groupManagement] INFO  server.RaftServerConfigKeys (ConfUtils.java:logGet(46)) - raft.server.log.use.memory = false (default)
2023-09-12 21:05:50,844 [9ece4d1d-2112-49ce-a0f9-c544e683daa2-groupManagement] INFO  server.RaftServerConfigKeys (ConfUtils.java:logGet(46)) - raft.server.log.purge.gap = 1000000 (custom)
2023-09-12 21:05:50,844 [9ece4d1d-2112-49ce-a0f9-c544e683daa2-groupManagement] INFO  server.RaftServerConfigKeys (ConfUtils.java:logGet(46)) - raft.server.log.appender.buffer.byte-limit = 33554432 (custom)
2023-09-12 21:05:50,844 [9ece4d1d-2112-49ce-a0f9-c544e683daa2-groupManagement] INFO  server.RaftServerConfigKeys (ConfUtils.java:logGet(46)) - raft.server.log.statemachine.data.read.timeout = 1000ms (default)
2023-09-12 21:05:50,844 [9ece4d1d-2112-49ce-a0f9-c544e683daa2-groupManagement] INFO  server.RaftServerConfigKeys (ConfUtils.java:logGet(46)) - raft.server.log.purge.preservation.log.num = 0 (default)
2023-09-12 21:05:50,844 [9ece4d1d-2112-49ce-a0f9-c544e683daa2-groupManagement] INFO  server.RaftServerConfigKeys (ConfUtils.java:logGet(46)) - raft.server.log.segment.size.max = 1048576 (custom)
2023-09-12 21:05:50,845 [9ece4d1d-2112-49ce-a0f9-c544e683daa2-groupManagement] INFO  server.RaftServerConfigKeys (ConfUtils.java:logGet(46)) - raft.server.log.segment.cache.num.max = 2 (custom)
2023-09-12 21:05:50,845 [9ece4d1d-2112-49ce-a0f9-c544e683daa2-groupManagement] INFO  server.RaftServerConfigKeys (ConfUtils.java:logGet(46)) - raft.server.log.segment.cache.size.max = 200MB (=209715200) (default)
2023-09-12 21:05:50,845 [9ece4d1d-2112-49ce-a0f9-c544e683daa2-groupManagement] INFO  server.RaftServerConfigKeys (ConfUtils.java:logGet(46)) - raft.server.log.appender.buffer.byte-limit = 33554432 (custom)
2023-09-12 21:05:50,845 [9ece4d1d-2112-49ce-a0f9-c544e683daa2-groupManagement] INFO  segmented.SegmentedRaftLogWorker (SegmentedRaftLogWorker.java:<init>(188)) - new 9ece4d1d-2112-49ce-a0f9-c544e683daa2@group-2E8FA51024FB-SegmentedRaftLogWorker for RaftStorageImpl:Storage Directory /home/runner/work/ozone/ozone/hadoop-ozone/integration-test/target/test-dir/MiniOzoneClusterImpl-0f4e02f1-3148-4106-9850-9963db652c57/datanode-0/data/ratis/7e4cc134-007f-4413-b7c4-2e8fa51024fb
2023-09-12 21:05:50,845 [9ece4d1d-2112-49ce-a0f9-c544e683daa2-groupManagement] INFO  server.RaftServerConfigKeys (ConfUtils.java:logGet(46)) - raft.server.log.queue.byte-limit = 4294967296 (custom)
2023-09-12 21:05:50,845 [9ece4d1d-2112-49ce-a0f9-c544e683daa2-groupManagement] INFO  server.RaftServerConfigKeys (ConfUtils.java:logGet(46)) - raft.server.log.queue.element-limit = 1024 (custom)
2023-09-12 21:05:50,845 [9ece4d1d-2112-49ce-a0f9-c544e683daa2-groupManagement] INFO  server.RaftServerConfigKeys (ConfUtils.java:logGet(46)) - raft.server.log.segment.size.max = 1048576 (custom)
2023-09-12 21:05:50,845 [9ece4d1d-2112-49ce-a0f9-c544e683daa2-groupManagement] INFO  server.RaftServerConfigKeys (ConfUtils.java:logGet(46)) - raft.server.log.preallocated.size = 16384 (custom)
2023-09-12 21:05:50,845 [9ece4d1d-2112-49ce-a0f9-c544e683daa2-groupManagement] INFO  server.RaftServerConfigKeys (ConfUtils.java:logGet(46)) - raft.server.log.force.sync.num = 128 (default)
2023-09-12 21:05:50,845 [9ece4d1d-2112-49ce-a0f9-c544e683daa2-groupManagement] INFO  server.RaftServerConfigKeys (ConfUtils.java:logGet(46)) - raft.server.log.statemachine.data.sync = true (default)
2023-09-12 21:05:50,845 [9ece4d1d-2112-49ce-a0f9-c544e683daa2-groupManagement] INFO  server.RaftServerConfigKeys (ConfUtils.java:logGet(46)) - raft.server.log.statemachine.data.sync.timeout = 10s (default)
2023-09-12 21:05:50,845 [9ece4d1d-2112-49ce-a0f9-c544e683daa2-groupManagement] INFO  server.RaftServerConfigKeys (ConfUtils.java:logGet(46)) - raft.server.log.statemachine.data.sync.timeout.retry = -1 (default)
2023-09-12 21:05:50,846 [9ece4d1d-2112-49ce-a0f9-c544e683daa2-groupManagement] INFO  server.RaftServerConfigKeys (ConfUtils.java:logGet(46)) - raft.server.log.write.buffer.size = 1048576 (custom)
2023-09-12 21:05:50,850 [9ece4d1d-2112-49ce-a0f9-c544e683daa2-groupManagement] INFO  server.RaftServerConfigKeys (ConfUtils.java:logGet(46)) - raft.server.log.appender.buffer.byte-limit = 33554432 (custom)
2023-09-12 21:05:50,850 [EventQueue-OpenPipelineForHealthyPipelineSafeModeRule] INFO  safemode.SCMSafeModeManager (HealthyPipelineSafeModeRule.java:process(137)) - SCM in safe mode. Healthy pipelines reported count is 0, required healthy pipeline reported count is 1
2023-09-12 21:05:50,854 [9ece4d1d-2112-49ce-a0f9-c544e683daa2-groupManagement] INFO  server.RaftServerConfigKeys (ConfUtils.java:logGet(46)) - raft.server.log.unsafe-flush.enabled = false (default)
2023-09-12 21:05:50,854 [9ece4d1d-2112-49ce-a0f9-c544e683daa2-groupManagement] INFO  server.RaftServerConfigKeys (ConfUtils.java:logGet(46)) - raft.server.log.async-flush.enabled = false (default)
2023-09-12 21:05:50,854 [9ece4d1d-2112-49ce-a0f9-c544e683daa2-groupManagement] INFO  server.RaftServerConfigKeys (ConfUtils.java:logGet(46)) - raft.server.log.statemachine.data.caching.enabled = true (custom)
2023-09-12 21:05:50,854 [PipelineCommandHandlerThread-0] INFO  commandhandler.CreatePipelineCommandHandler (CreatePipelineCommandHandler.java:lambda$handle$2(124)) - Created Pipeline RATIS THREE PipelineID=47f9dee4-0f52-4053-a48b-5878589fb01c.
2023-09-12 21:05:50,857 [PipelineCommandHandlerThread-0] INFO  server.RaftServer (RaftServerProxy.java:addNew(98)) - 0c20a109-2ea1-4d97-ad73-cac537996a23: addNew group-2E8FA51024FB:[9ece4d1d-2112-49ce-a0f9-c544e683daa2|rpc:10.1.0.4:15014|admin:10.1.0.4:15013|client:10.1.0.4:15012|dataStream:10.1.0.4:15015|priority:1|startupRole:FOLLOWER, 0c20a109-2ea1-4d97-ad73-cac537996a23|rpc:10.1.0.4:15023|admin:10.1.0.4:15022|client:10.1.0.4:15021|dataStream:10.1.0.4:15024|priority:0|startupRole:FOLLOWER, f162601e-1a73-446f-bfff-b907124620c0|rpc:10.1.0.4:15032|admin:10.1.0.4:15031|client:10.1.0.4:15030|dataStream:10.1.0.4:15033|priority:0|startupRole:FOLLOWER] returns group-2E8FA51024FB:java.util.concurrent.CompletableFuture@1e5cc85b[Not completed]
2023-09-12 21:05:50,864 [9ece4d1d-2112-49ce-a0f9-c544e683daa2-groupManagement] INFO  segmented.SegmentedRaftLogWorker (SegmentedRaftLogWorker.java:lambda$new$0(135)) - 9ece4d1d-2112-49ce-a0f9-c544e683daa2@group-2E8FA51024FB-SegmentedRaftLogWorker: flushIndex: setUnconditionally 0 -> -1
2023-09-12 21:05:50,864 [9ece4d1d-2112-49ce-a0f9-c544e683daa2-groupManagement] INFO  segmented.SegmentedRaftLogWorker (SegmentedRaftLogWorker.java:lambda$new$0(135)) - 9ece4d1d-2112-49ce-a0f9-c544e683daa2@group-2E8FA51024FB-SegmentedRaftLogWorker: safeCacheEvictIndex: setUnconditionally 0 -> -1
2023-09-12 21:05:50,866 [9ece4d1d-2112-49ce-a0f9-c544e683daa2-groupManagement] INFO  server.RaftServer$Division (RaftServerImpl.java:start(342)) - 9ece4d1d-2112-49ce-a0f9-c544e683daa2@group-2E8FA51024FB: start as a follower, conf=-1: peers:[9ece4d1d-2112-49ce-a0f9-c544e683daa2|rpc:10.1.0.4:15014|admin:10.1.0.4:15013|client:10.1.0.4:15012|dataStream:10.1.0.4:15015|priority:1|startupRole:FOLLOWER, 0c20a109-2ea1-4d97-ad73-cac537996a23|rpc:10.1.0.4:15023|admin:10.1.0.4:15022|client:10.1.0.4:15021|dataStream:10.1.0.4:15024|priority:0|startupRole:FOLLOWER, f162601e-1a73-446f-bfff-b907124620c0|rpc:10.1.0.4:15032|admin:10.1.0.4:15031|client:10.1.0.4:15030|dataStream:10.1.0.4:15033|priority:0|startupRole:FOLLOWER]|listeners:[], old=null
2023-09-12 21:05:50,866 [9ece4d1d-2112-49ce-a0f9-c544e683daa2-groupManagement] INFO  server.RaftServer$Division (RaftServerImpl.java:setRole(329)) - 9ece4d1d-2112-49ce-a0f9-c544e683daa2@group-2E8FA51024FB: changes role from      null to FOLLOWER at term 0 for startAsFollower
2023-09-12 21:05:50,866 [9ece4d1d-2112-49ce-a0f9-c544e683daa2-groupManagement] INFO  impl.RoleInfo (RoleInfo.java:updateAndGet(139)) - 9ece4d1d-2112-49ce-a0f9-c544e683daa2: start 9ece4d1d-2112-49ce-a0f9-c544e683daa2@group-2E8FA51024FB-FollowerState
2023-09-12 21:05:50,866 [9ece4d1d-2112-49ce-a0f9-c544e683daa2-groupManagement] INFO  util.JmxRegister (JmxRegister.java:tryRegister(44)) - Successfully registered JMX Bean with object name Ratis:service=RaftServer,group=group-2E8FA51024FB,id=9ece4d1d-2112-49ce-a0f9-c544e683daa2
2023-09-12 21:05:50,866 [9ece4d1d-2112-49ce-a0f9-c544e683daa2-groupManagement] INFO  server.RaftServerConfigKeys (ConfUtils.java:logGet(46)) - raft.server.snapshot.auto.trigger.enabled = true (custom)
2023-09-12 21:05:50,866 [9ece4d1d-2112-49ce-a0f9-c544e683daa2-groupManagement] INFO  server.RaftServerConfigKeys (ConfUtils.java:logGet(46)) - raft.server.snapshot.auto.trigger.threshold = 10000 (custom)
2023-09-12 21:05:50,866 [9ece4d1d-2112-49ce-a0f9-c544e683daa2-groupManagement] INFO  server.RaftServerConfigKeys (ConfUtils.java:logGet(46)) - raft.server.snapshot.retention.file.num = 5 (custom)
2023-09-12 21:05:50,867 [9ece4d1d-2112-49ce-a0f9-c544e683daa2-groupManagement] INFO  server.RaftServerConfigKeys (ConfUtils.java:logGet(46)) - raft.server.log.purge.upto.snapshot.index = false (default)
2023-09-12 21:05:50,871 [9ece4d1d-2112-49ce-a0f9-c544e683daa2@group-2E8FA51024FB-FollowerState] INFO  server.RaftServerConfigKeys (ConfUtils.java:logFallback(53)) - raft.server.rpc.first-election.timeout.min = 5s (fallback to raft.server.rpc.timeout.min)
2023-09-12 21:05:50,871 [9ece4d1d-2112-49ce-a0f9-c544e683daa2@group-2E8FA51024FB-FollowerState] INFO  server.RaftServerConfigKeys (ConfUtils.java:logFallback(53)) - raft.server.rpc.first-election.timeout.max = 5200ms (fallback to raft.server.rpc.timeout.max)
2023-09-12 21:05:50,872 [0c20a109-2ea1-4d97-ad73-cac537996a23-groupManagement] INFO  server.RaftServer$Division (RaftServerImpl.java:<init>(198)) - 0c20a109-2ea1-4d97-ad73-cac537996a23: new RaftServerImpl for group-2E8FA51024FB:[9ece4d1d-2112-49ce-a0f9-c544e683daa2|rpc:10.1.0.4:15014|admin:10.1.0.4:15013|client:10.1.0.4:15012|dataStream:10.1.0.4:15015|priority:1|startupRole:FOLLOWER, 0c20a109-2ea1-4d97-ad73-cac537996a23|rpc:10.1.0.4:15023|admin:10.1.0.4:15022|client:10.1.0.4:15021|dataStream:10.1.0.4:15024|priority:0|startupRole:FOLLOWER, f162601e-1a73-446f-bfff-b907124620c0|rpc:10.1.0.4:15032|admin:10.1.0.4:15031|client:10.1.0.4:15030|dataStream:10.1.0.4:15033|priority:0|startupRole:FOLLOWER] with ContainerStateMachine:uninitialized
2023-09-12 21:05:50,872 [0c20a109-2ea1-4d97-ad73-cac537996a23-groupManagement] INFO  server.RaftServerConfigKeys (ConfUtils.java:logGet(46)) - raft.server.rpc.timeout.min = 5s (custom)
2023-09-12 21:05:50,872 [0c20a109-2ea1-4d97-ad73-cac537996a23-groupManagement] INFO  server.RaftServerConfigKeys (ConfUtils.java:logGet(46)) - raft.server.rpc.timeout.max = 5200ms (custom)
2023-09-12 21:05:50,872 [0c20a109-2ea1-4d97-ad73-cac537996a23-groupManagement] INFO  server.RaftServerConfigKeys (ConfUtils.java:logGet(46)) - raft.server.rpc.sleep.time = 25ms (default)
2023-09-12 21:05:50,872 [0c20a109-2ea1-4d97-ad73-cac537996a23-groupManagement] INFO  server.RaftServerConfigKeys (ConfUtils.java:logGet(46)) - raft.server.rpc.slowness.timeout = 300000ms (custom)
2023-09-12 21:05:50,872 [0c20a109-2ea1-4d97-ad73-cac537996a23-groupManagement] INFO  server.RaftServerConfigKeys (ConfUtils.java:logGet(46)) - raft.server.leaderelection.leader.step-down.wait-time = 10s (default)
2023-09-12 21:05:50,872 [0c20a109-2ea1-4d97-ad73-cac537996a23-groupManagement] INFO  server.RaftServerConfigKeys (ConfUtils.java:logGet(46)) - raft.server.sleep.deviation.threshold = 300ms (default)
2023-09-12 21:05:50,872 [0c20a109-2ea1-4d97-ad73-cac537996a23-groupManagement] INFO  server.RaftServer$Division (ServerState.java:<init>(120)) - 0c20a109-2ea1-4d97-ad73-cac537996a23@group-2E8FA51024FB: ConfigurationManager, init=-1: peers:[9ece4d1d-2112-49ce-a0f9-c544e683daa2|rpc:10.1.0.4:15014|admin:10.1.0.4:15013|client:10.1.0.4:15012|dataStream:10.1.0.4:15015|priority:1|startupRole:FOLLOWER, 0c20a109-2ea1-4d97-ad73-cac537996a23|rpc:10.1.0.4:15023|admin:10.1.0.4:15022|client:10.1.0.4:15021|dataStream:10.1.0.4:15024|priority:0|startupRole:FOLLOWER, f162601e-1a73-446f-bfff-b907124620c0|rpc:10.1.0.4:15032|admin:10.1.0.4:15031|client:10.1.0.4:15030|dataStream:10.1.0.4:15033|priority:0|startupRole:FOLLOWER]|listeners:[], old=null, confs=<EMPTY_MAP>
2023-09-12 21:05:50,872 [0c20a109-2ea1-4d97-ad73-cac537996a23-groupManagement] INFO  server.RaftServerConfigKeys (ConfUtils.java:logGet(46)) - raft.server.storage.dir = [/home/runner/work/ozone/ozone/hadoop-ozone/integration-test/target/test-dir/MiniOzoneClusterImpl-0f4e02f1-3148-4106-9850-9963db652c57/datanode-1/data/ratis] (custom)
2023-09-12 21:05:50,872 [0c20a109-2ea1-4d97-ad73-cac537996a23-groupManagement] INFO  server.RaftServerConfigKeys (ConfUtils.java:logGet(46)) - raft.server.log.corruption.policy = EXCEPTION (default)
2023-09-12 21:05:50,872 [0c20a109-2ea1-4d97-ad73-cac537996a23-groupManagement] INFO  server.RaftServerConfigKeys (ConfUtils.java:logGet(46)) - raft.server.storage.free-space.min = 0MB (=0) (default)
2023-09-12 21:05:50,872 [0c20a109-2ea1-4d97-ad73-cac537996a23-groupManagement] INFO  server.RaftServerConfigKeys (ConfUtils.java:logGet(46)) - raft.server.notification.no-leader.timeout = 300000ms (custom)
2023-09-12 21:05:50,872 [0c20a109-2ea1-4d97-ad73-cac537996a23-groupManagement] INFO  server.RaftServerConfigKeys (ConfUtils.java:logGet(46)) - raft.server.read.timeout = 10s (default)
2023-09-12 21:05:50,872 [0c20a109-2ea1-4d97-ad73-cac537996a23-groupManagement] INFO  server.RaftServerConfigKeys (ConfUtils.java:logGet(46)) - raft.server.retrycache.expirytime = 600000ms (custom)
2023-09-12 21:05:50,873 [0c20a109-2ea1-4d97-ad73-cac537996a23-groupManagement] INFO  server.RaftServerConfigKeys (ConfUtils.java:logGet(46)) - raft.server.retrycache.statistics.expirytime = 100μs (default)
2023-09-12 21:05:50,873 [0c20a109-2ea1-4d97-ad73-cac537996a23-groupManagement] INFO  server.RaftServerConfigKeys (ConfUtils.java:logGet(46)) - raft.server.read.option = DEFAULT (default)
2023-09-12 21:05:50,873 [0c20a109-2ea1-4d97-ad73-cac537996a23-groupManagement] INFO  server.RaftServerConfigKeys (ConfUtils.java:logGet(46)) - raft.server.rpc.request.timeout = 3000ms (default)
2023-09-12 21:05:50,874 [0c20a109-2ea1-4d97-ad73-cac537996a23-groupManagement] INFO  server.RaftServerConfigKeys (ConfUtils.java:logGet(46)) - raft.server.log.appender.install.snapshot.enabled = false (custom)
2023-09-12 21:05:50,874 [0c20a109-2ea1-4d97-ad73-cac537996a23-groupManagement] INFO  server.RaftServerConfigKeys (ConfUtils.java:logGet(46)) - raft.server.threadpool.server.cached = true (default)
2023-09-12 21:05:50,874 [0c20a109-2ea1-4d97-ad73-cac537996a23-groupManagement] INFO  server.RaftServerConfigKeys (ConfUtils.java:logGet(46)) - raft.server.threadpool.server.size = 0 (default)
2023-09-12 21:05:50,874 [0c20a109-2ea1-4d97-ad73-cac537996a23-groupManagement] INFO  server.RaftServerConfigKeys (ConfUtils.java:logGet(46)) - raft.server.threadpool.client.cached = true (default)
2023-09-12 21:05:50,874 [0c20a109-2ea1-4d97-ad73-cac537996a23-groupManagement] INFO  server.RaftServerConfigKeys (ConfUtils.java:logGet(46)) - raft.server.threadpool.client.size = 0 (default)
2023-09-12 21:05:50,874 [0c20a109-2ea1-4d97-ad73-cac537996a23-groupManagement] INFO  storage.RaftStorageDirectory (RaftStorageDirectoryImpl.java:analyzeStorage(137)) - The storage directory /home/runner/work/ozone/ozone/hadoop-ozone/integration-test/target/test-dir/MiniOzoneClusterImpl-0f4e02f1-3148-4106-9850-9963db652c57/datanode-1/data/ratis/7e4cc134-007f-4413-b7c4-2e8fa51024fb does not exist. Creating ...
2023-09-12 21:05:50,875 [0c20a109-2ea1-4d97-ad73-cac537996a23-groupManagement] INFO  storage.RaftStorageDirectory (RaftStorageDirectoryImpl.java:tryLock(231)) - Lock on /home/runner/work/ozone/ozone/hadoop-ozone/integration-test/target/test-dir/MiniOzoneClusterImpl-0f4e02f1-3148-4106-9850-9963db652c57/datanode-1/data/ratis/7e4cc134-007f-4413-b7c4-2e8fa51024fb/in_use.lock acquired by nodename 5540@fv-az740-690
2023-09-12 21:05:50,876 [0c20a109-2ea1-4d97-ad73-cac537996a23-groupManagement] INFO  storage.RaftStorage (RaftStorageImpl.java:format(96)) - Storage directory /home/runner/work/ozone/ozone/hadoop-ozone/integration-test/target/test-dir/MiniOzoneClusterImpl-0f4e02f1-3148-4106-9850-9963db652c57/datanode-1/data/ratis/7e4cc134-007f-4413-b7c4-2e8fa51024fb has been successfully formatted.
2023-09-12 21:05:50,877 [0c20a109-2ea1-4d97-ad73-cac537996a23-groupManagement] INFO  ratis.ContainerStateMachine (ContainerStateMachine.java:loadSnapshot(262)) - group-2E8FA51024FB: The snapshot info is null. Setting the last applied indexto:(t:0, i:~)
2023-09-12 21:05:50,877 [0c20a109-2ea1-4d97-ad73-cac537996a23-groupManagement] INFO  server.RaftServerConfigKeys (ConfUtils.java:logGet(46)) - raft.server.log.use.memory = false (default)
2023-09-12 21:05:50,877 [0c20a109-2ea1-4d97-ad73-cac537996a23-groupManagement] INFO  server.RaftServerConfigKeys (ConfUtils.java:logGet(46)) - raft.server.log.purge.gap = 1000000 (custom)
2023-09-12 21:05:50,877 [0c20a109-2ea1-4d97-ad73-cac537996a23-groupManagement] INFO  server.RaftServerConfigKeys (ConfUtils.java:logGet(46)) - raft.server.log.appender.buffer.byte-limit = 33554432 (custom)
2023-09-12 21:05:50,877 [0c20a109-2ea1-4d97-ad73-cac537996a23-groupManagement] INFO  server.RaftServerConfigKeys (ConfUtils.java:logGet(46)) - raft.server.log.statemachine.data.read.timeout = 1000ms (default)
2023-09-12 21:05:50,877 [0c20a109-2ea1-4d97-ad73-cac537996a23-groupManagement] INFO  server.RaftServerConfigKeys (ConfUtils.java:logGet(46)) - raft.server.log.purge.preservation.log.num = 0 (default)
2023-09-12 21:05:50,877 [0c20a109-2ea1-4d97-ad73-cac537996a23-groupManagement] INFO  server.RaftServerConfigKeys (ConfUtils.java:logGet(46)) - raft.server.log.segment.size.max = 1048576 (custom)
2023-09-12 21:05:50,877 [0c20a109-2ea1-4d97-ad73-cac537996a23-groupManagement] INFO  server.RaftServerConfigKeys (ConfUtils.java:logGet(46)) - raft.server.log.segment.cache.num.max = 2 (custom)
2023-09-12 21:05:50,878 [0c20a109-2ea1-4d97-ad73-cac537996a23-groupManagement] INFO  server.RaftServerConfigKeys (ConfUtils.java:logGet(46)) - raft.server.log.segment.cache.size.max = 200MB (=209715200) (default)
2023-09-12 21:05:50,878 [0c20a109-2ea1-4d97-ad73-cac537996a23-groupManagement] INFO  server.RaftServerConfigKeys (ConfUtils.java:logGet(46)) - raft.server.log.appender.buffer.byte-limit = 33554432 (custom)
2023-09-12 21:05:50,878 [0c20a109-2ea1-4d97-ad73-cac537996a23-groupManagement] INFO  segmented.SegmentedRaftLogWorker (SegmentedRaftLogWorker.java:<init>(188)) - new 0c20a109-2ea1-4d97-ad73-cac537996a23@group-2E8FA51024FB-SegmentedRaftLogWorker for RaftStorageImpl:Storage Directory /home/runner/work/ozone/ozone/hadoop-ozone/integration-test/target/test-dir/MiniOzoneClusterImpl-0f4e02f1-3148-4106-9850-9963db652c57/datanode-1/data/ratis/7e4cc134-007f-4413-b7c4-2e8fa51024fb
2023-09-12 21:05:50,878 [0c20a109-2ea1-4d97-ad73-cac537996a23-groupManagement] INFO  server.RaftServerConfigKeys (ConfUtils.java:logGet(46)) - raft.server.log.queue.byte-limit = 4294967296 (custom)
2023-09-12 21:05:50,878 [0c20a109-2ea1-4d97-ad73-cac537996a23-groupManagement] INFO  server.RaftServerConfigKeys (ConfUtils.java:logGet(46)) - raft.server.log.queue.element-limit = 1024 (custom)
2023-09-12 21:05:50,878 [0c20a109-2ea1-4d97-ad73-cac537996a23-groupManagement] INFO  server.RaftServerConfigKeys (ConfUtils.java:logGet(46)) - raft.server.log.segment.size.max = 1048576 (custom)
2023-09-12 21:05:50,878 [0c20a109-2ea1-4d97-ad73-cac537996a23-groupManagement] INFO  server.RaftServerConfigKeys (ConfUtils.java:logGet(46)) - raft.server.log.preallocated.size = 16384 (custom)
2023-09-12 21:05:50,878 [0c20a109-2ea1-4d97-ad73-cac537996a23-groupManagement] INFO  server.RaftServerConfigKeys (ConfUtils.java:logGet(46)) - raft.server.log.force.sync.num = 128 (default)
2023-09-12 21:05:50,878 [0c20a109-2ea1-4d97-ad73-cac537996a23-groupManagement] INFO  server.RaftServerConfigKeys (ConfUtils.java:logGet(46)) - raft.server.log.statemachine.data.sync = true (default)
2023-09-12 21:05:50,878 [0c20a109-2ea1-4d97-ad73-cac537996a23-groupManagement] INFO  server.RaftServerConfigKeys (ConfUtils.java:logGet(46)) - raft.server.log.statemachine.data.sync.timeout = 10s (default)
2023-09-12 21:05:50,878 [0c20a109-2ea1-4d97-ad73-cac537996a23-groupManagement] INFO  server.RaftServerConfigKeys (ConfUtils.java:logGet(46)) - raft.server.log.statemachine.data.sync.timeout.retry = -1 (default)
2023-09-12 21:05:50,878 [PipelineCommandHandlerThread-0] INFO  ratis.XceiverServerRatis (XceiverServerRatis.java:addGroup(804)) - Created group PipelineID=7e4cc134-007f-4413-b7c4-2e8fa51024fb
2023-09-12 21:05:50,879 [0c20a109-2ea1-4d97-ad73-cac537996a23-groupManagement] INFO  server.RaftServerConfigKeys (ConfUtils.java:logGet(46)) - raft.server.log.write.buffer.size = 1048576 (custom)
2023-09-12 21:05:50,885 [0c20a109-2ea1-4d97-ad73-cac537996a23-groupManagement] INFO  server.RaftServerConfigKeys (ConfUtils.java:logGet(46)) - raft.server.log.appender.buffer.byte-limit = 33554432 (custom)
2023-09-12 21:05:50,888 [0c20a109-2ea1-4d97-ad73-cac537996a23-groupManagement] INFO  server.RaftServerConfigKeys (ConfUtils.java:logGet(46)) - raft.server.log.unsafe-flush.enabled = false (default)
2023-09-12 21:05:50,888 [0c20a109-2ea1-4d97-ad73-cac537996a23-groupManagement] INFO  server.RaftServerConfigKeys (ConfUtils.java:logGet(46)) - raft.server.log.async-flush.enabled = false (default)
2023-09-12 21:05:50,888 [0c20a109-2ea1-4d97-ad73-cac537996a23-groupManagement] INFO  server.RaftServerConfigKeys (ConfUtils.java:logGet(46)) - raft.server.log.statemachine.data.caching.enabled = true (custom)
2023-09-12 21:05:50,888 [0c20a109-2ea1-4d97-ad73-cac537996a23-groupManagement] INFO  segmented.SegmentedRaftLogWorker (SegmentedRaftLogWorker.java:lambda$new$0(135)) - 0c20a109-2ea1-4d97-ad73-cac537996a23@group-2E8FA51024FB-SegmentedRaftLogWorker: flushIndex: setUnconditionally 0 -> -1
2023-09-12 21:05:50,888 [0c20a109-2ea1-4d97-ad73-cac537996a23-groupManagement] INFO  segmented.SegmentedRaftLogWorker (SegmentedRaftLogWorker.java:lambda$new$0(135)) - 0c20a109-2ea1-4d97-ad73-cac537996a23@group-2E8FA51024FB-SegmentedRaftLogWorker: safeCacheEvictIndex: setUnconditionally 0 -> -1
2023-09-12 21:05:50,892 [0c20a109-2ea1-4d97-ad73-cac537996a23-groupManagement] INFO  server.RaftServer$Division (RaftServerImpl.java:start(342)) - 0c20a109-2ea1-4d97-ad73-cac537996a23@group-2E8FA51024FB: start as a follower, conf=-1: peers:[9ece4d1d-2112-49ce-a0f9-c544e683daa2|rpc:10.1.0.4:15014|admin:10.1.0.4:15013|client:10.1.0.4:15012|dataStream:10.1.0.4:15015|priority:1|startupRole:FOLLOWER, 0c20a109-2ea1-4d97-ad73-cac537996a23|rpc:10.1.0.4:15023|admin:10.1.0.4:15022|client:10.1.0.4:15021|dataStream:10.1.0.4:15024|priority:0|startupRole:FOLLOWER, f162601e-1a73-446f-bfff-b907124620c0|rpc:10.1.0.4:15032|admin:10.1.0.4:15031|client:10.1.0.4:15030|dataStream:10.1.0.4:15033|priority:0|startupRole:FOLLOWER]|listeners:[], old=null
2023-09-12 21:05:50,892 [0c20a109-2ea1-4d97-ad73-cac537996a23-groupManagement] INFO  server.RaftServer$Division (RaftServerImpl.java:setRole(329)) - 0c20a109-2ea1-4d97-ad73-cac537996a23@group-2E8FA51024FB: changes role from      null to FOLLOWER at term 0 for startAsFollower
2023-09-12 21:05:50,892 [0c20a109-2ea1-4d97-ad73-cac537996a23-groupManagement] INFO  impl.RoleInfo (RoleInfo.java:updateAndGet(139)) - 0c20a109-2ea1-4d97-ad73-cac537996a23: start 0c20a109-2ea1-4d97-ad73-cac537996a23@group-2E8FA51024FB-FollowerState
2023-09-12 21:05:50,893 [0c20a109-2ea1-4d97-ad73-cac537996a23-groupManagement] INFO  util.JmxRegister (JmxRegister.java:tryRegister(44)) - Successfully registered JMX Bean with object name Ratis:service=RaftServer,group=group-2E8FA51024FB,id=0c20a109-2ea1-4d97-ad73-cac537996a23
2023-09-12 21:05:50,893 [0c20a109-2ea1-4d97-ad73-cac537996a23-groupManagement] INFO  server.RaftServerConfigKeys (ConfUtils.java:logGet(46)) - raft.server.snapshot.auto.trigger.enabled = true (custom)
2023-09-12 21:05:50,893 [0c20a109-2ea1-4d97-ad73-cac537996a23-groupManagement] INFO  server.RaftServerConfigKeys (ConfUtils.java:logGet(46)) - raft.server.snapshot.auto.trigger.threshold = 10000 (custom)
2023-09-12 21:05:50,893 [0c20a109-2ea1-4d97-ad73-cac537996a23-groupManagement] INFO  server.RaftServerConfigKeys (ConfUtils.java:logGet(46)) - raft.server.snapshot.retention.file.num = 5 (custom)
2023-09-12 21:05:50,893 [0c20a109-2ea1-4d97-ad73-cac537996a23-groupManagement] INFO  server.RaftServerConfigKeys (ConfUtils.java:logGet(46)) - raft.server.log.purge.upto.snapshot.index = false (default)
2023-09-12 21:05:50,894 [EventQueue-OpenPipelineForHealthyPipelineSafeModeRule] INFO  safemode.SCMSafeModeManager (HealthyPipelineSafeModeRule.java:process(137)) - SCM in safe mode. Healthy pipelines reported count is 0, required healthy pipeline reported count is 1
2023-09-12 21:05:50,894 [0c20a109-2ea1-4d97-ad73-cac537996a23@group-2E8FA51024FB-FollowerState] INFO  server.RaftServerConfigKeys (ConfUtils.java:logFallback(53)) - raft.server.rpc.first-election.timeout.min = 5s (fallback to raft.server.rpc.timeout.min)
2023-09-12 21:05:50,903 [0c20a109-2ea1-4d97-ad73-cac537996a23@group-2E8FA51024FB-FollowerState] INFO  server.RaftServerConfigKeys (ConfUtils.java:logFallback(53)) - raft.server.rpc.first-election.timeout.max = 5200ms (fallback to raft.server.rpc.timeout.max)
2023-09-12 21:05:50,904 [PipelineCommandHandlerThread-0] INFO  ratis.XceiverServerRatis (XceiverServerRatis.java:addGroup(804)) - Created group PipelineID=7e4cc134-007f-4413-b7c4-2e8fa51024fb
2023-09-12 21:05:50,995 [PipelineCommandHandlerThread-0] INFO  commandhandler.CreatePipelineCommandHandler (CreatePipelineCommandHandler.java:lambda$handle$2(124)) - Created Pipeline RATIS THREE PipelineID=7e4cc134-007f-4413-b7c4-2e8fa51024fb.
2023-09-12 21:05:51,019 [PipelineCommandHandlerThread-0] INFO  commandhandler.CreatePipelineCommandHandler (CreatePipelineCommandHandler.java:lambda$handle$2(124)) - Created Pipeline RATIS THREE PipelineID=7e4cc134-007f-4413-b7c4-2e8fa51024fb.
2023-09-12 21:05:51,021 [PipelineCommandHandlerThread-0] INFO  commandhandler.CreatePipelineCommandHandler (CreatePipelineCommandHandler.java:lambda$handle$2(124)) - Created Pipeline RATIS THREE PipelineID=7e4cc134-007f-4413-b7c4-2e8fa51024fb.
2023-09-12 21:05:51,071 [PipelineCommandHandlerThread-0] INFO  server.RaftServer (RaftServerProxy.java:addNew(98)) - 78c45de7-ea48-4d81-a27f-63dcd3d13ef6: addNew group-21C0C8057B11:[78c45de7-ea48-4d81-a27f-63dcd3d13ef6|rpc:10.1.0.4:15041|admin:10.1.0.4:15040|client:10.1.0.4:15039|dataStream:10.1.0.4:15042|priority:1|startupRole:FOLLOWER] returns group-21C0C8057B11:java.util.concurrent.CompletableFuture@7c3108d0[Not completed]
2023-09-12 21:05:51,072 [78c45de7-ea48-4d81-a27f-63dcd3d13ef6-groupManagement] INFO  server.RaftServer$Division (RaftServerImpl.java:<init>(198)) - 78c45de7-ea48-4d81-a27f-63dcd3d13ef6: new RaftServerImpl for group-21C0C8057B11:[78c45de7-ea48-4d81-a27f-63dcd3d13ef6|rpc:10.1.0.4:15041|admin:10.1.0.4:15040|client:10.1.0.4:15039|dataStream:10.1.0.4:15042|priority:1|startupRole:FOLLOWER] with ContainerStateMachine:uninitialized
2023-09-12 21:05:51,072 [78c45de7-ea48-4d81-a27f-63dcd3d13ef6-groupManagement] INFO  server.RaftServerConfigKeys (ConfUtils.java:logGet(46)) - raft.server.rpc.timeout.min = 5s (custom)
2023-09-12 21:05:51,072 [78c45de7-ea48-4d81-a27f-63dcd3d13ef6-groupManagement] INFO  server.RaftServerConfigKeys (ConfUtils.java:logGet(46)) - raft.server.rpc.timeout.max = 5200ms (custom)
2023-09-12 21:05:51,072 [78c45de7-ea48-4d81-a27f-63dcd3d13ef6-groupManagement] INFO  server.RaftServerConfigKeys (ConfUtils.java:logGet(46)) - raft.server.rpc.sleep.time = 25ms (default)
2023-09-12 21:05:51,072 [78c45de7-ea48-4d81-a27f-63dcd3d13ef6-groupManagement] INFO  server.RaftServerConfigKeys (ConfUtils.java:logGet(46)) - raft.server.rpc.slowness.timeout = 300000ms (custom)
2023-09-12 21:05:51,072 [78c45de7-ea48-4d81-a27f-63dcd3d13ef6-groupManagement] INFO  server.RaftServerConfigKeys (ConfUtils.java:logGet(46)) - raft.server.leaderelection.leader.step-down.wait-time = 10s (default)
2023-09-12 21:05:51,072 [78c45de7-ea48-4d81-a27f-63dcd3d13ef6-groupManagement] INFO  server.RaftServerConfigKeys (ConfUtils.java:logGet(46)) - raft.server.sleep.deviation.threshold = 300ms (default)
2023-09-12 21:05:51,072 [78c45de7-ea48-4d81-a27f-63dcd3d13ef6-groupManagement] INFO  server.RaftServer$Division (ServerState.java:<init>(120)) - 78c45de7-ea48-4d81-a27f-63dcd3d13ef6@group-21C0C8057B11: ConfigurationManager, init=-1: peers:[78c45de7-ea48-4d81-a27f-63dcd3d13ef6|rpc:10.1.0.4:15041|admin:10.1.0.4:15040|client:10.1.0.4:15039|dataStream:10.1.0.4:15042|priority:1|startupRole:FOLLOWER]|listeners:[], old=null, confs=<EMPTY_MAP>
2023-09-12 21:05:51,072 [78c45de7-ea48-4d81-a27f-63dcd3d13ef6-groupManagement] INFO  server.RaftServerConfigKeys (ConfUtils.java:logGet(46)) - raft.server.storage.dir = [/home/runner/work/ozone/ozone/hadoop-ozone/integration-test/target/test-dir/MiniOzoneClusterImpl-0f4e02f1-3148-4106-9850-9963db652c57/datanode-3/data/ratis] (custom)
2023-09-12 21:05:51,072 [78c45de7-ea48-4d81-a27f-63dcd3d13ef6-groupManagement] INFO  server.RaftServerConfigKeys (ConfUtils.java:logGet(46)) - raft.server.log.corruption.policy = EXCEPTION (default)
2023-09-12 21:05:51,073 [78c45de7-ea48-4d81-a27f-63dcd3d13ef6-groupManagement] INFO  server.RaftServerConfigKeys (ConfUtils.java:logGet(46)) - raft.server.storage.free-space.min = 0MB (=0) (default)
2023-09-12 21:05:51,073 [78c45de7-ea48-4d81-a27f-63dcd3d13ef6-groupManagement] INFO  server.RaftServerConfigKeys (ConfUtils.java:logGet(46)) - raft.server.notification.no-leader.timeout = 300000ms (custom)
2023-09-12 21:05:51,073 [78c45de7-ea48-4d81-a27f-63dcd3d13ef6-groupManagement] INFO  server.RaftServerConfigKeys (ConfUtils.java:logGet(46)) - raft.server.read.timeout = 10s (default)
2023-09-12 21:05:51,073 [78c45de7-ea48-4d81-a27f-63dcd3d13ef6-groupManagement] INFO  server.RaftServerConfigKeys (ConfUtils.java:logGet(46)) - raft.server.retrycache.expirytime = 600000ms (custom)
2023-09-12 21:05:51,073 [78c45de7-ea48-4d81-a27f-63dcd3d13ef6-groupManagement] INFO  server.RaftServerConfigKeys (ConfUtils.java:logGet(46)) - raft.server.retrycache.statistics.expirytime = 100μs (default)
2023-09-12 21:05:51,073 [78c45de7-ea48-4d81-a27f-63dcd3d13ef6-groupManagement] INFO  server.RaftServerConfigKeys (ConfUtils.java:logGet(46)) - raft.server.read.option = DEFAULT (default)
2023-09-12 21:05:51,075 [78c45de7-ea48-4d81-a27f-63dcd3d13ef6-groupManagement] INFO  server.RaftServerConfigKeys (ConfUtils.java:logGet(46)) - raft.server.rpc.request.timeout = 3000ms (default)
2023-09-12 21:05:51,075 [78c45de7-ea48-4d81-a27f-63dcd3d13ef6-groupManagement] INFO  server.RaftServerConfigKeys (ConfUtils.java:logGet(46)) - raft.server.log.appender.install.snapshot.enabled = false (custom)
2023-09-12 21:05:51,075 [78c45de7-ea48-4d81-a27f-63dcd3d13ef6-groupManagement] INFO  server.RaftServerConfigKeys (ConfUtils.java:logGet(46)) - raft.server.threadpool.server.cached = true (default)
2023-09-12 21:05:51,075 [78c45de7-ea48-4d81-a27f-63dcd3d13ef6-groupManagement] INFO  server.RaftServerConfigKeys (ConfUtils.java:logGet(46)) - raft.server.threadpool.server.size = 0 (default)
2023-09-12 21:05:51,075 [78c45de7-ea48-4d81-a27f-63dcd3d13ef6-groupManagement] INFO  server.RaftServerConfigKeys (ConfUtils.java:logGet(46)) - raft.server.threadpool.client.cached = true (default)
2023-09-12 21:05:51,075 [78c45de7-ea48-4d81-a27f-63dcd3d13ef6-groupManagement] INFO  server.RaftServerConfigKeys (ConfUtils.java:logGet(46)) - raft.server.threadpool.client.size = 0 (default)
2023-09-12 21:05:51,075 [78c45de7-ea48-4d81-a27f-63dcd3d13ef6-groupManagement] INFO  storage.RaftStorageDirectory (RaftStorageDirectoryImpl.java:analyzeStorage(137)) - The storage directory /home/runner/work/ozone/ozone/hadoop-ozone/integration-test/target/test-dir/MiniOzoneClusterImpl-0f4e02f1-3148-4106-9850-9963db652c57/datanode-3/data/ratis/049c2560-9622-491e-927d-21c0c8057b11 does not exist. Creating ...
2023-09-12 21:05:51,077 [78c45de7-ea48-4d81-a27f-63dcd3d13ef6-groupManagement] INFO  storage.RaftStorageDirectory (RaftStorageDirectoryImpl.java:tryLock(231)) - Lock on /home/runner/work/ozone/ozone/hadoop-ozone/integration-test/target/test-dir/MiniOzoneClusterImpl-0f4e02f1-3148-4106-9850-9963db652c57/datanode-3/data/ratis/049c2560-9622-491e-927d-21c0c8057b11/in_use.lock acquired by nodename 5540@fv-az740-690
2023-09-12 21:05:51,078 [78c45de7-ea48-4d81-a27f-63dcd3d13ef6-groupManagement] INFO  storage.RaftStorage (RaftStorageImpl.java:format(96)) - Storage directory /home/runner/work/ozone/ozone/hadoop-ozone/integration-test/target/test-dir/MiniOzoneClusterImpl-0f4e02f1-3148-4106-9850-9963db652c57/datanode-3/data/ratis/049c2560-9622-491e-927d-21c0c8057b11 has been successfully formatted.
2023-09-12 21:05:51,079 [78c45de7-ea48-4d81-a27f-63dcd3d13ef6-groupManagement] INFO  ratis.ContainerStateMachine (ContainerStateMachine.java:loadSnapshot(262)) - group-21C0C8057B11: The snapshot info is null. Setting the last applied indexto:(t:0, i:~)
2023-09-12 21:05:51,079 [78c45de7-ea48-4d81-a27f-63dcd3d13ef6-groupManagement] INFO  server.RaftServerConfigKeys (ConfUtils.java:logGet(46)) - raft.server.log.use.memory = false (default)
2023-09-12 21:05:51,079 [78c45de7-ea48-4d81-a27f-63dcd3d13ef6-groupManagement] INFO  server.RaftServerConfigKeys (ConfUtils.java:logGet(46)) - raft.server.log.purge.gap = 1000000 (custom)
2023-09-12 21:05:51,079 [78c45de7-ea48-4d81-a27f-63dcd3d13ef6-groupManagement] INFO  server.RaftServerConfigKeys (ConfUtils.java:logGet(46)) - raft.server.log.appender.buffer.byte-limit = 33554432 (custom)
2023-09-12 21:05:51,079 [78c45de7-ea48-4d81-a27f-63dcd3d13ef6-groupManagement] INFO  server.RaftServerConfigKeys (ConfUtils.java:logGet(46)) - raft.server.log.statemachine.data.read.timeout = 1000ms (default)
2023-09-12 21:05:51,079 [78c45de7-ea48-4d81-a27f-63dcd3d13ef6-groupManagement] INFO  server.RaftServerConfigKeys (ConfUtils.java:logGet(46)) - raft.server.log.purge.preservation.log.num = 0 (default)
2023-09-12 21:05:51,079 [78c45de7-ea48-4d81-a27f-63dcd3d13ef6-groupManagement] INFO  server.RaftServerConfigKeys (ConfUtils.java:logGet(46)) - raft.server.log.segment.size.max = 1048576 (custom)
2023-09-12 21:05:51,079 [78c45de7-ea48-4d81-a27f-63dcd3d13ef6-groupManagement] INFO  server.RaftServerConfigKeys (ConfUtils.java:logGet(46)) - raft.server.log.segment.cache.num.max = 2 (custom)
2023-09-12 21:05:51,079 [78c45de7-ea48-4d81-a27f-63dcd3d13ef6-groupManagement] INFO  server.RaftServerConfigKeys (ConfUtils.java:logGet(46)) - raft.server.log.segment.cache.size.max = 200MB (=209715200) (default)
2023-09-12 21:05:51,080 [78c45de7-ea48-4d81-a27f-63dcd3d13ef6-groupManagement] INFO  server.RaftServerConfigKeys (ConfUtils.java:logGet(46)) - raft.server.log.appender.buffer.byte-limit = 33554432 (custom)
2023-09-12 21:05:51,080 [78c45de7-ea48-4d81-a27f-63dcd3d13ef6-groupManagement] INFO  segmented.SegmentedRaftLogWorker (SegmentedRaftLogWorker.java:<init>(188)) - new 78c45de7-ea48-4d81-a27f-63dcd3d13ef6@group-21C0C8057B11-SegmentedRaftLogWorker for RaftStorageImpl:Storage Directory /home/runner/work/ozone/ozone/hadoop-ozone/integration-test/target/test-dir/MiniOzoneClusterImpl-0f4e02f1-3148-4106-9850-9963db652c57/datanode-3/data/ratis/049c2560-9622-491e-927d-21c0c8057b11
2023-09-12 21:05:51,080 [78c45de7-ea48-4d81-a27f-63dcd3d13ef6-groupManagement] INFO  server.RaftServerConfigKeys (ConfUtils.java:logGet(46)) - raft.server.log.queue.byte-limit = 4294967296 (custom)
2023-09-12 21:05:51,081 [78c45de7-ea48-4d81-a27f-63dcd3d13ef6-groupManagement] INFO  server.RaftServerConfigKeys (ConfUtils.java:logGet(46)) - raft.server.log.queue.element-limit = 1024 (custom)
2023-09-12 21:05:51,082 [78c45de7-ea48-4d81-a27f-63dcd3d13ef6-groupManagement] INFO  server.RaftServerConfigKeys (ConfUtils.java:logGet(46)) - raft.server.log.segment.size.max = 1048576 (custom)
2023-09-12 21:05:51,082 [78c45de7-ea48-4d81-a27f-63dcd3d13ef6-groupManagement] INFO  server.RaftServerConfigKeys (ConfUtils.java:logGet(46)) - raft.server.log.preallocated.size = 16384 (custom)
2023-09-12 21:05:51,082 [78c45de7-ea48-4d81-a27f-63dcd3d13ef6-groupManagement] INFO  server.RaftServerConfigKeys (ConfUtils.java:logGet(46)) - raft.server.log.force.sync.num = 128 (default)
2023-09-12 21:05:51,082 [78c45de7-ea48-4d81-a27f-63dcd3d13ef6-groupManagement] INFO  server.RaftServerConfigKeys (ConfUtils.java:logGet(46)) - raft.server.log.statemachine.data.sync = true (default)
2023-09-12 21:05:51,082 [78c45de7-ea48-4d81-a27f-63dcd3d13ef6-groupManagement] INFO  server.RaftServerConfigKeys (ConfUtils.java:logGet(46)) - raft.server.log.statemachine.data.sync.timeout = 10s (default)
2023-09-12 21:05:51,082 [78c45de7-ea48-4d81-a27f-63dcd3d13ef6-groupManagement] INFO  server.RaftServerConfigKeys (ConfUtils.java:logGet(46)) - raft.server.log.statemachine.data.sync.timeout.retry = -1 (default)
2023-09-12 21:05:51,082 [78c45de7-ea48-4d81-a27f-63dcd3d13ef6-groupManagement] INFO  server.RaftServerConfigKeys (ConfUtils.java:logGet(46)) - raft.server.log.write.buffer.size = 1048576 (custom)
2023-09-12 21:05:51,083 [EventQueue-PipelineReportForPipelineReportHandler] INFO  pipeline.PipelineReportHandler (PipelineReportHandler.java:processPipelineReport(136)) - Opened pipeline PipelineID=049c2560-9622-491e-927d-21c0c8057b11
2023-09-12 21:05:51,083 [EventQueue-OpenPipelineForHealthyPipelineSafeModeRule] INFO  safemode.SCMSafeModeManager (HealthyPipelineSafeModeRule.java:process(137)) - SCM in safe mode. Healthy pipelines reported count is 0, required healthy pipeline reported count is 1
2023-09-12 21:05:51,083 [78c45de7-ea48-4d81-a27f-63dcd3d13ef6-groupManagement] INFO  server.RaftServerConfigKeys (ConfUtils.java:logGet(46)) - raft.server.log.appender.buffer.byte-limit = 33554432 (custom)
2023-09-12 21:05:51,341 [JvmPauseMonitor5] WARN  util.JvmPauseMonitor (JvmPauseMonitor.java:detectPause(124)) - JvmPauseMonitor-78c45de7-ea48-4d81-a27f-63dcd3d13ef6: Detected pause in JVM or host machine approximately 0.206s with 0.248s GC time.
GC pool 'PS MarkSweep' had collection(s): count=1 time=190ms
GC pool 'PS Scavenge' had collection(s): count=1 time=58ms
2023-09-12 21:05:51,342 [78c45de7-ea48-4d81-a27f-63dcd3d13ef6-groupManagement] INFO  server.RaftServerConfigKeys (ConfUtils.java:logGet(46)) - raft.server.log.unsafe-flush.enabled = false (default)
2023-09-12 21:05:51,342 [78c45de7-ea48-4d81-a27f-63dcd3d13ef6-groupManagement] INFO  server.RaftServerConfigKeys (ConfUtils.java:logGet(46)) - raft.server.log.async-flush.enabled = false (default)
2023-09-12 21:05:51,342 [78c45de7-ea48-4d81-a27f-63dcd3d13ef6-groupManagement] INFO  server.RaftServerConfigKeys (ConfUtils.java:logGet(46)) - raft.server.log.statemachine.data.caching.enabled = true (custom)
2023-09-12 21:05:51,343 [78c45de7-ea48-4d81-a27f-63dcd3d13ef6-groupManagement] INFO  segmented.SegmentedRaftLogWorker (SegmentedRaftLogWorker.java:lambda$new$0(135)) - 78c45de7-ea48-4d81-a27f-63dcd3d13ef6@group-21C0C8057B11-SegmentedRaftLogWorker: flushIndex: setUnconditionally 0 -> -1
2023-09-12 21:05:51,343 [78c45de7-ea48-4d81-a27f-63dcd3d13ef6-groupManagement] INFO  segmented.SegmentedRaftLogWorker (SegmentedRaftLogWorker.java:lambda$new$0(135)) - 78c45de7-ea48-4d81-a27f-63dcd3d13ef6@group-21C0C8057B11-SegmentedRaftLogWorker: safeCacheEvictIndex: setUnconditionally 0 -> -1
2023-09-12 21:05:51,343 [78c45de7-ea48-4d81-a27f-63dcd3d13ef6-groupManagement] INFO  server.RaftServer$Division (RaftServerImpl.java:start(342)) - 78c45de7-ea48-4d81-a27f-63dcd3d13ef6@group-21C0C8057B11: start as a follower, conf=-1: peers:[78c45de7-ea48-4d81-a27f-63dcd3d13ef6|rpc:10.1.0.4:15041|admin:10.1.0.4:15040|client:10.1.0.4:15039|dataStream:10.1.0.4:15042|priority:1|startupRole:FOLLOWER]|listeners:[], old=null
2023-09-12 21:05:51,343 [78c45de7-ea48-4d81-a27f-63dcd3d13ef6-groupManagement] INFO  server.RaftServer$Division (RaftServerImpl.java:setRole(329)) - 78c45de7-ea48-4d81-a27f-63dcd3d13ef6@group-21C0C8057B11: changes role from      null to FOLLOWER at term 0 for startAsFollower
2023-09-12 21:05:51,343 [78c45de7-ea48-4d81-a27f-63dcd3d13ef6-groupManagement] INFO  impl.RoleInfo (RoleInfo.java:updateAndGet(139)) - 78c45de7-ea48-4d81-a27f-63dcd3d13ef6: start 78c45de7-ea48-4d81-a27f-63dcd3d13ef6@group-21C0C8057B11-FollowerState
2023-09-12 21:05:51,344 [78c45de7-ea48-4d81-a27f-63dcd3d13ef6-groupManagement] INFO  util.JmxRegister (JmxRegister.java:tryRegister(44)) - Successfully registered JMX Bean with object name Ratis:service=RaftServer,group=group-21C0C8057B11,id=78c45de7-ea48-4d81-a27f-63dcd3d13ef6
2023-09-12 21:05:51,344 [78c45de7-ea48-4d81-a27f-63dcd3d13ef6-groupManagement] INFO  server.RaftServerConfigKeys (ConfUtils.java:logGet(46)) - raft.server.snapshot.auto.trigger.enabled = true (custom)
2023-09-12 21:05:51,344 [78c45de7-ea48-4d81-a27f-63dcd3d13ef6-groupManagement] INFO  server.RaftServerConfigKeys (ConfUtils.java:logGet(46)) - raft.server.snapshot.auto.trigger.threshold = 10000 (custom)
2023-09-12 21:05:51,344 [78c45de7-ea48-4d81-a27f-63dcd3d13ef6-groupManagement] INFO  server.RaftServerConfigKeys (ConfUtils.java:logGet(46)) - raft.server.snapshot.retention.file.num = 5 (custom)
2023-09-12 21:05:51,344 [78c45de7-ea48-4d81-a27f-63dcd3d13ef6-groupManagement] INFO  server.RaftServerConfigKeys (ConfUtils.java:logGet(46)) - raft.server.log.purge.upto.snapshot.index = false (default)
2023-09-12 21:05:51,345 [78c45de7-ea48-4d81-a27f-63dcd3d13ef6@group-21C0C8057B11-FollowerState] INFO  server.RaftServerConfigKeys (ConfUtils.java:logFallback(53)) - raft.server.rpc.first-election.timeout.min = 5s (fallback to raft.server.rpc.timeout.min)
2023-09-12 21:05:51,345 [78c45de7-ea48-4d81-a27f-63dcd3d13ef6@group-21C0C8057B11-FollowerState] INFO  server.RaftServerConfigKeys (ConfUtils.java:logFallback(53)) - raft.server.rpc.first-election.timeout.max = 5200ms (fallback to raft.server.rpc.timeout.max)
2023-09-12 21:05:51,345 [PipelineCommandHandlerThread-0] INFO  ratis.XceiverServerRatis (XceiverServerRatis.java:addGroup(804)) - Created group PipelineID=049c2560-9622-491e-927d-21c0c8057b11
2023-09-12 21:05:51,345 [PipelineCommandHandlerThread-0] INFO  commandhandler.CreatePipelineCommandHandler (CreatePipelineCommandHandler.java:lambda$handle$2(124)) - Created Pipeline RATIS ONE PipelineID=049c2560-9622-491e-927d-21c0c8057b11.
2023-09-12 21:05:51,392 [JUnit] INFO  ozone.MiniOzoneClusterImpl (MiniOzoneClusterImpl.java:lambda$waitForClusterToBeReady$0(224)) - Nodes are ready. Got 5 of 5 DN Heartbeats.
2023-09-12 21:05:51,392 [JUnit] INFO  ozone.MiniOzoneClusterImpl (MiniOzoneClusterImpl.java:lambda$waitForClusterToBeReady$0(227)) - Waiting for cluster to exit safe mode
2023-09-12 21:05:51,392 [JUnit] INFO  ozone.MiniOzoneClusterImpl (MiniOzoneClusterImpl.java:lambda$waitForClusterToBeReady$0(229)) - SCM became leader
2023-09-12 21:05:51,398 [PipelineCommandHandlerThread-0] INFO  server.RaftServer (RaftServerProxy.java:addNew(98)) - b1af18a3-9ed4-43ef-9d74-ef660abc83ed: addNew group-9A1C815A8BA7:[b1af18a3-9ed4-43ef-9d74-ef660abc83ed|rpc:10.1.0.4:15050|admin:10.1.0.4:15049|client:10.1.0.4:15048|dataStream:10.1.0.4:15051|priority:1|startupRole:FOLLOWER] returns group-9A1C815A8BA7:java.util.concurrent.CompletableFuture@5f10088a[Not completed]
2023-09-12 21:05:51,400 [b1af18a3-9ed4-43ef-9d74-ef660abc83ed-groupManagement] INFO  server.RaftServer$Division (RaftServerImpl.java:<init>(198)) - b1af18a3-9ed4-43ef-9d74-ef660abc83ed: new RaftServerImpl for group-9A1C815A8BA7:[b1af18a3-9ed4-43ef-9d74-ef660abc83ed|rpc:10.1.0.4:15050|admin:10.1.0.4:15049|client:10.1.0.4:15048|dataStream:10.1.0.4:15051|priority:1|startupRole:FOLLOWER] with ContainerStateMachine:uninitialized
2023-09-12 21:05:51,400 [b1af18a3-9ed4-43ef-9d74-ef660abc83ed-groupManagement] INFO  server.RaftServerConfigKeys (ConfUtils.java:logGet(46)) - raft.server.rpc.timeout.min = 5s (custom)
2023-09-12 21:05:51,400 [b1af18a3-9ed4-43ef-9d74-ef660abc83ed-groupManagement] INFO  server.RaftServerConfigKeys (ConfUtils.java:logGet(46)) - raft.server.rpc.timeout.max = 5200ms (custom)
2023-09-12 21:05:51,400 [b1af18a3-9ed4-43ef-9d74-ef660abc83ed-groupManagement] INFO  server.RaftServerConfigKeys (ConfUtils.java:logGet(46)) - raft.server.rpc.sleep.time = 25ms (default)
2023-09-12 21:05:51,400 [b1af18a3-9ed4-43ef-9d74-ef660abc83ed-groupManagement] INFO  server.RaftServerConfigKeys (ConfUtils.java:logGet(46)) - raft.server.rpc.slowness.timeout = 300000ms (custom)
2023-09-12 21:05:51,400 [b1af18a3-9ed4-43ef-9d74-ef660abc83ed-groupManagement] INFO  server.RaftServerConfigKeys (ConfUtils.java:logGet(46)) - raft.server.leaderelection.leader.step-down.wait-time = 10s (default)
2023-09-12 21:05:51,400 [b1af18a3-9ed4-43ef-9d74-ef660abc83ed-groupManagement] INFO  server.RaftServerConfigKeys (ConfUtils.java:logGet(46)) - raft.server.sleep.deviation.threshold = 300ms (default)
2023-09-12 21:05:51,400 [b1af18a3-9ed4-43ef-9d74-ef660abc83ed-groupManagement] INFO  server.RaftServer$Division (ServerState.java:<init>(120)) - b1af18a3-9ed4-43ef-9d74-ef660abc83ed@group-9A1C815A8BA7: ConfigurationManager, init=-1: peers:[b1af18a3-9ed4-43ef-9d74-ef660abc83ed|rpc:10.1.0.4:15050|admin:10.1.0.4:15049|client:10.1.0.4:15048|dataStream:10.1.0.4:15051|priority:1|startupRole:FOLLOWER]|listeners:[], old=null, confs=<EMPTY_MAP>
2023-09-12 21:05:51,400 [b1af18a3-9ed4-43ef-9d74-ef660abc83ed-groupManagement] INFO  server.RaftServerConfigKeys (ConfUtils.java:logGet(46)) - raft.server.storage.dir = [/home/runner/work/ozone/ozone/hadoop-ozone/integration-test/target/test-dir/MiniOzoneClusterImpl-0f4e02f1-3148-4106-9850-9963db652c57/datanode-4/data/ratis] (custom)
2023-09-12 21:05:51,400 [b1af18a3-9ed4-43ef-9d74-ef660abc83ed-groupManagement] INFO  server.RaftServerConfigKeys (ConfUtils.java:logGet(46)) - raft.server.log.corruption.policy = EXCEPTION (default)
2023-09-12 21:05:51,400 [b1af18a3-9ed4-43ef-9d74-ef660abc83ed-groupManagement] INFO  server.RaftServerConfigKeys (ConfUtils.java:logGet(46)) - raft.server.storage.free-space.min = 0MB (=0) (default)
2023-09-12 21:05:51,401 [b1af18a3-9ed4-43ef-9d74-ef660abc83ed-groupManagement] INFO  server.RaftServerConfigKeys (ConfUtils.java:logGet(46)) - raft.server.notification.no-leader.timeout = 300000ms (custom)
2023-09-12 21:05:51,401 [b1af18a3-9ed4-43ef-9d74-ef660abc83ed-groupManagement] INFO  server.RaftServerConfigKeys (ConfUtils.java:logGet(46)) - raft.server.read.timeout = 10s (default)
2023-09-12 21:05:51,401 [b1af18a3-9ed4-43ef-9d74-ef660abc83ed-groupManagement] INFO  server.RaftServerConfigKeys (ConfUtils.java:logGet(46)) - raft.server.retrycache.expirytime = 600000ms (custom)
2023-09-12 21:05:51,401 [b1af18a3-9ed4-43ef-9d74-ef660abc83ed-groupManagement] INFO  server.RaftServerConfigKeys (ConfUtils.java:logGet(46)) - raft.server.retrycache.statistics.expirytime = 100μs (default)
2023-09-12 21:05:51,401 [b1af18a3-9ed4-43ef-9d74-ef660abc83ed-groupManagement] INFO  server.RaftServerConfigKeys (ConfUtils.java:logGet(46)) - raft.server.read.option = DEFAULT (default)
2023-09-12 21:05:51,402 [b1af18a3-9ed4-43ef-9d74-ef660abc83ed-groupManagement] INFO  server.RaftServerConfigKeys (ConfUtils.java:logGet(46)) - raft.server.rpc.request.timeout = 3000ms (default)
2023-09-12 21:05:51,402 [b1af18a3-9ed4-43ef-9d74-ef660abc83ed-groupManagement] INFO  server.RaftServerConfigKeys (ConfUtils.java:logGet(46)) - raft.server.log.appender.install.snapshot.enabled = false (custom)
2023-09-12 21:05:51,402 [b1af18a3-9ed4-43ef-9d74-ef660abc83ed-groupManagement] INFO  server.RaftServerConfigKeys (ConfUtils.java:logGet(46)) - raft.server.threadpool.server.cached = true (default)
2023-09-12 21:05:51,402 [b1af18a3-9ed4-43ef-9d74-ef660abc83ed-groupManagement] INFO  server.RaftServerConfigKeys (ConfUtils.java:logGet(46)) - raft.server.threadpool.server.size = 0 (default)
2023-09-12 21:05:51,402 [b1af18a3-9ed4-43ef-9d74-ef660abc83ed-groupManagement] INFO  server.RaftServerConfigKeys (ConfUtils.java:logGet(46)) - raft.server.threadpool.client.cached = true (default)
2023-09-12 21:05:51,402 [b1af18a3-9ed4-43ef-9d74-ef660abc83ed-groupManagement] INFO  server.RaftServerConfigKeys (ConfUtils.java:logGet(46)) - raft.server.threadpool.client.size = 0 (default)
2023-09-12 21:05:51,403 [b1af18a3-9ed4-43ef-9d74-ef660abc83ed-groupManagement] INFO  storage.RaftStorageDirectory (RaftStorageDirectoryImpl.java:analyzeStorage(137)) - The storage directory /home/runner/work/ozone/ozone/hadoop-ozone/integration-test/target/test-dir/MiniOzoneClusterImpl-0f4e02f1-3148-4106-9850-9963db652c57/datanode-4/data/ratis/65fdacee-1569-4c1c-b49a-9a1c815a8ba7 does not exist. Creating ...
2023-09-12 21:05:51,404 [b1af18a3-9ed4-43ef-9d74-ef660abc83ed-groupManagement] INFO  storage.RaftStorageDirectory (RaftStorageDirectoryImpl.java:tryLock(231)) - Lock on /home/runner/work/ozone/ozone/hadoop-ozone/integration-test/target/test-dir/MiniOzoneClusterImpl-0f4e02f1-3148-4106-9850-9963db652c57/datanode-4/data/ratis/65fdacee-1569-4c1c-b49a-9a1c815a8ba7/in_use.lock acquired by nodename 5540@fv-az740-690
2023-09-12 21:05:51,405 [b1af18a3-9ed4-43ef-9d74-ef660abc83ed-groupManagement] INFO  storage.RaftStorage (RaftStorageImpl.java:format(96)) - Storage directory /home/runner/work/ozone/ozone/hadoop-ozone/integration-test/target/test-dir/MiniOzoneClusterImpl-0f4e02f1-3148-4106-9850-9963db652c57/datanode-4/data/ratis/65fdacee-1569-4c1c-b49a-9a1c815a8ba7 has been successfully formatted.
2023-09-12 21:05:51,406 [b1af18a3-9ed4-43ef-9d74-ef660abc83ed-groupManagement] INFO  ratis.ContainerStateMachine (ContainerStateMachine.java:loadSnapshot(262)) - group-9A1C815A8BA7: The snapshot info is null. Setting the last applied indexto:(t:0, i:~)
2023-09-12 21:05:51,406 [b1af18a3-9ed4-43ef-9d74-ef660abc83ed-groupManagement] INFO  server.RaftServerConfigKeys (ConfUtils.java:logGet(46)) - raft.server.log.use.memory = false (default)
2023-09-12 21:05:51,406 [b1af18a3-9ed4-43ef-9d74-ef660abc83ed-groupManagement] INFO  server.RaftServerConfigKeys (ConfUtils.java:logGet(46)) - raft.server.log.purge.gap = 1000000 (custom)
2023-09-12 21:05:51,406 [b1af18a3-9ed4-43ef-9d74-ef660abc83ed-groupManagement] INFO  server.RaftServerConfigKeys (ConfUtils.java:logGet(46)) - raft.server.log.appender.buffer.byte-limit = 33554432 (custom)
2023-09-12 21:05:51,406 [b1af18a3-9ed4-43ef-9d74-ef660abc83ed-groupManagement] INFO  server.RaftServerConfigKeys (ConfUtils.java:logGet(46)) - raft.server.log.statemachine.data.read.timeout = 1000ms (default)
2023-09-12 21:05:51,406 [b1af18a3-9ed4-43ef-9d74-ef660abc83ed-groupManagement] INFO  server.RaftServerConfigKeys (ConfUtils.java:logGet(46)) - raft.server.log.purge.preservation.log.num = 0 (default)
2023-09-12 21:05:51,406 [b1af18a3-9ed4-43ef-9d74-ef660abc83ed-groupManagement] INFO  server.RaftServerConfigKeys (ConfUtils.java:logGet(46)) - raft.server.log.segment.size.max = 1048576 (custom)
2023-09-12 21:05:51,407 [b1af18a3-9ed4-43ef-9d74-ef660abc83ed-groupManagement] INFO  server.RaftServerConfigKeys (ConfUtils.java:logGet(46)) - raft.server.log.segment.cache.num.max = 2 (custom)
2023-09-12 21:05:51,407 [b1af18a3-9ed4-43ef-9d74-ef660abc83ed-groupManagement] INFO  server.RaftServerConfigKeys (ConfUtils.java:logGet(46)) - raft.server.log.segment.cache.size.max = 200MB (=209715200) (default)
2023-09-12 21:05:51,408 [b1af18a3-9ed4-43ef-9d74-ef660abc83ed-groupManagement] INFO  server.RaftServerConfigKeys (ConfUtils.java:logGet(46)) - raft.server.log.appender.buffer.byte-limit = 33554432 (custom)
2023-09-12 21:05:51,408 [b1af18a3-9ed4-43ef-9d74-ef660abc83ed-groupManagement] INFO  segmented.SegmentedRaftLogWorker (SegmentedRaftLogWorker.java:<init>(188)) - new b1af18a3-9ed4-43ef-9d74-ef660abc83ed@group-9A1C815A8BA7-SegmentedRaftLogWorker for RaftStorageImpl:Storage Directory /home/runner/work/ozone/ozone/hadoop-ozone/integration-test/target/test-dir/MiniOzoneClusterImpl-0f4e02f1-3148-4106-9850-9963db652c57/datanode-4/data/ratis/65fdacee-1569-4c1c-b49a-9a1c815a8ba7
2023-09-12 21:05:51,408 [b1af18a3-9ed4-43ef-9d74-ef660abc83ed-groupManagement] INFO  server.RaftServerConfigKeys (ConfUtils.java:logGet(46)) - raft.server.log.queue.byte-limit = 4294967296 (custom)
2023-09-12 21:05:51,408 [b1af18a3-9ed4-43ef-9d74-ef660abc83ed-groupManagement] INFO  server.RaftServerConfigKeys (ConfUtils.java:logGet(46)) - raft.server.log.queue.element-limit = 1024 (custom)
2023-09-12 21:05:51,408 [b1af18a3-9ed4-43ef-9d74-ef660abc83ed-groupManagement] INFO  server.RaftServerConfigKeys (ConfUtils.java:logGet(46)) - raft.server.log.segment.size.max = 1048576 (custom)
2023-09-12 21:05:51,408 [b1af18a3-9ed4-43ef-9d74-ef660abc83ed-groupManagement] INFO  server.RaftServerConfigKeys (ConfUtils.java:logGet(46)) - raft.server.log.preallocated.size = 16384 (custom)
2023-09-12 21:05:51,408 [b1af18a3-9ed4-43ef-9d74-ef660abc83ed-groupManagement] INFO  server.RaftServerConfigKeys (ConfUtils.java:logGet(46)) - raft.server.log.force.sync.num = 128 (default)
2023-09-12 21:05:51,408 [b1af18a3-9ed4-43ef-9d74-ef660abc83ed-groupManagement] INFO  server.RaftServerConfigKeys (ConfUtils.java:logGet(46)) - raft.server.log.statemachine.data.sync = true (default)
2023-09-12 21:05:51,408 [b1af18a3-9ed4-43ef-9d74-ef660abc83ed-groupManagement] INFO  server.RaftServerConfigKeys (ConfUtils.java:logGet(46)) - raft.server.log.statemachine.data.sync.timeout = 10s (default)
2023-09-12 21:05:51,408 [b1af18a3-9ed4-43ef-9d74-ef660abc83ed-groupManagement] INFO  server.RaftServerConfigKeys (ConfUtils.java:logGet(46)) - raft.server.log.statemachine.data.sync.timeout.retry = -1 (default)
2023-09-12 21:05:51,408 [EventQueue-PipelineReportForPipelineReportHandler] INFO  pipeline.PipelineReportHandler (PipelineReportHandler.java:processPipelineReport(136)) - Opened pipeline PipelineID=65fdacee-1569-4c1c-b49a-9a1c815a8ba7
2023-09-12 21:05:51,409 [b1af18a3-9ed4-43ef-9d74-ef660abc83ed-groupManagement] INFO  server.RaftServerConfigKeys (ConfUtils.java:logGet(46)) - raft.server.log.write.buffer.size = 1048576 (custom)
2023-09-12 21:05:51,409 [EventQueue-OpenPipelineForHealthyPipelineSafeModeRule] INFO  safemode.SCMSafeModeManager (HealthyPipelineSafeModeRule.java:process(137)) - SCM in safe mode. Healthy pipelines reported count is 0, required healthy pipeline reported count is 1
2023-09-12 21:05:51,409 [b1af18a3-9ed4-43ef-9d74-ef660abc83ed-groupManagement] INFO  server.RaftServerConfigKeys (ConfUtils.java:logGet(46)) - raft.server.log.appender.buffer.byte-limit = 33554432 (custom)
2023-09-12 21:05:51,412 [b1af18a3-9ed4-43ef-9d74-ef660abc83ed-groupManagement] INFO  server.RaftServerConfigKeys (ConfUtils.java:logGet(46)) - raft.server.log.unsafe-flush.enabled = false (default)
2023-09-12 21:05:51,412 [b1af18a3-9ed4-43ef-9d74-ef660abc83ed-groupManagement] INFO  server.RaftServerConfigKeys (ConfUtils.java:logGet(46)) - raft.server.log.async-flush.enabled = false (default)
2023-09-12 21:05:51,412 [b1af18a3-9ed4-43ef-9d74-ef660abc83ed-groupManagement] INFO  server.RaftServerConfigKeys (ConfUtils.java:logGet(46)) - raft.server.log.statemachine.data.caching.enabled = true (custom)
2023-09-12 21:05:51,413 [b1af18a3-9ed4-43ef-9d74-ef660abc83ed-groupManagement] INFO  segmented.SegmentedRaftLogWorker (SegmentedRaftLogWorker.java:lambda$new$0(135)) - b1af18a3-9ed4-43ef-9d74-ef660abc83ed@group-9A1C815A8BA7-SegmentedRaftLogWorker: flushIndex: setUnconditionally 0 -> -1
2023-09-12 21:05:51,413 [b1af18a3-9ed4-43ef-9d74-ef660abc83ed-groupManagement] INFO  segmented.SegmentedRaftLogWorker (SegmentedRaftLogWorker.java:lambda$new$0(135)) - b1af18a3-9ed4-43ef-9d74-ef660abc83ed@group-9A1C815A8BA7-SegmentedRaftLogWorker: safeCacheEvictIndex: setUnconditionally 0 -> -1
2023-09-12 21:05:51,418 [b1af18a3-9ed4-43ef-9d74-ef660abc83ed-groupManagement] INFO  server.RaftServer$Division (RaftServerImpl.java:start(342)) - b1af18a3-9ed4-43ef-9d74-ef660abc83ed@group-9A1C815A8BA7: start as a follower, conf=-1: peers:[b1af18a3-9ed4-43ef-9d74-ef660abc83ed|rpc:10.1.0.4:15050|admin:10.1.0.4:15049|client:10.1.0.4:15048|dataStream:10.1.0.4:15051|priority:1|startupRole:FOLLOWER]|listeners:[], old=null
2023-09-12 21:05:51,418 [b1af18a3-9ed4-43ef-9d74-ef660abc83ed-groupManagement] INFO  server.RaftServer$Division (RaftServerImpl.java:setRole(329)) - b1af18a3-9ed4-43ef-9d74-ef660abc83ed@group-9A1C815A8BA7: changes role from      null to FOLLOWER at term 0 for startAsFollower
2023-09-12 21:05:51,418 [b1af18a3-9ed4-43ef-9d74-ef660abc83ed-groupManagement] INFO  impl.RoleInfo (RoleInfo.java:updateAndGet(139)) - b1af18a3-9ed4-43ef-9d74-ef660abc83ed: start b1af18a3-9ed4-43ef-9d74-ef660abc83ed@group-9A1C815A8BA7-FollowerState
2023-09-12 21:05:51,418 [b1af18a3-9ed4-43ef-9d74-ef660abc83ed-groupManagement] INFO  util.JmxRegister (JmxRegister.java:tryRegister(44)) - Successfully registered JMX Bean with object name Ratis:service=RaftServer,group=group-9A1C815A8BA7,id=b1af18a3-9ed4-43ef-9d74-ef660abc83ed
2023-09-12 21:05:51,418 [b1af18a3-9ed4-43ef-9d74-ef660abc83ed-groupManagement] INFO  server.RaftServerConfigKeys (ConfUtils.java:logGet(46)) - raft.server.snapshot.auto.trigger.enabled = true (custom)
2023-09-12 21:05:51,418 [b1af18a3-9ed4-43ef-9d74-ef660abc83ed-groupManagement] INFO  server.RaftServerConfigKeys (ConfUtils.java:logGet(46)) - raft.server.snapshot.auto.trigger.threshold = 10000 (custom)
2023-09-12 21:05:51,418 [b1af18a3-9ed4-43ef-9d74-ef660abc83ed-groupManagement] INFO  server.RaftServerConfigKeys (ConfUtils.java:logGet(46)) - raft.server.snapshot.retention.file.num = 5 (custom)
2023-09-12 21:05:51,418 [b1af18a3-9ed4-43ef-9d74-ef660abc83ed-groupManagement] INFO  server.RaftServerConfigKeys (ConfUtils.java:logGet(46)) - raft.server.log.purge.upto.snapshot.index = false (default)
2023-09-12 21:05:51,419 [b1af18a3-9ed4-43ef-9d74-ef660abc83ed@group-9A1C815A8BA7-FollowerState] INFO  server.RaftServerConfigKeys (ConfUtils.java:logFallback(53)) - raft.server.rpc.first-election.timeout.min = 5s (fallback to raft.server.rpc.timeout.min)
2023-09-12 21:05:51,419 [b1af18a3-9ed4-43ef-9d74-ef660abc83ed@group-9A1C815A8BA7-FollowerState] INFO  server.RaftServerConfigKeys (ConfUtils.java:logFallback(53)) - raft.server.rpc.first-election.timeout.max = 5200ms (fallback to raft.server.rpc.timeout.max)
2023-09-12 21:05:51,419 [PipelineCommandHandlerThread-0] INFO  ratis.XceiverServerRatis (XceiverServerRatis.java:addGroup(804)) - Created group PipelineID=65fdacee-1569-4c1c-b49a-9a1c815a8ba7
2023-09-12 21:05:51,419 [PipelineCommandHandlerThread-0] INFO  commandhandler.CreatePipelineCommandHandler (CreatePipelineCommandHandler.java:lambda$handle$2(124)) - Created Pipeline RATIS ONE PipelineID=65fdacee-1569-4c1c-b49a-9a1c815a8ba7.
2023-09-12 21:05:52,392 [JUnit] INFO  ozone.MiniOzoneClusterImpl (MiniOzoneClusterImpl.java:lambda$waitForClusterToBeReady$0(224)) - Nodes are ready. Got 5 of 5 DN Heartbeats.
2023-09-12 21:05:52,393 [JUnit] INFO  ozone.MiniOzoneClusterImpl (MiniOzoneClusterImpl.java:lambda$waitForClusterToBeReady$0(227)) - Waiting for cluster to exit safe mode
2023-09-12 21:05:52,393 [JUnit] INFO  ozone.MiniOzoneClusterImpl (MiniOzoneClusterImpl.java:lambda$waitForClusterToBeReady$0(229)) - SCM became leader
2023-09-12 21:05:53,393 [JUnit] INFO  ozone.MiniOzoneClusterImpl (MiniOzoneClusterImpl.java:lambda$waitForClusterToBeReady$0(224)) - Nodes are ready. Got 5 of 5 DN Heartbeats.
2023-09-12 21:05:53,393 [JUnit] INFO  ozone.MiniOzoneClusterImpl (MiniOzoneClusterImpl.java:lambda$waitForClusterToBeReady$0(227)) - Waiting for cluster to exit safe mode
2023-09-12 21:05:53,393 [JUnit] INFO  ozone.MiniOzoneClusterImpl (MiniOzoneClusterImpl.java:lambda$waitForClusterToBeReady$0(229)) - SCM became leader
2023-09-12 21:05:54,393 [JUnit] INFO  ozone.MiniOzoneClusterImpl (MiniOzoneClusterImpl.java:lambda$waitForClusterToBeReady$0(224)) - Nodes are ready. Got 5 of 5 DN Heartbeats.
2023-09-12 21:05:54,393 [JUnit] INFO  ozone.MiniOzoneClusterImpl (MiniOzoneClusterImpl.java:lambda$waitForClusterToBeReady$0(227)) - Waiting for cluster to exit safe mode
2023-09-12 21:05:54,394 [JUnit] INFO  ozone.MiniOzoneClusterImpl (MiniOzoneClusterImpl.java:lambda$waitForClusterToBeReady$0(229)) - SCM became leader
2023-09-12 21:05:55,010 [9ece4d1d-2112-49ce-a0f9-c544e683daa2@group-5878589FB01C-FollowerState] INFO  impl.FollowerState (FollowerState.java:run(143)) - 9ece4d1d-2112-49ce-a0f9-c544e683daa2@group-5878589FB01C-FollowerState: change to CANDIDATE, lastRpcElapsedTime:5012488796ns, electionTimeout:5005ms
2023-09-12 21:05:55,010 [9ece4d1d-2112-49ce-a0f9-c544e683daa2@group-5878589FB01C-FollowerState] INFO  impl.RoleInfo (RoleInfo.java:shutdownFollowerState(110)) - 9ece4d1d-2112-49ce-a0f9-c544e683daa2: shutdown 9ece4d1d-2112-49ce-a0f9-c544e683daa2@group-5878589FB01C-FollowerState
2023-09-12 21:05:55,010 [9ece4d1d-2112-49ce-a0f9-c544e683daa2@group-5878589FB01C-FollowerState] INFO  server.RaftServer$Division (RaftServerImpl.java:setRole(329)) - 9ece4d1d-2112-49ce-a0f9-c544e683daa2@group-5878589FB01C: changes role from  FOLLOWER to CANDIDATE at term 0 for changeToCandidate
2023-09-12 21:05:55,011 [9ece4d1d-2112-49ce-a0f9-c544e683daa2@group-5878589FB01C-FollowerState] INFO  server.RaftServerConfigKeys (ConfUtils.java:logGet(46)) - raft.server.leaderelection.pre-vote = true (default)
2023-09-12 21:05:55,011 [9ece4d1d-2112-49ce-a0f9-c544e683daa2@group-5878589FB01C-FollowerState] INFO  impl.RoleInfo (RoleInfo.java:updateAndGet(139)) - 9ece4d1d-2112-49ce-a0f9-c544e683daa2: start 9ece4d1d-2112-49ce-a0f9-c544e683daa2@group-5878589FB01C-LeaderElection2
2023-09-12 21:05:55,016 [9ece4d1d-2112-49ce-a0f9-c544e683daa2@group-5878589FB01C-LeaderElection2] INFO  impl.LeaderElection (LeaderElection.java:askForVotes(321)) - 9ece4d1d-2112-49ce-a0f9-c544e683daa2@group-5878589FB01C-LeaderElection2 PRE_VOTE round 0: submit vote requests at term 0 for -1: peers:[9ece4d1d-2112-49ce-a0f9-c544e683daa2|rpc:10.1.0.4:15014|admin:10.1.0.4:15013|client:10.1.0.4:15012|dataStream:10.1.0.4:15015|priority:0|startupRole:FOLLOWER, 0c20a109-2ea1-4d97-ad73-cac537996a23|rpc:10.1.0.4:15023|admin:10.1.0.4:15022|client:10.1.0.4:15021|dataStream:10.1.0.4:15024|priority:1|startupRole:FOLLOWER, f162601e-1a73-446f-bfff-b907124620c0|rpc:10.1.0.4:15032|admin:10.1.0.4:15031|client:10.1.0.4:15030|dataStream:10.1.0.4:15033|priority:0|startupRole:FOLLOWER]|listeners:[], old=null
2023-09-12 21:05:55,021 [9ece4d1d-2112-49ce-a0f9-c544e683daa2@group-5878589FB01C-LeaderElection2] INFO  server.RaftServerConfigKeys (ConfUtils.java:logFallback(53)) - raft.server.rpc.first-election.timeout.min = 5s (fallback to raft.server.rpc.timeout.min)
2023-09-12 21:05:55,021 [9ece4d1d-2112-49ce-a0f9-c544e683daa2@group-5878589FB01C-LeaderElection2] INFO  server.RaftServerConfigKeys (ConfUtils.java:logFallback(53)) - raft.server.rpc.first-election.timeout.max = 5200ms (fallback to raft.server.rpc.timeout.max)
2023-09-12 21:05:55,023 [9ece4d1d-2112-49ce-a0f9-c544e683daa2@group-5878589FB01C-LeaderElection2-1] INFO  server.GrpcServerProtocolClient (GrpcServerProtocolClient.java:<init>(65)) - Build channel for 0c20a109-2ea1-4d97-ad73-cac537996a23
2023-09-12 21:05:55,030 [9ece4d1d-2112-49ce-a0f9-c544e683daa2@group-5878589FB01C-LeaderElection2-2] INFO  server.GrpcServerProtocolClient (GrpcServerProtocolClient.java:<init>(65)) - Build channel for f162601e-1a73-446f-bfff-b907124620c0
2023-09-12 21:05:55,048 [grpc-default-executor-1] INFO  server.RaftServer$Division (RaftServerImpl.java:requestVote(1302)) - 0c20a109-2ea1-4d97-ad73-cac537996a23@group-5878589FB01C: receive requestVote(PRE_VOTE, 9ece4d1d-2112-49ce-a0f9-c544e683daa2, group-5878589FB01C, 0, (t:0, i:0))
2023-09-12 21:05:55,049 [grpc-default-executor-1] INFO  impl.VoteContext (VoteContext.java:log(49)) - 0c20a109-2ea1-4d97-ad73-cac537996a23@group-5878589FB01C-FOLLOWER: reject PRE_VOTE from 9ece4d1d-2112-49ce-a0f9-c544e683daa2: our priority 1 > candidate's priority 0
2023-09-12 21:05:55,051 [grpc-default-executor-1] INFO  server.RaftServer$Division (RaftServerImpl.java:requestVote(1335)) - 0c20a109-2ea1-4d97-ad73-cac537996a23@group-5878589FB01C replies to PRE_VOTE vote request: 9ece4d1d-2112-49ce-a0f9-c544e683daa2<-0c20a109-2ea1-4d97-ad73-cac537996a23#0:FAIL-t0. Peer's state: 0c20a109-2ea1-4d97-ad73-cac537996a23@group-5878589FB01C:t0, leader=null, voted=, raftlog=Memoized:0c20a109-2ea1-4d97-ad73-cac537996a23@group-5878589FB01C-SegmentedRaftLog:OPENED:c-1, conf=-1: peers:[9ece4d1d-2112-49ce-a0f9-c544e683daa2|rpc:10.1.0.4:15014|admin:10.1.0.4:15013|client:10.1.0.4:15012|dataStream:10.1.0.4:15015|priority:0|startupRole:FOLLOWER, 0c20a109-2ea1-4d97-ad73-cac537996a23|rpc:10.1.0.4:15023|admin:10.1.0.4:15022|client:10.1.0.4:15021|dataStream:10.1.0.4:15024|priority:1|startupRole:FOLLOWER, f162601e-1a73-446f-bfff-b907124620c0|rpc:10.1.0.4:15032|admin:10.1.0.4:15031|client:10.1.0.4:15030|dataStream:10.1.0.4:15033|priority:0|startupRole:FOLLOWER]|listeners:[], old=null
2023-09-12 21:05:55,054 [grpc-default-executor-1] INFO  server.RaftServer$Division (RaftServerImpl.java:requestVote(1302)) - f162601e-1a73-446f-bfff-b907124620c0@group-5878589FB01C: receive requestVote(PRE_VOTE, 9ece4d1d-2112-49ce-a0f9-c544e683daa2, group-5878589FB01C, 0, (t:0, i:0))
2023-09-12 21:05:55,054 [grpc-default-executor-1] INFO  impl.VoteContext (VoteContext.java:log(49)) - f162601e-1a73-446f-bfff-b907124620c0@group-5878589FB01C-FOLLOWER: accept PRE_VOTE from 9ece4d1d-2112-49ce-a0f9-c544e683daa2: our priority 0 <= candidate's priority 0
2023-09-12 21:05:55,055 [9ece4d1d-2112-49ce-a0f9-c544e683daa2@group-5878589FB01C-LeaderElection2] INFO  impl.LeaderElection (LeaderElection.java:logAndReturn(90)) - 9ece4d1d-2112-49ce-a0f9-c544e683daa2@group-5878589FB01C-LeaderElection2: PRE_VOTE REJECTED received 1 response(s) and 0 exception(s):
2023-09-12 21:05:55,056 [9ece4d1d-2112-49ce-a0f9-c544e683daa2@group-5878589FB01C-LeaderElection2] INFO  impl.LeaderElection (LeaderElection.java:logAndReturn(94)) -   Response 0: 9ece4d1d-2112-49ce-a0f9-c544e683daa2<-0c20a109-2ea1-4d97-ad73-cac537996a23#0:FAIL-t0
2023-09-12 21:05:55,056 [9ece4d1d-2112-49ce-a0f9-c544e683daa2@group-5878589FB01C-LeaderElection2] INFO  impl.LeaderElection (LeaderElection.java:askForVotes(323)) - 9ece4d1d-2112-49ce-a0f9-c544e683daa2@group-5878589FB01C-LeaderElection2 PRE_VOTE round 0: result REJECTED
2023-09-12 21:05:55,056 [9ece4d1d-2112-49ce-a0f9-c544e683daa2@group-5878589FB01C-LeaderElection2] INFO  server.RaftServer$Division (RaftServerImpl.java:setRole(329)) - 9ece4d1d-2112-49ce-a0f9-c544e683daa2@group-5878589FB01C: changes role from CANDIDATE to FOLLOWER at term 0 for REJECTED
2023-09-12 21:05:55,056 [9ece4d1d-2112-49ce-a0f9-c544e683daa2@group-5878589FB01C-LeaderElection2] INFO  impl.RoleInfo (RoleInfo.java:shutdownLeaderElection(130)) - 9ece4d1d-2112-49ce-a0f9-c544e683daa2: shutdown 9ece4d1d-2112-49ce-a0f9-c544e683daa2@group-5878589FB01C-LeaderElection2
2023-09-12 21:05:55,057 [9ece4d1d-2112-49ce-a0f9-c544e683daa2@group-5878589FB01C-LeaderElection2] INFO  impl.RoleInfo (RoleInfo.java:updateAndGet(139)) - 9ece4d1d-2112-49ce-a0f9-c544e683daa2: start 9ece4d1d-2112-49ce-a0f9-c544e683daa2@group-5878589FB01C-FollowerState
2023-09-12 21:05:55,059 [grpc-default-executor-1] INFO  server.RaftServer$Division (RaftServerImpl.java:requestVote(1335)) - f162601e-1a73-446f-bfff-b907124620c0@group-5878589FB01C replies to PRE_VOTE vote request: 9ece4d1d-2112-49ce-a0f9-c544e683daa2<-f162601e-1a73-446f-bfff-b907124620c0#0:OK-t0. Peer's state: f162601e-1a73-446f-bfff-b907124620c0@group-5878589FB01C:t0, leader=null, voted=, raftlog=Memoized:f162601e-1a73-446f-bfff-b907124620c0@group-5878589FB01C-SegmentedRaftLog:OPENED:c-1, conf=-1: peers:[9ece4d1d-2112-49ce-a0f9-c544e683daa2|rpc:10.1.0.4:15014|admin:10.1.0.4:15013|client:10.1.0.4:15012|dataStream:10.1.0.4:15015|priority:0|startupRole:FOLLOWER, 0c20a109-2ea1-4d97-ad73-cac537996a23|rpc:10.1.0.4:15023|admin:10.1.0.4:15022|client:10.1.0.4:15021|dataStream:10.1.0.4:15024|priority:1|startupRole:FOLLOWER, f162601e-1a73-446f-bfff-b907124620c0|rpc:10.1.0.4:15032|admin:10.1.0.4:15031|client:10.1.0.4:15030|dataStream:10.1.0.4:15033|priority:0|startupRole:FOLLOWER]|listeners:[], old=null
2023-09-12 21:05:55,087 [9ece4d1d-2112-49ce-a0f9-c544e683daa2@group-E199E82519C1-FollowerState] INFO  impl.FollowerState (FollowerState.java:run(143)) - 9ece4d1d-2112-49ce-a0f9-c544e683daa2@group-E199E82519C1-FollowerState: change to CANDIDATE, lastRpcElapsedTime:5125219646ns, electionTimeout:5123ms
2023-09-12 21:05:55,088 [9ece4d1d-2112-49ce-a0f9-c544e683daa2@group-E199E82519C1-FollowerState] INFO  impl.RoleInfo (RoleInfo.java:shutdownFollowerState(110)) - 9ece4d1d-2112-49ce-a0f9-c544e683daa2: shutdown 9ece4d1d-2112-49ce-a0f9-c544e683daa2@group-E199E82519C1-FollowerState
2023-09-12 21:05:55,089 [9ece4d1d-2112-49ce-a0f9-c544e683daa2@group-E199E82519C1-FollowerState] INFO  server.RaftServer$Division (RaftServerImpl.java:setRole(329)) - 9ece4d1d-2112-49ce-a0f9-c544e683daa2@group-E199E82519C1: changes role from  FOLLOWER to CANDIDATE at term 0 for changeToCandidate
2023-09-12 21:05:55,090 [9ece4d1d-2112-49ce-a0f9-c544e683daa2@group-E199E82519C1-FollowerState] INFO  server.RaftServerConfigKeys (ConfUtils.java:logGet(46)) - raft.server.leaderelection.pre-vote = true (default)
2023-09-12 21:05:55,090 [9ece4d1d-2112-49ce-a0f9-c544e683daa2@group-E199E82519C1-FollowerState] INFO  impl.RoleInfo (RoleInfo.java:updateAndGet(139)) - 9ece4d1d-2112-49ce-a0f9-c544e683daa2: start 9ece4d1d-2112-49ce-a0f9-c544e683daa2@group-E199E82519C1-LeaderElection3
2023-09-12 21:05:55,096 [9ece4d1d-2112-49ce-a0f9-c544e683daa2@group-E199E82519C1-LeaderElection3] INFO  impl.LeaderElection (LeaderElection.java:askForVotes(321)) - 9ece4d1d-2112-49ce-a0f9-c544e683daa2@group-E199E82519C1-LeaderElection3 PRE_VOTE round 0: submit vote requests at term 0 for -1: peers:[9ece4d1d-2112-49ce-a0f9-c544e683daa2|rpc:10.1.0.4:15014|admin:10.1.0.4:15013|client:10.1.0.4:15012|dataStream:10.1.0.4:15015|priority:1|startupRole:FOLLOWER]|listeners:[], old=null
2023-09-12 21:05:55,097 [9ece4d1d-2112-49ce-a0f9-c544e683daa2@group-E199E82519C1-LeaderElection3] INFO  impl.LeaderElection (LeaderElection.java:askForVotes(323)) - 9ece4d1d-2112-49ce-a0f9-c544e683daa2@group-E199E82519C1-LeaderElection3 PRE_VOTE round 0: result PASSED (term=0)
2023-09-12 21:05:55,099 [9ece4d1d-2112-49ce-a0f9-c544e683daa2@group-E199E82519C1-LeaderElection3] INFO  impl.LeaderElection (LeaderElection.java:askForVotes(321)) - 9ece4d1d-2112-49ce-a0f9-c544e683daa2@group-E199E82519C1-LeaderElection3 ELECTION round 0: submit vote requests at term 1 for -1: peers:[9ece4d1d-2112-49ce-a0f9-c544e683daa2|rpc:10.1.0.4:15014|admin:10.1.0.4:15013|client:10.1.0.4:15012|dataStream:10.1.0.4:15015|priority:1|startupRole:FOLLOWER]|listeners:[], old=null
2023-09-12 21:05:55,099 [9ece4d1d-2112-49ce-a0f9-c544e683daa2@group-E199E82519C1-LeaderElection3] INFO  impl.LeaderElection (LeaderElection.java:askForVotes(323)) - 9ece4d1d-2112-49ce-a0f9-c544e683daa2@group-E199E82519C1-LeaderElection3 ELECTION round 0: result PASSED (term=1)
2023-09-12 21:05:55,099 [9ece4d1d-2112-49ce-a0f9-c544e683daa2@group-E199E82519C1-LeaderElection3] INFO  impl.RoleInfo (RoleInfo.java:shutdownLeaderElection(130)) - 9ece4d1d-2112-49ce-a0f9-c544e683daa2: shutdown 9ece4d1d-2112-49ce-a0f9-c544e683daa2@group-E199E82519C1-LeaderElection3
2023-09-12 21:05:55,099 [9ece4d1d-2112-49ce-a0f9-c544e683daa2@group-E199E82519C1-LeaderElection3] INFO  server.RaftServer$Division (RaftServerImpl.java:setRole(329)) - 9ece4d1d-2112-49ce-a0f9-c544e683daa2@group-E199E82519C1: changes role from CANDIDATE to LEADER at term 1 for changeToLeader
2023-09-12 21:05:55,099 [9ece4d1d-2112-49ce-a0f9-c544e683daa2@group-E199E82519C1-LeaderElection3] INFO  ratis.XceiverServerRatis (XceiverServerRatis.java:handleLeaderChangedNotification(902)) - Leader change notification received for group: group-E199E82519C1 with new leaderId: 9ece4d1d-2112-49ce-a0f9-c544e683daa2
2023-09-12 21:05:55,099 [9ece4d1d-2112-49ce-a0f9-c544e683daa2@group-E199E82519C1-LeaderElection3] INFO  server.RaftServer$Division (ServerState.java:setLeader(317)) - 9ece4d1d-2112-49ce-a0f9-c544e683daa2@group-E199E82519C1: change Leader from null to 9ece4d1d-2112-49ce-a0f9-c544e683daa2 at term 1 for becomeLeader, leader elected after 5154ms
2023-09-12 21:05:55,099 [9ece4d1d-2112-49ce-a0f9-c544e683daa2@group-E199E82519C1-LeaderElection3] INFO  server.RaftServerConfigKeys (ConfUtils.java:logGet(46)) - raft.server.staging.catchup.gap = 1000 (default)
2023-09-12 21:05:55,099 [9ece4d1d-2112-49ce-a0f9-c544e683daa2@group-E199E82519C1-LeaderElection3] INFO  server.RaftServerConfigKeys (ConfUtils.java:logGet(46)) - raft.server.write.element-limit = 1024 (custom)
2023-09-12 21:05:55,099 [9ece4d1d-2112-49ce-a0f9-c544e683daa2@group-E199E82519C1-LeaderElection3] INFO  server.RaftServerConfigKeys (ConfUtils.java:logGet(46)) - raft.server.write.byte-limit = 1024 M (=1073741824) (custom)
2023-09-12 21:05:55,100 [EventQueue-OpenPipelineForHealthyPipelineSafeModeRule] INFO  safemode.SCMSafeModeManager (HealthyPipelineSafeModeRule.java:process(137)) - SCM in safe mode. Healthy pipelines reported count is 0, required healthy pipeline reported count is 1
2023-09-12 21:05:55,103 [9ece4d1d-2112-49ce-a0f9-c544e683daa2@group-E199E82519C1-LeaderElection3] INFO  server.RaftServerConfigKeys (ConfUtils.java:logGet(46)) - raft.server.watch.timeout = 10000ms (default)
2023-09-12 21:05:55,103 [9ece4d1d-2112-49ce-a0f9-c544e683daa2@group-E199E82519C1-LeaderElection3] INFO  server.RaftServerConfigKeys (ConfUtils.java:logGet(46)) - raft.server.watch.timeout.denomination = 1s (default)
2023-09-12 21:05:55,103 [9ece4d1d-2112-49ce-a0f9-c544e683daa2@group-E199E82519C1-LeaderElection3] INFO  server.RaftServerConfigKeys (ConfUtils.java:logGet(46)) - raft.server.watch.element-limit = 65536 (default)
2023-09-12 21:05:55,104 [9ece4d1d-2112-49ce-a0f9-c544e683daa2@group-E199E82519C1-LeaderElection3] INFO  server.RaftServerConfigKeys (ConfUtils.java:logGet(46)) - raft.server.write.element-limit = 1024 (custom)
2023-09-12 21:05:55,104 [9ece4d1d-2112-49ce-a0f9-c544e683daa2@group-E199E82519C1-LeaderElection3] INFO  server.RaftServerConfigKeys (ConfUtils.java:logGet(46)) - raft.server.write.follower.gap.ratio.max = -1.0 (default)
2023-09-12 21:05:55,104 [9ece4d1d-2112-49ce-a0f9-c544e683daa2@group-E199E82519C1-LeaderElection3] INFO  impl.RoleInfo (RoleInfo.java:updateAndGet(139)) - 9ece4d1d-2112-49ce-a0f9-c544e683daa2: start 9ece4d1d-2112-49ce-a0f9-c544e683daa2@group-E199E82519C1-LeaderStateImpl
2023-09-12 21:05:55,104 [9ece4d1d-2112-49ce-a0f9-c544e683daa2@group-E199E82519C1-LeaderElection3] INFO  segmented.SegmentedRaftLogWorker (SegmentedRaftLogWorker.java:startLogSegment(447)) - 9ece4d1d-2112-49ce-a0f9-c544e683daa2@group-E199E82519C1-SegmentedRaftLogWorker: Starting segment from index:0
2023-09-12 21:05:55,106 [9ece4d1d-2112-49ce-a0f9-c544e683daa2@group-E199E82519C1-SegmentedRaftLogWorker] INFO  segmented.SegmentedRaftLogWorker (SegmentedRaftLogWorker.java:execute(651)) - 9ece4d1d-2112-49ce-a0f9-c544e683daa2@group-E199E82519C1-SegmentedRaftLogWorker: created new log segment /home/runner/work/ozone/ozone/hadoop-ozone/integration-test/target/test-dir/MiniOzoneClusterImpl-0f4e02f1-3148-4106-9850-9963db652c57/datanode-0/data/ratis/b92cf172-094c-4132-b753-e199e82519c1/current/log_inprogress_0
2023-09-12 21:05:55,111 [9ece4d1d-2112-49ce-a0f9-c544e683daa2@group-E199E82519C1-LeaderElection3] INFO  server.RaftServer$Division (ServerState.java:setRaftConf(434)) - 9ece4d1d-2112-49ce-a0f9-c544e683daa2@group-E199E82519C1: set configuration 0: peers:[9ece4d1d-2112-49ce-a0f9-c544e683daa2|rpc:10.1.0.4:15014|admin:10.1.0.4:15013|client:10.1.0.4:15012|dataStream:10.1.0.4:15015|priority:1|startupRole:FOLLOWER]|listeners:[], old=null
2023-09-12 21:05:55,394 [JUnit] INFO  ozone.MiniOzoneClusterImpl (MiniOzoneClusterImpl.java:lambda$waitForClusterToBeReady$0(224)) - Nodes are ready. Got 5 of 5 DN Heartbeats.
2023-09-12 21:05:55,394 [JUnit] INFO  ozone.MiniOzoneClusterImpl (MiniOzoneClusterImpl.java:lambda$waitForClusterToBeReady$0(227)) - Waiting for cluster to exit safe mode
2023-09-12 21:05:55,394 [JUnit] INFO  ozone.MiniOzoneClusterImpl (MiniOzoneClusterImpl.java:lambda$waitForClusterToBeReady$0(229)) - SCM became leader
2023-09-12 21:05:55,559 [0c20a109-2ea1-4d97-ad73-cac537996a23@group-08A3B7B780B8-FollowerState] INFO  impl.FollowerState (FollowerState.java:run(143)) - 0c20a109-2ea1-4d97-ad73-cac537996a23@group-08A3B7B780B8-FollowerState: change to CANDIDATE, lastRpcElapsedTime:5088445027ns, electionTimeout:5078ms
2023-09-12 21:05:55,559 [0c20a109-2ea1-4d97-ad73-cac537996a23@group-08A3B7B780B8-FollowerState] INFO  impl.RoleInfo (RoleInfo.java:shutdownFollowerState(110)) - 0c20a109-2ea1-4d97-ad73-cac537996a23: shutdown 0c20a109-2ea1-4d97-ad73-cac537996a23@group-08A3B7B780B8-FollowerState
2023-09-12 21:05:55,559 [0c20a109-2ea1-4d97-ad73-cac537996a23@group-08A3B7B780B8-FollowerState] INFO  server.RaftServer$Division (RaftServerImpl.java:setRole(329)) - 0c20a109-2ea1-4d97-ad73-cac537996a23@group-08A3B7B780B8: changes role from  FOLLOWER to CANDIDATE at term 0 for changeToCandidate
2023-09-12 21:05:55,560 [0c20a109-2ea1-4d97-ad73-cac537996a23@group-08A3B7B780B8-FollowerState] INFO  server.RaftServerConfigKeys (ConfUtils.java:logGet(46)) - raft.server.leaderelection.pre-vote = true (default)
2023-09-12 21:05:55,560 [0c20a109-2ea1-4d97-ad73-cac537996a23@group-08A3B7B780B8-FollowerState] INFO  impl.RoleInfo (RoleInfo.java:updateAndGet(139)) - 0c20a109-2ea1-4d97-ad73-cac537996a23: start 0c20a109-2ea1-4d97-ad73-cac537996a23@group-08A3B7B780B8-LeaderElection4
2023-09-12 21:05:55,562 [0c20a109-2ea1-4d97-ad73-cac537996a23@group-08A3B7B780B8-LeaderElection4] INFO  impl.LeaderElection (LeaderElection.java:askForVotes(321)) - 0c20a109-2ea1-4d97-ad73-cac537996a23@group-08A3B7B780B8-LeaderElection4 PRE_VOTE round 0: submit vote requests at term 0 for -1: peers:[0c20a109-2ea1-4d97-ad73-cac537996a23|rpc:10.1.0.4:15023|admin:10.1.0.4:15022|client:10.1.0.4:15021|dataStream:10.1.0.4:15024|priority:1|startupRole:FOLLOWER]|listeners:[], old=null
2023-09-12 21:05:55,562 [0c20a109-2ea1-4d97-ad73-cac537996a23@group-08A3B7B780B8-LeaderElection4] INFO  impl.LeaderElection (LeaderElection.java:askForVotes(323)) - 0c20a109-2ea1-4d97-ad73-cac537996a23@group-08A3B7B780B8-LeaderElection4 PRE_VOTE round 0: result PASSED (term=0)
2023-09-12 21:05:55,564 [0c20a109-2ea1-4d97-ad73-cac537996a23@group-08A3B7B780B8-LeaderElection4] INFO  impl.LeaderElection (LeaderElection.java:askForVotes(321)) - 0c20a109-2ea1-4d97-ad73-cac537996a23@group-08A3B7B780B8-LeaderElection4 ELECTION round 0: submit vote requests at term 1 for -1: peers:[0c20a109-2ea1-4d97-ad73-cac537996a23|rpc:10.1.0.4:15023|admin:10.1.0.4:15022|client:10.1.0.4:15021|dataStream:10.1.0.4:15024|priority:1|startupRole:FOLLOWER]|listeners:[], old=null
2023-09-12 21:05:55,564 [0c20a109-2ea1-4d97-ad73-cac537996a23@group-08A3B7B780B8-LeaderElection4] INFO  impl.LeaderElection (LeaderElection.java:askForVotes(323)) - 0c20a109-2ea1-4d97-ad73-cac537996a23@group-08A3B7B780B8-LeaderElection4 ELECTION round 0: result PASSED (term=1)
2023-09-12 21:05:55,564 [0c20a109-2ea1-4d97-ad73-cac537996a23@group-08A3B7B780B8-LeaderElection4] INFO  impl.RoleInfo (RoleInfo.java:shutdownLeaderElection(130)) - 0c20a109-2ea1-4d97-ad73-cac537996a23: shutdown 0c20a109-2ea1-4d97-ad73-cac537996a23@group-08A3B7B780B8-LeaderElection4
2023-09-12 21:05:55,564 [0c20a109-2ea1-4d97-ad73-cac537996a23@group-08A3B7B780B8-LeaderElection4] INFO  server.RaftServer$Division (RaftServerImpl.java:setRole(329)) - 0c20a109-2ea1-4d97-ad73-cac537996a23@group-08A3B7B780B8: changes role from CANDIDATE to LEADER at term 1 for changeToLeader
2023-09-12 21:05:55,564 [0c20a109-2ea1-4d97-ad73-cac537996a23@group-08A3B7B780B8-LeaderElection4] INFO  ratis.XceiverServerRatis (XceiverServerRatis.java:handleLeaderChangedNotification(902)) - Leader change notification received for group: group-08A3B7B780B8 with new leaderId: 0c20a109-2ea1-4d97-ad73-cac537996a23
2023-09-12 21:05:55,564 [0c20a109-2ea1-4d97-ad73-cac537996a23@group-08A3B7B780B8-LeaderElection4] INFO  server.RaftServer$Division (ServerState.java:setLeader(317)) - 0c20a109-2ea1-4d97-ad73-cac537996a23@group-08A3B7B780B8: change Leader from null to 0c20a109-2ea1-4d97-ad73-cac537996a23 at term 1 for becomeLeader, leader elected after 5117ms
2023-09-12 21:05:55,564 [0c20a109-2ea1-4d97-ad73-cac537996a23@group-08A3B7B780B8-LeaderElection4] INFO  server.RaftServerConfigKeys (ConfUtils.java:logGet(46)) - raft.server.staging.catchup.gap = 1000 (default)
2023-09-12 21:05:55,564 [0c20a109-2ea1-4d97-ad73-cac537996a23@group-08A3B7B780B8-LeaderElection4] INFO  server.RaftServerConfigKeys (ConfUtils.java:logGet(46)) - raft.server.write.element-limit = 1024 (custom)
2023-09-12 21:05:55,564 [0c20a109-2ea1-4d97-ad73-cac537996a23@group-08A3B7B780B8-LeaderElection4] INFO  server.RaftServerConfigKeys (ConfUtils.java:logGet(46)) - raft.server.write.byte-limit = 1024 M (=1073741824) (custom)
2023-09-12 21:05:55,565 [0c20a109-2ea1-4d97-ad73-cac537996a23@group-08A3B7B780B8-LeaderElection4] INFO  server.RaftServerConfigKeys (ConfUtils.java:logGet(46)) - raft.server.watch.timeout = 10000ms (default)
2023-09-12 21:05:55,565 [0c20a109-2ea1-4d97-ad73-cac537996a23@group-08A3B7B780B8-LeaderElection4] INFO  server.RaftServerConfigKeys (ConfUtils.java:logGet(46)) - raft.server.watch.timeout.denomination = 1s (default)
2023-09-12 21:05:55,565 [0c20a109-2ea1-4d97-ad73-cac537996a23@group-08A3B7B780B8-LeaderElection4] INFO  server.RaftServerConfigKeys (ConfUtils.java:logGet(46)) - raft.server.watch.element-limit = 65536 (default)
2023-09-12 21:05:55,565 [0c20a109-2ea1-4d97-ad73-cac537996a23@group-08A3B7B780B8-LeaderElection4] INFO  server.RaftServerConfigKeys (ConfUtils.java:logGet(46)) - raft.server.write.element-limit = 1024 (custom)
2023-09-12 21:05:55,565 [0c20a109-2ea1-4d97-ad73-cac537996a23@group-08A3B7B780B8-LeaderElection4] INFO  server.RaftServerConfigKeys (ConfUtils.java:logGet(46)) - raft.server.write.follower.gap.ratio.max = -1.0 (default)
2023-09-12 21:05:55,565 [0c20a109-2ea1-4d97-ad73-cac537996a23@group-08A3B7B780B8-LeaderElection4] INFO  impl.RoleInfo (RoleInfo.java:updateAndGet(139)) - 0c20a109-2ea1-4d97-ad73-cac537996a23: start 0c20a109-2ea1-4d97-ad73-cac537996a23@group-08A3B7B780B8-LeaderStateImpl
2023-09-12 21:05:55,565 [0c20a109-2ea1-4d97-ad73-cac537996a23@group-08A3B7B780B8-LeaderElection4] INFO  segmented.SegmentedRaftLogWorker (SegmentedRaftLogWorker.java:startLogSegment(447)) - 0c20a109-2ea1-4d97-ad73-cac537996a23@group-08A3B7B780B8-SegmentedRaftLogWorker: Starting segment from index:0
2023-09-12 21:05:55,567 [0c20a109-2ea1-4d97-ad73-cac537996a23@group-08A3B7B780B8-LeaderElection4] INFO  server.RaftServer$Division (ServerState.java:setRaftConf(434)) - 0c20a109-2ea1-4d97-ad73-cac537996a23@group-08A3B7B780B8: set configuration 0: peers:[0c20a109-2ea1-4d97-ad73-cac537996a23|rpc:10.1.0.4:15023|admin:10.1.0.4:15022|client:10.1.0.4:15021|dataStream:10.1.0.4:15024|priority:1|startupRole:FOLLOWER]|listeners:[], old=null
2023-09-12 21:05:55,567 [EventQueue-OpenPipelineForHealthyPipelineSafeModeRule] INFO  safemode.SCMSafeModeManager (HealthyPipelineSafeModeRule.java:process(137)) - SCM in safe mode. Healthy pipelines reported count is 0, required healthy pipeline reported count is 1
2023-09-12 21:05:55,569 [0c20a109-2ea1-4d97-ad73-cac537996a23@group-08A3B7B780B8-SegmentedRaftLogWorker] INFO  segmented.SegmentedRaftLogWorker (SegmentedRaftLogWorker.java:execute(651)) - 0c20a109-2ea1-4d97-ad73-cac537996a23@group-08A3B7B780B8-SegmentedRaftLogWorker: created new log segment /home/runner/work/ozone/ozone/hadoop-ozone/integration-test/target/test-dir/MiniOzoneClusterImpl-0f4e02f1-3148-4106-9850-9963db652c57/datanode-1/data/ratis/ed55df4f-1434-4de1-a5f8-08a3b7b780b8/current/log_inprogress_0
2023-09-12 21:05:55,576 [0c20a109-2ea1-4d97-ad73-cac537996a23@group-5878589FB01C-FollowerState] INFO  impl.FollowerState (FollowerState.java:run(143)) - 0c20a109-2ea1-4d97-ad73-cac537996a23@group-5878589FB01C-FollowerState: change to CANDIDATE, lastRpcElapsedTime:5060396077ns, electionTimeout:5057ms
2023-09-12 21:05:55,576 [0c20a109-2ea1-4d97-ad73-cac537996a23@group-5878589FB01C-FollowerState] INFO  impl.RoleInfo (RoleInfo.java:shutdownFollowerState(110)) - 0c20a109-2ea1-4d97-ad73-cac537996a23: shutdown 0c20a109-2ea1-4d97-ad73-cac537996a23@group-5878589FB01C-FollowerState
2023-09-12 21:05:55,576 [0c20a109-2ea1-4d97-ad73-cac537996a23@group-5878589FB01C-FollowerState] INFO  server.RaftServer$Division (RaftServerImpl.java:setRole(329)) - 0c20a109-2ea1-4d97-ad73-cac537996a23@group-5878589FB01C: changes role from  FOLLOWER to CANDIDATE at term 0 for changeToCandidate
2023-09-12 21:05:55,576 [0c20a109-2ea1-4d97-ad73-cac537996a23@group-5878589FB01C-FollowerState] INFO  server.RaftServerConfigKeys (ConfUtils.java:logGet(46)) - raft.server.leaderelection.pre-vote = true (default)
2023-09-12 21:05:55,576 [0c20a109-2ea1-4d97-ad73-cac537996a23@group-5878589FB01C-FollowerState] INFO  impl.RoleInfo (RoleInfo.java:updateAndGet(139)) - 0c20a109-2ea1-4d97-ad73-cac537996a23: start 0c20a109-2ea1-4d97-ad73-cac537996a23@group-5878589FB01C-LeaderElection5
2023-09-12 21:05:55,577 [0c20a109-2ea1-4d97-ad73-cac537996a23@group-5878589FB01C-LeaderElection5] INFO  impl.LeaderElection (LeaderElection.java:askForVotes(321)) - 0c20a109-2ea1-4d97-ad73-cac537996a23@group-5878589FB01C-LeaderElection5 PRE_VOTE round 0: submit vote requests at term 0 for -1: peers:[9ece4d1d-2112-49ce-a0f9-c544e683daa2|rpc:10.1.0.4:15014|admin:10.1.0.4:15013|client:10.1.0.4:15012|dataStream:10.1.0.4:15015|priority:0|startupRole:FOLLOWER, 0c20a109-2ea1-4d97-ad73-cac537996a23|rpc:10.1.0.4:15023|admin:10.1.0.4:15022|client:10.1.0.4:15021|dataStream:10.1.0.4:15024|priority:1|startupRole:FOLLOWER, f162601e-1a73-446f-bfff-b907124620c0|rpc:10.1.0.4:15032|admin:10.1.0.4:15031|client:10.1.0.4:15030|dataStream:10.1.0.4:15033|priority:0|startupRole:FOLLOWER]|listeners:[], old=null
2023-09-12 21:05:55,578 [0c20a109-2ea1-4d97-ad73-cac537996a23@group-5878589FB01C-LeaderElection5-1] INFO  server.GrpcServerProtocolClient (GrpcServerProtocolClient.java:<init>(65)) - Build channel for 9ece4d1d-2112-49ce-a0f9-c544e683daa2
2023-09-12 21:05:55,582 [0c20a109-2ea1-4d97-ad73-cac537996a23@group-5878589FB01C-LeaderElection5] INFO  server.RaftServerConfigKeys (ConfUtils.java:logFallback(53)) - raft.server.rpc.first-election.timeout.min = 5s (fallback to raft.server.rpc.timeout.min)
2023-09-12 21:05:55,583 [0c20a109-2ea1-4d97-ad73-cac537996a23@group-5878589FB01C-LeaderElection5] INFO  server.RaftServerConfigKeys (ConfUtils.java:logFallback(53)) - raft.server.rpc.first-election.timeout.max = 5200ms (fallback to raft.server.rpc.timeout.max)
2023-09-12 21:05:55,585 [0c20a109-2ea1-4d97-ad73-cac537996a23@group-5878589FB01C-LeaderElection5-2] INFO  server.GrpcServerProtocolClient (GrpcServerProtocolClient.java:<init>(65)) - Build channel for f162601e-1a73-446f-bfff-b907124620c0
2023-09-12 21:05:55,586 [grpc-default-executor-1] INFO  server.RaftServer$Division (RaftServerImpl.java:requestVote(1302)) - 9ece4d1d-2112-49ce-a0f9-c544e683daa2@group-5878589FB01C: receive requestVote(PRE_VOTE, 0c20a109-2ea1-4d97-ad73-cac537996a23, group-5878589FB01C, 0, (t:0, i:0))
2023-09-12 21:05:55,586 [grpc-default-executor-1] INFO  impl.VoteContext (VoteContext.java:log(49)) - 9ece4d1d-2112-49ce-a0f9-c544e683daa2@group-5878589FB01C-FOLLOWER: accept PRE_VOTE from 0c20a109-2ea1-4d97-ad73-cac537996a23: our priority 0 <= candidate's priority 1
2023-09-12 21:05:55,586 [grpc-default-executor-1] INFO  server.RaftServer$Division (RaftServerImpl.java:requestVote(1335)) - 9ece4d1d-2112-49ce-a0f9-c544e683daa2@group-5878589FB01C replies to PRE_VOTE vote request: 0c20a109-2ea1-4d97-ad73-cac537996a23<-9ece4d1d-2112-49ce-a0f9-c544e683daa2#0:OK-t0. Peer's state: 9ece4d1d-2112-49ce-a0f9-c544e683daa2@group-5878589FB01C:t0, leader=null, voted=, raftlog=Memoized:9ece4d1d-2112-49ce-a0f9-c544e683daa2@group-5878589FB01C-SegmentedRaftLog:OPENED:c-1, conf=-1: peers:[9ece4d1d-2112-49ce-a0f9-c544e683daa2|rpc:10.1.0.4:15014|admin:10.1.0.4:15013|client:10.1.0.4:15012|dataStream:10.1.0.4:15015|priority:0|startupRole:FOLLOWER, 0c20a109-2ea1-4d97-ad73-cac537996a23|rpc:10.1.0.4:15023|admin:10.1.0.4:15022|client:10.1.0.4:15021|dataStream:10.1.0.4:15024|priority:1|startupRole:FOLLOWER, f162601e-1a73-446f-bfff-b907124620c0|rpc:10.1.0.4:15032|admin:10.1.0.4:15031|client:10.1.0.4:15030|dataStream:10.1.0.4:15033|priority:0|startupRole:FOLLOWER]|listeners:[], old=null
2023-09-12 21:05:55,588 [0c20a109-2ea1-4d97-ad73-cac537996a23@group-5878589FB01C-LeaderElection5] INFO  impl.LeaderElection (LeaderElection.java:logAndReturn(90)) - 0c20a109-2ea1-4d97-ad73-cac537996a23@group-5878589FB01C-LeaderElection5: PRE_VOTE PASSED received 1 response(s) and 0 exception(s):
2023-09-12 21:05:55,588 [0c20a109-2ea1-4d97-ad73-cac537996a23@group-5878589FB01C-LeaderElection5] INFO  impl.LeaderElection (LeaderElection.java:logAndReturn(94)) -   Response 0: 0c20a109-2ea1-4d97-ad73-cac537996a23<-9ece4d1d-2112-49ce-a0f9-c544e683daa2#0:OK-t0
2023-09-12 21:05:55,588 [0c20a109-2ea1-4d97-ad73-cac537996a23@group-5878589FB01C-LeaderElection5] INFO  impl.LeaderElection (LeaderElection.java:askForVotes(323)) - 0c20a109-2ea1-4d97-ad73-cac537996a23@group-5878589FB01C-LeaderElection5 PRE_VOTE round 0: result PASSED
2023-09-12 21:05:55,591 [0c20a109-2ea1-4d97-ad73-cac537996a23@group-5878589FB01C-LeaderElection5] INFO  impl.LeaderElection (LeaderElection.java:askForVotes(321)) - 0c20a109-2ea1-4d97-ad73-cac537996a23@group-5878589FB01C-LeaderElection5 ELECTION round 0: submit vote requests at term 1 for -1: peers:[9ece4d1d-2112-49ce-a0f9-c544e683daa2|rpc:10.1.0.4:15014|admin:10.1.0.4:15013|client:10.1.0.4:15012|dataStream:10.1.0.4:15015|priority:0|startupRole:FOLLOWER, 0c20a109-2ea1-4d97-ad73-cac537996a23|rpc:10.1.0.4:15023|admin:10.1.0.4:15022|client:10.1.0.4:15021|dataStream:10.1.0.4:15024|priority:1|startupRole:FOLLOWER, f162601e-1a73-446f-bfff-b907124620c0|rpc:10.1.0.4:15032|admin:10.1.0.4:15031|client:10.1.0.4:15030|dataStream:10.1.0.4:15033|priority:0|startupRole:FOLLOWER]|listeners:[], old=null
2023-09-12 21:05:55,594 [0c20a109-2ea1-4d97-ad73-cac537996a23@group-5878589FB01C-LeaderElection5] INFO  server.RaftServerConfigKeys (ConfUtils.java:logFallback(53)) - raft.server.rpc.first-election.timeout.min = 5s (fallback to raft.server.rpc.timeout.min)
2023-09-12 21:05:55,594 [0c20a109-2ea1-4d97-ad73-cac537996a23@group-5878589FB01C-LeaderElection5] INFO  server.RaftServerConfigKeys (ConfUtils.java:logFallback(53)) - raft.server.rpc.first-election.timeout.max = 5200ms (fallback to raft.server.rpc.timeout.max)
2023-09-12 21:05:55,609 [grpc-default-executor-1] INFO  server.RaftServer$Division (RaftServerImpl.java:requestVote(1302)) - 9ece4d1d-2112-49ce-a0f9-c544e683daa2@group-5878589FB01C: receive requestVote(ELECTION, 0c20a109-2ea1-4d97-ad73-cac537996a23, group-5878589FB01C, 1, (t:0, i:0))
2023-09-12 21:05:55,613 [grpc-default-executor-1] INFO  impl.VoteContext (VoteContext.java:log(49)) - 9ece4d1d-2112-49ce-a0f9-c544e683daa2@group-5878589FB01C-FOLLOWER: accept ELECTION from 0c20a109-2ea1-4d97-ad73-cac537996a23: our priority 0 <= candidate's priority 1
2023-09-12 21:05:55,613 [grpc-default-executor-1] INFO  server.RaftServer$Division (RaftServerImpl.java:setRole(329)) - 9ece4d1d-2112-49ce-a0f9-c544e683daa2@group-5878589FB01C: changes role from  FOLLOWER to FOLLOWER at term 1 for candidate:0c20a109-2ea1-4d97-ad73-cac537996a23
2023-09-12 21:05:55,614 [grpc-default-executor-1] INFO  impl.RoleInfo (RoleInfo.java:shutdownFollowerState(110)) - 9ece4d1d-2112-49ce-a0f9-c544e683daa2: shutdown 9ece4d1d-2112-49ce-a0f9-c544e683daa2@group-5878589FB01C-FollowerState
2023-09-12 21:05:55,614 [grpc-default-executor-1] INFO  impl.RoleInfo (RoleInfo.java:updateAndGet(139)) - 9ece4d1d-2112-49ce-a0f9-c544e683daa2: start 9ece4d1d-2112-49ce-a0f9-c544e683daa2@group-5878589FB01C-FollowerState
2023-09-12 21:05:55,613 [grpc-default-executor-0] INFO  server.RaftServer$Division (RaftServerImpl.java:requestVote(1302)) - f162601e-1a73-446f-bfff-b907124620c0@group-5878589FB01C: receive requestVote(PRE_VOTE, 0c20a109-2ea1-4d97-ad73-cac537996a23, group-5878589FB01C, 0, (t:0, i:0))
2023-09-12 21:05:55,614 [9ece4d1d-2112-49ce-a0f9-c544e683daa2@group-5878589FB01C-FollowerState] INFO  impl.FollowerState (FollowerState.java:run(152)) - 9ece4d1d-2112-49ce-a0f9-c544e683daa2@group-5878589FB01C-FollowerState was interrupted
2023-09-12 21:05:55,615 [grpc-default-executor-2] INFO  server.RaftServer$Division (RaftServerImpl.java:requestVote(1302)) - f162601e-1a73-446f-bfff-b907124620c0@group-5878589FB01C: receive requestVote(ELECTION, 0c20a109-2ea1-4d97-ad73-cac537996a23, group-5878589FB01C, 1, (t:0, i:0))
2023-09-12 21:05:55,617 [grpc-default-executor-1] INFO  server.RaftServer$Division (RaftServerImpl.java:requestVote(1335)) - 9ece4d1d-2112-49ce-a0f9-c544e683daa2@group-5878589FB01C replies to ELECTION vote request: 0c20a109-2ea1-4d97-ad73-cac537996a23<-9ece4d1d-2112-49ce-a0f9-c544e683daa2#0:OK-t1. Peer's state: 9ece4d1d-2112-49ce-a0f9-c544e683daa2@group-5878589FB01C:t1, leader=null, voted=0c20a109-2ea1-4d97-ad73-cac537996a23, raftlog=Memoized:9ece4d1d-2112-49ce-a0f9-c544e683daa2@group-5878589FB01C-SegmentedRaftLog:OPENED:c-1, conf=-1: peers:[9ece4d1d-2112-49ce-a0f9-c544e683daa2|rpc:10.1.0.4:15014|admin:10.1.0.4:15013|client:10.1.0.4:15012|dataStream:10.1.0.4:15015|priority:0|startupRole:FOLLOWER, 0c20a109-2ea1-4d97-ad73-cac537996a23|rpc:10.1.0.4:15023|admin:10.1.0.4:15022|client:10.1.0.4:15021|dataStream:10.1.0.4:15024|priority:1|startupRole:FOLLOWER, f162601e-1a73-446f-bfff-b907124620c0|rpc:10.1.0.4:15032|admin:10.1.0.4:15031|client:10.1.0.4:15030|dataStream:10.1.0.4:15033|priority:0|startupRole:FOLLOWER]|listeners:[], old=null
2023-09-12 21:05:55,618 [0c20a109-2ea1-4d97-ad73-cac537996a23@group-5878589FB01C-LeaderElection5] INFO  impl.LeaderElection (LeaderElection.java:logAndReturn(90)) - 0c20a109-2ea1-4d97-ad73-cac537996a23@group-5878589FB01C-LeaderElection5: ELECTION PASSED received 1 response(s) and 0 exception(s):
2023-09-12 21:05:55,618 [0c20a109-2ea1-4d97-ad73-cac537996a23@group-5878589FB01C-LeaderElection5] INFO  impl.LeaderElection (LeaderElection.java:logAndReturn(94)) -   Response 0: 0c20a109-2ea1-4d97-ad73-cac537996a23<-9ece4d1d-2112-49ce-a0f9-c544e683daa2#0:OK-t1
2023-09-12 21:05:55,616 [grpc-default-executor-0] INFO  impl.VoteContext (VoteContext.java:log(49)) - f162601e-1a73-446f-bfff-b907124620c0@group-5878589FB01C-FOLLOWER: accept PRE_VOTE from 0c20a109-2ea1-4d97-ad73-cac537996a23: our priority 0 <= candidate's priority 1
2023-09-12 21:05:55,623 [0c20a109-2ea1-4d97-ad73-cac537996a23@group-5878589FB01C-LeaderElection5] INFO  impl.LeaderElection (LeaderElection.java:askForVotes(323)) - 0c20a109-2ea1-4d97-ad73-cac537996a23@group-5878589FB01C-LeaderElection5 ELECTION round 0: result PASSED
2023-09-12 21:05:55,623 [grpc-default-executor-0] INFO  server.RaftServer$Division (RaftServerImpl.java:requestVote(1335)) - f162601e-1a73-446f-bfff-b907124620c0@group-5878589FB01C replies to PRE_VOTE vote request: 0c20a109-2ea1-4d97-ad73-cac537996a23<-f162601e-1a73-446f-bfff-b907124620c0#0:OK-t0. Peer's state: f162601e-1a73-446f-bfff-b907124620c0@group-5878589FB01C:t0, leader=null, voted=, raftlog=Memoized:f162601e-1a73-446f-bfff-b907124620c0@group-5878589FB01C-SegmentedRaftLog:OPENED:c-1, conf=-1: peers:[9ece4d1d-2112-49ce-a0f9-c544e683daa2|rpc:10.1.0.4:15014|admin:10.1.0.4:15013|client:10.1.0.4:15012|dataStream:10.1.0.4:15015|priority:0|startupRole:FOLLOWER, 0c20a109-2ea1-4d97-ad73-cac537996a23|rpc:10.1.0.4:15023|admin:10.1.0.4:15022|client:10.1.0.4:15021|dataStream:10.1.0.4:15024|priority:1|startupRole:FOLLOWER, f162601e-1a73-446f-bfff-b907124620c0|rpc:10.1.0.4:15032|admin:10.1.0.4:15031|client:10.1.0.4:15030|dataStream:10.1.0.4:15033|priority:0|startupRole:FOLLOWER]|listeners:[], old=null
2023-09-12 21:05:55,623 [0c20a109-2ea1-4d97-ad73-cac537996a23@group-5878589FB01C-LeaderElection5] INFO  impl.RoleInfo (RoleInfo.java:shutdownLeaderElection(130)) - 0c20a109-2ea1-4d97-ad73-cac537996a23: shutdown 0c20a109-2ea1-4d97-ad73-cac537996a23@group-5878589FB01C-LeaderElection5
2023-09-12 21:05:55,623 [0c20a109-2ea1-4d97-ad73-cac537996a23@group-5878589FB01C-LeaderElection5] INFO  server.RaftServer$Division (RaftServerImpl.java:setRole(329)) - 0c20a109-2ea1-4d97-ad73-cac537996a23@group-5878589FB01C: changes role from CANDIDATE to LEADER at term 1 for changeToLeader
2023-09-12 21:05:55,623 [0c20a109-2ea1-4d97-ad73-cac537996a23@group-5878589FB01C-LeaderElection5] INFO  ratis.XceiverServerRatis (XceiverServerRatis.java:handleLeaderChangedNotification(902)) - Leader change notification received for group: group-5878589FB01C with new leaderId: 0c20a109-2ea1-4d97-ad73-cac537996a23
2023-09-12 21:05:55,623 [0c20a109-2ea1-4d97-ad73-cac537996a23@group-5878589FB01C-LeaderElection5] INFO  server.RaftServer$Division (ServerState.java:setLeader(317)) - 0c20a109-2ea1-4d97-ad73-cac537996a23@group-5878589FB01C: change Leader from null to 0c20a109-2ea1-4d97-ad73-cac537996a23 at term 1 for becomeLeader, leader elected after 5141ms
2023-09-12 21:05:55,624 [0c20a109-2ea1-4d97-ad73-cac537996a23@group-5878589FB01C-LeaderElection5] INFO  server.RaftServerConfigKeys (ConfUtils.java:logGet(46)) - raft.server.staging.catchup.gap = 1000 (default)
2023-09-12 21:05:55,624 [0c20a109-2ea1-4d97-ad73-cac537996a23@group-5878589FB01C-LeaderElection5] INFO  server.RaftServerConfigKeys (ConfUtils.java:logGet(46)) - raft.server.write.element-limit = 1024 (custom)
2023-09-12 21:05:55,624 [0c20a109-2ea1-4d97-ad73-cac537996a23@group-5878589FB01C-LeaderElection5] INFO  server.RaftServerConfigKeys (ConfUtils.java:logGet(46)) - raft.server.write.byte-limit = 1024 M (=1073741824) (custom)
2023-09-12 21:05:55,624 [0c20a109-2ea1-4d97-ad73-cac537996a23@group-5878589FB01C-LeaderElection5] INFO  server.RaftServerConfigKeys (ConfUtils.java:logGet(46)) - raft.server.watch.timeout = 10000ms (default)
2023-09-12 21:05:55,624 [0c20a109-2ea1-4d97-ad73-cac537996a23@group-5878589FB01C-LeaderElection5] INFO  server.RaftServerConfigKeys (ConfUtils.java:logGet(46)) - raft.server.watch.timeout.denomination = 1s (default)
2023-09-12 21:05:55,624 [0c20a109-2ea1-4d97-ad73-cac537996a23@group-5878589FB01C-LeaderElection5] INFO  server.RaftServerConfigKeys (ConfUtils.java:logGet(46)) - raft.server.watch.element-limit = 65536 (default)
2023-09-12 21:05:55,624 [0c20a109-2ea1-4d97-ad73-cac537996a23@group-5878589FB01C-LeaderElection5] INFO  server.RaftServerConfigKeys (ConfUtils.java:logGet(46)) - raft.server.write.element-limit = 1024 (custom)
2023-09-12 21:05:55,624 [0c20a109-2ea1-4d97-ad73-cac537996a23@group-5878589FB01C-LeaderElection5] INFO  server.RaftServerConfigKeys (ConfUtils.java:logGet(46)) - raft.server.write.follower.gap.ratio.max = -1.0 (default)
2023-09-12 21:05:55,625 [grpc-default-executor-2] INFO  impl.VoteContext (VoteContext.java:log(49)) - f162601e-1a73-446f-bfff-b907124620c0@group-5878589FB01C-FOLLOWER: accept ELECTION from 0c20a109-2ea1-4d97-ad73-cac537996a23: our priority 0 <= candidate's priority 1
2023-09-12 21:05:55,626 [grpc-default-executor-2] INFO  server.RaftServer$Division (RaftServerImpl.java:setRole(329)) - f162601e-1a73-446f-bfff-b907124620c0@group-5878589FB01C: changes role from  FOLLOWER to FOLLOWER at term 1 for candidate:0c20a109-2ea1-4d97-ad73-cac537996a23
2023-09-12 21:05:55,626 [grpc-default-executor-2] INFO  impl.RoleInfo (RoleInfo.java:shutdownFollowerState(110)) - f162601e-1a73-446f-bfff-b907124620c0: shutdown f162601e-1a73-446f-bfff-b907124620c0@group-5878589FB01C-FollowerState
2023-09-12 21:05:55,627 [grpc-default-executor-2] INFO  impl.RoleInfo (RoleInfo.java:updateAndGet(139)) - f162601e-1a73-446f-bfff-b907124620c0: start f162601e-1a73-446f-bfff-b907124620c0@group-5878589FB01C-FollowerState
2023-09-12 21:05:55,627 [f162601e-1a73-446f-bfff-b907124620c0@group-5878589FB01C-FollowerState] INFO  impl.FollowerState (FollowerState.java:run(152)) - f162601e-1a73-446f-bfff-b907124620c0@group-5878589FB01C-FollowerState was interrupted
2023-09-12 21:05:55,627 [EventQueue-OpenPipelineForHealthyPipelineSafeModeRule] INFO  safemode.SCMSafeModeManager (HealthyPipelineSafeModeRule.java:process(137)) - SCM in safe mode. Healthy pipelines reported count is 0, required healthy pipeline reported count is 1
2023-09-12 21:05:55,628 [EventQueue-PipelineReportForPipelineReportHandler] INFO  pipeline.PipelineReportHandler (PipelineReportHandler.java:processPipelineReport(136)) - Opened pipeline PipelineID=47f9dee4-0f52-4053-a48b-5878589fb01c
2023-09-12 21:05:55,628 [EventQueue-OpenPipelineForHealthyPipelineSafeModeRule] INFO  safemode.SCMSafeModeManager (HealthyPipelineSafeModeRule.java:process(137)) - SCM in safe mode. Healthy pipelines reported count is 1, required healthy pipeline reported count is 1
2023-09-12 21:05:55,628 [EventQueue-OpenPipelineForHealthyPipelineSafeModeRule] INFO  safemode.SCMSafeModeManager (SCMSafeModeManager.java:validateSafeModeExitRules(200)) - HealthyPipelineSafeModeRule rule is successfully validated
2023-09-12 21:05:55,628 [EventQueue-OpenPipelineForHealthyPipelineSafeModeRule] INFO  safemode.SCMSafeModeManager (SCMSafeModeManager.java:validateSafeModeExitRules(215)) - ScmSafeModeManager, all rules are successfully validated
2023-09-12 21:05:55,628 [EventQueue-OpenPipelineForHealthyPipelineSafeModeRule] INFO  safemode.SCMSafeModeManager (SCMSafeModeManager.java:exitSafeMode(244)) - SCM exiting safe mode.
2023-09-12 21:05:55,628 [EventQueue-OpenPipelineForHealthyPipelineSafeModeRule] INFO  ha.SCMContext (SCMContext.java:updateSafeModeStatus(228)) - Update SafeModeStatus from SafeModeStatus{safeModeStatus=true, preCheckPassed=true} to SafeModeStatus{safeModeStatus=false, preCheckPassed=true}.
2023-09-12 21:05:55,628 [EventQueue-OpenPipelineForHealthyPipelineSafeModeRule] INFO  pipeline.BackgroundPipelineCreator (BackgroundPipelineCreator.java:notifyStatusChanged(255)) - Service BackgroundPipelineCreator transitions to RUNNING.
2023-09-12 21:05:55,628 [EventQueue-OpenPipelineForHealthyPipelineSafeModeRule] INFO  BackgroundPipelineScrubber (BackgroundSCMService.java:notifyStatusChanged(82)) - Service BackgroundPipelineScrubber transitions to RUNNING.
2023-09-12 21:05:55,628 [EventQueue-OpenPipelineForHealthyPipelineSafeModeRule] INFO  ExpiredContainerReplicaOpScrubber (BackgroundSCMService.java:notifyStatusChanged(82)) - Service ExpiredContainerReplicaOpScrubber transitions to RUNNING.
2023-09-12 21:05:55,628 [EventQueue-OpenPipelineForHealthyPipelineSafeModeRule] INFO  replication.ReplicationManager (ReplicationManager.java:notifyStatusChanged(1370)) - Service ReplicationManager transitions to RUNNING.
2023-09-12 21:05:55,636 [EventQueue-OpenPipelineForHealthyPipelineSafeModeRule] WARN  balancer.ContainerBalancer (ContainerBalancer.java:shouldRun(134)) - Could not find persisted configuration for ContainerBalancer when checking if ContainerBalancer should run. ContainerBalancer should not run now.
2023-09-12 21:05:55,638 [0c20a109-2ea1-4d97-ad73-cac537996a23@group-5878589FB01C-LeaderElection5] INFO  server.RaftServerConfigKeys (ConfUtils.java:logGet(46)) - raft.server.log.appender.snapshot.chunk.size.max = 16MB (=16777216) (default)
2023-09-12 21:05:55,638 [0c20a109-2ea1-4d97-ad73-cac537996a23@group-5878589FB01C-LeaderElection5] INFO  server.RaftServerConfigKeys (ConfUtils.java:logGet(46)) - raft.server.log.appender.buffer.byte-limit = 33554432 (custom)
2023-09-12 21:05:55,638 [0c20a109-2ea1-4d97-ad73-cac537996a23@group-5878589FB01C-LeaderElection5] INFO  server.RaftServerConfigKeys (ConfUtils.java:logGet(46)) - raft.server.log.appender.buffer.element-limit = 1 (custom)
2023-09-12 21:05:55,639 [grpc-default-executor-2] INFO  server.RaftServer$Division (RaftServerImpl.java:requestVote(1335)) - f162601e-1a73-446f-bfff-b907124620c0@group-5878589FB01C replies to ELECTION vote request: 0c20a109-2ea1-4d97-ad73-cac537996a23<-f162601e-1a73-446f-bfff-b907124620c0#0:OK-t1. Peer's state: f162601e-1a73-446f-bfff-b907124620c0@group-5878589FB01C:t1, leader=null, voted=0c20a109-2ea1-4d97-ad73-cac537996a23, raftlog=Memoized:f162601e-1a73-446f-bfff-b907124620c0@group-5878589FB01C-SegmentedRaftLog:OPENED:c-1, conf=-1: peers:[9ece4d1d-2112-49ce-a0f9-c544e683daa2|rpc:10.1.0.4:15014|admin:10.1.0.4:15013|client:10.1.0.4:15012|dataStream:10.1.0.4:15015|priority:0|startupRole:FOLLOWER, 0c20a109-2ea1-4d97-ad73-cac537996a23|rpc:10.1.0.4:15023|admin:10.1.0.4:15022|client:10.1.0.4:15021|dataStream:10.1.0.4:15024|priority:1|startupRole:FOLLOWER, f162601e-1a73-446f-bfff-b907124620c0|rpc:10.1.0.4:15032|admin:10.1.0.4:15031|client:10.1.0.4:15030|dataStream:10.1.0.4:15033|priority:0|startupRole:FOLLOWER]|listeners:[], old=null
2023-09-12 21:05:55,642 [0c20a109-2ea1-4d97-ad73-cac537996a23@group-5878589FB01C-LeaderElection5] INFO  server.RaftServerConfigKeys (ConfUtils.java:logGet(46)) - raft.server.log.appender.wait-time.min = 10ms (default)
2023-09-12 21:05:55,643 [0c20a109-2ea1-4d97-ad73-cac537996a23@group-5878589FB01C-LeaderElection5] INFO  grpc.GrpcConfigKeys (ConfUtils.java:logGet(46)) - raft.grpc.server.leader.outstanding.appends.max = 128 (default)
2023-09-12 21:05:55,643 [0c20a109-2ea1-4d97-ad73-cac537996a23@group-5878589FB01C-LeaderElection5] INFO  server.RaftServerConfigKeys (ConfUtils.java:logGet(46)) - raft.server.rpc.request.timeout = 3000ms (default)
2023-09-12 21:05:55,643 [0c20a109-2ea1-4d97-ad73-cac537996a23@group-5878589FB01C-LeaderElection5] INFO  grpc.GrpcConfigKeys (ConfUtils.java:logGet(46)) - raft.grpc.server.install_snapshot.request.element-limit = 8 (default)
2023-09-12 21:05:55,643 [0c20a109-2ea1-4d97-ad73-cac537996a23@group-5878589FB01C-LeaderElection5] INFO  grpc.GrpcConfigKeys (ConfUtils.java:logGet(46)) - raft.grpc.server.install_snapshot.request.timeout = 3000ms (default)
2023-09-12 21:05:55,643 [0c20a109-2ea1-4d97-ad73-cac537996a23@group-5878589FB01C-LeaderElection5] INFO  server.RaftServerConfigKeys (ConfUtils.java:logGet(46)) - raft.server.log.appender.install.snapshot.enabled = false (custom)
2023-09-12 21:05:55,643 [0c20a109-2ea1-4d97-ad73-cac537996a23@group-5878589FB01C-LeaderElection5] INFO  grpc.GrpcConfigKeys (ConfUtils.java:logGet(46)) - raft.grpc.server.heartbeat.channel = true (default)
2023-09-12 21:05:55,645 [0c20a109-2ea1-4d97-ad73-cac537996a23@group-5878589FB01C-LeaderElection5] INFO  server.RaftServerConfigKeys (ConfUtils.java:logGet(46)) - raft.server.log.appender.snapshot.chunk.size.max = 16MB (=16777216) (default)
2023-09-12 21:05:55,645 [0c20a109-2ea1-4d97-ad73-cac537996a23@group-5878589FB01C-LeaderElection5] INFO  server.RaftServerConfigKeys (ConfUtils.java:logGet(46)) - raft.server.log.appender.buffer.byte-limit = 33554432 (custom)
2023-09-12 21:05:55,645 [0c20a109-2ea1-4d97-ad73-cac537996a23@group-5878589FB01C-LeaderElection5] INFO  server.RaftServerConfigKeys (ConfUtils.java:logGet(46)) - raft.server.log.appender.buffer.element-limit = 1 (custom)
2023-09-12 21:05:55,645 [0c20a109-2ea1-4d97-ad73-cac537996a23@group-5878589FB01C-LeaderElection5] INFO  server.RaftServerConfigKeys (ConfUtils.java:logGet(46)) - raft.server.log.appender.wait-time.min = 10ms (default)
2023-09-12 21:05:55,645 [0c20a109-2ea1-4d97-ad73-cac537996a23@group-5878589FB01C-LeaderElection5] INFO  grpc.GrpcConfigKeys (ConfUtils.java:logGet(46)) - raft.grpc.server.leader.outstanding.appends.max = 128 (default)
2023-09-12 21:05:55,645 [0c20a109-2ea1-4d97-ad73-cac537996a23@group-5878589FB01C-LeaderElection5] INFO  server.RaftServerConfigKeys (ConfUtils.java:logGet(46)) - raft.server.rpc.request.timeout = 3000ms (default)
2023-09-12 21:05:55,645 [0c20a109-2ea1-4d97-ad73-cac537996a23@group-5878589FB01C-LeaderElection5] INFO  grpc.GrpcConfigKeys (ConfUtils.java:logGet(46)) - raft.grpc.server.install_snapshot.request.element-limit = 8 (default)
2023-09-12 21:05:55,645 [0c20a109-2ea1-4d97-ad73-cac537996a23@group-5878589FB01C-LeaderElection5] INFO  grpc.GrpcConfigKeys (ConfUtils.java:logGet(46)) - raft.grpc.server.install_snapshot.request.timeout = 3000ms (default)
2023-09-12 21:05:55,645 [0c20a109-2ea1-4d97-ad73-cac537996a23@group-5878589FB01C-LeaderElection5] INFO  server.RaftServerConfigKeys (ConfUtils.java:logGet(46)) - raft.server.log.appender.install.snapshot.enabled = false (custom)
2023-09-12 21:05:55,645 [0c20a109-2ea1-4d97-ad73-cac537996a23@group-5878589FB01C-LeaderElection5] INFO  grpc.GrpcConfigKeys (ConfUtils.java:logGet(46)) - raft.grpc.server.heartbeat.channel = true (default)
2023-09-12 21:05:55,647 [0c20a109-2ea1-4d97-ad73-cac537996a23@group-5878589FB01C-LeaderElection5] INFO  impl.RoleInfo (RoleInfo.java:updateAndGet(139)) - 0c20a109-2ea1-4d97-ad73-cac537996a23: start 0c20a109-2ea1-4d97-ad73-cac537996a23@group-5878589FB01C-LeaderStateImpl
2023-09-12 21:05:55,647 [0c20a109-2ea1-4d97-ad73-cac537996a23@group-5878589FB01C-LeaderElection5] INFO  segmented.SegmentedRaftLogWorker (SegmentedRaftLogWorker.java:startLogSegment(447)) - 0c20a109-2ea1-4d97-ad73-cac537996a23@group-5878589FB01C-SegmentedRaftLogWorker: Starting segment from index:0
2023-09-12 21:05:55,648 [0c20a109-2ea1-4d97-ad73-cac537996a23@group-5878589FB01C-SegmentedRaftLogWorker] INFO  segmented.SegmentedRaftLogWorker (SegmentedRaftLogWorker.java:execute(651)) - 0c20a109-2ea1-4d97-ad73-cac537996a23@group-5878589FB01C-SegmentedRaftLogWorker: created new log segment /home/runner/work/ozone/ozone/hadoop-ozone/integration-test/target/test-dir/MiniOzoneClusterImpl-0f4e02f1-3148-4106-9850-9963db652c57/datanode-1/data/ratis/47f9dee4-0f52-4053-a48b-5878589fb01c/current/log_inprogress_0
2023-09-12 21:05:55,655 [0c20a109-2ea1-4d97-ad73-cac537996a23@group-5878589FB01C-LeaderElection5] INFO  server.RaftServer$Division (ServerState.java:setRaftConf(434)) - 0c20a109-2ea1-4d97-ad73-cac537996a23@group-5878589FB01C: set configuration 0: peers:[9ece4d1d-2112-49ce-a0f9-c544e683daa2|rpc:10.1.0.4:15014|admin:10.1.0.4:15013|client:10.1.0.4:15012|dataStream:10.1.0.4:15015|priority:0|startupRole:FOLLOWER, 0c20a109-2ea1-4d97-ad73-cac537996a23|rpc:10.1.0.4:15023|admin:10.1.0.4:15022|client:10.1.0.4:15021|dataStream:10.1.0.4:15024|priority:1|startupRole:FOLLOWER, f162601e-1a73-446f-bfff-b907124620c0|rpc:10.1.0.4:15032|admin:10.1.0.4:15031|client:10.1.0.4:15030|dataStream:10.1.0.4:15033|priority:0|startupRole:FOLLOWER]|listeners:[], old=null
2023-09-12 21:05:55,682 [f162601e-1a73-446f-bfff-b907124620c0-server-thread1] INFO  ratis.XceiverServerRatis (XceiverServerRatis.java:handleLeaderChangedNotification(902)) - Leader change notification received for group: group-5878589FB01C with new leaderId: 0c20a109-2ea1-4d97-ad73-cac537996a23
2023-09-12 21:05:55,682 [f162601e-1a73-446f-bfff-b907124620c0-server-thread1] INFO  server.RaftServer$Division (ServerState.java:setLeader(317)) - f162601e-1a73-446f-bfff-b907124620c0@group-5878589FB01C: change Leader from null to 0c20a109-2ea1-4d97-ad73-cac537996a23 at term 1 for appendEntries, leader elected after 5027ms
2023-09-12 21:05:55,699 [9ece4d1d-2112-49ce-a0f9-c544e683daa2-server-thread1] INFO  ratis.XceiverServerRatis (XceiverServerRatis.java:handleLeaderChangedNotification(902)) - Leader change notification received for group: group-5878589FB01C with new leaderId: 0c20a109-2ea1-4d97-ad73-cac537996a23
2023-09-12 21:05:55,703 [9ece4d1d-2112-49ce-a0f9-c544e683daa2-server-thread1] INFO  server.RaftServer$Division (ServerState.java:setLeader(317)) - 9ece4d1d-2112-49ce-a0f9-c544e683daa2@group-5878589FB01C: change Leader from null to 0c20a109-2ea1-4d97-ad73-cac537996a23 at term 1 for appendEntries, leader elected after 5725ms
2023-09-12 21:05:55,706 [f162601e-1a73-446f-bfff-b907124620c0-server-thread3] INFO  server.RaftServer$Division (ServerState.java:setRaftConf(434)) - f162601e-1a73-446f-bfff-b907124620c0@group-5878589FB01C: set configuration 0: peers:[9ece4d1d-2112-49ce-a0f9-c544e683daa2|rpc:10.1.0.4:15014|admin:10.1.0.4:15013|client:10.1.0.4:15012|dataStream:10.1.0.4:15015|priority:0|startupRole:FOLLOWER, 0c20a109-2ea1-4d97-ad73-cac537996a23|rpc:10.1.0.4:15023|admin:10.1.0.4:15022|client:10.1.0.4:15021|dataStream:10.1.0.4:15024|priority:1|startupRole:FOLLOWER, f162601e-1a73-446f-bfff-b907124620c0|rpc:10.1.0.4:15032|admin:10.1.0.4:15031|client:10.1.0.4:15030|dataStream:10.1.0.4:15033|priority:0|startupRole:FOLLOWER]|listeners:[], old=null
2023-09-12 21:05:55,706 [f162601e-1a73-446f-bfff-b907124620c0-server-thread3] INFO  segmented.SegmentedRaftLogWorker (SegmentedRaftLogWorker.java:startLogSegment(447)) - f162601e-1a73-446f-bfff-b907124620c0@group-5878589FB01C-SegmentedRaftLogWorker: Starting segment from index:0
2023-09-12 21:05:55,707 [9ece4d1d-2112-49ce-a0f9-c544e683daa2-server-thread1] INFO  server.RaftServer$Division (ServerState.java:setRaftConf(434)) - 9ece4d1d-2112-49ce-a0f9-c544e683daa2@group-5878589FB01C: set configuration 0: peers:[9ece4d1d-2112-49ce-a0f9-c544e683daa2|rpc:10.1.0.4:15014|admin:10.1.0.4:15013|client:10.1.0.4:15012|dataStream:10.1.0.4:15015|priority:0|startupRole:FOLLOWER, 0c20a109-2ea1-4d97-ad73-cac537996a23|rpc:10.1.0.4:15023|admin:10.1.0.4:15022|client:10.1.0.4:15021|dataStream:10.1.0.4:15024|priority:1|startupRole:FOLLOWER, f162601e-1a73-446f-bfff-b907124620c0|rpc:10.1.0.4:15032|admin:10.1.0.4:15031|client:10.1.0.4:15030|dataStream:10.1.0.4:15033|priority:0|startupRole:FOLLOWER]|listeners:[], old=null
2023-09-12 21:05:55,709 [9ece4d1d-2112-49ce-a0f9-c544e683daa2-server-thread1] INFO  segmented.SegmentedRaftLogWorker (SegmentedRaftLogWorker.java:startLogSegment(447)) - 9ece4d1d-2112-49ce-a0f9-c544e683daa2@group-5878589FB01C-SegmentedRaftLogWorker: Starting segment from index:0
2023-09-12 21:05:55,709 [f162601e-1a73-446f-bfff-b907124620c0@group-5878589FB01C-SegmentedRaftLogWorker] INFO  segmented.SegmentedRaftLogWorker (SegmentedRaftLogWorker.java:execute(651)) - f162601e-1a73-446f-bfff-b907124620c0@group-5878589FB01C-SegmentedRaftLogWorker: created new log segment /home/runner/work/ozone/ozone/hadoop-ozone/integration-test/target/test-dir/MiniOzoneClusterImpl-0f4e02f1-3148-4106-9850-9963db652c57/datanode-2/data/ratis/47f9dee4-0f52-4053-a48b-5878589fb01c/current/log_inprogress_0
2023-09-12 21:05:55,711 [9ece4d1d-2112-49ce-a0f9-c544e683daa2@group-5878589FB01C-SegmentedRaftLogWorker] INFO  segmented.SegmentedRaftLogWorker (SegmentedRaftLogWorker.java:execute(651)) - 9ece4d1d-2112-49ce-a0f9-c544e683daa2@group-5878589FB01C-SegmentedRaftLogWorker: created new log segment /home/runner/work/ozone/ozone/hadoop-ozone/integration-test/target/test-dir/MiniOzoneClusterImpl-0f4e02f1-3148-4106-9850-9963db652c57/datanode-0/data/ratis/47f9dee4-0f52-4053-a48b-5878589fb01c/current/log_inprogress_0
2023-09-12 21:05:55,872 [f162601e-1a73-446f-bfff-b907124620c0@group-B8D710D554B9-FollowerState] INFO  impl.FollowerState (FollowerState.java:run(143)) - f162601e-1a73-446f-bfff-b907124620c0@group-B8D710D554B9-FollowerState: change to CANDIDATE, lastRpcElapsedTime:5081835709ns, electionTimeout:5077ms
2023-09-12 21:05:55,873 [f162601e-1a73-446f-bfff-b907124620c0@group-B8D710D554B9-FollowerState] INFO  impl.RoleInfo (RoleInfo.java:shutdownFollowerState(110)) - f162601e-1a73-446f-bfff-b907124620c0: shutdown f162601e-1a73-446f-bfff-b907124620c0@group-B8D710D554B9-FollowerState
2023-09-12 21:05:55,873 [f162601e-1a73-446f-bfff-b907124620c0@group-B8D710D554B9-FollowerState] INFO  server.RaftServer$Division (RaftServerImpl.java:setRole(329)) - f162601e-1a73-446f-bfff-b907124620c0@group-B8D710D554B9: changes role from  FOLLOWER to CANDIDATE at term 0 for changeToCandidate
2023-09-12 21:05:55,874 [f162601e-1a73-446f-bfff-b907124620c0@group-B8D710D554B9-FollowerState] INFO  server.RaftServerConfigKeys (ConfUtils.java:logGet(46)) - raft.server.leaderelection.pre-vote = true (default)
2023-09-12 21:05:55,874 [f162601e-1a73-446f-bfff-b907124620c0@group-B8D710D554B9-FollowerState] INFO  impl.RoleInfo (RoleInfo.java:updateAndGet(139)) - f162601e-1a73-446f-bfff-b907124620c0: start f162601e-1a73-446f-bfff-b907124620c0@group-B8D710D554B9-LeaderElection6
2023-09-12 21:05:55,876 [f162601e-1a73-446f-bfff-b907124620c0@group-B8D710D554B9-LeaderElection6] INFO  impl.LeaderElection (LeaderElection.java:askForVotes(321)) - f162601e-1a73-446f-bfff-b907124620c0@group-B8D710D554B9-LeaderElection6 PRE_VOTE round 0: submit vote requests at term 0 for -1: peers:[f162601e-1a73-446f-bfff-b907124620c0|rpc:10.1.0.4:15032|admin:10.1.0.4:15031|client:10.1.0.4:15030|dataStream:10.1.0.4:15033|priority:1|startupRole:FOLLOWER]|listeners:[], old=null
2023-09-12 21:05:55,876 [f162601e-1a73-446f-bfff-b907124620c0@group-B8D710D554B9-LeaderElection6] INFO  impl.LeaderElection (LeaderElection.java:askForVotes(323)) - f162601e-1a73-446f-bfff-b907124620c0@group-B8D710D554B9-LeaderElection6 PRE_VOTE round 0: result PASSED (term=0)
2023-09-12 21:05:55,877 [f162601e-1a73-446f-bfff-b907124620c0@group-B8D710D554B9-LeaderElection6] INFO  impl.LeaderElection (LeaderElection.java:askForVotes(321)) - f162601e-1a73-446f-bfff-b907124620c0@group-B8D710D554B9-LeaderElection6 ELECTION round 0: submit vote requests at term 1 for -1: peers:[f162601e-1a73-446f-bfff-b907124620c0|rpc:10.1.0.4:15032|admin:10.1.0.4:15031|client:10.1.0.4:15030|dataStream:10.1.0.4:15033|priority:1|startupRole:FOLLOWER]|listeners:[], old=null
2023-09-12 21:05:55,877 [f162601e-1a73-446f-bfff-b907124620c0@group-B8D710D554B9-LeaderElection6] INFO  impl.LeaderElection (LeaderElection.java:askForVotes(323)) - f162601e-1a73-446f-bfff-b907124620c0@group-B8D710D554B9-LeaderElection6 ELECTION round 0: result PASSED (term=1)
2023-09-12 21:05:55,877 [f162601e-1a73-446f-bfff-b907124620c0@group-B8D710D554B9-LeaderElection6] INFO  impl.RoleInfo (RoleInfo.java:shutdownLeaderElection(130)) - f162601e-1a73-446f-bfff-b907124620c0: shutdown f162601e-1a73-446f-bfff-b907124620c0@group-B8D710D554B9-LeaderElection6
2023-09-12 21:05:55,877 [f162601e-1a73-446f-bfff-b907124620c0@group-B8D710D554B9-LeaderElection6] INFO  server.RaftServer$Division (RaftServerImpl.java:setRole(329)) - f162601e-1a73-446f-bfff-b907124620c0@group-B8D710D554B9: changes role from CANDIDATE to LEADER at term 1 for changeToLeader
2023-09-12 21:05:55,877 [f162601e-1a73-446f-bfff-b907124620c0@group-B8D710D554B9-LeaderElection6] INFO  ratis.XceiverServerRatis (XceiverServerRatis.java:handleLeaderChangedNotification(902)) - Leader change notification received for group: group-B8D710D554B9 with new leaderId: f162601e-1a73-446f-bfff-b907124620c0
2023-09-12 21:05:55,877 [f162601e-1a73-446f-bfff-b907124620c0@group-B8D710D554B9-LeaderElection6] INFO  server.RaftServer$Division (ServerState.java:setLeader(317)) - f162601e-1a73-446f-bfff-b907124620c0@group-B8D710D554B9: change Leader from null to f162601e-1a73-446f-bfff-b907124620c0 at term 1 for becomeLeader, leader elected after 5104ms
2023-09-12 21:05:55,877 [f162601e-1a73-446f-bfff-b907124620c0@group-B8D710D554B9-LeaderElection6] INFO  server.RaftServerConfigKeys (ConfUtils.java:logGet(46)) - raft.server.staging.catchup.gap = 1000 (default)
2023-09-12 21:05:55,878 [f162601e-1a73-446f-bfff-b907124620c0@group-B8D710D554B9-LeaderElection6] INFO  server.RaftServerConfigKeys (ConfUtils.java:logGet(46)) - raft.server.write.element-limit = 1024 (custom)
2023-09-12 21:05:55,878 [f162601e-1a73-446f-bfff-b907124620c0@group-B8D710D554B9-LeaderElection6] INFO  server.RaftServerConfigKeys (ConfUtils.java:logGet(46)) - raft.server.write.byte-limit = 1024 M (=1073741824) (custom)
2023-09-12 21:05:55,879 [f162601e-1a73-446f-bfff-b907124620c0@group-B8D710D554B9-LeaderElection6] INFO  server.RaftServerConfigKeys (ConfUtils.java:logGet(46)) - raft.server.watch.timeout = 10000ms (default)
2023-09-12 21:05:55,879 [f162601e-1a73-446f-bfff-b907124620c0@group-B8D710D554B9-LeaderElection6] INFO  server.RaftServerConfigKeys (ConfUtils.java:logGet(46)) - raft.server.watch.timeout.denomination = 1s (default)
2023-09-12 21:05:55,879 [f162601e-1a73-446f-bfff-b907124620c0@group-B8D710D554B9-LeaderElection6] INFO  server.RaftServerConfigKeys (ConfUtils.java:logGet(46)) - raft.server.watch.element-limit = 65536 (default)
2023-09-12 21:05:55,879 [f162601e-1a73-446f-bfff-b907124620c0@group-B8D710D554B9-LeaderElection6] INFO  server.RaftServerConfigKeys (ConfUtils.java:logGet(46)) - raft.server.write.element-limit = 1024 (custom)
2023-09-12 21:05:55,879 [f162601e-1a73-446f-bfff-b907124620c0@group-B8D710D554B9-LeaderElection6] INFO  server.RaftServerConfigKeys (ConfUtils.java:logGet(46)) - raft.server.write.follower.gap.ratio.max = -1.0 (default)
2023-09-12 21:05:55,880 [f162601e-1a73-446f-bfff-b907124620c0@group-B8D710D554B9-LeaderElection6] INFO  impl.RoleInfo (RoleInfo.java:updateAndGet(139)) - f162601e-1a73-446f-bfff-b907124620c0: start f162601e-1a73-446f-bfff-b907124620c0@group-B8D710D554B9-LeaderStateImpl
2023-09-12 21:05:55,880 [f162601e-1a73-446f-bfff-b907124620c0@group-B8D710D554B9-LeaderElection6] INFO  segmented.SegmentedRaftLogWorker (SegmentedRaftLogWorker.java:startLogSegment(447)) - f162601e-1a73-446f-bfff-b907124620c0@group-B8D710D554B9-SegmentedRaftLogWorker: Starting segment from index:0
2023-09-12 21:05:55,887 [f162601e-1a73-446f-bfff-b907124620c0@group-B8D710D554B9-LeaderElection6] INFO  server.RaftServer$Division (ServerState.java:setRaftConf(434)) - f162601e-1a73-446f-bfff-b907124620c0@group-B8D710D554B9: set configuration 0: peers:[f162601e-1a73-446f-bfff-b907124620c0|rpc:10.1.0.4:15032|admin:10.1.0.4:15031|client:10.1.0.4:15030|dataStream:10.1.0.4:15033|priority:1|startupRole:FOLLOWER]|listeners:[], old=null
2023-09-12 21:05:55,887 [f162601e-1a73-446f-bfff-b907124620c0@group-B8D710D554B9-SegmentedRaftLogWorker] INFO  segmented.SegmentedRaftLogWorker (SegmentedRaftLogWorker.java:execute(651)) - f162601e-1a73-446f-bfff-b907124620c0@group-B8D710D554B9-SegmentedRaftLogWorker: created new log segment /home/runner/work/ozone/ozone/hadoop-ozone/integration-test/target/test-dir/MiniOzoneClusterImpl-0f4e02f1-3148-4106-9850-9963db652c57/datanode-2/data/ratis/3e980352-d34e-428c-b05e-b8d710d554b9/current/log_inprogress_0
2023-09-12 21:05:55,890 [9ece4d1d-2112-49ce-a0f9-c544e683daa2@group-2E8FA51024FB-FollowerState] INFO  impl.FollowerState (FollowerState.java:run(143)) - 9ece4d1d-2112-49ce-a0f9-c544e683daa2@group-2E8FA51024FB-FollowerState: change to CANDIDATE, lastRpcElapsedTime:5024789413ns, electionTimeout:5019ms
2023-09-12 21:05:55,891 [9ece4d1d-2112-49ce-a0f9-c544e683daa2@group-2E8FA51024FB-FollowerState] INFO  impl.RoleInfo (RoleInfo.java:shutdownFollowerState(110)) - 9ece4d1d-2112-49ce-a0f9-c544e683daa2: shutdown 9ece4d1d-2112-49ce-a0f9-c544e683daa2@group-2E8FA51024FB-FollowerState
2023-09-12 21:05:55,891 [9ece4d1d-2112-49ce-a0f9-c544e683daa2@group-2E8FA51024FB-FollowerState] INFO  server.RaftServer$Division (RaftServerImpl.java:setRole(329)) - 9ece4d1d-2112-49ce-a0f9-c544e683daa2@group-2E8FA51024FB: changes role from  FOLLOWER to CANDIDATE at term 0 for changeToCandidate
2023-09-12 21:05:55,891 [9ece4d1d-2112-49ce-a0f9-c544e683daa2@group-2E8FA51024FB-FollowerState] INFO  server.RaftServerConfigKeys (ConfUtils.java:logGet(46)) - raft.server.leaderelection.pre-vote = true (default)
2023-09-12 21:05:55,891 [9ece4d1d-2112-49ce-a0f9-c544e683daa2@group-2E8FA51024FB-FollowerState] INFO  impl.RoleInfo (RoleInfo.java:updateAndGet(139)) - 9ece4d1d-2112-49ce-a0f9-c544e683daa2: start 9ece4d1d-2112-49ce-a0f9-c544e683daa2@group-2E8FA51024FB-LeaderElection7
2023-09-12 21:05:55,896 [9ece4d1d-2112-49ce-a0f9-c544e683daa2@group-2E8FA51024FB-LeaderElection7] INFO  impl.LeaderElection (LeaderElection.java:askForVotes(321)) - 9ece4d1d-2112-49ce-a0f9-c544e683daa2@group-2E8FA51024FB-LeaderElection7 PRE_VOTE round 0: submit vote requests at term 0 for -1: peers:[9ece4d1d-2112-49ce-a0f9-c544e683daa2|rpc:10.1.0.4:15014|admin:10.1.0.4:15013|client:10.1.0.4:15012|dataStream:10.1.0.4:15015|priority:1|startupRole:FOLLOWER, 0c20a109-2ea1-4d97-ad73-cac537996a23|rpc:10.1.0.4:15023|admin:10.1.0.4:15022|client:10.1.0.4:15021|dataStream:10.1.0.4:15024|priority:0|startupRole:FOLLOWER, f162601e-1a73-446f-bfff-b907124620c0|rpc:10.1.0.4:15032|admin:10.1.0.4:15031|client:10.1.0.4:15030|dataStream:10.1.0.4:15033|priority:0|startupRole:FOLLOWER]|listeners:[], old=null
2023-09-12 21:05:55,896 [9ece4d1d-2112-49ce-a0f9-c544e683daa2@group-2E8FA51024FB-LeaderElection7] INFO  server.RaftServerConfigKeys (ConfUtils.java:logFallback(53)) - raft.server.rpc.first-election.timeout.min = 5s (fallback to raft.server.rpc.timeout.min)
2023-09-12 21:05:55,897 [9ece4d1d-2112-49ce-a0f9-c544e683daa2@group-2E8FA51024FB-LeaderElection7] INFO  server.RaftServerConfigKeys (ConfUtils.java:logFallback(53)) - raft.server.rpc.first-election.timeout.max = 5200ms (fallback to raft.server.rpc.timeout.max)
2023-09-12 21:05:55,899 [grpc-default-executor-0] INFO  server.RaftServer$Division (RaftServerImpl.java:requestVote(1302)) - f162601e-1a73-446f-bfff-b907124620c0@group-2E8FA51024FB: receive requestVote(PRE_VOTE, 9ece4d1d-2112-49ce-a0f9-c544e683daa2, group-2E8FA51024FB, 0, (t:0, i:0))
2023-09-12 21:05:55,900 [grpc-default-executor-0] INFO  impl.VoteContext (VoteContext.java:log(49)) - f162601e-1a73-446f-bfff-b907124620c0@group-2E8FA51024FB-FOLLOWER: accept PRE_VOTE from 9ece4d1d-2112-49ce-a0f9-c544e683daa2: our priority 0 <= candidate's priority 1
2023-09-12 21:05:55,900 [grpc-default-executor-0] INFO  server.RaftServer$Division (RaftServerImpl.java:requestVote(1335)) - f162601e-1a73-446f-bfff-b907124620c0@group-2E8FA51024FB replies to PRE_VOTE vote request: 9ece4d1d-2112-49ce-a0f9-c544e683daa2<-f162601e-1a73-446f-bfff-b907124620c0#0:OK-t0. Peer's state: f162601e-1a73-446f-bfff-b907124620c0@group-2E8FA51024FB:t0, leader=null, voted=, raftlog=Memoized:f162601e-1a73-446f-bfff-b907124620c0@group-2E8FA51024FB-SegmentedRaftLog:OPENED:c-1, conf=-1: peers:[9ece4d1d-2112-49ce-a0f9-c544e683daa2|rpc:10.1.0.4:15014|admin:10.1.0.4:15013|client:10.1.0.4:15012|dataStream:10.1.0.4:15015|priority:1|startupRole:FOLLOWER, 0c20a109-2ea1-4d97-ad73-cac537996a23|rpc:10.1.0.4:15023|admin:10.1.0.4:15022|client:10.1.0.4:15021|dataStream:10.1.0.4:15024|priority:0|startupRole:FOLLOWER, f162601e-1a73-446f-bfff-b907124620c0|rpc:10.1.0.4:15032|admin:10.1.0.4:15031|client:10.1.0.4:15030|dataStream:10.1.0.4:15033|priority:0|startupRole:FOLLOWER]|listeners:[], old=null
2023-09-12 21:05:55,901 [9ece4d1d-2112-49ce-a0f9-c544e683daa2@group-2E8FA51024FB-LeaderElection7] INFO  impl.LeaderElection (LeaderElection.java:logAndReturn(90)) - 9ece4d1d-2112-49ce-a0f9-c544e683daa2@group-2E8FA51024FB-LeaderElection7: PRE_VOTE PASSED received 1 response(s) and 0 exception(s):
2023-09-12 21:05:55,901 [9ece4d1d-2112-49ce-a0f9-c544e683daa2@group-2E8FA51024FB-LeaderElection7] INFO  impl.LeaderElection (LeaderElection.java:logAndReturn(94)) -   Response 0: 9ece4d1d-2112-49ce-a0f9-c544e683daa2<-f162601e-1a73-446f-bfff-b907124620c0#0:OK-t0
2023-09-12 21:05:55,901 [9ece4d1d-2112-49ce-a0f9-c544e683daa2@group-2E8FA51024FB-LeaderElection7] INFO  impl.LeaderElection (LeaderElection.java:askForVotes(323)) - 9ece4d1d-2112-49ce-a0f9-c544e683daa2@group-2E8FA51024FB-LeaderElection7 PRE_VOTE round 0: result PASSED
2023-09-12 21:05:55,903 [9ece4d1d-2112-49ce-a0f9-c544e683daa2@group-2E8FA51024FB-LeaderElection7] INFO  impl.LeaderElection (LeaderElection.java:askForVotes(321)) - 9ece4d1d-2112-49ce-a0f9-c544e683daa2@group-2E8FA51024FB-LeaderElection7 ELECTION round 0: submit vote requests at term 1 for -1: peers:[9ece4d1d-2112-49ce-a0f9-c544e683daa2|rpc:10.1.0.4:15014|admin:10.1.0.4:15013|client:10.1.0.4:15012|dataStream:10.1.0.4:15015|priority:1|startupRole:FOLLOWER, 0c20a109-2ea1-4d97-ad73-cac537996a23|rpc:10.1.0.4:15023|admin:10.1.0.4:15022|client:10.1.0.4:15021|dataStream:10.1.0.4:15024|priority:0|startupRole:FOLLOWER, f162601e-1a73-446f-bfff-b907124620c0|rpc:10.1.0.4:15032|admin:10.1.0.4:15031|client:10.1.0.4:15030|dataStream:10.1.0.4:15033|priority:0|startupRole:FOLLOWER]|listeners:[], old=null
2023-09-12 21:05:55,905 [9ece4d1d-2112-49ce-a0f9-c544e683daa2@group-2E8FA51024FB-LeaderElection7] INFO  server.RaftServerConfigKeys (ConfUtils.java:logFallback(53)) - raft.server.rpc.first-election.timeout.min = 5s (fallback to raft.server.rpc.timeout.min)
2023-09-12 21:05:55,905 [9ece4d1d-2112-49ce-a0f9-c544e683daa2@group-2E8FA51024FB-LeaderElection7] INFO  server.RaftServerConfigKeys (ConfUtils.java:logFallback(53)) - raft.server.rpc.first-election.timeout.max = 5200ms (fallback to raft.server.rpc.timeout.max)
2023-09-12 21:05:55,906 [grpc-default-executor-4] INFO  server.RaftServer$Division (RaftServerImpl.java:requestVote(1302)) - 0c20a109-2ea1-4d97-ad73-cac537996a23@group-2E8FA51024FB: receive requestVote(ELECTION, 9ece4d1d-2112-49ce-a0f9-c544e683daa2, group-2E8FA51024FB, 1, (t:0, i:0))
2023-09-12 21:05:55,906 [grpc-default-executor-4] INFO  impl.VoteContext (VoteContext.java:log(49)) - 0c20a109-2ea1-4d97-ad73-cac537996a23@group-2E8FA51024FB-FOLLOWER: accept ELECTION from 9ece4d1d-2112-49ce-a0f9-c544e683daa2: our priority 0 <= candidate's priority 1
2023-09-12 21:05:55,907 [grpc-default-executor-4] INFO  server.RaftServer$Division (RaftServerImpl.java:setRole(329)) - 0c20a109-2ea1-4d97-ad73-cac537996a23@group-2E8FA51024FB: changes role from  FOLLOWER to FOLLOWER at term 1 for candidate:9ece4d1d-2112-49ce-a0f9-c544e683daa2
2023-09-12 21:05:55,907 [grpc-default-executor-4] INFO  impl.RoleInfo (RoleInfo.java:shutdownFollowerState(110)) - 0c20a109-2ea1-4d97-ad73-cac537996a23: shutdown 0c20a109-2ea1-4d97-ad73-cac537996a23@group-2E8FA51024FB-FollowerState
2023-09-12 21:05:55,906 [grpc-default-executor-0] INFO  server.RaftServer$Division (RaftServerImpl.java:requestVote(1302)) - 0c20a109-2ea1-4d97-ad73-cac537996a23@group-2E8FA51024FB: receive requestVote(PRE_VOTE, 9ece4d1d-2112-49ce-a0f9-c544e683daa2, group-2E8FA51024FB, 0, (t:0, i:0))
2023-09-12 21:05:55,907 [grpc-default-executor-4] INFO  impl.RoleInfo (RoleInfo.java:updateAndGet(139)) - 0c20a109-2ea1-4d97-ad73-cac537996a23: start 0c20a109-2ea1-4d97-ad73-cac537996a23@group-2E8FA51024FB-FollowerState
2023-09-12 21:05:55,908 [0c20a109-2ea1-4d97-ad73-cac537996a23@group-2E8FA51024FB-FollowerState] INFO  impl.FollowerState (FollowerState.java:run(152)) - 0c20a109-2ea1-4d97-ad73-cac537996a23@group-2E8FA51024FB-FollowerState was interrupted
2023-09-12 21:05:55,910 [grpc-default-executor-4] INFO  server.RaftServer$Division (RaftServerImpl.java:requestVote(1335)) - 0c20a109-2ea1-4d97-ad73-cac537996a23@group-2E8FA51024FB replies to ELECTION vote request: 9ece4d1d-2112-49ce-a0f9-c544e683daa2<-0c20a109-2ea1-4d97-ad73-cac537996a23#0:OK-t1. Peer's state: 0c20a109-2ea1-4d97-ad73-cac537996a23@group-2E8FA51024FB:t1, leader=null, voted=9ece4d1d-2112-49ce-a0f9-c544e683daa2, raftlog=Memoized:0c20a109-2ea1-4d97-ad73-cac537996a23@group-2E8FA51024FB-SegmentedRaftLog:OPENED:c-1, conf=-1: peers:[9ece4d1d-2112-49ce-a0f9-c544e683daa2|rpc:10.1.0.4:15014|admin:10.1.0.4:15013|client:10.1.0.4:15012|dataStream:10.1.0.4:15015|priority:1|startupRole:FOLLOWER, 0c20a109-2ea1-4d97-ad73-cac537996a23|rpc:10.1.0.4:15023|admin:10.1.0.4:15022|client:10.1.0.4:15021|dataStream:10.1.0.4:15024|priority:0|startupRole:FOLLOWER, f162601e-1a73-446f-bfff-b907124620c0|rpc:10.1.0.4:15032|admin:10.1.0.4:15031|client:10.1.0.4:15030|dataStream:10.1.0.4:15033|priority:0|startupRole:FOLLOWER]|listeners:[], old=null
2023-09-12 21:05:55,911 [grpc-default-executor-3] INFO  server.RaftServer$Division (RaftServerImpl.java:requestVote(1302)) - f162601e-1a73-446f-bfff-b907124620c0@group-2E8FA51024FB: receive requestVote(ELECTION, 9ece4d1d-2112-49ce-a0f9-c544e683daa2, group-2E8FA51024FB, 1, (t:0, i:0))
2023-09-12 21:05:55,911 [9ece4d1d-2112-49ce-a0f9-c544e683daa2@group-2E8FA51024FB-LeaderElection7] INFO  impl.LeaderElection (LeaderElection.java:logAndReturn(90)) - 9ece4d1d-2112-49ce-a0f9-c544e683daa2@group-2E8FA51024FB-LeaderElection7: ELECTION PASSED received 1 response(s) and 0 exception(s):
2023-09-12 21:05:55,915 [9ece4d1d-2112-49ce-a0f9-c544e683daa2@group-2E8FA51024FB-LeaderElection7] INFO  impl.LeaderElection (LeaderElection.java:logAndReturn(94)) -   Response 0: 9ece4d1d-2112-49ce-a0f9-c544e683daa2<-0c20a109-2ea1-4d97-ad73-cac537996a23#0:OK-t1
2023-09-12 21:05:55,915 [9ece4d1d-2112-49ce-a0f9-c544e683daa2@group-2E8FA51024FB-LeaderElection7] INFO  impl.LeaderElection (LeaderElection.java:askForVotes(323)) - 9ece4d1d-2112-49ce-a0f9-c544e683daa2@group-2E8FA51024FB-LeaderElection7 ELECTION round 0: result PASSED
2023-09-12 21:05:55,915 [9ece4d1d-2112-49ce-a0f9-c544e683daa2@group-2E8FA51024FB-LeaderElection7] INFO  impl.RoleInfo (RoleInfo.java:shutdownLeaderElection(130)) - 9ece4d1d-2112-49ce-a0f9-c544e683daa2: shutdown 9ece4d1d-2112-49ce-a0f9-c544e683daa2@group-2E8FA51024FB-LeaderElection7
2023-09-12 21:05:55,915 [9ece4d1d-2112-49ce-a0f9-c544e683daa2@group-2E8FA51024FB-LeaderElection7] INFO  server.RaftServer$Division (RaftServerImpl.java:setRole(329)) - 9ece4d1d-2112-49ce-a0f9-c544e683daa2@group-2E8FA51024FB: changes role from CANDIDATE to LEADER at term 1 for changeToLeader
2023-09-12 21:05:55,915 [9ece4d1d-2112-49ce-a0f9-c544e683daa2@group-2E8FA51024FB-LeaderElection7] INFO  ratis.XceiverServerRatis (XceiverServerRatis.java:handleLeaderChangedNotification(902)) - Leader change notification received for group: group-2E8FA51024FB with new leaderId: 9ece4d1d-2112-49ce-a0f9-c544e683daa2
2023-09-12 21:05:55,915 [9ece4d1d-2112-49ce-a0f9-c544e683daa2@group-2E8FA51024FB-LeaderElection7] INFO  server.RaftServer$Division (ServerState.java:setLeader(317)) - 9ece4d1d-2112-49ce-a0f9-c544e683daa2@group-2E8FA51024FB: change Leader from null to 9ece4d1d-2112-49ce-a0f9-c544e683daa2 at term 1 for becomeLeader, leader elected after 5083ms
2023-09-12 21:05:55,915 [9ece4d1d-2112-49ce-a0f9-c544e683daa2@group-2E8FA51024FB-LeaderElection7] INFO  server.RaftServerConfigKeys (ConfUtils.java:logGet(46)) - raft.server.staging.catchup.gap = 1000 (default)
2023-09-12 21:05:55,916 [9ece4d1d-2112-49ce-a0f9-c544e683daa2@group-2E8FA51024FB-LeaderElection7] INFO  server.RaftServerConfigKeys (ConfUtils.java:logGet(46)) - raft.server.write.element-limit = 1024 (custom)
2023-09-12 21:05:55,916 [9ece4d1d-2112-49ce-a0f9-c544e683daa2@group-2E8FA51024FB-LeaderElection7] INFO  server.RaftServerConfigKeys (ConfUtils.java:logGet(46)) - raft.server.write.byte-limit = 1024 M (=1073741824) (custom)
2023-09-12 21:05:55,916 [9ece4d1d-2112-49ce-a0f9-c544e683daa2@group-2E8FA51024FB-LeaderElection7] INFO  server.RaftServerConfigKeys (ConfUtils.java:logGet(46)) - raft.server.watch.timeout = 10000ms (default)
2023-09-12 21:05:55,916 [9ece4d1d-2112-49ce-a0f9-c544e683daa2@group-2E8FA51024FB-LeaderElection7] INFO  server.RaftServerConfigKeys (ConfUtils.java:logGet(46)) - raft.server.watch.timeout.denomination = 1s (default)
2023-09-12 21:05:55,916 [9ece4d1d-2112-49ce-a0f9-c544e683daa2@group-2E8FA51024FB-LeaderElection7] INFO  server.RaftServerConfigKeys (ConfUtils.java:logGet(46)) - raft.server.watch.element-limit = 65536 (default)
2023-09-12 21:05:55,916 [9ece4d1d-2112-49ce-a0f9-c544e683daa2@group-2E8FA51024FB-LeaderElection7] INFO  server.RaftServerConfigKeys (ConfUtils.java:logGet(46)) - raft.server.write.element-limit = 1024 (custom)
2023-09-12 21:05:55,916 [9ece4d1d-2112-49ce-a0f9-c544e683daa2@group-2E8FA51024FB-LeaderElection7] INFO  server.RaftServerConfigKeys (ConfUtils.java:logGet(46)) - raft.server.write.follower.gap.ratio.max = -1.0 (default)
2023-09-12 21:05:55,916 [9ece4d1d-2112-49ce-a0f9-c544e683daa2@group-2E8FA51024FB-LeaderElection7] INFO  server.RaftServerConfigKeys (ConfUtils.java:logGet(46)) - raft.server.log.appender.snapshot.chunk.size.max = 16MB (=16777216) (default)
2023-09-12 21:05:55,917 [9ece4d1d-2112-49ce-a0f9-c544e683daa2@group-2E8FA51024FB-LeaderElection7] INFO  server.RaftServerConfigKeys (ConfUtils.java:logGet(46)) - raft.server.log.appender.buffer.byte-limit = 33554432 (custom)
2023-09-12 21:05:55,917 [9ece4d1d-2112-49ce-a0f9-c544e683daa2@group-2E8FA51024FB-LeaderElection7] INFO  server.RaftServerConfigKeys (ConfUtils.java:logGet(46)) - raft.server.log.appender.buffer.element-limit = 1 (custom)
2023-09-12 21:05:55,917 [9ece4d1d-2112-49ce-a0f9-c544e683daa2@group-2E8FA51024FB-LeaderElection7] INFO  server.RaftServerConfigKeys (ConfUtils.java:logGet(46)) - raft.server.log.appender.wait-time.min = 10ms (default)
2023-09-12 21:05:55,915 [grpc-default-executor-3] INFO  impl.VoteContext (VoteContext.java:log(49)) - f162601e-1a73-446f-bfff-b907124620c0@group-2E8FA51024FB-FOLLOWER: accept ELECTION from 9ece4d1d-2112-49ce-a0f9-c544e683daa2: our priority 0 <= candidate's priority 1
2023-09-12 21:05:55,917 [grpc-default-executor-3] INFO  server.RaftServer$Division (RaftServerImpl.java:setRole(329)) - f162601e-1a73-446f-bfff-b907124620c0@group-2E8FA51024FB: changes role from  FOLLOWER to FOLLOWER at term 1 for candidate:9ece4d1d-2112-49ce-a0f9-c544e683daa2
2023-09-12 21:05:55,917 [grpc-default-executor-3] INFO  impl.RoleInfo (RoleInfo.java:shutdownFollowerState(110)) - f162601e-1a73-446f-bfff-b907124620c0: shutdown f162601e-1a73-446f-bfff-b907124620c0@group-2E8FA51024FB-FollowerState
2023-09-12 21:05:55,913 [grpc-default-executor-0] INFO  impl.VoteContext (VoteContext.java:log(49)) - 0c20a109-2ea1-4d97-ad73-cac537996a23@group-2E8FA51024FB-FOLLOWER: accept PRE_VOTE from 9ece4d1d-2112-49ce-a0f9-c544e683daa2: our priority 0 <= candidate's priority 1
2023-09-12 21:05:55,917 [grpc-default-executor-0] INFO  server.RaftServer$Division (RaftServerImpl.java:requestVote(1335)) - 0c20a109-2ea1-4d97-ad73-cac537996a23@group-2E8FA51024FB replies to PRE_VOTE vote request: 9ece4d1d-2112-49ce-a0f9-c544e683daa2<-0c20a109-2ea1-4d97-ad73-cac537996a23#0:OK-t1. Peer's state: 0c20a109-2ea1-4d97-ad73-cac537996a23@group-2E8FA51024FB:t1, leader=null, voted=9ece4d1d-2112-49ce-a0f9-c544e683daa2, raftlog=Memoized:0c20a109-2ea1-4d97-ad73-cac537996a23@group-2E8FA51024FB-SegmentedRaftLog:OPENED:c-1, conf=-1: peers:[9ece4d1d-2112-49ce-a0f9-c544e683daa2|rpc:10.1.0.4:15014|admin:10.1.0.4:15013|client:10.1.0.4:15012|dataStream:10.1.0.4:15015|priority:1|startupRole:FOLLOWER, 0c20a109-2ea1-4d97-ad73-cac537996a23|rpc:10.1.0.4:15023|admin:10.1.0.4:15022|client:10.1.0.4:15021|dataStream:10.1.0.4:15024|priority:0|startupRole:FOLLOWER, f162601e-1a73-446f-bfff-b907124620c0|rpc:10.1.0.4:15032|admin:10.1.0.4:15031|client:10.1.0.4:15030|dataStream:10.1.0.4:15033|priority:0|startupRole:FOLLOWER]|listeners:[], old=null
2023-09-12 21:05:55,918 [f162601e-1a73-446f-bfff-b907124620c0@group-2E8FA51024FB-FollowerState] INFO  impl.FollowerState (FollowerState.java:run(152)) - f162601e-1a73-446f-bfff-b907124620c0@group-2E8FA51024FB-FollowerState was interrupted
2023-09-12 21:05:55,919 [EventQueue-PipelineReportForPipelineReportHandler] INFO  pipeline.PipelineReportHandler (PipelineReportHandler.java:processPipelineReport(136)) - Opened pipeline PipelineID=7e4cc134-007f-4413-b7c4-2e8fa51024fb
2023-09-12 21:05:55,924 [grpc-default-executor-3] INFO  impl.RoleInfo (RoleInfo.java:updateAndGet(139)) - f162601e-1a73-446f-bfff-b907124620c0: start f162601e-1a73-446f-bfff-b907124620c0@group-2E8FA51024FB-FollowerState
2023-09-12 21:05:55,917 [9ece4d1d-2112-49ce-a0f9-c544e683daa2@group-2E8FA51024FB-LeaderElection7] INFO  grpc.GrpcConfigKeys (ConfUtils.java:logGet(46)) - raft.grpc.server.leader.outstanding.appends.max = 128 (default)
2023-09-12 21:05:55,924 [9ece4d1d-2112-49ce-a0f9-c544e683daa2@group-2E8FA51024FB-LeaderElection7] INFO  server.RaftServerConfigKeys (ConfUtils.java:logGet(46)) - raft.server.rpc.request.timeout = 3000ms (default)
2023-09-12 21:05:55,924 [9ece4d1d-2112-49ce-a0f9-c544e683daa2@group-2E8FA51024FB-LeaderElection7] INFO  grpc.GrpcConfigKeys (ConfUtils.java:logGet(46)) - raft.grpc.server.install_snapshot.request.element-limit = 8 (default)
2023-09-12 21:05:55,924 [9ece4d1d-2112-49ce-a0f9-c544e683daa2@group-2E8FA51024FB-LeaderElection7] INFO  grpc.GrpcConfigKeys (ConfUtils.java:logGet(46)) - raft.grpc.server.install_snapshot.request.timeout = 3000ms (default)
2023-09-12 21:05:55,924 [9ece4d1d-2112-49ce-a0f9-c544e683daa2@group-2E8FA51024FB-LeaderElection7] INFO  server.RaftServerConfigKeys (ConfUtils.java:logGet(46)) - raft.server.log.appender.install.snapshot.enabled = false (custom)
2023-09-12 21:05:55,924 [9ece4d1d-2112-49ce-a0f9-c544e683daa2@group-2E8FA51024FB-LeaderElection7] INFO  grpc.GrpcConfigKeys (ConfUtils.java:logGet(46)) - raft.grpc.server.heartbeat.channel = true (default)
2023-09-12 21:05:55,925 [9ece4d1d-2112-49ce-a0f9-c544e683daa2@group-2E8FA51024FB-LeaderElection7] INFO  server.RaftServerConfigKeys (ConfUtils.java:logGet(46)) - raft.server.log.appender.snapshot.chunk.size.max = 16MB (=16777216) (default)
2023-09-12 21:05:55,925 [9ece4d1d-2112-49ce-a0f9-c544e683daa2@group-2E8FA51024FB-LeaderElection7] INFO  server.RaftServerConfigKeys (ConfUtils.java:logGet(46)) - raft.server.log.appender.buffer.byte-limit = 33554432 (custom)
2023-09-12 21:05:55,925 [9ece4d1d-2112-49ce-a0f9-c544e683daa2@group-2E8FA51024FB-LeaderElection7] INFO  server.RaftServerConfigKeys (ConfUtils.java:logGet(46)) - raft.server.log.appender.buffer.element-limit = 1 (custom)
2023-09-12 21:05:55,926 [9ece4d1d-2112-49ce-a0f9-c544e683daa2@group-2E8FA51024FB-LeaderElection7] INFO  server.RaftServerConfigKeys (ConfUtils.java:logGet(46)) - raft.server.log.appender.wait-time.min = 10ms (default)
2023-09-12 21:05:55,927 [9ece4d1d-2112-49ce-a0f9-c544e683daa2@group-2E8FA51024FB-LeaderElection7] INFO  grpc.GrpcConfigKeys (ConfUtils.java:logGet(46)) - raft.grpc.server.leader.outstanding.appends.max = 128 (default)
2023-09-12 21:05:55,927 [9ece4d1d-2112-49ce-a0f9-c544e683daa2@group-2E8FA51024FB-LeaderElection7] INFO  server.RaftServerConfigKeys (ConfUtils.java:logGet(46)) - raft.server.rpc.request.timeout = 3000ms (default)
2023-09-12 21:05:55,927 [9ece4d1d-2112-49ce-a0f9-c544e683daa2@group-2E8FA51024FB-LeaderElection7] INFO  grpc.GrpcConfigKeys (ConfUtils.java:logGet(46)) - raft.grpc.server.install_snapshot.request.element-limit = 8 (default)
2023-09-12 21:05:55,927 [9ece4d1d-2112-49ce-a0f9-c544e683daa2@group-2E8FA51024FB-LeaderElection7] INFO  grpc.GrpcConfigKeys (ConfUtils.java:logGet(46)) - raft.grpc.server.install_snapshot.request.timeout = 3000ms (default)
2023-09-12 21:05:55,927 [9ece4d1d-2112-49ce-a0f9-c544e683daa2@group-2E8FA51024FB-LeaderElection7] INFO  server.RaftServerConfigKeys (ConfUtils.java:logGet(46)) - raft.server.log.appender.install.snapshot.enabled = false (custom)
2023-09-12 21:05:55,927 [9ece4d1d-2112-49ce-a0f9-c544e683daa2@group-2E8FA51024FB-LeaderElection7] INFO  grpc.GrpcConfigKeys (ConfUtils.java:logGet(46)) - raft.grpc.server.heartbeat.channel = true (default)
2023-09-12 21:05:55,927 [9ece4d1d-2112-49ce-a0f9-c544e683daa2@group-2E8FA51024FB-LeaderElection7] INFO  impl.RoleInfo (RoleInfo.java:updateAndGet(139)) - 9ece4d1d-2112-49ce-a0f9-c544e683daa2: start 9ece4d1d-2112-49ce-a0f9-c544e683daa2@group-2E8FA51024FB-LeaderStateImpl
2023-09-12 21:05:55,927 [9ece4d1d-2112-49ce-a0f9-c544e683daa2@group-2E8FA51024FB-LeaderElection7] INFO  segmented.SegmentedRaftLogWorker (SegmentedRaftLogWorker.java:startLogSegment(447)) - 9ece4d1d-2112-49ce-a0f9-c544e683daa2@group-2E8FA51024FB-SegmentedRaftLogWorker: Starting segment from index:0
2023-09-12 21:05:55,928 [9ece4d1d-2112-49ce-a0f9-c544e683daa2@group-2E8FA51024FB-SegmentedRaftLogWorker] INFO  segmented.SegmentedRaftLogWorker (SegmentedRaftLogWorker.java:execute(651)) - 9ece4d1d-2112-49ce-a0f9-c544e683daa2@group-2E8FA51024FB-SegmentedRaftLogWorker: created new log segment /home/runner/work/ozone/ozone/hadoop-ozone/integration-test/target/test-dir/MiniOzoneClusterImpl-0f4e02f1-3148-4106-9850-9963db652c57/datanode-0/data/ratis/7e4cc134-007f-4413-b7c4-2e8fa51024fb/current/log_inprogress_0
2023-09-12 21:05:55,932 [grpc-default-executor-3] INFO  server.RaftServer$Division (RaftServerImpl.java:requestVote(1335)) - f162601e-1a73-446f-bfff-b907124620c0@group-2E8FA51024FB replies to ELECTION vote request: 9ece4d1d-2112-49ce-a0f9-c544e683daa2<-f162601e-1a73-446f-bfff-b907124620c0#0:OK-t1. Peer's state: f162601e-1a73-446f-bfff-b907124620c0@group-2E8FA51024FB:t1, leader=null, voted=9ece4d1d-2112-49ce-a0f9-c544e683daa2, raftlog=Memoized:f162601e-1a73-446f-bfff-b907124620c0@group-2E8FA51024FB-SegmentedRaftLog:OPENED:c-1, conf=-1: peers:[9ece4d1d-2112-49ce-a0f9-c544e683daa2|rpc:10.1.0.4:15014|admin:10.1.0.4:15013|client:10.1.0.4:15012|dataStream:10.1.0.4:15015|priority:1|startupRole:FOLLOWER, 0c20a109-2ea1-4d97-ad73-cac537996a23|rpc:10.1.0.4:15023|admin:10.1.0.4:15022|client:10.1.0.4:15021|dataStream:10.1.0.4:15024|priority:0|startupRole:FOLLOWER, f162601e-1a73-446f-bfff-b907124620c0|rpc:10.1.0.4:15032|admin:10.1.0.4:15031|client:10.1.0.4:15030|dataStream:10.1.0.4:15033|priority:0|startupRole:FOLLOWER]|listeners:[], old=null
2023-09-12 21:05:55,935 [9ece4d1d-2112-49ce-a0f9-c544e683daa2@group-2E8FA51024FB-LeaderElection7] INFO  server.RaftServer$Division (ServerState.java:setRaftConf(434)) - 9ece4d1d-2112-49ce-a0f9-c544e683daa2@group-2E8FA51024FB: set configuration 0: peers:[9ece4d1d-2112-49ce-a0f9-c544e683daa2|rpc:10.1.0.4:15014|admin:10.1.0.4:15013|client:10.1.0.4:15012|dataStream:10.1.0.4:15015|priority:1|startupRole:FOLLOWER, 0c20a109-2ea1-4d97-ad73-cac537996a23|rpc:10.1.0.4:15023|admin:10.1.0.4:15022|client:10.1.0.4:15021|dataStream:10.1.0.4:15024|priority:0|startupRole:FOLLOWER, f162601e-1a73-446f-bfff-b907124620c0|rpc:10.1.0.4:15032|admin:10.1.0.4:15031|client:10.1.0.4:15030|dataStream:10.1.0.4:15033|priority:0|startupRole:FOLLOWER]|listeners:[], old=null
2023-09-12 21:05:55,961 [0c20a109-2ea1-4d97-ad73-cac537996a23-server-thread1] INFO  ratis.XceiverServerRatis (XceiverServerRatis.java:handleLeaderChangedNotification(902)) - Leader change notification received for group: group-2E8FA51024FB with new leaderId: 9ece4d1d-2112-49ce-a0f9-c544e683daa2
2023-09-12 21:05:55,964 [0c20a109-2ea1-4d97-ad73-cac537996a23-server-thread1] INFO  server.RaftServer$Division (ServerState.java:setLeader(317)) - 0c20a109-2ea1-4d97-ad73-cac537996a23@group-2E8FA51024FB: change Leader from null to 9ece4d1d-2112-49ce-a0f9-c544e683daa2 at term 1 for appendEntries, leader elected after 5088ms
2023-09-12 21:05:55,961 [f162601e-1a73-446f-bfff-b907124620c0-server-thread2] INFO  ratis.XceiverServerRatis (XceiverServerRatis.java:handleLeaderChangedNotification(902)) - Leader change notification received for group: group-2E8FA51024FB with new leaderId: 9ece4d1d-2112-49ce-a0f9-c544e683daa2
2023-09-12 21:05:55,964 [f162601e-1a73-446f-bfff-b907124620c0-server-thread2] INFO  server.RaftServer$Division (ServerState.java:setLeader(317)) - f162601e-1a73-446f-bfff-b907124620c0@group-2E8FA51024FB: change Leader from null to 9ece4d1d-2112-49ce-a0f9-c544e683daa2 at term 1 for appendEntries, leader elected after 5152ms
2023-09-12 21:05:55,964 [0c20a109-2ea1-4d97-ad73-cac537996a23-server-thread1] INFO  server.RaftServer$Division (ServerState.java:setRaftConf(434)) - 0c20a109-2ea1-4d97-ad73-cac537996a23@group-2E8FA51024FB: set configuration 0: peers:[9ece4d1d-2112-49ce-a0f9-c544e683daa2|rpc:10.1.0.4:15014|admin:10.1.0.4:15013|client:10.1.0.4:15012|dataStream:10.1.0.4:15015|priority:1|startupRole:FOLLOWER, 0c20a109-2ea1-4d97-ad73-cac537996a23|rpc:10.1.0.4:15023|admin:10.1.0.4:15022|client:10.1.0.4:15021|dataStream:10.1.0.4:15024|priority:0|startupRole:FOLLOWER, f162601e-1a73-446f-bfff-b907124620c0|rpc:10.1.0.4:15032|admin:10.1.0.4:15031|client:10.1.0.4:15030|dataStream:10.1.0.4:15033|priority:0|startupRole:FOLLOWER]|listeners:[], old=null
2023-09-12 21:05:55,965 [0c20a109-2ea1-4d97-ad73-cac537996a23-server-thread1] INFO  segmented.SegmentedRaftLogWorker (SegmentedRaftLogWorker.java:startLogSegment(447)) - 0c20a109-2ea1-4d97-ad73-cac537996a23@group-2E8FA51024FB-SegmentedRaftLogWorker: Starting segment from index:0
2023-09-12 21:05:55,967 [f162601e-1a73-446f-bfff-b907124620c0-server-thread1] INFO  server.RaftServer$Division (ServerState.java:setRaftConf(434)) - f162601e-1a73-446f-bfff-b907124620c0@group-2E8FA51024FB: set configuration 0: peers:[9ece4d1d-2112-49ce-a0f9-c544e683daa2|rpc:10.1.0.4:15014|admin:10.1.0.4:15013|client:10.1.0.4:15012|dataStream:10.1.0.4:15015|priority:1|startupRole:FOLLOWER, 0c20a109-2ea1-4d97-ad73-cac537996a23|rpc:10.1.0.4:15023|admin:10.1.0.4:15022|client:10.1.0.4:15021|dataStream:10.1.0.4:15024|priority:0|startupRole:FOLLOWER, f162601e-1a73-446f-bfff-b907124620c0|rpc:10.1.0.4:15032|admin:10.1.0.4:15031|client:10.1.0.4:15030|dataStream:10.1.0.4:15033|priority:0|startupRole:FOLLOWER]|listeners:[], old=null
2023-09-12 21:05:55,970 [f162601e-1a73-446f-bfff-b907124620c0-server-thread1] INFO  segmented.SegmentedRaftLogWorker (SegmentedRaftLogWorker.java:startLogSegment(447)) - f162601e-1a73-446f-bfff-b907124620c0@group-2E8FA51024FB-SegmentedRaftLogWorker: Starting segment from index:0
2023-09-12 21:05:55,971 [0c20a109-2ea1-4d97-ad73-cac537996a23@group-2E8FA51024FB-SegmentedRaftLogWorker] INFO  segmented.SegmentedRaftLogWorker (SegmentedRaftLogWorker.java:execute(651)) - 0c20a109-2ea1-4d97-ad73-cac537996a23@group-2E8FA51024FB-SegmentedRaftLogWorker: created new log segment /home/runner/work/ozone/ozone/hadoop-ozone/integration-test/target/test-dir/MiniOzoneClusterImpl-0f4e02f1-3148-4106-9850-9963db652c57/datanode-1/data/ratis/7e4cc134-007f-4413-b7c4-2e8fa51024fb/current/log_inprogress_0
2023-09-12 21:05:55,972 [f162601e-1a73-446f-bfff-b907124620c0@group-2E8FA51024FB-SegmentedRaftLogWorker] INFO  segmented.SegmentedRaftLogWorker (SegmentedRaftLogWorker.java:execute(651)) - f162601e-1a73-446f-bfff-b907124620c0@group-2E8FA51024FB-SegmentedRaftLogWorker: created new log segment /home/runner/work/ozone/ozone/hadoop-ozone/integration-test/target/test-dir/MiniOzoneClusterImpl-0f4e02f1-3148-4106-9850-9963db652c57/datanode-2/data/ratis/7e4cc134-007f-4413-b7c4-2e8fa51024fb/current/log_inprogress_0
2023-09-12 21:05:56,387 [78c45de7-ea48-4d81-a27f-63dcd3d13ef6@group-21C0C8057B11-FollowerState] INFO  impl.FollowerState (FollowerState.java:run(143)) - 78c45de7-ea48-4d81-a27f-63dcd3d13ef6@group-21C0C8057B11-FollowerState: change to CANDIDATE, lastRpcElapsedTime:5044115174ns, electionTimeout:5042ms
2023-09-12 21:05:56,388 [78c45de7-ea48-4d81-a27f-63dcd3d13ef6@group-21C0C8057B11-FollowerState] INFO  impl.RoleInfo (RoleInfo.java:shutdownFollowerState(110)) - 78c45de7-ea48-4d81-a27f-63dcd3d13ef6: shutdown 78c45de7-ea48-4d81-a27f-63dcd3d13ef6@group-21C0C8057B11-FollowerState
2023-09-12 21:05:56,388 [78c45de7-ea48-4d81-a27f-63dcd3d13ef6@group-21C0C8057B11-FollowerState] INFO  server.RaftServer$Division (RaftServerImpl.java:setRole(329)) - 78c45de7-ea48-4d81-a27f-63dcd3d13ef6@group-21C0C8057B11: changes role from  FOLLOWER to CANDIDATE at term 0 for changeToCandidate
2023-09-12 21:05:56,389 [78c45de7-ea48-4d81-a27f-63dcd3d13ef6@group-21C0C8057B11-FollowerState] INFO  server.RaftServerConfigKeys (ConfUtils.java:logGet(46)) - raft.server.leaderelection.pre-vote = true (default)
2023-09-12 21:05:56,389 [78c45de7-ea48-4d81-a27f-63dcd3d13ef6@group-21C0C8057B11-FollowerState] INFO  impl.RoleInfo (RoleInfo.java:updateAndGet(139)) - 78c45de7-ea48-4d81-a27f-63dcd3d13ef6: start 78c45de7-ea48-4d81-a27f-63dcd3d13ef6@group-21C0C8057B11-LeaderElection8
2023-09-12 21:05:56,391 [78c45de7-ea48-4d81-a27f-63dcd3d13ef6@group-21C0C8057B11-LeaderElection8] INFO  impl.LeaderElection (LeaderElection.java:askForVotes(321)) - 78c45de7-ea48-4d81-a27f-63dcd3d13ef6@group-21C0C8057B11-LeaderElection8 PRE_VOTE round 0: submit vote requests at term 0 for -1: peers:[78c45de7-ea48-4d81-a27f-63dcd3d13ef6|rpc:10.1.0.4:15041|admin:10.1.0.4:15040|client:10.1.0.4:15039|dataStream:10.1.0.4:15042|priority:1|startupRole:FOLLOWER]|listeners:[], old=null
2023-09-12 21:05:56,391 [78c45de7-ea48-4d81-a27f-63dcd3d13ef6@group-21C0C8057B11-LeaderElection8] INFO  impl.LeaderElection (LeaderElection.java:askForVotes(323)) - 78c45de7-ea48-4d81-a27f-63dcd3d13ef6@group-21C0C8057B11-LeaderElection8 PRE_VOTE round 0: result PASSED (term=0)
2023-09-12 21:05:56,392 [78c45de7-ea48-4d81-a27f-63dcd3d13ef6@group-21C0C8057B11-LeaderElection8] INFO  impl.LeaderElection (LeaderElection.java:askForVotes(321)) - 78c45de7-ea48-4d81-a27f-63dcd3d13ef6@group-21C0C8057B11-LeaderElection8 ELECTION round 0: submit vote requests at term 1 for -1: peers:[78c45de7-ea48-4d81-a27f-63dcd3d13ef6|rpc:10.1.0.4:15041|admin:10.1.0.4:15040|client:10.1.0.4:15039|dataStream:10.1.0.4:15042|priority:1|startupRole:FOLLOWER]|listeners:[], old=null
2023-09-12 21:05:56,393 [78c45de7-ea48-4d81-a27f-63dcd3d13ef6@group-21C0C8057B11-LeaderElection8] INFO  impl.LeaderElection (LeaderElection.java:askForVotes(323)) - 78c45de7-ea48-4d81-a27f-63dcd3d13ef6@group-21C0C8057B11-LeaderElection8 ELECTION round 0: result PASSED (term=1)
2023-09-12 21:05:56,393 [78c45de7-ea48-4d81-a27f-63dcd3d13ef6@group-21C0C8057B11-LeaderElection8] INFO  impl.RoleInfo (RoleInfo.java:shutdownLeaderElection(130)) - 78c45de7-ea48-4d81-a27f-63dcd3d13ef6: shutdown 78c45de7-ea48-4d81-a27f-63dcd3d13ef6@group-21C0C8057B11-LeaderElection8
2023-09-12 21:05:56,393 [78c45de7-ea48-4d81-a27f-63dcd3d13ef6@group-21C0C8057B11-LeaderElection8] INFO  server.RaftServer$Division (RaftServerImpl.java:setRole(329)) - 78c45de7-ea48-4d81-a27f-63dcd3d13ef6@group-21C0C8057B11: changes role from CANDIDATE to LEADER at term 1 for changeToLeader
2023-09-12 21:05:56,393 [78c45de7-ea48-4d81-a27f-63dcd3d13ef6@group-21C0C8057B11-LeaderElection8] INFO  ratis.XceiverServerRatis (XceiverServerRatis.java:handleLeaderChangedNotification(902)) - Leader change notification received for group: group-21C0C8057B11 with new leaderId: 78c45de7-ea48-4d81-a27f-63dcd3d13ef6
2023-09-12 21:05:56,393 [78c45de7-ea48-4d81-a27f-63dcd3d13ef6@group-21C0C8057B11-LeaderElection8] INFO  server.RaftServer$Division (ServerState.java:setLeader(317)) - 78c45de7-ea48-4d81-a27f-63dcd3d13ef6@group-21C0C8057B11: change Leader from null to 78c45de7-ea48-4d81-a27f-63dcd3d13ef6 at term 1 for becomeLeader, leader elected after 5320ms
2023-09-12 21:05:56,394 [78c45de7-ea48-4d81-a27f-63dcd3d13ef6@group-21C0C8057B11-LeaderElection8] INFO  server.RaftServerConfigKeys (ConfUtils.java:logGet(46)) - raft.server.staging.catchup.gap = 1000 (default)
2023-09-12 21:05:56,394 [78c45de7-ea48-4d81-a27f-63dcd3d13ef6@group-21C0C8057B11-LeaderElection8] INFO  server.RaftServerConfigKeys (ConfUtils.java:logGet(46)) - raft.server.write.element-limit = 1024 (custom)
2023-09-12 21:05:56,394 [78c45de7-ea48-4d81-a27f-63dcd3d13ef6@group-21C0C8057B11-LeaderElection8] INFO  server.RaftServerConfigKeys (ConfUtils.java:logGet(46)) - raft.server.write.byte-limit = 1024 M (=1073741824) (custom)
2023-09-12 21:05:56,394 [78c45de7-ea48-4d81-a27f-63dcd3d13ef6@group-21C0C8057B11-LeaderElection8] INFO  server.RaftServerConfigKeys (ConfUtils.java:logGet(46)) - raft.server.watch.timeout = 10000ms (default)
2023-09-12 21:05:56,394 [78c45de7-ea48-4d81-a27f-63dcd3d13ef6@group-21C0C8057B11-LeaderElection8] INFO  server.RaftServerConfigKeys (ConfUtils.java:logGet(46)) - raft.server.watch.timeout.denomination = 1s (default)
2023-09-12 21:05:56,394 [78c45de7-ea48-4d81-a27f-63dcd3d13ef6@group-21C0C8057B11-LeaderElection8] INFO  server.RaftServerConfigKeys (ConfUtils.java:logGet(46)) - raft.server.watch.element-limit = 65536 (default)
2023-09-12 21:05:56,394 [78c45de7-ea48-4d81-a27f-63dcd3d13ef6@group-21C0C8057B11-LeaderElection8] INFO  server.RaftServerConfigKeys (ConfUtils.java:logGet(46)) - raft.server.write.element-limit = 1024 (custom)
2023-09-12 21:05:56,394 [78c45de7-ea48-4d81-a27f-63dcd3d13ef6@group-21C0C8057B11-LeaderElection8] INFO  server.RaftServerConfigKeys (ConfUtils.java:logGet(46)) - raft.server.write.follower.gap.ratio.max = -1.0 (default)
2023-09-12 21:05:56,394 [78c45de7-ea48-4d81-a27f-63dcd3d13ef6@group-21C0C8057B11-LeaderElection8] INFO  impl.RoleInfo (RoleInfo.java:updateAndGet(139)) - 78c45de7-ea48-4d81-a27f-63dcd3d13ef6: start 78c45de7-ea48-4d81-a27f-63dcd3d13ef6@group-21C0C8057B11-LeaderStateImpl
2023-09-12 21:05:56,394 [JUnit] INFO  ozone.MiniOzoneClusterImpl (MiniOzoneClusterImpl.java:lambda$waitForClusterToBeReady$0(224)) - Nodes are ready. Got 5 of 5 DN Heartbeats.
2023-09-12 21:05:56,395 [78c45de7-ea48-4d81-a27f-63dcd3d13ef6@group-21C0C8057B11-LeaderElection8] INFO  segmented.SegmentedRaftLogWorker (SegmentedRaftLogWorker.java:startLogSegment(447)) - 78c45de7-ea48-4d81-a27f-63dcd3d13ef6@group-21C0C8057B11-SegmentedRaftLogWorker: Starting segment from index:0
2023-09-12 21:05:56,395 [JUnit] INFO  ozone.MiniOzoneClusterImpl (MiniOzoneClusterImpl.java:lambda$waitForClusterToBeReady$0(227)) - Cluster exits safe mode
2023-09-12 21:05:56,395 [JUnit] INFO  ozone.MiniOzoneClusterImpl (MiniOzoneClusterImpl.java:lambda$waitForClusterToBeReady$0(229)) - SCM became leader
2023-09-12 21:05:56,397 [78c45de7-ea48-4d81-a27f-63dcd3d13ef6@group-21C0C8057B11-SegmentedRaftLogWorker] INFO  segmented.SegmentedRaftLogWorker (SegmentedRaftLogWorker.java:execute(651)) - 78c45de7-ea48-4d81-a27f-63dcd3d13ef6@group-21C0C8057B11-SegmentedRaftLogWorker: created new log segment /home/runner/work/ozone/ozone/hadoop-ozone/integration-test/target/test-dir/MiniOzoneClusterImpl-0f4e02f1-3148-4106-9850-9963db652c57/datanode-3/data/ratis/049c2560-9622-491e-927d-21c0c8057b11/current/log_inprogress_0
2023-09-12 21:05:56,399 [78c45de7-ea48-4d81-a27f-63dcd3d13ef6@group-21C0C8057B11-LeaderElection8] INFO  server.RaftServer$Division (ServerState.java:setRaftConf(434)) - 78c45de7-ea48-4d81-a27f-63dcd3d13ef6@group-21C0C8057B11: set configuration 0: peers:[78c45de7-ea48-4d81-a27f-63dcd3d13ef6|rpc:10.1.0.4:15041|admin:10.1.0.4:15040|client:10.1.0.4:15039|dataStream:10.1.0.4:15042|priority:1|startupRole:FOLLOWER]|listeners:[], old=null
2023-09-12 21:05:56,440 [b1af18a3-9ed4-43ef-9d74-ef660abc83ed@group-9A1C815A8BA7-FollowerState] INFO  impl.FollowerState (FollowerState.java:run(143)) - b1af18a3-9ed4-43ef-9d74-ef660abc83ed@group-9A1C815A8BA7-FollowerState: change to CANDIDATE, lastRpcElapsedTime:5022297721ns, electionTimeout:5021ms
2023-09-12 21:05:56,440 [b1af18a3-9ed4-43ef-9d74-ef660abc83ed@group-9A1C815A8BA7-FollowerState] INFO  impl.RoleInfo (RoleInfo.java:shutdownFollowerState(110)) - b1af18a3-9ed4-43ef-9d74-ef660abc83ed: shutdown b1af18a3-9ed4-43ef-9d74-ef660abc83ed@group-9A1C815A8BA7-FollowerState
2023-09-12 21:05:56,440 [b1af18a3-9ed4-43ef-9d74-ef660abc83ed@group-9A1C815A8BA7-FollowerState] INFO  server.RaftServer$Division (RaftServerImpl.java:setRole(329)) - b1af18a3-9ed4-43ef-9d74-ef660abc83ed@group-9A1C815A8BA7: changes role from  FOLLOWER to CANDIDATE at term 0 for changeToCandidate
2023-09-12 21:05:56,449 [b1af18a3-9ed4-43ef-9d74-ef660abc83ed@group-9A1C815A8BA7-FollowerState] INFO  server.RaftServerConfigKeys (ConfUtils.java:logGet(46)) - raft.server.leaderelection.pre-vote = true (default)
2023-09-12 21:05:56,449 [b1af18a3-9ed4-43ef-9d74-ef660abc83ed@group-9A1C815A8BA7-FollowerState] INFO  impl.RoleInfo (RoleInfo.java:updateAndGet(139)) - b1af18a3-9ed4-43ef-9d74-ef660abc83ed: start b1af18a3-9ed4-43ef-9d74-ef660abc83ed@group-9A1C815A8BA7-LeaderElection9
2023-09-12 21:05:56,462 [b1af18a3-9ed4-43ef-9d74-ef660abc83ed@group-9A1C815A8BA7-LeaderElection9] INFO  impl.LeaderElection (LeaderElection.java:askForVotes(321)) - b1af18a3-9ed4-43ef-9d74-ef660abc83ed@group-9A1C815A8BA7-LeaderElection9 PRE_VOTE round 0: submit vote requests at term 0 for -1: peers:[b1af18a3-9ed4-43ef-9d74-ef660abc83ed|rpc:10.1.0.4:15050|admin:10.1.0.4:15049|client:10.1.0.4:15048|dataStream:10.1.0.4:15051|priority:1|startupRole:FOLLOWER]|listeners:[], old=null
2023-09-12 21:05:56,462 [b1af18a3-9ed4-43ef-9d74-ef660abc83ed@group-9A1C815A8BA7-LeaderElection9] INFO  impl.LeaderElection (LeaderElection.java:askForVotes(323)) - b1af18a3-9ed4-43ef-9d74-ef660abc83ed@group-9A1C815A8BA7-LeaderElection9 PRE_VOTE round 0: result PASSED (term=0)
2023-09-12 21:05:56,465 [b1af18a3-9ed4-43ef-9d74-ef660abc83ed@group-9A1C815A8BA7-LeaderElection9] INFO  impl.LeaderElection (LeaderElection.java:askForVotes(321)) - b1af18a3-9ed4-43ef-9d74-ef660abc83ed@group-9A1C815A8BA7-LeaderElection9 ELECTION round 0: submit vote requests at term 1 for -1: peers:[b1af18a3-9ed4-43ef-9d74-ef660abc83ed|rpc:10.1.0.4:15050|admin:10.1.0.4:15049|client:10.1.0.4:15048|dataStream:10.1.0.4:15051|priority:1|startupRole:FOLLOWER]|listeners:[], old=null
2023-09-12 21:05:56,465 [b1af18a3-9ed4-43ef-9d74-ef660abc83ed@group-9A1C815A8BA7-LeaderElection9] INFO  impl.LeaderElection (LeaderElection.java:askForVotes(323)) - b1af18a3-9ed4-43ef-9d74-ef660abc83ed@group-9A1C815A8BA7-LeaderElection9 ELECTION round 0: result PASSED (term=1)
2023-09-12 21:05:56,465 [b1af18a3-9ed4-43ef-9d74-ef660abc83ed@group-9A1C815A8BA7-LeaderElection9] INFO  impl.RoleInfo (RoleInfo.java:shutdownLeaderElection(130)) - b1af18a3-9ed4-43ef-9d74-ef660abc83ed: shutdown b1af18a3-9ed4-43ef-9d74-ef660abc83ed@group-9A1C815A8BA7-LeaderElection9
2023-09-12 21:05:56,465 [b1af18a3-9ed4-43ef-9d74-ef660abc83ed@group-9A1C815A8BA7-LeaderElection9] INFO  server.RaftServer$Division (RaftServerImpl.java:setRole(329)) - b1af18a3-9ed4-43ef-9d74-ef660abc83ed@group-9A1C815A8BA7: changes role from CANDIDATE to LEADER at term 1 for changeToLeader
2023-09-12 21:05:56,465 [b1af18a3-9ed4-43ef-9d74-ef660abc83ed@group-9A1C815A8BA7-LeaderElection9] INFO  ratis.XceiverServerRatis (XceiverServerRatis.java:handleLeaderChangedNotification(902)) - Leader change notification received for group: group-9A1C815A8BA7 with new leaderId: b1af18a3-9ed4-43ef-9d74-ef660abc83ed
2023-09-12 21:05:56,465 [b1af18a3-9ed4-43ef-9d74-ef660abc83ed@group-9A1C815A8BA7-LeaderElection9] INFO  server.RaftServer$Division (ServerState.java:setLeader(317)) - b1af18a3-9ed4-43ef-9d74-ef660abc83ed@group-9A1C815A8BA7: change Leader from null to b1af18a3-9ed4-43ef-9d74-ef660abc83ed at term 1 for becomeLeader, leader elected after 5064ms
2023-09-12 21:05:56,465 [b1af18a3-9ed4-43ef-9d74-ef660abc83ed@group-9A1C815A8BA7-LeaderElection9] INFO  server.RaftServerConfigKeys (ConfUtils.java:logGet(46)) - raft.server.staging.catchup.gap = 1000 (default)
2023-09-12 21:05:56,465 [b1af18a3-9ed4-43ef-9d74-ef660abc83ed@group-9A1C815A8BA7-LeaderElection9] INFO  server.RaftServerConfigKeys (ConfUtils.java:logGet(46)) - raft.server.write.element-limit = 1024 (custom)
2023-09-12 21:05:56,465 [b1af18a3-9ed4-43ef-9d74-ef660abc83ed@group-9A1C815A8BA7-LeaderElection9] INFO  server.RaftServerConfigKeys (ConfUtils.java:logGet(46)) - raft.server.write.byte-limit = 1024 M (=1073741824) (custom)
2023-09-12 21:05:56,466 [b1af18a3-9ed4-43ef-9d74-ef660abc83ed@group-9A1C815A8BA7-LeaderElection9] INFO  server.RaftServerConfigKeys (ConfUtils.java:logGet(46)) - raft.server.watch.timeout = 10000ms (default)
2023-09-12 21:05:56,466 [b1af18a3-9ed4-43ef-9d74-ef660abc83ed@group-9A1C815A8BA7-LeaderElection9] INFO  server.RaftServerConfigKeys (ConfUtils.java:logGet(46)) - raft.server.watch.timeout.denomination = 1s (default)
2023-09-12 21:05:56,466 [b1af18a3-9ed4-43ef-9d74-ef660abc83ed@group-9A1C815A8BA7-LeaderElection9] INFO  server.RaftServerConfigKeys (ConfUtils.java:logGet(46)) - raft.server.watch.element-limit = 65536 (default)
2023-09-12 21:05:56,466 [b1af18a3-9ed4-43ef-9d74-ef660abc83ed@group-9A1C815A8BA7-LeaderElection9] INFO  server.RaftServerConfigKeys (ConfUtils.java:logGet(46)) - raft.server.write.element-limit = 1024 (custom)
2023-09-12 21:05:56,466 [b1af18a3-9ed4-43ef-9d74-ef660abc83ed@group-9A1C815A8BA7-LeaderElection9] INFO  server.RaftServerConfigKeys (ConfUtils.java:logGet(46)) - raft.server.write.follower.gap.ratio.max = -1.0 (default)
2023-09-12 21:05:56,466 [b1af18a3-9ed4-43ef-9d74-ef660abc83ed@group-9A1C815A8BA7-LeaderElection9] INFO  impl.RoleInfo (RoleInfo.java:updateAndGet(139)) - b1af18a3-9ed4-43ef-9d74-ef660abc83ed: start b1af18a3-9ed4-43ef-9d74-ef660abc83ed@group-9A1C815A8BA7-LeaderStateImpl
2023-09-12 21:05:56,466 [b1af18a3-9ed4-43ef-9d74-ef660abc83ed@group-9A1C815A8BA7-LeaderElection9] INFO  segmented.SegmentedRaftLogWorker (SegmentedRaftLogWorker.java:startLogSegment(447)) - b1af18a3-9ed4-43ef-9d74-ef660abc83ed@group-9A1C815A8BA7-SegmentedRaftLogWorker: Starting segment from index:0
2023-09-12 21:05:56,469 [b1af18a3-9ed4-43ef-9d74-ef660abc83ed@group-9A1C815A8BA7-SegmentedRaftLogWorker] INFO  segmented.SegmentedRaftLogWorker (SegmentedRaftLogWorker.java:execute(651)) - b1af18a3-9ed4-43ef-9d74-ef660abc83ed@group-9A1C815A8BA7-SegmentedRaftLogWorker: created new log segment /home/runner/work/ozone/ozone/hadoop-ozone/integration-test/target/test-dir/MiniOzoneClusterImpl-0f4e02f1-3148-4106-9850-9963db652c57/datanode-4/data/ratis/65fdacee-1569-4c1c-b49a-9a1c815a8ba7/current/log_inprogress_0
2023-09-12 21:05:56,486 [b1af18a3-9ed4-43ef-9d74-ef660abc83ed@group-9A1C815A8BA7-LeaderElection9] INFO  server.RaftServer$Division (ServerState.java:setRaftConf(434)) - b1af18a3-9ed4-43ef-9d74-ef660abc83ed@group-9A1C815A8BA7: set configuration 0: peers:[b1af18a3-9ed4-43ef-9d74-ef660abc83ed|rpc:10.1.0.4:15050|admin:10.1.0.4:15049|client:10.1.0.4:15048|dataStream:10.1.0.4:15051|priority:1|startupRole:FOLLOWER]|listeners:[], old=null
2023-09-12 21:05:56,921 [setup] INFO  rpc.RpcClient (RpcClient.java:createVolume(461)) - Creating Volume: volume70179, with user86185 as owner and space quota set to -1 bytes, counts quota set to -1
2023-09-12 21:05:56,958 [OM StateMachine ApplyTransaction Thread - 0] INFO  volume.OMVolumeCreateRequest (OMVolumeCreateRequest.java:validateAndUpdateCache(196)) - created volume:volume70179 for user:user86185
2023-09-12 21:05:56,977 [setup] INFO  rpc.RpcClient (RpcClient.java:createBucket(688)) - Creating Bucket: volume70179/bucket63668, with bucket layout LEGACY, runner as owner, Versioning false, Storage Type set to DISK and Encryption set to false, Replication Type set to server-side default replication type, Namespace Quota set to -1, Space Quota set to -1 
2023-09-12 21:05:57,000 [OM StateMachine ApplyTransaction Thread - 0] INFO  bucket.OMBucketCreateRequest (OMBucketCreateRequest.java:validateAndUpdateCache(270)) - created bucket: bucket63668 of layout LEGACY in volume: volume70179
2023-09-12 21:05:57,206 [setup] INFO  contract.AbstractFSContractTestBase (AbstractFSContractTestBase.java:setup(194)) - Test filesystem = o3fs://bucket63668.volume70179 implemented by OzoneFileSystem{URI=o3fs://bucket63668.volume70179, workingDir=o3fs://bucket63668.volume70179/user/runner, userName=runner, statistics=0 bytes read, 0 bytes written, 0 read ops, 0 large read ops, 0 write ops}
2023-09-12 21:05:57,256 [JUnit-testOverwriteNonEmptyDirectory[0]] INFO  contract.AbstractFSContractTestBase (AbstractFSContractTestBase.java:describe(278)) - verify trying to create a file over a non-empty dir fails, use builder API=false
2023-09-12 21:05:57,316 [IPC Server handler 1 on default port 15001] INFO  ha.SequenceIdGenerator (SequenceIdGenerator.java:getNextId(140)) - Allocate a batch for containerId, change lastId from 0 to 1000.
2023-09-12 21:05:57,325 [IPC Server handler 1 on default port 15001] WARN  ha.SequenceIdGenerator (SequenceIdGenerator.java:allocateBatch(253)) - Failed to allocate a batch for localId, expected lastId is 0, actual lastId is 111677748019200000.
2023-09-12 21:05:57,325 [IPC Server handler 1 on default port 15001] INFO  ha.SequenceIdGenerator (SequenceIdGenerator.java:getNextId(140)) - Allocate a batch for localId, change lastId from 111677748019200000 to 111677748019201000.
2023-09-12 21:05:57,390 [JUnit-testOverwriteNonEmptyDirectory[0]] INFO  impl.MetricsSystemImpl (MetricsSystemImpl.java:init(158)) - XceiverClientMetrics metrics system started (again)
2023-09-12 21:05:57,390 [JUnit-testOverwriteNonEmptyDirectory[0]] INFO  lib.Interns (Interns.java:removeEldestEntry(50)) - Metrics intern cache overflow at 2011 for MetricsSystem={MetricsSystem=MetricsInfoImpl{name=MetricsSystem, description=MetricsSystem}, MetricsSystem record=MetricsInfoImpl{name=MetricsSystem, description=MetricsSystem record}}
21:05:57.929 [OM StateMachine ApplyTransaction Thread - 0] ERROR OMAudit - user=runner | ip=127.0.0.1 | op=CREATE_FILE {volume=volume70179, bucket=bucket63668, key=test/testOverwriteNonEmptyDirectory, dataSize=4194304, replicationType=RATIS, replicationFactor=ONE} | ret=FAILURE
org.apache.hadoop.ozone.om.exceptions.OMException: Can not write to directory: test/testOverwriteNonEmptyDirectory
	at org.apache.hadoop.ozone.om.request.file.OMFileCreateRequest.checkDirectoryResult(OMFileCreateRequest.java:363) ~[ozone-manager-1.4.0-SNAPSHOT.jar:?]
	at org.apache.hadoop.ozone.om.request.file.OMFileCreateRequest.validateAndUpdateCache(OMFileCreateRequest.java:237) ~[ozone-manager-1.4.0-SNAPSHOT.jar:?]
	at org.apache.hadoop.ozone.protocolPB.OzoneManagerRequestHandler.handleWriteRequest(OzoneManagerRequestHandler.java:373) ~[ozone-manager-1.4.0-SNAPSHOT.jar:?]
	at org.apache.hadoop.ozone.om.ratis.OzoneManagerStateMachine.runCommand(OzoneManagerStateMachine.java:568) ~[ozone-manager-1.4.0-SNAPSHOT.jar:?]
	at org.apache.hadoop.ozone.om.ratis.OzoneManagerStateMachine.lambda$1(OzoneManagerStateMachine.java:359) ~[ozone-manager-1.4.0-SNAPSHOT.jar:?]
	at java.util.concurrent.CompletableFuture$AsyncSupply.run(CompletableFuture.java:1604) [?:1.8.0_382]
	at java.util.concurrent.ThreadPoolExecutor.runWorker(ThreadPoolExecutor.java:1149) [?:1.8.0_382]
	at java.util.concurrent.ThreadPoolExecutor$Worker.run(ThreadPoolExecutor.java:624) [?:1.8.0_382]
	at java.lang.Thread.run(Thread.java:750) [?:1.8.0_382]
2023-09-12 21:05:57,941 [OM StateMachine ApplyTransaction Thread - 0] ERROR file.OMFileCreateRequest (OMFileCreateRequest.java:validateAndUpdateCache(336)) - File create failed. Volume:volume70179, Bucket:bucket63668, Keytest/testOverwriteNonEmptyDirectory.
NOT_A_FILE org.apache.hadoop.ozone.om.exceptions.OMException: Can not write to directory: test/testOverwriteNonEmptyDirectory
	at org.apache.hadoop.ozone.om.request.file.OMFileCreateRequest.checkDirectoryResult(OMFileCreateRequest.java:363)
	at org.apache.hadoop.ozone.om.request.file.OMFileCreateRequest.validateAndUpdateCache(OMFileCreateRequest.java:237)
	at org.apache.hadoop.ozone.protocolPB.OzoneManagerRequestHandler.handleWriteRequest(OzoneManagerRequestHandler.java:373)
	at org.apache.hadoop.ozone.om.ratis.OzoneManagerStateMachine.runCommand(OzoneManagerStateMachine.java:568)
	at org.apache.hadoop.ozone.om.ratis.OzoneManagerStateMachine.lambda$1(OzoneManagerStateMachine.java:359)
	at java.util.concurrent.CompletableFuture$AsyncSupply.run(CompletableFuture.java:1604)
	at java.util.concurrent.ThreadPoolExecutor.runWorker(ThreadPoolExecutor.java:1149)
	at java.util.concurrent.ThreadPoolExecutor$Worker.run(ThreadPoolExecutor.java:624)
	at java.lang.Thread.run(Thread.java:750)
2023-09-12 21:05:58,112 [JUnit-testOverwriteNonEmptyDirectory[0]] INFO  contract.AbstractFSContractTestBase (AbstractFSContractTestBase.java:describe(278)) - verify trying to create a file over a non-empty dir fails, use builder API=true
21:05:58.235 [OM StateMachine ApplyTransaction Thread - 0] ERROR OMAudit - user=runner | ip=127.0.0.1 | op=CREATE_FILE {volume=volume70179, bucket=bucket63668, key=test/testOverwriteNonEmptyDirectory, dataSize=4194304, replicationType=RATIS, replicationFactor=ONE} | ret=FAILURE
org.apache.hadoop.ozone.om.exceptions.OMException: Can not write to directory: test/testOverwriteNonEmptyDirectory
	at org.apache.hadoop.ozone.om.request.file.OMFileCreateRequest.checkDirectoryResult(OMFileCreateRequest.java:363) ~[ozone-manager-1.4.0-SNAPSHOT.jar:?]
	at org.apache.hadoop.ozone.om.request.file.OMFileCreateRequest.validateAndUpdateCache(OMFileCreateRequest.java:237) ~[ozone-manager-1.4.0-SNAPSHOT.jar:?]
	at org.apache.hadoop.ozone.protocolPB.OzoneManagerRequestHandler.handleWriteRequest(OzoneManagerRequestHandler.java:373) ~[ozone-manager-1.4.0-SNAPSHOT.jar:?]
	at org.apache.hadoop.ozone.om.ratis.OzoneManagerStateMachine.runCommand(OzoneManagerStateMachine.java:568) ~[ozone-manager-1.4.0-SNAPSHOT.jar:?]
	at org.apache.hadoop.ozone.om.ratis.OzoneManagerStateMachine.lambda$1(OzoneManagerStateMachine.java:359) ~[ozone-manager-1.4.0-SNAPSHOT.jar:?]
	at java.util.concurrent.CompletableFuture$AsyncSupply.run(CompletableFuture.java:1604) [?:1.8.0_382]
	at java.util.concurrent.ThreadPoolExecutor.runWorker(ThreadPoolExecutor.java:1149) [?:1.8.0_382]
	at java.util.concurrent.ThreadPoolExecutor$Worker.run(ThreadPoolExecutor.java:624) [?:1.8.0_382]
	at java.lang.Thread.run(Thread.java:750) [?:1.8.0_382]
2023-09-12 21:05:58,236 [OM StateMachine ApplyTransaction Thread - 0] ERROR file.OMFileCreateRequest (OMFileCreateRequest.java:validateAndUpdateCache(336)) - File create failed. Volume:volume70179, Bucket:bucket63668, Keytest/testOverwriteNonEmptyDirectory.
NOT_A_FILE org.apache.hadoop.ozone.om.exceptions.OMException: Can not write to directory: test/testOverwriteNonEmptyDirectory
	at org.apache.hadoop.ozone.om.request.file.OMFileCreateRequest.checkDirectoryResult(OMFileCreateRequest.java:363)
	at org.apache.hadoop.ozone.om.request.file.OMFileCreateRequest.validateAndUpdateCache(OMFileCreateRequest.java:237)
	at org.apache.hadoop.ozone.protocolPB.OzoneManagerRequestHandler.handleWriteRequest(OzoneManagerRequestHandler.java:373)
	at org.apache.hadoop.ozone.om.ratis.OzoneManagerStateMachine.runCommand(OzoneManagerStateMachine.java:568)
	at org.apache.hadoop.ozone.om.ratis.OzoneManagerStateMachine.lambda$1(OzoneManagerStateMachine.java:359)
	at java.util.concurrent.CompletableFuture$AsyncSupply.run(CompletableFuture.java:1604)
	at java.util.concurrent.ThreadPoolExecutor.runWorker(ThreadPoolExecutor.java:1149)
	at java.util.concurrent.ThreadPoolExecutor$Worker.run(ThreadPoolExecutor.java:624)
	at java.lang.Thread.run(Thread.java:750)
]]></system-out>
  </testcase>
  <testcase name="testOverwriteNonEmptyDirectory" classname="ITestOzoneContractCreate" time="0.332">
    <system-out><![CDATA[2023-09-12 21:06:01,283 [JUnit] INFO  ozone.MiniOzoneClusterImpl (MiniOzoneClusterImpl.java:shutdown(443)) - Shutting down the Mini Ozone Cluster
2023-09-12 21:06:01,283 [JUnit] INFO  ozone.MiniOzoneClusterImpl (MiniOzoneClusterImpl.java:stop(460)) - Stopping the Mini Ozone Cluster
2023-09-12 21:06:01,283 [JUnit] INFO  ozone.MiniOzoneClusterImpl (MiniOzoneClusterImpl.java:stopOM(551)) - Stopping the OzoneManager
2023-09-12 21:06:01,283 [JUnit] INFO  om.OzoneManager (OzoneManager.java:stop(2204)) - om1[localhost:15004]: Stopping Ozone Manager
2023-09-12 21:06:01,283 [JUnit] INFO  ipc.Server (Server.java:stop(3523)) - Stopping server on 15004
2023-09-12 21:06:01,289 [IPC Server listener on 15004] INFO  ipc.Server (Server.java:run(1434)) - Stopping IPC Server listener on 15004
2023-09-12 21:06:01,289 [IPC Server Responder] INFO  ipc.Server (Server.java:run(1567)) - Stopping IPC Server Responder
2023-09-12 21:06:01,291 [JUnit] INFO  server.RaftServer (RaftServerProxy.java:lambda$close$6(416)) - om1: close
2023-09-12 21:06:01,292 [JUnit] INFO  server.GrpcService (GrpcService.java:closeImpl(311)) - om1: shutdown server GrpcServerProtocolService now
2023-09-12 21:06:01,292 [om1-impl-thread1] INFO  server.RaftServer$Division (RaftServerImpl.java:lambda$close$4(466)) - om1@group-C5BA1605619E: shutdown
2023-09-12 21:06:01,292 [om1-impl-thread1] INFO  util.JmxRegister (JmxRegister.java:unregister(73)) - Successfully un-registered JMX Bean with object name Ratis:service=RaftServer,group=group-C5BA1605619E,id=om1
2023-09-12 21:06:01,292 [om1-impl-thread1] INFO  impl.RoleInfo (RoleInfo.java:shutdownLeaderState(93)) - om1: shutdown om1@group-C5BA1605619E-LeaderStateImpl
2023-09-12 21:06:01,292 [om1-impl-thread1] INFO  impl.PendingRequests (PendingRequests.java:sendNotLeaderResponses(289)) - om1@group-C5BA1605619E-PendingRequests: sendNotLeaderResponses
2023-09-12 21:06:01,296 [om1-impl-thread1] INFO  impl.StateMachineUpdater (StateMachineUpdater.java:stopAndJoin(155)) - om1@group-C5BA1605619E-StateMachineUpdater: set stopIndex = 246
2023-09-12 21:06:01,300 [om1@group-C5BA1605619E-StateMachineUpdater] INFO  ratis.OzoneManagerStateMachine (OzoneManagerStateMachine.java:takeSnapshot(480)) - Current Snapshot Index (t:1, i:246)
2023-09-12 21:06:01,310 [JUnit] INFO  server.GrpcService (GrpcService.java:closeImpl(320)) - om1: shutdown server GrpcServerProtocolService successfully
2023-09-12 21:06:01,327 [om1@group-C5BA1605619E-StateMachineUpdater] INFO  impl.StateMachineUpdater (StateMachineUpdater.java:takeSnapshot(291)) - om1@group-C5BA1605619E-StateMachineUpdater: Took a snapshot at index 246
2023-09-12 21:06:01,328 [om1@group-C5BA1605619E-StateMachineUpdater] INFO  impl.StateMachineUpdater (StateMachineUpdater.java:lambda$new$0(97)) - om1@group-C5BA1605619E-StateMachineUpdater: snapshotIndex: updateIncreasingly -1 -> 246
2023-09-12 21:06:01,328 [om1@group-C5BA1605619E-StateMachineUpdater] INFO  ratis.OzoneManagerStateMachine (OzoneManagerStateMachine.java:close(534)) - StateMachine has shutdown. Shutdown OzoneManager if not already shutdown.
2023-09-12 21:06:01,328 [om1@group-C5BA1605619E-StateMachineUpdater] INFO  ratis.OzoneManagerDoubleBuffer (OzoneManagerDoubleBuffer.java:stopDaemon(551)) - Stopping OMDoubleBuffer flush thread
2023-09-12 21:06:01,328 [OMDoubleBufferFlushThread] INFO  ratis.OzoneManagerDoubleBuffer (OzoneManagerDoubleBuffer.java:canFlush(638)) - OMDoubleBuffer flush thread OMDoubleBufferFlushThread is interrupted and will exit.
2023-09-12 21:06:01,330 [om1-impl-thread1] INFO  server.RaftServer$Division (ServerState.java:close(472)) - om1@group-C5BA1605619E: closes. applyIndex: 246
2023-09-12 21:06:02,277 [om1-impl-thread1] INFO  segmented.SegmentedRaftLogWorker (SegmentedRaftLogWorker.java:close(252)) - om1@group-C5BA1605619E-SegmentedRaftLogWorker close()
2023-09-12 21:06:02,278 [JvmPauseMonitor1] INFO  util.JvmPauseMonitor (JvmPauseMonitor.java:run(109)) - JvmPauseMonitor-om1: Stopped
2023-09-12 21:06:02,278 [JUnit] INFO  ratis.OzoneManagerStateMachine (OzoneManagerStateMachine.java:close(534)) - StateMachine has shutdown. Shutdown OzoneManager if not already shutdown.
2023-09-12 21:06:02,278 [JUnit] INFO  ratis.OzoneManagerDoubleBuffer (OzoneManagerDoubleBuffer.java:stopDaemon(560)) - OMDoubleBuffer flush thread is not running.
2023-09-12 21:06:02,279 [JUnit] INFO  utils.BackgroundService (BackgroundService.java:shutdown(141)) - Shutting down service KeyDeletingService
2023-09-12 21:06:02,279 [JUnit] INFO  utils.BackgroundService (BackgroundService.java:shutdown(141)) - Shutting down service KeyDeletingService
2023-09-12 21:06:02,279 [JUnit] INFO  utils.BackgroundService (BackgroundService.java:shutdown(141)) - Shutting down service OpenKeyCleanupService
2023-09-12 21:06:02,279 [JUnit] INFO  utils.BackgroundService (BackgroundService.java:shutdown(141)) - Shutting down service SstFilteringService
2023-09-12 21:06:02,279 [JUnit] INFO  utils.BackgroundService (BackgroundService.java:shutdown(141)) - Shutting down service SnapshotDeletingService
2023-09-12 21:06:02,281 [JUnit] INFO  handler.ContextHandler (ContextHandler.java:doStop(1159)) - Stopped o.e.j.w.WebAppContext@7bc6a1ae{ozoneManager,/,null,STOPPED}{file:/home/runner/work/ozone/ozone/hadoop-ozone/integration-test/target/test-classes/webapps/ozoneManager}
2023-09-12 21:06:02,284 [JUnit] INFO  server.AbstractConnector (AbstractConnector.java:doStop(383)) - Stopped ServerConnector@25329370{HTTP/1.1, (http/1.1)}{0.0.0.0:15005}
2023-09-12 21:06:02,284 [JUnit] INFO  server.session (HouseKeeper.java:stopScavenging(149)) - node0 Stopped scavenging
2023-09-12 21:06:02,285 [JUnit] INFO  handler.ContextHandler (ContextHandler.java:doStop(1159)) - Stopped o.e.j.s.ServletContextHandler@6434c4c9{static,/static,file:///home/runner/work/ozone/ozone/hadoop-ozone/integration-test/target/test-classes/webapps/static,STOPPED}
2023-09-12 21:06:02,285 [JUnit] INFO  handler.ContextHandler (ContextHandler.java:doStop(1159)) - Stopped o.e.j.s.ServletContextHandler@353b89f0{logs,/logs,file:///home/runner/work/ozone/ozone/hadoop-ozone/integration-test/target/log,STOPPED}
2023-09-12 21:06:02,287 [JUnit] INFO  rocksdiff.RocksDBCheckpointDiffer (RocksDBCheckpointDiffer.java:close(343)) - Shutting down CompactionDagPruningService.
2023-09-12 21:06:02,290 [JUnit] INFO  snapshot.SnapshotDiffManager (SnapshotDiffManager.java:closeExecutorService(1706)) - Shutting down executorService: 'SnapDiffExecutor'
2023-09-12 21:06:02,291 [JUnit] INFO  snapshot.SnapshotDiffManager (SnapshotDiffManager.java:closeExecutorService(1706)) - Shutting down executorService: 'SstDumpToolExecutor'
2023-09-12 21:06:02,291 [JUnit] INFO  utils.BackgroundService (BackgroundService.java:shutdown(141)) - Shutting down service SnapshotDiffCleanupService
2023-09-12 21:06:02,292 [JUnit] INFO  ozone.MiniOzoneClusterImpl (MiniOzoneClusterImpl.java:stopDatanodes(528)) - Stopping the HddsDatanodes
2023-09-12 21:06:02,294 [JUnit] INFO  ozoneimpl.OzoneContainer (OzoneContainer.java:stop(451)) - Attempting to stop container services.
2023-09-12 21:06:02,306 [ForkJoinPool.commonPool-worker-1] INFO  ozoneimpl.OzoneContainer (OzoneContainer.java:stop(451)) - Attempting to stop container services.
2023-09-12 21:06:02,307 [JUnit] INFO  server.RaftServer (RaftServerProxy.java:lambda$close$6(416)) - f162601e-1a73-446f-bfff-b907124620c0: close
2023-09-12 21:06:02,307 [f162601e-1a73-446f-bfff-b907124620c0-impl-thread1] INFO  server.RaftServer$Division (RaftServerImpl.java:lambda$close$4(466)) - f162601e-1a73-446f-bfff-b907124620c0@group-2E8FA51024FB: shutdown
2023-09-12 21:06:02,307 [f162601e-1a73-446f-bfff-b907124620c0-impl-thread1] INFO  util.JmxRegister (JmxRegister.java:unregister(73)) - Successfully un-registered JMX Bean with object name Ratis:service=RaftServer,group=group-2E8FA51024FB,id=f162601e-1a73-446f-bfff-b907124620c0
2023-09-12 21:06:02,307 [f162601e-1a73-446f-bfff-b907124620c0-impl-thread1] INFO  impl.RoleInfo (RoleInfo.java:shutdownFollowerState(110)) - f162601e-1a73-446f-bfff-b907124620c0: shutdown f162601e-1a73-446f-bfff-b907124620c0@group-2E8FA51024FB-FollowerState
2023-09-12 21:06:02,308 [f162601e-1a73-446f-bfff-b907124620c0-impl-thread2] INFO  server.RaftServer$Division (RaftServerImpl.java:lambda$close$4(466)) - f162601e-1a73-446f-bfff-b907124620c0@group-5878589FB01C: shutdown
2023-09-12 21:06:02,308 [f162601e-1a73-446f-bfff-b907124620c0-impl-thread2] INFO  util.JmxRegister (JmxRegister.java:unregister(73)) - Successfully un-registered JMX Bean with object name Ratis:service=RaftServer,group=group-5878589FB01C,id=f162601e-1a73-446f-bfff-b907124620c0
2023-09-12 21:06:02,308 [f162601e-1a73-446f-bfff-b907124620c0-impl-thread2] INFO  impl.RoleInfo (RoleInfo.java:shutdownFollowerState(110)) - f162601e-1a73-446f-bfff-b907124620c0: shutdown f162601e-1a73-446f-bfff-b907124620c0@group-5878589FB01C-FollowerState
2023-09-12 21:06:02,308 [JUnit] INFO  server.GrpcService (GrpcService.java:closeImpl(311)) - f162601e-1a73-446f-bfff-b907124620c0: shutdown server org.apache.ratis.grpc.server.GrpcClientProtocolService now
2023-09-12 21:06:02,308 [f162601e-1a73-446f-bfff-b907124620c0-impl-thread1] INFO  impl.StateMachineUpdater (StateMachineUpdater.java:stopAndJoin(155)) - f162601e-1a73-446f-bfff-b907124620c0@group-2E8FA51024FB-StateMachineUpdater: set stopIndex = 3
2023-09-12 21:06:02,308 [f162601e-1a73-446f-bfff-b907124620c0@group-2E8FA51024FB-FollowerState] INFO  impl.FollowerState (FollowerState.java:run(152)) - f162601e-1a73-446f-bfff-b907124620c0@group-2E8FA51024FB-FollowerState was interrupted
2023-09-12 21:06:02,308 [f162601e-1a73-446f-bfff-b907124620c0@group-2E8FA51024FB-StateMachineUpdater] INFO  ratis.ContainerStateMachine (ContainerStateMachine.java:takeSnapshot(330)) - group-2E8FA51024FB: Taking a snapshot at:(t:1, i:3) file /home/runner/work/ozone/ozone/hadoop-ozone/integration-test/target/test-dir/MiniOzoneClusterImpl-0f4e02f1-3148-4106-9850-9963db652c57/datanode-2/data/ratis/7e4cc134-007f-4413-b7c4-2e8fa51024fb/sm/snapshot.1_3
2023-09-12 21:06:02,315 [f162601e-1a73-446f-bfff-b907124620c0-impl-thread3] INFO  server.RaftServer$Division (RaftServerImpl.java:lambda$close$4(466)) - f162601e-1a73-446f-bfff-b907124620c0@group-B8D710D554B9: shutdown
2023-09-12 21:06:02,315 [f162601e-1a73-446f-bfff-b907124620c0-impl-thread3] INFO  util.JmxRegister (JmxRegister.java:unregister(73)) - Successfully un-registered JMX Bean with object name Ratis:service=RaftServer,group=group-B8D710D554B9,id=f162601e-1a73-446f-bfff-b907124620c0
2023-09-12 21:06:02,315 [f162601e-1a73-446f-bfff-b907124620c0-impl-thread3] INFO  impl.RoleInfo (RoleInfo.java:shutdownLeaderState(93)) - f162601e-1a73-446f-bfff-b907124620c0: shutdown f162601e-1a73-446f-bfff-b907124620c0@group-B8D710D554B9-LeaderStateImpl
2023-09-12 21:06:02,319 [grpc-default-executor-1] WARN  server.GrpcClientProtocolService (LogUtils.java:warn(122)) - 1-OrderedRequestStreamObserver1: onError: org.apache.ratis.thirdparty.io.grpc.StatusRuntimeException: CANCELLED: client cancelled
2023-09-12 21:06:02,321 [grpc-default-executor-1] WARN  server.GrpcClientProtocolService (LogUtils.java:warn(122)) - 2-OrderedRequestStreamObserver2: onError: org.apache.ratis.thirdparty.io.grpc.StatusRuntimeException: CANCELLED: client cancelled
2023-09-12 21:06:02,322 [f162601e-1a73-446f-bfff-b907124620c0-impl-thread2] INFO  impl.StateMachineUpdater (StateMachineUpdater.java:stopAndJoin(155)) - f162601e-1a73-446f-bfff-b907124620c0@group-5878589FB01C-StateMachineUpdater: set stopIndex = 14
2023-09-12 21:06:02,322 [f162601e-1a73-446f-bfff-b907124620c0@group-5878589FB01C-FollowerState] INFO  impl.FollowerState (FollowerState.java:run(152)) - f162601e-1a73-446f-bfff-b907124620c0@group-5878589FB01C-FollowerState was interrupted
2023-09-12 21:06:02,322 [f162601e-1a73-446f-bfff-b907124620c0@group-5878589FB01C-StateMachineUpdater] INFO  ratis.ContainerStateMachine (ContainerStateMachine.java:takeSnapshot(330)) - group-5878589FB01C: Taking a snapshot at:(t:1, i:14) file /home/runner/work/ozone/ozone/hadoop-ozone/integration-test/target/test-dir/MiniOzoneClusterImpl-0f4e02f1-3148-4106-9850-9963db652c57/datanode-2/data/ratis/47f9dee4-0f52-4053-a48b-5878589fb01c/sm/snapshot.1_14
2023-09-12 21:06:02,328 [ForkJoinPool.commonPool-worker-1] INFO  server.RaftServer (RaftServerProxy.java:lambda$close$6(416)) - 0c20a109-2ea1-4d97-ad73-cac537996a23: close
2023-09-12 21:06:02,315 [f162601e-1a73-446f-bfff-b907124620c0-impl-thread3] INFO  impl.PendingRequests (PendingRequests.java:sendNotLeaderResponses(289)) - f162601e-1a73-446f-bfff-b907124620c0@group-B8D710D554B9-PendingRequests: sendNotLeaderResponses
2023-09-12 21:06:02,328 [0c20a109-2ea1-4d97-ad73-cac537996a23-impl-thread2] INFO  server.RaftServer$Division (RaftServerImpl.java:lambda$close$4(466)) - 0c20a109-2ea1-4d97-ad73-cac537996a23@group-08A3B7B780B8: shutdown
2023-09-12 21:06:02,328 [0c20a109-2ea1-4d97-ad73-cac537996a23-impl-thread1] INFO  server.RaftServer$Division (RaftServerImpl.java:lambda$close$4(466)) - 0c20a109-2ea1-4d97-ad73-cac537996a23@group-2E8FA51024FB: shutdown
2023-09-12 21:06:02,328 [0c20a109-2ea1-4d97-ad73-cac537996a23-impl-thread1] INFO  util.JmxRegister (JmxRegister.java:unregister(73)) - Successfully un-registered JMX Bean with object name Ratis:service=RaftServer,group=group-2E8FA51024FB,id=0c20a109-2ea1-4d97-ad73-cac537996a23
2023-09-12 21:06:02,328 [0c20a109-2ea1-4d97-ad73-cac537996a23-impl-thread1] INFO  impl.RoleInfo (RoleInfo.java:shutdownFollowerState(110)) - 0c20a109-2ea1-4d97-ad73-cac537996a23: shutdown 0c20a109-2ea1-4d97-ad73-cac537996a23@group-2E8FA51024FB-FollowerState
2023-09-12 21:06:02,329 [0c20a109-2ea1-4d97-ad73-cac537996a23-impl-thread2] INFO  util.JmxRegister (JmxRegister.java:unregister(73)) - Successfully un-registered JMX Bean with object name Ratis:service=RaftServer,group=group-08A3B7B780B8,id=0c20a109-2ea1-4d97-ad73-cac537996a23
2023-09-12 21:06:02,329 [0c20a109-2ea1-4d97-ad73-cac537996a23-impl-thread2] INFO  impl.RoleInfo (RoleInfo.java:shutdownLeaderState(93)) - 0c20a109-2ea1-4d97-ad73-cac537996a23: shutdown 0c20a109-2ea1-4d97-ad73-cac537996a23@group-08A3B7B780B8-LeaderStateImpl
2023-09-12 21:06:02,329 [0c20a109-2ea1-4d97-ad73-cac537996a23-impl-thread2] INFO  impl.PendingRequests (PendingRequests.java:sendNotLeaderResponses(289)) - 0c20a109-2ea1-4d97-ad73-cac537996a23@group-08A3B7B780B8-PendingRequests: sendNotLeaderResponses
2023-09-12 21:06:02,329 [ForkJoinPool.commonPool-worker-1] INFO  server.GrpcService (GrpcService.java:closeImpl(311)) - 0c20a109-2ea1-4d97-ad73-cac537996a23: shutdown server org.apache.ratis.grpc.server.GrpcClientProtocolService now
2023-09-12 21:06:02,329 [0c20a109-2ea1-4d97-ad73-cac537996a23-impl-thread3] INFO  server.RaftServer$Division (RaftServerImpl.java:lambda$close$4(466)) - 0c20a109-2ea1-4d97-ad73-cac537996a23@group-5878589FB01C: shutdown
2023-09-12 21:06:02,330 [0c20a109-2ea1-4d97-ad73-cac537996a23-impl-thread3] INFO  util.JmxRegister (JmxRegister.java:unregister(73)) - Successfully un-registered JMX Bean with object name Ratis:service=RaftServer,group=group-5878589FB01C,id=0c20a109-2ea1-4d97-ad73-cac537996a23
2023-09-12 21:06:02,330 [0c20a109-2ea1-4d97-ad73-cac537996a23-impl-thread3] INFO  impl.RoleInfo (RoleInfo.java:shutdownLeaderState(93)) - 0c20a109-2ea1-4d97-ad73-cac537996a23: shutdown 0c20a109-2ea1-4d97-ad73-cac537996a23@group-5878589FB01C-LeaderStateImpl
2023-09-12 21:06:02,330 [f162601e-1a73-446f-bfff-b907124620c0@group-5878589FB01C-StateMachineUpdater] INFO  ratis.ContainerStateMachine (ContainerStateMachine.java:takeSnapshot(341)) - group-5878589FB01C: Finished taking a snapshot at:(t:1, i:14) file:/home/runner/work/ozone/ozone/hadoop-ozone/integration-test/target/test-dir/MiniOzoneClusterImpl-0f4e02f1-3148-4106-9850-9963db652c57/datanode-2/data/ratis/47f9dee4-0f52-4053-a48b-5878589fb01c/sm/snapshot.1_14 took: 9 ms
2023-09-12 21:06:02,331 [0c20a109-2ea1-4d97-ad73-cac537996a23@group-2E8FA51024FB-FollowerState] INFO  impl.FollowerState (FollowerState.java:run(152)) - 0c20a109-2ea1-4d97-ad73-cac537996a23@group-2E8FA51024FB-FollowerState was interrupted
2023-09-12 21:06:02,330 [0c20a109-2ea1-4d97-ad73-cac537996a23-impl-thread1] INFO  impl.StateMachineUpdater (StateMachineUpdater.java:stopAndJoin(155)) - 0c20a109-2ea1-4d97-ad73-cac537996a23@group-2E8FA51024FB-StateMachineUpdater: set stopIndex = 3
2023-09-12 21:06:02,331 [f162601e-1a73-446f-bfff-b907124620c0@group-2E8FA51024FB-StateMachineUpdater] INFO  ratis.ContainerStateMachine (ContainerStateMachine.java:takeSnapshot(341)) - group-2E8FA51024FB: Finished taking a snapshot at:(t:1, i:3) file:/home/runner/work/ozone/ozone/hadoop-ozone/integration-test/target/test-dir/MiniOzoneClusterImpl-0f4e02f1-3148-4106-9850-9963db652c57/datanode-2/data/ratis/7e4cc134-007f-4413-b7c4-2e8fa51024fb/sm/snapshot.1_3 took: 23 ms
2023-09-12 21:06:02,331 [f162601e-1a73-446f-bfff-b907124620c0@group-2E8FA51024FB-StateMachineUpdater] INFO  impl.StateMachineUpdater (StateMachineUpdater.java:takeSnapshot(291)) - f162601e-1a73-446f-bfff-b907124620c0@group-2E8FA51024FB-StateMachineUpdater: Took a snapshot at index 3
2023-09-12 21:06:02,332 [f162601e-1a73-446f-bfff-b907124620c0@group-2E8FA51024FB-StateMachineUpdater] INFO  impl.StateMachineUpdater (StateMachineUpdater.java:lambda$new$0(97)) - f162601e-1a73-446f-bfff-b907124620c0@group-2E8FA51024FB-StateMachineUpdater: snapshotIndex: updateIncreasingly -1 -> 3
2023-09-12 21:06:02,332 [0c20a109-2ea1-4d97-ad73-cac537996a23@group-2E8FA51024FB-StateMachineUpdater] INFO  ratis.ContainerStateMachine (ContainerStateMachine.java:takeSnapshot(330)) - group-2E8FA51024FB: Taking a snapshot at:(t:1, i:3) file /home/runner/work/ozone/ozone/hadoop-ozone/integration-test/target/test-dir/MiniOzoneClusterImpl-0f4e02f1-3148-4106-9850-9963db652c57/datanode-1/data/ratis/7e4cc134-007f-4413-b7c4-2e8fa51024fb/sm/snapshot.1_3
2023-09-12 21:06:02,332 [JUnit] INFO  server.GrpcService (GrpcService.java:closeImpl(320)) - f162601e-1a73-446f-bfff-b907124620c0: shutdown server org.apache.ratis.grpc.server.GrpcClientProtocolService successfully
2023-09-12 21:06:02,332 [JUnit] INFO  server.GrpcService (GrpcService.java:closeImpl(311)) - f162601e-1a73-446f-bfff-b907124620c0: shutdown server GrpcServerProtocolService now
2023-09-12 21:06:02,331 [f162601e-1a73-446f-bfff-b907124620c0@group-5878589FB01C-StateMachineUpdater] INFO  impl.StateMachineUpdater (StateMachineUpdater.java:takeSnapshot(291)) - f162601e-1a73-446f-bfff-b907124620c0@group-5878589FB01C-StateMachineUpdater: Took a snapshot at index 14
2023-09-12 21:06:02,333 [f162601e-1a73-446f-bfff-b907124620c0@group-5878589FB01C-StateMachineUpdater] INFO  impl.StateMachineUpdater (StateMachineUpdater.java:lambda$new$0(97)) - f162601e-1a73-446f-bfff-b907124620c0@group-5878589FB01C-StateMachineUpdater: snapshotIndex: updateIncreasingly -1 -> 14
2023-09-12 21:06:02,333 [0c20a109-2ea1-4d97-ad73-cac537996a23@group-2E8FA51024FB-StateMachineUpdater] INFO  ratis.ContainerStateMachine (ContainerStateMachine.java:takeSnapshot(341)) - group-2E8FA51024FB: Finished taking a snapshot at:(t:1, i:3) file:/home/runner/work/ozone/ozone/hadoop-ozone/integration-test/target/test-dir/MiniOzoneClusterImpl-0f4e02f1-3148-4106-9850-9963db652c57/datanode-1/data/ratis/7e4cc134-007f-4413-b7c4-2e8fa51024fb/sm/snapshot.1_3 took: 1 ms
2023-09-12 21:06:02,334 [0c20a109-2ea1-4d97-ad73-cac537996a23@group-2E8FA51024FB-StateMachineUpdater] INFO  impl.StateMachineUpdater (StateMachineUpdater.java:takeSnapshot(291)) - 0c20a109-2ea1-4d97-ad73-cac537996a23@group-2E8FA51024FB-StateMachineUpdater: Took a snapshot at index 3
2023-09-12 21:06:02,334 [0c20a109-2ea1-4d97-ad73-cac537996a23@group-2E8FA51024FB-StateMachineUpdater] INFO  impl.StateMachineUpdater (StateMachineUpdater.java:lambda$new$0(97)) - 0c20a109-2ea1-4d97-ad73-cac537996a23@group-2E8FA51024FB-StateMachineUpdater: snapshotIndex: updateIncreasingly -1 -> 3
2023-09-12 21:06:02,334 [0c20a109-2ea1-4d97-ad73-cac537996a23-impl-thread1] INFO  server.RaftServer$Division (ServerState.java:close(472)) - 0c20a109-2ea1-4d97-ad73-cac537996a23@group-2E8FA51024FB: closes. applyIndex: 3
2023-09-12 21:06:02,330 [grpc-default-executor-3] WARN  server.GrpcClientProtocolService (LogUtils.java:warn(122)) - 0-OrderedRequestStreamObserver0: onError: org.apache.ratis.thirdparty.io.grpc.StatusRuntimeException: CANCELLED: client cancelled
2023-09-12 21:06:02,330 [grpc-default-executor-0] WARN  server.GrpcClientProtocolService (LogUtils.java:warn(122)) - 1-OrderedRequestStreamObserver1: onError: org.apache.ratis.thirdparty.io.grpc.StatusRuntimeException: CANCELLED: client cancelled
2023-09-12 21:06:02,333 [grpc-default-executor-5] WARN  server.GrpcClientProtocolService (LogUtils.java:warn(122)) - 0-OrderedRequestStreamObserver0: onError: org.apache.ratis.thirdparty.io.grpc.StatusRuntimeException: CANCELLED: client cancelled
2023-09-12 21:06:02,334 [grpc-default-executor-7] WARN  server.GrpcClientProtocolService (LogUtils.java:warn(122)) - 4-OrderedRequestStreamObserver4: onError: org.apache.ratis.thirdparty.io.grpc.StatusRuntimeException: CANCELLED: client cancelled
2023-09-12 21:06:02,337 [f162601e-1a73-446f-bfff-b907124620c0-impl-thread2] INFO  server.RaftServer$Division (ServerState.java:close(472)) - f162601e-1a73-446f-bfff-b907124620c0@group-5878589FB01C: closes. applyIndex: 14
2023-09-12 21:06:02,339 [grpc-default-executor-9] WARN  server.GrpcClientProtocolService (LogUtils.java:warn(122)) - 3-OrderedRequestStreamObserver3: onError: org.apache.ratis.thirdparty.io.grpc.StatusRuntimeException: CANCELLED: client cancelled
2023-09-12 21:06:02,339 [f162601e-1a73-446f-bfff-b907124620c0-impl-thread1] INFO  server.RaftServer$Division (ServerState.java:close(472)) - f162601e-1a73-446f-bfff-b907124620c0@group-2E8FA51024FB: closes. applyIndex: 3
2023-09-12 21:06:02,340 [0c20a109-2ea1-4d97-ad73-cac537996a23@group-5878589FB01C->9ece4d1d-2112-49ce-a0f9-c544e683daa2-GrpcLogAppender-LogAppenderDaemon] WARN  server.GrpcLogAppender (GrpcLogAppender.java:mayWait(199)) - 0c20a109-2ea1-4d97-ad73-cac537996a23@group-5878589FB01C->9ece4d1d-2112-49ce-a0f9-c544e683daa2-GrpcLogAppender: Wait interrupted by java.lang.InterruptedException
2023-09-12 21:06:02,341 [grpc-default-executor-10] WARN  server.GrpcClientProtocolService (LogUtils.java:warn(122)) - 2-UnorderedRequestStreamObserver2: onError: org.apache.ratis.thirdparty.io.grpc.StatusRuntimeException: CANCELLED: client cancelled
2023-09-12 21:06:02,341 [Thread-542] INFO  server.GrpcServerProtocolClient (GrpcServerProtocolClient.java:close(103)) - f162601e-1a73-446f-bfff-b907124620c0 Close channels
2023-09-12 21:06:02,344 [grpc-default-executor-6] WARN  server.GrpcServerProtocolService (LogUtils.java:warn(122)) - f162601e-1a73-446f-bfff-b907124620c0: APPEND_ENTRIES onError, lastRequest: 9ece4d1d-2112-49ce-a0f9-c544e683daa2->f162601e-1a73-446f-bfff-b907124620c0#9-t1,previous=(t:1, i:2),leaderCommit=2,initializing? true,entries: size=1, first=(t:1, i:3), METADATAENTRY(c:2): org.apache.ratis.thirdparty.io.grpc.StatusRuntimeException: CANCELLED: client cancelled
2023-09-12 21:06:02,352 [grpc-default-executor-7] WARN  server.GrpcServerProtocolService (LogUtils.java:warn(122)) - f162601e-1a73-446f-bfff-b907124620c0: APPEND_ENTRIES onError, lastRequest: null: org.apache.ratis.thirdparty.io.grpc.StatusRuntimeException: CANCELLED: client cancelled
2023-09-12 21:06:02,353 [grpc-default-executor-10] INFO  server.GrpcServerProtocolService (GrpcServerProtocolService.java:onCompleted(155)) - 9ece4d1d-2112-49ce-a0f9-c544e683daa2: Completed APPEND_ENTRIES, lastRequest: 0c20a109-2ea1-4d97-ad73-cac537996a23->9ece4d1d-2112-49ce-a0f9-c544e683daa2#24-t1,previous=(t:1, i:13),leaderCommit=13,initializing? true,entries: size=1, first=(t:1, i:14), METADATAENTRY(c:13)
2023-09-12 21:06:02,353 [grpc-default-executor-10] INFO  server.GrpcServerProtocolService (GrpcServerProtocolService.java:lambda$onCompleted$5(157)) - 9ece4d1d-2112-49ce-a0f9-c544e683daa2: Completed APPEND_ENTRIES, lastReply: null
2023-09-12 21:06:02,354 [grpc-default-executor-9] INFO  server.GrpcLogAppender (GrpcLogAppender.java:onCompleted(428)) - 0c20a109-2ea1-4d97-ad73-cac537996a23@group-5878589FB01C->9ece4d1d-2112-49ce-a0f9-c544e683daa2-AppendLogResponseHandler: follower responses appendEntries COMPLETED
2023-09-12 21:06:02,355 [0c20a109-2ea1-4d97-ad73-cac537996a23@group-5878589FB01C->f162601e-1a73-446f-bfff-b907124620c0-GrpcLogAppender-LogAppenderDaemon] WARN  server.GrpcLogAppender (GrpcLogAppender.java:mayWait(199)) - 0c20a109-2ea1-4d97-ad73-cac537996a23@group-5878589FB01C->f162601e-1a73-446f-bfff-b907124620c0-GrpcLogAppender: Wait interrupted by java.lang.InterruptedException
2023-09-12 21:06:02,355 [0c20a109-2ea1-4d97-ad73-cac537996a23-impl-thread3] INFO  impl.PendingRequests (PendingRequests.java:sendNotLeaderResponses(289)) - 0c20a109-2ea1-4d97-ad73-cac537996a23@group-5878589FB01C-PendingRequests: sendNotLeaderResponses
2023-09-12 21:06:02,356 [grpc-default-executor-9] INFO  leader.FollowerInfo (FollowerInfoImpl.java:lambda$new$0(52)) - 0c20a109-2ea1-4d97-ad73-cac537996a23@group-5878589FB01C->9ece4d1d-2112-49ce-a0f9-c544e683daa2: decreaseNextIndex nextIndex: updateUnconditionally 15 -> 14
2023-09-12 21:06:02,359 [Thread-538] INFO  server.GrpcServerProtocolClient (GrpcServerProtocolClient.java:close(103)) - 9ece4d1d-2112-49ce-a0f9-c544e683daa2 Close channels
2023-09-12 21:06:02,362 [JUnit] INFO  server.GrpcService (GrpcService.java:closeImpl(320)) - f162601e-1a73-446f-bfff-b907124620c0: shutdown server GrpcServerProtocolService successfully
2023-09-12 21:06:02,362 [JUnit] INFO  server.GrpcService (GrpcService.java:closeImpl(311)) - f162601e-1a73-446f-bfff-b907124620c0: shutdown server org.apache.ratis.grpc.server.GrpcAdminProtocolService now
2023-09-12 21:06:02,345 [grpc-default-executor-2] WARN  server.GrpcServerProtocolService (LogUtils.java:warn(122)) - f162601e-1a73-446f-bfff-b907124620c0: APPEND_ENTRIES onError, lastRequest: null: org.apache.ratis.thirdparty.io.grpc.StatusRuntimeException: CANCELLED: client cancelled
2023-09-12 21:06:02,345 [grpc-default-executor-1] WARN  server.GrpcServerProtocolService (LogUtils.java:warn(122)) - f162601e-1a73-446f-bfff-b907124620c0: APPEND_ENTRIES onError, lastRequest: 0c20a109-2ea1-4d97-ad73-cac537996a23->f162601e-1a73-446f-bfff-b907124620c0#27-t1,previous=(t:1, i:13),leaderCommit=13,initializing? true,entries: size=1, first=(t:1, i:14), METADATAENTRY(c:13): org.apache.ratis.thirdparty.io.grpc.StatusRuntimeException: CANCELLED: client cancelled
2023-09-12 21:06:02,346 [grpc-default-executor-3] INFO  server.GrpcLogAppender (GrpcLogAppender.java:onError(417)) - 0c20a109-2ea1-4d97-ad73-cac537996a23@group-5878589FB01C->f162601e-1a73-446f-bfff-b907124620c0-GrpcLogAppender is already stopped
2023-09-12 21:06:02,346 [grpc-default-executor-11] INFO  server.GrpcServerProtocolService (GrpcServerProtocolService.java:onCompleted(155)) - 9ece4d1d-2112-49ce-a0f9-c544e683daa2: Completed APPEND_ENTRIES, lastRequest: null
2023-09-12 21:06:02,364 [grpc-default-executor-11] INFO  server.GrpcServerProtocolService (GrpcServerProtocolService.java:lambda$onCompleted$5(157)) - 9ece4d1d-2112-49ce-a0f9-c544e683daa2: Completed APPEND_ENTRIES, lastReply: serverReply {
  requestorId: "0c20a109-2ea1-4d97-ad73-cac537996a23"
  replyId: "9ece4d1d-2112-49ce-a0f9-c544e683daa2"
  raftGroupId {
    id: "G\371\336\344\017R@S\244\213XxX\237\260\034"
  }
  callId: 27
  success: true
}
term: 1
nextIndex: 15
followerCommit: 14
matchIndex: 18446744073709551615
isHearbeat: true

2023-09-12 21:06:02,346 [grpc-default-executor-12] INFO  server.GrpcLogAppender (GrpcLogAppender.java:onError(417)) - 0c20a109-2ea1-4d97-ad73-cac537996a23@group-5878589FB01C->f162601e-1a73-446f-bfff-b907124620c0-GrpcLogAppender is already stopped
2023-09-12 21:06:02,369 [grpc-default-executor-13] WARN  server.GrpcLogAppender (LogUtils.java:warn(122)) - 9ece4d1d-2112-49ce-a0f9-c544e683daa2@group-2E8FA51024FB->f162601e-1a73-446f-bfff-b907124620c0-AppendLogResponseHandler: Failed appendEntries: org.apache.ratis.thirdparty.io.grpc.StatusRuntimeException: CANCELLED: RST_STREAM closed stream. HTTP/2 error code: CANCEL
2023-09-12 21:06:02,369 [grpc-default-executor-11] WARN  server.GrpcLogAppender (LogUtils.java:warn(122)) - 9ece4d1d-2112-49ce-a0f9-c544e683daa2@group-2E8FA51024FB->f162601e-1a73-446f-bfff-b907124620c0-AppendLogResponseHandler: Failed appendEntries: org.apache.ratis.thirdparty.io.grpc.StatusRuntimeException: CANCELLED: RST_STREAM closed stream. HTTP/2 error code: CANCEL
2023-09-12 21:06:02,369 [grpc-default-executor-12] INFO  server.GrpcLogAppender (GrpcLogAppender.java:onCompleted(428)) - 0c20a109-2ea1-4d97-ad73-cac537996a23@group-5878589FB01C->9ece4d1d-2112-49ce-a0f9-c544e683daa2-AppendLogResponseHandler: follower responses appendEntries COMPLETED
2023-09-12 21:06:02,369 [grpc-default-executor-13] INFO  leader.FollowerInfo (FollowerInfoImpl.java:lambda$new$0(52)) - 9ece4d1d-2112-49ce-a0f9-c544e683daa2@group-2E8FA51024FB->f162601e-1a73-446f-bfff-b907124620c0: decreaseNextIndex nextIndex: updateUnconditionally 4 -> 3
2023-09-12 21:06:02,370 [grpc-default-executor-11] INFO  leader.FollowerInfo (FollowerInfoImpl.java:lambda$new$0(52)) - 9ece4d1d-2112-49ce-a0f9-c544e683daa2@group-2E8FA51024FB->f162601e-1a73-446f-bfff-b907124620c0: decreaseNextIndex nextIndex: updateUnconditionally 3 -> 2
2023-09-12 21:06:02,370 [grpc-default-executor-12] WARN  server.GrpcLogAppender (GrpcLogAppender.java:resetClient(137)) - 0c20a109-2ea1-4d97-ad73-cac537996a23@group-5878589FB01C->9ece4d1d-2112-49ce-a0f9-c544e683daa2-GrpcLogAppender: Failed to getClient for 9ece4d1d-2112-49ce-a0f9-c544e683daa2
org.apache.ratis.protocol.exceptions.AlreadyClosedException: 0c20a109-2ea1-4d97-ad73-cac537996a23 is already CLOSED
	at org.apache.ratis.util.PeerProxyMap$PeerAndProxy.getProxy(PeerProxyMap.java:61)
	at org.apache.ratis.util.PeerProxyMap.getProxy(PeerProxyMap.java:115)
	at org.apache.ratis.grpc.server.GrpcLogAppender.getClient(GrpcLogAppender.java:112)
	at org.apache.ratis.grpc.server.GrpcLogAppender.resetClient(GrpcLogAppender.java:117)
	at org.apache.ratis.grpc.server.GrpcLogAppender.access$500(GrpcLogAppender.java:56)
	at org.apache.ratis.grpc.server.GrpcLogAppender$AppendLogResponseHandler.onCompleted(GrpcLogAppender.java:429)
	at org.apache.ratis.thirdparty.io.grpc.stub.ClientCalls$StreamObserverToCallListenerAdapter.onClose(ClientCalls.java:485)
	at org.apache.ratis.thirdparty.io.grpc.internal.ClientCallImpl.closeObserver(ClientCallImpl.java:563)
	at org.apache.ratis.thirdparty.io.grpc.internal.ClientCallImpl.access$300(ClientCallImpl.java:70)
	at org.apache.ratis.thirdparty.io.grpc.internal.ClientCallImpl$ClientStreamListenerImpl$1StreamClosed.runInternal(ClientCallImpl.java:744)
	at org.apache.ratis.thirdparty.io.grpc.internal.ClientCallImpl$ClientStreamListenerImpl$1StreamClosed.runInContext(ClientCallImpl.java:723)
	at org.apache.ratis.thirdparty.io.grpc.internal.ContextRunnable.run(ContextRunnable.java:37)
	at org.apache.ratis.thirdparty.io.grpc.internal.SerializingExecutor.run(SerializingExecutor.java:133)
	at java.util.concurrent.ThreadPoolExecutor.runWorker(ThreadPoolExecutor.java:1149)
	at java.util.concurrent.ThreadPoolExecutor$Worker.run(ThreadPoolExecutor.java:624)
	at java.lang.Thread.run(Thread.java:750)
2023-09-12 21:06:02,372 [f162601e-1a73-446f-bfff-b907124620c0-impl-thread3] INFO  impl.StateMachineUpdater (StateMachineUpdater.java:stopAndJoin(155)) - f162601e-1a73-446f-bfff-b907124620c0@group-B8D710D554B9-StateMachineUpdater: set stopIndex = 12
2023-09-12 21:06:02,372 [0c20a109-2ea1-4d97-ad73-cac537996a23-impl-thread2] INFO  impl.StateMachineUpdater (StateMachineUpdater.java:stopAndJoin(155)) - 0c20a109-2ea1-4d97-ad73-cac537996a23@group-08A3B7B780B8-StateMachineUpdater: set stopIndex = 6
2023-09-12 21:06:02,372 [0c20a109-2ea1-4d97-ad73-cac537996a23@group-08A3B7B780B8-StateMachineUpdater] INFO  ratis.ContainerStateMachine (ContainerStateMachine.java:takeSnapshot(330)) - group-08A3B7B780B8: Taking a snapshot at:(t:1, i:6) file /home/runner/work/ozone/ozone/hadoop-ozone/integration-test/target/test-dir/MiniOzoneClusterImpl-0f4e02f1-3148-4106-9850-9963db652c57/datanode-1/data/ratis/ed55df4f-1434-4de1-a5f8-08a3b7b780b8/sm/snapshot.1_6
2023-09-12 21:06:02,372 [f162601e-1a73-446f-bfff-b907124620c0@group-B8D710D554B9-StateMachineUpdater] INFO  ratis.ContainerStateMachine (ContainerStateMachine.java:takeSnapshot(330)) - group-B8D710D554B9: Taking a snapshot at:(t:1, i:12) file /home/runner/work/ozone/ozone/hadoop-ozone/integration-test/target/test-dir/MiniOzoneClusterImpl-0f4e02f1-3148-4106-9850-9963db652c57/datanode-2/data/ratis/3e980352-d34e-428c-b05e-b8d710d554b9/sm/snapshot.1_12
2023-09-12 21:06:02,374 [0c20a109-2ea1-4d97-ad73-cac537996a23-impl-thread3] INFO  impl.StateMachineUpdater (StateMachineUpdater.java:stopAndJoin(155)) - 0c20a109-2ea1-4d97-ad73-cac537996a23@group-5878589FB01C-StateMachineUpdater: set stopIndex = 14
2023-09-12 21:06:02,374 [0c20a109-2ea1-4d97-ad73-cac537996a23@group-5878589FB01C-StateMachineUpdater] INFO  ratis.ContainerStateMachine (ContainerStateMachine.java:takeSnapshot(330)) - group-5878589FB01C: Taking a snapshot at:(t:1, i:14) file /home/runner/work/ozone/ozone/hadoop-ozone/integration-test/target/test-dir/MiniOzoneClusterImpl-0f4e02f1-3148-4106-9850-9963db652c57/datanode-1/data/ratis/47f9dee4-0f52-4053-a48b-5878589fb01c/sm/snapshot.1_14
2023-09-12 21:06:02,374 [f162601e-1a73-446f-bfff-b907124620c0@group-B8D710D554B9-StateMachineUpdater] INFO  ratis.ContainerStateMachine (ContainerStateMachine.java:takeSnapshot(341)) - group-B8D710D554B9: Finished taking a snapshot at:(t:1, i:12) file:/home/runner/work/ozone/ozone/hadoop-ozone/integration-test/target/test-dir/MiniOzoneClusterImpl-0f4e02f1-3148-4106-9850-9963db652c57/datanode-2/data/ratis/3e980352-d34e-428c-b05e-b8d710d554b9/sm/snapshot.1_12 took: 2 ms
2023-09-12 21:06:02,374 [ForkJoinPool.commonPool-worker-0] INFO  ozoneimpl.OzoneContainer (OzoneContainer.java:stop(451)) - Attempting to stop container services.
2023-09-12 21:06:02,374 [f162601e-1a73-446f-bfff-b907124620c0@group-B8D710D554B9-StateMachineUpdater] INFO  impl.StateMachineUpdater (StateMachineUpdater.java:takeSnapshot(291)) - f162601e-1a73-446f-bfff-b907124620c0@group-B8D710D554B9-StateMachineUpdater: Took a snapshot at index 12
2023-09-12 21:06:02,374 [0c20a109-2ea1-4d97-ad73-cac537996a23@group-08A3B7B780B8-StateMachineUpdater] INFO  ratis.ContainerStateMachine (ContainerStateMachine.java:takeSnapshot(341)) - group-08A3B7B780B8: Finished taking a snapshot at:(t:1, i:6) file:/home/runner/work/ozone/ozone/hadoop-ozone/integration-test/target/test-dir/MiniOzoneClusterImpl-0f4e02f1-3148-4106-9850-9963db652c57/datanode-1/data/ratis/ed55df4f-1434-4de1-a5f8-08a3b7b780b8/sm/snapshot.1_6 took: 3 ms
2023-09-12 21:06:02,375 [0c20a109-2ea1-4d97-ad73-cac537996a23@group-08A3B7B780B8-StateMachineUpdater] INFO  impl.StateMachineUpdater (StateMachineUpdater.java:takeSnapshot(291)) - 0c20a109-2ea1-4d97-ad73-cac537996a23@group-08A3B7B780B8-StateMachineUpdater: Took a snapshot at index 6
2023-09-12 21:06:02,375 [0c20a109-2ea1-4d97-ad73-cac537996a23@group-08A3B7B780B8-StateMachineUpdater] INFO  impl.StateMachineUpdater (StateMachineUpdater.java:lambda$new$0(97)) - 0c20a109-2ea1-4d97-ad73-cac537996a23@group-08A3B7B780B8-StateMachineUpdater: snapshotIndex: updateIncreasingly -1 -> 6
2023-09-12 21:06:02,375 [ForkJoinPool.commonPool-worker-0] INFO  server.RaftServer (RaftServerProxy.java:lambda$close$6(416)) - b1af18a3-9ed4-43ef-9d74-ef660abc83ed: close
2023-09-12 21:06:02,375 [f162601e-1a73-446f-bfff-b907124620c0@group-B8D710D554B9-StateMachineUpdater] INFO  impl.StateMachineUpdater (StateMachineUpdater.java:lambda$new$0(97)) - f162601e-1a73-446f-bfff-b907124620c0@group-B8D710D554B9-StateMachineUpdater: snapshotIndex: updateIncreasingly -1 -> 12
2023-09-12 21:06:02,377 [JUnit] INFO  server.GrpcService (GrpcService.java:closeImpl(320)) - f162601e-1a73-446f-bfff-b907124620c0: shutdown server org.apache.ratis.grpc.server.GrpcAdminProtocolService successfully
2023-09-12 21:06:02,376 [ForkJoinPool.commonPool-worker-1] INFO  server.GrpcService (GrpcService.java:closeImpl(320)) - 0c20a109-2ea1-4d97-ad73-cac537996a23: shutdown server org.apache.ratis.grpc.server.GrpcClientProtocolService successfully
2023-09-12 21:06:02,377 [ForkJoinPool.commonPool-worker-1] INFO  server.GrpcService (GrpcService.java:closeImpl(311)) - 0c20a109-2ea1-4d97-ad73-cac537996a23: shutdown server GrpcServerProtocolService now
2023-09-12 21:06:02,376 [0c20a109-2ea1-4d97-ad73-cac537996a23-impl-thread2] INFO  server.RaftServer$Division (ServerState.java:close(472)) - 0c20a109-2ea1-4d97-ad73-cac537996a23@group-08A3B7B780B8: closes. applyIndex: 6
2023-09-12 21:06:02,376 [b1af18a3-9ed4-43ef-9d74-ef660abc83ed-impl-thread1] INFO  server.RaftServer$Division (RaftServerImpl.java:lambda$close$4(466)) - b1af18a3-9ed4-43ef-9d74-ef660abc83ed@group-9A1C815A8BA7: shutdown
2023-09-12 21:06:02,376 [0c20a109-2ea1-4d97-ad73-cac537996a23@group-5878589FB01C-StateMachineUpdater] INFO  ratis.ContainerStateMachine (ContainerStateMachine.java:takeSnapshot(341)) - group-5878589FB01C: Finished taking a snapshot at:(t:1, i:14) file:/home/runner/work/ozone/ozone/hadoop-ozone/integration-test/target/test-dir/MiniOzoneClusterImpl-0f4e02f1-3148-4106-9850-9963db652c57/datanode-1/data/ratis/47f9dee4-0f52-4053-a48b-5878589fb01c/sm/snapshot.1_14 took: 2 ms
2023-09-12 21:06:02,378 [f162601e-1a73-446f-bfff-b907124620c0-impl-thread3] INFO  server.RaftServer$Division (ServerState.java:close(472)) - f162601e-1a73-446f-bfff-b907124620c0@group-B8D710D554B9: closes. applyIndex: 12
2023-09-12 21:06:02,378 [0c20a109-2ea1-4d97-ad73-cac537996a23@group-5878589FB01C-StateMachineUpdater] INFO  impl.StateMachineUpdater (StateMachineUpdater.java:takeSnapshot(291)) - 0c20a109-2ea1-4d97-ad73-cac537996a23@group-5878589FB01C-StateMachineUpdater: Took a snapshot at index 14
2023-09-12 21:06:02,378 [0c20a109-2ea1-4d97-ad73-cac537996a23@group-5878589FB01C-StateMachineUpdater] INFO  impl.StateMachineUpdater (StateMachineUpdater.java:lambda$new$0(97)) - 0c20a109-2ea1-4d97-ad73-cac537996a23@group-5878589FB01C-StateMachineUpdater: snapshotIndex: updateIncreasingly -1 -> 14
2023-09-12 21:06:02,376 [ForkJoinPool.commonPool-worker-0] INFO  server.GrpcService (GrpcService.java:closeImpl(311)) - b1af18a3-9ed4-43ef-9d74-ef660abc83ed: shutdown server org.apache.ratis.grpc.server.GrpcClientProtocolService now
2023-09-12 21:06:02,378 [grpc-default-executor-11] WARN  server.GrpcServerProtocolService (LogUtils.java:warn(122)) - 0c20a109-2ea1-4d97-ad73-cac537996a23: APPEND_ENTRIES onError, lastRequest: 9ece4d1d-2112-49ce-a0f9-c544e683daa2->0c20a109-2ea1-4d97-ad73-cac537996a23#5-t1,previous=(t:1, i:2),leaderCommit=2,initializing? true,entries: size=1, first=(t:1, i:3), METADATAENTRY(c:2): org.apache.ratis.thirdparty.io.grpc.StatusRuntimeException: CANCELLED: client cancelled
2023-09-12 21:06:02,378 [b1af18a3-9ed4-43ef-9d74-ef660abc83ed-impl-thread1] INFO  util.JmxRegister (JmxRegister.java:unregister(73)) - Successfully un-registered JMX Bean with object name Ratis:service=RaftServer,group=group-9A1C815A8BA7,id=b1af18a3-9ed4-43ef-9d74-ef660abc83ed
2023-09-12 21:06:02,379 [b1af18a3-9ed4-43ef-9d74-ef660abc83ed-impl-thread1] INFO  impl.RoleInfo (RoleInfo.java:shutdownLeaderState(93)) - b1af18a3-9ed4-43ef-9d74-ef660abc83ed: shutdown b1af18a3-9ed4-43ef-9d74-ef660abc83ed@group-9A1C815A8BA7-LeaderStateImpl
2023-09-12 21:06:02,379 [b1af18a3-9ed4-43ef-9d74-ef660abc83ed-impl-thread1] INFO  impl.PendingRequests (PendingRequests.java:sendNotLeaderResponses(289)) - b1af18a3-9ed4-43ef-9d74-ef660abc83ed@group-9A1C815A8BA7-PendingRequests: sendNotLeaderResponses
2023-09-12 21:06:02,379 [grpc-default-executor-11] WARN  server.GrpcLogAppender (LogUtils.java:warn(122)) - 9ece4d1d-2112-49ce-a0f9-c544e683daa2@group-2E8FA51024FB->0c20a109-2ea1-4d97-ad73-cac537996a23-AppendLogResponseHandler: Failed appendEntries: org.apache.ratis.thirdparty.io.grpc.StatusRuntimeException: CANCELLED: RST_STREAM closed stream. HTTP/2 error code: CANCEL
2023-09-12 21:06:02,379 [grpc-default-executor-11] INFO  leader.FollowerInfo (FollowerInfoImpl.java:lambda$new$0(52)) - 9ece4d1d-2112-49ce-a0f9-c544e683daa2@group-2E8FA51024FB->0c20a109-2ea1-4d97-ad73-cac537996a23: decreaseNextIndex nextIndex: updateUnconditionally 4 -> 3
2023-09-12 21:06:02,379 [grpc-default-executor-12] WARN  server.GrpcServerProtocolService (LogUtils.java:warn(122)) - 0c20a109-2ea1-4d97-ad73-cac537996a23: APPEND_ENTRIES onError, lastRequest: null: org.apache.ratis.thirdparty.io.grpc.StatusRuntimeException: CANCELLED: client cancelled
2023-09-12 21:06:02,379 [grpc-default-executor-11] WARN  server.GrpcClientProtocolService (LogUtils.java:warn(122)) - 1-OrderedRequestStreamObserver1: onError: org.apache.ratis.thirdparty.io.grpc.StatusRuntimeException: CANCELLED: client cancelled
2023-09-12 21:06:02,380 [grpc-default-executor-12] WARN  server.GrpcLogAppender (LogUtils.java:warn(122)) - 9ece4d1d-2112-49ce-a0f9-c544e683daa2@group-2E8FA51024FB->0c20a109-2ea1-4d97-ad73-cac537996a23-AppendLogResponseHandler: Failed appendEntries: org.apache.ratis.thirdparty.io.grpc.StatusRuntimeException: CANCELLED: RST_STREAM closed stream. HTTP/2 error code: CANCEL
2023-09-12 21:06:02,380 [grpc-default-executor-12] INFO  leader.FollowerInfo (FollowerInfoImpl.java:lambda$new$0(52)) - 9ece4d1d-2112-49ce-a0f9-c544e683daa2@group-2E8FA51024FB->0c20a109-2ea1-4d97-ad73-cac537996a23: decreaseNextIndex nextIndex: updateUnconditionally 3 -> 2
2023-09-12 21:06:02,380 [grpc-default-executor-11] WARN  server.GrpcClientProtocolService (LogUtils.java:warn(122)) - 3-OrderedRequestStreamObserver3: onError: org.apache.ratis.thirdparty.io.grpc.StatusRuntimeException: CANCELLED: client cancelled
2023-09-12 21:06:02,381 [f162601e-1a73-446f-bfff-b907124620c0-NettyServerStreamRpc-bossGroup--thread1] INFO  logging.LoggingHandler (AbstractInternalLogger.java:log(148)) - [id: 0x0231f8ac, L:/0:0:0:0:0:0:0:0:15033] CLOSE
2023-09-12 21:06:02,381 [f162601e-1a73-446f-bfff-b907124620c0-NettyServerStreamRpc-bossGroup--thread1] INFO  logging.LoggingHandler (AbstractInternalLogger.java:log(148)) - [id: 0x0231f8ac, L:/0:0:0:0:0:0:0:0:15033] INACTIVE
2023-09-12 21:06:02,381 [f162601e-1a73-446f-bfff-b907124620c0-NettyServerStreamRpc-bossGroup--thread1] INFO  logging.LoggingHandler (AbstractInternalLogger.java:log(148)) - [id: 0x0231f8ac, L:/0:0:0:0:0:0:0:0:15033] UNREGISTERED
2023-09-12 21:06:02,388 [ForkJoinPool.commonPool-worker-1] INFO  server.GrpcService (GrpcService.java:closeImpl(320)) - 0c20a109-2ea1-4d97-ad73-cac537996a23: shutdown server GrpcServerProtocolService successfully
2023-09-12 21:06:02,388 [ForkJoinPool.commonPool-worker-1] INFO  server.GrpcService (GrpcService.java:closeImpl(311)) - 0c20a109-2ea1-4d97-ad73-cac537996a23: shutdown server org.apache.ratis.grpc.server.GrpcAdminProtocolService now
2023-09-12 21:06:02,392 [0c20a109-2ea1-4d97-ad73-cac537996a23-impl-thread3] INFO  server.RaftServer$Division (ServerState.java:close(472)) - 0c20a109-2ea1-4d97-ad73-cac537996a23@group-5878589FB01C: closes. applyIndex: 14
2023-09-12 21:06:02,393 [ForkJoinPool.commonPool-worker-1] INFO  server.GrpcService (GrpcService.java:closeImpl(320)) - 0c20a109-2ea1-4d97-ad73-cac537996a23: shutdown server org.apache.ratis.grpc.server.GrpcAdminProtocolService successfully
2023-09-12 21:06:02,395 [grpc-default-executor-11] WARN  server.GrpcClientProtocolService (LogUtils.java:warn(122)) - 2-OrderedRequestStreamObserver2: onError: org.apache.ratis.thirdparty.io.grpc.StatusRuntimeException: CANCELLED: client cancelled
2023-09-12 21:06:02,395 [grpc-default-executor-12] WARN  server.GrpcClientProtocolService (LogUtils.java:warn(122)) - 0-OrderedRequestStreamObserver0: onError: org.apache.ratis.thirdparty.io.grpc.StatusRuntimeException: CANCELLED: client cancelled
2023-09-12 21:06:02,395 [ForkJoinPool.commonPool-worker-0] INFO  server.GrpcService (GrpcService.java:closeImpl(320)) - b1af18a3-9ed4-43ef-9d74-ef660abc83ed: shutdown server org.apache.ratis.grpc.server.GrpcClientProtocolService successfully
2023-09-12 21:06:02,395 [ForkJoinPool.commonPool-worker-0] INFO  server.GrpcService (GrpcService.java:closeImpl(311)) - b1af18a3-9ed4-43ef-9d74-ef660abc83ed: shutdown server GrpcServerProtocolService now
2023-09-12 21:06:02,404 [0c20a109-2ea1-4d97-ad73-cac537996a23-NettyServerStreamRpc-bossGroup--thread1] INFO  logging.LoggingHandler (AbstractInternalLogger.java:log(148)) - [id: 0x20780de6, L:/0:0:0:0:0:0:0:0:15024] CLOSE
2023-09-12 21:06:02,404 [0c20a109-2ea1-4d97-ad73-cac537996a23-NettyServerStreamRpc-bossGroup--thread1] INFO  logging.LoggingHandler (AbstractInternalLogger.java:log(148)) - [id: 0x20780de6, L:/0:0:0:0:0:0:0:0:15024] INACTIVE
2023-09-12 21:06:02,405 [0c20a109-2ea1-4d97-ad73-cac537996a23-NettyServerStreamRpc-bossGroup--thread1] INFO  logging.LoggingHandler (AbstractInternalLogger.java:log(148)) - [id: 0x20780de6, L:/0:0:0:0:0:0:0:0:15024] UNREGISTERED
2023-09-12 21:06:02,405 [b1af18a3-9ed4-43ef-9d74-ef660abc83ed-impl-thread1] INFO  impl.StateMachineUpdater (StateMachineUpdater.java:stopAndJoin(155)) - b1af18a3-9ed4-43ef-9d74-ef660abc83ed@group-9A1C815A8BA7-StateMachineUpdater: set stopIndex = 18
2023-09-12 21:06:02,405 [ForkJoinPool.commonPool-worker-0] INFO  server.GrpcService (GrpcService.java:closeImpl(320)) - b1af18a3-9ed4-43ef-9d74-ef660abc83ed: shutdown server GrpcServerProtocolService successfully
2023-09-12 21:06:02,406 [ForkJoinPool.commonPool-worker-0] INFO  server.GrpcService (GrpcService.java:closeImpl(311)) - b1af18a3-9ed4-43ef-9d74-ef660abc83ed: shutdown server org.apache.ratis.grpc.server.GrpcAdminProtocolService now
2023-09-12 21:06:02,406 [b1af18a3-9ed4-43ef-9d74-ef660abc83ed@group-9A1C815A8BA7-StateMachineUpdater] INFO  ratis.ContainerStateMachine (ContainerStateMachine.java:takeSnapshot(330)) - group-9A1C815A8BA7: Taking a snapshot at:(t:1, i:18) file /home/runner/work/ozone/ozone/hadoop-ozone/integration-test/target/test-dir/MiniOzoneClusterImpl-0f4e02f1-3148-4106-9850-9963db652c57/datanode-4/data/ratis/65fdacee-1569-4c1c-b49a-9a1c815a8ba7/sm/snapshot.1_18
2023-09-12 21:06:02,407 [b1af18a3-9ed4-43ef-9d74-ef660abc83ed@group-9A1C815A8BA7-StateMachineUpdater] INFO  ratis.ContainerStateMachine (ContainerStateMachine.java:takeSnapshot(341)) - group-9A1C815A8BA7: Finished taking a snapshot at:(t:1, i:18) file:/home/runner/work/ozone/ozone/hadoop-ozone/integration-test/target/test-dir/MiniOzoneClusterImpl-0f4e02f1-3148-4106-9850-9963db652c57/datanode-4/data/ratis/65fdacee-1569-4c1c-b49a-9a1c815a8ba7/sm/snapshot.1_18 took: 1 ms
2023-09-12 21:06:02,407 [b1af18a3-9ed4-43ef-9d74-ef660abc83ed@group-9A1C815A8BA7-StateMachineUpdater] INFO  impl.StateMachineUpdater (StateMachineUpdater.java:takeSnapshot(291)) - b1af18a3-9ed4-43ef-9d74-ef660abc83ed@group-9A1C815A8BA7-StateMachineUpdater: Took a snapshot at index 18
2023-09-12 21:06:02,407 [b1af18a3-9ed4-43ef-9d74-ef660abc83ed@group-9A1C815A8BA7-StateMachineUpdater] INFO  impl.StateMachineUpdater (StateMachineUpdater.java:lambda$new$0(97)) - b1af18a3-9ed4-43ef-9d74-ef660abc83ed@group-9A1C815A8BA7-StateMachineUpdater: snapshotIndex: updateIncreasingly -1 -> 18
2023-09-12 21:06:02,408 [b1af18a3-9ed4-43ef-9d74-ef660abc83ed-impl-thread1] INFO  server.RaftServer$Division (ServerState.java:close(472)) - b1af18a3-9ed4-43ef-9d74-ef660abc83ed@group-9A1C815A8BA7: closes. applyIndex: 18
2023-09-12 21:06:02,412 [ForkJoinPool.commonPool-worker-0] INFO  server.GrpcService (GrpcService.java:closeImpl(320)) - b1af18a3-9ed4-43ef-9d74-ef660abc83ed: shutdown server org.apache.ratis.grpc.server.GrpcAdminProtocolService successfully
2023-09-12 21:06:02,414 [ForkJoinPool.commonPool-worker-3] INFO  ozoneimpl.OzoneContainer (OzoneContainer.java:stop(451)) - Attempting to stop container services.
2023-09-12 21:06:02,417 [ForkJoinPool.commonPool-worker-3] INFO  server.RaftServer (RaftServerProxy.java:lambda$close$6(416)) - 9ece4d1d-2112-49ce-a0f9-c544e683daa2: close
2023-09-12 21:06:02,417 [9ece4d1d-2112-49ce-a0f9-c544e683daa2-impl-thread1] INFO  server.RaftServer$Division (RaftServerImpl.java:lambda$close$4(466)) - 9ece4d1d-2112-49ce-a0f9-c544e683daa2@group-2E8FA51024FB: shutdown
2023-09-12 21:06:02,418 [9ece4d1d-2112-49ce-a0f9-c544e683daa2-impl-thread1] INFO  util.JmxRegister (JmxRegister.java:unregister(73)) - Successfully un-registered JMX Bean with object name Ratis:service=RaftServer,group=group-2E8FA51024FB,id=9ece4d1d-2112-49ce-a0f9-c544e683daa2
2023-09-12 21:06:02,418 [9ece4d1d-2112-49ce-a0f9-c544e683daa2-impl-thread1] INFO  impl.RoleInfo (RoleInfo.java:shutdownLeaderState(93)) - 9ece4d1d-2112-49ce-a0f9-c544e683daa2: shutdown 9ece4d1d-2112-49ce-a0f9-c544e683daa2@group-2E8FA51024FB-LeaderStateImpl
2023-09-12 21:06:02,419 [ForkJoinPool.commonPool-worker-3] INFO  server.GrpcService (GrpcService.java:closeImpl(311)) - 9ece4d1d-2112-49ce-a0f9-c544e683daa2: shutdown server org.apache.ratis.grpc.server.GrpcClientProtocolService now
2023-09-12 21:06:02,419 [9ece4d1d-2112-49ce-a0f9-c544e683daa2-impl-thread3] INFO  server.RaftServer$Division (RaftServerImpl.java:lambda$close$4(466)) - 9ece4d1d-2112-49ce-a0f9-c544e683daa2@group-E199E82519C1: shutdown
2023-09-12 21:06:02,419 [9ece4d1d-2112-49ce-a0f9-c544e683daa2@group-2E8FA51024FB->f162601e-1a73-446f-bfff-b907124620c0-GrpcLogAppender-LogAppenderDaemon] WARN  server.GrpcLogAppender (GrpcLogAppender.java:mayWait(199)) - 9ece4d1d-2112-49ce-a0f9-c544e683daa2@group-2E8FA51024FB->f162601e-1a73-446f-bfff-b907124620c0-GrpcLogAppender: Wait interrupted by java.lang.InterruptedException
2023-09-12 21:06:02,419 [9ece4d1d-2112-49ce-a0f9-c544e683daa2@group-2E8FA51024FB->0c20a109-2ea1-4d97-ad73-cac537996a23-GrpcLogAppender-LogAppenderDaemon] WARN  server.GrpcLogAppender (GrpcLogAppender.java:mayWait(199)) - 9ece4d1d-2112-49ce-a0f9-c544e683daa2@group-2E8FA51024FB->0c20a109-2ea1-4d97-ad73-cac537996a23-GrpcLogAppender: Wait interrupted by java.lang.InterruptedException
2023-09-12 21:06:02,420 [b1af18a3-9ed4-43ef-9d74-ef660abc83ed-NettyServerStreamRpc-bossGroup--thread1] INFO  logging.LoggingHandler (AbstractInternalLogger.java:log(148)) - [id: 0xeeafcfed, L:/0:0:0:0:0:0:0:0:15051] CLOSE
2023-09-12 21:06:02,419 [9ece4d1d-2112-49ce-a0f9-c544e683daa2-impl-thread1] INFO  impl.PendingRequests (PendingRequests.java:sendNotLeaderResponses(289)) - 9ece4d1d-2112-49ce-a0f9-c544e683daa2@group-2E8FA51024FB-PendingRequests: sendNotLeaderResponses
2023-09-12 21:06:02,420 [b1af18a3-9ed4-43ef-9d74-ef660abc83ed-NettyServerStreamRpc-bossGroup--thread1] INFO  logging.LoggingHandler (AbstractInternalLogger.java:log(148)) - [id: 0xeeafcfed, L:/0:0:0:0:0:0:0:0:15051] INACTIVE
2023-09-12 21:06:02,420 [b1af18a3-9ed4-43ef-9d74-ef660abc83ed-NettyServerStreamRpc-bossGroup--thread1] INFO  logging.LoggingHandler (AbstractInternalLogger.java:log(148)) - [id: 0xeeafcfed, L:/0:0:0:0:0:0:0:0:15051] UNREGISTERED
2023-09-12 21:06:02,420 [9ece4d1d-2112-49ce-a0f9-c544e683daa2-impl-thread3] INFO  util.JmxRegister (JmxRegister.java:unregister(73)) - Successfully un-registered JMX Bean with object name Ratis:service=RaftServer,group=group-E199E82519C1,id=9ece4d1d-2112-49ce-a0f9-c544e683daa2
2023-09-12 21:06:02,420 [9ece4d1d-2112-49ce-a0f9-c544e683daa2-impl-thread3] INFO  impl.RoleInfo (RoleInfo.java:shutdownLeaderState(93)) - 9ece4d1d-2112-49ce-a0f9-c544e683daa2: shutdown 9ece4d1d-2112-49ce-a0f9-c544e683daa2@group-E199E82519C1-LeaderStateImpl
2023-09-12 21:06:02,420 [9ece4d1d-2112-49ce-a0f9-c544e683daa2-impl-thread3] INFO  impl.PendingRequests (PendingRequests.java:sendNotLeaderResponses(289)) - 9ece4d1d-2112-49ce-a0f9-c544e683daa2@group-E199E82519C1-PendingRequests: sendNotLeaderResponses
2023-09-12 21:06:02,421 [grpc-default-executor-11] WARN  server.GrpcClientProtocolService (LogUtils.java:warn(122)) - 0-OrderedRequestStreamObserver0: onError: org.apache.ratis.thirdparty.io.grpc.StatusRuntimeException: CANCELLED: client cancelled
2023-09-12 21:06:02,422 [grpc-default-executor-13] WARN  server.GrpcClientProtocolService (LogUtils.java:warn(122)) - 1-OrderedRequestStreamObserver1: onError: org.apache.ratis.thirdparty.io.grpc.StatusRuntimeException: CANCELLED: client cancelled
2023-09-12 21:06:02,423 [9ece4d1d-2112-49ce-a0f9-c544e683daa2-impl-thread2] INFO  server.RaftServer$Division (RaftServerImpl.java:lambda$close$4(466)) - 9ece4d1d-2112-49ce-a0f9-c544e683daa2@group-5878589FB01C: shutdown
2023-09-12 21:06:02,423 [9ece4d1d-2112-49ce-a0f9-c544e683daa2-impl-thread2] INFO  util.JmxRegister (JmxRegister.java:unregister(73)) - Successfully un-registered JMX Bean with object name Ratis:service=RaftServer,group=group-5878589FB01C,id=9ece4d1d-2112-49ce-a0f9-c544e683daa2
2023-09-12 21:06:02,424 [9ece4d1d-2112-49ce-a0f9-c544e683daa2-impl-thread2] INFO  impl.RoleInfo (RoleInfo.java:shutdownFollowerState(110)) - 9ece4d1d-2112-49ce-a0f9-c544e683daa2: shutdown 9ece4d1d-2112-49ce-a0f9-c544e683daa2@group-5878589FB01C-FollowerState
2023-09-12 21:06:02,433 [ForkJoinPool.commonPool-worker-2] INFO  ozoneimpl.OzoneContainer (OzoneContainer.java:stop(451)) - Attempting to stop container services.
2023-09-12 21:06:02,433 [9ece4d1d-2112-49ce-a0f9-c544e683daa2-impl-thread1] INFO  impl.StateMachineUpdater (StateMachineUpdater.java:stopAndJoin(155)) - 9ece4d1d-2112-49ce-a0f9-c544e683daa2@group-2E8FA51024FB-StateMachineUpdater: set stopIndex = 3
2023-09-12 21:06:02,433 [9ece4d1d-2112-49ce-a0f9-c544e683daa2@group-2E8FA51024FB-StateMachineUpdater] INFO  ratis.ContainerStateMachine (ContainerStateMachine.java:takeSnapshot(330)) - group-2E8FA51024FB: Taking a snapshot at:(t:1, i:3) file /home/runner/work/ozone/ozone/hadoop-ozone/integration-test/target/test-dir/MiniOzoneClusterImpl-0f4e02f1-3148-4106-9850-9963db652c57/datanode-0/data/ratis/7e4cc134-007f-4413-b7c4-2e8fa51024fb/sm/snapshot.1_3
2023-09-12 21:06:02,433 [9ece4d1d-2112-49ce-a0f9-c544e683daa2-impl-thread3] INFO  impl.StateMachineUpdater (StateMachineUpdater.java:stopAndJoin(155)) - 9ece4d1d-2112-49ce-a0f9-c544e683daa2@group-E199E82519C1-StateMachineUpdater: set stopIndex = 7
2023-09-12 21:06:02,434 [9ece4d1d-2112-49ce-a0f9-c544e683daa2@group-E199E82519C1-StateMachineUpdater] INFO  ratis.ContainerStateMachine (ContainerStateMachine.java:takeSnapshot(330)) - group-E199E82519C1: Taking a snapshot at:(t:1, i:7) file /home/runner/work/ozone/ozone/hadoop-ozone/integration-test/target/test-dir/MiniOzoneClusterImpl-0f4e02f1-3148-4106-9850-9963db652c57/datanode-0/data/ratis/b92cf172-094c-4132-b753-e199e82519c1/sm/snapshot.1_7
2023-09-12 21:06:02,434 [Thread-609] INFO  server.GrpcServerProtocolClient (GrpcServerProtocolClient.java:close(103)) - 0c20a109-2ea1-4d97-ad73-cac537996a23 Close channels
2023-09-12 21:06:02,439 [9ece4d1d-2112-49ce-a0f9-c544e683daa2-impl-thread2] INFO  impl.StateMachineUpdater (StateMachineUpdater.java:stopAndJoin(155)) - 9ece4d1d-2112-49ce-a0f9-c544e683daa2@group-5878589FB01C-StateMachineUpdater: set stopIndex = 14
2023-09-12 21:06:02,439 [9ece4d1d-2112-49ce-a0f9-c544e683daa2@group-5878589FB01C-FollowerState] INFO  impl.FollowerState (FollowerState.java:run(152)) - 9ece4d1d-2112-49ce-a0f9-c544e683daa2@group-5878589FB01C-FollowerState was interrupted
2023-09-12 21:06:02,439 [9ece4d1d-2112-49ce-a0f9-c544e683daa2@group-2E8FA51024FB-StateMachineUpdater] INFO  ratis.ContainerStateMachine (ContainerStateMachine.java:takeSnapshot(341)) - group-2E8FA51024FB: Finished taking a snapshot at:(t:1, i:3) file:/home/runner/work/ozone/ozone/hadoop-ozone/integration-test/target/test-dir/MiniOzoneClusterImpl-0f4e02f1-3148-4106-9850-9963db652c57/datanode-0/data/ratis/7e4cc134-007f-4413-b7c4-2e8fa51024fb/sm/snapshot.1_3 took: 6 ms
2023-09-12 21:06:02,440 [9ece4d1d-2112-49ce-a0f9-c544e683daa2@group-2E8FA51024FB-StateMachineUpdater] INFO  impl.StateMachineUpdater (StateMachineUpdater.java:takeSnapshot(291)) - 9ece4d1d-2112-49ce-a0f9-c544e683daa2@group-2E8FA51024FB-StateMachineUpdater: Took a snapshot at index 3
2023-09-12 21:06:02,440 [9ece4d1d-2112-49ce-a0f9-c544e683daa2@group-2E8FA51024FB-StateMachineUpdater] INFO  impl.StateMachineUpdater (StateMachineUpdater.java:lambda$new$0(97)) - 9ece4d1d-2112-49ce-a0f9-c544e683daa2@group-2E8FA51024FB-StateMachineUpdater: snapshotIndex: updateIncreasingly -1 -> 3
2023-09-12 21:06:02,439 [9ece4d1d-2112-49ce-a0f9-c544e683daa2@group-5878589FB01C-StateMachineUpdater] INFO  ratis.ContainerStateMachine (ContainerStateMachine.java:takeSnapshot(330)) - group-5878589FB01C: Taking a snapshot at:(t:1, i:14) file /home/runner/work/ozone/ozone/hadoop-ozone/integration-test/target/test-dir/MiniOzoneClusterImpl-0f4e02f1-3148-4106-9850-9963db652c57/datanode-0/data/ratis/47f9dee4-0f52-4053-a48b-5878589fb01c/sm/snapshot.1_14
2023-09-12 21:06:02,439 [9ece4d1d-2112-49ce-a0f9-c544e683daa2@group-E199E82519C1-StateMachineUpdater] INFO  ratis.ContainerStateMachine (ContainerStateMachine.java:takeSnapshot(341)) - group-E199E82519C1: Finished taking a snapshot at:(t:1, i:7) file:/home/runner/work/ozone/ozone/hadoop-ozone/integration-test/target/test-dir/MiniOzoneClusterImpl-0f4e02f1-3148-4106-9850-9963db652c57/datanode-0/data/ratis/b92cf172-094c-4132-b753-e199e82519c1/sm/snapshot.1_7 took: 5 ms
2023-09-12 21:06:02,440 [9ece4d1d-2112-49ce-a0f9-c544e683daa2@group-E199E82519C1-StateMachineUpdater] INFO  impl.StateMachineUpdater (StateMachineUpdater.java:takeSnapshot(291)) - 9ece4d1d-2112-49ce-a0f9-c544e683daa2@group-E199E82519C1-StateMachineUpdater: Took a snapshot at index 7
2023-09-12 21:06:02,441 [9ece4d1d-2112-49ce-a0f9-c544e683daa2@group-E199E82519C1-StateMachineUpdater] INFO  impl.StateMachineUpdater (StateMachineUpdater.java:lambda$new$0(97)) - 9ece4d1d-2112-49ce-a0f9-c544e683daa2@group-E199E82519C1-StateMachineUpdater: snapshotIndex: updateIncreasingly -1 -> 7
2023-09-12 21:06:02,441 [9ece4d1d-2112-49ce-a0f9-c544e683daa2@group-5878589FB01C-StateMachineUpdater] INFO  ratis.ContainerStateMachine (ContainerStateMachine.java:takeSnapshot(341)) - group-5878589FB01C: Finished taking a snapshot at:(t:1, i:14) file:/home/runner/work/ozone/ozone/hadoop-ozone/integration-test/target/test-dir/MiniOzoneClusterImpl-0f4e02f1-3148-4106-9850-9963db652c57/datanode-0/data/ratis/47f9dee4-0f52-4053-a48b-5878589fb01c/sm/snapshot.1_14 took: 2 ms
2023-09-12 21:06:02,441 [9ece4d1d-2112-49ce-a0f9-c544e683daa2-impl-thread1] INFO  server.RaftServer$Division (ServerState.java:close(472)) - 9ece4d1d-2112-49ce-a0f9-c544e683daa2@group-2E8FA51024FB: closes. applyIndex: 3
2023-09-12 21:06:02,441 [9ece4d1d-2112-49ce-a0f9-c544e683daa2@group-5878589FB01C-StateMachineUpdater] INFO  impl.StateMachineUpdater (StateMachineUpdater.java:takeSnapshot(291)) - 9ece4d1d-2112-49ce-a0f9-c544e683daa2@group-5878589FB01C-StateMachineUpdater: Took a snapshot at index 14
2023-09-12 21:06:02,441 [9ece4d1d-2112-49ce-a0f9-c544e683daa2@group-5878589FB01C-StateMachineUpdater] INFO  impl.StateMachineUpdater (StateMachineUpdater.java:lambda$new$0(97)) - 9ece4d1d-2112-49ce-a0f9-c544e683daa2@group-5878589FB01C-StateMachineUpdater: snapshotIndex: updateIncreasingly -1 -> 14
2023-09-12 21:06:02,441 [ForkJoinPool.commonPool-worker-2] INFO  server.RaftServer (RaftServerProxy.java:lambda$close$6(416)) - 78c45de7-ea48-4d81-a27f-63dcd3d13ef6: close
2023-09-12 21:06:02,441 [ForkJoinPool.commonPool-worker-2] INFO  server.GrpcService (GrpcService.java:closeImpl(311)) - 78c45de7-ea48-4d81-a27f-63dcd3d13ef6: shutdown server org.apache.ratis.grpc.server.GrpcClientProtocolService now
2023-09-12 21:06:02,441 [78c45de7-ea48-4d81-a27f-63dcd3d13ef6-impl-thread1] INFO  server.RaftServer$Division (RaftServerImpl.java:lambda$close$4(466)) - 78c45de7-ea48-4d81-a27f-63dcd3d13ef6@group-21C0C8057B11: shutdown
2023-09-12 21:06:02,441 [78c45de7-ea48-4d81-a27f-63dcd3d13ef6-impl-thread1] INFO  util.JmxRegister (JmxRegister.java:unregister(73)) - Successfully un-registered JMX Bean with object name Ratis:service=RaftServer,group=group-21C0C8057B11,id=78c45de7-ea48-4d81-a27f-63dcd3d13ef6
2023-09-12 21:06:02,441 [Thread-610] INFO  server.GrpcServerProtocolClient (GrpcServerProtocolClient.java:close(103)) - f162601e-1a73-446f-bfff-b907124620c0 Close channels
2023-09-12 21:06:02,447 [grpc-default-executor-12] WARN  server.GrpcClientProtocolService (LogUtils.java:warn(122)) - 1-OrderedRequestStreamObserver1: onError: org.apache.ratis.thirdparty.io.grpc.StatusRuntimeException: CANCELLED: client cancelled
2023-09-12 21:06:02,447 [78c45de7-ea48-4d81-a27f-63dcd3d13ef6-impl-thread1] INFO  impl.RoleInfo (RoleInfo.java:shutdownLeaderState(93)) - 78c45de7-ea48-4d81-a27f-63dcd3d13ef6: shutdown 78c45de7-ea48-4d81-a27f-63dcd3d13ef6@group-21C0C8057B11-LeaderStateImpl
2023-09-12 21:06:02,447 [78c45de7-ea48-4d81-a27f-63dcd3d13ef6-impl-thread1] INFO  impl.PendingRequests (PendingRequests.java:sendNotLeaderResponses(289)) - 78c45de7-ea48-4d81-a27f-63dcd3d13ef6@group-21C0C8057B11-PendingRequests: sendNotLeaderResponses
2023-09-12 21:06:02,442 [9ece4d1d-2112-49ce-a0f9-c544e683daa2-impl-thread2] INFO  server.RaftServer$Division (ServerState.java:close(472)) - 9ece4d1d-2112-49ce-a0f9-c544e683daa2@group-5878589FB01C: closes. applyIndex: 14
2023-09-12 21:06:02,442 [9ece4d1d-2112-49ce-a0f9-c544e683daa2-impl-thread3] INFO  server.RaftServer$Division (ServerState.java:close(472)) - 9ece4d1d-2112-49ce-a0f9-c544e683daa2@group-E199E82519C1: closes. applyIndex: 7
2023-09-12 21:06:02,451 [grpc-default-executor-11] WARN  server.GrpcClientProtocolService (LogUtils.java:warn(122)) - 0-OrderedRequestStreamObserver0: onError: org.apache.ratis.thirdparty.io.grpc.StatusRuntimeException: CANCELLED: client cancelled
2023-09-12 21:06:02,454 [ForkJoinPool.commonPool-worker-3] INFO  server.GrpcService (GrpcService.java:closeImpl(320)) - 9ece4d1d-2112-49ce-a0f9-c544e683daa2: shutdown server org.apache.ratis.grpc.server.GrpcClientProtocolService successfully
2023-09-12 21:06:02,454 [ForkJoinPool.commonPool-worker-3] INFO  server.GrpcService (GrpcService.java:closeImpl(311)) - 9ece4d1d-2112-49ce-a0f9-c544e683daa2: shutdown server GrpcServerProtocolService now
2023-09-12 21:06:02,455 [78c45de7-ea48-4d81-a27f-63dcd3d13ef6-impl-thread1] INFO  impl.StateMachineUpdater (StateMachineUpdater.java:stopAndJoin(155)) - 78c45de7-ea48-4d81-a27f-63dcd3d13ef6@group-21C0C8057B11-StateMachineUpdater: set stopIndex = 6
2023-09-12 21:06:02,455 [78c45de7-ea48-4d81-a27f-63dcd3d13ef6@group-21C0C8057B11-StateMachineUpdater] INFO  ratis.ContainerStateMachine (ContainerStateMachine.java:takeSnapshot(330)) - group-21C0C8057B11: Taking a snapshot at:(t:1, i:6) file /home/runner/work/ozone/ozone/hadoop-ozone/integration-test/target/test-dir/MiniOzoneClusterImpl-0f4e02f1-3148-4106-9850-9963db652c57/datanode-3/data/ratis/049c2560-9622-491e-927d-21c0c8057b11/sm/snapshot.1_6
2023-09-12 21:06:02,460 [78c45de7-ea48-4d81-a27f-63dcd3d13ef6@group-21C0C8057B11-StateMachineUpdater] INFO  ratis.ContainerStateMachine (ContainerStateMachine.java:takeSnapshot(341)) - group-21C0C8057B11: Finished taking a snapshot at:(t:1, i:6) file:/home/runner/work/ozone/ozone/hadoop-ozone/integration-test/target/test-dir/MiniOzoneClusterImpl-0f4e02f1-3148-4106-9850-9963db652c57/datanode-3/data/ratis/049c2560-9622-491e-927d-21c0c8057b11/sm/snapshot.1_6 took: 5 ms
2023-09-12 21:06:02,460 [78c45de7-ea48-4d81-a27f-63dcd3d13ef6@group-21C0C8057B11-StateMachineUpdater] INFO  impl.StateMachineUpdater (StateMachineUpdater.java:takeSnapshot(291)) - 78c45de7-ea48-4d81-a27f-63dcd3d13ef6@group-21C0C8057B11-StateMachineUpdater: Took a snapshot at index 6
2023-09-12 21:06:02,460 [78c45de7-ea48-4d81-a27f-63dcd3d13ef6@group-21C0C8057B11-StateMachineUpdater] INFO  impl.StateMachineUpdater (StateMachineUpdater.java:lambda$new$0(97)) - 78c45de7-ea48-4d81-a27f-63dcd3d13ef6@group-21C0C8057B11-StateMachineUpdater: snapshotIndex: updateIncreasingly -1 -> 6
2023-09-12 21:06:02,463 [78c45de7-ea48-4d81-a27f-63dcd3d13ef6-impl-thread1] INFO  server.RaftServer$Division (ServerState.java:close(472)) - 78c45de7-ea48-4d81-a27f-63dcd3d13ef6@group-21C0C8057B11: closes. applyIndex: 6
2023-09-12 21:06:02,463 [ForkJoinPool.commonPool-worker-3] INFO  server.GrpcService (GrpcService.java:closeImpl(320)) - 9ece4d1d-2112-49ce-a0f9-c544e683daa2: shutdown server GrpcServerProtocolService successfully
2023-09-12 21:06:02,463 [ForkJoinPool.commonPool-worker-3] INFO  server.GrpcService (GrpcService.java:closeImpl(311)) - 9ece4d1d-2112-49ce-a0f9-c544e683daa2: shutdown server org.apache.ratis.grpc.server.GrpcAdminProtocolService now
2023-09-12 21:06:02,467 [ForkJoinPool.commonPool-worker-2] INFO  server.GrpcService (GrpcService.java:closeImpl(320)) - 78c45de7-ea48-4d81-a27f-63dcd3d13ef6: shutdown server org.apache.ratis.grpc.server.GrpcClientProtocolService successfully
2023-09-12 21:06:02,467 [ForkJoinPool.commonPool-worker-2] INFO  server.GrpcService (GrpcService.java:closeImpl(311)) - 78c45de7-ea48-4d81-a27f-63dcd3d13ef6: shutdown server GrpcServerProtocolService now
2023-09-12 21:06:02,469 [ForkJoinPool.commonPool-worker-3] INFO  server.GrpcService (GrpcService.java:closeImpl(320)) - 9ece4d1d-2112-49ce-a0f9-c544e683daa2: shutdown server org.apache.ratis.grpc.server.GrpcAdminProtocolService successfully
2023-09-12 21:06:02,470 [ForkJoinPool.commonPool-worker-2] INFO  server.GrpcService (GrpcService.java:closeImpl(320)) - 78c45de7-ea48-4d81-a27f-63dcd3d13ef6: shutdown server GrpcServerProtocolService successfully
2023-09-12 21:06:02,470 [9ece4d1d-2112-49ce-a0f9-c544e683daa2-NettyServerStreamRpc-bossGroup--thread1] INFO  logging.LoggingHandler (AbstractInternalLogger.java:log(148)) - [id: 0xf0d35205, L:/0:0:0:0:0:0:0:0:15015] CLOSE
2023-09-12 21:06:02,470 [ForkJoinPool.commonPool-worker-2] INFO  server.GrpcService (GrpcService.java:closeImpl(311)) - 78c45de7-ea48-4d81-a27f-63dcd3d13ef6: shutdown server org.apache.ratis.grpc.server.GrpcAdminProtocolService now
2023-09-12 21:06:02,470 [9ece4d1d-2112-49ce-a0f9-c544e683daa2-NettyServerStreamRpc-bossGroup--thread1] INFO  logging.LoggingHandler (AbstractInternalLogger.java:log(148)) - [id: 0xf0d35205, L:/0:0:0:0:0:0:0:0:15015] INACTIVE
2023-09-12 21:06:02,470 [9ece4d1d-2112-49ce-a0f9-c544e683daa2-NettyServerStreamRpc-bossGroup--thread1] INFO  logging.LoggingHandler (AbstractInternalLogger.java:log(148)) - [id: 0xf0d35205, L:/0:0:0:0:0:0:0:0:15015] UNREGISTERED
2023-09-12 21:06:02,479 [ForkJoinPool.commonPool-worker-2] INFO  server.GrpcService (GrpcService.java:closeImpl(320)) - 78c45de7-ea48-4d81-a27f-63dcd3d13ef6: shutdown server org.apache.ratis.grpc.server.GrpcAdminProtocolService successfully
2023-09-12 21:06:02,480 [78c45de7-ea48-4d81-a27f-63dcd3d13ef6-NettyServerStreamRpc-bossGroup--thread1] INFO  logging.LoggingHandler (AbstractInternalLogger.java:log(148)) - [id: 0x7c7218ff, L:/0:0:0:0:0:0:0:0:15042] CLOSE
2023-09-12 21:06:02,480 [78c45de7-ea48-4d81-a27f-63dcd3d13ef6-NettyServerStreamRpc-bossGroup--thread1] INFO  logging.LoggingHandler (AbstractInternalLogger.java:log(148)) - [id: 0x7c7218ff, L:/0:0:0:0:0:0:0:0:15042] INACTIVE
2023-09-12 21:06:02,480 [78c45de7-ea48-4d81-a27f-63dcd3d13ef6-NettyServerStreamRpc-bossGroup--thread1] INFO  logging.LoggingHandler (AbstractInternalLogger.java:log(148)) - [id: 0x7c7218ff, L:/0:0:0:0:0:0:0:0:15042] UNREGISTERED
2023-09-12 21:06:02,503 [0c20a109-2ea1-4d97-ad73-cac537996a23-impl-thread2] INFO  segmented.SegmentedRaftLogWorker (SegmentedRaftLogWorker.java:close(252)) - 0c20a109-2ea1-4d97-ad73-cac537996a23@group-08A3B7B780B8-SegmentedRaftLogWorker close()
2023-09-12 21:06:02,696 [b1af18a3-9ed4-43ef-9d74-ef660abc83ed-impl-thread1] INFO  segmented.SegmentedRaftLogWorker (SegmentedRaftLogWorker.java:close(252)) - b1af18a3-9ed4-43ef-9d74-ef660abc83ed@group-9A1C815A8BA7-SegmentedRaftLogWorker close()
2023-09-12 21:06:02,697 [JvmPauseMonitor6] INFO  util.JvmPauseMonitor (JvmPauseMonitor.java:run(109)) - JvmPauseMonitor-b1af18a3-9ed4-43ef-9d74-ef660abc83ed: Stopped
2023-09-12 21:06:02,840 [0c20a109-2ea1-4d97-ad73-cac537996a23-impl-thread1] INFO  segmented.SegmentedRaftLogWorker (SegmentedRaftLogWorker.java:close(252)) - 0c20a109-2ea1-4d97-ad73-cac537996a23@group-2E8FA51024FB-SegmentedRaftLogWorker close()
2023-09-12 21:06:02,841 [f162601e-1a73-446f-bfff-b907124620c0-impl-thread1] INFO  segmented.SegmentedRaftLogWorker (SegmentedRaftLogWorker.java:close(252)) - f162601e-1a73-446f-bfff-b907124620c0@group-2E8FA51024FB-SegmentedRaftLogWorker close()
2023-09-12 21:06:02,842 [9ece4d1d-2112-49ce-a0f9-c544e683daa2-impl-thread1] INFO  segmented.SegmentedRaftLogWorker (SegmentedRaftLogWorker.java:close(252)) - 9ece4d1d-2112-49ce-a0f9-c544e683daa2@group-2E8FA51024FB-SegmentedRaftLogWorker close()
2023-09-12 21:06:02,962 [0c20a109-2ea1-4d97-ad73-cac537996a23-impl-thread3] INFO  segmented.SegmentedRaftLogWorker (SegmentedRaftLogWorker.java:close(252)) - 0c20a109-2ea1-4d97-ad73-cac537996a23@group-5878589FB01C-SegmentedRaftLogWorker close()
2023-09-12 21:06:02,963 [JvmPauseMonitor3] INFO  util.JvmPauseMonitor (JvmPauseMonitor.java:run(109)) - JvmPauseMonitor-0c20a109-2ea1-4d97-ad73-cac537996a23: Stopped
2023-09-12 21:06:02,969 [f162601e-1a73-446f-bfff-b907124620c0-impl-thread2] INFO  segmented.SegmentedRaftLogWorker (SegmentedRaftLogWorker.java:close(252)) - f162601e-1a73-446f-bfff-b907124620c0@group-5878589FB01C-SegmentedRaftLogWorker close()
2023-09-12 21:06:02,970 [9ece4d1d-2112-49ce-a0f9-c544e683daa2-impl-thread2] INFO  segmented.SegmentedRaftLogWorker (SegmentedRaftLogWorker.java:close(252)) - 9ece4d1d-2112-49ce-a0f9-c544e683daa2@group-5878589FB01C-SegmentedRaftLogWorker close()
2023-09-12 21:06:03,066 [9ece4d1d-2112-49ce-a0f9-c544e683daa2-impl-thread3] INFO  segmented.SegmentedRaftLogWorker (SegmentedRaftLogWorker.java:close(252)) - 9ece4d1d-2112-49ce-a0f9-c544e683daa2@group-E199E82519C1-SegmentedRaftLogWorker close()
2023-09-12 21:06:03,067 [JvmPauseMonitor2] INFO  util.JvmPauseMonitor (JvmPauseMonitor.java:run(109)) - JvmPauseMonitor-9ece4d1d-2112-49ce-a0f9-c544e683daa2: Stopped
2023-09-12 21:06:03,099 [78c45de7-ea48-4d81-a27f-63dcd3d13ef6-impl-thread1] INFO  segmented.SegmentedRaftLogWorker (SegmentedRaftLogWorker.java:close(252)) - 78c45de7-ea48-4d81-a27f-63dcd3d13ef6@group-21C0C8057B11-SegmentedRaftLogWorker close()
2023-09-12 21:06:03,100 [JvmPauseMonitor5] INFO  util.JvmPauseMonitor (JvmPauseMonitor.java:run(109)) - JvmPauseMonitor-78c45de7-ea48-4d81-a27f-63dcd3d13ef6: Stopped
2023-09-12 21:06:03,244 [f162601e-1a73-446f-bfff-b907124620c0-impl-thread3] INFO  segmented.SegmentedRaftLogWorker (SegmentedRaftLogWorker.java:close(252)) - f162601e-1a73-446f-bfff-b907124620c0@group-B8D710D554B9-SegmentedRaftLogWorker close()
2023-09-12 21:06:03,245 [JvmPauseMonitor4] INFO  util.JvmPauseMonitor (JvmPauseMonitor.java:run(109)) - JvmPauseMonitor-f162601e-1a73-446f-bfff-b907124620c0: Stopped
2023-09-12 21:06:04,717 [ForkJoinPool.commonPool-worker-0] INFO  utils.DatanodeStoreCache (DatanodeStoreCache.java:shutdownCache(110)) - Skip clearing cache in mini cluster mode. Entries left: [/home/runner/work/ozone/ozone/hadoop-ozone/integration-test/target/test-dir/MiniOzoneClusterImpl-0f4e02f1-3148-4106-9850-9963db652c57/datanode-0/data-0/containers/hdds/0f4e02f1-3148-4106-9850-9963db652c57/DS-6e9c39e3-d216-4937-a35e-7248586fbb4e/container.db, /home/runner/work/ozone/ozone/hadoop-ozone/integration-test/target/test-dir/MiniOzoneClusterImpl-0f4e02f1-3148-4106-9850-9963db652c57/datanode-1/data-0/containers/hdds/0f4e02f1-3148-4106-9850-9963db652c57/DS-921cb8c4-9b6e-4632-bdd7-b55a472b9829/container.db, /home/runner/work/ozone/ozone/hadoop-ozone/integration-test/target/test-dir/MiniOzoneClusterImpl-0f4e02f1-3148-4106-9850-9963db652c57/datanode-2/data-0/containers/hdds/0f4e02f1-3148-4106-9850-9963db652c57/DS-48371059-6f60-4350-82a2-f38482b5f158/container.db, /home/runner/work/ozone/ozone/hadoop-ozone/integration-test/target/test-dir/MiniOzoneClusterImpl-0f4e02f1-3148-4106-9850-9963db652c57/datanode-3/data-0/containers/hdds/0f4e02f1-3148-4106-9850-9963db652c57/DS-02b871b4-ed26-4def-aed8-31c54ae5f0dd/container.db, /home/runner/work/ozone/ozone/hadoop-ozone/integration-test/target/test-dir/MiniOzoneClusterImpl-0f4e02f1-3148-4106-9850-9963db652c57/datanode-4/data-0/containers/hdds/0f4e02f1-3148-4106-9850-9963db652c57/DS-02673186-6aa4-4d2c-8d99-b14e8fbca544/container.db]
2023-09-12 21:06:04,721 [ForkJoinPool.commonPool-worker-0] INFO  utils.DatanodeStoreCache (DatanodeStoreCache.java:removeDB(104)) - Removed db /home/runner/work/ozone/ozone/hadoop-ozone/integration-test/target/test-dir/MiniOzoneClusterImpl-0f4e02f1-3148-4106-9850-9963db652c57/datanode-4/data-0/containers/hdds/0f4e02f1-3148-4106-9850-9963db652c57/DS-02673186-6aa4-4d2c-8d99-b14e8fbca544/container.db from cache
2023-09-12 21:06:04,721 [ForkJoinPool.commonPool-worker-0] INFO  volume.HddsVolume (HddsVolume.java:closeDbStore(453)) - SchemaV3 db is stopped at /home/runner/work/ozone/ozone/hadoop-ozone/integration-test/target/test-dir/MiniOzoneClusterImpl-0f4e02f1-3148-4106-9850-9963db652c57/datanode-4/data-0/containers/hdds/0f4e02f1-3148-4106-9850-9963db652c57/DS-02673186-6aa4-4d2c-8d99-b14e8fbca544/container.db for volume DS-02673186-6aa4-4d2c-8d99-b14e8fbca544
2023-09-12 21:06:04,722 [ForkJoinPool.commonPool-worker-0] INFO  utils.BackgroundService (BackgroundService.java:shutdown(141)) - Shutting down service BlockDeletingService
2023-09-12 21:06:04,722 [ForkJoinPool.commonPool-worker-0] INFO  utils.BackgroundService (BackgroundService.java:shutdown(141)) - Shutting down service StaleRecoveringContainerScrubbingService
2023-09-12 21:06:04,725 [ForkJoinPool.commonPool-worker-0] INFO  statemachine.DatanodeStateMachine (DatanodeStateMachine.java:stopDaemon(620)) - Ozone container server stopped.
2023-09-12 21:06:04,738 [ForkJoinPool.commonPool-worker-0] INFO  handler.ContextHandler (ContextHandler.java:doStop(1159)) - Stopped o.e.j.w.WebAppContext@5e3def9e{hddsDatanode,/,null,STOPPED}{jar:file:/home/runner/.m2/repository/org/apache/ozone/hdds-container-service/1.4.0-SNAPSHOT/hdds-container-service-1.4.0-SNAPSHOT.jar!/webapps/hddsDatanode}
2023-09-12 21:06:04,740 [ForkJoinPool.commonPool-worker-0] INFO  server.AbstractConnector (AbstractConnector.java:doStop(383)) - Stopped ServerConnector@35a9e251{HTTP/1.1, (http/1.1)}{0.0.0.0:15045}
2023-09-12 21:06:04,740 [ForkJoinPool.commonPool-worker-0] INFO  server.session (HouseKeeper.java:stopScavenging(149)) - node0 Stopped scavenging
2023-09-12 21:06:04,740 [ForkJoinPool.commonPool-worker-0] INFO  handler.ContextHandler (ContextHandler.java:doStop(1159)) - Stopped o.e.j.s.ServletContextHandler@79e12f24{static,/static,jar:file:/home/runner/.m2/repository/org/apache/ozone/hdds-container-service/1.4.0-SNAPSHOT/hdds-container-service-1.4.0-SNAPSHOT.jar!/webapps/static,STOPPED}
2023-09-12 21:06:04,741 [ForkJoinPool.commonPool-worker-0] INFO  handler.ContextHandler (ContextHandler.java:doStop(1159)) - Stopped o.e.j.s.ServletContextHandler@136e7b1c{logs,/logs,file:///home/runner/work/ozone/ozone/hadoop-ozone/integration-test/target/log,STOPPED}
2023-09-12 21:06:04,742 [ForkJoinPool.commonPool-worker-0] INFO  ozone.HddsDatanodeClientProtocolServer (HddsDatanodeClientProtocolServer.java:stop(78)) - Stopping the RPC server for Client Protocol
2023-09-12 21:06:04,742 [ForkJoinPool.commonPool-worker-0] INFO  ipc.Server (Server.java:stop(3523)) - Stopping server on 15046
2023-09-12 21:06:04,743 [IPC Server listener on 15046] INFO  ipc.Server (Server.java:run(1434)) - Stopping IPC Server listener on 15046
2023-09-12 21:06:04,744 [IPC Server Responder] INFO  ipc.Server (Server.java:run(1567)) - Stopping IPC Server Responder
2023-09-12 21:06:04,969 [ForkJoinPool.commonPool-worker-1] INFO  utils.DatanodeStoreCache (DatanodeStoreCache.java:shutdownCache(110)) - Skip clearing cache in mini cluster mode. Entries left: [/home/runner/work/ozone/ozone/hadoop-ozone/integration-test/target/test-dir/MiniOzoneClusterImpl-0f4e02f1-3148-4106-9850-9963db652c57/datanode-0/data-0/containers/hdds/0f4e02f1-3148-4106-9850-9963db652c57/DS-6e9c39e3-d216-4937-a35e-7248586fbb4e/container.db, /home/runner/work/ozone/ozone/hadoop-ozone/integration-test/target/test-dir/MiniOzoneClusterImpl-0f4e02f1-3148-4106-9850-9963db652c57/datanode-1/data-0/containers/hdds/0f4e02f1-3148-4106-9850-9963db652c57/DS-921cb8c4-9b6e-4632-bdd7-b55a472b9829/container.db, /home/runner/work/ozone/ozone/hadoop-ozone/integration-test/target/test-dir/MiniOzoneClusterImpl-0f4e02f1-3148-4106-9850-9963db652c57/datanode-2/data-0/containers/hdds/0f4e02f1-3148-4106-9850-9963db652c57/DS-48371059-6f60-4350-82a2-f38482b5f158/container.db, /home/runner/work/ozone/ozone/hadoop-ozone/integration-test/target/test-dir/MiniOzoneClusterImpl-0f4e02f1-3148-4106-9850-9963db652c57/datanode-3/data-0/containers/hdds/0f4e02f1-3148-4106-9850-9963db652c57/DS-02b871b4-ed26-4def-aed8-31c54ae5f0dd/container.db]
2023-09-12 21:06:04,973 [ForkJoinPool.commonPool-worker-1] INFO  utils.DatanodeStoreCache (DatanodeStoreCache.java:removeDB(104)) - Removed db /home/runner/work/ozone/ozone/hadoop-ozone/integration-test/target/test-dir/MiniOzoneClusterImpl-0f4e02f1-3148-4106-9850-9963db652c57/datanode-1/data-0/containers/hdds/0f4e02f1-3148-4106-9850-9963db652c57/DS-921cb8c4-9b6e-4632-bdd7-b55a472b9829/container.db from cache
2023-09-12 21:06:04,973 [ForkJoinPool.commonPool-worker-1] INFO  volume.HddsVolume (HddsVolume.java:closeDbStore(453)) - SchemaV3 db is stopped at /home/runner/work/ozone/ozone/hadoop-ozone/integration-test/target/test-dir/MiniOzoneClusterImpl-0f4e02f1-3148-4106-9850-9963db652c57/datanode-1/data-0/containers/hdds/0f4e02f1-3148-4106-9850-9963db652c57/DS-921cb8c4-9b6e-4632-bdd7-b55a472b9829/container.db for volume DS-921cb8c4-9b6e-4632-bdd7-b55a472b9829
2023-09-12 21:06:04,973 [ForkJoinPool.commonPool-worker-1] INFO  utils.BackgroundService (BackgroundService.java:shutdown(141)) - Shutting down service BlockDeletingService
2023-09-12 21:06:04,974 [ForkJoinPool.commonPool-worker-1] INFO  utils.BackgroundService (BackgroundService.java:shutdown(141)) - Shutting down service StaleRecoveringContainerScrubbingService
2023-09-12 21:06:04,975 [ForkJoinPool.commonPool-worker-1] INFO  statemachine.DatanodeStateMachine (DatanodeStateMachine.java:stopDaemon(620)) - Ozone container server stopped.
2023-09-12 21:06:04,984 [ForkJoinPool.commonPool-worker-1] INFO  handler.ContextHandler (ContextHandler.java:doStop(1159)) - Stopped o.e.j.w.WebAppContext@1573b1dc{hddsDatanode,/,null,STOPPED}{jar:file:/home/runner/.m2/repository/org/apache/ozone/hdds-container-service/1.4.0-SNAPSHOT/hdds-container-service-1.4.0-SNAPSHOT.jar!/webapps/hddsDatanode}
2023-09-12 21:06:04,985 [ForkJoinPool.commonPool-worker-1] INFO  server.AbstractConnector (AbstractConnector.java:doStop(383)) - Stopped ServerConnector@46822ffd{HTTP/1.1, (http/1.1)}{0.0.0.0:15018}
2023-09-12 21:06:04,985 [ForkJoinPool.commonPool-worker-1] INFO  server.session (HouseKeeper.java:stopScavenging(149)) - node0 Stopped scavenging
2023-09-12 21:06:04,986 [ForkJoinPool.commonPool-worker-1] INFO  handler.ContextHandler (ContextHandler.java:doStop(1159)) - Stopped o.e.j.s.ServletContextHandler@7e7e5302{static,/static,jar:file:/home/runner/.m2/repository/org/apache/ozone/hdds-container-service/1.4.0-SNAPSHOT/hdds-container-service-1.4.0-SNAPSHOT.jar!/webapps/static,STOPPED}
2023-09-12 21:06:04,987 [ForkJoinPool.commonPool-worker-1] INFO  handler.ContextHandler (ContextHandler.java:doStop(1159)) - Stopped o.e.j.s.ServletContextHandler@25254ec9{logs,/logs,file:///home/runner/work/ozone/ozone/hadoop-ozone/integration-test/target/log,STOPPED}
2023-09-12 21:06:04,988 [ForkJoinPool.commonPool-worker-1] INFO  ozone.HddsDatanodeClientProtocolServer (HddsDatanodeClientProtocolServer.java:stop(78)) - Stopping the RPC server for Client Protocol
2023-09-12 21:06:04,988 [ForkJoinPool.commonPool-worker-1] INFO  ipc.Server (Server.java:stop(3523)) - Stopping server on 15019
2023-09-12 21:06:04,989 [IPC Server listener on 15019] INFO  ipc.Server (Server.java:run(1434)) - Stopping IPC Server listener on 15019
2023-09-12 21:06:04,989 [IPC Server Responder] INFO  ipc.Server (Server.java:run(1567)) - Stopping IPC Server Responder
2023-09-12 21:06:05,072 [ForkJoinPool.commonPool-worker-3] INFO  utils.DatanodeStoreCache (DatanodeStoreCache.java:shutdownCache(110)) - Skip clearing cache in mini cluster mode. Entries left: [/home/runner/work/ozone/ozone/hadoop-ozone/integration-test/target/test-dir/MiniOzoneClusterImpl-0f4e02f1-3148-4106-9850-9963db652c57/datanode-0/data-0/containers/hdds/0f4e02f1-3148-4106-9850-9963db652c57/DS-6e9c39e3-d216-4937-a35e-7248586fbb4e/container.db, /home/runner/work/ozone/ozone/hadoop-ozone/integration-test/target/test-dir/MiniOzoneClusterImpl-0f4e02f1-3148-4106-9850-9963db652c57/datanode-2/data-0/containers/hdds/0f4e02f1-3148-4106-9850-9963db652c57/DS-48371059-6f60-4350-82a2-f38482b5f158/container.db, /home/runner/work/ozone/ozone/hadoop-ozone/integration-test/target/test-dir/MiniOzoneClusterImpl-0f4e02f1-3148-4106-9850-9963db652c57/datanode-3/data-0/containers/hdds/0f4e02f1-3148-4106-9850-9963db652c57/DS-02b871b4-ed26-4def-aed8-31c54ae5f0dd/container.db]
2023-09-12 21:06:05,073 [ForkJoinPool.commonPool-worker-3] INFO  utils.DatanodeStoreCache (DatanodeStoreCache.java:removeDB(104)) - Removed db /home/runner/work/ozone/ozone/hadoop-ozone/integration-test/target/test-dir/MiniOzoneClusterImpl-0f4e02f1-3148-4106-9850-9963db652c57/datanode-0/data-0/containers/hdds/0f4e02f1-3148-4106-9850-9963db652c57/DS-6e9c39e3-d216-4937-a35e-7248586fbb4e/container.db from cache
2023-09-12 21:06:05,073 [ForkJoinPool.commonPool-worker-3] INFO  volume.HddsVolume (HddsVolume.java:closeDbStore(453)) - SchemaV3 db is stopped at /home/runner/work/ozone/ozone/hadoop-ozone/integration-test/target/test-dir/MiniOzoneClusterImpl-0f4e02f1-3148-4106-9850-9963db652c57/datanode-0/data-0/containers/hdds/0f4e02f1-3148-4106-9850-9963db652c57/DS-6e9c39e3-d216-4937-a35e-7248586fbb4e/container.db for volume DS-6e9c39e3-d216-4937-a35e-7248586fbb4e
2023-09-12 21:06:05,074 [ForkJoinPool.commonPool-worker-3] INFO  utils.BackgroundService (BackgroundService.java:shutdown(141)) - Shutting down service BlockDeletingService
2023-09-12 21:06:05,074 [ForkJoinPool.commonPool-worker-3] INFO  utils.BackgroundService (BackgroundService.java:shutdown(141)) - Shutting down service StaleRecoveringContainerScrubbingService
2023-09-12 21:06:05,075 [ForkJoinPool.commonPool-worker-3] INFO  statemachine.DatanodeStateMachine (DatanodeStateMachine.java:stopDaemon(620)) - Ozone container server stopped.
2023-09-12 21:06:05,085 [ForkJoinPool.commonPool-worker-3] INFO  handler.ContextHandler (ContextHandler.java:doStop(1159)) - Stopped o.e.j.w.WebAppContext@38d6ad53{hddsDatanode,/,null,STOPPED}{jar:file:/home/runner/.m2/repository/org/apache/ozone/hdds-container-service/1.4.0-SNAPSHOT/hdds-container-service-1.4.0-SNAPSHOT.jar!/webapps/hddsDatanode}
2023-09-12 21:06:05,086 [ForkJoinPool.commonPool-worker-3] INFO  server.AbstractConnector (AbstractConnector.java:doStop(383)) - Stopped ServerConnector@7030c643{HTTP/1.1, (http/1.1)}{0.0.0.0:15009}
2023-09-12 21:06:05,086 [ForkJoinPool.commonPool-worker-3] INFO  server.session (HouseKeeper.java:stopScavenging(149)) - node0 Stopped scavenging
2023-09-12 21:06:05,087 [ForkJoinPool.commonPool-worker-3] INFO  handler.ContextHandler (ContextHandler.java:doStop(1159)) - Stopped o.e.j.s.ServletContextHandler@158f9814{static,/static,jar:file:/home/runner/.m2/repository/org/apache/ozone/hdds-container-service/1.4.0-SNAPSHOT/hdds-container-service-1.4.0-SNAPSHOT.jar!/webapps/static,STOPPED}
2023-09-12 21:06:05,087 [ForkJoinPool.commonPool-worker-3] INFO  handler.ContextHandler (ContextHandler.java:doStop(1159)) - Stopped o.e.j.s.ServletContextHandler@56fd8b01{logs,/logs,file:///home/runner/work/ozone/ozone/hadoop-ozone/integration-test/target/log,STOPPED}
2023-09-12 21:06:05,088 [ForkJoinPool.commonPool-worker-3] INFO  ozone.HddsDatanodeClientProtocolServer (HddsDatanodeClientProtocolServer.java:stop(78)) - Stopping the RPC server for Client Protocol
2023-09-12 21:06:05,088 [ForkJoinPool.commonPool-worker-3] INFO  ipc.Server (Server.java:stop(3523)) - Stopping server on 15010
2023-09-12 21:06:05,089 [IPC Server listener on 15010] INFO  ipc.Server (Server.java:run(1434)) - Stopping IPC Server listener on 15010
2023-09-12 21:06:05,089 [IPC Server Responder] INFO  ipc.Server (Server.java:run(1567)) - Stopping IPC Server Responder
2023-09-12 21:06:05,103 [ForkJoinPool.commonPool-worker-2] INFO  utils.DatanodeStoreCache (DatanodeStoreCache.java:shutdownCache(110)) - Skip clearing cache in mini cluster mode. Entries left: [/home/runner/work/ozone/ozone/hadoop-ozone/integration-test/target/test-dir/MiniOzoneClusterImpl-0f4e02f1-3148-4106-9850-9963db652c57/datanode-2/data-0/containers/hdds/0f4e02f1-3148-4106-9850-9963db652c57/DS-48371059-6f60-4350-82a2-f38482b5f158/container.db, /home/runner/work/ozone/ozone/hadoop-ozone/integration-test/target/test-dir/MiniOzoneClusterImpl-0f4e02f1-3148-4106-9850-9963db652c57/datanode-3/data-0/containers/hdds/0f4e02f1-3148-4106-9850-9963db652c57/DS-02b871b4-ed26-4def-aed8-31c54ae5f0dd/container.db]
2023-09-12 21:06:05,105 [ForkJoinPool.commonPool-worker-2] INFO  utils.DatanodeStoreCache (DatanodeStoreCache.java:removeDB(104)) - Removed db /home/runner/work/ozone/ozone/hadoop-ozone/integration-test/target/test-dir/MiniOzoneClusterImpl-0f4e02f1-3148-4106-9850-9963db652c57/datanode-3/data-0/containers/hdds/0f4e02f1-3148-4106-9850-9963db652c57/DS-02b871b4-ed26-4def-aed8-31c54ae5f0dd/container.db from cache
2023-09-12 21:06:05,105 [ForkJoinPool.commonPool-worker-2] INFO  volume.HddsVolume (HddsVolume.java:closeDbStore(453)) - SchemaV3 db is stopped at /home/runner/work/ozone/ozone/hadoop-ozone/integration-test/target/test-dir/MiniOzoneClusterImpl-0f4e02f1-3148-4106-9850-9963db652c57/datanode-3/data-0/containers/hdds/0f4e02f1-3148-4106-9850-9963db652c57/DS-02b871b4-ed26-4def-aed8-31c54ae5f0dd/container.db for volume DS-02b871b4-ed26-4def-aed8-31c54ae5f0dd
2023-09-12 21:06:05,106 [ForkJoinPool.commonPool-worker-2] INFO  utils.BackgroundService (BackgroundService.java:shutdown(141)) - Shutting down service BlockDeletingService
2023-09-12 21:06:05,106 [ForkJoinPool.commonPool-worker-2] INFO  utils.BackgroundService (BackgroundService.java:shutdown(141)) - Shutting down service StaleRecoveringContainerScrubbingService
2023-09-12 21:06:05,107 [ForkJoinPool.commonPool-worker-2] INFO  statemachine.DatanodeStateMachine (DatanodeStateMachine.java:stopDaemon(620)) - Ozone container server stopped.
2023-09-12 21:06:05,116 [ForkJoinPool.commonPool-worker-2] INFO  handler.ContextHandler (ContextHandler.java:doStop(1159)) - Stopped o.e.j.w.WebAppContext@1514c417{hddsDatanode,/,null,STOPPED}{jar:file:/home/runner/.m2/repository/org/apache/ozone/hdds-container-service/1.4.0-SNAPSHOT/hdds-container-service-1.4.0-SNAPSHOT.jar!/webapps/hddsDatanode}
2023-09-12 21:06:05,117 [ForkJoinPool.commonPool-worker-2] INFO  server.AbstractConnector (AbstractConnector.java:doStop(383)) - Stopped ServerConnector@7bc18838{HTTP/1.1, (http/1.1)}{0.0.0.0:15036}
2023-09-12 21:06:05,117 [ForkJoinPool.commonPool-worker-2] INFO  server.session (HouseKeeper.java:stopScavenging(149)) - node0 Stopped scavenging
2023-09-12 21:06:05,117 [ForkJoinPool.commonPool-worker-2] INFO  handler.ContextHandler (ContextHandler.java:doStop(1159)) - Stopped o.e.j.s.ServletContextHandler@1892f2ad{static,/static,jar:file:/home/runner/.m2/repository/org/apache/ozone/hdds-container-service/1.4.0-SNAPSHOT/hdds-container-service-1.4.0-SNAPSHOT.jar!/webapps/static,STOPPED}
2023-09-12 21:06:05,118 [ForkJoinPool.commonPool-worker-2] INFO  handler.ContextHandler (ContextHandler.java:doStop(1159)) - Stopped o.e.j.s.ServletContextHandler@1a8f644c{logs,/logs,file:///home/runner/work/ozone/ozone/hadoop-ozone/integration-test/target/log,STOPPED}
2023-09-12 21:06:05,119 [ForkJoinPool.commonPool-worker-2] INFO  ozone.HddsDatanodeClientProtocolServer (HddsDatanodeClientProtocolServer.java:stop(78)) - Stopping the RPC server for Client Protocol
2023-09-12 21:06:05,119 [ForkJoinPool.commonPool-worker-2] INFO  ipc.Server (Server.java:stop(3523)) - Stopping server on 15037
2023-09-12 21:06:05,119 [IPC Server listener on 15037] INFO  ipc.Server (Server.java:run(1434)) - Stopping IPC Server listener on 15037
2023-09-12 21:06:05,120 [IPC Server Responder] INFO  ipc.Server (Server.java:run(1567)) - Stopping IPC Server Responder
2023-09-12 21:06:05,249 [JUnit] INFO  utils.DatanodeStoreCache (DatanodeStoreCache.java:shutdownCache(110)) - Skip clearing cache in mini cluster mode. Entries left: [/home/runner/work/ozone/ozone/hadoop-ozone/integration-test/target/test-dir/MiniOzoneClusterImpl-0f4e02f1-3148-4106-9850-9963db652c57/datanode-2/data-0/containers/hdds/0f4e02f1-3148-4106-9850-9963db652c57/DS-48371059-6f60-4350-82a2-f38482b5f158/container.db]
2023-09-12 21:06:05,250 [JUnit] INFO  utils.DatanodeStoreCache (DatanodeStoreCache.java:removeDB(104)) - Removed db /home/runner/work/ozone/ozone/hadoop-ozone/integration-test/target/test-dir/MiniOzoneClusterImpl-0f4e02f1-3148-4106-9850-9963db652c57/datanode-2/data-0/containers/hdds/0f4e02f1-3148-4106-9850-9963db652c57/DS-48371059-6f60-4350-82a2-f38482b5f158/container.db from cache
2023-09-12 21:06:05,251 [JUnit] INFO  volume.HddsVolume (HddsVolume.java:closeDbStore(453)) - SchemaV3 db is stopped at /home/runner/work/ozone/ozone/hadoop-ozone/integration-test/target/test-dir/MiniOzoneClusterImpl-0f4e02f1-3148-4106-9850-9963db652c57/datanode-2/data-0/containers/hdds/0f4e02f1-3148-4106-9850-9963db652c57/DS-48371059-6f60-4350-82a2-f38482b5f158/container.db for volume DS-48371059-6f60-4350-82a2-f38482b5f158
2023-09-12 21:06:05,251 [JUnit] INFO  utils.BackgroundService (BackgroundService.java:shutdown(141)) - Shutting down service BlockDeletingService
2023-09-12 21:06:05,251 [JUnit] INFO  utils.BackgroundService (BackgroundService.java:shutdown(141)) - Shutting down service StaleRecoveringContainerScrubbingService
2023-09-12 21:06:05,252 [JUnit] INFO  statemachine.DatanodeStateMachine (DatanodeStateMachine.java:stopDaemon(620)) - Ozone container server stopped.
2023-09-12 21:06:05,261 [JUnit] INFO  handler.ContextHandler (ContextHandler.java:doStop(1159)) - Stopped o.e.j.w.WebAppContext@1bf093f5{hddsDatanode,/,null,STOPPED}{jar:file:/home/runner/.m2/repository/org/apache/ozone/hdds-container-service/1.4.0-SNAPSHOT/hdds-container-service-1.4.0-SNAPSHOT.jar!/webapps/hddsDatanode}
2023-09-12 21:06:05,261 [JUnit] INFO  server.AbstractConnector (AbstractConnector.java:doStop(383)) - Stopped ServerConnector@2b102cdf{HTTP/1.1, (http/1.1)}{0.0.0.0:15027}
2023-09-12 21:06:05,261 [JUnit] INFO  server.session (HouseKeeper.java:stopScavenging(149)) - node0 Stopped scavenging
2023-09-12 21:06:05,262 [JUnit] INFO  handler.ContextHandler (ContextHandler.java:doStop(1159)) - Stopped o.e.j.s.ServletContextHandler@5461b718{static,/static,jar:file:/home/runner/.m2/repository/org/apache/ozone/hdds-container-service/1.4.0-SNAPSHOT/hdds-container-service-1.4.0-SNAPSHOT.jar!/webapps/static,STOPPED}
2023-09-12 21:06:05,262 [JUnit] INFO  handler.ContextHandler (ContextHandler.java:doStop(1159)) - Stopped o.e.j.s.ServletContextHandler@5f90cbac{logs,/logs,file:///home/runner/work/ozone/ozone/hadoop-ozone/integration-test/target/log,STOPPED}
2023-09-12 21:06:05,263 [JUnit] INFO  ozone.HddsDatanodeClientProtocolServer (HddsDatanodeClientProtocolServer.java:stop(78)) - Stopping the RPC server for Client Protocol
2023-09-12 21:06:05,263 [JUnit] INFO  ipc.Server (Server.java:stop(3523)) - Stopping server on 15028
2023-09-12 21:06:05,263 [IPC Server listener on 15028] INFO  ipc.Server (Server.java:run(1434)) - Stopping IPC Server listener on 15028
2023-09-12 21:06:05,267 [IPC Server Responder] INFO  ipc.Server (Server.java:run(1567)) - Stopping IPC Server Responder
2023-09-12 21:06:05,268 [JUnit] INFO  ozone.MiniOzoneClusterImpl (MiniOzoneClusterImpl.java:stopSCM(543)) - Stopping the StorageContainerManager
2023-09-12 21:06:05,268 [JUnit] INFO  server.StorageContainerManager (StorageContainerManager.java:stop(1591)) - Container Balancer is not running.
2023-09-12 21:06:05,268 [JUnit] INFO  server.StorageContainerManager (StorageContainerManager.java:stopReplicationManager(1724)) - Stopping Replication Manager Service.
2023-09-12 21:06:05,268 [JUnit] INFO  replication.ReplicationManager (ReplicationManager.java:stop(323)) - Stopping Replication Monitor Thread.
2023-09-12 21:06:05,268 [Over Replicated Processor] WARN  replication.UnhealthyReplicationProcessor (UnhealthyReplicationProcessor.java:run(180)) - Over Replicated Processor interrupted. Exiting...
2023-09-12 21:06:05,268 [Under Replicated Processor] WARN  replication.UnhealthyReplicationProcessor (UnhealthyReplicationProcessor.java:run(180)) - Under Replicated Processor interrupted. Exiting...
2023-09-12 21:06:05,269 [JUnit] INFO  server.StorageContainerManager (StorageContainerManager.java:stop(1600)) - Stopping the Datanode Admin Monitor.
2023-09-12 21:06:05,269 [ReplicationMonitor] INFO  replication.ReplicationManager (ReplicationManager.java:run(921)) - Replication Monitor Thread is stopped
2023-09-12 21:06:05,269 [JUnit] INFO  server.StorageContainerManager (StorageContainerManager.java:stop(1607)) - Stopping datanode service RPC server
2023-09-12 21:06:05,269 [JUnit] INFO  server.SCMDatanodeProtocolServer (SCMDatanodeProtocolServer.java:stop(424)) - Stopping the RPC server for DataNodes
2023-09-12 21:06:05,269 [JUnit] INFO  ipc.Server (Server.java:stop(3523)) - Stopping server on 15002
2023-09-12 21:06:05,270 [IPC Server listener on 15002] INFO  ipc.Server (Server.java:run(1434)) - Stopping IPC Server listener on 15002
2023-09-12 21:06:05,271 [IPC Server Responder] INFO  ipc.Server (Server.java:run(1567)) - Stopping IPC Server Responder
2023-09-12 21:06:05,310 [SCM Heartbeat Processing Thread - 0] WARN  node.NodeStateManager (NodeStateManager.java:scheduleNextHealthCheck(874)) - Current Thread is interrupted, shutting down HB processing thread for Node Manager.
2023-09-12 21:06:05,311 [JUnit] INFO  server.StorageContainerManager (StorageContainerManager.java:stop(1615)) - Stopping block service RPC server
2023-09-12 21:06:05,311 [JUnit] INFO  server.SCMBlockProtocolServer (SCMBlockProtocolServer.java:stop(163)) - Stopping the RPC server for Block Protocol
2023-09-12 21:06:05,311 [JUnit] INFO  ipc.Server (Server.java:stop(3523)) - Stopping server on 15001
2023-09-12 21:06:05,312 [IPC Server listener on 15001] INFO  ipc.Server (Server.java:run(1434)) - Stopping IPC Server listener on 15001
2023-09-12 21:06:05,312 [IPC Server Responder] INFO  ipc.Server (Server.java:run(1567)) - Stopping IPC Server Responder
2023-09-12 21:06:05,313 [JUnit] INFO  server.StorageContainerManager (StorageContainerManager.java:stop(1622)) - Stopping the StorageContainerLocationProtocol RPC server
2023-09-12 21:06:05,313 [JUnit] INFO  server.SCMClientProtocolServer (SCMClientProtocolServer.java:stop(210)) - Stopping the RPC server for Client Protocol
2023-09-12 21:06:05,313 [JUnit] INFO  ipc.Server (Server.java:stop(3523)) - Stopping server on 15000
2023-09-12 21:06:05,314 [IPC Server listener on 15000] INFO  ipc.Server (Server.java:run(1434)) - Stopping IPC Server listener on 15000
2023-09-12 21:06:05,315 [IPC Server Responder] INFO  ipc.Server (Server.java:run(1567)) - Stopping IPC Server Responder
2023-09-12 21:06:05,315 [JUnit] INFO  server.StorageContainerManager (StorageContainerManager.java:stop(1629)) - Stopping Storage Container Manager HTTP server.
2023-09-12 21:06:05,316 [JUnit] INFO  handler.ContextHandler (ContextHandler.java:doStop(1159)) - Stopped o.e.j.w.WebAppContext@f28ee19{scm,/,null,STOPPED}{file:/home/runner/work/ozone/ozone/hadoop-ozone/integration-test/target/test-classes/webapps/scm}
2023-09-12 21:06:05,316 [JUnit] INFO  server.AbstractConnector (AbstractConnector.java:doStop(383)) - Stopped ServerConnector@4d305059{HTTP/1.1, (http/1.1)}{0.0.0.0:15003}
2023-09-12 21:06:05,316 [JUnit] INFO  server.session (HouseKeeper.java:stopScavenging(149)) - node0 Stopped scavenging
2023-09-12 21:06:05,316 [JUnit] INFO  handler.ContextHandler (ContextHandler.java:doStop(1159)) - Stopped o.e.j.s.ServletContextHandler@5984742f{static,/static,file:///home/runner/work/ozone/ozone/hadoop-ozone/integration-test/target/test-classes/webapps/static,STOPPED}
2023-09-12 21:06:05,316 [JUnit] INFO  handler.ContextHandler (ContextHandler.java:doStop(1159)) - Stopped o.e.j.s.ServletContextHandler@34e1c23d{logs,/logs,file:///home/runner/work/ozone/ozone/hadoop-ozone/integration-test/target/log,STOPPED}
2023-09-12 21:06:05,317 [JUnit] INFO  server.StorageContainerManager (StorageContainerManager.java:stop(1637)) - Stopping SCM LayoutVersionManager Service.
2023-09-12 21:06:05,317 [JUnit] INFO  server.StorageContainerManager (StorageContainerManager.java:stop(1649)) - Stopping Block Manager Service.
2023-09-12 21:06:05,317 [JUnit] INFO  utils.BackgroundService (BackgroundService.java:shutdown(141)) - Shutting down service SCMBlockDeletingService
2023-09-12 21:06:05,317 [JUnit] INFO  utils.BackgroundService (BackgroundService.java:shutdown(141)) - Shutting down service SCMBlockDeletingService
2023-09-12 21:06:05,318 [JUnit] INFO  server.StorageContainerManager (StorageContainerManager.java:stop(1669)) - Stopping SCM Event Queue.
2023-09-12 21:06:05,319 [JvmPauseMonitor0] INFO  util.JvmPauseMonitor (JvmPauseMonitor.java:run(109)) - JvmPauseMonitor-72558c93-6cf6-46b5-9b00-fd358b825fea: Stopped
2023-09-12 21:06:05,319 [JUnit] INFO  server.StorageContainerManager (StorageContainerManager.java:stop(1680)) - Stopping SCM HA services.
2023-09-12 21:06:05,319 [JUnit] INFO  pipeline.BackgroundPipelineCreator (BackgroundPipelineCreator.java:stop(149)) - Stopping RatisPipelineUtilsThread.
2023-09-12 21:06:05,320 [RatisPipelineUtilsThread - 0] WARN  pipeline.BackgroundPipelineCreator (BackgroundPipelineCreator.java:run(180)) - RatisPipelineUtilsThread is interrupted.
2023-09-12 21:06:05,320 [BackgroundPipelineScrubberThread] WARN  BackgroundPipelineScrubber (BackgroundSCMService.java:run(115)) - BackgroundPipelineScrubber is interrupted, exit
2023-09-12 21:06:05,320 [JUnit] INFO  BackgroundPipelineScrubber (BackgroundSCMService.java:stop(131)) - Stopping BackgroundPipelineScrubber Service.
2023-09-12 21:06:05,321 [JUnit] INFO  impl.MetricsSystemImpl (MetricsSystemImpl.java:stop(210)) - Stopping XceiverClientMetrics metrics system...
2023-09-12 21:06:05,322 [prometheus] INFO  impl.MetricsSinkAdapter (MetricsSinkAdapter.java:publishMetricsFromQueue(141)) - prometheus thread interrupted.
2023-09-12 21:06:05,322 [JUnit] INFO  impl.MetricsSystemImpl (MetricsSystemImpl.java:stop(216)) - XceiverClientMetrics metrics system stopped.
2023-09-12 21:06:05,322 [JUnit] WARN  pipeline.BackgroundPipelineCreator (BackgroundPipelineCreator.java:stop(145)) - RatisPipelineUtilsThread is not running, just ignore.
2023-09-12 21:06:05,322 [JUnit] INFO  BackgroundPipelineScrubber (BackgroundSCMService.java:stop(126)) - BackgroundPipelineScrubber Service is not running, skip stop.
2023-09-12 21:06:05,322 [ExpiredContainerReplicaOpScrubberThread] WARN  ExpiredContainerReplicaOpScrubber (BackgroundSCMService.java:run(115)) - ExpiredContainerReplicaOpScrubber is interrupted, exit
2023-09-12 21:06:05,323 [JUnit] INFO  ExpiredContainerReplicaOpScrubber (BackgroundSCMService.java:stop(131)) - Stopping ExpiredContainerReplicaOpScrubber Service.
2023-09-12 21:06:05,323 [JUnit] INFO  utils.BackgroundService (BackgroundService.java:shutdown(141)) - Shutting down service SCMBlockDeletingService
2023-09-12 21:06:05,323 [JUnit] INFO  replication.ReplicationManager (ReplicationManager.java:stop(333)) - Replication Monitor Thread is not running.
2023-09-12 21:06:05,323 [JUnit] WARN  balancer.ContainerBalancer (ContainerBalancer.java:stop(326)) - Cannot stop Container Balancer because it's not running or stopping
2023-09-12 21:06:05,323 [JUnit] INFO  server.StorageContainerManager (StorageContainerManager.java:stop(1715)) - Stopping SCM MetadataStore.
2023-09-12 21:06:05,385 [JUnit] WARN  server.ServerUtils (ServerUtils.java:getScmDbDir(155)) - ozone.scm.db.dirs is not configured. We recommend adding this setting. Falling back to ozone.metadata.dirs instead.
2023-09-12 21:06:05,388 [JUnit] WARN  server.ServerUtils (ServerUtils.java:getScmDbDir(155)) - ozone.scm.db.dirs is not configured. We recommend adding this setting. Falling back to ozone.metadata.dirs instead.
2023-09-12 21:06:05,388 [JUnit] INFO  ha.SCMHANodeDetails (SCMHANodeDetails.java:loadSCMHAConfig(210)) - ServiceID for StorageContainerManager is null
2023-09-12 21:06:05,388 [JUnit] INFO  ha.SCMHANodeDetails (SCMHANodeDetails.java:loadSCMHAConfig(215)) - ozone.scm.default.service.id is not defined, falling back to ozone.scm.service.ids to find serviceID for StorageContainerManager if it is HA enabled cluster
2023-09-12 21:06:05,389 [JUnit] WARN  utils.HAUtils (HAUtils.java:getMetaDir(339)) - ozone.scm.db.dirs is not configured. We recommend adding this setting. Falling back to ozone.metadata.dirs instead.
2023-09-12 21:06:05,389 [JUnit] WARN  db.DBStoreBuilder (DBStoreBuilder.java:applyDBDefinition(166)) - ozone.scm.db.dirs is not configured. We recommend adding this setting. Falling back to ozone.metadata.dirs instead.
2023-09-12 21:06:05,546 [JUnit] INFO  net.NodeSchemaLoader (NodeSchemaLoader.java:loadSchemaFromFile(129)) - Loading schema from [jar:file:/home/runner/.m2/repository/org/apache/ozone/hdds-common/1.4.0-SNAPSHOT/hdds-common-1.4.0-SNAPSHOT.jar!/network-topology-default.xml]
2023-09-12 21:06:05,546 [JUnit] INFO  net.NodeSchemaLoader (NodeSchemaLoader.java:loadSchema(176)) - Loading network topology layer schema file
2023-09-12 21:06:05,549 [JUnit] INFO  upgrade.AbstractLayoutVersionManager (AbstractLayoutVersionManager.java:init(83)) - Initializing Layout version manager with metadata layout = HADOOP_PRC_PORTS_IN_DATANODEDETAILS (version = 7), software layout = HADOOP_PRC_PORTS_IN_DATANODEDETAILS (version = 7)
2023-09-12 21:06:05,550 [JUnit] INFO  ha.SequenceIdGenerator (SequenceIdGenerator.java:upgradeToSequenceId(365)) - upgrade localId to 111677748019200000
2023-09-12 21:06:05,551 [JUnit] INFO  ha.SequenceIdGenerator (SequenceIdGenerator.java:upgradeToSequenceId(375)) - upgrade delTxnId to 0
2023-09-12 21:06:05,551 [JUnit] INFO  ha.SequenceIdGenerator (SequenceIdGenerator.java:upgradeToSequenceId(392)) - upgrade containerId to 0
2023-09-12 21:06:05,552 [JUnit] INFO  ha.SequenceIdGenerator (SequenceIdGenerator.java:upgradeToSequenceId(428)) - upgrade rootCertificateId to 1
2023-09-12 21:06:05,552 [JUnit] INFO  ha.SequenceIdGenerator (SequenceIdGenerator.java:<init>(236)) - Init the HA SequenceIdGenerator.
2023-09-12 21:06:05,552 [JUnit] WARN  server.ServerUtils (ServerUtils.java:sanitizeUserArgs(80)) - ozone.scm.stale.node.interval value = 300000 is larger than max = 100000 based on the key value of ozone.scm.heartbeat.thread.interval, reset to the max value 100000.
2023-09-12 21:06:05,552 [JUnit] WARN  server.ServerUtils (ServerUtils.java:sanitizeUserArgs(80)) - ozone.scm.stale.node.interval value = 300000 is larger than max = 100000 based on the key value of ozone.scm.heartbeat.thread.interval, reset to the max value 100000.
2023-09-12 21:06:05,552 [JUnit] INFO  node.SCMNodeManager (SCMNodeManager.java:<init>(157)) - Entering startup safe mode.
2023-09-12 21:06:05,553 [JUnit] INFO  algorithms.ContainerPlacementPolicyFactory (ContainerPlacementPolicyFactory.java:getPolicyInternal(86)) - Create container placement policy of type org.apache.hadoop.hdds.scm.container.placement.algorithms.SCMContainerPlacementRackAware
2023-09-12 21:06:05,553 [JUnit] INFO  algorithms.ContainerPlacementPolicyFactory (ContainerPlacementPolicyFactory.java:getPolicyInternal(86)) - Create container placement policy of type org.apache.hadoop.hdds.scm.container.placement.algorithms.SCMContainerPlacementRackScatter
2023-09-12 21:06:05,553 [JUnit] INFO  pipeline.PipelineStateManagerImpl (PipelineStateManagerImpl.java:initialize(78)) - No pipeline exists in current db
2023-09-12 21:06:05,553 [JUnit] INFO  algorithms.LeaderChoosePolicyFactory (LeaderChoosePolicyFactory.java:getPolicy(57)) - Create leader choose policy of type org.apache.hadoop.hdds.scm.pipeline.leader.choose.algorithms.MinLeaderCountChoosePolicy
2023-09-12 21:06:05,553 [JUnit] INFO  algorithms.ContainerPlacementPolicyFactory (ContainerPlacementPolicyFactory.java:getPolicyInternal(86)) - Create container placement policy of type org.apache.hadoop.hdds.scm.container.placement.algorithms.SCMContainerPlacementRackScatter
2023-09-12 21:06:05,553 [JUnit] INFO  ha.SCMServiceManager (SCMServiceManager.java:register(42)) - Registering service BackgroundPipelineCreator.
2023-09-12 21:06:05,553 [JUnit] INFO  pipeline.BackgroundPipelineCreator (BackgroundPipelineCreator.java:start(124)) - Starting RatisPipelineUtilsThread.
2023-09-12 21:06:05,554 [JUnit] INFO  BackgroundPipelineScrubber (BackgroundSCMService.java:start(68)) - Starting BackgroundPipelineScrubber Service.
2023-09-12 21:06:05,556 [JUnit] INFO  ha.SCMServiceManager (SCMServiceManager.java:register(42)) - Registering service BackgroundPipelineScrubber.
2023-09-12 21:06:05,556 [JUnit] INFO  ExpiredContainerReplicaOpScrubber (BackgroundSCMService.java:start(68)) - Starting ExpiredContainerReplicaOpScrubber Service.
2023-09-12 21:06:05,557 [JUnit] INFO  ha.SCMServiceManager (SCMServiceManager.java:register(42)) - Registering service ExpiredContainerReplicaOpScrubber.
2023-09-12 21:06:05,558 [JUnit] INFO  algorithms.PipelineChoosePolicyFactory (PipelineChoosePolicyFactory.java:createPipelineChoosePolicyFromClass(78)) - Create pipeline choose policy of type org.apache.hadoop.hdds.scm.pipeline.choose.algorithms.RandomPipelineChoosePolicy
2023-09-12 21:06:05,558 [JUnit] INFO  algorithms.PipelineChoosePolicyFactory (PipelineChoosePolicyFactory.java:createPipelineChoosePolicyFromClass(78)) - Create pipeline choose policy of type org.apache.hadoop.hdds.scm.pipeline.choose.algorithms.RandomPipelineChoosePolicy
2023-09-12 21:06:05,558 [JUnit] INFO  ha.SCMServiceManager (SCMServiceManager.java:register(42)) - Registering service SCMBlockDeletingService.
2023-09-12 21:06:05,559 [JUnit] INFO  replication.ReplicationManager (ReplicationManager.java:start(291)) - Starting Replication Monitor Thread.
2023-09-12 21:06:05,563 [JUnit] INFO  ha.SCMServiceManager (SCMServiceManager.java:register(42)) - Registering service ReplicationManager.
2023-09-12 21:06:05,563 [JUnit] INFO  safemode.ContainerSafeModeRule (ContainerSafeModeRule.java:<init>(90)) - containers with one replica threshold count 0
2023-09-12 21:06:05,563 [JUnit] INFO  safemode.HealthyPipelineSafeModeRule (HealthyPipelineSafeModeRule.java:initializeRule(169)) - Total pipeline count is 0, healthy pipeline threshold count is 1
2023-09-12 21:06:05,563 [JUnit] INFO  safemode.OneReplicaPipelineSafeModeRule (OneReplicaPipelineSafeModeRule.java:initializeRule(180)) - Total pipeline count is 0, pipeline's with at least one datanode reported threshold count is 0
2023-09-12 21:06:05,564 [JUnit] INFO  server.StorageContainerManager (StorageContainerManager.java:<init>(425)) - SCM start with adminUsers: [runner]
2023-09-12 21:06:05,564 [JUnit] INFO  ipc.CallQueueManager (CallQueueManager.java:<init>(90)) - Using callQueue: class java.util.concurrent.LinkedBlockingQueue, queueCapacity: 2000, scheduler: class org.apache.hadoop.ipc.DefaultRpcScheduler, ipcBackoff: false.
2023-09-12 21:06:05,564 [JUnit] INFO  ipc.Server (Server.java:<init>(1287)) - Listener at 0.0.0.0:15055
2023-09-12 21:06:05,565 [ReplicationMonitor] INFO  replication.ReplicationManager (ReplicationManager.java:processAll(365)) - Replication Manager is not ready to run until 3000ms after safemode exit
2023-09-12 21:06:05,565 [Socket Reader #1 for port 15055] INFO  ipc.Server (Server.java:run(1323)) - Starting Socket Reader #1 for port 15055
2023-09-12 21:06:05,566 [JUnit] INFO  ipc.CallQueueManager (CallQueueManager.java:<init>(90)) - Using callQueue: class java.util.concurrent.LinkedBlockingQueue, queueCapacity: 2000, scheduler: class org.apache.hadoop.ipc.DefaultRpcScheduler, ipcBackoff: false.
2023-09-12 21:06:05,566 [JUnit] INFO  ipc.Server (Server.java:<init>(1287)) - Listener at 0.0.0.0:15054
2023-09-12 21:06:05,567 [Socket Reader #1 for port 15054] INFO  ipc.Server (Server.java:run(1323)) - Starting Socket Reader #1 for port 15054
2023-09-12 21:06:05,569 [JUnit] INFO  ipc.CallQueueManager (CallQueueManager.java:<init>(90)) - Using callQueue: class java.util.concurrent.LinkedBlockingQueue, queueCapacity: 2000, scheduler: class org.apache.hadoop.ipc.DefaultRpcScheduler, ipcBackoff: false.
2023-09-12 21:06:05,569 [JUnit] INFO  ipc.Server (Server.java:<init>(1287)) - Listener at 0.0.0.0:15053
2023-09-12 21:06:05,571 [Socket Reader #1 for port 15053] INFO  ipc.Server (Server.java:run(1323)) - Starting Socket Reader #1 for port 15053
2023-09-12 21:06:05,580 [JUnit] INFO  ha.SCMServiceManager (SCMServiceManager.java:register(42)) - Registering service ContainerBalancer.
2023-09-12 21:06:05,580 [JUnit] INFO  server.StorageContainerManager (StorageContainerManager.java:<init>(438)) - 
Container Balancer status:
Key                            Value
Running                        false
Container Balancer Configuration values:
Key                                                Value
Threshold                                          10
Max Datanodes to Involve per Iteration(percent)    20
Max Size to Move per Iteration                     500GB
Max Size Entering Target per Iteration             26GB
Max Size Leaving Source per Iteration              26GB

2023-09-12 21:06:05,580 [JUnit] INFO  ha.SCMContext (SCMContext.java:updateSafeModeStatus(228)) - Update SafeModeStatus from SafeModeStatus{safeModeStatus=true, preCheckPassed=false} to SafeModeStatus{safeModeStatus=true, preCheckPassed=false}.
2023-09-12 21:06:05,580 [JUnit] INFO  server.StorageContainerManager (StorageContainerManager.java:start(1483)) - StorageContainerLocationProtocol RPC server is listening at /0.0.0.0:15053
2023-09-12 21:06:05,581 [JUnit] WARN  impl.MetricsConfig (MetricsConfig.java:loadFirst(136)) - Cannot locate configuration: tried hadoop-metrics2-storagecontainermanager.properties,hadoop-metrics2.properties
2023-09-12 21:06:05,587 [JUnit] INFO  impl.MetricsSystemImpl (MetricsSystemImpl.java:startTimer(378)) - Scheduled Metric snapshot period at 10 second(s).
2023-09-12 21:06:05,587 [JUnit] INFO  impl.MetricsSystemImpl (MetricsSystemImpl.java:start(191)) - StorageContainerManager metrics system started
2023-09-12 21:06:05,595 [JUnit] INFO  impl.MetricsSinkAdapter (MetricsSinkAdapter.java:start(204)) - Sink prometheus started
2023-09-12 21:06:05,595 [JUnit] INFO  impl.MetricsSystemImpl (MetricsSystemImpl.java:registerSink(305)) - Registered sink prometheus
2023-09-12 21:06:05,620 [JUnit] INFO  server.SCMClientProtocolServer (SCMClientProtocolServer.java:start(201)) - RPC server for Client  is listening at /0.0.0.0:15053
2023-09-12 21:06:05,621 [IPC Server Responder] INFO  ipc.Server (Server.java:run(1562)) - IPC Server Responder: starting
2023-09-12 21:06:05,621 [IPC Server listener on 15053] INFO  ipc.Server (Server.java:run(1402)) - IPC Server listener on 15053: starting
2023-09-12 21:06:05,623 [JUnit] INFO  server.StorageContainerManager (StorageContainerManager.java:start(1496)) - ScmBlockLocationProtocol RPC server is listening at /0.0.0.0:15054
2023-09-12 21:06:05,623 [JUnit] INFO  server.SCMBlockProtocolServer (SCMBlockProtocolServer.java:start(154)) - RPC server for Block Protocol is listening at /0.0.0.0:15054
2023-09-12 21:06:05,624 [IPC Server Responder] INFO  ipc.Server (Server.java:run(1562)) - IPC Server Responder: starting
2023-09-12 21:06:05,624 [IPC Server listener on 15054] INFO  ipc.Server (Server.java:run(1402)) - IPC Server listener on 15054: starting
2023-09-12 21:06:05,626 [JUnit] INFO  server.SCMDatanodeProtocolServer (SCMDatanodeProtocolServer.java:start(193)) - ScmDatanodeProtocol RPC server for DataNodes is listening at /0.0.0.0:15055
2023-09-12 21:06:05,626 [IPC Server Responder] INFO  ipc.Server (Server.java:run(1562)) - IPC Server Responder: starting
2023-09-12 21:06:05,627 [IPC Server listener on 15055] INFO  ipc.Server (Server.java:run(1402)) - IPC Server listener on 15055: starting
2023-09-12 21:06:05,635 [JUnit] INFO  http.BaseHttpServer (BaseHttpServer.java:newHttpServer2BuilderForOzone(223)) - Starting Web-server for scm at: http://0.0.0.0:15056
2023-09-12 21:06:05,635 [JUnit] INFO  http.BaseHttpServer (BaseHttpServer.java:<init>(110)) - Hadoop Security Enabled: false Ozone Security Enabled: false Ozone HTTP Security Enabled: false 
2023-09-12 21:06:05,636 [JUnit] WARN  server.AuthenticationFilter (AuthenticationFilter.java:constructSecretProvider(240)) - Unable to initialize FileSignerSecretProvider, falling back to use random secrets. Reason: Could not read signature secret file: /home/runner/hadoop-http-auth-signature-secret
2023-09-12 21:06:05,636 [JvmPauseMonitor7] INFO  util.JvmPauseMonitor (JvmPauseMonitor.java:run(103)) - JvmPauseMonitor-64f6507d-6eb6-4fb4-b432-43d2ab219201: Started
2023-09-12 21:06:05,636 [JUnit] INFO  http.HttpRequestLog (HttpRequestLog.java:getRequestLog(86)) - Http request log for http.requests.scm is not defined
2023-09-12 21:06:05,638 [JUnit] INFO  http.HttpServer2 (HttpServer2.java:addGlobalFilter(1031)) - Added global filter 'safety' (class=org.apache.hadoop.hdds.server.http.HttpServer2$QuotingInputFilter)
2023-09-12 21:06:05,638 [JUnit] INFO  http.HttpServer2 (HttpServer2.java:addFilter(1007)) - Added filter static_user_filter (class=org.apache.hadoop.http.lib.StaticUserWebFilter$StaticUserFilter) to context scm
2023-09-12 21:06:05,639 [JUnit] INFO  http.HttpServer2 (HttpServer2.java:addFilter(1015)) - Added filter static_user_filter (class=org.apache.hadoop.http.lib.StaticUserWebFilter$StaticUserFilter) to context static
2023-09-12 21:06:05,639 [JUnit] INFO  http.HttpServer2 (HttpServer2.java:addFilter(1015)) - Added filter static_user_filter (class=org.apache.hadoop.http.lib.StaticUserWebFilter$StaticUserFilter) to context logs
2023-09-12 21:06:05,639 [JUnit] INFO  http.BaseHttpServer (BaseHttpServer.java:<init>(189)) - HTTP server of scm uses base directory /home/runner/work/ozone/ozone/hadoop-ozone/integration-test/target/test-dir/MiniOzoneClusterImpl-b2199f83-407c-4d6c-939a-90a6ee7b9086/ozone-meta/webserver
2023-09-12 21:06:05,639 [JUnit] INFO  http.HttpServer2 (HttpServer2.java:bindListener(1231)) - Jetty bound to port 15056
2023-09-12 21:06:05,639 [JUnit] INFO  server.Server (Server.java:doStart(375)) - jetty-9.4.51.v20230217; built: 2023-02-17T08:19:37.309Z; git: b45c405e4544384de066f814ed42ae3dceacdd49; jvm 1.8.0_382-b05
2023-09-12 21:06:05,645 [JUnit] INFO  server.session (DefaultSessionIdManager.java:doStart(334)) - DefaultSessionIdManager workerName=node0
2023-09-12 21:06:05,645 [JUnit] INFO  server.session (DefaultSessionIdManager.java:doStart(339)) - No SessionScavenger set, using defaults
2023-09-12 21:06:05,646 [JUnit] INFO  server.session (HouseKeeper.java:startScavenging(132)) - node0 Scavenging every 660000ms
2023-09-12 21:06:05,647 [JUnit] INFO  handler.ContextHandler (ContextHandler.java:doStart(921)) - Started o.e.j.s.ServletContextHandler@73328c29{logs,/logs,file:///home/runner/work/ozone/ozone/hadoop-ozone/integration-test/target/log,AVAILABLE}
2023-09-12 21:06:05,647 [JUnit] INFO  handler.ContextHandler (ContextHandler.java:doStart(921)) - Started o.e.j.s.ServletContextHandler@2f079444{static,/static,file:///home/runner/work/ozone/ozone/hadoop-ozone/integration-test/target/test-classes/webapps/static,AVAILABLE}
2023-09-12 21:06:05,650 [JUnit] INFO  handler.ContextHandler (ContextHandler.java:doStart(921)) - Started o.e.j.w.WebAppContext@111eae09{scm,/,file:///home/runner/work/ozone/ozone/hadoop-ozone/integration-test/target/test-classes/webapps/scm/,AVAILABLE}{file:/home/runner/work/ozone/ozone/hadoop-ozone/integration-test/target/test-classes/webapps/scm}
2023-09-12 21:06:05,651 [JUnit] INFO  server.AbstractConnector (AbstractConnector.java:doStart(333)) - Started ServerConnector@10e867cd{HTTP/1.1, (http/1.1)}{0.0.0.0:15056}
2023-09-12 21:06:05,651 [JUnit] INFO  server.Server (Server.java:doStart(415)) - Started @30725ms
2023-09-12 21:06:05,651 [JUnit] WARN  impl.MetricsSystemImpl (MetricsSystemImpl.java:register(279)) - Sink prometheus already exists!
2023-09-12 21:06:05,652 [JUnit] INFO  http.BaseHttpServer (BaseHttpServer.java:updateConnectorAddress(354)) - HTTP server of scm listening at http://0.0.0.0:15056
2023-09-12 21:06:05,652 [JUnit] WARN  server.ServerUtils (ServerUtils.java:getDBPath(311)) - ozone.om.db.dirs is not configured. We recommend adding this setting. Falling back to ozone.metadata.dirs instead.
2023-09-12 21:06:05,654 [JUnit] INFO  ha.OMHANodeDetails (OMHANodeDetails.java:loadOMHAConfig(115)) - ozone.om.internal.service.id is not defined, falling back to ozone.om.service.ids to find serviceID for OzoneManager if it is HA enabled cluster
2023-09-12 21:06:05,654 [JUnit] INFO  ha.OMHANodeDetails (OMHANodeDetails.java:loadOMHAConfig(226)) - Configuration does not have ozone.om.address set. Falling back to the default OM address /127.0.0.1:15057
2023-09-12 21:06:05,654 [JUnit] INFO  ha.OMHANodeDetails (OMHANodeDetails.java:getOMNodeDetailsForNonHA(254)) - OM Service ID is not set. Setting it to the default ID: omServiceIdDefault
2023-09-12 21:06:05,654 [JUnit] INFO  ha.OMHANodeDetails (OMHANodeDetails.java:getOMNodeDetailsForNonHA(261)) - OM Node ID is not set. Setting it to the default ID: om1
2023-09-12 21:06:05,655 [JUnit] WARN  server.ServerUtils (ServerUtils.java:getDBPath(311)) - ozone.om.db.dirs is not configured. We recommend adding this setting. Falling back to ozone.metadata.dirs instead.
2023-09-12 21:06:05,656 [JUnit] INFO  upgrade.AbstractLayoutVersionManager (AbstractLayoutVersionManager.java:init(83)) - Initializing Layout version manager with metadata layout = QUOTA (version = 6), software layout = QUOTA (version = 6)
2023-09-12 21:06:05,735 [JUnit] INFO  reflections.Reflections (Reflections.java:scan(232)) - Reflections took 78 ms to scan 2 urls, producing 187 keys and 515 values [using 2 cores]
2023-09-12 21:06:05,735 [JUnit] INFO  upgrade.OMLayoutVersionManager (OMLayoutVersionManager.java:lambda$0(115)) - Skipping Upgrade Action QuotaRepairUpgradeAction since it has been finalized.
2023-09-12 21:06:05,735 [JUnit] INFO  upgrade.OMLayoutVersionManager (OMLayoutVersionManager.java:lambda$0(115)) - Skipping Upgrade Action MockOmUpgradeAction since it has been finalized.
2023-09-12 21:06:05,736 [JUnit] WARN  server.ServerUtils (ServerUtils.java:getDBPath(311)) - ozone.om.db.dirs is not configured. We recommend adding this setting. Falling back to ozone.metadata.dirs instead.
2023-09-12 21:06:05,736 [JUnit] INFO  proxy.SCMBlockLocationFailoverProxyProvider (SCMBlockLocationFailoverProxyProvider.java:<init>(114)) - Created block location fail-over proxy with 1 nodes: [nodeId=scmNodeId,nodeAddress=/0.0.0.0:15054]
2023-09-12 21:06:05,737 [JUnit] INFO  proxy.SCMBlockLocationFailoverProxyProvider (SCMBlockLocationFailoverProxyProvider.java:<init>(114)) - Created block location fail-over proxy with 1 nodes: [nodeId=scmNodeId,nodeAddress=/0.0.0.0:15054]
2023-09-12 21:06:05,748 [JUnit] INFO  om.OzoneManager (OzoneManager.java:<init>(665)) - OM start with adminUsers: [runner]
2023-09-12 21:06:05,749 [JUnit] WARN  server.ServerUtils (ServerUtils.java:getDBPath(311)) - ozone.om.db.dirs is not configured. We recommend adding this setting. Falling back to ozone.metadata.dirs instead.
2023-09-12 21:06:05,750 [JUnit] INFO  helpers.OmKeyInfo (OmKeyInfo.java:getCodec(71)) - OmKeyInfo.getCodec ignorePipeline = true
2023-09-12 21:06:05,936 [JUnit] INFO  om.OzoneManager (OzoneManager.java:instantiateServices(794)) - S3 Multi-Tenancy is disabled
2023-09-12 21:06:05,937 [JUnit] INFO  om.OmSnapshotManager (OmSnapshotManager.java:<init>(174)) - Ozone filesystem snapshot feature is enabled.
2023-09-12 21:06:05,937 [JUnit] WARN  server.ServerUtils (ServerUtils.java:getDBPath(311)) - ozone.om.snapshot.diff.db.dir is not configured. We recommend adding this setting. Falling back to ozone.metadata.dirs instead.
2023-09-12 21:06:05,962 [JUnit] INFO  snapshot.SnapshotDiffManager (SnapshotDiffManager.java:closeExecutorService(1706)) - Shutting down executorService: 'SstDumpToolExecutor'
2023-09-12 21:06:05,963 [JUnit] INFO  om.OzoneManager (OzoneManager.java:addS3GVolumeToDB(4302)) - Created Volume s3v With Owner runner required for S3Gateway operations.
2023-09-12 21:06:05,964 [JUnit] WARN  server.ServerUtils (ServerUtils.java:getDefaultRatisDirectory(323)) - Storage directory for Ratis is not configured. It is a good idea to map this to an SSD disk. Falling back to ozone.metadata.dirs
2023-09-12 21:06:05,964 [JUnit] WARN  utils.OzoneManagerRatisUtils (OzoneManagerRatisUtils.java:getOMRatisSnapshotDirectory(464)) - ozone.om.ratis.snapshot.dir is not configured. Falling back to ozone.metadata.dirs config
2023-09-12 21:06:05,964 [JUnit] WARN  server.ServerUtils (ServerUtils.java:getDefaultRatisDirectory(323)) - Storage directory for Ratis is not configured. It is a good idea to map this to an SSD disk. Falling back to ozone.metadata.dirs
2023-09-12 21:06:05,965 [JUnit] INFO  ratis.OzoneManagerRatisServer (OzoneManagerRatisServer.java:<init>(163)) - Instantiating OM Ratis server with groupID: omServiceIdDefault and peers: localhost:15060
2023-09-12 21:06:05,965 [JUnit] INFO  ratis.OzoneManagerStateMachine (OzoneManagerStateMachine.java:loadSnapshotInfoFromDB(687)) - LastAppliedIndex is set from TransactionInfo from OM DB as (t:0, i:~)
2023-09-12 21:06:05,966 [JUnit] INFO  server.RaftServer (ConfUtils.java:logGet(46)) - raft.rpc.type = GRPC (default)
2023-09-12 21:06:05,967 [JUnit] INFO  grpc.GrpcConfigKeys (ConfUtils.java:logFallback(53)) - raft.grpc.admin.host = null (fallback to raft.grpc.server.host)
2023-09-12 21:06:05,967 [JUnit] INFO  grpc.GrpcConfigKeys (ConfUtils.java:logFallback(53)) - raft.grpc.admin.port = 15060 (fallback to raft.grpc.server.port)
2023-09-12 21:06:05,967 [JUnit] INFO  grpc.GrpcConfigKeys (ConfUtils.java:logFallback(53)) - raft.grpc.client.host = null (fallback to raft.grpc.server.host)
2023-09-12 21:06:05,967 [JUnit] INFO  grpc.GrpcConfigKeys (ConfUtils.java:logFallback(53)) - raft.grpc.client.port = 15060 (fallback to raft.grpc.server.port)
2023-09-12 21:06:05,967 [JUnit] INFO  grpc.GrpcConfigKeys (ConfUtils.java:logGet(46)) - raft.grpc.server.host = null (default)
2023-09-12 21:06:05,967 [JUnit] INFO  grpc.GrpcConfigKeys (ConfUtils.java:logGet(46)) - raft.grpc.server.port = 15060 (custom)
2023-09-12 21:06:05,967 [JUnit] INFO  server.GrpcService (ConfUtils.java:logGet(46)) - raft.grpc.message.size.max = 33554432 (custom)
2023-09-12 21:06:05,967 [JUnit] INFO  server.RaftServerConfigKeys (ConfUtils.java:logGet(46)) - raft.server.log.appender.buffer.byte-limit = 33554432 (custom)
2023-09-12 21:06:05,967 [JUnit] INFO  server.GrpcService (ConfUtils.java:logGet(46)) - raft.grpc.flow.control.window = 1MB (=1048576) (default)
2023-09-12 21:06:05,968 [JUnit] INFO  server.RaftServerConfigKeys (ConfUtils.java:logGet(46)) - raft.server.rpc.request.timeout = 3000ms (default)
2023-09-12 21:06:05,968 [JUnit] INFO  grpc.GrpcConfigKeys (ConfUtils.java:logGet(46)) - raft.grpc.server.heartbeat.channel = true (default)
2023-09-12 21:06:05,968 [JUnit] INFO  grpc.GrpcConfigKeys (ConfUtils.java:logGet(46)) - raft.grpc.server.async.request.thread.pool.cached = true (default)
2023-09-12 21:06:05,968 [JUnit] INFO  grpc.GrpcConfigKeys (ConfUtils.java:logGet(46)) - raft.grpc.server.async.request.thread.pool.size = 32 (default)
2023-09-12 21:06:05,969 [JUnit] INFO  impl.DataStreamServerImpl (ConfUtils.java:logGet(46)) - raft.datastream.type = DISABLED (default)
2023-09-12 21:06:05,969 [JUnit] INFO  server.RaftServerConfigKeys (ConfUtils.java:logGet(46)) - raft.server.threadpool.proxy.cached = true (default)
2023-09-12 21:06:05,969 [JUnit] INFO  server.RaftServerConfigKeys (ConfUtils.java:logGet(46)) - raft.server.threadpool.proxy.size = 0 (default)
2023-09-12 21:06:05,969 [JUnit] INFO  server.RaftServerConfigKeys (ConfUtils.java:logGet(46)) - raft.server.rpc.slowness.timeout = 120s (custom)
2023-09-12 21:06:05,969 [JUnit] INFO  server.RaftServerConfigKeys (ConfUtils.java:logGet(46)) - raft.server.leaderelection.leader.step-down.wait-time = 10s (default)
2023-09-12 21:06:05,969 [JUnit] INFO  server.RaftServerConfigKeys (ConfUtils.java:logGet(46)) - raft.server.storage.dir = [/home/runner/work/ozone/ozone/hadoop-ozone/integration-test/target/test-dir/MiniOzoneClusterImpl-b2199f83-407c-4d6c-939a-90a6ee7b9086/ozone-meta/ratis] (custom)
2023-09-12 21:06:05,971 [JUnit] INFO  server.RaftServer (RaftServerProxy.java:addNew(98)) - om1: addNew group-C5BA1605619E:[om1|rpc:localhost:15060|priority:0|startupRole:FOLLOWER] returns group-C5BA1605619E:java.util.concurrent.CompletableFuture@72d3c143[Not completed]
2023-09-12 21:06:05,971 [JUnit] INFO  om.OzoneManager (OzoneManager.java:initializeRatisServer(2145)) - OzoneManager Ratis server initialized at port 15060
2023-09-12 21:06:05,971 [JUnit] INFO  om.OzoneManager (OzoneManager.java:getRpcServer(1196)) - Creating RPC Server
2023-09-12 21:06:05,975 [om1-groupManagement] INFO  server.RaftServer$Division (RaftServerImpl.java:<init>(198)) - om1: new RaftServerImpl for group-C5BA1605619E:[om1|rpc:localhost:15060|priority:0|startupRole:FOLLOWER] with OzoneManagerStateMachine:uninitialized
2023-09-12 21:06:05,975 [om1-groupManagement] INFO  server.RaftServerConfigKeys (ConfUtils.java:logGet(46)) - raft.server.rpc.timeout.min = 1s (custom)
2023-09-12 21:06:05,975 [om1-groupManagement] INFO  server.RaftServerConfigKeys (ConfUtils.java:logGet(46)) - raft.server.rpc.timeout.max = 1200ms (custom)
2023-09-12 21:06:05,975 [om1-groupManagement] INFO  server.RaftServerConfigKeys (ConfUtils.java:logGet(46)) - raft.server.rpc.sleep.time = 25ms (default)
2023-09-12 21:06:05,975 [om1-groupManagement] INFO  server.RaftServerConfigKeys (ConfUtils.java:logGet(46)) - raft.server.rpc.slowness.timeout = 120s (custom)
2023-09-12 21:06:05,975 [om1-groupManagement] INFO  server.RaftServerConfigKeys (ConfUtils.java:logGet(46)) - raft.server.leaderelection.leader.step-down.wait-time = 10s (default)
2023-09-12 21:06:05,975 [om1-groupManagement] INFO  server.RaftServerConfigKeys (ConfUtils.java:logGet(46)) - raft.server.sleep.deviation.threshold = 300ms (default)
2023-09-12 21:06:05,975 [om1-groupManagement] INFO  server.RaftServer$Division (ServerState.java:<init>(120)) - om1@group-C5BA1605619E: ConfigurationManager, init=-1: peers:[om1|rpc:localhost:15060|priority:0|startupRole:FOLLOWER]|listeners:[], old=null, confs=<EMPTY_MAP>
2023-09-12 21:06:05,975 [om1-groupManagement] INFO  server.RaftServerConfigKeys (ConfUtils.java:logGet(46)) - raft.server.storage.dir = [/home/runner/work/ozone/ozone/hadoop-ozone/integration-test/target/test-dir/MiniOzoneClusterImpl-b2199f83-407c-4d6c-939a-90a6ee7b9086/ozone-meta/ratis] (custom)
2023-09-12 21:06:05,975 [om1-groupManagement] INFO  server.RaftServerConfigKeys (ConfUtils.java:logGet(46)) - raft.server.log.corruption.policy = EXCEPTION (default)
2023-09-12 21:06:05,975 [om1-groupManagement] INFO  server.RaftServerConfigKeys (ConfUtils.java:logGet(46)) - raft.server.storage.free-space.min = 0MB (=0) (default)
2023-09-12 21:06:05,975 [om1-groupManagement] INFO  server.RaftServerConfigKeys (ConfUtils.java:logGet(46)) - raft.server.notification.no-leader.timeout = 120s (custom)
2023-09-12 21:06:05,975 [om1-groupManagement] INFO  server.RaftServerConfigKeys (ConfUtils.java:logGet(46)) - raft.server.read.timeout = 10s (default)
2023-09-12 21:06:05,975 [om1-groupManagement] INFO  server.RaftServerConfigKeys (ConfUtils.java:logGet(46)) - raft.server.retrycache.expirytime = 300s (custom)
2023-09-12 21:06:05,975 [om1-groupManagement] INFO  server.RaftServerConfigKeys (ConfUtils.java:logGet(46)) - raft.server.retrycache.statistics.expirytime = 100μs (default)
2023-09-12 21:06:05,976 [om1-groupManagement] INFO  server.RaftServerConfigKeys (ConfUtils.java:logGet(46)) - raft.server.read.option = DEFAULT (default)
2023-09-12 21:06:05,976 [om1-groupManagement] INFO  server.RaftServerConfigKeys (ConfUtils.java:logGet(46)) - raft.server.rpc.request.timeout = 3000ms (default)
2023-09-12 21:06:05,976 [om1-groupManagement] INFO  server.RaftServerConfigKeys (ConfUtils.java:logGet(46)) - raft.server.log.appender.install.snapshot.enabled = false (custom)
2023-09-12 21:06:05,977 [om1-groupManagement] INFO  server.RaftServerConfigKeys (ConfUtils.java:logGet(46)) - raft.server.threadpool.server.cached = true (default)
2023-09-12 21:06:05,977 [om1-groupManagement] INFO  server.RaftServerConfigKeys (ConfUtils.java:logGet(46)) - raft.server.threadpool.server.size = 0 (default)
2023-09-12 21:06:05,977 [om1-groupManagement] INFO  server.RaftServerConfigKeys (ConfUtils.java:logGet(46)) - raft.server.threadpool.client.cached = true (default)
2023-09-12 21:06:05,977 [om1-groupManagement] INFO  server.RaftServerConfigKeys (ConfUtils.java:logGet(46)) - raft.server.threadpool.client.size = 0 (default)
2023-09-12 21:06:06,468 [JUnit] INFO  reflections.Reflections (Reflections.java:scan(232)) - Reflections took 496 ms to scan 20 urls, producing 70 keys and 6001 values [using 2 cores]
2023-09-12 21:06:06,469 [JUnit] INFO  ipc.CallQueueManager (CallQueueManager.java:<init>(90)) - Using callQueue: class java.util.concurrent.LinkedBlockingQueue, queueCapacity: 2000, scheduler: class org.apache.hadoop.ipc.DefaultRpcScheduler, ipcBackoff: false.
2023-09-12 21:06:06,470 [JUnit] INFO  ipc.Server (Server.java:<init>(1287)) - Listener at 127.0.0.1:15057
2023-09-12 21:06:06,470 [Socket Reader #1 for port 15057] INFO  ipc.Server (Server.java:run(1323)) - Starting Socket Reader #1 for port 15057
2023-09-12 21:06:06,492 [JUnit] INFO  impl.MetricsSystemImpl (MetricsSystemImpl.java:init(158)) - OzoneManager metrics system started (again)
2023-09-12 21:06:06,503 [JUnit] INFO  om.OzoneManager (OzoneManager.java:start(1630)) - OzoneManager RPC server is listening at localhost/127.0.0.1:15057
2023-09-12 21:06:06,503 [JUnit] INFO  ratis.OzoneManagerRatisServer (OzoneManagerRatisServer.java:start(558)) - Starting OzoneManagerRatisServer om1 at port 15060
2023-09-12 21:06:06,503 [om1-impl-thread1] INFO  storage.RaftStorageDirectory (RaftStorageDirectoryImpl.java:analyzeStorage(137)) - The storage directory /home/runner/work/ozone/ozone/hadoop-ozone/integration-test/target/test-dir/MiniOzoneClusterImpl-b2199f83-407c-4d6c-939a-90a6ee7b9086/ozone-meta/ratis/bf265839-605b-3f16-9796-c5ba1605619e does not exist. Creating ...
2023-09-12 21:06:06,504 [om1-impl-thread1] INFO  storage.RaftStorageDirectory (RaftStorageDirectoryImpl.java:tryLock(231)) - Lock on /home/runner/work/ozone/ozone/hadoop-ozone/integration-test/target/test-dir/MiniOzoneClusterImpl-b2199f83-407c-4d6c-939a-90a6ee7b9086/ozone-meta/ratis/bf265839-605b-3f16-9796-c5ba1605619e/in_use.lock acquired by nodename 5540@fv-az740-690
2023-09-12 21:06:06,505 [om1-impl-thread1] INFO  storage.RaftStorage (RaftStorageImpl.java:format(96)) - Storage directory /home/runner/work/ozone/ozone/hadoop-ozone/integration-test/target/test-dir/MiniOzoneClusterImpl-b2199f83-407c-4d6c-939a-90a6ee7b9086/ozone-meta/ratis/bf265839-605b-3f16-9796-c5ba1605619e has been successfully formatted.
2023-09-12 21:06:06,506 [om1-impl-thread1] INFO  server.RaftServerConfigKeys (ConfUtils.java:logGet(46)) - raft.server.log.use.memory = false (default)
2023-09-12 21:06:06,506 [om1-impl-thread1] INFO  server.RaftServerConfigKeys (ConfUtils.java:logGet(46)) - raft.server.log.purge.gap = 1000000 (custom)
2023-09-12 21:06:06,506 [om1-impl-thread1] INFO  server.RaftServerConfigKeys (ConfUtils.java:logGet(46)) - raft.server.log.appender.buffer.byte-limit = 33554432 (custom)
2023-09-12 21:06:06,506 [om1-impl-thread1] INFO  server.RaftServerConfigKeys (ConfUtils.java:logGet(46)) - raft.server.log.statemachine.data.read.timeout = 1000ms (default)
2023-09-12 21:06:06,506 [om1-impl-thread1] INFO  server.RaftServerConfigKeys (ConfUtils.java:logGet(46)) - raft.server.log.purge.preservation.log.num = 0 (default)
2023-09-12 21:06:06,506 [om1-impl-thread1] INFO  server.RaftServerConfigKeys (ConfUtils.java:logGet(46)) - raft.server.log.segment.size.max = 4194304 (custom)
2023-09-12 21:06:06,506 [om1-impl-thread1] INFO  server.RaftServerConfigKeys (ConfUtils.java:logGet(46)) - raft.server.log.segment.cache.num.max = 2 (custom)
2023-09-12 21:06:06,506 [om1-impl-thread1] INFO  server.RaftServerConfigKeys (ConfUtils.java:logGet(46)) - raft.server.log.segment.cache.size.max = 200MB (=209715200) (default)
2023-09-12 21:06:06,506 [om1-impl-thread1] INFO  server.RaftServerConfigKeys (ConfUtils.java:logGet(46)) - raft.server.log.appender.buffer.byte-limit = 33554432 (custom)
2023-09-12 21:06:06,506 [om1-impl-thread1] INFO  segmented.SegmentedRaftLogWorker (SegmentedRaftLogWorker.java:<init>(188)) - new om1@group-C5BA1605619E-SegmentedRaftLogWorker for RaftStorageImpl:Storage Directory /home/runner/work/ozone/ozone/hadoop-ozone/integration-test/target/test-dir/MiniOzoneClusterImpl-b2199f83-407c-4d6c-939a-90a6ee7b9086/ozone-meta/ratis/bf265839-605b-3f16-9796-c5ba1605619e
2023-09-12 21:06:06,506 [om1-impl-thread1] INFO  server.RaftServerConfigKeys (ConfUtils.java:logGet(46)) - raft.server.log.queue.byte-limit = 64MB (=67108864) (default)
2023-09-12 21:06:06,506 [om1-impl-thread1] INFO  server.RaftServerConfigKeys (ConfUtils.java:logGet(46)) - raft.server.log.queue.element-limit = 4096 (default)
2023-09-12 21:06:06,507 [om1-impl-thread1] INFO  server.RaftServerConfigKeys (ConfUtils.java:logGet(46)) - raft.server.log.segment.size.max = 4194304 (custom)
2023-09-12 21:06:06,507 [om1-impl-thread1] INFO  server.RaftServerConfigKeys (ConfUtils.java:logGet(46)) - raft.server.log.preallocated.size = 4194304 (custom)
2023-09-12 21:06:06,507 [om1-impl-thread1] INFO  server.RaftServerConfigKeys (ConfUtils.java:logGet(46)) - raft.server.log.force.sync.num = 128 (default)
2023-09-12 21:06:06,507 [om1-impl-thread1] INFO  server.RaftServerConfigKeys (ConfUtils.java:logGet(46)) - raft.server.log.statemachine.data.sync = true (default)
2023-09-12 21:06:06,507 [om1-impl-thread1] INFO  server.RaftServerConfigKeys (ConfUtils.java:logGet(46)) - raft.server.log.statemachine.data.sync.timeout = 10s (default)
2023-09-12 21:06:06,507 [om1-impl-thread1] INFO  server.RaftServerConfigKeys (ConfUtils.java:logGet(46)) - raft.server.log.statemachine.data.sync.timeout.retry = -1 (default)
2023-09-12 21:06:06,507 [om1-impl-thread1] INFO  server.RaftServerConfigKeys (ConfUtils.java:logGet(46)) - raft.server.log.write.buffer.size = 64KB (=65536) (default)
2023-09-12 21:06:06,507 [om1-impl-thread1] INFO  server.RaftServerConfigKeys (ConfUtils.java:logGet(46)) - raft.server.log.appender.buffer.byte-limit = 33554432 (custom)
2023-09-12 21:06:06,510 [om1-impl-thread1] INFO  server.RaftServerConfigKeys (ConfUtils.java:logGet(46)) - raft.server.log.unsafe-flush.enabled = false (default)
2023-09-12 21:06:06,510 [om1-impl-thread1] INFO  server.RaftServerConfigKeys (ConfUtils.java:logGet(46)) - raft.server.log.async-flush.enabled = false (default)
2023-09-12 21:06:06,510 [om1-impl-thread1] INFO  server.RaftServerConfigKeys (ConfUtils.java:logGet(46)) - raft.server.log.statemachine.data.caching.enabled = false (default)
2023-09-12 21:06:06,510 [om1-impl-thread1] INFO  segmented.SegmentedRaftLogWorker (SegmentedRaftLogWorker.java:lambda$new$0(135)) - om1@group-C5BA1605619E-SegmentedRaftLogWorker: flushIndex: setUnconditionally 0 -> -1
2023-09-12 21:06:06,510 [om1-impl-thread1] INFO  segmented.SegmentedRaftLogWorker (SegmentedRaftLogWorker.java:lambda$new$0(135)) - om1@group-C5BA1605619E-SegmentedRaftLogWorker: safeCacheEvictIndex: setUnconditionally 0 -> -1
2023-09-12 21:06:06,510 [om1-impl-thread1] INFO  server.RaftServer$Division (RaftServerImpl.java:start(342)) - om1@group-C5BA1605619E: start as a follower, conf=-1: peers:[om1|rpc:localhost:15060|priority:0|startupRole:FOLLOWER]|listeners:[], old=null
2023-09-12 21:06:06,510 [om1-impl-thread1] INFO  server.RaftServer$Division (RaftServerImpl.java:setRole(329)) - om1@group-C5BA1605619E: changes role from      null to FOLLOWER at term 0 for startAsFollower
2023-09-12 21:06:06,510 [om1-impl-thread1] INFO  impl.RoleInfo (RoleInfo.java:updateAndGet(139)) - om1: start om1@group-C5BA1605619E-FollowerState
2023-09-12 21:06:06,511 [om1-impl-thread1] INFO  util.JmxRegister (JmxRegister.java:tryRegister(44)) - Successfully registered JMX Bean with object name Ratis:service=RaftServer,group=group-C5BA1605619E,id=om1
2023-09-12 21:06:06,511 [om1-impl-thread1] INFO  server.RaftServerConfigKeys (ConfUtils.java:logGet(46)) - raft.server.snapshot.auto.trigger.enabled = true (custom)
2023-09-12 21:06:06,511 [om1-impl-thread1] INFO  server.RaftServerConfigKeys (ConfUtils.java:logGet(46)) - raft.server.snapshot.auto.trigger.threshold = 400000 (default)
2023-09-12 21:06:06,511 [om1-impl-thread1] INFO  server.RaftServerConfigKeys (ConfUtils.java:logGet(46)) - raft.server.snapshot.retention.file.num = -1 (default)
2023-09-12 21:06:06,511 [om1-impl-thread1] INFO  server.RaftServerConfigKeys (ConfUtils.java:logGet(46)) - raft.server.log.purge.upto.snapshot.index = true (custom)
2023-09-12 21:06:06,511 [JUnit] INFO  server.RaftServer (RaftServerProxy.java:startImpl(400)) - om1: start RPC server
2023-09-12 21:06:06,511 [om1@group-C5BA1605619E-FollowerState] INFO  server.RaftServerConfigKeys (ConfUtils.java:logFallback(53)) - raft.server.rpc.first-election.timeout.min = 1s (fallback to raft.server.rpc.timeout.min)
2023-09-12 21:06:06,511 [om1@group-C5BA1605619E-FollowerState] INFO  server.RaftServerConfigKeys (ConfUtils.java:logFallback(53)) - raft.server.rpc.first-election.timeout.max = 1200ms (fallback to raft.server.rpc.timeout.max)
2023-09-12 21:06:06,513 [JUnit] INFO  server.GrpcService (GrpcService.java:startImpl(302)) - om1: GrpcService started, listening on 15060
2023-09-12 21:06:06,513 [JvmPauseMonitor8] INFO  util.JvmPauseMonitor (JvmPauseMonitor.java:run(103)) - JvmPauseMonitor-om1: Started
2023-09-12 21:06:06,513 [JUnit] INFO  om.OzoneManager (OzoneManager.java:start(1646)) - Version File has different layout version (6) than OM DB (null). That is expected if this OM has never been finalized to a newer layout version.
2023-09-12 21:06:06,516 [JUnit] INFO  http.BaseHttpServer (BaseHttpServer.java:newHttpServer2BuilderForOzone(223)) - Starting Web-server for ozoneManager at: http://0.0.0.0:15058
2023-09-12 21:06:06,516 [JUnit] INFO  http.BaseHttpServer (BaseHttpServer.java:<init>(110)) - Hadoop Security Enabled: false Ozone Security Enabled: false Ozone HTTP Security Enabled: false 
2023-09-12 21:06:06,517 [JUnit] WARN  server.AuthenticationFilter (AuthenticationFilter.java:constructSecretProvider(240)) - Unable to initialize FileSignerSecretProvider, falling back to use random secrets. Reason: Could not read signature secret file: /home/runner/hadoop-http-auth-signature-secret
2023-09-12 21:06:06,518 [JUnit] INFO  http.HttpRequestLog (HttpRequestLog.java:getRequestLog(86)) - Http request log for http.requests.ozoneManager is not defined
2023-09-12 21:06:06,519 [JUnit] INFO  http.HttpServer2 (HttpServer2.java:addGlobalFilter(1031)) - Added global filter 'safety' (class=org.apache.hadoop.hdds.server.http.HttpServer2$QuotingInputFilter)
2023-09-12 21:06:06,520 [JUnit] INFO  http.HttpServer2 (HttpServer2.java:addFilter(1007)) - Added filter static_user_filter (class=org.apache.hadoop.http.lib.StaticUserWebFilter$StaticUserFilter) to context ozoneManager
2023-09-12 21:06:06,520 [JUnit] INFO  http.HttpServer2 (HttpServer2.java:addFilter(1015)) - Added filter static_user_filter (class=org.apache.hadoop.http.lib.StaticUserWebFilter$StaticUserFilter) to context logs
2023-09-12 21:06:06,520 [JUnit] INFO  http.HttpServer2 (HttpServer2.java:addFilter(1015)) - Added filter static_user_filter (class=org.apache.hadoop.http.lib.StaticUserWebFilter$StaticUserFilter) to context static
2023-09-12 21:06:06,521 [JUnit] INFO  http.BaseHttpServer (BaseHttpServer.java:<init>(189)) - HTTP server of ozoneManager uses base directory /home/runner/work/ozone/ozone/hadoop-ozone/integration-test/target/test-dir/MiniOzoneClusterImpl-b2199f83-407c-4d6c-939a-90a6ee7b9086/ozone-meta/webserver
2023-09-12 21:06:06,521 [JUnit] INFO  http.HttpServer2 (HttpServer2.java:bindListener(1231)) - Jetty bound to port 15058
2023-09-12 21:06:06,521 [JUnit] INFO  server.Server (Server.java:doStart(375)) - jetty-9.4.51.v20230217; built: 2023-02-17T08:19:37.309Z; git: b45c405e4544384de066f814ed42ae3dceacdd49; jvm 1.8.0_382-b05
2023-09-12 21:06:06,523 [JUnit] INFO  server.session (DefaultSessionIdManager.java:doStart(334)) - DefaultSessionIdManager workerName=node0
2023-09-12 21:06:06,523 [JUnit] INFO  server.session (DefaultSessionIdManager.java:doStart(339)) - No SessionScavenger set, using defaults
2023-09-12 21:06:06,523 [JUnit] INFO  server.session (HouseKeeper.java:startScavenging(132)) - node0 Scavenging every 600000ms
2023-09-12 21:06:06,524 [JUnit] INFO  handler.ContextHandler (ContextHandler.java:doStart(921)) - Started o.e.j.s.ServletContextHandler@76e13af5{logs,/logs,file:///home/runner/work/ozone/ozone/hadoop-ozone/integration-test/target/log,AVAILABLE}
2023-09-12 21:06:06,524 [JUnit] INFO  handler.ContextHandler (ContextHandler.java:doStart(921)) - Started o.e.j.s.ServletContextHandler@62b22eaa{static,/static,file:///home/runner/work/ozone/ozone/hadoop-ozone/integration-test/target/test-classes/webapps/static,AVAILABLE}
2023-09-12 21:06:06,528 [JUnit] INFO  handler.ContextHandler (ContextHandler.java:doStart(921)) - Started o.e.j.w.WebAppContext@32dac3a0{ozoneManager,/,file:///home/runner/work/ozone/ozone/hadoop-ozone/integration-test/target/test-classes/webapps/ozoneManager/,AVAILABLE}{file:/home/runner/work/ozone/ozone/hadoop-ozone/integration-test/target/test-classes/webapps/ozoneManager}
2023-09-12 21:06:06,530 [JUnit] INFO  server.AbstractConnector (AbstractConnector.java:doStart(333)) - Started ServerConnector@4dda06f0{HTTP/1.1, (http/1.1)}{0.0.0.0:15058}
2023-09-12 21:06:06,530 [JUnit] INFO  server.Server (Server.java:doStart(415)) - Started @31604ms
2023-09-12 21:06:06,530 [JUnit] WARN  impl.MetricsSystemImpl (MetricsSystemImpl.java:register(279)) - Sink prometheus already exists!
2023-09-12 21:06:06,531 [JUnit] INFO  http.BaseHttpServer (BaseHttpServer.java:updateConnectorAddress(354)) - HTTP server of ozoneManager listening at http://0.0.0.0:15058
2023-09-12 21:06:06,531 [IPC Server Responder] INFO  ipc.Server (Server.java:run(1562)) - IPC Server Responder: starting
2023-09-12 21:06:06,531 [IPC Server listener on 15057] INFO  ipc.Server (Server.java:run(1402)) - IPC Server listener on 15057: starting
2023-09-12 21:06:06,534 [JUnit] INFO  om.OzoneManager (OzoneManager.java:startTrashEmptier(2098)) - Trash Interval set to 0. Files deleted won't move to trash
2023-09-12 21:06:06,545 [JUnit] WARN  impl.MetricRegistriesImpl (MetricRegistriesImpl.java:addReporterRegistration(111)) - New reporters are added after registries were created. Some metrics will be missing from the reporter. Please add reporter before adding any new registry.
2023-09-12 21:06:06,545 [JUnit] WARN  impl.MetricRegistriesImpl (MetricRegistriesImpl.java:addReporterRegistration(111)) - New reporters are added after registries were created. Some metrics will be missing from the reporter. Please add reporter before adding any new registry.
2023-09-12 21:06:06,545 [JUnit] INFO  impl.MetricsSystemImpl (MetricsSystemImpl.java:init(158)) - HddsDatanode metrics system started (again)
2023-09-12 21:06:06,557 [JUnit] INFO  ozone.HddsDatanodeService (HddsDatanodeService.java:start(237)) - HddsDatanodeService host:fv-az740-690.qoj0rp3pihcejmpunbvrynwprc.phxx.internal.cloudapp.net ip:10.1.0.4
2023-09-12 21:06:06,578 [JUnit] INFO  upgrade.AbstractLayoutVersionManager (AbstractLayoutVersionManager.java:init(83)) - Initializing Layout version manager with metadata layout = HADOOP_PRC_PORTS_IN_DATANODEDETAILS (version = 7), software layout = HADOOP_PRC_PORTS_IN_DATANODEDETAILS (version = 7)
2023-09-12 21:06:06,579 [JUnit] INFO  statemachine.DatanodeStateMachine (DatanodeStateMachine.java:getEndPointTaskThreadPoolSize(282)) - Datanode State Machine Task Thread Pool size 2
2023-09-12 21:06:06,581 [JUnit] INFO  volume.HddsVolume (HddsVolume.java:<init>(126)) - Creating HddsVolume: /home/runner/work/ozone/ozone/hadoop-ozone/integration-test/target/test-dir/MiniOzoneClusterImpl-b2199f83-407c-4d6c-939a-90a6ee7b9086/datanode-0/data-0/containers/hdds of storage type : DISK capacity : 9223372036854775807
2023-09-12 21:06:06,582 [JUnit] INFO  volume.MutableVolumeSet (MutableVolumeSet.java:initializeVolumeSet(173)) - Added Volume : /home/runner/work/ozone/ozone/hadoop-ozone/integration-test/target/test-dir/MiniOzoneClusterImpl-b2199f83-407c-4d6c-939a-90a6ee7b9086/datanode-0/data-0/containers/hdds to VolumeSet
2023-09-12 21:06:06,582 [JUnit] INFO  volume.MutableVolumeSet (MutableVolumeSet.java:initializeVolumeSet(173)) - Added Volume : /home/runner/work/ozone/ozone/hadoop-ozone/integration-test/target/test-dir/MiniOzoneClusterImpl-b2199f83-407c-4d6c-939a-90a6ee7b9086/datanode-0/data/ratis to VolumeSet
2023-09-12 21:06:06,583 [Thread-799] INFO  ozoneimpl.ContainerReader (ContainerReader.java:readVolume(177)) - Finish verifying containers on volume /home/runner/work/ozone/ozone/hadoop-ozone/integration-test/target/test-dir/MiniOzoneClusterImpl-b2199f83-407c-4d6c-939a-90a6ee7b9086/datanode-0/data-0/containers/hdds
2023-09-12 21:06:06,583 [JUnit] INFO  ozoneimpl.OzoneContainer (OzoneContainer.java:buildContainerSet(314)) - Build ContainerSet costs 0s
2023-09-12 21:06:06,585 [JUnit] INFO  server.RaftServer (ConfUtils.java:logGet(46)) - raft.rpc.type = GRPC (default)
2023-09-12 21:06:06,585 [JUnit] INFO  grpc.GrpcConfigKeys (ConfUtils.java:logFallback(53)) - raft.grpc.admin.host = null (fallback to raft.grpc.server.host)
2023-09-12 21:06:06,585 [JUnit] INFO  grpc.GrpcConfigKeys (ConfUtils.java:logGet(46)) - raft.grpc.admin.port = 15066 (custom)
2023-09-12 21:06:06,585 [JUnit] INFO  grpc.GrpcConfigKeys (ConfUtils.java:logFallback(53)) - raft.grpc.client.host = null (fallback to raft.grpc.server.host)
2023-09-12 21:06:06,585 [JUnit] INFO  grpc.GrpcConfigKeys (ConfUtils.java:logGet(46)) - raft.grpc.client.port = 15065 (custom)
2023-09-12 21:06:06,585 [JUnit] INFO  grpc.GrpcConfigKeys (ConfUtils.java:logGet(46)) - raft.grpc.server.host = null (default)
2023-09-12 21:06:06,585 [JUnit] INFO  grpc.GrpcConfigKeys (ConfUtils.java:logGet(46)) - raft.grpc.server.port = 15067 (custom)
2023-09-12 21:06:06,586 [JUnit] INFO  server.GrpcService (ConfUtils.java:logGet(46)) - raft.grpc.message.size.max = 32MB (=33554432) (custom)
2023-09-12 21:06:06,586 [JUnit] INFO  server.RaftServerConfigKeys (ConfUtils.java:logGet(46)) - raft.server.log.appender.buffer.byte-limit = 33554432 (custom)
2023-09-12 21:06:06,586 [JUnit] INFO  server.GrpcService (ConfUtils.java:logGet(46)) - raft.grpc.flow.control.window = 5MB (=5242880) (custom)
2023-09-12 21:06:06,586 [JUnit] INFO  server.RaftServerConfigKeys (ConfUtils.java:logGet(46)) - raft.server.rpc.request.timeout = 3000ms (default)
2023-09-12 21:06:06,586 [JUnit] INFO  grpc.GrpcConfigKeys (ConfUtils.java:logGet(46)) - raft.grpc.server.heartbeat.channel = true (default)
2023-09-12 21:06:06,586 [JUnit] INFO  grpc.GrpcConfigKeys (ConfUtils.java:logGet(46)) - raft.grpc.server.async.request.thread.pool.cached = true (default)
2023-09-12 21:06:06,586 [JUnit] INFO  grpc.GrpcConfigKeys (ConfUtils.java:logGet(46)) - raft.grpc.server.async.request.thread.pool.size = 32 (default)
2023-09-12 21:06:06,588 [JUnit] INFO  impl.DataStreamServerImpl (ConfUtils.java:logGet(46)) - raft.datastream.type = NETTY (custom)
2023-09-12 21:06:06,588 [JUnit] INFO  server.RaftServerConfigKeys (ConfUtils.java:logGet(46)) - raft.server.data-stream.async.request.thread.pool.cached = false (default)
2023-09-12 21:06:06,589 [JUnit] INFO  server.RaftServerConfigKeys (ConfUtils.java:logGet(46)) - raft.server.data-stream.async.request.thread.pool.size = 20 (custom)
2023-09-12 21:06:06,589 [JUnit] INFO  server.RaftServerConfigKeys (ConfUtils.java:logGet(46)) - raft.server.data-stream.async.write.thread.pool.size = 16 (default)
2023-09-12 21:06:06,589 [JUnit] INFO  server.RaftServerConfigKeys (ConfUtils.java:logGet(46)) - raft.server.data-stream.client.pool.size = 10 (default)
2023-09-12 21:06:06,589 [JUnit] INFO  netty.NettyConfigKeys$DataStream (ConfUtils.java:logGet(46)) - raft.netty.dataStream.server.use-epoll = false (default)
2023-09-12 21:06:06,589 [JUnit] INFO  netty.NettyConfigKeys$DataStream (ConfUtils.java:logGet(46)) - raft.netty.dataStream.server.boss-group.size = 0 (default)
2023-09-12 21:06:06,589 [JUnit] INFO  netty.NettyConfigKeys$DataStream (ConfUtils.java:logGet(46)) - raft.netty.dataStream.server.worker-group.size = 0 (default)
2023-09-12 21:06:06,589 [JUnit] INFO  netty.NettyConfigKeys$DataStream (ConfUtils.java:logGet(46)) - raft.netty.dataStream.server.tls.conf = null (default)
2023-09-12 21:06:06,590 [JUnit] INFO  netty.NettyConfigKeys$DataStream (ConfUtils.java:logGet(46)) - raft.netty.dataStream.host = null (default)
2023-09-12 21:06:06,590 [JUnit] INFO  netty.NettyConfigKeys$DataStream (ConfUtils.java:logGet(46)) - raft.netty.dataStream.port = 15068 (custom)
2023-09-12 21:06:06,591 [JUnit] INFO  server.RaftServerConfigKeys (ConfUtils.java:logGet(46)) - raft.server.threadpool.proxy.cached = true (default)
2023-09-12 21:06:06,591 [JUnit] INFO  server.RaftServerConfigKeys (ConfUtils.java:logGet(46)) - raft.server.threadpool.proxy.size = 0 (default)
2023-09-12 21:06:06,591 [JUnit] INFO  server.RaftServerConfigKeys (ConfUtils.java:logGet(46)) - raft.server.rpc.slowness.timeout = 300000ms (custom)
2023-09-12 21:06:06,591 [JUnit] INFO  server.RaftServerConfigKeys (ConfUtils.java:logGet(46)) - raft.server.leaderelection.leader.step-down.wait-time = 10s (default)
2023-09-12 21:06:06,591 [JUnit] INFO  server.RaftServerConfigKeys (ConfUtils.java:logGet(46)) - raft.server.storage.dir = [/home/runner/work/ozone/ozone/hadoop-ozone/integration-test/target/test-dir/MiniOzoneClusterImpl-b2199f83-407c-4d6c-939a-90a6ee7b9086/datanode-0/data/ratis] (custom)
2023-09-12 21:06:06,591 [26fac33b-208f-4640-bb04-d749a6a7a791-NettyServerStreamRpc-bossGroup--thread1] INFO  logging.LoggingHandler (AbstractInternalLogger.java:log(148)) - [id: 0x4fbfb419] REGISTERED
2023-09-12 21:06:06,592 [26fac33b-208f-4640-bb04-d749a6a7a791-NettyServerStreamRpc-bossGroup--thread1] INFO  logging.LoggingHandler (AbstractInternalLogger.java:log(148)) - [id: 0x4fbfb419] BIND: 0.0.0.0/0.0.0.0:15068
2023-09-12 21:06:06,592 [26fac33b-208f-4640-bb04-d749a6a7a791-NettyServerStreamRpc-bossGroup--thread1] INFO  logging.LoggingHandler (AbstractInternalLogger.java:log(148)) - [id: 0x4fbfb419, L:/0:0:0:0:0:0:0:0:15068] ACTIVE
2023-09-12 21:06:06,596 [26fac33b-208f-4640-bb04-d749a6a7a791-impl-thread1] INFO  server.RaftServer (RaftServerProxy.java:initGroupDir(258)) - 26fac33b-208f-4640-bb04-d749a6a7a791: found a subdirectory /home/runner/work/ozone/ozone/hadoop-ozone/integration-test/target/test-dir/MiniOzoneClusterImpl-b2199f83-407c-4d6c-939a-90a6ee7b9086/datanode-0/data/ratis/tmp
2023-09-12 21:06:06,596 [26fac33b-208f-4640-bb04-d749a6a7a791-impl-thread1] INFO  server.RaftServer (RaftServerProxy.java:initGroupDir(263)) - 26fac33b-208f-4640-bb04-d749a6a7a791: The directory /home/runner/work/ozone/ozone/hadoop-ozone/integration-test/target/test-dir/MiniOzoneClusterImpl-b2199f83-407c-4d6c-939a-90a6ee7b9086/datanode-0/data/ratis/tmp is not a group directory; ignoring it. 
2023-09-12 21:06:06,596 [JUnit] INFO  replication.ReplicationServer (ReplicationServer.java:<init>(81)) - Initializing replication server with thread count = 10
2023-09-12 21:06:06,597 [JUnit] INFO  server.XceiverServerGrpc (XceiverServerGrpc.java:<init>(132)) - GrpcServer channel type EpollServerSocketChannel
2023-09-12 21:06:06,598 [JUnit] INFO  replication.ReplicationSupervisor (ReplicationSupervisor.java:build(155)) - Initializing replication supervisor with thread count = 10
2023-09-12 21:06:06,598 [JUnit] INFO  replication.ReplicationSupervisor (ReplicationSupervisor.java:nodeStateUpdated(307)) - Node state updated to IN_SERVICE, scaling executor pool size to 10
2023-09-12 21:06:06,600 [JUnit] INFO  http.BaseHttpServer (BaseHttpServer.java:newHttpServer2BuilderForOzone(223)) - Starting Web-server for hddsDatanode at: http://0.0.0.0:15062
2023-09-12 21:06:06,600 [JUnit] INFO  http.BaseHttpServer (BaseHttpServer.java:<init>(110)) - Hadoop Security Enabled: false Ozone Security Enabled: false Ozone HTTP Security Enabled: false 
2023-09-12 21:06:06,601 [JUnit] WARN  server.AuthenticationFilter (AuthenticationFilter.java:constructSecretProvider(240)) - Unable to initialize FileSignerSecretProvider, falling back to use random secrets. Reason: Could not read signature secret file: /home/runner/hadoop-http-auth-signature-secret
2023-09-12 21:06:06,602 [JUnit] INFO  http.HttpRequestLog (HttpRequestLog.java:getRequestLog(86)) - Http request log for http.requests.hddsDatanode is not defined
2023-09-12 21:06:06,603 [JUnit] INFO  http.HttpServer2 (HttpServer2.java:addGlobalFilter(1031)) - Added global filter 'safety' (class=org.apache.hadoop.hdds.server.http.HttpServer2$QuotingInputFilter)
2023-09-12 21:06:06,603 [JUnit] INFO  http.HttpServer2 (HttpServer2.java:addFilter(1007)) - Added filter static_user_filter (class=org.apache.hadoop.http.lib.StaticUserWebFilter$StaticUserFilter) to context hddsDatanode
2023-09-12 21:06:06,604 [JUnit] INFO  http.HttpServer2 (HttpServer2.java:addFilter(1015)) - Added filter static_user_filter (class=org.apache.hadoop.http.lib.StaticUserWebFilter$StaticUserFilter) to context logs
2023-09-12 21:06:06,604 [JUnit] INFO  http.HttpServer2 (HttpServer2.java:addFilter(1015)) - Added filter static_user_filter (class=org.apache.hadoop.http.lib.StaticUserWebFilter$StaticUserFilter) to context static
2023-09-12 21:06:06,604 [JUnit] INFO  http.BaseHttpServer (BaseHttpServer.java:<init>(189)) - HTTP server of hddsDatanode uses base directory /home/runner/work/ozone/ozone/hadoop-ozone/integration-test/target/test-dir/MiniOzoneClusterImpl-b2199f83-407c-4d6c-939a-90a6ee7b9086/datanode-0/meta/webserver
2023-09-12 21:06:06,604 [JUnit] INFO  http.HttpServer2 (HttpServer2.java:bindListener(1231)) - Jetty bound to port 15062
2023-09-12 21:06:06,604 [JUnit] INFO  server.Server (Server.java:doStart(375)) - jetty-9.4.51.v20230217; built: 2023-02-17T08:19:37.309Z; git: b45c405e4544384de066f814ed42ae3dceacdd49; jvm 1.8.0_382-b05
2023-09-12 21:06:06,605 [JUnit] INFO  server.session (DefaultSessionIdManager.java:doStart(334)) - DefaultSessionIdManager workerName=node0
2023-09-12 21:06:06,606 [JUnit] INFO  server.session (DefaultSessionIdManager.java:doStart(339)) - No SessionScavenger set, using defaults
2023-09-12 21:06:06,606 [JUnit] INFO  server.session (HouseKeeper.java:startScavenging(132)) - node0 Scavenging every 660000ms
2023-09-12 21:06:06,606 [JUnit] INFO  handler.ContextHandler (ContextHandler.java:doStart(921)) - Started o.e.j.s.ServletContextHandler@874b453{logs,/logs,file:///home/runner/work/ozone/ozone/hadoop-ozone/integration-test/target/log,AVAILABLE}
2023-09-12 21:06:06,607 [JUnit] INFO  handler.ContextHandler (ContextHandler.java:doStart(921)) - Started o.e.j.s.ServletContextHandler@cbaa846{static,/static,jar:file:/home/runner/.m2/repository/org/apache/ozone/hdds-container-service/1.4.0-SNAPSHOT/hdds-container-service-1.4.0-SNAPSHOT.jar!/webapps/static,AVAILABLE}
2023-09-12 21:06:06,807 [JUnit] INFO  handler.ContextHandler (ContextHandler.java:doStart(921)) - Started o.e.j.w.WebAppContext@28d97690{hddsDatanode,/,file:///home/runner/work/ozone/ozone/hadoop-ozone/integration-test/target/test-dir/MiniOzoneClusterImpl-b2199f83-407c-4d6c-939a-90a6ee7b9086/datanode-0/meta/webserver/jetty-0_0_0_0-15062-hdds-container-service-1_4_0-SNAPSHOT_jar-_-any-5084391239355887950/webapp/,AVAILABLE}{jar:file:/home/runner/.m2/repository/org/apache/ozone/hdds-container-service/1.4.0-SNAPSHOT/hdds-container-service-1.4.0-SNAPSHOT.jar!/webapps/hddsDatanode}
2023-09-12 21:06:06,809 [JUnit] INFO  server.AbstractConnector (AbstractConnector.java:doStart(333)) - Started ServerConnector@4217145f{HTTP/1.1, (http/1.1)}{0.0.0.0:15062}
2023-09-12 21:06:06,809 [JUnit] INFO  server.Server (Server.java:doStart(415)) - Started @31882ms
2023-09-12 21:06:06,809 [JUnit] WARN  impl.MetricsSystemImpl (MetricsSystemImpl.java:register(279)) - Sink prometheus already exists!
2023-09-12 21:06:06,810 [JUnit] INFO  http.BaseHttpServer (BaseHttpServer.java:updateConnectorAddress(354)) - HTTP server of hddsDatanode listening at http://0.0.0.0:15062
2023-09-12 21:06:06,810 [JUnit] INFO  ipc.CallQueueManager (CallQueueManager.java:<init>(90)) - Using callQueue: class java.util.concurrent.LinkedBlockingQueue, queueCapacity: 100, scheduler: class org.apache.hadoop.ipc.DefaultRpcScheduler, ipcBackoff: false.
2023-09-12 21:06:06,810 [JUnit] INFO  ipc.Server (Server.java:<init>(1287)) - Listener at 0.0.0.0:15063
2023-09-12 21:06:06,810 [Socket Reader #1 for port 15063] INFO  ipc.Server (Server.java:run(1323)) - Starting Socket Reader #1 for port 15063
2023-09-12 21:06:06,813 [JUnit] INFO  ozone.HddsDatanodeService (HddsDatanodeService.java:start(315)) - Datanode start with admins: [runner]
2023-09-12 21:06:06,813 [JUnit] INFO  ozone.HddsDatanodeClientProtocolServer (HddsDatanodeClientProtocolServer.java:start(72)) - RPC server for Client /0.0.0.0:15063
2023-09-12 21:06:06,813 [IPC Server Responder] INFO  ipc.Server (Server.java:run(1562)) - IPC Server Responder: starting
2023-09-12 21:06:06,813 [IPC Server listener on 15063] INFO  ipc.Server (Server.java:run(1402)) - IPC Server listener on 15063: starting
2023-09-12 21:06:06,814 [JUnit] WARN  impl.MetricRegistriesImpl (MetricRegistriesImpl.java:addReporterRegistration(111)) - New reporters are added after registries were created. Some metrics will be missing from the reporter. Please add reporter before adding any new registry.
2023-09-12 21:06:06,814 [JUnit] WARN  impl.MetricRegistriesImpl (MetricRegistriesImpl.java:addReporterRegistration(111)) - New reporters are added after registries were created. Some metrics will be missing from the reporter. Please add reporter before adding any new registry.
2023-09-12 21:06:06,814 [JUnit] INFO  impl.MetricsSystemImpl (MetricsSystemImpl.java:init(158)) - HddsDatanode metrics system started (again)
2023-09-12 21:06:06,818 [Datanode State Machine Daemon Thread] INFO  statemachine.DatanodeStateMachine (DatanodeStateMachine.java:lambda$startDaemon$0(538)) - Ozone container server started.
2023-09-12 21:06:06,834 [JUnit] INFO  ozone.HddsDatanodeService (HddsDatanodeService.java:start(237)) - HddsDatanodeService host:fv-az740-690.qoj0rp3pihcejmpunbvrynwprc.phxx.internal.cloudapp.net ip:10.1.0.4
2023-09-12 21:06:06,835 [Datanode State Machine Task Thread - 0] INFO  datanode.InitDatanodeState (InitDatanodeState.java:persistContainerDatanodeDetails(138)) - DatanodeDetails is persisted to /home/runner/work/ozone/ozone/hadoop-ozone/integration-test/target/test-dir/MiniOzoneClusterImpl-b2199f83-407c-4d6c-939a-90a6ee7b9086/datanode-0/meta/datanode.id
2023-09-12 21:06:06,859 [JUnit] INFO  upgrade.AbstractLayoutVersionManager (AbstractLayoutVersionManager.java:init(83)) - Initializing Layout version manager with metadata layout = HADOOP_PRC_PORTS_IN_DATANODEDETAILS (version = 7), software layout = HADOOP_PRC_PORTS_IN_DATANODEDETAILS (version = 7)
2023-09-12 21:06:06,860 [JUnit] INFO  statemachine.DatanodeStateMachine (DatanodeStateMachine.java:getEndPointTaskThreadPoolSize(282)) - Datanode State Machine Task Thread Pool size 2
2023-09-12 21:06:06,863 [JUnit] INFO  volume.HddsVolume (HddsVolume.java:<init>(126)) - Creating HddsVolume: /home/runner/work/ozone/ozone/hadoop-ozone/integration-test/target/test-dir/MiniOzoneClusterImpl-b2199f83-407c-4d6c-939a-90a6ee7b9086/datanode-1/data-0/containers/hdds of storage type : DISK capacity : 9223372036854775807
2023-09-12 21:06:06,863 [JUnit] INFO  volume.MutableVolumeSet (MutableVolumeSet.java:initializeVolumeSet(173)) - Added Volume : /home/runner/work/ozone/ozone/hadoop-ozone/integration-test/target/test-dir/MiniOzoneClusterImpl-b2199f83-407c-4d6c-939a-90a6ee7b9086/datanode-1/data-0/containers/hdds to VolumeSet
2023-09-12 21:06:06,864 [JUnit] INFO  volume.MutableVolumeSet (MutableVolumeSet.java:initializeVolumeSet(173)) - Added Volume : /home/runner/work/ozone/ozone/hadoop-ozone/integration-test/target/test-dir/MiniOzoneClusterImpl-b2199f83-407c-4d6c-939a-90a6ee7b9086/datanode-1/data/ratis to VolumeSet
2023-09-12 21:06:06,864 [Thread-816] INFO  ozoneimpl.ContainerReader (ContainerReader.java:readVolume(177)) - Finish verifying containers on volume /home/runner/work/ozone/ozone/hadoop-ozone/integration-test/target/test-dir/MiniOzoneClusterImpl-b2199f83-407c-4d6c-939a-90a6ee7b9086/datanode-1/data-0/containers/hdds
2023-09-12 21:06:06,864 [JUnit] INFO  ozoneimpl.OzoneContainer (OzoneContainer.java:buildContainerSet(314)) - Build ContainerSet costs 0s
2023-09-12 21:06:06,867 [JUnit] INFO  server.RaftServer (ConfUtils.java:logGet(46)) - raft.rpc.type = GRPC (default)
2023-09-12 21:06:06,867 [JUnit] INFO  grpc.GrpcConfigKeys (ConfUtils.java:logFallback(53)) - raft.grpc.admin.host = null (fallback to raft.grpc.server.host)
2023-09-12 21:06:06,867 [JUnit] INFO  grpc.GrpcConfigKeys (ConfUtils.java:logGet(46)) - raft.grpc.admin.port = 15075 (custom)
2023-09-12 21:06:06,867 [JUnit] INFO  grpc.GrpcConfigKeys (ConfUtils.java:logFallback(53)) - raft.grpc.client.host = null (fallback to raft.grpc.server.host)
2023-09-12 21:06:06,867 [JUnit] INFO  grpc.GrpcConfigKeys (ConfUtils.java:logGet(46)) - raft.grpc.client.port = 15074 (custom)
2023-09-12 21:06:06,867 [JUnit] INFO  grpc.GrpcConfigKeys (ConfUtils.java:logGet(46)) - raft.grpc.server.host = null (default)
2023-09-12 21:06:06,867 [JUnit] INFO  grpc.GrpcConfigKeys (ConfUtils.java:logGet(46)) - raft.grpc.server.port = 15076 (custom)
2023-09-12 21:06:06,867 [JUnit] INFO  server.GrpcService (ConfUtils.java:logGet(46)) - raft.grpc.message.size.max = 32MB (=33554432) (custom)
2023-09-12 21:06:06,867 [JUnit] INFO  server.RaftServerConfigKeys (ConfUtils.java:logGet(46)) - raft.server.log.appender.buffer.byte-limit = 33554432 (custom)
2023-09-12 21:06:06,867 [JUnit] INFO  server.GrpcService (ConfUtils.java:logGet(46)) - raft.grpc.flow.control.window = 5MB (=5242880) (custom)
2023-09-12 21:06:06,867 [JUnit] INFO  server.RaftServerConfigKeys (ConfUtils.java:logGet(46)) - raft.server.rpc.request.timeout = 3000ms (default)
2023-09-12 21:06:06,868 [JUnit] INFO  grpc.GrpcConfigKeys (ConfUtils.java:logGet(46)) - raft.grpc.server.heartbeat.channel = true (default)
2023-09-12 21:06:06,868 [JUnit] INFO  grpc.GrpcConfigKeys (ConfUtils.java:logGet(46)) - raft.grpc.server.async.request.thread.pool.cached = true (default)
2023-09-12 21:06:06,868 [JUnit] INFO  grpc.GrpcConfigKeys (ConfUtils.java:logGet(46)) - raft.grpc.server.async.request.thread.pool.size = 32 (default)
2023-09-12 21:06:06,870 [JUnit] INFO  impl.DataStreamServerImpl (ConfUtils.java:logGet(46)) - raft.datastream.type = NETTY (custom)
2023-09-12 21:06:06,873 [JUnit] INFO  server.RaftServerConfigKeys (ConfUtils.java:logGet(46)) - raft.server.data-stream.async.request.thread.pool.cached = false (default)
2023-09-12 21:06:06,873 [JUnit] INFO  server.RaftServerConfigKeys (ConfUtils.java:logGet(46)) - raft.server.data-stream.async.request.thread.pool.size = 20 (custom)
2023-09-12 21:06:06,873 [JUnit] INFO  server.RaftServerConfigKeys (ConfUtils.java:logGet(46)) - raft.server.data-stream.async.write.thread.pool.size = 16 (default)
2023-09-12 21:06:06,873 [JUnit] INFO  server.RaftServerConfigKeys (ConfUtils.java:logGet(46)) - raft.server.data-stream.client.pool.size = 10 (default)
2023-09-12 21:06:06,873 [JUnit] INFO  netty.NettyConfigKeys$DataStream (ConfUtils.java:logGet(46)) - raft.netty.dataStream.server.use-epoll = false (default)
2023-09-12 21:06:06,873 [JUnit] INFO  netty.NettyConfigKeys$DataStream (ConfUtils.java:logGet(46)) - raft.netty.dataStream.server.boss-group.size = 0 (default)
2023-09-12 21:06:06,873 [JUnit] INFO  netty.NettyConfigKeys$DataStream (ConfUtils.java:logGet(46)) - raft.netty.dataStream.server.worker-group.size = 0 (default)
2023-09-12 21:06:06,874 [JUnit] INFO  netty.NettyConfigKeys$DataStream (ConfUtils.java:logGet(46)) - raft.netty.dataStream.server.tls.conf = null (default)
2023-09-12 21:06:06,874 [JUnit] INFO  netty.NettyConfigKeys$DataStream (ConfUtils.java:logGet(46)) - raft.netty.dataStream.host = null (default)
2023-09-12 21:06:06,874 [JUnit] INFO  netty.NettyConfigKeys$DataStream (ConfUtils.java:logGet(46)) - raft.netty.dataStream.port = 15077 (custom)
2023-09-12 21:06:06,874 [JUnit] INFO  server.RaftServerConfigKeys (ConfUtils.java:logGet(46)) - raft.server.threadpool.proxy.cached = true (default)
2023-09-12 21:06:06,874 [JUnit] INFO  server.RaftServerConfigKeys (ConfUtils.java:logGet(46)) - raft.server.threadpool.proxy.size = 0 (default)
2023-09-12 21:06:06,874 [JUnit] INFO  server.RaftServerConfigKeys (ConfUtils.java:logGet(46)) - raft.server.rpc.slowness.timeout = 300000ms (custom)
2023-09-12 21:06:06,875 [JUnit] INFO  server.RaftServerConfigKeys (ConfUtils.java:logGet(46)) - raft.server.leaderelection.leader.step-down.wait-time = 10s (default)
2023-09-12 21:06:06,875 [JUnit] INFO  server.RaftServerConfigKeys (ConfUtils.java:logGet(46)) - raft.server.storage.dir = [/home/runner/work/ozone/ozone/hadoop-ozone/integration-test/target/test-dir/MiniOzoneClusterImpl-b2199f83-407c-4d6c-939a-90a6ee7b9086/datanode-1/data/ratis] (custom)
2023-09-12 21:06:06,875 [406ee6b1-fa0c-4161-b052-c61e2a13dd66-NettyServerStreamRpc-bossGroup--thread1] INFO  logging.LoggingHandler (AbstractInternalLogger.java:log(148)) - [id: 0xb1322f1e] REGISTERED
2023-09-12 21:06:06,875 [406ee6b1-fa0c-4161-b052-c61e2a13dd66-NettyServerStreamRpc-bossGroup--thread1] INFO  logging.LoggingHandler (AbstractInternalLogger.java:log(148)) - [id: 0xb1322f1e] BIND: 0.0.0.0/0.0.0.0:15077
2023-09-12 21:06:06,875 [406ee6b1-fa0c-4161-b052-c61e2a13dd66-NettyServerStreamRpc-bossGroup--thread1] INFO  logging.LoggingHandler (AbstractInternalLogger.java:log(148)) - [id: 0xb1322f1e, L:/0:0:0:0:0:0:0:0:15077] ACTIVE
2023-09-12 21:06:06,876 [406ee6b1-fa0c-4161-b052-c61e2a13dd66-impl-thread1] INFO  server.RaftServer (RaftServerProxy.java:initGroupDir(258)) - 406ee6b1-fa0c-4161-b052-c61e2a13dd66: found a subdirectory /home/runner/work/ozone/ozone/hadoop-ozone/integration-test/target/test-dir/MiniOzoneClusterImpl-b2199f83-407c-4d6c-939a-90a6ee7b9086/datanode-1/data/ratis/tmp
2023-09-12 21:06:06,876 [406ee6b1-fa0c-4161-b052-c61e2a13dd66-impl-thread1] INFO  server.RaftServer (RaftServerProxy.java:initGroupDir(263)) - 406ee6b1-fa0c-4161-b052-c61e2a13dd66: The directory /home/runner/work/ozone/ozone/hadoop-ozone/integration-test/target/test-dir/MiniOzoneClusterImpl-b2199f83-407c-4d6c-939a-90a6ee7b9086/datanode-1/data/ratis/tmp is not a group directory; ignoring it. 
2023-09-12 21:06:06,876 [JUnit] INFO  replication.ReplicationServer (ReplicationServer.java:<init>(81)) - Initializing replication server with thread count = 10
2023-09-12 21:06:06,877 [JUnit] INFO  server.XceiverServerGrpc (XceiverServerGrpc.java:<init>(132)) - GrpcServer channel type EpollServerSocketChannel
2023-09-12 21:06:06,878 [JUnit] INFO  replication.ReplicationSupervisor (ReplicationSupervisor.java:build(155)) - Initializing replication supervisor with thread count = 10
2023-09-12 21:06:06,878 [JUnit] INFO  replication.ReplicationSupervisor (ReplicationSupervisor.java:nodeStateUpdated(307)) - Node state updated to IN_SERVICE, scaling executor pool size to 10
2023-09-12 21:06:06,880 [JUnit] INFO  http.BaseHttpServer (BaseHttpServer.java:newHttpServer2BuilderForOzone(223)) - Starting Web-server for hddsDatanode at: http://0.0.0.0:15071
2023-09-12 21:06:06,880 [JUnit] INFO  http.BaseHttpServer (BaseHttpServer.java:<init>(110)) - Hadoop Security Enabled: false Ozone Security Enabled: false Ozone HTTP Security Enabled: false 
2023-09-12 21:06:06,881 [JUnit] WARN  server.AuthenticationFilter (AuthenticationFilter.java:constructSecretProvider(240)) - Unable to initialize FileSignerSecretProvider, falling back to use random secrets. Reason: Could not read signature secret file: /home/runner/hadoop-http-auth-signature-secret
2023-09-12 21:06:06,882 [JUnit] INFO  http.HttpRequestLog (HttpRequestLog.java:getRequestLog(86)) - Http request log for http.requests.hddsDatanode is not defined
2023-09-12 21:06:06,883 [JUnit] INFO  http.HttpServer2 (HttpServer2.java:addGlobalFilter(1031)) - Added global filter 'safety' (class=org.apache.hadoop.hdds.server.http.HttpServer2$QuotingInputFilter)
2023-09-12 21:06:06,883 [JUnit] INFO  http.HttpServer2 (HttpServer2.java:addFilter(1007)) - Added filter static_user_filter (class=org.apache.hadoop.http.lib.StaticUserWebFilter$StaticUserFilter) to context hddsDatanode
2023-09-12 21:06:06,883 [JUnit] INFO  http.HttpServer2 (HttpServer2.java:addFilter(1015)) - Added filter static_user_filter (class=org.apache.hadoop.http.lib.StaticUserWebFilter$StaticUserFilter) to context logs
2023-09-12 21:06:06,883 [JUnit] INFO  http.HttpServer2 (HttpServer2.java:addFilter(1015)) - Added filter static_user_filter (class=org.apache.hadoop.http.lib.StaticUserWebFilter$StaticUserFilter) to context static
2023-09-12 21:06:06,884 [JUnit] INFO  http.BaseHttpServer (BaseHttpServer.java:<init>(189)) - HTTP server of hddsDatanode uses base directory /home/runner/work/ozone/ozone/hadoop-ozone/integration-test/target/test-dir/MiniOzoneClusterImpl-b2199f83-407c-4d6c-939a-90a6ee7b9086/datanode-1/meta/webserver
2023-09-12 21:06:06,884 [JUnit] INFO  http.HttpServer2 (HttpServer2.java:bindListener(1231)) - Jetty bound to port 15071
2023-09-12 21:06:06,884 [JUnit] INFO  server.Server (Server.java:doStart(375)) - jetty-9.4.51.v20230217; built: 2023-02-17T08:19:37.309Z; git: b45c405e4544384de066f814ed42ae3dceacdd49; jvm 1.8.0_382-b05
2023-09-12 21:06:06,885 [JUnit] INFO  server.session (DefaultSessionIdManager.java:doStart(334)) - DefaultSessionIdManager workerName=node0
2023-09-12 21:06:06,885 [JUnit] INFO  server.session (DefaultSessionIdManager.java:doStart(339)) - No SessionScavenger set, using defaults
2023-09-12 21:06:06,886 [JUnit] INFO  server.session (HouseKeeper.java:startScavenging(132)) - node0 Scavenging every 600000ms
2023-09-12 21:06:06,887 [JUnit] INFO  handler.ContextHandler (ContextHandler.java:doStart(921)) - Started o.e.j.s.ServletContextHandler@77397cfa{logs,/logs,file:///home/runner/work/ozone/ozone/hadoop-ozone/integration-test/target/log,AVAILABLE}
2023-09-12 21:06:06,887 [JUnit] INFO  handler.ContextHandler (ContextHandler.java:doStart(921)) - Started o.e.j.s.ServletContextHandler@3f6075ce{static,/static,jar:file:/home/runner/.m2/repository/org/apache/ozone/hdds-container-service/1.4.0-SNAPSHOT/hdds-container-service-1.4.0-SNAPSHOT.jar!/webapps/static,AVAILABLE}
2023-09-12 21:06:07,088 [JUnit] INFO  handler.ContextHandler (ContextHandler.java:doStart(921)) - Started o.e.j.w.WebAppContext@5d3bc563{hddsDatanode,/,file:///home/runner/work/ozone/ozone/hadoop-ozone/integration-test/target/test-dir/MiniOzoneClusterImpl-b2199f83-407c-4d6c-939a-90a6ee7b9086/datanode-1/meta/webserver/jetty-0_0_0_0-15071-hdds-container-service-1_4_0-SNAPSHOT_jar-_-any-6395862418711679383/webapp/,AVAILABLE}{jar:file:/home/runner/.m2/repository/org/apache/ozone/hdds-container-service/1.4.0-SNAPSHOT/hdds-container-service-1.4.0-SNAPSHOT.jar!/webapps/hddsDatanode}
2023-09-12 21:06:07,090 [JUnit] INFO  server.AbstractConnector (AbstractConnector.java:doStart(333)) - Started ServerConnector@3ed2983b{HTTP/1.1, (http/1.1)}{0.0.0.0:15071}
2023-09-12 21:06:07,090 [JUnit] INFO  server.Server (Server.java:doStart(415)) - Started @32163ms
2023-09-12 21:06:07,090 [JUnit] WARN  impl.MetricsSystemImpl (MetricsSystemImpl.java:register(279)) - Sink prometheus already exists!
2023-09-12 21:06:07,091 [JUnit] INFO  http.BaseHttpServer (BaseHttpServer.java:updateConnectorAddress(354)) - HTTP server of hddsDatanode listening at http://0.0.0.0:15071
2023-09-12 21:06:07,091 [JUnit] INFO  ipc.CallQueueManager (CallQueueManager.java:<init>(90)) - Using callQueue: class java.util.concurrent.LinkedBlockingQueue, queueCapacity: 100, scheduler: class org.apache.hadoop.ipc.DefaultRpcScheduler, ipcBackoff: false.
2023-09-12 21:06:07,091 [JUnit] INFO  ipc.Server (Server.java:<init>(1287)) - Listener at 0.0.0.0:15072
2023-09-12 21:06:07,091 [Socket Reader #1 for port 15072] INFO  ipc.Server (Server.java:run(1323)) - Starting Socket Reader #1 for port 15072
2023-09-12 21:06:07,097 [JUnit] INFO  ozone.HddsDatanodeService (HddsDatanodeService.java:start(315)) - Datanode start with admins: [runner]
2023-09-12 21:06:07,097 [JUnit] INFO  ozone.HddsDatanodeClientProtocolServer (HddsDatanodeClientProtocolServer.java:start(72)) - RPC server for Client /0.0.0.0:15072
2023-09-12 21:06:07,097 [IPC Server Responder] INFO  ipc.Server (Server.java:run(1562)) - IPC Server Responder: starting
2023-09-12 21:06:07,098 [IPC Server listener on 15072] INFO  ipc.Server (Server.java:run(1402)) - IPC Server listener on 15072: starting
2023-09-12 21:06:07,098 [JUnit] WARN  impl.MetricRegistriesImpl (MetricRegistriesImpl.java:addReporterRegistration(111)) - New reporters are added after registries were created. Some metrics will be missing from the reporter. Please add reporter before adding any new registry.
2023-09-12 21:06:07,098 [JUnit] WARN  impl.MetricRegistriesImpl (MetricRegistriesImpl.java:addReporterRegistration(111)) - New reporters are added after registries were created. Some metrics will be missing from the reporter. Please add reporter before adding any new registry.
2023-09-12 21:06:07,098 [JUnit] INFO  impl.MetricsSystemImpl (MetricsSystemImpl.java:init(158)) - HddsDatanode metrics system started (again)
2023-09-12 21:06:07,106 [Datanode State Machine Daemon Thread] INFO  statemachine.DatanodeStateMachine (DatanodeStateMachine.java:lambda$startDaemon$0(538)) - Ozone container server started.
2023-09-12 21:06:07,111 [JUnit] INFO  ozone.HddsDatanodeService (HddsDatanodeService.java:start(237)) - HddsDatanodeService host:fv-az740-690.qoj0rp3pihcejmpunbvrynwprc.phxx.internal.cloudapp.net ip:10.1.0.4
2023-09-12 21:06:07,120 [Datanode State Machine Task Thread - 0] INFO  datanode.InitDatanodeState (InitDatanodeState.java:persistContainerDatanodeDetails(138)) - DatanodeDetails is persisted to /home/runner/work/ozone/ozone/hadoop-ozone/integration-test/target/test-dir/MiniOzoneClusterImpl-b2199f83-407c-4d6c-939a-90a6ee7b9086/datanode-1/meta/datanode.id
2023-09-12 21:06:07,136 [JUnit] INFO  upgrade.AbstractLayoutVersionManager (AbstractLayoutVersionManager.java:init(83)) - Initializing Layout version manager with metadata layout = HADOOP_PRC_PORTS_IN_DATANODEDETAILS (version = 7), software layout = HADOOP_PRC_PORTS_IN_DATANODEDETAILS (version = 7)
2023-09-12 21:06:07,136 [JUnit] INFO  statemachine.DatanodeStateMachine (DatanodeStateMachine.java:getEndPointTaskThreadPoolSize(282)) - Datanode State Machine Task Thread Pool size 2
2023-09-12 21:06:07,138 [JUnit] INFO  volume.HddsVolume (HddsVolume.java:<init>(126)) - Creating HddsVolume: /home/runner/work/ozone/ozone/hadoop-ozone/integration-test/target/test-dir/MiniOzoneClusterImpl-b2199f83-407c-4d6c-939a-90a6ee7b9086/datanode-2/data-0/containers/hdds of storage type : DISK capacity : 9223372036854775807
2023-09-12 21:06:07,138 [JUnit] INFO  volume.MutableVolumeSet (MutableVolumeSet.java:initializeVolumeSet(173)) - Added Volume : /home/runner/work/ozone/ozone/hadoop-ozone/integration-test/target/test-dir/MiniOzoneClusterImpl-b2199f83-407c-4d6c-939a-90a6ee7b9086/datanode-2/data-0/containers/hdds to VolumeSet
2023-09-12 21:06:07,140 [JUnit] INFO  volume.MutableVolumeSet (MutableVolumeSet.java:initializeVolumeSet(173)) - Added Volume : /home/runner/work/ozone/ozone/hadoop-ozone/integration-test/target/test-dir/MiniOzoneClusterImpl-b2199f83-407c-4d6c-939a-90a6ee7b9086/datanode-2/data/ratis to VolumeSet
2023-09-12 21:06:07,141 [Thread-833] INFO  ozoneimpl.ContainerReader (ContainerReader.java:readVolume(177)) - Finish verifying containers on volume /home/runner/work/ozone/ozone/hadoop-ozone/integration-test/target/test-dir/MiniOzoneClusterImpl-b2199f83-407c-4d6c-939a-90a6ee7b9086/datanode-2/data-0/containers/hdds
2023-09-12 21:06:07,141 [JUnit] INFO  ozoneimpl.OzoneContainer (OzoneContainer.java:buildContainerSet(314)) - Build ContainerSet costs 0s
2023-09-12 21:06:07,146 [JUnit] INFO  server.RaftServer (ConfUtils.java:logGet(46)) - raft.rpc.type = GRPC (default)
2023-09-12 21:06:07,146 [JUnit] INFO  grpc.GrpcConfigKeys (ConfUtils.java:logFallback(53)) - raft.grpc.admin.host = null (fallback to raft.grpc.server.host)
2023-09-12 21:06:07,146 [JUnit] INFO  grpc.GrpcConfigKeys (ConfUtils.java:logGet(46)) - raft.grpc.admin.port = 15084 (custom)
2023-09-12 21:06:07,147 [JUnit] INFO  grpc.GrpcConfigKeys (ConfUtils.java:logFallback(53)) - raft.grpc.client.host = null (fallback to raft.grpc.server.host)
2023-09-12 21:06:07,147 [JUnit] INFO  grpc.GrpcConfigKeys (ConfUtils.java:logGet(46)) - raft.grpc.client.port = 15083 (custom)
2023-09-12 21:06:07,147 [JUnit] INFO  grpc.GrpcConfigKeys (ConfUtils.java:logGet(46)) - raft.grpc.server.host = null (default)
2023-09-12 21:06:07,147 [JUnit] INFO  grpc.GrpcConfigKeys (ConfUtils.java:logGet(46)) - raft.grpc.server.port = 15085 (custom)
2023-09-12 21:06:07,147 [JUnit] INFO  server.GrpcService (ConfUtils.java:logGet(46)) - raft.grpc.message.size.max = 32MB (=33554432) (custom)
2023-09-12 21:06:07,147 [JUnit] INFO  server.RaftServerConfigKeys (ConfUtils.java:logGet(46)) - raft.server.log.appender.buffer.byte-limit = 33554432 (custom)
2023-09-12 21:06:07,147 [JUnit] INFO  server.GrpcService (ConfUtils.java:logGet(46)) - raft.grpc.flow.control.window = 5MB (=5242880) (custom)
2023-09-12 21:06:07,147 [JUnit] INFO  server.RaftServerConfigKeys (ConfUtils.java:logGet(46)) - raft.server.rpc.request.timeout = 3000ms (default)
2023-09-12 21:06:07,147 [JUnit] INFO  grpc.GrpcConfigKeys (ConfUtils.java:logGet(46)) - raft.grpc.server.heartbeat.channel = true (default)
2023-09-12 21:06:07,147 [JUnit] INFO  grpc.GrpcConfigKeys (ConfUtils.java:logGet(46)) - raft.grpc.server.async.request.thread.pool.cached = true (default)
2023-09-12 21:06:07,147 [JUnit] INFO  grpc.GrpcConfigKeys (ConfUtils.java:logGet(46)) - raft.grpc.server.async.request.thread.pool.size = 32 (default)
2023-09-12 21:06:07,150 [JUnit] INFO  impl.DataStreamServerImpl (ConfUtils.java:logGet(46)) - raft.datastream.type = NETTY (custom)
2023-09-12 21:06:07,150 [JUnit] INFO  server.RaftServerConfigKeys (ConfUtils.java:logGet(46)) - raft.server.data-stream.async.request.thread.pool.cached = false (default)
2023-09-12 21:06:07,150 [JUnit] INFO  server.RaftServerConfigKeys (ConfUtils.java:logGet(46)) - raft.server.data-stream.async.request.thread.pool.size = 20 (custom)
2023-09-12 21:06:07,150 [JUnit] INFO  server.RaftServerConfigKeys (ConfUtils.java:logGet(46)) - raft.server.data-stream.async.write.thread.pool.size = 16 (default)
2023-09-12 21:06:07,150 [JUnit] INFO  server.RaftServerConfigKeys (ConfUtils.java:logGet(46)) - raft.server.data-stream.client.pool.size = 10 (default)
2023-09-12 21:06:07,150 [JUnit] INFO  netty.NettyConfigKeys$DataStream (ConfUtils.java:logGet(46)) - raft.netty.dataStream.server.use-epoll = false (default)
2023-09-12 21:06:07,150 [JUnit] INFO  netty.NettyConfigKeys$DataStream (ConfUtils.java:logGet(46)) - raft.netty.dataStream.server.boss-group.size = 0 (default)
2023-09-12 21:06:07,151 [JUnit] INFO  netty.NettyConfigKeys$DataStream (ConfUtils.java:logGet(46)) - raft.netty.dataStream.server.worker-group.size = 0 (default)
2023-09-12 21:06:07,151 [JUnit] INFO  netty.NettyConfigKeys$DataStream (ConfUtils.java:logGet(46)) - raft.netty.dataStream.server.tls.conf = null (default)
2023-09-12 21:06:07,151 [JUnit] INFO  netty.NettyConfigKeys$DataStream (ConfUtils.java:logGet(46)) - raft.netty.dataStream.host = null (default)
2023-09-12 21:06:07,151 [JUnit] INFO  netty.NettyConfigKeys$DataStream (ConfUtils.java:logGet(46)) - raft.netty.dataStream.port = 15086 (custom)
2023-09-12 21:06:07,152 [JUnit] INFO  server.RaftServerConfigKeys (ConfUtils.java:logGet(46)) - raft.server.threadpool.proxy.cached = true (default)
2023-09-12 21:06:07,152 [JUnit] INFO  server.RaftServerConfigKeys (ConfUtils.java:logGet(46)) - raft.server.threadpool.proxy.size = 0 (default)
2023-09-12 21:06:07,152 [JUnit] INFO  server.RaftServerConfigKeys (ConfUtils.java:logGet(46)) - raft.server.rpc.slowness.timeout = 300000ms (custom)
2023-09-12 21:06:07,152 [JUnit] INFO  server.RaftServerConfigKeys (ConfUtils.java:logGet(46)) - raft.server.leaderelection.leader.step-down.wait-time = 10s (default)
2023-09-12 21:06:07,152 [52e1c3a5-ad40-4f65-b13a-90cebad8bc80-NettyServerStreamRpc-bossGroup--thread1] INFO  logging.LoggingHandler (AbstractInternalLogger.java:log(148)) - [id: 0x79b4fc38] REGISTERED
2023-09-12 21:06:07,152 [JUnit] INFO  server.RaftServerConfigKeys (ConfUtils.java:logGet(46)) - raft.server.storage.dir = [/home/runner/work/ozone/ozone/hadoop-ozone/integration-test/target/test-dir/MiniOzoneClusterImpl-b2199f83-407c-4d6c-939a-90a6ee7b9086/datanode-2/data/ratis] (custom)
2023-09-12 21:06:07,152 [52e1c3a5-ad40-4f65-b13a-90cebad8bc80-NettyServerStreamRpc-bossGroup--thread1] INFO  logging.LoggingHandler (AbstractInternalLogger.java:log(148)) - [id: 0x79b4fc38] BIND: 0.0.0.0/0.0.0.0:15086
2023-09-12 21:06:07,152 [52e1c3a5-ad40-4f65-b13a-90cebad8bc80-NettyServerStreamRpc-bossGroup--thread1] INFO  logging.LoggingHandler (AbstractInternalLogger.java:log(148)) - [id: 0x79b4fc38, L:/0:0:0:0:0:0:0:0:15086] ACTIVE
2023-09-12 21:06:07,152 [52e1c3a5-ad40-4f65-b13a-90cebad8bc80-impl-thread1] INFO  server.RaftServer (RaftServerProxy.java:initGroupDir(258)) - 52e1c3a5-ad40-4f65-b13a-90cebad8bc80: found a subdirectory /home/runner/work/ozone/ozone/hadoop-ozone/integration-test/target/test-dir/MiniOzoneClusterImpl-b2199f83-407c-4d6c-939a-90a6ee7b9086/datanode-2/data/ratis/tmp
2023-09-12 21:06:07,153 [52e1c3a5-ad40-4f65-b13a-90cebad8bc80-impl-thread1] INFO  server.RaftServer (RaftServerProxy.java:initGroupDir(263)) - 52e1c3a5-ad40-4f65-b13a-90cebad8bc80: The directory /home/runner/work/ozone/ozone/hadoop-ozone/integration-test/target/test-dir/MiniOzoneClusterImpl-b2199f83-407c-4d6c-939a-90a6ee7b9086/datanode-2/data/ratis/tmp is not a group directory; ignoring it. 
2023-09-12 21:06:07,153 [JUnit] INFO  replication.ReplicationServer (ReplicationServer.java:<init>(81)) - Initializing replication server with thread count = 10
2023-09-12 21:06:07,154 [JUnit] INFO  server.XceiverServerGrpc (XceiverServerGrpc.java:<init>(132)) - GrpcServer channel type EpollServerSocketChannel
2023-09-12 21:06:07,155 [JUnit] INFO  replication.ReplicationSupervisor (ReplicationSupervisor.java:build(155)) - Initializing replication supervisor with thread count = 10
2023-09-12 21:06:07,155 [JUnit] INFO  replication.ReplicationSupervisor (ReplicationSupervisor.java:nodeStateUpdated(307)) - Node state updated to IN_SERVICE, scaling executor pool size to 10
2023-09-12 21:06:07,157 [JUnit] INFO  http.BaseHttpServer (BaseHttpServer.java:newHttpServer2BuilderForOzone(223)) - Starting Web-server for hddsDatanode at: http://0.0.0.0:15080
2023-09-12 21:06:07,157 [JUnit] INFO  http.BaseHttpServer (BaseHttpServer.java:<init>(110)) - Hadoop Security Enabled: false Ozone Security Enabled: false Ozone HTTP Security Enabled: false 
2023-09-12 21:06:07,158 [JUnit] WARN  server.AuthenticationFilter (AuthenticationFilter.java:constructSecretProvider(240)) - Unable to initialize FileSignerSecretProvider, falling back to use random secrets. Reason: Could not read signature secret file: /home/runner/hadoop-http-auth-signature-secret
2023-09-12 21:06:07,158 [JUnit] INFO  http.HttpRequestLog (HttpRequestLog.java:getRequestLog(86)) - Http request log for http.requests.hddsDatanode is not defined
2023-09-12 21:06:07,160 [JUnit] INFO  http.HttpServer2 (HttpServer2.java:addGlobalFilter(1031)) - Added global filter 'safety' (class=org.apache.hadoop.hdds.server.http.HttpServer2$QuotingInputFilter)
2023-09-12 21:06:07,163 [JUnit] INFO  http.HttpServer2 (HttpServer2.java:addFilter(1007)) - Added filter static_user_filter (class=org.apache.hadoop.http.lib.StaticUserWebFilter$StaticUserFilter) to context hddsDatanode
2023-09-12 21:06:07,163 [JUnit] INFO  http.HttpServer2 (HttpServer2.java:addFilter(1015)) - Added filter static_user_filter (class=org.apache.hadoop.http.lib.StaticUserWebFilter$StaticUserFilter) to context static
2023-09-12 21:06:07,163 [JUnit] INFO  http.HttpServer2 (HttpServer2.java:addFilter(1015)) - Added filter static_user_filter (class=org.apache.hadoop.http.lib.StaticUserWebFilter$StaticUserFilter) to context logs
2023-09-12 21:06:07,164 [JUnit] INFO  http.BaseHttpServer (BaseHttpServer.java:<init>(189)) - HTTP server of hddsDatanode uses base directory /home/runner/work/ozone/ozone/hadoop-ozone/integration-test/target/test-dir/MiniOzoneClusterImpl-b2199f83-407c-4d6c-939a-90a6ee7b9086/datanode-2/meta/webserver
2023-09-12 21:06:07,164 [JUnit] INFO  http.HttpServer2 (HttpServer2.java:bindListener(1231)) - Jetty bound to port 15080
2023-09-12 21:06:07,164 [JUnit] INFO  server.Server (Server.java:doStart(375)) - jetty-9.4.51.v20230217; built: 2023-02-17T08:19:37.309Z; git: b45c405e4544384de066f814ed42ae3dceacdd49; jvm 1.8.0_382-b05
2023-09-12 21:06:07,172 [JUnit] INFO  server.session (DefaultSessionIdManager.java:doStart(334)) - DefaultSessionIdManager workerName=node0
2023-09-12 21:06:07,172 [JUnit] INFO  server.session (DefaultSessionIdManager.java:doStart(339)) - No SessionScavenger set, using defaults
2023-09-12 21:06:07,172 [JUnit] INFO  server.session (HouseKeeper.java:startScavenging(132)) - node0 Scavenging every 660000ms
2023-09-12 21:06:07,173 [JUnit] INFO  handler.ContextHandler (ContextHandler.java:doStart(921)) - Started o.e.j.s.ServletContextHandler@2455bb88{logs,/logs,file:///home/runner/work/ozone/ozone/hadoop-ozone/integration-test/target/log,AVAILABLE}
2023-09-12 21:06:07,173 [JUnit] INFO  handler.ContextHandler (ContextHandler.java:doStart(921)) - Started o.e.j.s.ServletContextHandler@6cc41d64{static,/static,jar:file:/home/runner/.m2/repository/org/apache/ozone/hdds-container-service/1.4.0-SNAPSHOT/hdds-container-service-1.4.0-SNAPSHOT.jar!/webapps/static,AVAILABLE}
2023-09-12 21:06:07,376 [JUnit] INFO  handler.ContextHandler (ContextHandler.java:doStart(921)) - Started o.e.j.w.WebAppContext@19380c83{hddsDatanode,/,file:///home/runner/work/ozone/ozone/hadoop-ozone/integration-test/target/test-dir/MiniOzoneClusterImpl-b2199f83-407c-4d6c-939a-90a6ee7b9086/datanode-2/meta/webserver/jetty-0_0_0_0-15080-hdds-container-service-1_4_0-SNAPSHOT_jar-_-any-8962388133640056637/webapp/,AVAILABLE}{jar:file:/home/runner/.m2/repository/org/apache/ozone/hdds-container-service/1.4.0-SNAPSHOT/hdds-container-service-1.4.0-SNAPSHOT.jar!/webapps/hddsDatanode}
2023-09-12 21:06:07,379 [JUnit] INFO  server.AbstractConnector (AbstractConnector.java:doStart(333)) - Started ServerConnector@1a686df0{HTTP/1.1, (http/1.1)}{0.0.0.0:15080}
2023-09-12 21:06:07,379 [JUnit] INFO  server.Server (Server.java:doStart(415)) - Started @32452ms
2023-09-12 21:06:07,379 [JUnit] WARN  impl.MetricsSystemImpl (MetricsSystemImpl.java:register(279)) - Sink prometheus already exists!
2023-09-12 21:06:07,380 [JUnit] INFO  http.BaseHttpServer (BaseHttpServer.java:updateConnectorAddress(354)) - HTTP server of hddsDatanode listening at http://0.0.0.0:15080
2023-09-12 21:06:07,380 [JUnit] INFO  ipc.CallQueueManager (CallQueueManager.java:<init>(90)) - Using callQueue: class java.util.concurrent.LinkedBlockingQueue, queueCapacity: 100, scheduler: class org.apache.hadoop.ipc.DefaultRpcScheduler, ipcBackoff: false.
2023-09-12 21:06:07,381 [JUnit] INFO  ipc.Server (Server.java:<init>(1287)) - Listener at 0.0.0.0:15081
2023-09-12 21:06:07,381 [Socket Reader #1 for port 15081] INFO  ipc.Server (Server.java:run(1323)) - Starting Socket Reader #1 for port 15081
2023-09-12 21:06:07,387 [JUnit] INFO  ozone.HddsDatanodeService (HddsDatanodeService.java:start(315)) - Datanode start with admins: [runner]
2023-09-12 21:06:07,387 [JUnit] INFO  ozone.HddsDatanodeClientProtocolServer (HddsDatanodeClientProtocolServer.java:start(72)) - RPC server for Client /0.0.0.0:15081
2023-09-12 21:06:07,387 [IPC Server Responder] INFO  ipc.Server (Server.java:run(1562)) - IPC Server Responder: starting
2023-09-12 21:06:07,388 [IPC Server listener on 15081] INFO  ipc.Server (Server.java:run(1402)) - IPC Server listener on 15081: starting
2023-09-12 21:06:07,388 [Datanode State Machine Daemon Thread] INFO  statemachine.DatanodeStateMachine (DatanodeStateMachine.java:lambda$startDaemon$0(538)) - Ozone container server started.
2023-09-12 21:06:07,388 [JUnit] WARN  impl.MetricRegistriesImpl (MetricRegistriesImpl.java:addReporterRegistration(111)) - New reporters are added after registries were created. Some metrics will be missing from the reporter. Please add reporter before adding any new registry.
2023-09-12 21:06:07,388 [JUnit] WARN  impl.MetricRegistriesImpl (MetricRegistriesImpl.java:addReporterRegistration(111)) - New reporters are added after registries were created. Some metrics will be missing from the reporter. Please add reporter before adding any new registry.
2023-09-12 21:06:07,388 [JUnit] INFO  impl.MetricsSystemImpl (MetricsSystemImpl.java:init(158)) - HddsDatanode metrics system started (again)
2023-09-12 21:06:07,397 [Datanode State Machine Task Thread - 0] INFO  datanode.InitDatanodeState (InitDatanodeState.java:persistContainerDatanodeDetails(138)) - DatanodeDetails is persisted to /home/runner/work/ozone/ozone/hadoop-ozone/integration-test/target/test-dir/MiniOzoneClusterImpl-b2199f83-407c-4d6c-939a-90a6ee7b9086/datanode-2/meta/datanode.id
2023-09-12 21:06:07,400 [JUnit] INFO  ozone.HddsDatanodeService (HddsDatanodeService.java:start(237)) - HddsDatanodeService host:fv-az740-690.qoj0rp3pihcejmpunbvrynwprc.phxx.internal.cloudapp.net ip:10.1.0.4
2023-09-12 21:06:07,419 [JUnit] INFO  upgrade.AbstractLayoutVersionManager (AbstractLayoutVersionManager.java:init(83)) - Initializing Layout version manager with metadata layout = HADOOP_PRC_PORTS_IN_DATANODEDETAILS (version = 7), software layout = HADOOP_PRC_PORTS_IN_DATANODEDETAILS (version = 7)
2023-09-12 21:06:07,420 [JUnit] INFO  statemachine.DatanodeStateMachine (DatanodeStateMachine.java:getEndPointTaskThreadPoolSize(282)) - Datanode State Machine Task Thread Pool size 2
2023-09-12 21:06:07,421 [JUnit] INFO  volume.HddsVolume (HddsVolume.java:<init>(126)) - Creating HddsVolume: /home/runner/work/ozone/ozone/hadoop-ozone/integration-test/target/test-dir/MiniOzoneClusterImpl-b2199f83-407c-4d6c-939a-90a6ee7b9086/datanode-3/data-0/containers/hdds of storage type : DISK capacity : 9223372036854775807
2023-09-12 21:06:07,421 [JUnit] INFO  volume.MutableVolumeSet (MutableVolumeSet.java:initializeVolumeSet(173)) - Added Volume : /home/runner/work/ozone/ozone/hadoop-ozone/integration-test/target/test-dir/MiniOzoneClusterImpl-b2199f83-407c-4d6c-939a-90a6ee7b9086/datanode-3/data-0/containers/hdds to VolumeSet
2023-09-12 21:06:07,422 [JUnit] INFO  volume.MutableVolumeSet (MutableVolumeSet.java:initializeVolumeSet(173)) - Added Volume : /home/runner/work/ozone/ozone/hadoop-ozone/integration-test/target/test-dir/MiniOzoneClusterImpl-b2199f83-407c-4d6c-939a-90a6ee7b9086/datanode-3/data/ratis to VolumeSet
2023-09-12 21:06:07,422 [Thread-850] INFO  ozoneimpl.ContainerReader (ContainerReader.java:readVolume(177)) - Finish verifying containers on volume /home/runner/work/ozone/ozone/hadoop-ozone/integration-test/target/test-dir/MiniOzoneClusterImpl-b2199f83-407c-4d6c-939a-90a6ee7b9086/datanode-3/data-0/containers/hdds
2023-09-12 21:06:07,422 [JUnit] INFO  ozoneimpl.OzoneContainer (OzoneContainer.java:buildContainerSet(314)) - Build ContainerSet costs 0s
2023-09-12 21:06:07,424 [JUnit] INFO  server.RaftServer (ConfUtils.java:logGet(46)) - raft.rpc.type = GRPC (default)
2023-09-12 21:06:07,424 [JUnit] INFO  grpc.GrpcConfigKeys (ConfUtils.java:logFallback(53)) - raft.grpc.admin.host = null (fallback to raft.grpc.server.host)
2023-09-12 21:06:07,424 [JUnit] INFO  grpc.GrpcConfigKeys (ConfUtils.java:logGet(46)) - raft.grpc.admin.port = 15093 (custom)
2023-09-12 21:06:07,424 [JUnit] INFO  grpc.GrpcConfigKeys (ConfUtils.java:logFallback(53)) - raft.grpc.client.host = null (fallback to raft.grpc.server.host)
2023-09-12 21:06:07,424 [JUnit] INFO  grpc.GrpcConfigKeys (ConfUtils.java:logGet(46)) - raft.grpc.client.port = 15092 (custom)
2023-09-12 21:06:07,425 [JUnit] INFO  grpc.GrpcConfigKeys (ConfUtils.java:logGet(46)) - raft.grpc.server.host = null (default)
2023-09-12 21:06:07,425 [JUnit] INFO  grpc.GrpcConfigKeys (ConfUtils.java:logGet(46)) - raft.grpc.server.port = 15094 (custom)
2023-09-12 21:06:07,425 [JUnit] INFO  server.GrpcService (ConfUtils.java:logGet(46)) - raft.grpc.message.size.max = 32MB (=33554432) (custom)
2023-09-12 21:06:07,425 [JUnit] INFO  server.RaftServerConfigKeys (ConfUtils.java:logGet(46)) - raft.server.log.appender.buffer.byte-limit = 33554432 (custom)
2023-09-12 21:06:07,425 [JUnit] INFO  server.GrpcService (ConfUtils.java:logGet(46)) - raft.grpc.flow.control.window = 5MB (=5242880) (custom)
2023-09-12 21:06:07,425 [JUnit] INFO  server.RaftServerConfigKeys (ConfUtils.java:logGet(46)) - raft.server.rpc.request.timeout = 3000ms (default)
2023-09-12 21:06:07,425 [JUnit] INFO  grpc.GrpcConfigKeys (ConfUtils.java:logGet(46)) - raft.grpc.server.heartbeat.channel = true (default)
2023-09-12 21:06:07,425 [JUnit] INFO  grpc.GrpcConfigKeys (ConfUtils.java:logGet(46)) - raft.grpc.server.async.request.thread.pool.cached = true (default)
2023-09-12 21:06:07,425 [JUnit] INFO  grpc.GrpcConfigKeys (ConfUtils.java:logGet(46)) - raft.grpc.server.async.request.thread.pool.size = 32 (default)
2023-09-12 21:06:07,427 [JUnit] INFO  impl.DataStreamServerImpl (ConfUtils.java:logGet(46)) - raft.datastream.type = NETTY (custom)
2023-09-12 21:06:07,427 [JUnit] INFO  server.RaftServerConfigKeys (ConfUtils.java:logGet(46)) - raft.server.data-stream.async.request.thread.pool.cached = false (default)
2023-09-12 21:06:07,428 [JUnit] INFO  server.RaftServerConfigKeys (ConfUtils.java:logGet(46)) - raft.server.data-stream.async.request.thread.pool.size = 20 (custom)
2023-09-12 21:06:07,428 [JUnit] INFO  server.RaftServerConfigKeys (ConfUtils.java:logGet(46)) - raft.server.data-stream.async.write.thread.pool.size = 16 (default)
2023-09-12 21:06:07,428 [JUnit] INFO  server.RaftServerConfigKeys (ConfUtils.java:logGet(46)) - raft.server.data-stream.client.pool.size = 10 (default)
2023-09-12 21:06:07,428 [JUnit] INFO  netty.NettyConfigKeys$DataStream (ConfUtils.java:logGet(46)) - raft.netty.dataStream.server.use-epoll = false (default)
2023-09-12 21:06:07,428 [JUnit] INFO  netty.NettyConfigKeys$DataStream (ConfUtils.java:logGet(46)) - raft.netty.dataStream.server.boss-group.size = 0 (default)
2023-09-12 21:06:07,428 [JUnit] INFO  netty.NettyConfigKeys$DataStream (ConfUtils.java:logGet(46)) - raft.netty.dataStream.server.worker-group.size = 0 (default)
2023-09-12 21:06:07,429 [JUnit] INFO  netty.NettyConfigKeys$DataStream (ConfUtils.java:logGet(46)) - raft.netty.dataStream.server.tls.conf = null (default)
2023-09-12 21:06:07,429 [JUnit] INFO  netty.NettyConfigKeys$DataStream (ConfUtils.java:logGet(46)) - raft.netty.dataStream.host = null (default)
2023-09-12 21:06:07,429 [JUnit] INFO  netty.NettyConfigKeys$DataStream (ConfUtils.java:logGet(46)) - raft.netty.dataStream.port = 15095 (custom)
2023-09-12 21:06:07,429 [JUnit] INFO  server.RaftServerConfigKeys (ConfUtils.java:logGet(46)) - raft.server.threadpool.proxy.cached = true (default)
2023-09-12 21:06:07,429 [JUnit] INFO  server.RaftServerConfigKeys (ConfUtils.java:logGet(46)) - raft.server.threadpool.proxy.size = 0 (default)
2023-09-12 21:06:07,429 [JUnit] INFO  server.RaftServerConfigKeys (ConfUtils.java:logGet(46)) - raft.server.rpc.slowness.timeout = 300000ms (custom)
2023-09-12 21:06:07,429 [JUnit] INFO  server.RaftServerConfigKeys (ConfUtils.java:logGet(46)) - raft.server.leaderelection.leader.step-down.wait-time = 10s (default)
2023-09-12 21:06:07,429 [848a01ca-5184-442c-a48d-c49485176211-NettyServerStreamRpc-bossGroup--thread1] INFO  logging.LoggingHandler (AbstractInternalLogger.java:log(148)) - [id: 0x47a976f6] REGISTERED
2023-09-12 21:06:07,430 [JUnit] INFO  server.RaftServerConfigKeys (ConfUtils.java:logGet(46)) - raft.server.storage.dir = [/home/runner/work/ozone/ozone/hadoop-ozone/integration-test/target/test-dir/MiniOzoneClusterImpl-b2199f83-407c-4d6c-939a-90a6ee7b9086/datanode-3/data/ratis] (custom)
2023-09-12 21:06:07,430 [848a01ca-5184-442c-a48d-c49485176211-NettyServerStreamRpc-bossGroup--thread1] INFO  logging.LoggingHandler (AbstractInternalLogger.java:log(148)) - [id: 0x47a976f6] BIND: 0.0.0.0/0.0.0.0:15095
2023-09-12 21:06:07,430 [848a01ca-5184-442c-a48d-c49485176211-NettyServerStreamRpc-bossGroup--thread1] INFO  logging.LoggingHandler (AbstractInternalLogger.java:log(148)) - [id: 0x47a976f6, L:/0:0:0:0:0:0:0:0:15095] ACTIVE
2023-09-12 21:06:07,430 [848a01ca-5184-442c-a48d-c49485176211-impl-thread1] INFO  server.RaftServer (RaftServerProxy.java:initGroupDir(258)) - 848a01ca-5184-442c-a48d-c49485176211: found a subdirectory /home/runner/work/ozone/ozone/hadoop-ozone/integration-test/target/test-dir/MiniOzoneClusterImpl-b2199f83-407c-4d6c-939a-90a6ee7b9086/datanode-3/data/ratis/tmp
2023-09-12 21:06:07,430 [848a01ca-5184-442c-a48d-c49485176211-impl-thread1] INFO  server.RaftServer (RaftServerProxy.java:initGroupDir(263)) - 848a01ca-5184-442c-a48d-c49485176211: The directory /home/runner/work/ozone/ozone/hadoop-ozone/integration-test/target/test-dir/MiniOzoneClusterImpl-b2199f83-407c-4d6c-939a-90a6ee7b9086/datanode-3/data/ratis/tmp is not a group directory; ignoring it. 
2023-09-12 21:06:07,430 [JUnit] INFO  replication.ReplicationServer (ReplicationServer.java:<init>(81)) - Initializing replication server with thread count = 10
2023-09-12 21:06:07,431 [JUnit] INFO  server.XceiverServerGrpc (XceiverServerGrpc.java:<init>(132)) - GrpcServer channel type EpollServerSocketChannel
2023-09-12 21:06:07,432 [JUnit] INFO  replication.ReplicationSupervisor (ReplicationSupervisor.java:build(155)) - Initializing replication supervisor with thread count = 10
2023-09-12 21:06:07,432 [JUnit] INFO  replication.ReplicationSupervisor (ReplicationSupervisor.java:nodeStateUpdated(307)) - Node state updated to IN_SERVICE, scaling executor pool size to 10
2023-09-12 21:06:07,434 [JUnit] INFO  http.BaseHttpServer (BaseHttpServer.java:newHttpServer2BuilderForOzone(223)) - Starting Web-server for hddsDatanode at: http://0.0.0.0:15089
2023-09-12 21:06:07,434 [JUnit] INFO  http.BaseHttpServer (BaseHttpServer.java:<init>(110)) - Hadoop Security Enabled: false Ozone Security Enabled: false Ozone HTTP Security Enabled: false 
2023-09-12 21:06:07,435 [JUnit] WARN  server.AuthenticationFilter (AuthenticationFilter.java:constructSecretProvider(240)) - Unable to initialize FileSignerSecretProvider, falling back to use random secrets. Reason: Could not read signature secret file: /home/runner/hadoop-http-auth-signature-secret
2023-09-12 21:06:07,436 [JUnit] INFO  http.HttpRequestLog (HttpRequestLog.java:getRequestLog(86)) - Http request log for http.requests.hddsDatanode is not defined
2023-09-12 21:06:07,437 [JUnit] INFO  http.HttpServer2 (HttpServer2.java:addGlobalFilter(1031)) - Added global filter 'safety' (class=org.apache.hadoop.hdds.server.http.HttpServer2$QuotingInputFilter)
2023-09-12 21:06:07,437 [JUnit] INFO  http.HttpServer2 (HttpServer2.java:addFilter(1007)) - Added filter static_user_filter (class=org.apache.hadoop.http.lib.StaticUserWebFilter$StaticUserFilter) to context hddsDatanode
2023-09-12 21:06:07,437 [JUnit] INFO  http.HttpServer2 (HttpServer2.java:addFilter(1015)) - Added filter static_user_filter (class=org.apache.hadoop.http.lib.StaticUserWebFilter$StaticUserFilter) to context logs
2023-09-12 21:06:07,438 [JUnit] INFO  http.HttpServer2 (HttpServer2.java:addFilter(1015)) - Added filter static_user_filter (class=org.apache.hadoop.http.lib.StaticUserWebFilter$StaticUserFilter) to context static
2023-09-12 21:06:07,438 [JUnit] INFO  http.BaseHttpServer (BaseHttpServer.java:<init>(189)) - HTTP server of hddsDatanode uses base directory /home/runner/work/ozone/ozone/hadoop-ozone/integration-test/target/test-dir/MiniOzoneClusterImpl-b2199f83-407c-4d6c-939a-90a6ee7b9086/datanode-3/meta/webserver
2023-09-12 21:06:07,438 [JUnit] INFO  http.HttpServer2 (HttpServer2.java:bindListener(1231)) - Jetty bound to port 15089
2023-09-12 21:06:07,438 [JUnit] INFO  server.Server (Server.java:doStart(375)) - jetty-9.4.51.v20230217; built: 2023-02-17T08:19:37.309Z; git: b45c405e4544384de066f814ed42ae3dceacdd49; jvm 1.8.0_382-b05
2023-09-12 21:06:07,445 [JUnit] INFO  server.session (DefaultSessionIdManager.java:doStart(334)) - DefaultSessionIdManager workerName=node0
2023-09-12 21:06:07,445 [JUnit] INFO  server.session (DefaultSessionIdManager.java:doStart(339)) - No SessionScavenger set, using defaults
2023-09-12 21:06:07,445 [JUnit] INFO  server.session (HouseKeeper.java:startScavenging(132)) - node0 Scavenging every 600000ms
2023-09-12 21:06:07,446 [JUnit] INFO  handler.ContextHandler (ContextHandler.java:doStart(921)) - Started o.e.j.s.ServletContextHandler@3b88bff8{logs,/logs,file:///home/runner/work/ozone/ozone/hadoop-ozone/integration-test/target/log,AVAILABLE}
2023-09-12 21:06:07,446 [JUnit] INFO  handler.ContextHandler (ContextHandler.java:doStart(921)) - Started o.e.j.s.ServletContextHandler@5b881cae{static,/static,jar:file:/home/runner/.m2/repository/org/apache/ozone/hdds-container-service/1.4.0-SNAPSHOT/hdds-container-service-1.4.0-SNAPSHOT.jar!/webapps/static,AVAILABLE}
2023-09-12 21:06:07,651 [om1@group-C5BA1605619E-FollowerState] INFO  impl.FollowerState (FollowerState.java:run(143)) - om1@group-C5BA1605619E-FollowerState: change to CANDIDATE, lastRpcElapsedTime:1140194854ns, electionTimeout:1139ms
2023-09-12 21:06:07,651 [om1@group-C5BA1605619E-FollowerState] INFO  impl.RoleInfo (RoleInfo.java:shutdownFollowerState(110)) - om1: shutdown om1@group-C5BA1605619E-FollowerState
2023-09-12 21:06:07,651 [om1@group-C5BA1605619E-FollowerState] INFO  server.RaftServer$Division (RaftServerImpl.java:setRole(329)) - om1@group-C5BA1605619E: changes role from  FOLLOWER to CANDIDATE at term 0 for changeToCandidate
2023-09-12 21:06:07,651 [om1@group-C5BA1605619E-FollowerState] INFO  server.RaftServerConfigKeys (ConfUtils.java:logGet(46)) - raft.server.leaderelection.pre-vote = true (default)
2023-09-12 21:06:07,651 [om1@group-C5BA1605619E-FollowerState] INFO  impl.RoleInfo (RoleInfo.java:updateAndGet(139)) - om1: start om1@group-C5BA1605619E-LeaderElection10
2023-09-12 21:06:07,653 [om1@group-C5BA1605619E-LeaderElection10] INFO  impl.LeaderElection (LeaderElection.java:askForVotes(321)) - om1@group-C5BA1605619E-LeaderElection10 PRE_VOTE round 0: submit vote requests at term 0 for -1: peers:[om1|rpc:localhost:15060|priority:0|startupRole:FOLLOWER]|listeners:[], old=null
2023-09-12 21:06:07,653 [om1@group-C5BA1605619E-LeaderElection10] INFO  impl.LeaderElection (LeaderElection.java:askForVotes(323)) - om1@group-C5BA1605619E-LeaderElection10 PRE_VOTE round 0: result PASSED (term=0)
2023-09-12 21:06:07,654 [om1@group-C5BA1605619E-LeaderElection10] INFO  impl.LeaderElection (LeaderElection.java:askForVotes(321)) - om1@group-C5BA1605619E-LeaderElection10 ELECTION round 0: submit vote requests at term 1 for -1: peers:[om1|rpc:localhost:15060|priority:0|startupRole:FOLLOWER]|listeners:[], old=null
2023-09-12 21:06:07,654 [om1@group-C5BA1605619E-LeaderElection10] INFO  impl.LeaderElection (LeaderElection.java:askForVotes(323)) - om1@group-C5BA1605619E-LeaderElection10 ELECTION round 0: result PASSED (term=1)
2023-09-12 21:06:07,655 [om1@group-C5BA1605619E-LeaderElection10] INFO  impl.RoleInfo (RoleInfo.java:shutdownLeaderElection(130)) - om1: shutdown om1@group-C5BA1605619E-LeaderElection10
2023-09-12 21:06:07,657 [om1@group-C5BA1605619E-LeaderElection10] INFO  server.RaftServer$Division (RaftServerImpl.java:setRole(329)) - om1@group-C5BA1605619E: changes role from CANDIDATE to LEADER at term 1 for changeToLeader
2023-09-12 21:06:07,657 [om1@group-C5BA1605619E-LeaderElection10] INFO  server.RaftServer$Division (ServerState.java:setLeader(317)) - om1@group-C5BA1605619E: change Leader from null to om1 at term 1 for becomeLeader, leader elected after 1681ms
2023-09-12 21:06:07,657 [om1@group-C5BA1605619E-LeaderElection10] INFO  server.RaftServerConfigKeys (ConfUtils.java:logGet(46)) - raft.server.staging.catchup.gap = 1000 (default)
2023-09-12 21:06:07,658 [om1@group-C5BA1605619E-LeaderElection10] INFO  server.RaftServerConfigKeys (ConfUtils.java:logGet(46)) - raft.server.write.element-limit = 4096 (default)
2023-09-12 21:06:07,658 [om1@group-C5BA1605619E-LeaderElection10] INFO  server.RaftServerConfigKeys (ConfUtils.java:logGet(46)) - raft.server.write.byte-limit = 64MB (=67108864) (default)
2023-09-12 21:06:07,658 [om1@group-C5BA1605619E-LeaderElection10] INFO  server.RaftServerConfigKeys (ConfUtils.java:logGet(46)) - raft.server.watch.timeout = 10s (default)
2023-09-12 21:06:07,658 [om1@group-C5BA1605619E-LeaderElection10] INFO  server.RaftServerConfigKeys (ConfUtils.java:logGet(46)) - raft.server.watch.timeout.denomination = 1s (default)
2023-09-12 21:06:07,658 [om1@group-C5BA1605619E-LeaderElection10] INFO  server.RaftServerConfigKeys (ConfUtils.java:logGet(46)) - raft.server.watch.element-limit = 65536 (default)
2023-09-12 21:06:07,658 [om1@group-C5BA1605619E-LeaderElection10] INFO  server.RaftServerConfigKeys (ConfUtils.java:logGet(46)) - raft.server.write.element-limit = 4096 (default)
2023-09-12 21:06:07,658 [om1@group-C5BA1605619E-LeaderElection10] INFO  server.RaftServerConfigKeys (ConfUtils.java:logGet(46)) - raft.server.write.follower.gap.ratio.max = -1.0 (default)
2023-09-12 21:06:07,658 [om1@group-C5BA1605619E-LeaderElection10] INFO  impl.RoleInfo (RoleInfo.java:updateAndGet(139)) - om1: start om1@group-C5BA1605619E-LeaderStateImpl
2023-09-12 21:06:07,658 [om1@group-C5BA1605619E-LeaderElection10] INFO  segmented.SegmentedRaftLogWorker (SegmentedRaftLogWorker.java:startLogSegment(447)) - om1@group-C5BA1605619E-SegmentedRaftLogWorker: Starting segment from index:0
2023-09-12 21:06:07,667 [om1@group-C5BA1605619E-SegmentedRaftLogWorker] INFO  segmented.SegmentedRaftLogWorker (SegmentedRaftLogWorker.java:execute(651)) - om1@group-C5BA1605619E-SegmentedRaftLogWorker: created new log segment /home/runner/work/ozone/ozone/hadoop-ozone/integration-test/target/test-dir/MiniOzoneClusterImpl-b2199f83-407c-4d6c-939a-90a6ee7b9086/ozone-meta/ratis/bf265839-605b-3f16-9796-c5ba1605619e/current/log_inprogress_0
2023-09-12 21:06:07,667 [om1@group-C5BA1605619E-LeaderElection10] INFO  server.RaftServer$Division (ServerState.java:setRaftConf(434)) - om1@group-C5BA1605619E: set configuration 0: peers:[om1|rpc:localhost:15060|admin:|client:|dataStream:|priority:0|startupRole:FOLLOWER]|listeners:[], old=null
2023-09-12 21:06:07,669 [om1@group-C5BA1605619E-StateMachineUpdater] INFO  ratis.OzoneManagerStateMachine (OzoneManagerStateMachine.java:notifyConfigurationChanged(202)) - Received Configuration change notification from Ratis. New Peer list:
[id: "om1"
address: "localhost:15060"
startupRole: FOLLOWER
]
2023-09-12 21:06:07,711 [JUnit] INFO  handler.ContextHandler (ContextHandler.java:doStart(921)) - Started o.e.j.w.WebAppContext@7b597ad{hddsDatanode,/,file:///home/runner/work/ozone/ozone/hadoop-ozone/integration-test/target/test-dir/MiniOzoneClusterImpl-b2199f83-407c-4d6c-939a-90a6ee7b9086/datanode-3/meta/webserver/jetty-0_0_0_0-15089-hdds-container-service-1_4_0-SNAPSHOT_jar-_-any-698893169578644820/webapp/,AVAILABLE}{jar:file:/home/runner/.m2/repository/org/apache/ozone/hdds-container-service/1.4.0-SNAPSHOT/hdds-container-service-1.4.0-SNAPSHOT.jar!/webapps/hddsDatanode}
2023-09-12 21:06:07,712 [JUnit] INFO  server.AbstractConnector (AbstractConnector.java:doStart(333)) - Started ServerConnector@2af377af{HTTP/1.1, (http/1.1)}{0.0.0.0:15089}
2023-09-12 21:06:07,712 [JUnit] INFO  server.Server (Server.java:doStart(415)) - Started @32786ms
2023-09-12 21:06:07,712 [JUnit] WARN  impl.MetricsSystemImpl (MetricsSystemImpl.java:register(279)) - Sink prometheus already exists!
2023-09-12 21:06:07,713 [JUnit] INFO  http.BaseHttpServer (BaseHttpServer.java:updateConnectorAddress(354)) - HTTP server of hddsDatanode listening at http://0.0.0.0:15089
2023-09-12 21:06:07,713 [JUnit] INFO  ipc.CallQueueManager (CallQueueManager.java:<init>(90)) - Using callQueue: class java.util.concurrent.LinkedBlockingQueue, queueCapacity: 100, scheduler: class org.apache.hadoop.ipc.DefaultRpcScheduler, ipcBackoff: false.
2023-09-12 21:06:07,714 [JUnit] INFO  ipc.Server (Server.java:<init>(1287)) - Listener at 0.0.0.0:15090
2023-09-12 21:06:07,714 [Socket Reader #1 for port 15090] INFO  ipc.Server (Server.java:run(1323)) - Starting Socket Reader #1 for port 15090
2023-09-12 21:06:07,720 [JUnit] INFO  ozone.HddsDatanodeService (HddsDatanodeService.java:start(315)) - Datanode start with admins: [runner]
2023-09-12 21:06:07,720 [JUnit] INFO  ozone.HddsDatanodeClientProtocolServer (HddsDatanodeClientProtocolServer.java:start(72)) - RPC server for Client /0.0.0.0:15090
2023-09-12 21:06:07,720 [IPC Server Responder] INFO  ipc.Server (Server.java:run(1562)) - IPC Server Responder: starting
2023-09-12 21:06:07,720 [IPC Server listener on 15090] INFO  ipc.Server (Server.java:run(1402)) - IPC Server listener on 15090: starting
2023-09-12 21:06:07,721 [JUnit] WARN  impl.MetricRegistriesImpl (MetricRegistriesImpl.java:addReporterRegistration(111)) - New reporters are added after registries were created. Some metrics will be missing from the reporter. Please add reporter before adding any new registry.
2023-09-12 21:06:07,721 [JUnit] WARN  impl.MetricRegistriesImpl (MetricRegistriesImpl.java:addReporterRegistration(111)) - New reporters are added after registries were created. Some metrics will be missing from the reporter. Please add reporter before adding any new registry.
2023-09-12 21:06:07,721 [JUnit] INFO  impl.MetricsSystemImpl (MetricsSystemImpl.java:init(158)) - HddsDatanode metrics system started (again)
2023-09-12 21:06:07,723 [Datanode State Machine Daemon Thread] INFO  statemachine.DatanodeStateMachine (DatanodeStateMachine.java:lambda$startDaemon$0(538)) - Ozone container server started.
2023-09-12 21:06:07,728 [Datanode State Machine Task Thread - 0] INFO  datanode.InitDatanodeState (InitDatanodeState.java:persistContainerDatanodeDetails(138)) - DatanodeDetails is persisted to /home/runner/work/ozone/ozone/hadoop-ozone/integration-test/target/test-dir/MiniOzoneClusterImpl-b2199f83-407c-4d6c-939a-90a6ee7b9086/datanode-3/meta/datanode.id
2023-09-12 21:06:07,733 [JUnit] INFO  ozone.HddsDatanodeService (HddsDatanodeService.java:start(237)) - HddsDatanodeService host:fv-az740-690.qoj0rp3pihcejmpunbvrynwprc.phxx.internal.cloudapp.net ip:10.1.0.4
2023-09-12 21:06:07,760 [JUnit] INFO  upgrade.AbstractLayoutVersionManager (AbstractLayoutVersionManager.java:init(83)) - Initializing Layout version manager with metadata layout = HADOOP_PRC_PORTS_IN_DATANODEDETAILS (version = 7), software layout = HADOOP_PRC_PORTS_IN_DATANODEDETAILS (version = 7)
2023-09-12 21:06:07,761 [JUnit] INFO  statemachine.DatanodeStateMachine (DatanodeStateMachine.java:getEndPointTaskThreadPoolSize(282)) - Datanode State Machine Task Thread Pool size 2
2023-09-12 21:06:07,762 [JUnit] INFO  volume.HddsVolume (HddsVolume.java:<init>(126)) - Creating HddsVolume: /home/runner/work/ozone/ozone/hadoop-ozone/integration-test/target/test-dir/MiniOzoneClusterImpl-b2199f83-407c-4d6c-939a-90a6ee7b9086/datanode-4/data-0/containers/hdds of storage type : DISK capacity : 9223372036854775807
2023-09-12 21:06:07,762 [JUnit] INFO  volume.MutableVolumeSet (MutableVolumeSet.java:initializeVolumeSet(173)) - Added Volume : /home/runner/work/ozone/ozone/hadoop-ozone/integration-test/target/test-dir/MiniOzoneClusterImpl-b2199f83-407c-4d6c-939a-90a6ee7b9086/datanode-4/data-0/containers/hdds to VolumeSet
2023-09-12 21:06:07,763 [JUnit] INFO  volume.MutableVolumeSet (MutableVolumeSet.java:initializeVolumeSet(173)) - Added Volume : /home/runner/work/ozone/ozone/hadoop-ozone/integration-test/target/test-dir/MiniOzoneClusterImpl-b2199f83-407c-4d6c-939a-90a6ee7b9086/datanode-4/data/ratis to VolumeSet
2023-09-12 21:06:07,766 [Thread-869] INFO  ozoneimpl.ContainerReader (ContainerReader.java:readVolume(177)) - Finish verifying containers on volume /home/runner/work/ozone/ozone/hadoop-ozone/integration-test/target/test-dir/MiniOzoneClusterImpl-b2199f83-407c-4d6c-939a-90a6ee7b9086/datanode-4/data-0/containers/hdds
2023-09-12 21:06:07,766 [JUnit] INFO  ozoneimpl.OzoneContainer (OzoneContainer.java:buildContainerSet(314)) - Build ContainerSet costs 0s
2023-09-12 21:06:07,768 [JUnit] INFO  server.RaftServer (ConfUtils.java:logGet(46)) - raft.rpc.type = GRPC (default)
2023-09-12 21:06:07,768 [JUnit] INFO  grpc.GrpcConfigKeys (ConfUtils.java:logFallback(53)) - raft.grpc.admin.host = null (fallback to raft.grpc.server.host)
2023-09-12 21:06:07,768 [JUnit] INFO  grpc.GrpcConfigKeys (ConfUtils.java:logGet(46)) - raft.grpc.admin.port = 15102 (custom)
2023-09-12 21:06:07,769 [JUnit] INFO  grpc.GrpcConfigKeys (ConfUtils.java:logFallback(53)) - raft.grpc.client.host = null (fallback to raft.grpc.server.host)
2023-09-12 21:06:07,769 [JUnit] INFO  grpc.GrpcConfigKeys (ConfUtils.java:logGet(46)) - raft.grpc.client.port = 15101 (custom)
2023-09-12 21:06:07,769 [JUnit] INFO  grpc.GrpcConfigKeys (ConfUtils.java:logGet(46)) - raft.grpc.server.host = null (default)
2023-09-12 21:06:07,769 [JUnit] INFO  grpc.GrpcConfigKeys (ConfUtils.java:logGet(46)) - raft.grpc.server.port = 15103 (custom)
2023-09-12 21:06:07,769 [JUnit] INFO  server.GrpcService (ConfUtils.java:logGet(46)) - raft.grpc.message.size.max = 32MB (=33554432) (custom)
2023-09-12 21:06:07,769 [JUnit] INFO  server.RaftServerConfigKeys (ConfUtils.java:logGet(46)) - raft.server.log.appender.buffer.byte-limit = 33554432 (custom)
2023-09-12 21:06:07,769 [JUnit] INFO  server.GrpcService (ConfUtils.java:logGet(46)) - raft.grpc.flow.control.window = 5MB (=5242880) (custom)
2023-09-12 21:06:07,769 [JUnit] INFO  server.RaftServerConfigKeys (ConfUtils.java:logGet(46)) - raft.server.rpc.request.timeout = 3000ms (default)
2023-09-12 21:06:07,769 [JUnit] INFO  grpc.GrpcConfigKeys (ConfUtils.java:logGet(46)) - raft.grpc.server.heartbeat.channel = true (default)
2023-09-12 21:06:07,769 [JUnit] INFO  grpc.GrpcConfigKeys (ConfUtils.java:logGet(46)) - raft.grpc.server.async.request.thread.pool.cached = true (default)
2023-09-12 21:06:07,769 [JUnit] INFO  grpc.GrpcConfigKeys (ConfUtils.java:logGet(46)) - raft.grpc.server.async.request.thread.pool.size = 32 (default)
2023-09-12 21:06:07,772 [JUnit] INFO  impl.DataStreamServerImpl (ConfUtils.java:logGet(46)) - raft.datastream.type = NETTY (custom)
2023-09-12 21:06:07,772 [JUnit] INFO  server.RaftServerConfigKeys (ConfUtils.java:logGet(46)) - raft.server.data-stream.async.request.thread.pool.cached = false (default)
2023-09-12 21:06:07,772 [JUnit] INFO  server.RaftServerConfigKeys (ConfUtils.java:logGet(46)) - raft.server.data-stream.async.request.thread.pool.size = 20 (custom)
2023-09-12 21:06:07,772 [JUnit] INFO  server.RaftServerConfigKeys (ConfUtils.java:logGet(46)) - raft.server.data-stream.async.write.thread.pool.size = 16 (default)
2023-09-12 21:06:07,772 [JUnit] INFO  server.RaftServerConfigKeys (ConfUtils.java:logGet(46)) - raft.server.data-stream.client.pool.size = 10 (default)
2023-09-12 21:06:07,772 [JUnit] INFO  netty.NettyConfigKeys$DataStream (ConfUtils.java:logGet(46)) - raft.netty.dataStream.server.use-epoll = false (default)
2023-09-12 21:06:07,772 [JUnit] INFO  netty.NettyConfigKeys$DataStream (ConfUtils.java:logGet(46)) - raft.netty.dataStream.server.boss-group.size = 0 (default)
2023-09-12 21:06:07,773 [JUnit] INFO  netty.NettyConfigKeys$DataStream (ConfUtils.java:logGet(46)) - raft.netty.dataStream.server.worker-group.size = 0 (default)
2023-09-12 21:06:07,773 [JUnit] INFO  netty.NettyConfigKeys$DataStream (ConfUtils.java:logGet(46)) - raft.netty.dataStream.server.tls.conf = null (default)
2023-09-12 21:06:07,773 [JUnit] INFO  netty.NettyConfigKeys$DataStream (ConfUtils.java:logGet(46)) - raft.netty.dataStream.host = null (default)
2023-09-12 21:06:07,773 [JUnit] INFO  netty.NettyConfigKeys$DataStream (ConfUtils.java:logGet(46)) - raft.netty.dataStream.port = 15104 (custom)
2023-09-12 21:06:07,775 [JUnit] INFO  server.RaftServerConfigKeys (ConfUtils.java:logGet(46)) - raft.server.threadpool.proxy.cached = true (default)
2023-09-12 21:06:07,775 [JUnit] INFO  server.RaftServerConfigKeys (ConfUtils.java:logGet(46)) - raft.server.threadpool.proxy.size = 0 (default)
2023-09-12 21:06:07,775 [JUnit] INFO  server.RaftServerConfigKeys (ConfUtils.java:logGet(46)) - raft.server.rpc.slowness.timeout = 300000ms (custom)
2023-09-12 21:06:07,775 [JUnit] INFO  server.RaftServerConfigKeys (ConfUtils.java:logGet(46)) - raft.server.leaderelection.leader.step-down.wait-time = 10s (default)
2023-09-12 21:06:07,775 [JUnit] INFO  server.RaftServerConfigKeys (ConfUtils.java:logGet(46)) - raft.server.storage.dir = [/home/runner/work/ozone/ozone/hadoop-ozone/integration-test/target/test-dir/MiniOzoneClusterImpl-b2199f83-407c-4d6c-939a-90a6ee7b9086/datanode-4/data/ratis] (custom)
2023-09-12 21:06:07,775 [f43f4bf5-e3da-46fb-853a-448d0a4c527e-NettyServerStreamRpc-bossGroup--thread1] INFO  logging.LoggingHandler (AbstractInternalLogger.java:log(148)) - [id: 0xa5377222] REGISTERED
2023-09-12 21:06:07,775 [f43f4bf5-e3da-46fb-853a-448d0a4c527e-NettyServerStreamRpc-bossGroup--thread1] INFO  logging.LoggingHandler (AbstractInternalLogger.java:log(148)) - [id: 0xa5377222] BIND: 0.0.0.0/0.0.0.0:15104
2023-09-12 21:06:07,776 [f43f4bf5-e3da-46fb-853a-448d0a4c527e-NettyServerStreamRpc-bossGroup--thread1] INFO  logging.LoggingHandler (AbstractInternalLogger.java:log(148)) - [id: 0xa5377222, L:/0:0:0:0:0:0:0:0:15104] ACTIVE
2023-09-12 21:06:07,779 [f43f4bf5-e3da-46fb-853a-448d0a4c527e-impl-thread1] INFO  server.RaftServer (RaftServerProxy.java:initGroupDir(258)) - f43f4bf5-e3da-46fb-853a-448d0a4c527e: found a subdirectory /home/runner/work/ozone/ozone/hadoop-ozone/integration-test/target/test-dir/MiniOzoneClusterImpl-b2199f83-407c-4d6c-939a-90a6ee7b9086/datanode-4/data/ratis/tmp
2023-09-12 21:06:07,779 [f43f4bf5-e3da-46fb-853a-448d0a4c527e-impl-thread1] INFO  server.RaftServer (RaftServerProxy.java:initGroupDir(263)) - f43f4bf5-e3da-46fb-853a-448d0a4c527e: The directory /home/runner/work/ozone/ozone/hadoop-ozone/integration-test/target/test-dir/MiniOzoneClusterImpl-b2199f83-407c-4d6c-939a-90a6ee7b9086/datanode-4/data/ratis/tmp is not a group directory; ignoring it. 
2023-09-12 21:06:07,779 [JUnit] INFO  replication.ReplicationServer (ReplicationServer.java:<init>(81)) - Initializing replication server with thread count = 10
2023-09-12 21:06:07,780 [JUnit] INFO  server.XceiverServerGrpc (XceiverServerGrpc.java:<init>(132)) - GrpcServer channel type EpollServerSocketChannel
2023-09-12 21:06:07,781 [JUnit] INFO  replication.ReplicationSupervisor (ReplicationSupervisor.java:build(155)) - Initializing replication supervisor with thread count = 10
2023-09-12 21:06:07,781 [JUnit] INFO  replication.ReplicationSupervisor (ReplicationSupervisor.java:nodeStateUpdated(307)) - Node state updated to IN_SERVICE, scaling executor pool size to 10
2023-09-12 21:06:07,783 [JUnit] INFO  http.BaseHttpServer (BaseHttpServer.java:newHttpServer2BuilderForOzone(223)) - Starting Web-server for hddsDatanode at: http://0.0.0.0:15098
2023-09-12 21:06:07,783 [JUnit] INFO  http.BaseHttpServer (BaseHttpServer.java:<init>(110)) - Hadoop Security Enabled: false Ozone Security Enabled: false Ozone HTTP Security Enabled: false 
2023-09-12 21:06:07,785 [JUnit] WARN  server.AuthenticationFilter (AuthenticationFilter.java:constructSecretProvider(240)) - Unable to initialize FileSignerSecretProvider, falling back to use random secrets. Reason: Could not read signature secret file: /home/runner/hadoop-http-auth-signature-secret
2023-09-12 21:06:07,787 [JUnit] INFO  http.HttpRequestLog (HttpRequestLog.java:getRequestLog(86)) - Http request log for http.requests.hddsDatanode is not defined
2023-09-12 21:06:07,788 [JUnit] INFO  http.HttpServer2 (HttpServer2.java:addGlobalFilter(1031)) - Added global filter 'safety' (class=org.apache.hadoop.hdds.server.http.HttpServer2$QuotingInputFilter)
2023-09-12 21:06:07,789 [JUnit] INFO  http.HttpServer2 (HttpServer2.java:addFilter(1007)) - Added filter static_user_filter (class=org.apache.hadoop.http.lib.StaticUserWebFilter$StaticUserFilter) to context hddsDatanode
2023-09-12 21:06:07,789 [JUnit] INFO  http.HttpServer2 (HttpServer2.java:addFilter(1015)) - Added filter static_user_filter (class=org.apache.hadoop.http.lib.StaticUserWebFilter$StaticUserFilter) to context logs
2023-09-12 21:06:07,789 [JUnit] INFO  http.HttpServer2 (HttpServer2.java:addFilter(1015)) - Added filter static_user_filter (class=org.apache.hadoop.http.lib.StaticUserWebFilter$StaticUserFilter) to context static
2023-09-12 21:06:07,791 [JUnit] INFO  http.BaseHttpServer (BaseHttpServer.java:<init>(189)) - HTTP server of hddsDatanode uses base directory /home/runner/work/ozone/ozone/hadoop-ozone/integration-test/target/test-dir/MiniOzoneClusterImpl-b2199f83-407c-4d6c-939a-90a6ee7b9086/datanode-4/meta/webserver
2023-09-12 21:06:07,791 [JUnit] INFO  http.HttpServer2 (HttpServer2.java:bindListener(1231)) - Jetty bound to port 15098
2023-09-12 21:06:07,791 [JUnit] INFO  server.Server (Server.java:doStart(375)) - jetty-9.4.51.v20230217; built: 2023-02-17T08:19:37.309Z; git: b45c405e4544384de066f814ed42ae3dceacdd49; jvm 1.8.0_382-b05
2023-09-12 21:06:07,792 [JUnit] INFO  server.session (DefaultSessionIdManager.java:doStart(334)) - DefaultSessionIdManager workerName=node0
2023-09-12 21:06:07,792 [JUnit] INFO  server.session (DefaultSessionIdManager.java:doStart(339)) - No SessionScavenger set, using defaults
2023-09-12 21:06:07,792 [JUnit] INFO  server.session (HouseKeeper.java:startScavenging(132)) - node0 Scavenging every 660000ms
2023-09-12 21:06:07,793 [JUnit] INFO  handler.ContextHandler (ContextHandler.java:doStart(921)) - Started o.e.j.s.ServletContextHandler@65284efb{logs,/logs,file:///home/runner/work/ozone/ozone/hadoop-ozone/integration-test/target/log,AVAILABLE}
2023-09-12 21:06:07,794 [JUnit] INFO  handler.ContextHandler (ContextHandler.java:doStart(921)) - Started o.e.j.s.ServletContextHandler@70749967{static,/static,jar:file:/home/runner/.m2/repository/org/apache/ozone/hdds-container-service/1.4.0-SNAPSHOT/hdds-container-service-1.4.0-SNAPSHOT.jar!/webapps/static,AVAILABLE}
2023-09-12 21:06:07,998 [JUnit] INFO  handler.ContextHandler (ContextHandler.java:doStart(921)) - Started o.e.j.w.WebAppContext@5c8b824c{hddsDatanode,/,file:///home/runner/work/ozone/ozone/hadoop-ozone/integration-test/target/test-dir/MiniOzoneClusterImpl-b2199f83-407c-4d6c-939a-90a6ee7b9086/datanode-4/meta/webserver/jetty-0_0_0_0-15098-hdds-container-service-1_4_0-SNAPSHOT_jar-_-any-8230917490761541159/webapp/,AVAILABLE}{jar:file:/home/runner/.m2/repository/org/apache/ozone/hdds-container-service/1.4.0-SNAPSHOT/hdds-container-service-1.4.0-SNAPSHOT.jar!/webapps/hddsDatanode}
2023-09-12 21:06:07,999 [JUnit] INFO  server.AbstractConnector (AbstractConnector.java:doStart(333)) - Started ServerConnector@30e691f8{HTTP/1.1, (http/1.1)}{0.0.0.0:15098}
2023-09-12 21:06:07,999 [JUnit] INFO  server.Server (Server.java:doStart(415)) - Started @33072ms
2023-09-12 21:06:07,999 [JUnit] WARN  impl.MetricsSystemImpl (MetricsSystemImpl.java:register(279)) - Sink prometheus already exists!
2023-09-12 21:06:08,000 [JUnit] INFO  http.BaseHttpServer (BaseHttpServer.java:updateConnectorAddress(354)) - HTTP server of hddsDatanode listening at http://0.0.0.0:15098
2023-09-12 21:06:08,000 [JUnit] INFO  ipc.CallQueueManager (CallQueueManager.java:<init>(90)) - Using callQueue: class java.util.concurrent.LinkedBlockingQueue, queueCapacity: 100, scheduler: class org.apache.hadoop.ipc.DefaultRpcScheduler, ipcBackoff: false.
2023-09-12 21:06:08,000 [JUnit] INFO  ipc.Server (Server.java:<init>(1287)) - Listener at 0.0.0.0:15099
2023-09-12 21:06:08,001 [Socket Reader #1 for port 15099] INFO  ipc.Server (Server.java:run(1323)) - Starting Socket Reader #1 for port 15099
2023-09-12 21:06:08,002 [JUnit] INFO  ozone.HddsDatanodeService (HddsDatanodeService.java:start(315)) - Datanode start with admins: [runner]
2023-09-12 21:06:08,002 [JUnit] INFO  ozone.HddsDatanodeClientProtocolServer (HddsDatanodeClientProtocolServer.java:start(72)) - RPC server for Client /0.0.0.0:15099
2023-09-12 21:06:08,002 [IPC Server Responder] INFO  ipc.Server (Server.java:run(1562)) - IPC Server Responder: starting
2023-09-12 21:06:08,003 [IPC Server listener on 15099] INFO  ipc.Server (Server.java:run(1402)) - IPC Server listener on 15099: starting
2023-09-12 21:06:08,003 [JUnit] INFO  ozone.MiniOzoneClusterImpl (MiniOzoneClusterImpl.java:lambda$waitForClusterToBeReady$0(224)) - Waiting for nodes to be ready. Got 0 of 5 DN Heartbeats.
2023-09-12 21:06:08,003 [JUnit] INFO  ozone.MiniOzoneClusterImpl (MiniOzoneClusterImpl.java:lambda$waitForClusterToBeReady$0(227)) - Waiting for cluster to exit safe mode
2023-09-12 21:06:08,003 [JUnit] INFO  ozone.MiniOzoneClusterImpl (MiniOzoneClusterImpl.java:lambda$waitForClusterToBeReady$0(229)) - SCM became leader
2023-09-12 21:06:08,007 [Datanode State Machine Daemon Thread] INFO  statemachine.DatanodeStateMachine (DatanodeStateMachine.java:lambda$startDaemon$0(538)) - Ozone container server started.
2023-09-12 21:06:08,013 [Datanode State Machine Task Thread - 0] INFO  datanode.InitDatanodeState (InitDatanodeState.java:persistContainerDatanodeDetails(138)) - DatanodeDetails is persisted to /home/runner/work/ozone/ozone/hadoop-ozone/integration-test/target/test-dir/MiniOzoneClusterImpl-b2199f83-407c-4d6c-939a-90a6ee7b9086/datanode-4/meta/datanode.id
2023-09-12 21:06:08,865 [EndpointStateMachine task thread for /0.0.0.0:15055 - 0 ] INFO  utils.DatanodeStoreCache (DatanodeStoreCache.java:addDB(66)) - Added db /home/runner/work/ozone/ozone/hadoop-ozone/integration-test/target/test-dir/MiniOzoneClusterImpl-b2199f83-407c-4d6c-939a-90a6ee7b9086/datanode-0/data-0/containers/hdds/b2199f83-407c-4d6c-939a-90a6ee7b9086/DS-418bdabb-368a-4a8f-86ae-63a6c9f41268/container.db to cache
2023-09-12 21:06:08,865 [EndpointStateMachine task thread for /0.0.0.0:15055 - 0 ] INFO  volume.HddsVolume (HddsVolume.java:createDbStore(422)) - SchemaV3 db is created and loaded at /home/runner/work/ozone/ozone/hadoop-ozone/integration-test/target/test-dir/MiniOzoneClusterImpl-b2199f83-407c-4d6c-939a-90a6ee7b9086/datanode-0/data-0/containers/hdds/b2199f83-407c-4d6c-939a-90a6ee7b9086/DS-418bdabb-368a-4a8f-86ae-63a6c9f41268/container.db for volume DS-418bdabb-368a-4a8f-86ae-63a6c9f41268
2023-09-12 21:06:08,866 [EndpointStateMachine task thread for /0.0.0.0:15055 - 0 ] INFO  volume.ThrottledAsyncChecker (ThrottledAsyncChecker.java:schedule(141)) - Scheduling a check for /home/runner/work/ozone/ozone/hadoop-ozone/integration-test/target/test-dir/MiniOzoneClusterImpl-b2199f83-407c-4d6c-939a-90a6ee7b9086/datanode-0/data-0/containers/hdds
2023-09-12 21:06:08,866 [EndpointStateMachine task thread for /0.0.0.0:15055 - 0 ] INFO  volume.StorageVolumeChecker (StorageVolumeChecker.java:checkAllVolumes(213)) - Scheduled health check for volume /home/runner/work/ozone/ozone/hadoop-ozone/integration-test/target/test-dir/MiniOzoneClusterImpl-b2199f83-407c-4d6c-939a-90a6ee7b9086/datanode-0/data-0/containers/hdds
2023-09-12 21:06:08,868 [EndpointStateMachine task thread for /0.0.0.0:15055 - 0 ] INFO  volume.ThrottledAsyncChecker (ThrottledAsyncChecker.java:schedule(141)) - Scheduling a check for /home/runner/work/ozone/ozone/hadoop-ozone/integration-test/target/test-dir/MiniOzoneClusterImpl-b2199f83-407c-4d6c-939a-90a6ee7b9086/datanode-0/data/ratis
2023-09-12 21:06:08,868 [EndpointStateMachine task thread for /0.0.0.0:15055 - 0 ] INFO  volume.StorageVolumeChecker (StorageVolumeChecker.java:checkAllVolumes(213)) - Scheduled health check for volume /home/runner/work/ozone/ozone/hadoop-ozone/integration-test/target/test-dir/MiniOzoneClusterImpl-b2199f83-407c-4d6c-939a-90a6ee7b9086/datanode-0/data/ratis
2023-09-12 21:06:08,869 [EndpointStateMachine task thread for /0.0.0.0:15055 - 0 ] INFO  ozoneimpl.OzoneContainer (OzoneContainer.java:start(429)) - Attempting to start container services.
2023-09-12 21:06:08,870 [EndpointStateMachine task thread for /0.0.0.0:15055 - 0 ] INFO  ozoneimpl.OzoneContainer (OzoneContainer.java:startContainerScrub(325)) - Scheduled background container scanners and the on-demand container scanner have been disabled.
2023-09-12 21:06:08,870 [EndpointStateMachine task thread for /0.0.0.0:15055 - 0 ] INFO  replication.ReplicationServer (ReplicationServer.java:start(130)) - ReplicationServer is started using port 15069
2023-09-12 21:06:08,870 [EndpointStateMachine task thread for /0.0.0.0:15055 - 0 ] INFO  ratis.XceiverServerRatis (XceiverServerRatis.java:start(517)) - Starting XceiverServerRatis 26fac33b-208f-4640-bb04-d749a6a7a791
2023-09-12 21:06:08,871 [EndpointStateMachine task thread for /0.0.0.0:15055 - 0 ] INFO  server.RaftServer (RaftServerProxy.java:startImpl(400)) - 26fac33b-208f-4640-bb04-d749a6a7a791: start RPC server
2023-09-12 21:06:08,871 [EndpointStateMachine task thread for /0.0.0.0:15055 - 0 ] INFO  server.GrpcService (GrpcService.java:startImpl(302)) - 26fac33b-208f-4640-bb04-d749a6a7a791: GrpcService started, listening on 15065
2023-09-12 21:06:08,872 [EndpointStateMachine task thread for /0.0.0.0:15055 - 0 ] INFO  server.GrpcService (GrpcService.java:startImpl(302)) - 26fac33b-208f-4640-bb04-d749a6a7a791: GrpcService started, listening on 15067
2023-09-12 21:06:08,873 [EndpointStateMachine task thread for /0.0.0.0:15055 - 0 ] INFO  server.GrpcService (GrpcService.java:startImpl(302)) - 26fac33b-208f-4640-bb04-d749a6a7a791: GrpcService started, listening on 15066
2023-09-12 21:06:08,873 [EndpointStateMachine task thread for /0.0.0.0:15055 - 0 ] INFO  ratis.XceiverServerRatis (XceiverServerRatis.java:getRealPort(543)) - XceiverServerRatis 26fac33b-208f-4640-bb04-d749a6a7a791 is started using port 15065 for RATIS
2023-09-12 21:06:08,873 [JvmPauseMonitor9] INFO  util.JvmPauseMonitor (JvmPauseMonitor.java:run(103)) - JvmPauseMonitor-26fac33b-208f-4640-bb04-d749a6a7a791: Started
2023-09-12 21:06:08,873 [EndpointStateMachine task thread for /0.0.0.0:15055 - 0 ] INFO  ratis.XceiverServerRatis (XceiverServerRatis.java:getRealPort(543)) - XceiverServerRatis 26fac33b-208f-4640-bb04-d749a6a7a791 is started using port 15066 for RATIS_ADMIN
2023-09-12 21:06:08,874 [EndpointStateMachine task thread for /0.0.0.0:15055 - 0 ] INFO  ratis.XceiverServerRatis (XceiverServerRatis.java:getRealPort(543)) - XceiverServerRatis 26fac33b-208f-4640-bb04-d749a6a7a791 is started using port 15067 for RATIS_SERVER
2023-09-12 21:06:08,874 [EndpointStateMachine task thread for /0.0.0.0:15055 - 0 ] INFO  ratis.XceiverServerRatis (XceiverServerRatis.java:getRealPort(543)) - XceiverServerRatis 26fac33b-208f-4640-bb04-d749a6a7a791 is started using port 15068 for RATIS_DATASTREAM
2023-09-12 21:06:08,879 [BlockDeletingService#0] INFO  interfaces.ContainerDeletionChoosingPolicyTemplate (ContainerDeletionChoosingPolicyTemplate.java:chooseContainerForBlockDeletion(85)) - Chosen 0/5000 blocks from 0 candidate containers.
2023-09-12 21:06:09,003 [JUnit] INFO  ozone.MiniOzoneClusterImpl (MiniOzoneClusterImpl.java:lambda$waitForClusterToBeReady$0(224)) - Waiting for nodes to be ready. Got 0 of 5 DN Heartbeats.
2023-09-12 21:06:09,003 [JUnit] INFO  ozone.MiniOzoneClusterImpl (MiniOzoneClusterImpl.java:lambda$waitForClusterToBeReady$0(227)) - Waiting for cluster to exit safe mode
2023-09-12 21:06:09,003 [JUnit] INFO  ozone.MiniOzoneClusterImpl (MiniOzoneClusterImpl.java:lambda$waitForClusterToBeReady$0(229)) - SCM became leader
2023-09-12 21:06:09,159 [EndpointStateMachine task thread for /0.0.0.0:15055 - 0 ] INFO  utils.DatanodeStoreCache (DatanodeStoreCache.java:addDB(66)) - Added db /home/runner/work/ozone/ozone/hadoop-ozone/integration-test/target/test-dir/MiniOzoneClusterImpl-b2199f83-407c-4d6c-939a-90a6ee7b9086/datanode-1/data-0/containers/hdds/b2199f83-407c-4d6c-939a-90a6ee7b9086/DS-333f9efe-690f-4d39-9c54-a51849fb3422/container.db to cache
2023-09-12 21:06:09,159 [EndpointStateMachine task thread for /0.0.0.0:15055 - 0 ] INFO  volume.HddsVolume (HddsVolume.java:createDbStore(422)) - SchemaV3 db is created and loaded at /home/runner/work/ozone/ozone/hadoop-ozone/integration-test/target/test-dir/MiniOzoneClusterImpl-b2199f83-407c-4d6c-939a-90a6ee7b9086/datanode-1/data-0/containers/hdds/b2199f83-407c-4d6c-939a-90a6ee7b9086/DS-333f9efe-690f-4d39-9c54-a51849fb3422/container.db for volume DS-333f9efe-690f-4d39-9c54-a51849fb3422
2023-09-12 21:06:09,163 [EndpointStateMachine task thread for /0.0.0.0:15055 - 0 ] INFO  volume.ThrottledAsyncChecker (ThrottledAsyncChecker.java:schedule(141)) - Scheduling a check for /home/runner/work/ozone/ozone/hadoop-ozone/integration-test/target/test-dir/MiniOzoneClusterImpl-b2199f83-407c-4d6c-939a-90a6ee7b9086/datanode-1/data-0/containers/hdds
2023-09-12 21:06:09,163 [EndpointStateMachine task thread for /0.0.0.0:15055 - 0 ] INFO  volume.StorageVolumeChecker (StorageVolumeChecker.java:checkAllVolumes(213)) - Scheduled health check for volume /home/runner/work/ozone/ozone/hadoop-ozone/integration-test/target/test-dir/MiniOzoneClusterImpl-b2199f83-407c-4d6c-939a-90a6ee7b9086/datanode-1/data-0/containers/hdds
2023-09-12 21:06:09,166 [EndpointStateMachine task thread for /0.0.0.0:15055 - 0 ] INFO  volume.ThrottledAsyncChecker (ThrottledAsyncChecker.java:schedule(141)) - Scheduling a check for /home/runner/work/ozone/ozone/hadoop-ozone/integration-test/target/test-dir/MiniOzoneClusterImpl-b2199f83-407c-4d6c-939a-90a6ee7b9086/datanode-1/data/ratis
2023-09-12 21:06:09,166 [EndpointStateMachine task thread for /0.0.0.0:15055 - 0 ] INFO  volume.StorageVolumeChecker (StorageVolumeChecker.java:checkAllVolumes(213)) - Scheduled health check for volume /home/runner/work/ozone/ozone/hadoop-ozone/integration-test/target/test-dir/MiniOzoneClusterImpl-b2199f83-407c-4d6c-939a-90a6ee7b9086/datanode-1/data/ratis
2023-09-12 21:06:09,168 [EndpointStateMachine task thread for /0.0.0.0:15055 - 0 ] INFO  ozoneimpl.OzoneContainer (OzoneContainer.java:start(429)) - Attempting to start container services.
2023-09-12 21:06:09,168 [EndpointStateMachine task thread for /0.0.0.0:15055 - 0 ] INFO  ozoneimpl.OzoneContainer (OzoneContainer.java:startContainerScrub(325)) - Scheduled background container scanners and the on-demand container scanner have been disabled.
2023-09-12 21:06:09,169 [EndpointStateMachine task thread for /0.0.0.0:15055 - 0 ] INFO  replication.ReplicationServer (ReplicationServer.java:start(130)) - ReplicationServer is started using port 15078
2023-09-12 21:06:09,169 [EndpointStateMachine task thread for /0.0.0.0:15055 - 0 ] INFO  ratis.XceiverServerRatis (XceiverServerRatis.java:start(517)) - Starting XceiverServerRatis 406ee6b1-fa0c-4161-b052-c61e2a13dd66
2023-09-12 21:06:09,170 [EndpointStateMachine task thread for /0.0.0.0:15055 - 0 ] INFO  server.RaftServer (RaftServerProxy.java:startImpl(400)) - 406ee6b1-fa0c-4161-b052-c61e2a13dd66: start RPC server
2023-09-12 21:06:09,171 [EndpointStateMachine task thread for /0.0.0.0:15055 - 0 ] INFO  server.GrpcService (GrpcService.java:startImpl(302)) - 406ee6b1-fa0c-4161-b052-c61e2a13dd66: GrpcService started, listening on 15074
2023-09-12 21:06:09,173 [EndpointStateMachine task thread for /0.0.0.0:15055 - 0 ] INFO  server.GrpcService (GrpcService.java:startImpl(302)) - 406ee6b1-fa0c-4161-b052-c61e2a13dd66: GrpcService started, listening on 15076
2023-09-12 21:06:09,174 [EndpointStateMachine task thread for /0.0.0.0:15055 - 0 ] INFO  server.GrpcService (GrpcService.java:startImpl(302)) - 406ee6b1-fa0c-4161-b052-c61e2a13dd66: GrpcService started, listening on 15075
2023-09-12 21:06:09,174 [EndpointStateMachine task thread for /0.0.0.0:15055 - 0 ] INFO  ratis.XceiverServerRatis (XceiverServerRatis.java:getRealPort(543)) - XceiverServerRatis 406ee6b1-fa0c-4161-b052-c61e2a13dd66 is started using port 15074 for RATIS
2023-09-12 21:06:09,174 [EndpointStateMachine task thread for /0.0.0.0:15055 - 0 ] INFO  ratis.XceiverServerRatis (XceiverServerRatis.java:getRealPort(543)) - XceiverServerRatis 406ee6b1-fa0c-4161-b052-c61e2a13dd66 is started using port 15075 for RATIS_ADMIN
2023-09-12 21:06:09,174 [JvmPauseMonitor10] INFO  util.JvmPauseMonitor (JvmPauseMonitor.java:run(103)) - JvmPauseMonitor-406ee6b1-fa0c-4161-b052-c61e2a13dd66: Started
2023-09-12 21:06:09,174 [EndpointStateMachine task thread for /0.0.0.0:15055 - 0 ] INFO  ratis.XceiverServerRatis (XceiverServerRatis.java:getRealPort(543)) - XceiverServerRatis 406ee6b1-fa0c-4161-b052-c61e2a13dd66 is started using port 15076 for RATIS_SERVER
2023-09-12 21:06:09,174 [EndpointStateMachine task thread for /0.0.0.0:15055 - 0 ] INFO  ratis.XceiverServerRatis (XceiverServerRatis.java:getRealPort(543)) - XceiverServerRatis 406ee6b1-fa0c-4161-b052-c61e2a13dd66 is started using port 15077 for RATIS_DATASTREAM
2023-09-12 21:06:09,183 [BlockDeletingService#0] INFO  interfaces.ContainerDeletionChoosingPolicyTemplate (ContainerDeletionChoosingPolicyTemplate.java:chooseContainerForBlockDeletion(85)) - Chosen 0/5000 blocks from 0 candidate containers.
2023-09-12 21:06:09,426 [EndpointStateMachine task thread for /0.0.0.0:15055 - 0 ] INFO  utils.DatanodeStoreCache (DatanodeStoreCache.java:addDB(66)) - Added db /home/runner/work/ozone/ozone/hadoop-ozone/integration-test/target/test-dir/MiniOzoneClusterImpl-b2199f83-407c-4d6c-939a-90a6ee7b9086/datanode-2/data-0/containers/hdds/b2199f83-407c-4d6c-939a-90a6ee7b9086/DS-25f574af-b247-4f4e-aca3-b98602ef7479/container.db to cache
2023-09-12 21:06:09,426 [EndpointStateMachine task thread for /0.0.0.0:15055 - 0 ] INFO  volume.HddsVolume (HddsVolume.java:createDbStore(422)) - SchemaV3 db is created and loaded at /home/runner/work/ozone/ozone/hadoop-ozone/integration-test/target/test-dir/MiniOzoneClusterImpl-b2199f83-407c-4d6c-939a-90a6ee7b9086/datanode-2/data-0/containers/hdds/b2199f83-407c-4d6c-939a-90a6ee7b9086/DS-25f574af-b247-4f4e-aca3-b98602ef7479/container.db for volume DS-25f574af-b247-4f4e-aca3-b98602ef7479
2023-09-12 21:06:09,426 [EndpointStateMachine task thread for /0.0.0.0:15055 - 0 ] INFO  volume.ThrottledAsyncChecker (ThrottledAsyncChecker.java:schedule(141)) - Scheduling a check for /home/runner/work/ozone/ozone/hadoop-ozone/integration-test/target/test-dir/MiniOzoneClusterImpl-b2199f83-407c-4d6c-939a-90a6ee7b9086/datanode-2/data-0/containers/hdds
2023-09-12 21:06:09,427 [EndpointStateMachine task thread for /0.0.0.0:15055 - 0 ] INFO  volume.StorageVolumeChecker (StorageVolumeChecker.java:checkAllVolumes(213)) - Scheduled health check for volume /home/runner/work/ozone/ozone/hadoop-ozone/integration-test/target/test-dir/MiniOzoneClusterImpl-b2199f83-407c-4d6c-939a-90a6ee7b9086/datanode-2/data-0/containers/hdds
2023-09-12 21:06:09,429 [EndpointStateMachine task thread for /0.0.0.0:15055 - 0 ] INFO  volume.ThrottledAsyncChecker (ThrottledAsyncChecker.java:schedule(141)) - Scheduling a check for /home/runner/work/ozone/ozone/hadoop-ozone/integration-test/target/test-dir/MiniOzoneClusterImpl-b2199f83-407c-4d6c-939a-90a6ee7b9086/datanode-2/data/ratis
2023-09-12 21:06:09,429 [EndpointStateMachine task thread for /0.0.0.0:15055 - 0 ] INFO  volume.StorageVolumeChecker (StorageVolumeChecker.java:checkAllVolumes(213)) - Scheduled health check for volume /home/runner/work/ozone/ozone/hadoop-ozone/integration-test/target/test-dir/MiniOzoneClusterImpl-b2199f83-407c-4d6c-939a-90a6ee7b9086/datanode-2/data/ratis
2023-09-12 21:06:09,430 [EndpointStateMachine task thread for /0.0.0.0:15055 - 0 ] INFO  ozoneimpl.OzoneContainer (OzoneContainer.java:start(429)) - Attempting to start container services.
2023-09-12 21:06:09,430 [EndpointStateMachine task thread for /0.0.0.0:15055 - 0 ] INFO  ozoneimpl.OzoneContainer (OzoneContainer.java:startContainerScrub(325)) - Scheduled background container scanners and the on-demand container scanner have been disabled.
2023-09-12 21:06:09,431 [EndpointStateMachine task thread for /0.0.0.0:15055 - 0 ] INFO  replication.ReplicationServer (ReplicationServer.java:start(130)) - ReplicationServer is started using port 15087
2023-09-12 21:06:09,431 [EndpointStateMachine task thread for /0.0.0.0:15055 - 0 ] INFO  ratis.XceiverServerRatis (XceiverServerRatis.java:start(517)) - Starting XceiverServerRatis 52e1c3a5-ad40-4f65-b13a-90cebad8bc80
2023-09-12 21:06:09,432 [EndpointStateMachine task thread for /0.0.0.0:15055 - 0 ] INFO  server.RaftServer (RaftServerProxy.java:startImpl(400)) - 52e1c3a5-ad40-4f65-b13a-90cebad8bc80: start RPC server
2023-09-12 21:06:09,434 [EndpointStateMachine task thread for /0.0.0.0:15055 - 0 ] INFO  server.GrpcService (GrpcService.java:startImpl(302)) - 52e1c3a5-ad40-4f65-b13a-90cebad8bc80: GrpcService started, listening on 15083
2023-09-12 21:06:09,437 [EndpointStateMachine task thread for /0.0.0.0:15055 - 0 ] INFO  server.GrpcService (GrpcService.java:startImpl(302)) - 52e1c3a5-ad40-4f65-b13a-90cebad8bc80: GrpcService started, listening on 15085
2023-09-12 21:06:09,437 [EndpointStateMachine task thread for /0.0.0.0:15055 - 0 ] INFO  server.GrpcService (GrpcService.java:startImpl(302)) - 52e1c3a5-ad40-4f65-b13a-90cebad8bc80: GrpcService started, listening on 15084
2023-09-12 21:06:09,437 [EndpointStateMachine task thread for /0.0.0.0:15055 - 0 ] INFO  ratis.XceiverServerRatis (XceiverServerRatis.java:getRealPort(543)) - XceiverServerRatis 52e1c3a5-ad40-4f65-b13a-90cebad8bc80 is started using port 15083 for RATIS
2023-09-12 21:06:09,437 [EndpointStateMachine task thread for /0.0.0.0:15055 - 0 ] INFO  ratis.XceiverServerRatis (XceiverServerRatis.java:getRealPort(543)) - XceiverServerRatis 52e1c3a5-ad40-4f65-b13a-90cebad8bc80 is started using port 15084 for RATIS_ADMIN
2023-09-12 21:06:09,437 [JvmPauseMonitor11] INFO  util.JvmPauseMonitor (JvmPauseMonitor.java:run(103)) - JvmPauseMonitor-52e1c3a5-ad40-4f65-b13a-90cebad8bc80: Started
2023-09-12 21:06:09,437 [EndpointStateMachine task thread for /0.0.0.0:15055 - 0 ] INFO  ratis.XceiverServerRatis (XceiverServerRatis.java:getRealPort(543)) - XceiverServerRatis 52e1c3a5-ad40-4f65-b13a-90cebad8bc80 is started using port 15085 for RATIS_SERVER
2023-09-12 21:06:09,437 [EndpointStateMachine task thread for /0.0.0.0:15055 - 0 ] INFO  ratis.XceiverServerRatis (XceiverServerRatis.java:getRealPort(543)) - XceiverServerRatis 52e1c3a5-ad40-4f65-b13a-90cebad8bc80 is started using port 15086 for RATIS_DATASTREAM
2023-09-12 21:06:09,438 [BlockDeletingService#0] INFO  interfaces.ContainerDeletionChoosingPolicyTemplate (ContainerDeletionChoosingPolicyTemplate.java:chooseContainerForBlockDeletion(85)) - Chosen 0/5000 blocks from 0 candidate containers.
2023-09-12 21:06:09,761 [EndpointStateMachine task thread for /0.0.0.0:15055 - 0 ] INFO  utils.DatanodeStoreCache (DatanodeStoreCache.java:addDB(66)) - Added db /home/runner/work/ozone/ozone/hadoop-ozone/integration-test/target/test-dir/MiniOzoneClusterImpl-b2199f83-407c-4d6c-939a-90a6ee7b9086/datanode-3/data-0/containers/hdds/b2199f83-407c-4d6c-939a-90a6ee7b9086/DS-d912277e-c612-4099-b5da-a00a2d118ad7/container.db to cache
2023-09-12 21:06:09,761 [EndpointStateMachine task thread for /0.0.0.0:15055 - 0 ] INFO  volume.HddsVolume (HddsVolume.java:createDbStore(422)) - SchemaV3 db is created and loaded at /home/runner/work/ozone/ozone/hadoop-ozone/integration-test/target/test-dir/MiniOzoneClusterImpl-b2199f83-407c-4d6c-939a-90a6ee7b9086/datanode-3/data-0/containers/hdds/b2199f83-407c-4d6c-939a-90a6ee7b9086/DS-d912277e-c612-4099-b5da-a00a2d118ad7/container.db for volume DS-d912277e-c612-4099-b5da-a00a2d118ad7
2023-09-12 21:06:09,761 [EndpointStateMachine task thread for /0.0.0.0:15055 - 0 ] INFO  volume.ThrottledAsyncChecker (ThrottledAsyncChecker.java:schedule(141)) - Scheduling a check for /home/runner/work/ozone/ozone/hadoop-ozone/integration-test/target/test-dir/MiniOzoneClusterImpl-b2199f83-407c-4d6c-939a-90a6ee7b9086/datanode-3/data-0/containers/hdds
2023-09-12 21:06:09,768 [EndpointStateMachine task thread for /0.0.0.0:15055 - 0 ] INFO  volume.StorageVolumeChecker (StorageVolumeChecker.java:checkAllVolumes(213)) - Scheduled health check for volume /home/runner/work/ozone/ozone/hadoop-ozone/integration-test/target/test-dir/MiniOzoneClusterImpl-b2199f83-407c-4d6c-939a-90a6ee7b9086/datanode-3/data-0/containers/hdds
2023-09-12 21:06:09,769 [EndpointStateMachine task thread for /0.0.0.0:15055 - 0 ] INFO  volume.ThrottledAsyncChecker (ThrottledAsyncChecker.java:schedule(141)) - Scheduling a check for /home/runner/work/ozone/ozone/hadoop-ozone/integration-test/target/test-dir/MiniOzoneClusterImpl-b2199f83-407c-4d6c-939a-90a6ee7b9086/datanode-3/data/ratis
2023-09-12 21:06:09,769 [EndpointStateMachine task thread for /0.0.0.0:15055 - 0 ] INFO  volume.StorageVolumeChecker (StorageVolumeChecker.java:checkAllVolumes(213)) - Scheduled health check for volume /home/runner/work/ozone/ozone/hadoop-ozone/integration-test/target/test-dir/MiniOzoneClusterImpl-b2199f83-407c-4d6c-939a-90a6ee7b9086/datanode-3/data/ratis
2023-09-12 21:06:09,772 [EndpointStateMachine task thread for /0.0.0.0:15055 - 0 ] INFO  ozoneimpl.OzoneContainer (OzoneContainer.java:start(429)) - Attempting to start container services.
2023-09-12 21:06:09,772 [EndpointStateMachine task thread for /0.0.0.0:15055 - 0 ] INFO  ozoneimpl.OzoneContainer (OzoneContainer.java:startContainerScrub(325)) - Scheduled background container scanners and the on-demand container scanner have been disabled.
2023-09-12 21:06:09,772 [EndpointStateMachine task thread for /0.0.0.0:15055 - 0 ] INFO  replication.ReplicationServer (ReplicationServer.java:start(130)) - ReplicationServer is started using port 15096
2023-09-12 21:06:09,772 [EndpointStateMachine task thread for /0.0.0.0:15055 - 0 ] INFO  ratis.XceiverServerRatis (XceiverServerRatis.java:start(517)) - Starting XceiverServerRatis 848a01ca-5184-442c-a48d-c49485176211
2023-09-12 21:06:09,773 [EndpointStateMachine task thread for /0.0.0.0:15055 - 0 ] INFO  server.RaftServer (RaftServerProxy.java:startImpl(400)) - 848a01ca-5184-442c-a48d-c49485176211: start RPC server
2023-09-12 21:06:09,774 [EndpointStateMachine task thread for /0.0.0.0:15055 - 0 ] INFO  server.GrpcService (GrpcService.java:startImpl(302)) - 848a01ca-5184-442c-a48d-c49485176211: GrpcService started, listening on 15092
2023-09-12 21:06:09,774 [EndpointStateMachine task thread for /0.0.0.0:15055 - 0 ] INFO  server.GrpcService (GrpcService.java:startImpl(302)) - 848a01ca-5184-442c-a48d-c49485176211: GrpcService started, listening on 15094
2023-09-12 21:06:09,775 [EndpointStateMachine task thread for /0.0.0.0:15055 - 0 ] INFO  server.GrpcService (GrpcService.java:startImpl(302)) - 848a01ca-5184-442c-a48d-c49485176211: GrpcService started, listening on 15093
2023-09-12 21:06:09,775 [EndpointStateMachine task thread for /0.0.0.0:15055 - 0 ] INFO  ratis.XceiverServerRatis (XceiverServerRatis.java:getRealPort(543)) - XceiverServerRatis 848a01ca-5184-442c-a48d-c49485176211 is started using port 15092 for RATIS
2023-09-12 21:06:09,775 [JvmPauseMonitor12] INFO  util.JvmPauseMonitor (JvmPauseMonitor.java:run(103)) - JvmPauseMonitor-848a01ca-5184-442c-a48d-c49485176211: Started
2023-09-12 21:06:09,776 [EndpointStateMachine task thread for /0.0.0.0:15055 - 0 ] INFO  ratis.XceiverServerRatis (XceiverServerRatis.java:getRealPort(543)) - XceiverServerRatis 848a01ca-5184-442c-a48d-c49485176211 is started using port 15093 for RATIS_ADMIN
2023-09-12 21:06:09,776 [EndpointStateMachine task thread for /0.0.0.0:15055 - 0 ] INFO  ratis.XceiverServerRatis (XceiverServerRatis.java:getRealPort(543)) - XceiverServerRatis 848a01ca-5184-442c-a48d-c49485176211 is started using port 15094 for RATIS_SERVER
2023-09-12 21:06:09,776 [EndpointStateMachine task thread for /0.0.0.0:15055 - 0 ] INFO  ratis.XceiverServerRatis (XceiverServerRatis.java:getRealPort(543)) - XceiverServerRatis 848a01ca-5184-442c-a48d-c49485176211 is started using port 15095 for RATIS_DATASTREAM
2023-09-12 21:06:09,778 [BlockDeletingService#0] INFO  interfaces.ContainerDeletionChoosingPolicyTemplate (ContainerDeletionChoosingPolicyTemplate.java:chooseContainerForBlockDeletion(85)) - Chosen 0/5000 blocks from 0 candidate containers.
2023-09-12 21:06:10,004 [JUnit] INFO  ozone.MiniOzoneClusterImpl (MiniOzoneClusterImpl.java:lambda$waitForClusterToBeReady$0(224)) - Waiting for nodes to be ready. Got 0 of 5 DN Heartbeats.
2023-09-12 21:06:10,004 [JUnit] INFO  ozone.MiniOzoneClusterImpl (MiniOzoneClusterImpl.java:lambda$waitForClusterToBeReady$0(227)) - Waiting for cluster to exit safe mode
2023-09-12 21:06:10,004 [JUnit] INFO  ozone.MiniOzoneClusterImpl (MiniOzoneClusterImpl.java:lambda$waitForClusterToBeReady$0(229)) - SCM became leader
2023-09-12 21:06:10,040 [EndpointStateMachine task thread for /0.0.0.0:15055 - 0 ] INFO  utils.DatanodeStoreCache (DatanodeStoreCache.java:addDB(66)) - Added db /home/runner/work/ozone/ozone/hadoop-ozone/integration-test/target/test-dir/MiniOzoneClusterImpl-b2199f83-407c-4d6c-939a-90a6ee7b9086/datanode-4/data-0/containers/hdds/b2199f83-407c-4d6c-939a-90a6ee7b9086/DS-1838cb0a-aa2e-402a-9a2d-e3fc35a47c5d/container.db to cache
2023-09-12 21:06:10,040 [EndpointStateMachine task thread for /0.0.0.0:15055 - 0 ] INFO  volume.HddsVolume (HddsVolume.java:createDbStore(422)) - SchemaV3 db is created and loaded at /home/runner/work/ozone/ozone/hadoop-ozone/integration-test/target/test-dir/MiniOzoneClusterImpl-b2199f83-407c-4d6c-939a-90a6ee7b9086/datanode-4/data-0/containers/hdds/b2199f83-407c-4d6c-939a-90a6ee7b9086/DS-1838cb0a-aa2e-402a-9a2d-e3fc35a47c5d/container.db for volume DS-1838cb0a-aa2e-402a-9a2d-e3fc35a47c5d
2023-09-12 21:06:10,041 [EndpointStateMachine task thread for /0.0.0.0:15055 - 0 ] INFO  volume.ThrottledAsyncChecker (ThrottledAsyncChecker.java:schedule(141)) - Scheduling a check for /home/runner/work/ozone/ozone/hadoop-ozone/integration-test/target/test-dir/MiniOzoneClusterImpl-b2199f83-407c-4d6c-939a-90a6ee7b9086/datanode-4/data-0/containers/hdds
2023-09-12 21:06:10,041 [EndpointStateMachine task thread for /0.0.0.0:15055 - 0 ] INFO  volume.StorageVolumeChecker (StorageVolumeChecker.java:checkAllVolumes(213)) - Scheduled health check for volume /home/runner/work/ozone/ozone/hadoop-ozone/integration-test/target/test-dir/MiniOzoneClusterImpl-b2199f83-407c-4d6c-939a-90a6ee7b9086/datanode-4/data-0/containers/hdds
2023-09-12 21:06:10,043 [EndpointStateMachine task thread for /0.0.0.0:15055 - 0 ] INFO  volume.ThrottledAsyncChecker (ThrottledAsyncChecker.java:schedule(141)) - Scheduling a check for /home/runner/work/ozone/ozone/hadoop-ozone/integration-test/target/test-dir/MiniOzoneClusterImpl-b2199f83-407c-4d6c-939a-90a6ee7b9086/datanode-4/data/ratis
2023-09-12 21:06:10,043 [EndpointStateMachine task thread for /0.0.0.0:15055 - 0 ] INFO  volume.StorageVolumeChecker (StorageVolumeChecker.java:checkAllVolumes(213)) - Scheduled health check for volume /home/runner/work/ozone/ozone/hadoop-ozone/integration-test/target/test-dir/MiniOzoneClusterImpl-b2199f83-407c-4d6c-939a-90a6ee7b9086/datanode-4/data/ratis
2023-09-12 21:06:10,045 [EndpointStateMachine task thread for /0.0.0.0:15055 - 0 ] INFO  ozoneimpl.OzoneContainer (OzoneContainer.java:start(429)) - Attempting to start container services.
2023-09-12 21:06:10,045 [EndpointStateMachine task thread for /0.0.0.0:15055 - 0 ] INFO  ozoneimpl.OzoneContainer (OzoneContainer.java:startContainerScrub(325)) - Scheduled background container scanners and the on-demand container scanner have been disabled.
2023-09-12 21:06:10,046 [EndpointStateMachine task thread for /0.0.0.0:15055 - 0 ] INFO  replication.ReplicationServer (ReplicationServer.java:start(130)) - ReplicationServer is started using port 15105
2023-09-12 21:06:10,046 [EndpointStateMachine task thread for /0.0.0.0:15055 - 0 ] INFO  ratis.XceiverServerRatis (XceiverServerRatis.java:start(517)) - Starting XceiverServerRatis f43f4bf5-e3da-46fb-853a-448d0a4c527e
2023-09-12 21:06:10,047 [EndpointStateMachine task thread for /0.0.0.0:15055 - 0 ] INFO  server.RaftServer (RaftServerProxy.java:startImpl(400)) - f43f4bf5-e3da-46fb-853a-448d0a4c527e: start RPC server
2023-09-12 21:06:10,047 [EndpointStateMachine task thread for /0.0.0.0:15055 - 0 ] INFO  server.GrpcService (GrpcService.java:startImpl(302)) - f43f4bf5-e3da-46fb-853a-448d0a4c527e: GrpcService started, listening on 15101
2023-09-12 21:06:10,048 [EndpointStateMachine task thread for /0.0.0.0:15055 - 0 ] INFO  server.GrpcService (GrpcService.java:startImpl(302)) - f43f4bf5-e3da-46fb-853a-448d0a4c527e: GrpcService started, listening on 15103
2023-09-12 21:06:10,048 [EndpointStateMachine task thread for /0.0.0.0:15055 - 0 ] INFO  server.GrpcService (GrpcService.java:startImpl(302)) - f43f4bf5-e3da-46fb-853a-448d0a4c527e: GrpcService started, listening on 15102
2023-09-12 21:06:10,048 [EndpointStateMachine task thread for /0.0.0.0:15055 - 0 ] INFO  ratis.XceiverServerRatis (XceiverServerRatis.java:getRealPort(543)) - XceiverServerRatis f43f4bf5-e3da-46fb-853a-448d0a4c527e is started using port 15101 for RATIS
2023-09-12 21:06:10,048 [EndpointStateMachine task thread for /0.0.0.0:15055 - 0 ] INFO  ratis.XceiverServerRatis (XceiverServerRatis.java:getRealPort(543)) - XceiverServerRatis f43f4bf5-e3da-46fb-853a-448d0a4c527e is started using port 15102 for RATIS_ADMIN
2023-09-12 21:06:10,048 [EndpointStateMachine task thread for /0.0.0.0:15055 - 0 ] INFO  ratis.XceiverServerRatis (XceiverServerRatis.java:getRealPort(543)) - XceiverServerRatis f43f4bf5-e3da-46fb-853a-448d0a4c527e is started using port 15103 for RATIS_SERVER
2023-09-12 21:06:10,048 [EndpointStateMachine task thread for /0.0.0.0:15055 - 0 ] INFO  ratis.XceiverServerRatis (XceiverServerRatis.java:getRealPort(543)) - XceiverServerRatis f43f4bf5-e3da-46fb-853a-448d0a4c527e is started using port 15104 for RATIS_DATASTREAM
2023-09-12 21:06:10,049 [JvmPauseMonitor13] INFO  util.JvmPauseMonitor (JvmPauseMonitor.java:run(103)) - JvmPauseMonitor-f43f4bf5-e3da-46fb-853a-448d0a4c527e: Started
2023-09-12 21:06:10,050 [BlockDeletingService#0] INFO  interfaces.ContainerDeletionChoosingPolicyTemplate (ContainerDeletionChoosingPolicyTemplate.java:chooseContainerForBlockDeletion(85)) - Chosen 0/5000 blocks from 0 candidate containers.
2023-09-12 21:06:10,825 [IPC Server handler 1 on default port 15055] INFO  net.NetworkTopologyImpl (NetworkTopologyImpl.java:add(112)) - Added a new node: /default-rack/26fac33b-208f-4640-bb04-d749a6a7a791
2023-09-12 21:06:10,825 [IPC Server handler 1 on default port 15055] INFO  node.SCMNodeManager (SCMNodeManager.java:register(405)) - Registered Data node : 26fac33b-208f-4640-bb04-d749a6a7a791{ip: 10.1.0.4, host: fv-az740-690.qoj0rp3pihcejmpunbvrynwprc.phxx.internal.cloudapp.net, ports: [HTTP=15062, CLIENT_RPC=15063, REPLICATION=15069, RATIS=15065, RATIS_ADMIN=15066, RATIS_SERVER=15067, RATIS_DATASTREAM=15068, STANDALONE=15064], networkLocation: /default-rack, certSerialId: null, persistedOpState: null, persistedOpStateExpiryEpochSec: 0}
2023-09-12 21:06:10,827 [EventQueue-NodeRegistrationContainerReportForDataNodeSafeModeRule] INFO  safemode.SCMSafeModeManager (DataNodeSafeModeRule.java:process(71)) - SCM in safe mode. 1 DataNodes registered, 3 required.
2023-09-12 21:06:10,831 [EventQueue-NewNodeForNewNodeHandler] INFO  pipeline.BackgroundPipelineCreator (BackgroundPipelineCreator.java:notifyEventTriggered(277)) - trigger a one-shot run on RatisPipelineUtilsThread.
2023-09-12 21:06:10,831 [EventQueue-NodeRegistrationContainerReportForContainerSafeModeRule] INFO  safemode.SCMSafeModeManager (SCMSafeModeManager.java:validateSafeModeExitRules(200)) - ContainerSafeModeRule rule is successfully validated
2023-09-12 21:06:10,831 [RatisPipelineUtilsThread - 0] INFO  pipeline.RatisPipelineProvider (RatisPipelineProvider.java:lambda$create$0(206)) - Sending CreatePipelineCommand for pipeline:PipelineID=2351b30d-1d4f-43c4-ac00-174a37851eac to datanode:26fac33b-208f-4640-bb04-d749a6a7a791
2023-09-12 21:06:10,831 [EventQueue-PipelineReportForOneReplicaPipelineSafeModeRule] INFO  safemode.SCMSafeModeManager (SCMSafeModeManager.java:validateSafeModeExitRules(200)) - AtleastOneDatanodeReportedRule rule is successfully validated
2023-09-12 21:06:10,832 [RatisPipelineUtilsThread - 0] INFO  pipeline.BackgroundPipelineCreator (BackgroundPipelineCreator.java:createPipelines(233)) - Created new pipeline Pipeline[ Id: 2351b30d-1d4f-43c4-ac00-174a37851eac, Nodes: 26fac33b-208f-4640-bb04-d749a6a7a791(fv-az740-690.qoj0rp3pihcejmpunbvrynwprc.phxx.internal.cloudapp.net/10.1.0.4), ReplicationConfig: RATIS/ONE, State:ALLOCATED, leaderId:, CreationTimestamp2023-09-12T21:06:10.831Z[Etc/UTC]]
2023-09-12 21:06:11,004 [JUnit] INFO  ozone.MiniOzoneClusterImpl (MiniOzoneClusterImpl.java:lambda$waitForClusterToBeReady$0(224)) - Waiting for nodes to be ready. Got 1 of 5 DN Heartbeats.
2023-09-12 21:06:11,004 [JUnit] INFO  ozone.MiniOzoneClusterImpl (MiniOzoneClusterImpl.java:lambda$waitForClusterToBeReady$0(227)) - Waiting for cluster to exit safe mode
2023-09-12 21:06:11,004 [JUnit] INFO  ozone.MiniOzoneClusterImpl (MiniOzoneClusterImpl.java:lambda$waitForClusterToBeReady$0(229)) - SCM became leader
2023-09-12 21:06:11,119 [IPC Server handler 2 on default port 15055] INFO  net.NetworkTopologyImpl (NetworkTopologyImpl.java:add(112)) - Added a new node: /default-rack/406ee6b1-fa0c-4161-b052-c61e2a13dd66
2023-09-12 21:06:11,119 [IPC Server handler 2 on default port 15055] INFO  node.SCMNodeManager (SCMNodeManager.java:register(405)) - Registered Data node : 406ee6b1-fa0c-4161-b052-c61e2a13dd66{ip: 10.1.0.4, host: fv-az740-690.qoj0rp3pihcejmpunbvrynwprc.phxx.internal.cloudapp.net, ports: [HTTP=15071, CLIENT_RPC=15072, REPLICATION=15078, RATIS=15074, RATIS_ADMIN=15075, RATIS_SERVER=15076, RATIS_DATASTREAM=15077, STANDALONE=15073], networkLocation: /default-rack, certSerialId: null, persistedOpState: null, persistedOpStateExpiryEpochSec: 0}
2023-09-12 21:06:11,120 [EventQueue-NodeRegistrationContainerReportForDataNodeSafeModeRule] INFO  safemode.SCMSafeModeManager (DataNodeSafeModeRule.java:process(71)) - SCM in safe mode. 2 DataNodes registered, 3 required.
2023-09-12 21:06:11,123 [EventQueue-NewNodeForNewNodeHandler] INFO  pipeline.BackgroundPipelineCreator (BackgroundPipelineCreator.java:notifyEventTriggered(277)) - trigger a one-shot run on RatisPipelineUtilsThread.
2023-09-12 21:06:11,126 [RatisPipelineUtilsThread - 0] INFO  pipeline.RatisPipelineProvider (RatisPipelineProvider.java:lambda$create$0(206)) - Sending CreatePipelineCommand for pipeline:PipelineID=91b31b01-0ade-462e-8fbd-3d78b1cf03c5 to datanode:406ee6b1-fa0c-4161-b052-c61e2a13dd66
2023-09-12 21:06:11,127 [RatisPipelineUtilsThread - 0] INFO  pipeline.BackgroundPipelineCreator (BackgroundPipelineCreator.java:createPipelines(233)) - Created new pipeline Pipeline[ Id: 91b31b01-0ade-462e-8fbd-3d78b1cf03c5, Nodes: 406ee6b1-fa0c-4161-b052-c61e2a13dd66(fv-az740-690.qoj0rp3pihcejmpunbvrynwprc.phxx.internal.cloudapp.net/10.1.0.4), ReplicationConfig: RATIS/ONE, State:ALLOCATED, leaderId:, CreationTimestamp2023-09-12T21:06:11.126Z[Etc/UTC]]
2023-09-12 21:06:11,391 [IPC Server handler 3 on default port 15055] INFO  net.NetworkTopologyImpl (NetworkTopologyImpl.java:add(112)) - Added a new node: /default-rack/52e1c3a5-ad40-4f65-b13a-90cebad8bc80
2023-09-12 21:06:11,392 [IPC Server handler 3 on default port 15055] INFO  node.SCMNodeManager (SCMNodeManager.java:register(405)) - Registered Data node : 52e1c3a5-ad40-4f65-b13a-90cebad8bc80{ip: 10.1.0.4, host: fv-az740-690.qoj0rp3pihcejmpunbvrynwprc.phxx.internal.cloudapp.net, ports: [HTTP=15080, CLIENT_RPC=15081, REPLICATION=15087, RATIS=15083, RATIS_ADMIN=15084, RATIS_SERVER=15085, RATIS_DATASTREAM=15086, STANDALONE=15082], networkLocation: /default-rack, certSerialId: null, persistedOpState: null, persistedOpStateExpiryEpochSec: 0}
2023-09-12 21:06:11,392 [EventQueue-NewNodeForNewNodeHandler] INFO  pipeline.BackgroundPipelineCreator (BackgroundPipelineCreator.java:notifyEventTriggered(277)) - trigger a one-shot run on RatisPipelineUtilsThread.
2023-09-12 21:06:11,392 [EventQueue-NodeRegistrationContainerReportForDataNodeSafeModeRule] INFO  safemode.SCMSafeModeManager (DataNodeSafeModeRule.java:process(71)) - SCM in safe mode. 3 DataNodes registered, 3 required.
2023-09-12 21:06:11,392 [EventQueue-NodeRegistrationContainerReportForDataNodeSafeModeRule] INFO  safemode.SCMSafeModeManager (SCMSafeModeManager.java:validateSafeModeExitRules(200)) - DataNodeSafeModeRule rule is successfully validated
2023-09-12 21:06:11,392 [EventQueue-NodeRegistrationContainerReportForDataNodeSafeModeRule] INFO  safemode.SCMSafeModeManager (SCMSafeModeManager.java:completePreCheck(229)) - All SCM safe mode pre check rules have passed
2023-09-12 21:06:11,392 [EventQueue-NodeRegistrationContainerReportForDataNodeSafeModeRule] INFO  ha.SCMContext (SCMContext.java:updateSafeModeStatus(228)) - Update SafeModeStatus from SafeModeStatus{safeModeStatus=true, preCheckPassed=false} to SafeModeStatus{safeModeStatus=true, preCheckPassed=true}.
2023-09-12 21:06:11,392 [EventQueue-NodeRegistrationContainerReportForDataNodeSafeModeRule] INFO  pipeline.BackgroundPipelineCreator (BackgroundPipelineCreator.java:notifyEventTriggered(277)) - trigger a one-shot run on RatisPipelineUtilsThread.
2023-09-12 21:06:11,392 [RatisPipelineUtilsThread - 0] INFO  pipeline.RatisPipelineProvider (RatisPipelineProvider.java:lambda$create$0(206)) - Sending CreatePipelineCommand for pipeline:PipelineID=c2194152-4829-40d1-9bb2-d30d9e24b3fb to datanode:52e1c3a5-ad40-4f65-b13a-90cebad8bc80
2023-09-12 21:06:11,393 [RatisPipelineUtilsThread - 0] INFO  pipeline.BackgroundPipelineCreator (BackgroundPipelineCreator.java:createPipelines(233)) - Created new pipeline Pipeline[ Id: c2194152-4829-40d1-9bb2-d30d9e24b3fb, Nodes: 52e1c3a5-ad40-4f65-b13a-90cebad8bc80(fv-az740-690.qoj0rp3pihcejmpunbvrynwprc.phxx.internal.cloudapp.net/10.1.0.4), ReplicationConfig: RATIS/ONE, State:ALLOCATED, leaderId:, CreationTimestamp2023-09-12T21:06:11.392Z[Etc/UTC]]
2023-09-12 21:06:11,393 [RatisPipelineUtilsThread - 0] INFO  pipeline.RatisPipelineProvider (RatisPipelineProvider.java:lambda$create$0(206)) - Sending CreatePipelineCommand for pipeline:PipelineID=41cc45c0-98fb-4ed5-9a39-363926aab1d0 to datanode:26fac33b-208f-4640-bb04-d749a6a7a791
2023-09-12 21:06:11,393 [RatisPipelineUtilsThread - 0] INFO  pipeline.RatisPipelineProvider (RatisPipelineProvider.java:lambda$create$0(206)) - Sending CreatePipelineCommand for pipeline:PipelineID=41cc45c0-98fb-4ed5-9a39-363926aab1d0 to datanode:52e1c3a5-ad40-4f65-b13a-90cebad8bc80
2023-09-12 21:06:11,393 [RatisPipelineUtilsThread - 0] INFO  pipeline.RatisPipelineProvider (RatisPipelineProvider.java:lambda$create$0(206)) - Sending CreatePipelineCommand for pipeline:PipelineID=41cc45c0-98fb-4ed5-9a39-363926aab1d0 to datanode:406ee6b1-fa0c-4161-b052-c61e2a13dd66
2023-09-12 21:06:11,394 [RatisPipelineUtilsThread - 0] INFO  pipeline.BackgroundPipelineCreator (BackgroundPipelineCreator.java:createPipelines(233)) - Created new pipeline Pipeline[ Id: 41cc45c0-98fb-4ed5-9a39-363926aab1d0, Nodes: 26fac33b-208f-4640-bb04-d749a6a7a791(fv-az740-690.qoj0rp3pihcejmpunbvrynwprc.phxx.internal.cloudapp.net/10.1.0.4)52e1c3a5-ad40-4f65-b13a-90cebad8bc80(fv-az740-690.qoj0rp3pihcejmpunbvrynwprc.phxx.internal.cloudapp.net/10.1.0.4)406ee6b1-fa0c-4161-b052-c61e2a13dd66(fv-az740-690.qoj0rp3pihcejmpunbvrynwprc.phxx.internal.cloudapp.net/10.1.0.4), ReplicationConfig: RATIS/THREE, State:ALLOCATED, leaderId:, CreationTimestamp2023-09-12T21:06:11.393Z[Etc/UTC]]
2023-09-12 21:06:11,394 [RatisPipelineUtilsThread - 0] INFO  pipeline.RatisPipelineProvider (RatisPipelineProvider.java:lambda$create$0(206)) - Sending CreatePipelineCommand for pipeline:PipelineID=0f81a6e3-614b-468d-ab00-1a2e6c5cc317 to datanode:52e1c3a5-ad40-4f65-b13a-90cebad8bc80
2023-09-12 21:06:11,394 [RatisPipelineUtilsThread - 0] INFO  pipeline.RatisPipelineProvider (RatisPipelineProvider.java:lambda$create$0(206)) - Sending CreatePipelineCommand for pipeline:PipelineID=0f81a6e3-614b-468d-ab00-1a2e6c5cc317 to datanode:26fac33b-208f-4640-bb04-d749a6a7a791
2023-09-12 21:06:11,394 [RatisPipelineUtilsThread - 0] INFO  pipeline.RatisPipelineProvider (RatisPipelineProvider.java:lambda$create$0(206)) - Sending CreatePipelineCommand for pipeline:PipelineID=0f81a6e3-614b-468d-ab00-1a2e6c5cc317 to datanode:406ee6b1-fa0c-4161-b052-c61e2a13dd66
2023-09-12 21:06:11,395 [RatisPipelineUtilsThread - 0] INFO  pipeline.PipelineManagerImpl (PipelineManagerImpl.java:recordMetricsForPipeline(895)) - Pipeline: PipelineID=0f81a6e3-614b-468d-ab00-1a2e6c5cc317 contains same datanodes as previous pipelines: PipelineID=41cc45c0-98fb-4ed5-9a39-363926aab1d0 nodeIds: 52e1c3a5-ad40-4f65-b13a-90cebad8bc80, 26fac33b-208f-4640-bb04-d749a6a7a791, 406ee6b1-fa0c-4161-b052-c61e2a13dd66
2023-09-12 21:06:11,395 [RatisPipelineUtilsThread - 0] INFO  pipeline.BackgroundPipelineCreator (BackgroundPipelineCreator.java:createPipelines(233)) - Created new pipeline Pipeline[ Id: 0f81a6e3-614b-468d-ab00-1a2e6c5cc317, Nodes: 52e1c3a5-ad40-4f65-b13a-90cebad8bc80(fv-az740-690.qoj0rp3pihcejmpunbvrynwprc.phxx.internal.cloudapp.net/10.1.0.4)26fac33b-208f-4640-bb04-d749a6a7a791(fv-az740-690.qoj0rp3pihcejmpunbvrynwprc.phxx.internal.cloudapp.net/10.1.0.4)406ee6b1-fa0c-4161-b052-c61e2a13dd66(fv-az740-690.qoj0rp3pihcejmpunbvrynwprc.phxx.internal.cloudapp.net/10.1.0.4), ReplicationConfig: RATIS/THREE, State:ALLOCATED, leaderId:, CreationTimestamp2023-09-12T21:06:11.394Z[Etc/UTC]]
2023-09-12 21:06:11,725 [IPC Server handler 0 on default port 15055] INFO  net.NetworkTopologyImpl (NetworkTopologyImpl.java:add(112)) - Added a new node: /default-rack/848a01ca-5184-442c-a48d-c49485176211
2023-09-12 21:06:11,725 [IPC Server handler 0 on default port 15055] INFO  node.SCMNodeManager (SCMNodeManager.java:register(405)) - Registered Data node : 848a01ca-5184-442c-a48d-c49485176211{ip: 10.1.0.4, host: fv-az740-690.qoj0rp3pihcejmpunbvrynwprc.phxx.internal.cloudapp.net, ports: [HTTP=15089, CLIENT_RPC=15090, REPLICATION=15096, RATIS=15092, RATIS_ADMIN=15093, RATIS_SERVER=15094, RATIS_DATASTREAM=15095, STANDALONE=15091], networkLocation: /default-rack, certSerialId: null, persistedOpState: null, persistedOpStateExpiryEpochSec: 0}
2023-09-12 21:06:11,726 [EventQueue-NewNodeForNewNodeHandler] INFO  pipeline.BackgroundPipelineCreator (BackgroundPipelineCreator.java:notifyEventTriggered(277)) - trigger a one-shot run on RatisPipelineUtilsThread.
2023-09-12 21:06:11,731 [RatisPipelineUtilsThread - 0] INFO  pipeline.RatisPipelineProvider (RatisPipelineProvider.java:lambda$create$0(206)) - Sending CreatePipelineCommand for pipeline:PipelineID=6aba387b-087e-4de7-be8e-40e1f56e6ce1 to datanode:848a01ca-5184-442c-a48d-c49485176211
2023-09-12 21:06:11,731 [RatisPipelineUtilsThread - 0] INFO  pipeline.BackgroundPipelineCreator (BackgroundPipelineCreator.java:createPipelines(233)) - Created new pipeline Pipeline[ Id: 6aba387b-087e-4de7-be8e-40e1f56e6ce1, Nodes: 848a01ca-5184-442c-a48d-c49485176211(fv-az740-690.qoj0rp3pihcejmpunbvrynwprc.phxx.internal.cloudapp.net/10.1.0.4), ReplicationConfig: RATIS/ONE, State:ALLOCATED, leaderId:, CreationTimestamp2023-09-12T21:06:11.731Z[Etc/UTC]]
2023-09-12 21:06:12,005 [JUnit] INFO  ozone.MiniOzoneClusterImpl (MiniOzoneClusterImpl.java:lambda$waitForClusterToBeReady$0(224)) - Waiting for nodes to be ready. Got 4 of 5 DN Heartbeats.
2023-09-12 21:06:12,005 [JUnit] INFO  ozone.MiniOzoneClusterImpl (MiniOzoneClusterImpl.java:lambda$waitForClusterToBeReady$0(227)) - Waiting for cluster to exit safe mode
2023-09-12 21:06:12,005 [JUnit] INFO  ozone.MiniOzoneClusterImpl (MiniOzoneClusterImpl.java:lambda$waitForClusterToBeReady$0(229)) - SCM became leader
2023-09-12 21:06:12,009 [IPC Server handler 2 on default port 15055] INFO  net.NetworkTopologyImpl (NetworkTopologyImpl.java:add(112)) - Added a new node: /default-rack/f43f4bf5-e3da-46fb-853a-448d0a4c527e
2023-09-12 21:06:12,009 [IPC Server handler 2 on default port 15055] INFO  node.SCMNodeManager (SCMNodeManager.java:register(405)) - Registered Data node : f43f4bf5-e3da-46fb-853a-448d0a4c527e{ip: 10.1.0.4, host: fv-az740-690.qoj0rp3pihcejmpunbvrynwprc.phxx.internal.cloudapp.net, ports: [HTTP=15098, CLIENT_RPC=15099, REPLICATION=15105, RATIS=15101, RATIS_ADMIN=15102, RATIS_SERVER=15103, RATIS_DATASTREAM=15104, STANDALONE=15100], networkLocation: /default-rack, certSerialId: null, persistedOpState: null, persistedOpStateExpiryEpochSec: 0}
2023-09-12 21:06:12,010 [EventQueue-NewNodeForNewNodeHandler] INFO  pipeline.BackgroundPipelineCreator (BackgroundPipelineCreator.java:notifyEventTriggered(277)) - trigger a one-shot run on RatisPipelineUtilsThread.
2023-09-12 21:06:12,011 [RatisPipelineUtilsThread - 0] INFO  pipeline.RatisPipelineProvider (RatisPipelineProvider.java:lambda$create$0(206)) - Sending CreatePipelineCommand for pipeline:PipelineID=68cf8fec-e7b6-4c11-92c4-dfb346b9bd4f to datanode:f43f4bf5-e3da-46fb-853a-448d0a4c527e
2023-09-12 21:06:12,011 [RatisPipelineUtilsThread - 0] INFO  pipeline.BackgroundPipelineCreator (BackgroundPipelineCreator.java:createPipelines(233)) - Created new pipeline Pipeline[ Id: 68cf8fec-e7b6-4c11-92c4-dfb346b9bd4f, Nodes: f43f4bf5-e3da-46fb-853a-448d0a4c527e(fv-az740-690.qoj0rp3pihcejmpunbvrynwprc.phxx.internal.cloudapp.net/10.1.0.4), ReplicationConfig: RATIS/ONE, State:ALLOCATED, leaderId:, CreationTimestamp2023-09-12T21:06:12.011Z[Etc/UTC]]
2023-09-12 21:06:13,005 [JUnit] INFO  ozone.MiniOzoneClusterImpl (MiniOzoneClusterImpl.java:lambda$waitForClusterToBeReady$0(224)) - Nodes are ready. Got 5 of 5 DN Heartbeats.
2023-09-12 21:06:13,005 [JUnit] INFO  ozone.MiniOzoneClusterImpl (MiniOzoneClusterImpl.java:lambda$waitForClusterToBeReady$0(227)) - Waiting for cluster to exit safe mode
2023-09-12 21:06:13,005 [JUnit] INFO  ozone.MiniOzoneClusterImpl (MiniOzoneClusterImpl.java:lambda$waitForClusterToBeReady$0(229)) - SCM became leader
2023-09-12 21:06:13,826 [PipelineCommandHandlerThread-0] INFO  server.RaftServer (RaftServerProxy.java:addNew(98)) - 26fac33b-208f-4640-bb04-d749a6a7a791: addNew group-174A37851EAC:[26fac33b-208f-4640-bb04-d749a6a7a791|rpc:10.1.0.4:15067|admin:10.1.0.4:15066|client:10.1.0.4:15065|dataStream:10.1.0.4:15068|priority:1|startupRole:FOLLOWER] returns group-174A37851EAC:java.util.concurrent.CompletableFuture@67e27c97[Not completed]
2023-09-12 21:06:13,827 [26fac33b-208f-4640-bb04-d749a6a7a791-groupManagement] INFO  server.RaftServer$Division (RaftServerImpl.java:<init>(198)) - 26fac33b-208f-4640-bb04-d749a6a7a791: new RaftServerImpl for group-174A37851EAC:[26fac33b-208f-4640-bb04-d749a6a7a791|rpc:10.1.0.4:15067|admin:10.1.0.4:15066|client:10.1.0.4:15065|dataStream:10.1.0.4:15068|priority:1|startupRole:FOLLOWER] with ContainerStateMachine:uninitialized
2023-09-12 21:06:13,827 [26fac33b-208f-4640-bb04-d749a6a7a791-groupManagement] INFO  server.RaftServerConfigKeys (ConfUtils.java:logGet(46)) - raft.server.rpc.timeout.min = 5s (custom)
2023-09-12 21:06:13,827 [26fac33b-208f-4640-bb04-d749a6a7a791-groupManagement] INFO  server.RaftServerConfigKeys (ConfUtils.java:logGet(46)) - raft.server.rpc.timeout.max = 5200ms (custom)
2023-09-12 21:06:13,827 [26fac33b-208f-4640-bb04-d749a6a7a791-groupManagement] INFO  server.RaftServerConfigKeys (ConfUtils.java:logGet(46)) - raft.server.rpc.sleep.time = 25ms (default)
2023-09-12 21:06:13,827 [26fac33b-208f-4640-bb04-d749a6a7a791-groupManagement] INFO  server.RaftServerConfigKeys (ConfUtils.java:logGet(46)) - raft.server.rpc.slowness.timeout = 300000ms (custom)
2023-09-12 21:06:13,827 [26fac33b-208f-4640-bb04-d749a6a7a791-groupManagement] INFO  server.RaftServerConfigKeys (ConfUtils.java:logGet(46)) - raft.server.leaderelection.leader.step-down.wait-time = 10s (default)
2023-09-12 21:06:13,827 [26fac33b-208f-4640-bb04-d749a6a7a791-groupManagement] INFO  server.RaftServerConfigKeys (ConfUtils.java:logGet(46)) - raft.server.sleep.deviation.threshold = 300ms (default)
2023-09-12 21:06:13,827 [26fac33b-208f-4640-bb04-d749a6a7a791-groupManagement] INFO  server.RaftServer$Division (ServerState.java:<init>(120)) - 26fac33b-208f-4640-bb04-d749a6a7a791@group-174A37851EAC: ConfigurationManager, init=-1: peers:[26fac33b-208f-4640-bb04-d749a6a7a791|rpc:10.1.0.4:15067|admin:10.1.0.4:15066|client:10.1.0.4:15065|dataStream:10.1.0.4:15068|priority:1|startupRole:FOLLOWER]|listeners:[], old=null, confs=<EMPTY_MAP>
2023-09-12 21:06:13,827 [26fac33b-208f-4640-bb04-d749a6a7a791-groupManagement] INFO  server.RaftServerConfigKeys (ConfUtils.java:logGet(46)) - raft.server.storage.dir = [/home/runner/work/ozone/ozone/hadoop-ozone/integration-test/target/test-dir/MiniOzoneClusterImpl-b2199f83-407c-4d6c-939a-90a6ee7b9086/datanode-0/data/ratis] (custom)
2023-09-12 21:06:13,827 [26fac33b-208f-4640-bb04-d749a6a7a791-groupManagement] INFO  server.RaftServerConfigKeys (ConfUtils.java:logGet(46)) - raft.server.log.corruption.policy = EXCEPTION (default)
2023-09-12 21:06:13,828 [26fac33b-208f-4640-bb04-d749a6a7a791-groupManagement] INFO  server.RaftServerConfigKeys (ConfUtils.java:logGet(46)) - raft.server.storage.free-space.min = 0MB (=0) (default)
2023-09-12 21:06:13,828 [26fac33b-208f-4640-bb04-d749a6a7a791-groupManagement] INFO  server.RaftServerConfigKeys (ConfUtils.java:logGet(46)) - raft.server.notification.no-leader.timeout = 300000ms (custom)
2023-09-12 21:06:13,828 [26fac33b-208f-4640-bb04-d749a6a7a791-groupManagement] INFO  server.RaftServerConfigKeys (ConfUtils.java:logGet(46)) - raft.server.read.timeout = 10s (default)
2023-09-12 21:06:13,828 [26fac33b-208f-4640-bb04-d749a6a7a791-groupManagement] INFO  server.RaftServerConfigKeys (ConfUtils.java:logGet(46)) - raft.server.retrycache.expirytime = 600000ms (custom)
2023-09-12 21:06:13,828 [26fac33b-208f-4640-bb04-d749a6a7a791-groupManagement] INFO  server.RaftServerConfigKeys (ConfUtils.java:logGet(46)) - raft.server.retrycache.statistics.expirytime = 100μs (default)
2023-09-12 21:06:13,828 [26fac33b-208f-4640-bb04-d749a6a7a791-groupManagement] INFO  server.RaftServerConfigKeys (ConfUtils.java:logGet(46)) - raft.server.read.option = DEFAULT (default)
2023-09-12 21:06:13,829 [26fac33b-208f-4640-bb04-d749a6a7a791-groupManagement] INFO  server.RaftServerConfigKeys (ConfUtils.java:logGet(46)) - raft.server.rpc.request.timeout = 3000ms (default)
2023-09-12 21:06:13,829 [26fac33b-208f-4640-bb04-d749a6a7a791-groupManagement] INFO  server.RaftServerConfigKeys (ConfUtils.java:logGet(46)) - raft.server.log.appender.install.snapshot.enabled = false (custom)
2023-09-12 21:06:13,829 [26fac33b-208f-4640-bb04-d749a6a7a791-groupManagement] INFO  server.RaftServerConfigKeys (ConfUtils.java:logGet(46)) - raft.server.threadpool.server.cached = true (default)
2023-09-12 21:06:13,829 [26fac33b-208f-4640-bb04-d749a6a7a791-groupManagement] INFO  server.RaftServerConfigKeys (ConfUtils.java:logGet(46)) - raft.server.threadpool.server.size = 0 (default)
2023-09-12 21:06:13,829 [26fac33b-208f-4640-bb04-d749a6a7a791-groupManagement] INFO  server.RaftServerConfigKeys (ConfUtils.java:logGet(46)) - raft.server.threadpool.client.cached = true (default)
2023-09-12 21:06:13,829 [26fac33b-208f-4640-bb04-d749a6a7a791-groupManagement] INFO  server.RaftServerConfigKeys (ConfUtils.java:logGet(46)) - raft.server.threadpool.client.size = 0 (default)
2023-09-12 21:06:13,829 [26fac33b-208f-4640-bb04-d749a6a7a791-groupManagement] INFO  storage.RaftStorageDirectory (RaftStorageDirectoryImpl.java:analyzeStorage(137)) - The storage directory /home/runner/work/ozone/ozone/hadoop-ozone/integration-test/target/test-dir/MiniOzoneClusterImpl-b2199f83-407c-4d6c-939a-90a6ee7b9086/datanode-0/data/ratis/2351b30d-1d4f-43c4-ac00-174a37851eac does not exist. Creating ...
2023-09-12 21:06:13,830 [26fac33b-208f-4640-bb04-d749a6a7a791-groupManagement] INFO  storage.RaftStorageDirectory (RaftStorageDirectoryImpl.java:tryLock(231)) - Lock on /home/runner/work/ozone/ozone/hadoop-ozone/integration-test/target/test-dir/MiniOzoneClusterImpl-b2199f83-407c-4d6c-939a-90a6ee7b9086/datanode-0/data/ratis/2351b30d-1d4f-43c4-ac00-174a37851eac/in_use.lock acquired by nodename 5540@fv-az740-690
2023-09-12 21:06:13,831 [26fac33b-208f-4640-bb04-d749a6a7a791-groupManagement] INFO  storage.RaftStorage (RaftStorageImpl.java:format(96)) - Storage directory /home/runner/work/ozone/ozone/hadoop-ozone/integration-test/target/test-dir/MiniOzoneClusterImpl-b2199f83-407c-4d6c-939a-90a6ee7b9086/datanode-0/data/ratis/2351b30d-1d4f-43c4-ac00-174a37851eac has been successfully formatted.
2023-09-12 21:06:13,832 [26fac33b-208f-4640-bb04-d749a6a7a791-groupManagement] INFO  ratis.ContainerStateMachine (ContainerStateMachine.java:loadSnapshot(262)) - group-174A37851EAC: The snapshot info is null. Setting the last applied indexto:(t:0, i:~)
2023-09-12 21:06:13,832 [26fac33b-208f-4640-bb04-d749a6a7a791-groupManagement] INFO  server.RaftServerConfigKeys (ConfUtils.java:logGet(46)) - raft.server.log.use.memory = false (default)
2023-09-12 21:06:13,833 [26fac33b-208f-4640-bb04-d749a6a7a791-groupManagement] INFO  server.RaftServerConfigKeys (ConfUtils.java:logGet(46)) - raft.server.log.purge.gap = 1000000 (custom)
2023-09-12 21:06:13,833 [26fac33b-208f-4640-bb04-d749a6a7a791-groupManagement] INFO  server.RaftServerConfigKeys (ConfUtils.java:logGet(46)) - raft.server.log.appender.buffer.byte-limit = 33554432 (custom)
2023-09-12 21:06:13,833 [26fac33b-208f-4640-bb04-d749a6a7a791-groupManagement] INFO  server.RaftServerConfigKeys (ConfUtils.java:logGet(46)) - raft.server.log.statemachine.data.read.timeout = 1000ms (default)
2023-09-12 21:06:13,833 [26fac33b-208f-4640-bb04-d749a6a7a791-groupManagement] INFO  server.RaftServerConfigKeys (ConfUtils.java:logGet(46)) - raft.server.log.purge.preservation.log.num = 0 (default)
2023-09-12 21:06:13,833 [26fac33b-208f-4640-bb04-d749a6a7a791-groupManagement] INFO  server.RaftServerConfigKeys (ConfUtils.java:logGet(46)) - raft.server.log.segment.size.max = 1048576 (custom)
2023-09-12 21:06:13,834 [26fac33b-208f-4640-bb04-d749a6a7a791-groupManagement] INFO  server.RaftServerConfigKeys (ConfUtils.java:logGet(46)) - raft.server.log.segment.cache.num.max = 2 (custom)
2023-09-12 21:06:13,834 [26fac33b-208f-4640-bb04-d749a6a7a791-groupManagement] INFO  server.RaftServerConfigKeys (ConfUtils.java:logGet(46)) - raft.server.log.segment.cache.size.max = 200MB (=209715200) (default)
2023-09-12 21:06:13,834 [26fac33b-208f-4640-bb04-d749a6a7a791-groupManagement] INFO  server.RaftServerConfigKeys (ConfUtils.java:logGet(46)) - raft.server.log.appender.buffer.byte-limit = 33554432 (custom)
2023-09-12 21:06:13,834 [26fac33b-208f-4640-bb04-d749a6a7a791-groupManagement] INFO  segmented.SegmentedRaftLogWorker (SegmentedRaftLogWorker.java:<init>(188)) - new 26fac33b-208f-4640-bb04-d749a6a7a791@group-174A37851EAC-SegmentedRaftLogWorker for RaftStorageImpl:Storage Directory /home/runner/work/ozone/ozone/hadoop-ozone/integration-test/target/test-dir/MiniOzoneClusterImpl-b2199f83-407c-4d6c-939a-90a6ee7b9086/datanode-0/data/ratis/2351b30d-1d4f-43c4-ac00-174a37851eac
2023-09-12 21:06:13,834 [26fac33b-208f-4640-bb04-d749a6a7a791-groupManagement] INFO  server.RaftServerConfigKeys (ConfUtils.java:logGet(46)) - raft.server.log.queue.byte-limit = 4294967296 (custom)
2023-09-12 21:06:13,834 [26fac33b-208f-4640-bb04-d749a6a7a791-groupManagement] INFO  server.RaftServerConfigKeys (ConfUtils.java:logGet(46)) - raft.server.log.queue.element-limit = 1024 (custom)
2023-09-12 21:06:13,834 [EventQueue-PipelineReportForPipelineReportHandler] INFO  pipeline.PipelineReportHandler (PipelineReportHandler.java:processPipelineReport(136)) - Opened pipeline PipelineID=2351b30d-1d4f-43c4-ac00-174a37851eac
2023-09-12 21:06:13,834 [26fac33b-208f-4640-bb04-d749a6a7a791-groupManagement] INFO  server.RaftServerConfigKeys (ConfUtils.java:logGet(46)) - raft.server.log.segment.size.max = 1048576 (custom)
2023-09-12 21:06:13,834 [26fac33b-208f-4640-bb04-d749a6a7a791-groupManagement] INFO  server.RaftServerConfigKeys (ConfUtils.java:logGet(46)) - raft.server.log.preallocated.size = 16384 (custom)
2023-09-12 21:06:13,835 [26fac33b-208f-4640-bb04-d749a6a7a791-groupManagement] INFO  server.RaftServerConfigKeys (ConfUtils.java:logGet(46)) - raft.server.log.force.sync.num = 128 (default)
2023-09-12 21:06:13,835 [26fac33b-208f-4640-bb04-d749a6a7a791-groupManagement] INFO  server.RaftServerConfigKeys (ConfUtils.java:logGet(46)) - raft.server.log.statemachine.data.sync = true (default)
2023-09-12 21:06:13,835 [26fac33b-208f-4640-bb04-d749a6a7a791-groupManagement] INFO  server.RaftServerConfigKeys (ConfUtils.java:logGet(46)) - raft.server.log.statemachine.data.sync.timeout = 10s (default)
2023-09-12 21:06:13,835 [26fac33b-208f-4640-bb04-d749a6a7a791-groupManagement] INFO  server.RaftServerConfigKeys (ConfUtils.java:logGet(46)) - raft.server.log.statemachine.data.sync.timeout.retry = -1 (default)
2023-09-12 21:06:13,836 [26fac33b-208f-4640-bb04-d749a6a7a791-groupManagement] INFO  server.RaftServerConfigKeys (ConfUtils.java:logGet(46)) - raft.server.log.write.buffer.size = 1048576 (custom)
2023-09-12 21:06:13,836 [26fac33b-208f-4640-bb04-d749a6a7a791-groupManagement] INFO  server.RaftServerConfigKeys (ConfUtils.java:logGet(46)) - raft.server.log.appender.buffer.byte-limit = 33554432 (custom)
2023-09-12 21:06:13,839 [26fac33b-208f-4640-bb04-d749a6a7a791-groupManagement] INFO  server.RaftServerConfigKeys (ConfUtils.java:logGet(46)) - raft.server.log.unsafe-flush.enabled = false (default)
2023-09-12 21:06:13,840 [26fac33b-208f-4640-bb04-d749a6a7a791-groupManagement] INFO  server.RaftServerConfigKeys (ConfUtils.java:logGet(46)) - raft.server.log.async-flush.enabled = false (default)
2023-09-12 21:06:13,840 [EventQueue-OpenPipelineForHealthyPipelineSafeModeRule] INFO  safemode.SCMSafeModeManager (HealthyPipelineSafeModeRule.java:process(137)) - SCM in safe mode. Healthy pipelines reported count is 0, required healthy pipeline reported count is 1
2023-09-12 21:06:13,840 [26fac33b-208f-4640-bb04-d749a6a7a791-groupManagement] INFO  server.RaftServerConfigKeys (ConfUtils.java:logGet(46)) - raft.server.log.statemachine.data.caching.enabled = true (custom)
2023-09-12 21:06:13,840 [26fac33b-208f-4640-bb04-d749a6a7a791-groupManagement] INFO  segmented.SegmentedRaftLogWorker (SegmentedRaftLogWorker.java:lambda$new$0(135)) - 26fac33b-208f-4640-bb04-d749a6a7a791@group-174A37851EAC-SegmentedRaftLogWorker: flushIndex: setUnconditionally 0 -> -1
2023-09-12 21:06:13,840 [26fac33b-208f-4640-bb04-d749a6a7a791-groupManagement] INFO  segmented.SegmentedRaftLogWorker (SegmentedRaftLogWorker.java:lambda$new$0(135)) - 26fac33b-208f-4640-bb04-d749a6a7a791@group-174A37851EAC-SegmentedRaftLogWorker: safeCacheEvictIndex: setUnconditionally 0 -> -1
2023-09-12 21:06:13,840 [26fac33b-208f-4640-bb04-d749a6a7a791-groupManagement] INFO  server.RaftServer$Division (RaftServerImpl.java:start(342)) - 26fac33b-208f-4640-bb04-d749a6a7a791@group-174A37851EAC: start as a follower, conf=-1: peers:[26fac33b-208f-4640-bb04-d749a6a7a791|rpc:10.1.0.4:15067|admin:10.1.0.4:15066|client:10.1.0.4:15065|dataStream:10.1.0.4:15068|priority:1|startupRole:FOLLOWER]|listeners:[], old=null
2023-09-12 21:06:13,840 [26fac33b-208f-4640-bb04-d749a6a7a791-groupManagement] INFO  server.RaftServer$Division (RaftServerImpl.java:setRole(329)) - 26fac33b-208f-4640-bb04-d749a6a7a791@group-174A37851EAC: changes role from      null to FOLLOWER at term 0 for startAsFollower
2023-09-12 21:06:13,840 [26fac33b-208f-4640-bb04-d749a6a7a791-groupManagement] INFO  impl.RoleInfo (RoleInfo.java:updateAndGet(139)) - 26fac33b-208f-4640-bb04-d749a6a7a791: start 26fac33b-208f-4640-bb04-d749a6a7a791@group-174A37851EAC-FollowerState
2023-09-12 21:06:13,840 [26fac33b-208f-4640-bb04-d749a6a7a791-groupManagement] INFO  util.JmxRegister (JmxRegister.java:tryRegister(44)) - Successfully registered JMX Bean with object name Ratis:service=RaftServer,group=group-174A37851EAC,id=26fac33b-208f-4640-bb04-d749a6a7a791
2023-09-12 21:06:13,840 [26fac33b-208f-4640-bb04-d749a6a7a791@group-174A37851EAC-FollowerState] INFO  server.RaftServerConfigKeys (ConfUtils.java:logFallback(53)) - raft.server.rpc.first-election.timeout.min = 5s (fallback to raft.server.rpc.timeout.min)
2023-09-12 21:06:13,840 [26fac33b-208f-4640-bb04-d749a6a7a791-groupManagement] INFO  server.RaftServerConfigKeys (ConfUtils.java:logGet(46)) - raft.server.snapshot.auto.trigger.enabled = true (custom)
2023-09-12 21:06:13,841 [26fac33b-208f-4640-bb04-d749a6a7a791@group-174A37851EAC-FollowerState] INFO  server.RaftServerConfigKeys (ConfUtils.java:logFallback(53)) - raft.server.rpc.first-election.timeout.max = 5200ms (fallback to raft.server.rpc.timeout.max)
2023-09-12 21:06:13,841 [26fac33b-208f-4640-bb04-d749a6a7a791-groupManagement] INFO  server.RaftServerConfigKeys (ConfUtils.java:logGet(46)) - raft.server.snapshot.auto.trigger.threshold = 10000 (custom)
2023-09-12 21:06:13,841 [26fac33b-208f-4640-bb04-d749a6a7a791-groupManagement] INFO  server.RaftServerConfigKeys (ConfUtils.java:logGet(46)) - raft.server.snapshot.retention.file.num = 5 (custom)
2023-09-12 21:06:13,841 [26fac33b-208f-4640-bb04-d749a6a7a791-groupManagement] INFO  server.RaftServerConfigKeys (ConfUtils.java:logGet(46)) - raft.server.log.purge.upto.snapshot.index = false (default)
2023-09-12 21:06:13,841 [PipelineCommandHandlerThread-0] INFO  ratis.XceiverServerRatis (XceiverServerRatis.java:addGroup(804)) - Created group PipelineID=2351b30d-1d4f-43c4-ac00-174a37851eac
2023-09-12 21:06:13,841 [PipelineCommandHandlerThread-0] INFO  commandhandler.CreatePipelineCommandHandler (CreatePipelineCommandHandler.java:lambda$handle$2(124)) - Created Pipeline RATIS ONE PipelineID=2351b30d-1d4f-43c4-ac00-174a37851eac.
2023-09-12 21:06:13,841 [PipelineCommandHandlerThread-0] INFO  server.RaftServer (RaftServerProxy.java:addNew(98)) - 26fac33b-208f-4640-bb04-d749a6a7a791: addNew group-363926AAB1D0:[26fac33b-208f-4640-bb04-d749a6a7a791|rpc:10.1.0.4:15067|admin:10.1.0.4:15066|client:10.1.0.4:15065|dataStream:10.1.0.4:15068|priority:1|startupRole:FOLLOWER, 406ee6b1-fa0c-4161-b052-c61e2a13dd66|rpc:10.1.0.4:15076|admin:10.1.0.4:15075|client:10.1.0.4:15074|dataStream:10.1.0.4:15077|priority:0|startupRole:FOLLOWER, 52e1c3a5-ad40-4f65-b13a-90cebad8bc80|rpc:10.1.0.4:15085|admin:10.1.0.4:15084|client:10.1.0.4:15083|dataStream:10.1.0.4:15086|priority:0|startupRole:FOLLOWER] returns group-363926AAB1D0:java.util.concurrent.CompletableFuture@63dde4b3[Not completed]
2023-09-12 21:06:13,842 [26fac33b-208f-4640-bb04-d749a6a7a791-groupManagement] INFO  server.RaftServer$Division (RaftServerImpl.java:<init>(198)) - 26fac33b-208f-4640-bb04-d749a6a7a791: new RaftServerImpl for group-363926AAB1D0:[26fac33b-208f-4640-bb04-d749a6a7a791|rpc:10.1.0.4:15067|admin:10.1.0.4:15066|client:10.1.0.4:15065|dataStream:10.1.0.4:15068|priority:1|startupRole:FOLLOWER, 406ee6b1-fa0c-4161-b052-c61e2a13dd66|rpc:10.1.0.4:15076|admin:10.1.0.4:15075|client:10.1.0.4:15074|dataStream:10.1.0.4:15077|priority:0|startupRole:FOLLOWER, 52e1c3a5-ad40-4f65-b13a-90cebad8bc80|rpc:10.1.0.4:15085|admin:10.1.0.4:15084|client:10.1.0.4:15083|dataStream:10.1.0.4:15086|priority:0|startupRole:FOLLOWER] with ContainerStateMachine:uninitialized
2023-09-12 21:06:13,842 [26fac33b-208f-4640-bb04-d749a6a7a791-groupManagement] INFO  server.RaftServerConfigKeys (ConfUtils.java:logGet(46)) - raft.server.rpc.timeout.min = 5s (custom)
2023-09-12 21:06:13,842 [26fac33b-208f-4640-bb04-d749a6a7a791-groupManagement] INFO  server.RaftServerConfigKeys (ConfUtils.java:logGet(46)) - raft.server.rpc.timeout.max = 5200ms (custom)
2023-09-12 21:06:13,842 [26fac33b-208f-4640-bb04-d749a6a7a791-groupManagement] INFO  server.RaftServerConfigKeys (ConfUtils.java:logGet(46)) - raft.server.rpc.sleep.time = 25ms (default)
2023-09-12 21:06:13,842 [26fac33b-208f-4640-bb04-d749a6a7a791-groupManagement] INFO  server.RaftServerConfigKeys (ConfUtils.java:logGet(46)) - raft.server.rpc.slowness.timeout = 300000ms (custom)
2023-09-12 21:06:13,843 [26fac33b-208f-4640-bb04-d749a6a7a791-groupManagement] INFO  server.RaftServerConfigKeys (ConfUtils.java:logGet(46)) - raft.server.leaderelection.leader.step-down.wait-time = 10s (default)
2023-09-12 21:06:13,843 [26fac33b-208f-4640-bb04-d749a6a7a791-groupManagement] INFO  server.RaftServerConfigKeys (ConfUtils.java:logGet(46)) - raft.server.sleep.deviation.threshold = 300ms (default)
2023-09-12 21:06:13,843 [26fac33b-208f-4640-bb04-d749a6a7a791-groupManagement] INFO  server.RaftServer$Division (ServerState.java:<init>(120)) - 26fac33b-208f-4640-bb04-d749a6a7a791@group-363926AAB1D0: ConfigurationManager, init=-1: peers:[26fac33b-208f-4640-bb04-d749a6a7a791|rpc:10.1.0.4:15067|admin:10.1.0.4:15066|client:10.1.0.4:15065|dataStream:10.1.0.4:15068|priority:1|startupRole:FOLLOWER, 406ee6b1-fa0c-4161-b052-c61e2a13dd66|rpc:10.1.0.4:15076|admin:10.1.0.4:15075|client:10.1.0.4:15074|dataStream:10.1.0.4:15077|priority:0|startupRole:FOLLOWER, 52e1c3a5-ad40-4f65-b13a-90cebad8bc80|rpc:10.1.0.4:15085|admin:10.1.0.4:15084|client:10.1.0.4:15083|dataStream:10.1.0.4:15086|priority:0|startupRole:FOLLOWER]|listeners:[], old=null, confs=<EMPTY_MAP>
2023-09-12 21:06:13,843 [26fac33b-208f-4640-bb04-d749a6a7a791-groupManagement] INFO  server.RaftServerConfigKeys (ConfUtils.java:logGet(46)) - raft.server.storage.dir = [/home/runner/work/ozone/ozone/hadoop-ozone/integration-test/target/test-dir/MiniOzoneClusterImpl-b2199f83-407c-4d6c-939a-90a6ee7b9086/datanode-0/data/ratis] (custom)
2023-09-12 21:06:13,843 [26fac33b-208f-4640-bb04-d749a6a7a791-groupManagement] INFO  server.RaftServerConfigKeys (ConfUtils.java:logGet(46)) - raft.server.log.corruption.policy = EXCEPTION (default)
2023-09-12 21:06:13,844 [26fac33b-208f-4640-bb04-d749a6a7a791-groupManagement] INFO  server.RaftServerConfigKeys (ConfUtils.java:logGet(46)) - raft.server.storage.free-space.min = 0MB (=0) (default)
2023-09-12 21:06:13,844 [26fac33b-208f-4640-bb04-d749a6a7a791-groupManagement] INFO  server.RaftServerConfigKeys (ConfUtils.java:logGet(46)) - raft.server.notification.no-leader.timeout = 300000ms (custom)
2023-09-12 21:06:13,844 [26fac33b-208f-4640-bb04-d749a6a7a791-groupManagement] INFO  server.RaftServerConfigKeys (ConfUtils.java:logGet(46)) - raft.server.read.timeout = 10s (default)
2023-09-12 21:06:13,844 [26fac33b-208f-4640-bb04-d749a6a7a791-groupManagement] INFO  server.RaftServerConfigKeys (ConfUtils.java:logGet(46)) - raft.server.retrycache.expirytime = 600000ms (custom)
2023-09-12 21:06:13,844 [26fac33b-208f-4640-bb04-d749a6a7a791-groupManagement] INFO  server.RaftServerConfigKeys (ConfUtils.java:logGet(46)) - raft.server.retrycache.statistics.expirytime = 100μs (default)
2023-09-12 21:06:13,844 [26fac33b-208f-4640-bb04-d749a6a7a791-groupManagement] INFO  server.RaftServerConfigKeys (ConfUtils.java:logGet(46)) - raft.server.read.option = DEFAULT (default)
2023-09-12 21:06:13,845 [26fac33b-208f-4640-bb04-d749a6a7a791-groupManagement] INFO  server.RaftServerConfigKeys (ConfUtils.java:logGet(46)) - raft.server.rpc.request.timeout = 3000ms (default)
2023-09-12 21:06:13,845 [26fac33b-208f-4640-bb04-d749a6a7a791-groupManagement] INFO  server.RaftServerConfigKeys (ConfUtils.java:logGet(46)) - raft.server.log.appender.install.snapshot.enabled = false (custom)
2023-09-12 21:06:13,845 [26fac33b-208f-4640-bb04-d749a6a7a791-groupManagement] INFO  server.RaftServerConfigKeys (ConfUtils.java:logGet(46)) - raft.server.threadpool.server.cached = true (default)
2023-09-12 21:06:13,845 [26fac33b-208f-4640-bb04-d749a6a7a791-groupManagement] INFO  server.RaftServerConfigKeys (ConfUtils.java:logGet(46)) - raft.server.threadpool.server.size = 0 (default)
2023-09-12 21:06:13,845 [26fac33b-208f-4640-bb04-d749a6a7a791-groupManagement] INFO  server.RaftServerConfigKeys (ConfUtils.java:logGet(46)) - raft.server.threadpool.client.cached = true (default)
2023-09-12 21:06:13,845 [26fac33b-208f-4640-bb04-d749a6a7a791-groupManagement] INFO  server.RaftServerConfigKeys (ConfUtils.java:logGet(46)) - raft.server.threadpool.client.size = 0 (default)
2023-09-12 21:06:13,845 [26fac33b-208f-4640-bb04-d749a6a7a791-groupManagement] INFO  storage.RaftStorageDirectory (RaftStorageDirectoryImpl.java:analyzeStorage(137)) - The storage directory /home/runner/work/ozone/ozone/hadoop-ozone/integration-test/target/test-dir/MiniOzoneClusterImpl-b2199f83-407c-4d6c-939a-90a6ee7b9086/datanode-0/data/ratis/41cc45c0-98fb-4ed5-9a39-363926aab1d0 does not exist. Creating ...
2023-09-12 21:06:13,847 [26fac33b-208f-4640-bb04-d749a6a7a791-groupManagement] INFO  storage.RaftStorageDirectory (RaftStorageDirectoryImpl.java:tryLock(231)) - Lock on /home/runner/work/ozone/ozone/hadoop-ozone/integration-test/target/test-dir/MiniOzoneClusterImpl-b2199f83-407c-4d6c-939a-90a6ee7b9086/datanode-0/data/ratis/41cc45c0-98fb-4ed5-9a39-363926aab1d0/in_use.lock acquired by nodename 5540@fv-az740-690
2023-09-12 21:06:13,848 [26fac33b-208f-4640-bb04-d749a6a7a791-groupManagement] INFO  storage.RaftStorage (RaftStorageImpl.java:format(96)) - Storage directory /home/runner/work/ozone/ozone/hadoop-ozone/integration-test/target/test-dir/MiniOzoneClusterImpl-b2199f83-407c-4d6c-939a-90a6ee7b9086/datanode-0/data/ratis/41cc45c0-98fb-4ed5-9a39-363926aab1d0 has been successfully formatted.
2023-09-12 21:06:13,848 [26fac33b-208f-4640-bb04-d749a6a7a791-groupManagement] INFO  ratis.ContainerStateMachine (ContainerStateMachine.java:loadSnapshot(262)) - group-363926AAB1D0: The snapshot info is null. Setting the last applied indexto:(t:0, i:~)
2023-09-12 21:06:13,849 [26fac33b-208f-4640-bb04-d749a6a7a791-groupManagement] INFO  server.RaftServerConfigKeys (ConfUtils.java:logGet(46)) - raft.server.log.use.memory = false (default)
2023-09-12 21:06:13,850 [26fac33b-208f-4640-bb04-d749a6a7a791-groupManagement] INFO  server.RaftServerConfigKeys (ConfUtils.java:logGet(46)) - raft.server.log.purge.gap = 1000000 (custom)
2023-09-12 21:06:13,850 [26fac33b-208f-4640-bb04-d749a6a7a791-groupManagement] INFO  server.RaftServerConfigKeys (ConfUtils.java:logGet(46)) - raft.server.log.appender.buffer.byte-limit = 33554432 (custom)
2023-09-12 21:06:13,850 [26fac33b-208f-4640-bb04-d749a6a7a791-groupManagement] INFO  server.RaftServerConfigKeys (ConfUtils.java:logGet(46)) - raft.server.log.statemachine.data.read.timeout = 1000ms (default)
2023-09-12 21:06:13,850 [26fac33b-208f-4640-bb04-d749a6a7a791-groupManagement] INFO  server.RaftServerConfigKeys (ConfUtils.java:logGet(46)) - raft.server.log.purge.preservation.log.num = 0 (default)
2023-09-12 21:06:13,850 [26fac33b-208f-4640-bb04-d749a6a7a791-groupManagement] INFO  server.RaftServerConfigKeys (ConfUtils.java:logGet(46)) - raft.server.log.segment.size.max = 1048576 (custom)
2023-09-12 21:06:13,850 [EventQueue-OpenPipelineForHealthyPipelineSafeModeRule] INFO  safemode.SCMSafeModeManager (HealthyPipelineSafeModeRule.java:process(137)) - SCM in safe mode. Healthy pipelines reported count is 0, required healthy pipeline reported count is 1
2023-09-12 21:06:13,851 [26fac33b-208f-4640-bb04-d749a6a7a791-groupManagement] INFO  server.RaftServerConfigKeys (ConfUtils.java:logGet(46)) - raft.server.log.segment.cache.num.max = 2 (custom)
2023-09-12 21:06:13,851 [26fac33b-208f-4640-bb04-d749a6a7a791-groupManagement] INFO  server.RaftServerConfigKeys (ConfUtils.java:logGet(46)) - raft.server.log.segment.cache.size.max = 200MB (=209715200) (default)
2023-09-12 21:06:13,851 [26fac33b-208f-4640-bb04-d749a6a7a791-groupManagement] INFO  server.RaftServerConfigKeys (ConfUtils.java:logGet(46)) - raft.server.log.appender.buffer.byte-limit = 33554432 (custom)
2023-09-12 21:06:13,851 [26fac33b-208f-4640-bb04-d749a6a7a791-groupManagement] INFO  segmented.SegmentedRaftLogWorker (SegmentedRaftLogWorker.java:<init>(188)) - new 26fac33b-208f-4640-bb04-d749a6a7a791@group-363926AAB1D0-SegmentedRaftLogWorker for RaftStorageImpl:Storage Directory /home/runner/work/ozone/ozone/hadoop-ozone/integration-test/target/test-dir/MiniOzoneClusterImpl-b2199f83-407c-4d6c-939a-90a6ee7b9086/datanode-0/data/ratis/41cc45c0-98fb-4ed5-9a39-363926aab1d0
2023-09-12 21:06:13,851 [26fac33b-208f-4640-bb04-d749a6a7a791-groupManagement] INFO  server.RaftServerConfigKeys (ConfUtils.java:logGet(46)) - raft.server.log.queue.byte-limit = 4294967296 (custom)
2023-09-12 21:06:13,851 [26fac33b-208f-4640-bb04-d749a6a7a791-groupManagement] INFO  server.RaftServerConfigKeys (ConfUtils.java:logGet(46)) - raft.server.log.queue.element-limit = 1024 (custom)
2023-09-12 21:06:13,851 [26fac33b-208f-4640-bb04-d749a6a7a791-groupManagement] INFO  server.RaftServerConfigKeys (ConfUtils.java:logGet(46)) - raft.server.log.segment.size.max = 1048576 (custom)
2023-09-12 21:06:13,851 [26fac33b-208f-4640-bb04-d749a6a7a791-groupManagement] INFO  server.RaftServerConfigKeys (ConfUtils.java:logGet(46)) - raft.server.log.preallocated.size = 16384 (custom)
2023-09-12 21:06:13,851 [26fac33b-208f-4640-bb04-d749a6a7a791-groupManagement] INFO  server.RaftServerConfigKeys (ConfUtils.java:logGet(46)) - raft.server.log.force.sync.num = 128 (default)
2023-09-12 21:06:13,851 [26fac33b-208f-4640-bb04-d749a6a7a791-groupManagement] INFO  server.RaftServerConfigKeys (ConfUtils.java:logGet(46)) - raft.server.log.statemachine.data.sync = true (default)
2023-09-12 21:06:13,851 [26fac33b-208f-4640-bb04-d749a6a7a791-groupManagement] INFO  server.RaftServerConfigKeys (ConfUtils.java:logGet(46)) - raft.server.log.statemachine.data.sync.timeout = 10s (default)
2023-09-12 21:06:13,851 [26fac33b-208f-4640-bb04-d749a6a7a791-groupManagement] INFO  server.RaftServerConfigKeys (ConfUtils.java:logGet(46)) - raft.server.log.statemachine.data.sync.timeout.retry = -1 (default)
2023-09-12 21:06:13,852 [26fac33b-208f-4640-bb04-d749a6a7a791-groupManagement] INFO  server.RaftServerConfigKeys (ConfUtils.java:logGet(46)) - raft.server.log.write.buffer.size = 1048576 (custom)
2023-09-12 21:06:13,853 [26fac33b-208f-4640-bb04-d749a6a7a791-groupManagement] INFO  server.RaftServerConfigKeys (ConfUtils.java:logGet(46)) - raft.server.log.appender.buffer.byte-limit = 33554432 (custom)
2023-09-12 21:06:13,856 [26fac33b-208f-4640-bb04-d749a6a7a791-groupManagement] INFO  server.RaftServerConfigKeys (ConfUtils.java:logGet(46)) - raft.server.log.unsafe-flush.enabled = false (default)
2023-09-12 21:06:13,856 [26fac33b-208f-4640-bb04-d749a6a7a791-groupManagement] INFO  server.RaftServerConfigKeys (ConfUtils.java:logGet(46)) - raft.server.log.async-flush.enabled = false (default)
2023-09-12 21:06:13,856 [26fac33b-208f-4640-bb04-d749a6a7a791-groupManagement] INFO  server.RaftServerConfigKeys (ConfUtils.java:logGet(46)) - raft.server.log.statemachine.data.caching.enabled = true (custom)
2023-09-12 21:06:13,856 [26fac33b-208f-4640-bb04-d749a6a7a791-groupManagement] INFO  segmented.SegmentedRaftLogWorker (SegmentedRaftLogWorker.java:lambda$new$0(135)) - 26fac33b-208f-4640-bb04-d749a6a7a791@group-363926AAB1D0-SegmentedRaftLogWorker: flushIndex: setUnconditionally 0 -> -1
2023-09-12 21:06:13,856 [26fac33b-208f-4640-bb04-d749a6a7a791-groupManagement] INFO  segmented.SegmentedRaftLogWorker (SegmentedRaftLogWorker.java:lambda$new$0(135)) - 26fac33b-208f-4640-bb04-d749a6a7a791@group-363926AAB1D0-SegmentedRaftLogWorker: safeCacheEvictIndex: setUnconditionally 0 -> -1
2023-09-12 21:06:13,856 [26fac33b-208f-4640-bb04-d749a6a7a791-groupManagement] INFO  server.RaftServer$Division (RaftServerImpl.java:start(342)) - 26fac33b-208f-4640-bb04-d749a6a7a791@group-363926AAB1D0: start as a follower, conf=-1: peers:[26fac33b-208f-4640-bb04-d749a6a7a791|rpc:10.1.0.4:15067|admin:10.1.0.4:15066|client:10.1.0.4:15065|dataStream:10.1.0.4:15068|priority:1|startupRole:FOLLOWER, 406ee6b1-fa0c-4161-b052-c61e2a13dd66|rpc:10.1.0.4:15076|admin:10.1.0.4:15075|client:10.1.0.4:15074|dataStream:10.1.0.4:15077|priority:0|startupRole:FOLLOWER, 52e1c3a5-ad40-4f65-b13a-90cebad8bc80|rpc:10.1.0.4:15085|admin:10.1.0.4:15084|client:10.1.0.4:15083|dataStream:10.1.0.4:15086|priority:0|startupRole:FOLLOWER]|listeners:[], old=null
2023-09-12 21:06:13,857 [26fac33b-208f-4640-bb04-d749a6a7a791-groupManagement] INFO  server.RaftServer$Division (RaftServerImpl.java:setRole(329)) - 26fac33b-208f-4640-bb04-d749a6a7a791@group-363926AAB1D0: changes role from      null to FOLLOWER at term 0 for startAsFollower
2023-09-12 21:06:13,857 [26fac33b-208f-4640-bb04-d749a6a7a791-groupManagement] INFO  impl.RoleInfo (RoleInfo.java:updateAndGet(139)) - 26fac33b-208f-4640-bb04-d749a6a7a791: start 26fac33b-208f-4640-bb04-d749a6a7a791@group-363926AAB1D0-FollowerState
2023-09-12 21:06:13,857 [26fac33b-208f-4640-bb04-d749a6a7a791@group-363926AAB1D0-FollowerState] INFO  server.RaftServerConfigKeys (ConfUtils.java:logFallback(53)) - raft.server.rpc.first-election.timeout.min = 5s (fallback to raft.server.rpc.timeout.min)
2023-09-12 21:06:13,857 [26fac33b-208f-4640-bb04-d749a6a7a791-groupManagement] INFO  util.JmxRegister (JmxRegister.java:tryRegister(44)) - Successfully registered JMX Bean with object name Ratis:service=RaftServer,group=group-363926AAB1D0,id=26fac33b-208f-4640-bb04-d749a6a7a791
2023-09-12 21:06:13,857 [26fac33b-208f-4640-bb04-d749a6a7a791@group-363926AAB1D0-FollowerState] INFO  server.RaftServerConfigKeys (ConfUtils.java:logFallback(53)) - raft.server.rpc.first-election.timeout.max = 5200ms (fallback to raft.server.rpc.timeout.max)
2023-09-12 21:06:13,857 [26fac33b-208f-4640-bb04-d749a6a7a791-groupManagement] INFO  server.RaftServerConfigKeys (ConfUtils.java:logGet(46)) - raft.server.snapshot.auto.trigger.enabled = true (custom)
2023-09-12 21:06:13,857 [26fac33b-208f-4640-bb04-d749a6a7a791-groupManagement] INFO  server.RaftServerConfigKeys (ConfUtils.java:logGet(46)) - raft.server.snapshot.auto.trigger.threshold = 10000 (custom)
2023-09-12 21:06:13,857 [26fac33b-208f-4640-bb04-d749a6a7a791-groupManagement] INFO  server.RaftServerConfigKeys (ConfUtils.java:logGet(46)) - raft.server.snapshot.retention.file.num = 5 (custom)
2023-09-12 21:06:13,857 [26fac33b-208f-4640-bb04-d749a6a7a791-groupManagement] INFO  server.RaftServerConfigKeys (ConfUtils.java:logGet(46)) - raft.server.log.purge.upto.snapshot.index = false (default)
2023-09-12 21:06:13,857 [PipelineCommandHandlerThread-0] INFO  ratis.XceiverServerRatis (XceiverServerRatis.java:addGroup(804)) - Created group PipelineID=41cc45c0-98fb-4ed5-9a39-363926aab1d0
2023-09-12 21:06:13,868 [grpc-default-executor-12] INFO  server.RaftServer (RaftServerProxy.java:addNew(98)) - 52e1c3a5-ad40-4f65-b13a-90cebad8bc80: addNew group-363926AAB1D0:[26fac33b-208f-4640-bb04-d749a6a7a791|rpc:10.1.0.4:15067|admin:10.1.0.4:15066|client:10.1.0.4:15065|dataStream:10.1.0.4:15068|priority:1|startupRole:FOLLOWER, 406ee6b1-fa0c-4161-b052-c61e2a13dd66|rpc:10.1.0.4:15076|admin:10.1.0.4:15075|client:10.1.0.4:15074|dataStream:10.1.0.4:15077|priority:0|startupRole:FOLLOWER, 52e1c3a5-ad40-4f65-b13a-90cebad8bc80|rpc:10.1.0.4:15085|admin:10.1.0.4:15084|client:10.1.0.4:15083|dataStream:10.1.0.4:15086|priority:0|startupRole:FOLLOWER] returns group-363926AAB1D0:java.util.concurrent.CompletableFuture@271d0cd5[Not completed]
2023-09-12 21:06:13,870 [52e1c3a5-ad40-4f65-b13a-90cebad8bc80-groupManagement] INFO  server.RaftServer$Division (RaftServerImpl.java:<init>(198)) - 52e1c3a5-ad40-4f65-b13a-90cebad8bc80: new RaftServerImpl for group-363926AAB1D0:[26fac33b-208f-4640-bb04-d749a6a7a791|rpc:10.1.0.4:15067|admin:10.1.0.4:15066|client:10.1.0.4:15065|dataStream:10.1.0.4:15068|priority:1|startupRole:FOLLOWER, 406ee6b1-fa0c-4161-b052-c61e2a13dd66|rpc:10.1.0.4:15076|admin:10.1.0.4:15075|client:10.1.0.4:15074|dataStream:10.1.0.4:15077|priority:0|startupRole:FOLLOWER, 52e1c3a5-ad40-4f65-b13a-90cebad8bc80|rpc:10.1.0.4:15085|admin:10.1.0.4:15084|client:10.1.0.4:15083|dataStream:10.1.0.4:15086|priority:0|startupRole:FOLLOWER] with ContainerStateMachine:uninitialized
2023-09-12 21:06:13,871 [52e1c3a5-ad40-4f65-b13a-90cebad8bc80-groupManagement] INFO  server.RaftServerConfigKeys (ConfUtils.java:logGet(46)) - raft.server.rpc.timeout.min = 5s (custom)
2023-09-12 21:06:13,871 [52e1c3a5-ad40-4f65-b13a-90cebad8bc80-groupManagement] INFO  server.RaftServerConfigKeys (ConfUtils.java:logGet(46)) - raft.server.rpc.timeout.max = 5200ms (custom)
2023-09-12 21:06:13,871 [52e1c3a5-ad40-4f65-b13a-90cebad8bc80-groupManagement] INFO  server.RaftServerConfigKeys (ConfUtils.java:logGet(46)) - raft.server.rpc.sleep.time = 25ms (default)
2023-09-12 21:06:13,871 [52e1c3a5-ad40-4f65-b13a-90cebad8bc80-groupManagement] INFO  server.RaftServerConfigKeys (ConfUtils.java:logGet(46)) - raft.server.rpc.slowness.timeout = 300000ms (custom)
2023-09-12 21:06:13,871 [52e1c3a5-ad40-4f65-b13a-90cebad8bc80-groupManagement] INFO  server.RaftServerConfigKeys (ConfUtils.java:logGet(46)) - raft.server.leaderelection.leader.step-down.wait-time = 10s (default)
2023-09-12 21:06:13,871 [52e1c3a5-ad40-4f65-b13a-90cebad8bc80-groupManagement] INFO  server.RaftServerConfigKeys (ConfUtils.java:logGet(46)) - raft.server.sleep.deviation.threshold = 300ms (default)
2023-09-12 21:06:13,871 [52e1c3a5-ad40-4f65-b13a-90cebad8bc80-groupManagement] INFO  server.RaftServer$Division (ServerState.java:<init>(120)) - 52e1c3a5-ad40-4f65-b13a-90cebad8bc80@group-363926AAB1D0: ConfigurationManager, init=-1: peers:[26fac33b-208f-4640-bb04-d749a6a7a791|rpc:10.1.0.4:15067|admin:10.1.0.4:15066|client:10.1.0.4:15065|dataStream:10.1.0.4:15068|priority:1|startupRole:FOLLOWER, 406ee6b1-fa0c-4161-b052-c61e2a13dd66|rpc:10.1.0.4:15076|admin:10.1.0.4:15075|client:10.1.0.4:15074|dataStream:10.1.0.4:15077|priority:0|startupRole:FOLLOWER, 52e1c3a5-ad40-4f65-b13a-90cebad8bc80|rpc:10.1.0.4:15085|admin:10.1.0.4:15084|client:10.1.0.4:15083|dataStream:10.1.0.4:15086|priority:0|startupRole:FOLLOWER]|listeners:[], old=null, confs=<EMPTY_MAP>
2023-09-12 21:06:13,871 [52e1c3a5-ad40-4f65-b13a-90cebad8bc80-groupManagement] INFO  server.RaftServerConfigKeys (ConfUtils.java:logGet(46)) - raft.server.storage.dir = [/home/runner/work/ozone/ozone/hadoop-ozone/integration-test/target/test-dir/MiniOzoneClusterImpl-b2199f83-407c-4d6c-939a-90a6ee7b9086/datanode-2/data/ratis] (custom)
2023-09-12 21:06:13,871 [52e1c3a5-ad40-4f65-b13a-90cebad8bc80-groupManagement] INFO  server.RaftServerConfigKeys (ConfUtils.java:logGet(46)) - raft.server.log.corruption.policy = EXCEPTION (default)
2023-09-12 21:06:13,871 [52e1c3a5-ad40-4f65-b13a-90cebad8bc80-groupManagement] INFO  server.RaftServerConfigKeys (ConfUtils.java:logGet(46)) - raft.server.storage.free-space.min = 0MB (=0) (default)
2023-09-12 21:06:13,872 [52e1c3a5-ad40-4f65-b13a-90cebad8bc80-groupManagement] INFO  server.RaftServerConfigKeys (ConfUtils.java:logGet(46)) - raft.server.notification.no-leader.timeout = 300000ms (custom)
2023-09-12 21:06:13,872 [52e1c3a5-ad40-4f65-b13a-90cebad8bc80-groupManagement] INFO  server.RaftServerConfigKeys (ConfUtils.java:logGet(46)) - raft.server.read.timeout = 10s (default)
2023-09-12 21:06:13,872 [52e1c3a5-ad40-4f65-b13a-90cebad8bc80-groupManagement] INFO  server.RaftServerConfigKeys (ConfUtils.java:logGet(46)) - raft.server.retrycache.expirytime = 600000ms (custom)
2023-09-12 21:06:13,872 [52e1c3a5-ad40-4f65-b13a-90cebad8bc80-groupManagement] INFO  server.RaftServerConfigKeys (ConfUtils.java:logGet(46)) - raft.server.retrycache.statistics.expirytime = 100μs (default)
2023-09-12 21:06:13,872 [52e1c3a5-ad40-4f65-b13a-90cebad8bc80-groupManagement] INFO  server.RaftServerConfigKeys (ConfUtils.java:logGet(46)) - raft.server.read.option = DEFAULT (default)
2023-09-12 21:06:13,872 [52e1c3a5-ad40-4f65-b13a-90cebad8bc80-groupManagement] INFO  server.RaftServerConfigKeys (ConfUtils.java:logGet(46)) - raft.server.rpc.request.timeout = 3000ms (default)
2023-09-12 21:06:13,872 [52e1c3a5-ad40-4f65-b13a-90cebad8bc80-groupManagement] INFO  server.RaftServerConfigKeys (ConfUtils.java:logGet(46)) - raft.server.log.appender.install.snapshot.enabled = false (custom)
2023-09-12 21:06:13,873 [52e1c3a5-ad40-4f65-b13a-90cebad8bc80-groupManagement] INFO  server.RaftServerConfigKeys (ConfUtils.java:logGet(46)) - raft.server.threadpool.server.cached = true (default)
2023-09-12 21:06:13,873 [52e1c3a5-ad40-4f65-b13a-90cebad8bc80-groupManagement] INFO  server.RaftServerConfigKeys (ConfUtils.java:logGet(46)) - raft.server.threadpool.server.size = 0 (default)
2023-09-12 21:06:13,873 [52e1c3a5-ad40-4f65-b13a-90cebad8bc80-groupManagement] INFO  server.RaftServerConfigKeys (ConfUtils.java:logGet(46)) - raft.server.threadpool.client.cached = true (default)
2023-09-12 21:06:13,873 [52e1c3a5-ad40-4f65-b13a-90cebad8bc80-groupManagement] INFO  server.RaftServerConfigKeys (ConfUtils.java:logGet(46)) - raft.server.threadpool.client.size = 0 (default)
2023-09-12 21:06:13,873 [52e1c3a5-ad40-4f65-b13a-90cebad8bc80-groupManagement] INFO  storage.RaftStorageDirectory (RaftStorageDirectoryImpl.java:analyzeStorage(137)) - The storage directory /home/runner/work/ozone/ozone/hadoop-ozone/integration-test/target/test-dir/MiniOzoneClusterImpl-b2199f83-407c-4d6c-939a-90a6ee7b9086/datanode-2/data/ratis/41cc45c0-98fb-4ed5-9a39-363926aab1d0 does not exist. Creating ...
2023-09-12 21:06:13,875 [52e1c3a5-ad40-4f65-b13a-90cebad8bc80-groupManagement] INFO  storage.RaftStorageDirectory (RaftStorageDirectoryImpl.java:tryLock(231)) - Lock on /home/runner/work/ozone/ozone/hadoop-ozone/integration-test/target/test-dir/MiniOzoneClusterImpl-b2199f83-407c-4d6c-939a-90a6ee7b9086/datanode-2/data/ratis/41cc45c0-98fb-4ed5-9a39-363926aab1d0/in_use.lock acquired by nodename 5540@fv-az740-690
2023-09-12 21:06:13,877 [52e1c3a5-ad40-4f65-b13a-90cebad8bc80-groupManagement] INFO  storage.RaftStorage (RaftStorageImpl.java:format(96)) - Storage directory /home/runner/work/ozone/ozone/hadoop-ozone/integration-test/target/test-dir/MiniOzoneClusterImpl-b2199f83-407c-4d6c-939a-90a6ee7b9086/datanode-2/data/ratis/41cc45c0-98fb-4ed5-9a39-363926aab1d0 has been successfully formatted.
2023-09-12 21:06:13,878 [52e1c3a5-ad40-4f65-b13a-90cebad8bc80-groupManagement] INFO  ratis.ContainerStateMachine (ContainerStateMachine.java:loadSnapshot(262)) - group-363926AAB1D0: The snapshot info is null. Setting the last applied indexto:(t:0, i:~)
2023-09-12 21:06:13,878 [52e1c3a5-ad40-4f65-b13a-90cebad8bc80-groupManagement] INFO  server.RaftServerConfigKeys (ConfUtils.java:logGet(46)) - raft.server.log.use.memory = false (default)
2023-09-12 21:06:13,878 [52e1c3a5-ad40-4f65-b13a-90cebad8bc80-groupManagement] INFO  server.RaftServerConfigKeys (ConfUtils.java:logGet(46)) - raft.server.log.purge.gap = 1000000 (custom)
2023-09-12 21:06:13,878 [52e1c3a5-ad40-4f65-b13a-90cebad8bc80-groupManagement] INFO  server.RaftServerConfigKeys (ConfUtils.java:logGet(46)) - raft.server.log.appender.buffer.byte-limit = 33554432 (custom)
2023-09-12 21:06:13,878 [52e1c3a5-ad40-4f65-b13a-90cebad8bc80-groupManagement] INFO  server.RaftServerConfigKeys (ConfUtils.java:logGet(46)) - raft.server.log.statemachine.data.read.timeout = 1000ms (default)
2023-09-12 21:06:13,878 [52e1c3a5-ad40-4f65-b13a-90cebad8bc80-groupManagement] INFO  server.RaftServerConfigKeys (ConfUtils.java:logGet(46)) - raft.server.log.purge.preservation.log.num = 0 (default)
2023-09-12 21:06:13,879 [52e1c3a5-ad40-4f65-b13a-90cebad8bc80-groupManagement] INFO  server.RaftServerConfigKeys (ConfUtils.java:logGet(46)) - raft.server.log.segment.size.max = 1048576 (custom)
2023-09-12 21:06:13,879 [52e1c3a5-ad40-4f65-b13a-90cebad8bc80-groupManagement] INFO  server.RaftServerConfigKeys (ConfUtils.java:logGet(46)) - raft.server.log.segment.cache.num.max = 2 (custom)
2023-09-12 21:06:13,879 [52e1c3a5-ad40-4f65-b13a-90cebad8bc80-groupManagement] INFO  server.RaftServerConfigKeys (ConfUtils.java:logGet(46)) - raft.server.log.segment.cache.size.max = 200MB (=209715200) (default)
2023-09-12 21:06:13,880 [52e1c3a5-ad40-4f65-b13a-90cebad8bc80-groupManagement] INFO  server.RaftServerConfigKeys (ConfUtils.java:logGet(46)) - raft.server.log.appender.buffer.byte-limit = 33554432 (custom)
2023-09-12 21:06:13,880 [52e1c3a5-ad40-4f65-b13a-90cebad8bc80-groupManagement] INFO  segmented.SegmentedRaftLogWorker (SegmentedRaftLogWorker.java:<init>(188)) - new 52e1c3a5-ad40-4f65-b13a-90cebad8bc80@group-363926AAB1D0-SegmentedRaftLogWorker for RaftStorageImpl:Storage Directory /home/runner/work/ozone/ozone/hadoop-ozone/integration-test/target/test-dir/MiniOzoneClusterImpl-b2199f83-407c-4d6c-939a-90a6ee7b9086/datanode-2/data/ratis/41cc45c0-98fb-4ed5-9a39-363926aab1d0
2023-09-12 21:06:13,880 [52e1c3a5-ad40-4f65-b13a-90cebad8bc80-groupManagement] INFO  server.RaftServerConfigKeys (ConfUtils.java:logGet(46)) - raft.server.log.queue.byte-limit = 4294967296 (custom)
2023-09-12 21:06:13,881 [52e1c3a5-ad40-4f65-b13a-90cebad8bc80-groupManagement] INFO  server.RaftServerConfigKeys (ConfUtils.java:logGet(46)) - raft.server.log.queue.element-limit = 1024 (custom)
2023-09-12 21:06:13,881 [52e1c3a5-ad40-4f65-b13a-90cebad8bc80-groupManagement] INFO  server.RaftServerConfigKeys (ConfUtils.java:logGet(46)) - raft.server.log.segment.size.max = 1048576 (custom)
2023-09-12 21:06:13,881 [52e1c3a5-ad40-4f65-b13a-90cebad8bc80-groupManagement] INFO  server.RaftServerConfigKeys (ConfUtils.java:logGet(46)) - raft.server.log.preallocated.size = 16384 (custom)
2023-09-12 21:06:13,881 [52e1c3a5-ad40-4f65-b13a-90cebad8bc80-groupManagement] INFO  server.RaftServerConfigKeys (ConfUtils.java:logGet(46)) - raft.server.log.force.sync.num = 128 (default)
2023-09-12 21:06:13,881 [52e1c3a5-ad40-4f65-b13a-90cebad8bc80-groupManagement] INFO  server.RaftServerConfigKeys (ConfUtils.java:logGet(46)) - raft.server.log.statemachine.data.sync = true (default)
2023-09-12 21:06:13,881 [52e1c3a5-ad40-4f65-b13a-90cebad8bc80-groupManagement] INFO  server.RaftServerConfigKeys (ConfUtils.java:logGet(46)) - raft.server.log.statemachine.data.sync.timeout = 10s (default)
2023-09-12 21:06:13,881 [52e1c3a5-ad40-4f65-b13a-90cebad8bc80-groupManagement] INFO  server.RaftServerConfigKeys (ConfUtils.java:logGet(46)) - raft.server.log.statemachine.data.sync.timeout.retry = -1 (default)
2023-09-12 21:06:13,882 [52e1c3a5-ad40-4f65-b13a-90cebad8bc80-groupManagement] INFO  server.RaftServerConfigKeys (ConfUtils.java:logGet(46)) - raft.server.log.write.buffer.size = 1048576 (custom)
2023-09-12 21:06:13,882 [52e1c3a5-ad40-4f65-b13a-90cebad8bc80-groupManagement] INFO  server.RaftServerConfigKeys (ConfUtils.java:logGet(46)) - raft.server.log.appender.buffer.byte-limit = 33554432 (custom)
2023-09-12 21:06:13,886 [52e1c3a5-ad40-4f65-b13a-90cebad8bc80-groupManagement] INFO  server.RaftServerConfigKeys (ConfUtils.java:logGet(46)) - raft.server.log.unsafe-flush.enabled = false (default)
2023-09-12 21:06:13,886 [52e1c3a5-ad40-4f65-b13a-90cebad8bc80-groupManagement] INFO  server.RaftServerConfigKeys (ConfUtils.java:logGet(46)) - raft.server.log.async-flush.enabled = false (default)
2023-09-12 21:06:13,886 [52e1c3a5-ad40-4f65-b13a-90cebad8bc80-groupManagement] INFO  server.RaftServerConfigKeys (ConfUtils.java:logGet(46)) - raft.server.log.statemachine.data.caching.enabled = true (custom)
2023-09-12 21:06:13,886 [52e1c3a5-ad40-4f65-b13a-90cebad8bc80-groupManagement] INFO  segmented.SegmentedRaftLogWorker (SegmentedRaftLogWorker.java:lambda$new$0(135)) - 52e1c3a5-ad40-4f65-b13a-90cebad8bc80@group-363926AAB1D0-SegmentedRaftLogWorker: flushIndex: setUnconditionally 0 -> -1
2023-09-12 21:06:13,886 [52e1c3a5-ad40-4f65-b13a-90cebad8bc80-groupManagement] INFO  segmented.SegmentedRaftLogWorker (SegmentedRaftLogWorker.java:lambda$new$0(135)) - 52e1c3a5-ad40-4f65-b13a-90cebad8bc80@group-363926AAB1D0-SegmentedRaftLogWorker: safeCacheEvictIndex: setUnconditionally 0 -> -1
2023-09-12 21:06:13,886 [52e1c3a5-ad40-4f65-b13a-90cebad8bc80-groupManagement] INFO  server.RaftServer$Division (RaftServerImpl.java:start(342)) - 52e1c3a5-ad40-4f65-b13a-90cebad8bc80@group-363926AAB1D0: start as a follower, conf=-1: peers:[26fac33b-208f-4640-bb04-d749a6a7a791|rpc:10.1.0.4:15067|admin:10.1.0.4:15066|client:10.1.0.4:15065|dataStream:10.1.0.4:15068|priority:1|startupRole:FOLLOWER, 406ee6b1-fa0c-4161-b052-c61e2a13dd66|rpc:10.1.0.4:15076|admin:10.1.0.4:15075|client:10.1.0.4:15074|dataStream:10.1.0.4:15077|priority:0|startupRole:FOLLOWER, 52e1c3a5-ad40-4f65-b13a-90cebad8bc80|rpc:10.1.0.4:15085|admin:10.1.0.4:15084|client:10.1.0.4:15083|dataStream:10.1.0.4:15086|priority:0|startupRole:FOLLOWER]|listeners:[], old=null
2023-09-12 21:06:13,886 [52e1c3a5-ad40-4f65-b13a-90cebad8bc80-groupManagement] INFO  server.RaftServer$Division (RaftServerImpl.java:setRole(329)) - 52e1c3a5-ad40-4f65-b13a-90cebad8bc80@group-363926AAB1D0: changes role from      null to FOLLOWER at term 0 for startAsFollower
2023-09-12 21:06:13,886 [52e1c3a5-ad40-4f65-b13a-90cebad8bc80-groupManagement] INFO  impl.RoleInfo (RoleInfo.java:updateAndGet(139)) - 52e1c3a5-ad40-4f65-b13a-90cebad8bc80: start 52e1c3a5-ad40-4f65-b13a-90cebad8bc80@group-363926AAB1D0-FollowerState
2023-09-12 21:06:13,887 [52e1c3a5-ad40-4f65-b13a-90cebad8bc80-groupManagement] INFO  util.JmxRegister (JmxRegister.java:tryRegister(44)) - Successfully registered JMX Bean with object name Ratis:service=RaftServer,group=group-363926AAB1D0,id=52e1c3a5-ad40-4f65-b13a-90cebad8bc80
2023-09-12 21:06:13,887 [52e1c3a5-ad40-4f65-b13a-90cebad8bc80@group-363926AAB1D0-FollowerState] INFO  server.RaftServerConfigKeys (ConfUtils.java:logFallback(53)) - raft.server.rpc.first-election.timeout.min = 5s (fallback to raft.server.rpc.timeout.min)
2023-09-12 21:06:13,887 [52e1c3a5-ad40-4f65-b13a-90cebad8bc80-groupManagement] INFO  server.RaftServerConfigKeys (ConfUtils.java:logGet(46)) - raft.server.snapshot.auto.trigger.enabled = true (custom)
2023-09-12 21:06:13,887 [52e1c3a5-ad40-4f65-b13a-90cebad8bc80@group-363926AAB1D0-FollowerState] INFO  server.RaftServerConfigKeys (ConfUtils.java:logFallback(53)) - raft.server.rpc.first-election.timeout.max = 5200ms (fallback to raft.server.rpc.timeout.max)
2023-09-12 21:06:13,887 [52e1c3a5-ad40-4f65-b13a-90cebad8bc80-groupManagement] INFO  server.RaftServerConfigKeys (ConfUtils.java:logGet(46)) - raft.server.snapshot.auto.trigger.threshold = 10000 (custom)
2023-09-12 21:06:13,887 [52e1c3a5-ad40-4f65-b13a-90cebad8bc80-groupManagement] INFO  server.RaftServerConfigKeys (ConfUtils.java:logGet(46)) - raft.server.snapshot.retention.file.num = 5 (custom)
2023-09-12 21:06:13,887 [52e1c3a5-ad40-4f65-b13a-90cebad8bc80-groupManagement] INFO  server.RaftServerConfigKeys (ConfUtils.java:logGet(46)) - raft.server.log.purge.upto.snapshot.index = false (default)
2023-09-12 21:06:13,900 [grpc-default-executor-12] INFO  server.RaftServer (RaftServerProxy.java:addNew(98)) - 406ee6b1-fa0c-4161-b052-c61e2a13dd66: addNew group-363926AAB1D0:[26fac33b-208f-4640-bb04-d749a6a7a791|rpc:10.1.0.4:15067|admin:10.1.0.4:15066|client:10.1.0.4:15065|dataStream:10.1.0.4:15068|priority:1|startupRole:FOLLOWER, 406ee6b1-fa0c-4161-b052-c61e2a13dd66|rpc:10.1.0.4:15076|admin:10.1.0.4:15075|client:10.1.0.4:15074|dataStream:10.1.0.4:15077|priority:0|startupRole:FOLLOWER, 52e1c3a5-ad40-4f65-b13a-90cebad8bc80|rpc:10.1.0.4:15085|admin:10.1.0.4:15084|client:10.1.0.4:15083|dataStream:10.1.0.4:15086|priority:0|startupRole:FOLLOWER] returns group-363926AAB1D0:java.util.concurrent.CompletableFuture@12fb96d8[Not completed]
2023-09-12 21:06:13,901 [406ee6b1-fa0c-4161-b052-c61e2a13dd66-groupManagement] INFO  server.RaftServer$Division (RaftServerImpl.java:<init>(198)) - 406ee6b1-fa0c-4161-b052-c61e2a13dd66: new RaftServerImpl for group-363926AAB1D0:[26fac33b-208f-4640-bb04-d749a6a7a791|rpc:10.1.0.4:15067|admin:10.1.0.4:15066|client:10.1.0.4:15065|dataStream:10.1.0.4:15068|priority:1|startupRole:FOLLOWER, 406ee6b1-fa0c-4161-b052-c61e2a13dd66|rpc:10.1.0.4:15076|admin:10.1.0.4:15075|client:10.1.0.4:15074|dataStream:10.1.0.4:15077|priority:0|startupRole:FOLLOWER, 52e1c3a5-ad40-4f65-b13a-90cebad8bc80|rpc:10.1.0.4:15085|admin:10.1.0.4:15084|client:10.1.0.4:15083|dataStream:10.1.0.4:15086|priority:0|startupRole:FOLLOWER] with ContainerStateMachine:uninitialized
2023-09-12 21:06:13,901 [406ee6b1-fa0c-4161-b052-c61e2a13dd66-groupManagement] INFO  server.RaftServerConfigKeys (ConfUtils.java:logGet(46)) - raft.server.rpc.timeout.min = 5s (custom)
2023-09-12 21:06:13,901 [406ee6b1-fa0c-4161-b052-c61e2a13dd66-groupManagement] INFO  server.RaftServerConfigKeys (ConfUtils.java:logGet(46)) - raft.server.rpc.timeout.max = 5200ms (custom)
2023-09-12 21:06:13,901 [406ee6b1-fa0c-4161-b052-c61e2a13dd66-groupManagement] INFO  server.RaftServerConfigKeys (ConfUtils.java:logGet(46)) - raft.server.rpc.sleep.time = 25ms (default)
2023-09-12 21:06:13,901 [406ee6b1-fa0c-4161-b052-c61e2a13dd66-groupManagement] INFO  server.RaftServerConfigKeys (ConfUtils.java:logGet(46)) - raft.server.rpc.slowness.timeout = 300000ms (custom)
2023-09-12 21:06:13,901 [406ee6b1-fa0c-4161-b052-c61e2a13dd66-groupManagement] INFO  server.RaftServerConfigKeys (ConfUtils.java:logGet(46)) - raft.server.leaderelection.leader.step-down.wait-time = 10s (default)
2023-09-12 21:06:13,901 [406ee6b1-fa0c-4161-b052-c61e2a13dd66-groupManagement] INFO  server.RaftServerConfigKeys (ConfUtils.java:logGet(46)) - raft.server.sleep.deviation.threshold = 300ms (default)
2023-09-12 21:06:13,901 [406ee6b1-fa0c-4161-b052-c61e2a13dd66-groupManagement] INFO  server.RaftServer$Division (ServerState.java:<init>(120)) - 406ee6b1-fa0c-4161-b052-c61e2a13dd66@group-363926AAB1D0: ConfigurationManager, init=-1: peers:[26fac33b-208f-4640-bb04-d749a6a7a791|rpc:10.1.0.4:15067|admin:10.1.0.4:15066|client:10.1.0.4:15065|dataStream:10.1.0.4:15068|priority:1|startupRole:FOLLOWER, 406ee6b1-fa0c-4161-b052-c61e2a13dd66|rpc:10.1.0.4:15076|admin:10.1.0.4:15075|client:10.1.0.4:15074|dataStream:10.1.0.4:15077|priority:0|startupRole:FOLLOWER, 52e1c3a5-ad40-4f65-b13a-90cebad8bc80|rpc:10.1.0.4:15085|admin:10.1.0.4:15084|client:10.1.0.4:15083|dataStream:10.1.0.4:15086|priority:0|startupRole:FOLLOWER]|listeners:[], old=null, confs=<EMPTY_MAP>
2023-09-12 21:06:13,901 [406ee6b1-fa0c-4161-b052-c61e2a13dd66-groupManagement] INFO  server.RaftServerConfigKeys (ConfUtils.java:logGet(46)) - raft.server.storage.dir = [/home/runner/work/ozone/ozone/hadoop-ozone/integration-test/target/test-dir/MiniOzoneClusterImpl-b2199f83-407c-4d6c-939a-90a6ee7b9086/datanode-1/data/ratis] (custom)
2023-09-12 21:06:13,901 [406ee6b1-fa0c-4161-b052-c61e2a13dd66-groupManagement] INFO  server.RaftServerConfigKeys (ConfUtils.java:logGet(46)) - raft.server.log.corruption.policy = EXCEPTION (default)
2023-09-12 21:06:13,901 [406ee6b1-fa0c-4161-b052-c61e2a13dd66-groupManagement] INFO  server.RaftServerConfigKeys (ConfUtils.java:logGet(46)) - raft.server.storage.free-space.min = 0MB (=0) (default)
2023-09-12 21:06:13,901 [406ee6b1-fa0c-4161-b052-c61e2a13dd66-groupManagement] INFO  server.RaftServerConfigKeys (ConfUtils.java:logGet(46)) - raft.server.notification.no-leader.timeout = 300000ms (custom)
2023-09-12 21:06:13,901 [406ee6b1-fa0c-4161-b052-c61e2a13dd66-groupManagement] INFO  server.RaftServerConfigKeys (ConfUtils.java:logGet(46)) - raft.server.read.timeout = 10s (default)
2023-09-12 21:06:13,902 [406ee6b1-fa0c-4161-b052-c61e2a13dd66-groupManagement] INFO  server.RaftServerConfigKeys (ConfUtils.java:logGet(46)) - raft.server.retrycache.expirytime = 600000ms (custom)
2023-09-12 21:06:13,902 [406ee6b1-fa0c-4161-b052-c61e2a13dd66-groupManagement] INFO  server.RaftServerConfigKeys (ConfUtils.java:logGet(46)) - raft.server.retrycache.statistics.expirytime = 100μs (default)
2023-09-12 21:06:13,902 [406ee6b1-fa0c-4161-b052-c61e2a13dd66-groupManagement] INFO  server.RaftServerConfigKeys (ConfUtils.java:logGet(46)) - raft.server.read.option = DEFAULT (default)
2023-09-12 21:06:13,902 [406ee6b1-fa0c-4161-b052-c61e2a13dd66-groupManagement] INFO  server.RaftServerConfigKeys (ConfUtils.java:logGet(46)) - raft.server.rpc.request.timeout = 3000ms (default)
2023-09-12 21:06:13,902 [406ee6b1-fa0c-4161-b052-c61e2a13dd66-groupManagement] INFO  server.RaftServerConfigKeys (ConfUtils.java:logGet(46)) - raft.server.log.appender.install.snapshot.enabled = false (custom)
2023-09-12 21:06:13,902 [406ee6b1-fa0c-4161-b052-c61e2a13dd66-groupManagement] INFO  server.RaftServerConfigKeys (ConfUtils.java:logGet(46)) - raft.server.threadpool.server.cached = true (default)
2023-09-12 21:06:13,902 [406ee6b1-fa0c-4161-b052-c61e2a13dd66-groupManagement] INFO  server.RaftServerConfigKeys (ConfUtils.java:logGet(46)) - raft.server.threadpool.server.size = 0 (default)
2023-09-12 21:06:13,902 [406ee6b1-fa0c-4161-b052-c61e2a13dd66-groupManagement] INFO  server.RaftServerConfigKeys (ConfUtils.java:logGet(46)) - raft.server.threadpool.client.cached = true (default)
2023-09-12 21:06:13,903 [406ee6b1-fa0c-4161-b052-c61e2a13dd66-groupManagement] INFO  server.RaftServerConfigKeys (ConfUtils.java:logGet(46)) - raft.server.threadpool.client.size = 0 (default)
2023-09-12 21:06:13,903 [406ee6b1-fa0c-4161-b052-c61e2a13dd66-groupManagement] INFO  storage.RaftStorageDirectory (RaftStorageDirectoryImpl.java:analyzeStorage(137)) - The storage directory /home/runner/work/ozone/ozone/hadoop-ozone/integration-test/target/test-dir/MiniOzoneClusterImpl-b2199f83-407c-4d6c-939a-90a6ee7b9086/datanode-1/data/ratis/41cc45c0-98fb-4ed5-9a39-363926aab1d0 does not exist. Creating ...
2023-09-12 21:06:13,904 [406ee6b1-fa0c-4161-b052-c61e2a13dd66-groupManagement] INFO  storage.RaftStorageDirectory (RaftStorageDirectoryImpl.java:tryLock(231)) - Lock on /home/runner/work/ozone/ozone/hadoop-ozone/integration-test/target/test-dir/MiniOzoneClusterImpl-b2199f83-407c-4d6c-939a-90a6ee7b9086/datanode-1/data/ratis/41cc45c0-98fb-4ed5-9a39-363926aab1d0/in_use.lock acquired by nodename 5540@fv-az740-690
2023-09-12 21:06:13,905 [406ee6b1-fa0c-4161-b052-c61e2a13dd66-groupManagement] INFO  storage.RaftStorage (RaftStorageImpl.java:format(96)) - Storage directory /home/runner/work/ozone/ozone/hadoop-ozone/integration-test/target/test-dir/MiniOzoneClusterImpl-b2199f83-407c-4d6c-939a-90a6ee7b9086/datanode-1/data/ratis/41cc45c0-98fb-4ed5-9a39-363926aab1d0 has been successfully formatted.
2023-09-12 21:06:13,906 [406ee6b1-fa0c-4161-b052-c61e2a13dd66-groupManagement] INFO  ratis.ContainerStateMachine (ContainerStateMachine.java:loadSnapshot(262)) - group-363926AAB1D0: The snapshot info is null. Setting the last applied indexto:(t:0, i:~)
2023-09-12 21:06:13,906 [406ee6b1-fa0c-4161-b052-c61e2a13dd66-groupManagement] INFO  server.RaftServerConfigKeys (ConfUtils.java:logGet(46)) - raft.server.log.use.memory = false (default)
2023-09-12 21:06:13,906 [406ee6b1-fa0c-4161-b052-c61e2a13dd66-groupManagement] INFO  server.RaftServerConfigKeys (ConfUtils.java:logGet(46)) - raft.server.log.purge.gap = 1000000 (custom)
2023-09-12 21:06:13,906 [406ee6b1-fa0c-4161-b052-c61e2a13dd66-groupManagement] INFO  server.RaftServerConfigKeys (ConfUtils.java:logGet(46)) - raft.server.log.appender.buffer.byte-limit = 33554432 (custom)
2023-09-12 21:06:13,906 [406ee6b1-fa0c-4161-b052-c61e2a13dd66-groupManagement] INFO  server.RaftServerConfigKeys (ConfUtils.java:logGet(46)) - raft.server.log.statemachine.data.read.timeout = 1000ms (default)
2023-09-12 21:06:13,906 [406ee6b1-fa0c-4161-b052-c61e2a13dd66-groupManagement] INFO  server.RaftServerConfigKeys (ConfUtils.java:logGet(46)) - raft.server.log.purge.preservation.log.num = 0 (default)
2023-09-12 21:06:13,906 [406ee6b1-fa0c-4161-b052-c61e2a13dd66-groupManagement] INFO  server.RaftServerConfigKeys (ConfUtils.java:logGet(46)) - raft.server.log.segment.size.max = 1048576 (custom)
2023-09-12 21:06:13,907 [406ee6b1-fa0c-4161-b052-c61e2a13dd66-groupManagement] INFO  server.RaftServerConfigKeys (ConfUtils.java:logGet(46)) - raft.server.log.segment.cache.num.max = 2 (custom)
2023-09-12 21:06:13,907 [406ee6b1-fa0c-4161-b052-c61e2a13dd66-groupManagement] INFO  server.RaftServerConfigKeys (ConfUtils.java:logGet(46)) - raft.server.log.segment.cache.size.max = 200MB (=209715200) (default)
2023-09-12 21:06:13,907 [406ee6b1-fa0c-4161-b052-c61e2a13dd66-groupManagement] INFO  server.RaftServerConfigKeys (ConfUtils.java:logGet(46)) - raft.server.log.appender.buffer.byte-limit = 33554432 (custom)
2023-09-12 21:06:13,908 [406ee6b1-fa0c-4161-b052-c61e2a13dd66-groupManagement] INFO  segmented.SegmentedRaftLogWorker (SegmentedRaftLogWorker.java:<init>(188)) - new 406ee6b1-fa0c-4161-b052-c61e2a13dd66@group-363926AAB1D0-SegmentedRaftLogWorker for RaftStorageImpl:Storage Directory /home/runner/work/ozone/ozone/hadoop-ozone/integration-test/target/test-dir/MiniOzoneClusterImpl-b2199f83-407c-4d6c-939a-90a6ee7b9086/datanode-1/data/ratis/41cc45c0-98fb-4ed5-9a39-363926aab1d0
2023-09-12 21:06:13,908 [406ee6b1-fa0c-4161-b052-c61e2a13dd66-groupManagement] INFO  server.RaftServerConfigKeys (ConfUtils.java:logGet(46)) - raft.server.log.queue.byte-limit = 4294967296 (custom)
2023-09-12 21:06:13,908 [406ee6b1-fa0c-4161-b052-c61e2a13dd66-groupManagement] INFO  server.RaftServerConfigKeys (ConfUtils.java:logGet(46)) - raft.server.log.queue.element-limit = 1024 (custom)
2023-09-12 21:06:13,909 [406ee6b1-fa0c-4161-b052-c61e2a13dd66-groupManagement] INFO  server.RaftServerConfigKeys (ConfUtils.java:logGet(46)) - raft.server.log.segment.size.max = 1048576 (custom)
2023-09-12 21:06:13,909 [406ee6b1-fa0c-4161-b052-c61e2a13dd66-groupManagement] INFO  server.RaftServerConfigKeys (ConfUtils.java:logGet(46)) - raft.server.log.preallocated.size = 16384 (custom)
2023-09-12 21:06:13,909 [406ee6b1-fa0c-4161-b052-c61e2a13dd66-groupManagement] INFO  server.RaftServerConfigKeys (ConfUtils.java:logGet(46)) - raft.server.log.force.sync.num = 128 (default)
2023-09-12 21:06:13,909 [406ee6b1-fa0c-4161-b052-c61e2a13dd66-groupManagement] INFO  server.RaftServerConfigKeys (ConfUtils.java:logGet(46)) - raft.server.log.statemachine.data.sync = true (default)
2023-09-12 21:06:13,909 [406ee6b1-fa0c-4161-b052-c61e2a13dd66-groupManagement] INFO  server.RaftServerConfigKeys (ConfUtils.java:logGet(46)) - raft.server.log.statemachine.data.sync.timeout = 10s (default)
2023-09-12 21:06:13,909 [406ee6b1-fa0c-4161-b052-c61e2a13dd66-groupManagement] INFO  server.RaftServerConfigKeys (ConfUtils.java:logGet(46)) - raft.server.log.statemachine.data.sync.timeout.retry = -1 (default)
2023-09-12 21:06:13,910 [406ee6b1-fa0c-4161-b052-c61e2a13dd66-groupManagement] INFO  server.RaftServerConfigKeys (ConfUtils.java:logGet(46)) - raft.server.log.write.buffer.size = 1048576 (custom)
2023-09-12 21:06:13,911 [406ee6b1-fa0c-4161-b052-c61e2a13dd66-groupManagement] INFO  server.RaftServerConfigKeys (ConfUtils.java:logGet(46)) - raft.server.log.appender.buffer.byte-limit = 33554432 (custom)
2023-09-12 21:06:13,914 [406ee6b1-fa0c-4161-b052-c61e2a13dd66-groupManagement] INFO  server.RaftServerConfigKeys (ConfUtils.java:logGet(46)) - raft.server.log.unsafe-flush.enabled = false (default)
2023-09-12 21:06:13,914 [406ee6b1-fa0c-4161-b052-c61e2a13dd66-groupManagement] INFO  server.RaftServerConfigKeys (ConfUtils.java:logGet(46)) - raft.server.log.async-flush.enabled = false (default)
2023-09-12 21:06:13,914 [406ee6b1-fa0c-4161-b052-c61e2a13dd66-groupManagement] INFO  server.RaftServerConfigKeys (ConfUtils.java:logGet(46)) - raft.server.log.statemachine.data.caching.enabled = true (custom)
2023-09-12 21:06:13,914 [406ee6b1-fa0c-4161-b052-c61e2a13dd66-groupManagement] INFO  segmented.SegmentedRaftLogWorker (SegmentedRaftLogWorker.java:lambda$new$0(135)) - 406ee6b1-fa0c-4161-b052-c61e2a13dd66@group-363926AAB1D0-SegmentedRaftLogWorker: flushIndex: setUnconditionally 0 -> -1
2023-09-12 21:06:13,914 [406ee6b1-fa0c-4161-b052-c61e2a13dd66-groupManagement] INFO  segmented.SegmentedRaftLogWorker (SegmentedRaftLogWorker.java:lambda$new$0(135)) - 406ee6b1-fa0c-4161-b052-c61e2a13dd66@group-363926AAB1D0-SegmentedRaftLogWorker: safeCacheEvictIndex: setUnconditionally 0 -> -1
2023-09-12 21:06:13,914 [406ee6b1-fa0c-4161-b052-c61e2a13dd66-groupManagement] INFO  server.RaftServer$Division (RaftServerImpl.java:start(342)) - 406ee6b1-fa0c-4161-b052-c61e2a13dd66@group-363926AAB1D0: start as a follower, conf=-1: peers:[26fac33b-208f-4640-bb04-d749a6a7a791|rpc:10.1.0.4:15067|admin:10.1.0.4:15066|client:10.1.0.4:15065|dataStream:10.1.0.4:15068|priority:1|startupRole:FOLLOWER, 406ee6b1-fa0c-4161-b052-c61e2a13dd66|rpc:10.1.0.4:15076|admin:10.1.0.4:15075|client:10.1.0.4:15074|dataStream:10.1.0.4:15077|priority:0|startupRole:FOLLOWER, 52e1c3a5-ad40-4f65-b13a-90cebad8bc80|rpc:10.1.0.4:15085|admin:10.1.0.4:15084|client:10.1.0.4:15083|dataStream:10.1.0.4:15086|priority:0|startupRole:FOLLOWER]|listeners:[], old=null
2023-09-12 21:06:13,914 [406ee6b1-fa0c-4161-b052-c61e2a13dd66-groupManagement] INFO  server.RaftServer$Division (RaftServerImpl.java:setRole(329)) - 406ee6b1-fa0c-4161-b052-c61e2a13dd66@group-363926AAB1D0: changes role from      null to FOLLOWER at term 0 for startAsFollower
2023-09-12 21:06:13,914 [406ee6b1-fa0c-4161-b052-c61e2a13dd66-groupManagement] INFO  impl.RoleInfo (RoleInfo.java:updateAndGet(139)) - 406ee6b1-fa0c-4161-b052-c61e2a13dd66: start 406ee6b1-fa0c-4161-b052-c61e2a13dd66@group-363926AAB1D0-FollowerState
2023-09-12 21:06:13,920 [406ee6b1-fa0c-4161-b052-c61e2a13dd66-groupManagement] INFO  util.JmxRegister (JmxRegister.java:tryRegister(44)) - Successfully registered JMX Bean with object name Ratis:service=RaftServer,group=group-363926AAB1D0,id=406ee6b1-fa0c-4161-b052-c61e2a13dd66
2023-09-12 21:06:13,920 [406ee6b1-fa0c-4161-b052-c61e2a13dd66-groupManagement] INFO  server.RaftServerConfigKeys (ConfUtils.java:logGet(46)) - raft.server.snapshot.auto.trigger.enabled = true (custom)
2023-09-12 21:06:13,920 [406ee6b1-fa0c-4161-b052-c61e2a13dd66-groupManagement] INFO  server.RaftServerConfigKeys (ConfUtils.java:logGet(46)) - raft.server.snapshot.auto.trigger.threshold = 10000 (custom)
2023-09-12 21:06:13,920 [406ee6b1-fa0c-4161-b052-c61e2a13dd66-groupManagement] INFO  server.RaftServerConfigKeys (ConfUtils.java:logGet(46)) - raft.server.snapshot.retention.file.num = 5 (custom)
2023-09-12 21:06:13,920 [406ee6b1-fa0c-4161-b052-c61e2a13dd66-groupManagement] INFO  server.RaftServerConfigKeys (ConfUtils.java:logGet(46)) - raft.server.log.purge.upto.snapshot.index = false (default)
2023-09-12 21:06:13,921 [406ee6b1-fa0c-4161-b052-c61e2a13dd66@group-363926AAB1D0-FollowerState] INFO  server.RaftServerConfigKeys (ConfUtils.java:logFallback(53)) - raft.server.rpc.first-election.timeout.min = 5s (fallback to raft.server.rpc.timeout.min)
2023-09-12 21:06:13,921 [406ee6b1-fa0c-4161-b052-c61e2a13dd66@group-363926AAB1D0-FollowerState] INFO  server.RaftServerConfigKeys (ConfUtils.java:logFallback(53)) - raft.server.rpc.first-election.timeout.max = 5200ms (fallback to raft.server.rpc.timeout.max)
2023-09-12 21:06:13,929 [PipelineCommandHandlerThread-0] INFO  commandhandler.CreatePipelineCommandHandler (CreatePipelineCommandHandler.java:lambda$handle$2(124)) - Created Pipeline RATIS THREE PipelineID=41cc45c0-98fb-4ed5-9a39-363926aab1d0.
2023-09-12 21:06:13,930 [PipelineCommandHandlerThread-0] INFO  server.RaftServer (RaftServerProxy.java:addNew(98)) - 26fac33b-208f-4640-bb04-d749a6a7a791: addNew group-1A2E6C5CC317:[26fac33b-208f-4640-bb04-d749a6a7a791|rpc:10.1.0.4:15067|admin:10.1.0.4:15066|client:10.1.0.4:15065|dataStream:10.1.0.4:15068|priority:0|startupRole:FOLLOWER, 406ee6b1-fa0c-4161-b052-c61e2a13dd66|rpc:10.1.0.4:15076|admin:10.1.0.4:15075|client:10.1.0.4:15074|dataStream:10.1.0.4:15077|priority:1|startupRole:FOLLOWER, 52e1c3a5-ad40-4f65-b13a-90cebad8bc80|rpc:10.1.0.4:15085|admin:10.1.0.4:15084|client:10.1.0.4:15083|dataStream:10.1.0.4:15086|priority:0|startupRole:FOLLOWER] returns group-1A2E6C5CC317:java.util.concurrent.CompletableFuture@7d860c31[Not completed]
2023-09-12 21:06:13,931 [26fac33b-208f-4640-bb04-d749a6a7a791-groupManagement] INFO  server.RaftServer$Division (RaftServerImpl.java:<init>(198)) - 26fac33b-208f-4640-bb04-d749a6a7a791: new RaftServerImpl for group-1A2E6C5CC317:[26fac33b-208f-4640-bb04-d749a6a7a791|rpc:10.1.0.4:15067|admin:10.1.0.4:15066|client:10.1.0.4:15065|dataStream:10.1.0.4:15068|priority:0|startupRole:FOLLOWER, 406ee6b1-fa0c-4161-b052-c61e2a13dd66|rpc:10.1.0.4:15076|admin:10.1.0.4:15075|client:10.1.0.4:15074|dataStream:10.1.0.4:15077|priority:1|startupRole:FOLLOWER, 52e1c3a5-ad40-4f65-b13a-90cebad8bc80|rpc:10.1.0.4:15085|admin:10.1.0.4:15084|client:10.1.0.4:15083|dataStream:10.1.0.4:15086|priority:0|startupRole:FOLLOWER] with ContainerStateMachine:uninitialized
2023-09-12 21:06:13,931 [26fac33b-208f-4640-bb04-d749a6a7a791-groupManagement] INFO  server.RaftServerConfigKeys (ConfUtils.java:logGet(46)) - raft.server.rpc.timeout.min = 5s (custom)
2023-09-12 21:06:13,931 [26fac33b-208f-4640-bb04-d749a6a7a791-groupManagement] INFO  server.RaftServerConfigKeys (ConfUtils.java:logGet(46)) - raft.server.rpc.timeout.max = 5200ms (custom)
2023-09-12 21:06:13,931 [26fac33b-208f-4640-bb04-d749a6a7a791-groupManagement] INFO  server.RaftServerConfigKeys (ConfUtils.java:logGet(46)) - raft.server.rpc.sleep.time = 25ms (default)
2023-09-12 21:06:13,931 [26fac33b-208f-4640-bb04-d749a6a7a791-groupManagement] INFO  server.RaftServerConfigKeys (ConfUtils.java:logGet(46)) - raft.server.rpc.slowness.timeout = 300000ms (custom)
2023-09-12 21:06:13,931 [26fac33b-208f-4640-bb04-d749a6a7a791-groupManagement] INFO  server.RaftServerConfigKeys (ConfUtils.java:logGet(46)) - raft.server.leaderelection.leader.step-down.wait-time = 10s (default)
2023-09-12 21:06:13,931 [26fac33b-208f-4640-bb04-d749a6a7a791-groupManagement] INFO  server.RaftServerConfigKeys (ConfUtils.java:logGet(46)) - raft.server.sleep.deviation.threshold = 300ms (default)
2023-09-12 21:06:13,931 [26fac33b-208f-4640-bb04-d749a6a7a791-groupManagement] INFO  server.RaftServer$Division (ServerState.java:<init>(120)) - 26fac33b-208f-4640-bb04-d749a6a7a791@group-1A2E6C5CC317: ConfigurationManager, init=-1: peers:[26fac33b-208f-4640-bb04-d749a6a7a791|rpc:10.1.0.4:15067|admin:10.1.0.4:15066|client:10.1.0.4:15065|dataStream:10.1.0.4:15068|priority:0|startupRole:FOLLOWER, 406ee6b1-fa0c-4161-b052-c61e2a13dd66|rpc:10.1.0.4:15076|admin:10.1.0.4:15075|client:10.1.0.4:15074|dataStream:10.1.0.4:15077|priority:1|startupRole:FOLLOWER, 52e1c3a5-ad40-4f65-b13a-90cebad8bc80|rpc:10.1.0.4:15085|admin:10.1.0.4:15084|client:10.1.0.4:15083|dataStream:10.1.0.4:15086|priority:0|startupRole:FOLLOWER]|listeners:[], old=null, confs=<EMPTY_MAP>
2023-09-12 21:06:13,931 [26fac33b-208f-4640-bb04-d749a6a7a791-groupManagement] INFO  server.RaftServerConfigKeys (ConfUtils.java:logGet(46)) - raft.server.storage.dir = [/home/runner/work/ozone/ozone/hadoop-ozone/integration-test/target/test-dir/MiniOzoneClusterImpl-b2199f83-407c-4d6c-939a-90a6ee7b9086/datanode-0/data/ratis] (custom)
2023-09-12 21:06:13,931 [26fac33b-208f-4640-bb04-d749a6a7a791-groupManagement] INFO  server.RaftServerConfigKeys (ConfUtils.java:logGet(46)) - raft.server.log.corruption.policy = EXCEPTION (default)
2023-09-12 21:06:13,931 [26fac33b-208f-4640-bb04-d749a6a7a791-groupManagement] INFO  server.RaftServerConfigKeys (ConfUtils.java:logGet(46)) - raft.server.storage.free-space.min = 0MB (=0) (default)
2023-09-12 21:06:13,931 [26fac33b-208f-4640-bb04-d749a6a7a791-groupManagement] INFO  server.RaftServerConfigKeys (ConfUtils.java:logGet(46)) - raft.server.notification.no-leader.timeout = 300000ms (custom)
2023-09-12 21:06:13,931 [26fac33b-208f-4640-bb04-d749a6a7a791-groupManagement] INFO  server.RaftServerConfigKeys (ConfUtils.java:logGet(46)) - raft.server.read.timeout = 10s (default)
2023-09-12 21:06:13,931 [26fac33b-208f-4640-bb04-d749a6a7a791-groupManagement] INFO  server.RaftServerConfigKeys (ConfUtils.java:logGet(46)) - raft.server.retrycache.expirytime = 600000ms (custom)
2023-09-12 21:06:13,931 [26fac33b-208f-4640-bb04-d749a6a7a791-groupManagement] INFO  server.RaftServerConfigKeys (ConfUtils.java:logGet(46)) - raft.server.retrycache.statistics.expirytime = 100μs (default)
2023-09-12 21:06:13,931 [26fac33b-208f-4640-bb04-d749a6a7a791-groupManagement] INFO  server.RaftServerConfigKeys (ConfUtils.java:logGet(46)) - raft.server.read.option = DEFAULT (default)
2023-09-12 21:06:13,932 [26fac33b-208f-4640-bb04-d749a6a7a791-groupManagement] INFO  server.RaftServerConfigKeys (ConfUtils.java:logGet(46)) - raft.server.rpc.request.timeout = 3000ms (default)
2023-09-12 21:06:13,932 [26fac33b-208f-4640-bb04-d749a6a7a791-groupManagement] INFO  server.RaftServerConfigKeys (ConfUtils.java:logGet(46)) - raft.server.log.appender.install.snapshot.enabled = false (custom)
2023-09-12 21:06:13,932 [26fac33b-208f-4640-bb04-d749a6a7a791-groupManagement] INFO  server.RaftServerConfigKeys (ConfUtils.java:logGet(46)) - raft.server.threadpool.server.cached = true (default)
2023-09-12 21:06:13,932 [26fac33b-208f-4640-bb04-d749a6a7a791-groupManagement] INFO  server.RaftServerConfigKeys (ConfUtils.java:logGet(46)) - raft.server.threadpool.server.size = 0 (default)
2023-09-12 21:06:13,932 [26fac33b-208f-4640-bb04-d749a6a7a791-groupManagement] INFO  server.RaftServerConfigKeys (ConfUtils.java:logGet(46)) - raft.server.threadpool.client.cached = true (default)
2023-09-12 21:06:13,932 [26fac33b-208f-4640-bb04-d749a6a7a791-groupManagement] INFO  server.RaftServerConfigKeys (ConfUtils.java:logGet(46)) - raft.server.threadpool.client.size = 0 (default)
2023-09-12 21:06:13,932 [26fac33b-208f-4640-bb04-d749a6a7a791-groupManagement] INFO  storage.RaftStorageDirectory (RaftStorageDirectoryImpl.java:analyzeStorage(137)) - The storage directory /home/runner/work/ozone/ozone/hadoop-ozone/integration-test/target/test-dir/MiniOzoneClusterImpl-b2199f83-407c-4d6c-939a-90a6ee7b9086/datanode-0/data/ratis/0f81a6e3-614b-468d-ab00-1a2e6c5cc317 does not exist. Creating ...
2023-09-12 21:06:13,933 [26fac33b-208f-4640-bb04-d749a6a7a791-groupManagement] INFO  storage.RaftStorageDirectory (RaftStorageDirectoryImpl.java:tryLock(231)) - Lock on /home/runner/work/ozone/ozone/hadoop-ozone/integration-test/target/test-dir/MiniOzoneClusterImpl-b2199f83-407c-4d6c-939a-90a6ee7b9086/datanode-0/data/ratis/0f81a6e3-614b-468d-ab00-1a2e6c5cc317/in_use.lock acquired by nodename 5540@fv-az740-690
2023-09-12 21:06:13,934 [26fac33b-208f-4640-bb04-d749a6a7a791-groupManagement] INFO  storage.RaftStorage (RaftStorageImpl.java:format(96)) - Storage directory /home/runner/work/ozone/ozone/hadoop-ozone/integration-test/target/test-dir/MiniOzoneClusterImpl-b2199f83-407c-4d6c-939a-90a6ee7b9086/datanode-0/data/ratis/0f81a6e3-614b-468d-ab00-1a2e6c5cc317 has been successfully formatted.
2023-09-12 21:06:13,935 [26fac33b-208f-4640-bb04-d749a6a7a791-groupManagement] INFO  ratis.ContainerStateMachine (ContainerStateMachine.java:loadSnapshot(262)) - group-1A2E6C5CC317: The snapshot info is null. Setting the last applied indexto:(t:0, i:~)
2023-09-12 21:06:13,935 [26fac33b-208f-4640-bb04-d749a6a7a791-groupManagement] INFO  server.RaftServerConfigKeys (ConfUtils.java:logGet(46)) - raft.server.log.use.memory = false (default)
2023-09-12 21:06:13,935 [26fac33b-208f-4640-bb04-d749a6a7a791-groupManagement] INFO  server.RaftServerConfigKeys (ConfUtils.java:logGet(46)) - raft.server.log.purge.gap = 1000000 (custom)
2023-09-12 21:06:13,935 [26fac33b-208f-4640-bb04-d749a6a7a791-groupManagement] INFO  server.RaftServerConfigKeys (ConfUtils.java:logGet(46)) - raft.server.log.appender.buffer.byte-limit = 33554432 (custom)
2023-09-12 21:06:13,935 [26fac33b-208f-4640-bb04-d749a6a7a791-groupManagement] INFO  server.RaftServerConfigKeys (ConfUtils.java:logGet(46)) - raft.server.log.statemachine.data.read.timeout = 1000ms (default)
2023-09-12 21:06:13,935 [26fac33b-208f-4640-bb04-d749a6a7a791-groupManagement] INFO  server.RaftServerConfigKeys (ConfUtils.java:logGet(46)) - raft.server.log.purge.preservation.log.num = 0 (default)
2023-09-12 21:06:13,935 [26fac33b-208f-4640-bb04-d749a6a7a791-groupManagement] INFO  server.RaftServerConfigKeys (ConfUtils.java:logGet(46)) - raft.server.log.segment.size.max = 1048576 (custom)
2023-09-12 21:06:13,936 [26fac33b-208f-4640-bb04-d749a6a7a791-groupManagement] INFO  server.RaftServerConfigKeys (ConfUtils.java:logGet(46)) - raft.server.log.segment.cache.num.max = 2 (custom)
2023-09-12 21:06:13,936 [26fac33b-208f-4640-bb04-d749a6a7a791-groupManagement] INFO  server.RaftServerConfigKeys (ConfUtils.java:logGet(46)) - raft.server.log.segment.cache.size.max = 200MB (=209715200) (default)
2023-09-12 21:06:13,936 [26fac33b-208f-4640-bb04-d749a6a7a791-groupManagement] INFO  server.RaftServerConfigKeys (ConfUtils.java:logGet(46)) - raft.server.log.appender.buffer.byte-limit = 33554432 (custom)
2023-09-12 21:06:13,936 [26fac33b-208f-4640-bb04-d749a6a7a791-groupManagement] INFO  segmented.SegmentedRaftLogWorker (SegmentedRaftLogWorker.java:<init>(188)) - new 26fac33b-208f-4640-bb04-d749a6a7a791@group-1A2E6C5CC317-SegmentedRaftLogWorker for RaftStorageImpl:Storage Directory /home/runner/work/ozone/ozone/hadoop-ozone/integration-test/target/test-dir/MiniOzoneClusterImpl-b2199f83-407c-4d6c-939a-90a6ee7b9086/datanode-0/data/ratis/0f81a6e3-614b-468d-ab00-1a2e6c5cc317
2023-09-12 21:06:13,936 [26fac33b-208f-4640-bb04-d749a6a7a791-groupManagement] INFO  server.RaftServerConfigKeys (ConfUtils.java:logGet(46)) - raft.server.log.queue.byte-limit = 4294967296 (custom)
2023-09-12 21:06:13,936 [26fac33b-208f-4640-bb04-d749a6a7a791-groupManagement] INFO  server.RaftServerConfigKeys (ConfUtils.java:logGet(46)) - raft.server.log.queue.element-limit = 1024 (custom)
2023-09-12 21:06:13,936 [26fac33b-208f-4640-bb04-d749a6a7a791-groupManagement] INFO  server.RaftServerConfigKeys (ConfUtils.java:logGet(46)) - raft.server.log.segment.size.max = 1048576 (custom)
2023-09-12 21:06:13,936 [26fac33b-208f-4640-bb04-d749a6a7a791-groupManagement] INFO  server.RaftServerConfigKeys (ConfUtils.java:logGet(46)) - raft.server.log.preallocated.size = 16384 (custom)
2023-09-12 21:06:13,936 [26fac33b-208f-4640-bb04-d749a6a7a791-groupManagement] INFO  server.RaftServerConfigKeys (ConfUtils.java:logGet(46)) - raft.server.log.force.sync.num = 128 (default)
2023-09-12 21:06:13,936 [26fac33b-208f-4640-bb04-d749a6a7a791-groupManagement] INFO  server.RaftServerConfigKeys (ConfUtils.java:logGet(46)) - raft.server.log.statemachine.data.sync = true (default)
2023-09-12 21:06:13,936 [26fac33b-208f-4640-bb04-d749a6a7a791-groupManagement] INFO  server.RaftServerConfigKeys (ConfUtils.java:logGet(46)) - raft.server.log.statemachine.data.sync.timeout = 10s (default)
2023-09-12 21:06:13,936 [26fac33b-208f-4640-bb04-d749a6a7a791-groupManagement] INFO  server.RaftServerConfigKeys (ConfUtils.java:logGet(46)) - raft.server.log.statemachine.data.sync.timeout.retry = -1 (default)
2023-09-12 21:06:13,936 [26fac33b-208f-4640-bb04-d749a6a7a791-groupManagement] INFO  server.RaftServerConfigKeys (ConfUtils.java:logGet(46)) - raft.server.log.write.buffer.size = 1048576 (custom)
2023-09-12 21:06:13,938 [EventQueue-OpenPipelineForHealthyPipelineSafeModeRule] INFO  safemode.SCMSafeModeManager (HealthyPipelineSafeModeRule.java:process(137)) - SCM in safe mode. Healthy pipelines reported count is 0, required healthy pipeline reported count is 1
2023-09-12 21:06:13,938 [26fac33b-208f-4640-bb04-d749a6a7a791-groupManagement] INFO  server.RaftServerConfigKeys (ConfUtils.java:logGet(46)) - raft.server.log.appender.buffer.byte-limit = 33554432 (custom)
2023-09-12 21:06:13,941 [26fac33b-208f-4640-bb04-d749a6a7a791-groupManagement] INFO  server.RaftServerConfigKeys (ConfUtils.java:logGet(46)) - raft.server.log.unsafe-flush.enabled = false (default)
2023-09-12 21:06:13,941 [26fac33b-208f-4640-bb04-d749a6a7a791-groupManagement] INFO  server.RaftServerConfigKeys (ConfUtils.java:logGet(46)) - raft.server.log.async-flush.enabled = false (default)
2023-09-12 21:06:13,941 [26fac33b-208f-4640-bb04-d749a6a7a791-groupManagement] INFO  server.RaftServerConfigKeys (ConfUtils.java:logGet(46)) - raft.server.log.statemachine.data.caching.enabled = true (custom)
2023-09-12 21:06:13,941 [26fac33b-208f-4640-bb04-d749a6a7a791-groupManagement] INFO  segmented.SegmentedRaftLogWorker (SegmentedRaftLogWorker.java:lambda$new$0(135)) - 26fac33b-208f-4640-bb04-d749a6a7a791@group-1A2E6C5CC317-SegmentedRaftLogWorker: flushIndex: setUnconditionally 0 -> -1
2023-09-12 21:06:13,941 [26fac33b-208f-4640-bb04-d749a6a7a791-groupManagement] INFO  segmented.SegmentedRaftLogWorker (SegmentedRaftLogWorker.java:lambda$new$0(135)) - 26fac33b-208f-4640-bb04-d749a6a7a791@group-1A2E6C5CC317-SegmentedRaftLogWorker: safeCacheEvictIndex: setUnconditionally 0 -> -1
2023-09-12 21:06:13,943 [26fac33b-208f-4640-bb04-d749a6a7a791-groupManagement] INFO  server.RaftServer$Division (RaftServerImpl.java:start(342)) - 26fac33b-208f-4640-bb04-d749a6a7a791@group-1A2E6C5CC317: start as a follower, conf=-1: peers:[26fac33b-208f-4640-bb04-d749a6a7a791|rpc:10.1.0.4:15067|admin:10.1.0.4:15066|client:10.1.0.4:15065|dataStream:10.1.0.4:15068|priority:0|startupRole:FOLLOWER, 406ee6b1-fa0c-4161-b052-c61e2a13dd66|rpc:10.1.0.4:15076|admin:10.1.0.4:15075|client:10.1.0.4:15074|dataStream:10.1.0.4:15077|priority:1|startupRole:FOLLOWER, 52e1c3a5-ad40-4f65-b13a-90cebad8bc80|rpc:10.1.0.4:15085|admin:10.1.0.4:15084|client:10.1.0.4:15083|dataStream:10.1.0.4:15086|priority:0|startupRole:FOLLOWER]|listeners:[], old=null
2023-09-12 21:06:13,943 [26fac33b-208f-4640-bb04-d749a6a7a791-groupManagement] INFO  server.RaftServer$Division (RaftServerImpl.java:setRole(329)) - 26fac33b-208f-4640-bb04-d749a6a7a791@group-1A2E6C5CC317: changes role from      null to FOLLOWER at term 0 for startAsFollower
2023-09-12 21:06:13,943 [26fac33b-208f-4640-bb04-d749a6a7a791-groupManagement] INFO  impl.RoleInfo (RoleInfo.java:updateAndGet(139)) - 26fac33b-208f-4640-bb04-d749a6a7a791: start 26fac33b-208f-4640-bb04-d749a6a7a791@group-1A2E6C5CC317-FollowerState
2023-09-12 21:06:13,945 [26fac33b-208f-4640-bb04-d749a6a7a791-groupManagement] INFO  util.JmxRegister (JmxRegister.java:tryRegister(44)) - Successfully registered JMX Bean with object name Ratis:service=RaftServer,group=group-1A2E6C5CC317,id=26fac33b-208f-4640-bb04-d749a6a7a791
2023-09-12 21:06:13,946 [26fac33b-208f-4640-bb04-d749a6a7a791-groupManagement] INFO  server.RaftServerConfigKeys (ConfUtils.java:logGet(46)) - raft.server.snapshot.auto.trigger.enabled = true (custom)
2023-09-12 21:06:13,946 [26fac33b-208f-4640-bb04-d749a6a7a791-groupManagement] INFO  server.RaftServerConfigKeys (ConfUtils.java:logGet(46)) - raft.server.snapshot.auto.trigger.threshold = 10000 (custom)
2023-09-12 21:06:13,946 [26fac33b-208f-4640-bb04-d749a6a7a791-groupManagement] INFO  server.RaftServerConfigKeys (ConfUtils.java:logGet(46)) - raft.server.snapshot.retention.file.num = 5 (custom)
2023-09-12 21:06:13,946 [26fac33b-208f-4640-bb04-d749a6a7a791-groupManagement] INFO  server.RaftServerConfigKeys (ConfUtils.java:logGet(46)) - raft.server.log.purge.upto.snapshot.index = false (default)
2023-09-12 21:06:13,946 [26fac33b-208f-4640-bb04-d749a6a7a791@group-1A2E6C5CC317-FollowerState] INFO  server.RaftServerConfigKeys (ConfUtils.java:logFallback(53)) - raft.server.rpc.first-election.timeout.min = 5s (fallback to raft.server.rpc.timeout.min)
2023-09-12 21:06:13,946 [26fac33b-208f-4640-bb04-d749a6a7a791@group-1A2E6C5CC317-FollowerState] INFO  server.RaftServerConfigKeys (ConfUtils.java:logFallback(53)) - raft.server.rpc.first-election.timeout.max = 5200ms (fallback to raft.server.rpc.timeout.max)
2023-09-12 21:06:13,946 [PipelineCommandHandlerThread-0] INFO  ratis.XceiverServerRatis (XceiverServerRatis.java:addGroup(804)) - Created group PipelineID=0f81a6e3-614b-468d-ab00-1a2e6c5cc317
2023-09-12 21:06:13,955 [grpc-default-executor-12] INFO  server.RaftServer (RaftServerProxy.java:addNew(98)) - 52e1c3a5-ad40-4f65-b13a-90cebad8bc80: addNew group-1A2E6C5CC317:[26fac33b-208f-4640-bb04-d749a6a7a791|rpc:10.1.0.4:15067|admin:10.1.0.4:15066|client:10.1.0.4:15065|dataStream:10.1.0.4:15068|priority:0|startupRole:FOLLOWER, 406ee6b1-fa0c-4161-b052-c61e2a13dd66|rpc:10.1.0.4:15076|admin:10.1.0.4:15075|client:10.1.0.4:15074|dataStream:10.1.0.4:15077|priority:1|startupRole:FOLLOWER, 52e1c3a5-ad40-4f65-b13a-90cebad8bc80|rpc:10.1.0.4:15085|admin:10.1.0.4:15084|client:10.1.0.4:15083|dataStream:10.1.0.4:15086|priority:0|startupRole:FOLLOWER] returns group-1A2E6C5CC317:java.util.concurrent.CompletableFuture@4d4975c1[Not completed]
2023-09-12 21:06:13,956 [52e1c3a5-ad40-4f65-b13a-90cebad8bc80-groupManagement] INFO  server.RaftServer$Division (RaftServerImpl.java:<init>(198)) - 52e1c3a5-ad40-4f65-b13a-90cebad8bc80: new RaftServerImpl for group-1A2E6C5CC317:[26fac33b-208f-4640-bb04-d749a6a7a791|rpc:10.1.0.4:15067|admin:10.1.0.4:15066|client:10.1.0.4:15065|dataStream:10.1.0.4:15068|priority:0|startupRole:FOLLOWER, 406ee6b1-fa0c-4161-b052-c61e2a13dd66|rpc:10.1.0.4:15076|admin:10.1.0.4:15075|client:10.1.0.4:15074|dataStream:10.1.0.4:15077|priority:1|startupRole:FOLLOWER, 52e1c3a5-ad40-4f65-b13a-90cebad8bc80|rpc:10.1.0.4:15085|admin:10.1.0.4:15084|client:10.1.0.4:15083|dataStream:10.1.0.4:15086|priority:0|startupRole:FOLLOWER] with ContainerStateMachine:uninitialized
2023-09-12 21:06:13,956 [52e1c3a5-ad40-4f65-b13a-90cebad8bc80-groupManagement] INFO  server.RaftServerConfigKeys (ConfUtils.java:logGet(46)) - raft.server.rpc.timeout.min = 5s (custom)
2023-09-12 21:06:13,956 [52e1c3a5-ad40-4f65-b13a-90cebad8bc80-groupManagement] INFO  server.RaftServerConfigKeys (ConfUtils.java:logGet(46)) - raft.server.rpc.timeout.max = 5200ms (custom)
2023-09-12 21:06:13,956 [52e1c3a5-ad40-4f65-b13a-90cebad8bc80-groupManagement] INFO  server.RaftServerConfigKeys (ConfUtils.java:logGet(46)) - raft.server.rpc.sleep.time = 25ms (default)
2023-09-12 21:06:13,956 [52e1c3a5-ad40-4f65-b13a-90cebad8bc80-groupManagement] INFO  server.RaftServerConfigKeys (ConfUtils.java:logGet(46)) - raft.server.rpc.slowness.timeout = 300000ms (custom)
2023-09-12 21:06:13,956 [52e1c3a5-ad40-4f65-b13a-90cebad8bc80-groupManagement] INFO  server.RaftServerConfigKeys (ConfUtils.java:logGet(46)) - raft.server.leaderelection.leader.step-down.wait-time = 10s (default)
2023-09-12 21:06:13,956 [52e1c3a5-ad40-4f65-b13a-90cebad8bc80-groupManagement] INFO  server.RaftServerConfigKeys (ConfUtils.java:logGet(46)) - raft.server.sleep.deviation.threshold = 300ms (default)
2023-09-12 21:06:13,956 [52e1c3a5-ad40-4f65-b13a-90cebad8bc80-groupManagement] INFO  server.RaftServer$Division (ServerState.java:<init>(120)) - 52e1c3a5-ad40-4f65-b13a-90cebad8bc80@group-1A2E6C5CC317: ConfigurationManager, init=-1: peers:[26fac33b-208f-4640-bb04-d749a6a7a791|rpc:10.1.0.4:15067|admin:10.1.0.4:15066|client:10.1.0.4:15065|dataStream:10.1.0.4:15068|priority:0|startupRole:FOLLOWER, 406ee6b1-fa0c-4161-b052-c61e2a13dd66|rpc:10.1.0.4:15076|admin:10.1.0.4:15075|client:10.1.0.4:15074|dataStream:10.1.0.4:15077|priority:1|startupRole:FOLLOWER, 52e1c3a5-ad40-4f65-b13a-90cebad8bc80|rpc:10.1.0.4:15085|admin:10.1.0.4:15084|client:10.1.0.4:15083|dataStream:10.1.0.4:15086|priority:0|startupRole:FOLLOWER]|listeners:[], old=null, confs=<EMPTY_MAP>
2023-09-12 21:06:13,956 [52e1c3a5-ad40-4f65-b13a-90cebad8bc80-groupManagement] INFO  server.RaftServerConfigKeys (ConfUtils.java:logGet(46)) - raft.server.storage.dir = [/home/runner/work/ozone/ozone/hadoop-ozone/integration-test/target/test-dir/MiniOzoneClusterImpl-b2199f83-407c-4d6c-939a-90a6ee7b9086/datanode-2/data/ratis] (custom)
2023-09-12 21:06:13,957 [52e1c3a5-ad40-4f65-b13a-90cebad8bc80-groupManagement] INFO  server.RaftServerConfigKeys (ConfUtils.java:logGet(46)) - raft.server.log.corruption.policy = EXCEPTION (default)
2023-09-12 21:06:13,957 [52e1c3a5-ad40-4f65-b13a-90cebad8bc80-groupManagement] INFO  server.RaftServerConfigKeys (ConfUtils.java:logGet(46)) - raft.server.storage.free-space.min = 0MB (=0) (default)
2023-09-12 21:06:13,957 [52e1c3a5-ad40-4f65-b13a-90cebad8bc80-groupManagement] INFO  server.RaftServerConfigKeys (ConfUtils.java:logGet(46)) - raft.server.notification.no-leader.timeout = 300000ms (custom)
2023-09-12 21:06:13,957 [52e1c3a5-ad40-4f65-b13a-90cebad8bc80-groupManagement] INFO  server.RaftServerConfigKeys (ConfUtils.java:logGet(46)) - raft.server.read.timeout = 10s (default)
2023-09-12 21:06:13,957 [52e1c3a5-ad40-4f65-b13a-90cebad8bc80-groupManagement] INFO  server.RaftServerConfigKeys (ConfUtils.java:logGet(46)) - raft.server.retrycache.expirytime = 600000ms (custom)
2023-09-12 21:06:13,957 [52e1c3a5-ad40-4f65-b13a-90cebad8bc80-groupManagement] INFO  server.RaftServerConfigKeys (ConfUtils.java:logGet(46)) - raft.server.retrycache.statistics.expirytime = 100μs (default)
2023-09-12 21:06:13,957 [52e1c3a5-ad40-4f65-b13a-90cebad8bc80-groupManagement] INFO  server.RaftServerConfigKeys (ConfUtils.java:logGet(46)) - raft.server.read.option = DEFAULT (default)
2023-09-12 21:06:13,957 [52e1c3a5-ad40-4f65-b13a-90cebad8bc80-groupManagement] INFO  server.RaftServerConfigKeys (ConfUtils.java:logGet(46)) - raft.server.rpc.request.timeout = 3000ms (default)
2023-09-12 21:06:13,957 [52e1c3a5-ad40-4f65-b13a-90cebad8bc80-groupManagement] INFO  server.RaftServerConfigKeys (ConfUtils.java:logGet(46)) - raft.server.log.appender.install.snapshot.enabled = false (custom)
2023-09-12 21:06:13,958 [52e1c3a5-ad40-4f65-b13a-90cebad8bc80-groupManagement] INFO  server.RaftServerConfigKeys (ConfUtils.java:logGet(46)) - raft.server.threadpool.server.cached = true (default)
2023-09-12 21:06:13,958 [52e1c3a5-ad40-4f65-b13a-90cebad8bc80-groupManagement] INFO  server.RaftServerConfigKeys (ConfUtils.java:logGet(46)) - raft.server.threadpool.server.size = 0 (default)
2023-09-12 21:06:13,958 [52e1c3a5-ad40-4f65-b13a-90cebad8bc80-groupManagement] INFO  server.RaftServerConfigKeys (ConfUtils.java:logGet(46)) - raft.server.threadpool.client.cached = true (default)
2023-09-12 21:06:13,958 [52e1c3a5-ad40-4f65-b13a-90cebad8bc80-groupManagement] INFO  server.RaftServerConfigKeys (ConfUtils.java:logGet(46)) - raft.server.threadpool.client.size = 0 (default)
2023-09-12 21:06:13,958 [52e1c3a5-ad40-4f65-b13a-90cebad8bc80-groupManagement] INFO  storage.RaftStorageDirectory (RaftStorageDirectoryImpl.java:analyzeStorage(137)) - The storage directory /home/runner/work/ozone/ozone/hadoop-ozone/integration-test/target/test-dir/MiniOzoneClusterImpl-b2199f83-407c-4d6c-939a-90a6ee7b9086/datanode-2/data/ratis/0f81a6e3-614b-468d-ab00-1a2e6c5cc317 does not exist. Creating ...
2023-09-12 21:06:13,959 [52e1c3a5-ad40-4f65-b13a-90cebad8bc80-groupManagement] INFO  storage.RaftStorageDirectory (RaftStorageDirectoryImpl.java:tryLock(231)) - Lock on /home/runner/work/ozone/ozone/hadoop-ozone/integration-test/target/test-dir/MiniOzoneClusterImpl-b2199f83-407c-4d6c-939a-90a6ee7b9086/datanode-2/data/ratis/0f81a6e3-614b-468d-ab00-1a2e6c5cc317/in_use.lock acquired by nodename 5540@fv-az740-690
2023-09-12 21:06:13,960 [52e1c3a5-ad40-4f65-b13a-90cebad8bc80-groupManagement] INFO  storage.RaftStorage (RaftStorageImpl.java:format(96)) - Storage directory /home/runner/work/ozone/ozone/hadoop-ozone/integration-test/target/test-dir/MiniOzoneClusterImpl-b2199f83-407c-4d6c-939a-90a6ee7b9086/datanode-2/data/ratis/0f81a6e3-614b-468d-ab00-1a2e6c5cc317 has been successfully formatted.
2023-09-12 21:06:13,961 [52e1c3a5-ad40-4f65-b13a-90cebad8bc80-groupManagement] INFO  ratis.ContainerStateMachine (ContainerStateMachine.java:loadSnapshot(262)) - group-1A2E6C5CC317: The snapshot info is null. Setting the last applied indexto:(t:0, i:~)
2023-09-12 21:06:13,961 [52e1c3a5-ad40-4f65-b13a-90cebad8bc80-groupManagement] INFO  server.RaftServerConfigKeys (ConfUtils.java:logGet(46)) - raft.server.log.use.memory = false (default)
2023-09-12 21:06:13,962 [52e1c3a5-ad40-4f65-b13a-90cebad8bc80-groupManagement] INFO  server.RaftServerConfigKeys (ConfUtils.java:logGet(46)) - raft.server.log.purge.gap = 1000000 (custom)
2023-09-12 21:06:13,962 [52e1c3a5-ad40-4f65-b13a-90cebad8bc80-groupManagement] INFO  server.RaftServerConfigKeys (ConfUtils.java:logGet(46)) - raft.server.log.appender.buffer.byte-limit = 33554432 (custom)
2023-09-12 21:06:13,962 [52e1c3a5-ad40-4f65-b13a-90cebad8bc80-groupManagement] INFO  server.RaftServerConfigKeys (ConfUtils.java:logGet(46)) - raft.server.log.statemachine.data.read.timeout = 1000ms (default)
2023-09-12 21:06:13,962 [52e1c3a5-ad40-4f65-b13a-90cebad8bc80-groupManagement] INFO  server.RaftServerConfigKeys (ConfUtils.java:logGet(46)) - raft.server.log.purge.preservation.log.num = 0 (default)
2023-09-12 21:06:13,962 [52e1c3a5-ad40-4f65-b13a-90cebad8bc80-groupManagement] INFO  server.RaftServerConfigKeys (ConfUtils.java:logGet(46)) - raft.server.log.segment.size.max = 1048576 (custom)
2023-09-12 21:06:13,962 [52e1c3a5-ad40-4f65-b13a-90cebad8bc80-groupManagement] INFO  server.RaftServerConfigKeys (ConfUtils.java:logGet(46)) - raft.server.log.segment.cache.num.max = 2 (custom)
2023-09-12 21:06:13,962 [52e1c3a5-ad40-4f65-b13a-90cebad8bc80-groupManagement] INFO  server.RaftServerConfigKeys (ConfUtils.java:logGet(46)) - raft.server.log.segment.cache.size.max = 200MB (=209715200) (default)
2023-09-12 21:06:13,962 [52e1c3a5-ad40-4f65-b13a-90cebad8bc80-groupManagement] INFO  server.RaftServerConfigKeys (ConfUtils.java:logGet(46)) - raft.server.log.appender.buffer.byte-limit = 33554432 (custom)
2023-09-12 21:06:13,962 [52e1c3a5-ad40-4f65-b13a-90cebad8bc80-groupManagement] INFO  segmented.SegmentedRaftLogWorker (SegmentedRaftLogWorker.java:<init>(188)) - new 52e1c3a5-ad40-4f65-b13a-90cebad8bc80@group-1A2E6C5CC317-SegmentedRaftLogWorker for RaftStorageImpl:Storage Directory /home/runner/work/ozone/ozone/hadoop-ozone/integration-test/target/test-dir/MiniOzoneClusterImpl-b2199f83-407c-4d6c-939a-90a6ee7b9086/datanode-2/data/ratis/0f81a6e3-614b-468d-ab00-1a2e6c5cc317
2023-09-12 21:06:13,962 [52e1c3a5-ad40-4f65-b13a-90cebad8bc80-groupManagement] INFO  server.RaftServerConfigKeys (ConfUtils.java:logGet(46)) - raft.server.log.queue.byte-limit = 4294967296 (custom)
2023-09-12 21:06:13,962 [52e1c3a5-ad40-4f65-b13a-90cebad8bc80-groupManagement] INFO  server.RaftServerConfigKeys (ConfUtils.java:logGet(46)) - raft.server.log.queue.element-limit = 1024 (custom)
2023-09-12 21:06:13,962 [52e1c3a5-ad40-4f65-b13a-90cebad8bc80-groupManagement] INFO  server.RaftServerConfigKeys (ConfUtils.java:logGet(46)) - raft.server.log.segment.size.max = 1048576 (custom)
2023-09-12 21:06:13,962 [52e1c3a5-ad40-4f65-b13a-90cebad8bc80-groupManagement] INFO  server.RaftServerConfigKeys (ConfUtils.java:logGet(46)) - raft.server.log.preallocated.size = 16384 (custom)
2023-09-12 21:06:13,962 [52e1c3a5-ad40-4f65-b13a-90cebad8bc80-groupManagement] INFO  server.RaftServerConfigKeys (ConfUtils.java:logGet(46)) - raft.server.log.force.sync.num = 128 (default)
2023-09-12 21:06:13,962 [52e1c3a5-ad40-4f65-b13a-90cebad8bc80-groupManagement] INFO  server.RaftServerConfigKeys (ConfUtils.java:logGet(46)) - raft.server.log.statemachine.data.sync = true (default)
2023-09-12 21:06:13,963 [52e1c3a5-ad40-4f65-b13a-90cebad8bc80-groupManagement] INFO  server.RaftServerConfigKeys (ConfUtils.java:logGet(46)) - raft.server.log.statemachine.data.sync.timeout = 10s (default)
2023-09-12 21:06:13,963 [52e1c3a5-ad40-4f65-b13a-90cebad8bc80-groupManagement] INFO  server.RaftServerConfigKeys (ConfUtils.java:logGet(46)) - raft.server.log.statemachine.data.sync.timeout.retry = -1 (default)
2023-09-12 21:06:13,963 [52e1c3a5-ad40-4f65-b13a-90cebad8bc80-groupManagement] INFO  server.RaftServerConfigKeys (ConfUtils.java:logGet(46)) - raft.server.log.write.buffer.size = 1048576 (custom)
2023-09-12 21:06:13,964 [52e1c3a5-ad40-4f65-b13a-90cebad8bc80-groupManagement] INFO  server.RaftServerConfigKeys (ConfUtils.java:logGet(46)) - raft.server.log.appender.buffer.byte-limit = 33554432 (custom)
2023-09-12 21:06:13,967 [52e1c3a5-ad40-4f65-b13a-90cebad8bc80-groupManagement] INFO  server.RaftServerConfigKeys (ConfUtils.java:logGet(46)) - raft.server.log.unsafe-flush.enabled = false (default)
2023-09-12 21:06:13,967 [52e1c3a5-ad40-4f65-b13a-90cebad8bc80-groupManagement] INFO  server.RaftServerConfigKeys (ConfUtils.java:logGet(46)) - raft.server.log.async-flush.enabled = false (default)
2023-09-12 21:06:13,967 [52e1c3a5-ad40-4f65-b13a-90cebad8bc80-groupManagement] INFO  server.RaftServerConfigKeys (ConfUtils.java:logGet(46)) - raft.server.log.statemachine.data.caching.enabled = true (custom)
2023-09-12 21:06:13,967 [52e1c3a5-ad40-4f65-b13a-90cebad8bc80-groupManagement] INFO  segmented.SegmentedRaftLogWorker (SegmentedRaftLogWorker.java:lambda$new$0(135)) - 52e1c3a5-ad40-4f65-b13a-90cebad8bc80@group-1A2E6C5CC317-SegmentedRaftLogWorker: flushIndex: setUnconditionally 0 -> -1
2023-09-12 21:06:13,967 [52e1c3a5-ad40-4f65-b13a-90cebad8bc80-groupManagement] INFO  segmented.SegmentedRaftLogWorker (SegmentedRaftLogWorker.java:lambda$new$0(135)) - 52e1c3a5-ad40-4f65-b13a-90cebad8bc80@group-1A2E6C5CC317-SegmentedRaftLogWorker: safeCacheEvictIndex: setUnconditionally 0 -> -1
2023-09-12 21:06:13,970 [52e1c3a5-ad40-4f65-b13a-90cebad8bc80-groupManagement] INFO  server.RaftServer$Division (RaftServerImpl.java:start(342)) - 52e1c3a5-ad40-4f65-b13a-90cebad8bc80@group-1A2E6C5CC317: start as a follower, conf=-1: peers:[26fac33b-208f-4640-bb04-d749a6a7a791|rpc:10.1.0.4:15067|admin:10.1.0.4:15066|client:10.1.0.4:15065|dataStream:10.1.0.4:15068|priority:0|startupRole:FOLLOWER, 406ee6b1-fa0c-4161-b052-c61e2a13dd66|rpc:10.1.0.4:15076|admin:10.1.0.4:15075|client:10.1.0.4:15074|dataStream:10.1.0.4:15077|priority:1|startupRole:FOLLOWER, 52e1c3a5-ad40-4f65-b13a-90cebad8bc80|rpc:10.1.0.4:15085|admin:10.1.0.4:15084|client:10.1.0.4:15083|dataStream:10.1.0.4:15086|priority:0|startupRole:FOLLOWER]|listeners:[], old=null
2023-09-12 21:06:13,970 [52e1c3a5-ad40-4f65-b13a-90cebad8bc80-groupManagement] INFO  server.RaftServer$Division (RaftServerImpl.java:setRole(329)) - 52e1c3a5-ad40-4f65-b13a-90cebad8bc80@group-1A2E6C5CC317: changes role from      null to FOLLOWER at term 0 for startAsFollower
2023-09-12 21:06:13,970 [52e1c3a5-ad40-4f65-b13a-90cebad8bc80-groupManagement] INFO  impl.RoleInfo (RoleInfo.java:updateAndGet(139)) - 52e1c3a5-ad40-4f65-b13a-90cebad8bc80: start 52e1c3a5-ad40-4f65-b13a-90cebad8bc80@group-1A2E6C5CC317-FollowerState
2023-09-12 21:06:13,970 [52e1c3a5-ad40-4f65-b13a-90cebad8bc80-groupManagement] INFO  util.JmxRegister (JmxRegister.java:tryRegister(44)) - Successfully registered JMX Bean with object name Ratis:service=RaftServer,group=group-1A2E6C5CC317,id=52e1c3a5-ad40-4f65-b13a-90cebad8bc80
2023-09-12 21:06:13,970 [52e1c3a5-ad40-4f65-b13a-90cebad8bc80-groupManagement] INFO  server.RaftServerConfigKeys (ConfUtils.java:logGet(46)) - raft.server.snapshot.auto.trigger.enabled = true (custom)
2023-09-12 21:06:13,970 [52e1c3a5-ad40-4f65-b13a-90cebad8bc80-groupManagement] INFO  server.RaftServerConfigKeys (ConfUtils.java:logGet(46)) - raft.server.snapshot.auto.trigger.threshold = 10000 (custom)
2023-09-12 21:06:13,970 [52e1c3a5-ad40-4f65-b13a-90cebad8bc80-groupManagement] INFO  server.RaftServerConfigKeys (ConfUtils.java:logGet(46)) - raft.server.snapshot.retention.file.num = 5 (custom)
2023-09-12 21:06:13,970 [52e1c3a5-ad40-4f65-b13a-90cebad8bc80-groupManagement] INFO  server.RaftServerConfigKeys (ConfUtils.java:logGet(46)) - raft.server.log.purge.upto.snapshot.index = false (default)
2023-09-12 21:06:13,971 [52e1c3a5-ad40-4f65-b13a-90cebad8bc80@group-1A2E6C5CC317-FollowerState] INFO  server.RaftServerConfigKeys (ConfUtils.java:logFallback(53)) - raft.server.rpc.first-election.timeout.min = 5s (fallback to raft.server.rpc.timeout.min)
2023-09-12 21:06:13,971 [52e1c3a5-ad40-4f65-b13a-90cebad8bc80@group-1A2E6C5CC317-FollowerState] INFO  server.RaftServerConfigKeys (ConfUtils.java:logFallback(53)) - raft.server.rpc.first-election.timeout.max = 5200ms (fallback to raft.server.rpc.timeout.max)
2023-09-12 21:06:13,982 [grpc-default-executor-12] INFO  server.RaftServer (RaftServerProxy.java:addNew(98)) - 406ee6b1-fa0c-4161-b052-c61e2a13dd66: addNew group-1A2E6C5CC317:[26fac33b-208f-4640-bb04-d749a6a7a791|rpc:10.1.0.4:15067|admin:10.1.0.4:15066|client:10.1.0.4:15065|dataStream:10.1.0.4:15068|priority:0|startupRole:FOLLOWER, 406ee6b1-fa0c-4161-b052-c61e2a13dd66|rpc:10.1.0.4:15076|admin:10.1.0.4:15075|client:10.1.0.4:15074|dataStream:10.1.0.4:15077|priority:1|startupRole:FOLLOWER, 52e1c3a5-ad40-4f65-b13a-90cebad8bc80|rpc:10.1.0.4:15085|admin:10.1.0.4:15084|client:10.1.0.4:15083|dataStream:10.1.0.4:15086|priority:0|startupRole:FOLLOWER] returns group-1A2E6C5CC317:java.util.concurrent.CompletableFuture@4582e121[Not completed]
2023-09-12 21:06:13,983 [406ee6b1-fa0c-4161-b052-c61e2a13dd66-groupManagement] INFO  server.RaftServer$Division (RaftServerImpl.java:<init>(198)) - 406ee6b1-fa0c-4161-b052-c61e2a13dd66: new RaftServerImpl for group-1A2E6C5CC317:[26fac33b-208f-4640-bb04-d749a6a7a791|rpc:10.1.0.4:15067|admin:10.1.0.4:15066|client:10.1.0.4:15065|dataStream:10.1.0.4:15068|priority:0|startupRole:FOLLOWER, 406ee6b1-fa0c-4161-b052-c61e2a13dd66|rpc:10.1.0.4:15076|admin:10.1.0.4:15075|client:10.1.0.4:15074|dataStream:10.1.0.4:15077|priority:1|startupRole:FOLLOWER, 52e1c3a5-ad40-4f65-b13a-90cebad8bc80|rpc:10.1.0.4:15085|admin:10.1.0.4:15084|client:10.1.0.4:15083|dataStream:10.1.0.4:15086|priority:0|startupRole:FOLLOWER] with ContainerStateMachine:uninitialized
2023-09-12 21:06:13,983 [406ee6b1-fa0c-4161-b052-c61e2a13dd66-groupManagement] INFO  server.RaftServerConfigKeys (ConfUtils.java:logGet(46)) - raft.server.rpc.timeout.min = 5s (custom)
2023-09-12 21:06:13,983 [406ee6b1-fa0c-4161-b052-c61e2a13dd66-groupManagement] INFO  server.RaftServerConfigKeys (ConfUtils.java:logGet(46)) - raft.server.rpc.timeout.max = 5200ms (custom)
2023-09-12 21:06:13,983 [406ee6b1-fa0c-4161-b052-c61e2a13dd66-groupManagement] INFO  server.RaftServerConfigKeys (ConfUtils.java:logGet(46)) - raft.server.rpc.sleep.time = 25ms (default)
2023-09-12 21:06:13,983 [406ee6b1-fa0c-4161-b052-c61e2a13dd66-groupManagement] INFO  server.RaftServerConfigKeys (ConfUtils.java:logGet(46)) - raft.server.rpc.slowness.timeout = 300000ms (custom)
2023-09-12 21:06:13,983 [406ee6b1-fa0c-4161-b052-c61e2a13dd66-groupManagement] INFO  server.RaftServerConfigKeys (ConfUtils.java:logGet(46)) - raft.server.leaderelection.leader.step-down.wait-time = 10s (default)
2023-09-12 21:06:13,983 [406ee6b1-fa0c-4161-b052-c61e2a13dd66-groupManagement] INFO  server.RaftServerConfigKeys (ConfUtils.java:logGet(46)) - raft.server.sleep.deviation.threshold = 300ms (default)
2023-09-12 21:06:13,983 [406ee6b1-fa0c-4161-b052-c61e2a13dd66-groupManagement] INFO  server.RaftServer$Division (ServerState.java:<init>(120)) - 406ee6b1-fa0c-4161-b052-c61e2a13dd66@group-1A2E6C5CC317: ConfigurationManager, init=-1: peers:[26fac33b-208f-4640-bb04-d749a6a7a791|rpc:10.1.0.4:15067|admin:10.1.0.4:15066|client:10.1.0.4:15065|dataStream:10.1.0.4:15068|priority:0|startupRole:FOLLOWER, 406ee6b1-fa0c-4161-b052-c61e2a13dd66|rpc:10.1.0.4:15076|admin:10.1.0.4:15075|client:10.1.0.4:15074|dataStream:10.1.0.4:15077|priority:1|startupRole:FOLLOWER, 52e1c3a5-ad40-4f65-b13a-90cebad8bc80|rpc:10.1.0.4:15085|admin:10.1.0.4:15084|client:10.1.0.4:15083|dataStream:10.1.0.4:15086|priority:0|startupRole:FOLLOWER]|listeners:[], old=null, confs=<EMPTY_MAP>
2023-09-12 21:06:13,983 [406ee6b1-fa0c-4161-b052-c61e2a13dd66-groupManagement] INFO  server.RaftServerConfigKeys (ConfUtils.java:logGet(46)) - raft.server.storage.dir = [/home/runner/work/ozone/ozone/hadoop-ozone/integration-test/target/test-dir/MiniOzoneClusterImpl-b2199f83-407c-4d6c-939a-90a6ee7b9086/datanode-1/data/ratis] (custom)
2023-09-12 21:06:13,983 [406ee6b1-fa0c-4161-b052-c61e2a13dd66-groupManagement] INFO  server.RaftServerConfigKeys (ConfUtils.java:logGet(46)) - raft.server.log.corruption.policy = EXCEPTION (default)
2023-09-12 21:06:13,983 [406ee6b1-fa0c-4161-b052-c61e2a13dd66-groupManagement] INFO  server.RaftServerConfigKeys (ConfUtils.java:logGet(46)) - raft.server.storage.free-space.min = 0MB (=0) (default)
2023-09-12 21:06:13,983 [406ee6b1-fa0c-4161-b052-c61e2a13dd66-groupManagement] INFO  server.RaftServerConfigKeys (ConfUtils.java:logGet(46)) - raft.server.notification.no-leader.timeout = 300000ms (custom)
2023-09-12 21:06:13,983 [406ee6b1-fa0c-4161-b052-c61e2a13dd66-groupManagement] INFO  server.RaftServerConfigKeys (ConfUtils.java:logGet(46)) - raft.server.read.timeout = 10s (default)
2023-09-12 21:06:13,984 [406ee6b1-fa0c-4161-b052-c61e2a13dd66-groupManagement] INFO  server.RaftServerConfigKeys (ConfUtils.java:logGet(46)) - raft.server.retrycache.expirytime = 600000ms (custom)
2023-09-12 21:06:13,984 [406ee6b1-fa0c-4161-b052-c61e2a13dd66-groupManagement] INFO  server.RaftServerConfigKeys (ConfUtils.java:logGet(46)) - raft.server.retrycache.statistics.expirytime = 100μs (default)
2023-09-12 21:06:13,984 [406ee6b1-fa0c-4161-b052-c61e2a13dd66-groupManagement] INFO  server.RaftServerConfigKeys (ConfUtils.java:logGet(46)) - raft.server.read.option = DEFAULT (default)
2023-09-12 21:06:13,984 [406ee6b1-fa0c-4161-b052-c61e2a13dd66-groupManagement] INFO  server.RaftServerConfigKeys (ConfUtils.java:logGet(46)) - raft.server.rpc.request.timeout = 3000ms (default)
2023-09-12 21:06:13,984 [406ee6b1-fa0c-4161-b052-c61e2a13dd66-groupManagement] INFO  server.RaftServerConfigKeys (ConfUtils.java:logGet(46)) - raft.server.log.appender.install.snapshot.enabled = false (custom)
2023-09-12 21:06:13,984 [406ee6b1-fa0c-4161-b052-c61e2a13dd66-groupManagement] INFO  server.RaftServerConfigKeys (ConfUtils.java:logGet(46)) - raft.server.threadpool.server.cached = true (default)
2023-09-12 21:06:13,984 [406ee6b1-fa0c-4161-b052-c61e2a13dd66-groupManagement] INFO  server.RaftServerConfigKeys (ConfUtils.java:logGet(46)) - raft.server.threadpool.server.size = 0 (default)
2023-09-12 21:06:13,984 [406ee6b1-fa0c-4161-b052-c61e2a13dd66-groupManagement] INFO  server.RaftServerConfigKeys (ConfUtils.java:logGet(46)) - raft.server.threadpool.client.cached = true (default)
2023-09-12 21:06:13,984 [406ee6b1-fa0c-4161-b052-c61e2a13dd66-groupManagement] INFO  server.RaftServerConfigKeys (ConfUtils.java:logGet(46)) - raft.server.threadpool.client.size = 0 (default)
2023-09-12 21:06:13,985 [406ee6b1-fa0c-4161-b052-c61e2a13dd66-groupManagement] INFO  storage.RaftStorageDirectory (RaftStorageDirectoryImpl.java:analyzeStorage(137)) - The storage directory /home/runner/work/ozone/ozone/hadoop-ozone/integration-test/target/test-dir/MiniOzoneClusterImpl-b2199f83-407c-4d6c-939a-90a6ee7b9086/datanode-1/data/ratis/0f81a6e3-614b-468d-ab00-1a2e6c5cc317 does not exist. Creating ...
2023-09-12 21:06:13,987 [406ee6b1-fa0c-4161-b052-c61e2a13dd66-groupManagement] INFO  storage.RaftStorageDirectory (RaftStorageDirectoryImpl.java:tryLock(231)) - Lock on /home/runner/work/ozone/ozone/hadoop-ozone/integration-test/target/test-dir/MiniOzoneClusterImpl-b2199f83-407c-4d6c-939a-90a6ee7b9086/datanode-1/data/ratis/0f81a6e3-614b-468d-ab00-1a2e6c5cc317/in_use.lock acquired by nodename 5540@fv-az740-690
2023-09-12 21:06:13,988 [406ee6b1-fa0c-4161-b052-c61e2a13dd66-groupManagement] INFO  storage.RaftStorage (RaftStorageImpl.java:format(96)) - Storage directory /home/runner/work/ozone/ozone/hadoop-ozone/integration-test/target/test-dir/MiniOzoneClusterImpl-b2199f83-407c-4d6c-939a-90a6ee7b9086/datanode-1/data/ratis/0f81a6e3-614b-468d-ab00-1a2e6c5cc317 has been successfully formatted.
2023-09-12 21:06:13,988 [406ee6b1-fa0c-4161-b052-c61e2a13dd66-groupManagement] INFO  ratis.ContainerStateMachine (ContainerStateMachine.java:loadSnapshot(262)) - group-1A2E6C5CC317: The snapshot info is null. Setting the last applied indexto:(t:0, i:~)
2023-09-12 21:06:13,988 [406ee6b1-fa0c-4161-b052-c61e2a13dd66-groupManagement] INFO  server.RaftServerConfigKeys (ConfUtils.java:logGet(46)) - raft.server.log.use.memory = false (default)
2023-09-12 21:06:13,988 [406ee6b1-fa0c-4161-b052-c61e2a13dd66-groupManagement] INFO  server.RaftServerConfigKeys (ConfUtils.java:logGet(46)) - raft.server.log.purge.gap = 1000000 (custom)
2023-09-12 21:06:13,988 [406ee6b1-fa0c-4161-b052-c61e2a13dd66-groupManagement] INFO  server.RaftServerConfigKeys (ConfUtils.java:logGet(46)) - raft.server.log.appender.buffer.byte-limit = 33554432 (custom)
2023-09-12 21:06:13,989 [406ee6b1-fa0c-4161-b052-c61e2a13dd66-groupManagement] INFO  server.RaftServerConfigKeys (ConfUtils.java:logGet(46)) - raft.server.log.statemachine.data.read.timeout = 1000ms (default)
2023-09-12 21:06:13,989 [406ee6b1-fa0c-4161-b052-c61e2a13dd66-groupManagement] INFO  server.RaftServerConfigKeys (ConfUtils.java:logGet(46)) - raft.server.log.purge.preservation.log.num = 0 (default)
2023-09-12 21:06:13,989 [406ee6b1-fa0c-4161-b052-c61e2a13dd66-groupManagement] INFO  server.RaftServerConfigKeys (ConfUtils.java:logGet(46)) - raft.server.log.segment.size.max = 1048576 (custom)
2023-09-12 21:06:13,989 [406ee6b1-fa0c-4161-b052-c61e2a13dd66-groupManagement] INFO  server.RaftServerConfigKeys (ConfUtils.java:logGet(46)) - raft.server.log.segment.cache.num.max = 2 (custom)
2023-09-12 21:06:13,989 [406ee6b1-fa0c-4161-b052-c61e2a13dd66-groupManagement] INFO  server.RaftServerConfigKeys (ConfUtils.java:logGet(46)) - raft.server.log.segment.cache.size.max = 200MB (=209715200) (default)
2023-09-12 21:06:13,989 [406ee6b1-fa0c-4161-b052-c61e2a13dd66-groupManagement] INFO  server.RaftServerConfigKeys (ConfUtils.java:logGet(46)) - raft.server.log.appender.buffer.byte-limit = 33554432 (custom)
2023-09-12 21:06:13,989 [406ee6b1-fa0c-4161-b052-c61e2a13dd66-groupManagement] INFO  segmented.SegmentedRaftLogWorker (SegmentedRaftLogWorker.java:<init>(188)) - new 406ee6b1-fa0c-4161-b052-c61e2a13dd66@group-1A2E6C5CC317-SegmentedRaftLogWorker for RaftStorageImpl:Storage Directory /home/runner/work/ozone/ozone/hadoop-ozone/integration-test/target/test-dir/MiniOzoneClusterImpl-b2199f83-407c-4d6c-939a-90a6ee7b9086/datanode-1/data/ratis/0f81a6e3-614b-468d-ab00-1a2e6c5cc317
2023-09-12 21:06:13,990 [406ee6b1-fa0c-4161-b052-c61e2a13dd66-groupManagement] INFO  server.RaftServerConfigKeys (ConfUtils.java:logGet(46)) - raft.server.log.queue.byte-limit = 4294967296 (custom)
2023-09-12 21:06:13,990 [406ee6b1-fa0c-4161-b052-c61e2a13dd66-groupManagement] INFO  server.RaftServerConfigKeys (ConfUtils.java:logGet(46)) - raft.server.log.queue.element-limit = 1024 (custom)
2023-09-12 21:06:13,990 [406ee6b1-fa0c-4161-b052-c61e2a13dd66-groupManagement] INFO  server.RaftServerConfigKeys (ConfUtils.java:logGet(46)) - raft.server.log.segment.size.max = 1048576 (custom)
2023-09-12 21:06:13,990 [406ee6b1-fa0c-4161-b052-c61e2a13dd66-groupManagement] INFO  server.RaftServerConfigKeys (ConfUtils.java:logGet(46)) - raft.server.log.preallocated.size = 16384 (custom)
2023-09-12 21:06:13,990 [406ee6b1-fa0c-4161-b052-c61e2a13dd66-groupManagement] INFO  server.RaftServerConfigKeys (ConfUtils.java:logGet(46)) - raft.server.log.force.sync.num = 128 (default)
2023-09-12 21:06:13,990 [406ee6b1-fa0c-4161-b052-c61e2a13dd66-groupManagement] INFO  server.RaftServerConfigKeys (ConfUtils.java:logGet(46)) - raft.server.log.statemachine.data.sync = true (default)
2023-09-12 21:06:13,990 [406ee6b1-fa0c-4161-b052-c61e2a13dd66-groupManagement] INFO  server.RaftServerConfigKeys (ConfUtils.java:logGet(46)) - raft.server.log.statemachine.data.sync.timeout = 10s (default)
2023-09-12 21:06:13,990 [406ee6b1-fa0c-4161-b052-c61e2a13dd66-groupManagement] INFO  server.RaftServerConfigKeys (ConfUtils.java:logGet(46)) - raft.server.log.statemachine.data.sync.timeout.retry = -1 (default)
2023-09-12 21:06:13,991 [406ee6b1-fa0c-4161-b052-c61e2a13dd66-groupManagement] INFO  server.RaftServerConfigKeys (ConfUtils.java:logGet(46)) - raft.server.log.write.buffer.size = 1048576 (custom)
2023-09-12 21:06:13,991 [406ee6b1-fa0c-4161-b052-c61e2a13dd66-groupManagement] INFO  server.RaftServerConfigKeys (ConfUtils.java:logGet(46)) - raft.server.log.appender.buffer.byte-limit = 33554432 (custom)
2023-09-12 21:06:13,994 [406ee6b1-fa0c-4161-b052-c61e2a13dd66-groupManagement] INFO  server.RaftServerConfigKeys (ConfUtils.java:logGet(46)) - raft.server.log.unsafe-flush.enabled = false (default)
2023-09-12 21:06:13,994 [406ee6b1-fa0c-4161-b052-c61e2a13dd66-groupManagement] INFO  server.RaftServerConfigKeys (ConfUtils.java:logGet(46)) - raft.server.log.async-flush.enabled = false (default)
2023-09-12 21:06:13,994 [406ee6b1-fa0c-4161-b052-c61e2a13dd66-groupManagement] INFO  server.RaftServerConfigKeys (ConfUtils.java:logGet(46)) - raft.server.log.statemachine.data.caching.enabled = true (custom)
2023-09-12 21:06:13,995 [406ee6b1-fa0c-4161-b052-c61e2a13dd66-groupManagement] INFO  segmented.SegmentedRaftLogWorker (SegmentedRaftLogWorker.java:lambda$new$0(135)) - 406ee6b1-fa0c-4161-b052-c61e2a13dd66@group-1A2E6C5CC317-SegmentedRaftLogWorker: flushIndex: setUnconditionally 0 -> -1
2023-09-12 21:06:13,995 [406ee6b1-fa0c-4161-b052-c61e2a13dd66-groupManagement] INFO  segmented.SegmentedRaftLogWorker (SegmentedRaftLogWorker.java:lambda$new$0(135)) - 406ee6b1-fa0c-4161-b052-c61e2a13dd66@group-1A2E6C5CC317-SegmentedRaftLogWorker: safeCacheEvictIndex: setUnconditionally 0 -> -1
2023-09-12 21:06:13,995 [406ee6b1-fa0c-4161-b052-c61e2a13dd66-groupManagement] INFO  server.RaftServer$Division (RaftServerImpl.java:start(342)) - 406ee6b1-fa0c-4161-b052-c61e2a13dd66@group-1A2E6C5CC317: start as a follower, conf=-1: peers:[26fac33b-208f-4640-bb04-d749a6a7a791|rpc:10.1.0.4:15067|admin:10.1.0.4:15066|client:10.1.0.4:15065|dataStream:10.1.0.4:15068|priority:0|startupRole:FOLLOWER, 406ee6b1-fa0c-4161-b052-c61e2a13dd66|rpc:10.1.0.4:15076|admin:10.1.0.4:15075|client:10.1.0.4:15074|dataStream:10.1.0.4:15077|priority:1|startupRole:FOLLOWER, 52e1c3a5-ad40-4f65-b13a-90cebad8bc80|rpc:10.1.0.4:15085|admin:10.1.0.4:15084|client:10.1.0.4:15083|dataStream:10.1.0.4:15086|priority:0|startupRole:FOLLOWER]|listeners:[], old=null
2023-09-12 21:06:13,995 [406ee6b1-fa0c-4161-b052-c61e2a13dd66-groupManagement] INFO  server.RaftServer$Division (RaftServerImpl.java:setRole(329)) - 406ee6b1-fa0c-4161-b052-c61e2a13dd66@group-1A2E6C5CC317: changes role from      null to FOLLOWER at term 0 for startAsFollower
2023-09-12 21:06:13,995 [406ee6b1-fa0c-4161-b052-c61e2a13dd66-groupManagement] INFO  impl.RoleInfo (RoleInfo.java:updateAndGet(139)) - 406ee6b1-fa0c-4161-b052-c61e2a13dd66: start 406ee6b1-fa0c-4161-b052-c61e2a13dd66@group-1A2E6C5CC317-FollowerState
2023-09-12 21:06:13,995 [406ee6b1-fa0c-4161-b052-c61e2a13dd66@group-1A2E6C5CC317-FollowerState] INFO  server.RaftServerConfigKeys (ConfUtils.java:logFallback(53)) - raft.server.rpc.first-election.timeout.min = 5s (fallback to raft.server.rpc.timeout.min)
2023-09-12 21:06:13,997 [406ee6b1-fa0c-4161-b052-c61e2a13dd66-groupManagement] INFO  util.JmxRegister (JmxRegister.java:tryRegister(44)) - Successfully registered JMX Bean with object name Ratis:service=RaftServer,group=group-1A2E6C5CC317,id=406ee6b1-fa0c-4161-b052-c61e2a13dd66
2023-09-12 21:06:13,997 [406ee6b1-fa0c-4161-b052-c61e2a13dd66@group-1A2E6C5CC317-FollowerState] INFO  server.RaftServerConfigKeys (ConfUtils.java:logFallback(53)) - raft.server.rpc.first-election.timeout.max = 5200ms (fallback to raft.server.rpc.timeout.max)
2023-09-12 21:06:13,997 [406ee6b1-fa0c-4161-b052-c61e2a13dd66-groupManagement] INFO  server.RaftServerConfigKeys (ConfUtils.java:logGet(46)) - raft.server.snapshot.auto.trigger.enabled = true (custom)
2023-09-12 21:06:13,997 [406ee6b1-fa0c-4161-b052-c61e2a13dd66-groupManagement] INFO  server.RaftServerConfigKeys (ConfUtils.java:logGet(46)) - raft.server.snapshot.auto.trigger.threshold = 10000 (custom)
2023-09-12 21:06:13,997 [406ee6b1-fa0c-4161-b052-c61e2a13dd66-groupManagement] INFO  server.RaftServerConfigKeys (ConfUtils.java:logGet(46)) - raft.server.snapshot.retention.file.num = 5 (custom)
2023-09-12 21:06:13,997 [406ee6b1-fa0c-4161-b052-c61e2a13dd66-groupManagement] INFO  server.RaftServerConfigKeys (ConfUtils.java:logGet(46)) - raft.server.log.purge.upto.snapshot.index = false (default)
2023-09-12 21:06:14,005 [PipelineCommandHandlerThread-0] INFO  commandhandler.CreatePipelineCommandHandler (CreatePipelineCommandHandler.java:lambda$handle$2(124)) - Created Pipeline RATIS THREE PipelineID=0f81a6e3-614b-468d-ab00-1a2e6c5cc317.
2023-09-12 21:06:14,005 [JUnit] INFO  ozone.MiniOzoneClusterImpl (MiniOzoneClusterImpl.java:lambda$waitForClusterToBeReady$0(224)) - Nodes are ready. Got 5 of 5 DN Heartbeats.
2023-09-12 21:06:14,006 [JUnit] INFO  ozone.MiniOzoneClusterImpl (MiniOzoneClusterImpl.java:lambda$waitForClusterToBeReady$0(227)) - Waiting for cluster to exit safe mode
2023-09-12 21:06:14,006 [JUnit] INFO  ozone.MiniOzoneClusterImpl (MiniOzoneClusterImpl.java:lambda$waitForClusterToBeReady$0(229)) - SCM became leader
2023-09-12 21:06:14,119 [PipelineCommandHandlerThread-0] INFO  server.RaftServer (RaftServerProxy.java:addNew(98)) - 406ee6b1-fa0c-4161-b052-c61e2a13dd66: addNew group-3D78B1CF03C5:[406ee6b1-fa0c-4161-b052-c61e2a13dd66|rpc:10.1.0.4:15076|admin:10.1.0.4:15075|client:10.1.0.4:15074|dataStream:10.1.0.4:15077|priority:1|startupRole:FOLLOWER] returns group-3D78B1CF03C5:java.util.concurrent.CompletableFuture@5e5ca3d0[Not completed]
2023-09-12 21:06:14,119 [406ee6b1-fa0c-4161-b052-c61e2a13dd66-groupManagement] INFO  server.RaftServer$Division (RaftServerImpl.java:<init>(198)) - 406ee6b1-fa0c-4161-b052-c61e2a13dd66: new RaftServerImpl for group-3D78B1CF03C5:[406ee6b1-fa0c-4161-b052-c61e2a13dd66|rpc:10.1.0.4:15076|admin:10.1.0.4:15075|client:10.1.0.4:15074|dataStream:10.1.0.4:15077|priority:1|startupRole:FOLLOWER] with ContainerStateMachine:uninitialized
2023-09-12 21:06:14,120 [406ee6b1-fa0c-4161-b052-c61e2a13dd66-groupManagement] INFO  server.RaftServerConfigKeys (ConfUtils.java:logGet(46)) - raft.server.rpc.timeout.min = 5s (custom)
2023-09-12 21:06:14,120 [406ee6b1-fa0c-4161-b052-c61e2a13dd66-groupManagement] INFO  server.RaftServerConfigKeys (ConfUtils.java:logGet(46)) - raft.server.rpc.timeout.max = 5200ms (custom)
2023-09-12 21:06:14,120 [406ee6b1-fa0c-4161-b052-c61e2a13dd66-groupManagement] INFO  server.RaftServerConfigKeys (ConfUtils.java:logGet(46)) - raft.server.rpc.sleep.time = 25ms (default)
2023-09-12 21:06:14,120 [406ee6b1-fa0c-4161-b052-c61e2a13dd66-groupManagement] INFO  server.RaftServerConfigKeys (ConfUtils.java:logGet(46)) - raft.server.rpc.slowness.timeout = 300000ms (custom)
2023-09-12 21:06:14,120 [406ee6b1-fa0c-4161-b052-c61e2a13dd66-groupManagement] INFO  server.RaftServerConfigKeys (ConfUtils.java:logGet(46)) - raft.server.leaderelection.leader.step-down.wait-time = 10s (default)
2023-09-12 21:06:14,120 [406ee6b1-fa0c-4161-b052-c61e2a13dd66-groupManagement] INFO  server.RaftServerConfigKeys (ConfUtils.java:logGet(46)) - raft.server.sleep.deviation.threshold = 300ms (default)
2023-09-12 21:06:14,120 [406ee6b1-fa0c-4161-b052-c61e2a13dd66-groupManagement] INFO  server.RaftServer$Division (ServerState.java:<init>(120)) - 406ee6b1-fa0c-4161-b052-c61e2a13dd66@group-3D78B1CF03C5: ConfigurationManager, init=-1: peers:[406ee6b1-fa0c-4161-b052-c61e2a13dd66|rpc:10.1.0.4:15076|admin:10.1.0.4:15075|client:10.1.0.4:15074|dataStream:10.1.0.4:15077|priority:1|startupRole:FOLLOWER]|listeners:[], old=null, confs=<EMPTY_MAP>
2023-09-12 21:06:14,120 [406ee6b1-fa0c-4161-b052-c61e2a13dd66-groupManagement] INFO  server.RaftServerConfigKeys (ConfUtils.java:logGet(46)) - raft.server.storage.dir = [/home/runner/work/ozone/ozone/hadoop-ozone/integration-test/target/test-dir/MiniOzoneClusterImpl-b2199f83-407c-4d6c-939a-90a6ee7b9086/datanode-1/data/ratis] (custom)
2023-09-12 21:06:14,120 [406ee6b1-fa0c-4161-b052-c61e2a13dd66-groupManagement] INFO  server.RaftServerConfigKeys (ConfUtils.java:logGet(46)) - raft.server.log.corruption.policy = EXCEPTION (default)
2023-09-12 21:06:14,120 [406ee6b1-fa0c-4161-b052-c61e2a13dd66-groupManagement] INFO  server.RaftServerConfigKeys (ConfUtils.java:logGet(46)) - raft.server.storage.free-space.min = 0MB (=0) (default)
2023-09-12 21:06:14,120 [406ee6b1-fa0c-4161-b052-c61e2a13dd66-groupManagement] INFO  server.RaftServerConfigKeys (ConfUtils.java:logGet(46)) - raft.server.notification.no-leader.timeout = 300000ms (custom)
2023-09-12 21:06:14,120 [406ee6b1-fa0c-4161-b052-c61e2a13dd66-groupManagement] INFO  server.RaftServerConfigKeys (ConfUtils.java:logGet(46)) - raft.server.read.timeout = 10s (default)
2023-09-12 21:06:14,120 [406ee6b1-fa0c-4161-b052-c61e2a13dd66-groupManagement] INFO  server.RaftServerConfigKeys (ConfUtils.java:logGet(46)) - raft.server.retrycache.expirytime = 600000ms (custom)
2023-09-12 21:06:14,120 [406ee6b1-fa0c-4161-b052-c61e2a13dd66-groupManagement] INFO  server.RaftServerConfigKeys (ConfUtils.java:logGet(46)) - raft.server.retrycache.statistics.expirytime = 100μs (default)
2023-09-12 21:06:14,120 [406ee6b1-fa0c-4161-b052-c61e2a13dd66-groupManagement] INFO  server.RaftServerConfigKeys (ConfUtils.java:logGet(46)) - raft.server.read.option = DEFAULT (default)
2023-09-12 21:06:14,121 [406ee6b1-fa0c-4161-b052-c61e2a13dd66-groupManagement] INFO  server.RaftServerConfigKeys (ConfUtils.java:logGet(46)) - raft.server.rpc.request.timeout = 3000ms (default)
2023-09-12 21:06:14,121 [406ee6b1-fa0c-4161-b052-c61e2a13dd66-groupManagement] INFO  server.RaftServerConfigKeys (ConfUtils.java:logGet(46)) - raft.server.log.appender.install.snapshot.enabled = false (custom)
2023-09-12 21:06:14,121 [406ee6b1-fa0c-4161-b052-c61e2a13dd66-groupManagement] INFO  server.RaftServerConfigKeys (ConfUtils.java:logGet(46)) - raft.server.threadpool.server.cached = true (default)
2023-09-12 21:06:14,121 [406ee6b1-fa0c-4161-b052-c61e2a13dd66-groupManagement] INFO  server.RaftServerConfigKeys (ConfUtils.java:logGet(46)) - raft.server.threadpool.server.size = 0 (default)
2023-09-12 21:06:14,121 [406ee6b1-fa0c-4161-b052-c61e2a13dd66-groupManagement] INFO  server.RaftServerConfigKeys (ConfUtils.java:logGet(46)) - raft.server.threadpool.client.cached = true (default)
2023-09-12 21:06:14,121 [406ee6b1-fa0c-4161-b052-c61e2a13dd66-groupManagement] INFO  server.RaftServerConfigKeys (ConfUtils.java:logGet(46)) - raft.server.threadpool.client.size = 0 (default)
2023-09-12 21:06:14,121 [406ee6b1-fa0c-4161-b052-c61e2a13dd66-groupManagement] INFO  storage.RaftStorageDirectory (RaftStorageDirectoryImpl.java:analyzeStorage(137)) - The storage directory /home/runner/work/ozone/ozone/hadoop-ozone/integration-test/target/test-dir/MiniOzoneClusterImpl-b2199f83-407c-4d6c-939a-90a6ee7b9086/datanode-1/data/ratis/91b31b01-0ade-462e-8fbd-3d78b1cf03c5 does not exist. Creating ...
2023-09-12 21:06:14,126 [406ee6b1-fa0c-4161-b052-c61e2a13dd66-groupManagement] INFO  storage.RaftStorageDirectory (RaftStorageDirectoryImpl.java:tryLock(231)) - Lock on /home/runner/work/ozone/ozone/hadoop-ozone/integration-test/target/test-dir/MiniOzoneClusterImpl-b2199f83-407c-4d6c-939a-90a6ee7b9086/datanode-1/data/ratis/91b31b01-0ade-462e-8fbd-3d78b1cf03c5/in_use.lock acquired by nodename 5540@fv-az740-690
2023-09-12 21:06:14,128 [406ee6b1-fa0c-4161-b052-c61e2a13dd66-groupManagement] INFO  storage.RaftStorage (RaftStorageImpl.java:format(96)) - Storage directory /home/runner/work/ozone/ozone/hadoop-ozone/integration-test/target/test-dir/MiniOzoneClusterImpl-b2199f83-407c-4d6c-939a-90a6ee7b9086/datanode-1/data/ratis/91b31b01-0ade-462e-8fbd-3d78b1cf03c5 has been successfully formatted.
2023-09-12 21:06:14,129 [406ee6b1-fa0c-4161-b052-c61e2a13dd66-groupManagement] INFO  ratis.ContainerStateMachine (ContainerStateMachine.java:loadSnapshot(262)) - group-3D78B1CF03C5: The snapshot info is null. Setting the last applied indexto:(t:0, i:~)
2023-09-12 21:06:14,129 [406ee6b1-fa0c-4161-b052-c61e2a13dd66-groupManagement] INFO  server.RaftServerConfigKeys (ConfUtils.java:logGet(46)) - raft.server.log.use.memory = false (default)
2023-09-12 21:06:14,129 [406ee6b1-fa0c-4161-b052-c61e2a13dd66-groupManagement] INFO  server.RaftServerConfigKeys (ConfUtils.java:logGet(46)) - raft.server.log.purge.gap = 1000000 (custom)
2023-09-12 21:06:14,129 [406ee6b1-fa0c-4161-b052-c61e2a13dd66-groupManagement] INFO  server.RaftServerConfigKeys (ConfUtils.java:logGet(46)) - raft.server.log.appender.buffer.byte-limit = 33554432 (custom)
2023-09-12 21:06:14,129 [406ee6b1-fa0c-4161-b052-c61e2a13dd66-groupManagement] INFO  server.RaftServerConfigKeys (ConfUtils.java:logGet(46)) - raft.server.log.statemachine.data.read.timeout = 1000ms (default)
2023-09-12 21:06:14,129 [406ee6b1-fa0c-4161-b052-c61e2a13dd66-groupManagement] INFO  server.RaftServerConfigKeys (ConfUtils.java:logGet(46)) - raft.server.log.purge.preservation.log.num = 0 (default)
2023-09-12 21:06:14,129 [406ee6b1-fa0c-4161-b052-c61e2a13dd66-groupManagement] INFO  server.RaftServerConfigKeys (ConfUtils.java:logGet(46)) - raft.server.log.segment.size.max = 1048576 (custom)
2023-09-12 21:06:14,130 [406ee6b1-fa0c-4161-b052-c61e2a13dd66-groupManagement] INFO  server.RaftServerConfigKeys (ConfUtils.java:logGet(46)) - raft.server.log.segment.cache.num.max = 2 (custom)
2023-09-12 21:06:14,130 [406ee6b1-fa0c-4161-b052-c61e2a13dd66-groupManagement] INFO  server.RaftServerConfigKeys (ConfUtils.java:logGet(46)) - raft.server.log.segment.cache.size.max = 200MB (=209715200) (default)
2023-09-12 21:06:14,130 [406ee6b1-fa0c-4161-b052-c61e2a13dd66-groupManagement] INFO  server.RaftServerConfigKeys (ConfUtils.java:logGet(46)) - raft.server.log.appender.buffer.byte-limit = 33554432 (custom)
2023-09-12 21:06:14,130 [406ee6b1-fa0c-4161-b052-c61e2a13dd66-groupManagement] INFO  segmented.SegmentedRaftLogWorker (SegmentedRaftLogWorker.java:<init>(188)) - new 406ee6b1-fa0c-4161-b052-c61e2a13dd66@group-3D78B1CF03C5-SegmentedRaftLogWorker for RaftStorageImpl:Storage Directory /home/runner/work/ozone/ozone/hadoop-ozone/integration-test/target/test-dir/MiniOzoneClusterImpl-b2199f83-407c-4d6c-939a-90a6ee7b9086/datanode-1/data/ratis/91b31b01-0ade-462e-8fbd-3d78b1cf03c5
2023-09-12 21:06:14,130 [EventQueue-PipelineReportForPipelineReportHandler] INFO  pipeline.PipelineReportHandler (PipelineReportHandler.java:processPipelineReport(136)) - Opened pipeline PipelineID=91b31b01-0ade-462e-8fbd-3d78b1cf03c5
2023-09-12 21:06:14,130 [406ee6b1-fa0c-4161-b052-c61e2a13dd66-groupManagement] INFO  server.RaftServerConfigKeys (ConfUtils.java:logGet(46)) - raft.server.log.queue.byte-limit = 4294967296 (custom)
2023-09-12 21:06:14,130 [406ee6b1-fa0c-4161-b052-c61e2a13dd66-groupManagement] INFO  server.RaftServerConfigKeys (ConfUtils.java:logGet(46)) - raft.server.log.queue.element-limit = 1024 (custom)
2023-09-12 21:06:14,130 [EventQueue-OpenPipelineForHealthyPipelineSafeModeRule] INFO  safemode.SCMSafeModeManager (HealthyPipelineSafeModeRule.java:process(137)) - SCM in safe mode. Healthy pipelines reported count is 0, required healthy pipeline reported count is 1
2023-09-12 21:06:14,130 [406ee6b1-fa0c-4161-b052-c61e2a13dd66-groupManagement] INFO  server.RaftServerConfigKeys (ConfUtils.java:logGet(46)) - raft.server.log.segment.size.max = 1048576 (custom)
2023-09-12 21:06:14,130 [406ee6b1-fa0c-4161-b052-c61e2a13dd66-groupManagement] INFO  server.RaftServerConfigKeys (ConfUtils.java:logGet(46)) - raft.server.log.preallocated.size = 16384 (custom)
2023-09-12 21:06:14,130 [406ee6b1-fa0c-4161-b052-c61e2a13dd66-groupManagement] INFO  server.RaftServerConfigKeys (ConfUtils.java:logGet(46)) - raft.server.log.force.sync.num = 128 (default)
2023-09-12 21:06:14,131 [406ee6b1-fa0c-4161-b052-c61e2a13dd66-groupManagement] INFO  server.RaftServerConfigKeys (ConfUtils.java:logGet(46)) - raft.server.log.statemachine.data.sync = true (default)
2023-09-12 21:06:14,131 [406ee6b1-fa0c-4161-b052-c61e2a13dd66-groupManagement] INFO  server.RaftServerConfigKeys (ConfUtils.java:logGet(46)) - raft.server.log.statemachine.data.sync.timeout = 10s (default)
2023-09-12 21:06:14,131 [406ee6b1-fa0c-4161-b052-c61e2a13dd66-groupManagement] INFO  server.RaftServerConfigKeys (ConfUtils.java:logGet(46)) - raft.server.log.statemachine.data.sync.timeout.retry = -1 (default)
2023-09-12 21:06:14,131 [406ee6b1-fa0c-4161-b052-c61e2a13dd66-groupManagement] INFO  server.RaftServerConfigKeys (ConfUtils.java:logGet(46)) - raft.server.log.write.buffer.size = 1048576 (custom)
2023-09-12 21:06:14,132 [406ee6b1-fa0c-4161-b052-c61e2a13dd66-groupManagement] INFO  server.RaftServerConfigKeys (ConfUtils.java:logGet(46)) - raft.server.log.appender.buffer.byte-limit = 33554432 (custom)
2023-09-12 21:06:14,135 [406ee6b1-fa0c-4161-b052-c61e2a13dd66-groupManagement] INFO  server.RaftServerConfigKeys (ConfUtils.java:logGet(46)) - raft.server.log.unsafe-flush.enabled = false (default)
2023-09-12 21:06:14,135 [406ee6b1-fa0c-4161-b052-c61e2a13dd66-groupManagement] INFO  server.RaftServerConfigKeys (ConfUtils.java:logGet(46)) - raft.server.log.async-flush.enabled = false (default)
2023-09-12 21:06:14,135 [406ee6b1-fa0c-4161-b052-c61e2a13dd66-groupManagement] INFO  server.RaftServerConfigKeys (ConfUtils.java:logGet(46)) - raft.server.log.statemachine.data.caching.enabled = true (custom)
2023-09-12 21:06:14,135 [406ee6b1-fa0c-4161-b052-c61e2a13dd66-groupManagement] INFO  segmented.SegmentedRaftLogWorker (SegmentedRaftLogWorker.java:lambda$new$0(135)) - 406ee6b1-fa0c-4161-b052-c61e2a13dd66@group-3D78B1CF03C5-SegmentedRaftLogWorker: flushIndex: setUnconditionally 0 -> -1
2023-09-12 21:06:14,135 [406ee6b1-fa0c-4161-b052-c61e2a13dd66-groupManagement] INFO  segmented.SegmentedRaftLogWorker (SegmentedRaftLogWorker.java:lambda$new$0(135)) - 406ee6b1-fa0c-4161-b052-c61e2a13dd66@group-3D78B1CF03C5-SegmentedRaftLogWorker: safeCacheEvictIndex: setUnconditionally 0 -> -1
2023-09-12 21:06:14,135 [406ee6b1-fa0c-4161-b052-c61e2a13dd66-groupManagement] INFO  server.RaftServer$Division (RaftServerImpl.java:start(342)) - 406ee6b1-fa0c-4161-b052-c61e2a13dd66@group-3D78B1CF03C5: start as a follower, conf=-1: peers:[406ee6b1-fa0c-4161-b052-c61e2a13dd66|rpc:10.1.0.4:15076|admin:10.1.0.4:15075|client:10.1.0.4:15074|dataStream:10.1.0.4:15077|priority:1|startupRole:FOLLOWER]|listeners:[], old=null
2023-09-12 21:06:14,135 [406ee6b1-fa0c-4161-b052-c61e2a13dd66-groupManagement] INFO  server.RaftServer$Division (RaftServerImpl.java:setRole(329)) - 406ee6b1-fa0c-4161-b052-c61e2a13dd66@group-3D78B1CF03C5: changes role from      null to FOLLOWER at term 0 for startAsFollower
2023-09-12 21:06:14,135 [406ee6b1-fa0c-4161-b052-c61e2a13dd66-groupManagement] INFO  impl.RoleInfo (RoleInfo.java:updateAndGet(139)) - 406ee6b1-fa0c-4161-b052-c61e2a13dd66: start 406ee6b1-fa0c-4161-b052-c61e2a13dd66@group-3D78B1CF03C5-FollowerState
2023-09-12 21:06:14,136 [406ee6b1-fa0c-4161-b052-c61e2a13dd66-groupManagement] INFO  util.JmxRegister (JmxRegister.java:tryRegister(44)) - Successfully registered JMX Bean with object name Ratis:service=RaftServer,group=group-3D78B1CF03C5,id=406ee6b1-fa0c-4161-b052-c61e2a13dd66
2023-09-12 21:06:14,136 [406ee6b1-fa0c-4161-b052-c61e2a13dd66@group-3D78B1CF03C5-FollowerState] INFO  server.RaftServerConfigKeys (ConfUtils.java:logFallback(53)) - raft.server.rpc.first-election.timeout.min = 5s (fallback to raft.server.rpc.timeout.min)
2023-09-12 21:06:14,136 [406ee6b1-fa0c-4161-b052-c61e2a13dd66-groupManagement] INFO  server.RaftServerConfigKeys (ConfUtils.java:logGet(46)) - raft.server.snapshot.auto.trigger.enabled = true (custom)
2023-09-12 21:06:14,136 [406ee6b1-fa0c-4161-b052-c61e2a13dd66@group-3D78B1CF03C5-FollowerState] INFO  server.RaftServerConfigKeys (ConfUtils.java:logFallback(53)) - raft.server.rpc.first-election.timeout.max = 5200ms (fallback to raft.server.rpc.timeout.max)
2023-09-12 21:06:14,136 [406ee6b1-fa0c-4161-b052-c61e2a13dd66-groupManagement] INFO  server.RaftServerConfigKeys (ConfUtils.java:logGet(46)) - raft.server.snapshot.auto.trigger.threshold = 10000 (custom)
2023-09-12 21:06:14,136 [406ee6b1-fa0c-4161-b052-c61e2a13dd66-groupManagement] INFO  server.RaftServerConfigKeys (ConfUtils.java:logGet(46)) - raft.server.snapshot.retention.file.num = 5 (custom)
2023-09-12 21:06:14,136 [406ee6b1-fa0c-4161-b052-c61e2a13dd66-groupManagement] INFO  server.RaftServerConfigKeys (ConfUtils.java:logGet(46)) - raft.server.log.purge.upto.snapshot.index = false (default)
2023-09-12 21:06:14,143 [PipelineCommandHandlerThread-0] INFO  ratis.XceiverServerRatis (XceiverServerRatis.java:addGroup(804)) - Created group PipelineID=91b31b01-0ade-462e-8fbd-3d78b1cf03c5
2023-09-12 21:06:14,143 [PipelineCommandHandlerThread-0] INFO  commandhandler.CreatePipelineCommandHandler (CreatePipelineCommandHandler.java:lambda$handle$2(124)) - Created Pipeline RATIS ONE PipelineID=91b31b01-0ade-462e-8fbd-3d78b1cf03c5.
2023-09-12 21:06:14,391 [PipelineCommandHandlerThread-0] INFO  server.RaftServer (RaftServerProxy.java:addNew(98)) - 52e1c3a5-ad40-4f65-b13a-90cebad8bc80: addNew group-D30D9E24B3FB:[52e1c3a5-ad40-4f65-b13a-90cebad8bc80|rpc:10.1.0.4:15085|admin:10.1.0.4:15084|client:10.1.0.4:15083|dataStream:10.1.0.4:15086|priority:1|startupRole:FOLLOWER] returns group-D30D9E24B3FB:java.util.concurrent.CompletableFuture@2a350180[Not completed]
2023-09-12 21:06:14,392 [52e1c3a5-ad40-4f65-b13a-90cebad8bc80-groupManagement] INFO  server.RaftServer$Division (RaftServerImpl.java:<init>(198)) - 52e1c3a5-ad40-4f65-b13a-90cebad8bc80: new RaftServerImpl for group-D30D9E24B3FB:[52e1c3a5-ad40-4f65-b13a-90cebad8bc80|rpc:10.1.0.4:15085|admin:10.1.0.4:15084|client:10.1.0.4:15083|dataStream:10.1.0.4:15086|priority:1|startupRole:FOLLOWER] with ContainerStateMachine:uninitialized
2023-09-12 21:06:14,392 [52e1c3a5-ad40-4f65-b13a-90cebad8bc80-groupManagement] INFO  server.RaftServerConfigKeys (ConfUtils.java:logGet(46)) - raft.server.rpc.timeout.min = 5s (custom)
2023-09-12 21:06:14,392 [52e1c3a5-ad40-4f65-b13a-90cebad8bc80-groupManagement] INFO  server.RaftServerConfigKeys (ConfUtils.java:logGet(46)) - raft.server.rpc.timeout.max = 5200ms (custom)
2023-09-12 21:06:14,392 [52e1c3a5-ad40-4f65-b13a-90cebad8bc80-groupManagement] INFO  server.RaftServerConfigKeys (ConfUtils.java:logGet(46)) - raft.server.rpc.sleep.time = 25ms (default)
2023-09-12 21:06:14,392 [52e1c3a5-ad40-4f65-b13a-90cebad8bc80-groupManagement] INFO  server.RaftServerConfigKeys (ConfUtils.java:logGet(46)) - raft.server.rpc.slowness.timeout = 300000ms (custom)
2023-09-12 21:06:14,392 [52e1c3a5-ad40-4f65-b13a-90cebad8bc80-groupManagement] INFO  server.RaftServerConfigKeys (ConfUtils.java:logGet(46)) - raft.server.leaderelection.leader.step-down.wait-time = 10s (default)
2023-09-12 21:06:14,392 [52e1c3a5-ad40-4f65-b13a-90cebad8bc80-groupManagement] INFO  server.RaftServerConfigKeys (ConfUtils.java:logGet(46)) - raft.server.sleep.deviation.threshold = 300ms (default)
2023-09-12 21:06:14,392 [52e1c3a5-ad40-4f65-b13a-90cebad8bc80-groupManagement] INFO  server.RaftServer$Division (ServerState.java:<init>(120)) - 52e1c3a5-ad40-4f65-b13a-90cebad8bc80@group-D30D9E24B3FB: ConfigurationManager, init=-1: peers:[52e1c3a5-ad40-4f65-b13a-90cebad8bc80|rpc:10.1.0.4:15085|admin:10.1.0.4:15084|client:10.1.0.4:15083|dataStream:10.1.0.4:15086|priority:1|startupRole:FOLLOWER]|listeners:[], old=null, confs=<EMPTY_MAP>
2023-09-12 21:06:14,392 [52e1c3a5-ad40-4f65-b13a-90cebad8bc80-groupManagement] INFO  server.RaftServerConfigKeys (ConfUtils.java:logGet(46)) - raft.server.storage.dir = [/home/runner/work/ozone/ozone/hadoop-ozone/integration-test/target/test-dir/MiniOzoneClusterImpl-b2199f83-407c-4d6c-939a-90a6ee7b9086/datanode-2/data/ratis] (custom)
2023-09-12 21:06:14,392 [52e1c3a5-ad40-4f65-b13a-90cebad8bc80-groupManagement] INFO  server.RaftServerConfigKeys (ConfUtils.java:logGet(46)) - raft.server.log.corruption.policy = EXCEPTION (default)
2023-09-12 21:06:14,392 [52e1c3a5-ad40-4f65-b13a-90cebad8bc80-groupManagement] INFO  server.RaftServerConfigKeys (ConfUtils.java:logGet(46)) - raft.server.storage.free-space.min = 0MB (=0) (default)
2023-09-12 21:06:14,392 [52e1c3a5-ad40-4f65-b13a-90cebad8bc80-groupManagement] INFO  server.RaftServerConfigKeys (ConfUtils.java:logGet(46)) - raft.server.notification.no-leader.timeout = 300000ms (custom)
2023-09-12 21:06:14,392 [52e1c3a5-ad40-4f65-b13a-90cebad8bc80-groupManagement] INFO  server.RaftServerConfigKeys (ConfUtils.java:logGet(46)) - raft.server.read.timeout = 10s (default)
2023-09-12 21:06:14,392 [52e1c3a5-ad40-4f65-b13a-90cebad8bc80-groupManagement] INFO  server.RaftServerConfigKeys (ConfUtils.java:logGet(46)) - raft.server.retrycache.expirytime = 600000ms (custom)
2023-09-12 21:06:14,392 [52e1c3a5-ad40-4f65-b13a-90cebad8bc80-groupManagement] INFO  server.RaftServerConfigKeys (ConfUtils.java:logGet(46)) - raft.server.retrycache.statistics.expirytime = 100μs (default)
2023-09-12 21:06:14,392 [52e1c3a5-ad40-4f65-b13a-90cebad8bc80-groupManagement] INFO  server.RaftServerConfigKeys (ConfUtils.java:logGet(46)) - raft.server.read.option = DEFAULT (default)
2023-09-12 21:06:14,393 [52e1c3a5-ad40-4f65-b13a-90cebad8bc80-groupManagement] INFO  server.RaftServerConfigKeys (ConfUtils.java:logGet(46)) - raft.server.rpc.request.timeout = 3000ms (default)
2023-09-12 21:06:14,393 [52e1c3a5-ad40-4f65-b13a-90cebad8bc80-groupManagement] INFO  server.RaftServerConfigKeys (ConfUtils.java:logGet(46)) - raft.server.log.appender.install.snapshot.enabled = false (custom)
2023-09-12 21:06:14,393 [52e1c3a5-ad40-4f65-b13a-90cebad8bc80-groupManagement] INFO  server.RaftServerConfigKeys (ConfUtils.java:logGet(46)) - raft.server.threadpool.server.cached = true (default)
2023-09-12 21:06:14,393 [52e1c3a5-ad40-4f65-b13a-90cebad8bc80-groupManagement] INFO  server.RaftServerConfigKeys (ConfUtils.java:logGet(46)) - raft.server.threadpool.server.size = 0 (default)
2023-09-12 21:06:14,393 [52e1c3a5-ad40-4f65-b13a-90cebad8bc80-groupManagement] INFO  server.RaftServerConfigKeys (ConfUtils.java:logGet(46)) - raft.server.threadpool.client.cached = true (default)
2023-09-12 21:06:14,393 [52e1c3a5-ad40-4f65-b13a-90cebad8bc80-groupManagement] INFO  server.RaftServerConfigKeys (ConfUtils.java:logGet(46)) - raft.server.threadpool.client.size = 0 (default)
2023-09-12 21:06:14,393 [52e1c3a5-ad40-4f65-b13a-90cebad8bc80-groupManagement] INFO  storage.RaftStorageDirectory (RaftStorageDirectoryImpl.java:analyzeStorage(137)) - The storage directory /home/runner/work/ozone/ozone/hadoop-ozone/integration-test/target/test-dir/MiniOzoneClusterImpl-b2199f83-407c-4d6c-939a-90a6ee7b9086/datanode-2/data/ratis/c2194152-4829-40d1-9bb2-d30d9e24b3fb does not exist. Creating ...
2023-09-12 21:06:14,394 [52e1c3a5-ad40-4f65-b13a-90cebad8bc80-groupManagement] INFO  storage.RaftStorageDirectory (RaftStorageDirectoryImpl.java:tryLock(231)) - Lock on /home/runner/work/ozone/ozone/hadoop-ozone/integration-test/target/test-dir/MiniOzoneClusterImpl-b2199f83-407c-4d6c-939a-90a6ee7b9086/datanode-2/data/ratis/c2194152-4829-40d1-9bb2-d30d9e24b3fb/in_use.lock acquired by nodename 5540@fv-az740-690
2023-09-12 21:06:14,395 [52e1c3a5-ad40-4f65-b13a-90cebad8bc80-groupManagement] INFO  storage.RaftStorage (RaftStorageImpl.java:format(96)) - Storage directory /home/runner/work/ozone/ozone/hadoop-ozone/integration-test/target/test-dir/MiniOzoneClusterImpl-b2199f83-407c-4d6c-939a-90a6ee7b9086/datanode-2/data/ratis/c2194152-4829-40d1-9bb2-d30d9e24b3fb has been successfully formatted.
2023-09-12 21:06:14,396 [52e1c3a5-ad40-4f65-b13a-90cebad8bc80-groupManagement] INFO  ratis.ContainerStateMachine (ContainerStateMachine.java:loadSnapshot(262)) - group-D30D9E24B3FB: The snapshot info is null. Setting the last applied indexto:(t:0, i:~)
2023-09-12 21:06:14,396 [52e1c3a5-ad40-4f65-b13a-90cebad8bc80-groupManagement] INFO  server.RaftServerConfigKeys (ConfUtils.java:logGet(46)) - raft.server.log.use.memory = false (default)
2023-09-12 21:06:14,396 [52e1c3a5-ad40-4f65-b13a-90cebad8bc80-groupManagement] INFO  server.RaftServerConfigKeys (ConfUtils.java:logGet(46)) - raft.server.log.purge.gap = 1000000 (custom)
2023-09-12 21:06:14,396 [52e1c3a5-ad40-4f65-b13a-90cebad8bc80-groupManagement] INFO  server.RaftServerConfigKeys (ConfUtils.java:logGet(46)) - raft.server.log.appender.buffer.byte-limit = 33554432 (custom)
2023-09-12 21:06:14,396 [52e1c3a5-ad40-4f65-b13a-90cebad8bc80-groupManagement] INFO  server.RaftServerConfigKeys (ConfUtils.java:logGet(46)) - raft.server.log.statemachine.data.read.timeout = 1000ms (default)
2023-09-12 21:06:14,396 [52e1c3a5-ad40-4f65-b13a-90cebad8bc80-groupManagement] INFO  server.RaftServerConfigKeys (ConfUtils.java:logGet(46)) - raft.server.log.purge.preservation.log.num = 0 (default)
2023-09-12 21:06:14,396 [52e1c3a5-ad40-4f65-b13a-90cebad8bc80-groupManagement] INFO  server.RaftServerConfigKeys (ConfUtils.java:logGet(46)) - raft.server.log.segment.size.max = 1048576 (custom)
2023-09-12 21:06:14,396 [52e1c3a5-ad40-4f65-b13a-90cebad8bc80-groupManagement] INFO  server.RaftServerConfigKeys (ConfUtils.java:logGet(46)) - raft.server.log.segment.cache.num.max = 2 (custom)
2023-09-12 21:06:14,398 [EventQueue-PipelineReportForPipelineReportHandler] INFO  pipeline.PipelineReportHandler (PipelineReportHandler.java:processPipelineReport(136)) - Opened pipeline PipelineID=c2194152-4829-40d1-9bb2-d30d9e24b3fb
2023-09-12 21:06:14,398 [52e1c3a5-ad40-4f65-b13a-90cebad8bc80-groupManagement] INFO  server.RaftServerConfigKeys (ConfUtils.java:logGet(46)) - raft.server.log.segment.cache.size.max = 200MB (=209715200) (default)
2023-09-12 21:06:14,398 [EventQueue-OpenPipelineForHealthyPipelineSafeModeRule] INFO  safemode.SCMSafeModeManager (HealthyPipelineSafeModeRule.java:process(137)) - SCM in safe mode. Healthy pipelines reported count is 0, required healthy pipeline reported count is 1
2023-09-12 21:06:14,398 [52e1c3a5-ad40-4f65-b13a-90cebad8bc80-groupManagement] INFO  server.RaftServerConfigKeys (ConfUtils.java:logGet(46)) - raft.server.log.appender.buffer.byte-limit = 33554432 (custom)
2023-09-12 21:06:14,398 [52e1c3a5-ad40-4f65-b13a-90cebad8bc80-groupManagement] INFO  segmented.SegmentedRaftLogWorker (SegmentedRaftLogWorker.java:<init>(188)) - new 52e1c3a5-ad40-4f65-b13a-90cebad8bc80@group-D30D9E24B3FB-SegmentedRaftLogWorker for RaftStorageImpl:Storage Directory /home/runner/work/ozone/ozone/hadoop-ozone/integration-test/target/test-dir/MiniOzoneClusterImpl-b2199f83-407c-4d6c-939a-90a6ee7b9086/datanode-2/data/ratis/c2194152-4829-40d1-9bb2-d30d9e24b3fb
2023-09-12 21:06:14,398 [52e1c3a5-ad40-4f65-b13a-90cebad8bc80-groupManagement] INFO  server.RaftServerConfigKeys (ConfUtils.java:logGet(46)) - raft.server.log.queue.byte-limit = 4294967296 (custom)
2023-09-12 21:06:14,398 [52e1c3a5-ad40-4f65-b13a-90cebad8bc80-groupManagement] INFO  server.RaftServerConfigKeys (ConfUtils.java:logGet(46)) - raft.server.log.queue.element-limit = 1024 (custom)
2023-09-12 21:06:14,398 [52e1c3a5-ad40-4f65-b13a-90cebad8bc80-groupManagement] INFO  server.RaftServerConfigKeys (ConfUtils.java:logGet(46)) - raft.server.log.segment.size.max = 1048576 (custom)
2023-09-12 21:06:14,398 [52e1c3a5-ad40-4f65-b13a-90cebad8bc80-groupManagement] INFO  server.RaftServerConfigKeys (ConfUtils.java:logGet(46)) - raft.server.log.preallocated.size = 16384 (custom)
2023-09-12 21:06:14,398 [52e1c3a5-ad40-4f65-b13a-90cebad8bc80-groupManagement] INFO  server.RaftServerConfigKeys (ConfUtils.java:logGet(46)) - raft.server.log.force.sync.num = 128 (default)
2023-09-12 21:06:14,398 [52e1c3a5-ad40-4f65-b13a-90cebad8bc80-groupManagement] INFO  server.RaftServerConfigKeys (ConfUtils.java:logGet(46)) - raft.server.log.statemachine.data.sync = true (default)
2023-09-12 21:06:14,398 [52e1c3a5-ad40-4f65-b13a-90cebad8bc80-groupManagement] INFO  server.RaftServerConfigKeys (ConfUtils.java:logGet(46)) - raft.server.log.statemachine.data.sync.timeout = 10s (default)
2023-09-12 21:06:14,398 [52e1c3a5-ad40-4f65-b13a-90cebad8bc80-groupManagement] INFO  server.RaftServerConfigKeys (ConfUtils.java:logGet(46)) - raft.server.log.statemachine.data.sync.timeout.retry = -1 (default)
2023-09-12 21:06:14,399 [52e1c3a5-ad40-4f65-b13a-90cebad8bc80-groupManagement] INFO  server.RaftServerConfigKeys (ConfUtils.java:logGet(46)) - raft.server.log.write.buffer.size = 1048576 (custom)
2023-09-12 21:06:14,399 [52e1c3a5-ad40-4f65-b13a-90cebad8bc80-groupManagement] INFO  server.RaftServerConfigKeys (ConfUtils.java:logGet(46)) - raft.server.log.appender.buffer.byte-limit = 33554432 (custom)
2023-09-12 21:06:14,402 [52e1c3a5-ad40-4f65-b13a-90cebad8bc80-groupManagement] INFO  server.RaftServerConfigKeys (ConfUtils.java:logGet(46)) - raft.server.log.unsafe-flush.enabled = false (default)
2023-09-12 21:06:14,402 [52e1c3a5-ad40-4f65-b13a-90cebad8bc80-groupManagement] INFO  server.RaftServerConfigKeys (ConfUtils.java:logGet(46)) - raft.server.log.async-flush.enabled = false (default)
2023-09-12 21:06:14,402 [52e1c3a5-ad40-4f65-b13a-90cebad8bc80-groupManagement] INFO  server.RaftServerConfigKeys (ConfUtils.java:logGet(46)) - raft.server.log.statemachine.data.caching.enabled = true (custom)
2023-09-12 21:06:14,402 [52e1c3a5-ad40-4f65-b13a-90cebad8bc80-groupManagement] INFO  segmented.SegmentedRaftLogWorker (SegmentedRaftLogWorker.java:lambda$new$0(135)) - 52e1c3a5-ad40-4f65-b13a-90cebad8bc80@group-D30D9E24B3FB-SegmentedRaftLogWorker: flushIndex: setUnconditionally 0 -> -1
2023-09-12 21:06:14,402 [52e1c3a5-ad40-4f65-b13a-90cebad8bc80-groupManagement] INFO  segmented.SegmentedRaftLogWorker (SegmentedRaftLogWorker.java:lambda$new$0(135)) - 52e1c3a5-ad40-4f65-b13a-90cebad8bc80@group-D30D9E24B3FB-SegmentedRaftLogWorker: safeCacheEvictIndex: setUnconditionally 0 -> -1
2023-09-12 21:06:14,403 [52e1c3a5-ad40-4f65-b13a-90cebad8bc80-groupManagement] INFO  server.RaftServer$Division (RaftServerImpl.java:start(342)) - 52e1c3a5-ad40-4f65-b13a-90cebad8bc80@group-D30D9E24B3FB: start as a follower, conf=-1: peers:[52e1c3a5-ad40-4f65-b13a-90cebad8bc80|rpc:10.1.0.4:15085|admin:10.1.0.4:15084|client:10.1.0.4:15083|dataStream:10.1.0.4:15086|priority:1|startupRole:FOLLOWER]|listeners:[], old=null
2023-09-12 21:06:14,403 [52e1c3a5-ad40-4f65-b13a-90cebad8bc80-groupManagement] INFO  server.RaftServer$Division (RaftServerImpl.java:setRole(329)) - 52e1c3a5-ad40-4f65-b13a-90cebad8bc80@group-D30D9E24B3FB: changes role from      null to FOLLOWER at term 0 for startAsFollower
2023-09-12 21:06:14,403 [52e1c3a5-ad40-4f65-b13a-90cebad8bc80-groupManagement] INFO  impl.RoleInfo (RoleInfo.java:updateAndGet(139)) - 52e1c3a5-ad40-4f65-b13a-90cebad8bc80: start 52e1c3a5-ad40-4f65-b13a-90cebad8bc80@group-D30D9E24B3FB-FollowerState
2023-09-12 21:06:14,404 [52e1c3a5-ad40-4f65-b13a-90cebad8bc80-groupManagement] INFO  util.JmxRegister (JmxRegister.java:tryRegister(44)) - Successfully registered JMX Bean with object name Ratis:service=RaftServer,group=group-D30D9E24B3FB,id=52e1c3a5-ad40-4f65-b13a-90cebad8bc80
2023-09-12 21:06:14,404 [52e1c3a5-ad40-4f65-b13a-90cebad8bc80-groupManagement] INFO  server.RaftServerConfigKeys (ConfUtils.java:logGet(46)) - raft.server.snapshot.auto.trigger.enabled = true (custom)
2023-09-12 21:06:14,404 [52e1c3a5-ad40-4f65-b13a-90cebad8bc80-groupManagement] INFO  server.RaftServerConfigKeys (ConfUtils.java:logGet(46)) - raft.server.snapshot.auto.trigger.threshold = 10000 (custom)
2023-09-12 21:06:14,404 [52e1c3a5-ad40-4f65-b13a-90cebad8bc80-groupManagement] INFO  server.RaftServerConfigKeys (ConfUtils.java:logGet(46)) - raft.server.snapshot.retention.file.num = 5 (custom)
2023-09-12 21:06:14,404 [52e1c3a5-ad40-4f65-b13a-90cebad8bc80-groupManagement] INFO  server.RaftServerConfigKeys (ConfUtils.java:logGet(46)) - raft.server.log.purge.upto.snapshot.index = false (default)
2023-09-12 21:06:14,404 [52e1c3a5-ad40-4f65-b13a-90cebad8bc80@group-D30D9E24B3FB-FollowerState] INFO  server.RaftServerConfigKeys (ConfUtils.java:logFallback(53)) - raft.server.rpc.first-election.timeout.min = 5s (fallback to raft.server.rpc.timeout.min)
2023-09-12 21:06:14,404 [52e1c3a5-ad40-4f65-b13a-90cebad8bc80@group-D30D9E24B3FB-FollowerState] INFO  server.RaftServerConfigKeys (ConfUtils.java:logFallback(53)) - raft.server.rpc.first-election.timeout.max = 5200ms (fallback to raft.server.rpc.timeout.max)
2023-09-12 21:06:14,405 [PipelineCommandHandlerThread-0] INFO  ratis.XceiverServerRatis (XceiverServerRatis.java:addGroup(804)) - Created group PipelineID=c2194152-4829-40d1-9bb2-d30d9e24b3fb
2023-09-12 21:06:14,405 [PipelineCommandHandlerThread-0] INFO  commandhandler.CreatePipelineCommandHandler (CreatePipelineCommandHandler.java:lambda$handle$2(124)) - Created Pipeline RATIS ONE PipelineID=c2194152-4829-40d1-9bb2-d30d9e24b3fb.
2023-09-12 21:06:14,727 [PipelineCommandHandlerThread-0] INFO  server.RaftServer (RaftServerProxy.java:addNew(98)) - 848a01ca-5184-442c-a48d-c49485176211: addNew group-40E1F56E6CE1:[848a01ca-5184-442c-a48d-c49485176211|rpc:10.1.0.4:15094|admin:10.1.0.4:15093|client:10.1.0.4:15092|dataStream:10.1.0.4:15095|priority:1|startupRole:FOLLOWER] returns group-40E1F56E6CE1:java.util.concurrent.CompletableFuture@1a8268c5[Not completed]
2023-09-12 21:06:14,728 [848a01ca-5184-442c-a48d-c49485176211-groupManagement] INFO  server.RaftServer$Division (RaftServerImpl.java:<init>(198)) - 848a01ca-5184-442c-a48d-c49485176211: new RaftServerImpl for group-40E1F56E6CE1:[848a01ca-5184-442c-a48d-c49485176211|rpc:10.1.0.4:15094|admin:10.1.0.4:15093|client:10.1.0.4:15092|dataStream:10.1.0.4:15095|priority:1|startupRole:FOLLOWER] with ContainerStateMachine:uninitialized
2023-09-12 21:06:14,728 [848a01ca-5184-442c-a48d-c49485176211-groupManagement] INFO  server.RaftServerConfigKeys (ConfUtils.java:logGet(46)) - raft.server.rpc.timeout.min = 5s (custom)
2023-09-12 21:06:14,728 [848a01ca-5184-442c-a48d-c49485176211-groupManagement] INFO  server.RaftServerConfigKeys (ConfUtils.java:logGet(46)) - raft.server.rpc.timeout.max = 5200ms (custom)
2023-09-12 21:06:14,728 [848a01ca-5184-442c-a48d-c49485176211-groupManagement] INFO  server.RaftServerConfigKeys (ConfUtils.java:logGet(46)) - raft.server.rpc.sleep.time = 25ms (default)
2023-09-12 21:06:14,728 [848a01ca-5184-442c-a48d-c49485176211-groupManagement] INFO  server.RaftServerConfigKeys (ConfUtils.java:logGet(46)) - raft.server.rpc.slowness.timeout = 300000ms (custom)
2023-09-12 21:06:14,728 [848a01ca-5184-442c-a48d-c49485176211-groupManagement] INFO  server.RaftServerConfigKeys (ConfUtils.java:logGet(46)) - raft.server.leaderelection.leader.step-down.wait-time = 10s (default)
2023-09-12 21:06:14,728 [848a01ca-5184-442c-a48d-c49485176211-groupManagement] INFO  server.RaftServerConfigKeys (ConfUtils.java:logGet(46)) - raft.server.sleep.deviation.threshold = 300ms (default)
2023-09-12 21:06:14,728 [848a01ca-5184-442c-a48d-c49485176211-groupManagement] INFO  server.RaftServer$Division (ServerState.java:<init>(120)) - 848a01ca-5184-442c-a48d-c49485176211@group-40E1F56E6CE1: ConfigurationManager, init=-1: peers:[848a01ca-5184-442c-a48d-c49485176211|rpc:10.1.0.4:15094|admin:10.1.0.4:15093|client:10.1.0.4:15092|dataStream:10.1.0.4:15095|priority:1|startupRole:FOLLOWER]|listeners:[], old=null, confs=<EMPTY_MAP>
2023-09-12 21:06:14,728 [848a01ca-5184-442c-a48d-c49485176211-groupManagement] INFO  server.RaftServerConfigKeys (ConfUtils.java:logGet(46)) - raft.server.storage.dir = [/home/runner/work/ozone/ozone/hadoop-ozone/integration-test/target/test-dir/MiniOzoneClusterImpl-b2199f83-407c-4d6c-939a-90a6ee7b9086/datanode-3/data/ratis] (custom)
2023-09-12 21:06:14,728 [848a01ca-5184-442c-a48d-c49485176211-groupManagement] INFO  server.RaftServerConfigKeys (ConfUtils.java:logGet(46)) - raft.server.log.corruption.policy = EXCEPTION (default)
2023-09-12 21:06:14,728 [848a01ca-5184-442c-a48d-c49485176211-groupManagement] INFO  server.RaftServerConfigKeys (ConfUtils.java:logGet(46)) - raft.server.storage.free-space.min = 0MB (=0) (default)
2023-09-12 21:06:14,728 [848a01ca-5184-442c-a48d-c49485176211-groupManagement] INFO  server.RaftServerConfigKeys (ConfUtils.java:logGet(46)) - raft.server.notification.no-leader.timeout = 300000ms (custom)
2023-09-12 21:06:14,728 [848a01ca-5184-442c-a48d-c49485176211-groupManagement] INFO  server.RaftServerConfigKeys (ConfUtils.java:logGet(46)) - raft.server.read.timeout = 10s (default)
2023-09-12 21:06:14,728 [848a01ca-5184-442c-a48d-c49485176211-groupManagement] INFO  server.RaftServerConfigKeys (ConfUtils.java:logGet(46)) - raft.server.retrycache.expirytime = 600000ms (custom)
2023-09-12 21:06:14,728 [848a01ca-5184-442c-a48d-c49485176211-groupManagement] INFO  server.RaftServerConfigKeys (ConfUtils.java:logGet(46)) - raft.server.retrycache.statistics.expirytime = 100μs (default)
2023-09-12 21:06:14,729 [848a01ca-5184-442c-a48d-c49485176211-groupManagement] INFO  server.RaftServerConfigKeys (ConfUtils.java:logGet(46)) - raft.server.read.option = DEFAULT (default)
2023-09-12 21:06:14,729 [848a01ca-5184-442c-a48d-c49485176211-groupManagement] INFO  server.RaftServerConfigKeys (ConfUtils.java:logGet(46)) - raft.server.rpc.request.timeout = 3000ms (default)
2023-09-12 21:06:14,729 [848a01ca-5184-442c-a48d-c49485176211-groupManagement] INFO  server.RaftServerConfigKeys (ConfUtils.java:logGet(46)) - raft.server.log.appender.install.snapshot.enabled = false (custom)
2023-09-12 21:06:14,729 [848a01ca-5184-442c-a48d-c49485176211-groupManagement] INFO  server.RaftServerConfigKeys (ConfUtils.java:logGet(46)) - raft.server.threadpool.server.cached = true (default)
2023-09-12 21:06:14,729 [848a01ca-5184-442c-a48d-c49485176211-groupManagement] INFO  server.RaftServerConfigKeys (ConfUtils.java:logGet(46)) - raft.server.threadpool.server.size = 0 (default)
2023-09-12 21:06:14,730 [848a01ca-5184-442c-a48d-c49485176211-groupManagement] INFO  server.RaftServerConfigKeys (ConfUtils.java:logGet(46)) - raft.server.threadpool.client.cached = true (default)
2023-09-12 21:06:14,730 [848a01ca-5184-442c-a48d-c49485176211-groupManagement] INFO  server.RaftServerConfigKeys (ConfUtils.java:logGet(46)) - raft.server.threadpool.client.size = 0 (default)
2023-09-12 21:06:14,730 [848a01ca-5184-442c-a48d-c49485176211-groupManagement] INFO  storage.RaftStorageDirectory (RaftStorageDirectoryImpl.java:analyzeStorage(137)) - The storage directory /home/runner/work/ozone/ozone/hadoop-ozone/integration-test/target/test-dir/MiniOzoneClusterImpl-b2199f83-407c-4d6c-939a-90a6ee7b9086/datanode-3/data/ratis/6aba387b-087e-4de7-be8e-40e1f56e6ce1 does not exist. Creating ...
2023-09-12 21:06:14,731 [848a01ca-5184-442c-a48d-c49485176211-groupManagement] INFO  storage.RaftStorageDirectory (RaftStorageDirectoryImpl.java:tryLock(231)) - Lock on /home/runner/work/ozone/ozone/hadoop-ozone/integration-test/target/test-dir/MiniOzoneClusterImpl-b2199f83-407c-4d6c-939a-90a6ee7b9086/datanode-3/data/ratis/6aba387b-087e-4de7-be8e-40e1f56e6ce1/in_use.lock acquired by nodename 5540@fv-az740-690
2023-09-12 21:06:14,732 [848a01ca-5184-442c-a48d-c49485176211-groupManagement] INFO  storage.RaftStorage (RaftStorageImpl.java:format(96)) - Storage directory /home/runner/work/ozone/ozone/hadoop-ozone/integration-test/target/test-dir/MiniOzoneClusterImpl-b2199f83-407c-4d6c-939a-90a6ee7b9086/datanode-3/data/ratis/6aba387b-087e-4de7-be8e-40e1f56e6ce1 has been successfully formatted.
2023-09-12 21:06:14,733 [848a01ca-5184-442c-a48d-c49485176211-groupManagement] INFO  ratis.ContainerStateMachine (ContainerStateMachine.java:loadSnapshot(262)) - group-40E1F56E6CE1: The snapshot info is null. Setting the last applied indexto:(t:0, i:~)
2023-09-12 21:06:14,733 [848a01ca-5184-442c-a48d-c49485176211-groupManagement] INFO  server.RaftServerConfigKeys (ConfUtils.java:logGet(46)) - raft.server.log.use.memory = false (default)
2023-09-12 21:06:14,733 [848a01ca-5184-442c-a48d-c49485176211-groupManagement] INFO  server.RaftServerConfigKeys (ConfUtils.java:logGet(46)) - raft.server.log.purge.gap = 1000000 (custom)
2023-09-12 21:06:14,733 [848a01ca-5184-442c-a48d-c49485176211-groupManagement] INFO  server.RaftServerConfigKeys (ConfUtils.java:logGet(46)) - raft.server.log.appender.buffer.byte-limit = 33554432 (custom)
2023-09-12 21:06:14,733 [848a01ca-5184-442c-a48d-c49485176211-groupManagement] INFO  server.RaftServerConfigKeys (ConfUtils.java:logGet(46)) - raft.server.log.statemachine.data.read.timeout = 1000ms (default)
2023-09-12 21:06:14,733 [848a01ca-5184-442c-a48d-c49485176211-groupManagement] INFO  server.RaftServerConfigKeys (ConfUtils.java:logGet(46)) - raft.server.log.purge.preservation.log.num = 0 (default)
2023-09-12 21:06:14,734 [848a01ca-5184-442c-a48d-c49485176211-groupManagement] INFO  server.RaftServerConfigKeys (ConfUtils.java:logGet(46)) - raft.server.log.segment.size.max = 1048576 (custom)
2023-09-12 21:06:14,734 [848a01ca-5184-442c-a48d-c49485176211-groupManagement] INFO  server.RaftServerConfigKeys (ConfUtils.java:logGet(46)) - raft.server.log.segment.cache.num.max = 2 (custom)
2023-09-12 21:06:14,734 [848a01ca-5184-442c-a48d-c49485176211-groupManagement] INFO  server.RaftServerConfigKeys (ConfUtils.java:logGet(46)) - raft.server.log.segment.cache.size.max = 200MB (=209715200) (default)
2023-09-12 21:06:14,735 [848a01ca-5184-442c-a48d-c49485176211-groupManagement] INFO  server.RaftServerConfigKeys (ConfUtils.java:logGet(46)) - raft.server.log.appender.buffer.byte-limit = 33554432 (custom)
2023-09-12 21:06:14,735 [848a01ca-5184-442c-a48d-c49485176211-groupManagement] INFO  segmented.SegmentedRaftLogWorker (SegmentedRaftLogWorker.java:<init>(188)) - new 848a01ca-5184-442c-a48d-c49485176211@group-40E1F56E6CE1-SegmentedRaftLogWorker for RaftStorageImpl:Storage Directory /home/runner/work/ozone/ozone/hadoop-ozone/integration-test/target/test-dir/MiniOzoneClusterImpl-b2199f83-407c-4d6c-939a-90a6ee7b9086/datanode-3/data/ratis/6aba387b-087e-4de7-be8e-40e1f56e6ce1
2023-09-12 21:06:14,735 [848a01ca-5184-442c-a48d-c49485176211-groupManagement] INFO  server.RaftServerConfigKeys (ConfUtils.java:logGet(46)) - raft.server.log.queue.byte-limit = 4294967296 (custom)
2023-09-12 21:06:14,735 [848a01ca-5184-442c-a48d-c49485176211-groupManagement] INFO  server.RaftServerConfigKeys (ConfUtils.java:logGet(46)) - raft.server.log.queue.element-limit = 1024 (custom)
2023-09-12 21:06:14,735 [848a01ca-5184-442c-a48d-c49485176211-groupManagement] INFO  server.RaftServerConfigKeys (ConfUtils.java:logGet(46)) - raft.server.log.segment.size.max = 1048576 (custom)
2023-09-12 21:06:14,735 [848a01ca-5184-442c-a48d-c49485176211-groupManagement] INFO  server.RaftServerConfigKeys (ConfUtils.java:logGet(46)) - raft.server.log.preallocated.size = 16384 (custom)
2023-09-12 21:06:14,735 [848a01ca-5184-442c-a48d-c49485176211-groupManagement] INFO  server.RaftServerConfigKeys (ConfUtils.java:logGet(46)) - raft.server.log.force.sync.num = 128 (default)
2023-09-12 21:06:14,735 [848a01ca-5184-442c-a48d-c49485176211-groupManagement] INFO  server.RaftServerConfigKeys (ConfUtils.java:logGet(46)) - raft.server.log.statemachine.data.sync = true (default)
2023-09-12 21:06:14,735 [EventQueue-PipelineReportForPipelineReportHandler] INFO  pipeline.PipelineReportHandler (PipelineReportHandler.java:processPipelineReport(136)) - Opened pipeline PipelineID=6aba387b-087e-4de7-be8e-40e1f56e6ce1
2023-09-12 21:06:14,736 [EventQueue-OpenPipelineForHealthyPipelineSafeModeRule] INFO  safemode.SCMSafeModeManager (HealthyPipelineSafeModeRule.java:process(137)) - SCM in safe mode. Healthy pipelines reported count is 0, required healthy pipeline reported count is 1
2023-09-12 21:06:14,736 [848a01ca-5184-442c-a48d-c49485176211-groupManagement] INFO  server.RaftServerConfigKeys (ConfUtils.java:logGet(46)) - raft.server.log.statemachine.data.sync.timeout = 10s (default)
2023-09-12 21:06:14,736 [848a01ca-5184-442c-a48d-c49485176211-groupManagement] INFO  server.RaftServerConfigKeys (ConfUtils.java:logGet(46)) - raft.server.log.statemachine.data.sync.timeout.retry = -1 (default)
2023-09-12 21:06:14,737 [848a01ca-5184-442c-a48d-c49485176211-groupManagement] INFO  server.RaftServerConfigKeys (ConfUtils.java:logGet(46)) - raft.server.log.write.buffer.size = 1048576 (custom)
2023-09-12 21:06:14,737 [848a01ca-5184-442c-a48d-c49485176211-groupManagement] INFO  server.RaftServerConfigKeys (ConfUtils.java:logGet(46)) - raft.server.log.appender.buffer.byte-limit = 33554432 (custom)
2023-09-12 21:06:14,750 [848a01ca-5184-442c-a48d-c49485176211-groupManagement] INFO  server.RaftServerConfigKeys (ConfUtils.java:logGet(46)) - raft.server.log.unsafe-flush.enabled = false (default)
2023-09-12 21:06:14,750 [848a01ca-5184-442c-a48d-c49485176211-groupManagement] INFO  server.RaftServerConfigKeys (ConfUtils.java:logGet(46)) - raft.server.log.async-flush.enabled = false (default)
2023-09-12 21:06:14,750 [848a01ca-5184-442c-a48d-c49485176211-groupManagement] INFO  server.RaftServerConfigKeys (ConfUtils.java:logGet(46)) - raft.server.log.statemachine.data.caching.enabled = true (custom)
2023-09-12 21:06:14,751 [848a01ca-5184-442c-a48d-c49485176211-groupManagement] INFO  segmented.SegmentedRaftLogWorker (SegmentedRaftLogWorker.java:lambda$new$0(135)) - 848a01ca-5184-442c-a48d-c49485176211@group-40E1F56E6CE1-SegmentedRaftLogWorker: flushIndex: setUnconditionally 0 -> -1
2023-09-12 21:06:14,751 [848a01ca-5184-442c-a48d-c49485176211-groupManagement] INFO  segmented.SegmentedRaftLogWorker (SegmentedRaftLogWorker.java:lambda$new$0(135)) - 848a01ca-5184-442c-a48d-c49485176211@group-40E1F56E6CE1-SegmentedRaftLogWorker: safeCacheEvictIndex: setUnconditionally 0 -> -1
2023-09-12 21:06:14,751 [848a01ca-5184-442c-a48d-c49485176211-groupManagement] INFO  server.RaftServer$Division (RaftServerImpl.java:start(342)) - 848a01ca-5184-442c-a48d-c49485176211@group-40E1F56E6CE1: start as a follower, conf=-1: peers:[848a01ca-5184-442c-a48d-c49485176211|rpc:10.1.0.4:15094|admin:10.1.0.4:15093|client:10.1.0.4:15092|dataStream:10.1.0.4:15095|priority:1|startupRole:FOLLOWER]|listeners:[], old=null
2023-09-12 21:06:14,751 [848a01ca-5184-442c-a48d-c49485176211-groupManagement] INFO  server.RaftServer$Division (RaftServerImpl.java:setRole(329)) - 848a01ca-5184-442c-a48d-c49485176211@group-40E1F56E6CE1: changes role from      null to FOLLOWER at term 0 for startAsFollower
2023-09-12 21:06:14,751 [848a01ca-5184-442c-a48d-c49485176211-groupManagement] INFO  impl.RoleInfo (RoleInfo.java:updateAndGet(139)) - 848a01ca-5184-442c-a48d-c49485176211: start 848a01ca-5184-442c-a48d-c49485176211@group-40E1F56E6CE1-FollowerState
2023-09-12 21:06:14,751 [848a01ca-5184-442c-a48d-c49485176211-groupManagement] INFO  util.JmxRegister (JmxRegister.java:tryRegister(44)) - Successfully registered JMX Bean with object name Ratis:service=RaftServer,group=group-40E1F56E6CE1,id=848a01ca-5184-442c-a48d-c49485176211
2023-09-12 21:06:14,751 [848a01ca-5184-442c-a48d-c49485176211-groupManagement] INFO  server.RaftServerConfigKeys (ConfUtils.java:logGet(46)) - raft.server.snapshot.auto.trigger.enabled = true (custom)
2023-09-12 21:06:14,751 [848a01ca-5184-442c-a48d-c49485176211-groupManagement] INFO  server.RaftServerConfigKeys (ConfUtils.java:logGet(46)) - raft.server.snapshot.auto.trigger.threshold = 10000 (custom)
2023-09-12 21:06:14,751 [848a01ca-5184-442c-a48d-c49485176211-groupManagement] INFO  server.RaftServerConfigKeys (ConfUtils.java:logGet(46)) - raft.server.snapshot.retention.file.num = 5 (custom)
2023-09-12 21:06:14,752 [848a01ca-5184-442c-a48d-c49485176211-groupManagement] INFO  server.RaftServerConfigKeys (ConfUtils.java:logGet(46)) - raft.server.log.purge.upto.snapshot.index = false (default)
2023-09-12 21:06:14,752 [848a01ca-5184-442c-a48d-c49485176211@group-40E1F56E6CE1-FollowerState] INFO  server.RaftServerConfigKeys (ConfUtils.java:logFallback(53)) - raft.server.rpc.first-election.timeout.min = 5s (fallback to raft.server.rpc.timeout.min)
2023-09-12 21:06:14,752 [848a01ca-5184-442c-a48d-c49485176211@group-40E1F56E6CE1-FollowerState] INFO  server.RaftServerConfigKeys (ConfUtils.java:logFallback(53)) - raft.server.rpc.first-election.timeout.max = 5200ms (fallback to raft.server.rpc.timeout.max)
2023-09-12 21:06:14,755 [PipelineCommandHandlerThread-0] INFO  ratis.XceiverServerRatis (XceiverServerRatis.java:addGroup(804)) - Created group PipelineID=6aba387b-087e-4de7-be8e-40e1f56e6ce1
2023-09-12 21:06:14,755 [PipelineCommandHandlerThread-0] INFO  commandhandler.CreatePipelineCommandHandler (CreatePipelineCommandHandler.java:lambda$handle$2(124)) - Created Pipeline RATIS ONE PipelineID=6aba387b-087e-4de7-be8e-40e1f56e6ce1.
2023-09-12 21:06:15,006 [JUnit] INFO  ozone.MiniOzoneClusterImpl (MiniOzoneClusterImpl.java:lambda$waitForClusterToBeReady$0(224)) - Nodes are ready. Got 5 of 5 DN Heartbeats.
2023-09-12 21:06:15,006 [JUnit] INFO  ozone.MiniOzoneClusterImpl (MiniOzoneClusterImpl.java:lambda$waitForClusterToBeReady$0(227)) - Waiting for cluster to exit safe mode
2023-09-12 21:06:15,006 [JUnit] INFO  ozone.MiniOzoneClusterImpl (MiniOzoneClusterImpl.java:lambda$waitForClusterToBeReady$0(229)) - SCM became leader
2023-09-12 21:06:15,010 [PipelineCommandHandlerThread-0] INFO  server.RaftServer (RaftServerProxy.java:addNew(98)) - f43f4bf5-e3da-46fb-853a-448d0a4c527e: addNew group-DFB346B9BD4F:[f43f4bf5-e3da-46fb-853a-448d0a4c527e|rpc:10.1.0.4:15103|admin:10.1.0.4:15102|client:10.1.0.4:15101|dataStream:10.1.0.4:15104|priority:1|startupRole:FOLLOWER] returns group-DFB346B9BD4F:java.util.concurrent.CompletableFuture@acbb4dc[Not completed]
2023-09-12 21:06:15,011 [f43f4bf5-e3da-46fb-853a-448d0a4c527e-groupManagement] INFO  server.RaftServer$Division (RaftServerImpl.java:<init>(198)) - f43f4bf5-e3da-46fb-853a-448d0a4c527e: new RaftServerImpl for group-DFB346B9BD4F:[f43f4bf5-e3da-46fb-853a-448d0a4c527e|rpc:10.1.0.4:15103|admin:10.1.0.4:15102|client:10.1.0.4:15101|dataStream:10.1.0.4:15104|priority:1|startupRole:FOLLOWER] with ContainerStateMachine:uninitialized
2023-09-12 21:06:15,011 [f43f4bf5-e3da-46fb-853a-448d0a4c527e-groupManagement] INFO  server.RaftServerConfigKeys (ConfUtils.java:logGet(46)) - raft.server.rpc.timeout.min = 5s (custom)
2023-09-12 21:06:15,011 [f43f4bf5-e3da-46fb-853a-448d0a4c527e-groupManagement] INFO  server.RaftServerConfigKeys (ConfUtils.java:logGet(46)) - raft.server.rpc.timeout.max = 5200ms (custom)
2023-09-12 21:06:15,011 [f43f4bf5-e3da-46fb-853a-448d0a4c527e-groupManagement] INFO  server.RaftServerConfigKeys (ConfUtils.java:logGet(46)) - raft.server.rpc.sleep.time = 25ms (default)
2023-09-12 21:06:15,011 [f43f4bf5-e3da-46fb-853a-448d0a4c527e-groupManagement] INFO  server.RaftServerConfigKeys (ConfUtils.java:logGet(46)) - raft.server.rpc.slowness.timeout = 300000ms (custom)
2023-09-12 21:06:15,011 [f43f4bf5-e3da-46fb-853a-448d0a4c527e-groupManagement] INFO  server.RaftServerConfigKeys (ConfUtils.java:logGet(46)) - raft.server.leaderelection.leader.step-down.wait-time = 10s (default)
2023-09-12 21:06:15,011 [f43f4bf5-e3da-46fb-853a-448d0a4c527e-groupManagement] INFO  server.RaftServerConfigKeys (ConfUtils.java:logGet(46)) - raft.server.sleep.deviation.threshold = 300ms (default)
2023-09-12 21:06:15,011 [f43f4bf5-e3da-46fb-853a-448d0a4c527e-groupManagement] INFO  server.RaftServer$Division (ServerState.java:<init>(120)) - f43f4bf5-e3da-46fb-853a-448d0a4c527e@group-DFB346B9BD4F: ConfigurationManager, init=-1: peers:[f43f4bf5-e3da-46fb-853a-448d0a4c527e|rpc:10.1.0.4:15103|admin:10.1.0.4:15102|client:10.1.0.4:15101|dataStream:10.1.0.4:15104|priority:1|startupRole:FOLLOWER]|listeners:[], old=null, confs=<EMPTY_MAP>
2023-09-12 21:06:15,012 [f43f4bf5-e3da-46fb-853a-448d0a4c527e-groupManagement] INFO  server.RaftServerConfigKeys (ConfUtils.java:logGet(46)) - raft.server.storage.dir = [/home/runner/work/ozone/ozone/hadoop-ozone/integration-test/target/test-dir/MiniOzoneClusterImpl-b2199f83-407c-4d6c-939a-90a6ee7b9086/datanode-4/data/ratis] (custom)
2023-09-12 21:06:15,012 [f43f4bf5-e3da-46fb-853a-448d0a4c527e-groupManagement] INFO  server.RaftServerConfigKeys (ConfUtils.java:logGet(46)) - raft.server.log.corruption.policy = EXCEPTION (default)
2023-09-12 21:06:15,012 [f43f4bf5-e3da-46fb-853a-448d0a4c527e-groupManagement] INFO  server.RaftServerConfigKeys (ConfUtils.java:logGet(46)) - raft.server.storage.free-space.min = 0MB (=0) (default)
2023-09-12 21:06:15,012 [f43f4bf5-e3da-46fb-853a-448d0a4c527e-groupManagement] INFO  server.RaftServerConfigKeys (ConfUtils.java:logGet(46)) - raft.server.notification.no-leader.timeout = 300000ms (custom)
2023-09-12 21:06:15,012 [f43f4bf5-e3da-46fb-853a-448d0a4c527e-groupManagement] INFO  server.RaftServerConfigKeys (ConfUtils.java:logGet(46)) - raft.server.read.timeout = 10s (default)
2023-09-12 21:06:15,012 [f43f4bf5-e3da-46fb-853a-448d0a4c527e-groupManagement] INFO  server.RaftServerConfigKeys (ConfUtils.java:logGet(46)) - raft.server.retrycache.expirytime = 600000ms (custom)
2023-09-12 21:06:15,012 [f43f4bf5-e3da-46fb-853a-448d0a4c527e-groupManagement] INFO  server.RaftServerConfigKeys (ConfUtils.java:logGet(46)) - raft.server.retrycache.statistics.expirytime = 100μs (default)
2023-09-12 21:06:15,012 [f43f4bf5-e3da-46fb-853a-448d0a4c527e-groupManagement] INFO  server.RaftServerConfigKeys (ConfUtils.java:logGet(46)) - raft.server.read.option = DEFAULT (default)
2023-09-12 21:06:15,013 [f43f4bf5-e3da-46fb-853a-448d0a4c527e-groupManagement] INFO  server.RaftServerConfigKeys (ConfUtils.java:logGet(46)) - raft.server.rpc.request.timeout = 3000ms (default)
2023-09-12 21:06:15,013 [f43f4bf5-e3da-46fb-853a-448d0a4c527e-groupManagement] INFO  server.RaftServerConfigKeys (ConfUtils.java:logGet(46)) - raft.server.log.appender.install.snapshot.enabled = false (custom)
2023-09-12 21:06:15,013 [f43f4bf5-e3da-46fb-853a-448d0a4c527e-groupManagement] INFO  server.RaftServerConfigKeys (ConfUtils.java:logGet(46)) - raft.server.threadpool.server.cached = true (default)
2023-09-12 21:06:15,013 [f43f4bf5-e3da-46fb-853a-448d0a4c527e-groupManagement] INFO  server.RaftServerConfigKeys (ConfUtils.java:logGet(46)) - raft.server.threadpool.server.size = 0 (default)
2023-09-12 21:06:15,013 [f43f4bf5-e3da-46fb-853a-448d0a4c527e-groupManagement] INFO  server.RaftServerConfigKeys (ConfUtils.java:logGet(46)) - raft.server.threadpool.client.cached = true (default)
2023-09-12 21:06:15,013 [f43f4bf5-e3da-46fb-853a-448d0a4c527e-groupManagement] INFO  server.RaftServerConfigKeys (ConfUtils.java:logGet(46)) - raft.server.threadpool.client.size = 0 (default)
2023-09-12 21:06:15,013 [f43f4bf5-e3da-46fb-853a-448d0a4c527e-groupManagement] INFO  storage.RaftStorageDirectory (RaftStorageDirectoryImpl.java:analyzeStorage(137)) - The storage directory /home/runner/work/ozone/ozone/hadoop-ozone/integration-test/target/test-dir/MiniOzoneClusterImpl-b2199f83-407c-4d6c-939a-90a6ee7b9086/datanode-4/data/ratis/68cf8fec-e7b6-4c11-92c4-dfb346b9bd4f does not exist. Creating ...
2023-09-12 21:06:15,014 [f43f4bf5-e3da-46fb-853a-448d0a4c527e-groupManagement] INFO  storage.RaftStorageDirectory (RaftStorageDirectoryImpl.java:tryLock(231)) - Lock on /home/runner/work/ozone/ozone/hadoop-ozone/integration-test/target/test-dir/MiniOzoneClusterImpl-b2199f83-407c-4d6c-939a-90a6ee7b9086/datanode-4/data/ratis/68cf8fec-e7b6-4c11-92c4-dfb346b9bd4f/in_use.lock acquired by nodename 5540@fv-az740-690
2023-09-12 21:06:15,015 [f43f4bf5-e3da-46fb-853a-448d0a4c527e-groupManagement] INFO  storage.RaftStorage (RaftStorageImpl.java:format(96)) - Storage directory /home/runner/work/ozone/ozone/hadoop-ozone/integration-test/target/test-dir/MiniOzoneClusterImpl-b2199f83-407c-4d6c-939a-90a6ee7b9086/datanode-4/data/ratis/68cf8fec-e7b6-4c11-92c4-dfb346b9bd4f has been successfully formatted.
2023-09-12 21:06:15,016 [f43f4bf5-e3da-46fb-853a-448d0a4c527e-groupManagement] INFO  ratis.ContainerStateMachine (ContainerStateMachine.java:loadSnapshot(262)) - group-DFB346B9BD4F: The snapshot info is null. Setting the last applied indexto:(t:0, i:~)
2023-09-12 21:06:15,016 [f43f4bf5-e3da-46fb-853a-448d0a4c527e-groupManagement] INFO  server.RaftServerConfigKeys (ConfUtils.java:logGet(46)) - raft.server.log.use.memory = false (default)
2023-09-12 21:06:15,016 [f43f4bf5-e3da-46fb-853a-448d0a4c527e-groupManagement] INFO  server.RaftServerConfigKeys (ConfUtils.java:logGet(46)) - raft.server.log.purge.gap = 1000000 (custom)
2023-09-12 21:06:15,016 [f43f4bf5-e3da-46fb-853a-448d0a4c527e-groupManagement] INFO  server.RaftServerConfigKeys (ConfUtils.java:logGet(46)) - raft.server.log.appender.buffer.byte-limit = 33554432 (custom)
2023-09-12 21:06:15,016 [f43f4bf5-e3da-46fb-853a-448d0a4c527e-groupManagement] INFO  server.RaftServerConfigKeys (ConfUtils.java:logGet(46)) - raft.server.log.statemachine.data.read.timeout = 1000ms (default)
2023-09-12 21:06:15,016 [f43f4bf5-e3da-46fb-853a-448d0a4c527e-groupManagement] INFO  server.RaftServerConfigKeys (ConfUtils.java:logGet(46)) - raft.server.log.purge.preservation.log.num = 0 (default)
2023-09-12 21:06:15,016 [f43f4bf5-e3da-46fb-853a-448d0a4c527e-groupManagement] INFO  server.RaftServerConfigKeys (ConfUtils.java:logGet(46)) - raft.server.log.segment.size.max = 1048576 (custom)
2023-09-12 21:06:15,017 [f43f4bf5-e3da-46fb-853a-448d0a4c527e-groupManagement] INFO  server.RaftServerConfigKeys (ConfUtils.java:logGet(46)) - raft.server.log.segment.cache.num.max = 2 (custom)
2023-09-12 21:06:15,017 [f43f4bf5-e3da-46fb-853a-448d0a4c527e-groupManagement] INFO  server.RaftServerConfigKeys (ConfUtils.java:logGet(46)) - raft.server.log.segment.cache.size.max = 200MB (=209715200) (default)
2023-09-12 21:06:15,017 [f43f4bf5-e3da-46fb-853a-448d0a4c527e-groupManagement] INFO  server.RaftServerConfigKeys (ConfUtils.java:logGet(46)) - raft.server.log.appender.buffer.byte-limit = 33554432 (custom)
2023-09-12 21:06:15,017 [f43f4bf5-e3da-46fb-853a-448d0a4c527e-groupManagement] INFO  segmented.SegmentedRaftLogWorker (SegmentedRaftLogWorker.java:<init>(188)) - new f43f4bf5-e3da-46fb-853a-448d0a4c527e@group-DFB346B9BD4F-SegmentedRaftLogWorker for RaftStorageImpl:Storage Directory /home/runner/work/ozone/ozone/hadoop-ozone/integration-test/target/test-dir/MiniOzoneClusterImpl-b2199f83-407c-4d6c-939a-90a6ee7b9086/datanode-4/data/ratis/68cf8fec-e7b6-4c11-92c4-dfb346b9bd4f
2023-09-12 21:06:15,017 [EventQueue-PipelineReportForPipelineReportHandler] INFO  pipeline.PipelineReportHandler (PipelineReportHandler.java:processPipelineReport(136)) - Opened pipeline PipelineID=68cf8fec-e7b6-4c11-92c4-dfb346b9bd4f
2023-09-12 21:06:15,018 [EventQueue-OpenPipelineForHealthyPipelineSafeModeRule] INFO  safemode.SCMSafeModeManager (HealthyPipelineSafeModeRule.java:process(137)) - SCM in safe mode. Healthy pipelines reported count is 0, required healthy pipeline reported count is 1
2023-09-12 21:06:15,018 [f43f4bf5-e3da-46fb-853a-448d0a4c527e-groupManagement] INFO  server.RaftServerConfigKeys (ConfUtils.java:logGet(46)) - raft.server.log.queue.byte-limit = 4294967296 (custom)
2023-09-12 21:06:15,018 [f43f4bf5-e3da-46fb-853a-448d0a4c527e-groupManagement] INFO  server.RaftServerConfigKeys (ConfUtils.java:logGet(46)) - raft.server.log.queue.element-limit = 1024 (custom)
2023-09-12 21:06:15,018 [f43f4bf5-e3da-46fb-853a-448d0a4c527e-groupManagement] INFO  server.RaftServerConfigKeys (ConfUtils.java:logGet(46)) - raft.server.log.segment.size.max = 1048576 (custom)
2023-09-12 21:06:15,018 [f43f4bf5-e3da-46fb-853a-448d0a4c527e-groupManagement] INFO  server.RaftServerConfigKeys (ConfUtils.java:logGet(46)) - raft.server.log.preallocated.size = 16384 (custom)
2023-09-12 21:06:15,018 [f43f4bf5-e3da-46fb-853a-448d0a4c527e-groupManagement] INFO  server.RaftServerConfigKeys (ConfUtils.java:logGet(46)) - raft.server.log.force.sync.num = 128 (default)
2023-09-12 21:06:15,018 [f43f4bf5-e3da-46fb-853a-448d0a4c527e-groupManagement] INFO  server.RaftServerConfigKeys (ConfUtils.java:logGet(46)) - raft.server.log.statemachine.data.sync = true (default)
2023-09-12 21:06:15,018 [f43f4bf5-e3da-46fb-853a-448d0a4c527e-groupManagement] INFO  server.RaftServerConfigKeys (ConfUtils.java:logGet(46)) - raft.server.log.statemachine.data.sync.timeout = 10s (default)
2023-09-12 21:06:15,018 [f43f4bf5-e3da-46fb-853a-448d0a4c527e-groupManagement] INFO  server.RaftServerConfigKeys (ConfUtils.java:logGet(46)) - raft.server.log.statemachine.data.sync.timeout.retry = -1 (default)
2023-09-12 21:06:15,018 [f43f4bf5-e3da-46fb-853a-448d0a4c527e-groupManagement] INFO  server.RaftServerConfigKeys (ConfUtils.java:logGet(46)) - raft.server.log.write.buffer.size = 1048576 (custom)
2023-09-12 21:06:15,019 [f43f4bf5-e3da-46fb-853a-448d0a4c527e-groupManagement] INFO  server.RaftServerConfigKeys (ConfUtils.java:logGet(46)) - raft.server.log.appender.buffer.byte-limit = 33554432 (custom)
2023-09-12 21:06:15,027 [f43f4bf5-e3da-46fb-853a-448d0a4c527e-groupManagement] INFO  server.RaftServerConfigKeys (ConfUtils.java:logGet(46)) - raft.server.log.unsafe-flush.enabled = false (default)
2023-09-12 21:06:15,027 [f43f4bf5-e3da-46fb-853a-448d0a4c527e-groupManagement] INFO  server.RaftServerConfigKeys (ConfUtils.java:logGet(46)) - raft.server.log.async-flush.enabled = false (default)
2023-09-12 21:06:15,027 [f43f4bf5-e3da-46fb-853a-448d0a4c527e-groupManagement] INFO  server.RaftServerConfigKeys (ConfUtils.java:logGet(46)) - raft.server.log.statemachine.data.caching.enabled = true (custom)
2023-09-12 21:06:15,027 [f43f4bf5-e3da-46fb-853a-448d0a4c527e-groupManagement] INFO  segmented.SegmentedRaftLogWorker (SegmentedRaftLogWorker.java:lambda$new$0(135)) - f43f4bf5-e3da-46fb-853a-448d0a4c527e@group-DFB346B9BD4F-SegmentedRaftLogWorker: flushIndex: setUnconditionally 0 -> -1
2023-09-12 21:06:15,027 [f43f4bf5-e3da-46fb-853a-448d0a4c527e-groupManagement] INFO  segmented.SegmentedRaftLogWorker (SegmentedRaftLogWorker.java:lambda$new$0(135)) - f43f4bf5-e3da-46fb-853a-448d0a4c527e@group-DFB346B9BD4F-SegmentedRaftLogWorker: safeCacheEvictIndex: setUnconditionally 0 -> -1
2023-09-12 21:06:15,027 [f43f4bf5-e3da-46fb-853a-448d0a4c527e-groupManagement] INFO  server.RaftServer$Division (RaftServerImpl.java:start(342)) - f43f4bf5-e3da-46fb-853a-448d0a4c527e@group-DFB346B9BD4F: start as a follower, conf=-1: peers:[f43f4bf5-e3da-46fb-853a-448d0a4c527e|rpc:10.1.0.4:15103|admin:10.1.0.4:15102|client:10.1.0.4:15101|dataStream:10.1.0.4:15104|priority:1|startupRole:FOLLOWER]|listeners:[], old=null
2023-09-12 21:06:15,027 [f43f4bf5-e3da-46fb-853a-448d0a4c527e-groupManagement] INFO  server.RaftServer$Division (RaftServerImpl.java:setRole(329)) - f43f4bf5-e3da-46fb-853a-448d0a4c527e@group-DFB346B9BD4F: changes role from      null to FOLLOWER at term 0 for startAsFollower
2023-09-12 21:06:15,027 [f43f4bf5-e3da-46fb-853a-448d0a4c527e-groupManagement] INFO  impl.RoleInfo (RoleInfo.java:updateAndGet(139)) - f43f4bf5-e3da-46fb-853a-448d0a4c527e: start f43f4bf5-e3da-46fb-853a-448d0a4c527e@group-DFB346B9BD4F-FollowerState
2023-09-12 21:06:15,030 [f43f4bf5-e3da-46fb-853a-448d0a4c527e@group-DFB346B9BD4F-FollowerState] INFO  server.RaftServerConfigKeys (ConfUtils.java:logFallback(53)) - raft.server.rpc.first-election.timeout.min = 5s (fallback to raft.server.rpc.timeout.min)
2023-09-12 21:06:15,030 [f43f4bf5-e3da-46fb-853a-448d0a4c527e-groupManagement] INFO  util.JmxRegister (JmxRegister.java:tryRegister(44)) - Successfully registered JMX Bean with object name Ratis:service=RaftServer,group=group-DFB346B9BD4F,id=f43f4bf5-e3da-46fb-853a-448d0a4c527e
2023-09-12 21:06:15,030 [f43f4bf5-e3da-46fb-853a-448d0a4c527e@group-DFB346B9BD4F-FollowerState] INFO  server.RaftServerConfigKeys (ConfUtils.java:logFallback(53)) - raft.server.rpc.first-election.timeout.max = 5200ms (fallback to raft.server.rpc.timeout.max)
2023-09-12 21:06:15,030 [f43f4bf5-e3da-46fb-853a-448d0a4c527e-groupManagement] INFO  server.RaftServerConfigKeys (ConfUtils.java:logGet(46)) - raft.server.snapshot.auto.trigger.enabled = true (custom)
2023-09-12 21:06:15,034 [f43f4bf5-e3da-46fb-853a-448d0a4c527e-groupManagement] INFO  server.RaftServerConfigKeys (ConfUtils.java:logGet(46)) - raft.server.snapshot.auto.trigger.threshold = 10000 (custom)
2023-09-12 21:06:15,034 [f43f4bf5-e3da-46fb-853a-448d0a4c527e-groupManagement] INFO  server.RaftServerConfigKeys (ConfUtils.java:logGet(46)) - raft.server.snapshot.retention.file.num = 5 (custom)
2023-09-12 21:06:15,034 [f43f4bf5-e3da-46fb-853a-448d0a4c527e-groupManagement] INFO  server.RaftServerConfigKeys (ConfUtils.java:logGet(46)) - raft.server.log.purge.upto.snapshot.index = false (default)
2023-09-12 21:06:15,034 [PipelineCommandHandlerThread-0] INFO  ratis.XceiverServerRatis (XceiverServerRatis.java:addGroup(804)) - Created group PipelineID=68cf8fec-e7b6-4c11-92c4-dfb346b9bd4f
2023-09-12 21:06:15,034 [PipelineCommandHandlerThread-0] INFO  commandhandler.CreatePipelineCommandHandler (CreatePipelineCommandHandler.java:lambda$handle$2(124)) - Created Pipeline RATIS ONE PipelineID=68cf8fec-e7b6-4c11-92c4-dfb346b9bd4f.
2023-09-12 21:06:16,020 [JUnit] INFO  ozone.MiniOzoneClusterImpl (MiniOzoneClusterImpl.java:lambda$waitForClusterToBeReady$0(224)) - Nodes are ready. Got 5 of 5 DN Heartbeats.
2023-09-12 21:06:16,020 [JUnit] INFO  ozone.MiniOzoneClusterImpl (MiniOzoneClusterImpl.java:lambda$waitForClusterToBeReady$0(227)) - Waiting for cluster to exit safe mode
2023-09-12 21:06:16,020 [JUnit] INFO  ozone.MiniOzoneClusterImpl (MiniOzoneClusterImpl.java:lambda$waitForClusterToBeReady$0(229)) - SCM became leader
2023-09-12 21:06:16,022 [JvmPauseMonitor9] WARN  util.JvmPauseMonitor (JvmPauseMonitor.java:detectPause(124)) - JvmPauseMonitor-26fac33b-208f-4640-bb04-d749a6a7a791: Detected pause in JVM or host machine approximately 0.146s with 0.382s GC time.
GC pool 'PS MarkSweep' had collection(s): count=1 time=226ms
GC pool 'PS Scavenge' had collection(s): count=1 time=156ms
2023-09-12 21:06:16,022 [JvmPauseMonitor12] WARN  util.JvmPauseMonitor (JvmPauseMonitor.java:detectPause(124)) - JvmPauseMonitor-848a01ca-5184-442c-a48d-c49485176211: Detected pause in JVM or host machine approximately 0.245s with 0.382s GC time.
GC pool 'PS MarkSweep' had collection(s): count=1 time=226ms
GC pool 'PS Scavenge' had collection(s): count=1 time=156ms
2023-09-12 21:06:16,027 [JvmPauseMonitor10] WARN  util.JvmPauseMonitor (JvmPauseMonitor.java:detectPause(124)) - JvmPauseMonitor-406ee6b1-fa0c-4161-b052-c61e2a13dd66: Detected pause in JVM or host machine approximately 0.351s with 0.382s GC time.
GC pool 'PS MarkSweep' had collection(s): count=1 time=226ms
GC pool 'PS Scavenge' had collection(s): count=1 time=156ms
2023-09-12 21:06:16,027 [JvmPauseMonitor7] WARN  util.JvmPauseMonitor (JvmPauseMonitor.java:detectPause(124)) - JvmPauseMonitor-64f6507d-6eb6-4fb4-b432-43d2ab219201: Detected pause in JVM or host machine approximately 0.355s with 0.382s GC time.
GC pool 'PS MarkSweep' had collection(s): count=1 time=226ms
GC pool 'PS Scavenge' had collection(s): count=1 time=156ms
2023-09-12 21:06:17,020 [JUnit] INFO  ozone.MiniOzoneClusterImpl (MiniOzoneClusterImpl.java:lambda$waitForClusterToBeReady$0(224)) - Nodes are ready. Got 5 of 5 DN Heartbeats.
2023-09-12 21:06:17,021 [JUnit] INFO  ozone.MiniOzoneClusterImpl (MiniOzoneClusterImpl.java:lambda$waitForClusterToBeReady$0(227)) - Waiting for cluster to exit safe mode
2023-09-12 21:06:17,021 [JUnit] INFO  ozone.MiniOzoneClusterImpl (MiniOzoneClusterImpl.java:lambda$waitForClusterToBeReady$0(229)) - SCM became leader
2023-09-12 21:06:18,022 [JUnit] INFO  ozone.MiniOzoneClusterImpl (MiniOzoneClusterImpl.java:lambda$waitForClusterToBeReady$0(224)) - Nodes are ready. Got 5 of 5 DN Heartbeats.
2023-09-12 21:06:18,022 [JUnit] INFO  ozone.MiniOzoneClusterImpl (MiniOzoneClusterImpl.java:lambda$waitForClusterToBeReady$0(227)) - Waiting for cluster to exit safe mode
2023-09-12 21:06:18,023 [JUnit] INFO  ozone.MiniOzoneClusterImpl (MiniOzoneClusterImpl.java:lambda$waitForClusterToBeReady$0(229)) - SCM became leader
2023-09-12 21:06:18,917 [52e1c3a5-ad40-4f65-b13a-90cebad8bc80@group-363926AAB1D0-FollowerState] INFO  impl.FollowerState (FollowerState.java:run(143)) - 52e1c3a5-ad40-4f65-b13a-90cebad8bc80@group-363926AAB1D0-FollowerState: change to CANDIDATE, lastRpcElapsedTime:5030553530ns, electionTimeout:5030ms
2023-09-12 21:06:18,917 [52e1c3a5-ad40-4f65-b13a-90cebad8bc80@group-363926AAB1D0-FollowerState] INFO  impl.RoleInfo (RoleInfo.java:shutdownFollowerState(110)) - 52e1c3a5-ad40-4f65-b13a-90cebad8bc80: shutdown 52e1c3a5-ad40-4f65-b13a-90cebad8bc80@group-363926AAB1D0-FollowerState
2023-09-12 21:06:18,917 [52e1c3a5-ad40-4f65-b13a-90cebad8bc80@group-363926AAB1D0-FollowerState] INFO  server.RaftServer$Division (RaftServerImpl.java:setRole(329)) - 52e1c3a5-ad40-4f65-b13a-90cebad8bc80@group-363926AAB1D0: changes role from  FOLLOWER to CANDIDATE at term 0 for changeToCandidate
2023-09-12 21:06:18,917 [52e1c3a5-ad40-4f65-b13a-90cebad8bc80@group-363926AAB1D0-FollowerState] INFO  server.RaftServerConfigKeys (ConfUtils.java:logGet(46)) - raft.server.leaderelection.pre-vote = true (default)
2023-09-12 21:06:18,917 [52e1c3a5-ad40-4f65-b13a-90cebad8bc80@group-363926AAB1D0-FollowerState] INFO  impl.RoleInfo (RoleInfo.java:updateAndGet(139)) - 52e1c3a5-ad40-4f65-b13a-90cebad8bc80: start 52e1c3a5-ad40-4f65-b13a-90cebad8bc80@group-363926AAB1D0-LeaderElection11
2023-09-12 21:06:18,920 [52e1c3a5-ad40-4f65-b13a-90cebad8bc80@group-363926AAB1D0-LeaderElection11] INFO  impl.LeaderElection (LeaderElection.java:askForVotes(321)) - 52e1c3a5-ad40-4f65-b13a-90cebad8bc80@group-363926AAB1D0-LeaderElection11 PRE_VOTE round 0: submit vote requests at term 0 for -1: peers:[26fac33b-208f-4640-bb04-d749a6a7a791|rpc:10.1.0.4:15067|admin:10.1.0.4:15066|client:10.1.0.4:15065|dataStream:10.1.0.4:15068|priority:1|startupRole:FOLLOWER, 406ee6b1-fa0c-4161-b052-c61e2a13dd66|rpc:10.1.0.4:15076|admin:10.1.0.4:15075|client:10.1.0.4:15074|dataStream:10.1.0.4:15077|priority:0|startupRole:FOLLOWER, 52e1c3a5-ad40-4f65-b13a-90cebad8bc80|rpc:10.1.0.4:15085|admin:10.1.0.4:15084|client:10.1.0.4:15083|dataStream:10.1.0.4:15086|priority:0|startupRole:FOLLOWER]|listeners:[], old=null
2023-09-12 21:06:18,920 [52e1c3a5-ad40-4f65-b13a-90cebad8bc80@group-363926AAB1D0-LeaderElection11-1] INFO  server.GrpcServerProtocolClient (GrpcServerProtocolClient.java:<init>(65)) - Build channel for 26fac33b-208f-4640-bb04-d749a6a7a791
2023-09-12 21:06:18,923 [52e1c3a5-ad40-4f65-b13a-90cebad8bc80@group-363926AAB1D0-LeaderElection11] INFO  server.RaftServerConfigKeys (ConfUtils.java:logFallback(53)) - raft.server.rpc.first-election.timeout.min = 5s (fallback to raft.server.rpc.timeout.min)
2023-09-12 21:06:18,923 [52e1c3a5-ad40-4f65-b13a-90cebad8bc80@group-363926AAB1D0-LeaderElection11] INFO  server.RaftServerConfigKeys (ConfUtils.java:logFallback(53)) - raft.server.rpc.first-election.timeout.max = 5200ms (fallback to raft.server.rpc.timeout.max)
2023-09-12 21:06:18,923 [52e1c3a5-ad40-4f65-b13a-90cebad8bc80@group-363926AAB1D0-LeaderElection11-2] INFO  server.GrpcServerProtocolClient (GrpcServerProtocolClient.java:<init>(65)) - Build channel for 406ee6b1-fa0c-4161-b052-c61e2a13dd66
2023-09-12 21:06:18,926 [26fac33b-208f-4640-bb04-d749a6a7a791@group-174A37851EAC-FollowerState] INFO  impl.FollowerState (FollowerState.java:run(143)) - 26fac33b-208f-4640-bb04-d749a6a7a791@group-174A37851EAC-FollowerState: change to CANDIDATE, lastRpcElapsedTime:5086176314ns, electionTimeout:5084ms
2023-09-12 21:06:18,927 [26fac33b-208f-4640-bb04-d749a6a7a791@group-174A37851EAC-FollowerState] INFO  impl.RoleInfo (RoleInfo.java:shutdownFollowerState(110)) - 26fac33b-208f-4640-bb04-d749a6a7a791: shutdown 26fac33b-208f-4640-bb04-d749a6a7a791@group-174A37851EAC-FollowerState
2023-09-12 21:06:18,927 [26fac33b-208f-4640-bb04-d749a6a7a791@group-174A37851EAC-FollowerState] INFO  server.RaftServer$Division (RaftServerImpl.java:setRole(329)) - 26fac33b-208f-4640-bb04-d749a6a7a791@group-174A37851EAC: changes role from  FOLLOWER to CANDIDATE at term 0 for changeToCandidate
2023-09-12 21:06:18,927 [26fac33b-208f-4640-bb04-d749a6a7a791@group-174A37851EAC-FollowerState] INFO  server.RaftServerConfigKeys (ConfUtils.java:logGet(46)) - raft.server.leaderelection.pre-vote = true (default)
2023-09-12 21:06:18,927 [26fac33b-208f-4640-bb04-d749a6a7a791@group-174A37851EAC-FollowerState] INFO  impl.RoleInfo (RoleInfo.java:updateAndGet(139)) - 26fac33b-208f-4640-bb04-d749a6a7a791: start 26fac33b-208f-4640-bb04-d749a6a7a791@group-174A37851EAC-LeaderElection12
2023-09-12 21:06:18,931 [grpc-default-executor-11] INFO  server.RaftServer$Division (RaftServerImpl.java:requestVote(1302)) - 26fac33b-208f-4640-bb04-d749a6a7a791@group-363926AAB1D0: receive requestVote(PRE_VOTE, 52e1c3a5-ad40-4f65-b13a-90cebad8bc80, group-363926AAB1D0, 0, (t:0, i:0))
2023-09-12 21:06:18,931 [grpc-default-executor-11] INFO  impl.VoteContext (VoteContext.java:log(49)) - 26fac33b-208f-4640-bb04-d749a6a7a791@group-363926AAB1D0-FOLLOWER: reject PRE_VOTE from 52e1c3a5-ad40-4f65-b13a-90cebad8bc80: our priority 1 > candidate's priority 0
2023-09-12 21:06:18,931 [grpc-default-executor-11] INFO  server.RaftServer$Division (RaftServerImpl.java:requestVote(1335)) - 26fac33b-208f-4640-bb04-d749a6a7a791@group-363926AAB1D0 replies to PRE_VOTE vote request: 52e1c3a5-ad40-4f65-b13a-90cebad8bc80<-26fac33b-208f-4640-bb04-d749a6a7a791#0:FAIL-t0. Peer's state: 26fac33b-208f-4640-bb04-d749a6a7a791@group-363926AAB1D0:t0, leader=null, voted=, raftlog=Memoized:26fac33b-208f-4640-bb04-d749a6a7a791@group-363926AAB1D0-SegmentedRaftLog:OPENED:c-1, conf=-1: peers:[26fac33b-208f-4640-bb04-d749a6a7a791|rpc:10.1.0.4:15067|admin:10.1.0.4:15066|client:10.1.0.4:15065|dataStream:10.1.0.4:15068|priority:1|startupRole:FOLLOWER, 406ee6b1-fa0c-4161-b052-c61e2a13dd66|rpc:10.1.0.4:15076|admin:10.1.0.4:15075|client:10.1.0.4:15074|dataStream:10.1.0.4:15077|priority:0|startupRole:FOLLOWER, 52e1c3a5-ad40-4f65-b13a-90cebad8bc80|rpc:10.1.0.4:15085|admin:10.1.0.4:15084|client:10.1.0.4:15083|dataStream:10.1.0.4:15086|priority:0|startupRole:FOLLOWER]|listeners:[], old=null
2023-09-12 21:06:18,937 [52e1c3a5-ad40-4f65-b13a-90cebad8bc80@group-363926AAB1D0-LeaderElection11] INFO  impl.LeaderElection (LeaderElection.java:logAndReturn(90)) - 52e1c3a5-ad40-4f65-b13a-90cebad8bc80@group-363926AAB1D0-LeaderElection11: PRE_VOTE REJECTED received 1 response(s) and 0 exception(s):
2023-09-12 21:06:18,938 [52e1c3a5-ad40-4f65-b13a-90cebad8bc80@group-363926AAB1D0-LeaderElection11] INFO  impl.LeaderElection (LeaderElection.java:logAndReturn(94)) -   Response 0: 52e1c3a5-ad40-4f65-b13a-90cebad8bc80<-26fac33b-208f-4640-bb04-d749a6a7a791#0:FAIL-t0
2023-09-12 21:06:18,938 [52e1c3a5-ad40-4f65-b13a-90cebad8bc80@group-363926AAB1D0-LeaderElection11] INFO  impl.LeaderElection (LeaderElection.java:askForVotes(323)) - 52e1c3a5-ad40-4f65-b13a-90cebad8bc80@group-363926AAB1D0-LeaderElection11 PRE_VOTE round 0: result REJECTED
2023-09-12 21:06:18,938 [52e1c3a5-ad40-4f65-b13a-90cebad8bc80@group-363926AAB1D0-LeaderElection11] INFO  server.RaftServer$Division (RaftServerImpl.java:setRole(329)) - 52e1c3a5-ad40-4f65-b13a-90cebad8bc80@group-363926AAB1D0: changes role from CANDIDATE to FOLLOWER at term 0 for REJECTED
2023-09-12 21:06:18,938 [52e1c3a5-ad40-4f65-b13a-90cebad8bc80@group-363926AAB1D0-LeaderElection11] INFO  impl.RoleInfo (RoleInfo.java:shutdownLeaderElection(130)) - 52e1c3a5-ad40-4f65-b13a-90cebad8bc80: shutdown 52e1c3a5-ad40-4f65-b13a-90cebad8bc80@group-363926AAB1D0-LeaderElection11
2023-09-12 21:06:18,938 [52e1c3a5-ad40-4f65-b13a-90cebad8bc80@group-363926AAB1D0-LeaderElection11] INFO  impl.RoleInfo (RoleInfo.java:updateAndGet(139)) - 52e1c3a5-ad40-4f65-b13a-90cebad8bc80: start 52e1c3a5-ad40-4f65-b13a-90cebad8bc80@group-363926AAB1D0-FollowerState
2023-09-12 21:06:18,939 [grpc-default-executor-11] INFO  server.RaftServer$Division (RaftServerImpl.java:requestVote(1302)) - 406ee6b1-fa0c-4161-b052-c61e2a13dd66@group-363926AAB1D0: receive requestVote(PRE_VOTE, 52e1c3a5-ad40-4f65-b13a-90cebad8bc80, group-363926AAB1D0, 0, (t:0, i:0))
2023-09-12 21:06:18,939 [grpc-default-executor-11] INFO  impl.VoteContext (VoteContext.java:log(49)) - 406ee6b1-fa0c-4161-b052-c61e2a13dd66@group-363926AAB1D0-FOLLOWER: accept PRE_VOTE from 52e1c3a5-ad40-4f65-b13a-90cebad8bc80: our priority 0 <= candidate's priority 0
2023-09-12 21:06:18,939 [grpc-default-executor-11] INFO  server.RaftServer$Division (RaftServerImpl.java:requestVote(1335)) - 406ee6b1-fa0c-4161-b052-c61e2a13dd66@group-363926AAB1D0 replies to PRE_VOTE vote request: 52e1c3a5-ad40-4f65-b13a-90cebad8bc80<-406ee6b1-fa0c-4161-b052-c61e2a13dd66#0:OK-t0. Peer's state: 406ee6b1-fa0c-4161-b052-c61e2a13dd66@group-363926AAB1D0:t0, leader=null, voted=, raftlog=Memoized:406ee6b1-fa0c-4161-b052-c61e2a13dd66@group-363926AAB1D0-SegmentedRaftLog:OPENED:c-1, conf=-1: peers:[26fac33b-208f-4640-bb04-d749a6a7a791|rpc:10.1.0.4:15067|admin:10.1.0.4:15066|client:10.1.0.4:15065|dataStream:10.1.0.4:15068|priority:1|startupRole:FOLLOWER, 406ee6b1-fa0c-4161-b052-c61e2a13dd66|rpc:10.1.0.4:15076|admin:10.1.0.4:15075|client:10.1.0.4:15074|dataStream:10.1.0.4:15077|priority:0|startupRole:FOLLOWER, 52e1c3a5-ad40-4f65-b13a-90cebad8bc80|rpc:10.1.0.4:15085|admin:10.1.0.4:15084|client:10.1.0.4:15083|dataStream:10.1.0.4:15086|priority:0|startupRole:FOLLOWER]|listeners:[], old=null
2023-09-12 21:06:18,941 [26fac33b-208f-4640-bb04-d749a6a7a791@group-174A37851EAC-LeaderElection12] INFO  impl.LeaderElection (LeaderElection.java:askForVotes(321)) - 26fac33b-208f-4640-bb04-d749a6a7a791@group-174A37851EAC-LeaderElection12 PRE_VOTE round 0: submit vote requests at term 0 for -1: peers:[26fac33b-208f-4640-bb04-d749a6a7a791|rpc:10.1.0.4:15067|admin:10.1.0.4:15066|client:10.1.0.4:15065|dataStream:10.1.0.4:15068|priority:1|startupRole:FOLLOWER]|listeners:[], old=null
2023-09-12 21:06:18,941 [26fac33b-208f-4640-bb04-d749a6a7a791@group-174A37851EAC-LeaderElection12] INFO  impl.LeaderElection (LeaderElection.java:askForVotes(323)) - 26fac33b-208f-4640-bb04-d749a6a7a791@group-174A37851EAC-LeaderElection12 PRE_VOTE round 0: result PASSED (term=0)
2023-09-12 21:06:18,944 [26fac33b-208f-4640-bb04-d749a6a7a791@group-174A37851EAC-LeaderElection12] INFO  impl.LeaderElection (LeaderElection.java:askForVotes(321)) - 26fac33b-208f-4640-bb04-d749a6a7a791@group-174A37851EAC-LeaderElection12 ELECTION round 0: submit vote requests at term 1 for -1: peers:[26fac33b-208f-4640-bb04-d749a6a7a791|rpc:10.1.0.4:15067|admin:10.1.0.4:15066|client:10.1.0.4:15065|dataStream:10.1.0.4:15068|priority:1|startupRole:FOLLOWER]|listeners:[], old=null
2023-09-12 21:06:18,944 [26fac33b-208f-4640-bb04-d749a6a7a791@group-174A37851EAC-LeaderElection12] INFO  impl.LeaderElection (LeaderElection.java:askForVotes(323)) - 26fac33b-208f-4640-bb04-d749a6a7a791@group-174A37851EAC-LeaderElection12 ELECTION round 0: result PASSED (term=1)
2023-09-12 21:06:18,944 [26fac33b-208f-4640-bb04-d749a6a7a791@group-174A37851EAC-LeaderElection12] INFO  impl.RoleInfo (RoleInfo.java:shutdownLeaderElection(130)) - 26fac33b-208f-4640-bb04-d749a6a7a791: shutdown 26fac33b-208f-4640-bb04-d749a6a7a791@group-174A37851EAC-LeaderElection12
2023-09-12 21:06:18,944 [26fac33b-208f-4640-bb04-d749a6a7a791@group-174A37851EAC-LeaderElection12] INFO  server.RaftServer$Division (RaftServerImpl.java:setRole(329)) - 26fac33b-208f-4640-bb04-d749a6a7a791@group-174A37851EAC: changes role from CANDIDATE to LEADER at term 1 for changeToLeader
2023-09-12 21:06:18,944 [26fac33b-208f-4640-bb04-d749a6a7a791@group-174A37851EAC-LeaderElection12] INFO  ratis.XceiverServerRatis (XceiverServerRatis.java:handleLeaderChangedNotification(902)) - Leader change notification received for group: group-174A37851EAC with new leaderId: 26fac33b-208f-4640-bb04-d749a6a7a791
2023-09-12 21:06:18,944 [26fac33b-208f-4640-bb04-d749a6a7a791@group-174A37851EAC-LeaderElection12] INFO  server.RaftServer$Division (ServerState.java:setLeader(317)) - 26fac33b-208f-4640-bb04-d749a6a7a791@group-174A37851EAC: change Leader from null to 26fac33b-208f-4640-bb04-d749a6a7a791 at term 1 for becomeLeader, leader elected after 5116ms
2023-09-12 21:06:18,944 [26fac33b-208f-4640-bb04-d749a6a7a791@group-174A37851EAC-LeaderElection12] INFO  server.RaftServerConfigKeys (ConfUtils.java:logGet(46)) - raft.server.staging.catchup.gap = 1000 (default)
2023-09-12 21:06:18,944 [26fac33b-208f-4640-bb04-d749a6a7a791@group-174A37851EAC-LeaderElection12] INFO  server.RaftServerConfigKeys (ConfUtils.java:logGet(46)) - raft.server.write.element-limit = 1024 (custom)
2023-09-12 21:06:18,944 [26fac33b-208f-4640-bb04-d749a6a7a791@group-174A37851EAC-LeaderElection12] INFO  server.RaftServerConfigKeys (ConfUtils.java:logGet(46)) - raft.server.write.byte-limit = 1024 M (=1073741824) (custom)
2023-09-12 21:06:18,944 [26fac33b-208f-4640-bb04-d749a6a7a791@group-174A37851EAC-LeaderElection12] INFO  server.RaftServerConfigKeys (ConfUtils.java:logGet(46)) - raft.server.watch.timeout = 10000ms (default)
2023-09-12 21:06:18,944 [26fac33b-208f-4640-bb04-d749a6a7a791@group-174A37851EAC-LeaderElection12] INFO  server.RaftServerConfigKeys (ConfUtils.java:logGet(46)) - raft.server.watch.timeout.denomination = 1s (default)
2023-09-12 21:06:18,944 [26fac33b-208f-4640-bb04-d749a6a7a791@group-174A37851EAC-LeaderElection12] INFO  server.RaftServerConfigKeys (ConfUtils.java:logGet(46)) - raft.server.watch.element-limit = 65536 (default)
2023-09-12 21:06:18,945 [26fac33b-208f-4640-bb04-d749a6a7a791@group-174A37851EAC-LeaderElection12] INFO  server.RaftServerConfigKeys (ConfUtils.java:logGet(46)) - raft.server.write.element-limit = 1024 (custom)
2023-09-12 21:06:18,945 [26fac33b-208f-4640-bb04-d749a6a7a791@group-174A37851EAC-LeaderElection12] INFO  server.RaftServerConfigKeys (ConfUtils.java:logGet(46)) - raft.server.write.follower.gap.ratio.max = -1.0 (default)
2023-09-12 21:06:18,945 [26fac33b-208f-4640-bb04-d749a6a7a791@group-174A37851EAC-LeaderElection12] INFO  impl.RoleInfo (RoleInfo.java:updateAndGet(139)) - 26fac33b-208f-4640-bb04-d749a6a7a791: start 26fac33b-208f-4640-bb04-d749a6a7a791@group-174A37851EAC-LeaderStateImpl
2023-09-12 21:06:18,945 [26fac33b-208f-4640-bb04-d749a6a7a791@group-174A37851EAC-LeaderElection12] INFO  segmented.SegmentedRaftLogWorker (SegmentedRaftLogWorker.java:startLogSegment(447)) - 26fac33b-208f-4640-bb04-d749a6a7a791@group-174A37851EAC-SegmentedRaftLogWorker: Starting segment from index:0
2023-09-12 21:06:18,947 [EventQueue-OpenPipelineForHealthyPipelineSafeModeRule] INFO  safemode.SCMSafeModeManager (HealthyPipelineSafeModeRule.java:process(137)) - SCM in safe mode. Healthy pipelines reported count is 0, required healthy pipeline reported count is 1
2023-09-12 21:06:18,948 [26fac33b-208f-4640-bb04-d749a6a7a791@group-174A37851EAC-SegmentedRaftLogWorker] INFO  segmented.SegmentedRaftLogWorker (SegmentedRaftLogWorker.java:execute(651)) - 26fac33b-208f-4640-bb04-d749a6a7a791@group-174A37851EAC-SegmentedRaftLogWorker: created new log segment /home/runner/work/ozone/ozone/hadoop-ozone/integration-test/target/test-dir/MiniOzoneClusterImpl-b2199f83-407c-4d6c-939a-90a6ee7b9086/datanode-0/data/ratis/2351b30d-1d4f-43c4-ac00-174a37851eac/current/log_inprogress_0
2023-09-12 21:06:18,949 [26fac33b-208f-4640-bb04-d749a6a7a791@group-174A37851EAC-LeaderElection12] INFO  server.RaftServer$Division (ServerState.java:setRaftConf(434)) - 26fac33b-208f-4640-bb04-d749a6a7a791@group-174A37851EAC: set configuration 0: peers:[26fac33b-208f-4640-bb04-d749a6a7a791|rpc:10.1.0.4:15067|admin:10.1.0.4:15066|client:10.1.0.4:15065|dataStream:10.1.0.4:15068|priority:1|startupRole:FOLLOWER]|listeners:[], old=null
2023-09-12 21:06:19,019 [26fac33b-208f-4640-bb04-d749a6a7a791@group-363926AAB1D0-FollowerState] INFO  impl.FollowerState (FollowerState.java:run(143)) - 26fac33b-208f-4640-bb04-d749a6a7a791@group-363926AAB1D0-FollowerState: change to CANDIDATE, lastRpcElapsedTime:5162293534ns, electionTimeout:5161ms
2023-09-12 21:06:19,019 [26fac33b-208f-4640-bb04-d749a6a7a791@group-363926AAB1D0-FollowerState] INFO  impl.RoleInfo (RoleInfo.java:shutdownFollowerState(110)) - 26fac33b-208f-4640-bb04-d749a6a7a791: shutdown 26fac33b-208f-4640-bb04-d749a6a7a791@group-363926AAB1D0-FollowerState
2023-09-12 21:06:19,019 [26fac33b-208f-4640-bb04-d749a6a7a791@group-363926AAB1D0-FollowerState] INFO  server.RaftServer$Division (RaftServerImpl.java:setRole(329)) - 26fac33b-208f-4640-bb04-d749a6a7a791@group-363926AAB1D0: changes role from  FOLLOWER to CANDIDATE at term 0 for changeToCandidate
2023-09-12 21:06:19,019 [26fac33b-208f-4640-bb04-d749a6a7a791@group-363926AAB1D0-FollowerState] INFO  server.RaftServerConfigKeys (ConfUtils.java:logGet(46)) - raft.server.leaderelection.pre-vote = true (default)
2023-09-12 21:06:19,019 [26fac33b-208f-4640-bb04-d749a6a7a791@group-363926AAB1D0-FollowerState] INFO  impl.RoleInfo (RoleInfo.java:updateAndGet(139)) - 26fac33b-208f-4640-bb04-d749a6a7a791: start 26fac33b-208f-4640-bb04-d749a6a7a791@group-363926AAB1D0-LeaderElection13
2023-09-12 21:06:19,020 [26fac33b-208f-4640-bb04-d749a6a7a791@group-363926AAB1D0-LeaderElection13] INFO  impl.LeaderElection (LeaderElection.java:askForVotes(321)) - 26fac33b-208f-4640-bb04-d749a6a7a791@group-363926AAB1D0-LeaderElection13 PRE_VOTE round 0: submit vote requests at term 0 for -1: peers:[26fac33b-208f-4640-bb04-d749a6a7a791|rpc:10.1.0.4:15067|admin:10.1.0.4:15066|client:10.1.0.4:15065|dataStream:10.1.0.4:15068|priority:1|startupRole:FOLLOWER, 406ee6b1-fa0c-4161-b052-c61e2a13dd66|rpc:10.1.0.4:15076|admin:10.1.0.4:15075|client:10.1.0.4:15074|dataStream:10.1.0.4:15077|priority:0|startupRole:FOLLOWER, 52e1c3a5-ad40-4f65-b13a-90cebad8bc80|rpc:10.1.0.4:15085|admin:10.1.0.4:15084|client:10.1.0.4:15083|dataStream:10.1.0.4:15086|priority:0|startupRole:FOLLOWER]|listeners:[], old=null
2023-09-12 21:06:19,020 [26fac33b-208f-4640-bb04-d749a6a7a791@group-363926AAB1D0-LeaderElection13-1] INFO  server.GrpcServerProtocolClient (GrpcServerProtocolClient.java:<init>(65)) - Build channel for 406ee6b1-fa0c-4161-b052-c61e2a13dd66
2023-09-12 21:06:19,021 [26fac33b-208f-4640-bb04-d749a6a7a791@group-363926AAB1D0-LeaderElection13] INFO  server.RaftServerConfigKeys (ConfUtils.java:logFallback(53)) - raft.server.rpc.first-election.timeout.min = 5s (fallback to raft.server.rpc.timeout.min)
2023-09-12 21:06:19,021 [26fac33b-208f-4640-bb04-d749a6a7a791@group-363926AAB1D0-LeaderElection13] INFO  server.RaftServerConfigKeys (ConfUtils.java:logFallback(53)) - raft.server.rpc.first-election.timeout.max = 5200ms (fallback to raft.server.rpc.timeout.max)
2023-09-12 21:06:19,022 [26fac33b-208f-4640-bb04-d749a6a7a791@group-363926AAB1D0-LeaderElection13-2] INFO  server.GrpcServerProtocolClient (GrpcServerProtocolClient.java:<init>(65)) - Build channel for 52e1c3a5-ad40-4f65-b13a-90cebad8bc80
2023-09-12 21:06:19,024 [JUnit] INFO  ozone.MiniOzoneClusterImpl (MiniOzoneClusterImpl.java:lambda$waitForClusterToBeReady$0(224)) - Nodes are ready. Got 5 of 5 DN Heartbeats.
2023-09-12 21:06:19,024 [JUnit] INFO  ozone.MiniOzoneClusterImpl (MiniOzoneClusterImpl.java:lambda$waitForClusterToBeReady$0(227)) - Waiting for cluster to exit safe mode
2023-09-12 21:06:19,024 [JUnit] INFO  ozone.MiniOzoneClusterImpl (MiniOzoneClusterImpl.java:lambda$waitForClusterToBeReady$0(229)) - SCM became leader
2023-09-12 21:06:19,034 [grpc-default-executor-11] INFO  server.RaftServer$Division (RaftServerImpl.java:requestVote(1302)) - 52e1c3a5-ad40-4f65-b13a-90cebad8bc80@group-363926AAB1D0: receive requestVote(PRE_VOTE, 26fac33b-208f-4640-bb04-d749a6a7a791, group-363926AAB1D0, 0, (t:0, i:0))
2023-09-12 21:06:19,034 [grpc-default-executor-11] INFO  impl.VoteContext (VoteContext.java:log(49)) - 52e1c3a5-ad40-4f65-b13a-90cebad8bc80@group-363926AAB1D0-FOLLOWER: accept PRE_VOTE from 26fac33b-208f-4640-bb04-d749a6a7a791: our priority 0 <= candidate's priority 1
2023-09-12 21:06:19,034 [grpc-default-executor-11] INFO  server.RaftServer$Division (RaftServerImpl.java:requestVote(1335)) - 52e1c3a5-ad40-4f65-b13a-90cebad8bc80@group-363926AAB1D0 replies to PRE_VOTE vote request: 26fac33b-208f-4640-bb04-d749a6a7a791<-52e1c3a5-ad40-4f65-b13a-90cebad8bc80#0:OK-t0. Peer's state: 52e1c3a5-ad40-4f65-b13a-90cebad8bc80@group-363926AAB1D0:t0, leader=null, voted=, raftlog=Memoized:52e1c3a5-ad40-4f65-b13a-90cebad8bc80@group-363926AAB1D0-SegmentedRaftLog:OPENED:c-1, conf=-1: peers:[26fac33b-208f-4640-bb04-d749a6a7a791|rpc:10.1.0.4:15067|admin:10.1.0.4:15066|client:10.1.0.4:15065|dataStream:10.1.0.4:15068|priority:1|startupRole:FOLLOWER, 406ee6b1-fa0c-4161-b052-c61e2a13dd66|rpc:10.1.0.4:15076|admin:10.1.0.4:15075|client:10.1.0.4:15074|dataStream:10.1.0.4:15077|priority:0|startupRole:FOLLOWER, 52e1c3a5-ad40-4f65-b13a-90cebad8bc80|rpc:10.1.0.4:15085|admin:10.1.0.4:15084|client:10.1.0.4:15083|dataStream:10.1.0.4:15086|priority:0|startupRole:FOLLOWER]|listeners:[], old=null
2023-09-12 21:06:19,036 [grpc-default-executor-11] INFO  server.RaftServer$Division (RaftServerImpl.java:requestVote(1302)) - 406ee6b1-fa0c-4161-b052-c61e2a13dd66@group-363926AAB1D0: receive requestVote(PRE_VOTE, 26fac33b-208f-4640-bb04-d749a6a7a791, group-363926AAB1D0, 0, (t:0, i:0))
2023-09-12 21:06:19,037 [grpc-default-executor-11] INFO  impl.VoteContext (VoteContext.java:log(49)) - 406ee6b1-fa0c-4161-b052-c61e2a13dd66@group-363926AAB1D0-FOLLOWER: accept PRE_VOTE from 26fac33b-208f-4640-bb04-d749a6a7a791: our priority 0 <= candidate's priority 1
2023-09-12 21:06:19,037 [grpc-default-executor-11] INFO  server.RaftServer$Division (RaftServerImpl.java:requestVote(1335)) - 406ee6b1-fa0c-4161-b052-c61e2a13dd66@group-363926AAB1D0 replies to PRE_VOTE vote request: 26fac33b-208f-4640-bb04-d749a6a7a791<-406ee6b1-fa0c-4161-b052-c61e2a13dd66#0:OK-t0. Peer's state: 406ee6b1-fa0c-4161-b052-c61e2a13dd66@group-363926AAB1D0:t0, leader=null, voted=, raftlog=Memoized:406ee6b1-fa0c-4161-b052-c61e2a13dd66@group-363926AAB1D0-SegmentedRaftLog:OPENED:c-1, conf=-1: peers:[26fac33b-208f-4640-bb04-d749a6a7a791|rpc:10.1.0.4:15067|admin:10.1.0.4:15066|client:10.1.0.4:15065|dataStream:10.1.0.4:15068|priority:1|startupRole:FOLLOWER, 406ee6b1-fa0c-4161-b052-c61e2a13dd66|rpc:10.1.0.4:15076|admin:10.1.0.4:15075|client:10.1.0.4:15074|dataStream:10.1.0.4:15077|priority:0|startupRole:FOLLOWER, 52e1c3a5-ad40-4f65-b13a-90cebad8bc80|rpc:10.1.0.4:15085|admin:10.1.0.4:15084|client:10.1.0.4:15083|dataStream:10.1.0.4:15086|priority:0|startupRole:FOLLOWER]|listeners:[], old=null
2023-09-12 21:06:19,037 [26fac33b-208f-4640-bb04-d749a6a7a791@group-363926AAB1D0-LeaderElection13] INFO  impl.LeaderElection (LeaderElection.java:logAndReturn(90)) - 26fac33b-208f-4640-bb04-d749a6a7a791@group-363926AAB1D0-LeaderElection13: PRE_VOTE PASSED received 1 response(s) and 0 exception(s):
2023-09-12 21:06:19,037 [26fac33b-208f-4640-bb04-d749a6a7a791@group-363926AAB1D0-LeaderElection13] INFO  impl.LeaderElection (LeaderElection.java:logAndReturn(94)) -   Response 0: 26fac33b-208f-4640-bb04-d749a6a7a791<-52e1c3a5-ad40-4f65-b13a-90cebad8bc80#0:OK-t0
2023-09-12 21:06:19,037 [26fac33b-208f-4640-bb04-d749a6a7a791@group-363926AAB1D0-LeaderElection13] INFO  impl.LeaderElection (LeaderElection.java:askForVotes(323)) - 26fac33b-208f-4640-bb04-d749a6a7a791@group-363926AAB1D0-LeaderElection13 PRE_VOTE round 0: result PASSED
2023-09-12 21:06:19,039 [26fac33b-208f-4640-bb04-d749a6a7a791@group-363926AAB1D0-LeaderElection13] INFO  impl.LeaderElection (LeaderElection.java:askForVotes(321)) - 26fac33b-208f-4640-bb04-d749a6a7a791@group-363926AAB1D0-LeaderElection13 ELECTION round 0: submit vote requests at term 1 for -1: peers:[26fac33b-208f-4640-bb04-d749a6a7a791|rpc:10.1.0.4:15067|admin:10.1.0.4:15066|client:10.1.0.4:15065|dataStream:10.1.0.4:15068|priority:1|startupRole:FOLLOWER, 406ee6b1-fa0c-4161-b052-c61e2a13dd66|rpc:10.1.0.4:15076|admin:10.1.0.4:15075|client:10.1.0.4:15074|dataStream:10.1.0.4:15077|priority:0|startupRole:FOLLOWER, 52e1c3a5-ad40-4f65-b13a-90cebad8bc80|rpc:10.1.0.4:15085|admin:10.1.0.4:15084|client:10.1.0.4:15083|dataStream:10.1.0.4:15086|priority:0|startupRole:FOLLOWER]|listeners:[], old=null
2023-09-12 21:06:19,042 [grpc-default-executor-11] INFO  server.RaftServer$Division (RaftServerImpl.java:requestVote(1302)) - 406ee6b1-fa0c-4161-b052-c61e2a13dd66@group-363926AAB1D0: receive requestVote(ELECTION, 26fac33b-208f-4640-bb04-d749a6a7a791, group-363926AAB1D0, 1, (t:0, i:0))
2023-09-12 21:06:19,042 [grpc-default-executor-11] INFO  impl.VoteContext (VoteContext.java:log(49)) - 406ee6b1-fa0c-4161-b052-c61e2a13dd66@group-363926AAB1D0-FOLLOWER: accept ELECTION from 26fac33b-208f-4640-bb04-d749a6a7a791: our priority 0 <= candidate's priority 1
2023-09-12 21:06:19,042 [grpc-default-executor-11] INFO  server.RaftServer$Division (RaftServerImpl.java:setRole(329)) - 406ee6b1-fa0c-4161-b052-c61e2a13dd66@group-363926AAB1D0: changes role from  FOLLOWER to FOLLOWER at term 1 for candidate:26fac33b-208f-4640-bb04-d749a6a7a791
2023-09-12 21:06:19,042 [grpc-default-executor-11] INFO  impl.RoleInfo (RoleInfo.java:shutdownFollowerState(110)) - 406ee6b1-fa0c-4161-b052-c61e2a13dd66: shutdown 406ee6b1-fa0c-4161-b052-c61e2a13dd66@group-363926AAB1D0-FollowerState
2023-09-12 21:06:19,045 [grpc-default-executor-11] INFO  impl.RoleInfo (RoleInfo.java:updateAndGet(139)) - 406ee6b1-fa0c-4161-b052-c61e2a13dd66: start 406ee6b1-fa0c-4161-b052-c61e2a13dd66@group-363926AAB1D0-FollowerState
2023-09-12 21:06:19,045 [26fac33b-208f-4640-bb04-d749a6a7a791@group-363926AAB1D0-LeaderElection13] INFO  server.RaftServerConfigKeys (ConfUtils.java:logFallback(53)) - raft.server.rpc.first-election.timeout.min = 5s (fallback to raft.server.rpc.timeout.min)
2023-09-12 21:06:19,045 [406ee6b1-fa0c-4161-b052-c61e2a13dd66@group-363926AAB1D0-FollowerState] INFO  impl.FollowerState (FollowerState.java:run(152)) - 406ee6b1-fa0c-4161-b052-c61e2a13dd66@group-363926AAB1D0-FollowerState was interrupted
2023-09-12 21:06:19,045 [26fac33b-208f-4640-bb04-d749a6a7a791@group-363926AAB1D0-LeaderElection13] INFO  server.RaftServerConfigKeys (ConfUtils.java:logFallback(53)) - raft.server.rpc.first-election.timeout.max = 5200ms (fallback to raft.server.rpc.timeout.max)
2023-09-12 21:06:19,046 [grpc-default-executor-12] INFO  server.RaftServer$Division (RaftServerImpl.java:requestVote(1302)) - 52e1c3a5-ad40-4f65-b13a-90cebad8bc80@group-363926AAB1D0: receive requestVote(ELECTION, 26fac33b-208f-4640-bb04-d749a6a7a791, group-363926AAB1D0, 1, (t:0, i:0))
2023-09-12 21:06:19,046 [grpc-default-executor-12] INFO  impl.VoteContext (VoteContext.java:log(49)) - 52e1c3a5-ad40-4f65-b13a-90cebad8bc80@group-363926AAB1D0-FOLLOWER: accept ELECTION from 26fac33b-208f-4640-bb04-d749a6a7a791: our priority 0 <= candidate's priority 1
2023-09-12 21:06:19,046 [grpc-default-executor-12] INFO  server.RaftServer$Division (RaftServerImpl.java:setRole(329)) - 52e1c3a5-ad40-4f65-b13a-90cebad8bc80@group-363926AAB1D0: changes role from  FOLLOWER to FOLLOWER at term 1 for candidate:26fac33b-208f-4640-bb04-d749a6a7a791
2023-09-12 21:06:19,046 [grpc-default-executor-12] INFO  impl.RoleInfo (RoleInfo.java:shutdownFollowerState(110)) - 52e1c3a5-ad40-4f65-b13a-90cebad8bc80: shutdown 52e1c3a5-ad40-4f65-b13a-90cebad8bc80@group-363926AAB1D0-FollowerState
2023-09-12 21:06:19,049 [grpc-default-executor-12] INFO  impl.RoleInfo (RoleInfo.java:updateAndGet(139)) - 52e1c3a5-ad40-4f65-b13a-90cebad8bc80: start 52e1c3a5-ad40-4f65-b13a-90cebad8bc80@group-363926AAB1D0-FollowerState
2023-09-12 21:06:19,049 [52e1c3a5-ad40-4f65-b13a-90cebad8bc80@group-363926AAB1D0-FollowerState] INFO  impl.FollowerState (FollowerState.java:run(152)) - 52e1c3a5-ad40-4f65-b13a-90cebad8bc80@group-363926AAB1D0-FollowerState was interrupted
2023-09-12 21:06:19,051 [grpc-default-executor-11] INFO  server.RaftServer$Division (RaftServerImpl.java:requestVote(1335)) - 406ee6b1-fa0c-4161-b052-c61e2a13dd66@group-363926AAB1D0 replies to ELECTION vote request: 26fac33b-208f-4640-bb04-d749a6a7a791<-406ee6b1-fa0c-4161-b052-c61e2a13dd66#0:OK-t1. Peer's state: 406ee6b1-fa0c-4161-b052-c61e2a13dd66@group-363926AAB1D0:t1, leader=null, voted=26fac33b-208f-4640-bb04-d749a6a7a791, raftlog=Memoized:406ee6b1-fa0c-4161-b052-c61e2a13dd66@group-363926AAB1D0-SegmentedRaftLog:OPENED:c-1, conf=-1: peers:[26fac33b-208f-4640-bb04-d749a6a7a791|rpc:10.1.0.4:15067|admin:10.1.0.4:15066|client:10.1.0.4:15065|dataStream:10.1.0.4:15068|priority:1|startupRole:FOLLOWER, 406ee6b1-fa0c-4161-b052-c61e2a13dd66|rpc:10.1.0.4:15076|admin:10.1.0.4:15075|client:10.1.0.4:15074|dataStream:10.1.0.4:15077|priority:0|startupRole:FOLLOWER, 52e1c3a5-ad40-4f65-b13a-90cebad8bc80|rpc:10.1.0.4:15085|admin:10.1.0.4:15084|client:10.1.0.4:15083|dataStream:10.1.0.4:15086|priority:0|startupRole:FOLLOWER]|listeners:[], old=null
2023-09-12 21:06:19,052 [26fac33b-208f-4640-bb04-d749a6a7a791@group-363926AAB1D0-LeaderElection13] INFO  impl.LeaderElection (LeaderElection.java:logAndReturn(90)) - 26fac33b-208f-4640-bb04-d749a6a7a791@group-363926AAB1D0-LeaderElection13: ELECTION PASSED received 1 response(s) and 0 exception(s):
2023-09-12 21:06:19,052 [26fac33b-208f-4640-bb04-d749a6a7a791@group-363926AAB1D0-LeaderElection13] INFO  impl.LeaderElection (LeaderElection.java:logAndReturn(94)) -   Response 0: 26fac33b-208f-4640-bb04-d749a6a7a791<-406ee6b1-fa0c-4161-b052-c61e2a13dd66#0:OK-t1
2023-09-12 21:06:19,052 [26fac33b-208f-4640-bb04-d749a6a7a791@group-363926AAB1D0-LeaderElection13] INFO  impl.LeaderElection (LeaderElection.java:askForVotes(323)) - 26fac33b-208f-4640-bb04-d749a6a7a791@group-363926AAB1D0-LeaderElection13 ELECTION round 0: result PASSED
2023-09-12 21:06:19,052 [26fac33b-208f-4640-bb04-d749a6a7a791@group-363926AAB1D0-LeaderElection13] INFO  impl.RoleInfo (RoleInfo.java:shutdownLeaderElection(130)) - 26fac33b-208f-4640-bb04-d749a6a7a791: shutdown 26fac33b-208f-4640-bb04-d749a6a7a791@group-363926AAB1D0-LeaderElection13
2023-09-12 21:06:19,052 [26fac33b-208f-4640-bb04-d749a6a7a791@group-363926AAB1D0-LeaderElection13] INFO  server.RaftServer$Division (RaftServerImpl.java:setRole(329)) - 26fac33b-208f-4640-bb04-d749a6a7a791@group-363926AAB1D0: changes role from CANDIDATE to LEADER at term 1 for changeToLeader
2023-09-12 21:06:19,052 [26fac33b-208f-4640-bb04-d749a6a7a791@group-363926AAB1D0-LeaderElection13] INFO  ratis.XceiverServerRatis (XceiverServerRatis.java:handleLeaderChangedNotification(902)) - Leader change notification received for group: group-363926AAB1D0 with new leaderId: 26fac33b-208f-4640-bb04-d749a6a7a791
2023-09-12 21:06:19,052 [26fac33b-208f-4640-bb04-d749a6a7a791@group-363926AAB1D0-LeaderElection13] INFO  server.RaftServer$Division (ServerState.java:setLeader(317)) - 26fac33b-208f-4640-bb04-d749a6a7a791@group-363926AAB1D0: change Leader from null to 26fac33b-208f-4640-bb04-d749a6a7a791 at term 1 for becomeLeader, leader elected after 5208ms
2023-09-12 21:06:19,052 [grpc-default-executor-12] INFO  server.RaftServer$Division (RaftServerImpl.java:requestVote(1335)) - 52e1c3a5-ad40-4f65-b13a-90cebad8bc80@group-363926AAB1D0 replies to ELECTION vote request: 26fac33b-208f-4640-bb04-d749a6a7a791<-52e1c3a5-ad40-4f65-b13a-90cebad8bc80#0:OK-t1. Peer's state: 52e1c3a5-ad40-4f65-b13a-90cebad8bc80@group-363926AAB1D0:t1, leader=null, voted=26fac33b-208f-4640-bb04-d749a6a7a791, raftlog=Memoized:52e1c3a5-ad40-4f65-b13a-90cebad8bc80@group-363926AAB1D0-SegmentedRaftLog:OPENED:c-1, conf=-1: peers:[26fac33b-208f-4640-bb04-d749a6a7a791|rpc:10.1.0.4:15067|admin:10.1.0.4:15066|client:10.1.0.4:15065|dataStream:10.1.0.4:15068|priority:1|startupRole:FOLLOWER, 406ee6b1-fa0c-4161-b052-c61e2a13dd66|rpc:10.1.0.4:15076|admin:10.1.0.4:15075|client:10.1.0.4:15074|dataStream:10.1.0.4:15077|priority:0|startupRole:FOLLOWER, 52e1c3a5-ad40-4f65-b13a-90cebad8bc80|rpc:10.1.0.4:15085|admin:10.1.0.4:15084|client:10.1.0.4:15083|dataStream:10.1.0.4:15086|priority:0|startupRole:FOLLOWER]|listeners:[], old=null
2023-09-12 21:06:19,052 [26fac33b-208f-4640-bb04-d749a6a7a791@group-363926AAB1D0-LeaderElection13] INFO  server.RaftServerConfigKeys (ConfUtils.java:logGet(46)) - raft.server.staging.catchup.gap = 1000 (default)
2023-09-12 21:06:19,053 [26fac33b-208f-4640-bb04-d749a6a7a791@group-363926AAB1D0-LeaderElection13] INFO  server.RaftServerConfigKeys (ConfUtils.java:logGet(46)) - raft.server.write.element-limit = 1024 (custom)
2023-09-12 21:06:19,053 [26fac33b-208f-4640-bb04-d749a6a7a791@group-363926AAB1D0-LeaderElection13] INFO  server.RaftServerConfigKeys (ConfUtils.java:logGet(46)) - raft.server.write.byte-limit = 1024 M (=1073741824) (custom)
2023-09-12 21:06:19,054 [26fac33b-208f-4640-bb04-d749a6a7a791@group-363926AAB1D0-LeaderElection13] INFO  server.RaftServerConfigKeys (ConfUtils.java:logGet(46)) - raft.server.watch.timeout = 10000ms (default)
2023-09-12 21:06:19,054 [26fac33b-208f-4640-bb04-d749a6a7a791@group-363926AAB1D0-LeaderElection13] INFO  server.RaftServerConfigKeys (ConfUtils.java:logGet(46)) - raft.server.watch.timeout.denomination = 1s (default)
2023-09-12 21:06:19,054 [26fac33b-208f-4640-bb04-d749a6a7a791@group-363926AAB1D0-LeaderElection13] INFO  server.RaftServerConfigKeys (ConfUtils.java:logGet(46)) - raft.server.watch.element-limit = 65536 (default)
2023-09-12 21:06:19,054 [26fac33b-208f-4640-bb04-d749a6a7a791@group-363926AAB1D0-LeaderElection13] INFO  server.RaftServerConfigKeys (ConfUtils.java:logGet(46)) - raft.server.write.element-limit = 1024 (custom)
2023-09-12 21:06:19,054 [26fac33b-208f-4640-bb04-d749a6a7a791@group-363926AAB1D0-LeaderElection13] INFO  server.RaftServerConfigKeys (ConfUtils.java:logGet(46)) - raft.server.write.follower.gap.ratio.max = -1.0 (default)
2023-09-12 21:06:19,054 [26fac33b-208f-4640-bb04-d749a6a7a791@group-363926AAB1D0-LeaderElection13] INFO  server.RaftServerConfigKeys (ConfUtils.java:logGet(46)) - raft.server.log.appender.snapshot.chunk.size.max = 16MB (=16777216) (default)
2023-09-12 21:06:19,054 [26fac33b-208f-4640-bb04-d749a6a7a791@group-363926AAB1D0-LeaderElection13] INFO  server.RaftServerConfigKeys (ConfUtils.java:logGet(46)) - raft.server.log.appender.buffer.byte-limit = 33554432 (custom)
2023-09-12 21:06:19,054 [26fac33b-208f-4640-bb04-d749a6a7a791@group-363926AAB1D0-LeaderElection13] INFO  server.RaftServerConfigKeys (ConfUtils.java:logGet(46)) - raft.server.log.appender.buffer.element-limit = 1 (custom)
2023-09-12 21:06:19,054 [26fac33b-208f-4640-bb04-d749a6a7a791@group-363926AAB1D0-LeaderElection13] INFO  server.RaftServerConfigKeys (ConfUtils.java:logGet(46)) - raft.server.log.appender.wait-time.min = 10ms (default)
2023-09-12 21:06:19,054 [26fac33b-208f-4640-bb04-d749a6a7a791@group-363926AAB1D0-LeaderElection13] INFO  grpc.GrpcConfigKeys (ConfUtils.java:logGet(46)) - raft.grpc.server.leader.outstanding.appends.max = 128 (default)
2023-09-12 21:06:19,054 [26fac33b-208f-4640-bb04-d749a6a7a791@group-363926AAB1D0-LeaderElection13] INFO  server.RaftServerConfigKeys (ConfUtils.java:logGet(46)) - raft.server.rpc.request.timeout = 3000ms (default)
2023-09-12 21:06:19,054 [26fac33b-208f-4640-bb04-d749a6a7a791@group-363926AAB1D0-LeaderElection13] INFO  grpc.GrpcConfigKeys (ConfUtils.java:logGet(46)) - raft.grpc.server.install_snapshot.request.element-limit = 8 (default)
2023-09-12 21:06:19,054 [26fac33b-208f-4640-bb04-d749a6a7a791@group-363926AAB1D0-LeaderElection13] INFO  grpc.GrpcConfigKeys (ConfUtils.java:logGet(46)) - raft.grpc.server.install_snapshot.request.timeout = 3000ms (default)
2023-09-12 21:06:19,054 [26fac33b-208f-4640-bb04-d749a6a7a791@group-363926AAB1D0-LeaderElection13] INFO  server.RaftServerConfigKeys (ConfUtils.java:logGet(46)) - raft.server.log.appender.install.snapshot.enabled = false (custom)
2023-09-12 21:06:19,054 [26fac33b-208f-4640-bb04-d749a6a7a791@group-363926AAB1D0-LeaderElection13] INFO  grpc.GrpcConfigKeys (ConfUtils.java:logGet(46)) - raft.grpc.server.heartbeat.channel = true (default)
2023-09-12 21:06:19,055 [26fac33b-208f-4640-bb04-d749a6a7a791@group-363926AAB1D0-LeaderElection13] INFO  server.RaftServerConfigKeys (ConfUtils.java:logGet(46)) - raft.server.log.appender.snapshot.chunk.size.max = 16MB (=16777216) (default)
2023-09-12 21:06:19,055 [26fac33b-208f-4640-bb04-d749a6a7a791@group-363926AAB1D0-LeaderElection13] INFO  server.RaftServerConfigKeys (ConfUtils.java:logGet(46)) - raft.server.log.appender.buffer.byte-limit = 33554432 (custom)
2023-09-12 21:06:19,055 [26fac33b-208f-4640-bb04-d749a6a7a791@group-363926AAB1D0-LeaderElection13] INFO  server.RaftServerConfigKeys (ConfUtils.java:logGet(46)) - raft.server.log.appender.buffer.element-limit = 1 (custom)
2023-09-12 21:06:19,055 [26fac33b-208f-4640-bb04-d749a6a7a791@group-363926AAB1D0-LeaderElection13] INFO  server.RaftServerConfigKeys (ConfUtils.java:logGet(46)) - raft.server.log.appender.wait-time.min = 10ms (default)
2023-09-12 21:06:19,055 [26fac33b-208f-4640-bb04-d749a6a7a791@group-363926AAB1D0-LeaderElection13] INFO  grpc.GrpcConfigKeys (ConfUtils.java:logGet(46)) - raft.grpc.server.leader.outstanding.appends.max = 128 (default)
2023-09-12 21:06:19,055 [26fac33b-208f-4640-bb04-d749a6a7a791@group-363926AAB1D0-LeaderElection13] INFO  server.RaftServerConfigKeys (ConfUtils.java:logGet(46)) - raft.server.rpc.request.timeout = 3000ms (default)
2023-09-12 21:06:19,055 [26fac33b-208f-4640-bb04-d749a6a7a791@group-363926AAB1D0-LeaderElection13] INFO  grpc.GrpcConfigKeys (ConfUtils.java:logGet(46)) - raft.grpc.server.install_snapshot.request.element-limit = 8 (default)
2023-09-12 21:06:19,055 [26fac33b-208f-4640-bb04-d749a6a7a791@group-363926AAB1D0-LeaderElection13] INFO  grpc.GrpcConfigKeys (ConfUtils.java:logGet(46)) - raft.grpc.server.install_snapshot.request.timeout = 3000ms (default)
2023-09-12 21:06:19,055 [26fac33b-208f-4640-bb04-d749a6a7a791@group-363926AAB1D0-LeaderElection13] INFO  server.RaftServerConfigKeys (ConfUtils.java:logGet(46)) - raft.server.log.appender.install.snapshot.enabled = false (custom)
2023-09-12 21:06:19,055 [26fac33b-208f-4640-bb04-d749a6a7a791@group-363926AAB1D0-LeaderElection13] INFO  grpc.GrpcConfigKeys (ConfUtils.java:logGet(46)) - raft.grpc.server.heartbeat.channel = true (default)
2023-09-12 21:06:19,055 [26fac33b-208f-4640-bb04-d749a6a7a791@group-363926AAB1D0-LeaderElection13] INFO  impl.RoleInfo (RoleInfo.java:updateAndGet(139)) - 26fac33b-208f-4640-bb04-d749a6a7a791: start 26fac33b-208f-4640-bb04-d749a6a7a791@group-363926AAB1D0-LeaderStateImpl
2023-09-12 21:06:19,056 [26fac33b-208f-4640-bb04-d749a6a7a791@group-363926AAB1D0-LeaderElection13] INFO  segmented.SegmentedRaftLogWorker (SegmentedRaftLogWorker.java:startLogSegment(447)) - 26fac33b-208f-4640-bb04-d749a6a7a791@group-363926AAB1D0-SegmentedRaftLogWorker: Starting segment from index:0
2023-09-12 21:06:19,056 [EventQueue-OpenPipelineForHealthyPipelineSafeModeRule] INFO  safemode.SCMSafeModeManager (HealthyPipelineSafeModeRule.java:process(137)) - SCM in safe mode. Healthy pipelines reported count is 0, required healthy pipeline reported count is 1
2023-09-12 21:06:19,057 [EventQueue-PipelineReportForPipelineReportHandler] INFO  pipeline.PipelineReportHandler (PipelineReportHandler.java:processPipelineReport(136)) - Opened pipeline PipelineID=41cc45c0-98fb-4ed5-9a39-363926aab1d0
2023-09-12 21:06:19,057 [EventQueue-OpenPipelineForHealthyPipelineSafeModeRule] INFO  safemode.SCMSafeModeManager (HealthyPipelineSafeModeRule.java:process(137)) - SCM in safe mode. Healthy pipelines reported count is 1, required healthy pipeline reported count is 1
2023-09-12 21:06:19,057 [EventQueue-OpenPipelineForHealthyPipelineSafeModeRule] INFO  safemode.SCMSafeModeManager (SCMSafeModeManager.java:validateSafeModeExitRules(200)) - HealthyPipelineSafeModeRule rule is successfully validated
2023-09-12 21:06:19,057 [EventQueue-OpenPipelineForHealthyPipelineSafeModeRule] INFO  safemode.SCMSafeModeManager (SCMSafeModeManager.java:validateSafeModeExitRules(215)) - ScmSafeModeManager, all rules are successfully validated
2023-09-12 21:06:19,057 [EventQueue-OpenPipelineForHealthyPipelineSafeModeRule] INFO  safemode.SCMSafeModeManager (SCMSafeModeManager.java:exitSafeMode(244)) - SCM exiting safe mode.
2023-09-12 21:06:19,057 [EventQueue-OpenPipelineForHealthyPipelineSafeModeRule] INFO  ha.SCMContext (SCMContext.java:updateSafeModeStatus(228)) - Update SafeModeStatus from SafeModeStatus{safeModeStatus=true, preCheckPassed=true} to SafeModeStatus{safeModeStatus=false, preCheckPassed=true}.
2023-09-12 21:06:19,058 [EventQueue-OpenPipelineForHealthyPipelineSafeModeRule] INFO  pipeline.BackgroundPipelineCreator (BackgroundPipelineCreator.java:notifyStatusChanged(255)) - Service BackgroundPipelineCreator transitions to RUNNING.
2023-09-12 21:06:19,058 [EventQueue-OpenPipelineForHealthyPipelineSafeModeRule] INFO  BackgroundPipelineScrubber (BackgroundSCMService.java:notifyStatusChanged(82)) - Service BackgroundPipelineScrubber transitions to RUNNING.
2023-09-12 21:06:19,058 [EventQueue-OpenPipelineForHealthyPipelineSafeModeRule] INFO  ExpiredContainerReplicaOpScrubber (BackgroundSCMService.java:notifyStatusChanged(82)) - Service ExpiredContainerReplicaOpScrubber transitions to RUNNING.
2023-09-12 21:06:19,058 [EventQueue-OpenPipelineForHealthyPipelineSafeModeRule] INFO  replication.ReplicationManager (ReplicationManager.java:notifyStatusChanged(1370)) - Service ReplicationManager transitions to RUNNING.
2023-09-12 21:06:19,058 [EventQueue-OpenPipelineForHealthyPipelineSafeModeRule] WARN  balancer.ContainerBalancer (ContainerBalancer.java:shouldRun(134)) - Could not find persisted configuration for ContainerBalancer when checking if ContainerBalancer should run. ContainerBalancer should not run now.
2023-09-12 21:06:19,059 [26fac33b-208f-4640-bb04-d749a6a7a791@group-363926AAB1D0-SegmentedRaftLogWorker] INFO  segmented.SegmentedRaftLogWorker (SegmentedRaftLogWorker.java:execute(651)) - 26fac33b-208f-4640-bb04-d749a6a7a791@group-363926AAB1D0-SegmentedRaftLogWorker: created new log segment /home/runner/work/ozone/ozone/hadoop-ozone/integration-test/target/test-dir/MiniOzoneClusterImpl-b2199f83-407c-4d6c-939a-90a6ee7b9086/datanode-0/data/ratis/41cc45c0-98fb-4ed5-9a39-363926aab1d0/current/log_inprogress_0
2023-09-12 21:06:19,060 [26fac33b-208f-4640-bb04-d749a6a7a791@group-363926AAB1D0-LeaderElection13] INFO  server.RaftServer$Division (ServerState.java:setRaftConf(434)) - 26fac33b-208f-4640-bb04-d749a6a7a791@group-363926AAB1D0: set configuration 0: peers:[26fac33b-208f-4640-bb04-d749a6a7a791|rpc:10.1.0.4:15067|admin:10.1.0.4:15066|client:10.1.0.4:15065|dataStream:10.1.0.4:15068|priority:1|startupRole:FOLLOWER, 406ee6b1-fa0c-4161-b052-c61e2a13dd66|rpc:10.1.0.4:15076|admin:10.1.0.4:15075|client:10.1.0.4:15074|dataStream:10.1.0.4:15077|priority:0|startupRole:FOLLOWER, 52e1c3a5-ad40-4f65-b13a-90cebad8bc80|rpc:10.1.0.4:15085|admin:10.1.0.4:15084|client:10.1.0.4:15083|dataStream:10.1.0.4:15086|priority:0|startupRole:FOLLOWER]|listeners:[], old=null
2023-09-12 21:06:19,072 [52e1c3a5-ad40-4f65-b13a-90cebad8bc80-server-thread1] INFO  ratis.XceiverServerRatis (XceiverServerRatis.java:handleLeaderChangedNotification(902)) - Leader change notification received for group: group-363926AAB1D0 with new leaderId: 26fac33b-208f-4640-bb04-d749a6a7a791
2023-09-12 21:06:19,072 [52e1c3a5-ad40-4f65-b13a-90cebad8bc80-server-thread1] INFO  server.RaftServer$Division (ServerState.java:setLeader(317)) - 52e1c3a5-ad40-4f65-b13a-90cebad8bc80@group-363926AAB1D0: change Leader from null to 26fac33b-208f-4640-bb04-d749a6a7a791 at term 1 for appendEntries, leader elected after 5200ms
2023-09-12 21:06:19,087 [52e1c3a5-ad40-4f65-b13a-90cebad8bc80@group-1A2E6C5CC317-FollowerState] INFO  impl.FollowerState (FollowerState.java:run(143)) - 52e1c3a5-ad40-4f65-b13a-90cebad8bc80@group-1A2E6C5CC317-FollowerState: change to CANDIDATE, lastRpcElapsedTime:5117244874ns, electionTimeout:5116ms
2023-09-12 21:06:19,087 [52e1c3a5-ad40-4f65-b13a-90cebad8bc80@group-1A2E6C5CC317-FollowerState] INFO  impl.RoleInfo (RoleInfo.java:shutdownFollowerState(110)) - 52e1c3a5-ad40-4f65-b13a-90cebad8bc80: shutdown 52e1c3a5-ad40-4f65-b13a-90cebad8bc80@group-1A2E6C5CC317-FollowerState
2023-09-12 21:06:19,087 [52e1c3a5-ad40-4f65-b13a-90cebad8bc80@group-1A2E6C5CC317-FollowerState] INFO  server.RaftServer$Division (RaftServerImpl.java:setRole(329)) - 52e1c3a5-ad40-4f65-b13a-90cebad8bc80@group-1A2E6C5CC317: changes role from  FOLLOWER to CANDIDATE at term 0 for changeToCandidate
2023-09-12 21:06:19,088 [52e1c3a5-ad40-4f65-b13a-90cebad8bc80@group-1A2E6C5CC317-FollowerState] INFO  server.RaftServerConfigKeys (ConfUtils.java:logGet(46)) - raft.server.leaderelection.pre-vote = true (default)
2023-09-12 21:06:19,088 [52e1c3a5-ad40-4f65-b13a-90cebad8bc80@group-1A2E6C5CC317-FollowerState] INFO  impl.RoleInfo (RoleInfo.java:updateAndGet(139)) - 52e1c3a5-ad40-4f65-b13a-90cebad8bc80: start 52e1c3a5-ad40-4f65-b13a-90cebad8bc80@group-1A2E6C5CC317-LeaderElection14
2023-09-12 21:06:19,088 [406ee6b1-fa0c-4161-b052-c61e2a13dd66-server-thread1] INFO  ratis.XceiverServerRatis (XceiverServerRatis.java:handleLeaderChangedNotification(902)) - Leader change notification received for group: group-363926AAB1D0 with new leaderId: 26fac33b-208f-4640-bb04-d749a6a7a791
2023-09-12 21:06:19,088 [406ee6b1-fa0c-4161-b052-c61e2a13dd66-server-thread1] INFO  server.RaftServer$Division (ServerState.java:setLeader(317)) - 406ee6b1-fa0c-4161-b052-c61e2a13dd66@group-363926AAB1D0: change Leader from null to 26fac33b-208f-4640-bb04-d749a6a7a791 at term 1 for appendEntries, leader elected after 5186ms
2023-09-12 21:06:19,088 [52e1c3a5-ad40-4f65-b13a-90cebad8bc80-server-thread3] INFO  server.RaftServer$Division (ServerState.java:setRaftConf(434)) - 52e1c3a5-ad40-4f65-b13a-90cebad8bc80@group-363926AAB1D0: set configuration 0: peers:[26fac33b-208f-4640-bb04-d749a6a7a791|rpc:10.1.0.4:15067|admin:10.1.0.4:15066|client:10.1.0.4:15065|dataStream:10.1.0.4:15068|priority:1|startupRole:FOLLOWER, 406ee6b1-fa0c-4161-b052-c61e2a13dd66|rpc:10.1.0.4:15076|admin:10.1.0.4:15075|client:10.1.0.4:15074|dataStream:10.1.0.4:15077|priority:0|startupRole:FOLLOWER, 52e1c3a5-ad40-4f65-b13a-90cebad8bc80|rpc:10.1.0.4:15085|admin:10.1.0.4:15084|client:10.1.0.4:15083|dataStream:10.1.0.4:15086|priority:0|startupRole:FOLLOWER]|listeners:[], old=null
2023-09-12 21:06:19,088 [52e1c3a5-ad40-4f65-b13a-90cebad8bc80-server-thread3] INFO  segmented.SegmentedRaftLogWorker (SegmentedRaftLogWorker.java:startLogSegment(447)) - 52e1c3a5-ad40-4f65-b13a-90cebad8bc80@group-363926AAB1D0-SegmentedRaftLogWorker: Starting segment from index:0
2023-09-12 21:06:19,092 [52e1c3a5-ad40-4f65-b13a-90cebad8bc80@group-363926AAB1D0-SegmentedRaftLogWorker] INFO  segmented.SegmentedRaftLogWorker (SegmentedRaftLogWorker.java:execute(651)) - 52e1c3a5-ad40-4f65-b13a-90cebad8bc80@group-363926AAB1D0-SegmentedRaftLogWorker: created new log segment /home/runner/work/ozone/ozone/hadoop-ozone/integration-test/target/test-dir/MiniOzoneClusterImpl-b2199f83-407c-4d6c-939a-90a6ee7b9086/datanode-2/data/ratis/41cc45c0-98fb-4ed5-9a39-363926aab1d0/current/log_inprogress_0
2023-09-12 21:06:19,094 [406ee6b1-fa0c-4161-b052-c61e2a13dd66@group-1A2E6C5CC317-FollowerState] INFO  impl.FollowerState (FollowerState.java:run(143)) - 406ee6b1-fa0c-4161-b052-c61e2a13dd66@group-1A2E6C5CC317-FollowerState: change to CANDIDATE, lastRpcElapsedTime:5099443148ns, electionTimeout:5097ms
2023-09-12 21:06:19,094 [406ee6b1-fa0c-4161-b052-c61e2a13dd66@group-1A2E6C5CC317-FollowerState] INFO  impl.RoleInfo (RoleInfo.java:shutdownFollowerState(110)) - 406ee6b1-fa0c-4161-b052-c61e2a13dd66: shutdown 406ee6b1-fa0c-4161-b052-c61e2a13dd66@group-1A2E6C5CC317-FollowerState
2023-09-12 21:06:19,095 [406ee6b1-fa0c-4161-b052-c61e2a13dd66@group-1A2E6C5CC317-FollowerState] INFO  server.RaftServer$Division (RaftServerImpl.java:setRole(329)) - 406ee6b1-fa0c-4161-b052-c61e2a13dd66@group-1A2E6C5CC317: changes role from  FOLLOWER to CANDIDATE at term 0 for changeToCandidate
2023-09-12 21:06:19,095 [406ee6b1-fa0c-4161-b052-c61e2a13dd66@group-1A2E6C5CC317-FollowerState] INFO  server.RaftServerConfigKeys (ConfUtils.java:logGet(46)) - raft.server.leaderelection.pre-vote = true (default)
2023-09-12 21:06:19,095 [406ee6b1-fa0c-4161-b052-c61e2a13dd66@group-1A2E6C5CC317-FollowerState] INFO  impl.RoleInfo (RoleInfo.java:updateAndGet(139)) - 406ee6b1-fa0c-4161-b052-c61e2a13dd66: start 406ee6b1-fa0c-4161-b052-c61e2a13dd66@group-1A2E6C5CC317-LeaderElection15
2023-09-12 21:06:19,098 [406ee6b1-fa0c-4161-b052-c61e2a13dd66-server-thread2] INFO  server.RaftServer$Division (ServerState.java:setRaftConf(434)) - 406ee6b1-fa0c-4161-b052-c61e2a13dd66@group-363926AAB1D0: set configuration 0: peers:[26fac33b-208f-4640-bb04-d749a6a7a791|rpc:10.1.0.4:15067|admin:10.1.0.4:15066|client:10.1.0.4:15065|dataStream:10.1.0.4:15068|priority:1|startupRole:FOLLOWER, 406ee6b1-fa0c-4161-b052-c61e2a13dd66|rpc:10.1.0.4:15076|admin:10.1.0.4:15075|client:10.1.0.4:15074|dataStream:10.1.0.4:15077|priority:0|startupRole:FOLLOWER, 52e1c3a5-ad40-4f65-b13a-90cebad8bc80|rpc:10.1.0.4:15085|admin:10.1.0.4:15084|client:10.1.0.4:15083|dataStream:10.1.0.4:15086|priority:0|startupRole:FOLLOWER]|listeners:[], old=null
2023-09-12 21:06:19,098 [406ee6b1-fa0c-4161-b052-c61e2a13dd66-server-thread2] INFO  segmented.SegmentedRaftLogWorker (SegmentedRaftLogWorker.java:startLogSegment(447)) - 406ee6b1-fa0c-4161-b052-c61e2a13dd66@group-363926AAB1D0-SegmentedRaftLogWorker: Starting segment from index:0
2023-09-12 21:06:19,109 [406ee6b1-fa0c-4161-b052-c61e2a13dd66@group-1A2E6C5CC317-LeaderElection15] INFO  impl.LeaderElection (LeaderElection.java:askForVotes(321)) - 406ee6b1-fa0c-4161-b052-c61e2a13dd66@group-1A2E6C5CC317-LeaderElection15 PRE_VOTE round 0: submit vote requests at term 0 for -1: peers:[26fac33b-208f-4640-bb04-d749a6a7a791|rpc:10.1.0.4:15067|admin:10.1.0.4:15066|client:10.1.0.4:15065|dataStream:10.1.0.4:15068|priority:0|startupRole:FOLLOWER, 406ee6b1-fa0c-4161-b052-c61e2a13dd66|rpc:10.1.0.4:15076|admin:10.1.0.4:15075|client:10.1.0.4:15074|dataStream:10.1.0.4:15077|priority:1|startupRole:FOLLOWER, 52e1c3a5-ad40-4f65-b13a-90cebad8bc80|rpc:10.1.0.4:15085|admin:10.1.0.4:15084|client:10.1.0.4:15083|dataStream:10.1.0.4:15086|priority:0|startupRole:FOLLOWER]|listeners:[], old=null
2023-09-12 21:06:19,109 [52e1c3a5-ad40-4f65-b13a-90cebad8bc80@group-1A2E6C5CC317-LeaderElection14] INFO  impl.LeaderElection (LeaderElection.java:askForVotes(321)) - 52e1c3a5-ad40-4f65-b13a-90cebad8bc80@group-1A2E6C5CC317-LeaderElection14 PRE_VOTE round 0: submit vote requests at term 0 for -1: peers:[26fac33b-208f-4640-bb04-d749a6a7a791|rpc:10.1.0.4:15067|admin:10.1.0.4:15066|client:10.1.0.4:15065|dataStream:10.1.0.4:15068|priority:0|startupRole:FOLLOWER, 406ee6b1-fa0c-4161-b052-c61e2a13dd66|rpc:10.1.0.4:15076|admin:10.1.0.4:15075|client:10.1.0.4:15074|dataStream:10.1.0.4:15077|priority:1|startupRole:FOLLOWER, 52e1c3a5-ad40-4f65-b13a-90cebad8bc80|rpc:10.1.0.4:15085|admin:10.1.0.4:15084|client:10.1.0.4:15083|dataStream:10.1.0.4:15086|priority:0|startupRole:FOLLOWER]|listeners:[], old=null
2023-09-12 21:06:19,110 [406ee6b1-fa0c-4161-b052-c61e2a13dd66@group-363926AAB1D0-SegmentedRaftLogWorker] INFO  segmented.SegmentedRaftLogWorker (SegmentedRaftLogWorker.java:execute(651)) - 406ee6b1-fa0c-4161-b052-c61e2a13dd66@group-363926AAB1D0-SegmentedRaftLogWorker: created new log segment /home/runner/work/ozone/ozone/hadoop-ozone/integration-test/target/test-dir/MiniOzoneClusterImpl-b2199f83-407c-4d6c-939a-90a6ee7b9086/datanode-1/data/ratis/41cc45c0-98fb-4ed5-9a39-363926aab1d0/current/log_inprogress_0
2023-09-12 21:06:19,110 [406ee6b1-fa0c-4161-b052-c61e2a13dd66@group-1A2E6C5CC317-LeaderElection15-1] INFO  server.GrpcServerProtocolClient (GrpcServerProtocolClient.java:<init>(65)) - Build channel for 26fac33b-208f-4640-bb04-d749a6a7a791
2023-09-12 21:06:19,113 [grpc-default-executor-11] INFO  server.RaftServer$Division (RaftServerImpl.java:requestVote(1302)) - 26fac33b-208f-4640-bb04-d749a6a7a791@group-1A2E6C5CC317: receive requestVote(PRE_VOTE, 52e1c3a5-ad40-4f65-b13a-90cebad8bc80, group-1A2E6C5CC317, 0, (t:0, i:0))
2023-09-12 21:06:19,113 [grpc-default-executor-11] INFO  impl.VoteContext (VoteContext.java:log(49)) - 26fac33b-208f-4640-bb04-d749a6a7a791@group-1A2E6C5CC317-FOLLOWER: accept PRE_VOTE from 52e1c3a5-ad40-4f65-b13a-90cebad8bc80: our priority 0 <= candidate's priority 0
2023-09-12 21:06:19,113 [grpc-default-executor-11] INFO  server.RaftServer$Division (RaftServerImpl.java:requestVote(1335)) - 26fac33b-208f-4640-bb04-d749a6a7a791@group-1A2E6C5CC317 replies to PRE_VOTE vote request: 52e1c3a5-ad40-4f65-b13a-90cebad8bc80<-26fac33b-208f-4640-bb04-d749a6a7a791#0:OK-t0. Peer's state: 26fac33b-208f-4640-bb04-d749a6a7a791@group-1A2E6C5CC317:t0, leader=null, voted=, raftlog=Memoized:26fac33b-208f-4640-bb04-d749a6a7a791@group-1A2E6C5CC317-SegmentedRaftLog:OPENED:c-1, conf=-1: peers:[26fac33b-208f-4640-bb04-d749a6a7a791|rpc:10.1.0.4:15067|admin:10.1.0.4:15066|client:10.1.0.4:15065|dataStream:10.1.0.4:15068|priority:0|startupRole:FOLLOWER, 406ee6b1-fa0c-4161-b052-c61e2a13dd66|rpc:10.1.0.4:15076|admin:10.1.0.4:15075|client:10.1.0.4:15074|dataStream:10.1.0.4:15077|priority:1|startupRole:FOLLOWER, 52e1c3a5-ad40-4f65-b13a-90cebad8bc80|rpc:10.1.0.4:15085|admin:10.1.0.4:15084|client:10.1.0.4:15083|dataStream:10.1.0.4:15086|priority:0|startupRole:FOLLOWER]|listeners:[], old=null
2023-09-12 21:06:19,114 [52e1c3a5-ad40-4f65-b13a-90cebad8bc80@group-1A2E6C5CC317-LeaderElection14] INFO  server.RaftServerConfigKeys (ConfUtils.java:logFallback(53)) - raft.server.rpc.first-election.timeout.min = 5s (fallback to raft.server.rpc.timeout.min)
2023-09-12 21:06:19,114 [52e1c3a5-ad40-4f65-b13a-90cebad8bc80@group-1A2E6C5CC317-LeaderElection14] INFO  server.RaftServerConfigKeys (ConfUtils.java:logFallback(53)) - raft.server.rpc.first-election.timeout.max = 5200ms (fallback to raft.server.rpc.timeout.max)
2023-09-12 21:06:19,115 [grpc-default-executor-11] INFO  server.RaftServer$Division (RaftServerImpl.java:requestVote(1302)) - 406ee6b1-fa0c-4161-b052-c61e2a13dd66@group-1A2E6C5CC317: receive requestVote(PRE_VOTE, 52e1c3a5-ad40-4f65-b13a-90cebad8bc80, group-1A2E6C5CC317, 0, (t:0, i:0))
2023-09-12 21:06:19,117 [406ee6b1-fa0c-4161-b052-c61e2a13dd66@group-1A2E6C5CC317-LeaderElection15] INFO  server.RaftServerConfigKeys (ConfUtils.java:logFallback(53)) - raft.server.rpc.first-election.timeout.min = 5s (fallback to raft.server.rpc.timeout.min)
2023-09-12 21:06:19,117 [406ee6b1-fa0c-4161-b052-c61e2a13dd66@group-1A2E6C5CC317-LeaderElection15] INFO  server.RaftServerConfigKeys (ConfUtils.java:logFallback(53)) - raft.server.rpc.first-election.timeout.max = 5200ms (fallback to raft.server.rpc.timeout.max)
2023-09-12 21:06:19,117 [406ee6b1-fa0c-4161-b052-c61e2a13dd66@group-1A2E6C5CC317-LeaderElection15-2] INFO  server.GrpcServerProtocolClient (GrpcServerProtocolClient.java:<init>(65)) - Build channel for 52e1c3a5-ad40-4f65-b13a-90cebad8bc80
2023-09-12 21:06:19,118 [grpc-default-executor-8] INFO  server.RaftServer$Division (RaftServerImpl.java:requestVote(1302)) - 26fac33b-208f-4640-bb04-d749a6a7a791@group-1A2E6C5CC317: receive requestVote(PRE_VOTE, 406ee6b1-fa0c-4161-b052-c61e2a13dd66, group-1A2E6C5CC317, 0, (t:0, i:0))
2023-09-12 21:06:19,120 [grpc-default-executor-11] INFO  impl.VoteContext (VoteContext.java:log(49)) - 406ee6b1-fa0c-4161-b052-c61e2a13dd66@group-1A2E6C5CC317-CANDIDATE: reject PRE_VOTE from 52e1c3a5-ad40-4f65-b13a-90cebad8bc80: our priority 1 > candidate's priority 0
2023-09-12 21:06:19,120 [grpc-default-executor-11] INFO  server.RaftServer$Division (RaftServerImpl.java:requestVote(1335)) - 406ee6b1-fa0c-4161-b052-c61e2a13dd66@group-1A2E6C5CC317 replies to PRE_VOTE vote request: 52e1c3a5-ad40-4f65-b13a-90cebad8bc80<-406ee6b1-fa0c-4161-b052-c61e2a13dd66#0:FAIL-t0. Peer's state: 406ee6b1-fa0c-4161-b052-c61e2a13dd66@group-1A2E6C5CC317:t0, leader=null, voted=, raftlog=Memoized:406ee6b1-fa0c-4161-b052-c61e2a13dd66@group-1A2E6C5CC317-SegmentedRaftLog:OPENED:c-1, conf=-1: peers:[26fac33b-208f-4640-bb04-d749a6a7a791|rpc:10.1.0.4:15067|admin:10.1.0.4:15066|client:10.1.0.4:15065|dataStream:10.1.0.4:15068|priority:0|startupRole:FOLLOWER, 406ee6b1-fa0c-4161-b052-c61e2a13dd66|rpc:10.1.0.4:15076|admin:10.1.0.4:15075|client:10.1.0.4:15074|dataStream:10.1.0.4:15077|priority:1|startupRole:FOLLOWER, 52e1c3a5-ad40-4f65-b13a-90cebad8bc80|rpc:10.1.0.4:15085|admin:10.1.0.4:15084|client:10.1.0.4:15083|dataStream:10.1.0.4:15086|priority:0|startupRole:FOLLOWER]|listeners:[], old=null
2023-09-12 21:06:19,121 [grpc-default-executor-8] INFO  impl.VoteContext (VoteContext.java:log(49)) - 26fac33b-208f-4640-bb04-d749a6a7a791@group-1A2E6C5CC317-FOLLOWER: accept PRE_VOTE from 406ee6b1-fa0c-4161-b052-c61e2a13dd66: our priority 0 <= candidate's priority 1
2023-09-12 21:06:19,121 [grpc-default-executor-8] INFO  server.RaftServer$Division (RaftServerImpl.java:requestVote(1335)) - 26fac33b-208f-4640-bb04-d749a6a7a791@group-1A2E6C5CC317 replies to PRE_VOTE vote request: 406ee6b1-fa0c-4161-b052-c61e2a13dd66<-26fac33b-208f-4640-bb04-d749a6a7a791#0:OK-t0. Peer's state: 26fac33b-208f-4640-bb04-d749a6a7a791@group-1A2E6C5CC317:t0, leader=null, voted=, raftlog=Memoized:26fac33b-208f-4640-bb04-d749a6a7a791@group-1A2E6C5CC317-SegmentedRaftLog:OPENED:c-1, conf=-1: peers:[26fac33b-208f-4640-bb04-d749a6a7a791|rpc:10.1.0.4:15067|admin:10.1.0.4:15066|client:10.1.0.4:15065|dataStream:10.1.0.4:15068|priority:0|startupRole:FOLLOWER, 406ee6b1-fa0c-4161-b052-c61e2a13dd66|rpc:10.1.0.4:15076|admin:10.1.0.4:15075|client:10.1.0.4:15074|dataStream:10.1.0.4:15077|priority:1|startupRole:FOLLOWER, 52e1c3a5-ad40-4f65-b13a-90cebad8bc80|rpc:10.1.0.4:15085|admin:10.1.0.4:15084|client:10.1.0.4:15083|dataStream:10.1.0.4:15086|priority:0|startupRole:FOLLOWER]|listeners:[], old=null
2023-09-12 21:06:19,122 [26fac33b-208f-4640-bb04-d749a6a7a791@group-1A2E6C5CC317-FollowerState] INFO  server.RaftServerConfigKeys (ConfUtils.java:logFallback(53)) - raft.server.rpc.first-election.timeout.min = 5s (fallback to raft.server.rpc.timeout.min)
2023-09-12 21:06:19,122 [26fac33b-208f-4640-bb04-d749a6a7a791@group-1A2E6C5CC317-FollowerState] INFO  server.RaftServerConfigKeys (ConfUtils.java:logFallback(53)) - raft.server.rpc.first-election.timeout.max = 5200ms (fallback to raft.server.rpc.timeout.max)
2023-09-12 21:06:19,123 [52e1c3a5-ad40-4f65-b13a-90cebad8bc80@group-1A2E6C5CC317-LeaderElection14] INFO  impl.LeaderElection (LeaderElection.java:logAndReturn(90)) - 52e1c3a5-ad40-4f65-b13a-90cebad8bc80@group-1A2E6C5CC317-LeaderElection14: PRE_VOTE REJECTED received 2 response(s) and 0 exception(s):
2023-09-12 21:06:19,123 [52e1c3a5-ad40-4f65-b13a-90cebad8bc80@group-1A2E6C5CC317-LeaderElection14] INFO  impl.LeaderElection (LeaderElection.java:logAndReturn(94)) -   Response 0: 52e1c3a5-ad40-4f65-b13a-90cebad8bc80<-26fac33b-208f-4640-bb04-d749a6a7a791#0:OK-t0
2023-09-12 21:06:19,123 [52e1c3a5-ad40-4f65-b13a-90cebad8bc80@group-1A2E6C5CC317-LeaderElection14] INFO  impl.LeaderElection (LeaderElection.java:logAndReturn(94)) -   Response 1: 52e1c3a5-ad40-4f65-b13a-90cebad8bc80<-406ee6b1-fa0c-4161-b052-c61e2a13dd66#0:FAIL-t0
2023-09-12 21:06:19,123 [52e1c3a5-ad40-4f65-b13a-90cebad8bc80@group-1A2E6C5CC317-LeaderElection14] INFO  impl.LeaderElection (LeaderElection.java:askForVotes(323)) - 52e1c3a5-ad40-4f65-b13a-90cebad8bc80@group-1A2E6C5CC317-LeaderElection14 PRE_VOTE round 0: result REJECTED
2023-09-12 21:06:19,124 [52e1c3a5-ad40-4f65-b13a-90cebad8bc80@group-1A2E6C5CC317-LeaderElection14] INFO  server.RaftServer$Division (RaftServerImpl.java:setRole(329)) - 52e1c3a5-ad40-4f65-b13a-90cebad8bc80@group-1A2E6C5CC317: changes role from CANDIDATE to FOLLOWER at term 0 for REJECTED
2023-09-12 21:06:19,124 [52e1c3a5-ad40-4f65-b13a-90cebad8bc80@group-1A2E6C5CC317-LeaderElection14] INFO  impl.RoleInfo (RoleInfo.java:shutdownLeaderElection(130)) - 52e1c3a5-ad40-4f65-b13a-90cebad8bc80: shutdown 52e1c3a5-ad40-4f65-b13a-90cebad8bc80@group-1A2E6C5CC317-LeaderElection14
2023-09-12 21:06:19,124 [52e1c3a5-ad40-4f65-b13a-90cebad8bc80@group-1A2E6C5CC317-LeaderElection14] INFO  impl.RoleInfo (RoleInfo.java:updateAndGet(139)) - 52e1c3a5-ad40-4f65-b13a-90cebad8bc80: start 52e1c3a5-ad40-4f65-b13a-90cebad8bc80@group-1A2E6C5CC317-FollowerState
2023-09-12 21:06:19,129 [406ee6b1-fa0c-4161-b052-c61e2a13dd66@group-1A2E6C5CC317-LeaderElection15] INFO  impl.LeaderElection (LeaderElection.java:logAndReturn(90)) - 406ee6b1-fa0c-4161-b052-c61e2a13dd66@group-1A2E6C5CC317-LeaderElection15: PRE_VOTE PASSED received 1 response(s) and 0 exception(s):
2023-09-12 21:06:19,129 [406ee6b1-fa0c-4161-b052-c61e2a13dd66@group-1A2E6C5CC317-LeaderElection15] INFO  impl.LeaderElection (LeaderElection.java:logAndReturn(94)) -   Response 0: 406ee6b1-fa0c-4161-b052-c61e2a13dd66<-26fac33b-208f-4640-bb04-d749a6a7a791#0:OK-t0
2023-09-12 21:06:19,129 [406ee6b1-fa0c-4161-b052-c61e2a13dd66@group-1A2E6C5CC317-LeaderElection15] INFO  impl.LeaderElection (LeaderElection.java:askForVotes(323)) - 406ee6b1-fa0c-4161-b052-c61e2a13dd66@group-1A2E6C5CC317-LeaderElection15 PRE_VOTE round 0: result PASSED
2023-09-12 21:06:19,131 [grpc-default-executor-8] INFO  server.RaftServer$Division (RaftServerImpl.java:requestVote(1302)) - 52e1c3a5-ad40-4f65-b13a-90cebad8bc80@group-1A2E6C5CC317: receive requestVote(PRE_VOTE, 406ee6b1-fa0c-4161-b052-c61e2a13dd66, group-1A2E6C5CC317, 0, (t:0, i:0))
2023-09-12 21:06:19,131 [grpc-default-executor-8] INFO  impl.VoteContext (VoteContext.java:log(49)) - 52e1c3a5-ad40-4f65-b13a-90cebad8bc80@group-1A2E6C5CC317-FOLLOWER: accept PRE_VOTE from 406ee6b1-fa0c-4161-b052-c61e2a13dd66: our priority 0 <= candidate's priority 1
2023-09-12 21:06:19,132 [406ee6b1-fa0c-4161-b052-c61e2a13dd66@group-1A2E6C5CC317-LeaderElection15] INFO  impl.LeaderElection (LeaderElection.java:askForVotes(321)) - 406ee6b1-fa0c-4161-b052-c61e2a13dd66@group-1A2E6C5CC317-LeaderElection15 ELECTION round 0: submit vote requests at term 1 for -1: peers:[26fac33b-208f-4640-bb04-d749a6a7a791|rpc:10.1.0.4:15067|admin:10.1.0.4:15066|client:10.1.0.4:15065|dataStream:10.1.0.4:15068|priority:0|startupRole:FOLLOWER, 406ee6b1-fa0c-4161-b052-c61e2a13dd66|rpc:10.1.0.4:15076|admin:10.1.0.4:15075|client:10.1.0.4:15074|dataStream:10.1.0.4:15077|priority:1|startupRole:FOLLOWER, 52e1c3a5-ad40-4f65-b13a-90cebad8bc80|rpc:10.1.0.4:15085|admin:10.1.0.4:15084|client:10.1.0.4:15083|dataStream:10.1.0.4:15086|priority:0|startupRole:FOLLOWER]|listeners:[], old=null
2023-09-12 21:06:19,132 [grpc-default-executor-8] INFO  server.RaftServer$Division (RaftServerImpl.java:requestVote(1335)) - 52e1c3a5-ad40-4f65-b13a-90cebad8bc80@group-1A2E6C5CC317 replies to PRE_VOTE vote request: 406ee6b1-fa0c-4161-b052-c61e2a13dd66<-52e1c3a5-ad40-4f65-b13a-90cebad8bc80#0:OK-t0. Peer's state: 52e1c3a5-ad40-4f65-b13a-90cebad8bc80@group-1A2E6C5CC317:t0, leader=null, voted=, raftlog=Memoized:52e1c3a5-ad40-4f65-b13a-90cebad8bc80@group-1A2E6C5CC317-SegmentedRaftLog:OPENED:c-1, conf=-1: peers:[26fac33b-208f-4640-bb04-d749a6a7a791|rpc:10.1.0.4:15067|admin:10.1.0.4:15066|client:10.1.0.4:15065|dataStream:10.1.0.4:15068|priority:0|startupRole:FOLLOWER, 406ee6b1-fa0c-4161-b052-c61e2a13dd66|rpc:10.1.0.4:15076|admin:10.1.0.4:15075|client:10.1.0.4:15074|dataStream:10.1.0.4:15077|priority:1|startupRole:FOLLOWER, 52e1c3a5-ad40-4f65-b13a-90cebad8bc80|rpc:10.1.0.4:15085|admin:10.1.0.4:15084|client:10.1.0.4:15083|dataStream:10.1.0.4:15086|priority:0|startupRole:FOLLOWER]|listeners:[], old=null
2023-09-12 21:06:19,132 [406ee6b1-fa0c-4161-b052-c61e2a13dd66@group-1A2E6C5CC317-LeaderElection15] INFO  server.RaftServerConfigKeys (ConfUtils.java:logFallback(53)) - raft.server.rpc.first-election.timeout.min = 5s (fallback to raft.server.rpc.timeout.min)
2023-09-12 21:06:19,132 [406ee6b1-fa0c-4161-b052-c61e2a13dd66@group-1A2E6C5CC317-LeaderElection15] INFO  server.RaftServerConfigKeys (ConfUtils.java:logFallback(53)) - raft.server.rpc.first-election.timeout.max = 5200ms (fallback to raft.server.rpc.timeout.max)
2023-09-12 21:06:19,135 [grpc-default-executor-8] INFO  server.RaftServer$Division (RaftServerImpl.java:requestVote(1302)) - 26fac33b-208f-4640-bb04-d749a6a7a791@group-1A2E6C5CC317: receive requestVote(ELECTION, 406ee6b1-fa0c-4161-b052-c61e2a13dd66, group-1A2E6C5CC317, 1, (t:0, i:0))
2023-09-12 21:06:19,135 [grpc-default-executor-8] INFO  impl.VoteContext (VoteContext.java:log(49)) - 26fac33b-208f-4640-bb04-d749a6a7a791@group-1A2E6C5CC317-FOLLOWER: accept ELECTION from 406ee6b1-fa0c-4161-b052-c61e2a13dd66: our priority 0 <= candidate's priority 1
2023-09-12 21:06:19,135 [grpc-default-executor-8] INFO  server.RaftServer$Division (RaftServerImpl.java:setRole(329)) - 26fac33b-208f-4640-bb04-d749a6a7a791@group-1A2E6C5CC317: changes role from  FOLLOWER to FOLLOWER at term 1 for candidate:406ee6b1-fa0c-4161-b052-c61e2a13dd66
2023-09-12 21:06:19,135 [grpc-default-executor-8] INFO  impl.RoleInfo (RoleInfo.java:shutdownFollowerState(110)) - 26fac33b-208f-4640-bb04-d749a6a7a791: shutdown 26fac33b-208f-4640-bb04-d749a6a7a791@group-1A2E6C5CC317-FollowerState
2023-09-12 21:06:19,135 [grpc-default-executor-8] INFO  impl.RoleInfo (RoleInfo.java:updateAndGet(139)) - 26fac33b-208f-4640-bb04-d749a6a7a791: start 26fac33b-208f-4640-bb04-d749a6a7a791@group-1A2E6C5CC317-FollowerState
2023-09-12 21:06:19,135 [26fac33b-208f-4640-bb04-d749a6a7a791@group-1A2E6C5CC317-FollowerState] INFO  impl.FollowerState (FollowerState.java:run(152)) - 26fac33b-208f-4640-bb04-d749a6a7a791@group-1A2E6C5CC317-FollowerState was interrupted
2023-09-12 21:06:19,137 [grpc-default-executor-13] INFO  server.RaftServer$Division (RaftServerImpl.java:requestVote(1302)) - 52e1c3a5-ad40-4f65-b13a-90cebad8bc80@group-1A2E6C5CC317: receive requestVote(ELECTION, 406ee6b1-fa0c-4161-b052-c61e2a13dd66, group-1A2E6C5CC317, 1, (t:0, i:0))
2023-09-12 21:06:19,137 [grpc-default-executor-13] INFO  impl.VoteContext (VoteContext.java:log(49)) - 52e1c3a5-ad40-4f65-b13a-90cebad8bc80@group-1A2E6C5CC317-FOLLOWER: accept ELECTION from 406ee6b1-fa0c-4161-b052-c61e2a13dd66: our priority 0 <= candidate's priority 1
2023-09-12 21:06:19,137 [grpc-default-executor-13] INFO  server.RaftServer$Division (RaftServerImpl.java:setRole(329)) - 52e1c3a5-ad40-4f65-b13a-90cebad8bc80@group-1A2E6C5CC317: changes role from  FOLLOWER to FOLLOWER at term 1 for candidate:406ee6b1-fa0c-4161-b052-c61e2a13dd66
2023-09-12 21:06:19,137 [grpc-default-executor-13] INFO  impl.RoleInfo (RoleInfo.java:shutdownFollowerState(110)) - 52e1c3a5-ad40-4f65-b13a-90cebad8bc80: shutdown 52e1c3a5-ad40-4f65-b13a-90cebad8bc80@group-1A2E6C5CC317-FollowerState
2023-09-12 21:06:19,137 [grpc-default-executor-13] INFO  impl.RoleInfo (RoleInfo.java:updateAndGet(139)) - 52e1c3a5-ad40-4f65-b13a-90cebad8bc80: start 52e1c3a5-ad40-4f65-b13a-90cebad8bc80@group-1A2E6C5CC317-FollowerState
2023-09-12 21:06:19,137 [52e1c3a5-ad40-4f65-b13a-90cebad8bc80@group-1A2E6C5CC317-FollowerState] INFO  impl.FollowerState (FollowerState.java:run(152)) - 52e1c3a5-ad40-4f65-b13a-90cebad8bc80@group-1A2E6C5CC317-FollowerState was interrupted
2023-09-12 21:06:19,138 [grpc-default-executor-8] INFO  server.RaftServer$Division (RaftServerImpl.java:requestVote(1335)) - 26fac33b-208f-4640-bb04-d749a6a7a791@group-1A2E6C5CC317 replies to ELECTION vote request: 406ee6b1-fa0c-4161-b052-c61e2a13dd66<-26fac33b-208f-4640-bb04-d749a6a7a791#0:OK-t1. Peer's state: 26fac33b-208f-4640-bb04-d749a6a7a791@group-1A2E6C5CC317:t1, leader=null, voted=406ee6b1-fa0c-4161-b052-c61e2a13dd66, raftlog=Memoized:26fac33b-208f-4640-bb04-d749a6a7a791@group-1A2E6C5CC317-SegmentedRaftLog:OPENED:c-1, conf=-1: peers:[26fac33b-208f-4640-bb04-d749a6a7a791|rpc:10.1.0.4:15067|admin:10.1.0.4:15066|client:10.1.0.4:15065|dataStream:10.1.0.4:15068|priority:0|startupRole:FOLLOWER, 406ee6b1-fa0c-4161-b052-c61e2a13dd66|rpc:10.1.0.4:15076|admin:10.1.0.4:15075|client:10.1.0.4:15074|dataStream:10.1.0.4:15077|priority:1|startupRole:FOLLOWER, 52e1c3a5-ad40-4f65-b13a-90cebad8bc80|rpc:10.1.0.4:15085|admin:10.1.0.4:15084|client:10.1.0.4:15083|dataStream:10.1.0.4:15086|priority:0|startupRole:FOLLOWER]|listeners:[], old=null
2023-09-12 21:06:19,140 [grpc-default-executor-13] INFO  server.RaftServer$Division (RaftServerImpl.java:requestVote(1335)) - 52e1c3a5-ad40-4f65-b13a-90cebad8bc80@group-1A2E6C5CC317 replies to ELECTION vote request: 406ee6b1-fa0c-4161-b052-c61e2a13dd66<-52e1c3a5-ad40-4f65-b13a-90cebad8bc80#0:OK-t1. Peer's state: 52e1c3a5-ad40-4f65-b13a-90cebad8bc80@group-1A2E6C5CC317:t1, leader=null, voted=406ee6b1-fa0c-4161-b052-c61e2a13dd66, raftlog=Memoized:52e1c3a5-ad40-4f65-b13a-90cebad8bc80@group-1A2E6C5CC317-SegmentedRaftLog:OPENED:c-1, conf=-1: peers:[26fac33b-208f-4640-bb04-d749a6a7a791|rpc:10.1.0.4:15067|admin:10.1.0.4:15066|client:10.1.0.4:15065|dataStream:10.1.0.4:15068|priority:0|startupRole:FOLLOWER, 406ee6b1-fa0c-4161-b052-c61e2a13dd66|rpc:10.1.0.4:15076|admin:10.1.0.4:15075|client:10.1.0.4:15074|dataStream:10.1.0.4:15077|priority:1|startupRole:FOLLOWER, 52e1c3a5-ad40-4f65-b13a-90cebad8bc80|rpc:10.1.0.4:15085|admin:10.1.0.4:15084|client:10.1.0.4:15083|dataStream:10.1.0.4:15086|priority:0|startupRole:FOLLOWER]|listeners:[], old=null
2023-09-12 21:06:19,140 [406ee6b1-fa0c-4161-b052-c61e2a13dd66@group-1A2E6C5CC317-LeaderElection15] INFO  impl.LeaderElection (LeaderElection.java:logAndReturn(90)) - 406ee6b1-fa0c-4161-b052-c61e2a13dd66@group-1A2E6C5CC317-LeaderElection15: ELECTION PASSED received 1 response(s) and 0 exception(s):
2023-09-12 21:06:19,141 [406ee6b1-fa0c-4161-b052-c61e2a13dd66@group-1A2E6C5CC317-LeaderElection15] INFO  impl.LeaderElection (LeaderElection.java:logAndReturn(94)) -   Response 0: 406ee6b1-fa0c-4161-b052-c61e2a13dd66<-26fac33b-208f-4640-bb04-d749a6a7a791#0:OK-t1
2023-09-12 21:06:19,141 [406ee6b1-fa0c-4161-b052-c61e2a13dd66@group-1A2E6C5CC317-LeaderElection15] INFO  impl.LeaderElection (LeaderElection.java:askForVotes(323)) - 406ee6b1-fa0c-4161-b052-c61e2a13dd66@group-1A2E6C5CC317-LeaderElection15 ELECTION round 0: result PASSED
2023-09-12 21:06:19,141 [406ee6b1-fa0c-4161-b052-c61e2a13dd66@group-1A2E6C5CC317-LeaderElection15] INFO  impl.RoleInfo (RoleInfo.java:shutdownLeaderElection(130)) - 406ee6b1-fa0c-4161-b052-c61e2a13dd66: shutdown 406ee6b1-fa0c-4161-b052-c61e2a13dd66@group-1A2E6C5CC317-LeaderElection15
2023-09-12 21:06:19,141 [406ee6b1-fa0c-4161-b052-c61e2a13dd66@group-1A2E6C5CC317-LeaderElection15] INFO  server.RaftServer$Division (RaftServerImpl.java:setRole(329)) - 406ee6b1-fa0c-4161-b052-c61e2a13dd66@group-1A2E6C5CC317: changes role from CANDIDATE to LEADER at term 1 for changeToLeader
2023-09-12 21:06:19,141 [406ee6b1-fa0c-4161-b052-c61e2a13dd66@group-1A2E6C5CC317-LeaderElection15] INFO  ratis.XceiverServerRatis (XceiverServerRatis.java:handleLeaderChangedNotification(902)) - Leader change notification received for group: group-1A2E6C5CC317 with new leaderId: 406ee6b1-fa0c-4161-b052-c61e2a13dd66
2023-09-12 21:06:19,141 [406ee6b1-fa0c-4161-b052-c61e2a13dd66@group-1A2E6C5CC317-LeaderElection15] INFO  server.RaftServer$Division (ServerState.java:setLeader(317)) - 406ee6b1-fa0c-4161-b052-c61e2a13dd66@group-1A2E6C5CC317: change Leader from null to 406ee6b1-fa0c-4161-b052-c61e2a13dd66 at term 1 for becomeLeader, leader elected after 5157ms
2023-09-12 21:06:19,141 [406ee6b1-fa0c-4161-b052-c61e2a13dd66@group-1A2E6C5CC317-LeaderElection15] INFO  server.RaftServerConfigKeys (ConfUtils.java:logGet(46)) - raft.server.staging.catchup.gap = 1000 (default)
2023-09-12 21:06:19,141 [406ee6b1-fa0c-4161-b052-c61e2a13dd66@group-1A2E6C5CC317-LeaderElection15] INFO  server.RaftServerConfigKeys (ConfUtils.java:logGet(46)) - raft.server.write.element-limit = 1024 (custom)
2023-09-12 21:06:19,141 [406ee6b1-fa0c-4161-b052-c61e2a13dd66@group-1A2E6C5CC317-LeaderElection15] INFO  server.RaftServerConfigKeys (ConfUtils.java:logGet(46)) - raft.server.write.byte-limit = 1024 M (=1073741824) (custom)
2023-09-12 21:06:19,141 [406ee6b1-fa0c-4161-b052-c61e2a13dd66@group-1A2E6C5CC317-LeaderElection15] INFO  server.RaftServerConfigKeys (ConfUtils.java:logGet(46)) - raft.server.watch.timeout = 10000ms (default)
2023-09-12 21:06:19,141 [406ee6b1-fa0c-4161-b052-c61e2a13dd66@group-1A2E6C5CC317-LeaderElection15] INFO  server.RaftServerConfigKeys (ConfUtils.java:logGet(46)) - raft.server.watch.timeout.denomination = 1s (default)
2023-09-12 21:06:19,141 [406ee6b1-fa0c-4161-b052-c61e2a13dd66@group-1A2E6C5CC317-LeaderElection15] INFO  server.RaftServerConfigKeys (ConfUtils.java:logGet(46)) - raft.server.watch.element-limit = 65536 (default)
2023-09-12 21:06:19,141 [406ee6b1-fa0c-4161-b052-c61e2a13dd66@group-1A2E6C5CC317-LeaderElection15] INFO  server.RaftServerConfigKeys (ConfUtils.java:logGet(46)) - raft.server.write.element-limit = 1024 (custom)
2023-09-12 21:06:19,142 [406ee6b1-fa0c-4161-b052-c61e2a13dd66@group-1A2E6C5CC317-LeaderElection15] INFO  server.RaftServerConfigKeys (ConfUtils.java:logGet(46)) - raft.server.write.follower.gap.ratio.max = -1.0 (default)
2023-09-12 21:06:19,142 [406ee6b1-fa0c-4161-b052-c61e2a13dd66@group-1A2E6C5CC317-LeaderElection15] INFO  server.RaftServerConfigKeys (ConfUtils.java:logGet(46)) - raft.server.log.appender.snapshot.chunk.size.max = 16MB (=16777216) (default)
2023-09-12 21:06:19,142 [406ee6b1-fa0c-4161-b052-c61e2a13dd66@group-1A2E6C5CC317-LeaderElection15] INFO  server.RaftServerConfigKeys (ConfUtils.java:logGet(46)) - raft.server.log.appender.buffer.byte-limit = 33554432 (custom)
2023-09-12 21:06:19,142 [406ee6b1-fa0c-4161-b052-c61e2a13dd66@group-1A2E6C5CC317-LeaderElection15] INFO  server.RaftServerConfigKeys (ConfUtils.java:logGet(46)) - raft.server.log.appender.buffer.element-limit = 1 (custom)
2023-09-12 21:06:19,142 [406ee6b1-fa0c-4161-b052-c61e2a13dd66@group-1A2E6C5CC317-LeaderElection15] INFO  server.RaftServerConfigKeys (ConfUtils.java:logGet(46)) - raft.server.log.appender.wait-time.min = 10ms (default)
2023-09-12 21:06:19,142 [406ee6b1-fa0c-4161-b052-c61e2a13dd66@group-1A2E6C5CC317-LeaderElection15] INFO  grpc.GrpcConfigKeys (ConfUtils.java:logGet(46)) - raft.grpc.server.leader.outstanding.appends.max = 128 (default)
2023-09-12 21:06:19,142 [406ee6b1-fa0c-4161-b052-c61e2a13dd66@group-1A2E6C5CC317-LeaderElection15] INFO  server.RaftServerConfigKeys (ConfUtils.java:logGet(46)) - raft.server.rpc.request.timeout = 3000ms (default)
2023-09-12 21:06:19,142 [406ee6b1-fa0c-4161-b052-c61e2a13dd66@group-1A2E6C5CC317-LeaderElection15] INFO  grpc.GrpcConfigKeys (ConfUtils.java:logGet(46)) - raft.grpc.server.install_snapshot.request.element-limit = 8 (default)
2023-09-12 21:06:19,142 [406ee6b1-fa0c-4161-b052-c61e2a13dd66@group-1A2E6C5CC317-LeaderElection15] INFO  grpc.GrpcConfigKeys (ConfUtils.java:logGet(46)) - raft.grpc.server.install_snapshot.request.timeout = 3000ms (default)
2023-09-12 21:06:19,142 [406ee6b1-fa0c-4161-b052-c61e2a13dd66@group-1A2E6C5CC317-LeaderElection15] INFO  server.RaftServerConfigKeys (ConfUtils.java:logGet(46)) - raft.server.log.appender.install.snapshot.enabled = false (custom)
2023-09-12 21:06:19,142 [406ee6b1-fa0c-4161-b052-c61e2a13dd66@group-1A2E6C5CC317-LeaderElection15] INFO  grpc.GrpcConfigKeys (ConfUtils.java:logGet(46)) - raft.grpc.server.heartbeat.channel = true (default)
2023-09-12 21:06:19,143 [406ee6b1-fa0c-4161-b052-c61e2a13dd66@group-1A2E6C5CC317-LeaderElection15] INFO  server.RaftServerConfigKeys (ConfUtils.java:logGet(46)) - raft.server.log.appender.snapshot.chunk.size.max = 16MB (=16777216) (default)
2023-09-12 21:06:19,144 [EventQueue-PipelineReportForPipelineReportHandler] INFO  pipeline.PipelineReportHandler (PipelineReportHandler.java:processPipelineReport(136)) - Opened pipeline PipelineID=0f81a6e3-614b-468d-ab00-1a2e6c5cc317
2023-09-12 21:06:19,144 [406ee6b1-fa0c-4161-b052-c61e2a13dd66@group-1A2E6C5CC317-LeaderElection15] INFO  server.RaftServerConfigKeys (ConfUtils.java:logGet(46)) - raft.server.log.appender.buffer.byte-limit = 33554432 (custom)
2023-09-12 21:06:19,144 [406ee6b1-fa0c-4161-b052-c61e2a13dd66@group-1A2E6C5CC317-LeaderElection15] INFO  server.RaftServerConfigKeys (ConfUtils.java:logGet(46)) - raft.server.log.appender.buffer.element-limit = 1 (custom)
2023-09-12 21:06:19,144 [406ee6b1-fa0c-4161-b052-c61e2a13dd66@group-1A2E6C5CC317-LeaderElection15] INFO  server.RaftServerConfigKeys (ConfUtils.java:logGet(46)) - raft.server.log.appender.wait-time.min = 10ms (default)
2023-09-12 21:06:19,144 [406ee6b1-fa0c-4161-b052-c61e2a13dd66@group-1A2E6C5CC317-LeaderElection15] INFO  grpc.GrpcConfigKeys (ConfUtils.java:logGet(46)) - raft.grpc.server.leader.outstanding.appends.max = 128 (default)
2023-09-12 21:06:19,144 [406ee6b1-fa0c-4161-b052-c61e2a13dd66@group-1A2E6C5CC317-LeaderElection15] INFO  server.RaftServerConfigKeys (ConfUtils.java:logGet(46)) - raft.server.rpc.request.timeout = 3000ms (default)
2023-09-12 21:06:19,144 [406ee6b1-fa0c-4161-b052-c61e2a13dd66@group-1A2E6C5CC317-LeaderElection15] INFO  grpc.GrpcConfigKeys (ConfUtils.java:logGet(46)) - raft.grpc.server.install_snapshot.request.element-limit = 8 (default)
2023-09-12 21:06:19,144 [406ee6b1-fa0c-4161-b052-c61e2a13dd66@group-1A2E6C5CC317-LeaderElection15] INFO  grpc.GrpcConfigKeys (ConfUtils.java:logGet(46)) - raft.grpc.server.install_snapshot.request.timeout = 3000ms (default)
2023-09-12 21:06:19,144 [406ee6b1-fa0c-4161-b052-c61e2a13dd66@group-1A2E6C5CC317-LeaderElection15] INFO  server.RaftServerConfigKeys (ConfUtils.java:logGet(46)) - raft.server.log.appender.install.snapshot.enabled = false (custom)
2023-09-12 21:06:19,145 [406ee6b1-fa0c-4161-b052-c61e2a13dd66@group-1A2E6C5CC317-LeaderElection15] INFO  grpc.GrpcConfigKeys (ConfUtils.java:logGet(46)) - raft.grpc.server.heartbeat.channel = true (default)
2023-09-12 21:06:19,145 [406ee6b1-fa0c-4161-b052-c61e2a13dd66@group-1A2E6C5CC317-LeaderElection15] INFO  impl.RoleInfo (RoleInfo.java:updateAndGet(139)) - 406ee6b1-fa0c-4161-b052-c61e2a13dd66: start 406ee6b1-fa0c-4161-b052-c61e2a13dd66@group-1A2E6C5CC317-LeaderStateImpl
2023-09-12 21:06:19,145 [406ee6b1-fa0c-4161-b052-c61e2a13dd66@group-1A2E6C5CC317-LeaderElection15] INFO  segmented.SegmentedRaftLogWorker (SegmentedRaftLogWorker.java:startLogSegment(447)) - 406ee6b1-fa0c-4161-b052-c61e2a13dd66@group-1A2E6C5CC317-SegmentedRaftLogWorker: Starting segment from index:0
2023-09-12 21:06:19,146 [406ee6b1-fa0c-4161-b052-c61e2a13dd66@group-1A2E6C5CC317-SegmentedRaftLogWorker] INFO  segmented.SegmentedRaftLogWorker (SegmentedRaftLogWorker.java:execute(651)) - 406ee6b1-fa0c-4161-b052-c61e2a13dd66@group-1A2E6C5CC317-SegmentedRaftLogWorker: created new log segment /home/runner/work/ozone/ozone/hadoop-ozone/integration-test/target/test-dir/MiniOzoneClusterImpl-b2199f83-407c-4d6c-939a-90a6ee7b9086/datanode-1/data/ratis/0f81a6e3-614b-468d-ab00-1a2e6c5cc317/current/log_inprogress_0
2023-09-12 21:06:19,148 [406ee6b1-fa0c-4161-b052-c61e2a13dd66@group-1A2E6C5CC317-LeaderElection15] INFO  server.RaftServer$Division (ServerState.java:setRaftConf(434)) - 406ee6b1-fa0c-4161-b052-c61e2a13dd66@group-1A2E6C5CC317: set configuration 0: peers:[26fac33b-208f-4640-bb04-d749a6a7a791|rpc:10.1.0.4:15067|admin:10.1.0.4:15066|client:10.1.0.4:15065|dataStream:10.1.0.4:15068|priority:0|startupRole:FOLLOWER, 406ee6b1-fa0c-4161-b052-c61e2a13dd66|rpc:10.1.0.4:15076|admin:10.1.0.4:15075|client:10.1.0.4:15074|dataStream:10.1.0.4:15077|priority:1|startupRole:FOLLOWER, 52e1c3a5-ad40-4f65-b13a-90cebad8bc80|rpc:10.1.0.4:15085|admin:10.1.0.4:15084|client:10.1.0.4:15083|dataStream:10.1.0.4:15086|priority:0|startupRole:FOLLOWER]|listeners:[], old=null
2023-09-12 21:06:19,156 [52e1c3a5-ad40-4f65-b13a-90cebad8bc80-server-thread1] INFO  ratis.XceiverServerRatis (XceiverServerRatis.java:handleLeaderChangedNotification(902)) - Leader change notification received for group: group-1A2E6C5CC317 with new leaderId: 406ee6b1-fa0c-4161-b052-c61e2a13dd66
2023-09-12 21:06:19,156 [52e1c3a5-ad40-4f65-b13a-90cebad8bc80-server-thread1] INFO  server.RaftServer$Division (ServerState.java:setLeader(317)) - 52e1c3a5-ad40-4f65-b13a-90cebad8bc80@group-1A2E6C5CC317: change Leader from null to 406ee6b1-fa0c-4161-b052-c61e2a13dd66 at term 1 for appendEntries, leader elected after 5199ms
2023-09-12 21:06:19,160 [26fac33b-208f-4640-bb04-d749a6a7a791-server-thread1] INFO  ratis.XceiverServerRatis (XceiverServerRatis.java:handleLeaderChangedNotification(902)) - Leader change notification received for group: group-1A2E6C5CC317 with new leaderId: 406ee6b1-fa0c-4161-b052-c61e2a13dd66
2023-09-12 21:06:19,160 [26fac33b-208f-4640-bb04-d749a6a7a791-server-thread1] INFO  server.RaftServer$Division (ServerState.java:setLeader(317)) - 26fac33b-208f-4640-bb04-d749a6a7a791@group-1A2E6C5CC317: change Leader from null to 406ee6b1-fa0c-4161-b052-c61e2a13dd66 at term 1 for appendEntries, leader elected after 5228ms
2023-09-12 21:06:19,173 [52e1c3a5-ad40-4f65-b13a-90cebad8bc80-server-thread2] INFO  server.RaftServer$Division (ServerState.java:setRaftConf(434)) - 52e1c3a5-ad40-4f65-b13a-90cebad8bc80@group-1A2E6C5CC317: set configuration 0: peers:[26fac33b-208f-4640-bb04-d749a6a7a791|rpc:10.1.0.4:15067|admin:10.1.0.4:15066|client:10.1.0.4:15065|dataStream:10.1.0.4:15068|priority:0|startupRole:FOLLOWER, 406ee6b1-fa0c-4161-b052-c61e2a13dd66|rpc:10.1.0.4:15076|admin:10.1.0.4:15075|client:10.1.0.4:15074|dataStream:10.1.0.4:15077|priority:1|startupRole:FOLLOWER, 52e1c3a5-ad40-4f65-b13a-90cebad8bc80|rpc:10.1.0.4:15085|admin:10.1.0.4:15084|client:10.1.0.4:15083|dataStream:10.1.0.4:15086|priority:0|startupRole:FOLLOWER]|listeners:[], old=null
2023-09-12 21:06:19,173 [52e1c3a5-ad40-4f65-b13a-90cebad8bc80-server-thread2] INFO  segmented.SegmentedRaftLogWorker (SegmentedRaftLogWorker.java:startLogSegment(447)) - 52e1c3a5-ad40-4f65-b13a-90cebad8bc80@group-1A2E6C5CC317-SegmentedRaftLogWorker: Starting segment from index:0
2023-09-12 21:06:19,180 [26fac33b-208f-4640-bb04-d749a6a7a791-server-thread1] INFO  server.RaftServer$Division (ServerState.java:setRaftConf(434)) - 26fac33b-208f-4640-bb04-d749a6a7a791@group-1A2E6C5CC317: set configuration 0: peers:[26fac33b-208f-4640-bb04-d749a6a7a791|rpc:10.1.0.4:15067|admin:10.1.0.4:15066|client:10.1.0.4:15065|dataStream:10.1.0.4:15068|priority:0|startupRole:FOLLOWER, 406ee6b1-fa0c-4161-b052-c61e2a13dd66|rpc:10.1.0.4:15076|admin:10.1.0.4:15075|client:10.1.0.4:15074|dataStream:10.1.0.4:15077|priority:1|startupRole:FOLLOWER, 52e1c3a5-ad40-4f65-b13a-90cebad8bc80|rpc:10.1.0.4:15085|admin:10.1.0.4:15084|client:10.1.0.4:15083|dataStream:10.1.0.4:15086|priority:0|startupRole:FOLLOWER]|listeners:[], old=null
2023-09-12 21:06:19,180 [26fac33b-208f-4640-bb04-d749a6a7a791-server-thread1] INFO  segmented.SegmentedRaftLogWorker (SegmentedRaftLogWorker.java:startLogSegment(447)) - 26fac33b-208f-4640-bb04-d749a6a7a791@group-1A2E6C5CC317-SegmentedRaftLogWorker: Starting segment from index:0
2023-09-12 21:06:19,182 [52e1c3a5-ad40-4f65-b13a-90cebad8bc80@group-1A2E6C5CC317-SegmentedRaftLogWorker] INFO  segmented.SegmentedRaftLogWorker (SegmentedRaftLogWorker.java:execute(651)) - 52e1c3a5-ad40-4f65-b13a-90cebad8bc80@group-1A2E6C5CC317-SegmentedRaftLogWorker: created new log segment /home/runner/work/ozone/ozone/hadoop-ozone/integration-test/target/test-dir/MiniOzoneClusterImpl-b2199f83-407c-4d6c-939a-90a6ee7b9086/datanode-2/data/ratis/0f81a6e3-614b-468d-ab00-1a2e6c5cc317/current/log_inprogress_0
2023-09-12 21:06:19,185 [26fac33b-208f-4640-bb04-d749a6a7a791@group-1A2E6C5CC317-SegmentedRaftLogWorker] INFO  segmented.SegmentedRaftLogWorker (SegmentedRaftLogWorker.java:execute(651)) - 26fac33b-208f-4640-bb04-d749a6a7a791@group-1A2E6C5CC317-SegmentedRaftLogWorker: created new log segment /home/runner/work/ozone/ozone/hadoop-ozone/integration-test/target/test-dir/MiniOzoneClusterImpl-b2199f83-407c-4d6c-939a-90a6ee7b9086/datanode-0/data/ratis/0f81a6e3-614b-468d-ab00-1a2e6c5cc317/current/log_inprogress_0
2023-09-12 21:06:19,197 [406ee6b1-fa0c-4161-b052-c61e2a13dd66@group-3D78B1CF03C5-FollowerState] INFO  impl.FollowerState (FollowerState.java:run(143)) - 406ee6b1-fa0c-4161-b052-c61e2a13dd66@group-3D78B1CF03C5-FollowerState: change to CANDIDATE, lastRpcElapsedTime:5061657001ns, electionTimeout:5061ms
2023-09-12 21:06:19,197 [406ee6b1-fa0c-4161-b052-c61e2a13dd66@group-3D78B1CF03C5-FollowerState] INFO  impl.RoleInfo (RoleInfo.java:shutdownFollowerState(110)) - 406ee6b1-fa0c-4161-b052-c61e2a13dd66: shutdown 406ee6b1-fa0c-4161-b052-c61e2a13dd66@group-3D78B1CF03C5-FollowerState
2023-09-12 21:06:19,197 [406ee6b1-fa0c-4161-b052-c61e2a13dd66@group-3D78B1CF03C5-FollowerState] INFO  server.RaftServer$Division (RaftServerImpl.java:setRole(329)) - 406ee6b1-fa0c-4161-b052-c61e2a13dd66@group-3D78B1CF03C5: changes role from  FOLLOWER to CANDIDATE at term 0 for changeToCandidate
2023-09-12 21:06:19,197 [406ee6b1-fa0c-4161-b052-c61e2a13dd66@group-3D78B1CF03C5-FollowerState] INFO  server.RaftServerConfigKeys (ConfUtils.java:logGet(46)) - raft.server.leaderelection.pre-vote = true (default)
2023-09-12 21:06:19,197 [406ee6b1-fa0c-4161-b052-c61e2a13dd66@group-3D78B1CF03C5-FollowerState] INFO  impl.RoleInfo (RoleInfo.java:updateAndGet(139)) - 406ee6b1-fa0c-4161-b052-c61e2a13dd66: start 406ee6b1-fa0c-4161-b052-c61e2a13dd66@group-3D78B1CF03C5-LeaderElection16
2023-09-12 21:06:19,206 [406ee6b1-fa0c-4161-b052-c61e2a13dd66@group-3D78B1CF03C5-LeaderElection16] INFO  impl.LeaderElection (LeaderElection.java:askForVotes(321)) - 406ee6b1-fa0c-4161-b052-c61e2a13dd66@group-3D78B1CF03C5-LeaderElection16 PRE_VOTE round 0: submit vote requests at term 0 for -1: peers:[406ee6b1-fa0c-4161-b052-c61e2a13dd66|rpc:10.1.0.4:15076|admin:10.1.0.4:15075|client:10.1.0.4:15074|dataStream:10.1.0.4:15077|priority:1|startupRole:FOLLOWER]|listeners:[], old=null
2023-09-12 21:06:19,206 [406ee6b1-fa0c-4161-b052-c61e2a13dd66@group-3D78B1CF03C5-LeaderElection16] INFO  impl.LeaderElection (LeaderElection.java:askForVotes(323)) - 406ee6b1-fa0c-4161-b052-c61e2a13dd66@group-3D78B1CF03C5-LeaderElection16 PRE_VOTE round 0: result PASSED (term=0)
2023-09-12 21:06:19,209 [406ee6b1-fa0c-4161-b052-c61e2a13dd66@group-3D78B1CF03C5-LeaderElection16] INFO  impl.LeaderElection (LeaderElection.java:askForVotes(321)) - 406ee6b1-fa0c-4161-b052-c61e2a13dd66@group-3D78B1CF03C5-LeaderElection16 ELECTION round 0: submit vote requests at term 1 for -1: peers:[406ee6b1-fa0c-4161-b052-c61e2a13dd66|rpc:10.1.0.4:15076|admin:10.1.0.4:15075|client:10.1.0.4:15074|dataStream:10.1.0.4:15077|priority:1|startupRole:FOLLOWER]|listeners:[], old=null
2023-09-12 21:06:19,209 [406ee6b1-fa0c-4161-b052-c61e2a13dd66@group-3D78B1CF03C5-LeaderElection16] INFO  impl.LeaderElection (LeaderElection.java:askForVotes(323)) - 406ee6b1-fa0c-4161-b052-c61e2a13dd66@group-3D78B1CF03C5-LeaderElection16 ELECTION round 0: result PASSED (term=1)
2023-09-12 21:06:19,209 [406ee6b1-fa0c-4161-b052-c61e2a13dd66@group-3D78B1CF03C5-LeaderElection16] INFO  impl.RoleInfo (RoleInfo.java:shutdownLeaderElection(130)) - 406ee6b1-fa0c-4161-b052-c61e2a13dd66: shutdown 406ee6b1-fa0c-4161-b052-c61e2a13dd66@group-3D78B1CF03C5-LeaderElection16
2023-09-12 21:06:19,209 [406ee6b1-fa0c-4161-b052-c61e2a13dd66@group-3D78B1CF03C5-LeaderElection16] INFO  server.RaftServer$Division (RaftServerImpl.java:setRole(329)) - 406ee6b1-fa0c-4161-b052-c61e2a13dd66@group-3D78B1CF03C5: changes role from CANDIDATE to LEADER at term 1 for changeToLeader
2023-09-12 21:06:19,209 [406ee6b1-fa0c-4161-b052-c61e2a13dd66@group-3D78B1CF03C5-LeaderElection16] INFO  ratis.XceiverServerRatis (XceiverServerRatis.java:handleLeaderChangedNotification(902)) - Leader change notification received for group: group-3D78B1CF03C5 with new leaderId: 406ee6b1-fa0c-4161-b052-c61e2a13dd66
2023-09-12 21:06:19,209 [406ee6b1-fa0c-4161-b052-c61e2a13dd66@group-3D78B1CF03C5-LeaderElection16] INFO  server.RaftServer$Division (ServerState.java:setLeader(317)) - 406ee6b1-fa0c-4161-b052-c61e2a13dd66@group-3D78B1CF03C5: change Leader from null to 406ee6b1-fa0c-4161-b052-c61e2a13dd66 at term 1 for becomeLeader, leader elected after 5088ms
2023-09-12 21:06:19,209 [406ee6b1-fa0c-4161-b052-c61e2a13dd66@group-3D78B1CF03C5-LeaderElection16] INFO  server.RaftServerConfigKeys (ConfUtils.java:logGet(46)) - raft.server.staging.catchup.gap = 1000 (default)
2023-09-12 21:06:19,211 [406ee6b1-fa0c-4161-b052-c61e2a13dd66@group-3D78B1CF03C5-LeaderElection16] INFO  server.RaftServerConfigKeys (ConfUtils.java:logGet(46)) - raft.server.write.element-limit = 1024 (custom)
2023-09-12 21:06:19,211 [406ee6b1-fa0c-4161-b052-c61e2a13dd66@group-3D78B1CF03C5-LeaderElection16] INFO  server.RaftServerConfigKeys (ConfUtils.java:logGet(46)) - raft.server.write.byte-limit = 1024 M (=1073741824) (custom)
2023-09-12 21:06:19,211 [406ee6b1-fa0c-4161-b052-c61e2a13dd66@group-3D78B1CF03C5-LeaderElection16] INFO  server.RaftServerConfigKeys (ConfUtils.java:logGet(46)) - raft.server.watch.timeout = 10000ms (default)
2023-09-12 21:06:19,211 [406ee6b1-fa0c-4161-b052-c61e2a13dd66@group-3D78B1CF03C5-LeaderElection16] INFO  server.RaftServerConfigKeys (ConfUtils.java:logGet(46)) - raft.server.watch.timeout.denomination = 1s (default)
2023-09-12 21:06:19,211 [406ee6b1-fa0c-4161-b052-c61e2a13dd66@group-3D78B1CF03C5-LeaderElection16] INFO  server.RaftServerConfigKeys (ConfUtils.java:logGet(46)) - raft.server.watch.element-limit = 65536 (default)
2023-09-12 21:06:19,211 [406ee6b1-fa0c-4161-b052-c61e2a13dd66@group-3D78B1CF03C5-LeaderElection16] INFO  server.RaftServerConfigKeys (ConfUtils.java:logGet(46)) - raft.server.write.element-limit = 1024 (custom)
2023-09-12 21:06:19,211 [406ee6b1-fa0c-4161-b052-c61e2a13dd66@group-3D78B1CF03C5-LeaderElection16] INFO  server.RaftServerConfigKeys (ConfUtils.java:logGet(46)) - raft.server.write.follower.gap.ratio.max = -1.0 (default)
2023-09-12 21:06:19,211 [406ee6b1-fa0c-4161-b052-c61e2a13dd66@group-3D78B1CF03C5-LeaderElection16] INFO  impl.RoleInfo (RoleInfo.java:updateAndGet(139)) - 406ee6b1-fa0c-4161-b052-c61e2a13dd66: start 406ee6b1-fa0c-4161-b052-c61e2a13dd66@group-3D78B1CF03C5-LeaderStateImpl
2023-09-12 21:06:19,211 [406ee6b1-fa0c-4161-b052-c61e2a13dd66@group-3D78B1CF03C5-LeaderElection16] INFO  segmented.SegmentedRaftLogWorker (SegmentedRaftLogWorker.java:startLogSegment(447)) - 406ee6b1-fa0c-4161-b052-c61e2a13dd66@group-3D78B1CF03C5-SegmentedRaftLogWorker: Starting segment from index:0
2023-09-12 21:06:19,214 [406ee6b1-fa0c-4161-b052-c61e2a13dd66@group-3D78B1CF03C5-LeaderElection16] INFO  server.RaftServer$Division (ServerState.java:setRaftConf(434)) - 406ee6b1-fa0c-4161-b052-c61e2a13dd66@group-3D78B1CF03C5: set configuration 0: peers:[406ee6b1-fa0c-4161-b052-c61e2a13dd66|rpc:10.1.0.4:15076|admin:10.1.0.4:15075|client:10.1.0.4:15074|dataStream:10.1.0.4:15077|priority:1|startupRole:FOLLOWER]|listeners:[], old=null
2023-09-12 21:06:19,217 [406ee6b1-fa0c-4161-b052-c61e2a13dd66@group-3D78B1CF03C5-SegmentedRaftLogWorker] INFO  segmented.SegmentedRaftLogWorker (SegmentedRaftLogWorker.java:execute(651)) - 406ee6b1-fa0c-4161-b052-c61e2a13dd66@group-3D78B1CF03C5-SegmentedRaftLogWorker: created new log segment /home/runner/work/ozone/ozone/hadoop-ozone/integration-test/target/test-dir/MiniOzoneClusterImpl-b2199f83-407c-4d6c-939a-90a6ee7b9086/datanode-1/data/ratis/91b31b01-0ade-462e-8fbd-3d78b1cf03c5/current/log_inprogress_0
2023-09-12 21:06:19,434 [52e1c3a5-ad40-4f65-b13a-90cebad8bc80@group-D30D9E24B3FB-FollowerState] INFO  impl.FollowerState (FollowerState.java:run(143)) - 52e1c3a5-ad40-4f65-b13a-90cebad8bc80@group-D30D9E24B3FB-FollowerState: change to CANDIDATE, lastRpcElapsedTime:5030581076ns, electionTimeout:5029ms
2023-09-12 21:06:19,434 [52e1c3a5-ad40-4f65-b13a-90cebad8bc80@group-D30D9E24B3FB-FollowerState] INFO  impl.RoleInfo (RoleInfo.java:shutdownFollowerState(110)) - 52e1c3a5-ad40-4f65-b13a-90cebad8bc80: shutdown 52e1c3a5-ad40-4f65-b13a-90cebad8bc80@group-D30D9E24B3FB-FollowerState
2023-09-12 21:06:19,434 [52e1c3a5-ad40-4f65-b13a-90cebad8bc80@group-D30D9E24B3FB-FollowerState] INFO  server.RaftServer$Division (RaftServerImpl.java:setRole(329)) - 52e1c3a5-ad40-4f65-b13a-90cebad8bc80@group-D30D9E24B3FB: changes role from  FOLLOWER to CANDIDATE at term 0 for changeToCandidate
2023-09-12 21:06:19,434 [52e1c3a5-ad40-4f65-b13a-90cebad8bc80@group-D30D9E24B3FB-FollowerState] INFO  server.RaftServerConfigKeys (ConfUtils.java:logGet(46)) - raft.server.leaderelection.pre-vote = true (default)
2023-09-12 21:06:19,434 [52e1c3a5-ad40-4f65-b13a-90cebad8bc80@group-D30D9E24B3FB-FollowerState] INFO  impl.RoleInfo (RoleInfo.java:updateAndGet(139)) - 52e1c3a5-ad40-4f65-b13a-90cebad8bc80: start 52e1c3a5-ad40-4f65-b13a-90cebad8bc80@group-D30D9E24B3FB-LeaderElection17
2023-09-12 21:06:19,435 [52e1c3a5-ad40-4f65-b13a-90cebad8bc80@group-D30D9E24B3FB-LeaderElection17] INFO  impl.LeaderElection (LeaderElection.java:askForVotes(321)) - 52e1c3a5-ad40-4f65-b13a-90cebad8bc80@group-D30D9E24B3FB-LeaderElection17 PRE_VOTE round 0: submit vote requests at term 0 for -1: peers:[52e1c3a5-ad40-4f65-b13a-90cebad8bc80|rpc:10.1.0.4:15085|admin:10.1.0.4:15084|client:10.1.0.4:15083|dataStream:10.1.0.4:15086|priority:1|startupRole:FOLLOWER]|listeners:[], old=null
2023-09-12 21:06:19,435 [52e1c3a5-ad40-4f65-b13a-90cebad8bc80@group-D30D9E24B3FB-LeaderElection17] INFO  impl.LeaderElection (LeaderElection.java:askForVotes(323)) - 52e1c3a5-ad40-4f65-b13a-90cebad8bc80@group-D30D9E24B3FB-LeaderElection17 PRE_VOTE round 0: result PASSED (term=0)
2023-09-12 21:06:19,436 [52e1c3a5-ad40-4f65-b13a-90cebad8bc80@group-D30D9E24B3FB-LeaderElection17] INFO  impl.LeaderElection (LeaderElection.java:askForVotes(321)) - 52e1c3a5-ad40-4f65-b13a-90cebad8bc80@group-D30D9E24B3FB-LeaderElection17 ELECTION round 0: submit vote requests at term 1 for -1: peers:[52e1c3a5-ad40-4f65-b13a-90cebad8bc80|rpc:10.1.0.4:15085|admin:10.1.0.4:15084|client:10.1.0.4:15083|dataStream:10.1.0.4:15086|priority:1|startupRole:FOLLOWER]|listeners:[], old=null
2023-09-12 21:06:19,436 [52e1c3a5-ad40-4f65-b13a-90cebad8bc80@group-D30D9E24B3FB-LeaderElection17] INFO  impl.LeaderElection (LeaderElection.java:askForVotes(323)) - 52e1c3a5-ad40-4f65-b13a-90cebad8bc80@group-D30D9E24B3FB-LeaderElection17 ELECTION round 0: result PASSED (term=1)
2023-09-12 21:06:19,436 [52e1c3a5-ad40-4f65-b13a-90cebad8bc80@group-D30D9E24B3FB-LeaderElection17] INFO  impl.RoleInfo (RoleInfo.java:shutdownLeaderElection(130)) - 52e1c3a5-ad40-4f65-b13a-90cebad8bc80: shutdown 52e1c3a5-ad40-4f65-b13a-90cebad8bc80@group-D30D9E24B3FB-LeaderElection17
2023-09-12 21:06:19,436 [52e1c3a5-ad40-4f65-b13a-90cebad8bc80@group-D30D9E24B3FB-LeaderElection17] INFO  server.RaftServer$Division (RaftServerImpl.java:setRole(329)) - 52e1c3a5-ad40-4f65-b13a-90cebad8bc80@group-D30D9E24B3FB: changes role from CANDIDATE to LEADER at term 1 for changeToLeader
2023-09-12 21:06:19,436 [52e1c3a5-ad40-4f65-b13a-90cebad8bc80@group-D30D9E24B3FB-LeaderElection17] INFO  ratis.XceiverServerRatis (XceiverServerRatis.java:handleLeaderChangedNotification(902)) - Leader change notification received for group: group-D30D9E24B3FB with new leaderId: 52e1c3a5-ad40-4f65-b13a-90cebad8bc80
2023-09-12 21:06:19,437 [52e1c3a5-ad40-4f65-b13a-90cebad8bc80@group-D30D9E24B3FB-LeaderElection17] INFO  server.RaftServer$Division (ServerState.java:setLeader(317)) - 52e1c3a5-ad40-4f65-b13a-90cebad8bc80@group-D30D9E24B3FB: change Leader from null to 52e1c3a5-ad40-4f65-b13a-90cebad8bc80 at term 1 for becomeLeader, leader elected after 5044ms
2023-09-12 21:06:19,437 [52e1c3a5-ad40-4f65-b13a-90cebad8bc80@group-D30D9E24B3FB-LeaderElection17] INFO  server.RaftServerConfigKeys (ConfUtils.java:logGet(46)) - raft.server.staging.catchup.gap = 1000 (default)
2023-09-12 21:06:19,438 [52e1c3a5-ad40-4f65-b13a-90cebad8bc80@group-D30D9E24B3FB-LeaderElection17] INFO  server.RaftServerConfigKeys (ConfUtils.java:logGet(46)) - raft.server.write.element-limit = 1024 (custom)
2023-09-12 21:06:19,438 [52e1c3a5-ad40-4f65-b13a-90cebad8bc80@group-D30D9E24B3FB-LeaderElection17] INFO  server.RaftServerConfigKeys (ConfUtils.java:logGet(46)) - raft.server.write.byte-limit = 1024 M (=1073741824) (custom)
2023-09-12 21:06:19,439 [52e1c3a5-ad40-4f65-b13a-90cebad8bc80@group-D30D9E24B3FB-LeaderElection17] INFO  server.RaftServerConfigKeys (ConfUtils.java:logGet(46)) - raft.server.watch.timeout = 10000ms (default)
2023-09-12 21:06:19,439 [52e1c3a5-ad40-4f65-b13a-90cebad8bc80@group-D30D9E24B3FB-LeaderElection17] INFO  server.RaftServerConfigKeys (ConfUtils.java:logGet(46)) - raft.server.watch.timeout.denomination = 1s (default)
2023-09-12 21:06:19,439 [52e1c3a5-ad40-4f65-b13a-90cebad8bc80@group-D30D9E24B3FB-LeaderElection17] INFO  server.RaftServerConfigKeys (ConfUtils.java:logGet(46)) - raft.server.watch.element-limit = 65536 (default)
2023-09-12 21:06:19,439 [52e1c3a5-ad40-4f65-b13a-90cebad8bc80@group-D30D9E24B3FB-LeaderElection17] INFO  server.RaftServerConfigKeys (ConfUtils.java:logGet(46)) - raft.server.write.element-limit = 1024 (custom)
2023-09-12 21:06:19,439 [52e1c3a5-ad40-4f65-b13a-90cebad8bc80@group-D30D9E24B3FB-LeaderElection17] INFO  server.RaftServerConfigKeys (ConfUtils.java:logGet(46)) - raft.server.write.follower.gap.ratio.max = -1.0 (default)
2023-09-12 21:06:19,439 [52e1c3a5-ad40-4f65-b13a-90cebad8bc80@group-D30D9E24B3FB-LeaderElection17] INFO  impl.RoleInfo (RoleInfo.java:updateAndGet(139)) - 52e1c3a5-ad40-4f65-b13a-90cebad8bc80: start 52e1c3a5-ad40-4f65-b13a-90cebad8bc80@group-D30D9E24B3FB-LeaderStateImpl
2023-09-12 21:06:19,439 [52e1c3a5-ad40-4f65-b13a-90cebad8bc80@group-D30D9E24B3FB-LeaderElection17] INFO  segmented.SegmentedRaftLogWorker (SegmentedRaftLogWorker.java:startLogSegment(447)) - 52e1c3a5-ad40-4f65-b13a-90cebad8bc80@group-D30D9E24B3FB-SegmentedRaftLogWorker: Starting segment from index:0
2023-09-12 21:06:19,439 [52e1c3a5-ad40-4f65-b13a-90cebad8bc80@group-D30D9E24B3FB-LeaderElection17] INFO  server.RaftServer$Division (ServerState.java:setRaftConf(434)) - 52e1c3a5-ad40-4f65-b13a-90cebad8bc80@group-D30D9E24B3FB: set configuration 0: peers:[52e1c3a5-ad40-4f65-b13a-90cebad8bc80|rpc:10.1.0.4:15085|admin:10.1.0.4:15084|client:10.1.0.4:15083|dataStream:10.1.0.4:15086|priority:1|startupRole:FOLLOWER]|listeners:[], old=null
2023-09-12 21:06:19,441 [52e1c3a5-ad40-4f65-b13a-90cebad8bc80@group-D30D9E24B3FB-SegmentedRaftLogWorker] INFO  segmented.SegmentedRaftLogWorker (SegmentedRaftLogWorker.java:execute(651)) - 52e1c3a5-ad40-4f65-b13a-90cebad8bc80@group-D30D9E24B3FB-SegmentedRaftLogWorker: created new log segment /home/runner/work/ozone/ozone/hadoop-ozone/integration-test/target/test-dir/MiniOzoneClusterImpl-b2199f83-407c-4d6c-939a-90a6ee7b9086/datanode-2/data/ratis/c2194152-4829-40d1-9bb2-d30d9e24b3fb/current/log_inprogress_0
2023-09-12 21:06:19,846 [848a01ca-5184-442c-a48d-c49485176211@group-40E1F56E6CE1-FollowerState] INFO  impl.FollowerState (FollowerState.java:run(143)) - 848a01ca-5184-442c-a48d-c49485176211@group-40E1F56E6CE1-FollowerState: change to CANDIDATE, lastRpcElapsedTime:5095110406ns, electionTimeout:5094ms
2023-09-12 21:06:19,846 [848a01ca-5184-442c-a48d-c49485176211@group-40E1F56E6CE1-FollowerState] INFO  impl.RoleInfo (RoleInfo.java:shutdownFollowerState(110)) - 848a01ca-5184-442c-a48d-c49485176211: shutdown 848a01ca-5184-442c-a48d-c49485176211@group-40E1F56E6CE1-FollowerState
2023-09-12 21:06:19,846 [848a01ca-5184-442c-a48d-c49485176211@group-40E1F56E6CE1-FollowerState] INFO  server.RaftServer$Division (RaftServerImpl.java:setRole(329)) - 848a01ca-5184-442c-a48d-c49485176211@group-40E1F56E6CE1: changes role from  FOLLOWER to CANDIDATE at term 0 for changeToCandidate
2023-09-12 21:06:19,847 [848a01ca-5184-442c-a48d-c49485176211@group-40E1F56E6CE1-FollowerState] INFO  server.RaftServerConfigKeys (ConfUtils.java:logGet(46)) - raft.server.leaderelection.pre-vote = true (default)
2023-09-12 21:06:19,847 [848a01ca-5184-442c-a48d-c49485176211@group-40E1F56E6CE1-FollowerState] INFO  impl.RoleInfo (RoleInfo.java:updateAndGet(139)) - 848a01ca-5184-442c-a48d-c49485176211: start 848a01ca-5184-442c-a48d-c49485176211@group-40E1F56E6CE1-LeaderElection18
2023-09-12 21:06:19,848 [848a01ca-5184-442c-a48d-c49485176211@group-40E1F56E6CE1-LeaderElection18] INFO  impl.LeaderElection (LeaderElection.java:askForVotes(321)) - 848a01ca-5184-442c-a48d-c49485176211@group-40E1F56E6CE1-LeaderElection18 PRE_VOTE round 0: submit vote requests at term 0 for -1: peers:[848a01ca-5184-442c-a48d-c49485176211|rpc:10.1.0.4:15094|admin:10.1.0.4:15093|client:10.1.0.4:15092|dataStream:10.1.0.4:15095|priority:1|startupRole:FOLLOWER]|listeners:[], old=null
2023-09-12 21:06:19,848 [848a01ca-5184-442c-a48d-c49485176211@group-40E1F56E6CE1-LeaderElection18] INFO  impl.LeaderElection (LeaderElection.java:askForVotes(323)) - 848a01ca-5184-442c-a48d-c49485176211@group-40E1F56E6CE1-LeaderElection18 PRE_VOTE round 0: result PASSED (term=0)
2023-09-12 21:06:19,849 [848a01ca-5184-442c-a48d-c49485176211@group-40E1F56E6CE1-LeaderElection18] INFO  impl.LeaderElection (LeaderElection.java:askForVotes(321)) - 848a01ca-5184-442c-a48d-c49485176211@group-40E1F56E6CE1-LeaderElection18 ELECTION round 0: submit vote requests at term 1 for -1: peers:[848a01ca-5184-442c-a48d-c49485176211|rpc:10.1.0.4:15094|admin:10.1.0.4:15093|client:10.1.0.4:15092|dataStream:10.1.0.4:15095|priority:1|startupRole:FOLLOWER]|listeners:[], old=null
2023-09-12 21:06:19,849 [848a01ca-5184-442c-a48d-c49485176211@group-40E1F56E6CE1-LeaderElection18] INFO  impl.LeaderElection (LeaderElection.java:askForVotes(323)) - 848a01ca-5184-442c-a48d-c49485176211@group-40E1F56E6CE1-LeaderElection18 ELECTION round 0: result PASSED (term=1)
2023-09-12 21:06:19,850 [848a01ca-5184-442c-a48d-c49485176211@group-40E1F56E6CE1-LeaderElection18] INFO  impl.RoleInfo (RoleInfo.java:shutdownLeaderElection(130)) - 848a01ca-5184-442c-a48d-c49485176211: shutdown 848a01ca-5184-442c-a48d-c49485176211@group-40E1F56E6CE1-LeaderElection18
2023-09-12 21:06:19,850 [848a01ca-5184-442c-a48d-c49485176211@group-40E1F56E6CE1-LeaderElection18] INFO  server.RaftServer$Division (RaftServerImpl.java:setRole(329)) - 848a01ca-5184-442c-a48d-c49485176211@group-40E1F56E6CE1: changes role from CANDIDATE to LEADER at term 1 for changeToLeader
2023-09-12 21:06:19,850 [848a01ca-5184-442c-a48d-c49485176211@group-40E1F56E6CE1-LeaderElection18] INFO  ratis.XceiverServerRatis (XceiverServerRatis.java:handleLeaderChangedNotification(902)) - Leader change notification received for group: group-40E1F56E6CE1 with new leaderId: 848a01ca-5184-442c-a48d-c49485176211
2023-09-12 21:06:19,850 [848a01ca-5184-442c-a48d-c49485176211@group-40E1F56E6CE1-LeaderElection18] INFO  server.RaftServer$Division (ServerState.java:setLeader(317)) - 848a01ca-5184-442c-a48d-c49485176211@group-40E1F56E6CE1: change Leader from null to 848a01ca-5184-442c-a48d-c49485176211 at term 1 for becomeLeader, leader elected after 5121ms
2023-09-12 21:06:19,850 [848a01ca-5184-442c-a48d-c49485176211@group-40E1F56E6CE1-LeaderElection18] INFO  server.RaftServerConfigKeys (ConfUtils.java:logGet(46)) - raft.server.staging.catchup.gap = 1000 (default)
2023-09-12 21:06:19,850 [848a01ca-5184-442c-a48d-c49485176211@group-40E1F56E6CE1-LeaderElection18] INFO  server.RaftServerConfigKeys (ConfUtils.java:logGet(46)) - raft.server.write.element-limit = 1024 (custom)
2023-09-12 21:06:19,850 [848a01ca-5184-442c-a48d-c49485176211@group-40E1F56E6CE1-LeaderElection18] INFO  server.RaftServerConfigKeys (ConfUtils.java:logGet(46)) - raft.server.write.byte-limit = 1024 M (=1073741824) (custom)
2023-09-12 21:06:19,852 [848a01ca-5184-442c-a48d-c49485176211@group-40E1F56E6CE1-LeaderElection18] INFO  server.RaftServerConfigKeys (ConfUtils.java:logGet(46)) - raft.server.watch.timeout = 10000ms (default)
2023-09-12 21:06:19,852 [848a01ca-5184-442c-a48d-c49485176211@group-40E1F56E6CE1-LeaderElection18] INFO  server.RaftServerConfigKeys (ConfUtils.java:logGet(46)) - raft.server.watch.timeout.denomination = 1s (default)
2023-09-12 21:06:19,852 [848a01ca-5184-442c-a48d-c49485176211@group-40E1F56E6CE1-LeaderElection18] INFO  server.RaftServerConfigKeys (ConfUtils.java:logGet(46)) - raft.server.watch.element-limit = 65536 (default)
2023-09-12 21:06:19,852 [848a01ca-5184-442c-a48d-c49485176211@group-40E1F56E6CE1-LeaderElection18] INFO  server.RaftServerConfigKeys (ConfUtils.java:logGet(46)) - raft.server.write.element-limit = 1024 (custom)
2023-09-12 21:06:19,852 [848a01ca-5184-442c-a48d-c49485176211@group-40E1F56E6CE1-LeaderElection18] INFO  server.RaftServerConfigKeys (ConfUtils.java:logGet(46)) - raft.server.write.follower.gap.ratio.max = -1.0 (default)
2023-09-12 21:06:19,852 [848a01ca-5184-442c-a48d-c49485176211@group-40E1F56E6CE1-LeaderElection18] INFO  impl.RoleInfo (RoleInfo.java:updateAndGet(139)) - 848a01ca-5184-442c-a48d-c49485176211: start 848a01ca-5184-442c-a48d-c49485176211@group-40E1F56E6CE1-LeaderStateImpl
2023-09-12 21:06:19,853 [848a01ca-5184-442c-a48d-c49485176211@group-40E1F56E6CE1-LeaderElection18] INFO  segmented.SegmentedRaftLogWorker (SegmentedRaftLogWorker.java:startLogSegment(447)) - 848a01ca-5184-442c-a48d-c49485176211@group-40E1F56E6CE1-SegmentedRaftLogWorker: Starting segment from index:0
2023-09-12 21:06:19,853 [848a01ca-5184-442c-a48d-c49485176211@group-40E1F56E6CE1-LeaderElection18] INFO  server.RaftServer$Division (ServerState.java:setRaftConf(434)) - 848a01ca-5184-442c-a48d-c49485176211@group-40E1F56E6CE1: set configuration 0: peers:[848a01ca-5184-442c-a48d-c49485176211|rpc:10.1.0.4:15094|admin:10.1.0.4:15093|client:10.1.0.4:15092|dataStream:10.1.0.4:15095|priority:1|startupRole:FOLLOWER]|listeners:[], old=null
2023-09-12 21:06:19,854 [848a01ca-5184-442c-a48d-c49485176211@group-40E1F56E6CE1-SegmentedRaftLogWorker] INFO  segmented.SegmentedRaftLogWorker (SegmentedRaftLogWorker.java:execute(651)) - 848a01ca-5184-442c-a48d-c49485176211@group-40E1F56E6CE1-SegmentedRaftLogWorker: created new log segment /home/runner/work/ozone/ozone/hadoop-ozone/integration-test/target/test-dir/MiniOzoneClusterImpl-b2199f83-407c-4d6c-939a-90a6ee7b9086/datanode-3/data/ratis/6aba387b-087e-4de7-be8e-40e1f56e6ce1/current/log_inprogress_0
2023-09-12 21:06:20,024 [JUnit] INFO  ozone.MiniOzoneClusterImpl (MiniOzoneClusterImpl.java:lambda$waitForClusterToBeReady$0(224)) - Nodes are ready. Got 5 of 5 DN Heartbeats.
2023-09-12 21:06:20,024 [JUnit] INFO  ozone.MiniOzoneClusterImpl (MiniOzoneClusterImpl.java:lambda$waitForClusterToBeReady$0(227)) - Cluster exits safe mode
2023-09-12 21:06:20,024 [JUnit] INFO  ozone.MiniOzoneClusterImpl (MiniOzoneClusterImpl.java:lambda$waitForClusterToBeReady$0(229)) - SCM became leader
2023-09-12 21:06:20,048 [setup] INFO  rpc.RpcClient (RpcClient.java:createVolume(461)) - Creating Volume: volume85212, with user32675 as owner and space quota set to -1 bytes, counts quota set to -1
2023-09-12 21:06:20,054 [OM StateMachine ApplyTransaction Thread - 0] INFO  volume.OMVolumeCreateRequest (OMVolumeCreateRequest.java:validateAndUpdateCache(196)) - created volume:volume85212 for user:user32675
2023-09-12 21:06:20,063 [setup] INFO  rpc.RpcClient (RpcClient.java:createBucket(688)) - Creating Bucket: volume85212/bucket82143, with bucket layout LEGACY, runner as owner, Versioning false, Storage Type set to DISK and Encryption set to false, Replication Type set to server-side default replication type, Namespace Quota set to -1, Space Quota set to -1 
2023-09-12 21:06:20,068 [OM StateMachine ApplyTransaction Thread - 0] INFO  bucket.OMBucketCreateRequest (OMBucketCreateRequest.java:validateAndUpdateCache(270)) - created bucket: bucket82143 of layout LEGACY in volume: volume85212
2023-09-12 21:06:20,110 [setup] INFO  contract.AbstractFSContractTestBase (AbstractFSContractTestBase.java:setup(194)) - Test filesystem = o3fs://bucket82143.volume85212 implemented by OzoneFileSystem{URI=o3fs://bucket82143.volume85212, workingDir=o3fs://bucket82143.volume85212/user/runner, userName=runner, statistics=21506 bytes read, 23320 bytes written, 80 read ops, 0 large read ops, 45 write ops}
2023-09-12 21:06:20,114 [JUnit-testOverwriteNonEmptyDirectory[1]] INFO  contract.AbstractFSContractTestBase (AbstractFSContractTestBase.java:describe(278)) - verify trying to create a file over a non-empty dir fails, use builder API=false
2023-09-12 21:06:20,140 [IPC Server handler 1 on default port 15054] INFO  ha.SequenceIdGenerator (SequenceIdGenerator.java:getNextId(140)) - Allocate a batch for containerId, change lastId from 0 to 1000.
2023-09-12 21:06:20,141 [IPC Server handler 1 on default port 15054] WARN  ha.SequenceIdGenerator (SequenceIdGenerator.java:allocateBatch(253)) - Failed to allocate a batch for localId, expected lastId is 0, actual lastId is 111677748019200000.
2023-09-12 21:06:20,141 [IPC Server handler 1 on default port 15054] INFO  ha.SequenceIdGenerator (SequenceIdGenerator.java:getNextId(140)) - Allocate a batch for localId, change lastId from 111677748019200000 to 111677748019201000.
2023-09-12 21:06:20,190 [f43f4bf5-e3da-46fb-853a-448d0a4c527e@group-DFB346B9BD4F-FollowerState] INFO  impl.FollowerState (FollowerState.java:run(143)) - f43f4bf5-e3da-46fb-853a-448d0a4c527e@group-DFB346B9BD4F-FollowerState: change to CANDIDATE, lastRpcElapsedTime:5162872936ns, electionTimeout:5156ms
2023-09-12 21:06:20,190 [f43f4bf5-e3da-46fb-853a-448d0a4c527e@group-DFB346B9BD4F-FollowerState] INFO  impl.RoleInfo (RoleInfo.java:shutdownFollowerState(110)) - f43f4bf5-e3da-46fb-853a-448d0a4c527e: shutdown f43f4bf5-e3da-46fb-853a-448d0a4c527e@group-DFB346B9BD4F-FollowerState
2023-09-12 21:06:20,190 [f43f4bf5-e3da-46fb-853a-448d0a4c527e@group-DFB346B9BD4F-FollowerState] INFO  server.RaftServer$Division (RaftServerImpl.java:setRole(329)) - f43f4bf5-e3da-46fb-853a-448d0a4c527e@group-DFB346B9BD4F: changes role from  FOLLOWER to CANDIDATE at term 0 for changeToCandidate
2023-09-12 21:06:20,190 [f43f4bf5-e3da-46fb-853a-448d0a4c527e@group-DFB346B9BD4F-FollowerState] INFO  server.RaftServerConfigKeys (ConfUtils.java:logGet(46)) - raft.server.leaderelection.pre-vote = true (default)
2023-09-12 21:06:20,191 [f43f4bf5-e3da-46fb-853a-448d0a4c527e@group-DFB346B9BD4F-FollowerState] INFO  impl.RoleInfo (RoleInfo.java:updateAndGet(139)) - f43f4bf5-e3da-46fb-853a-448d0a4c527e: start f43f4bf5-e3da-46fb-853a-448d0a4c527e@group-DFB346B9BD4F-LeaderElection19
2023-09-12 21:06:20,218 [f43f4bf5-e3da-46fb-853a-448d0a4c527e@group-DFB346B9BD4F-LeaderElection19] INFO  impl.LeaderElection (LeaderElection.java:askForVotes(321)) - f43f4bf5-e3da-46fb-853a-448d0a4c527e@group-DFB346B9BD4F-LeaderElection19 PRE_VOTE round 0: submit vote requests at term 0 for -1: peers:[f43f4bf5-e3da-46fb-853a-448d0a4c527e|rpc:10.1.0.4:15103|admin:10.1.0.4:15102|client:10.1.0.4:15101|dataStream:10.1.0.4:15104|priority:1|startupRole:FOLLOWER]|listeners:[], old=null
2023-09-12 21:06:20,218 [f43f4bf5-e3da-46fb-853a-448d0a4c527e@group-DFB346B9BD4F-LeaderElection19] INFO  impl.LeaderElection (LeaderElection.java:askForVotes(323)) - f43f4bf5-e3da-46fb-853a-448d0a4c527e@group-DFB346B9BD4F-LeaderElection19 PRE_VOTE round 0: result PASSED (term=0)
2023-09-12 21:06:20,221 [f43f4bf5-e3da-46fb-853a-448d0a4c527e@group-DFB346B9BD4F-LeaderElection19] INFO  impl.LeaderElection (LeaderElection.java:askForVotes(321)) - f43f4bf5-e3da-46fb-853a-448d0a4c527e@group-DFB346B9BD4F-LeaderElection19 ELECTION round 0: submit vote requests at term 1 for -1: peers:[f43f4bf5-e3da-46fb-853a-448d0a4c527e|rpc:10.1.0.4:15103|admin:10.1.0.4:15102|client:10.1.0.4:15101|dataStream:10.1.0.4:15104|priority:1|startupRole:FOLLOWER]|listeners:[], old=null
2023-09-12 21:06:20,221 [f43f4bf5-e3da-46fb-853a-448d0a4c527e@group-DFB346B9BD4F-LeaderElection19] INFO  impl.LeaderElection (LeaderElection.java:askForVotes(323)) - f43f4bf5-e3da-46fb-853a-448d0a4c527e@group-DFB346B9BD4F-LeaderElection19 ELECTION round 0: result PASSED (term=1)
2023-09-12 21:06:20,221 [f43f4bf5-e3da-46fb-853a-448d0a4c527e@group-DFB346B9BD4F-LeaderElection19] INFO  impl.RoleInfo (RoleInfo.java:shutdownLeaderElection(130)) - f43f4bf5-e3da-46fb-853a-448d0a4c527e: shutdown f43f4bf5-e3da-46fb-853a-448d0a4c527e@group-DFB346B9BD4F-LeaderElection19
2023-09-12 21:06:20,221 [f43f4bf5-e3da-46fb-853a-448d0a4c527e@group-DFB346B9BD4F-LeaderElection19] INFO  server.RaftServer$Division (RaftServerImpl.java:setRole(329)) - f43f4bf5-e3da-46fb-853a-448d0a4c527e@group-DFB346B9BD4F: changes role from CANDIDATE to LEADER at term 1 for changeToLeader
2023-09-12 21:06:20,221 [f43f4bf5-e3da-46fb-853a-448d0a4c527e@group-DFB346B9BD4F-LeaderElection19] INFO  ratis.XceiverServerRatis (XceiverServerRatis.java:handleLeaderChangedNotification(902)) - Leader change notification received for group: group-DFB346B9BD4F with new leaderId: f43f4bf5-e3da-46fb-853a-448d0a4c527e
2023-09-12 21:06:20,225 [f43f4bf5-e3da-46fb-853a-448d0a4c527e@group-DFB346B9BD4F-LeaderElection19] INFO  server.RaftServer$Division (ServerState.java:setLeader(317)) - f43f4bf5-e3da-46fb-853a-448d0a4c527e@group-DFB346B9BD4F: change Leader from null to f43f4bf5-e3da-46fb-853a-448d0a4c527e at term 1 for becomeLeader, leader elected after 5209ms
2023-09-12 21:06:20,225 [f43f4bf5-e3da-46fb-853a-448d0a4c527e@group-DFB346B9BD4F-LeaderElection19] INFO  server.RaftServerConfigKeys (ConfUtils.java:logGet(46)) - raft.server.staging.catchup.gap = 1000 (default)
2023-09-12 21:06:20,227 [f43f4bf5-e3da-46fb-853a-448d0a4c527e@group-DFB346B9BD4F-LeaderElection19] INFO  server.RaftServerConfigKeys (ConfUtils.java:logGet(46)) - raft.server.write.element-limit = 1024 (custom)
2023-09-12 21:06:20,227 [f43f4bf5-e3da-46fb-853a-448d0a4c527e@group-DFB346B9BD4F-LeaderElection19] INFO  server.RaftServerConfigKeys (ConfUtils.java:logGet(46)) - raft.server.write.byte-limit = 1024 M (=1073741824) (custom)
2023-09-12 21:06:20,227 [f43f4bf5-e3da-46fb-853a-448d0a4c527e@group-DFB346B9BD4F-LeaderElection19] INFO  server.RaftServerConfigKeys (ConfUtils.java:logGet(46)) - raft.server.watch.timeout = 10000ms (default)
2023-09-12 21:06:20,227 [f43f4bf5-e3da-46fb-853a-448d0a4c527e@group-DFB346B9BD4F-LeaderElection19] INFO  server.RaftServerConfigKeys (ConfUtils.java:logGet(46)) - raft.server.watch.timeout.denomination = 1s (default)
2023-09-12 21:06:20,227 [f43f4bf5-e3da-46fb-853a-448d0a4c527e@group-DFB346B9BD4F-LeaderElection19] INFO  server.RaftServerConfigKeys (ConfUtils.java:logGet(46)) - raft.server.watch.element-limit = 65536 (default)
2023-09-12 21:06:20,227 [f43f4bf5-e3da-46fb-853a-448d0a4c527e@group-DFB346B9BD4F-LeaderElection19] INFO  server.RaftServerConfigKeys (ConfUtils.java:logGet(46)) - raft.server.write.element-limit = 1024 (custom)
2023-09-12 21:06:20,227 [f43f4bf5-e3da-46fb-853a-448d0a4c527e@group-DFB346B9BD4F-LeaderElection19] INFO  server.RaftServerConfigKeys (ConfUtils.java:logGet(46)) - raft.server.write.follower.gap.ratio.max = -1.0 (default)
2023-09-12 21:06:20,227 [f43f4bf5-e3da-46fb-853a-448d0a4c527e@group-DFB346B9BD4F-LeaderElection19] INFO  impl.RoleInfo (RoleInfo.java:updateAndGet(139)) - f43f4bf5-e3da-46fb-853a-448d0a4c527e: start f43f4bf5-e3da-46fb-853a-448d0a4c527e@group-DFB346B9BD4F-LeaderStateImpl
2023-09-12 21:06:20,227 [f43f4bf5-e3da-46fb-853a-448d0a4c527e@group-DFB346B9BD4F-LeaderElection19] INFO  segmented.SegmentedRaftLogWorker (SegmentedRaftLogWorker.java:startLogSegment(447)) - f43f4bf5-e3da-46fb-853a-448d0a4c527e@group-DFB346B9BD4F-SegmentedRaftLogWorker: Starting segment from index:0
2023-09-12 21:06:20,228 [f43f4bf5-e3da-46fb-853a-448d0a4c527e@group-DFB346B9BD4F-LeaderElection19] INFO  server.RaftServer$Division (ServerState.java:setRaftConf(434)) - f43f4bf5-e3da-46fb-853a-448d0a4c527e@group-DFB346B9BD4F: set configuration 0: peers:[f43f4bf5-e3da-46fb-853a-448d0a4c527e|rpc:10.1.0.4:15103|admin:10.1.0.4:15102|client:10.1.0.4:15101|dataStream:10.1.0.4:15104|priority:1|startupRole:FOLLOWER]|listeners:[], old=null
2023-09-12 21:06:20,229 [f43f4bf5-e3da-46fb-853a-448d0a4c527e@group-DFB346B9BD4F-SegmentedRaftLogWorker] INFO  segmented.SegmentedRaftLogWorker (SegmentedRaftLogWorker.java:execute(651)) - f43f4bf5-e3da-46fb-853a-448d0a4c527e@group-DFB346B9BD4F-SegmentedRaftLogWorker: created new log segment /home/runner/work/ozone/ozone/hadoop-ozone/integration-test/target/test-dir/MiniOzoneClusterImpl-b2199f83-407c-4d6c-939a-90a6ee7b9086/datanode-4/data/ratis/68cf8fec-e7b6-4c11-92c4-dfb346b9bd4f/current/log_inprogress_0
21:06:20.261 [OM StateMachine ApplyTransaction Thread - 0] ERROR OMAudit - user=runner | ip=127.0.0.1 | op=CREATE_FILE {volume=volume85212, bucket=bucket82143, key=test/testOverwriteNonEmptyDirectory, dataSize=4194304, replicationType=RATIS, replicationFactor=ONE} | ret=FAILURE
org.apache.hadoop.ozone.om.exceptions.OMException: Can not write to directory: test/testOverwriteNonEmptyDirectory
	at org.apache.hadoop.ozone.om.request.file.OMFileCreateRequest.checkDirectoryResult(OMFileCreateRequest.java:363) ~[ozone-manager-1.4.0-SNAPSHOT.jar:?]
	at org.apache.hadoop.ozone.om.request.file.OMFileCreateRequest.validateAndUpdateCache(OMFileCreateRequest.java:237) ~[ozone-manager-1.4.0-SNAPSHOT.jar:?]
	at org.apache.hadoop.ozone.protocolPB.OzoneManagerRequestHandler.handleWriteRequest(OzoneManagerRequestHandler.java:373) ~[ozone-manager-1.4.0-SNAPSHOT.jar:?]
	at org.apache.hadoop.ozone.om.ratis.OzoneManagerStateMachine.runCommand(OzoneManagerStateMachine.java:568) ~[ozone-manager-1.4.0-SNAPSHOT.jar:?]
	at org.apache.hadoop.ozone.om.ratis.OzoneManagerStateMachine.lambda$1(OzoneManagerStateMachine.java:359) ~[ozone-manager-1.4.0-SNAPSHOT.jar:?]
	at java.util.concurrent.CompletableFuture$AsyncSupply.run(CompletableFuture.java:1604) [?:1.8.0_382]
	at java.util.concurrent.ThreadPoolExecutor.runWorker(ThreadPoolExecutor.java:1149) [?:1.8.0_382]
	at java.util.concurrent.ThreadPoolExecutor$Worker.run(ThreadPoolExecutor.java:624) [?:1.8.0_382]
	at java.lang.Thread.run(Thread.java:750) [?:1.8.0_382]
2023-09-12 21:06:20,261 [OM StateMachine ApplyTransaction Thread - 0] ERROR file.OMFileCreateRequest (OMFileCreateRequest.java:validateAndUpdateCache(336)) - File create failed. Volume:volume85212, Bucket:bucket82143, Keytest/testOverwriteNonEmptyDirectory.
NOT_A_FILE org.apache.hadoop.ozone.om.exceptions.OMException: Can not write to directory: test/testOverwriteNonEmptyDirectory
	at org.apache.hadoop.ozone.om.request.file.OMFileCreateRequest.checkDirectoryResult(OMFileCreateRequest.java:363)
	at org.apache.hadoop.ozone.om.request.file.OMFileCreateRequest.validateAndUpdateCache(OMFileCreateRequest.java:237)
	at org.apache.hadoop.ozone.protocolPB.OzoneManagerRequestHandler.handleWriteRequest(OzoneManagerRequestHandler.java:373)
	at org.apache.hadoop.ozone.om.ratis.OzoneManagerStateMachine.runCommand(OzoneManagerStateMachine.java:568)
	at org.apache.hadoop.ozone.om.ratis.OzoneManagerStateMachine.lambda$1(OzoneManagerStateMachine.java:359)
	at java.util.concurrent.CompletableFuture$AsyncSupply.run(CompletableFuture.java:1604)
	at java.util.concurrent.ThreadPoolExecutor.runWorker(ThreadPoolExecutor.java:1149)
	at java.util.concurrent.ThreadPoolExecutor$Worker.run(ThreadPoolExecutor.java:624)
	at java.lang.Thread.run(Thread.java:750)
2023-09-12 21:06:20,275 [JUnit-testOverwriteNonEmptyDirectory[1]] INFO  contract.AbstractFSContractTestBase (AbstractFSContractTestBase.java:describe(278)) - verify trying to create a file over a non-empty dir fails, use builder API=true
21:06:20.346 [OM StateMachine ApplyTransaction Thread - 0] ERROR OMAudit - user=runner | ip=127.0.0.1 | op=CREATE_FILE {volume=volume85212, bucket=bucket82143, key=test/testOverwriteNonEmptyDirectory, dataSize=4194304, replicationType=RATIS, replicationFactor=ONE} | ret=FAILURE
org.apache.hadoop.ozone.om.exceptions.OMException: Can not write to directory: test/testOverwriteNonEmptyDirectory
	at org.apache.hadoop.ozone.om.request.file.OMFileCreateRequest.checkDirectoryResult(OMFileCreateRequest.java:363) ~[ozone-manager-1.4.0-SNAPSHOT.jar:?]
	at org.apache.hadoop.ozone.om.request.file.OMFileCreateRequest.validateAndUpdateCache(OMFileCreateRequest.java:237) ~[ozone-manager-1.4.0-SNAPSHOT.jar:?]
	at org.apache.hadoop.ozone.protocolPB.OzoneManagerRequestHandler.handleWriteRequest(OzoneManagerRequestHandler.java:373) ~[ozone-manager-1.4.0-SNAPSHOT.jar:?]
	at org.apache.hadoop.ozone.om.ratis.OzoneManagerStateMachine.runCommand(OzoneManagerStateMachine.java:568) ~[ozone-manager-1.4.0-SNAPSHOT.jar:?]
	at org.apache.hadoop.ozone.om.ratis.OzoneManagerStateMachine.lambda$1(OzoneManagerStateMachine.java:359) ~[ozone-manager-1.4.0-SNAPSHOT.jar:?]
	at java.util.concurrent.CompletableFuture$AsyncSupply.run(CompletableFuture.java:1604) [?:1.8.0_382]
	at java.util.concurrent.ThreadPoolExecutor.runWorker(ThreadPoolExecutor.java:1149) [?:1.8.0_382]
	at java.util.concurrent.ThreadPoolExecutor$Worker.run(ThreadPoolExecutor.java:624) [?:1.8.0_382]
	at java.lang.Thread.run(Thread.java:750) [?:1.8.0_382]
2023-09-12 21:06:20,346 [OM StateMachine ApplyTransaction Thread - 0] ERROR file.OMFileCreateRequest (OMFileCreateRequest.java:validateAndUpdateCache(336)) - File create failed. Volume:volume85212, Bucket:bucket82143, Keytest/testOverwriteNonEmptyDirectory.
NOT_A_FILE org.apache.hadoop.ozone.om.exceptions.OMException: Can not write to directory: test/testOverwriteNonEmptyDirectory
	at org.apache.hadoop.ozone.om.request.file.OMFileCreateRequest.checkDirectoryResult(OMFileCreateRequest.java:363)
	at org.apache.hadoop.ozone.om.request.file.OMFileCreateRequest.validateAndUpdateCache(OMFileCreateRequest.java:237)
	at org.apache.hadoop.ozone.protocolPB.OzoneManagerRequestHandler.handleWriteRequest(OzoneManagerRequestHandler.java:373)
	at org.apache.hadoop.ozone.om.ratis.OzoneManagerStateMachine.runCommand(OzoneManagerStateMachine.java:568)
	at org.apache.hadoop.ozone.om.ratis.OzoneManagerStateMachine.lambda$1(OzoneManagerStateMachine.java:359)
	at java.util.concurrent.CompletableFuture$AsyncSupply.run(CompletableFuture.java:1604)
	at java.util.concurrent.ThreadPoolExecutor.runWorker(ThreadPoolExecutor.java:1149)
	at java.util.concurrent.ThreadPoolExecutor$Worker.run(ThreadPoolExecutor.java:624)
	at java.lang.Thread.run(Thread.java:750)
]]></system-out>
  </testcase>
  <testcase name="testCreateFileUnderFile" classname="ITestOzoneContractCreate" time="0.215">
    <system-out><![CDATA[2023-09-12 21:05:58,302 [setup] INFO  rpc.RpcClient (RpcClient.java:createVolume(461)) - Creating Volume: volume16008, with user94328 as owner and space quota set to -1 bytes, counts quota set to -1
2023-09-12 21:05:58,308 [OM StateMachine ApplyTransaction Thread - 0] INFO  volume.OMVolumeCreateRequest (OMVolumeCreateRequest.java:validateAndUpdateCache(196)) - created volume:volume16008 for user:user94328
2023-09-12 21:05:58,311 [setup] INFO  rpc.RpcClient (RpcClient.java:createBucket(688)) - Creating Bucket: volume16008/bucket70171, with bucket layout LEGACY, runner as owner, Versioning false, Storage Type set to DISK and Encryption set to false, Replication Type set to server-side default replication type, Namespace Quota set to -1, Space Quota set to -1 
2023-09-12 21:05:58,314 [OM StateMachine ApplyTransaction Thread - 0] INFO  bucket.OMBucketCreateRequest (OMBucketCreateRequest.java:validateAndUpdateCache(270)) - created bucket: bucket70171 of layout LEGACY in volume: volume16008
2023-09-12 21:05:58,391 [setup] INFO  contract.AbstractFSContractTestBase (AbstractFSContractTestBase.java:setup(194)) - Test filesystem = o3fs://bucket70171.volume16008 implemented by OzoneFileSystem{URI=o3fs://bucket70171.volume16008, workingDir=o3fs://bucket70171.volume16008/user/runner, userName=runner, statistics=0 bytes read, 20 bytes written, 10 read ops, 0 large read ops, 5 write ops}
2023-09-12 21:05:58,397 [JUnit-testCreateFileUnderFile[0]] INFO  contract.AbstractFSContractTestBase (AbstractFSContractTestBase.java:describe(278)) - Verify that it is forbidden to create file/file
21:05:58.489 [OM StateMachine ApplyTransaction Thread - 0] ERROR OMAudit - user=runner | ip=127.0.0.1 | op=CREATE_FILE {volume=volume16008, bucket=bucket70171, key=test/testCreateFileUnderFile[0]/parent, dataSize=4194304, replicationType=RATIS, replicationFactor=ONE} | ret=FAILURE
org.apache.hadoop.ozone.om.exceptions.OMException: Can not create file: test/testCreateFileUnderFile[0]/parent as there is already file in the given path
	at org.apache.hadoop.ozone.om.request.file.OMFileCreateRequest.checkDirectoryResult(OMFileCreateRequest.java:366) ~[ozone-manager-1.4.0-SNAPSHOT.jar:?]
	at org.apache.hadoop.ozone.om.request.file.OMFileCreateRequest.validateAndUpdateCache(OMFileCreateRequest.java:237) ~[ozone-manager-1.4.0-SNAPSHOT.jar:?]
	at org.apache.hadoop.ozone.protocolPB.OzoneManagerRequestHandler.handleWriteRequest(OzoneManagerRequestHandler.java:373) ~[ozone-manager-1.4.0-SNAPSHOT.jar:?]
	at org.apache.hadoop.ozone.om.ratis.OzoneManagerStateMachine.runCommand(OzoneManagerStateMachine.java:568) ~[ozone-manager-1.4.0-SNAPSHOT.jar:?]
	at org.apache.hadoop.ozone.om.ratis.OzoneManagerStateMachine.lambda$1(OzoneManagerStateMachine.java:359) ~[ozone-manager-1.4.0-SNAPSHOT.jar:?]
	at java.util.concurrent.CompletableFuture$AsyncSupply.run(CompletableFuture.java:1604) [?:1.8.0_382]
	at java.util.concurrent.ThreadPoolExecutor.runWorker(ThreadPoolExecutor.java:1149) [?:1.8.0_382]
	at java.util.concurrent.ThreadPoolExecutor$Worker.run(ThreadPoolExecutor.java:624) [?:1.8.0_382]
	at java.lang.Thread.run(Thread.java:750) [?:1.8.0_382]
2023-09-12 21:05:58,489 [OM StateMachine ApplyTransaction Thread - 0] ERROR file.OMFileCreateRequest (OMFileCreateRequest.java:validateAndUpdateCache(336)) - File create failed. Volume:volume16008, Bucket:bucket70171, Keytest/testCreateFileUnderFile[0]/parent.
NOT_A_FILE org.apache.hadoop.ozone.om.exceptions.OMException: Can not create file: test/testCreateFileUnderFile[0]/parent as there is already file in the given path
	at org.apache.hadoop.ozone.om.request.file.OMFileCreateRequest.checkDirectoryResult(OMFileCreateRequest.java:366)
	at org.apache.hadoop.ozone.om.request.file.OMFileCreateRequest.validateAndUpdateCache(OMFileCreateRequest.java:237)
	at org.apache.hadoop.ozone.protocolPB.OzoneManagerRequestHandler.handleWriteRequest(OzoneManagerRequestHandler.java:373)
	at org.apache.hadoop.ozone.om.ratis.OzoneManagerStateMachine.runCommand(OzoneManagerStateMachine.java:568)
	at org.apache.hadoop.ozone.om.ratis.OzoneManagerStateMachine.lambda$1(OzoneManagerStateMachine.java:359)
	at java.util.concurrent.CompletableFuture$AsyncSupply.run(CompletableFuture.java:1604)
	at java.util.concurrent.ThreadPoolExecutor.runWorker(ThreadPoolExecutor.java:1149)
	at java.util.concurrent.ThreadPoolExecutor$Worker.run(ThreadPoolExecutor.java:624)
	at java.lang.Thread.run(Thread.java:750)
]]></system-out>
  </testcase>
  <testcase name="testCreateFileUnderFile" classname="ITestOzoneContractCreate" time="0.133">
    <system-out><![CDATA[2023-09-12 21:06:20,378 [setup] INFO  rpc.RpcClient (RpcClient.java:createVolume(461)) - Creating Volume: volume44854, with user41982 as owner and space quota set to -1 bytes, counts quota set to -1
2023-09-12 21:06:20,381 [OM StateMachine ApplyTransaction Thread - 0] INFO  volume.OMVolumeCreateRequest (OMVolumeCreateRequest.java:validateAndUpdateCache(196)) - created volume:volume44854 for user:user41982
2023-09-12 21:06:20,384 [setup] INFO  rpc.RpcClient (RpcClient.java:createBucket(688)) - Creating Bucket: volume44854/bucket78402, with bucket layout LEGACY, runner as owner, Versioning false, Storage Type set to DISK and Encryption set to false, Replication Type set to server-side default replication type, Namespace Quota set to -1, Space Quota set to -1 
2023-09-12 21:06:20,386 [OM StateMachine ApplyTransaction Thread - 0] INFO  bucket.OMBucketCreateRequest (OMBucketCreateRequest.java:validateAndUpdateCache(270)) - created bucket: bucket78402 of layout LEGACY in volume: volume44854
2023-09-12 21:06:20,427 [setup] INFO  contract.AbstractFSContractTestBase (AbstractFSContractTestBase.java:setup(194)) - Test filesystem = o3fs://bucket78402.volume44854 implemented by OzoneFileSystem{URI=o3fs://bucket78402.volume44854, workingDir=o3fs://bucket78402.volume44854/user/runner, userName=runner, statistics=21506 bytes read, 23340 bytes written, 90 read ops, 0 large read ops, 50 write ops}
2023-09-12 21:06:20,434 [JUnit-testCreateFileUnderFile[1]] INFO  contract.AbstractFSContractTestBase (AbstractFSContractTestBase.java:describe(278)) - Verify that it is forbidden to create file/file
21:06:20.487 [OM StateMachine ApplyTransaction Thread - 0] ERROR OMAudit - user=runner | ip=127.0.0.1 | op=CREATE_FILE {volume=volume44854, bucket=bucket78402, key=test/testCreateFileUnderFile[1]/parent, dataSize=4194304, replicationType=RATIS, replicationFactor=ONE} | ret=FAILURE
org.apache.hadoop.ozone.om.exceptions.OMException: Can not create file: test/testCreateFileUnderFile[1]/parent as there is already file in the given path
	at org.apache.hadoop.ozone.om.request.file.OMFileCreateRequest.checkDirectoryResult(OMFileCreateRequest.java:366) ~[ozone-manager-1.4.0-SNAPSHOT.jar:?]
	at org.apache.hadoop.ozone.om.request.file.OMFileCreateRequest.validateAndUpdateCache(OMFileCreateRequest.java:237) ~[ozone-manager-1.4.0-SNAPSHOT.jar:?]
	at org.apache.hadoop.ozone.protocolPB.OzoneManagerRequestHandler.handleWriteRequest(OzoneManagerRequestHandler.java:373) ~[ozone-manager-1.4.0-SNAPSHOT.jar:?]
	at org.apache.hadoop.ozone.om.ratis.OzoneManagerStateMachine.runCommand(OzoneManagerStateMachine.java:568) ~[ozone-manager-1.4.0-SNAPSHOT.jar:?]
	at org.apache.hadoop.ozone.om.ratis.OzoneManagerStateMachine.lambda$1(OzoneManagerStateMachine.java:359) ~[ozone-manager-1.4.0-SNAPSHOT.jar:?]
	at java.util.concurrent.CompletableFuture$AsyncSupply.run(CompletableFuture.java:1604) [?:1.8.0_382]
	at java.util.concurrent.ThreadPoolExecutor.runWorker(ThreadPoolExecutor.java:1149) [?:1.8.0_382]
	at java.util.concurrent.ThreadPoolExecutor$Worker.run(ThreadPoolExecutor.java:624) [?:1.8.0_382]
	at java.lang.Thread.run(Thread.java:750) [?:1.8.0_382]
2023-09-12 21:06:20,487 [OM StateMachine ApplyTransaction Thread - 0] ERROR file.OMFileCreateRequest (OMFileCreateRequest.java:validateAndUpdateCache(336)) - File create failed. Volume:volume44854, Bucket:bucket78402, Keytest/testCreateFileUnderFile[1]/parent.
NOT_A_FILE org.apache.hadoop.ozone.om.exceptions.OMException: Can not create file: test/testCreateFileUnderFile[1]/parent as there is already file in the given path
	at org.apache.hadoop.ozone.om.request.file.OMFileCreateRequest.checkDirectoryResult(OMFileCreateRequest.java:366)
	at org.apache.hadoop.ozone.om.request.file.OMFileCreateRequest.validateAndUpdateCache(OMFileCreateRequest.java:237)
	at org.apache.hadoop.ozone.protocolPB.OzoneManagerRequestHandler.handleWriteRequest(OzoneManagerRequestHandler.java:373)
	at org.apache.hadoop.ozone.om.ratis.OzoneManagerStateMachine.runCommand(OzoneManagerStateMachine.java:568)
	at org.apache.hadoop.ozone.om.ratis.OzoneManagerStateMachine.lambda$1(OzoneManagerStateMachine.java:359)
	at java.util.concurrent.CompletableFuture$AsyncSupply.run(CompletableFuture.java:1604)
	at java.util.concurrent.ThreadPoolExecutor.runWorker(ThreadPoolExecutor.java:1149)
	at java.util.concurrent.ThreadPoolExecutor$Worker.run(ThreadPoolExecutor.java:624)
	at java.lang.Thread.run(Thread.java:750)
]]></system-out>
  </testcase>
  <testcase name="testSyncable" classname="ITestOzoneContractCreate" time="0.505">
    <system-out><![CDATA[2023-09-12 21:05:58,515 [setup] INFO  rpc.RpcClient (RpcClient.java:createVolume(461)) - Creating Volume: volume42281, with user26949 as owner and space quota set to -1 bytes, counts quota set to -1
2023-09-12 21:05:58,519 [OM StateMachine ApplyTransaction Thread - 0] INFO  volume.OMVolumeCreateRequest (OMVolumeCreateRequest.java:validateAndUpdateCache(196)) - created volume:volume42281 for user:user26949
2023-09-12 21:05:58,521 [setup] INFO  rpc.RpcClient (RpcClient.java:createBucket(688)) - Creating Bucket: volume42281/bucket64268, with bucket layout LEGACY, runner as owner, Versioning false, Storage Type set to DISK and Encryption set to false, Replication Type set to server-side default replication type, Namespace Quota set to -1, Space Quota set to -1 
2023-09-12 21:05:58,524 [OM StateMachine ApplyTransaction Thread - 0] INFO  bucket.OMBucketCreateRequest (OMBucketCreateRequest.java:validateAndUpdateCache(270)) - created bucket: bucket64268 of layout LEGACY in volume: volume42281
2023-09-12 21:05:58,574 [setup] INFO  contract.AbstractFSContractTestBase (AbstractFSContractTestBase.java:setup(194)) - Test filesystem = o3fs://bucket64268.volume42281 implemented by OzoneFileSystem{URI=o3fs://bucket64268.volume42281, workingDir=o3fs://bucket64268.volume42281/user/runner, userName=runner, statistics=0 bytes read, 276 bytes written, 13 read ops, 0 large read ops, 8 write ops}
2023-09-12 21:05:58,580 [JUnit-testSyncable[0]] INFO  contract.AbstractFSContractTestBase (AbstractFSContractTestBase.java:describe(278)) - test declared and actual Syncable behaviors
2023-09-12 21:05:58,580 [JUnit-testSyncable[0]] INFO  contract.AbstractContractCreateTest (AbstractContractCreateTest.java:validateSyncableSemantics(479)) - Expecting files under o3fs://bucket64268.volume42281/test/testSyncable[0] to have supportsSync=true and supportsFlush=true; metadataUpdatedOnHSync=false
2023-09-12 21:05:58,592 [JUnit-testSyncable[0]] INFO  contract.AbstractContractCreateTest (AbstractContractCreateTest.java:validateSyncableSemantics(484)) - Created output stream FSDataOutputStream{wrappedStream=org.apache.hadoop.fs.ozone.CapableOzoneFSOutputStream@2e64ac06}
2023-09-12 21:05:58,776 [IPC Server handler 14 on default port 15001] WARN  node.SCMNodeManager (SCMNodeManager.java:getNodesByAddress(1373)) - Cannot find node for address 127.0.0.1
2023-09-12 21:05:58,954 [JUnit-testSyncable[0]] INFO  contract.AbstractContractCreateTest (AbstractContractCreateTest.java:validateSyncableSemantics(550)) - Successfully read synced data on a new reader org.apache.hadoop.fs.FSDataInputStream@72c2c337: org.apache.hadoop.fs.ozone.CapableOzoneFSInputStream@47f6e943{}
]]></system-out>
  </testcase>
  <testcase name="testSyncable" classname="ITestOzoneContractCreate" time="0.261">
    <error type="java.io.IOException"><![CDATA[java.io.IOException: Inconsistent read for blockID=conID: 1 locID: 111677748019200007 bcsId: 0 length=2 position=1 numBytesToRead=1 numBytesRead=-1
	at org.apache.hadoop.ozone.client.io.KeyInputStream.checkPartBytesRead(KeyInputStream.java:183)
	at org.apache.hadoop.hdds.scm.storage.MultipartInputStream.readWithStrategy(MultipartInputStream.java:97)
	at org.apache.hadoop.hdds.scm.storage.ExtendedInputStream.read(ExtendedInputStream.java:56)
	at org.apache.hadoop.hdds.scm.storage.ExtendedInputStream.read(ExtendedInputStream.java:43)
	at org.apache.hadoop.fs.ozone.OzoneFSInputStream.read(OzoneFSInputStream.java:55)
	at java.io.FilterInputStream.read(FilterInputStream.java:83)
	at org.apache.hadoop.fs.contract.AbstractContractCreateTest.validateSyncableSemantics(AbstractContractCreateTest.java:548)
	at org.apache.hadoop.fs.contract.AbstractContractCreateTest.testSyncable(AbstractContractCreateTest.java:459)
	at sun.reflect.NativeMethodAccessorImpl.invoke0(Native Method)
	at sun.reflect.NativeMethodAccessorImpl.invoke(NativeMethodAccessorImpl.java:62)
	at sun.reflect.DelegatingMethodAccessorImpl.invoke(DelegatingMethodAccessorImpl.java:43)
	at java.lang.reflect.Method.invoke(Method.java:498)
	at org.junit.runners.model.FrameworkMethod$1.runReflectiveCall(FrameworkMethod.java:59)
	at org.junit.internal.runners.model.ReflectiveCallable.run(ReflectiveCallable.java:12)
	at org.junit.runners.model.FrameworkMethod.invokeExplosively(FrameworkMethod.java:56)
	at org.junit.internal.runners.statements.InvokeMethod.evaluate(InvokeMethod.java:17)
	at org.junit.internal.runners.statements.RunBefores.evaluate(RunBefores.java:26)
	at org.junit.internal.runners.statements.RunAfters.evaluate(RunAfters.java:27)
	at org.junit.rules.TestWatcher$1.evaluate(TestWatcher.java:61)
	at org.junit.internal.runners.statements.FailOnTimeout$CallableStatement.call(FailOnTimeout.java:288)
	at org.junit.internal.runners.statements.FailOnTimeout$CallableStatement.call(FailOnTimeout.java:282)
	at java.util.concurrent.FutureTask.run(FutureTask.java:266)
	at java.lang.Thread.run(Thread.java:750)
]]></error>
    <system-out><![CDATA[2023-09-12 21:06:20,523 [setup] INFO  rpc.RpcClient (RpcClient.java:createVolume(461)) - Creating Volume: volume09536, with user24463 as owner and space quota set to -1 bytes, counts quota set to -1
2023-09-12 21:06:20,527 [OM StateMachine ApplyTransaction Thread - 0] INFO  volume.OMVolumeCreateRequest (OMVolumeCreateRequest.java:validateAndUpdateCache(196)) - created volume:volume09536 for user:user24463
2023-09-12 21:06:20,529 [setup] INFO  rpc.RpcClient (RpcClient.java:createBucket(688)) - Creating Bucket: volume09536/bucket86127, with bucket layout LEGACY, runner as owner, Versioning false, Storage Type set to DISK and Encryption set to false, Replication Type set to server-side default replication type, Namespace Quota set to -1, Space Quota set to -1 
2023-09-12 21:06:20,531 [OM StateMachine ApplyTransaction Thread - 0] INFO  bucket.OMBucketCreateRequest (OMBucketCreateRequest.java:validateAndUpdateCache(270)) - created bucket: bucket86127 of layout LEGACY in volume: volume09536
2023-09-12 21:06:20,583 [setup] INFO  contract.AbstractFSContractTestBase (AbstractFSContractTestBase.java:setup(194)) - Test filesystem = o3fs://bucket86127.volume09536 implemented by OzoneFileSystem{URI=o3fs://bucket86127.volume09536, workingDir=o3fs://bucket86127.volume09536/user/runner, userName=runner, statistics=21506 bytes read, 23596 bytes written, 93 read ops, 0 large read ops, 53 write ops}
2023-09-12 21:06:20,586 [JUnit-testSyncable[1]] INFO  contract.AbstractFSContractTestBase (AbstractFSContractTestBase.java:describe(278)) - test declared and actual Syncable behaviors
2023-09-12 21:06:20,587 [JUnit-testSyncable[1]] INFO  contract.AbstractContractCreateTest (AbstractContractCreateTest.java:validateSyncableSemantics(479)) - Expecting files under o3fs://bucket86127.volume09536/test/testSyncable[1] to have supportsSync=true and supportsFlush=true; metadataUpdatedOnHSync=false
2023-09-12 21:06:20,593 [JUnit-testSyncable[1]] INFO  contract.AbstractContractCreateTest (AbstractContractCreateTest.java:validateSyncableSemantics(484)) - Created output stream FSDataOutputStream{wrappedStream=org.apache.hadoop.fs.ozone.CapableOzoneFSOutputStream@35b476df}
2023-09-12 21:06:20,698 [IPC Server handler 0 on default port 15054] WARN  node.SCMNodeManager (SCMNodeManager.java:getNodesByAddress(1373)) - Cannot find node for address 127.0.0.1
]]></system-out>
  </testcase>
  <testcase name="testMkdirUnderFile" classname="ITestOzoneContractCreate" time="0.18">
    <system-out><![CDATA[2023-09-12 21:05:59,023 [setup] INFO  rpc.RpcClient (RpcClient.java:createVolume(461)) - Creating Volume: volume12618, with user73962 as owner and space quota set to -1 bytes, counts quota set to -1
2023-09-12 21:05:59,028 [OM StateMachine ApplyTransaction Thread - 0] INFO  volume.OMVolumeCreateRequest (OMVolumeCreateRequest.java:validateAndUpdateCache(196)) - created volume:volume12618 for user:user73962
2023-09-12 21:05:59,029 [setup] INFO  rpc.RpcClient (RpcClient.java:createBucket(688)) - Creating Bucket: volume12618/bucket42918, with bucket layout LEGACY, runner as owner, Versioning false, Storage Type set to DISK and Encryption set to false, Replication Type set to server-side default replication type, Namespace Quota set to -1, Space Quota set to -1 
2023-09-12 21:05:59,033 [OM StateMachine ApplyTransaction Thread - 0] INFO  bucket.OMBucketCreateRequest (OMBucketCreateRequest.java:validateAndUpdateCache(270)) - created bucket: bucket42918 of layout LEGACY in volume: volume12618
2023-09-12 21:05:59,093 [setup] INFO  contract.AbstractFSContractTestBase (AbstractFSContractTestBase.java:setup(194)) - Test filesystem = o3fs://bucket42918.volume12618 implemented by OzoneFileSystem{URI=o3fs://bucket42918.volume12618, workingDir=o3fs://bucket42918.volume12618/user/runner, userName=runner, statistics=2 bytes read, 278 bytes written, 17 read ops, 0 large read ops, 10 write ops}
2023-09-12 21:05:59,104 [JUnit-testMkdirUnderFile[0]] INFO  contract.AbstractFSContractTestBase (AbstractFSContractTestBase.java:describe(278)) - Verify that it is forbidden to create file/dir
21:05:59.171 [OM StateMachine ApplyTransaction Thread - 0] ERROR OMAudit - user=runner | ip=127.0.0.1 | op=CREATE_DIRECTORY {volume=volume12618, bucket=bucket42918, key=test/testMkdirUnderFile[0]/parent, dataSize=0, replicationType=NONE, replicationFactor=ZERO} | ret=FAILURE
org.apache.hadoop.ozone.om.exceptions.OMException: Unable to create directory: test/testMkdirUnderFile[0]/parent in volume/bucket: volume12618/bucket42918
	at org.apache.hadoop.ozone.om.request.file.OMDirectoryCreateRequest.validateAndUpdateCache(OMDirectoryCreateRequest.java:194) ~[ozone-manager-1.4.0-SNAPSHOT.jar:?]
	at org.apache.hadoop.ozone.protocolPB.OzoneManagerRequestHandler.handleWriteRequest(OzoneManagerRequestHandler.java:373) ~[ozone-manager-1.4.0-SNAPSHOT.jar:?]
	at org.apache.hadoop.ozone.om.ratis.OzoneManagerStateMachine.runCommand(OzoneManagerStateMachine.java:568) ~[ozone-manager-1.4.0-SNAPSHOT.jar:?]
	at org.apache.hadoop.ozone.om.ratis.OzoneManagerStateMachine.lambda$1(OzoneManagerStateMachine.java:359) ~[ozone-manager-1.4.0-SNAPSHOT.jar:?]
	at java.util.concurrent.CompletableFuture$AsyncSupply.run(CompletableFuture.java:1604) [?:1.8.0_382]
	at java.util.concurrent.ThreadPoolExecutor.runWorker(ThreadPoolExecutor.java:1149) [?:1.8.0_382]
	at java.util.concurrent.ThreadPoolExecutor$Worker.run(ThreadPoolExecutor.java:624) [?:1.8.0_382]
	at java.lang.Thread.run(Thread.java:750) [?:1.8.0_382]
2023-09-12 21:05:59,172 [OM StateMachine ApplyTransaction Thread - 0] ERROR file.OMDirectoryCreateRequest (OMDirectoryCreateRequest.java:logResult(334)) - Directory creation failed. Volume:volume12618, Bucket:bucket42918, Keytest/testMkdirUnderFile[0]/parent. Exception:{}
FILE_ALREADY_EXISTS org.apache.hadoop.ozone.om.exceptions.OMException: Unable to create directory: test/testMkdirUnderFile[0]/parent in volume/bucket: volume12618/bucket42918
	at org.apache.hadoop.ozone.om.request.file.OMDirectoryCreateRequest.validateAndUpdateCache(OMDirectoryCreateRequest.java:194)
	at org.apache.hadoop.ozone.protocolPB.OzoneManagerRequestHandler.handleWriteRequest(OzoneManagerRequestHandler.java:373)
	at org.apache.hadoop.ozone.om.ratis.OzoneManagerStateMachine.runCommand(OzoneManagerStateMachine.java:568)
	at org.apache.hadoop.ozone.om.ratis.OzoneManagerStateMachine.lambda$1(OzoneManagerStateMachine.java:359)
	at java.util.concurrent.CompletableFuture$AsyncSupply.run(CompletableFuture.java:1604)
	at java.util.concurrent.ThreadPoolExecutor.runWorker(ThreadPoolExecutor.java:1149)
	at java.util.concurrent.ThreadPoolExecutor$Worker.run(ThreadPoolExecutor.java:624)
	at java.lang.Thread.run(Thread.java:750)
]]></system-out>
  </testcase>
  <testcase name="testMkdirUnderFile" classname="ITestOzoneContractCreate" time="0.133">
    <system-out><![CDATA[2023-09-12 21:06:20,772 [setup] INFO  rpc.RpcClient (RpcClient.java:createVolume(461)) - Creating Volume: volume53579, with user57821 as owner and space quota set to -1 bytes, counts quota set to -1
2023-09-12 21:06:20,776 [OM StateMachine ApplyTransaction Thread - 0] INFO  volume.OMVolumeCreateRequest (OMVolumeCreateRequest.java:validateAndUpdateCache(196)) - created volume:volume53579 for user:user57821
2023-09-12 21:06:20,778 [setup] INFO  rpc.RpcClient (RpcClient.java:createBucket(688)) - Creating Bucket: volume53579/bucket51783, with bucket layout LEGACY, runner as owner, Versioning false, Storage Type set to DISK and Encryption set to false, Replication Type set to server-side default replication type, Namespace Quota set to -1, Space Quota set to -1 
2023-09-12 21:06:20,781 [OM StateMachine ApplyTransaction Thread - 0] INFO  bucket.OMBucketCreateRequest (OMBucketCreateRequest.java:validateAndUpdateCache(270)) - created bucket: bucket51783 of layout LEGACY in volume: volume53579
2023-09-12 21:06:20,822 [setup] INFO  contract.AbstractFSContractTestBase (AbstractFSContractTestBase.java:setup(194)) - Test filesystem = o3fs://bucket51783.volume53579 implemented by OzoneFileSystem{URI=o3fs://bucket51783.volume53579, workingDir=o3fs://bucket51783.volume53579/user/runner, userName=runner, statistics=21507 bytes read, 23598 bytes written, 97 read ops, 0 large read ops, 55 write ops}
2023-09-12 21:06:20,826 [JUnit-testMkdirUnderFile[1]] INFO  contract.AbstractFSContractTestBase (AbstractFSContractTestBase.java:describe(278)) - Verify that it is forbidden to create file/dir
21:06:20.882 [OM StateMachine ApplyTransaction Thread - 0] ERROR OMAudit - user=runner | ip=127.0.0.1 | op=CREATE_DIRECTORY {volume=volume53579, bucket=bucket51783, key=test/testMkdirUnderFile[1]/parent, dataSize=0, replicationType=NONE, replicationFactor=ZERO} | ret=FAILURE
org.apache.hadoop.ozone.om.exceptions.OMException: Unable to create directory: test/testMkdirUnderFile[1]/parent in volume/bucket: volume53579/bucket51783
	at org.apache.hadoop.ozone.om.request.file.OMDirectoryCreateRequest.validateAndUpdateCache(OMDirectoryCreateRequest.java:194) ~[ozone-manager-1.4.0-SNAPSHOT.jar:?]
	at org.apache.hadoop.ozone.protocolPB.OzoneManagerRequestHandler.handleWriteRequest(OzoneManagerRequestHandler.java:373) ~[ozone-manager-1.4.0-SNAPSHOT.jar:?]
	at org.apache.hadoop.ozone.om.ratis.OzoneManagerStateMachine.runCommand(OzoneManagerStateMachine.java:568) ~[ozone-manager-1.4.0-SNAPSHOT.jar:?]
	at org.apache.hadoop.ozone.om.ratis.OzoneManagerStateMachine.lambda$1(OzoneManagerStateMachine.java:359) ~[ozone-manager-1.4.0-SNAPSHOT.jar:?]
	at java.util.concurrent.CompletableFuture$AsyncSupply.run(CompletableFuture.java:1604) [?:1.8.0_382]
	at java.util.concurrent.ThreadPoolExecutor.runWorker(ThreadPoolExecutor.java:1149) [?:1.8.0_382]
	at java.util.concurrent.ThreadPoolExecutor$Worker.run(ThreadPoolExecutor.java:624) [?:1.8.0_382]
	at java.lang.Thread.run(Thread.java:750) [?:1.8.0_382]
2023-09-12 21:06:20,882 [OM StateMachine ApplyTransaction Thread - 0] ERROR file.OMDirectoryCreateRequest (OMDirectoryCreateRequest.java:logResult(334)) - Directory creation failed. Volume:volume53579, Bucket:bucket51783, Keytest/testMkdirUnderFile[1]/parent. Exception:{}
FILE_ALREADY_EXISTS org.apache.hadoop.ozone.om.exceptions.OMException: Unable to create directory: test/testMkdirUnderFile[1]/parent in volume/bucket: volume53579/bucket51783
	at org.apache.hadoop.ozone.om.request.file.OMDirectoryCreateRequest.validateAndUpdateCache(OMDirectoryCreateRequest.java:194)
	at org.apache.hadoop.ozone.protocolPB.OzoneManagerRequestHandler.handleWriteRequest(OzoneManagerRequestHandler.java:373)
	at org.apache.hadoop.ozone.om.ratis.OzoneManagerStateMachine.runCommand(OzoneManagerStateMachine.java:568)
	at org.apache.hadoop.ozone.om.ratis.OzoneManagerStateMachine.lambda$1(OzoneManagerStateMachine.java:359)
	at java.util.concurrent.CompletableFuture$AsyncSupply.run(CompletableFuture.java:1604)
	at java.util.concurrent.ThreadPoolExecutor.runWorker(ThreadPoolExecutor.java:1149)
	at java.util.concurrent.ThreadPoolExecutor$Worker.run(ThreadPoolExecutor.java:624)
	at java.lang.Thread.run(Thread.java:750)
]]></system-out>
  </testcase>
  <testcase name="testMkdirUnderFileSubdir" classname="ITestOzoneContractCreate" time="0.169">
    <system-out><![CDATA[2023-09-12 21:05:59,199 [setup] INFO  rpc.RpcClient (RpcClient.java:createVolume(461)) - Creating Volume: volume24581, with user61894 as owner and space quota set to -1 bytes, counts quota set to -1
2023-09-12 21:05:59,203 [OM StateMachine ApplyTransaction Thread - 0] INFO  volume.OMVolumeCreateRequest (OMVolumeCreateRequest.java:validateAndUpdateCache(196)) - created volume:volume24581 for user:user61894
2023-09-12 21:05:59,205 [setup] INFO  rpc.RpcClient (RpcClient.java:createBucket(688)) - Creating Bucket: volume24581/bucket88002, with bucket layout LEGACY, runner as owner, Versioning false, Storage Type set to DISK and Encryption set to false, Replication Type set to server-side default replication type, Namespace Quota set to -1, Space Quota set to -1 
2023-09-12 21:05:59,208 [OM StateMachine ApplyTransaction Thread - 0] INFO  bucket.OMBucketCreateRequest (OMBucketCreateRequest.java:validateAndUpdateCache(270)) - created bucket: bucket88002 of layout LEGACY in volume: volume24581
2023-09-12 21:05:59,264 [setup] INFO  contract.AbstractFSContractTestBase (AbstractFSContractTestBase.java:setup(194)) - Test filesystem = o3fs://bucket88002.volume24581 implemented by OzoneFileSystem{URI=o3fs://bucket88002.volume24581, workingDir=o3fs://bucket88002.volume24581/user/runner, userName=runner, statistics=2 bytes read, 534 bytes written, 20 read ops, 0 large read ops, 12 write ops}
2023-09-12 21:05:59,268 [JUnit-testMkdirUnderFileSubdir[0]] INFO  contract.AbstractFSContractTestBase (AbstractFSContractTestBase.java:describe(278)) - Verify that it is forbidden to create file/dir/dir
21:05:59.339 [OM StateMachine ApplyTransaction Thread - 0] ERROR OMAudit - user=runner | ip=127.0.0.1 | op=CREATE_DIRECTORY {volume=volume24581, bucket=bucket88002, key=test/testMkdirUnderFileSubdir[0]/parent/child, dataSize=0, replicationType=NONE, replicationFactor=ZERO} | ret=FAILURE
org.apache.hadoop.ozone.om.exceptions.OMException: Unable to create directory: test/testMkdirUnderFileSubdir[0]/parent/child in volume/bucket: volume24581/bucket88002
	at org.apache.hadoop.ozone.om.request.file.OMDirectoryCreateRequest.validateAndUpdateCache(OMDirectoryCreateRequest.java:194) ~[ozone-manager-1.4.0-SNAPSHOT.jar:?]
	at org.apache.hadoop.ozone.protocolPB.OzoneManagerRequestHandler.handleWriteRequest(OzoneManagerRequestHandler.java:373) ~[ozone-manager-1.4.0-SNAPSHOT.jar:?]
	at org.apache.hadoop.ozone.om.ratis.OzoneManagerStateMachine.runCommand(OzoneManagerStateMachine.java:568) ~[ozone-manager-1.4.0-SNAPSHOT.jar:?]
	at org.apache.hadoop.ozone.om.ratis.OzoneManagerStateMachine.lambda$1(OzoneManagerStateMachine.java:359) ~[ozone-manager-1.4.0-SNAPSHOT.jar:?]
	at java.util.concurrent.CompletableFuture$AsyncSupply.run(CompletableFuture.java:1604) [?:1.8.0_382]
	at java.util.concurrent.ThreadPoolExecutor.runWorker(ThreadPoolExecutor.java:1149) [?:1.8.0_382]
	at java.util.concurrent.ThreadPoolExecutor$Worker.run(ThreadPoolExecutor.java:624) [?:1.8.0_382]
	at java.lang.Thread.run(Thread.java:750) [?:1.8.0_382]
2023-09-12 21:05:59,339 [OM StateMachine ApplyTransaction Thread - 0] ERROR file.OMDirectoryCreateRequest (OMDirectoryCreateRequest.java:logResult(334)) - Directory creation failed. Volume:volume24581, Bucket:bucket88002, Keytest/testMkdirUnderFileSubdir[0]/parent/child. Exception:{}
FILE_ALREADY_EXISTS org.apache.hadoop.ozone.om.exceptions.OMException: Unable to create directory: test/testMkdirUnderFileSubdir[0]/parent/child in volume/bucket: volume24581/bucket88002
	at org.apache.hadoop.ozone.om.request.file.OMDirectoryCreateRequest.validateAndUpdateCache(OMDirectoryCreateRequest.java:194)
	at org.apache.hadoop.ozone.protocolPB.OzoneManagerRequestHandler.handleWriteRequest(OzoneManagerRequestHandler.java:373)
	at org.apache.hadoop.ozone.om.ratis.OzoneManagerStateMachine.runCommand(OzoneManagerStateMachine.java:568)
	at org.apache.hadoop.ozone.om.ratis.OzoneManagerStateMachine.lambda$1(OzoneManagerStateMachine.java:359)
	at java.util.concurrent.CompletableFuture$AsyncSupply.run(CompletableFuture.java:1604)
	at java.util.concurrent.ThreadPoolExecutor.runWorker(ThreadPoolExecutor.java:1149)
	at java.util.concurrent.ThreadPoolExecutor$Worker.run(ThreadPoolExecutor.java:624)
	at java.lang.Thread.run(Thread.java:750)
21:05:59.344 [OM StateMachine ApplyTransaction Thread - 0] ERROR OMAudit - user=runner | ip=127.0.0.1 | op=CREATE_DIRECTORY {volume=volume24581, bucket=bucket88002, key=test/testMkdirUnderFileSubdir[0]/parent/child, dataSize=0, replicationType=NONE, replicationFactor=ZERO} | ret=FAILURE
org.apache.hadoop.ozone.om.exceptions.OMException: Unable to create directory: test/testMkdirUnderFileSubdir[0]/parent/child in volume/bucket: volume24581/bucket88002
	at org.apache.hadoop.ozone.om.request.file.OMDirectoryCreateRequest.validateAndUpdateCache(OMDirectoryCreateRequest.java:194) ~[ozone-manager-1.4.0-SNAPSHOT.jar:?]
	at org.apache.hadoop.ozone.protocolPB.OzoneManagerRequestHandler.handleWriteRequest(OzoneManagerRequestHandler.java:373) ~[ozone-manager-1.4.0-SNAPSHOT.jar:?]
	at org.apache.hadoop.ozone.om.ratis.OzoneManagerStateMachine.runCommand(OzoneManagerStateMachine.java:568) ~[ozone-manager-1.4.0-SNAPSHOT.jar:?]
	at org.apache.hadoop.ozone.om.ratis.OzoneManagerStateMachine.lambda$1(OzoneManagerStateMachine.java:359) ~[ozone-manager-1.4.0-SNAPSHOT.jar:?]
	at java.util.concurrent.CompletableFuture$AsyncSupply.run(CompletableFuture.java:1604) [?:1.8.0_382]
	at java.util.concurrent.ThreadPoolExecutor.runWorker(ThreadPoolExecutor.java:1149) [?:1.8.0_382]
	at java.util.concurrent.ThreadPoolExecutor$Worker.run(ThreadPoolExecutor.java:624) [?:1.8.0_382]
	at java.lang.Thread.run(Thread.java:750) [?:1.8.0_382]
2023-09-12 21:05:59,344 [OM StateMachine ApplyTransaction Thread - 0] ERROR file.OMDirectoryCreateRequest (OMDirectoryCreateRequest.java:logResult(334)) - Directory creation failed. Volume:volume24581, Bucket:bucket88002, Keytest/testMkdirUnderFileSubdir[0]/parent/child. Exception:{}
FILE_ALREADY_EXISTS org.apache.hadoop.ozone.om.exceptions.OMException: Unable to create directory: test/testMkdirUnderFileSubdir[0]/parent/child in volume/bucket: volume24581/bucket88002
	at org.apache.hadoop.ozone.om.request.file.OMDirectoryCreateRequest.validateAndUpdateCache(OMDirectoryCreateRequest.java:194)
	at org.apache.hadoop.ozone.protocolPB.OzoneManagerRequestHandler.handleWriteRequest(OzoneManagerRequestHandler.java:373)
	at org.apache.hadoop.ozone.om.ratis.OzoneManagerStateMachine.runCommand(OzoneManagerStateMachine.java:568)
	at org.apache.hadoop.ozone.om.ratis.OzoneManagerStateMachine.lambda$1(OzoneManagerStateMachine.java:359)
	at java.util.concurrent.CompletableFuture$AsyncSupply.run(CompletableFuture.java:1604)
	at java.util.concurrent.ThreadPoolExecutor.runWorker(ThreadPoolExecutor.java:1149)
	at java.util.concurrent.ThreadPoolExecutor$Worker.run(ThreadPoolExecutor.java:624)
	at java.lang.Thread.run(Thread.java:750)
]]></system-out>
  </testcase>
  <testcase name="testMkdirUnderFileSubdir" classname="ITestOzoneContractCreate" time="0.135">
    <system-out><![CDATA[2023-09-12 21:06:20,907 [setup] INFO  rpc.RpcClient (RpcClient.java:createVolume(461)) - Creating Volume: volume36970, with user04456 as owner and space quota set to -1 bytes, counts quota set to -1
2023-09-12 21:06:20,910 [OM StateMachine ApplyTransaction Thread - 0] INFO  volume.OMVolumeCreateRequest (OMVolumeCreateRequest.java:validateAndUpdateCache(196)) - created volume:volume36970 for user:user04456
2023-09-12 21:06:20,913 [setup] INFO  rpc.RpcClient (RpcClient.java:createBucket(688)) - Creating Bucket: volume36970/bucket77634, with bucket layout LEGACY, runner as owner, Versioning false, Storage Type set to DISK and Encryption set to false, Replication Type set to server-side default replication type, Namespace Quota set to -1, Space Quota set to -1 
2023-09-12 21:06:20,915 [OM StateMachine ApplyTransaction Thread - 0] INFO  bucket.OMBucketCreateRequest (OMBucketCreateRequest.java:validateAndUpdateCache(270)) - created bucket: bucket77634 of layout LEGACY in volume: volume36970
2023-09-12 21:06:20,957 [setup] INFO  contract.AbstractFSContractTestBase (AbstractFSContractTestBase.java:setup(194)) - Test filesystem = o3fs://bucket77634.volume36970 implemented by OzoneFileSystem{URI=o3fs://bucket77634.volume36970, workingDir=o3fs://bucket77634.volume36970/user/runner, userName=runner, statistics=21507 bytes read, 23854 bytes written, 100 read ops, 0 large read ops, 57 write ops}
2023-09-12 21:06:20,964 [JUnit-testMkdirUnderFileSubdir[1]] INFO  contract.AbstractFSContractTestBase (AbstractFSContractTestBase.java:describe(278)) - Verify that it is forbidden to create file/dir/dir
21:06:21.013 [OM StateMachine ApplyTransaction Thread - 0] ERROR OMAudit - user=runner | ip=127.0.0.1 | op=CREATE_DIRECTORY {volume=volume36970, bucket=bucket77634, key=test/testMkdirUnderFileSubdir[1]/parent/child, dataSize=0, replicationType=NONE, replicationFactor=ZERO} | ret=FAILURE
org.apache.hadoop.ozone.om.exceptions.OMException: Unable to create directory: test/testMkdirUnderFileSubdir[1]/parent/child in volume/bucket: volume36970/bucket77634
	at org.apache.hadoop.ozone.om.request.file.OMDirectoryCreateRequest.validateAndUpdateCache(OMDirectoryCreateRequest.java:194) ~[ozone-manager-1.4.0-SNAPSHOT.jar:?]
	at org.apache.hadoop.ozone.protocolPB.OzoneManagerRequestHandler.handleWriteRequest(OzoneManagerRequestHandler.java:373) ~[ozone-manager-1.4.0-SNAPSHOT.jar:?]
	at org.apache.hadoop.ozone.om.ratis.OzoneManagerStateMachine.runCommand(OzoneManagerStateMachine.java:568) ~[ozone-manager-1.4.0-SNAPSHOT.jar:?]
	at org.apache.hadoop.ozone.om.ratis.OzoneManagerStateMachine.lambda$1(OzoneManagerStateMachine.java:359) ~[ozone-manager-1.4.0-SNAPSHOT.jar:?]
	at java.util.concurrent.CompletableFuture$AsyncSupply.run(CompletableFuture.java:1604) [?:1.8.0_382]
	at java.util.concurrent.ThreadPoolExecutor.runWorker(ThreadPoolExecutor.java:1149) [?:1.8.0_382]
	at java.util.concurrent.ThreadPoolExecutor$Worker.run(ThreadPoolExecutor.java:624) [?:1.8.0_382]
	at java.lang.Thread.run(Thread.java:750) [?:1.8.0_382]
2023-09-12 21:06:21,013 [OM StateMachine ApplyTransaction Thread - 0] ERROR file.OMDirectoryCreateRequest (OMDirectoryCreateRequest.java:logResult(334)) - Directory creation failed. Volume:volume36970, Bucket:bucket77634, Keytest/testMkdirUnderFileSubdir[1]/parent/child. Exception:{}
FILE_ALREADY_EXISTS org.apache.hadoop.ozone.om.exceptions.OMException: Unable to create directory: test/testMkdirUnderFileSubdir[1]/parent/child in volume/bucket: volume36970/bucket77634
	at org.apache.hadoop.ozone.om.request.file.OMDirectoryCreateRequest.validateAndUpdateCache(OMDirectoryCreateRequest.java:194)
	at org.apache.hadoop.ozone.protocolPB.OzoneManagerRequestHandler.handleWriteRequest(OzoneManagerRequestHandler.java:373)
	at org.apache.hadoop.ozone.om.ratis.OzoneManagerStateMachine.runCommand(OzoneManagerStateMachine.java:568)
	at org.apache.hadoop.ozone.om.ratis.OzoneManagerStateMachine.lambda$1(OzoneManagerStateMachine.java:359)
	at java.util.concurrent.CompletableFuture$AsyncSupply.run(CompletableFuture.java:1604)
	at java.util.concurrent.ThreadPoolExecutor.runWorker(ThreadPoolExecutor.java:1149)
	at java.util.concurrent.ThreadPoolExecutor$Worker.run(ThreadPoolExecutor.java:624)
	at java.lang.Thread.run(Thread.java:750)
21:06:21.016 [OM StateMachine ApplyTransaction Thread - 0] ERROR OMAudit - user=runner | ip=127.0.0.1 | op=CREATE_DIRECTORY {volume=volume36970, bucket=bucket77634, key=test/testMkdirUnderFileSubdir[1]/parent/child, dataSize=0, replicationType=NONE, replicationFactor=ZERO} | ret=FAILURE
org.apache.hadoop.ozone.om.exceptions.OMException: Unable to create directory: test/testMkdirUnderFileSubdir[1]/parent/child in volume/bucket: volume36970/bucket77634
	at org.apache.hadoop.ozone.om.request.file.OMDirectoryCreateRequest.validateAndUpdateCache(OMDirectoryCreateRequest.java:194) ~[ozone-manager-1.4.0-SNAPSHOT.jar:?]
	at org.apache.hadoop.ozone.protocolPB.OzoneManagerRequestHandler.handleWriteRequest(OzoneManagerRequestHandler.java:373) ~[ozone-manager-1.4.0-SNAPSHOT.jar:?]
	at org.apache.hadoop.ozone.om.ratis.OzoneManagerStateMachine.runCommand(OzoneManagerStateMachine.java:568) ~[ozone-manager-1.4.0-SNAPSHOT.jar:?]
	at org.apache.hadoop.ozone.om.ratis.OzoneManagerStateMachine.lambda$1(OzoneManagerStateMachine.java:359) ~[ozone-manager-1.4.0-SNAPSHOT.jar:?]
	at java.util.concurrent.CompletableFuture$AsyncSupply.run(CompletableFuture.java:1604) [?:1.8.0_382]
	at java.util.concurrent.ThreadPoolExecutor.runWorker(ThreadPoolExecutor.java:1149) [?:1.8.0_382]
	at java.util.concurrent.ThreadPoolExecutor$Worker.run(ThreadPoolExecutor.java:624) [?:1.8.0_382]
	at java.lang.Thread.run(Thread.java:750) [?:1.8.0_382]
2023-09-12 21:06:21,017 [OM StateMachine ApplyTransaction Thread - 0] ERROR file.OMDirectoryCreateRequest (OMDirectoryCreateRequest.java:logResult(334)) - Directory creation failed. Volume:volume36970, Bucket:bucket77634, Keytest/testMkdirUnderFileSubdir[1]/parent/child. Exception:{}
FILE_ALREADY_EXISTS org.apache.hadoop.ozone.om.exceptions.OMException: Unable to create directory: test/testMkdirUnderFileSubdir[1]/parent/child in volume/bucket: volume36970/bucket77634
	at org.apache.hadoop.ozone.om.request.file.OMDirectoryCreateRequest.validateAndUpdateCache(OMDirectoryCreateRequest.java:194)
	at org.apache.hadoop.ozone.protocolPB.OzoneManagerRequestHandler.handleWriteRequest(OzoneManagerRequestHandler.java:373)
	at org.apache.hadoop.ozone.om.ratis.OzoneManagerStateMachine.runCommand(OzoneManagerStateMachine.java:568)
	at org.apache.hadoop.ozone.om.ratis.OzoneManagerStateMachine.lambda$1(OzoneManagerStateMachine.java:359)
	at java.util.concurrent.CompletableFuture$AsyncSupply.run(CompletableFuture.java:1604)
	at java.util.concurrent.ThreadPoolExecutor.runWorker(ThreadPoolExecutor.java:1149)
	at java.util.concurrent.ThreadPoolExecutor$Worker.run(ThreadPoolExecutor.java:624)
	at java.lang.Thread.run(Thread.java:750)
]]></system-out>
  </testcase>
  <testcase name="testCreateMakesParentDirs" classname="ITestOzoneContractCreate" time="0.126">
    <system-out><![CDATA[2023-09-12 21:05:59,371 [setup] INFO  rpc.RpcClient (RpcClient.java:createVolume(461)) - Creating Volume: volume48296, with user24924 as owner and space quota set to -1 bytes, counts quota set to -1
2023-09-12 21:05:59,378 [OM StateMachine ApplyTransaction Thread - 0] INFO  volume.OMVolumeCreateRequest (OMVolumeCreateRequest.java:validateAndUpdateCache(196)) - created volume:volume48296 for user:user24924
2023-09-12 21:05:59,380 [setup] INFO  rpc.RpcClient (RpcClient.java:createBucket(688)) - Creating Bucket: volume48296/bucket36077, with bucket layout LEGACY, runner as owner, Versioning false, Storage Type set to DISK and Encryption set to false, Replication Type set to server-side default replication type, Namespace Quota set to -1, Space Quota set to -1 
2023-09-12 21:05:59,385 [OM StateMachine ApplyTransaction Thread - 0] INFO  bucket.OMBucketCreateRequest (OMBucketCreateRequest.java:validateAndUpdateCache(270)) - created bucket: bucket36077 of layout LEGACY in volume: volume48296
2023-09-12 21:05:59,433 [setup] INFO  contract.AbstractFSContractTestBase (AbstractFSContractTestBase.java:setup(194)) - Test filesystem = o3fs://bucket36077.volume48296 implemented by OzoneFileSystem{URI=o3fs://bucket36077.volume48296, workingDir=o3fs://bucket36077.volume48296/user/runner, userName=runner, statistics=2 bytes read, 790 bytes written, 23 read ops, 0 large read ops, 14 write ops}
2023-09-12 21:05:59,442 [JUnit-testCreateMakesParentDirs[0]] INFO  contract.AbstractFSContractTestBase (AbstractFSContractTestBase.java:describe(278)) - check that after creating a file its parent directories exist
]]></system-out>
  </testcase>
  <testcase name="testCreateMakesParentDirs" classname="ITestOzoneContractCreate" time="0.095">
    <system-out><![CDATA[2023-09-12 21:06:21,040 [setup] INFO  rpc.RpcClient (RpcClient.java:createVolume(461)) - Creating Volume: volume38465, with user33812 as owner and space quota set to -1 bytes, counts quota set to -1
2023-09-12 21:06:21,045 [OM StateMachine ApplyTransaction Thread - 0] INFO  volume.OMVolumeCreateRequest (OMVolumeCreateRequest.java:validateAndUpdateCache(196)) - created volume:volume38465 for user:user33812
2023-09-12 21:06:21,047 [setup] INFO  rpc.RpcClient (RpcClient.java:createBucket(688)) - Creating Bucket: volume38465/bucket36819, with bucket layout LEGACY, runner as owner, Versioning false, Storage Type set to DISK and Encryption set to false, Replication Type set to server-side default replication type, Namespace Quota set to -1, Space Quota set to -1 
2023-09-12 21:06:21,048 [OM StateMachine ApplyTransaction Thread - 0] INFO  bucket.OMBucketCreateRequest (OMBucketCreateRequest.java:validateAndUpdateCache(270)) - created bucket: bucket36819 of layout LEGACY in volume: volume38465
2023-09-12 21:06:21,088 [setup] INFO  contract.AbstractFSContractTestBase (AbstractFSContractTestBase.java:setup(194)) - Test filesystem = o3fs://bucket36819.volume38465 implemented by OzoneFileSystem{URI=o3fs://bucket36819.volume38465, workingDir=o3fs://bucket36819.volume38465/user/runner, userName=runner, statistics=21507 bytes read, 24110 bytes written, 103 read ops, 0 large read ops, 59 write ops}
2023-09-12 21:06:21,092 [JUnit-testCreateMakesParentDirs[1]] INFO  contract.AbstractFSContractTestBase (AbstractFSContractTestBase.java:describe(278)) - check that after creating a file its parent directories exist
]]></system-out>
  </testcase>
  <testcase name="testFileStatusBlocksizeEmptyFile" classname="ITestOzoneContractCreate" time="0.101">
    <system-out><![CDATA[2023-09-12 21:05:59,504 [setup] INFO  rpc.RpcClient (RpcClient.java:createVolume(461)) - Creating Volume: volume31972, with user16577 as owner and space quota set to -1 bytes, counts quota set to -1
2023-09-12 21:05:59,509 [OM StateMachine ApplyTransaction Thread - 0] INFO  volume.OMVolumeCreateRequest (OMVolumeCreateRequest.java:validateAndUpdateCache(196)) - created volume:volume31972 for user:user16577
2023-09-12 21:05:59,512 [setup] INFO  rpc.RpcClient (RpcClient.java:createBucket(688)) - Creating Bucket: volume31972/bucket77324, with bucket layout LEGACY, runner as owner, Versioning false, Storage Type set to DISK and Encryption set to false, Replication Type set to server-side default replication type, Namespace Quota set to -1, Space Quota set to -1 
2023-09-12 21:05:59,515 [OM StateMachine ApplyTransaction Thread - 0] INFO  bucket.OMBucketCreateRequest (OMBucketCreateRequest.java:validateAndUpdateCache(270)) - created bucket: bucket77324 of layout LEGACY in volume: volume31972
2023-09-12 21:05:59,557 [setup] INFO  contract.AbstractFSContractTestBase (AbstractFSContractTestBase.java:setup(194)) - Test filesystem = o3fs://bucket77324.volume31972 implemented by OzoneFileSystem{URI=o3fs://bucket77324.volume31972, workingDir=o3fs://bucket77324.volume31972/user/runner, userName=runner, statistics=2 bytes read, 790 bytes written, 29 read ops, 0 large read ops, 16 write ops}
2023-09-12 21:05:59,561 [JUnit-testFileStatusBlocksizeEmptyFile[0]] INFO  contract.AbstractFSContractTestBase (AbstractFSContractTestBase.java:describe(278)) - check that an empty file may return a 0-byte blocksize
]]></system-out>
  </testcase>
  <testcase name="testFileStatusBlocksizeEmptyFile" classname="ITestOzoneContractCreate" time="0.103">
    <system-out><![CDATA[2023-09-12 21:06:21,142 [setup] INFO  rpc.RpcClient (RpcClient.java:createVolume(461)) - Creating Volume: volume97812, with user51275 as owner and space quota set to -1 bytes, counts quota set to -1
2023-09-12 21:06:21,145 [OM StateMachine ApplyTransaction Thread - 0] INFO  volume.OMVolumeCreateRequest (OMVolumeCreateRequest.java:validateAndUpdateCache(196)) - created volume:volume97812 for user:user51275
2023-09-12 21:06:21,149 [setup] INFO  rpc.RpcClient (RpcClient.java:createBucket(688)) - Creating Bucket: volume97812/bucket55600, with bucket layout LEGACY, runner as owner, Versioning false, Storage Type set to DISK and Encryption set to false, Replication Type set to server-side default replication type, Namespace Quota set to -1, Space Quota set to -1 
2023-09-12 21:06:21,151 [OM StateMachine ApplyTransaction Thread - 0] INFO  bucket.OMBucketCreateRequest (OMBucketCreateRequest.java:validateAndUpdateCache(270)) - created bucket: bucket55600 of layout LEGACY in volume: volume97812
2023-09-12 21:06:21,188 [setup] INFO  contract.AbstractFSContractTestBase (AbstractFSContractTestBase.java:setup(194)) - Test filesystem = o3fs://bucket55600.volume97812 implemented by OzoneFileSystem{URI=o3fs://bucket55600.volume97812, workingDir=o3fs://bucket55600.volume97812/user/runner, userName=runner, statistics=21507 bytes read, 24110 bytes written, 109 read ops, 0 large read ops, 61 write ops}
2023-09-12 21:06:21,195 [JUnit-testFileStatusBlocksizeEmptyFile[1]] INFO  contract.AbstractFSContractTestBase (AbstractFSContractTestBase.java:describe(278)) - check that an empty file may return a 0-byte blocksize
]]></system-out>
  </testcase>
  <testcase name="testCreatedFileIsImmediatelyVisible" classname="ITestOzoneContractCreate" time="0">
    <skipped type="org.junit.AssumptionViolatedException"><![CDATA[org.junit.AssumptionViolatedException: This Filesystem delays visibility of newly created files
	at org.apache.hadoop.fs.contract.ContractTestUtils.skip(ContractTestUtils.java:538)
	at org.apache.hadoop.fs.contract.AbstractContractCreateTest.testCreatedFileIsImmediatelyVisible(AbstractContractCreateTest.java:227)
	at sun.reflect.NativeMethodAccessorImpl.invoke0(Native Method)
	at sun.reflect.NativeMethodAccessorImpl.invoke(NativeMethodAccessorImpl.java:62)
	at sun.reflect.DelegatingMethodAccessorImpl.invoke(DelegatingMethodAccessorImpl.java:43)
	at java.lang.reflect.Method.invoke(Method.java:498)
	at org.junit.runners.model.FrameworkMethod$1.runReflectiveCall(FrameworkMethod.java:59)
	at org.junit.internal.runners.model.ReflectiveCallable.run(ReflectiveCallable.java:12)
	at org.junit.runners.model.FrameworkMethod.invokeExplosively(FrameworkMethod.java:56)
	at org.junit.internal.runners.statements.InvokeMethod.evaluate(InvokeMethod.java:17)
	at org.junit.internal.runners.statements.RunBefores.evaluate(RunBefores.java:26)
	at org.junit.internal.runners.statements.RunAfters.evaluate(RunAfters.java:27)
	at org.junit.rules.TestWatcher$1.evaluate(TestWatcher.java:61)
	at org.junit.internal.runners.statements.FailOnTimeout$CallableStatement.call(FailOnTimeout.java:288)
	at org.junit.internal.runners.statements.FailOnTimeout$CallableStatement.call(FailOnTimeout.java:282)
	at java.util.concurrent.FutureTask.run(FutureTask.java:266)
	at java.lang.Thread.run(Thread.java:750)
]]></skipped>
    <system-out><![CDATA[2023-09-12 21:05:59,602 [setup] INFO  rpc.RpcClient (RpcClient.java:createVolume(461)) - Creating Volume: volume98054, with user76801 as owner and space quota set to -1 bytes, counts quota set to -1
2023-09-12 21:05:59,607 [OM StateMachine ApplyTransaction Thread - 0] INFO  volume.OMVolumeCreateRequest (OMVolumeCreateRequest.java:validateAndUpdateCache(196)) - created volume:volume98054 for user:user76801
2023-09-12 21:05:59,609 [setup] INFO  rpc.RpcClient (RpcClient.java:createBucket(688)) - Creating Bucket: volume98054/bucket01011, with bucket layout LEGACY, runner as owner, Versioning false, Storage Type set to DISK and Encryption set to false, Replication Type set to server-side default replication type, Namespace Quota set to -1, Space Quota set to -1 
2023-09-12 21:05:59,611 [OM StateMachine ApplyTransaction Thread - 0] INFO  bucket.OMBucketCreateRequest (OMBucketCreateRequest.java:validateAndUpdateCache(270)) - created bucket: bucket01011 of layout LEGACY in volume: volume98054
2023-09-12 21:05:59,670 [setup] INFO  contract.AbstractFSContractTestBase (AbstractFSContractTestBase.java:setup(194)) - Test filesystem = o3fs://bucket01011.volume98054 implemented by OzoneFileSystem{URI=o3fs://bucket01011.volume98054, workingDir=o3fs://bucket01011.volume98054/user/runner, userName=runner, statistics=2 bytes read, 790 bytes written, 32 read ops, 0 large read ops, 18 write ops}
2023-09-12 21:05:59,675 [JUnit-testCreatedFileIsImmediatelyVisible[0]] INFO  contract.AbstractFSContractTestBase (AbstractFSContractTestBase.java:describe(278)) - verify that a newly created file exists as soon as open returns
21:05:59.684 [IPC Server handler 0 on default port 15004] ERROR OMAudit - user=runner | ip=127.0.0.1 | op=GET_FILE_STATUS {volume=volume98054, bucket=bucket01011, key=test/testCreatedFileIsImmediatelyVisible, dataSize=0, replicationConfig=null} | ret=FAILURE
org.apache.hadoop.ozone.om.exceptions.OMException: Unable to get file status: volume: volume98054 bucket: bucket01011 key: test/testCreatedFileIsImmediatelyVisible
	at org.apache.hadoop.ozone.om.KeyManagerImpl.getOzoneFileStatus(KeyManagerImpl.java:1195) ~[ozone-manager-1.4.0-SNAPSHOT.jar:?]
	at org.apache.hadoop.ozone.om.KeyManagerImpl.getFileStatus(KeyManagerImpl.java:1113) ~[ozone-manager-1.4.0-SNAPSHOT.jar:?]
	at org.apache.hadoop.ozone.om.OmMetadataReader.getFileStatus(OmMetadataReader.java:262) ~[ozone-manager-1.4.0-SNAPSHOT.jar:?]
	at org.apache.hadoop.ozone.om.OzoneManager.getFileStatus(OzoneManager.java:3530) ~[ozone-manager-1.4.0-SNAPSHOT.jar:?]
	at org.apache.hadoop.ozone.protocolPB.OzoneManagerRequestHandler.getOzoneFileStatus(OzoneManagerRequestHandler.java:971) ~[ozone-manager-1.4.0-SNAPSHOT.jar:?]
	at org.apache.hadoop.ozone.protocolPB.OzoneManagerRequestHandler.handleReadRequest(OzoneManagerRequestHandler.java:250) ~[ozone-manager-1.4.0-SNAPSHOT.jar:?]
	at org.apache.hadoop.ozone.protocolPB.OzoneManagerProtocolServerSideTranslatorPB.submitReadRequestToOM(OzoneManagerProtocolServerSideTranslatorPB.java:225) ~[ozone-manager-1.4.0-SNAPSHOT.jar:?]
	at org.apache.hadoop.ozone.protocolPB.OzoneManagerProtocolServerSideTranslatorPB.processRequest(OzoneManagerProtocolServerSideTranslatorPB.java:179) ~[ozone-manager-1.4.0-SNAPSHOT.jar:?]
	at org.apache.hadoop.hdds.server.OzoneProtocolMessageDispatcher.processRequest(OzoneProtocolMessageDispatcher.java:87) [hdds-server-framework-1.4.0-SNAPSHOT.jar:?]
	at org.apache.hadoop.ozone.protocolPB.OzoneManagerProtocolServerSideTranslatorPB.submitRequest(OzoneManagerProtocolServerSideTranslatorPB.java:148) [ozone-manager-1.4.0-SNAPSHOT.jar:?]
	at org.apache.hadoop.ozone.protocol.proto.OzoneManagerProtocolProtos$OzoneManagerService$2.callBlockingMethod(OzoneManagerProtocolProtos.java) [ozone-interface-client-1.4.0-SNAPSHOT.jar:?]
	at org.apache.hadoop.ipc.ProtobufRpcEngine$Server.processCall(ProtobufRpcEngine.java:484) [hadoop-common-3.3.6.jar:?]
	at org.apache.hadoop.ipc.ProtobufRpcEngine2$Server$ProtoBufRpcInvoker.call(ProtobufRpcEngine2.java:595) [hadoop-common-3.3.6.jar:?]
	at org.apache.hadoop.ipc.ProtobufRpcEngine2$Server$ProtoBufRpcInvoker.call(ProtobufRpcEngine2.java:573) [hadoop-common-3.3.6.jar:?]
	at org.apache.hadoop.ipc.RPC$Server.call(RPC.java:1227) [hadoop-common-3.3.6.jar:?]
	at org.apache.hadoop.ipc.Server$RpcCall.run(Server.java:1094) [hadoop-common-3.3.6.jar:?]
	at org.apache.hadoop.ipc.Server$RpcCall.run(Server.java:1017) [hadoop-common-3.3.6.jar:?]
	at java.security.AccessController.doPrivileged(Native Method) ~[?:1.8.0_382]
	at javax.security.auth.Subject.doAs(Subject.java:422) [?:1.8.0_382]
	at org.apache.hadoop.security.UserGroupInformation.doAs(UserGroupInformation.java:1899) [hadoop-common-3.3.6.jar:?]
	at org.apache.hadoop.ipc.Server$Handler.run(Server.java:3048) [hadoop-common-3.3.6.jar:?]
2023-09-12 21:05:59,684 [JUnit-testCreatedFileIsImmediatelyVisible[0]] INFO  contract.ContractTestUtils (ContractTestUtils.java:skip(537)) - Skipping: This Filesystem delays visibility of newly created files
]]></system-out>
  </testcase>
  <testcase name="testCreatedFileIsImmediatelyVisible" classname="ITestOzoneContractCreate" time="0">
    <skipped type="org.junit.AssumptionViolatedException"><![CDATA[org.junit.AssumptionViolatedException: This Filesystem delays visibility of newly created files
	at org.apache.hadoop.fs.contract.ContractTestUtils.skip(ContractTestUtils.java:538)
	at org.apache.hadoop.fs.contract.AbstractContractCreateTest.testCreatedFileIsImmediatelyVisible(AbstractContractCreateTest.java:227)
	at sun.reflect.NativeMethodAccessorImpl.invoke0(Native Method)
	at sun.reflect.NativeMethodAccessorImpl.invoke(NativeMethodAccessorImpl.java:62)
	at sun.reflect.DelegatingMethodAccessorImpl.invoke(DelegatingMethodAccessorImpl.java:43)
	at java.lang.reflect.Method.invoke(Method.java:498)
	at org.junit.runners.model.FrameworkMethod$1.runReflectiveCall(FrameworkMethod.java:59)
	at org.junit.internal.runners.model.ReflectiveCallable.run(ReflectiveCallable.java:12)
	at org.junit.runners.model.FrameworkMethod.invokeExplosively(FrameworkMethod.java:56)
	at org.junit.internal.runners.statements.InvokeMethod.evaluate(InvokeMethod.java:17)
	at org.junit.internal.runners.statements.RunBefores.evaluate(RunBefores.java:26)
	at org.junit.internal.runners.statements.RunAfters.evaluate(RunAfters.java:27)
	at org.junit.rules.TestWatcher$1.evaluate(TestWatcher.java:61)
	at org.junit.internal.runners.statements.FailOnTimeout$CallableStatement.call(FailOnTimeout.java:288)
	at org.junit.internal.runners.statements.FailOnTimeout$CallableStatement.call(FailOnTimeout.java:282)
	at java.util.concurrent.FutureTask.run(FutureTask.java:266)
	at java.lang.Thread.run(Thread.java:750)
]]></skipped>
    <system-out><![CDATA[2023-09-12 21:06:21,243 [setup] INFO  rpc.RpcClient (RpcClient.java:createVolume(461)) - Creating Volume: volume05426, with user14791 as owner and space quota set to -1 bytes, counts quota set to -1
2023-09-12 21:06:21,246 [OM StateMachine ApplyTransaction Thread - 0] INFO  volume.OMVolumeCreateRequest (OMVolumeCreateRequest.java:validateAndUpdateCache(196)) - created volume:volume05426 for user:user14791
2023-09-12 21:06:21,248 [setup] INFO  rpc.RpcClient (RpcClient.java:createBucket(688)) - Creating Bucket: volume05426/bucket54365, with bucket layout LEGACY, runner as owner, Versioning false, Storage Type set to DISK and Encryption set to false, Replication Type set to server-side default replication type, Namespace Quota set to -1, Space Quota set to -1 
2023-09-12 21:06:21,250 [OM StateMachine ApplyTransaction Thread - 0] INFO  bucket.OMBucketCreateRequest (OMBucketCreateRequest.java:validateAndUpdateCache(270)) - created bucket: bucket54365 of layout LEGACY in volume: volume05426
2023-09-12 21:06:21,288 [setup] INFO  contract.AbstractFSContractTestBase (AbstractFSContractTestBase.java:setup(194)) - Test filesystem = o3fs://bucket54365.volume05426 implemented by OzoneFileSystem{URI=o3fs://bucket54365.volume05426, workingDir=o3fs://bucket54365.volume05426/user/runner, userName=runner, statistics=21507 bytes read, 24110 bytes written, 112 read ops, 0 large read ops, 63 write ops}
2023-09-12 21:06:21,292 [JUnit-testCreatedFileIsImmediatelyVisible[1]] INFO  contract.AbstractFSContractTestBase (AbstractFSContractTestBase.java:describe(278)) - verify that a newly created file exists as soon as open returns
21:06:21.307 [IPC Server handler 6 on default port 15057] ERROR OMAudit - user=runner | ip=127.0.0.1 | op=GET_FILE_STATUS {volume=volume05426, bucket=bucket54365, key=test/testCreatedFileIsImmediatelyVisible, dataSize=0, replicationConfig=null} | ret=FAILURE
org.apache.hadoop.ozone.om.exceptions.OMException: Unable to get file status: volume: volume05426 bucket: bucket54365 key: test/testCreatedFileIsImmediatelyVisible
	at org.apache.hadoop.ozone.om.KeyManagerImpl.getOzoneFileStatus(KeyManagerImpl.java:1195) ~[ozone-manager-1.4.0-SNAPSHOT.jar:?]
	at org.apache.hadoop.ozone.om.KeyManagerImpl.getFileStatus(KeyManagerImpl.java:1113) ~[ozone-manager-1.4.0-SNAPSHOT.jar:?]
	at org.apache.hadoop.ozone.om.OmMetadataReader.getFileStatus(OmMetadataReader.java:262) ~[ozone-manager-1.4.0-SNAPSHOT.jar:?]
	at org.apache.hadoop.ozone.om.OzoneManager.getFileStatus(OzoneManager.java:3530) ~[ozone-manager-1.4.0-SNAPSHOT.jar:?]
	at org.apache.hadoop.ozone.protocolPB.OzoneManagerRequestHandler.getOzoneFileStatus(OzoneManagerRequestHandler.java:971) ~[ozone-manager-1.4.0-SNAPSHOT.jar:?]
	at org.apache.hadoop.ozone.protocolPB.OzoneManagerRequestHandler.handleReadRequest(OzoneManagerRequestHandler.java:250) ~[ozone-manager-1.4.0-SNAPSHOT.jar:?]
	at org.apache.hadoop.ozone.protocolPB.OzoneManagerProtocolServerSideTranslatorPB.submitReadRequestToOM(OzoneManagerProtocolServerSideTranslatorPB.java:225) ~[ozone-manager-1.4.0-SNAPSHOT.jar:?]
	at org.apache.hadoop.ozone.protocolPB.OzoneManagerProtocolServerSideTranslatorPB.processRequest(OzoneManagerProtocolServerSideTranslatorPB.java:179) ~[ozone-manager-1.4.0-SNAPSHOT.jar:?]
	at org.apache.hadoop.hdds.server.OzoneProtocolMessageDispatcher.processRequest(OzoneProtocolMessageDispatcher.java:87) [hdds-server-framework-1.4.0-SNAPSHOT.jar:?]
	at org.apache.hadoop.ozone.protocolPB.OzoneManagerProtocolServerSideTranslatorPB.submitRequest(OzoneManagerProtocolServerSideTranslatorPB.java:148) [ozone-manager-1.4.0-SNAPSHOT.jar:?]
	at org.apache.hadoop.ozone.protocol.proto.OzoneManagerProtocolProtos$OzoneManagerService$2.callBlockingMethod(OzoneManagerProtocolProtos.java) [ozone-interface-client-1.4.0-SNAPSHOT.jar:?]
	at org.apache.hadoop.ipc.ProtobufRpcEngine$Server.processCall(ProtobufRpcEngine.java:484) [hadoop-common-3.3.6.jar:?]
	at org.apache.hadoop.ipc.ProtobufRpcEngine2$Server$ProtoBufRpcInvoker.call(ProtobufRpcEngine2.java:595) [hadoop-common-3.3.6.jar:?]
	at org.apache.hadoop.ipc.ProtobufRpcEngine2$Server$ProtoBufRpcInvoker.call(ProtobufRpcEngine2.java:573) [hadoop-common-3.3.6.jar:?]
	at org.apache.hadoop.ipc.RPC$Server.call(RPC.java:1227) [hadoop-common-3.3.6.jar:?]
	at org.apache.hadoop.ipc.Server$RpcCall.run(Server.java:1094) [hadoop-common-3.3.6.jar:?]
	at org.apache.hadoop.ipc.Server$RpcCall.run(Server.java:1017) [hadoop-common-3.3.6.jar:?]
	at java.security.AccessController.doPrivileged(Native Method) ~[?:1.8.0_382]
	at javax.security.auth.Subject.doAs(Subject.java:422) [?:1.8.0_382]
	at org.apache.hadoop.security.UserGroupInformation.doAs(UserGroupInformation.java:1899) [hadoop-common-3.3.6.jar:?]
	at org.apache.hadoop.ipc.Server$Handler.run(Server.java:3048) [hadoop-common-3.3.6.jar:?]
2023-09-12 21:06:21,307 [JUnit-testCreatedFileIsImmediatelyVisible[1]] INFO  contract.ContractTestUtils (ContractTestUtils.java:skip(537)) - Skipping: This Filesystem delays visibility of newly created files
]]></system-out>
  </testcase>
  <testcase name="testCreatedFileIsVisibleOnFlush" classname="ITestOzoneContractCreate" time="0">
    <skipped type="org.junit.AssumptionViolatedException"><![CDATA[org.junit.AssumptionViolatedException: For object store or some file systems, newly created files are not immediately visible
	at org.apache.hadoop.fs.contract.ContractTestUtils.skip(ContractTestUtils.java:538)
	at org.apache.hadoop.fs.contract.AbstractContractCreateTest.testCreatedFileIsVisibleOnFlush(AbstractContractCreateTest.java:253)
	at sun.reflect.NativeMethodAccessorImpl.invoke0(Native Method)
	at sun.reflect.NativeMethodAccessorImpl.invoke(NativeMethodAccessorImpl.java:62)
	at sun.reflect.DelegatingMethodAccessorImpl.invoke(DelegatingMethodAccessorImpl.java:43)
	at java.lang.reflect.Method.invoke(Method.java:498)
	at org.junit.runners.model.FrameworkMethod$1.runReflectiveCall(FrameworkMethod.java:59)
	at org.junit.internal.runners.model.ReflectiveCallable.run(ReflectiveCallable.java:12)
	at org.junit.runners.model.FrameworkMethod.invokeExplosively(FrameworkMethod.java:56)
	at org.junit.internal.runners.statements.InvokeMethod.evaluate(InvokeMethod.java:17)
	at org.junit.internal.runners.statements.RunBefores.evaluate(RunBefores.java:26)
	at org.junit.internal.runners.statements.RunAfters.evaluate(RunAfters.java:27)
	at org.junit.rules.TestWatcher$1.evaluate(TestWatcher.java:61)
	at org.junit.internal.runners.statements.FailOnTimeout$CallableStatement.call(FailOnTimeout.java:288)
	at org.junit.internal.runners.statements.FailOnTimeout$CallableStatement.call(FailOnTimeout.java:282)
	at java.util.concurrent.FutureTask.run(FutureTask.java:266)
	at java.lang.Thread.run(Thread.java:750)
]]></skipped>
    <system-out><![CDATA[2023-09-12 21:05:59,722 [setup] INFO  rpc.RpcClient (RpcClient.java:createVolume(461)) - Creating Volume: volume54538, with user29273 as owner and space quota set to -1 bytes, counts quota set to -1
2023-09-12 21:05:59,725 [OM StateMachine ApplyTransaction Thread - 0] INFO  volume.OMVolumeCreateRequest (OMVolumeCreateRequest.java:validateAndUpdateCache(196)) - created volume:volume54538 for user:user29273
2023-09-12 21:05:59,728 [setup] INFO  rpc.RpcClient (RpcClient.java:createBucket(688)) - Creating Bucket: volume54538/bucket44036, with bucket layout LEGACY, runner as owner, Versioning false, Storage Type set to DISK and Encryption set to false, Replication Type set to server-side default replication type, Namespace Quota set to -1, Space Quota set to -1 
2023-09-12 21:05:59,731 [OM StateMachine ApplyTransaction Thread - 0] INFO  bucket.OMBucketCreateRequest (OMBucketCreateRequest.java:validateAndUpdateCache(270)) - created bucket: bucket44036 of layout LEGACY in volume: volume54538
2023-09-12 21:05:59,776 [setup] INFO  contract.AbstractFSContractTestBase (AbstractFSContractTestBase.java:setup(194)) - Test filesystem = o3fs://bucket44036.volume54538 implemented by OzoneFileSystem{URI=o3fs://bucket44036.volume54538, workingDir=o3fs://bucket44036.volume54538/user/runner, userName=runner, statistics=2 bytes read, 790 bytes written, 35 read ops, 0 large read ops, 20 write ops}
2023-09-12 21:05:59,784 [JUnit-testCreatedFileIsVisibleOnFlush[0]] INFO  contract.AbstractFSContractTestBase (AbstractFSContractTestBase.java:describe(278)) - verify that a newly created file exists once a flush has taken place
21:05:59.797 [IPC Server handler 1 on default port 15004] ERROR OMAudit - user=runner | ip=127.0.0.1 | op=GET_FILE_STATUS {volume=volume54538, bucket=bucket44036, key=test/testCreatedFileIsVisibleOnFlush, dataSize=0, replicationConfig=null} | ret=FAILURE
org.apache.hadoop.ozone.om.exceptions.OMException: Unable to get file status: volume: volume54538 bucket: bucket44036 key: test/testCreatedFileIsVisibleOnFlush
	at org.apache.hadoop.ozone.om.KeyManagerImpl.getOzoneFileStatus(KeyManagerImpl.java:1195) ~[ozone-manager-1.4.0-SNAPSHOT.jar:?]
	at org.apache.hadoop.ozone.om.KeyManagerImpl.getFileStatus(KeyManagerImpl.java:1113) ~[ozone-manager-1.4.0-SNAPSHOT.jar:?]
	at org.apache.hadoop.ozone.om.OmMetadataReader.getFileStatus(OmMetadataReader.java:262) ~[ozone-manager-1.4.0-SNAPSHOT.jar:?]
	at org.apache.hadoop.ozone.om.OzoneManager.getFileStatus(OzoneManager.java:3530) ~[ozone-manager-1.4.0-SNAPSHOT.jar:?]
	at org.apache.hadoop.ozone.protocolPB.OzoneManagerRequestHandler.getOzoneFileStatus(OzoneManagerRequestHandler.java:971) ~[ozone-manager-1.4.0-SNAPSHOT.jar:?]
	at org.apache.hadoop.ozone.protocolPB.OzoneManagerRequestHandler.handleReadRequest(OzoneManagerRequestHandler.java:250) ~[ozone-manager-1.4.0-SNAPSHOT.jar:?]
	at org.apache.hadoop.ozone.protocolPB.OzoneManagerProtocolServerSideTranslatorPB.submitReadRequestToOM(OzoneManagerProtocolServerSideTranslatorPB.java:225) ~[ozone-manager-1.4.0-SNAPSHOT.jar:?]
	at org.apache.hadoop.ozone.protocolPB.OzoneManagerProtocolServerSideTranslatorPB.processRequest(OzoneManagerProtocolServerSideTranslatorPB.java:179) ~[ozone-manager-1.4.0-SNAPSHOT.jar:?]
	at org.apache.hadoop.hdds.server.OzoneProtocolMessageDispatcher.processRequest(OzoneProtocolMessageDispatcher.java:87) [hdds-server-framework-1.4.0-SNAPSHOT.jar:?]
	at org.apache.hadoop.ozone.protocolPB.OzoneManagerProtocolServerSideTranslatorPB.submitRequest(OzoneManagerProtocolServerSideTranslatorPB.java:148) [ozone-manager-1.4.0-SNAPSHOT.jar:?]
	at org.apache.hadoop.ozone.protocol.proto.OzoneManagerProtocolProtos$OzoneManagerService$2.callBlockingMethod(OzoneManagerProtocolProtos.java) [ozone-interface-client-1.4.0-SNAPSHOT.jar:?]
	at org.apache.hadoop.ipc.ProtobufRpcEngine$Server.processCall(ProtobufRpcEngine.java:484) [hadoop-common-3.3.6.jar:?]
	at org.apache.hadoop.ipc.ProtobufRpcEngine2$Server$ProtoBufRpcInvoker.call(ProtobufRpcEngine2.java:595) [hadoop-common-3.3.6.jar:?]
	at org.apache.hadoop.ipc.ProtobufRpcEngine2$Server$ProtoBufRpcInvoker.call(ProtobufRpcEngine2.java:573) [hadoop-common-3.3.6.jar:?]
	at org.apache.hadoop.ipc.RPC$Server.call(RPC.java:1227) [hadoop-common-3.3.6.jar:?]
	at org.apache.hadoop.ipc.Server$RpcCall.run(Server.java:1094) [hadoop-common-3.3.6.jar:?]
	at org.apache.hadoop.ipc.Server$RpcCall.run(Server.java:1017) [hadoop-common-3.3.6.jar:?]
	at java.security.AccessController.doPrivileged(Native Method) ~[?:1.8.0_382]
	at javax.security.auth.Subject.doAs(Subject.java:422) [?:1.8.0_382]
	at org.apache.hadoop.security.UserGroupInformation.doAs(UserGroupInformation.java:1899) [hadoop-common-3.3.6.jar:?]
	at org.apache.hadoop.ipc.Server$Handler.run(Server.java:3048) [hadoop-common-3.3.6.jar:?]
2023-09-12 21:05:59,798 [JUnit-testCreatedFileIsVisibleOnFlush[0]] INFO  contract.ContractTestUtils (ContractTestUtils.java:skip(537)) - Skipping: For object store or some file systems, newly created files are not immediately visible
]]></system-out>
  </testcase>
  <testcase name="testCreatedFileIsVisibleOnFlush" classname="ITestOzoneContractCreate" time="0">
    <skipped type="org.junit.AssumptionViolatedException"><![CDATA[org.junit.AssumptionViolatedException: For object store or some file systems, newly created files are not immediately visible
	at org.apache.hadoop.fs.contract.ContractTestUtils.skip(ContractTestUtils.java:538)
	at org.apache.hadoop.fs.contract.AbstractContractCreateTest.testCreatedFileIsVisibleOnFlush(AbstractContractCreateTest.java:253)
	at sun.reflect.NativeMethodAccessorImpl.invoke0(Native Method)
	at sun.reflect.NativeMethodAccessorImpl.invoke(NativeMethodAccessorImpl.java:62)
	at sun.reflect.DelegatingMethodAccessorImpl.invoke(DelegatingMethodAccessorImpl.java:43)
	at java.lang.reflect.Method.invoke(Method.java:498)
	at org.junit.runners.model.FrameworkMethod$1.runReflectiveCall(FrameworkMethod.java:59)
	at org.junit.internal.runners.model.ReflectiveCallable.run(ReflectiveCallable.java:12)
	at org.junit.runners.model.FrameworkMethod.invokeExplosively(FrameworkMethod.java:56)
	at org.junit.internal.runners.statements.InvokeMethod.evaluate(InvokeMethod.java:17)
	at org.junit.internal.runners.statements.RunBefores.evaluate(RunBefores.java:26)
	at org.junit.internal.runners.statements.RunAfters.evaluate(RunAfters.java:27)
	at org.junit.rules.TestWatcher$1.evaluate(TestWatcher.java:61)
	at org.junit.internal.runners.statements.FailOnTimeout$CallableStatement.call(FailOnTimeout.java:288)
	at org.junit.internal.runners.statements.FailOnTimeout$CallableStatement.call(FailOnTimeout.java:282)
	at java.util.concurrent.FutureTask.run(FutureTask.java:266)
	at java.lang.Thread.run(Thread.java:750)
]]></skipped>
    <system-out><![CDATA[2023-09-12 21:06:21,337 [setup] INFO  rpc.RpcClient (RpcClient.java:createVolume(461)) - Creating Volume: volume03605, with user30723 as owner and space quota set to -1 bytes, counts quota set to -1
2023-09-12 21:06:21,339 [OM StateMachine ApplyTransaction Thread - 0] INFO  volume.OMVolumeCreateRequest (OMVolumeCreateRequest.java:validateAndUpdateCache(196)) - created volume:volume03605 for user:user30723
2023-09-12 21:06:21,341 [setup] INFO  rpc.RpcClient (RpcClient.java:createBucket(688)) - Creating Bucket: volume03605/bucket26920, with bucket layout LEGACY, runner as owner, Versioning false, Storage Type set to DISK and Encryption set to false, Replication Type set to server-side default replication type, Namespace Quota set to -1, Space Quota set to -1 
2023-09-12 21:06:21,343 [OM StateMachine ApplyTransaction Thread - 0] INFO  bucket.OMBucketCreateRequest (OMBucketCreateRequest.java:validateAndUpdateCache(270)) - created bucket: bucket26920 of layout LEGACY in volume: volume03605
2023-09-12 21:06:21,393 [setup] INFO  contract.AbstractFSContractTestBase (AbstractFSContractTestBase.java:setup(194)) - Test filesystem = o3fs://bucket26920.volume03605 implemented by OzoneFileSystem{URI=o3fs://bucket26920.volume03605, workingDir=o3fs://bucket26920.volume03605/user/runner, userName=runner, statistics=21507 bytes read, 24110 bytes written, 115 read ops, 0 large read ops, 65 write ops}
2023-09-12 21:06:21,397 [JUnit-testCreatedFileIsVisibleOnFlush[1]] INFO  contract.AbstractFSContractTestBase (AbstractFSContractTestBase.java:describe(278)) - verify that a newly created file exists once a flush has taken place
21:06:21.405 [IPC Server handler 2 on default port 15057] ERROR OMAudit - user=runner | ip=127.0.0.1 | op=GET_FILE_STATUS {volume=volume03605, bucket=bucket26920, key=test/testCreatedFileIsVisibleOnFlush, dataSize=0, replicationConfig=null} | ret=FAILURE
org.apache.hadoop.ozone.om.exceptions.OMException: Unable to get file status: volume: volume03605 bucket: bucket26920 key: test/testCreatedFileIsVisibleOnFlush
	at org.apache.hadoop.ozone.om.KeyManagerImpl.getOzoneFileStatus(KeyManagerImpl.java:1195) ~[ozone-manager-1.4.0-SNAPSHOT.jar:?]
	at org.apache.hadoop.ozone.om.KeyManagerImpl.getFileStatus(KeyManagerImpl.java:1113) ~[ozone-manager-1.4.0-SNAPSHOT.jar:?]
	at org.apache.hadoop.ozone.om.OmMetadataReader.getFileStatus(OmMetadataReader.java:262) ~[ozone-manager-1.4.0-SNAPSHOT.jar:?]
	at org.apache.hadoop.ozone.om.OzoneManager.getFileStatus(OzoneManager.java:3530) ~[ozone-manager-1.4.0-SNAPSHOT.jar:?]
	at org.apache.hadoop.ozone.protocolPB.OzoneManagerRequestHandler.getOzoneFileStatus(OzoneManagerRequestHandler.java:971) ~[ozone-manager-1.4.0-SNAPSHOT.jar:?]
	at org.apache.hadoop.ozone.protocolPB.OzoneManagerRequestHandler.handleReadRequest(OzoneManagerRequestHandler.java:250) ~[ozone-manager-1.4.0-SNAPSHOT.jar:?]
	at org.apache.hadoop.ozone.protocolPB.OzoneManagerProtocolServerSideTranslatorPB.submitReadRequestToOM(OzoneManagerProtocolServerSideTranslatorPB.java:225) ~[ozone-manager-1.4.0-SNAPSHOT.jar:?]
	at org.apache.hadoop.ozone.protocolPB.OzoneManagerProtocolServerSideTranslatorPB.processRequest(OzoneManagerProtocolServerSideTranslatorPB.java:179) ~[ozone-manager-1.4.0-SNAPSHOT.jar:?]
	at org.apache.hadoop.hdds.server.OzoneProtocolMessageDispatcher.processRequest(OzoneProtocolMessageDispatcher.java:87) [hdds-server-framework-1.4.0-SNAPSHOT.jar:?]
	at org.apache.hadoop.ozone.protocolPB.OzoneManagerProtocolServerSideTranslatorPB.submitRequest(OzoneManagerProtocolServerSideTranslatorPB.java:148) [ozone-manager-1.4.0-SNAPSHOT.jar:?]
	at org.apache.hadoop.ozone.protocol.proto.OzoneManagerProtocolProtos$OzoneManagerService$2.callBlockingMethod(OzoneManagerProtocolProtos.java) [ozone-interface-client-1.4.0-SNAPSHOT.jar:?]
	at org.apache.hadoop.ipc.ProtobufRpcEngine$Server.processCall(ProtobufRpcEngine.java:484) [hadoop-common-3.3.6.jar:?]
	at org.apache.hadoop.ipc.ProtobufRpcEngine2$Server$ProtoBufRpcInvoker.call(ProtobufRpcEngine2.java:595) [hadoop-common-3.3.6.jar:?]
	at org.apache.hadoop.ipc.ProtobufRpcEngine2$Server$ProtoBufRpcInvoker.call(ProtobufRpcEngine2.java:573) [hadoop-common-3.3.6.jar:?]
	at org.apache.hadoop.ipc.RPC$Server.call(RPC.java:1227) [hadoop-common-3.3.6.jar:?]
	at org.apache.hadoop.ipc.Server$RpcCall.run(Server.java:1094) [hadoop-common-3.3.6.jar:?]
	at org.apache.hadoop.ipc.Server$RpcCall.run(Server.java:1017) [hadoop-common-3.3.6.jar:?]
	at java.security.AccessController.doPrivileged(Native Method) ~[?:1.8.0_382]
	at javax.security.auth.Subject.doAs(Subject.java:422) [?:1.8.0_382]
	at org.apache.hadoop.security.UserGroupInformation.doAs(UserGroupInformation.java:1899) [hadoop-common-3.3.6.jar:?]
	at org.apache.hadoop.ipc.Server$Handler.run(Server.java:3048) [hadoop-common-3.3.6.jar:?]
2023-09-12 21:06:21,406 [JUnit-testCreatedFileIsVisibleOnFlush[1]] INFO  contract.ContractTestUtils (ContractTestUtils.java:skip(537)) - Skipping: For object store or some file systems, newly created files are not immediately visible
]]></system-out>
  </testcase>
  <testcase name="testOverwriteEmptyDirectory" classname="ITestOzoneContractCreate" time="0.127">
    <system-out><![CDATA[2023-09-12 21:05:59,876 [setup] INFO  rpc.RpcClient (RpcClient.java:createVolume(461)) - Creating Volume: volume04465, with user30091 as owner and space quota set to -1 bytes, counts quota set to -1
2023-09-12 21:05:59,879 [OM StateMachine ApplyTransaction Thread - 0] INFO  volume.OMVolumeCreateRequest (OMVolumeCreateRequest.java:validateAndUpdateCache(196)) - created volume:volume04465 for user:user30091
2023-09-12 21:05:59,882 [setup] INFO  rpc.RpcClient (RpcClient.java:createBucket(688)) - Creating Bucket: volume04465/bucket54119, with bucket layout LEGACY, runner as owner, Versioning false, Storage Type set to DISK and Encryption set to false, Replication Type set to server-side default replication type, Namespace Quota set to -1, Space Quota set to -1 
2023-09-12 21:05:59,886 [OM StateMachine ApplyTransaction Thread - 0] INFO  bucket.OMBucketCreateRequest (OMBucketCreateRequest.java:validateAndUpdateCache(270)) - created bucket: bucket54119 of layout LEGACY in volume: volume04465
2023-09-12 21:05:59,936 [setup] INFO  contract.AbstractFSContractTestBase (AbstractFSContractTestBase.java:setup(194)) - Test filesystem = o3fs://bucket54119.volume04465 implemented by OzoneFileSystem{URI=o3fs://bucket54119.volume04465, workingDir=o3fs://bucket54119.volume04465/user/runner, userName=runner, statistics=2 bytes read, 791 bytes written, 38 read ops, 0 large read ops, 22 write ops}
2023-09-12 21:05:59,942 [JUnit-testOverwriteEmptyDirectory[0]] INFO  contract.AbstractFSContractTestBase (AbstractFSContractTestBase.java:describe(278)) - verify trying to create a file over an empty dir fails, use builder API=false
21:05:59.958 [OM StateMachine ApplyTransaction Thread - 0] ERROR OMAudit - user=runner | ip=127.0.0.1 | op=CREATE_FILE {volume=volume04465, bucket=bucket54119, key=test/testOverwriteEmptyDirectory, dataSize=4194304, replicationType=RATIS, replicationFactor=ONE} | ret=FAILURE
org.apache.hadoop.ozone.om.exceptions.OMException: Can not write to directory: test/testOverwriteEmptyDirectory
	at org.apache.hadoop.ozone.om.request.file.OMFileCreateRequest.checkDirectoryResult(OMFileCreateRequest.java:363) ~[ozone-manager-1.4.0-SNAPSHOT.jar:?]
	at org.apache.hadoop.ozone.om.request.file.OMFileCreateRequest.validateAndUpdateCache(OMFileCreateRequest.java:237) ~[ozone-manager-1.4.0-SNAPSHOT.jar:?]
	at org.apache.hadoop.ozone.protocolPB.OzoneManagerRequestHandler.handleWriteRequest(OzoneManagerRequestHandler.java:373) ~[ozone-manager-1.4.0-SNAPSHOT.jar:?]
	at org.apache.hadoop.ozone.om.ratis.OzoneManagerStateMachine.runCommand(OzoneManagerStateMachine.java:568) ~[ozone-manager-1.4.0-SNAPSHOT.jar:?]
	at org.apache.hadoop.ozone.om.ratis.OzoneManagerStateMachine.lambda$1(OzoneManagerStateMachine.java:359) ~[ozone-manager-1.4.0-SNAPSHOT.jar:?]
	at java.util.concurrent.CompletableFuture$AsyncSupply.run(CompletableFuture.java:1604) [?:1.8.0_382]
	at java.util.concurrent.ThreadPoolExecutor.runWorker(ThreadPoolExecutor.java:1149) [?:1.8.0_382]
	at java.util.concurrent.ThreadPoolExecutor$Worker.run(ThreadPoolExecutor.java:624) [?:1.8.0_382]
	at java.lang.Thread.run(Thread.java:750) [?:1.8.0_382]
2023-09-12 21:05:59,959 [OM StateMachine ApplyTransaction Thread - 0] ERROR file.OMFileCreateRequest (OMFileCreateRequest.java:validateAndUpdateCache(336)) - File create failed. Volume:volume04465, Bucket:bucket54119, Keytest/testOverwriteEmptyDirectory.
NOT_A_FILE org.apache.hadoop.ozone.om.exceptions.OMException: Can not write to directory: test/testOverwriteEmptyDirectory
	at org.apache.hadoop.ozone.om.request.file.OMFileCreateRequest.checkDirectoryResult(OMFileCreateRequest.java:363)
	at org.apache.hadoop.ozone.om.request.file.OMFileCreateRequest.validateAndUpdateCache(OMFileCreateRequest.java:237)
	at org.apache.hadoop.ozone.protocolPB.OzoneManagerRequestHandler.handleWriteRequest(OzoneManagerRequestHandler.java:373)
	at org.apache.hadoop.ozone.om.ratis.OzoneManagerStateMachine.runCommand(OzoneManagerStateMachine.java:568)
	at org.apache.hadoop.ozone.om.ratis.OzoneManagerStateMachine.lambda$1(OzoneManagerStateMachine.java:359)
	at java.util.concurrent.CompletableFuture$AsyncSupply.run(CompletableFuture.java:1604)
	at java.util.concurrent.ThreadPoolExecutor.runWorker(ThreadPoolExecutor.java:1149)
	at java.util.concurrent.ThreadPoolExecutor$Worker.run(ThreadPoolExecutor.java:624)
	at java.lang.Thread.run(Thread.java:750)
2023-09-12 21:05:59,962 [JUnit-testOverwriteEmptyDirectory[0]] INFO  contract.AbstractFSContractTestBase (AbstractFSContractTestBase.java:describe(278)) - verify trying to create a file over an empty dir fails, use builder API=true
21:05:59.974 [OM StateMachine ApplyTransaction Thread - 0] ERROR OMAudit - user=runner | ip=127.0.0.1 | op=CREATE_FILE {volume=volume04465, bucket=bucket54119, key=test/testOverwriteEmptyDirectory, dataSize=4194304, replicationType=RATIS, replicationFactor=ONE} | ret=FAILURE
org.apache.hadoop.ozone.om.exceptions.OMException: Can not write to directory: test/testOverwriteEmptyDirectory
	at org.apache.hadoop.ozone.om.request.file.OMFileCreateRequest.checkDirectoryResult(OMFileCreateRequest.java:363) ~[ozone-manager-1.4.0-SNAPSHOT.jar:?]
	at org.apache.hadoop.ozone.om.request.file.OMFileCreateRequest.validateAndUpdateCache(OMFileCreateRequest.java:237) ~[ozone-manager-1.4.0-SNAPSHOT.jar:?]
	at org.apache.hadoop.ozone.protocolPB.OzoneManagerRequestHandler.handleWriteRequest(OzoneManagerRequestHandler.java:373) ~[ozone-manager-1.4.0-SNAPSHOT.jar:?]
	at org.apache.hadoop.ozone.om.ratis.OzoneManagerStateMachine.runCommand(OzoneManagerStateMachine.java:568) ~[ozone-manager-1.4.0-SNAPSHOT.jar:?]
	at org.apache.hadoop.ozone.om.ratis.OzoneManagerStateMachine.lambda$1(OzoneManagerStateMachine.java:359) ~[ozone-manager-1.4.0-SNAPSHOT.jar:?]
	at java.util.concurrent.CompletableFuture$AsyncSupply.run(CompletableFuture.java:1604) [?:1.8.0_382]
	at java.util.concurrent.ThreadPoolExecutor.runWorker(ThreadPoolExecutor.java:1149) [?:1.8.0_382]
	at java.util.concurrent.ThreadPoolExecutor$Worker.run(ThreadPoolExecutor.java:624) [?:1.8.0_382]
	at java.lang.Thread.run(Thread.java:750) [?:1.8.0_382]
2023-09-12 21:05:59,974 [OM StateMachine ApplyTransaction Thread - 0] ERROR file.OMFileCreateRequest (OMFileCreateRequest.java:validateAndUpdateCache(336)) - File create failed. Volume:volume04465, Bucket:bucket54119, Keytest/testOverwriteEmptyDirectory.
NOT_A_FILE org.apache.hadoop.ozone.om.exceptions.OMException: Can not write to directory: test/testOverwriteEmptyDirectory
	at org.apache.hadoop.ozone.om.request.file.OMFileCreateRequest.checkDirectoryResult(OMFileCreateRequest.java:363)
	at org.apache.hadoop.ozone.om.request.file.OMFileCreateRequest.validateAndUpdateCache(OMFileCreateRequest.java:237)
	at org.apache.hadoop.ozone.protocolPB.OzoneManagerRequestHandler.handleWriteRequest(OzoneManagerRequestHandler.java:373)
	at org.apache.hadoop.ozone.om.ratis.OzoneManagerStateMachine.runCommand(OzoneManagerStateMachine.java:568)
	at org.apache.hadoop.ozone.om.ratis.OzoneManagerStateMachine.lambda$1(OzoneManagerStateMachine.java:359)
	at java.util.concurrent.CompletableFuture$AsyncSupply.run(CompletableFuture.java:1604)
	at java.util.concurrent.ThreadPoolExecutor.runWorker(ThreadPoolExecutor.java:1149)
	at java.util.concurrent.ThreadPoolExecutor$Worker.run(ThreadPoolExecutor.java:624)
	at java.lang.Thread.run(Thread.java:750)
]]></system-out>
  </testcase>
  <testcase name="testOverwriteEmptyDirectory" classname="ITestOzoneContractCreate" time="0.098">
    <system-out><![CDATA[2023-09-12 21:06:21,478 [setup] INFO  rpc.RpcClient (RpcClient.java:createVolume(461)) - Creating Volume: volume11426, with user22839 as owner and space quota set to -1 bytes, counts quota set to -1
2023-09-12 21:06:21,480 [OM StateMachine ApplyTransaction Thread - 0] INFO  volume.OMVolumeCreateRequest (OMVolumeCreateRequest.java:validateAndUpdateCache(196)) - created volume:volume11426 for user:user22839
2023-09-12 21:06:21,481 [setup] INFO  rpc.RpcClient (RpcClient.java:createBucket(688)) - Creating Bucket: volume11426/bucket08380, with bucket layout LEGACY, runner as owner, Versioning false, Storage Type set to DISK and Encryption set to false, Replication Type set to server-side default replication type, Namespace Quota set to -1, Space Quota set to -1 
2023-09-12 21:06:21,483 [OM StateMachine ApplyTransaction Thread - 0] INFO  bucket.OMBucketCreateRequest (OMBucketCreateRequest.java:validateAndUpdateCache(270)) - created bucket: bucket08380 of layout LEGACY in volume: volume11426
2023-09-12 21:06:21,531 [setup] INFO  contract.AbstractFSContractTestBase (AbstractFSContractTestBase.java:setup(194)) - Test filesystem = o3fs://bucket08380.volume11426 implemented by OzoneFileSystem{URI=o3fs://bucket08380.volume11426, workingDir=o3fs://bucket08380.volume11426/user/runner, userName=runner, statistics=21507 bytes read, 24111 bytes written, 118 read ops, 0 large read ops, 67 write ops}
2023-09-12 21:06:21,535 [JUnit-testOverwriteEmptyDirectory[1]] INFO  contract.AbstractFSContractTestBase (AbstractFSContractTestBase.java:describe(278)) - verify trying to create a file over an empty dir fails, use builder API=false
21:06:21.545 [OM StateMachine ApplyTransaction Thread - 0] ERROR OMAudit - user=runner | ip=127.0.0.1 | op=CREATE_FILE {volume=volume11426, bucket=bucket08380, key=test/testOverwriteEmptyDirectory, dataSize=4194304, replicationType=RATIS, replicationFactor=ONE} | ret=FAILURE
org.apache.hadoop.ozone.om.exceptions.OMException: Can not write to directory: test/testOverwriteEmptyDirectory
	at org.apache.hadoop.ozone.om.request.file.OMFileCreateRequest.checkDirectoryResult(OMFileCreateRequest.java:363) ~[ozone-manager-1.4.0-SNAPSHOT.jar:?]
	at org.apache.hadoop.ozone.om.request.file.OMFileCreateRequest.validateAndUpdateCache(OMFileCreateRequest.java:237) ~[ozone-manager-1.4.0-SNAPSHOT.jar:?]
	at org.apache.hadoop.ozone.protocolPB.OzoneManagerRequestHandler.handleWriteRequest(OzoneManagerRequestHandler.java:373) ~[ozone-manager-1.4.0-SNAPSHOT.jar:?]
	at org.apache.hadoop.ozone.om.ratis.OzoneManagerStateMachine.runCommand(OzoneManagerStateMachine.java:568) ~[ozone-manager-1.4.0-SNAPSHOT.jar:?]
	at org.apache.hadoop.ozone.om.ratis.OzoneManagerStateMachine.lambda$1(OzoneManagerStateMachine.java:359) ~[ozone-manager-1.4.0-SNAPSHOT.jar:?]
	at java.util.concurrent.CompletableFuture$AsyncSupply.run(CompletableFuture.java:1604) [?:1.8.0_382]
	at java.util.concurrent.ThreadPoolExecutor.runWorker(ThreadPoolExecutor.java:1149) [?:1.8.0_382]
	at java.util.concurrent.ThreadPoolExecutor$Worker.run(ThreadPoolExecutor.java:624) [?:1.8.0_382]
	at java.lang.Thread.run(Thread.java:750) [?:1.8.0_382]
2023-09-12 21:06:21,545 [OM StateMachine ApplyTransaction Thread - 0] ERROR file.OMFileCreateRequest (OMFileCreateRequest.java:validateAndUpdateCache(336)) - File create failed. Volume:volume11426, Bucket:bucket08380, Keytest/testOverwriteEmptyDirectory.
NOT_A_FILE org.apache.hadoop.ozone.om.exceptions.OMException: Can not write to directory: test/testOverwriteEmptyDirectory
	at org.apache.hadoop.ozone.om.request.file.OMFileCreateRequest.checkDirectoryResult(OMFileCreateRequest.java:363)
	at org.apache.hadoop.ozone.om.request.file.OMFileCreateRequest.validateAndUpdateCache(OMFileCreateRequest.java:237)
	at org.apache.hadoop.ozone.protocolPB.OzoneManagerRequestHandler.handleWriteRequest(OzoneManagerRequestHandler.java:373)
	at org.apache.hadoop.ozone.om.ratis.OzoneManagerStateMachine.runCommand(OzoneManagerStateMachine.java:568)
	at org.apache.hadoop.ozone.om.ratis.OzoneManagerStateMachine.lambda$1(OzoneManagerStateMachine.java:359)
	at java.util.concurrent.CompletableFuture$AsyncSupply.run(CompletableFuture.java:1604)
	at java.util.concurrent.ThreadPoolExecutor.runWorker(ThreadPoolExecutor.java:1149)
	at java.util.concurrent.ThreadPoolExecutor$Worker.run(ThreadPoolExecutor.java:624)
	at java.lang.Thread.run(Thread.java:750)
2023-09-12 21:06:21,547 [JUnit-testOverwriteEmptyDirectory[1]] INFO  contract.AbstractFSContractTestBase (AbstractFSContractTestBase.java:describe(278)) - verify trying to create a file over an empty dir fails, use builder API=true
21:06:21.554 [OM StateMachine ApplyTransaction Thread - 0] ERROR OMAudit - user=runner | ip=127.0.0.1 | op=CREATE_FILE {volume=volume11426, bucket=bucket08380, key=test/testOverwriteEmptyDirectory, dataSize=4194304, replicationType=RATIS, replicationFactor=ONE} | ret=FAILURE
org.apache.hadoop.ozone.om.exceptions.OMException: Can not write to directory: test/testOverwriteEmptyDirectory
	at org.apache.hadoop.ozone.om.request.file.OMFileCreateRequest.checkDirectoryResult(OMFileCreateRequest.java:363) ~[ozone-manager-1.4.0-SNAPSHOT.jar:?]
	at org.apache.hadoop.ozone.om.request.file.OMFileCreateRequest.validateAndUpdateCache(OMFileCreateRequest.java:237) ~[ozone-manager-1.4.0-SNAPSHOT.jar:?]
	at org.apache.hadoop.ozone.protocolPB.OzoneManagerRequestHandler.handleWriteRequest(OzoneManagerRequestHandler.java:373) ~[ozone-manager-1.4.0-SNAPSHOT.jar:?]
	at org.apache.hadoop.ozone.om.ratis.OzoneManagerStateMachine.runCommand(OzoneManagerStateMachine.java:568) ~[ozone-manager-1.4.0-SNAPSHOT.jar:?]
	at org.apache.hadoop.ozone.om.ratis.OzoneManagerStateMachine.lambda$1(OzoneManagerStateMachine.java:359) ~[ozone-manager-1.4.0-SNAPSHOT.jar:?]
	at java.util.concurrent.CompletableFuture$AsyncSupply.run(CompletableFuture.java:1604) [?:1.8.0_382]
	at java.util.concurrent.ThreadPoolExecutor.runWorker(ThreadPoolExecutor.java:1149) [?:1.8.0_382]
	at java.util.concurrent.ThreadPoolExecutor$Worker.run(ThreadPoolExecutor.java:624) [?:1.8.0_382]
	at java.lang.Thread.run(Thread.java:750) [?:1.8.0_382]
2023-09-12 21:06:21,555 [OM StateMachine ApplyTransaction Thread - 0] ERROR file.OMFileCreateRequest (OMFileCreateRequest.java:validateAndUpdateCache(336)) - File create failed. Volume:volume11426, Bucket:bucket08380, Keytest/testOverwriteEmptyDirectory.
NOT_A_FILE org.apache.hadoop.ozone.om.exceptions.OMException: Can not write to directory: test/testOverwriteEmptyDirectory
	at org.apache.hadoop.ozone.om.request.file.OMFileCreateRequest.checkDirectoryResult(OMFileCreateRequest.java:363)
	at org.apache.hadoop.ozone.om.request.file.OMFileCreateRequest.validateAndUpdateCache(OMFileCreateRequest.java:237)
	at org.apache.hadoop.ozone.protocolPB.OzoneManagerRequestHandler.handleWriteRequest(OzoneManagerRequestHandler.java:373)
	at org.apache.hadoop.ozone.om.ratis.OzoneManagerStateMachine.runCommand(OzoneManagerStateMachine.java:568)
	at org.apache.hadoop.ozone.om.ratis.OzoneManagerStateMachine.lambda$1(OzoneManagerStateMachine.java:359)
	at java.util.concurrent.CompletableFuture$AsyncSupply.run(CompletableFuture.java:1604)
	at java.util.concurrent.ThreadPoolExecutor.runWorker(ThreadPoolExecutor.java:1149)
	at java.util.concurrent.ThreadPoolExecutor$Worker.run(ThreadPoolExecutor.java:624)
	at java.lang.Thread.run(Thread.java:750)
]]></system-out>
  </testcase>
  <testcase name="testCreateFileOverExistingFileNoOverwrite" classname="ITestOzoneContractCreate" time="0.213">
    <system-out><![CDATA[2023-09-12 21:06:00,007 [setup] INFO  rpc.RpcClient (RpcClient.java:createVolume(461)) - Creating Volume: volume11404, with user31039 as owner and space quota set to -1 bytes, counts quota set to -1
2023-09-12 21:06:00,011 [OM StateMachine ApplyTransaction Thread - 0] INFO  volume.OMVolumeCreateRequest (OMVolumeCreateRequest.java:validateAndUpdateCache(196)) - created volume:volume11404 for user:user31039
2023-09-12 21:06:00,013 [setup] INFO  rpc.RpcClient (RpcClient.java:createBucket(688)) - Creating Bucket: volume11404/bucket44602, with bucket layout LEGACY, runner as owner, Versioning false, Storage Type set to DISK and Encryption set to false, Replication Type set to server-side default replication type, Namespace Quota set to -1, Space Quota set to -1 
2023-09-12 21:06:00,016 [OM StateMachine ApplyTransaction Thread - 0] INFO  bucket.OMBucketCreateRequest (OMBucketCreateRequest.java:validateAndUpdateCache(270)) - created bucket: bucket44602 of layout LEGACY in volume: volume11404
2023-09-12 21:06:00,064 [setup] INFO  contract.AbstractFSContractTestBase (AbstractFSContractTestBase.java:setup(194)) - Test filesystem = o3fs://bucket44602.volume11404 implemented by OzoneFileSystem{URI=o3fs://bucket44602.volume11404, workingDir=o3fs://bucket44602.volume11404/user/runner, userName=runner, statistics=2 bytes read, 791 bytes written, 44 read ops, 0 large read ops, 25 write ops}
2023-09-12 21:06:00,071 [JUnit-testCreateFileOverExistingFileNoOverwrite[0]] INFO  contract.AbstractFSContractTestBase (AbstractFSContractTestBase.java:describe(278)) - Verify overwriting an existing file fails, using builder API=false
21:06:00.128 [OM StateMachine ApplyTransaction Thread - 0] ERROR OMAudit - user=runner | ip=127.0.0.1 | op=CREATE_FILE {volume=volume11404, bucket=bucket44602, key=test/testCreateFileOverExistingFileNoOverwrite-builder, dataSize=4194304, replicationType=RATIS, replicationFactor=ONE} | ret=FAILURE
org.apache.hadoop.ozone.om.exceptions.OMException: File test/testCreateFileOverExistingFileNoOverwrite-builder already exists
	at org.apache.hadoop.ozone.om.request.file.OMFileCreateRequest.checkDirectoryResult(OMFileCreateRequest.java:359) ~[ozone-manager-1.4.0-SNAPSHOT.jar:?]
	at org.apache.hadoop.ozone.om.request.file.OMFileCreateRequest.validateAndUpdateCache(OMFileCreateRequest.java:237) ~[ozone-manager-1.4.0-SNAPSHOT.jar:?]
	at org.apache.hadoop.ozone.protocolPB.OzoneManagerRequestHandler.handleWriteRequest(OzoneManagerRequestHandler.java:373) ~[ozone-manager-1.4.0-SNAPSHOT.jar:?]
	at org.apache.hadoop.ozone.om.ratis.OzoneManagerStateMachine.runCommand(OzoneManagerStateMachine.java:568) ~[ozone-manager-1.4.0-SNAPSHOT.jar:?]
	at org.apache.hadoop.ozone.om.ratis.OzoneManagerStateMachine.lambda$1(OzoneManagerStateMachine.java:359) ~[ozone-manager-1.4.0-SNAPSHOT.jar:?]
	at java.util.concurrent.CompletableFuture$AsyncSupply.run(CompletableFuture.java:1604) [?:1.8.0_382]
	at java.util.concurrent.ThreadPoolExecutor.runWorker(ThreadPoolExecutor.java:1149) [?:1.8.0_382]
	at java.util.concurrent.ThreadPoolExecutor$Worker.run(ThreadPoolExecutor.java:624) [?:1.8.0_382]
	at java.lang.Thread.run(Thread.java:750) [?:1.8.0_382]
2023-09-12 21:06:00,128 [OM StateMachine ApplyTransaction Thread - 0] ERROR file.OMFileCreateRequest (OMFileCreateRequest.java:validateAndUpdateCache(336)) - File create failed. Volume:volume11404, Bucket:bucket44602, Keytest/testCreateFileOverExistingFileNoOverwrite-builder.
FILE_ALREADY_EXISTS org.apache.hadoop.ozone.om.exceptions.OMException: File test/testCreateFileOverExistingFileNoOverwrite-builder already exists
	at org.apache.hadoop.ozone.om.request.file.OMFileCreateRequest.checkDirectoryResult(OMFileCreateRequest.java:359)
	at org.apache.hadoop.ozone.om.request.file.OMFileCreateRequest.validateAndUpdateCache(OMFileCreateRequest.java:237)
	at org.apache.hadoop.ozone.protocolPB.OzoneManagerRequestHandler.handleWriteRequest(OzoneManagerRequestHandler.java:373)
	at org.apache.hadoop.ozone.om.ratis.OzoneManagerStateMachine.runCommand(OzoneManagerStateMachine.java:568)
	at org.apache.hadoop.ozone.om.ratis.OzoneManagerStateMachine.lambda$1(OzoneManagerStateMachine.java:359)
	at java.util.concurrent.CompletableFuture$AsyncSupply.run(CompletableFuture.java:1604)
	at java.util.concurrent.ThreadPoolExecutor.runWorker(ThreadPoolExecutor.java:1149)
	at java.util.concurrent.ThreadPoolExecutor$Worker.run(ThreadPoolExecutor.java:624)
	at java.lang.Thread.run(Thread.java:750)
2023-09-12 21:06:00,129 [JUnit-testCreateFileOverExistingFileNoOverwrite[0]] INFO  contract.AbstractFSContractTestBase (AbstractFSContractTestBase.java:describe(278)) - Verify overwriting an existing file fails, using builder API=true
21:06:00.187 [OM StateMachine ApplyTransaction Thread - 0] ERROR OMAudit - user=runner | ip=127.0.0.1 | op=CREATE_FILE {volume=volume11404, bucket=bucket44602, key=test/testCreateFileOverExistingFileNoOverwrite, dataSize=4194304, replicationType=RATIS, replicationFactor=ONE} | ret=FAILURE
org.apache.hadoop.ozone.om.exceptions.OMException: File test/testCreateFileOverExistingFileNoOverwrite already exists
	at org.apache.hadoop.ozone.om.request.file.OMFileCreateRequest.checkDirectoryResult(OMFileCreateRequest.java:359) ~[ozone-manager-1.4.0-SNAPSHOT.jar:?]
	at org.apache.hadoop.ozone.om.request.file.OMFileCreateRequest.validateAndUpdateCache(OMFileCreateRequest.java:237) ~[ozone-manager-1.4.0-SNAPSHOT.jar:?]
	at org.apache.hadoop.ozone.protocolPB.OzoneManagerRequestHandler.handleWriteRequest(OzoneManagerRequestHandler.java:373) ~[ozone-manager-1.4.0-SNAPSHOT.jar:?]
	at org.apache.hadoop.ozone.om.ratis.OzoneManagerStateMachine.runCommand(OzoneManagerStateMachine.java:568) ~[ozone-manager-1.4.0-SNAPSHOT.jar:?]
	at org.apache.hadoop.ozone.om.ratis.OzoneManagerStateMachine.lambda$1(OzoneManagerStateMachine.java:359) ~[ozone-manager-1.4.0-SNAPSHOT.jar:?]
	at java.util.concurrent.CompletableFuture$AsyncSupply.run(CompletableFuture.java:1604) [?:1.8.0_382]
	at java.util.concurrent.ThreadPoolExecutor.runWorker(ThreadPoolExecutor.java:1149) [?:1.8.0_382]
	at java.util.concurrent.ThreadPoolExecutor$Worker.run(ThreadPoolExecutor.java:624) [?:1.8.0_382]
	at java.lang.Thread.run(Thread.java:750) [?:1.8.0_382]
2023-09-12 21:06:00,188 [OM StateMachine ApplyTransaction Thread - 0] ERROR file.OMFileCreateRequest (OMFileCreateRequest.java:validateAndUpdateCache(336)) - File create failed. Volume:volume11404, Bucket:bucket44602, Keytest/testCreateFileOverExistingFileNoOverwrite.
FILE_ALREADY_EXISTS org.apache.hadoop.ozone.om.exceptions.OMException: File test/testCreateFileOverExistingFileNoOverwrite already exists
	at org.apache.hadoop.ozone.om.request.file.OMFileCreateRequest.checkDirectoryResult(OMFileCreateRequest.java:359)
	at org.apache.hadoop.ozone.om.request.file.OMFileCreateRequest.validateAndUpdateCache(OMFileCreateRequest.java:237)
	at org.apache.hadoop.ozone.protocolPB.OzoneManagerRequestHandler.handleWriteRequest(OzoneManagerRequestHandler.java:373)
	at org.apache.hadoop.ozone.om.ratis.OzoneManagerStateMachine.runCommand(OzoneManagerStateMachine.java:568)
	at org.apache.hadoop.ozone.om.ratis.OzoneManagerStateMachine.lambda$1(OzoneManagerStateMachine.java:359)
	at java.util.concurrent.CompletableFuture$AsyncSupply.run(CompletableFuture.java:1604)
	at java.util.concurrent.ThreadPoolExecutor.runWorker(ThreadPoolExecutor.java:1149)
	at java.util.concurrent.ThreadPoolExecutor$Worker.run(ThreadPoolExecutor.java:624)
	at java.lang.Thread.run(Thread.java:750)
]]></system-out>
  </testcase>
  <testcase name="testCreateFileOverExistingFileNoOverwrite" classname="ITestOzoneContractCreate" time="0.163">
    <system-out><![CDATA[2023-09-12 21:06:21,577 [setup] INFO  rpc.RpcClient (RpcClient.java:createVolume(461)) - Creating Volume: volume95463, with user18078 as owner and space quota set to -1 bytes, counts quota set to -1
2023-09-12 21:06:21,579 [OM StateMachine ApplyTransaction Thread - 0] INFO  volume.OMVolumeCreateRequest (OMVolumeCreateRequest.java:validateAndUpdateCache(196)) - created volume:volume95463 for user:user18078
2023-09-12 21:06:21,581 [setup] INFO  rpc.RpcClient (RpcClient.java:createBucket(688)) - Creating Bucket: volume95463/bucket50481, with bucket layout LEGACY, runner as owner, Versioning false, Storage Type set to DISK and Encryption set to false, Replication Type set to server-side default replication type, Namespace Quota set to -1, Space Quota set to -1 
2023-09-12 21:06:21,583 [OM StateMachine ApplyTransaction Thread - 0] INFO  bucket.OMBucketCreateRequest (OMBucketCreateRequest.java:validateAndUpdateCache(270)) - created bucket: bucket50481 of layout LEGACY in volume: volume95463
2023-09-12 21:06:21,626 [setup] INFO  contract.AbstractFSContractTestBase (AbstractFSContractTestBase.java:setup(194)) - Test filesystem = o3fs://bucket50481.volume95463 implemented by OzoneFileSystem{URI=o3fs://bucket50481.volume95463, workingDir=o3fs://bucket50481.volume95463/user/runner, userName=runner, statistics=21507 bytes read, 24111 bytes written, 124 read ops, 0 large read ops, 70 write ops}
2023-09-12 21:06:21,632 [JUnit-testCreateFileOverExistingFileNoOverwrite[1]] INFO  contract.AbstractFSContractTestBase (AbstractFSContractTestBase.java:describe(278)) - Verify overwriting an existing file fails, using builder API=false
21:06:21.679 [OM StateMachine ApplyTransaction Thread - 0] ERROR OMAudit - user=runner | ip=127.0.0.1 | op=CREATE_FILE {volume=volume95463, bucket=bucket50481, key=test/testCreateFileOverExistingFileNoOverwrite-builder, dataSize=4194304, replicationType=RATIS, replicationFactor=ONE} | ret=FAILURE
org.apache.hadoop.ozone.om.exceptions.OMException: File test/testCreateFileOverExistingFileNoOverwrite-builder already exists
	at org.apache.hadoop.ozone.om.request.file.OMFileCreateRequest.checkDirectoryResult(OMFileCreateRequest.java:359) ~[ozone-manager-1.4.0-SNAPSHOT.jar:?]
	at org.apache.hadoop.ozone.om.request.file.OMFileCreateRequest.validateAndUpdateCache(OMFileCreateRequest.java:237) ~[ozone-manager-1.4.0-SNAPSHOT.jar:?]
	at org.apache.hadoop.ozone.protocolPB.OzoneManagerRequestHandler.handleWriteRequest(OzoneManagerRequestHandler.java:373) ~[ozone-manager-1.4.0-SNAPSHOT.jar:?]
	at org.apache.hadoop.ozone.om.ratis.OzoneManagerStateMachine.runCommand(OzoneManagerStateMachine.java:568) ~[ozone-manager-1.4.0-SNAPSHOT.jar:?]
	at org.apache.hadoop.ozone.om.ratis.OzoneManagerStateMachine.lambda$1(OzoneManagerStateMachine.java:359) ~[ozone-manager-1.4.0-SNAPSHOT.jar:?]
	at java.util.concurrent.CompletableFuture$AsyncSupply.run(CompletableFuture.java:1604) [?:1.8.0_382]
	at java.util.concurrent.ThreadPoolExecutor.runWorker(ThreadPoolExecutor.java:1149) [?:1.8.0_382]
	at java.util.concurrent.ThreadPoolExecutor$Worker.run(ThreadPoolExecutor.java:624) [?:1.8.0_382]
	at java.lang.Thread.run(Thread.java:750) [?:1.8.0_382]
2023-09-12 21:06:21,679 [OM StateMachine ApplyTransaction Thread - 0] ERROR file.OMFileCreateRequest (OMFileCreateRequest.java:validateAndUpdateCache(336)) - File create failed. Volume:volume95463, Bucket:bucket50481, Keytest/testCreateFileOverExistingFileNoOverwrite-builder.
FILE_ALREADY_EXISTS org.apache.hadoop.ozone.om.exceptions.OMException: File test/testCreateFileOverExistingFileNoOverwrite-builder already exists
	at org.apache.hadoop.ozone.om.request.file.OMFileCreateRequest.checkDirectoryResult(OMFileCreateRequest.java:359)
	at org.apache.hadoop.ozone.om.request.file.OMFileCreateRequest.validateAndUpdateCache(OMFileCreateRequest.java:237)
	at org.apache.hadoop.ozone.protocolPB.OzoneManagerRequestHandler.handleWriteRequest(OzoneManagerRequestHandler.java:373)
	at org.apache.hadoop.ozone.om.ratis.OzoneManagerStateMachine.runCommand(OzoneManagerStateMachine.java:568)
	at org.apache.hadoop.ozone.om.ratis.OzoneManagerStateMachine.lambda$1(OzoneManagerStateMachine.java:359)
	at java.util.concurrent.CompletableFuture$AsyncSupply.run(CompletableFuture.java:1604)
	at java.util.concurrent.ThreadPoolExecutor.runWorker(ThreadPoolExecutor.java:1149)
	at java.util.concurrent.ThreadPoolExecutor$Worker.run(ThreadPoolExecutor.java:624)
	at java.lang.Thread.run(Thread.java:750)
2023-09-12 21:06:21,683 [JUnit-testCreateFileOverExistingFileNoOverwrite[1]] INFO  contract.AbstractFSContractTestBase (AbstractFSContractTestBase.java:describe(278)) - Verify overwriting an existing file fails, using builder API=true
21:06:21.718 [OM StateMachine ApplyTransaction Thread - 0] ERROR OMAudit - user=runner | ip=127.0.0.1 | op=CREATE_FILE {volume=volume95463, bucket=bucket50481, key=test/testCreateFileOverExistingFileNoOverwrite, dataSize=4194304, replicationType=RATIS, replicationFactor=ONE} | ret=FAILURE
org.apache.hadoop.ozone.om.exceptions.OMException: File test/testCreateFileOverExistingFileNoOverwrite already exists
	at org.apache.hadoop.ozone.om.request.file.OMFileCreateRequest.checkDirectoryResult(OMFileCreateRequest.java:359) ~[ozone-manager-1.4.0-SNAPSHOT.jar:?]
	at org.apache.hadoop.ozone.om.request.file.OMFileCreateRequest.validateAndUpdateCache(OMFileCreateRequest.java:237) ~[ozone-manager-1.4.0-SNAPSHOT.jar:?]
	at org.apache.hadoop.ozone.protocolPB.OzoneManagerRequestHandler.handleWriteRequest(OzoneManagerRequestHandler.java:373) ~[ozone-manager-1.4.0-SNAPSHOT.jar:?]
	at org.apache.hadoop.ozone.om.ratis.OzoneManagerStateMachine.runCommand(OzoneManagerStateMachine.java:568) ~[ozone-manager-1.4.0-SNAPSHOT.jar:?]
	at org.apache.hadoop.ozone.om.ratis.OzoneManagerStateMachine.lambda$1(OzoneManagerStateMachine.java:359) ~[ozone-manager-1.4.0-SNAPSHOT.jar:?]
	at java.util.concurrent.CompletableFuture$AsyncSupply.run(CompletableFuture.java:1604) [?:1.8.0_382]
	at java.util.concurrent.ThreadPoolExecutor.runWorker(ThreadPoolExecutor.java:1149) [?:1.8.0_382]
	at java.util.concurrent.ThreadPoolExecutor$Worker.run(ThreadPoolExecutor.java:624) [?:1.8.0_382]
	at java.lang.Thread.run(Thread.java:750) [?:1.8.0_382]
2023-09-12 21:06:21,718 [OM StateMachine ApplyTransaction Thread - 0] ERROR file.OMFileCreateRequest (OMFileCreateRequest.java:validateAndUpdateCache(336)) - File create failed. Volume:volume95463, Bucket:bucket50481, Keytest/testCreateFileOverExistingFileNoOverwrite.
FILE_ALREADY_EXISTS org.apache.hadoop.ozone.om.exceptions.OMException: File test/testCreateFileOverExistingFileNoOverwrite already exists
	at org.apache.hadoop.ozone.om.request.file.OMFileCreateRequest.checkDirectoryResult(OMFileCreateRequest.java:359)
	at org.apache.hadoop.ozone.om.request.file.OMFileCreateRequest.validateAndUpdateCache(OMFileCreateRequest.java:237)
	at org.apache.hadoop.ozone.protocolPB.OzoneManagerRequestHandler.handleWriteRequest(OzoneManagerRequestHandler.java:373)
	at org.apache.hadoop.ozone.om.ratis.OzoneManagerStateMachine.runCommand(OzoneManagerStateMachine.java:568)
	at org.apache.hadoop.ozone.om.ratis.OzoneManagerStateMachine.lambda$1(OzoneManagerStateMachine.java:359)
	at java.util.concurrent.CompletableFuture$AsyncSupply.run(CompletableFuture.java:1604)
	at java.util.concurrent.ThreadPoolExecutor.runWorker(ThreadPoolExecutor.java:1149)
	at java.util.concurrent.ThreadPoolExecutor$Worker.run(ThreadPoolExecutor.java:624)
	at java.lang.Thread.run(Thread.java:750)
]]></system-out>
  </testcase>
  <testcase name="testFileStatusBlocksizeNonEmptyFile" classname="ITestOzoneContractCreate" time="0.197">
    <system-out><![CDATA[2023-09-12 21:06:00,217 [setup] INFO  rpc.RpcClient (RpcClient.java:createVolume(461)) - Creating Volume: volume71631, with user95667 as owner and space quota set to -1 bytes, counts quota set to -1
2023-09-12 21:06:00,220 [OM StateMachine ApplyTransaction Thread - 0] INFO  volume.OMVolumeCreateRequest (OMVolumeCreateRequest.java:validateAndUpdateCache(196)) - created volume:volume71631 for user:user95667
2023-09-12 21:06:00,271 [setup] INFO  rpc.RpcClient (RpcClient.java:createBucket(688)) - Creating Bucket: volume71631/bucket51577, with bucket layout LEGACY, runner as owner, Versioning false, Storage Type set to DISK and Encryption set to false, Replication Type set to server-side default replication type, Namespace Quota set to -1, Space Quota set to -1 
2023-09-12 21:06:00,275 [OM StateMachine ApplyTransaction Thread - 0] INFO  bucket.OMBucketCreateRequest (OMBucketCreateRequest.java:validateAndUpdateCache(270)) - created bucket: bucket51577 of layout LEGACY in volume: volume71631
2023-09-12 21:06:00,325 [setup] INFO  contract.AbstractFSContractTestBase (AbstractFSContractTestBase.java:setup(194)) - Test filesystem = o3fs://bucket51577.volume71631 implemented by OzoneFileSystem{URI=o3fs://bucket51577.volume71631, workingDir=o3fs://bucket51577.volume71631/user/runner, userName=runner, statistics=2 bytes read, 1303 bytes written, 48 read ops, 0 large read ops, 30 write ops}
2023-09-12 21:06:00,329 [JUnit-testFileStatusBlocksizeNonEmptyFile[0]] INFO  contract.AbstractFSContractTestBase (AbstractFSContractTestBase.java:describe(278)) - validate the block size of a filesystem and files within it
]]></system-out>
  </testcase>
  <testcase name="testFileStatusBlocksizeNonEmptyFile" classname="ITestOzoneContractCreate" time="0.128">
    <system-out><![CDATA[2023-09-12 21:06:21,746 [setup] INFO  rpc.RpcClient (RpcClient.java:createVolume(461)) - Creating Volume: volume02507, with user60378 as owner and space quota set to -1 bytes, counts quota set to -1
2023-09-12 21:06:21,749 [OM StateMachine ApplyTransaction Thread - 0] INFO  volume.OMVolumeCreateRequest (OMVolumeCreateRequest.java:validateAndUpdateCache(196)) - created volume:volume02507 for user:user60378
2023-09-12 21:06:21,750 [setup] INFO  rpc.RpcClient (RpcClient.java:createBucket(688)) - Creating Bucket: volume02507/bucket89584, with bucket layout LEGACY, runner as owner, Versioning false, Storage Type set to DISK and Encryption set to false, Replication Type set to server-side default replication type, Namespace Quota set to -1, Space Quota set to -1 
2023-09-12 21:06:21,752 [OM StateMachine ApplyTransaction Thread - 0] INFO  bucket.OMBucketCreateRequest (OMBucketCreateRequest.java:validateAndUpdateCache(270)) - created bucket: bucket89584 of layout LEGACY in volume: volume02507
2023-09-12 21:06:21,792 [setup] INFO  contract.AbstractFSContractTestBase (AbstractFSContractTestBase.java:setup(194)) - Test filesystem = o3fs://bucket89584.volume02507 implemented by OzoneFileSystem{URI=o3fs://bucket89584.volume02507, workingDir=o3fs://bucket89584.volume02507/user/runner, userName=runner, statistics=21507 bytes read, 24623 bytes written, 128 read ops, 0 large read ops, 75 write ops}
2023-09-12 21:06:21,796 [JUnit-testFileStatusBlocksizeNonEmptyFile[1]] INFO  contract.AbstractFSContractTestBase (AbstractFSContractTestBase.java:describe(278)) - validate the block size of a filesystem and files within it
]]></system-out>
  </testcase>
  <testcase name="testCreatedFileIsEventuallyVisible" classname="ITestOzoneContractCreate" time="0.134">
    <system-out><![CDATA[2023-09-12 21:06:00,410 [setup] INFO  rpc.RpcClient (RpcClient.java:createVolume(461)) - Creating Volume: volume06357, with user77348 as owner and space quota set to -1 bytes, counts quota set to -1
2023-09-12 21:06:00,415 [OM StateMachine ApplyTransaction Thread - 0] INFO  volume.OMVolumeCreateRequest (OMVolumeCreateRequest.java:validateAndUpdateCache(196)) - created volume:volume06357 for user:user77348
2023-09-12 21:06:00,417 [setup] INFO  rpc.RpcClient (RpcClient.java:createBucket(688)) - Creating Bucket: volume06357/bucket39240, with bucket layout LEGACY, runner as owner, Versioning false, Storage Type set to DISK and Encryption set to false, Replication Type set to server-side default replication type, Namespace Quota set to -1, Space Quota set to -1 
2023-09-12 21:06:00,419 [OM StateMachine ApplyTransaction Thread - 0] INFO  bucket.OMBucketCreateRequest (OMBucketCreateRequest.java:validateAndUpdateCache(270)) - created bucket: bucket39240 of layout LEGACY in volume: volume06357
2023-09-12 21:06:00,472 [setup] INFO  contract.AbstractFSContractTestBase (AbstractFSContractTestBase.java:setup(194)) - Test filesystem = o3fs://bucket39240.volume06357 implemented by OzoneFileSystem{URI=o3fs://bucket39240.volume06357, workingDir=o3fs://bucket39240.volume06357/user/runner, userName=runner, statistics=2 bytes read, 1559 bytes written, 52 read ops, 0 large read ops, 32 write ops}
2023-09-12 21:06:00,477 [JUnit-testCreatedFileIsEventuallyVisible[0]] INFO  contract.AbstractFSContractTestBase (AbstractFSContractTestBase.java:describe(278)) - verify a written to file is visible after the stream is closed
]]></system-out>
  </testcase>
  <testcase name="testCreatedFileIsEventuallyVisible" classname="ITestOzoneContractCreate" time="0.104">
    <system-out><![CDATA[2023-09-12 21:06:21,868 [setup] INFO  rpc.RpcClient (RpcClient.java:createVolume(461)) - Creating Volume: volume78634, with user88899 as owner and space quota set to -1 bytes, counts quota set to -1
2023-09-12 21:06:21,871 [OM StateMachine ApplyTransaction Thread - 0] INFO  volume.OMVolumeCreateRequest (OMVolumeCreateRequest.java:validateAndUpdateCache(196)) - created volume:volume78634 for user:user88899
2023-09-12 21:06:21,872 [setup] INFO  rpc.RpcClient (RpcClient.java:createBucket(688)) - Creating Bucket: volume78634/bucket45907, with bucket layout LEGACY, runner as owner, Versioning false, Storage Type set to DISK and Encryption set to false, Replication Type set to server-side default replication type, Namespace Quota set to -1, Space Quota set to -1 
2023-09-12 21:06:21,874 [OM StateMachine ApplyTransaction Thread - 0] INFO  bucket.OMBucketCreateRequest (OMBucketCreateRequest.java:validateAndUpdateCache(270)) - created bucket: bucket45907 of layout LEGACY in volume: volume78634
2023-09-12 21:06:21,911 [setup] INFO  contract.AbstractFSContractTestBase (AbstractFSContractTestBase.java:setup(194)) - Test filesystem = o3fs://bucket45907.volume78634 implemented by OzoneFileSystem{URI=o3fs://bucket45907.volume78634, workingDir=o3fs://bucket45907.volume78634/user/runner, userName=runner, statistics=21507 bytes read, 24879 bytes written, 132 read ops, 0 large read ops, 77 write ops}
2023-09-12 21:06:21,914 [JUnit-testCreatedFileIsEventuallyVisible[1]] INFO  contract.AbstractFSContractTestBase (AbstractFSContractTestBase.java:describe(278)) - verify a written to file is visible after the stream is closed
]]></system-out>
  </testcase>
  <testcase name="testOverwriteExistingFile" classname="ITestOzoneContractCreate" time="0.346">
    <system-out><![CDATA[2023-09-12 21:06:00,544 [setup] INFO  rpc.RpcClient (RpcClient.java:createVolume(461)) - Creating Volume: volume40718, with user45737 as owner and space quota set to -1 bytes, counts quota set to -1
2023-09-12 21:06:00,550 [OM StateMachine ApplyTransaction Thread - 0] INFO  volume.OMVolumeCreateRequest (OMVolumeCreateRequest.java:validateAndUpdateCache(196)) - created volume:volume40718 for user:user45737
2023-09-12 21:06:00,553 [setup] INFO  rpc.RpcClient (RpcClient.java:createBucket(688)) - Creating Bucket: volume40718/bucket96206, with bucket layout LEGACY, runner as owner, Versioning false, Storage Type set to DISK and Encryption set to false, Replication Type set to server-side default replication type, Namespace Quota set to -1, Space Quota set to -1 
2023-09-12 21:06:00,555 [OM StateMachine ApplyTransaction Thread - 0] INFO  bucket.OMBucketCreateRequest (OMBucketCreateRequest.java:validateAndUpdateCache(270)) - created bucket: bucket96206 of layout LEGACY in volume: volume40718
2023-09-12 21:06:00,608 [setup] INFO  contract.AbstractFSContractTestBase (AbstractFSContractTestBase.java:setup(194)) - Test filesystem = o3fs://bucket96206.volume40718 implemented by OzoneFileSystem{URI=o3fs://bucket96206.volume40718, workingDir=o3fs://bucket96206.volume40718/user/runner, userName=runner, statistics=2 bytes read, 1560 bytes written, 55 read ops, 0 large read ops, 34 write ops}
2023-09-12 21:06:00,613 [JUnit-testOverwriteExistingFile[0]] INFO  contract.AbstractFSContractTestBase (AbstractFSContractTestBase.java:describe(278)) - Overwrite an existing file and verify the new data is there, use builder API=false
2023-09-12 21:06:00,663 [IPC Server handler 6 on default port 15001] WARN  node.SCMNodeManager (SCMNodeManager.java:getNodesByAddress(1373)) - Cannot find node for address 127.0.0.1
2023-09-12 21:06:00,723 [IPC Server handler 0 on default port 15001] WARN  node.SCMNodeManager (SCMNodeManager.java:getNodesByAddress(1373)) - Cannot find node for address 127.0.0.1
2023-09-12 21:06:00,739 [JUnit-testOverwriteExistingFile[0]] INFO  contract.AbstractFSContractTestBase (AbstractFSContractTestBase.java:describe(278)) - Overwrite an existing file and verify the new data is there, use builder API=true
2023-09-12 21:06:00,798 [IPC Server handler 3 on default port 15001] WARN  node.SCMNodeManager (SCMNodeManager.java:getNodesByAddress(1373)) - Cannot find node for address 127.0.0.1
2023-09-12 21:06:00,854 [IPC Server handler 2 on default port 15001] WARN  node.SCMNodeManager (SCMNodeManager.java:getNodesByAddress(1373)) - Cannot find node for address 127.0.0.1
]]></system-out>
  </testcase>
  <testcase name="testOverwriteExistingFile" classname="ITestOzoneContractCreate" time="0.301">
    <system-out><![CDATA[2023-09-12 21:06:21,976 [setup] INFO  rpc.RpcClient (RpcClient.java:createVolume(461)) - Creating Volume: volume15325, with user72433 as owner and space quota set to -1 bytes, counts quota set to -1
2023-09-12 21:06:21,980 [OM StateMachine ApplyTransaction Thread - 0] INFO  volume.OMVolumeCreateRequest (OMVolumeCreateRequest.java:validateAndUpdateCache(196)) - created volume:volume15325 for user:user72433
2023-09-12 21:06:21,984 [setup] INFO  rpc.RpcClient (RpcClient.java:createBucket(688)) - Creating Bucket: volume15325/bucket07306, with bucket layout LEGACY, runner as owner, Versioning false, Storage Type set to DISK and Encryption set to false, Replication Type set to server-side default replication type, Namespace Quota set to -1, Space Quota set to -1 
2023-09-12 21:06:21,986 [OM StateMachine ApplyTransaction Thread - 0] INFO  bucket.OMBucketCreateRequest (OMBucketCreateRequest.java:validateAndUpdateCache(270)) - created bucket: bucket07306 of layout LEGACY in volume: volume15325
2023-09-12 21:06:22,037 [setup] INFO  contract.AbstractFSContractTestBase (AbstractFSContractTestBase.java:setup(194)) - Test filesystem = o3fs://bucket07306.volume15325 implemented by OzoneFileSystem{URI=o3fs://bucket07306.volume15325, workingDir=o3fs://bucket07306.volume15325/user/runner, userName=runner, statistics=21507 bytes read, 24880 bytes written, 135 read ops, 0 large read ops, 79 write ops}
2023-09-12 21:06:22,041 [JUnit-testOverwriteExistingFile[1]] INFO  contract.AbstractFSContractTestBase (AbstractFSContractTestBase.java:describe(278)) - Overwrite an existing file and verify the new data is there, use builder API=false
2023-09-12 21:06:22,087 [IPC Server handler 7 on default port 15054] WARN  node.SCMNodeManager (SCMNodeManager.java:getNodesByAddress(1373)) - Cannot find node for address 127.0.0.1
2023-09-12 21:06:22,148 [IPC Server handler 10 on default port 15054] WARN  node.SCMNodeManager (SCMNodeManager.java:getNodesByAddress(1373)) - Cannot find node for address 127.0.0.1
2023-09-12 21:06:22,162 [JUnit-testOverwriteExistingFile[1]] INFO  contract.AbstractFSContractTestBase (AbstractFSContractTestBase.java:describe(278)) - Overwrite an existing file and verify the new data is there, use builder API=true
2023-09-12 21:06:22,194 [IPC Server handler 13 on default port 15054] WARN  node.SCMNodeManager (SCMNodeManager.java:getNodesByAddress(1373)) - Cannot find node for address 127.0.0.1
2023-09-12 21:06:22,234 [IPC Server handler 12 on default port 15054] WARN  node.SCMNodeManager (SCMNodeManager.java:getNodesByAddress(1373)) - Cannot find node for address 127.0.0.1
]]></system-out>
  </testcase>
  <testcase name="testCreateNewFile" classname="ITestOzoneContractCreate" time="0.247">
    <system-out><![CDATA[2023-09-12 21:06:00,896 [setup] INFO  rpc.RpcClient (RpcClient.java:createVolume(461)) - Creating Volume: volume60774, with user22435 as owner and space quota set to -1 bytes, counts quota set to -1
2023-09-12 21:06:00,901 [OM StateMachine ApplyTransaction Thread - 0] INFO  volume.OMVolumeCreateRequest (OMVolumeCreateRequest.java:validateAndUpdateCache(196)) - created volume:volume60774 for user:user22435
2023-09-12 21:06:00,904 [setup] INFO  rpc.RpcClient (RpcClient.java:createBucket(688)) - Creating Bucket: volume60774/bucket44889, with bucket layout LEGACY, runner as owner, Versioning false, Storage Type set to DISK and Encryption set to false, Replication Type set to server-side default replication type, Namespace Quota set to -1, Space Quota set to -1 
2023-09-12 21:06:00,907 [OM StateMachine ApplyTransaction Thread - 0] INFO  bucket.OMBucketCreateRequest (OMBucketCreateRequest.java:validateAndUpdateCache(270)) - created bucket: bucket44889 of layout LEGACY in volume: volume60774
2023-09-12 21:06:00,961 [setup] INFO  contract.AbstractFSContractTestBase (AbstractFSContractTestBase.java:setup(194)) - Test filesystem = o3fs://bucket44889.volume60774 implemented by OzoneFileSystem{URI=o3fs://bucket44889.volume60774, workingDir=o3fs://bucket44889.volume60774/user/runner, userName=runner, statistics=20994 bytes read, 22552 bytes written, 69 read ops, 0 large read ops, 39 write ops}
2023-09-12 21:06:00,967 [JUnit-testCreateNewFile[0]] INFO  contract.AbstractFSContractTestBase (AbstractFSContractTestBase.java:describe(278)) - Foundational 'create a file' test, using builder API=true
2023-09-12 21:06:01,022 [IPC Server handler 13 on default port 15001] WARN  node.SCMNodeManager (SCMNodeManager.java:getNodesByAddress(1373)) - Cannot find node for address 127.0.0.1
2023-09-12 21:06:01,045 [JUnit-testCreateNewFile[0]] INFO  contract.AbstractFSContractTestBase (AbstractFSContractTestBase.java:describe(278)) - Foundational 'create a file' test, using builder API=false
2023-09-12 21:06:01,094 [IPC Server handler 18 on default port 15001] WARN  node.SCMNodeManager (SCMNodeManager.java:getNodesByAddress(1373)) - Cannot find node for address 127.0.0.1
]]></system-out>
  </testcase>
  <testcase name="testCreateNewFile" classname="ITestOzoneContractCreate" time="0.193">
    <system-out><![CDATA[2023-09-12 21:06:22,291 [setup] INFO  rpc.RpcClient (RpcClient.java:createVolume(461)) - Creating Volume: volume78644, with user63864 as owner and space quota set to -1 bytes, counts quota set to -1
2023-09-12 21:06:22,294 [OM StateMachine ApplyTransaction Thread - 0] INFO  volume.OMVolumeCreateRequest (OMVolumeCreateRequest.java:validateAndUpdateCache(196)) - created volume:volume78644 for user:user63864
2023-09-12 21:06:22,296 [setup] INFO  rpc.RpcClient (RpcClient.java:createBucket(688)) - Creating Bucket: volume78644/bucket69135, with bucket layout LEGACY, runner as owner, Versioning false, Storage Type set to DISK and Encryption set to false, Replication Type set to server-side default replication type, Namespace Quota set to -1, Space Quota set to -1 
2023-09-12 21:06:22,298 [OM StateMachine ApplyTransaction Thread - 0] INFO  bucket.OMBucketCreateRequest (OMBucketCreateRequest.java:validateAndUpdateCache(270)) - created bucket: bucket69135 of layout LEGACY in volume: volume78644
2023-09-12 21:06:22,337 [setup] INFO  contract.AbstractFSContractTestBase (AbstractFSContractTestBase.java:setup(194)) - Test filesystem = o3fs://bucket69135.volume78644 implemented by OzoneFileSystem{URI=o3fs://bucket69135.volume78644, workingDir=o3fs://bucket69135.volume78644/user/runner, userName=runner, statistics=42499 bytes read, 45872 bytes written, 149 read ops, 0 large read ops, 84 write ops}
2023-09-12 21:06:22,342 [JUnit-testCreateNewFile[1]] INFO  contract.AbstractFSContractTestBase (AbstractFSContractTestBase.java:describe(278)) - Foundational 'create a file' test, using builder API=true
2023-09-12 21:06:22,381 [IPC Server handler 17 on default port 15054] WARN  node.SCMNodeManager (SCMNodeManager.java:getNodesByAddress(1373)) - Cannot find node for address 127.0.0.1
2023-09-12 21:06:22,391 [JUnit-testCreateNewFile[1]] INFO  contract.AbstractFSContractTestBase (AbstractFSContractTestBase.java:describe(278)) - Foundational 'create a file' test, using builder API=false
2023-09-12 21:06:22,437 [IPC Server handler 18 on default port 15054] WARN  node.SCMNodeManager (SCMNodeManager.java:getNodesByAddress(1373)) - Cannot find node for address 127.0.0.1
]]></system-out>
  </testcase>
  <testcase name="testCreateUnderFileSubdir" classname="ITestOzoneContractCreate" time="0.15">
    <system-out><![CDATA[2023-09-12 21:06:01,144 [setup] INFO  rpc.RpcClient (RpcClient.java:createVolume(461)) - Creating Volume: volume30364, with user08172 as owner and space quota set to -1 bytes, counts quota set to -1
2023-09-12 21:06:01,148 [OM StateMachine ApplyTransaction Thread - 0] INFO  volume.OMVolumeCreateRequest (OMVolumeCreateRequest.java:validateAndUpdateCache(196)) - created volume:volume30364 for user:user08172
2023-09-12 21:06:01,150 [setup] INFO  rpc.RpcClient (RpcClient.java:createBucket(688)) - Creating Bucket: volume30364/bucket22048, with bucket layout LEGACY, runner as owner, Versioning false, Storage Type set to DISK and Encryption set to false, Replication Type set to server-side default replication type, Namespace Quota set to -1, Space Quota set to -1 
2023-09-12 21:06:01,155 [OM StateMachine ApplyTransaction Thread - 0] INFO  bucket.OMBucketCreateRequest (OMBucketCreateRequest.java:validateAndUpdateCache(270)) - created bucket: bucket22048 of layout LEGACY in volume: volume30364
2023-09-12 21:06:01,215 [setup] INFO  contract.AbstractFSContractTestBase (AbstractFSContractTestBase.java:setup(194)) - Test filesystem = o3fs://bucket22048.volume30364 implemented by OzoneFileSystem{URI=o3fs://bucket22048.volume30364, workingDir=o3fs://bucket22048.volume30364/user/runner, userName=runner, statistics=21506 bytes read, 23064 bytes written, 77 read ops, 0 large read ops, 42 write ops}
2023-09-12 21:06:01,220 [JUnit-testCreateUnderFileSubdir[0]] INFO  contract.AbstractFSContractTestBase (AbstractFSContractTestBase.java:describe(278)) - Verify that it is forbidden to create file/dir/file
21:06:01.265 [OM StateMachine ApplyTransaction Thread - 0] ERROR OMAudit - user=runner | ip=127.0.0.1 | op=CREATE_FILE {volume=volume30364, bucket=bucket22048, key=test/testCreateUnderFileSubdir[0]/parent/child, dataSize=4194304, replicationType=RATIS, replicationFactor=ONE} | ret=FAILURE
org.apache.hadoop.ozone.om.exceptions.OMException: Can not create file: test/testCreateUnderFileSubdir[0]/parent/child as there is already file in the given path
	at org.apache.hadoop.ozone.om.request.file.OMFileCreateRequest.checkDirectoryResult(OMFileCreateRequest.java:366) ~[ozone-manager-1.4.0-SNAPSHOT.jar:?]
	at org.apache.hadoop.ozone.om.request.file.OMFileCreateRequest.validateAndUpdateCache(OMFileCreateRequest.java:237) ~[ozone-manager-1.4.0-SNAPSHOT.jar:?]
	at org.apache.hadoop.ozone.protocolPB.OzoneManagerRequestHandler.handleWriteRequest(OzoneManagerRequestHandler.java:373) ~[ozone-manager-1.4.0-SNAPSHOT.jar:?]
	at org.apache.hadoop.ozone.om.ratis.OzoneManagerStateMachine.runCommand(OzoneManagerStateMachine.java:568) ~[ozone-manager-1.4.0-SNAPSHOT.jar:?]
	at org.apache.hadoop.ozone.om.ratis.OzoneManagerStateMachine.lambda$1(OzoneManagerStateMachine.java:359) ~[ozone-manager-1.4.0-SNAPSHOT.jar:?]
	at java.util.concurrent.CompletableFuture$AsyncSupply.run(CompletableFuture.java:1604) [?:1.8.0_382]
	at java.util.concurrent.ThreadPoolExecutor.runWorker(ThreadPoolExecutor.java:1149) [?:1.8.0_382]
	at java.util.concurrent.ThreadPoolExecutor$Worker.run(ThreadPoolExecutor.java:624) [?:1.8.0_382]
	at java.lang.Thread.run(Thread.java:750) [?:1.8.0_382]
2023-09-12 21:06:01,265 [OM StateMachine ApplyTransaction Thread - 0] ERROR file.OMFileCreateRequest (OMFileCreateRequest.java:validateAndUpdateCache(336)) - File create failed. Volume:volume30364, Bucket:bucket22048, Keytest/testCreateUnderFileSubdir[0]/parent/child.
NOT_A_FILE org.apache.hadoop.ozone.om.exceptions.OMException: Can not create file: test/testCreateUnderFileSubdir[0]/parent/child as there is already file in the given path
	at org.apache.hadoop.ozone.om.request.file.OMFileCreateRequest.checkDirectoryResult(OMFileCreateRequest.java:366)
	at org.apache.hadoop.ozone.om.request.file.OMFileCreateRequest.validateAndUpdateCache(OMFileCreateRequest.java:237)
	at org.apache.hadoop.ozone.protocolPB.OzoneManagerRequestHandler.handleWriteRequest(OzoneManagerRequestHandler.java:373)
	at org.apache.hadoop.ozone.om.ratis.OzoneManagerStateMachine.runCommand(OzoneManagerStateMachine.java:568)
	at org.apache.hadoop.ozone.om.ratis.OzoneManagerStateMachine.lambda$1(OzoneManagerStateMachine.java:359)
	at java.util.concurrent.CompletableFuture$AsyncSupply.run(CompletableFuture.java:1604)
	at java.util.concurrent.ThreadPoolExecutor.runWorker(ThreadPoolExecutor.java:1149)
	at java.util.concurrent.ThreadPoolExecutor$Worker.run(ThreadPoolExecutor.java:624)
	at java.lang.Thread.run(Thread.java:750)
]]></system-out>
  </testcase>
  <testcase name="testCreateUnderFileSubdir" classname="ITestOzoneContractCreate" time="0.111">
    <system-out><![CDATA[2023-09-12 21:06:22,473 [setup] INFO  rpc.RpcClient (RpcClient.java:createVolume(461)) - Creating Volume: volume39204, with user28518 as owner and space quota set to -1 bytes, counts quota set to -1
2023-09-12 21:06:22,475 [OM StateMachine ApplyTransaction Thread - 0] INFO  volume.OMVolumeCreateRequest (OMVolumeCreateRequest.java:validateAndUpdateCache(196)) - created volume:volume39204 for user:user28518
2023-09-12 21:06:22,477 [setup] INFO  rpc.RpcClient (RpcClient.java:createBucket(688)) - Creating Bucket: volume39204/bucket39771, with bucket layout LEGACY, runner as owner, Versioning false, Storage Type set to DISK and Encryption set to false, Replication Type set to server-side default replication type, Namespace Quota set to -1, Space Quota set to -1 
2023-09-12 21:06:22,478 [OM StateMachine ApplyTransaction Thread - 0] INFO  bucket.OMBucketCreateRequest (OMBucketCreateRequest.java:validateAndUpdateCache(270)) - created bucket: bucket39771 of layout LEGACY in volume: volume39204
2023-09-12 21:06:22,515 [setup] INFO  contract.AbstractFSContractTestBase (AbstractFSContractTestBase.java:setup(194)) - Test filesystem = o3fs://bucket39771.volume39204 implemented by OzoneFileSystem{URI=o3fs://bucket39771.volume39204, workingDir=o3fs://bucket39771.volume39204/user/runner, userName=runner, statistics=43011 bytes read, 46384 bytes written, 157 read ops, 0 large read ops, 87 write ops}
2023-09-12 21:06:22,518 [JUnit-testCreateUnderFileSubdir[1]] INFO  contract.AbstractFSContractTestBase (AbstractFSContractTestBase.java:describe(278)) - Verify that it is forbidden to create file/dir/file
21:06:22.559 [OM StateMachine ApplyTransaction Thread - 0] ERROR OMAudit - user=runner | ip=127.0.0.1 | op=CREATE_FILE {volume=volume39204, bucket=bucket39771, key=test/testCreateUnderFileSubdir[1]/parent/child, dataSize=4194304, replicationType=RATIS, replicationFactor=ONE} | ret=FAILURE
org.apache.hadoop.ozone.om.exceptions.OMException: Can not create file: test/testCreateUnderFileSubdir[1]/parent/child as there is already file in the given path
	at org.apache.hadoop.ozone.om.request.file.OMFileCreateRequest.checkDirectoryResult(OMFileCreateRequest.java:366) ~[ozone-manager-1.4.0-SNAPSHOT.jar:?]
	at org.apache.hadoop.ozone.om.request.file.OMFileCreateRequest.validateAndUpdateCache(OMFileCreateRequest.java:237) ~[ozone-manager-1.4.0-SNAPSHOT.jar:?]
	at org.apache.hadoop.ozone.protocolPB.OzoneManagerRequestHandler.handleWriteRequest(OzoneManagerRequestHandler.java:373) ~[ozone-manager-1.4.0-SNAPSHOT.jar:?]
	at org.apache.hadoop.ozone.om.ratis.OzoneManagerStateMachine.runCommand(OzoneManagerStateMachine.java:568) ~[ozone-manager-1.4.0-SNAPSHOT.jar:?]
	at org.apache.hadoop.ozone.om.ratis.OzoneManagerStateMachine.lambda$1(OzoneManagerStateMachine.java:359) ~[ozone-manager-1.4.0-SNAPSHOT.jar:?]
	at java.util.concurrent.CompletableFuture$AsyncSupply.run(CompletableFuture.java:1604) [?:1.8.0_382]
	at java.util.concurrent.ThreadPoolExecutor.runWorker(ThreadPoolExecutor.java:1149) [?:1.8.0_382]
	at java.util.concurrent.ThreadPoolExecutor$Worker.run(ThreadPoolExecutor.java:624) [?:1.8.0_382]
	at java.lang.Thread.run(Thread.java:750) [?:1.8.0_382]
2023-09-12 21:06:22,559 [OM StateMachine ApplyTransaction Thread - 0] ERROR file.OMFileCreateRequest (OMFileCreateRequest.java:validateAndUpdateCache(336)) - File create failed. Volume:volume39204, Bucket:bucket39771, Keytest/testCreateUnderFileSubdir[1]/parent/child.
NOT_A_FILE org.apache.hadoop.ozone.om.exceptions.OMException: Can not create file: test/testCreateUnderFileSubdir[1]/parent/child as there is already file in the given path
	at org.apache.hadoop.ozone.om.request.file.OMFileCreateRequest.checkDirectoryResult(OMFileCreateRequest.java:366)
	at org.apache.hadoop.ozone.om.request.file.OMFileCreateRequest.validateAndUpdateCache(OMFileCreateRequest.java:237)
	at org.apache.hadoop.ozone.protocolPB.OzoneManagerRequestHandler.handleWriteRequest(OzoneManagerRequestHandler.java:373)
	at org.apache.hadoop.ozone.om.ratis.OzoneManagerStateMachine.runCommand(OzoneManagerStateMachine.java:568)
	at org.apache.hadoop.ozone.om.ratis.OzoneManagerStateMachine.lambda$1(OzoneManagerStateMachine.java:359)
	at java.util.concurrent.CompletableFuture$AsyncSupply.run(CompletableFuture.java:1604)
	at java.util.concurrent.ThreadPoolExecutor.runWorker(ThreadPoolExecutor.java:1149)
	at java.util.concurrent.ThreadPoolExecutor$Worker.run(ThreadPoolExecutor.java:624)
	at java.lang.Thread.run(Thread.java:750)
]]></system-out>
  </testcase>
</testsuite>