<?xml version="1.0" encoding="UTF-8"?>
<testsuite xmlns:xsi="http://www.w3.org/2001/XMLSchema-instance" xsi:noNamespaceSchemaLocation="https://maven.apache.org/surefire/maven-surefire-plugin/xsd/surefire-test-report.xsd" name="org.apache.hadoop.ozone.scm.node.TestDecommissionAndMaintenance" time="471.277" tests="11" errors="0" skipped="0" failures="2">
  <properties>
    <property name="awt.toolkit" value="sun.awt.X11.XToolkit"/>
    <property name="file.encoding.pkg" value="sun.io"/>
    <property name="java.specification.version" value="1.8"/>
    <property name="sun.cpu.isalist" value=""/>
    <property name="sun.jnu.encoding" value="ANSI_X3.4-1968"/>
    <property name="java.class.path" value="/github/workspace/mnt/ozone/hadoop-ozone/integration-test/target/test-classes:/github/workspace/mnt/ozone/hadoop-ozone/integration-test/target/classes:/home/user/.m2/repository/org/apache/hadoop/hadoop-ozone-common/1.1.0-SNAPSHOT/hadoop-ozone-common-1.1.0-SNAPSHOT.jar:/home/user/.m2/repository/org/apache/commons/commons-compress/1.4.1/commons-compress-1.4.1.jar:/home/user/.m2/repository/org/tukaani/xz/1.0/xz-1.0.jar:/home/user/.m2/repository/org/apache/hadoop/hadoop-hdds-common/1.1.0-SNAPSHOT/hadoop-hdds-common-1.1.0-SNAPSHOT.jar:/home/user/.m2/repository/org/apache/hadoop/hadoop-hdds-client/1.1.0-SNAPSHOT/hadoop-hdds-client-1.1.0-SNAPSHOT.jar:/home/user/.m2/repository/org/apache/hadoop/hadoop-ozone-interface-client/1.1.0-SNAPSHOT/hadoop-ozone-interface-client-1.1.0-SNAPSHOT.jar:/home/user/.m2/repository/org/apache/hadoop/hadoop-hdds-test-utils/1.1.0-SNAPSHOT/hadoop-hdds-test-utils-1.1.0-SNAPSHOT.jar:/home/user/.m2/repository/com/google/guava/guava/28.2-jre/guava-28.2-jre.jar:/home/user/.m2/repository/com/google/guava/failureaccess/1.0.1/failureaccess-1.0.1.jar:/home/user/.m2/repository/com/google/guava/listenablefuture/9999.0-empty-to-avoid-conflict-with-guava/listenablefuture-9999.0-empty-to-avoid-conflict-with-guava.jar:/home/user/.m2/repository/com/google/code/findbugs/jsr305/3.0.0/jsr305-3.0.0.jar:/home/user/.m2/repository/org/checkerframework/checker-qual/2.10.0/checker-qual-2.10.0.jar:/home/user/.m2/repository/com/google/errorprone/error_prone_annotations/2.2.0/error_prone_annotations-2.2.0.jar:/home/user/.m2/repository/com/google/j2objc/j2objc-annotations/1.3/j2objc-annotations-1.3.jar:/home/user/.m2/repository/commons-io/commons-io/2.5/commons-io-2.5.jar:/home/user/.m2/repository/commons-logging/commons-logging/1.2/commons-logging-1.2.jar:/home/user/.m2/repository/log4j/log4j/1.2.17/log4j-1.2.17.jar:/home/user/.m2/repository/org/slf4j/slf4j-api/1.7.30/slf4j-api-1.7.30.jar:/home/user/.m2/repository/org/apache/hadoop/hadoop-hdds-server-scm/1.1.0-SNAPSHOT/hadoop-hdds-server-scm-1.1.0-SNAPSHOT.jar:/home/user/.m2/repository/org/apache/hadoop/hadoop-hdds-container-service/1.1.0-SNAPSHOT/hadoop-hdds-container-service-1.1.0-SNAPSHOT.jar:/home/user/.m2/repository/org/apache/hadoop/hadoop-hdds-hadoop-dependency-server/1.1.0-SNAPSHOT/hadoop-hdds-hadoop-dependency-server-1.1.0-SNAPSHOT.jar:/home/user/.m2/repository/org/apache/hadoop/hadoop-hdfs/3.2.1/hadoop-hdfs-3.2.1.jar:/home/user/.m2/repository/org/apache/hadoop/hadoop-hdds-server-framework/1.1.0-SNAPSHOT/hadoop-hdds-server-framework-1.1.0-SNAPSHOT.jar:/home/user/.m2/repository/org/apache/hadoop/hadoop-hdds-interface-server/1.1.0-SNAPSHOT/hadoop-hdds-interface-server-1.1.0-SNAPSHOT.jar:/home/user/.m2/repository/org/apache/hadoop/hadoop-hdds-interface-admin/1.1.0-SNAPSHOT/hadoop-hdds-interface-admin-1.1.0-SNAPSHOT.jar:/home/user/.m2/repository/org/eclipse/jetty/jetty-servlet/9.4.34.v20201102/jetty-servlet-9.4.34.v20201102.jar:/home/user/.m2/repository/org/eclipse/jetty/jetty-security/9.4.34.v20201102/jetty-security-9.4.34.v20201102.jar:/home/user/.m2/repository/org/rocksdb/rocksdbjni/6.8.1/rocksdbjni-6.8.1.jar:/home/user/.m2/repository/io/prometheus/simpleclient_dropwizard/0.7.0/simpleclient_dropwizard-0.7.0.jar:/home/user/.m2/repository/io/prometheus/simpleclient/0.7.0/simpleclient-0.7.0.jar:/home/user/.m2/repository/io/prometheus/simpleclient_common/0.7.0/simpleclient_common-0.7.0.jar:/home/user/.m2/repository/com/fasterxml/jackson/datatype/jackson-datatype-jsr310/2.10.3/jackson-datatype-jsr310-2.10.3.jar:/home/user/.m2/repository/io/dropwizard/metrics/metrics-core/3.2.4/metrics-core-3.2.4.jar:/home/user/.m2/repository/org/apache/hadoop/hadoop-hdfs-client/3.2.1/hadoop-hdfs-client-3.2.1.jar:/home/user/.m2/repository/org/bouncycastle/bcprov-jdk15on/1.60/bcprov-jdk15on-1.60.jar:/home/user/.m2/repository/org/apache/hadoop/hadoop-ozone-ozone-manager/1.1.0-SNAPSHOT/hadoop-ozone-ozone-manager-1.1.0-SNAPSHOT.jar:/home/user/.m2/repository/org/apache/hadoop/hadoop-hdds-interface-client/1.1.0-SNAPSHOT/hadoop-hdds-interface-client-1.1.0-SNAPSHOT.jar:/home/user/.m2/repository/org/apache/ratis/ratis-thirdparty-misc/0.6.0-SNAPSHOT/ratis-thirdparty-misc-0.6.0-SNAPSHOT.jar:/home/user/.m2/repository/org/apache/hadoop/hadoop-ozone-interface-storage/1.1.0-SNAPSHOT/hadoop-ozone-interface-storage-1.1.0-SNAPSHOT.jar:/home/user/.m2/repository/org/apache/hadoop/hadoop-minikdc/3.2.1/hadoop-minikdc-3.2.1.jar:/home/user/.m2/repository/org/apache/kerby/kerb-simplekdc/1.0.1/kerb-simplekdc-1.0.1.jar:/home/user/.m2/repository/org/apache/kerby/kerb-client/1.0.1/kerb-client-1.0.1.jar:/home/user/.m2/repository/org/apache/kerby/kerby-config/1.0.1/kerby-config-1.0.1.jar:/home/user/.m2/repository/org/apache/kerby/kerb-core/1.0.1/kerb-core-1.0.1.jar:/home/user/.m2/repository/org/apache/kerby/kerby-pkix/1.0.1/kerby-pkix-1.0.1.jar:/home/user/.m2/repository/org/apache/kerby/kerby-asn1/1.0.1/kerby-asn1-1.0.1.jar:/home/user/.m2/repository/org/apache/kerby/kerby-util/1.0.1/kerby-util-1.0.1.jar:/home/user/.m2/repository/org/apache/kerby/kerb-common/1.0.1/kerb-common-1.0.1.jar:/home/user/.m2/repository/org/apache/kerby/kerb-crypto/1.0.1/kerb-crypto-1.0.1.jar:/home/user/.m2/repository/org/apache/kerby/kerb-util/1.0.1/kerb-util-1.0.1.jar:/home/user/.m2/repository/org/apache/kerby/token-provider/1.0.1/token-provider-1.0.1.jar:/home/user/.m2/repository/org/apache/kerby/kerb-admin/1.0.1/kerb-admin-1.0.1.jar:/home/user/.m2/repository/org/apache/kerby/kerb-server/1.0.1/kerb-server-1.0.1.jar:/home/user/.m2/repository/org/apache/kerby/kerb-identity/1.0.1/kerb-identity-1.0.1.jar:/home/user/.m2/repository/org/apache/kerby/kerby-xdr/1.0.1/kerby-xdr-1.0.1.jar:/home/user/.m2/repository/org/slf4j/slf4j-log4j12/1.7.30/slf4j-log4j12-1.7.30.jar:/home/user/.m2/repository/org/apache/hadoop/hadoop-ozone-s3gateway/1.1.0-SNAPSHOT/hadoop-ozone-s3gateway-1.1.0-SNAPSHOT.jar:/home/user/.m2/repository/org/jboss/weld/servlet/weld-servlet/2.4.7.Final/weld-servlet-2.4.7.Final.jar:/home/user/.m2/repository/org/glassfish/jersey/containers/jersey-container-servlet-core/2.27/jersey-container-servlet-core-2.27.jar:/home/user/.m2/repository/org/glassfish/hk2/external/javax.inject/2.5.0-b42/javax.inject-2.5.0-b42.jar:/home/user/.m2/repository/org/glassfish/jersey/core/jersey-common/2.27/jersey-common-2.27.jar:/home/user/.m2/repository/org/glassfish/hk2/osgi-resource-locator/1.0.1/osgi-resource-locator-1.0.1.jar:/home/user/.m2/repository/javax/ws/rs/javax.ws.rs-api/2.1/javax.ws.rs-api-2.1.jar:/home/user/.m2/repository/org/glassfish/jersey/ext/cdi/jersey-cdi1x/2.27/jersey-cdi1x-2.27.jar:/home/user/.m2/repository/org/glassfish/jersey/inject/jersey-hk2/2.27/jersey-hk2-2.27.jar:/home/user/.m2/repository/org/glassfish/hk2/hk2-locator/2.5.0-b42/hk2-locator-2.5.0-b42.jar:/home/user/.m2/repository/org/javassist/javassist/3.22.0-CR2/javassist-3.22.0-CR2.jar:/home/user/.m2/repository/org/glassfish/hk2/hk2-api/2.5.0/hk2-api-2.5.0.jar:/home/user/.m2/repository/org/glassfish/hk2/external/jakarta.inject/2.5.0/jakarta.inject-2.5.0.jar:/home/user/.m2/repository/org/glassfish/hk2/hk2-utils/2.5.0/hk2-utils-2.5.0.jar:/home/user/.m2/repository/jakarta/annotation/jakarta.annotation-api/1.3.4/jakarta.annotation-api-1.3.4.jar:/home/user/.m2/repository/org/glassfish/hk2/external/aopalliance-repackaged/2.5.0/aopalliance-repackaged-2.5.0.jar:/home/user/.m2/repository/com/fasterxml/jackson/dataformat/jackson-dataformat-xml/2.10.3/jackson-dataformat-xml-2.10.3.jar:/home/user/.m2/repository/com/fasterxml/jackson/core/jackson-core/2.10.3/jackson-core-2.10.3.jar:/home/user/.m2/repository/com/fasterxml/jackson/module/jackson-module-jaxb-annotations/2.10.3/jackson-module-jaxb-annotations-2.10.3.jar:/home/user/.m2/repository/jakarta/xml/bind/jakarta.xml.bind-api/2.3.2/jakarta.xml.bind-api-2.3.2.jar:/home/user/.m2/repository/jakarta/activation/jakarta.activation-api/1.2.1/jakarta.activation-api-1.2.1.jar:/home/user/.m2/repository/org/codehaus/woodstox/stax2-api/3.1.4/stax2-api-3.1.4.jar:/home/user/.m2/repository/com/fasterxml/woodstox/woodstox-core/5.0.3/woodstox-core-5.0.3.jar:/home/user/.m2/repository/javax/enterprise/cdi-api/1.2/cdi-api-1.2.jar:/home/user/.m2/repository/javax/el/javax.el-api/3.0.0/javax.el-api-3.0.0.jar:/home/user/.m2/repository/javax/interceptor/javax.interceptor-api/1.2/javax.interceptor-api-1.2.jar:/home/user/.m2/repository/javax/inject/javax.inject/1/javax.inject-1.jar:/home/user/.m2/repository/com/sun/xml/bind/jaxb-impl/2.3.0.1/jaxb-impl-2.3.0.1.jar:/home/user/.m2/repository/com/sun/xml/bind/jaxb-core/2.3.0.1/jaxb-core-2.3.0.1.jar:/home/user/.m2/repository/javax/xml/bind/jaxb-api/2.3.0/jaxb-api-2.3.0.jar:/home/user/.m2/repository/javax/activation/activation/1.1.1/activation-1.1.1.jar:/home/user/.m2/repository/org/apache/hadoop/hadoop-ozone-csi/1.1.0-SNAPSHOT/hadoop-ozone-csi-1.1.0-SNAPSHOT.jar:/home/user/.m2/repository/com/google/protobuf/protobuf-java-util/3.11.0/protobuf-java-util-3.11.0.jar:/home/user/.m2/repository/com/google/code/gson/gson/2.2.4/gson-2.2.4.jar:/home/user/.m2/repository/org/apache/hadoop/hadoop-hdds-config/1.1.0-SNAPSHOT/hadoop-hdds-config-1.1.0-SNAPSHOT.jar:/home/user/.m2/repository/com/google/protobuf/protobuf-java/2.5.0/protobuf-java-2.5.0.jar:/home/user/.m2/repository/io/grpc/grpc-netty/1.29.0/grpc-netty-1.29.0.jar:/home/user/.m2/repository/io/grpc/grpc-core/1.29.0/grpc-core-1.29.0.jar:/home/user/.m2/repository/com/google/android/annotations/4.1.1.4/annotations-4.1.1.4.jar:/home/user/.m2/repository/io/perfmark/perfmark-api/0.19.0/perfmark-api-0.19.0.jar:/home/user/.m2/repository/io/netty/netty-codec-http2/4.1.48.Final/netty-codec-http2-4.1.48.Final.jar:/home/user/.m2/repository/io/netty/netty-codec/4.1.48.Final/netty-codec-4.1.48.Final.jar:/home/user/.m2/repository/io/netty/netty-handler/4.1.48.Final/netty-handler-4.1.48.Final.jar:/home/user/.m2/repository/io/netty/netty-codec-http/4.1.48.Final/netty-codec-http-4.1.48.Final.jar:/home/user/.m2/repository/io/netty/netty-handler-proxy/4.1.48.Final/netty-handler-proxy-4.1.48.Final.jar:/home/user/.m2/repository/io/netty/netty-codec-socks/4.1.48.Final/netty-codec-socks-4.1.48.Final.jar:/home/user/.m2/repository/io/netty/netty-transport-native-epoll/4.1.48.Final/netty-transport-native-epoll-4.1.48.Final.jar:/home/user/.m2/repository/io/netty/netty-common/4.1.48.Final/netty-common-4.1.48.Final.jar:/home/user/.m2/repository/io/netty/netty-buffer/4.1.48.Final/netty-buffer-4.1.48.Final.jar:/home/user/.m2/repository/io/netty/netty-transport/4.1.48.Final/netty-transport-4.1.48.Final.jar:/home/user/.m2/repository/io/netty/netty-resolver/4.1.48.Final/netty-resolver-4.1.48.Final.jar:/home/user/.m2/repository/io/netty/netty-transport-native-unix-common/4.1.48.Final/netty-transport-native-unix-common-4.1.48.Final.jar:/home/user/.m2/repository/io/grpc/grpc-protobuf/1.29.0/grpc-protobuf-1.29.0.jar:/home/user/.m2/repository/io/grpc/grpc-api/1.29.0/grpc-api-1.29.0.jar:/home/user/.m2/repository/io/grpc/grpc-context/1.29.0/grpc-context-1.29.0.jar:/home/user/.m2/repository/org/codehaus/mojo/animal-sniffer-annotations/1.18/animal-sniffer-annotations-1.18.jar:/home/user/.m2/repository/com/google/api/grpc/proto-google-common-protos/1.17.0/proto-google-common-protos-1.17.0.jar:/home/user/.m2/repository/io/grpc/grpc-protobuf-lite/1.29.0/grpc-protobuf-lite-1.29.0.jar:/home/user/.m2/repository/io/grpc/grpc-stub/1.29.0/grpc-stub-1.29.0.jar:/home/user/.m2/repository/org/apache/hadoop/hadoop-ozone-recon/1.1.0-SNAPSHOT/hadoop-ozone-recon-1.1.0-SNAPSHOT.jar:/home/user/.m2/repository/org/apache/hadoop/hadoop-ozone-reconcodegen/1.1.0-SNAPSHOT/hadoop-ozone-reconcodegen-1.1.0-SNAPSHOT.jar:/home/user/.m2/repository/com/google/inject/extensions/guice-multibindings/4.0/guice-multibindings-4.0.jar:/home/user/.m2/repository/com/google/inject/guice/4.0/guice-4.0.jar:/home/user/.m2/repository/aopalliance/aopalliance/1.0/aopalliance-1.0.jar:/home/user/.m2/repository/com/google/inject/extensions/guice-assistedinject/4.0/guice-assistedinject-4.0.jar:/home/user/.m2/repository/com/google/inject/extensions/guice-servlet/4.0/guice-servlet-4.0.jar:/home/user/.m2/repository/org/glassfish/jersey/containers/jersey-container-servlet/2.27/jersey-container-servlet-2.27.jar:/home/user/.m2/repository/org/glassfish/hk2/guice-bridge/2.5.0/guice-bridge-2.5.0.jar:/home/user/.m2/repository/org/glassfish/jersey/core/jersey-server/2.27/jersey-server-2.27.jar:/home/user/.m2/repository/org/glassfish/jersey/core/jersey-client/2.27/jersey-client-2.27.jar:/home/user/.m2/repository/org/glassfish/jersey/media/jersey-media-jaxb/2.27/jersey-media-jaxb-2.27.jar:/home/user/.m2/repository/javax/validation/validation-api/1.1.0.Final/validation-api-1.1.0.Final.jar:/home/user/.m2/repository/org/glassfish/jersey/media/jersey-media-json-jackson/2.27/jersey-media-json-jackson-2.27.jar:/home/user/.m2/repository/org/glassfish/jersey/ext/jersey-entity-filtering/2.27/jersey-entity-filtering-2.27.jar:/home/user/.m2/repository/org/jooq/jooq/3.11.10/jooq-3.11.10.jar:/home/user/.m2/repository/org/jooq/jooq-meta/3.11.10/jooq-meta-3.11.10.jar:/home/user/.m2/repository/org/jooq/jooq-codegen/3.11.10/jooq-codegen-3.11.10.jar:/home/user/.m2/repository/com/jolbox/bonecp/0.8.0.RELEASE/bonecp-0.8.0.RELEASE.jar:/home/user/.m2/repository/org/apache/derby/derby/10.14.2.0/derby-10.14.2.0.jar:/home/user/.m2/repository/org/xerial/sqlite-jdbc/3.25.2/sqlite-jdbc-3.25.2.jar:/home/user/.m2/repository/org/springframework/spring-jdbc/5.2.11.RELEASE/spring-jdbc-5.2.11.RELEASE.jar:/home/user/.m2/repository/org/springframework/spring-beans/5.2.11.RELEASE/spring-beans-5.2.11.RELEASE.jar:/home/user/.m2/repository/org/springframework/spring-core/5.2.11.RELEASE/spring-core-5.2.11.RELEASE.jar:/home/user/.m2/repository/org/springframework/spring-jcl/5.2.11.RELEASE/spring-jcl-5.2.11.RELEASE.jar:/home/user/.m2/repository/org/springframework/spring-tx/5.2.11.RELEASE/spring-tx-5.2.11.RELEASE.jar:/home/user/.m2/repository/org/apache/hadoop/hadoop-ozone-client/1.1.0-SNAPSHOT/hadoop-ozone-client-1.1.0-SNAPSHOT.jar:/home/user/.m2/repository/org/apache/hadoop/hadoop-ozone-filesystem/1.1.0-SNAPSHOT/hadoop-ozone-filesystem-1.1.0-SNAPSHOT.jar:/home/user/.m2/repository/org/apache/hadoop/hadoop-ozone-filesystem-common/1.1.0-SNAPSHOT/hadoop-ozone-filesystem-common-1.1.0-SNAPSHOT.jar:/home/user/.m2/repository/org/apache/hadoop/hadoop-ozone-tools/1.1.0-SNAPSHOT/hadoop-ozone-tools-1.1.0-SNAPSHOT.jar:/home/user/.m2/repository/org/apache/ratis/ratis-tools/1.1.0-913f5a4-SNAPSHOT/ratis-tools-1.1.0-913f5a4-SNAPSHOT.jar:/home/user/.m2/repository/org/apache/ratis/ratis-proto/1.1.0-913f5a4-SNAPSHOT/ratis-proto-1.1.0-913f5a4-SNAPSHOT.jar:/home/user/.m2/repository/org/apache/ratis/ratis-common/1.1.0-913f5a4-SNAPSHOT/ratis-common-1.1.0-913f5a4-SNAPSHOT.jar:/home/user/.m2/repository/com/amazonaws/aws-java-sdk-core/1.11.901/aws-java-sdk-core-1.11.901.jar:/home/user/.m2/repository/org/apache/httpcomponents/httpclient/4.5.13/httpclient-4.5.13.jar:/home/user/.m2/repository/org/apache/httpcomponents/httpcore/4.4.13/httpcore-4.4.13.jar:/home/user/.m2/repository/software/amazon/ion/ion-java/1.0.2/ion-java-1.0.2.jar:/home/user/.m2/repository/com/fasterxml/jackson/dataformat/jackson-dataformat-cbor/2.10.3/jackson-dataformat-cbor-2.10.3.jar:/home/user/.m2/repository/joda-time/joda-time/2.8.1/joda-time-2.8.1.jar:/home/user/.m2/repository/com/amazonaws/aws-java-sdk-s3/1.11.901/aws-java-sdk-s3-1.11.901.jar:/home/user/.m2/repository/com/amazonaws/aws-java-sdk-kms/1.11.901/aws-java-sdk-kms-1.11.901.jar:/home/user/.m2/repository/com/amazonaws/jmespath-java/1.11.901/jmespath-java-1.11.901.jar:/home/user/.m2/repository/org/kohsuke/metainf-services/metainf-services/1.8/metainf-services-1.8.jar:/home/user/.m2/repository/org/apache/hadoop/hadoop-hdds-tools/1.1.0-SNAPSHOT/hadoop-hdds-tools-1.1.0-SNAPSHOT.jar:/home/user/.m2/repository/commons-cli/commons-cli/1.2/commons-cli-1.2.jar:/home/user/.m2/repository/org/apache/commons/commons-lang3/3.7/commons-lang3-3.7.jar:/home/user/.m2/repository/org/apache/hadoop/hadoop-ozone-ozone-manager/1.1.0-SNAPSHOT/hadoop-ozone-ozone-manager-1.1.0-SNAPSHOT-tests.jar:/home/user/.m2/repository/org/apache/hadoop/hadoop-hdds-common/1.1.0-SNAPSHOT/hadoop-hdds-common-1.1.0-SNAPSHOT-tests.jar:/home/user/.m2/repository/org/apache/hadoop/hadoop-hdds-hadoop-dependency-client/1.1.0-SNAPSHOT/hadoop-hdds-hadoop-dependency-client-1.1.0-SNAPSHOT.jar:/home/user/.m2/repository/info/picocli/picocli/4.4.0/picocli-4.4.0.jar:/home/user/.m2/repository/com/fasterxml/jackson/core/jackson-annotations/2.10.3/jackson-annotations-2.10.3.jar:/home/user/.m2/repository/javax/annotation/javax.annotation-api/1.2/javax.annotation-api-1.2.jar:/home/user/.m2/repository/org/fusesource/leveldbjni/leveldbjni-all/1.8/leveldbjni-all-1.8.jar:/home/user/.m2/repository/org/apache/ratis/ratis-server/1.1.0-913f5a4-SNAPSHOT/ratis-server-1.1.0-913f5a4-SNAPSHOT.jar:/home/user/.m2/repository/org/apache/ratis/ratis-client/1.1.0-913f5a4-SNAPSHOT/ratis-client-1.1.0-913f5a4-SNAPSHOT.jar:/home/user/.m2/repository/org/apache/ratis/ratis-metrics/1.1.0-913f5a4-SNAPSHOT/ratis-metrics-1.1.0-913f5a4-SNAPSHOT.jar:/home/user/.m2/repository/org/apache/ratis/ratis-netty/1.1.0-913f5a4-SNAPSHOT/ratis-netty-1.1.0-913f5a4-SNAPSHOT.jar:/home/user/.m2/repository/org/apache/ratis/ratis-grpc/1.1.0-913f5a4-SNAPSHOT/ratis-grpc-1.1.0-913f5a4-SNAPSHOT.jar:/home/user/.m2/repository/org/apache/logging/log4j/log4j-api/2.13.3/log4j-api-2.13.3.jar:/home/user/.m2/repository/org/apache/logging/log4j/log4j-core/2.13.3/log4j-core-2.13.3.jar:/home/user/.m2/repository/com/lmax/disruptor/3.4.2/disruptor-3.4.2.jar:/home/user/.m2/repository/org/apache/commons/commons-pool2/2.6.0/commons-pool2-2.6.0.jar:/home/user/.m2/repository/org/bouncycastle/bcpkix-jdk15on/1.60/bcpkix-jdk15on-1.60.jar:/home/user/.m2/repository/commons-validator/commons-validator/1.6/commons-validator-1.6.jar:/home/user/.m2/repository/commons-beanutils/commons-beanutils/1.9.4/commons-beanutils-1.9.4.jar:/home/user/.m2/repository/commons-digester/commons-digester/1.8.1/commons-digester-1.8.1.jar:/home/user/.m2/repository/commons-collections/commons-collections/3.2.2/commons-collections-3.2.2.jar:/home/user/.m2/repository/io/jaegertracing/jaeger-client/1.2.0/jaeger-client-1.2.0.jar:/home/user/.m2/repository/io/jaegertracing/jaeger-thrift/1.2.0/jaeger-thrift-1.2.0.jar:/home/user/.m2/repository/org/apache/thrift/libthrift/0.13.0/libthrift-0.13.0.jar:/home/user/.m2/repository/com/squareup/okhttp3/okhttp/4.2.2/okhttp-4.2.2.jar:/home/user/.m2/repository/com/squareup/okio/okio/2.2.2/okio-2.2.2.jar:/home/user/.m2/repository/org/jetbrains/kotlin/kotlin-stdlib/1.3.50/kotlin-stdlib-1.3.50.jar:/home/user/.m2/repository/org/jetbrains/kotlin/kotlin-stdlib-common/1.3.50/kotlin-stdlib-common-1.3.50.jar:/home/user/.m2/repository/org/jetbrains/annotations/13.0/annotations-13.0.jar:/home/user/.m2/repository/io/jaegertracing/jaeger-core/1.2.0/jaeger-core-1.2.0.jar:/home/user/.m2/repository/io/jaegertracing/jaeger-tracerresolver/1.2.0/jaeger-tracerresolver-1.2.0.jar:/home/user/.m2/repository/io/opentracing/contrib/opentracing-tracerresolver/0.1.8/opentracing-tracerresolver-0.1.8.jar:/home/user/.m2/repository/io/opentracing/opentracing-util/0.33.0/opentracing-util-0.33.0.jar:/home/user/.m2/repository/io/opentracing/opentracing-api/0.33.0/opentracing-api-0.33.0.jar:/home/user/.m2/repository/io/opentracing/opentracing-noop/0.33.0/opentracing-noop-0.33.0.jar:/home/user/.m2/repository/org/yaml/snakeyaml/1.26/snakeyaml-1.26.jar:/home/user/.m2/repository/junit/junit/4.11/junit-4.11.jar:/home/user/.m2/repository/org/hamcrest/hamcrest-core/1.3/hamcrest-core-1.3.jar:/home/user/.m2/repository/org/openjdk/jmh/jmh-core/1.19/jmh-core-1.19.jar:/home/user/.m2/repository/net/sf/jopt-simple/jopt-simple/4.6/jopt-simple-4.6.jar:/home/user/.m2/repository/org/apache/commons/commons-math3/3.1.1/commons-math3-3.1.1.jar:/home/user/.m2/repository/org/openjdk/jmh/jmh-generator-annprocess/1.19/jmh-generator-annprocess-1.19.jar:/home/user/.m2/repository/org/mockito/mockito-all/1.8.5/mockito-all-1.8.5.jar:/home/user/.m2/repository/org/apache/hadoop/hadoop-kms/3.2.1/hadoop-kms-3.2.1.jar:/home/user/.m2/repository/org/apache/hadoop/hadoop-auth/3.2.1/hadoop-auth-3.2.1.jar:/home/user/.m2/repository/com/nimbusds/nimbus-jose-jwt/7.9/nimbus-jose-jwt-7.9.jar:/home/user/.m2/repository/com/github/stephenc/jcip/jcip-annotations/1.0-1/jcip-annotations-1.0-1.jar:/home/user/.m2/repository/net/minidev/json-smart/2.3/json-smart-2.3.jar:/home/user/.m2/repository/net/minidev/accessors-smart/1.2/accessors-smart-1.2.jar:/home/user/.m2/repository/org/ow2/asm/asm/5.0.4/asm-5.0.4.jar:/home/user/.m2/repository/org/apache/zookeeper/zookeeper/3.4.13/zookeeper-3.4.13.jar:/home/user/.m2/repository/org/apache/yetus/audience-annotations/0.5.0/audience-annotations-0.5.0.jar:/home/user/.m2/repository/org/apache/curator/curator-framework/2.13.0/curator-framework-2.13.0.jar:/home/user/.m2/repository/com/sun/jersey/jersey-core/1.19/jersey-core-1.19.jar:/home/user/.m2/repository/javax/ws/rs/jsr311-api/1.1.1/jsr311-api-1.1.1.jar:/home/user/.m2/repository/com/sun/jersey/jersey-server/1.19/jersey-server-1.19.jar:/home/user/.m2/repository/javax/servlet/javax.servlet-api/3.1.0/javax.servlet-api-3.1.0.jar:/home/user/.m2/repository/org/eclipse/jetty/jetty-server/9.4.34.v20201102/jetty-server-9.4.34.v20201102.jar:/home/user/.m2/repository/org/eclipse/jetty/jetty-http/9.4.34.v20201102/jetty-http-9.4.34.v20201102.jar:/home/user/.m2/repository/org/eclipse/jetty/jetty-io/9.4.34.v20201102/jetty-io-9.4.34.v20201102.jar:/home/user/.m2/repository/org/eclipse/jetty/jetty-webapp/9.4.34.v20201102/jetty-webapp-9.4.34.v20201102.jar:/home/user/.m2/repository/org/eclipse/jetty/jetty-xml/9.4.34.v20201102/jetty-xml-9.4.34.v20201102.jar:/home/user/.m2/repository/org/apache/hadoop/hadoop-common/3.2.1/hadoop-common-3.2.1.jar:/home/user/.m2/repository/commons-net/commons-net/3.6/commons-net-3.6.jar:/home/user/.m2/repository/com/sun/jersey/jersey-servlet/1.19/jersey-servlet-1.19.jar:/home/user/.m2/repository/com/sun/jersey/jersey-json/1.19/jersey-json-1.19.jar:/home/user/.m2/repository/org/codehaus/jettison/jettison/1.1/jettison-1.1.jar:/home/user/.m2/repository/org/codehaus/jackson/jackson-jaxrs/1.9.2/jackson-jaxrs-1.9.2.jar:/home/user/.m2/repository/org/codehaus/jackson/jackson-xc/1.9.2/jackson-xc-1.9.2.jar:/home/user/.m2/repository/org/apache/commons/commons-configuration2/2.1.1/commons-configuration2-2.1.1.jar:/home/user/.m2/repository/org/apache/commons/commons-text/1.4/commons-text-1.4.jar:/home/user/.m2/repository/com/google/re2j/re2j/1.1/re2j-1.1.jar:/home/user/.m2/repository/com/jcraft/jsch/0.1.54/jsch-0.1.54.jar:/home/user/.m2/repository/org/apache/curator/curator-client/2.13.0/curator-client-2.13.0.jar:/home/user/.m2/repository/org/apache/curator/curator-recipes/2.13.0/curator-recipes-2.13.0.jar:/home/user/.m2/repository/dnsjava/dnsjava/2.1.7/dnsjava-2.1.7.jar:/home/user/.m2/repository/org/slf4j/jul-to-slf4j/1.7.30/jul-to-slf4j-1.7.30.jar:/home/user/.m2/repository/org/eclipse/jetty/jetty-util/9.4.34.v20201102/jetty-util-9.4.34.v20201102.jar:/home/user/.m2/repository/com/fasterxml/jackson/core/jackson-databind/2.10.3/jackson-databind-2.10.3.jar:/home/user/.m2/repository/org/apache/hadoop/hadoop-kms/3.2.1/hadoop-kms-3.2.1-tests.jar:/home/user/.m2/repository/org/apache/hadoop/hadoop-hdds-server-scm/1.1.0-SNAPSHOT/hadoop-hdds-server-scm-1.1.0-SNAPSHOT-tests.jar:/home/user/.m2/repository/org/apache/hadoop/hadoop-hdds-container-service/1.1.0-SNAPSHOT/hadoop-hdds-container-service-1.1.0-SNAPSHOT-tests.jar:/home/user/.m2/repository/commons-codec/commons-codec/1.11/commons-codec-1.11.jar:/home/user/.m2/repository/org/apache/hadoop/hadoop-hdds-hadoop-dependency-test/1.1.0-SNAPSHOT/hadoop-hdds-hadoop-dependency-test-1.1.0-SNAPSHOT.jar:/home/user/.m2/repository/org/apache/hadoop/hadoop-common/3.2.1/hadoop-common-3.2.1-tests.jar:/home/user/.m2/repository/org/apache/hadoop/hadoop-hdfs/3.2.1/hadoop-hdfs-3.2.1-tests.jar:/home/user/.m2/repository/org/eclipse/jetty/jetty-util-ajax/9.4.34.v20201102/jetty-util-ajax-9.4.34.v20201102.jar:/home/user/.m2/repository/commons-daemon/commons-daemon/1.0.13/commons-daemon-1.0.13.jar:/home/user/.m2/repository/io/netty/netty/3.10.5.Final/netty-3.10.5.Final.jar:/home/user/.m2/repository/io/netty/netty-all/4.1.48.Final/netty-all-4.1.48.Final.jar:/home/user/.m2/repository/org/apache/htrace/htrace-core4/4.1.0-incubating/htrace-core4-4.1.0-incubating.jar:/home/user/.m2/repository/org/apache/hadoop/hadoop-distcp/3.2.1/hadoop-distcp-3.2.1.jar:/home/user/.m2/repository/org/apache/hadoop/hadoop-mapreduce-client-jobclient/3.2.1/hadoop-mapreduce-client-jobclient-3.2.1.jar:/home/user/.m2/repository/org/apache/hadoop/hadoop-mapreduce-client-common/3.2.1/hadoop-mapreduce-client-common-3.2.1.jar:/home/user/.m2/repository/org/apache/hadoop/hadoop-yarn-common/3.2.1/hadoop-yarn-common-3.2.1.jar:/home/user/.m2/repository/org/apache/hadoop/hadoop-yarn-api/3.2.1/hadoop-yarn-api-3.2.1.jar:/home/user/.m2/repository/com/sun/jersey/jersey-client/1.19/jersey-client-1.19.jar:/home/user/.m2/repository/com/sun/jersey/contribs/jersey-guice/1.19/jersey-guice-1.19.jar:/home/user/.m2/repository/com/fasterxml/jackson/jaxrs/jackson-jaxrs-json-provider/2.10.3/jackson-jaxrs-json-provider-2.10.3.jar:/home/user/.m2/repository/com/fasterxml/jackson/jaxrs/jackson-jaxrs-base/2.10.3/jackson-jaxrs-base-2.10.3.jar:/home/user/.m2/repository/org/apache/hadoop/hadoop-yarn-client/3.2.1/hadoop-yarn-client-3.2.1.jar:/home/user/.m2/repository/org/apache/hadoop/hadoop-mapreduce-client-core/3.2.1/hadoop-mapreduce-client-core-3.2.1.jar:/home/user/.m2/repository/org/apache/avro/avro/1.7.7/avro-1.7.7.jar:/home/user/.m2/repository/org/codehaus/jackson/jackson-core-asl/1.9.13/jackson-core-asl-1.9.13.jar:/home/user/.m2/repository/org/codehaus/jackson/jackson-mapper-asl/1.9.13/jackson-mapper-asl-1.9.13.jar:/home/user/.m2/repository/com/thoughtworks/paranamer/paranamer/2.3/paranamer-2.3.jar:/home/user/.m2/repository/org/xerial/snappy/snappy-java/1.0.5/snappy-java-1.0.5.jar:/home/user/.m2/repository/org/apache/hadoop/hadoop-annotations/3.2.1/hadoop-annotations-3.2.1.jar:/usr/lib/jvm/java-1.8.0-openjdk-1.8.0.232.b09-0.el7_7.x86_64/jre/../lib/tools.jar:/home/user/.m2/repository/org/apache/hadoop/hadoop-distcp/3.2.1/hadoop-distcp-3.2.1-tests.jar:"/>
    <property name="java.vm.vendor" value="Oracle Corporation"/>
    <property name="sun.arch.data.model" value="64"/>
    <property name="test.build.dir" value="/github/workspace/mnt/ozone/hadoop-ozone/integration-test/target/test-dir"/>
    <property name="test.cache.data" value=""/>
    <property name="java.vendor.url" value="http://java.oracle.com/"/>
    <property name="user.timezone" value=""/>
    <property name="java.vm.specification.version" value="1.8"/>
    <property name="os.name" value="Linux"/>
    <property name="test.build.data" value="/github/workspace/mnt/ozone/hadoop-ozone/integration-test/target/test-dir"/>
    <property name="user.country" value="US"/>
    <property name="sun.java.launcher" value="SUN_STANDARD"/>
    <property name="sun.boot.library.path" value="/usr/lib/jvm/java-1.8.0-openjdk-1.8.0.232.b09-0.el7_7.x86_64/jre/lib/amd64"/>
    <property name="sun.java.command" value="/github/workspace/mnt/ozone/hadoop-ozone/integration-test/target/surefire/surefirebooter2300925899958792461.jar /github/workspace/mnt/ozone/hadoop-ozone/integration-test/target/surefire 2020-12-17T01-42-44_204-jvmRun1 surefire4163711516142043266tmp surefire_444507243146565150593tmp"/>
    <property name="surefire.test.class.path" value="/github/workspace/mnt/ozone/hadoop-ozone/integration-test/target/test-classes:/github/workspace/mnt/ozone/hadoop-ozone/integration-test/target/classes:/home/user/.m2/repository/org/apache/hadoop/hadoop-ozone-common/1.1.0-SNAPSHOT/hadoop-ozone-common-1.1.0-SNAPSHOT.jar:/home/user/.m2/repository/org/apache/commons/commons-compress/1.4.1/commons-compress-1.4.1.jar:/home/user/.m2/repository/org/tukaani/xz/1.0/xz-1.0.jar:/home/user/.m2/repository/org/apache/hadoop/hadoop-hdds-common/1.1.0-SNAPSHOT/hadoop-hdds-common-1.1.0-SNAPSHOT.jar:/home/user/.m2/repository/org/apache/hadoop/hadoop-hdds-client/1.1.0-SNAPSHOT/hadoop-hdds-client-1.1.0-SNAPSHOT.jar:/home/user/.m2/repository/org/apache/hadoop/hadoop-ozone-interface-client/1.1.0-SNAPSHOT/hadoop-ozone-interface-client-1.1.0-SNAPSHOT.jar:/home/user/.m2/repository/org/apache/hadoop/hadoop-hdds-test-utils/1.1.0-SNAPSHOT/hadoop-hdds-test-utils-1.1.0-SNAPSHOT.jar:/home/user/.m2/repository/com/google/guava/guava/28.2-jre/guava-28.2-jre.jar:/home/user/.m2/repository/com/google/guava/failureaccess/1.0.1/failureaccess-1.0.1.jar:/home/user/.m2/repository/com/google/guava/listenablefuture/9999.0-empty-to-avoid-conflict-with-guava/listenablefuture-9999.0-empty-to-avoid-conflict-with-guava.jar:/home/user/.m2/repository/com/google/code/findbugs/jsr305/3.0.0/jsr305-3.0.0.jar:/home/user/.m2/repository/org/checkerframework/checker-qual/2.10.0/checker-qual-2.10.0.jar:/home/user/.m2/repository/com/google/errorprone/error_prone_annotations/2.2.0/error_prone_annotations-2.2.0.jar:/home/user/.m2/repository/com/google/j2objc/j2objc-annotations/1.3/j2objc-annotations-1.3.jar:/home/user/.m2/repository/commons-io/commons-io/2.5/commons-io-2.5.jar:/home/user/.m2/repository/commons-logging/commons-logging/1.2/commons-logging-1.2.jar:/home/user/.m2/repository/log4j/log4j/1.2.17/log4j-1.2.17.jar:/home/user/.m2/repository/org/slf4j/slf4j-api/1.7.30/slf4j-api-1.7.30.jar:/home/user/.m2/repository/org/apache/hadoop/hadoop-hdds-server-scm/1.1.0-SNAPSHOT/hadoop-hdds-server-scm-1.1.0-SNAPSHOT.jar:/home/user/.m2/repository/org/apache/hadoop/hadoop-hdds-container-service/1.1.0-SNAPSHOT/hadoop-hdds-container-service-1.1.0-SNAPSHOT.jar:/home/user/.m2/repository/org/apache/hadoop/hadoop-hdds-hadoop-dependency-server/1.1.0-SNAPSHOT/hadoop-hdds-hadoop-dependency-server-1.1.0-SNAPSHOT.jar:/home/user/.m2/repository/org/apache/hadoop/hadoop-hdfs/3.2.1/hadoop-hdfs-3.2.1.jar:/home/user/.m2/repository/org/apache/hadoop/hadoop-hdds-server-framework/1.1.0-SNAPSHOT/hadoop-hdds-server-framework-1.1.0-SNAPSHOT.jar:/home/user/.m2/repository/org/apache/hadoop/hadoop-hdds-interface-server/1.1.0-SNAPSHOT/hadoop-hdds-interface-server-1.1.0-SNAPSHOT.jar:/home/user/.m2/repository/org/apache/hadoop/hadoop-hdds-interface-admin/1.1.0-SNAPSHOT/hadoop-hdds-interface-admin-1.1.0-SNAPSHOT.jar:/home/user/.m2/repository/org/eclipse/jetty/jetty-servlet/9.4.34.v20201102/jetty-servlet-9.4.34.v20201102.jar:/home/user/.m2/repository/org/eclipse/jetty/jetty-security/9.4.34.v20201102/jetty-security-9.4.34.v20201102.jar:/home/user/.m2/repository/org/rocksdb/rocksdbjni/6.8.1/rocksdbjni-6.8.1.jar:/home/user/.m2/repository/io/prometheus/simpleclient_dropwizard/0.7.0/simpleclient_dropwizard-0.7.0.jar:/home/user/.m2/repository/io/prometheus/simpleclient/0.7.0/simpleclient-0.7.0.jar:/home/user/.m2/repository/io/prometheus/simpleclient_common/0.7.0/simpleclient_common-0.7.0.jar:/home/user/.m2/repository/com/fasterxml/jackson/datatype/jackson-datatype-jsr310/2.10.3/jackson-datatype-jsr310-2.10.3.jar:/home/user/.m2/repository/io/dropwizard/metrics/metrics-core/3.2.4/metrics-core-3.2.4.jar:/home/user/.m2/repository/org/apache/hadoop/hadoop-hdfs-client/3.2.1/hadoop-hdfs-client-3.2.1.jar:/home/user/.m2/repository/org/bouncycastle/bcprov-jdk15on/1.60/bcprov-jdk15on-1.60.jar:/home/user/.m2/repository/org/apache/hadoop/hadoop-ozone-ozone-manager/1.1.0-SNAPSHOT/hadoop-ozone-ozone-manager-1.1.0-SNAPSHOT.jar:/home/user/.m2/repository/org/apache/hadoop/hadoop-hdds-interface-client/1.1.0-SNAPSHOT/hadoop-hdds-interface-client-1.1.0-SNAPSHOT.jar:/home/user/.m2/repository/org/apache/ratis/ratis-thirdparty-misc/0.6.0-SNAPSHOT/ratis-thirdparty-misc-0.6.0-SNAPSHOT.jar:/home/user/.m2/repository/org/apache/hadoop/hadoop-ozone-interface-storage/1.1.0-SNAPSHOT/hadoop-ozone-interface-storage-1.1.0-SNAPSHOT.jar:/home/user/.m2/repository/org/apache/hadoop/hadoop-minikdc/3.2.1/hadoop-minikdc-3.2.1.jar:/home/user/.m2/repository/org/apache/kerby/kerb-simplekdc/1.0.1/kerb-simplekdc-1.0.1.jar:/home/user/.m2/repository/org/apache/kerby/kerb-client/1.0.1/kerb-client-1.0.1.jar:/home/user/.m2/repository/org/apache/kerby/kerby-config/1.0.1/kerby-config-1.0.1.jar:/home/user/.m2/repository/org/apache/kerby/kerb-core/1.0.1/kerb-core-1.0.1.jar:/home/user/.m2/repository/org/apache/kerby/kerby-pkix/1.0.1/kerby-pkix-1.0.1.jar:/home/user/.m2/repository/org/apache/kerby/kerby-asn1/1.0.1/kerby-asn1-1.0.1.jar:/home/user/.m2/repository/org/apache/kerby/kerby-util/1.0.1/kerby-util-1.0.1.jar:/home/user/.m2/repository/org/apache/kerby/kerb-common/1.0.1/kerb-common-1.0.1.jar:/home/user/.m2/repository/org/apache/kerby/kerb-crypto/1.0.1/kerb-crypto-1.0.1.jar:/home/user/.m2/repository/org/apache/kerby/kerb-util/1.0.1/kerb-util-1.0.1.jar:/home/user/.m2/repository/org/apache/kerby/token-provider/1.0.1/token-provider-1.0.1.jar:/home/user/.m2/repository/org/apache/kerby/kerb-admin/1.0.1/kerb-admin-1.0.1.jar:/home/user/.m2/repository/org/apache/kerby/kerb-server/1.0.1/kerb-server-1.0.1.jar:/home/user/.m2/repository/org/apache/kerby/kerb-identity/1.0.1/kerb-identity-1.0.1.jar:/home/user/.m2/repository/org/apache/kerby/kerby-xdr/1.0.1/kerby-xdr-1.0.1.jar:/home/user/.m2/repository/org/slf4j/slf4j-log4j12/1.7.30/slf4j-log4j12-1.7.30.jar:/home/user/.m2/repository/org/apache/hadoop/hadoop-ozone-s3gateway/1.1.0-SNAPSHOT/hadoop-ozone-s3gateway-1.1.0-SNAPSHOT.jar:/home/user/.m2/repository/org/jboss/weld/servlet/weld-servlet/2.4.7.Final/weld-servlet-2.4.7.Final.jar:/home/user/.m2/repository/org/glassfish/jersey/containers/jersey-container-servlet-core/2.27/jersey-container-servlet-core-2.27.jar:/home/user/.m2/repository/org/glassfish/hk2/external/javax.inject/2.5.0-b42/javax.inject-2.5.0-b42.jar:/home/user/.m2/repository/org/glassfish/jersey/core/jersey-common/2.27/jersey-common-2.27.jar:/home/user/.m2/repository/org/glassfish/hk2/osgi-resource-locator/1.0.1/osgi-resource-locator-1.0.1.jar:/home/user/.m2/repository/javax/ws/rs/javax.ws.rs-api/2.1/javax.ws.rs-api-2.1.jar:/home/user/.m2/repository/org/glassfish/jersey/ext/cdi/jersey-cdi1x/2.27/jersey-cdi1x-2.27.jar:/home/user/.m2/repository/org/glassfish/jersey/inject/jersey-hk2/2.27/jersey-hk2-2.27.jar:/home/user/.m2/repository/org/glassfish/hk2/hk2-locator/2.5.0-b42/hk2-locator-2.5.0-b42.jar:/home/user/.m2/repository/org/javassist/javassist/3.22.0-CR2/javassist-3.22.0-CR2.jar:/home/user/.m2/repository/org/glassfish/hk2/hk2-api/2.5.0/hk2-api-2.5.0.jar:/home/user/.m2/repository/org/glassfish/hk2/external/jakarta.inject/2.5.0/jakarta.inject-2.5.0.jar:/home/user/.m2/repository/org/glassfish/hk2/hk2-utils/2.5.0/hk2-utils-2.5.0.jar:/home/user/.m2/repository/jakarta/annotation/jakarta.annotation-api/1.3.4/jakarta.annotation-api-1.3.4.jar:/home/user/.m2/repository/org/glassfish/hk2/external/aopalliance-repackaged/2.5.0/aopalliance-repackaged-2.5.0.jar:/home/user/.m2/repository/com/fasterxml/jackson/dataformat/jackson-dataformat-xml/2.10.3/jackson-dataformat-xml-2.10.3.jar:/home/user/.m2/repository/com/fasterxml/jackson/core/jackson-core/2.10.3/jackson-core-2.10.3.jar:/home/user/.m2/repository/com/fasterxml/jackson/module/jackson-module-jaxb-annotations/2.10.3/jackson-module-jaxb-annotations-2.10.3.jar:/home/user/.m2/repository/jakarta/xml/bind/jakarta.xml.bind-api/2.3.2/jakarta.xml.bind-api-2.3.2.jar:/home/user/.m2/repository/jakarta/activation/jakarta.activation-api/1.2.1/jakarta.activation-api-1.2.1.jar:/home/user/.m2/repository/org/codehaus/woodstox/stax2-api/3.1.4/stax2-api-3.1.4.jar:/home/user/.m2/repository/com/fasterxml/woodstox/woodstox-core/5.0.3/woodstox-core-5.0.3.jar:/home/user/.m2/repository/javax/enterprise/cdi-api/1.2/cdi-api-1.2.jar:/home/user/.m2/repository/javax/el/javax.el-api/3.0.0/javax.el-api-3.0.0.jar:/home/user/.m2/repository/javax/interceptor/javax.interceptor-api/1.2/javax.interceptor-api-1.2.jar:/home/user/.m2/repository/javax/inject/javax.inject/1/javax.inject-1.jar:/home/user/.m2/repository/com/sun/xml/bind/jaxb-impl/2.3.0.1/jaxb-impl-2.3.0.1.jar:/home/user/.m2/repository/com/sun/xml/bind/jaxb-core/2.3.0.1/jaxb-core-2.3.0.1.jar:/home/user/.m2/repository/javax/xml/bind/jaxb-api/2.3.0/jaxb-api-2.3.0.jar:/home/user/.m2/repository/javax/activation/activation/1.1.1/activation-1.1.1.jar:/home/user/.m2/repository/org/apache/hadoop/hadoop-ozone-csi/1.1.0-SNAPSHOT/hadoop-ozone-csi-1.1.0-SNAPSHOT.jar:/home/user/.m2/repository/com/google/protobuf/protobuf-java-util/3.11.0/protobuf-java-util-3.11.0.jar:/home/user/.m2/repository/com/google/code/gson/gson/2.2.4/gson-2.2.4.jar:/home/user/.m2/repository/org/apache/hadoop/hadoop-hdds-config/1.1.0-SNAPSHOT/hadoop-hdds-config-1.1.0-SNAPSHOT.jar:/home/user/.m2/repository/com/google/protobuf/protobuf-java/2.5.0/protobuf-java-2.5.0.jar:/home/user/.m2/repository/io/grpc/grpc-netty/1.29.0/grpc-netty-1.29.0.jar:/home/user/.m2/repository/io/grpc/grpc-core/1.29.0/grpc-core-1.29.0.jar:/home/user/.m2/repository/com/google/android/annotations/4.1.1.4/annotations-4.1.1.4.jar:/home/user/.m2/repository/io/perfmark/perfmark-api/0.19.0/perfmark-api-0.19.0.jar:/home/user/.m2/repository/io/netty/netty-codec-http2/4.1.48.Final/netty-codec-http2-4.1.48.Final.jar:/home/user/.m2/repository/io/netty/netty-codec/4.1.48.Final/netty-codec-4.1.48.Final.jar:/home/user/.m2/repository/io/netty/netty-handler/4.1.48.Final/netty-handler-4.1.48.Final.jar:/home/user/.m2/repository/io/netty/netty-codec-http/4.1.48.Final/netty-codec-http-4.1.48.Final.jar:/home/user/.m2/repository/io/netty/netty-handler-proxy/4.1.48.Final/netty-handler-proxy-4.1.48.Final.jar:/home/user/.m2/repository/io/netty/netty-codec-socks/4.1.48.Final/netty-codec-socks-4.1.48.Final.jar:/home/user/.m2/repository/io/netty/netty-transport-native-epoll/4.1.48.Final/netty-transport-native-epoll-4.1.48.Final.jar:/home/user/.m2/repository/io/netty/netty-common/4.1.48.Final/netty-common-4.1.48.Final.jar:/home/user/.m2/repository/io/netty/netty-buffer/4.1.48.Final/netty-buffer-4.1.48.Final.jar:/home/user/.m2/repository/io/netty/netty-transport/4.1.48.Final/netty-transport-4.1.48.Final.jar:/home/user/.m2/repository/io/netty/netty-resolver/4.1.48.Final/netty-resolver-4.1.48.Final.jar:/home/user/.m2/repository/io/netty/netty-transport-native-unix-common/4.1.48.Final/netty-transport-native-unix-common-4.1.48.Final.jar:/home/user/.m2/repository/io/grpc/grpc-protobuf/1.29.0/grpc-protobuf-1.29.0.jar:/home/user/.m2/repository/io/grpc/grpc-api/1.29.0/grpc-api-1.29.0.jar:/home/user/.m2/repository/io/grpc/grpc-context/1.29.0/grpc-context-1.29.0.jar:/home/user/.m2/repository/org/codehaus/mojo/animal-sniffer-annotations/1.18/animal-sniffer-annotations-1.18.jar:/home/user/.m2/repository/com/google/api/grpc/proto-google-common-protos/1.17.0/proto-google-common-protos-1.17.0.jar:/home/user/.m2/repository/io/grpc/grpc-protobuf-lite/1.29.0/grpc-protobuf-lite-1.29.0.jar:/home/user/.m2/repository/io/grpc/grpc-stub/1.29.0/grpc-stub-1.29.0.jar:/home/user/.m2/repository/org/apache/hadoop/hadoop-ozone-recon/1.1.0-SNAPSHOT/hadoop-ozone-recon-1.1.0-SNAPSHOT.jar:/home/user/.m2/repository/org/apache/hadoop/hadoop-ozone-reconcodegen/1.1.0-SNAPSHOT/hadoop-ozone-reconcodegen-1.1.0-SNAPSHOT.jar:/home/user/.m2/repository/com/google/inject/extensions/guice-multibindings/4.0/guice-multibindings-4.0.jar:/home/user/.m2/repository/com/google/inject/guice/4.0/guice-4.0.jar:/home/user/.m2/repository/aopalliance/aopalliance/1.0/aopalliance-1.0.jar:/home/user/.m2/repository/com/google/inject/extensions/guice-assistedinject/4.0/guice-assistedinject-4.0.jar:/home/user/.m2/repository/com/google/inject/extensions/guice-servlet/4.0/guice-servlet-4.0.jar:/home/user/.m2/repository/org/glassfish/jersey/containers/jersey-container-servlet/2.27/jersey-container-servlet-2.27.jar:/home/user/.m2/repository/org/glassfish/hk2/guice-bridge/2.5.0/guice-bridge-2.5.0.jar:/home/user/.m2/repository/org/glassfish/jersey/core/jersey-server/2.27/jersey-server-2.27.jar:/home/user/.m2/repository/org/glassfish/jersey/core/jersey-client/2.27/jersey-client-2.27.jar:/home/user/.m2/repository/org/glassfish/jersey/media/jersey-media-jaxb/2.27/jersey-media-jaxb-2.27.jar:/home/user/.m2/repository/javax/validation/validation-api/1.1.0.Final/validation-api-1.1.0.Final.jar:/home/user/.m2/repository/org/glassfish/jersey/media/jersey-media-json-jackson/2.27/jersey-media-json-jackson-2.27.jar:/home/user/.m2/repository/org/glassfish/jersey/ext/jersey-entity-filtering/2.27/jersey-entity-filtering-2.27.jar:/home/user/.m2/repository/org/jooq/jooq/3.11.10/jooq-3.11.10.jar:/home/user/.m2/repository/org/jooq/jooq-meta/3.11.10/jooq-meta-3.11.10.jar:/home/user/.m2/repository/org/jooq/jooq-codegen/3.11.10/jooq-codegen-3.11.10.jar:/home/user/.m2/repository/com/jolbox/bonecp/0.8.0.RELEASE/bonecp-0.8.0.RELEASE.jar:/home/user/.m2/repository/org/apache/derby/derby/10.14.2.0/derby-10.14.2.0.jar:/home/user/.m2/repository/org/xerial/sqlite-jdbc/3.25.2/sqlite-jdbc-3.25.2.jar:/home/user/.m2/repository/org/springframework/spring-jdbc/5.2.11.RELEASE/spring-jdbc-5.2.11.RELEASE.jar:/home/user/.m2/repository/org/springframework/spring-beans/5.2.11.RELEASE/spring-beans-5.2.11.RELEASE.jar:/home/user/.m2/repository/org/springframework/spring-core/5.2.11.RELEASE/spring-core-5.2.11.RELEASE.jar:/home/user/.m2/repository/org/springframework/spring-jcl/5.2.11.RELEASE/spring-jcl-5.2.11.RELEASE.jar:/home/user/.m2/repository/org/springframework/spring-tx/5.2.11.RELEASE/spring-tx-5.2.11.RELEASE.jar:/home/user/.m2/repository/org/apache/hadoop/hadoop-ozone-client/1.1.0-SNAPSHOT/hadoop-ozone-client-1.1.0-SNAPSHOT.jar:/home/user/.m2/repository/org/apache/hadoop/hadoop-ozone-filesystem/1.1.0-SNAPSHOT/hadoop-ozone-filesystem-1.1.0-SNAPSHOT.jar:/home/user/.m2/repository/org/apache/hadoop/hadoop-ozone-filesystem-common/1.1.0-SNAPSHOT/hadoop-ozone-filesystem-common-1.1.0-SNAPSHOT.jar:/home/user/.m2/repository/org/apache/hadoop/hadoop-ozone-tools/1.1.0-SNAPSHOT/hadoop-ozone-tools-1.1.0-SNAPSHOT.jar:/home/user/.m2/repository/org/apache/ratis/ratis-tools/1.1.0-913f5a4-SNAPSHOT/ratis-tools-1.1.0-913f5a4-SNAPSHOT.jar:/home/user/.m2/repository/org/apache/ratis/ratis-proto/1.1.0-913f5a4-SNAPSHOT/ratis-proto-1.1.0-913f5a4-SNAPSHOT.jar:/home/user/.m2/repository/org/apache/ratis/ratis-common/1.1.0-913f5a4-SNAPSHOT/ratis-common-1.1.0-913f5a4-SNAPSHOT.jar:/home/user/.m2/repository/com/amazonaws/aws-java-sdk-core/1.11.901/aws-java-sdk-core-1.11.901.jar:/home/user/.m2/repository/org/apache/httpcomponents/httpclient/4.5.13/httpclient-4.5.13.jar:/home/user/.m2/repository/org/apache/httpcomponents/httpcore/4.4.13/httpcore-4.4.13.jar:/home/user/.m2/repository/software/amazon/ion/ion-java/1.0.2/ion-java-1.0.2.jar:/home/user/.m2/repository/com/fasterxml/jackson/dataformat/jackson-dataformat-cbor/2.10.3/jackson-dataformat-cbor-2.10.3.jar:/home/user/.m2/repository/joda-time/joda-time/2.8.1/joda-time-2.8.1.jar:/home/user/.m2/repository/com/amazonaws/aws-java-sdk-s3/1.11.901/aws-java-sdk-s3-1.11.901.jar:/home/user/.m2/repository/com/amazonaws/aws-java-sdk-kms/1.11.901/aws-java-sdk-kms-1.11.901.jar:/home/user/.m2/repository/com/amazonaws/jmespath-java/1.11.901/jmespath-java-1.11.901.jar:/home/user/.m2/repository/org/kohsuke/metainf-services/metainf-services/1.8/metainf-services-1.8.jar:/home/user/.m2/repository/org/apache/hadoop/hadoop-hdds-tools/1.1.0-SNAPSHOT/hadoop-hdds-tools-1.1.0-SNAPSHOT.jar:/home/user/.m2/repository/commons-cli/commons-cli/1.2/commons-cli-1.2.jar:/home/user/.m2/repository/org/apache/commons/commons-lang3/3.7/commons-lang3-3.7.jar:/home/user/.m2/repository/org/apache/hadoop/hadoop-ozone-ozone-manager/1.1.0-SNAPSHOT/hadoop-ozone-ozone-manager-1.1.0-SNAPSHOT-tests.jar:/home/user/.m2/repository/org/apache/hadoop/hadoop-hdds-common/1.1.0-SNAPSHOT/hadoop-hdds-common-1.1.0-SNAPSHOT-tests.jar:/home/user/.m2/repository/org/apache/hadoop/hadoop-hdds-hadoop-dependency-client/1.1.0-SNAPSHOT/hadoop-hdds-hadoop-dependency-client-1.1.0-SNAPSHOT.jar:/home/user/.m2/repository/info/picocli/picocli/4.4.0/picocli-4.4.0.jar:/home/user/.m2/repository/com/fasterxml/jackson/core/jackson-annotations/2.10.3/jackson-annotations-2.10.3.jar:/home/user/.m2/repository/javax/annotation/javax.annotation-api/1.2/javax.annotation-api-1.2.jar:/home/user/.m2/repository/org/fusesource/leveldbjni/leveldbjni-all/1.8/leveldbjni-all-1.8.jar:/home/user/.m2/repository/org/apache/ratis/ratis-server/1.1.0-913f5a4-SNAPSHOT/ratis-server-1.1.0-913f5a4-SNAPSHOT.jar:/home/user/.m2/repository/org/apache/ratis/ratis-client/1.1.0-913f5a4-SNAPSHOT/ratis-client-1.1.0-913f5a4-SNAPSHOT.jar:/home/user/.m2/repository/org/apache/ratis/ratis-metrics/1.1.0-913f5a4-SNAPSHOT/ratis-metrics-1.1.0-913f5a4-SNAPSHOT.jar:/home/user/.m2/repository/org/apache/ratis/ratis-netty/1.1.0-913f5a4-SNAPSHOT/ratis-netty-1.1.0-913f5a4-SNAPSHOT.jar:/home/user/.m2/repository/org/apache/ratis/ratis-grpc/1.1.0-913f5a4-SNAPSHOT/ratis-grpc-1.1.0-913f5a4-SNAPSHOT.jar:/home/user/.m2/repository/org/apache/logging/log4j/log4j-api/2.13.3/log4j-api-2.13.3.jar:/home/user/.m2/repository/org/apache/logging/log4j/log4j-core/2.13.3/log4j-core-2.13.3.jar:/home/user/.m2/repository/com/lmax/disruptor/3.4.2/disruptor-3.4.2.jar:/home/user/.m2/repository/org/apache/commons/commons-pool2/2.6.0/commons-pool2-2.6.0.jar:/home/user/.m2/repository/org/bouncycastle/bcpkix-jdk15on/1.60/bcpkix-jdk15on-1.60.jar:/home/user/.m2/repository/commons-validator/commons-validator/1.6/commons-validator-1.6.jar:/home/user/.m2/repository/commons-beanutils/commons-beanutils/1.9.4/commons-beanutils-1.9.4.jar:/home/user/.m2/repository/commons-digester/commons-digester/1.8.1/commons-digester-1.8.1.jar:/home/user/.m2/repository/commons-collections/commons-collections/3.2.2/commons-collections-3.2.2.jar:/home/user/.m2/repository/io/jaegertracing/jaeger-client/1.2.0/jaeger-client-1.2.0.jar:/home/user/.m2/repository/io/jaegertracing/jaeger-thrift/1.2.0/jaeger-thrift-1.2.0.jar:/home/user/.m2/repository/org/apache/thrift/libthrift/0.13.0/libthrift-0.13.0.jar:/home/user/.m2/repository/com/squareup/okhttp3/okhttp/4.2.2/okhttp-4.2.2.jar:/home/user/.m2/repository/com/squareup/okio/okio/2.2.2/okio-2.2.2.jar:/home/user/.m2/repository/org/jetbrains/kotlin/kotlin-stdlib/1.3.50/kotlin-stdlib-1.3.50.jar:/home/user/.m2/repository/org/jetbrains/kotlin/kotlin-stdlib-common/1.3.50/kotlin-stdlib-common-1.3.50.jar:/home/user/.m2/repository/org/jetbrains/annotations/13.0/annotations-13.0.jar:/home/user/.m2/repository/io/jaegertracing/jaeger-core/1.2.0/jaeger-core-1.2.0.jar:/home/user/.m2/repository/io/jaegertracing/jaeger-tracerresolver/1.2.0/jaeger-tracerresolver-1.2.0.jar:/home/user/.m2/repository/io/opentracing/contrib/opentracing-tracerresolver/0.1.8/opentracing-tracerresolver-0.1.8.jar:/home/user/.m2/repository/io/opentracing/opentracing-util/0.33.0/opentracing-util-0.33.0.jar:/home/user/.m2/repository/io/opentracing/opentracing-api/0.33.0/opentracing-api-0.33.0.jar:/home/user/.m2/repository/io/opentracing/opentracing-noop/0.33.0/opentracing-noop-0.33.0.jar:/home/user/.m2/repository/org/yaml/snakeyaml/1.26/snakeyaml-1.26.jar:/home/user/.m2/repository/junit/junit/4.11/junit-4.11.jar:/home/user/.m2/repository/org/hamcrest/hamcrest-core/1.3/hamcrest-core-1.3.jar:/home/user/.m2/repository/org/openjdk/jmh/jmh-core/1.19/jmh-core-1.19.jar:/home/user/.m2/repository/net/sf/jopt-simple/jopt-simple/4.6/jopt-simple-4.6.jar:/home/user/.m2/repository/org/apache/commons/commons-math3/3.1.1/commons-math3-3.1.1.jar:/home/user/.m2/repository/org/openjdk/jmh/jmh-generator-annprocess/1.19/jmh-generator-annprocess-1.19.jar:/home/user/.m2/repository/org/mockito/mockito-all/1.8.5/mockito-all-1.8.5.jar:/home/user/.m2/repository/org/apache/hadoop/hadoop-kms/3.2.1/hadoop-kms-3.2.1.jar:/home/user/.m2/repository/org/apache/hadoop/hadoop-auth/3.2.1/hadoop-auth-3.2.1.jar:/home/user/.m2/repository/com/nimbusds/nimbus-jose-jwt/7.9/nimbus-jose-jwt-7.9.jar:/home/user/.m2/repository/com/github/stephenc/jcip/jcip-annotations/1.0-1/jcip-annotations-1.0-1.jar:/home/user/.m2/repository/net/minidev/json-smart/2.3/json-smart-2.3.jar:/home/user/.m2/repository/net/minidev/accessors-smart/1.2/accessors-smart-1.2.jar:/home/user/.m2/repository/org/ow2/asm/asm/5.0.4/asm-5.0.4.jar:/home/user/.m2/repository/org/apache/zookeeper/zookeeper/3.4.13/zookeeper-3.4.13.jar:/home/user/.m2/repository/org/apache/yetus/audience-annotations/0.5.0/audience-annotations-0.5.0.jar:/home/user/.m2/repository/org/apache/curator/curator-framework/2.13.0/curator-framework-2.13.0.jar:/home/user/.m2/repository/com/sun/jersey/jersey-core/1.19/jersey-core-1.19.jar:/home/user/.m2/repository/javax/ws/rs/jsr311-api/1.1.1/jsr311-api-1.1.1.jar:/home/user/.m2/repository/com/sun/jersey/jersey-server/1.19/jersey-server-1.19.jar:/home/user/.m2/repository/javax/servlet/javax.servlet-api/3.1.0/javax.servlet-api-3.1.0.jar:/home/user/.m2/repository/org/eclipse/jetty/jetty-server/9.4.34.v20201102/jetty-server-9.4.34.v20201102.jar:/home/user/.m2/repository/org/eclipse/jetty/jetty-http/9.4.34.v20201102/jetty-http-9.4.34.v20201102.jar:/home/user/.m2/repository/org/eclipse/jetty/jetty-io/9.4.34.v20201102/jetty-io-9.4.34.v20201102.jar:/home/user/.m2/repository/org/eclipse/jetty/jetty-webapp/9.4.34.v20201102/jetty-webapp-9.4.34.v20201102.jar:/home/user/.m2/repository/org/eclipse/jetty/jetty-xml/9.4.34.v20201102/jetty-xml-9.4.34.v20201102.jar:/home/user/.m2/repository/org/apache/hadoop/hadoop-common/3.2.1/hadoop-common-3.2.1.jar:/home/user/.m2/repository/commons-net/commons-net/3.6/commons-net-3.6.jar:/home/user/.m2/repository/com/sun/jersey/jersey-servlet/1.19/jersey-servlet-1.19.jar:/home/user/.m2/repository/com/sun/jersey/jersey-json/1.19/jersey-json-1.19.jar:/home/user/.m2/repository/org/codehaus/jettison/jettison/1.1/jettison-1.1.jar:/home/user/.m2/repository/org/codehaus/jackson/jackson-jaxrs/1.9.2/jackson-jaxrs-1.9.2.jar:/home/user/.m2/repository/org/codehaus/jackson/jackson-xc/1.9.2/jackson-xc-1.9.2.jar:/home/user/.m2/repository/org/apache/commons/commons-configuration2/2.1.1/commons-configuration2-2.1.1.jar:/home/user/.m2/repository/org/apache/commons/commons-text/1.4/commons-text-1.4.jar:/home/user/.m2/repository/com/google/re2j/re2j/1.1/re2j-1.1.jar:/home/user/.m2/repository/com/jcraft/jsch/0.1.54/jsch-0.1.54.jar:/home/user/.m2/repository/org/apache/curator/curator-client/2.13.0/curator-client-2.13.0.jar:/home/user/.m2/repository/org/apache/curator/curator-recipes/2.13.0/curator-recipes-2.13.0.jar:/home/user/.m2/repository/dnsjava/dnsjava/2.1.7/dnsjava-2.1.7.jar:/home/user/.m2/repository/org/slf4j/jul-to-slf4j/1.7.30/jul-to-slf4j-1.7.30.jar:/home/user/.m2/repository/org/eclipse/jetty/jetty-util/9.4.34.v20201102/jetty-util-9.4.34.v20201102.jar:/home/user/.m2/repository/com/fasterxml/jackson/core/jackson-databind/2.10.3/jackson-databind-2.10.3.jar:/home/user/.m2/repository/org/apache/hadoop/hadoop-kms/3.2.1/hadoop-kms-3.2.1-tests.jar:/home/user/.m2/repository/org/apache/hadoop/hadoop-hdds-server-scm/1.1.0-SNAPSHOT/hadoop-hdds-server-scm-1.1.0-SNAPSHOT-tests.jar:/home/user/.m2/repository/org/apache/hadoop/hadoop-hdds-container-service/1.1.0-SNAPSHOT/hadoop-hdds-container-service-1.1.0-SNAPSHOT-tests.jar:/home/user/.m2/repository/commons-codec/commons-codec/1.11/commons-codec-1.11.jar:/home/user/.m2/repository/org/apache/hadoop/hadoop-hdds-hadoop-dependency-test/1.1.0-SNAPSHOT/hadoop-hdds-hadoop-dependency-test-1.1.0-SNAPSHOT.jar:/home/user/.m2/repository/org/apache/hadoop/hadoop-common/3.2.1/hadoop-common-3.2.1-tests.jar:/home/user/.m2/repository/org/apache/hadoop/hadoop-hdfs/3.2.1/hadoop-hdfs-3.2.1-tests.jar:/home/user/.m2/repository/org/eclipse/jetty/jetty-util-ajax/9.4.34.v20201102/jetty-util-ajax-9.4.34.v20201102.jar:/home/user/.m2/repository/commons-daemon/commons-daemon/1.0.13/commons-daemon-1.0.13.jar:/home/user/.m2/repository/io/netty/netty/3.10.5.Final/netty-3.10.5.Final.jar:/home/user/.m2/repository/io/netty/netty-all/4.1.48.Final/netty-all-4.1.48.Final.jar:/home/user/.m2/repository/org/apache/htrace/htrace-core4/4.1.0-incubating/htrace-core4-4.1.0-incubating.jar:/home/user/.m2/repository/org/apache/hadoop/hadoop-distcp/3.2.1/hadoop-distcp-3.2.1.jar:/home/user/.m2/repository/org/apache/hadoop/hadoop-mapreduce-client-jobclient/3.2.1/hadoop-mapreduce-client-jobclient-3.2.1.jar:/home/user/.m2/repository/org/apache/hadoop/hadoop-mapreduce-client-common/3.2.1/hadoop-mapreduce-client-common-3.2.1.jar:/home/user/.m2/repository/org/apache/hadoop/hadoop-yarn-common/3.2.1/hadoop-yarn-common-3.2.1.jar:/home/user/.m2/repository/org/apache/hadoop/hadoop-yarn-api/3.2.1/hadoop-yarn-api-3.2.1.jar:/home/user/.m2/repository/com/sun/jersey/jersey-client/1.19/jersey-client-1.19.jar:/home/user/.m2/repository/com/sun/jersey/contribs/jersey-guice/1.19/jersey-guice-1.19.jar:/home/user/.m2/repository/com/fasterxml/jackson/jaxrs/jackson-jaxrs-json-provider/2.10.3/jackson-jaxrs-json-provider-2.10.3.jar:/home/user/.m2/repository/com/fasterxml/jackson/jaxrs/jackson-jaxrs-base/2.10.3/jackson-jaxrs-base-2.10.3.jar:/home/user/.m2/repository/org/apache/hadoop/hadoop-yarn-client/3.2.1/hadoop-yarn-client-3.2.1.jar:/home/user/.m2/repository/org/apache/hadoop/hadoop-mapreduce-client-core/3.2.1/hadoop-mapreduce-client-core-3.2.1.jar:/home/user/.m2/repository/org/apache/avro/avro/1.7.7/avro-1.7.7.jar:/home/user/.m2/repository/org/codehaus/jackson/jackson-core-asl/1.9.13/jackson-core-asl-1.9.13.jar:/home/user/.m2/repository/org/codehaus/jackson/jackson-mapper-asl/1.9.13/jackson-mapper-asl-1.9.13.jar:/home/user/.m2/repository/com/thoughtworks/paranamer/paranamer/2.3/paranamer-2.3.jar:/home/user/.m2/repository/org/xerial/snappy/snappy-java/1.0.5/snappy-java-1.0.5.jar:/home/user/.m2/repository/org/apache/hadoop/hadoop-annotations/3.2.1/hadoop-annotations-3.2.1.jar:/usr/lib/jvm/java-1.8.0-openjdk-1.8.0.232.b09-0.el7_7.x86_64/jre/../lib/tools.jar:/home/user/.m2/repository/org/apache/hadoop/hadoop-distcp/3.2.1/hadoop-distcp-3.2.1-tests.jar:"/>
    <property name="sun.cpu.endian" value="little"/>
    <property name="user.home" value="/home/user"/>
    <property name="user.language" value="en"/>
    <property name="java.specification.vendor" value="Oracle Corporation"/>
    <property name="java.home" value="/usr/lib/jvm/java-1.8.0-openjdk-1.8.0.232.b09-0.el7_7.x86_64/jre"/>
    <property name="java.security.krb5.conf" value="/github/workspace/mnt/ozone/hadoop-ozone/integration-test/target/test-classes/krb5.conf"/>
    <property name="basedir" value="/github/workspace/mnt/ozone/hadoop-ozone/integration-test"/>
    <property name="file.separator" value="/"/>
    <property name="line.separator" value="&#10;"/>
    <property name="java.vm.specification.vendor" value="Oracle Corporation"/>
    <property name="java.specification.name" value="Java Platform API Specification"/>
    <property name="java.awt.graphicsenv" value="sun.awt.X11GraphicsEnvironment"/>
    <property name="skip.installnpx" value="true"/>
    <property name="surefire.real.class.path" value="/github/workspace/mnt/ozone/hadoop-ozone/integration-test/target/surefire/surefirebooter2300925899958792461.jar:/home/user/.m2/repository/org/jacoco/org.jacoco.agent/0.8.5/org.jacoco.agent-0.8.5-runtime.jar"/>
    <property name="hadoop.log.dir" value="/github/workspace/mnt/ozone/hadoop-ozone/integration-test/target/log"/>
    <property name="sun.boot.class.path" value="/usr/lib/jvm/java-1.8.0-openjdk-1.8.0.232.b09-0.el7_7.x86_64/jre/lib/resources.jar:/usr/lib/jvm/java-1.8.0-openjdk-1.8.0.232.b09-0.el7_7.x86_64/jre/lib/rt.jar:/usr/lib/jvm/java-1.8.0-openjdk-1.8.0.232.b09-0.el7_7.x86_64/jre/lib/sunrsasign.jar:/usr/lib/jvm/java-1.8.0-openjdk-1.8.0.232.b09-0.el7_7.x86_64/jre/lib/jsse.jar:/usr/lib/jvm/java-1.8.0-openjdk-1.8.0.232.b09-0.el7_7.x86_64/jre/lib/jce.jar:/usr/lib/jvm/java-1.8.0-openjdk-1.8.0.232.b09-0.el7_7.x86_64/jre/lib/charsets.jar:/usr/lib/jvm/java-1.8.0-openjdk-1.8.0.232.b09-0.el7_7.x86_64/jre/lib/jfr.jar:/usr/lib/jvm/java-1.8.0-openjdk-1.8.0.232.b09-0.el7_7.x86_64/jre/classes"/>
    <property name="sun.management.compiler" value="HotSpot 64-Bit Tiered Compilers"/>
    <property name="skip.npx" value="true"/>
    <property name="java.runtime.version" value="1.8.0_232-b09"/>
    <property name="java.net.preferIPv4Stack" value="true"/>
    <property name="user.name" value="jenkins1001"/>
    <property name="path.separator" value=":"/>
    <property name="java.security.egd" value="file:///dev/urandom"/>
    <property name="os.version" value="5.4.0-1032-azure"/>
    <property name="java.endorsed.dirs" value="/usr/lib/jvm/java-1.8.0-openjdk-1.8.0.232.b09-0.el7_7.x86_64/jre/lib/endorsed"/>
    <property name="java.runtime.name" value="OpenJDK Runtime Environment"/>
    <property name="file.encoding" value="ANSI_X3.4-1968"/>
    <property name="java.vm.name" value="OpenJDK 64-Bit Server VM"/>
    <property name="test.build.webapps" value=""/>
    <property name="localRepository" value="/home/user/.m2/repository"/>
    <property name="java.vendor.url.bug" value="http://bugreport.sun.com/bugreport/"/>
    <property name="java.io.tmpdir" value="/tmp"/>
    <property name="require.test.libhadoop" value=""/>
    <property name="java.version" value="1.8.0_232"/>
    <property name="user.dir" value="/github/workspace/mnt/ozone/hadoop-ozone/integration-test"/>
    <property name="os.arch" value="amd64"/>
    <property name="java.vm.specification.name" value="Java Virtual Machine Specification"/>
    <property name="test.build.classes" value="/github/workspace/mnt/ozone/hadoop-ozone/integration-test/target/test-classes"/>
    <property name="java.awt.printerjob" value="sun.print.PSPrinterJob"/>
    <property name="sun.os.patch.level" value="unknown"/>
    <property name="hadoop.tmp.dir" value="/github/workspace/mnt/ozone/hadoop-ozone/integration-test/target/tmp"/>
    <property name="java.library.path" value="/usr/lib:/usr/java/packages/lib/amd64:/usr/lib64:/lib64:/lib:/usr/lib"/>
    <property name="java.vm.info" value="mixed mode"/>
    <property name="java.vendor" value="Oracle Corporation"/>
    <property name="java.vm.version" value="25.232-b09"/>
    <property name="java.ext.dirs" value="/usr/lib/jvm/java-1.8.0-openjdk-1.8.0.232.b09-0.el7_7.x86_64/jre/lib/ext:/usr/java/packages/lib/ext"/>
    <property name="sun.io.unicode.encoding" value="UnicodeLittle"/>
    <property name="java.class.version" value="52.0"/>
  </properties>
  <testcase name="testStoppedMaintenanceNodeTakesScmStateOnRestart" classname="org.apache.hadoop.ozone.scm.node.TestDecommissionAndMaintenance" time="51.619"/>
  <testcase name="testContainerIsReplicatedWhenAllNodesGotoMaintenance" classname="org.apache.hadoop.ozone.scm.node.TestDecommissionAndMaintenance" time="34.758">
    <failure message="expected:&lt;5&gt; but was:&lt;6&gt;" type="junit.framework.AssertionFailedError"><![CDATA[junit.framework.AssertionFailedError: expected:<5> but was:<6>
	at junit.framework.Assert.fail(Assert.java:57)
	at junit.framework.Assert.failNotEquals(Assert.java:329)
	at junit.framework.Assert.assertEquals(Assert.java:78)
	at junit.framework.Assert.assertEquals(Assert.java:234)
	at junit.framework.Assert.assertEquals(Assert.java:241)
	at junit.framework.TestCase.assertEquals(TestCase.java:409)
	at org.apache.hadoop.ozone.scm.node.TestDecommissionAndMaintenance.testContainerIsReplicatedWhenAllNodesGotoMaintenance(TestDecommissionAndMaintenance.java:394)
	at sun.reflect.NativeMethodAccessorImpl.invoke0(Native Method)
	at sun.reflect.NativeMethodAccessorImpl.invoke(NativeMethodAccessorImpl.java:62)
	at sun.reflect.DelegatingMethodAccessorImpl.invoke(DelegatingMethodAccessorImpl.java:43)
	at java.lang.reflect.Method.invoke(Method.java:498)
	at org.junit.runners.model.FrameworkMethod$1.runReflectiveCall(FrameworkMethod.java:47)
	at org.junit.internal.runners.model.ReflectiveCallable.run(ReflectiveCallable.java:12)
	at org.junit.runners.model.FrameworkMethod.invokeExplosively(FrameworkMethod.java:44)
	at org.junit.internal.runners.statements.InvokeMethod.evaluate(InvokeMethod.java:17)
	at org.junit.internal.runners.statements.RunBefores.evaluate(RunBefores.java:26)
	at org.junit.internal.runners.statements.RunAfters.evaluate(RunAfters.java:27)
	at org.junit.runners.ParentRunner.runLeaf(ParentRunner.java:271)
	at org.junit.runners.BlockJUnit4ClassRunner.runChild(BlockJUnit4ClassRunner.java:70)
	at org.junit.runners.BlockJUnit4ClassRunner.runChild(BlockJUnit4ClassRunner.java:50)
	at org.junit.runners.ParentRunner$3.run(ParentRunner.java:238)
	at org.junit.runners.ParentRunner$1.schedule(ParentRunner.java:63)
	at org.junit.runners.ParentRunner.runChildren(ParentRunner.java:236)
	at org.junit.runners.ParentRunner.access$000(ParentRunner.java:53)
	at org.junit.runners.ParentRunner$2.evaluate(ParentRunner.java:229)
	at org.junit.runners.ParentRunner.run(ParentRunner.java:309)
	at org.apache.maven.surefire.junit4.JUnit4Provider.execute(JUnit4Provider.java:365)
	at org.apache.maven.surefire.junit4.JUnit4Provider.executeWithRerun(JUnit4Provider.java:273)
	at org.apache.maven.surefire.junit4.JUnit4Provider.executeTestSet(JUnit4Provider.java:238)
	at org.apache.maven.surefire.junit4.JUnit4Provider.invoke(JUnit4Provider.java:159)
	at org.apache.maven.surefire.booter.ForkedBooter.invokeProviderInSameClassLoader(ForkedBooter.java:384)
	at org.apache.maven.surefire.booter.ForkedBooter.runSuitesInProcess(ForkedBooter.java:345)
	at org.apache.maven.surefire.booter.ForkedBooter.execute(ForkedBooter.java:126)
	at org.apache.maven.surefire.booter.ForkedBooter.main(ForkedBooter.java:418)
]]></failure>
    <system-out><![CDATA[2020-12-17 02:06:56,364 [Listener at 127.0.0.1/42829] WARN  server.ServerUtils (ServerUtils.java:getScmDbDir(148)) - ozone.scm.db.dirs is not configured. We recommend adding this setting. Falling back to ozone.metadata.dirs instead.
2020-12-17 02:06:56,367 [Listener at 127.0.0.1/42829] WARN  server.ServerUtils (ServerUtils.java:getScmDbDir(148)) - ozone.scm.db.dirs is not configured. We recommend adding this setting. Falling back to ozone.metadata.dirs instead.
2020-12-17 02:06:56,368 [Listener at 127.0.0.1/42829] WARN  db.DBStoreBuilder (DBStoreBuilder.java:applyDBDefinition(145)) - ozone.scm.db.dirs is not configured. We recommend adding this setting. Falling back to ozone.metadata.dirs instead.
2020-12-17 02:06:56,397 [Listener at 127.0.0.1/42829] INFO  net.NodeSchemaLoader (NodeSchemaLoader.java:loadSchemaFromFile(126)) - Loading file from sun.misc.CompoundEnumeration@4c49193a
2020-12-17 02:06:56,398 [Listener at 127.0.0.1/42829] INFO  net.NodeSchemaLoader (NodeSchemaLoader.java:loadSchema(172)) - Loading network topology layer schema file
2020-12-17 02:06:56,401 [Listener at 127.0.0.1/42829] INFO  node.SCMNodeManager (SCMNodeManager.java:<init>(123)) - Entering startup safe mode.
2020-12-17 02:06:56,402 [Listener at 127.0.0.1/42829] INFO  algorithms.ContainerPlacementPolicyFactory (ContainerPlacementPolicyFactory.java:getPolicy(60)) - Create container placement policy of type org.apache.hadoop.hdds.scm.container.placement.algorithms.SCMContainerPlacementRandom
2020-12-17 02:06:56,402 [Listener at 127.0.0.1/42829] INFO  algorithms.LeaderChoosePolicyFactory (LeaderChoosePolicyFactory.java:getPolicy(57)) - Create leader choose policy of type org.apache.hadoop.hdds.scm.pipeline.leader.choose.algorithms.DefaultLeaderChoosePolicy
2020-12-17 02:06:56,402 [Listener at 127.0.0.1/42829] INFO  pipeline.SCMPipelineManager (SCMPipelineManager.java:initializePipelineState(161)) - No pipeline exists in current db
2020-12-17 02:06:56,403 [Listener at 127.0.0.1/42829] INFO  algorithms.PipelineChoosePolicyFactory (PipelineChoosePolicyFactory.java:createPipelineChoosePolicyFromClass(75)) - Create pipeline choose policy of type org.apache.hadoop.hdds.scm.pipeline.choose.algorithms.RandomPipelineChoosePolicy
2020-12-17 02:06:56,404 [Listener at 127.0.0.1/42829] INFO  safemode.HealthyPipelineSafeModeRule (HealthyPipelineSafeModeRule.java:<init>(89)) - Total pipeline count is 0, healthy pipeline threshold count is 0
2020-12-17 02:06:56,404 [Listener at 127.0.0.1/42829] INFO  safemode.OneReplicaPipelineSafeModeRule (OneReplicaPipelineSafeModeRule.java:<init>(84)) - Total pipeline count is 0, pipeline's with at least one datanode reported threshold count is 0
2020-12-17 02:06:56,410 [Listener at 127.0.0.1/42829] INFO  ipc.CallQueueManager (CallQueueManager.java:<init>(84)) - Using callQueue: class java.util.concurrent.LinkedBlockingQueue, queueCapacity: 2000, scheduler: class org.apache.hadoop.ipc.DefaultRpcScheduler, ipcBackoff: false.
2020-12-17 02:06:56,411 [Socket Reader #1 for port 0] INFO  ipc.Server (Server.java:run(1219)) - Starting Socket Reader #1 for port 0
2020-12-17 02:06:56,412 [Listener at 0.0.0.0/41841] INFO  ipc.CallQueueManager (CallQueueManager.java:<init>(84)) - Using callQueue: class java.util.concurrent.LinkedBlockingQueue, queueCapacity: 2000, scheduler: class org.apache.hadoop.ipc.DefaultRpcScheduler, ipcBackoff: false.
2020-12-17 02:06:56,418 [Socket Reader #1 for port 0] INFO  ipc.Server (Server.java:run(1219)) - Starting Socket Reader #1 for port 0
2020-12-17 02:06:56,418 [Listener at 0.0.0.0/34009] INFO  ipc.CallQueueManager (CallQueueManager.java:<init>(84)) - Using callQueue: class java.util.concurrent.LinkedBlockingQueue, queueCapacity: 2000, scheduler: class org.apache.hadoop.ipc.DefaultRpcScheduler, ipcBackoff: false.
2020-12-17 02:06:56,419 [Socket Reader #1 for port 0] INFO  ipc.Server (Server.java:run(1219)) - Starting Socket Reader #1 for port 0
2020-12-17 02:06:56,427 [Listener at 0.0.0.0/40991] INFO  http.BaseHttpServer (BaseHttpServer.java:newHttpServer2BuilderForOzone(207)) - Starting Web-server for scm at: http://0.0.0.0:0
2020-12-17 02:06:56,427 [Listener at 0.0.0.0/40991] INFO  http.BaseHttpServer (BaseHttpServer.java:<init>(106)) - Hadoop Security Enabled: false Ozone Security Enabled: false Ozone HTTP Security Enabled: false 
2020-12-17 02:06:56,429 [Listener at 0.0.0.0/40991] INFO  server.AuthenticationFilter (AuthenticationFilter.java:constructSecretProvider(240)) - Unable to initialize FileSignerSecretProvider, falling back to use random secrets.
2020-12-17 02:06:56,430 [Listener at 0.0.0.0/40991] WARN  http.HttpRequestLog (HttpRequestLog.java:getRequestLog(103)) - Jetty request log can only be enabled using Log4j
2020-12-17 02:06:56,431 [Listener at 0.0.0.0/40991] INFO  http.HttpServer2 (HttpServer2.java:addGlobalFilter(1020)) - Added global filter 'safety' (class=org.apache.hadoop.hdds.server.http.HttpServer2$QuotingInputFilter)
2020-12-17 02:06:56,432 [Listener at 0.0.0.0/40991] INFO  http.HttpServer2 (HttpServer2.java:addFilter(996)) - Added filter static_user_filter (class=org.apache.hadoop.http.lib.StaticUserWebFilter$StaticUserFilter) to context scm
2020-12-17 02:06:56,432 [Listener at 0.0.0.0/40991] INFO  http.HttpServer2 (HttpServer2.java:addFilter(1004)) - Added filter static_user_filter (class=org.apache.hadoop.http.lib.StaticUserWebFilter$StaticUserFilter) to context static
2020-12-17 02:06:56,432 [Listener at 0.0.0.0/40991] INFO  http.HttpServer2 (HttpServer2.java:addFilter(1004)) - Added filter static_user_filter (class=org.apache.hadoop.http.lib.StaticUserWebFilter$StaticUserFilter) to context logs
2020-12-17 02:06:56,435 [Listener at 0.0.0.0/40991] INFO  server.StorageContainerManager (StorageContainerManager.java:start(789)) - StorageContainerLocationProtocol RPC server is listening at /0.0.0.0:40991
2020-12-17 02:06:56,436 [Listener at 0.0.0.0/40991] WARN  impl.MetricsConfig (MetricsConfig.java:loadFirst(134)) - Cannot locate configuration: tried hadoop-metrics2-storagecontainermanager.properties,hadoop-metrics2.properties
2020-12-17 02:06:56,437 [Listener at 0.0.0.0/40991] INFO  impl.MetricsSystemImpl (MetricsSystemImpl.java:startTimer(374)) - Scheduled Metric snapshot period at 10 second(s).
2020-12-17 02:06:56,437 [Listener at 0.0.0.0/40991] INFO  impl.MetricsSystemImpl (MetricsSystemImpl.java:start(191)) - StorageContainerManager metrics system started
2020-12-17 02:06:56,451 [Listener at 0.0.0.0/40991] WARN  impl.MetricsSystemImpl (MetricsSystemImpl.java:register(276)) - Sink prometheus already exists!
2020-12-17 02:06:56,470 [Listener at 0.0.0.0/40991] INFO  server.SCMClientProtocolServer (SCMClientProtocolServer.java:start(159)) - RPC server for Client  is listening at /0.0.0.0:40991
2020-12-17 02:06:56,472 [IPC Server Responder] INFO  ipc.Server (Server.java:run(1460)) - IPC Server Responder: starting
2020-12-17 02:06:56,473 [IPC Server listener on 0] INFO  ipc.Server (Server.java:run(1298)) - IPC Server listener on 0: starting
2020-12-17 02:06:56,482 [Listener at 0.0.0.0/40991] INFO  server.StorageContainerManager (StorageContainerManager.java:start(801)) - ScmBlockLocationProtocol RPC server is listening at /0.0.0.0:34009
2020-12-17 02:06:56,482 [Listener at 0.0.0.0/40991] INFO  server.SCMBlockProtocolServer (SCMBlockProtocolServer.java:start(150)) - RPC server for Block Protocol is listening at /0.0.0.0:34009
2020-12-17 02:06:56,484 [IPC Server Responder] INFO  ipc.Server (Server.java:run(1460)) - IPC Server Responder: starting
2020-12-17 02:06:56,484 [IPC Server listener on 0] INFO  ipc.Server (Server.java:run(1298)) - IPC Server listener on 0: starting
2020-12-17 02:06:56,488 [Listener at 0.0.0.0/40991] INFO  server.StorageContainerManager (StorageContainerManager.java:start(807)) - ScmDatanodeProtocl RPC server is listening at /0.0.0.0:41841
2020-12-17 02:06:56,488 [Listener at 0.0.0.0/40991] INFO  server.SCMDatanodeProtocolServer (SCMDatanodeProtocolServer.java:start(174)) - RPC server for DataNodes is listening at /0.0.0.0:41841
2020-12-17 02:06:56,496 [IPC Server Responder] INFO  ipc.Server (Server.java:run(1460)) - IPC Server Responder: starting
2020-12-17 02:06:56,497 [IPC Server listener on 0] INFO  ipc.Server (Server.java:run(1298)) - IPC Server listener on 0: starting
2020-12-17 02:06:56,519 [Listener at 0.0.0.0/40991] INFO  http.HttpServer2 (HttpServer2.java:bindListener(1238)) - Jetty bound to port 32979
2020-12-17 02:06:56,519 [Listener at 0.0.0.0/40991] INFO  server.Server (Server.java:doStart(375)) - jetty-9.4.34.v20201102; built: 2020-11-02T14:15:39.302Z; git: e46af88704a893fc12cb0e3bf46e2c7b48a009e7; jvm 1.8.0_232-b09
2020-12-17 02:06:56,522 [Listener at 0.0.0.0/40991] INFO  server.session (DefaultSessionIdManager.java:doStart(334)) - DefaultSessionIdManager workerName=node0
2020-12-17 02:06:56,522 [Listener at 0.0.0.0/40991] INFO  server.session (DefaultSessionIdManager.java:doStart(339)) - No SessionScavenger set, using defaults
2020-12-17 02:06:56,522 [Listener at 0.0.0.0/40991] INFO  server.session (HouseKeeper.java:startScavenging(132)) - node0 Scavenging every 660000ms
2020-12-17 02:06:56,523 [Listener at 0.0.0.0/40991] INFO  handler.ContextHandler (ContextHandler.java:doStart(916)) - Started o.e.j.s.ServletContextHandler@3a4dea70{logs,/logs,file:///github/workspace/mnt/ozone/hadoop-ozone/integration-test/target/log,AVAILABLE}
2020-12-17 02:06:56,524 [Listener at 0.0.0.0/40991] INFO  handler.ContextHandler (ContextHandler.java:doStart(916)) - Started o.e.j.s.ServletContextHandler@7892d7a7{static,/static,file:///github/workspace/mnt/ozone/hadoop-ozone/integration-test/target/test-classes/webapps/static,AVAILABLE}
2020-12-17 02:06:56,528 [Listener at 0.0.0.0/40991] INFO  handler.ContextHandler (ContextHandler.java:doStart(916)) - Started o.e.j.w.WebAppContext@49c15ad2{scm,/,file:///github/workspace/mnt/ozone/hadoop-ozone/integration-test/target/test-classes/webapps/scm/,AVAILABLE}{file:/github/workspace/mnt/ozone/hadoop-ozone/integration-test/target/test-classes/webapps/scm}
2020-12-17 02:06:56,530 [Listener at 0.0.0.0/40991] INFO  server.AbstractConnector (AbstractConnector.java:doStart(331)) - Started ServerConnector@67a02460{HTTP/1.1, (http/1.1)}{0.0.0.0:32979}
2020-12-17 02:06:56,530 [Listener at 0.0.0.0/40991] INFO  server.Server (Server.java:doStart(415)) - Started @52741ms
2020-12-17 02:06:56,530 [Listener at 0.0.0.0/40991] WARN  impl.MetricsSystemImpl (MetricsSystemImpl.java:register(276)) - Sink prometheus already exists!
2020-12-17 02:06:56,533 [Listener at 0.0.0.0/40991] INFO  http.BaseHttpServer (BaseHttpServer.java:updateConnectorAddress(327)) - HTTP server of scm listening at http://0.0.0.0:32979
2020-12-17 02:06:56,534 [Listener at 0.0.0.0/40991] WARN  server.ServerUtils (ServerUtils.java:getDBPath(225)) - ozone.om.db.dirs is not configured. We recommend adding this setting. Falling back to ozone.metadata.dirs instead.
2020-12-17 02:06:56,534 [org.apache.hadoop.util.JvmPauseMonitor$Monitor@3e7de165] INFO  util.JvmPauseMonitor (JvmPauseMonitor.java:run(188)) - Starting JVM pause monitor
2020-12-17 02:06:56,535 [Listener at 0.0.0.0/40991] INFO  ha.OMHANodeDetails (OMHANodeDetails.java:loadOMHAConfig(104)) - ozone.om.internal.service.id is not defined, falling back to ozone.om.service.ids to find serviceID for OzoneManager if it is HA enabled cluster
2020-12-17 02:06:56,535 [Listener at 0.0.0.0/40991] INFO  ha.OMHANodeDetails (OMHANodeDetails.java:loadOMHAConfig(213)) - Configuration either no ozone.om.address set. Falling back to the default OM address /127.0.0.1:0
2020-12-17 02:06:56,536 [Listener at 0.0.0.0/40991] INFO  ha.OMHANodeDetails (OMHANodeDetails.java:getOMNodeDetails(241)) - OM Service ID is not set. Setting it to the default ID: omServiceIdDefault
2020-12-17 02:06:56,536 [Listener at 0.0.0.0/40991] WARN  server.ServerUtils (ServerUtils.java:getDBPath(225)) - ozone.om.db.dirs is not configured. We recommend adding this setting. Falling back to ozone.metadata.dirs instead.
2020-12-17 02:06:56,536 [Listener at 0.0.0.0/40991] WARN  server.ServerUtils (ServerUtils.java:getDBPath(225)) - ozone.om.db.dirs is not configured. We recommend adding this setting. Falling back to ozone.metadata.dirs instead.
2020-12-17 02:06:56,543 [Listener at 0.0.0.0/40991] WARN  server.ServerUtils (ServerUtils.java:getDBPath(225)) - ozone.om.db.dirs is not configured. We recommend adding this setting. Falling back to ozone.metadata.dirs instead.
2020-12-17 02:06:56,544 [Listener at 0.0.0.0/40991] INFO  codec.OmKeyInfoCodec (OmKeyInfoCodec.java:<init>(41)) - OmKeyInfoCodec ignorePipeline = true
2020-12-17 02:06:56,544 [Listener at 0.0.0.0/40991] INFO  codec.RepeatedOmKeyInfoCodec (RepeatedOmKeyInfoCodec.java:<init>(40)) - RepeatedOmKeyInfoCodec ignorePipeline = true
2020-12-17 02:06:56,606 [Listener at 0.0.0.0/40991] INFO  om.OzoneManager (OzoneManager.java:addS3GVolumeToDB(3737)) - Created Volume s3v With Owner jenkins1001 required for S3Gateway operations.
2020-12-17 02:06:56,608 [Listener at 0.0.0.0/40991] INFO  ipc.CallQueueManager (CallQueueManager.java:<init>(84)) - Using callQueue: class java.util.concurrent.LinkedBlockingQueue, queueCapacity: 2000, scheduler: class org.apache.hadoop.ipc.DefaultRpcScheduler, ipcBackoff: false.
2020-12-17 02:06:56,613 [Socket Reader #1 for port 0] INFO  ipc.Server (Server.java:run(1219)) - Starting Socket Reader #1 for port 0
2020-12-17 02:06:56,629 [Listener at 127.0.0.1/44995] INFO  impl.MetricsSystemImpl (MetricsSystemImpl.java:init(158)) - OzoneManager metrics system started (again)
2020-12-17 02:06:56,630 [Listener at 127.0.0.1/44995] INFO  om.OzoneManager (OzoneManager.java:start(1144)) - OzoneManager RPC server is listening at localhost/127.0.0.1:44995
2020-12-17 02:06:56,634 [Listener at 127.0.0.1/44995] INFO  http.BaseHttpServer (BaseHttpServer.java:newHttpServer2BuilderForOzone(207)) - Starting Web-server for ozoneManager at: http://0.0.0.0:0
2020-12-17 02:06:56,634 [Listener at 127.0.0.1/44995] INFO  http.BaseHttpServer (BaseHttpServer.java:<init>(106)) - Hadoop Security Enabled: false Ozone Security Enabled: false Ozone HTTP Security Enabled: false 
2020-12-17 02:06:56,636 [Listener at 127.0.0.1/44995] INFO  server.AuthenticationFilter (AuthenticationFilter.java:constructSecretProvider(240)) - Unable to initialize FileSignerSecretProvider, falling back to use random secrets.
2020-12-17 02:06:56,636 [Listener at 127.0.0.1/44995] WARN  http.HttpRequestLog (HttpRequestLog.java:getRequestLog(103)) - Jetty request log can only be enabled using Log4j
2020-12-17 02:06:56,637 [Listener at 127.0.0.1/44995] INFO  http.HttpServer2 (HttpServer2.java:addGlobalFilter(1020)) - Added global filter 'safety' (class=org.apache.hadoop.hdds.server.http.HttpServer2$QuotingInputFilter)
2020-12-17 02:06:56,638 [Listener at 127.0.0.1/44995] INFO  http.HttpServer2 (HttpServer2.java:addFilter(996)) - Added filter static_user_filter (class=org.apache.hadoop.http.lib.StaticUserWebFilter$StaticUserFilter) to context ozoneManager
2020-12-17 02:06:56,638 [Listener at 127.0.0.1/44995] INFO  http.HttpServer2 (HttpServer2.java:addFilter(1004)) - Added filter static_user_filter (class=org.apache.hadoop.http.lib.StaticUserWebFilter$StaticUserFilter) to context static
2020-12-17 02:06:56,638 [Listener at 127.0.0.1/44995] INFO  http.HttpServer2 (HttpServer2.java:addFilter(1004)) - Added filter static_user_filter (class=org.apache.hadoop.http.lib.StaticUserWebFilter$StaticUserFilter) to context logs
2020-12-17 02:06:56,638 [Listener at 127.0.0.1/44995] INFO  http.HttpServer2 (HttpServer2.java:bindListener(1238)) - Jetty bound to port 34239
2020-12-17 02:06:56,639 [Listener at 127.0.0.1/44995] INFO  server.Server (Server.java:doStart(375)) - jetty-9.4.34.v20201102; built: 2020-11-02T14:15:39.302Z; git: e46af88704a893fc12cb0e3bf46e2c7b48a009e7; jvm 1.8.0_232-b09
2020-12-17 02:06:56,640 [Listener at 127.0.0.1/44995] INFO  server.session (DefaultSessionIdManager.java:doStart(334)) - DefaultSessionIdManager workerName=node0
2020-12-17 02:06:56,640 [Listener at 127.0.0.1/44995] INFO  server.session (DefaultSessionIdManager.java:doStart(339)) - No SessionScavenger set, using defaults
2020-12-17 02:06:56,641 [Listener at 127.0.0.1/44995] INFO  server.session (HouseKeeper.java:startScavenging(132)) - node0 Scavenging every 600000ms
2020-12-17 02:06:56,642 [Listener at 127.0.0.1/44995] INFO  handler.ContextHandler (ContextHandler.java:doStart(916)) - Started o.e.j.s.ServletContextHandler@78235b90{logs,/logs,file:///github/workspace/mnt/ozone/hadoop-ozone/integration-test/target/log,AVAILABLE}
2020-12-17 02:06:56,642 [Listener at 127.0.0.1/44995] INFO  handler.ContextHandler (ContextHandler.java:doStart(916)) - Started o.e.j.s.ServletContextHandler@2b647344{static,/static,file:///github/workspace/mnt/ozone/hadoop-ozone/integration-test/target/test-classes/webapps/static,AVAILABLE}
2020-12-17 02:06:56,646 [Listener at 127.0.0.1/44995] INFO  handler.ContextHandler (ContextHandler.java:doStart(916)) - Started o.e.j.w.WebAppContext@1332d4ae{ozoneManager,/,file:///github/workspace/mnt/ozone/hadoop-ozone/integration-test/target/test-classes/webapps/ozoneManager/,AVAILABLE}{file:/github/workspace/mnt/ozone/hadoop-ozone/integration-test/target/test-classes/webapps/ozoneManager}
2020-12-17 02:06:56,649 [Listener at 127.0.0.1/44995] INFO  server.AbstractConnector (AbstractConnector.java:doStart(331)) - Started ServerConnector@44126e04{HTTP/1.1, (http/1.1)}{0.0.0.0:34239}
2020-12-17 02:06:56,649 [Listener at 127.0.0.1/44995] INFO  server.Server (Server.java:doStart(415)) - Started @52861ms
2020-12-17 02:06:56,650 [Listener at 127.0.0.1/44995] WARN  impl.MetricsSystemImpl (MetricsSystemImpl.java:register(276)) - Sink prometheus already exists!
2020-12-17 02:06:56,653 [Listener at 127.0.0.1/44995] INFO  http.BaseHttpServer (BaseHttpServer.java:updateConnectorAddress(327)) - HTTP server of ozoneManager listening at http://0.0.0.0:34239
2020-12-17 02:06:56,653 [IPC Server Responder] INFO  ipc.Server (Server.java:run(1460)) - IPC Server Responder: starting
2020-12-17 02:06:56,654 [IPC Server listener on 0] INFO  ipc.Server (Server.java:run(1298)) - IPC Server listener on 0: starting
2020-12-17 02:06:56,657 [Listener at 127.0.0.1/44995] INFO  om.OzoneManager (OzoneManager.java:startTrashEmptier(1265)) - Trash Interval set to 0. Files deleted will not move to trash
2020-12-17 02:06:56,658 [org.apache.hadoop.util.JvmPauseMonitor$Monitor@7a9ad451] INFO  util.JvmPauseMonitor (JvmPauseMonitor.java:run(188)) - Starting JVM pause monitor
2020-12-17 02:06:56,674 [Listener at 127.0.0.1/44995] INFO  impl.MetricsSystemImpl (MetricsSystemImpl.java:init(158)) - HddsDatanode metrics system started (again)
2020-12-17 02:06:56,679 [Listener at 127.0.0.1/44995] INFO  ozone.HddsDatanodeService (HddsDatanodeService.java:start(217)) - HddsDatanodeService host:89b9adae2c19 ip:172.17.0.2
2020-12-17 02:06:56,682 [Listener at 127.0.0.1/44995] INFO  volume.HddsVolume (HddsVolume.java:<init>(176)) - Creating Volume: /github/workspace/mnt/ozone/hadoop-ozone/integration-test/target/test-dir/MiniOzoneClusterImpl-b9724c50-03f5-4055-971c-7bf7c5f09f05/datanode-0/data-0/containers/hdds of storage type : DISK and capacity : 9223372036854775807
2020-12-17 02:06:56,682 [Listener at 127.0.0.1/44995] INFO  volume.MutableVolumeSet (MutableVolumeSet.java:initializeVolumeSet(179)) - Added Volume : /github/workspace/mnt/ozone/hadoop-ozone/integration-test/target/test-dir/MiniOzoneClusterImpl-b9724c50-03f5-4055-971c-7bf7c5f09f05/datanode-0/data-0/containers/hdds to VolumeSet
2020-12-17 02:06:56,683 [Listener at 127.0.0.1/44995] INFO  volume.ThrottledAsyncChecker (ThrottledAsyncChecker.java:schedule(141)) - Scheduling a check for /github/workspace/mnt/ozone/hadoop-ozone/integration-test/target/test-dir/MiniOzoneClusterImpl-b9724c50-03f5-4055-971c-7bf7c5f09f05/datanode-0/data-0/containers/hdds
2020-12-17 02:06:56,686 [Listener at 127.0.0.1/44995] INFO  volume.HddsVolumeChecker (HddsVolumeChecker.java:checkAllVolumes(200)) - Scheduled health check for volume /github/workspace/mnt/ozone/hadoop-ozone/integration-test/target/test-dir/MiniOzoneClusterImpl-b9724c50-03f5-4055-971c-7bf7c5f09f05/datanode-0/data-0/containers/hdds
2020-12-17 02:06:56,700 [Thread-728] INFO  ozoneimpl.ContainerReader (ContainerReader.java:readVolume(123)) - Start to verify containers on volume /github/workspace/mnt/ozone/hadoop-ozone/integration-test/target/test-dir/MiniOzoneClusterImpl-b9724c50-03f5-4055-971c-7bf7c5f09f05/datanode-0/data-0/containers/hdds
2020-12-17 02:06:56,701 [Thread-728] INFO  ozoneimpl.ContainerReader (ContainerReader.java:readVolume(148)) - Finish verifying containers on volume /github/workspace/mnt/ozone/hadoop-ozone/integration-test/target/test-dir/MiniOzoneClusterImpl-b9724c50-03f5-4055-971c-7bf7c5f09f05/datanode-0/data-0/containers/hdds
2020-12-17 02:06:56,701 [Listener at 127.0.0.1/44995] INFO  ozoneimpl.OzoneContainer (OzoneContainer.java:buildContainerSet(194)) - Build ContainerSet costs 0s
2020-12-17 02:06:56,703 [Listener at 127.0.0.1/44995] INFO  impl.RaftServerProxy (ConfUtils.java:logGet(44)) - raft.rpc.type = GRPC (default)
2020-12-17 02:06:56,703 [Listener at 127.0.0.1/44995] INFO  grpc.GrpcFactory (GrpcFactory.java:checkPooledByteBufAllocatorUseCacheForAllThreads(45)) - PERFORMANCE WARNING: useCacheForAllThreads is true that may cause Netty to create a lot garbage objects and, as a result, trigger GC.
	It is recommended to disable useCacheForAllThreads by setting -Dorg.apache.ratis.thirdparty.io.netty.allocator.useCacheForAllThreads=false in command line.
2020-12-17 02:06:56,703 [Listener at 127.0.0.1/44995] INFO  grpc.GrpcConfigKeys (ConfUtils.java:logGet(44)) - raft.grpc.server.port = 0 (default)
2020-12-17 02:06:56,703 [Listener at 127.0.0.1/44995] INFO  server.GrpcService (ConfUtils.java:logGet(44)) - raft.grpc.message.size.max = 32MB (=33554432) (custom)
2020-12-17 02:06:56,703 [Listener at 127.0.0.1/44995] INFO  server.RaftServerConfigKeys (ConfUtils.java:logGet(44)) - raft.server.log.appender.buffer.byte-limit = 33554432 (custom)
2020-12-17 02:06:56,704 [Listener at 127.0.0.1/44995] INFO  server.GrpcService (ConfUtils.java:logGet(44)) - raft.grpc.flow.control.window = 5MB (=5242880) (custom)
2020-12-17 02:06:56,704 [Listener at 127.0.0.1/44995] INFO  server.RaftServerConfigKeys (ConfUtils.java:logGet(44)) - raft.server.rpc.request.timeout = 60s (custom)
2020-12-17 02:06:56,705 [Listener at 127.0.0.1/44995] INFO  impl.DataStreamServerImpl (ConfUtils.java:logGet(44)) - raft.datastream.type = DISABLED (default)
2020-12-17 02:06:56,706 [Listener at 127.0.0.1/44995] INFO  server.RaftServerConfigKeys (ConfUtils.java:logGet(44)) - raft.server.storage.dir = [/github/workspace/mnt/ozone/hadoop-ozone/integration-test/target/test-dir/MiniOzoneClusterImpl-b9724c50-03f5-4055-971c-7bf7c5f09f05/datanode-0/data/ratis] (custom)
2020-12-17 02:06:56,711 [Listener at 127.0.0.1/44995] INFO  http.BaseHttpServer (BaseHttpServer.java:newHttpServer2BuilderForOzone(207)) - Starting Web-server for hddsDatanode at: http://0.0.0.0:0
2020-12-17 02:06:56,711 [Listener at 127.0.0.1/44995] INFO  http.BaseHttpServer (BaseHttpServer.java:<init>(106)) - Hadoop Security Enabled: false Ozone Security Enabled: false Ozone HTTP Security Enabled: false 
2020-12-17 02:06:56,712 [Listener at 127.0.0.1/44995] INFO  server.AuthenticationFilter (AuthenticationFilter.java:constructSecretProvider(240)) - Unable to initialize FileSignerSecretProvider, falling back to use random secrets.
2020-12-17 02:06:56,713 [Listener at 127.0.0.1/44995] WARN  http.HttpRequestLog (HttpRequestLog.java:getRequestLog(103)) - Jetty request log can only be enabled using Log4j
2020-12-17 02:06:56,714 [Listener at 127.0.0.1/44995] INFO  http.HttpServer2 (HttpServer2.java:addGlobalFilter(1020)) - Added global filter 'safety' (class=org.apache.hadoop.hdds.server.http.HttpServer2$QuotingInputFilter)
2020-12-17 02:06:56,714 [Listener at 127.0.0.1/44995] INFO  http.HttpServer2 (HttpServer2.java:addFilter(996)) - Added filter static_user_filter (class=org.apache.hadoop.http.lib.StaticUserWebFilter$StaticUserFilter) to context hddsDatanode
2020-12-17 02:06:56,714 [Listener at 127.0.0.1/44995] INFO  http.HttpServer2 (HttpServer2.java:addFilter(1004)) - Added filter static_user_filter (class=org.apache.hadoop.http.lib.StaticUserWebFilter$StaticUserFilter) to context logs
2020-12-17 02:06:56,714 [Listener at 127.0.0.1/44995] INFO  http.HttpServer2 (HttpServer2.java:addFilter(1004)) - Added filter static_user_filter (class=org.apache.hadoop.http.lib.StaticUserWebFilter$StaticUserFilter) to context static
2020-12-17 02:06:56,715 [Listener at 127.0.0.1/44995] INFO  http.HttpServer2 (HttpServer2.java:bindListener(1238)) - Jetty bound to port 46755
2020-12-17 02:06:56,715 [Listener at 127.0.0.1/44995] INFO  server.Server (Server.java:doStart(375)) - jetty-9.4.34.v20201102; built: 2020-11-02T14:15:39.302Z; git: e46af88704a893fc12cb0e3bf46e2c7b48a009e7; jvm 1.8.0_232-b09
2020-12-17 02:06:56,717 [Listener at 127.0.0.1/44995] INFO  server.session (DefaultSessionIdManager.java:doStart(334)) - DefaultSessionIdManager workerName=node0
2020-12-17 02:06:56,717 [Listener at 127.0.0.1/44995] INFO  server.session (DefaultSessionIdManager.java:doStart(339)) - No SessionScavenger set, using defaults
2020-12-17 02:06:56,717 [Listener at 127.0.0.1/44995] INFO  server.session (HouseKeeper.java:startScavenging(132)) - node0 Scavenging every 600000ms
2020-12-17 02:06:56,718 [Listener at 127.0.0.1/44995] INFO  handler.ContextHandler (ContextHandler.java:doStart(916)) - Started o.e.j.s.ServletContextHandler@622ae2ba{logs,/logs,file:///github/workspace/mnt/ozone/hadoop-ozone/integration-test/target/log,AVAILABLE}
2020-12-17 02:06:56,718 [Listener at 127.0.0.1/44995] INFO  handler.ContextHandler (ContextHandler.java:doStart(916)) - Started o.e.j.s.ServletContextHandler@2170c3ed{static,/static,jar:file:/home/user/.m2/repository/org/apache/hadoop/hadoop-hdds-container-service/1.1.0-SNAPSHOT/hadoop-hdds-container-service-1.1.0-SNAPSHOT.jar!/webapps/static,AVAILABLE}
2020-12-17 02:06:56,879 [Listener at 127.0.0.1/44995] INFO  handler.ContextHandler (ContextHandler.java:doStart(916)) - Started o.e.j.w.WebAppContext@50e7ee70{hddsDatanode,/,file:///tmp/jetty-0_0_0_0-46755-hadoop-hdds-container-service-1_1_0-SNAPSHOT_jar-_-any-1451326731522096880/webapp/,AVAILABLE}{jar:file:/home/user/.m2/repository/org/apache/hadoop/hadoop-hdds-container-service/1.1.0-SNAPSHOT/hadoop-hdds-container-service-1.1.0-SNAPSHOT.jar!/webapps/hddsDatanode}
2020-12-17 02:06:56,880 [Listener at 127.0.0.1/44995] INFO  server.AbstractConnector (AbstractConnector.java:doStart(331)) - Started ServerConnector@176b3279{HTTP/1.1, (http/1.1)}{0.0.0.0:46755}
2020-12-17 02:06:56,880 [Listener at 127.0.0.1/44995] INFO  server.Server (Server.java:doStart(415)) - Started @53092ms
2020-12-17 02:06:56,880 [Listener at 127.0.0.1/44995] WARN  impl.MetricsSystemImpl (MetricsSystemImpl.java:register(276)) - Sink prometheus already exists!
2020-12-17 02:06:56,884 [Listener at 127.0.0.1/44995] INFO  http.BaseHttpServer (BaseHttpServer.java:updateConnectorAddress(327)) - HTTP server of hddsDatanode listening at http://0.0.0.0:46755
2020-12-17 02:06:56,886 [Listener at 127.0.0.1/44995] INFO  impl.MetricsSystemImpl (MetricsSystemImpl.java:init(158)) - HddsDatanode metrics system started (again)
2020-12-17 02:06:56,887 [Listener at 127.0.0.1/44995] INFO  ozone.HddsDatanodeService (HddsDatanodeService.java:start(217)) - HddsDatanodeService host:89b9adae2c19 ip:172.17.0.2
2020-12-17 02:06:56,889 [Listener at 127.0.0.1/44995] INFO  volume.HddsVolume (HddsVolume.java:<init>(176)) - Creating Volume: /github/workspace/mnt/ozone/hadoop-ozone/integration-test/target/test-dir/MiniOzoneClusterImpl-b9724c50-03f5-4055-971c-7bf7c5f09f05/datanode-1/data-0/containers/hdds of storage type : DISK and capacity : 9223372036854775807
2020-12-17 02:06:56,890 [Listener at 127.0.0.1/44995] INFO  volume.MutableVolumeSet (MutableVolumeSet.java:initializeVolumeSet(179)) - Added Volume : /github/workspace/mnt/ozone/hadoop-ozone/integration-test/target/test-dir/MiniOzoneClusterImpl-b9724c50-03f5-4055-971c-7bf7c5f09f05/datanode-1/data-0/containers/hdds to VolumeSet
2020-12-17 02:06:56,890 [Listener at 127.0.0.1/44995] INFO  volume.ThrottledAsyncChecker (ThrottledAsyncChecker.java:schedule(141)) - Scheduling a check for /github/workspace/mnt/ozone/hadoop-ozone/integration-test/target/test-dir/MiniOzoneClusterImpl-b9724c50-03f5-4055-971c-7bf7c5f09f05/datanode-1/data-0/containers/hdds
2020-12-17 02:06:56,890 [Listener at 127.0.0.1/44995] INFO  volume.HddsVolumeChecker (HddsVolumeChecker.java:checkAllVolumes(200)) - Scheduled health check for volume /github/workspace/mnt/ozone/hadoop-ozone/integration-test/target/test-dir/MiniOzoneClusterImpl-b9724c50-03f5-4055-971c-7bf7c5f09f05/datanode-1/data-0/containers/hdds
2020-12-17 02:06:56,912 [org.apache.hadoop.util.JvmPauseMonitor$Monitor@3da69d1e] INFO  util.JvmPauseMonitor (JvmPauseMonitor.java:run(188)) - Starting JVM pause monitor
2020-12-17 02:06:56,913 [Thread-739] INFO  ozoneimpl.ContainerReader (ContainerReader.java:readVolume(123)) - Start to verify containers on volume /github/workspace/mnt/ozone/hadoop-ozone/integration-test/target/test-dir/MiniOzoneClusterImpl-b9724c50-03f5-4055-971c-7bf7c5f09f05/datanode-1/data-0/containers/hdds
2020-12-17 02:06:56,913 [Thread-739] INFO  ozoneimpl.ContainerReader (ContainerReader.java:readVolume(148)) - Finish verifying containers on volume /github/workspace/mnt/ozone/hadoop-ozone/integration-test/target/test-dir/MiniOzoneClusterImpl-b9724c50-03f5-4055-971c-7bf7c5f09f05/datanode-1/data-0/containers/hdds
2020-12-17 02:06:56,913 [Listener at 127.0.0.1/44995] INFO  ozoneimpl.OzoneContainer (OzoneContainer.java:buildContainerSet(194)) - Build ContainerSet costs 0s
2020-12-17 02:06:56,914 [Datanode State Machine Task Thread - 0] INFO  datanode.InitDatanodeState (InitDatanodeState.java:persistContainerDatanodeDetails(145)) - DatanodeDetails is persisted to /github/workspace/mnt/ozone/hadoop-ozone/integration-test/target/test-dir/MiniOzoneClusterImpl-b9724c50-03f5-4055-971c-7bf7c5f09f05/datanode-0/meta/datanode.id
2020-12-17 02:06:56,915 [Listener at 127.0.0.1/44995] INFO  impl.RaftServerProxy (ConfUtils.java:logGet(44)) - raft.rpc.type = GRPC (default)
2020-12-17 02:06:56,915 [Listener at 127.0.0.1/44995] INFO  grpc.GrpcFactory (GrpcFactory.java:checkPooledByteBufAllocatorUseCacheForAllThreads(45)) - PERFORMANCE WARNING: useCacheForAllThreads is true that may cause Netty to create a lot garbage objects and, as a result, trigger GC.
	It is recommended to disable useCacheForAllThreads by setting -Dorg.apache.ratis.thirdparty.io.netty.allocator.useCacheForAllThreads=false in command line.
2020-12-17 02:06:56,915 [Listener at 127.0.0.1/44995] INFO  grpc.GrpcConfigKeys (ConfUtils.java:logGet(44)) - raft.grpc.server.port = 0 (default)
2020-12-17 02:06:56,915 [Listener at 127.0.0.1/44995] INFO  server.GrpcService (ConfUtils.java:logGet(44)) - raft.grpc.message.size.max = 32MB (=33554432) (custom)
2020-12-17 02:06:56,915 [Listener at 127.0.0.1/44995] INFO  server.RaftServerConfigKeys (ConfUtils.java:logGet(44)) - raft.server.log.appender.buffer.byte-limit = 33554432 (custom)
2020-12-17 02:06:56,916 [Listener at 127.0.0.1/44995] INFO  server.GrpcService (ConfUtils.java:logGet(44)) - raft.grpc.flow.control.window = 5MB (=5242880) (custom)
2020-12-17 02:06:56,916 [Listener at 127.0.0.1/44995] INFO  server.RaftServerConfigKeys (ConfUtils.java:logGet(44)) - raft.server.rpc.request.timeout = 60s (custom)
2020-12-17 02:06:56,917 [Listener at 127.0.0.1/44995] INFO  impl.DataStreamServerImpl (ConfUtils.java:logGet(44)) - raft.datastream.type = DISABLED (default)
2020-12-17 02:06:56,917 [Listener at 127.0.0.1/44995] INFO  server.RaftServerConfigKeys (ConfUtils.java:logGet(44)) - raft.server.storage.dir = [/github/workspace/mnt/ozone/hadoop-ozone/integration-test/target/test-dir/MiniOzoneClusterImpl-b9724c50-03f5-4055-971c-7bf7c5f09f05/datanode-1/data/ratis] (custom)
2020-12-17 02:06:56,922 [Listener at 127.0.0.1/44995] INFO  http.BaseHttpServer (BaseHttpServer.java:newHttpServer2BuilderForOzone(207)) - Starting Web-server for hddsDatanode at: http://0.0.0.0:0
2020-12-17 02:06:56,922 [Listener at 127.0.0.1/44995] INFO  http.BaseHttpServer (BaseHttpServer.java:<init>(106)) - Hadoop Security Enabled: false Ozone Security Enabled: false Ozone HTTP Security Enabled: false 
2020-12-17 02:06:56,923 [Listener at 127.0.0.1/44995] INFO  server.AuthenticationFilter (AuthenticationFilter.java:constructSecretProvider(240)) - Unable to initialize FileSignerSecretProvider, falling back to use random secrets.
2020-12-17 02:06:56,924 [Listener at 127.0.0.1/44995] WARN  http.HttpRequestLog (HttpRequestLog.java:getRequestLog(103)) - Jetty request log can only be enabled using Log4j
2020-12-17 02:06:56,924 [Listener at 127.0.0.1/44995] INFO  http.HttpServer2 (HttpServer2.java:addGlobalFilter(1020)) - Added global filter 'safety' (class=org.apache.hadoop.hdds.server.http.HttpServer2$QuotingInputFilter)
2020-12-17 02:06:56,925 [Listener at 127.0.0.1/44995] INFO  http.HttpServer2 (HttpServer2.java:addFilter(996)) - Added filter static_user_filter (class=org.apache.hadoop.http.lib.StaticUserWebFilter$StaticUserFilter) to context hddsDatanode
2020-12-17 02:06:56,925 [Listener at 127.0.0.1/44995] INFO  http.HttpServer2 (HttpServer2.java:addFilter(1004)) - Added filter static_user_filter (class=org.apache.hadoop.http.lib.StaticUserWebFilter$StaticUserFilter) to context logs
2020-12-17 02:06:56,925 [Listener at 127.0.0.1/44995] INFO  http.HttpServer2 (HttpServer2.java:addFilter(1004)) - Added filter static_user_filter (class=org.apache.hadoop.http.lib.StaticUserWebFilter$StaticUserFilter) to context static
2020-12-17 02:06:56,926 [Listener at 127.0.0.1/44995] INFO  http.HttpServer2 (HttpServer2.java:bindListener(1238)) - Jetty bound to port 37323
2020-12-17 02:06:56,926 [Listener at 127.0.0.1/44995] INFO  server.Server (Server.java:doStart(375)) - jetty-9.4.34.v20201102; built: 2020-11-02T14:15:39.302Z; git: e46af88704a893fc12cb0e3bf46e2c7b48a009e7; jvm 1.8.0_232-b09
2020-12-17 02:06:56,928 [Listener at 127.0.0.1/44995] INFO  server.session (DefaultSessionIdManager.java:doStart(334)) - DefaultSessionIdManager workerName=node0
2020-12-17 02:06:56,928 [Listener at 127.0.0.1/44995] INFO  server.session (DefaultSessionIdManager.java:doStart(339)) - No SessionScavenger set, using defaults
2020-12-17 02:06:56,928 [Listener at 127.0.0.1/44995] INFO  server.session (HouseKeeper.java:startScavenging(132)) - node0 Scavenging every 660000ms
2020-12-17 02:06:56,929 [Listener at 127.0.0.1/44995] INFO  handler.ContextHandler (ContextHandler.java:doStart(916)) - Started o.e.j.s.ServletContextHandler@1e7535a4{logs,/logs,file:///github/workspace/mnt/ozone/hadoop-ozone/integration-test/target/log,AVAILABLE}
2020-12-17 02:06:56,929 [Listener at 127.0.0.1/44995] INFO  handler.ContextHandler (ContextHandler.java:doStart(916)) - Started o.e.j.s.ServletContextHandler@7979b166{static,/static,jar:file:/home/user/.m2/repository/org/apache/hadoop/hadoop-hdds-container-service/1.1.0-SNAPSHOT/hadoop-hdds-container-service-1.1.0-SNAPSHOT.jar!/webapps/static,AVAILABLE}
2020-12-17 02:06:57,089 [Listener at 127.0.0.1/44995] INFO  handler.ContextHandler (ContextHandler.java:doStart(916)) - Started o.e.j.w.WebAppContext@24fc59e3{hddsDatanode,/,file:///tmp/jetty-0_0_0_0-37323-hadoop-hdds-container-service-1_1_0-SNAPSHOT_jar-_-any-2649043099460265141/webapp/,AVAILABLE}{jar:file:/home/user/.m2/repository/org/apache/hadoop/hadoop-hdds-container-service/1.1.0-SNAPSHOT/hadoop-hdds-container-service-1.1.0-SNAPSHOT.jar!/webapps/hddsDatanode}
2020-12-17 02:06:57,090 [Listener at 127.0.0.1/44995] INFO  server.AbstractConnector (AbstractConnector.java:doStart(331)) - Started ServerConnector@43201fd1{HTTP/1.1, (http/1.1)}{0.0.0.0:37323}
2020-12-17 02:06:57,090 [Listener at 127.0.0.1/44995] INFO  server.Server (Server.java:doStart(415)) - Started @53302ms
2020-12-17 02:06:57,090 [Listener at 127.0.0.1/44995] WARN  impl.MetricsSystemImpl (MetricsSystemImpl.java:register(276)) - Sink prometheus already exists!
2020-12-17 02:06:57,094 [Listener at 127.0.0.1/44995] INFO  http.BaseHttpServer (BaseHttpServer.java:updateConnectorAddress(327)) - HTTP server of hddsDatanode listening at http://0.0.0.0:37323
2020-12-17 02:06:57,094 [Listener at 127.0.0.1/44995] INFO  impl.MetricsSystemImpl (MetricsSystemImpl.java:init(158)) - HddsDatanode metrics system started (again)
2020-12-17 02:06:57,096 [Listener at 127.0.0.1/44995] INFO  ozone.HddsDatanodeService (HddsDatanodeService.java:start(217)) - HddsDatanodeService host:89b9adae2c19 ip:172.17.0.2
2020-12-17 02:06:57,098 [Listener at 127.0.0.1/44995] INFO  volume.HddsVolume (HddsVolume.java:<init>(176)) - Creating Volume: /github/workspace/mnt/ozone/hadoop-ozone/integration-test/target/test-dir/MiniOzoneClusterImpl-b9724c50-03f5-4055-971c-7bf7c5f09f05/datanode-2/data-0/containers/hdds of storage type : DISK and capacity : 9223372036854775807
2020-12-17 02:06:57,099 [Listener at 127.0.0.1/44995] INFO  volume.MutableVolumeSet (MutableVolumeSet.java:initializeVolumeSet(179)) - Added Volume : /github/workspace/mnt/ozone/hadoop-ozone/integration-test/target/test-dir/MiniOzoneClusterImpl-b9724c50-03f5-4055-971c-7bf7c5f09f05/datanode-2/data-0/containers/hdds to VolumeSet
2020-12-17 02:06:57,099 [Listener at 127.0.0.1/44995] INFO  volume.ThrottledAsyncChecker (ThrottledAsyncChecker.java:schedule(141)) - Scheduling a check for /github/workspace/mnt/ozone/hadoop-ozone/integration-test/target/test-dir/MiniOzoneClusterImpl-b9724c50-03f5-4055-971c-7bf7c5f09f05/datanode-2/data-0/containers/hdds
2020-12-17 02:06:57,102 [org.apache.hadoop.util.JvmPauseMonitor$Monitor@5012c781] INFO  util.JvmPauseMonitor (JvmPauseMonitor.java:run(188)) - Starting JVM pause monitor
2020-12-17 02:06:57,103 [Datanode State Machine Task Thread - 0] INFO  datanode.InitDatanodeState (InitDatanodeState.java:persistContainerDatanodeDetails(145)) - DatanodeDetails is persisted to /github/workspace/mnt/ozone/hadoop-ozone/integration-test/target/test-dir/MiniOzoneClusterImpl-b9724c50-03f5-4055-971c-7bf7c5f09f05/datanode-1/meta/datanode.id
2020-12-17 02:06:57,103 [Listener at 127.0.0.1/44995] INFO  volume.HddsVolumeChecker (HddsVolumeChecker.java:checkAllVolumes(200)) - Scheduled health check for volume /github/workspace/mnt/ozone/hadoop-ozone/integration-test/target/test-dir/MiniOzoneClusterImpl-b9724c50-03f5-4055-971c-7bf7c5f09f05/datanode-2/data-0/containers/hdds
2020-12-17 02:06:57,116 [Thread-750] INFO  ozoneimpl.ContainerReader (ContainerReader.java:readVolume(123)) - Start to verify containers on volume /github/workspace/mnt/ozone/hadoop-ozone/integration-test/target/test-dir/MiniOzoneClusterImpl-b9724c50-03f5-4055-971c-7bf7c5f09f05/datanode-2/data-0/containers/hdds
2020-12-17 02:06:57,117 [Thread-750] INFO  ozoneimpl.ContainerReader (ContainerReader.java:readVolume(148)) - Finish verifying containers on volume /github/workspace/mnt/ozone/hadoop-ozone/integration-test/target/test-dir/MiniOzoneClusterImpl-b9724c50-03f5-4055-971c-7bf7c5f09f05/datanode-2/data-0/containers/hdds
2020-12-17 02:06:57,117 [Listener at 127.0.0.1/44995] INFO  ozoneimpl.OzoneContainer (OzoneContainer.java:buildContainerSet(194)) - Build ContainerSet costs 0s
2020-12-17 02:06:57,118 [Listener at 127.0.0.1/44995] INFO  impl.RaftServerProxy (ConfUtils.java:logGet(44)) - raft.rpc.type = GRPC (default)
2020-12-17 02:06:57,118 [Listener at 127.0.0.1/44995] INFO  grpc.GrpcFactory (GrpcFactory.java:checkPooledByteBufAllocatorUseCacheForAllThreads(45)) - PERFORMANCE WARNING: useCacheForAllThreads is true that may cause Netty to create a lot garbage objects and, as a result, trigger GC.
	It is recommended to disable useCacheForAllThreads by setting -Dorg.apache.ratis.thirdparty.io.netty.allocator.useCacheForAllThreads=false in command line.
2020-12-17 02:06:57,119 [Listener at 127.0.0.1/44995] INFO  grpc.GrpcConfigKeys (ConfUtils.java:logGet(44)) - raft.grpc.server.port = 0 (default)
2020-12-17 02:06:57,119 [Listener at 127.0.0.1/44995] INFO  server.GrpcService (ConfUtils.java:logGet(44)) - raft.grpc.message.size.max = 32MB (=33554432) (custom)
2020-12-17 02:06:57,119 [Listener at 127.0.0.1/44995] INFO  server.RaftServerConfigKeys (ConfUtils.java:logGet(44)) - raft.server.log.appender.buffer.byte-limit = 33554432 (custom)
2020-12-17 02:06:57,119 [Listener at 127.0.0.1/44995] INFO  server.GrpcService (ConfUtils.java:logGet(44)) - raft.grpc.flow.control.window = 5MB (=5242880) (custom)
2020-12-17 02:06:57,119 [Listener at 127.0.0.1/44995] INFO  server.RaftServerConfigKeys (ConfUtils.java:logGet(44)) - raft.server.rpc.request.timeout = 60s (custom)
2020-12-17 02:06:57,121 [Listener at 127.0.0.1/44995] INFO  impl.DataStreamServerImpl (ConfUtils.java:logGet(44)) - raft.datastream.type = DISABLED (default)
2020-12-17 02:06:57,121 [Listener at 127.0.0.1/44995] INFO  server.RaftServerConfigKeys (ConfUtils.java:logGet(44)) - raft.server.storage.dir = [/github/workspace/mnt/ozone/hadoop-ozone/integration-test/target/test-dir/MiniOzoneClusterImpl-b9724c50-03f5-4055-971c-7bf7c5f09f05/datanode-2/data/ratis] (custom)
2020-12-17 02:06:57,126 [Listener at 127.0.0.1/44995] INFO  http.BaseHttpServer (BaseHttpServer.java:newHttpServer2BuilderForOzone(207)) - Starting Web-server for hddsDatanode at: http://0.0.0.0:0
2020-12-17 02:06:57,126 [Listener at 127.0.0.1/44995] INFO  http.BaseHttpServer (BaseHttpServer.java:<init>(106)) - Hadoop Security Enabled: false Ozone Security Enabled: false Ozone HTTP Security Enabled: false 
2020-12-17 02:06:57,127 [Listener at 127.0.0.1/44995] INFO  server.AuthenticationFilter (AuthenticationFilter.java:constructSecretProvider(240)) - Unable to initialize FileSignerSecretProvider, falling back to use random secrets.
2020-12-17 02:06:57,127 [Listener at 127.0.0.1/44995] WARN  http.HttpRequestLog (HttpRequestLog.java:getRequestLog(103)) - Jetty request log can only be enabled using Log4j
2020-12-17 02:06:57,128 [Listener at 127.0.0.1/44995] INFO  http.HttpServer2 (HttpServer2.java:addGlobalFilter(1020)) - Added global filter 'safety' (class=org.apache.hadoop.hdds.server.http.HttpServer2$QuotingInputFilter)
2020-12-17 02:06:57,128 [Listener at 127.0.0.1/44995] INFO  http.HttpServer2 (HttpServer2.java:addFilter(996)) - Added filter static_user_filter (class=org.apache.hadoop.http.lib.StaticUserWebFilter$StaticUserFilter) to context hddsDatanode
2020-12-17 02:06:57,129 [Listener at 127.0.0.1/44995] INFO  http.HttpServer2 (HttpServer2.java:addFilter(1004)) - Added filter static_user_filter (class=org.apache.hadoop.http.lib.StaticUserWebFilter$StaticUserFilter) to context logs
2020-12-17 02:06:57,129 [Listener at 127.0.0.1/44995] INFO  http.HttpServer2 (HttpServer2.java:addFilter(1004)) - Added filter static_user_filter (class=org.apache.hadoop.http.lib.StaticUserWebFilter$StaticUserFilter) to context static
2020-12-17 02:06:57,129 [Listener at 127.0.0.1/44995] INFO  http.HttpServer2 (HttpServer2.java:bindListener(1238)) - Jetty bound to port 45913
2020-12-17 02:06:57,129 [Listener at 127.0.0.1/44995] INFO  server.Server (Server.java:doStart(375)) - jetty-9.4.34.v20201102; built: 2020-11-02T14:15:39.302Z; git: e46af88704a893fc12cb0e3bf46e2c7b48a009e7; jvm 1.8.0_232-b09
2020-12-17 02:06:57,134 [Listener at 127.0.0.1/44995] INFO  server.session (DefaultSessionIdManager.java:doStart(334)) - DefaultSessionIdManager workerName=node0
2020-12-17 02:06:57,134 [Listener at 127.0.0.1/44995] INFO  server.session (DefaultSessionIdManager.java:doStart(339)) - No SessionScavenger set, using defaults
2020-12-17 02:06:57,134 [Listener at 127.0.0.1/44995] INFO  server.session (HouseKeeper.java:startScavenging(132)) - node0 Scavenging every 660000ms
2020-12-17 02:06:57,135 [Listener at 127.0.0.1/44995] INFO  handler.ContextHandler (ContextHandler.java:doStart(916)) - Started o.e.j.s.ServletContextHandler@437231f5{logs,/logs,file:///github/workspace/mnt/ozone/hadoop-ozone/integration-test/target/log,AVAILABLE}
2020-12-17 02:06:57,136 [Listener at 127.0.0.1/44995] INFO  handler.ContextHandler (ContextHandler.java:doStart(916)) - Started o.e.j.s.ServletContextHandler@66fb1627{static,/static,jar:file:/home/user/.m2/repository/org/apache/hadoop/hadoop-hdds-container-service/1.1.0-SNAPSHOT/hadoop-hdds-container-service-1.1.0-SNAPSHOT.jar!/webapps/static,AVAILABLE}
2020-12-17 02:06:57,299 [Listener at 127.0.0.1/44995] INFO  handler.ContextHandler (ContextHandler.java:doStart(916)) - Started o.e.j.w.WebAppContext@682fec32{hddsDatanode,/,file:///tmp/jetty-0_0_0_0-45913-hadoop-hdds-container-service-1_1_0-SNAPSHOT_jar-_-any-6934593413220979260/webapp/,AVAILABLE}{jar:file:/home/user/.m2/repository/org/apache/hadoop/hadoop-hdds-container-service/1.1.0-SNAPSHOT/hadoop-hdds-container-service-1.1.0-SNAPSHOT.jar!/webapps/hddsDatanode}
2020-12-17 02:06:57,300 [Listener at 127.0.0.1/44995] INFO  server.AbstractConnector (AbstractConnector.java:doStart(331)) - Started ServerConnector@6fd364a3{HTTP/1.1, (http/1.1)}{0.0.0.0:45913}
2020-12-17 02:06:57,300 [Listener at 127.0.0.1/44995] INFO  server.Server (Server.java:doStart(415)) - Started @53512ms
2020-12-17 02:06:57,300 [Listener at 127.0.0.1/44995] WARN  impl.MetricsSystemImpl (MetricsSystemImpl.java:register(276)) - Sink prometheus already exists!
2020-12-17 02:06:57,304 [Listener at 127.0.0.1/44995] INFO  http.BaseHttpServer (BaseHttpServer.java:updateConnectorAddress(327)) - HTTP server of hddsDatanode listening at http://0.0.0.0:45913
2020-12-17 02:06:57,305 [Listener at 127.0.0.1/44995] INFO  impl.MetricsSystemImpl (MetricsSystemImpl.java:init(158)) - HddsDatanode metrics system started (again)
2020-12-17 02:06:57,306 [Listener at 127.0.0.1/44995] INFO  ozone.HddsDatanodeService (HddsDatanodeService.java:start(217)) - HddsDatanodeService host:89b9adae2c19 ip:172.17.0.2
2020-12-17 02:06:57,308 [Listener at 127.0.0.1/44995] INFO  volume.HddsVolume (HddsVolume.java:<init>(176)) - Creating Volume: /github/workspace/mnt/ozone/hadoop-ozone/integration-test/target/test-dir/MiniOzoneClusterImpl-b9724c50-03f5-4055-971c-7bf7c5f09f05/datanode-3/data-0/containers/hdds of storage type : DISK and capacity : 9223372036854775807
2020-12-17 02:06:57,308 [Listener at 127.0.0.1/44995] INFO  volume.MutableVolumeSet (MutableVolumeSet.java:initializeVolumeSet(179)) - Added Volume : /github/workspace/mnt/ozone/hadoop-ozone/integration-test/target/test-dir/MiniOzoneClusterImpl-b9724c50-03f5-4055-971c-7bf7c5f09f05/datanode-3/data-0/containers/hdds to VolumeSet
2020-12-17 02:06:57,308 [Listener at 127.0.0.1/44995] INFO  volume.ThrottledAsyncChecker (ThrottledAsyncChecker.java:schedule(141)) - Scheduling a check for /github/workspace/mnt/ozone/hadoop-ozone/integration-test/target/test-dir/MiniOzoneClusterImpl-b9724c50-03f5-4055-971c-7bf7c5f09f05/datanode-3/data-0/containers/hdds
2020-12-17 02:06:57,309 [Listener at 127.0.0.1/44995] INFO  volume.HddsVolumeChecker (HddsVolumeChecker.java:checkAllVolumes(200)) - Scheduled health check for volume /github/workspace/mnt/ozone/hadoop-ozone/integration-test/target/test-dir/MiniOzoneClusterImpl-b9724c50-03f5-4055-971c-7bf7c5f09f05/datanode-3/data-0/containers/hdds
2020-12-17 02:06:57,338 [org.apache.hadoop.util.JvmPauseMonitor$Monitor@374c9bf8] INFO  util.JvmPauseMonitor (JvmPauseMonitor.java:run(188)) - Starting JVM pause monitor
2020-12-17 02:06:57,338 [Thread-761] INFO  ozoneimpl.ContainerReader (ContainerReader.java:readVolume(123)) - Start to verify containers on volume /github/workspace/mnt/ozone/hadoop-ozone/integration-test/target/test-dir/MiniOzoneClusterImpl-b9724c50-03f5-4055-971c-7bf7c5f09f05/datanode-3/data-0/containers/hdds
2020-12-17 02:06:57,338 [Thread-761] INFO  ozoneimpl.ContainerReader (ContainerReader.java:readVolume(148)) - Finish verifying containers on volume /github/workspace/mnt/ozone/hadoop-ozone/integration-test/target/test-dir/MiniOzoneClusterImpl-b9724c50-03f5-4055-971c-7bf7c5f09f05/datanode-3/data-0/containers/hdds
2020-12-17 02:06:57,338 [Listener at 127.0.0.1/44995] INFO  ozoneimpl.OzoneContainer (OzoneContainer.java:buildContainerSet(194)) - Build ContainerSet costs 0s
2020-12-17 02:06:57,340 [Listener at 127.0.0.1/44995] INFO  impl.RaftServerProxy (ConfUtils.java:logGet(44)) - raft.rpc.type = GRPC (default)
2020-12-17 02:06:57,341 [Listener at 127.0.0.1/44995] INFO  grpc.GrpcFactory (GrpcFactory.java:checkPooledByteBufAllocatorUseCacheForAllThreads(45)) - PERFORMANCE WARNING: useCacheForAllThreads is true that may cause Netty to create a lot garbage objects and, as a result, trigger GC.
	It is recommended to disable useCacheForAllThreads by setting -Dorg.apache.ratis.thirdparty.io.netty.allocator.useCacheForAllThreads=false in command line.
2020-12-17 02:06:57,341 [Listener at 127.0.0.1/44995] INFO  grpc.GrpcConfigKeys (ConfUtils.java:logGet(44)) - raft.grpc.server.port = 0 (default)
2020-12-17 02:06:57,341 [Listener at 127.0.0.1/44995] INFO  server.GrpcService (ConfUtils.java:logGet(44)) - raft.grpc.message.size.max = 32MB (=33554432) (custom)
2020-12-17 02:06:57,341 [Listener at 127.0.0.1/44995] INFO  server.RaftServerConfigKeys (ConfUtils.java:logGet(44)) - raft.server.log.appender.buffer.byte-limit = 33554432 (custom)
2020-12-17 02:06:57,341 [Listener at 127.0.0.1/44995] INFO  server.GrpcService (ConfUtils.java:logGet(44)) - raft.grpc.flow.control.window = 5MB (=5242880) (custom)
2020-12-17 02:06:57,342 [Listener at 127.0.0.1/44995] INFO  server.RaftServerConfigKeys (ConfUtils.java:logGet(44)) - raft.server.rpc.request.timeout = 60s (custom)
2020-12-17 02:06:57,343 [Listener at 127.0.0.1/44995] INFO  impl.DataStreamServerImpl (ConfUtils.java:logGet(44)) - raft.datastream.type = DISABLED (default)
2020-12-17 02:06:57,343 [Listener at 127.0.0.1/44995] INFO  server.RaftServerConfigKeys (ConfUtils.java:logGet(44)) - raft.server.storage.dir = [/github/workspace/mnt/ozone/hadoop-ozone/integration-test/target/test-dir/MiniOzoneClusterImpl-b9724c50-03f5-4055-971c-7bf7c5f09f05/datanode-3/data/ratis] (custom)
2020-12-17 02:06:57,346 [Datanode State Machine Task Thread - 0] INFO  datanode.InitDatanodeState (InitDatanodeState.java:persistContainerDatanodeDetails(145)) - DatanodeDetails is persisted to /github/workspace/mnt/ozone/hadoop-ozone/integration-test/target/test-dir/MiniOzoneClusterImpl-b9724c50-03f5-4055-971c-7bf7c5f09f05/datanode-2/meta/datanode.id
2020-12-17 02:06:57,351 [Listener at 127.0.0.1/44995] INFO  http.BaseHttpServer (BaseHttpServer.java:newHttpServer2BuilderForOzone(207)) - Starting Web-server for hddsDatanode at: http://0.0.0.0:0
2020-12-17 02:06:57,351 [Listener at 127.0.0.1/44995] INFO  http.BaseHttpServer (BaseHttpServer.java:<init>(106)) - Hadoop Security Enabled: false Ozone Security Enabled: false Ozone HTTP Security Enabled: false 
2020-12-17 02:06:57,352 [Listener at 127.0.0.1/44995] INFO  server.AuthenticationFilter (AuthenticationFilter.java:constructSecretProvider(240)) - Unable to initialize FileSignerSecretProvider, falling back to use random secrets.
2020-12-17 02:06:57,353 [Listener at 127.0.0.1/44995] WARN  http.HttpRequestLog (HttpRequestLog.java:getRequestLog(103)) - Jetty request log can only be enabled using Log4j
2020-12-17 02:06:57,354 [Listener at 127.0.0.1/44995] INFO  http.HttpServer2 (HttpServer2.java:addGlobalFilter(1020)) - Added global filter 'safety' (class=org.apache.hadoop.hdds.server.http.HttpServer2$QuotingInputFilter)
2020-12-17 02:06:57,355 [Listener at 127.0.0.1/44995] INFO  http.HttpServer2 (HttpServer2.java:addFilter(996)) - Added filter static_user_filter (class=org.apache.hadoop.http.lib.StaticUserWebFilter$StaticUserFilter) to context hddsDatanode
2020-12-17 02:06:57,355 [Listener at 127.0.0.1/44995] INFO  http.HttpServer2 (HttpServer2.java:addFilter(1004)) - Added filter static_user_filter (class=org.apache.hadoop.http.lib.StaticUserWebFilter$StaticUserFilter) to context static
2020-12-17 02:06:57,355 [Listener at 127.0.0.1/44995] INFO  http.HttpServer2 (HttpServer2.java:addFilter(1004)) - Added filter static_user_filter (class=org.apache.hadoop.http.lib.StaticUserWebFilter$StaticUserFilter) to context logs
2020-12-17 02:06:57,355 [Listener at 127.0.0.1/44995] INFO  http.HttpServer2 (HttpServer2.java:bindListener(1238)) - Jetty bound to port 35751
2020-12-17 02:06:57,355 [Listener at 127.0.0.1/44995] INFO  server.Server (Server.java:doStart(375)) - jetty-9.4.34.v20201102; built: 2020-11-02T14:15:39.302Z; git: e46af88704a893fc12cb0e3bf46e2c7b48a009e7; jvm 1.8.0_232-b09
2020-12-17 02:06:57,358 [Listener at 127.0.0.1/44995] INFO  server.session (DefaultSessionIdManager.java:doStart(334)) - DefaultSessionIdManager workerName=node0
2020-12-17 02:06:57,358 [Listener at 127.0.0.1/44995] INFO  server.session (DefaultSessionIdManager.java:doStart(339)) - No SessionScavenger set, using defaults
2020-12-17 02:06:57,359 [Listener at 127.0.0.1/44995] INFO  server.session (HouseKeeper.java:startScavenging(132)) - node0 Scavenging every 600000ms
2020-12-17 02:06:57,359 [Listener at 127.0.0.1/44995] INFO  handler.ContextHandler (ContextHandler.java:doStart(916)) - Started o.e.j.s.ServletContextHandler@3c7ac542{logs,/logs,file:///github/workspace/mnt/ozone/hadoop-ozone/integration-test/target/log,AVAILABLE}
2020-12-17 02:06:57,360 [Listener at 127.0.0.1/44995] INFO  handler.ContextHandler (ContextHandler.java:doStart(916)) - Started o.e.j.s.ServletContextHandler@50242325{static,/static,jar:file:/home/user/.m2/repository/org/apache/hadoop/hadoop-hdds-container-service/1.1.0-SNAPSHOT/hadoop-hdds-container-service-1.1.0-SNAPSHOT.jar!/webapps/static,AVAILABLE}
2020-12-17 02:06:57,521 [Listener at 127.0.0.1/44995] INFO  handler.ContextHandler (ContextHandler.java:doStart(916)) - Started o.e.j.w.WebAppContext@69a245d6{hddsDatanode,/,file:///tmp/jetty-0_0_0_0-35751-hadoop-hdds-container-service-1_1_0-SNAPSHOT_jar-_-any-5582554697697455900/webapp/,AVAILABLE}{jar:file:/home/user/.m2/repository/org/apache/hadoop/hadoop-hdds-container-service/1.1.0-SNAPSHOT/hadoop-hdds-container-service-1.1.0-SNAPSHOT.jar!/webapps/hddsDatanode}
2020-12-17 02:06:57,523 [Listener at 127.0.0.1/44995] INFO  server.AbstractConnector (AbstractConnector.java:doStart(331)) - Started ServerConnector@64d11323{HTTP/1.1, (http/1.1)}{0.0.0.0:35751}
2020-12-17 02:06:57,523 [Listener at 127.0.0.1/44995] INFO  server.Server (Server.java:doStart(415)) - Started @53735ms
2020-12-17 02:06:57,524 [Listener at 127.0.0.1/44995] WARN  impl.MetricsSystemImpl (MetricsSystemImpl.java:register(276)) - Sink prometheus already exists!
2020-12-17 02:06:57,527 [Listener at 127.0.0.1/44995] INFO  http.BaseHttpServer (BaseHttpServer.java:updateConnectorAddress(327)) - HTTP server of hddsDatanode listening at http://0.0.0.0:35751
2020-12-17 02:06:57,529 [Listener at 127.0.0.1/44995] INFO  impl.MetricsSystemImpl (MetricsSystemImpl.java:init(158)) - HddsDatanode metrics system started (again)
2020-12-17 02:06:57,531 [Listener at 127.0.0.1/44995] INFO  ozone.HddsDatanodeService (HddsDatanodeService.java:start(217)) - HddsDatanodeService host:89b9adae2c19 ip:172.17.0.2
2020-12-17 02:06:57,533 [Listener at 127.0.0.1/44995] INFO  volume.HddsVolume (HddsVolume.java:<init>(176)) - Creating Volume: /github/workspace/mnt/ozone/hadoop-ozone/integration-test/target/test-dir/MiniOzoneClusterImpl-b9724c50-03f5-4055-971c-7bf7c5f09f05/datanode-4/data-0/containers/hdds of storage type : DISK and capacity : 9223372036854775807
2020-12-17 02:06:57,533 [Listener at 127.0.0.1/44995] INFO  volume.MutableVolumeSet (MutableVolumeSet.java:initializeVolumeSet(179)) - Added Volume : /github/workspace/mnt/ozone/hadoop-ozone/integration-test/target/test-dir/MiniOzoneClusterImpl-b9724c50-03f5-4055-971c-7bf7c5f09f05/datanode-4/data-0/containers/hdds to VolumeSet
2020-12-17 02:06:57,533 [Listener at 127.0.0.1/44995] INFO  volume.ThrottledAsyncChecker (ThrottledAsyncChecker.java:schedule(141)) - Scheduling a check for /github/workspace/mnt/ozone/hadoop-ozone/integration-test/target/test-dir/MiniOzoneClusterImpl-b9724c50-03f5-4055-971c-7bf7c5f09f05/datanode-4/data-0/containers/hdds
2020-12-17 02:06:57,535 [Listener at 127.0.0.1/44995] INFO  volume.HddsVolumeChecker (HddsVolumeChecker.java:checkAllVolumes(200)) - Scheduled health check for volume /github/workspace/mnt/ozone/hadoop-ozone/integration-test/target/test-dir/MiniOzoneClusterImpl-b9724c50-03f5-4055-971c-7bf7c5f09f05/datanode-4/data-0/containers/hdds
2020-12-17 02:06:57,545 [org.apache.hadoop.util.JvmPauseMonitor$Monitor@576168c4] INFO  util.JvmPauseMonitor (JvmPauseMonitor.java:run(188)) - Starting JVM pause monitor
2020-12-17 02:06:57,547 [Datanode State Machine Task Thread - 0] INFO  datanode.InitDatanodeState (InitDatanodeState.java:persistContainerDatanodeDetails(145)) - DatanodeDetails is persisted to /github/workspace/mnt/ozone/hadoop-ozone/integration-test/target/test-dir/MiniOzoneClusterImpl-b9724c50-03f5-4055-971c-7bf7c5f09f05/datanode-3/meta/datanode.id
2020-12-17 02:06:57,552 [Thread-772] INFO  ozoneimpl.ContainerReader (ContainerReader.java:readVolume(123)) - Start to verify containers on volume /github/workspace/mnt/ozone/hadoop-ozone/integration-test/target/test-dir/MiniOzoneClusterImpl-b9724c50-03f5-4055-971c-7bf7c5f09f05/datanode-4/data-0/containers/hdds
2020-12-17 02:06:57,552 [Thread-772] INFO  ozoneimpl.ContainerReader (ContainerReader.java:readVolume(148)) - Finish verifying containers on volume /github/workspace/mnt/ozone/hadoop-ozone/integration-test/target/test-dir/MiniOzoneClusterImpl-b9724c50-03f5-4055-971c-7bf7c5f09f05/datanode-4/data-0/containers/hdds
2020-12-17 02:06:57,552 [Listener at 127.0.0.1/44995] INFO  ozoneimpl.OzoneContainer (OzoneContainer.java:buildContainerSet(194)) - Build ContainerSet costs 0s
2020-12-17 02:06:57,554 [Listener at 127.0.0.1/44995] INFO  impl.RaftServerProxy (ConfUtils.java:logGet(44)) - raft.rpc.type = GRPC (default)
2020-12-17 02:06:57,555 [Listener at 127.0.0.1/44995] INFO  grpc.GrpcFactory (GrpcFactory.java:checkPooledByteBufAllocatorUseCacheForAllThreads(45)) - PERFORMANCE WARNING: useCacheForAllThreads is true that may cause Netty to create a lot garbage objects and, as a result, trigger GC.
	It is recommended to disable useCacheForAllThreads by setting -Dorg.apache.ratis.thirdparty.io.netty.allocator.useCacheForAllThreads=false in command line.
2020-12-17 02:06:57,555 [Listener at 127.0.0.1/44995] INFO  grpc.GrpcConfigKeys (ConfUtils.java:logGet(44)) - raft.grpc.server.port = 0 (default)
2020-12-17 02:06:57,555 [Listener at 127.0.0.1/44995] INFO  server.GrpcService (ConfUtils.java:logGet(44)) - raft.grpc.message.size.max = 32MB (=33554432) (custom)
2020-12-17 02:06:57,555 [Listener at 127.0.0.1/44995] INFO  server.RaftServerConfigKeys (ConfUtils.java:logGet(44)) - raft.server.log.appender.buffer.byte-limit = 33554432 (custom)
2020-12-17 02:06:57,555 [Listener at 127.0.0.1/44995] INFO  server.GrpcService (ConfUtils.java:logGet(44)) - raft.grpc.flow.control.window = 5MB (=5242880) (custom)
2020-12-17 02:06:57,555 [Listener at 127.0.0.1/44995] INFO  server.RaftServerConfigKeys (ConfUtils.java:logGet(44)) - raft.server.rpc.request.timeout = 60s (custom)
2020-12-17 02:06:57,556 [Listener at 127.0.0.1/44995] INFO  impl.DataStreamServerImpl (ConfUtils.java:logGet(44)) - raft.datastream.type = DISABLED (default)
2020-12-17 02:06:57,557 [Listener at 127.0.0.1/44995] INFO  server.RaftServerConfigKeys (ConfUtils.java:logGet(44)) - raft.server.storage.dir = [/github/workspace/mnt/ozone/hadoop-ozone/integration-test/target/test-dir/MiniOzoneClusterImpl-b9724c50-03f5-4055-971c-7bf7c5f09f05/datanode-4/data/ratis] (custom)
2020-12-17 02:06:57,561 [Listener at 127.0.0.1/44995] INFO  http.BaseHttpServer (BaseHttpServer.java:newHttpServer2BuilderForOzone(207)) - Starting Web-server for hddsDatanode at: http://0.0.0.0:0
2020-12-17 02:06:57,561 [Listener at 127.0.0.1/44995] INFO  http.BaseHttpServer (BaseHttpServer.java:<init>(106)) - Hadoop Security Enabled: false Ozone Security Enabled: false Ozone HTTP Security Enabled: false 
2020-12-17 02:06:57,562 [Listener at 127.0.0.1/44995] INFO  server.AuthenticationFilter (AuthenticationFilter.java:constructSecretProvider(240)) - Unable to initialize FileSignerSecretProvider, falling back to use random secrets.
2020-12-17 02:06:57,563 [Listener at 127.0.0.1/44995] WARN  http.HttpRequestLog (HttpRequestLog.java:getRequestLog(103)) - Jetty request log can only be enabled using Log4j
2020-12-17 02:06:57,563 [Listener at 127.0.0.1/44995] INFO  http.HttpServer2 (HttpServer2.java:addGlobalFilter(1020)) - Added global filter 'safety' (class=org.apache.hadoop.hdds.server.http.HttpServer2$QuotingInputFilter)
2020-12-17 02:06:57,564 [Listener at 127.0.0.1/44995] INFO  http.HttpServer2 (HttpServer2.java:addFilter(996)) - Added filter static_user_filter (class=org.apache.hadoop.http.lib.StaticUserWebFilter$StaticUserFilter) to context hddsDatanode
2020-12-17 02:06:57,564 [Listener at 127.0.0.1/44995] INFO  http.HttpServer2 (HttpServer2.java:addFilter(1004)) - Added filter static_user_filter (class=org.apache.hadoop.http.lib.StaticUserWebFilter$StaticUserFilter) to context logs
2020-12-17 02:06:57,565 [Listener at 127.0.0.1/44995] INFO  http.HttpServer2 (HttpServer2.java:addFilter(1004)) - Added filter static_user_filter (class=org.apache.hadoop.http.lib.StaticUserWebFilter$StaticUserFilter) to context static
2020-12-17 02:06:57,565 [Listener at 127.0.0.1/44995] INFO  http.HttpServer2 (HttpServer2.java:bindListener(1238)) - Jetty bound to port 33717
2020-12-17 02:06:57,565 [Listener at 127.0.0.1/44995] INFO  server.Server (Server.java:doStart(375)) - jetty-9.4.34.v20201102; built: 2020-11-02T14:15:39.302Z; git: e46af88704a893fc12cb0e3bf46e2c7b48a009e7; jvm 1.8.0_232-b09
2020-12-17 02:06:57,571 [Listener at 127.0.0.1/44995] INFO  server.session (DefaultSessionIdManager.java:doStart(334)) - DefaultSessionIdManager workerName=node0
2020-12-17 02:06:57,571 [Listener at 127.0.0.1/44995] INFO  server.session (DefaultSessionIdManager.java:doStart(339)) - No SessionScavenger set, using defaults
2020-12-17 02:06:57,572 [Listener at 127.0.0.1/44995] INFO  server.session (HouseKeeper.java:startScavenging(132)) - node0 Scavenging every 600000ms
2020-12-17 02:06:57,573 [Listener at 127.0.0.1/44995] INFO  handler.ContextHandler (ContextHandler.java:doStart(916)) - Started o.e.j.s.ServletContextHandler@4155e85d{logs,/logs,file:///github/workspace/mnt/ozone/hadoop-ozone/integration-test/target/log,AVAILABLE}
2020-12-17 02:06:57,573 [Listener at 127.0.0.1/44995] INFO  handler.ContextHandler (ContextHandler.java:doStart(916)) - Started o.e.j.s.ServletContextHandler@16e2a7be{static,/static,jar:file:/home/user/.m2/repository/org/apache/hadoop/hadoop-hdds-container-service/1.1.0-SNAPSHOT/hadoop-hdds-container-service-1.1.0-SNAPSHOT.jar!/webapps/static,AVAILABLE}
2020-12-17 02:06:57,741 [Listener at 127.0.0.1/44995] INFO  handler.ContextHandler (ContextHandler.java:doStart(916)) - Started o.e.j.w.WebAppContext@49a344c7{hddsDatanode,/,file:///tmp/jetty-0_0_0_0-33717-hadoop-hdds-container-service-1_1_0-SNAPSHOT_jar-_-any-2171951573404901108/webapp/,AVAILABLE}{jar:file:/home/user/.m2/repository/org/apache/hadoop/hadoop-hdds-container-service/1.1.0-SNAPSHOT/hadoop-hdds-container-service-1.1.0-SNAPSHOT.jar!/webapps/hddsDatanode}
2020-12-17 02:06:57,742 [Listener at 127.0.0.1/44995] INFO  server.AbstractConnector (AbstractConnector.java:doStart(331)) - Started ServerConnector@79b2b427{HTTP/1.1, (http/1.1)}{0.0.0.0:33717}
2020-12-17 02:06:57,742 [Listener at 127.0.0.1/44995] INFO  server.Server (Server.java:doStart(415)) - Started @53954ms
2020-12-17 02:06:57,743 [Listener at 127.0.0.1/44995] WARN  impl.MetricsSystemImpl (MetricsSystemImpl.java:register(276)) - Sink prometheus already exists!
2020-12-17 02:06:57,746 [Listener at 127.0.0.1/44995] INFO  http.BaseHttpServer (BaseHttpServer.java:updateConnectorAddress(327)) - HTTP server of hddsDatanode listening at http://0.0.0.0:33717
2020-12-17 02:06:57,747 [Listener at 127.0.0.1/44995] INFO  impl.MetricsSystemImpl (MetricsSystemImpl.java:init(158)) - HddsDatanode metrics system started (again)
2020-12-17 02:06:57,749 [Listener at 127.0.0.1/44995] INFO  ozone.HddsDatanodeService (HddsDatanodeService.java:start(217)) - HddsDatanodeService host:89b9adae2c19 ip:172.17.0.2
2020-12-17 02:06:57,752 [Listener at 127.0.0.1/44995] INFO  volume.HddsVolume (HddsVolume.java:<init>(176)) - Creating Volume: /github/workspace/mnt/ozone/hadoop-ozone/integration-test/target/test-dir/MiniOzoneClusterImpl-b9724c50-03f5-4055-971c-7bf7c5f09f05/datanode-5/data-0/containers/hdds of storage type : DISK and capacity : 9223372036854775807
2020-12-17 02:06:57,752 [Listener at 127.0.0.1/44995] INFO  volume.MutableVolumeSet (MutableVolumeSet.java:initializeVolumeSet(179)) - Added Volume : /github/workspace/mnt/ozone/hadoop-ozone/integration-test/target/test-dir/MiniOzoneClusterImpl-b9724c50-03f5-4055-971c-7bf7c5f09f05/datanode-5/data-0/containers/hdds to VolumeSet
2020-12-17 02:06:57,752 [Listener at 127.0.0.1/44995] INFO  volume.ThrottledAsyncChecker (ThrottledAsyncChecker.java:schedule(141)) - Scheduling a check for /github/workspace/mnt/ozone/hadoop-ozone/integration-test/target/test-dir/MiniOzoneClusterImpl-b9724c50-03f5-4055-971c-7bf7c5f09f05/datanode-5/data-0/containers/hdds
2020-12-17 02:06:57,753 [Listener at 127.0.0.1/44995] INFO  volume.HddsVolumeChecker (HddsVolumeChecker.java:checkAllVolumes(200)) - Scheduled health check for volume /github/workspace/mnt/ozone/hadoop-ozone/integration-test/target/test-dir/MiniOzoneClusterImpl-b9724c50-03f5-4055-971c-7bf7c5f09f05/datanode-5/data-0/containers/hdds
2020-12-17 02:06:57,754 [org.apache.hadoop.util.JvmPauseMonitor$Monitor@26d05a44] INFO  util.JvmPauseMonitor (JvmPauseMonitor.java:run(188)) - Starting JVM pause monitor
2020-12-17 02:06:57,760 [Datanode State Machine Task Thread - 0] INFO  datanode.InitDatanodeState (InitDatanodeState.java:persistContainerDatanodeDetails(145)) - DatanodeDetails is persisted to /github/workspace/mnt/ozone/hadoop-ozone/integration-test/target/test-dir/MiniOzoneClusterImpl-b9724c50-03f5-4055-971c-7bf7c5f09f05/datanode-4/meta/datanode.id
2020-12-17 02:06:57,767 [Thread-783] INFO  ozoneimpl.ContainerReader (ContainerReader.java:readVolume(123)) - Start to verify containers on volume /github/workspace/mnt/ozone/hadoop-ozone/integration-test/target/test-dir/MiniOzoneClusterImpl-b9724c50-03f5-4055-971c-7bf7c5f09f05/datanode-5/data-0/containers/hdds
2020-12-17 02:06:57,767 [Thread-783] INFO  ozoneimpl.ContainerReader (ContainerReader.java:readVolume(148)) - Finish verifying containers on volume /github/workspace/mnt/ozone/hadoop-ozone/integration-test/target/test-dir/MiniOzoneClusterImpl-b9724c50-03f5-4055-971c-7bf7c5f09f05/datanode-5/data-0/containers/hdds
2020-12-17 02:06:57,768 [Listener at 127.0.0.1/44995] INFO  ozoneimpl.OzoneContainer (OzoneContainer.java:buildContainerSet(194)) - Build ContainerSet costs 0s
2020-12-17 02:06:57,770 [Listener at 127.0.0.1/44995] INFO  impl.RaftServerProxy (ConfUtils.java:logGet(44)) - raft.rpc.type = GRPC (default)
2020-12-17 02:06:57,770 [Listener at 127.0.0.1/44995] INFO  grpc.GrpcFactory (GrpcFactory.java:checkPooledByteBufAllocatorUseCacheForAllThreads(45)) - PERFORMANCE WARNING: useCacheForAllThreads is true that may cause Netty to create a lot garbage objects and, as a result, trigger GC.
	It is recommended to disable useCacheForAllThreads by setting -Dorg.apache.ratis.thirdparty.io.netty.allocator.useCacheForAllThreads=false in command line.
2020-12-17 02:06:57,770 [Listener at 127.0.0.1/44995] INFO  grpc.GrpcConfigKeys (ConfUtils.java:logGet(44)) - raft.grpc.server.port = 0 (default)
2020-12-17 02:06:57,771 [Listener at 127.0.0.1/44995] INFO  server.GrpcService (ConfUtils.java:logGet(44)) - raft.grpc.message.size.max = 32MB (=33554432) (custom)
2020-12-17 02:06:57,771 [Listener at 127.0.0.1/44995] INFO  server.RaftServerConfigKeys (ConfUtils.java:logGet(44)) - raft.server.log.appender.buffer.byte-limit = 33554432 (custom)
2020-12-17 02:06:57,771 [Listener at 127.0.0.1/44995] INFO  server.GrpcService (ConfUtils.java:logGet(44)) - raft.grpc.flow.control.window = 5MB (=5242880) (custom)
2020-12-17 02:06:57,771 [Listener at 127.0.0.1/44995] INFO  server.RaftServerConfigKeys (ConfUtils.java:logGet(44)) - raft.server.rpc.request.timeout = 60s (custom)
2020-12-17 02:06:57,772 [Listener at 127.0.0.1/44995] INFO  impl.DataStreamServerImpl (ConfUtils.java:logGet(44)) - raft.datastream.type = DISABLED (default)
2020-12-17 02:06:57,772 [Listener at 127.0.0.1/44995] INFO  server.RaftServerConfigKeys (ConfUtils.java:logGet(44)) - raft.server.storage.dir = [/github/workspace/mnt/ozone/hadoop-ozone/integration-test/target/test-dir/MiniOzoneClusterImpl-b9724c50-03f5-4055-971c-7bf7c5f09f05/datanode-5/data/ratis] (custom)
2020-12-17 02:06:57,777 [Listener at 127.0.0.1/44995] INFO  http.BaseHttpServer (BaseHttpServer.java:newHttpServer2BuilderForOzone(207)) - Starting Web-server for hddsDatanode at: http://0.0.0.0:0
2020-12-17 02:06:57,777 [Listener at 127.0.0.1/44995] INFO  http.BaseHttpServer (BaseHttpServer.java:<init>(106)) - Hadoop Security Enabled: false Ozone Security Enabled: false Ozone HTTP Security Enabled: false 
2020-12-17 02:06:57,779 [Listener at 127.0.0.1/44995] INFO  server.AuthenticationFilter (AuthenticationFilter.java:constructSecretProvider(240)) - Unable to initialize FileSignerSecretProvider, falling back to use random secrets.
2020-12-17 02:06:57,779 [Listener at 127.0.0.1/44995] WARN  http.HttpRequestLog (HttpRequestLog.java:getRequestLog(103)) - Jetty request log can only be enabled using Log4j
2020-12-17 02:06:57,780 [Listener at 127.0.0.1/44995] INFO  http.HttpServer2 (HttpServer2.java:addGlobalFilter(1020)) - Added global filter 'safety' (class=org.apache.hadoop.hdds.server.http.HttpServer2$QuotingInputFilter)
2020-12-17 02:06:57,780 [Listener at 127.0.0.1/44995] INFO  http.HttpServer2 (HttpServer2.java:addFilter(996)) - Added filter static_user_filter (class=org.apache.hadoop.http.lib.StaticUserWebFilter$StaticUserFilter) to context hddsDatanode
2020-12-17 02:06:57,780 [Listener at 127.0.0.1/44995] INFO  http.HttpServer2 (HttpServer2.java:addFilter(1004)) - Added filter static_user_filter (class=org.apache.hadoop.http.lib.StaticUserWebFilter$StaticUserFilter) to context static
2020-12-17 02:06:57,781 [Listener at 127.0.0.1/44995] INFO  http.HttpServer2 (HttpServer2.java:addFilter(1004)) - Added filter static_user_filter (class=org.apache.hadoop.http.lib.StaticUserWebFilter$StaticUserFilter) to context logs
2020-12-17 02:06:57,781 [Listener at 127.0.0.1/44995] INFO  http.HttpServer2 (HttpServer2.java:bindListener(1238)) - Jetty bound to port 41565
2020-12-17 02:06:57,781 [Listener at 127.0.0.1/44995] INFO  server.Server (Server.java:doStart(375)) - jetty-9.4.34.v20201102; built: 2020-11-02T14:15:39.302Z; git: e46af88704a893fc12cb0e3bf46e2c7b48a009e7; jvm 1.8.0_232-b09
2020-12-17 02:06:57,783 [Listener at 127.0.0.1/44995] INFO  server.session (DefaultSessionIdManager.java:doStart(334)) - DefaultSessionIdManager workerName=node0
2020-12-17 02:06:57,783 [Listener at 127.0.0.1/44995] INFO  server.session (DefaultSessionIdManager.java:doStart(339)) - No SessionScavenger set, using defaults
2020-12-17 02:06:57,784 [Listener at 127.0.0.1/44995] INFO  server.session (HouseKeeper.java:startScavenging(132)) - node0 Scavenging every 660000ms
2020-12-17 02:06:57,784 [Listener at 127.0.0.1/44995] INFO  handler.ContextHandler (ContextHandler.java:doStart(916)) - Started o.e.j.s.ServletContextHandler@7f8d4ff4{logs,/logs,file:///github/workspace/mnt/ozone/hadoop-ozone/integration-test/target/log,AVAILABLE}
2020-12-17 02:06:57,785 [Listener at 127.0.0.1/44995] INFO  handler.ContextHandler (ContextHandler.java:doStart(916)) - Started o.e.j.s.ServletContextHandler@73e2862a{static,/static,jar:file:/home/user/.m2/repository/org/apache/hadoop/hadoop-hdds-container-service/1.1.0-SNAPSHOT/hadoop-hdds-container-service-1.1.0-SNAPSHOT.jar!/webapps/static,AVAILABLE}
2020-12-17 02:06:57,948 [Listener at 127.0.0.1/44995] INFO  handler.ContextHandler (ContextHandler.java:doStart(916)) - Started o.e.j.w.WebAppContext@3ad7a94{hddsDatanode,/,file:///tmp/jetty-0_0_0_0-41565-hadoop-hdds-container-service-1_1_0-SNAPSHOT_jar-_-any-6158228811039271213/webapp/,AVAILABLE}{jar:file:/home/user/.m2/repository/org/apache/hadoop/hadoop-hdds-container-service/1.1.0-SNAPSHOT/hadoop-hdds-container-service-1.1.0-SNAPSHOT.jar!/webapps/hddsDatanode}
2020-12-17 02:06:57,950 [Listener at 127.0.0.1/44995] INFO  server.AbstractConnector (AbstractConnector.java:doStart(331)) - Started ServerConnector@7fc91145{HTTP/1.1, (http/1.1)}{0.0.0.0:41565}
2020-12-17 02:06:57,950 [Listener at 127.0.0.1/44995] INFO  server.Server (Server.java:doStart(415)) - Started @54161ms
2020-12-17 02:06:57,950 [Listener at 127.0.0.1/44995] WARN  impl.MetricsSystemImpl (MetricsSystemImpl.java:register(276)) - Sink prometheus already exists!
2020-12-17 02:06:57,953 [Listener at 127.0.0.1/44995] INFO  http.BaseHttpServer (BaseHttpServer.java:updateConnectorAddress(327)) - HTTP server of hddsDatanode listening at http://0.0.0.0:41565
2020-12-17 02:06:57,954 [Listener at 127.0.0.1/44995] INFO  ozone.MiniOzoneClusterImpl (MiniOzoneClusterImpl.java:lambda$waitForClusterToBeReady$0(178)) - Waiting for nodes to be ready. Got 0 of 6 DN Heartbeats.
2020-12-17 02:06:57,954 [Listener at 127.0.0.1/44995] INFO  ozone.MiniOzoneClusterImpl (MiniOzoneClusterImpl.java:lambda$waitForClusterToBeReady$0(181)) - Waiting for cluster to exit safe mode
2020-12-17 02:06:57,958 [org.apache.hadoop.util.JvmPauseMonitor$Monitor@596291bd] INFO  util.JvmPauseMonitor (JvmPauseMonitor.java:run(188)) - Starting JVM pause monitor
2020-12-17 02:06:57,959 [Datanode State Machine Task Thread - 0] INFO  datanode.InitDatanodeState (InitDatanodeState.java:persistContainerDatanodeDetails(145)) - DatanodeDetails is persisted to /github/workspace/mnt/ozone/hadoop-ozone/integration-test/target/test-dir/MiniOzoneClusterImpl-b9724c50-03f5-4055-971c-7bf7c5f09f05/datanode-5/meta/datanode.id
2020-12-17 02:06:58,925 [EndpointStateMachine task thread for /0.0.0.0:41841 - 0 ] INFO  ozoneimpl.OzoneContainer (OzoneContainer.java:start(243)) - Attempting to start container services.
2020-12-17 02:06:58,926 [EndpointStateMachine task thread for /0.0.0.0:41841 - 0 ] INFO  ozoneimpl.OzoneContainer (OzoneContainer.java:startContainerScrub(207)) - Background container scanner has been disabled.
2020-12-17 02:06:58,926 [EndpointStateMachine task thread for /0.0.0.0:41841 - 0 ] INFO  ratis.XceiverServerRatis (XceiverServerRatis.java:start(456)) - Starting XceiverServerRatis ff0f44f6-234e-4444-8ce6-8a74f0a01736 at port 0
2020-12-17 02:06:58,931 [EndpointStateMachine task thread for /0.0.0.0:41841 - 0 ] INFO  impl.RaftServerProxy (RaftServerProxy.java:lambda$start$3(321)) - ff0f44f6-234e-4444-8ce6-8a74f0a01736: start RPC server
2020-12-17 02:06:58,932 [EndpointStateMachine task thread for /0.0.0.0:41841 - 0 ] INFO  server.GrpcService (GrpcService.java:startImpl(177)) - ff0f44f6-234e-4444-8ce6-8a74f0a01736: GrpcService started, listening on 0.0.0.0/0.0.0.0:46533
2020-12-17 02:06:58,933 [EndpointStateMachine task thread for /0.0.0.0:41841 - 0 ] INFO  ratis.XceiverServerRatis (XceiverServerRatis.java:start(468)) - XceiverServerRatis ff0f44f6-234e-4444-8ce6-8a74f0a01736 is started using port 46533
2020-12-17 02:06:58,933 [org.apache.ratis.server.JvmPauseMonitor@17e393a2-Monitor] INFO  server.RaftServerConfigKeys (ConfUtils.java:logGet(44)) - raft.server.leaderelection.leader.step-down.wait-time = 10s (default)
2020-12-17 02:06:58,934 [org.apache.ratis.server.JvmPauseMonitor@17e393a2-Monitor] INFO  server.RaftServerConfigKeys (ConfUtils.java:logGet(44)) - raft.server.rpc.slowness.timeout = 300s (custom)
2020-12-17 02:06:58,934 [org.apache.ratis.server.JvmPauseMonitor@17e393a2-Monitor] INFO  server.JvmPauseMonitor (JvmPauseMonitor.java:run(129)) - Starting Ratis JVM pause monitor
2020-12-17 02:06:58,934 [EndpointStateMachine task thread for /0.0.0.0:41841 - 0 ] INFO  server.XceiverServerGrpc (XceiverServerGrpc.java:start(145)) - XceiverServerGrpc ff0f44f6-234e-4444-8ce6-8a74f0a01736 is started using port 43613
2020-12-17 02:06:58,954 [Listener at 127.0.0.1/44995] INFO  ozone.MiniOzoneClusterImpl (MiniOzoneClusterImpl.java:lambda$waitForClusterToBeReady$0(178)) - Waiting for nodes to be ready. Got 0 of 6 DN Heartbeats.
2020-12-17 02:06:58,954 [Listener at 127.0.0.1/44995] INFO  ozone.MiniOzoneClusterImpl (MiniOzoneClusterImpl.java:lambda$waitForClusterToBeReady$0(181)) - Waiting for cluster to exit safe mode
2020-12-17 02:06:59,106 [EndpointStateMachine task thread for /0.0.0.0:41841 - 0 ] INFO  ozoneimpl.OzoneContainer (OzoneContainer.java:start(243)) - Attempting to start container services.
2020-12-17 02:06:59,106 [EndpointStateMachine task thread for /0.0.0.0:41841 - 0 ] INFO  ozoneimpl.OzoneContainer (OzoneContainer.java:startContainerScrub(207)) - Background container scanner has been disabled.
2020-12-17 02:06:59,106 [EndpointStateMachine task thread for /0.0.0.0:41841 - 0 ] INFO  ratis.XceiverServerRatis (XceiverServerRatis.java:start(456)) - Starting XceiverServerRatis 754837be-208e-446d-9d6b-47f20359d127 at port 0
2020-12-17 02:06:59,108 [EndpointStateMachine task thread for /0.0.0.0:41841 - 0 ] INFO  impl.RaftServerProxy (RaftServerProxy.java:lambda$start$3(321)) - 754837be-208e-446d-9d6b-47f20359d127: start RPC server
2020-12-17 02:06:59,108 [EndpointStateMachine task thread for /0.0.0.0:41841 - 0 ] INFO  server.GrpcService (GrpcService.java:startImpl(177)) - 754837be-208e-446d-9d6b-47f20359d127: GrpcService started, listening on 0.0.0.0/0.0.0.0:42193
2020-12-17 02:06:59,109 [EndpointStateMachine task thread for /0.0.0.0:41841 - 0 ] INFO  ratis.XceiverServerRatis (XceiverServerRatis.java:start(468)) - XceiverServerRatis 754837be-208e-446d-9d6b-47f20359d127 is started using port 42193
2020-12-17 02:06:59,109 [EndpointStateMachine task thread for /0.0.0.0:41841 - 0 ] INFO  server.XceiverServerGrpc (XceiverServerGrpc.java:start(145)) - XceiverServerGrpc 754837be-208e-446d-9d6b-47f20359d127 is started using port 38481
2020-12-17 02:06:59,122 [org.apache.ratis.server.JvmPauseMonitor@6016fb9a-Monitor] INFO  server.RaftServerConfigKeys (ConfUtils.java:logGet(44)) - raft.server.leaderelection.leader.step-down.wait-time = 10s (default)
2020-12-17 02:06:59,122 [org.apache.ratis.server.JvmPauseMonitor@6016fb9a-Monitor] INFO  server.RaftServerConfigKeys (ConfUtils.java:logGet(44)) - raft.server.rpc.slowness.timeout = 300s (custom)
2020-12-17 02:06:59,122 [org.apache.ratis.server.JvmPauseMonitor@6016fb9a-Monitor] INFO  server.JvmPauseMonitor (JvmPauseMonitor.java:run(129)) - Starting Ratis JVM pause monitor
2020-12-17 02:06:59,341 [EndpointStateMachine task thread for /0.0.0.0:41841 - 0 ] INFO  ozoneimpl.OzoneContainer (OzoneContainer.java:start(243)) - Attempting to start container services.
2020-12-17 02:06:59,341 [EndpointStateMachine task thread for /0.0.0.0:41841 - 0 ] INFO  ozoneimpl.OzoneContainer (OzoneContainer.java:startContainerScrub(207)) - Background container scanner has been disabled.
2020-12-17 02:06:59,342 [EndpointStateMachine task thread for /0.0.0.0:41841 - 0 ] INFO  ratis.XceiverServerRatis (XceiverServerRatis.java:start(456)) - Starting XceiverServerRatis 11c9b167-23f2-44e1-aeb2-7325e8e405c1 at port 0
2020-12-17 02:06:59,346 [EndpointStateMachine task thread for /0.0.0.0:41841 - 0 ] INFO  impl.RaftServerProxy (RaftServerProxy.java:lambda$start$3(321)) - 11c9b167-23f2-44e1-aeb2-7325e8e405c1: start RPC server
2020-12-17 02:06:59,347 [EndpointStateMachine task thread for /0.0.0.0:41841 - 0 ] INFO  server.GrpcService (GrpcService.java:startImpl(177)) - 11c9b167-23f2-44e1-aeb2-7325e8e405c1: GrpcService started, listening on 0.0.0.0/0.0.0.0:45805
2020-12-17 02:06:59,347 [EndpointStateMachine task thread for /0.0.0.0:41841 - 0 ] INFO  ratis.XceiverServerRatis (XceiverServerRatis.java:start(468)) - XceiverServerRatis 11c9b167-23f2-44e1-aeb2-7325e8e405c1 is started using port 45805
2020-12-17 02:06:59,348 [EndpointStateMachine task thread for /0.0.0.0:41841 - 0 ] INFO  server.XceiverServerGrpc (XceiverServerGrpc.java:start(145)) - XceiverServerGrpc 11c9b167-23f2-44e1-aeb2-7325e8e405c1 is started using port 45067
2020-12-17 02:06:59,349 [org.apache.ratis.server.JvmPauseMonitor@4b200478-Monitor] INFO  server.RaftServerConfigKeys (ConfUtils.java:logGet(44)) - raft.server.leaderelection.leader.step-down.wait-time = 10s (default)
2020-12-17 02:06:59,349 [org.apache.ratis.server.JvmPauseMonitor@4b200478-Monitor] INFO  server.RaftServerConfigKeys (ConfUtils.java:logGet(44)) - raft.server.rpc.slowness.timeout = 300s (custom)
2020-12-17 02:06:59,349 [org.apache.ratis.server.JvmPauseMonitor@4b200478-Monitor] INFO  server.JvmPauseMonitor (JvmPauseMonitor.java:run(129)) - Starting Ratis JVM pause monitor
2020-12-17 02:06:59,549 [EndpointStateMachine task thread for /0.0.0.0:41841 - 0 ] INFO  ozoneimpl.OzoneContainer (OzoneContainer.java:start(243)) - Attempting to start container services.
2020-12-17 02:06:59,549 [EndpointStateMachine task thread for /0.0.0.0:41841 - 0 ] INFO  ozoneimpl.OzoneContainer (OzoneContainer.java:startContainerScrub(207)) - Background container scanner has been disabled.
2020-12-17 02:06:59,549 [EndpointStateMachine task thread for /0.0.0.0:41841 - 0 ] INFO  ratis.XceiverServerRatis (XceiverServerRatis.java:start(456)) - Starting XceiverServerRatis 0f866848-1c6a-43de-8969-aeea5cfaa857 at port 0
2020-12-17 02:06:59,562 [EndpointStateMachine task thread for /0.0.0.0:41841 - 0 ] INFO  impl.RaftServerProxy (RaftServerProxy.java:lambda$start$3(321)) - 0f866848-1c6a-43de-8969-aeea5cfaa857: start RPC server
2020-12-17 02:06:59,563 [EndpointStateMachine task thread for /0.0.0.0:41841 - 0 ] INFO  server.GrpcService (GrpcService.java:startImpl(177)) - 0f866848-1c6a-43de-8969-aeea5cfaa857: GrpcService started, listening on 0.0.0.0/0.0.0.0:46281
2020-12-17 02:06:59,563 [EndpointStateMachine task thread for /0.0.0.0:41841 - 0 ] INFO  ratis.XceiverServerRatis (XceiverServerRatis.java:start(468)) - XceiverServerRatis 0f866848-1c6a-43de-8969-aeea5cfaa857 is started using port 46281
2020-12-17 02:06:59,565 [org.apache.ratis.server.JvmPauseMonitor@48217c43-Monitor] INFO  server.RaftServerConfigKeys (ConfUtils.java:logGet(44)) - raft.server.leaderelection.leader.step-down.wait-time = 10s (default)
2020-12-17 02:06:59,566 [EndpointStateMachine task thread for /0.0.0.0:41841 - 0 ] INFO  server.XceiverServerGrpc (XceiverServerGrpc.java:start(145)) - XceiverServerGrpc 0f866848-1c6a-43de-8969-aeea5cfaa857 is started using port 42803
2020-12-17 02:06:59,567 [org.apache.ratis.server.JvmPauseMonitor@48217c43-Monitor] INFO  server.RaftServerConfigKeys (ConfUtils.java:logGet(44)) - raft.server.rpc.slowness.timeout = 300s (custom)
2020-12-17 02:06:59,567 [org.apache.ratis.server.JvmPauseMonitor@48217c43-Monitor] INFO  server.JvmPauseMonitor (JvmPauseMonitor.java:run(129)) - Starting Ratis JVM pause monitor
2020-12-17 02:06:59,756 [EndpointStateMachine task thread for /0.0.0.0:41841 - 0 ] INFO  ozoneimpl.OzoneContainer (OzoneContainer.java:start(243)) - Attempting to start container services.
2020-12-17 02:06:59,757 [EndpointStateMachine task thread for /0.0.0.0:41841 - 0 ] INFO  ozoneimpl.OzoneContainer (OzoneContainer.java:startContainerScrub(207)) - Background container scanner has been disabled.
2020-12-17 02:06:59,757 [EndpointStateMachine task thread for /0.0.0.0:41841 - 0 ] INFO  ratis.XceiverServerRatis (XceiverServerRatis.java:start(456)) - Starting XceiverServerRatis 9bbfc1fd-0495-41fe-87c7-bac1979a3990 at port 0
2020-12-17 02:06:59,758 [EndpointStateMachine task thread for /0.0.0.0:41841 - 0 ] INFO  impl.RaftServerProxy (RaftServerProxy.java:lambda$start$3(321)) - 9bbfc1fd-0495-41fe-87c7-bac1979a3990: start RPC server
2020-12-17 02:06:59,762 [EndpointStateMachine task thread for /0.0.0.0:41841 - 0 ] INFO  server.GrpcService (GrpcService.java:startImpl(177)) - 9bbfc1fd-0495-41fe-87c7-bac1979a3990: GrpcService started, listening on 0.0.0.0/0.0.0.0:34535
2020-12-17 02:06:59,763 [EndpointStateMachine task thread for /0.0.0.0:41841 - 0 ] INFO  ratis.XceiverServerRatis (XceiverServerRatis.java:start(468)) - XceiverServerRatis 9bbfc1fd-0495-41fe-87c7-bac1979a3990 is started using port 34535
2020-12-17 02:06:59,763 [org.apache.ratis.server.JvmPauseMonitor@3a932711-Monitor] INFO  server.RaftServerConfigKeys (ConfUtils.java:logGet(44)) - raft.server.leaderelection.leader.step-down.wait-time = 10s (default)
2020-12-17 02:06:59,763 [org.apache.ratis.server.JvmPauseMonitor@3a932711-Monitor] INFO  server.RaftServerConfigKeys (ConfUtils.java:logGet(44)) - raft.server.rpc.slowness.timeout = 300s (custom)
2020-12-17 02:06:59,763 [org.apache.ratis.server.JvmPauseMonitor@3a932711-Monitor] INFO  server.JvmPauseMonitor (JvmPauseMonitor.java:run(129)) - Starting Ratis JVM pause monitor
2020-12-17 02:06:59,764 [EndpointStateMachine task thread for /0.0.0.0:41841 - 0 ] INFO  server.XceiverServerGrpc (XceiverServerGrpc.java:start(145)) - XceiverServerGrpc 9bbfc1fd-0495-41fe-87c7-bac1979a3990 is started using port 44639
2020-12-17 02:06:59,954 [Listener at 127.0.0.1/44995] INFO  ozone.MiniOzoneClusterImpl (MiniOzoneClusterImpl.java:lambda$waitForClusterToBeReady$0(178)) - Waiting for nodes to be ready. Got 0 of 6 DN Heartbeats.
2020-12-17 02:06:59,955 [Listener at 127.0.0.1/44995] INFO  ozone.MiniOzoneClusterImpl (MiniOzoneClusterImpl.java:lambda$waitForClusterToBeReady$0(181)) - Waiting for cluster to exit safe mode
2020-12-17 02:06:59,960 [EndpointStateMachine task thread for /0.0.0.0:41841 - 0 ] INFO  ozoneimpl.OzoneContainer (OzoneContainer.java:start(243)) - Attempting to start container services.
2020-12-17 02:06:59,960 [EndpointStateMachine task thread for /0.0.0.0:41841 - 0 ] INFO  ozoneimpl.OzoneContainer (OzoneContainer.java:startContainerScrub(207)) - Background container scanner has been disabled.
2020-12-17 02:06:59,960 [EndpointStateMachine task thread for /0.0.0.0:41841 - 0 ] INFO  ratis.XceiverServerRatis (XceiverServerRatis.java:start(456)) - Starting XceiverServerRatis a9b97122-ab75-4dd8-b0be-c80a7b4aee3e at port 0
2020-12-17 02:06:59,966 [EndpointStateMachine task thread for /0.0.0.0:41841 - 0 ] INFO  impl.RaftServerProxy (RaftServerProxy.java:lambda$start$3(321)) - a9b97122-ab75-4dd8-b0be-c80a7b4aee3e: start RPC server
2020-12-17 02:06:59,967 [EndpointStateMachine task thread for /0.0.0.0:41841 - 0 ] INFO  server.GrpcService (GrpcService.java:startImpl(177)) - a9b97122-ab75-4dd8-b0be-c80a7b4aee3e: GrpcService started, listening on 0.0.0.0/0.0.0.0:44997
2020-12-17 02:06:59,967 [EndpointStateMachine task thread for /0.0.0.0:41841 - 0 ] INFO  ratis.XceiverServerRatis (XceiverServerRatis.java:start(468)) - XceiverServerRatis a9b97122-ab75-4dd8-b0be-c80a7b4aee3e is started using port 44997
2020-12-17 02:06:59,967 [EndpointStateMachine task thread for /0.0.0.0:41841 - 0 ] INFO  server.XceiverServerGrpc (XceiverServerGrpc.java:start(145)) - XceiverServerGrpc a9b97122-ab75-4dd8-b0be-c80a7b4aee3e is started using port 33177
2020-12-17 02:06:59,967 [org.apache.ratis.server.JvmPauseMonitor@54bf9fc5-Monitor] INFO  server.RaftServerConfigKeys (ConfUtils.java:logGet(44)) - raft.server.leaderelection.leader.step-down.wait-time = 10s (default)
2020-12-17 02:06:59,968 [org.apache.ratis.server.JvmPauseMonitor@54bf9fc5-Monitor] INFO  server.RaftServerConfigKeys (ConfUtils.java:logGet(44)) - raft.server.rpc.slowness.timeout = 300s (custom)
2020-12-17 02:06:59,968 [org.apache.ratis.server.JvmPauseMonitor@54bf9fc5-Monitor] INFO  server.JvmPauseMonitor (JvmPauseMonitor.java:run(129)) - Starting Ratis JVM pause monitor
2020-12-17 02:07:00,913 [IPC Server handler 2 on default port 41841] INFO  net.NetworkTopologyImpl (NetworkTopologyImpl.java:add(111)) - Added a new node: /default-rack/ff0f44f6-234e-4444-8ce6-8a74f0a01736
2020-12-17 02:07:00,915 [IPC Server handler 2 on default port 41841] INFO  node.SCMNodeManager (SCMNodeManager.java:register(341)) - Registered Data node : ff0f44f6-234e-4444-8ce6-8a74f0a01736{ip: 172.17.0.2, host: 89b9adae2c19, networkLocation: /default-rack, certSerialId: null, persistedOpState: IN_SERVICE, persistedOpStateExpiryEpochSec: 0}
2020-12-17 02:07:00,915 [RatisPipelineUtilsThread] INFO  pipeline.RatisPipelineProvider (RatisPipelineProvider.java:lambda$create$0(161)) - Sending CreatePipelineCommand for pipeline:PipelineID=f2ba0671-3bd9-428f-9175-473cf7585990 to datanode:ff0f44f6-234e-4444-8ce6-8a74f0a01736
2020-12-17 02:07:00,915 [EventQueue-NodeRegistrationContainerReportForContainerSafeModeRule] INFO  safemode.SCMSafeModeManager (SCMSafeModeManager.java:validateSafeModeExitRules(214)) - ContainerSafeModeRule rule is successfully validated
2020-12-17 02:07:00,916 [RatisPipelineUtilsThread] INFO  pipeline.PipelineStateManager (PipelineStateManager.java:addPipeline(54)) - Created pipeline Pipeline[ Id: f2ba0671-3bd9-428f-9175-473cf7585990, Nodes: ff0f44f6-234e-4444-8ce6-8a74f0a01736{ip: 172.17.0.2, host: 89b9adae2c19, networkLocation: /default-rack, certSerialId: null, persistedOpState: IN_SERVICE, persistedOpStateExpiryEpochSec: 0}, Type:RATIS, Factor:ONE, State:ALLOCATED, leaderId:, CreationTimestamp2020-12-17T02:07:00.915Z]
2020-12-17 02:07:00,916 [EventQueue-NodeRegistrationContainerReportForDataNodeSafeModeRule] INFO  safemode.SCMSafeModeManager (DataNodeSafeModeRule.java:process(71)) - SCM in safe mode. 1 DataNodes registered, 1 required.
2020-12-17 02:07:00,922 [EventQueue-NodeRegistrationContainerReportForDataNodeSafeModeRule] INFO  safemode.SCMSafeModeManager (SCMSafeModeManager.java:validateSafeModeExitRules(214)) - DataNodeSafeModeRule rule is successfully validated
2020-12-17 02:07:00,922 [EventQueue-NodeRegistrationContainerReportForDataNodeSafeModeRule] INFO  safemode.SCMSafeModeManager (SCMSafeModeManager.java:completePreCheck(242)) - All SCM safe mode pre check rules have passed
2020-12-17 02:07:00,922 [RatisPipelineUtilsThread] WARN  pipeline.PipelinePlacementPolicy (PipelinePlacementPolicy.java:filterViableNodes(139)) - Pipeline creation failed due to no sufficient healthy datanodes. Required 3. Found 1.
2020-12-17 02:07:00,923 [EventQueue-PipelineReportForOneReplicaPipelineSafeModeRule] INFO  safemode.SCMSafeModeManager (SCMSafeModeManager.java:validateSafeModeExitRules(214)) - AtleastOneDatanodeReportedRule rule is successfully validated
2020-12-17 02:07:00,955 [Listener at 127.0.0.1/44995] INFO  ozone.MiniOzoneClusterImpl (MiniOzoneClusterImpl.java:lambda$waitForClusterToBeReady$0(178)) - Waiting for nodes to be ready. Got 1 of 6 DN Heartbeats.
2020-12-17 02:07:00,955 [Listener at 127.0.0.1/44995] INFO  ozone.MiniOzoneClusterImpl (MiniOzoneClusterImpl.java:lambda$waitForClusterToBeReady$0(181)) - Waiting for cluster to exit safe mode
2020-12-17 02:07:01,103 [IPC Server handler 4 on default port 41841] INFO  net.NetworkTopologyImpl (NetworkTopologyImpl.java:add(111)) - Added a new node: /default-rack/754837be-208e-446d-9d6b-47f20359d127
2020-12-17 02:07:01,103 [IPC Server handler 4 on default port 41841] INFO  node.SCMNodeManager (SCMNodeManager.java:register(341)) - Registered Data node : 754837be-208e-446d-9d6b-47f20359d127{ip: 172.17.0.2, host: 89b9adae2c19, networkLocation: /default-rack, certSerialId: null, persistedOpState: IN_SERVICE, persistedOpStateExpiryEpochSec: 0}
2020-12-17 02:07:01,104 [EventQueue-NodeRegistrationContainerReportForContainerSafeModeRule] INFO  safemode.SCMSafeModeManager (SCMSafeModeManager.java:validateSafeModeExitRules(214)) - ContainerSafeModeRule rule is successfully validated
2020-12-17 02:07:01,104 [RatisPipelineUtilsThread] INFO  pipeline.RatisPipelineProvider (RatisPipelineProvider.java:lambda$create$0(161)) - Sending CreatePipelineCommand for pipeline:PipelineID=e0ed014c-e865-44b8-a53f-f4764c3eb11a to datanode:754837be-208e-446d-9d6b-47f20359d127
2020-12-17 02:07:01,104 [EventQueue-NodeRegistrationContainerReportForDataNodeSafeModeRule] INFO  safemode.SCMSafeModeManager (SCMSafeModeManager.java:validateSafeModeExitRules(214)) - DataNodeSafeModeRule rule is successfully validated
2020-12-17 02:07:01,104 [EventQueue-PipelineReportForOneReplicaPipelineSafeModeRule] INFO  safemode.SCMSafeModeManager (SCMSafeModeManager.java:validateSafeModeExitRules(214)) - AtleastOneDatanodeReportedRule rule is successfully validated
2020-12-17 02:07:01,105 [RatisPipelineUtilsThread] INFO  pipeline.PipelineStateManager (PipelineStateManager.java:addPipeline(54)) - Created pipeline Pipeline[ Id: e0ed014c-e865-44b8-a53f-f4764c3eb11a, Nodes: 754837be-208e-446d-9d6b-47f20359d127{ip: 172.17.0.2, host: 89b9adae2c19, networkLocation: /default-rack, certSerialId: null, persistedOpState: IN_SERVICE, persistedOpStateExpiryEpochSec: 0}, Type:RATIS, Factor:ONE, State:ALLOCATED, leaderId:, CreationTimestamp2020-12-17T02:07:01.104Z]
2020-12-17 02:07:01,105 [RatisPipelineUtilsThread] WARN  pipeline.PipelinePlacementPolicy (PipelinePlacementPolicy.java:filterViableNodes(139)) - Pipeline creation failed due to no sufficient healthy datanodes. Required 3. Found 2.
2020-12-17 02:07:01,339 [IPC Server handler 6 on default port 41841] INFO  net.NetworkTopologyImpl (NetworkTopologyImpl.java:add(111)) - Added a new node: /default-rack/11c9b167-23f2-44e1-aeb2-7325e8e405c1
2020-12-17 02:07:01,339 [IPC Server handler 6 on default port 41841] INFO  node.SCMNodeManager (SCMNodeManager.java:register(341)) - Registered Data node : 11c9b167-23f2-44e1-aeb2-7325e8e405c1{ip: 172.17.0.2, host: 89b9adae2c19, networkLocation: /default-rack, certSerialId: null, persistedOpState: IN_SERVICE, persistedOpStateExpiryEpochSec: 0}
2020-12-17 02:07:01,339 [RatisPipelineUtilsThread] INFO  pipeline.RatisPipelineProvider (RatisPipelineProvider.java:lambda$create$0(161)) - Sending CreatePipelineCommand for pipeline:PipelineID=f1f1afc2-0911-4ecd-ad15-6c4db9845f10 to datanode:11c9b167-23f2-44e1-aeb2-7325e8e405c1
2020-12-17 02:07:01,340 [EventQueue-NodeRegistrationContainerReportForContainerSafeModeRule] INFO  safemode.SCMSafeModeManager (SCMSafeModeManager.java:validateSafeModeExitRules(214)) - ContainerSafeModeRule rule is successfully validated
2020-12-17 02:07:01,340 [RatisPipelineUtilsThread] INFO  pipeline.PipelineStateManager (PipelineStateManager.java:addPipeline(54)) - Created pipeline Pipeline[ Id: f1f1afc2-0911-4ecd-ad15-6c4db9845f10, Nodes: 11c9b167-23f2-44e1-aeb2-7325e8e405c1{ip: 172.17.0.2, host: 89b9adae2c19, networkLocation: /default-rack, certSerialId: null, persistedOpState: IN_SERVICE, persistedOpStateExpiryEpochSec: 0}, Type:RATIS, Factor:ONE, State:ALLOCATED, leaderId:, CreationTimestamp2020-12-17T02:07:01.339Z]
2020-12-17 02:07:01,340 [RatisPipelineUtilsThread] INFO  pipeline.RatisPipelineProvider (RatisPipelineProvider.java:lambda$create$0(161)) - Sending CreatePipelineCommand for pipeline:PipelineID=328cd715-fe0f-49e5-9b2c-b3368ee892e1 to datanode:754837be-208e-446d-9d6b-47f20359d127
2020-12-17 02:07:01,340 [RatisPipelineUtilsThread] INFO  pipeline.RatisPipelineProvider (RatisPipelineProvider.java:lambda$create$0(161)) - Sending CreatePipelineCommand for pipeline:PipelineID=328cd715-fe0f-49e5-9b2c-b3368ee892e1 to datanode:ff0f44f6-234e-4444-8ce6-8a74f0a01736
2020-12-17 02:07:01,340 [RatisPipelineUtilsThread] INFO  pipeline.RatisPipelineProvider (RatisPipelineProvider.java:lambda$create$0(161)) - Sending CreatePipelineCommand for pipeline:PipelineID=328cd715-fe0f-49e5-9b2c-b3368ee892e1 to datanode:11c9b167-23f2-44e1-aeb2-7325e8e405c1
2020-12-17 02:07:01,341 [RatisPipelineUtilsThread] INFO  pipeline.PipelineStateManager (PipelineStateManager.java:addPipeline(54)) - Created pipeline Pipeline[ Id: 328cd715-fe0f-49e5-9b2c-b3368ee892e1, Nodes: 754837be-208e-446d-9d6b-47f20359d127{ip: 172.17.0.2, host: 89b9adae2c19, networkLocation: /default-rack, certSerialId: null, persistedOpState: IN_SERVICE, persistedOpStateExpiryEpochSec: 0}ff0f44f6-234e-4444-8ce6-8a74f0a01736{ip: 172.17.0.2, host: 89b9adae2c19, networkLocation: /default-rack, certSerialId: null, persistedOpState: IN_SERVICE, persistedOpStateExpiryEpochSec: 0}11c9b167-23f2-44e1-aeb2-7325e8e405c1{ip: 172.17.0.2, host: 89b9adae2c19, networkLocation: /default-rack, certSerialId: null, persistedOpState: IN_SERVICE, persistedOpStateExpiryEpochSec: 0}, Type:RATIS, Factor:THREE, State:ALLOCATED, leaderId:, CreationTimestamp2020-12-17T02:07:01.340Z]
2020-12-17 02:07:01,341 [EventQueue-NodeRegistrationContainerReportForDataNodeSafeModeRule] INFO  safemode.SCMSafeModeManager (SCMSafeModeManager.java:validateSafeModeExitRules(214)) - DataNodeSafeModeRule rule is successfully validated
2020-12-17 02:07:01,341 [EventQueue-PipelineReportForOneReplicaPipelineSafeModeRule] INFO  safemode.SCMSafeModeManager (SCMSafeModeManager.java:validateSafeModeExitRules(214)) - AtleastOneDatanodeReportedRule rule is successfully validated
2020-12-17 02:07:01,547 [IPC Server handler 0 on default port 41841] INFO  net.NetworkTopologyImpl (NetworkTopologyImpl.java:add(111)) - Added a new node: /default-rack/0f866848-1c6a-43de-8969-aeea5cfaa857
2020-12-17 02:07:01,547 [IPC Server handler 0 on default port 41841] INFO  node.SCMNodeManager (SCMNodeManager.java:register(341)) - Registered Data node : 0f866848-1c6a-43de-8969-aeea5cfaa857{ip: 172.17.0.2, host: 89b9adae2c19, networkLocation: /default-rack, certSerialId: null, persistedOpState: IN_SERVICE, persistedOpStateExpiryEpochSec: 0}
2020-12-17 02:07:01,548 [RatisPipelineUtilsThread] INFO  pipeline.RatisPipelineProvider (RatisPipelineProvider.java:lambda$create$0(161)) - Sending CreatePipelineCommand for pipeline:PipelineID=7f9a6932-f29b-485f-b7b2-b46dc85c5c5b to datanode:0f866848-1c6a-43de-8969-aeea5cfaa857
2020-12-17 02:07:01,548 [EventQueue-NodeRegistrationContainerReportForContainerSafeModeRule] INFO  safemode.SCMSafeModeManager (SCMSafeModeManager.java:validateSafeModeExitRules(214)) - ContainerSafeModeRule rule is successfully validated
2020-12-17 02:07:01,548 [RatisPipelineUtilsThread] INFO  pipeline.PipelineStateManager (PipelineStateManager.java:addPipeline(54)) - Created pipeline Pipeline[ Id: 7f9a6932-f29b-485f-b7b2-b46dc85c5c5b, Nodes: 0f866848-1c6a-43de-8969-aeea5cfaa857{ip: 172.17.0.2, host: 89b9adae2c19, networkLocation: /default-rack, certSerialId: null, persistedOpState: IN_SERVICE, persistedOpStateExpiryEpochSec: 0}, Type:RATIS, Factor:ONE, State:ALLOCATED, leaderId:, CreationTimestamp2020-12-17T02:07:01.548Z]
2020-12-17 02:07:01,548 [EventQueue-PipelineReportForOneReplicaPipelineSafeModeRule] INFO  safemode.SCMSafeModeManager (SCMSafeModeManager.java:validateSafeModeExitRules(214)) - AtleastOneDatanodeReportedRule rule is successfully validated
2020-12-17 02:07:01,550 [EventQueue-NodeRegistrationContainerReportForDataNodeSafeModeRule] INFO  safemode.SCMSafeModeManager (SCMSafeModeManager.java:validateSafeModeExitRules(214)) - DataNodeSafeModeRule rule is successfully validated
2020-12-17 02:07:01,755 [IPC Server handler 1 on default port 41841] INFO  net.NetworkTopologyImpl (NetworkTopologyImpl.java:add(111)) - Added a new node: /default-rack/9bbfc1fd-0495-41fe-87c7-bac1979a3990
2020-12-17 02:07:01,755 [IPC Server handler 1 on default port 41841] INFO  node.SCMNodeManager (SCMNodeManager.java:register(341)) - Registered Data node : 9bbfc1fd-0495-41fe-87c7-bac1979a3990{ip: 172.17.0.2, host: 89b9adae2c19, networkLocation: /default-rack, certSerialId: null, persistedOpState: IN_SERVICE, persistedOpStateExpiryEpochSec: 0}
2020-12-17 02:07:01,755 [EventQueue-NodeRegistrationContainerReportForContainerSafeModeRule] INFO  safemode.SCMSafeModeManager (SCMSafeModeManager.java:validateSafeModeExitRules(214)) - ContainerSafeModeRule rule is successfully validated
2020-12-17 02:07:01,755 [RatisPipelineUtilsThread] INFO  pipeline.RatisPipelineProvider (RatisPipelineProvider.java:lambda$create$0(161)) - Sending CreatePipelineCommand for pipeline:PipelineID=3830245e-a07d-4120-a216-d41b12127f4a to datanode:9bbfc1fd-0495-41fe-87c7-bac1979a3990
2020-12-17 02:07:01,756 [RatisPipelineUtilsThread] INFO  pipeline.PipelineStateManager (PipelineStateManager.java:addPipeline(54)) - Created pipeline Pipeline[ Id: 3830245e-a07d-4120-a216-d41b12127f4a, Nodes: 9bbfc1fd-0495-41fe-87c7-bac1979a3990{ip: 172.17.0.2, host: 89b9adae2c19, networkLocation: /default-rack, certSerialId: null, persistedOpState: IN_SERVICE, persistedOpStateExpiryEpochSec: 0}, Type:RATIS, Factor:ONE, State:ALLOCATED, leaderId:, CreationTimestamp2020-12-17T02:07:01.755Z]
2020-12-17 02:07:01,757 [EventQueue-NodeRegistrationContainerReportForDataNodeSafeModeRule] INFO  safemode.SCMSafeModeManager (SCMSafeModeManager.java:validateSafeModeExitRules(214)) - DataNodeSafeModeRule rule is successfully validated
2020-12-17 02:07:01,757 [EventQueue-PipelineReportForOneReplicaPipelineSafeModeRule] INFO  safemode.SCMSafeModeManager (SCMSafeModeManager.java:validateSafeModeExitRules(214)) - AtleastOneDatanodeReportedRule rule is successfully validated
2020-12-17 02:07:01,955 [Listener at 127.0.0.1/44995] INFO  ozone.MiniOzoneClusterImpl (MiniOzoneClusterImpl.java:lambda$waitForClusterToBeReady$0(178)) - Waiting for nodes to be ready. Got 5 of 6 DN Heartbeats.
2020-12-17 02:07:01,956 [Listener at 127.0.0.1/44995] INFO  ozone.MiniOzoneClusterImpl (MiniOzoneClusterImpl.java:lambda$waitForClusterToBeReady$0(181)) - Waiting for cluster to exit safe mode
2020-12-17 02:07:01,959 [IPC Server handler 4 on default port 41841] INFO  net.NetworkTopologyImpl (NetworkTopologyImpl.java:add(111)) - Added a new node: /default-rack/a9b97122-ab75-4dd8-b0be-c80a7b4aee3e
2020-12-17 02:07:01,959 [IPC Server handler 4 on default port 41841] INFO  node.SCMNodeManager (SCMNodeManager.java:register(341)) - Registered Data node : a9b97122-ab75-4dd8-b0be-c80a7b4aee3e{ip: 172.17.0.2, host: 89b9adae2c19, networkLocation: /default-rack, certSerialId: null, persistedOpState: IN_SERVICE, persistedOpStateExpiryEpochSec: 0}
2020-12-17 02:07:01,960 [EventQueue-NodeRegistrationContainerReportForContainerSafeModeRule] INFO  safemode.SCMSafeModeManager (SCMSafeModeManager.java:validateSafeModeExitRules(214)) - ContainerSafeModeRule rule is successfully validated
2020-12-17 02:07:01,960 [EventQueue-NodeRegistrationContainerReportForDataNodeSafeModeRule] INFO  safemode.SCMSafeModeManager (SCMSafeModeManager.java:validateSafeModeExitRules(214)) - DataNodeSafeModeRule rule is successfully validated
2020-12-17 02:07:01,960 [EventQueue-PipelineReportForOneReplicaPipelineSafeModeRule] INFO  safemode.SCMSafeModeManager (SCMSafeModeManager.java:validateSafeModeExitRules(214)) - AtleastOneDatanodeReportedRule rule is successfully validated
2020-12-17 02:07:01,960 [RatisPipelineUtilsThread] INFO  pipeline.RatisPipelineProvider (RatisPipelineProvider.java:lambda$create$0(161)) - Sending CreatePipelineCommand for pipeline:PipelineID=867e0515-6171-4b8e-85e5-2d332c029d89 to datanode:a9b97122-ab75-4dd8-b0be-c80a7b4aee3e
2020-12-17 02:07:01,961 [RatisPipelineUtilsThread] INFO  pipeline.PipelineStateManager (PipelineStateManager.java:addPipeline(54)) - Created pipeline Pipeline[ Id: 867e0515-6171-4b8e-85e5-2d332c029d89, Nodes: a9b97122-ab75-4dd8-b0be-c80a7b4aee3e{ip: 172.17.0.2, host: 89b9adae2c19, networkLocation: /default-rack, certSerialId: null, persistedOpState: IN_SERVICE, persistedOpStateExpiryEpochSec: 0}, Type:RATIS, Factor:ONE, State:ALLOCATED, leaderId:, CreationTimestamp2020-12-17T02:07:01.960Z]
2020-12-17 02:07:01,961 [RatisPipelineUtilsThread] INFO  pipeline.RatisPipelineProvider (RatisPipelineProvider.java:lambda$create$0(161)) - Sending CreatePipelineCommand for pipeline:PipelineID=55f06238-75d0-401a-8ee7-415a68486c79 to datanode:0f866848-1c6a-43de-8969-aeea5cfaa857
2020-12-17 02:07:01,961 [RatisPipelineUtilsThread] INFO  pipeline.RatisPipelineProvider (RatisPipelineProvider.java:lambda$create$0(161)) - Sending CreatePipelineCommand for pipeline:PipelineID=55f06238-75d0-401a-8ee7-415a68486c79 to datanode:9bbfc1fd-0495-41fe-87c7-bac1979a3990
2020-12-17 02:07:01,961 [RatisPipelineUtilsThread] INFO  pipeline.RatisPipelineProvider (RatisPipelineProvider.java:lambda$create$0(161)) - Sending CreatePipelineCommand for pipeline:PipelineID=55f06238-75d0-401a-8ee7-415a68486c79 to datanode:a9b97122-ab75-4dd8-b0be-c80a7b4aee3e
2020-12-17 02:07:01,961 [RatisPipelineUtilsThread] INFO  pipeline.PipelineStateManager (PipelineStateManager.java:addPipeline(54)) - Created pipeline Pipeline[ Id: 55f06238-75d0-401a-8ee7-415a68486c79, Nodes: 0f866848-1c6a-43de-8969-aeea5cfaa857{ip: 172.17.0.2, host: 89b9adae2c19, networkLocation: /default-rack, certSerialId: null, persistedOpState: IN_SERVICE, persistedOpStateExpiryEpochSec: 0}9bbfc1fd-0495-41fe-87c7-bac1979a3990{ip: 172.17.0.2, host: 89b9adae2c19, networkLocation: /default-rack, certSerialId: null, persistedOpState: IN_SERVICE, persistedOpStateExpiryEpochSec: 0}a9b97122-ab75-4dd8-b0be-c80a7b4aee3e{ip: 172.17.0.2, host: 89b9adae2c19, networkLocation: /default-rack, certSerialId: null, persistedOpState: IN_SERVICE, persistedOpStateExpiryEpochSec: 0}, Type:RATIS, Factor:THREE, State:ALLOCATED, leaderId:, CreationTimestamp2020-12-17T02:07:01.961Z]
2020-12-17 02:07:02,914 [EventQueue-PipelineReportForOneReplicaPipelineSafeModeRule] INFO  safemode.SCMSafeModeManager (SCMSafeModeManager.java:validateSafeModeExitRules(214)) - AtleastOneDatanodeReportedRule rule is successfully validated
2020-12-17 02:07:02,956 [Listener at 127.0.0.1/44995] INFO  ozone.MiniOzoneClusterImpl (MiniOzoneClusterImpl.java:lambda$waitForClusterToBeReady$0(178)) - Nodes are ready. Got 6 of 6 DN Heartbeats.
2020-12-17 02:07:02,957 [Listener at 127.0.0.1/44995] INFO  ozone.MiniOzoneClusterImpl (MiniOzoneClusterImpl.java:lambda$waitForClusterToBeReady$0(181)) - Waiting for cluster to exit safe mode
2020-12-17 02:07:03,103 [EventQueue-PipelineReportForOneReplicaPipelineSafeModeRule] INFO  safemode.SCMSafeModeManager (SCMSafeModeManager.java:validateSafeModeExitRules(214)) - AtleastOneDatanodeReportedRule rule is successfully validated
2020-12-17 02:07:03,339 [EventQueue-PipelineReportForOneReplicaPipelineSafeModeRule] INFO  safemode.SCMSafeModeManager (SCMSafeModeManager.java:validateSafeModeExitRules(214)) - AtleastOneDatanodeReportedRule rule is successfully validated
2020-12-17 02:07:03,547 [EventQueue-PipelineReportForOneReplicaPipelineSafeModeRule] INFO  safemode.SCMSafeModeManager (SCMSafeModeManager.java:validateSafeModeExitRules(214)) - AtleastOneDatanodeReportedRule rule is successfully validated
2020-12-17 02:07:03,755 [EventQueue-PipelineReportForOneReplicaPipelineSafeModeRule] INFO  safemode.SCMSafeModeManager (SCMSafeModeManager.java:validateSafeModeExitRules(214)) - AtleastOneDatanodeReportedRule rule is successfully validated
2020-12-17 02:07:03,912 [Command processor thread] INFO  impl.RaftServerProxy (RaftServerProxy.java:addNew(93)) - ff0f44f6-234e-4444-8ce6-8a74f0a01736: addNew group-473CF7585990:[ff0f44f6-234e-4444-8ce6-8a74f0a01736|rpc:172.17.0.2:46533] returns group-473CF7585990:java.util.concurrent.CompletableFuture@76d116b8[Not completed]
2020-12-17 02:07:03,913 [EventQueue-PipelineReportForOneReplicaPipelineSafeModeRule] INFO  safemode.SCMSafeModeManager (SCMSafeModeManager.java:validateSafeModeExitRules(214)) - AtleastOneDatanodeReportedRule rule is successfully validated
2020-12-17 02:07:03,913 [pool-237-thread-1] INFO  impl.RaftServerImpl (RaftServerImpl.java:<init>(121)) - ff0f44f6-234e-4444-8ce6-8a74f0a01736: new RaftServerImpl for group-473CF7585990:[ff0f44f6-234e-4444-8ce6-8a74f0a01736|rpc:172.17.0.2:46533] with ContainerStateMachine:uninitialized
2020-12-17 02:07:03,913 [pool-237-thread-1] INFO  server.RaftServerConfigKeys (ConfUtils.java:logGet(44)) - raft.server.rpc.timeout.min = 5s (custom)
2020-12-17 02:07:03,914 [pool-237-thread-1] INFO  server.RaftServerConfigKeys (ConfUtils.java:logGet(44)) - raft.server.rpc.timeout.max = 5200ms (custom)
2020-12-17 02:07:03,914 [pool-237-thread-1] INFO  server.RaftServerConfigKeys (ConfUtils.java:logGet(44)) - raft.server.rpc.slowness.timeout = 300s (custom)
2020-12-17 02:07:03,914 [pool-237-thread-1] INFO  server.RaftServerConfigKeys (ConfUtils.java:logGet(44)) - raft.server.leaderelection.leader.step-down.wait-time = 10s (default)
2020-12-17 02:07:03,914 [pool-237-thread-1] INFO  server.RaftServerConfigKeys (ConfUtils.java:logGet(44)) - raft.server.sleep.deviation.threshold = 300 (default)
2020-12-17 02:07:03,914 [pool-237-thread-1] INFO  server.RaftServerConfigKeys (ConfUtils.java:logGet(44)) - raft.server.log.appender.install.snapshot.enabled = false (custom)
2020-12-17 02:07:03,914 [pool-237-thread-1] INFO  impl.RaftServerImpl (ServerState.java:<init>(104)) - ff0f44f6-234e-4444-8ce6-8a74f0a01736@group-473CF7585990: ConfigurationManager, init=-1: [ff0f44f6-234e-4444-8ce6-8a74f0a01736|rpc:172.17.0.2:46533], old=null, confs=<EMPTY_MAP>
2020-12-17 02:07:03,914 [pool-237-thread-1] INFO  server.RaftServerConfigKeys (ConfUtils.java:logGet(44)) - raft.server.storage.dir = [/github/workspace/mnt/ozone/hadoop-ozone/integration-test/target/test-dir/MiniOzoneClusterImpl-b9724c50-03f5-4055-971c-7bf7c5f09f05/datanode-0/data/ratis] (custom)
2020-12-17 02:07:03,915 [pool-237-thread-1] INFO  server.RaftServerConfigKeys (ConfUtils.java:logGet(44)) - raft.server.log.corruption.policy = EXCEPTION (default)
2020-12-17 02:07:03,915 [pool-237-thread-1] INFO  storage.RaftStorageDirectory (RaftStorageDirectory.java:analyzeStorage(261)) - The storage directory /github/workspace/mnt/ozone/hadoop-ozone/integration-test/target/test-dir/MiniOzoneClusterImpl-b9724c50-03f5-4055-971c-7bf7c5f09f05/datanode-0/data/ratis/f2ba0671-3bd9-428f-9175-473cf7585990 does not exist. Creating ...
2020-12-17 02:07:03,916 [pool-237-thread-1] INFO  storage.RaftStorageDirectory (RaftStorageDirectory.java:tryLock(343)) - Lock on /github/workspace/mnt/ozone/hadoop-ozone/integration-test/target/test-dir/MiniOzoneClusterImpl-b9724c50-03f5-4055-971c-7bf7c5f09f05/datanode-0/data/ratis/f2ba0671-3bd9-428f-9175-473cf7585990/in_use.lock acquired by nodename 8093@89b9adae2c19
2020-12-17 02:07:03,918 [pool-237-thread-1] INFO  storage.RaftStorage (RaftStorage.java:format(85)) - Storage directory /github/workspace/mnt/ozone/hadoop-ozone/integration-test/target/test-dir/MiniOzoneClusterImpl-b9724c50-03f5-4055-971c-7bf7c5f09f05/datanode-0/data/ratis/f2ba0671-3bd9-428f-9175-473cf7585990 has been successfully formatted.
2020-12-17 02:07:03,918 [pool-237-thread-1] INFO  ratis.ContainerStateMachine (ContainerStateMachine.java:loadSnapshot(225)) - group-473CF7585990: The snapshot info is null. Setting the last applied indexto:(t:0, i:~)
2020-12-17 02:07:03,919 [pool-237-thread-1] INFO  server.RaftServerConfigKeys (ConfUtils.java:logGet(44)) - raft.server.notification.no-leader.timeout = 300s (custom)
2020-12-17 02:07:03,919 [pool-237-thread-1] INFO  server.RaftServerConfigKeys (ConfUtils.java:logGet(44)) - raft.server.log.use.memory = false (default)
2020-12-17 02:07:03,919 [EventQueue-PipelineReportForOneReplicaPipelineSafeModeRule] INFO  safemode.SCMSafeModeManager (SCMSafeModeManager.java:validateSafeModeExitRules(214)) - AtleastOneDatanodeReportedRule rule is successfully validated
2020-12-17 02:07:03,919 [pool-237-thread-1] INFO  server.RaftServerConfigKeys (ConfUtils.java:logGet(44)) - raft.server.log.purge.gap = 1000000 (custom)
2020-12-17 02:07:03,919 [pool-237-thread-1] INFO  metrics.RatisMetrics (RatisMetrics.java:lambda$create$0(36)) - Creating Metrics Registry : ratis.log_worker.ff0f44f6-234e-4444-8ce6-8a74f0a01736@group-473CF7585990
2020-12-17 02:07:03,919 [pool-237-thread-1] INFO  server.RaftServerConfigKeys (ConfUtils.java:logGet(44)) - raft.server.log.appender.buffer.byte-limit = 33554432 (custom)
2020-12-17 02:07:03,919 [EventQueue-PipelineReportForPipelineReportHandler] INFO  pipeline.PipelineStateManager (PipelineStateManager.java:openPipeline(132)) - Pipeline Pipeline[ Id: f2ba0671-3bd9-428f-9175-473cf7585990, Nodes: ff0f44f6-234e-4444-8ce6-8a74f0a01736{ip: 172.17.0.2, host: 89b9adae2c19, networkLocation: /default-rack, certSerialId: null, persistedOpState: IN_SERVICE, persistedOpStateExpiryEpochSec: 0}, Type:RATIS, Factor:ONE, State:ALLOCATED, leaderId:ff0f44f6-234e-4444-8ce6-8a74f0a01736, CreationTimestamp2020-12-17T02:07:00.915Z] moved to OPEN state
2020-12-17 02:07:03,919 [pool-237-thread-1] INFO  server.RaftServerConfigKeys (ConfUtils.java:logGet(44)) - raft.server.log.segment.size.max = 1048576 (custom)
2020-12-17 02:07:03,921 [EventQueue-OpenPipelineForHealthyPipelineSafeModeRule] INFO  safemode.SCMSafeModeManager (HealthyPipelineSafeModeRule.java:process(128)) - SCM in safe mode. Healthy pipelines reported count is 0, required healthy pipeline reported count is 1
2020-12-17 02:07:03,921 [pool-237-thread-1] INFO  server.RaftServerConfigKeys (ConfUtils.java:logGet(44)) - raft.server.log.segment.cache.num.max = 2 (custom)
2020-12-17 02:07:03,922 [pool-237-thread-1] INFO  segmented.SegmentedRaftLogWorker (SegmentedRaftLogWorker.java:<init>(180)) - new ff0f44f6-234e-4444-8ce6-8a74f0a01736@group-473CF7585990-SegmentedRaftLogWorker for RaftStorage:Storage Directory /github/workspace/mnt/ozone/hadoop-ozone/integration-test/target/test-dir/MiniOzoneClusterImpl-b9724c50-03f5-4055-971c-7bf7c5f09f05/datanode-0/data/ratis/f2ba0671-3bd9-428f-9175-473cf7585990
2020-12-17 02:07:03,922 [pool-237-thread-1] INFO  server.RaftServerConfigKeys (ConfUtils.java:logGet(44)) - raft.server.log.queue.byte-limit = 2147483647 (custom)
2020-12-17 02:07:03,922 [pool-237-thread-1] INFO  server.RaftServerConfigKeys (ConfUtils.java:logGet(44)) - raft.server.log.queue.element-limit = 1024 (custom)
2020-12-17 02:07:03,922 [pool-237-thread-1] INFO  server.RaftServerConfigKeys (ConfUtils.java:logGet(44)) - raft.server.log.segment.size.max = 1048576 (custom)
2020-12-17 02:07:03,922 [pool-237-thread-1] INFO  server.RaftServerConfigKeys (ConfUtils.java:logGet(44)) - raft.server.log.preallocated.size = 16384 (custom)
2020-12-17 02:07:03,922 [pool-237-thread-1] INFO  server.RaftServerConfigKeys (ConfUtils.java:logGet(44)) - raft.server.log.write.buffer.size = 1048576 (custom)
2020-12-17 02:07:03,922 [pool-237-thread-1] INFO  server.RaftServerConfigKeys (ConfUtils.java:logGet(44)) - raft.server.log.force.sync.num = 128 (default)
2020-12-17 02:07:03,922 [pool-237-thread-1] INFO  server.RaftServerConfigKeys (ConfUtils.java:logGet(44)) - raft.server.log.statemachine.data.sync = true (default)
2020-12-17 02:07:03,923 [pool-237-thread-1] INFO  server.RaftServerConfigKeys (ConfUtils.java:logGet(44)) - raft.server.log.statemachine.data.sync.timeout = 10s (default)
2020-12-17 02:07:03,923 [pool-237-thread-1] INFO  server.RaftServerConfigKeys (ConfUtils.java:logGet(44)) - raft.server.log.statemachine.data.sync.timeout.retry = -1 (default)
2020-12-17 02:07:03,924 [pool-237-thread-1] INFO  server.RaftServerConfigKeys (ConfUtils.java:logGet(44)) - raft.server.log.statemachine.data.caching.enabled = true (custom)
2020-12-17 02:07:03,925 [pool-237-thread-1] INFO  segmented.SegmentedRaftLogWorker (SegmentedRaftLogWorker.java:lambda$new$0(129)) - ff0f44f6-234e-4444-8ce6-8a74f0a01736@group-473CF7585990-SegmentedRaftLogWorker: flushIndex: setUnconditionally 0 -> -1
2020-12-17 02:07:03,925 [pool-237-thread-1] INFO  segmented.SegmentedRaftLogWorker (SegmentedRaftLogWorker.java:lambda$new$0(129)) - ff0f44f6-234e-4444-8ce6-8a74f0a01736@group-473CF7585990-SegmentedRaftLogWorker: safeCacheEvictIndex: setUnconditionally 0 -> -1
2020-12-17 02:07:03,925 [pool-237-thread-1] INFO  server.RaftServerConfigKeys (ConfUtils.java:logGet(44)) - raft.server.snapshot.auto.trigger.enabled = true (custom)
2020-12-17 02:07:03,925 [pool-237-thread-1] INFO  server.RaftServerConfigKeys (ConfUtils.java:logGet(44)) - raft.server.snapshot.auto.trigger.threshold = 10000 (custom)
2020-12-17 02:07:03,925 [pool-237-thread-1] INFO  server.RaftServerConfigKeys (ConfUtils.java:logGet(44)) - raft.server.snapshot.retention.file.num = 5 (custom)
2020-12-17 02:07:03,925 [pool-237-thread-1] INFO  server.RaftServerConfigKeys (ConfUtils.java:logGet(44)) - raft.server.log.purge.upto.snapshot.index = false (default)
2020-12-17 02:07:03,925 [pool-237-thread-1] INFO  server.RaftServerConfigKeys (ConfUtils.java:logGet(44)) - raft.server.retrycache.expirytime = 600000ms (custom)
2020-12-17 02:07:03,926 [pool-237-thread-1] INFO  metrics.RatisMetrics (RatisMetrics.java:lambda$create$0(36)) - Creating Metrics Registry : ratis.leader_election.ff0f44f6-234e-4444-8ce6-8a74f0a01736@group-473CF7585990
2020-12-17 02:07:03,926 [pool-237-thread-1] INFO  metrics.RatisMetrics (RatisMetrics.java:lambda$create$0(36)) - Creating Metrics Registry : ratis.server.ff0f44f6-234e-4444-8ce6-8a74f0a01736@group-473CF7585990
2020-12-17 02:07:03,927 [pool-237-thread-1] INFO  impl.RaftServerImpl (RaftServerImpl.java:start(215)) - ff0f44f6-234e-4444-8ce6-8a74f0a01736@group-473CF7585990: start as a follower, conf=-1: [ff0f44f6-234e-4444-8ce6-8a74f0a01736|rpc:172.17.0.2:46533], old=null
2020-12-17 02:07:03,927 [pool-237-thread-1] INFO  impl.RaftServerImpl (RaftServerImpl.java:setRole(204)) - ff0f44f6-234e-4444-8ce6-8a74f0a01736@group-473CF7585990: changes role from      null to FOLLOWER at term 0 for startAsFollower
2020-12-17 02:07:03,928 [pool-237-thread-1] INFO  impl.RoleInfo (RoleInfo.java:updateAndGet(143)) - ff0f44f6-234e-4444-8ce6-8a74f0a01736: start ff0f44f6-234e-4444-8ce6-8a74f0a01736@group-473CF7585990-FollowerState
2020-12-17 02:07:03,928 [pool-237-thread-1] INFO  util.JmxRegister (JmxRegister.java:tryRegister(44)) - Successfully registered JMX Bean with object name Ratis:service=RaftServer,group=group-473CF7585990,id=ff0f44f6-234e-4444-8ce6-8a74f0a01736
2020-12-17 02:07:03,928 [pool-237-thread-1] INFO  metrics.RatisMetrics (RatisMetrics.java:lambda$create$0(36)) - Creating Metrics Registry : ratis.state_machine.ff0f44f6-234e-4444-8ce6-8a74f0a01736@group-473CF7585990
2020-12-17 02:07:03,929 [Command processor thread] INFO  commandhandler.CreatePipelineCommandHandler (CreatePipelineCommandHandler.java:handle(106)) - Created Pipeline RATIS ONE PipelineID=f2ba0671-3bd9-428f-9175-473cf7585990.
2020-12-17 02:07:03,930 [Command processor thread] INFO  impl.RaftServerProxy (RaftServerProxy.java:addNew(93)) - ff0f44f6-234e-4444-8ce6-8a74f0a01736: addNew group-B3368EE892E1:[754837be-208e-446d-9d6b-47f20359d127|rpc:172.17.0.2:42193, 11c9b167-23f2-44e1-aeb2-7325e8e405c1|rpc:172.17.0.2:45805, ff0f44f6-234e-4444-8ce6-8a74f0a01736|rpc:172.17.0.2:46533] returns group-B3368EE892E1:java.util.concurrent.CompletableFuture@72ee9cba[Not completed]
2020-12-17 02:07:03,931 [pool-237-thread-1] INFO  impl.RaftServerImpl (RaftServerImpl.java:<init>(121)) - ff0f44f6-234e-4444-8ce6-8a74f0a01736: new RaftServerImpl for group-B3368EE892E1:[754837be-208e-446d-9d6b-47f20359d127|rpc:172.17.0.2:42193, 11c9b167-23f2-44e1-aeb2-7325e8e405c1|rpc:172.17.0.2:45805, ff0f44f6-234e-4444-8ce6-8a74f0a01736|rpc:172.17.0.2:46533] with ContainerStateMachine:uninitialized
2020-12-17 02:07:03,931 [pool-237-thread-1] INFO  server.RaftServerConfigKeys (ConfUtils.java:logGet(44)) - raft.server.rpc.timeout.min = 5s (custom)
2020-12-17 02:07:03,931 [pool-237-thread-1] INFO  server.RaftServerConfigKeys (ConfUtils.java:logGet(44)) - raft.server.rpc.timeout.max = 5200ms (custom)
2020-12-17 02:07:03,931 [pool-237-thread-1] INFO  server.RaftServerConfigKeys (ConfUtils.java:logGet(44)) - raft.server.rpc.slowness.timeout = 300s (custom)
2020-12-17 02:07:03,931 [pool-237-thread-1] INFO  server.RaftServerConfigKeys (ConfUtils.java:logGet(44)) - raft.server.leaderelection.leader.step-down.wait-time = 10s (default)
2020-12-17 02:07:03,931 [pool-237-thread-1] INFO  server.RaftServerConfigKeys (ConfUtils.java:logGet(44)) - raft.server.sleep.deviation.threshold = 300 (default)
2020-12-17 02:07:03,931 [pool-237-thread-1] INFO  server.RaftServerConfigKeys (ConfUtils.java:logGet(44)) - raft.server.log.appender.install.snapshot.enabled = false (custom)
2020-12-17 02:07:03,931 [pool-237-thread-1] INFO  impl.RaftServerImpl (ServerState.java:<init>(104)) - ff0f44f6-234e-4444-8ce6-8a74f0a01736@group-B3368EE892E1: ConfigurationManager, init=-1: [754837be-208e-446d-9d6b-47f20359d127|rpc:172.17.0.2:42193, 11c9b167-23f2-44e1-aeb2-7325e8e405c1|rpc:172.17.0.2:45805, ff0f44f6-234e-4444-8ce6-8a74f0a01736|rpc:172.17.0.2:46533], old=null, confs=<EMPTY_MAP>
2020-12-17 02:07:03,932 [pool-237-thread-1] INFO  server.RaftServerConfigKeys (ConfUtils.java:logGet(44)) - raft.server.storage.dir = [/github/workspace/mnt/ozone/hadoop-ozone/integration-test/target/test-dir/MiniOzoneClusterImpl-b9724c50-03f5-4055-971c-7bf7c5f09f05/datanode-0/data/ratis] (custom)
2020-12-17 02:07:03,932 [pool-237-thread-1] INFO  server.RaftServerConfigKeys (ConfUtils.java:logGet(44)) - raft.server.log.corruption.policy = EXCEPTION (default)
2020-12-17 02:07:03,932 [pool-237-thread-1] INFO  storage.RaftStorageDirectory (RaftStorageDirectory.java:analyzeStorage(261)) - The storage directory /github/workspace/mnt/ozone/hadoop-ozone/integration-test/target/test-dir/MiniOzoneClusterImpl-b9724c50-03f5-4055-971c-7bf7c5f09f05/datanode-0/data/ratis/328cd715-fe0f-49e5-9b2c-b3368ee892e1 does not exist. Creating ...
2020-12-17 02:07:03,936 [pool-237-thread-1] INFO  storage.RaftStorageDirectory (RaftStorageDirectory.java:tryLock(343)) - Lock on /github/workspace/mnt/ozone/hadoop-ozone/integration-test/target/test-dir/MiniOzoneClusterImpl-b9724c50-03f5-4055-971c-7bf7c5f09f05/datanode-0/data/ratis/328cd715-fe0f-49e5-9b2c-b3368ee892e1/in_use.lock acquired by nodename 8093@89b9adae2c19
2020-12-17 02:07:03,937 [pool-237-thread-1] INFO  storage.RaftStorage (RaftStorage.java:format(85)) - Storage directory /github/workspace/mnt/ozone/hadoop-ozone/integration-test/target/test-dir/MiniOzoneClusterImpl-b9724c50-03f5-4055-971c-7bf7c5f09f05/datanode-0/data/ratis/328cd715-fe0f-49e5-9b2c-b3368ee892e1 has been successfully formatted.
2020-12-17 02:07:03,938 [pool-237-thread-1] INFO  ratis.ContainerStateMachine (ContainerStateMachine.java:loadSnapshot(225)) - group-B3368EE892E1: The snapshot info is null. Setting the last applied indexto:(t:0, i:~)
2020-12-17 02:07:03,938 [pool-237-thread-1] INFO  server.RaftServerConfigKeys (ConfUtils.java:logGet(44)) - raft.server.notification.no-leader.timeout = 300s (custom)
2020-12-17 02:07:03,938 [pool-237-thread-1] INFO  server.RaftServerConfigKeys (ConfUtils.java:logGet(44)) - raft.server.log.use.memory = false (default)
2020-12-17 02:07:03,938 [pool-237-thread-1] INFO  server.RaftServerConfigKeys (ConfUtils.java:logGet(44)) - raft.server.log.purge.gap = 1000000 (custom)
2020-12-17 02:07:03,938 [pool-237-thread-1] INFO  metrics.RatisMetrics (RatisMetrics.java:lambda$create$0(36)) - Creating Metrics Registry : ratis.log_worker.ff0f44f6-234e-4444-8ce6-8a74f0a01736@group-B3368EE892E1
2020-12-17 02:07:03,939 [EventQueue-PipelineReportForOneReplicaPipelineSafeModeRule] INFO  safemode.SCMSafeModeManager (SCMSafeModeManager.java:validateSafeModeExitRules(214)) - AtleastOneDatanodeReportedRule rule is successfully validated
2020-12-17 02:07:03,939 [EventQueue-OpenPipelineForHealthyPipelineSafeModeRule] INFO  safemode.SCMSafeModeManager (HealthyPipelineSafeModeRule.java:process(128)) - SCM in safe mode. Healthy pipelines reported count is 0, required healthy pipeline reported count is 1
2020-12-17 02:07:03,939 [pool-237-thread-1] INFO  server.RaftServerConfigKeys (ConfUtils.java:logGet(44)) - raft.server.log.appender.buffer.byte-limit = 33554432 (custom)
2020-12-17 02:07:03,939 [pool-237-thread-1] INFO  server.RaftServerConfigKeys (ConfUtils.java:logGet(44)) - raft.server.log.segment.size.max = 1048576 (custom)
2020-12-17 02:07:03,940 [pool-237-thread-1] INFO  server.RaftServerConfigKeys (ConfUtils.java:logGet(44)) - raft.server.log.segment.cache.num.max = 2 (custom)
2020-12-17 02:07:03,940 [pool-237-thread-1] INFO  segmented.SegmentedRaftLogWorker (SegmentedRaftLogWorker.java:<init>(180)) - new ff0f44f6-234e-4444-8ce6-8a74f0a01736@group-B3368EE892E1-SegmentedRaftLogWorker for RaftStorage:Storage Directory /github/workspace/mnt/ozone/hadoop-ozone/integration-test/target/test-dir/MiniOzoneClusterImpl-b9724c50-03f5-4055-971c-7bf7c5f09f05/datanode-0/data/ratis/328cd715-fe0f-49e5-9b2c-b3368ee892e1
2020-12-17 02:07:03,940 [pool-237-thread-1] INFO  server.RaftServerConfigKeys (ConfUtils.java:logGet(44)) - raft.server.log.queue.byte-limit = 2147483647 (custom)
2020-12-17 02:07:03,940 [pool-237-thread-1] INFO  server.RaftServerConfigKeys (ConfUtils.java:logGet(44)) - raft.server.log.queue.element-limit = 1024 (custom)
2020-12-17 02:07:03,940 [pool-237-thread-1] INFO  server.RaftServerConfigKeys (ConfUtils.java:logGet(44)) - raft.server.log.segment.size.max = 1048576 (custom)
2020-12-17 02:07:03,940 [pool-237-thread-1] INFO  server.RaftServerConfigKeys (ConfUtils.java:logGet(44)) - raft.server.log.preallocated.size = 16384 (custom)
2020-12-17 02:07:03,941 [pool-237-thread-1] INFO  server.RaftServerConfigKeys (ConfUtils.java:logGet(44)) - raft.server.log.write.buffer.size = 1048576 (custom)
2020-12-17 02:07:03,941 [pool-237-thread-1] INFO  server.RaftServerConfigKeys (ConfUtils.java:logGet(44)) - raft.server.log.force.sync.num = 128 (default)
2020-12-17 02:07:03,941 [pool-237-thread-1] INFO  server.RaftServerConfigKeys (ConfUtils.java:logGet(44)) - raft.server.log.statemachine.data.sync = true (default)
2020-12-17 02:07:03,941 [pool-237-thread-1] INFO  server.RaftServerConfigKeys (ConfUtils.java:logGet(44)) - raft.server.log.statemachine.data.sync.timeout = 10s (default)
2020-12-17 02:07:03,941 [pool-237-thread-1] INFO  server.RaftServerConfigKeys (ConfUtils.java:logGet(44)) - raft.server.log.statemachine.data.sync.timeout.retry = -1 (default)
2020-12-17 02:07:03,943 [pool-237-thread-1] INFO  server.RaftServerConfigKeys (ConfUtils.java:logGet(44)) - raft.server.log.statemachine.data.caching.enabled = true (custom)
2020-12-17 02:07:03,943 [pool-237-thread-1] INFO  segmented.SegmentedRaftLogWorker (SegmentedRaftLogWorker.java:lambda$new$0(129)) - ff0f44f6-234e-4444-8ce6-8a74f0a01736@group-B3368EE892E1-SegmentedRaftLogWorker: flushIndex: setUnconditionally 0 -> -1
2020-12-17 02:07:03,943 [pool-237-thread-1] INFO  segmented.SegmentedRaftLogWorker (SegmentedRaftLogWorker.java:lambda$new$0(129)) - ff0f44f6-234e-4444-8ce6-8a74f0a01736@group-B3368EE892E1-SegmentedRaftLogWorker: safeCacheEvictIndex: setUnconditionally 0 -> -1
2020-12-17 02:07:03,944 [pool-237-thread-1] INFO  server.RaftServerConfigKeys (ConfUtils.java:logGet(44)) - raft.server.snapshot.auto.trigger.enabled = true (custom)
2020-12-17 02:07:03,944 [pool-237-thread-1] INFO  server.RaftServerConfigKeys (ConfUtils.java:logGet(44)) - raft.server.snapshot.auto.trigger.threshold = 10000 (custom)
2020-12-17 02:07:03,944 [pool-237-thread-1] INFO  server.RaftServerConfigKeys (ConfUtils.java:logGet(44)) - raft.server.snapshot.retention.file.num = 5 (custom)
2020-12-17 02:07:03,944 [pool-237-thread-1] INFO  server.RaftServerConfigKeys (ConfUtils.java:logGet(44)) - raft.server.log.purge.upto.snapshot.index = false (default)
2020-12-17 02:07:03,944 [pool-237-thread-1] INFO  server.RaftServerConfigKeys (ConfUtils.java:logGet(44)) - raft.server.retrycache.expirytime = 600000ms (custom)
2020-12-17 02:07:03,944 [pool-237-thread-1] INFO  metrics.RatisMetrics (RatisMetrics.java:lambda$create$0(36)) - Creating Metrics Registry : ratis.leader_election.ff0f44f6-234e-4444-8ce6-8a74f0a01736@group-B3368EE892E1
2020-12-17 02:07:03,945 [pool-237-thread-1] INFO  metrics.RatisMetrics (RatisMetrics.java:lambda$create$0(36)) - Creating Metrics Registry : ratis.server.ff0f44f6-234e-4444-8ce6-8a74f0a01736@group-B3368EE892E1
2020-12-17 02:07:03,946 [pool-237-thread-1] INFO  impl.RaftServerImpl (RaftServerImpl.java:start(215)) - ff0f44f6-234e-4444-8ce6-8a74f0a01736@group-B3368EE892E1: start as a follower, conf=-1: [754837be-208e-446d-9d6b-47f20359d127|rpc:172.17.0.2:42193, 11c9b167-23f2-44e1-aeb2-7325e8e405c1|rpc:172.17.0.2:45805, ff0f44f6-234e-4444-8ce6-8a74f0a01736|rpc:172.17.0.2:46533], old=null
2020-12-17 02:07:03,946 [pool-237-thread-1] INFO  impl.RaftServerImpl (RaftServerImpl.java:setRole(204)) - ff0f44f6-234e-4444-8ce6-8a74f0a01736@group-B3368EE892E1: changes role from      null to FOLLOWER at term 0 for startAsFollower
2020-12-17 02:07:03,946 [pool-237-thread-1] INFO  impl.RoleInfo (RoleInfo.java:updateAndGet(143)) - ff0f44f6-234e-4444-8ce6-8a74f0a01736: start ff0f44f6-234e-4444-8ce6-8a74f0a01736@group-B3368EE892E1-FollowerState
2020-12-17 02:07:03,946 [pool-237-thread-1] INFO  util.JmxRegister (JmxRegister.java:tryRegister(44)) - Successfully registered JMX Bean with object name Ratis:service=RaftServer,group=group-B3368EE892E1,id=ff0f44f6-234e-4444-8ce6-8a74f0a01736
2020-12-17 02:07:03,946 [pool-237-thread-1] INFO  metrics.RatisMetrics (RatisMetrics.java:lambda$create$0(36)) - Creating Metrics Registry : ratis.state_machine.ff0f44f6-234e-4444-8ce6-8a74f0a01736@group-B3368EE892E1
2020-12-17 02:07:03,949 [Command processor thread] INFO  metrics.RatisMetrics (RatisMetrics.java:lambda$create$0(36)) - Creating Metrics Registry : ratis.client_message_metrics.client-D3743BA43EEB->754837be-208e-446d-9d6b-47f20359d127
2020-12-17 02:07:03,955 [grpc-default-executor-1] INFO  metrics.RatisMetrics (RatisMetrics.java:lambda$create$0(36)) - Creating Metrics Registry : ratis.server_message_metrics.754837be-208e-446d-9d6b-47f20359d127
2020-12-17 02:07:03,960 [EventQueue-PipelineReportForOneReplicaPipelineSafeModeRule] INFO  safemode.SCMSafeModeManager (SCMSafeModeManager.java:validateSafeModeExitRules(214)) - AtleastOneDatanodeReportedRule rule is successfully validated
2020-12-17 02:07:03,961 [grpc-default-executor-1] INFO  impl.RaftServerProxy (RaftServerProxy.java:addNew(93)) - 754837be-208e-446d-9d6b-47f20359d127: addNew group-B3368EE892E1:[754837be-208e-446d-9d6b-47f20359d127|rpc:172.17.0.2:42193|dataStream:, 11c9b167-23f2-44e1-aeb2-7325e8e405c1|rpc:172.17.0.2:45805|dataStream:, ff0f44f6-234e-4444-8ce6-8a74f0a01736|rpc:172.17.0.2:46533|dataStream:] returns group-B3368EE892E1:java.util.concurrent.CompletableFuture@3fce0dd0[Not completed]
2020-12-17 02:07:03,961 [Listener at 127.0.0.1/44995] INFO  ozone.MiniOzoneClusterImpl (MiniOzoneClusterImpl.java:lambda$waitForClusterToBeReady$0(178)) - Nodes are ready. Got 6 of 6 DN Heartbeats.
2020-12-17 02:07:03,962 [Listener at 127.0.0.1/44995] INFO  ozone.MiniOzoneClusterImpl (MiniOzoneClusterImpl.java:lambda$waitForClusterToBeReady$0(181)) - Waiting for cluster to exit safe mode
2020-12-17 02:07:03,967 [pool-253-thread-1] INFO  impl.RaftServerImpl (RaftServerImpl.java:<init>(121)) - 754837be-208e-446d-9d6b-47f20359d127: new RaftServerImpl for group-B3368EE892E1:[754837be-208e-446d-9d6b-47f20359d127|rpc:172.17.0.2:42193|dataStream:, 11c9b167-23f2-44e1-aeb2-7325e8e405c1|rpc:172.17.0.2:45805|dataStream:, ff0f44f6-234e-4444-8ce6-8a74f0a01736|rpc:172.17.0.2:46533|dataStream:] with ContainerStateMachine:uninitialized
2020-12-17 02:07:03,967 [pool-253-thread-1] INFO  server.RaftServerConfigKeys (ConfUtils.java:logGet(44)) - raft.server.rpc.timeout.min = 5s (custom)
2020-12-17 02:07:03,967 [pool-253-thread-1] INFO  server.RaftServerConfigKeys (ConfUtils.java:logGet(44)) - raft.server.rpc.timeout.max = 5200ms (custom)
2020-12-17 02:07:03,967 [pool-253-thread-1] INFO  server.RaftServerConfigKeys (ConfUtils.java:logGet(44)) - raft.server.rpc.slowness.timeout = 300s (custom)
2020-12-17 02:07:03,967 [pool-253-thread-1] INFO  server.RaftServerConfigKeys (ConfUtils.java:logGet(44)) - raft.server.leaderelection.leader.step-down.wait-time = 10s (default)
2020-12-17 02:07:03,968 [pool-253-thread-1] INFO  server.RaftServerConfigKeys (ConfUtils.java:logGet(44)) - raft.server.sleep.deviation.threshold = 300 (default)
2020-12-17 02:07:03,968 [pool-253-thread-1] INFO  server.RaftServerConfigKeys (ConfUtils.java:logGet(44)) - raft.server.log.appender.install.snapshot.enabled = false (custom)
2020-12-17 02:07:03,968 [pool-253-thread-1] INFO  impl.RaftServerImpl (ServerState.java:<init>(104)) - 754837be-208e-446d-9d6b-47f20359d127@group-B3368EE892E1: ConfigurationManager, init=-1: [754837be-208e-446d-9d6b-47f20359d127|rpc:172.17.0.2:42193|dataStream:, 11c9b167-23f2-44e1-aeb2-7325e8e405c1|rpc:172.17.0.2:45805|dataStream:, ff0f44f6-234e-4444-8ce6-8a74f0a01736|rpc:172.17.0.2:46533|dataStream:], old=null, confs=<EMPTY_MAP>
2020-12-17 02:07:03,968 [pool-253-thread-1] INFO  server.RaftServerConfigKeys (ConfUtils.java:logGet(44)) - raft.server.storage.dir = [/github/workspace/mnt/ozone/hadoop-ozone/integration-test/target/test-dir/MiniOzoneClusterImpl-b9724c50-03f5-4055-971c-7bf7c5f09f05/datanode-1/data/ratis] (custom)
2020-12-17 02:07:03,968 [pool-253-thread-1] INFO  server.RaftServerConfigKeys (ConfUtils.java:logGet(44)) - raft.server.log.corruption.policy = EXCEPTION (default)
2020-12-17 02:07:03,968 [pool-253-thread-1] INFO  storage.RaftStorageDirectory (RaftStorageDirectory.java:analyzeStorage(261)) - The storage directory /github/workspace/mnt/ozone/hadoop-ozone/integration-test/target/test-dir/MiniOzoneClusterImpl-b9724c50-03f5-4055-971c-7bf7c5f09f05/datanode-1/data/ratis/328cd715-fe0f-49e5-9b2c-b3368ee892e1 does not exist. Creating ...
2020-12-17 02:07:03,970 [pool-253-thread-1] INFO  storage.RaftStorageDirectory (RaftStorageDirectory.java:tryLock(343)) - Lock on /github/workspace/mnt/ozone/hadoop-ozone/integration-test/target/test-dir/MiniOzoneClusterImpl-b9724c50-03f5-4055-971c-7bf7c5f09f05/datanode-1/data/ratis/328cd715-fe0f-49e5-9b2c-b3368ee892e1/in_use.lock acquired by nodename 8093@89b9adae2c19
2020-12-17 02:07:03,972 [pool-253-thread-1] INFO  storage.RaftStorage (RaftStorage.java:format(85)) - Storage directory /github/workspace/mnt/ozone/hadoop-ozone/integration-test/target/test-dir/MiniOzoneClusterImpl-b9724c50-03f5-4055-971c-7bf7c5f09f05/datanode-1/data/ratis/328cd715-fe0f-49e5-9b2c-b3368ee892e1 has been successfully formatted.
2020-12-17 02:07:03,973 [pool-253-thread-1] INFO  ratis.ContainerStateMachine (ContainerStateMachine.java:loadSnapshot(225)) - group-B3368EE892E1: The snapshot info is null. Setting the last applied indexto:(t:0, i:~)
2020-12-17 02:07:03,973 [pool-253-thread-1] INFO  server.RaftServerConfigKeys (ConfUtils.java:logGet(44)) - raft.server.notification.no-leader.timeout = 300s (custom)
2020-12-17 02:07:03,973 [pool-253-thread-1] INFO  server.RaftServerConfigKeys (ConfUtils.java:logGet(44)) - raft.server.log.use.memory = false (default)
2020-12-17 02:07:03,974 [pool-253-thread-1] INFO  server.RaftServerConfigKeys (ConfUtils.java:logGet(44)) - raft.server.log.purge.gap = 1000000 (custom)
2020-12-17 02:07:03,974 [EventQueue-PipelineReportForOneReplicaPipelineSafeModeRule] INFO  safemode.SCMSafeModeManager (SCMSafeModeManager.java:validateSafeModeExitRules(214)) - AtleastOneDatanodeReportedRule rule is successfully validated
2020-12-17 02:07:03,974 [pool-253-thread-1] INFO  metrics.RatisMetrics (RatisMetrics.java:lambda$create$0(36)) - Creating Metrics Registry : ratis.log_worker.754837be-208e-446d-9d6b-47f20359d127@group-B3368EE892E1
2020-12-17 02:07:03,975 [pool-253-thread-1] INFO  server.RaftServerConfigKeys (ConfUtils.java:logGet(44)) - raft.server.log.appender.buffer.byte-limit = 33554432 (custom)
2020-12-17 02:07:03,975 [pool-253-thread-1] INFO  server.RaftServerConfigKeys (ConfUtils.java:logGet(44)) - raft.server.log.segment.size.max = 1048576 (custom)
2020-12-17 02:07:03,975 [pool-253-thread-1] INFO  server.RaftServerConfigKeys (ConfUtils.java:logGet(44)) - raft.server.log.segment.cache.num.max = 2 (custom)
2020-12-17 02:07:03,976 [pool-253-thread-1] INFO  segmented.SegmentedRaftLogWorker (SegmentedRaftLogWorker.java:<init>(180)) - new 754837be-208e-446d-9d6b-47f20359d127@group-B3368EE892E1-SegmentedRaftLogWorker for RaftStorage:Storage Directory /github/workspace/mnt/ozone/hadoop-ozone/integration-test/target/test-dir/MiniOzoneClusterImpl-b9724c50-03f5-4055-971c-7bf7c5f09f05/datanode-1/data/ratis/328cd715-fe0f-49e5-9b2c-b3368ee892e1
2020-12-17 02:07:03,976 [pool-253-thread-1] INFO  server.RaftServerConfigKeys (ConfUtils.java:logGet(44)) - raft.server.log.queue.byte-limit = 2147483647 (custom)
2020-12-17 02:07:03,976 [pool-253-thread-1] INFO  server.RaftServerConfigKeys (ConfUtils.java:logGet(44)) - raft.server.log.queue.element-limit = 1024 (custom)
2020-12-17 02:07:03,976 [pool-253-thread-1] INFO  server.RaftServerConfigKeys (ConfUtils.java:logGet(44)) - raft.server.log.segment.size.max = 1048576 (custom)
2020-12-17 02:07:03,976 [pool-253-thread-1] INFO  server.RaftServerConfigKeys (ConfUtils.java:logGet(44)) - raft.server.log.preallocated.size = 16384 (custom)
2020-12-17 02:07:03,976 [pool-253-thread-1] INFO  server.RaftServerConfigKeys (ConfUtils.java:logGet(44)) - raft.server.log.write.buffer.size = 1048576 (custom)
2020-12-17 02:07:03,976 [pool-253-thread-1] INFO  server.RaftServerConfigKeys (ConfUtils.java:logGet(44)) - raft.server.log.force.sync.num = 128 (default)
2020-12-17 02:07:03,976 [pool-253-thread-1] INFO  server.RaftServerConfigKeys (ConfUtils.java:logGet(44)) - raft.server.log.statemachine.data.sync = true (default)
2020-12-17 02:07:03,976 [pool-253-thread-1] INFO  server.RaftServerConfigKeys (ConfUtils.java:logGet(44)) - raft.server.log.statemachine.data.sync.timeout = 10s (default)
2020-12-17 02:07:03,977 [pool-253-thread-1] INFO  server.RaftServerConfigKeys (ConfUtils.java:logGet(44)) - raft.server.log.statemachine.data.sync.timeout.retry = -1 (default)
2020-12-17 02:07:03,979 [pool-253-thread-1] INFO  server.RaftServerConfigKeys (ConfUtils.java:logGet(44)) - raft.server.log.statemachine.data.caching.enabled = true (custom)
2020-12-17 02:07:03,979 [pool-253-thread-1] INFO  segmented.SegmentedRaftLogWorker (SegmentedRaftLogWorker.java:lambda$new$0(129)) - 754837be-208e-446d-9d6b-47f20359d127@group-B3368EE892E1-SegmentedRaftLogWorker: flushIndex: setUnconditionally 0 -> -1
2020-12-17 02:07:03,979 [pool-253-thread-1] INFO  segmented.SegmentedRaftLogWorker (SegmentedRaftLogWorker.java:lambda$new$0(129)) - 754837be-208e-446d-9d6b-47f20359d127@group-B3368EE892E1-SegmentedRaftLogWorker: safeCacheEvictIndex: setUnconditionally 0 -> -1
2020-12-17 02:07:03,979 [pool-253-thread-1] INFO  server.RaftServerConfigKeys (ConfUtils.java:logGet(44)) - raft.server.snapshot.auto.trigger.enabled = true (custom)
2020-12-17 02:07:03,979 [pool-253-thread-1] INFO  server.RaftServerConfigKeys (ConfUtils.java:logGet(44)) - raft.server.snapshot.auto.trigger.threshold = 10000 (custom)
2020-12-17 02:07:03,979 [pool-253-thread-1] INFO  server.RaftServerConfigKeys (ConfUtils.java:logGet(44)) - raft.server.snapshot.retention.file.num = 5 (custom)
2020-12-17 02:07:03,980 [pool-253-thread-1] INFO  server.RaftServerConfigKeys (ConfUtils.java:logGet(44)) - raft.server.log.purge.upto.snapshot.index = false (default)
2020-12-17 02:07:03,980 [pool-253-thread-1] INFO  server.RaftServerConfigKeys (ConfUtils.java:logGet(44)) - raft.server.retrycache.expirytime = 600000ms (custom)
2020-12-17 02:07:03,980 [pool-253-thread-1] INFO  metrics.RatisMetrics (RatisMetrics.java:lambda$create$0(36)) - Creating Metrics Registry : ratis.leader_election.754837be-208e-446d-9d6b-47f20359d127@group-B3368EE892E1
2020-12-17 02:07:03,980 [pool-253-thread-1] INFO  metrics.RatisMetrics (RatisMetrics.java:lambda$create$0(36)) - Creating Metrics Registry : ratis.server.754837be-208e-446d-9d6b-47f20359d127@group-B3368EE892E1
2020-12-17 02:07:03,981 [pool-253-thread-1] INFO  impl.RaftServerImpl (RaftServerImpl.java:start(215)) - 754837be-208e-446d-9d6b-47f20359d127@group-B3368EE892E1: start as a follower, conf=-1: [754837be-208e-446d-9d6b-47f20359d127|rpc:172.17.0.2:42193|dataStream:, 11c9b167-23f2-44e1-aeb2-7325e8e405c1|rpc:172.17.0.2:45805|dataStream:, ff0f44f6-234e-4444-8ce6-8a74f0a01736|rpc:172.17.0.2:46533|dataStream:], old=null
2020-12-17 02:07:03,982 [pool-253-thread-1] INFO  impl.RaftServerImpl (RaftServerImpl.java:setRole(204)) - 754837be-208e-446d-9d6b-47f20359d127@group-B3368EE892E1: changes role from      null to FOLLOWER at term 0 for startAsFollower
2020-12-17 02:07:03,982 [pool-253-thread-1] INFO  impl.RoleInfo (RoleInfo.java:updateAndGet(143)) - 754837be-208e-446d-9d6b-47f20359d127: start 754837be-208e-446d-9d6b-47f20359d127@group-B3368EE892E1-FollowerState
2020-12-17 02:07:03,982 [pool-253-thread-1] INFO  util.JmxRegister (JmxRegister.java:tryRegister(44)) - Successfully registered JMX Bean with object name Ratis:service=RaftServer,group=group-B3368EE892E1,id=754837be-208e-446d-9d6b-47f20359d127
2020-12-17 02:07:03,982 [pool-253-thread-1] INFO  metrics.RatisMetrics (RatisMetrics.java:lambda$create$0(36)) - Creating Metrics Registry : ratis.state_machine.754837be-208e-446d-9d6b-47f20359d127@group-B3368EE892E1
2020-12-17 02:07:03,993 [Command processor thread] INFO  metrics.RatisMetrics (RatisMetrics.java:lambda$create$0(36)) - Creating Metrics Registry : ratis.client_message_metrics.client-9793E0B798BC->11c9b167-23f2-44e1-aeb2-7325e8e405c1
2020-12-17 02:07:03,998 [grpc-default-executor-1] INFO  metrics.RatisMetrics (RatisMetrics.java:lambda$create$0(36)) - Creating Metrics Registry : ratis.server_message_metrics.11c9b167-23f2-44e1-aeb2-7325e8e405c1
2020-12-17 02:07:04,000 [grpc-default-executor-1] INFO  impl.RaftServerProxy (RaftServerProxy.java:addNew(93)) - 11c9b167-23f2-44e1-aeb2-7325e8e405c1: addNew group-B3368EE892E1:[754837be-208e-446d-9d6b-47f20359d127|rpc:172.17.0.2:42193|dataStream:, 11c9b167-23f2-44e1-aeb2-7325e8e405c1|rpc:172.17.0.2:45805|dataStream:, ff0f44f6-234e-4444-8ce6-8a74f0a01736|rpc:172.17.0.2:46533|dataStream:] returns group-B3368EE892E1:java.util.concurrent.CompletableFuture@6c309a28[Not completed]
2020-12-17 02:07:04,001 [pool-269-thread-1] INFO  impl.RaftServerImpl (RaftServerImpl.java:<init>(121)) - 11c9b167-23f2-44e1-aeb2-7325e8e405c1: new RaftServerImpl for group-B3368EE892E1:[754837be-208e-446d-9d6b-47f20359d127|rpc:172.17.0.2:42193|dataStream:, 11c9b167-23f2-44e1-aeb2-7325e8e405c1|rpc:172.17.0.2:45805|dataStream:, ff0f44f6-234e-4444-8ce6-8a74f0a01736|rpc:172.17.0.2:46533|dataStream:] with ContainerStateMachine:uninitialized
2020-12-17 02:07:04,001 [pool-269-thread-1] INFO  server.RaftServerConfigKeys (ConfUtils.java:logGet(44)) - raft.server.rpc.timeout.min = 5s (custom)
2020-12-17 02:07:04,001 [pool-269-thread-1] INFO  server.RaftServerConfigKeys (ConfUtils.java:logGet(44)) - raft.server.rpc.timeout.max = 5200ms (custom)
2020-12-17 02:07:04,001 [pool-269-thread-1] INFO  server.RaftServerConfigKeys (ConfUtils.java:logGet(44)) - raft.server.rpc.slowness.timeout = 300s (custom)
2020-12-17 02:07:04,001 [pool-269-thread-1] INFO  server.RaftServerConfigKeys (ConfUtils.java:logGet(44)) - raft.server.leaderelection.leader.step-down.wait-time = 10s (default)
2020-12-17 02:07:04,001 [pool-269-thread-1] INFO  server.RaftServerConfigKeys (ConfUtils.java:logGet(44)) - raft.server.sleep.deviation.threshold = 300 (default)
2020-12-17 02:07:04,002 [pool-269-thread-1] INFO  server.RaftServerConfigKeys (ConfUtils.java:logGet(44)) - raft.server.log.appender.install.snapshot.enabled = false (custom)
2020-12-17 02:07:04,002 [pool-269-thread-1] INFO  impl.RaftServerImpl (ServerState.java:<init>(104)) - 11c9b167-23f2-44e1-aeb2-7325e8e405c1@group-B3368EE892E1: ConfigurationManager, init=-1: [754837be-208e-446d-9d6b-47f20359d127|rpc:172.17.0.2:42193|dataStream:, 11c9b167-23f2-44e1-aeb2-7325e8e405c1|rpc:172.17.0.2:45805|dataStream:, ff0f44f6-234e-4444-8ce6-8a74f0a01736|rpc:172.17.0.2:46533|dataStream:], old=null, confs=<EMPTY_MAP>
2020-12-17 02:07:04,002 [pool-269-thread-1] INFO  server.RaftServerConfigKeys (ConfUtils.java:logGet(44)) - raft.server.storage.dir = [/github/workspace/mnt/ozone/hadoop-ozone/integration-test/target/test-dir/MiniOzoneClusterImpl-b9724c50-03f5-4055-971c-7bf7c5f09f05/datanode-2/data/ratis] (custom)
2020-12-17 02:07:04,002 [pool-269-thread-1] INFO  server.RaftServerConfigKeys (ConfUtils.java:logGet(44)) - raft.server.log.corruption.policy = EXCEPTION (default)
2020-12-17 02:07:04,002 [pool-269-thread-1] INFO  storage.RaftStorageDirectory (RaftStorageDirectory.java:analyzeStorage(261)) - The storage directory /github/workspace/mnt/ozone/hadoop-ozone/integration-test/target/test-dir/MiniOzoneClusterImpl-b9724c50-03f5-4055-971c-7bf7c5f09f05/datanode-2/data/ratis/328cd715-fe0f-49e5-9b2c-b3368ee892e1 does not exist. Creating ...
2020-12-17 02:07:04,003 [pool-269-thread-1] INFO  storage.RaftStorageDirectory (RaftStorageDirectory.java:tryLock(343)) - Lock on /github/workspace/mnt/ozone/hadoop-ozone/integration-test/target/test-dir/MiniOzoneClusterImpl-b9724c50-03f5-4055-971c-7bf7c5f09f05/datanode-2/data/ratis/328cd715-fe0f-49e5-9b2c-b3368ee892e1/in_use.lock acquired by nodename 8093@89b9adae2c19
2020-12-17 02:07:04,004 [pool-269-thread-1] INFO  storage.RaftStorage (RaftStorage.java:format(85)) - Storage directory /github/workspace/mnt/ozone/hadoop-ozone/integration-test/target/test-dir/MiniOzoneClusterImpl-b9724c50-03f5-4055-971c-7bf7c5f09f05/datanode-2/data/ratis/328cd715-fe0f-49e5-9b2c-b3368ee892e1 has been successfully formatted.
2020-12-17 02:07:04,004 [pool-269-thread-1] INFO  ratis.ContainerStateMachine (ContainerStateMachine.java:loadSnapshot(225)) - group-B3368EE892E1: The snapshot info is null. Setting the last applied indexto:(t:0, i:~)
2020-12-17 02:07:04,005 [pool-269-thread-1] INFO  server.RaftServerConfigKeys (ConfUtils.java:logGet(44)) - raft.server.notification.no-leader.timeout = 300s (custom)
2020-12-17 02:07:04,005 [pool-269-thread-1] INFO  server.RaftServerConfigKeys (ConfUtils.java:logGet(44)) - raft.server.log.use.memory = false (default)
2020-12-17 02:07:04,005 [pool-269-thread-1] INFO  server.RaftServerConfigKeys (ConfUtils.java:logGet(44)) - raft.server.log.purge.gap = 1000000 (custom)
2020-12-17 02:07:04,005 [pool-269-thread-1] INFO  metrics.RatisMetrics (RatisMetrics.java:lambda$create$0(36)) - Creating Metrics Registry : ratis.log_worker.11c9b167-23f2-44e1-aeb2-7325e8e405c1@group-B3368EE892E1
2020-12-17 02:07:04,005 [EventQueue-PipelineReportForOneReplicaPipelineSafeModeRule] INFO  safemode.SCMSafeModeManager (SCMSafeModeManager.java:validateSafeModeExitRules(214)) - AtleastOneDatanodeReportedRule rule is successfully validated
2020-12-17 02:07:04,005 [pool-269-thread-1] INFO  server.RaftServerConfigKeys (ConfUtils.java:logGet(44)) - raft.server.log.appender.buffer.byte-limit = 33554432 (custom)
2020-12-17 02:07:04,006 [pool-269-thread-1] INFO  server.RaftServerConfigKeys (ConfUtils.java:logGet(44)) - raft.server.log.segment.size.max = 1048576 (custom)
2020-12-17 02:07:04,006 [pool-269-thread-1] INFO  server.RaftServerConfigKeys (ConfUtils.java:logGet(44)) - raft.server.log.segment.cache.num.max = 2 (custom)
2020-12-17 02:07:04,006 [pool-269-thread-1] INFO  segmented.SegmentedRaftLogWorker (SegmentedRaftLogWorker.java:<init>(180)) - new 11c9b167-23f2-44e1-aeb2-7325e8e405c1@group-B3368EE892E1-SegmentedRaftLogWorker for RaftStorage:Storage Directory /github/workspace/mnt/ozone/hadoop-ozone/integration-test/target/test-dir/MiniOzoneClusterImpl-b9724c50-03f5-4055-971c-7bf7c5f09f05/datanode-2/data/ratis/328cd715-fe0f-49e5-9b2c-b3368ee892e1
2020-12-17 02:07:04,006 [pool-269-thread-1] INFO  server.RaftServerConfigKeys (ConfUtils.java:logGet(44)) - raft.server.log.queue.byte-limit = 2147483647 (custom)
2020-12-17 02:07:04,006 [pool-269-thread-1] INFO  server.RaftServerConfigKeys (ConfUtils.java:logGet(44)) - raft.server.log.queue.element-limit = 1024 (custom)
2020-12-17 02:07:04,007 [pool-269-thread-1] INFO  server.RaftServerConfigKeys (ConfUtils.java:logGet(44)) - raft.server.log.segment.size.max = 1048576 (custom)
2020-12-17 02:07:04,007 [pool-269-thread-1] INFO  server.RaftServerConfigKeys (ConfUtils.java:logGet(44)) - raft.server.log.preallocated.size = 16384 (custom)
2020-12-17 02:07:04,007 [pool-269-thread-1] INFO  server.RaftServerConfigKeys (ConfUtils.java:logGet(44)) - raft.server.log.write.buffer.size = 1048576 (custom)
2020-12-17 02:07:04,007 [pool-269-thread-1] INFO  server.RaftServerConfigKeys (ConfUtils.java:logGet(44)) - raft.server.log.force.sync.num = 128 (default)
2020-12-17 02:07:04,007 [pool-269-thread-1] INFO  server.RaftServerConfigKeys (ConfUtils.java:logGet(44)) - raft.server.log.statemachine.data.sync = true (default)
2020-12-17 02:07:04,007 [pool-269-thread-1] INFO  server.RaftServerConfigKeys (ConfUtils.java:logGet(44)) - raft.server.log.statemachine.data.sync.timeout = 10s (default)
2020-12-17 02:07:04,007 [pool-269-thread-1] INFO  server.RaftServerConfigKeys (ConfUtils.java:logGet(44)) - raft.server.log.statemachine.data.sync.timeout.retry = -1 (default)
2020-12-17 02:07:04,009 [pool-269-thread-1] INFO  server.RaftServerConfigKeys (ConfUtils.java:logGet(44)) - raft.server.log.statemachine.data.caching.enabled = true (custom)
2020-12-17 02:07:04,009 [pool-269-thread-1] INFO  segmented.SegmentedRaftLogWorker (SegmentedRaftLogWorker.java:lambda$new$0(129)) - 11c9b167-23f2-44e1-aeb2-7325e8e405c1@group-B3368EE892E1-SegmentedRaftLogWorker: flushIndex: setUnconditionally 0 -> -1
2020-12-17 02:07:04,009 [pool-269-thread-1] INFO  segmented.SegmentedRaftLogWorker (SegmentedRaftLogWorker.java:lambda$new$0(129)) - 11c9b167-23f2-44e1-aeb2-7325e8e405c1@group-B3368EE892E1-SegmentedRaftLogWorker: safeCacheEvictIndex: setUnconditionally 0 -> -1
2020-12-17 02:07:04,013 [pool-269-thread-1] INFO  server.RaftServerConfigKeys (ConfUtils.java:logGet(44)) - raft.server.snapshot.auto.trigger.enabled = true (custom)
2020-12-17 02:07:04,013 [pool-269-thread-1] INFO  server.RaftServerConfigKeys (ConfUtils.java:logGet(44)) - raft.server.snapshot.auto.trigger.threshold = 10000 (custom)
2020-12-17 02:07:04,014 [pool-269-thread-1] INFO  server.RaftServerConfigKeys (ConfUtils.java:logGet(44)) - raft.server.snapshot.retention.file.num = 5 (custom)
2020-12-17 02:07:04,014 [pool-269-thread-1] INFO  server.RaftServerConfigKeys (ConfUtils.java:logGet(44)) - raft.server.log.purge.upto.snapshot.index = false (default)
2020-12-17 02:07:04,014 [pool-269-thread-1] INFO  server.RaftServerConfigKeys (ConfUtils.java:logGet(44)) - raft.server.retrycache.expirytime = 600000ms (custom)
2020-12-17 02:07:04,014 [pool-269-thread-1] INFO  metrics.RatisMetrics (RatisMetrics.java:lambda$create$0(36)) - Creating Metrics Registry : ratis.leader_election.11c9b167-23f2-44e1-aeb2-7325e8e405c1@group-B3368EE892E1
2020-12-17 02:07:04,014 [pool-269-thread-1] INFO  metrics.RatisMetrics (RatisMetrics.java:lambda$create$0(36)) - Creating Metrics Registry : ratis.server.11c9b167-23f2-44e1-aeb2-7325e8e405c1@group-B3368EE892E1
2020-12-17 02:07:04,015 [pool-269-thread-1] INFO  impl.RaftServerImpl (RaftServerImpl.java:start(215)) - 11c9b167-23f2-44e1-aeb2-7325e8e405c1@group-B3368EE892E1: start as a follower, conf=-1: [754837be-208e-446d-9d6b-47f20359d127|rpc:172.17.0.2:42193|dataStream:, 11c9b167-23f2-44e1-aeb2-7325e8e405c1|rpc:172.17.0.2:45805|dataStream:, ff0f44f6-234e-4444-8ce6-8a74f0a01736|rpc:172.17.0.2:46533|dataStream:], old=null
2020-12-17 02:07:04,015 [pool-269-thread-1] INFO  impl.RaftServerImpl (RaftServerImpl.java:setRole(204)) - 11c9b167-23f2-44e1-aeb2-7325e8e405c1@group-B3368EE892E1: changes role from      null to FOLLOWER at term 0 for startAsFollower
2020-12-17 02:07:04,016 [pool-269-thread-1] INFO  impl.RoleInfo (RoleInfo.java:updateAndGet(143)) - 11c9b167-23f2-44e1-aeb2-7325e8e405c1: start 11c9b167-23f2-44e1-aeb2-7325e8e405c1@group-B3368EE892E1-FollowerState
2020-12-17 02:07:04,017 [pool-269-thread-1] INFO  util.JmxRegister (JmxRegister.java:tryRegister(44)) - Successfully registered JMX Bean with object name Ratis:service=RaftServer,group=group-B3368EE892E1,id=11c9b167-23f2-44e1-aeb2-7325e8e405c1
2020-12-17 02:07:04,017 [pool-269-thread-1] INFO  metrics.RatisMetrics (RatisMetrics.java:lambda$create$0(36)) - Creating Metrics Registry : ratis.state_machine.11c9b167-23f2-44e1-aeb2-7325e8e405c1@group-B3368EE892E1
2020-12-17 02:07:04,026 [Command processor thread] INFO  commandhandler.CreatePipelineCommandHandler (CreatePipelineCommandHandler.java:handle(106)) - Created Pipeline RATIS THREE PipelineID=328cd715-fe0f-49e5-9b2c-b3368ee892e1.
2020-12-17 02:07:04,102 [Command processor thread] INFO  impl.RaftServerProxy (RaftServerProxy.java:addNew(93)) - 754837be-208e-446d-9d6b-47f20359d127: addNew group-F4764C3EB11A:[754837be-208e-446d-9d6b-47f20359d127|rpc:172.17.0.2:42193] returns group-F4764C3EB11A:java.util.concurrent.CompletableFuture@3efb0dc2[Not completed]
2020-12-17 02:07:04,103 [pool-253-thread-1] INFO  impl.RaftServerImpl (RaftServerImpl.java:<init>(121)) - 754837be-208e-446d-9d6b-47f20359d127: new RaftServerImpl for group-F4764C3EB11A:[754837be-208e-446d-9d6b-47f20359d127|rpc:172.17.0.2:42193] with ContainerStateMachine:uninitialized
2020-12-17 02:07:04,103 [pool-253-thread-1] INFO  server.RaftServerConfigKeys (ConfUtils.java:logGet(44)) - raft.server.rpc.timeout.min = 5s (custom)
2020-12-17 02:07:04,103 [pool-253-thread-1] INFO  server.RaftServerConfigKeys (ConfUtils.java:logGet(44)) - raft.server.rpc.timeout.max = 5200ms (custom)
2020-12-17 02:07:04,103 [pool-253-thread-1] INFO  server.RaftServerConfigKeys (ConfUtils.java:logGet(44)) - raft.server.rpc.slowness.timeout = 300s (custom)
2020-12-17 02:07:04,103 [pool-253-thread-1] INFO  server.RaftServerConfigKeys (ConfUtils.java:logGet(44)) - raft.server.leaderelection.leader.step-down.wait-time = 10s (default)
2020-12-17 02:07:04,103 [pool-253-thread-1] INFO  server.RaftServerConfigKeys (ConfUtils.java:logGet(44)) - raft.server.sleep.deviation.threshold = 300 (default)
2020-12-17 02:07:04,103 [pool-253-thread-1] INFO  server.RaftServerConfigKeys (ConfUtils.java:logGet(44)) - raft.server.log.appender.install.snapshot.enabled = false (custom)
2020-12-17 02:07:04,104 [pool-253-thread-1] INFO  impl.RaftServerImpl (ServerState.java:<init>(104)) - 754837be-208e-446d-9d6b-47f20359d127@group-F4764C3EB11A: ConfigurationManager, init=-1: [754837be-208e-446d-9d6b-47f20359d127|rpc:172.17.0.2:42193], old=null, confs=<EMPTY_MAP>
2020-12-17 02:07:04,104 [pool-253-thread-1] INFO  server.RaftServerConfigKeys (ConfUtils.java:logGet(44)) - raft.server.storage.dir = [/github/workspace/mnt/ozone/hadoop-ozone/integration-test/target/test-dir/MiniOzoneClusterImpl-b9724c50-03f5-4055-971c-7bf7c5f09f05/datanode-1/data/ratis] (custom)
2020-12-17 02:07:04,104 [pool-253-thread-1] INFO  server.RaftServerConfigKeys (ConfUtils.java:logGet(44)) - raft.server.log.corruption.policy = EXCEPTION (default)
2020-12-17 02:07:04,104 [pool-253-thread-1] INFO  storage.RaftStorageDirectory (RaftStorageDirectory.java:analyzeStorage(261)) - The storage directory /github/workspace/mnt/ozone/hadoop-ozone/integration-test/target/test-dir/MiniOzoneClusterImpl-b9724c50-03f5-4055-971c-7bf7c5f09f05/datanode-1/data/ratis/e0ed014c-e865-44b8-a53f-f4764c3eb11a does not exist. Creating ...
2020-12-17 02:07:04,105 [pool-253-thread-1] INFO  storage.RaftStorageDirectory (RaftStorageDirectory.java:tryLock(343)) - Lock on /github/workspace/mnt/ozone/hadoop-ozone/integration-test/target/test-dir/MiniOzoneClusterImpl-b9724c50-03f5-4055-971c-7bf7c5f09f05/datanode-1/data/ratis/e0ed014c-e865-44b8-a53f-f4764c3eb11a/in_use.lock acquired by nodename 8093@89b9adae2c19
2020-12-17 02:07:04,107 [pool-253-thread-1] INFO  storage.RaftStorage (RaftStorage.java:format(85)) - Storage directory /github/workspace/mnt/ozone/hadoop-ozone/integration-test/target/test-dir/MiniOzoneClusterImpl-b9724c50-03f5-4055-971c-7bf7c5f09f05/datanode-1/data/ratis/e0ed014c-e865-44b8-a53f-f4764c3eb11a has been successfully formatted.
2020-12-17 02:07:04,107 [pool-253-thread-1] INFO  ratis.ContainerStateMachine (ContainerStateMachine.java:loadSnapshot(225)) - group-F4764C3EB11A: The snapshot info is null. Setting the last applied indexto:(t:0, i:~)
2020-12-17 02:07:04,108 [EventQueue-PipelineReportForOneReplicaPipelineSafeModeRule] INFO  safemode.SCMSafeModeManager (SCMSafeModeManager.java:validateSafeModeExitRules(214)) - AtleastOneDatanodeReportedRule rule is successfully validated
2020-12-17 02:07:04,108 [EventQueue-PipelineReportForPipelineReportHandler] INFO  pipeline.PipelineStateManager (PipelineStateManager.java:openPipeline(132)) - Pipeline Pipeline[ Id: e0ed014c-e865-44b8-a53f-f4764c3eb11a, Nodes: 754837be-208e-446d-9d6b-47f20359d127{ip: 172.17.0.2, host: 89b9adae2c19, networkLocation: /default-rack, certSerialId: null, persistedOpState: IN_SERVICE, persistedOpStateExpiryEpochSec: 0}, Type:RATIS, Factor:ONE, State:ALLOCATED, leaderId:754837be-208e-446d-9d6b-47f20359d127, CreationTimestamp2020-12-17T02:07:01.104Z] moved to OPEN state
2020-12-17 02:07:04,108 [pool-253-thread-1] INFO  server.RaftServerConfigKeys (ConfUtils.java:logGet(44)) - raft.server.notification.no-leader.timeout = 300s (custom)
2020-12-17 02:07:04,108 [pool-253-thread-1] INFO  server.RaftServerConfigKeys (ConfUtils.java:logGet(44)) - raft.server.log.use.memory = false (default)
2020-12-17 02:07:04,108 [pool-253-thread-1] INFO  server.RaftServerConfigKeys (ConfUtils.java:logGet(44)) - raft.server.log.purge.gap = 1000000 (custom)
2020-12-17 02:07:04,108 [pool-253-thread-1] INFO  metrics.RatisMetrics (RatisMetrics.java:lambda$create$0(36)) - Creating Metrics Registry : ratis.log_worker.754837be-208e-446d-9d6b-47f20359d127@group-F4764C3EB11A
2020-12-17 02:07:04,108 [EventQueue-OpenPipelineForHealthyPipelineSafeModeRule] INFO  safemode.SCMSafeModeManager (HealthyPipelineSafeModeRule.java:process(128)) - SCM in safe mode. Healthy pipelines reported count is 0, required healthy pipeline reported count is 1
2020-12-17 02:07:04,109 [pool-253-thread-1] INFO  server.RaftServerConfigKeys (ConfUtils.java:logGet(44)) - raft.server.log.appender.buffer.byte-limit = 33554432 (custom)
2020-12-17 02:07:04,109 [pool-253-thread-1] INFO  server.RaftServerConfigKeys (ConfUtils.java:logGet(44)) - raft.server.log.segment.size.max = 1048576 (custom)
2020-12-17 02:07:04,110 [pool-253-thread-1] INFO  server.RaftServerConfigKeys (ConfUtils.java:logGet(44)) - raft.server.log.segment.cache.num.max = 2 (custom)
2020-12-17 02:07:04,110 [pool-253-thread-1] INFO  segmented.SegmentedRaftLogWorker (SegmentedRaftLogWorker.java:<init>(180)) - new 754837be-208e-446d-9d6b-47f20359d127@group-F4764C3EB11A-SegmentedRaftLogWorker for RaftStorage:Storage Directory /github/workspace/mnt/ozone/hadoop-ozone/integration-test/target/test-dir/MiniOzoneClusterImpl-b9724c50-03f5-4055-971c-7bf7c5f09f05/datanode-1/data/ratis/e0ed014c-e865-44b8-a53f-f4764c3eb11a
2020-12-17 02:07:04,110 [pool-253-thread-1] INFO  server.RaftServerConfigKeys (ConfUtils.java:logGet(44)) - raft.server.log.queue.byte-limit = 2147483647 (custom)
2020-12-17 02:07:04,110 [pool-253-thread-1] INFO  server.RaftServerConfigKeys (ConfUtils.java:logGet(44)) - raft.server.log.queue.element-limit = 1024 (custom)
2020-12-17 02:07:04,110 [pool-253-thread-1] INFO  server.RaftServerConfigKeys (ConfUtils.java:logGet(44)) - raft.server.log.segment.size.max = 1048576 (custom)
2020-12-17 02:07:04,110 [pool-253-thread-1] INFO  server.RaftServerConfigKeys (ConfUtils.java:logGet(44)) - raft.server.log.preallocated.size = 16384 (custom)
2020-12-17 02:07:04,111 [pool-253-thread-1] INFO  server.RaftServerConfigKeys (ConfUtils.java:logGet(44)) - raft.server.log.write.buffer.size = 1048576 (custom)
2020-12-17 02:07:04,111 [pool-253-thread-1] INFO  server.RaftServerConfigKeys (ConfUtils.java:logGet(44)) - raft.server.log.force.sync.num = 128 (default)
2020-12-17 02:07:04,111 [pool-253-thread-1] INFO  server.RaftServerConfigKeys (ConfUtils.java:logGet(44)) - raft.server.log.statemachine.data.sync = true (default)
2020-12-17 02:07:04,111 [pool-253-thread-1] INFO  server.RaftServerConfigKeys (ConfUtils.java:logGet(44)) - raft.server.log.statemachine.data.sync.timeout = 10s (default)
2020-12-17 02:07:04,111 [pool-253-thread-1] INFO  server.RaftServerConfigKeys (ConfUtils.java:logGet(44)) - raft.server.log.statemachine.data.sync.timeout.retry = -1 (default)
2020-12-17 02:07:04,113 [pool-253-thread-1] INFO  server.RaftServerConfigKeys (ConfUtils.java:logGet(44)) - raft.server.log.statemachine.data.caching.enabled = true (custom)
2020-12-17 02:07:04,113 [pool-253-thread-1] INFO  segmented.SegmentedRaftLogWorker (SegmentedRaftLogWorker.java:lambda$new$0(129)) - 754837be-208e-446d-9d6b-47f20359d127@group-F4764C3EB11A-SegmentedRaftLogWorker: flushIndex: setUnconditionally 0 -> -1
2020-12-17 02:07:04,113 [pool-253-thread-1] INFO  segmented.SegmentedRaftLogWorker (SegmentedRaftLogWorker.java:lambda$new$0(129)) - 754837be-208e-446d-9d6b-47f20359d127@group-F4764C3EB11A-SegmentedRaftLogWorker: safeCacheEvictIndex: setUnconditionally 0 -> -1
2020-12-17 02:07:04,116 [pool-253-thread-1] INFO  server.RaftServerConfigKeys (ConfUtils.java:logGet(44)) - raft.server.snapshot.auto.trigger.enabled = true (custom)
2020-12-17 02:07:04,116 [pool-253-thread-1] INFO  server.RaftServerConfigKeys (ConfUtils.java:logGet(44)) - raft.server.snapshot.auto.trigger.threshold = 10000 (custom)
2020-12-17 02:07:04,116 [pool-253-thread-1] INFO  server.RaftServerConfigKeys (ConfUtils.java:logGet(44)) - raft.server.snapshot.retention.file.num = 5 (custom)
2020-12-17 02:07:04,116 [pool-253-thread-1] INFO  server.RaftServerConfigKeys (ConfUtils.java:logGet(44)) - raft.server.log.purge.upto.snapshot.index = false (default)
2020-12-17 02:07:04,116 [pool-253-thread-1] INFO  server.RaftServerConfigKeys (ConfUtils.java:logGet(44)) - raft.server.retrycache.expirytime = 600000ms (custom)
2020-12-17 02:07:04,116 [pool-253-thread-1] INFO  metrics.RatisMetrics (RatisMetrics.java:lambda$create$0(36)) - Creating Metrics Registry : ratis.leader_election.754837be-208e-446d-9d6b-47f20359d127@group-F4764C3EB11A
2020-12-17 02:07:04,117 [pool-253-thread-1] INFO  metrics.RatisMetrics (RatisMetrics.java:lambda$create$0(36)) - Creating Metrics Registry : ratis.server.754837be-208e-446d-9d6b-47f20359d127@group-F4764C3EB11A
2020-12-17 02:07:04,118 [pool-253-thread-1] INFO  impl.RaftServerImpl (RaftServerImpl.java:start(215)) - 754837be-208e-446d-9d6b-47f20359d127@group-F4764C3EB11A: start as a follower, conf=-1: [754837be-208e-446d-9d6b-47f20359d127|rpc:172.17.0.2:42193], old=null
2020-12-17 02:07:04,118 [pool-253-thread-1] INFO  impl.RaftServerImpl (RaftServerImpl.java:setRole(204)) - 754837be-208e-446d-9d6b-47f20359d127@group-F4764C3EB11A: changes role from      null to FOLLOWER at term 0 for startAsFollower
2020-12-17 02:07:04,118 [pool-253-thread-1] INFO  impl.RoleInfo (RoleInfo.java:updateAndGet(143)) - 754837be-208e-446d-9d6b-47f20359d127: start 754837be-208e-446d-9d6b-47f20359d127@group-F4764C3EB11A-FollowerState
2020-12-17 02:07:04,123 [pool-253-thread-1] INFO  util.JmxRegister (JmxRegister.java:tryRegister(44)) - Successfully registered JMX Bean with object name Ratis:service=RaftServer,group=group-F4764C3EB11A,id=754837be-208e-446d-9d6b-47f20359d127
2020-12-17 02:07:04,123 [pool-253-thread-1] INFO  metrics.RatisMetrics (RatisMetrics.java:lambda$create$0(36)) - Creating Metrics Registry : ratis.state_machine.754837be-208e-446d-9d6b-47f20359d127@group-F4764C3EB11A
2020-12-17 02:07:04,124 [Command processor thread] INFO  commandhandler.CreatePipelineCommandHandler (CreatePipelineCommandHandler.java:handle(106)) - Created Pipeline RATIS ONE PipelineID=e0ed014c-e865-44b8-a53f-f4764c3eb11a.
2020-12-17 02:07:04,338 [Command processor thread] INFO  impl.RaftServerProxy (RaftServerProxy.java:addNew(93)) - 11c9b167-23f2-44e1-aeb2-7325e8e405c1: addNew group-6C4DB9845F10:[11c9b167-23f2-44e1-aeb2-7325e8e405c1|rpc:172.17.0.2:45805] returns group-6C4DB9845F10:java.util.concurrent.CompletableFuture@583c155a[Not completed]
2020-12-17 02:07:04,339 [pool-269-thread-1] INFO  impl.RaftServerImpl (RaftServerImpl.java:<init>(121)) - 11c9b167-23f2-44e1-aeb2-7325e8e405c1: new RaftServerImpl for group-6C4DB9845F10:[11c9b167-23f2-44e1-aeb2-7325e8e405c1|rpc:172.17.0.2:45805] with ContainerStateMachine:uninitialized
2020-12-17 02:07:04,339 [pool-269-thread-1] INFO  server.RaftServerConfigKeys (ConfUtils.java:logGet(44)) - raft.server.rpc.timeout.min = 5s (custom)
2020-12-17 02:07:04,339 [pool-269-thread-1] INFO  server.RaftServerConfigKeys (ConfUtils.java:logGet(44)) - raft.server.rpc.timeout.max = 5200ms (custom)
2020-12-17 02:07:04,339 [pool-269-thread-1] INFO  server.RaftServerConfigKeys (ConfUtils.java:logGet(44)) - raft.server.rpc.slowness.timeout = 300s (custom)
2020-12-17 02:07:04,339 [pool-269-thread-1] INFO  server.RaftServerConfigKeys (ConfUtils.java:logGet(44)) - raft.server.leaderelection.leader.step-down.wait-time = 10s (default)
2020-12-17 02:07:04,339 [pool-269-thread-1] INFO  server.RaftServerConfigKeys (ConfUtils.java:logGet(44)) - raft.server.sleep.deviation.threshold = 300 (default)
2020-12-17 02:07:04,339 [pool-269-thread-1] INFO  server.RaftServerConfigKeys (ConfUtils.java:logGet(44)) - raft.server.log.appender.install.snapshot.enabled = false (custom)
2020-12-17 02:07:04,340 [pool-269-thread-1] INFO  impl.RaftServerImpl (ServerState.java:<init>(104)) - 11c9b167-23f2-44e1-aeb2-7325e8e405c1@group-6C4DB9845F10: ConfigurationManager, init=-1: [11c9b167-23f2-44e1-aeb2-7325e8e405c1|rpc:172.17.0.2:45805], old=null, confs=<EMPTY_MAP>
2020-12-17 02:07:04,340 [pool-269-thread-1] INFO  server.RaftServerConfigKeys (ConfUtils.java:logGet(44)) - raft.server.storage.dir = [/github/workspace/mnt/ozone/hadoop-ozone/integration-test/target/test-dir/MiniOzoneClusterImpl-b9724c50-03f5-4055-971c-7bf7c5f09f05/datanode-2/data/ratis] (custom)
2020-12-17 02:07:04,340 [pool-269-thread-1] INFO  server.RaftServerConfigKeys (ConfUtils.java:logGet(44)) - raft.server.log.corruption.policy = EXCEPTION (default)
2020-12-17 02:07:04,340 [pool-269-thread-1] INFO  storage.RaftStorageDirectory (RaftStorageDirectory.java:analyzeStorage(261)) - The storage directory /github/workspace/mnt/ozone/hadoop-ozone/integration-test/target/test-dir/MiniOzoneClusterImpl-b9724c50-03f5-4055-971c-7bf7c5f09f05/datanode-2/data/ratis/f1f1afc2-0911-4ecd-ad15-6c4db9845f10 does not exist. Creating ...
2020-12-17 02:07:04,343 [pool-269-thread-1] INFO  storage.RaftStorageDirectory (RaftStorageDirectory.java:tryLock(343)) - Lock on /github/workspace/mnt/ozone/hadoop-ozone/integration-test/target/test-dir/MiniOzoneClusterImpl-b9724c50-03f5-4055-971c-7bf7c5f09f05/datanode-2/data/ratis/f1f1afc2-0911-4ecd-ad15-6c4db9845f10/in_use.lock acquired by nodename 8093@89b9adae2c19
2020-12-17 02:07:04,344 [pool-269-thread-1] INFO  storage.RaftStorage (RaftStorage.java:format(85)) - Storage directory /github/workspace/mnt/ozone/hadoop-ozone/integration-test/target/test-dir/MiniOzoneClusterImpl-b9724c50-03f5-4055-971c-7bf7c5f09f05/datanode-2/data/ratis/f1f1afc2-0911-4ecd-ad15-6c4db9845f10 has been successfully formatted.
2020-12-17 02:07:04,344 [pool-269-thread-1] INFO  ratis.ContainerStateMachine (ContainerStateMachine.java:loadSnapshot(225)) - group-6C4DB9845F10: The snapshot info is null. Setting the last applied indexto:(t:0, i:~)
2020-12-17 02:07:04,344 [pool-269-thread-1] INFO  server.RaftServerConfigKeys (ConfUtils.java:logGet(44)) - raft.server.notification.no-leader.timeout = 300s (custom)
2020-12-17 02:07:04,344 [pool-269-thread-1] INFO  server.RaftServerConfigKeys (ConfUtils.java:logGet(44)) - raft.server.log.use.memory = false (default)
2020-12-17 02:07:04,344 [pool-269-thread-1] INFO  server.RaftServerConfigKeys (ConfUtils.java:logGet(44)) - raft.server.log.purge.gap = 1000000 (custom)
2020-12-17 02:07:04,344 [pool-269-thread-1] INFO  metrics.RatisMetrics (RatisMetrics.java:lambda$create$0(36)) - Creating Metrics Registry : ratis.log_worker.11c9b167-23f2-44e1-aeb2-7325e8e405c1@group-6C4DB9845F10
2020-12-17 02:07:04,345 [pool-269-thread-1] INFO  server.RaftServerConfigKeys (ConfUtils.java:logGet(44)) - raft.server.log.appender.buffer.byte-limit = 33554432 (custom)
2020-12-17 02:07:04,345 [pool-269-thread-1] INFO  server.RaftServerConfigKeys (ConfUtils.java:logGet(44)) - raft.server.log.segment.size.max = 1048576 (custom)
2020-12-17 02:07:04,345 [EventQueue-PipelineReportForOneReplicaPipelineSafeModeRule] INFO  safemode.SCMSafeModeManager (SCMSafeModeManager.java:validateSafeModeExitRules(214)) - AtleastOneDatanodeReportedRule rule is successfully validated
2020-12-17 02:07:04,345 [EventQueue-PipelineReportForPipelineReportHandler] INFO  pipeline.PipelineStateManager (PipelineStateManager.java:openPipeline(132)) - Pipeline Pipeline[ Id: f1f1afc2-0911-4ecd-ad15-6c4db9845f10, Nodes: 11c9b167-23f2-44e1-aeb2-7325e8e405c1{ip: 172.17.0.2, host: 89b9adae2c19, networkLocation: /default-rack, certSerialId: null, persistedOpState: IN_SERVICE, persistedOpStateExpiryEpochSec: 0}, Type:RATIS, Factor:ONE, State:ALLOCATED, leaderId:11c9b167-23f2-44e1-aeb2-7325e8e405c1, CreationTimestamp2020-12-17T02:07:01.339Z] moved to OPEN state
2020-12-17 02:07:04,345 [pool-269-thread-1] INFO  server.RaftServerConfigKeys (ConfUtils.java:logGet(44)) - raft.server.log.segment.cache.num.max = 2 (custom)
2020-12-17 02:07:04,346 [pool-269-thread-1] INFO  segmented.SegmentedRaftLogWorker (SegmentedRaftLogWorker.java:<init>(180)) - new 11c9b167-23f2-44e1-aeb2-7325e8e405c1@group-6C4DB9845F10-SegmentedRaftLogWorker for RaftStorage:Storage Directory /github/workspace/mnt/ozone/hadoop-ozone/integration-test/target/test-dir/MiniOzoneClusterImpl-b9724c50-03f5-4055-971c-7bf7c5f09f05/datanode-2/data/ratis/f1f1afc2-0911-4ecd-ad15-6c4db9845f10
2020-12-17 02:07:04,346 [pool-269-thread-1] INFO  server.RaftServerConfigKeys (ConfUtils.java:logGet(44)) - raft.server.log.queue.byte-limit = 2147483647 (custom)
2020-12-17 02:07:04,346 [pool-269-thread-1] INFO  server.RaftServerConfigKeys (ConfUtils.java:logGet(44)) - raft.server.log.queue.element-limit = 1024 (custom)
2020-12-17 02:07:04,346 [pool-269-thread-1] INFO  server.RaftServerConfigKeys (ConfUtils.java:logGet(44)) - raft.server.log.segment.size.max = 1048576 (custom)
2020-12-17 02:07:04,346 [pool-269-thread-1] INFO  server.RaftServerConfigKeys (ConfUtils.java:logGet(44)) - raft.server.log.preallocated.size = 16384 (custom)
2020-12-17 02:07:04,346 [pool-269-thread-1] INFO  server.RaftServerConfigKeys (ConfUtils.java:logGet(44)) - raft.server.log.write.buffer.size = 1048576 (custom)
2020-12-17 02:07:04,346 [pool-269-thread-1] INFO  server.RaftServerConfigKeys (ConfUtils.java:logGet(44)) - raft.server.log.force.sync.num = 128 (default)
2020-12-17 02:07:04,346 [EventQueue-OpenPipelineForHealthyPipelineSafeModeRule] INFO  safemode.SCMSafeModeManager (HealthyPipelineSafeModeRule.java:process(128)) - SCM in safe mode. Healthy pipelines reported count is 0, required healthy pipeline reported count is 1
2020-12-17 02:07:04,346 [pool-269-thread-1] INFO  server.RaftServerConfigKeys (ConfUtils.java:logGet(44)) - raft.server.log.statemachine.data.sync = true (default)
2020-12-17 02:07:04,351 [pool-269-thread-1] INFO  server.RaftServerConfigKeys (ConfUtils.java:logGet(44)) - raft.server.log.statemachine.data.sync.timeout = 10s (default)
2020-12-17 02:07:04,351 [pool-269-thread-1] INFO  server.RaftServerConfigKeys (ConfUtils.java:logGet(44)) - raft.server.log.statemachine.data.sync.timeout.retry = -1 (default)
2020-12-17 02:07:04,352 [pool-269-thread-1] INFO  server.RaftServerConfigKeys (ConfUtils.java:logGet(44)) - raft.server.log.statemachine.data.caching.enabled = true (custom)
2020-12-17 02:07:04,353 [pool-269-thread-1] INFO  segmented.SegmentedRaftLogWorker (SegmentedRaftLogWorker.java:lambda$new$0(129)) - 11c9b167-23f2-44e1-aeb2-7325e8e405c1@group-6C4DB9845F10-SegmentedRaftLogWorker: flushIndex: setUnconditionally 0 -> -1
2020-12-17 02:07:04,353 [pool-269-thread-1] INFO  segmented.SegmentedRaftLogWorker (SegmentedRaftLogWorker.java:lambda$new$0(129)) - 11c9b167-23f2-44e1-aeb2-7325e8e405c1@group-6C4DB9845F10-SegmentedRaftLogWorker: safeCacheEvictIndex: setUnconditionally 0 -> -1
2020-12-17 02:07:04,354 [pool-269-thread-1] INFO  server.RaftServerConfigKeys (ConfUtils.java:logGet(44)) - raft.server.snapshot.auto.trigger.enabled = true (custom)
2020-12-17 02:07:04,354 [pool-269-thread-1] INFO  server.RaftServerConfigKeys (ConfUtils.java:logGet(44)) - raft.server.snapshot.auto.trigger.threshold = 10000 (custom)
2020-12-17 02:07:04,354 [pool-269-thread-1] INFO  server.RaftServerConfigKeys (ConfUtils.java:logGet(44)) - raft.server.snapshot.retention.file.num = 5 (custom)
2020-12-17 02:07:04,354 [pool-269-thread-1] INFO  server.RaftServerConfigKeys (ConfUtils.java:logGet(44)) - raft.server.log.purge.upto.snapshot.index = false (default)
2020-12-17 02:07:04,354 [pool-269-thread-1] INFO  server.RaftServerConfigKeys (ConfUtils.java:logGet(44)) - raft.server.retrycache.expirytime = 600000ms (custom)
2020-12-17 02:07:04,355 [pool-269-thread-1] INFO  metrics.RatisMetrics (RatisMetrics.java:lambda$create$0(36)) - Creating Metrics Registry : ratis.leader_election.11c9b167-23f2-44e1-aeb2-7325e8e405c1@group-6C4DB9845F10
2020-12-17 02:07:04,355 [pool-269-thread-1] INFO  metrics.RatisMetrics (RatisMetrics.java:lambda$create$0(36)) - Creating Metrics Registry : ratis.server.11c9b167-23f2-44e1-aeb2-7325e8e405c1@group-6C4DB9845F10
2020-12-17 02:07:04,356 [pool-269-thread-1] INFO  impl.RaftServerImpl (RaftServerImpl.java:start(215)) - 11c9b167-23f2-44e1-aeb2-7325e8e405c1@group-6C4DB9845F10: start as a follower, conf=-1: [11c9b167-23f2-44e1-aeb2-7325e8e405c1|rpc:172.17.0.2:45805], old=null
2020-12-17 02:07:04,356 [pool-269-thread-1] INFO  impl.RaftServerImpl (RaftServerImpl.java:setRole(204)) - 11c9b167-23f2-44e1-aeb2-7325e8e405c1@group-6C4DB9845F10: changes role from      null to FOLLOWER at term 0 for startAsFollower
2020-12-17 02:07:04,356 [pool-269-thread-1] INFO  impl.RoleInfo (RoleInfo.java:updateAndGet(143)) - 11c9b167-23f2-44e1-aeb2-7325e8e405c1: start 11c9b167-23f2-44e1-aeb2-7325e8e405c1@group-6C4DB9845F10-FollowerState
2020-12-17 02:07:04,357 [pool-269-thread-1] INFO  util.JmxRegister (JmxRegister.java:tryRegister(44)) - Successfully registered JMX Bean with object name Ratis:service=RaftServer,group=group-6C4DB9845F10,id=11c9b167-23f2-44e1-aeb2-7325e8e405c1
2020-12-17 02:07:04,357 [pool-269-thread-1] INFO  metrics.RatisMetrics (RatisMetrics.java:lambda$create$0(36)) - Creating Metrics Registry : ratis.state_machine.11c9b167-23f2-44e1-aeb2-7325e8e405c1@group-6C4DB9845F10
2020-12-17 02:07:04,358 [Command processor thread] INFO  commandhandler.CreatePipelineCommandHandler (CreatePipelineCommandHandler.java:handle(106)) - Created Pipeline RATIS ONE PipelineID=f1f1afc2-0911-4ecd-ad15-6c4db9845f10.
2020-12-17 02:07:04,547 [Command processor thread] INFO  impl.RaftServerProxy (RaftServerProxy.java:addNew(93)) - 0f866848-1c6a-43de-8969-aeea5cfaa857: addNew group-B46DC85C5C5B:[0f866848-1c6a-43de-8969-aeea5cfaa857|rpc:172.17.0.2:46281] returns group-B46DC85C5C5B:java.util.concurrent.CompletableFuture@28f252b0[Not completed]
2020-12-17 02:07:04,547 [EventQueue-PipelineReportForOneReplicaPipelineSafeModeRule] INFO  safemode.SCMSafeModeManager (SCMSafeModeManager.java:validateSafeModeExitRules(214)) - AtleastOneDatanodeReportedRule rule is successfully validated
2020-12-17 02:07:04,548 [pool-284-thread-1] INFO  impl.RaftServerImpl (RaftServerImpl.java:<init>(121)) - 0f866848-1c6a-43de-8969-aeea5cfaa857: new RaftServerImpl for group-B46DC85C5C5B:[0f866848-1c6a-43de-8969-aeea5cfaa857|rpc:172.17.0.2:46281] with ContainerStateMachine:uninitialized
2020-12-17 02:07:04,548 [pool-284-thread-1] INFO  server.RaftServerConfigKeys (ConfUtils.java:logGet(44)) - raft.server.rpc.timeout.min = 5s (custom)
2020-12-17 02:07:04,548 [pool-284-thread-1] INFO  server.RaftServerConfigKeys (ConfUtils.java:logGet(44)) - raft.server.rpc.timeout.max = 5200ms (custom)
2020-12-17 02:07:04,548 [pool-284-thread-1] INFO  server.RaftServerConfigKeys (ConfUtils.java:logGet(44)) - raft.server.rpc.slowness.timeout = 300s (custom)
2020-12-17 02:07:04,549 [pool-284-thread-1] INFO  server.RaftServerConfigKeys (ConfUtils.java:logGet(44)) - raft.server.leaderelection.leader.step-down.wait-time = 10s (default)
2020-12-17 02:07:04,549 [pool-284-thread-1] INFO  server.RaftServerConfigKeys (ConfUtils.java:logGet(44)) - raft.server.sleep.deviation.threshold = 300 (default)
2020-12-17 02:07:04,549 [pool-284-thread-1] INFO  server.RaftServerConfigKeys (ConfUtils.java:logGet(44)) - raft.server.log.appender.install.snapshot.enabled = false (custom)
2020-12-17 02:07:04,549 [pool-284-thread-1] INFO  impl.RaftServerImpl (ServerState.java:<init>(104)) - 0f866848-1c6a-43de-8969-aeea5cfaa857@group-B46DC85C5C5B: ConfigurationManager, init=-1: [0f866848-1c6a-43de-8969-aeea5cfaa857|rpc:172.17.0.2:46281], old=null, confs=<EMPTY_MAP>
2020-12-17 02:07:04,549 [pool-284-thread-1] INFO  server.RaftServerConfigKeys (ConfUtils.java:logGet(44)) - raft.server.storage.dir = [/github/workspace/mnt/ozone/hadoop-ozone/integration-test/target/test-dir/MiniOzoneClusterImpl-b9724c50-03f5-4055-971c-7bf7c5f09f05/datanode-3/data/ratis] (custom)
2020-12-17 02:07:04,549 [pool-284-thread-1] INFO  server.RaftServerConfigKeys (ConfUtils.java:logGet(44)) - raft.server.log.corruption.policy = EXCEPTION (default)
2020-12-17 02:07:04,550 [pool-284-thread-1] INFO  storage.RaftStorageDirectory (RaftStorageDirectory.java:analyzeStorage(261)) - The storage directory /github/workspace/mnt/ozone/hadoop-ozone/integration-test/target/test-dir/MiniOzoneClusterImpl-b9724c50-03f5-4055-971c-7bf7c5f09f05/datanode-3/data/ratis/7f9a6932-f29b-485f-b7b2-b46dc85c5c5b does not exist. Creating ...
2020-12-17 02:07:04,551 [pool-284-thread-1] INFO  storage.RaftStorageDirectory (RaftStorageDirectory.java:tryLock(343)) - Lock on /github/workspace/mnt/ozone/hadoop-ozone/integration-test/target/test-dir/MiniOzoneClusterImpl-b9724c50-03f5-4055-971c-7bf7c5f09f05/datanode-3/data/ratis/7f9a6932-f29b-485f-b7b2-b46dc85c5c5b/in_use.lock acquired by nodename 8093@89b9adae2c19
2020-12-17 02:07:04,554 [pool-284-thread-1] INFO  storage.RaftStorage (RaftStorage.java:format(85)) - Storage directory /github/workspace/mnt/ozone/hadoop-ozone/integration-test/target/test-dir/MiniOzoneClusterImpl-b9724c50-03f5-4055-971c-7bf7c5f09f05/datanode-3/data/ratis/7f9a6932-f29b-485f-b7b2-b46dc85c5c5b has been successfully formatted.
2020-12-17 02:07:04,554 [pool-284-thread-1] INFO  ratis.ContainerStateMachine (ContainerStateMachine.java:loadSnapshot(225)) - group-B46DC85C5C5B: The snapshot info is null. Setting the last applied indexto:(t:0, i:~)
2020-12-17 02:07:04,554 [pool-284-thread-1] INFO  server.RaftServerConfigKeys (ConfUtils.java:logGet(44)) - raft.server.notification.no-leader.timeout = 300s (custom)
2020-12-17 02:07:04,555 [pool-284-thread-1] INFO  server.RaftServerConfigKeys (ConfUtils.java:logGet(44)) - raft.server.log.use.memory = false (default)
2020-12-17 02:07:04,555 [pool-284-thread-1] INFO  server.RaftServerConfigKeys (ConfUtils.java:logGet(44)) - raft.server.log.purge.gap = 1000000 (custom)
2020-12-17 02:07:04,555 [EventQueue-PipelineReportForPipelineReportHandler] INFO  pipeline.PipelineStateManager (PipelineStateManager.java:openPipeline(132)) - Pipeline Pipeline[ Id: 7f9a6932-f29b-485f-b7b2-b46dc85c5c5b, Nodes: 0f866848-1c6a-43de-8969-aeea5cfaa857{ip: 172.17.0.2, host: 89b9adae2c19, networkLocation: /default-rack, certSerialId: null, persistedOpState: IN_SERVICE, persistedOpStateExpiryEpochSec: 0}, Type:RATIS, Factor:ONE, State:ALLOCATED, leaderId:0f866848-1c6a-43de-8969-aeea5cfaa857, CreationTimestamp2020-12-17T02:07:01.548Z] moved to OPEN state
2020-12-17 02:07:04,556 [EventQueue-OpenPipelineForHealthyPipelineSafeModeRule] INFO  safemode.SCMSafeModeManager (HealthyPipelineSafeModeRule.java:process(128)) - SCM in safe mode. Healthy pipelines reported count is 0, required healthy pipeline reported count is 1
2020-12-17 02:07:04,555 [EventQueue-PipelineReportForOneReplicaPipelineSafeModeRule] INFO  safemode.SCMSafeModeManager (SCMSafeModeManager.java:validateSafeModeExitRules(214)) - AtleastOneDatanodeReportedRule rule is successfully validated
2020-12-17 02:07:04,556 [pool-284-thread-1] INFO  metrics.RatisMetrics (RatisMetrics.java:lambda$create$0(36)) - Creating Metrics Registry : ratis.log_worker.0f866848-1c6a-43de-8969-aeea5cfaa857@group-B46DC85C5C5B
2020-12-17 02:07:04,557 [pool-284-thread-1] INFO  server.RaftServerConfigKeys (ConfUtils.java:logGet(44)) - raft.server.log.appender.buffer.byte-limit = 33554432 (custom)
2020-12-17 02:07:04,557 [pool-284-thread-1] INFO  server.RaftServerConfigKeys (ConfUtils.java:logGet(44)) - raft.server.log.segment.size.max = 1048576 (custom)
2020-12-17 02:07:04,558 [pool-284-thread-1] INFO  server.RaftServerConfigKeys (ConfUtils.java:logGet(44)) - raft.server.log.segment.cache.num.max = 2 (custom)
2020-12-17 02:07:04,558 [pool-284-thread-1] INFO  segmented.SegmentedRaftLogWorker (SegmentedRaftLogWorker.java:<init>(180)) - new 0f866848-1c6a-43de-8969-aeea5cfaa857@group-B46DC85C5C5B-SegmentedRaftLogWorker for RaftStorage:Storage Directory /github/workspace/mnt/ozone/hadoop-ozone/integration-test/target/test-dir/MiniOzoneClusterImpl-b9724c50-03f5-4055-971c-7bf7c5f09f05/datanode-3/data/ratis/7f9a6932-f29b-485f-b7b2-b46dc85c5c5b
2020-12-17 02:07:04,558 [pool-284-thread-1] INFO  server.RaftServerConfigKeys (ConfUtils.java:logGet(44)) - raft.server.log.queue.byte-limit = 2147483647 (custom)
2020-12-17 02:07:04,558 [pool-284-thread-1] INFO  server.RaftServerConfigKeys (ConfUtils.java:logGet(44)) - raft.server.log.queue.element-limit = 1024 (custom)
2020-12-17 02:07:04,558 [pool-284-thread-1] INFO  server.RaftServerConfigKeys (ConfUtils.java:logGet(44)) - raft.server.log.segment.size.max = 1048576 (custom)
2020-12-17 02:07:04,558 [pool-284-thread-1] INFO  server.RaftServerConfigKeys (ConfUtils.java:logGet(44)) - raft.server.log.preallocated.size = 16384 (custom)
2020-12-17 02:07:04,558 [pool-284-thread-1] INFO  server.RaftServerConfigKeys (ConfUtils.java:logGet(44)) - raft.server.log.write.buffer.size = 1048576 (custom)
2020-12-17 02:07:04,558 [pool-284-thread-1] INFO  server.RaftServerConfigKeys (ConfUtils.java:logGet(44)) - raft.server.log.force.sync.num = 128 (default)
2020-12-17 02:07:04,558 [pool-284-thread-1] INFO  server.RaftServerConfigKeys (ConfUtils.java:logGet(44)) - raft.server.log.statemachine.data.sync = true (default)
2020-12-17 02:07:04,558 [pool-284-thread-1] INFO  server.RaftServerConfigKeys (ConfUtils.java:logGet(44)) - raft.server.log.statemachine.data.sync.timeout = 10s (default)
2020-12-17 02:07:04,559 [pool-284-thread-1] INFO  server.RaftServerConfigKeys (ConfUtils.java:logGet(44)) - raft.server.log.statemachine.data.sync.timeout.retry = -1 (default)
2020-12-17 02:07:04,560 [pool-284-thread-1] INFO  server.RaftServerConfigKeys (ConfUtils.java:logGet(44)) - raft.server.log.statemachine.data.caching.enabled = true (custom)
2020-12-17 02:07:04,561 [pool-284-thread-1] INFO  segmented.SegmentedRaftLogWorker (SegmentedRaftLogWorker.java:lambda$new$0(129)) - 0f866848-1c6a-43de-8969-aeea5cfaa857@group-B46DC85C5C5B-SegmentedRaftLogWorker: flushIndex: setUnconditionally 0 -> -1
2020-12-17 02:07:04,561 [pool-284-thread-1] INFO  segmented.SegmentedRaftLogWorker (SegmentedRaftLogWorker.java:lambda$new$0(129)) - 0f866848-1c6a-43de-8969-aeea5cfaa857@group-B46DC85C5C5B-SegmentedRaftLogWorker: safeCacheEvictIndex: setUnconditionally 0 -> -1
2020-12-17 02:07:04,561 [pool-284-thread-1] INFO  server.RaftServerConfigKeys (ConfUtils.java:logGet(44)) - raft.server.snapshot.auto.trigger.enabled = true (custom)
2020-12-17 02:07:04,561 [pool-284-thread-1] INFO  server.RaftServerConfigKeys (ConfUtils.java:logGet(44)) - raft.server.snapshot.auto.trigger.threshold = 10000 (custom)
2020-12-17 02:07:04,561 [pool-284-thread-1] INFO  server.RaftServerConfigKeys (ConfUtils.java:logGet(44)) - raft.server.snapshot.retention.file.num = 5 (custom)
2020-12-17 02:07:04,561 [pool-284-thread-1] INFO  server.RaftServerConfigKeys (ConfUtils.java:logGet(44)) - raft.server.log.purge.upto.snapshot.index = false (default)
2020-12-17 02:07:04,561 [pool-284-thread-1] INFO  server.RaftServerConfigKeys (ConfUtils.java:logGet(44)) - raft.server.retrycache.expirytime = 600000ms (custom)
2020-12-17 02:07:04,561 [pool-284-thread-1] INFO  metrics.RatisMetrics (RatisMetrics.java:lambda$create$0(36)) - Creating Metrics Registry : ratis.leader_election.0f866848-1c6a-43de-8969-aeea5cfaa857@group-B46DC85C5C5B
2020-12-17 02:07:04,562 [pool-284-thread-1] INFO  metrics.RatisMetrics (RatisMetrics.java:lambda$create$0(36)) - Creating Metrics Registry : ratis.server.0f866848-1c6a-43de-8969-aeea5cfaa857@group-B46DC85C5C5B
2020-12-17 02:07:04,563 [pool-284-thread-1] INFO  impl.RaftServerImpl (RaftServerImpl.java:start(215)) - 0f866848-1c6a-43de-8969-aeea5cfaa857@group-B46DC85C5C5B: start as a follower, conf=-1: [0f866848-1c6a-43de-8969-aeea5cfaa857|rpc:172.17.0.2:46281], old=null
2020-12-17 02:07:04,563 [pool-284-thread-1] INFO  impl.RaftServerImpl (RaftServerImpl.java:setRole(204)) - 0f866848-1c6a-43de-8969-aeea5cfaa857@group-B46DC85C5C5B: changes role from      null to FOLLOWER at term 0 for startAsFollower
2020-12-17 02:07:04,563 [pool-284-thread-1] INFO  impl.RoleInfo (RoleInfo.java:updateAndGet(143)) - 0f866848-1c6a-43de-8969-aeea5cfaa857: start 0f866848-1c6a-43de-8969-aeea5cfaa857@group-B46DC85C5C5B-FollowerState
2020-12-17 02:07:04,564 [pool-284-thread-1] INFO  util.JmxRegister (JmxRegister.java:tryRegister(44)) - Successfully registered JMX Bean with object name Ratis:service=RaftServer,group=group-B46DC85C5C5B,id=0f866848-1c6a-43de-8969-aeea5cfaa857
2020-12-17 02:07:04,564 [pool-284-thread-1] INFO  metrics.RatisMetrics (RatisMetrics.java:lambda$create$0(36)) - Creating Metrics Registry : ratis.state_machine.0f866848-1c6a-43de-8969-aeea5cfaa857@group-B46DC85C5C5B
2020-12-17 02:07:04,565 [Command processor thread] INFO  commandhandler.CreatePipelineCommandHandler (CreatePipelineCommandHandler.java:handle(106)) - Created Pipeline RATIS ONE PipelineID=7f9a6932-f29b-485f-b7b2-b46dc85c5c5b.
2020-12-17 02:07:04,565 [Command processor thread] INFO  impl.RaftServerProxy (RaftServerProxy.java:addNew(93)) - 0f866848-1c6a-43de-8969-aeea5cfaa857: addNew group-415A68486C79:[0f866848-1c6a-43de-8969-aeea5cfaa857|rpc:172.17.0.2:46281, 9bbfc1fd-0495-41fe-87c7-bac1979a3990|rpc:172.17.0.2:34535, a9b97122-ab75-4dd8-b0be-c80a7b4aee3e|rpc:172.17.0.2:44997] returns group-415A68486C79:java.util.concurrent.CompletableFuture@2ccdd376[Not completed]
2020-12-17 02:07:04,566 [pool-284-thread-1] INFO  impl.RaftServerImpl (RaftServerImpl.java:<init>(121)) - 0f866848-1c6a-43de-8969-aeea5cfaa857: new RaftServerImpl for group-415A68486C79:[0f866848-1c6a-43de-8969-aeea5cfaa857|rpc:172.17.0.2:46281, 9bbfc1fd-0495-41fe-87c7-bac1979a3990|rpc:172.17.0.2:34535, a9b97122-ab75-4dd8-b0be-c80a7b4aee3e|rpc:172.17.0.2:44997] with ContainerStateMachine:uninitialized
2020-12-17 02:07:04,566 [pool-284-thread-1] INFO  server.RaftServerConfigKeys (ConfUtils.java:logGet(44)) - raft.server.rpc.timeout.min = 5s (custom)
2020-12-17 02:07:04,566 [pool-284-thread-1] INFO  server.RaftServerConfigKeys (ConfUtils.java:logGet(44)) - raft.server.rpc.timeout.max = 5200ms (custom)
2020-12-17 02:07:04,566 [pool-284-thread-1] INFO  server.RaftServerConfigKeys (ConfUtils.java:logGet(44)) - raft.server.rpc.slowness.timeout = 300s (custom)
2020-12-17 02:07:04,566 [pool-284-thread-1] INFO  server.RaftServerConfigKeys (ConfUtils.java:logGet(44)) - raft.server.leaderelection.leader.step-down.wait-time = 10s (default)
2020-12-17 02:07:04,566 [pool-284-thread-1] INFO  server.RaftServerConfigKeys (ConfUtils.java:logGet(44)) - raft.server.sleep.deviation.threshold = 300 (default)
2020-12-17 02:07:04,567 [pool-284-thread-1] INFO  server.RaftServerConfigKeys (ConfUtils.java:logGet(44)) - raft.server.log.appender.install.snapshot.enabled = false (custom)
2020-12-17 02:07:04,567 [pool-284-thread-1] INFO  impl.RaftServerImpl (ServerState.java:<init>(104)) - 0f866848-1c6a-43de-8969-aeea5cfaa857@group-415A68486C79: ConfigurationManager, init=-1: [0f866848-1c6a-43de-8969-aeea5cfaa857|rpc:172.17.0.2:46281, 9bbfc1fd-0495-41fe-87c7-bac1979a3990|rpc:172.17.0.2:34535, a9b97122-ab75-4dd8-b0be-c80a7b4aee3e|rpc:172.17.0.2:44997], old=null, confs=<EMPTY_MAP>
2020-12-17 02:07:04,567 [pool-284-thread-1] INFO  server.RaftServerConfigKeys (ConfUtils.java:logGet(44)) - raft.server.storage.dir = [/github/workspace/mnt/ozone/hadoop-ozone/integration-test/target/test-dir/MiniOzoneClusterImpl-b9724c50-03f5-4055-971c-7bf7c5f09f05/datanode-3/data/ratis] (custom)
2020-12-17 02:07:04,567 [pool-284-thread-1] INFO  server.RaftServerConfigKeys (ConfUtils.java:logGet(44)) - raft.server.log.corruption.policy = EXCEPTION (default)
2020-12-17 02:07:04,567 [pool-284-thread-1] INFO  storage.RaftStorageDirectory (RaftStorageDirectory.java:analyzeStorage(261)) - The storage directory /github/workspace/mnt/ozone/hadoop-ozone/integration-test/target/test-dir/MiniOzoneClusterImpl-b9724c50-03f5-4055-971c-7bf7c5f09f05/datanode-3/data/ratis/55f06238-75d0-401a-8ee7-415a68486c79 does not exist. Creating ...
2020-12-17 02:07:04,568 [pool-284-thread-1] INFO  storage.RaftStorageDirectory (RaftStorageDirectory.java:tryLock(343)) - Lock on /github/workspace/mnt/ozone/hadoop-ozone/integration-test/target/test-dir/MiniOzoneClusterImpl-b9724c50-03f5-4055-971c-7bf7c5f09f05/datanode-3/data/ratis/55f06238-75d0-401a-8ee7-415a68486c79/in_use.lock acquired by nodename 8093@89b9adae2c19
2020-12-17 02:07:04,570 [pool-284-thread-1] INFO  storage.RaftStorage (RaftStorage.java:format(85)) - Storage directory /github/workspace/mnt/ozone/hadoop-ozone/integration-test/target/test-dir/MiniOzoneClusterImpl-b9724c50-03f5-4055-971c-7bf7c5f09f05/datanode-3/data/ratis/55f06238-75d0-401a-8ee7-415a68486c79 has been successfully formatted.
2020-12-17 02:07:04,570 [pool-284-thread-1] INFO  ratis.ContainerStateMachine (ContainerStateMachine.java:loadSnapshot(225)) - group-415A68486C79: The snapshot info is null. Setting the last applied indexto:(t:0, i:~)
2020-12-17 02:07:04,571 [EventQueue-OpenPipelineForHealthyPipelineSafeModeRule] INFO  safemode.SCMSafeModeManager (HealthyPipelineSafeModeRule.java:process(128)) - SCM in safe mode. Healthy pipelines reported count is 0, required healthy pipeline reported count is 1
2020-12-17 02:07:04,571 [EventQueue-PipelineReportForOneReplicaPipelineSafeModeRule] INFO  safemode.SCMSafeModeManager (SCMSafeModeManager.java:validateSafeModeExitRules(214)) - AtleastOneDatanodeReportedRule rule is successfully validated
2020-12-17 02:07:04,573 [pool-284-thread-1] INFO  server.RaftServerConfigKeys (ConfUtils.java:logGet(44)) - raft.server.notification.no-leader.timeout = 300s (custom)
2020-12-17 02:07:04,574 [pool-284-thread-1] INFO  server.RaftServerConfigKeys (ConfUtils.java:logGet(44)) - raft.server.log.use.memory = false (default)
2020-12-17 02:07:04,574 [pool-284-thread-1] INFO  server.RaftServerConfigKeys (ConfUtils.java:logGet(44)) - raft.server.log.purge.gap = 1000000 (custom)
2020-12-17 02:07:04,574 [pool-284-thread-1] INFO  metrics.RatisMetrics (RatisMetrics.java:lambda$create$0(36)) - Creating Metrics Registry : ratis.log_worker.0f866848-1c6a-43de-8969-aeea5cfaa857@group-415A68486C79
2020-12-17 02:07:04,574 [pool-284-thread-1] INFO  server.RaftServerConfigKeys (ConfUtils.java:logGet(44)) - raft.server.log.appender.buffer.byte-limit = 33554432 (custom)
2020-12-17 02:07:04,574 [pool-284-thread-1] INFO  server.RaftServerConfigKeys (ConfUtils.java:logGet(44)) - raft.server.log.segment.size.max = 1048576 (custom)
2020-12-17 02:07:04,575 [pool-284-thread-1] INFO  server.RaftServerConfigKeys (ConfUtils.java:logGet(44)) - raft.server.log.segment.cache.num.max = 2 (custom)
2020-12-17 02:07:04,575 [pool-284-thread-1] INFO  segmented.SegmentedRaftLogWorker (SegmentedRaftLogWorker.java:<init>(180)) - new 0f866848-1c6a-43de-8969-aeea5cfaa857@group-415A68486C79-SegmentedRaftLogWorker for RaftStorage:Storage Directory /github/workspace/mnt/ozone/hadoop-ozone/integration-test/target/test-dir/MiniOzoneClusterImpl-b9724c50-03f5-4055-971c-7bf7c5f09f05/datanode-3/data/ratis/55f06238-75d0-401a-8ee7-415a68486c79
2020-12-17 02:07:04,575 [pool-284-thread-1] INFO  server.RaftServerConfigKeys (ConfUtils.java:logGet(44)) - raft.server.log.queue.byte-limit = 2147483647 (custom)
2020-12-17 02:07:04,575 [pool-284-thread-1] INFO  server.RaftServerConfigKeys (ConfUtils.java:logGet(44)) - raft.server.log.queue.element-limit = 1024 (custom)
2020-12-17 02:07:04,578 [pool-284-thread-1] INFO  server.RaftServerConfigKeys (ConfUtils.java:logGet(44)) - raft.server.log.segment.size.max = 1048576 (custom)
2020-12-17 02:07:04,578 [pool-284-thread-1] INFO  server.RaftServerConfigKeys (ConfUtils.java:logGet(44)) - raft.server.log.preallocated.size = 16384 (custom)
2020-12-17 02:07:04,578 [pool-284-thread-1] INFO  server.RaftServerConfigKeys (ConfUtils.java:logGet(44)) - raft.server.log.write.buffer.size = 1048576 (custom)
2020-12-17 02:07:04,578 [pool-284-thread-1] INFO  server.RaftServerConfigKeys (ConfUtils.java:logGet(44)) - raft.server.log.force.sync.num = 128 (default)
2020-12-17 02:07:04,578 [pool-284-thread-1] INFO  server.RaftServerConfigKeys (ConfUtils.java:logGet(44)) - raft.server.log.statemachine.data.sync = true (default)
2020-12-17 02:07:04,578 [pool-284-thread-1] INFO  server.RaftServerConfigKeys (ConfUtils.java:logGet(44)) - raft.server.log.statemachine.data.sync.timeout = 10s (default)
2020-12-17 02:07:04,578 [pool-284-thread-1] INFO  server.RaftServerConfigKeys (ConfUtils.java:logGet(44)) - raft.server.log.statemachine.data.sync.timeout.retry = -1 (default)
2020-12-17 02:07:04,580 [pool-284-thread-1] INFO  server.RaftServerConfigKeys (ConfUtils.java:logGet(44)) - raft.server.log.statemachine.data.caching.enabled = true (custom)
2020-12-17 02:07:04,581 [pool-284-thread-1] INFO  segmented.SegmentedRaftLogWorker (SegmentedRaftLogWorker.java:lambda$new$0(129)) - 0f866848-1c6a-43de-8969-aeea5cfaa857@group-415A68486C79-SegmentedRaftLogWorker: flushIndex: setUnconditionally 0 -> -1
2020-12-17 02:07:04,581 [pool-284-thread-1] INFO  segmented.SegmentedRaftLogWorker (SegmentedRaftLogWorker.java:lambda$new$0(129)) - 0f866848-1c6a-43de-8969-aeea5cfaa857@group-415A68486C79-SegmentedRaftLogWorker: safeCacheEvictIndex: setUnconditionally 0 -> -1
2020-12-17 02:07:04,583 [pool-284-thread-1] INFO  server.RaftServerConfigKeys (ConfUtils.java:logGet(44)) - raft.server.snapshot.auto.trigger.enabled = true (custom)
2020-12-17 02:07:04,583 [pool-284-thread-1] INFO  server.RaftServerConfigKeys (ConfUtils.java:logGet(44)) - raft.server.snapshot.auto.trigger.threshold = 10000 (custom)
2020-12-17 02:07:04,583 [pool-284-thread-1] INFO  server.RaftServerConfigKeys (ConfUtils.java:logGet(44)) - raft.server.snapshot.retention.file.num = 5 (custom)
2020-12-17 02:07:04,583 [pool-284-thread-1] INFO  server.RaftServerConfigKeys (ConfUtils.java:logGet(44)) - raft.server.log.purge.upto.snapshot.index = false (default)
2020-12-17 02:07:04,584 [pool-284-thread-1] INFO  server.RaftServerConfigKeys (ConfUtils.java:logGet(44)) - raft.server.retrycache.expirytime = 600000ms (custom)
2020-12-17 02:07:04,584 [pool-284-thread-1] INFO  metrics.RatisMetrics (RatisMetrics.java:lambda$create$0(36)) - Creating Metrics Registry : ratis.leader_election.0f866848-1c6a-43de-8969-aeea5cfaa857@group-415A68486C79
2020-12-17 02:07:04,584 [pool-284-thread-1] INFO  metrics.RatisMetrics (RatisMetrics.java:lambda$create$0(36)) - Creating Metrics Registry : ratis.server.0f866848-1c6a-43de-8969-aeea5cfaa857@group-415A68486C79
2020-12-17 02:07:04,592 [pool-284-thread-1] INFO  impl.RaftServerImpl (RaftServerImpl.java:start(215)) - 0f866848-1c6a-43de-8969-aeea5cfaa857@group-415A68486C79: start as a follower, conf=-1: [0f866848-1c6a-43de-8969-aeea5cfaa857|rpc:172.17.0.2:46281, 9bbfc1fd-0495-41fe-87c7-bac1979a3990|rpc:172.17.0.2:34535, a9b97122-ab75-4dd8-b0be-c80a7b4aee3e|rpc:172.17.0.2:44997], old=null
2020-12-17 02:07:04,592 [pool-284-thread-1] INFO  impl.RaftServerImpl (RaftServerImpl.java:setRole(204)) - 0f866848-1c6a-43de-8969-aeea5cfaa857@group-415A68486C79: changes role from      null to FOLLOWER at term 0 for startAsFollower
2020-12-17 02:07:04,592 [pool-284-thread-1] INFO  impl.RoleInfo (RoleInfo.java:updateAndGet(143)) - 0f866848-1c6a-43de-8969-aeea5cfaa857: start 0f866848-1c6a-43de-8969-aeea5cfaa857@group-415A68486C79-FollowerState
2020-12-17 02:07:04,593 [pool-284-thread-1] INFO  util.JmxRegister (JmxRegister.java:tryRegister(44)) - Successfully registered JMX Bean with object name Ratis:service=RaftServer,group=group-415A68486C79,id=0f866848-1c6a-43de-8969-aeea5cfaa857
2020-12-17 02:07:04,593 [pool-284-thread-1] INFO  metrics.RatisMetrics (RatisMetrics.java:lambda$create$0(36)) - Creating Metrics Registry : ratis.state_machine.0f866848-1c6a-43de-8969-aeea5cfaa857@group-415A68486C79
2020-12-17 02:07:04,595 [Command processor thread] INFO  metrics.RatisMetrics (RatisMetrics.java:lambda$create$0(36)) - Creating Metrics Registry : ratis.client_message_metrics.client-F3DEC9B10088->9bbfc1fd-0495-41fe-87c7-bac1979a3990
2020-12-17 02:07:04,602 [grpc-default-executor-1] INFO  metrics.RatisMetrics (RatisMetrics.java:lambda$create$0(36)) - Creating Metrics Registry : ratis.server_message_metrics.9bbfc1fd-0495-41fe-87c7-bac1979a3990
2020-12-17 02:07:04,604 [grpc-default-executor-1] INFO  impl.RaftServerProxy (RaftServerProxy.java:addNew(93)) - 9bbfc1fd-0495-41fe-87c7-bac1979a3990: addNew group-415A68486C79:[0f866848-1c6a-43de-8969-aeea5cfaa857|rpc:172.17.0.2:46281|dataStream:, 9bbfc1fd-0495-41fe-87c7-bac1979a3990|rpc:172.17.0.2:34535|dataStream:, a9b97122-ab75-4dd8-b0be-c80a7b4aee3e|rpc:172.17.0.2:44997|dataStream:] returns group-415A68486C79:java.util.concurrent.CompletableFuture@5db8f02b[Not completed]
2020-12-17 02:07:04,609 [pool-301-thread-1] INFO  impl.RaftServerImpl (RaftServerImpl.java:<init>(121)) - 9bbfc1fd-0495-41fe-87c7-bac1979a3990: new RaftServerImpl for group-415A68486C79:[0f866848-1c6a-43de-8969-aeea5cfaa857|rpc:172.17.0.2:46281|dataStream:, 9bbfc1fd-0495-41fe-87c7-bac1979a3990|rpc:172.17.0.2:34535|dataStream:, a9b97122-ab75-4dd8-b0be-c80a7b4aee3e|rpc:172.17.0.2:44997|dataStream:] with ContainerStateMachine:uninitialized
2020-12-17 02:07:04,610 [pool-301-thread-1] INFO  server.RaftServerConfigKeys (ConfUtils.java:logGet(44)) - raft.server.rpc.timeout.min = 5s (custom)
2020-12-17 02:07:04,610 [pool-301-thread-1] INFO  server.RaftServerConfigKeys (ConfUtils.java:logGet(44)) - raft.server.rpc.timeout.max = 5200ms (custom)
2020-12-17 02:07:04,610 [pool-301-thread-1] INFO  server.RaftServerConfigKeys (ConfUtils.java:logGet(44)) - raft.server.rpc.slowness.timeout = 300s (custom)
2020-12-17 02:07:04,610 [pool-301-thread-1] INFO  server.RaftServerConfigKeys (ConfUtils.java:logGet(44)) - raft.server.leaderelection.leader.step-down.wait-time = 10s (default)
2020-12-17 02:07:04,610 [pool-301-thread-1] INFO  server.RaftServerConfigKeys (ConfUtils.java:logGet(44)) - raft.server.sleep.deviation.threshold = 300 (default)
2020-12-17 02:07:04,610 [pool-301-thread-1] INFO  server.RaftServerConfigKeys (ConfUtils.java:logGet(44)) - raft.server.log.appender.install.snapshot.enabled = false (custom)
2020-12-17 02:07:04,610 [pool-301-thread-1] INFO  impl.RaftServerImpl (ServerState.java:<init>(104)) - 9bbfc1fd-0495-41fe-87c7-bac1979a3990@group-415A68486C79: ConfigurationManager, init=-1: [0f866848-1c6a-43de-8969-aeea5cfaa857|rpc:172.17.0.2:46281|dataStream:, 9bbfc1fd-0495-41fe-87c7-bac1979a3990|rpc:172.17.0.2:34535|dataStream:, a9b97122-ab75-4dd8-b0be-c80a7b4aee3e|rpc:172.17.0.2:44997|dataStream:], old=null, confs=<EMPTY_MAP>
2020-12-17 02:07:04,610 [pool-301-thread-1] INFO  server.RaftServerConfigKeys (ConfUtils.java:logGet(44)) - raft.server.storage.dir = [/github/workspace/mnt/ozone/hadoop-ozone/integration-test/target/test-dir/MiniOzoneClusterImpl-b9724c50-03f5-4055-971c-7bf7c5f09f05/datanode-4/data/ratis] (custom)
2020-12-17 02:07:04,610 [pool-301-thread-1] INFO  server.RaftServerConfigKeys (ConfUtils.java:logGet(44)) - raft.server.log.corruption.policy = EXCEPTION (default)
2020-12-17 02:07:04,611 [pool-301-thread-1] INFO  storage.RaftStorageDirectory (RaftStorageDirectory.java:analyzeStorage(261)) - The storage directory /github/workspace/mnt/ozone/hadoop-ozone/integration-test/target/test-dir/MiniOzoneClusterImpl-b9724c50-03f5-4055-971c-7bf7c5f09f05/datanode-4/data/ratis/55f06238-75d0-401a-8ee7-415a68486c79 does not exist. Creating ...
2020-12-17 02:07:04,612 [pool-301-thread-1] INFO  storage.RaftStorageDirectory (RaftStorageDirectory.java:tryLock(343)) - Lock on /github/workspace/mnt/ozone/hadoop-ozone/integration-test/target/test-dir/MiniOzoneClusterImpl-b9724c50-03f5-4055-971c-7bf7c5f09f05/datanode-4/data/ratis/55f06238-75d0-401a-8ee7-415a68486c79/in_use.lock acquired by nodename 8093@89b9adae2c19
2020-12-17 02:07:04,613 [pool-301-thread-1] INFO  storage.RaftStorage (RaftStorage.java:format(85)) - Storage directory /github/workspace/mnt/ozone/hadoop-ozone/integration-test/target/test-dir/MiniOzoneClusterImpl-b9724c50-03f5-4055-971c-7bf7c5f09f05/datanode-4/data/ratis/55f06238-75d0-401a-8ee7-415a68486c79 has been successfully formatted.
2020-12-17 02:07:04,613 [pool-301-thread-1] INFO  ratis.ContainerStateMachine (ContainerStateMachine.java:loadSnapshot(225)) - group-415A68486C79: The snapshot info is null. Setting the last applied indexto:(t:0, i:~)
2020-12-17 02:07:04,614 [pool-301-thread-1] INFO  server.RaftServerConfigKeys (ConfUtils.java:logGet(44)) - raft.server.notification.no-leader.timeout = 300s (custom)
2020-12-17 02:07:04,614 [pool-301-thread-1] INFO  server.RaftServerConfigKeys (ConfUtils.java:logGet(44)) - raft.server.log.use.memory = false (default)
2020-12-17 02:07:04,614 [pool-301-thread-1] INFO  server.RaftServerConfigKeys (ConfUtils.java:logGet(44)) - raft.server.log.purge.gap = 1000000 (custom)
2020-12-17 02:07:04,614 [pool-301-thread-1] INFO  metrics.RatisMetrics (RatisMetrics.java:lambda$create$0(36)) - Creating Metrics Registry : ratis.log_worker.9bbfc1fd-0495-41fe-87c7-bac1979a3990@group-415A68486C79
2020-12-17 02:07:04,614 [pool-301-thread-1] INFO  server.RaftServerConfigKeys (ConfUtils.java:logGet(44)) - raft.server.log.appender.buffer.byte-limit = 33554432 (custom)
2020-12-17 02:07:04,615 [pool-301-thread-1] INFO  server.RaftServerConfigKeys (ConfUtils.java:logGet(44)) - raft.server.log.segment.size.max = 1048576 (custom)
2020-12-17 02:07:04,615 [EventQueue-PipelineReportForOneReplicaPipelineSafeModeRule] INFO  safemode.SCMSafeModeManager (SCMSafeModeManager.java:validateSafeModeExitRules(214)) - AtleastOneDatanodeReportedRule rule is successfully validated
2020-12-17 02:07:04,617 [pool-301-thread-1] INFO  server.RaftServerConfigKeys (ConfUtils.java:logGet(44)) - raft.server.log.segment.cache.num.max = 2 (custom)
2020-12-17 02:07:04,617 [pool-301-thread-1] INFO  segmented.SegmentedRaftLogWorker (SegmentedRaftLogWorker.java:<init>(180)) - new 9bbfc1fd-0495-41fe-87c7-bac1979a3990@group-415A68486C79-SegmentedRaftLogWorker for RaftStorage:Storage Directory /github/workspace/mnt/ozone/hadoop-ozone/integration-test/target/test-dir/MiniOzoneClusterImpl-b9724c50-03f5-4055-971c-7bf7c5f09f05/datanode-4/data/ratis/55f06238-75d0-401a-8ee7-415a68486c79
2020-12-17 02:07:04,617 [pool-301-thread-1] INFO  server.RaftServerConfigKeys (ConfUtils.java:logGet(44)) - raft.server.log.queue.byte-limit = 2147483647 (custom)
2020-12-17 02:07:04,618 [pool-301-thread-1] INFO  server.RaftServerConfigKeys (ConfUtils.java:logGet(44)) - raft.server.log.queue.element-limit = 1024 (custom)
2020-12-17 02:07:04,618 [pool-301-thread-1] INFO  server.RaftServerConfigKeys (ConfUtils.java:logGet(44)) - raft.server.log.segment.size.max = 1048576 (custom)
2020-12-17 02:07:04,618 [pool-301-thread-1] INFO  server.RaftServerConfigKeys (ConfUtils.java:logGet(44)) - raft.server.log.preallocated.size = 16384 (custom)
2020-12-17 02:07:04,618 [pool-301-thread-1] INFO  server.RaftServerConfigKeys (ConfUtils.java:logGet(44)) - raft.server.log.write.buffer.size = 1048576 (custom)
2020-12-17 02:07:04,618 [pool-301-thread-1] INFO  server.RaftServerConfigKeys (ConfUtils.java:logGet(44)) - raft.server.log.force.sync.num = 128 (default)
2020-12-17 02:07:04,618 [pool-301-thread-1] INFO  server.RaftServerConfigKeys (ConfUtils.java:logGet(44)) - raft.server.log.statemachine.data.sync = true (default)
2020-12-17 02:07:04,618 [pool-301-thread-1] INFO  server.RaftServerConfigKeys (ConfUtils.java:logGet(44)) - raft.server.log.statemachine.data.sync.timeout = 10s (default)
2020-12-17 02:07:04,618 [pool-301-thread-1] INFO  server.RaftServerConfigKeys (ConfUtils.java:logGet(44)) - raft.server.log.statemachine.data.sync.timeout.retry = -1 (default)
2020-12-17 02:07:04,620 [pool-301-thread-1] INFO  server.RaftServerConfigKeys (ConfUtils.java:logGet(44)) - raft.server.log.statemachine.data.caching.enabled = true (custom)
2020-12-17 02:07:04,620 [pool-301-thread-1] INFO  segmented.SegmentedRaftLogWorker (SegmentedRaftLogWorker.java:lambda$new$0(129)) - 9bbfc1fd-0495-41fe-87c7-bac1979a3990@group-415A68486C79-SegmentedRaftLogWorker: flushIndex: setUnconditionally 0 -> -1
2020-12-17 02:07:04,621 [pool-301-thread-1] INFO  segmented.SegmentedRaftLogWorker (SegmentedRaftLogWorker.java:lambda$new$0(129)) - 9bbfc1fd-0495-41fe-87c7-bac1979a3990@group-415A68486C79-SegmentedRaftLogWorker: safeCacheEvictIndex: setUnconditionally 0 -> -1
2020-12-17 02:07:04,621 [pool-301-thread-1] INFO  server.RaftServerConfigKeys (ConfUtils.java:logGet(44)) - raft.server.snapshot.auto.trigger.enabled = true (custom)
2020-12-17 02:07:04,621 [pool-301-thread-1] INFO  server.RaftServerConfigKeys (ConfUtils.java:logGet(44)) - raft.server.snapshot.auto.trigger.threshold = 10000 (custom)
2020-12-17 02:07:04,621 [pool-301-thread-1] INFO  server.RaftServerConfigKeys (ConfUtils.java:logGet(44)) - raft.server.snapshot.retention.file.num = 5 (custom)
2020-12-17 02:07:04,621 [pool-301-thread-1] INFO  server.RaftServerConfigKeys (ConfUtils.java:logGet(44)) - raft.server.log.purge.upto.snapshot.index = false (default)
2020-12-17 02:07:04,621 [pool-301-thread-1] INFO  server.RaftServerConfigKeys (ConfUtils.java:logGet(44)) - raft.server.retrycache.expirytime = 600000ms (custom)
2020-12-17 02:07:04,621 [pool-301-thread-1] INFO  metrics.RatisMetrics (RatisMetrics.java:lambda$create$0(36)) - Creating Metrics Registry : ratis.leader_election.9bbfc1fd-0495-41fe-87c7-bac1979a3990@group-415A68486C79
2020-12-17 02:07:04,622 [pool-301-thread-1] INFO  metrics.RatisMetrics (RatisMetrics.java:lambda$create$0(36)) - Creating Metrics Registry : ratis.server.9bbfc1fd-0495-41fe-87c7-bac1979a3990@group-415A68486C79
2020-12-17 02:07:04,623 [pool-301-thread-1] INFO  impl.RaftServerImpl (RaftServerImpl.java:start(215)) - 9bbfc1fd-0495-41fe-87c7-bac1979a3990@group-415A68486C79: start as a follower, conf=-1: [0f866848-1c6a-43de-8969-aeea5cfaa857|rpc:172.17.0.2:46281|dataStream:, 9bbfc1fd-0495-41fe-87c7-bac1979a3990|rpc:172.17.0.2:34535|dataStream:, a9b97122-ab75-4dd8-b0be-c80a7b4aee3e|rpc:172.17.0.2:44997|dataStream:], old=null
2020-12-17 02:07:04,623 [pool-301-thread-1] INFO  impl.RaftServerImpl (RaftServerImpl.java:setRole(204)) - 9bbfc1fd-0495-41fe-87c7-bac1979a3990@group-415A68486C79: changes role from      null to FOLLOWER at term 0 for startAsFollower
2020-12-17 02:07:04,623 [pool-301-thread-1] INFO  impl.RoleInfo (RoleInfo.java:updateAndGet(143)) - 9bbfc1fd-0495-41fe-87c7-bac1979a3990: start 9bbfc1fd-0495-41fe-87c7-bac1979a3990@group-415A68486C79-FollowerState
2020-12-17 02:07:04,623 [pool-301-thread-1] INFO  util.JmxRegister (JmxRegister.java:tryRegister(44)) - Successfully registered JMX Bean with object name Ratis:service=RaftServer,group=group-415A68486C79,id=9bbfc1fd-0495-41fe-87c7-bac1979a3990
2020-12-17 02:07:04,623 [pool-301-thread-1] INFO  metrics.RatisMetrics (RatisMetrics.java:lambda$create$0(36)) - Creating Metrics Registry : ratis.state_machine.9bbfc1fd-0495-41fe-87c7-bac1979a3990@group-415A68486C79
2020-12-17 02:07:04,639 [Command processor thread] INFO  metrics.RatisMetrics (RatisMetrics.java:lambda$create$0(36)) - Creating Metrics Registry : ratis.client_message_metrics.client-AF6C52A29B82->a9b97122-ab75-4dd8-b0be-c80a7b4aee3e
2020-12-17 02:07:04,647 [grpc-default-executor-1] INFO  metrics.RatisMetrics (RatisMetrics.java:lambda$create$0(36)) - Creating Metrics Registry : ratis.server_message_metrics.a9b97122-ab75-4dd8-b0be-c80a7b4aee3e
2020-12-17 02:07:04,649 [grpc-default-executor-1] INFO  impl.RaftServerProxy (RaftServerProxy.java:addNew(93)) - a9b97122-ab75-4dd8-b0be-c80a7b4aee3e: addNew group-415A68486C79:[0f866848-1c6a-43de-8969-aeea5cfaa857|rpc:172.17.0.2:46281|dataStream:, 9bbfc1fd-0495-41fe-87c7-bac1979a3990|rpc:172.17.0.2:34535|dataStream:, a9b97122-ab75-4dd8-b0be-c80a7b4aee3e|rpc:172.17.0.2:44997|dataStream:] returns group-415A68486C79:java.util.concurrent.CompletableFuture@3dc53d97[Not completed]
2020-12-17 02:07:04,650 [pool-317-thread-1] INFO  impl.RaftServerImpl (RaftServerImpl.java:<init>(121)) - a9b97122-ab75-4dd8-b0be-c80a7b4aee3e: new RaftServerImpl for group-415A68486C79:[0f866848-1c6a-43de-8969-aeea5cfaa857|rpc:172.17.0.2:46281|dataStream:, 9bbfc1fd-0495-41fe-87c7-bac1979a3990|rpc:172.17.0.2:34535|dataStream:, a9b97122-ab75-4dd8-b0be-c80a7b4aee3e|rpc:172.17.0.2:44997|dataStream:] with ContainerStateMachine:uninitialized
2020-12-17 02:07:04,650 [pool-317-thread-1] INFO  server.RaftServerConfigKeys (ConfUtils.java:logGet(44)) - raft.server.rpc.timeout.min = 5s (custom)
2020-12-17 02:07:04,650 [pool-317-thread-1] INFO  server.RaftServerConfigKeys (ConfUtils.java:logGet(44)) - raft.server.rpc.timeout.max = 5200ms (custom)
2020-12-17 02:07:04,651 [pool-317-thread-1] INFO  server.RaftServerConfigKeys (ConfUtils.java:logGet(44)) - raft.server.rpc.slowness.timeout = 300s (custom)
2020-12-17 02:07:04,651 [pool-317-thread-1] INFO  server.RaftServerConfigKeys (ConfUtils.java:logGet(44)) - raft.server.leaderelection.leader.step-down.wait-time = 10s (default)
2020-12-17 02:07:04,651 [pool-317-thread-1] INFO  server.RaftServerConfigKeys (ConfUtils.java:logGet(44)) - raft.server.sleep.deviation.threshold = 300 (default)
2020-12-17 02:07:04,651 [pool-317-thread-1] INFO  server.RaftServerConfigKeys (ConfUtils.java:logGet(44)) - raft.server.log.appender.install.snapshot.enabled = false (custom)
2020-12-17 02:07:04,651 [pool-317-thread-1] INFO  impl.RaftServerImpl (ServerState.java:<init>(104)) - a9b97122-ab75-4dd8-b0be-c80a7b4aee3e@group-415A68486C79: ConfigurationManager, init=-1: [0f866848-1c6a-43de-8969-aeea5cfaa857|rpc:172.17.0.2:46281|dataStream:, 9bbfc1fd-0495-41fe-87c7-bac1979a3990|rpc:172.17.0.2:34535|dataStream:, a9b97122-ab75-4dd8-b0be-c80a7b4aee3e|rpc:172.17.0.2:44997|dataStream:], old=null, confs=<EMPTY_MAP>
2020-12-17 02:07:04,651 [pool-317-thread-1] INFO  server.RaftServerConfigKeys (ConfUtils.java:logGet(44)) - raft.server.storage.dir = [/github/workspace/mnt/ozone/hadoop-ozone/integration-test/target/test-dir/MiniOzoneClusterImpl-b9724c50-03f5-4055-971c-7bf7c5f09f05/datanode-5/data/ratis] (custom)
2020-12-17 02:07:04,651 [pool-317-thread-1] INFO  server.RaftServerConfigKeys (ConfUtils.java:logGet(44)) - raft.server.log.corruption.policy = EXCEPTION (default)
2020-12-17 02:07:04,652 [pool-317-thread-1] INFO  storage.RaftStorageDirectory (RaftStorageDirectory.java:analyzeStorage(261)) - The storage directory /github/workspace/mnt/ozone/hadoop-ozone/integration-test/target/test-dir/MiniOzoneClusterImpl-b9724c50-03f5-4055-971c-7bf7c5f09f05/datanode-5/data/ratis/55f06238-75d0-401a-8ee7-415a68486c79 does not exist. Creating ...
2020-12-17 02:07:04,653 [pool-317-thread-1] INFO  storage.RaftStorageDirectory (RaftStorageDirectory.java:tryLock(343)) - Lock on /github/workspace/mnt/ozone/hadoop-ozone/integration-test/target/test-dir/MiniOzoneClusterImpl-b9724c50-03f5-4055-971c-7bf7c5f09f05/datanode-5/data/ratis/55f06238-75d0-401a-8ee7-415a68486c79/in_use.lock acquired by nodename 8093@89b9adae2c19
2020-12-17 02:07:04,654 [pool-317-thread-1] INFO  storage.RaftStorage (RaftStorage.java:format(85)) - Storage directory /github/workspace/mnt/ozone/hadoop-ozone/integration-test/target/test-dir/MiniOzoneClusterImpl-b9724c50-03f5-4055-971c-7bf7c5f09f05/datanode-5/data/ratis/55f06238-75d0-401a-8ee7-415a68486c79 has been successfully formatted.
2020-12-17 02:07:04,656 [EventQueue-PipelineReportForOneReplicaPipelineSafeModeRule] INFO  safemode.SCMSafeModeManager (SCMSafeModeManager.java:validateSafeModeExitRules(214)) - AtleastOneDatanodeReportedRule rule is successfully validated
2020-12-17 02:07:04,656 [pool-317-thread-1] INFO  ratis.ContainerStateMachine (ContainerStateMachine.java:loadSnapshot(225)) - group-415A68486C79: The snapshot info is null. Setting the last applied indexto:(t:0, i:~)
2020-12-17 02:07:04,656 [pool-317-thread-1] INFO  server.RaftServerConfigKeys (ConfUtils.java:logGet(44)) - raft.server.notification.no-leader.timeout = 300s (custom)
2020-12-17 02:07:04,657 [pool-317-thread-1] INFO  server.RaftServerConfigKeys (ConfUtils.java:logGet(44)) - raft.server.log.use.memory = false (default)
2020-12-17 02:07:04,657 [pool-317-thread-1] INFO  server.RaftServerConfigKeys (ConfUtils.java:logGet(44)) - raft.server.log.purge.gap = 1000000 (custom)
2020-12-17 02:07:04,657 [pool-317-thread-1] INFO  metrics.RatisMetrics (RatisMetrics.java:lambda$create$0(36)) - Creating Metrics Registry : ratis.log_worker.a9b97122-ab75-4dd8-b0be-c80a7b4aee3e@group-415A68486C79
2020-12-17 02:07:04,657 [pool-317-thread-1] INFO  server.RaftServerConfigKeys (ConfUtils.java:logGet(44)) - raft.server.log.appender.buffer.byte-limit = 33554432 (custom)
2020-12-17 02:07:04,657 [pool-317-thread-1] INFO  server.RaftServerConfigKeys (ConfUtils.java:logGet(44)) - raft.server.log.segment.size.max = 1048576 (custom)
2020-12-17 02:07:04,658 [pool-317-thread-1] INFO  server.RaftServerConfigKeys (ConfUtils.java:logGet(44)) - raft.server.log.segment.cache.num.max = 2 (custom)
2020-12-17 02:07:04,658 [pool-317-thread-1] INFO  segmented.SegmentedRaftLogWorker (SegmentedRaftLogWorker.java:<init>(180)) - new a9b97122-ab75-4dd8-b0be-c80a7b4aee3e@group-415A68486C79-SegmentedRaftLogWorker for RaftStorage:Storage Directory /github/workspace/mnt/ozone/hadoop-ozone/integration-test/target/test-dir/MiniOzoneClusterImpl-b9724c50-03f5-4055-971c-7bf7c5f09f05/datanode-5/data/ratis/55f06238-75d0-401a-8ee7-415a68486c79
2020-12-17 02:07:04,658 [pool-317-thread-1] INFO  server.RaftServerConfigKeys (ConfUtils.java:logGet(44)) - raft.server.log.queue.byte-limit = 2147483647 (custom)
2020-12-17 02:07:04,659 [pool-317-thread-1] INFO  server.RaftServerConfigKeys (ConfUtils.java:logGet(44)) - raft.server.log.queue.element-limit = 1024 (custom)
2020-12-17 02:07:04,659 [pool-317-thread-1] INFO  server.RaftServerConfigKeys (ConfUtils.java:logGet(44)) - raft.server.log.segment.size.max = 1048576 (custom)
2020-12-17 02:07:04,659 [pool-317-thread-1] INFO  server.RaftServerConfigKeys (ConfUtils.java:logGet(44)) - raft.server.log.preallocated.size = 16384 (custom)
2020-12-17 02:07:04,659 [pool-317-thread-1] INFO  server.RaftServerConfigKeys (ConfUtils.java:logGet(44)) - raft.server.log.write.buffer.size = 1048576 (custom)
2020-12-17 02:07:04,659 [pool-317-thread-1] INFO  server.RaftServerConfigKeys (ConfUtils.java:logGet(44)) - raft.server.log.force.sync.num = 128 (default)
2020-12-17 02:07:04,659 [pool-317-thread-1] INFO  server.RaftServerConfigKeys (ConfUtils.java:logGet(44)) - raft.server.log.statemachine.data.sync = true (default)
2020-12-17 02:07:04,659 [pool-317-thread-1] INFO  server.RaftServerConfigKeys (ConfUtils.java:logGet(44)) - raft.server.log.statemachine.data.sync.timeout = 10s (default)
2020-12-17 02:07:04,659 [pool-317-thread-1] INFO  server.RaftServerConfigKeys (ConfUtils.java:logGet(44)) - raft.server.log.statemachine.data.sync.timeout.retry = -1 (default)
2020-12-17 02:07:04,661 [pool-317-thread-1] INFO  server.RaftServerConfigKeys (ConfUtils.java:logGet(44)) - raft.server.log.statemachine.data.caching.enabled = true (custom)
2020-12-17 02:07:04,661 [pool-317-thread-1] INFO  segmented.SegmentedRaftLogWorker (SegmentedRaftLogWorker.java:lambda$new$0(129)) - a9b97122-ab75-4dd8-b0be-c80a7b4aee3e@group-415A68486C79-SegmentedRaftLogWorker: flushIndex: setUnconditionally 0 -> -1
2020-12-17 02:07:04,662 [pool-317-thread-1] INFO  segmented.SegmentedRaftLogWorker (SegmentedRaftLogWorker.java:lambda$new$0(129)) - a9b97122-ab75-4dd8-b0be-c80a7b4aee3e@group-415A68486C79-SegmentedRaftLogWorker: safeCacheEvictIndex: setUnconditionally 0 -> -1
2020-12-17 02:07:04,662 [pool-317-thread-1] INFO  server.RaftServerConfigKeys (ConfUtils.java:logGet(44)) - raft.server.snapshot.auto.trigger.enabled = true (custom)
2020-12-17 02:07:04,662 [pool-317-thread-1] INFO  server.RaftServerConfigKeys (ConfUtils.java:logGet(44)) - raft.server.snapshot.auto.trigger.threshold = 10000 (custom)
2020-12-17 02:07:04,662 [pool-317-thread-1] INFO  server.RaftServerConfigKeys (ConfUtils.java:logGet(44)) - raft.server.snapshot.retention.file.num = 5 (custom)
2020-12-17 02:07:04,662 [pool-317-thread-1] INFO  server.RaftServerConfigKeys (ConfUtils.java:logGet(44)) - raft.server.log.purge.upto.snapshot.index = false (default)
2020-12-17 02:07:04,662 [pool-317-thread-1] INFO  server.RaftServerConfigKeys (ConfUtils.java:logGet(44)) - raft.server.retrycache.expirytime = 600000ms (custom)
2020-12-17 02:07:04,662 [pool-317-thread-1] INFO  metrics.RatisMetrics (RatisMetrics.java:lambda$create$0(36)) - Creating Metrics Registry : ratis.leader_election.a9b97122-ab75-4dd8-b0be-c80a7b4aee3e@group-415A68486C79
2020-12-17 02:07:04,663 [pool-317-thread-1] INFO  metrics.RatisMetrics (RatisMetrics.java:lambda$create$0(36)) - Creating Metrics Registry : ratis.server.a9b97122-ab75-4dd8-b0be-c80a7b4aee3e@group-415A68486C79
2020-12-17 02:07:04,664 [pool-317-thread-1] INFO  impl.RaftServerImpl (RaftServerImpl.java:start(215)) - a9b97122-ab75-4dd8-b0be-c80a7b4aee3e@group-415A68486C79: start as a follower, conf=-1: [0f866848-1c6a-43de-8969-aeea5cfaa857|rpc:172.17.0.2:46281|dataStream:, 9bbfc1fd-0495-41fe-87c7-bac1979a3990|rpc:172.17.0.2:34535|dataStream:, a9b97122-ab75-4dd8-b0be-c80a7b4aee3e|rpc:172.17.0.2:44997|dataStream:], old=null
2020-12-17 02:07:04,664 [pool-317-thread-1] INFO  impl.RaftServerImpl (RaftServerImpl.java:setRole(204)) - a9b97122-ab75-4dd8-b0be-c80a7b4aee3e@group-415A68486C79: changes role from      null to FOLLOWER at term 0 for startAsFollower
2020-12-17 02:07:04,664 [pool-317-thread-1] INFO  impl.RoleInfo (RoleInfo.java:updateAndGet(143)) - a9b97122-ab75-4dd8-b0be-c80a7b4aee3e: start a9b97122-ab75-4dd8-b0be-c80a7b4aee3e@group-415A68486C79-FollowerState
2020-12-17 02:07:04,664 [pool-317-thread-1] INFO  util.JmxRegister (JmxRegister.java:tryRegister(44)) - Successfully registered JMX Bean with object name Ratis:service=RaftServer,group=group-415A68486C79,id=a9b97122-ab75-4dd8-b0be-c80a7b4aee3e
2020-12-17 02:07:04,664 [pool-317-thread-1] INFO  metrics.RatisMetrics (RatisMetrics.java:lambda$create$0(36)) - Creating Metrics Registry : ratis.state_machine.a9b97122-ab75-4dd8-b0be-c80a7b4aee3e@group-415A68486C79
2020-12-17 02:07:04,677 [Command processor thread] INFO  commandhandler.CreatePipelineCommandHandler (CreatePipelineCommandHandler.java:handle(106)) - Created Pipeline RATIS THREE PipelineID=55f06238-75d0-401a-8ee7-415a68486c79.
2020-12-17 02:07:04,754 [Command processor thread] INFO  impl.RaftServerProxy (RaftServerProxy.java:addNew(93)) - 9bbfc1fd-0495-41fe-87c7-bac1979a3990: addNew group-D41B12127F4A:[9bbfc1fd-0495-41fe-87c7-bac1979a3990|rpc:172.17.0.2:34535] returns group-D41B12127F4A:java.util.concurrent.CompletableFuture@521e9d9f[Not completed]
2020-12-17 02:07:04,755 [pool-301-thread-1] INFO  impl.RaftServerImpl (RaftServerImpl.java:<init>(121)) - 9bbfc1fd-0495-41fe-87c7-bac1979a3990: new RaftServerImpl for group-D41B12127F4A:[9bbfc1fd-0495-41fe-87c7-bac1979a3990|rpc:172.17.0.2:34535] with ContainerStateMachine:uninitialized
2020-12-17 02:07:04,755 [pool-301-thread-1] INFO  server.RaftServerConfigKeys (ConfUtils.java:logGet(44)) - raft.server.rpc.timeout.min = 5s (custom)
2020-12-17 02:07:04,755 [pool-301-thread-1] INFO  server.RaftServerConfigKeys (ConfUtils.java:logGet(44)) - raft.server.rpc.timeout.max = 5200ms (custom)
2020-12-17 02:07:04,755 [pool-301-thread-1] INFO  server.RaftServerConfigKeys (ConfUtils.java:logGet(44)) - raft.server.rpc.slowness.timeout = 300s (custom)
2020-12-17 02:07:04,755 [pool-301-thread-1] INFO  server.RaftServerConfigKeys (ConfUtils.java:logGet(44)) - raft.server.leaderelection.leader.step-down.wait-time = 10s (default)
2020-12-17 02:07:04,756 [pool-301-thread-1] INFO  server.RaftServerConfigKeys (ConfUtils.java:logGet(44)) - raft.server.sleep.deviation.threshold = 300 (default)
2020-12-17 02:07:04,756 [pool-301-thread-1] INFO  server.RaftServerConfigKeys (ConfUtils.java:logGet(44)) - raft.server.log.appender.install.snapshot.enabled = false (custom)
2020-12-17 02:07:04,756 [pool-301-thread-1] INFO  impl.RaftServerImpl (ServerState.java:<init>(104)) - 9bbfc1fd-0495-41fe-87c7-bac1979a3990@group-D41B12127F4A: ConfigurationManager, init=-1: [9bbfc1fd-0495-41fe-87c7-bac1979a3990|rpc:172.17.0.2:34535], old=null, confs=<EMPTY_MAP>
2020-12-17 02:07:04,756 [pool-301-thread-1] INFO  server.RaftServerConfigKeys (ConfUtils.java:logGet(44)) - raft.server.storage.dir = [/github/workspace/mnt/ozone/hadoop-ozone/integration-test/target/test-dir/MiniOzoneClusterImpl-b9724c50-03f5-4055-971c-7bf7c5f09f05/datanode-4/data/ratis] (custom)
2020-12-17 02:07:04,756 [pool-301-thread-1] INFO  server.RaftServerConfigKeys (ConfUtils.java:logGet(44)) - raft.server.log.corruption.policy = EXCEPTION (default)
2020-12-17 02:07:04,756 [pool-301-thread-1] INFO  storage.RaftStorageDirectory (RaftStorageDirectory.java:analyzeStorage(261)) - The storage directory /github/workspace/mnt/ozone/hadoop-ozone/integration-test/target/test-dir/MiniOzoneClusterImpl-b9724c50-03f5-4055-971c-7bf7c5f09f05/datanode-4/data/ratis/3830245e-a07d-4120-a216-d41b12127f4a does not exist. Creating ...
2020-12-17 02:07:04,757 [pool-301-thread-1] INFO  storage.RaftStorageDirectory (RaftStorageDirectory.java:tryLock(343)) - Lock on /github/workspace/mnt/ozone/hadoop-ozone/integration-test/target/test-dir/MiniOzoneClusterImpl-b9724c50-03f5-4055-971c-7bf7c5f09f05/datanode-4/data/ratis/3830245e-a07d-4120-a216-d41b12127f4a/in_use.lock acquired by nodename 8093@89b9adae2c19
2020-12-17 02:07:04,759 [pool-301-thread-1] INFO  storage.RaftStorage (RaftStorage.java:format(85)) - Storage directory /github/workspace/mnt/ozone/hadoop-ozone/integration-test/target/test-dir/MiniOzoneClusterImpl-b9724c50-03f5-4055-971c-7bf7c5f09f05/datanode-4/data/ratis/3830245e-a07d-4120-a216-d41b12127f4a has been successfully formatted.
2020-12-17 02:07:04,759 [pool-301-thread-1] INFO  ratis.ContainerStateMachine (ContainerStateMachine.java:loadSnapshot(225)) - group-D41B12127F4A: The snapshot info is null. Setting the last applied indexto:(t:0, i:~)
2020-12-17 02:07:04,759 [pool-301-thread-1] INFO  server.RaftServerConfigKeys (ConfUtils.java:logGet(44)) - raft.server.notification.no-leader.timeout = 300s (custom)
2020-12-17 02:07:04,759 [pool-301-thread-1] INFO  server.RaftServerConfigKeys (ConfUtils.java:logGet(44)) - raft.server.log.use.memory = false (default)
2020-12-17 02:07:04,759 [pool-301-thread-1] INFO  server.RaftServerConfigKeys (ConfUtils.java:logGet(44)) - raft.server.log.purge.gap = 1000000 (custom)
2020-12-17 02:07:04,760 [pool-301-thread-1] INFO  metrics.RatisMetrics (RatisMetrics.java:lambda$create$0(36)) - Creating Metrics Registry : ratis.log_worker.9bbfc1fd-0495-41fe-87c7-bac1979a3990@group-D41B12127F4A
2020-12-17 02:07:04,760 [pool-301-thread-1] INFO  server.RaftServerConfigKeys (ConfUtils.java:logGet(44)) - raft.server.log.appender.buffer.byte-limit = 33554432 (custom)
2020-12-17 02:07:04,760 [pool-301-thread-1] INFO  server.RaftServerConfigKeys (ConfUtils.java:logGet(44)) - raft.server.log.segment.size.max = 1048576 (custom)
2020-12-17 02:07:04,760 [EventQueue-PipelineReportForOneReplicaPipelineSafeModeRule] INFO  safemode.SCMSafeModeManager (SCMSafeModeManager.java:validateSafeModeExitRules(214)) - AtleastOneDatanodeReportedRule rule is successfully validated
2020-12-17 02:07:04,760 [EventQueue-PipelineReportForPipelineReportHandler] INFO  pipeline.PipelineStateManager (PipelineStateManager.java:openPipeline(132)) - Pipeline Pipeline[ Id: 3830245e-a07d-4120-a216-d41b12127f4a, Nodes: 9bbfc1fd-0495-41fe-87c7-bac1979a3990{ip: 172.17.0.2, host: 89b9adae2c19, networkLocation: /default-rack, certSerialId: null, persistedOpState: IN_SERVICE, persistedOpStateExpiryEpochSec: 0}, Type:RATIS, Factor:ONE, State:ALLOCATED, leaderId:9bbfc1fd-0495-41fe-87c7-bac1979a3990, CreationTimestamp2020-12-17T02:07:01.755Z] moved to OPEN state
2020-12-17 02:07:04,761 [EventQueue-OpenPipelineForHealthyPipelineSafeModeRule] INFO  safemode.SCMSafeModeManager (HealthyPipelineSafeModeRule.java:process(128)) - SCM in safe mode. Healthy pipelines reported count is 0, required healthy pipeline reported count is 1
2020-12-17 02:07:04,761 [pool-301-thread-1] INFO  server.RaftServerConfigKeys (ConfUtils.java:logGet(44)) - raft.server.log.segment.cache.num.max = 2 (custom)
2020-12-17 02:07:04,762 [pool-301-thread-1] INFO  segmented.SegmentedRaftLogWorker (SegmentedRaftLogWorker.java:<init>(180)) - new 9bbfc1fd-0495-41fe-87c7-bac1979a3990@group-D41B12127F4A-SegmentedRaftLogWorker for RaftStorage:Storage Directory /github/workspace/mnt/ozone/hadoop-ozone/integration-test/target/test-dir/MiniOzoneClusterImpl-b9724c50-03f5-4055-971c-7bf7c5f09f05/datanode-4/data/ratis/3830245e-a07d-4120-a216-d41b12127f4a
2020-12-17 02:07:04,762 [pool-301-thread-1] INFO  server.RaftServerConfigKeys (ConfUtils.java:logGet(44)) - raft.server.log.queue.byte-limit = 2147483647 (custom)
2020-12-17 02:07:04,763 [pool-301-thread-1] INFO  server.RaftServerConfigKeys (ConfUtils.java:logGet(44)) - raft.server.log.queue.element-limit = 1024 (custom)
2020-12-17 02:07:04,763 [pool-301-thread-1] INFO  server.RaftServerConfigKeys (ConfUtils.java:logGet(44)) - raft.server.log.segment.size.max = 1048576 (custom)
2020-12-17 02:07:04,763 [pool-301-thread-1] INFO  server.RaftServerConfigKeys (ConfUtils.java:logGet(44)) - raft.server.log.preallocated.size = 16384 (custom)
2020-12-17 02:07:04,763 [pool-301-thread-1] INFO  server.RaftServerConfigKeys (ConfUtils.java:logGet(44)) - raft.server.log.write.buffer.size = 1048576 (custom)
2020-12-17 02:07:04,763 [pool-301-thread-1] INFO  server.RaftServerConfigKeys (ConfUtils.java:logGet(44)) - raft.server.log.force.sync.num = 128 (default)
2020-12-17 02:07:04,763 [pool-301-thread-1] INFO  server.RaftServerConfigKeys (ConfUtils.java:logGet(44)) - raft.server.log.statemachine.data.sync = true (default)
2020-12-17 02:07:04,763 [pool-301-thread-1] INFO  server.RaftServerConfigKeys (ConfUtils.java:logGet(44)) - raft.server.log.statemachine.data.sync.timeout = 10s (default)
2020-12-17 02:07:04,763 [pool-301-thread-1] INFO  server.RaftServerConfigKeys (ConfUtils.java:logGet(44)) - raft.server.log.statemachine.data.sync.timeout.retry = -1 (default)
2020-12-17 02:07:04,766 [pool-301-thread-1] INFO  server.RaftServerConfigKeys (ConfUtils.java:logGet(44)) - raft.server.log.statemachine.data.caching.enabled = true (custom)
2020-12-17 02:07:04,766 [pool-301-thread-1] INFO  segmented.SegmentedRaftLogWorker (SegmentedRaftLogWorker.java:lambda$new$0(129)) - 9bbfc1fd-0495-41fe-87c7-bac1979a3990@group-D41B12127F4A-SegmentedRaftLogWorker: flushIndex: setUnconditionally 0 -> -1
2020-12-17 02:07:04,766 [pool-301-thread-1] INFO  segmented.SegmentedRaftLogWorker (SegmentedRaftLogWorker.java:lambda$new$0(129)) - 9bbfc1fd-0495-41fe-87c7-bac1979a3990@group-D41B12127F4A-SegmentedRaftLogWorker: safeCacheEvictIndex: setUnconditionally 0 -> -1
2020-12-17 02:07:04,766 [pool-301-thread-1] INFO  server.RaftServerConfigKeys (ConfUtils.java:logGet(44)) - raft.server.snapshot.auto.trigger.enabled = true (custom)
2020-12-17 02:07:04,766 [pool-301-thread-1] INFO  server.RaftServerConfigKeys (ConfUtils.java:logGet(44)) - raft.server.snapshot.auto.trigger.threshold = 10000 (custom)
2020-12-17 02:07:04,767 [pool-301-thread-1] INFO  server.RaftServerConfigKeys (ConfUtils.java:logGet(44)) - raft.server.snapshot.retention.file.num = 5 (custom)
2020-12-17 02:07:04,767 [pool-301-thread-1] INFO  server.RaftServerConfigKeys (ConfUtils.java:logGet(44)) - raft.server.log.purge.upto.snapshot.index = false (default)
2020-12-17 02:07:04,767 [pool-301-thread-1] INFO  server.RaftServerConfigKeys (ConfUtils.java:logGet(44)) - raft.server.retrycache.expirytime = 600000ms (custom)
2020-12-17 02:07:04,767 [pool-301-thread-1] INFO  metrics.RatisMetrics (RatisMetrics.java:lambda$create$0(36)) - Creating Metrics Registry : ratis.leader_election.9bbfc1fd-0495-41fe-87c7-bac1979a3990@group-D41B12127F4A
2020-12-17 02:07:04,767 [pool-301-thread-1] INFO  metrics.RatisMetrics (RatisMetrics.java:lambda$create$0(36)) - Creating Metrics Registry : ratis.server.9bbfc1fd-0495-41fe-87c7-bac1979a3990@group-D41B12127F4A
2020-12-17 02:07:04,768 [pool-301-thread-1] INFO  impl.RaftServerImpl (RaftServerImpl.java:start(215)) - 9bbfc1fd-0495-41fe-87c7-bac1979a3990@group-D41B12127F4A: start as a follower, conf=-1: [9bbfc1fd-0495-41fe-87c7-bac1979a3990|rpc:172.17.0.2:34535], old=null
2020-12-17 02:07:04,768 [pool-301-thread-1] INFO  impl.RaftServerImpl (RaftServerImpl.java:setRole(204)) - 9bbfc1fd-0495-41fe-87c7-bac1979a3990@group-D41B12127F4A: changes role from      null to FOLLOWER at term 0 for startAsFollower
2020-12-17 02:07:04,768 [pool-301-thread-1] INFO  impl.RoleInfo (RoleInfo.java:updateAndGet(143)) - 9bbfc1fd-0495-41fe-87c7-bac1979a3990: start 9bbfc1fd-0495-41fe-87c7-bac1979a3990@group-D41B12127F4A-FollowerState
2020-12-17 02:07:04,769 [pool-301-thread-1] INFO  util.JmxRegister (JmxRegister.java:tryRegister(44)) - Successfully registered JMX Bean with object name Ratis:service=RaftServer,group=group-D41B12127F4A,id=9bbfc1fd-0495-41fe-87c7-bac1979a3990
2020-12-17 02:07:04,769 [pool-301-thread-1] INFO  metrics.RatisMetrics (RatisMetrics.java:lambda$create$0(36)) - Creating Metrics Registry : ratis.state_machine.9bbfc1fd-0495-41fe-87c7-bac1979a3990@group-D41B12127F4A
2020-12-17 02:07:04,770 [Command processor thread] INFO  commandhandler.CreatePipelineCommandHandler (CreatePipelineCommandHandler.java:handle(106)) - Created Pipeline RATIS ONE PipelineID=3830245e-a07d-4120-a216-d41b12127f4a.
2020-12-17 02:07:04,940 [EventQueue-PipelineReportForOneReplicaPipelineSafeModeRule] INFO  safemode.SCMSafeModeManager (SCMSafeModeManager.java:validateSafeModeExitRules(214)) - AtleastOneDatanodeReportedRule rule is successfully validated
2020-12-17 02:07:04,940 [EventQueue-OpenPipelineForHealthyPipelineSafeModeRule] INFO  safemode.SCMSafeModeManager (HealthyPipelineSafeModeRule.java:process(128)) - SCM in safe mode. Healthy pipelines reported count is 0, required healthy pipeline reported count is 1
2020-12-17 02:07:04,958 [Command processor thread] INFO  impl.RaftServerProxy (RaftServerProxy.java:addNew(93)) - a9b97122-ab75-4dd8-b0be-c80a7b4aee3e: addNew group-2D332C029D89:[a9b97122-ab75-4dd8-b0be-c80a7b4aee3e|rpc:172.17.0.2:44997] returns group-2D332C029D89:java.util.concurrent.CompletableFuture@531171c4[Not completed]
2020-12-17 02:07:04,959 [pool-317-thread-1] INFO  impl.RaftServerImpl (RaftServerImpl.java:<init>(121)) - a9b97122-ab75-4dd8-b0be-c80a7b4aee3e: new RaftServerImpl for group-2D332C029D89:[a9b97122-ab75-4dd8-b0be-c80a7b4aee3e|rpc:172.17.0.2:44997] with ContainerStateMachine:uninitialized
2020-12-17 02:07:04,959 [pool-317-thread-1] INFO  server.RaftServerConfigKeys (ConfUtils.java:logGet(44)) - raft.server.rpc.timeout.min = 5s (custom)
2020-12-17 02:07:04,959 [pool-317-thread-1] INFO  server.RaftServerConfigKeys (ConfUtils.java:logGet(44)) - raft.server.rpc.timeout.max = 5200ms (custom)
2020-12-17 02:07:04,959 [pool-317-thread-1] INFO  server.RaftServerConfigKeys (ConfUtils.java:logGet(44)) - raft.server.rpc.slowness.timeout = 300s (custom)
2020-12-17 02:07:04,959 [pool-317-thread-1] INFO  server.RaftServerConfigKeys (ConfUtils.java:logGet(44)) - raft.server.leaderelection.leader.step-down.wait-time = 10s (default)
2020-12-17 02:07:04,959 [pool-317-thread-1] INFO  server.RaftServerConfigKeys (ConfUtils.java:logGet(44)) - raft.server.sleep.deviation.threshold = 300 (default)
2020-12-17 02:07:04,960 [pool-317-thread-1] INFO  server.RaftServerConfigKeys (ConfUtils.java:logGet(44)) - raft.server.log.appender.install.snapshot.enabled = false (custom)
2020-12-17 02:07:04,960 [pool-317-thread-1] INFO  impl.RaftServerImpl (ServerState.java:<init>(104)) - a9b97122-ab75-4dd8-b0be-c80a7b4aee3e@group-2D332C029D89: ConfigurationManager, init=-1: [a9b97122-ab75-4dd8-b0be-c80a7b4aee3e|rpc:172.17.0.2:44997], old=null, confs=<EMPTY_MAP>
2020-12-17 02:07:04,960 [pool-317-thread-1] INFO  server.RaftServerConfigKeys (ConfUtils.java:logGet(44)) - raft.server.storage.dir = [/github/workspace/mnt/ozone/hadoop-ozone/integration-test/target/test-dir/MiniOzoneClusterImpl-b9724c50-03f5-4055-971c-7bf7c5f09f05/datanode-5/data/ratis] (custom)
2020-12-17 02:07:04,960 [pool-317-thread-1] INFO  server.RaftServerConfigKeys (ConfUtils.java:logGet(44)) - raft.server.log.corruption.policy = EXCEPTION (default)
2020-12-17 02:07:04,960 [pool-317-thread-1] INFO  storage.RaftStorageDirectory (RaftStorageDirectory.java:analyzeStorage(261)) - The storage directory /github/workspace/mnt/ozone/hadoop-ozone/integration-test/target/test-dir/MiniOzoneClusterImpl-b9724c50-03f5-4055-971c-7bf7c5f09f05/datanode-5/data/ratis/867e0515-6171-4b8e-85e5-2d332c029d89 does not exist. Creating ...
2020-12-17 02:07:04,961 [pool-317-thread-1] INFO  storage.RaftStorageDirectory (RaftStorageDirectory.java:tryLock(343)) - Lock on /github/workspace/mnt/ozone/hadoop-ozone/integration-test/target/test-dir/MiniOzoneClusterImpl-b9724c50-03f5-4055-971c-7bf7c5f09f05/datanode-5/data/ratis/867e0515-6171-4b8e-85e5-2d332c029d89/in_use.lock acquired by nodename 8093@89b9adae2c19
2020-12-17 02:07:04,962 [Listener at 127.0.0.1/44995] INFO  ozone.MiniOzoneClusterImpl (MiniOzoneClusterImpl.java:lambda$waitForClusterToBeReady$0(178)) - Nodes are ready. Got 6 of 6 DN Heartbeats.
2020-12-17 02:07:04,962 [Listener at 127.0.0.1/44995] INFO  ozone.MiniOzoneClusterImpl (MiniOzoneClusterImpl.java:lambda$waitForClusterToBeReady$0(181)) - Waiting for cluster to exit safe mode
2020-12-17 02:07:04,962 [pool-317-thread-1] INFO  storage.RaftStorage (RaftStorage.java:format(85)) - Storage directory /github/workspace/mnt/ozone/hadoop-ozone/integration-test/target/test-dir/MiniOzoneClusterImpl-b9724c50-03f5-4055-971c-7bf7c5f09f05/datanode-5/data/ratis/867e0515-6171-4b8e-85e5-2d332c029d89 has been successfully formatted.
2020-12-17 02:07:04,963 [pool-317-thread-1] INFO  ratis.ContainerStateMachine (ContainerStateMachine.java:loadSnapshot(225)) - group-2D332C029D89: The snapshot info is null. Setting the last applied indexto:(t:0, i:~)
2020-12-17 02:07:04,963 [pool-317-thread-1] INFO  server.RaftServerConfigKeys (ConfUtils.java:logGet(44)) - raft.server.notification.no-leader.timeout = 300s (custom)
2020-12-17 02:07:04,963 [pool-317-thread-1] INFO  server.RaftServerConfigKeys (ConfUtils.java:logGet(44)) - raft.server.log.use.memory = false (default)
2020-12-17 02:07:04,964 [EventQueue-PipelineReportForPipelineReportHandler] INFO  pipeline.PipelineStateManager (PipelineStateManager.java:openPipeline(132)) - Pipeline Pipeline[ Id: 867e0515-6171-4b8e-85e5-2d332c029d89, Nodes: a9b97122-ab75-4dd8-b0be-c80a7b4aee3e{ip: 172.17.0.2, host: 89b9adae2c19, networkLocation: /default-rack, certSerialId: null, persistedOpState: IN_SERVICE, persistedOpStateExpiryEpochSec: 0}, Type:RATIS, Factor:ONE, State:ALLOCATED, leaderId:a9b97122-ab75-4dd8-b0be-c80a7b4aee3e, CreationTimestamp2020-12-17T02:07:01.960Z] moved to OPEN state
2020-12-17 02:07:04,964 [EventQueue-PipelineReportForOneReplicaPipelineSafeModeRule] INFO  safemode.SCMSafeModeManager (SCMSafeModeManager.java:validateSafeModeExitRules(214)) - AtleastOneDatanodeReportedRule rule is successfully validated
2020-12-17 02:07:04,964 [EventQueue-OpenPipelineForHealthyPipelineSafeModeRule] INFO  safemode.SCMSafeModeManager (HealthyPipelineSafeModeRule.java:process(128)) - SCM in safe mode. Healthy pipelines reported count is 0, required healthy pipeline reported count is 1
2020-12-17 02:07:04,964 [pool-317-thread-1] INFO  server.RaftServerConfigKeys (ConfUtils.java:logGet(44)) - raft.server.log.purge.gap = 1000000 (custom)
2020-12-17 02:07:04,965 [pool-317-thread-1] INFO  metrics.RatisMetrics (RatisMetrics.java:lambda$create$0(36)) - Creating Metrics Registry : ratis.log_worker.a9b97122-ab75-4dd8-b0be-c80a7b4aee3e@group-2D332C029D89
2020-12-17 02:07:04,965 [pool-317-thread-1] INFO  server.RaftServerConfigKeys (ConfUtils.java:logGet(44)) - raft.server.log.appender.buffer.byte-limit = 33554432 (custom)
2020-12-17 02:07:04,965 [pool-317-thread-1] INFO  server.RaftServerConfigKeys (ConfUtils.java:logGet(44)) - raft.server.log.segment.size.max = 1048576 (custom)
2020-12-17 02:07:04,966 [pool-317-thread-1] INFO  server.RaftServerConfigKeys (ConfUtils.java:logGet(44)) - raft.server.log.segment.cache.num.max = 2 (custom)
2020-12-17 02:07:04,966 [pool-317-thread-1] INFO  segmented.SegmentedRaftLogWorker (SegmentedRaftLogWorker.java:<init>(180)) - new a9b97122-ab75-4dd8-b0be-c80a7b4aee3e@group-2D332C029D89-SegmentedRaftLogWorker for RaftStorage:Storage Directory /github/workspace/mnt/ozone/hadoop-ozone/integration-test/target/test-dir/MiniOzoneClusterImpl-b9724c50-03f5-4055-971c-7bf7c5f09f05/datanode-5/data/ratis/867e0515-6171-4b8e-85e5-2d332c029d89
2020-12-17 02:07:04,966 [pool-317-thread-1] INFO  server.RaftServerConfigKeys (ConfUtils.java:logGet(44)) - raft.server.log.queue.byte-limit = 2147483647 (custom)
2020-12-17 02:07:04,966 [pool-317-thread-1] INFO  server.RaftServerConfigKeys (ConfUtils.java:logGet(44)) - raft.server.log.queue.element-limit = 1024 (custom)
2020-12-17 02:07:04,966 [pool-317-thread-1] INFO  server.RaftServerConfigKeys (ConfUtils.java:logGet(44)) - raft.server.log.segment.size.max = 1048576 (custom)
2020-12-17 02:07:04,966 [pool-317-thread-1] INFO  server.RaftServerConfigKeys (ConfUtils.java:logGet(44)) - raft.server.log.preallocated.size = 16384 (custom)
2020-12-17 02:07:04,966 [pool-317-thread-1] INFO  server.RaftServerConfigKeys (ConfUtils.java:logGet(44)) - raft.server.log.write.buffer.size = 1048576 (custom)
2020-12-17 02:07:04,967 [pool-317-thread-1] INFO  server.RaftServerConfigKeys (ConfUtils.java:logGet(44)) - raft.server.log.force.sync.num = 128 (default)
2020-12-17 02:07:04,967 [pool-317-thread-1] INFO  server.RaftServerConfigKeys (ConfUtils.java:logGet(44)) - raft.server.log.statemachine.data.sync = true (default)
2020-12-17 02:07:04,967 [pool-317-thread-1] INFO  server.RaftServerConfigKeys (ConfUtils.java:logGet(44)) - raft.server.log.statemachine.data.sync.timeout = 10s (default)
2020-12-17 02:07:04,967 [pool-317-thread-1] INFO  server.RaftServerConfigKeys (ConfUtils.java:logGet(44)) - raft.server.log.statemachine.data.sync.timeout.retry = -1 (default)
2020-12-17 02:07:04,969 [pool-317-thread-1] INFO  server.RaftServerConfigKeys (ConfUtils.java:logGet(44)) - raft.server.log.statemachine.data.caching.enabled = true (custom)
2020-12-17 02:07:04,969 [pool-317-thread-1] INFO  segmented.SegmentedRaftLogWorker (SegmentedRaftLogWorker.java:lambda$new$0(129)) - a9b97122-ab75-4dd8-b0be-c80a7b4aee3e@group-2D332C029D89-SegmentedRaftLogWorker: flushIndex: setUnconditionally 0 -> -1
2020-12-17 02:07:04,969 [pool-317-thread-1] INFO  segmented.SegmentedRaftLogWorker (SegmentedRaftLogWorker.java:lambda$new$0(129)) - a9b97122-ab75-4dd8-b0be-c80a7b4aee3e@group-2D332C029D89-SegmentedRaftLogWorker: safeCacheEvictIndex: setUnconditionally 0 -> -1
2020-12-17 02:07:04,970 [pool-317-thread-1] INFO  server.RaftServerConfigKeys (ConfUtils.java:logGet(44)) - raft.server.snapshot.auto.trigger.enabled = true (custom)
2020-12-17 02:07:04,970 [pool-317-thread-1] INFO  server.RaftServerConfigKeys (ConfUtils.java:logGet(44)) - raft.server.snapshot.auto.trigger.threshold = 10000 (custom)
2020-12-17 02:07:04,971 [pool-317-thread-1] INFO  server.RaftServerConfigKeys (ConfUtils.java:logGet(44)) - raft.server.snapshot.retention.file.num = 5 (custom)
2020-12-17 02:07:04,971 [pool-317-thread-1] INFO  server.RaftServerConfigKeys (ConfUtils.java:logGet(44)) - raft.server.log.purge.upto.snapshot.index = false (default)
2020-12-17 02:07:04,971 [pool-317-thread-1] INFO  server.RaftServerConfigKeys (ConfUtils.java:logGet(44)) - raft.server.retrycache.expirytime = 600000ms (custom)
2020-12-17 02:07:04,971 [pool-317-thread-1] INFO  metrics.RatisMetrics (RatisMetrics.java:lambda$create$0(36)) - Creating Metrics Registry : ratis.leader_election.a9b97122-ab75-4dd8-b0be-c80a7b4aee3e@group-2D332C029D89
2020-12-17 02:07:04,971 [pool-317-thread-1] INFO  metrics.RatisMetrics (RatisMetrics.java:lambda$create$0(36)) - Creating Metrics Registry : ratis.server.a9b97122-ab75-4dd8-b0be-c80a7b4aee3e@group-2D332C029D89
2020-12-17 02:07:04,972 [pool-317-thread-1] INFO  impl.RaftServerImpl (RaftServerImpl.java:start(215)) - a9b97122-ab75-4dd8-b0be-c80a7b4aee3e@group-2D332C029D89: start as a follower, conf=-1: [a9b97122-ab75-4dd8-b0be-c80a7b4aee3e|rpc:172.17.0.2:44997], old=null
2020-12-17 02:07:04,972 [pool-317-thread-1] INFO  impl.RaftServerImpl (RaftServerImpl.java:setRole(204)) - a9b97122-ab75-4dd8-b0be-c80a7b4aee3e@group-2D332C029D89: changes role from      null to FOLLOWER at term 0 for startAsFollower
2020-12-17 02:07:04,972 [pool-317-thread-1] INFO  impl.RoleInfo (RoleInfo.java:updateAndGet(143)) - a9b97122-ab75-4dd8-b0be-c80a7b4aee3e: start a9b97122-ab75-4dd8-b0be-c80a7b4aee3e@group-2D332C029D89-FollowerState
2020-12-17 02:07:04,976 [pool-317-thread-1] INFO  util.JmxRegister (JmxRegister.java:tryRegister(44)) - Successfully registered JMX Bean with object name Ratis:service=RaftServer,group=group-2D332C029D89,id=a9b97122-ab75-4dd8-b0be-c80a7b4aee3e
2020-12-17 02:07:04,977 [pool-317-thread-1] INFO  metrics.RatisMetrics (RatisMetrics.java:lambda$create$0(36)) - Creating Metrics Registry : ratis.state_machine.a9b97122-ab75-4dd8-b0be-c80a7b4aee3e@group-2D332C029D89
2020-12-17 02:07:04,981 [Command processor thread] INFO  commandhandler.CreatePipelineCommandHandler (CreatePipelineCommandHandler.java:handle(106)) - Created Pipeline RATIS ONE PipelineID=867e0515-6171-4b8e-85e5-2d332c029d89.
2020-12-17 02:07:05,108 [EventQueue-PipelineReportForOneReplicaPipelineSafeModeRule] INFO  safemode.SCMSafeModeManager (SCMSafeModeManager.java:validateSafeModeExitRules(214)) - AtleastOneDatanodeReportedRule rule is successfully validated
2020-12-17 02:07:05,109 [EventQueue-OpenPipelineForHealthyPipelineSafeModeRule] INFO  safemode.SCMSafeModeManager (HealthyPipelineSafeModeRule.java:process(128)) - SCM in safe mode. Healthy pipelines reported count is 0, required healthy pipeline reported count is 1
2020-12-17 02:07:05,346 [EventQueue-OpenPipelineForHealthyPipelineSafeModeRule] INFO  safemode.SCMSafeModeManager (HealthyPipelineSafeModeRule.java:process(128)) - SCM in safe mode. Healthy pipelines reported count is 0, required healthy pipeline reported count is 1
2020-12-17 02:07:05,346 [EventQueue-PipelineReportForOneReplicaPipelineSafeModeRule] INFO  safemode.SCMSafeModeManager (SCMSafeModeManager.java:validateSafeModeExitRules(214)) - AtleastOneDatanodeReportedRule rule is successfully validated
2020-12-17 02:07:05,571 [EventQueue-OpenPipelineForHealthyPipelineSafeModeRule] INFO  safemode.SCMSafeModeManager (HealthyPipelineSafeModeRule.java:process(128)) - SCM in safe mode. Healthy pipelines reported count is 0, required healthy pipeline reported count is 1
2020-12-17 02:07:05,572 [EventQueue-PipelineReportForOneReplicaPipelineSafeModeRule] INFO  safemode.SCMSafeModeManager (SCMSafeModeManager.java:validateSafeModeExitRules(214)) - AtleastOneDatanodeReportedRule rule is successfully validated
2020-12-17 02:07:05,760 [EventQueue-PipelineReportForOneReplicaPipelineSafeModeRule] INFO  safemode.SCMSafeModeManager (SCMSafeModeManager.java:validateSafeModeExitRules(214)) - AtleastOneDatanodeReportedRule rule is successfully validated
2020-12-17 02:07:05,760 [EventQueue-OpenPipelineForHealthyPipelineSafeModeRule] INFO  safemode.SCMSafeModeManager (HealthyPipelineSafeModeRule.java:process(128)) - SCM in safe mode. Healthy pipelines reported count is 0, required healthy pipeline reported count is 1
2020-12-17 02:07:05,940 [EventQueue-OpenPipelineForHealthyPipelineSafeModeRule] INFO  safemode.SCMSafeModeManager (HealthyPipelineSafeModeRule.java:process(128)) - SCM in safe mode. Healthy pipelines reported count is 0, required healthy pipeline reported count is 1
2020-12-17 02:07:05,941 [EventQueue-PipelineReportForOneReplicaPipelineSafeModeRule] INFO  safemode.SCMSafeModeManager (SCMSafeModeManager.java:validateSafeModeExitRules(214)) - AtleastOneDatanodeReportedRule rule is successfully validated
2020-12-17 02:07:05,962 [Listener at 127.0.0.1/44995] INFO  ozone.MiniOzoneClusterImpl (MiniOzoneClusterImpl.java:lambda$waitForClusterToBeReady$0(178)) - Nodes are ready. Got 6 of 6 DN Heartbeats.
2020-12-17 02:07:05,963 [Listener at 127.0.0.1/44995] INFO  ozone.MiniOzoneClusterImpl (MiniOzoneClusterImpl.java:lambda$waitForClusterToBeReady$0(181)) - Waiting for cluster to exit safe mode
2020-12-17 02:07:05,964 [EventQueue-PipelineReportForOneReplicaPipelineSafeModeRule] INFO  safemode.SCMSafeModeManager (SCMSafeModeManager.java:validateSafeModeExitRules(214)) - AtleastOneDatanodeReportedRule rule is successfully validated
2020-12-17 02:07:05,964 [EventQueue-OpenPipelineForHealthyPipelineSafeModeRule] INFO  safemode.SCMSafeModeManager (HealthyPipelineSafeModeRule.java:process(128)) - SCM in safe mode. Healthy pipelines reported count is 0, required healthy pipeline reported count is 1
2020-12-17 02:07:06,108 [EventQueue-PipelineReportForOneReplicaPipelineSafeModeRule] INFO  safemode.SCMSafeModeManager (SCMSafeModeManager.java:validateSafeModeExitRules(214)) - AtleastOneDatanodeReportedRule rule is successfully validated
2020-12-17 02:07:06,108 [EventQueue-OpenPipelineForHealthyPipelineSafeModeRule] INFO  safemode.SCMSafeModeManager (HealthyPipelineSafeModeRule.java:process(128)) - SCM in safe mode. Healthy pipelines reported count is 0, required healthy pipeline reported count is 1
2020-12-17 02:07:06,346 [EventQueue-PipelineReportForOneReplicaPipelineSafeModeRule] INFO  safemode.SCMSafeModeManager (SCMSafeModeManager.java:validateSafeModeExitRules(214)) - AtleastOneDatanodeReportedRule rule is successfully validated
2020-12-17 02:07:06,346 [EventQueue-OpenPipelineForHealthyPipelineSafeModeRule] INFO  safemode.SCMSafeModeManager (HealthyPipelineSafeModeRule.java:process(128)) - SCM in safe mode. Healthy pipelines reported count is 0, required healthy pipeline reported count is 1
2020-12-17 02:07:06,571 [EventQueue-PipelineReportForOneReplicaPipelineSafeModeRule] INFO  safemode.SCMSafeModeManager (SCMSafeModeManager.java:validateSafeModeExitRules(214)) - AtleastOneDatanodeReportedRule rule is successfully validated
2020-12-17 02:07:06,571 [EventQueue-OpenPipelineForHealthyPipelineSafeModeRule] INFO  safemode.SCMSafeModeManager (HealthyPipelineSafeModeRule.java:process(128)) - SCM in safe mode. Healthy pipelines reported count is 0, required healthy pipeline reported count is 1
2020-12-17 02:07:06,761 [EventQueue-OpenPipelineForHealthyPipelineSafeModeRule] INFO  safemode.SCMSafeModeManager (HealthyPipelineSafeModeRule.java:process(128)) - SCM in safe mode. Healthy pipelines reported count is 0, required healthy pipeline reported count is 1
2020-12-17 02:07:06,761 [EventQueue-PipelineReportForOneReplicaPipelineSafeModeRule] INFO  safemode.SCMSafeModeManager (SCMSafeModeManager.java:validateSafeModeExitRules(214)) - AtleastOneDatanodeReportedRule rule is successfully validated
2020-12-17 02:07:06,940 [EventQueue-PipelineReportForOneReplicaPipelineSafeModeRule] INFO  safemode.SCMSafeModeManager (SCMSafeModeManager.java:validateSafeModeExitRules(214)) - AtleastOneDatanodeReportedRule rule is successfully validated
2020-12-17 02:07:06,941 [EventQueue-OpenPipelineForHealthyPipelineSafeModeRule] INFO  safemode.SCMSafeModeManager (HealthyPipelineSafeModeRule.java:process(128)) - SCM in safe mode. Healthy pipelines reported count is 0, required healthy pipeline reported count is 1
2020-12-17 02:07:06,963 [Listener at 127.0.0.1/44995] INFO  ozone.MiniOzoneClusterImpl (MiniOzoneClusterImpl.java:lambda$waitForClusterToBeReady$0(178)) - Nodes are ready. Got 6 of 6 DN Heartbeats.
2020-12-17 02:07:06,963 [Listener at 127.0.0.1/44995] INFO  ozone.MiniOzoneClusterImpl (MiniOzoneClusterImpl.java:lambda$waitForClusterToBeReady$0(181)) - Waiting for cluster to exit safe mode
2020-12-17 02:07:06,964 [EventQueue-PipelineReportForOneReplicaPipelineSafeModeRule] INFO  safemode.SCMSafeModeManager (SCMSafeModeManager.java:validateSafeModeExitRules(214)) - AtleastOneDatanodeReportedRule rule is successfully validated
2020-12-17 02:07:06,964 [EventQueue-OpenPipelineForHealthyPipelineSafeModeRule] INFO  safemode.SCMSafeModeManager (HealthyPipelineSafeModeRule.java:process(128)) - SCM in safe mode. Healthy pipelines reported count is 0, required healthy pipeline reported count is 1
2020-12-17 02:07:07,108 [EventQueue-PipelineReportForOneReplicaPipelineSafeModeRule] INFO  safemode.SCMSafeModeManager (SCMSafeModeManager.java:validateSafeModeExitRules(214)) - AtleastOneDatanodeReportedRule rule is successfully validated
2020-12-17 02:07:07,108 [EventQueue-OpenPipelineForHealthyPipelineSafeModeRule] INFO  safemode.SCMSafeModeManager (HealthyPipelineSafeModeRule.java:process(128)) - SCM in safe mode. Healthy pipelines reported count is 0, required healthy pipeline reported count is 1
2020-12-17 02:07:07,347 [EventQueue-OpenPipelineForHealthyPipelineSafeModeRule] INFO  safemode.SCMSafeModeManager (HealthyPipelineSafeModeRule.java:process(128)) - SCM in safe mode. Healthy pipelines reported count is 0, required healthy pipeline reported count is 1
2020-12-17 02:07:07,347 [EventQueue-PipelineReportForOneReplicaPipelineSafeModeRule] INFO  safemode.SCMSafeModeManager (SCMSafeModeManager.java:validateSafeModeExitRules(214)) - AtleastOneDatanodeReportedRule rule is successfully validated
2020-12-17 02:07:07,571 [EventQueue-PipelineReportForOneReplicaPipelineSafeModeRule] INFO  safemode.SCMSafeModeManager (SCMSafeModeManager.java:validateSafeModeExitRules(214)) - AtleastOneDatanodeReportedRule rule is successfully validated
2020-12-17 02:07:07,571 [EventQueue-OpenPipelineForHealthyPipelineSafeModeRule] INFO  safemode.SCMSafeModeManager (HealthyPipelineSafeModeRule.java:process(128)) - SCM in safe mode. Healthy pipelines reported count is 0, required healthy pipeline reported count is 1
2020-12-17 02:07:07,761 [EventQueue-PipelineReportForOneReplicaPipelineSafeModeRule] INFO  safemode.SCMSafeModeManager (SCMSafeModeManager.java:validateSafeModeExitRules(214)) - AtleastOneDatanodeReportedRule rule is successfully validated
2020-12-17 02:07:07,761 [EventQueue-OpenPipelineForHealthyPipelineSafeModeRule] INFO  safemode.SCMSafeModeManager (HealthyPipelineSafeModeRule.java:process(128)) - SCM in safe mode. Healthy pipelines reported count is 0, required healthy pipeline reported count is 1
2020-12-17 02:07:07,940 [EventQueue-PipelineReportForOneReplicaPipelineSafeModeRule] INFO  safemode.SCMSafeModeManager (SCMSafeModeManager.java:validateSafeModeExitRules(214)) - AtleastOneDatanodeReportedRule rule is successfully validated
2020-12-17 02:07:07,940 [EventQueue-OpenPipelineForHealthyPipelineSafeModeRule] INFO  safemode.SCMSafeModeManager (HealthyPipelineSafeModeRule.java:process(128)) - SCM in safe mode. Healthy pipelines reported count is 0, required healthy pipeline reported count is 1
2020-12-17 02:07:07,963 [Listener at 127.0.0.1/44995] INFO  ozone.MiniOzoneClusterImpl (MiniOzoneClusterImpl.java:lambda$waitForClusterToBeReady$0(178)) - Nodes are ready. Got 6 of 6 DN Heartbeats.
2020-12-17 02:07:07,964 [Listener at 127.0.0.1/44995] INFO  ozone.MiniOzoneClusterImpl (MiniOzoneClusterImpl.java:lambda$waitForClusterToBeReady$0(181)) - Waiting for cluster to exit safe mode
2020-12-17 02:07:07,964 [EventQueue-OpenPipelineForHealthyPipelineSafeModeRule] INFO  safemode.SCMSafeModeManager (HealthyPipelineSafeModeRule.java:process(128)) - SCM in safe mode. Healthy pipelines reported count is 0, required healthy pipeline reported count is 1
2020-12-17 02:07:07,964 [EventQueue-PipelineReportForOneReplicaPipelineSafeModeRule] INFO  safemode.SCMSafeModeManager (SCMSafeModeManager.java:validateSafeModeExitRules(214)) - AtleastOneDatanodeReportedRule rule is successfully validated
2020-12-17 02:07:08,108 [EventQueue-OpenPipelineForHealthyPipelineSafeModeRule] INFO  safemode.SCMSafeModeManager (HealthyPipelineSafeModeRule.java:process(128)) - SCM in safe mode. Healthy pipelines reported count is 0, required healthy pipeline reported count is 1
2020-12-17 02:07:08,108 [EventQueue-PipelineReportForOneReplicaPipelineSafeModeRule] INFO  safemode.SCMSafeModeManager (SCMSafeModeManager.java:validateSafeModeExitRules(214)) - AtleastOneDatanodeReportedRule rule is successfully validated
2020-12-17 02:07:08,346 [EventQueue-OpenPipelineForHealthyPipelineSafeModeRule] INFO  safemode.SCMSafeModeManager (HealthyPipelineSafeModeRule.java:process(128)) - SCM in safe mode. Healthy pipelines reported count is 0, required healthy pipeline reported count is 1
2020-12-17 02:07:08,346 [EventQueue-PipelineReportForOneReplicaPipelineSafeModeRule] INFO  safemode.SCMSafeModeManager (SCMSafeModeManager.java:validateSafeModeExitRules(214)) - AtleastOneDatanodeReportedRule rule is successfully validated
2020-12-17 02:07:08,571 [EventQueue-PipelineReportForOneReplicaPipelineSafeModeRule] INFO  safemode.SCMSafeModeManager (SCMSafeModeManager.java:validateSafeModeExitRules(214)) - AtleastOneDatanodeReportedRule rule is successfully validated
2020-12-17 02:07:08,572 [EventQueue-OpenPipelineForHealthyPipelineSafeModeRule] INFO  safemode.SCMSafeModeManager (HealthyPipelineSafeModeRule.java:process(128)) - SCM in safe mode. Healthy pipelines reported count is 0, required healthy pipeline reported count is 1
2020-12-17 02:07:08,761 [EventQueue-OpenPipelineForHealthyPipelineSafeModeRule] INFO  safemode.SCMSafeModeManager (HealthyPipelineSafeModeRule.java:process(128)) - SCM in safe mode. Healthy pipelines reported count is 0, required healthy pipeline reported count is 1
2020-12-17 02:07:08,761 [EventQueue-PipelineReportForOneReplicaPipelineSafeModeRule] INFO  safemode.SCMSafeModeManager (SCMSafeModeManager.java:validateSafeModeExitRules(214)) - AtleastOneDatanodeReportedRule rule is successfully validated
2020-12-17 02:07:08,940 [EventQueue-OpenPipelineForHealthyPipelineSafeModeRule] INFO  safemode.SCMSafeModeManager (HealthyPipelineSafeModeRule.java:process(128)) - SCM in safe mode. Healthy pipelines reported count is 0, required healthy pipeline reported count is 1
2020-12-17 02:07:08,941 [EventQueue-PipelineReportForOneReplicaPipelineSafeModeRule] INFO  safemode.SCMSafeModeManager (SCMSafeModeManager.java:validateSafeModeExitRules(214)) - AtleastOneDatanodeReportedRule rule is successfully validated
2020-12-17 02:07:08,964 [Listener at 127.0.0.1/44995] INFO  ozone.MiniOzoneClusterImpl (MiniOzoneClusterImpl.java:lambda$waitForClusterToBeReady$0(178)) - Nodes are ready. Got 6 of 6 DN Heartbeats.
2020-12-17 02:07:08,964 [Listener at 127.0.0.1/44995] INFO  ozone.MiniOzoneClusterImpl (MiniOzoneClusterImpl.java:lambda$waitForClusterToBeReady$0(181)) - Waiting for cluster to exit safe mode
2020-12-17 02:07:08,964 [EventQueue-PipelineReportForOneReplicaPipelineSafeModeRule] INFO  safemode.SCMSafeModeManager (SCMSafeModeManager.java:validateSafeModeExitRules(214)) - AtleastOneDatanodeReportedRule rule is successfully validated
2020-12-17 02:07:08,964 [EventQueue-OpenPipelineForHealthyPipelineSafeModeRule] INFO  safemode.SCMSafeModeManager (HealthyPipelineSafeModeRule.java:process(128)) - SCM in safe mode. Healthy pipelines reported count is 0, required healthy pipeline reported count is 1
2020-12-17 02:07:09,015 [Thread-825] INFO  impl.FollowerState (FollowerState.java:run(128)) - ff0f44f6-234e-4444-8ce6-8a74f0a01736@group-B3368EE892E1-FollowerState: change to CANDIDATE, lastRpcTime:5069ms, electionTimeout:5069ms
2020-12-17 02:07:09,016 [Thread-825] INFO  impl.RoleInfo (RoleInfo.java:shutdownFollowerState(121)) - ff0f44f6-234e-4444-8ce6-8a74f0a01736: shutdown ff0f44f6-234e-4444-8ce6-8a74f0a01736@group-B3368EE892E1-FollowerState
2020-12-17 02:07:09,016 [Thread-825] INFO  impl.RaftServerImpl (RaftServerImpl.java:setRole(204)) - ff0f44f6-234e-4444-8ce6-8a74f0a01736@group-B3368EE892E1: changes role from  FOLLOWER to CANDIDATE at term 0 for changeToCandidate
2020-12-17 02:07:09,016 [Thread-825] INFO  impl.RoleInfo (RoleInfo.java:updateAndGet(143)) - ff0f44f6-234e-4444-8ce6-8a74f0a01736: start ff0f44f6-234e-4444-8ce6-8a74f0a01736@group-B3368EE892E1-LeaderElection10
2020-12-17 02:07:09,021 [Thread-823] INFO  impl.FollowerState (FollowerState.java:run(128)) - ff0f44f6-234e-4444-8ce6-8a74f0a01736@group-473CF7585990-FollowerState: change to CANDIDATE, lastRpcTime:5093ms, electionTimeout:5089ms
2020-12-17 02:07:09,021 [Thread-823] INFO  impl.RoleInfo (RoleInfo.java:shutdownFollowerState(121)) - ff0f44f6-234e-4444-8ce6-8a74f0a01736: shutdown ff0f44f6-234e-4444-8ce6-8a74f0a01736@group-473CF7585990-FollowerState
2020-12-17 02:07:09,021 [Thread-823] INFO  impl.RaftServerImpl (RaftServerImpl.java:setRole(204)) - ff0f44f6-234e-4444-8ce6-8a74f0a01736@group-473CF7585990: changes role from  FOLLOWER to CANDIDATE at term 0 for changeToCandidate
2020-12-17 02:07:09,021 [Thread-823] INFO  impl.RoleInfo (RoleInfo.java:updateAndGet(143)) - ff0f44f6-234e-4444-8ce6-8a74f0a01736: start ff0f44f6-234e-4444-8ce6-8a74f0a01736@group-473CF7585990-LeaderElection11
2020-12-17 02:07:09,025 [ff0f44f6-234e-4444-8ce6-8a74f0a01736@group-B3368EE892E1-LeaderElection10] INFO  impl.LeaderElection (LeaderElection.java:askForVotes(215)) - ff0f44f6-234e-4444-8ce6-8a74f0a01736@group-B3368EE892E1-LeaderElection10: begin an election at term 1 for -1: [754837be-208e-446d-9d6b-47f20359d127|rpc:172.17.0.2:42193, 11c9b167-23f2-44e1-aeb2-7325e8e405c1|rpc:172.17.0.2:45805, ff0f44f6-234e-4444-8ce6-8a74f0a01736|rpc:172.17.0.2:46533], old=null
2020-12-17 02:07:09,027 [ff0f44f6-234e-4444-8ce6-8a74f0a01736@group-473CF7585990-LeaderElection11] INFO  impl.LeaderElection (LeaderElection.java:askForVotes(215)) - ff0f44f6-234e-4444-8ce6-8a74f0a01736@group-473CF7585990-LeaderElection11: begin an election at term 1 for -1: [ff0f44f6-234e-4444-8ce6-8a74f0a01736|rpc:172.17.0.2:46533], old=null
2020-12-17 02:07:09,027 [ff0f44f6-234e-4444-8ce6-8a74f0a01736@group-473CF7585990-LeaderElection11] INFO  impl.RoleInfo (RoleInfo.java:shutdownLeaderElection(134)) - ff0f44f6-234e-4444-8ce6-8a74f0a01736: shutdown ff0f44f6-234e-4444-8ce6-8a74f0a01736@group-473CF7585990-LeaderElection11
2020-12-17 02:07:09,028 [ff0f44f6-234e-4444-8ce6-8a74f0a01736@group-473CF7585990-LeaderElection11] INFO  impl.RaftServerImpl (RaftServerImpl.java:setRole(204)) - ff0f44f6-234e-4444-8ce6-8a74f0a01736@group-473CF7585990: changes role from CANDIDATE to LEADER at term 1 for changeToLeader
2020-12-17 02:07:09,028 [ff0f44f6-234e-4444-8ce6-8a74f0a01736@group-473CF7585990-LeaderElection11] INFO  ratis.XceiverServerRatis (XceiverServerRatis.java:handleLeaderChangedNotification(854)) - Leader change notification received for group: group-473CF7585990 with new leaderId: ff0f44f6-234e-4444-8ce6-8a74f0a01736
2020-12-17 02:07:09,028 [ff0f44f6-234e-4444-8ce6-8a74f0a01736@group-473CF7585990-LeaderElection11] INFO  impl.RaftServerImpl (ServerState.java:setLeader(256)) - ff0f44f6-234e-4444-8ce6-8a74f0a01736@group-473CF7585990: change Leader from null to ff0f44f6-234e-4444-8ce6-8a74f0a01736 at term 1 for becomeLeader, leader elected after 5109ms
2020-12-17 02:07:09,028 [ff0f44f6-234e-4444-8ce6-8a74f0a01736@group-473CF7585990-LeaderElection11] INFO  server.RaftServerConfigKeys (ConfUtils.java:logGet(44)) - raft.server.staging.catchup.gap = 1000 (default)
2020-12-17 02:07:09,028 [ff0f44f6-234e-4444-8ce6-8a74f0a01736@group-473CF7585990-LeaderElection11] INFO  server.RaftServerConfigKeys (ConfUtils.java:logGet(44)) - raft.server.rpc.sleep.time = 25ms (default)
2020-12-17 02:07:09,028 [ff0f44f6-234e-4444-8ce6-8a74f0a01736@group-473CF7585990-LeaderElection11] INFO  metrics.RatisMetrics (RatisMetrics.java:lambda$create$0(36)) - Creating Metrics Registry : ratis.log_appender.ff0f44f6-234e-4444-8ce6-8a74f0a01736@group-473CF7585990
2020-12-17 02:07:09,028 [ff0f44f6-234e-4444-8ce6-8a74f0a01736@group-473CF7585990-LeaderElection11] INFO  server.RaftServerConfigKeys (ConfUtils.java:logGet(44)) - raft.server.write.element-limit = 1024 (custom)
2020-12-17 02:07:09,028 [ff0f44f6-234e-4444-8ce6-8a74f0a01736@group-473CF7585990-LeaderElection11] INFO  server.RaftServerConfigKeys (ConfUtils.java:logGet(44)) - raft.server.write.byte-limit = 1073741824 (custom)
2020-12-17 02:07:09,029 [ff0f44f6-234e-4444-8ce6-8a74f0a01736@group-473CF7585990-LeaderElection11] INFO  server.RaftServerConfigKeys (ConfUtils.java:logGet(44)) - raft.server.watch.timeout = 180s (custom)
2020-12-17 02:07:09,029 [EventQueue-OpenPipelineForHealthyPipelineSafeModeRule] INFO  safemode.SCMSafeModeManager (HealthyPipelineSafeModeRule.java:process(128)) - SCM in safe mode. Healthy pipelines reported count is 0, required healthy pipeline reported count is 1
2020-12-17 02:07:09,029 [ff0f44f6-234e-4444-8ce6-8a74f0a01736@group-473CF7585990-LeaderElection11] INFO  server.RaftServerConfigKeys (ConfUtils.java:logGet(44)) - raft.server.watch.timeout.denomination = 1s (default)
2020-12-17 02:07:09,029 [ff0f44f6-234e-4444-8ce6-8a74f0a01736@group-473CF7585990-LeaderElection11] INFO  server.RaftServerConfigKeys (ConfUtils.java:logGet(44)) - raft.server.watch.element-limit = 65536 (default)
2020-12-17 02:07:09,029 [EventQueue-PipelineReportForOneReplicaPipelineSafeModeRule] INFO  safemode.SCMSafeModeManager (SCMSafeModeManager.java:validateSafeModeExitRules(214)) - AtleastOneDatanodeReportedRule rule is successfully validated
2020-12-17 02:07:09,029 [ff0f44f6-234e-4444-8ce6-8a74f0a01736@group-473CF7585990-LeaderElection11] INFO  impl.RoleInfo (RoleInfo.java:updateAndGet(143)) - ff0f44f6-234e-4444-8ce6-8a74f0a01736: start ff0f44f6-234e-4444-8ce6-8a74f0a01736@group-473CF7585990-LeaderState
2020-12-17 02:07:09,030 [ff0f44f6-234e-4444-8ce6-8a74f0a01736@group-473CF7585990-LeaderElection11] INFO  segmented.SegmentedRaftLogWorker (SegmentedRaftLogWorker.java:startLogSegment(398)) - ff0f44f6-234e-4444-8ce6-8a74f0a01736@group-473CF7585990-SegmentedRaftLogWorker: Starting segment from index:0
2020-12-17 02:07:09,032 [ff0f44f6-234e-4444-8ce6-8a74f0a01736@group-473CF7585990-SegmentedRaftLogWorker] INFO  segmented.SegmentedRaftLogWorker (SegmentedRaftLogWorker.java:execute(597)) - ff0f44f6-234e-4444-8ce6-8a74f0a01736@group-473CF7585990-SegmentedRaftLogWorker: created new log segment /github/workspace/mnt/ozone/hadoop-ozone/integration-test/target/test-dir/MiniOzoneClusterImpl-b9724c50-03f5-4055-971c-7bf7c5f09f05/datanode-0/data/ratis/f2ba0671-3bd9-428f-9175-473cf7585990/current/log_inprogress_0
2020-12-17 02:07:09,038 [ff0f44f6-234e-4444-8ce6-8a74f0a01736@group-473CF7585990-LeaderElection11] INFO  impl.RaftServerImpl (ServerState.java:setRaftConf(374)) - ff0f44f6-234e-4444-8ce6-8a74f0a01736@group-473CF7585990: set configuration 0: [ff0f44f6-234e-4444-8ce6-8a74f0a01736|rpc:172.17.0.2:46533|dataStream:], old=null at 0
2020-12-17 02:07:09,039 [grpc-default-executor-1] INFO  impl.RaftServerImpl (RaftServerImpl.java:setRole(204)) - 754837be-208e-446d-9d6b-47f20359d127@group-B3368EE892E1: changes role from  FOLLOWER to FOLLOWER at term 1 for recognizeCandidate:ff0f44f6-234e-4444-8ce6-8a74f0a01736
2020-12-17 02:07:09,040 [grpc-default-executor-1] INFO  impl.RoleInfo (RoleInfo.java:shutdownFollowerState(121)) - 754837be-208e-446d-9d6b-47f20359d127: shutdown 754837be-208e-446d-9d6b-47f20359d127@group-B3368EE892E1-FollowerState
2020-12-17 02:07:09,040 [grpc-default-executor-1] INFO  impl.RoleInfo (RoleInfo.java:updateAndGet(143)) - 754837be-208e-446d-9d6b-47f20359d127: start 754837be-208e-446d-9d6b-47f20359d127@group-B3368EE892E1-FollowerState
2020-12-17 02:07:09,040 [Thread-827] INFO  impl.FollowerState (FollowerState.java:run(137)) - 754837be-208e-446d-9d6b-47f20359d127@group-B3368EE892E1-FollowerState was interrupted: {}
java.lang.InterruptedException: sleep interrupted
	at java.lang.Thread.sleep(Native Method)
	at org.apache.ratis.util.JavaUtils.sleep(JavaUtils.java:250)
	at org.apache.ratis.server.impl.FollowerState.run(FollowerState.java:116)
2020-12-17 02:07:09,040 [grpc-default-executor-1] INFO  impl.RaftServerImpl (RaftServerImpl.java:requestVote(963)) -  FOLLOWER 754837be-208e-446d-9d6b-47f20359d127@group-B3368EE892E1:t1, leader=null, voted=null, raftlog=754837be-208e-446d-9d6b-47f20359d127@group-B3368EE892E1-SegmentedRaftLog:OPENED:c-1,f-1,i0, conf=-1: [754837be-208e-446d-9d6b-47f20359d127|rpc:172.17.0.2:42193|dataStream:, 11c9b167-23f2-44e1-aeb2-7325e8e405c1|rpc:172.17.0.2:45805|dataStream:, ff0f44f6-234e-4444-8ce6-8a74f0a01736|rpc:172.17.0.2:46533|dataStream:], old=null RUNNING priority:0 candidate:ff0f44f6-234e-4444-8ce6-8a74f0a01736|rpc:172.17.0.2:46533|dataStream: candidatePriority:0 compare:0
2020-12-17 02:07:09,050 [ff0f44f6-234e-4444-8ce6-8a74f0a01736@group-B3368EE892E1-LeaderElection10] INFO  impl.LeaderElection (LeaderElection.java:logAndReturn(65)) - ff0f44f6-234e-4444-8ce6-8a74f0a01736@group-B3368EE892E1-LeaderElection10: Election PASSED; received 1 response(s) [ff0f44f6-234e-4444-8ce6-8a74f0a01736<-754837be-208e-446d-9d6b-47f20359d127#0:OK-t1] and 0 exception(s); ff0f44f6-234e-4444-8ce6-8a74f0a01736@group-B3368EE892E1:t1, leader=null, voted=ff0f44f6-234e-4444-8ce6-8a74f0a01736, raftlog=ff0f44f6-234e-4444-8ce6-8a74f0a01736@group-B3368EE892E1-SegmentedRaftLog:OPENED:c-1,f-1,i0, conf=-1: [754837be-208e-446d-9d6b-47f20359d127|rpc:172.17.0.2:42193, 11c9b167-23f2-44e1-aeb2-7325e8e405c1|rpc:172.17.0.2:45805, ff0f44f6-234e-4444-8ce6-8a74f0a01736|rpc:172.17.0.2:46533], old=null
2020-12-17 02:07:09,050 [ff0f44f6-234e-4444-8ce6-8a74f0a01736@group-B3368EE892E1-LeaderElection10] INFO  impl.RoleInfo (RoleInfo.java:shutdownLeaderElection(134)) - ff0f44f6-234e-4444-8ce6-8a74f0a01736: shutdown ff0f44f6-234e-4444-8ce6-8a74f0a01736@group-B3368EE892E1-LeaderElection10
2020-12-17 02:07:09,050 [ff0f44f6-234e-4444-8ce6-8a74f0a01736@group-B3368EE892E1-LeaderElection10] INFO  impl.RaftServerImpl (RaftServerImpl.java:setRole(204)) - ff0f44f6-234e-4444-8ce6-8a74f0a01736@group-B3368EE892E1: changes role from CANDIDATE to LEADER at term 1 for changeToLeader
2020-12-17 02:07:09,051 [ff0f44f6-234e-4444-8ce6-8a74f0a01736@group-B3368EE892E1-LeaderElection10] INFO  ratis.XceiverServerRatis (XceiverServerRatis.java:handleLeaderChangedNotification(854)) - Leader change notification received for group: group-B3368EE892E1 with new leaderId: ff0f44f6-234e-4444-8ce6-8a74f0a01736
2020-12-17 02:07:09,051 [ff0f44f6-234e-4444-8ce6-8a74f0a01736@group-B3368EE892E1-LeaderElection10] INFO  impl.RaftServerImpl (ServerState.java:setLeader(256)) - ff0f44f6-234e-4444-8ce6-8a74f0a01736@group-B3368EE892E1: change Leader from null to ff0f44f6-234e-4444-8ce6-8a74f0a01736 at term 1 for becomeLeader, leader elected after 5112ms
2020-12-17 02:07:09,051 [ff0f44f6-234e-4444-8ce6-8a74f0a01736@group-B3368EE892E1-LeaderElection10] INFO  server.RaftServerConfigKeys (ConfUtils.java:logGet(44)) - raft.server.staging.catchup.gap = 1000 (default)
2020-12-17 02:07:09,051 [ff0f44f6-234e-4444-8ce6-8a74f0a01736@group-B3368EE892E1-LeaderElection10] INFO  server.RaftServerConfigKeys (ConfUtils.java:logGet(44)) - raft.server.rpc.sleep.time = 25ms (default)
2020-12-17 02:07:09,051 [ff0f44f6-234e-4444-8ce6-8a74f0a01736@group-B3368EE892E1-LeaderElection10] INFO  metrics.RatisMetrics (RatisMetrics.java:lambda$create$0(36)) - Creating Metrics Registry : ratis.log_appender.ff0f44f6-234e-4444-8ce6-8a74f0a01736@group-B3368EE892E1
2020-12-17 02:07:09,051 [ff0f44f6-234e-4444-8ce6-8a74f0a01736@group-B3368EE892E1-LeaderElection10] INFO  server.RaftServerConfigKeys (ConfUtils.java:logGet(44)) - raft.server.write.element-limit = 1024 (custom)
2020-12-17 02:07:09,051 [ff0f44f6-234e-4444-8ce6-8a74f0a01736@group-B3368EE892E1-LeaderElection10] INFO  server.RaftServerConfigKeys (ConfUtils.java:logGet(44)) - raft.server.write.byte-limit = 1073741824 (custom)
2020-12-17 02:07:09,053 [EventQueue-PipelineReportForOneReplicaPipelineSafeModeRule] INFO  safemode.SCMSafeModeManager (SCMSafeModeManager.java:validateSafeModeExitRules(214)) - AtleastOneDatanodeReportedRule rule is successfully validated
2020-12-17 02:07:09,055 [EventQueue-PipelineReportForPipelineReportHandler] INFO  pipeline.PipelineStateManager (PipelineStateManager.java:openPipeline(132)) - Pipeline Pipeline[ Id: 328cd715-fe0f-49e5-9b2c-b3368ee892e1, Nodes: 754837be-208e-446d-9d6b-47f20359d127{ip: 172.17.0.2, host: 89b9adae2c19, networkLocation: /default-rack, certSerialId: null, persistedOpState: IN_SERVICE, persistedOpStateExpiryEpochSec: 0}ff0f44f6-234e-4444-8ce6-8a74f0a01736{ip: 172.17.0.2, host: 89b9adae2c19, networkLocation: /default-rack, certSerialId: null, persistedOpState: IN_SERVICE, persistedOpStateExpiryEpochSec: 0}11c9b167-23f2-44e1-aeb2-7325e8e405c1{ip: 172.17.0.2, host: 89b9adae2c19, networkLocation: /default-rack, certSerialId: null, persistedOpState: IN_SERVICE, persistedOpStateExpiryEpochSec: 0}, Type:RATIS, Factor:THREE, State:ALLOCATED, leaderId:ff0f44f6-234e-4444-8ce6-8a74f0a01736, CreationTimestamp2020-12-17T02:07:01.340Z] moved to OPEN state
2020-12-17 02:07:09,055 [EventQueue-OpenPipelineForHealthyPipelineSafeModeRule] INFO  safemode.SCMSafeModeManager (HealthyPipelineSafeModeRule.java:process(128)) - SCM in safe mode. Healthy pipelines reported count is 1, required healthy pipeline reported count is 1
2020-12-17 02:07:09,056 [EventQueue-OpenPipelineForHealthyPipelineSafeModeRule] INFO  safemode.SCMSafeModeManager (SCMSafeModeManager.java:validateSafeModeExitRules(214)) - HealthyPipelineSafeModeRule rule is successfully validated
2020-12-17 02:07:09,056 [EventQueue-OpenPipelineForHealthyPipelineSafeModeRule] INFO  safemode.SCMSafeModeManager (SCMSafeModeManager.java:validateSafeModeExitRules(228)) - ScmSafeModeManager, all rules are successfully validated
2020-12-17 02:07:09,056 [EventQueue-OpenPipelineForHealthyPipelineSafeModeRule] INFO  safemode.SCMSafeModeManager (SCMSafeModeManager.java:exitSafeMode(257)) - SCM exiting safe mode.
2020-12-17 02:07:09,056 [ff0f44f6-234e-4444-8ce6-8a74f0a01736@group-B3368EE892E1-LeaderElection10] INFO  server.RaftServerConfigKeys (ConfUtils.java:logGet(44)) - raft.server.watch.timeout = 180s (custom)
2020-12-17 02:07:09,066 [ff0f44f6-234e-4444-8ce6-8a74f0a01736@group-B3368EE892E1-LeaderElection10] INFO  server.RaftServerConfigKeys (ConfUtils.java:logGet(44)) - raft.server.watch.timeout.denomination = 1s (default)
2020-12-17 02:07:09,066 [ff0f44f6-234e-4444-8ce6-8a74f0a01736@group-B3368EE892E1-LeaderElection10] INFO  server.RaftServerConfigKeys (ConfUtils.java:logGet(44)) - raft.server.watch.element-limit = 65536 (default)
2020-12-17 02:07:09,066 [ff0f44f6-234e-4444-8ce6-8a74f0a01736@group-B3368EE892E1-LeaderElection10] INFO  server.RaftServerConfigKeys (ConfUtils.java:logGet(44)) - raft.server.log.appender.snapshot.chunk.size.max = 16MB (=16777216) (default)
2020-12-17 02:07:09,066 [ff0f44f6-234e-4444-8ce6-8a74f0a01736@group-B3368EE892E1-LeaderElection10] INFO  server.RaftServerConfigKeys (ConfUtils.java:logGet(44)) - raft.server.log.appender.buffer.byte-limit = 33554432 (custom)
2020-12-17 02:07:09,066 [ff0f44f6-234e-4444-8ce6-8a74f0a01736@group-B3368EE892E1-LeaderElection10] INFO  server.RaftServerConfigKeys (ConfUtils.java:logGet(44)) - raft.server.log.appender.buffer.element-limit = 1 (custom)
2020-12-17 02:07:09,066 [ff0f44f6-234e-4444-8ce6-8a74f0a01736@group-B3368EE892E1-LeaderElection10] INFO  grpc.GrpcConfigKeys (ConfUtils.java:logGet(44)) - raft.grpc.server.leader.outstanding.appends.max = 128 (default)
2020-12-17 02:07:09,067 [ff0f44f6-234e-4444-8ce6-8a74f0a01736@group-B3368EE892E1-LeaderElection10] INFO  server.RaftServerConfigKeys (ConfUtils.java:logGet(44)) - raft.server.rpc.request.timeout = 60s (custom)
2020-12-17 02:07:09,067 [ff0f44f6-234e-4444-8ce6-8a74f0a01736@group-B3368EE892E1-LeaderElection10] INFO  server.RaftServerConfigKeys (ConfUtils.java:logGet(44)) - raft.server.log.appender.install.snapshot.enabled = false (custom)
2020-12-17 02:07:09,067 [ff0f44f6-234e-4444-8ce6-8a74f0a01736@group-B3368EE892E1-LeaderElection10] INFO  metrics.RatisMetrics (RatisMetrics.java:lambda$create$0(36)) - Creating Metrics Registry : ratis_grpc.log_appender.ff0f44f6-234e-4444-8ce6-8a74f0a01736@group-B3368EE892E1
2020-12-17 02:07:09,068 [ff0f44f6-234e-4444-8ce6-8a74f0a01736@group-B3368EE892E1-LeaderElection10] INFO  server.RaftServerConfigKeys (ConfUtils.java:logGet(44)) - raft.server.log.appender.snapshot.chunk.size.max = 16MB (=16777216) (default)
2020-12-17 02:07:09,068 [ff0f44f6-234e-4444-8ce6-8a74f0a01736@group-B3368EE892E1-LeaderElection10] INFO  server.RaftServerConfigKeys (ConfUtils.java:logGet(44)) - raft.server.log.appender.buffer.byte-limit = 33554432 (custom)
2020-12-17 02:07:09,068 [ff0f44f6-234e-4444-8ce6-8a74f0a01736@group-B3368EE892E1-LeaderElection10] INFO  server.RaftServerConfigKeys (ConfUtils.java:logGet(44)) - raft.server.log.appender.buffer.element-limit = 1 (custom)
2020-12-17 02:07:09,068 [ff0f44f6-234e-4444-8ce6-8a74f0a01736@group-B3368EE892E1-LeaderElection10] INFO  grpc.GrpcConfigKeys (ConfUtils.java:logGet(44)) - raft.grpc.server.leader.outstanding.appends.max = 128 (default)
2020-12-17 02:07:09,068 [ff0f44f6-234e-4444-8ce6-8a74f0a01736@group-B3368EE892E1-LeaderElection10] INFO  server.RaftServerConfigKeys (ConfUtils.java:logGet(44)) - raft.server.rpc.request.timeout = 60s (custom)
2020-12-17 02:07:09,068 [ff0f44f6-234e-4444-8ce6-8a74f0a01736@group-B3368EE892E1-LeaderElection10] INFO  server.RaftServerConfigKeys (ConfUtils.java:logGet(44)) - raft.server.log.appender.install.snapshot.enabled = false (custom)
2020-12-17 02:07:09,066 [grpc-default-executor-0] INFO  impl.RaftServerImpl (RaftServerImpl.java:setRole(204)) - 11c9b167-23f2-44e1-aeb2-7325e8e405c1@group-B3368EE892E1: changes role from  FOLLOWER to FOLLOWER at term 1 for recognizeCandidate:ff0f44f6-234e-4444-8ce6-8a74f0a01736
2020-12-17 02:07:09,069 [grpc-default-executor-0] INFO  impl.RoleInfo (RoleInfo.java:shutdownFollowerState(121)) - 11c9b167-23f2-44e1-aeb2-7325e8e405c1: shutdown 11c9b167-23f2-44e1-aeb2-7325e8e405c1@group-B3368EE892E1-FollowerState
2020-12-17 02:07:09,070 [grpc-default-executor-0] INFO  impl.RoleInfo (RoleInfo.java:updateAndGet(143)) - 11c9b167-23f2-44e1-aeb2-7325e8e405c1: start 11c9b167-23f2-44e1-aeb2-7325e8e405c1@group-B3368EE892E1-FollowerState
2020-12-17 02:07:09,070 [Thread-830] INFO  impl.FollowerState (FollowerState.java:run(137)) - 11c9b167-23f2-44e1-aeb2-7325e8e405c1@group-B3368EE892E1-FollowerState was interrupted: {}
java.lang.InterruptedException: sleep interrupted
	at java.lang.Thread.sleep(Native Method)
	at org.apache.ratis.util.JavaUtils.sleep(JavaUtils.java:250)
	at org.apache.ratis.server.impl.FollowerState.run(FollowerState.java:116)
2020-12-17 02:07:09,070 [ff0f44f6-234e-4444-8ce6-8a74f0a01736@group-B3368EE892E1-LeaderElection10] INFO  impl.RoleInfo (RoleInfo.java:updateAndGet(143)) - ff0f44f6-234e-4444-8ce6-8a74f0a01736: start ff0f44f6-234e-4444-8ce6-8a74f0a01736@group-B3368EE892E1-LeaderState
2020-12-17 02:07:09,070 [ff0f44f6-234e-4444-8ce6-8a74f0a01736@group-B3368EE892E1-LeaderElection10] INFO  segmented.SegmentedRaftLogWorker (SegmentedRaftLogWorker.java:startLogSegment(398)) - ff0f44f6-234e-4444-8ce6-8a74f0a01736@group-B3368EE892E1-SegmentedRaftLogWorker: Starting segment from index:0
2020-12-17 02:07:09,071 [grpc-default-executor-0] INFO  impl.RaftServerImpl (RaftServerImpl.java:requestVote(963)) -  FOLLOWER 11c9b167-23f2-44e1-aeb2-7325e8e405c1@group-B3368EE892E1:t1, leader=null, voted=null, raftlog=11c9b167-23f2-44e1-aeb2-7325e8e405c1@group-B3368EE892E1-SegmentedRaftLog:OPENED:c-1,f-1,i0, conf=-1: [754837be-208e-446d-9d6b-47f20359d127|rpc:172.17.0.2:42193|dataStream:, 11c9b167-23f2-44e1-aeb2-7325e8e405c1|rpc:172.17.0.2:45805|dataStream:, ff0f44f6-234e-4444-8ce6-8a74f0a01736|rpc:172.17.0.2:46533|dataStream:], old=null RUNNING priority:0 candidate:ff0f44f6-234e-4444-8ce6-8a74f0a01736|rpc:172.17.0.2:46533|dataStream: candidatePriority:0 compare:0
2020-12-17 02:07:09,073 [ff0f44f6-234e-4444-8ce6-8a74f0a01736@group-B3368EE892E1-SegmentedRaftLogWorker] INFO  segmented.SegmentedRaftLogWorker (SegmentedRaftLogWorker.java:execute(597)) - ff0f44f6-234e-4444-8ce6-8a74f0a01736@group-B3368EE892E1-SegmentedRaftLogWorker: created new log segment /github/workspace/mnt/ozone/hadoop-ozone/integration-test/target/test-dir/MiniOzoneClusterImpl-b9724c50-03f5-4055-971c-7bf7c5f09f05/datanode-0/data/ratis/328cd715-fe0f-49e5-9b2c-b3368ee892e1/current/log_inprogress_0
2020-12-17 02:07:09,079 [ff0f44f6-234e-4444-8ce6-8a74f0a01736@group-B3368EE892E1-LeaderElection10] INFO  impl.RaftServerImpl (ServerState.java:setRaftConf(374)) - ff0f44f6-234e-4444-8ce6-8a74f0a01736@group-B3368EE892E1: set configuration 0: [754837be-208e-446d-9d6b-47f20359d127|rpc:172.17.0.2:42193|dataStream:, 11c9b167-23f2-44e1-aeb2-7325e8e405c1|rpc:172.17.0.2:45805|dataStream:, ff0f44f6-234e-4444-8ce6-8a74f0a01736|rpc:172.17.0.2:46533|dataStream:], old=null at 0
2020-12-17 02:07:09,094 [grpc-default-executor-1] INFO  ratis.XceiverServerRatis (XceiverServerRatis.java:handleLeaderChangedNotification(854)) - Leader change notification received for group: group-B3368EE892E1 with new leaderId: ff0f44f6-234e-4444-8ce6-8a74f0a01736
2020-12-17 02:07:09,094 [grpc-default-executor-1] INFO  impl.RaftServerImpl (ServerState.java:setLeader(256)) - 11c9b167-23f2-44e1-aeb2-7325e8e405c1@group-B3368EE892E1: change Leader from null to ff0f44f6-234e-4444-8ce6-8a74f0a01736 at term 1 for appendEntries, leader elected after 5089ms
2020-12-17 02:07:09,101 [grpc-default-executor-0] INFO  ratis.XceiverServerRatis (XceiverServerRatis.java:handleLeaderChangedNotification(854)) - Leader change notification received for group: group-B3368EE892E1 with new leaderId: ff0f44f6-234e-4444-8ce6-8a74f0a01736
2020-12-17 02:07:09,101 [grpc-default-executor-0] INFO  impl.RaftServerImpl (ServerState.java:setLeader(256)) - 754837be-208e-446d-9d6b-47f20359d127@group-B3368EE892E1: change Leader from null to ff0f44f6-234e-4444-8ce6-8a74f0a01736 at term 1 for appendEntries, leader elected after 5128ms
2020-12-17 02:07:09,102 [grpc-default-executor-1] INFO  impl.RaftServerImpl (ServerState.java:setRaftConf(374)) - 11c9b167-23f2-44e1-aeb2-7325e8e405c1@group-B3368EE892E1: set configuration 0: [754837be-208e-446d-9d6b-47f20359d127|rpc:172.17.0.2:42193|dataStream:, 11c9b167-23f2-44e1-aeb2-7325e8e405c1|rpc:172.17.0.2:45805|dataStream:, ff0f44f6-234e-4444-8ce6-8a74f0a01736|rpc:172.17.0.2:46533|dataStream:], old=null at 0
2020-12-17 02:07:09,102 [grpc-default-executor-1] INFO  segmented.SegmentedRaftLogWorker (SegmentedRaftLogWorker.java:startLogSegment(398)) - 11c9b167-23f2-44e1-aeb2-7325e8e405c1@group-B3368EE892E1-SegmentedRaftLogWorker: Starting segment from index:0
2020-12-17 02:07:09,110 [grpc-default-executor-0] INFO  impl.RaftServerImpl (ServerState.java:setRaftConf(374)) - 754837be-208e-446d-9d6b-47f20359d127@group-B3368EE892E1: set configuration 0: [754837be-208e-446d-9d6b-47f20359d127|rpc:172.17.0.2:42193|dataStream:, 11c9b167-23f2-44e1-aeb2-7325e8e405c1|rpc:172.17.0.2:45805|dataStream:, ff0f44f6-234e-4444-8ce6-8a74f0a01736|rpc:172.17.0.2:46533|dataStream:], old=null at 0
2020-12-17 02:07:09,110 [11c9b167-23f2-44e1-aeb2-7325e8e405c1@group-B3368EE892E1-SegmentedRaftLogWorker] INFO  segmented.SegmentedRaftLogWorker (SegmentedRaftLogWorker.java:execute(597)) - 11c9b167-23f2-44e1-aeb2-7325e8e405c1@group-B3368EE892E1-SegmentedRaftLogWorker: created new log segment /github/workspace/mnt/ozone/hadoop-ozone/integration-test/target/test-dir/MiniOzoneClusterImpl-b9724c50-03f5-4055-971c-7bf7c5f09f05/datanode-2/data/ratis/328cd715-fe0f-49e5-9b2c-b3368ee892e1/current/log_inprogress_0
2020-12-17 02:07:09,111 [grpc-default-executor-0] INFO  segmented.SegmentedRaftLogWorker (SegmentedRaftLogWorker.java:startLogSegment(398)) - 754837be-208e-446d-9d6b-47f20359d127@group-B3368EE892E1-SegmentedRaftLogWorker: Starting segment from index:0
2020-12-17 02:07:09,112 [754837be-208e-446d-9d6b-47f20359d127@group-B3368EE892E1-SegmentedRaftLogWorker] INFO  segmented.SegmentedRaftLogWorker (SegmentedRaftLogWorker.java:execute(597)) - 754837be-208e-446d-9d6b-47f20359d127@group-B3368EE892E1-SegmentedRaftLogWorker: created new log segment /github/workspace/mnt/ozone/hadoop-ozone/integration-test/target/test-dir/MiniOzoneClusterImpl-b9724c50-03f5-4055-971c-7bf7c5f09f05/datanode-1/data/ratis/328cd715-fe0f-49e5-9b2c-b3368ee892e1/current/log_inprogress_0
2020-12-17 02:07:09,294 [Thread-833] INFO  impl.FollowerState (FollowerState.java:run(128)) - 754837be-208e-446d-9d6b-47f20359d127@group-F4764C3EB11A-FollowerState: change to CANDIDATE, lastRpcTime:5175ms, electionTimeout:5170ms
2020-12-17 02:07:09,294 [Thread-833] INFO  impl.RoleInfo (RoleInfo.java:shutdownFollowerState(121)) - 754837be-208e-446d-9d6b-47f20359d127: shutdown 754837be-208e-446d-9d6b-47f20359d127@group-F4764C3EB11A-FollowerState
2020-12-17 02:07:09,294 [Thread-833] INFO  impl.RaftServerImpl (RaftServerImpl.java:setRole(204)) - 754837be-208e-446d-9d6b-47f20359d127@group-F4764C3EB11A: changes role from  FOLLOWER to CANDIDATE at term 0 for changeToCandidate
2020-12-17 02:07:09,295 [Thread-833] INFO  impl.RoleInfo (RoleInfo.java:updateAndGet(143)) - 754837be-208e-446d-9d6b-47f20359d127: start 754837be-208e-446d-9d6b-47f20359d127@group-F4764C3EB11A-LeaderElection12
2020-12-17 02:07:09,300 [754837be-208e-446d-9d6b-47f20359d127@group-F4764C3EB11A-LeaderElection12] INFO  impl.LeaderElection (LeaderElection.java:askForVotes(215)) - 754837be-208e-446d-9d6b-47f20359d127@group-F4764C3EB11A-LeaderElection12: begin an election at term 1 for -1: [754837be-208e-446d-9d6b-47f20359d127|rpc:172.17.0.2:42193], old=null
2020-12-17 02:07:09,300 [754837be-208e-446d-9d6b-47f20359d127@group-F4764C3EB11A-LeaderElection12] INFO  impl.RoleInfo (RoleInfo.java:shutdownLeaderElection(134)) - 754837be-208e-446d-9d6b-47f20359d127: shutdown 754837be-208e-446d-9d6b-47f20359d127@group-F4764C3EB11A-LeaderElection12
2020-12-17 02:07:09,300 [754837be-208e-446d-9d6b-47f20359d127@group-F4764C3EB11A-LeaderElection12] INFO  impl.RaftServerImpl (RaftServerImpl.java:setRole(204)) - 754837be-208e-446d-9d6b-47f20359d127@group-F4764C3EB11A: changes role from CANDIDATE to LEADER at term 1 for changeToLeader
2020-12-17 02:07:09,300 [754837be-208e-446d-9d6b-47f20359d127@group-F4764C3EB11A-LeaderElection12] INFO  ratis.XceiverServerRatis (XceiverServerRatis.java:handleLeaderChangedNotification(854)) - Leader change notification received for group: group-F4764C3EB11A with new leaderId: 754837be-208e-446d-9d6b-47f20359d127
2020-12-17 02:07:09,300 [754837be-208e-446d-9d6b-47f20359d127@group-F4764C3EB11A-LeaderElection12] INFO  impl.RaftServerImpl (ServerState.java:setLeader(256)) - 754837be-208e-446d-9d6b-47f20359d127@group-F4764C3EB11A: change Leader from null to 754837be-208e-446d-9d6b-47f20359d127 at term 1 for becomeLeader, leader elected after 5192ms
2020-12-17 02:07:09,300 [754837be-208e-446d-9d6b-47f20359d127@group-F4764C3EB11A-LeaderElection12] INFO  server.RaftServerConfigKeys (ConfUtils.java:logGet(44)) - raft.server.staging.catchup.gap = 1000 (default)
2020-12-17 02:07:09,300 [754837be-208e-446d-9d6b-47f20359d127@group-F4764C3EB11A-LeaderElection12] INFO  server.RaftServerConfigKeys (ConfUtils.java:logGet(44)) - raft.server.rpc.sleep.time = 25ms (default)
2020-12-17 02:07:09,300 [754837be-208e-446d-9d6b-47f20359d127@group-F4764C3EB11A-LeaderElection12] INFO  metrics.RatisMetrics (RatisMetrics.java:lambda$create$0(36)) - Creating Metrics Registry : ratis.log_appender.754837be-208e-446d-9d6b-47f20359d127@group-F4764C3EB11A
2020-12-17 02:07:09,301 [754837be-208e-446d-9d6b-47f20359d127@group-F4764C3EB11A-LeaderElection12] INFO  server.RaftServerConfigKeys (ConfUtils.java:logGet(44)) - raft.server.write.element-limit = 1024 (custom)
2020-12-17 02:07:09,301 [754837be-208e-446d-9d6b-47f20359d127@group-F4764C3EB11A-LeaderElection12] INFO  server.RaftServerConfigKeys (ConfUtils.java:logGet(44)) - raft.server.write.byte-limit = 1073741824 (custom)
2020-12-17 02:07:09,301 [754837be-208e-446d-9d6b-47f20359d127@group-F4764C3EB11A-LeaderElection12] INFO  server.RaftServerConfigKeys (ConfUtils.java:logGet(44)) - raft.server.watch.timeout = 180s (custom)
2020-12-17 02:07:09,302 [754837be-208e-446d-9d6b-47f20359d127@group-F4764C3EB11A-LeaderElection12] INFO  server.RaftServerConfigKeys (ConfUtils.java:logGet(44)) - raft.server.watch.timeout.denomination = 1s (default)
2020-12-17 02:07:09,302 [754837be-208e-446d-9d6b-47f20359d127@group-F4764C3EB11A-LeaderElection12] INFO  server.RaftServerConfigKeys (ConfUtils.java:logGet(44)) - raft.server.watch.element-limit = 65536 (default)
2020-12-17 02:07:09,302 [754837be-208e-446d-9d6b-47f20359d127@group-F4764C3EB11A-LeaderElection12] INFO  impl.RoleInfo (RoleInfo.java:updateAndGet(143)) - 754837be-208e-446d-9d6b-47f20359d127: start 754837be-208e-446d-9d6b-47f20359d127@group-F4764C3EB11A-LeaderState
2020-12-17 02:07:09,302 [754837be-208e-446d-9d6b-47f20359d127@group-F4764C3EB11A-LeaderElection12] INFO  segmented.SegmentedRaftLogWorker (SegmentedRaftLogWorker.java:startLogSegment(398)) - 754837be-208e-446d-9d6b-47f20359d127@group-F4764C3EB11A-SegmentedRaftLogWorker: Starting segment from index:0
2020-12-17 02:07:09,303 [754837be-208e-446d-9d6b-47f20359d127@group-F4764C3EB11A-LeaderElection12] INFO  impl.RaftServerImpl (ServerState.java:setRaftConf(374)) - 754837be-208e-446d-9d6b-47f20359d127@group-F4764C3EB11A: set configuration 0: [754837be-208e-446d-9d6b-47f20359d127|rpc:172.17.0.2:42193|dataStream:], old=null at 0
2020-12-17 02:07:09,304 [754837be-208e-446d-9d6b-47f20359d127@group-F4764C3EB11A-SegmentedRaftLogWorker] INFO  segmented.SegmentedRaftLogWorker (SegmentedRaftLogWorker.java:execute(597)) - 754837be-208e-446d-9d6b-47f20359d127@group-F4764C3EB11A-SegmentedRaftLogWorker: created new log segment /github/workspace/mnt/ozone/hadoop-ozone/integration-test/target/test-dir/MiniOzoneClusterImpl-b9724c50-03f5-4055-971c-7bf7c5f09f05/datanode-1/data/ratis/e0ed014c-e865-44b8-a53f-f4764c3eb11a/current/log_inprogress_0
2020-12-17 02:07:09,508 [Thread-835] INFO  impl.FollowerState (FollowerState.java:run(128)) - 11c9b167-23f2-44e1-aeb2-7325e8e405c1@group-6C4DB9845F10-FollowerState: change to CANDIDATE, lastRpcTime:5151ms, electionTimeout:5150ms
2020-12-17 02:07:09,508 [Thread-835] INFO  impl.RoleInfo (RoleInfo.java:shutdownFollowerState(121)) - 11c9b167-23f2-44e1-aeb2-7325e8e405c1: shutdown 11c9b167-23f2-44e1-aeb2-7325e8e405c1@group-6C4DB9845F10-FollowerState
2020-12-17 02:07:09,508 [Thread-835] INFO  impl.RaftServerImpl (RaftServerImpl.java:setRole(204)) - 11c9b167-23f2-44e1-aeb2-7325e8e405c1@group-6C4DB9845F10: changes role from  FOLLOWER to CANDIDATE at term 0 for changeToCandidate
2020-12-17 02:07:09,509 [Thread-835] INFO  impl.RoleInfo (RoleInfo.java:updateAndGet(143)) - 11c9b167-23f2-44e1-aeb2-7325e8e405c1: start 11c9b167-23f2-44e1-aeb2-7325e8e405c1@group-6C4DB9845F10-LeaderElection13
2020-12-17 02:07:09,512 [11c9b167-23f2-44e1-aeb2-7325e8e405c1@group-6C4DB9845F10-LeaderElection13] INFO  impl.LeaderElection (LeaderElection.java:askForVotes(215)) - 11c9b167-23f2-44e1-aeb2-7325e8e405c1@group-6C4DB9845F10-LeaderElection13: begin an election at term 1 for -1: [11c9b167-23f2-44e1-aeb2-7325e8e405c1|rpc:172.17.0.2:45805], old=null
2020-12-17 02:07:09,512 [11c9b167-23f2-44e1-aeb2-7325e8e405c1@group-6C4DB9845F10-LeaderElection13] INFO  impl.RoleInfo (RoleInfo.java:shutdownLeaderElection(134)) - 11c9b167-23f2-44e1-aeb2-7325e8e405c1: shutdown 11c9b167-23f2-44e1-aeb2-7325e8e405c1@group-6C4DB9845F10-LeaderElection13
2020-12-17 02:07:09,512 [11c9b167-23f2-44e1-aeb2-7325e8e405c1@group-6C4DB9845F10-LeaderElection13] INFO  impl.RaftServerImpl (RaftServerImpl.java:setRole(204)) - 11c9b167-23f2-44e1-aeb2-7325e8e405c1@group-6C4DB9845F10: changes role from CANDIDATE to LEADER at term 1 for changeToLeader
2020-12-17 02:07:09,512 [11c9b167-23f2-44e1-aeb2-7325e8e405c1@group-6C4DB9845F10-LeaderElection13] INFO  ratis.XceiverServerRatis (XceiverServerRatis.java:handleLeaderChangedNotification(854)) - Leader change notification received for group: group-6C4DB9845F10 with new leaderId: 11c9b167-23f2-44e1-aeb2-7325e8e405c1
2020-12-17 02:07:09,512 [11c9b167-23f2-44e1-aeb2-7325e8e405c1@group-6C4DB9845F10-LeaderElection13] INFO  impl.RaftServerImpl (ServerState.java:setLeader(256)) - 11c9b167-23f2-44e1-aeb2-7325e8e405c1@group-6C4DB9845F10: change Leader from null to 11c9b167-23f2-44e1-aeb2-7325e8e405c1 at term 1 for becomeLeader, leader elected after 5168ms
2020-12-17 02:07:09,513 [11c9b167-23f2-44e1-aeb2-7325e8e405c1@group-6C4DB9845F10-LeaderElection13] INFO  server.RaftServerConfigKeys (ConfUtils.java:logGet(44)) - raft.server.staging.catchup.gap = 1000 (default)
2020-12-17 02:07:09,513 [11c9b167-23f2-44e1-aeb2-7325e8e405c1@group-6C4DB9845F10-LeaderElection13] INFO  server.RaftServerConfigKeys (ConfUtils.java:logGet(44)) - raft.server.rpc.sleep.time = 25ms (default)
2020-12-17 02:07:09,513 [11c9b167-23f2-44e1-aeb2-7325e8e405c1@group-6C4DB9845F10-LeaderElection13] INFO  metrics.RatisMetrics (RatisMetrics.java:lambda$create$0(36)) - Creating Metrics Registry : ratis.log_appender.11c9b167-23f2-44e1-aeb2-7325e8e405c1@group-6C4DB9845F10
2020-12-17 02:07:09,513 [11c9b167-23f2-44e1-aeb2-7325e8e405c1@group-6C4DB9845F10-LeaderElection13] INFO  server.RaftServerConfigKeys (ConfUtils.java:logGet(44)) - raft.server.write.element-limit = 1024 (custom)
2020-12-17 02:07:09,513 [11c9b167-23f2-44e1-aeb2-7325e8e405c1@group-6C4DB9845F10-LeaderElection13] INFO  server.RaftServerConfigKeys (ConfUtils.java:logGet(44)) - raft.server.write.byte-limit = 1073741824 (custom)
2020-12-17 02:07:09,513 [11c9b167-23f2-44e1-aeb2-7325e8e405c1@group-6C4DB9845F10-LeaderElection13] INFO  server.RaftServerConfigKeys (ConfUtils.java:logGet(44)) - raft.server.watch.timeout = 180s (custom)
2020-12-17 02:07:09,514 [11c9b167-23f2-44e1-aeb2-7325e8e405c1@group-6C4DB9845F10-LeaderElection13] INFO  server.RaftServerConfigKeys (ConfUtils.java:logGet(44)) - raft.server.watch.timeout.denomination = 1s (default)
2020-12-17 02:07:09,514 [11c9b167-23f2-44e1-aeb2-7325e8e405c1@group-6C4DB9845F10-LeaderElection13] INFO  server.RaftServerConfigKeys (ConfUtils.java:logGet(44)) - raft.server.watch.element-limit = 65536 (default)
2020-12-17 02:07:09,514 [11c9b167-23f2-44e1-aeb2-7325e8e405c1@group-6C4DB9845F10-LeaderElection13] INFO  impl.RoleInfo (RoleInfo.java:updateAndGet(143)) - 11c9b167-23f2-44e1-aeb2-7325e8e405c1: start 11c9b167-23f2-44e1-aeb2-7325e8e405c1@group-6C4DB9845F10-LeaderState
2020-12-17 02:07:09,514 [11c9b167-23f2-44e1-aeb2-7325e8e405c1@group-6C4DB9845F10-LeaderElection13] INFO  segmented.SegmentedRaftLogWorker (SegmentedRaftLogWorker.java:startLogSegment(398)) - 11c9b167-23f2-44e1-aeb2-7325e8e405c1@group-6C4DB9845F10-SegmentedRaftLogWorker: Starting segment from index:0
2020-12-17 02:07:09,515 [11c9b167-23f2-44e1-aeb2-7325e8e405c1@group-6C4DB9845F10-LeaderElection13] INFO  impl.RaftServerImpl (ServerState.java:setRaftConf(374)) - 11c9b167-23f2-44e1-aeb2-7325e8e405c1@group-6C4DB9845F10: set configuration 0: [11c9b167-23f2-44e1-aeb2-7325e8e405c1|rpc:172.17.0.2:45805|dataStream:], old=null at 0
2020-12-17 02:07:09,516 [11c9b167-23f2-44e1-aeb2-7325e8e405c1@group-6C4DB9845F10-SegmentedRaftLogWorker] INFO  segmented.SegmentedRaftLogWorker (SegmentedRaftLogWorker.java:execute(597)) - 11c9b167-23f2-44e1-aeb2-7325e8e405c1@group-6C4DB9845F10-SegmentedRaftLogWorker: created new log segment /github/workspace/mnt/ozone/hadoop-ozone/integration-test/target/test-dir/MiniOzoneClusterImpl-b9724c50-03f5-4055-971c-7bf7c5f09f05/datanode-2/data/ratis/f1f1afc2-0911-4ecd-ad15-6c4db9845f10/current/log_inprogress_0
2020-12-17 02:07:09,690 [Thread-844] INFO  impl.FollowerState (FollowerState.java:run(128)) - a9b97122-ab75-4dd8-b0be-c80a7b4aee3e@group-415A68486C79-FollowerState: change to CANDIDATE, lastRpcTime:5026ms, electionTimeout:5025ms
2020-12-17 02:07:09,691 [Thread-844] INFO  impl.RoleInfo (RoleInfo.java:shutdownFollowerState(121)) - a9b97122-ab75-4dd8-b0be-c80a7b4aee3e: shutdown a9b97122-ab75-4dd8-b0be-c80a7b4aee3e@group-415A68486C79-FollowerState
2020-12-17 02:07:09,691 [Thread-844] INFO  impl.RaftServerImpl (RaftServerImpl.java:setRole(204)) - a9b97122-ab75-4dd8-b0be-c80a7b4aee3e@group-415A68486C79: changes role from  FOLLOWER to CANDIDATE at term 0 for changeToCandidate
2020-12-17 02:07:09,691 [Thread-844] INFO  impl.RoleInfo (RoleInfo.java:updateAndGet(143)) - a9b97122-ab75-4dd8-b0be-c80a7b4aee3e: start a9b97122-ab75-4dd8-b0be-c80a7b4aee3e@group-415A68486C79-LeaderElection14
2020-12-17 02:07:09,694 [a9b97122-ab75-4dd8-b0be-c80a7b4aee3e@group-415A68486C79-LeaderElection14] INFO  impl.LeaderElection (LeaderElection.java:askForVotes(215)) - a9b97122-ab75-4dd8-b0be-c80a7b4aee3e@group-415A68486C79-LeaderElection14: begin an election at term 1 for -1: [0f866848-1c6a-43de-8969-aeea5cfaa857|rpc:172.17.0.2:46281|dataStream:, 9bbfc1fd-0495-41fe-87c7-bac1979a3990|rpc:172.17.0.2:34535|dataStream:, a9b97122-ab75-4dd8-b0be-c80a7b4aee3e|rpc:172.17.0.2:44997|dataStream:], old=null
2020-12-17 02:07:09,711 [grpc-default-executor-0] INFO  impl.RaftServerImpl (RaftServerImpl.java:setRole(204)) - 9bbfc1fd-0495-41fe-87c7-bac1979a3990@group-415A68486C79: changes role from  FOLLOWER to FOLLOWER at term 1 for recognizeCandidate:a9b97122-ab75-4dd8-b0be-c80a7b4aee3e
2020-12-17 02:07:09,711 [grpc-default-executor-0] INFO  impl.RoleInfo (RoleInfo.java:shutdownFollowerState(121)) - 9bbfc1fd-0495-41fe-87c7-bac1979a3990: shutdown 9bbfc1fd-0495-41fe-87c7-bac1979a3990@group-415A68486C79-FollowerState
2020-12-17 02:07:09,711 [grpc-default-executor-0] INFO  impl.RoleInfo (RoleInfo.java:updateAndGet(143)) - 9bbfc1fd-0495-41fe-87c7-bac1979a3990: start 9bbfc1fd-0495-41fe-87c7-bac1979a3990@group-415A68486C79-FollowerState
2020-12-17 02:07:09,711 [Thread-841] INFO  impl.FollowerState (FollowerState.java:run(137)) - 9bbfc1fd-0495-41fe-87c7-bac1979a3990@group-415A68486C79-FollowerState was interrupted: {}
java.lang.InterruptedException: sleep interrupted
	at java.lang.Thread.sleep(Native Method)
	at org.apache.ratis.util.JavaUtils.sleep(JavaUtils.java:250)
	at org.apache.ratis.server.impl.FollowerState.run(FollowerState.java:116)
2020-12-17 02:07:09,711 [grpc-default-executor-0] INFO  impl.RaftServerImpl (RaftServerImpl.java:requestVote(963)) -  FOLLOWER 9bbfc1fd-0495-41fe-87c7-bac1979a3990@group-415A68486C79:t1, leader=null, voted=null, raftlog=9bbfc1fd-0495-41fe-87c7-bac1979a3990@group-415A68486C79-SegmentedRaftLog:OPENED:c-1,f-1,i0, conf=-1: [0f866848-1c6a-43de-8969-aeea5cfaa857|rpc:172.17.0.2:46281|dataStream:, 9bbfc1fd-0495-41fe-87c7-bac1979a3990|rpc:172.17.0.2:34535|dataStream:, a9b97122-ab75-4dd8-b0be-c80a7b4aee3e|rpc:172.17.0.2:44997|dataStream:], old=null RUNNING priority:0 candidate:a9b97122-ab75-4dd8-b0be-c80a7b4aee3e|rpc:172.17.0.2:44997|dataStream: candidatePriority:0 compare:0
2020-12-17 02:07:09,716 [a9b97122-ab75-4dd8-b0be-c80a7b4aee3e@group-415A68486C79-LeaderElection14] INFO  impl.LeaderElection (LeaderElection.java:logAndReturn(65)) - a9b97122-ab75-4dd8-b0be-c80a7b4aee3e@group-415A68486C79-LeaderElection14: Election PASSED; received 1 response(s) [a9b97122-ab75-4dd8-b0be-c80a7b4aee3e<-9bbfc1fd-0495-41fe-87c7-bac1979a3990#0:OK-t1] and 0 exception(s); a9b97122-ab75-4dd8-b0be-c80a7b4aee3e@group-415A68486C79:t1, leader=null, voted=a9b97122-ab75-4dd8-b0be-c80a7b4aee3e, raftlog=a9b97122-ab75-4dd8-b0be-c80a7b4aee3e@group-415A68486C79-SegmentedRaftLog:OPENED:c-1,f-1,i0, conf=-1: [0f866848-1c6a-43de-8969-aeea5cfaa857|rpc:172.17.0.2:46281|dataStream:, 9bbfc1fd-0495-41fe-87c7-bac1979a3990|rpc:172.17.0.2:34535|dataStream:, a9b97122-ab75-4dd8-b0be-c80a7b4aee3e|rpc:172.17.0.2:44997|dataStream:], old=null
2020-12-17 02:07:09,716 [a9b97122-ab75-4dd8-b0be-c80a7b4aee3e@group-415A68486C79-LeaderElection14] INFO  impl.RoleInfo (RoleInfo.java:shutdownLeaderElection(134)) - a9b97122-ab75-4dd8-b0be-c80a7b4aee3e: shutdown a9b97122-ab75-4dd8-b0be-c80a7b4aee3e@group-415A68486C79-LeaderElection14
2020-12-17 02:07:09,716 [a9b97122-ab75-4dd8-b0be-c80a7b4aee3e@group-415A68486C79-LeaderElection14] INFO  impl.RaftServerImpl (RaftServerImpl.java:setRole(204)) - a9b97122-ab75-4dd8-b0be-c80a7b4aee3e@group-415A68486C79: changes role from CANDIDATE to LEADER at term 1 for changeToLeader
2020-12-17 02:07:09,716 [a9b97122-ab75-4dd8-b0be-c80a7b4aee3e@group-415A68486C79-LeaderElection14] INFO  ratis.XceiverServerRatis (XceiverServerRatis.java:handleLeaderChangedNotification(854)) - Leader change notification received for group: group-415A68486C79 with new leaderId: a9b97122-ab75-4dd8-b0be-c80a7b4aee3e
2020-12-17 02:07:09,717 [a9b97122-ab75-4dd8-b0be-c80a7b4aee3e@group-415A68486C79-LeaderElection14] INFO  impl.RaftServerImpl (ServerState.java:setLeader(256)) - a9b97122-ab75-4dd8-b0be-c80a7b4aee3e@group-415A68486C79: change Leader from null to a9b97122-ab75-4dd8-b0be-c80a7b4aee3e at term 1 for becomeLeader, leader elected after 5060ms
2020-12-17 02:07:09,717 [a9b97122-ab75-4dd8-b0be-c80a7b4aee3e@group-415A68486C79-LeaderElection14] INFO  server.RaftServerConfigKeys (ConfUtils.java:logGet(44)) - raft.server.staging.catchup.gap = 1000 (default)
2020-12-17 02:07:09,717 [a9b97122-ab75-4dd8-b0be-c80a7b4aee3e@group-415A68486C79-LeaderElection14] INFO  server.RaftServerConfigKeys (ConfUtils.java:logGet(44)) - raft.server.rpc.sleep.time = 25ms (default)
2020-12-17 02:07:09,717 [a9b97122-ab75-4dd8-b0be-c80a7b4aee3e@group-415A68486C79-LeaderElection14] INFO  metrics.RatisMetrics (RatisMetrics.java:lambda$create$0(36)) - Creating Metrics Registry : ratis.log_appender.a9b97122-ab75-4dd8-b0be-c80a7b4aee3e@group-415A68486C79
2020-12-17 02:07:09,717 [a9b97122-ab75-4dd8-b0be-c80a7b4aee3e@group-415A68486C79-LeaderElection14] INFO  server.RaftServerConfigKeys (ConfUtils.java:logGet(44)) - raft.server.write.element-limit = 1024 (custom)
2020-12-17 02:07:09,717 [a9b97122-ab75-4dd8-b0be-c80a7b4aee3e@group-415A68486C79-LeaderElection14] INFO  server.RaftServerConfigKeys (ConfUtils.java:logGet(44)) - raft.server.write.byte-limit = 1073741824 (custom)
2020-12-17 02:07:09,718 [a9b97122-ab75-4dd8-b0be-c80a7b4aee3e@group-415A68486C79-LeaderElection14] INFO  server.RaftServerConfigKeys (ConfUtils.java:logGet(44)) - raft.server.watch.timeout = 180s (custom)
2020-12-17 02:07:09,718 [a9b97122-ab75-4dd8-b0be-c80a7b4aee3e@group-415A68486C79-LeaderElection14] INFO  server.RaftServerConfigKeys (ConfUtils.java:logGet(44)) - raft.server.watch.timeout.denomination = 1s (default)
2020-12-17 02:07:09,718 [a9b97122-ab75-4dd8-b0be-c80a7b4aee3e@group-415A68486C79-LeaderElection14] INFO  server.RaftServerConfigKeys (ConfUtils.java:logGet(44)) - raft.server.watch.element-limit = 65536 (default)
2020-12-17 02:07:09,718 [a9b97122-ab75-4dd8-b0be-c80a7b4aee3e@group-415A68486C79-LeaderElection14] INFO  server.RaftServerConfigKeys (ConfUtils.java:logGet(44)) - raft.server.log.appender.snapshot.chunk.size.max = 16MB (=16777216) (default)
2020-12-17 02:07:09,718 [a9b97122-ab75-4dd8-b0be-c80a7b4aee3e@group-415A68486C79-LeaderElection14] INFO  server.RaftServerConfigKeys (ConfUtils.java:logGet(44)) - raft.server.log.appender.buffer.byte-limit = 33554432 (custom)
2020-12-17 02:07:09,718 [a9b97122-ab75-4dd8-b0be-c80a7b4aee3e@group-415A68486C79-LeaderElection14] INFO  server.RaftServerConfigKeys (ConfUtils.java:logGet(44)) - raft.server.log.appender.buffer.element-limit = 1 (custom)
2020-12-17 02:07:09,718 [a9b97122-ab75-4dd8-b0be-c80a7b4aee3e@group-415A68486C79-LeaderElection14] INFO  grpc.GrpcConfigKeys (ConfUtils.java:logGet(44)) - raft.grpc.server.leader.outstanding.appends.max = 128 (default)
2020-12-17 02:07:09,718 [a9b97122-ab75-4dd8-b0be-c80a7b4aee3e@group-415A68486C79-LeaderElection14] INFO  server.RaftServerConfigKeys (ConfUtils.java:logGet(44)) - raft.server.rpc.request.timeout = 60s (custom)
2020-12-17 02:07:09,718 [a9b97122-ab75-4dd8-b0be-c80a7b4aee3e@group-415A68486C79-LeaderElection14] INFO  server.RaftServerConfigKeys (ConfUtils.java:logGet(44)) - raft.server.log.appender.install.snapshot.enabled = false (custom)
2020-12-17 02:07:09,718 [a9b97122-ab75-4dd8-b0be-c80a7b4aee3e@group-415A68486C79-LeaderElection14] INFO  metrics.RatisMetrics (RatisMetrics.java:lambda$create$0(36)) - Creating Metrics Registry : ratis_grpc.log_appender.a9b97122-ab75-4dd8-b0be-c80a7b4aee3e@group-415A68486C79
2020-12-17 02:07:09,718 [EventQueue-PipelineReportForPipelineReportHandler] INFO  pipeline.PipelineStateManager (PipelineStateManager.java:openPipeline(132)) - Pipeline Pipeline[ Id: 55f06238-75d0-401a-8ee7-415a68486c79, Nodes: 0f866848-1c6a-43de-8969-aeea5cfaa857{ip: 172.17.0.2, host: 89b9adae2c19, networkLocation: /default-rack, certSerialId: null, persistedOpState: IN_SERVICE, persistedOpStateExpiryEpochSec: 0}9bbfc1fd-0495-41fe-87c7-bac1979a3990{ip: 172.17.0.2, host: 89b9adae2c19, networkLocation: /default-rack, certSerialId: null, persistedOpState: IN_SERVICE, persistedOpStateExpiryEpochSec: 0}a9b97122-ab75-4dd8-b0be-c80a7b4aee3e{ip: 172.17.0.2, host: 89b9adae2c19, networkLocation: /default-rack, certSerialId: null, persistedOpState: IN_SERVICE, persistedOpStateExpiryEpochSec: 0}, Type:RATIS, Factor:THREE, State:ALLOCATED, leaderId:a9b97122-ab75-4dd8-b0be-c80a7b4aee3e, CreationTimestamp2020-12-17T02:07:01.961Z] moved to OPEN state
2020-12-17 02:07:09,719 [grpc-default-executor-0] INFO  metrics.RatisMetrics (RatisMetrics.java:lambda$create$0(36)) - Creating Metrics Registry : ratis.server_message_metrics.0f866848-1c6a-43de-8969-aeea5cfaa857
2020-12-17 02:07:09,722 [grpc-default-executor-0] INFO  impl.RaftServerImpl (RaftServerImpl.java:setRole(204)) - 0f866848-1c6a-43de-8969-aeea5cfaa857@group-415A68486C79: changes role from  FOLLOWER to FOLLOWER at term 1 for recognizeCandidate:a9b97122-ab75-4dd8-b0be-c80a7b4aee3e
2020-12-17 02:07:09,722 [grpc-default-executor-0] INFO  impl.RoleInfo (RoleInfo.java:shutdownFollowerState(121)) - 0f866848-1c6a-43de-8969-aeea5cfaa857: shutdown 0f866848-1c6a-43de-8969-aeea5cfaa857@group-415A68486C79-FollowerState
2020-12-17 02:07:09,722 [grpc-default-executor-0] INFO  impl.RoleInfo (RoleInfo.java:updateAndGet(143)) - 0f866848-1c6a-43de-8969-aeea5cfaa857: start 0f866848-1c6a-43de-8969-aeea5cfaa857@group-415A68486C79-FollowerState
2020-12-17 02:07:09,722 [Thread-839] INFO  impl.FollowerState (FollowerState.java:run(137)) - 0f866848-1c6a-43de-8969-aeea5cfaa857@group-415A68486C79-FollowerState was interrupted: {}
java.lang.InterruptedException: sleep interrupted
	at java.lang.Thread.sleep(Native Method)
	at org.apache.ratis.util.JavaUtils.sleep(JavaUtils.java:250)
	at org.apache.ratis.server.impl.FollowerState.run(FollowerState.java:116)
2020-12-17 02:07:09,724 [a9b97122-ab75-4dd8-b0be-c80a7b4aee3e@group-415A68486C79-LeaderElection14] INFO  server.RaftServerConfigKeys (ConfUtils.java:logGet(44)) - raft.server.log.appender.snapshot.chunk.size.max = 16MB (=16777216) (default)
2020-12-17 02:07:09,722 [grpc-default-executor-0] INFO  impl.RaftServerImpl (RaftServerImpl.java:requestVote(963)) -  FOLLOWER 0f866848-1c6a-43de-8969-aeea5cfaa857@group-415A68486C79:t1, leader=null, voted=null, raftlog=0f866848-1c6a-43de-8969-aeea5cfaa857@group-415A68486C79-SegmentedRaftLog:OPENED:c-1,f-1,i0, conf=-1: [0f866848-1c6a-43de-8969-aeea5cfaa857|rpc:172.17.0.2:46281, 9bbfc1fd-0495-41fe-87c7-bac1979a3990|rpc:172.17.0.2:34535, a9b97122-ab75-4dd8-b0be-c80a7b4aee3e|rpc:172.17.0.2:44997], old=null RUNNING priority:0 candidate:a9b97122-ab75-4dd8-b0be-c80a7b4aee3e|rpc:172.17.0.2:44997 candidatePriority:0 compare:0
2020-12-17 02:07:09,725 [a9b97122-ab75-4dd8-b0be-c80a7b4aee3e@group-415A68486C79-LeaderElection14] INFO  server.RaftServerConfigKeys (ConfUtils.java:logGet(44)) - raft.server.log.appender.buffer.byte-limit = 33554432 (custom)
2020-12-17 02:07:09,725 [a9b97122-ab75-4dd8-b0be-c80a7b4aee3e@group-415A68486C79-LeaderElection14] INFO  server.RaftServerConfigKeys (ConfUtils.java:logGet(44)) - raft.server.log.appender.buffer.element-limit = 1 (custom)
2020-12-17 02:07:09,728 [a9b97122-ab75-4dd8-b0be-c80a7b4aee3e@group-415A68486C79-LeaderElection14] INFO  grpc.GrpcConfigKeys (ConfUtils.java:logGet(44)) - raft.grpc.server.leader.outstanding.appends.max = 128 (default)
2020-12-17 02:07:09,728 [a9b97122-ab75-4dd8-b0be-c80a7b4aee3e@group-415A68486C79-LeaderElection14] INFO  server.RaftServerConfigKeys (ConfUtils.java:logGet(44)) - raft.server.rpc.request.timeout = 60s (custom)
2020-12-17 02:07:09,728 [a9b97122-ab75-4dd8-b0be-c80a7b4aee3e@group-415A68486C79-LeaderElection14] INFO  server.RaftServerConfigKeys (ConfUtils.java:logGet(44)) - raft.server.log.appender.install.snapshot.enabled = false (custom)
2020-12-17 02:07:09,729 [a9b97122-ab75-4dd8-b0be-c80a7b4aee3e@group-415A68486C79-LeaderElection14] INFO  impl.RoleInfo (RoleInfo.java:updateAndGet(143)) - a9b97122-ab75-4dd8-b0be-c80a7b4aee3e: start a9b97122-ab75-4dd8-b0be-c80a7b4aee3e@group-415A68486C79-LeaderState
2020-12-17 02:07:09,729 [a9b97122-ab75-4dd8-b0be-c80a7b4aee3e@group-415A68486C79-LeaderElection14] INFO  segmented.SegmentedRaftLogWorker (SegmentedRaftLogWorker.java:startLogSegment(398)) - a9b97122-ab75-4dd8-b0be-c80a7b4aee3e@group-415A68486C79-SegmentedRaftLogWorker: Starting segment from index:0
2020-12-17 02:07:09,731 [a9b97122-ab75-4dd8-b0be-c80a7b4aee3e@group-415A68486C79-SegmentedRaftLogWorker] INFO  segmented.SegmentedRaftLogWorker (SegmentedRaftLogWorker.java:execute(597)) - a9b97122-ab75-4dd8-b0be-c80a7b4aee3e@group-415A68486C79-SegmentedRaftLogWorker: created new log segment /github/workspace/mnt/ozone/hadoop-ozone/integration-test/target/test-dir/MiniOzoneClusterImpl-b9724c50-03f5-4055-971c-7bf7c5f09f05/datanode-5/data/ratis/55f06238-75d0-401a-8ee7-415a68486c79/current/log_inprogress_0
2020-12-17 02:07:09,735 [a9b97122-ab75-4dd8-b0be-c80a7b4aee3e@group-415A68486C79-LeaderElection14] INFO  impl.RaftServerImpl (ServerState.java:setRaftConf(374)) - a9b97122-ab75-4dd8-b0be-c80a7b4aee3e@group-415A68486C79: set configuration 0: [0f866848-1c6a-43de-8969-aeea5cfaa857|rpc:172.17.0.2:46281|dataStream:, 9bbfc1fd-0495-41fe-87c7-bac1979a3990|rpc:172.17.0.2:34535|dataStream:, a9b97122-ab75-4dd8-b0be-c80a7b4aee3e|rpc:172.17.0.2:44997|dataStream:], old=null at 0
2020-12-17 02:07:09,739 [grpc-default-executor-1] INFO  ratis.XceiverServerRatis (XceiverServerRatis.java:handleLeaderChangedNotification(854)) - Leader change notification received for group: group-415A68486C79 with new leaderId: a9b97122-ab75-4dd8-b0be-c80a7b4aee3e
2020-12-17 02:07:09,739 [grpc-default-executor-1] INFO  impl.RaftServerImpl (ServerState.java:setLeader(256)) - 9bbfc1fd-0495-41fe-87c7-bac1979a3990@group-415A68486C79: change Leader from null to a9b97122-ab75-4dd8-b0be-c80a7b4aee3e at term 1 for appendEntries, leader elected after 5125ms
2020-12-17 02:07:09,744 [grpc-default-executor-1] INFO  impl.RaftServerImpl (ServerState.java:setRaftConf(374)) - 9bbfc1fd-0495-41fe-87c7-bac1979a3990@group-415A68486C79: set configuration 0: [0f866848-1c6a-43de-8969-aeea5cfaa857|rpc:172.17.0.2:46281|dataStream:, 9bbfc1fd-0495-41fe-87c7-bac1979a3990|rpc:172.17.0.2:34535|dataStream:, a9b97122-ab75-4dd8-b0be-c80a7b4aee3e|rpc:172.17.0.2:44997|dataStream:], old=null at 0
2020-12-17 02:07:09,744 [grpc-default-executor-1] INFO  segmented.SegmentedRaftLogWorker (SegmentedRaftLogWorker.java:startLogSegment(398)) - 9bbfc1fd-0495-41fe-87c7-bac1979a3990@group-415A68486C79-SegmentedRaftLogWorker: Starting segment from index:0
2020-12-17 02:07:09,750 [grpc-default-executor-1] INFO  ratis.XceiverServerRatis (XceiverServerRatis.java:handleLeaderChangedNotification(854)) - Leader change notification received for group: group-415A68486C79 with new leaderId: a9b97122-ab75-4dd8-b0be-c80a7b4aee3e
2020-12-17 02:07:09,750 [grpc-default-executor-1] INFO  impl.RaftServerImpl (ServerState.java:setLeader(256)) - 0f866848-1c6a-43de-8969-aeea5cfaa857@group-415A68486C79: change Leader from null to a9b97122-ab75-4dd8-b0be-c80a7b4aee3e at term 1 for appendEntries, leader elected after 5176ms
2020-12-17 02:07:09,753 [9bbfc1fd-0495-41fe-87c7-bac1979a3990@group-415A68486C79-SegmentedRaftLogWorker] INFO  segmented.SegmentedRaftLogWorker (SegmentedRaftLogWorker.java:execute(597)) - 9bbfc1fd-0495-41fe-87c7-bac1979a3990@group-415A68486C79-SegmentedRaftLogWorker: created new log segment /github/workspace/mnt/ozone/hadoop-ozone/integration-test/target/test-dir/MiniOzoneClusterImpl-b9724c50-03f5-4055-971c-7bf7c5f09f05/datanode-4/data/ratis/55f06238-75d0-401a-8ee7-415a68486c79/current/log_inprogress_0
2020-12-17 02:07:09,759 [Thread-837] INFO  impl.FollowerState (FollowerState.java:run(128)) - 0f866848-1c6a-43de-8969-aeea5cfaa857@group-B46DC85C5C5B-FollowerState: change to CANDIDATE, lastRpcTime:5196ms, electionTimeout:5195ms
2020-12-17 02:07:09,759 [Thread-837] INFO  impl.RoleInfo (RoleInfo.java:shutdownFollowerState(121)) - 0f866848-1c6a-43de-8969-aeea5cfaa857: shutdown 0f866848-1c6a-43de-8969-aeea5cfaa857@group-B46DC85C5C5B-FollowerState
2020-12-17 02:07:09,760 [Thread-837] INFO  impl.RaftServerImpl (RaftServerImpl.java:setRole(204)) - 0f866848-1c6a-43de-8969-aeea5cfaa857@group-B46DC85C5C5B: changes role from  FOLLOWER to CANDIDATE at term 0 for changeToCandidate
2020-12-17 02:07:09,761 [Thread-837] INFO  impl.RoleInfo (RoleInfo.java:updateAndGet(143)) - 0f866848-1c6a-43de-8969-aeea5cfaa857: start 0f866848-1c6a-43de-8969-aeea5cfaa857@group-B46DC85C5C5B-LeaderElection15
2020-12-17 02:07:09,766 [grpc-default-executor-1] INFO  impl.RaftServerImpl (ServerState.java:setRaftConf(374)) - 0f866848-1c6a-43de-8969-aeea5cfaa857@group-415A68486C79: set configuration 0: [0f866848-1c6a-43de-8969-aeea5cfaa857|rpc:172.17.0.2:46281|dataStream:, 9bbfc1fd-0495-41fe-87c7-bac1979a3990|rpc:172.17.0.2:34535|dataStream:, a9b97122-ab75-4dd8-b0be-c80a7b4aee3e|rpc:172.17.0.2:44997|dataStream:], old=null at 0
2020-12-17 02:07:09,767 [org.apache.ratis.server.JvmPauseMonitor@3a932711-Monitor] WARN  server.JvmPauseMonitor (JvmPauseMonitor.java:run(141)) - Detected pause in JVM or host machine (eg GC): pause of approximately 1ms
No GCs detected
2020-12-17 02:07:09,768 [grpc-default-executor-1] INFO  segmented.SegmentedRaftLogWorker (SegmentedRaftLogWorker.java:startLogSegment(398)) - 0f866848-1c6a-43de-8969-aeea5cfaa857@group-415A68486C79-SegmentedRaftLogWorker: Starting segment from index:0
2020-12-17 02:07:09,770 [0f866848-1c6a-43de-8969-aeea5cfaa857@group-415A68486C79-SegmentedRaftLogWorker] INFO  segmented.SegmentedRaftLogWorker (SegmentedRaftLogWorker.java:execute(597)) - 0f866848-1c6a-43de-8969-aeea5cfaa857@group-415A68486C79-SegmentedRaftLogWorker: created new log segment /github/workspace/mnt/ozone/hadoop-ozone/integration-test/target/test-dir/MiniOzoneClusterImpl-b9724c50-03f5-4055-971c-7bf7c5f09f05/datanode-3/data/ratis/55f06238-75d0-401a-8ee7-415a68486c79/current/log_inprogress_0
2020-12-17 02:07:09,773 [0f866848-1c6a-43de-8969-aeea5cfaa857@group-B46DC85C5C5B-LeaderElection15] INFO  impl.LeaderElection (LeaderElection.java:askForVotes(215)) - 0f866848-1c6a-43de-8969-aeea5cfaa857@group-B46DC85C5C5B-LeaderElection15: begin an election at term 1 for -1: [0f866848-1c6a-43de-8969-aeea5cfaa857|rpc:172.17.0.2:46281], old=null
2020-12-17 02:07:09,773 [0f866848-1c6a-43de-8969-aeea5cfaa857@group-B46DC85C5C5B-LeaderElection15] INFO  impl.RoleInfo (RoleInfo.java:shutdownLeaderElection(134)) - 0f866848-1c6a-43de-8969-aeea5cfaa857: shutdown 0f866848-1c6a-43de-8969-aeea5cfaa857@group-B46DC85C5C5B-LeaderElection15
2020-12-17 02:07:09,773 [0f866848-1c6a-43de-8969-aeea5cfaa857@group-B46DC85C5C5B-LeaderElection15] INFO  impl.RaftServerImpl (RaftServerImpl.java:setRole(204)) - 0f866848-1c6a-43de-8969-aeea5cfaa857@group-B46DC85C5C5B: changes role from CANDIDATE to LEADER at term 1 for changeToLeader
2020-12-17 02:07:09,774 [0f866848-1c6a-43de-8969-aeea5cfaa857@group-B46DC85C5C5B-LeaderElection15] INFO  ratis.XceiverServerRatis (XceiverServerRatis.java:handleLeaderChangedNotification(854)) - Leader change notification received for group: group-B46DC85C5C5B with new leaderId: 0f866848-1c6a-43de-8969-aeea5cfaa857
2020-12-17 02:07:09,778 [0f866848-1c6a-43de-8969-aeea5cfaa857@group-B46DC85C5C5B-LeaderElection15] INFO  impl.RaftServerImpl (ServerState.java:setLeader(256)) - 0f866848-1c6a-43de-8969-aeea5cfaa857@group-B46DC85C5C5B: change Leader from null to 0f866848-1c6a-43de-8969-aeea5cfaa857 at term 1 for becomeLeader, leader elected after 5219ms
2020-12-17 02:07:09,779 [0f866848-1c6a-43de-8969-aeea5cfaa857@group-B46DC85C5C5B-LeaderElection15] INFO  server.RaftServerConfigKeys (ConfUtils.java:logGet(44)) - raft.server.staging.catchup.gap = 1000 (default)
2020-12-17 02:07:09,782 [0f866848-1c6a-43de-8969-aeea5cfaa857@group-B46DC85C5C5B-LeaderElection15] INFO  server.RaftServerConfigKeys (ConfUtils.java:logGet(44)) - raft.server.rpc.sleep.time = 25ms (default)
2020-12-17 02:07:09,782 [0f866848-1c6a-43de-8969-aeea5cfaa857@group-B46DC85C5C5B-LeaderElection15] INFO  metrics.RatisMetrics (RatisMetrics.java:lambda$create$0(36)) - Creating Metrics Registry : ratis.log_appender.0f866848-1c6a-43de-8969-aeea5cfaa857@group-B46DC85C5C5B
2020-12-17 02:07:09,783 [0f866848-1c6a-43de-8969-aeea5cfaa857@group-B46DC85C5C5B-LeaderElection15] INFO  server.RaftServerConfigKeys (ConfUtils.java:logGet(44)) - raft.server.write.element-limit = 1024 (custom)
2020-12-17 02:07:09,783 [0f866848-1c6a-43de-8969-aeea5cfaa857@group-B46DC85C5C5B-LeaderElection15] INFO  server.RaftServerConfigKeys (ConfUtils.java:logGet(44)) - raft.server.write.byte-limit = 1073741824 (custom)
2020-12-17 02:07:09,783 [0f866848-1c6a-43de-8969-aeea5cfaa857@group-B46DC85C5C5B-LeaderElection15] INFO  server.RaftServerConfigKeys (ConfUtils.java:logGet(44)) - raft.server.watch.timeout = 180s (custom)
2020-12-17 02:07:09,783 [0f866848-1c6a-43de-8969-aeea5cfaa857@group-B46DC85C5C5B-LeaderElection15] INFO  server.RaftServerConfigKeys (ConfUtils.java:logGet(44)) - raft.server.watch.timeout.denomination = 1s (default)
2020-12-17 02:07:09,783 [0f866848-1c6a-43de-8969-aeea5cfaa857@group-B46DC85C5C5B-LeaderElection15] INFO  server.RaftServerConfigKeys (ConfUtils.java:logGet(44)) - raft.server.watch.element-limit = 65536 (default)
2020-12-17 02:07:09,783 [0f866848-1c6a-43de-8969-aeea5cfaa857@group-B46DC85C5C5B-LeaderElection15] INFO  impl.RoleInfo (RoleInfo.java:updateAndGet(143)) - 0f866848-1c6a-43de-8969-aeea5cfaa857: start 0f866848-1c6a-43de-8969-aeea5cfaa857@group-B46DC85C5C5B-LeaderState
2020-12-17 02:07:09,784 [0f866848-1c6a-43de-8969-aeea5cfaa857@group-B46DC85C5C5B-LeaderElection15] INFO  segmented.SegmentedRaftLogWorker (SegmentedRaftLogWorker.java:startLogSegment(398)) - 0f866848-1c6a-43de-8969-aeea5cfaa857@group-B46DC85C5C5B-SegmentedRaftLogWorker: Starting segment from index:0
2020-12-17 02:07:09,787 [0f866848-1c6a-43de-8969-aeea5cfaa857@group-B46DC85C5C5B-SegmentedRaftLogWorker] INFO  segmented.SegmentedRaftLogWorker (SegmentedRaftLogWorker.java:execute(597)) - 0f866848-1c6a-43de-8969-aeea5cfaa857@group-B46DC85C5C5B-SegmentedRaftLogWorker: created new log segment /github/workspace/mnt/ozone/hadoop-ozone/integration-test/target/test-dir/MiniOzoneClusterImpl-b9724c50-03f5-4055-971c-7bf7c5f09f05/datanode-3/data/ratis/7f9a6932-f29b-485f-b7b2-b46dc85c5c5b/current/log_inprogress_0
2020-12-17 02:07:09,792 [0f866848-1c6a-43de-8969-aeea5cfaa857@group-B46DC85C5C5B-LeaderElection15] INFO  impl.RaftServerImpl (ServerState.java:setRaftConf(374)) - 0f866848-1c6a-43de-8969-aeea5cfaa857@group-B46DC85C5C5B: set configuration 0: [0f866848-1c6a-43de-8969-aeea5cfaa857|rpc:172.17.0.2:46281|dataStream:], old=null at 0
2020-12-17 02:07:09,854 [Thread-847] INFO  impl.FollowerState (FollowerState.java:run(128)) - 9bbfc1fd-0495-41fe-87c7-bac1979a3990@group-D41B12127F4A-FollowerState: change to CANDIDATE, lastRpcTime:5085ms, electionTimeout:5084ms
2020-12-17 02:07:09,854 [Thread-847] INFO  impl.RoleInfo (RoleInfo.java:shutdownFollowerState(121)) - 9bbfc1fd-0495-41fe-87c7-bac1979a3990: shutdown 9bbfc1fd-0495-41fe-87c7-bac1979a3990@group-D41B12127F4A-FollowerState
2020-12-17 02:07:09,854 [Thread-847] INFO  impl.RaftServerImpl (RaftServerImpl.java:setRole(204)) - 9bbfc1fd-0495-41fe-87c7-bac1979a3990@group-D41B12127F4A: changes role from  FOLLOWER to CANDIDATE at term 0 for changeToCandidate
2020-12-17 02:07:09,854 [Thread-847] INFO  impl.RoleInfo (RoleInfo.java:updateAndGet(143)) - 9bbfc1fd-0495-41fe-87c7-bac1979a3990: start 9bbfc1fd-0495-41fe-87c7-bac1979a3990@group-D41B12127F4A-LeaderElection16
2020-12-17 02:07:09,857 [9bbfc1fd-0495-41fe-87c7-bac1979a3990@group-D41B12127F4A-LeaderElection16] INFO  impl.LeaderElection (LeaderElection.java:askForVotes(215)) - 9bbfc1fd-0495-41fe-87c7-bac1979a3990@group-D41B12127F4A-LeaderElection16: begin an election at term 1 for -1: [9bbfc1fd-0495-41fe-87c7-bac1979a3990|rpc:172.17.0.2:34535], old=null
2020-12-17 02:07:09,857 [9bbfc1fd-0495-41fe-87c7-bac1979a3990@group-D41B12127F4A-LeaderElection16] INFO  impl.RoleInfo (RoleInfo.java:shutdownLeaderElection(134)) - 9bbfc1fd-0495-41fe-87c7-bac1979a3990: shutdown 9bbfc1fd-0495-41fe-87c7-bac1979a3990@group-D41B12127F4A-LeaderElection16
2020-12-17 02:07:09,858 [9bbfc1fd-0495-41fe-87c7-bac1979a3990@group-D41B12127F4A-LeaderElection16] INFO  impl.RaftServerImpl (RaftServerImpl.java:setRole(204)) - 9bbfc1fd-0495-41fe-87c7-bac1979a3990@group-D41B12127F4A: changes role from CANDIDATE to LEADER at term 1 for changeToLeader
2020-12-17 02:07:09,858 [9bbfc1fd-0495-41fe-87c7-bac1979a3990@group-D41B12127F4A-LeaderElection16] INFO  ratis.XceiverServerRatis (XceiverServerRatis.java:handleLeaderChangedNotification(854)) - Leader change notification received for group: group-D41B12127F4A with new leaderId: 9bbfc1fd-0495-41fe-87c7-bac1979a3990
2020-12-17 02:07:09,858 [9bbfc1fd-0495-41fe-87c7-bac1979a3990@group-D41B12127F4A-LeaderElection16] INFO  impl.RaftServerImpl (ServerState.java:setLeader(256)) - 9bbfc1fd-0495-41fe-87c7-bac1979a3990@group-D41B12127F4A: change Leader from null to 9bbfc1fd-0495-41fe-87c7-bac1979a3990 at term 1 for becomeLeader, leader elected after 5098ms
2020-12-17 02:07:09,859 [9bbfc1fd-0495-41fe-87c7-bac1979a3990@group-D41B12127F4A-LeaderElection16] INFO  server.RaftServerConfigKeys (ConfUtils.java:logGet(44)) - raft.server.staging.catchup.gap = 1000 (default)
2020-12-17 02:07:09,859 [9bbfc1fd-0495-41fe-87c7-bac1979a3990@group-D41B12127F4A-LeaderElection16] INFO  server.RaftServerConfigKeys (ConfUtils.java:logGet(44)) - raft.server.rpc.sleep.time = 25ms (default)
2020-12-17 02:07:09,859 [9bbfc1fd-0495-41fe-87c7-bac1979a3990@group-D41B12127F4A-LeaderElection16] INFO  metrics.RatisMetrics (RatisMetrics.java:lambda$create$0(36)) - Creating Metrics Registry : ratis.log_appender.9bbfc1fd-0495-41fe-87c7-bac1979a3990@group-D41B12127F4A
2020-12-17 02:07:09,859 [9bbfc1fd-0495-41fe-87c7-bac1979a3990@group-D41B12127F4A-LeaderElection16] INFO  server.RaftServerConfigKeys (ConfUtils.java:logGet(44)) - raft.server.write.element-limit = 1024 (custom)
2020-12-17 02:07:09,859 [9bbfc1fd-0495-41fe-87c7-bac1979a3990@group-D41B12127F4A-LeaderElection16] INFO  server.RaftServerConfigKeys (ConfUtils.java:logGet(44)) - raft.server.write.byte-limit = 1073741824 (custom)
2020-12-17 02:07:09,860 [9bbfc1fd-0495-41fe-87c7-bac1979a3990@group-D41B12127F4A-LeaderElection16] INFO  server.RaftServerConfigKeys (ConfUtils.java:logGet(44)) - raft.server.watch.timeout = 180s (custom)
2020-12-17 02:07:09,860 [9bbfc1fd-0495-41fe-87c7-bac1979a3990@group-D41B12127F4A-LeaderElection16] INFO  server.RaftServerConfigKeys (ConfUtils.java:logGet(44)) - raft.server.watch.timeout.denomination = 1s (default)
2020-12-17 02:07:09,860 [9bbfc1fd-0495-41fe-87c7-bac1979a3990@group-D41B12127F4A-LeaderElection16] INFO  server.RaftServerConfigKeys (ConfUtils.java:logGet(44)) - raft.server.watch.element-limit = 65536 (default)
2020-12-17 02:07:09,860 [9bbfc1fd-0495-41fe-87c7-bac1979a3990@group-D41B12127F4A-LeaderElection16] INFO  impl.RoleInfo (RoleInfo.java:updateAndGet(143)) - 9bbfc1fd-0495-41fe-87c7-bac1979a3990: start 9bbfc1fd-0495-41fe-87c7-bac1979a3990@group-D41B12127F4A-LeaderState
2020-12-17 02:07:09,860 [9bbfc1fd-0495-41fe-87c7-bac1979a3990@group-D41B12127F4A-LeaderElection16] INFO  segmented.SegmentedRaftLogWorker (SegmentedRaftLogWorker.java:startLogSegment(398)) - 9bbfc1fd-0495-41fe-87c7-bac1979a3990@group-D41B12127F4A-SegmentedRaftLogWorker: Starting segment from index:0
2020-12-17 02:07:09,862 [9bbfc1fd-0495-41fe-87c7-bac1979a3990@group-D41B12127F4A-SegmentedRaftLogWorker] INFO  segmented.SegmentedRaftLogWorker (SegmentedRaftLogWorker.java:execute(597)) - 9bbfc1fd-0495-41fe-87c7-bac1979a3990@group-D41B12127F4A-SegmentedRaftLogWorker: created new log segment /github/workspace/mnt/ozone/hadoop-ozone/integration-test/target/test-dir/MiniOzoneClusterImpl-b9724c50-03f5-4055-971c-7bf7c5f09f05/datanode-4/data/ratis/3830245e-a07d-4120-a216-d41b12127f4a/current/log_inprogress_0
2020-12-17 02:07:09,863 [9bbfc1fd-0495-41fe-87c7-bac1979a3990@group-D41B12127F4A-LeaderElection16] INFO  impl.RaftServerImpl (ServerState.java:setRaftConf(374)) - 9bbfc1fd-0495-41fe-87c7-bac1979a3990@group-D41B12127F4A: set configuration 0: [9bbfc1fd-0495-41fe-87c7-bac1979a3990|rpc:172.17.0.2:34535|dataStream:], old=null at 0
2020-12-17 02:07:09,964 [Listener at 127.0.0.1/44995] INFO  ozone.MiniOzoneClusterImpl (MiniOzoneClusterImpl.java:lambda$waitForClusterToBeReady$0(178)) - Nodes are ready. Got 6 of 6 DN Heartbeats.
2020-12-17 02:07:09,964 [Listener at 127.0.0.1/44995] INFO  ozone.MiniOzoneClusterImpl (MiniOzoneClusterImpl.java:lambda$waitForClusterToBeReady$0(181)) - Cluster exits safe mode
2020-12-17 02:07:09,982 [Listener at 127.0.0.1/44995] INFO  rpc.RpcClient (RpcClient.java:createVolume(273)) - Creating Volume: vol1, with user60728 as owner.
2020-12-17 02:07:09,983 [IPC Server handler 4 on default port 44995] INFO  volume.OMVolumeCreateRequest (OMVolumeCreateRequest.java:validateAndUpdateCache(196)) - created volume:vol1 for user:user60728
2020-12-17 02:07:09,989 [Listener at 127.0.0.1/44995] INFO  rpc.RpcClient (RpcClient.java:createBucket(429)) - Creating Bucket: vol1/bucket1, with Versioning false and Storage Type set to DISK and Encryption set to false 
2020-12-17 02:07:10,006 [Listener at 127.0.0.1/44995] INFO  metrics.RatisMetrics (RatisMetrics.java:lambda$create$0(36)) - Creating Metrics Registry : ratis.client_message_metrics.client-02AF6AFEF504->a9b97122-ab75-4dd8-b0be-c80a7b4aee3e
2020-12-17 02:07:10,031 [Thread-849] INFO  impl.FollowerState (FollowerState.java:run(128)) - a9b97122-ab75-4dd8-b0be-c80a7b4aee3e@group-2D332C029D89-FollowerState: change to CANDIDATE, lastRpcTime:5058ms, electionTimeout:5054ms
2020-12-17 02:07:10,031 [Thread-849] INFO  impl.RoleInfo (RoleInfo.java:shutdownFollowerState(121)) - a9b97122-ab75-4dd8-b0be-c80a7b4aee3e: shutdown a9b97122-ab75-4dd8-b0be-c80a7b4aee3e@group-2D332C029D89-FollowerState
2020-12-17 02:07:10,032 [Thread-849] INFO  impl.RaftServerImpl (RaftServerImpl.java:setRole(204)) - a9b97122-ab75-4dd8-b0be-c80a7b4aee3e@group-2D332C029D89: changes role from  FOLLOWER to CANDIDATE at term 0 for changeToCandidate
2020-12-17 02:07:10,032 [Thread-849] INFO  impl.RoleInfo (RoleInfo.java:updateAndGet(143)) - a9b97122-ab75-4dd8-b0be-c80a7b4aee3e: start a9b97122-ab75-4dd8-b0be-c80a7b4aee3e@group-2D332C029D89-LeaderElection17
2020-12-17 02:07:10,050 [a9b97122-ab75-4dd8-b0be-c80a7b4aee3e@group-2D332C029D89-LeaderElection17] INFO  impl.LeaderElection (LeaderElection.java:askForVotes(215)) - a9b97122-ab75-4dd8-b0be-c80a7b4aee3e@group-2D332C029D89-LeaderElection17: begin an election at term 1 for -1: [a9b97122-ab75-4dd8-b0be-c80a7b4aee3e|rpc:172.17.0.2:44997], old=null
2020-12-17 02:07:10,050 [a9b97122-ab75-4dd8-b0be-c80a7b4aee3e@group-2D332C029D89-LeaderElection17] INFO  impl.RoleInfo (RoleInfo.java:shutdownLeaderElection(134)) - a9b97122-ab75-4dd8-b0be-c80a7b4aee3e: shutdown a9b97122-ab75-4dd8-b0be-c80a7b4aee3e@group-2D332C029D89-LeaderElection17
2020-12-17 02:07:10,050 [a9b97122-ab75-4dd8-b0be-c80a7b4aee3e@group-2D332C029D89-LeaderElection17] INFO  impl.RaftServerImpl (RaftServerImpl.java:setRole(204)) - a9b97122-ab75-4dd8-b0be-c80a7b4aee3e@group-2D332C029D89: changes role from CANDIDATE to LEADER at term 1 for changeToLeader
2020-12-17 02:07:10,050 [a9b97122-ab75-4dd8-b0be-c80a7b4aee3e@group-2D332C029D89-LeaderElection17] INFO  ratis.XceiverServerRatis (XceiverServerRatis.java:handleLeaderChangedNotification(854)) - Leader change notification received for group: group-2D332C029D89 with new leaderId: a9b97122-ab75-4dd8-b0be-c80a7b4aee3e
2020-12-17 02:07:10,055 [a9b97122-ab75-4dd8-b0be-c80a7b4aee3e@group-2D332C029D89-LeaderElection17] INFO  impl.RaftServerImpl (ServerState.java:setLeader(256)) - a9b97122-ab75-4dd8-b0be-c80a7b4aee3e@group-2D332C029D89: change Leader from null to a9b97122-ab75-4dd8-b0be-c80a7b4aee3e at term 1 for becomeLeader, leader elected after 5087ms
2020-12-17 02:07:10,055 [a9b97122-ab75-4dd8-b0be-c80a7b4aee3e@group-2D332C029D89-LeaderElection17] INFO  server.RaftServerConfigKeys (ConfUtils.java:logGet(44)) - raft.server.staging.catchup.gap = 1000 (default)
2020-12-17 02:07:10,055 [a9b97122-ab75-4dd8-b0be-c80a7b4aee3e@group-2D332C029D89-LeaderElection17] INFO  server.RaftServerConfigKeys (ConfUtils.java:logGet(44)) - raft.server.rpc.sleep.time = 25ms (default)
2020-12-17 02:07:10,055 [a9b97122-ab75-4dd8-b0be-c80a7b4aee3e@group-2D332C029D89-LeaderElection17] INFO  metrics.RatisMetrics (RatisMetrics.java:lambda$create$0(36)) - Creating Metrics Registry : ratis.log_appender.a9b97122-ab75-4dd8-b0be-c80a7b4aee3e@group-2D332C029D89
2020-12-17 02:07:10,056 [a9b97122-ab75-4dd8-b0be-c80a7b4aee3e@group-2D332C029D89-LeaderElection17] INFO  server.RaftServerConfigKeys (ConfUtils.java:logGet(44)) - raft.server.write.element-limit = 1024 (custom)
2020-12-17 02:07:10,056 [a9b97122-ab75-4dd8-b0be-c80a7b4aee3e@group-2D332C029D89-LeaderElection17] INFO  server.RaftServerConfigKeys (ConfUtils.java:logGet(44)) - raft.server.write.byte-limit = 1073741824 (custom)
2020-12-17 02:07:10,057 [a9b97122-ab75-4dd8-b0be-c80a7b4aee3e@group-2D332C029D89-LeaderElection17] INFO  server.RaftServerConfigKeys (ConfUtils.java:logGet(44)) - raft.server.watch.timeout = 180s (custom)
2020-12-17 02:07:10,057 [a9b97122-ab75-4dd8-b0be-c80a7b4aee3e@group-2D332C029D89-LeaderElection17] INFO  server.RaftServerConfigKeys (ConfUtils.java:logGet(44)) - raft.server.watch.timeout.denomination = 1s (default)
2020-12-17 02:07:10,057 [a9b97122-ab75-4dd8-b0be-c80a7b4aee3e@group-2D332C029D89-LeaderElection17] INFO  server.RaftServerConfigKeys (ConfUtils.java:logGet(44)) - raft.server.watch.element-limit = 65536 (default)
2020-12-17 02:07:10,057 [a9b97122-ab75-4dd8-b0be-c80a7b4aee3e@group-2D332C029D89-LeaderElection17] INFO  impl.RoleInfo (RoleInfo.java:updateAndGet(143)) - a9b97122-ab75-4dd8-b0be-c80a7b4aee3e: start a9b97122-ab75-4dd8-b0be-c80a7b4aee3e@group-2D332C029D89-LeaderState
2020-12-17 02:07:10,057 [a9b97122-ab75-4dd8-b0be-c80a7b4aee3e@group-2D332C029D89-LeaderElection17] INFO  segmented.SegmentedRaftLogWorker (SegmentedRaftLogWorker.java:startLogSegment(398)) - a9b97122-ab75-4dd8-b0be-c80a7b4aee3e@group-2D332C029D89-SegmentedRaftLogWorker: Starting segment from index:0
2020-12-17 02:07:10,058 [a9b97122-ab75-4dd8-b0be-c80a7b4aee3e@group-2D332C029D89-LeaderElection17] INFO  impl.RaftServerImpl (ServerState.java:setRaftConf(374)) - a9b97122-ab75-4dd8-b0be-c80a7b4aee3e@group-2D332C029D89: set configuration 0: [a9b97122-ab75-4dd8-b0be-c80a7b4aee3e|rpc:172.17.0.2:44997|dataStream:], old=null at 0
2020-12-17 02:07:10,059 [a9b97122-ab75-4dd8-b0be-c80a7b4aee3e@group-2D332C029D89-SegmentedRaftLogWorker] INFO  segmented.SegmentedRaftLogWorker (SegmentedRaftLogWorker.java:execute(597)) - a9b97122-ab75-4dd8-b0be-c80a7b4aee3e@group-2D332C029D89-SegmentedRaftLogWorker: created new log segment /github/workspace/mnt/ozone/hadoop-ozone/integration-test/target/test-dir/MiniOzoneClusterImpl-b9724c50-03f5-4055-971c-7bf7c5f09f05/datanode-5/data/ratis/867e0515-6171-4b8e-85e5-2d332c029d89/current/log_inprogress_0
2020-12-17 02:07:10,123 [Listener at 127.0.0.1/44995] INFO  metrics.RatisMetrics (RatisMetrics.java:lambda$create$0(36)) - Creating Metrics Registry : ratis.client_message_metrics.client-8E55F7BADBD6->ff0f44f6-234e-4444-8ce6-8a74f0a01736
2020-12-17 02:07:10,129 [grpc-default-executor-2] INFO  metrics.RatisMetrics (RatisMetrics.java:lambda$create$0(36)) - Creating Metrics Registry : ratis.server_message_metrics.ff0f44f6-234e-4444-8ce6-8a74f0a01736
2020-12-17 02:07:12,076 [EventQueue-Delayed safe mode statusForReplicationManager] INFO  container.ReplicationManager (ReplicationManager.java:start(186)) - Starting Replication Monitor Thread.
2020-12-17 02:07:12,077 [ReplicationMonitor] INFO  container.ReplicationManager (ReplicationManager.java:run(250)) - Replication Monitor Thread took 1 milliseconds for processing 4 containers.
2020-12-17 02:07:13,078 [ReplicationMonitor] INFO  container.ReplicationManager (ReplicationManager.java:run(250)) - Replication Monitor Thread took 0 milliseconds for processing 4 containers.
2020-12-17 02:07:14,078 [ReplicationMonitor] INFO  container.ReplicationManager (ReplicationManager.java:run(250)) - Replication Monitor Thread took 0 milliseconds for processing 4 containers.
2020-12-17 02:07:15,079 [ReplicationMonitor] INFO  container.ReplicationManager (ReplicationManager.java:run(250)) - Replication Monitor Thread took 0 milliseconds for processing 4 containers.
2020-12-17 02:07:16,059 [IPC Server handler 1 on default port 40991] INFO  node.NodeDecommissionManager (NodeDecommissionManager.java:startMaintenance(344)) - Starting Maintenance for node 9bbfc1fd-0495-41fe-87c7-bac1979a3990{ip: 172.17.0.2, host: 89b9adae2c19, networkLocation: /default-rack, certSerialId: null, persistedOpState: IN_SERVICE, persistedOpStateExpiryEpochSec: 0}
2020-12-17 02:07:16,059 [IPC Server handler 1 on default port 40991] INFO  node.NodeDecommissionManager (NodeDecommissionManager.java:startMaintenance(344)) - Starting Maintenance for node 0f866848-1c6a-43de-8969-aeea5cfaa857{ip: 172.17.0.2, host: 89b9adae2c19, networkLocation: /default-rack, certSerialId: null, persistedOpState: IN_SERVICE, persistedOpStateExpiryEpochSec: 0}
2020-12-17 02:07:16,059 [IPC Server handler 1 on default port 40991] INFO  node.NodeDecommissionManager (NodeDecommissionManager.java:startMaintenance(344)) - Starting Maintenance for node a9b97122-ab75-4dd8-b0be-c80a7b4aee3e{ip: 172.17.0.2, host: 89b9adae2c19, networkLocation: /default-rack, certSerialId: null, persistedOpState: IN_SERVICE, persistedOpStateExpiryEpochSec: 0}
2020-12-17 02:07:16,079 [ReplicationMonitor] INFO  container.ReplicationManager (ReplicationManager.java:run(250)) - Replication Monitor Thread took 0 milliseconds for processing 4 containers.
2020-12-17 02:07:16,354 [IPC Server handler 7 on default port 41841] INFO  node.SCMNodeManager (SCMNodeManager.java:updateDatanodeOpState(419)) - Scheduling a command to update the operationalState persisted on the datanode as the reported value (IN_SERVICE, 0) does not match the value stored in SCM (ENTERING_MAINTENANCE, 0)
2020-12-17 02:07:16,366 [IPC Server handler 9 on default port 41841] INFO  node.SCMNodeManager (SCMNodeManager.java:updateDatanodeOpState(419)) - Scheduling a command to update the operationalState persisted on the datanode as the reported value (IN_SERVICE, 0) does not match the value stored in SCM (ENTERING_MAINTENANCE, 0)
2020-12-17 02:07:16,366 [IPC Server handler 12 on default port 41841] INFO  node.SCMNodeManager (SCMNodeManager.java:updateDatanodeOpState(419)) - Scheduling a command to update the operationalState persisted on the datanode as the reported value (IN_SERVICE, 0) does not match the value stored in SCM (ENTERING_MAINTENANCE, 0)
2020-12-17 02:07:16,410 [DatanodeAdminManager-0] INFO  node.DatanodeAdminMonitorImpl (DatanodeAdminMonitorImpl.java:checkPipelinesClosedOnNode(267)) - Waiting for pipelines to close for 0f866848-1c6a-43de-8969-aeea5cfaa857{ip: 172.17.0.2, host: 89b9adae2c19, networkLocation: /default-rack, certSerialId: null, persistedOpState: IN_SERVICE, persistedOpStateExpiryEpochSec: 0}. There are 2 pipelines
2020-12-17 02:07:16,410 [EventQueue-StartAdminOnNodeForStartDatanodeAdminHandler] INFO  node.StartDatanodeAdminHandler (StartDatanodeAdminHandler.java:onMessage(56)) - Admin start on datanode 9bbfc1fd-0495-41fe-87c7-bac1979a3990{ip: 172.17.0.2, host: 89b9adae2c19, networkLocation: /default-rack, certSerialId: null, persistedOpState: IN_SERVICE, persistedOpStateExpiryEpochSec: 0}. Finalizing its pipelines [PipelineID=3830245e-a07d-4120-a216-d41b12127f4a, PipelineID=55f06238-75d0-401a-8ee7-415a68486c79]
2020-12-17 02:07:16,410 [DatanodeAdminManager-0] INFO  node.DatanodeAdminMonitorImpl (DatanodeAdminMonitorImpl.java:checkPipelinesClosedOnNode(267)) - Waiting for pipelines to close for 9bbfc1fd-0495-41fe-87c7-bac1979a3990{ip: 172.17.0.2, host: 89b9adae2c19, networkLocation: /default-rack, certSerialId: null, persistedOpState: IN_SERVICE, persistedOpStateExpiryEpochSec: 0}. There are 2 pipelines
2020-12-17 02:07:16,410 [DatanodeAdminManager-0] INFO  node.DatanodeAdminMonitorImpl (DatanodeAdminMonitorImpl.java:checkPipelinesClosedOnNode(267)) - Waiting for pipelines to close for a9b97122-ab75-4dd8-b0be-c80a7b4aee3e{ip: 172.17.0.2, host: 89b9adae2c19, networkLocation: /default-rack, certSerialId: null, persistedOpState: IN_SERVICE, persistedOpStateExpiryEpochSec: 0}. There are 2 pipelines
2020-12-17 02:07:16,410 [DatanodeAdminManager-0] INFO  node.DatanodeAdminMonitorImpl (DatanodeAdminMonitorImpl.java:run(136)) - There are 3 nodes tracked for decommission and maintenance. 0 pending nodes.
2020-12-17 02:07:16,410 [EventQueue-StartAdminOnNodeForStartDatanodeAdminHandler] INFO  pipeline.SCMPipelineManager (SCMPipelineManager.java:finalizeAndDestroyPipeline(482)) - Destroying pipeline:Pipeline[ Id: 3830245e-a07d-4120-a216-d41b12127f4a, Nodes: 9bbfc1fd-0495-41fe-87c7-bac1979a3990{ip: 172.17.0.2, host: 89b9adae2c19, networkLocation: /default-rack, certSerialId: null, persistedOpState: IN_SERVICE, persistedOpStateExpiryEpochSec: 0}, Type:RATIS, Factor:ONE, State:OPEN, leaderId:9bbfc1fd-0495-41fe-87c7-bac1979a3990, CreationTimestamp2020-12-17T02:07:01.755Z]
2020-12-17 02:07:16,411 [EventQueue-StartAdminOnNodeForStartDatanodeAdminHandler] INFO  pipeline.PipelineStateManager (PipelineStateManager.java:finalizePipeline(121)) - Pipeline Pipeline[ Id: 3830245e-a07d-4120-a216-d41b12127f4a, Nodes: 9bbfc1fd-0495-41fe-87c7-bac1979a3990{ip: 172.17.0.2, host: 89b9adae2c19, networkLocation: /default-rack, certSerialId: null, persistedOpState: IN_SERVICE, persistedOpStateExpiryEpochSec: 0}, Type:RATIS, Factor:ONE, State:CLOSED, leaderId:9bbfc1fd-0495-41fe-87c7-bac1979a3990, CreationTimestamp2020-12-17T02:07:01.755Z] moved to CLOSED state
2020-12-17 02:07:16,411 [EventQueue-StartAdminOnNodeForStartDatanodeAdminHandler] INFO  pipeline.RatisPipelineProvider (RatisPipelineProvider.java:lambda$close$1(199)) - Send pipeline:PipelineID=3830245e-a07d-4120-a216-d41b12127f4a close command to datanode 9bbfc1fd-0495-41fe-87c7-bac1979a3990
2020-12-17 02:07:16,411 [EventQueue-StartAdminOnNodeForStartDatanodeAdminHandler] INFO  pipeline.PipelineStateManager (PipelineStateManager.java:removePipeline(106)) - Pipeline Pipeline[ Id: 3830245e-a07d-4120-a216-d41b12127f4a, Nodes: 9bbfc1fd-0495-41fe-87c7-bac1979a3990{ip: 172.17.0.2, host: 89b9adae2c19, networkLocation: /default-rack, certSerialId: null, persistedOpState: IN_SERVICE, persistedOpStateExpiryEpochSec: 0}, Type:RATIS, Factor:ONE, State:CLOSED, leaderId:9bbfc1fd-0495-41fe-87c7-bac1979a3990, CreationTimestamp2020-12-17T02:07:01.755Z] removed from db
2020-12-17 02:07:16,412 [EventQueue-StartAdminOnNodeForStartDatanodeAdminHandler] INFO  pipeline.SCMPipelineManager (SCMPipelineManager.java:finalizeAndDestroyPipeline(482)) - Destroying pipeline:Pipeline[ Id: 55f06238-75d0-401a-8ee7-415a68486c79, Nodes: 0f866848-1c6a-43de-8969-aeea5cfaa857{ip: 172.17.0.2, host: 89b9adae2c19, networkLocation: /default-rack, certSerialId: null, persistedOpState: IN_SERVICE, persistedOpStateExpiryEpochSec: 0}9bbfc1fd-0495-41fe-87c7-bac1979a3990{ip: 172.17.0.2, host: 89b9adae2c19, networkLocation: /default-rack, certSerialId: null, persistedOpState: IN_SERVICE, persistedOpStateExpiryEpochSec: 0}a9b97122-ab75-4dd8-b0be-c80a7b4aee3e{ip: 172.17.0.2, host: 89b9adae2c19, networkLocation: /default-rack, certSerialId: null, persistedOpState: IN_SERVICE, persistedOpStateExpiryEpochSec: 0}, Type:RATIS, Factor:THREE, State:OPEN, leaderId:a9b97122-ab75-4dd8-b0be-c80a7b4aee3e, CreationTimestamp2020-12-17T02:07:01.961Z]
2020-12-17 02:07:16,414 [EventQueue-StartAdminOnNodeForStartDatanodeAdminHandler] INFO  pipeline.PipelineStateManager (PipelineStateManager.java:finalizePipeline(121)) - Pipeline Pipeline[ Id: 55f06238-75d0-401a-8ee7-415a68486c79, Nodes: 0f866848-1c6a-43de-8969-aeea5cfaa857{ip: 172.17.0.2, host: 89b9adae2c19, networkLocation: /default-rack, certSerialId: null, persistedOpState: IN_SERVICE, persistedOpStateExpiryEpochSec: 0}9bbfc1fd-0495-41fe-87c7-bac1979a3990{ip: 172.17.0.2, host: 89b9adae2c19, networkLocation: /default-rack, certSerialId: null, persistedOpState: IN_SERVICE, persistedOpStateExpiryEpochSec: 0}a9b97122-ab75-4dd8-b0be-c80a7b4aee3e{ip: 172.17.0.2, host: 89b9adae2c19, networkLocation: /default-rack, certSerialId: null, persistedOpState: IN_SERVICE, persistedOpStateExpiryEpochSec: 0}, Type:RATIS, Factor:THREE, State:CLOSED, leaderId:a9b97122-ab75-4dd8-b0be-c80a7b4aee3e, CreationTimestamp2020-12-17T02:07:01.961Z] moved to CLOSED state
2020-12-17 02:07:16,414 [EventQueue-StartAdminOnNodeForStartDatanodeAdminHandler] INFO  pipeline.RatisPipelineProvider (RatisPipelineProvider.java:lambda$close$1(199)) - Send pipeline:PipelineID=55f06238-75d0-401a-8ee7-415a68486c79 close command to datanode 0f866848-1c6a-43de-8969-aeea5cfaa857
2020-12-17 02:07:16,415 [EventQueue-CloseContainerForCloseContainerEventHandler] INFO  container.CloseContainerEventHandler (CloseContainerEventHandler.java:onMessage(61)) - Close container Event triggered for container : #1
2020-12-17 02:07:16,415 [EventQueue-StartAdminOnNodeForStartDatanodeAdminHandler] INFO  pipeline.RatisPipelineProvider (RatisPipelineProvider.java:lambda$close$1(199)) - Send pipeline:PipelineID=55f06238-75d0-401a-8ee7-415a68486c79 close command to datanode 9bbfc1fd-0495-41fe-87c7-bac1979a3990
2020-12-17 02:07:16,415 [EventQueue-StartAdminOnNodeForStartDatanodeAdminHandler] INFO  pipeline.RatisPipelineProvider (RatisPipelineProvider.java:lambda$close$1(199)) - Send pipeline:PipelineID=55f06238-75d0-401a-8ee7-415a68486c79 close command to datanode a9b97122-ab75-4dd8-b0be-c80a7b4aee3e
2020-12-17 02:07:16,415 [EventQueue-CloseContainerForCloseContainerEventHandler] INFO  container.CloseContainerEventHandler (CloseContainerEventHandler.java:onMessage(61)) - Close container Event triggered for container : #4
2020-12-17 02:07:16,416 [EventQueue-StartAdminOnNodeForStartDatanodeAdminHandler] INFO  pipeline.PipelineStateManager (PipelineStateManager.java:removePipeline(106)) - Pipeline Pipeline[ Id: 55f06238-75d0-401a-8ee7-415a68486c79, Nodes: 0f866848-1c6a-43de-8969-aeea5cfaa857{ip: 172.17.0.2, host: 89b9adae2c19, networkLocation: /default-rack, certSerialId: null, persistedOpState: IN_SERVICE, persistedOpStateExpiryEpochSec: 0}9bbfc1fd-0495-41fe-87c7-bac1979a3990{ip: 172.17.0.2, host: 89b9adae2c19, networkLocation: /default-rack, certSerialId: null, persistedOpState: IN_SERVICE, persistedOpStateExpiryEpochSec: 0}a9b97122-ab75-4dd8-b0be-c80a7b4aee3e{ip: 172.17.0.2, host: 89b9adae2c19, networkLocation: /default-rack, certSerialId: null, persistedOpState: IN_SERVICE, persistedOpStateExpiryEpochSec: 0}, Type:RATIS, Factor:THREE, State:CLOSED, leaderId:a9b97122-ab75-4dd8-b0be-c80a7b4aee3e, CreationTimestamp2020-12-17T02:07:01.961Z] removed from db
2020-12-17 02:07:16,416 [EventQueue-StartAdminOnNodeForStartDatanodeAdminHandler] INFO  node.StartDatanodeAdminHandler (StartDatanodeAdminHandler.java:onMessage(56)) - Admin start on datanode 0f866848-1c6a-43de-8969-aeea5cfaa857{ip: 172.17.0.2, host: 89b9adae2c19, networkLocation: /default-rack, certSerialId: null, persistedOpState: IN_SERVICE, persistedOpStateExpiryEpochSec: 0}. Finalizing its pipelines [PipelineID=7f9a6932-f29b-485f-b7b2-b46dc85c5c5b]
2020-12-17 02:07:16,416 [EventQueue-CloseContainerForCloseContainerEventHandler] WARN  container.SCMContainerManager (SCMContainerManager.java:updateContainerState(367)) - Unable to remove container #4 from pipeline PipelineID=55f06238-75d0-401a-8ee7-415a68486c79  as the pipeline no longer exists
2020-12-17 02:07:16,416 [EventQueue-StartAdminOnNodeForStartDatanodeAdminHandler] INFO  pipeline.SCMPipelineManager (SCMPipelineManager.java:finalizeAndDestroyPipeline(482)) - Destroying pipeline:Pipeline[ Id: 7f9a6932-f29b-485f-b7b2-b46dc85c5c5b, Nodes: 0f866848-1c6a-43de-8969-aeea5cfaa857{ip: 172.17.0.2, host: 89b9adae2c19, networkLocation: /default-rack, certSerialId: null, persistedOpState: IN_SERVICE, persistedOpStateExpiryEpochSec: 0}, Type:RATIS, Factor:ONE, State:OPEN, leaderId:0f866848-1c6a-43de-8969-aeea5cfaa857, CreationTimestamp2020-12-17T02:07:01.548Z]
2020-12-17 02:07:16,419 [EventQueue-StartAdminOnNodeForStartDatanodeAdminHandler] INFO  pipeline.PipelineStateManager (PipelineStateManager.java:finalizePipeline(121)) - Pipeline Pipeline[ Id: 7f9a6932-f29b-485f-b7b2-b46dc85c5c5b, Nodes: 0f866848-1c6a-43de-8969-aeea5cfaa857{ip: 172.17.0.2, host: 89b9adae2c19, networkLocation: /default-rack, certSerialId: null, persistedOpState: IN_SERVICE, persistedOpStateExpiryEpochSec: 0}, Type:RATIS, Factor:ONE, State:CLOSED, leaderId:0f866848-1c6a-43de-8969-aeea5cfaa857, CreationTimestamp2020-12-17T02:07:01.548Z] moved to CLOSED state
2020-12-17 02:07:16,419 [EventQueue-StartAdminOnNodeForStartDatanodeAdminHandler] INFO  pipeline.RatisPipelineProvider (RatisPipelineProvider.java:lambda$close$1(199)) - Send pipeline:PipelineID=7f9a6932-f29b-485f-b7b2-b46dc85c5c5b close command to datanode 0f866848-1c6a-43de-8969-aeea5cfaa857
2020-12-17 02:07:16,419 [EventQueue-StartAdminOnNodeForStartDatanodeAdminHandler] INFO  pipeline.PipelineStateManager (PipelineStateManager.java:removePipeline(106)) - Pipeline Pipeline[ Id: 7f9a6932-f29b-485f-b7b2-b46dc85c5c5b, Nodes: 0f866848-1c6a-43de-8969-aeea5cfaa857{ip: 172.17.0.2, host: 89b9adae2c19, networkLocation: /default-rack, certSerialId: null, persistedOpState: IN_SERVICE, persistedOpStateExpiryEpochSec: 0}, Type:RATIS, Factor:ONE, State:CLOSED, leaderId:0f866848-1c6a-43de-8969-aeea5cfaa857, CreationTimestamp2020-12-17T02:07:01.548Z] removed from db
2020-12-17 02:07:16,419 [EventQueue-StartAdminOnNodeForStartDatanodeAdminHandler] INFO  node.StartDatanodeAdminHandler (StartDatanodeAdminHandler.java:onMessage(56)) - Admin start on datanode a9b97122-ab75-4dd8-b0be-c80a7b4aee3e{ip: 172.17.0.2, host: 89b9adae2c19, networkLocation: /default-rack, certSerialId: null, persistedOpState: IN_SERVICE, persistedOpStateExpiryEpochSec: 0}. Finalizing its pipelines [PipelineID=867e0515-6171-4b8e-85e5-2d332c029d89]
2020-12-17 02:07:16,421 [EventQueue-StartAdminOnNodeForStartDatanodeAdminHandler] INFO  pipeline.SCMPipelineManager (SCMPipelineManager.java:finalizeAndDestroyPipeline(482)) - Destroying pipeline:Pipeline[ Id: 867e0515-6171-4b8e-85e5-2d332c029d89, Nodes: a9b97122-ab75-4dd8-b0be-c80a7b4aee3e{ip: 172.17.0.2, host: 89b9adae2c19, networkLocation: /default-rack, certSerialId: null, persistedOpState: IN_SERVICE, persistedOpStateExpiryEpochSec: 0}, Type:RATIS, Factor:ONE, State:OPEN, leaderId:a9b97122-ab75-4dd8-b0be-c80a7b4aee3e, CreationTimestamp2020-12-17T02:07:01.960Z]
2020-12-17 02:07:16,421 [EventQueue-StartAdminOnNodeForStartDatanodeAdminHandler] INFO  pipeline.PipelineStateManager (PipelineStateManager.java:finalizePipeline(121)) - Pipeline Pipeline[ Id: 867e0515-6171-4b8e-85e5-2d332c029d89, Nodes: a9b97122-ab75-4dd8-b0be-c80a7b4aee3e{ip: 172.17.0.2, host: 89b9adae2c19, networkLocation: /default-rack, certSerialId: null, persistedOpState: IN_SERVICE, persistedOpStateExpiryEpochSec: 0}, Type:RATIS, Factor:ONE, State:CLOSED, leaderId:a9b97122-ab75-4dd8-b0be-c80a7b4aee3e, CreationTimestamp2020-12-17T02:07:01.960Z] moved to CLOSED state
2020-12-17 02:07:16,421 [EventQueue-StartAdminOnNodeForStartDatanodeAdminHandler] INFO  pipeline.RatisPipelineProvider (RatisPipelineProvider.java:lambda$close$1(199)) - Send pipeline:PipelineID=867e0515-6171-4b8e-85e5-2d332c029d89 close command to datanode a9b97122-ab75-4dd8-b0be-c80a7b4aee3e
2020-12-17 02:07:16,421 [EventQueue-StartAdminOnNodeForStartDatanodeAdminHandler] INFO  pipeline.PipelineStateManager (PipelineStateManager.java:removePipeline(106)) - Pipeline Pipeline[ Id: 867e0515-6171-4b8e-85e5-2d332c029d89, Nodes: a9b97122-ab75-4dd8-b0be-c80a7b4aee3e{ip: 172.17.0.2, host: 89b9adae2c19, networkLocation: /default-rack, certSerialId: null, persistedOpState: IN_SERVICE, persistedOpStateExpiryEpochSec: 0}, Type:RATIS, Factor:ONE, State:CLOSED, leaderId:a9b97122-ab75-4dd8-b0be-c80a7b4aee3e, CreationTimestamp2020-12-17T02:07:01.960Z] removed from db
2020-12-17 02:07:17,079 [ReplicationMonitor] INFO  container.ReplicationManager (ReplicationManager.java:sendCloseCommand(948)) - Sending close container command for container #1 to datanode 9bbfc1fd-0495-41fe-87c7-bac1979a3990{ip: 172.17.0.2, host: 89b9adae2c19, networkLocation: /default-rack, certSerialId: null, persistedOpState: IN_SERVICE, persistedOpStateExpiryEpochSec: 0}.
2020-12-17 02:07:17,080 [ReplicationMonitor] INFO  container.ReplicationManager (ReplicationManager.java:sendCloseCommand(948)) - Sending close container command for container #1 to datanode 0f866848-1c6a-43de-8969-aeea5cfaa857{ip: 172.17.0.2, host: 89b9adae2c19, networkLocation: /default-rack, certSerialId: null, persistedOpState: IN_SERVICE, persistedOpStateExpiryEpochSec: 0}.
2020-12-17 02:07:17,081 [ReplicationMonitor] INFO  container.ReplicationManager (ReplicationManager.java:sendCloseCommand(948)) - Sending close container command for container #1 to datanode a9b97122-ab75-4dd8-b0be-c80a7b4aee3e{ip: 172.17.0.2, host: 89b9adae2c19, networkLocation: /default-rack, certSerialId: null, persistedOpState: IN_SERVICE, persistedOpStateExpiryEpochSec: 0}.
2020-12-17 02:07:17,081 [ReplicationMonitor] INFO  container.ReplicationManager (ReplicationManager.java:sendCloseCommand(948)) - Sending close container command for container #4 to datanode a9b97122-ab75-4dd8-b0be-c80a7b4aee3e{ip: 172.17.0.2, host: 89b9adae2c19, networkLocation: /default-rack, certSerialId: null, persistedOpState: IN_SERVICE, persistedOpStateExpiryEpochSec: 0}.
2020-12-17 02:07:17,081 [ReplicationMonitor] INFO  container.ReplicationManager (ReplicationManager.java:sendCloseCommand(948)) - Sending close container command for container #4 to datanode 9bbfc1fd-0495-41fe-87c7-bac1979a3990{ip: 172.17.0.2, host: 89b9adae2c19, networkLocation: /default-rack, certSerialId: null, persistedOpState: IN_SERVICE, persistedOpStateExpiryEpochSec: 0}.
2020-12-17 02:07:17,081 [ReplicationMonitor] INFO  container.ReplicationManager (ReplicationManager.java:sendCloseCommand(948)) - Sending close container command for container #4 to datanode 0f866848-1c6a-43de-8969-aeea5cfaa857{ip: 172.17.0.2, host: 89b9adae2c19, networkLocation: /default-rack, certSerialId: null, persistedOpState: IN_SERVICE, persistedOpStateExpiryEpochSec: 0}.
2020-12-17 02:07:17,081 [ReplicationMonitor] INFO  container.ReplicationManager (ReplicationManager.java:run(250)) - Replication Monitor Thread took 2 milliseconds for processing 4 containers.
2020-12-17 02:07:17,366 [IPC Server handler 11 on default port 41841] INFO  node.SCMNodeManager (SCMNodeManager.java:updateDatanodeOpState(419)) - Scheduling a command to update the operationalState persisted on the datanode as the reported value (IN_SERVICE, 0) does not match the value stored in SCM (ENTERING_MAINTENANCE, 0)
2020-12-17 02:07:17,368 [IPC Server handler 13 on default port 41841] INFO  node.SCMNodeManager (SCMNodeManager.java:updateDatanodeOpState(419)) - Scheduling a command to update the operationalState persisted on the datanode as the reported value (IN_SERVICE, 0) does not match the value stored in SCM (ENTERING_MAINTENANCE, 0)
2020-12-17 02:07:17,412 [DatanodeAdminManager-0] INFO  node.DatanodeAdminMonitorImpl (DatanodeAdminMonitorImpl.java:checkContainersReplicatedOnNode(297)) - 9bbfc1fd-0495-41fe-87c7-bac1979a3990{ip: 172.17.0.2, host: 89b9adae2c19, networkLocation: /default-rack, certSerialId: null, persistedOpState: ENTERING_MAINTENANCE, persistedOpStateExpiryEpochSec: 0} has 2 sufficientlyReplicated, 0 underReplicated and 2 unhealthy containers
2020-12-17 02:07:17,412 [DatanodeAdminManager-0] INFO  node.DatanodeAdminMonitorImpl (DatanodeAdminMonitorImpl.java:run(136)) - There are 3 nodes tracked for decommission and maintenance. 0 pending nodes.
2020-12-17 02:07:18,081 [ReplicationMonitor] INFO  container.ReplicationManager (ReplicationManager.java:sendCloseCommand(948)) - Sending close container command for container #1 to datanode 9bbfc1fd-0495-41fe-87c7-bac1979a3990{ip: 172.17.0.2, host: 89b9adae2c19, networkLocation: /default-rack, certSerialId: null, persistedOpState: ENTERING_MAINTENANCE, persistedOpStateExpiryEpochSec: 0}.
2020-12-17 02:07:18,081 [ReplicationMonitor] INFO  container.ReplicationManager (ReplicationManager.java:sendCloseCommand(948)) - Sending close container command for container #1 to datanode 0f866848-1c6a-43de-8969-aeea5cfaa857{ip: 172.17.0.2, host: 89b9adae2c19, networkLocation: /default-rack, certSerialId: null, persistedOpState: IN_SERVICE, persistedOpStateExpiryEpochSec: 0}.
2020-12-17 02:07:18,081 [ReplicationMonitor] INFO  container.ReplicationManager (ReplicationManager.java:sendCloseCommand(948)) - Sending close container command for container #1 to datanode a9b97122-ab75-4dd8-b0be-c80a7b4aee3e{ip: 172.17.0.2, host: 89b9adae2c19, networkLocation: /default-rack, certSerialId: null, persistedOpState: IN_SERVICE, persistedOpStateExpiryEpochSec: 0}.
2020-12-17 02:07:18,082 [ReplicationMonitor] INFO  container.ReplicationManager (ReplicationManager.java:sendCloseCommand(948)) - Sending close container command for container #4 to datanode a9b97122-ab75-4dd8-b0be-c80a7b4aee3e{ip: 172.17.0.2, host: 89b9adae2c19, networkLocation: /default-rack, certSerialId: null, persistedOpState: IN_SERVICE, persistedOpStateExpiryEpochSec: 0}.
2020-12-17 02:07:18,082 [ReplicationMonitor] INFO  container.ReplicationManager (ReplicationManager.java:sendCloseCommand(948)) - Sending close container command for container #4 to datanode 9bbfc1fd-0495-41fe-87c7-bac1979a3990{ip: 172.17.0.2, host: 89b9adae2c19, networkLocation: /default-rack, certSerialId: null, persistedOpState: ENTERING_MAINTENANCE, persistedOpStateExpiryEpochSec: 0}.
2020-12-17 02:07:18,082 [ReplicationMonitor] INFO  container.ReplicationManager (ReplicationManager.java:sendCloseCommand(948)) - Sending close container command for container #4 to datanode 0f866848-1c6a-43de-8969-aeea5cfaa857{ip: 172.17.0.2, host: 89b9adae2c19, networkLocation: /default-rack, certSerialId: null, persistedOpState: IN_SERVICE, persistedOpStateExpiryEpochSec: 0}.
2020-12-17 02:07:18,082 [ReplicationMonitor] INFO  container.ReplicationManager (ReplicationManager.java:run(250)) - Replication Monitor Thread took 1 milliseconds for processing 4 containers.
2020-12-17 02:07:18,366 [Command processor thread] INFO  impl.RaftServerProxy (RaftServerProxy.java:remove(104)) - 0f866848-1c6a-43de-8969-aeea5cfaa857: remove  FOLLOWER 0f866848-1c6a-43de-8969-aeea5cfaa857@group-415A68486C79:t1, leader=a9b97122-ab75-4dd8-b0be-c80a7b4aee3e, voted=a9b97122-ab75-4dd8-b0be-c80a7b4aee3e, raftlog=0f866848-1c6a-43de-8969-aeea5cfaa857@group-415A68486C79-SegmentedRaftLog:OPENED:c44,f46,i46, conf=0: [0f866848-1c6a-43de-8969-aeea5cfaa857|rpc:172.17.0.2:46281|dataStream:, 9bbfc1fd-0495-41fe-87c7-bac1979a3990|rpc:172.17.0.2:34535|dataStream:, a9b97122-ab75-4dd8-b0be-c80a7b4aee3e|rpc:172.17.0.2:44997|dataStream:], old=null RUNNING
2020-12-17 02:07:18,367 [Command processor thread] INFO  impl.RaftServerImpl (RaftServerImpl.java:lambda$shutdown$3(328)) - 0f866848-1c6a-43de-8969-aeea5cfaa857@group-415A68486C79: shutdown
2020-12-17 02:07:18,367 [Command processor thread] INFO  util.JmxRegister (JmxRegister.java:unregister(73)) - Successfully un-registered JMX Bean with object name Ratis:service=RaftServer,group=group-415A68486C79,id=0f866848-1c6a-43de-8969-aeea5cfaa857
2020-12-17 02:07:18,367 [Command processor thread] INFO  impl.RoleInfo (RoleInfo.java:shutdownFollowerState(121)) - 0f866848-1c6a-43de-8969-aeea5cfaa857: shutdown 0f866848-1c6a-43de-8969-aeea5cfaa857@group-415A68486C79-FollowerState
2020-12-17 02:07:18,367 [Command processor thread] INFO  impl.StateMachineUpdater (StateMachineUpdater.java:stopAndJoin(147)) - 0f866848-1c6a-43de-8969-aeea5cfaa857@group-415A68486C79-StateMachineUpdater: set stopIndex = 44
2020-12-17 02:07:18,367 [Thread-876] INFO  impl.FollowerState (FollowerState.java:run(137)) - 0f866848-1c6a-43de-8969-aeea5cfaa857@group-415A68486C79-FollowerState was interrupted: {}
java.lang.InterruptedException: sleep interrupted
	at java.lang.Thread.sleep(Native Method)
	at org.apache.ratis.util.JavaUtils.sleep(JavaUtils.java:250)
	at org.apache.ratis.server.impl.FollowerState.run(FollowerState.java:116)
2020-12-17 02:07:18,368 [Command processor thread] INFO  impl.RaftServerProxy (RaftServerProxy.java:remove(104)) - a9b97122-ab75-4dd8-b0be-c80a7b4aee3e: remove    LEADER a9b97122-ab75-4dd8-b0be-c80a7b4aee3e@group-415A68486C79:t1, leader=a9b97122-ab75-4dd8-b0be-c80a7b4aee3e, voted=a9b97122-ab75-4dd8-b0be-c80a7b4aee3e, raftlog=a9b97122-ab75-4dd8-b0be-c80a7b4aee3e@group-415A68486C79-SegmentedRaftLog:OPENED:c46,f46,i46, conf=0: [0f866848-1c6a-43de-8969-aeea5cfaa857|rpc:172.17.0.2:46281|dataStream:, 9bbfc1fd-0495-41fe-87c7-bac1979a3990|rpc:172.17.0.2:34535|dataStream:, a9b97122-ab75-4dd8-b0be-c80a7b4aee3e|rpc:172.17.0.2:44997|dataStream:], old=null RUNNING
2020-12-17 02:07:18,376 [Command processor thread] INFO  impl.RaftServerImpl (RaftServerImpl.java:lambda$shutdown$3(328)) - a9b97122-ab75-4dd8-b0be-c80a7b4aee3e@group-415A68486C79: shutdown
2020-12-17 02:07:18,377 [Command processor thread] INFO  util.JmxRegister (JmxRegister.java:unregister(73)) - Successfully un-registered JMX Bean with object name Ratis:service=RaftServer,group=group-415A68486C79,id=a9b97122-ab75-4dd8-b0be-c80a7b4aee3e
2020-12-17 02:07:18,377 [Command processor thread] INFO  impl.RoleInfo (RoleInfo.java:shutdownLeaderState(104)) - a9b97122-ab75-4dd8-b0be-c80a7b4aee3e: shutdown a9b97122-ab75-4dd8-b0be-c80a7b4aee3e@group-415A68486C79-LeaderState
2020-12-17 02:07:18,377 [Command processor thread] INFO  metrics.RatisMetrics (RatisMetrics.java:unregister(43)) - Unregistering Metrics Registry : ratis_grpc.log_appender.a9b97122-ab75-4dd8-b0be-c80a7b4aee3e@group-415A68486C79
2020-12-17 02:07:18,377 [Command processor thread] INFO  metrics.RatisMetrics (RatisMetrics.java:unregister(43)) - Unregistering Metrics Registry : ratis_grpc.log_appender.a9b97122-ab75-4dd8-b0be-c80a7b4aee3e@group-415A68486C79
2020-12-17 02:07:18,377 [Command processor thread] INFO  impl.PendingRequests (PendingRequests.java:sendNotLeaderResponses(250)) - a9b97122-ab75-4dd8-b0be-c80a7b4aee3e@group-415A68486C79-PendingRequests: sendNotLeaderResponses
2020-12-17 02:07:18,377 [org.apache.ratis.server.impl.LogAppender$AppenderDaemon$$Lambda$506/1217617741@7cffdd54] WARN  server.GrpcLogAppender (GrpcLogAppender.java:mayWait(168)) - a9b97122-ab75-4dd8-b0be-c80a7b4aee3e@group-415A68486C79->0f866848-1c6a-43de-8969-aeea5cfaa857-GrpcLogAppender: Wait interrupted by java.lang.InterruptedException
2020-12-17 02:07:18,367 [0f866848-1c6a-43de-8969-aeea5cfaa857@group-415A68486C79-StateMachineUpdater] INFO  ratis.ContainerStateMachine (ContainerStateMachine.java:takeSnapshot(293)) - group-415A68486C79: Taking a snapshot at:(t:1, i:44) file /github/workspace/mnt/ozone/hadoop-ozone/integration-test/target/test-dir/MiniOzoneClusterImpl-b9724c50-03f5-4055-971c-7bf7c5f09f05/datanode-3/data/ratis/55f06238-75d0-401a-8ee7-415a68486c79/sm/snapshot.1_44
2020-12-17 02:07:18,379 [Command processor thread] INFO  metrics.RatisMetrics (RatisMetrics.java:unregister(43)) - Unregistering Metrics Registry : ratis.log_appender.a9b97122-ab75-4dd8-b0be-c80a7b4aee3e@group-415A68486C79
2020-12-17 02:07:18,380 [Command processor thread] INFO  metrics.RatisMetrics (RatisMetrics.java:unregister(43)) - Unregistering Metrics Registry : ratis.server.a9b97122-ab75-4dd8-b0be-c80a7b4aee3e@group-415A68486C79
2020-12-17 02:07:18,379 [org.apache.ratis.server.impl.LogAppender$AppenderDaemon$$Lambda$506/1217617741@42467854] WARN  server.GrpcLogAppender (GrpcLogAppender.java:mayWait(168)) - a9b97122-ab75-4dd8-b0be-c80a7b4aee3e@group-415A68486C79->9bbfc1fd-0495-41fe-87c7-bac1979a3990-GrpcLogAppender: Wait interrupted by java.lang.InterruptedException
2020-12-17 02:07:18,381 [0f866848-1c6a-43de-8969-aeea5cfaa857@group-415A68486C79-StateMachineUpdater] INFO  ratis.ContainerStateMachine (ContainerStateMachine.java:takeSnapshot(304)) - group-415A68486C79: Finished taking a snapshot at:(t:1, i:44) file:/github/workspace/mnt/ozone/hadoop-ozone/integration-test/target/test-dir/MiniOzoneClusterImpl-b9724c50-03f5-4055-971c-7bf7c5f09f05/datanode-3/data/ratis/55f06238-75d0-401a-8ee7-415a68486c79/sm/snapshot.1_44 time:14
2020-12-17 02:07:18,382 [0f866848-1c6a-43de-8969-aeea5cfaa857@group-415A68486C79-StateMachineUpdater] INFO  impl.StateMachineUpdater (StateMachineUpdater.java:takeSnapshot(278)) - 0f866848-1c6a-43de-8969-aeea5cfaa857@group-415A68486C79-StateMachineUpdater: Took a snapshot at index 44
2020-12-17 02:07:18,382 [0f866848-1c6a-43de-8969-aeea5cfaa857@group-415A68486C79-StateMachineUpdater] INFO  impl.StateMachineUpdater (StateMachineUpdater.java:lambda$new$0(87)) - 0f866848-1c6a-43de-8969-aeea5cfaa857@group-415A68486C79-StateMachineUpdater: snapshotIndex: updateIncreasingly -1 -> 44
2020-12-17 02:07:18,382 [0f866848-1c6a-43de-8969-aeea5cfaa857@group-415A68486C79-StateMachineUpdater] INFO  metrics.RatisMetrics (RatisMetrics.java:unregister(43)) - Unregistering Metrics Registry : ratis.state_machine.0f866848-1c6a-43de-8969-aeea5cfaa857@group-415A68486C79
2020-12-17 02:07:18,382 [grpc-default-executor-3] INFO  server.GrpcServerProtocolService (GrpcServerProtocolService.java:onCompleted(138)) - 9bbfc1fd-0495-41fe-87c7-bac1979a3990: Completed APPEND_ENTRIES, lastRequest: a9b97122-ab75-4dd8-b0be-c80a7b4aee3e->9bbfc1fd-0495-41fe-87c7-bac1979a3990#666-t1, previous=(t:1, i:45), leaderCommit=44, initializing? false, entries: size=1, first=(t:1, i:46), METADATAENTRY(c:44)
2020-12-17 02:07:18,383 [Command processor thread] INFO  impl.RaftServerImpl (ServerState.java:close(406)) - 0f866848-1c6a-43de-8969-aeea5cfaa857@group-415A68486C79: closes. applyIndex: 44
2020-12-17 02:07:18,383 [0f866848-1c6a-43de-8969-aeea5cfaa857@group-415A68486C79-SegmentedRaftLogWorker] INFO  segmented.SegmentedRaftLogWorker (SegmentedRaftLogWorker.java:run(329)) - 0f866848-1c6a-43de-8969-aeea5cfaa857@group-415A68486C79-SegmentedRaftLogWorker was interrupted, exiting. There are 0 tasks remaining in the queue.
2020-12-17 02:07:18,383 [Command processor thread] INFO  segmented.SegmentedRaftLogWorker (SegmentedRaftLogWorker.java:close(235)) - 0f866848-1c6a-43de-8969-aeea5cfaa857@group-415A68486C79-SegmentedRaftLogWorker close()
2020-12-17 02:07:18,382 [grpc-default-executor-2] INFO  server.GrpcServerProtocolService (GrpcServerProtocolService.java:onCompleted(138)) - 0f866848-1c6a-43de-8969-aeea5cfaa857: Completed APPEND_ENTRIES, lastRequest: a9b97122-ab75-4dd8-b0be-c80a7b4aee3e->0f866848-1c6a-43de-8969-aeea5cfaa857#669-t1, previous=(t:1, i:45), leaderCommit=44, initializing? false, entries: size=1, first=(t:1, i:46), METADATAENTRY(c:44)
2020-12-17 02:07:18,384 [Command processor thread] INFO  metrics.RatisMetrics (RatisMetrics.java:unregister(43)) - Unregistering Metrics Registry : ratis.log_worker.0f866848-1c6a-43de-8969-aeea5cfaa857@group-415A68486C79
2020-12-17 02:07:18,384 [Command processor thread] INFO  metrics.RatisMetrics (RatisMetrics.java:unregister(43)) - Unregistering Metrics Registry : ratis.leader_election.0f866848-1c6a-43de-8969-aeea5cfaa857@group-415A68486C79
2020-12-17 02:07:18,384 [Command processor thread] INFO  metrics.RatisMetrics (RatisMetrics.java:unregister(43)) - Unregistering Metrics Registry : ratis.server.0f866848-1c6a-43de-8969-aeea5cfaa857@group-415A68486C79
2020-12-17 02:07:18,387 [grpc-default-executor-1] INFO  server.GrpcLogAppender (GrpcLogAppender.java:onCompleted(337)) - a9b97122-ab75-4dd8-b0be-c80a7b4aee3e@group-415A68486C79->9bbfc1fd-0495-41fe-87c7-bac1979a3990-AppendLogResponseHandler: follower responses appendEntries COMPLETED
2020-12-17 02:07:18,387 [grpc-default-executor-1] INFO  impl.FollowerInfo (FollowerInfo.java:lambda$new$0(51)) - a9b97122-ab75-4dd8-b0be-c80a7b4aee3e@group-415A68486C79->9bbfc1fd-0495-41fe-87c7-bac1979a3990: nextIndex: updateUnconditionally 47 -> 46
2020-12-17 02:07:18,387 [Command processor thread] INFO  impl.StateMachineUpdater (StateMachineUpdater.java:stopAndJoin(147)) - a9b97122-ab75-4dd8-b0be-c80a7b4aee3e@group-415A68486C79-StateMachineUpdater: set stopIndex = 46
2020-12-17 02:07:18,388 [grpc-default-executor-2] INFO  server.GrpcLogAppender (GrpcLogAppender.java:onCompleted(337)) - a9b97122-ab75-4dd8-b0be-c80a7b4aee3e@group-415A68486C79->0f866848-1c6a-43de-8969-aeea5cfaa857-AppendLogResponseHandler: follower responses appendEntries COMPLETED
2020-12-17 02:07:18,388 [a9b97122-ab75-4dd8-b0be-c80a7b4aee3e@group-415A68486C79-StateMachineUpdater] INFO  ratis.ContainerStateMachine (ContainerStateMachine.java:takeSnapshot(293)) - group-415A68486C79: Taking a snapshot at:(t:1, i:46) file /github/workspace/mnt/ozone/hadoop-ozone/integration-test/target/test-dir/MiniOzoneClusterImpl-b9724c50-03f5-4055-971c-7bf7c5f09f05/datanode-5/data/ratis/55f06238-75d0-401a-8ee7-415a68486c79/sm/snapshot.1_46
2020-12-17 02:07:18,388 [grpc-default-executor-2] INFO  impl.FollowerInfo (FollowerInfo.java:lambda$new$0(51)) - a9b97122-ab75-4dd8-b0be-c80a7b4aee3e@group-415A68486C79->0f866848-1c6a-43de-8969-aeea5cfaa857: nextIndex: updateUnconditionally 47 -> 46
2020-12-17 02:07:18,389 [a9b97122-ab75-4dd8-b0be-c80a7b4aee3e@group-415A68486C79-StateMachineUpdater] INFO  ratis.ContainerStateMachine (ContainerStateMachine.java:takeSnapshot(304)) - group-415A68486C79: Finished taking a snapshot at:(t:1, i:46) file:/github/workspace/mnt/ozone/hadoop-ozone/integration-test/target/test-dir/MiniOzoneClusterImpl-b9724c50-03f5-4055-971c-7bf7c5f09f05/datanode-5/data/ratis/55f06238-75d0-401a-8ee7-415a68486c79/sm/snapshot.1_46 time:1
2020-12-17 02:07:18,389 [a9b97122-ab75-4dd8-b0be-c80a7b4aee3e@group-415A68486C79-StateMachineUpdater] INFO  impl.StateMachineUpdater (StateMachineUpdater.java:takeSnapshot(278)) - a9b97122-ab75-4dd8-b0be-c80a7b4aee3e@group-415A68486C79-StateMachineUpdater: Took a snapshot at index 46
2020-12-17 02:07:18,389 [a9b97122-ab75-4dd8-b0be-c80a7b4aee3e@group-415A68486C79-StateMachineUpdater] INFO  impl.StateMachineUpdater (StateMachineUpdater.java:lambda$new$0(87)) - a9b97122-ab75-4dd8-b0be-c80a7b4aee3e@group-415A68486C79-StateMachineUpdater: snapshotIndex: updateIncreasingly -1 -> 46
2020-12-17 02:07:18,389 [a9b97122-ab75-4dd8-b0be-c80a7b4aee3e@group-415A68486C79-StateMachineUpdater] INFO  metrics.RatisMetrics (RatisMetrics.java:unregister(43)) - Unregistering Metrics Registry : ratis.state_machine.a9b97122-ab75-4dd8-b0be-c80a7b4aee3e@group-415A68486C79
2020-12-17 02:07:18,390 [Command processor thread] INFO  impl.RaftServerImpl (ServerState.java:close(406)) - a9b97122-ab75-4dd8-b0be-c80a7b4aee3e@group-415A68486C79: closes. applyIndex: 46
2020-12-17 02:07:18,390 [a9b97122-ab75-4dd8-b0be-c80a7b4aee3e@group-415A68486C79-SegmentedRaftLogWorker] INFO  segmented.SegmentedRaftLogWorker (SegmentedRaftLogWorker.java:run(329)) - a9b97122-ab75-4dd8-b0be-c80a7b4aee3e@group-415A68486C79-SegmentedRaftLogWorker was interrupted, exiting. There are 0 tasks remaining in the queue.
2020-12-17 02:07:18,390 [Command processor thread] INFO  segmented.SegmentedRaftLogWorker (SegmentedRaftLogWorker.java:close(235)) - a9b97122-ab75-4dd8-b0be-c80a7b4aee3e@group-415A68486C79-SegmentedRaftLogWorker close()
2020-12-17 02:07:18,392 [Command processor thread] INFO  keyvalue.KeyValueContainer (KeyValueContainer.java:flushAndSyncDB(388)) - Container 1 is synced with bcsId 40.
2020-12-17 02:07:18,392 [Command processor thread] INFO  keyvalue.KeyValueContainer (KeyValueContainer.java:flushAndSyncDB(388)) - Container 1 is synced with bcsId 40.
2020-12-17 02:07:18,394 [Command processor thread] INFO  metrics.RatisMetrics (RatisMetrics.java:unregister(43)) - Unregistering Metrics Registry : ratis.log_worker.a9b97122-ab75-4dd8-b0be-c80a7b4aee3e@group-415A68486C79
2020-12-17 02:07:18,394 [Command processor thread] INFO  metrics.RatisMetrics (RatisMetrics.java:unregister(43)) - Unregistering Metrics Registry : ratis.leader_election.a9b97122-ab75-4dd8-b0be-c80a7b4aee3e@group-415A68486C79
2020-12-17 02:07:18,394 [Command processor thread] INFO  metrics.RatisMetrics (RatisMetrics.java:unregister(43)) - Unregistering Metrics Registry : ratis.server.a9b97122-ab75-4dd8-b0be-c80a7b4aee3e@group-415A68486C79
2020-12-17 02:07:18,397 [EventQueue-IncrementalContainerReportForIncrementalContainerReportHandler] INFO  container.IncrementalContainerReportHandler (AbstractContainerReportHandler.java:updateContainerState(208)) - Moving container #1 to QUASI_CLOSED state, datanode 0f866848-1c6a-43de-8969-aeea5cfaa857{ip: 172.17.0.2, host: 89b9adae2c19, networkLocation: /default-rack, certSerialId: null, persistedOpState: ENTERING_MAINTENANCE, persistedOpStateExpiryEpochSec: 0} reported QUASI_CLOSED replica.
2020-12-17 02:07:18,399 [Command processor thread] INFO  keyvalue.KeyValueContainer (KeyValueContainer.java:flushAndSyncDB(388)) - Container 1 is synced with bcsId 40.
2020-12-17 02:07:18,400 [Command processor thread] INFO  keyvalue.KeyValueContainer (KeyValueContainer.java:flushAndSyncDB(388)) - Container 1 is synced with bcsId 40.
2020-12-17 02:07:18,400 [Command processor thread] INFO  keyvalue.KeyValueContainer (KeyValueContainer.java:flushAndSyncDB(388)) - Container 4 is synced with bcsId 44.
2020-12-17 02:07:18,400 [Command processor thread] INFO  keyvalue.KeyValueContainer (KeyValueContainer.java:flushAndSyncDB(388)) - Container 4 is synced with bcsId 44.
2020-12-17 02:07:18,404 [Command processor thread] INFO  keyvalue.KeyValueContainer (KeyValueContainer.java:flushAndSyncDB(388)) - Container 4 is synced with bcsId 44.
2020-12-17 02:07:18,404 [Command processor thread] INFO  keyvalue.KeyValueContainer (KeyValueContainer.java:flushAndSyncDB(388)) - Container 4 is synced with bcsId 44.
2020-12-17 02:07:18,407 [EventQueue-IncrementalContainerReportForIncrementalContainerReportHandler] INFO  container.IncrementalContainerReportHandler (AbstractContainerReportHandler.java:updateContainerState(208)) - Moving container #4 to QUASI_CLOSED state, datanode 0f866848-1c6a-43de-8969-aeea5cfaa857{ip: 172.17.0.2, host: 89b9adae2c19, networkLocation: /default-rack, certSerialId: null, persistedOpState: ENTERING_MAINTENANCE, persistedOpStateExpiryEpochSec: 0} reported QUASI_CLOSED replica.
2020-12-17 02:07:18,408 [Command processor thread] INFO  impl.RaftServerImpl (RaftServerImpl.java:groupRemove(299)) - a9b97122-ab75-4dd8-b0be-c80a7b4aee3e@group-415A68486C79: Succeed to remove RaftStorageDirectory Storage Directory /github/workspace/mnt/ozone/hadoop-ozone/integration-test/target/test-dir/MiniOzoneClusterImpl-b9724c50-03f5-4055-971c-7bf7c5f09f05/datanode-5/data/ratis/55f06238-75d0-401a-8ee7-415a68486c79
2020-12-17 02:07:18,408 [Command processor thread] INFO  commandhandler.ClosePipelineCommandHandler (ClosePipelineCommandHandler.java:handle(75)) - Close Pipeline PipelineID=55f06238-75d0-401a-8ee7-415a68486c79 command on datanode a9b97122-ab75-4dd8-b0be-c80a7b4aee3e.
2020-12-17 02:07:18,409 [Command processor thread] INFO  impl.RaftServerProxy (RaftServerProxy.java:remove(104)) - a9b97122-ab75-4dd8-b0be-c80a7b4aee3e: remove    LEADER a9b97122-ab75-4dd8-b0be-c80a7b4aee3e@group-2D332C029D89:t1, leader=a9b97122-ab75-4dd8-b0be-c80a7b4aee3e, voted=a9b97122-ab75-4dd8-b0be-c80a7b4aee3e, raftlog=a9b97122-ab75-4dd8-b0be-c80a7b4aee3e@group-2D332C029D89-SegmentedRaftLog:OPENED:c0,f0,i0, conf=0: [a9b97122-ab75-4dd8-b0be-c80a7b4aee3e|rpc:172.17.0.2:44997|dataStream:], old=null RUNNING
2020-12-17 02:07:18,409 [Command processor thread] INFO  impl.RaftServerImpl (RaftServerImpl.java:lambda$shutdown$3(328)) - a9b97122-ab75-4dd8-b0be-c80a7b4aee3e@group-2D332C029D89: shutdown
2020-12-17 02:07:18,409 [Command processor thread] INFO  util.JmxRegister (JmxRegister.java:unregister(73)) - Successfully un-registered JMX Bean with object name Ratis:service=RaftServer,group=group-2D332C029D89,id=a9b97122-ab75-4dd8-b0be-c80a7b4aee3e
2020-12-17 02:07:18,409 [Command processor thread] INFO  impl.RoleInfo (RoleInfo.java:shutdownLeaderState(104)) - a9b97122-ab75-4dd8-b0be-c80a7b4aee3e: shutdown a9b97122-ab75-4dd8-b0be-c80a7b4aee3e@group-2D332C029D89-LeaderState
2020-12-17 02:07:18,409 [Command processor thread] INFO  impl.PendingRequests (PendingRequests.java:sendNotLeaderResponses(250)) - a9b97122-ab75-4dd8-b0be-c80a7b4aee3e@group-2D332C029D89-PendingRequests: sendNotLeaderResponses
2020-12-17 02:07:18,410 [Command processor thread] INFO  metrics.RatisMetrics (RatisMetrics.java:unregister(43)) - Unregistering Metrics Registry : ratis.log_appender.a9b97122-ab75-4dd8-b0be-c80a7b4aee3e@group-2D332C029D89
2020-12-17 02:07:18,412 [Command processor thread] INFO  metrics.RatisMetrics (RatisMetrics.java:unregister(43)) - Unregistering Metrics Registry : ratis.server.a9b97122-ab75-4dd8-b0be-c80a7b4aee3e@group-2D332C029D89
2020-12-17 02:07:18,412 [a9b97122-ab75-4dd8-b0be-c80a7b4aee3e@group-2D332C029D89-StateMachineUpdater] INFO  ratis.ContainerStateMachine (ContainerStateMachine.java:takeSnapshot(293)) - group-2D332C029D89: Taking a snapshot at:(t:1, i:0) file /github/workspace/mnt/ozone/hadoop-ozone/integration-test/target/test-dir/MiniOzoneClusterImpl-b9724c50-03f5-4055-971c-7bf7c5f09f05/datanode-5/data/ratis/867e0515-6171-4b8e-85e5-2d332c029d89/sm/snapshot.1_0
2020-12-17 02:07:18,408 [Command processor thread] INFO  impl.RaftServerImpl (RaftServerImpl.java:groupRemove(299)) - 0f866848-1c6a-43de-8969-aeea5cfaa857@group-415A68486C79: Succeed to remove RaftStorageDirectory Storage Directory /github/workspace/mnt/ozone/hadoop-ozone/integration-test/target/test-dir/MiniOzoneClusterImpl-b9724c50-03f5-4055-971c-7bf7c5f09f05/datanode-3/data/ratis/55f06238-75d0-401a-8ee7-415a68486c79
2020-12-17 02:07:18,413 [Command processor thread] INFO  impl.StateMachineUpdater (StateMachineUpdater.java:stopAndJoin(147)) - a9b97122-ab75-4dd8-b0be-c80a7b4aee3e@group-2D332C029D89-StateMachineUpdater: set stopIndex = 0
2020-12-17 02:07:18,410 [DatanodeAdminManager-0] INFO  node.DatanodeAdminMonitorImpl (DatanodeAdminMonitorImpl.java:checkContainersReplicatedOnNode(297)) - 0f866848-1c6a-43de-8969-aeea5cfaa857{ip: 172.17.0.2, host: 89b9adae2c19, networkLocation: /default-rack, certSerialId: null, persistedOpState: ENTERING_MAINTENANCE, persistedOpStateExpiryEpochSec: 0} has 0 sufficientlyReplicated, 2 underReplicated and 0 unhealthy containers
2020-12-17 02:07:18,414 [Command processor thread] INFO  commandhandler.ClosePipelineCommandHandler (ClosePipelineCommandHandler.java:handle(75)) - Close Pipeline PipelineID=55f06238-75d0-401a-8ee7-415a68486c79 command on datanode 0f866848-1c6a-43de-8969-aeea5cfaa857.
2020-12-17 02:07:18,414 [Command processor thread] INFO  impl.RaftServerProxy (RaftServerProxy.java:remove(104)) - 0f866848-1c6a-43de-8969-aeea5cfaa857: remove    LEADER 0f866848-1c6a-43de-8969-aeea5cfaa857@group-B46DC85C5C5B:t1, leader=0f866848-1c6a-43de-8969-aeea5cfaa857, voted=0f866848-1c6a-43de-8969-aeea5cfaa857, raftlog=0f866848-1c6a-43de-8969-aeea5cfaa857@group-B46DC85C5C5B-SegmentedRaftLog:OPENED:c0,f0,i0, conf=0: [0f866848-1c6a-43de-8969-aeea5cfaa857|rpc:172.17.0.2:46281|dataStream:], old=null RUNNING
2020-12-17 02:07:18,414 [DatanodeAdminManager-0] INFO  node.DatanodeAdminMonitorImpl (DatanodeAdminMonitorImpl.java:checkContainersReplicatedOnNode(297)) - 9bbfc1fd-0495-41fe-87c7-bac1979a3990{ip: 172.17.0.2, host: 89b9adae2c19, networkLocation: /default-rack, certSerialId: null, persistedOpState: ENTERING_MAINTENANCE, persistedOpStateExpiryEpochSec: 0} has 0 sufficientlyReplicated, 2 underReplicated and 0 unhealthy containers
2020-12-17 02:07:18,414 [a9b97122-ab75-4dd8-b0be-c80a7b4aee3e@group-2D332C029D89-StateMachineUpdater] INFO  ratis.ContainerStateMachine (ContainerStateMachine.java:takeSnapshot(304)) - group-2D332C029D89: Finished taking a snapshot at:(t:1, i:0) file:/github/workspace/mnt/ozone/hadoop-ozone/integration-test/target/test-dir/MiniOzoneClusterImpl-b9724c50-03f5-4055-971c-7bf7c5f09f05/datanode-5/data/ratis/867e0515-6171-4b8e-85e5-2d332c029d89/sm/snapshot.1_0 time:1
2020-12-17 02:07:18,414 [Command processor thread] INFO  impl.RaftServerImpl (RaftServerImpl.java:lambda$shutdown$3(328)) - 0f866848-1c6a-43de-8969-aeea5cfaa857@group-B46DC85C5C5B: shutdown
2020-12-17 02:07:18,415 [Command processor thread] INFO  util.JmxRegister (JmxRegister.java:unregister(73)) - Successfully un-registered JMX Bean with object name Ratis:service=RaftServer,group=group-B46DC85C5C5B,id=0f866848-1c6a-43de-8969-aeea5cfaa857
2020-12-17 02:07:18,415 [a9b97122-ab75-4dd8-b0be-c80a7b4aee3e@group-2D332C029D89-StateMachineUpdater] INFO  impl.StateMachineUpdater (StateMachineUpdater.java:takeSnapshot(278)) - a9b97122-ab75-4dd8-b0be-c80a7b4aee3e@group-2D332C029D89-StateMachineUpdater: Took a snapshot at index 0
2020-12-17 02:07:18,415 [a9b97122-ab75-4dd8-b0be-c80a7b4aee3e@group-2D332C029D89-StateMachineUpdater] INFO  impl.StateMachineUpdater (StateMachineUpdater.java:lambda$new$0(87)) - a9b97122-ab75-4dd8-b0be-c80a7b4aee3e@group-2D332C029D89-StateMachineUpdater: snapshotIndex: updateIncreasingly -1 -> 0
2020-12-17 02:07:18,415 [DatanodeAdminManager-0] INFO  node.DatanodeAdminMonitorImpl (DatanodeAdminMonitorImpl.java:checkContainersReplicatedOnNode(297)) - a9b97122-ab75-4dd8-b0be-c80a7b4aee3e{ip: 172.17.0.2, host: 89b9adae2c19, networkLocation: /default-rack, certSerialId: null, persistedOpState: ENTERING_MAINTENANCE, persistedOpStateExpiryEpochSec: 0} has 0 sufficientlyReplicated, 2 underReplicated and 0 unhealthy containers
2020-12-17 02:07:18,415 [DatanodeAdminManager-0] INFO  node.DatanodeAdminMonitorImpl (DatanodeAdminMonitorImpl.java:run(136)) - There are 3 nodes tracked for decommission and maintenance. 0 pending nodes.
2020-12-17 02:07:18,415 [Command processor thread] INFO  impl.RoleInfo (RoleInfo.java:shutdownLeaderState(104)) - 0f866848-1c6a-43de-8969-aeea5cfaa857: shutdown 0f866848-1c6a-43de-8969-aeea5cfaa857@group-B46DC85C5C5B-LeaderState
2020-12-17 02:07:18,415 [a9b97122-ab75-4dd8-b0be-c80a7b4aee3e@group-2D332C029D89-StateMachineUpdater] INFO  metrics.RatisMetrics (RatisMetrics.java:unregister(43)) - Unregistering Metrics Registry : ratis.state_machine.a9b97122-ab75-4dd8-b0be-c80a7b4aee3e@group-2D332C029D89
2020-12-17 02:07:18,415 [Command processor thread] INFO  impl.PendingRequests (PendingRequests.java:sendNotLeaderResponses(250)) - 0f866848-1c6a-43de-8969-aeea5cfaa857@group-B46DC85C5C5B-PendingRequests: sendNotLeaderResponses
2020-12-17 02:07:18,416 [Command processor thread] INFO  metrics.RatisMetrics (RatisMetrics.java:unregister(43)) - Unregistering Metrics Registry : ratis.log_appender.0f866848-1c6a-43de-8969-aeea5cfaa857@group-B46DC85C5C5B
2020-12-17 02:07:18,416 [Command processor thread] INFO  metrics.RatisMetrics (RatisMetrics.java:unregister(43)) - Unregistering Metrics Registry : ratis.server.0f866848-1c6a-43de-8969-aeea5cfaa857@group-B46DC85C5C5B
2020-12-17 02:07:18,416 [0f866848-1c6a-43de-8969-aeea5cfaa857@group-B46DC85C5C5B-StateMachineUpdater] INFO  ratis.ContainerStateMachine (ContainerStateMachine.java:takeSnapshot(293)) - group-B46DC85C5C5B: Taking a snapshot at:(t:1, i:0) file /github/workspace/mnt/ozone/hadoop-ozone/integration-test/target/test-dir/MiniOzoneClusterImpl-b9724c50-03f5-4055-971c-7bf7c5f09f05/datanode-3/data/ratis/7f9a6932-f29b-485f-b7b2-b46dc85c5c5b/sm/snapshot.1_0
2020-12-17 02:07:18,416 [Command processor thread] INFO  impl.StateMachineUpdater (StateMachineUpdater.java:stopAndJoin(147)) - 0f866848-1c6a-43de-8969-aeea5cfaa857@group-B46DC85C5C5B-StateMachineUpdater: set stopIndex = 0
2020-12-17 02:07:18,417 [Command processor thread] INFO  impl.RaftServerImpl (ServerState.java:close(406)) - a9b97122-ab75-4dd8-b0be-c80a7b4aee3e@group-2D332C029D89: closes. applyIndex: 0
2020-12-17 02:07:18,417 [0f866848-1c6a-43de-8969-aeea5cfaa857@group-B46DC85C5C5B-StateMachineUpdater] INFO  ratis.ContainerStateMachine (ContainerStateMachine.java:takeSnapshot(304)) - group-B46DC85C5C5B: Finished taking a snapshot at:(t:1, i:0) file:/github/workspace/mnt/ozone/hadoop-ozone/integration-test/target/test-dir/MiniOzoneClusterImpl-b9724c50-03f5-4055-971c-7bf7c5f09f05/datanode-3/data/ratis/7f9a6932-f29b-485f-b7b2-b46dc85c5c5b/sm/snapshot.1_0 time:0
2020-12-17 02:07:18,417 [0f866848-1c6a-43de-8969-aeea5cfaa857@group-B46DC85C5C5B-StateMachineUpdater] INFO  impl.StateMachineUpdater (StateMachineUpdater.java:takeSnapshot(278)) - 0f866848-1c6a-43de-8969-aeea5cfaa857@group-B46DC85C5C5B-StateMachineUpdater: Took a snapshot at index 0
2020-12-17 02:07:18,417 [0f866848-1c6a-43de-8969-aeea5cfaa857@group-B46DC85C5C5B-StateMachineUpdater] INFO  impl.StateMachineUpdater (StateMachineUpdater.java:lambda$new$0(87)) - 0f866848-1c6a-43de-8969-aeea5cfaa857@group-B46DC85C5C5B-StateMachineUpdater: snapshotIndex: updateIncreasingly -1 -> 0
2020-12-17 02:07:18,417 [0f866848-1c6a-43de-8969-aeea5cfaa857@group-B46DC85C5C5B-StateMachineUpdater] INFO  metrics.RatisMetrics (RatisMetrics.java:unregister(43)) - Unregistering Metrics Registry : ratis.state_machine.0f866848-1c6a-43de-8969-aeea5cfaa857@group-B46DC85C5C5B
2020-12-17 02:07:18,417 [Command processor thread] INFO  impl.RaftServerImpl (ServerState.java:close(406)) - 0f866848-1c6a-43de-8969-aeea5cfaa857@group-B46DC85C5C5B: closes. applyIndex: 0
2020-12-17 02:07:18,418 [0f866848-1c6a-43de-8969-aeea5cfaa857@group-B46DC85C5C5B-SegmentedRaftLogWorker] INFO  segmented.SegmentedRaftLogWorker (SegmentedRaftLogWorker.java:run(329)) - 0f866848-1c6a-43de-8969-aeea5cfaa857@group-B46DC85C5C5B-SegmentedRaftLogWorker was interrupted, exiting. There are 0 tasks remaining in the queue.
2020-12-17 02:07:18,418 [Command processor thread] INFO  segmented.SegmentedRaftLogWorker (SegmentedRaftLogWorker.java:close(235)) - 0f866848-1c6a-43de-8969-aeea5cfaa857@group-B46DC85C5C5B-SegmentedRaftLogWorker close()
2020-12-17 02:07:18,419 [Command processor thread] INFO  metrics.RatisMetrics (RatisMetrics.java:unregister(43)) - Unregistering Metrics Registry : ratis.log_worker.0f866848-1c6a-43de-8969-aeea5cfaa857@group-B46DC85C5C5B
2020-12-17 02:07:18,419 [Command processor thread] INFO  metrics.RatisMetrics (RatisMetrics.java:unregister(43)) - Unregistering Metrics Registry : ratis.leader_election.0f866848-1c6a-43de-8969-aeea5cfaa857@group-B46DC85C5C5B
2020-12-17 02:07:18,419 [Command processor thread] INFO  metrics.RatisMetrics (RatisMetrics.java:unregister(43)) - Unregistering Metrics Registry : ratis.server.0f866848-1c6a-43de-8969-aeea5cfaa857@group-B46DC85C5C5B
2020-12-17 02:07:18,420 [Command processor thread] INFO  impl.RaftServerImpl (RaftServerImpl.java:groupRemove(299)) - 0f866848-1c6a-43de-8969-aeea5cfaa857@group-B46DC85C5C5B: Succeed to remove RaftStorageDirectory Storage Directory /github/workspace/mnt/ozone/hadoop-ozone/integration-test/target/test-dir/MiniOzoneClusterImpl-b9724c50-03f5-4055-971c-7bf7c5f09f05/datanode-3/data/ratis/7f9a6932-f29b-485f-b7b2-b46dc85c5c5b
2020-12-17 02:07:18,420 [Command processor thread] INFO  commandhandler.ClosePipelineCommandHandler (ClosePipelineCommandHandler.java:handle(75)) - Close Pipeline PipelineID=7f9a6932-f29b-485f-b7b2-b46dc85c5c5b command on datanode 0f866848-1c6a-43de-8969-aeea5cfaa857.
2020-12-17 02:07:18,421 [Command processor thread] WARN  impl.RaftServerProxy (RaftServerProxy.java:remove(99)) - 0f866848-1c6a-43de-8969-aeea5cfaa857: does not contain group: group-B46DC85C5C5B
2020-12-17 02:07:18,421 [Command processor thread] ERROR commandhandler.ClosePipelineCommandHandler (ClosePipelineCommandHandler.java:handle(78)) - Can't close pipeline PipelineID=7f9a6932-f29b-485f-b7b2-b46dc85c5c5b
java.io.IOException: 0f866848-1c6a-43de-8969-aeea5cfaa857: Group group-B46DC85C5C5B not found.
	at org.apache.hadoop.ozone.container.common.transport.server.ratis.XceiverServerRatis.removeGroup(XceiverServerRatis.java:774)
	at org.apache.hadoop.ozone.container.common.statemachine.commandhandler.ClosePipelineCommandHandler.handle(ClosePipelineCommandHandler.java:74)
	at org.apache.hadoop.ozone.container.common.statemachine.commandhandler.CommandDispatcher.handle(CommandDispatcher.java:99)
	at org.apache.hadoop.ozone.container.common.statemachine.DatanodeStateMachine.lambda$initCommandHandlerThread$2(DatanodeStateMachine.java:498)
	at java.lang.Thread.run(Thread.java:748)
Caused by: org.apache.ratis.protocol.exceptions.GroupMismatchException: 0f866848-1c6a-43de-8969-aeea5cfaa857: Group group-B46DC85C5C5B not found.
	at org.apache.ratis.server.impl.RaftServerProxy.groupRemoveAsync(RaftServerProxy.java:445)
	at org.apache.ratis.server.impl.RaftServerProxy.groupManagementAsync(RaftServerProxy.java:401)
	at org.apache.ratis.server.impl.RaftServerProxy.groupManagement(RaftServerProxy.java:381)
	at org.apache.hadoop.ozone.container.common.transport.server.ratis.XceiverServerRatis.removeGroup(XceiverServerRatis.java:772)
	... 4 more
2020-12-17 02:07:18,421 [Command processor thread] WARN  impl.RaftServerProxy (RaftServerProxy.java:remove(99)) - 0f866848-1c6a-43de-8969-aeea5cfaa857: does not contain group: group-415A68486C79
2020-12-17 02:07:18,421 [Command processor thread] ERROR commandhandler.ClosePipelineCommandHandler (ClosePipelineCommandHandler.java:handle(78)) - Can't close pipeline PipelineID=55f06238-75d0-401a-8ee7-415a68486c79
java.io.IOException: 0f866848-1c6a-43de-8969-aeea5cfaa857: Group group-415A68486C79 not found.
	at org.apache.hadoop.ozone.container.common.transport.server.ratis.XceiverServerRatis.removeGroup(XceiverServerRatis.java:774)
	at org.apache.hadoop.ozone.container.common.statemachine.commandhandler.ClosePipelineCommandHandler.handle(ClosePipelineCommandHandler.java:74)
	at org.apache.hadoop.ozone.container.common.statemachine.commandhandler.CommandDispatcher.handle(CommandDispatcher.java:99)
	at org.apache.hadoop.ozone.container.common.statemachine.DatanodeStateMachine.lambda$initCommandHandlerThread$2(DatanodeStateMachine.java:498)
	at java.lang.Thread.run(Thread.java:748)
Caused by: org.apache.ratis.protocol.exceptions.GroupMismatchException: 0f866848-1c6a-43de-8969-aeea5cfaa857: Group group-415A68486C79 not found.
	at org.apache.ratis.server.impl.RaftServerProxy.groupRemoveAsync(RaftServerProxy.java:445)
	at org.apache.ratis.server.impl.RaftServerProxy.groupManagementAsync(RaftServerProxy.java:401)
	at org.apache.ratis.server.impl.RaftServerProxy.groupManagement(RaftServerProxy.java:381)
	at org.apache.hadoop.ozone.container.common.transport.server.ratis.XceiverServerRatis.removeGroup(XceiverServerRatis.java:772)
	... 4 more
2020-12-17 02:07:18,422 [Command processor thread] WARN  impl.RaftServerProxy (RaftServerProxy.java:remove(99)) - 0f866848-1c6a-43de-8969-aeea5cfaa857: does not contain group: group-B46DC85C5C5B
2020-12-17 02:07:18,422 [Command processor thread] ERROR commandhandler.ClosePipelineCommandHandler (ClosePipelineCommandHandler.java:handle(78)) - Can't close pipeline PipelineID=7f9a6932-f29b-485f-b7b2-b46dc85c5c5b
java.io.IOException: 0f866848-1c6a-43de-8969-aeea5cfaa857: Group group-B46DC85C5C5B not found.
	at org.apache.hadoop.ozone.container.common.transport.server.ratis.XceiverServerRatis.removeGroup(XceiverServerRatis.java:774)
	at org.apache.hadoop.ozone.container.common.statemachine.commandhandler.ClosePipelineCommandHandler.handle(ClosePipelineCommandHandler.java:74)
	at org.apache.hadoop.ozone.container.common.statemachine.commandhandler.CommandDispatcher.handle(CommandDispatcher.java:99)
	at org.apache.hadoop.ozone.container.common.statemachine.DatanodeStateMachine.lambda$initCommandHandlerThread$2(DatanodeStateMachine.java:498)
	at java.lang.Thread.run(Thread.java:748)
Caused by: org.apache.ratis.protocol.exceptions.GroupMismatchException: 0f866848-1c6a-43de-8969-aeea5cfaa857: Group group-B46DC85C5C5B not found.
	at org.apache.ratis.server.impl.RaftServerProxy.groupRemoveAsync(RaftServerProxy.java:445)
	at org.apache.ratis.server.impl.RaftServerProxy.groupManagementAsync(RaftServerProxy.java:401)
	at org.apache.ratis.server.impl.RaftServerProxy.groupManagement(RaftServerProxy.java:381)
	at org.apache.hadoop.ozone.container.common.transport.server.ratis.XceiverServerRatis.removeGroup(XceiverServerRatis.java:772)
	... 4 more
2020-12-17 02:07:18,422 [Command processor thread] WARN  impl.RaftServerProxy (RaftServerProxy.java:remove(99)) - 0f866848-1c6a-43de-8969-aeea5cfaa857: does not contain group: group-415A68486C79
2020-12-17 02:07:18,422 [Command processor thread] ERROR commandhandler.ClosePipelineCommandHandler (ClosePipelineCommandHandler.java:handle(78)) - Can't close pipeline PipelineID=55f06238-75d0-401a-8ee7-415a68486c79
java.io.IOException: 0f866848-1c6a-43de-8969-aeea5cfaa857: Group group-415A68486C79 not found.
	at org.apache.hadoop.ozone.container.common.transport.server.ratis.XceiverServerRatis.removeGroup(XceiverServerRatis.java:774)
	at org.apache.hadoop.ozone.container.common.statemachine.commandhandler.ClosePipelineCommandHandler.handle(ClosePipelineCommandHandler.java:74)
	at org.apache.hadoop.ozone.container.common.statemachine.commandhandler.CommandDispatcher.handle(CommandDispatcher.java:99)
	at org.apache.hadoop.ozone.container.common.statemachine.DatanodeStateMachine.lambda$initCommandHandlerThread$2(DatanodeStateMachine.java:498)
	at java.lang.Thread.run(Thread.java:748)
Caused by: org.apache.ratis.protocol.exceptions.GroupMismatchException: 0f866848-1c6a-43de-8969-aeea5cfaa857: Group group-415A68486C79 not found.
	at org.apache.ratis.server.impl.RaftServerProxy.groupRemoveAsync(RaftServerProxy.java:445)
	at org.apache.ratis.server.impl.RaftServerProxy.groupManagementAsync(RaftServerProxy.java:401)
	at org.apache.ratis.server.impl.RaftServerProxy.groupManagement(RaftServerProxy.java:381)
	at org.apache.hadoop.ozone.container.common.transport.server.ratis.XceiverServerRatis.removeGroup(XceiverServerRatis.java:772)
	... 4 more
2020-12-17 02:07:18,422 [Command processor thread] WARN  impl.RaftServerProxy (RaftServerProxy.java:remove(99)) - 0f866848-1c6a-43de-8969-aeea5cfaa857: does not contain group: group-B46DC85C5C5B
2020-12-17 02:07:18,422 [Command processor thread] ERROR commandhandler.ClosePipelineCommandHandler (ClosePipelineCommandHandler.java:handle(78)) - Can't close pipeline PipelineID=7f9a6932-f29b-485f-b7b2-b46dc85c5c5b
java.io.IOException: 0f866848-1c6a-43de-8969-aeea5cfaa857: Group group-B46DC85C5C5B not found.
	at org.apache.hadoop.ozone.container.common.transport.server.ratis.XceiverServerRatis.removeGroup(XceiverServerRatis.java:774)
	at org.apache.hadoop.ozone.container.common.statemachine.commandhandler.ClosePipelineCommandHandler.handle(ClosePipelineCommandHandler.java:74)
	at org.apache.hadoop.ozone.container.common.statemachine.commandhandler.CommandDispatcher.handle(CommandDispatcher.java:99)
	at org.apache.hadoop.ozone.container.common.statemachine.DatanodeStateMachine.lambda$initCommandHandlerThread$2(DatanodeStateMachine.java:498)
	at java.lang.Thread.run(Thread.java:748)
Caused by: org.apache.ratis.protocol.exceptions.GroupMismatchException: 0f866848-1c6a-43de-8969-aeea5cfaa857: Group group-B46DC85C5C5B not found.
	at org.apache.ratis.server.impl.RaftServerProxy.groupRemoveAsync(RaftServerProxy.java:445)
	at org.apache.ratis.server.impl.RaftServerProxy.groupManagementAsync(RaftServerProxy.java:401)
	at org.apache.ratis.server.impl.RaftServerProxy.groupManagement(RaftServerProxy.java:381)
	at org.apache.hadoop.ozone.container.common.transport.server.ratis.XceiverServerRatis.removeGroup(XceiverServerRatis.java:772)
	... 4 more
2020-12-17 02:07:18,423 [a9b97122-ab75-4dd8-b0be-c80a7b4aee3e@group-2D332C029D89-SegmentedRaftLogWorker] INFO  segmented.SegmentedRaftLogWorker (SegmentedRaftLogWorker.java:run(329)) - a9b97122-ab75-4dd8-b0be-c80a7b4aee3e@group-2D332C029D89-SegmentedRaftLogWorker was interrupted, exiting. There are 0 tasks remaining in the queue.
2020-12-17 02:07:18,423 [Command processor thread] INFO  segmented.SegmentedRaftLogWorker (SegmentedRaftLogWorker.java:close(235)) - a9b97122-ab75-4dd8-b0be-c80a7b4aee3e@group-2D332C029D89-SegmentedRaftLogWorker close()
2020-12-17 02:07:18,423 [Command processor thread] WARN  impl.RaftServerProxy (RaftServerProxy.java:remove(99)) - 0f866848-1c6a-43de-8969-aeea5cfaa857: does not contain group: group-415A68486C79
2020-12-17 02:07:18,427 [Command processor thread] ERROR commandhandler.ClosePipelineCommandHandler (ClosePipelineCommandHandler.java:handle(78)) - Can't close pipeline PipelineID=55f06238-75d0-401a-8ee7-415a68486c79
java.io.IOException: 0f866848-1c6a-43de-8969-aeea5cfaa857: Group group-415A68486C79 not found.
	at org.apache.hadoop.ozone.container.common.transport.server.ratis.XceiverServerRatis.removeGroup(XceiverServerRatis.java:774)
	at org.apache.hadoop.ozone.container.common.statemachine.commandhandler.ClosePipelineCommandHandler.handle(ClosePipelineCommandHandler.java:74)
	at org.apache.hadoop.ozone.container.common.statemachine.commandhandler.CommandDispatcher.handle(CommandDispatcher.java:99)
	at org.apache.hadoop.ozone.container.common.statemachine.DatanodeStateMachine.lambda$initCommandHandlerThread$2(DatanodeStateMachine.java:498)
	at java.lang.Thread.run(Thread.java:748)
Caused by: org.apache.ratis.protocol.exceptions.GroupMismatchException: 0f866848-1c6a-43de-8969-aeea5cfaa857: Group group-415A68486C79 not found.
	at org.apache.ratis.server.impl.RaftServerProxy.groupRemoveAsync(RaftServerProxy.java:445)
	at org.apache.ratis.server.impl.RaftServerProxy.groupManagementAsync(RaftServerProxy.java:401)
	at org.apache.ratis.server.impl.RaftServerProxy.groupManagement(RaftServerProxy.java:381)
	at org.apache.hadoop.ozone.container.common.transport.server.ratis.XceiverServerRatis.removeGroup(XceiverServerRatis.java:772)
	... 4 more
2020-12-17 02:07:18,427 [Command processor thread] WARN  impl.RaftServerProxy (RaftServerProxy.java:remove(99)) - 0f866848-1c6a-43de-8969-aeea5cfaa857: does not contain group: group-B46DC85C5C5B
2020-12-17 02:07:18,427 [Command processor thread] ERROR commandhandler.ClosePipelineCommandHandler (ClosePipelineCommandHandler.java:handle(78)) - Can't close pipeline PipelineID=7f9a6932-f29b-485f-b7b2-b46dc85c5c5b
java.io.IOException: 0f866848-1c6a-43de-8969-aeea5cfaa857: Group group-B46DC85C5C5B not found.
	at org.apache.hadoop.ozone.container.common.transport.server.ratis.XceiverServerRatis.removeGroup(XceiverServerRatis.java:774)
	at org.apache.hadoop.ozone.container.common.statemachine.commandhandler.ClosePipelineCommandHandler.handle(ClosePipelineCommandHandler.java:74)
	at org.apache.hadoop.ozone.container.common.statemachine.commandhandler.CommandDispatcher.handle(CommandDispatcher.java:99)
	at org.apache.hadoop.ozone.container.common.statemachine.DatanodeStateMachine.lambda$initCommandHandlerThread$2(DatanodeStateMachine.java:498)
	at java.lang.Thread.run(Thread.java:748)
Caused by: org.apache.ratis.protocol.exceptions.GroupMismatchException: 0f866848-1c6a-43de-8969-aeea5cfaa857: Group group-B46DC85C5C5B not found.
	at org.apache.ratis.server.impl.RaftServerProxy.groupRemoveAsync(RaftServerProxy.java:445)
	at org.apache.ratis.server.impl.RaftServerProxy.groupManagementAsync(RaftServerProxy.java:401)
	at org.apache.ratis.server.impl.RaftServerProxy.groupManagement(RaftServerProxy.java:381)
	at org.apache.hadoop.ozone.container.common.transport.server.ratis.XceiverServerRatis.removeGroup(XceiverServerRatis.java:772)
	... 4 more
2020-12-17 02:07:18,428 [Command processor thread] WARN  impl.RaftServerProxy (RaftServerProxy.java:remove(99)) - 0f866848-1c6a-43de-8969-aeea5cfaa857: does not contain group: group-415A68486C79
2020-12-17 02:07:18,428 [Command processor thread] ERROR commandhandler.ClosePipelineCommandHandler (ClosePipelineCommandHandler.java:handle(78)) - Can't close pipeline PipelineID=55f06238-75d0-401a-8ee7-415a68486c79
java.io.IOException: 0f866848-1c6a-43de-8969-aeea5cfaa857: Group group-415A68486C79 not found.
	at org.apache.hadoop.ozone.container.common.transport.server.ratis.XceiverServerRatis.removeGroup(XceiverServerRatis.java:774)
	at org.apache.hadoop.ozone.container.common.statemachine.commandhandler.ClosePipelineCommandHandler.handle(ClosePipelineCommandHandler.java:74)
	at org.apache.hadoop.ozone.container.common.statemachine.commandhandler.CommandDispatcher.handle(CommandDispatcher.java:99)
	at org.apache.hadoop.ozone.container.common.statemachine.DatanodeStateMachine.lambda$initCommandHandlerThread$2(DatanodeStateMachine.java:498)
	at java.lang.Thread.run(Thread.java:748)
Caused by: org.apache.ratis.protocol.exceptions.GroupMismatchException: 0f866848-1c6a-43de-8969-aeea5cfaa857: Group group-415A68486C79 not found.
	at org.apache.ratis.server.impl.RaftServerProxy.groupRemoveAsync(RaftServerProxy.java:445)
	at org.apache.ratis.server.impl.RaftServerProxy.groupManagementAsync(RaftServerProxy.java:401)
	at org.apache.ratis.server.impl.RaftServerProxy.groupManagement(RaftServerProxy.java:381)
	at org.apache.hadoop.ozone.container.common.transport.server.ratis.XceiverServerRatis.removeGroup(XceiverServerRatis.java:772)
	... 4 more
2020-12-17 02:07:18,428 [Command processor thread] WARN  impl.RaftServerProxy (RaftServerProxy.java:remove(99)) - 0f866848-1c6a-43de-8969-aeea5cfaa857: does not contain group: group-B46DC85C5C5B
2020-12-17 02:07:18,428 [Command processor thread] ERROR commandhandler.ClosePipelineCommandHandler (ClosePipelineCommandHandler.java:handle(78)) - Can't close pipeline PipelineID=7f9a6932-f29b-485f-b7b2-b46dc85c5c5b
java.io.IOException: 0f866848-1c6a-43de-8969-aeea5cfaa857: Group group-B46DC85C5C5B not found.
	at org.apache.hadoop.ozone.container.common.transport.server.ratis.XceiverServerRatis.removeGroup(XceiverServerRatis.java:774)
	at org.apache.hadoop.ozone.container.common.statemachine.commandhandler.ClosePipelineCommandHandler.handle(ClosePipelineCommandHandler.java:74)
	at org.apache.hadoop.ozone.container.common.statemachine.commandhandler.CommandDispatcher.handle(CommandDispatcher.java:99)
	at org.apache.hadoop.ozone.container.common.statemachine.DatanodeStateMachine.lambda$initCommandHandlerThread$2(DatanodeStateMachine.java:498)
	at java.lang.Thread.run(Thread.java:748)
Caused by: org.apache.ratis.protocol.exceptions.GroupMismatchException: 0f866848-1c6a-43de-8969-aeea5cfaa857: Group group-B46DC85C5C5B not found.
	at org.apache.ratis.server.impl.RaftServerProxy.groupRemoveAsync(RaftServerProxy.java:445)
	at org.apache.ratis.server.impl.RaftServerProxy.groupManagementAsync(RaftServerProxy.java:401)
	at org.apache.ratis.server.impl.RaftServerProxy.groupManagement(RaftServerProxy.java:381)
	at org.apache.hadoop.ozone.container.common.transport.server.ratis.XceiverServerRatis.removeGroup(XceiverServerRatis.java:772)
	... 4 more
2020-12-17 02:07:18,427 [Command processor thread] INFO  metrics.RatisMetrics (RatisMetrics.java:unregister(43)) - Unregistering Metrics Registry : ratis.log_worker.a9b97122-ab75-4dd8-b0be-c80a7b4aee3e@group-2D332C029D89
2020-12-17 02:07:18,428 [Command processor thread] INFO  metrics.RatisMetrics (RatisMetrics.java:unregister(43)) - Unregistering Metrics Registry : ratis.leader_election.a9b97122-ab75-4dd8-b0be-c80a7b4aee3e@group-2D332C029D89
2020-12-17 02:07:18,428 [Command processor thread] INFO  metrics.RatisMetrics (RatisMetrics.java:unregister(43)) - Unregistering Metrics Registry : ratis.server.a9b97122-ab75-4dd8-b0be-c80a7b4aee3e@group-2D332C029D89
2020-12-17 02:07:18,429 [Command processor thread] INFO  impl.RaftServerImpl (RaftServerImpl.java:groupRemove(299)) - a9b97122-ab75-4dd8-b0be-c80a7b4aee3e@group-2D332C029D89: Succeed to remove RaftStorageDirectory Storage Directory /github/workspace/mnt/ozone/hadoop-ozone/integration-test/target/test-dir/MiniOzoneClusterImpl-b9724c50-03f5-4055-971c-7bf7c5f09f05/datanode-5/data/ratis/867e0515-6171-4b8e-85e5-2d332c029d89
2020-12-17 02:07:18,429 [Command processor thread] INFO  commandhandler.ClosePipelineCommandHandler (ClosePipelineCommandHandler.java:handle(75)) - Close Pipeline PipelineID=867e0515-6171-4b8e-85e5-2d332c029d89 command on datanode a9b97122-ab75-4dd8-b0be-c80a7b4aee3e.
2020-12-17 02:07:18,430 [Command processor thread] WARN  impl.RaftServerProxy (RaftServerProxy.java:remove(99)) - a9b97122-ab75-4dd8-b0be-c80a7b4aee3e: does not contain group: group-2D332C029D89
2020-12-17 02:07:18,430 [Command processor thread] ERROR commandhandler.ClosePipelineCommandHandler (ClosePipelineCommandHandler.java:handle(78)) - Can't close pipeline PipelineID=867e0515-6171-4b8e-85e5-2d332c029d89
java.io.IOException: a9b97122-ab75-4dd8-b0be-c80a7b4aee3e: Group group-2D332C029D89 not found.
	at org.apache.hadoop.ozone.container.common.transport.server.ratis.XceiverServerRatis.removeGroup(XceiverServerRatis.java:774)
	at org.apache.hadoop.ozone.container.common.statemachine.commandhandler.ClosePipelineCommandHandler.handle(ClosePipelineCommandHandler.java:74)
	at org.apache.hadoop.ozone.container.common.statemachine.commandhandler.CommandDispatcher.handle(CommandDispatcher.java:99)
	at org.apache.hadoop.ozone.container.common.statemachine.DatanodeStateMachine.lambda$initCommandHandlerThread$2(DatanodeStateMachine.java:498)
	at java.lang.Thread.run(Thread.java:748)
Caused by: org.apache.ratis.protocol.exceptions.GroupMismatchException: a9b97122-ab75-4dd8-b0be-c80a7b4aee3e: Group group-2D332C029D89 not found.
	at org.apache.ratis.server.impl.RaftServerProxy.groupRemoveAsync(RaftServerProxy.java:445)
	at org.apache.ratis.server.impl.RaftServerProxy.groupManagementAsync(RaftServerProxy.java:401)
	at org.apache.ratis.server.impl.RaftServerProxy.groupManagement(RaftServerProxy.java:381)
	at org.apache.hadoop.ozone.container.common.transport.server.ratis.XceiverServerRatis.removeGroup(XceiverServerRatis.java:772)
	... 4 more
2020-12-17 02:07:18,431 [Command processor thread] WARN  impl.RaftServerProxy (RaftServerProxy.java:remove(99)) - a9b97122-ab75-4dd8-b0be-c80a7b4aee3e: does not contain group: group-415A68486C79
2020-12-17 02:07:18,431 [Command processor thread] ERROR commandhandler.ClosePipelineCommandHandler (ClosePipelineCommandHandler.java:handle(78)) - Can't close pipeline PipelineID=55f06238-75d0-401a-8ee7-415a68486c79
java.io.IOException: a9b97122-ab75-4dd8-b0be-c80a7b4aee3e: Group group-415A68486C79 not found.
	at org.apache.hadoop.ozone.container.common.transport.server.ratis.XceiverServerRatis.removeGroup(XceiverServerRatis.java:774)
	at org.apache.hadoop.ozone.container.common.statemachine.commandhandler.ClosePipelineCommandHandler.handle(ClosePipelineCommandHandler.java:74)
	at org.apache.hadoop.ozone.container.common.statemachine.commandhandler.CommandDispatcher.handle(CommandDispatcher.java:99)
	at org.apache.hadoop.ozone.container.common.statemachine.DatanodeStateMachine.lambda$initCommandHandlerThread$2(DatanodeStateMachine.java:498)
	at java.lang.Thread.run(Thread.java:748)
Caused by: org.apache.ratis.protocol.exceptions.GroupMismatchException: a9b97122-ab75-4dd8-b0be-c80a7b4aee3e: Group group-415A68486C79 not found.
	at org.apache.ratis.server.impl.RaftServerProxy.groupRemoveAsync(RaftServerProxy.java:445)
	at org.apache.ratis.server.impl.RaftServerProxy.groupManagementAsync(RaftServerProxy.java:401)
	at org.apache.ratis.server.impl.RaftServerProxy.groupManagement(RaftServerProxy.java:381)
	at org.apache.hadoop.ozone.container.common.transport.server.ratis.XceiverServerRatis.removeGroup(XceiverServerRatis.java:772)
	... 4 more
2020-12-17 02:07:18,431 [Command processor thread] WARN  impl.RaftServerProxy (RaftServerProxy.java:remove(99)) - a9b97122-ab75-4dd8-b0be-c80a7b4aee3e: does not contain group: group-2D332C029D89
2020-12-17 02:07:18,431 [Command processor thread] ERROR commandhandler.ClosePipelineCommandHandler (ClosePipelineCommandHandler.java:handle(78)) - Can't close pipeline PipelineID=867e0515-6171-4b8e-85e5-2d332c029d89
java.io.IOException: a9b97122-ab75-4dd8-b0be-c80a7b4aee3e: Group group-2D332C029D89 not found.
	at org.apache.hadoop.ozone.container.common.transport.server.ratis.XceiverServerRatis.removeGroup(XceiverServerRatis.java:774)
	at org.apache.hadoop.ozone.container.common.statemachine.commandhandler.ClosePipelineCommandHandler.handle(ClosePipelineCommandHandler.java:74)
	at org.apache.hadoop.ozone.container.common.statemachine.commandhandler.CommandDispatcher.handle(CommandDispatcher.java:99)
	at org.apache.hadoop.ozone.container.common.statemachine.DatanodeStateMachine.lambda$initCommandHandlerThread$2(DatanodeStateMachine.java:498)
	at java.lang.Thread.run(Thread.java:748)
Caused by: org.apache.ratis.protocol.exceptions.GroupMismatchException: a9b97122-ab75-4dd8-b0be-c80a7b4aee3e: Group group-2D332C029D89 not found.
	at org.apache.ratis.server.impl.RaftServerProxy.groupRemoveAsync(RaftServerProxy.java:445)
	at org.apache.ratis.server.impl.RaftServerProxy.groupManagementAsync(RaftServerProxy.java:401)
	at org.apache.ratis.server.impl.RaftServerProxy.groupManagement(RaftServerProxy.java:381)
	at org.apache.hadoop.ozone.container.common.transport.server.ratis.XceiverServerRatis.removeGroup(XceiverServerRatis.java:772)
	... 4 more
2020-12-17 02:07:18,437 [Command processor thread] WARN  impl.RaftServerProxy (RaftServerProxy.java:remove(99)) - a9b97122-ab75-4dd8-b0be-c80a7b4aee3e: does not contain group: group-415A68486C79
2020-12-17 02:07:18,437 [Command processor thread] WARN  impl.RaftServerProxy (RaftServerProxy.java:remove(99)) - 0f866848-1c6a-43de-8969-aeea5cfaa857: does not contain group: group-415A68486C79
2020-12-17 02:07:18,438 [Command processor thread] ERROR commandhandler.ClosePipelineCommandHandler (ClosePipelineCommandHandler.java:handle(78)) - Can't close pipeline PipelineID=55f06238-75d0-401a-8ee7-415a68486c79
java.io.IOException: a9b97122-ab75-4dd8-b0be-c80a7b4aee3e: Group group-415A68486C79 not found.
	at org.apache.hadoop.ozone.container.common.transport.server.ratis.XceiverServerRatis.removeGroup(XceiverServerRatis.java:774)
	at org.apache.hadoop.ozone.container.common.statemachine.commandhandler.ClosePipelineCommandHandler.handle(ClosePipelineCommandHandler.java:74)
	at org.apache.hadoop.ozone.container.common.statemachine.commandhandler.CommandDispatcher.handle(CommandDispatcher.java:99)
	at org.apache.hadoop.ozone.container.common.statemachine.DatanodeStateMachine.lambda$initCommandHandlerThread$2(DatanodeStateMachine.java:498)
	at java.lang.Thread.run(Thread.java:748)
Caused by: org.apache.ratis.protocol.exceptions.GroupMismatchException: a9b97122-ab75-4dd8-b0be-c80a7b4aee3e: Group group-415A68486C79 not found.
	at org.apache.ratis.server.impl.RaftServerProxy.groupRemoveAsync(RaftServerProxy.java:445)
	at org.apache.ratis.server.impl.RaftServerProxy.groupManagementAsync(RaftServerProxy.java:401)
	at org.apache.ratis.server.impl.RaftServerProxy.groupManagement(RaftServerProxy.java:381)
	at org.apache.hadoop.ozone.container.common.transport.server.ratis.XceiverServerRatis.removeGroup(XceiverServerRatis.java:772)
	... 4 more
2020-12-17 02:07:18,438 [Command processor thread] WARN  impl.RaftServerProxy (RaftServerProxy.java:remove(99)) - a9b97122-ab75-4dd8-b0be-c80a7b4aee3e: does not contain group: group-2D332C029D89
2020-12-17 02:07:18,438 [Command processor thread] ERROR commandhandler.ClosePipelineCommandHandler (ClosePipelineCommandHandler.java:handle(78)) - Can't close pipeline PipelineID=55f06238-75d0-401a-8ee7-415a68486c79
java.io.IOException: 0f866848-1c6a-43de-8969-aeea5cfaa857: Group group-415A68486C79 not found.
	at org.apache.hadoop.ozone.container.common.transport.server.ratis.XceiverServerRatis.removeGroup(XceiverServerRatis.java:774)
	at org.apache.hadoop.ozone.container.common.statemachine.commandhandler.ClosePipelineCommandHandler.handle(ClosePipelineCommandHandler.java:74)
	at org.apache.hadoop.ozone.container.common.statemachine.commandhandler.CommandDispatcher.handle(CommandDispatcher.java:99)
	at org.apache.hadoop.ozone.container.common.statemachine.DatanodeStateMachine.lambda$initCommandHandlerThread$2(DatanodeStateMachine.java:498)
	at java.lang.Thread.run(Thread.java:748)
Caused by: org.apache.ratis.protocol.exceptions.GroupMismatchException: 0f866848-1c6a-43de-8969-aeea5cfaa857: Group group-415A68486C79 not found.
	at org.apache.ratis.server.impl.RaftServerProxy.groupRemoveAsync(RaftServerProxy.java:445)
	at org.apache.ratis.server.impl.RaftServerProxy.groupManagementAsync(RaftServerProxy.java:401)
	at org.apache.ratis.server.impl.RaftServerProxy.groupManagement(RaftServerProxy.java:381)
	at org.apache.hadoop.ozone.container.common.transport.server.ratis.XceiverServerRatis.removeGroup(XceiverServerRatis.java:772)
	... 4 more
2020-12-17 02:07:18,438 [Command processor thread] ERROR commandhandler.ClosePipelineCommandHandler (ClosePipelineCommandHandler.java:handle(78)) - Can't close pipeline PipelineID=867e0515-6171-4b8e-85e5-2d332c029d89
java.io.IOException: a9b97122-ab75-4dd8-b0be-c80a7b4aee3e: Group group-2D332C029D89 not found.
	at org.apache.hadoop.ozone.container.common.transport.server.ratis.XceiverServerRatis.removeGroup(XceiverServerRatis.java:774)
	at org.apache.hadoop.ozone.container.common.statemachine.commandhandler.ClosePipelineCommandHandler.handle(ClosePipelineCommandHandler.java:74)
	at org.apache.hadoop.ozone.container.common.statemachine.commandhandler.CommandDispatcher.handle(CommandDispatcher.java:99)
	at org.apache.hadoop.ozone.container.common.statemachine.DatanodeStateMachine.lambda$initCommandHandlerThread$2(DatanodeStateMachine.java:498)
	at java.lang.Thread.run(Thread.java:748)
Caused by: org.apache.ratis.protocol.exceptions.GroupMismatchException: a9b97122-ab75-4dd8-b0be-c80a7b4aee3e: Group group-2D332C029D89 not found.
	at org.apache.ratis.server.impl.RaftServerProxy.groupRemoveAsync(RaftServerProxy.java:445)
	at org.apache.ratis.server.impl.RaftServerProxy.groupManagementAsync(RaftServerProxy.java:401)
	at org.apache.ratis.server.impl.RaftServerProxy.groupManagement(RaftServerProxy.java:381)
	at org.apache.hadoop.ozone.container.common.transport.server.ratis.XceiverServerRatis.removeGroup(XceiverServerRatis.java:772)
	... 4 more
2020-12-17 02:07:18,439 [Command processor thread] WARN  impl.RaftServerProxy (RaftServerProxy.java:remove(99)) - a9b97122-ab75-4dd8-b0be-c80a7b4aee3e: does not contain group: group-415A68486C79
2020-12-17 02:07:18,439 [Command processor thread] ERROR commandhandler.ClosePipelineCommandHandler (ClosePipelineCommandHandler.java:handle(78)) - Can't close pipeline PipelineID=55f06238-75d0-401a-8ee7-415a68486c79
java.io.IOException: a9b97122-ab75-4dd8-b0be-c80a7b4aee3e: Group group-415A68486C79 not found.
	at org.apache.hadoop.ozone.container.common.transport.server.ratis.XceiverServerRatis.removeGroup(XceiverServerRatis.java:774)
	at org.apache.hadoop.ozone.container.common.statemachine.commandhandler.ClosePipelineCommandHandler.handle(ClosePipelineCommandHandler.java:74)
	at org.apache.hadoop.ozone.container.common.statemachine.commandhandler.CommandDispatcher.handle(CommandDispatcher.java:99)
	at org.apache.hadoop.ozone.container.common.statemachine.DatanodeStateMachine.lambda$initCommandHandlerThread$2(DatanodeStateMachine.java:498)
	at java.lang.Thread.run(Thread.java:748)
Caused by: org.apache.ratis.protocol.exceptions.GroupMismatchException: a9b97122-ab75-4dd8-b0be-c80a7b4aee3e: Group group-415A68486C79 not found.
	at org.apache.ratis.server.impl.RaftServerProxy.groupRemoveAsync(RaftServerProxy.java:445)
	at org.apache.ratis.server.impl.RaftServerProxy.groupManagementAsync(RaftServerProxy.java:401)
	at org.apache.ratis.server.impl.RaftServerProxy.groupManagement(RaftServerProxy.java:381)
	at org.apache.hadoop.ozone.container.common.transport.server.ratis.XceiverServerRatis.removeGroup(XceiverServerRatis.java:772)
	... 4 more
2020-12-17 02:07:18,439 [Command processor thread] WARN  impl.RaftServerProxy (RaftServerProxy.java:remove(99)) - a9b97122-ab75-4dd8-b0be-c80a7b4aee3e: does not contain group: group-2D332C029D89
2020-12-17 02:07:18,440 [Command processor thread] ERROR commandhandler.ClosePipelineCommandHandler (ClosePipelineCommandHandler.java:handle(78)) - Can't close pipeline PipelineID=867e0515-6171-4b8e-85e5-2d332c029d89
java.io.IOException: a9b97122-ab75-4dd8-b0be-c80a7b4aee3e: Group group-2D332C029D89 not found.
	at org.apache.hadoop.ozone.container.common.transport.server.ratis.XceiverServerRatis.removeGroup(XceiverServerRatis.java:774)
	at org.apache.hadoop.ozone.container.common.statemachine.commandhandler.ClosePipelineCommandHandler.handle(ClosePipelineCommandHandler.java:74)
	at org.apache.hadoop.ozone.container.common.statemachine.commandhandler.CommandDispatcher.handle(CommandDispatcher.java:99)
	at org.apache.hadoop.ozone.container.common.statemachine.DatanodeStateMachine.lambda$initCommandHandlerThread$2(DatanodeStateMachine.java:498)
	at java.lang.Thread.run(Thread.java:748)
Caused by: org.apache.ratis.protocol.exceptions.GroupMismatchException: a9b97122-ab75-4dd8-b0be-c80a7b4aee3e: Group group-2D332C029D89 not found.
	at org.apache.ratis.server.impl.RaftServerProxy.groupRemoveAsync(RaftServerProxy.java:445)
	at org.apache.ratis.server.impl.RaftServerProxy.groupManagementAsync(RaftServerProxy.java:401)
	at org.apache.ratis.server.impl.RaftServerProxy.groupManagement(RaftServerProxy.java:381)
	at org.apache.hadoop.ozone.container.common.transport.server.ratis.XceiverServerRatis.removeGroup(XceiverServerRatis.java:772)
	... 4 more
2020-12-17 02:07:18,440 [Command processor thread] WARN  impl.RaftServerProxy (RaftServerProxy.java:remove(99)) - a9b97122-ab75-4dd8-b0be-c80a7b4aee3e: does not contain group: group-415A68486C79
2020-12-17 02:07:18,440 [Command processor thread] ERROR commandhandler.ClosePipelineCommandHandler (ClosePipelineCommandHandler.java:handle(78)) - Can't close pipeline PipelineID=55f06238-75d0-401a-8ee7-415a68486c79
java.io.IOException: a9b97122-ab75-4dd8-b0be-c80a7b4aee3e: Group group-415A68486C79 not found.
	at org.apache.hadoop.ozone.container.common.transport.server.ratis.XceiverServerRatis.removeGroup(XceiverServerRatis.java:774)
	at org.apache.hadoop.ozone.container.common.statemachine.commandhandler.ClosePipelineCommandHandler.handle(ClosePipelineCommandHandler.java:74)
	at org.apache.hadoop.ozone.container.common.statemachine.commandhandler.CommandDispatcher.handle(CommandDispatcher.java:99)
	at org.apache.hadoop.ozone.container.common.statemachine.DatanodeStateMachine.lambda$initCommandHandlerThread$2(DatanodeStateMachine.java:498)
	at java.lang.Thread.run(Thread.java:748)
Caused by: org.apache.ratis.protocol.exceptions.GroupMismatchException: a9b97122-ab75-4dd8-b0be-c80a7b4aee3e: Group group-415A68486C79 not found.
	at org.apache.ratis.server.impl.RaftServerProxy.groupRemoveAsync(RaftServerProxy.java:445)
	at org.apache.ratis.server.impl.RaftServerProxy.groupManagementAsync(RaftServerProxy.java:401)
	at org.apache.ratis.server.impl.RaftServerProxy.groupManagement(RaftServerProxy.java:381)
	at org.apache.hadoop.ozone.container.common.transport.server.ratis.XceiverServerRatis.removeGroup(XceiverServerRatis.java:772)
	... 4 more
2020-12-17 02:07:18,441 [Command processor thread] WARN  impl.RaftServerProxy (RaftServerProxy.java:remove(99)) - a9b97122-ab75-4dd8-b0be-c80a7b4aee3e: does not contain group: group-2D332C029D89
2020-12-17 02:07:18,441 [Command processor thread] ERROR commandhandler.ClosePipelineCommandHandler (ClosePipelineCommandHandler.java:handle(78)) - Can't close pipeline PipelineID=867e0515-6171-4b8e-85e5-2d332c029d89
java.io.IOException: a9b97122-ab75-4dd8-b0be-c80a7b4aee3e: Group group-2D332C029D89 not found.
	at org.apache.hadoop.ozone.container.common.transport.server.ratis.XceiverServerRatis.removeGroup(XceiverServerRatis.java:774)
	at org.apache.hadoop.ozone.container.common.statemachine.commandhandler.ClosePipelineCommandHandler.handle(ClosePipelineCommandHandler.java:74)
	at org.apache.hadoop.ozone.container.common.statemachine.commandhandler.CommandDispatcher.handle(CommandDispatcher.java:99)
	at org.apache.hadoop.ozone.container.common.statemachine.DatanodeStateMachine.lambda$initCommandHandlerThread$2(DatanodeStateMachine.java:498)
	at java.lang.Thread.run(Thread.java:748)
Caused by: org.apache.ratis.protocol.exceptions.GroupMismatchException: a9b97122-ab75-4dd8-b0be-c80a7b4aee3e: Group group-2D332C029D89 not found.
	at org.apache.ratis.server.impl.RaftServerProxy.groupRemoveAsync(RaftServerProxy.java:445)
	at org.apache.ratis.server.impl.RaftServerProxy.groupManagementAsync(RaftServerProxy.java:401)
	at org.apache.ratis.server.impl.RaftServerProxy.groupManagement(RaftServerProxy.java:381)
	at org.apache.hadoop.ozone.container.common.transport.server.ratis.XceiverServerRatis.removeGroup(XceiverServerRatis.java:772)
	... 4 more
2020-12-17 02:07:18,441 [Command processor thread] WARN  impl.RaftServerProxy (RaftServerProxy.java:remove(99)) - a9b97122-ab75-4dd8-b0be-c80a7b4aee3e: does not contain group: group-415A68486C79
2020-12-17 02:07:18,441 [Command processor thread] ERROR commandhandler.ClosePipelineCommandHandler (ClosePipelineCommandHandler.java:handle(78)) - Can't close pipeline PipelineID=55f06238-75d0-401a-8ee7-415a68486c79
java.io.IOException: a9b97122-ab75-4dd8-b0be-c80a7b4aee3e: Group group-415A68486C79 not found.
	at org.apache.hadoop.ozone.container.common.transport.server.ratis.XceiverServerRatis.removeGroup(XceiverServerRatis.java:774)
	at org.apache.hadoop.ozone.container.common.statemachine.commandhandler.ClosePipelineCommandHandler.handle(ClosePipelineCommandHandler.java:74)
	at org.apache.hadoop.ozone.container.common.statemachine.commandhandler.CommandDispatcher.handle(CommandDispatcher.java:99)
	at org.apache.hadoop.ozone.container.common.statemachine.DatanodeStateMachine.lambda$initCommandHandlerThread$2(DatanodeStateMachine.java:498)
	at java.lang.Thread.run(Thread.java:748)
Caused by: org.apache.ratis.protocol.exceptions.GroupMismatchException: a9b97122-ab75-4dd8-b0be-c80a7b4aee3e: Group group-415A68486C79 not found.
	at org.apache.ratis.server.impl.RaftServerProxy.groupRemoveAsync(RaftServerProxy.java:445)
	at org.apache.ratis.server.impl.RaftServerProxy.groupManagementAsync(RaftServerProxy.java:401)
	at org.apache.ratis.server.impl.RaftServerProxy.groupManagement(RaftServerProxy.java:381)
	at org.apache.hadoop.ozone.container.common.transport.server.ratis.XceiverServerRatis.removeGroup(XceiverServerRatis.java:772)
	... 4 more
2020-12-17 02:07:19,082 [ReplicationMonitor] WARN  container.ReplicationManager (ReplicationManager.java:handleUnderReplicatedContainer(751)) - Cannot replicate container #1, no healthy replica found.
2020-12-17 02:07:19,083 [ReplicationMonitor] INFO  container.ReplicationManager (ReplicationManager.java:forceCloseContainer(633)) - Force closing container #4 with BCSID 44, which is in QUASI_CLOSED state.
2020-12-17 02:07:19,083 [ReplicationMonitor] INFO  container.ReplicationManager (ReplicationManager.java:sendCloseCommand(948)) - Sending close container command for container #4 to datanode a9b97122-ab75-4dd8-b0be-c80a7b4aee3e{ip: 172.17.0.2, host: 89b9adae2c19, networkLocation: /default-rack, certSerialId: null, persistedOpState: ENTERING_MAINTENANCE, persistedOpStateExpiryEpochSec: 0}.
2020-12-17 02:07:19,083 [ReplicationMonitor] INFO  container.ReplicationManager (ReplicationManager.java:sendCloseCommand(948)) - Sending close container command for container #4 to datanode 0f866848-1c6a-43de-8969-aeea5cfaa857{ip: 172.17.0.2, host: 89b9adae2c19, networkLocation: /default-rack, certSerialId: null, persistedOpState: ENTERING_MAINTENANCE, persistedOpStateExpiryEpochSec: 0}.
2020-12-17 02:07:19,083 [ReplicationMonitor] INFO  container.ReplicationManager (ReplicationManager.java:run(250)) - Replication Monitor Thread took 1 milliseconds for processing 4 containers.
2020-12-17 02:07:19,354 [Command processor thread] INFO  impl.RaftServerProxy (RaftServerProxy.java:remove(104)) - 9bbfc1fd-0495-41fe-87c7-bac1979a3990: remove    LEADER 9bbfc1fd-0495-41fe-87c7-bac1979a3990@group-D41B12127F4A:t1, leader=9bbfc1fd-0495-41fe-87c7-bac1979a3990, voted=9bbfc1fd-0495-41fe-87c7-bac1979a3990, raftlog=9bbfc1fd-0495-41fe-87c7-bac1979a3990@group-D41B12127F4A-SegmentedRaftLog:OPENED:c0,f0,i0, conf=0: [9bbfc1fd-0495-41fe-87c7-bac1979a3990|rpc:172.17.0.2:34535|dataStream:], old=null RUNNING
2020-12-17 02:07:19,355 [Command processor thread] INFO  impl.RaftServerImpl (RaftServerImpl.java:lambda$shutdown$3(328)) - 9bbfc1fd-0495-41fe-87c7-bac1979a3990@group-D41B12127F4A: shutdown
2020-12-17 02:07:19,355 [Command processor thread] INFO  util.JmxRegister (JmxRegister.java:unregister(73)) - Successfully un-registered JMX Bean with object name Ratis:service=RaftServer,group=group-D41B12127F4A,id=9bbfc1fd-0495-41fe-87c7-bac1979a3990
2020-12-17 02:07:19,355 [Command processor thread] INFO  impl.RoleInfo (RoleInfo.java:shutdownLeaderState(104)) - 9bbfc1fd-0495-41fe-87c7-bac1979a3990: shutdown 9bbfc1fd-0495-41fe-87c7-bac1979a3990@group-D41B12127F4A-LeaderState
2020-12-17 02:07:19,355 [Command processor thread] INFO  impl.PendingRequests (PendingRequests.java:sendNotLeaderResponses(250)) - 9bbfc1fd-0495-41fe-87c7-bac1979a3990@group-D41B12127F4A-PendingRequests: sendNotLeaderResponses
2020-12-17 02:07:19,355 [Command processor thread] INFO  metrics.RatisMetrics (RatisMetrics.java:unregister(43)) - Unregistering Metrics Registry : ratis.log_appender.9bbfc1fd-0495-41fe-87c7-bac1979a3990@group-D41B12127F4A
2020-12-17 02:07:19,355 [Command processor thread] INFO  metrics.RatisMetrics (RatisMetrics.java:unregister(43)) - Unregistering Metrics Registry : ratis.server.9bbfc1fd-0495-41fe-87c7-bac1979a3990@group-D41B12127F4A
2020-12-17 02:07:19,356 [Command processor thread] INFO  impl.StateMachineUpdater (StateMachineUpdater.java:stopAndJoin(147)) - 9bbfc1fd-0495-41fe-87c7-bac1979a3990@group-D41B12127F4A-StateMachineUpdater: set stopIndex = 0
2020-12-17 02:07:19,356 [9bbfc1fd-0495-41fe-87c7-bac1979a3990@group-D41B12127F4A-StateMachineUpdater] INFO  ratis.ContainerStateMachine (ContainerStateMachine.java:takeSnapshot(293)) - group-D41B12127F4A: Taking a snapshot at:(t:1, i:0) file /github/workspace/mnt/ozone/hadoop-ozone/integration-test/target/test-dir/MiniOzoneClusterImpl-b9724c50-03f5-4055-971c-7bf7c5f09f05/datanode-4/data/ratis/3830245e-a07d-4120-a216-d41b12127f4a/sm/snapshot.1_0
2020-12-17 02:07:19,358 [9bbfc1fd-0495-41fe-87c7-bac1979a3990@group-D41B12127F4A-StateMachineUpdater] INFO  ratis.ContainerStateMachine (ContainerStateMachine.java:takeSnapshot(304)) - group-D41B12127F4A: Finished taking a snapshot at:(t:1, i:0) file:/github/workspace/mnt/ozone/hadoop-ozone/integration-test/target/test-dir/MiniOzoneClusterImpl-b9724c50-03f5-4055-971c-7bf7c5f09f05/datanode-4/data/ratis/3830245e-a07d-4120-a216-d41b12127f4a/sm/snapshot.1_0 time:2
2020-12-17 02:07:19,358 [9bbfc1fd-0495-41fe-87c7-bac1979a3990@group-D41B12127F4A-StateMachineUpdater] INFO  impl.StateMachineUpdater (StateMachineUpdater.java:takeSnapshot(278)) - 9bbfc1fd-0495-41fe-87c7-bac1979a3990@group-D41B12127F4A-StateMachineUpdater: Took a snapshot at index 0
2020-12-17 02:07:19,358 [9bbfc1fd-0495-41fe-87c7-bac1979a3990@group-D41B12127F4A-StateMachineUpdater] INFO  impl.StateMachineUpdater (StateMachineUpdater.java:lambda$new$0(87)) - 9bbfc1fd-0495-41fe-87c7-bac1979a3990@group-D41B12127F4A-StateMachineUpdater: snapshotIndex: updateIncreasingly -1 -> 0
2020-12-17 02:07:19,358 [9bbfc1fd-0495-41fe-87c7-bac1979a3990@group-D41B12127F4A-StateMachineUpdater] INFO  metrics.RatisMetrics (RatisMetrics.java:unregister(43)) - Unregistering Metrics Registry : ratis.state_machine.9bbfc1fd-0495-41fe-87c7-bac1979a3990@group-D41B12127F4A
2020-12-17 02:07:19,358 [Command processor thread] INFO  impl.RaftServerImpl (ServerState.java:close(406)) - 9bbfc1fd-0495-41fe-87c7-bac1979a3990@group-D41B12127F4A: closes. applyIndex: 0
2020-12-17 02:07:19,359 [9bbfc1fd-0495-41fe-87c7-bac1979a3990@group-D41B12127F4A-SegmentedRaftLogWorker] INFO  segmented.SegmentedRaftLogWorker (SegmentedRaftLogWorker.java:run(329)) - 9bbfc1fd-0495-41fe-87c7-bac1979a3990@group-D41B12127F4A-SegmentedRaftLogWorker was interrupted, exiting. There are 0 tasks remaining in the queue.
2020-12-17 02:07:19,359 [Command processor thread] INFO  segmented.SegmentedRaftLogWorker (SegmentedRaftLogWorker.java:close(235)) - 9bbfc1fd-0495-41fe-87c7-bac1979a3990@group-D41B12127F4A-SegmentedRaftLogWorker close()
2020-12-17 02:07:19,361 [Command processor thread] INFO  metrics.RatisMetrics (RatisMetrics.java:unregister(43)) - Unregistering Metrics Registry : ratis.log_worker.9bbfc1fd-0495-41fe-87c7-bac1979a3990@group-D41B12127F4A
2020-12-17 02:07:19,361 [Command processor thread] INFO  metrics.RatisMetrics (RatisMetrics.java:unregister(43)) - Unregistering Metrics Registry : ratis.leader_election.9bbfc1fd-0495-41fe-87c7-bac1979a3990@group-D41B12127F4A
2020-12-17 02:07:19,361 [Command processor thread] INFO  metrics.RatisMetrics (RatisMetrics.java:unregister(43)) - Unregistering Metrics Registry : ratis.server.9bbfc1fd-0495-41fe-87c7-bac1979a3990@group-D41B12127F4A
2020-12-17 02:07:19,362 [Command processor thread] INFO  impl.RaftServerImpl (RaftServerImpl.java:groupRemove(299)) - 9bbfc1fd-0495-41fe-87c7-bac1979a3990@group-D41B12127F4A: Succeed to remove RaftStorageDirectory Storage Directory /github/workspace/mnt/ozone/hadoop-ozone/integration-test/target/test-dir/MiniOzoneClusterImpl-b9724c50-03f5-4055-971c-7bf7c5f09f05/datanode-4/data/ratis/3830245e-a07d-4120-a216-d41b12127f4a
2020-12-17 02:07:19,362 [Command processor thread] INFO  commandhandler.ClosePipelineCommandHandler (ClosePipelineCommandHandler.java:handle(75)) - Close Pipeline PipelineID=3830245e-a07d-4120-a216-d41b12127f4a command on datanode 9bbfc1fd-0495-41fe-87c7-bac1979a3990.
2020-12-17 02:07:19,362 [Command processor thread] INFO  impl.RaftServerProxy (RaftServerProxy.java:remove(104)) - 9bbfc1fd-0495-41fe-87c7-bac1979a3990: remove  FOLLOWER 9bbfc1fd-0495-41fe-87c7-bac1979a3990@group-415A68486C79:t1, leader=a9b97122-ab75-4dd8-b0be-c80a7b4aee3e, voted=a9b97122-ab75-4dd8-b0be-c80a7b4aee3e, raftlog=9bbfc1fd-0495-41fe-87c7-bac1979a3990@group-415A68486C79-SegmentedRaftLog:OPENED:c44,f46,i46, conf=0: [0f866848-1c6a-43de-8969-aeea5cfaa857|rpc:172.17.0.2:46281|dataStream:, 9bbfc1fd-0495-41fe-87c7-bac1979a3990|rpc:172.17.0.2:34535|dataStream:, a9b97122-ab75-4dd8-b0be-c80a7b4aee3e|rpc:172.17.0.2:44997|dataStream:], old=null RUNNING
2020-12-17 02:07:19,362 [Command processor thread] INFO  impl.RaftServerImpl (RaftServerImpl.java:lambda$shutdown$3(328)) - 9bbfc1fd-0495-41fe-87c7-bac1979a3990@group-415A68486C79: shutdown
2020-12-17 02:07:19,362 [Command processor thread] INFO  util.JmxRegister (JmxRegister.java:unregister(73)) - Successfully un-registered JMX Bean with object name Ratis:service=RaftServer,group=group-415A68486C79,id=9bbfc1fd-0495-41fe-87c7-bac1979a3990
2020-12-17 02:07:19,362 [Command processor thread] INFO  impl.RoleInfo (RoleInfo.java:shutdownFollowerState(121)) - 9bbfc1fd-0495-41fe-87c7-bac1979a3990: shutdown 9bbfc1fd-0495-41fe-87c7-bac1979a3990@group-415A68486C79-FollowerState
2020-12-17 02:07:19,363 [Thread-873] INFO  impl.FollowerState (FollowerState.java:run(137)) - 9bbfc1fd-0495-41fe-87c7-bac1979a3990@group-415A68486C79-FollowerState was interrupted: {}
java.lang.InterruptedException: sleep interrupted
	at java.lang.Thread.sleep(Native Method)
	at org.apache.ratis.util.JavaUtils.sleep(JavaUtils.java:250)
	at org.apache.ratis.server.impl.FollowerState.run(FollowerState.java:116)
2020-12-17 02:07:19,363 [Command processor thread] INFO  impl.StateMachineUpdater (StateMachineUpdater.java:stopAndJoin(147)) - 9bbfc1fd-0495-41fe-87c7-bac1979a3990@group-415A68486C79-StateMachineUpdater: set stopIndex = 44
2020-12-17 02:07:19,364 [9bbfc1fd-0495-41fe-87c7-bac1979a3990@group-415A68486C79-StateMachineUpdater] INFO  ratis.ContainerStateMachine (ContainerStateMachine.java:takeSnapshot(293)) - group-415A68486C79: Taking a snapshot at:(t:1, i:44) file /github/workspace/mnt/ozone/hadoop-ozone/integration-test/target/test-dir/MiniOzoneClusterImpl-b9724c50-03f5-4055-971c-7bf7c5f09f05/datanode-4/data/ratis/55f06238-75d0-401a-8ee7-415a68486c79/sm/snapshot.1_44
2020-12-17 02:07:19,365 [9bbfc1fd-0495-41fe-87c7-bac1979a3990@group-415A68486C79-StateMachineUpdater] INFO  ratis.ContainerStateMachine (ContainerStateMachine.java:takeSnapshot(304)) - group-415A68486C79: Finished taking a snapshot at:(t:1, i:44) file:/github/workspace/mnt/ozone/hadoop-ozone/integration-test/target/test-dir/MiniOzoneClusterImpl-b9724c50-03f5-4055-971c-7bf7c5f09f05/datanode-4/data/ratis/55f06238-75d0-401a-8ee7-415a68486c79/sm/snapshot.1_44 time:1
2020-12-17 02:07:19,365 [9bbfc1fd-0495-41fe-87c7-bac1979a3990@group-415A68486C79-StateMachineUpdater] INFO  impl.StateMachineUpdater (StateMachineUpdater.java:takeSnapshot(278)) - 9bbfc1fd-0495-41fe-87c7-bac1979a3990@group-415A68486C79-StateMachineUpdater: Took a snapshot at index 44
2020-12-17 02:07:19,365 [9bbfc1fd-0495-41fe-87c7-bac1979a3990@group-415A68486C79-StateMachineUpdater] INFO  impl.StateMachineUpdater (StateMachineUpdater.java:lambda$new$0(87)) - 9bbfc1fd-0495-41fe-87c7-bac1979a3990@group-415A68486C79-StateMachineUpdater: snapshotIndex: updateIncreasingly -1 -> 44
2020-12-17 02:07:19,365 [9bbfc1fd-0495-41fe-87c7-bac1979a3990@group-415A68486C79-StateMachineUpdater] INFO  metrics.RatisMetrics (RatisMetrics.java:unregister(43)) - Unregistering Metrics Registry : ratis.state_machine.9bbfc1fd-0495-41fe-87c7-bac1979a3990@group-415A68486C79
2020-12-17 02:07:19,365 [Command processor thread] INFO  impl.RaftServerImpl (ServerState.java:close(406)) - 9bbfc1fd-0495-41fe-87c7-bac1979a3990@group-415A68486C79: closes. applyIndex: 44
2020-12-17 02:07:19,365 [9bbfc1fd-0495-41fe-87c7-bac1979a3990@group-415A68486C79-SegmentedRaftLogWorker] INFO  segmented.SegmentedRaftLogWorker (SegmentedRaftLogWorker.java:run(329)) - 9bbfc1fd-0495-41fe-87c7-bac1979a3990@group-415A68486C79-SegmentedRaftLogWorker was interrupted, exiting. There are 0 tasks remaining in the queue.
2020-12-17 02:07:19,366 [Command processor thread] INFO  segmented.SegmentedRaftLogWorker (SegmentedRaftLogWorker.java:close(235)) - 9bbfc1fd-0495-41fe-87c7-bac1979a3990@group-415A68486C79-SegmentedRaftLogWorker close()
2020-12-17 02:07:19,366 [Command processor thread] INFO  metrics.RatisMetrics (RatisMetrics.java:unregister(43)) - Unregistering Metrics Registry : ratis.log_worker.9bbfc1fd-0495-41fe-87c7-bac1979a3990@group-415A68486C79
2020-12-17 02:07:19,366 [Command processor thread] INFO  metrics.RatisMetrics (RatisMetrics.java:unregister(43)) - Unregistering Metrics Registry : ratis.leader_election.9bbfc1fd-0495-41fe-87c7-bac1979a3990@group-415A68486C79
2020-12-17 02:07:19,366 [Command processor thread] INFO  metrics.RatisMetrics (RatisMetrics.java:unregister(43)) - Unregistering Metrics Registry : ratis.server.9bbfc1fd-0495-41fe-87c7-bac1979a3990@group-415A68486C79
2020-12-17 02:07:19,370 [Command processor thread] INFO  keyvalue.KeyValueContainer (KeyValueContainer.java:flushAndSyncDB(388)) - Container 1 is synced with bcsId 40.
2020-12-17 02:07:19,370 [Command processor thread] INFO  keyvalue.KeyValueContainer (KeyValueContainer.java:flushAndSyncDB(388)) - Container 1 is synced with bcsId 40.
2020-12-17 02:07:19,377 [Command processor thread] INFO  keyvalue.KeyValueContainer (KeyValueContainer.java:flushAndSyncDB(388)) - Container 4 is synced with bcsId 44.
2020-12-17 02:07:19,378 [Command processor thread] INFO  keyvalue.KeyValueContainer (KeyValueContainer.java:flushAndSyncDB(388)) - Container 4 is synced with bcsId 44.
2020-12-17 02:07:19,381 [Command processor thread] INFO  impl.RaftServerImpl (RaftServerImpl.java:groupRemove(299)) - 9bbfc1fd-0495-41fe-87c7-bac1979a3990@group-415A68486C79: Succeed to remove RaftStorageDirectory Storage Directory /github/workspace/mnt/ozone/hadoop-ozone/integration-test/target/test-dir/MiniOzoneClusterImpl-b9724c50-03f5-4055-971c-7bf7c5f09f05/datanode-4/data/ratis/55f06238-75d0-401a-8ee7-415a68486c79
2020-12-17 02:07:19,381 [Command processor thread] INFO  commandhandler.ClosePipelineCommandHandler (ClosePipelineCommandHandler.java:handle(75)) - Close Pipeline PipelineID=55f06238-75d0-401a-8ee7-415a68486c79 command on datanode 9bbfc1fd-0495-41fe-87c7-bac1979a3990.
2020-12-17 02:07:19,381 [Command processor thread] WARN  impl.RaftServerProxy (RaftServerProxy.java:remove(99)) - 9bbfc1fd-0495-41fe-87c7-bac1979a3990: does not contain group: group-D41B12127F4A
2020-12-17 02:07:19,382 [Command processor thread] ERROR commandhandler.ClosePipelineCommandHandler (ClosePipelineCommandHandler.java:handle(78)) - Can't close pipeline PipelineID=3830245e-a07d-4120-a216-d41b12127f4a
java.io.IOException: 9bbfc1fd-0495-41fe-87c7-bac1979a3990: Group group-D41B12127F4A not found.
	at org.apache.hadoop.ozone.container.common.transport.server.ratis.XceiverServerRatis.removeGroup(XceiverServerRatis.java:774)
	at org.apache.hadoop.ozone.container.common.statemachine.commandhandler.ClosePipelineCommandHandler.handle(ClosePipelineCommandHandler.java:74)
	at org.apache.hadoop.ozone.container.common.statemachine.commandhandler.CommandDispatcher.handle(CommandDispatcher.java:99)
	at org.apache.hadoop.ozone.container.common.statemachine.DatanodeStateMachine.lambda$initCommandHandlerThread$2(DatanodeStateMachine.java:498)
	at java.lang.Thread.run(Thread.java:748)
Caused by: org.apache.ratis.protocol.exceptions.GroupMismatchException: 9bbfc1fd-0495-41fe-87c7-bac1979a3990: Group group-D41B12127F4A not found.
	at org.apache.ratis.server.impl.RaftServerProxy.groupRemoveAsync(RaftServerProxy.java:445)
	at org.apache.ratis.server.impl.RaftServerProxy.groupManagementAsync(RaftServerProxy.java:401)
	at org.apache.ratis.server.impl.RaftServerProxy.groupManagement(RaftServerProxy.java:381)
	at org.apache.hadoop.ozone.container.common.transport.server.ratis.XceiverServerRatis.removeGroup(XceiverServerRatis.java:772)
	... 4 more
2020-12-17 02:07:19,382 [Command processor thread] WARN  impl.RaftServerProxy (RaftServerProxy.java:remove(99)) - 9bbfc1fd-0495-41fe-87c7-bac1979a3990: does not contain group: group-415A68486C79
2020-12-17 02:07:19,382 [Command processor thread] ERROR commandhandler.ClosePipelineCommandHandler (ClosePipelineCommandHandler.java:handle(78)) - Can't close pipeline PipelineID=55f06238-75d0-401a-8ee7-415a68486c79
java.io.IOException: 9bbfc1fd-0495-41fe-87c7-bac1979a3990: Group group-415A68486C79 not found.
	at org.apache.hadoop.ozone.container.common.transport.server.ratis.XceiverServerRatis.removeGroup(XceiverServerRatis.java:774)
	at org.apache.hadoop.ozone.container.common.statemachine.commandhandler.ClosePipelineCommandHandler.handle(ClosePipelineCommandHandler.java:74)
	at org.apache.hadoop.ozone.container.common.statemachine.commandhandler.CommandDispatcher.handle(CommandDispatcher.java:99)
	at org.apache.hadoop.ozone.container.common.statemachine.DatanodeStateMachine.lambda$initCommandHandlerThread$2(DatanodeStateMachine.java:498)
	at java.lang.Thread.run(Thread.java:748)
Caused by: org.apache.ratis.protocol.exceptions.GroupMismatchException: 9bbfc1fd-0495-41fe-87c7-bac1979a3990: Group group-415A68486C79 not found.
	at org.apache.ratis.server.impl.RaftServerProxy.groupRemoveAsync(RaftServerProxy.java:445)
	at org.apache.ratis.server.impl.RaftServerProxy.groupManagementAsync(RaftServerProxy.java:401)
	at org.apache.ratis.server.impl.RaftServerProxy.groupManagement(RaftServerProxy.java:381)
	at org.apache.hadoop.ozone.container.common.transport.server.ratis.XceiverServerRatis.removeGroup(XceiverServerRatis.java:772)
	... 4 more
2020-12-17 02:07:19,382 [Command processor thread] WARN  impl.RaftServerProxy (RaftServerProxy.java:remove(99)) - 9bbfc1fd-0495-41fe-87c7-bac1979a3990: does not contain group: group-D41B12127F4A
2020-12-17 02:07:19,382 [Command processor thread] ERROR commandhandler.ClosePipelineCommandHandler (ClosePipelineCommandHandler.java:handle(78)) - Can't close pipeline PipelineID=3830245e-a07d-4120-a216-d41b12127f4a
java.io.IOException: 9bbfc1fd-0495-41fe-87c7-bac1979a3990: Group group-D41B12127F4A not found.
	at org.apache.hadoop.ozone.container.common.transport.server.ratis.XceiverServerRatis.removeGroup(XceiverServerRatis.java:774)
	at org.apache.hadoop.ozone.container.common.statemachine.commandhandler.ClosePipelineCommandHandler.handle(ClosePipelineCommandHandler.java:74)
	at org.apache.hadoop.ozone.container.common.statemachine.commandhandler.CommandDispatcher.handle(CommandDispatcher.java:99)
	at org.apache.hadoop.ozone.container.common.statemachine.DatanodeStateMachine.lambda$initCommandHandlerThread$2(DatanodeStateMachine.java:498)
	at java.lang.Thread.run(Thread.java:748)
Caused by: org.apache.ratis.protocol.exceptions.GroupMismatchException: 9bbfc1fd-0495-41fe-87c7-bac1979a3990: Group group-D41B12127F4A not found.
	at org.apache.ratis.server.impl.RaftServerProxy.groupRemoveAsync(RaftServerProxy.java:445)
	at org.apache.ratis.server.impl.RaftServerProxy.groupManagementAsync(RaftServerProxy.java:401)
	at org.apache.ratis.server.impl.RaftServerProxy.groupManagement(RaftServerProxy.java:381)
	at org.apache.hadoop.ozone.container.common.transport.server.ratis.XceiverServerRatis.removeGroup(XceiverServerRatis.java:772)
	... 4 more
2020-12-17 02:07:19,382 [Command processor thread] WARN  impl.RaftServerProxy (RaftServerProxy.java:remove(99)) - 9bbfc1fd-0495-41fe-87c7-bac1979a3990: does not contain group: group-415A68486C79
2020-12-17 02:07:19,382 [Command processor thread] ERROR commandhandler.ClosePipelineCommandHandler (ClosePipelineCommandHandler.java:handle(78)) - Can't close pipeline PipelineID=55f06238-75d0-401a-8ee7-415a68486c79
java.io.IOException: 9bbfc1fd-0495-41fe-87c7-bac1979a3990: Group group-415A68486C79 not found.
	at org.apache.hadoop.ozone.container.common.transport.server.ratis.XceiverServerRatis.removeGroup(XceiverServerRatis.java:774)
	at org.apache.hadoop.ozone.container.common.statemachine.commandhandler.ClosePipelineCommandHandler.handle(ClosePipelineCommandHandler.java:74)
	at org.apache.hadoop.ozone.container.common.statemachine.commandhandler.CommandDispatcher.handle(CommandDispatcher.java:99)
	at org.apache.hadoop.ozone.container.common.statemachine.DatanodeStateMachine.lambda$initCommandHandlerThread$2(DatanodeStateMachine.java:498)
	at java.lang.Thread.run(Thread.java:748)
Caused by: org.apache.ratis.protocol.exceptions.GroupMismatchException: 9bbfc1fd-0495-41fe-87c7-bac1979a3990: Group group-415A68486C79 not found.
	at org.apache.ratis.server.impl.RaftServerProxy.groupRemoveAsync(RaftServerProxy.java:445)
	at org.apache.ratis.server.impl.RaftServerProxy.groupManagementAsync(RaftServerProxy.java:401)
	at org.apache.ratis.server.impl.RaftServerProxy.groupManagement(RaftServerProxy.java:381)
	at org.apache.hadoop.ozone.container.common.transport.server.ratis.XceiverServerRatis.removeGroup(XceiverServerRatis.java:772)
	... 4 more
2020-12-17 02:07:19,383 [Command processor thread] WARN  impl.RaftServerProxy (RaftServerProxy.java:remove(99)) - 9bbfc1fd-0495-41fe-87c7-bac1979a3990: does not contain group: group-D41B12127F4A
2020-12-17 02:07:19,383 [Command processor thread] ERROR commandhandler.ClosePipelineCommandHandler (ClosePipelineCommandHandler.java:handle(78)) - Can't close pipeline PipelineID=3830245e-a07d-4120-a216-d41b12127f4a
java.io.IOException: 9bbfc1fd-0495-41fe-87c7-bac1979a3990: Group group-D41B12127F4A not found.
	at org.apache.hadoop.ozone.container.common.transport.server.ratis.XceiverServerRatis.removeGroup(XceiverServerRatis.java:774)
	at org.apache.hadoop.ozone.container.common.statemachine.commandhandler.ClosePipelineCommandHandler.handle(ClosePipelineCommandHandler.java:74)
	at org.apache.hadoop.ozone.container.common.statemachine.commandhandler.CommandDispatcher.handle(CommandDispatcher.java:99)
	at org.apache.hadoop.ozone.container.common.statemachine.DatanodeStateMachine.lambda$initCommandHandlerThread$2(DatanodeStateMachine.java:498)
	at java.lang.Thread.run(Thread.java:748)
Caused by: org.apache.ratis.protocol.exceptions.GroupMismatchException: 9bbfc1fd-0495-41fe-87c7-bac1979a3990: Group group-D41B12127F4A not found.
	at org.apache.ratis.server.impl.RaftServerProxy.groupRemoveAsync(RaftServerProxy.java:445)
	at org.apache.ratis.server.impl.RaftServerProxy.groupManagementAsync(RaftServerProxy.java:401)
	at org.apache.ratis.server.impl.RaftServerProxy.groupManagement(RaftServerProxy.java:381)
	at org.apache.hadoop.ozone.container.common.transport.server.ratis.XceiverServerRatis.removeGroup(XceiverServerRatis.java:772)
	... 4 more
2020-12-17 02:07:19,389 [Command processor thread] WARN  impl.RaftServerProxy (RaftServerProxy.java:remove(99)) - 9bbfc1fd-0495-41fe-87c7-bac1979a3990: does not contain group: group-415A68486C79
2020-12-17 02:07:19,389 [Command processor thread] ERROR commandhandler.ClosePipelineCommandHandler (ClosePipelineCommandHandler.java:handle(78)) - Can't close pipeline PipelineID=55f06238-75d0-401a-8ee7-415a68486c79
java.io.IOException: 9bbfc1fd-0495-41fe-87c7-bac1979a3990: Group group-415A68486C79 not found.
	at org.apache.hadoop.ozone.container.common.transport.server.ratis.XceiverServerRatis.removeGroup(XceiverServerRatis.java:774)
	at org.apache.hadoop.ozone.container.common.statemachine.commandhandler.ClosePipelineCommandHandler.handle(ClosePipelineCommandHandler.java:74)
	at org.apache.hadoop.ozone.container.common.statemachine.commandhandler.CommandDispatcher.handle(CommandDispatcher.java:99)
	at org.apache.hadoop.ozone.container.common.statemachine.DatanodeStateMachine.lambda$initCommandHandlerThread$2(DatanodeStateMachine.java:498)
	at java.lang.Thread.run(Thread.java:748)
Caused by: org.apache.ratis.protocol.exceptions.GroupMismatchException: 9bbfc1fd-0495-41fe-87c7-bac1979a3990: Group group-415A68486C79 not found.
	at org.apache.ratis.server.impl.RaftServerProxy.groupRemoveAsync(RaftServerProxy.java:445)
	at org.apache.ratis.server.impl.RaftServerProxy.groupManagementAsync(RaftServerProxy.java:401)
	at org.apache.ratis.server.impl.RaftServerProxy.groupManagement(RaftServerProxy.java:381)
	at org.apache.hadoop.ozone.container.common.transport.server.ratis.XceiverServerRatis.removeGroup(XceiverServerRatis.java:772)
	... 4 more
2020-12-17 02:07:19,389 [Command processor thread] WARN  impl.RaftServerProxy (RaftServerProxy.java:remove(99)) - 9bbfc1fd-0495-41fe-87c7-bac1979a3990: does not contain group: group-D41B12127F4A
2020-12-17 02:07:19,389 [Command processor thread] ERROR commandhandler.ClosePipelineCommandHandler (ClosePipelineCommandHandler.java:handle(78)) - Can't close pipeline PipelineID=3830245e-a07d-4120-a216-d41b12127f4a
java.io.IOException: 9bbfc1fd-0495-41fe-87c7-bac1979a3990: Group group-D41B12127F4A not found.
	at org.apache.hadoop.ozone.container.common.transport.server.ratis.XceiverServerRatis.removeGroup(XceiverServerRatis.java:774)
	at org.apache.hadoop.ozone.container.common.statemachine.commandhandler.ClosePipelineCommandHandler.handle(ClosePipelineCommandHandler.java:74)
	at org.apache.hadoop.ozone.container.common.statemachine.commandhandler.CommandDispatcher.handle(CommandDispatcher.java:99)
	at org.apache.hadoop.ozone.container.common.statemachine.DatanodeStateMachine.lambda$initCommandHandlerThread$2(DatanodeStateMachine.java:498)
	at java.lang.Thread.run(Thread.java:748)
Caused by: org.apache.ratis.protocol.exceptions.GroupMismatchException: 9bbfc1fd-0495-41fe-87c7-bac1979a3990: Group group-D41B12127F4A not found.
	at org.apache.ratis.server.impl.RaftServerProxy.groupRemoveAsync(RaftServerProxy.java:445)
	at org.apache.ratis.server.impl.RaftServerProxy.groupManagementAsync(RaftServerProxy.java:401)
	at org.apache.ratis.server.impl.RaftServerProxy.groupManagement(RaftServerProxy.java:381)
	at org.apache.hadoop.ozone.container.common.transport.server.ratis.XceiverServerRatis.removeGroup(XceiverServerRatis.java:772)
	... 4 more
2020-12-17 02:07:19,390 [Command processor thread] WARN  impl.RaftServerProxy (RaftServerProxy.java:remove(99)) - 9bbfc1fd-0495-41fe-87c7-bac1979a3990: does not contain group: group-415A68486C79
2020-12-17 02:07:19,390 [Command processor thread] ERROR commandhandler.ClosePipelineCommandHandler (ClosePipelineCommandHandler.java:handle(78)) - Can't close pipeline PipelineID=55f06238-75d0-401a-8ee7-415a68486c79
java.io.IOException: 9bbfc1fd-0495-41fe-87c7-bac1979a3990: Group group-415A68486C79 not found.
	at org.apache.hadoop.ozone.container.common.transport.server.ratis.XceiverServerRatis.removeGroup(XceiverServerRatis.java:774)
	at org.apache.hadoop.ozone.container.common.statemachine.commandhandler.ClosePipelineCommandHandler.handle(ClosePipelineCommandHandler.java:74)
	at org.apache.hadoop.ozone.container.common.statemachine.commandhandler.CommandDispatcher.handle(CommandDispatcher.java:99)
	at org.apache.hadoop.ozone.container.common.statemachine.DatanodeStateMachine.lambda$initCommandHandlerThread$2(DatanodeStateMachine.java:498)
	at java.lang.Thread.run(Thread.java:748)
Caused by: org.apache.ratis.protocol.exceptions.GroupMismatchException: 9bbfc1fd-0495-41fe-87c7-bac1979a3990: Group group-415A68486C79 not found.
	at org.apache.ratis.server.impl.RaftServerProxy.groupRemoveAsync(RaftServerProxy.java:445)
	at org.apache.ratis.server.impl.RaftServerProxy.groupManagementAsync(RaftServerProxy.java:401)
	at org.apache.ratis.server.impl.RaftServerProxy.groupManagement(RaftServerProxy.java:381)
	at org.apache.hadoop.ozone.container.common.transport.server.ratis.XceiverServerRatis.removeGroup(XceiverServerRatis.java:772)
	... 4 more
2020-12-17 02:07:19,390 [Command processor thread] WARN  impl.RaftServerProxy (RaftServerProxy.java:remove(99)) - 9bbfc1fd-0495-41fe-87c7-bac1979a3990: does not contain group: group-D41B12127F4A
2020-12-17 02:07:19,390 [Command processor thread] ERROR commandhandler.ClosePipelineCommandHandler (ClosePipelineCommandHandler.java:handle(78)) - Can't close pipeline PipelineID=3830245e-a07d-4120-a216-d41b12127f4a
java.io.IOException: 9bbfc1fd-0495-41fe-87c7-bac1979a3990: Group group-D41B12127F4A not found.
	at org.apache.hadoop.ozone.container.common.transport.server.ratis.XceiverServerRatis.removeGroup(XceiverServerRatis.java:774)
	at org.apache.hadoop.ozone.container.common.statemachine.commandhandler.ClosePipelineCommandHandler.handle(ClosePipelineCommandHandler.java:74)
	at org.apache.hadoop.ozone.container.common.statemachine.commandhandler.CommandDispatcher.handle(CommandDispatcher.java:99)
	at org.apache.hadoop.ozone.container.common.statemachine.DatanodeStateMachine.lambda$initCommandHandlerThread$2(DatanodeStateMachine.java:498)
	at java.lang.Thread.run(Thread.java:748)
Caused by: org.apache.ratis.protocol.exceptions.GroupMismatchException: 9bbfc1fd-0495-41fe-87c7-bac1979a3990: Group group-D41B12127F4A not found.
	at org.apache.ratis.server.impl.RaftServerProxy.groupRemoveAsync(RaftServerProxy.java:445)
	at org.apache.ratis.server.impl.RaftServerProxy.groupManagementAsync(RaftServerProxy.java:401)
	at org.apache.ratis.server.impl.RaftServerProxy.groupManagement(RaftServerProxy.java:381)
	at org.apache.hadoop.ozone.container.common.transport.server.ratis.XceiverServerRatis.removeGroup(XceiverServerRatis.java:772)
	... 4 more
2020-12-17 02:07:19,390 [Command processor thread] WARN  impl.RaftServerProxy (RaftServerProxy.java:remove(99)) - 9bbfc1fd-0495-41fe-87c7-bac1979a3990: does not contain group: group-415A68486C79
2020-12-17 02:07:19,390 [Command processor thread] ERROR commandhandler.ClosePipelineCommandHandler (ClosePipelineCommandHandler.java:handle(78)) - Can't close pipeline PipelineID=55f06238-75d0-401a-8ee7-415a68486c79
java.io.IOException: 9bbfc1fd-0495-41fe-87c7-bac1979a3990: Group group-415A68486C79 not found.
	at org.apache.hadoop.ozone.container.common.transport.server.ratis.XceiverServerRatis.removeGroup(XceiverServerRatis.java:774)
	at org.apache.hadoop.ozone.container.common.statemachine.commandhandler.ClosePipelineCommandHandler.handle(ClosePipelineCommandHandler.java:74)
	at org.apache.hadoop.ozone.container.common.statemachine.commandhandler.CommandDispatcher.handle(CommandDispatcher.java:99)
	at org.apache.hadoop.ozone.container.common.statemachine.DatanodeStateMachine.lambda$initCommandHandlerThread$2(DatanodeStateMachine.java:498)
	at java.lang.Thread.run(Thread.java:748)
Caused by: org.apache.ratis.protocol.exceptions.GroupMismatchException: 9bbfc1fd-0495-41fe-87c7-bac1979a3990: Group group-415A68486C79 not found.
	at org.apache.ratis.server.impl.RaftServerProxy.groupRemoveAsync(RaftServerProxy.java:445)
	at org.apache.ratis.server.impl.RaftServerProxy.groupManagementAsync(RaftServerProxy.java:401)
	at org.apache.ratis.server.impl.RaftServerProxy.groupManagement(RaftServerProxy.java:381)
	at org.apache.hadoop.ozone.container.common.transport.server.ratis.XceiverServerRatis.removeGroup(XceiverServerRatis.java:772)
	... 4 more
2020-12-17 02:07:19,391 [Command processor thread] WARN  impl.RaftServerProxy (RaftServerProxy.java:remove(99)) - 9bbfc1fd-0495-41fe-87c7-bac1979a3990: does not contain group: group-D41B12127F4A
2020-12-17 02:07:19,391 [Command processor thread] ERROR commandhandler.ClosePipelineCommandHandler (ClosePipelineCommandHandler.java:handle(78)) - Can't close pipeline PipelineID=3830245e-a07d-4120-a216-d41b12127f4a
java.io.IOException: 9bbfc1fd-0495-41fe-87c7-bac1979a3990: Group group-D41B12127F4A not found.
	at org.apache.hadoop.ozone.container.common.transport.server.ratis.XceiverServerRatis.removeGroup(XceiverServerRatis.java:774)
	at org.apache.hadoop.ozone.container.common.statemachine.commandhandler.ClosePipelineCommandHandler.handle(ClosePipelineCommandHandler.java:74)
	at org.apache.hadoop.ozone.container.common.statemachine.commandhandler.CommandDispatcher.handle(CommandDispatcher.java:99)
	at org.apache.hadoop.ozone.container.common.statemachine.DatanodeStateMachine.lambda$initCommandHandlerThread$2(DatanodeStateMachine.java:498)
	at java.lang.Thread.run(Thread.java:748)
Caused by: org.apache.ratis.protocol.exceptions.GroupMismatchException: 9bbfc1fd-0495-41fe-87c7-bac1979a3990: Group group-D41B12127F4A not found.
	at org.apache.ratis.server.impl.RaftServerProxy.groupRemoveAsync(RaftServerProxy.java:445)
	at org.apache.ratis.server.impl.RaftServerProxy.groupManagementAsync(RaftServerProxy.java:401)
	at org.apache.ratis.server.impl.RaftServerProxy.groupManagement(RaftServerProxy.java:381)
	at org.apache.hadoop.ozone.container.common.transport.server.ratis.XceiverServerRatis.removeGroup(XceiverServerRatis.java:772)
	... 4 more
2020-12-17 02:07:19,391 [Command processor thread] WARN  impl.RaftServerProxy (RaftServerProxy.java:remove(99)) - 9bbfc1fd-0495-41fe-87c7-bac1979a3990: does not contain group: group-415A68486C79
2020-12-17 02:07:19,391 [Command processor thread] ERROR commandhandler.ClosePipelineCommandHandler (ClosePipelineCommandHandler.java:handle(78)) - Can't close pipeline PipelineID=55f06238-75d0-401a-8ee7-415a68486c79
java.io.IOException: 9bbfc1fd-0495-41fe-87c7-bac1979a3990: Group group-415A68486C79 not found.
	at org.apache.hadoop.ozone.container.common.transport.server.ratis.XceiverServerRatis.removeGroup(XceiverServerRatis.java:774)
	at org.apache.hadoop.ozone.container.common.statemachine.commandhandler.ClosePipelineCommandHandler.handle(ClosePipelineCommandHandler.java:74)
	at org.apache.hadoop.ozone.container.common.statemachine.commandhandler.CommandDispatcher.handle(CommandDispatcher.java:99)
	at org.apache.hadoop.ozone.container.common.statemachine.DatanodeStateMachine.lambda$initCommandHandlerThread$2(DatanodeStateMachine.java:498)
	at java.lang.Thread.run(Thread.java:748)
Caused by: org.apache.ratis.protocol.exceptions.GroupMismatchException: 9bbfc1fd-0495-41fe-87c7-bac1979a3990: Group group-415A68486C79 not found.
	at org.apache.ratis.server.impl.RaftServerProxy.groupRemoveAsync(RaftServerProxy.java:445)
	at org.apache.ratis.server.impl.RaftServerProxy.groupManagementAsync(RaftServerProxy.java:401)
	at org.apache.ratis.server.impl.RaftServerProxy.groupManagement(RaftServerProxy.java:381)
	at org.apache.hadoop.ozone.container.common.transport.server.ratis.XceiverServerRatis.removeGroup(XceiverServerRatis.java:772)
	... 4 more
2020-12-17 02:07:19,410 [DatanodeAdminManager-0] INFO  node.DatanodeAdminMonitorImpl (DatanodeAdminMonitorImpl.java:checkContainersReplicatedOnNode(297)) - 0f866848-1c6a-43de-8969-aeea5cfaa857{ip: 172.17.0.2, host: 89b9adae2c19, networkLocation: /default-rack, certSerialId: null, persistedOpState: ENTERING_MAINTENANCE, persistedOpStateExpiryEpochSec: 0} has 0 sufficientlyReplicated, 2 underReplicated and 0 unhealthy containers
2020-12-17 02:07:19,410 [DatanodeAdminManager-0] INFO  node.DatanodeAdminMonitorImpl (DatanodeAdminMonitorImpl.java:checkContainersReplicatedOnNode(297)) - 9bbfc1fd-0495-41fe-87c7-bac1979a3990{ip: 172.17.0.2, host: 89b9adae2c19, networkLocation: /default-rack, certSerialId: null, persistedOpState: ENTERING_MAINTENANCE, persistedOpStateExpiryEpochSec: 0} has 0 sufficientlyReplicated, 2 underReplicated and 0 unhealthy containers
2020-12-17 02:07:19,410 [DatanodeAdminManager-0] INFO  node.DatanodeAdminMonitorImpl (DatanodeAdminMonitorImpl.java:checkContainersReplicatedOnNode(297)) - a9b97122-ab75-4dd8-b0be-c80a7b4aee3e{ip: 172.17.0.2, host: 89b9adae2c19, networkLocation: /default-rack, certSerialId: null, persistedOpState: ENTERING_MAINTENANCE, persistedOpStateExpiryEpochSec: 0} has 0 sufficientlyReplicated, 2 underReplicated and 0 unhealthy containers
2020-12-17 02:07:19,410 [DatanodeAdminManager-0] INFO  node.DatanodeAdminMonitorImpl (DatanodeAdminMonitorImpl.java:run(136)) - There are 3 nodes tracked for decommission and maintenance. 0 pending nodes.
2020-12-17 02:07:20,083 [ReplicationMonitor] INFO  container.ReplicationManager (ReplicationManager.java:forceCloseContainer(633)) - Force closing container #1 with BCSID 40, which is in QUASI_CLOSED state.
2020-12-17 02:07:20,084 [ReplicationMonitor] INFO  container.ReplicationManager (ReplicationManager.java:sendCloseCommand(948)) - Sending close container command for container #1 to datanode 0f866848-1c6a-43de-8969-aeea5cfaa857{ip: 172.17.0.2, host: 89b9adae2c19, networkLocation: /default-rack, certSerialId: null, persistedOpState: ENTERING_MAINTENANCE, persistedOpStateExpiryEpochSec: 0}.
2020-12-17 02:07:20,084 [ReplicationMonitor] INFO  container.ReplicationManager (ReplicationManager.java:sendCloseCommand(948)) - Sending close container command for container #1 to datanode a9b97122-ab75-4dd8-b0be-c80a7b4aee3e{ip: 172.17.0.2, host: 89b9adae2c19, networkLocation: /default-rack, certSerialId: null, persistedOpState: ENTERING_MAINTENANCE, persistedOpStateExpiryEpochSec: 0}.
2020-12-17 02:07:20,084 [ReplicationMonitor] INFO  container.ReplicationManager (ReplicationManager.java:forceCloseContainer(633)) - Force closing container #4 with BCSID 44, which is in QUASI_CLOSED state.
2020-12-17 02:07:20,084 [ReplicationMonitor] INFO  container.ReplicationManager (ReplicationManager.java:sendCloseCommand(948)) - Sending close container command for container #4 to datanode a9b97122-ab75-4dd8-b0be-c80a7b4aee3e{ip: 172.17.0.2, host: 89b9adae2c19, networkLocation: /default-rack, certSerialId: null, persistedOpState: ENTERING_MAINTENANCE, persistedOpStateExpiryEpochSec: 0}.
2020-12-17 02:07:20,084 [ReplicationMonitor] INFO  container.ReplicationManager (ReplicationManager.java:sendCloseCommand(948)) - Sending close container command for container #4 to datanode 9bbfc1fd-0495-41fe-87c7-bac1979a3990{ip: 172.17.0.2, host: 89b9adae2c19, networkLocation: /default-rack, certSerialId: null, persistedOpState: ENTERING_MAINTENANCE, persistedOpStateExpiryEpochSec: 0}.
2020-12-17 02:07:20,084 [ReplicationMonitor] INFO  container.ReplicationManager (ReplicationManager.java:sendCloseCommand(948)) - Sending close container command for container #4 to datanode 0f866848-1c6a-43de-8969-aeea5cfaa857{ip: 172.17.0.2, host: 89b9adae2c19, networkLocation: /default-rack, certSerialId: null, persistedOpState: ENTERING_MAINTENANCE, persistedOpStateExpiryEpochSec: 0}.
2020-12-17 02:07:20,084 [ReplicationMonitor] INFO  container.ReplicationManager (ReplicationManager.java:run(250)) - Replication Monitor Thread took 1 milliseconds for processing 4 containers.
2020-12-17 02:07:20,404 [Command processor thread] WARN  impl.RaftServerProxy (RaftServerProxy.java:remove(99)) - 0f866848-1c6a-43de-8969-aeea5cfaa857: does not contain group: group-B46DC85C5C5B
2020-12-17 02:07:20,405 [Command processor thread] ERROR commandhandler.ClosePipelineCommandHandler (ClosePipelineCommandHandler.java:handle(78)) - Can't close pipeline PipelineID=7f9a6932-f29b-485f-b7b2-b46dc85c5c5b
java.io.IOException: 0f866848-1c6a-43de-8969-aeea5cfaa857: Group group-B46DC85C5C5B not found.
	at org.apache.hadoop.ozone.container.common.transport.server.ratis.XceiverServerRatis.removeGroup(XceiverServerRatis.java:774)
	at org.apache.hadoop.ozone.container.common.statemachine.commandhandler.ClosePipelineCommandHandler.handle(ClosePipelineCommandHandler.java:74)
	at org.apache.hadoop.ozone.container.common.statemachine.commandhandler.CommandDispatcher.handle(CommandDispatcher.java:99)
	at org.apache.hadoop.ozone.container.common.statemachine.DatanodeStateMachine.lambda$initCommandHandlerThread$2(DatanodeStateMachine.java:498)
	at java.lang.Thread.run(Thread.java:748)
Caused by: org.apache.ratis.protocol.exceptions.GroupMismatchException: 0f866848-1c6a-43de-8969-aeea5cfaa857: Group group-B46DC85C5C5B not found.
	at org.apache.ratis.server.impl.RaftServerProxy.groupRemoveAsync(RaftServerProxy.java:445)
	at org.apache.ratis.server.impl.RaftServerProxy.groupManagementAsync(RaftServerProxy.java:401)
	at org.apache.ratis.server.impl.RaftServerProxy.groupManagement(RaftServerProxy.java:381)
	at org.apache.hadoop.ozone.container.common.transport.server.ratis.XceiverServerRatis.removeGroup(XceiverServerRatis.java:772)
	... 4 more
2020-12-17 02:07:20,405 [Command processor thread] WARN  impl.RaftServerProxy (RaftServerProxy.java:remove(99)) - 0f866848-1c6a-43de-8969-aeea5cfaa857: does not contain group: group-415A68486C79
2020-12-17 02:07:20,405 [Command processor thread] ERROR commandhandler.ClosePipelineCommandHandler (ClosePipelineCommandHandler.java:handle(78)) - Can't close pipeline PipelineID=55f06238-75d0-401a-8ee7-415a68486c79
java.io.IOException: 0f866848-1c6a-43de-8969-aeea5cfaa857: Group group-415A68486C79 not found.
	at org.apache.hadoop.ozone.container.common.transport.server.ratis.XceiverServerRatis.removeGroup(XceiverServerRatis.java:774)
	at org.apache.hadoop.ozone.container.common.statemachine.commandhandler.ClosePipelineCommandHandler.handle(ClosePipelineCommandHandler.java:74)
	at org.apache.hadoop.ozone.container.common.statemachine.commandhandler.CommandDispatcher.handle(CommandDispatcher.java:99)
	at org.apache.hadoop.ozone.container.common.statemachine.DatanodeStateMachine.lambda$initCommandHandlerThread$2(DatanodeStateMachine.java:498)
	at java.lang.Thread.run(Thread.java:748)
Caused by: org.apache.ratis.protocol.exceptions.GroupMismatchException: 0f866848-1c6a-43de-8969-aeea5cfaa857: Group group-415A68486C79 not found.
	at org.apache.ratis.server.impl.RaftServerProxy.groupRemoveAsync(RaftServerProxy.java:445)
	at org.apache.ratis.server.impl.RaftServerProxy.groupManagementAsync(RaftServerProxy.java:401)
	at org.apache.ratis.server.impl.RaftServerProxy.groupManagement(RaftServerProxy.java:381)
	at org.apache.hadoop.ozone.container.common.transport.server.ratis.XceiverServerRatis.removeGroup(XceiverServerRatis.java:772)
	... 4 more
2020-12-17 02:07:20,405 [Command processor thread] INFO  keyvalue.KeyValueContainer (KeyValueContainer.java:flushAndSyncDB(388)) - Container 4 is synced with bcsId 44.
2020-12-17 02:07:20,405 [Command processor thread] INFO  keyvalue.KeyValueContainer (KeyValueContainer.java:flushAndSyncDB(388)) - Container 4 is synced with bcsId 44.
2020-12-17 02:07:20,410 [DatanodeAdminManager-0] INFO  node.DatanodeAdminMonitorImpl (DatanodeAdminMonitorImpl.java:checkContainersReplicatedOnNode(297)) - 0f866848-1c6a-43de-8969-aeea5cfaa857{ip: 172.17.0.2, host: 89b9adae2c19, networkLocation: /default-rack, certSerialId: null, persistedOpState: ENTERING_MAINTENANCE, persistedOpStateExpiryEpochSec: 0} has 0 sufficientlyReplicated, 2 underReplicated and 0 unhealthy containers
2020-12-17 02:07:20,410 [DatanodeAdminManager-0] INFO  node.DatanodeAdminMonitorImpl (DatanodeAdminMonitorImpl.java:checkContainersReplicatedOnNode(297)) - 9bbfc1fd-0495-41fe-87c7-bac1979a3990{ip: 172.17.0.2, host: 89b9adae2c19, networkLocation: /default-rack, certSerialId: null, persistedOpState: ENTERING_MAINTENANCE, persistedOpStateExpiryEpochSec: 0} has 0 sufficientlyReplicated, 2 underReplicated and 0 unhealthy containers
2020-12-17 02:07:20,410 [Command processor thread] WARN  impl.RaftServerProxy (RaftServerProxy.java:remove(99)) - a9b97122-ab75-4dd8-b0be-c80a7b4aee3e: does not contain group: group-2D332C029D89
2020-12-17 02:07:20,410 [DatanodeAdminManager-0] INFO  node.DatanodeAdminMonitorImpl (DatanodeAdminMonitorImpl.java:checkContainersReplicatedOnNode(297)) - a9b97122-ab75-4dd8-b0be-c80a7b4aee3e{ip: 172.17.0.2, host: 89b9adae2c19, networkLocation: /default-rack, certSerialId: null, persistedOpState: ENTERING_MAINTENANCE, persistedOpStateExpiryEpochSec: 0} has 0 sufficientlyReplicated, 2 underReplicated and 0 unhealthy containers
2020-12-17 02:07:20,410 [DatanodeAdminManager-0] INFO  node.DatanodeAdminMonitorImpl (DatanodeAdminMonitorImpl.java:run(136)) - There are 3 nodes tracked for decommission and maintenance. 0 pending nodes.
2020-12-17 02:07:20,410 [Command processor thread] ERROR commandhandler.ClosePipelineCommandHandler (ClosePipelineCommandHandler.java:handle(78)) - Can't close pipeline PipelineID=867e0515-6171-4b8e-85e5-2d332c029d89
java.io.IOException: a9b97122-ab75-4dd8-b0be-c80a7b4aee3e: Group group-2D332C029D89 not found.
	at org.apache.hadoop.ozone.container.common.transport.server.ratis.XceiverServerRatis.removeGroup(XceiverServerRatis.java:774)
	at org.apache.hadoop.ozone.container.common.statemachine.commandhandler.ClosePipelineCommandHandler.handle(ClosePipelineCommandHandler.java:74)
	at org.apache.hadoop.ozone.container.common.statemachine.commandhandler.CommandDispatcher.handle(CommandDispatcher.java:99)
	at org.apache.hadoop.ozone.container.common.statemachine.DatanodeStateMachine.lambda$initCommandHandlerThread$2(DatanodeStateMachine.java:498)
	at java.lang.Thread.run(Thread.java:748)
Caused by: org.apache.ratis.protocol.exceptions.GroupMismatchException: a9b97122-ab75-4dd8-b0be-c80a7b4aee3e: Group group-2D332C029D89 not found.
	at org.apache.ratis.server.impl.RaftServerProxy.groupRemoveAsync(RaftServerProxy.java:445)
	at org.apache.ratis.server.impl.RaftServerProxy.groupManagementAsync(RaftServerProxy.java:401)
	at org.apache.ratis.server.impl.RaftServerProxy.groupManagement(RaftServerProxy.java:381)
	at org.apache.hadoop.ozone.container.common.transport.server.ratis.XceiverServerRatis.removeGroup(XceiverServerRatis.java:772)
	... 4 more
2020-12-17 02:07:20,411 [Command processor thread] WARN  impl.RaftServerProxy (RaftServerProxy.java:remove(99)) - a9b97122-ab75-4dd8-b0be-c80a7b4aee3e: does not contain group: group-415A68486C79
2020-12-17 02:07:20,411 [Command processor thread] ERROR commandhandler.ClosePipelineCommandHandler (ClosePipelineCommandHandler.java:handle(78)) - Can't close pipeline PipelineID=55f06238-75d0-401a-8ee7-415a68486c79
java.io.IOException: a9b97122-ab75-4dd8-b0be-c80a7b4aee3e: Group group-415A68486C79 not found.
	at org.apache.hadoop.ozone.container.common.transport.server.ratis.XceiverServerRatis.removeGroup(XceiverServerRatis.java:774)
	at org.apache.hadoop.ozone.container.common.statemachine.commandhandler.ClosePipelineCommandHandler.handle(ClosePipelineCommandHandler.java:74)
	at org.apache.hadoop.ozone.container.common.statemachine.commandhandler.CommandDispatcher.handle(CommandDispatcher.java:99)
	at org.apache.hadoop.ozone.container.common.statemachine.DatanodeStateMachine.lambda$initCommandHandlerThread$2(DatanodeStateMachine.java:498)
	at java.lang.Thread.run(Thread.java:748)
Caused by: org.apache.ratis.protocol.exceptions.GroupMismatchException: a9b97122-ab75-4dd8-b0be-c80a7b4aee3e: Group group-415A68486C79 not found.
	at org.apache.ratis.server.impl.RaftServerProxy.groupRemoveAsync(RaftServerProxy.java:445)
	at org.apache.ratis.server.impl.RaftServerProxy.groupManagementAsync(RaftServerProxy.java:401)
	at org.apache.ratis.server.impl.RaftServerProxy.groupManagement(RaftServerProxy.java:381)
	at org.apache.hadoop.ozone.container.common.transport.server.ratis.XceiverServerRatis.removeGroup(XceiverServerRatis.java:772)
	... 4 more
2020-12-17 02:07:20,411 [Command processor thread] INFO  keyvalue.KeyValueContainer (KeyValueContainer.java:flushAndSyncDB(388)) - Container 4 is synced with bcsId 44.
2020-12-17 02:07:20,412 [Command processor thread] INFO  keyvalue.KeyValueContainer (KeyValueContainer.java:flushAndSyncDB(388)) - Container 4 is synced with bcsId 44.
2020-12-17 02:07:20,413 [Command processor thread] INFO  keyvalue.KeyValueContainer (KeyValueContainer.java:close(326)) - Container 4 is closed with bcsId 44.
2020-12-17 02:07:20,413 [Command processor thread] INFO  keyvalue.KeyValueContainer (KeyValueContainer.java:flushAndSyncDB(388)) - Container 1 is synced with bcsId 40.
2020-12-17 02:07:20,413 [Command processor thread] INFO  keyvalue.KeyValueContainer (KeyValueContainer.java:flushAndSyncDB(388)) - Container 1 is synced with bcsId 40.
2020-12-17 02:07:20,414 [EventQueue-IncrementalContainerReportForIncrementalContainerReportHandler] INFO  container.IncrementalContainerReportHandler (AbstractContainerReportHandler.java:updateContainerState(241)) - Moving container #4 to CLOSED state, datanode 0f866848-1c6a-43de-8969-aeea5cfaa857{ip: 172.17.0.2, host: 89b9adae2c19, networkLocation: /default-rack, certSerialId: null, persistedOpState: ENTERING_MAINTENANCE, persistedOpStateExpiryEpochSec: 0} reported CLOSED replica.
2020-12-17 02:07:20,417 [Command processor thread] INFO  keyvalue.KeyValueContainer (KeyValueContainer.java:close(326)) - Container 4 is closed with bcsId 44.
2020-12-17 02:07:20,418 [Command processor thread] INFO  keyvalue.KeyValueContainer (KeyValueContainer.java:flushAndSyncDB(388)) - Container 1 is synced with bcsId 40.
2020-12-17 02:07:20,418 [Command processor thread] INFO  keyvalue.KeyValueContainer (KeyValueContainer.java:flushAndSyncDB(388)) - Container 1 is synced with bcsId 40.
2020-12-17 02:07:20,420 [Command processor thread] INFO  keyvalue.KeyValueContainer (KeyValueContainer.java:close(326)) - Container 1 is closed with bcsId 40.
2020-12-17 02:07:20,420 [Command processor thread] INFO  keyvalue.KeyValueContainer (KeyValueContainer.java:close(326)) - Container 1 is closed with bcsId 40.
2020-12-17 02:07:20,422 [EventQueue-IncrementalContainerReportForIncrementalContainerReportHandler] INFO  container.IncrementalContainerReportHandler (AbstractContainerReportHandler.java:updateContainerState(241)) - Moving container #1 to CLOSED state, datanode a9b97122-ab75-4dd8-b0be-c80a7b4aee3e{ip: 172.17.0.2, host: 89b9adae2c19, networkLocation: /default-rack, certSerialId: null, persistedOpState: ENTERING_MAINTENANCE, persistedOpStateExpiryEpochSec: 0} reported CLOSED replica.
2020-12-17 02:07:21,085 [ReplicationMonitor] INFO  container.ReplicationManager (ReplicationManager.java:handleUnderReplicatedContainer(722)) - Container #1 is under replicated. Expected replica count is 3, but found 1.
2020-12-17 02:07:21,085 [ReplicationMonitor] INFO  container.ReplicationManager (ReplicationManager.java:sendReplicateCommand(970)) - Sending replicate container command for container #1 to datanode 11c9b167-23f2-44e1-aeb2-7325e8e405c1{ip: 172.17.0.2, host: 89b9adae2c19, networkLocation: /default-rack, certSerialId: null, persistedOpState: IN_SERVICE, persistedOpStateExpiryEpochSec: 0}
2020-12-17 02:07:21,085 [ReplicationMonitor] INFO  container.ReplicationManager (ReplicationManager.java:sendReplicateCommand(970)) - Sending replicate container command for container #1 to datanode 754837be-208e-446d-9d6b-47f20359d127{ip: 172.17.0.2, host: 89b9adae2c19, networkLocation: /default-rack, certSerialId: null, persistedOpState: IN_SERVICE, persistedOpStateExpiryEpochSec: 0}
2020-12-17 02:07:21,085 [ReplicationMonitor] INFO  container.ReplicationManager (ReplicationManager.java:handleUnderReplicatedContainer(722)) - Container #4 is under replicated. Expected replica count is 3, but found 1.
2020-12-17 02:07:21,085 [ReplicationMonitor] INFO  container.ReplicationManager (ReplicationManager.java:sendReplicateCommand(970)) - Sending replicate container command for container #4 to datanode 754837be-208e-446d-9d6b-47f20359d127{ip: 172.17.0.2, host: 89b9adae2c19, networkLocation: /default-rack, certSerialId: null, persistedOpState: IN_SERVICE, persistedOpStateExpiryEpochSec: 0}
2020-12-17 02:07:21,085 [ReplicationMonitor] INFO  container.ReplicationManager (ReplicationManager.java:sendReplicateCommand(970)) - Sending replicate container command for container #4 to datanode ff0f44f6-234e-4444-8ce6-8a74f0a01736{ip: 172.17.0.2, host: 89b9adae2c19, networkLocation: /default-rack, certSerialId: null, persistedOpState: IN_SERVICE, persistedOpStateExpiryEpochSec: 0}
2020-12-17 02:07:21,085 [ReplicationMonitor] INFO  container.ReplicationManager (ReplicationManager.java:run(250)) - Replication Monitor Thread took 1 milliseconds for processing 4 containers.
2020-12-17 02:07:21,520 [org.apache.ratis.server.JvmPauseMonitor@54bf9fc5-Monitor] WARN  server.JvmPauseMonitor (JvmPauseMonitor.java:run(141)) - Detected pause in JVM or host machine (eg GC): pause of approximately 46ms
GC pool 'PS MarkSweep' had collection(s): count=1 time=170ms
GC pool 'PS Scavenge' had collection(s): count=1 time=67ms
2020-12-17 02:07:21,520 [org.apache.ratis.server.JvmPauseMonitor@17e393a2-Monitor] WARN  server.JvmPauseMonitor (JvmPauseMonitor.java:run(141)) - Detected pause in JVM or host machine (eg GC): pause of approximately 80ms
GC pool 'PS MarkSweep' had collection(s): count=1 time=170ms
GC pool 'PS Scavenge' had collection(s): count=1 time=67ms
2020-12-17 02:07:21,521 [DatanodeAdminManager-0] INFO  node.DatanodeAdminMonitorImpl (DatanodeAdminMonitorImpl.java:checkContainersReplicatedOnNode(297)) - 0f866848-1c6a-43de-8969-aeea5cfaa857{ip: 172.17.0.2, host: 89b9adae2c19, networkLocation: /default-rack, certSerialId: null, persistedOpState: ENTERING_MAINTENANCE, persistedOpStateExpiryEpochSec: 0} has 0 sufficientlyReplicated, 2 underReplicated and 0 unhealthy containers
2020-12-17 02:07:21,523 [Command processor thread] WARN  impl.RaftServerProxy (RaftServerProxy.java:remove(99)) - 9bbfc1fd-0495-41fe-87c7-bac1979a3990: does not contain group: group-D41B12127F4A
2020-12-17 02:07:21,523 [Command processor thread] ERROR commandhandler.ClosePipelineCommandHandler (ClosePipelineCommandHandler.java:handle(78)) - Can't close pipeline PipelineID=3830245e-a07d-4120-a216-d41b12127f4a
java.io.IOException: 9bbfc1fd-0495-41fe-87c7-bac1979a3990: Group group-D41B12127F4A not found.
	at org.apache.hadoop.ozone.container.common.transport.server.ratis.XceiverServerRatis.removeGroup(XceiverServerRatis.java:774)
	at org.apache.hadoop.ozone.container.common.statemachine.commandhandler.ClosePipelineCommandHandler.handle(ClosePipelineCommandHandler.java:74)
	at org.apache.hadoop.ozone.container.common.statemachine.commandhandler.CommandDispatcher.handle(CommandDispatcher.java:99)
	at org.apache.hadoop.ozone.container.common.statemachine.DatanodeStateMachine.lambda$initCommandHandlerThread$2(DatanodeStateMachine.java:498)
	at java.lang.Thread.run(Thread.java:748)
Caused by: org.apache.ratis.protocol.exceptions.GroupMismatchException: 9bbfc1fd-0495-41fe-87c7-bac1979a3990: Group group-D41B12127F4A not found.
	at org.apache.ratis.server.impl.RaftServerProxy.groupRemoveAsync(RaftServerProxy.java:445)
	at org.apache.ratis.server.impl.RaftServerProxy.groupManagementAsync(RaftServerProxy.java:401)
	at org.apache.ratis.server.impl.RaftServerProxy.groupManagement(RaftServerProxy.java:381)
	at org.apache.hadoop.ozone.container.common.transport.server.ratis.XceiverServerRatis.removeGroup(XceiverServerRatis.java:772)
	... 4 more
2020-12-17 02:07:21,523 [Command processor thread] WARN  impl.RaftServerProxy (RaftServerProxy.java:remove(99)) - 9bbfc1fd-0495-41fe-87c7-bac1979a3990: does not contain group: group-415A68486C79
2020-12-17 02:07:21,523 [Command processor thread] ERROR commandhandler.ClosePipelineCommandHandler (ClosePipelineCommandHandler.java:handle(78)) - Can't close pipeline PipelineID=55f06238-75d0-401a-8ee7-415a68486c79
java.io.IOException: 9bbfc1fd-0495-41fe-87c7-bac1979a3990: Group group-415A68486C79 not found.
	at org.apache.hadoop.ozone.container.common.transport.server.ratis.XceiverServerRatis.removeGroup(XceiverServerRatis.java:774)
	at org.apache.hadoop.ozone.container.common.statemachine.commandhandler.ClosePipelineCommandHandler.handle(ClosePipelineCommandHandler.java:74)
	at org.apache.hadoop.ozone.container.common.statemachine.commandhandler.CommandDispatcher.handle(CommandDispatcher.java:99)
	at org.apache.hadoop.ozone.container.common.statemachine.DatanodeStateMachine.lambda$initCommandHandlerThread$2(DatanodeStateMachine.java:498)
	at java.lang.Thread.run(Thread.java:748)
Caused by: org.apache.ratis.protocol.exceptions.GroupMismatchException: 9bbfc1fd-0495-41fe-87c7-bac1979a3990: Group group-415A68486C79 not found.
	at org.apache.ratis.server.impl.RaftServerProxy.groupRemoveAsync(RaftServerProxy.java:445)
	at org.apache.ratis.server.impl.RaftServerProxy.groupManagementAsync(RaftServerProxy.java:401)
	at org.apache.ratis.server.impl.RaftServerProxy.groupManagement(RaftServerProxy.java:381)
	at org.apache.hadoop.ozone.container.common.transport.server.ratis.XceiverServerRatis.removeGroup(XceiverServerRatis.java:772)
	... 4 more
2020-12-17 02:07:21,524 [Command processor thread] INFO  keyvalue.KeyValueContainer (KeyValueContainer.java:flushAndSyncDB(388)) - Container 4 is synced with bcsId 44.
2020-12-17 02:07:21,524 [Command processor thread] INFO  keyvalue.KeyValueContainer (KeyValueContainer.java:flushAndSyncDB(388)) - Container 4 is synced with bcsId 44.
2020-12-17 02:07:21,525 [org.apache.ratis.server.JvmPauseMonitor@4b200478-Monitor] WARN  server.JvmPauseMonitor (JvmPauseMonitor.java:run(141)) - Detected pause in JVM or host machine (eg GC): pause of approximately 170ms
GC pool 'PS MarkSweep' had collection(s): count=1 time=170ms
GC pool 'PS Scavenge' had collection(s): count=1 time=67ms
2020-12-17 02:07:21,526 [Command processor thread] INFO  keyvalue.KeyValueContainer (KeyValueContainer.java:close(326)) - Container 4 is closed with bcsId 44.
2020-12-17 02:07:21,529 [DatanodeAdminManager-0] INFO  node.DatanodeAdminMonitorImpl (DatanodeAdminMonitorImpl.java:checkContainersReplicatedOnNode(297)) - 9bbfc1fd-0495-41fe-87c7-bac1979a3990{ip: 172.17.0.2, host: 89b9adae2c19, networkLocation: /default-rack, certSerialId: null, persistedOpState: ENTERING_MAINTENANCE, persistedOpStateExpiryEpochSec: 0} has 0 sufficientlyReplicated, 2 underReplicated and 0 unhealthy containers
2020-12-17 02:07:21,530 [DatanodeAdminManager-0] INFO  node.DatanodeAdminMonitorImpl (DatanodeAdminMonitorImpl.java:checkContainersReplicatedOnNode(297)) - a9b97122-ab75-4dd8-b0be-c80a7b4aee3e{ip: 172.17.0.2, host: 89b9adae2c19, networkLocation: /default-rack, certSerialId: null, persistedOpState: ENTERING_MAINTENANCE, persistedOpStateExpiryEpochSec: 0} has 0 sufficientlyReplicated, 2 underReplicated and 0 unhealthy containers
2020-12-17 02:07:21,530 [DatanodeAdminManager-0] INFO  node.DatanodeAdminMonitorImpl (DatanodeAdminMonitorImpl.java:run(136)) - There are 3 nodes tracked for decommission and maintenance. 0 pending nodes.
2020-12-17 02:07:22,086 [ReplicationMonitor] INFO  container.ReplicationManager (ReplicationManager.java:run(250)) - Replication Monitor Thread took 0 milliseconds for processing 4 containers.
2020-12-17 02:07:22,271 [ContainerReplicationThread-0] INFO  replication.DownloadAndImportReplicator (DownloadAndImportReplicator.java:replicate(106)) - Starting replication of container 1 from [9bbfc1fd-0495-41fe-87c7-bac1979a3990{ip: 172.17.0.2, host: 89b9adae2c19, networkLocation: /default-rack, certSerialId: null, persistedOpState: ENTERING_MAINTENANCE, persistedOpStateExpiryEpochSec: 0}, 0f866848-1c6a-43de-8969-aeea5cfaa857{ip: 172.17.0.2, host: 89b9adae2c19, networkLocation: /default-rack, certSerialId: null, persistedOpState: ENTERING_MAINTENANCE, persistedOpStateExpiryEpochSec: 0}, a9b97122-ab75-4dd8-b0be-c80a7b4aee3e{ip: 172.17.0.2, host: 89b9adae2c19, networkLocation: /default-rack, certSerialId: null, persistedOpState: ENTERING_MAINTENANCE, persistedOpStateExpiryEpochSec: 0}]
2020-12-17 02:07:22,277 [ContainerReplicationThread-0] INFO  replication.DownloadAndImportReplicator (DownloadAndImportReplicator.java:replicate(106)) - Starting replication of container 4 from [a9b97122-ab75-4dd8-b0be-c80a7b4aee3e{ip: 172.17.0.2, host: 89b9adae2c19, networkLocation: /default-rack, certSerialId: null, persistedOpState: ENTERING_MAINTENANCE, persistedOpStateExpiryEpochSec: 0}, 9bbfc1fd-0495-41fe-87c7-bac1979a3990{ip: 172.17.0.2, host: 89b9adae2c19, networkLocation: /default-rack, certSerialId: null, persistedOpState: ENTERING_MAINTENANCE, persistedOpStateExpiryEpochSec: 0}, 0f866848-1c6a-43de-8969-aeea5cfaa857{ip: 172.17.0.2, host: 89b9adae2c19, networkLocation: /default-rack, certSerialId: null, persistedOpState: ENTERING_MAINTENANCE, persistedOpStateExpiryEpochSec: 0}]
2020-12-17 02:07:22,281 [grpc-default-executor-1] INFO  replication.GrpcReplicationService (GrpcReplicationService.java:download(52)) - Streaming container data (1) to other datanode
2020-12-17 02:07:22,286 [grpc-default-executor-3] INFO  replication.GrpcReplicationService (GrpcReplicationService.java:download(52)) - Streaming container data (4) to other datanode
2020-12-17 02:07:22,291 [grpc-default-executor-1] INFO  replication.GrpcOutputStream (GrpcOutputStream.java:close(104)) - Sent 9345 bytes for container 1
2020-12-17 02:07:22,298 [grpc-default-executor-3] INFO  replication.GrpcOutputStream (GrpcOutputStream.java:close(104)) - Sent 9380 bytes for container 4
2020-12-17 02:07:22,298 [grpc-default-executor-0] INFO  replication.GrpcReplicationClient (GrpcReplicationClient.java:onCompleted(177)) - Container 4 is downloaded to /github/workspace/mnt/ozone/hadoop-ozone/integration-test/target/test-dir/MiniOzoneClusterImpl-b9724c50-03f5-4055-971c-7bf7c5f09f05/datanode-0/data/replication/work/container-4.tar.gz
2020-12-17 02:07:22,299 [grpc-default-executor-1] INFO  replication.GrpcReplicationClient (GrpcReplicationClient.java:onCompleted(177)) - Container 1 is downloaded to /github/workspace/mnt/ozone/hadoop-ozone/integration-test/target/test-dir/MiniOzoneClusterImpl-b9724c50-03f5-4055-971c-7bf7c5f09f05/datanode-2/data/replication/work/container-1.tar.gz
2020-12-17 02:07:22,300 [ContainerReplicationThread-0] INFO  replication.DownloadAndImportReplicator (DownloadAndImportReplicator.java:replicate(117)) - Container 4 is downloaded, starting to import.
2020-12-17 02:07:22,302 [ContainerReplicationThread-0] INFO  replication.DownloadAndImportReplicator (DownloadAndImportReplicator.java:replicate(117)) - Container 1 is downloaded, starting to import.
2020-12-17 02:07:22,336 [ContainerReplicationThread-0] INFO  replication.DownloadAndImportReplicator (DownloadAndImportReplicator.java:replicate(120)) - Container 4 is replicated successfully
2020-12-17 02:07:22,336 [ContainerReplicationThread-0] INFO  replication.ReplicationSupervisor (ReplicationSupervisor.java:run(146)) - Container 4 is replicated.
2020-12-17 02:07:22,340 [ContainerReplicationThread-0] INFO  replication.DownloadAndImportReplicator (DownloadAndImportReplicator.java:replicate(120)) - Container 1 is replicated successfully
2020-12-17 02:07:22,340 [ContainerReplicationThread-0] INFO  replication.ReplicationSupervisor (ReplicationSupervisor.java:run(146)) - Container 1 is replicated.
2020-12-17 02:07:22,410 [DatanodeAdminManager-0] INFO  node.DatanodeAdminMonitorImpl (DatanodeAdminMonitorImpl.java:checkContainersReplicatedOnNode(297)) - 0f866848-1c6a-43de-8969-aeea5cfaa857{ip: 172.17.0.2, host: 89b9adae2c19, networkLocation: /default-rack, certSerialId: null, persistedOpState: ENTERING_MAINTENANCE, persistedOpStateExpiryEpochSec: 0} has 0 sufficientlyReplicated, 2 underReplicated and 0 unhealthy containers
2020-12-17 02:07:22,410 [DatanodeAdminManager-0] INFO  node.DatanodeAdminMonitorImpl (DatanodeAdminMonitorImpl.java:checkContainersReplicatedOnNode(297)) - 9bbfc1fd-0495-41fe-87c7-bac1979a3990{ip: 172.17.0.2, host: 89b9adae2c19, networkLocation: /default-rack, certSerialId: null, persistedOpState: ENTERING_MAINTENANCE, persistedOpStateExpiryEpochSec: 0} has 0 sufficientlyReplicated, 2 underReplicated and 0 unhealthy containers
2020-12-17 02:07:22,410 [DatanodeAdminManager-0] INFO  node.DatanodeAdminMonitorImpl (DatanodeAdminMonitorImpl.java:checkContainersReplicatedOnNode(297)) - a9b97122-ab75-4dd8-b0be-c80a7b4aee3e{ip: 172.17.0.2, host: 89b9adae2c19, networkLocation: /default-rack, certSerialId: null, persistedOpState: ENTERING_MAINTENANCE, persistedOpStateExpiryEpochSec: 0} has 0 sufficientlyReplicated, 2 underReplicated and 0 unhealthy containers
2020-12-17 02:07:22,410 [DatanodeAdminManager-0] INFO  node.DatanodeAdminMonitorImpl (DatanodeAdminMonitorImpl.java:run(136)) - There are 3 nodes tracked for decommission and maintenance. 0 pending nodes.
2020-12-17 02:07:23,087 [ReplicationMonitor] INFO  container.ReplicationManager (ReplicationManager.java:run(250)) - Replication Monitor Thread took 0 milliseconds for processing 4 containers.
2020-12-17 02:07:23,281 [ContainerReplicationThread-0] INFO  replication.DownloadAndImportReplicator (DownloadAndImportReplicator.java:replicate(106)) - Starting replication of container 1 from [9bbfc1fd-0495-41fe-87c7-bac1979a3990{ip: 172.17.0.2, host: 89b9adae2c19, networkLocation: /default-rack, certSerialId: null, persistedOpState: ENTERING_MAINTENANCE, persistedOpStateExpiryEpochSec: 0}, 0f866848-1c6a-43de-8969-aeea5cfaa857{ip: 172.17.0.2, host: 89b9adae2c19, networkLocation: /default-rack, certSerialId: null, persistedOpState: ENTERING_MAINTENANCE, persistedOpStateExpiryEpochSec: 0}, a9b97122-ab75-4dd8-b0be-c80a7b4aee3e{ip: 172.17.0.2, host: 89b9adae2c19, networkLocation: /default-rack, certSerialId: null, persistedOpState: ENTERING_MAINTENANCE, persistedOpStateExpiryEpochSec: 0}]
2020-12-17 02:07:23,281 [ContainerReplicationThread-1] INFO  replication.DownloadAndImportReplicator (DownloadAndImportReplicator.java:replicate(106)) - Starting replication of container 4 from [a9b97122-ab75-4dd8-b0be-c80a7b4aee3e{ip: 172.17.0.2, host: 89b9adae2c19, networkLocation: /default-rack, certSerialId: null, persistedOpState: ENTERING_MAINTENANCE, persistedOpStateExpiryEpochSec: 0}, 9bbfc1fd-0495-41fe-87c7-bac1979a3990{ip: 172.17.0.2, host: 89b9adae2c19, networkLocation: /default-rack, certSerialId: null, persistedOpState: ENTERING_MAINTENANCE, persistedOpStateExpiryEpochSec: 0}, 0f866848-1c6a-43de-8969-aeea5cfaa857{ip: 172.17.0.2, host: 89b9adae2c19, networkLocation: /default-rack, certSerialId: null, persistedOpState: ENTERING_MAINTENANCE, persistedOpStateExpiryEpochSec: 0}]
2020-12-17 02:07:23,302 [grpc-default-executor-0] INFO  replication.GrpcReplicationService (GrpcReplicationService.java:download(52)) - Streaming container data (4) to other datanode
2020-12-17 02:07:23,302 [grpc-default-executor-1] INFO  replication.GrpcReplicationService (GrpcReplicationService.java:download(52)) - Streaming container data (1) to other datanode
2020-12-17 02:07:23,318 [grpc-default-executor-0] INFO  replication.GrpcOutputStream (GrpcOutputStream.java:close(104)) - Sent 9412 bytes for container 4
2020-12-17 02:07:23,322 [grpc-default-executor-0] INFO  replication.GrpcReplicationClient (GrpcReplicationClient.java:onCompleted(177)) - Container 4 is downloaded to /github/workspace/mnt/ozone/hadoop-ozone/integration-test/target/test-dir/MiniOzoneClusterImpl-b9724c50-03f5-4055-971c-7bf7c5f09f05/datanode-1/data/replication/work/container-4.tar.gz
2020-12-17 02:07:23,324 [ContainerReplicationThread-1] INFO  replication.DownloadAndImportReplicator (DownloadAndImportReplicator.java:replicate(117)) - Container 4 is downloaded, starting to import.
2020-12-17 02:07:23,355 [ContainerReplicationThread-1] INFO  replication.DownloadAndImportReplicator (DownloadAndImportReplicator.java:replicate(120)) - Container 4 is replicated successfully
2020-12-17 02:07:23,355 [ContainerReplicationThread-1] INFO  replication.ReplicationSupervisor (ReplicationSupervisor.java:run(146)) - Container 4 is replicated.
2020-12-17 02:07:23,372 [grpc-default-executor-1] INFO  replication.GrpcOutputStream (GrpcOutputStream.java:close(104)) - Sent 16176 bytes for container 1
2020-12-17 02:07:23,374 [grpc-default-executor-0] INFO  replication.GrpcReplicationClient (GrpcReplicationClient.java:onCompleted(177)) - Container 1 is downloaded to /github/workspace/mnt/ozone/hadoop-ozone/integration-test/target/test-dir/MiniOzoneClusterImpl-b9724c50-03f5-4055-971c-7bf7c5f09f05/datanode-1/data/replication/work/container-1.tar.gz
2020-12-17 02:07:23,375 [ContainerReplicationThread-0] INFO  replication.DownloadAndImportReplicator (DownloadAndImportReplicator.java:replicate(117)) - Container 1 is downloaded, starting to import.
2020-12-17 02:07:23,396 [ContainerReplicationThread-0] INFO  replication.DownloadAndImportReplicator (DownloadAndImportReplicator.java:replicate(120)) - Container 1 is replicated successfully
2020-12-17 02:07:23,396 [ContainerReplicationThread-0] INFO  replication.ReplicationSupervisor (ReplicationSupervisor.java:run(146)) - Container 1 is replicated.
2020-12-17 02:07:23,410 [DatanodeAdminManager-0] INFO  node.DatanodeAdminMonitorImpl (DatanodeAdminMonitorImpl.java:checkContainersReplicatedOnNode(297)) - 0f866848-1c6a-43de-8969-aeea5cfaa857{ip: 172.17.0.2, host: 89b9adae2c19, networkLocation: /default-rack, certSerialId: null, persistedOpState: ENTERING_MAINTENANCE, persistedOpStateExpiryEpochSec: 0} has 0 sufficientlyReplicated, 2 underReplicated and 0 unhealthy containers
2020-12-17 02:07:23,410 [DatanodeAdminManager-0] INFO  node.DatanodeAdminMonitorImpl (DatanodeAdminMonitorImpl.java:checkContainersReplicatedOnNode(297)) - 9bbfc1fd-0495-41fe-87c7-bac1979a3990{ip: 172.17.0.2, host: 89b9adae2c19, networkLocation: /default-rack, certSerialId: null, persistedOpState: ENTERING_MAINTENANCE, persistedOpStateExpiryEpochSec: 0} has 0 sufficientlyReplicated, 2 underReplicated and 0 unhealthy containers
2020-12-17 02:07:23,410 [DatanodeAdminManager-0] INFO  node.DatanodeAdminMonitorImpl (DatanodeAdminMonitorImpl.java:checkContainersReplicatedOnNode(297)) - a9b97122-ab75-4dd8-b0be-c80a7b4aee3e{ip: 172.17.0.2, host: 89b9adae2c19, networkLocation: /default-rack, certSerialId: null, persistedOpState: ENTERING_MAINTENANCE, persistedOpStateExpiryEpochSec: 0} has 0 sufficientlyReplicated, 2 underReplicated and 0 unhealthy containers
2020-12-17 02:07:23,412 [DatanodeAdminManager-0] INFO  node.DatanodeAdminMonitorImpl (DatanodeAdminMonitorImpl.java:run(136)) - There are 3 nodes tracked for decommission and maintenance. 0 pending nodes.
2020-12-17 02:07:24,088 [ReplicationMonitor] INFO  container.ReplicationManager (ReplicationManager.java:handleUnderReplicatedContainer(722)) - Container #1 is under replicated. Expected replica count is 3, but found 2.
2020-12-17 02:07:24,088 [ReplicationMonitor] INFO  container.ReplicationManager (ReplicationManager.java:sendReplicateCommand(970)) - Sending replicate container command for container #1 to datanode ff0f44f6-234e-4444-8ce6-8a74f0a01736{ip: 172.17.0.2, host: 89b9adae2c19, networkLocation: /default-rack, certSerialId: null, persistedOpState: IN_SERVICE, persistedOpStateExpiryEpochSec: 0}
2020-12-17 02:07:24,088 [ReplicationMonitor] INFO  container.ReplicationManager (ReplicationManager.java:run(250)) - Replication Monitor Thread took 1 milliseconds for processing 4 containers.
2020-12-17 02:07:24,410 [DatanodeAdminManager-0] INFO  node.DatanodeAdminMonitorImpl (DatanodeAdminMonitorImpl.java:checkContainersReplicatedOnNode(297)) - 0f866848-1c6a-43de-8969-aeea5cfaa857{ip: 172.17.0.2, host: 89b9adae2c19, networkLocation: /default-rack, certSerialId: null, persistedOpState: ENTERING_MAINTENANCE, persistedOpStateExpiryEpochSec: 0} has 0 sufficientlyReplicated, 2 underReplicated and 0 unhealthy containers
2020-12-17 02:07:24,410 [DatanodeAdminManager-0] INFO  node.DatanodeAdminMonitorImpl (DatanodeAdminMonitorImpl.java:checkContainersReplicatedOnNode(297)) - 9bbfc1fd-0495-41fe-87c7-bac1979a3990{ip: 172.17.0.2, host: 89b9adae2c19, networkLocation: /default-rack, certSerialId: null, persistedOpState: ENTERING_MAINTENANCE, persistedOpStateExpiryEpochSec: 0} has 0 sufficientlyReplicated, 2 underReplicated and 0 unhealthy containers
2020-12-17 02:07:24,410 [DatanodeAdminManager-0] INFO  node.DatanodeAdminMonitorImpl (DatanodeAdminMonitorImpl.java:checkContainersReplicatedOnNode(297)) - a9b97122-ab75-4dd8-b0be-c80a7b4aee3e{ip: 172.17.0.2, host: 89b9adae2c19, networkLocation: /default-rack, certSerialId: null, persistedOpState: ENTERING_MAINTENANCE, persistedOpStateExpiryEpochSec: 0} has 0 sufficientlyReplicated, 2 underReplicated and 0 unhealthy containers
2020-12-17 02:07:24,410 [DatanodeAdminManager-0] INFO  node.DatanodeAdminMonitorImpl (DatanodeAdminMonitorImpl.java:run(136)) - There are 3 nodes tracked for decommission and maintenance. 0 pending nodes.
2020-12-17 02:07:25,089 [ReplicationMonitor] INFO  container.ReplicationManager (ReplicationManager.java:run(250)) - Replication Monitor Thread took 1 milliseconds for processing 4 containers.
2020-12-17 02:07:25,337 [ContainerReplicationThread-1] INFO  replication.DownloadAndImportReplicator (DownloadAndImportReplicator.java:replicate(106)) - Starting replication of container 1 from [9bbfc1fd-0495-41fe-87c7-bac1979a3990{ip: 172.17.0.2, host: 89b9adae2c19, networkLocation: /default-rack, certSerialId: null, persistedOpState: ENTERING_MAINTENANCE, persistedOpStateExpiryEpochSec: 0}, 0f866848-1c6a-43de-8969-aeea5cfaa857{ip: 172.17.0.2, host: 89b9adae2c19, networkLocation: /default-rack, certSerialId: null, persistedOpState: ENTERING_MAINTENANCE, persistedOpStateExpiryEpochSec: 0}, 754837be-208e-446d-9d6b-47f20359d127{ip: 172.17.0.2, host: 89b9adae2c19, networkLocation: /default-rack, certSerialId: null, persistedOpState: IN_SERVICE, persistedOpStateExpiryEpochSec: 0}, a9b97122-ab75-4dd8-b0be-c80a7b4aee3e{ip: 172.17.0.2, host: 89b9adae2c19, networkLocation: /default-rack, certSerialId: null, persistedOpState: ENTERING_MAINTENANCE, persistedOpStateExpiryEpochSec: 0}]
2020-12-17 02:07:25,342 [grpc-default-executor-0] INFO  replication.GrpcReplicationService (GrpcReplicationService.java:download(52)) - Streaming container data (1) to other datanode
2020-12-17 02:07:25,366 [grpc-default-executor-0] INFO  replication.GrpcOutputStream (GrpcOutputStream.java:close(104)) - Sent 20664 bytes for container 1
2020-12-17 02:07:25,367 [grpc-default-executor-3] INFO  replication.GrpcReplicationClient (GrpcReplicationClient.java:onCompleted(177)) - Container 1 is downloaded to /github/workspace/mnt/ozone/hadoop-ozone/integration-test/target/test-dir/MiniOzoneClusterImpl-b9724c50-03f5-4055-971c-7bf7c5f09f05/datanode-0/data/replication/work/container-1.tar.gz
2020-12-17 02:07:25,373 [ContainerReplicationThread-1] INFO  replication.DownloadAndImportReplicator (DownloadAndImportReplicator.java:replicate(117)) - Container 1 is downloaded, starting to import.
2020-12-17 02:07:25,399 [ContainerReplicationThread-1] INFO  replication.DownloadAndImportReplicator (DownloadAndImportReplicator.java:replicate(120)) - Container 1 is replicated successfully
2020-12-17 02:07:25,400 [ContainerReplicationThread-1] INFO  replication.ReplicationSupervisor (ReplicationSupervisor.java:run(146)) - Container 1 is replicated.
2020-12-17 02:07:25,410 [DatanodeAdminManager-0] INFO  node.DatanodeAdminMonitorImpl (DatanodeAdminMonitorImpl.java:checkContainersReplicatedOnNode(297)) - 0f866848-1c6a-43de-8969-aeea5cfaa857{ip: 172.17.0.2, host: 89b9adae2c19, networkLocation: /default-rack, certSerialId: null, persistedOpState: ENTERING_MAINTENANCE, persistedOpStateExpiryEpochSec: 0} has 2 sufficientlyReplicated, 0 underReplicated and 0 unhealthy containers
2020-12-17 02:07:25,410 [DatanodeAdminManager-0] INFO  node.DatanodeAdminMonitorImpl (DatanodeAdminMonitorImpl.java:putIntoMaintenance(313)) - Datanode 0f866848-1c6a-43de-8969-aeea5cfaa857{ip: 172.17.0.2, host: 89b9adae2c19, networkLocation: /default-rack, certSerialId: null, persistedOpState: ENTERING_MAINTENANCE, persistedOpStateExpiryEpochSec: 0} has entered maintenance
2020-12-17 02:07:25,410 [DatanodeAdminManager-0] INFO  node.DatanodeAdminMonitorImpl (DatanodeAdminMonitorImpl.java:checkContainersReplicatedOnNode(297)) - 9bbfc1fd-0495-41fe-87c7-bac1979a3990{ip: 172.17.0.2, host: 89b9adae2c19, networkLocation: /default-rack, certSerialId: null, persistedOpState: ENTERING_MAINTENANCE, persistedOpStateExpiryEpochSec: 0} has 2 sufficientlyReplicated, 0 underReplicated and 0 unhealthy containers
2020-12-17 02:07:25,410 [DatanodeAdminManager-0] INFO  node.DatanodeAdminMonitorImpl (DatanodeAdminMonitorImpl.java:putIntoMaintenance(313)) - Datanode 9bbfc1fd-0495-41fe-87c7-bac1979a3990{ip: 172.17.0.2, host: 89b9adae2c19, networkLocation: /default-rack, certSerialId: null, persistedOpState: ENTERING_MAINTENANCE, persistedOpStateExpiryEpochSec: 0} has entered maintenance
2020-12-17 02:07:25,411 [DatanodeAdminManager-0] INFO  node.DatanodeAdminMonitorImpl (DatanodeAdminMonitorImpl.java:checkContainersReplicatedOnNode(297)) - a9b97122-ab75-4dd8-b0be-c80a7b4aee3e{ip: 172.17.0.2, host: 89b9adae2c19, networkLocation: /default-rack, certSerialId: null, persistedOpState: ENTERING_MAINTENANCE, persistedOpStateExpiryEpochSec: 0} has 2 sufficientlyReplicated, 0 underReplicated and 0 unhealthy containers
2020-12-17 02:07:25,411 [DatanodeAdminManager-0] INFO  node.DatanodeAdminMonitorImpl (DatanodeAdminMonitorImpl.java:putIntoMaintenance(313)) - Datanode a9b97122-ab75-4dd8-b0be-c80a7b4aee3e{ip: 172.17.0.2, host: 89b9adae2c19, networkLocation: /default-rack, certSerialId: null, persistedOpState: ENTERING_MAINTENANCE, persistedOpStateExpiryEpochSec: 0} has entered maintenance
2020-12-17 02:07:25,411 [DatanodeAdminManager-0] INFO  node.DatanodeAdminMonitorImpl (DatanodeAdminMonitorImpl.java:run(136)) - There are 3 nodes tracked for decommission and maintenance. 0 pending nodes.
2020-12-17 02:07:25,521 [IPC Server handler 16 on default port 41841] INFO  node.SCMNodeManager (SCMNodeManager.java:updateDatanodeOpState(419)) - Scheduling a command to update the operationalState persisted on the datanode as the reported value (ENTERING_MAINTENANCE, 0) does not match the value stored in SCM (IN_MAINTENANCE, 0)
2020-12-17 02:07:25,521 [IPC Server handler 15 on default port 41841] INFO  node.SCMNodeManager (SCMNodeManager.java:updateDatanodeOpState(419)) - Scheduling a command to update the operationalState persisted on the datanode as the reported value (ENTERING_MAINTENANCE, 0) does not match the value stored in SCM (IN_MAINTENANCE, 0)
2020-12-17 02:07:25,529 [IPC Server handler 17 on default port 41841] INFO  node.SCMNodeManager (SCMNodeManager.java:updateDatanodeOpState(419)) - Scheduling a command to update the operationalState persisted on the datanode as the reported value (ENTERING_MAINTENANCE, 0) does not match the value stored in SCM (IN_MAINTENANCE, 0)
2020-12-17 02:07:26,089 [ReplicationMonitor] INFO  container.ReplicationManager (ReplicationManager.java:run(250)) - Replication Monitor Thread took 1 milliseconds for processing 4 containers.
2020-12-17 02:07:26,410 [DatanodeAdminManager-0] INFO  node.DatanodeAdminMonitorImpl (DatanodeAdminMonitorImpl.java:run(136)) - There are 3 nodes tracked for decommission and maintenance. 0 pending nodes.
2020-12-17 02:07:26,521 [IPC Server handler 16 on default port 41841] INFO  node.SCMNodeManager (SCMNodeManager.java:updateDatanodeOpState(419)) - Scheduling a command to update the operationalState persisted on the datanode as the reported value (ENTERING_MAINTENANCE, 0) does not match the value stored in SCM (IN_MAINTENANCE, 0)
2020-12-17 02:07:26,522 [IPC Server handler 14 on default port 41841] INFO  node.SCMNodeManager (SCMNodeManager.java:updateDatanodeOpState(419)) - Scheduling a command to update the operationalState persisted on the datanode as the reported value (ENTERING_MAINTENANCE, 0) does not match the value stored in SCM (IN_MAINTENANCE, 0)
2020-12-17 02:07:27,090 [ReplicationMonitor] INFO  container.ReplicationManager (ReplicationManager.java:run(250)) - Replication Monitor Thread took 0 milliseconds for processing 4 containers.
2020-12-17 02:07:27,410 [DatanodeAdminManager-0] INFO  node.DatanodeAdminMonitorImpl (DatanodeAdminMonitorImpl.java:run(136)) - There are 3 nodes tracked for decommission and maintenance. 0 pending nodes.
2020-12-17 02:07:27,521 [IPC Server handler 16 on default port 41841] INFO  node.SCMNodeManager (SCMNodeManager.java:updateDatanodeOpState(419)) - Scheduling a command to update the operationalState persisted on the datanode as the reported value (ENTERING_MAINTENANCE, 0) does not match the value stored in SCM (IN_MAINTENANCE, 0)
2020-12-17 02:07:28,090 [ReplicationMonitor] INFO  container.ReplicationManager (ReplicationManager.java:run(250)) - Replication Monitor Thread took 1 milliseconds for processing 4 containers.
2020-12-17 02:07:28,410 [DatanodeAdminManager-0] INFO  node.DatanodeAdminMonitorImpl (DatanodeAdminMonitorImpl.java:run(136)) - There are 3 nodes tracked for decommission and maintenance. 0 pending nodes.
2020-12-17 02:07:28,528 [Listener at 127.0.0.1/44995] INFO  ozone.MiniOzoneClusterImpl (MiniOzoneClusterImpl.java:shutdown(388)) - Shutting down the Mini Ozone Cluster
2020-12-17 02:07:28,528 [Listener at 127.0.0.1/44995] INFO  ozone.MiniOzoneClusterImpl (MiniOzoneClusterImpl.java:stop(403)) - Stopping the Mini Ozone Cluster
2020-12-17 02:07:28,528 [Listener at 127.0.0.1/44995] INFO  ozone.MiniOzoneClusterImpl (MiniOzoneClusterImpl.java:stopOM(485)) - Stopping the OzoneManager
2020-12-17 02:07:28,528 [Listener at 127.0.0.1/44995] INFO  ipc.Server (Server.java:stop(3359)) - Stopping server on 44995
2020-12-17 02:07:28,529 [IPC Server listener on 0] INFO  ipc.Server (Server.java:run(1330)) - Stopping IPC Server listener on 0
2020-12-17 02:07:28,530 [IPC Server Responder] INFO  ipc.Server (Server.java:run(1465)) - Stopping IPC Server Responder
2020-12-17 02:07:28,530 [Listener at 127.0.0.1/44995] INFO  ratis.OzoneManagerDoubleBuffer (OzoneManagerDoubleBuffer.java:stop(457)) - Stopping OMDoubleBuffer flush thread
2020-12-17 02:07:28,530 [OMDoubleBufferFlushThread] INFO  ratis.OzoneManagerDoubleBuffer (OzoneManagerDoubleBuffer.java:flushTransactions(356)) - OMDoubleBuffer flush thread OMDoubleBufferFlushThread is interrupted and will exit. OMDoubleBufferFlushThread
2020-12-17 02:07:28,534 [Listener at 127.0.0.1/44995] INFO  utils.BackgroundService (BackgroundService.java:shutdown(132)) - Shutting down service KeyDeletingService
2020-12-17 02:07:28,536 [Listener at 127.0.0.1/44995] INFO  handler.ContextHandler (ContextHandler.java:doStop(1154)) - Stopped o.e.j.w.WebAppContext@1332d4ae{ozoneManager,/,null,STOPPED}{file:/github/workspace/mnt/ozone/hadoop-ozone/integration-test/target/test-classes/webapps/ozoneManager}
2020-12-17 02:07:28,536 [Listener at 127.0.0.1/44995] INFO  server.AbstractConnector (AbstractConnector.java:doStop(381)) - Stopped ServerConnector@44126e04{HTTP/1.1, (http/1.1)}{0.0.0.0:0}
2020-12-17 02:07:28,537 [Listener at 127.0.0.1/44995] INFO  server.session (HouseKeeper.java:stopScavenging(149)) - node0 Stopped scavenging
2020-12-17 02:07:28,537 [Listener at 127.0.0.1/44995] INFO  handler.ContextHandler (ContextHandler.java:doStop(1154)) - Stopped o.e.j.s.ServletContextHandler@2b647344{static,/static,file:///github/workspace/mnt/ozone/hadoop-ozone/integration-test/target/test-classes/webapps/static,STOPPED}
2020-12-17 02:07:28,537 [Listener at 127.0.0.1/44995] INFO  handler.ContextHandler (ContextHandler.java:doStop(1154)) - Stopped o.e.j.s.ServletContextHandler@78235b90{logs,/logs,file:///github/workspace/mnt/ozone/hadoop-ozone/integration-test/target/log,STOPPED}
2020-12-17 02:07:28,546 [Listener at 127.0.0.1/44995] INFO  ozone.MiniOzoneClusterImpl (MiniOzoneClusterImpl.java:stopDatanodes(462)) - Stopping the HddsDatanodes
2020-12-17 02:07:29,091 [ReplicationMonitor] INFO  container.ReplicationManager (ReplicationManager.java:run(250)) - Replication Monitor Thread took 0 milliseconds for processing 4 containers.
2020-12-17 02:07:29,247 [Datanode State Machine Thread - 0] INFO  statemachine.DatanodeStateMachine (DatanodeStateMachine.java:lambda$startDaemon$0(408)) - Ozone container server started.
2020-12-17 02:07:29,247 [ForkJoinPool.commonPool-worker-0] INFO  ozoneimpl.OzoneContainer (OzoneContainer.java:stop(257)) - Attempting to stop container services.
2020-12-17 02:07:29,248 [ForkJoinPool.commonPool-worker-0] INFO  impl.RaftServerProxy (RaftServerProxy.java:lambda$close$4(338)) - 754837be-208e-446d-9d6b-47f20359d127: close
2020-12-17 02:07:29,248 [ForkJoinPool.commonPool-worker-0] INFO  impl.RaftServerImpl (RaftServerImpl.java:lambda$shutdown$3(328)) - 754837be-208e-446d-9d6b-47f20359d127@group-B3368EE892E1: shutdown
2020-12-17 02:07:29,248 [ForkJoinPool.commonPool-worker-0] INFO  util.JmxRegister (JmxRegister.java:unregister(73)) - Successfully un-registered JMX Bean with object name Ratis:service=RaftServer,group=group-B3368EE892E1,id=754837be-208e-446d-9d6b-47f20359d127
2020-12-17 02:07:29,248 [ForkJoinPool.commonPool-worker-0] INFO  impl.RoleInfo (RoleInfo.java:shutdownFollowerState(121)) - 754837be-208e-446d-9d6b-47f20359d127: shutdown 754837be-208e-446d-9d6b-47f20359d127@group-B3368EE892E1-FollowerState
2020-12-17 02:07:29,248 [ForkJoinPool.commonPool-worker-0] INFO  impl.StateMachineUpdater (StateMachineUpdater.java:stopAndJoin(147)) - 754837be-208e-446d-9d6b-47f20359d127@group-B3368EE892E1-StateMachineUpdater: set stopIndex = 32
2020-12-17 02:07:29,249 [754837be-208e-446d-9d6b-47f20359d127@group-B3368EE892E1-StateMachineUpdater] INFO  ratis.ContainerStateMachine (ContainerStateMachine.java:takeSnapshot(293)) - group-B3368EE892E1: Taking a snapshot at:(t:1, i:32) file /github/workspace/mnt/ozone/hadoop-ozone/integration-test/target/test-dir/MiniOzoneClusterImpl-b9724c50-03f5-4055-971c-7bf7c5f09f05/datanode-1/data/ratis/328cd715-fe0f-49e5-9b2c-b3368ee892e1/sm/snapshot.1_32
2020-12-17 02:07:29,248 [Thread-855] INFO  impl.FollowerState (FollowerState.java:run(137)) - 754837be-208e-446d-9d6b-47f20359d127@group-B3368EE892E1-FollowerState was interrupted: {}
java.lang.InterruptedException: sleep interrupted
	at java.lang.Thread.sleep(Native Method)
	at org.apache.ratis.util.JavaUtils.sleep(JavaUtils.java:250)
	at org.apache.ratis.server.impl.FollowerState.run(FollowerState.java:116)
2020-12-17 02:07:29,410 [DatanodeAdminManager-0] INFO  node.DatanodeAdminMonitorImpl (DatanodeAdminMonitorImpl.java:run(136)) - There are 3 nodes tracked for decommission and maintenance. 0 pending nodes.
2020-12-17 02:07:29,411 [754837be-208e-446d-9d6b-47f20359d127@group-B3368EE892E1-StateMachineUpdater] INFO  ratis.ContainerStateMachine (ContainerStateMachine.java:takeSnapshot(304)) - group-B3368EE892E1: Finished taking a snapshot at:(t:1, i:32) file:/github/workspace/mnt/ozone/hadoop-ozone/integration-test/target/test-dir/MiniOzoneClusterImpl-b9724c50-03f5-4055-971c-7bf7c5f09f05/datanode-1/data/ratis/328cd715-fe0f-49e5-9b2c-b3368ee892e1/sm/snapshot.1_32 time:162
2020-12-17 02:07:29,411 [754837be-208e-446d-9d6b-47f20359d127@group-B3368EE892E1-StateMachineUpdater] INFO  impl.StateMachineUpdater (StateMachineUpdater.java:takeSnapshot(278)) - 754837be-208e-446d-9d6b-47f20359d127@group-B3368EE892E1-StateMachineUpdater: Took a snapshot at index 32
2020-12-17 02:07:29,411 [754837be-208e-446d-9d6b-47f20359d127@group-B3368EE892E1-StateMachineUpdater] INFO  impl.StateMachineUpdater (StateMachineUpdater.java:lambda$new$0(87)) - 754837be-208e-446d-9d6b-47f20359d127@group-B3368EE892E1-StateMachineUpdater: snapshotIndex: updateIncreasingly -1 -> 32
2020-12-17 02:07:29,411 [754837be-208e-446d-9d6b-47f20359d127@group-B3368EE892E1-StateMachineUpdater] INFO  metrics.RatisMetrics (RatisMetrics.java:unregister(43)) - Unregistering Metrics Registry : ratis.state_machine.754837be-208e-446d-9d6b-47f20359d127@group-B3368EE892E1
2020-12-17 02:07:29,412 [ForkJoinPool.commonPool-worker-0] INFO  impl.RaftServerImpl (ServerState.java:close(406)) - 754837be-208e-446d-9d6b-47f20359d127@group-B3368EE892E1: closes. applyIndex: 32
2020-12-17 02:07:29,412 [754837be-208e-446d-9d6b-47f20359d127@group-B3368EE892E1-SegmentedRaftLogWorker] INFO  segmented.SegmentedRaftLogWorker (SegmentedRaftLogWorker.java:run(329)) - 754837be-208e-446d-9d6b-47f20359d127@group-B3368EE892E1-SegmentedRaftLogWorker was interrupted, exiting. There are 0 tasks remaining in the queue.
2020-12-17 02:07:29,412 [ForkJoinPool.commonPool-worker-0] INFO  segmented.SegmentedRaftLogWorker (SegmentedRaftLogWorker.java:close(235)) - 754837be-208e-446d-9d6b-47f20359d127@group-B3368EE892E1-SegmentedRaftLogWorker close()
2020-12-17 02:07:29,412 [ForkJoinPool.commonPool-worker-0] INFO  metrics.RatisMetrics (RatisMetrics.java:unregister(43)) - Unregistering Metrics Registry : ratis.log_worker.754837be-208e-446d-9d6b-47f20359d127@group-B3368EE892E1
2020-12-17 02:07:29,413 [ForkJoinPool.commonPool-worker-0] INFO  metrics.RatisMetrics (RatisMetrics.java:unregister(43)) - Unregistering Metrics Registry : ratis.leader_election.754837be-208e-446d-9d6b-47f20359d127@group-B3368EE892E1
2020-12-17 02:07:29,413 [ForkJoinPool.commonPool-worker-0] INFO  metrics.RatisMetrics (RatisMetrics.java:unregister(43)) - Unregistering Metrics Registry : ratis.server.754837be-208e-446d-9d6b-47f20359d127@group-B3368EE892E1
2020-12-17 02:07:29,413 [ForkJoinPool.commonPool-worker-0] INFO  impl.RaftServerImpl (RaftServerImpl.java:lambda$shutdown$3(328)) - 754837be-208e-446d-9d6b-47f20359d127@group-F4764C3EB11A: shutdown
2020-12-17 02:07:29,413 [ForkJoinPool.commonPool-worker-0] INFO  util.JmxRegister (JmxRegister.java:unregister(73)) - Successfully un-registered JMX Bean with object name Ratis:service=RaftServer,group=group-F4764C3EB11A,id=754837be-208e-446d-9d6b-47f20359d127
2020-12-17 02:07:29,413 [ForkJoinPool.commonPool-worker-0] INFO  impl.RoleInfo (RoleInfo.java:shutdownLeaderState(104)) - 754837be-208e-446d-9d6b-47f20359d127: shutdown 754837be-208e-446d-9d6b-47f20359d127@group-F4764C3EB11A-LeaderState
2020-12-17 02:07:29,413 [ForkJoinPool.commonPool-worker-0] INFO  impl.PendingRequests (PendingRequests.java:sendNotLeaderResponses(250)) - 754837be-208e-446d-9d6b-47f20359d127@group-F4764C3EB11A-PendingRequests: sendNotLeaderResponses
2020-12-17 02:07:29,413 [ForkJoinPool.commonPool-worker-0] INFO  metrics.RatisMetrics (RatisMetrics.java:unregister(43)) - Unregistering Metrics Registry : ratis.log_appender.754837be-208e-446d-9d6b-47f20359d127@group-F4764C3EB11A
2020-12-17 02:07:29,414 [ForkJoinPool.commonPool-worker-0] INFO  metrics.RatisMetrics (RatisMetrics.java:unregister(43)) - Unregistering Metrics Registry : ratis.server.754837be-208e-446d-9d6b-47f20359d127@group-F4764C3EB11A
2020-12-17 02:07:29,414 [ForkJoinPool.commonPool-worker-0] INFO  impl.StateMachineUpdater (StateMachineUpdater.java:stopAndJoin(147)) - 754837be-208e-446d-9d6b-47f20359d127@group-F4764C3EB11A-StateMachineUpdater: set stopIndex = 0
2020-12-17 02:07:29,414 [754837be-208e-446d-9d6b-47f20359d127@group-F4764C3EB11A-StateMachineUpdater] INFO  ratis.ContainerStateMachine (ContainerStateMachine.java:takeSnapshot(293)) - group-F4764C3EB11A: Taking a snapshot at:(t:1, i:0) file /github/workspace/mnt/ozone/hadoop-ozone/integration-test/target/test-dir/MiniOzoneClusterImpl-b9724c50-03f5-4055-971c-7bf7c5f09f05/datanode-1/data/ratis/e0ed014c-e865-44b8-a53f-f4764c3eb11a/sm/snapshot.1_0
2020-12-17 02:07:29,415 [754837be-208e-446d-9d6b-47f20359d127@group-F4764C3EB11A-StateMachineUpdater] INFO  ratis.ContainerStateMachine (ContainerStateMachine.java:takeSnapshot(304)) - group-F4764C3EB11A: Finished taking a snapshot at:(t:1, i:0) file:/github/workspace/mnt/ozone/hadoop-ozone/integration-test/target/test-dir/MiniOzoneClusterImpl-b9724c50-03f5-4055-971c-7bf7c5f09f05/datanode-1/data/ratis/e0ed014c-e865-44b8-a53f-f4764c3eb11a/sm/snapshot.1_0 time:0
2020-12-17 02:07:29,415 [754837be-208e-446d-9d6b-47f20359d127@group-F4764C3EB11A-StateMachineUpdater] INFO  impl.StateMachineUpdater (StateMachineUpdater.java:takeSnapshot(278)) - 754837be-208e-446d-9d6b-47f20359d127@group-F4764C3EB11A-StateMachineUpdater: Took a snapshot at index 0
2020-12-17 02:07:29,415 [754837be-208e-446d-9d6b-47f20359d127@group-F4764C3EB11A-StateMachineUpdater] INFO  impl.StateMachineUpdater (StateMachineUpdater.java:lambda$new$0(87)) - 754837be-208e-446d-9d6b-47f20359d127@group-F4764C3EB11A-StateMachineUpdater: snapshotIndex: updateIncreasingly -1 -> 0
2020-12-17 02:07:29,416 [754837be-208e-446d-9d6b-47f20359d127@group-F4764C3EB11A-StateMachineUpdater] INFO  metrics.RatisMetrics (RatisMetrics.java:unregister(43)) - Unregistering Metrics Registry : ratis.state_machine.754837be-208e-446d-9d6b-47f20359d127@group-F4764C3EB11A
2020-12-17 02:07:29,416 [ForkJoinPool.commonPool-worker-0] INFO  impl.RaftServerImpl (ServerState.java:close(406)) - 754837be-208e-446d-9d6b-47f20359d127@group-F4764C3EB11A: closes. applyIndex: 0
2020-12-17 02:07:29,416 [754837be-208e-446d-9d6b-47f20359d127@group-F4764C3EB11A-SegmentedRaftLogWorker] INFO  segmented.SegmentedRaftLogWorker (SegmentedRaftLogWorker.java:run(329)) - 754837be-208e-446d-9d6b-47f20359d127@group-F4764C3EB11A-SegmentedRaftLogWorker was interrupted, exiting. There are 0 tasks remaining in the queue.
2020-12-17 02:07:29,416 [ForkJoinPool.commonPool-worker-0] INFO  segmented.SegmentedRaftLogWorker (SegmentedRaftLogWorker.java:close(235)) - 754837be-208e-446d-9d6b-47f20359d127@group-F4764C3EB11A-SegmentedRaftLogWorker close()
2020-12-17 02:07:29,416 [ForkJoinPool.commonPool-worker-0] INFO  metrics.RatisMetrics (RatisMetrics.java:unregister(43)) - Unregistering Metrics Registry : ratis.log_worker.754837be-208e-446d-9d6b-47f20359d127@group-F4764C3EB11A
2020-12-17 02:07:29,416 [ForkJoinPool.commonPool-worker-0] INFO  metrics.RatisMetrics (RatisMetrics.java:unregister(43)) - Unregistering Metrics Registry : ratis.leader_election.754837be-208e-446d-9d6b-47f20359d127@group-F4764C3EB11A
2020-12-17 02:07:29,417 [ForkJoinPool.commonPool-worker-0] INFO  metrics.RatisMetrics (RatisMetrics.java:unregister(43)) - Unregistering Metrics Registry : ratis.server.754837be-208e-446d-9d6b-47f20359d127@group-F4764C3EB11A
2020-12-17 02:07:29,417 [ForkJoinPool.commonPool-worker-0] INFO  server.GrpcService (GrpcService.java:closeImpl(184)) - 754837be-208e-446d-9d6b-47f20359d127: shutdown server with port 42193 now
2020-12-17 02:07:29,418 [grpc-default-executor-1] WARN  server.GrpcLogAppender (LogUtils.java:warn(122)) - ff0f44f6-234e-4444-8ce6-8a74f0a01736@group-B3368EE892E1->754837be-208e-446d-9d6b-47f20359d127-AppendLogResponseHandler: Failed appendEntries: org.apache.ratis.thirdparty.io.grpc.StatusRuntimeException: CANCELLED: HTTP/2 error code: CANCEL
Received Rst Stream
2020-12-17 02:07:29,418 [grpc-default-executor-1] INFO  impl.FollowerInfo (FollowerInfo.java:lambda$new$0(51)) - ff0f44f6-234e-4444-8ce6-8a74f0a01736@group-B3368EE892E1->754837be-208e-446d-9d6b-47f20359d127: nextIndex: updateUnconditionally 33 -> 32
2020-12-17 02:07:29,419 [ForkJoinPool.commonPool-worker-0] INFO  server.GrpcService (GrpcService.java:closeImpl(193)) - 754837be-208e-446d-9d6b-47f20359d127: shutdown server with port 42193 successfully
2020-12-17 02:07:29,419 [grpc-default-executor-3] WARN  server.GrpcServerProtocolService (LogUtils.java:warn(122)) - 754837be-208e-446d-9d6b-47f20359d127: installSnapshot onError, lastRequest: ff0f44f6-234e-4444-8ce6-8a74f0a01736->754837be-208e-446d-9d6b-47f20359d127#715-t1, previous=(t:1, i:31), leaderCommit=30, initializing? false, entries: size=1, first=(t:1, i:32), METADATAENTRY(c:30): org.apache.ratis.thirdparty.io.grpc.StatusRuntimeException: CANCELLED: cancelled before receiving half close
2020-12-17 02:07:29,424 [ForkJoinPool.commonPool-worker-0] INFO  utils.BackgroundService (BackgroundService.java:shutdown(132)) - Shutting down service BlockDeletingService
2020-12-17 02:07:29,431 [grpc-default-executor-1] WARN  server.GrpcLogAppender (LogUtils.java:warn(122)) - ff0f44f6-234e-4444-8ce6-8a74f0a01736@group-B3368EE892E1->754837be-208e-446d-9d6b-47f20359d127-AppendLogResponseHandler: Failed appendEntries: org.apache.ratis.thirdparty.io.grpc.StatusRuntimeException: UNAVAILABLE: io exception
2020-12-17 02:07:29,434 [ForkJoinPool.commonPool-worker-0] INFO  statemachine.DatanodeStateMachine (DatanodeStateMachine.java:stopDaemon(461)) - Ozone container server stopped.
2020-12-17 02:07:29,436 [grpc-default-executor-1] INFO  impl.FollowerInfo (FollowerInfo.java:lambda$new$0(51)) - ff0f44f6-234e-4444-8ce6-8a74f0a01736@group-B3368EE892E1->754837be-208e-446d-9d6b-47f20359d127: nextIndex: updateUnconditionally 33 -> 32
2020-12-17 02:07:29,450 [ForkJoinPool.commonPool-worker-0] INFO  handler.ContextHandler (ContextHandler.java:doStop(1154)) - Stopped o.e.j.w.WebAppContext@24fc59e3{hddsDatanode,/,null,STOPPED}{jar:file:/home/user/.m2/repository/org/apache/hadoop/hadoop-hdds-container-service/1.1.0-SNAPSHOT/hadoop-hdds-container-service-1.1.0-SNAPSHOT.jar!/webapps/hddsDatanode}
2020-12-17 02:07:29,451 [ForkJoinPool.commonPool-worker-0] INFO  server.AbstractConnector (AbstractConnector.java:doStop(381)) - Stopped ServerConnector@43201fd1{HTTP/1.1, (http/1.1)}{0.0.0.0:0}
2020-12-17 02:07:29,451 [ForkJoinPool.commonPool-worker-0] INFO  server.session (HouseKeeper.java:stopScavenging(149)) - node0 Stopped scavenging
2020-12-17 02:07:29,452 [ForkJoinPool.commonPool-worker-0] INFO  handler.ContextHandler (ContextHandler.java:doStop(1154)) - Stopped o.e.j.s.ServletContextHandler@7979b166{static,/static,jar:file:/home/user/.m2/repository/org/apache/hadoop/hadoop-hdds-container-service/1.1.0-SNAPSHOT/hadoop-hdds-container-service-1.1.0-SNAPSHOT.jar!/webapps/static,STOPPED}
2020-12-17 02:07:29,453 [ForkJoinPool.commonPool-worker-0] INFO  handler.ContextHandler (ContextHandler.java:doStop(1154)) - Stopped o.e.j.s.ServletContextHandler@1e7535a4{logs,/logs,file:///github/workspace/mnt/ozone/hadoop-ozone/integration-test/target/log,STOPPED}
2020-12-17 02:07:29,520 [Datanode State Machine Thread - 0] INFO  statemachine.DatanodeStateMachine (DatanodeStateMachine.java:lambda$startDaemon$0(408)) - Ozone container server started.
2020-12-17 02:07:29,547 [Listener at 127.0.0.1/44995] INFO  ozoneimpl.OzoneContainer (OzoneContainer.java:stop(257)) - Attempting to stop container services.
2020-12-17 02:07:29,547 [Listener at 127.0.0.1/44995] INFO  impl.RaftServerProxy (RaftServerProxy.java:lambda$close$4(338)) - 0f866848-1c6a-43de-8969-aeea5cfaa857: close
2020-12-17 02:07:29,547 [Listener at 127.0.0.1/44995] INFO  server.GrpcService (GrpcService.java:closeImpl(184)) - 0f866848-1c6a-43de-8969-aeea5cfaa857: shutdown server with port 46281 now
2020-12-17 02:07:29,549 [Listener at 127.0.0.1/44995] INFO  server.GrpcService (GrpcService.java:closeImpl(193)) - 0f866848-1c6a-43de-8969-aeea5cfaa857: shutdown server with port 46281 successfully
2020-12-17 02:07:29,551 [Listener at 127.0.0.1/44995] INFO  utils.BackgroundService (BackgroundService.java:shutdown(132)) - Shutting down service BlockDeletingService
2020-12-17 02:07:29,554 [Listener at 127.0.0.1/44995] INFO  statemachine.DatanodeStateMachine (DatanodeStateMachine.java:stopDaemon(461)) - Ozone container server stopped.
2020-12-17 02:07:29,564 [Listener at 127.0.0.1/44995] INFO  handler.ContextHandler (ContextHandler.java:doStop(1154)) - Stopped o.e.j.w.WebAppContext@69a245d6{hddsDatanode,/,null,STOPPED}{jar:file:/home/user/.m2/repository/org/apache/hadoop/hadoop-hdds-container-service/1.1.0-SNAPSHOT/hadoop-hdds-container-service-1.1.0-SNAPSHOT.jar!/webapps/hddsDatanode}
2020-12-17 02:07:29,565 [Listener at 127.0.0.1/44995] INFO  server.AbstractConnector (AbstractConnector.java:doStop(381)) - Stopped ServerConnector@64d11323{HTTP/1.1, (http/1.1)}{0.0.0.0:0}
2020-12-17 02:07:29,565 [Listener at 127.0.0.1/44995] INFO  server.session (HouseKeeper.java:stopScavenging(149)) - node0 Stopped scavenging
2020-12-17 02:07:29,565 [Listener at 127.0.0.1/44995] INFO  handler.ContextHandler (ContextHandler.java:doStop(1154)) - Stopped o.e.j.s.ServletContextHandler@50242325{static,/static,jar:file:/home/user/.m2/repository/org/apache/hadoop/hadoop-hdds-container-service/1.1.0-SNAPSHOT/hadoop-hdds-container-service-1.1.0-SNAPSHOT.jar!/webapps/static,STOPPED}
2020-12-17 02:07:29,566 [Listener at 127.0.0.1/44995] INFO  handler.ContextHandler (ContextHandler.java:doStop(1154)) - Stopped o.e.j.s.ServletContextHandler@3c7ac542{logs,/logs,file:///github/workspace/mnt/ozone/hadoop-ozone/integration-test/target/log,STOPPED}
2020-12-17 02:07:29,907 [Datanode State Machine Thread - 0] INFO  statemachine.DatanodeStateMachine (DatanodeStateMachine.java:lambda$startDaemon$0(408)) - Ozone container server started.
2020-12-17 02:07:29,908 [ForkJoinPool.commonPool-worker-0] INFO  ozoneimpl.OzoneContainer (OzoneContainer.java:stop(257)) - Attempting to stop container services.
2020-12-17 02:07:29,908 [ForkJoinPool.commonPool-worker-0] INFO  impl.RaftServerProxy (RaftServerProxy.java:lambda$close$4(338)) - 11c9b167-23f2-44e1-aeb2-7325e8e405c1: close
2020-12-17 02:07:29,908 [ForkJoinPool.commonPool-worker-0] INFO  impl.RaftServerImpl (RaftServerImpl.java:lambda$shutdown$3(328)) - 11c9b167-23f2-44e1-aeb2-7325e8e405c1@group-B3368EE892E1: shutdown
2020-12-17 02:07:29,908 [ForkJoinPool.commonPool-worker-0] INFO  util.JmxRegister (JmxRegister.java:unregister(73)) - Successfully un-registered JMX Bean with object name Ratis:service=RaftServer,group=group-B3368EE892E1,id=11c9b167-23f2-44e1-aeb2-7325e8e405c1
2020-12-17 02:07:29,909 [ForkJoinPool.commonPool-worker-0] INFO  impl.RoleInfo (RoleInfo.java:shutdownFollowerState(121)) - 11c9b167-23f2-44e1-aeb2-7325e8e405c1: shutdown 11c9b167-23f2-44e1-aeb2-7325e8e405c1@group-B3368EE892E1-FollowerState
2020-12-17 02:07:29,909 [ForkJoinPool.commonPool-worker-0] INFO  impl.StateMachineUpdater (StateMachineUpdater.java:stopAndJoin(147)) - 11c9b167-23f2-44e1-aeb2-7325e8e405c1@group-B3368EE892E1-StateMachineUpdater: set stopIndex = 32
2020-12-17 02:07:29,909 [Thread-860] INFO  impl.FollowerState (FollowerState.java:run(137)) - 11c9b167-23f2-44e1-aeb2-7325e8e405c1@group-B3368EE892E1-FollowerState was interrupted: {}
java.lang.InterruptedException: sleep interrupted
	at java.lang.Thread.sleep(Native Method)
	at org.apache.ratis.util.JavaUtils.sleep(JavaUtils.java:250)
	at org.apache.ratis.server.impl.FollowerState.run(FollowerState.java:116)
2020-12-17 02:07:29,909 [11c9b167-23f2-44e1-aeb2-7325e8e405c1@group-B3368EE892E1-StateMachineUpdater] INFO  ratis.ContainerStateMachine (ContainerStateMachine.java:takeSnapshot(293)) - group-B3368EE892E1: Taking a snapshot at:(t:1, i:32) file /github/workspace/mnt/ozone/hadoop-ozone/integration-test/target/test-dir/MiniOzoneClusterImpl-b9724c50-03f5-4055-971c-7bf7c5f09f05/datanode-2/data/ratis/328cd715-fe0f-49e5-9b2c-b3368ee892e1/sm/snapshot.1_32
2020-12-17 02:07:29,910 [11c9b167-23f2-44e1-aeb2-7325e8e405c1@group-B3368EE892E1-StateMachineUpdater] INFO  ratis.ContainerStateMachine (ContainerStateMachine.java:takeSnapshot(304)) - group-B3368EE892E1: Finished taking a snapshot at:(t:1, i:32) file:/github/workspace/mnt/ozone/hadoop-ozone/integration-test/target/test-dir/MiniOzoneClusterImpl-b9724c50-03f5-4055-971c-7bf7c5f09f05/datanode-2/data/ratis/328cd715-fe0f-49e5-9b2c-b3368ee892e1/sm/snapshot.1_32 time:1
2020-12-17 02:07:29,911 [11c9b167-23f2-44e1-aeb2-7325e8e405c1@group-B3368EE892E1-StateMachineUpdater] INFO  impl.StateMachineUpdater (StateMachineUpdater.java:takeSnapshot(278)) - 11c9b167-23f2-44e1-aeb2-7325e8e405c1@group-B3368EE892E1-StateMachineUpdater: Took a snapshot at index 32
2020-12-17 02:07:29,911 [11c9b167-23f2-44e1-aeb2-7325e8e405c1@group-B3368EE892E1-StateMachineUpdater] INFO  impl.StateMachineUpdater (StateMachineUpdater.java:lambda$new$0(87)) - 11c9b167-23f2-44e1-aeb2-7325e8e405c1@group-B3368EE892E1-StateMachineUpdater: snapshotIndex: updateIncreasingly -1 -> 32
2020-12-17 02:07:29,911 [11c9b167-23f2-44e1-aeb2-7325e8e405c1@group-B3368EE892E1-StateMachineUpdater] INFO  metrics.RatisMetrics (RatisMetrics.java:unregister(43)) - Unregistering Metrics Registry : ratis.state_machine.11c9b167-23f2-44e1-aeb2-7325e8e405c1@group-B3368EE892E1
2020-12-17 02:07:29,913 [ForkJoinPool.commonPool-worker-0] INFO  impl.RaftServerImpl (ServerState.java:close(406)) - 11c9b167-23f2-44e1-aeb2-7325e8e405c1@group-B3368EE892E1: closes. applyIndex: 32
2020-12-17 02:07:29,913 [11c9b167-23f2-44e1-aeb2-7325e8e405c1@group-B3368EE892E1-SegmentedRaftLogWorker] INFO  segmented.SegmentedRaftLogWorker (SegmentedRaftLogWorker.java:run(329)) - 11c9b167-23f2-44e1-aeb2-7325e8e405c1@group-B3368EE892E1-SegmentedRaftLogWorker was interrupted, exiting. There are 0 tasks remaining in the queue.
2020-12-17 02:07:29,913 [ForkJoinPool.commonPool-worker-0] INFO  segmented.SegmentedRaftLogWorker (SegmentedRaftLogWorker.java:close(235)) - 11c9b167-23f2-44e1-aeb2-7325e8e405c1@group-B3368EE892E1-SegmentedRaftLogWorker close()
2020-12-17 02:07:29,914 [ForkJoinPool.commonPool-worker-0] INFO  metrics.RatisMetrics (RatisMetrics.java:unregister(43)) - Unregistering Metrics Registry : ratis.log_worker.11c9b167-23f2-44e1-aeb2-7325e8e405c1@group-B3368EE892E1
2020-12-17 02:07:29,914 [ForkJoinPool.commonPool-worker-0] INFO  metrics.RatisMetrics (RatisMetrics.java:unregister(43)) - Unregistering Metrics Registry : ratis.leader_election.11c9b167-23f2-44e1-aeb2-7325e8e405c1@group-B3368EE892E1
2020-12-17 02:07:29,914 [ForkJoinPool.commonPool-worker-0] INFO  metrics.RatisMetrics (RatisMetrics.java:unregister(43)) - Unregistering Metrics Registry : ratis.server.11c9b167-23f2-44e1-aeb2-7325e8e405c1@group-B3368EE892E1
2020-12-17 02:07:29,914 [ForkJoinPool.commonPool-worker-0] INFO  impl.RaftServerImpl (RaftServerImpl.java:lambda$shutdown$3(328)) - 11c9b167-23f2-44e1-aeb2-7325e8e405c1@group-6C4DB9845F10: shutdown
2020-12-17 02:07:29,914 [ForkJoinPool.commonPool-worker-0] INFO  util.JmxRegister (JmxRegister.java:unregister(73)) - Successfully un-registered JMX Bean with object name Ratis:service=RaftServer,group=group-6C4DB9845F10,id=11c9b167-23f2-44e1-aeb2-7325e8e405c1
2020-12-17 02:07:29,914 [ForkJoinPool.commonPool-worker-0] INFO  impl.RoleInfo (RoleInfo.java:shutdownLeaderState(104)) - 11c9b167-23f2-44e1-aeb2-7325e8e405c1: shutdown 11c9b167-23f2-44e1-aeb2-7325e8e405c1@group-6C4DB9845F10-LeaderState
2020-12-17 02:07:29,915 [ForkJoinPool.commonPool-worker-0] INFO  impl.PendingRequests (PendingRequests.java:sendNotLeaderResponses(250)) - 11c9b167-23f2-44e1-aeb2-7325e8e405c1@group-6C4DB9845F10-PendingRequests: sendNotLeaderResponses
2020-12-17 02:07:29,915 [ForkJoinPool.commonPool-worker-0] INFO  metrics.RatisMetrics (RatisMetrics.java:unregister(43)) - Unregistering Metrics Registry : ratis.log_appender.11c9b167-23f2-44e1-aeb2-7325e8e405c1@group-6C4DB9845F10
2020-12-17 02:07:29,915 [ForkJoinPool.commonPool-worker-0] INFO  metrics.RatisMetrics (RatisMetrics.java:unregister(43)) - Unregistering Metrics Registry : ratis.server.11c9b167-23f2-44e1-aeb2-7325e8e405c1@group-6C4DB9845F10
2020-12-17 02:07:29,915 [ForkJoinPool.commonPool-worker-0] INFO  impl.StateMachineUpdater (StateMachineUpdater.java:stopAndJoin(147)) - 11c9b167-23f2-44e1-aeb2-7325e8e405c1@group-6C4DB9845F10-StateMachineUpdater: set stopIndex = 0
2020-12-17 02:07:29,916 [11c9b167-23f2-44e1-aeb2-7325e8e405c1@group-6C4DB9845F10-StateMachineUpdater] INFO  ratis.ContainerStateMachine (ContainerStateMachine.java:takeSnapshot(293)) - group-6C4DB9845F10: Taking a snapshot at:(t:1, i:0) file /github/workspace/mnt/ozone/hadoop-ozone/integration-test/target/test-dir/MiniOzoneClusterImpl-b9724c50-03f5-4055-971c-7bf7c5f09f05/datanode-2/data/ratis/f1f1afc2-0911-4ecd-ad15-6c4db9845f10/sm/snapshot.1_0
2020-12-17 02:07:29,917 [11c9b167-23f2-44e1-aeb2-7325e8e405c1@group-6C4DB9845F10-StateMachineUpdater] INFO  ratis.ContainerStateMachine (ContainerStateMachine.java:takeSnapshot(304)) - group-6C4DB9845F10: Finished taking a snapshot at:(t:1, i:0) file:/github/workspace/mnt/ozone/hadoop-ozone/integration-test/target/test-dir/MiniOzoneClusterImpl-b9724c50-03f5-4055-971c-7bf7c5f09f05/datanode-2/data/ratis/f1f1afc2-0911-4ecd-ad15-6c4db9845f10/sm/snapshot.1_0 time:1
2020-12-17 02:07:29,917 [11c9b167-23f2-44e1-aeb2-7325e8e405c1@group-6C4DB9845F10-StateMachineUpdater] INFO  impl.StateMachineUpdater (StateMachineUpdater.java:takeSnapshot(278)) - 11c9b167-23f2-44e1-aeb2-7325e8e405c1@group-6C4DB9845F10-StateMachineUpdater: Took a snapshot at index 0
2020-12-17 02:07:29,917 [11c9b167-23f2-44e1-aeb2-7325e8e405c1@group-6C4DB9845F10-StateMachineUpdater] INFO  impl.StateMachineUpdater (StateMachineUpdater.java:lambda$new$0(87)) - 11c9b167-23f2-44e1-aeb2-7325e8e405c1@group-6C4DB9845F10-StateMachineUpdater: snapshotIndex: updateIncreasingly -1 -> 0
2020-12-17 02:07:29,917 [11c9b167-23f2-44e1-aeb2-7325e8e405c1@group-6C4DB9845F10-StateMachineUpdater] INFO  metrics.RatisMetrics (RatisMetrics.java:unregister(43)) - Unregistering Metrics Registry : ratis.state_machine.11c9b167-23f2-44e1-aeb2-7325e8e405c1@group-6C4DB9845F10
2020-12-17 02:07:29,917 [ForkJoinPool.commonPool-worker-0] INFO  impl.RaftServerImpl (ServerState.java:close(406)) - 11c9b167-23f2-44e1-aeb2-7325e8e405c1@group-6C4DB9845F10: closes. applyIndex: 0
2020-12-17 02:07:29,917 [11c9b167-23f2-44e1-aeb2-7325e8e405c1@group-6C4DB9845F10-SegmentedRaftLogWorker] INFO  segmented.SegmentedRaftLogWorker (SegmentedRaftLogWorker.java:run(329)) - 11c9b167-23f2-44e1-aeb2-7325e8e405c1@group-6C4DB9845F10-SegmentedRaftLogWorker was interrupted, exiting. There are 0 tasks remaining in the queue.
2020-12-17 02:07:29,918 [ForkJoinPool.commonPool-worker-0] INFO  segmented.SegmentedRaftLogWorker (SegmentedRaftLogWorker.java:close(235)) - 11c9b167-23f2-44e1-aeb2-7325e8e405c1@group-6C4DB9845F10-SegmentedRaftLogWorker close()
2020-12-17 02:07:29,918 [ForkJoinPool.commonPool-worker-0] INFO  metrics.RatisMetrics (RatisMetrics.java:unregister(43)) - Unregistering Metrics Registry : ratis.log_worker.11c9b167-23f2-44e1-aeb2-7325e8e405c1@group-6C4DB9845F10
2020-12-17 02:07:29,918 [ForkJoinPool.commonPool-worker-0] INFO  metrics.RatisMetrics (RatisMetrics.java:unregister(43)) - Unregistering Metrics Registry : ratis.leader_election.11c9b167-23f2-44e1-aeb2-7325e8e405c1@group-6C4DB9845F10
2020-12-17 02:07:29,918 [ForkJoinPool.commonPool-worker-0] INFO  metrics.RatisMetrics (RatisMetrics.java:unregister(43)) - Unregistering Metrics Registry : ratis.server.11c9b167-23f2-44e1-aeb2-7325e8e405c1@group-6C4DB9845F10
2020-12-17 02:07:29,918 [ForkJoinPool.commonPool-worker-0] INFO  server.GrpcService (GrpcService.java:closeImpl(184)) - 11c9b167-23f2-44e1-aeb2-7325e8e405c1: shutdown server with port 45805 now
2020-12-17 02:07:29,929 [grpc-default-executor-3] WARN  server.GrpcServerProtocolService (LogUtils.java:warn(122)) - 11c9b167-23f2-44e1-aeb2-7325e8e405c1: installSnapshot onError, lastRequest: ff0f44f6-234e-4444-8ce6-8a74f0a01736->11c9b167-23f2-44e1-aeb2-7325e8e405c1#616-t1, previous=(t:1, i:31), leaderCommit=30, initializing? false, entries: size=1, first=(t:1, i:32), METADATAENTRY(c:30): org.apache.ratis.thirdparty.io.grpc.StatusRuntimeException: CANCELLED: cancelled before receiving half close
2020-12-17 02:07:29,930 [grpc-default-executor-0] WARN  server.GrpcLogAppender (LogUtils.java:warn(122)) - ff0f44f6-234e-4444-8ce6-8a74f0a01736@group-B3368EE892E1->11c9b167-23f2-44e1-aeb2-7325e8e405c1-AppendLogResponseHandler: Failed appendEntries: org.apache.ratis.thirdparty.io.grpc.StatusRuntimeException: CANCELLED: HTTP/2 error code: CANCEL
Received Rst Stream
2020-12-17 02:07:29,930 [grpc-default-executor-0] INFO  impl.FollowerInfo (FollowerInfo.java:lambda$new$0(51)) - ff0f44f6-234e-4444-8ce6-8a74f0a01736@group-B3368EE892E1->11c9b167-23f2-44e1-aeb2-7325e8e405c1: nextIndex: updateUnconditionally 33 -> 32
2020-12-17 02:07:29,930 [ForkJoinPool.commonPool-worker-0] INFO  server.GrpcService (GrpcService.java:closeImpl(193)) - 11c9b167-23f2-44e1-aeb2-7325e8e405c1: shutdown server with port 45805 successfully
2020-12-17 02:07:29,932 [ForkJoinPool.commonPool-worker-0] INFO  utils.BackgroundService (BackgroundService.java:shutdown(132)) - Shutting down service BlockDeletingService
2020-12-17 02:07:29,934 [ForkJoinPool.commonPool-worker-0] INFO  statemachine.DatanodeStateMachine (DatanodeStateMachine.java:stopDaemon(461)) - Ozone container server stopped.
2020-12-17 02:07:29,939 [grpc-default-executor-0] WARN  server.GrpcLogAppender (LogUtils.java:warn(122)) - ff0f44f6-234e-4444-8ce6-8a74f0a01736@group-B3368EE892E1->11c9b167-23f2-44e1-aeb2-7325e8e405c1-AppendLogResponseHandler: Failed appendEntries: org.apache.ratis.thirdparty.io.grpc.StatusRuntimeException: UNAVAILABLE: io exception
2020-12-17 02:07:29,939 [grpc-default-executor-0] INFO  impl.FollowerInfo (FollowerInfo.java:lambda$new$0(51)) - ff0f44f6-234e-4444-8ce6-8a74f0a01736@group-B3368EE892E1->11c9b167-23f2-44e1-aeb2-7325e8e405c1: nextIndex: updateUnconditionally 33 -> 32
2020-12-17 02:07:29,947 [ForkJoinPool.commonPool-worker-0] INFO  handler.ContextHandler (ContextHandler.java:doStop(1154)) - Stopped o.e.j.w.WebAppContext@682fec32{hddsDatanode,/,null,STOPPED}{jar:file:/home/user/.m2/repository/org/apache/hadoop/hadoop-hdds-container-service/1.1.0-SNAPSHOT/hadoop-hdds-container-service-1.1.0-SNAPSHOT.jar!/webapps/hddsDatanode}
2020-12-17 02:07:29,948 [ForkJoinPool.commonPool-worker-0] INFO  server.AbstractConnector (AbstractConnector.java:doStop(381)) - Stopped ServerConnector@6fd364a3{HTTP/1.1, (http/1.1)}{0.0.0.0:0}
2020-12-17 02:07:29,948 [ForkJoinPool.commonPool-worker-0] INFO  server.session (HouseKeeper.java:stopScavenging(149)) - node0 Stopped scavenging
2020-12-17 02:07:29,949 [ForkJoinPool.commonPool-worker-0] INFO  handler.ContextHandler (ContextHandler.java:doStop(1154)) - Stopped o.e.j.s.ServletContextHandler@66fb1627{static,/static,jar:file:/home/user/.m2/repository/org/apache/hadoop/hadoop-hdds-container-service/1.1.0-SNAPSHOT/hadoop-hdds-container-service-1.1.0-SNAPSHOT.jar!/webapps/static,STOPPED}
2020-12-17 02:07:29,950 [ForkJoinPool.commonPool-worker-0] INFO  handler.ContextHandler (ContextHandler.java:doStop(1154)) - Stopped o.e.j.s.ServletContextHandler@437231f5{logs,/logs,file:///github/workspace/mnt/ozone/hadoop-ozone/integration-test/target/log,STOPPED}
2020-12-17 02:07:30,092 [ReplicationMonitor] INFO  container.ReplicationManager (ReplicationManager.java:run(250)) - Replication Monitor Thread took 0 milliseconds for processing 4 containers.
2020-12-17 02:07:30,401 [Datanode State Machine Thread - 0] INFO  statemachine.DatanodeStateMachine (DatanodeStateMachine.java:lambda$startDaemon$0(408)) - Ozone container server started.
2020-12-17 02:07:30,410 [DatanodeAdminManager-0] INFO  node.DatanodeAdminMonitorImpl (DatanodeAdminMonitorImpl.java:run(136)) - There are 3 nodes tracked for decommission and maintenance. 0 pending nodes.
2020-12-17 02:07:30,520 [Datanode State Machine Thread - 0] INFO  statemachine.DatanodeStateMachine (DatanodeStateMachine.java:lambda$startDaemon$0(408)) - Ozone container server started.
2020-12-17 02:07:30,716 [Listener at 127.0.0.1/44995] INFO  ozoneimpl.OzoneContainer (OzoneContainer.java:stop(257)) - Attempting to stop container services.
2020-12-17 02:07:30,716 [Listener at 127.0.0.1/44995] INFO  impl.RaftServerProxy (RaftServerProxy.java:lambda$close$4(338)) - a9b97122-ab75-4dd8-b0be-c80a7b4aee3e: close
2020-12-17 02:07:30,716 [Listener at 127.0.0.1/44995] INFO  server.GrpcService (GrpcService.java:closeImpl(184)) - a9b97122-ab75-4dd8-b0be-c80a7b4aee3e: shutdown server with port 44997 now
2020-12-17 02:07:30,719 [grpc-default-executor-3] WARN  client.GrpcClientProtocolService (LogUtils.java:warn(122)) - 1-UnorderedRequestStreamObserver1: onError: org.apache.ratis.thirdparty.io.grpc.StatusRuntimeException: CANCELLED: cancelled before receiving half close
2020-12-17 02:07:30,720 [Listener at 127.0.0.1/44995] INFO  server.GrpcService (GrpcService.java:closeImpl(193)) - a9b97122-ab75-4dd8-b0be-c80a7b4aee3e: shutdown server with port 44997 successfully
2020-12-17 02:07:30,721 [Listener at 127.0.0.1/44995] INFO  utils.BackgroundService (BackgroundService.java:shutdown(132)) - Shutting down service BlockDeletingService
2020-12-17 02:07:30,722 [Listener at 127.0.0.1/44995] INFO  statemachine.DatanodeStateMachine (DatanodeStateMachine.java:stopDaemon(461)) - Ozone container server stopped.
2020-12-17 02:07:30,733 [Listener at 127.0.0.1/44995] INFO  handler.ContextHandler (ContextHandler.java:doStop(1154)) - Stopped o.e.j.w.WebAppContext@3ad7a94{hddsDatanode,/,null,STOPPED}{jar:file:/home/user/.m2/repository/org/apache/hadoop/hadoop-hdds-container-service/1.1.0-SNAPSHOT/hadoop-hdds-container-service-1.1.0-SNAPSHOT.jar!/webapps/hddsDatanode}
2020-12-17 02:07:30,734 [Listener at 127.0.0.1/44995] INFO  server.AbstractConnector (AbstractConnector.java:doStop(381)) - Stopped ServerConnector@7fc91145{HTTP/1.1, (http/1.1)}{0.0.0.0:0}
2020-12-17 02:07:30,734 [Listener at 127.0.0.1/44995] INFO  server.session (HouseKeeper.java:stopScavenging(149)) - node0 Stopped scavenging
2020-12-17 02:07:30,734 [Listener at 127.0.0.1/44995] INFO  handler.ContextHandler (ContextHandler.java:doStop(1154)) - Stopped o.e.j.s.ServletContextHandler@73e2862a{static,/static,jar:file:/home/user/.m2/repository/org/apache/hadoop/hadoop-hdds-container-service/1.1.0-SNAPSHOT/hadoop-hdds-container-service-1.1.0-SNAPSHOT.jar!/webapps/static,STOPPED}
2020-12-17 02:07:30,735 [Listener at 127.0.0.1/44995] INFO  handler.ContextHandler (ContextHandler.java:doStop(1154)) - Stopped o.e.j.s.ServletContextHandler@7f8d4ff4{logs,/logs,file:///github/workspace/mnt/ozone/hadoop-ozone/integration-test/target/log,STOPPED}
2020-12-17 02:07:30,811 [Datanode State Machine Thread - 0] INFO  statemachine.DatanodeStateMachine (DatanodeStateMachine.java:lambda$startDaemon$0(408)) - Ozone container server started.
2020-12-17 02:07:30,812 [Listener at 127.0.0.1/44995] INFO  ozoneimpl.OzoneContainer (OzoneContainer.java:stop(257)) - Attempting to stop container services.
2020-12-17 02:07:30,813 [Listener at 127.0.0.1/44995] INFO  impl.RaftServerProxy (RaftServerProxy.java:lambda$close$4(338)) - 9bbfc1fd-0495-41fe-87c7-bac1979a3990: close
2020-12-17 02:07:30,813 [Listener at 127.0.0.1/44995] INFO  server.GrpcService (GrpcService.java:closeImpl(184)) - 9bbfc1fd-0495-41fe-87c7-bac1979a3990: shutdown server with port 34535 now
2020-12-17 02:07:30,813 [Listener at 127.0.0.1/44995] INFO  server.GrpcService (GrpcService.java:closeImpl(193)) - 9bbfc1fd-0495-41fe-87c7-bac1979a3990: shutdown server with port 34535 successfully
2020-12-17 02:07:30,815 [Listener at 127.0.0.1/44995] INFO  utils.BackgroundService (BackgroundService.java:shutdown(132)) - Shutting down service BlockDeletingService
2020-12-17 02:07:30,816 [Listener at 127.0.0.1/44995] INFO  statemachine.DatanodeStateMachine (DatanodeStateMachine.java:stopDaemon(461)) - Ozone container server stopped.
2020-12-17 02:07:30,827 [Listener at 127.0.0.1/44995] INFO  handler.ContextHandler (ContextHandler.java:doStop(1154)) - Stopped o.e.j.w.WebAppContext@49a344c7{hddsDatanode,/,null,STOPPED}{jar:file:/home/user/.m2/repository/org/apache/hadoop/hadoop-hdds-container-service/1.1.0-SNAPSHOT/hadoop-hdds-container-service-1.1.0-SNAPSHOT.jar!/webapps/hddsDatanode}
2020-12-17 02:07:30,828 [Listener at 127.0.0.1/44995] INFO  server.AbstractConnector (AbstractConnector.java:doStop(381)) - Stopped ServerConnector@79b2b427{HTTP/1.1, (http/1.1)}{0.0.0.0:0}
2020-12-17 02:07:30,828 [Listener at 127.0.0.1/44995] INFO  server.session (HouseKeeper.java:stopScavenging(149)) - node0 Stopped scavenging
2020-12-17 02:07:30,828 [Listener at 127.0.0.1/44995] INFO  handler.ContextHandler (ContextHandler.java:doStop(1154)) - Stopped o.e.j.s.ServletContextHandler@16e2a7be{static,/static,jar:file:/home/user/.m2/repository/org/apache/hadoop/hadoop-hdds-container-service/1.1.0-SNAPSHOT/hadoop-hdds-container-service-1.1.0-SNAPSHOT.jar!/webapps/static,STOPPED}
2020-12-17 02:07:30,828 [Listener at 127.0.0.1/44995] INFO  handler.ContextHandler (ContextHandler.java:doStop(1154)) - Stopped o.e.j.s.ServletContextHandler@4155e85d{logs,/logs,file:///github/workspace/mnt/ozone/hadoop-ozone/integration-test/target/log,STOPPED}
2020-12-17 02:07:30,907 [ForkJoinPool.commonPool-worker-0] INFO  ozoneimpl.OzoneContainer (OzoneContainer.java:stop(257)) - Attempting to stop container services.
2020-12-17 02:07:30,907 [ForkJoinPool.commonPool-worker-0] INFO  impl.RaftServerProxy (RaftServerProxy.java:lambda$close$4(338)) - ff0f44f6-234e-4444-8ce6-8a74f0a01736: close
2020-12-17 02:07:30,907 [ForkJoinPool.commonPool-worker-0] INFO  impl.RaftServerImpl (RaftServerImpl.java:lambda$shutdown$3(328)) - ff0f44f6-234e-4444-8ce6-8a74f0a01736@group-B3368EE892E1: shutdown
2020-12-17 02:07:30,907 [ForkJoinPool.commonPool-worker-0] INFO  util.JmxRegister (JmxRegister.java:unregister(73)) - Successfully un-registered JMX Bean with object name Ratis:service=RaftServer,group=group-B3368EE892E1,id=ff0f44f6-234e-4444-8ce6-8a74f0a01736
2020-12-17 02:07:30,907 [ForkJoinPool.commonPool-worker-0] INFO  impl.RoleInfo (RoleInfo.java:shutdownLeaderState(104)) - ff0f44f6-234e-4444-8ce6-8a74f0a01736: shutdown ff0f44f6-234e-4444-8ce6-8a74f0a01736@group-B3368EE892E1-LeaderState
2020-12-17 02:07:30,908 [ForkJoinPool.commonPool-worker-0] INFO  metrics.RatisMetrics (RatisMetrics.java:unregister(43)) - Unregistering Metrics Registry : ratis_grpc.log_appender.ff0f44f6-234e-4444-8ce6-8a74f0a01736@group-B3368EE892E1
2020-12-17 02:07:30,908 [ForkJoinPool.commonPool-worker-0] INFO  metrics.RatisMetrics (RatisMetrics.java:unregister(43)) - Unregistering Metrics Registry : ratis_grpc.log_appender.ff0f44f6-234e-4444-8ce6-8a74f0a01736@group-B3368EE892E1
2020-12-17 02:07:30,908 [org.apache.ratis.server.impl.LogAppender$AppenderDaemon$$Lambda$506/1217617741@315fd9d2] WARN  server.GrpcLogAppender (GrpcLogAppender.java:mayWait(168)) - ff0f44f6-234e-4444-8ce6-8a74f0a01736@group-B3368EE892E1->754837be-208e-446d-9d6b-47f20359d127-GrpcLogAppender: Wait interrupted by java.lang.InterruptedException
2020-12-17 02:07:30,908 [ForkJoinPool.commonPool-worker-0] INFO  impl.PendingRequests (PendingRequests.java:sendNotLeaderResponses(250)) - ff0f44f6-234e-4444-8ce6-8a74f0a01736@group-B3368EE892E1-PendingRequests: sendNotLeaderResponses
2020-12-17 02:07:30,908 [org.apache.ratis.server.impl.LogAppender$AppenderDaemon$$Lambda$506/1217617741@1e898307] WARN  server.GrpcLogAppender (GrpcLogAppender.java:mayWait(168)) - ff0f44f6-234e-4444-8ce6-8a74f0a01736@group-B3368EE892E1->11c9b167-23f2-44e1-aeb2-7325e8e405c1-GrpcLogAppender: Wait interrupted by java.lang.InterruptedException
2020-12-17 02:07:30,910 [ForkJoinPool.commonPool-worker-0] INFO  metrics.RatisMetrics (RatisMetrics.java:unregister(43)) - Unregistering Metrics Registry : ratis.log_appender.ff0f44f6-234e-4444-8ce6-8a74f0a01736@group-B3368EE892E1
2020-12-17 02:07:30,918 [ForkJoinPool.commonPool-worker-0] INFO  metrics.RatisMetrics (RatisMetrics.java:unregister(43)) - Unregistering Metrics Registry : ratis.server.ff0f44f6-234e-4444-8ce6-8a74f0a01736@group-B3368EE892E1
2020-12-17 02:07:30,918 [ForkJoinPool.commonPool-worker-0] INFO  impl.StateMachineUpdater (StateMachineUpdater.java:stopAndJoin(147)) - ff0f44f6-234e-4444-8ce6-8a74f0a01736@group-B3368EE892E1-StateMachineUpdater: set stopIndex = 32
2020-12-17 02:07:30,919 [ff0f44f6-234e-4444-8ce6-8a74f0a01736@group-B3368EE892E1-StateMachineUpdater] INFO  ratis.ContainerStateMachine (ContainerStateMachine.java:takeSnapshot(293)) - group-B3368EE892E1: Taking a snapshot at:(t:1, i:32) file /github/workspace/mnt/ozone/hadoop-ozone/integration-test/target/test-dir/MiniOzoneClusterImpl-b9724c50-03f5-4055-971c-7bf7c5f09f05/datanode-0/data/ratis/328cd715-fe0f-49e5-9b2c-b3368ee892e1/sm/snapshot.1_32
2020-12-17 02:07:30,920 [ff0f44f6-234e-4444-8ce6-8a74f0a01736@group-B3368EE892E1-StateMachineUpdater] INFO  ratis.ContainerStateMachine (ContainerStateMachine.java:takeSnapshot(304)) - group-B3368EE892E1: Finished taking a snapshot at:(t:1, i:32) file:/github/workspace/mnt/ozone/hadoop-ozone/integration-test/target/test-dir/MiniOzoneClusterImpl-b9724c50-03f5-4055-971c-7bf7c5f09f05/datanode-0/data/ratis/328cd715-fe0f-49e5-9b2c-b3368ee892e1/sm/snapshot.1_32 time:1
2020-12-17 02:07:30,920 [ff0f44f6-234e-4444-8ce6-8a74f0a01736@group-B3368EE892E1-StateMachineUpdater] INFO  impl.StateMachineUpdater (StateMachineUpdater.java:takeSnapshot(278)) - ff0f44f6-234e-4444-8ce6-8a74f0a01736@group-B3368EE892E1-StateMachineUpdater: Took a snapshot at index 32
2020-12-17 02:07:30,920 [ff0f44f6-234e-4444-8ce6-8a74f0a01736@group-B3368EE892E1-StateMachineUpdater] INFO  impl.StateMachineUpdater (StateMachineUpdater.java:lambda$new$0(87)) - ff0f44f6-234e-4444-8ce6-8a74f0a01736@group-B3368EE892E1-StateMachineUpdater: snapshotIndex: updateIncreasingly -1 -> 32
2020-12-17 02:07:30,921 [ff0f44f6-234e-4444-8ce6-8a74f0a01736@group-B3368EE892E1-StateMachineUpdater] INFO  metrics.RatisMetrics (RatisMetrics.java:unregister(43)) - Unregistering Metrics Registry : ratis.state_machine.ff0f44f6-234e-4444-8ce6-8a74f0a01736@group-B3368EE892E1
2020-12-17 02:07:30,921 [ForkJoinPool.commonPool-worker-0] INFO  impl.RaftServerImpl (ServerState.java:close(406)) - ff0f44f6-234e-4444-8ce6-8a74f0a01736@group-B3368EE892E1: closes. applyIndex: 32
2020-12-17 02:07:30,921 [ff0f44f6-234e-4444-8ce6-8a74f0a01736@group-B3368EE892E1-SegmentedRaftLogWorker] INFO  segmented.SegmentedRaftLogWorker (SegmentedRaftLogWorker.java:run(329)) - ff0f44f6-234e-4444-8ce6-8a74f0a01736@group-B3368EE892E1-SegmentedRaftLogWorker was interrupted, exiting. There are 0 tasks remaining in the queue.
2020-12-17 02:07:30,921 [ForkJoinPool.commonPool-worker-0] INFO  segmented.SegmentedRaftLogWorker (SegmentedRaftLogWorker.java:close(235)) - ff0f44f6-234e-4444-8ce6-8a74f0a01736@group-B3368EE892E1-SegmentedRaftLogWorker close()
2020-12-17 02:07:30,922 [ForkJoinPool.commonPool-worker-0] INFO  metrics.RatisMetrics (RatisMetrics.java:unregister(43)) - Unregistering Metrics Registry : ratis.log_worker.ff0f44f6-234e-4444-8ce6-8a74f0a01736@group-B3368EE892E1
2020-12-17 02:07:30,922 [ForkJoinPool.commonPool-worker-0] INFO  metrics.RatisMetrics (RatisMetrics.java:unregister(43)) - Unregistering Metrics Registry : ratis.leader_election.ff0f44f6-234e-4444-8ce6-8a74f0a01736@group-B3368EE892E1
2020-12-17 02:07:30,922 [ForkJoinPool.commonPool-worker-0] INFO  metrics.RatisMetrics (RatisMetrics.java:unregister(43)) - Unregistering Metrics Registry : ratis.server.ff0f44f6-234e-4444-8ce6-8a74f0a01736@group-B3368EE892E1
2020-12-17 02:07:30,922 [ForkJoinPool.commonPool-worker-0] INFO  impl.RaftServerImpl (RaftServerImpl.java:lambda$shutdown$3(328)) - ff0f44f6-234e-4444-8ce6-8a74f0a01736@group-473CF7585990: shutdown
2020-12-17 02:07:30,922 [ForkJoinPool.commonPool-worker-0] INFO  util.JmxRegister (JmxRegister.java:unregister(73)) - Successfully un-registered JMX Bean with object name Ratis:service=RaftServer,group=group-473CF7585990,id=ff0f44f6-234e-4444-8ce6-8a74f0a01736
2020-12-17 02:07:30,922 [ForkJoinPool.commonPool-worker-0] INFO  impl.RoleInfo (RoleInfo.java:shutdownLeaderState(104)) - ff0f44f6-234e-4444-8ce6-8a74f0a01736: shutdown ff0f44f6-234e-4444-8ce6-8a74f0a01736@group-473CF7585990-LeaderState
2020-12-17 02:07:30,923 [ForkJoinPool.commonPool-worker-0] INFO  impl.PendingRequests (PendingRequests.java:sendNotLeaderResponses(250)) - ff0f44f6-234e-4444-8ce6-8a74f0a01736@group-473CF7585990-PendingRequests: sendNotLeaderResponses
2020-12-17 02:07:30,923 [ForkJoinPool.commonPool-worker-0] INFO  metrics.RatisMetrics (RatisMetrics.java:unregister(43)) - Unregistering Metrics Registry : ratis.log_appender.ff0f44f6-234e-4444-8ce6-8a74f0a01736@group-473CF7585990
2020-12-17 02:07:30,923 [ForkJoinPool.commonPool-worker-0] INFO  metrics.RatisMetrics (RatisMetrics.java:unregister(43)) - Unregistering Metrics Registry : ratis.server.ff0f44f6-234e-4444-8ce6-8a74f0a01736@group-473CF7585990
2020-12-17 02:07:30,923 [ff0f44f6-234e-4444-8ce6-8a74f0a01736@group-473CF7585990-StateMachineUpdater] INFO  ratis.ContainerStateMachine (ContainerStateMachine.java:takeSnapshot(293)) - group-473CF7585990: Taking a snapshot at:(t:1, i:0) file /github/workspace/mnt/ozone/hadoop-ozone/integration-test/target/test-dir/MiniOzoneClusterImpl-b9724c50-03f5-4055-971c-7bf7c5f09f05/datanode-0/data/ratis/f2ba0671-3bd9-428f-9175-473cf7585990/sm/snapshot.1_0
2020-12-17 02:07:30,924 [ForkJoinPool.commonPool-worker-0] INFO  impl.StateMachineUpdater (StateMachineUpdater.java:stopAndJoin(147)) - ff0f44f6-234e-4444-8ce6-8a74f0a01736@group-473CF7585990-StateMachineUpdater: set stopIndex = 0
2020-12-17 02:07:30,924 [ff0f44f6-234e-4444-8ce6-8a74f0a01736@group-473CF7585990-StateMachineUpdater] INFO  ratis.ContainerStateMachine (ContainerStateMachine.java:takeSnapshot(304)) - group-473CF7585990: Finished taking a snapshot at:(t:1, i:0) file:/github/workspace/mnt/ozone/hadoop-ozone/integration-test/target/test-dir/MiniOzoneClusterImpl-b9724c50-03f5-4055-971c-7bf7c5f09f05/datanode-0/data/ratis/f2ba0671-3bd9-428f-9175-473cf7585990/sm/snapshot.1_0 time:0
2020-12-17 02:07:30,924 [ff0f44f6-234e-4444-8ce6-8a74f0a01736@group-473CF7585990-StateMachineUpdater] INFO  impl.StateMachineUpdater (StateMachineUpdater.java:takeSnapshot(278)) - ff0f44f6-234e-4444-8ce6-8a74f0a01736@group-473CF7585990-StateMachineUpdater: Took a snapshot at index 0
2020-12-17 02:07:30,924 [ff0f44f6-234e-4444-8ce6-8a74f0a01736@group-473CF7585990-StateMachineUpdater] INFO  impl.StateMachineUpdater (StateMachineUpdater.java:lambda$new$0(87)) - ff0f44f6-234e-4444-8ce6-8a74f0a01736@group-473CF7585990-StateMachineUpdater: snapshotIndex: updateIncreasingly -1 -> 0
2020-12-17 02:07:30,924 [ff0f44f6-234e-4444-8ce6-8a74f0a01736@group-473CF7585990-StateMachineUpdater] INFO  metrics.RatisMetrics (RatisMetrics.java:unregister(43)) - Unregistering Metrics Registry : ratis.state_machine.ff0f44f6-234e-4444-8ce6-8a74f0a01736@group-473CF7585990
2020-12-17 02:07:30,925 [ForkJoinPool.commonPool-worker-0] INFO  impl.RaftServerImpl (ServerState.java:close(406)) - ff0f44f6-234e-4444-8ce6-8a74f0a01736@group-473CF7585990: closes. applyIndex: 0
2020-12-17 02:07:30,925 [ff0f44f6-234e-4444-8ce6-8a74f0a01736@group-473CF7585990-SegmentedRaftLogWorker] INFO  segmented.SegmentedRaftLogWorker (SegmentedRaftLogWorker.java:run(329)) - ff0f44f6-234e-4444-8ce6-8a74f0a01736@group-473CF7585990-SegmentedRaftLogWorker was interrupted, exiting. There are 0 tasks remaining in the queue.
2020-12-17 02:07:30,925 [ForkJoinPool.commonPool-worker-0] INFO  segmented.SegmentedRaftLogWorker (SegmentedRaftLogWorker.java:close(235)) - ff0f44f6-234e-4444-8ce6-8a74f0a01736@group-473CF7585990-SegmentedRaftLogWorker close()
2020-12-17 02:07:30,925 [ForkJoinPool.commonPool-worker-0] INFO  metrics.RatisMetrics (RatisMetrics.java:unregister(43)) - Unregistering Metrics Registry : ratis.log_worker.ff0f44f6-234e-4444-8ce6-8a74f0a01736@group-473CF7585990
2020-12-17 02:07:30,925 [ForkJoinPool.commonPool-worker-0] INFO  metrics.RatisMetrics (RatisMetrics.java:unregister(43)) - Unregistering Metrics Registry : ratis.leader_election.ff0f44f6-234e-4444-8ce6-8a74f0a01736@group-473CF7585990
2020-12-17 02:07:30,925 [ForkJoinPool.commonPool-worker-0] INFO  metrics.RatisMetrics (RatisMetrics.java:unregister(43)) - Unregistering Metrics Registry : ratis.server.ff0f44f6-234e-4444-8ce6-8a74f0a01736@group-473CF7585990
2020-12-17 02:07:30,926 [ForkJoinPool.commonPool-worker-0] INFO  server.GrpcService (GrpcService.java:closeImpl(184)) - ff0f44f6-234e-4444-8ce6-8a74f0a01736: shutdown server with port 46533 now
2020-12-17 02:07:30,929 [grpc-default-executor-1] WARN  client.GrpcClientProtocolService (LogUtils.java:warn(122)) - 1-UnorderedRequestStreamObserver1: onError: org.apache.ratis.thirdparty.io.grpc.StatusRuntimeException: CANCELLED: cancelled before receiving half close
2020-12-17 02:07:30,929 [ForkJoinPool.commonPool-worker-0] INFO  server.GrpcService (GrpcService.java:closeImpl(193)) - ff0f44f6-234e-4444-8ce6-8a74f0a01736: shutdown server with port 46533 successfully
2020-12-17 02:07:30,931 [ForkJoinPool.commonPool-worker-0] INFO  utils.BackgroundService (BackgroundService.java:shutdown(132)) - Shutting down service BlockDeletingService
2020-12-17 02:07:30,933 [ForkJoinPool.commonPool-worker-0] INFO  statemachine.DatanodeStateMachine (DatanodeStateMachine.java:stopDaemon(461)) - Ozone container server stopped.
2020-12-17 02:07:30,943 [ForkJoinPool.commonPool-worker-0] INFO  handler.ContextHandler (ContextHandler.java:doStop(1154)) - Stopped o.e.j.w.WebAppContext@50e7ee70{hddsDatanode,/,null,STOPPED}{jar:file:/home/user/.m2/repository/org/apache/hadoop/hadoop-hdds-container-service/1.1.0-SNAPSHOT/hadoop-hdds-container-service-1.1.0-SNAPSHOT.jar!/webapps/hddsDatanode}
2020-12-17 02:07:30,944 [ForkJoinPool.commonPool-worker-0] INFO  server.AbstractConnector (AbstractConnector.java:doStop(381)) - Stopped ServerConnector@176b3279{HTTP/1.1, (http/1.1)}{0.0.0.0:0}
2020-12-17 02:07:30,944 [ForkJoinPool.commonPool-worker-0] INFO  server.session (HouseKeeper.java:stopScavenging(149)) - node0 Stopped scavenging
2020-12-17 02:07:30,945 [ForkJoinPool.commonPool-worker-0] INFO  handler.ContextHandler (ContextHandler.java:doStop(1154)) - Stopped o.e.j.s.ServletContextHandler@2170c3ed{static,/static,jar:file:/home/user/.m2/repository/org/apache/hadoop/hadoop-hdds-container-service/1.1.0-SNAPSHOT/hadoop-hdds-container-service-1.1.0-SNAPSHOT.jar!/webapps/static,STOPPED}
2020-12-17 02:07:30,946 [ForkJoinPool.commonPool-worker-0] INFO  handler.ContextHandler (ContextHandler.java:doStop(1154)) - Stopped o.e.j.s.ServletContextHandler@622ae2ba{logs,/logs,file:///github/workspace/mnt/ozone/hadoop-ozone/integration-test/target/log,STOPPED}
2020-12-17 02:07:30,947 [Listener at 127.0.0.1/44995] INFO  ozone.MiniOzoneClusterImpl (MiniOzoneClusterImpl.java:stopSCM(477)) - Stopping the StorageContainerManager
2020-12-17 02:07:30,947 [Listener at 127.0.0.1/44995] INFO  server.StorageContainerManager (StorageContainerManager.java:stop(832)) - Stopping Replication Manager Service.
2020-12-17 02:07:30,947 [Listener at 127.0.0.1/44995] INFO  container.ReplicationManager (ReplicationManager.java:stop(227)) - Stopping Replication Monitor Thread.
2020-12-17 02:07:30,948 [Listener at 127.0.0.1/44995] INFO  server.StorageContainerManager (StorageContainerManager.java:stop(839)) - Stopping the Datanode Admin Monitor.
2020-12-17 02:07:30,948 [Listener at 127.0.0.1/44995] INFO  server.StorageContainerManager (StorageContainerManager.java:stop(846)) - Stopping Lease Manager of the command watchers
2020-12-17 02:07:30,948 [Listener at 127.0.0.1/44995] INFO  server.StorageContainerManager (StorageContainerManager.java:stop(853)) - Stopping datanode service RPC server
2020-12-17 02:07:30,948 [Listener at 127.0.0.1/44995] INFO  server.SCMDatanodeProtocolServer (SCMDatanodeProtocolServer.java:stop(369)) - Stopping the RPC server for DataNodes
2020-12-17 02:07:30,948 [Listener at 127.0.0.1/44995] INFO  ipc.Server (Server.java:stop(3359)) - Stopping server on 41841
2020-12-17 02:07:30,949 [IPC Server listener on 0] INFO  ipc.Server (Server.java:run(1330)) - Stopping IPC Server listener on 0
2020-12-17 02:07:30,952 [IPC Server Responder] INFO  ipc.Server (Server.java:run(1465)) - Stopping IPC Server Responder
2020-12-17 02:07:31,038 [SCM Heartbeat Processing Thread - 0] WARN  node.NodeStateManager (NodeStateManager.java:scheduleNextHealthCheck(688)) - Current Thread is interrupted, shutting down HB processing thread for Node Manager.
2020-12-17 02:07:31,038 [Listener at 127.0.0.1/44995] INFO  server.StorageContainerManager (StorageContainerManager.java:stop(861)) - Stopping block service RPC server
2020-12-17 02:07:31,039 [Listener at 127.0.0.1/44995] INFO  server.SCMBlockProtocolServer (SCMBlockProtocolServer.java:stop(159)) - Stopping the RPC server for Block Protocol
2020-12-17 02:07:31,039 [Listener at 127.0.0.1/44995] INFO  ipc.Server (Server.java:stop(3359)) - Stopping server on 34009
2020-12-17 02:07:31,041 [IPC Server listener on 0] INFO  ipc.Server (Server.java:run(1330)) - Stopping IPC Server listener on 0
2020-12-17 02:07:31,041 [Listener at 127.0.0.1/44995] INFO  server.StorageContainerManager (StorageContainerManager.java:stop(868)) - Stopping the StorageContainerLocationProtocol RPC server
2020-12-17 02:07:31,041 [Listener at 127.0.0.1/44995] INFO  server.SCMClientProtocolServer (SCMClientProtocolServer.java:stop(168)) - Stopping the RPC server for Client Protocol
2020-12-17 02:07:31,041 [IPC Server Responder] INFO  ipc.Server (Server.java:run(1465)) - Stopping IPC Server Responder
2020-12-17 02:07:31,041 [Listener at 127.0.0.1/44995] INFO  ipc.Server (Server.java:stop(3359)) - Stopping server on 40991
2020-12-17 02:07:31,045 [IPC Server listener on 0] INFO  ipc.Server (Server.java:run(1330)) - Stopping IPC Server listener on 0
2020-12-17 02:07:31,045 [IPC Server Responder] INFO  ipc.Server (Server.java:run(1465)) - Stopping IPC Server Responder
2020-12-17 02:07:31,045 [Listener at 127.0.0.1/44995] INFO  server.StorageContainerManager (StorageContainerManager.java:stop(875)) - Stopping Storage Container Manager HTTP server.
2020-12-17 02:07:31,046 [Listener at 127.0.0.1/44995] INFO  handler.ContextHandler (ContextHandler.java:doStop(1154)) - Stopped o.e.j.w.WebAppContext@49c15ad2{scm,/,null,STOPPED}{file:/github/workspace/mnt/ozone/hadoop-ozone/integration-test/target/test-classes/webapps/scm}
2020-12-17 02:07:31,046 [Listener at 127.0.0.1/44995] INFO  server.AbstractConnector (AbstractConnector.java:doStop(381)) - Stopped ServerConnector@67a02460{HTTP/1.1, (http/1.1)}{0.0.0.0:0}
2020-12-17 02:07:31,046 [Listener at 127.0.0.1/44995] INFO  server.session (HouseKeeper.java:stopScavenging(149)) - node0 Stopped scavenging
2020-12-17 02:07:31,047 [Listener at 127.0.0.1/44995] INFO  handler.ContextHandler (ContextHandler.java:doStop(1154)) - Stopped o.e.j.s.ServletContextHandler@7892d7a7{static,/static,file:///github/workspace/mnt/ozone/hadoop-ozone/integration-test/target/test-classes/webapps/static,STOPPED}
2020-12-17 02:07:31,047 [Listener at 127.0.0.1/44995] INFO  handler.ContextHandler (ContextHandler.java:doStop(1154)) - Stopped o.e.j.s.ServletContextHandler@3a4dea70{logs,/logs,file:///github/workspace/mnt/ozone/hadoop-ozone/integration-test/target/log,STOPPED}
2020-12-17 02:07:31,048 [Listener at 127.0.0.1/44995] INFO  server.StorageContainerManager (StorageContainerManager.java:stop(886)) - Stopping Block Manager Service.
2020-12-17 02:07:31,048 [Listener at 127.0.0.1/44995] INFO  utils.BackgroundService (BackgroundService.java:shutdown(132)) - Shutting down service SCMBlockDeletingService
2020-12-17 02:07:31,048 [Listener at 127.0.0.1/44995] INFO  utils.BackgroundService (BackgroundService.java:shutdown(132)) - Shutting down service SCMBlockDeletingService
2020-12-17 02:07:31,050 [Listener at 127.0.0.1/44995] INFO  server.StorageContainerManager (StorageContainerManager.java:stop(911)) - Stopping SCM Event Queue.
2020-12-17 02:07:31,056 [Listener at 127.0.0.1/44995] INFO  impl.MetricsSystemImpl (MetricsSystemImpl.java:stop(210)) - Stopping HddsDatanode metrics system...
2020-12-17 02:07:31,064 [Listener at 127.0.0.1/44995] INFO  impl.MetricsSystemImpl (MetricsSystemImpl.java:stop(216)) - HddsDatanode metrics system stopped.
]]></system-out>
  </testcase>
  <testcase name="testDecommissionedStateReinstatedAfterSCMRestart" classname="org.apache.hadoop.ozone.scm.node.TestDecommissionAndMaintenance" time="35.646"/>
  <testcase name="testMaintenanceEndsAutomaticallyAtTimeout" classname="org.apache.hadoop.ozone.scm.node.TestDecommissionAndMaintenance" time="59.149"/>
  <testcase name="testDecommissionedNodeCanBeRecommissioned" classname="org.apache.hadoop.ozone.scm.node.TestDecommissionAndMaintenance" time="26.872"/>
  <testcase name="testNodeWithOpenPipelineCanBeDecommissioned" classname="org.apache.hadoop.ozone.scm.node.TestDecommissionAndMaintenance" time="43.689"/>
  <testcase name="testSingleNodeWithOpenPipelineCanGotoMaintenance" classname="org.apache.hadoop.ozone.scm.node.TestDecommissionAndMaintenance" time="44.272"/>
  <testcase name="testSCMHandlesRestartForMaintenanceNode" classname="org.apache.hadoop.ozone.scm.node.TestDecommissionAndMaintenance" time="40.363"/>
  <testcase name="testStoppedDecommissionedNodeTakesSCMStateOnRestart" classname="org.apache.hadoop.ozone.scm.node.TestDecommissionAndMaintenance" time="51.085"/>
  <testcase name="testEnteringMaintenanceNodeCompletesAfterSCMRestart" classname="org.apache.hadoop.ozone.scm.node.TestDecommissionAndMaintenance" time="38.884">
    <failure message="expected:&lt;5&gt; but was:&lt;6&gt;" type="junit.framework.AssertionFailedError"><![CDATA[junit.framework.AssertionFailedError: expected:<5> but was:<6>
	at junit.framework.Assert.fail(Assert.java:57)
	at junit.framework.Assert.failNotEquals(Assert.java:329)
	at junit.framework.Assert.assertEquals(Assert.java:78)
	at junit.framework.Assert.assertEquals(Assert.java:234)
	at junit.framework.Assert.assertEquals(Assert.java:241)
	at junit.framework.TestCase.assertEquals(TestCase.java:409)
	at org.apache.hadoop.ozone.scm.node.TestDecommissionAndMaintenance.testEnteringMaintenanceNodeCompletesAfterSCMRestart(TestDecommissionAndMaintenance.java:449)
	at sun.reflect.NativeMethodAccessorImpl.invoke0(Native Method)
	at sun.reflect.NativeMethodAccessorImpl.invoke(NativeMethodAccessorImpl.java:62)
	at sun.reflect.DelegatingMethodAccessorImpl.invoke(DelegatingMethodAccessorImpl.java:43)
	at java.lang.reflect.Method.invoke(Method.java:498)
	at org.junit.runners.model.FrameworkMethod$1.runReflectiveCall(FrameworkMethod.java:47)
	at org.junit.internal.runners.model.ReflectiveCallable.run(ReflectiveCallable.java:12)
	at org.junit.runners.model.FrameworkMethod.invokeExplosively(FrameworkMethod.java:44)
	at org.junit.internal.runners.statements.InvokeMethod.evaluate(InvokeMethod.java:17)
	at org.junit.internal.runners.statements.RunBefores.evaluate(RunBefores.java:26)
	at org.junit.internal.runners.statements.RunAfters.evaluate(RunAfters.java:27)
	at org.junit.runners.ParentRunner.runLeaf(ParentRunner.java:271)
	at org.junit.runners.BlockJUnit4ClassRunner.runChild(BlockJUnit4ClassRunner.java:70)
	at org.junit.runners.BlockJUnit4ClassRunner.runChild(BlockJUnit4ClassRunner.java:50)
	at org.junit.runners.ParentRunner$3.run(ParentRunner.java:238)
	at org.junit.runners.ParentRunner$1.schedule(ParentRunner.java:63)
	at org.junit.runners.ParentRunner.runChildren(ParentRunner.java:236)
	at org.junit.runners.ParentRunner.access$000(ParentRunner.java:53)
	at org.junit.runners.ParentRunner$2.evaluate(ParentRunner.java:229)
	at org.junit.runners.ParentRunner.run(ParentRunner.java:309)
	at org.apache.maven.surefire.junit4.JUnit4Provider.execute(JUnit4Provider.java:365)
	at org.apache.maven.surefire.junit4.JUnit4Provider.executeWithRerun(JUnit4Provider.java:273)
	at org.apache.maven.surefire.junit4.JUnit4Provider.executeTestSet(JUnit4Provider.java:238)
	at org.apache.maven.surefire.junit4.JUnit4Provider.invoke(JUnit4Provider.java:159)
	at org.apache.maven.surefire.booter.ForkedBooter.invokeProviderInSameClassLoader(ForkedBooter.java:384)
	at org.apache.maven.surefire.booter.ForkedBooter.runSuitesInProcess(ForkedBooter.java:345)
	at org.apache.maven.surefire.booter.ForkedBooter.execute(ForkedBooter.java:126)
	at org.apache.maven.surefire.booter.ForkedBooter.main(ForkedBooter.java:418)
]]></failure>
    <system-out><![CDATA[2020-12-17 02:12:32,196 [Listener at 127.0.0.1/34193] WARN  server.ServerUtils (ServerUtils.java:getScmDbDir(148)) - ozone.scm.db.dirs is not configured. We recommend adding this setting. Falling back to ozone.metadata.dirs instead.
2020-12-17 02:12:32,201 [Listener at 127.0.0.1/34193] WARN  server.ServerUtils (ServerUtils.java:getScmDbDir(148)) - ozone.scm.db.dirs is not configured. We recommend adding this setting. Falling back to ozone.metadata.dirs instead.
2020-12-17 02:12:32,202 [Listener at 127.0.0.1/34193] WARN  db.DBStoreBuilder (DBStoreBuilder.java:applyDBDefinition(145)) - ozone.scm.db.dirs is not configured. We recommend adding this setting. Falling back to ozone.metadata.dirs instead.
2020-12-17 02:12:32,229 [Listener at 127.0.0.1/34193] INFO  net.NodeSchemaLoader (NodeSchemaLoader.java:loadSchemaFromFile(126)) - Loading file from sun.misc.CompoundEnumeration@c9ec20e
2020-12-17 02:12:32,229 [Listener at 127.0.0.1/34193] INFO  net.NodeSchemaLoader (NodeSchemaLoader.java:loadSchema(172)) - Loading network topology layer schema file
2020-12-17 02:12:32,234 [Listener at 127.0.0.1/34193] INFO  node.SCMNodeManager (SCMNodeManager.java:<init>(123)) - Entering startup safe mode.
2020-12-17 02:12:32,235 [Listener at 127.0.0.1/34193] INFO  algorithms.ContainerPlacementPolicyFactory (ContainerPlacementPolicyFactory.java:getPolicy(60)) - Create container placement policy of type org.apache.hadoop.hdds.scm.container.placement.algorithms.SCMContainerPlacementRandom
2020-12-17 02:12:32,235 [Listener at 127.0.0.1/34193] INFO  algorithms.LeaderChoosePolicyFactory (LeaderChoosePolicyFactory.java:getPolicy(57)) - Create leader choose policy of type org.apache.hadoop.hdds.scm.pipeline.leader.choose.algorithms.DefaultLeaderChoosePolicy
2020-12-17 02:12:32,235 [Listener at 127.0.0.1/34193] INFO  pipeline.SCMPipelineManager (SCMPipelineManager.java:initializePipelineState(161)) - No pipeline exists in current db
2020-12-17 02:12:32,235 [Listener at 127.0.0.1/34193] INFO  algorithms.PipelineChoosePolicyFactory (PipelineChoosePolicyFactory.java:createPipelineChoosePolicyFromClass(75)) - Create pipeline choose policy of type org.apache.hadoop.hdds.scm.pipeline.choose.algorithms.RandomPipelineChoosePolicy
2020-12-17 02:12:32,237 [Listener at 127.0.0.1/34193] INFO  safemode.HealthyPipelineSafeModeRule (HealthyPipelineSafeModeRule.java:<init>(89)) - Total pipeline count is 0, healthy pipeline threshold count is 0
2020-12-17 02:12:32,237 [Listener at 127.0.0.1/34193] INFO  safemode.OneReplicaPipelineSafeModeRule (OneReplicaPipelineSafeModeRule.java:<init>(84)) - Total pipeline count is 0, pipeline's with at least one datanode reported threshold count is 0
2020-12-17 02:12:32,238 [Listener at 127.0.0.1/34193] INFO  ipc.CallQueueManager (CallQueueManager.java:<init>(84)) - Using callQueue: class java.util.concurrent.LinkedBlockingQueue, queueCapacity: 2000, scheduler: class org.apache.hadoop.ipc.DefaultRpcScheduler, ipcBackoff: false.
2020-12-17 02:12:32,241 [Socket Reader #1 for port 0] INFO  ipc.Server (Server.java:run(1219)) - Starting Socket Reader #1 for port 0
2020-12-17 02:12:32,246 [Listener at 0.0.0.0/46749] INFO  ipc.CallQueueManager (CallQueueManager.java:<init>(84)) - Using callQueue: class java.util.concurrent.LinkedBlockingQueue, queueCapacity: 2000, scheduler: class org.apache.hadoop.ipc.DefaultRpcScheduler, ipcBackoff: false.
2020-12-17 02:12:32,247 [Socket Reader #1 for port 0] INFO  ipc.Server (Server.java:run(1219)) - Starting Socket Reader #1 for port 0
2020-12-17 02:12:32,247 [Listener at 0.0.0.0/45649] INFO  ipc.CallQueueManager (CallQueueManager.java:<init>(84)) - Using callQueue: class java.util.concurrent.LinkedBlockingQueue, queueCapacity: 2000, scheduler: class org.apache.hadoop.ipc.DefaultRpcScheduler, ipcBackoff: false.
2020-12-17 02:12:32,248 [Socket Reader #1 for port 0] INFO  ipc.Server (Server.java:run(1219)) - Starting Socket Reader #1 for port 0
2020-12-17 02:12:32,252 [Listener at 0.0.0.0/36891] INFO  http.BaseHttpServer (BaseHttpServer.java:newHttpServer2BuilderForOzone(207)) - Starting Web-server for scm at: http://0.0.0.0:0
2020-12-17 02:12:32,252 [Listener at 0.0.0.0/36891] INFO  http.BaseHttpServer (BaseHttpServer.java:<init>(106)) - Hadoop Security Enabled: false Ozone Security Enabled: false Ozone HTTP Security Enabled: false 
2020-12-17 02:12:32,254 [Listener at 0.0.0.0/36891] INFO  server.AuthenticationFilter (AuthenticationFilter.java:constructSecretProvider(240)) - Unable to initialize FileSignerSecretProvider, falling back to use random secrets.
2020-12-17 02:12:32,257 [Listener at 0.0.0.0/36891] WARN  http.HttpRequestLog (HttpRequestLog.java:getRequestLog(103)) - Jetty request log can only be enabled using Log4j
2020-12-17 02:12:32,258 [Listener at 0.0.0.0/36891] INFO  http.HttpServer2 (HttpServer2.java:addGlobalFilter(1020)) - Added global filter 'safety' (class=org.apache.hadoop.hdds.server.http.HttpServer2$QuotingInputFilter)
2020-12-17 02:12:32,258 [Listener at 0.0.0.0/36891] INFO  http.HttpServer2 (HttpServer2.java:addFilter(996)) - Added filter static_user_filter (class=org.apache.hadoop.http.lib.StaticUserWebFilter$StaticUserFilter) to context scm
2020-12-17 02:12:32,258 [Listener at 0.0.0.0/36891] INFO  http.HttpServer2 (HttpServer2.java:addFilter(1004)) - Added filter static_user_filter (class=org.apache.hadoop.http.lib.StaticUserWebFilter$StaticUserFilter) to context static
2020-12-17 02:12:32,258 [Listener at 0.0.0.0/36891] INFO  http.HttpServer2 (HttpServer2.java:addFilter(1004)) - Added filter static_user_filter (class=org.apache.hadoop.http.lib.StaticUserWebFilter$StaticUserFilter) to context logs
2020-12-17 02:12:32,260 [Listener at 0.0.0.0/36891] INFO  server.StorageContainerManager (StorageContainerManager.java:start(789)) - StorageContainerLocationProtocol RPC server is listening at /0.0.0.0:36891
2020-12-17 02:12:32,263 [Listener at 0.0.0.0/36891] WARN  impl.MetricsConfig (MetricsConfig.java:loadFirst(134)) - Cannot locate configuration: tried hadoop-metrics2-storagecontainermanager.properties,hadoop-metrics2.properties
2020-12-17 02:12:32,264 [Listener at 0.0.0.0/36891] INFO  impl.MetricsSystemImpl (MetricsSystemImpl.java:startTimer(374)) - Scheduled Metric snapshot period at 10 second(s).
2020-12-17 02:12:32,264 [Listener at 0.0.0.0/36891] INFO  impl.MetricsSystemImpl (MetricsSystemImpl.java:start(191)) - StorageContainerManager metrics system started
2020-12-17 02:12:32,292 [Listener at 0.0.0.0/36891] WARN  impl.MetricsSystemImpl (MetricsSystemImpl.java:register(276)) - Sink prometheus already exists!
2020-12-17 02:12:32,315 [Listener at 0.0.0.0/36891] INFO  server.SCMClientProtocolServer (SCMClientProtocolServer.java:start(159)) - RPC server for Client  is listening at /0.0.0.0:36891
2020-12-17 02:12:32,315 [IPC Server Responder] INFO  ipc.Server (Server.java:run(1460)) - IPC Server Responder: starting
2020-12-17 02:12:32,317 [IPC Server listener on 0] INFO  ipc.Server (Server.java:run(1298)) - IPC Server listener on 0: starting
2020-12-17 02:12:32,330 [Listener at 0.0.0.0/36891] INFO  server.StorageContainerManager (StorageContainerManager.java:start(801)) - ScmBlockLocationProtocol RPC server is listening at /0.0.0.0:45649
2020-12-17 02:12:32,330 [Listener at 0.0.0.0/36891] INFO  server.SCMBlockProtocolServer (SCMBlockProtocolServer.java:start(150)) - RPC server for Block Protocol is listening at /0.0.0.0:45649
2020-12-17 02:12:32,330 [IPC Server Responder] INFO  ipc.Server (Server.java:run(1460)) - IPC Server Responder: starting
2020-12-17 02:12:32,331 [IPC Server listener on 0] INFO  ipc.Server (Server.java:run(1298)) - IPC Server listener on 0: starting
2020-12-17 02:12:32,342 [Listener at 0.0.0.0/36891] INFO  server.StorageContainerManager (StorageContainerManager.java:start(807)) - ScmDatanodeProtocl RPC server is listening at /0.0.0.0:46749
2020-12-17 02:12:32,342 [Listener at 0.0.0.0/36891] INFO  server.SCMDatanodeProtocolServer (SCMDatanodeProtocolServer.java:start(174)) - RPC server for DataNodes is listening at /0.0.0.0:46749
2020-12-17 02:12:32,343 [IPC Server Responder] INFO  ipc.Server (Server.java:run(1460)) - IPC Server Responder: starting
2020-12-17 02:12:32,343 [IPC Server listener on 0] INFO  ipc.Server (Server.java:run(1298)) - IPC Server listener on 0: starting
2020-12-17 02:12:32,350 [Listener at 0.0.0.0/36891] INFO  http.HttpServer2 (HttpServer2.java:bindListener(1238)) - Jetty bound to port 41397
2020-12-17 02:12:32,350 [Listener at 0.0.0.0/36891] INFO  server.Server (Server.java:doStart(375)) - jetty-9.4.34.v20201102; built: 2020-11-02T14:15:39.302Z; git: e46af88704a893fc12cb0e3bf46e2c7b48a009e7; jvm 1.8.0_232-b09
2020-12-17 02:12:32,351 [Listener at 0.0.0.0/36891] INFO  server.session (DefaultSessionIdManager.java:doStart(334)) - DefaultSessionIdManager workerName=node0
2020-12-17 02:12:32,352 [Listener at 0.0.0.0/36891] INFO  server.session (DefaultSessionIdManager.java:doStart(339)) - No SessionScavenger set, using defaults
2020-12-17 02:12:32,352 [Listener at 0.0.0.0/36891] INFO  server.session (HouseKeeper.java:startScavenging(132)) - node0 Scavenging every 660000ms
2020-12-17 02:12:32,352 [Listener at 0.0.0.0/36891] INFO  handler.ContextHandler (ContextHandler.java:doStart(916)) - Started o.e.j.s.ServletContextHandler@607229c7{logs,/logs,file:///github/workspace/mnt/ozone/hadoop-ozone/integration-test/target/log,AVAILABLE}
2020-12-17 02:12:32,353 [Listener at 0.0.0.0/36891] INFO  handler.ContextHandler (ContextHandler.java:doStart(916)) - Started o.e.j.s.ServletContextHandler@16974b24{static,/static,file:///github/workspace/mnt/ozone/hadoop-ozone/integration-test/target/test-classes/webapps/static,AVAILABLE}
2020-12-17 02:12:32,355 [Listener at 0.0.0.0/36891] INFO  handler.ContextHandler (ContextHandler.java:doStart(916)) - Started o.e.j.w.WebAppContext@12d0699d{scm,/,file:///github/workspace/mnt/ozone/hadoop-ozone/integration-test/target/test-classes/webapps/scm/,AVAILABLE}{file:/github/workspace/mnt/ozone/hadoop-ozone/integration-test/target/test-classes/webapps/scm}
2020-12-17 02:12:32,362 [Listener at 0.0.0.0/36891] INFO  server.AbstractConnector (AbstractConnector.java:doStart(331)) - Started ServerConnector@48f1968e{HTTP/1.1, (http/1.1)}{0.0.0.0:41397}
2020-12-17 02:12:32,362 [Listener at 0.0.0.0/36891] INFO  server.Server (Server.java:doStart(415)) - Started @388574ms
2020-12-17 02:12:32,362 [Listener at 0.0.0.0/36891] WARN  impl.MetricsSystemImpl (MetricsSystemImpl.java:register(276)) - Sink prometheus already exists!
2020-12-17 02:12:32,365 [Listener at 0.0.0.0/36891] INFO  http.BaseHttpServer (BaseHttpServer.java:updateConnectorAddress(327)) - HTTP server of scm listening at http://0.0.0.0:41397
2020-12-17 02:12:32,366 [Listener at 0.0.0.0/36891] WARN  server.ServerUtils (ServerUtils.java:getDBPath(225)) - ozone.om.db.dirs is not configured. We recommend adding this setting. Falling back to ozone.metadata.dirs instead.
2020-12-17 02:12:32,366 [org.apache.hadoop.util.JvmPauseMonitor$Monitor@6a474e00] INFO  util.JvmPauseMonitor (JvmPauseMonitor.java:run(188)) - Starting JVM pause monitor
2020-12-17 02:12:32,368 [Listener at 0.0.0.0/36891] INFO  ha.OMHANodeDetails (OMHANodeDetails.java:loadOMHAConfig(104)) - ozone.om.internal.service.id is not defined, falling back to ozone.om.service.ids to find serviceID for OzoneManager if it is HA enabled cluster
2020-12-17 02:12:32,368 [Listener at 0.0.0.0/36891] INFO  ha.OMHANodeDetails (OMHANodeDetails.java:loadOMHAConfig(213)) - Configuration either no ozone.om.address set. Falling back to the default OM address /127.0.0.1:0
2020-12-17 02:12:32,368 [Listener at 0.0.0.0/36891] INFO  ha.OMHANodeDetails (OMHANodeDetails.java:getOMNodeDetails(241)) - OM Service ID is not set. Setting it to the default ID: omServiceIdDefault
2020-12-17 02:12:32,368 [Listener at 0.0.0.0/36891] WARN  server.ServerUtils (ServerUtils.java:getDBPath(225)) - ozone.om.db.dirs is not configured. We recommend adding this setting. Falling back to ozone.metadata.dirs instead.
2020-12-17 02:12:32,369 [Listener at 0.0.0.0/36891] WARN  server.ServerUtils (ServerUtils.java:getDBPath(225)) - ozone.om.db.dirs is not configured. We recommend adding this setting. Falling back to ozone.metadata.dirs instead.
2020-12-17 02:12:32,388 [Listener at 0.0.0.0/36891] WARN  server.ServerUtils (ServerUtils.java:getDBPath(225)) - ozone.om.db.dirs is not configured. We recommend adding this setting. Falling back to ozone.metadata.dirs instead.
2020-12-17 02:12:32,388 [Listener at 0.0.0.0/36891] INFO  codec.OmKeyInfoCodec (OmKeyInfoCodec.java:<init>(41)) - OmKeyInfoCodec ignorePipeline = true
2020-12-17 02:12:32,388 [Listener at 0.0.0.0/36891] INFO  codec.RepeatedOmKeyInfoCodec (RepeatedOmKeyInfoCodec.java:<init>(40)) - RepeatedOmKeyInfoCodec ignorePipeline = true
2020-12-17 02:12:32,440 [Listener at 0.0.0.0/36891] INFO  om.OzoneManager (OzoneManager.java:addS3GVolumeToDB(3737)) - Created Volume s3v With Owner jenkins1001 required for S3Gateway operations.
2020-12-17 02:12:32,442 [Listener at 0.0.0.0/36891] INFO  ipc.CallQueueManager (CallQueueManager.java:<init>(84)) - Using callQueue: class java.util.concurrent.LinkedBlockingQueue, queueCapacity: 2000, scheduler: class org.apache.hadoop.ipc.DefaultRpcScheduler, ipcBackoff: false.
2020-12-17 02:12:32,444 [Socket Reader #1 for port 0] INFO  ipc.Server (Server.java:run(1219)) - Starting Socket Reader #1 for port 0
2020-12-17 02:12:32,457 [Listener at 127.0.0.1/37391] INFO  impl.MetricsSystemImpl (MetricsSystemImpl.java:init(158)) - OzoneManager metrics system started (again)
2020-12-17 02:12:32,458 [Listener at 127.0.0.1/37391] INFO  om.OzoneManager (OzoneManager.java:start(1144)) - OzoneManager RPC server is listening at localhost/127.0.0.1:37391
2020-12-17 02:12:32,465 [Listener at 127.0.0.1/37391] INFO  http.BaseHttpServer (BaseHttpServer.java:newHttpServer2BuilderForOzone(207)) - Starting Web-server for ozoneManager at: http://0.0.0.0:0
2020-12-17 02:12:32,465 [Listener at 127.0.0.1/37391] INFO  http.BaseHttpServer (BaseHttpServer.java:<init>(106)) - Hadoop Security Enabled: false Ozone Security Enabled: false Ozone HTTP Security Enabled: false 
2020-12-17 02:12:32,466 [Listener at 127.0.0.1/37391] INFO  server.AuthenticationFilter (AuthenticationFilter.java:constructSecretProvider(240)) - Unable to initialize FileSignerSecretProvider, falling back to use random secrets.
2020-12-17 02:12:32,466 [Listener at 127.0.0.1/37391] WARN  http.HttpRequestLog (HttpRequestLog.java:getRequestLog(103)) - Jetty request log can only be enabled using Log4j
2020-12-17 02:12:32,467 [Listener at 127.0.0.1/37391] INFO  http.HttpServer2 (HttpServer2.java:addGlobalFilter(1020)) - Added global filter 'safety' (class=org.apache.hadoop.hdds.server.http.HttpServer2$QuotingInputFilter)
2020-12-17 02:12:32,468 [Listener at 127.0.0.1/37391] INFO  http.HttpServer2 (HttpServer2.java:addFilter(996)) - Added filter static_user_filter (class=org.apache.hadoop.http.lib.StaticUserWebFilter$StaticUserFilter) to context ozoneManager
2020-12-17 02:12:32,468 [Listener at 127.0.0.1/37391] INFO  http.HttpServer2 (HttpServer2.java:addFilter(1004)) - Added filter static_user_filter (class=org.apache.hadoop.http.lib.StaticUserWebFilter$StaticUserFilter) to context static
2020-12-17 02:12:32,468 [Listener at 127.0.0.1/37391] INFO  http.HttpServer2 (HttpServer2.java:addFilter(1004)) - Added filter static_user_filter (class=org.apache.hadoop.http.lib.StaticUserWebFilter$StaticUserFilter) to context logs
2020-12-17 02:12:32,468 [Listener at 127.0.0.1/37391] INFO  http.HttpServer2 (HttpServer2.java:bindListener(1238)) - Jetty bound to port 35989
2020-12-17 02:12:32,468 [Listener at 127.0.0.1/37391] INFO  server.Server (Server.java:doStart(375)) - jetty-9.4.34.v20201102; built: 2020-11-02T14:15:39.302Z; git: e46af88704a893fc12cb0e3bf46e2c7b48a009e7; jvm 1.8.0_232-b09
2020-12-17 02:12:32,469 [Listener at 127.0.0.1/37391] INFO  server.session (DefaultSessionIdManager.java:doStart(334)) - DefaultSessionIdManager workerName=node0
2020-12-17 02:12:32,470 [Listener at 127.0.0.1/37391] INFO  server.session (DefaultSessionIdManager.java:doStart(339)) - No SessionScavenger set, using defaults
2020-12-17 02:12:32,470 [Listener at 127.0.0.1/37391] INFO  server.session (HouseKeeper.java:startScavenging(132)) - node0 Scavenging every 660000ms
2020-12-17 02:12:32,471 [Listener at 127.0.0.1/37391] INFO  handler.ContextHandler (ContextHandler.java:doStart(916)) - Started o.e.j.s.ServletContextHandler@288f3ac6{logs,/logs,file:///github/workspace/mnt/ozone/hadoop-ozone/integration-test/target/log,AVAILABLE}
2020-12-17 02:12:32,471 [Listener at 127.0.0.1/37391] INFO  handler.ContextHandler (ContextHandler.java:doStart(916)) - Started o.e.j.s.ServletContextHandler@f04ed21{static,/static,file:///github/workspace/mnt/ozone/hadoop-ozone/integration-test/target/test-classes/webapps/static,AVAILABLE}
2020-12-17 02:12:32,474 [Listener at 127.0.0.1/37391] INFO  handler.ContextHandler (ContextHandler.java:doStart(916)) - Started o.e.j.w.WebAppContext@6bfa2da2{ozoneManager,/,file:///github/workspace/mnt/ozone/hadoop-ozone/integration-test/target/test-classes/webapps/ozoneManager/,AVAILABLE}{file:/github/workspace/mnt/ozone/hadoop-ozone/integration-test/target/test-classes/webapps/ozoneManager}
2020-12-17 02:12:32,475 [Listener at 127.0.0.1/37391] INFO  server.AbstractConnector (AbstractConnector.java:doStart(331)) - Started ServerConnector@11518582{HTTP/1.1, (http/1.1)}{0.0.0.0:35989}
2020-12-17 02:12:32,475 [Listener at 127.0.0.1/37391] INFO  server.Server (Server.java:doStart(415)) - Started @388687ms
2020-12-17 02:12:32,475 [Listener at 127.0.0.1/37391] WARN  impl.MetricsSystemImpl (MetricsSystemImpl.java:register(276)) - Sink prometheus already exists!
2020-12-17 02:12:32,478 [Listener at 127.0.0.1/37391] INFO  http.BaseHttpServer (BaseHttpServer.java:updateConnectorAddress(327)) - HTTP server of ozoneManager listening at http://0.0.0.0:35989
2020-12-17 02:12:32,478 [IPC Server Responder] INFO  ipc.Server (Server.java:run(1460)) - IPC Server Responder: starting
2020-12-17 02:12:32,482 [IPC Server listener on 0] INFO  ipc.Server (Server.java:run(1298)) - IPC Server listener on 0: starting
2020-12-17 02:12:32,488 [Listener at 127.0.0.1/37391] INFO  om.OzoneManager (OzoneManager.java:startTrashEmptier(1265)) - Trash Interval set to 0. Files deleted will not move to trash
2020-12-17 02:12:32,488 [org.apache.hadoop.util.JvmPauseMonitor$Monitor@12c448c] INFO  util.JvmPauseMonitor (JvmPauseMonitor.java:run(188)) - Starting JVM pause monitor
2020-12-17 02:12:32,499 [Listener at 127.0.0.1/37391] INFO  impl.MetricsSystemImpl (MetricsSystemImpl.java:init(158)) - HddsDatanode metrics system started (again)
2020-12-17 02:12:32,500 [Listener at 127.0.0.1/37391] INFO  ozone.HddsDatanodeService (HddsDatanodeService.java:start(217)) - HddsDatanodeService host:89b9adae2c19 ip:172.17.0.2
2020-12-17 02:12:32,502 [Listener at 127.0.0.1/37391] INFO  volume.HddsVolume (HddsVolume.java:<init>(176)) - Creating Volume: /github/workspace/mnt/ozone/hadoop-ozone/integration-test/target/test-dir/MiniOzoneClusterImpl-2a381d17-8836-40f3-94ec-0b892e5c06e0/datanode-0/data-0/containers/hdds of storage type : DISK and capacity : 9223372036854775807
2020-12-17 02:12:32,502 [Listener at 127.0.0.1/37391] INFO  volume.MutableVolumeSet (MutableVolumeSet.java:initializeVolumeSet(179)) - Added Volume : /github/workspace/mnt/ozone/hadoop-ozone/integration-test/target/test-dir/MiniOzoneClusterImpl-2a381d17-8836-40f3-94ec-0b892e5c06e0/datanode-0/data-0/containers/hdds to VolumeSet
2020-12-17 02:12:32,502 [Listener at 127.0.0.1/37391] INFO  volume.ThrottledAsyncChecker (ThrottledAsyncChecker.java:schedule(141)) - Scheduling a check for /github/workspace/mnt/ozone/hadoop-ozone/integration-test/target/test-dir/MiniOzoneClusterImpl-2a381d17-8836-40f3-94ec-0b892e5c06e0/datanode-0/data-0/containers/hdds
2020-12-17 02:12:32,509 [Listener at 127.0.0.1/37391] INFO  volume.HddsVolumeChecker (HddsVolumeChecker.java:checkAllVolumes(200)) - Scheduled health check for volume /github/workspace/mnt/ozone/hadoop-ozone/integration-test/target/test-dir/MiniOzoneClusterImpl-2a381d17-8836-40f3-94ec-0b892e5c06e0/datanode-0/data-0/containers/hdds
2020-12-17 02:12:32,522 [Thread-5625] INFO  ozoneimpl.ContainerReader (ContainerReader.java:readVolume(123)) - Start to verify containers on volume /github/workspace/mnt/ozone/hadoop-ozone/integration-test/target/test-dir/MiniOzoneClusterImpl-2a381d17-8836-40f3-94ec-0b892e5c06e0/datanode-0/data-0/containers/hdds
2020-12-17 02:12:32,522 [Thread-5625] INFO  ozoneimpl.ContainerReader (ContainerReader.java:readVolume(148)) - Finish verifying containers on volume /github/workspace/mnt/ozone/hadoop-ozone/integration-test/target/test-dir/MiniOzoneClusterImpl-2a381d17-8836-40f3-94ec-0b892e5c06e0/datanode-0/data-0/containers/hdds
2020-12-17 02:12:32,523 [Listener at 127.0.0.1/37391] INFO  ozoneimpl.OzoneContainer (OzoneContainer.java:buildContainerSet(194)) - Build ContainerSet costs 0s
2020-12-17 02:12:32,524 [Listener at 127.0.0.1/37391] INFO  impl.RaftServerProxy (ConfUtils.java:logGet(44)) - raft.rpc.type = GRPC (default)
2020-12-17 02:12:32,524 [Listener at 127.0.0.1/37391] INFO  grpc.GrpcFactory (GrpcFactory.java:checkPooledByteBufAllocatorUseCacheForAllThreads(45)) - PERFORMANCE WARNING: useCacheForAllThreads is true that may cause Netty to create a lot garbage objects and, as a result, trigger GC.
	It is recommended to disable useCacheForAllThreads by setting -Dorg.apache.ratis.thirdparty.io.netty.allocator.useCacheForAllThreads=false in command line.
2020-12-17 02:12:32,524 [Listener at 127.0.0.1/37391] INFO  grpc.GrpcConfigKeys (ConfUtils.java:logGet(44)) - raft.grpc.server.port = 0 (default)
2020-12-17 02:12:32,524 [Listener at 127.0.0.1/37391] INFO  server.GrpcService (ConfUtils.java:logGet(44)) - raft.grpc.message.size.max = 32MB (=33554432) (custom)
2020-12-17 02:12:32,525 [Listener at 127.0.0.1/37391] INFO  server.RaftServerConfigKeys (ConfUtils.java:logGet(44)) - raft.server.log.appender.buffer.byte-limit = 33554432 (custom)
2020-12-17 02:12:32,525 [Listener at 127.0.0.1/37391] INFO  server.GrpcService (ConfUtils.java:logGet(44)) - raft.grpc.flow.control.window = 5MB (=5242880) (custom)
2020-12-17 02:12:32,525 [Listener at 127.0.0.1/37391] INFO  server.RaftServerConfigKeys (ConfUtils.java:logGet(44)) - raft.server.rpc.request.timeout = 60s (custom)
2020-12-17 02:12:32,526 [Listener at 127.0.0.1/37391] INFO  impl.DataStreamServerImpl (ConfUtils.java:logGet(44)) - raft.datastream.type = DISABLED (default)
2020-12-17 02:12:32,526 [Listener at 127.0.0.1/37391] INFO  server.RaftServerConfigKeys (ConfUtils.java:logGet(44)) - raft.server.storage.dir = [/github/workspace/mnt/ozone/hadoop-ozone/integration-test/target/test-dir/MiniOzoneClusterImpl-2a381d17-8836-40f3-94ec-0b892e5c06e0/datanode-0/data/ratis] (custom)
2020-12-17 02:12:32,530 [Listener at 127.0.0.1/37391] INFO  http.BaseHttpServer (BaseHttpServer.java:newHttpServer2BuilderForOzone(207)) - Starting Web-server for hddsDatanode at: http://0.0.0.0:0
2020-12-17 02:12:32,531 [Listener at 127.0.0.1/37391] INFO  http.BaseHttpServer (BaseHttpServer.java:<init>(106)) - Hadoop Security Enabled: false Ozone Security Enabled: false Ozone HTTP Security Enabled: false 
2020-12-17 02:12:32,531 [Listener at 127.0.0.1/37391] INFO  server.AuthenticationFilter (AuthenticationFilter.java:constructSecretProvider(240)) - Unable to initialize FileSignerSecretProvider, falling back to use random secrets.
2020-12-17 02:12:32,532 [Listener at 127.0.0.1/37391] WARN  http.HttpRequestLog (HttpRequestLog.java:getRequestLog(103)) - Jetty request log can only be enabled using Log4j
2020-12-17 02:12:32,532 [Listener at 127.0.0.1/37391] INFO  http.HttpServer2 (HttpServer2.java:addGlobalFilter(1020)) - Added global filter 'safety' (class=org.apache.hadoop.hdds.server.http.HttpServer2$QuotingInputFilter)
2020-12-17 02:12:32,533 [Listener at 127.0.0.1/37391] INFO  http.HttpServer2 (HttpServer2.java:addFilter(996)) - Added filter static_user_filter (class=org.apache.hadoop.http.lib.StaticUserWebFilter$StaticUserFilter) to context hddsDatanode
2020-12-17 02:12:32,533 [Listener at 127.0.0.1/37391] INFO  http.HttpServer2 (HttpServer2.java:addFilter(1004)) - Added filter static_user_filter (class=org.apache.hadoop.http.lib.StaticUserWebFilter$StaticUserFilter) to context static
2020-12-17 02:12:32,533 [Listener at 127.0.0.1/37391] INFO  http.HttpServer2 (HttpServer2.java:addFilter(1004)) - Added filter static_user_filter (class=org.apache.hadoop.http.lib.StaticUserWebFilter$StaticUserFilter) to context logs
2020-12-17 02:12:32,533 [Listener at 127.0.0.1/37391] INFO  http.HttpServer2 (HttpServer2.java:bindListener(1238)) - Jetty bound to port 45973
2020-12-17 02:12:32,533 [Listener at 127.0.0.1/37391] INFO  server.Server (Server.java:doStart(375)) - jetty-9.4.34.v20201102; built: 2020-11-02T14:15:39.302Z; git: e46af88704a893fc12cb0e3bf46e2c7b48a009e7; jvm 1.8.0_232-b09
2020-12-17 02:12:32,534 [Listener at 127.0.0.1/37391] INFO  server.session (DefaultSessionIdManager.java:doStart(334)) - DefaultSessionIdManager workerName=node0
2020-12-17 02:12:32,535 [Listener at 127.0.0.1/37391] INFO  server.session (DefaultSessionIdManager.java:doStart(339)) - No SessionScavenger set, using defaults
2020-12-17 02:12:32,535 [Listener at 127.0.0.1/37391] INFO  server.session (HouseKeeper.java:startScavenging(132)) - node0 Scavenging every 600000ms
2020-12-17 02:12:32,535 [Listener at 127.0.0.1/37391] INFO  handler.ContextHandler (ContextHandler.java:doStart(916)) - Started o.e.j.s.ServletContextHandler@67288f31{logs,/logs,file:///github/workspace/mnt/ozone/hadoop-ozone/integration-test/target/log,AVAILABLE}
2020-12-17 02:12:32,536 [Listener at 127.0.0.1/37391] INFO  handler.ContextHandler (ContextHandler.java:doStart(916)) - Started o.e.j.s.ServletContextHandler@1970fca2{static,/static,jar:file:/home/user/.m2/repository/org/apache/hadoop/hadoop-hdds-container-service/1.1.0-SNAPSHOT/hadoop-hdds-container-service-1.1.0-SNAPSHOT.jar!/webapps/static,AVAILABLE}
2020-12-17 02:12:32,692 [Listener at 127.0.0.1/37391] INFO  handler.ContextHandler (ContextHandler.java:doStart(916)) - Started o.e.j.w.WebAppContext@382de41b{hddsDatanode,/,file:///tmp/jetty-0_0_0_0-45973-hadoop-hdds-container-service-1_1_0-SNAPSHOT_jar-_-any-6567443651962999935/webapp/,AVAILABLE}{jar:file:/home/user/.m2/repository/org/apache/hadoop/hadoop-hdds-container-service/1.1.0-SNAPSHOT/hadoop-hdds-container-service-1.1.0-SNAPSHOT.jar!/webapps/hddsDatanode}
2020-12-17 02:12:32,694 [Listener at 127.0.0.1/37391] INFO  server.AbstractConnector (AbstractConnector.java:doStart(331)) - Started ServerConnector@5344604d{HTTP/1.1, (http/1.1)}{0.0.0.0:45973}
2020-12-17 02:12:32,694 [Listener at 127.0.0.1/37391] INFO  server.Server (Server.java:doStart(415)) - Started @388906ms
2020-12-17 02:12:32,694 [Listener at 127.0.0.1/37391] WARN  impl.MetricsSystemImpl (MetricsSystemImpl.java:register(276)) - Sink prometheus already exists!
2020-12-17 02:12:32,698 [Listener at 127.0.0.1/37391] INFO  http.BaseHttpServer (BaseHttpServer.java:updateConnectorAddress(327)) - HTTP server of hddsDatanode listening at http://0.0.0.0:45973
2020-12-17 02:12:32,698 [Listener at 127.0.0.1/37391] INFO  impl.MetricsSystemImpl (MetricsSystemImpl.java:init(158)) - HddsDatanode metrics system started (again)
2020-12-17 02:12:32,700 [Listener at 127.0.0.1/37391] INFO  ozone.HddsDatanodeService (HddsDatanodeService.java:start(217)) - HddsDatanodeService host:89b9adae2c19 ip:172.17.0.2
2020-12-17 02:12:32,701 [Listener at 127.0.0.1/37391] INFO  volume.HddsVolume (HddsVolume.java:<init>(176)) - Creating Volume: /github/workspace/mnt/ozone/hadoop-ozone/integration-test/target/test-dir/MiniOzoneClusterImpl-2a381d17-8836-40f3-94ec-0b892e5c06e0/datanode-1/data-0/containers/hdds of storage type : DISK and capacity : 9223372036854775807
2020-12-17 02:12:32,701 [Listener at 127.0.0.1/37391] INFO  volume.MutableVolumeSet (MutableVolumeSet.java:initializeVolumeSet(179)) - Added Volume : /github/workspace/mnt/ozone/hadoop-ozone/integration-test/target/test-dir/MiniOzoneClusterImpl-2a381d17-8836-40f3-94ec-0b892e5c06e0/datanode-1/data-0/containers/hdds to VolumeSet
2020-12-17 02:12:32,701 [Listener at 127.0.0.1/37391] INFO  volume.ThrottledAsyncChecker (ThrottledAsyncChecker.java:schedule(141)) - Scheduling a check for /github/workspace/mnt/ozone/hadoop-ozone/integration-test/target/test-dir/MiniOzoneClusterImpl-2a381d17-8836-40f3-94ec-0b892e5c06e0/datanode-1/data-0/containers/hdds
2020-12-17 02:12:32,702 [org.apache.hadoop.util.JvmPauseMonitor$Monitor@74792f53] INFO  util.JvmPauseMonitor (JvmPauseMonitor.java:run(188)) - Starting JVM pause monitor
2020-12-17 02:12:32,702 [Listener at 127.0.0.1/37391] INFO  volume.HddsVolumeChecker (HddsVolumeChecker.java:checkAllVolumes(200)) - Scheduled health check for volume /github/workspace/mnt/ozone/hadoop-ozone/integration-test/target/test-dir/MiniOzoneClusterImpl-2a381d17-8836-40f3-94ec-0b892e5c06e0/datanode-1/data-0/containers/hdds
2020-12-17 02:12:32,704 [Datanode State Machine Task Thread - 0] INFO  datanode.InitDatanodeState (InitDatanodeState.java:persistContainerDatanodeDetails(145)) - DatanodeDetails is persisted to /github/workspace/mnt/ozone/hadoop-ozone/integration-test/target/test-dir/MiniOzoneClusterImpl-2a381d17-8836-40f3-94ec-0b892e5c06e0/datanode-0/meta/datanode.id
2020-12-17 02:12:32,715 [Thread-5636] INFO  ozoneimpl.ContainerReader (ContainerReader.java:readVolume(123)) - Start to verify containers on volume /github/workspace/mnt/ozone/hadoop-ozone/integration-test/target/test-dir/MiniOzoneClusterImpl-2a381d17-8836-40f3-94ec-0b892e5c06e0/datanode-1/data-0/containers/hdds
2020-12-17 02:12:32,715 [Thread-5636] INFO  ozoneimpl.ContainerReader (ContainerReader.java:readVolume(148)) - Finish verifying containers on volume /github/workspace/mnt/ozone/hadoop-ozone/integration-test/target/test-dir/MiniOzoneClusterImpl-2a381d17-8836-40f3-94ec-0b892e5c06e0/datanode-1/data-0/containers/hdds
2020-12-17 02:12:32,716 [Listener at 127.0.0.1/37391] INFO  ozoneimpl.OzoneContainer (OzoneContainer.java:buildContainerSet(194)) - Build ContainerSet costs 0s
2020-12-17 02:12:32,717 [Listener at 127.0.0.1/37391] INFO  impl.RaftServerProxy (ConfUtils.java:logGet(44)) - raft.rpc.type = GRPC (default)
2020-12-17 02:12:32,717 [Listener at 127.0.0.1/37391] INFO  grpc.GrpcFactory (GrpcFactory.java:checkPooledByteBufAllocatorUseCacheForAllThreads(45)) - PERFORMANCE WARNING: useCacheForAllThreads is true that may cause Netty to create a lot garbage objects and, as a result, trigger GC.
	It is recommended to disable useCacheForAllThreads by setting -Dorg.apache.ratis.thirdparty.io.netty.allocator.useCacheForAllThreads=false in command line.
2020-12-17 02:12:32,717 [Listener at 127.0.0.1/37391] INFO  grpc.GrpcConfigKeys (ConfUtils.java:logGet(44)) - raft.grpc.server.port = 0 (default)
2020-12-17 02:12:32,717 [Listener at 127.0.0.1/37391] INFO  server.GrpcService (ConfUtils.java:logGet(44)) - raft.grpc.message.size.max = 32MB (=33554432) (custom)
2020-12-17 02:12:32,717 [Listener at 127.0.0.1/37391] INFO  server.RaftServerConfigKeys (ConfUtils.java:logGet(44)) - raft.server.log.appender.buffer.byte-limit = 33554432 (custom)
2020-12-17 02:12:32,718 [Listener at 127.0.0.1/37391] INFO  server.GrpcService (ConfUtils.java:logGet(44)) - raft.grpc.flow.control.window = 5MB (=5242880) (custom)
2020-12-17 02:12:32,718 [Listener at 127.0.0.1/37391] INFO  server.RaftServerConfigKeys (ConfUtils.java:logGet(44)) - raft.server.rpc.request.timeout = 60s (custom)
2020-12-17 02:12:32,718 [Listener at 127.0.0.1/37391] INFO  impl.DataStreamServerImpl (ConfUtils.java:logGet(44)) - raft.datastream.type = DISABLED (default)
2020-12-17 02:12:32,719 [Listener at 127.0.0.1/37391] INFO  server.RaftServerConfigKeys (ConfUtils.java:logGet(44)) - raft.server.storage.dir = [/github/workspace/mnt/ozone/hadoop-ozone/integration-test/target/test-dir/MiniOzoneClusterImpl-2a381d17-8836-40f3-94ec-0b892e5c06e0/datanode-1/data/ratis] (custom)
2020-12-17 02:12:32,723 [Listener at 127.0.0.1/37391] INFO  http.BaseHttpServer (BaseHttpServer.java:newHttpServer2BuilderForOzone(207)) - Starting Web-server for hddsDatanode at: http://0.0.0.0:0
2020-12-17 02:12:32,723 [Listener at 127.0.0.1/37391] INFO  http.BaseHttpServer (BaseHttpServer.java:<init>(106)) - Hadoop Security Enabled: false Ozone Security Enabled: false Ozone HTTP Security Enabled: false 
2020-12-17 02:12:32,724 [Listener at 127.0.0.1/37391] INFO  server.AuthenticationFilter (AuthenticationFilter.java:constructSecretProvider(240)) - Unable to initialize FileSignerSecretProvider, falling back to use random secrets.
2020-12-17 02:12:32,724 [Listener at 127.0.0.1/37391] WARN  http.HttpRequestLog (HttpRequestLog.java:getRequestLog(103)) - Jetty request log can only be enabled using Log4j
2020-12-17 02:12:32,725 [Listener at 127.0.0.1/37391] INFO  http.HttpServer2 (HttpServer2.java:addGlobalFilter(1020)) - Added global filter 'safety' (class=org.apache.hadoop.hdds.server.http.HttpServer2$QuotingInputFilter)
2020-12-17 02:12:32,725 [Listener at 127.0.0.1/37391] INFO  http.HttpServer2 (HttpServer2.java:addFilter(996)) - Added filter static_user_filter (class=org.apache.hadoop.http.lib.StaticUserWebFilter$StaticUserFilter) to context hddsDatanode
2020-12-17 02:12:32,725 [Listener at 127.0.0.1/37391] INFO  http.HttpServer2 (HttpServer2.java:addFilter(1004)) - Added filter static_user_filter (class=org.apache.hadoop.http.lib.StaticUserWebFilter$StaticUserFilter) to context logs
2020-12-17 02:12:32,725 [Listener at 127.0.0.1/37391] INFO  http.HttpServer2 (HttpServer2.java:addFilter(1004)) - Added filter static_user_filter (class=org.apache.hadoop.http.lib.StaticUserWebFilter$StaticUserFilter) to context static
2020-12-17 02:12:32,726 [Listener at 127.0.0.1/37391] INFO  http.HttpServer2 (HttpServer2.java:bindListener(1238)) - Jetty bound to port 36045
2020-12-17 02:12:32,726 [Listener at 127.0.0.1/37391] INFO  server.Server (Server.java:doStart(375)) - jetty-9.4.34.v20201102; built: 2020-11-02T14:15:39.302Z; git: e46af88704a893fc12cb0e3bf46e2c7b48a009e7; jvm 1.8.0_232-b09
2020-12-17 02:12:32,727 [Listener at 127.0.0.1/37391] INFO  server.session (DefaultSessionIdManager.java:doStart(334)) - DefaultSessionIdManager workerName=node0
2020-12-17 02:12:32,727 [Listener at 127.0.0.1/37391] INFO  server.session (DefaultSessionIdManager.java:doStart(339)) - No SessionScavenger set, using defaults
2020-12-17 02:12:32,727 [Listener at 127.0.0.1/37391] INFO  server.session (HouseKeeper.java:startScavenging(132)) - node0 Scavenging every 600000ms
2020-12-17 02:12:32,728 [Listener at 127.0.0.1/37391] INFO  handler.ContextHandler (ContextHandler.java:doStart(916)) - Started o.e.j.s.ServletContextHandler@45eeea37{logs,/logs,file:///github/workspace/mnt/ozone/hadoop-ozone/integration-test/target/log,AVAILABLE}
2020-12-17 02:12:32,728 [Listener at 127.0.0.1/37391] INFO  handler.ContextHandler (ContextHandler.java:doStart(916)) - Started o.e.j.s.ServletContextHandler@4e637cdf{static,/static,jar:file:/home/user/.m2/repository/org/apache/hadoop/hadoop-hdds-container-service/1.1.0-SNAPSHOT/hadoop-hdds-container-service-1.1.0-SNAPSHOT.jar!/webapps/static,AVAILABLE}
2020-12-17 02:12:32,886 [Listener at 127.0.0.1/37391] INFO  handler.ContextHandler (ContextHandler.java:doStart(916)) - Started o.e.j.w.WebAppContext@45ca07cf{hddsDatanode,/,file:///tmp/jetty-0_0_0_0-36045-hadoop-hdds-container-service-1_1_0-SNAPSHOT_jar-_-any-2180960581974866769/webapp/,AVAILABLE}{jar:file:/home/user/.m2/repository/org/apache/hadoop/hadoop-hdds-container-service/1.1.0-SNAPSHOT/hadoop-hdds-container-service-1.1.0-SNAPSHOT.jar!/webapps/hddsDatanode}
2020-12-17 02:12:32,888 [Listener at 127.0.0.1/37391] INFO  server.AbstractConnector (AbstractConnector.java:doStart(331)) - Started ServerConnector@326312ac{HTTP/1.1, (http/1.1)}{0.0.0.0:36045}
2020-12-17 02:12:32,888 [Listener at 127.0.0.1/37391] INFO  server.Server (Server.java:doStart(415)) - Started @389099ms
2020-12-17 02:12:32,888 [Listener at 127.0.0.1/37391] WARN  impl.MetricsSystemImpl (MetricsSystemImpl.java:register(276)) - Sink prometheus already exists!
2020-12-17 02:12:32,891 [Listener at 127.0.0.1/37391] INFO  http.BaseHttpServer (BaseHttpServer.java:updateConnectorAddress(327)) - HTTP server of hddsDatanode listening at http://0.0.0.0:36045
2020-12-17 02:12:32,891 [Listener at 127.0.0.1/37391] INFO  impl.MetricsSystemImpl (MetricsSystemImpl.java:init(158)) - HddsDatanode metrics system started (again)
2020-12-17 02:12:32,893 [Listener at 127.0.0.1/37391] INFO  ozone.HddsDatanodeService (HddsDatanodeService.java:start(217)) - HddsDatanodeService host:89b9adae2c19 ip:172.17.0.2
2020-12-17 02:12:32,894 [org.apache.hadoop.util.JvmPauseMonitor$Monitor@517e7e19] INFO  util.JvmPauseMonitor (JvmPauseMonitor.java:run(188)) - Starting JVM pause monitor
2020-12-17 02:12:32,895 [Listener at 127.0.0.1/37391] INFO  volume.HddsVolume (HddsVolume.java:<init>(176)) - Creating Volume: /github/workspace/mnt/ozone/hadoop-ozone/integration-test/target/test-dir/MiniOzoneClusterImpl-2a381d17-8836-40f3-94ec-0b892e5c06e0/datanode-2/data-0/containers/hdds of storage type : DISK and capacity : 9223372036854775807
2020-12-17 02:12:32,895 [Datanode State Machine Task Thread - 0] INFO  datanode.InitDatanodeState (InitDatanodeState.java:persistContainerDatanodeDetails(145)) - DatanodeDetails is persisted to /github/workspace/mnt/ozone/hadoop-ozone/integration-test/target/test-dir/MiniOzoneClusterImpl-2a381d17-8836-40f3-94ec-0b892e5c06e0/datanode-1/meta/datanode.id
2020-12-17 02:12:32,895 [Listener at 127.0.0.1/37391] INFO  volume.MutableVolumeSet (MutableVolumeSet.java:initializeVolumeSet(179)) - Added Volume : /github/workspace/mnt/ozone/hadoop-ozone/integration-test/target/test-dir/MiniOzoneClusterImpl-2a381d17-8836-40f3-94ec-0b892e5c06e0/datanode-2/data-0/containers/hdds to VolumeSet
2020-12-17 02:12:32,895 [Listener at 127.0.0.1/37391] INFO  volume.ThrottledAsyncChecker (ThrottledAsyncChecker.java:schedule(141)) - Scheduling a check for /github/workspace/mnt/ozone/hadoop-ozone/integration-test/target/test-dir/MiniOzoneClusterImpl-2a381d17-8836-40f3-94ec-0b892e5c06e0/datanode-2/data-0/containers/hdds
2020-12-17 02:12:32,895 [Listener at 127.0.0.1/37391] INFO  volume.HddsVolumeChecker (HddsVolumeChecker.java:checkAllVolumes(200)) - Scheduled health check for volume /github/workspace/mnt/ozone/hadoop-ozone/integration-test/target/test-dir/MiniOzoneClusterImpl-2a381d17-8836-40f3-94ec-0b892e5c06e0/datanode-2/data-0/containers/hdds
2020-12-17 02:12:32,908 [Thread-5647] INFO  ozoneimpl.ContainerReader (ContainerReader.java:readVolume(123)) - Start to verify containers on volume /github/workspace/mnt/ozone/hadoop-ozone/integration-test/target/test-dir/MiniOzoneClusterImpl-2a381d17-8836-40f3-94ec-0b892e5c06e0/datanode-2/data-0/containers/hdds
2020-12-17 02:12:32,908 [Thread-5647] INFO  ozoneimpl.ContainerReader (ContainerReader.java:readVolume(148)) - Finish verifying containers on volume /github/workspace/mnt/ozone/hadoop-ozone/integration-test/target/test-dir/MiniOzoneClusterImpl-2a381d17-8836-40f3-94ec-0b892e5c06e0/datanode-2/data-0/containers/hdds
2020-12-17 02:12:32,908 [Listener at 127.0.0.1/37391] INFO  ozoneimpl.OzoneContainer (OzoneContainer.java:buildContainerSet(194)) - Build ContainerSet costs 0s
2020-12-17 02:12:32,909 [Listener at 127.0.0.1/37391] INFO  impl.RaftServerProxy (ConfUtils.java:logGet(44)) - raft.rpc.type = GRPC (default)
2020-12-17 02:12:32,909 [Listener at 127.0.0.1/37391] INFO  grpc.GrpcFactory (GrpcFactory.java:checkPooledByteBufAllocatorUseCacheForAllThreads(45)) - PERFORMANCE WARNING: useCacheForAllThreads is true that may cause Netty to create a lot garbage objects and, as a result, trigger GC.
	It is recommended to disable useCacheForAllThreads by setting -Dorg.apache.ratis.thirdparty.io.netty.allocator.useCacheForAllThreads=false in command line.
2020-12-17 02:12:32,909 [Listener at 127.0.0.1/37391] INFO  grpc.GrpcConfigKeys (ConfUtils.java:logGet(44)) - raft.grpc.server.port = 0 (default)
2020-12-17 02:12:32,910 [Listener at 127.0.0.1/37391] INFO  server.GrpcService (ConfUtils.java:logGet(44)) - raft.grpc.message.size.max = 32MB (=33554432) (custom)
2020-12-17 02:12:32,910 [Listener at 127.0.0.1/37391] INFO  server.RaftServerConfigKeys (ConfUtils.java:logGet(44)) - raft.server.log.appender.buffer.byte-limit = 33554432 (custom)
2020-12-17 02:12:32,910 [Listener at 127.0.0.1/37391] INFO  server.GrpcService (ConfUtils.java:logGet(44)) - raft.grpc.flow.control.window = 5MB (=5242880) (custom)
2020-12-17 02:12:32,910 [Listener at 127.0.0.1/37391] INFO  server.RaftServerConfigKeys (ConfUtils.java:logGet(44)) - raft.server.rpc.request.timeout = 60s (custom)
2020-12-17 02:12:32,911 [Listener at 127.0.0.1/37391] INFO  impl.DataStreamServerImpl (ConfUtils.java:logGet(44)) - raft.datastream.type = DISABLED (default)
2020-12-17 02:12:32,911 [Listener at 127.0.0.1/37391] INFO  server.RaftServerConfigKeys (ConfUtils.java:logGet(44)) - raft.server.storage.dir = [/github/workspace/mnt/ozone/hadoop-ozone/integration-test/target/test-dir/MiniOzoneClusterImpl-2a381d17-8836-40f3-94ec-0b892e5c06e0/datanode-2/data/ratis] (custom)
2020-12-17 02:12:32,915 [Listener at 127.0.0.1/37391] INFO  http.BaseHttpServer (BaseHttpServer.java:newHttpServer2BuilderForOzone(207)) - Starting Web-server for hddsDatanode at: http://0.0.0.0:0
2020-12-17 02:12:32,915 [Listener at 127.0.0.1/37391] INFO  http.BaseHttpServer (BaseHttpServer.java:<init>(106)) - Hadoop Security Enabled: false Ozone Security Enabled: false Ozone HTTP Security Enabled: false 
2020-12-17 02:12:32,916 [Listener at 127.0.0.1/37391] INFO  server.AuthenticationFilter (AuthenticationFilter.java:constructSecretProvider(240)) - Unable to initialize FileSignerSecretProvider, falling back to use random secrets.
2020-12-17 02:12:32,917 [Listener at 127.0.0.1/37391] WARN  http.HttpRequestLog (HttpRequestLog.java:getRequestLog(103)) - Jetty request log can only be enabled using Log4j
2020-12-17 02:12:32,917 [Listener at 127.0.0.1/37391] INFO  http.HttpServer2 (HttpServer2.java:addGlobalFilter(1020)) - Added global filter 'safety' (class=org.apache.hadoop.hdds.server.http.HttpServer2$QuotingInputFilter)
2020-12-17 02:12:32,918 [Listener at 127.0.0.1/37391] INFO  http.HttpServer2 (HttpServer2.java:addFilter(996)) - Added filter static_user_filter (class=org.apache.hadoop.http.lib.StaticUserWebFilter$StaticUserFilter) to context hddsDatanode
2020-12-17 02:12:32,918 [Listener at 127.0.0.1/37391] INFO  http.HttpServer2 (HttpServer2.java:addFilter(1004)) - Added filter static_user_filter (class=org.apache.hadoop.http.lib.StaticUserWebFilter$StaticUserFilter) to context static
2020-12-17 02:12:32,918 [Listener at 127.0.0.1/37391] INFO  http.HttpServer2 (HttpServer2.java:addFilter(1004)) - Added filter static_user_filter (class=org.apache.hadoop.http.lib.StaticUserWebFilter$StaticUserFilter) to context logs
2020-12-17 02:12:32,918 [Listener at 127.0.0.1/37391] INFO  http.HttpServer2 (HttpServer2.java:bindListener(1238)) - Jetty bound to port 38097
2020-12-17 02:12:32,919 [Listener at 127.0.0.1/37391] INFO  server.Server (Server.java:doStart(375)) - jetty-9.4.34.v20201102; built: 2020-11-02T14:15:39.302Z; git: e46af88704a893fc12cb0e3bf46e2c7b48a009e7; jvm 1.8.0_232-b09
2020-12-17 02:12:32,920 [Listener at 127.0.0.1/37391] INFO  server.session (DefaultSessionIdManager.java:doStart(334)) - DefaultSessionIdManager workerName=node0
2020-12-17 02:12:32,920 [Listener at 127.0.0.1/37391] INFO  server.session (DefaultSessionIdManager.java:doStart(339)) - No SessionScavenger set, using defaults
2020-12-17 02:12:32,920 [Listener at 127.0.0.1/37391] INFO  server.session (HouseKeeper.java:startScavenging(132)) - node0 Scavenging every 660000ms
2020-12-17 02:12:32,921 [Listener at 127.0.0.1/37391] INFO  handler.ContextHandler (ContextHandler.java:doStart(916)) - Started o.e.j.s.ServletContextHandler@7e1b80d3{logs,/logs,file:///github/workspace/mnt/ozone/hadoop-ozone/integration-test/target/log,AVAILABLE}
2020-12-17 02:12:32,921 [Listener at 127.0.0.1/37391] INFO  handler.ContextHandler (ContextHandler.java:doStart(916)) - Started o.e.j.s.ServletContextHandler@50d01924{static,/static,jar:file:/home/user/.m2/repository/org/apache/hadoop/hadoop-hdds-container-service/1.1.0-SNAPSHOT/hadoop-hdds-container-service-1.1.0-SNAPSHOT.jar!/webapps/static,AVAILABLE}
2020-12-17 02:12:33,087 [Listener at 127.0.0.1/37391] INFO  handler.ContextHandler (ContextHandler.java:doStart(916)) - Started o.e.j.w.WebAppContext@36901f79{hddsDatanode,/,file:///tmp/jetty-0_0_0_0-38097-hadoop-hdds-container-service-1_1_0-SNAPSHOT_jar-_-any-3458476598155430783/webapp/,AVAILABLE}{jar:file:/home/user/.m2/repository/org/apache/hadoop/hadoop-hdds-container-service/1.1.0-SNAPSHOT/hadoop-hdds-container-service-1.1.0-SNAPSHOT.jar!/webapps/hddsDatanode}
2020-12-17 02:12:33,089 [Listener at 127.0.0.1/37391] INFO  server.AbstractConnector (AbstractConnector.java:doStart(331)) - Started ServerConnector@376fd14f{HTTP/1.1, (http/1.1)}{0.0.0.0:38097}
2020-12-17 02:12:33,089 [Listener at 127.0.0.1/37391] INFO  server.Server (Server.java:doStart(415)) - Started @389301ms
2020-12-17 02:12:33,089 [Listener at 127.0.0.1/37391] WARN  impl.MetricsSystemImpl (MetricsSystemImpl.java:register(276)) - Sink prometheus already exists!
2020-12-17 02:12:33,092 [Listener at 127.0.0.1/37391] INFO  http.BaseHttpServer (BaseHttpServer.java:updateConnectorAddress(327)) - HTTP server of hddsDatanode listening at http://0.0.0.0:38097
2020-12-17 02:12:33,093 [Listener at 127.0.0.1/37391] INFO  impl.MetricsSystemImpl (MetricsSystemImpl.java:init(158)) - HddsDatanode metrics system started (again)
2020-12-17 02:12:33,095 [Listener at 127.0.0.1/37391] INFO  ozone.HddsDatanodeService (HddsDatanodeService.java:start(217)) - HddsDatanodeService host:89b9adae2c19 ip:172.17.0.2
2020-12-17 02:12:33,098 [org.apache.hadoop.util.JvmPauseMonitor$Monitor@6cf7c879] INFO  util.JvmPauseMonitor (JvmPauseMonitor.java:run(188)) - Starting JVM pause monitor
2020-12-17 02:12:33,098 [Listener at 127.0.0.1/37391] INFO  volume.HddsVolume (HddsVolume.java:<init>(176)) - Creating Volume: /github/workspace/mnt/ozone/hadoop-ozone/integration-test/target/test-dir/MiniOzoneClusterImpl-2a381d17-8836-40f3-94ec-0b892e5c06e0/datanode-3/data-0/containers/hdds of storage type : DISK and capacity : 9223372036854775807
2020-12-17 02:12:33,098 [Listener at 127.0.0.1/37391] INFO  volume.MutableVolumeSet (MutableVolumeSet.java:initializeVolumeSet(179)) - Added Volume : /github/workspace/mnt/ozone/hadoop-ozone/integration-test/target/test-dir/MiniOzoneClusterImpl-2a381d17-8836-40f3-94ec-0b892e5c06e0/datanode-3/data-0/containers/hdds to VolumeSet
2020-12-17 02:12:33,098 [Datanode State Machine Task Thread - 0] INFO  datanode.InitDatanodeState (InitDatanodeState.java:persistContainerDatanodeDetails(145)) - DatanodeDetails is persisted to /github/workspace/mnt/ozone/hadoop-ozone/integration-test/target/test-dir/MiniOzoneClusterImpl-2a381d17-8836-40f3-94ec-0b892e5c06e0/datanode-2/meta/datanode.id
2020-12-17 02:12:33,098 [Listener at 127.0.0.1/37391] INFO  volume.ThrottledAsyncChecker (ThrottledAsyncChecker.java:schedule(141)) - Scheduling a check for /github/workspace/mnt/ozone/hadoop-ozone/integration-test/target/test-dir/MiniOzoneClusterImpl-2a381d17-8836-40f3-94ec-0b892e5c06e0/datanode-3/data-0/containers/hdds
2020-12-17 02:12:33,099 [Listener at 127.0.0.1/37391] INFO  volume.HddsVolumeChecker (HddsVolumeChecker.java:checkAllVolumes(200)) - Scheduled health check for volume /github/workspace/mnt/ozone/hadoop-ozone/integration-test/target/test-dir/MiniOzoneClusterImpl-2a381d17-8836-40f3-94ec-0b892e5c06e0/datanode-3/data-0/containers/hdds
2020-12-17 02:12:33,113 [Thread-5658] INFO  ozoneimpl.ContainerReader (ContainerReader.java:readVolume(123)) - Start to verify containers on volume /github/workspace/mnt/ozone/hadoop-ozone/integration-test/target/test-dir/MiniOzoneClusterImpl-2a381d17-8836-40f3-94ec-0b892e5c06e0/datanode-3/data-0/containers/hdds
2020-12-17 02:12:33,113 [Thread-5658] INFO  ozoneimpl.ContainerReader (ContainerReader.java:readVolume(148)) - Finish verifying containers on volume /github/workspace/mnt/ozone/hadoop-ozone/integration-test/target/test-dir/MiniOzoneClusterImpl-2a381d17-8836-40f3-94ec-0b892e5c06e0/datanode-3/data-0/containers/hdds
2020-12-17 02:12:33,113 [Listener at 127.0.0.1/37391] INFO  ozoneimpl.OzoneContainer (OzoneContainer.java:buildContainerSet(194)) - Build ContainerSet costs 0s
2020-12-17 02:12:33,115 [Listener at 127.0.0.1/37391] INFO  impl.RaftServerProxy (ConfUtils.java:logGet(44)) - raft.rpc.type = GRPC (default)
2020-12-17 02:12:33,115 [Listener at 127.0.0.1/37391] INFO  grpc.GrpcFactory (GrpcFactory.java:checkPooledByteBufAllocatorUseCacheForAllThreads(45)) - PERFORMANCE WARNING: useCacheForAllThreads is true that may cause Netty to create a lot garbage objects and, as a result, trigger GC.
	It is recommended to disable useCacheForAllThreads by setting -Dorg.apache.ratis.thirdparty.io.netty.allocator.useCacheForAllThreads=false in command line.
2020-12-17 02:12:33,115 [Listener at 127.0.0.1/37391] INFO  grpc.GrpcConfigKeys (ConfUtils.java:logGet(44)) - raft.grpc.server.port = 0 (default)
2020-12-17 02:12:33,115 [Listener at 127.0.0.1/37391] INFO  server.GrpcService (ConfUtils.java:logGet(44)) - raft.grpc.message.size.max = 32MB (=33554432) (custom)
2020-12-17 02:12:33,115 [Listener at 127.0.0.1/37391] INFO  server.RaftServerConfigKeys (ConfUtils.java:logGet(44)) - raft.server.log.appender.buffer.byte-limit = 33554432 (custom)
2020-12-17 02:12:33,115 [Listener at 127.0.0.1/37391] INFO  server.GrpcService (ConfUtils.java:logGet(44)) - raft.grpc.flow.control.window = 5MB (=5242880) (custom)
2020-12-17 02:12:33,116 [Listener at 127.0.0.1/37391] INFO  server.RaftServerConfigKeys (ConfUtils.java:logGet(44)) - raft.server.rpc.request.timeout = 60s (custom)
2020-12-17 02:12:33,116 [Listener at 127.0.0.1/37391] INFO  impl.DataStreamServerImpl (ConfUtils.java:logGet(44)) - raft.datastream.type = DISABLED (default)
2020-12-17 02:12:33,117 [Listener at 127.0.0.1/37391] INFO  server.RaftServerConfigKeys (ConfUtils.java:logGet(44)) - raft.server.storage.dir = [/github/workspace/mnt/ozone/hadoop-ozone/integration-test/target/test-dir/MiniOzoneClusterImpl-2a381d17-8836-40f3-94ec-0b892e5c06e0/datanode-3/data/ratis] (custom)
2020-12-17 02:12:33,121 [Listener at 127.0.0.1/37391] INFO  http.BaseHttpServer (BaseHttpServer.java:newHttpServer2BuilderForOzone(207)) - Starting Web-server for hddsDatanode at: http://0.0.0.0:0
2020-12-17 02:12:33,121 [Listener at 127.0.0.1/37391] INFO  http.BaseHttpServer (BaseHttpServer.java:<init>(106)) - Hadoop Security Enabled: false Ozone Security Enabled: false Ozone HTTP Security Enabled: false 
2020-12-17 02:12:33,122 [Listener at 127.0.0.1/37391] INFO  server.AuthenticationFilter (AuthenticationFilter.java:constructSecretProvider(240)) - Unable to initialize FileSignerSecretProvider, falling back to use random secrets.
2020-12-17 02:12:33,124 [Listener at 127.0.0.1/37391] WARN  http.HttpRequestLog (HttpRequestLog.java:getRequestLog(103)) - Jetty request log can only be enabled using Log4j
2020-12-17 02:12:33,124 [Listener at 127.0.0.1/37391] INFO  http.HttpServer2 (HttpServer2.java:addGlobalFilter(1020)) - Added global filter 'safety' (class=org.apache.hadoop.hdds.server.http.HttpServer2$QuotingInputFilter)
2020-12-17 02:12:33,125 [Listener at 127.0.0.1/37391] INFO  http.HttpServer2 (HttpServer2.java:addFilter(996)) - Added filter static_user_filter (class=org.apache.hadoop.http.lib.StaticUserWebFilter$StaticUserFilter) to context hddsDatanode
2020-12-17 02:12:33,125 [Listener at 127.0.0.1/37391] INFO  http.HttpServer2 (HttpServer2.java:addFilter(1004)) - Added filter static_user_filter (class=org.apache.hadoop.http.lib.StaticUserWebFilter$StaticUserFilter) to context static
2020-12-17 02:12:33,125 [Listener at 127.0.0.1/37391] INFO  http.HttpServer2 (HttpServer2.java:addFilter(1004)) - Added filter static_user_filter (class=org.apache.hadoop.http.lib.StaticUserWebFilter$StaticUserFilter) to context logs
2020-12-17 02:12:33,125 [Listener at 127.0.0.1/37391] INFO  http.HttpServer2 (HttpServer2.java:bindListener(1238)) - Jetty bound to port 33717
2020-12-17 02:12:33,126 [Listener at 127.0.0.1/37391] INFO  server.Server (Server.java:doStart(375)) - jetty-9.4.34.v20201102; built: 2020-11-02T14:15:39.302Z; git: e46af88704a893fc12cb0e3bf46e2c7b48a009e7; jvm 1.8.0_232-b09
2020-12-17 02:12:33,127 [Listener at 127.0.0.1/37391] INFO  server.session (DefaultSessionIdManager.java:doStart(334)) - DefaultSessionIdManager workerName=node0
2020-12-17 02:12:33,127 [Listener at 127.0.0.1/37391] INFO  server.session (DefaultSessionIdManager.java:doStart(339)) - No SessionScavenger set, using defaults
2020-12-17 02:12:33,127 [Listener at 127.0.0.1/37391] INFO  server.session (HouseKeeper.java:startScavenging(132)) - node0 Scavenging every 600000ms
2020-12-17 02:12:33,128 [Listener at 127.0.0.1/37391] INFO  handler.ContextHandler (ContextHandler.java:doStart(916)) - Started o.e.j.s.ServletContextHandler@4bf6e483{logs,/logs,file:///github/workspace/mnt/ozone/hadoop-ozone/integration-test/target/log,AVAILABLE}
2020-12-17 02:12:33,128 [Listener at 127.0.0.1/37391] INFO  handler.ContextHandler (ContextHandler.java:doStart(916)) - Started o.e.j.s.ServletContextHandler@2b3af7ba{static,/static,jar:file:/home/user/.m2/repository/org/apache/hadoop/hadoop-hdds-container-service/1.1.0-SNAPSHOT/hadoop-hdds-container-service-1.1.0-SNAPSHOT.jar!/webapps/static,AVAILABLE}
2020-12-17 02:12:33,287 [Listener at 127.0.0.1/37391] INFO  handler.ContextHandler (ContextHandler.java:doStart(916)) - Started o.e.j.w.WebAppContext@4467fbd8{hddsDatanode,/,file:///tmp/jetty-0_0_0_0-33717-hadoop-hdds-container-service-1_1_0-SNAPSHOT_jar-_-any-7204462116051723730/webapp/,AVAILABLE}{jar:file:/home/user/.m2/repository/org/apache/hadoop/hadoop-hdds-container-service/1.1.0-SNAPSHOT/hadoop-hdds-container-service-1.1.0-SNAPSHOT.jar!/webapps/hddsDatanode}
2020-12-17 02:12:33,288 [Listener at 127.0.0.1/37391] INFO  server.AbstractConnector (AbstractConnector.java:doStart(331)) - Started ServerConnector@7c457099{HTTP/1.1, (http/1.1)}{0.0.0.0:33717}
2020-12-17 02:12:33,289 [Listener at 127.0.0.1/37391] INFO  server.Server (Server.java:doStart(415)) - Started @389500ms
2020-12-17 02:12:33,289 [Listener at 127.0.0.1/37391] WARN  impl.MetricsSystemImpl (MetricsSystemImpl.java:register(276)) - Sink prometheus already exists!
2020-12-17 02:12:33,292 [Listener at 127.0.0.1/37391] INFO  http.BaseHttpServer (BaseHttpServer.java:updateConnectorAddress(327)) - HTTP server of hddsDatanode listening at http://0.0.0.0:33717
2020-12-17 02:12:33,293 [Listener at 127.0.0.1/37391] INFO  impl.MetricsSystemImpl (MetricsSystemImpl.java:init(158)) - HddsDatanode metrics system started (again)
2020-12-17 02:12:33,295 [Listener at 127.0.0.1/37391] INFO  ozone.HddsDatanodeService (HddsDatanodeService.java:start(217)) - HddsDatanodeService host:89b9adae2c19 ip:172.17.0.2
2020-12-17 02:12:33,295 [org.apache.hadoop.util.JvmPauseMonitor$Monitor@4ac80aaa] INFO  util.JvmPauseMonitor (JvmPauseMonitor.java:run(188)) - Starting JVM pause monitor
2020-12-17 02:12:33,296 [Listener at 127.0.0.1/37391] INFO  volume.HddsVolume (HddsVolume.java:<init>(176)) - Creating Volume: /github/workspace/mnt/ozone/hadoop-ozone/integration-test/target/test-dir/MiniOzoneClusterImpl-2a381d17-8836-40f3-94ec-0b892e5c06e0/datanode-4/data-0/containers/hdds of storage type : DISK and capacity : 9223372036854775807
2020-12-17 02:12:33,296 [Listener at 127.0.0.1/37391] INFO  volume.MutableVolumeSet (MutableVolumeSet.java:initializeVolumeSet(179)) - Added Volume : /github/workspace/mnt/ozone/hadoop-ozone/integration-test/target/test-dir/MiniOzoneClusterImpl-2a381d17-8836-40f3-94ec-0b892e5c06e0/datanode-4/data-0/containers/hdds to VolumeSet
2020-12-17 02:12:33,296 [Listener at 127.0.0.1/37391] INFO  volume.ThrottledAsyncChecker (ThrottledAsyncChecker.java:schedule(141)) - Scheduling a check for /github/workspace/mnt/ozone/hadoop-ozone/integration-test/target/test-dir/MiniOzoneClusterImpl-2a381d17-8836-40f3-94ec-0b892e5c06e0/datanode-4/data-0/containers/hdds
2020-12-17 02:12:33,297 [Listener at 127.0.0.1/37391] INFO  volume.HddsVolumeChecker (HddsVolumeChecker.java:checkAllVolumes(200)) - Scheduled health check for volume /github/workspace/mnt/ozone/hadoop-ozone/integration-test/target/test-dir/MiniOzoneClusterImpl-2a381d17-8836-40f3-94ec-0b892e5c06e0/datanode-4/data-0/containers/hdds
2020-12-17 02:12:33,300 [Datanode State Machine Task Thread - 0] INFO  datanode.InitDatanodeState (InitDatanodeState.java:persistContainerDatanodeDetails(145)) - DatanodeDetails is persisted to /github/workspace/mnt/ozone/hadoop-ozone/integration-test/target/test-dir/MiniOzoneClusterImpl-2a381d17-8836-40f3-94ec-0b892e5c06e0/datanode-3/meta/datanode.id
2020-12-17 02:12:33,310 [Thread-5669] INFO  ozoneimpl.ContainerReader (ContainerReader.java:readVolume(123)) - Start to verify containers on volume /github/workspace/mnt/ozone/hadoop-ozone/integration-test/target/test-dir/MiniOzoneClusterImpl-2a381d17-8836-40f3-94ec-0b892e5c06e0/datanode-4/data-0/containers/hdds
2020-12-17 02:12:33,310 [Thread-5669] INFO  ozoneimpl.ContainerReader (ContainerReader.java:readVolume(148)) - Finish verifying containers on volume /github/workspace/mnt/ozone/hadoop-ozone/integration-test/target/test-dir/MiniOzoneClusterImpl-2a381d17-8836-40f3-94ec-0b892e5c06e0/datanode-4/data-0/containers/hdds
2020-12-17 02:12:33,310 [Listener at 127.0.0.1/37391] INFO  ozoneimpl.OzoneContainer (OzoneContainer.java:buildContainerSet(194)) - Build ContainerSet costs 0s
2020-12-17 02:12:33,311 [Listener at 127.0.0.1/37391] INFO  impl.RaftServerProxy (ConfUtils.java:logGet(44)) - raft.rpc.type = GRPC (default)
2020-12-17 02:12:33,311 [Listener at 127.0.0.1/37391] INFO  grpc.GrpcFactory (GrpcFactory.java:checkPooledByteBufAllocatorUseCacheForAllThreads(45)) - PERFORMANCE WARNING: useCacheForAllThreads is true that may cause Netty to create a lot garbage objects and, as a result, trigger GC.
	It is recommended to disable useCacheForAllThreads by setting -Dorg.apache.ratis.thirdparty.io.netty.allocator.useCacheForAllThreads=false in command line.
2020-12-17 02:12:33,312 [Listener at 127.0.0.1/37391] INFO  grpc.GrpcConfigKeys (ConfUtils.java:logGet(44)) - raft.grpc.server.port = 0 (default)
2020-12-17 02:12:33,312 [Listener at 127.0.0.1/37391] INFO  server.GrpcService (ConfUtils.java:logGet(44)) - raft.grpc.message.size.max = 32MB (=33554432) (custom)
2020-12-17 02:12:33,312 [Listener at 127.0.0.1/37391] INFO  server.RaftServerConfigKeys (ConfUtils.java:logGet(44)) - raft.server.log.appender.buffer.byte-limit = 33554432 (custom)
2020-12-17 02:12:33,312 [Listener at 127.0.0.1/37391] INFO  server.GrpcService (ConfUtils.java:logGet(44)) - raft.grpc.flow.control.window = 5MB (=5242880) (custom)
2020-12-17 02:12:33,312 [Listener at 127.0.0.1/37391] INFO  server.RaftServerConfigKeys (ConfUtils.java:logGet(44)) - raft.server.rpc.request.timeout = 60s (custom)
2020-12-17 02:12:33,313 [Listener at 127.0.0.1/37391] INFO  impl.DataStreamServerImpl (ConfUtils.java:logGet(44)) - raft.datastream.type = DISABLED (default)
2020-12-17 02:12:33,313 [Listener at 127.0.0.1/37391] INFO  server.RaftServerConfigKeys (ConfUtils.java:logGet(44)) - raft.server.storage.dir = [/github/workspace/mnt/ozone/hadoop-ozone/integration-test/target/test-dir/MiniOzoneClusterImpl-2a381d17-8836-40f3-94ec-0b892e5c06e0/datanode-4/data/ratis] (custom)
2020-12-17 02:12:33,317 [Listener at 127.0.0.1/37391] INFO  http.BaseHttpServer (BaseHttpServer.java:newHttpServer2BuilderForOzone(207)) - Starting Web-server for hddsDatanode at: http://0.0.0.0:0
2020-12-17 02:12:33,318 [Listener at 127.0.0.1/37391] INFO  http.BaseHttpServer (BaseHttpServer.java:<init>(106)) - Hadoop Security Enabled: false Ozone Security Enabled: false Ozone HTTP Security Enabled: false 
2020-12-17 02:12:33,319 [Listener at 127.0.0.1/37391] INFO  server.AuthenticationFilter (AuthenticationFilter.java:constructSecretProvider(240)) - Unable to initialize FileSignerSecretProvider, falling back to use random secrets.
2020-12-17 02:12:33,319 [Listener at 127.0.0.1/37391] WARN  http.HttpRequestLog (HttpRequestLog.java:getRequestLog(103)) - Jetty request log can only be enabled using Log4j
2020-12-17 02:12:33,321 [Listener at 127.0.0.1/37391] INFO  http.HttpServer2 (HttpServer2.java:addGlobalFilter(1020)) - Added global filter 'safety' (class=org.apache.hadoop.hdds.server.http.HttpServer2$QuotingInputFilter)
2020-12-17 02:12:33,321 [Listener at 127.0.0.1/37391] INFO  http.HttpServer2 (HttpServer2.java:addFilter(996)) - Added filter static_user_filter (class=org.apache.hadoop.http.lib.StaticUserWebFilter$StaticUserFilter) to context hddsDatanode
2020-12-17 02:12:33,321 [Listener at 127.0.0.1/37391] INFO  http.HttpServer2 (HttpServer2.java:addFilter(1004)) - Added filter static_user_filter (class=org.apache.hadoop.http.lib.StaticUserWebFilter$StaticUserFilter) to context static
2020-12-17 02:12:33,322 [Listener at 127.0.0.1/37391] INFO  http.HttpServer2 (HttpServer2.java:addFilter(1004)) - Added filter static_user_filter (class=org.apache.hadoop.http.lib.StaticUserWebFilter$StaticUserFilter) to context logs
2020-12-17 02:12:33,322 [Listener at 127.0.0.1/37391] INFO  http.HttpServer2 (HttpServer2.java:bindListener(1238)) - Jetty bound to port 39871
2020-12-17 02:12:33,322 [Listener at 127.0.0.1/37391] INFO  server.Server (Server.java:doStart(375)) - jetty-9.4.34.v20201102; built: 2020-11-02T14:15:39.302Z; git: e46af88704a893fc12cb0e3bf46e2c7b48a009e7; jvm 1.8.0_232-b09
2020-12-17 02:12:33,323 [Listener at 127.0.0.1/37391] INFO  server.session (DefaultSessionIdManager.java:doStart(334)) - DefaultSessionIdManager workerName=node0
2020-12-17 02:12:33,324 [Listener at 127.0.0.1/37391] INFO  server.session (DefaultSessionIdManager.java:doStart(339)) - No SessionScavenger set, using defaults
2020-12-17 02:12:33,324 [Listener at 127.0.0.1/37391] INFO  server.session (HouseKeeper.java:startScavenging(132)) - node0 Scavenging every 660000ms
2020-12-17 02:12:33,324 [Listener at 127.0.0.1/37391] INFO  handler.ContextHandler (ContextHandler.java:doStart(916)) - Started o.e.j.s.ServletContextHandler@18690d13{logs,/logs,file:///github/workspace/mnt/ozone/hadoop-ozone/integration-test/target/log,AVAILABLE}
2020-12-17 02:12:33,325 [Listener at 127.0.0.1/37391] INFO  handler.ContextHandler (ContextHandler.java:doStart(916)) - Started o.e.j.s.ServletContextHandler@22395d00{static,/static,jar:file:/home/user/.m2/repository/org/apache/hadoop/hadoop-hdds-container-service/1.1.0-SNAPSHOT/hadoop-hdds-container-service-1.1.0-SNAPSHOT.jar!/webapps/static,AVAILABLE}
2020-12-17 02:12:33,488 [Listener at 127.0.0.1/37391] INFO  handler.ContextHandler (ContextHandler.java:doStart(916)) - Started o.e.j.w.WebAppContext@651665e5{hddsDatanode,/,file:///tmp/jetty-0_0_0_0-39871-hadoop-hdds-container-service-1_1_0-SNAPSHOT_jar-_-any-5335283329700902118/webapp/,AVAILABLE}{jar:file:/home/user/.m2/repository/org/apache/hadoop/hadoop-hdds-container-service/1.1.0-SNAPSHOT/hadoop-hdds-container-service-1.1.0-SNAPSHOT.jar!/webapps/hddsDatanode}
2020-12-17 02:12:33,490 [Listener at 127.0.0.1/37391] INFO  server.AbstractConnector (AbstractConnector.java:doStart(331)) - Started ServerConnector@522ef462{HTTP/1.1, (http/1.1)}{0.0.0.0:39871}
2020-12-17 02:12:33,491 [Listener at 127.0.0.1/37391] INFO  server.Server (Server.java:doStart(415)) - Started @389702ms
2020-12-17 02:12:33,491 [Listener at 127.0.0.1/37391] WARN  impl.MetricsSystemImpl (MetricsSystemImpl.java:register(276)) - Sink prometheus already exists!
2020-12-17 02:12:33,494 [Listener at 127.0.0.1/37391] INFO  http.BaseHttpServer (BaseHttpServer.java:updateConnectorAddress(327)) - HTTP server of hddsDatanode listening at http://0.0.0.0:39871
2020-12-17 02:12:33,494 [Listener at 127.0.0.1/37391] INFO  impl.MetricsSystemImpl (MetricsSystemImpl.java:init(158)) - HddsDatanode metrics system started (again)
2020-12-17 02:12:33,497 [Listener at 127.0.0.1/37391] INFO  ozone.HddsDatanodeService (HddsDatanodeService.java:start(217)) - HddsDatanodeService host:89b9adae2c19 ip:172.17.0.2
2020-12-17 02:12:33,502 [org.apache.hadoop.util.JvmPauseMonitor$Monitor@63865ef6] INFO  util.JvmPauseMonitor (JvmPauseMonitor.java:run(188)) - Starting JVM pause monitor
2020-12-17 02:12:33,502 [Datanode State Machine Task Thread - 0] INFO  datanode.InitDatanodeState (InitDatanodeState.java:persistContainerDatanodeDetails(145)) - DatanodeDetails is persisted to /github/workspace/mnt/ozone/hadoop-ozone/integration-test/target/test-dir/MiniOzoneClusterImpl-2a381d17-8836-40f3-94ec-0b892e5c06e0/datanode-4/meta/datanode.id
2020-12-17 02:12:33,503 [Listener at 127.0.0.1/37391] INFO  volume.HddsVolume (HddsVolume.java:<init>(176)) - Creating Volume: /github/workspace/mnt/ozone/hadoop-ozone/integration-test/target/test-dir/MiniOzoneClusterImpl-2a381d17-8836-40f3-94ec-0b892e5c06e0/datanode-5/data-0/containers/hdds of storage type : DISK and capacity : 9223372036854775807
2020-12-17 02:12:33,503 [Listener at 127.0.0.1/37391] INFO  volume.MutableVolumeSet (MutableVolumeSet.java:initializeVolumeSet(179)) - Added Volume : /github/workspace/mnt/ozone/hadoop-ozone/integration-test/target/test-dir/MiniOzoneClusterImpl-2a381d17-8836-40f3-94ec-0b892e5c06e0/datanode-5/data-0/containers/hdds to VolumeSet
2020-12-17 02:12:33,503 [Listener at 127.0.0.1/37391] INFO  volume.ThrottledAsyncChecker (ThrottledAsyncChecker.java:schedule(141)) - Scheduling a check for /github/workspace/mnt/ozone/hadoop-ozone/integration-test/target/test-dir/MiniOzoneClusterImpl-2a381d17-8836-40f3-94ec-0b892e5c06e0/datanode-5/data-0/containers/hdds
2020-12-17 02:12:33,504 [Listener at 127.0.0.1/37391] INFO  volume.HddsVolumeChecker (HddsVolumeChecker.java:checkAllVolumes(200)) - Scheduled health check for volume /github/workspace/mnt/ozone/hadoop-ozone/integration-test/target/test-dir/MiniOzoneClusterImpl-2a381d17-8836-40f3-94ec-0b892e5c06e0/datanode-5/data-0/containers/hdds
2020-12-17 02:12:33,516 [Thread-5680] INFO  ozoneimpl.ContainerReader (ContainerReader.java:readVolume(123)) - Start to verify containers on volume /github/workspace/mnt/ozone/hadoop-ozone/integration-test/target/test-dir/MiniOzoneClusterImpl-2a381d17-8836-40f3-94ec-0b892e5c06e0/datanode-5/data-0/containers/hdds
2020-12-17 02:12:33,516 [Thread-5680] INFO  ozoneimpl.ContainerReader (ContainerReader.java:readVolume(148)) - Finish verifying containers on volume /github/workspace/mnt/ozone/hadoop-ozone/integration-test/target/test-dir/MiniOzoneClusterImpl-2a381d17-8836-40f3-94ec-0b892e5c06e0/datanode-5/data-0/containers/hdds
2020-12-17 02:12:33,516 [Listener at 127.0.0.1/37391] INFO  ozoneimpl.OzoneContainer (OzoneContainer.java:buildContainerSet(194)) - Build ContainerSet costs 0s
2020-12-17 02:12:33,518 [Listener at 127.0.0.1/37391] INFO  impl.RaftServerProxy (ConfUtils.java:logGet(44)) - raft.rpc.type = GRPC (default)
2020-12-17 02:12:33,518 [Listener at 127.0.0.1/37391] INFO  grpc.GrpcFactory (GrpcFactory.java:checkPooledByteBufAllocatorUseCacheForAllThreads(45)) - PERFORMANCE WARNING: useCacheForAllThreads is true that may cause Netty to create a lot garbage objects and, as a result, trigger GC.
	It is recommended to disable useCacheForAllThreads by setting -Dorg.apache.ratis.thirdparty.io.netty.allocator.useCacheForAllThreads=false in command line.
2020-12-17 02:12:33,518 [Listener at 127.0.0.1/37391] INFO  grpc.GrpcConfigKeys (ConfUtils.java:logGet(44)) - raft.grpc.server.port = 0 (default)
2020-12-17 02:12:33,518 [Listener at 127.0.0.1/37391] INFO  server.GrpcService (ConfUtils.java:logGet(44)) - raft.grpc.message.size.max = 32MB (=33554432) (custom)
2020-12-17 02:12:33,518 [Listener at 127.0.0.1/37391] INFO  server.RaftServerConfigKeys (ConfUtils.java:logGet(44)) - raft.server.log.appender.buffer.byte-limit = 33554432 (custom)
2020-12-17 02:12:33,518 [Listener at 127.0.0.1/37391] INFO  server.GrpcService (ConfUtils.java:logGet(44)) - raft.grpc.flow.control.window = 5MB (=5242880) (custom)
2020-12-17 02:12:33,519 [Listener at 127.0.0.1/37391] INFO  server.RaftServerConfigKeys (ConfUtils.java:logGet(44)) - raft.server.rpc.request.timeout = 60s (custom)
2020-12-17 02:12:33,519 [Listener at 127.0.0.1/37391] INFO  impl.DataStreamServerImpl (ConfUtils.java:logGet(44)) - raft.datastream.type = DISABLED (default)
2020-12-17 02:12:33,520 [Listener at 127.0.0.1/37391] INFO  server.RaftServerConfigKeys (ConfUtils.java:logGet(44)) - raft.server.storage.dir = [/github/workspace/mnt/ozone/hadoop-ozone/integration-test/target/test-dir/MiniOzoneClusterImpl-2a381d17-8836-40f3-94ec-0b892e5c06e0/datanode-5/data/ratis] (custom)
2020-12-17 02:12:33,532 [Listener at 127.0.0.1/37391] INFO  http.BaseHttpServer (BaseHttpServer.java:newHttpServer2BuilderForOzone(207)) - Starting Web-server for hddsDatanode at: http://0.0.0.0:0
2020-12-17 02:12:33,532 [Listener at 127.0.0.1/37391] INFO  http.BaseHttpServer (BaseHttpServer.java:<init>(106)) - Hadoop Security Enabled: false Ozone Security Enabled: false Ozone HTTP Security Enabled: false 
2020-12-17 02:12:33,533 [Listener at 127.0.0.1/37391] INFO  server.AuthenticationFilter (AuthenticationFilter.java:constructSecretProvider(240)) - Unable to initialize FileSignerSecretProvider, falling back to use random secrets.
2020-12-17 02:12:33,610 [Listener at 127.0.0.1/37391] WARN  http.HttpRequestLog (HttpRequestLog.java:getRequestLog(103)) - Jetty request log can only be enabled using Log4j
2020-12-17 02:12:33,611 [Listener at 127.0.0.1/37391] INFO  http.HttpServer2 (HttpServer2.java:addGlobalFilter(1020)) - Added global filter 'safety' (class=org.apache.hadoop.hdds.server.http.HttpServer2$QuotingInputFilter)
2020-12-17 02:12:33,612 [Listener at 127.0.0.1/37391] INFO  http.HttpServer2 (HttpServer2.java:addFilter(996)) - Added filter static_user_filter (class=org.apache.hadoop.http.lib.StaticUserWebFilter$StaticUserFilter) to context hddsDatanode
2020-12-17 02:12:33,612 [Listener at 127.0.0.1/37391] INFO  http.HttpServer2 (HttpServer2.java:addFilter(1004)) - Added filter static_user_filter (class=org.apache.hadoop.http.lib.StaticUserWebFilter$StaticUserFilter) to context static
2020-12-17 02:12:33,612 [Listener at 127.0.0.1/37391] INFO  http.HttpServer2 (HttpServer2.java:addFilter(1004)) - Added filter static_user_filter (class=org.apache.hadoop.http.lib.StaticUserWebFilter$StaticUserFilter) to context logs
2020-12-17 02:12:33,612 [Listener at 127.0.0.1/37391] INFO  http.HttpServer2 (HttpServer2.java:bindListener(1238)) - Jetty bound to port 39333
2020-12-17 02:12:33,612 [Listener at 127.0.0.1/37391] INFO  server.Server (Server.java:doStart(375)) - jetty-9.4.34.v20201102; built: 2020-11-02T14:15:39.302Z; git: e46af88704a893fc12cb0e3bf46e2c7b48a009e7; jvm 1.8.0_232-b09
2020-12-17 02:12:33,618 [Listener at 127.0.0.1/37391] INFO  server.session (DefaultSessionIdManager.java:doStart(334)) - DefaultSessionIdManager workerName=node0
2020-12-17 02:12:33,619 [Listener at 127.0.0.1/37391] INFO  server.session (DefaultSessionIdManager.java:doStart(339)) - No SessionScavenger set, using defaults
2020-12-17 02:12:33,619 [Listener at 127.0.0.1/37391] INFO  server.session (HouseKeeper.java:startScavenging(132)) - node0 Scavenging every 600000ms
2020-12-17 02:12:33,619 [Listener at 127.0.0.1/37391] INFO  handler.ContextHandler (ContextHandler.java:doStart(916)) - Started o.e.j.s.ServletContextHandler@4fbac930{logs,/logs,file:///github/workspace/mnt/ozone/hadoop-ozone/integration-test/target/log,AVAILABLE}
2020-12-17 02:12:33,620 [Listener at 127.0.0.1/37391] INFO  handler.ContextHandler (ContextHandler.java:doStart(916)) - Started o.e.j.s.ServletContextHandler@106960fe{static,/static,jar:file:/home/user/.m2/repository/org/apache/hadoop/hadoop-hdds-container-service/1.1.0-SNAPSHOT/hadoop-hdds-container-service-1.1.0-SNAPSHOT.jar!/webapps/static,AVAILABLE}
2020-12-17 02:12:33,790 [Listener at 127.0.0.1/37391] INFO  handler.ContextHandler (ContextHandler.java:doStart(916)) - Started o.e.j.w.WebAppContext@5e3d2cfc{hddsDatanode,/,file:///tmp/jetty-0_0_0_0-39333-hadoop-hdds-container-service-1_1_0-SNAPSHOT_jar-_-any-2634480466709095378/webapp/,AVAILABLE}{jar:file:/home/user/.m2/repository/org/apache/hadoop/hadoop-hdds-container-service/1.1.0-SNAPSHOT/hadoop-hdds-container-service-1.1.0-SNAPSHOT.jar!/webapps/hddsDatanode}
2020-12-17 02:12:33,794 [Listener at 127.0.0.1/37391] INFO  server.AbstractConnector (AbstractConnector.java:doStart(331)) - Started ServerConnector@4b672ced{HTTP/1.1, (http/1.1)}{0.0.0.0:39333}
2020-12-17 02:12:33,794 [Listener at 127.0.0.1/37391] INFO  server.Server (Server.java:doStart(415)) - Started @390006ms
2020-12-17 02:12:33,794 [Listener at 127.0.0.1/37391] WARN  impl.MetricsSystemImpl (MetricsSystemImpl.java:register(276)) - Sink prometheus already exists!
2020-12-17 02:12:33,800 [Listener at 127.0.0.1/37391] INFO  http.BaseHttpServer (BaseHttpServer.java:updateConnectorAddress(327)) - HTTP server of hddsDatanode listening at http://0.0.0.0:39333
2020-12-17 02:12:33,800 [Listener at 127.0.0.1/37391] INFO  ozone.MiniOzoneClusterImpl (MiniOzoneClusterImpl.java:lambda$waitForClusterToBeReady$0(178)) - Waiting for nodes to be ready. Got 0 of 6 DN Heartbeats.
2020-12-17 02:12:33,800 [Listener at 127.0.0.1/37391] INFO  ozone.MiniOzoneClusterImpl (MiniOzoneClusterImpl.java:lambda$waitForClusterToBeReady$0(181)) - Waiting for cluster to exit safe mode
2020-12-17 02:12:33,801 [org.apache.hadoop.util.JvmPauseMonitor$Monitor@4540ad57] INFO  util.JvmPauseMonitor (JvmPauseMonitor.java:run(188)) - Starting JVM pause monitor
2020-12-17 02:12:33,802 [Datanode State Machine Task Thread - 0] INFO  datanode.InitDatanodeState (InitDatanodeState.java:persistContainerDatanodeDetails(145)) - DatanodeDetails is persisted to /github/workspace/mnt/ozone/hadoop-ozone/integration-test/target/test-dir/MiniOzoneClusterImpl-2a381d17-8836-40f3-94ec-0b892e5c06e0/datanode-5/meta/datanode.id
2020-12-17 02:12:34,707 [EndpointStateMachine task thread for /0.0.0.0:46749 - 0 ] INFO  ozoneimpl.OzoneContainer (OzoneContainer.java:start(243)) - Attempting to start container services.
2020-12-17 02:12:34,707 [EndpointStateMachine task thread for /0.0.0.0:46749 - 0 ] INFO  ozoneimpl.OzoneContainer (OzoneContainer.java:startContainerScrub(207)) - Background container scanner has been disabled.
2020-12-17 02:12:34,707 [EndpointStateMachine task thread for /0.0.0.0:46749 - 0 ] INFO  ratis.XceiverServerRatis (XceiverServerRatis.java:start(456)) - Starting XceiverServerRatis b45b6da8-7dd9-434b-afe3-ad98acc018a0 at port 0
2020-12-17 02:12:34,709 [EndpointStateMachine task thread for /0.0.0.0:46749 - 0 ] INFO  impl.RaftServerProxy (RaftServerProxy.java:lambda$start$3(321)) - b45b6da8-7dd9-434b-afe3-ad98acc018a0: start RPC server
2020-12-17 02:12:34,710 [EndpointStateMachine task thread for /0.0.0.0:46749 - 0 ] INFO  server.GrpcService (GrpcService.java:startImpl(177)) - b45b6da8-7dd9-434b-afe3-ad98acc018a0: GrpcService started, listening on 0.0.0.0/0.0.0.0:41361
2020-12-17 02:12:34,711 [EndpointStateMachine task thread for /0.0.0.0:46749 - 0 ] INFO  ratis.XceiverServerRatis (XceiverServerRatis.java:start(468)) - XceiverServerRatis b45b6da8-7dd9-434b-afe3-ad98acc018a0 is started using port 41361
2020-12-17 02:12:34,711 [org.apache.ratis.server.JvmPauseMonitor@329dcbf0-Monitor] INFO  server.RaftServerConfigKeys (ConfUtils.java:logGet(44)) - raft.server.leaderelection.leader.step-down.wait-time = 10s (default)
2020-12-17 02:12:34,711 [org.apache.ratis.server.JvmPauseMonitor@329dcbf0-Monitor] INFO  server.RaftServerConfigKeys (ConfUtils.java:logGet(44)) - raft.server.rpc.slowness.timeout = 300s (custom)
2020-12-17 02:12:34,711 [org.apache.ratis.server.JvmPauseMonitor@329dcbf0-Monitor] INFO  server.JvmPauseMonitor (JvmPauseMonitor.java:run(129)) - Starting Ratis JVM pause monitor
2020-12-17 02:12:34,711 [EndpointStateMachine task thread for /0.0.0.0:46749 - 0 ] INFO  server.XceiverServerGrpc (XceiverServerGrpc.java:start(145)) - XceiverServerGrpc b45b6da8-7dd9-434b-afe3-ad98acc018a0 is started using port 40601
2020-12-17 02:12:34,801 [Listener at 127.0.0.1/37391] INFO  ozone.MiniOzoneClusterImpl (MiniOzoneClusterImpl.java:lambda$waitForClusterToBeReady$0(178)) - Waiting for nodes to be ready. Got 0 of 6 DN Heartbeats.
2020-12-17 02:12:34,801 [Listener at 127.0.0.1/37391] INFO  ozone.MiniOzoneClusterImpl (MiniOzoneClusterImpl.java:lambda$waitForClusterToBeReady$0(181)) - Waiting for cluster to exit safe mode
2020-12-17 02:12:34,897 [EndpointStateMachine task thread for /0.0.0.0:46749 - 0 ] INFO  ozoneimpl.OzoneContainer (OzoneContainer.java:start(243)) - Attempting to start container services.
2020-12-17 02:12:34,898 [EndpointStateMachine task thread for /0.0.0.0:46749 - 0 ] INFO  ozoneimpl.OzoneContainer (OzoneContainer.java:startContainerScrub(207)) - Background container scanner has been disabled.
2020-12-17 02:12:34,898 [EndpointStateMachine task thread for /0.0.0.0:46749 - 0 ] INFO  ratis.XceiverServerRatis (XceiverServerRatis.java:start(456)) - Starting XceiverServerRatis 2b1d58b1-e44f-4041-9819-0dd176255f22 at port 0
2020-12-17 02:12:34,906 [EndpointStateMachine task thread for /0.0.0.0:46749 - 0 ] INFO  impl.RaftServerProxy (RaftServerProxy.java:lambda$start$3(321)) - 2b1d58b1-e44f-4041-9819-0dd176255f22: start RPC server
2020-12-17 02:12:34,906 [EndpointStateMachine task thread for /0.0.0.0:46749 - 0 ] INFO  server.GrpcService (GrpcService.java:startImpl(177)) - 2b1d58b1-e44f-4041-9819-0dd176255f22: GrpcService started, listening on 0.0.0.0/0.0.0.0:40577
2020-12-17 02:12:34,907 [EndpointStateMachine task thread for /0.0.0.0:46749 - 0 ] INFO  ratis.XceiverServerRatis (XceiverServerRatis.java:start(468)) - XceiverServerRatis 2b1d58b1-e44f-4041-9819-0dd176255f22 is started using port 40577
2020-12-17 02:12:34,907 [EndpointStateMachine task thread for /0.0.0.0:46749 - 0 ] INFO  server.XceiverServerGrpc (XceiverServerGrpc.java:start(145)) - XceiverServerGrpc 2b1d58b1-e44f-4041-9819-0dd176255f22 is started using port 33095
2020-12-17 02:12:34,907 [org.apache.ratis.server.JvmPauseMonitor@1d6960f7-Monitor] INFO  server.RaftServerConfigKeys (ConfUtils.java:logGet(44)) - raft.server.leaderelection.leader.step-down.wait-time = 10s (default)
2020-12-17 02:12:34,907 [org.apache.ratis.server.JvmPauseMonitor@1d6960f7-Monitor] INFO  server.RaftServerConfigKeys (ConfUtils.java:logGet(44)) - raft.server.rpc.slowness.timeout = 300s (custom)
2020-12-17 02:12:34,908 [org.apache.ratis.server.JvmPauseMonitor@1d6960f7-Monitor] INFO  server.JvmPauseMonitor (JvmPauseMonitor.java:run(129)) - Starting Ratis JVM pause monitor
2020-12-17 02:12:35,100 [EndpointStateMachine task thread for /0.0.0.0:46749 - 0 ] INFO  ozoneimpl.OzoneContainer (OzoneContainer.java:start(243)) - Attempting to start container services.
2020-12-17 02:12:35,101 [EndpointStateMachine task thread for /0.0.0.0:46749 - 0 ] INFO  ozoneimpl.OzoneContainer (OzoneContainer.java:startContainerScrub(207)) - Background container scanner has been disabled.
2020-12-17 02:12:35,101 [EndpointStateMachine task thread for /0.0.0.0:46749 - 0 ] INFO  ratis.XceiverServerRatis (XceiverServerRatis.java:start(456)) - Starting XceiverServerRatis a5453659-3127-401c-b9c1-bc8f4372128a at port 0
2020-12-17 02:12:35,106 [EndpointStateMachine task thread for /0.0.0.0:46749 - 0 ] INFO  impl.RaftServerProxy (RaftServerProxy.java:lambda$start$3(321)) - a5453659-3127-401c-b9c1-bc8f4372128a: start RPC server
2020-12-17 02:12:35,107 [EndpointStateMachine task thread for /0.0.0.0:46749 - 0 ] INFO  server.GrpcService (GrpcService.java:startImpl(177)) - a5453659-3127-401c-b9c1-bc8f4372128a: GrpcService started, listening on 0.0.0.0/0.0.0.0:33101
2020-12-17 02:12:35,107 [EndpointStateMachine task thread for /0.0.0.0:46749 - 0 ] INFO  ratis.XceiverServerRatis (XceiverServerRatis.java:start(468)) - XceiverServerRatis a5453659-3127-401c-b9c1-bc8f4372128a is started using port 33101
2020-12-17 02:12:35,107 [org.apache.ratis.server.JvmPauseMonitor@67cbc907-Monitor] INFO  server.RaftServerConfigKeys (ConfUtils.java:logGet(44)) - raft.server.leaderelection.leader.step-down.wait-time = 10s (default)
2020-12-17 02:12:35,107 [org.apache.ratis.server.JvmPauseMonitor@67cbc907-Monitor] INFO  server.RaftServerConfigKeys (ConfUtils.java:logGet(44)) - raft.server.rpc.slowness.timeout = 300s (custom)
2020-12-17 02:12:35,114 [org.apache.ratis.server.JvmPauseMonitor@67cbc907-Monitor] INFO  server.JvmPauseMonitor (JvmPauseMonitor.java:run(129)) - Starting Ratis JVM pause monitor
2020-12-17 02:12:35,107 [EndpointStateMachine task thread for /0.0.0.0:46749 - 0 ] INFO  server.XceiverServerGrpc (XceiverServerGrpc.java:start(145)) - XceiverServerGrpc a5453659-3127-401c-b9c1-bc8f4372128a is started using port 42005
2020-12-17 02:12:35,297 [EndpointStateMachine task thread for /0.0.0.0:46749 - 0 ] INFO  ozoneimpl.OzoneContainer (OzoneContainer.java:start(243)) - Attempting to start container services.
2020-12-17 02:12:35,298 [EndpointStateMachine task thread for /0.0.0.0:46749 - 0 ] INFO  ozoneimpl.OzoneContainer (OzoneContainer.java:startContainerScrub(207)) - Background container scanner has been disabled.
2020-12-17 02:12:35,298 [EndpointStateMachine task thread for /0.0.0.0:46749 - 0 ] INFO  ratis.XceiverServerRatis (XceiverServerRatis.java:start(456)) - Starting XceiverServerRatis 6a05d44f-22be-4027-b269-c3a46acd3f47 at port 0
2020-12-17 02:12:35,302 [EndpointStateMachine task thread for /0.0.0.0:46749 - 0 ] INFO  impl.RaftServerProxy (RaftServerProxy.java:lambda$start$3(321)) - 6a05d44f-22be-4027-b269-c3a46acd3f47: start RPC server
2020-12-17 02:12:35,303 [EndpointStateMachine task thread for /0.0.0.0:46749 - 0 ] INFO  server.GrpcService (GrpcService.java:startImpl(177)) - 6a05d44f-22be-4027-b269-c3a46acd3f47: GrpcService started, listening on 0.0.0.0/0.0.0.0:38863
2020-12-17 02:12:35,303 [EndpointStateMachine task thread for /0.0.0.0:46749 - 0 ] INFO  ratis.XceiverServerRatis (XceiverServerRatis.java:start(468)) - XceiverServerRatis 6a05d44f-22be-4027-b269-c3a46acd3f47 is started using port 38863
2020-12-17 02:12:35,303 [org.apache.ratis.server.JvmPauseMonitor@1d5c4226-Monitor] INFO  server.RaftServerConfigKeys (ConfUtils.java:logGet(44)) - raft.server.leaderelection.leader.step-down.wait-time = 10s (default)
2020-12-17 02:12:35,304 [EndpointStateMachine task thread for /0.0.0.0:46749 - 0 ] INFO  server.XceiverServerGrpc (XceiverServerGrpc.java:start(145)) - XceiverServerGrpc 6a05d44f-22be-4027-b269-c3a46acd3f47 is started using port 35629
2020-12-17 02:12:35,304 [org.apache.ratis.server.JvmPauseMonitor@1d5c4226-Monitor] INFO  server.RaftServerConfigKeys (ConfUtils.java:logGet(44)) - raft.server.rpc.slowness.timeout = 300s (custom)
2020-12-17 02:12:35,304 [org.apache.ratis.server.JvmPauseMonitor@1d5c4226-Monitor] INFO  server.JvmPauseMonitor (JvmPauseMonitor.java:run(129)) - Starting Ratis JVM pause monitor
2020-12-17 02:12:35,504 [EndpointStateMachine task thread for /0.0.0.0:46749 - 0 ] INFO  ozoneimpl.OzoneContainer (OzoneContainer.java:start(243)) - Attempting to start container services.
2020-12-17 02:12:35,504 [EndpointStateMachine task thread for /0.0.0.0:46749 - 0 ] INFO  ozoneimpl.OzoneContainer (OzoneContainer.java:startContainerScrub(207)) - Background container scanner has been disabled.
2020-12-17 02:12:35,504 [EndpointStateMachine task thread for /0.0.0.0:46749 - 0 ] INFO  ratis.XceiverServerRatis (XceiverServerRatis.java:start(456)) - Starting XceiverServerRatis 7ec52e27-6063-4b9c-8511-76ca7a922bcd at port 0
2020-12-17 02:12:35,506 [EndpointStateMachine task thread for /0.0.0.0:46749 - 0 ] INFO  impl.RaftServerProxy (RaftServerProxy.java:lambda$start$3(321)) - 7ec52e27-6063-4b9c-8511-76ca7a922bcd: start RPC server
2020-12-17 02:12:35,506 [EndpointStateMachine task thread for /0.0.0.0:46749 - 0 ] INFO  server.GrpcService (GrpcService.java:startImpl(177)) - 7ec52e27-6063-4b9c-8511-76ca7a922bcd: GrpcService started, listening on 0.0.0.0/0.0.0.0:45859
2020-12-17 02:12:35,507 [EndpointStateMachine task thread for /0.0.0.0:46749 - 0 ] INFO  ratis.XceiverServerRatis (XceiverServerRatis.java:start(468)) - XceiverServerRatis 7ec52e27-6063-4b9c-8511-76ca7a922bcd is started using port 45859
2020-12-17 02:12:35,507 [org.apache.ratis.server.JvmPauseMonitor@3dddc8cd-Monitor] INFO  server.RaftServerConfigKeys (ConfUtils.java:logGet(44)) - raft.server.leaderelection.leader.step-down.wait-time = 10s (default)
2020-12-17 02:12:35,507 [org.apache.ratis.server.JvmPauseMonitor@3dddc8cd-Monitor] INFO  server.RaftServerConfigKeys (ConfUtils.java:logGet(44)) - raft.server.rpc.slowness.timeout = 300s (custom)
2020-12-17 02:12:35,507 [org.apache.ratis.server.JvmPauseMonitor@3dddc8cd-Monitor] INFO  server.JvmPauseMonitor (JvmPauseMonitor.java:run(129)) - Starting Ratis JVM pause monitor
2020-12-17 02:12:35,507 [EndpointStateMachine task thread for /0.0.0.0:46749 - 0 ] INFO  server.XceiverServerGrpc (XceiverServerGrpc.java:start(145)) - XceiverServerGrpc 7ec52e27-6063-4b9c-8511-76ca7a922bcd is started using port 34819
2020-12-17 02:12:35,801 [Listener at 127.0.0.1/37391] INFO  ozone.MiniOzoneClusterImpl (MiniOzoneClusterImpl.java:lambda$waitForClusterToBeReady$0(178)) - Waiting for nodes to be ready. Got 0 of 6 DN Heartbeats.
2020-12-17 02:12:35,801 [Listener at 127.0.0.1/37391] INFO  ozone.MiniOzoneClusterImpl (MiniOzoneClusterImpl.java:lambda$waitForClusterToBeReady$0(181)) - Waiting for cluster to exit safe mode
2020-12-17 02:12:35,804 [EndpointStateMachine task thread for /0.0.0.0:46749 - 0 ] INFO  ozoneimpl.OzoneContainer (OzoneContainer.java:start(243)) - Attempting to start container services.
2020-12-17 02:12:35,804 [EndpointStateMachine task thread for /0.0.0.0:46749 - 0 ] INFO  ozoneimpl.OzoneContainer (OzoneContainer.java:startContainerScrub(207)) - Background container scanner has been disabled.
2020-12-17 02:12:35,804 [EndpointStateMachine task thread for /0.0.0.0:46749 - 0 ] INFO  ratis.XceiverServerRatis (XceiverServerRatis.java:start(456)) - Starting XceiverServerRatis f11c6601-f81b-414d-9af7-ba1741509b09 at port 0
2020-12-17 02:12:35,806 [EndpointStateMachine task thread for /0.0.0.0:46749 - 0 ] INFO  impl.RaftServerProxy (RaftServerProxy.java:lambda$start$3(321)) - f11c6601-f81b-414d-9af7-ba1741509b09: start RPC server
2020-12-17 02:12:35,807 [EndpointStateMachine task thread for /0.0.0.0:46749 - 0 ] INFO  server.GrpcService (GrpcService.java:startImpl(177)) - f11c6601-f81b-414d-9af7-ba1741509b09: GrpcService started, listening on 0.0.0.0/0.0.0.0:34719
2020-12-17 02:12:35,807 [EndpointStateMachine task thread for /0.0.0.0:46749 - 0 ] INFO  ratis.XceiverServerRatis (XceiverServerRatis.java:start(468)) - XceiverServerRatis f11c6601-f81b-414d-9af7-ba1741509b09 is started using port 34719
2020-12-17 02:12:35,807 [org.apache.ratis.server.JvmPauseMonitor@22dd6d0d-Monitor] INFO  server.RaftServerConfigKeys (ConfUtils.java:logGet(44)) - raft.server.leaderelection.leader.step-down.wait-time = 10s (default)
2020-12-17 02:12:35,807 [org.apache.ratis.server.JvmPauseMonitor@22dd6d0d-Monitor] INFO  server.RaftServerConfigKeys (ConfUtils.java:logGet(44)) - raft.server.rpc.slowness.timeout = 300s (custom)
2020-12-17 02:12:35,807 [org.apache.ratis.server.JvmPauseMonitor@22dd6d0d-Monitor] INFO  server.JvmPauseMonitor (JvmPauseMonitor.java:run(129)) - Starting Ratis JVM pause monitor
2020-12-17 02:12:35,808 [EndpointStateMachine task thread for /0.0.0.0:46749 - 0 ] INFO  server.XceiverServerGrpc (XceiverServerGrpc.java:start(145)) - XceiverServerGrpc f11c6601-f81b-414d-9af7-ba1741509b09 is started using port 40541
2020-12-17 02:12:36,703 [IPC Server handler 1 on default port 46749] INFO  net.NetworkTopologyImpl (NetworkTopologyImpl.java:add(111)) - Added a new node: /default-rack/b45b6da8-7dd9-434b-afe3-ad98acc018a0
2020-12-17 02:12:36,704 [IPC Server handler 1 on default port 46749] INFO  node.SCMNodeManager (SCMNodeManager.java:register(341)) - Registered Data node : b45b6da8-7dd9-434b-afe3-ad98acc018a0{ip: 172.17.0.2, host: 89b9adae2c19, networkLocation: /default-rack, certSerialId: null, persistedOpState: IN_SERVICE, persistedOpStateExpiryEpochSec: 0}
2020-12-17 02:12:36,704 [RatisPipelineUtilsThread] INFO  pipeline.RatisPipelineProvider (RatisPipelineProvider.java:lambda$create$0(161)) - Sending CreatePipelineCommand for pipeline:PipelineID=ddbd9de5-4c26-484f-af7e-8c9593201d1b to datanode:b45b6da8-7dd9-434b-afe3-ad98acc018a0
2020-12-17 02:12:36,705 [EventQueue-NodeRegistrationContainerReportForContainerSafeModeRule] INFO  safemode.SCMSafeModeManager (SCMSafeModeManager.java:validateSafeModeExitRules(214)) - ContainerSafeModeRule rule is successfully validated
2020-12-17 02:12:36,705 [RatisPipelineUtilsThread] INFO  pipeline.PipelineStateManager (PipelineStateManager.java:addPipeline(54)) - Created pipeline Pipeline[ Id: ddbd9de5-4c26-484f-af7e-8c9593201d1b, Nodes: b45b6da8-7dd9-434b-afe3-ad98acc018a0{ip: 172.17.0.2, host: 89b9adae2c19, networkLocation: /default-rack, certSerialId: null, persistedOpState: IN_SERVICE, persistedOpStateExpiryEpochSec: 0}, Type:RATIS, Factor:ONE, State:ALLOCATED, leaderId:, CreationTimestamp2020-12-17T02:12:36.704Z]
2020-12-17 02:12:36,706 [EventQueue-NodeRegistrationContainerReportForDataNodeSafeModeRule] INFO  safemode.SCMSafeModeManager (DataNodeSafeModeRule.java:process(71)) - SCM in safe mode. 1 DataNodes registered, 1 required.
2020-12-17 02:12:36,710 [EventQueue-NodeRegistrationContainerReportForDataNodeSafeModeRule] INFO  safemode.SCMSafeModeManager (SCMSafeModeManager.java:validateSafeModeExitRules(214)) - DataNodeSafeModeRule rule is successfully validated
2020-12-17 02:12:36,710 [EventQueue-NodeRegistrationContainerReportForDataNodeSafeModeRule] INFO  safemode.SCMSafeModeManager (SCMSafeModeManager.java:completePreCheck(242)) - All SCM safe mode pre check rules have passed
2020-12-17 02:12:36,710 [EventQueue-PipelineReportForOneReplicaPipelineSafeModeRule] INFO  safemode.SCMSafeModeManager (SCMSafeModeManager.java:validateSafeModeExitRules(214)) - AtleastOneDatanodeReportedRule rule is successfully validated
2020-12-17 02:12:36,711 [RatisPipelineUtilsThread] WARN  pipeline.PipelinePlacementPolicy (PipelinePlacementPolicy.java:filterViableNodes(139)) - Pipeline creation failed due to no sufficient healthy datanodes. Required 3. Found 1.
2020-12-17 02:12:36,802 [Listener at 127.0.0.1/37391] INFO  ozone.MiniOzoneClusterImpl (MiniOzoneClusterImpl.java:lambda$waitForClusterToBeReady$0(178)) - Waiting for nodes to be ready. Got 1 of 6 DN Heartbeats.
2020-12-17 02:12:36,802 [Listener at 127.0.0.1/37391] INFO  ozone.MiniOzoneClusterImpl (MiniOzoneClusterImpl.java:lambda$waitForClusterToBeReady$0(181)) - Waiting for cluster to exit safe mode
2020-12-17 02:12:36,894 [IPC Server handler 2 on default port 46749] INFO  net.NetworkTopologyImpl (NetworkTopologyImpl.java:add(111)) - Added a new node: /default-rack/2b1d58b1-e44f-4041-9819-0dd176255f22
2020-12-17 02:12:36,895 [IPC Server handler 2 on default port 46749] INFO  node.SCMNodeManager (SCMNodeManager.java:register(341)) - Registered Data node : 2b1d58b1-e44f-4041-9819-0dd176255f22{ip: 172.17.0.2, host: 89b9adae2c19, networkLocation: /default-rack, certSerialId: null, persistedOpState: IN_SERVICE, persistedOpStateExpiryEpochSec: 0}
2020-12-17 02:12:36,895 [EventQueue-NodeRegistrationContainerReportForContainerSafeModeRule] INFO  safemode.SCMSafeModeManager (SCMSafeModeManager.java:validateSafeModeExitRules(214)) - ContainerSafeModeRule rule is successfully validated
2020-12-17 02:12:36,895 [EventQueue-PipelineReportForOneReplicaPipelineSafeModeRule] INFO  safemode.SCMSafeModeManager (SCMSafeModeManager.java:validateSafeModeExitRules(214)) - AtleastOneDatanodeReportedRule rule is successfully validated
2020-12-17 02:12:36,895 [EventQueue-NodeRegistrationContainerReportForDataNodeSafeModeRule] INFO  safemode.SCMSafeModeManager (SCMSafeModeManager.java:validateSafeModeExitRules(214)) - DataNodeSafeModeRule rule is successfully validated
2020-12-17 02:12:36,896 [RatisPipelineUtilsThread] INFO  pipeline.RatisPipelineProvider (RatisPipelineProvider.java:lambda$create$0(161)) - Sending CreatePipelineCommand for pipeline:PipelineID=7541b2f8-ed28-4886-918b-29143985bdb4 to datanode:2b1d58b1-e44f-4041-9819-0dd176255f22
2020-12-17 02:12:36,896 [RatisPipelineUtilsThread] INFO  pipeline.PipelineStateManager (PipelineStateManager.java:addPipeline(54)) - Created pipeline Pipeline[ Id: 7541b2f8-ed28-4886-918b-29143985bdb4, Nodes: 2b1d58b1-e44f-4041-9819-0dd176255f22{ip: 172.17.0.2, host: 89b9adae2c19, networkLocation: /default-rack, certSerialId: null, persistedOpState: IN_SERVICE, persistedOpStateExpiryEpochSec: 0}, Type:RATIS, Factor:ONE, State:ALLOCATED, leaderId:, CreationTimestamp2020-12-17T02:12:36.896Z]
2020-12-17 02:12:36,896 [RatisPipelineUtilsThread] WARN  pipeline.PipelinePlacementPolicy (PipelinePlacementPolicy.java:filterViableNodes(139)) - Pipeline creation failed due to no sufficient healthy datanodes. Required 3. Found 2.
2020-12-17 02:12:37,099 [IPC Server handler 3 on default port 46749] INFO  net.NetworkTopologyImpl (NetworkTopologyImpl.java:add(111)) - Added a new node: /default-rack/a5453659-3127-401c-b9c1-bc8f4372128a
2020-12-17 02:12:37,099 [IPC Server handler 3 on default port 46749] INFO  node.SCMNodeManager (SCMNodeManager.java:register(341)) - Registered Data node : a5453659-3127-401c-b9c1-bc8f4372128a{ip: 172.17.0.2, host: 89b9adae2c19, networkLocation: /default-rack, certSerialId: null, persistedOpState: IN_SERVICE, persistedOpStateExpiryEpochSec: 0}
2020-12-17 02:12:37,099 [EventQueue-NodeRegistrationContainerReportForContainerSafeModeRule] INFO  safemode.SCMSafeModeManager (SCMSafeModeManager.java:validateSafeModeExitRules(214)) - ContainerSafeModeRule rule is successfully validated
2020-12-17 02:12:37,100 [EventQueue-PipelineReportForOneReplicaPipelineSafeModeRule] INFO  safemode.SCMSafeModeManager (SCMSafeModeManager.java:validateSafeModeExitRules(214)) - AtleastOneDatanodeReportedRule rule is successfully validated
2020-12-17 02:12:37,100 [EventQueue-NodeRegistrationContainerReportForDataNodeSafeModeRule] INFO  safemode.SCMSafeModeManager (SCMSafeModeManager.java:validateSafeModeExitRules(214)) - DataNodeSafeModeRule rule is successfully validated
2020-12-17 02:12:37,100 [RatisPipelineUtilsThread] INFO  pipeline.RatisPipelineProvider (RatisPipelineProvider.java:lambda$create$0(161)) - Sending CreatePipelineCommand for pipeline:PipelineID=fee38756-5379-43ea-8752-b8fad682f618 to datanode:a5453659-3127-401c-b9c1-bc8f4372128a
2020-12-17 02:12:37,100 [RatisPipelineUtilsThread] INFO  pipeline.PipelineStateManager (PipelineStateManager.java:addPipeline(54)) - Created pipeline Pipeline[ Id: fee38756-5379-43ea-8752-b8fad682f618, Nodes: a5453659-3127-401c-b9c1-bc8f4372128a{ip: 172.17.0.2, host: 89b9adae2c19, networkLocation: /default-rack, certSerialId: null, persistedOpState: IN_SERVICE, persistedOpStateExpiryEpochSec: 0}, Type:RATIS, Factor:ONE, State:ALLOCATED, leaderId:, CreationTimestamp2020-12-17T02:12:37.100Z]
2020-12-17 02:12:37,100 [RatisPipelineUtilsThread] INFO  pipeline.RatisPipelineProvider (RatisPipelineProvider.java:lambda$create$0(161)) - Sending CreatePipelineCommand for pipeline:PipelineID=b307a657-c31e-4a1d-b181-d44b4c9671a5 to datanode:a5453659-3127-401c-b9c1-bc8f4372128a
2020-12-17 02:12:37,101 [RatisPipelineUtilsThread] INFO  pipeline.RatisPipelineProvider (RatisPipelineProvider.java:lambda$create$0(161)) - Sending CreatePipelineCommand for pipeline:PipelineID=b307a657-c31e-4a1d-b181-d44b4c9671a5 to datanode:b45b6da8-7dd9-434b-afe3-ad98acc018a0
2020-12-17 02:12:37,101 [RatisPipelineUtilsThread] INFO  pipeline.RatisPipelineProvider (RatisPipelineProvider.java:lambda$create$0(161)) - Sending CreatePipelineCommand for pipeline:PipelineID=b307a657-c31e-4a1d-b181-d44b4c9671a5 to datanode:2b1d58b1-e44f-4041-9819-0dd176255f22
2020-12-17 02:12:37,101 [RatisPipelineUtilsThread] INFO  pipeline.PipelineStateManager (PipelineStateManager.java:addPipeline(54)) - Created pipeline Pipeline[ Id: b307a657-c31e-4a1d-b181-d44b4c9671a5, Nodes: a5453659-3127-401c-b9c1-bc8f4372128a{ip: 172.17.0.2, host: 89b9adae2c19, networkLocation: /default-rack, certSerialId: null, persistedOpState: IN_SERVICE, persistedOpStateExpiryEpochSec: 0}b45b6da8-7dd9-434b-afe3-ad98acc018a0{ip: 172.17.0.2, host: 89b9adae2c19, networkLocation: /default-rack, certSerialId: null, persistedOpState: IN_SERVICE, persistedOpStateExpiryEpochSec: 0}2b1d58b1-e44f-4041-9819-0dd176255f22{ip: 172.17.0.2, host: 89b9adae2c19, networkLocation: /default-rack, certSerialId: null, persistedOpState: IN_SERVICE, persistedOpStateExpiryEpochSec: 0}, Type:RATIS, Factor:THREE, State:ALLOCATED, leaderId:, CreationTimestamp2020-12-17T02:12:37.100Z]
2020-12-17 02:12:37,296 [IPC Server handler 4 on default port 46749] INFO  net.NetworkTopologyImpl (NetworkTopologyImpl.java:add(111)) - Added a new node: /default-rack/6a05d44f-22be-4027-b269-c3a46acd3f47
2020-12-17 02:12:37,297 [IPC Server handler 4 on default port 46749] INFO  node.SCMNodeManager (SCMNodeManager.java:register(341)) - Registered Data node : 6a05d44f-22be-4027-b269-c3a46acd3f47{ip: 172.17.0.2, host: 89b9adae2c19, networkLocation: /default-rack, certSerialId: null, persistedOpState: IN_SERVICE, persistedOpStateExpiryEpochSec: 0}
2020-12-17 02:12:37,297 [EventQueue-PipelineReportForOneReplicaPipelineSafeModeRule] INFO  safemode.SCMSafeModeManager (SCMSafeModeManager.java:validateSafeModeExitRules(214)) - AtleastOneDatanodeReportedRule rule is successfully validated
2020-12-17 02:12:37,297 [EventQueue-NodeRegistrationContainerReportForContainerSafeModeRule] INFO  safemode.SCMSafeModeManager (SCMSafeModeManager.java:validateSafeModeExitRules(214)) - ContainerSafeModeRule rule is successfully validated
2020-12-17 02:12:37,297 [RatisPipelineUtilsThread] INFO  pipeline.RatisPipelineProvider (RatisPipelineProvider.java:lambda$create$0(161)) - Sending CreatePipelineCommand for pipeline:PipelineID=81d687d2-c33f-4aa5-a1b4-8ae2822a3941 to datanode:6a05d44f-22be-4027-b269-c3a46acd3f47
2020-12-17 02:12:37,297 [RatisPipelineUtilsThread] INFO  pipeline.PipelineStateManager (PipelineStateManager.java:addPipeline(54)) - Created pipeline Pipeline[ Id: 81d687d2-c33f-4aa5-a1b4-8ae2822a3941, Nodes: 6a05d44f-22be-4027-b269-c3a46acd3f47{ip: 172.17.0.2, host: 89b9adae2c19, networkLocation: /default-rack, certSerialId: null, persistedOpState: IN_SERVICE, persistedOpStateExpiryEpochSec: 0}, Type:RATIS, Factor:ONE, State:ALLOCATED, leaderId:, CreationTimestamp2020-12-17T02:12:37.297Z]
2020-12-17 02:12:37,298 [EventQueue-NodeRegistrationContainerReportForDataNodeSafeModeRule] INFO  safemode.SCMSafeModeManager (SCMSafeModeManager.java:validateSafeModeExitRules(214)) - DataNodeSafeModeRule rule is successfully validated
2020-12-17 02:12:37,503 [IPC Server handler 0 on default port 46749] INFO  net.NetworkTopologyImpl (NetworkTopologyImpl.java:add(111)) - Added a new node: /default-rack/7ec52e27-6063-4b9c-8511-76ca7a922bcd
2020-12-17 02:12:37,503 [IPC Server handler 0 on default port 46749] INFO  node.SCMNodeManager (SCMNodeManager.java:register(341)) - Registered Data node : 7ec52e27-6063-4b9c-8511-76ca7a922bcd{ip: 172.17.0.2, host: 89b9adae2c19, networkLocation: /default-rack, certSerialId: null, persistedOpState: IN_SERVICE, persistedOpStateExpiryEpochSec: 0}
2020-12-17 02:12:37,503 [EventQueue-NodeRegistrationContainerReportForContainerSafeModeRule] INFO  safemode.SCMSafeModeManager (SCMSafeModeManager.java:validateSafeModeExitRules(214)) - ContainerSafeModeRule rule is successfully validated
2020-12-17 02:12:37,504 [EventQueue-NodeRegistrationContainerReportForDataNodeSafeModeRule] INFO  safemode.SCMSafeModeManager (SCMSafeModeManager.java:validateSafeModeExitRules(214)) - DataNodeSafeModeRule rule is successfully validated
2020-12-17 02:12:37,504 [EventQueue-PipelineReportForOneReplicaPipelineSafeModeRule] INFO  safemode.SCMSafeModeManager (SCMSafeModeManager.java:validateSafeModeExitRules(214)) - AtleastOneDatanodeReportedRule rule is successfully validated
2020-12-17 02:12:37,504 [RatisPipelineUtilsThread] INFO  pipeline.RatisPipelineProvider (RatisPipelineProvider.java:lambda$create$0(161)) - Sending CreatePipelineCommand for pipeline:PipelineID=3da2df9d-fa47-4f71-9525-684263c6a878 to datanode:7ec52e27-6063-4b9c-8511-76ca7a922bcd
2020-12-17 02:12:37,504 [RatisPipelineUtilsThread] INFO  pipeline.PipelineStateManager (PipelineStateManager.java:addPipeline(54)) - Created pipeline Pipeline[ Id: 3da2df9d-fa47-4f71-9525-684263c6a878, Nodes: 7ec52e27-6063-4b9c-8511-76ca7a922bcd{ip: 172.17.0.2, host: 89b9adae2c19, networkLocation: /default-rack, certSerialId: null, persistedOpState: IN_SERVICE, persistedOpStateExpiryEpochSec: 0}, Type:RATIS, Factor:ONE, State:ALLOCATED, leaderId:, CreationTimestamp2020-12-17T02:12:37.504Z]
2020-12-17 02:12:37,802 [Listener at 127.0.0.1/37391] INFO  ozone.MiniOzoneClusterImpl (MiniOzoneClusterImpl.java:lambda$waitForClusterToBeReady$0(178)) - Waiting for nodes to be ready. Got 5 of 6 DN Heartbeats.
2020-12-17 02:12:37,802 [Listener at 127.0.0.1/37391] INFO  ozone.MiniOzoneClusterImpl (MiniOzoneClusterImpl.java:lambda$waitForClusterToBeReady$0(181)) - Waiting for cluster to exit safe mode
2020-12-17 02:12:37,803 [IPC Server handler 2 on default port 46749] INFO  net.NetworkTopologyImpl (NetworkTopologyImpl.java:add(111)) - Added a new node: /default-rack/f11c6601-f81b-414d-9af7-ba1741509b09
2020-12-17 02:12:37,803 [IPC Server handler 2 on default port 46749] INFO  node.SCMNodeManager (SCMNodeManager.java:register(341)) - Registered Data node : f11c6601-f81b-414d-9af7-ba1741509b09{ip: 172.17.0.2, host: 89b9adae2c19, networkLocation: /default-rack, certSerialId: null, persistedOpState: IN_SERVICE, persistedOpStateExpiryEpochSec: 0}
2020-12-17 02:12:37,803 [RatisPipelineUtilsThread] INFO  pipeline.RatisPipelineProvider (RatisPipelineProvider.java:lambda$create$0(161)) - Sending CreatePipelineCommand for pipeline:PipelineID=55e6ba92-3fa8-45bb-b3dd-cce2006db23c to datanode:f11c6601-f81b-414d-9af7-ba1741509b09
2020-12-17 02:12:37,803 [EventQueue-PipelineReportForOneReplicaPipelineSafeModeRule] INFO  safemode.SCMSafeModeManager (SCMSafeModeManager.java:validateSafeModeExitRules(214)) - AtleastOneDatanodeReportedRule rule is successfully validated
2020-12-17 02:12:37,804 [EventQueue-NodeRegistrationContainerReportForContainerSafeModeRule] INFO  safemode.SCMSafeModeManager (SCMSafeModeManager.java:validateSafeModeExitRules(214)) - ContainerSafeModeRule rule is successfully validated
2020-12-17 02:12:37,804 [RatisPipelineUtilsThread] INFO  pipeline.PipelineStateManager (PipelineStateManager.java:addPipeline(54)) - Created pipeline Pipeline[ Id: 55e6ba92-3fa8-45bb-b3dd-cce2006db23c, Nodes: f11c6601-f81b-414d-9af7-ba1741509b09{ip: 172.17.0.2, host: 89b9adae2c19, networkLocation: /default-rack, certSerialId: null, persistedOpState: IN_SERVICE, persistedOpStateExpiryEpochSec: 0}, Type:RATIS, Factor:ONE, State:ALLOCATED, leaderId:, CreationTimestamp2020-12-17T02:12:37.803Z]
2020-12-17 02:12:37,804 [EventQueue-NodeRegistrationContainerReportForDataNodeSafeModeRule] INFO  safemode.SCMSafeModeManager (SCMSafeModeManager.java:validateSafeModeExitRules(214)) - DataNodeSafeModeRule rule is successfully validated
2020-12-17 02:12:37,804 [RatisPipelineUtilsThread] INFO  pipeline.RatisPipelineProvider (RatisPipelineProvider.java:lambda$create$0(161)) - Sending CreatePipelineCommand for pipeline:PipelineID=1be34abb-29be-4d78-993d-380177e12c14 to datanode:f11c6601-f81b-414d-9af7-ba1741509b09
2020-12-17 02:12:37,804 [RatisPipelineUtilsThread] INFO  pipeline.RatisPipelineProvider (RatisPipelineProvider.java:lambda$create$0(161)) - Sending CreatePipelineCommand for pipeline:PipelineID=1be34abb-29be-4d78-993d-380177e12c14 to datanode:6a05d44f-22be-4027-b269-c3a46acd3f47
2020-12-17 02:12:37,804 [RatisPipelineUtilsThread] INFO  pipeline.RatisPipelineProvider (RatisPipelineProvider.java:lambda$create$0(161)) - Sending CreatePipelineCommand for pipeline:PipelineID=1be34abb-29be-4d78-993d-380177e12c14 to datanode:7ec52e27-6063-4b9c-8511-76ca7a922bcd
2020-12-17 02:12:37,804 [RatisPipelineUtilsThread] INFO  pipeline.PipelineStateManager (PipelineStateManager.java:addPipeline(54)) - Created pipeline Pipeline[ Id: 1be34abb-29be-4d78-993d-380177e12c14, Nodes: f11c6601-f81b-414d-9af7-ba1741509b09{ip: 172.17.0.2, host: 89b9adae2c19, networkLocation: /default-rack, certSerialId: null, persistedOpState: IN_SERVICE, persistedOpStateExpiryEpochSec: 0}6a05d44f-22be-4027-b269-c3a46acd3f47{ip: 172.17.0.2, host: 89b9adae2c19, networkLocation: /default-rack, certSerialId: null, persistedOpState: IN_SERVICE, persistedOpStateExpiryEpochSec: 0}7ec52e27-6063-4b9c-8511-76ca7a922bcd{ip: 172.17.0.2, host: 89b9adae2c19, networkLocation: /default-rack, certSerialId: null, persistedOpState: IN_SERVICE, persistedOpStateExpiryEpochSec: 0}, Type:RATIS, Factor:THREE, State:ALLOCATED, leaderId:, CreationTimestamp2020-12-17T02:12:37.804Z]
2020-12-17 02:12:37,806 [org.apache.ratis.server.JvmPauseMonitor@1d5c4226-Monitor] WARN  server.JvmPauseMonitor (JvmPauseMonitor.java:run(141)) - Detected pause in JVM or host machine (eg GC): pause of approximately 1ms
No GCs detected
2020-12-17 02:12:38,703 [EventQueue-PipelineReportForOneReplicaPipelineSafeModeRule] INFO  safemode.SCMSafeModeManager (SCMSafeModeManager.java:validateSafeModeExitRules(214)) - AtleastOneDatanodeReportedRule rule is successfully validated
2020-12-17 02:12:38,802 [Listener at 127.0.0.1/37391] INFO  ozone.MiniOzoneClusterImpl (MiniOzoneClusterImpl.java:lambda$waitForClusterToBeReady$0(178)) - Nodes are ready. Got 6 of 6 DN Heartbeats.
2020-12-17 02:12:38,803 [Listener at 127.0.0.1/37391] INFO  ozone.MiniOzoneClusterImpl (MiniOzoneClusterImpl.java:lambda$waitForClusterToBeReady$0(181)) - Waiting for cluster to exit safe mode
2020-12-17 02:12:38,894 [EventQueue-PipelineReportForOneReplicaPipelineSafeModeRule] INFO  safemode.SCMSafeModeManager (SCMSafeModeManager.java:validateSafeModeExitRules(214)) - AtleastOneDatanodeReportedRule rule is successfully validated
2020-12-17 02:12:39,100 [EventQueue-PipelineReportForOneReplicaPipelineSafeModeRule] INFO  safemode.SCMSafeModeManager (SCMSafeModeManager.java:validateSafeModeExitRules(214)) - AtleastOneDatanodeReportedRule rule is successfully validated
2020-12-17 02:12:39,297 [EventQueue-PipelineReportForOneReplicaPipelineSafeModeRule] INFO  safemode.SCMSafeModeManager (SCMSafeModeManager.java:validateSafeModeExitRules(214)) - AtleastOneDatanodeReportedRule rule is successfully validated
2020-12-17 02:12:39,503 [EventQueue-PipelineReportForOneReplicaPipelineSafeModeRule] INFO  safemode.SCMSafeModeManager (SCMSafeModeManager.java:validateSafeModeExitRules(214)) - AtleastOneDatanodeReportedRule rule is successfully validated
2020-12-17 02:12:39,702 [Command processor thread] INFO  impl.RaftServerProxy (RaftServerProxy.java:addNew(93)) - b45b6da8-7dd9-434b-afe3-ad98acc018a0: addNew group-8C9593201D1B:[b45b6da8-7dd9-434b-afe3-ad98acc018a0|rpc:172.17.0.2:41361] returns group-8C9593201D1B:java.util.concurrent.CompletableFuture@3b33884f[Not completed]
2020-12-17 02:12:39,703 [EventQueue-PipelineReportForOneReplicaPipelineSafeModeRule] INFO  safemode.SCMSafeModeManager (SCMSafeModeManager.java:validateSafeModeExitRules(214)) - AtleastOneDatanodeReportedRule rule is successfully validated
2020-12-17 02:12:39,703 [pool-1761-thread-1] INFO  impl.RaftServerImpl (RaftServerImpl.java:<init>(121)) - b45b6da8-7dd9-434b-afe3-ad98acc018a0: new RaftServerImpl for group-8C9593201D1B:[b45b6da8-7dd9-434b-afe3-ad98acc018a0|rpc:172.17.0.2:41361] with ContainerStateMachine:uninitialized
2020-12-17 02:12:39,703 [pool-1761-thread-1] INFO  server.RaftServerConfigKeys (ConfUtils.java:logGet(44)) - raft.server.rpc.timeout.min = 5s (custom)
2020-12-17 02:12:39,704 [pool-1761-thread-1] INFO  server.RaftServerConfigKeys (ConfUtils.java:logGet(44)) - raft.server.rpc.timeout.max = 5200ms (custom)
2020-12-17 02:12:39,704 [pool-1761-thread-1] INFO  server.RaftServerConfigKeys (ConfUtils.java:logGet(44)) - raft.server.rpc.slowness.timeout = 300s (custom)
2020-12-17 02:12:39,704 [pool-1761-thread-1] INFO  server.RaftServerConfigKeys (ConfUtils.java:logGet(44)) - raft.server.leaderelection.leader.step-down.wait-time = 10s (default)
2020-12-17 02:12:39,704 [pool-1761-thread-1] INFO  server.RaftServerConfigKeys (ConfUtils.java:logGet(44)) - raft.server.sleep.deviation.threshold = 300 (default)
2020-12-17 02:12:39,704 [pool-1761-thread-1] INFO  server.RaftServerConfigKeys (ConfUtils.java:logGet(44)) - raft.server.log.appender.install.snapshot.enabled = false (custom)
2020-12-17 02:12:39,704 [pool-1761-thread-1] INFO  impl.RaftServerImpl (ServerState.java:<init>(104)) - b45b6da8-7dd9-434b-afe3-ad98acc018a0@group-8C9593201D1B: ConfigurationManager, init=-1: [b45b6da8-7dd9-434b-afe3-ad98acc018a0|rpc:172.17.0.2:41361], old=null, confs=<EMPTY_MAP>
2020-12-17 02:12:39,704 [pool-1761-thread-1] INFO  server.RaftServerConfigKeys (ConfUtils.java:logGet(44)) - raft.server.storage.dir = [/github/workspace/mnt/ozone/hadoop-ozone/integration-test/target/test-dir/MiniOzoneClusterImpl-2a381d17-8836-40f3-94ec-0b892e5c06e0/datanode-0/data/ratis] (custom)
2020-12-17 02:12:39,704 [pool-1761-thread-1] INFO  server.RaftServerConfigKeys (ConfUtils.java:logGet(44)) - raft.server.log.corruption.policy = EXCEPTION (default)
2020-12-17 02:12:39,704 [pool-1761-thread-1] INFO  storage.RaftStorageDirectory (RaftStorageDirectory.java:analyzeStorage(261)) - The storage directory /github/workspace/mnt/ozone/hadoop-ozone/integration-test/target/test-dir/MiniOzoneClusterImpl-2a381d17-8836-40f3-94ec-0b892e5c06e0/datanode-0/data/ratis/ddbd9de5-4c26-484f-af7e-8c9593201d1b does not exist. Creating ...
2020-12-17 02:12:39,706 [pool-1761-thread-1] INFO  storage.RaftStorageDirectory (RaftStorageDirectory.java:tryLock(343)) - Lock on /github/workspace/mnt/ozone/hadoop-ozone/integration-test/target/test-dir/MiniOzoneClusterImpl-2a381d17-8836-40f3-94ec-0b892e5c06e0/datanode-0/data/ratis/ddbd9de5-4c26-484f-af7e-8c9593201d1b/in_use.lock acquired by nodename 8093@89b9adae2c19
2020-12-17 02:12:39,707 [pool-1761-thread-1] INFO  storage.RaftStorage (RaftStorage.java:format(85)) - Storage directory /github/workspace/mnt/ozone/hadoop-ozone/integration-test/target/test-dir/MiniOzoneClusterImpl-2a381d17-8836-40f3-94ec-0b892e5c06e0/datanode-0/data/ratis/ddbd9de5-4c26-484f-af7e-8c9593201d1b has been successfully formatted.
2020-12-17 02:12:39,707 [pool-1761-thread-1] INFO  ratis.ContainerStateMachine (ContainerStateMachine.java:loadSnapshot(225)) - group-8C9593201D1B: The snapshot info is null. Setting the last applied indexto:(t:0, i:~)
2020-12-17 02:12:39,707 [pool-1761-thread-1] INFO  server.RaftServerConfigKeys (ConfUtils.java:logGet(44)) - raft.server.notification.no-leader.timeout = 300s (custom)
2020-12-17 02:12:39,707 [EventQueue-PipelineReportForOneReplicaPipelineSafeModeRule] INFO  safemode.SCMSafeModeManager (SCMSafeModeManager.java:validateSafeModeExitRules(214)) - AtleastOneDatanodeReportedRule rule is successfully validated
2020-12-17 02:12:39,708 [pool-1761-thread-1] INFO  server.RaftServerConfigKeys (ConfUtils.java:logGet(44)) - raft.server.log.use.memory = false (default)
2020-12-17 02:12:39,708 [EventQueue-PipelineReportForPipelineReportHandler] INFO  pipeline.PipelineStateManager (PipelineStateManager.java:openPipeline(132)) - Pipeline Pipeline[ Id: ddbd9de5-4c26-484f-af7e-8c9593201d1b, Nodes: b45b6da8-7dd9-434b-afe3-ad98acc018a0{ip: 172.17.0.2, host: 89b9adae2c19, networkLocation: /default-rack, certSerialId: null, persistedOpState: IN_SERVICE, persistedOpStateExpiryEpochSec: 0}, Type:RATIS, Factor:ONE, State:ALLOCATED, leaderId:b45b6da8-7dd9-434b-afe3-ad98acc018a0, CreationTimestamp2020-12-17T02:12:36.704Z] moved to OPEN state
2020-12-17 02:12:39,708 [pool-1761-thread-1] INFO  server.RaftServerConfigKeys (ConfUtils.java:logGet(44)) - raft.server.log.purge.gap = 1000000 (custom)
2020-12-17 02:12:39,708 [pool-1761-thread-1] INFO  metrics.RatisMetrics (RatisMetrics.java:lambda$create$0(36)) - Creating Metrics Registry : ratis.log_worker.b45b6da8-7dd9-434b-afe3-ad98acc018a0@group-8C9593201D1B
2020-12-17 02:12:39,709 [pool-1761-thread-1] INFO  server.RaftServerConfigKeys (ConfUtils.java:logGet(44)) - raft.server.log.appender.buffer.byte-limit = 33554432 (custom)
2020-12-17 02:12:39,709 [EventQueue-OpenPipelineForHealthyPipelineSafeModeRule] INFO  safemode.SCMSafeModeManager (HealthyPipelineSafeModeRule.java:process(128)) - SCM in safe mode. Healthy pipelines reported count is 0, required healthy pipeline reported count is 1
2020-12-17 02:12:39,710 [pool-1761-thread-1] INFO  server.RaftServerConfigKeys (ConfUtils.java:logGet(44)) - raft.server.log.segment.size.max = 1048576 (custom)
2020-12-17 02:12:39,711 [pool-1761-thread-1] INFO  server.RaftServerConfigKeys (ConfUtils.java:logGet(44)) - raft.server.log.segment.cache.num.max = 2 (custom)
2020-12-17 02:12:39,711 [pool-1761-thread-1] INFO  segmented.SegmentedRaftLogWorker (SegmentedRaftLogWorker.java:<init>(180)) - new b45b6da8-7dd9-434b-afe3-ad98acc018a0@group-8C9593201D1B-SegmentedRaftLogWorker for RaftStorage:Storage Directory /github/workspace/mnt/ozone/hadoop-ozone/integration-test/target/test-dir/MiniOzoneClusterImpl-2a381d17-8836-40f3-94ec-0b892e5c06e0/datanode-0/data/ratis/ddbd9de5-4c26-484f-af7e-8c9593201d1b
2020-12-17 02:12:39,711 [pool-1761-thread-1] INFO  server.RaftServerConfigKeys (ConfUtils.java:logGet(44)) - raft.server.log.queue.byte-limit = 2147483647 (custom)
2020-12-17 02:12:39,711 [pool-1761-thread-1] INFO  server.RaftServerConfigKeys (ConfUtils.java:logGet(44)) - raft.server.log.queue.element-limit = 1024 (custom)
2020-12-17 02:12:39,711 [pool-1761-thread-1] INFO  server.RaftServerConfigKeys (ConfUtils.java:logGet(44)) - raft.server.log.segment.size.max = 1048576 (custom)
2020-12-17 02:12:39,711 [pool-1761-thread-1] INFO  server.RaftServerConfigKeys (ConfUtils.java:logGet(44)) - raft.server.log.preallocated.size = 16384 (custom)
2020-12-17 02:12:39,711 [pool-1761-thread-1] INFO  server.RaftServerConfigKeys (ConfUtils.java:logGet(44)) - raft.server.log.write.buffer.size = 1048576 (custom)
2020-12-17 02:12:39,712 [pool-1761-thread-1] INFO  server.RaftServerConfigKeys (ConfUtils.java:logGet(44)) - raft.server.log.force.sync.num = 128 (default)
2020-12-17 02:12:39,712 [pool-1761-thread-1] INFO  server.RaftServerConfigKeys (ConfUtils.java:logGet(44)) - raft.server.log.statemachine.data.sync = true (default)
2020-12-17 02:12:39,712 [pool-1761-thread-1] INFO  server.RaftServerConfigKeys (ConfUtils.java:logGet(44)) - raft.server.log.statemachine.data.sync.timeout = 10s (default)
2020-12-17 02:12:39,712 [pool-1761-thread-1] INFO  server.RaftServerConfigKeys (ConfUtils.java:logGet(44)) - raft.server.log.statemachine.data.sync.timeout.retry = -1 (default)
2020-12-17 02:12:39,715 [pool-1761-thread-1] INFO  server.RaftServerConfigKeys (ConfUtils.java:logGet(44)) - raft.server.log.statemachine.data.caching.enabled = true (custom)
2020-12-17 02:12:39,715 [pool-1761-thread-1] INFO  segmented.SegmentedRaftLogWorker (SegmentedRaftLogWorker.java:lambda$new$0(129)) - b45b6da8-7dd9-434b-afe3-ad98acc018a0@group-8C9593201D1B-SegmentedRaftLogWorker: flushIndex: setUnconditionally 0 -> -1
2020-12-17 02:12:39,715 [pool-1761-thread-1] INFO  segmented.SegmentedRaftLogWorker (SegmentedRaftLogWorker.java:lambda$new$0(129)) - b45b6da8-7dd9-434b-afe3-ad98acc018a0@group-8C9593201D1B-SegmentedRaftLogWorker: safeCacheEvictIndex: setUnconditionally 0 -> -1
2020-12-17 02:12:39,716 [pool-1761-thread-1] INFO  server.RaftServerConfigKeys (ConfUtils.java:logGet(44)) - raft.server.snapshot.auto.trigger.enabled = true (custom)
2020-12-17 02:12:39,716 [pool-1761-thread-1] INFO  server.RaftServerConfigKeys (ConfUtils.java:logGet(44)) - raft.server.snapshot.auto.trigger.threshold = 10000 (custom)
2020-12-17 02:12:39,716 [pool-1761-thread-1] INFO  server.RaftServerConfigKeys (ConfUtils.java:logGet(44)) - raft.server.snapshot.retention.file.num = 5 (custom)
2020-12-17 02:12:39,716 [pool-1761-thread-1] INFO  server.RaftServerConfigKeys (ConfUtils.java:logGet(44)) - raft.server.log.purge.upto.snapshot.index = false (default)
2020-12-17 02:12:39,716 [pool-1761-thread-1] INFO  server.RaftServerConfigKeys (ConfUtils.java:logGet(44)) - raft.server.retrycache.expirytime = 600000ms (custom)
2020-12-17 02:12:39,716 [pool-1761-thread-1] INFO  metrics.RatisMetrics (RatisMetrics.java:lambda$create$0(36)) - Creating Metrics Registry : ratis.leader_election.b45b6da8-7dd9-434b-afe3-ad98acc018a0@group-8C9593201D1B
2020-12-17 02:12:39,717 [pool-1761-thread-1] INFO  metrics.RatisMetrics (RatisMetrics.java:lambda$create$0(36)) - Creating Metrics Registry : ratis.server.b45b6da8-7dd9-434b-afe3-ad98acc018a0@group-8C9593201D1B
2020-12-17 02:12:39,720 [pool-1761-thread-1] INFO  impl.RaftServerImpl (RaftServerImpl.java:start(215)) - b45b6da8-7dd9-434b-afe3-ad98acc018a0@group-8C9593201D1B: start as a follower, conf=-1: [b45b6da8-7dd9-434b-afe3-ad98acc018a0|rpc:172.17.0.2:41361], old=null
2020-12-17 02:12:39,720 [pool-1761-thread-1] INFO  impl.RaftServerImpl (RaftServerImpl.java:setRole(204)) - b45b6da8-7dd9-434b-afe3-ad98acc018a0@group-8C9593201D1B: changes role from      null to FOLLOWER at term 0 for startAsFollower
2020-12-17 02:12:39,720 [pool-1761-thread-1] INFO  impl.RoleInfo (RoleInfo.java:updateAndGet(143)) - b45b6da8-7dd9-434b-afe3-ad98acc018a0: start b45b6da8-7dd9-434b-afe3-ad98acc018a0@group-8C9593201D1B-FollowerState
2020-12-17 02:12:39,720 [pool-1761-thread-1] INFO  util.JmxRegister (JmxRegister.java:tryRegister(44)) - Successfully registered JMX Bean with object name Ratis:service=RaftServer,group=group-8C9593201D1B,id=b45b6da8-7dd9-434b-afe3-ad98acc018a0
2020-12-17 02:12:39,721 [pool-1761-thread-1] INFO  metrics.RatisMetrics (RatisMetrics.java:lambda$create$0(36)) - Creating Metrics Registry : ratis.state_machine.b45b6da8-7dd9-434b-afe3-ad98acc018a0@group-8C9593201D1B
2020-12-17 02:12:39,726 [Command processor thread] INFO  commandhandler.CreatePipelineCommandHandler (CreatePipelineCommandHandler.java:handle(106)) - Created Pipeline RATIS ONE PipelineID=ddbd9de5-4c26-484f-af7e-8c9593201d1b.
2020-12-17 02:12:39,726 [Command processor thread] INFO  impl.RaftServerProxy (RaftServerProxy.java:addNew(93)) - b45b6da8-7dd9-434b-afe3-ad98acc018a0: addNew group-D44B4C9671A5:[b45b6da8-7dd9-434b-afe3-ad98acc018a0|rpc:172.17.0.2:41361, a5453659-3127-401c-b9c1-bc8f4372128a|rpc:172.17.0.2:33101, 2b1d58b1-e44f-4041-9819-0dd176255f22|rpc:172.17.0.2:40577] returns group-D44B4C9671A5:java.util.concurrent.CompletableFuture@3f0c0bf1[Not completed]
2020-12-17 02:12:39,726 [pool-1761-thread-1] INFO  impl.RaftServerImpl (RaftServerImpl.java:<init>(121)) - b45b6da8-7dd9-434b-afe3-ad98acc018a0: new RaftServerImpl for group-D44B4C9671A5:[b45b6da8-7dd9-434b-afe3-ad98acc018a0|rpc:172.17.0.2:41361, a5453659-3127-401c-b9c1-bc8f4372128a|rpc:172.17.0.2:33101, 2b1d58b1-e44f-4041-9819-0dd176255f22|rpc:172.17.0.2:40577] with ContainerStateMachine:uninitialized
2020-12-17 02:12:39,726 [pool-1761-thread-1] INFO  server.RaftServerConfigKeys (ConfUtils.java:logGet(44)) - raft.server.rpc.timeout.min = 5s (custom)
2020-12-17 02:12:39,726 [pool-1761-thread-1] INFO  server.RaftServerConfigKeys (ConfUtils.java:logGet(44)) - raft.server.rpc.timeout.max = 5200ms (custom)
2020-12-17 02:12:39,726 [pool-1761-thread-1] INFO  server.RaftServerConfigKeys (ConfUtils.java:logGet(44)) - raft.server.rpc.slowness.timeout = 300s (custom)
2020-12-17 02:12:39,726 [pool-1761-thread-1] INFO  server.RaftServerConfigKeys (ConfUtils.java:logGet(44)) - raft.server.leaderelection.leader.step-down.wait-time = 10s (default)
2020-12-17 02:12:39,726 [pool-1761-thread-1] INFO  server.RaftServerConfigKeys (ConfUtils.java:logGet(44)) - raft.server.sleep.deviation.threshold = 300 (default)
2020-12-17 02:12:39,727 [pool-1761-thread-1] INFO  server.RaftServerConfigKeys (ConfUtils.java:logGet(44)) - raft.server.log.appender.install.snapshot.enabled = false (custom)
2020-12-17 02:12:39,727 [pool-1761-thread-1] INFO  impl.RaftServerImpl (ServerState.java:<init>(104)) - b45b6da8-7dd9-434b-afe3-ad98acc018a0@group-D44B4C9671A5: ConfigurationManager, init=-1: [b45b6da8-7dd9-434b-afe3-ad98acc018a0|rpc:172.17.0.2:41361, a5453659-3127-401c-b9c1-bc8f4372128a|rpc:172.17.0.2:33101, 2b1d58b1-e44f-4041-9819-0dd176255f22|rpc:172.17.0.2:40577], old=null, confs=<EMPTY_MAP>
2020-12-17 02:12:39,727 [pool-1761-thread-1] INFO  server.RaftServerConfigKeys (ConfUtils.java:logGet(44)) - raft.server.storage.dir = [/github/workspace/mnt/ozone/hadoop-ozone/integration-test/target/test-dir/MiniOzoneClusterImpl-2a381d17-8836-40f3-94ec-0b892e5c06e0/datanode-0/data/ratis] (custom)
2020-12-17 02:12:39,727 [pool-1761-thread-1] INFO  server.RaftServerConfigKeys (ConfUtils.java:logGet(44)) - raft.server.log.corruption.policy = EXCEPTION (default)
2020-12-17 02:12:39,727 [pool-1761-thread-1] INFO  storage.RaftStorageDirectory (RaftStorageDirectory.java:analyzeStorage(261)) - The storage directory /github/workspace/mnt/ozone/hadoop-ozone/integration-test/target/test-dir/MiniOzoneClusterImpl-2a381d17-8836-40f3-94ec-0b892e5c06e0/datanode-0/data/ratis/b307a657-c31e-4a1d-b181-d44b4c9671a5 does not exist. Creating ...
2020-12-17 02:12:39,729 [pool-1761-thread-1] INFO  storage.RaftStorageDirectory (RaftStorageDirectory.java:tryLock(343)) - Lock on /github/workspace/mnt/ozone/hadoop-ozone/integration-test/target/test-dir/MiniOzoneClusterImpl-2a381d17-8836-40f3-94ec-0b892e5c06e0/datanode-0/data/ratis/b307a657-c31e-4a1d-b181-d44b4c9671a5/in_use.lock acquired by nodename 8093@89b9adae2c19
2020-12-17 02:12:39,730 [pool-1761-thread-1] INFO  storage.RaftStorage (RaftStorage.java:format(85)) - Storage directory /github/workspace/mnt/ozone/hadoop-ozone/integration-test/target/test-dir/MiniOzoneClusterImpl-2a381d17-8836-40f3-94ec-0b892e5c06e0/datanode-0/data/ratis/b307a657-c31e-4a1d-b181-d44b4c9671a5 has been successfully formatted.
2020-12-17 02:12:39,730 [pool-1761-thread-1] INFO  ratis.ContainerStateMachine (ContainerStateMachine.java:loadSnapshot(225)) - group-D44B4C9671A5: The snapshot info is null. Setting the last applied indexto:(t:0, i:~)
2020-12-17 02:12:39,730 [pool-1761-thread-1] INFO  server.RaftServerConfigKeys (ConfUtils.java:logGet(44)) - raft.server.notification.no-leader.timeout = 300s (custom)
2020-12-17 02:12:39,730 [pool-1761-thread-1] INFO  server.RaftServerConfigKeys (ConfUtils.java:logGet(44)) - raft.server.log.use.memory = false (default)
2020-12-17 02:12:39,731 [pool-1761-thread-1] INFO  server.RaftServerConfigKeys (ConfUtils.java:logGet(44)) - raft.server.log.purge.gap = 1000000 (custom)
2020-12-17 02:12:39,731 [pool-1761-thread-1] INFO  metrics.RatisMetrics (RatisMetrics.java:lambda$create$0(36)) - Creating Metrics Registry : ratis.log_worker.b45b6da8-7dd9-434b-afe3-ad98acc018a0@group-D44B4C9671A5
2020-12-17 02:12:39,731 [EventQueue-PipelineReportForOneReplicaPipelineSafeModeRule] INFO  safemode.SCMSafeModeManager (SCMSafeModeManager.java:validateSafeModeExitRules(214)) - AtleastOneDatanodeReportedRule rule is successfully validated
2020-12-17 02:12:39,731 [EventQueue-OpenPipelineForHealthyPipelineSafeModeRule] INFO  safemode.SCMSafeModeManager (HealthyPipelineSafeModeRule.java:process(128)) - SCM in safe mode. Healthy pipelines reported count is 0, required healthy pipeline reported count is 1
2020-12-17 02:12:39,731 [pool-1761-thread-1] INFO  server.RaftServerConfigKeys (ConfUtils.java:logGet(44)) - raft.server.log.appender.buffer.byte-limit = 33554432 (custom)
2020-12-17 02:12:39,731 [pool-1761-thread-1] INFO  server.RaftServerConfigKeys (ConfUtils.java:logGet(44)) - raft.server.log.segment.size.max = 1048576 (custom)
2020-12-17 02:12:39,733 [pool-1761-thread-1] INFO  server.RaftServerConfigKeys (ConfUtils.java:logGet(44)) - raft.server.log.segment.cache.num.max = 2 (custom)
2020-12-17 02:12:39,733 [pool-1761-thread-1] INFO  segmented.SegmentedRaftLogWorker (SegmentedRaftLogWorker.java:<init>(180)) - new b45b6da8-7dd9-434b-afe3-ad98acc018a0@group-D44B4C9671A5-SegmentedRaftLogWorker for RaftStorage:Storage Directory /github/workspace/mnt/ozone/hadoop-ozone/integration-test/target/test-dir/MiniOzoneClusterImpl-2a381d17-8836-40f3-94ec-0b892e5c06e0/datanode-0/data/ratis/b307a657-c31e-4a1d-b181-d44b4c9671a5
2020-12-17 02:12:39,733 [pool-1761-thread-1] INFO  server.RaftServerConfigKeys (ConfUtils.java:logGet(44)) - raft.server.log.queue.byte-limit = 2147483647 (custom)
2020-12-17 02:12:39,733 [pool-1761-thread-1] INFO  server.RaftServerConfigKeys (ConfUtils.java:logGet(44)) - raft.server.log.queue.element-limit = 1024 (custom)
2020-12-17 02:12:39,733 [pool-1761-thread-1] INFO  server.RaftServerConfigKeys (ConfUtils.java:logGet(44)) - raft.server.log.segment.size.max = 1048576 (custom)
2020-12-17 02:12:39,733 [pool-1761-thread-1] INFO  server.RaftServerConfigKeys (ConfUtils.java:logGet(44)) - raft.server.log.preallocated.size = 16384 (custom)
2020-12-17 02:12:39,733 [pool-1761-thread-1] INFO  server.RaftServerConfigKeys (ConfUtils.java:logGet(44)) - raft.server.log.write.buffer.size = 1048576 (custom)
2020-12-17 02:12:39,733 [pool-1761-thread-1] INFO  server.RaftServerConfigKeys (ConfUtils.java:logGet(44)) - raft.server.log.force.sync.num = 128 (default)
2020-12-17 02:12:39,734 [pool-1761-thread-1] INFO  server.RaftServerConfigKeys (ConfUtils.java:logGet(44)) - raft.server.log.statemachine.data.sync = true (default)
2020-12-17 02:12:39,734 [pool-1761-thread-1] INFO  server.RaftServerConfigKeys (ConfUtils.java:logGet(44)) - raft.server.log.statemachine.data.sync.timeout = 10s (default)
2020-12-17 02:12:39,734 [pool-1761-thread-1] INFO  server.RaftServerConfigKeys (ConfUtils.java:logGet(44)) - raft.server.log.statemachine.data.sync.timeout.retry = -1 (default)
2020-12-17 02:12:39,738 [pool-1761-thread-1] INFO  server.RaftServerConfigKeys (ConfUtils.java:logGet(44)) - raft.server.log.statemachine.data.caching.enabled = true (custom)
2020-12-17 02:12:39,739 [pool-1761-thread-1] INFO  segmented.SegmentedRaftLogWorker (SegmentedRaftLogWorker.java:lambda$new$0(129)) - b45b6da8-7dd9-434b-afe3-ad98acc018a0@group-D44B4C9671A5-SegmentedRaftLogWorker: flushIndex: setUnconditionally 0 -> -1
2020-12-17 02:12:39,739 [pool-1761-thread-1] INFO  segmented.SegmentedRaftLogWorker (SegmentedRaftLogWorker.java:lambda$new$0(129)) - b45b6da8-7dd9-434b-afe3-ad98acc018a0@group-D44B4C9671A5-SegmentedRaftLogWorker: safeCacheEvictIndex: setUnconditionally 0 -> -1
2020-12-17 02:12:39,741 [pool-1761-thread-1] INFO  server.RaftServerConfigKeys (ConfUtils.java:logGet(44)) - raft.server.snapshot.auto.trigger.enabled = true (custom)
2020-12-17 02:12:39,742 [pool-1761-thread-1] INFO  server.RaftServerConfigKeys (ConfUtils.java:logGet(44)) - raft.server.snapshot.auto.trigger.threshold = 10000 (custom)
2020-12-17 02:12:39,742 [pool-1761-thread-1] INFO  server.RaftServerConfigKeys (ConfUtils.java:logGet(44)) - raft.server.snapshot.retention.file.num = 5 (custom)
2020-12-17 02:12:39,742 [pool-1761-thread-1] INFO  server.RaftServerConfigKeys (ConfUtils.java:logGet(44)) - raft.server.log.purge.upto.snapshot.index = false (default)
2020-12-17 02:12:39,742 [pool-1761-thread-1] INFO  server.RaftServerConfigKeys (ConfUtils.java:logGet(44)) - raft.server.retrycache.expirytime = 600000ms (custom)
2020-12-17 02:12:39,742 [pool-1761-thread-1] INFO  metrics.RatisMetrics (RatisMetrics.java:lambda$create$0(36)) - Creating Metrics Registry : ratis.leader_election.b45b6da8-7dd9-434b-afe3-ad98acc018a0@group-D44B4C9671A5
2020-12-17 02:12:39,743 [pool-1761-thread-1] INFO  metrics.RatisMetrics (RatisMetrics.java:lambda$create$0(36)) - Creating Metrics Registry : ratis.server.b45b6da8-7dd9-434b-afe3-ad98acc018a0@group-D44B4C9671A5
2020-12-17 02:12:39,746 [pool-1761-thread-1] INFO  impl.RaftServerImpl (RaftServerImpl.java:start(215)) - b45b6da8-7dd9-434b-afe3-ad98acc018a0@group-D44B4C9671A5: start as a follower, conf=-1: [b45b6da8-7dd9-434b-afe3-ad98acc018a0|rpc:172.17.0.2:41361, a5453659-3127-401c-b9c1-bc8f4372128a|rpc:172.17.0.2:33101, 2b1d58b1-e44f-4041-9819-0dd176255f22|rpc:172.17.0.2:40577], old=null
2020-12-17 02:12:39,746 [pool-1761-thread-1] INFO  impl.RaftServerImpl (RaftServerImpl.java:setRole(204)) - b45b6da8-7dd9-434b-afe3-ad98acc018a0@group-D44B4C9671A5: changes role from      null to FOLLOWER at term 0 for startAsFollower
2020-12-17 02:12:39,746 [pool-1761-thread-1] INFO  impl.RoleInfo (RoleInfo.java:updateAndGet(143)) - b45b6da8-7dd9-434b-afe3-ad98acc018a0: start b45b6da8-7dd9-434b-afe3-ad98acc018a0@group-D44B4C9671A5-FollowerState
2020-12-17 02:12:39,746 [pool-1761-thread-1] INFO  util.JmxRegister (JmxRegister.java:tryRegister(44)) - Successfully registered JMX Bean with object name Ratis:service=RaftServer,group=group-D44B4C9671A5,id=b45b6da8-7dd9-434b-afe3-ad98acc018a0
2020-12-17 02:12:39,747 [pool-1761-thread-1] INFO  metrics.RatisMetrics (RatisMetrics.java:lambda$create$0(36)) - Creating Metrics Registry : ratis.state_machine.b45b6da8-7dd9-434b-afe3-ad98acc018a0@group-D44B4C9671A5
2020-12-17 02:12:39,749 [Command processor thread] INFO  metrics.RatisMetrics (RatisMetrics.java:lambda$create$0(36)) - Creating Metrics Registry : ratis.client_message_metrics.client-B416D69A8C1C->a5453659-3127-401c-b9c1-bc8f4372128a
2020-12-17 02:12:39,755 [grpc-default-executor-1] INFO  metrics.RatisMetrics (RatisMetrics.java:lambda$create$0(36)) - Creating Metrics Registry : ratis.server_message_metrics.a5453659-3127-401c-b9c1-bc8f4372128a
2020-12-17 02:12:39,763 [grpc-default-executor-1] INFO  impl.RaftServerProxy (RaftServerProxy.java:addNew(93)) - a5453659-3127-401c-b9c1-bc8f4372128a: addNew group-D44B4C9671A5:[b45b6da8-7dd9-434b-afe3-ad98acc018a0|rpc:172.17.0.2:41361|dataStream:, a5453659-3127-401c-b9c1-bc8f4372128a|rpc:172.17.0.2:33101|dataStream:, 2b1d58b1-e44f-4041-9819-0dd176255f22|rpc:172.17.0.2:40577|dataStream:] returns group-D44B4C9671A5:java.util.concurrent.CompletableFuture@7f615899[Not completed]
2020-12-17 02:12:39,763 [pool-1793-thread-1] INFO  impl.RaftServerImpl (RaftServerImpl.java:<init>(121)) - a5453659-3127-401c-b9c1-bc8f4372128a: new RaftServerImpl for group-D44B4C9671A5:[b45b6da8-7dd9-434b-afe3-ad98acc018a0|rpc:172.17.0.2:41361|dataStream:, a5453659-3127-401c-b9c1-bc8f4372128a|rpc:172.17.0.2:33101|dataStream:, 2b1d58b1-e44f-4041-9819-0dd176255f22|rpc:172.17.0.2:40577|dataStream:] with ContainerStateMachine:uninitialized
2020-12-17 02:12:39,764 [pool-1793-thread-1] INFO  server.RaftServerConfigKeys (ConfUtils.java:logGet(44)) - raft.server.rpc.timeout.min = 5s (custom)
2020-12-17 02:12:39,764 [pool-1793-thread-1] INFO  server.RaftServerConfigKeys (ConfUtils.java:logGet(44)) - raft.server.rpc.timeout.max = 5200ms (custom)
2020-12-17 02:12:39,764 [pool-1793-thread-1] INFO  server.RaftServerConfigKeys (ConfUtils.java:logGet(44)) - raft.server.rpc.slowness.timeout = 300s (custom)
2020-12-17 02:12:39,764 [pool-1793-thread-1] INFO  server.RaftServerConfigKeys (ConfUtils.java:logGet(44)) - raft.server.leaderelection.leader.step-down.wait-time = 10s (default)
2020-12-17 02:12:39,764 [pool-1793-thread-1] INFO  server.RaftServerConfigKeys (ConfUtils.java:logGet(44)) - raft.server.sleep.deviation.threshold = 300 (default)
2020-12-17 02:12:39,764 [pool-1793-thread-1] INFO  server.RaftServerConfigKeys (ConfUtils.java:logGet(44)) - raft.server.log.appender.install.snapshot.enabled = false (custom)
2020-12-17 02:12:39,764 [pool-1793-thread-1] INFO  impl.RaftServerImpl (ServerState.java:<init>(104)) - a5453659-3127-401c-b9c1-bc8f4372128a@group-D44B4C9671A5: ConfigurationManager, init=-1: [b45b6da8-7dd9-434b-afe3-ad98acc018a0|rpc:172.17.0.2:41361|dataStream:, a5453659-3127-401c-b9c1-bc8f4372128a|rpc:172.17.0.2:33101|dataStream:, 2b1d58b1-e44f-4041-9819-0dd176255f22|rpc:172.17.0.2:40577|dataStream:], old=null, confs=<EMPTY_MAP>
2020-12-17 02:12:39,764 [pool-1793-thread-1] INFO  server.RaftServerConfigKeys (ConfUtils.java:logGet(44)) - raft.server.storage.dir = [/github/workspace/mnt/ozone/hadoop-ozone/integration-test/target/test-dir/MiniOzoneClusterImpl-2a381d17-8836-40f3-94ec-0b892e5c06e0/datanode-2/data/ratis] (custom)
2020-12-17 02:12:39,764 [pool-1793-thread-1] INFO  server.RaftServerConfigKeys (ConfUtils.java:logGet(44)) - raft.server.log.corruption.policy = EXCEPTION (default)
2020-12-17 02:12:39,764 [pool-1793-thread-1] INFO  storage.RaftStorageDirectory (RaftStorageDirectory.java:analyzeStorage(261)) - The storage directory /github/workspace/mnt/ozone/hadoop-ozone/integration-test/target/test-dir/MiniOzoneClusterImpl-2a381d17-8836-40f3-94ec-0b892e5c06e0/datanode-2/data/ratis/b307a657-c31e-4a1d-b181-d44b4c9671a5 does not exist. Creating ...
2020-12-17 02:12:39,766 [pool-1793-thread-1] INFO  storage.RaftStorageDirectory (RaftStorageDirectory.java:tryLock(343)) - Lock on /github/workspace/mnt/ozone/hadoop-ozone/integration-test/target/test-dir/MiniOzoneClusterImpl-2a381d17-8836-40f3-94ec-0b892e5c06e0/datanode-2/data/ratis/b307a657-c31e-4a1d-b181-d44b4c9671a5/in_use.lock acquired by nodename 8093@89b9adae2c19
2020-12-17 02:12:39,767 [pool-1793-thread-1] INFO  storage.RaftStorage (RaftStorage.java:format(85)) - Storage directory /github/workspace/mnt/ozone/hadoop-ozone/integration-test/target/test-dir/MiniOzoneClusterImpl-2a381d17-8836-40f3-94ec-0b892e5c06e0/datanode-2/data/ratis/b307a657-c31e-4a1d-b181-d44b4c9671a5 has been successfully formatted.
2020-12-17 02:12:39,767 [EventQueue-PipelineReportForOneReplicaPipelineSafeModeRule] INFO  safemode.SCMSafeModeManager (SCMSafeModeManager.java:validateSafeModeExitRules(214)) - AtleastOneDatanodeReportedRule rule is successfully validated
2020-12-17 02:12:39,768 [pool-1793-thread-1] INFO  ratis.ContainerStateMachine (ContainerStateMachine.java:loadSnapshot(225)) - group-D44B4C9671A5: The snapshot info is null. Setting the last applied indexto:(t:0, i:~)
2020-12-17 02:12:39,768 [pool-1793-thread-1] INFO  server.RaftServerConfigKeys (ConfUtils.java:logGet(44)) - raft.server.notification.no-leader.timeout = 300s (custom)
2020-12-17 02:12:39,768 [pool-1793-thread-1] INFO  server.RaftServerConfigKeys (ConfUtils.java:logGet(44)) - raft.server.log.use.memory = false (default)
2020-12-17 02:12:39,768 [pool-1793-thread-1] INFO  server.RaftServerConfigKeys (ConfUtils.java:logGet(44)) - raft.server.log.purge.gap = 1000000 (custom)
2020-12-17 02:12:39,768 [pool-1793-thread-1] INFO  metrics.RatisMetrics (RatisMetrics.java:lambda$create$0(36)) - Creating Metrics Registry : ratis.log_worker.a5453659-3127-401c-b9c1-bc8f4372128a@group-D44B4C9671A5
2020-12-17 02:12:39,768 [pool-1793-thread-1] INFO  server.RaftServerConfigKeys (ConfUtils.java:logGet(44)) - raft.server.log.appender.buffer.byte-limit = 33554432 (custom)
2020-12-17 02:12:39,768 [pool-1793-thread-1] INFO  server.RaftServerConfigKeys (ConfUtils.java:logGet(44)) - raft.server.log.segment.size.max = 1048576 (custom)
2020-12-17 02:12:39,770 [pool-1793-thread-1] INFO  server.RaftServerConfigKeys (ConfUtils.java:logGet(44)) - raft.server.log.segment.cache.num.max = 2 (custom)
2020-12-17 02:12:39,770 [pool-1793-thread-1] INFO  segmented.SegmentedRaftLogWorker (SegmentedRaftLogWorker.java:<init>(180)) - new a5453659-3127-401c-b9c1-bc8f4372128a@group-D44B4C9671A5-SegmentedRaftLogWorker for RaftStorage:Storage Directory /github/workspace/mnt/ozone/hadoop-ozone/integration-test/target/test-dir/MiniOzoneClusterImpl-2a381d17-8836-40f3-94ec-0b892e5c06e0/datanode-2/data/ratis/b307a657-c31e-4a1d-b181-d44b4c9671a5
2020-12-17 02:12:39,770 [pool-1793-thread-1] INFO  server.RaftServerConfigKeys (ConfUtils.java:logGet(44)) - raft.server.log.queue.byte-limit = 2147483647 (custom)
2020-12-17 02:12:39,770 [pool-1793-thread-1] INFO  server.RaftServerConfigKeys (ConfUtils.java:logGet(44)) - raft.server.log.queue.element-limit = 1024 (custom)
2020-12-17 02:12:39,770 [pool-1793-thread-1] INFO  server.RaftServerConfigKeys (ConfUtils.java:logGet(44)) - raft.server.log.segment.size.max = 1048576 (custom)
2020-12-17 02:12:39,771 [pool-1793-thread-1] INFO  server.RaftServerConfigKeys (ConfUtils.java:logGet(44)) - raft.server.log.preallocated.size = 16384 (custom)
2020-12-17 02:12:39,771 [pool-1793-thread-1] INFO  server.RaftServerConfigKeys (ConfUtils.java:logGet(44)) - raft.server.log.write.buffer.size = 1048576 (custom)
2020-12-17 02:12:39,771 [pool-1793-thread-1] INFO  server.RaftServerConfigKeys (ConfUtils.java:logGet(44)) - raft.server.log.force.sync.num = 128 (default)
2020-12-17 02:12:39,771 [pool-1793-thread-1] INFO  server.RaftServerConfigKeys (ConfUtils.java:logGet(44)) - raft.server.log.statemachine.data.sync = true (default)
2020-12-17 02:12:39,771 [pool-1793-thread-1] INFO  server.RaftServerConfigKeys (ConfUtils.java:logGet(44)) - raft.server.log.statemachine.data.sync.timeout = 10s (default)
2020-12-17 02:12:39,771 [pool-1793-thread-1] INFO  server.RaftServerConfigKeys (ConfUtils.java:logGet(44)) - raft.server.log.statemachine.data.sync.timeout.retry = -1 (default)
2020-12-17 02:12:39,775 [pool-1793-thread-1] INFO  server.RaftServerConfigKeys (ConfUtils.java:logGet(44)) - raft.server.log.statemachine.data.caching.enabled = true (custom)
2020-12-17 02:12:39,775 [pool-1793-thread-1] INFO  segmented.SegmentedRaftLogWorker (SegmentedRaftLogWorker.java:lambda$new$0(129)) - a5453659-3127-401c-b9c1-bc8f4372128a@group-D44B4C9671A5-SegmentedRaftLogWorker: flushIndex: setUnconditionally 0 -> -1
2020-12-17 02:12:39,775 [pool-1793-thread-1] INFO  segmented.SegmentedRaftLogWorker (SegmentedRaftLogWorker.java:lambda$new$0(129)) - a5453659-3127-401c-b9c1-bc8f4372128a@group-D44B4C9671A5-SegmentedRaftLogWorker: safeCacheEvictIndex: setUnconditionally 0 -> -1
2020-12-17 02:12:39,775 [pool-1793-thread-1] INFO  server.RaftServerConfigKeys (ConfUtils.java:logGet(44)) - raft.server.snapshot.auto.trigger.enabled = true (custom)
2020-12-17 02:12:39,776 [pool-1793-thread-1] INFO  server.RaftServerConfigKeys (ConfUtils.java:logGet(44)) - raft.server.snapshot.auto.trigger.threshold = 10000 (custom)
2020-12-17 02:12:39,776 [pool-1793-thread-1] INFO  server.RaftServerConfigKeys (ConfUtils.java:logGet(44)) - raft.server.snapshot.retention.file.num = 5 (custom)
2020-12-17 02:12:39,776 [pool-1793-thread-1] INFO  server.RaftServerConfigKeys (ConfUtils.java:logGet(44)) - raft.server.log.purge.upto.snapshot.index = false (default)
2020-12-17 02:12:39,776 [pool-1793-thread-1] INFO  server.RaftServerConfigKeys (ConfUtils.java:logGet(44)) - raft.server.retrycache.expirytime = 600000ms (custom)
2020-12-17 02:12:39,776 [pool-1793-thread-1] INFO  metrics.RatisMetrics (RatisMetrics.java:lambda$create$0(36)) - Creating Metrics Registry : ratis.leader_election.a5453659-3127-401c-b9c1-bc8f4372128a@group-D44B4C9671A5
2020-12-17 02:12:39,777 [pool-1793-thread-1] INFO  metrics.RatisMetrics (RatisMetrics.java:lambda$create$0(36)) - Creating Metrics Registry : ratis.server.a5453659-3127-401c-b9c1-bc8f4372128a@group-D44B4C9671A5
2020-12-17 02:12:39,780 [pool-1793-thread-1] INFO  impl.RaftServerImpl (RaftServerImpl.java:start(215)) - a5453659-3127-401c-b9c1-bc8f4372128a@group-D44B4C9671A5: start as a follower, conf=-1: [b45b6da8-7dd9-434b-afe3-ad98acc018a0|rpc:172.17.0.2:41361|dataStream:, a5453659-3127-401c-b9c1-bc8f4372128a|rpc:172.17.0.2:33101|dataStream:, 2b1d58b1-e44f-4041-9819-0dd176255f22|rpc:172.17.0.2:40577|dataStream:], old=null
2020-12-17 02:12:39,780 [pool-1793-thread-1] INFO  impl.RaftServerImpl (RaftServerImpl.java:setRole(204)) - a5453659-3127-401c-b9c1-bc8f4372128a@group-D44B4C9671A5: changes role from      null to FOLLOWER at term 0 for startAsFollower
2020-12-17 02:12:39,780 [pool-1793-thread-1] INFO  impl.RoleInfo (RoleInfo.java:updateAndGet(143)) - a5453659-3127-401c-b9c1-bc8f4372128a: start a5453659-3127-401c-b9c1-bc8f4372128a@group-D44B4C9671A5-FollowerState
2020-12-17 02:12:39,780 [pool-1793-thread-1] INFO  util.JmxRegister (JmxRegister.java:tryRegister(44)) - Successfully registered JMX Bean with object name Ratis:service=RaftServer,group=group-D44B4C9671A5,id=a5453659-3127-401c-b9c1-bc8f4372128a
2020-12-17 02:12:39,780 [pool-1793-thread-1] INFO  metrics.RatisMetrics (RatisMetrics.java:lambda$create$0(36)) - Creating Metrics Registry : ratis.state_machine.a5453659-3127-401c-b9c1-bc8f4372128a@group-D44B4C9671A5
2020-12-17 02:12:39,795 [Command processor thread] INFO  metrics.RatisMetrics (RatisMetrics.java:lambda$create$0(36)) - Creating Metrics Registry : ratis.client_message_metrics.client-AB1511A5C3F6->2b1d58b1-e44f-4041-9819-0dd176255f22
2020-12-17 02:12:39,800 [grpc-default-executor-1] INFO  metrics.RatisMetrics (RatisMetrics.java:lambda$create$0(36)) - Creating Metrics Registry : ratis.server_message_metrics.2b1d58b1-e44f-4041-9819-0dd176255f22
2020-12-17 02:12:39,802 [EventQueue-PipelineReportForOneReplicaPipelineSafeModeRule] INFO  safemode.SCMSafeModeManager (SCMSafeModeManager.java:validateSafeModeExitRules(214)) - AtleastOneDatanodeReportedRule rule is successfully validated
2020-12-17 02:12:39,803 [Listener at 127.0.0.1/37391] INFO  ozone.MiniOzoneClusterImpl (MiniOzoneClusterImpl.java:lambda$waitForClusterToBeReady$0(178)) - Nodes are ready. Got 6 of 6 DN Heartbeats.
2020-12-17 02:12:39,803 [Listener at 127.0.0.1/37391] INFO  ozone.MiniOzoneClusterImpl (MiniOzoneClusterImpl.java:lambda$waitForClusterToBeReady$0(181)) - Waiting for cluster to exit safe mode
2020-12-17 02:12:39,805 [grpc-default-executor-1] INFO  impl.RaftServerProxy (RaftServerProxy.java:addNew(93)) - 2b1d58b1-e44f-4041-9819-0dd176255f22: addNew group-D44B4C9671A5:[b45b6da8-7dd9-434b-afe3-ad98acc018a0|rpc:172.17.0.2:41361|dataStream:, a5453659-3127-401c-b9c1-bc8f4372128a|rpc:172.17.0.2:33101|dataStream:, 2b1d58b1-e44f-4041-9819-0dd176255f22|rpc:172.17.0.2:40577|dataStream:] returns group-D44B4C9671A5:java.util.concurrent.CompletableFuture@75453ac8[Not completed]
2020-12-17 02:12:39,806 [pool-1777-thread-1] INFO  impl.RaftServerImpl (RaftServerImpl.java:<init>(121)) - 2b1d58b1-e44f-4041-9819-0dd176255f22: new RaftServerImpl for group-D44B4C9671A5:[b45b6da8-7dd9-434b-afe3-ad98acc018a0|rpc:172.17.0.2:41361|dataStream:, a5453659-3127-401c-b9c1-bc8f4372128a|rpc:172.17.0.2:33101|dataStream:, 2b1d58b1-e44f-4041-9819-0dd176255f22|rpc:172.17.0.2:40577|dataStream:] with ContainerStateMachine:uninitialized
2020-12-17 02:12:39,806 [pool-1777-thread-1] INFO  server.RaftServerConfigKeys (ConfUtils.java:logGet(44)) - raft.server.rpc.timeout.min = 5s (custom)
2020-12-17 02:12:39,806 [pool-1777-thread-1] INFO  server.RaftServerConfigKeys (ConfUtils.java:logGet(44)) - raft.server.rpc.timeout.max = 5200ms (custom)
2020-12-17 02:12:39,806 [pool-1777-thread-1] INFO  server.RaftServerConfigKeys (ConfUtils.java:logGet(44)) - raft.server.rpc.slowness.timeout = 300s (custom)
2020-12-17 02:12:39,807 [pool-1777-thread-1] INFO  server.RaftServerConfigKeys (ConfUtils.java:logGet(44)) - raft.server.leaderelection.leader.step-down.wait-time = 10s (default)
2020-12-17 02:12:39,807 [pool-1777-thread-1] INFO  server.RaftServerConfigKeys (ConfUtils.java:logGet(44)) - raft.server.sleep.deviation.threshold = 300 (default)
2020-12-17 02:12:39,807 [pool-1777-thread-1] INFO  server.RaftServerConfigKeys (ConfUtils.java:logGet(44)) - raft.server.log.appender.install.snapshot.enabled = false (custom)
2020-12-17 02:12:39,807 [pool-1777-thread-1] INFO  impl.RaftServerImpl (ServerState.java:<init>(104)) - 2b1d58b1-e44f-4041-9819-0dd176255f22@group-D44B4C9671A5: ConfigurationManager, init=-1: [b45b6da8-7dd9-434b-afe3-ad98acc018a0|rpc:172.17.0.2:41361|dataStream:, a5453659-3127-401c-b9c1-bc8f4372128a|rpc:172.17.0.2:33101|dataStream:, 2b1d58b1-e44f-4041-9819-0dd176255f22|rpc:172.17.0.2:40577|dataStream:], old=null, confs=<EMPTY_MAP>
2020-12-17 02:12:39,807 [pool-1777-thread-1] INFO  server.RaftServerConfigKeys (ConfUtils.java:logGet(44)) - raft.server.storage.dir = [/github/workspace/mnt/ozone/hadoop-ozone/integration-test/target/test-dir/MiniOzoneClusterImpl-2a381d17-8836-40f3-94ec-0b892e5c06e0/datanode-1/data/ratis] (custom)
2020-12-17 02:12:39,807 [pool-1777-thread-1] INFO  server.RaftServerConfigKeys (ConfUtils.java:logGet(44)) - raft.server.log.corruption.policy = EXCEPTION (default)
2020-12-17 02:12:39,807 [pool-1777-thread-1] INFO  storage.RaftStorageDirectory (RaftStorageDirectory.java:analyzeStorage(261)) - The storage directory /github/workspace/mnt/ozone/hadoop-ozone/integration-test/target/test-dir/MiniOzoneClusterImpl-2a381d17-8836-40f3-94ec-0b892e5c06e0/datanode-1/data/ratis/b307a657-c31e-4a1d-b181-d44b4c9671a5 does not exist. Creating ...
2020-12-17 02:12:39,808 [pool-1777-thread-1] INFO  storage.RaftStorageDirectory (RaftStorageDirectory.java:tryLock(343)) - Lock on /github/workspace/mnt/ozone/hadoop-ozone/integration-test/target/test-dir/MiniOzoneClusterImpl-2a381d17-8836-40f3-94ec-0b892e5c06e0/datanode-1/data/ratis/b307a657-c31e-4a1d-b181-d44b4c9671a5/in_use.lock acquired by nodename 8093@89b9adae2c19
2020-12-17 02:12:39,810 [pool-1777-thread-1] INFO  storage.RaftStorage (RaftStorage.java:format(85)) - Storage directory /github/workspace/mnt/ozone/hadoop-ozone/integration-test/target/test-dir/MiniOzoneClusterImpl-2a381d17-8836-40f3-94ec-0b892e5c06e0/datanode-1/data/ratis/b307a657-c31e-4a1d-b181-d44b4c9671a5 has been successfully formatted.
2020-12-17 02:12:39,810 [pool-1777-thread-1] INFO  ratis.ContainerStateMachine (ContainerStateMachine.java:loadSnapshot(225)) - group-D44B4C9671A5: The snapshot info is null. Setting the last applied indexto:(t:0, i:~)
2020-12-17 02:12:39,810 [EventQueue-PipelineReportForOneReplicaPipelineSafeModeRule] INFO  safemode.SCMSafeModeManager (SCMSafeModeManager.java:validateSafeModeExitRules(214)) - AtleastOneDatanodeReportedRule rule is successfully validated
2020-12-17 02:12:39,811 [pool-1777-thread-1] INFO  server.RaftServerConfigKeys (ConfUtils.java:logGet(44)) - raft.server.notification.no-leader.timeout = 300s (custom)
2020-12-17 02:12:39,811 [pool-1777-thread-1] INFO  server.RaftServerConfigKeys (ConfUtils.java:logGet(44)) - raft.server.log.use.memory = false (default)
2020-12-17 02:12:39,811 [pool-1777-thread-1] INFO  server.RaftServerConfigKeys (ConfUtils.java:logGet(44)) - raft.server.log.purge.gap = 1000000 (custom)
2020-12-17 02:12:39,811 [pool-1777-thread-1] INFO  metrics.RatisMetrics (RatisMetrics.java:lambda$create$0(36)) - Creating Metrics Registry : ratis.log_worker.2b1d58b1-e44f-4041-9819-0dd176255f22@group-D44B4C9671A5
2020-12-17 02:12:39,811 [pool-1777-thread-1] INFO  server.RaftServerConfigKeys (ConfUtils.java:logGet(44)) - raft.server.log.appender.buffer.byte-limit = 33554432 (custom)
2020-12-17 02:12:39,811 [pool-1777-thread-1] INFO  server.RaftServerConfigKeys (ConfUtils.java:logGet(44)) - raft.server.log.segment.size.max = 1048576 (custom)
2020-12-17 02:12:39,813 [pool-1777-thread-1] INFO  server.RaftServerConfigKeys (ConfUtils.java:logGet(44)) - raft.server.log.segment.cache.num.max = 2 (custom)
2020-12-17 02:12:39,813 [pool-1777-thread-1] INFO  segmented.SegmentedRaftLogWorker (SegmentedRaftLogWorker.java:<init>(180)) - new 2b1d58b1-e44f-4041-9819-0dd176255f22@group-D44B4C9671A5-SegmentedRaftLogWorker for RaftStorage:Storage Directory /github/workspace/mnt/ozone/hadoop-ozone/integration-test/target/test-dir/MiniOzoneClusterImpl-2a381d17-8836-40f3-94ec-0b892e5c06e0/datanode-1/data/ratis/b307a657-c31e-4a1d-b181-d44b4c9671a5
2020-12-17 02:12:39,813 [pool-1777-thread-1] INFO  server.RaftServerConfigKeys (ConfUtils.java:logGet(44)) - raft.server.log.queue.byte-limit = 2147483647 (custom)
2020-12-17 02:12:39,813 [pool-1777-thread-1] INFO  server.RaftServerConfigKeys (ConfUtils.java:logGet(44)) - raft.server.log.queue.element-limit = 1024 (custom)
2020-12-17 02:12:39,813 [pool-1777-thread-1] INFO  server.RaftServerConfigKeys (ConfUtils.java:logGet(44)) - raft.server.log.segment.size.max = 1048576 (custom)
2020-12-17 02:12:39,813 [pool-1777-thread-1] INFO  server.RaftServerConfigKeys (ConfUtils.java:logGet(44)) - raft.server.log.preallocated.size = 16384 (custom)
2020-12-17 02:12:39,813 [pool-1777-thread-1] INFO  server.RaftServerConfigKeys (ConfUtils.java:logGet(44)) - raft.server.log.write.buffer.size = 1048576 (custom)
2020-12-17 02:12:39,813 [pool-1777-thread-1] INFO  server.RaftServerConfigKeys (ConfUtils.java:logGet(44)) - raft.server.log.force.sync.num = 128 (default)
2020-12-17 02:12:39,813 [pool-1777-thread-1] INFO  server.RaftServerConfigKeys (ConfUtils.java:logGet(44)) - raft.server.log.statemachine.data.sync = true (default)
2020-12-17 02:12:39,814 [pool-1777-thread-1] INFO  server.RaftServerConfigKeys (ConfUtils.java:logGet(44)) - raft.server.log.statemachine.data.sync.timeout = 10s (default)
2020-12-17 02:12:39,814 [pool-1777-thread-1] INFO  server.RaftServerConfigKeys (ConfUtils.java:logGet(44)) - raft.server.log.statemachine.data.sync.timeout.retry = -1 (default)
2020-12-17 02:12:39,817 [pool-1777-thread-1] INFO  server.RaftServerConfigKeys (ConfUtils.java:logGet(44)) - raft.server.log.statemachine.data.caching.enabled = true (custom)
2020-12-17 02:12:39,817 [pool-1777-thread-1] INFO  segmented.SegmentedRaftLogWorker (SegmentedRaftLogWorker.java:lambda$new$0(129)) - 2b1d58b1-e44f-4041-9819-0dd176255f22@group-D44B4C9671A5-SegmentedRaftLogWorker: flushIndex: setUnconditionally 0 -> -1
2020-12-17 02:12:39,818 [pool-1777-thread-1] INFO  segmented.SegmentedRaftLogWorker (SegmentedRaftLogWorker.java:lambda$new$0(129)) - 2b1d58b1-e44f-4041-9819-0dd176255f22@group-D44B4C9671A5-SegmentedRaftLogWorker: safeCacheEvictIndex: setUnconditionally 0 -> -1
2020-12-17 02:12:39,818 [pool-1777-thread-1] INFO  server.RaftServerConfigKeys (ConfUtils.java:logGet(44)) - raft.server.snapshot.auto.trigger.enabled = true (custom)
2020-12-17 02:12:39,818 [pool-1777-thread-1] INFO  server.RaftServerConfigKeys (ConfUtils.java:logGet(44)) - raft.server.snapshot.auto.trigger.threshold = 10000 (custom)
2020-12-17 02:12:39,818 [pool-1777-thread-1] INFO  server.RaftServerConfigKeys (ConfUtils.java:logGet(44)) - raft.server.snapshot.retention.file.num = 5 (custom)
2020-12-17 02:12:39,818 [pool-1777-thread-1] INFO  server.RaftServerConfigKeys (ConfUtils.java:logGet(44)) - raft.server.log.purge.upto.snapshot.index = false (default)
2020-12-17 02:12:39,818 [pool-1777-thread-1] INFO  server.RaftServerConfigKeys (ConfUtils.java:logGet(44)) - raft.server.retrycache.expirytime = 600000ms (custom)
2020-12-17 02:12:39,818 [pool-1777-thread-1] INFO  metrics.RatisMetrics (RatisMetrics.java:lambda$create$0(36)) - Creating Metrics Registry : ratis.leader_election.2b1d58b1-e44f-4041-9819-0dd176255f22@group-D44B4C9671A5
2020-12-17 02:12:39,819 [pool-1777-thread-1] INFO  metrics.RatisMetrics (RatisMetrics.java:lambda$create$0(36)) - Creating Metrics Registry : ratis.server.2b1d58b1-e44f-4041-9819-0dd176255f22@group-D44B4C9671A5
2020-12-17 02:12:39,822 [pool-1777-thread-1] INFO  impl.RaftServerImpl (RaftServerImpl.java:start(215)) - 2b1d58b1-e44f-4041-9819-0dd176255f22@group-D44B4C9671A5: start as a follower, conf=-1: [b45b6da8-7dd9-434b-afe3-ad98acc018a0|rpc:172.17.0.2:41361|dataStream:, a5453659-3127-401c-b9c1-bc8f4372128a|rpc:172.17.0.2:33101|dataStream:, 2b1d58b1-e44f-4041-9819-0dd176255f22|rpc:172.17.0.2:40577|dataStream:], old=null
2020-12-17 02:12:39,822 [pool-1777-thread-1] INFO  impl.RaftServerImpl (RaftServerImpl.java:setRole(204)) - 2b1d58b1-e44f-4041-9819-0dd176255f22@group-D44B4C9671A5: changes role from      null to FOLLOWER at term 0 for startAsFollower
2020-12-17 02:12:39,822 [pool-1777-thread-1] INFO  impl.RoleInfo (RoleInfo.java:updateAndGet(143)) - 2b1d58b1-e44f-4041-9819-0dd176255f22: start 2b1d58b1-e44f-4041-9819-0dd176255f22@group-D44B4C9671A5-FollowerState
2020-12-17 02:12:39,822 [pool-1777-thread-1] INFO  util.JmxRegister (JmxRegister.java:tryRegister(44)) - Successfully registered JMX Bean with object name Ratis:service=RaftServer,group=group-D44B4C9671A5,id=2b1d58b1-e44f-4041-9819-0dd176255f22
2020-12-17 02:12:39,822 [pool-1777-thread-1] INFO  metrics.RatisMetrics (RatisMetrics.java:lambda$create$0(36)) - Creating Metrics Registry : ratis.state_machine.2b1d58b1-e44f-4041-9819-0dd176255f22@group-D44B4C9671A5
2020-12-17 02:12:39,828 [Command processor thread] INFO  commandhandler.CreatePipelineCommandHandler (CreatePipelineCommandHandler.java:handle(106)) - Created Pipeline RATIS THREE PipelineID=b307a657-c31e-4a1d-b181-d44b4c9671a5.
2020-12-17 02:12:39,894 [Command processor thread] INFO  impl.RaftServerProxy (RaftServerProxy.java:addNew(93)) - 2b1d58b1-e44f-4041-9819-0dd176255f22: addNew group-29143985BDB4:[2b1d58b1-e44f-4041-9819-0dd176255f22|rpc:172.17.0.2:40577] returns group-29143985BDB4:java.util.concurrent.CompletableFuture@1b2ad8ce[Not completed]
2020-12-17 02:12:39,895 [pool-1777-thread-1] INFO  impl.RaftServerImpl (RaftServerImpl.java:<init>(121)) - 2b1d58b1-e44f-4041-9819-0dd176255f22: new RaftServerImpl for group-29143985BDB4:[2b1d58b1-e44f-4041-9819-0dd176255f22|rpc:172.17.0.2:40577] with ContainerStateMachine:uninitialized
2020-12-17 02:12:39,895 [pool-1777-thread-1] INFO  server.RaftServerConfigKeys (ConfUtils.java:logGet(44)) - raft.server.rpc.timeout.min = 5s (custom)
2020-12-17 02:12:39,895 [pool-1777-thread-1] INFO  server.RaftServerConfigKeys (ConfUtils.java:logGet(44)) - raft.server.rpc.timeout.max = 5200ms (custom)
2020-12-17 02:12:39,895 [pool-1777-thread-1] INFO  server.RaftServerConfigKeys (ConfUtils.java:logGet(44)) - raft.server.rpc.slowness.timeout = 300s (custom)
2020-12-17 02:12:39,895 [pool-1777-thread-1] INFO  server.RaftServerConfigKeys (ConfUtils.java:logGet(44)) - raft.server.leaderelection.leader.step-down.wait-time = 10s (default)
2020-12-17 02:12:39,896 [pool-1777-thread-1] INFO  server.RaftServerConfigKeys (ConfUtils.java:logGet(44)) - raft.server.sleep.deviation.threshold = 300 (default)
2020-12-17 02:12:39,896 [pool-1777-thread-1] INFO  server.RaftServerConfigKeys (ConfUtils.java:logGet(44)) - raft.server.log.appender.install.snapshot.enabled = false (custom)
2020-12-17 02:12:39,896 [pool-1777-thread-1] INFO  impl.RaftServerImpl (ServerState.java:<init>(104)) - 2b1d58b1-e44f-4041-9819-0dd176255f22@group-29143985BDB4: ConfigurationManager, init=-1: [2b1d58b1-e44f-4041-9819-0dd176255f22|rpc:172.17.0.2:40577], old=null, confs=<EMPTY_MAP>
2020-12-17 02:12:39,896 [pool-1777-thread-1] INFO  server.RaftServerConfigKeys (ConfUtils.java:logGet(44)) - raft.server.storage.dir = [/github/workspace/mnt/ozone/hadoop-ozone/integration-test/target/test-dir/MiniOzoneClusterImpl-2a381d17-8836-40f3-94ec-0b892e5c06e0/datanode-1/data/ratis] (custom)
2020-12-17 02:12:39,896 [pool-1777-thread-1] INFO  server.RaftServerConfigKeys (ConfUtils.java:logGet(44)) - raft.server.log.corruption.policy = EXCEPTION (default)
2020-12-17 02:12:39,896 [pool-1777-thread-1] INFO  storage.RaftStorageDirectory (RaftStorageDirectory.java:analyzeStorage(261)) - The storage directory /github/workspace/mnt/ozone/hadoop-ozone/integration-test/target/test-dir/MiniOzoneClusterImpl-2a381d17-8836-40f3-94ec-0b892e5c06e0/datanode-1/data/ratis/7541b2f8-ed28-4886-918b-29143985bdb4 does not exist. Creating ...
2020-12-17 02:12:39,897 [pool-1777-thread-1] INFO  storage.RaftStorageDirectory (RaftStorageDirectory.java:tryLock(343)) - Lock on /github/workspace/mnt/ozone/hadoop-ozone/integration-test/target/test-dir/MiniOzoneClusterImpl-2a381d17-8836-40f3-94ec-0b892e5c06e0/datanode-1/data/ratis/7541b2f8-ed28-4886-918b-29143985bdb4/in_use.lock acquired by nodename 8093@89b9adae2c19
2020-12-17 02:12:39,899 [pool-1777-thread-1] INFO  storage.RaftStorage (RaftStorage.java:format(85)) - Storage directory /github/workspace/mnt/ozone/hadoop-ozone/integration-test/target/test-dir/MiniOzoneClusterImpl-2a381d17-8836-40f3-94ec-0b892e5c06e0/datanode-1/data/ratis/7541b2f8-ed28-4886-918b-29143985bdb4 has been successfully formatted.
2020-12-17 02:12:39,899 [pool-1777-thread-1] INFO  ratis.ContainerStateMachine (ContainerStateMachine.java:loadSnapshot(225)) - group-29143985BDB4: The snapshot info is null. Setting the last applied indexto:(t:0, i:~)
2020-12-17 02:12:39,899 [pool-1777-thread-1] INFO  server.RaftServerConfigKeys (ConfUtils.java:logGet(44)) - raft.server.notification.no-leader.timeout = 300s (custom)
2020-12-17 02:12:39,899 [pool-1777-thread-1] INFO  server.RaftServerConfigKeys (ConfUtils.java:logGet(44)) - raft.server.log.use.memory = false (default)
2020-12-17 02:12:39,899 [pool-1777-thread-1] INFO  server.RaftServerConfigKeys (ConfUtils.java:logGet(44)) - raft.server.log.purge.gap = 1000000 (custom)
2020-12-17 02:12:39,899 [pool-1777-thread-1] INFO  metrics.RatisMetrics (RatisMetrics.java:lambda$create$0(36)) - Creating Metrics Registry : ratis.log_worker.2b1d58b1-e44f-4041-9819-0dd176255f22@group-29143985BDB4
2020-12-17 02:12:39,900 [EventQueue-PipelineReportForPipelineReportHandler] INFO  pipeline.PipelineStateManager (PipelineStateManager.java:openPipeline(132)) - Pipeline Pipeline[ Id: 7541b2f8-ed28-4886-918b-29143985bdb4, Nodes: 2b1d58b1-e44f-4041-9819-0dd176255f22{ip: 172.17.0.2, host: 89b9adae2c19, networkLocation: /default-rack, certSerialId: null, persistedOpState: IN_SERVICE, persistedOpStateExpiryEpochSec: 0}, Type:RATIS, Factor:ONE, State:ALLOCATED, leaderId:2b1d58b1-e44f-4041-9819-0dd176255f22, CreationTimestamp2020-12-17T02:12:36.896Z] moved to OPEN state
2020-12-17 02:12:39,900 [EventQueue-PipelineReportForOneReplicaPipelineSafeModeRule] INFO  safemode.SCMSafeModeManager (SCMSafeModeManager.java:validateSafeModeExitRules(214)) - AtleastOneDatanodeReportedRule rule is successfully validated
2020-12-17 02:12:39,900 [EventQueue-OpenPipelineForHealthyPipelineSafeModeRule] INFO  safemode.SCMSafeModeManager (HealthyPipelineSafeModeRule.java:process(128)) - SCM in safe mode. Healthy pipelines reported count is 0, required healthy pipeline reported count is 1
2020-12-17 02:12:39,900 [pool-1777-thread-1] INFO  server.RaftServerConfigKeys (ConfUtils.java:logGet(44)) - raft.server.log.appender.buffer.byte-limit = 33554432 (custom)
2020-12-17 02:12:39,900 [pool-1777-thread-1] INFO  server.RaftServerConfigKeys (ConfUtils.java:logGet(44)) - raft.server.log.segment.size.max = 1048576 (custom)
2020-12-17 02:12:39,902 [pool-1777-thread-1] INFO  server.RaftServerConfigKeys (ConfUtils.java:logGet(44)) - raft.server.log.segment.cache.num.max = 2 (custom)
2020-12-17 02:12:39,902 [pool-1777-thread-1] INFO  segmented.SegmentedRaftLogWorker (SegmentedRaftLogWorker.java:<init>(180)) - new 2b1d58b1-e44f-4041-9819-0dd176255f22@group-29143985BDB4-SegmentedRaftLogWorker for RaftStorage:Storage Directory /github/workspace/mnt/ozone/hadoop-ozone/integration-test/target/test-dir/MiniOzoneClusterImpl-2a381d17-8836-40f3-94ec-0b892e5c06e0/datanode-1/data/ratis/7541b2f8-ed28-4886-918b-29143985bdb4
2020-12-17 02:12:39,902 [pool-1777-thread-1] INFO  server.RaftServerConfigKeys (ConfUtils.java:logGet(44)) - raft.server.log.queue.byte-limit = 2147483647 (custom)
2020-12-17 02:12:39,902 [pool-1777-thread-1] INFO  server.RaftServerConfigKeys (ConfUtils.java:logGet(44)) - raft.server.log.queue.element-limit = 1024 (custom)
2020-12-17 02:12:39,902 [pool-1777-thread-1] INFO  server.RaftServerConfigKeys (ConfUtils.java:logGet(44)) - raft.server.log.segment.size.max = 1048576 (custom)
2020-12-17 02:12:39,902 [pool-1777-thread-1] INFO  server.RaftServerConfigKeys (ConfUtils.java:logGet(44)) - raft.server.log.preallocated.size = 16384 (custom)
2020-12-17 02:12:39,902 [pool-1777-thread-1] INFO  server.RaftServerConfigKeys (ConfUtils.java:logGet(44)) - raft.server.log.write.buffer.size = 1048576 (custom)
2020-12-17 02:12:39,902 [pool-1777-thread-1] INFO  server.RaftServerConfigKeys (ConfUtils.java:logGet(44)) - raft.server.log.force.sync.num = 128 (default)
2020-12-17 02:12:39,902 [pool-1777-thread-1] INFO  server.RaftServerConfigKeys (ConfUtils.java:logGet(44)) - raft.server.log.statemachine.data.sync = true (default)
2020-12-17 02:12:39,902 [pool-1777-thread-1] INFO  server.RaftServerConfigKeys (ConfUtils.java:logGet(44)) - raft.server.log.statemachine.data.sync.timeout = 10s (default)
2020-12-17 02:12:39,903 [pool-1777-thread-1] INFO  server.RaftServerConfigKeys (ConfUtils.java:logGet(44)) - raft.server.log.statemachine.data.sync.timeout.retry = -1 (default)
2020-12-17 02:12:39,906 [pool-1777-thread-1] INFO  server.RaftServerConfigKeys (ConfUtils.java:logGet(44)) - raft.server.log.statemachine.data.caching.enabled = true (custom)
2020-12-17 02:12:39,906 [pool-1777-thread-1] INFO  segmented.SegmentedRaftLogWorker (SegmentedRaftLogWorker.java:lambda$new$0(129)) - 2b1d58b1-e44f-4041-9819-0dd176255f22@group-29143985BDB4-SegmentedRaftLogWorker: flushIndex: setUnconditionally 0 -> -1
2020-12-17 02:12:39,906 [pool-1777-thread-1] INFO  segmented.SegmentedRaftLogWorker (SegmentedRaftLogWorker.java:lambda$new$0(129)) - 2b1d58b1-e44f-4041-9819-0dd176255f22@group-29143985BDB4-SegmentedRaftLogWorker: safeCacheEvictIndex: setUnconditionally 0 -> -1
2020-12-17 02:12:39,906 [pool-1777-thread-1] INFO  server.RaftServerConfigKeys (ConfUtils.java:logGet(44)) - raft.server.snapshot.auto.trigger.enabled = true (custom)
2020-12-17 02:12:39,906 [pool-1777-thread-1] INFO  server.RaftServerConfigKeys (ConfUtils.java:logGet(44)) - raft.server.snapshot.auto.trigger.threshold = 10000 (custom)
2020-12-17 02:12:39,906 [pool-1777-thread-1] INFO  server.RaftServerConfigKeys (ConfUtils.java:logGet(44)) - raft.server.snapshot.retention.file.num = 5 (custom)
2020-12-17 02:12:39,907 [pool-1777-thread-1] INFO  server.RaftServerConfigKeys (ConfUtils.java:logGet(44)) - raft.server.log.purge.upto.snapshot.index = false (default)
2020-12-17 02:12:39,907 [pool-1777-thread-1] INFO  server.RaftServerConfigKeys (ConfUtils.java:logGet(44)) - raft.server.retrycache.expirytime = 600000ms (custom)
2020-12-17 02:12:39,907 [pool-1777-thread-1] INFO  metrics.RatisMetrics (RatisMetrics.java:lambda$create$0(36)) - Creating Metrics Registry : ratis.leader_election.2b1d58b1-e44f-4041-9819-0dd176255f22@group-29143985BDB4
2020-12-17 02:12:39,908 [pool-1777-thread-1] INFO  metrics.RatisMetrics (RatisMetrics.java:lambda$create$0(36)) - Creating Metrics Registry : ratis.server.2b1d58b1-e44f-4041-9819-0dd176255f22@group-29143985BDB4
2020-12-17 02:12:39,910 [pool-1777-thread-1] INFO  impl.RaftServerImpl (RaftServerImpl.java:start(215)) - 2b1d58b1-e44f-4041-9819-0dd176255f22@group-29143985BDB4: start as a follower, conf=-1: [2b1d58b1-e44f-4041-9819-0dd176255f22|rpc:172.17.0.2:40577], old=null
2020-12-17 02:12:39,910 [pool-1777-thread-1] INFO  impl.RaftServerImpl (RaftServerImpl.java:setRole(204)) - 2b1d58b1-e44f-4041-9819-0dd176255f22@group-29143985BDB4: changes role from      null to FOLLOWER at term 0 for startAsFollower
2020-12-17 02:12:39,910 [pool-1777-thread-1] INFO  impl.RoleInfo (RoleInfo.java:updateAndGet(143)) - 2b1d58b1-e44f-4041-9819-0dd176255f22: start 2b1d58b1-e44f-4041-9819-0dd176255f22@group-29143985BDB4-FollowerState
2020-12-17 02:12:39,914 [pool-1777-thread-1] INFO  util.JmxRegister (JmxRegister.java:tryRegister(44)) - Successfully registered JMX Bean with object name Ratis:service=RaftServer,group=group-29143985BDB4,id=2b1d58b1-e44f-4041-9819-0dd176255f22
2020-12-17 02:12:39,914 [pool-1777-thread-1] INFO  metrics.RatisMetrics (RatisMetrics.java:lambda$create$0(36)) - Creating Metrics Registry : ratis.state_machine.2b1d58b1-e44f-4041-9819-0dd176255f22@group-29143985BDB4
2020-12-17 02:12:39,915 [Command processor thread] INFO  commandhandler.CreatePipelineCommandHandler (CreatePipelineCommandHandler.java:handle(106)) - Created Pipeline RATIS ONE PipelineID=7541b2f8-ed28-4886-918b-29143985bdb4.
2020-12-17 02:12:40,098 [Command processor thread] INFO  impl.RaftServerProxy (RaftServerProxy.java:addNew(93)) - a5453659-3127-401c-b9c1-bc8f4372128a: addNew group-B8FAD682F618:[a5453659-3127-401c-b9c1-bc8f4372128a|rpc:172.17.0.2:33101] returns group-B8FAD682F618:java.util.concurrent.CompletableFuture@713d59d8[Not completed]
2020-12-17 02:12:40,099 [pool-1793-thread-1] INFO  impl.RaftServerImpl (RaftServerImpl.java:<init>(121)) - a5453659-3127-401c-b9c1-bc8f4372128a: new RaftServerImpl for group-B8FAD682F618:[a5453659-3127-401c-b9c1-bc8f4372128a|rpc:172.17.0.2:33101] with ContainerStateMachine:uninitialized
2020-12-17 02:12:40,099 [pool-1793-thread-1] INFO  server.RaftServerConfigKeys (ConfUtils.java:logGet(44)) - raft.server.rpc.timeout.min = 5s (custom)
2020-12-17 02:12:40,099 [pool-1793-thread-1] INFO  server.RaftServerConfigKeys (ConfUtils.java:logGet(44)) - raft.server.rpc.timeout.max = 5200ms (custom)
2020-12-17 02:12:40,099 [pool-1793-thread-1] INFO  server.RaftServerConfigKeys (ConfUtils.java:logGet(44)) - raft.server.rpc.slowness.timeout = 300s (custom)
2020-12-17 02:12:40,099 [pool-1793-thread-1] INFO  server.RaftServerConfigKeys (ConfUtils.java:logGet(44)) - raft.server.leaderelection.leader.step-down.wait-time = 10s (default)
2020-12-17 02:12:40,099 [pool-1793-thread-1] INFO  server.RaftServerConfigKeys (ConfUtils.java:logGet(44)) - raft.server.sleep.deviation.threshold = 300 (default)
2020-12-17 02:12:40,099 [pool-1793-thread-1] INFO  server.RaftServerConfigKeys (ConfUtils.java:logGet(44)) - raft.server.log.appender.install.snapshot.enabled = false (custom)
2020-12-17 02:12:40,099 [pool-1793-thread-1] INFO  impl.RaftServerImpl (ServerState.java:<init>(104)) - a5453659-3127-401c-b9c1-bc8f4372128a@group-B8FAD682F618: ConfigurationManager, init=-1: [a5453659-3127-401c-b9c1-bc8f4372128a|rpc:172.17.0.2:33101], old=null, confs=<EMPTY_MAP>
2020-12-17 02:12:40,099 [pool-1793-thread-1] INFO  server.RaftServerConfigKeys (ConfUtils.java:logGet(44)) - raft.server.storage.dir = [/github/workspace/mnt/ozone/hadoop-ozone/integration-test/target/test-dir/MiniOzoneClusterImpl-2a381d17-8836-40f3-94ec-0b892e5c06e0/datanode-2/data/ratis] (custom)
2020-12-17 02:12:40,100 [pool-1793-thread-1] INFO  server.RaftServerConfigKeys (ConfUtils.java:logGet(44)) - raft.server.log.corruption.policy = EXCEPTION (default)
2020-12-17 02:12:40,100 [pool-1793-thread-1] INFO  storage.RaftStorageDirectory (RaftStorageDirectory.java:analyzeStorage(261)) - The storage directory /github/workspace/mnt/ozone/hadoop-ozone/integration-test/target/test-dir/MiniOzoneClusterImpl-2a381d17-8836-40f3-94ec-0b892e5c06e0/datanode-2/data/ratis/fee38756-5379-43ea-8752-b8fad682f618 does not exist. Creating ...
2020-12-17 02:12:40,104 [pool-1793-thread-1] INFO  storage.RaftStorageDirectory (RaftStorageDirectory.java:tryLock(343)) - Lock on /github/workspace/mnt/ozone/hadoop-ozone/integration-test/target/test-dir/MiniOzoneClusterImpl-2a381d17-8836-40f3-94ec-0b892e5c06e0/datanode-2/data/ratis/fee38756-5379-43ea-8752-b8fad682f618/in_use.lock acquired by nodename 8093@89b9adae2c19
2020-12-17 02:12:40,105 [pool-1793-thread-1] INFO  storage.RaftStorage (RaftStorage.java:format(85)) - Storage directory /github/workspace/mnt/ozone/hadoop-ozone/integration-test/target/test-dir/MiniOzoneClusterImpl-2a381d17-8836-40f3-94ec-0b892e5c06e0/datanode-2/data/ratis/fee38756-5379-43ea-8752-b8fad682f618 has been successfully formatted.
2020-12-17 02:12:40,106 [EventQueue-PipelineReportForOneReplicaPipelineSafeModeRule] INFO  safemode.SCMSafeModeManager (SCMSafeModeManager.java:validateSafeModeExitRules(214)) - AtleastOneDatanodeReportedRule rule is successfully validated
2020-12-17 02:12:40,106 [EventQueue-PipelineReportForPipelineReportHandler] INFO  pipeline.PipelineStateManager (PipelineStateManager.java:openPipeline(132)) - Pipeline Pipeline[ Id: fee38756-5379-43ea-8752-b8fad682f618, Nodes: a5453659-3127-401c-b9c1-bc8f4372128a{ip: 172.17.0.2, host: 89b9adae2c19, networkLocation: /default-rack, certSerialId: null, persistedOpState: IN_SERVICE, persistedOpStateExpiryEpochSec: 0}, Type:RATIS, Factor:ONE, State:ALLOCATED, leaderId:a5453659-3127-401c-b9c1-bc8f4372128a, CreationTimestamp2020-12-17T02:12:37.100Z] moved to OPEN state
2020-12-17 02:12:40,106 [pool-1793-thread-1] INFO  ratis.ContainerStateMachine (ContainerStateMachine.java:loadSnapshot(225)) - group-B8FAD682F618: The snapshot info is null. Setting the last applied indexto:(t:0, i:~)
2020-12-17 02:12:40,107 [pool-1793-thread-1] INFO  server.RaftServerConfigKeys (ConfUtils.java:logGet(44)) - raft.server.notification.no-leader.timeout = 300s (custom)
2020-12-17 02:12:40,107 [pool-1793-thread-1] INFO  server.RaftServerConfigKeys (ConfUtils.java:logGet(44)) - raft.server.log.use.memory = false (default)
2020-12-17 02:12:40,107 [pool-1793-thread-1] INFO  server.RaftServerConfigKeys (ConfUtils.java:logGet(44)) - raft.server.log.purge.gap = 1000000 (custom)
2020-12-17 02:12:40,107 [pool-1793-thread-1] INFO  metrics.RatisMetrics (RatisMetrics.java:lambda$create$0(36)) - Creating Metrics Registry : ratis.log_worker.a5453659-3127-401c-b9c1-bc8f4372128a@group-B8FAD682F618
2020-12-17 02:12:40,107 [EventQueue-OpenPipelineForHealthyPipelineSafeModeRule] INFO  safemode.SCMSafeModeManager (HealthyPipelineSafeModeRule.java:process(128)) - SCM in safe mode. Healthy pipelines reported count is 0, required healthy pipeline reported count is 1
2020-12-17 02:12:40,107 [pool-1793-thread-1] INFO  server.RaftServerConfigKeys (ConfUtils.java:logGet(44)) - raft.server.log.appender.buffer.byte-limit = 33554432 (custom)
2020-12-17 02:12:40,107 [pool-1793-thread-1] INFO  server.RaftServerConfigKeys (ConfUtils.java:logGet(44)) - raft.server.log.segment.size.max = 1048576 (custom)
2020-12-17 02:12:40,108 [pool-1793-thread-1] INFO  server.RaftServerConfigKeys (ConfUtils.java:logGet(44)) - raft.server.log.segment.cache.num.max = 2 (custom)
2020-12-17 02:12:40,109 [pool-1793-thread-1] INFO  segmented.SegmentedRaftLogWorker (SegmentedRaftLogWorker.java:<init>(180)) - new a5453659-3127-401c-b9c1-bc8f4372128a@group-B8FAD682F618-SegmentedRaftLogWorker for RaftStorage:Storage Directory /github/workspace/mnt/ozone/hadoop-ozone/integration-test/target/test-dir/MiniOzoneClusterImpl-2a381d17-8836-40f3-94ec-0b892e5c06e0/datanode-2/data/ratis/fee38756-5379-43ea-8752-b8fad682f618
2020-12-17 02:12:40,109 [pool-1793-thread-1] INFO  server.RaftServerConfigKeys (ConfUtils.java:logGet(44)) - raft.server.log.queue.byte-limit = 2147483647 (custom)
2020-12-17 02:12:40,109 [pool-1793-thread-1] INFO  server.RaftServerConfigKeys (ConfUtils.java:logGet(44)) - raft.server.log.queue.element-limit = 1024 (custom)
2020-12-17 02:12:40,109 [pool-1793-thread-1] INFO  server.RaftServerConfigKeys (ConfUtils.java:logGet(44)) - raft.server.log.segment.size.max = 1048576 (custom)
2020-12-17 02:12:40,109 [pool-1793-thread-1] INFO  server.RaftServerConfigKeys (ConfUtils.java:logGet(44)) - raft.server.log.preallocated.size = 16384 (custom)
2020-12-17 02:12:40,114 [pool-1793-thread-1] INFO  server.RaftServerConfigKeys (ConfUtils.java:logGet(44)) - raft.server.log.write.buffer.size = 1048576 (custom)
2020-12-17 02:12:40,116 [pool-1793-thread-1] INFO  server.RaftServerConfigKeys (ConfUtils.java:logGet(44)) - raft.server.log.force.sync.num = 128 (default)
2020-12-17 02:12:40,117 [pool-1793-thread-1] INFO  server.RaftServerConfigKeys (ConfUtils.java:logGet(44)) - raft.server.log.statemachine.data.sync = true (default)
2020-12-17 02:12:40,117 [pool-1793-thread-1] INFO  server.RaftServerConfigKeys (ConfUtils.java:logGet(44)) - raft.server.log.statemachine.data.sync.timeout = 10s (default)
2020-12-17 02:12:40,117 [pool-1793-thread-1] INFO  server.RaftServerConfigKeys (ConfUtils.java:logGet(44)) - raft.server.log.statemachine.data.sync.timeout.retry = -1 (default)
2020-12-17 02:12:40,129 [pool-1793-thread-1] INFO  server.RaftServerConfigKeys (ConfUtils.java:logGet(44)) - raft.server.log.statemachine.data.caching.enabled = true (custom)
2020-12-17 02:12:40,129 [pool-1793-thread-1] INFO  segmented.SegmentedRaftLogWorker (SegmentedRaftLogWorker.java:lambda$new$0(129)) - a5453659-3127-401c-b9c1-bc8f4372128a@group-B8FAD682F618-SegmentedRaftLogWorker: flushIndex: setUnconditionally 0 -> -1
2020-12-17 02:12:40,129 [pool-1793-thread-1] INFO  segmented.SegmentedRaftLogWorker (SegmentedRaftLogWorker.java:lambda$new$0(129)) - a5453659-3127-401c-b9c1-bc8f4372128a@group-B8FAD682F618-SegmentedRaftLogWorker: safeCacheEvictIndex: setUnconditionally 0 -> -1
2020-12-17 02:12:40,130 [pool-1793-thread-1] INFO  server.RaftServerConfigKeys (ConfUtils.java:logGet(44)) - raft.server.snapshot.auto.trigger.enabled = true (custom)
2020-12-17 02:12:40,130 [pool-1793-thread-1] INFO  server.RaftServerConfigKeys (ConfUtils.java:logGet(44)) - raft.server.snapshot.auto.trigger.threshold = 10000 (custom)
2020-12-17 02:12:40,130 [pool-1793-thread-1] INFO  server.RaftServerConfigKeys (ConfUtils.java:logGet(44)) - raft.server.snapshot.retention.file.num = 5 (custom)
2020-12-17 02:12:40,130 [pool-1793-thread-1] INFO  server.RaftServerConfigKeys (ConfUtils.java:logGet(44)) - raft.server.log.purge.upto.snapshot.index = false (default)
2020-12-17 02:12:40,130 [pool-1793-thread-1] INFO  server.RaftServerConfigKeys (ConfUtils.java:logGet(44)) - raft.server.retrycache.expirytime = 600000ms (custom)
2020-12-17 02:12:40,130 [pool-1793-thread-1] INFO  metrics.RatisMetrics (RatisMetrics.java:lambda$create$0(36)) - Creating Metrics Registry : ratis.leader_election.a5453659-3127-401c-b9c1-bc8f4372128a@group-B8FAD682F618
2020-12-17 02:12:40,132 [pool-1793-thread-1] INFO  metrics.RatisMetrics (RatisMetrics.java:lambda$create$0(36)) - Creating Metrics Registry : ratis.server.a5453659-3127-401c-b9c1-bc8f4372128a@group-B8FAD682F618
2020-12-17 02:12:40,134 [pool-1793-thread-1] INFO  impl.RaftServerImpl (RaftServerImpl.java:start(215)) - a5453659-3127-401c-b9c1-bc8f4372128a@group-B8FAD682F618: start as a follower, conf=-1: [a5453659-3127-401c-b9c1-bc8f4372128a|rpc:172.17.0.2:33101], old=null
2020-12-17 02:12:40,134 [pool-1793-thread-1] INFO  impl.RaftServerImpl (RaftServerImpl.java:setRole(204)) - a5453659-3127-401c-b9c1-bc8f4372128a@group-B8FAD682F618: changes role from      null to FOLLOWER at term 0 for startAsFollower
2020-12-17 02:12:40,134 [pool-1793-thread-1] INFO  impl.RoleInfo (RoleInfo.java:updateAndGet(143)) - a5453659-3127-401c-b9c1-bc8f4372128a: start a5453659-3127-401c-b9c1-bc8f4372128a@group-B8FAD682F618-FollowerState
2020-12-17 02:12:40,134 [pool-1793-thread-1] INFO  util.JmxRegister (JmxRegister.java:tryRegister(44)) - Successfully registered JMX Bean with object name Ratis:service=RaftServer,group=group-B8FAD682F618,id=a5453659-3127-401c-b9c1-bc8f4372128a
2020-12-17 02:12:40,135 [pool-1793-thread-1] INFO  metrics.RatisMetrics (RatisMetrics.java:lambda$create$0(36)) - Creating Metrics Registry : ratis.state_machine.a5453659-3127-401c-b9c1-bc8f4372128a@group-B8FAD682F618
2020-12-17 02:12:40,136 [Command processor thread] INFO  commandhandler.CreatePipelineCommandHandler (CreatePipelineCommandHandler.java:handle(106)) - Created Pipeline RATIS ONE PipelineID=fee38756-5379-43ea-8752-b8fad682f618.
2020-12-17 02:12:40,296 [Command processor thread] INFO  impl.RaftServerProxy (RaftServerProxy.java:addNew(93)) - 6a05d44f-22be-4027-b269-c3a46acd3f47: addNew group-8AE2822A3941:[6a05d44f-22be-4027-b269-c3a46acd3f47|rpc:172.17.0.2:38863] returns group-8AE2822A3941:java.util.concurrent.CompletableFuture@3231dc78[Not completed]
2020-12-17 02:12:40,296 [pool-1809-thread-1] INFO  impl.RaftServerImpl (RaftServerImpl.java:<init>(121)) - 6a05d44f-22be-4027-b269-c3a46acd3f47: new RaftServerImpl for group-8AE2822A3941:[6a05d44f-22be-4027-b269-c3a46acd3f47|rpc:172.17.0.2:38863] with ContainerStateMachine:uninitialized
2020-12-17 02:12:40,297 [pool-1809-thread-1] INFO  server.RaftServerConfigKeys (ConfUtils.java:logGet(44)) - raft.server.rpc.timeout.min = 5s (custom)
2020-12-17 02:12:40,297 [pool-1809-thread-1] INFO  server.RaftServerConfigKeys (ConfUtils.java:logGet(44)) - raft.server.rpc.timeout.max = 5200ms (custom)
2020-12-17 02:12:40,297 [pool-1809-thread-1] INFO  server.RaftServerConfigKeys (ConfUtils.java:logGet(44)) - raft.server.rpc.slowness.timeout = 300s (custom)
2020-12-17 02:12:40,297 [pool-1809-thread-1] INFO  server.RaftServerConfigKeys (ConfUtils.java:logGet(44)) - raft.server.leaderelection.leader.step-down.wait-time = 10s (default)
2020-12-17 02:12:40,297 [pool-1809-thread-1] INFO  server.RaftServerConfigKeys (ConfUtils.java:logGet(44)) - raft.server.sleep.deviation.threshold = 300 (default)
2020-12-17 02:12:40,297 [pool-1809-thread-1] INFO  server.RaftServerConfigKeys (ConfUtils.java:logGet(44)) - raft.server.log.appender.install.snapshot.enabled = false (custom)
2020-12-17 02:12:40,297 [pool-1809-thread-1] INFO  impl.RaftServerImpl (ServerState.java:<init>(104)) - 6a05d44f-22be-4027-b269-c3a46acd3f47@group-8AE2822A3941: ConfigurationManager, init=-1: [6a05d44f-22be-4027-b269-c3a46acd3f47|rpc:172.17.0.2:38863], old=null, confs=<EMPTY_MAP>
2020-12-17 02:12:40,297 [pool-1809-thread-1] INFO  server.RaftServerConfigKeys (ConfUtils.java:logGet(44)) - raft.server.storage.dir = [/github/workspace/mnt/ozone/hadoop-ozone/integration-test/target/test-dir/MiniOzoneClusterImpl-2a381d17-8836-40f3-94ec-0b892e5c06e0/datanode-3/data/ratis] (custom)
2020-12-17 02:12:40,298 [EventQueue-PipelineReportForOneReplicaPipelineSafeModeRule] INFO  safemode.SCMSafeModeManager (SCMSafeModeManager.java:validateSafeModeExitRules(214)) - AtleastOneDatanodeReportedRule rule is successfully validated
2020-12-17 02:12:40,298 [pool-1809-thread-1] INFO  server.RaftServerConfigKeys (ConfUtils.java:logGet(44)) - raft.server.log.corruption.policy = EXCEPTION (default)
2020-12-17 02:12:40,298 [pool-1809-thread-1] INFO  storage.RaftStorageDirectory (RaftStorageDirectory.java:analyzeStorage(261)) - The storage directory /github/workspace/mnt/ozone/hadoop-ozone/integration-test/target/test-dir/MiniOzoneClusterImpl-2a381d17-8836-40f3-94ec-0b892e5c06e0/datanode-3/data/ratis/81d687d2-c33f-4aa5-a1b4-8ae2822a3941 does not exist. Creating ...
2020-12-17 02:12:40,299 [pool-1809-thread-1] INFO  storage.RaftStorageDirectory (RaftStorageDirectory.java:tryLock(343)) - Lock on /github/workspace/mnt/ozone/hadoop-ozone/integration-test/target/test-dir/MiniOzoneClusterImpl-2a381d17-8836-40f3-94ec-0b892e5c06e0/datanode-3/data/ratis/81d687d2-c33f-4aa5-a1b4-8ae2822a3941/in_use.lock acquired by nodename 8093@89b9adae2c19
2020-12-17 02:12:40,300 [pool-1809-thread-1] INFO  storage.RaftStorage (RaftStorage.java:format(85)) - Storage directory /github/workspace/mnt/ozone/hadoop-ozone/integration-test/target/test-dir/MiniOzoneClusterImpl-2a381d17-8836-40f3-94ec-0b892e5c06e0/datanode-3/data/ratis/81d687d2-c33f-4aa5-a1b4-8ae2822a3941 has been successfully formatted.
2020-12-17 02:12:40,301 [pool-1809-thread-1] INFO  ratis.ContainerStateMachine (ContainerStateMachine.java:loadSnapshot(225)) - group-8AE2822A3941: The snapshot info is null. Setting the last applied indexto:(t:0, i:~)
2020-12-17 02:12:40,301 [pool-1809-thread-1] INFO  server.RaftServerConfigKeys (ConfUtils.java:logGet(44)) - raft.server.notification.no-leader.timeout = 300s (custom)
2020-12-17 02:12:40,301 [pool-1809-thread-1] INFO  server.RaftServerConfigKeys (ConfUtils.java:logGet(44)) - raft.server.log.use.memory = false (default)
2020-12-17 02:12:40,301 [pool-1809-thread-1] INFO  server.RaftServerConfigKeys (ConfUtils.java:logGet(44)) - raft.server.log.purge.gap = 1000000 (custom)
2020-12-17 02:12:40,301 [pool-1809-thread-1] INFO  metrics.RatisMetrics (RatisMetrics.java:lambda$create$0(36)) - Creating Metrics Registry : ratis.log_worker.6a05d44f-22be-4027-b269-c3a46acd3f47@group-8AE2822A3941
2020-12-17 02:12:40,301 [EventQueue-PipelineReportForOneReplicaPipelineSafeModeRule] INFO  safemode.SCMSafeModeManager (SCMSafeModeManager.java:validateSafeModeExitRules(214)) - AtleastOneDatanodeReportedRule rule is successfully validated
2020-12-17 02:12:40,301 [EventQueue-PipelineReportForPipelineReportHandler] INFO  pipeline.PipelineStateManager (PipelineStateManager.java:openPipeline(132)) - Pipeline Pipeline[ Id: 81d687d2-c33f-4aa5-a1b4-8ae2822a3941, Nodes: 6a05d44f-22be-4027-b269-c3a46acd3f47{ip: 172.17.0.2, host: 89b9adae2c19, networkLocation: /default-rack, certSerialId: null, persistedOpState: IN_SERVICE, persistedOpStateExpiryEpochSec: 0}, Type:RATIS, Factor:ONE, State:ALLOCATED, leaderId:6a05d44f-22be-4027-b269-c3a46acd3f47, CreationTimestamp2020-12-17T02:12:37.297Z] moved to OPEN state
2020-12-17 02:12:40,301 [pool-1809-thread-1] INFO  server.RaftServerConfigKeys (ConfUtils.java:logGet(44)) - raft.server.log.appender.buffer.byte-limit = 33554432 (custom)
2020-12-17 02:12:40,302 [pool-1809-thread-1] INFO  server.RaftServerConfigKeys (ConfUtils.java:logGet(44)) - raft.server.log.segment.size.max = 1048576 (custom)
2020-12-17 02:12:40,302 [EventQueue-OpenPipelineForHealthyPipelineSafeModeRule] INFO  safemode.SCMSafeModeManager (HealthyPipelineSafeModeRule.java:process(128)) - SCM in safe mode. Healthy pipelines reported count is 0, required healthy pipeline reported count is 1
2020-12-17 02:12:40,303 [pool-1809-thread-1] INFO  server.RaftServerConfigKeys (ConfUtils.java:logGet(44)) - raft.server.log.segment.cache.num.max = 2 (custom)
2020-12-17 02:12:40,303 [pool-1809-thread-1] INFO  segmented.SegmentedRaftLogWorker (SegmentedRaftLogWorker.java:<init>(180)) - new 6a05d44f-22be-4027-b269-c3a46acd3f47@group-8AE2822A3941-SegmentedRaftLogWorker for RaftStorage:Storage Directory /github/workspace/mnt/ozone/hadoop-ozone/integration-test/target/test-dir/MiniOzoneClusterImpl-2a381d17-8836-40f3-94ec-0b892e5c06e0/datanode-3/data/ratis/81d687d2-c33f-4aa5-a1b4-8ae2822a3941
2020-12-17 02:12:40,303 [pool-1809-thread-1] INFO  server.RaftServerConfigKeys (ConfUtils.java:logGet(44)) - raft.server.log.queue.byte-limit = 2147483647 (custom)
2020-12-17 02:12:40,303 [pool-1809-thread-1] INFO  server.RaftServerConfigKeys (ConfUtils.java:logGet(44)) - raft.server.log.queue.element-limit = 1024 (custom)
2020-12-17 02:12:40,303 [pool-1809-thread-1] INFO  server.RaftServerConfigKeys (ConfUtils.java:logGet(44)) - raft.server.log.segment.size.max = 1048576 (custom)
2020-12-17 02:12:40,303 [pool-1809-thread-1] INFO  server.RaftServerConfigKeys (ConfUtils.java:logGet(44)) - raft.server.log.preallocated.size = 16384 (custom)
2020-12-17 02:12:40,303 [pool-1809-thread-1] INFO  server.RaftServerConfigKeys (ConfUtils.java:logGet(44)) - raft.server.log.write.buffer.size = 1048576 (custom)
2020-12-17 02:12:40,303 [pool-1809-thread-1] INFO  server.RaftServerConfigKeys (ConfUtils.java:logGet(44)) - raft.server.log.force.sync.num = 128 (default)
2020-12-17 02:12:40,303 [pool-1809-thread-1] INFO  server.RaftServerConfigKeys (ConfUtils.java:logGet(44)) - raft.server.log.statemachine.data.sync = true (default)
2020-12-17 02:12:40,303 [pool-1809-thread-1] INFO  server.RaftServerConfigKeys (ConfUtils.java:logGet(44)) - raft.server.log.statemachine.data.sync.timeout = 10s (default)
2020-12-17 02:12:40,303 [pool-1809-thread-1] INFO  server.RaftServerConfigKeys (ConfUtils.java:logGet(44)) - raft.server.log.statemachine.data.sync.timeout.retry = -1 (default)
2020-12-17 02:12:40,307 [pool-1809-thread-1] INFO  server.RaftServerConfigKeys (ConfUtils.java:logGet(44)) - raft.server.log.statemachine.data.caching.enabled = true (custom)
2020-12-17 02:12:40,307 [pool-1809-thread-1] INFO  segmented.SegmentedRaftLogWorker (SegmentedRaftLogWorker.java:lambda$new$0(129)) - 6a05d44f-22be-4027-b269-c3a46acd3f47@group-8AE2822A3941-SegmentedRaftLogWorker: flushIndex: setUnconditionally 0 -> -1
2020-12-17 02:12:40,307 [pool-1809-thread-1] INFO  segmented.SegmentedRaftLogWorker (SegmentedRaftLogWorker.java:lambda$new$0(129)) - 6a05d44f-22be-4027-b269-c3a46acd3f47@group-8AE2822A3941-SegmentedRaftLogWorker: safeCacheEvictIndex: setUnconditionally 0 -> -1
2020-12-17 02:12:40,307 [pool-1809-thread-1] INFO  server.RaftServerConfigKeys (ConfUtils.java:logGet(44)) - raft.server.snapshot.auto.trigger.enabled = true (custom)
2020-12-17 02:12:40,307 [pool-1809-thread-1] INFO  server.RaftServerConfigKeys (ConfUtils.java:logGet(44)) - raft.server.snapshot.auto.trigger.threshold = 10000 (custom)
2020-12-17 02:12:40,307 [pool-1809-thread-1] INFO  server.RaftServerConfigKeys (ConfUtils.java:logGet(44)) - raft.server.snapshot.retention.file.num = 5 (custom)
2020-12-17 02:12:40,307 [pool-1809-thread-1] INFO  server.RaftServerConfigKeys (ConfUtils.java:logGet(44)) - raft.server.log.purge.upto.snapshot.index = false (default)
2020-12-17 02:12:40,308 [pool-1809-thread-1] INFO  server.RaftServerConfigKeys (ConfUtils.java:logGet(44)) - raft.server.retrycache.expirytime = 600000ms (custom)
2020-12-17 02:12:40,308 [pool-1809-thread-1] INFO  metrics.RatisMetrics (RatisMetrics.java:lambda$create$0(36)) - Creating Metrics Registry : ratis.leader_election.6a05d44f-22be-4027-b269-c3a46acd3f47@group-8AE2822A3941
2020-12-17 02:12:40,309 [pool-1809-thread-1] INFO  metrics.RatisMetrics (RatisMetrics.java:lambda$create$0(36)) - Creating Metrics Registry : ratis.server.6a05d44f-22be-4027-b269-c3a46acd3f47@group-8AE2822A3941
2020-12-17 02:12:40,311 [pool-1809-thread-1] INFO  impl.RaftServerImpl (RaftServerImpl.java:start(215)) - 6a05d44f-22be-4027-b269-c3a46acd3f47@group-8AE2822A3941: start as a follower, conf=-1: [6a05d44f-22be-4027-b269-c3a46acd3f47|rpc:172.17.0.2:38863], old=null
2020-12-17 02:12:40,311 [pool-1809-thread-1] INFO  impl.RaftServerImpl (RaftServerImpl.java:setRole(204)) - 6a05d44f-22be-4027-b269-c3a46acd3f47@group-8AE2822A3941: changes role from      null to FOLLOWER at term 0 for startAsFollower
2020-12-17 02:12:40,311 [pool-1809-thread-1] INFO  impl.RoleInfo (RoleInfo.java:updateAndGet(143)) - 6a05d44f-22be-4027-b269-c3a46acd3f47: start 6a05d44f-22be-4027-b269-c3a46acd3f47@group-8AE2822A3941-FollowerState
2020-12-17 02:12:40,312 [pool-1809-thread-1] INFO  util.JmxRegister (JmxRegister.java:tryRegister(44)) - Successfully registered JMX Bean with object name Ratis:service=RaftServer,group=group-8AE2822A3941,id=6a05d44f-22be-4027-b269-c3a46acd3f47
2020-12-17 02:12:40,312 [pool-1809-thread-1] INFO  metrics.RatisMetrics (RatisMetrics.java:lambda$create$0(36)) - Creating Metrics Registry : ratis.state_machine.6a05d44f-22be-4027-b269-c3a46acd3f47@group-8AE2822A3941
2020-12-17 02:12:40,313 [Command processor thread] INFO  commandhandler.CreatePipelineCommandHandler (CreatePipelineCommandHandler.java:handle(106)) - Created Pipeline RATIS ONE PipelineID=81d687d2-c33f-4aa5-a1b4-8ae2822a3941.
2020-12-17 02:12:40,313 [Command processor thread] INFO  impl.RaftServerProxy (RaftServerProxy.java:addNew(93)) - 6a05d44f-22be-4027-b269-c3a46acd3f47: addNew group-380177E12C14:[7ec52e27-6063-4b9c-8511-76ca7a922bcd|rpc:172.17.0.2:45859, 6a05d44f-22be-4027-b269-c3a46acd3f47|rpc:172.17.0.2:38863, f11c6601-f81b-414d-9af7-ba1741509b09|rpc:172.17.0.2:34719] returns group-380177E12C14:java.util.concurrent.CompletableFuture@360e4ee6[Not completed]
2020-12-17 02:12:40,314 [pool-1809-thread-1] INFO  impl.RaftServerImpl (RaftServerImpl.java:<init>(121)) - 6a05d44f-22be-4027-b269-c3a46acd3f47: new RaftServerImpl for group-380177E12C14:[7ec52e27-6063-4b9c-8511-76ca7a922bcd|rpc:172.17.0.2:45859, 6a05d44f-22be-4027-b269-c3a46acd3f47|rpc:172.17.0.2:38863, f11c6601-f81b-414d-9af7-ba1741509b09|rpc:172.17.0.2:34719] with ContainerStateMachine:uninitialized
2020-12-17 02:12:40,314 [pool-1809-thread-1] INFO  server.RaftServerConfigKeys (ConfUtils.java:logGet(44)) - raft.server.rpc.timeout.min = 5s (custom)
2020-12-17 02:12:40,314 [pool-1809-thread-1] INFO  server.RaftServerConfigKeys (ConfUtils.java:logGet(44)) - raft.server.rpc.timeout.max = 5200ms (custom)
2020-12-17 02:12:40,314 [pool-1809-thread-1] INFO  server.RaftServerConfigKeys (ConfUtils.java:logGet(44)) - raft.server.rpc.slowness.timeout = 300s (custom)
2020-12-17 02:12:40,314 [pool-1809-thread-1] INFO  server.RaftServerConfigKeys (ConfUtils.java:logGet(44)) - raft.server.leaderelection.leader.step-down.wait-time = 10s (default)
2020-12-17 02:12:40,314 [pool-1809-thread-1] INFO  server.RaftServerConfigKeys (ConfUtils.java:logGet(44)) - raft.server.sleep.deviation.threshold = 300 (default)
2020-12-17 02:12:40,314 [pool-1809-thread-1] INFO  server.RaftServerConfigKeys (ConfUtils.java:logGet(44)) - raft.server.log.appender.install.snapshot.enabled = false (custom)
2020-12-17 02:12:40,314 [pool-1809-thread-1] INFO  impl.RaftServerImpl (ServerState.java:<init>(104)) - 6a05d44f-22be-4027-b269-c3a46acd3f47@group-380177E12C14: ConfigurationManager, init=-1: [7ec52e27-6063-4b9c-8511-76ca7a922bcd|rpc:172.17.0.2:45859, 6a05d44f-22be-4027-b269-c3a46acd3f47|rpc:172.17.0.2:38863, f11c6601-f81b-414d-9af7-ba1741509b09|rpc:172.17.0.2:34719], old=null, confs=<EMPTY_MAP>
2020-12-17 02:12:40,314 [pool-1809-thread-1] INFO  server.RaftServerConfigKeys (ConfUtils.java:logGet(44)) - raft.server.storage.dir = [/github/workspace/mnt/ozone/hadoop-ozone/integration-test/target/test-dir/MiniOzoneClusterImpl-2a381d17-8836-40f3-94ec-0b892e5c06e0/datanode-3/data/ratis] (custom)
2020-12-17 02:12:40,314 [pool-1809-thread-1] INFO  server.RaftServerConfigKeys (ConfUtils.java:logGet(44)) - raft.server.log.corruption.policy = EXCEPTION (default)
2020-12-17 02:12:40,314 [pool-1809-thread-1] INFO  storage.RaftStorageDirectory (RaftStorageDirectory.java:analyzeStorage(261)) - The storage directory /github/workspace/mnt/ozone/hadoop-ozone/integration-test/target/test-dir/MiniOzoneClusterImpl-2a381d17-8836-40f3-94ec-0b892e5c06e0/datanode-3/data/ratis/1be34abb-29be-4d78-993d-380177e12c14 does not exist. Creating ...
2020-12-17 02:12:40,315 [pool-1809-thread-1] INFO  storage.RaftStorageDirectory (RaftStorageDirectory.java:tryLock(343)) - Lock on /github/workspace/mnt/ozone/hadoop-ozone/integration-test/target/test-dir/MiniOzoneClusterImpl-2a381d17-8836-40f3-94ec-0b892e5c06e0/datanode-3/data/ratis/1be34abb-29be-4d78-993d-380177e12c14/in_use.lock acquired by nodename 8093@89b9adae2c19
2020-12-17 02:12:40,317 [pool-1809-thread-1] INFO  storage.RaftStorage (RaftStorage.java:format(85)) - Storage directory /github/workspace/mnt/ozone/hadoop-ozone/integration-test/target/test-dir/MiniOzoneClusterImpl-2a381d17-8836-40f3-94ec-0b892e5c06e0/datanode-3/data/ratis/1be34abb-29be-4d78-993d-380177e12c14 has been successfully formatted.
2020-12-17 02:12:40,317 [pool-1809-thread-1] INFO  ratis.ContainerStateMachine (ContainerStateMachine.java:loadSnapshot(225)) - group-380177E12C14: The snapshot info is null. Setting the last applied indexto:(t:0, i:~)
2020-12-17 02:12:40,317 [pool-1809-thread-1] INFO  server.RaftServerConfigKeys (ConfUtils.java:logGet(44)) - raft.server.notification.no-leader.timeout = 300s (custom)
2020-12-17 02:12:40,317 [pool-1809-thread-1] INFO  server.RaftServerConfigKeys (ConfUtils.java:logGet(44)) - raft.server.log.use.memory = false (default)
2020-12-17 02:12:40,317 [pool-1809-thread-1] INFO  server.RaftServerConfigKeys (ConfUtils.java:logGet(44)) - raft.server.log.purge.gap = 1000000 (custom)
2020-12-17 02:12:40,318 [pool-1809-thread-1] INFO  metrics.RatisMetrics (RatisMetrics.java:lambda$create$0(36)) - Creating Metrics Registry : ratis.log_worker.6a05d44f-22be-4027-b269-c3a46acd3f47@group-380177E12C14
2020-12-17 02:12:40,318 [EventQueue-OpenPipelineForHealthyPipelineSafeModeRule] INFO  safemode.SCMSafeModeManager (HealthyPipelineSafeModeRule.java:process(128)) - SCM in safe mode. Healthy pipelines reported count is 0, required healthy pipeline reported count is 1
2020-12-17 02:12:40,317 [EventQueue-PipelineReportForOneReplicaPipelineSafeModeRule] INFO  safemode.SCMSafeModeManager (SCMSafeModeManager.java:validateSafeModeExitRules(214)) - AtleastOneDatanodeReportedRule rule is successfully validated
2020-12-17 02:12:40,318 [pool-1809-thread-1] INFO  server.RaftServerConfigKeys (ConfUtils.java:logGet(44)) - raft.server.log.appender.buffer.byte-limit = 33554432 (custom)
2020-12-17 02:12:40,318 [pool-1809-thread-1] INFO  server.RaftServerConfigKeys (ConfUtils.java:logGet(44)) - raft.server.log.segment.size.max = 1048576 (custom)
2020-12-17 02:12:40,319 [pool-1809-thread-1] INFO  server.RaftServerConfigKeys (ConfUtils.java:logGet(44)) - raft.server.log.segment.cache.num.max = 2 (custom)
2020-12-17 02:12:40,319 [pool-1809-thread-1] INFO  segmented.SegmentedRaftLogWorker (SegmentedRaftLogWorker.java:<init>(180)) - new 6a05d44f-22be-4027-b269-c3a46acd3f47@group-380177E12C14-SegmentedRaftLogWorker for RaftStorage:Storage Directory /github/workspace/mnt/ozone/hadoop-ozone/integration-test/target/test-dir/MiniOzoneClusterImpl-2a381d17-8836-40f3-94ec-0b892e5c06e0/datanode-3/data/ratis/1be34abb-29be-4d78-993d-380177e12c14
2020-12-17 02:12:40,319 [pool-1809-thread-1] INFO  server.RaftServerConfigKeys (ConfUtils.java:logGet(44)) - raft.server.log.queue.byte-limit = 2147483647 (custom)
2020-12-17 02:12:40,319 [pool-1809-thread-1] INFO  server.RaftServerConfigKeys (ConfUtils.java:logGet(44)) - raft.server.log.queue.element-limit = 1024 (custom)
2020-12-17 02:12:40,319 [pool-1809-thread-1] INFO  server.RaftServerConfigKeys (ConfUtils.java:logGet(44)) - raft.server.log.segment.size.max = 1048576 (custom)
2020-12-17 02:12:40,319 [pool-1809-thread-1] INFO  server.RaftServerConfigKeys (ConfUtils.java:logGet(44)) - raft.server.log.preallocated.size = 16384 (custom)
2020-12-17 02:12:40,320 [pool-1809-thread-1] INFO  server.RaftServerConfigKeys (ConfUtils.java:logGet(44)) - raft.server.log.write.buffer.size = 1048576 (custom)
2020-12-17 02:12:40,320 [pool-1809-thread-1] INFO  server.RaftServerConfigKeys (ConfUtils.java:logGet(44)) - raft.server.log.force.sync.num = 128 (default)
2020-12-17 02:12:40,320 [pool-1809-thread-1] INFO  server.RaftServerConfigKeys (ConfUtils.java:logGet(44)) - raft.server.log.statemachine.data.sync = true (default)
2020-12-17 02:12:40,320 [pool-1809-thread-1] INFO  server.RaftServerConfigKeys (ConfUtils.java:logGet(44)) - raft.server.log.statemachine.data.sync.timeout = 10s (default)
2020-12-17 02:12:40,320 [pool-1809-thread-1] INFO  server.RaftServerConfigKeys (ConfUtils.java:logGet(44)) - raft.server.log.statemachine.data.sync.timeout.retry = -1 (default)
2020-12-17 02:12:40,323 [pool-1809-thread-1] INFO  server.RaftServerConfigKeys (ConfUtils.java:logGet(44)) - raft.server.log.statemachine.data.caching.enabled = true (custom)
2020-12-17 02:12:40,324 [pool-1809-thread-1] INFO  segmented.SegmentedRaftLogWorker (SegmentedRaftLogWorker.java:lambda$new$0(129)) - 6a05d44f-22be-4027-b269-c3a46acd3f47@group-380177E12C14-SegmentedRaftLogWorker: flushIndex: setUnconditionally 0 -> -1
2020-12-17 02:12:40,324 [pool-1809-thread-1] INFO  segmented.SegmentedRaftLogWorker (SegmentedRaftLogWorker.java:lambda$new$0(129)) - 6a05d44f-22be-4027-b269-c3a46acd3f47@group-380177E12C14-SegmentedRaftLogWorker: safeCacheEvictIndex: setUnconditionally 0 -> -1
2020-12-17 02:12:40,324 [pool-1809-thread-1] INFO  server.RaftServerConfigKeys (ConfUtils.java:logGet(44)) - raft.server.snapshot.auto.trigger.enabled = true (custom)
2020-12-17 02:12:40,324 [pool-1809-thread-1] INFO  server.RaftServerConfigKeys (ConfUtils.java:logGet(44)) - raft.server.snapshot.auto.trigger.threshold = 10000 (custom)
2020-12-17 02:12:40,324 [pool-1809-thread-1] INFO  server.RaftServerConfigKeys (ConfUtils.java:logGet(44)) - raft.server.snapshot.retention.file.num = 5 (custom)
2020-12-17 02:12:40,324 [pool-1809-thread-1] INFO  server.RaftServerConfigKeys (ConfUtils.java:logGet(44)) - raft.server.log.purge.upto.snapshot.index = false (default)
2020-12-17 02:12:40,324 [pool-1809-thread-1] INFO  server.RaftServerConfigKeys (ConfUtils.java:logGet(44)) - raft.server.retrycache.expirytime = 600000ms (custom)
2020-12-17 02:12:40,324 [pool-1809-thread-1] INFO  metrics.RatisMetrics (RatisMetrics.java:lambda$create$0(36)) - Creating Metrics Registry : ratis.leader_election.6a05d44f-22be-4027-b269-c3a46acd3f47@group-380177E12C14
2020-12-17 02:12:40,325 [pool-1809-thread-1] INFO  metrics.RatisMetrics (RatisMetrics.java:lambda$create$0(36)) - Creating Metrics Registry : ratis.server.6a05d44f-22be-4027-b269-c3a46acd3f47@group-380177E12C14
2020-12-17 02:12:40,327 [pool-1809-thread-1] INFO  impl.RaftServerImpl (RaftServerImpl.java:start(215)) - 6a05d44f-22be-4027-b269-c3a46acd3f47@group-380177E12C14: start as a follower, conf=-1: [7ec52e27-6063-4b9c-8511-76ca7a922bcd|rpc:172.17.0.2:45859, 6a05d44f-22be-4027-b269-c3a46acd3f47|rpc:172.17.0.2:38863, f11c6601-f81b-414d-9af7-ba1741509b09|rpc:172.17.0.2:34719], old=null
2020-12-17 02:12:40,328 [pool-1809-thread-1] INFO  impl.RaftServerImpl (RaftServerImpl.java:setRole(204)) - 6a05d44f-22be-4027-b269-c3a46acd3f47@group-380177E12C14: changes role from      null to FOLLOWER at term 0 for startAsFollower
2020-12-17 02:12:40,328 [pool-1809-thread-1] INFO  impl.RoleInfo (RoleInfo.java:updateAndGet(143)) - 6a05d44f-22be-4027-b269-c3a46acd3f47: start 6a05d44f-22be-4027-b269-c3a46acd3f47@group-380177E12C14-FollowerState
2020-12-17 02:12:40,328 [pool-1809-thread-1] INFO  util.JmxRegister (JmxRegister.java:tryRegister(44)) - Successfully registered JMX Bean with object name Ratis:service=RaftServer,group=group-380177E12C14,id=6a05d44f-22be-4027-b269-c3a46acd3f47
2020-12-17 02:12:40,328 [pool-1809-thread-1] INFO  metrics.RatisMetrics (RatisMetrics.java:lambda$create$0(36)) - Creating Metrics Registry : ratis.state_machine.6a05d44f-22be-4027-b269-c3a46acd3f47@group-380177E12C14
2020-12-17 02:12:40,330 [Command processor thread] INFO  metrics.RatisMetrics (RatisMetrics.java:lambda$create$0(36)) - Creating Metrics Registry : ratis.client_message_metrics.client-B043A53E25AC->f11c6601-f81b-414d-9af7-ba1741509b09
2020-12-17 02:12:40,336 [grpc-default-executor-1] INFO  metrics.RatisMetrics (RatisMetrics.java:lambda$create$0(36)) - Creating Metrics Registry : ratis.server_message_metrics.f11c6601-f81b-414d-9af7-ba1741509b09
2020-12-17 02:12:40,338 [grpc-default-executor-1] INFO  impl.RaftServerProxy (RaftServerProxy.java:addNew(93)) - f11c6601-f81b-414d-9af7-ba1741509b09: addNew group-380177E12C14:[7ec52e27-6063-4b9c-8511-76ca7a922bcd|rpc:172.17.0.2:45859|dataStream:, 6a05d44f-22be-4027-b269-c3a46acd3f47|rpc:172.17.0.2:38863|dataStream:, f11c6601-f81b-414d-9af7-ba1741509b09|rpc:172.17.0.2:34719|dataStream:] returns group-380177E12C14:java.util.concurrent.CompletableFuture@577762bf[Not completed]
2020-12-17 02:12:40,339 [pool-1841-thread-1] INFO  impl.RaftServerImpl (RaftServerImpl.java:<init>(121)) - f11c6601-f81b-414d-9af7-ba1741509b09: new RaftServerImpl for group-380177E12C14:[7ec52e27-6063-4b9c-8511-76ca7a922bcd|rpc:172.17.0.2:45859|dataStream:, 6a05d44f-22be-4027-b269-c3a46acd3f47|rpc:172.17.0.2:38863|dataStream:, f11c6601-f81b-414d-9af7-ba1741509b09|rpc:172.17.0.2:34719|dataStream:] with ContainerStateMachine:uninitialized
2020-12-17 02:12:40,339 [pool-1841-thread-1] INFO  server.RaftServerConfigKeys (ConfUtils.java:logGet(44)) - raft.server.rpc.timeout.min = 5s (custom)
2020-12-17 02:12:40,339 [pool-1841-thread-1] INFO  server.RaftServerConfigKeys (ConfUtils.java:logGet(44)) - raft.server.rpc.timeout.max = 5200ms (custom)
2020-12-17 02:12:40,339 [pool-1841-thread-1] INFO  server.RaftServerConfigKeys (ConfUtils.java:logGet(44)) - raft.server.rpc.slowness.timeout = 300s (custom)
2020-12-17 02:12:40,339 [pool-1841-thread-1] INFO  server.RaftServerConfigKeys (ConfUtils.java:logGet(44)) - raft.server.leaderelection.leader.step-down.wait-time = 10s (default)
2020-12-17 02:12:40,340 [pool-1841-thread-1] INFO  server.RaftServerConfigKeys (ConfUtils.java:logGet(44)) - raft.server.sleep.deviation.threshold = 300 (default)
2020-12-17 02:12:40,340 [pool-1841-thread-1] INFO  server.RaftServerConfigKeys (ConfUtils.java:logGet(44)) - raft.server.log.appender.install.snapshot.enabled = false (custom)
2020-12-17 02:12:40,340 [pool-1841-thread-1] INFO  impl.RaftServerImpl (ServerState.java:<init>(104)) - f11c6601-f81b-414d-9af7-ba1741509b09@group-380177E12C14: ConfigurationManager, init=-1: [7ec52e27-6063-4b9c-8511-76ca7a922bcd|rpc:172.17.0.2:45859|dataStream:, 6a05d44f-22be-4027-b269-c3a46acd3f47|rpc:172.17.0.2:38863|dataStream:, f11c6601-f81b-414d-9af7-ba1741509b09|rpc:172.17.0.2:34719|dataStream:], old=null, confs=<EMPTY_MAP>
2020-12-17 02:12:40,340 [pool-1841-thread-1] INFO  server.RaftServerConfigKeys (ConfUtils.java:logGet(44)) - raft.server.storage.dir = [/github/workspace/mnt/ozone/hadoop-ozone/integration-test/target/test-dir/MiniOzoneClusterImpl-2a381d17-8836-40f3-94ec-0b892e5c06e0/datanode-5/data/ratis] (custom)
2020-12-17 02:12:40,340 [pool-1841-thread-1] INFO  server.RaftServerConfigKeys (ConfUtils.java:logGet(44)) - raft.server.log.corruption.policy = EXCEPTION (default)
2020-12-17 02:12:40,340 [pool-1841-thread-1] INFO  storage.RaftStorageDirectory (RaftStorageDirectory.java:analyzeStorage(261)) - The storage directory /github/workspace/mnt/ozone/hadoop-ozone/integration-test/target/test-dir/MiniOzoneClusterImpl-2a381d17-8836-40f3-94ec-0b892e5c06e0/datanode-5/data/ratis/1be34abb-29be-4d78-993d-380177e12c14 does not exist. Creating ...
2020-12-17 02:12:40,341 [pool-1841-thread-1] INFO  storage.RaftStorageDirectory (RaftStorageDirectory.java:tryLock(343)) - Lock on /github/workspace/mnt/ozone/hadoop-ozone/integration-test/target/test-dir/MiniOzoneClusterImpl-2a381d17-8836-40f3-94ec-0b892e5c06e0/datanode-5/data/ratis/1be34abb-29be-4d78-993d-380177e12c14/in_use.lock acquired by nodename 8093@89b9adae2c19
2020-12-17 02:12:40,342 [pool-1841-thread-1] INFO  storage.RaftStorage (RaftStorage.java:format(85)) - Storage directory /github/workspace/mnt/ozone/hadoop-ozone/integration-test/target/test-dir/MiniOzoneClusterImpl-2a381d17-8836-40f3-94ec-0b892e5c06e0/datanode-5/data/ratis/1be34abb-29be-4d78-993d-380177e12c14 has been successfully formatted.
2020-12-17 02:12:40,342 [pool-1841-thread-1] INFO  ratis.ContainerStateMachine (ContainerStateMachine.java:loadSnapshot(225)) - group-380177E12C14: The snapshot info is null. Setting the last applied indexto:(t:0, i:~)
2020-12-17 02:12:40,343 [pool-1841-thread-1] INFO  server.RaftServerConfigKeys (ConfUtils.java:logGet(44)) - raft.server.notification.no-leader.timeout = 300s (custom)
2020-12-17 02:12:40,343 [pool-1841-thread-1] INFO  server.RaftServerConfigKeys (ConfUtils.java:logGet(44)) - raft.server.log.use.memory = false (default)
2020-12-17 02:12:40,343 [pool-1841-thread-1] INFO  server.RaftServerConfigKeys (ConfUtils.java:logGet(44)) - raft.server.log.purge.gap = 1000000 (custom)
2020-12-17 02:12:40,343 [pool-1841-thread-1] INFO  metrics.RatisMetrics (RatisMetrics.java:lambda$create$0(36)) - Creating Metrics Registry : ratis.log_worker.f11c6601-f81b-414d-9af7-ba1741509b09@group-380177E12C14
2020-12-17 02:12:40,343 [EventQueue-PipelineReportForOneReplicaPipelineSafeModeRule] INFO  safemode.SCMSafeModeManager (SCMSafeModeManager.java:validateSafeModeExitRules(214)) - AtleastOneDatanodeReportedRule rule is successfully validated
2020-12-17 02:12:40,343 [pool-1841-thread-1] INFO  server.RaftServerConfigKeys (ConfUtils.java:logGet(44)) - raft.server.log.appender.buffer.byte-limit = 33554432 (custom)
2020-12-17 02:12:40,343 [pool-1841-thread-1] INFO  server.RaftServerConfigKeys (ConfUtils.java:logGet(44)) - raft.server.log.segment.size.max = 1048576 (custom)
2020-12-17 02:12:40,344 [pool-1841-thread-1] INFO  server.RaftServerConfigKeys (ConfUtils.java:logGet(44)) - raft.server.log.segment.cache.num.max = 2 (custom)
2020-12-17 02:12:40,345 [pool-1841-thread-1] INFO  segmented.SegmentedRaftLogWorker (SegmentedRaftLogWorker.java:<init>(180)) - new f11c6601-f81b-414d-9af7-ba1741509b09@group-380177E12C14-SegmentedRaftLogWorker for RaftStorage:Storage Directory /github/workspace/mnt/ozone/hadoop-ozone/integration-test/target/test-dir/MiniOzoneClusterImpl-2a381d17-8836-40f3-94ec-0b892e5c06e0/datanode-5/data/ratis/1be34abb-29be-4d78-993d-380177e12c14
2020-12-17 02:12:40,345 [pool-1841-thread-1] INFO  server.RaftServerConfigKeys (ConfUtils.java:logGet(44)) - raft.server.log.queue.byte-limit = 2147483647 (custom)
2020-12-17 02:12:40,345 [pool-1841-thread-1] INFO  server.RaftServerConfigKeys (ConfUtils.java:logGet(44)) - raft.server.log.queue.element-limit = 1024 (custom)
2020-12-17 02:12:40,345 [pool-1841-thread-1] INFO  server.RaftServerConfigKeys (ConfUtils.java:logGet(44)) - raft.server.log.segment.size.max = 1048576 (custom)
2020-12-17 02:12:40,345 [pool-1841-thread-1] INFO  server.RaftServerConfigKeys (ConfUtils.java:logGet(44)) - raft.server.log.preallocated.size = 16384 (custom)
2020-12-17 02:12:40,345 [pool-1841-thread-1] INFO  server.RaftServerConfigKeys (ConfUtils.java:logGet(44)) - raft.server.log.write.buffer.size = 1048576 (custom)
2020-12-17 02:12:40,345 [pool-1841-thread-1] INFO  server.RaftServerConfigKeys (ConfUtils.java:logGet(44)) - raft.server.log.force.sync.num = 128 (default)
2020-12-17 02:12:40,345 [pool-1841-thread-1] INFO  server.RaftServerConfigKeys (ConfUtils.java:logGet(44)) - raft.server.log.statemachine.data.sync = true (default)
2020-12-17 02:12:40,345 [pool-1841-thread-1] INFO  server.RaftServerConfigKeys (ConfUtils.java:logGet(44)) - raft.server.log.statemachine.data.sync.timeout = 10s (default)
2020-12-17 02:12:40,345 [pool-1841-thread-1] INFO  server.RaftServerConfigKeys (ConfUtils.java:logGet(44)) - raft.server.log.statemachine.data.sync.timeout.retry = -1 (default)
2020-12-17 02:12:40,349 [pool-1841-thread-1] INFO  server.RaftServerConfigKeys (ConfUtils.java:logGet(44)) - raft.server.log.statemachine.data.caching.enabled = true (custom)
2020-12-17 02:12:40,349 [pool-1841-thread-1] INFO  segmented.SegmentedRaftLogWorker (SegmentedRaftLogWorker.java:lambda$new$0(129)) - f11c6601-f81b-414d-9af7-ba1741509b09@group-380177E12C14-SegmentedRaftLogWorker: flushIndex: setUnconditionally 0 -> -1
2020-12-17 02:12:40,349 [pool-1841-thread-1] INFO  segmented.SegmentedRaftLogWorker (SegmentedRaftLogWorker.java:lambda$new$0(129)) - f11c6601-f81b-414d-9af7-ba1741509b09@group-380177E12C14-SegmentedRaftLogWorker: safeCacheEvictIndex: setUnconditionally 0 -> -1
2020-12-17 02:12:40,349 [pool-1841-thread-1] INFO  server.RaftServerConfigKeys (ConfUtils.java:logGet(44)) - raft.server.snapshot.auto.trigger.enabled = true (custom)
2020-12-17 02:12:40,349 [pool-1841-thread-1] INFO  server.RaftServerConfigKeys (ConfUtils.java:logGet(44)) - raft.server.snapshot.auto.trigger.threshold = 10000 (custom)
2020-12-17 02:12:40,349 [pool-1841-thread-1] INFO  server.RaftServerConfigKeys (ConfUtils.java:logGet(44)) - raft.server.snapshot.retention.file.num = 5 (custom)
2020-12-17 02:12:40,349 [pool-1841-thread-1] INFO  server.RaftServerConfigKeys (ConfUtils.java:logGet(44)) - raft.server.log.purge.upto.snapshot.index = false (default)
2020-12-17 02:12:40,350 [pool-1841-thread-1] INFO  server.RaftServerConfigKeys (ConfUtils.java:logGet(44)) - raft.server.retrycache.expirytime = 600000ms (custom)
2020-12-17 02:12:40,350 [pool-1841-thread-1] INFO  metrics.RatisMetrics (RatisMetrics.java:lambda$create$0(36)) - Creating Metrics Registry : ratis.leader_election.f11c6601-f81b-414d-9af7-ba1741509b09@group-380177E12C14
2020-12-17 02:12:40,351 [pool-1841-thread-1] INFO  metrics.RatisMetrics (RatisMetrics.java:lambda$create$0(36)) - Creating Metrics Registry : ratis.server.f11c6601-f81b-414d-9af7-ba1741509b09@group-380177E12C14
2020-12-17 02:12:40,353 [pool-1841-thread-1] INFO  impl.RaftServerImpl (RaftServerImpl.java:start(215)) - f11c6601-f81b-414d-9af7-ba1741509b09@group-380177E12C14: start as a follower, conf=-1: [7ec52e27-6063-4b9c-8511-76ca7a922bcd|rpc:172.17.0.2:45859|dataStream:, 6a05d44f-22be-4027-b269-c3a46acd3f47|rpc:172.17.0.2:38863|dataStream:, f11c6601-f81b-414d-9af7-ba1741509b09|rpc:172.17.0.2:34719|dataStream:], old=null
2020-12-17 02:12:40,354 [pool-1841-thread-1] INFO  impl.RaftServerImpl (RaftServerImpl.java:setRole(204)) - f11c6601-f81b-414d-9af7-ba1741509b09@group-380177E12C14: changes role from      null to FOLLOWER at term 0 for startAsFollower
2020-12-17 02:12:40,354 [pool-1841-thread-1] INFO  impl.RoleInfo (RoleInfo.java:updateAndGet(143)) - f11c6601-f81b-414d-9af7-ba1741509b09: start f11c6601-f81b-414d-9af7-ba1741509b09@group-380177E12C14-FollowerState
2020-12-17 02:12:40,354 [pool-1841-thread-1] INFO  util.JmxRegister (JmxRegister.java:tryRegister(44)) - Successfully registered JMX Bean with object name Ratis:service=RaftServer,group=group-380177E12C14,id=f11c6601-f81b-414d-9af7-ba1741509b09
2020-12-17 02:12:40,354 [pool-1841-thread-1] INFO  metrics.RatisMetrics (RatisMetrics.java:lambda$create$0(36)) - Creating Metrics Registry : ratis.state_machine.f11c6601-f81b-414d-9af7-ba1741509b09@group-380177E12C14
2020-12-17 02:12:40,361 [Command processor thread] INFO  metrics.RatisMetrics (RatisMetrics.java:lambda$create$0(36)) - Creating Metrics Registry : ratis.client_message_metrics.client-0AF0DF738F6D->7ec52e27-6063-4b9c-8511-76ca7a922bcd
2020-12-17 02:12:40,365 [grpc-default-executor-1] INFO  metrics.RatisMetrics (RatisMetrics.java:lambda$create$0(36)) - Creating Metrics Registry : ratis.server_message_metrics.7ec52e27-6063-4b9c-8511-76ca7a922bcd
2020-12-17 02:12:40,367 [grpc-default-executor-1] INFO  impl.RaftServerProxy (RaftServerProxy.java:addNew(93)) - 7ec52e27-6063-4b9c-8511-76ca7a922bcd: addNew group-380177E12C14:[7ec52e27-6063-4b9c-8511-76ca7a922bcd|rpc:172.17.0.2:45859|dataStream:, 6a05d44f-22be-4027-b269-c3a46acd3f47|rpc:172.17.0.2:38863|dataStream:, f11c6601-f81b-414d-9af7-ba1741509b09|rpc:172.17.0.2:34719|dataStream:] returns group-380177E12C14:java.util.concurrent.CompletableFuture@3cf1c787[Not completed]
2020-12-17 02:12:40,368 [pool-1825-thread-1] INFO  impl.RaftServerImpl (RaftServerImpl.java:<init>(121)) - 7ec52e27-6063-4b9c-8511-76ca7a922bcd: new RaftServerImpl for group-380177E12C14:[7ec52e27-6063-4b9c-8511-76ca7a922bcd|rpc:172.17.0.2:45859|dataStream:, 6a05d44f-22be-4027-b269-c3a46acd3f47|rpc:172.17.0.2:38863|dataStream:, f11c6601-f81b-414d-9af7-ba1741509b09|rpc:172.17.0.2:34719|dataStream:] with ContainerStateMachine:uninitialized
2020-12-17 02:12:40,368 [pool-1825-thread-1] INFO  server.RaftServerConfigKeys (ConfUtils.java:logGet(44)) - raft.server.rpc.timeout.min = 5s (custom)
2020-12-17 02:12:40,368 [pool-1825-thread-1] INFO  server.RaftServerConfigKeys (ConfUtils.java:logGet(44)) - raft.server.rpc.timeout.max = 5200ms (custom)
2020-12-17 02:12:40,368 [pool-1825-thread-1] INFO  server.RaftServerConfigKeys (ConfUtils.java:logGet(44)) - raft.server.rpc.slowness.timeout = 300s (custom)
2020-12-17 02:12:40,368 [pool-1825-thread-1] INFO  server.RaftServerConfigKeys (ConfUtils.java:logGet(44)) - raft.server.leaderelection.leader.step-down.wait-time = 10s (default)
2020-12-17 02:12:40,368 [pool-1825-thread-1] INFO  server.RaftServerConfigKeys (ConfUtils.java:logGet(44)) - raft.server.sleep.deviation.threshold = 300 (default)
2020-12-17 02:12:40,368 [pool-1825-thread-1] INFO  server.RaftServerConfigKeys (ConfUtils.java:logGet(44)) - raft.server.log.appender.install.snapshot.enabled = false (custom)
2020-12-17 02:12:40,368 [pool-1825-thread-1] INFO  impl.RaftServerImpl (ServerState.java:<init>(104)) - 7ec52e27-6063-4b9c-8511-76ca7a922bcd@group-380177E12C14: ConfigurationManager, init=-1: [7ec52e27-6063-4b9c-8511-76ca7a922bcd|rpc:172.17.0.2:45859|dataStream:, 6a05d44f-22be-4027-b269-c3a46acd3f47|rpc:172.17.0.2:38863|dataStream:, f11c6601-f81b-414d-9af7-ba1741509b09|rpc:172.17.0.2:34719|dataStream:], old=null, confs=<EMPTY_MAP>
2020-12-17 02:12:40,368 [pool-1825-thread-1] INFO  server.RaftServerConfigKeys (ConfUtils.java:logGet(44)) - raft.server.storage.dir = [/github/workspace/mnt/ozone/hadoop-ozone/integration-test/target/test-dir/MiniOzoneClusterImpl-2a381d17-8836-40f3-94ec-0b892e5c06e0/datanode-4/data/ratis] (custom)
2020-12-17 02:12:40,368 [pool-1825-thread-1] INFO  server.RaftServerConfigKeys (ConfUtils.java:logGet(44)) - raft.server.log.corruption.policy = EXCEPTION (default)
2020-12-17 02:12:40,369 [pool-1825-thread-1] INFO  storage.RaftStorageDirectory (RaftStorageDirectory.java:analyzeStorage(261)) - The storage directory /github/workspace/mnt/ozone/hadoop-ozone/integration-test/target/test-dir/MiniOzoneClusterImpl-2a381d17-8836-40f3-94ec-0b892e5c06e0/datanode-4/data/ratis/1be34abb-29be-4d78-993d-380177e12c14 does not exist. Creating ...
2020-12-17 02:12:40,370 [pool-1825-thread-1] INFO  storage.RaftStorageDirectory (RaftStorageDirectory.java:tryLock(343)) - Lock on /github/workspace/mnt/ozone/hadoop-ozone/integration-test/target/test-dir/MiniOzoneClusterImpl-2a381d17-8836-40f3-94ec-0b892e5c06e0/datanode-4/data/ratis/1be34abb-29be-4d78-993d-380177e12c14/in_use.lock acquired by nodename 8093@89b9adae2c19
2020-12-17 02:12:40,371 [pool-1825-thread-1] INFO  storage.RaftStorage (RaftStorage.java:format(85)) - Storage directory /github/workspace/mnt/ozone/hadoop-ozone/integration-test/target/test-dir/MiniOzoneClusterImpl-2a381d17-8836-40f3-94ec-0b892e5c06e0/datanode-4/data/ratis/1be34abb-29be-4d78-993d-380177e12c14 has been successfully formatted.
2020-12-17 02:12:40,371 [pool-1825-thread-1] INFO  ratis.ContainerStateMachine (ContainerStateMachine.java:loadSnapshot(225)) - group-380177E12C14: The snapshot info is null. Setting the last applied indexto:(t:0, i:~)
2020-12-17 02:12:40,371 [pool-1825-thread-1] INFO  server.RaftServerConfigKeys (ConfUtils.java:logGet(44)) - raft.server.notification.no-leader.timeout = 300s (custom)
2020-12-17 02:12:40,371 [pool-1825-thread-1] INFO  server.RaftServerConfigKeys (ConfUtils.java:logGet(44)) - raft.server.log.use.memory = false (default)
2020-12-17 02:12:40,371 [pool-1825-thread-1] INFO  server.RaftServerConfigKeys (ConfUtils.java:logGet(44)) - raft.server.log.purge.gap = 1000000 (custom)
2020-12-17 02:12:40,371 [pool-1825-thread-1] INFO  metrics.RatisMetrics (RatisMetrics.java:lambda$create$0(36)) - Creating Metrics Registry : ratis.log_worker.7ec52e27-6063-4b9c-8511-76ca7a922bcd@group-380177E12C14
2020-12-17 02:12:40,372 [EventQueue-PipelineReportForOneReplicaPipelineSafeModeRule] INFO  safemode.SCMSafeModeManager (SCMSafeModeManager.java:validateSafeModeExitRules(214)) - AtleastOneDatanodeReportedRule rule is successfully validated
2020-12-17 02:12:40,372 [pool-1825-thread-1] INFO  server.RaftServerConfigKeys (ConfUtils.java:logGet(44)) - raft.server.log.appender.buffer.byte-limit = 33554432 (custom)
2020-12-17 02:12:40,372 [pool-1825-thread-1] INFO  server.RaftServerConfigKeys (ConfUtils.java:logGet(44)) - raft.server.log.segment.size.max = 1048576 (custom)
2020-12-17 02:12:40,373 [pool-1825-thread-1] INFO  server.RaftServerConfigKeys (ConfUtils.java:logGet(44)) - raft.server.log.segment.cache.num.max = 2 (custom)
2020-12-17 02:12:40,373 [pool-1825-thread-1] INFO  segmented.SegmentedRaftLogWorker (SegmentedRaftLogWorker.java:<init>(180)) - new 7ec52e27-6063-4b9c-8511-76ca7a922bcd@group-380177E12C14-SegmentedRaftLogWorker for RaftStorage:Storage Directory /github/workspace/mnt/ozone/hadoop-ozone/integration-test/target/test-dir/MiniOzoneClusterImpl-2a381d17-8836-40f3-94ec-0b892e5c06e0/datanode-4/data/ratis/1be34abb-29be-4d78-993d-380177e12c14
2020-12-17 02:12:40,373 [pool-1825-thread-1] INFO  server.RaftServerConfigKeys (ConfUtils.java:logGet(44)) - raft.server.log.queue.byte-limit = 2147483647 (custom)
2020-12-17 02:12:40,373 [pool-1825-thread-1] INFO  server.RaftServerConfigKeys (ConfUtils.java:logGet(44)) - raft.server.log.queue.element-limit = 1024 (custom)
2020-12-17 02:12:40,373 [pool-1825-thread-1] INFO  server.RaftServerConfigKeys (ConfUtils.java:logGet(44)) - raft.server.log.segment.size.max = 1048576 (custom)
2020-12-17 02:12:40,373 [pool-1825-thread-1] INFO  server.RaftServerConfigKeys (ConfUtils.java:logGet(44)) - raft.server.log.preallocated.size = 16384 (custom)
2020-12-17 02:12:40,374 [pool-1825-thread-1] INFO  server.RaftServerConfigKeys (ConfUtils.java:logGet(44)) - raft.server.log.write.buffer.size = 1048576 (custom)
2020-12-17 02:12:40,374 [pool-1825-thread-1] INFO  server.RaftServerConfigKeys (ConfUtils.java:logGet(44)) - raft.server.log.force.sync.num = 128 (default)
2020-12-17 02:12:40,374 [pool-1825-thread-1] INFO  server.RaftServerConfigKeys (ConfUtils.java:logGet(44)) - raft.server.log.statemachine.data.sync = true (default)
2020-12-17 02:12:40,374 [pool-1825-thread-1] INFO  server.RaftServerConfigKeys (ConfUtils.java:logGet(44)) - raft.server.log.statemachine.data.sync.timeout = 10s (default)
2020-12-17 02:12:40,374 [pool-1825-thread-1] INFO  server.RaftServerConfigKeys (ConfUtils.java:logGet(44)) - raft.server.log.statemachine.data.sync.timeout.retry = -1 (default)
2020-12-17 02:12:40,377 [pool-1825-thread-1] INFO  server.RaftServerConfigKeys (ConfUtils.java:logGet(44)) - raft.server.log.statemachine.data.caching.enabled = true (custom)
2020-12-17 02:12:40,377 [pool-1825-thread-1] INFO  segmented.SegmentedRaftLogWorker (SegmentedRaftLogWorker.java:lambda$new$0(129)) - 7ec52e27-6063-4b9c-8511-76ca7a922bcd@group-380177E12C14-SegmentedRaftLogWorker: flushIndex: setUnconditionally 0 -> -1
2020-12-17 02:12:40,377 [pool-1825-thread-1] INFO  segmented.SegmentedRaftLogWorker (SegmentedRaftLogWorker.java:lambda$new$0(129)) - 7ec52e27-6063-4b9c-8511-76ca7a922bcd@group-380177E12C14-SegmentedRaftLogWorker: safeCacheEvictIndex: setUnconditionally 0 -> -1
2020-12-17 02:12:40,377 [pool-1825-thread-1] INFO  server.RaftServerConfigKeys (ConfUtils.java:logGet(44)) - raft.server.snapshot.auto.trigger.enabled = true (custom)
2020-12-17 02:12:40,377 [pool-1825-thread-1] INFO  server.RaftServerConfigKeys (ConfUtils.java:logGet(44)) - raft.server.snapshot.auto.trigger.threshold = 10000 (custom)
2020-12-17 02:12:40,377 [pool-1825-thread-1] INFO  server.RaftServerConfigKeys (ConfUtils.java:logGet(44)) - raft.server.snapshot.retention.file.num = 5 (custom)
2020-12-17 02:12:40,377 [pool-1825-thread-1] INFO  server.RaftServerConfigKeys (ConfUtils.java:logGet(44)) - raft.server.log.purge.upto.snapshot.index = false (default)
2020-12-17 02:12:40,378 [pool-1825-thread-1] INFO  server.RaftServerConfigKeys (ConfUtils.java:logGet(44)) - raft.server.retrycache.expirytime = 600000ms (custom)
2020-12-17 02:12:40,378 [pool-1825-thread-1] INFO  metrics.RatisMetrics (RatisMetrics.java:lambda$create$0(36)) - Creating Metrics Registry : ratis.leader_election.7ec52e27-6063-4b9c-8511-76ca7a922bcd@group-380177E12C14
2020-12-17 02:12:40,379 [pool-1825-thread-1] INFO  metrics.RatisMetrics (RatisMetrics.java:lambda$create$0(36)) - Creating Metrics Registry : ratis.server.7ec52e27-6063-4b9c-8511-76ca7a922bcd@group-380177E12C14
2020-12-17 02:12:40,381 [pool-1825-thread-1] INFO  impl.RaftServerImpl (RaftServerImpl.java:start(215)) - 7ec52e27-6063-4b9c-8511-76ca7a922bcd@group-380177E12C14: start as a follower, conf=-1: [7ec52e27-6063-4b9c-8511-76ca7a922bcd|rpc:172.17.0.2:45859|dataStream:, 6a05d44f-22be-4027-b269-c3a46acd3f47|rpc:172.17.0.2:38863|dataStream:, f11c6601-f81b-414d-9af7-ba1741509b09|rpc:172.17.0.2:34719|dataStream:], old=null
2020-12-17 02:12:40,381 [pool-1825-thread-1] INFO  impl.RaftServerImpl (RaftServerImpl.java:setRole(204)) - 7ec52e27-6063-4b9c-8511-76ca7a922bcd@group-380177E12C14: changes role from      null to FOLLOWER at term 0 for startAsFollower
2020-12-17 02:12:40,382 [pool-1825-thread-1] INFO  impl.RoleInfo (RoleInfo.java:updateAndGet(143)) - 7ec52e27-6063-4b9c-8511-76ca7a922bcd: start 7ec52e27-6063-4b9c-8511-76ca7a922bcd@group-380177E12C14-FollowerState
2020-12-17 02:12:40,382 [pool-1825-thread-1] INFO  util.JmxRegister (JmxRegister.java:tryRegister(44)) - Successfully registered JMX Bean with object name Ratis:service=RaftServer,group=group-380177E12C14,id=7ec52e27-6063-4b9c-8511-76ca7a922bcd
2020-12-17 02:12:40,382 [pool-1825-thread-1] INFO  metrics.RatisMetrics (RatisMetrics.java:lambda$create$0(36)) - Creating Metrics Registry : ratis.state_machine.7ec52e27-6063-4b9c-8511-76ca7a922bcd@group-380177E12C14
2020-12-17 02:12:40,390 [Command processor thread] INFO  commandhandler.CreatePipelineCommandHandler (CreatePipelineCommandHandler.java:handle(106)) - Created Pipeline RATIS THREE PipelineID=1be34abb-29be-4d78-993d-380177e12c14.
2020-12-17 02:12:40,502 [Command processor thread] INFO  impl.RaftServerProxy (RaftServerProxy.java:addNew(93)) - 7ec52e27-6063-4b9c-8511-76ca7a922bcd: addNew group-684263C6A878:[7ec52e27-6063-4b9c-8511-76ca7a922bcd|rpc:172.17.0.2:45859] returns group-684263C6A878:java.util.concurrent.CompletableFuture@1ffeb912[Not completed]
2020-12-17 02:12:40,503 [pool-1825-thread-1] INFO  impl.RaftServerImpl (RaftServerImpl.java:<init>(121)) - 7ec52e27-6063-4b9c-8511-76ca7a922bcd: new RaftServerImpl for group-684263C6A878:[7ec52e27-6063-4b9c-8511-76ca7a922bcd|rpc:172.17.0.2:45859] with ContainerStateMachine:uninitialized
2020-12-17 02:12:40,503 [pool-1825-thread-1] INFO  server.RaftServerConfigKeys (ConfUtils.java:logGet(44)) - raft.server.rpc.timeout.min = 5s (custom)
2020-12-17 02:12:40,503 [pool-1825-thread-1] INFO  server.RaftServerConfigKeys (ConfUtils.java:logGet(44)) - raft.server.rpc.timeout.max = 5200ms (custom)
2020-12-17 02:12:40,503 [pool-1825-thread-1] INFO  server.RaftServerConfigKeys (ConfUtils.java:logGet(44)) - raft.server.rpc.slowness.timeout = 300s (custom)
2020-12-17 02:12:40,503 [pool-1825-thread-1] INFO  server.RaftServerConfigKeys (ConfUtils.java:logGet(44)) - raft.server.leaderelection.leader.step-down.wait-time = 10s (default)
2020-12-17 02:12:40,503 [pool-1825-thread-1] INFO  server.RaftServerConfigKeys (ConfUtils.java:logGet(44)) - raft.server.sleep.deviation.threshold = 300 (default)
2020-12-17 02:12:40,503 [pool-1825-thread-1] INFO  server.RaftServerConfigKeys (ConfUtils.java:logGet(44)) - raft.server.log.appender.install.snapshot.enabled = false (custom)
2020-12-17 02:12:40,503 [pool-1825-thread-1] INFO  impl.RaftServerImpl (ServerState.java:<init>(104)) - 7ec52e27-6063-4b9c-8511-76ca7a922bcd@group-684263C6A878: ConfigurationManager, init=-1: [7ec52e27-6063-4b9c-8511-76ca7a922bcd|rpc:172.17.0.2:45859], old=null, confs=<EMPTY_MAP>
2020-12-17 02:12:40,503 [pool-1825-thread-1] INFO  server.RaftServerConfigKeys (ConfUtils.java:logGet(44)) - raft.server.storage.dir = [/github/workspace/mnt/ozone/hadoop-ozone/integration-test/target/test-dir/MiniOzoneClusterImpl-2a381d17-8836-40f3-94ec-0b892e5c06e0/datanode-4/data/ratis] (custom)
2020-12-17 02:12:40,504 [pool-1825-thread-1] INFO  server.RaftServerConfigKeys (ConfUtils.java:logGet(44)) - raft.server.log.corruption.policy = EXCEPTION (default)
2020-12-17 02:12:40,504 [pool-1825-thread-1] INFO  storage.RaftStorageDirectory (RaftStorageDirectory.java:analyzeStorage(261)) - The storage directory /github/workspace/mnt/ozone/hadoop-ozone/integration-test/target/test-dir/MiniOzoneClusterImpl-2a381d17-8836-40f3-94ec-0b892e5c06e0/datanode-4/data/ratis/3da2df9d-fa47-4f71-9525-684263c6a878 does not exist. Creating ...
2020-12-17 02:12:40,505 [pool-1825-thread-1] INFO  storage.RaftStorageDirectory (RaftStorageDirectory.java:tryLock(343)) - Lock on /github/workspace/mnt/ozone/hadoop-ozone/integration-test/target/test-dir/MiniOzoneClusterImpl-2a381d17-8836-40f3-94ec-0b892e5c06e0/datanode-4/data/ratis/3da2df9d-fa47-4f71-9525-684263c6a878/in_use.lock acquired by nodename 8093@89b9adae2c19
2020-12-17 02:12:40,506 [pool-1825-thread-1] INFO  storage.RaftStorage (RaftStorage.java:format(85)) - Storage directory /github/workspace/mnt/ozone/hadoop-ozone/integration-test/target/test-dir/MiniOzoneClusterImpl-2a381d17-8836-40f3-94ec-0b892e5c06e0/datanode-4/data/ratis/3da2df9d-fa47-4f71-9525-684263c6a878 has been successfully formatted.
2020-12-17 02:12:40,507 [pool-1825-thread-1] INFO  ratis.ContainerStateMachine (ContainerStateMachine.java:loadSnapshot(225)) - group-684263C6A878: The snapshot info is null. Setting the last applied indexto:(t:0, i:~)
2020-12-17 02:12:40,507 [pool-1825-thread-1] INFO  server.RaftServerConfigKeys (ConfUtils.java:logGet(44)) - raft.server.notification.no-leader.timeout = 300s (custom)
2020-12-17 02:12:40,507 [pool-1825-thread-1] INFO  server.RaftServerConfigKeys (ConfUtils.java:logGet(44)) - raft.server.log.use.memory = false (default)
2020-12-17 02:12:40,508 [EventQueue-PipelineReportForOneReplicaPipelineSafeModeRule] INFO  safemode.SCMSafeModeManager (SCMSafeModeManager.java:validateSafeModeExitRules(214)) - AtleastOneDatanodeReportedRule rule is successfully validated
2020-12-17 02:12:40,508 [EventQueue-PipelineReportForPipelineReportHandler] INFO  pipeline.PipelineStateManager (PipelineStateManager.java:openPipeline(132)) - Pipeline Pipeline[ Id: 3da2df9d-fa47-4f71-9525-684263c6a878, Nodes: 7ec52e27-6063-4b9c-8511-76ca7a922bcd{ip: 172.17.0.2, host: 89b9adae2c19, networkLocation: /default-rack, certSerialId: null, persistedOpState: IN_SERVICE, persistedOpStateExpiryEpochSec: 0}, Type:RATIS, Factor:ONE, State:ALLOCATED, leaderId:7ec52e27-6063-4b9c-8511-76ca7a922bcd, CreationTimestamp2020-12-17T02:12:37.504Z] moved to OPEN state
2020-12-17 02:12:40,508 [EventQueue-OpenPipelineForHealthyPipelineSafeModeRule] INFO  safemode.SCMSafeModeManager (HealthyPipelineSafeModeRule.java:process(128)) - SCM in safe mode. Healthy pipelines reported count is 0, required healthy pipeline reported count is 1
2020-12-17 02:12:40,508 [pool-1825-thread-1] INFO  server.RaftServerConfigKeys (ConfUtils.java:logGet(44)) - raft.server.log.purge.gap = 1000000 (custom)
2020-12-17 02:12:40,508 [pool-1825-thread-1] INFO  metrics.RatisMetrics (RatisMetrics.java:lambda$create$0(36)) - Creating Metrics Registry : ratis.log_worker.7ec52e27-6063-4b9c-8511-76ca7a922bcd@group-684263C6A878
2020-12-17 02:12:40,509 [pool-1825-thread-1] INFO  server.RaftServerConfigKeys (ConfUtils.java:logGet(44)) - raft.server.log.appender.buffer.byte-limit = 33554432 (custom)
2020-12-17 02:12:40,509 [pool-1825-thread-1] INFO  server.RaftServerConfigKeys (ConfUtils.java:logGet(44)) - raft.server.log.segment.size.max = 1048576 (custom)
2020-12-17 02:12:40,510 [pool-1825-thread-1] INFO  server.RaftServerConfigKeys (ConfUtils.java:logGet(44)) - raft.server.log.segment.cache.num.max = 2 (custom)
2020-12-17 02:12:40,510 [pool-1825-thread-1] INFO  segmented.SegmentedRaftLogWorker (SegmentedRaftLogWorker.java:<init>(180)) - new 7ec52e27-6063-4b9c-8511-76ca7a922bcd@group-684263C6A878-SegmentedRaftLogWorker for RaftStorage:Storage Directory /github/workspace/mnt/ozone/hadoop-ozone/integration-test/target/test-dir/MiniOzoneClusterImpl-2a381d17-8836-40f3-94ec-0b892e5c06e0/datanode-4/data/ratis/3da2df9d-fa47-4f71-9525-684263c6a878
2020-12-17 02:12:40,510 [pool-1825-thread-1] INFO  server.RaftServerConfigKeys (ConfUtils.java:logGet(44)) - raft.server.log.queue.byte-limit = 2147483647 (custom)
2020-12-17 02:12:40,510 [pool-1825-thread-1] INFO  server.RaftServerConfigKeys (ConfUtils.java:logGet(44)) - raft.server.log.queue.element-limit = 1024 (custom)
2020-12-17 02:12:40,510 [pool-1825-thread-1] INFO  server.RaftServerConfigKeys (ConfUtils.java:logGet(44)) - raft.server.log.segment.size.max = 1048576 (custom)
2020-12-17 02:12:40,510 [pool-1825-thread-1] INFO  server.RaftServerConfigKeys (ConfUtils.java:logGet(44)) - raft.server.log.preallocated.size = 16384 (custom)
2020-12-17 02:12:40,510 [pool-1825-thread-1] INFO  server.RaftServerConfigKeys (ConfUtils.java:logGet(44)) - raft.server.log.write.buffer.size = 1048576 (custom)
2020-12-17 02:12:40,510 [pool-1825-thread-1] INFO  server.RaftServerConfigKeys (ConfUtils.java:logGet(44)) - raft.server.log.force.sync.num = 128 (default)
2020-12-17 02:12:40,510 [pool-1825-thread-1] INFO  server.RaftServerConfigKeys (ConfUtils.java:logGet(44)) - raft.server.log.statemachine.data.sync = true (default)
2020-12-17 02:12:40,511 [pool-1825-thread-1] INFO  server.RaftServerConfigKeys (ConfUtils.java:logGet(44)) - raft.server.log.statemachine.data.sync.timeout = 10s (default)
2020-12-17 02:12:40,511 [pool-1825-thread-1] INFO  server.RaftServerConfigKeys (ConfUtils.java:logGet(44)) - raft.server.log.statemachine.data.sync.timeout.retry = -1 (default)
2020-12-17 02:12:40,514 [pool-1825-thread-1] INFO  server.RaftServerConfigKeys (ConfUtils.java:logGet(44)) - raft.server.log.statemachine.data.caching.enabled = true (custom)
2020-12-17 02:12:40,514 [pool-1825-thread-1] INFO  segmented.SegmentedRaftLogWorker (SegmentedRaftLogWorker.java:lambda$new$0(129)) - 7ec52e27-6063-4b9c-8511-76ca7a922bcd@group-684263C6A878-SegmentedRaftLogWorker: flushIndex: setUnconditionally 0 -> -1
2020-12-17 02:12:40,515 [pool-1825-thread-1] INFO  segmented.SegmentedRaftLogWorker (SegmentedRaftLogWorker.java:lambda$new$0(129)) - 7ec52e27-6063-4b9c-8511-76ca7a922bcd@group-684263C6A878-SegmentedRaftLogWorker: safeCacheEvictIndex: setUnconditionally 0 -> -1
2020-12-17 02:12:40,515 [pool-1825-thread-1] INFO  server.RaftServerConfigKeys (ConfUtils.java:logGet(44)) - raft.server.snapshot.auto.trigger.enabled = true (custom)
2020-12-17 02:12:40,515 [pool-1825-thread-1] INFO  server.RaftServerConfigKeys (ConfUtils.java:logGet(44)) - raft.server.snapshot.auto.trigger.threshold = 10000 (custom)
2020-12-17 02:12:40,515 [pool-1825-thread-1] INFO  server.RaftServerConfigKeys (ConfUtils.java:logGet(44)) - raft.server.snapshot.retention.file.num = 5 (custom)
2020-12-17 02:12:40,515 [pool-1825-thread-1] INFO  server.RaftServerConfigKeys (ConfUtils.java:logGet(44)) - raft.server.log.purge.upto.snapshot.index = false (default)
2020-12-17 02:12:40,515 [pool-1825-thread-1] INFO  server.RaftServerConfigKeys (ConfUtils.java:logGet(44)) - raft.server.retrycache.expirytime = 600000ms (custom)
2020-12-17 02:12:40,515 [pool-1825-thread-1] INFO  metrics.RatisMetrics (RatisMetrics.java:lambda$create$0(36)) - Creating Metrics Registry : ratis.leader_election.7ec52e27-6063-4b9c-8511-76ca7a922bcd@group-684263C6A878
2020-12-17 02:12:40,516 [pool-1825-thread-1] INFO  metrics.RatisMetrics (RatisMetrics.java:lambda$create$0(36)) - Creating Metrics Registry : ratis.server.7ec52e27-6063-4b9c-8511-76ca7a922bcd@group-684263C6A878
2020-12-17 02:12:40,518 [pool-1825-thread-1] INFO  impl.RaftServerImpl (RaftServerImpl.java:start(215)) - 7ec52e27-6063-4b9c-8511-76ca7a922bcd@group-684263C6A878: start as a follower, conf=-1: [7ec52e27-6063-4b9c-8511-76ca7a922bcd|rpc:172.17.0.2:45859], old=null
2020-12-17 02:12:40,519 [pool-1825-thread-1] INFO  impl.RaftServerImpl (RaftServerImpl.java:setRole(204)) - 7ec52e27-6063-4b9c-8511-76ca7a922bcd@group-684263C6A878: changes role from      null to FOLLOWER at term 0 for startAsFollower
2020-12-17 02:12:40,519 [pool-1825-thread-1] INFO  impl.RoleInfo (RoleInfo.java:updateAndGet(143)) - 7ec52e27-6063-4b9c-8511-76ca7a922bcd: start 7ec52e27-6063-4b9c-8511-76ca7a922bcd@group-684263C6A878-FollowerState
2020-12-17 02:12:40,519 [pool-1825-thread-1] INFO  util.JmxRegister (JmxRegister.java:tryRegister(44)) - Successfully registered JMX Bean with object name Ratis:service=RaftServer,group=group-684263C6A878,id=7ec52e27-6063-4b9c-8511-76ca7a922bcd
2020-12-17 02:12:40,519 [pool-1825-thread-1] INFO  metrics.RatisMetrics (RatisMetrics.java:lambda$create$0(36)) - Creating Metrics Registry : ratis.state_machine.7ec52e27-6063-4b9c-8511-76ca7a922bcd@group-684263C6A878
2020-12-17 02:12:40,521 [Command processor thread] INFO  commandhandler.CreatePipelineCommandHandler (CreatePipelineCommandHandler.java:handle(106)) - Created Pipeline RATIS ONE PipelineID=3da2df9d-fa47-4f71-9525-684263c6a878.
2020-12-17 02:12:40,732 [EventQueue-PipelineReportForOneReplicaPipelineSafeModeRule] INFO  safemode.SCMSafeModeManager (SCMSafeModeManager.java:validateSafeModeExitRules(214)) - AtleastOneDatanodeReportedRule rule is successfully validated
2020-12-17 02:12:40,732 [EventQueue-OpenPipelineForHealthyPipelineSafeModeRule] INFO  safemode.SCMSafeModeManager (HealthyPipelineSafeModeRule.java:process(128)) - SCM in safe mode. Healthy pipelines reported count is 0, required healthy pipeline reported count is 1
2020-12-17 02:12:40,802 [Command processor thread] INFO  impl.RaftServerProxy (RaftServerProxy.java:addNew(93)) - f11c6601-f81b-414d-9af7-ba1741509b09: addNew group-CCE2006DB23C:[f11c6601-f81b-414d-9af7-ba1741509b09|rpc:172.17.0.2:34719] returns group-CCE2006DB23C:java.util.concurrent.CompletableFuture@51d84352[Not completed]
2020-12-17 02:12:40,802 [pool-1841-thread-1] INFO  impl.RaftServerImpl (RaftServerImpl.java:<init>(121)) - f11c6601-f81b-414d-9af7-ba1741509b09: new RaftServerImpl for group-CCE2006DB23C:[f11c6601-f81b-414d-9af7-ba1741509b09|rpc:172.17.0.2:34719] with ContainerStateMachine:uninitialized
2020-12-17 02:12:40,802 [pool-1841-thread-1] INFO  server.RaftServerConfigKeys (ConfUtils.java:logGet(44)) - raft.server.rpc.timeout.min = 5s (custom)
2020-12-17 02:12:40,802 [pool-1841-thread-1] INFO  server.RaftServerConfigKeys (ConfUtils.java:logGet(44)) - raft.server.rpc.timeout.max = 5200ms (custom)
2020-12-17 02:12:40,802 [pool-1841-thread-1] INFO  server.RaftServerConfigKeys (ConfUtils.java:logGet(44)) - raft.server.rpc.slowness.timeout = 300s (custom)
2020-12-17 02:12:40,802 [pool-1841-thread-1] INFO  server.RaftServerConfigKeys (ConfUtils.java:logGet(44)) - raft.server.leaderelection.leader.step-down.wait-time = 10s (default)
2020-12-17 02:12:40,802 [pool-1841-thread-1] INFO  server.RaftServerConfigKeys (ConfUtils.java:logGet(44)) - raft.server.sleep.deviation.threshold = 300 (default)
2020-12-17 02:12:40,803 [pool-1841-thread-1] INFO  server.RaftServerConfigKeys (ConfUtils.java:logGet(44)) - raft.server.log.appender.install.snapshot.enabled = false (custom)
2020-12-17 02:12:40,803 [pool-1841-thread-1] INFO  impl.RaftServerImpl (ServerState.java:<init>(104)) - f11c6601-f81b-414d-9af7-ba1741509b09@group-CCE2006DB23C: ConfigurationManager, init=-1: [f11c6601-f81b-414d-9af7-ba1741509b09|rpc:172.17.0.2:34719], old=null, confs=<EMPTY_MAP>
2020-12-17 02:12:40,803 [pool-1841-thread-1] INFO  server.RaftServerConfigKeys (ConfUtils.java:logGet(44)) - raft.server.storage.dir = [/github/workspace/mnt/ozone/hadoop-ozone/integration-test/target/test-dir/MiniOzoneClusterImpl-2a381d17-8836-40f3-94ec-0b892e5c06e0/datanode-5/data/ratis] (custom)
2020-12-17 02:12:40,803 [pool-1841-thread-1] INFO  server.RaftServerConfigKeys (ConfUtils.java:logGet(44)) - raft.server.log.corruption.policy = EXCEPTION (default)
2020-12-17 02:12:40,803 [pool-1841-thread-1] INFO  storage.RaftStorageDirectory (RaftStorageDirectory.java:analyzeStorage(261)) - The storage directory /github/workspace/mnt/ozone/hadoop-ozone/integration-test/target/test-dir/MiniOzoneClusterImpl-2a381d17-8836-40f3-94ec-0b892e5c06e0/datanode-5/data/ratis/55e6ba92-3fa8-45bb-b3dd-cce2006db23c does not exist. Creating ...
2020-12-17 02:12:40,804 [Listener at 127.0.0.1/37391] INFO  ozone.MiniOzoneClusterImpl (MiniOzoneClusterImpl.java:lambda$waitForClusterToBeReady$0(178)) - Nodes are ready. Got 6 of 6 DN Heartbeats.
2020-12-17 02:12:40,804 [Listener at 127.0.0.1/37391] INFO  ozone.MiniOzoneClusterImpl (MiniOzoneClusterImpl.java:lambda$waitForClusterToBeReady$0(181)) - Waiting for cluster to exit safe mode
2020-12-17 02:12:40,805 [pool-1841-thread-1] INFO  storage.RaftStorageDirectory (RaftStorageDirectory.java:tryLock(343)) - Lock on /github/workspace/mnt/ozone/hadoop-ozone/integration-test/target/test-dir/MiniOzoneClusterImpl-2a381d17-8836-40f3-94ec-0b892e5c06e0/datanode-5/data/ratis/55e6ba92-3fa8-45bb-b3dd-cce2006db23c/in_use.lock acquired by nodename 8093@89b9adae2c19
2020-12-17 02:12:40,806 [pool-1841-thread-1] INFO  storage.RaftStorage (RaftStorage.java:format(85)) - Storage directory /github/workspace/mnt/ozone/hadoop-ozone/integration-test/target/test-dir/MiniOzoneClusterImpl-2a381d17-8836-40f3-94ec-0b892e5c06e0/datanode-5/data/ratis/55e6ba92-3fa8-45bb-b3dd-cce2006db23c has been successfully formatted.
2020-12-17 02:12:40,806 [pool-1841-thread-1] INFO  ratis.ContainerStateMachine (ContainerStateMachine.java:loadSnapshot(225)) - group-CCE2006DB23C: The snapshot info is null. Setting the last applied indexto:(t:0, i:~)
2020-12-17 02:12:40,806 [pool-1841-thread-1] INFO  server.RaftServerConfigKeys (ConfUtils.java:logGet(44)) - raft.server.notification.no-leader.timeout = 300s (custom)
2020-12-17 02:12:40,806 [pool-1841-thread-1] INFO  server.RaftServerConfigKeys (ConfUtils.java:logGet(44)) - raft.server.log.use.memory = false (default)
2020-12-17 02:12:40,807 [EventQueue-PipelineReportForOneReplicaPipelineSafeModeRule] INFO  safemode.SCMSafeModeManager (SCMSafeModeManager.java:validateSafeModeExitRules(214)) - AtleastOneDatanodeReportedRule rule is successfully validated
2020-12-17 02:12:40,807 [EventQueue-PipelineReportForPipelineReportHandler] INFO  pipeline.PipelineStateManager (PipelineStateManager.java:openPipeline(132)) - Pipeline Pipeline[ Id: 55e6ba92-3fa8-45bb-b3dd-cce2006db23c, Nodes: f11c6601-f81b-414d-9af7-ba1741509b09{ip: 172.17.0.2, host: 89b9adae2c19, networkLocation: /default-rack, certSerialId: null, persistedOpState: IN_SERVICE, persistedOpStateExpiryEpochSec: 0}, Type:RATIS, Factor:ONE, State:ALLOCATED, leaderId:f11c6601-f81b-414d-9af7-ba1741509b09, CreationTimestamp2020-12-17T02:12:37.803Z] moved to OPEN state
2020-12-17 02:12:40,808 [EventQueue-OpenPipelineForHealthyPipelineSafeModeRule] INFO  safemode.SCMSafeModeManager (HealthyPipelineSafeModeRule.java:process(128)) - SCM in safe mode. Healthy pipelines reported count is 0, required healthy pipeline reported count is 1
2020-12-17 02:12:40,808 [pool-1841-thread-1] INFO  server.RaftServerConfigKeys (ConfUtils.java:logGet(44)) - raft.server.log.purge.gap = 1000000 (custom)
2020-12-17 02:12:40,808 [pool-1841-thread-1] INFO  metrics.RatisMetrics (RatisMetrics.java:lambda$create$0(36)) - Creating Metrics Registry : ratis.log_worker.f11c6601-f81b-414d-9af7-ba1741509b09@group-CCE2006DB23C
2020-12-17 02:12:40,808 [pool-1841-thread-1] INFO  server.RaftServerConfigKeys (ConfUtils.java:logGet(44)) - raft.server.log.appender.buffer.byte-limit = 33554432 (custom)
2020-12-17 02:12:40,808 [pool-1841-thread-1] INFO  server.RaftServerConfigKeys (ConfUtils.java:logGet(44)) - raft.server.log.segment.size.max = 1048576 (custom)
2020-12-17 02:12:40,809 [pool-1841-thread-1] INFO  server.RaftServerConfigKeys (ConfUtils.java:logGet(44)) - raft.server.log.segment.cache.num.max = 2 (custom)
2020-12-17 02:12:40,809 [pool-1841-thread-1] INFO  segmented.SegmentedRaftLogWorker (SegmentedRaftLogWorker.java:<init>(180)) - new f11c6601-f81b-414d-9af7-ba1741509b09@group-CCE2006DB23C-SegmentedRaftLogWorker for RaftStorage:Storage Directory /github/workspace/mnt/ozone/hadoop-ozone/integration-test/target/test-dir/MiniOzoneClusterImpl-2a381d17-8836-40f3-94ec-0b892e5c06e0/datanode-5/data/ratis/55e6ba92-3fa8-45bb-b3dd-cce2006db23c
2020-12-17 02:12:40,809 [pool-1841-thread-1] INFO  server.RaftServerConfigKeys (ConfUtils.java:logGet(44)) - raft.server.log.queue.byte-limit = 2147483647 (custom)
2020-12-17 02:12:40,809 [pool-1841-thread-1] INFO  server.RaftServerConfigKeys (ConfUtils.java:logGet(44)) - raft.server.log.queue.element-limit = 1024 (custom)
2020-12-17 02:12:40,809 [pool-1841-thread-1] INFO  server.RaftServerConfigKeys (ConfUtils.java:logGet(44)) - raft.server.log.segment.size.max = 1048576 (custom)
2020-12-17 02:12:40,809 [pool-1841-thread-1] INFO  server.RaftServerConfigKeys (ConfUtils.java:logGet(44)) - raft.server.log.preallocated.size = 16384 (custom)
2020-12-17 02:12:40,810 [pool-1841-thread-1] INFO  server.RaftServerConfigKeys (ConfUtils.java:logGet(44)) - raft.server.log.write.buffer.size = 1048576 (custom)
2020-12-17 02:12:40,810 [pool-1841-thread-1] INFO  server.RaftServerConfigKeys (ConfUtils.java:logGet(44)) - raft.server.log.force.sync.num = 128 (default)
2020-12-17 02:12:40,810 [pool-1841-thread-1] INFO  server.RaftServerConfigKeys (ConfUtils.java:logGet(44)) - raft.server.log.statemachine.data.sync = true (default)
2020-12-17 02:12:40,810 [pool-1841-thread-1] INFO  server.RaftServerConfigKeys (ConfUtils.java:logGet(44)) - raft.server.log.statemachine.data.sync.timeout = 10s (default)
2020-12-17 02:12:40,810 [pool-1841-thread-1] INFO  server.RaftServerConfigKeys (ConfUtils.java:logGet(44)) - raft.server.log.statemachine.data.sync.timeout.retry = -1 (default)
2020-12-17 02:12:40,813 [pool-1841-thread-1] INFO  server.RaftServerConfigKeys (ConfUtils.java:logGet(44)) - raft.server.log.statemachine.data.caching.enabled = true (custom)
2020-12-17 02:12:40,813 [pool-1841-thread-1] INFO  segmented.SegmentedRaftLogWorker (SegmentedRaftLogWorker.java:lambda$new$0(129)) - f11c6601-f81b-414d-9af7-ba1741509b09@group-CCE2006DB23C-SegmentedRaftLogWorker: flushIndex: setUnconditionally 0 -> -1
2020-12-17 02:12:40,813 [pool-1841-thread-1] INFO  segmented.SegmentedRaftLogWorker (SegmentedRaftLogWorker.java:lambda$new$0(129)) - f11c6601-f81b-414d-9af7-ba1741509b09@group-CCE2006DB23C-SegmentedRaftLogWorker: safeCacheEvictIndex: setUnconditionally 0 -> -1
2020-12-17 02:12:40,814 [pool-1841-thread-1] INFO  server.RaftServerConfigKeys (ConfUtils.java:logGet(44)) - raft.server.snapshot.auto.trigger.enabled = true (custom)
2020-12-17 02:12:40,814 [pool-1841-thread-1] INFO  server.RaftServerConfigKeys (ConfUtils.java:logGet(44)) - raft.server.snapshot.auto.trigger.threshold = 10000 (custom)
2020-12-17 02:12:40,814 [pool-1841-thread-1] INFO  server.RaftServerConfigKeys (ConfUtils.java:logGet(44)) - raft.server.snapshot.retention.file.num = 5 (custom)
2020-12-17 02:12:40,814 [pool-1841-thread-1] INFO  server.RaftServerConfigKeys (ConfUtils.java:logGet(44)) - raft.server.log.purge.upto.snapshot.index = false (default)
2020-12-17 02:12:40,814 [pool-1841-thread-1] INFO  server.RaftServerConfigKeys (ConfUtils.java:logGet(44)) - raft.server.retrycache.expirytime = 600000ms (custom)
2020-12-17 02:12:40,814 [pool-1841-thread-1] INFO  metrics.RatisMetrics (RatisMetrics.java:lambda$create$0(36)) - Creating Metrics Registry : ratis.leader_election.f11c6601-f81b-414d-9af7-ba1741509b09@group-CCE2006DB23C
2020-12-17 02:12:40,815 [pool-1841-thread-1] INFO  metrics.RatisMetrics (RatisMetrics.java:lambda$create$0(36)) - Creating Metrics Registry : ratis.server.f11c6601-f81b-414d-9af7-ba1741509b09@group-CCE2006DB23C
2020-12-17 02:12:40,817 [pool-1841-thread-1] INFO  impl.RaftServerImpl (RaftServerImpl.java:start(215)) - f11c6601-f81b-414d-9af7-ba1741509b09@group-CCE2006DB23C: start as a follower, conf=-1: [f11c6601-f81b-414d-9af7-ba1741509b09|rpc:172.17.0.2:34719], old=null
2020-12-17 02:12:40,818 [pool-1841-thread-1] INFO  impl.RaftServerImpl (RaftServerImpl.java:setRole(204)) - f11c6601-f81b-414d-9af7-ba1741509b09@group-CCE2006DB23C: changes role from      null to FOLLOWER at term 0 for startAsFollower
2020-12-17 02:12:40,818 [pool-1841-thread-1] INFO  impl.RoleInfo (RoleInfo.java:updateAndGet(143)) - f11c6601-f81b-414d-9af7-ba1741509b09: start f11c6601-f81b-414d-9af7-ba1741509b09@group-CCE2006DB23C-FollowerState
2020-12-17 02:12:40,818 [pool-1841-thread-1] INFO  util.JmxRegister (JmxRegister.java:tryRegister(44)) - Successfully registered JMX Bean with object name Ratis:service=RaftServer,group=group-CCE2006DB23C,id=f11c6601-f81b-414d-9af7-ba1741509b09
2020-12-17 02:12:40,818 [pool-1841-thread-1] INFO  metrics.RatisMetrics (RatisMetrics.java:lambda$create$0(36)) - Creating Metrics Registry : ratis.state_machine.f11c6601-f81b-414d-9af7-ba1741509b09@group-CCE2006DB23C
2020-12-17 02:12:40,819 [Command processor thread] INFO  commandhandler.CreatePipelineCommandHandler (CreatePipelineCommandHandler.java:handle(106)) - Created Pipeline RATIS ONE PipelineID=55e6ba92-3fa8-45bb-b3dd-cce2006db23c.
2020-12-17 02:12:40,900 [EventQueue-PipelineReportForOneReplicaPipelineSafeModeRule] INFO  safemode.SCMSafeModeManager (SCMSafeModeManager.java:validateSafeModeExitRules(214)) - AtleastOneDatanodeReportedRule rule is successfully validated
2020-12-17 02:12:40,900 [EventQueue-OpenPipelineForHealthyPipelineSafeModeRule] INFO  safemode.SCMSafeModeManager (HealthyPipelineSafeModeRule.java:process(128)) - SCM in safe mode. Healthy pipelines reported count is 0, required healthy pipeline reported count is 1
2020-12-17 02:12:41,106 [EventQueue-OpenPipelineForHealthyPipelineSafeModeRule] INFO  safemode.SCMSafeModeManager (HealthyPipelineSafeModeRule.java:process(128)) - SCM in safe mode. Healthy pipelines reported count is 0, required healthy pipeline reported count is 1
2020-12-17 02:12:41,106 [EventQueue-PipelineReportForOneReplicaPipelineSafeModeRule] INFO  safemode.SCMSafeModeManager (SCMSafeModeManager.java:validateSafeModeExitRules(214)) - AtleastOneDatanodeReportedRule rule is successfully validated
2020-12-17 02:12:41,318 [EventQueue-OpenPipelineForHealthyPipelineSafeModeRule] INFO  safemode.SCMSafeModeManager (HealthyPipelineSafeModeRule.java:process(128)) - SCM in safe mode. Healthy pipelines reported count is 0, required healthy pipeline reported count is 1
2020-12-17 02:12:41,318 [EventQueue-PipelineReportForOneReplicaPipelineSafeModeRule] INFO  safemode.SCMSafeModeManager (SCMSafeModeManager.java:validateSafeModeExitRules(214)) - AtleastOneDatanodeReportedRule rule is successfully validated
2020-12-17 02:12:41,507 [EventQueue-PipelineReportForOneReplicaPipelineSafeModeRule] INFO  safemode.SCMSafeModeManager (SCMSafeModeManager.java:validateSafeModeExitRules(214)) - AtleastOneDatanodeReportedRule rule is successfully validated
2020-12-17 02:12:41,508 [EventQueue-OpenPipelineForHealthyPipelineSafeModeRule] INFO  safemode.SCMSafeModeManager (HealthyPipelineSafeModeRule.java:process(128)) - SCM in safe mode. Healthy pipelines reported count is 0, required healthy pipeline reported count is 1
2020-12-17 02:12:41,731 [EventQueue-PipelineReportForOneReplicaPipelineSafeModeRule] INFO  safemode.SCMSafeModeManager (SCMSafeModeManager.java:validateSafeModeExitRules(214)) - AtleastOneDatanodeReportedRule rule is successfully validated
2020-12-17 02:12:41,731 [EventQueue-OpenPipelineForHealthyPipelineSafeModeRule] INFO  safemode.SCMSafeModeManager (HealthyPipelineSafeModeRule.java:process(128)) - SCM in safe mode. Healthy pipelines reported count is 0, required healthy pipeline reported count is 1
2020-12-17 02:12:41,804 [Listener at 127.0.0.1/37391] INFO  ozone.MiniOzoneClusterImpl (MiniOzoneClusterImpl.java:lambda$waitForClusterToBeReady$0(178)) - Nodes are ready. Got 6 of 6 DN Heartbeats.
2020-12-17 02:12:41,805 [Listener at 127.0.0.1/37391] INFO  ozone.MiniOzoneClusterImpl (MiniOzoneClusterImpl.java:lambda$waitForClusterToBeReady$0(181)) - Waiting for cluster to exit safe mode
2020-12-17 02:12:41,807 [EventQueue-OpenPipelineForHealthyPipelineSafeModeRule] INFO  safemode.SCMSafeModeManager (HealthyPipelineSafeModeRule.java:process(128)) - SCM in safe mode. Healthy pipelines reported count is 0, required healthy pipeline reported count is 1
2020-12-17 02:12:41,807 [EventQueue-PipelineReportForOneReplicaPipelineSafeModeRule] INFO  safemode.SCMSafeModeManager (SCMSafeModeManager.java:validateSafeModeExitRules(214)) - AtleastOneDatanodeReportedRule rule is successfully validated
2020-12-17 02:12:41,900 [EventQueue-OpenPipelineForHealthyPipelineSafeModeRule] INFO  safemode.SCMSafeModeManager (HealthyPipelineSafeModeRule.java:process(128)) - SCM in safe mode. Healthy pipelines reported count is 0, required healthy pipeline reported count is 1
2020-12-17 02:12:41,900 [EventQueue-PipelineReportForOneReplicaPipelineSafeModeRule] INFO  safemode.SCMSafeModeManager (SCMSafeModeManager.java:validateSafeModeExitRules(214)) - AtleastOneDatanodeReportedRule rule is successfully validated
2020-12-17 02:12:42,105 [EventQueue-OpenPipelineForHealthyPipelineSafeModeRule] INFO  safemode.SCMSafeModeManager (HealthyPipelineSafeModeRule.java:process(128)) - SCM in safe mode. Healthy pipelines reported count is 0, required healthy pipeline reported count is 1
2020-12-17 02:12:42,105 [EventQueue-PipelineReportForOneReplicaPipelineSafeModeRule] INFO  safemode.SCMSafeModeManager (SCMSafeModeManager.java:validateSafeModeExitRules(214)) - AtleastOneDatanodeReportedRule rule is successfully validated
2020-12-17 02:12:42,318 [EventQueue-PipelineReportForOneReplicaPipelineSafeModeRule] INFO  safemode.SCMSafeModeManager (SCMSafeModeManager.java:validateSafeModeExitRules(214)) - AtleastOneDatanodeReportedRule rule is successfully validated
2020-12-17 02:12:42,318 [EventQueue-OpenPipelineForHealthyPipelineSafeModeRule] INFO  safemode.SCMSafeModeManager (HealthyPipelineSafeModeRule.java:process(128)) - SCM in safe mode. Healthy pipelines reported count is 0, required healthy pipeline reported count is 1
2020-12-17 02:12:42,507 [EventQueue-OpenPipelineForHealthyPipelineSafeModeRule] INFO  safemode.SCMSafeModeManager (HealthyPipelineSafeModeRule.java:process(128)) - SCM in safe mode. Healthy pipelines reported count is 0, required healthy pipeline reported count is 1
2020-12-17 02:12:42,508 [EventQueue-PipelineReportForOneReplicaPipelineSafeModeRule] INFO  safemode.SCMSafeModeManager (SCMSafeModeManager.java:validateSafeModeExitRules(214)) - AtleastOneDatanodeReportedRule rule is successfully validated
2020-12-17 02:12:42,731 [EventQueue-PipelineReportForOneReplicaPipelineSafeModeRule] INFO  safemode.SCMSafeModeManager (SCMSafeModeManager.java:validateSafeModeExitRules(214)) - AtleastOneDatanodeReportedRule rule is successfully validated
2020-12-17 02:12:42,731 [EventQueue-OpenPipelineForHealthyPipelineSafeModeRule] INFO  safemode.SCMSafeModeManager (HealthyPipelineSafeModeRule.java:process(128)) - SCM in safe mode. Healthy pipelines reported count is 0, required healthy pipeline reported count is 1
2020-12-17 02:12:42,805 [Listener at 127.0.0.1/37391] INFO  ozone.MiniOzoneClusterImpl (MiniOzoneClusterImpl.java:lambda$waitForClusterToBeReady$0(178)) - Nodes are ready. Got 6 of 6 DN Heartbeats.
2020-12-17 02:12:42,805 [Listener at 127.0.0.1/37391] INFO  ozone.MiniOzoneClusterImpl (MiniOzoneClusterImpl.java:lambda$waitForClusterToBeReady$0(181)) - Waiting for cluster to exit safe mode
2020-12-17 02:12:42,806 [EventQueue-PipelineReportForOneReplicaPipelineSafeModeRule] INFO  safemode.SCMSafeModeManager (SCMSafeModeManager.java:validateSafeModeExitRules(214)) - AtleastOneDatanodeReportedRule rule is successfully validated
2020-12-17 02:12:42,806 [EventQueue-OpenPipelineForHealthyPipelineSafeModeRule] INFO  safemode.SCMSafeModeManager (HealthyPipelineSafeModeRule.java:process(128)) - SCM in safe mode. Healthy pipelines reported count is 0, required healthy pipeline reported count is 1
2020-12-17 02:12:42,900 [EventQueue-PipelineReportForOneReplicaPipelineSafeModeRule] INFO  safemode.SCMSafeModeManager (SCMSafeModeManager.java:validateSafeModeExitRules(214)) - AtleastOneDatanodeReportedRule rule is successfully validated
2020-12-17 02:12:42,900 [EventQueue-OpenPipelineForHealthyPipelineSafeModeRule] INFO  safemode.SCMSafeModeManager (HealthyPipelineSafeModeRule.java:process(128)) - SCM in safe mode. Healthy pipelines reported count is 0, required healthy pipeline reported count is 1
2020-12-17 02:12:43,105 [EventQueue-OpenPipelineForHealthyPipelineSafeModeRule] INFO  safemode.SCMSafeModeManager (HealthyPipelineSafeModeRule.java:process(128)) - SCM in safe mode. Healthy pipelines reported count is 0, required healthy pipeline reported count is 1
2020-12-17 02:12:43,106 [EventQueue-PipelineReportForOneReplicaPipelineSafeModeRule] INFO  safemode.SCMSafeModeManager (SCMSafeModeManager.java:validateSafeModeExitRules(214)) - AtleastOneDatanodeReportedRule rule is successfully validated
2020-12-17 02:12:43,317 [EventQueue-OpenPipelineForHealthyPipelineSafeModeRule] INFO  safemode.SCMSafeModeManager (HealthyPipelineSafeModeRule.java:process(128)) - SCM in safe mode. Healthy pipelines reported count is 0, required healthy pipeline reported count is 1
2020-12-17 02:12:43,320 [EventQueue-PipelineReportForOneReplicaPipelineSafeModeRule] INFO  safemode.SCMSafeModeManager (SCMSafeModeManager.java:validateSafeModeExitRules(214)) - AtleastOneDatanodeReportedRule rule is successfully validated
2020-12-17 02:12:43,507 [EventQueue-PipelineReportForOneReplicaPipelineSafeModeRule] INFO  safemode.SCMSafeModeManager (SCMSafeModeManager.java:validateSafeModeExitRules(214)) - AtleastOneDatanodeReportedRule rule is successfully validated
2020-12-17 02:12:43,508 [EventQueue-OpenPipelineForHealthyPipelineSafeModeRule] INFO  safemode.SCMSafeModeManager (HealthyPipelineSafeModeRule.java:process(128)) - SCM in safe mode. Healthy pipelines reported count is 0, required healthy pipeline reported count is 1
2020-12-17 02:12:43,731 [EventQueue-OpenPipelineForHealthyPipelineSafeModeRule] INFO  safemode.SCMSafeModeManager (HealthyPipelineSafeModeRule.java:process(128)) - SCM in safe mode. Healthy pipelines reported count is 0, required healthy pipeline reported count is 1
2020-12-17 02:12:43,732 [EventQueue-PipelineReportForOneReplicaPipelineSafeModeRule] INFO  safemode.SCMSafeModeManager (SCMSafeModeManager.java:validateSafeModeExitRules(214)) - AtleastOneDatanodeReportedRule rule is successfully validated
2020-12-17 02:12:43,805 [Listener at 127.0.0.1/37391] INFO  ozone.MiniOzoneClusterImpl (MiniOzoneClusterImpl.java:lambda$waitForClusterToBeReady$0(178)) - Nodes are ready. Got 6 of 6 DN Heartbeats.
2020-12-17 02:12:43,806 [Listener at 127.0.0.1/37391] INFO  ozone.MiniOzoneClusterImpl (MiniOzoneClusterImpl.java:lambda$waitForClusterToBeReady$0(181)) - Waiting for cluster to exit safe mode
2020-12-17 02:12:43,807 [EventQueue-OpenPipelineForHealthyPipelineSafeModeRule] INFO  safemode.SCMSafeModeManager (HealthyPipelineSafeModeRule.java:process(128)) - SCM in safe mode. Healthy pipelines reported count is 0, required healthy pipeline reported count is 1
2020-12-17 02:12:43,807 [EventQueue-PipelineReportForOneReplicaPipelineSafeModeRule] INFO  safemode.SCMSafeModeManager (SCMSafeModeManager.java:validateSafeModeExitRules(214)) - AtleastOneDatanodeReportedRule rule is successfully validated
2020-12-17 02:12:43,900 [EventQueue-PipelineReportForOneReplicaPipelineSafeModeRule] INFO  safemode.SCMSafeModeManager (SCMSafeModeManager.java:validateSafeModeExitRules(214)) - AtleastOneDatanodeReportedRule rule is successfully validated
2020-12-17 02:12:43,900 [EventQueue-OpenPipelineForHealthyPipelineSafeModeRule] INFO  safemode.SCMSafeModeManager (HealthyPipelineSafeModeRule.java:process(128)) - SCM in safe mode. Healthy pipelines reported count is 0, required healthy pipeline reported count is 1
2020-12-17 02:12:44,105 [EventQueue-PipelineReportForOneReplicaPipelineSafeModeRule] INFO  safemode.SCMSafeModeManager (SCMSafeModeManager.java:validateSafeModeExitRules(214)) - AtleastOneDatanodeReportedRule rule is successfully validated
2020-12-17 02:12:44,105 [EventQueue-OpenPipelineForHealthyPipelineSafeModeRule] INFO  safemode.SCMSafeModeManager (HealthyPipelineSafeModeRule.java:process(128)) - SCM in safe mode. Healthy pipelines reported count is 0, required healthy pipeline reported count is 1
2020-12-17 02:12:44,318 [EventQueue-OpenPipelineForHealthyPipelineSafeModeRule] INFO  safemode.SCMSafeModeManager (HealthyPipelineSafeModeRule.java:process(128)) - SCM in safe mode. Healthy pipelines reported count is 0, required healthy pipeline reported count is 1
2020-12-17 02:12:44,318 [EventQueue-PipelineReportForOneReplicaPipelineSafeModeRule] INFO  safemode.SCMSafeModeManager (SCMSafeModeManager.java:validateSafeModeExitRules(214)) - AtleastOneDatanodeReportedRule rule is successfully validated
2020-12-17 02:12:44,508 [EventQueue-OpenPipelineForHealthyPipelineSafeModeRule] INFO  safemode.SCMSafeModeManager (HealthyPipelineSafeModeRule.java:process(128)) - SCM in safe mode. Healthy pipelines reported count is 0, required healthy pipeline reported count is 1
2020-12-17 02:12:44,508 [EventQueue-PipelineReportForOneReplicaPipelineSafeModeRule] INFO  safemode.SCMSafeModeManager (SCMSafeModeManager.java:validateSafeModeExitRules(214)) - AtleastOneDatanodeReportedRule rule is successfully validated
2020-12-17 02:12:44,731 [EventQueue-OpenPipelineForHealthyPipelineSafeModeRule] INFO  safemode.SCMSafeModeManager (HealthyPipelineSafeModeRule.java:process(128)) - SCM in safe mode. Healthy pipelines reported count is 0, required healthy pipeline reported count is 1
2020-12-17 02:12:44,732 [EventQueue-PipelineReportForOneReplicaPipelineSafeModeRule] INFO  safemode.SCMSafeModeManager (SCMSafeModeManager.java:validateSafeModeExitRules(214)) - AtleastOneDatanodeReportedRule rule is successfully validated
2020-12-17 02:12:44,791 [Thread-5720] INFO  impl.FollowerState (FollowerState.java:run(128)) - b45b6da8-7dd9-434b-afe3-ad98acc018a0@group-8C9593201D1B-FollowerState: change to CANDIDATE, lastRpcTime:5070ms, electionTimeout:5069ms
2020-12-17 02:12:44,791 [Thread-5720] INFO  impl.RoleInfo (RoleInfo.java:shutdownFollowerState(121)) - b45b6da8-7dd9-434b-afe3-ad98acc018a0: shutdown b45b6da8-7dd9-434b-afe3-ad98acc018a0@group-8C9593201D1B-FollowerState
2020-12-17 02:12:44,792 [Thread-5720] INFO  impl.RaftServerImpl (RaftServerImpl.java:setRole(204)) - b45b6da8-7dd9-434b-afe3-ad98acc018a0@group-8C9593201D1B: changes role from  FOLLOWER to CANDIDATE at term 0 for changeToCandidate
2020-12-17 02:12:44,792 [Thread-5720] INFO  impl.RoleInfo (RoleInfo.java:updateAndGet(143)) - b45b6da8-7dd9-434b-afe3-ad98acc018a0: start b45b6da8-7dd9-434b-afe3-ad98acc018a0@group-8C9593201D1B-LeaderElection80
2020-12-17 02:12:44,795 [b45b6da8-7dd9-434b-afe3-ad98acc018a0@group-8C9593201D1B-LeaderElection80] INFO  impl.LeaderElection (LeaderElection.java:askForVotes(215)) - b45b6da8-7dd9-434b-afe3-ad98acc018a0@group-8C9593201D1B-LeaderElection80: begin an election at term 1 for -1: [b45b6da8-7dd9-434b-afe3-ad98acc018a0|rpc:172.17.0.2:41361], old=null
2020-12-17 02:12:44,796 [b45b6da8-7dd9-434b-afe3-ad98acc018a0@group-8C9593201D1B-LeaderElection80] INFO  impl.RoleInfo (RoleInfo.java:shutdownLeaderElection(134)) - b45b6da8-7dd9-434b-afe3-ad98acc018a0: shutdown b45b6da8-7dd9-434b-afe3-ad98acc018a0@group-8C9593201D1B-LeaderElection80
2020-12-17 02:12:44,797 [b45b6da8-7dd9-434b-afe3-ad98acc018a0@group-8C9593201D1B-LeaderElection80] INFO  impl.RaftServerImpl (RaftServerImpl.java:setRole(204)) - b45b6da8-7dd9-434b-afe3-ad98acc018a0@group-8C9593201D1B: changes role from CANDIDATE to LEADER at term 1 for changeToLeader
2020-12-17 02:12:44,797 [b45b6da8-7dd9-434b-afe3-ad98acc018a0@group-8C9593201D1B-LeaderElection80] INFO  ratis.XceiverServerRatis (XceiverServerRatis.java:handleLeaderChangedNotification(854)) - Leader change notification received for group: group-8C9593201D1B with new leaderId: b45b6da8-7dd9-434b-afe3-ad98acc018a0
2020-12-17 02:12:44,797 [b45b6da8-7dd9-434b-afe3-ad98acc018a0@group-8C9593201D1B-LeaderElection80] INFO  impl.RaftServerImpl (ServerState.java:setLeader(256)) - b45b6da8-7dd9-434b-afe3-ad98acc018a0@group-8C9593201D1B: change Leader from null to b45b6da8-7dd9-434b-afe3-ad98acc018a0 at term 1 for becomeLeader, leader elected after 5089ms
2020-12-17 02:12:44,797 [b45b6da8-7dd9-434b-afe3-ad98acc018a0@group-8C9593201D1B-LeaderElection80] INFO  server.RaftServerConfigKeys (ConfUtils.java:logGet(44)) - raft.server.staging.catchup.gap = 1000 (default)
2020-12-17 02:12:44,797 [b45b6da8-7dd9-434b-afe3-ad98acc018a0@group-8C9593201D1B-LeaderElection80] INFO  server.RaftServerConfigKeys (ConfUtils.java:logGet(44)) - raft.server.rpc.sleep.time = 25ms (default)
2020-12-17 02:12:44,797 [b45b6da8-7dd9-434b-afe3-ad98acc018a0@group-8C9593201D1B-LeaderElection80] INFO  metrics.RatisMetrics (RatisMetrics.java:lambda$create$0(36)) - Creating Metrics Registry : ratis.log_appender.b45b6da8-7dd9-434b-afe3-ad98acc018a0@group-8C9593201D1B
2020-12-17 02:12:44,798 [EventQueue-OpenPipelineForHealthyPipelineSafeModeRule] INFO  safemode.SCMSafeModeManager (HealthyPipelineSafeModeRule.java:process(128)) - SCM in safe mode. Healthy pipelines reported count is 0, required healthy pipeline reported count is 1
2020-12-17 02:12:44,798 [b45b6da8-7dd9-434b-afe3-ad98acc018a0@group-8C9593201D1B-LeaderElection80] INFO  server.RaftServerConfigKeys (ConfUtils.java:logGet(44)) - raft.server.write.element-limit = 1024 (custom)
2020-12-17 02:12:44,798 [EventQueue-PipelineReportForOneReplicaPipelineSafeModeRule] INFO  safemode.SCMSafeModeManager (SCMSafeModeManager.java:validateSafeModeExitRules(214)) - AtleastOneDatanodeReportedRule rule is successfully validated
2020-12-17 02:12:44,798 [b45b6da8-7dd9-434b-afe3-ad98acc018a0@group-8C9593201D1B-LeaderElection80] INFO  server.RaftServerConfigKeys (ConfUtils.java:logGet(44)) - raft.server.write.byte-limit = 1073741824 (custom)
2020-12-17 02:12:44,799 [b45b6da8-7dd9-434b-afe3-ad98acc018a0@group-8C9593201D1B-LeaderElection80] INFO  server.RaftServerConfigKeys (ConfUtils.java:logGet(44)) - raft.server.watch.timeout = 180s (custom)
2020-12-17 02:12:44,799 [b45b6da8-7dd9-434b-afe3-ad98acc018a0@group-8C9593201D1B-LeaderElection80] INFO  server.RaftServerConfigKeys (ConfUtils.java:logGet(44)) - raft.server.watch.timeout.denomination = 1s (default)
2020-12-17 02:12:44,799 [b45b6da8-7dd9-434b-afe3-ad98acc018a0@group-8C9593201D1B-LeaderElection80] INFO  server.RaftServerConfigKeys (ConfUtils.java:logGet(44)) - raft.server.watch.element-limit = 65536 (default)
2020-12-17 02:12:44,799 [b45b6da8-7dd9-434b-afe3-ad98acc018a0@group-8C9593201D1B-LeaderElection80] INFO  impl.RoleInfo (RoleInfo.java:updateAndGet(143)) - b45b6da8-7dd9-434b-afe3-ad98acc018a0: start b45b6da8-7dd9-434b-afe3-ad98acc018a0@group-8C9593201D1B-LeaderState
2020-12-17 02:12:44,801 [b45b6da8-7dd9-434b-afe3-ad98acc018a0@group-8C9593201D1B-LeaderElection80] INFO  segmented.SegmentedRaftLogWorker (SegmentedRaftLogWorker.java:startLogSegment(398)) - b45b6da8-7dd9-434b-afe3-ad98acc018a0@group-8C9593201D1B-SegmentedRaftLogWorker: Starting segment from index:0
2020-12-17 02:12:44,801 [b45b6da8-7dd9-434b-afe3-ad98acc018a0@group-8C9593201D1B-LeaderElection80] INFO  impl.RaftServerImpl (ServerState.java:setRaftConf(374)) - b45b6da8-7dd9-434b-afe3-ad98acc018a0@group-8C9593201D1B: set configuration 0: [b45b6da8-7dd9-434b-afe3-ad98acc018a0|rpc:172.17.0.2:41361|dataStream:], old=null at 0
2020-12-17 02:12:44,804 [b45b6da8-7dd9-434b-afe3-ad98acc018a0@group-8C9593201D1B-SegmentedRaftLogWorker] INFO  segmented.SegmentedRaftLogWorker (SegmentedRaftLogWorker.java:execute(597)) - b45b6da8-7dd9-434b-afe3-ad98acc018a0@group-8C9593201D1B-SegmentedRaftLogWorker: created new log segment /github/workspace/mnt/ozone/hadoop-ozone/integration-test/target/test-dir/MiniOzoneClusterImpl-2a381d17-8836-40f3-94ec-0b892e5c06e0/datanode-0/data/ratis/ddbd9de5-4c26-484f-af7e-8c9593201d1b/current/log_inprogress_0
2020-12-17 02:12:44,806 [EventQueue-OpenPipelineForHealthyPipelineSafeModeRule] INFO  safemode.SCMSafeModeManager (HealthyPipelineSafeModeRule.java:process(128)) - SCM in safe mode. Healthy pipelines reported count is 0, required healthy pipeline reported count is 1
2020-12-17 02:12:44,806 [Listener at 127.0.0.1/37391] INFO  ozone.MiniOzoneClusterImpl (MiniOzoneClusterImpl.java:lambda$waitForClusterToBeReady$0(178)) - Nodes are ready. Got 6 of 6 DN Heartbeats.
2020-12-17 02:12:44,806 [Listener at 127.0.0.1/37391] INFO  ozone.MiniOzoneClusterImpl (MiniOzoneClusterImpl.java:lambda$waitForClusterToBeReady$0(181)) - Waiting for cluster to exit safe mode
2020-12-17 02:12:44,806 [EventQueue-PipelineReportForOneReplicaPipelineSafeModeRule] INFO  safemode.SCMSafeModeManager (SCMSafeModeManager.java:validateSafeModeExitRules(214)) - AtleastOneDatanodeReportedRule rule is successfully validated
2020-12-17 02:12:44,819 [Thread-5724] INFO  impl.FollowerState (FollowerState.java:run(128)) - a5453659-3127-401c-b9c1-bc8f4372128a@group-D44B4C9671A5-FollowerState: change to CANDIDATE, lastRpcTime:5038ms, electionTimeout:5037ms
2020-12-17 02:12:44,819 [Thread-5724] INFO  impl.RoleInfo (RoleInfo.java:shutdownFollowerState(121)) - a5453659-3127-401c-b9c1-bc8f4372128a: shutdown a5453659-3127-401c-b9c1-bc8f4372128a@group-D44B4C9671A5-FollowerState
2020-12-17 02:12:44,819 [Thread-5724] INFO  impl.RaftServerImpl (RaftServerImpl.java:setRole(204)) - a5453659-3127-401c-b9c1-bc8f4372128a@group-D44B4C9671A5: changes role from  FOLLOWER to CANDIDATE at term 0 for changeToCandidate
2020-12-17 02:12:44,819 [Thread-5724] INFO  impl.RoleInfo (RoleInfo.java:updateAndGet(143)) - a5453659-3127-401c-b9c1-bc8f4372128a: start a5453659-3127-401c-b9c1-bc8f4372128a@group-D44B4C9671A5-LeaderElection81
2020-12-17 02:12:44,823 [a5453659-3127-401c-b9c1-bc8f4372128a@group-D44B4C9671A5-LeaderElection81] INFO  impl.LeaderElection (LeaderElection.java:askForVotes(215)) - a5453659-3127-401c-b9c1-bc8f4372128a@group-D44B4C9671A5-LeaderElection81: begin an election at term 1 for -1: [b45b6da8-7dd9-434b-afe3-ad98acc018a0|rpc:172.17.0.2:41361|dataStream:, a5453659-3127-401c-b9c1-bc8f4372128a|rpc:172.17.0.2:33101|dataStream:, 2b1d58b1-e44f-4041-9819-0dd176255f22|rpc:172.17.0.2:40577|dataStream:], old=null
2020-12-17 02:12:44,830 [grpc-default-executor-1] INFO  metrics.RatisMetrics (RatisMetrics.java:lambda$create$0(36)) - Creating Metrics Registry : ratis.server_message_metrics.b45b6da8-7dd9-434b-afe3-ad98acc018a0
2020-12-17 02:12:44,832 [grpc-default-executor-1] INFO  impl.RaftServerImpl (RaftServerImpl.java:setRole(204)) - b45b6da8-7dd9-434b-afe3-ad98acc018a0@group-D44B4C9671A5: changes role from  FOLLOWER to FOLLOWER at term 1 for recognizeCandidate:a5453659-3127-401c-b9c1-bc8f4372128a
2020-12-17 02:12:44,832 [grpc-default-executor-1] INFO  impl.RoleInfo (RoleInfo.java:shutdownFollowerState(121)) - b45b6da8-7dd9-434b-afe3-ad98acc018a0: shutdown b45b6da8-7dd9-434b-afe3-ad98acc018a0@group-D44B4C9671A5-FollowerState
2020-12-17 02:12:44,833 [Thread-5722] INFO  impl.FollowerState (FollowerState.java:run(137)) - b45b6da8-7dd9-434b-afe3-ad98acc018a0@group-D44B4C9671A5-FollowerState was interrupted: {}
java.lang.InterruptedException: sleep interrupted
	at java.lang.Thread.sleep(Native Method)
	at org.apache.ratis.util.JavaUtils.sleep(JavaUtils.java:250)
	at org.apache.ratis.server.impl.FollowerState.run(FollowerState.java:116)
2020-12-17 02:12:44,833 [grpc-default-executor-1] INFO  impl.RoleInfo (RoleInfo.java:updateAndGet(143)) - b45b6da8-7dd9-434b-afe3-ad98acc018a0: start b45b6da8-7dd9-434b-afe3-ad98acc018a0@group-D44B4C9671A5-FollowerState
2020-12-17 02:12:44,842 [grpc-default-executor-1] INFO  impl.RaftServerImpl (RaftServerImpl.java:requestVote(963)) -  FOLLOWER b45b6da8-7dd9-434b-afe3-ad98acc018a0@group-D44B4C9671A5:t1, leader=null, voted=null, raftlog=b45b6da8-7dd9-434b-afe3-ad98acc018a0@group-D44B4C9671A5-SegmentedRaftLog:OPENED:c-1,f-1,i0, conf=-1: [b45b6da8-7dd9-434b-afe3-ad98acc018a0|rpc:172.17.0.2:41361, a5453659-3127-401c-b9c1-bc8f4372128a|rpc:172.17.0.2:33101, 2b1d58b1-e44f-4041-9819-0dd176255f22|rpc:172.17.0.2:40577], old=null RUNNING priority:0 candidate:a5453659-3127-401c-b9c1-bc8f4372128a|rpc:172.17.0.2:33101 candidatePriority:0 compare:0
2020-12-17 02:12:44,843 [grpc-default-executor-4] INFO  impl.RaftServerImpl (RaftServerImpl.java:setRole(204)) - 2b1d58b1-e44f-4041-9819-0dd176255f22@group-D44B4C9671A5: changes role from  FOLLOWER to FOLLOWER at term 1 for recognizeCandidate:a5453659-3127-401c-b9c1-bc8f4372128a
2020-12-17 02:12:44,843 [grpc-default-executor-4] INFO  impl.RoleInfo (RoleInfo.java:shutdownFollowerState(121)) - 2b1d58b1-e44f-4041-9819-0dd176255f22: shutdown 2b1d58b1-e44f-4041-9819-0dd176255f22@group-D44B4C9671A5-FollowerState
2020-12-17 02:12:44,843 [grpc-default-executor-4] INFO  impl.RoleInfo (RoleInfo.java:updateAndGet(143)) - 2b1d58b1-e44f-4041-9819-0dd176255f22: start 2b1d58b1-e44f-4041-9819-0dd176255f22@group-D44B4C9671A5-FollowerState
2020-12-17 02:12:44,843 [Thread-5727] INFO  impl.FollowerState (FollowerState.java:run(137)) - 2b1d58b1-e44f-4041-9819-0dd176255f22@group-D44B4C9671A5-FollowerState was interrupted: {}
java.lang.InterruptedException: sleep interrupted
	at java.lang.Thread.sleep(Native Method)
	at org.apache.ratis.util.JavaUtils.sleep(JavaUtils.java:250)
	at org.apache.ratis.server.impl.FollowerState.run(FollowerState.java:116)
2020-12-17 02:12:44,844 [grpc-default-executor-4] INFO  impl.RaftServerImpl (RaftServerImpl.java:requestVote(963)) -  FOLLOWER 2b1d58b1-e44f-4041-9819-0dd176255f22@group-D44B4C9671A5:t1, leader=null, voted=null, raftlog=2b1d58b1-e44f-4041-9819-0dd176255f22@group-D44B4C9671A5-SegmentedRaftLog:OPENED:c-1,f-1,i0, conf=-1: [b45b6da8-7dd9-434b-afe3-ad98acc018a0|rpc:172.17.0.2:41361|dataStream:, a5453659-3127-401c-b9c1-bc8f4372128a|rpc:172.17.0.2:33101|dataStream:, 2b1d58b1-e44f-4041-9819-0dd176255f22|rpc:172.17.0.2:40577|dataStream:], old=null RUNNING priority:0 candidate:a5453659-3127-401c-b9c1-bc8f4372128a|rpc:172.17.0.2:33101|dataStream: candidatePriority:0 compare:0
2020-12-17 02:12:44,852 [a5453659-3127-401c-b9c1-bc8f4372128a@group-D44B4C9671A5-LeaderElection81] INFO  impl.LeaderElection (LeaderElection.java:logAndReturn(65)) - a5453659-3127-401c-b9c1-bc8f4372128a@group-D44B4C9671A5-LeaderElection81: Election PASSED; received 1 response(s) [a5453659-3127-401c-b9c1-bc8f4372128a<-b45b6da8-7dd9-434b-afe3-ad98acc018a0#0:OK-t1] and 0 exception(s); a5453659-3127-401c-b9c1-bc8f4372128a@group-D44B4C9671A5:t1, leader=null, voted=a5453659-3127-401c-b9c1-bc8f4372128a, raftlog=a5453659-3127-401c-b9c1-bc8f4372128a@group-D44B4C9671A5-SegmentedRaftLog:OPENED:c-1,f-1,i0, conf=-1: [b45b6da8-7dd9-434b-afe3-ad98acc018a0|rpc:172.17.0.2:41361|dataStream:, a5453659-3127-401c-b9c1-bc8f4372128a|rpc:172.17.0.2:33101|dataStream:, 2b1d58b1-e44f-4041-9819-0dd176255f22|rpc:172.17.0.2:40577|dataStream:], old=null
2020-12-17 02:12:44,852 [a5453659-3127-401c-b9c1-bc8f4372128a@group-D44B4C9671A5-LeaderElection81] INFO  impl.RoleInfo (RoleInfo.java:shutdownLeaderElection(134)) - a5453659-3127-401c-b9c1-bc8f4372128a: shutdown a5453659-3127-401c-b9c1-bc8f4372128a@group-D44B4C9671A5-LeaderElection81
2020-12-17 02:12:44,852 [a5453659-3127-401c-b9c1-bc8f4372128a@group-D44B4C9671A5-LeaderElection81] INFO  impl.RaftServerImpl (RaftServerImpl.java:setRole(204)) - a5453659-3127-401c-b9c1-bc8f4372128a@group-D44B4C9671A5: changes role from CANDIDATE to LEADER at term 1 for changeToLeader
2020-12-17 02:12:44,852 [a5453659-3127-401c-b9c1-bc8f4372128a@group-D44B4C9671A5-LeaderElection81] INFO  ratis.XceiverServerRatis (XceiverServerRatis.java:handleLeaderChangedNotification(854)) - Leader change notification received for group: group-D44B4C9671A5 with new leaderId: a5453659-3127-401c-b9c1-bc8f4372128a
2020-12-17 02:12:44,852 [a5453659-3127-401c-b9c1-bc8f4372128a@group-D44B4C9671A5-LeaderElection81] INFO  impl.RaftServerImpl (ServerState.java:setLeader(256)) - a5453659-3127-401c-b9c1-bc8f4372128a@group-D44B4C9671A5: change Leader from null to a5453659-3127-401c-b9c1-bc8f4372128a at term 1 for becomeLeader, leader elected after 5084ms
2020-12-17 02:12:44,852 [a5453659-3127-401c-b9c1-bc8f4372128a@group-D44B4C9671A5-LeaderElection81] INFO  server.RaftServerConfigKeys (ConfUtils.java:logGet(44)) - raft.server.staging.catchup.gap = 1000 (default)
2020-12-17 02:12:44,852 [a5453659-3127-401c-b9c1-bc8f4372128a@group-D44B4C9671A5-LeaderElection81] INFO  server.RaftServerConfigKeys (ConfUtils.java:logGet(44)) - raft.server.rpc.sleep.time = 25ms (default)
2020-12-17 02:12:44,852 [a5453659-3127-401c-b9c1-bc8f4372128a@group-D44B4C9671A5-LeaderElection81] INFO  metrics.RatisMetrics (RatisMetrics.java:lambda$create$0(36)) - Creating Metrics Registry : ratis.log_appender.a5453659-3127-401c-b9c1-bc8f4372128a@group-D44B4C9671A5
2020-12-17 02:12:44,853 [a5453659-3127-401c-b9c1-bc8f4372128a@group-D44B4C9671A5-LeaderElection81] INFO  server.RaftServerConfigKeys (ConfUtils.java:logGet(44)) - raft.server.write.element-limit = 1024 (custom)
2020-12-17 02:12:44,853 [a5453659-3127-401c-b9c1-bc8f4372128a@group-D44B4C9671A5-LeaderElection81] INFO  server.RaftServerConfigKeys (ConfUtils.java:logGet(44)) - raft.server.write.byte-limit = 1073741824 (custom)
2020-12-17 02:12:44,853 [a5453659-3127-401c-b9c1-bc8f4372128a@group-D44B4C9671A5-LeaderElection81] INFO  server.RaftServerConfigKeys (ConfUtils.java:logGet(44)) - raft.server.watch.timeout = 180s (custom)
2020-12-17 02:12:44,854 [a5453659-3127-401c-b9c1-bc8f4372128a@group-D44B4C9671A5-LeaderElection81] INFO  server.RaftServerConfigKeys (ConfUtils.java:logGet(44)) - raft.server.watch.timeout.denomination = 1s (default)
2020-12-17 02:12:44,854 [a5453659-3127-401c-b9c1-bc8f4372128a@group-D44B4C9671A5-LeaderElection81] INFO  server.RaftServerConfigKeys (ConfUtils.java:logGet(44)) - raft.server.watch.element-limit = 65536 (default)
2020-12-17 02:12:44,854 [a5453659-3127-401c-b9c1-bc8f4372128a@group-D44B4C9671A5-LeaderElection81] INFO  server.RaftServerConfigKeys (ConfUtils.java:logGet(44)) - raft.server.log.appender.snapshot.chunk.size.max = 16MB (=16777216) (default)
2020-12-17 02:12:44,854 [a5453659-3127-401c-b9c1-bc8f4372128a@group-D44B4C9671A5-LeaderElection81] INFO  server.RaftServerConfigKeys (ConfUtils.java:logGet(44)) - raft.server.log.appender.buffer.byte-limit = 33554432 (custom)
2020-12-17 02:12:44,855 [a5453659-3127-401c-b9c1-bc8f4372128a@group-D44B4C9671A5-LeaderElection81] INFO  server.RaftServerConfigKeys (ConfUtils.java:logGet(44)) - raft.server.log.appender.buffer.element-limit = 1 (custom)
2020-12-17 02:12:44,855 [a5453659-3127-401c-b9c1-bc8f4372128a@group-D44B4C9671A5-LeaderElection81] INFO  grpc.GrpcConfigKeys (ConfUtils.java:logGet(44)) - raft.grpc.server.leader.outstanding.appends.max = 128 (default)
2020-12-17 02:12:44,855 [a5453659-3127-401c-b9c1-bc8f4372128a@group-D44B4C9671A5-LeaderElection81] INFO  server.RaftServerConfigKeys (ConfUtils.java:logGet(44)) - raft.server.rpc.request.timeout = 60s (custom)
2020-12-17 02:12:44,855 [a5453659-3127-401c-b9c1-bc8f4372128a@group-D44B4C9671A5-LeaderElection81] INFO  server.RaftServerConfigKeys (ConfUtils.java:logGet(44)) - raft.server.log.appender.install.snapshot.enabled = false (custom)
2020-12-17 02:12:44,855 [a5453659-3127-401c-b9c1-bc8f4372128a@group-D44B4C9671A5-LeaderElection81] INFO  metrics.RatisMetrics (RatisMetrics.java:lambda$create$0(36)) - Creating Metrics Registry : ratis_grpc.log_appender.a5453659-3127-401c-b9c1-bc8f4372128a@group-D44B4C9671A5
2020-12-17 02:12:44,854 [EventQueue-PipelineReportForOneReplicaPipelineSafeModeRule] INFO  safemode.SCMSafeModeManager (SCMSafeModeManager.java:validateSafeModeExitRules(214)) - AtleastOneDatanodeReportedRule rule is successfully validated
2020-12-17 02:12:44,854 [EventQueue-OpenPipelineForHealthyPipelineSafeModeRule] INFO  safemode.SCMSafeModeManager (HealthyPipelineSafeModeRule.java:process(128)) - SCM in safe mode. Healthy pipelines reported count is 0, required healthy pipeline reported count is 1
2020-12-17 02:12:44,854 [EventQueue-PipelineReportForPipelineReportHandler] INFO  pipeline.PipelineStateManager (PipelineStateManager.java:openPipeline(132)) - Pipeline Pipeline[ Id: b307a657-c31e-4a1d-b181-d44b4c9671a5, Nodes: a5453659-3127-401c-b9c1-bc8f4372128a{ip: 172.17.0.2, host: 89b9adae2c19, networkLocation: /default-rack, certSerialId: null, persistedOpState: IN_SERVICE, persistedOpStateExpiryEpochSec: 0}b45b6da8-7dd9-434b-afe3-ad98acc018a0{ip: 172.17.0.2, host: 89b9adae2c19, networkLocation: /default-rack, certSerialId: null, persistedOpState: IN_SERVICE, persistedOpStateExpiryEpochSec: 0}2b1d58b1-e44f-4041-9819-0dd176255f22{ip: 172.17.0.2, host: 89b9adae2c19, networkLocation: /default-rack, certSerialId: null, persistedOpState: IN_SERVICE, persistedOpStateExpiryEpochSec: 0}, Type:RATIS, Factor:THREE, State:ALLOCATED, leaderId:a5453659-3127-401c-b9c1-bc8f4372128a, CreationTimestamp2020-12-17T02:12:37.100Z] moved to OPEN state
2020-12-17 02:12:44,855 [EventQueue-OpenPipelineForHealthyPipelineSafeModeRule] INFO  safemode.SCMSafeModeManager (HealthyPipelineSafeModeRule.java:process(128)) - SCM in safe mode. Healthy pipelines reported count is 1, required healthy pipeline reported count is 1
2020-12-17 02:12:44,856 [EventQueue-OpenPipelineForHealthyPipelineSafeModeRule] INFO  safemode.SCMSafeModeManager (SCMSafeModeManager.java:validateSafeModeExitRules(214)) - HealthyPipelineSafeModeRule rule is successfully validated
2020-12-17 02:12:44,856 [EventQueue-OpenPipelineForHealthyPipelineSafeModeRule] INFO  safemode.SCMSafeModeManager (SCMSafeModeManager.java:validateSafeModeExitRules(228)) - ScmSafeModeManager, all rules are successfully validated
2020-12-17 02:12:44,856 [EventQueue-OpenPipelineForHealthyPipelineSafeModeRule] INFO  safemode.SCMSafeModeManager (SCMSafeModeManager.java:exitSafeMode(257)) - SCM exiting safe mode.
2020-12-17 02:12:44,860 [a5453659-3127-401c-b9c1-bc8f4372128a@group-D44B4C9671A5-LeaderElection81] INFO  server.RaftServerConfigKeys (ConfUtils.java:logGet(44)) - raft.server.log.appender.snapshot.chunk.size.max = 16MB (=16777216) (default)
2020-12-17 02:12:44,860 [a5453659-3127-401c-b9c1-bc8f4372128a@group-D44B4C9671A5-LeaderElection81] INFO  server.RaftServerConfigKeys (ConfUtils.java:logGet(44)) - raft.server.log.appender.buffer.byte-limit = 33554432 (custom)
2020-12-17 02:12:44,860 [a5453659-3127-401c-b9c1-bc8f4372128a@group-D44B4C9671A5-LeaderElection81] INFO  server.RaftServerConfigKeys (ConfUtils.java:logGet(44)) - raft.server.log.appender.buffer.element-limit = 1 (custom)
2020-12-17 02:12:44,860 [a5453659-3127-401c-b9c1-bc8f4372128a@group-D44B4C9671A5-LeaderElection81] INFO  grpc.GrpcConfigKeys (ConfUtils.java:logGet(44)) - raft.grpc.server.leader.outstanding.appends.max = 128 (default)
2020-12-17 02:12:44,860 [a5453659-3127-401c-b9c1-bc8f4372128a@group-D44B4C9671A5-LeaderElection81] INFO  server.RaftServerConfigKeys (ConfUtils.java:logGet(44)) - raft.server.rpc.request.timeout = 60s (custom)
2020-12-17 02:12:44,860 [a5453659-3127-401c-b9c1-bc8f4372128a@group-D44B4C9671A5-LeaderElection81] INFO  server.RaftServerConfigKeys (ConfUtils.java:logGet(44)) - raft.server.log.appender.install.snapshot.enabled = false (custom)
2020-12-17 02:12:44,863 [a5453659-3127-401c-b9c1-bc8f4372128a@group-D44B4C9671A5-LeaderElection81] INFO  impl.RoleInfo (RoleInfo.java:updateAndGet(143)) - a5453659-3127-401c-b9c1-bc8f4372128a: start a5453659-3127-401c-b9c1-bc8f4372128a@group-D44B4C9671A5-LeaderState
2020-12-17 02:12:44,864 [a5453659-3127-401c-b9c1-bc8f4372128a@group-D44B4C9671A5-LeaderElection81] INFO  segmented.SegmentedRaftLogWorker (SegmentedRaftLogWorker.java:startLogSegment(398)) - a5453659-3127-401c-b9c1-bc8f4372128a@group-D44B4C9671A5-SegmentedRaftLogWorker: Starting segment from index:0
2020-12-17 02:12:44,866 [a5453659-3127-401c-b9c1-bc8f4372128a@group-D44B4C9671A5-SegmentedRaftLogWorker] INFO  segmented.SegmentedRaftLogWorker (SegmentedRaftLogWorker.java:execute(597)) - a5453659-3127-401c-b9c1-bc8f4372128a@group-D44B4C9671A5-SegmentedRaftLogWorker: created new log segment /github/workspace/mnt/ozone/hadoop-ozone/integration-test/target/test-dir/MiniOzoneClusterImpl-2a381d17-8836-40f3-94ec-0b892e5c06e0/datanode-2/data/ratis/b307a657-c31e-4a1d-b181-d44b4c9671a5/current/log_inprogress_0
2020-12-17 02:12:44,867 [a5453659-3127-401c-b9c1-bc8f4372128a@group-D44B4C9671A5-LeaderElection81] INFO  impl.RaftServerImpl (ServerState.java:setRaftConf(374)) - a5453659-3127-401c-b9c1-bc8f4372128a@group-D44B4C9671A5: set configuration 0: [b45b6da8-7dd9-434b-afe3-ad98acc018a0|rpc:172.17.0.2:41361|dataStream:, a5453659-3127-401c-b9c1-bc8f4372128a|rpc:172.17.0.2:33101|dataStream:, 2b1d58b1-e44f-4041-9819-0dd176255f22|rpc:172.17.0.2:40577|dataStream:], old=null at 0
2020-12-17 02:12:44,890 [grpc-default-executor-0] INFO  ratis.XceiverServerRatis (XceiverServerRatis.java:handleLeaderChangedNotification(854)) - Leader change notification received for group: group-D44B4C9671A5 with new leaderId: a5453659-3127-401c-b9c1-bc8f4372128a
2020-12-17 02:12:44,890 [grpc-default-executor-0] INFO  impl.RaftServerImpl (ServerState.java:setLeader(256)) - 2b1d58b1-e44f-4041-9819-0dd176255f22@group-D44B4C9671A5: change Leader from null to a5453659-3127-401c-b9c1-bc8f4372128a at term 1 for appendEntries, leader elected after 5079ms
2020-12-17 02:12:44,890 [grpc-default-executor-4] INFO  ratis.XceiverServerRatis (XceiverServerRatis.java:handleLeaderChangedNotification(854)) - Leader change notification received for group: group-D44B4C9671A5 with new leaderId: a5453659-3127-401c-b9c1-bc8f4372128a
2020-12-17 02:12:44,891 [grpc-default-executor-4] INFO  impl.RaftServerImpl (ServerState.java:setLeader(256)) - b45b6da8-7dd9-434b-afe3-ad98acc018a0@group-D44B4C9671A5: change Leader from null to a5453659-3127-401c-b9c1-bc8f4372128a at term 1 for appendEntries, leader elected after 5159ms
2020-12-17 02:12:44,898 [grpc-default-executor-4] INFO  impl.RaftServerImpl (ServerState.java:setRaftConf(374)) - b45b6da8-7dd9-434b-afe3-ad98acc018a0@group-D44B4C9671A5: set configuration 0: [b45b6da8-7dd9-434b-afe3-ad98acc018a0|rpc:172.17.0.2:41361|dataStream:, a5453659-3127-401c-b9c1-bc8f4372128a|rpc:172.17.0.2:33101|dataStream:, 2b1d58b1-e44f-4041-9819-0dd176255f22|rpc:172.17.0.2:40577|dataStream:], old=null at 0
2020-12-17 02:12:44,899 [grpc-default-executor-2] INFO  impl.RaftServerImpl (ServerState.java:setRaftConf(374)) - 2b1d58b1-e44f-4041-9819-0dd176255f22@group-D44B4C9671A5: set configuration 0: [b45b6da8-7dd9-434b-afe3-ad98acc018a0|rpc:172.17.0.2:41361|dataStream:, a5453659-3127-401c-b9c1-bc8f4372128a|rpc:172.17.0.2:33101|dataStream:, 2b1d58b1-e44f-4041-9819-0dd176255f22|rpc:172.17.0.2:40577|dataStream:], old=null at 0
2020-12-17 02:12:44,901 [grpc-default-executor-4] INFO  segmented.SegmentedRaftLogWorker (SegmentedRaftLogWorker.java:startLogSegment(398)) - b45b6da8-7dd9-434b-afe3-ad98acc018a0@group-D44B4C9671A5-SegmentedRaftLogWorker: Starting segment from index:0
2020-12-17 02:12:44,901 [grpc-default-executor-2] INFO  segmented.SegmentedRaftLogWorker (SegmentedRaftLogWorker.java:startLogSegment(398)) - 2b1d58b1-e44f-4041-9819-0dd176255f22@group-D44B4C9671A5-SegmentedRaftLogWorker: Starting segment from index:0
2020-12-17 02:12:44,903 [2b1d58b1-e44f-4041-9819-0dd176255f22@group-D44B4C9671A5-SegmentedRaftLogWorker] INFO  segmented.SegmentedRaftLogWorker (SegmentedRaftLogWorker.java:execute(597)) - 2b1d58b1-e44f-4041-9819-0dd176255f22@group-D44B4C9671A5-SegmentedRaftLogWorker: created new log segment /github/workspace/mnt/ozone/hadoop-ozone/integration-test/target/test-dir/MiniOzoneClusterImpl-2a381d17-8836-40f3-94ec-0b892e5c06e0/datanode-1/data/ratis/b307a657-c31e-4a1d-b181-d44b4c9671a5/current/log_inprogress_0
2020-12-17 02:12:44,905 [b45b6da8-7dd9-434b-afe3-ad98acc018a0@group-D44B4C9671A5-SegmentedRaftLogWorker] INFO  segmented.SegmentedRaftLogWorker (SegmentedRaftLogWorker.java:execute(597)) - b45b6da8-7dd9-434b-afe3-ad98acc018a0@group-D44B4C9671A5-SegmentedRaftLogWorker: created new log segment /github/workspace/mnt/ozone/hadoop-ozone/integration-test/target/test-dir/MiniOzoneClusterImpl-2a381d17-8836-40f3-94ec-0b892e5c06e0/datanode-0/data/ratis/b307a657-c31e-4a1d-b181-d44b4c9671a5/current/log_inprogress_0
2020-12-17 02:12:45,053 [Thread-5730] INFO  impl.FollowerState (FollowerState.java:run(128)) - 2b1d58b1-e44f-4041-9819-0dd176255f22@group-29143985BDB4-FollowerState: change to CANDIDATE, lastRpcTime:5142ms, electionTimeout:5139ms
2020-12-17 02:12:45,053 [Thread-5730] INFO  impl.RoleInfo (RoleInfo.java:shutdownFollowerState(121)) - 2b1d58b1-e44f-4041-9819-0dd176255f22: shutdown 2b1d58b1-e44f-4041-9819-0dd176255f22@group-29143985BDB4-FollowerState
2020-12-17 02:12:45,053 [Thread-5730] INFO  impl.RaftServerImpl (RaftServerImpl.java:setRole(204)) - 2b1d58b1-e44f-4041-9819-0dd176255f22@group-29143985BDB4: changes role from  FOLLOWER to CANDIDATE at term 0 for changeToCandidate
2020-12-17 02:12:45,053 [Thread-5730] INFO  impl.RoleInfo (RoleInfo.java:updateAndGet(143)) - 2b1d58b1-e44f-4041-9819-0dd176255f22: start 2b1d58b1-e44f-4041-9819-0dd176255f22@group-29143985BDB4-LeaderElection82
2020-12-17 02:12:45,058 [2b1d58b1-e44f-4041-9819-0dd176255f22@group-29143985BDB4-LeaderElection82] INFO  impl.LeaderElection (LeaderElection.java:askForVotes(215)) - 2b1d58b1-e44f-4041-9819-0dd176255f22@group-29143985BDB4-LeaderElection82: begin an election at term 1 for -1: [2b1d58b1-e44f-4041-9819-0dd176255f22|rpc:172.17.0.2:40577], old=null
2020-12-17 02:12:45,058 [2b1d58b1-e44f-4041-9819-0dd176255f22@group-29143985BDB4-LeaderElection82] INFO  impl.RoleInfo (RoleInfo.java:shutdownLeaderElection(134)) - 2b1d58b1-e44f-4041-9819-0dd176255f22: shutdown 2b1d58b1-e44f-4041-9819-0dd176255f22@group-29143985BDB4-LeaderElection82
2020-12-17 02:12:45,058 [2b1d58b1-e44f-4041-9819-0dd176255f22@group-29143985BDB4-LeaderElection82] INFO  impl.RaftServerImpl (RaftServerImpl.java:setRole(204)) - 2b1d58b1-e44f-4041-9819-0dd176255f22@group-29143985BDB4: changes role from CANDIDATE to LEADER at term 1 for changeToLeader
2020-12-17 02:12:45,058 [2b1d58b1-e44f-4041-9819-0dd176255f22@group-29143985BDB4-LeaderElection82] INFO  ratis.XceiverServerRatis (XceiverServerRatis.java:handleLeaderChangedNotification(854)) - Leader change notification received for group: group-29143985BDB4 with new leaderId: 2b1d58b1-e44f-4041-9819-0dd176255f22
2020-12-17 02:12:45,058 [2b1d58b1-e44f-4041-9819-0dd176255f22@group-29143985BDB4-LeaderElection82] INFO  impl.RaftServerImpl (ServerState.java:setLeader(256)) - 2b1d58b1-e44f-4041-9819-0dd176255f22@group-29143985BDB4: change Leader from null to 2b1d58b1-e44f-4041-9819-0dd176255f22 at term 1 for becomeLeader, leader elected after 5158ms
2020-12-17 02:12:45,058 [2b1d58b1-e44f-4041-9819-0dd176255f22@group-29143985BDB4-LeaderElection82] INFO  server.RaftServerConfigKeys (ConfUtils.java:logGet(44)) - raft.server.staging.catchup.gap = 1000 (default)
2020-12-17 02:12:45,058 [2b1d58b1-e44f-4041-9819-0dd176255f22@group-29143985BDB4-LeaderElection82] INFO  server.RaftServerConfigKeys (ConfUtils.java:logGet(44)) - raft.server.rpc.sleep.time = 25ms (default)
2020-12-17 02:12:45,058 [2b1d58b1-e44f-4041-9819-0dd176255f22@group-29143985BDB4-LeaderElection82] INFO  metrics.RatisMetrics (RatisMetrics.java:lambda$create$0(36)) - Creating Metrics Registry : ratis.log_appender.2b1d58b1-e44f-4041-9819-0dd176255f22@group-29143985BDB4
2020-12-17 02:12:45,059 [2b1d58b1-e44f-4041-9819-0dd176255f22@group-29143985BDB4-LeaderElection82] INFO  server.RaftServerConfigKeys (ConfUtils.java:logGet(44)) - raft.server.write.element-limit = 1024 (custom)
2020-12-17 02:12:45,059 [2b1d58b1-e44f-4041-9819-0dd176255f22@group-29143985BDB4-LeaderElection82] INFO  server.RaftServerConfigKeys (ConfUtils.java:logGet(44)) - raft.server.write.byte-limit = 1073741824 (custom)
2020-12-17 02:12:45,060 [2b1d58b1-e44f-4041-9819-0dd176255f22@group-29143985BDB4-LeaderElection82] INFO  server.RaftServerConfigKeys (ConfUtils.java:logGet(44)) - raft.server.watch.timeout = 180s (custom)
2020-12-17 02:12:45,060 [2b1d58b1-e44f-4041-9819-0dd176255f22@group-29143985BDB4-LeaderElection82] INFO  server.RaftServerConfigKeys (ConfUtils.java:logGet(44)) - raft.server.watch.timeout.denomination = 1s (default)
2020-12-17 02:12:45,060 [2b1d58b1-e44f-4041-9819-0dd176255f22@group-29143985BDB4-LeaderElection82] INFO  server.RaftServerConfigKeys (ConfUtils.java:logGet(44)) - raft.server.watch.element-limit = 65536 (default)
2020-12-17 02:12:45,060 [2b1d58b1-e44f-4041-9819-0dd176255f22@group-29143985BDB4-LeaderElection82] INFO  impl.RoleInfo (RoleInfo.java:updateAndGet(143)) - 2b1d58b1-e44f-4041-9819-0dd176255f22: start 2b1d58b1-e44f-4041-9819-0dd176255f22@group-29143985BDB4-LeaderState
2020-12-17 02:12:45,061 [2b1d58b1-e44f-4041-9819-0dd176255f22@group-29143985BDB4-LeaderElection82] INFO  segmented.SegmentedRaftLogWorker (SegmentedRaftLogWorker.java:startLogSegment(398)) - 2b1d58b1-e44f-4041-9819-0dd176255f22@group-29143985BDB4-SegmentedRaftLogWorker: Starting segment from index:0
2020-12-17 02:12:45,061 [2b1d58b1-e44f-4041-9819-0dd176255f22@group-29143985BDB4-LeaderElection82] INFO  impl.RaftServerImpl (ServerState.java:setRaftConf(374)) - 2b1d58b1-e44f-4041-9819-0dd176255f22@group-29143985BDB4: set configuration 0: [2b1d58b1-e44f-4041-9819-0dd176255f22|rpc:172.17.0.2:40577|dataStream:], old=null at 0
2020-12-17 02:12:45,063 [2b1d58b1-e44f-4041-9819-0dd176255f22@group-29143985BDB4-SegmentedRaftLogWorker] INFO  segmented.SegmentedRaftLogWorker (SegmentedRaftLogWorker.java:execute(597)) - 2b1d58b1-e44f-4041-9819-0dd176255f22@group-29143985BDB4-SegmentedRaftLogWorker: created new log segment /github/workspace/mnt/ozone/hadoop-ozone/integration-test/target/test-dir/MiniOzoneClusterImpl-2a381d17-8836-40f3-94ec-0b892e5c06e0/datanode-1/data/ratis/7541b2f8-ed28-4886-918b-29143985bdb4/current/log_inprogress_0
2020-12-17 02:12:45,273 [Thread-5732] INFO  impl.FollowerState (FollowerState.java:run(128)) - a5453659-3127-401c-b9c1-bc8f4372128a@group-B8FAD682F618-FollowerState: change to CANDIDATE, lastRpcTime:5138ms, electionTimeout:5137ms
2020-12-17 02:12:45,274 [Thread-5732] INFO  impl.RoleInfo (RoleInfo.java:shutdownFollowerState(121)) - a5453659-3127-401c-b9c1-bc8f4372128a: shutdown a5453659-3127-401c-b9c1-bc8f4372128a@group-B8FAD682F618-FollowerState
2020-12-17 02:12:45,274 [Thread-5732] INFO  impl.RaftServerImpl (RaftServerImpl.java:setRole(204)) - a5453659-3127-401c-b9c1-bc8f4372128a@group-B8FAD682F618: changes role from  FOLLOWER to CANDIDATE at term 0 for changeToCandidate
2020-12-17 02:12:45,274 [Thread-5732] INFO  impl.RoleInfo (RoleInfo.java:updateAndGet(143)) - a5453659-3127-401c-b9c1-bc8f4372128a: start a5453659-3127-401c-b9c1-bc8f4372128a@group-B8FAD682F618-LeaderElection83
2020-12-17 02:12:45,278 [a5453659-3127-401c-b9c1-bc8f4372128a@group-B8FAD682F618-LeaderElection83] INFO  impl.LeaderElection (LeaderElection.java:askForVotes(215)) - a5453659-3127-401c-b9c1-bc8f4372128a@group-B8FAD682F618-LeaderElection83: begin an election at term 1 for -1: [a5453659-3127-401c-b9c1-bc8f4372128a|rpc:172.17.0.2:33101], old=null
2020-12-17 02:12:45,278 [a5453659-3127-401c-b9c1-bc8f4372128a@group-B8FAD682F618-LeaderElection83] INFO  impl.RoleInfo (RoleInfo.java:shutdownLeaderElection(134)) - a5453659-3127-401c-b9c1-bc8f4372128a: shutdown a5453659-3127-401c-b9c1-bc8f4372128a@group-B8FAD682F618-LeaderElection83
2020-12-17 02:12:45,278 [a5453659-3127-401c-b9c1-bc8f4372128a@group-B8FAD682F618-LeaderElection83] INFO  impl.RaftServerImpl (RaftServerImpl.java:setRole(204)) - a5453659-3127-401c-b9c1-bc8f4372128a@group-B8FAD682F618: changes role from CANDIDATE to LEADER at term 1 for changeToLeader
2020-12-17 02:12:45,278 [a5453659-3127-401c-b9c1-bc8f4372128a@group-B8FAD682F618-LeaderElection83] INFO  ratis.XceiverServerRatis (XceiverServerRatis.java:handleLeaderChangedNotification(854)) - Leader change notification received for group: group-B8FAD682F618 with new leaderId: a5453659-3127-401c-b9c1-bc8f4372128a
2020-12-17 02:12:45,278 [a5453659-3127-401c-b9c1-bc8f4372128a@group-B8FAD682F618-LeaderElection83] INFO  impl.RaftServerImpl (ServerState.java:setLeader(256)) - a5453659-3127-401c-b9c1-bc8f4372128a@group-B8FAD682F618: change Leader from null to a5453659-3127-401c-b9c1-bc8f4372128a at term 1 for becomeLeader, leader elected after 5171ms
2020-12-17 02:12:45,278 [a5453659-3127-401c-b9c1-bc8f4372128a@group-B8FAD682F618-LeaderElection83] INFO  server.RaftServerConfigKeys (ConfUtils.java:logGet(44)) - raft.server.staging.catchup.gap = 1000 (default)
2020-12-17 02:12:45,278 [a5453659-3127-401c-b9c1-bc8f4372128a@group-B8FAD682F618-LeaderElection83] INFO  server.RaftServerConfigKeys (ConfUtils.java:logGet(44)) - raft.server.rpc.sleep.time = 25ms (default)
2020-12-17 02:12:45,279 [a5453659-3127-401c-b9c1-bc8f4372128a@group-B8FAD682F618-LeaderElection83] INFO  metrics.RatisMetrics (RatisMetrics.java:lambda$create$0(36)) - Creating Metrics Registry : ratis.log_appender.a5453659-3127-401c-b9c1-bc8f4372128a@group-B8FAD682F618
2020-12-17 02:12:45,279 [a5453659-3127-401c-b9c1-bc8f4372128a@group-B8FAD682F618-LeaderElection83] INFO  server.RaftServerConfigKeys (ConfUtils.java:logGet(44)) - raft.server.write.element-limit = 1024 (custom)
2020-12-17 02:12:45,279 [a5453659-3127-401c-b9c1-bc8f4372128a@group-B8FAD682F618-LeaderElection83] INFO  server.RaftServerConfigKeys (ConfUtils.java:logGet(44)) - raft.server.write.byte-limit = 1073741824 (custom)
2020-12-17 02:12:45,280 [a5453659-3127-401c-b9c1-bc8f4372128a@group-B8FAD682F618-LeaderElection83] INFO  server.RaftServerConfigKeys (ConfUtils.java:logGet(44)) - raft.server.watch.timeout = 180s (custom)
2020-12-17 02:12:45,280 [a5453659-3127-401c-b9c1-bc8f4372128a@group-B8FAD682F618-LeaderElection83] INFO  server.RaftServerConfigKeys (ConfUtils.java:logGet(44)) - raft.server.watch.timeout.denomination = 1s (default)
2020-12-17 02:12:45,280 [a5453659-3127-401c-b9c1-bc8f4372128a@group-B8FAD682F618-LeaderElection83] INFO  server.RaftServerConfigKeys (ConfUtils.java:logGet(44)) - raft.server.watch.element-limit = 65536 (default)
2020-12-17 02:12:45,280 [a5453659-3127-401c-b9c1-bc8f4372128a@group-B8FAD682F618-LeaderElection83] INFO  impl.RoleInfo (RoleInfo.java:updateAndGet(143)) - a5453659-3127-401c-b9c1-bc8f4372128a: start a5453659-3127-401c-b9c1-bc8f4372128a@group-B8FAD682F618-LeaderState
2020-12-17 02:12:45,281 [a5453659-3127-401c-b9c1-bc8f4372128a@group-B8FAD682F618-LeaderElection83] INFO  segmented.SegmentedRaftLogWorker (SegmentedRaftLogWorker.java:startLogSegment(398)) - a5453659-3127-401c-b9c1-bc8f4372128a@group-B8FAD682F618-SegmentedRaftLogWorker: Starting segment from index:0
2020-12-17 02:12:45,282 [a5453659-3127-401c-b9c1-bc8f4372128a@group-B8FAD682F618-LeaderElection83] INFO  impl.RaftServerImpl (ServerState.java:setRaftConf(374)) - a5453659-3127-401c-b9c1-bc8f4372128a@group-B8FAD682F618: set configuration 0: [a5453659-3127-401c-b9c1-bc8f4372128a|rpc:172.17.0.2:33101|dataStream:], old=null at 0
2020-12-17 02:12:45,282 [a5453659-3127-401c-b9c1-bc8f4372128a@group-B8FAD682F618-SegmentedRaftLogWorker] INFO  segmented.SegmentedRaftLogWorker (SegmentedRaftLogWorker.java:execute(597)) - a5453659-3127-401c-b9c1-bc8f4372128a@group-B8FAD682F618-SegmentedRaftLogWorker: created new log segment /github/workspace/mnt/ozone/hadoop-ozone/integration-test/target/test-dir/MiniOzoneClusterImpl-2a381d17-8836-40f3-94ec-0b892e5c06e0/datanode-2/data/ratis/fee38756-5379-43ea-8752-b8fad682f618/current/log_inprogress_0
2020-12-17 02:12:45,380 [Thread-5738] INFO  impl.FollowerState (FollowerState.java:run(128)) - f11c6601-f81b-414d-9af7-ba1741509b09@group-380177E12C14-FollowerState: change to CANDIDATE, lastRpcTime:5026ms, electionTimeout:5026ms
2020-12-17 02:12:45,381 [Thread-5738] INFO  impl.RoleInfo (RoleInfo.java:shutdownFollowerState(121)) - f11c6601-f81b-414d-9af7-ba1741509b09: shutdown f11c6601-f81b-414d-9af7-ba1741509b09@group-380177E12C14-FollowerState
2020-12-17 02:12:45,381 [Thread-5738] INFO  impl.RaftServerImpl (RaftServerImpl.java:setRole(204)) - f11c6601-f81b-414d-9af7-ba1741509b09@group-380177E12C14: changes role from  FOLLOWER to CANDIDATE at term 0 for changeToCandidate
2020-12-17 02:12:45,381 [Thread-5738] INFO  impl.RoleInfo (RoleInfo.java:updateAndGet(143)) - f11c6601-f81b-414d-9af7-ba1741509b09: start f11c6601-f81b-414d-9af7-ba1741509b09@group-380177E12C14-LeaderElection84
2020-12-17 02:12:45,385 [f11c6601-f81b-414d-9af7-ba1741509b09@group-380177E12C14-LeaderElection84] INFO  impl.LeaderElection (LeaderElection.java:askForVotes(215)) - f11c6601-f81b-414d-9af7-ba1741509b09@group-380177E12C14-LeaderElection84: begin an election at term 1 for -1: [7ec52e27-6063-4b9c-8511-76ca7a922bcd|rpc:172.17.0.2:45859|dataStream:, 6a05d44f-22be-4027-b269-c3a46acd3f47|rpc:172.17.0.2:38863|dataStream:, f11c6601-f81b-414d-9af7-ba1741509b09|rpc:172.17.0.2:34719|dataStream:], old=null
2020-12-17 02:12:45,393 [grpc-default-executor-2] INFO  impl.RaftServerImpl (RaftServerImpl.java:setRole(204)) - 7ec52e27-6063-4b9c-8511-76ca7a922bcd@group-380177E12C14: changes role from  FOLLOWER to FOLLOWER at term 1 for recognizeCandidate:f11c6601-f81b-414d-9af7-ba1741509b09
2020-12-17 02:12:45,393 [grpc-default-executor-2] INFO  impl.RoleInfo (RoleInfo.java:shutdownFollowerState(121)) - 7ec52e27-6063-4b9c-8511-76ca7a922bcd: shutdown 7ec52e27-6063-4b9c-8511-76ca7a922bcd@group-380177E12C14-FollowerState
2020-12-17 02:12:45,393 [grpc-default-executor-2] INFO  impl.RoleInfo (RoleInfo.java:updateAndGet(143)) - 7ec52e27-6063-4b9c-8511-76ca7a922bcd: start 7ec52e27-6063-4b9c-8511-76ca7a922bcd@group-380177E12C14-FollowerState
2020-12-17 02:12:45,393 [Thread-5741] INFO  impl.FollowerState (FollowerState.java:run(137)) - 7ec52e27-6063-4b9c-8511-76ca7a922bcd@group-380177E12C14-FollowerState was interrupted: {}
java.lang.InterruptedException: sleep interrupted
	at java.lang.Thread.sleep(Native Method)
	at org.apache.ratis.util.JavaUtils.sleep(JavaUtils.java:250)
	at org.apache.ratis.server.impl.FollowerState.run(FollowerState.java:116)
2020-12-17 02:12:45,394 [grpc-default-executor-2] INFO  impl.RaftServerImpl (RaftServerImpl.java:requestVote(963)) -  FOLLOWER 7ec52e27-6063-4b9c-8511-76ca7a922bcd@group-380177E12C14:t1, leader=null, voted=null, raftlog=7ec52e27-6063-4b9c-8511-76ca7a922bcd@group-380177E12C14-SegmentedRaftLog:OPENED:c-1,f-1,i0, conf=-1: [7ec52e27-6063-4b9c-8511-76ca7a922bcd|rpc:172.17.0.2:45859|dataStream:, 6a05d44f-22be-4027-b269-c3a46acd3f47|rpc:172.17.0.2:38863|dataStream:, f11c6601-f81b-414d-9af7-ba1741509b09|rpc:172.17.0.2:34719|dataStream:], old=null RUNNING priority:0 candidate:f11c6601-f81b-414d-9af7-ba1741509b09|rpc:172.17.0.2:34719|dataStream: candidatePriority:0 compare:0
2020-12-17 02:12:45,397 [grpc-default-executor-2] INFO  metrics.RatisMetrics (RatisMetrics.java:lambda$create$0(36)) - Creating Metrics Registry : ratis.server_message_metrics.6a05d44f-22be-4027-b269-c3a46acd3f47
2020-12-17 02:12:45,397 [f11c6601-f81b-414d-9af7-ba1741509b09@group-380177E12C14-LeaderElection84] INFO  impl.LeaderElection (LeaderElection.java:logAndReturn(65)) - f11c6601-f81b-414d-9af7-ba1741509b09@group-380177E12C14-LeaderElection84: Election PASSED; received 1 response(s) [f11c6601-f81b-414d-9af7-ba1741509b09<-7ec52e27-6063-4b9c-8511-76ca7a922bcd#0:OK-t1] and 0 exception(s); f11c6601-f81b-414d-9af7-ba1741509b09@group-380177E12C14:t1, leader=null, voted=f11c6601-f81b-414d-9af7-ba1741509b09, raftlog=f11c6601-f81b-414d-9af7-ba1741509b09@group-380177E12C14-SegmentedRaftLog:OPENED:c-1,f-1,i0, conf=-1: [7ec52e27-6063-4b9c-8511-76ca7a922bcd|rpc:172.17.0.2:45859|dataStream:, 6a05d44f-22be-4027-b269-c3a46acd3f47|rpc:172.17.0.2:38863|dataStream:, f11c6601-f81b-414d-9af7-ba1741509b09|rpc:172.17.0.2:34719|dataStream:], old=null
2020-12-17 02:12:45,397 [f11c6601-f81b-414d-9af7-ba1741509b09@group-380177E12C14-LeaderElection84] INFO  impl.RoleInfo (RoleInfo.java:shutdownLeaderElection(134)) - f11c6601-f81b-414d-9af7-ba1741509b09: shutdown f11c6601-f81b-414d-9af7-ba1741509b09@group-380177E12C14-LeaderElection84
2020-12-17 02:12:45,397 [f11c6601-f81b-414d-9af7-ba1741509b09@group-380177E12C14-LeaderElection84] INFO  impl.RaftServerImpl (RaftServerImpl.java:setRole(204)) - f11c6601-f81b-414d-9af7-ba1741509b09@group-380177E12C14: changes role from CANDIDATE to LEADER at term 1 for changeToLeader
2020-12-17 02:12:45,397 [f11c6601-f81b-414d-9af7-ba1741509b09@group-380177E12C14-LeaderElection84] INFO  ratis.XceiverServerRatis (XceiverServerRatis.java:handleLeaderChangedNotification(854)) - Leader change notification received for group: group-380177E12C14 with new leaderId: f11c6601-f81b-414d-9af7-ba1741509b09
2020-12-17 02:12:45,398 [f11c6601-f81b-414d-9af7-ba1741509b09@group-380177E12C14-LeaderElection84] INFO  impl.RaftServerImpl (ServerState.java:setLeader(256)) - f11c6601-f81b-414d-9af7-ba1741509b09@group-380177E12C14: change Leader from null to f11c6601-f81b-414d-9af7-ba1741509b09 at term 1 for becomeLeader, leader elected after 5055ms
2020-12-17 02:12:45,399 [grpc-default-executor-2] INFO  impl.RaftServerImpl (RaftServerImpl.java:setRole(204)) - 6a05d44f-22be-4027-b269-c3a46acd3f47@group-380177E12C14: changes role from  FOLLOWER to FOLLOWER at term 1 for recognizeCandidate:f11c6601-f81b-414d-9af7-ba1741509b09
2020-12-17 02:12:45,399 [EventQueue-PipelineReportForPipelineReportHandler] INFO  pipeline.PipelineStateManager (PipelineStateManager.java:openPipeline(132)) - Pipeline Pipeline[ Id: 1be34abb-29be-4d78-993d-380177e12c14, Nodes: f11c6601-f81b-414d-9af7-ba1741509b09{ip: 172.17.0.2, host: 89b9adae2c19, networkLocation: /default-rack, certSerialId: null, persistedOpState: IN_SERVICE, persistedOpStateExpiryEpochSec: 0}6a05d44f-22be-4027-b269-c3a46acd3f47{ip: 172.17.0.2, host: 89b9adae2c19, networkLocation: /default-rack, certSerialId: null, persistedOpState: IN_SERVICE, persistedOpStateExpiryEpochSec: 0}7ec52e27-6063-4b9c-8511-76ca7a922bcd{ip: 172.17.0.2, host: 89b9adae2c19, networkLocation: /default-rack, certSerialId: null, persistedOpState: IN_SERVICE, persistedOpStateExpiryEpochSec: 0}, Type:RATIS, Factor:THREE, State:ALLOCATED, leaderId:f11c6601-f81b-414d-9af7-ba1741509b09, CreationTimestamp2020-12-17T02:12:37.804Z] moved to OPEN state
2020-12-17 02:12:45,399 [grpc-default-executor-2] INFO  impl.RoleInfo (RoleInfo.java:shutdownFollowerState(121)) - 6a05d44f-22be-4027-b269-c3a46acd3f47: shutdown 6a05d44f-22be-4027-b269-c3a46acd3f47@group-380177E12C14-FollowerState
2020-12-17 02:12:45,399 [grpc-default-executor-2] INFO  impl.RoleInfo (RoleInfo.java:updateAndGet(143)) - 6a05d44f-22be-4027-b269-c3a46acd3f47: start 6a05d44f-22be-4027-b269-c3a46acd3f47@group-380177E12C14-FollowerState
2020-12-17 02:12:45,399 [Thread-5736] INFO  impl.FollowerState (FollowerState.java:run(137)) - 6a05d44f-22be-4027-b269-c3a46acd3f47@group-380177E12C14-FollowerState was interrupted: {}
java.lang.InterruptedException: sleep interrupted
	at java.lang.Thread.sleep(Native Method)
	at org.apache.ratis.util.JavaUtils.sleep(JavaUtils.java:250)
	at org.apache.ratis.server.impl.FollowerState.run(FollowerState.java:116)
2020-12-17 02:12:45,400 [grpc-default-executor-2] INFO  impl.RaftServerImpl (RaftServerImpl.java:requestVote(963)) -  FOLLOWER 6a05d44f-22be-4027-b269-c3a46acd3f47@group-380177E12C14:t1, leader=null, voted=null, raftlog=6a05d44f-22be-4027-b269-c3a46acd3f47@group-380177E12C14-SegmentedRaftLog:OPENED:c-1,f-1,i0, conf=-1: [7ec52e27-6063-4b9c-8511-76ca7a922bcd|rpc:172.17.0.2:45859, 6a05d44f-22be-4027-b269-c3a46acd3f47|rpc:172.17.0.2:38863, f11c6601-f81b-414d-9af7-ba1741509b09|rpc:172.17.0.2:34719], old=null RUNNING priority:0 candidate:f11c6601-f81b-414d-9af7-ba1741509b09|rpc:172.17.0.2:34719 candidatePriority:0 compare:0
2020-12-17 02:12:45,410 [Thread-5734] INFO  impl.FollowerState (FollowerState.java:run(128)) - 6a05d44f-22be-4027-b269-c3a46acd3f47@group-8AE2822A3941-FollowerState: change to CANDIDATE, lastRpcTime:5098ms, electionTimeout:5090ms
2020-12-17 02:12:45,410 [f11c6601-f81b-414d-9af7-ba1741509b09@group-380177E12C14-LeaderElection84] INFO  server.RaftServerConfigKeys (ConfUtils.java:logGet(44)) - raft.server.staging.catchup.gap = 1000 (default)
2020-12-17 02:12:45,410 [f11c6601-f81b-414d-9af7-ba1741509b09@group-380177E12C14-LeaderElection84] INFO  server.RaftServerConfigKeys (ConfUtils.java:logGet(44)) - raft.server.rpc.sleep.time = 25ms (default)
2020-12-17 02:12:45,411 [f11c6601-f81b-414d-9af7-ba1741509b09@group-380177E12C14-LeaderElection84] INFO  metrics.RatisMetrics (RatisMetrics.java:lambda$create$0(36)) - Creating Metrics Registry : ratis.log_appender.f11c6601-f81b-414d-9af7-ba1741509b09@group-380177E12C14
2020-12-17 02:12:45,411 [f11c6601-f81b-414d-9af7-ba1741509b09@group-380177E12C14-LeaderElection84] INFO  server.RaftServerConfigKeys (ConfUtils.java:logGet(44)) - raft.server.write.element-limit = 1024 (custom)
2020-12-17 02:12:45,411 [f11c6601-f81b-414d-9af7-ba1741509b09@group-380177E12C14-LeaderElection84] INFO  server.RaftServerConfigKeys (ConfUtils.java:logGet(44)) - raft.server.write.byte-limit = 1073741824 (custom)
2020-12-17 02:12:45,413 [Thread-5734] INFO  impl.RoleInfo (RoleInfo.java:shutdownFollowerState(121)) - 6a05d44f-22be-4027-b269-c3a46acd3f47: shutdown 6a05d44f-22be-4027-b269-c3a46acd3f47@group-8AE2822A3941-FollowerState
2020-12-17 02:12:45,413 [Thread-5734] INFO  impl.RaftServerImpl (RaftServerImpl.java:setRole(204)) - 6a05d44f-22be-4027-b269-c3a46acd3f47@group-8AE2822A3941: changes role from  FOLLOWER to CANDIDATE at term 0 for changeToCandidate
2020-12-17 02:12:45,413 [Thread-5734] INFO  impl.RoleInfo (RoleInfo.java:updateAndGet(143)) - 6a05d44f-22be-4027-b269-c3a46acd3f47: start 6a05d44f-22be-4027-b269-c3a46acd3f47@group-8AE2822A3941-LeaderElection85
2020-12-17 02:12:45,419 [f11c6601-f81b-414d-9af7-ba1741509b09@group-380177E12C14-LeaderElection84] INFO  server.RaftServerConfigKeys (ConfUtils.java:logGet(44)) - raft.server.watch.timeout = 180s (custom)
2020-12-17 02:12:45,419 [f11c6601-f81b-414d-9af7-ba1741509b09@group-380177E12C14-LeaderElection84] INFO  server.RaftServerConfigKeys (ConfUtils.java:logGet(44)) - raft.server.watch.timeout.denomination = 1s (default)
2020-12-17 02:12:45,419 [f11c6601-f81b-414d-9af7-ba1741509b09@group-380177E12C14-LeaderElection84] INFO  server.RaftServerConfigKeys (ConfUtils.java:logGet(44)) - raft.server.watch.element-limit = 65536 (default)
2020-12-17 02:12:45,419 [6a05d44f-22be-4027-b269-c3a46acd3f47@group-8AE2822A3941-LeaderElection85] INFO  impl.LeaderElection (LeaderElection.java:askForVotes(215)) - 6a05d44f-22be-4027-b269-c3a46acd3f47@group-8AE2822A3941-LeaderElection85: begin an election at term 1 for -1: [6a05d44f-22be-4027-b269-c3a46acd3f47|rpc:172.17.0.2:38863], old=null
2020-12-17 02:12:45,420 [6a05d44f-22be-4027-b269-c3a46acd3f47@group-8AE2822A3941-LeaderElection85] INFO  impl.RoleInfo (RoleInfo.java:shutdownLeaderElection(134)) - 6a05d44f-22be-4027-b269-c3a46acd3f47: shutdown 6a05d44f-22be-4027-b269-c3a46acd3f47@group-8AE2822A3941-LeaderElection85
2020-12-17 02:12:45,420 [6a05d44f-22be-4027-b269-c3a46acd3f47@group-8AE2822A3941-LeaderElection85] INFO  impl.RaftServerImpl (RaftServerImpl.java:setRole(204)) - 6a05d44f-22be-4027-b269-c3a46acd3f47@group-8AE2822A3941: changes role from CANDIDATE to LEADER at term 1 for changeToLeader
2020-12-17 02:12:45,420 [6a05d44f-22be-4027-b269-c3a46acd3f47@group-8AE2822A3941-LeaderElection85] INFO  ratis.XceiverServerRatis (XceiverServerRatis.java:handleLeaderChangedNotification(854)) - Leader change notification received for group: group-8AE2822A3941 with new leaderId: 6a05d44f-22be-4027-b269-c3a46acd3f47
2020-12-17 02:12:45,420 [6a05d44f-22be-4027-b269-c3a46acd3f47@group-8AE2822A3941-LeaderElection85] INFO  impl.RaftServerImpl (ServerState.java:setLeader(256)) - 6a05d44f-22be-4027-b269-c3a46acd3f47@group-8AE2822A3941: change Leader from null to 6a05d44f-22be-4027-b269-c3a46acd3f47 at term 1 for becomeLeader, leader elected after 5118ms
2020-12-17 02:12:45,420 [6a05d44f-22be-4027-b269-c3a46acd3f47@group-8AE2822A3941-LeaderElection85] INFO  server.RaftServerConfigKeys (ConfUtils.java:logGet(44)) - raft.server.staging.catchup.gap = 1000 (default)
2020-12-17 02:12:45,420 [6a05d44f-22be-4027-b269-c3a46acd3f47@group-8AE2822A3941-LeaderElection85] INFO  server.RaftServerConfigKeys (ConfUtils.java:logGet(44)) - raft.server.rpc.sleep.time = 25ms (default)
2020-12-17 02:12:45,420 [6a05d44f-22be-4027-b269-c3a46acd3f47@group-8AE2822A3941-LeaderElection85] INFO  metrics.RatisMetrics (RatisMetrics.java:lambda$create$0(36)) - Creating Metrics Registry : ratis.log_appender.6a05d44f-22be-4027-b269-c3a46acd3f47@group-8AE2822A3941
2020-12-17 02:12:45,420 [6a05d44f-22be-4027-b269-c3a46acd3f47@group-8AE2822A3941-LeaderElection85] INFO  server.RaftServerConfigKeys (ConfUtils.java:logGet(44)) - raft.server.write.element-limit = 1024 (custom)
2020-12-17 02:12:45,420 [6a05d44f-22be-4027-b269-c3a46acd3f47@group-8AE2822A3941-LeaderElection85] INFO  server.RaftServerConfigKeys (ConfUtils.java:logGet(44)) - raft.server.write.byte-limit = 1073741824 (custom)
2020-12-17 02:12:45,421 [6a05d44f-22be-4027-b269-c3a46acd3f47@group-8AE2822A3941-LeaderElection85] INFO  server.RaftServerConfigKeys (ConfUtils.java:logGet(44)) - raft.server.watch.timeout = 180s (custom)
2020-12-17 02:12:45,421 [6a05d44f-22be-4027-b269-c3a46acd3f47@group-8AE2822A3941-LeaderElection85] INFO  server.RaftServerConfigKeys (ConfUtils.java:logGet(44)) - raft.server.watch.timeout.denomination = 1s (default)
2020-12-17 02:12:45,421 [6a05d44f-22be-4027-b269-c3a46acd3f47@group-8AE2822A3941-LeaderElection85] INFO  server.RaftServerConfigKeys (ConfUtils.java:logGet(44)) - raft.server.watch.element-limit = 65536 (default)
2020-12-17 02:12:45,421 [6a05d44f-22be-4027-b269-c3a46acd3f47@group-8AE2822A3941-LeaderElection85] INFO  impl.RoleInfo (RoleInfo.java:updateAndGet(143)) - 6a05d44f-22be-4027-b269-c3a46acd3f47: start 6a05d44f-22be-4027-b269-c3a46acd3f47@group-8AE2822A3941-LeaderState
2020-12-17 02:12:45,422 [6a05d44f-22be-4027-b269-c3a46acd3f47@group-8AE2822A3941-LeaderElection85] INFO  segmented.SegmentedRaftLogWorker (SegmentedRaftLogWorker.java:startLogSegment(398)) - 6a05d44f-22be-4027-b269-c3a46acd3f47@group-8AE2822A3941-SegmentedRaftLogWorker: Starting segment from index:0
2020-12-17 02:12:45,423 [6a05d44f-22be-4027-b269-c3a46acd3f47@group-8AE2822A3941-LeaderElection85] INFO  impl.RaftServerImpl (ServerState.java:setRaftConf(374)) - 6a05d44f-22be-4027-b269-c3a46acd3f47@group-8AE2822A3941: set configuration 0: [6a05d44f-22be-4027-b269-c3a46acd3f47|rpc:172.17.0.2:38863|dataStream:], old=null at 0
2020-12-17 02:12:45,424 [6a05d44f-22be-4027-b269-c3a46acd3f47@group-8AE2822A3941-SegmentedRaftLogWorker] INFO  segmented.SegmentedRaftLogWorker (SegmentedRaftLogWorker.java:execute(597)) - 6a05d44f-22be-4027-b269-c3a46acd3f47@group-8AE2822A3941-SegmentedRaftLogWorker: created new log segment /github/workspace/mnt/ozone/hadoop-ozone/integration-test/target/test-dir/MiniOzoneClusterImpl-2a381d17-8836-40f3-94ec-0b892e5c06e0/datanode-3/data/ratis/81d687d2-c33f-4aa5-a1b4-8ae2822a3941/current/log_inprogress_0
2020-12-17 02:12:45,426 [f11c6601-f81b-414d-9af7-ba1741509b09@group-380177E12C14-LeaderElection84] INFO  server.RaftServerConfigKeys (ConfUtils.java:logGet(44)) - raft.server.log.appender.snapshot.chunk.size.max = 16MB (=16777216) (default)
2020-12-17 02:12:45,428 [f11c6601-f81b-414d-9af7-ba1741509b09@group-380177E12C14-LeaderElection84] INFO  server.RaftServerConfigKeys (ConfUtils.java:logGet(44)) - raft.server.log.appender.buffer.byte-limit = 33554432 (custom)
2020-12-17 02:12:45,428 [f11c6601-f81b-414d-9af7-ba1741509b09@group-380177E12C14-LeaderElection84] INFO  server.RaftServerConfigKeys (ConfUtils.java:logGet(44)) - raft.server.log.appender.buffer.element-limit = 1 (custom)
2020-12-17 02:12:45,428 [f11c6601-f81b-414d-9af7-ba1741509b09@group-380177E12C14-LeaderElection84] INFO  grpc.GrpcConfigKeys (ConfUtils.java:logGet(44)) - raft.grpc.server.leader.outstanding.appends.max = 128 (default)
2020-12-17 02:12:45,429 [f11c6601-f81b-414d-9af7-ba1741509b09@group-380177E12C14-LeaderElection84] INFO  server.RaftServerConfigKeys (ConfUtils.java:logGet(44)) - raft.server.rpc.request.timeout = 60s (custom)
2020-12-17 02:12:45,429 [f11c6601-f81b-414d-9af7-ba1741509b09@group-380177E12C14-LeaderElection84] INFO  server.RaftServerConfigKeys (ConfUtils.java:logGet(44)) - raft.server.log.appender.install.snapshot.enabled = false (custom)
2020-12-17 02:12:45,429 [f11c6601-f81b-414d-9af7-ba1741509b09@group-380177E12C14-LeaderElection84] INFO  metrics.RatisMetrics (RatisMetrics.java:lambda$create$0(36)) - Creating Metrics Registry : ratis_grpc.log_appender.f11c6601-f81b-414d-9af7-ba1741509b09@group-380177E12C14
2020-12-17 02:12:45,432 [f11c6601-f81b-414d-9af7-ba1741509b09@group-380177E12C14-LeaderElection84] INFO  server.RaftServerConfigKeys (ConfUtils.java:logGet(44)) - raft.server.log.appender.snapshot.chunk.size.max = 16MB (=16777216) (default)
2020-12-17 02:12:45,432 [f11c6601-f81b-414d-9af7-ba1741509b09@group-380177E12C14-LeaderElection84] INFO  server.RaftServerConfigKeys (ConfUtils.java:logGet(44)) - raft.server.log.appender.buffer.byte-limit = 33554432 (custom)
2020-12-17 02:12:45,432 [f11c6601-f81b-414d-9af7-ba1741509b09@group-380177E12C14-LeaderElection84] INFO  server.RaftServerConfigKeys (ConfUtils.java:logGet(44)) - raft.server.log.appender.buffer.element-limit = 1 (custom)
2020-12-17 02:12:45,432 [f11c6601-f81b-414d-9af7-ba1741509b09@group-380177E12C14-LeaderElection84] INFO  grpc.GrpcConfigKeys (ConfUtils.java:logGet(44)) - raft.grpc.server.leader.outstanding.appends.max = 128 (default)
2020-12-17 02:12:45,433 [f11c6601-f81b-414d-9af7-ba1741509b09@group-380177E12C14-LeaderElection84] INFO  server.RaftServerConfigKeys (ConfUtils.java:logGet(44)) - raft.server.rpc.request.timeout = 60s (custom)
2020-12-17 02:12:45,433 [f11c6601-f81b-414d-9af7-ba1741509b09@group-380177E12C14-LeaderElection84] INFO  server.RaftServerConfigKeys (ConfUtils.java:logGet(44)) - raft.server.log.appender.install.snapshot.enabled = false (custom)
2020-12-17 02:12:45,435 [f11c6601-f81b-414d-9af7-ba1741509b09@group-380177E12C14-LeaderElection84] INFO  impl.RoleInfo (RoleInfo.java:updateAndGet(143)) - f11c6601-f81b-414d-9af7-ba1741509b09: start f11c6601-f81b-414d-9af7-ba1741509b09@group-380177E12C14-LeaderState
2020-12-17 02:12:45,436 [f11c6601-f81b-414d-9af7-ba1741509b09@group-380177E12C14-LeaderElection84] INFO  segmented.SegmentedRaftLogWorker (SegmentedRaftLogWorker.java:startLogSegment(398)) - f11c6601-f81b-414d-9af7-ba1741509b09@group-380177E12C14-SegmentedRaftLogWorker: Starting segment from index:0
2020-12-17 02:12:45,438 [f11c6601-f81b-414d-9af7-ba1741509b09@group-380177E12C14-SegmentedRaftLogWorker] INFO  segmented.SegmentedRaftLogWorker (SegmentedRaftLogWorker.java:execute(597)) - f11c6601-f81b-414d-9af7-ba1741509b09@group-380177E12C14-SegmentedRaftLogWorker: created new log segment /github/workspace/mnt/ozone/hadoop-ozone/integration-test/target/test-dir/MiniOzoneClusterImpl-2a381d17-8836-40f3-94ec-0b892e5c06e0/datanode-5/data/ratis/1be34abb-29be-4d78-993d-380177e12c14/current/log_inprogress_0
2020-12-17 02:12:45,438 [f11c6601-f81b-414d-9af7-ba1741509b09@group-380177E12C14-LeaderElection84] INFO  impl.RaftServerImpl (ServerState.java:setRaftConf(374)) - f11c6601-f81b-414d-9af7-ba1741509b09@group-380177E12C14: set configuration 0: [7ec52e27-6063-4b9c-8511-76ca7a922bcd|rpc:172.17.0.2:45859|dataStream:, 6a05d44f-22be-4027-b269-c3a46acd3f47|rpc:172.17.0.2:38863|dataStream:, f11c6601-f81b-414d-9af7-ba1741509b09|rpc:172.17.0.2:34719|dataStream:], old=null at 0
2020-12-17 02:12:45,458 [grpc-default-executor-4] INFO  ratis.XceiverServerRatis (XceiverServerRatis.java:handleLeaderChangedNotification(854)) - Leader change notification received for group: group-380177E12C14 with new leaderId: f11c6601-f81b-414d-9af7-ba1741509b09
2020-12-17 02:12:45,458 [grpc-default-executor-4] INFO  impl.RaftServerImpl (ServerState.java:setLeader(256)) - 6a05d44f-22be-4027-b269-c3a46acd3f47@group-380177E12C14: change Leader from null to f11c6601-f81b-414d-9af7-ba1741509b09 at term 1 for appendEntries, leader elected after 5141ms
2020-12-17 02:12:45,464 [grpc-default-executor-2] INFO  ratis.XceiverServerRatis (XceiverServerRatis.java:handleLeaderChangedNotification(854)) - Leader change notification received for group: group-380177E12C14 with new leaderId: f11c6601-f81b-414d-9af7-ba1741509b09
2020-12-17 02:12:45,464 [grpc-default-executor-2] INFO  impl.RaftServerImpl (ServerState.java:setLeader(256)) - 7ec52e27-6063-4b9c-8511-76ca7a922bcd@group-380177E12C14: change Leader from null to f11c6601-f81b-414d-9af7-ba1741509b09 at term 1 for appendEntries, leader elected after 5093ms
2020-12-17 02:12:45,475 [grpc-default-executor-2] INFO  impl.RaftServerImpl (ServerState.java:setRaftConf(374)) - 7ec52e27-6063-4b9c-8511-76ca7a922bcd@group-380177E12C14: set configuration 0: [7ec52e27-6063-4b9c-8511-76ca7a922bcd|rpc:172.17.0.2:45859|dataStream:, 6a05d44f-22be-4027-b269-c3a46acd3f47|rpc:172.17.0.2:38863|dataStream:, f11c6601-f81b-414d-9af7-ba1741509b09|rpc:172.17.0.2:34719|dataStream:], old=null at 0
2020-12-17 02:12:45,476 [grpc-default-executor-2] INFO  segmented.SegmentedRaftLogWorker (SegmentedRaftLogWorker.java:startLogSegment(398)) - 7ec52e27-6063-4b9c-8511-76ca7a922bcd@group-380177E12C14-SegmentedRaftLogWorker: Starting segment from index:0
2020-12-17 02:12:45,482 [grpc-default-executor-4] INFO  impl.RaftServerImpl (ServerState.java:setRaftConf(374)) - 6a05d44f-22be-4027-b269-c3a46acd3f47@group-380177E12C14: set configuration 0: [7ec52e27-6063-4b9c-8511-76ca7a922bcd|rpc:172.17.0.2:45859|dataStream:, 6a05d44f-22be-4027-b269-c3a46acd3f47|rpc:172.17.0.2:38863|dataStream:, f11c6601-f81b-414d-9af7-ba1741509b09|rpc:172.17.0.2:34719|dataStream:], old=null at 0
2020-12-17 02:12:45,482 [7ec52e27-6063-4b9c-8511-76ca7a922bcd@group-380177E12C14-SegmentedRaftLogWorker] INFO  segmented.SegmentedRaftLogWorker (SegmentedRaftLogWorker.java:execute(597)) - 7ec52e27-6063-4b9c-8511-76ca7a922bcd@group-380177E12C14-SegmentedRaftLogWorker: created new log segment /github/workspace/mnt/ozone/hadoop-ozone/integration-test/target/test-dir/MiniOzoneClusterImpl-2a381d17-8836-40f3-94ec-0b892e5c06e0/datanode-4/data/ratis/1be34abb-29be-4d78-993d-380177e12c14/current/log_inprogress_0
2020-12-17 02:12:45,486 [grpc-default-executor-4] INFO  segmented.SegmentedRaftLogWorker (SegmentedRaftLogWorker.java:startLogSegment(398)) - 6a05d44f-22be-4027-b269-c3a46acd3f47@group-380177E12C14-SegmentedRaftLogWorker: Starting segment from index:0
2020-12-17 02:12:45,491 [6a05d44f-22be-4027-b269-c3a46acd3f47@group-380177E12C14-SegmentedRaftLogWorker] INFO  segmented.SegmentedRaftLogWorker (SegmentedRaftLogWorker.java:execute(597)) - 6a05d44f-22be-4027-b269-c3a46acd3f47@group-380177E12C14-SegmentedRaftLogWorker: created new log segment /github/workspace/mnt/ozone/hadoop-ozone/integration-test/target/test-dir/MiniOzoneClusterImpl-2a381d17-8836-40f3-94ec-0b892e5c06e0/datanode-3/data/ratis/1be34abb-29be-4d78-993d-380177e12c14/current/log_inprogress_0
2020-12-17 02:12:45,672 [Thread-5744] INFO  impl.FollowerState (FollowerState.java:run(128)) - 7ec52e27-6063-4b9c-8511-76ca7a922bcd@group-684263C6A878-FollowerState: change to CANDIDATE, lastRpcTime:5153ms, electionTimeout:5153ms
2020-12-17 02:12:45,673 [Thread-5744] INFO  impl.RoleInfo (RoleInfo.java:shutdownFollowerState(121)) - 7ec52e27-6063-4b9c-8511-76ca7a922bcd: shutdown 7ec52e27-6063-4b9c-8511-76ca7a922bcd@group-684263C6A878-FollowerState
2020-12-17 02:12:45,673 [Thread-5744] INFO  impl.RaftServerImpl (RaftServerImpl.java:setRole(204)) - 7ec52e27-6063-4b9c-8511-76ca7a922bcd@group-684263C6A878: changes role from  FOLLOWER to CANDIDATE at term 0 for changeToCandidate
2020-12-17 02:12:45,673 [Thread-5744] INFO  impl.RoleInfo (RoleInfo.java:updateAndGet(143)) - 7ec52e27-6063-4b9c-8511-76ca7a922bcd: start 7ec52e27-6063-4b9c-8511-76ca7a922bcd@group-684263C6A878-LeaderElection86
2020-12-17 02:12:45,676 [7ec52e27-6063-4b9c-8511-76ca7a922bcd@group-684263C6A878-LeaderElection86] INFO  impl.LeaderElection (LeaderElection.java:askForVotes(215)) - 7ec52e27-6063-4b9c-8511-76ca7a922bcd@group-684263C6A878-LeaderElection86: begin an election at term 1 for -1: [7ec52e27-6063-4b9c-8511-76ca7a922bcd|rpc:172.17.0.2:45859], old=null
2020-12-17 02:12:45,676 [7ec52e27-6063-4b9c-8511-76ca7a922bcd@group-684263C6A878-LeaderElection86] INFO  impl.RoleInfo (RoleInfo.java:shutdownLeaderElection(134)) - 7ec52e27-6063-4b9c-8511-76ca7a922bcd: shutdown 7ec52e27-6063-4b9c-8511-76ca7a922bcd@group-684263C6A878-LeaderElection86
2020-12-17 02:12:45,676 [7ec52e27-6063-4b9c-8511-76ca7a922bcd@group-684263C6A878-LeaderElection86] INFO  impl.RaftServerImpl (RaftServerImpl.java:setRole(204)) - 7ec52e27-6063-4b9c-8511-76ca7a922bcd@group-684263C6A878: changes role from CANDIDATE to LEADER at term 1 for changeToLeader
2020-12-17 02:12:45,676 [7ec52e27-6063-4b9c-8511-76ca7a922bcd@group-684263C6A878-LeaderElection86] INFO  ratis.XceiverServerRatis (XceiverServerRatis.java:handleLeaderChangedNotification(854)) - Leader change notification received for group: group-684263C6A878 with new leaderId: 7ec52e27-6063-4b9c-8511-76ca7a922bcd
2020-12-17 02:12:45,677 [7ec52e27-6063-4b9c-8511-76ca7a922bcd@group-684263C6A878-LeaderElection86] INFO  impl.RaftServerImpl (ServerState.java:setLeader(256)) - 7ec52e27-6063-4b9c-8511-76ca7a922bcd@group-684263C6A878: change Leader from null to 7ec52e27-6063-4b9c-8511-76ca7a922bcd at term 1 for becomeLeader, leader elected after 5169ms
2020-12-17 02:12:45,677 [7ec52e27-6063-4b9c-8511-76ca7a922bcd@group-684263C6A878-LeaderElection86] INFO  server.RaftServerConfigKeys (ConfUtils.java:logGet(44)) - raft.server.staging.catchup.gap = 1000 (default)
2020-12-17 02:12:45,677 [7ec52e27-6063-4b9c-8511-76ca7a922bcd@group-684263C6A878-LeaderElection86] INFO  server.RaftServerConfigKeys (ConfUtils.java:logGet(44)) - raft.server.rpc.sleep.time = 25ms (default)
2020-12-17 02:12:45,677 [7ec52e27-6063-4b9c-8511-76ca7a922bcd@group-684263C6A878-LeaderElection86] INFO  metrics.RatisMetrics (RatisMetrics.java:lambda$create$0(36)) - Creating Metrics Registry : ratis.log_appender.7ec52e27-6063-4b9c-8511-76ca7a922bcd@group-684263C6A878
2020-12-17 02:12:45,678 [7ec52e27-6063-4b9c-8511-76ca7a922bcd@group-684263C6A878-LeaderElection86] INFO  server.RaftServerConfigKeys (ConfUtils.java:logGet(44)) - raft.server.write.element-limit = 1024 (custom)
2020-12-17 02:12:45,678 [7ec52e27-6063-4b9c-8511-76ca7a922bcd@group-684263C6A878-LeaderElection86] INFO  server.RaftServerConfigKeys (ConfUtils.java:logGet(44)) - raft.server.write.byte-limit = 1073741824 (custom)
2020-12-17 02:12:45,679 [7ec52e27-6063-4b9c-8511-76ca7a922bcd@group-684263C6A878-LeaderElection86] INFO  server.RaftServerConfigKeys (ConfUtils.java:logGet(44)) - raft.server.watch.timeout = 180s (custom)
2020-12-17 02:12:45,679 [7ec52e27-6063-4b9c-8511-76ca7a922bcd@group-684263C6A878-LeaderElection86] INFO  server.RaftServerConfigKeys (ConfUtils.java:logGet(44)) - raft.server.watch.timeout.denomination = 1s (default)
2020-12-17 02:12:45,680 [7ec52e27-6063-4b9c-8511-76ca7a922bcd@group-684263C6A878-LeaderElection86] INFO  server.RaftServerConfigKeys (ConfUtils.java:logGet(44)) - raft.server.watch.element-limit = 65536 (default)
2020-12-17 02:12:45,680 [7ec52e27-6063-4b9c-8511-76ca7a922bcd@group-684263C6A878-LeaderElection86] INFO  impl.RoleInfo (RoleInfo.java:updateAndGet(143)) - 7ec52e27-6063-4b9c-8511-76ca7a922bcd: start 7ec52e27-6063-4b9c-8511-76ca7a922bcd@group-684263C6A878-LeaderState
2020-12-17 02:12:45,680 [7ec52e27-6063-4b9c-8511-76ca7a922bcd@group-684263C6A878-LeaderElection86] INFO  segmented.SegmentedRaftLogWorker (SegmentedRaftLogWorker.java:startLogSegment(398)) - 7ec52e27-6063-4b9c-8511-76ca7a922bcd@group-684263C6A878-SegmentedRaftLogWorker: Starting segment from index:0
2020-12-17 02:12:45,681 [7ec52e27-6063-4b9c-8511-76ca7a922bcd@group-684263C6A878-LeaderElection86] INFO  impl.RaftServerImpl (ServerState.java:setRaftConf(374)) - 7ec52e27-6063-4b9c-8511-76ca7a922bcd@group-684263C6A878: set configuration 0: [7ec52e27-6063-4b9c-8511-76ca7a922bcd|rpc:172.17.0.2:45859|dataStream:], old=null at 0
2020-12-17 02:12:45,687 [7ec52e27-6063-4b9c-8511-76ca7a922bcd@group-684263C6A878-SegmentedRaftLogWorker] INFO  segmented.SegmentedRaftLogWorker (SegmentedRaftLogWorker.java:execute(597)) - 7ec52e27-6063-4b9c-8511-76ca7a922bcd@group-684263C6A878-SegmentedRaftLogWorker: created new log segment /github/workspace/mnt/ozone/hadoop-ozone/integration-test/target/test-dir/MiniOzoneClusterImpl-2a381d17-8836-40f3-94ec-0b892e5c06e0/datanode-4/data/ratis/3da2df9d-fa47-4f71-9525-684263c6a878/current/log_inprogress_0
2020-12-17 02:12:45,806 [Listener at 127.0.0.1/37391] INFO  ozone.MiniOzoneClusterImpl (MiniOzoneClusterImpl.java:lambda$waitForClusterToBeReady$0(178)) - Nodes are ready. Got 6 of 6 DN Heartbeats.
2020-12-17 02:12:45,807 [Listener at 127.0.0.1/37391] INFO  ozone.MiniOzoneClusterImpl (MiniOzoneClusterImpl.java:lambda$waitForClusterToBeReady$0(181)) - Cluster exits safe mode
2020-12-17 02:12:45,823 [Listener at 127.0.0.1/37391] INFO  rpc.RpcClient (RpcClient.java:createVolume(273)) - Creating Volume: vol1, with user47607 as owner.
2020-12-17 02:12:45,824 [IPC Server handler 6 on default port 37391] INFO  volume.OMVolumeCreateRequest (OMVolumeCreateRequest.java:validateAndUpdateCache(196)) - created volume:vol1 for user:user47607
2020-12-17 02:12:45,828 [Listener at 127.0.0.1/37391] INFO  rpc.RpcClient (RpcClient.java:createBucket(429)) - Creating Bucket: vol1/bucket1, with Versioning false and Storage Type set to DISK and Encryption set to false 
2020-12-17 02:12:45,940 [Thread-5746] INFO  impl.FollowerState (FollowerState.java:run(128)) - f11c6601-f81b-414d-9af7-ba1741509b09@group-CCE2006DB23C-FollowerState: change to CANDIDATE, lastRpcTime:5122ms, electionTimeout:5122ms
2020-12-17 02:12:45,940 [Thread-5746] INFO  impl.RoleInfo (RoleInfo.java:shutdownFollowerState(121)) - f11c6601-f81b-414d-9af7-ba1741509b09: shutdown f11c6601-f81b-414d-9af7-ba1741509b09@group-CCE2006DB23C-FollowerState
2020-12-17 02:12:45,941 [Thread-5746] INFO  impl.RaftServerImpl (RaftServerImpl.java:setRole(204)) - f11c6601-f81b-414d-9af7-ba1741509b09@group-CCE2006DB23C: changes role from  FOLLOWER to CANDIDATE at term 0 for changeToCandidate
2020-12-17 02:12:45,941 [Thread-5746] INFO  impl.RoleInfo (RoleInfo.java:updateAndGet(143)) - f11c6601-f81b-414d-9af7-ba1741509b09: start f11c6601-f81b-414d-9af7-ba1741509b09@group-CCE2006DB23C-LeaderElection87
2020-12-17 02:12:45,944 [f11c6601-f81b-414d-9af7-ba1741509b09@group-CCE2006DB23C-LeaderElection87] INFO  impl.LeaderElection (LeaderElection.java:askForVotes(215)) - f11c6601-f81b-414d-9af7-ba1741509b09@group-CCE2006DB23C-LeaderElection87: begin an election at term 1 for -1: [f11c6601-f81b-414d-9af7-ba1741509b09|rpc:172.17.0.2:34719], old=null
2020-12-17 02:12:45,945 [f11c6601-f81b-414d-9af7-ba1741509b09@group-CCE2006DB23C-LeaderElection87] INFO  impl.RoleInfo (RoleInfo.java:shutdownLeaderElection(134)) - f11c6601-f81b-414d-9af7-ba1741509b09: shutdown f11c6601-f81b-414d-9af7-ba1741509b09@group-CCE2006DB23C-LeaderElection87
2020-12-17 02:12:45,945 [f11c6601-f81b-414d-9af7-ba1741509b09@group-CCE2006DB23C-LeaderElection87] INFO  impl.RaftServerImpl (RaftServerImpl.java:setRole(204)) - f11c6601-f81b-414d-9af7-ba1741509b09@group-CCE2006DB23C: changes role from CANDIDATE to LEADER at term 1 for changeToLeader
2020-12-17 02:12:45,945 [f11c6601-f81b-414d-9af7-ba1741509b09@group-CCE2006DB23C-LeaderElection87] INFO  ratis.XceiverServerRatis (XceiverServerRatis.java:handleLeaderChangedNotification(854)) - Leader change notification received for group: group-CCE2006DB23C with new leaderId: f11c6601-f81b-414d-9af7-ba1741509b09
2020-12-17 02:12:45,945 [f11c6601-f81b-414d-9af7-ba1741509b09@group-CCE2006DB23C-LeaderElection87] INFO  impl.RaftServerImpl (ServerState.java:setLeader(256)) - f11c6601-f81b-414d-9af7-ba1741509b09@group-CCE2006DB23C: change Leader from null to f11c6601-f81b-414d-9af7-ba1741509b09 at term 1 for becomeLeader, leader elected after 5138ms
2020-12-17 02:12:45,945 [f11c6601-f81b-414d-9af7-ba1741509b09@group-CCE2006DB23C-LeaderElection87] INFO  server.RaftServerConfigKeys (ConfUtils.java:logGet(44)) - raft.server.staging.catchup.gap = 1000 (default)
2020-12-17 02:12:45,945 [f11c6601-f81b-414d-9af7-ba1741509b09@group-CCE2006DB23C-LeaderElection87] INFO  server.RaftServerConfigKeys (ConfUtils.java:logGet(44)) - raft.server.rpc.sleep.time = 25ms (default)
2020-12-17 02:12:45,945 [f11c6601-f81b-414d-9af7-ba1741509b09@group-CCE2006DB23C-LeaderElection87] INFO  metrics.RatisMetrics (RatisMetrics.java:lambda$create$0(36)) - Creating Metrics Registry : ratis.log_appender.f11c6601-f81b-414d-9af7-ba1741509b09@group-CCE2006DB23C
2020-12-17 02:12:45,946 [f11c6601-f81b-414d-9af7-ba1741509b09@group-CCE2006DB23C-LeaderElection87] INFO  server.RaftServerConfigKeys (ConfUtils.java:logGet(44)) - raft.server.write.element-limit = 1024 (custom)
2020-12-17 02:12:45,946 [f11c6601-f81b-414d-9af7-ba1741509b09@group-CCE2006DB23C-LeaderElection87] INFO  server.RaftServerConfigKeys (ConfUtils.java:logGet(44)) - raft.server.write.byte-limit = 1073741824 (custom)
2020-12-17 02:12:45,947 [f11c6601-f81b-414d-9af7-ba1741509b09@group-CCE2006DB23C-LeaderElection87] INFO  server.RaftServerConfigKeys (ConfUtils.java:logGet(44)) - raft.server.watch.timeout = 180s (custom)
2020-12-17 02:12:45,947 [f11c6601-f81b-414d-9af7-ba1741509b09@group-CCE2006DB23C-LeaderElection87] INFO  server.RaftServerConfigKeys (ConfUtils.java:logGet(44)) - raft.server.watch.timeout.denomination = 1s (default)
2020-12-17 02:12:45,947 [f11c6601-f81b-414d-9af7-ba1741509b09@group-CCE2006DB23C-LeaderElection87] INFO  server.RaftServerConfigKeys (ConfUtils.java:logGet(44)) - raft.server.watch.element-limit = 65536 (default)
2020-12-17 02:12:45,947 [f11c6601-f81b-414d-9af7-ba1741509b09@group-CCE2006DB23C-LeaderElection87] INFO  impl.RoleInfo (RoleInfo.java:updateAndGet(143)) - f11c6601-f81b-414d-9af7-ba1741509b09: start f11c6601-f81b-414d-9af7-ba1741509b09@group-CCE2006DB23C-LeaderState
2020-12-17 02:12:45,949 [f11c6601-f81b-414d-9af7-ba1741509b09@group-CCE2006DB23C-LeaderElection87] INFO  segmented.SegmentedRaftLogWorker (SegmentedRaftLogWorker.java:startLogSegment(398)) - f11c6601-f81b-414d-9af7-ba1741509b09@group-CCE2006DB23C-SegmentedRaftLogWorker: Starting segment from index:0
2020-12-17 02:12:45,950 [f11c6601-f81b-414d-9af7-ba1741509b09@group-CCE2006DB23C-LeaderElection87] INFO  impl.RaftServerImpl (ServerState.java:setRaftConf(374)) - f11c6601-f81b-414d-9af7-ba1741509b09@group-CCE2006DB23C: set configuration 0: [f11c6601-f81b-414d-9af7-ba1741509b09|rpc:172.17.0.2:34719|dataStream:], old=null at 0
2020-12-17 02:12:45,953 [f11c6601-f81b-414d-9af7-ba1741509b09@group-CCE2006DB23C-SegmentedRaftLogWorker] INFO  segmented.SegmentedRaftLogWorker (SegmentedRaftLogWorker.java:execute(597)) - f11c6601-f81b-414d-9af7-ba1741509b09@group-CCE2006DB23C-SegmentedRaftLogWorker: created new log segment /github/workspace/mnt/ozone/hadoop-ozone/integration-test/target/test-dir/MiniOzoneClusterImpl-2a381d17-8836-40f3-94ec-0b892e5c06e0/datanode-5/data/ratis/55e6ba92-3fa8-45bb-b3dd-cce2006db23c/current/log_inprogress_0
2020-12-17 02:12:47,859 [EventQueue-Delayed safe mode statusForReplicationManager] INFO  container.ReplicationManager (ReplicationManager.java:start(186)) - Starting Replication Monitor Thread.
2020-12-17 02:12:47,860 [ReplicationMonitor] INFO  container.ReplicationManager (ReplicationManager.java:run(250)) - Replication Monitor Thread took 0 milliseconds for processing 0 containers.
2020-12-17 02:12:48,034 [Listener at 127.0.0.1/37391] INFO  container.ReplicationManager (ReplicationManager.java:stop(227)) - Stopping Replication Monitor Thread.
2020-12-17 02:12:48,046 [Listener at 127.0.0.1/37391] INFO  metrics.RatisMetrics (RatisMetrics.java:lambda$create$0(36)) - Creating Metrics Registry : ratis.client_message_metrics.client-9CF19F578CDF->a5453659-3127-401c-b9c1-bc8f4372128a
2020-12-17 02:12:48,221 [Listener at 127.0.0.1/37391] INFO  metrics.RatisMetrics (RatisMetrics.java:lambda$create$0(36)) - Creating Metrics Registry : ratis.client_message_metrics.client-494B50556DC2->f11c6601-f81b-414d-9af7-ba1741509b09
2020-12-17 02:12:51,227 [org.apache.ratis.server.JvmPauseMonitor@329dcbf0-Monitor] WARN  server.JvmPauseMonitor (JvmPauseMonitor.java:run(141)) - Detected pause in JVM or host machine (eg GC): pause of approximately 12ms
No GCs detected
2020-12-17 02:12:51,235 [IPC Server handler 1 on default port 36891] INFO  node.NodeDecommissionManager (NodeDecommissionManager.java:startMaintenance(344)) - Starting Maintenance for node 2b1d58b1-e44f-4041-9819-0dd176255f22{ip: 172.17.0.2, host: 89b9adae2c19, networkLocation: /default-rack, certSerialId: null, persistedOpState: IN_SERVICE, persistedOpStateExpiryEpochSec: 0}
2020-12-17 02:12:51,235 [IPC Server handler 1 on default port 36891] INFO  node.NodeDecommissionManager (NodeDecommissionManager.java:startMaintenance(344)) - Starting Maintenance for node b45b6da8-7dd9-434b-afe3-ad98acc018a0{ip: 172.17.0.2, host: 89b9adae2c19, networkLocation: /default-rack, certSerialId: null, persistedOpState: IN_SERVICE, persistedOpStateExpiryEpochSec: 0}
2020-12-17 02:12:51,235 [IPC Server handler 1 on default port 36891] INFO  node.NodeDecommissionManager (NodeDecommissionManager.java:startMaintenance(344)) - Starting Maintenance for node a5453659-3127-401c-b9c1-bc8f4372128a{ip: 172.17.0.2, host: 89b9adae2c19, networkLocation: /default-rack, certSerialId: null, persistedOpState: IN_SERVICE, persistedOpStateExpiryEpochSec: 0}
2020-12-17 02:12:51,237 [DatanodeAdminManager-0] INFO  node.DatanodeAdminMonitorImpl (DatanodeAdminMonitorImpl.java:checkPipelinesClosedOnNode(267)) - Waiting for pipelines to close for a5453659-3127-401c-b9c1-bc8f4372128a{ip: 172.17.0.2, host: 89b9adae2c19, networkLocation: /default-rack, certSerialId: null, persistedOpState: IN_SERVICE, persistedOpStateExpiryEpochSec: 0}. There are 2 pipelines
2020-12-17 02:12:51,238 [DatanodeAdminManager-0] INFO  node.DatanodeAdminMonitorImpl (DatanodeAdminMonitorImpl.java:checkPipelinesClosedOnNode(267)) - Waiting for pipelines to close for b45b6da8-7dd9-434b-afe3-ad98acc018a0{ip: 172.17.0.2, host: 89b9adae2c19, networkLocation: /default-rack, certSerialId: null, persistedOpState: IN_SERVICE, persistedOpStateExpiryEpochSec: 0}. There are 2 pipelines
2020-12-17 02:12:51,238 [DatanodeAdminManager-0] INFO  node.DatanodeAdminMonitorImpl (DatanodeAdminMonitorImpl.java:checkPipelinesClosedOnNode(267)) - Waiting for pipelines to close for 2b1d58b1-e44f-4041-9819-0dd176255f22{ip: 172.17.0.2, host: 89b9adae2c19, networkLocation: /default-rack, certSerialId: null, persistedOpState: IN_SERVICE, persistedOpStateExpiryEpochSec: 0}. There are 2 pipelines
2020-12-17 02:12:51,238 [DatanodeAdminManager-0] INFO  node.DatanodeAdminMonitorImpl (DatanodeAdminMonitorImpl.java:run(136)) - There are 3 nodes tracked for decommission and maintenance. 0 pending nodes.
2020-12-17 02:12:51,238 [EventQueue-StartAdminOnNodeForStartDatanodeAdminHandler] INFO  node.StartDatanodeAdminHandler (StartDatanodeAdminHandler.java:onMessage(56)) - Admin start on datanode 2b1d58b1-e44f-4041-9819-0dd176255f22{ip: 172.17.0.2, host: 89b9adae2c19, networkLocation: /default-rack, certSerialId: null, persistedOpState: IN_SERVICE, persistedOpStateExpiryEpochSec: 0}. Finalizing its pipelines [PipelineID=7541b2f8-ed28-4886-918b-29143985bdb4, PipelineID=b307a657-c31e-4a1d-b181-d44b4c9671a5]
2020-12-17 02:12:51,238 [EventQueue-StartAdminOnNodeForStartDatanodeAdminHandler] INFO  pipeline.SCMPipelineManager (SCMPipelineManager.java:finalizeAndDestroyPipeline(482)) - Destroying pipeline:Pipeline[ Id: 7541b2f8-ed28-4886-918b-29143985bdb4, Nodes: 2b1d58b1-e44f-4041-9819-0dd176255f22{ip: 172.17.0.2, host: 89b9adae2c19, networkLocation: /default-rack, certSerialId: null, persistedOpState: IN_SERVICE, persistedOpStateExpiryEpochSec: 0}, Type:RATIS, Factor:ONE, State:OPEN, leaderId:2b1d58b1-e44f-4041-9819-0dd176255f22, CreationTimestamp2020-12-17T02:12:36.896Z]
2020-12-17 02:12:51,238 [EventQueue-StartAdminOnNodeForStartDatanodeAdminHandler] INFO  pipeline.PipelineStateManager (PipelineStateManager.java:finalizePipeline(121)) - Pipeline Pipeline[ Id: 7541b2f8-ed28-4886-918b-29143985bdb4, Nodes: 2b1d58b1-e44f-4041-9819-0dd176255f22{ip: 172.17.0.2, host: 89b9adae2c19, networkLocation: /default-rack, certSerialId: null, persistedOpState: IN_SERVICE, persistedOpStateExpiryEpochSec: 0}, Type:RATIS, Factor:ONE, State:CLOSED, leaderId:2b1d58b1-e44f-4041-9819-0dd176255f22, CreationTimestamp2020-12-17T02:12:36.896Z] moved to CLOSED state
2020-12-17 02:12:51,239 [EventQueue-StartAdminOnNodeForStartDatanodeAdminHandler] INFO  pipeline.RatisPipelineProvider (RatisPipelineProvider.java:lambda$close$1(199)) - Send pipeline:PipelineID=7541b2f8-ed28-4886-918b-29143985bdb4 close command to datanode 2b1d58b1-e44f-4041-9819-0dd176255f22
2020-12-17 02:12:51,239 [EventQueue-StartAdminOnNodeForStartDatanodeAdminHandler] INFO  pipeline.PipelineStateManager (PipelineStateManager.java:removePipeline(106)) - Pipeline Pipeline[ Id: 7541b2f8-ed28-4886-918b-29143985bdb4, Nodes: 2b1d58b1-e44f-4041-9819-0dd176255f22{ip: 172.17.0.2, host: 89b9adae2c19, networkLocation: /default-rack, certSerialId: null, persistedOpState: IN_SERVICE, persistedOpStateExpiryEpochSec: 0}, Type:RATIS, Factor:ONE, State:CLOSED, leaderId:2b1d58b1-e44f-4041-9819-0dd176255f22, CreationTimestamp2020-12-17T02:12:36.896Z] removed from db
2020-12-17 02:12:51,240 [EventQueue-StartAdminOnNodeForStartDatanodeAdminHandler] INFO  pipeline.SCMPipelineManager (SCMPipelineManager.java:finalizeAndDestroyPipeline(482)) - Destroying pipeline:Pipeline[ Id: b307a657-c31e-4a1d-b181-d44b4c9671a5, Nodes: a5453659-3127-401c-b9c1-bc8f4372128a{ip: 172.17.0.2, host: 89b9adae2c19, networkLocation: /default-rack, certSerialId: null, persistedOpState: IN_SERVICE, persistedOpStateExpiryEpochSec: 0}b45b6da8-7dd9-434b-afe3-ad98acc018a0{ip: 172.17.0.2, host: 89b9adae2c19, networkLocation: /default-rack, certSerialId: null, persistedOpState: IN_SERVICE, persistedOpStateExpiryEpochSec: 0}2b1d58b1-e44f-4041-9819-0dd176255f22{ip: 172.17.0.2, host: 89b9adae2c19, networkLocation: /default-rack, certSerialId: null, persistedOpState: IN_SERVICE, persistedOpStateExpiryEpochSec: 0}, Type:RATIS, Factor:THREE, State:OPEN, leaderId:a5453659-3127-401c-b9c1-bc8f4372128a, CreationTimestamp2020-12-17T02:12:37.100Z]
2020-12-17 02:12:51,240 [EventQueue-StartAdminOnNodeForStartDatanodeAdminHandler] INFO  pipeline.PipelineStateManager (PipelineStateManager.java:finalizePipeline(121)) - Pipeline Pipeline[ Id: b307a657-c31e-4a1d-b181-d44b4c9671a5, Nodes: a5453659-3127-401c-b9c1-bc8f4372128a{ip: 172.17.0.2, host: 89b9adae2c19, networkLocation: /default-rack, certSerialId: null, persistedOpState: IN_SERVICE, persistedOpStateExpiryEpochSec: 0}b45b6da8-7dd9-434b-afe3-ad98acc018a0{ip: 172.17.0.2, host: 89b9adae2c19, networkLocation: /default-rack, certSerialId: null, persistedOpState: IN_SERVICE, persistedOpStateExpiryEpochSec: 0}2b1d58b1-e44f-4041-9819-0dd176255f22{ip: 172.17.0.2, host: 89b9adae2c19, networkLocation: /default-rack, certSerialId: null, persistedOpState: IN_SERVICE, persistedOpStateExpiryEpochSec: 0}, Type:RATIS, Factor:THREE, State:CLOSED, leaderId:a5453659-3127-401c-b9c1-bc8f4372128a, CreationTimestamp2020-12-17T02:12:37.100Z] moved to CLOSED state
2020-12-17 02:12:51,241 [EventQueue-StartAdminOnNodeForStartDatanodeAdminHandler] INFO  pipeline.RatisPipelineProvider (RatisPipelineProvider.java:lambda$close$1(199)) - Send pipeline:PipelineID=b307a657-c31e-4a1d-b181-d44b4c9671a5 close command to datanode a5453659-3127-401c-b9c1-bc8f4372128a
2020-12-17 02:12:51,241 [EventQueue-StartAdminOnNodeForStartDatanodeAdminHandler] INFO  pipeline.RatisPipelineProvider (RatisPipelineProvider.java:lambda$close$1(199)) - Send pipeline:PipelineID=b307a657-c31e-4a1d-b181-d44b4c9671a5 close command to datanode b45b6da8-7dd9-434b-afe3-ad98acc018a0
2020-12-17 02:12:51,241 [EventQueue-StartAdminOnNodeForStartDatanodeAdminHandler] INFO  pipeline.RatisPipelineProvider (RatisPipelineProvider.java:lambda$close$1(199)) - Send pipeline:PipelineID=b307a657-c31e-4a1d-b181-d44b4c9671a5 close command to datanode 2b1d58b1-e44f-4041-9819-0dd176255f22
2020-12-17 02:12:51,242 [EventQueue-StartAdminOnNodeForStartDatanodeAdminHandler] INFO  pipeline.PipelineStateManager (PipelineStateManager.java:removePipeline(106)) - Pipeline Pipeline[ Id: b307a657-c31e-4a1d-b181-d44b4c9671a5, Nodes: a5453659-3127-401c-b9c1-bc8f4372128a{ip: 172.17.0.2, host: 89b9adae2c19, networkLocation: /default-rack, certSerialId: null, persistedOpState: IN_SERVICE, persistedOpStateExpiryEpochSec: 0}b45b6da8-7dd9-434b-afe3-ad98acc018a0{ip: 172.17.0.2, host: 89b9adae2c19, networkLocation: /default-rack, certSerialId: null, persistedOpState: IN_SERVICE, persistedOpStateExpiryEpochSec: 0}2b1d58b1-e44f-4041-9819-0dd176255f22{ip: 172.17.0.2, host: 89b9adae2c19, networkLocation: /default-rack, certSerialId: null, persistedOpState: IN_SERVICE, persistedOpStateExpiryEpochSec: 0}, Type:RATIS, Factor:THREE, State:CLOSED, leaderId:a5453659-3127-401c-b9c1-bc8f4372128a, CreationTimestamp2020-12-17T02:12:37.100Z] removed from db
2020-12-17 02:12:51,242 [EventQueue-StartAdminOnNodeForStartDatanodeAdminHandler] INFO  node.StartDatanodeAdminHandler (StartDatanodeAdminHandler.java:onMessage(56)) - Admin start on datanode b45b6da8-7dd9-434b-afe3-ad98acc018a0{ip: 172.17.0.2, host: 89b9adae2c19, networkLocation: /default-rack, certSerialId: null, persistedOpState: IN_SERVICE, persistedOpStateExpiryEpochSec: 0}. Finalizing its pipelines [PipelineID=ddbd9de5-4c26-484f-af7e-8c9593201d1b]
2020-12-17 02:12:51,242 [EventQueue-StartAdminOnNodeForStartDatanodeAdminHandler] INFO  pipeline.SCMPipelineManager (SCMPipelineManager.java:finalizeAndDestroyPipeline(482)) - Destroying pipeline:Pipeline[ Id: ddbd9de5-4c26-484f-af7e-8c9593201d1b, Nodes: b45b6da8-7dd9-434b-afe3-ad98acc018a0{ip: 172.17.0.2, host: 89b9adae2c19, networkLocation: /default-rack, certSerialId: null, persistedOpState: IN_SERVICE, persistedOpStateExpiryEpochSec: 0}, Type:RATIS, Factor:ONE, State:OPEN, leaderId:b45b6da8-7dd9-434b-afe3-ad98acc018a0, CreationTimestamp2020-12-17T02:12:36.704Z]
2020-12-17 02:12:51,242 [EventQueue-StartAdminOnNodeForStartDatanodeAdminHandler] INFO  pipeline.PipelineStateManager (PipelineStateManager.java:finalizePipeline(121)) - Pipeline Pipeline[ Id: ddbd9de5-4c26-484f-af7e-8c9593201d1b, Nodes: b45b6da8-7dd9-434b-afe3-ad98acc018a0{ip: 172.17.0.2, host: 89b9adae2c19, networkLocation: /default-rack, certSerialId: null, persistedOpState: IN_SERVICE, persistedOpStateExpiryEpochSec: 0}, Type:RATIS, Factor:ONE, State:CLOSED, leaderId:b45b6da8-7dd9-434b-afe3-ad98acc018a0, CreationTimestamp2020-12-17T02:12:36.704Z] moved to CLOSED state
2020-12-17 02:12:51,242 [EventQueue-StartAdminOnNodeForStartDatanodeAdminHandler] INFO  pipeline.RatisPipelineProvider (RatisPipelineProvider.java:lambda$close$1(199)) - Send pipeline:PipelineID=ddbd9de5-4c26-484f-af7e-8c9593201d1b close command to datanode b45b6da8-7dd9-434b-afe3-ad98acc018a0
2020-12-17 02:12:51,242 [EventQueue-StartAdminOnNodeForStartDatanodeAdminHandler] INFO  pipeline.PipelineStateManager (PipelineStateManager.java:removePipeline(106)) - Pipeline Pipeline[ Id: ddbd9de5-4c26-484f-af7e-8c9593201d1b, Nodes: b45b6da8-7dd9-434b-afe3-ad98acc018a0{ip: 172.17.0.2, host: 89b9adae2c19, networkLocation: /default-rack, certSerialId: null, persistedOpState: IN_SERVICE, persistedOpStateExpiryEpochSec: 0}, Type:RATIS, Factor:ONE, State:CLOSED, leaderId:b45b6da8-7dd9-434b-afe3-ad98acc018a0, CreationTimestamp2020-12-17T02:12:36.704Z] removed from db
2020-12-17 02:12:51,242 [EventQueue-StartAdminOnNodeForStartDatanodeAdminHandler] INFO  node.StartDatanodeAdminHandler (StartDatanodeAdminHandler.java:onMessage(56)) - Admin start on datanode a5453659-3127-401c-b9c1-bc8f4372128a{ip: 172.17.0.2, host: 89b9adae2c19, networkLocation: /default-rack, certSerialId: null, persistedOpState: IN_SERVICE, persistedOpStateExpiryEpochSec: 0}. Finalizing its pipelines [PipelineID=fee38756-5379-43ea-8752-b8fad682f618]
2020-12-17 02:12:51,242 [EventQueue-StartAdminOnNodeForStartDatanodeAdminHandler] INFO  pipeline.SCMPipelineManager (SCMPipelineManager.java:finalizeAndDestroyPipeline(482)) - Destroying pipeline:Pipeline[ Id: fee38756-5379-43ea-8752-b8fad682f618, Nodes: a5453659-3127-401c-b9c1-bc8f4372128a{ip: 172.17.0.2, host: 89b9adae2c19, networkLocation: /default-rack, certSerialId: null, persistedOpState: IN_SERVICE, persistedOpStateExpiryEpochSec: 0}, Type:RATIS, Factor:ONE, State:OPEN, leaderId:a5453659-3127-401c-b9c1-bc8f4372128a, CreationTimestamp2020-12-17T02:12:37.100Z]
2020-12-17 02:12:51,242 [EventQueue-StartAdminOnNodeForStartDatanodeAdminHandler] INFO  pipeline.PipelineStateManager (PipelineStateManager.java:finalizePipeline(121)) - Pipeline Pipeline[ Id: fee38756-5379-43ea-8752-b8fad682f618, Nodes: a5453659-3127-401c-b9c1-bc8f4372128a{ip: 172.17.0.2, host: 89b9adae2c19, networkLocation: /default-rack, certSerialId: null, persistedOpState: IN_SERVICE, persistedOpStateExpiryEpochSec: 0}, Type:RATIS, Factor:ONE, State:CLOSED, leaderId:a5453659-3127-401c-b9c1-bc8f4372128a, CreationTimestamp2020-12-17T02:12:37.100Z] moved to CLOSED state
2020-12-17 02:12:51,242 [EventQueue-StartAdminOnNodeForStartDatanodeAdminHandler] INFO  pipeline.RatisPipelineProvider (RatisPipelineProvider.java:lambda$close$1(199)) - Send pipeline:PipelineID=fee38756-5379-43ea-8752-b8fad682f618 close command to datanode a5453659-3127-401c-b9c1-bc8f4372128a
2020-12-17 02:12:51,242 [EventQueue-StartAdminOnNodeForStartDatanodeAdminHandler] INFO  pipeline.PipelineStateManager (PipelineStateManager.java:removePipeline(106)) - Pipeline Pipeline[ Id: fee38756-5379-43ea-8752-b8fad682f618, Nodes: a5453659-3127-401c-b9c1-bc8f4372128a{ip: 172.17.0.2, host: 89b9adae2c19, networkLocation: /default-rack, certSerialId: null, persistedOpState: IN_SERVICE, persistedOpStateExpiryEpochSec: 0}, Type:RATIS, Factor:ONE, State:CLOSED, leaderId:a5453659-3127-401c-b9c1-bc8f4372128a, CreationTimestamp2020-12-17T02:12:37.100Z] removed from db
2020-12-17 02:12:51,243 [EventQueue-CloseContainerForCloseContainerEventHandler] INFO  container.CloseContainerEventHandler (CloseContainerEventHandler.java:onMessage(61)) - Close container Event triggered for container : #1
2020-12-17 02:12:51,243 [EventQueue-CloseContainerForCloseContainerEventHandler] WARN  container.SCMContainerManager (SCMContainerManager.java:updateContainerState(367)) - Unable to remove container #1 from pipeline PipelineID=b307a657-c31e-4a1d-b181-d44b4c9671a5  as the pipeline no longer exists
2020-12-17 02:12:51,244 [EventQueue-CloseContainerForCloseContainerEventHandler] INFO  container.CloseContainerEventHandler (CloseContainerEventHandler.java:onMessage(61)) - Close container Event triggered for container : #2
2020-12-17 02:12:51,244 [EventQueue-CloseContainerForCloseContainerEventHandler] WARN  container.SCMContainerManager (SCMContainerManager.java:updateContainerState(367)) - Unable to remove container #2 from pipeline PipelineID=b307a657-c31e-4a1d-b181-d44b4c9671a5  as the pipeline no longer exists
2020-12-17 02:12:52,166 [IPC Server handler 14 on default port 46749] INFO  node.SCMNodeManager (SCMNodeManager.java:updateDatanodeOpState(419)) - Scheduling a command to update the operationalState persisted on the datanode as the reported value (IN_SERVICE, 0) does not match the value stored in SCM (ENTERING_MAINTENANCE, 0)
2020-12-17 02:12:52,178 [IPC Server handler 15 on default port 46749] INFO  node.SCMNodeManager (SCMNodeManager.java:updateDatanodeOpState(419)) - Scheduling a command to update the operationalState persisted on the datanode as the reported value (IN_SERVICE, 0) does not match the value stored in SCM (ENTERING_MAINTENANCE, 0)
2020-12-17 02:12:52,179 [IPC Server handler 18 on default port 46749] INFO  node.SCMNodeManager (SCMNodeManager.java:updateDatanodeOpState(419)) - Scheduling a command to update the operationalState persisted on the datanode as the reported value (IN_SERVICE, 0) does not match the value stored in SCM (ENTERING_MAINTENANCE, 0)
2020-12-17 02:12:52,237 [DatanodeAdminManager-0] INFO  node.DatanodeAdminMonitorImpl (DatanodeAdminMonitorImpl.java:run(136)) - There are 3 nodes tracked for decommission and maintenance. 0 pending nodes.
2020-12-17 02:12:53,166 [Command processor thread] INFO  impl.RaftServerProxy (RaftServerProxy.java:remove(104)) - 2b1d58b1-e44f-4041-9819-0dd176255f22: remove    LEADER 2b1d58b1-e44f-4041-9819-0dd176255f22@group-29143985BDB4:t1, leader=2b1d58b1-e44f-4041-9819-0dd176255f22, voted=2b1d58b1-e44f-4041-9819-0dd176255f22, raftlog=2b1d58b1-e44f-4041-9819-0dd176255f22@group-29143985BDB4-SegmentedRaftLog:OPENED:c0,f0,i0, conf=0: [2b1d58b1-e44f-4041-9819-0dd176255f22|rpc:172.17.0.2:40577|dataStream:], old=null RUNNING
2020-12-17 02:12:53,166 [Command processor thread] INFO  impl.RaftServerImpl (RaftServerImpl.java:lambda$shutdown$3(328)) - 2b1d58b1-e44f-4041-9819-0dd176255f22@group-29143985BDB4: shutdown
2020-12-17 02:12:53,167 [Command processor thread] INFO  util.JmxRegister (JmxRegister.java:unregister(73)) - Successfully un-registered JMX Bean with object name Ratis:service=RaftServer,group=group-29143985BDB4,id=2b1d58b1-e44f-4041-9819-0dd176255f22
2020-12-17 02:12:53,167 [Command processor thread] INFO  impl.RoleInfo (RoleInfo.java:shutdownLeaderState(104)) - 2b1d58b1-e44f-4041-9819-0dd176255f22: shutdown 2b1d58b1-e44f-4041-9819-0dd176255f22@group-29143985BDB4-LeaderState
2020-12-17 02:12:53,167 [Command processor thread] INFO  impl.PendingRequests (PendingRequests.java:sendNotLeaderResponses(250)) - 2b1d58b1-e44f-4041-9819-0dd176255f22@group-29143985BDB4-PendingRequests: sendNotLeaderResponses
2020-12-17 02:12:53,167 [Command processor thread] INFO  metrics.RatisMetrics (RatisMetrics.java:unregister(43)) - Unregistering Metrics Registry : ratis.log_appender.2b1d58b1-e44f-4041-9819-0dd176255f22@group-29143985BDB4
2020-12-17 02:12:53,167 [IPC Server handler 14 on default port 46749] INFO  node.SCMNodeManager (SCMNodeManager.java:updateDatanodeOpState(419)) - Scheduling a command to update the operationalState persisted on the datanode as the reported value (IN_SERVICE, 0) does not match the value stored in SCM (ENTERING_MAINTENANCE, 0)
2020-12-17 02:12:53,167 [Command processor thread] INFO  metrics.RatisMetrics (RatisMetrics.java:unregister(43)) - Unregistering Metrics Registry : ratis.server.2b1d58b1-e44f-4041-9819-0dd176255f22@group-29143985BDB4
2020-12-17 02:12:53,168 [Command processor thread] INFO  impl.StateMachineUpdater (StateMachineUpdater.java:stopAndJoin(147)) - 2b1d58b1-e44f-4041-9819-0dd176255f22@group-29143985BDB4-StateMachineUpdater: set stopIndex = 0
2020-12-17 02:12:53,169 [2b1d58b1-e44f-4041-9819-0dd176255f22@group-29143985BDB4-StateMachineUpdater] INFO  ratis.ContainerStateMachine (ContainerStateMachine.java:takeSnapshot(293)) - group-29143985BDB4: Taking a snapshot at:(t:1, i:0) file /github/workspace/mnt/ozone/hadoop-ozone/integration-test/target/test-dir/MiniOzoneClusterImpl-2a381d17-8836-40f3-94ec-0b892e5c06e0/datanode-1/data/ratis/7541b2f8-ed28-4886-918b-29143985bdb4/sm/snapshot.1_0
2020-12-17 02:12:53,170 [2b1d58b1-e44f-4041-9819-0dd176255f22@group-29143985BDB4-StateMachineUpdater] INFO  ratis.ContainerStateMachine (ContainerStateMachine.java:takeSnapshot(304)) - group-29143985BDB4: Finished taking a snapshot at:(t:1, i:0) file:/github/workspace/mnt/ozone/hadoop-ozone/integration-test/target/test-dir/MiniOzoneClusterImpl-2a381d17-8836-40f3-94ec-0b892e5c06e0/datanode-1/data/ratis/7541b2f8-ed28-4886-918b-29143985bdb4/sm/snapshot.1_0 time:1
2020-12-17 02:12:53,170 [2b1d58b1-e44f-4041-9819-0dd176255f22@group-29143985BDB4-StateMachineUpdater] INFO  impl.StateMachineUpdater (StateMachineUpdater.java:takeSnapshot(278)) - 2b1d58b1-e44f-4041-9819-0dd176255f22@group-29143985BDB4-StateMachineUpdater: Took a snapshot at index 0
2020-12-17 02:12:53,170 [2b1d58b1-e44f-4041-9819-0dd176255f22@group-29143985BDB4-StateMachineUpdater] INFO  impl.StateMachineUpdater (StateMachineUpdater.java:lambda$new$0(87)) - 2b1d58b1-e44f-4041-9819-0dd176255f22@group-29143985BDB4-StateMachineUpdater: snapshotIndex: updateIncreasingly -1 -> 0
2020-12-17 02:12:53,170 [2b1d58b1-e44f-4041-9819-0dd176255f22@group-29143985BDB4-StateMachineUpdater] INFO  metrics.RatisMetrics (RatisMetrics.java:unregister(43)) - Unregistering Metrics Registry : ratis.state_machine.2b1d58b1-e44f-4041-9819-0dd176255f22@group-29143985BDB4
2020-12-17 02:12:53,170 [Command processor thread] INFO  impl.RaftServerImpl (ServerState.java:close(406)) - 2b1d58b1-e44f-4041-9819-0dd176255f22@group-29143985BDB4: closes. applyIndex: 0
2020-12-17 02:12:53,170 [2b1d58b1-e44f-4041-9819-0dd176255f22@group-29143985BDB4-SegmentedRaftLogWorker] INFO  segmented.SegmentedRaftLogWorker (SegmentedRaftLogWorker.java:run(329)) - 2b1d58b1-e44f-4041-9819-0dd176255f22@group-29143985BDB4-SegmentedRaftLogWorker was interrupted, exiting. There are 0 tasks remaining in the queue.
2020-12-17 02:12:53,171 [Command processor thread] INFO  segmented.SegmentedRaftLogWorker (SegmentedRaftLogWorker.java:close(235)) - 2b1d58b1-e44f-4041-9819-0dd176255f22@group-29143985BDB4-SegmentedRaftLogWorker close()
2020-12-17 02:12:53,172 [Command processor thread] INFO  metrics.RatisMetrics (RatisMetrics.java:unregister(43)) - Unregistering Metrics Registry : ratis.log_worker.2b1d58b1-e44f-4041-9819-0dd176255f22@group-29143985BDB4
2020-12-17 02:12:53,172 [Command processor thread] INFO  metrics.RatisMetrics (RatisMetrics.java:unregister(43)) - Unregistering Metrics Registry : ratis.leader_election.2b1d58b1-e44f-4041-9819-0dd176255f22@group-29143985BDB4
2020-12-17 02:12:53,172 [Command processor thread] INFO  metrics.RatisMetrics (RatisMetrics.java:unregister(43)) - Unregistering Metrics Registry : ratis.server.2b1d58b1-e44f-4041-9819-0dd176255f22@group-29143985BDB4
2020-12-17 02:12:53,173 [Command processor thread] INFO  impl.RaftServerImpl (RaftServerImpl.java:groupRemove(299)) - 2b1d58b1-e44f-4041-9819-0dd176255f22@group-29143985BDB4: Succeed to remove RaftStorageDirectory Storage Directory /github/workspace/mnt/ozone/hadoop-ozone/integration-test/target/test-dir/MiniOzoneClusterImpl-2a381d17-8836-40f3-94ec-0b892e5c06e0/datanode-1/data/ratis/7541b2f8-ed28-4886-918b-29143985bdb4
2020-12-17 02:12:53,173 [Command processor thread] INFO  commandhandler.ClosePipelineCommandHandler (ClosePipelineCommandHandler.java:handle(75)) - Close Pipeline PipelineID=7541b2f8-ed28-4886-918b-29143985bdb4 command on datanode 2b1d58b1-e44f-4041-9819-0dd176255f22.
2020-12-17 02:12:53,173 [Command processor thread] INFO  impl.RaftServerProxy (RaftServerProxy.java:remove(104)) - 2b1d58b1-e44f-4041-9819-0dd176255f22: remove  FOLLOWER 2b1d58b1-e44f-4041-9819-0dd176255f22@group-D44B4C9671A5:t1, leader=a5453659-3127-401c-b9c1-bc8f4372128a, voted=a5453659-3127-401c-b9c1-bc8f4372128a, raftlog=2b1d58b1-e44f-4041-9819-0dd176255f22@group-D44B4C9671A5-SegmentedRaftLog:OPENED:c36,f38,i38, conf=0: [b45b6da8-7dd9-434b-afe3-ad98acc018a0|rpc:172.17.0.2:41361|dataStream:, a5453659-3127-401c-b9c1-bc8f4372128a|rpc:172.17.0.2:33101|dataStream:, 2b1d58b1-e44f-4041-9819-0dd176255f22|rpc:172.17.0.2:40577|dataStream:], old=null RUNNING
2020-12-17 02:12:53,173 [Command processor thread] INFO  impl.RaftServerImpl (RaftServerImpl.java:lambda$shutdown$3(328)) - 2b1d58b1-e44f-4041-9819-0dd176255f22@group-D44B4C9671A5: shutdown
2020-12-17 02:12:53,173 [Command processor thread] INFO  util.JmxRegister (JmxRegister.java:unregister(73)) - Successfully un-registered JMX Bean with object name Ratis:service=RaftServer,group=group-D44B4C9671A5,id=2b1d58b1-e44f-4041-9819-0dd176255f22
2020-12-17 02:12:53,173 [Command processor thread] INFO  impl.RoleInfo (RoleInfo.java:shutdownFollowerState(121)) - 2b1d58b1-e44f-4041-9819-0dd176255f22: shutdown 2b1d58b1-e44f-4041-9819-0dd176255f22@group-D44B4C9671A5-FollowerState
2020-12-17 02:12:53,173 [Command processor thread] INFO  impl.StateMachineUpdater (StateMachineUpdater.java:stopAndJoin(147)) - 2b1d58b1-e44f-4041-9819-0dd176255f22@group-D44B4C9671A5-StateMachineUpdater: set stopIndex = 36
2020-12-17 02:12:53,174 [2b1d58b1-e44f-4041-9819-0dd176255f22@group-D44B4C9671A5-StateMachineUpdater] INFO  ratis.ContainerStateMachine (ContainerStateMachine.java:takeSnapshot(293)) - group-D44B4C9671A5: Taking a snapshot at:(t:1, i:36) file /github/workspace/mnt/ozone/hadoop-ozone/integration-test/target/test-dir/MiniOzoneClusterImpl-2a381d17-8836-40f3-94ec-0b892e5c06e0/datanode-1/data/ratis/b307a657-c31e-4a1d-b181-d44b4c9671a5/sm/snapshot.1_36
2020-12-17 02:12:53,174 [Thread-5753] INFO  impl.FollowerState (FollowerState.java:run(137)) - 2b1d58b1-e44f-4041-9819-0dd176255f22@group-D44B4C9671A5-FollowerState was interrupted: {}
java.lang.InterruptedException: sleep interrupted
	at java.lang.Thread.sleep(Native Method)
	at org.apache.ratis.util.JavaUtils.sleep(JavaUtils.java:250)
	at org.apache.ratis.server.impl.FollowerState.run(FollowerState.java:116)
2020-12-17 02:12:53,175 [2b1d58b1-e44f-4041-9819-0dd176255f22@group-D44B4C9671A5-StateMachineUpdater] INFO  ratis.ContainerStateMachine (ContainerStateMachine.java:takeSnapshot(304)) - group-D44B4C9671A5: Finished taking a snapshot at:(t:1, i:36) file:/github/workspace/mnt/ozone/hadoop-ozone/integration-test/target/test-dir/MiniOzoneClusterImpl-2a381d17-8836-40f3-94ec-0b892e5c06e0/datanode-1/data/ratis/b307a657-c31e-4a1d-b181-d44b4c9671a5/sm/snapshot.1_36 time:1
2020-12-17 02:12:53,175 [2b1d58b1-e44f-4041-9819-0dd176255f22@group-D44B4C9671A5-StateMachineUpdater] INFO  impl.StateMachineUpdater (StateMachineUpdater.java:takeSnapshot(278)) - 2b1d58b1-e44f-4041-9819-0dd176255f22@group-D44B4C9671A5-StateMachineUpdater: Took a snapshot at index 36
2020-12-17 02:12:53,175 [2b1d58b1-e44f-4041-9819-0dd176255f22@group-D44B4C9671A5-StateMachineUpdater] INFO  impl.StateMachineUpdater (StateMachineUpdater.java:lambda$new$0(87)) - 2b1d58b1-e44f-4041-9819-0dd176255f22@group-D44B4C9671A5-StateMachineUpdater: snapshotIndex: updateIncreasingly -1 -> 36
2020-12-17 02:12:53,175 [2b1d58b1-e44f-4041-9819-0dd176255f22@group-D44B4C9671A5-StateMachineUpdater] INFO  metrics.RatisMetrics (RatisMetrics.java:unregister(43)) - Unregistering Metrics Registry : ratis.state_machine.2b1d58b1-e44f-4041-9819-0dd176255f22@group-D44B4C9671A5
2020-12-17 02:12:53,176 [Command processor thread] INFO  impl.RaftServerImpl (ServerState.java:close(406)) - 2b1d58b1-e44f-4041-9819-0dd176255f22@group-D44B4C9671A5: closes. applyIndex: 36
2020-12-17 02:12:53,176 [2b1d58b1-e44f-4041-9819-0dd176255f22@group-D44B4C9671A5-SegmentedRaftLogWorker] INFO  segmented.SegmentedRaftLogWorker (SegmentedRaftLogWorker.java:run(329)) - 2b1d58b1-e44f-4041-9819-0dd176255f22@group-D44B4C9671A5-SegmentedRaftLogWorker was interrupted, exiting. There are 0 tasks remaining in the queue.
2020-12-17 02:12:53,176 [Command processor thread] INFO  segmented.SegmentedRaftLogWorker (SegmentedRaftLogWorker.java:close(235)) - 2b1d58b1-e44f-4041-9819-0dd176255f22@group-D44B4C9671A5-SegmentedRaftLogWorker close()
2020-12-17 02:12:53,177 [Command processor thread] INFO  impl.RaftServerProxy (RaftServerProxy.java:remove(104)) - b45b6da8-7dd9-434b-afe3-ad98acc018a0: remove  FOLLOWER b45b6da8-7dd9-434b-afe3-ad98acc018a0@group-D44B4C9671A5:t1, leader=a5453659-3127-401c-b9c1-bc8f4372128a, voted=a5453659-3127-401c-b9c1-bc8f4372128a, raftlog=b45b6da8-7dd9-434b-afe3-ad98acc018a0@group-D44B4C9671A5-SegmentedRaftLog:OPENED:c36,f38,i38, conf=0: [b45b6da8-7dd9-434b-afe3-ad98acc018a0|rpc:172.17.0.2:41361|dataStream:, a5453659-3127-401c-b9c1-bc8f4372128a|rpc:172.17.0.2:33101|dataStream:, 2b1d58b1-e44f-4041-9819-0dd176255f22|rpc:172.17.0.2:40577|dataStream:], old=null RUNNING
2020-12-17 02:12:53,177 [Command processor thread] INFO  impl.RaftServerImpl (RaftServerImpl.java:lambda$shutdown$3(328)) - b45b6da8-7dd9-434b-afe3-ad98acc018a0@group-D44B4C9671A5: shutdown
2020-12-17 02:12:53,177 [Command processor thread] INFO  util.JmxRegister (JmxRegister.java:unregister(73)) - Successfully un-registered JMX Bean with object name Ratis:service=RaftServer,group=group-D44B4C9671A5,id=b45b6da8-7dd9-434b-afe3-ad98acc018a0
2020-12-17 02:12:53,177 [Command processor thread] INFO  impl.RoleInfo (RoleInfo.java:shutdownFollowerState(121)) - b45b6da8-7dd9-434b-afe3-ad98acc018a0: shutdown b45b6da8-7dd9-434b-afe3-ad98acc018a0@group-D44B4C9671A5-FollowerState
2020-12-17 02:12:53,177 [Command processor thread] INFO  impl.StateMachineUpdater (StateMachineUpdater.java:stopAndJoin(147)) - b45b6da8-7dd9-434b-afe3-ad98acc018a0@group-D44B4C9671A5-StateMachineUpdater: set stopIndex = 36
2020-12-17 02:12:53,178 [Thread-5752] INFO  impl.FollowerState (FollowerState.java:run(137)) - b45b6da8-7dd9-434b-afe3-ad98acc018a0@group-D44B4C9671A5-FollowerState was interrupted: {}
java.lang.InterruptedException: sleep interrupted
	at java.lang.Thread.sleep(Native Method)
	at org.apache.ratis.util.JavaUtils.sleep(JavaUtils.java:250)
	at org.apache.ratis.server.impl.FollowerState.run(FollowerState.java:116)
2020-12-17 02:12:53,178 [b45b6da8-7dd9-434b-afe3-ad98acc018a0@group-D44B4C9671A5-StateMachineUpdater] INFO  ratis.ContainerStateMachine (ContainerStateMachine.java:takeSnapshot(293)) - group-D44B4C9671A5: Taking a snapshot at:(t:1, i:36) file /github/workspace/mnt/ozone/hadoop-ozone/integration-test/target/test-dir/MiniOzoneClusterImpl-2a381d17-8836-40f3-94ec-0b892e5c06e0/datanode-0/data/ratis/b307a657-c31e-4a1d-b181-d44b4c9671a5/sm/snapshot.1_36
2020-12-17 02:12:53,179 [b45b6da8-7dd9-434b-afe3-ad98acc018a0@group-D44B4C9671A5-StateMachineUpdater] INFO  ratis.ContainerStateMachine (ContainerStateMachine.java:takeSnapshot(304)) - group-D44B4C9671A5: Finished taking a snapshot at:(t:1, i:36) file:/github/workspace/mnt/ozone/hadoop-ozone/integration-test/target/test-dir/MiniOzoneClusterImpl-2a381d17-8836-40f3-94ec-0b892e5c06e0/datanode-0/data/ratis/b307a657-c31e-4a1d-b181-d44b4c9671a5/sm/snapshot.1_36 time:1
2020-12-17 02:12:53,179 [b45b6da8-7dd9-434b-afe3-ad98acc018a0@group-D44B4C9671A5-StateMachineUpdater] INFO  impl.StateMachineUpdater (StateMachineUpdater.java:takeSnapshot(278)) - b45b6da8-7dd9-434b-afe3-ad98acc018a0@group-D44B4C9671A5-StateMachineUpdater: Took a snapshot at index 36
2020-12-17 02:12:53,179 [b45b6da8-7dd9-434b-afe3-ad98acc018a0@group-D44B4C9671A5-StateMachineUpdater] INFO  impl.StateMachineUpdater (StateMachineUpdater.java:lambda$new$0(87)) - b45b6da8-7dd9-434b-afe3-ad98acc018a0@group-D44B4C9671A5-StateMachineUpdater: snapshotIndex: updateIncreasingly -1 -> 36
2020-12-17 02:12:53,179 [b45b6da8-7dd9-434b-afe3-ad98acc018a0@group-D44B4C9671A5-StateMachineUpdater] INFO  metrics.RatisMetrics (RatisMetrics.java:unregister(43)) - Unregistering Metrics Registry : ratis.state_machine.b45b6da8-7dd9-434b-afe3-ad98acc018a0@group-D44B4C9671A5
2020-12-17 02:12:53,180 [Command processor thread] INFO  metrics.RatisMetrics (RatisMetrics.java:unregister(43)) - Unregistering Metrics Registry : ratis.log_worker.2b1d58b1-e44f-4041-9819-0dd176255f22@group-D44B4C9671A5
2020-12-17 02:12:53,180 [Command processor thread] INFO  metrics.RatisMetrics (RatisMetrics.java:unregister(43)) - Unregistering Metrics Registry : ratis.leader_election.2b1d58b1-e44f-4041-9819-0dd176255f22@group-D44B4C9671A5
2020-12-17 02:12:53,180 [IPC Server handler 15 on default port 46749] INFO  node.SCMNodeManager (SCMNodeManager.java:updateDatanodeOpState(419)) - Scheduling a command to update the operationalState persisted on the datanode as the reported value (IN_SERVICE, 0) does not match the value stored in SCM (ENTERING_MAINTENANCE, 0)
2020-12-17 02:12:53,180 [Command processor thread] INFO  metrics.RatisMetrics (RatisMetrics.java:unregister(43)) - Unregistering Metrics Registry : ratis.server.2b1d58b1-e44f-4041-9819-0dd176255f22@group-D44B4C9671A5
2020-12-17 02:12:53,180 [IPC Server handler 0 on default port 46749] INFO  node.SCMNodeManager (SCMNodeManager.java:updateDatanodeOpState(419)) - Scheduling a command to update the operationalState persisted on the datanode as the reported value (IN_SERVICE, 0) does not match the value stored in SCM (ENTERING_MAINTENANCE, 0)
2020-12-17 02:12:53,181 [Command processor thread] INFO  impl.RaftServerImpl (ServerState.java:close(406)) - b45b6da8-7dd9-434b-afe3-ad98acc018a0@group-D44B4C9671A5: closes. applyIndex: 36
2020-12-17 02:12:53,181 [b45b6da8-7dd9-434b-afe3-ad98acc018a0@group-D44B4C9671A5-SegmentedRaftLogWorker] INFO  segmented.SegmentedRaftLogWorker (SegmentedRaftLogWorker.java:run(329)) - b45b6da8-7dd9-434b-afe3-ad98acc018a0@group-D44B4C9671A5-SegmentedRaftLogWorker was interrupted, exiting. There are 0 tasks remaining in the queue.
2020-12-17 02:12:53,181 [Command processor thread] INFO  segmented.SegmentedRaftLogWorker (SegmentedRaftLogWorker.java:close(235)) - b45b6da8-7dd9-434b-afe3-ad98acc018a0@group-D44B4C9671A5-SegmentedRaftLogWorker close()
2020-12-17 02:12:53,182 [Command processor thread] INFO  metrics.RatisMetrics (RatisMetrics.java:unregister(43)) - Unregistering Metrics Registry : ratis.log_worker.b45b6da8-7dd9-434b-afe3-ad98acc018a0@group-D44B4C9671A5
2020-12-17 02:12:53,182 [Command processor thread] INFO  metrics.RatisMetrics (RatisMetrics.java:unregister(43)) - Unregistering Metrics Registry : ratis.leader_election.b45b6da8-7dd9-434b-afe3-ad98acc018a0@group-D44B4C9671A5
2020-12-17 02:12:53,182 [Command processor thread] INFO  metrics.RatisMetrics (RatisMetrics.java:unregister(43)) - Unregistering Metrics Registry : ratis.server.b45b6da8-7dd9-434b-afe3-ad98acc018a0@group-D44B4C9671A5
2020-12-17 02:12:53,184 [Command processor thread] INFO  keyvalue.KeyValueContainer (KeyValueContainer.java:flushAndSyncDB(388)) - Container 1 is synced with bcsId 32.
2020-12-17 02:12:53,184 [IPC Server handler 1 on default port 46749] INFO  node.SCMNodeManager (SCMNodeManager.java:updateDatanodeOpState(419)) - Scheduling a command to update the operationalState persisted on the datanode as the reported value (IN_SERVICE, 0) does not match the value stored in SCM (ENTERING_MAINTENANCE, 0)
2020-12-17 02:12:53,184 [Command processor thread] INFO  keyvalue.KeyValueContainer (KeyValueContainer.java:flushAndSyncDB(388)) - Container 1 is synced with bcsId 32.
2020-12-17 02:12:53,185 [IPC Server handler 2 on default port 46749] INFO  node.SCMNodeManager (SCMNodeManager.java:updateDatanodeOpState(419)) - Scheduling a command to update the operationalState persisted on the datanode as the reported value (IN_SERVICE, 0) does not match the value stored in SCM (ENTERING_MAINTENANCE, 0)
2020-12-17 02:12:53,186 [Command processor thread] INFO  keyvalue.KeyValueContainer (KeyValueContainer.java:flushAndSyncDB(388)) - Container 1 is synced with bcsId 32.
2020-12-17 02:12:53,186 [Command processor thread] INFO  keyvalue.KeyValueContainer (KeyValueContainer.java:flushAndSyncDB(388)) - Container 1 is synced with bcsId 32.
2020-12-17 02:12:53,187 [IPC Server handler 3 on default port 46749] INFO  node.SCMNodeManager (SCMNodeManager.java:updateDatanodeOpState(419)) - Scheduling a command to update the operationalState persisted on the datanode as the reported value (IN_SERVICE, 0) does not match the value stored in SCM (ENTERING_MAINTENANCE, 0)
2020-12-17 02:12:53,187 [EventQueue-IncrementalContainerReportForIncrementalContainerReportHandler] INFO  container.IncrementalContainerReportHandler (AbstractContainerReportHandler.java:updateContainerState(208)) - Moving container #1 to QUASI_CLOSED state, datanode 2b1d58b1-e44f-4041-9819-0dd176255f22{ip: 172.17.0.2, host: 89b9adae2c19, networkLocation: /default-rack, certSerialId: null, persistedOpState: IN_SERVICE, persistedOpStateExpiryEpochSec: 0} reported QUASI_CLOSED replica.
2020-12-17 02:12:53,188 [IPC Server handler 4 on default port 46749] INFO  node.SCMNodeManager (SCMNodeManager.java:updateDatanodeOpState(419)) - Scheduling a command to update the operationalState persisted on the datanode as the reported value (IN_SERVICE, 0) does not match the value stored in SCM (ENTERING_MAINTENANCE, 0)
2020-12-17 02:12:53,188 [IPC Server handler 5 on default port 46749] INFO  node.SCMNodeManager (SCMNodeManager.java:updateDatanodeOpState(419)) - Scheduling a command to update the operationalState persisted on the datanode as the reported value (IN_SERVICE, 0) does not match the value stored in SCM (ENTERING_MAINTENANCE, 0)
2020-12-17 02:12:53,189 [Command processor thread] INFO  keyvalue.KeyValueContainer (KeyValueContainer.java:flushAndSyncDB(388)) - Container 2 is synced with bcsId 36.
2020-12-17 02:12:53,189 [Command processor thread] INFO  keyvalue.KeyValueContainer (KeyValueContainer.java:flushAndSyncDB(388)) - Container 2 is synced with bcsId 36.
2020-12-17 02:12:53,191 [IPC Server handler 7 on default port 46749] INFO  node.SCMNodeManager (SCMNodeManager.java:updateDatanodeOpState(419)) - Scheduling a command to update the operationalState persisted on the datanode as the reported value (IN_SERVICE, 0) does not match the value stored in SCM (ENTERING_MAINTENANCE, 0)
2020-12-17 02:12:53,192 [EventQueue-IncrementalContainerReportForIncrementalContainerReportHandler] INFO  container.IncrementalContainerReportHandler (AbstractContainerReportHandler.java:updateContainerState(208)) - Moving container #2 to QUASI_CLOSED state, datanode 2b1d58b1-e44f-4041-9819-0dd176255f22{ip: 172.17.0.2, host: 89b9adae2c19, networkLocation: /default-rack, certSerialId: null, persistedOpState: IN_SERVICE, persistedOpStateExpiryEpochSec: 0} reported QUASI_CLOSED replica.
2020-12-17 02:12:53,193 [IPC Server handler 6 on default port 46749] INFO  node.SCMNodeManager (SCMNodeManager.java:updateDatanodeOpState(419)) - Scheduling a command to update the operationalState persisted on the datanode as the reported value (IN_SERVICE, 0) does not match the value stored in SCM (ENTERING_MAINTENANCE, 0)
2020-12-17 02:12:53,194 [Command processor thread] INFO  impl.RaftServerImpl (RaftServerImpl.java:groupRemove(299)) - 2b1d58b1-e44f-4041-9819-0dd176255f22@group-D44B4C9671A5: Succeed to remove RaftStorageDirectory Storage Directory /github/workspace/mnt/ozone/hadoop-ozone/integration-test/target/test-dir/MiniOzoneClusterImpl-2a381d17-8836-40f3-94ec-0b892e5c06e0/datanode-1/data/ratis/b307a657-c31e-4a1d-b181-d44b4c9671a5
2020-12-17 02:12:53,194 [Command processor thread] INFO  keyvalue.KeyValueContainer (KeyValueContainer.java:flushAndSyncDB(388)) - Container 2 is synced with bcsId 36.
2020-12-17 02:12:53,194 [Command processor thread] INFO  keyvalue.KeyValueContainer (KeyValueContainer.java:flushAndSyncDB(388)) - Container 2 is synced with bcsId 36.
2020-12-17 02:12:53,195 [Command processor thread] INFO  commandhandler.ClosePipelineCommandHandler (ClosePipelineCommandHandler.java:handle(75)) - Close Pipeline PipelineID=b307a657-c31e-4a1d-b181-d44b4c9671a5 command on datanode 2b1d58b1-e44f-4041-9819-0dd176255f22.
2020-12-17 02:12:53,196 [Command processor thread] INFO  impl.RaftServerImpl (RaftServerImpl.java:groupRemove(299)) - b45b6da8-7dd9-434b-afe3-ad98acc018a0@group-D44B4C9671A5: Succeed to remove RaftStorageDirectory Storage Directory /github/workspace/mnt/ozone/hadoop-ozone/integration-test/target/test-dir/MiniOzoneClusterImpl-2a381d17-8836-40f3-94ec-0b892e5c06e0/datanode-0/data/ratis/b307a657-c31e-4a1d-b181-d44b4c9671a5
2020-12-17 02:12:53,196 [Command processor thread] INFO  commandhandler.ClosePipelineCommandHandler (ClosePipelineCommandHandler.java:handle(75)) - Close Pipeline PipelineID=b307a657-c31e-4a1d-b181-d44b4c9671a5 command on datanode b45b6da8-7dd9-434b-afe3-ad98acc018a0.
2020-12-17 02:12:53,196 [Command processor thread] INFO  impl.RaftServerProxy (RaftServerProxy.java:remove(104)) - b45b6da8-7dd9-434b-afe3-ad98acc018a0: remove    LEADER b45b6da8-7dd9-434b-afe3-ad98acc018a0@group-8C9593201D1B:t1, leader=b45b6da8-7dd9-434b-afe3-ad98acc018a0, voted=b45b6da8-7dd9-434b-afe3-ad98acc018a0, raftlog=b45b6da8-7dd9-434b-afe3-ad98acc018a0@group-8C9593201D1B-SegmentedRaftLog:OPENED:c0,f0,i0, conf=0: [b45b6da8-7dd9-434b-afe3-ad98acc018a0|rpc:172.17.0.2:41361|dataStream:], old=null RUNNING
2020-12-17 02:12:53,196 [Command processor thread] INFO  impl.RaftServerImpl (RaftServerImpl.java:lambda$shutdown$3(328)) - b45b6da8-7dd9-434b-afe3-ad98acc018a0@group-8C9593201D1B: shutdown
2020-12-17 02:12:53,196 [Command processor thread] INFO  util.JmxRegister (JmxRegister.java:unregister(73)) - Successfully un-registered JMX Bean with object name Ratis:service=RaftServer,group=group-8C9593201D1B,id=b45b6da8-7dd9-434b-afe3-ad98acc018a0
2020-12-17 02:12:53,196 [Command processor thread] INFO  impl.RoleInfo (RoleInfo.java:shutdownLeaderState(104)) - b45b6da8-7dd9-434b-afe3-ad98acc018a0: shutdown b45b6da8-7dd9-434b-afe3-ad98acc018a0@group-8C9593201D1B-LeaderState
2020-12-17 02:12:53,196 [Command processor thread] INFO  impl.PendingRequests (PendingRequests.java:sendNotLeaderResponses(250)) - b45b6da8-7dd9-434b-afe3-ad98acc018a0@group-8C9593201D1B-PendingRequests: sendNotLeaderResponses
2020-12-17 02:12:53,196 [Command processor thread] INFO  metrics.RatisMetrics (RatisMetrics.java:unregister(43)) - Unregistering Metrics Registry : ratis.log_appender.b45b6da8-7dd9-434b-afe3-ad98acc018a0@group-8C9593201D1B
2020-12-17 02:12:53,197 [Command processor thread] INFO  metrics.RatisMetrics (RatisMetrics.java:unregister(43)) - Unregistering Metrics Registry : ratis.server.b45b6da8-7dd9-434b-afe3-ad98acc018a0@group-8C9593201D1B
2020-12-17 02:12:53,197 [IPC Server handler 8 on default port 46749] INFO  node.SCMNodeManager (SCMNodeManager.java:updateDatanodeOpState(419)) - Scheduling a command to update the operationalState persisted on the datanode as the reported value (IN_SERVICE, 0) does not match the value stored in SCM (ENTERING_MAINTENANCE, 0)
2020-12-17 02:12:53,198 [b45b6da8-7dd9-434b-afe3-ad98acc018a0@group-8C9593201D1B-StateMachineUpdater] INFO  ratis.ContainerStateMachine (ContainerStateMachine.java:takeSnapshot(293)) - group-8C9593201D1B: Taking a snapshot at:(t:1, i:0) file /github/workspace/mnt/ozone/hadoop-ozone/integration-test/target/test-dir/MiniOzoneClusterImpl-2a381d17-8836-40f3-94ec-0b892e5c06e0/datanode-0/data/ratis/ddbd9de5-4c26-484f-af7e-8c9593201d1b/sm/snapshot.1_0
2020-12-17 02:12:53,198 [Command processor thread] INFO  impl.StateMachineUpdater (StateMachineUpdater.java:stopAndJoin(147)) - b45b6da8-7dd9-434b-afe3-ad98acc018a0@group-8C9593201D1B-StateMachineUpdater: set stopIndex = 0
2020-12-17 02:12:53,199 [b45b6da8-7dd9-434b-afe3-ad98acc018a0@group-8C9593201D1B-StateMachineUpdater] INFO  ratis.ContainerStateMachine (ContainerStateMachine.java:takeSnapshot(304)) - group-8C9593201D1B: Finished taking a snapshot at:(t:1, i:0) file:/github/workspace/mnt/ozone/hadoop-ozone/integration-test/target/test-dir/MiniOzoneClusterImpl-2a381d17-8836-40f3-94ec-0b892e5c06e0/datanode-0/data/ratis/ddbd9de5-4c26-484f-af7e-8c9593201d1b/sm/snapshot.1_0 time:1
2020-12-17 02:12:53,199 [b45b6da8-7dd9-434b-afe3-ad98acc018a0@group-8C9593201D1B-StateMachineUpdater] INFO  impl.StateMachineUpdater (StateMachineUpdater.java:takeSnapshot(278)) - b45b6da8-7dd9-434b-afe3-ad98acc018a0@group-8C9593201D1B-StateMachineUpdater: Took a snapshot at index 0
2020-12-17 02:12:53,199 [b45b6da8-7dd9-434b-afe3-ad98acc018a0@group-8C9593201D1B-StateMachineUpdater] INFO  impl.StateMachineUpdater (StateMachineUpdater.java:lambda$new$0(87)) - b45b6da8-7dd9-434b-afe3-ad98acc018a0@group-8C9593201D1B-StateMachineUpdater: snapshotIndex: updateIncreasingly -1 -> 0
2020-12-17 02:12:53,199 [b45b6da8-7dd9-434b-afe3-ad98acc018a0@group-8C9593201D1B-StateMachineUpdater] INFO  metrics.RatisMetrics (RatisMetrics.java:unregister(43)) - Unregistering Metrics Registry : ratis.state_machine.b45b6da8-7dd9-434b-afe3-ad98acc018a0@group-8C9593201D1B
2020-12-17 02:12:53,199 [Command processor thread] INFO  impl.RaftServerImpl (ServerState.java:close(406)) - b45b6da8-7dd9-434b-afe3-ad98acc018a0@group-8C9593201D1B: closes. applyIndex: 0
2020-12-17 02:12:53,199 [b45b6da8-7dd9-434b-afe3-ad98acc018a0@group-8C9593201D1B-SegmentedRaftLogWorker] INFO  segmented.SegmentedRaftLogWorker (SegmentedRaftLogWorker.java:run(329)) - b45b6da8-7dd9-434b-afe3-ad98acc018a0@group-8C9593201D1B-SegmentedRaftLogWorker was interrupted, exiting. There are 0 tasks remaining in the queue.
2020-12-17 02:12:53,200 [Command processor thread] INFO  segmented.SegmentedRaftLogWorker (SegmentedRaftLogWorker.java:close(235)) - b45b6da8-7dd9-434b-afe3-ad98acc018a0@group-8C9593201D1B-SegmentedRaftLogWorker close()
2020-12-17 02:12:53,200 [Command processor thread] INFO  metrics.RatisMetrics (RatisMetrics.java:unregister(43)) - Unregistering Metrics Registry : ratis.log_worker.b45b6da8-7dd9-434b-afe3-ad98acc018a0@group-8C9593201D1B
2020-12-17 02:12:53,201 [Command processor thread] INFO  metrics.RatisMetrics (RatisMetrics.java:unregister(43)) - Unregistering Metrics Registry : ratis.leader_election.b45b6da8-7dd9-434b-afe3-ad98acc018a0@group-8C9593201D1B
2020-12-17 02:12:53,201 [Command processor thread] INFO  metrics.RatisMetrics (RatisMetrics.java:unregister(43)) - Unregistering Metrics Registry : ratis.server.b45b6da8-7dd9-434b-afe3-ad98acc018a0@group-8C9593201D1B
2020-12-17 02:12:53,201 [Command processor thread] INFO  impl.RaftServerImpl (RaftServerImpl.java:groupRemove(299)) - b45b6da8-7dd9-434b-afe3-ad98acc018a0@group-8C9593201D1B: Succeed to remove RaftStorageDirectory Storage Directory /github/workspace/mnt/ozone/hadoop-ozone/integration-test/target/test-dir/MiniOzoneClusterImpl-2a381d17-8836-40f3-94ec-0b892e5c06e0/datanode-0/data/ratis/ddbd9de5-4c26-484f-af7e-8c9593201d1b
2020-12-17 02:12:53,201 [Command processor thread] INFO  commandhandler.ClosePipelineCommandHandler (ClosePipelineCommandHandler.java:handle(75)) - Close Pipeline PipelineID=ddbd9de5-4c26-484f-af7e-8c9593201d1b command on datanode b45b6da8-7dd9-434b-afe3-ad98acc018a0.
2020-12-17 02:12:53,201 [Command processor thread] WARN  impl.RaftServerProxy (RaftServerProxy.java:remove(99)) - 2b1d58b1-e44f-4041-9819-0dd176255f22: does not contain group: group-29143985BDB4
2020-12-17 02:12:53,202 [Command processor thread] ERROR commandhandler.ClosePipelineCommandHandler (ClosePipelineCommandHandler.java:handle(78)) - Can't close pipeline PipelineID=7541b2f8-ed28-4886-918b-29143985bdb4
java.io.IOException: 2b1d58b1-e44f-4041-9819-0dd176255f22: Group group-29143985BDB4 not found.
	at org.apache.hadoop.ozone.container.common.transport.server.ratis.XceiverServerRatis.removeGroup(XceiverServerRatis.java:774)
	at org.apache.hadoop.ozone.container.common.statemachine.commandhandler.ClosePipelineCommandHandler.handle(ClosePipelineCommandHandler.java:74)
	at org.apache.hadoop.ozone.container.common.statemachine.commandhandler.CommandDispatcher.handle(CommandDispatcher.java:99)
	at org.apache.hadoop.ozone.container.common.statemachine.DatanodeStateMachine.lambda$initCommandHandlerThread$2(DatanodeStateMachine.java:498)
	at java.lang.Thread.run(Thread.java:748)
Caused by: org.apache.ratis.protocol.exceptions.GroupMismatchException: 2b1d58b1-e44f-4041-9819-0dd176255f22: Group group-29143985BDB4 not found.
	at org.apache.ratis.server.impl.RaftServerProxy.groupRemoveAsync(RaftServerProxy.java:445)
	at org.apache.ratis.server.impl.RaftServerProxy.groupManagementAsync(RaftServerProxy.java:401)
	at org.apache.ratis.server.impl.RaftServerProxy.groupManagement(RaftServerProxy.java:381)
	at org.apache.hadoop.ozone.container.common.transport.server.ratis.XceiverServerRatis.removeGroup(XceiverServerRatis.java:772)
	... 4 more
2020-12-17 02:12:53,202 [Command processor thread] WARN  impl.RaftServerProxy (RaftServerProxy.java:remove(99)) - 2b1d58b1-e44f-4041-9819-0dd176255f22: does not contain group: group-D44B4C9671A5
2020-12-17 02:12:53,202 [Command processor thread] ERROR commandhandler.ClosePipelineCommandHandler (ClosePipelineCommandHandler.java:handle(78)) - Can't close pipeline PipelineID=b307a657-c31e-4a1d-b181-d44b4c9671a5
java.io.IOException: 2b1d58b1-e44f-4041-9819-0dd176255f22: Group group-D44B4C9671A5 not found.
	at org.apache.hadoop.ozone.container.common.transport.server.ratis.XceiverServerRatis.removeGroup(XceiverServerRatis.java:774)
	at org.apache.hadoop.ozone.container.common.statemachine.commandhandler.ClosePipelineCommandHandler.handle(ClosePipelineCommandHandler.java:74)
	at org.apache.hadoop.ozone.container.common.statemachine.commandhandler.CommandDispatcher.handle(CommandDispatcher.java:99)
	at org.apache.hadoop.ozone.container.common.statemachine.DatanodeStateMachine.lambda$initCommandHandlerThread$2(DatanodeStateMachine.java:498)
	at java.lang.Thread.run(Thread.java:748)
Caused by: org.apache.ratis.protocol.exceptions.GroupMismatchException: 2b1d58b1-e44f-4041-9819-0dd176255f22: Group group-D44B4C9671A5 not found.
	at org.apache.ratis.server.impl.RaftServerProxy.groupRemoveAsync(RaftServerProxy.java:445)
	at org.apache.ratis.server.impl.RaftServerProxy.groupManagementAsync(RaftServerProxy.java:401)
	at org.apache.ratis.server.impl.RaftServerProxy.groupManagement(RaftServerProxy.java:381)
	at org.apache.hadoop.ozone.container.common.transport.server.ratis.XceiverServerRatis.removeGroup(XceiverServerRatis.java:772)
	... 4 more
2020-12-17 02:12:53,207 [Command processor thread] WARN  impl.RaftServerProxy (RaftServerProxy.java:remove(99)) - 2b1d58b1-e44f-4041-9819-0dd176255f22: does not contain group: group-29143985BDB4
2020-12-17 02:12:53,207 [Command processor thread] ERROR commandhandler.ClosePipelineCommandHandler (ClosePipelineCommandHandler.java:handle(78)) - Can't close pipeline PipelineID=7541b2f8-ed28-4886-918b-29143985bdb4
java.io.IOException: 2b1d58b1-e44f-4041-9819-0dd176255f22: Group group-29143985BDB4 not found.
	at org.apache.hadoop.ozone.container.common.transport.server.ratis.XceiverServerRatis.removeGroup(XceiverServerRatis.java:774)
	at org.apache.hadoop.ozone.container.common.statemachine.commandhandler.ClosePipelineCommandHandler.handle(ClosePipelineCommandHandler.java:74)
	at org.apache.hadoop.ozone.container.common.statemachine.commandhandler.CommandDispatcher.handle(CommandDispatcher.java:99)
	at org.apache.hadoop.ozone.container.common.statemachine.DatanodeStateMachine.lambda$initCommandHandlerThread$2(DatanodeStateMachine.java:498)
	at java.lang.Thread.run(Thread.java:748)
Caused by: org.apache.ratis.protocol.exceptions.GroupMismatchException: 2b1d58b1-e44f-4041-9819-0dd176255f22: Group group-29143985BDB4 not found.
	at org.apache.ratis.server.impl.RaftServerProxy.groupRemoveAsync(RaftServerProxy.java:445)
	at org.apache.ratis.server.impl.RaftServerProxy.groupManagementAsync(RaftServerProxy.java:401)
	at org.apache.ratis.server.impl.RaftServerProxy.groupManagement(RaftServerProxy.java:381)
	at org.apache.hadoop.ozone.container.common.transport.server.ratis.XceiverServerRatis.removeGroup(XceiverServerRatis.java:772)
	... 4 more
2020-12-17 02:12:53,207 [Command processor thread] WARN  impl.RaftServerProxy (RaftServerProxy.java:remove(99)) - 2b1d58b1-e44f-4041-9819-0dd176255f22: does not contain group: group-D44B4C9671A5
2020-12-17 02:12:53,207 [Command processor thread] ERROR commandhandler.ClosePipelineCommandHandler (ClosePipelineCommandHandler.java:handle(78)) - Can't close pipeline PipelineID=b307a657-c31e-4a1d-b181-d44b4c9671a5
java.io.IOException: 2b1d58b1-e44f-4041-9819-0dd176255f22: Group group-D44B4C9671A5 not found.
	at org.apache.hadoop.ozone.container.common.transport.server.ratis.XceiverServerRatis.removeGroup(XceiverServerRatis.java:774)
	at org.apache.hadoop.ozone.container.common.statemachine.commandhandler.ClosePipelineCommandHandler.handle(ClosePipelineCommandHandler.java:74)
	at org.apache.hadoop.ozone.container.common.statemachine.commandhandler.CommandDispatcher.handle(CommandDispatcher.java:99)
	at org.apache.hadoop.ozone.container.common.statemachine.DatanodeStateMachine.lambda$initCommandHandlerThread$2(DatanodeStateMachine.java:498)
	at java.lang.Thread.run(Thread.java:748)
Caused by: org.apache.ratis.protocol.exceptions.GroupMismatchException: 2b1d58b1-e44f-4041-9819-0dd176255f22: Group group-D44B4C9671A5 not found.
	at org.apache.ratis.server.impl.RaftServerProxy.groupRemoveAsync(RaftServerProxy.java:445)
	at org.apache.ratis.server.impl.RaftServerProxy.groupManagementAsync(RaftServerProxy.java:401)
	at org.apache.ratis.server.impl.RaftServerProxy.groupManagement(RaftServerProxy.java:381)
	at org.apache.hadoop.ozone.container.common.transport.server.ratis.XceiverServerRatis.removeGroup(XceiverServerRatis.java:772)
	... 4 more
2020-12-17 02:12:53,208 [Command processor thread] WARN  impl.RaftServerProxy (RaftServerProxy.java:remove(99)) - 2b1d58b1-e44f-4041-9819-0dd176255f22: does not contain group: group-29143985BDB4
2020-12-17 02:12:53,208 [Command processor thread] ERROR commandhandler.ClosePipelineCommandHandler (ClosePipelineCommandHandler.java:handle(78)) - Can't close pipeline PipelineID=7541b2f8-ed28-4886-918b-29143985bdb4
java.io.IOException: 2b1d58b1-e44f-4041-9819-0dd176255f22: Group group-29143985BDB4 not found.
	at org.apache.hadoop.ozone.container.common.transport.server.ratis.XceiverServerRatis.removeGroup(XceiverServerRatis.java:774)
	at org.apache.hadoop.ozone.container.common.statemachine.commandhandler.ClosePipelineCommandHandler.handle(ClosePipelineCommandHandler.java:74)
	at org.apache.hadoop.ozone.container.common.statemachine.commandhandler.CommandDispatcher.handle(CommandDispatcher.java:99)
	at org.apache.hadoop.ozone.container.common.statemachine.DatanodeStateMachine.lambda$initCommandHandlerThread$2(DatanodeStateMachine.java:498)
	at java.lang.Thread.run(Thread.java:748)
Caused by: org.apache.ratis.protocol.exceptions.GroupMismatchException: 2b1d58b1-e44f-4041-9819-0dd176255f22: Group group-29143985BDB4 not found.
	at org.apache.ratis.server.impl.RaftServerProxy.groupRemoveAsync(RaftServerProxy.java:445)
	at org.apache.ratis.server.impl.RaftServerProxy.groupManagementAsync(RaftServerProxy.java:401)
	at org.apache.ratis.server.impl.RaftServerProxy.groupManagement(RaftServerProxy.java:381)
	at org.apache.hadoop.ozone.container.common.transport.server.ratis.XceiverServerRatis.removeGroup(XceiverServerRatis.java:772)
	... 4 more
2020-12-17 02:12:53,205 [Command processor thread] WARN  impl.RaftServerProxy (RaftServerProxy.java:remove(99)) - b45b6da8-7dd9-434b-afe3-ad98acc018a0: does not contain group: group-8C9593201D1B
2020-12-17 02:12:53,208 [Command processor thread] ERROR commandhandler.ClosePipelineCommandHandler (ClosePipelineCommandHandler.java:handle(78)) - Can't close pipeline PipelineID=ddbd9de5-4c26-484f-af7e-8c9593201d1b
java.io.IOException: b45b6da8-7dd9-434b-afe3-ad98acc018a0: Group group-8C9593201D1B not found.
	at org.apache.hadoop.ozone.container.common.transport.server.ratis.XceiverServerRatis.removeGroup(XceiverServerRatis.java:774)
	at org.apache.hadoop.ozone.container.common.statemachine.commandhandler.ClosePipelineCommandHandler.handle(ClosePipelineCommandHandler.java:74)
	at org.apache.hadoop.ozone.container.common.statemachine.commandhandler.CommandDispatcher.handle(CommandDispatcher.java:99)
	at org.apache.hadoop.ozone.container.common.statemachine.DatanodeStateMachine.lambda$initCommandHandlerThread$2(DatanodeStateMachine.java:498)
	at java.lang.Thread.run(Thread.java:748)
Caused by: org.apache.ratis.protocol.exceptions.GroupMismatchException: b45b6da8-7dd9-434b-afe3-ad98acc018a0: Group group-8C9593201D1B not found.
	at org.apache.ratis.server.impl.RaftServerProxy.groupRemoveAsync(RaftServerProxy.java:445)
	at org.apache.ratis.server.impl.RaftServerProxy.groupManagementAsync(RaftServerProxy.java:401)
	at org.apache.ratis.server.impl.RaftServerProxy.groupManagement(RaftServerProxy.java:381)
	at org.apache.hadoop.ozone.container.common.transport.server.ratis.XceiverServerRatis.removeGroup(XceiverServerRatis.java:772)
	... 4 more
2020-12-17 02:12:53,209 [Command processor thread] WARN  impl.RaftServerProxy (RaftServerProxy.java:remove(99)) - b45b6da8-7dd9-434b-afe3-ad98acc018a0: does not contain group: group-D44B4C9671A5
2020-12-17 02:12:53,209 [Command processor thread] ERROR commandhandler.ClosePipelineCommandHandler (ClosePipelineCommandHandler.java:handle(78)) - Can't close pipeline PipelineID=b307a657-c31e-4a1d-b181-d44b4c9671a5
java.io.IOException: b45b6da8-7dd9-434b-afe3-ad98acc018a0: Group group-D44B4C9671A5 not found.
	at org.apache.hadoop.ozone.container.common.transport.server.ratis.XceiverServerRatis.removeGroup(XceiverServerRatis.java:774)
	at org.apache.hadoop.ozone.container.common.statemachine.commandhandler.ClosePipelineCommandHandler.handle(ClosePipelineCommandHandler.java:74)
	at org.apache.hadoop.ozone.container.common.statemachine.commandhandler.CommandDispatcher.handle(CommandDispatcher.java:99)
	at org.apache.hadoop.ozone.container.common.statemachine.DatanodeStateMachine.lambda$initCommandHandlerThread$2(DatanodeStateMachine.java:498)
	at java.lang.Thread.run(Thread.java:748)
Caused by: org.apache.ratis.protocol.exceptions.GroupMismatchException: b45b6da8-7dd9-434b-afe3-ad98acc018a0: Group group-D44B4C9671A5 not found.
	at org.apache.ratis.server.impl.RaftServerProxy.groupRemoveAsync(RaftServerProxy.java:445)
	at org.apache.ratis.server.impl.RaftServerProxy.groupManagementAsync(RaftServerProxy.java:401)
	at org.apache.ratis.server.impl.RaftServerProxy.groupManagement(RaftServerProxy.java:381)
	at org.apache.hadoop.ozone.container.common.transport.server.ratis.XceiverServerRatis.removeGroup(XceiverServerRatis.java:772)
	... 4 more
2020-12-17 02:12:53,209 [Command processor thread] WARN  impl.RaftServerProxy (RaftServerProxy.java:remove(99)) - 2b1d58b1-e44f-4041-9819-0dd176255f22: does not contain group: group-D44B4C9671A5
2020-12-17 02:12:53,209 [Command processor thread] ERROR commandhandler.ClosePipelineCommandHandler (ClosePipelineCommandHandler.java:handle(78)) - Can't close pipeline PipelineID=b307a657-c31e-4a1d-b181-d44b4c9671a5
java.io.IOException: 2b1d58b1-e44f-4041-9819-0dd176255f22: Group group-D44B4C9671A5 not found.
	at org.apache.hadoop.ozone.container.common.transport.server.ratis.XceiverServerRatis.removeGroup(XceiverServerRatis.java:774)
	at org.apache.hadoop.ozone.container.common.statemachine.commandhandler.ClosePipelineCommandHandler.handle(ClosePipelineCommandHandler.java:74)
	at org.apache.hadoop.ozone.container.common.statemachine.commandhandler.CommandDispatcher.handle(CommandDispatcher.java:99)
	at org.apache.hadoop.ozone.container.common.statemachine.DatanodeStateMachine.lambda$initCommandHandlerThread$2(DatanodeStateMachine.java:498)
	at java.lang.Thread.run(Thread.java:748)
Caused by: org.apache.ratis.protocol.exceptions.GroupMismatchException: 2b1d58b1-e44f-4041-9819-0dd176255f22: Group group-D44B4C9671A5 not found.
	at org.apache.ratis.server.impl.RaftServerProxy.groupRemoveAsync(RaftServerProxy.java:445)
	at org.apache.ratis.server.impl.RaftServerProxy.groupManagementAsync(RaftServerProxy.java:401)
	at org.apache.ratis.server.impl.RaftServerProxy.groupManagement(RaftServerProxy.java:381)
	at org.apache.hadoop.ozone.container.common.transport.server.ratis.XceiverServerRatis.removeGroup(XceiverServerRatis.java:772)
	... 4 more
2020-12-17 02:12:53,212 [Command processor thread] WARN  impl.RaftServerProxy (RaftServerProxy.java:remove(99)) - b45b6da8-7dd9-434b-afe3-ad98acc018a0: does not contain group: group-8C9593201D1B
2020-12-17 02:12:53,213 [Command processor thread] ERROR commandhandler.ClosePipelineCommandHandler (ClosePipelineCommandHandler.java:handle(78)) - Can't close pipeline PipelineID=ddbd9de5-4c26-484f-af7e-8c9593201d1b
java.io.IOException: b45b6da8-7dd9-434b-afe3-ad98acc018a0: Group group-8C9593201D1B not found.
	at org.apache.hadoop.ozone.container.common.transport.server.ratis.XceiverServerRatis.removeGroup(XceiverServerRatis.java:774)
	at org.apache.hadoop.ozone.container.common.statemachine.commandhandler.ClosePipelineCommandHandler.handle(ClosePipelineCommandHandler.java:74)
	at org.apache.hadoop.ozone.container.common.statemachine.commandhandler.CommandDispatcher.handle(CommandDispatcher.java:99)
	at org.apache.hadoop.ozone.container.common.statemachine.DatanodeStateMachine.lambda$initCommandHandlerThread$2(DatanodeStateMachine.java:498)
	at java.lang.Thread.run(Thread.java:748)
Caused by: org.apache.ratis.protocol.exceptions.GroupMismatchException: b45b6da8-7dd9-434b-afe3-ad98acc018a0: Group group-8C9593201D1B not found.
	at org.apache.ratis.server.impl.RaftServerProxy.groupRemoveAsync(RaftServerProxy.java:445)
	at org.apache.ratis.server.impl.RaftServerProxy.groupManagementAsync(RaftServerProxy.java:401)
	at org.apache.ratis.server.impl.RaftServerProxy.groupManagement(RaftServerProxy.java:381)
	at org.apache.hadoop.ozone.container.common.transport.server.ratis.XceiverServerRatis.removeGroup(XceiverServerRatis.java:772)
	... 4 more
2020-12-17 02:12:53,214 [Command processor thread] WARN  impl.RaftServerProxy (RaftServerProxy.java:remove(99)) - b45b6da8-7dd9-434b-afe3-ad98acc018a0: does not contain group: group-D44B4C9671A5
2020-12-17 02:12:53,214 [Command processor thread] ERROR commandhandler.ClosePipelineCommandHandler (ClosePipelineCommandHandler.java:handle(78)) - Can't close pipeline PipelineID=b307a657-c31e-4a1d-b181-d44b4c9671a5
java.io.IOException: b45b6da8-7dd9-434b-afe3-ad98acc018a0: Group group-D44B4C9671A5 not found.
	at org.apache.hadoop.ozone.container.common.transport.server.ratis.XceiverServerRatis.removeGroup(XceiverServerRatis.java:774)
	at org.apache.hadoop.ozone.container.common.statemachine.commandhandler.ClosePipelineCommandHandler.handle(ClosePipelineCommandHandler.java:74)
	at org.apache.hadoop.ozone.container.common.statemachine.commandhandler.CommandDispatcher.handle(CommandDispatcher.java:99)
	at org.apache.hadoop.ozone.container.common.statemachine.DatanodeStateMachine.lambda$initCommandHandlerThread$2(DatanodeStateMachine.java:498)
	at java.lang.Thread.run(Thread.java:748)
Caused by: org.apache.ratis.protocol.exceptions.GroupMismatchException: b45b6da8-7dd9-434b-afe3-ad98acc018a0: Group group-D44B4C9671A5 not found.
	at org.apache.ratis.server.impl.RaftServerProxy.groupRemoveAsync(RaftServerProxy.java:445)
	at org.apache.ratis.server.impl.RaftServerProxy.groupManagementAsync(RaftServerProxy.java:401)
	at org.apache.ratis.server.impl.RaftServerProxy.groupManagement(RaftServerProxy.java:381)
	at org.apache.hadoop.ozone.container.common.transport.server.ratis.XceiverServerRatis.removeGroup(XceiverServerRatis.java:772)
	... 4 more
2020-12-17 02:12:53,214 [Command processor thread] WARN  impl.RaftServerProxy (RaftServerProxy.java:remove(99)) - b45b6da8-7dd9-434b-afe3-ad98acc018a0: does not contain group: group-8C9593201D1B
2020-12-17 02:12:53,214 [Command processor thread] ERROR commandhandler.ClosePipelineCommandHandler (ClosePipelineCommandHandler.java:handle(78)) - Can't close pipeline PipelineID=ddbd9de5-4c26-484f-af7e-8c9593201d1b
java.io.IOException: b45b6da8-7dd9-434b-afe3-ad98acc018a0: Group group-8C9593201D1B not found.
	at org.apache.hadoop.ozone.container.common.transport.server.ratis.XceiverServerRatis.removeGroup(XceiverServerRatis.java:774)
	at org.apache.hadoop.ozone.container.common.statemachine.commandhandler.ClosePipelineCommandHandler.handle(ClosePipelineCommandHandler.java:74)
	at org.apache.hadoop.ozone.container.common.statemachine.commandhandler.CommandDispatcher.handle(CommandDispatcher.java:99)
	at org.apache.hadoop.ozone.container.common.statemachine.DatanodeStateMachine.lambda$initCommandHandlerThread$2(DatanodeStateMachine.java:498)
	at java.lang.Thread.run(Thread.java:748)
Caused by: org.apache.ratis.protocol.exceptions.GroupMismatchException: b45b6da8-7dd9-434b-afe3-ad98acc018a0: Group group-8C9593201D1B not found.
	at org.apache.ratis.server.impl.RaftServerProxy.groupRemoveAsync(RaftServerProxy.java:445)
	at org.apache.ratis.server.impl.RaftServerProxy.groupManagementAsync(RaftServerProxy.java:401)
	at org.apache.ratis.server.impl.RaftServerProxy.groupManagement(RaftServerProxy.java:381)
	at org.apache.hadoop.ozone.container.common.transport.server.ratis.XceiverServerRatis.removeGroup(XceiverServerRatis.java:772)
	... 4 more
2020-12-17 02:12:53,215 [Command processor thread] WARN  impl.RaftServerProxy (RaftServerProxy.java:remove(99)) - b45b6da8-7dd9-434b-afe3-ad98acc018a0: does not contain group: group-D44B4C9671A5
2020-12-17 02:12:53,215 [Command processor thread] ERROR commandhandler.ClosePipelineCommandHandler (ClosePipelineCommandHandler.java:handle(78)) - Can't close pipeline PipelineID=b307a657-c31e-4a1d-b181-d44b4c9671a5
java.io.IOException: b45b6da8-7dd9-434b-afe3-ad98acc018a0: Group group-D44B4C9671A5 not found.
	at org.apache.hadoop.ozone.container.common.transport.server.ratis.XceiverServerRatis.removeGroup(XceiverServerRatis.java:774)
	at org.apache.hadoop.ozone.container.common.statemachine.commandhandler.ClosePipelineCommandHandler.handle(ClosePipelineCommandHandler.java:74)
	at org.apache.hadoop.ozone.container.common.statemachine.commandhandler.CommandDispatcher.handle(CommandDispatcher.java:99)
	at org.apache.hadoop.ozone.container.common.statemachine.DatanodeStateMachine.lambda$initCommandHandlerThread$2(DatanodeStateMachine.java:498)
	at java.lang.Thread.run(Thread.java:748)
Caused by: org.apache.ratis.protocol.exceptions.GroupMismatchException: b45b6da8-7dd9-434b-afe3-ad98acc018a0: Group group-D44B4C9671A5 not found.
	at org.apache.ratis.server.impl.RaftServerProxy.groupRemoveAsync(RaftServerProxy.java:445)
	at org.apache.ratis.server.impl.RaftServerProxy.groupManagementAsync(RaftServerProxy.java:401)
	at org.apache.ratis.server.impl.RaftServerProxy.groupManagement(RaftServerProxy.java:381)
	at org.apache.hadoop.ozone.container.common.transport.server.ratis.XceiverServerRatis.removeGroup(XceiverServerRatis.java:772)
	... 4 more
2020-12-17 02:12:53,215 [Command processor thread] WARN  impl.RaftServerProxy (RaftServerProxy.java:remove(99)) - b45b6da8-7dd9-434b-afe3-ad98acc018a0: does not contain group: group-8C9593201D1B
2020-12-17 02:12:53,215 [Command processor thread] ERROR commandhandler.ClosePipelineCommandHandler (ClosePipelineCommandHandler.java:handle(78)) - Can't close pipeline PipelineID=ddbd9de5-4c26-484f-af7e-8c9593201d1b
java.io.IOException: b45b6da8-7dd9-434b-afe3-ad98acc018a0: Group group-8C9593201D1B not found.
	at org.apache.hadoop.ozone.container.common.transport.server.ratis.XceiverServerRatis.removeGroup(XceiverServerRatis.java:774)
	at org.apache.hadoop.ozone.container.common.statemachine.commandhandler.ClosePipelineCommandHandler.handle(ClosePipelineCommandHandler.java:74)
	at org.apache.hadoop.ozone.container.common.statemachine.commandhandler.CommandDispatcher.handle(CommandDispatcher.java:99)
	at org.apache.hadoop.ozone.container.common.statemachine.DatanodeStateMachine.lambda$initCommandHandlerThread$2(DatanodeStateMachine.java:498)
	at java.lang.Thread.run(Thread.java:748)
Caused by: org.apache.ratis.protocol.exceptions.GroupMismatchException: b45b6da8-7dd9-434b-afe3-ad98acc018a0: Group group-8C9593201D1B not found.
	at org.apache.ratis.server.impl.RaftServerProxy.groupRemoveAsync(RaftServerProxy.java:445)
	at org.apache.ratis.server.impl.RaftServerProxy.groupManagementAsync(RaftServerProxy.java:401)
	at org.apache.ratis.server.impl.RaftServerProxy.groupManagement(RaftServerProxy.java:381)
	at org.apache.hadoop.ozone.container.common.transport.server.ratis.XceiverServerRatis.removeGroup(XceiverServerRatis.java:772)
	... 4 more
2020-12-17 02:12:53,216 [Command processor thread] WARN  impl.RaftServerProxy (RaftServerProxy.java:remove(99)) - b45b6da8-7dd9-434b-afe3-ad98acc018a0: does not contain group: group-D44B4C9671A5
2020-12-17 02:12:53,216 [Command processor thread] ERROR commandhandler.ClosePipelineCommandHandler (ClosePipelineCommandHandler.java:handle(78)) - Can't close pipeline PipelineID=b307a657-c31e-4a1d-b181-d44b4c9671a5
java.io.IOException: b45b6da8-7dd9-434b-afe3-ad98acc018a0: Group group-D44B4C9671A5 not found.
	at org.apache.hadoop.ozone.container.common.transport.server.ratis.XceiverServerRatis.removeGroup(XceiverServerRatis.java:774)
	at org.apache.hadoop.ozone.container.common.statemachine.commandhandler.ClosePipelineCommandHandler.handle(ClosePipelineCommandHandler.java:74)
	at org.apache.hadoop.ozone.container.common.statemachine.commandhandler.CommandDispatcher.handle(CommandDispatcher.java:99)
	at org.apache.hadoop.ozone.container.common.statemachine.DatanodeStateMachine.lambda$initCommandHandlerThread$2(DatanodeStateMachine.java:498)
	at java.lang.Thread.run(Thread.java:748)
Caused by: org.apache.ratis.protocol.exceptions.GroupMismatchException: b45b6da8-7dd9-434b-afe3-ad98acc018a0: Group group-D44B4C9671A5 not found.
	at org.apache.ratis.server.impl.RaftServerProxy.groupRemoveAsync(RaftServerProxy.java:445)
	at org.apache.ratis.server.impl.RaftServerProxy.groupManagementAsync(RaftServerProxy.java:401)
	at org.apache.ratis.server.impl.RaftServerProxy.groupManagement(RaftServerProxy.java:381)
	at org.apache.hadoop.ozone.container.common.transport.server.ratis.XceiverServerRatis.removeGroup(XceiverServerRatis.java:772)
	... 4 more
2020-12-17 02:12:53,216 [Command processor thread] WARN  impl.RaftServerProxy (RaftServerProxy.java:remove(99)) - b45b6da8-7dd9-434b-afe3-ad98acc018a0: does not contain group: group-8C9593201D1B
2020-12-17 02:12:53,216 [Command processor thread] ERROR commandhandler.ClosePipelineCommandHandler (ClosePipelineCommandHandler.java:handle(78)) - Can't close pipeline PipelineID=ddbd9de5-4c26-484f-af7e-8c9593201d1b
java.io.IOException: b45b6da8-7dd9-434b-afe3-ad98acc018a0: Group group-8C9593201D1B not found.
	at org.apache.hadoop.ozone.container.common.transport.server.ratis.XceiverServerRatis.removeGroup(XceiverServerRatis.java:774)
	at org.apache.hadoop.ozone.container.common.statemachine.commandhandler.ClosePipelineCommandHandler.handle(ClosePipelineCommandHandler.java:74)
	at org.apache.hadoop.ozone.container.common.statemachine.commandhandler.CommandDispatcher.handle(CommandDispatcher.java:99)
	at org.apache.hadoop.ozone.container.common.statemachine.DatanodeStateMachine.lambda$initCommandHandlerThread$2(DatanodeStateMachine.java:498)
	at java.lang.Thread.run(Thread.java:748)
Caused by: org.apache.ratis.protocol.exceptions.GroupMismatchException: b45b6da8-7dd9-434b-afe3-ad98acc018a0: Group group-8C9593201D1B not found.
	at org.apache.ratis.server.impl.RaftServerProxy.groupRemoveAsync(RaftServerProxy.java:445)
	at org.apache.ratis.server.impl.RaftServerProxy.groupManagementAsync(RaftServerProxy.java:401)
	at org.apache.ratis.server.impl.RaftServerProxy.groupManagement(RaftServerProxy.java:381)
	at org.apache.hadoop.ozone.container.common.transport.server.ratis.XceiverServerRatis.removeGroup(XceiverServerRatis.java:772)
	... 4 more
2020-12-17 02:12:53,216 [Command processor thread] WARN  impl.RaftServerProxy (RaftServerProxy.java:remove(99)) - b45b6da8-7dd9-434b-afe3-ad98acc018a0: does not contain group: group-D44B4C9671A5
2020-12-17 02:12:53,216 [Command processor thread] ERROR commandhandler.ClosePipelineCommandHandler (ClosePipelineCommandHandler.java:handle(78)) - Can't close pipeline PipelineID=b307a657-c31e-4a1d-b181-d44b4c9671a5
java.io.IOException: b45b6da8-7dd9-434b-afe3-ad98acc018a0: Group group-D44B4C9671A5 not found.
	at org.apache.hadoop.ozone.container.common.transport.server.ratis.XceiverServerRatis.removeGroup(XceiverServerRatis.java:774)
	at org.apache.hadoop.ozone.container.common.statemachine.commandhandler.ClosePipelineCommandHandler.handle(ClosePipelineCommandHandler.java:74)
	at org.apache.hadoop.ozone.container.common.statemachine.commandhandler.CommandDispatcher.handle(CommandDispatcher.java:99)
	at org.apache.hadoop.ozone.container.common.statemachine.DatanodeStateMachine.lambda$initCommandHandlerThread$2(DatanodeStateMachine.java:498)
	at java.lang.Thread.run(Thread.java:748)
Caused by: org.apache.ratis.protocol.exceptions.GroupMismatchException: b45b6da8-7dd9-434b-afe3-ad98acc018a0: Group group-D44B4C9671A5 not found.
	at org.apache.ratis.server.impl.RaftServerProxy.groupRemoveAsync(RaftServerProxy.java:445)
	at org.apache.ratis.server.impl.RaftServerProxy.groupManagementAsync(RaftServerProxy.java:401)
	at org.apache.ratis.server.impl.RaftServerProxy.groupManagement(RaftServerProxy.java:381)
	at org.apache.hadoop.ozone.container.common.transport.server.ratis.XceiverServerRatis.removeGroup(XceiverServerRatis.java:772)
	... 4 more
2020-12-17 02:12:53,217 [Command processor thread] WARN  impl.RaftServerProxy (RaftServerProxy.java:remove(99)) - 2b1d58b1-e44f-4041-9819-0dd176255f22: does not contain group: group-29143985BDB4
2020-12-17 02:12:53,217 [Command processor thread] ERROR commandhandler.ClosePipelineCommandHandler (ClosePipelineCommandHandler.java:handle(78)) - Can't close pipeline PipelineID=7541b2f8-ed28-4886-918b-29143985bdb4
java.io.IOException: 2b1d58b1-e44f-4041-9819-0dd176255f22: Group group-29143985BDB4 not found.
	at org.apache.hadoop.ozone.container.common.transport.server.ratis.XceiverServerRatis.removeGroup(XceiverServerRatis.java:774)
	at org.apache.hadoop.ozone.container.common.statemachine.commandhandler.ClosePipelineCommandHandler.handle(ClosePipelineCommandHandler.java:74)
	at org.apache.hadoop.ozone.container.common.statemachine.commandhandler.CommandDispatcher.handle(CommandDispatcher.java:99)
	at org.apache.hadoop.ozone.container.common.statemachine.DatanodeStateMachine.lambda$initCommandHandlerThread$2(DatanodeStateMachine.java:498)
	at java.lang.Thread.run(Thread.java:748)
Caused by: org.apache.ratis.protocol.exceptions.GroupMismatchException: 2b1d58b1-e44f-4041-9819-0dd176255f22: Group group-29143985BDB4 not found.
	at org.apache.ratis.server.impl.RaftServerProxy.groupRemoveAsync(RaftServerProxy.java:445)
	at org.apache.ratis.server.impl.RaftServerProxy.groupManagementAsync(RaftServerProxy.java:401)
	at org.apache.ratis.server.impl.RaftServerProxy.groupManagement(RaftServerProxy.java:381)
	at org.apache.hadoop.ozone.container.common.transport.server.ratis.XceiverServerRatis.removeGroup(XceiverServerRatis.java:772)
	... 4 more
2020-12-17 02:12:53,217 [Command processor thread] WARN  impl.RaftServerProxy (RaftServerProxy.java:remove(99)) - 2b1d58b1-e44f-4041-9819-0dd176255f22: does not contain group: group-D44B4C9671A5
2020-12-17 02:12:53,217 [Command processor thread] ERROR commandhandler.ClosePipelineCommandHandler (ClosePipelineCommandHandler.java:handle(78)) - Can't close pipeline PipelineID=b307a657-c31e-4a1d-b181-d44b4c9671a5
java.io.IOException: 2b1d58b1-e44f-4041-9819-0dd176255f22: Group group-D44B4C9671A5 not found.
	at org.apache.hadoop.ozone.container.common.transport.server.ratis.XceiverServerRatis.removeGroup(XceiverServerRatis.java:774)
	at org.apache.hadoop.ozone.container.common.statemachine.commandhandler.ClosePipelineCommandHandler.handle(ClosePipelineCommandHandler.java:74)
	at org.apache.hadoop.ozone.container.common.statemachine.commandhandler.CommandDispatcher.handle(CommandDispatcher.java:99)
	at org.apache.hadoop.ozone.container.common.statemachine.DatanodeStateMachine.lambda$initCommandHandlerThread$2(DatanodeStateMachine.java:498)
	at java.lang.Thread.run(Thread.java:748)
Caused by: org.apache.ratis.protocol.exceptions.GroupMismatchException: 2b1d58b1-e44f-4041-9819-0dd176255f22: Group group-D44B4C9671A5 not found.
	at org.apache.ratis.server.impl.RaftServerProxy.groupRemoveAsync(RaftServerProxy.java:445)
	at org.apache.ratis.server.impl.RaftServerProxy.groupManagementAsync(RaftServerProxy.java:401)
	at org.apache.ratis.server.impl.RaftServerProxy.groupManagement(RaftServerProxy.java:381)
	at org.apache.hadoop.ozone.container.common.transport.server.ratis.XceiverServerRatis.removeGroup(XceiverServerRatis.java:772)
	... 4 more
2020-12-17 02:12:53,218 [Command processor thread] WARN  impl.RaftServerProxy (RaftServerProxy.java:remove(99)) - 2b1d58b1-e44f-4041-9819-0dd176255f22: does not contain group: group-29143985BDB4
2020-12-17 02:12:53,218 [Command processor thread] ERROR commandhandler.ClosePipelineCommandHandler (ClosePipelineCommandHandler.java:handle(78)) - Can't close pipeline PipelineID=7541b2f8-ed28-4886-918b-29143985bdb4
java.io.IOException: 2b1d58b1-e44f-4041-9819-0dd176255f22: Group group-29143985BDB4 not found.
	at org.apache.hadoop.ozone.container.common.transport.server.ratis.XceiverServerRatis.removeGroup(XceiverServerRatis.java:774)
	at org.apache.hadoop.ozone.container.common.statemachine.commandhandler.ClosePipelineCommandHandler.handle(ClosePipelineCommandHandler.java:74)
	at org.apache.hadoop.ozone.container.common.statemachine.commandhandler.CommandDispatcher.handle(CommandDispatcher.java:99)
	at org.apache.hadoop.ozone.container.common.statemachine.DatanodeStateMachine.lambda$initCommandHandlerThread$2(DatanodeStateMachine.java:498)
	at java.lang.Thread.run(Thread.java:748)
Caused by: org.apache.ratis.protocol.exceptions.GroupMismatchException: 2b1d58b1-e44f-4041-9819-0dd176255f22: Group group-29143985BDB4 not found.
	at org.apache.ratis.server.impl.RaftServerProxy.groupRemoveAsync(RaftServerProxy.java:445)
	at org.apache.ratis.server.impl.RaftServerProxy.groupManagementAsync(RaftServerProxy.java:401)
	at org.apache.ratis.server.impl.RaftServerProxy.groupManagement(RaftServerProxy.java:381)
	at org.apache.hadoop.ozone.container.common.transport.server.ratis.XceiverServerRatis.removeGroup(XceiverServerRatis.java:772)
	... 4 more
2020-12-17 02:12:53,218 [Command processor thread] WARN  impl.RaftServerProxy (RaftServerProxy.java:remove(99)) - 2b1d58b1-e44f-4041-9819-0dd176255f22: does not contain group: group-D44B4C9671A5
2020-12-17 02:12:53,218 [Command processor thread] ERROR commandhandler.ClosePipelineCommandHandler (ClosePipelineCommandHandler.java:handle(78)) - Can't close pipeline PipelineID=b307a657-c31e-4a1d-b181-d44b4c9671a5
java.io.IOException: 2b1d58b1-e44f-4041-9819-0dd176255f22: Group group-D44B4C9671A5 not found.
	at org.apache.hadoop.ozone.container.common.transport.server.ratis.XceiverServerRatis.removeGroup(XceiverServerRatis.java:774)
	at org.apache.hadoop.ozone.container.common.statemachine.commandhandler.ClosePipelineCommandHandler.handle(ClosePipelineCommandHandler.java:74)
	at org.apache.hadoop.ozone.container.common.statemachine.commandhandler.CommandDispatcher.handle(CommandDispatcher.java:99)
	at org.apache.hadoop.ozone.container.common.statemachine.DatanodeStateMachine.lambda$initCommandHandlerThread$2(DatanodeStateMachine.java:498)
	at java.lang.Thread.run(Thread.java:748)
Caused by: org.apache.ratis.protocol.exceptions.GroupMismatchException: 2b1d58b1-e44f-4041-9819-0dd176255f22: Group group-D44B4C9671A5 not found.
	at org.apache.ratis.server.impl.RaftServerProxy.groupRemoveAsync(RaftServerProxy.java:445)
	at org.apache.ratis.server.impl.RaftServerProxy.groupManagementAsync(RaftServerProxy.java:401)
	at org.apache.ratis.server.impl.RaftServerProxy.groupManagement(RaftServerProxy.java:381)
	at org.apache.hadoop.ozone.container.common.transport.server.ratis.XceiverServerRatis.removeGroup(XceiverServerRatis.java:772)
	... 4 more
2020-12-17 02:12:53,237 [DatanodeAdminManager-0] INFO  node.DatanodeAdminMonitorImpl (DatanodeAdminMonitorImpl.java:run(136)) - There are 3 nodes tracked for decommission and maintenance. 0 pending nodes.
2020-12-17 02:12:54,179 [Command processor thread] INFO  impl.RaftServerProxy (RaftServerProxy.java:remove(104)) - a5453659-3127-401c-b9c1-bc8f4372128a: remove    LEADER a5453659-3127-401c-b9c1-bc8f4372128a@group-D44B4C9671A5:t1, leader=a5453659-3127-401c-b9c1-bc8f4372128a, voted=a5453659-3127-401c-b9c1-bc8f4372128a, raftlog=a5453659-3127-401c-b9c1-bc8f4372128a@group-D44B4C9671A5-SegmentedRaftLog:OPENED:c38,f38,i38, conf=0: [b45b6da8-7dd9-434b-afe3-ad98acc018a0|rpc:172.17.0.2:41361|dataStream:, a5453659-3127-401c-b9c1-bc8f4372128a|rpc:172.17.0.2:33101|dataStream:, 2b1d58b1-e44f-4041-9819-0dd176255f22|rpc:172.17.0.2:40577|dataStream:], old=null RUNNING
2020-12-17 02:12:54,179 [Command processor thread] INFO  impl.RaftServerImpl (RaftServerImpl.java:lambda$shutdown$3(328)) - a5453659-3127-401c-b9c1-bc8f4372128a@group-D44B4C9671A5: shutdown
2020-12-17 02:12:54,179 [Command processor thread] INFO  util.JmxRegister (JmxRegister.java:unregister(73)) - Successfully un-registered JMX Bean with object name Ratis:service=RaftServer,group=group-D44B4C9671A5,id=a5453659-3127-401c-b9c1-bc8f4372128a
2020-12-17 02:12:54,180 [Command processor thread] INFO  impl.RoleInfo (RoleInfo.java:shutdownLeaderState(104)) - a5453659-3127-401c-b9c1-bc8f4372128a: shutdown a5453659-3127-401c-b9c1-bc8f4372128a@group-D44B4C9671A5-LeaderState
2020-12-17 02:12:54,180 [Command processor thread] INFO  metrics.RatisMetrics (RatisMetrics.java:unregister(43)) - Unregistering Metrics Registry : ratis_grpc.log_appender.a5453659-3127-401c-b9c1-bc8f4372128a@group-D44B4C9671A5
2020-12-17 02:12:54,180 [Command processor thread] INFO  metrics.RatisMetrics (RatisMetrics.java:unregister(43)) - Unregistering Metrics Registry : ratis_grpc.log_appender.a5453659-3127-401c-b9c1-bc8f4372128a@group-D44B4C9671A5
2020-12-17 02:12:54,180 [IPC Server handler 18 on default port 46749] INFO  node.SCMNodeManager (SCMNodeManager.java:updateDatanodeOpState(419)) - Scheduling a command to update the operationalState persisted on the datanode as the reported value (IN_SERVICE, 0) does not match the value stored in SCM (ENTERING_MAINTENANCE, 0)
2020-12-17 02:12:54,180 [org.apache.ratis.server.impl.LogAppender$AppenderDaemon$$Lambda$506/1217617741@11ea0792] WARN  server.GrpcLogAppender (GrpcLogAppender.java:mayWait(168)) - a5453659-3127-401c-b9c1-bc8f4372128a@group-D44B4C9671A5->2b1d58b1-e44f-4041-9819-0dd176255f22-GrpcLogAppender: Wait interrupted by java.lang.InterruptedException
2020-12-17 02:12:54,180 [Command processor thread] INFO  impl.PendingRequests (PendingRequests.java:sendNotLeaderResponses(250)) - a5453659-3127-401c-b9c1-bc8f4372128a@group-D44B4C9671A5-PendingRequests: sendNotLeaderResponses
2020-12-17 02:12:54,182 [org.apache.ratis.server.impl.LogAppender$AppenderDaemon$$Lambda$506/1217617741@5080e055] WARN  server.GrpcLogAppender (GrpcLogAppender.java:mayWait(168)) - a5453659-3127-401c-b9c1-bc8f4372128a@group-D44B4C9671A5->b45b6da8-7dd9-434b-afe3-ad98acc018a0-GrpcLogAppender: Wait interrupted by java.lang.InterruptedException
2020-12-17 02:12:54,183 [grpc-default-executor-1] INFO  server.GrpcServerProtocolService (GrpcServerProtocolService.java:onCompleted(138)) - 2b1d58b1-e44f-4041-9819-0dd176255f22: Completed APPEND_ENTRIES, lastRequest: a5453659-3127-401c-b9c1-bc8f4372128a->2b1d58b1-e44f-4041-9819-0dd176255f22#380-t1, previous=(t:1, i:37), leaderCommit=36, initializing? false, entries: size=1, first=(t:1, i:38), METADATAENTRY(c:36)
2020-12-17 02:12:54,183 [grpc-default-executor-4] INFO  server.GrpcServerProtocolService (GrpcServerProtocolService.java:onCompleted(138)) - b45b6da8-7dd9-434b-afe3-ad98acc018a0: Completed APPEND_ENTRIES, lastRequest: a5453659-3127-401c-b9c1-bc8f4372128a->b45b6da8-7dd9-434b-afe3-ad98acc018a0#377-t1, previous=(t:1, i:37), leaderCommit=36, initializing? false, entries: size=1, first=(t:1, i:38), METADATAENTRY(c:36)
2020-12-17 02:12:54,184 [Command processor thread] INFO  metrics.RatisMetrics (RatisMetrics.java:unregister(43)) - Unregistering Metrics Registry : ratis.log_appender.a5453659-3127-401c-b9c1-bc8f4372128a@group-D44B4C9671A5
2020-12-17 02:12:54,184 [Command processor thread] INFO  metrics.RatisMetrics (RatisMetrics.java:unregister(43)) - Unregistering Metrics Registry : ratis.server.a5453659-3127-401c-b9c1-bc8f4372128a@group-D44B4C9671A5
2020-12-17 02:12:54,191 [grpc-default-executor-1] INFO  server.GrpcLogAppender (GrpcLogAppender.java:onCompleted(337)) - a5453659-3127-401c-b9c1-bc8f4372128a@group-D44B4C9671A5->2b1d58b1-e44f-4041-9819-0dd176255f22-AppendLogResponseHandler: follower responses appendEntries COMPLETED
2020-12-17 02:12:54,191 [grpc-default-executor-1] INFO  impl.FollowerInfo (FollowerInfo.java:lambda$new$0(51)) - a5453659-3127-401c-b9c1-bc8f4372128a@group-D44B4C9671A5->2b1d58b1-e44f-4041-9819-0dd176255f22: nextIndex: updateUnconditionally 39 -> 38
2020-12-17 02:12:54,193 [grpc-default-executor-1] INFO  server.GrpcLogAppender (GrpcLogAppender.java:onCompleted(337)) - a5453659-3127-401c-b9c1-bc8f4372128a@group-D44B4C9671A5->b45b6da8-7dd9-434b-afe3-ad98acc018a0-AppendLogResponseHandler: follower responses appendEntries COMPLETED
2020-12-17 02:12:54,193 [grpc-default-executor-1] INFO  impl.FollowerInfo (FollowerInfo.java:lambda$new$0(51)) - a5453659-3127-401c-b9c1-bc8f4372128a@group-D44B4C9671A5->b45b6da8-7dd9-434b-afe3-ad98acc018a0: nextIndex: updateUnconditionally 39 -> 38
2020-12-17 02:12:54,198 [Command processor thread] INFO  impl.StateMachineUpdater (StateMachineUpdater.java:stopAndJoin(147)) - a5453659-3127-401c-b9c1-bc8f4372128a@group-D44B4C9671A5-StateMachineUpdater: set stopIndex = 38
2020-12-17 02:12:54,198 [a5453659-3127-401c-b9c1-bc8f4372128a@group-D44B4C9671A5-StateMachineUpdater] INFO  ratis.ContainerStateMachine (ContainerStateMachine.java:takeSnapshot(293)) - group-D44B4C9671A5: Taking a snapshot at:(t:1, i:38) file /github/workspace/mnt/ozone/hadoop-ozone/integration-test/target/test-dir/MiniOzoneClusterImpl-2a381d17-8836-40f3-94ec-0b892e5c06e0/datanode-2/data/ratis/b307a657-c31e-4a1d-b181-d44b4c9671a5/sm/snapshot.1_38
2020-12-17 02:12:54,199 [a5453659-3127-401c-b9c1-bc8f4372128a@group-D44B4C9671A5-StateMachineUpdater] INFO  ratis.ContainerStateMachine (ContainerStateMachine.java:takeSnapshot(304)) - group-D44B4C9671A5: Finished taking a snapshot at:(t:1, i:38) file:/github/workspace/mnt/ozone/hadoop-ozone/integration-test/target/test-dir/MiniOzoneClusterImpl-2a381d17-8836-40f3-94ec-0b892e5c06e0/datanode-2/data/ratis/b307a657-c31e-4a1d-b181-d44b4c9671a5/sm/snapshot.1_38 time:1
2020-12-17 02:12:54,200 [a5453659-3127-401c-b9c1-bc8f4372128a@group-D44B4C9671A5-StateMachineUpdater] INFO  impl.StateMachineUpdater (StateMachineUpdater.java:takeSnapshot(278)) - a5453659-3127-401c-b9c1-bc8f4372128a@group-D44B4C9671A5-StateMachineUpdater: Took a snapshot at index 38
2020-12-17 02:12:54,200 [a5453659-3127-401c-b9c1-bc8f4372128a@group-D44B4C9671A5-StateMachineUpdater] INFO  impl.StateMachineUpdater (StateMachineUpdater.java:lambda$new$0(87)) - a5453659-3127-401c-b9c1-bc8f4372128a@group-D44B4C9671A5-StateMachineUpdater: snapshotIndex: updateIncreasingly -1 -> 38
2020-12-17 02:12:54,200 [a5453659-3127-401c-b9c1-bc8f4372128a@group-D44B4C9671A5-StateMachineUpdater] INFO  metrics.RatisMetrics (RatisMetrics.java:unregister(43)) - Unregistering Metrics Registry : ratis.state_machine.a5453659-3127-401c-b9c1-bc8f4372128a@group-D44B4C9671A5
2020-12-17 02:12:54,200 [Command processor thread] INFO  impl.RaftServerImpl (ServerState.java:close(406)) - a5453659-3127-401c-b9c1-bc8f4372128a@group-D44B4C9671A5: closes. applyIndex: 38
2020-12-17 02:12:54,200 [a5453659-3127-401c-b9c1-bc8f4372128a@group-D44B4C9671A5-SegmentedRaftLogWorker] INFO  segmented.SegmentedRaftLogWorker (SegmentedRaftLogWorker.java:run(329)) - a5453659-3127-401c-b9c1-bc8f4372128a@group-D44B4C9671A5-SegmentedRaftLogWorker was interrupted, exiting. There are 0 tasks remaining in the queue.
2020-12-17 02:12:54,200 [Command processor thread] INFO  segmented.SegmentedRaftLogWorker (SegmentedRaftLogWorker.java:close(235)) - a5453659-3127-401c-b9c1-bc8f4372128a@group-D44B4C9671A5-SegmentedRaftLogWorker close()
2020-12-17 02:12:54,201 [Command processor thread] INFO  metrics.RatisMetrics (RatisMetrics.java:unregister(43)) - Unregistering Metrics Registry : ratis.log_worker.a5453659-3127-401c-b9c1-bc8f4372128a@group-D44B4C9671A5
2020-12-17 02:12:54,201 [Command processor thread] INFO  metrics.RatisMetrics (RatisMetrics.java:unregister(43)) - Unregistering Metrics Registry : ratis.leader_election.a5453659-3127-401c-b9c1-bc8f4372128a@group-D44B4C9671A5
2020-12-17 02:12:54,201 [Command processor thread] INFO  metrics.RatisMetrics (RatisMetrics.java:unregister(43)) - Unregistering Metrics Registry : ratis.server.a5453659-3127-401c-b9c1-bc8f4372128a@group-D44B4C9671A5
2020-12-17 02:12:54,203 [IPC Server handler 9 on default port 46749] INFO  node.SCMNodeManager (SCMNodeManager.java:updateDatanodeOpState(419)) - Scheduling a command to update the operationalState persisted on the datanode as the reported value (IN_SERVICE, 0) does not match the value stored in SCM (ENTERING_MAINTENANCE, 0)
2020-12-17 02:12:54,204 [Command processor thread] INFO  keyvalue.KeyValueContainer (KeyValueContainer.java:flushAndSyncDB(388)) - Container 1 is synced with bcsId 32.
2020-12-17 02:12:54,204 [Command processor thread] INFO  keyvalue.KeyValueContainer (KeyValueContainer.java:flushAndSyncDB(388)) - Container 1 is synced with bcsId 32.
2020-12-17 02:12:54,206 [IPC Server handler 10 on default port 46749] INFO  node.SCMNodeManager (SCMNodeManager.java:updateDatanodeOpState(419)) - Scheduling a command to update the operationalState persisted on the datanode as the reported value (IN_SERVICE, 0) does not match the value stored in SCM (ENTERING_MAINTENANCE, 0)
2020-12-17 02:12:54,208 [IPC Server handler 11 on default port 46749] INFO  node.SCMNodeManager (SCMNodeManager.java:updateDatanodeOpState(419)) - Scheduling a command to update the operationalState persisted on the datanode as the reported value (IN_SERVICE, 0) does not match the value stored in SCM (ENTERING_MAINTENANCE, 0)
2020-12-17 02:12:54,209 [Command processor thread] INFO  keyvalue.KeyValueContainer (KeyValueContainer.java:flushAndSyncDB(388)) - Container 2 is synced with bcsId 36.
2020-12-17 02:12:54,209 [Command processor thread] INFO  keyvalue.KeyValueContainer (KeyValueContainer.java:flushAndSyncDB(388)) - Container 2 is synced with bcsId 36.
2020-12-17 02:12:54,210 [IPC Server handler 17 on default port 46749] INFO  node.SCMNodeManager (SCMNodeManager.java:updateDatanodeOpState(419)) - Scheduling a command to update the operationalState persisted on the datanode as the reported value (IN_SERVICE, 0) does not match the value stored in SCM (ENTERING_MAINTENANCE, 0)
2020-12-17 02:12:54,210 [Command processor thread] INFO  impl.RaftServerImpl (RaftServerImpl.java:groupRemove(299)) - a5453659-3127-401c-b9c1-bc8f4372128a@group-D44B4C9671A5: Succeed to remove RaftStorageDirectory Storage Directory /github/workspace/mnt/ozone/hadoop-ozone/integration-test/target/test-dir/MiniOzoneClusterImpl-2a381d17-8836-40f3-94ec-0b892e5c06e0/datanode-2/data/ratis/b307a657-c31e-4a1d-b181-d44b4c9671a5
2020-12-17 02:12:54,210 [Command processor thread] INFO  commandhandler.ClosePipelineCommandHandler (ClosePipelineCommandHandler.java:handle(75)) - Close Pipeline PipelineID=b307a657-c31e-4a1d-b181-d44b4c9671a5 command on datanode a5453659-3127-401c-b9c1-bc8f4372128a.
2020-12-17 02:12:54,211 [Command processor thread] INFO  impl.RaftServerProxy (RaftServerProxy.java:remove(104)) - a5453659-3127-401c-b9c1-bc8f4372128a: remove    LEADER a5453659-3127-401c-b9c1-bc8f4372128a@group-B8FAD682F618:t1, leader=a5453659-3127-401c-b9c1-bc8f4372128a, voted=a5453659-3127-401c-b9c1-bc8f4372128a, raftlog=a5453659-3127-401c-b9c1-bc8f4372128a@group-B8FAD682F618-SegmentedRaftLog:OPENED:c0,f0,i0, conf=0: [a5453659-3127-401c-b9c1-bc8f4372128a|rpc:172.17.0.2:33101|dataStream:], old=null RUNNING
2020-12-17 02:12:54,211 [Command processor thread] INFO  impl.RaftServerImpl (RaftServerImpl.java:lambda$shutdown$3(328)) - a5453659-3127-401c-b9c1-bc8f4372128a@group-B8FAD682F618: shutdown
2020-12-17 02:12:54,211 [Command processor thread] INFO  util.JmxRegister (JmxRegister.java:unregister(73)) - Successfully un-registered JMX Bean with object name Ratis:service=RaftServer,group=group-B8FAD682F618,id=a5453659-3127-401c-b9c1-bc8f4372128a
2020-12-17 02:12:54,211 [Command processor thread] INFO  impl.RoleInfo (RoleInfo.java:shutdownLeaderState(104)) - a5453659-3127-401c-b9c1-bc8f4372128a: shutdown a5453659-3127-401c-b9c1-bc8f4372128a@group-B8FAD682F618-LeaderState
2020-12-17 02:12:54,211 [Command processor thread] INFO  impl.PendingRequests (PendingRequests.java:sendNotLeaderResponses(250)) - a5453659-3127-401c-b9c1-bc8f4372128a@group-B8FAD682F618-PendingRequests: sendNotLeaderResponses
2020-12-17 02:12:54,211 [Command processor thread] INFO  metrics.RatisMetrics (RatisMetrics.java:unregister(43)) - Unregistering Metrics Registry : ratis.log_appender.a5453659-3127-401c-b9c1-bc8f4372128a@group-B8FAD682F618
2020-12-17 02:12:54,211 [Command processor thread] INFO  metrics.RatisMetrics (RatisMetrics.java:unregister(43)) - Unregistering Metrics Registry : ratis.server.a5453659-3127-401c-b9c1-bc8f4372128a@group-B8FAD682F618
2020-12-17 02:12:54,212 [Command processor thread] INFO  impl.StateMachineUpdater (StateMachineUpdater.java:stopAndJoin(147)) - a5453659-3127-401c-b9c1-bc8f4372128a@group-B8FAD682F618-StateMachineUpdater: set stopIndex = 0
2020-12-17 02:12:54,213 [a5453659-3127-401c-b9c1-bc8f4372128a@group-B8FAD682F618-StateMachineUpdater] INFO  ratis.ContainerStateMachine (ContainerStateMachine.java:takeSnapshot(293)) - group-B8FAD682F618: Taking a snapshot at:(t:1, i:0) file /github/workspace/mnt/ozone/hadoop-ozone/integration-test/target/test-dir/MiniOzoneClusterImpl-2a381d17-8836-40f3-94ec-0b892e5c06e0/datanode-2/data/ratis/fee38756-5379-43ea-8752-b8fad682f618/sm/snapshot.1_0
2020-12-17 02:12:54,213 [a5453659-3127-401c-b9c1-bc8f4372128a@group-B8FAD682F618-StateMachineUpdater] INFO  ratis.ContainerStateMachine (ContainerStateMachine.java:takeSnapshot(304)) - group-B8FAD682F618: Finished taking a snapshot at:(t:1, i:0) file:/github/workspace/mnt/ozone/hadoop-ozone/integration-test/target/test-dir/MiniOzoneClusterImpl-2a381d17-8836-40f3-94ec-0b892e5c06e0/datanode-2/data/ratis/fee38756-5379-43ea-8752-b8fad682f618/sm/snapshot.1_0 time:0
2020-12-17 02:12:54,213 [a5453659-3127-401c-b9c1-bc8f4372128a@group-B8FAD682F618-StateMachineUpdater] INFO  impl.StateMachineUpdater (StateMachineUpdater.java:takeSnapshot(278)) - a5453659-3127-401c-b9c1-bc8f4372128a@group-B8FAD682F618-StateMachineUpdater: Took a snapshot at index 0
2020-12-17 02:12:54,213 [a5453659-3127-401c-b9c1-bc8f4372128a@group-B8FAD682F618-StateMachineUpdater] INFO  impl.StateMachineUpdater (StateMachineUpdater.java:lambda$new$0(87)) - a5453659-3127-401c-b9c1-bc8f4372128a@group-B8FAD682F618-StateMachineUpdater: snapshotIndex: updateIncreasingly -1 -> 0
2020-12-17 02:12:54,214 [a5453659-3127-401c-b9c1-bc8f4372128a@group-B8FAD682F618-StateMachineUpdater] INFO  metrics.RatisMetrics (RatisMetrics.java:unregister(43)) - Unregistering Metrics Registry : ratis.state_machine.a5453659-3127-401c-b9c1-bc8f4372128a@group-B8FAD682F618
2020-12-17 02:12:54,214 [Command processor thread] INFO  impl.RaftServerImpl (ServerState.java:close(406)) - a5453659-3127-401c-b9c1-bc8f4372128a@group-B8FAD682F618: closes. applyIndex: 0
2020-12-17 02:12:54,214 [a5453659-3127-401c-b9c1-bc8f4372128a@group-B8FAD682F618-SegmentedRaftLogWorker] INFO  segmented.SegmentedRaftLogWorker (SegmentedRaftLogWorker.java:run(329)) - a5453659-3127-401c-b9c1-bc8f4372128a@group-B8FAD682F618-SegmentedRaftLogWorker was interrupted, exiting. There are 0 tasks remaining in the queue.
2020-12-17 02:12:54,214 [Command processor thread] INFO  segmented.SegmentedRaftLogWorker (SegmentedRaftLogWorker.java:close(235)) - a5453659-3127-401c-b9c1-bc8f4372128a@group-B8FAD682F618-SegmentedRaftLogWorker close()
2020-12-17 02:12:54,215 [Command processor thread] INFO  metrics.RatisMetrics (RatisMetrics.java:unregister(43)) - Unregistering Metrics Registry : ratis.log_worker.a5453659-3127-401c-b9c1-bc8f4372128a@group-B8FAD682F618
2020-12-17 02:12:54,215 [Command processor thread] INFO  metrics.RatisMetrics (RatisMetrics.java:unregister(43)) - Unregistering Metrics Registry : ratis.leader_election.a5453659-3127-401c-b9c1-bc8f4372128a@group-B8FAD682F618
2020-12-17 02:12:54,215 [Command processor thread] INFO  metrics.RatisMetrics (RatisMetrics.java:unregister(43)) - Unregistering Metrics Registry : ratis.server.a5453659-3127-401c-b9c1-bc8f4372128a@group-B8FAD682F618
2020-12-17 02:12:54,216 [Command processor thread] INFO  impl.RaftServerImpl (RaftServerImpl.java:groupRemove(299)) - a5453659-3127-401c-b9c1-bc8f4372128a@group-B8FAD682F618: Succeed to remove RaftStorageDirectory Storage Directory /github/workspace/mnt/ozone/hadoop-ozone/integration-test/target/test-dir/MiniOzoneClusterImpl-2a381d17-8836-40f3-94ec-0b892e5c06e0/datanode-2/data/ratis/fee38756-5379-43ea-8752-b8fad682f618
2020-12-17 02:12:54,216 [Command processor thread] INFO  commandhandler.ClosePipelineCommandHandler (ClosePipelineCommandHandler.java:handle(75)) - Close Pipeline PipelineID=fee38756-5379-43ea-8752-b8fad682f618 command on datanode a5453659-3127-401c-b9c1-bc8f4372128a.
2020-12-17 02:12:54,217 [Command processor thread] WARN  impl.RaftServerProxy (RaftServerProxy.java:remove(99)) - a5453659-3127-401c-b9c1-bc8f4372128a: does not contain group: group-B8FAD682F618
2020-12-17 02:12:54,217 [Command processor thread] ERROR commandhandler.ClosePipelineCommandHandler (ClosePipelineCommandHandler.java:handle(78)) - Can't close pipeline PipelineID=fee38756-5379-43ea-8752-b8fad682f618
java.io.IOException: a5453659-3127-401c-b9c1-bc8f4372128a: Group group-B8FAD682F618 not found.
	at org.apache.hadoop.ozone.container.common.transport.server.ratis.XceiverServerRatis.removeGroup(XceiverServerRatis.java:774)
	at org.apache.hadoop.ozone.container.common.statemachine.commandhandler.ClosePipelineCommandHandler.handle(ClosePipelineCommandHandler.java:74)
	at org.apache.hadoop.ozone.container.common.statemachine.commandhandler.CommandDispatcher.handle(CommandDispatcher.java:99)
	at org.apache.hadoop.ozone.container.common.statemachine.DatanodeStateMachine.lambda$initCommandHandlerThread$2(DatanodeStateMachine.java:498)
	at java.lang.Thread.run(Thread.java:748)
Caused by: org.apache.ratis.protocol.exceptions.GroupMismatchException: a5453659-3127-401c-b9c1-bc8f4372128a: Group group-B8FAD682F618 not found.
	at org.apache.ratis.server.impl.RaftServerProxy.groupRemoveAsync(RaftServerProxy.java:445)
	at org.apache.ratis.server.impl.RaftServerProxy.groupManagementAsync(RaftServerProxy.java:401)
	at org.apache.ratis.server.impl.RaftServerProxy.groupManagement(RaftServerProxy.java:381)
	at org.apache.hadoop.ozone.container.common.transport.server.ratis.XceiverServerRatis.removeGroup(XceiverServerRatis.java:772)
	... 4 more
2020-12-17 02:12:54,217 [Command processor thread] WARN  impl.RaftServerProxy (RaftServerProxy.java:remove(99)) - a5453659-3127-401c-b9c1-bc8f4372128a: does not contain group: group-D44B4C9671A5
2020-12-17 02:12:54,217 [Command processor thread] ERROR commandhandler.ClosePipelineCommandHandler (ClosePipelineCommandHandler.java:handle(78)) - Can't close pipeline PipelineID=b307a657-c31e-4a1d-b181-d44b4c9671a5
java.io.IOException: a5453659-3127-401c-b9c1-bc8f4372128a: Group group-D44B4C9671A5 not found.
	at org.apache.hadoop.ozone.container.common.transport.server.ratis.XceiverServerRatis.removeGroup(XceiverServerRatis.java:774)
	at org.apache.hadoop.ozone.container.common.statemachine.commandhandler.ClosePipelineCommandHandler.handle(ClosePipelineCommandHandler.java:74)
	at org.apache.hadoop.ozone.container.common.statemachine.commandhandler.CommandDispatcher.handle(CommandDispatcher.java:99)
	at org.apache.hadoop.ozone.container.common.statemachine.DatanodeStateMachine.lambda$initCommandHandlerThread$2(DatanodeStateMachine.java:498)
	at java.lang.Thread.run(Thread.java:748)
Caused by: org.apache.ratis.protocol.exceptions.GroupMismatchException: a5453659-3127-401c-b9c1-bc8f4372128a: Group group-D44B4C9671A5 not found.
	at org.apache.ratis.server.impl.RaftServerProxy.groupRemoveAsync(RaftServerProxy.java:445)
	at org.apache.ratis.server.impl.RaftServerProxy.groupManagementAsync(RaftServerProxy.java:401)
	at org.apache.ratis.server.impl.RaftServerProxy.groupManagement(RaftServerProxy.java:381)
	at org.apache.hadoop.ozone.container.common.transport.server.ratis.XceiverServerRatis.removeGroup(XceiverServerRatis.java:772)
	... 4 more
2020-12-17 02:12:54,224 [Command processor thread] WARN  impl.RaftServerProxy (RaftServerProxy.java:remove(99)) - a5453659-3127-401c-b9c1-bc8f4372128a: does not contain group: group-B8FAD682F618
2020-12-17 02:12:54,224 [Command processor thread] ERROR commandhandler.ClosePipelineCommandHandler (ClosePipelineCommandHandler.java:handle(78)) - Can't close pipeline PipelineID=fee38756-5379-43ea-8752-b8fad682f618
java.io.IOException: a5453659-3127-401c-b9c1-bc8f4372128a: Group group-B8FAD682F618 not found.
	at org.apache.hadoop.ozone.container.common.transport.server.ratis.XceiverServerRatis.removeGroup(XceiverServerRatis.java:774)
	at org.apache.hadoop.ozone.container.common.statemachine.commandhandler.ClosePipelineCommandHandler.handle(ClosePipelineCommandHandler.java:74)
	at org.apache.hadoop.ozone.container.common.statemachine.commandhandler.CommandDispatcher.handle(CommandDispatcher.java:99)
	at org.apache.hadoop.ozone.container.common.statemachine.DatanodeStateMachine.lambda$initCommandHandlerThread$2(DatanodeStateMachine.java:498)
	at java.lang.Thread.run(Thread.java:748)
Caused by: org.apache.ratis.protocol.exceptions.GroupMismatchException: a5453659-3127-401c-b9c1-bc8f4372128a: Group group-B8FAD682F618 not found.
	at org.apache.ratis.server.impl.RaftServerProxy.groupRemoveAsync(RaftServerProxy.java:445)
	at org.apache.ratis.server.impl.RaftServerProxy.groupManagementAsync(RaftServerProxy.java:401)
	at org.apache.ratis.server.impl.RaftServerProxy.groupManagement(RaftServerProxy.java:381)
	at org.apache.hadoop.ozone.container.common.transport.server.ratis.XceiverServerRatis.removeGroup(XceiverServerRatis.java:772)
	... 4 more
2020-12-17 02:12:54,224 [Command processor thread] WARN  impl.RaftServerProxy (RaftServerProxy.java:remove(99)) - a5453659-3127-401c-b9c1-bc8f4372128a: does not contain group: group-D44B4C9671A5
2020-12-17 02:12:54,224 [Command processor thread] ERROR commandhandler.ClosePipelineCommandHandler (ClosePipelineCommandHandler.java:handle(78)) - Can't close pipeline PipelineID=b307a657-c31e-4a1d-b181-d44b4c9671a5
java.io.IOException: a5453659-3127-401c-b9c1-bc8f4372128a: Group group-D44B4C9671A5 not found.
	at org.apache.hadoop.ozone.container.common.transport.server.ratis.XceiverServerRatis.removeGroup(XceiverServerRatis.java:774)
	at org.apache.hadoop.ozone.container.common.statemachine.commandhandler.ClosePipelineCommandHandler.handle(ClosePipelineCommandHandler.java:74)
	at org.apache.hadoop.ozone.container.common.statemachine.commandhandler.CommandDispatcher.handle(CommandDispatcher.java:99)
	at org.apache.hadoop.ozone.container.common.statemachine.DatanodeStateMachine.lambda$initCommandHandlerThread$2(DatanodeStateMachine.java:498)
	at java.lang.Thread.run(Thread.java:748)
Caused by: org.apache.ratis.protocol.exceptions.GroupMismatchException: a5453659-3127-401c-b9c1-bc8f4372128a: Group group-D44B4C9671A5 not found.
	at org.apache.ratis.server.impl.RaftServerProxy.groupRemoveAsync(RaftServerProxy.java:445)
	at org.apache.ratis.server.impl.RaftServerProxy.groupManagementAsync(RaftServerProxy.java:401)
	at org.apache.ratis.server.impl.RaftServerProxy.groupManagement(RaftServerProxy.java:381)
	at org.apache.hadoop.ozone.container.common.transport.server.ratis.XceiverServerRatis.removeGroup(XceiverServerRatis.java:772)
	... 4 more
2020-12-17 02:12:54,225 [Command processor thread] WARN  impl.RaftServerProxy (RaftServerProxy.java:remove(99)) - a5453659-3127-401c-b9c1-bc8f4372128a: does not contain group: group-B8FAD682F618
2020-12-17 02:12:54,225 [Command processor thread] ERROR commandhandler.ClosePipelineCommandHandler (ClosePipelineCommandHandler.java:handle(78)) - Can't close pipeline PipelineID=fee38756-5379-43ea-8752-b8fad682f618
java.io.IOException: a5453659-3127-401c-b9c1-bc8f4372128a: Group group-B8FAD682F618 not found.
	at org.apache.hadoop.ozone.container.common.transport.server.ratis.XceiverServerRatis.removeGroup(XceiverServerRatis.java:774)
	at org.apache.hadoop.ozone.container.common.statemachine.commandhandler.ClosePipelineCommandHandler.handle(ClosePipelineCommandHandler.java:74)
	at org.apache.hadoop.ozone.container.common.statemachine.commandhandler.CommandDispatcher.handle(CommandDispatcher.java:99)
	at org.apache.hadoop.ozone.container.common.statemachine.DatanodeStateMachine.lambda$initCommandHandlerThread$2(DatanodeStateMachine.java:498)
	at java.lang.Thread.run(Thread.java:748)
Caused by: org.apache.ratis.protocol.exceptions.GroupMismatchException: a5453659-3127-401c-b9c1-bc8f4372128a: Group group-B8FAD682F618 not found.
	at org.apache.ratis.server.impl.RaftServerProxy.groupRemoveAsync(RaftServerProxy.java:445)
	at org.apache.ratis.server.impl.RaftServerProxy.groupManagementAsync(RaftServerProxy.java:401)
	at org.apache.ratis.server.impl.RaftServerProxy.groupManagement(RaftServerProxy.java:381)
	at org.apache.hadoop.ozone.container.common.transport.server.ratis.XceiverServerRatis.removeGroup(XceiverServerRatis.java:772)
	... 4 more
2020-12-17 02:12:54,225 [Command processor thread] WARN  impl.RaftServerProxy (RaftServerProxy.java:remove(99)) - a5453659-3127-401c-b9c1-bc8f4372128a: does not contain group: group-D44B4C9671A5
2020-12-17 02:12:54,225 [Command processor thread] ERROR commandhandler.ClosePipelineCommandHandler (ClosePipelineCommandHandler.java:handle(78)) - Can't close pipeline PipelineID=b307a657-c31e-4a1d-b181-d44b4c9671a5
java.io.IOException: a5453659-3127-401c-b9c1-bc8f4372128a: Group group-D44B4C9671A5 not found.
	at org.apache.hadoop.ozone.container.common.transport.server.ratis.XceiverServerRatis.removeGroup(XceiverServerRatis.java:774)
	at org.apache.hadoop.ozone.container.common.statemachine.commandhandler.ClosePipelineCommandHandler.handle(ClosePipelineCommandHandler.java:74)
	at org.apache.hadoop.ozone.container.common.statemachine.commandhandler.CommandDispatcher.handle(CommandDispatcher.java:99)
	at org.apache.hadoop.ozone.container.common.statemachine.DatanodeStateMachine.lambda$initCommandHandlerThread$2(DatanodeStateMachine.java:498)
	at java.lang.Thread.run(Thread.java:748)
Caused by: org.apache.ratis.protocol.exceptions.GroupMismatchException: a5453659-3127-401c-b9c1-bc8f4372128a: Group group-D44B4C9671A5 not found.
	at org.apache.ratis.server.impl.RaftServerProxy.groupRemoveAsync(RaftServerProxy.java:445)
	at org.apache.ratis.server.impl.RaftServerProxy.groupManagementAsync(RaftServerProxy.java:401)
	at org.apache.ratis.server.impl.RaftServerProxy.groupManagement(RaftServerProxy.java:381)
	at org.apache.hadoop.ozone.container.common.transport.server.ratis.XceiverServerRatis.removeGroup(XceiverServerRatis.java:772)
	... 4 more
2020-12-17 02:12:54,226 [Command processor thread] WARN  impl.RaftServerProxy (RaftServerProxy.java:remove(99)) - a5453659-3127-401c-b9c1-bc8f4372128a: does not contain group: group-B8FAD682F618
2020-12-17 02:12:54,226 [Command processor thread] ERROR commandhandler.ClosePipelineCommandHandler (ClosePipelineCommandHandler.java:handle(78)) - Can't close pipeline PipelineID=fee38756-5379-43ea-8752-b8fad682f618
java.io.IOException: a5453659-3127-401c-b9c1-bc8f4372128a: Group group-B8FAD682F618 not found.
	at org.apache.hadoop.ozone.container.common.transport.server.ratis.XceiverServerRatis.removeGroup(XceiverServerRatis.java:774)
	at org.apache.hadoop.ozone.container.common.statemachine.commandhandler.ClosePipelineCommandHandler.handle(ClosePipelineCommandHandler.java:74)
	at org.apache.hadoop.ozone.container.common.statemachine.commandhandler.CommandDispatcher.handle(CommandDispatcher.java:99)
	at org.apache.hadoop.ozone.container.common.statemachine.DatanodeStateMachine.lambda$initCommandHandlerThread$2(DatanodeStateMachine.java:498)
	at java.lang.Thread.run(Thread.java:748)
Caused by: org.apache.ratis.protocol.exceptions.GroupMismatchException: a5453659-3127-401c-b9c1-bc8f4372128a: Group group-B8FAD682F618 not found.
	at org.apache.ratis.server.impl.RaftServerProxy.groupRemoveAsync(RaftServerProxy.java:445)
	at org.apache.ratis.server.impl.RaftServerProxy.groupManagementAsync(RaftServerProxy.java:401)
	at org.apache.ratis.server.impl.RaftServerProxy.groupManagement(RaftServerProxy.java:381)
	at org.apache.hadoop.ozone.container.common.transport.server.ratis.XceiverServerRatis.removeGroup(XceiverServerRatis.java:772)
	... 4 more
2020-12-17 02:12:54,226 [Command processor thread] WARN  impl.RaftServerProxy (RaftServerProxy.java:remove(99)) - a5453659-3127-401c-b9c1-bc8f4372128a: does not contain group: group-D44B4C9671A5
2020-12-17 02:12:54,226 [Command processor thread] ERROR commandhandler.ClosePipelineCommandHandler (ClosePipelineCommandHandler.java:handle(78)) - Can't close pipeline PipelineID=b307a657-c31e-4a1d-b181-d44b4c9671a5
java.io.IOException: a5453659-3127-401c-b9c1-bc8f4372128a: Group group-D44B4C9671A5 not found.
	at org.apache.hadoop.ozone.container.common.transport.server.ratis.XceiverServerRatis.removeGroup(XceiverServerRatis.java:774)
	at org.apache.hadoop.ozone.container.common.statemachine.commandhandler.ClosePipelineCommandHandler.handle(ClosePipelineCommandHandler.java:74)
	at org.apache.hadoop.ozone.container.common.statemachine.commandhandler.CommandDispatcher.handle(CommandDispatcher.java:99)
	at org.apache.hadoop.ozone.container.common.statemachine.DatanodeStateMachine.lambda$initCommandHandlerThread$2(DatanodeStateMachine.java:498)
	at java.lang.Thread.run(Thread.java:748)
Caused by: org.apache.ratis.protocol.exceptions.GroupMismatchException: a5453659-3127-401c-b9c1-bc8f4372128a: Group group-D44B4C9671A5 not found.
	at org.apache.ratis.server.impl.RaftServerProxy.groupRemoveAsync(RaftServerProxy.java:445)
	at org.apache.ratis.server.impl.RaftServerProxy.groupManagementAsync(RaftServerProxy.java:401)
	at org.apache.ratis.server.impl.RaftServerProxy.groupManagement(RaftServerProxy.java:381)
	at org.apache.hadoop.ozone.container.common.transport.server.ratis.XceiverServerRatis.removeGroup(XceiverServerRatis.java:772)
	... 4 more
2020-12-17 02:12:54,227 [Command processor thread] WARN  impl.RaftServerProxy (RaftServerProxy.java:remove(99)) - a5453659-3127-401c-b9c1-bc8f4372128a: does not contain group: group-B8FAD682F618
2020-12-17 02:12:54,227 [Command processor thread] ERROR commandhandler.ClosePipelineCommandHandler (ClosePipelineCommandHandler.java:handle(78)) - Can't close pipeline PipelineID=fee38756-5379-43ea-8752-b8fad682f618
java.io.IOException: a5453659-3127-401c-b9c1-bc8f4372128a: Group group-B8FAD682F618 not found.
	at org.apache.hadoop.ozone.container.common.transport.server.ratis.XceiverServerRatis.removeGroup(XceiverServerRatis.java:774)
	at org.apache.hadoop.ozone.container.common.statemachine.commandhandler.ClosePipelineCommandHandler.handle(ClosePipelineCommandHandler.java:74)
	at org.apache.hadoop.ozone.container.common.statemachine.commandhandler.CommandDispatcher.handle(CommandDispatcher.java:99)
	at org.apache.hadoop.ozone.container.common.statemachine.DatanodeStateMachine.lambda$initCommandHandlerThread$2(DatanodeStateMachine.java:498)
	at java.lang.Thread.run(Thread.java:748)
Caused by: org.apache.ratis.protocol.exceptions.GroupMismatchException: a5453659-3127-401c-b9c1-bc8f4372128a: Group group-B8FAD682F618 not found.
	at org.apache.ratis.server.impl.RaftServerProxy.groupRemoveAsync(RaftServerProxy.java:445)
	at org.apache.ratis.server.impl.RaftServerProxy.groupManagementAsync(RaftServerProxy.java:401)
	at org.apache.ratis.server.impl.RaftServerProxy.groupManagement(RaftServerProxy.java:381)
	at org.apache.hadoop.ozone.container.common.transport.server.ratis.XceiverServerRatis.removeGroup(XceiverServerRatis.java:772)
	... 4 more
2020-12-17 02:12:54,227 [Command processor thread] WARN  impl.RaftServerProxy (RaftServerProxy.java:remove(99)) - a5453659-3127-401c-b9c1-bc8f4372128a: does not contain group: group-D44B4C9671A5
2020-12-17 02:12:54,227 [Command processor thread] ERROR commandhandler.ClosePipelineCommandHandler (ClosePipelineCommandHandler.java:handle(78)) - Can't close pipeline PipelineID=b307a657-c31e-4a1d-b181-d44b4c9671a5
java.io.IOException: a5453659-3127-401c-b9c1-bc8f4372128a: Group group-D44B4C9671A5 not found.
	at org.apache.hadoop.ozone.container.common.transport.server.ratis.XceiverServerRatis.removeGroup(XceiverServerRatis.java:774)
	at org.apache.hadoop.ozone.container.common.statemachine.commandhandler.ClosePipelineCommandHandler.handle(ClosePipelineCommandHandler.java:74)
	at org.apache.hadoop.ozone.container.common.statemachine.commandhandler.CommandDispatcher.handle(CommandDispatcher.java:99)
	at org.apache.hadoop.ozone.container.common.statemachine.DatanodeStateMachine.lambda$initCommandHandlerThread$2(DatanodeStateMachine.java:498)
	at java.lang.Thread.run(Thread.java:748)
Caused by: org.apache.ratis.protocol.exceptions.GroupMismatchException: a5453659-3127-401c-b9c1-bc8f4372128a: Group group-D44B4C9671A5 not found.
	at org.apache.ratis.server.impl.RaftServerProxy.groupRemoveAsync(RaftServerProxy.java:445)
	at org.apache.ratis.server.impl.RaftServerProxy.groupManagementAsync(RaftServerProxy.java:401)
	at org.apache.ratis.server.impl.RaftServerProxy.groupManagement(RaftServerProxy.java:381)
	at org.apache.hadoop.ozone.container.common.transport.server.ratis.XceiverServerRatis.removeGroup(XceiverServerRatis.java:772)
	... 4 more
2020-12-17 02:12:54,228 [Command processor thread] WARN  impl.RaftServerProxy (RaftServerProxy.java:remove(99)) - a5453659-3127-401c-b9c1-bc8f4372128a: does not contain group: group-B8FAD682F618
2020-12-17 02:12:54,228 [Command processor thread] ERROR commandhandler.ClosePipelineCommandHandler (ClosePipelineCommandHandler.java:handle(78)) - Can't close pipeline PipelineID=fee38756-5379-43ea-8752-b8fad682f618
java.io.IOException: a5453659-3127-401c-b9c1-bc8f4372128a: Group group-B8FAD682F618 not found.
	at org.apache.hadoop.ozone.container.common.transport.server.ratis.XceiverServerRatis.removeGroup(XceiverServerRatis.java:774)
	at org.apache.hadoop.ozone.container.common.statemachine.commandhandler.ClosePipelineCommandHandler.handle(ClosePipelineCommandHandler.java:74)
	at org.apache.hadoop.ozone.container.common.statemachine.commandhandler.CommandDispatcher.handle(CommandDispatcher.java:99)
	at org.apache.hadoop.ozone.container.common.statemachine.DatanodeStateMachine.lambda$initCommandHandlerThread$2(DatanodeStateMachine.java:498)
	at java.lang.Thread.run(Thread.java:748)
Caused by: org.apache.ratis.protocol.exceptions.GroupMismatchException: a5453659-3127-401c-b9c1-bc8f4372128a: Group group-B8FAD682F618 not found.
	at org.apache.ratis.server.impl.RaftServerProxy.groupRemoveAsync(RaftServerProxy.java:445)
	at org.apache.ratis.server.impl.RaftServerProxy.groupManagementAsync(RaftServerProxy.java:401)
	at org.apache.ratis.server.impl.RaftServerProxy.groupManagement(RaftServerProxy.java:381)
	at org.apache.hadoop.ozone.container.common.transport.server.ratis.XceiverServerRatis.removeGroup(XceiverServerRatis.java:772)
	... 4 more
2020-12-17 02:12:54,228 [Command processor thread] WARN  impl.RaftServerProxy (RaftServerProxy.java:remove(99)) - a5453659-3127-401c-b9c1-bc8f4372128a: does not contain group: group-D44B4C9671A5
2020-12-17 02:12:54,228 [Command processor thread] ERROR commandhandler.ClosePipelineCommandHandler (ClosePipelineCommandHandler.java:handle(78)) - Can't close pipeline PipelineID=b307a657-c31e-4a1d-b181-d44b4c9671a5
java.io.IOException: a5453659-3127-401c-b9c1-bc8f4372128a: Group group-D44B4C9671A5 not found.
	at org.apache.hadoop.ozone.container.common.transport.server.ratis.XceiverServerRatis.removeGroup(XceiverServerRatis.java:774)
	at org.apache.hadoop.ozone.container.common.statemachine.commandhandler.ClosePipelineCommandHandler.handle(ClosePipelineCommandHandler.java:74)
	at org.apache.hadoop.ozone.container.common.statemachine.commandhandler.CommandDispatcher.handle(CommandDispatcher.java:99)
	at org.apache.hadoop.ozone.container.common.statemachine.DatanodeStateMachine.lambda$initCommandHandlerThread$2(DatanodeStateMachine.java:498)
	at java.lang.Thread.run(Thread.java:748)
Caused by: org.apache.ratis.protocol.exceptions.GroupMismatchException: a5453659-3127-401c-b9c1-bc8f4372128a: Group group-D44B4C9671A5 not found.
	at org.apache.ratis.server.impl.RaftServerProxy.groupRemoveAsync(RaftServerProxy.java:445)
	at org.apache.ratis.server.impl.RaftServerProxy.groupManagementAsync(RaftServerProxy.java:401)
	at org.apache.ratis.server.impl.RaftServerProxy.groupManagement(RaftServerProxy.java:381)
	at org.apache.hadoop.ozone.container.common.transport.server.ratis.XceiverServerRatis.removeGroup(XceiverServerRatis.java:772)
	... 4 more
2020-12-17 02:12:54,237 [DatanodeAdminManager-0] INFO  node.DatanodeAdminMonitorImpl (DatanodeAdminMonitorImpl.java:checkContainersReplicatedOnNode(297)) - b45b6da8-7dd9-434b-afe3-ad98acc018a0{ip: 172.17.0.2, host: 89b9adae2c19, networkLocation: /default-rack, certSerialId: null, persistedOpState: ENTERING_MAINTENANCE, persistedOpStateExpiryEpochSec: 0} has 0 sufficientlyReplicated, 2 underReplicated and 1 unhealthy containers
2020-12-17 02:12:54,238 [DatanodeAdminManager-0] INFO  node.DatanodeAdminMonitorImpl (DatanodeAdminMonitorImpl.java:checkContainersReplicatedOnNode(297)) - 2b1d58b1-e44f-4041-9819-0dd176255f22{ip: 172.17.0.2, host: 89b9adae2c19, networkLocation: /default-rack, certSerialId: null, persistedOpState: ENTERING_MAINTENANCE, persistedOpStateExpiryEpochSec: 0} has 0 sufficientlyReplicated, 2 underReplicated and 1 unhealthy containers
2020-12-17 02:12:54,238 [DatanodeAdminManager-0] INFO  node.DatanodeAdminMonitorImpl (DatanodeAdminMonitorImpl.java:run(136)) - There are 3 nodes tracked for decommission and maintenance. 0 pending nodes.
2020-12-17 02:12:55,191 [Command processor thread] WARN  impl.RaftServerProxy (RaftServerProxy.java:remove(99)) - 2b1d58b1-e44f-4041-9819-0dd176255f22: does not contain group: group-29143985BDB4
2020-12-17 02:12:55,191 [Command processor thread] ERROR commandhandler.ClosePipelineCommandHandler (ClosePipelineCommandHandler.java:handle(78)) - Can't close pipeline PipelineID=7541b2f8-ed28-4886-918b-29143985bdb4
java.io.IOException: 2b1d58b1-e44f-4041-9819-0dd176255f22: Group group-29143985BDB4 not found.
	at org.apache.hadoop.ozone.container.common.transport.server.ratis.XceiverServerRatis.removeGroup(XceiverServerRatis.java:774)
	at org.apache.hadoop.ozone.container.common.statemachine.commandhandler.ClosePipelineCommandHandler.handle(ClosePipelineCommandHandler.java:74)
	at org.apache.hadoop.ozone.container.common.statemachine.commandhandler.CommandDispatcher.handle(CommandDispatcher.java:99)
	at org.apache.hadoop.ozone.container.common.statemachine.DatanodeStateMachine.lambda$initCommandHandlerThread$2(DatanodeStateMachine.java:498)
	at java.lang.Thread.run(Thread.java:748)
Caused by: org.apache.ratis.protocol.exceptions.GroupMismatchException: 2b1d58b1-e44f-4041-9819-0dd176255f22: Group group-29143985BDB4 not found.
	at org.apache.ratis.server.impl.RaftServerProxy.groupRemoveAsync(RaftServerProxy.java:445)
	at org.apache.ratis.server.impl.RaftServerProxy.groupManagementAsync(RaftServerProxy.java:401)
	at org.apache.ratis.server.impl.RaftServerProxy.groupManagement(RaftServerProxy.java:381)
	at org.apache.hadoop.ozone.container.common.transport.server.ratis.XceiverServerRatis.removeGroup(XceiverServerRatis.java:772)
	... 4 more
2020-12-17 02:12:55,191 [Command processor thread] WARN  impl.RaftServerProxy (RaftServerProxy.java:remove(99)) - 2b1d58b1-e44f-4041-9819-0dd176255f22: does not contain group: group-D44B4C9671A5
2020-12-17 02:12:55,191 [Command processor thread] ERROR commandhandler.ClosePipelineCommandHandler (ClosePipelineCommandHandler.java:handle(78)) - Can't close pipeline PipelineID=b307a657-c31e-4a1d-b181-d44b4c9671a5
java.io.IOException: 2b1d58b1-e44f-4041-9819-0dd176255f22: Group group-D44B4C9671A5 not found.
	at org.apache.hadoop.ozone.container.common.transport.server.ratis.XceiverServerRatis.removeGroup(XceiverServerRatis.java:774)
	at org.apache.hadoop.ozone.container.common.statemachine.commandhandler.ClosePipelineCommandHandler.handle(ClosePipelineCommandHandler.java:74)
	at org.apache.hadoop.ozone.container.common.statemachine.commandhandler.CommandDispatcher.handle(CommandDispatcher.java:99)
	at org.apache.hadoop.ozone.container.common.statemachine.DatanodeStateMachine.lambda$initCommandHandlerThread$2(DatanodeStateMachine.java:498)
	at java.lang.Thread.run(Thread.java:748)
Caused by: org.apache.ratis.protocol.exceptions.GroupMismatchException: 2b1d58b1-e44f-4041-9819-0dd176255f22: Group group-D44B4C9671A5 not found.
	at org.apache.ratis.server.impl.RaftServerProxy.groupRemoveAsync(RaftServerProxy.java:445)
	at org.apache.ratis.server.impl.RaftServerProxy.groupManagementAsync(RaftServerProxy.java:401)
	at org.apache.ratis.server.impl.RaftServerProxy.groupManagement(RaftServerProxy.java:381)
	at org.apache.hadoop.ozone.container.common.transport.server.ratis.XceiverServerRatis.removeGroup(XceiverServerRatis.java:772)
	... 4 more
2020-12-17 02:12:55,197 [Command processor thread] WARN  impl.RaftServerProxy (RaftServerProxy.java:remove(99)) - b45b6da8-7dd9-434b-afe3-ad98acc018a0: does not contain group: group-8C9593201D1B
2020-12-17 02:12:55,197 [Command processor thread] ERROR commandhandler.ClosePipelineCommandHandler (ClosePipelineCommandHandler.java:handle(78)) - Can't close pipeline PipelineID=ddbd9de5-4c26-484f-af7e-8c9593201d1b
java.io.IOException: b45b6da8-7dd9-434b-afe3-ad98acc018a0: Group group-8C9593201D1B not found.
	at org.apache.hadoop.ozone.container.common.transport.server.ratis.XceiverServerRatis.removeGroup(XceiverServerRatis.java:774)
	at org.apache.hadoop.ozone.container.common.statemachine.commandhandler.ClosePipelineCommandHandler.handle(ClosePipelineCommandHandler.java:74)
	at org.apache.hadoop.ozone.container.common.statemachine.commandhandler.CommandDispatcher.handle(CommandDispatcher.java:99)
	at org.apache.hadoop.ozone.container.common.statemachine.DatanodeStateMachine.lambda$initCommandHandlerThread$2(DatanodeStateMachine.java:498)
	at java.lang.Thread.run(Thread.java:748)
Caused by: org.apache.ratis.protocol.exceptions.GroupMismatchException: b45b6da8-7dd9-434b-afe3-ad98acc018a0: Group group-8C9593201D1B not found.
	at org.apache.ratis.server.impl.RaftServerProxy.groupRemoveAsync(RaftServerProxy.java:445)
	at org.apache.ratis.server.impl.RaftServerProxy.groupManagementAsync(RaftServerProxy.java:401)
	at org.apache.ratis.server.impl.RaftServerProxy.groupManagement(RaftServerProxy.java:381)
	at org.apache.hadoop.ozone.container.common.transport.server.ratis.XceiverServerRatis.removeGroup(XceiverServerRatis.java:772)
	... 4 more
2020-12-17 02:12:55,197 [Command processor thread] WARN  impl.RaftServerProxy (RaftServerProxy.java:remove(99)) - b45b6da8-7dd9-434b-afe3-ad98acc018a0: does not contain group: group-D44B4C9671A5
2020-12-17 02:12:55,197 [Command processor thread] ERROR commandhandler.ClosePipelineCommandHandler (ClosePipelineCommandHandler.java:handle(78)) - Can't close pipeline PipelineID=b307a657-c31e-4a1d-b181-d44b4c9671a5
java.io.IOException: b45b6da8-7dd9-434b-afe3-ad98acc018a0: Group group-D44B4C9671A5 not found.
	at org.apache.hadoop.ozone.container.common.transport.server.ratis.XceiverServerRatis.removeGroup(XceiverServerRatis.java:774)
	at org.apache.hadoop.ozone.container.common.statemachine.commandhandler.ClosePipelineCommandHandler.handle(ClosePipelineCommandHandler.java:74)
	at org.apache.hadoop.ozone.container.common.statemachine.commandhandler.CommandDispatcher.handle(CommandDispatcher.java:99)
	at org.apache.hadoop.ozone.container.common.statemachine.DatanodeStateMachine.lambda$initCommandHandlerThread$2(DatanodeStateMachine.java:498)
	at java.lang.Thread.run(Thread.java:748)
Caused by: org.apache.ratis.protocol.exceptions.GroupMismatchException: b45b6da8-7dd9-434b-afe3-ad98acc018a0: Group group-D44B4C9671A5 not found.
	at org.apache.ratis.server.impl.RaftServerProxy.groupRemoveAsync(RaftServerProxy.java:445)
	at org.apache.ratis.server.impl.RaftServerProxy.groupManagementAsync(RaftServerProxy.java:401)
	at org.apache.ratis.server.impl.RaftServerProxy.groupManagement(RaftServerProxy.java:381)
	at org.apache.hadoop.ozone.container.common.transport.server.ratis.XceiverServerRatis.removeGroup(XceiverServerRatis.java:772)
	... 4 more
2020-12-17 02:12:55,237 [DatanodeAdminManager-0] INFO  node.DatanodeAdminMonitorImpl (DatanodeAdminMonitorImpl.java:checkContainersReplicatedOnNode(297)) - a5453659-3127-401c-b9c1-bc8f4372128a{ip: 172.17.0.2, host: 89b9adae2c19, networkLocation: /default-rack, certSerialId: null, persistedOpState: ENTERING_MAINTENANCE, persistedOpStateExpiryEpochSec: 0} has 0 sufficientlyReplicated, 2 underReplicated and 0 unhealthy containers
2020-12-17 02:12:55,237 [DatanodeAdminManager-0] INFO  node.DatanodeAdminMonitorImpl (DatanodeAdminMonitorImpl.java:checkContainersReplicatedOnNode(297)) - b45b6da8-7dd9-434b-afe3-ad98acc018a0{ip: 172.17.0.2, host: 89b9adae2c19, networkLocation: /default-rack, certSerialId: null, persistedOpState: ENTERING_MAINTENANCE, persistedOpStateExpiryEpochSec: 0} has 0 sufficientlyReplicated, 2 underReplicated and 0 unhealthy containers
2020-12-17 02:12:55,238 [DatanodeAdminManager-0] INFO  node.DatanodeAdminMonitorImpl (DatanodeAdminMonitorImpl.java:checkContainersReplicatedOnNode(297)) - 2b1d58b1-e44f-4041-9819-0dd176255f22{ip: 172.17.0.2, host: 89b9adae2c19, networkLocation: /default-rack, certSerialId: null, persistedOpState: ENTERING_MAINTENANCE, persistedOpStateExpiryEpochSec: 0} has 0 sufficientlyReplicated, 2 underReplicated and 0 unhealthy containers
2020-12-17 02:12:55,238 [Listener at 127.0.0.1/37391] INFO  server.StorageContainerManager (StorageContainerManager.java:stop(832)) - Stopping Replication Manager Service.
2020-12-17 02:12:55,238 [Listener at 127.0.0.1/37391] INFO  container.ReplicationManager (ReplicationManager.java:stop(234)) - Replication Monitor Thread is not running.
2020-12-17 02:12:55,238 [Listener at 127.0.0.1/37391] INFO  server.StorageContainerManager (StorageContainerManager.java:stop(839)) - Stopping the Datanode Admin Monitor.
2020-12-17 02:12:55,238 [DatanodeAdminManager-0] INFO  node.DatanodeAdminMonitorImpl (DatanodeAdminMonitorImpl.java:run(136)) - There are 3 nodes tracked for decommission and maintenance. 0 pending nodes.
2020-12-17 02:12:55,238 [Listener at 127.0.0.1/37391] INFO  server.StorageContainerManager (StorageContainerManager.java:stop(846)) - Stopping Lease Manager of the command watchers
2020-12-17 02:12:55,238 [Listener at 127.0.0.1/37391] INFO  server.StorageContainerManager (StorageContainerManager.java:stop(853)) - Stopping datanode service RPC server
2020-12-17 02:12:55,238 [Listener at 127.0.0.1/37391] INFO  server.SCMDatanodeProtocolServer (SCMDatanodeProtocolServer.java:stop(369)) - Stopping the RPC server for DataNodes
2020-12-17 02:12:55,238 [Listener at 127.0.0.1/37391] INFO  ipc.Server (Server.java:stop(3359)) - Stopping server on 46749
2020-12-17 02:12:55,242 [IPC Server listener on 0] INFO  ipc.Server (Server.java:run(1330)) - Stopping IPC Server listener on 0
2020-12-17 02:12:55,242 [IPC Server Responder] INFO  ipc.Server (Server.java:run(1465)) - Stopping IPC Server Responder
2020-12-17 02:12:55,340 [SCM Heartbeat Processing Thread - 0] WARN  node.NodeStateManager (NodeStateManager.java:scheduleNextHealthCheck(688)) - Current Thread is interrupted, shutting down HB processing thread for Node Manager.
2020-12-17 02:12:55,341 [Listener at 127.0.0.1/37391] INFO  server.StorageContainerManager (StorageContainerManager.java:stop(861)) - Stopping block service RPC server
2020-12-17 02:12:55,341 [Listener at 127.0.0.1/37391] INFO  server.SCMBlockProtocolServer (SCMBlockProtocolServer.java:stop(159)) - Stopping the RPC server for Block Protocol
2020-12-17 02:12:55,341 [Listener at 127.0.0.1/37391] INFO  ipc.Server (Server.java:stop(3359)) - Stopping server on 45649
2020-12-17 02:12:55,343 [Listener at 127.0.0.1/37391] INFO  server.StorageContainerManager (StorageContainerManager.java:stop(868)) - Stopping the StorageContainerLocationProtocol RPC server
2020-12-17 02:12:55,343 [IPC Server listener on 0] INFO  ipc.Server (Server.java:run(1330)) - Stopping IPC Server listener on 0
2020-12-17 02:12:55,343 [Listener at 127.0.0.1/37391] INFO  server.SCMClientProtocolServer (SCMClientProtocolServer.java:stop(168)) - Stopping the RPC server for Client Protocol
2020-12-17 02:12:55,343 [IPC Server Responder] INFO  ipc.Server (Server.java:run(1465)) - Stopping IPC Server Responder
2020-12-17 02:12:55,345 [Listener at 127.0.0.1/37391] INFO  ipc.Server (Server.java:stop(3359)) - Stopping server on 36891
2020-12-17 02:12:55,346 [IPC Server listener on 0] INFO  ipc.Server (Server.java:run(1330)) - Stopping IPC Server listener on 0
2020-12-17 02:12:55,348 [IPC Server Responder] INFO  ipc.Server (Server.java:run(1465)) - Stopping IPC Server Responder
2020-12-17 02:12:55,348 [Listener at 127.0.0.1/37391] INFO  server.StorageContainerManager (StorageContainerManager.java:stop(875)) - Stopping Storage Container Manager HTTP server.
2020-12-17 02:12:55,349 [Listener at 127.0.0.1/37391] INFO  handler.ContextHandler (ContextHandler.java:doStop(1154)) - Stopped o.e.j.w.WebAppContext@12d0699d{scm,/,null,STOPPED}{file:/github/workspace/mnt/ozone/hadoop-ozone/integration-test/target/test-classes/webapps/scm}
2020-12-17 02:12:55,350 [Listener at 127.0.0.1/37391] INFO  server.AbstractConnector (AbstractConnector.java:doStop(381)) - Stopped ServerConnector@48f1968e{HTTP/1.1, (http/1.1)}{0.0.0.0:0}
2020-12-17 02:12:55,350 [Listener at 127.0.0.1/37391] INFO  server.session (HouseKeeper.java:stopScavenging(149)) - node0 Stopped scavenging
2020-12-17 02:12:55,350 [Listener at 127.0.0.1/37391] INFO  handler.ContextHandler (ContextHandler.java:doStop(1154)) - Stopped o.e.j.s.ServletContextHandler@16974b24{static,/static,file:///github/workspace/mnt/ozone/hadoop-ozone/integration-test/target/test-classes/webapps/static,STOPPED}
2020-12-17 02:12:55,350 [Listener at 127.0.0.1/37391] INFO  handler.ContextHandler (ContextHandler.java:doStop(1154)) - Stopped o.e.j.s.ServletContextHandler@607229c7{logs,/logs,file:///github/workspace/mnt/ozone/hadoop-ozone/integration-test/target/log,STOPPED}
2020-12-17 02:12:55,356 [Listener at 127.0.0.1/37391] INFO  server.StorageContainerManager (StorageContainerManager.java:stop(886)) - Stopping Block Manager Service.
2020-12-17 02:12:55,356 [Listener at 127.0.0.1/37391] INFO  utils.BackgroundService (BackgroundService.java:shutdown(132)) - Shutting down service SCMBlockDeletingService
2020-12-17 02:12:55,356 [Listener at 127.0.0.1/37391] INFO  utils.BackgroundService (BackgroundService.java:shutdown(132)) - Shutting down service SCMBlockDeletingService
2020-12-17 02:12:55,357 [Listener at 127.0.0.1/37391] INFO  server.StorageContainerManager (StorageContainerManager.java:stop(911)) - Stopping SCM Event Queue.
2020-12-17 02:12:55,361 [Listener at 127.0.0.1/37391] INFO  impl.MetricsSystemImpl (MetricsSystemImpl.java:stop(210)) - Stopping HddsDatanode metrics system...
2020-12-17 02:12:55,370 [Listener at 127.0.0.1/37391] INFO  impl.MetricsSystemImpl (MetricsSystemImpl.java:stop(216)) - HddsDatanode metrics system stopped.
2020-12-17 02:12:55,370 [Listener at 127.0.0.1/37391] WARN  server.ServerUtils (ServerUtils.java:getScmDbDir(148)) - ozone.scm.db.dirs is not configured. We recommend adding this setting. Falling back to ozone.metadata.dirs instead.
2020-12-17 02:12:55,371 [Listener at 127.0.0.1/37391] WARN  db.DBStoreBuilder (DBStoreBuilder.java:applyDBDefinition(145)) - ozone.scm.db.dirs is not configured. We recommend adding this setting. Falling back to ozone.metadata.dirs instead.
2020-12-17 02:12:55,378 [EndpointStateMachine task thread for /0.0.0.0:46749 - 0 ] WARN  statemachine.EndpointStateMachine (EndpointStateMachine.java:logIfNeeded(233)) - Unable to communicate to SCM server at 0.0.0.0:46749 for past 0 seconds.
java.io.EOFException: End of File Exception between local host is: "89b9adae2c19/172.17.0.2"; destination host is: "0.0.0.0":46749; : java.io.EOFException; For more details see:  http://wiki.apache.org/hadoop/EOFException
	at sun.reflect.NativeConstructorAccessorImpl.newInstance0(Native Method)
	at sun.reflect.NativeConstructorAccessorImpl.newInstance(NativeConstructorAccessorImpl.java:62)
	at sun.reflect.DelegatingConstructorAccessorImpl.newInstance(DelegatingConstructorAccessorImpl.java:45)
	at java.lang.reflect.Constructor.newInstance(Constructor.java:423)
	at org.apache.hadoop.net.NetUtils.wrapWithMessage(NetUtils.java:833)
	at org.apache.hadoop.net.NetUtils.wrapException(NetUtils.java:791)
	at org.apache.hadoop.ipc.Client.getRpcResponse(Client.java:1549)
	at org.apache.hadoop.ipc.Client.call(Client.java:1491)
	at org.apache.hadoop.ipc.Client.call(Client.java:1388)
	at org.apache.hadoop.ipc.ProtobufRpcEngine$Invoker.invoke(ProtobufRpcEngine.java:233)
	at org.apache.hadoop.ipc.ProtobufRpcEngine$Invoker.invoke(ProtobufRpcEngine.java:118)
	at com.sun.proxy.$Proxy33.submitRequest(Unknown Source)
	at org.apache.hadoop.ozone.protocolPB.StorageContainerDatanodeProtocolClientSideTranslatorPB.submitRequest(StorageContainerDatanodeProtocolClientSideTranslatorPB.java:117)
	at org.apache.hadoop.ozone.protocolPB.StorageContainerDatanodeProtocolClientSideTranslatorPB.sendHeartbeat(StorageContainerDatanodeProtocolClientSideTranslatorPB.java:149)
	at org.apache.hadoop.ozone.container.common.states.endpoint.HeartbeatEndpointTask.call(HeartbeatEndpointTask.java:146)
	at org.apache.hadoop.ozone.container.common.states.endpoint.HeartbeatEndpointTask.call(HeartbeatEndpointTask.java:77)
	at java.util.concurrent.FutureTask.run(FutureTask.java:266)
	at java.util.concurrent.ThreadPoolExecutor.runWorker(ThreadPoolExecutor.java:1149)
	at java.util.concurrent.ThreadPoolExecutor$Worker.run(ThreadPoolExecutor.java:624)
	at java.lang.Thread.run(Thread.java:748)
Caused by: java.io.EOFException
	at java.io.DataInputStream.readInt(DataInputStream.java:392)
	at org.apache.hadoop.ipc.Client$IpcStreams.readResponse(Client.java:1850)
	at org.apache.hadoop.ipc.Client$Connection.receiveRpcResponse(Client.java:1183)
	at org.apache.hadoop.ipc.Client$Connection.run(Client.java:1079)
2020-12-17 02:12:55,394 [Listener at 127.0.0.1/37391] INFO  net.NodeSchemaLoader (NodeSchemaLoader.java:loadSchemaFromFile(126)) - Loading file from sun.misc.CompoundEnumeration@7ce660fc
2020-12-17 02:12:55,394 [Listener at 127.0.0.1/37391] INFO  net.NodeSchemaLoader (NodeSchemaLoader.java:loadSchema(172)) - Loading network topology layer schema file
2020-12-17 02:12:55,400 [Listener at 127.0.0.1/37391] INFO  node.SCMNodeManager (SCMNodeManager.java:<init>(123)) - Entering startup safe mode.
2020-12-17 02:12:55,400 [Listener at 127.0.0.1/37391] INFO  algorithms.ContainerPlacementPolicyFactory (ContainerPlacementPolicyFactory.java:getPolicy(60)) - Create container placement policy of type org.apache.hadoop.hdds.scm.container.placement.algorithms.SCMContainerPlacementRandom
2020-12-17 02:12:55,401 [Listener at 127.0.0.1/37391] INFO  algorithms.LeaderChoosePolicyFactory (LeaderChoosePolicyFactory.java:getPolicy(57)) - Create leader choose policy of type org.apache.hadoop.hdds.scm.pipeline.leader.choose.algorithms.DefaultLeaderChoosePolicy
2020-12-17 02:12:55,401 [Listener at 127.0.0.1/37391] INFO  pipeline.PipelineStateManager (PipelineStateManager.java:addPipeline(54)) - Created pipeline Pipeline[ Id: 1be34abb-29be-4d78-993d-380177e12c14, Nodes: f11c6601-f81b-414d-9af7-ba1741509b09{ip: 172.17.0.2, host: 89b9adae2c19, networkLocation: /default-rack, certSerialId: null, persistedOpState: IN_SERVICE, persistedOpStateExpiryEpochSec: 0}6a05d44f-22be-4027-b269-c3a46acd3f47{ip: 172.17.0.2, host: 89b9adae2c19, networkLocation: /default-rack, certSerialId: null, persistedOpState: IN_SERVICE, persistedOpStateExpiryEpochSec: 0}7ec52e27-6063-4b9c-8511-76ca7a922bcd{ip: 172.17.0.2, host: 89b9adae2c19, networkLocation: /default-rack, certSerialId: null, persistedOpState: IN_SERVICE, persistedOpStateExpiryEpochSec: 0}, Type:RATIS, Factor:THREE, State:OPEN, leaderId:f11c6601-f81b-414d-9af7-ba1741509b09, CreationTimestamp2020-12-17T02:12:55.401Z]
2020-12-17 02:12:55,402 [Listener at 127.0.0.1/37391] INFO  pipeline.PipelineStateManager (PipelineStateManager.java:addPipeline(54)) - Created pipeline Pipeline[ Id: 3da2df9d-fa47-4f71-9525-684263c6a878, Nodes: 7ec52e27-6063-4b9c-8511-76ca7a922bcd{ip: 172.17.0.2, host: 89b9adae2c19, networkLocation: /default-rack, certSerialId: null, persistedOpState: IN_SERVICE, persistedOpStateExpiryEpochSec: 0}, Type:RATIS, Factor:ONE, State:OPEN, leaderId:7ec52e27-6063-4b9c-8511-76ca7a922bcd, CreationTimestamp2020-12-17T02:12:55.402Z]
2020-12-17 02:12:55,402 [Listener at 127.0.0.1/37391] INFO  pipeline.PipelineStateManager (PipelineStateManager.java:addPipeline(54)) - Created pipeline Pipeline[ Id: 55e6ba92-3fa8-45bb-b3dd-cce2006db23c, Nodes: f11c6601-f81b-414d-9af7-ba1741509b09{ip: 172.17.0.2, host: 89b9adae2c19, networkLocation: /default-rack, certSerialId: null, persistedOpState: IN_SERVICE, persistedOpStateExpiryEpochSec: 0}, Type:RATIS, Factor:ONE, State:OPEN, leaderId:f11c6601-f81b-414d-9af7-ba1741509b09, CreationTimestamp2020-12-17T02:12:55.402Z]
2020-12-17 02:12:55,402 [Listener at 127.0.0.1/37391] INFO  pipeline.PipelineStateManager (PipelineStateManager.java:addPipeline(54)) - Created pipeline Pipeline[ Id: 81d687d2-c33f-4aa5-a1b4-8ae2822a3941, Nodes: 6a05d44f-22be-4027-b269-c3a46acd3f47{ip: 172.17.0.2, host: 89b9adae2c19, networkLocation: /default-rack, certSerialId: null, persistedOpState: IN_SERVICE, persistedOpStateExpiryEpochSec: 0}, Type:RATIS, Factor:ONE, State:OPEN, leaderId:6a05d44f-22be-4027-b269-c3a46acd3f47, CreationTimestamp2020-12-17T02:12:55.402Z]
2020-12-17 02:12:55,403 [Listener at 127.0.0.1/37391] INFO  algorithms.PipelineChoosePolicyFactory (PipelineChoosePolicyFactory.java:createPipelineChoosePolicyFromClass(75)) - Create pipeline choose policy of type org.apache.hadoop.hdds.scm.pipeline.choose.algorithms.RandomPipelineChoosePolicy
2020-12-17 02:12:55,404 [Listener at 127.0.0.1/37391] INFO  safemode.HealthyPipelineSafeModeRule (HealthyPipelineSafeModeRule.java:<init>(89)) - Total pipeline count is 1, healthy pipeline threshold count is 1
2020-12-17 02:12:55,405 [Listener at 127.0.0.1/37391] INFO  safemode.OneReplicaPipelineSafeModeRule (OneReplicaPipelineSafeModeRule.java:<init>(84)) - Total pipeline count is 1, pipeline's with at least one datanode reported threshold count is 1
2020-12-17 02:12:55,406 [Listener at 127.0.0.1/37391] INFO  ipc.CallQueueManager (CallQueueManager.java:<init>(84)) - Using callQueue: class java.util.concurrent.LinkedBlockingQueue, queueCapacity: 2000, scheduler: class org.apache.hadoop.ipc.DefaultRpcScheduler, ipcBackoff: false.
2020-12-17 02:12:55,406 [Socket Reader #1 for port 46749] INFO  ipc.Server (Server.java:run(1219)) - Starting Socket Reader #1 for port 46749
2020-12-17 02:12:55,410 [Listener at 0.0.0.0/46749] INFO  ipc.CallQueueManager (CallQueueManager.java:<init>(84)) - Using callQueue: class java.util.concurrent.LinkedBlockingQueue, queueCapacity: 2000, scheduler: class org.apache.hadoop.ipc.DefaultRpcScheduler, ipcBackoff: false.
2020-12-17 02:12:55,411 [Socket Reader #1 for port 45649] INFO  ipc.Server (Server.java:run(1219)) - Starting Socket Reader #1 for port 45649
2020-12-17 02:12:55,411 [Listener at 0.0.0.0/45649] INFO  ipc.CallQueueManager (CallQueueManager.java:<init>(84)) - Using callQueue: class java.util.concurrent.LinkedBlockingQueue, queueCapacity: 2000, scheduler: class org.apache.hadoop.ipc.DefaultRpcScheduler, ipcBackoff: false.
2020-12-17 02:12:55,415 [org.apache.ratis.server.JvmPauseMonitor@1d6960f7-Monitor] WARN  server.JvmPauseMonitor (JvmPauseMonitor.java:run(141)) - Detected pause in JVM or host machine (eg GC): pause of approximately 2ms
No GCs detected
2020-12-17 02:12:55,416 [Socket Reader #1 for port 36891] INFO  ipc.Server (Server.java:run(1219)) - Starting Socket Reader #1 for port 36891
2020-12-17 02:12:55,419 [Listener at 0.0.0.0/36891] INFO  http.BaseHttpServer (BaseHttpServer.java:newHttpServer2BuilderForOzone(207)) - Starting Web-server for scm at: http://0.0.0.0:41397
2020-12-17 02:12:55,419 [Listener at 0.0.0.0/36891] INFO  http.BaseHttpServer (BaseHttpServer.java:<init>(106)) - Hadoop Security Enabled: false Ozone Security Enabled: false Ozone HTTP Security Enabled: false 
2020-12-17 02:12:55,420 [Listener at 0.0.0.0/36891] INFO  server.AuthenticationFilter (AuthenticationFilter.java:constructSecretProvider(240)) - Unable to initialize FileSignerSecretProvider, falling back to use random secrets.
2020-12-17 02:12:55,421 [Listener at 0.0.0.0/36891] WARN  http.HttpRequestLog (HttpRequestLog.java:getRequestLog(103)) - Jetty request log can only be enabled using Log4j
2020-12-17 02:12:55,422 [Listener at 0.0.0.0/36891] INFO  http.HttpServer2 (HttpServer2.java:addGlobalFilter(1020)) - Added global filter 'safety' (class=org.apache.hadoop.hdds.server.http.HttpServer2$QuotingInputFilter)
2020-12-17 02:12:55,422 [Listener at 0.0.0.0/36891] INFO  http.HttpServer2 (HttpServer2.java:addFilter(996)) - Added filter static_user_filter (class=org.apache.hadoop.http.lib.StaticUserWebFilter$StaticUserFilter) to context scm
2020-12-17 02:12:55,422 [Listener at 0.0.0.0/36891] INFO  http.HttpServer2 (HttpServer2.java:addFilter(1004)) - Added filter static_user_filter (class=org.apache.hadoop.http.lib.StaticUserWebFilter$StaticUserFilter) to context logs
2020-12-17 02:12:55,422 [Listener at 0.0.0.0/36891] INFO  http.HttpServer2 (HttpServer2.java:addFilter(1004)) - Added filter static_user_filter (class=org.apache.hadoop.http.lib.StaticUserWebFilter$StaticUserFilter) to context static
2020-12-17 02:12:55,426 [Listener at 0.0.0.0/36891] INFO  server.StorageContainerManager (StorageContainerManager.java:start(789)) - StorageContainerLocationProtocol RPC server is listening at /0.0.0.0:36891
2020-12-17 02:12:55,427 [Listener at 0.0.0.0/36891] WARN  impl.MetricsConfig (MetricsConfig.java:loadFirst(134)) - Cannot locate configuration: tried hadoop-metrics2-storagecontainermanager.properties,hadoop-metrics2.properties
2020-12-17 02:12:55,430 [Listener at 0.0.0.0/36891] INFO  impl.MetricsSystemImpl (MetricsSystemImpl.java:startTimer(374)) - Scheduled Metric snapshot period at 10 second(s).
2020-12-17 02:12:55,430 [Listener at 0.0.0.0/36891] INFO  impl.MetricsSystemImpl (MetricsSystemImpl.java:start(191)) - StorageContainerManager metrics system started
2020-12-17 02:12:55,567 [Listener at 0.0.0.0/36891] WARN  impl.MetricsSystemImpl (MetricsSystemImpl.java:register(276)) - Sink prometheus already exists!
2020-12-17 02:12:55,673 [Listener at 0.0.0.0/36891] INFO  server.SCMClientProtocolServer (SCMClientProtocolServer.java:start(159)) - RPC server for Client  is listening at /0.0.0.0:36891
2020-12-17 02:12:55,673 [IPC Server Responder] INFO  ipc.Server (Server.java:run(1460)) - IPC Server Responder: starting
2020-12-17 02:12:55,674 [IPC Server listener on 36891] INFO  ipc.Server (Server.java:run(1298)) - IPC Server listener on 36891: starting
2020-12-17 02:12:55,693 [Listener at 0.0.0.0/36891] INFO  server.StorageContainerManager (StorageContainerManager.java:start(801)) - ScmBlockLocationProtocol RPC server is listening at /0.0.0.0:45649
2020-12-17 02:12:55,693 [Listener at 0.0.0.0/36891] INFO  server.SCMBlockProtocolServer (SCMBlockProtocolServer.java:start(150)) - RPC server for Block Protocol is listening at /0.0.0.0:45649
2020-12-17 02:12:55,693 [IPC Server Responder] INFO  ipc.Server (Server.java:run(1460)) - IPC Server Responder: starting
2020-12-17 02:12:55,698 [IPC Server listener on 45649] INFO  ipc.Server (Server.java:run(1298)) - IPC Server listener on 45649: starting
2020-12-17 02:12:55,704 [Listener at 0.0.0.0/36891] INFO  server.StorageContainerManager (StorageContainerManager.java:start(807)) - ScmDatanodeProtocl RPC server is listening at /0.0.0.0:46749
2020-12-17 02:12:55,704 [Listener at 0.0.0.0/36891] INFO  server.SCMDatanodeProtocolServer (SCMDatanodeProtocolServer.java:start(174)) - RPC server for DataNodes is listening at /0.0.0.0:46749
2020-12-17 02:12:55,705 [IPC Server Responder] INFO  ipc.Server (Server.java:run(1460)) - IPC Server Responder: starting
2020-12-17 02:12:55,706 [IPC Server listener on 46749] INFO  ipc.Server (Server.java:run(1298)) - IPC Server listener on 46749: starting
2020-12-17 02:12:55,716 [Listener at 0.0.0.0/36891] INFO  http.HttpServer2 (HttpServer2.java:bindListener(1238)) - Jetty bound to port 41397
2020-12-17 02:12:55,716 [Listener at 0.0.0.0/36891] INFO  server.Server (Server.java:doStart(375)) - jetty-9.4.34.v20201102; built: 2020-11-02T14:15:39.302Z; git: e46af88704a893fc12cb0e3bf46e2c7b48a009e7; jvm 1.8.0_232-b09
2020-12-17 02:12:55,717 [Listener at 0.0.0.0/36891] INFO  server.session (DefaultSessionIdManager.java:doStart(334)) - DefaultSessionIdManager workerName=node0
2020-12-17 02:12:55,717 [Listener at 0.0.0.0/36891] INFO  server.session (DefaultSessionIdManager.java:doStart(339)) - No SessionScavenger set, using defaults
2020-12-17 02:12:55,718 [Listener at 0.0.0.0/36891] INFO  server.session (HouseKeeper.java:startScavenging(132)) - node0 Scavenging every 600000ms
2020-12-17 02:12:55,718 [Listener at 0.0.0.0/36891] INFO  handler.ContextHandler (ContextHandler.java:doStart(916)) - Started o.e.j.s.ServletContextHandler@33aa9e40{logs,/logs,file:///github/workspace/mnt/ozone/hadoop-ozone/integration-test/target/log,AVAILABLE}
2020-12-17 02:12:55,718 [Listener at 0.0.0.0/36891] INFO  handler.ContextHandler (ContextHandler.java:doStart(916)) - Started o.e.j.s.ServletContextHandler@2a81809e{static,/static,file:///github/workspace/mnt/ozone/hadoop-ozone/integration-test/target/test-classes/webapps/static,AVAILABLE}
2020-12-17 02:12:55,721 [Listener at 0.0.0.0/36891] INFO  handler.ContextHandler (ContextHandler.java:doStart(916)) - Started o.e.j.w.WebAppContext@751e632a{scm,/,file:///github/workspace/mnt/ozone/hadoop-ozone/integration-test/target/test-classes/webapps/scm/,AVAILABLE}{file:/github/workspace/mnt/ozone/hadoop-ozone/integration-test/target/test-classes/webapps/scm}
2020-12-17 02:12:55,722 [Listener at 0.0.0.0/36891] INFO  server.AbstractConnector (AbstractConnector.java:doStart(331)) - Started ServerConnector@543b0583{HTTP/1.1, (http/1.1)}{0.0.0.0:41397}
2020-12-17 02:12:55,722 [Listener at 0.0.0.0/36891] INFO  server.Server (Server.java:doStart(415)) - Started @411934ms
2020-12-17 02:12:55,723 [Listener at 0.0.0.0/36891] WARN  impl.MetricsSystemImpl (MetricsSystemImpl.java:register(276)) - Sink prometheus already exists!
2020-12-17 02:12:55,726 [Listener at 0.0.0.0/36891] INFO  http.BaseHttpServer (BaseHttpServer.java:updateConnectorAddress(327)) - HTTP server of scm listening at http://0.0.0.0:41397
2020-12-17 02:12:55,727 [Listener at 0.0.0.0/36891] INFO  ozone.MiniOzoneClusterImpl (MiniOzoneClusterImpl.java:lambda$waitForClusterToBeReady$0(178)) - Waiting for nodes to be ready. Got 0 of 6 DN Heartbeats.
2020-12-17 02:12:55,727 [Listener at 0.0.0.0/36891] INFO  ozone.MiniOzoneClusterImpl (MiniOzoneClusterImpl.java:lambda$waitForClusterToBeReady$0(181)) - Waiting for cluster to exit safe mode
2020-12-17 02:12:55,727 [org.apache.hadoop.util.JvmPauseMonitor$Monitor@28062c6a] INFO  util.JvmPauseMonitor (JvmPauseMonitor.java:run(188)) - Starting JVM pause monitor
2020-12-17 02:12:56,210 [Command processor thread] WARN  impl.RaftServerProxy (RaftServerProxy.java:remove(99)) - a5453659-3127-401c-b9c1-bc8f4372128a: does not contain group: group-B8FAD682F618
2020-12-17 02:12:56,210 [Command processor thread] ERROR commandhandler.ClosePipelineCommandHandler (ClosePipelineCommandHandler.java:handle(78)) - Can't close pipeline PipelineID=fee38756-5379-43ea-8752-b8fad682f618
java.io.IOException: a5453659-3127-401c-b9c1-bc8f4372128a: Group group-B8FAD682F618 not found.
	at org.apache.hadoop.ozone.container.common.transport.server.ratis.XceiverServerRatis.removeGroup(XceiverServerRatis.java:774)
	at org.apache.hadoop.ozone.container.common.statemachine.commandhandler.ClosePipelineCommandHandler.handle(ClosePipelineCommandHandler.java:74)
	at org.apache.hadoop.ozone.container.common.statemachine.commandhandler.CommandDispatcher.handle(CommandDispatcher.java:99)
	at org.apache.hadoop.ozone.container.common.statemachine.DatanodeStateMachine.lambda$initCommandHandlerThread$2(DatanodeStateMachine.java:498)
	at java.lang.Thread.run(Thread.java:748)
Caused by: org.apache.ratis.protocol.exceptions.GroupMismatchException: a5453659-3127-401c-b9c1-bc8f4372128a: Group group-B8FAD682F618 not found.
	at org.apache.ratis.server.impl.RaftServerProxy.groupRemoveAsync(RaftServerProxy.java:445)
	at org.apache.ratis.server.impl.RaftServerProxy.groupManagementAsync(RaftServerProxy.java:401)
	at org.apache.ratis.server.impl.RaftServerProxy.groupManagement(RaftServerProxy.java:381)
	at org.apache.hadoop.ozone.container.common.transport.server.ratis.XceiverServerRatis.removeGroup(XceiverServerRatis.java:772)
	... 4 more
2020-12-17 02:12:56,211 [Command processor thread] WARN  impl.RaftServerProxy (RaftServerProxy.java:remove(99)) - a5453659-3127-401c-b9c1-bc8f4372128a: does not contain group: group-D44B4C9671A5
2020-12-17 02:12:56,211 [Command processor thread] ERROR commandhandler.ClosePipelineCommandHandler (ClosePipelineCommandHandler.java:handle(78)) - Can't close pipeline PipelineID=b307a657-c31e-4a1d-b181-d44b4c9671a5
java.io.IOException: a5453659-3127-401c-b9c1-bc8f4372128a: Group group-D44B4C9671A5 not found.
	at org.apache.hadoop.ozone.container.common.transport.server.ratis.XceiverServerRatis.removeGroup(XceiverServerRatis.java:774)
	at org.apache.hadoop.ozone.container.common.statemachine.commandhandler.ClosePipelineCommandHandler.handle(ClosePipelineCommandHandler.java:74)
	at org.apache.hadoop.ozone.container.common.statemachine.commandhandler.CommandDispatcher.handle(CommandDispatcher.java:99)
	at org.apache.hadoop.ozone.container.common.statemachine.DatanodeStateMachine.lambda$initCommandHandlerThread$2(DatanodeStateMachine.java:498)
	at java.lang.Thread.run(Thread.java:748)
Caused by: org.apache.ratis.protocol.exceptions.GroupMismatchException: a5453659-3127-401c-b9c1-bc8f4372128a: Group group-D44B4C9671A5 not found.
	at org.apache.ratis.server.impl.RaftServerProxy.groupRemoveAsync(RaftServerProxy.java:445)
	at org.apache.ratis.server.impl.RaftServerProxy.groupManagementAsync(RaftServerProxy.java:401)
	at org.apache.ratis.server.impl.RaftServerProxy.groupManagement(RaftServerProxy.java:381)
	at org.apache.hadoop.ozone.container.common.transport.server.ratis.XceiverServerRatis.removeGroup(XceiverServerRatis.java:772)
	... 4 more
2020-12-17 02:12:56,379 [EndpointStateMachine task thread for /0.0.0.0:46749 - 0 ] INFO  ipc.Client (Client.java:handleConnectionFailure(958)) - Retrying connect to server: 0.0.0.0/0.0.0.0:46749. Already tried 0 time(s); retry policy is RetryUpToMaximumCountWithFixedSleep(maxRetries=15, sleepTime=1000 MILLISECONDS)
2020-12-17 02:12:56,384 [IPC Server handler 0 on default port 46749] INFO  server.SCMDatanodeHeartbeatDispatcher (SCMDatanodeHeartbeatDispatcher.java:dispatch(96)) - SCM received heartbeat from an unregistered datanode 6a05d44f-22be-4027-b269-c3a46acd3f47{ip: 172.17.0.2, host: 89b9adae2c19, networkLocation: /default-rack, certSerialId: null, persistedOpState: null, persistedOpStateExpiryEpochSec: 0}. Asking datanode to re-register.
2020-12-17 02:12:56,384 [IPC Server handler 1 on default port 46749] INFO  server.SCMDatanodeHeartbeatDispatcher (SCMDatanodeHeartbeatDispatcher.java:dispatch(96)) - SCM received heartbeat from an unregistered datanode 7ec52e27-6063-4b9c-8511-76ca7a922bcd{ip: 172.17.0.2, host: 89b9adae2c19, networkLocation: /default-rack, certSerialId: null, persistedOpState: null, persistedOpStateExpiryEpochSec: 0}. Asking datanode to re-register.
2020-12-17 02:12:56,385 [IPC Server handler 2 on default port 46749] INFO  server.SCMDatanodeHeartbeatDispatcher (SCMDatanodeHeartbeatDispatcher.java:dispatch(96)) - SCM received heartbeat from an unregistered datanode 2b1d58b1-e44f-4041-9819-0dd176255f22{ip: 172.17.0.2, host: 89b9adae2c19, networkLocation: /default-rack, certSerialId: null, persistedOpState: ENTERING_MAINTENANCE, persistedOpStateExpiryEpochSec: 0}. Asking datanode to re-register.
2020-12-17 02:12:56,385 [IPC Server handler 3 on default port 46749] INFO  server.SCMDatanodeHeartbeatDispatcher (SCMDatanodeHeartbeatDispatcher.java:dispatch(96)) - SCM received heartbeat from an unregistered datanode b45b6da8-7dd9-434b-afe3-ad98acc018a0{ip: 172.17.0.2, host: 89b9adae2c19, networkLocation: /default-rack, certSerialId: null, persistedOpState: ENTERING_MAINTENANCE, persistedOpStateExpiryEpochSec: 0}. Asking datanode to re-register.
2020-12-17 02:12:56,385 [IPC Server handler 4 on default port 46749] INFO  server.SCMDatanodeHeartbeatDispatcher (SCMDatanodeHeartbeatDispatcher.java:dispatch(96)) - SCM received heartbeat from an unregistered datanode a5453659-3127-401c-b9c1-bc8f4372128a{ip: 172.17.0.2, host: 89b9adae2c19, networkLocation: /default-rack, certSerialId: null, persistedOpState: ENTERING_MAINTENANCE, persistedOpStateExpiryEpochSec: 0}. Asking datanode to re-register.
2020-12-17 02:12:56,386 [IPC Server handler 2 on default port 46749] INFO  server.SCMDatanodeHeartbeatDispatcher (SCMDatanodeHeartbeatDispatcher.java:dispatch(96)) - SCM received heartbeat from an unregistered datanode f11c6601-f81b-414d-9af7-ba1741509b09{ip: 172.17.0.2, host: 89b9adae2c19, networkLocation: /default-rack, certSerialId: null, persistedOpState: null, persistedOpStateExpiryEpochSec: 0}. Asking datanode to re-register.
2020-12-17 02:12:56,387 [IPC Server handler 6 on default port 46749] INFO  server.SCMDatanodeHeartbeatDispatcher (SCMDatanodeHeartbeatDispatcher.java:dispatch(96)) - SCM received heartbeat from an unregistered datanode 6a05d44f-22be-4027-b269-c3a46acd3f47{ip: 172.17.0.2, host: 89b9adae2c19, networkLocation: /default-rack, certSerialId: null, persistedOpState: null, persistedOpStateExpiryEpochSec: 0}. Asking datanode to re-register.
2020-12-17 02:12:56,387 [IPC Server handler 6 on default port 46749] INFO  server.SCMDatanodeHeartbeatDispatcher (SCMDatanodeHeartbeatDispatcher.java:dispatch(96)) - SCM received heartbeat from an unregistered datanode 7ec52e27-6063-4b9c-8511-76ca7a922bcd{ip: 172.17.0.2, host: 89b9adae2c19, networkLocation: /default-rack, certSerialId: null, persistedOpState: null, persistedOpStateExpiryEpochSec: 0}. Asking datanode to re-register.
2020-12-17 02:12:56,727 [Listener at 0.0.0.0/36891] INFO  ozone.MiniOzoneClusterImpl (MiniOzoneClusterImpl.java:lambda$waitForClusterToBeReady$0(178)) - Waiting for nodes to be ready. Got 0 of 6 DN Heartbeats.
2020-12-17 02:12:56,727 [Listener at 0.0.0.0/36891] INFO  ozone.MiniOzoneClusterImpl (MiniOzoneClusterImpl.java:lambda$waitForClusterToBeReady$0(181)) - Waiting for cluster to exit safe mode
2020-12-17 02:12:57,192 [IPC Server handler 0 on default port 46749] INFO  net.NetworkTopologyImpl (NetworkTopologyImpl.java:add(111)) - Added a new node: /default-rack/2b1d58b1-e44f-4041-9819-0dd176255f22
2020-12-17 02:12:57,192 [IPC Server handler 0 on default port 46749] INFO  node.NodeStateManager (NodeStateManager.java:newNodeStatus(257)) - Updating nodeOperationalState on registration as the datanode has a persisted state of ENTERING_MAINTENANCE and expiry of 0
2020-12-17 02:12:57,194 [IPC Server handler 0 on default port 46749] INFO  node.SCMNodeManager (SCMNodeManager.java:register(341)) - Registered Data node : 2b1d58b1-e44f-4041-9819-0dd176255f22{ip: 172.17.0.2, host: 89b9adae2c19, networkLocation: /default-rack, certSerialId: null, persistedOpState: ENTERING_MAINTENANCE, persistedOpStateExpiryEpochSec: 0}
2020-12-17 02:12:57,198 [IPC Server handler 1 on default port 46749] INFO  net.NetworkTopologyImpl (NetworkTopologyImpl.java:add(111)) - Added a new node: /default-rack/b45b6da8-7dd9-434b-afe3-ad98acc018a0
2020-12-17 02:12:57,198 [IPC Server handler 1 on default port 46749] INFO  node.NodeStateManager (NodeStateManager.java:newNodeStatus(257)) - Updating nodeOperationalState on registration as the datanode has a persisted state of ENTERING_MAINTENANCE and expiry of 0
2020-12-17 02:12:57,198 [EventQueue-NodeRegistrationContainerReportForContainerSafeModeRule] INFO  safemode.SCMSafeModeManager (ContainerSafeModeRule.java:process(117)) - SCM in safe mode. 100.0 % containers have at least one reported replica.
2020-12-17 02:12:57,201 [IPC Server handler 1 on default port 46749] INFO  node.SCMNodeManager (SCMNodeManager.java:register(341)) - Registered Data node : b45b6da8-7dd9-434b-afe3-ad98acc018a0{ip: 172.17.0.2, host: 89b9adae2c19, networkLocation: /default-rack, certSerialId: null, persistedOpState: ENTERING_MAINTENANCE, persistedOpStateExpiryEpochSec: 0}
2020-12-17 02:12:57,201 [EventQueue-NodeRegistrationContainerReportForDataNodeSafeModeRule] INFO  safemode.SCMSafeModeManager (DataNodeSafeModeRule.java:process(71)) - SCM in safe mode. 1 DataNodes registered, 1 required.
2020-12-17 02:12:57,201 [EventQueue-NodeRegistrationContainerReportForDataNodeSafeModeRule] INFO  safemode.SCMSafeModeManager (SCMSafeModeManager.java:validateSafeModeExitRules(214)) - DataNodeSafeModeRule rule is successfully validated
2020-12-17 02:12:57,201 [EventQueue-NodeRegistrationContainerReportForDataNodeSafeModeRule] INFO  safemode.SCMSafeModeManager (SCMSafeModeManager.java:completePreCheck(242)) - All SCM safe mode pre check rules have passed
2020-12-17 02:12:57,202 [EventQueue-PipelineReportForOneReplicaPipelineSafeModeRule] INFO  safemode.SCMSafeModeManager (OneReplicaPipelineSafeModeRule.java:process(127)) - SCM in safe mode. Pipelines with at least one datanode reported count is 0, required at least one datanode reported per pipeline count is 1
2020-12-17 02:12:57,206 [EventQueue-PipelineReportForOneReplicaPipelineSafeModeRule] INFO  safemode.SCMSafeModeManager (OneReplicaPipelineSafeModeRule.java:process(127)) - SCM in safe mode. Pipelines with at least one datanode reported count is 0, required at least one datanode reported per pipeline count is 1
2020-12-17 02:12:57,206 [EventQueue-NodeRegistrationContainerReportForDataNodeSafeModeRule] INFO  safemode.SCMSafeModeManager (SCMSafeModeManager.java:validateSafeModeExitRules(214)) - DataNodeSafeModeRule rule is successfully validated
2020-12-17 02:12:57,206 [EventQueue-NodeRegistrationContainerReportForContainerSafeModeRule] INFO  safemode.SCMSafeModeManager (SCMSafeModeManager.java:validateSafeModeExitRules(214)) - ContainerSafeModeRule rule is successfully validated
2020-12-17 02:12:57,206 [EventQueue-NodeRegistrationContainerReportForContainerSafeModeRule] INFO  safemode.SCMSafeModeManager (SCMSafeModeManager.java:validateSafeModeExitRules(214)) - ContainerSafeModeRule rule is successfully validated
2020-12-17 02:12:57,210 [IPC Server handler 2 on default port 46749] INFO  net.NetworkTopologyImpl (NetworkTopologyImpl.java:add(111)) - Added a new node: /default-rack/a5453659-3127-401c-b9c1-bc8f4372128a
2020-12-17 02:12:57,210 [IPC Server handler 2 on default port 46749] INFO  node.NodeStateManager (NodeStateManager.java:newNodeStatus(257)) - Updating nodeOperationalState on registration as the datanode has a persisted state of ENTERING_MAINTENANCE and expiry of 0
2020-12-17 02:12:57,210 [IPC Server handler 2 on default port 46749] INFO  node.SCMNodeManager (SCMNodeManager.java:register(341)) - Registered Data node : a5453659-3127-401c-b9c1-bc8f4372128a{ip: 172.17.0.2, host: 89b9adae2c19, networkLocation: /default-rack, certSerialId: null, persistedOpState: ENTERING_MAINTENANCE, persistedOpStateExpiryEpochSec: 0}
2020-12-17 02:12:57,211 [EventQueue-NodeRegistrationContainerReportForContainerSafeModeRule] INFO  safemode.SCMSafeModeManager (SCMSafeModeManager.java:validateSafeModeExitRules(214)) - ContainerSafeModeRule rule is successfully validated
2020-12-17 02:12:57,211 [EventQueue-NodeRegistrationContainerReportForDataNodeSafeModeRule] INFO  safemode.SCMSafeModeManager (SCMSafeModeManager.java:validateSafeModeExitRules(214)) - DataNodeSafeModeRule rule is successfully validated
2020-12-17 02:12:57,212 [EventQueue-PipelineReportForOneReplicaPipelineSafeModeRule] INFO  safemode.SCMSafeModeManager (OneReplicaPipelineSafeModeRule.java:process(127)) - SCM in safe mode. Pipelines with at least one datanode reported count is 0, required at least one datanode reported per pipeline count is 1
2020-12-17 02:12:57,363 [IPC Server handler 3 on default port 46749] INFO  net.NetworkTopologyImpl (NetworkTopologyImpl.java:add(111)) - Added a new node: /default-rack/f11c6601-f81b-414d-9af7-ba1741509b09
2020-12-17 02:12:57,364 [IPC Server handler 3 on default port 46749] INFO  node.SCMNodeManager (SCMNodeManager.java:register(341)) - Registered Data node : f11c6601-f81b-414d-9af7-ba1741509b09{ip: 172.17.0.2, host: 89b9adae2c19, networkLocation: /default-rack, certSerialId: null, persistedOpState: IN_SERVICE, persistedOpStateExpiryEpochSec: 0}
2020-12-17 02:12:57,364 [EventQueue-NodeRegistrationContainerReportForContainerSafeModeRule] INFO  safemode.SCMSafeModeManager (SCMSafeModeManager.java:validateSafeModeExitRules(214)) - ContainerSafeModeRule rule is successfully validated
2020-12-17 02:12:57,364 [EventQueue-NodeRegistrationContainerReportForDataNodeSafeModeRule] INFO  safemode.SCMSafeModeManager (SCMSafeModeManager.java:validateSafeModeExitRules(214)) - DataNodeSafeModeRule rule is successfully validated
2020-12-17 02:12:57,364 [EventQueue-PipelineReportForOneReplicaPipelineSafeModeRule] INFO  safemode.SCMSafeModeManager (OneReplicaPipelineSafeModeRule.java:process(127)) - SCM in safe mode. Pipelines with at least one datanode reported count is 1, required at least one datanode reported per pipeline count is 1
2020-12-17 02:12:57,365 [EventQueue-PipelineReportForOneReplicaPipelineSafeModeRule] INFO  safemode.SCMSafeModeManager (SCMSafeModeManager.java:validateSafeModeExitRules(214)) - AtleastOneDatanodeReportedRule rule is successfully validated
2020-12-17 02:12:57,366 [EventQueue-OpenPipelineForHealthyPipelineSafeModeRule] INFO  safemode.SCMSafeModeManager (HealthyPipelineSafeModeRule.java:process(128)) - SCM in safe mode. Healthy pipelines reported count is 0, required healthy pipeline reported count is 1
2020-12-17 02:12:57,374 [IPC Server handler 4 on default port 46749] INFO  net.NetworkTopologyImpl (NetworkTopologyImpl.java:add(111)) - Added a new node: /default-rack/6a05d44f-22be-4027-b269-c3a46acd3f47
2020-12-17 02:12:57,374 [IPC Server handler 4 on default port 46749] INFO  node.SCMNodeManager (SCMNodeManager.java:register(341)) - Registered Data node : 6a05d44f-22be-4027-b269-c3a46acd3f47{ip: 172.17.0.2, host: 89b9adae2c19, networkLocation: /default-rack, certSerialId: null, persistedOpState: IN_SERVICE, persistedOpStateExpiryEpochSec: 0}
2020-12-17 02:12:57,375 [IPC Server handler 6 on default port 46749] INFO  net.NetworkTopologyImpl (NetworkTopologyImpl.java:add(111)) - Added a new node: /default-rack/7ec52e27-6063-4b9c-8511-76ca7a922bcd
2020-12-17 02:12:57,375 [IPC Server handler 6 on default port 46749] INFO  node.SCMNodeManager (SCMNodeManager.java:register(341)) - Registered Data node : 7ec52e27-6063-4b9c-8511-76ca7a922bcd{ip: 172.17.0.2, host: 89b9adae2c19, networkLocation: /default-rack, certSerialId: null, persistedOpState: IN_SERVICE, persistedOpStateExpiryEpochSec: 0}
2020-12-17 02:12:57,375 [EventQueue-NodeRegistrationContainerReportForContainerSafeModeRule] INFO  safemode.SCMSafeModeManager (SCMSafeModeManager.java:validateSafeModeExitRules(214)) - ContainerSafeModeRule rule is successfully validated
2020-12-17 02:12:57,375 [EventQueue-NodeRegistrationContainerReportForContainerSafeModeRule] INFO  safemode.SCMSafeModeManager (SCMSafeModeManager.java:validateSafeModeExitRules(214)) - ContainerSafeModeRule rule is successfully validated
2020-12-17 02:12:57,375 [EventQueue-PipelineReportForOneReplicaPipelineSafeModeRule] INFO  safemode.SCMSafeModeManager (SCMSafeModeManager.java:validateSafeModeExitRules(214)) - AtleastOneDatanodeReportedRule rule is successfully validated
2020-12-17 02:12:57,375 [EventQueue-PipelineReportForOneReplicaPipelineSafeModeRule] INFO  safemode.SCMSafeModeManager (SCMSafeModeManager.java:validateSafeModeExitRules(214)) - AtleastOneDatanodeReportedRule rule is successfully validated
2020-12-17 02:12:57,375 [EventQueue-NodeRegistrationContainerReportForDataNodeSafeModeRule] INFO  safemode.SCMSafeModeManager (SCMSafeModeManager.java:validateSafeModeExitRules(214)) - DataNodeSafeModeRule rule is successfully validated
2020-12-17 02:12:57,376 [EventQueue-NodeRegistrationContainerReportForDataNodeSafeModeRule] INFO  safemode.SCMSafeModeManager (SCMSafeModeManager.java:validateSafeModeExitRules(214)) - DataNodeSafeModeRule rule is successfully validated
2020-12-17 02:12:57,376 [EventQueue-OpenPipelineForHealthyPipelineSafeModeRule] INFO  safemode.SCMSafeModeManager (HealthyPipelineSafeModeRule.java:process(128)) - SCM in safe mode. Healthy pipelines reported count is 0, required healthy pipeline reported count is 1
2020-12-17 02:12:57,377 [EventQueue-OpenPipelineForHealthyPipelineSafeModeRule] INFO  safemode.SCMSafeModeManager (HealthyPipelineSafeModeRule.java:process(128)) - SCM in safe mode. Healthy pipelines reported count is 0, required healthy pipeline reported count is 1
2020-12-17 02:12:57,377 [EventQueue-OpenPipelineForHealthyPipelineSafeModeRule] INFO  safemode.SCMSafeModeManager (HealthyPipelineSafeModeRule.java:process(128)) - SCM in safe mode. Healthy pipelines reported count is 1, required healthy pipeline reported count is 1
2020-12-17 02:12:57,377 [EventQueue-OpenPipelineForHealthyPipelineSafeModeRule] INFO  safemode.SCMSafeModeManager (SCMSafeModeManager.java:validateSafeModeExitRules(214)) - HealthyPipelineSafeModeRule rule is successfully validated
2020-12-17 02:12:57,377 [EventQueue-OpenPipelineForHealthyPipelineSafeModeRule] INFO  safemode.SCMSafeModeManager (SCMSafeModeManager.java:validateSafeModeExitRules(228)) - ScmSafeModeManager, all rules are successfully validated
2020-12-17 02:12:57,377 [EventQueue-OpenPipelineForHealthyPipelineSafeModeRule] INFO  safemode.SCMSafeModeManager (SCMSafeModeManager.java:exitSafeMode(257)) - SCM exiting safe mode.
2020-12-17 02:12:57,405 [DatanodeAdminManager-0] INFO  node.DatanodeAdminMonitorImpl (DatanodeAdminMonitorImpl.java:checkContainersReplicatedOnNode(297)) - a5453659-3127-401c-b9c1-bc8f4372128a{ip: 172.17.0.2, host: 89b9adae2c19, networkLocation: /default-rack, certSerialId: null, persistedOpState: ENTERING_MAINTENANCE, persistedOpStateExpiryEpochSec: 0} has 0 sufficientlyReplicated, 2 underReplicated and 0 unhealthy containers
2020-12-17 02:12:57,406 [DatanodeAdminManager-0] INFO  node.DatanodeAdminMonitorImpl (DatanodeAdminMonitorImpl.java:checkContainersReplicatedOnNode(297)) - b45b6da8-7dd9-434b-afe3-ad98acc018a0{ip: 172.17.0.2, host: 89b9adae2c19, networkLocation: /default-rack, certSerialId: null, persistedOpState: ENTERING_MAINTENANCE, persistedOpStateExpiryEpochSec: 0} has 0 sufficientlyReplicated, 2 underReplicated and 0 unhealthy containers
2020-12-17 02:12:57,405 [EventQueue-StartAdminOnNodeForStartDatanodeAdminHandler] INFO  node.StartDatanodeAdminHandler (StartDatanodeAdminHandler.java:onMessage(56)) - Admin start on datanode 2b1d58b1-e44f-4041-9819-0dd176255f22{ip: 172.17.0.2, host: 89b9adae2c19, networkLocation: /default-rack, certSerialId: null, persistedOpState: ENTERING_MAINTENANCE, persistedOpStateExpiryEpochSec: 0}. Finalizing its pipelines []
2020-12-17 02:12:57,406 [DatanodeAdminManager-0] INFO  node.DatanodeAdminMonitorImpl (DatanodeAdminMonitorImpl.java:checkContainersReplicatedOnNode(297)) - 2b1d58b1-e44f-4041-9819-0dd176255f22{ip: 172.17.0.2, host: 89b9adae2c19, networkLocation: /default-rack, certSerialId: null, persistedOpState: ENTERING_MAINTENANCE, persistedOpStateExpiryEpochSec: 0} has 0 sufficientlyReplicated, 2 underReplicated and 0 unhealthy containers
2020-12-17 02:12:57,406 [DatanodeAdminManager-0] INFO  node.DatanodeAdminMonitorImpl (DatanodeAdminMonitorImpl.java:run(136)) - There are 3 nodes tracked for decommission and maintenance. 0 pending nodes.
2020-12-17 02:12:57,406 [EventQueue-StartAdminOnNodeForStartDatanodeAdminHandler] INFO  node.StartDatanodeAdminHandler (StartDatanodeAdminHandler.java:onMessage(56)) - Admin start on datanode b45b6da8-7dd9-434b-afe3-ad98acc018a0{ip: 172.17.0.2, host: 89b9adae2c19, networkLocation: /default-rack, certSerialId: null, persistedOpState: ENTERING_MAINTENANCE, persistedOpStateExpiryEpochSec: 0}. Finalizing its pipelines []
2020-12-17 02:12:57,406 [EventQueue-StartAdminOnNodeForStartDatanodeAdminHandler] INFO  node.StartDatanodeAdminHandler (StartDatanodeAdminHandler.java:onMessage(56)) - Admin start on datanode a5453659-3127-401c-b9c1-bc8f4372128a{ip: 172.17.0.2, host: 89b9adae2c19, networkLocation: /default-rack, certSerialId: null, persistedOpState: ENTERING_MAINTENANCE, persistedOpStateExpiryEpochSec: 0}. Finalizing its pipelines []
2020-12-17 02:12:57,728 [Listener at 0.0.0.0/36891] INFO  ozone.MiniOzoneClusterImpl (MiniOzoneClusterImpl.java:lambda$waitForClusterToBeReady$0(178)) - Nodes are ready. Got 6 of 6 DN Heartbeats.
2020-12-17 02:12:57,728 [Listener at 0.0.0.0/36891] INFO  ozone.MiniOzoneClusterImpl (MiniOzoneClusterImpl.java:lambda$waitForClusterToBeReady$0(181)) - Cluster exits safe mode
2020-12-17 02:12:58,405 [DatanodeAdminManager-0] INFO  node.DatanodeAdminMonitorImpl (DatanodeAdminMonitorImpl.java:checkContainersReplicatedOnNode(297)) - a5453659-3127-401c-b9c1-bc8f4372128a{ip: 172.17.0.2, host: 89b9adae2c19, networkLocation: /default-rack, certSerialId: null, persistedOpState: ENTERING_MAINTENANCE, persistedOpStateExpiryEpochSec: 0} has 0 sufficientlyReplicated, 2 underReplicated and 0 unhealthy containers
2020-12-17 02:12:58,405 [DatanodeAdminManager-0] INFO  node.DatanodeAdminMonitorImpl (DatanodeAdminMonitorImpl.java:checkContainersReplicatedOnNode(297)) - b45b6da8-7dd9-434b-afe3-ad98acc018a0{ip: 172.17.0.2, host: 89b9adae2c19, networkLocation: /default-rack, certSerialId: null, persistedOpState: ENTERING_MAINTENANCE, persistedOpStateExpiryEpochSec: 0} has 0 sufficientlyReplicated, 2 underReplicated and 0 unhealthy containers
2020-12-17 02:12:58,406 [DatanodeAdminManager-0] INFO  node.DatanodeAdminMonitorImpl (DatanodeAdminMonitorImpl.java:checkContainersReplicatedOnNode(297)) - 2b1d58b1-e44f-4041-9819-0dd176255f22{ip: 172.17.0.2, host: 89b9adae2c19, networkLocation: /default-rack, certSerialId: null, persistedOpState: ENTERING_MAINTENANCE, persistedOpStateExpiryEpochSec: 0} has 0 sufficientlyReplicated, 2 underReplicated and 0 unhealthy containers
2020-12-17 02:12:58,406 [DatanodeAdminManager-0] INFO  node.DatanodeAdminMonitorImpl (DatanodeAdminMonitorImpl.java:run(136)) - There are 3 nodes tracked for decommission and maintenance. 0 pending nodes.
2020-12-17 02:12:59,405 [DatanodeAdminManager-0] INFO  node.DatanodeAdminMonitorImpl (DatanodeAdminMonitorImpl.java:checkContainersReplicatedOnNode(297)) - a5453659-3127-401c-b9c1-bc8f4372128a{ip: 172.17.0.2, host: 89b9adae2c19, networkLocation: /default-rack, certSerialId: null, persistedOpState: ENTERING_MAINTENANCE, persistedOpStateExpiryEpochSec: 0} has 0 sufficientlyReplicated, 2 underReplicated and 0 unhealthy containers
2020-12-17 02:12:59,405 [DatanodeAdminManager-0] INFO  node.DatanodeAdminMonitorImpl (DatanodeAdminMonitorImpl.java:checkContainersReplicatedOnNode(297)) - b45b6da8-7dd9-434b-afe3-ad98acc018a0{ip: 172.17.0.2, host: 89b9adae2c19, networkLocation: /default-rack, certSerialId: null, persistedOpState: ENTERING_MAINTENANCE, persistedOpStateExpiryEpochSec: 0} has 0 sufficientlyReplicated, 2 underReplicated and 0 unhealthy containers
2020-12-17 02:12:59,406 [DatanodeAdminManager-0] INFO  node.DatanodeAdminMonitorImpl (DatanodeAdminMonitorImpl.java:checkContainersReplicatedOnNode(297)) - 2b1d58b1-e44f-4041-9819-0dd176255f22{ip: 172.17.0.2, host: 89b9adae2c19, networkLocation: /default-rack, certSerialId: null, persistedOpState: ENTERING_MAINTENANCE, persistedOpStateExpiryEpochSec: 0} has 0 sufficientlyReplicated, 2 underReplicated and 0 unhealthy containers
2020-12-17 02:12:59,406 [DatanodeAdminManager-0] INFO  node.DatanodeAdminMonitorImpl (DatanodeAdminMonitorImpl.java:run(136)) - There are 3 nodes tracked for decommission and maintenance. 0 pending nodes.
2020-12-17 02:13:00,381 [EventQueue-Delayed safe mode statusForReplicationManager] INFO  container.ReplicationManager (ReplicationManager.java:start(186)) - Starting Replication Monitor Thread.
2020-12-17 02:13:00,383 [ReplicationMonitor] INFO  container.ReplicationManager (ReplicationManager.java:forceCloseContainer(633)) - Force closing container #1 with BCSID 32, which is in QUASI_CLOSED state.
2020-12-17 02:13:00,383 [ReplicationMonitor] INFO  container.ReplicationManager (ReplicationManager.java:sendCloseCommand(948)) - Sending close container command for container #1 to datanode 2b1d58b1-e44f-4041-9819-0dd176255f22{ip: 172.17.0.2, host: 89b9adae2c19, networkLocation: /default-rack, certSerialId: null, persistedOpState: ENTERING_MAINTENANCE, persistedOpStateExpiryEpochSec: 0}.
2020-12-17 02:13:00,384 [ReplicationMonitor] INFO  container.ReplicationManager (ReplicationManager.java:sendCloseCommand(948)) - Sending close container command for container #1 to datanode b45b6da8-7dd9-434b-afe3-ad98acc018a0{ip: 172.17.0.2, host: 89b9adae2c19, networkLocation: /default-rack, certSerialId: null, persistedOpState: ENTERING_MAINTENANCE, persistedOpStateExpiryEpochSec: 0}.
2020-12-17 02:13:00,384 [ReplicationMonitor] INFO  container.ReplicationManager (ReplicationManager.java:sendCloseCommand(948)) - Sending close container command for container #1 to datanode a5453659-3127-401c-b9c1-bc8f4372128a{ip: 172.17.0.2, host: 89b9adae2c19, networkLocation: /default-rack, certSerialId: null, persistedOpState: ENTERING_MAINTENANCE, persistedOpStateExpiryEpochSec: 0}.
2020-12-17 02:13:00,384 [ReplicationMonitor] INFO  container.ReplicationManager (ReplicationManager.java:forceCloseContainer(633)) - Force closing container #2 with BCSID 36, which is in QUASI_CLOSED state.
2020-12-17 02:13:00,385 [ReplicationMonitor] INFO  container.ReplicationManager (ReplicationManager.java:sendCloseCommand(948)) - Sending close container command for container #2 to datanode a5453659-3127-401c-b9c1-bc8f4372128a{ip: 172.17.0.2, host: 89b9adae2c19, networkLocation: /default-rack, certSerialId: null, persistedOpState: ENTERING_MAINTENANCE, persistedOpStateExpiryEpochSec: 0}.
2020-12-17 02:13:00,385 [ReplicationMonitor] INFO  container.ReplicationManager (ReplicationManager.java:sendCloseCommand(948)) - Sending close container command for container #2 to datanode b45b6da8-7dd9-434b-afe3-ad98acc018a0{ip: 172.17.0.2, host: 89b9adae2c19, networkLocation: /default-rack, certSerialId: null, persistedOpState: ENTERING_MAINTENANCE, persistedOpStateExpiryEpochSec: 0}.
2020-12-17 02:13:00,385 [ReplicationMonitor] INFO  container.ReplicationManager (ReplicationManager.java:sendCloseCommand(948)) - Sending close container command for container #2 to datanode 2b1d58b1-e44f-4041-9819-0dd176255f22{ip: 172.17.0.2, host: 89b9adae2c19, networkLocation: /default-rack, certSerialId: null, persistedOpState: ENTERING_MAINTENANCE, persistedOpStateExpiryEpochSec: 0}.
2020-12-17 02:13:00,385 [ReplicationMonitor] INFO  container.ReplicationManager (ReplicationManager.java:run(250)) - Replication Monitor Thread took 3 milliseconds for processing 4 containers.
2020-12-17 02:13:00,405 [DatanodeAdminManager-0] INFO  node.DatanodeAdminMonitorImpl (DatanodeAdminMonitorImpl.java:checkContainersReplicatedOnNode(297)) - a5453659-3127-401c-b9c1-bc8f4372128a{ip: 172.17.0.2, host: 89b9adae2c19, networkLocation: /default-rack, certSerialId: null, persistedOpState: ENTERING_MAINTENANCE, persistedOpStateExpiryEpochSec: 0} has 0 sufficientlyReplicated, 2 underReplicated and 0 unhealthy containers
2020-12-17 02:13:00,405 [DatanodeAdminManager-0] INFO  node.DatanodeAdminMonitorImpl (DatanodeAdminMonitorImpl.java:checkContainersReplicatedOnNode(297)) - b45b6da8-7dd9-434b-afe3-ad98acc018a0{ip: 172.17.0.2, host: 89b9adae2c19, networkLocation: /default-rack, certSerialId: null, persistedOpState: ENTERING_MAINTENANCE, persistedOpStateExpiryEpochSec: 0} has 0 sufficientlyReplicated, 2 underReplicated and 0 unhealthy containers
2020-12-17 02:13:00,405 [DatanodeAdminManager-0] INFO  node.DatanodeAdminMonitorImpl (DatanodeAdminMonitorImpl.java:checkContainersReplicatedOnNode(297)) - 2b1d58b1-e44f-4041-9819-0dd176255f22{ip: 172.17.0.2, host: 89b9adae2c19, networkLocation: /default-rack, certSerialId: null, persistedOpState: ENTERING_MAINTENANCE, persistedOpStateExpiryEpochSec: 0} has 0 sufficientlyReplicated, 2 underReplicated and 0 unhealthy containers
2020-12-17 02:13:00,406 [DatanodeAdminManager-0] INFO  node.DatanodeAdminMonitorImpl (DatanodeAdminMonitorImpl.java:run(136)) - There are 3 nodes tracked for decommission and maintenance. 0 pending nodes.
2020-12-17 02:13:01,385 [ReplicationMonitor] INFO  container.ReplicationManager (ReplicationManager.java:forceCloseContainer(633)) - Force closing container #1 with BCSID 32, which is in QUASI_CLOSED state.
2020-12-17 02:13:01,385 [ReplicationMonitor] INFO  container.ReplicationManager (ReplicationManager.java:sendCloseCommand(948)) - Sending close container command for container #1 to datanode 2b1d58b1-e44f-4041-9819-0dd176255f22{ip: 172.17.0.2, host: 89b9adae2c19, networkLocation: /default-rack, certSerialId: null, persistedOpState: ENTERING_MAINTENANCE, persistedOpStateExpiryEpochSec: 0}.
2020-12-17 02:13:01,385 [ReplicationMonitor] INFO  container.ReplicationManager (ReplicationManager.java:sendCloseCommand(948)) - Sending close container command for container #1 to datanode b45b6da8-7dd9-434b-afe3-ad98acc018a0{ip: 172.17.0.2, host: 89b9adae2c19, networkLocation: /default-rack, certSerialId: null, persistedOpState: ENTERING_MAINTENANCE, persistedOpStateExpiryEpochSec: 0}.
2020-12-17 02:13:01,385 [ReplicationMonitor] INFO  container.ReplicationManager (ReplicationManager.java:sendCloseCommand(948)) - Sending close container command for container #1 to datanode a5453659-3127-401c-b9c1-bc8f4372128a{ip: 172.17.0.2, host: 89b9adae2c19, networkLocation: /default-rack, certSerialId: null, persistedOpState: ENTERING_MAINTENANCE, persistedOpStateExpiryEpochSec: 0}.
2020-12-17 02:13:01,386 [ReplicationMonitor] INFO  container.ReplicationManager (ReplicationManager.java:forceCloseContainer(633)) - Force closing container #2 with BCSID 36, which is in QUASI_CLOSED state.
2020-12-17 02:13:01,386 [ReplicationMonitor] INFO  container.ReplicationManager (ReplicationManager.java:sendCloseCommand(948)) - Sending close container command for container #2 to datanode a5453659-3127-401c-b9c1-bc8f4372128a{ip: 172.17.0.2, host: 89b9adae2c19, networkLocation: /default-rack, certSerialId: null, persistedOpState: ENTERING_MAINTENANCE, persistedOpStateExpiryEpochSec: 0}.
2020-12-17 02:13:01,386 [ReplicationMonitor] INFO  container.ReplicationManager (ReplicationManager.java:sendCloseCommand(948)) - Sending close container command for container #2 to datanode b45b6da8-7dd9-434b-afe3-ad98acc018a0{ip: 172.17.0.2, host: 89b9adae2c19, networkLocation: /default-rack, certSerialId: null, persistedOpState: ENTERING_MAINTENANCE, persistedOpStateExpiryEpochSec: 0}.
2020-12-17 02:13:01,386 [ReplicationMonitor] INFO  container.ReplicationManager (ReplicationManager.java:sendCloseCommand(948)) - Sending close container command for container #2 to datanode 2b1d58b1-e44f-4041-9819-0dd176255f22{ip: 172.17.0.2, host: 89b9adae2c19, networkLocation: /default-rack, certSerialId: null, persistedOpState: ENTERING_MAINTENANCE, persistedOpStateExpiryEpochSec: 0}.
2020-12-17 02:13:01,386 [ReplicationMonitor] INFO  container.ReplicationManager (ReplicationManager.java:run(250)) - Replication Monitor Thread took 1 milliseconds for processing 4 containers.
2020-12-17 02:13:01,405 [DatanodeAdminManager-0] INFO  node.DatanodeAdminMonitorImpl (DatanodeAdminMonitorImpl.java:checkContainersReplicatedOnNode(297)) - a5453659-3127-401c-b9c1-bc8f4372128a{ip: 172.17.0.2, host: 89b9adae2c19, networkLocation: /default-rack, certSerialId: null, persistedOpState: ENTERING_MAINTENANCE, persistedOpStateExpiryEpochSec: 0} has 0 sufficientlyReplicated, 2 underReplicated and 0 unhealthy containers
2020-12-17 02:13:01,405 [DatanodeAdminManager-0] INFO  node.DatanodeAdminMonitorImpl (DatanodeAdminMonitorImpl.java:checkContainersReplicatedOnNode(297)) - b45b6da8-7dd9-434b-afe3-ad98acc018a0{ip: 172.17.0.2, host: 89b9adae2c19, networkLocation: /default-rack, certSerialId: null, persistedOpState: ENTERING_MAINTENANCE, persistedOpStateExpiryEpochSec: 0} has 0 sufficientlyReplicated, 2 underReplicated and 0 unhealthy containers
2020-12-17 02:13:01,405 [DatanodeAdminManager-0] INFO  node.DatanodeAdminMonitorImpl (DatanodeAdminMonitorImpl.java:checkContainersReplicatedOnNode(297)) - 2b1d58b1-e44f-4041-9819-0dd176255f22{ip: 172.17.0.2, host: 89b9adae2c19, networkLocation: /default-rack, certSerialId: null, persistedOpState: ENTERING_MAINTENANCE, persistedOpStateExpiryEpochSec: 0} has 0 sufficientlyReplicated, 2 underReplicated and 0 unhealthy containers
2020-12-17 02:13:01,406 [DatanodeAdminManager-0] INFO  node.DatanodeAdminMonitorImpl (DatanodeAdminMonitorImpl.java:run(136)) - There are 3 nodes tracked for decommission and maintenance. 0 pending nodes.
2020-12-17 02:13:02,211 [Command processor thread] INFO  keyvalue.KeyValueContainer (KeyValueContainer.java:flushAndSyncDB(388)) - Container 1 is synced with bcsId 32.
2020-12-17 02:13:02,211 [Command processor thread] INFO  keyvalue.KeyValueContainer (KeyValueContainer.java:flushAndSyncDB(388)) - Container 1 is synced with bcsId 32.
2020-12-17 02:13:02,212 [Command processor thread] INFO  keyvalue.KeyValueContainer (KeyValueContainer.java:close(326)) - Container 1 is closed with bcsId 32.
2020-12-17 02:13:02,213 [Command processor thread] INFO  keyvalue.KeyValueContainer (KeyValueContainer.java:flushAndSyncDB(388)) - Container 2 is synced with bcsId 36.
2020-12-17 02:13:02,213 [Command processor thread] INFO  keyvalue.KeyValueContainer (KeyValueContainer.java:flushAndSyncDB(388)) - Container 2 is synced with bcsId 36.
2020-12-17 02:13:02,215 [Command processor thread] INFO  keyvalue.KeyValueContainer (KeyValueContainer.java:close(326)) - Container 2 is closed with bcsId 36.
2020-12-17 02:13:02,219 [EventQueue-IncrementalContainerReportForIncrementalContainerReportHandler] INFO  container.IncrementalContainerReportHandler (AbstractContainerReportHandler.java:updateContainerState(241)) - Moving container #1 to CLOSED state, datanode a5453659-3127-401c-b9c1-bc8f4372128a{ip: 172.17.0.2, host: 89b9adae2c19, networkLocation: /default-rack, certSerialId: null, persistedOpState: ENTERING_MAINTENANCE, persistedOpStateExpiryEpochSec: 0} reported CLOSED replica.
2020-12-17 02:13:02,220 [EventQueue-IncrementalContainerReportForIncrementalContainerReportHandler] INFO  container.IncrementalContainerReportHandler (AbstractContainerReportHandler.java:updateContainerState(241)) - Moving container #2 to CLOSED state, datanode a5453659-3127-401c-b9c1-bc8f4372128a{ip: 172.17.0.2, host: 89b9adae2c19, networkLocation: /default-rack, certSerialId: null, persistedOpState: ENTERING_MAINTENANCE, persistedOpStateExpiryEpochSec: 0} reported CLOSED replica.
2020-12-17 02:13:02,386 [ReplicationMonitor] INFO  container.ReplicationManager (ReplicationManager.java:handleUnderReplicatedContainer(722)) - Container #1 is under replicated. Expected replica count is 3, but found 1.
2020-12-17 02:13:02,386 [ReplicationMonitor] INFO  container.ReplicationManager (ReplicationManager.java:sendReplicateCommand(970)) - Sending replicate container command for container #1 to datanode 6a05d44f-22be-4027-b269-c3a46acd3f47{ip: 172.17.0.2, host: 89b9adae2c19, networkLocation: /default-rack, certSerialId: null, persistedOpState: IN_SERVICE, persistedOpStateExpiryEpochSec: 0}
2020-12-17 02:13:02,386 [ReplicationMonitor] INFO  container.ReplicationManager (ReplicationManager.java:sendReplicateCommand(970)) - Sending replicate container command for container #1 to datanode f11c6601-f81b-414d-9af7-ba1741509b09{ip: 172.17.0.2, host: 89b9adae2c19, networkLocation: /default-rack, certSerialId: null, persistedOpState: IN_SERVICE, persistedOpStateExpiryEpochSec: 0}
2020-12-17 02:13:02,387 [ReplicationMonitor] INFO  container.ReplicationManager (ReplicationManager.java:handleUnderReplicatedContainer(722)) - Container #2 is under replicated. Expected replica count is 3, but found 1.
2020-12-17 02:13:02,387 [ReplicationMonitor] INFO  container.ReplicationManager (ReplicationManager.java:sendReplicateCommand(970)) - Sending replicate container command for container #2 to datanode f11c6601-f81b-414d-9af7-ba1741509b09{ip: 172.17.0.2, host: 89b9adae2c19, networkLocation: /default-rack, certSerialId: null, persistedOpState: IN_SERVICE, persistedOpStateExpiryEpochSec: 0}
2020-12-17 02:13:02,387 [ReplicationMonitor] INFO  container.ReplicationManager (ReplicationManager.java:sendReplicateCommand(970)) - Sending replicate container command for container #2 to datanode 7ec52e27-6063-4b9c-8511-76ca7a922bcd{ip: 172.17.0.2, host: 89b9adae2c19, networkLocation: /default-rack, certSerialId: null, persistedOpState: IN_SERVICE, persistedOpStateExpiryEpochSec: 0}
2020-12-17 02:13:02,387 [ReplicationMonitor] INFO  container.ReplicationManager (ReplicationManager.java:run(250)) - Replication Monitor Thread took 1 milliseconds for processing 4 containers.
2020-12-17 02:13:02,405 [DatanodeAdminManager-0] INFO  node.DatanodeAdminMonitorImpl (DatanodeAdminMonitorImpl.java:checkContainersReplicatedOnNode(297)) - a5453659-3127-401c-b9c1-bc8f4372128a{ip: 172.17.0.2, host: 89b9adae2c19, networkLocation: /default-rack, certSerialId: null, persistedOpState: ENTERING_MAINTENANCE, persistedOpStateExpiryEpochSec: 0} has 0 sufficientlyReplicated, 2 underReplicated and 0 unhealthy containers
2020-12-17 02:13:02,405 [DatanodeAdminManager-0] INFO  node.DatanodeAdminMonitorImpl (DatanodeAdminMonitorImpl.java:checkContainersReplicatedOnNode(297)) - b45b6da8-7dd9-434b-afe3-ad98acc018a0{ip: 172.17.0.2, host: 89b9adae2c19, networkLocation: /default-rack, certSerialId: null, persistedOpState: ENTERING_MAINTENANCE, persistedOpStateExpiryEpochSec: 0} has 0 sufficientlyReplicated, 2 underReplicated and 0 unhealthy containers
2020-12-17 02:13:02,405 [DatanodeAdminManager-0] INFO  node.DatanodeAdminMonitorImpl (DatanodeAdminMonitorImpl.java:checkContainersReplicatedOnNode(297)) - 2b1d58b1-e44f-4041-9819-0dd176255f22{ip: 172.17.0.2, host: 89b9adae2c19, networkLocation: /default-rack, certSerialId: null, persistedOpState: ENTERING_MAINTENANCE, persistedOpStateExpiryEpochSec: 0} has 0 sufficientlyReplicated, 2 underReplicated and 0 unhealthy containers
2020-12-17 02:13:02,406 [DatanodeAdminManager-0] INFO  node.DatanodeAdminMonitorImpl (DatanodeAdminMonitorImpl.java:run(136)) - There are 3 nodes tracked for decommission and maintenance. 0 pending nodes.
2020-12-17 02:13:03,191 [Command processor thread] INFO  keyvalue.KeyValueContainer (KeyValueContainer.java:flushAndSyncDB(388)) - Container 1 is synced with bcsId 32.
2020-12-17 02:13:03,191 [Command processor thread] INFO  keyvalue.KeyValueContainer (KeyValueContainer.java:flushAndSyncDB(388)) - Container 1 is synced with bcsId 32.
2020-12-17 02:13:03,193 [Command processor thread] INFO  keyvalue.KeyValueContainer (KeyValueContainer.java:close(326)) - Container 1 is closed with bcsId 32.
2020-12-17 02:13:03,193 [Command processor thread] INFO  keyvalue.KeyValueContainer (KeyValueContainer.java:flushAndSyncDB(388)) - Container 2 is synced with bcsId 36.
2020-12-17 02:13:03,193 [Command processor thread] INFO  keyvalue.KeyValueContainer (KeyValueContainer.java:flushAndSyncDB(388)) - Container 2 is synced with bcsId 36.
2020-12-17 02:13:03,196 [Command processor thread] INFO  keyvalue.KeyValueContainer (KeyValueContainer.java:close(326)) - Container 2 is closed with bcsId 36.
2020-12-17 02:13:03,197 [Command processor thread] INFO  keyvalue.KeyValueContainer (KeyValueContainer.java:flushAndSyncDB(388)) - Container 1 is synced with bcsId 32.
2020-12-17 02:13:03,197 [Command processor thread] INFO  keyvalue.KeyValueContainer (KeyValueContainer.java:flushAndSyncDB(388)) - Container 1 is synced with bcsId 32.
2020-12-17 02:13:03,199 [Command processor thread] INFO  keyvalue.KeyValueContainer (KeyValueContainer.java:close(326)) - Container 1 is closed with bcsId 32.
2020-12-17 02:13:03,199 [Command processor thread] INFO  keyvalue.KeyValueContainer (KeyValueContainer.java:flushAndSyncDB(388)) - Container 2 is synced with bcsId 36.
2020-12-17 02:13:03,199 [Command processor thread] INFO  keyvalue.KeyValueContainer (KeyValueContainer.java:flushAndSyncDB(388)) - Container 2 is synced with bcsId 36.
2020-12-17 02:13:03,200 [Command processor thread] INFO  keyvalue.KeyValueContainer (KeyValueContainer.java:close(326)) - Container 2 is closed with bcsId 36.
2020-12-17 02:13:03,387 [ReplicationMonitor] INFO  container.ReplicationManager (ReplicationManager.java:run(250)) - Replication Monitor Thread took 1 milliseconds for processing 4 containers.
2020-12-17 02:13:03,405 [DatanodeAdminManager-0] INFO  node.DatanodeAdminMonitorImpl (DatanodeAdminMonitorImpl.java:checkContainersReplicatedOnNode(297)) - a5453659-3127-401c-b9c1-bc8f4372128a{ip: 172.17.0.2, host: 89b9adae2c19, networkLocation: /default-rack, certSerialId: null, persistedOpState: ENTERING_MAINTENANCE, persistedOpStateExpiryEpochSec: 0} has 0 sufficientlyReplicated, 2 underReplicated and 0 unhealthy containers
2020-12-17 02:13:03,405 [DatanodeAdminManager-0] INFO  node.DatanodeAdminMonitorImpl (DatanodeAdminMonitorImpl.java:checkContainersReplicatedOnNode(297)) - b45b6da8-7dd9-434b-afe3-ad98acc018a0{ip: 172.17.0.2, host: 89b9adae2c19, networkLocation: /default-rack, certSerialId: null, persistedOpState: ENTERING_MAINTENANCE, persistedOpStateExpiryEpochSec: 0} has 0 sufficientlyReplicated, 2 underReplicated and 0 unhealthy containers
2020-12-17 02:13:03,405 [DatanodeAdminManager-0] INFO  node.DatanodeAdminMonitorImpl (DatanodeAdminMonitorImpl.java:checkContainersReplicatedOnNode(297)) - 2b1d58b1-e44f-4041-9819-0dd176255f22{ip: 172.17.0.2, host: 89b9adae2c19, networkLocation: /default-rack, certSerialId: null, persistedOpState: ENTERING_MAINTENANCE, persistedOpStateExpiryEpochSec: 0} has 0 sufficientlyReplicated, 2 underReplicated and 0 unhealthy containers
2020-12-17 02:13:03,406 [DatanodeAdminManager-0] INFO  node.DatanodeAdminMonitorImpl (DatanodeAdminMonitorImpl.java:run(136)) - There are 3 nodes tracked for decommission and maintenance. 0 pending nodes.
2020-12-17 02:13:04,375 [ContainerReplicationThread-0] INFO  replication.DownloadAndImportReplicator (DownloadAndImportReplicator.java:replicate(106)) - Starting replication of container 1 from [2b1d58b1-e44f-4041-9819-0dd176255f22{ip: 172.17.0.2, host: 89b9adae2c19, networkLocation: /default-rack, certSerialId: null, persistedOpState: ENTERING_MAINTENANCE, persistedOpStateExpiryEpochSec: 0}, b45b6da8-7dd9-434b-afe3-ad98acc018a0{ip: 172.17.0.2, host: 89b9adae2c19, networkLocation: /default-rack, certSerialId: null, persistedOpState: ENTERING_MAINTENANCE, persistedOpStateExpiryEpochSec: 0}, a5453659-3127-401c-b9c1-bc8f4372128a{ip: 172.17.0.2, host: 89b9adae2c19, networkLocation: /default-rack, certSerialId: null, persistedOpState: ENTERING_MAINTENANCE, persistedOpStateExpiryEpochSec: 0}]
2020-12-17 02:13:04,379 [grpc-default-executor-4] INFO  replication.GrpcReplicationService (GrpcReplicationService.java:download(52)) - Streaming container data (1) to other datanode
2020-12-17 02:13:04,384 [grpc-default-executor-4] INFO  replication.GrpcOutputStream (GrpcOutputStream.java:close(104)) - Sent 9328 bytes for container 1
2020-12-17 02:13:04,385 [grpc-default-executor-2] INFO  replication.GrpcReplicationClient (GrpcReplicationClient.java:onCompleted(177)) - Container 1 is downloaded to /github/workspace/mnt/ozone/hadoop-ozone/integration-test/target/test-dir/MiniOzoneClusterImpl-2a381d17-8836-40f3-94ec-0b892e5c06e0/datanode-3/data/replication/work/container-1.tar.gz
2020-12-17 02:13:04,386 [ContainerReplicationThread-0] INFO  replication.DownloadAndImportReplicator (DownloadAndImportReplicator.java:replicate(117)) - Container 1 is downloaded, starting to import.
2020-12-17 02:13:04,388 [ReplicationMonitor] INFO  container.ReplicationManager (ReplicationManager.java:run(250)) - Replication Monitor Thread took 0 milliseconds for processing 4 containers.
2020-12-17 02:13:04,405 [DatanodeAdminManager-0] INFO  node.DatanodeAdminMonitorImpl (DatanodeAdminMonitorImpl.java:checkContainersReplicatedOnNode(297)) - a5453659-3127-401c-b9c1-bc8f4372128a{ip: 172.17.0.2, host: 89b9adae2c19, networkLocation: /default-rack, certSerialId: null, persistedOpState: ENTERING_MAINTENANCE, persistedOpStateExpiryEpochSec: 0} has 0 sufficientlyReplicated, 2 underReplicated and 0 unhealthy containers
2020-12-17 02:13:04,405 [DatanodeAdminManager-0] INFO  node.DatanodeAdminMonitorImpl (DatanodeAdminMonitorImpl.java:checkContainersReplicatedOnNode(297)) - b45b6da8-7dd9-434b-afe3-ad98acc018a0{ip: 172.17.0.2, host: 89b9adae2c19, networkLocation: /default-rack, certSerialId: null, persistedOpState: ENTERING_MAINTENANCE, persistedOpStateExpiryEpochSec: 0} has 0 sufficientlyReplicated, 2 underReplicated and 0 unhealthy containers
2020-12-17 02:13:04,405 [ContainerReplicationThread-0] INFO  replication.DownloadAndImportReplicator (DownloadAndImportReplicator.java:replicate(120)) - Container 1 is replicated successfully
2020-12-17 02:13:04,406 [ContainerReplicationThread-0] INFO  replication.ReplicationSupervisor (ReplicationSupervisor.java:run(146)) - Container 1 is replicated.
2020-12-17 02:13:04,405 [DatanodeAdminManager-0] INFO  node.DatanodeAdminMonitorImpl (DatanodeAdminMonitorImpl.java:checkContainersReplicatedOnNode(297)) - 2b1d58b1-e44f-4041-9819-0dd176255f22{ip: 172.17.0.2, host: 89b9adae2c19, networkLocation: /default-rack, certSerialId: null, persistedOpState: ENTERING_MAINTENANCE, persistedOpStateExpiryEpochSec: 0} has 0 sufficientlyReplicated, 2 underReplicated and 0 unhealthy containers
2020-12-17 02:13:04,406 [DatanodeAdminManager-0] INFO  node.DatanodeAdminMonitorImpl (DatanodeAdminMonitorImpl.java:run(136)) - There are 3 nodes tracked for decommission and maintenance. 0 pending nodes.
2020-12-17 02:13:05,364 [ContainerReplicationThread-1] INFO  replication.DownloadAndImportReplicator (DownloadAndImportReplicator.java:replicate(106)) - Starting replication of container 2 from [a5453659-3127-401c-b9c1-bc8f4372128a{ip: 172.17.0.2, host: 89b9adae2c19, networkLocation: /default-rack, certSerialId: null, persistedOpState: ENTERING_MAINTENANCE, persistedOpStateExpiryEpochSec: 0}, b45b6da8-7dd9-434b-afe3-ad98acc018a0{ip: 172.17.0.2, host: 89b9adae2c19, networkLocation: /default-rack, certSerialId: null, persistedOpState: ENTERING_MAINTENANCE, persistedOpStateExpiryEpochSec: 0}, 2b1d58b1-e44f-4041-9819-0dd176255f22{ip: 172.17.0.2, host: 89b9adae2c19, networkLocation: /default-rack, certSerialId: null, persistedOpState: ENTERING_MAINTENANCE, persistedOpStateExpiryEpochSec: 0}]
2020-12-17 02:13:05,374 [ContainerReplicationThread-0] INFO  replication.DownloadAndImportReplicator (DownloadAndImportReplicator.java:replicate(106)) - Starting replication of container 1 from [2b1d58b1-e44f-4041-9819-0dd176255f22{ip: 172.17.0.2, host: 89b9adae2c19, networkLocation: /default-rack, certSerialId: null, persistedOpState: ENTERING_MAINTENANCE, persistedOpStateExpiryEpochSec: 0}, b45b6da8-7dd9-434b-afe3-ad98acc018a0{ip: 172.17.0.2, host: 89b9adae2c19, networkLocation: /default-rack, certSerialId: null, persistedOpState: ENTERING_MAINTENANCE, persistedOpStateExpiryEpochSec: 0}, a5453659-3127-401c-b9c1-bc8f4372128a{ip: 172.17.0.2, host: 89b9adae2c19, networkLocation: /default-rack, certSerialId: null, persistedOpState: ENTERING_MAINTENANCE, persistedOpStateExpiryEpochSec: 0}]
2020-12-17 02:13:05,377 [ContainerReplicationThread-0] INFO  replication.DownloadAndImportReplicator (DownloadAndImportReplicator.java:replicate(106)) - Starting replication of container 2 from [a5453659-3127-401c-b9c1-bc8f4372128a{ip: 172.17.0.2, host: 89b9adae2c19, networkLocation: /default-rack, certSerialId: null, persistedOpState: ENTERING_MAINTENANCE, persistedOpStateExpiryEpochSec: 0}, b45b6da8-7dd9-434b-afe3-ad98acc018a0{ip: 172.17.0.2, host: 89b9adae2c19, networkLocation: /default-rack, certSerialId: null, persistedOpState: ENTERING_MAINTENANCE, persistedOpStateExpiryEpochSec: 0}, 2b1d58b1-e44f-4041-9819-0dd176255f22{ip: 172.17.0.2, host: 89b9adae2c19, networkLocation: /default-rack, certSerialId: null, persistedOpState: ENTERING_MAINTENANCE, persistedOpStateExpiryEpochSec: 0}]
2020-12-17 02:13:05,381 [grpc-default-executor-2] INFO  replication.GrpcReplicationService (GrpcReplicationService.java:download(52)) - Streaming container data (2) to other datanode
2020-12-17 02:13:05,382 [grpc-default-executor-1] INFO  replication.GrpcReplicationService (GrpcReplicationService.java:download(52)) - Streaming container data (1) to other datanode
2020-12-17 02:13:05,383 [grpc-default-executor-4] INFO  replication.GrpcReplicationService (GrpcReplicationService.java:download(52)) - Streaming container data (2) to other datanode
2020-12-17 02:13:05,388 [ReplicationMonitor] INFO  container.ReplicationManager (ReplicationManager.java:run(250)) - Replication Monitor Thread took 1 milliseconds for processing 4 containers.
2020-12-17 02:13:05,391 [grpc-default-executor-2] INFO  replication.GrpcOutputStream (GrpcOutputStream.java:close(104)) - Sent 9293 bytes for container 2
2020-12-17 02:13:05,393 [grpc-default-executor-0] INFO  replication.GrpcReplicationClient (GrpcReplicationClient.java:onCompleted(177)) - Container 2 is downloaded to /github/workspace/mnt/ozone/hadoop-ozone/integration-test/target/test-dir/MiniOzoneClusterImpl-2a381d17-8836-40f3-94ec-0b892e5c06e0/datanode-5/data/replication/work/container-2.tar.gz
2020-12-17 02:13:05,395 [ContainerReplicationThread-1] INFO  replication.DownloadAndImportReplicator (DownloadAndImportReplicator.java:replicate(117)) - Container 2 is downloaded, starting to import.
2020-12-17 02:13:05,396 [grpc-default-executor-1] INFO  replication.GrpcOutputStream (GrpcOutputStream.java:close(104)) - Sent 9347 bytes for container 1
2020-12-17 02:13:05,397 [grpc-default-executor-0] INFO  replication.GrpcReplicationClient (GrpcReplicationClient.java:onCompleted(177)) - Container 1 is downloaded to /github/workspace/mnt/ozone/hadoop-ozone/integration-test/target/test-dir/MiniOzoneClusterImpl-2a381d17-8836-40f3-94ec-0b892e5c06e0/datanode-5/data/replication/work/container-1.tar.gz
2020-12-17 02:13:05,398 [ContainerReplicationThread-0] INFO  replication.DownloadAndImportReplicator (DownloadAndImportReplicator.java:replicate(117)) - Container 1 is downloaded, starting to import.
2020-12-17 02:13:05,405 [DatanodeAdminManager-0] INFO  node.DatanodeAdminMonitorImpl (DatanodeAdminMonitorImpl.java:checkContainersReplicatedOnNode(297)) - a5453659-3127-401c-b9c1-bc8f4372128a{ip: 172.17.0.2, host: 89b9adae2c19, networkLocation: /default-rack, certSerialId: null, persistedOpState: ENTERING_MAINTENANCE, persistedOpStateExpiryEpochSec: 0} has 0 sufficientlyReplicated, 2 underReplicated and 0 unhealthy containers
2020-12-17 02:13:05,405 [DatanodeAdminManager-0] INFO  node.DatanodeAdminMonitorImpl (DatanodeAdminMonitorImpl.java:checkContainersReplicatedOnNode(297)) - b45b6da8-7dd9-434b-afe3-ad98acc018a0{ip: 172.17.0.2, host: 89b9adae2c19, networkLocation: /default-rack, certSerialId: null, persistedOpState: ENTERING_MAINTENANCE, persistedOpStateExpiryEpochSec: 0} has 0 sufficientlyReplicated, 2 underReplicated and 0 unhealthy containers
2020-12-17 02:13:05,405 [DatanodeAdminManager-0] INFO  node.DatanodeAdminMonitorImpl (DatanodeAdminMonitorImpl.java:checkContainersReplicatedOnNode(297)) - 2b1d58b1-e44f-4041-9819-0dd176255f22{ip: 172.17.0.2, host: 89b9adae2c19, networkLocation: /default-rack, certSerialId: null, persistedOpState: ENTERING_MAINTENANCE, persistedOpStateExpiryEpochSec: 0} has 0 sufficientlyReplicated, 2 underReplicated and 0 unhealthy containers
2020-12-17 02:13:05,405 [DatanodeAdminManager-0] INFO  node.DatanodeAdminMonitorImpl (DatanodeAdminMonitorImpl.java:run(136)) - There are 3 nodes tracked for decommission and maintenance. 0 pending nodes.
2020-12-17 02:13:05,431 [grpc-default-executor-4] INFO  replication.GrpcOutputStream (GrpcOutputStream.java:close(104)) - Sent 15776 bytes for container 2
2020-12-17 02:13:05,432 [grpc-default-executor-4] INFO  replication.GrpcReplicationClient (GrpcReplicationClient.java:onCompleted(177)) - Container 2 is downloaded to /github/workspace/mnt/ozone/hadoop-ozone/integration-test/target/test-dir/MiniOzoneClusterImpl-2a381d17-8836-40f3-94ec-0b892e5c06e0/datanode-4/data/replication/work/container-2.tar.gz
2020-12-17 02:13:05,433 [ContainerReplicationThread-0] INFO  replication.DownloadAndImportReplicator (DownloadAndImportReplicator.java:replicate(117)) - Container 2 is downloaded, starting to import.
2020-12-17 02:13:05,434 [ContainerReplicationThread-1] INFO  replication.DownloadAndImportReplicator (DownloadAndImportReplicator.java:replicate(120)) - Container 2 is replicated successfully
2020-12-17 02:13:05,434 [ContainerReplicationThread-1] INFO  replication.ReplicationSupervisor (ReplicationSupervisor.java:run(146)) - Container 2 is replicated.
2020-12-17 02:13:05,438 [ContainerReplicationThread-0] INFO  replication.DownloadAndImportReplicator (DownloadAndImportReplicator.java:replicate(120)) - Container 1 is replicated successfully
2020-12-17 02:13:05,438 [ContainerReplicationThread-0] INFO  replication.ReplicationSupervisor (ReplicationSupervisor.java:run(146)) - Container 1 is replicated.
2020-12-17 02:13:05,452 [ContainerReplicationThread-0] INFO  replication.DownloadAndImportReplicator (DownloadAndImportReplicator.java:replicate(120)) - Container 2 is replicated successfully
2020-12-17 02:13:05,452 [ContainerReplicationThread-0] INFO  replication.ReplicationSupervisor (ReplicationSupervisor.java:run(146)) - Container 2 is replicated.
2020-12-17 02:13:06,389 [ReplicationMonitor] INFO  container.ReplicationManager (ReplicationManager.java:handleUnderReplicatedContainer(722)) - Container #1 is under replicated. Expected replica count is 3, but found 2.
2020-12-17 02:13:06,389 [ReplicationMonitor] INFO  container.ReplicationManager (ReplicationManager.java:sendReplicateCommand(970)) - Sending replicate container command for container #1 to datanode 7ec52e27-6063-4b9c-8511-76ca7a922bcd{ip: 172.17.0.2, host: 89b9adae2c19, networkLocation: /default-rack, certSerialId: null, persistedOpState: IN_SERVICE, persistedOpStateExpiryEpochSec: 0}
2020-12-17 02:13:06,389 [ReplicationMonitor] INFO  container.ReplicationManager (ReplicationManager.java:run(250)) - Replication Monitor Thread took 0 milliseconds for processing 4 containers.
2020-12-17 02:13:06,405 [DatanodeAdminManager-0] INFO  node.DatanodeAdminMonitorImpl (DatanodeAdminMonitorImpl.java:checkContainersReplicatedOnNode(297)) - a5453659-3127-401c-b9c1-bc8f4372128a{ip: 172.17.0.2, host: 89b9adae2c19, networkLocation: /default-rack, certSerialId: null, persistedOpState: ENTERING_MAINTENANCE, persistedOpStateExpiryEpochSec: 0} has 0 sufficientlyReplicated, 2 underReplicated and 0 unhealthy containers
2020-12-17 02:13:06,405 [DatanodeAdminManager-0] INFO  node.DatanodeAdminMonitorImpl (DatanodeAdminMonitorImpl.java:checkContainersReplicatedOnNode(297)) - b45b6da8-7dd9-434b-afe3-ad98acc018a0{ip: 172.17.0.2, host: 89b9adae2c19, networkLocation: /default-rack, certSerialId: null, persistedOpState: ENTERING_MAINTENANCE, persistedOpStateExpiryEpochSec: 0} has 0 sufficientlyReplicated, 2 underReplicated and 0 unhealthy containers
2020-12-17 02:13:06,405 [DatanodeAdminManager-0] INFO  node.DatanodeAdminMonitorImpl (DatanodeAdminMonitorImpl.java:checkContainersReplicatedOnNode(297)) - 2b1d58b1-e44f-4041-9819-0dd176255f22{ip: 172.17.0.2, host: 89b9adae2c19, networkLocation: /default-rack, certSerialId: null, persistedOpState: ENTERING_MAINTENANCE, persistedOpStateExpiryEpochSec: 0} has 0 sufficientlyReplicated, 2 underReplicated and 0 unhealthy containers
2020-12-17 02:13:06,406 [DatanodeAdminManager-0] INFO  node.DatanodeAdminMonitorImpl (DatanodeAdminMonitorImpl.java:run(136)) - There are 3 nodes tracked for decommission and maintenance. 0 pending nodes.
2020-12-17 02:13:07,374 [ContainerReplicationThread-1] INFO  replication.DownloadAndImportReplicator (DownloadAndImportReplicator.java:replicate(106)) - Starting replication of container 1 from [2b1d58b1-e44f-4041-9819-0dd176255f22{ip: 172.17.0.2, host: 89b9adae2c19, networkLocation: /default-rack, certSerialId: null, persistedOpState: ENTERING_MAINTENANCE, persistedOpStateExpiryEpochSec: 0}, b45b6da8-7dd9-434b-afe3-ad98acc018a0{ip: 172.17.0.2, host: 89b9adae2c19, networkLocation: /default-rack, certSerialId: null, persistedOpState: ENTERING_MAINTENANCE, persistedOpStateExpiryEpochSec: 0}, a5453659-3127-401c-b9c1-bc8f4372128a{ip: 172.17.0.2, host: 89b9adae2c19, networkLocation: /default-rack, certSerialId: null, persistedOpState: ENTERING_MAINTENANCE, persistedOpStateExpiryEpochSec: 0}]
2020-12-17 02:13:07,379 [grpc-default-executor-0] INFO  replication.GrpcReplicationService (GrpcReplicationService.java:download(52)) - Streaming container data (1) to other datanode
2020-12-17 02:13:07,389 [ReplicationMonitor] INFO  container.ReplicationManager (ReplicationManager.java:run(250)) - Replication Monitor Thread took 1 milliseconds for processing 4 containers.
2020-12-17 02:13:07,401 [grpc-default-executor-0] INFO  replication.GrpcOutputStream (GrpcOutputStream.java:close(104)) - Sent 16954 bytes for container 1
2020-12-17 02:13:07,405 [DatanodeAdminManager-0] INFO  node.DatanodeAdminMonitorImpl (DatanodeAdminMonitorImpl.java:checkContainersReplicatedOnNode(297)) - a5453659-3127-401c-b9c1-bc8f4372128a{ip: 172.17.0.2, host: 89b9adae2c19, networkLocation: /default-rack, certSerialId: null, persistedOpState: ENTERING_MAINTENANCE, persistedOpStateExpiryEpochSec: 0} has 2 sufficientlyReplicated, 0 underReplicated and 0 unhealthy containers
2020-12-17 02:13:07,407 [DatanodeAdminManager-0] INFO  node.DatanodeAdminMonitorImpl (DatanodeAdminMonitorImpl.java:putIntoMaintenance(313)) - Datanode a5453659-3127-401c-b9c1-bc8f4372128a{ip: 172.17.0.2, host: 89b9adae2c19, networkLocation: /default-rack, certSerialId: null, persistedOpState: ENTERING_MAINTENANCE, persistedOpStateExpiryEpochSec: 0} has entered maintenance
2020-12-17 02:13:07,407 [grpc-default-executor-0] INFO  replication.GrpcReplicationClient (GrpcReplicationClient.java:onCompleted(177)) - Container 1 is downloaded to /github/workspace/mnt/ozone/hadoop-ozone/integration-test/target/test-dir/MiniOzoneClusterImpl-2a381d17-8836-40f3-94ec-0b892e5c06e0/datanode-4/data/replication/work/container-1.tar.gz
2020-12-17 02:13:07,408 [DatanodeAdminManager-0] INFO  node.DatanodeAdminMonitorImpl (DatanodeAdminMonitorImpl.java:checkContainersReplicatedOnNode(297)) - b45b6da8-7dd9-434b-afe3-ad98acc018a0{ip: 172.17.0.2, host: 89b9adae2c19, networkLocation: /default-rack, certSerialId: null, persistedOpState: ENTERING_MAINTENANCE, persistedOpStateExpiryEpochSec: 0} has 2 sufficientlyReplicated, 0 underReplicated and 0 unhealthy containers
2020-12-17 02:13:07,408 [DatanodeAdminManager-0] INFO  node.DatanodeAdminMonitorImpl (DatanodeAdminMonitorImpl.java:putIntoMaintenance(313)) - Datanode b45b6da8-7dd9-434b-afe3-ad98acc018a0{ip: 172.17.0.2, host: 89b9adae2c19, networkLocation: /default-rack, certSerialId: null, persistedOpState: ENTERING_MAINTENANCE, persistedOpStateExpiryEpochSec: 0} has entered maintenance
2020-12-17 02:13:07,408 [DatanodeAdminManager-0] INFO  node.DatanodeAdminMonitorImpl (DatanodeAdminMonitorImpl.java:checkContainersReplicatedOnNode(297)) - 2b1d58b1-e44f-4041-9819-0dd176255f22{ip: 172.17.0.2, host: 89b9adae2c19, networkLocation: /default-rack, certSerialId: null, persistedOpState: ENTERING_MAINTENANCE, persistedOpStateExpiryEpochSec: 0} has 2 sufficientlyReplicated, 0 underReplicated and 0 unhealthy containers
2020-12-17 02:13:07,408 [DatanodeAdminManager-0] INFO  node.DatanodeAdminMonitorImpl (DatanodeAdminMonitorImpl.java:putIntoMaintenance(313)) - Datanode 2b1d58b1-e44f-4041-9819-0dd176255f22{ip: 172.17.0.2, host: 89b9adae2c19, networkLocation: /default-rack, certSerialId: null, persistedOpState: ENTERING_MAINTENANCE, persistedOpStateExpiryEpochSec: 0} has entered maintenance
2020-12-17 02:13:07,408 [DatanodeAdminManager-0] INFO  node.DatanodeAdminMonitorImpl (DatanodeAdminMonitorImpl.java:run(136)) - There are 3 nodes tracked for decommission and maintenance. 0 pending nodes.
2020-12-17 02:13:07,409 [ContainerReplicationThread-1] INFO  replication.DownloadAndImportReplicator (DownloadAndImportReplicator.java:replicate(117)) - Container 1 is downloaded, starting to import.
2020-12-17 02:13:07,430 [ContainerReplicationThread-1] INFO  replication.DownloadAndImportReplicator (DownloadAndImportReplicator.java:replicate(120)) - Container 1 is replicated successfully
2020-12-17 02:13:07,430 [ContainerReplicationThread-1] INFO  replication.ReplicationSupervisor (ReplicationSupervisor.java:run(146)) - Container 1 is replicated.
2020-12-17 02:13:07,534 [Listener at 0.0.0.0/36891] INFO  ozone.MiniOzoneClusterImpl (MiniOzoneClusterImpl.java:shutdown(388)) - Shutting down the Mini Ozone Cluster
2020-12-17 02:13:07,534 [Listener at 0.0.0.0/36891] INFO  ozone.MiniOzoneClusterImpl (MiniOzoneClusterImpl.java:stop(403)) - Stopping the Mini Ozone Cluster
2020-12-17 02:13:07,534 [Listener at 0.0.0.0/36891] INFO  ozone.MiniOzoneClusterImpl (MiniOzoneClusterImpl.java:stopOM(485)) - Stopping the OzoneManager
2020-12-17 02:13:07,534 [Listener at 0.0.0.0/36891] INFO  ipc.Server (Server.java:stop(3359)) - Stopping server on 37391
2020-12-17 02:13:07,537 [Listener at 0.0.0.0/36891] INFO  ratis.OzoneManagerDoubleBuffer (OzoneManagerDoubleBuffer.java:stop(457)) - Stopping OMDoubleBuffer flush thread
2020-12-17 02:13:07,537 [IPC Server Responder] INFO  ipc.Server (Server.java:run(1465)) - Stopping IPC Server Responder
2020-12-17 02:13:07,537 [OMDoubleBufferFlushThread] INFO  ratis.OzoneManagerDoubleBuffer (OzoneManagerDoubleBuffer.java:flushTransactions(356)) - OMDoubleBuffer flush thread OMDoubleBufferFlushThread is interrupted and will exit. OMDoubleBufferFlushThread
2020-12-17 02:13:07,537 [IPC Server listener on 0] INFO  ipc.Server (Server.java:run(1330)) - Stopping IPC Server listener on 0
2020-12-17 02:13:07,538 [Listener at 0.0.0.0/36891] INFO  utils.BackgroundService (BackgroundService.java:shutdown(132)) - Shutting down service KeyDeletingService
2020-12-17 02:13:07,539 [Listener at 0.0.0.0/36891] INFO  handler.ContextHandler (ContextHandler.java:doStop(1154)) - Stopped o.e.j.w.WebAppContext@6bfa2da2{ozoneManager,/,null,STOPPED}{file:/github/workspace/mnt/ozone/hadoop-ozone/integration-test/target/test-classes/webapps/ozoneManager}
2020-12-17 02:13:07,540 [Listener at 0.0.0.0/36891] INFO  server.AbstractConnector (AbstractConnector.java:doStop(381)) - Stopped ServerConnector@11518582{HTTP/1.1, (http/1.1)}{0.0.0.0:0}
2020-12-17 02:13:07,540 [Listener at 0.0.0.0/36891] INFO  server.session (HouseKeeper.java:stopScavenging(149)) - node0 Stopped scavenging
2020-12-17 02:13:07,540 [Listener at 0.0.0.0/36891] INFO  handler.ContextHandler (ContextHandler.java:doStop(1154)) - Stopped o.e.j.s.ServletContextHandler@f04ed21{static,/static,file:///github/workspace/mnt/ozone/hadoop-ozone/integration-test/target/test-classes/webapps/static,STOPPED}
2020-12-17 02:13:07,541 [Listener at 0.0.0.0/36891] INFO  handler.ContextHandler (ContextHandler.java:doStop(1154)) - Stopped o.e.j.s.ServletContextHandler@288f3ac6{logs,/logs,file:///github/workspace/mnt/ozone/hadoop-ozone/integration-test/target/log,STOPPED}
2020-12-17 02:13:07,543 [Listener at 0.0.0.0/36891] INFO  ozone.MiniOzoneClusterImpl (MiniOzoneClusterImpl.java:stopDatanodes(462)) - Stopping the HddsDatanodes
2020-12-17 02:13:08,196 [Datanode State Machine Thread - 0] INFO  statemachine.DatanodeStateMachine (DatanodeStateMachine.java:lambda$startDaemon$0(408)) - Ozone container server started.
2020-12-17 02:13:08,203 [IPC Server handler 8 on default port 46749] INFO  node.SCMNodeManager (SCMNodeManager.java:updateDatanodeOpState(419)) - Scheduling a command to update the operationalState persisted on the datanode as the reported value (ENTERING_MAINTENANCE, 0) does not match the value stored in SCM (IN_MAINTENANCE, 0)
2020-12-17 02:13:08,215 [IPC Server handler 9 on default port 46749] INFO  node.SCMNodeManager (SCMNodeManager.java:updateDatanodeOpState(419)) - Scheduling a command to update the operationalState persisted on the datanode as the reported value (ENTERING_MAINTENANCE, 0) does not match the value stored in SCM (IN_MAINTENANCE, 0)
2020-12-17 02:13:08,265 [ForkJoinPool.commonPool-worker-1] INFO  ozoneimpl.OzoneContainer (OzoneContainer.java:stop(257)) - Attempting to stop container services.
2020-12-17 02:13:08,265 [ForkJoinPool.commonPool-worker-1] INFO  impl.RaftServerProxy (RaftServerProxy.java:lambda$close$4(338)) - 2b1d58b1-e44f-4041-9819-0dd176255f22: close
2020-12-17 02:13:08,266 [ForkJoinPool.commonPool-worker-1] INFO  server.GrpcService (GrpcService.java:closeImpl(184)) - 2b1d58b1-e44f-4041-9819-0dd176255f22: shutdown server with port 40577 now
2020-12-17 02:13:08,270 [ForkJoinPool.commonPool-worker-1] INFO  server.GrpcService (GrpcService.java:closeImpl(193)) - 2b1d58b1-e44f-4041-9819-0dd176255f22: shutdown server with port 40577 successfully
2020-12-17 02:13:08,273 [ForkJoinPool.commonPool-worker-1] INFO  utils.BackgroundService (BackgroundService.java:shutdown(132)) - Shutting down service BlockDeletingService
2020-12-17 02:13:08,275 [ForkJoinPool.commonPool-worker-1] INFO  statemachine.DatanodeStateMachine (DatanodeStateMachine.java:stopDaemon(461)) - Ozone container server stopped.
2020-12-17 02:13:08,286 [ForkJoinPool.commonPool-worker-1] INFO  handler.ContextHandler (ContextHandler.java:doStop(1154)) - Stopped o.e.j.w.WebAppContext@45ca07cf{hddsDatanode,/,null,STOPPED}{jar:file:/home/user/.m2/repository/org/apache/hadoop/hadoop-hdds-container-service/1.1.0-SNAPSHOT/hadoop-hdds-container-service-1.1.0-SNAPSHOT.jar!/webapps/hddsDatanode}
2020-12-17 02:13:08,286 [ForkJoinPool.commonPool-worker-1] INFO  server.AbstractConnector (AbstractConnector.java:doStop(381)) - Stopped ServerConnector@326312ac{HTTP/1.1, (http/1.1)}{0.0.0.0:0}
2020-12-17 02:13:08,286 [ForkJoinPool.commonPool-worker-1] INFO  server.session (HouseKeeper.java:stopScavenging(149)) - node0 Stopped scavenging
2020-12-17 02:13:08,287 [ForkJoinPool.commonPool-worker-1] INFO  handler.ContextHandler (ContextHandler.java:doStop(1154)) - Stopped o.e.j.s.ServletContextHandler@4e637cdf{static,/static,jar:file:/home/user/.m2/repository/org/apache/hadoop/hadoop-hdds-container-service/1.1.0-SNAPSHOT/hadoop-hdds-container-service-1.1.0-SNAPSHOT.jar!/webapps/static,STOPPED}
2020-12-17 02:13:08,288 [ForkJoinPool.commonPool-worker-1] INFO  handler.ContextHandler (ContextHandler.java:doStop(1154)) - Stopped o.e.j.s.ServletContextHandler@45eeea37{logs,/logs,file:///github/workspace/mnt/ozone/hadoop-ozone/integration-test/target/log,STOPPED}
2020-12-17 02:13:08,310 [Datanode State Machine Thread - 0] INFO  statemachine.DatanodeStateMachine (DatanodeStateMachine.java:lambda$startDaemon$0(408)) - Ozone container server started.
2020-12-17 02:13:08,310 [Listener at 0.0.0.0/36891] INFO  ozoneimpl.OzoneContainer (OzoneContainer.java:stop(257)) - Attempting to stop container services.
2020-12-17 02:13:08,310 [Listener at 0.0.0.0/36891] INFO  impl.RaftServerProxy (RaftServerProxy.java:lambda$close$4(338)) - 6a05d44f-22be-4027-b269-c3a46acd3f47: close
2020-12-17 02:13:08,310 [Listener at 0.0.0.0/36891] INFO  impl.RaftServerImpl (RaftServerImpl.java:lambda$shutdown$3(328)) - 6a05d44f-22be-4027-b269-c3a46acd3f47@group-8AE2822A3941: shutdown
2020-12-17 02:13:08,310 [Listener at 0.0.0.0/36891] INFO  util.JmxRegister (JmxRegister.java:unregister(73)) - Successfully un-registered JMX Bean with object name Ratis:service=RaftServer,group=group-8AE2822A3941,id=6a05d44f-22be-4027-b269-c3a46acd3f47
2020-12-17 02:13:08,311 [Listener at 0.0.0.0/36891] INFO  impl.RoleInfo (RoleInfo.java:shutdownLeaderState(104)) - 6a05d44f-22be-4027-b269-c3a46acd3f47: shutdown 6a05d44f-22be-4027-b269-c3a46acd3f47@group-8AE2822A3941-LeaderState
2020-12-17 02:13:08,311 [Listener at 0.0.0.0/36891] INFO  impl.PendingRequests (PendingRequests.java:sendNotLeaderResponses(250)) - 6a05d44f-22be-4027-b269-c3a46acd3f47@group-8AE2822A3941-PendingRequests: sendNotLeaderResponses
2020-12-17 02:13:08,311 [Listener at 0.0.0.0/36891] INFO  metrics.RatisMetrics (RatisMetrics.java:unregister(43)) - Unregistering Metrics Registry : ratis.log_appender.6a05d44f-22be-4027-b269-c3a46acd3f47@group-8AE2822A3941
2020-12-17 02:13:08,311 [Listener at 0.0.0.0/36891] INFO  metrics.RatisMetrics (RatisMetrics.java:unregister(43)) - Unregistering Metrics Registry : ratis.server.6a05d44f-22be-4027-b269-c3a46acd3f47@group-8AE2822A3941
2020-12-17 02:13:08,313 [6a05d44f-22be-4027-b269-c3a46acd3f47@group-8AE2822A3941-StateMachineUpdater] INFO  ratis.ContainerStateMachine (ContainerStateMachine.java:takeSnapshot(293)) - group-8AE2822A3941: Taking a snapshot at:(t:1, i:0) file /github/workspace/mnt/ozone/hadoop-ozone/integration-test/target/test-dir/MiniOzoneClusterImpl-2a381d17-8836-40f3-94ec-0b892e5c06e0/datanode-3/data/ratis/81d687d2-c33f-4aa5-a1b4-8ae2822a3941/sm/snapshot.1_0
2020-12-17 02:13:08,313 [Listener at 0.0.0.0/36891] INFO  impl.StateMachineUpdater (StateMachineUpdater.java:stopAndJoin(147)) - 6a05d44f-22be-4027-b269-c3a46acd3f47@group-8AE2822A3941-StateMachineUpdater: set stopIndex = 0
2020-12-17 02:13:08,314 [6a05d44f-22be-4027-b269-c3a46acd3f47@group-8AE2822A3941-StateMachineUpdater] INFO  ratis.ContainerStateMachine (ContainerStateMachine.java:takeSnapshot(304)) - group-8AE2822A3941: Finished taking a snapshot at:(t:1, i:0) file:/github/workspace/mnt/ozone/hadoop-ozone/integration-test/target/test-dir/MiniOzoneClusterImpl-2a381d17-8836-40f3-94ec-0b892e5c06e0/datanode-3/data/ratis/81d687d2-c33f-4aa5-a1b4-8ae2822a3941/sm/snapshot.1_0 time:1
2020-12-17 02:13:08,314 [6a05d44f-22be-4027-b269-c3a46acd3f47@group-8AE2822A3941-StateMachineUpdater] INFO  impl.StateMachineUpdater (StateMachineUpdater.java:takeSnapshot(278)) - 6a05d44f-22be-4027-b269-c3a46acd3f47@group-8AE2822A3941-StateMachineUpdater: Took a snapshot at index 0
2020-12-17 02:13:08,314 [6a05d44f-22be-4027-b269-c3a46acd3f47@group-8AE2822A3941-StateMachineUpdater] INFO  impl.StateMachineUpdater (StateMachineUpdater.java:lambda$new$0(87)) - 6a05d44f-22be-4027-b269-c3a46acd3f47@group-8AE2822A3941-StateMachineUpdater: snapshotIndex: updateIncreasingly -1 -> 0
2020-12-17 02:13:08,315 [6a05d44f-22be-4027-b269-c3a46acd3f47@group-8AE2822A3941-StateMachineUpdater] INFO  metrics.RatisMetrics (RatisMetrics.java:unregister(43)) - Unregistering Metrics Registry : ratis.state_machine.6a05d44f-22be-4027-b269-c3a46acd3f47@group-8AE2822A3941
2020-12-17 02:13:08,315 [Listener at 0.0.0.0/36891] INFO  impl.RaftServerImpl (ServerState.java:close(406)) - 6a05d44f-22be-4027-b269-c3a46acd3f47@group-8AE2822A3941: closes. applyIndex: 0
2020-12-17 02:13:08,315 [6a05d44f-22be-4027-b269-c3a46acd3f47@group-8AE2822A3941-SegmentedRaftLogWorker] INFO  segmented.SegmentedRaftLogWorker (SegmentedRaftLogWorker.java:run(329)) - 6a05d44f-22be-4027-b269-c3a46acd3f47@group-8AE2822A3941-SegmentedRaftLogWorker was interrupted, exiting. There are 0 tasks remaining in the queue.
2020-12-17 02:13:08,315 [Listener at 0.0.0.0/36891] INFO  segmented.SegmentedRaftLogWorker (SegmentedRaftLogWorker.java:close(235)) - 6a05d44f-22be-4027-b269-c3a46acd3f47@group-8AE2822A3941-SegmentedRaftLogWorker close()
2020-12-17 02:13:08,316 [Listener at 0.0.0.0/36891] INFO  metrics.RatisMetrics (RatisMetrics.java:unregister(43)) - Unregistering Metrics Registry : ratis.log_worker.6a05d44f-22be-4027-b269-c3a46acd3f47@group-8AE2822A3941
2020-12-17 02:13:08,316 [Listener at 0.0.0.0/36891] INFO  metrics.RatisMetrics (RatisMetrics.java:unregister(43)) - Unregistering Metrics Registry : ratis.leader_election.6a05d44f-22be-4027-b269-c3a46acd3f47@group-8AE2822A3941
2020-12-17 02:13:08,316 [Listener at 0.0.0.0/36891] INFO  metrics.RatisMetrics (RatisMetrics.java:unregister(43)) - Unregistering Metrics Registry : ratis.server.6a05d44f-22be-4027-b269-c3a46acd3f47@group-8AE2822A3941
2020-12-17 02:13:08,317 [Listener at 0.0.0.0/36891] INFO  impl.RaftServerImpl (RaftServerImpl.java:lambda$shutdown$3(328)) - 6a05d44f-22be-4027-b269-c3a46acd3f47@group-380177E12C14: shutdown
2020-12-17 02:13:08,317 [Listener at 0.0.0.0/36891] INFO  util.JmxRegister (JmxRegister.java:unregister(73)) - Successfully un-registered JMX Bean with object name Ratis:service=RaftServer,group=group-380177E12C14,id=6a05d44f-22be-4027-b269-c3a46acd3f47
2020-12-17 02:13:08,317 [Listener at 0.0.0.0/36891] INFO  impl.RoleInfo (RoleInfo.java:shutdownFollowerState(121)) - 6a05d44f-22be-4027-b269-c3a46acd3f47: shutdown 6a05d44f-22be-4027-b269-c3a46acd3f47@group-380177E12C14-FollowerState
2020-12-17 02:13:08,317 [Listener at 0.0.0.0/36891] INFO  impl.StateMachineUpdater (StateMachineUpdater.java:stopAndJoin(147)) - 6a05d44f-22be-4027-b269-c3a46acd3f47@group-380177E12C14-StateMachineUpdater: set stopIndex = 39
2020-12-17 02:13:08,318 [6a05d44f-22be-4027-b269-c3a46acd3f47@group-380177E12C14-StateMachineUpdater] INFO  ratis.ContainerStateMachine (ContainerStateMachine.java:takeSnapshot(293)) - group-380177E12C14: Taking a snapshot at:(t:1, i:39) file /github/workspace/mnt/ozone/hadoop-ozone/integration-test/target/test-dir/MiniOzoneClusterImpl-2a381d17-8836-40f3-94ec-0b892e5c06e0/datanode-3/data/ratis/1be34abb-29be-4d78-993d-380177e12c14/sm/snapshot.1_39
2020-12-17 02:13:08,317 [Thread-5771] INFO  impl.FollowerState (FollowerState.java:run(137)) - 6a05d44f-22be-4027-b269-c3a46acd3f47@group-380177E12C14-FollowerState was interrupted: {}
java.lang.InterruptedException: sleep interrupted
	at java.lang.Thread.sleep(Native Method)
	at org.apache.ratis.util.JavaUtils.sleep(JavaUtils.java:250)
	at org.apache.ratis.server.impl.FollowerState.run(FollowerState.java:116)
2020-12-17 02:13:08,319 [6a05d44f-22be-4027-b269-c3a46acd3f47@group-380177E12C14-StateMachineUpdater] INFO  ratis.ContainerStateMachine (ContainerStateMachine.java:takeSnapshot(304)) - group-380177E12C14: Finished taking a snapshot at:(t:1, i:39) file:/github/workspace/mnt/ozone/hadoop-ozone/integration-test/target/test-dir/MiniOzoneClusterImpl-2a381d17-8836-40f3-94ec-0b892e5c06e0/datanode-3/data/ratis/1be34abb-29be-4d78-993d-380177e12c14/sm/snapshot.1_39 time:1
2020-12-17 02:13:08,319 [6a05d44f-22be-4027-b269-c3a46acd3f47@group-380177E12C14-StateMachineUpdater] INFO  impl.StateMachineUpdater (StateMachineUpdater.java:takeSnapshot(278)) - 6a05d44f-22be-4027-b269-c3a46acd3f47@group-380177E12C14-StateMachineUpdater: Took a snapshot at index 39
2020-12-17 02:13:08,319 [6a05d44f-22be-4027-b269-c3a46acd3f47@group-380177E12C14-StateMachineUpdater] INFO  impl.StateMachineUpdater (StateMachineUpdater.java:lambda$new$0(87)) - 6a05d44f-22be-4027-b269-c3a46acd3f47@group-380177E12C14-StateMachineUpdater: snapshotIndex: updateIncreasingly -1 -> 39
2020-12-17 02:13:08,319 [6a05d44f-22be-4027-b269-c3a46acd3f47@group-380177E12C14-StateMachineUpdater] INFO  metrics.RatisMetrics (RatisMetrics.java:unregister(43)) - Unregistering Metrics Registry : ratis.state_machine.6a05d44f-22be-4027-b269-c3a46acd3f47@group-380177E12C14
2020-12-17 02:13:08,319 [Listener at 0.0.0.0/36891] INFO  impl.RaftServerImpl (ServerState.java:close(406)) - 6a05d44f-22be-4027-b269-c3a46acd3f47@group-380177E12C14: closes. applyIndex: 39
2020-12-17 02:13:08,320 [6a05d44f-22be-4027-b269-c3a46acd3f47@group-380177E12C14-SegmentedRaftLogWorker] INFO  segmented.SegmentedRaftLogWorker (SegmentedRaftLogWorker.java:run(329)) - 6a05d44f-22be-4027-b269-c3a46acd3f47@group-380177E12C14-SegmentedRaftLogWorker was interrupted, exiting. There are 0 tasks remaining in the queue.
2020-12-17 02:13:08,320 [Listener at 0.0.0.0/36891] INFO  segmented.SegmentedRaftLogWorker (SegmentedRaftLogWorker.java:close(235)) - 6a05d44f-22be-4027-b269-c3a46acd3f47@group-380177E12C14-SegmentedRaftLogWorker close()
2020-12-17 02:13:08,320 [Listener at 0.0.0.0/36891] INFO  metrics.RatisMetrics (RatisMetrics.java:unregister(43)) - Unregistering Metrics Registry : ratis.log_worker.6a05d44f-22be-4027-b269-c3a46acd3f47@group-380177E12C14
2020-12-17 02:13:08,321 [Listener at 0.0.0.0/36891] INFO  metrics.RatisMetrics (RatisMetrics.java:unregister(43)) - Unregistering Metrics Registry : ratis.leader_election.6a05d44f-22be-4027-b269-c3a46acd3f47@group-380177E12C14
2020-12-17 02:13:08,321 [Listener at 0.0.0.0/36891] INFO  metrics.RatisMetrics (RatisMetrics.java:unregister(43)) - Unregistering Metrics Registry : ratis.server.6a05d44f-22be-4027-b269-c3a46acd3f47@group-380177E12C14
2020-12-17 02:13:08,321 [Listener at 0.0.0.0/36891] INFO  server.GrpcService (GrpcService.java:closeImpl(184)) - 6a05d44f-22be-4027-b269-c3a46acd3f47: shutdown server with port 38863 now
2020-12-17 02:13:08,322 [grpc-default-executor-4] WARN  server.GrpcServerProtocolService (LogUtils.java:warn(122)) - 6a05d44f-22be-4027-b269-c3a46acd3f47: installSnapshot onError, lastRequest: f11c6601-f81b-414d-9af7-ba1741509b09->6a05d44f-22be-4027-b269-c3a46acd3f47#365-t1, previous=(t:1, i:38), leaderCommit=37, initializing? false, entries: size=1, first=(t:1, i:39), METADATAENTRY(c:37): org.apache.ratis.thirdparty.io.grpc.StatusRuntimeException: CANCELLED: cancelled before receiving half close
2020-12-17 02:13:08,323 [Listener at 0.0.0.0/36891] INFO  server.GrpcService (GrpcService.java:closeImpl(193)) - 6a05d44f-22be-4027-b269-c3a46acd3f47: shutdown server with port 38863 successfully
2020-12-17 02:13:08,324 [grpc-default-executor-4] WARN  server.GrpcLogAppender (LogUtils.java:warn(122)) - f11c6601-f81b-414d-9af7-ba1741509b09@group-380177E12C14->6a05d44f-22be-4027-b269-c3a46acd3f47-AppendLogResponseHandler: Failed appendEntries: org.apache.ratis.thirdparty.io.grpc.StatusRuntimeException: CANCELLED: HTTP/2 error code: CANCEL
Received Rst Stream
2020-12-17 02:13:08,325 [grpc-default-executor-4] INFO  impl.FollowerInfo (FollowerInfo.java:lambda$new$0(51)) - f11c6601-f81b-414d-9af7-ba1741509b09@group-380177E12C14->6a05d44f-22be-4027-b269-c3a46acd3f47: nextIndex: updateUnconditionally 40 -> 39
2020-12-17 02:13:08,325 [Listener at 0.0.0.0/36891] INFO  utils.BackgroundService (BackgroundService.java:shutdown(132)) - Shutting down service BlockDeletingService
2020-12-17 02:13:08,329 [Listener at 0.0.0.0/36891] INFO  statemachine.DatanodeStateMachine (DatanodeStateMachine.java:stopDaemon(461)) - Ozone container server stopped.
2020-12-17 02:13:08,334 [grpc-default-executor-0] WARN  server.GrpcLogAppender (LogUtils.java:warn(122)) - f11c6601-f81b-414d-9af7-ba1741509b09@group-380177E12C14->6a05d44f-22be-4027-b269-c3a46acd3f47-AppendLogResponseHandler: Failed appendEntries: org.apache.ratis.thirdparty.io.grpc.StatusRuntimeException: UNAVAILABLE: io exception
2020-12-17 02:13:08,334 [grpc-default-executor-0] INFO  impl.FollowerInfo (FollowerInfo.java:lambda$new$0(51)) - f11c6601-f81b-414d-9af7-ba1741509b09@group-380177E12C14->6a05d44f-22be-4027-b269-c3a46acd3f47: nextIndex: updateUnconditionally 40 -> 39
2020-12-17 02:13:08,339 [Listener at 0.0.0.0/36891] INFO  handler.ContextHandler (ContextHandler.java:doStop(1154)) - Stopped o.e.j.w.WebAppContext@4467fbd8{hddsDatanode,/,null,STOPPED}{jar:file:/home/user/.m2/repository/org/apache/hadoop/hadoop-hdds-container-service/1.1.0-SNAPSHOT/hadoop-hdds-container-service-1.1.0-SNAPSHOT.jar!/webapps/hddsDatanode}
2020-12-17 02:13:08,340 [Listener at 0.0.0.0/36891] INFO  server.AbstractConnector (AbstractConnector.java:doStop(381)) - Stopped ServerConnector@7c457099{HTTP/1.1, (http/1.1)}{0.0.0.0:0}
2020-12-17 02:13:08,340 [Listener at 0.0.0.0/36891] INFO  server.session (HouseKeeper.java:stopScavenging(149)) - node0 Stopped scavenging
2020-12-17 02:13:08,340 [Listener at 0.0.0.0/36891] INFO  handler.ContextHandler (ContextHandler.java:doStop(1154)) - Stopped o.e.j.s.ServletContextHandler@2b3af7ba{static,/static,jar:file:/home/user/.m2/repository/org/apache/hadoop/hadoop-hdds-container-service/1.1.0-SNAPSHOT/hadoop-hdds-container-service-1.1.0-SNAPSHOT.jar!/webapps/static,STOPPED}
2020-12-17 02:13:08,340 [Listener at 0.0.0.0/36891] INFO  handler.ContextHandler (ContextHandler.java:doStop(1154)) - Stopped o.e.j.s.ServletContextHandler@4bf6e483{logs,/logs,file:///github/workspace/mnt/ozone/hadoop-ozone/integration-test/target/log,STOPPED}
2020-12-17 02:13:08,390 [ReplicationMonitor] INFO  container.ReplicationManager (ReplicationManager.java:run(250)) - Replication Monitor Thread took 0 milliseconds for processing 4 containers.
2020-12-17 02:13:08,405 [DatanodeAdminManager-0] INFO  node.DatanodeAdminMonitorImpl (DatanodeAdminMonitorImpl.java:run(136)) - There are 3 nodes tracked for decommission and maintenance. 0 pending nodes.
2020-12-17 02:13:08,438 [Datanode State Machine Thread - 0] INFO  statemachine.DatanodeStateMachine (DatanodeStateMachine.java:lambda$startDaemon$0(408)) - Ozone container server started.
2020-12-17 02:13:09,167 [Listener at 0.0.0.0/36891] INFO  ozoneimpl.OzoneContainer (OzoneContainer.java:stop(257)) - Attempting to stop container services.
2020-12-17 02:13:09,167 [Listener at 0.0.0.0/36891] INFO  impl.RaftServerProxy (RaftServerProxy.java:lambda$close$4(338)) - f11c6601-f81b-414d-9af7-ba1741509b09: close
2020-12-17 02:13:09,167 [Listener at 0.0.0.0/36891] INFO  impl.RaftServerImpl (RaftServerImpl.java:lambda$shutdown$3(328)) - f11c6601-f81b-414d-9af7-ba1741509b09@group-380177E12C14: shutdown
2020-12-17 02:13:09,168 [Listener at 0.0.0.0/36891] INFO  util.JmxRegister (JmxRegister.java:unregister(73)) - Successfully un-registered JMX Bean with object name Ratis:service=RaftServer,group=group-380177E12C14,id=f11c6601-f81b-414d-9af7-ba1741509b09
2020-12-17 02:13:09,168 [Listener at 0.0.0.0/36891] INFO  impl.RoleInfo (RoleInfo.java:shutdownLeaderState(104)) - f11c6601-f81b-414d-9af7-ba1741509b09: shutdown f11c6601-f81b-414d-9af7-ba1741509b09@group-380177E12C14-LeaderState
2020-12-17 02:13:09,168 [Listener at 0.0.0.0/36891] INFO  metrics.RatisMetrics (RatisMetrics.java:unregister(43)) - Unregistering Metrics Registry : ratis_grpc.log_appender.f11c6601-f81b-414d-9af7-ba1741509b09@group-380177E12C14
2020-12-17 02:13:09,168 [Listener at 0.0.0.0/36891] INFO  metrics.RatisMetrics (RatisMetrics.java:unregister(43)) - Unregistering Metrics Registry : ratis_grpc.log_appender.f11c6601-f81b-414d-9af7-ba1741509b09@group-380177E12C14
2020-12-17 02:13:09,168 [org.apache.ratis.server.impl.LogAppender$AppenderDaemon$$Lambda$506/1217617741@2874c16f] WARN  server.GrpcLogAppender (GrpcLogAppender.java:mayWait(168)) - f11c6601-f81b-414d-9af7-ba1741509b09@group-380177E12C14->7ec52e27-6063-4b9c-8511-76ca7a922bcd-GrpcLogAppender: Wait interrupted by java.lang.InterruptedException
2020-12-17 02:13:09,169 [org.apache.ratis.server.impl.LogAppender$AppenderDaemon$$Lambda$506/1217617741@5e66ea1e] WARN  server.GrpcLogAppender (GrpcLogAppender.java:mayWait(168)) - f11c6601-f81b-414d-9af7-ba1741509b09@group-380177E12C14->6a05d44f-22be-4027-b269-c3a46acd3f47-GrpcLogAppender: Wait interrupted by java.lang.InterruptedException
2020-12-17 02:13:09,169 [Listener at 0.0.0.0/36891] INFO  impl.PendingRequests (PendingRequests.java:sendNotLeaderResponses(250)) - f11c6601-f81b-414d-9af7-ba1741509b09@group-380177E12C14-PendingRequests: sendNotLeaderResponses
2020-12-17 02:13:09,173 [grpc-default-executor-0] INFO  server.GrpcServerProtocolService (GrpcServerProtocolService.java:onCompleted(138)) - 7ec52e27-6063-4b9c-8511-76ca7a922bcd: Completed APPEND_ENTRIES, lastRequest: f11c6601-f81b-414d-9af7-ba1741509b09->7ec52e27-6063-4b9c-8511-76ca7a922bcd#624-t1, previous=(t:1, i:38), leaderCommit=37, initializing? false, entries: size=1, first=(t:1, i:39), METADATAENTRY(c:37)
2020-12-17 02:13:09,174 [grpc-default-executor-0] INFO  server.GrpcLogAppender (GrpcLogAppender.java:onCompleted(337)) - f11c6601-f81b-414d-9af7-ba1741509b09@group-380177E12C14->7ec52e27-6063-4b9c-8511-76ca7a922bcd-AppendLogResponseHandler: follower responses appendEntries COMPLETED
2020-12-17 02:13:09,174 [grpc-default-executor-0] INFO  impl.FollowerInfo (FollowerInfo.java:lambda$new$0(51)) - f11c6601-f81b-414d-9af7-ba1741509b09@group-380177E12C14->7ec52e27-6063-4b9c-8511-76ca7a922bcd: nextIndex: updateUnconditionally 40 -> 39
2020-12-17 02:13:09,175 [Listener at 0.0.0.0/36891] INFO  metrics.RatisMetrics (RatisMetrics.java:unregister(43)) - Unregistering Metrics Registry : ratis.log_appender.f11c6601-f81b-414d-9af7-ba1741509b09@group-380177E12C14
2020-12-17 02:13:09,176 [Listener at 0.0.0.0/36891] INFO  metrics.RatisMetrics (RatisMetrics.java:unregister(43)) - Unregistering Metrics Registry : ratis.server.f11c6601-f81b-414d-9af7-ba1741509b09@group-380177E12C14
2020-12-17 02:13:09,178 [f11c6601-f81b-414d-9af7-ba1741509b09@group-380177E12C14-StateMachineUpdater] INFO  ratis.ContainerStateMachine (ContainerStateMachine.java:takeSnapshot(293)) - group-380177E12C14: Taking a snapshot at:(t:1, i:39) file /github/workspace/mnt/ozone/hadoop-ozone/integration-test/target/test-dir/MiniOzoneClusterImpl-2a381d17-8836-40f3-94ec-0b892e5c06e0/datanode-5/data/ratis/1be34abb-29be-4d78-993d-380177e12c14/sm/snapshot.1_39
2020-12-17 02:13:09,178 [Listener at 0.0.0.0/36891] INFO  impl.StateMachineUpdater (StateMachineUpdater.java:stopAndJoin(147)) - f11c6601-f81b-414d-9af7-ba1741509b09@group-380177E12C14-StateMachineUpdater: set stopIndex = 39
2020-12-17 02:13:09,179 [f11c6601-f81b-414d-9af7-ba1741509b09@group-380177E12C14-StateMachineUpdater] INFO  ratis.ContainerStateMachine (ContainerStateMachine.java:takeSnapshot(304)) - group-380177E12C14: Finished taking a snapshot at:(t:1, i:39) file:/github/workspace/mnt/ozone/hadoop-ozone/integration-test/target/test-dir/MiniOzoneClusterImpl-2a381d17-8836-40f3-94ec-0b892e5c06e0/datanode-5/data/ratis/1be34abb-29be-4d78-993d-380177e12c14/sm/snapshot.1_39 time:1
2020-12-17 02:13:09,179 [f11c6601-f81b-414d-9af7-ba1741509b09@group-380177E12C14-StateMachineUpdater] INFO  impl.StateMachineUpdater (StateMachineUpdater.java:takeSnapshot(278)) - f11c6601-f81b-414d-9af7-ba1741509b09@group-380177E12C14-StateMachineUpdater: Took a snapshot at index 39
2020-12-17 02:13:09,179 [f11c6601-f81b-414d-9af7-ba1741509b09@group-380177E12C14-StateMachineUpdater] INFO  impl.StateMachineUpdater (StateMachineUpdater.java:lambda$new$0(87)) - f11c6601-f81b-414d-9af7-ba1741509b09@group-380177E12C14-StateMachineUpdater: snapshotIndex: updateIncreasingly -1 -> 39
2020-12-17 02:13:09,179 [f11c6601-f81b-414d-9af7-ba1741509b09@group-380177E12C14-StateMachineUpdater] INFO  metrics.RatisMetrics (RatisMetrics.java:unregister(43)) - Unregistering Metrics Registry : ratis.state_machine.f11c6601-f81b-414d-9af7-ba1741509b09@group-380177E12C14
2020-12-17 02:13:09,180 [Listener at 0.0.0.0/36891] INFO  impl.RaftServerImpl (ServerState.java:close(406)) - f11c6601-f81b-414d-9af7-ba1741509b09@group-380177E12C14: closes. applyIndex: 39
2020-12-17 02:13:09,181 [f11c6601-f81b-414d-9af7-ba1741509b09@group-380177E12C14-SegmentedRaftLogWorker] INFO  segmented.SegmentedRaftLogWorker (SegmentedRaftLogWorker.java:run(329)) - f11c6601-f81b-414d-9af7-ba1741509b09@group-380177E12C14-SegmentedRaftLogWorker was interrupted, exiting. There are 0 tasks remaining in the queue.
2020-12-17 02:13:09,182 [Listener at 0.0.0.0/36891] INFO  segmented.SegmentedRaftLogWorker (SegmentedRaftLogWorker.java:close(235)) - f11c6601-f81b-414d-9af7-ba1741509b09@group-380177E12C14-SegmentedRaftLogWorker close()
2020-12-17 02:13:09,184 [Listener at 0.0.0.0/36891] INFO  metrics.RatisMetrics (RatisMetrics.java:unregister(43)) - Unregistering Metrics Registry : ratis.log_worker.f11c6601-f81b-414d-9af7-ba1741509b09@group-380177E12C14
2020-12-17 02:13:09,184 [Listener at 0.0.0.0/36891] INFO  metrics.RatisMetrics (RatisMetrics.java:unregister(43)) - Unregistering Metrics Registry : ratis.leader_election.f11c6601-f81b-414d-9af7-ba1741509b09@group-380177E12C14
2020-12-17 02:13:09,184 [Listener at 0.0.0.0/36891] INFO  metrics.RatisMetrics (RatisMetrics.java:unregister(43)) - Unregistering Metrics Registry : ratis.server.f11c6601-f81b-414d-9af7-ba1741509b09@group-380177E12C14
2020-12-17 02:13:09,185 [Listener at 0.0.0.0/36891] INFO  impl.RaftServerImpl (RaftServerImpl.java:lambda$shutdown$3(328)) - f11c6601-f81b-414d-9af7-ba1741509b09@group-CCE2006DB23C: shutdown
2020-12-17 02:13:09,185 [Listener at 0.0.0.0/36891] INFO  util.JmxRegister (JmxRegister.java:unregister(73)) - Successfully un-registered JMX Bean with object name Ratis:service=RaftServer,group=group-CCE2006DB23C,id=f11c6601-f81b-414d-9af7-ba1741509b09
2020-12-17 02:13:09,185 [Listener at 0.0.0.0/36891] INFO  impl.RoleInfo (RoleInfo.java:shutdownLeaderState(104)) - f11c6601-f81b-414d-9af7-ba1741509b09: shutdown f11c6601-f81b-414d-9af7-ba1741509b09@group-CCE2006DB23C-LeaderState
2020-12-17 02:13:09,185 [Listener at 0.0.0.0/36891] INFO  impl.PendingRequests (PendingRequests.java:sendNotLeaderResponses(250)) - f11c6601-f81b-414d-9af7-ba1741509b09@group-CCE2006DB23C-PendingRequests: sendNotLeaderResponses
2020-12-17 02:13:09,185 [Listener at 0.0.0.0/36891] INFO  metrics.RatisMetrics (RatisMetrics.java:unregister(43)) - Unregistering Metrics Registry : ratis.log_appender.f11c6601-f81b-414d-9af7-ba1741509b09@group-CCE2006DB23C
2020-12-17 02:13:09,186 [Listener at 0.0.0.0/36891] INFO  metrics.RatisMetrics (RatisMetrics.java:unregister(43)) - Unregistering Metrics Registry : ratis.server.f11c6601-f81b-414d-9af7-ba1741509b09@group-CCE2006DB23C
2020-12-17 02:13:09,188 [f11c6601-f81b-414d-9af7-ba1741509b09@group-CCE2006DB23C-StateMachineUpdater] INFO  ratis.ContainerStateMachine (ContainerStateMachine.java:takeSnapshot(293)) - group-CCE2006DB23C: Taking a snapshot at:(t:1, i:0) file /github/workspace/mnt/ozone/hadoop-ozone/integration-test/target/test-dir/MiniOzoneClusterImpl-2a381d17-8836-40f3-94ec-0b892e5c06e0/datanode-5/data/ratis/55e6ba92-3fa8-45bb-b3dd-cce2006db23c/sm/snapshot.1_0
2020-12-17 02:13:09,188 [Listener at 0.0.0.0/36891] INFO  impl.StateMachineUpdater (StateMachineUpdater.java:stopAndJoin(147)) - f11c6601-f81b-414d-9af7-ba1741509b09@group-CCE2006DB23C-StateMachineUpdater: set stopIndex = 0
2020-12-17 02:13:09,188 [f11c6601-f81b-414d-9af7-ba1741509b09@group-CCE2006DB23C-StateMachineUpdater] INFO  ratis.ContainerStateMachine (ContainerStateMachine.java:takeSnapshot(304)) - group-CCE2006DB23C: Finished taking a snapshot at:(t:1, i:0) file:/github/workspace/mnt/ozone/hadoop-ozone/integration-test/target/test-dir/MiniOzoneClusterImpl-2a381d17-8836-40f3-94ec-0b892e5c06e0/datanode-5/data/ratis/55e6ba92-3fa8-45bb-b3dd-cce2006db23c/sm/snapshot.1_0 time:0
2020-12-17 02:13:09,188 [f11c6601-f81b-414d-9af7-ba1741509b09@group-CCE2006DB23C-StateMachineUpdater] INFO  impl.StateMachineUpdater (StateMachineUpdater.java:takeSnapshot(278)) - f11c6601-f81b-414d-9af7-ba1741509b09@group-CCE2006DB23C-StateMachineUpdater: Took a snapshot at index 0
2020-12-17 02:13:09,188 [f11c6601-f81b-414d-9af7-ba1741509b09@group-CCE2006DB23C-StateMachineUpdater] INFO  impl.StateMachineUpdater (StateMachineUpdater.java:lambda$new$0(87)) - f11c6601-f81b-414d-9af7-ba1741509b09@group-CCE2006DB23C-StateMachineUpdater: snapshotIndex: updateIncreasingly -1 -> 0
2020-12-17 02:13:09,189 [f11c6601-f81b-414d-9af7-ba1741509b09@group-CCE2006DB23C-StateMachineUpdater] INFO  metrics.RatisMetrics (RatisMetrics.java:unregister(43)) - Unregistering Metrics Registry : ratis.state_machine.f11c6601-f81b-414d-9af7-ba1741509b09@group-CCE2006DB23C
2020-12-17 02:13:09,189 [Listener at 0.0.0.0/36891] INFO  impl.RaftServerImpl (ServerState.java:close(406)) - f11c6601-f81b-414d-9af7-ba1741509b09@group-CCE2006DB23C: closes. applyIndex: 0
2020-12-17 02:13:09,189 [f11c6601-f81b-414d-9af7-ba1741509b09@group-CCE2006DB23C-SegmentedRaftLogWorker] INFO  segmented.SegmentedRaftLogWorker (SegmentedRaftLogWorker.java:run(329)) - f11c6601-f81b-414d-9af7-ba1741509b09@group-CCE2006DB23C-SegmentedRaftLogWorker was interrupted, exiting. There are 0 tasks remaining in the queue.
2020-12-17 02:13:09,189 [Listener at 0.0.0.0/36891] INFO  segmented.SegmentedRaftLogWorker (SegmentedRaftLogWorker.java:close(235)) - f11c6601-f81b-414d-9af7-ba1741509b09@group-CCE2006DB23C-SegmentedRaftLogWorker close()
2020-12-17 02:13:09,189 [Listener at 0.0.0.0/36891] INFO  metrics.RatisMetrics (RatisMetrics.java:unregister(43)) - Unregistering Metrics Registry : ratis.log_worker.f11c6601-f81b-414d-9af7-ba1741509b09@group-CCE2006DB23C
2020-12-17 02:13:09,190 [Listener at 0.0.0.0/36891] INFO  metrics.RatisMetrics (RatisMetrics.java:unregister(43)) - Unregistering Metrics Registry : ratis.leader_election.f11c6601-f81b-414d-9af7-ba1741509b09@group-CCE2006DB23C
2020-12-17 02:13:09,190 [Listener at 0.0.0.0/36891] INFO  metrics.RatisMetrics (RatisMetrics.java:unregister(43)) - Unregistering Metrics Registry : ratis.server.f11c6601-f81b-414d-9af7-ba1741509b09@group-CCE2006DB23C
2020-12-17 02:13:09,190 [Listener at 0.0.0.0/36891] INFO  server.GrpcService (GrpcService.java:closeImpl(184)) - f11c6601-f81b-414d-9af7-ba1741509b09: shutdown server with port 34719 now
2020-12-17 02:13:09,193 [grpc-default-executor-0] WARN  client.GrpcClientProtocolService (LogUtils.java:warn(122)) - 1-UnorderedRequestStreamObserver1: onError: org.apache.ratis.thirdparty.io.grpc.StatusRuntimeException: CANCELLED: cancelled before receiving half close
2020-12-17 02:13:09,197 [Listener at 0.0.0.0/36891] INFO  server.GrpcService (GrpcService.java:closeImpl(193)) - f11c6601-f81b-414d-9af7-ba1741509b09: shutdown server with port 34719 successfully
2020-12-17 02:13:09,198 [Listener at 0.0.0.0/36891] INFO  utils.BackgroundService (BackgroundService.java:shutdown(132)) - Shutting down service BlockDeletingService
2020-12-17 02:13:09,200 [Listener at 0.0.0.0/36891] INFO  statemachine.DatanodeStateMachine (DatanodeStateMachine.java:stopDaemon(461)) - Ozone container server stopped.
2020-12-17 02:13:09,203 [IPC Server handler 8 on default port 46749] INFO  node.SCMNodeManager (SCMNodeManager.java:updateDatanodeOpState(419)) - Scheduling a command to update the operationalState persisted on the datanode as the reported value (ENTERING_MAINTENANCE, 0) does not match the value stored in SCM (IN_MAINTENANCE, 0)
2020-12-17 02:13:09,215 [Datanode State Machine Thread - 0] INFO  statemachine.DatanodeStateMachine (DatanodeStateMachine.java:lambda$startDaemon$0(408)) - Ozone container server started.
2020-12-17 02:13:09,215 [Listener at 0.0.0.0/36891] INFO  handler.ContextHandler (ContextHandler.java:doStop(1154)) - Stopped o.e.j.w.WebAppContext@5e3d2cfc{hddsDatanode,/,null,STOPPED}{jar:file:/home/user/.m2/repository/org/apache/hadoop/hadoop-hdds-container-service/1.1.0-SNAPSHOT/hadoop-hdds-container-service-1.1.0-SNAPSHOT.jar!/webapps/hddsDatanode}
2020-12-17 02:13:09,215 [Listener at 0.0.0.0/36891] INFO  server.AbstractConnector (AbstractConnector.java:doStop(381)) - Stopped ServerConnector@4b672ced{HTTP/1.1, (http/1.1)}{0.0.0.0:0}
2020-12-17 02:13:09,215 [Listener at 0.0.0.0/36891] INFO  server.session (HouseKeeper.java:stopScavenging(149)) - node0 Stopped scavenging
2020-12-17 02:13:09,216 [Listener at 0.0.0.0/36891] INFO  handler.ContextHandler (ContextHandler.java:doStop(1154)) - Stopped o.e.j.s.ServletContextHandler@106960fe{static,/static,jar:file:/home/user/.m2/repository/org/apache/hadoop/hadoop-hdds-container-service/1.1.0-SNAPSHOT/hadoop-hdds-container-service-1.1.0-SNAPSHOT.jar!/webapps/static,STOPPED}
2020-12-17 02:13:09,216 [Listener at 0.0.0.0/36891] INFO  handler.ContextHandler (ContextHandler.java:doStop(1154)) - Stopped o.e.j.s.ServletContextHandler@4fbac930{logs,/logs,file:///github/workspace/mnt/ozone/hadoop-ozone/integration-test/target/log,STOPPED}
2020-12-17 02:13:09,390 [ReplicationMonitor] INFO  container.ReplicationManager (ReplicationManager.java:run(250)) - Replication Monitor Thread took 0 milliseconds for processing 4 containers.
2020-12-17 02:13:09,405 [DatanodeAdminManager-0] INFO  node.DatanodeAdminMonitorImpl (DatanodeAdminMonitorImpl.java:run(136)) - There are 3 nodes tracked for decommission and maintenance. 0 pending nodes.
2020-12-17 02:13:09,430 [Datanode State Machine Thread - 0] INFO  statemachine.DatanodeStateMachine (DatanodeStateMachine.java:lambda$startDaemon$0(408)) - Ozone container server started.
2020-12-17 02:13:09,617 [ForkJoinPool.commonPool-worker-1] INFO  ozoneimpl.OzoneContainer (OzoneContainer.java:stop(257)) - Attempting to stop container services.
2020-12-17 02:13:09,617 [ForkJoinPool.commonPool-worker-1] INFO  impl.RaftServerProxy (RaftServerProxy.java:lambda$close$4(338)) - a5453659-3127-401c-b9c1-bc8f4372128a: close
2020-12-17 02:13:09,617 [ForkJoinPool.commonPool-worker-1] INFO  server.GrpcService (GrpcService.java:closeImpl(184)) - a5453659-3127-401c-b9c1-bc8f4372128a: shutdown server with port 33101 now
2020-12-17 02:13:09,619 [grpc-default-executor-4] WARN  client.GrpcClientProtocolService (LogUtils.java:warn(122)) - 1-UnorderedRequestStreamObserver1: onError: org.apache.ratis.thirdparty.io.grpc.StatusRuntimeException: CANCELLED: cancelled before receiving half close
2020-12-17 02:13:09,622 [ForkJoinPool.commonPool-worker-1] INFO  server.GrpcService (GrpcService.java:closeImpl(193)) - a5453659-3127-401c-b9c1-bc8f4372128a: shutdown server with port 33101 successfully
2020-12-17 02:13:09,623 [ForkJoinPool.commonPool-worker-1] INFO  utils.BackgroundService (BackgroundService.java:shutdown(132)) - Shutting down service BlockDeletingService
2020-12-17 02:13:09,625 [ForkJoinPool.commonPool-worker-1] INFO  statemachine.DatanodeStateMachine (DatanodeStateMachine.java:stopDaemon(461)) - Ozone container server stopped.
2020-12-17 02:13:09,635 [ForkJoinPool.commonPool-worker-1] INFO  handler.ContextHandler (ContextHandler.java:doStop(1154)) - Stopped o.e.j.w.WebAppContext@36901f79{hddsDatanode,/,null,STOPPED}{jar:file:/home/user/.m2/repository/org/apache/hadoop/hadoop-hdds-container-service/1.1.0-SNAPSHOT/hadoop-hdds-container-service-1.1.0-SNAPSHOT.jar!/webapps/hddsDatanode}
2020-12-17 02:13:09,635 [ForkJoinPool.commonPool-worker-1] INFO  server.AbstractConnector (AbstractConnector.java:doStop(381)) - Stopped ServerConnector@376fd14f{HTTP/1.1, (http/1.1)}{0.0.0.0:0}
2020-12-17 02:13:09,635 [ForkJoinPool.commonPool-worker-1] INFO  server.session (HouseKeeper.java:stopScavenging(149)) - node0 Stopped scavenging
2020-12-17 02:13:09,642 [ForkJoinPool.commonPool-worker-1] INFO  handler.ContextHandler (ContextHandler.java:doStop(1154)) - Stopped o.e.j.s.ServletContextHandler@50d01924{static,/static,jar:file:/home/user/.m2/repository/org/apache/hadoop/hadoop-hdds-container-service/1.1.0-SNAPSHOT/hadoop-hdds-container-service-1.1.0-SNAPSHOT.jar!/webapps/static,STOPPED}
2020-12-17 02:13:09,642 [ForkJoinPool.commonPool-worker-1] INFO  handler.ContextHandler (ContextHandler.java:doStop(1154)) - Stopped o.e.j.s.ServletContextHandler@7e1b80d3{logs,/logs,file:///github/workspace/mnt/ozone/hadoop-ozone/integration-test/target/log,STOPPED}
2020-12-17 02:13:10,203 [Datanode State Machine Thread - 0] INFO  statemachine.DatanodeStateMachine (DatanodeStateMachine.java:lambda$startDaemon$0(408)) - Ozone container server started.
2020-12-17 02:13:10,219 [EventQueue-StaleNodeForStaleNodeHandler] INFO  node.StaleNodeHandler (StaleNodeHandler.java:onMessage(58)) - Datanode 2b1d58b1-e44f-4041-9819-0dd176255f22{ip: 172.17.0.2, host: 89b9adae2c19, networkLocation: /default-rack, certSerialId: null, persistedOpState: ENTERING_MAINTENANCE, persistedOpStateExpiryEpochSec: 0} moved to stale state. Finalizing its pipelines []
2020-12-17 02:13:10,390 [ReplicationMonitor] INFO  container.ReplicationManager (ReplicationManager.java:run(250)) - Replication Monitor Thread took 0 milliseconds for processing 4 containers.
2020-12-17 02:13:10,405 [DatanodeAdminManager-0] INFO  node.DatanodeAdminMonitorImpl (DatanodeAdminMonitorImpl.java:run(136)) - There are 3 nodes tracked for decommission and maintenance. 0 pending nodes.
2020-12-17 02:13:10,419 [EventQueue-StaleNodeForStaleNodeHandler] INFO  node.StaleNodeHandler (StaleNodeHandler.java:onMessage(58)) - Datanode 6a05d44f-22be-4027-b269-c3a46acd3f47{ip: 172.17.0.2, host: 89b9adae2c19, networkLocation: /default-rack, certSerialId: null, persistedOpState: IN_SERVICE, persistedOpStateExpiryEpochSec: 0} moved to stale state. Finalizing its pipelines [PipelineID=81d687d2-c33f-4aa5-a1b4-8ae2822a3941, PipelineID=1be34abb-29be-4d78-993d-380177e12c14]
2020-12-17 02:13:10,419 [EventQueue-StaleNodeForStaleNodeHandler] INFO  pipeline.SCMPipelineManager (SCMPipelineManager.java:finalizeAndDestroyPipeline(482)) - Destroying pipeline:Pipeline[ Id: 81d687d2-c33f-4aa5-a1b4-8ae2822a3941, Nodes: 6a05d44f-22be-4027-b269-c3a46acd3f47{ip: 172.17.0.2, host: 89b9adae2c19, networkLocation: /default-rack, certSerialId: null, persistedOpState: IN_SERVICE, persistedOpStateExpiryEpochSec: 0}, Type:RATIS, Factor:ONE, State:OPEN, leaderId:6a05d44f-22be-4027-b269-c3a46acd3f47, CreationTimestamp2020-12-17T02:12:55.402Z]
2020-12-17 02:13:10,420 [EventQueue-StaleNodeForStaleNodeHandler] INFO  pipeline.PipelineStateManager (PipelineStateManager.java:finalizePipeline(121)) - Pipeline Pipeline[ Id: 81d687d2-c33f-4aa5-a1b4-8ae2822a3941, Nodes: 6a05d44f-22be-4027-b269-c3a46acd3f47{ip: 172.17.0.2, host: 89b9adae2c19, networkLocation: /default-rack, certSerialId: null, persistedOpState: IN_SERVICE, persistedOpStateExpiryEpochSec: 0}, Type:RATIS, Factor:ONE, State:CLOSED, leaderId:6a05d44f-22be-4027-b269-c3a46acd3f47, CreationTimestamp2020-12-17T02:12:55.402Z] moved to CLOSED state
2020-12-17 02:13:10,420 [EventQueue-StaleNodeForStaleNodeHandler] INFO  pipeline.SCMPipelineManager (SCMPipelineManager.java:finalizeAndDestroyPipeline(482)) - Destroying pipeline:Pipeline[ Id: 1be34abb-29be-4d78-993d-380177e12c14, Nodes: f11c6601-f81b-414d-9af7-ba1741509b09{ip: 172.17.0.2, host: 89b9adae2c19, networkLocation: /default-rack, certSerialId: null, persistedOpState: IN_SERVICE, persistedOpStateExpiryEpochSec: 0}6a05d44f-22be-4027-b269-c3a46acd3f47{ip: 172.17.0.2, host: 89b9adae2c19, networkLocation: /default-rack, certSerialId: null, persistedOpState: IN_SERVICE, persistedOpStateExpiryEpochSec: 0}7ec52e27-6063-4b9c-8511-76ca7a922bcd{ip: 172.17.0.2, host: 89b9adae2c19, networkLocation: /default-rack, certSerialId: null, persistedOpState: IN_SERVICE, persistedOpStateExpiryEpochSec: 0}, Type:RATIS, Factor:THREE, State:OPEN, leaderId:f11c6601-f81b-414d-9af7-ba1741509b09, CreationTimestamp2020-12-17T02:12:55.401Z]
2020-12-17 02:13:10,420 [EventQueue-StaleNodeForStaleNodeHandler] INFO  pipeline.PipelineStateManager (PipelineStateManager.java:finalizePipeline(121)) - Pipeline Pipeline[ Id: 1be34abb-29be-4d78-993d-380177e12c14, Nodes: f11c6601-f81b-414d-9af7-ba1741509b09{ip: 172.17.0.2, host: 89b9adae2c19, networkLocation: /default-rack, certSerialId: null, persistedOpState: IN_SERVICE, persistedOpStateExpiryEpochSec: 0}6a05d44f-22be-4027-b269-c3a46acd3f47{ip: 172.17.0.2, host: 89b9adae2c19, networkLocation: /default-rack, certSerialId: null, persistedOpState: IN_SERVICE, persistedOpStateExpiryEpochSec: 0}7ec52e27-6063-4b9c-8511-76ca7a922bcd{ip: 172.17.0.2, host: 89b9adae2c19, networkLocation: /default-rack, certSerialId: null, persistedOpState: IN_SERVICE, persistedOpStateExpiryEpochSec: 0}, Type:RATIS, Factor:THREE, State:CLOSED, leaderId:f11c6601-f81b-414d-9af7-ba1741509b09, CreationTimestamp2020-12-17T02:12:55.401Z] moved to CLOSED state
2020-12-17 02:13:10,421 [EventQueue-CloseContainerForCloseContainerEventHandler] INFO  container.CloseContainerEventHandler (CloseContainerEventHandler.java:onMessage(61)) - Close container Event triggered for container : #3
2020-12-17 02:13:10,421 [EventQueue-CloseContainerForCloseContainerEventHandler] INFO  container.CloseContainerEventHandler (CloseContainerEventHandler.java:onMessage(61)) - Close container Event triggered for container : #4
2020-12-17 02:13:10,495 [Listener at 0.0.0.0/36891] INFO  ozoneimpl.OzoneContainer (OzoneContainer.java:stop(257)) - Attempting to stop container services.
2020-12-17 02:13:10,496 [Listener at 0.0.0.0/36891] INFO  impl.RaftServerProxy (RaftServerProxy.java:lambda$close$4(338)) - 7ec52e27-6063-4b9c-8511-76ca7a922bcd: close
2020-12-17 02:13:10,496 [Listener at 0.0.0.0/36891] INFO  impl.RaftServerImpl (RaftServerImpl.java:lambda$shutdown$3(328)) - 7ec52e27-6063-4b9c-8511-76ca7a922bcd@group-684263C6A878: shutdown
2020-12-17 02:13:10,496 [Listener at 0.0.0.0/36891] INFO  util.JmxRegister (JmxRegister.java:unregister(73)) - Successfully un-registered JMX Bean with object name Ratis:service=RaftServer,group=group-684263C6A878,id=7ec52e27-6063-4b9c-8511-76ca7a922bcd
2020-12-17 02:13:10,496 [Listener at 0.0.0.0/36891] INFO  impl.RoleInfo (RoleInfo.java:shutdownLeaderState(104)) - 7ec52e27-6063-4b9c-8511-76ca7a922bcd: shutdown 7ec52e27-6063-4b9c-8511-76ca7a922bcd@group-684263C6A878-LeaderState
2020-12-17 02:13:10,496 [Listener at 0.0.0.0/36891] INFO  impl.PendingRequests (PendingRequests.java:sendNotLeaderResponses(250)) - 7ec52e27-6063-4b9c-8511-76ca7a922bcd@group-684263C6A878-PendingRequests: sendNotLeaderResponses
2020-12-17 02:13:10,497 [Listener at 0.0.0.0/36891] INFO  metrics.RatisMetrics (RatisMetrics.java:unregister(43)) - Unregistering Metrics Registry : ratis.log_appender.7ec52e27-6063-4b9c-8511-76ca7a922bcd@group-684263C6A878
2020-12-17 02:13:10,497 [Listener at 0.0.0.0/36891] INFO  metrics.RatisMetrics (RatisMetrics.java:unregister(43)) - Unregistering Metrics Registry : ratis.server.7ec52e27-6063-4b9c-8511-76ca7a922bcd@group-684263C6A878
2020-12-17 02:13:10,499 [7ec52e27-6063-4b9c-8511-76ca7a922bcd@group-684263C6A878-StateMachineUpdater] INFO  ratis.ContainerStateMachine (ContainerStateMachine.java:takeSnapshot(293)) - group-684263C6A878: Taking a snapshot at:(t:1, i:0) file /github/workspace/mnt/ozone/hadoop-ozone/integration-test/target/test-dir/MiniOzoneClusterImpl-2a381d17-8836-40f3-94ec-0b892e5c06e0/datanode-4/data/ratis/3da2df9d-fa47-4f71-9525-684263c6a878/sm/snapshot.1_0
2020-12-17 02:13:10,500 [Listener at 0.0.0.0/36891] INFO  impl.StateMachineUpdater (StateMachineUpdater.java:stopAndJoin(147)) - 7ec52e27-6063-4b9c-8511-76ca7a922bcd@group-684263C6A878-StateMachineUpdater: set stopIndex = 0
2020-12-17 02:13:10,500 [7ec52e27-6063-4b9c-8511-76ca7a922bcd@group-684263C6A878-StateMachineUpdater] INFO  ratis.ContainerStateMachine (ContainerStateMachine.java:takeSnapshot(304)) - group-684263C6A878: Finished taking a snapshot at:(t:1, i:0) file:/github/workspace/mnt/ozone/hadoop-ozone/integration-test/target/test-dir/MiniOzoneClusterImpl-2a381d17-8836-40f3-94ec-0b892e5c06e0/datanode-4/data/ratis/3da2df9d-fa47-4f71-9525-684263c6a878/sm/snapshot.1_0 time:0
2020-12-17 02:13:10,500 [7ec52e27-6063-4b9c-8511-76ca7a922bcd@group-684263C6A878-StateMachineUpdater] INFO  impl.StateMachineUpdater (StateMachineUpdater.java:takeSnapshot(278)) - 7ec52e27-6063-4b9c-8511-76ca7a922bcd@group-684263C6A878-StateMachineUpdater: Took a snapshot at index 0
2020-12-17 02:13:10,500 [7ec52e27-6063-4b9c-8511-76ca7a922bcd@group-684263C6A878-StateMachineUpdater] INFO  impl.StateMachineUpdater (StateMachineUpdater.java:lambda$new$0(87)) - 7ec52e27-6063-4b9c-8511-76ca7a922bcd@group-684263C6A878-StateMachineUpdater: snapshotIndex: updateIncreasingly -1 -> 0
2020-12-17 02:13:10,500 [7ec52e27-6063-4b9c-8511-76ca7a922bcd@group-684263C6A878-StateMachineUpdater] INFO  metrics.RatisMetrics (RatisMetrics.java:unregister(43)) - Unregistering Metrics Registry : ratis.state_machine.7ec52e27-6063-4b9c-8511-76ca7a922bcd@group-684263C6A878
2020-12-17 02:13:10,501 [Listener at 0.0.0.0/36891] INFO  impl.RaftServerImpl (ServerState.java:close(406)) - 7ec52e27-6063-4b9c-8511-76ca7a922bcd@group-684263C6A878: closes. applyIndex: 0
2020-12-17 02:13:10,501 [7ec52e27-6063-4b9c-8511-76ca7a922bcd@group-684263C6A878-SegmentedRaftLogWorker] INFO  segmented.SegmentedRaftLogWorker (SegmentedRaftLogWorker.java:run(329)) - 7ec52e27-6063-4b9c-8511-76ca7a922bcd@group-684263C6A878-SegmentedRaftLogWorker was interrupted, exiting. There are 0 tasks remaining in the queue.
2020-12-17 02:13:10,501 [Listener at 0.0.0.0/36891] INFO  segmented.SegmentedRaftLogWorker (SegmentedRaftLogWorker.java:close(235)) - 7ec52e27-6063-4b9c-8511-76ca7a922bcd@group-684263C6A878-SegmentedRaftLogWorker close()
2020-12-17 02:13:10,502 [Listener at 0.0.0.0/36891] INFO  metrics.RatisMetrics (RatisMetrics.java:unregister(43)) - Unregistering Metrics Registry : ratis.log_worker.7ec52e27-6063-4b9c-8511-76ca7a922bcd@group-684263C6A878
2020-12-17 02:13:10,502 [Listener at 0.0.0.0/36891] INFO  metrics.RatisMetrics (RatisMetrics.java:unregister(43)) - Unregistering Metrics Registry : ratis.leader_election.7ec52e27-6063-4b9c-8511-76ca7a922bcd@group-684263C6A878
2020-12-17 02:13:10,502 [Listener at 0.0.0.0/36891] INFO  metrics.RatisMetrics (RatisMetrics.java:unregister(43)) - Unregistering Metrics Registry : ratis.server.7ec52e27-6063-4b9c-8511-76ca7a922bcd@group-684263C6A878
2020-12-17 02:13:10,502 [Listener at 0.0.0.0/36891] INFO  impl.RaftServerImpl (RaftServerImpl.java:lambda$shutdown$3(328)) - 7ec52e27-6063-4b9c-8511-76ca7a922bcd@group-380177E12C14: shutdown
2020-12-17 02:13:10,503 [Listener at 0.0.0.0/36891] INFO  util.JmxRegister (JmxRegister.java:unregister(73)) - Successfully un-registered JMX Bean with object name Ratis:service=RaftServer,group=group-380177E12C14,id=7ec52e27-6063-4b9c-8511-76ca7a922bcd
2020-12-17 02:13:10,503 [Listener at 0.0.0.0/36891] INFO  impl.RoleInfo (RoleInfo.java:shutdownFollowerState(121)) - 7ec52e27-6063-4b9c-8511-76ca7a922bcd: shutdown 7ec52e27-6063-4b9c-8511-76ca7a922bcd@group-380177E12C14-FollowerState
2020-12-17 02:13:10,503 [Thread-5770] INFO  impl.FollowerState (FollowerState.java:run(137)) - 7ec52e27-6063-4b9c-8511-76ca7a922bcd@group-380177E12C14-FollowerState was interrupted: {}
java.lang.InterruptedException: sleep interrupted
	at java.lang.Thread.sleep(Native Method)
	at org.apache.ratis.util.JavaUtils.sleep(JavaUtils.java:250)
	at org.apache.ratis.server.impl.FollowerState.run(FollowerState.java:116)
2020-12-17 02:13:10,504 [Listener at 0.0.0.0/36891] INFO  impl.StateMachineUpdater (StateMachineUpdater.java:stopAndJoin(147)) - 7ec52e27-6063-4b9c-8511-76ca7a922bcd@group-380177E12C14-StateMachineUpdater: set stopIndex = 39
2020-12-17 02:13:10,505 [7ec52e27-6063-4b9c-8511-76ca7a922bcd@group-380177E12C14-StateMachineUpdater] INFO  ratis.ContainerStateMachine (ContainerStateMachine.java:takeSnapshot(293)) - group-380177E12C14: Taking a snapshot at:(t:1, i:39) file /github/workspace/mnt/ozone/hadoop-ozone/integration-test/target/test-dir/MiniOzoneClusterImpl-2a381d17-8836-40f3-94ec-0b892e5c06e0/datanode-4/data/ratis/1be34abb-29be-4d78-993d-380177e12c14/sm/snapshot.1_39
2020-12-17 02:13:10,506 [7ec52e27-6063-4b9c-8511-76ca7a922bcd@group-380177E12C14-StateMachineUpdater] INFO  ratis.ContainerStateMachine (ContainerStateMachine.java:takeSnapshot(304)) - group-380177E12C14: Finished taking a snapshot at:(t:1, i:39) file:/github/workspace/mnt/ozone/hadoop-ozone/integration-test/target/test-dir/MiniOzoneClusterImpl-2a381d17-8836-40f3-94ec-0b892e5c06e0/datanode-4/data/ratis/1be34abb-29be-4d78-993d-380177e12c14/sm/snapshot.1_39 time:1
2020-12-17 02:13:10,506 [7ec52e27-6063-4b9c-8511-76ca7a922bcd@group-380177E12C14-StateMachineUpdater] INFO  impl.StateMachineUpdater (StateMachineUpdater.java:takeSnapshot(278)) - 7ec52e27-6063-4b9c-8511-76ca7a922bcd@group-380177E12C14-StateMachineUpdater: Took a snapshot at index 39
2020-12-17 02:13:10,506 [7ec52e27-6063-4b9c-8511-76ca7a922bcd@group-380177E12C14-StateMachineUpdater] INFO  impl.StateMachineUpdater (StateMachineUpdater.java:lambda$new$0(87)) - 7ec52e27-6063-4b9c-8511-76ca7a922bcd@group-380177E12C14-StateMachineUpdater: snapshotIndex: updateIncreasingly -1 -> 39
2020-12-17 02:13:10,506 [7ec52e27-6063-4b9c-8511-76ca7a922bcd@group-380177E12C14-StateMachineUpdater] INFO  metrics.RatisMetrics (RatisMetrics.java:unregister(43)) - Unregistering Metrics Registry : ratis.state_machine.7ec52e27-6063-4b9c-8511-76ca7a922bcd@group-380177E12C14
2020-12-17 02:13:10,506 [Listener at 0.0.0.0/36891] INFO  impl.RaftServerImpl (ServerState.java:close(406)) - 7ec52e27-6063-4b9c-8511-76ca7a922bcd@group-380177E12C14: closes. applyIndex: 39
2020-12-17 02:13:10,506 [7ec52e27-6063-4b9c-8511-76ca7a922bcd@group-380177E12C14-SegmentedRaftLogWorker] INFO  segmented.SegmentedRaftLogWorker (SegmentedRaftLogWorker.java:run(329)) - 7ec52e27-6063-4b9c-8511-76ca7a922bcd@group-380177E12C14-SegmentedRaftLogWorker was interrupted, exiting. There are 0 tasks remaining in the queue.
2020-12-17 02:13:10,512 [Listener at 0.0.0.0/36891] INFO  segmented.SegmentedRaftLogWorker (SegmentedRaftLogWorker.java:close(235)) - 7ec52e27-6063-4b9c-8511-76ca7a922bcd@group-380177E12C14-SegmentedRaftLogWorker close()
2020-12-17 02:13:10,512 [Listener at 0.0.0.0/36891] INFO  metrics.RatisMetrics (RatisMetrics.java:unregister(43)) - Unregistering Metrics Registry : ratis.log_worker.7ec52e27-6063-4b9c-8511-76ca7a922bcd@group-380177E12C14
2020-12-17 02:13:10,512 [Listener at 0.0.0.0/36891] INFO  metrics.RatisMetrics (RatisMetrics.java:unregister(43)) - Unregistering Metrics Registry : ratis.leader_election.7ec52e27-6063-4b9c-8511-76ca7a922bcd@group-380177E12C14
2020-12-17 02:13:10,513 [Listener at 0.0.0.0/36891] INFO  metrics.RatisMetrics (RatisMetrics.java:unregister(43)) - Unregistering Metrics Registry : ratis.server.7ec52e27-6063-4b9c-8511-76ca7a922bcd@group-380177E12C14
2020-12-17 02:13:10,513 [Listener at 0.0.0.0/36891] INFO  server.GrpcService (GrpcService.java:closeImpl(184)) - 7ec52e27-6063-4b9c-8511-76ca7a922bcd: shutdown server with port 45859 now
2020-12-17 02:13:10,514 [Listener at 0.0.0.0/36891] INFO  server.GrpcService (GrpcService.java:closeImpl(193)) - 7ec52e27-6063-4b9c-8511-76ca7a922bcd: shutdown server with port 45859 successfully
2020-12-17 02:13:10,517 [Listener at 0.0.0.0/36891] INFO  utils.BackgroundService (BackgroundService.java:shutdown(132)) - Shutting down service BlockDeletingService
2020-12-17 02:13:10,519 [Listener at 0.0.0.0/36891] INFO  statemachine.DatanodeStateMachine (DatanodeStateMachine.java:stopDaemon(461)) - Ozone container server stopped.
2020-12-17 02:13:10,519 [EventQueue-StaleNodeForStaleNodeHandler] INFO  node.StaleNodeHandler (StaleNodeHandler.java:onMessage(58)) - Datanode f11c6601-f81b-414d-9af7-ba1741509b09{ip: 172.17.0.2, host: 89b9adae2c19, networkLocation: /default-rack, certSerialId: null, persistedOpState: IN_SERVICE, persistedOpStateExpiryEpochSec: 0} moved to stale state. Finalizing its pipelines [PipelineID=1be34abb-29be-4d78-993d-380177e12c14, PipelineID=55e6ba92-3fa8-45bb-b3dd-cce2006db23c]
2020-12-17 02:13:10,519 [EventQueue-StaleNodeForStaleNodeHandler] INFO  pipeline.SCMPipelineManager (SCMPipelineManager.java:finalizeAndDestroyPipeline(482)) - Destroying pipeline:Pipeline[ Id: 1be34abb-29be-4d78-993d-380177e12c14, Nodes: f11c6601-f81b-414d-9af7-ba1741509b09{ip: 172.17.0.2, host: 89b9adae2c19, networkLocation: /default-rack, certSerialId: null, persistedOpState: IN_SERVICE, persistedOpStateExpiryEpochSec: 0}6a05d44f-22be-4027-b269-c3a46acd3f47{ip: 172.17.0.2, host: 89b9adae2c19, networkLocation: /default-rack, certSerialId: null, persistedOpState: IN_SERVICE, persistedOpStateExpiryEpochSec: 0}7ec52e27-6063-4b9c-8511-76ca7a922bcd{ip: 172.17.0.2, host: 89b9adae2c19, networkLocation: /default-rack, certSerialId: null, persistedOpState: IN_SERVICE, persistedOpStateExpiryEpochSec: 0}, Type:RATIS, Factor:THREE, State:CLOSED, leaderId:f11c6601-f81b-414d-9af7-ba1741509b09, CreationTimestamp2020-12-17T02:12:55.401Z]
2020-12-17 02:13:10,520 [EventQueue-StaleNodeForStaleNodeHandler] INFO  pipeline.SCMPipelineManager (SCMPipelineManager.java:finalizeAndDestroyPipeline(482)) - Destroying pipeline:Pipeline[ Id: 55e6ba92-3fa8-45bb-b3dd-cce2006db23c, Nodes: f11c6601-f81b-414d-9af7-ba1741509b09{ip: 172.17.0.2, host: 89b9adae2c19, networkLocation: /default-rack, certSerialId: null, persistedOpState: IN_SERVICE, persistedOpStateExpiryEpochSec: 0}, Type:RATIS, Factor:ONE, State:OPEN, leaderId:f11c6601-f81b-414d-9af7-ba1741509b09, CreationTimestamp2020-12-17T02:12:55.402Z]
2020-12-17 02:13:10,520 [EventQueue-StaleNodeForStaleNodeHandler] INFO  pipeline.PipelineStateManager (PipelineStateManager.java:finalizePipeline(121)) - Pipeline Pipeline[ Id: 55e6ba92-3fa8-45bb-b3dd-cce2006db23c, Nodes: f11c6601-f81b-414d-9af7-ba1741509b09{ip: 172.17.0.2, host: 89b9adae2c19, networkLocation: /default-rack, certSerialId: null, persistedOpState: IN_SERVICE, persistedOpStateExpiryEpochSec: 0}, Type:RATIS, Factor:ONE, State:CLOSED, leaderId:f11c6601-f81b-414d-9af7-ba1741509b09, CreationTimestamp2020-12-17T02:12:55.402Z] moved to CLOSED state
2020-12-17 02:13:10,530 [Listener at 0.0.0.0/36891] INFO  handler.ContextHandler (ContextHandler.java:doStop(1154)) - Stopped o.e.j.w.WebAppContext@651665e5{hddsDatanode,/,null,STOPPED}{jar:file:/home/user/.m2/repository/org/apache/hadoop/hadoop-hdds-container-service/1.1.0-SNAPSHOT/hadoop-hdds-container-service-1.1.0-SNAPSHOT.jar!/webapps/hddsDatanode}
2020-12-17 02:13:10,534 [Listener at 0.0.0.0/36891] INFO  server.AbstractConnector (AbstractConnector.java:doStop(381)) - Stopped ServerConnector@522ef462{HTTP/1.1, (http/1.1)}{0.0.0.0:0}
2020-12-17 02:13:10,534 [Listener at 0.0.0.0/36891] INFO  server.session (HouseKeeper.java:stopScavenging(149)) - node0 Stopped scavenging
2020-12-17 02:13:10,534 [Listener at 0.0.0.0/36891] INFO  handler.ContextHandler (ContextHandler.java:doStop(1154)) - Stopped o.e.j.s.ServletContextHandler@22395d00{static,/static,jar:file:/home/user/.m2/repository/org/apache/hadoop/hadoop-hdds-container-service/1.1.0-SNAPSHOT/hadoop-hdds-container-service-1.1.0-SNAPSHOT.jar!/webapps/static,STOPPED}
2020-12-17 02:13:10,535 [Listener at 0.0.0.0/36891] INFO  handler.ContextHandler (ContextHandler.java:doStop(1154)) - Stopped o.e.j.s.ServletContextHandler@18690d13{logs,/logs,file:///github/workspace/mnt/ozone/hadoop-ozone/integration-test/target/log,STOPPED}
2020-12-17 02:13:10,950 [ForkJoinPool.commonPool-worker-1] INFO  ozoneimpl.OzoneContainer (OzoneContainer.java:stop(257)) - Attempting to stop container services.
2020-12-17 02:13:10,950 [ForkJoinPool.commonPool-worker-1] INFO  impl.RaftServerProxy (RaftServerProxy.java:lambda$close$4(338)) - b45b6da8-7dd9-434b-afe3-ad98acc018a0: close
2020-12-17 02:13:10,951 [ForkJoinPool.commonPool-worker-1] INFO  server.GrpcService (GrpcService.java:closeImpl(184)) - b45b6da8-7dd9-434b-afe3-ad98acc018a0: shutdown server with port 41361 now
2020-12-17 02:13:10,952 [ForkJoinPool.commonPool-worker-1] INFO  server.GrpcService (GrpcService.java:closeImpl(193)) - b45b6da8-7dd9-434b-afe3-ad98acc018a0: shutdown server with port 41361 successfully
2020-12-17 02:13:10,953 [ForkJoinPool.commonPool-worker-1] INFO  utils.BackgroundService (BackgroundService.java:shutdown(132)) - Shutting down service BlockDeletingService
2020-12-17 02:13:10,955 [ForkJoinPool.commonPool-worker-1] INFO  statemachine.DatanodeStateMachine (DatanodeStateMachine.java:stopDaemon(461)) - Ozone container server stopped.
2020-12-17 02:13:10,970 [ForkJoinPool.commonPool-worker-1] INFO  handler.ContextHandler (ContextHandler.java:doStop(1154)) - Stopped o.e.j.w.WebAppContext@382de41b{hddsDatanode,/,null,STOPPED}{jar:file:/home/user/.m2/repository/org/apache/hadoop/hadoop-hdds-container-service/1.1.0-SNAPSHOT/hadoop-hdds-container-service-1.1.0-SNAPSHOT.jar!/webapps/hddsDatanode}
2020-12-17 02:13:10,970 [ForkJoinPool.commonPool-worker-1] INFO  server.AbstractConnector (AbstractConnector.java:doStop(381)) - Stopped ServerConnector@5344604d{HTTP/1.1, (http/1.1)}{0.0.0.0:0}
2020-12-17 02:13:10,970 [ForkJoinPool.commonPool-worker-1] INFO  server.session (HouseKeeper.java:stopScavenging(149)) - node0 Stopped scavenging
2020-12-17 02:13:10,971 [ForkJoinPool.commonPool-worker-1] INFO  handler.ContextHandler (ContextHandler.java:doStop(1154)) - Stopped o.e.j.s.ServletContextHandler@1970fca2{static,/static,jar:file:/home/user/.m2/repository/org/apache/hadoop/hadoop-hdds-container-service/1.1.0-SNAPSHOT/hadoop-hdds-container-service-1.1.0-SNAPSHOT.jar!/webapps/static,STOPPED}
2020-12-17 02:13:10,972 [ForkJoinPool.commonPool-worker-1] INFO  handler.ContextHandler (ContextHandler.java:doStop(1154)) - Stopped o.e.j.s.ServletContextHandler@67288f31{logs,/logs,file:///github/workspace/mnt/ozone/hadoop-ozone/integration-test/target/log,STOPPED}
2020-12-17 02:13:10,973 [Listener at 0.0.0.0/36891] INFO  ozone.MiniOzoneClusterImpl (MiniOzoneClusterImpl.java:stopSCM(477)) - Stopping the StorageContainerManager
2020-12-17 02:13:10,973 [Listener at 0.0.0.0/36891] INFO  server.StorageContainerManager (StorageContainerManager.java:stop(832)) - Stopping Replication Manager Service.
2020-12-17 02:13:10,973 [Listener at 0.0.0.0/36891] INFO  container.ReplicationManager (ReplicationManager.java:stop(227)) - Stopping Replication Monitor Thread.
2020-12-17 02:13:10,974 [Listener at 0.0.0.0/36891] INFO  server.StorageContainerManager (StorageContainerManager.java:stop(839)) - Stopping the Datanode Admin Monitor.
2020-12-17 02:13:10,974 [Listener at 0.0.0.0/36891] INFO  server.StorageContainerManager (StorageContainerManager.java:stop(846)) - Stopping Lease Manager of the command watchers
2020-12-17 02:13:10,974 [Listener at 0.0.0.0/36891] INFO  server.StorageContainerManager (StorageContainerManager.java:stop(853)) - Stopping datanode service RPC server
2020-12-17 02:13:10,974 [Listener at 0.0.0.0/36891] INFO  server.SCMDatanodeProtocolServer (SCMDatanodeProtocolServer.java:stop(369)) - Stopping the RPC server for DataNodes
2020-12-17 02:13:10,974 [Listener at 0.0.0.0/36891] INFO  ipc.Server (Server.java:stop(3359)) - Stopping server on 46749
2020-12-17 02:13:10,976 [IPC Server Responder] INFO  ipc.Server (Server.java:run(1465)) - Stopping IPC Server Responder
2020-12-17 02:13:10,976 [IPC Server listener on 46749] INFO  ipc.Server (Server.java:run(1330)) - Stopping IPC Server listener on 46749
2020-12-17 02:13:11,020 [SCM Heartbeat Processing Thread - 0] WARN  node.NodeStateManager (NodeStateManager.java:scheduleNextHealthCheck(688)) - Current Thread is interrupted, shutting down HB processing thread for Node Manager.
2020-12-17 02:13:11,020 [Listener at 0.0.0.0/36891] INFO  server.StorageContainerManager (StorageContainerManager.java:stop(861)) - Stopping block service RPC server
2020-12-17 02:13:11,021 [Listener at 0.0.0.0/36891] INFO  server.SCMBlockProtocolServer (SCMBlockProtocolServer.java:stop(159)) - Stopping the RPC server for Block Protocol
2020-12-17 02:13:11,021 [Listener at 0.0.0.0/36891] INFO  ipc.Server (Server.java:stop(3359)) - Stopping server on 45649
2020-12-17 02:13:11,022 [Listener at 0.0.0.0/36891] INFO  server.StorageContainerManager (StorageContainerManager.java:stop(868)) - Stopping the StorageContainerLocationProtocol RPC server
2020-12-17 02:13:11,022 [Listener at 0.0.0.0/36891] INFO  server.SCMClientProtocolServer (SCMClientProtocolServer.java:stop(168)) - Stopping the RPC server for Client Protocol
2020-12-17 02:13:11,022 [IPC Server listener on 45649] INFO  ipc.Server (Server.java:run(1330)) - Stopping IPC Server listener on 45649
2020-12-17 02:13:11,022 [IPC Server Responder] INFO  ipc.Server (Server.java:run(1465)) - Stopping IPC Server Responder
2020-12-17 02:13:11,022 [Listener at 0.0.0.0/36891] INFO  ipc.Server (Server.java:stop(3359)) - Stopping server on 36891
2020-12-17 02:13:11,026 [IPC Server listener on 36891] INFO  ipc.Server (Server.java:run(1330)) - Stopping IPC Server listener on 36891
2020-12-17 02:13:11,027 [IPC Server Responder] INFO  ipc.Server (Server.java:run(1465)) - Stopping IPC Server Responder
2020-12-17 02:13:11,027 [Listener at 0.0.0.0/36891] INFO  server.StorageContainerManager (StorageContainerManager.java:stop(875)) - Stopping Storage Container Manager HTTP server.
2020-12-17 02:13:11,027 [Listener at 0.0.0.0/36891] INFO  handler.ContextHandler (ContextHandler.java:doStop(1154)) - Stopped o.e.j.w.WebAppContext@751e632a{scm,/,null,STOPPED}{file:/github/workspace/mnt/ozone/hadoop-ozone/integration-test/target/test-classes/webapps/scm}
2020-12-17 02:13:11,028 [Listener at 0.0.0.0/36891] INFO  server.AbstractConnector (AbstractConnector.java:doStop(381)) - Stopped ServerConnector@543b0583{HTTP/1.1, (http/1.1)}{0.0.0.0:41397}
2020-12-17 02:13:11,028 [Listener at 0.0.0.0/36891] INFO  server.session (HouseKeeper.java:stopScavenging(149)) - node0 Stopped scavenging
2020-12-17 02:13:11,028 [Listener at 0.0.0.0/36891] INFO  handler.ContextHandler (ContextHandler.java:doStop(1154)) - Stopped o.e.j.s.ServletContextHandler@2a81809e{static,/static,file:///github/workspace/mnt/ozone/hadoop-ozone/integration-test/target/test-classes/webapps/static,STOPPED}
2020-12-17 02:13:11,028 [Listener at 0.0.0.0/36891] INFO  handler.ContextHandler (ContextHandler.java:doStop(1154)) - Stopped o.e.j.s.ServletContextHandler@33aa9e40{logs,/logs,file:///github/workspace/mnt/ozone/hadoop-ozone/integration-test/target/log,STOPPED}
2020-12-17 02:13:11,029 [Listener at 0.0.0.0/36891] INFO  server.StorageContainerManager (StorageContainerManager.java:stop(886)) - Stopping Block Manager Service.
2020-12-17 02:13:11,029 [Listener at 0.0.0.0/36891] INFO  utils.BackgroundService (BackgroundService.java:shutdown(132)) - Shutting down service SCMBlockDeletingService
2020-12-17 02:13:11,029 [Listener at 0.0.0.0/36891] INFO  utils.BackgroundService (BackgroundService.java:shutdown(132)) - Shutting down service SCMBlockDeletingService
2020-12-17 02:13:11,030 [Listener at 0.0.0.0/36891] INFO  server.StorageContainerManager (StorageContainerManager.java:stop(911)) - Stopping SCM Event Queue.
2020-12-17 02:13:11,032 [Listener at 0.0.0.0/36891] INFO  impl.MetricsSystemImpl (MetricsSystemImpl.java:stop(210)) - Stopping StorageContainerManager metrics system...
2020-12-17 02:13:11,034 [Listener at 0.0.0.0/36891] INFO  impl.MetricsSystemImpl (MetricsSystemImpl.java:stop(216)) - StorageContainerManager metrics system stopped.
]]></system-out>
  </testcase>
  <testcase name="testDecommissioningNodesCompleteDecommissionOnSCMRestart" classname="org.apache.hadoop.ozone.scm.node.TestDecommissionAndMaintenance" time="44.715"/>
</testsuite>