<?xml version="1.0" encoding="UTF-8"?>
<testsuite xmlns:xsi="http://www.w3.org/2001/XMLSchema-instance" xsi:noNamespaceSchemaLocation="https://maven.apache.org/surefire/maven-surefire-plugin/xsd/surefire-test-report-3.0.xsd" version="3.0" name="org.apache.hadoop.ozone.TestSecureOzoneCluster" time="167.814" tests="17" errors="1" skipped="1" failures="0">
  <properties>
    <property name="awt.toolkit" value="sun.awt.X11.XToolkit"/>
    <property name="file.encoding.pkg" value="sun.io"/>
    <property name="java.specification.version" value="1.8"/>
    <property name="sun.cpu.isalist" value=""/>
    <property name="sun.jnu.encoding" value="UTF-8"/>
    <property name="java.class.path" value="/home/runner/work/ozone/ozone/hadoop-ozone/integration-test/target/test-classes:/home/runner/work/ozone/ozone/hadoop-ozone/integration-test/target/classes:/home/runner/.m2/repository/org/apache/ozone/ozone-common/1.4.0-SNAPSHOT/ozone-common-1.4.0-SNAPSHOT.jar:/home/runner/.m2/repository/io/grpc/grpc-netty/1.51.1/grpc-netty-1.51.1.jar:/home/runner/.m2/repository/io/grpc/grpc-core/1.51.1/grpc-core-1.51.1.jar:/home/runner/.m2/repository/com/google/android/annotations/4.1.1.4/annotations-4.1.1.4.jar:/home/runner/.m2/repository/org/codehaus/mojo/animal-sniffer-annotations/1.21/animal-sniffer-annotations-1.21.jar:/home/runner/.m2/repository/com/google/errorprone/error_prone_annotations/2.2.0/error_prone_annotations-2.2.0.jar:/home/runner/.m2/repository/io/perfmark/perfmark-api/0.25.0/perfmark-api-0.25.0.jar:/home/runner/.m2/repository/io/netty/netty-codec-http2/4.1.86.Final/netty-codec-http2-4.1.86.Final.jar:/home/runner/.m2/repository/io/netty/netty-common/4.1.86.Final/netty-common-4.1.86.Final.jar:/home/runner/.m2/repository/io/netty/netty-buffer/4.1.86.Final/netty-buffer-4.1.86.Final.jar:/home/runner/.m2/repository/io/netty/netty-codec-http/4.1.86.Final/netty-codec-http-4.1.86.Final.jar:/home/runner/.m2/repository/io/netty/netty-handler-proxy/4.1.86.Final/netty-handler-proxy-4.1.86.Final.jar:/home/runner/.m2/repository/io/netty/netty-codec-socks/4.1.86.Final/netty-codec-socks-4.1.86.Final.jar:/home/runner/.m2/repository/io/netty/netty-tcnative-boringssl-static/2.0.54.Final/netty-tcnative-boringssl-static-2.0.54.Final.jar:/home/runner/.m2/repository/io/netty/netty-tcnative-classes/2.0.54.Final/netty-tcnative-classes-2.0.54.Final.jar:/home/runner/.m2/repository/io/netty/netty-tcnative-boringssl-static/2.0.54.Final/netty-tcnative-boringssl-static-2.0.54.Final-linux-x86_64.jar:/home/runner/.m2/repository/io/netty/netty-tcnative-boringssl-static/2.0.54.Final/netty-tcnative-boringssl-static-2.0.54.Final-linux-aarch_64.jar:/home/runner/.m2/repository/io/netty/netty-tcnative-boringssl-static/2.0.54.Final/netty-tcnative-boringssl-static-2.0.54.Final-osx-x86_64.jar:/home/runner/.m2/repository/io/netty/netty-tcnative-boringssl-static/2.0.54.Final/netty-tcnative-boringssl-static-2.0.54.Final-osx-aarch_64.jar:/home/runner/.m2/repository/io/netty/netty-tcnative-boringssl-static/2.0.54.Final/netty-tcnative-boringssl-static-2.0.54.Final-windows-x86_64.jar:/home/runner/.m2/repository/org/apache/commons/commons-compress/1.21/commons-compress-1.21.jar:/home/runner/.m2/repository/org/apache/ozone/hdds-common/1.4.0-SNAPSHOT/hdds-common-1.4.0-SNAPSHOT.jar:/home/runner/.m2/repository/org/apache/ozone/hdds-client/1.4.0-SNAPSHOT/hdds-client-1.4.0-SNAPSHOT.jar:/home/runner/.m2/repository/org/apache/ozone/ozone-interface-client/1.4.0-SNAPSHOT/ozone-interface-client-1.4.0-SNAPSHOT.jar:/home/runner/.m2/repository/org/apache/hadoop/hadoop-hdfs-client/3.3.5/hadoop-hdfs-client-3.3.5.jar:/home/runner/.m2/repository/com/squareup/okhttp3/okhttp/4.9.3/okhttp-4.9.3.jar:/home/runner/.m2/repository/com/squareup/okio/okio/2.8.0/okio-2.8.0.jar:/home/runner/.m2/repository/org/jetbrains/kotlin/kotlin-stdlib-common/1.6.21/kotlin-stdlib-common-1.6.21.jar:/home/runner/.m2/repository/org/apache/ozone/hdds-test-utils/1.4.0-SNAPSHOT/hdds-test-utils-1.4.0-SNAPSHOT.jar:/home/runner/.m2/repository/com/google/guava/guava/31.1-jre/guava-31.1-jre.jar:/home/runner/.m2/repository/com/google/guava/failureaccess/1.0.1/failureaccess-1.0.1.jar:/home/runner/.m2/repository/com/google/guava/listenablefuture/9999.0-empty-to-avoid-conflict-with-guava/listenablefuture-9999.0-empty-to-avoid-conflict-with-guava.jar:/home/runner/.m2/repository/com/google/code/findbugs/jsr305/3.0.0/jsr305-3.0.0.jar:/home/runner/.m2/repository/org/checkerframework/checker-qual/3.12.0/checker-qual-3.12.0.jar:/home/runner/.m2/repository/com/google/j2objc/j2objc-annotations/1.3/j2objc-annotations-1.3.jar:/home/runner/.m2/repository/commons-io/commons-io/2.11.0/commons-io-2.11.0.jar:/home/runner/.m2/repository/commons-logging/commons-logging/1.2/commons-logging-1.2.jar:/home/runner/.m2/repository/ch/qos/reload4j/reload4j/1.2.22/reload4j-1.2.22.jar:/home/runner/.m2/repository/org/slf4j/slf4j-api/1.7.36/slf4j-api-1.7.36.jar:/home/runner/.m2/repository/org/apache/ozone/hdds-server-scm/1.4.0-SNAPSHOT/hdds-server-scm-1.4.0-SNAPSHOT.jar:/home/runner/.m2/repository/org/apache/ozone/hdds-container-service/1.4.0-SNAPSHOT/hdds-container-service-1.4.0-SNAPSHOT.jar:/home/runner/.m2/repository/org/apache/ozone/hdds-hadoop-dependency-server/1.4.0-SNAPSHOT/hdds-hadoop-dependency-server-1.4.0-SNAPSHOT.jar:/home/runner/.m2/repository/org/apache/hadoop/hadoop-hdfs/3.3.5/hadoop-hdfs-3.3.5.jar:/home/runner/.m2/repository/commons-daemon/commons-daemon/1.0.13/commons-daemon-1.0.13.jar:/home/runner/.m2/repository/org/apache/ozone/hdds-server-framework/1.4.0-SNAPSHOT/hdds-server-framework-1.4.0-SNAPSHOT.jar:/home/runner/.m2/repository/io/dropwizard/metrics/metrics-core/3.2.4/metrics-core-3.2.4.jar:/home/runner/.m2/repository/org/apache/commons/commons-text/1.4/commons-text-1.4.jar:/home/runner/.m2/repository/org/bouncycastle/bcprov-jdk15on/1.67/bcprov-jdk15on-1.67.jar:/home/runner/.m2/repository/com/google/protobuf/protobuf-java/2.5.0/protobuf-java-2.5.0.jar:/home/runner/.m2/repository/org/apache/ozone/hdds-server-framework/1.4.0-SNAPSHOT/hdds-server-framework-1.4.0-SNAPSHOT-tests.jar:/home/runner/.m2/repository/org/apache/ozone/hdds-interface-server/1.4.0-SNAPSHOT/hdds-interface-server-1.4.0-SNAPSHOT.jar:/home/runner/.m2/repository/org/apache/ozone/hdds-interface-admin/1.4.0-SNAPSHOT/hdds-interface-admin-1.4.0-SNAPSHOT.jar:/home/runner/.m2/repository/org/apache/ozone/hdds-managed-rocksdb/1.4.0-SNAPSHOT/hdds-managed-rocksdb-1.4.0-SNAPSHOT.jar:/home/runner/.m2/repository/org/rocksdb/rocksdbjni/7.7.3/rocksdbjni-7.7.3.jar:/home/runner/.m2/repository/org/slf4j/slf4j-reload4j/1.7.36/slf4j-reload4j-1.7.36.jar:/home/runner/.m2/repository/org/apache/commons/commons-configuration2/2.1.1/commons-configuration2-2.1.1.jar:/home/runner/.m2/repository/org/apache/logging/log4j/log4j-core/2.17.1/log4j-core-2.17.1.jar:/home/runner/.m2/repository/com/lmax/disruptor/3.4.2/disruptor-3.4.2.jar:/home/runner/.m2/repository/org/eclipse/jetty/jetty-util/9.4.51.v20230217/jetty-util-9.4.51.v20230217.jar:/home/runner/.m2/repository/org/eclipse/jetty/jetty-server/9.4.51.v20230217/jetty-server-9.4.51.v20230217.jar:/home/runner/.m2/repository/org/eclipse/jetty/jetty-http/9.4.51.v20230217/jetty-http-9.4.51.v20230217.jar:/home/runner/.m2/repository/org/eclipse/jetty/jetty-io/9.4.51.v20230217/jetty-io-9.4.51.v20230217.jar:/home/runner/.m2/repository/org/eclipse/jetty/jetty-servlet/9.4.51.v20230217/jetty-servlet-9.4.51.v20230217.jar:/home/runner/.m2/repository/org/eclipse/jetty/jetty-security/9.4.51.v20230217/jetty-security-9.4.51.v20230217.jar:/home/runner/.m2/repository/org/eclipse/jetty/jetty-util-ajax/9.4.51.v20230217/jetty-util-ajax-9.4.51.v20230217.jar:/home/runner/.m2/repository/org/eclipse/jetty/jetty-webapp/9.4.51.v20230217/jetty-webapp-9.4.51.v20230217.jar:/home/runner/.m2/repository/org/eclipse/jetty/jetty-xml/9.4.51.v20230217/jetty-xml-9.4.51.v20230217.jar:/home/runner/.m2/repository/org/apache/ratis/ratis-server/2.5.1/ratis-server-2.5.1.jar:/home/runner/.m2/repository/org/apache/ratis/ratis-thirdparty-misc/1.0.4/ratis-thirdparty-misc-1.0.4.jar:/home/runner/.m2/repository/org/apache/ratis/ratis-proto/2.5.1/ratis-proto-2.5.1.jar:/home/runner/.m2/repository/org/apache/ratis/ratis-common/2.5.1/ratis-common-2.5.1.jar:/home/runner/.m2/repository/org/apache/ratis/ratis-client/2.5.1/ratis-client-2.5.1.jar:/home/runner/.m2/repository/org/apache/ratis/ratis-server-api/2.5.1/ratis-server-api-2.5.1.jar:/home/runner/.m2/repository/org/apache/ratis/ratis-metrics/2.5.1/ratis-metrics-2.5.1.jar:/home/runner/.m2/repository/io/prometheus/simpleclient_dropwizard/0.7.0/simpleclient_dropwizard-0.7.0.jar:/home/runner/.m2/repository/io/prometheus/simpleclient/0.7.0/simpleclient-0.7.0.jar:/home/runner/.m2/repository/io/prometheus/simpleclient_common/0.7.0/simpleclient_common-0.7.0.jar:/home/runner/.m2/repository/com/fasterxml/jackson/datatype/jackson-datatype-jsr310/2.13.4/jackson-datatype-jsr310-2.13.4.jar:/home/runner/.m2/repository/com/fasterxml/jackson/core/jackson-core/2.13.4/jackson-core-2.13.4.jar:/home/runner/.m2/repository/com/github/spotbugs/spotbugs-annotations/3.1.12/spotbugs-annotations-3.1.12.jar:/home/runner/.m2/repository/org/apache/ozone/rocksdb-checkpoint-differ/1.4.0-SNAPSHOT/rocksdb-checkpoint-differ-1.4.0-SNAPSHOT.jar:/home/runner/.m2/repository/org/awaitility/awaitility/4.2.0/awaitility-4.2.0.jar:/home/runner/.m2/repository/org/hamcrest/hamcrest/2.1/hamcrest-2.1.jar:/home/runner/.m2/repository/org/apache/ozone/ozone-manager/1.4.0-SNAPSHOT/ozone-manager-1.4.0-SNAPSHOT.jar:/home/runner/.m2/repository/org/aspectj/aspectjrt/1.9.7/aspectjrt-1.9.7.jar:/home/runner/.m2/repository/org/aspectj/aspectjweaver/1.9.7/aspectjweaver-1.9.7.jar:/home/runner/.m2/repository/org/apache/ozone/hdds-interface-client/1.4.0-SNAPSHOT/hdds-interface-client-1.4.0-SNAPSHOT.jar:/home/runner/.m2/repository/org/apache/hadoop/thirdparty/hadoop-shaded-protobuf_3_7/1.1.1/hadoop-shaded-protobuf_3_7-1.1.1.jar:/home/runner/.m2/repository/org/apache/ozone/ozone-interface-storage/1.4.0-SNAPSHOT/ozone-interface-storage-1.4.0-SNAPSHOT.jar:/home/runner/.m2/repository/org/reflections/reflections/0.9.11/reflections-0.9.11.jar:/home/runner/.m2/repository/com/sun/jersey/jersey-client/1.19/jersey-client-1.19.jar:/home/runner/.m2/repository/org/codehaus/jackson/jackson-core-asl/1.9.13/jackson-core-asl-1.9.13.jar:/home/runner/.m2/repository/org/codehaus/jackson/jackson-mapper-asl/1.9.13/jackson-mapper-asl-1.9.13.jar:/home/runner/.m2/repository/org/codehaus/jackson/jackson-jaxrs/1.9.13/jackson-jaxrs-1.9.13.jar:/home/runner/.m2/repository/org/apache/ranger/ranger-intg/2.3.0/ranger-intg-2.3.0.jar:/home/runner/.m2/repository/org/apache/ranger/ranger-plugins-common/2.3.0/ranger-plugins-common-2.3.0.jar:/home/runner/.m2/repository/commons-lang/commons-lang/2.6/commons-lang-2.6.jar:/home/runner/.m2/repository/org/apache/ranger/ranger-plugins-cred/2.3.0/ranger-plugins-cred-2.3.0.jar:/home/runner/.m2/repository/org/apache/ranger/ranger-plugins-audit/2.3.0/ranger-plugins-audit-2.3.0.jar:/home/runner/.m2/repository/org/eclipse/jetty/jetty-client/9.4.51.v20230217/jetty-client-9.4.51.v20230217.jar:/home/runner/.m2/repository/org/apache/httpcomponents/httpmime/4.5.6/httpmime-4.5.6.jar:/home/runner/.m2/repository/org/apache/httpcomponents/httpcore-nio/4.4.13/httpcore-nio-4.4.13.jar:/home/runner/.m2/repository/org/apache/httpcomponents/httpasyncclient/4.1.3/httpasyncclient-4.1.3.jar:/home/runner/.m2/repository/com/carrotsearch/hppc/0.8.0/hppc-0.8.0.jar:/home/runner/.m2/repository/org/apache/orc/orc-core/1.5.8/orc-core-1.5.8.jar:/home/runner/.m2/repository/net/java/dev/jna/jna/5.2.0/jna-5.2.0.jar:/home/runner/.m2/repository/net/java/dev/jna/jna-platform/5.2.0/jna-platform-5.2.0.jar:/home/runner/.m2/repository/com/kstruct/gethostname4j/0.0.2/gethostname4j-0.0.2.jar:/home/runner/.m2/repository/org/apache/ranger/ranger-plugin-classloader/2.3.0/ranger-plugin-classloader-2.3.0.jar:/home/runner/.m2/repository/org/apache/ozone/hdds-rocks-native/1.4.0-SNAPSHOT/hdds-rocks-native-1.4.0-SNAPSHOT.jar:/home/runner/.m2/repository/org/apache/hadoop/hadoop-minikdc/3.3.5/hadoop-minikdc-3.3.5.jar:/home/runner/.m2/repository/org/apache/kerby/kerb-simplekdc/1.0.1/kerb-simplekdc-1.0.1.jar:/home/runner/.m2/repository/org/apache/kerby/kerb-client/1.0.1/kerb-client-1.0.1.jar:/home/runner/.m2/repository/org/apache/kerby/kerby-config/1.0.1/kerby-config-1.0.1.jar:/home/runner/.m2/repository/org/apache/kerby/kerb-common/1.0.1/kerb-common-1.0.1.jar:/home/runner/.m2/repository/org/apache/kerby/kerb-crypto/1.0.1/kerb-crypto-1.0.1.jar:/home/runner/.m2/repository/org/apache/kerby/kerb-util/1.0.1/kerb-util-1.0.1.jar:/home/runner/.m2/repository/org/apache/kerby/token-provider/1.0.1/token-provider-1.0.1.jar:/home/runner/.m2/repository/org/apache/kerby/kerb-admin/1.0.1/kerb-admin-1.0.1.jar:/home/runner/.m2/repository/org/apache/kerby/kerb-server/1.0.1/kerb-server-1.0.1.jar:/home/runner/.m2/repository/org/apache/kerby/kerb-identity/1.0.1/kerb-identity-1.0.1.jar:/home/runner/.m2/repository/org/apache/kerby/kerby-xdr/1.0.1/kerby-xdr-1.0.1.jar:/home/runner/.m2/repository/org/apache/ozone/ozone-s3gateway/1.4.0-SNAPSHOT/ozone-s3gateway-1.4.0-SNAPSHOT.jar:/home/runner/.m2/repository/org/javassist/javassist/3.21.0-GA/javassist-3.21.0-GA.jar:/home/runner/.m2/repository/org/jboss/weld/servlet/weld-servlet-shaded/3.1.9.Final/weld-servlet-shaded-3.1.9.Final.jar:/home/runner/.m2/repository/org/glassfish/jersey/containers/jersey-container-servlet-core/2.34/jersey-container-servlet-core-2.34.jar:/home/runner/.m2/repository/org/glassfish/hk2/external/jakarta.inject/2.6.1/jakarta.inject-2.6.1.jar:/home/runner/.m2/repository/org/glassfish/jersey/core/jersey-common/2.34/jersey-common-2.34.jar:/home/runner/.m2/repository/jakarta/ws/rs/jakarta.ws.rs-api/2.1.6/jakarta.ws.rs-api-2.1.6.jar:/home/runner/.m2/repository/org/glassfish/jersey/ext/cdi/jersey-cdi1x/2.34/jersey-cdi1x-2.34.jar:/home/runner/.m2/repository/org/glassfish/jersey/inject/jersey-hk2/2.34/jersey-hk2-2.34.jar:/home/runner/.m2/repository/org/glassfish/hk2/hk2-locator/2.6.1/hk2-locator-2.6.1.jar:/home/runner/.m2/repository/org/glassfish/jersey/media/jersey-media-jaxb/2.34/jersey-media-jaxb-2.34.jar:/home/runner/.m2/repository/org/glassfish/hk2/osgi-resource-locator/1.0.3/osgi-resource-locator-1.0.3.jar:/home/runner/.m2/repository/org/glassfish/hk2/hk2-api/2.5.0/hk2-api-2.5.0.jar:/home/runner/.m2/repository/org/glassfish/hk2/hk2-utils/2.5.0/hk2-utils-2.5.0.jar:/home/runner/.m2/repository/org/glassfish/hk2/external/aopalliance-repackaged/2.5.0/aopalliance-repackaged-2.5.0.jar:/home/runner/.m2/repository/com/fasterxml/jackson/dataformat/jackson-dataformat-xml/2.13.4/jackson-dataformat-xml-2.13.4.jar:/home/runner/.m2/repository/org/codehaus/woodstox/stax2-api/4.2.1/stax2-api-4.2.1.jar:/home/runner/.m2/repository/com/fasterxml/woodstox/woodstox-core/5.4.0/woodstox-core-5.4.0.jar:/home/runner/.m2/repository/com/fasterxml/jackson/module/jackson-module-jaxb-annotations/2.13.4/jackson-module-jaxb-annotations-2.13.4.jar:/home/runner/.m2/repository/jakarta/xml/bind/jakarta.xml.bind-api/2.3.3/jakarta.xml.bind-api-2.3.3.jar:/home/runner/.m2/repository/jakarta/activation/jakarta.activation-api/1.2.2/jakarta.activation-api-1.2.2.jar:/home/runner/.m2/repository/javax/enterprise/cdi-api/2.0/cdi-api-2.0.jar:/home/runner/.m2/repository/javax/el/javax.el-api/3.0.0/javax.el-api-3.0.0.jar:/home/runner/.m2/repository/javax/interceptor/javax.interceptor-api/1.2/javax.interceptor-api-1.2.jar:/home/runner/.m2/repository/javax/inject/javax.inject/1/javax.inject-1.jar:/home/runner/.m2/repository/javax/xml/bind/jaxb-api/2.3.0/jaxb-api-2.3.0.jar:/home/runner/.m2/repository/org/glassfish/jaxb/jaxb-runtime/2.3.0.1/jaxb-runtime-2.3.0.1.jar:/home/runner/.m2/repository/org/glassfish/jaxb/jaxb-core/2.3.0.1/jaxb-core-2.3.0.1.jar:/home/runner/.m2/repository/org/glassfish/jaxb/txw2/2.3.0.1/txw2-2.3.0.1.jar:/home/runner/.m2/repository/com/sun/istack/istack-commons-runtime/3.0.5/istack-commons-runtime-3.0.5.jar:/home/runner/.m2/repository/org/jvnet/staxex/stax-ex/1.7.8/stax-ex-1.7.8.jar:/home/runner/.m2/repository/com/sun/xml/fastinfoset/FastInfoset/1.2.13/FastInfoset-1.2.13.jar:/home/runner/.m2/repository/javax/activation/activation/1.1.1/activation-1.1.1.jar:/home/runner/.m2/repository/io/grpc/grpc-protobuf/1.51.1/grpc-protobuf-1.51.1.jar:/home/runner/.m2/repository/com/google/api/grpc/proto-google-common-protos/2.9.0/proto-google-common-protos-2.9.0.jar:/home/runner/.m2/repository/io/grpc/grpc-protobuf-lite/1.51.1/grpc-protobuf-lite-1.51.1.jar:/home/runner/.m2/repository/io/grpc/grpc-stub/1.51.1/grpc-stub-1.51.1.jar:/home/runner/.m2/repository/io/netty/netty-transport/4.1.86.Final/netty-transport-4.1.86.Final.jar:/home/runner/.m2/repository/io/netty/netty-resolver/4.1.86.Final/netty-resolver-4.1.86.Final.jar:/home/runner/.m2/repository/org/apache/ozone/ozone-csi/1.4.0-SNAPSHOT/ozone-csi-1.4.0-SNAPSHOT.jar:/home/runner/.m2/repository/com/google/protobuf/protobuf-java-util/3.19.6/protobuf-java-util-3.19.6.jar:/home/runner/.m2/repository/com/google/code/gson/gson/2.9.0/gson-2.9.0.jar:/home/runner/.m2/repository/org/apache/ozone/hdds-config/1.4.0-SNAPSHOT/hdds-config-1.4.0-SNAPSHOT.jar:/home/runner/.m2/repository/io/netty/netty-transport-native-epoll/4.1.86.Final/netty-transport-native-epoll-4.1.86.Final-linux-x86_64.jar:/home/runner/.m2/repository/io/netty/netty-transport-classes-epoll/4.1.86.Final/netty-transport-classes-epoll-4.1.86.Final.jar:/home/runner/.m2/repository/io/netty/netty-transport-native-unix-common/4.1.86.Final/netty-transport-native-unix-common-4.1.86.Final.jar:/home/runner/.m2/repository/org/apache/ozone/ozone-recon/1.4.0-SNAPSHOT/ozone-recon-1.4.0-SNAPSHOT.jar:/home/runner/.m2/repository/org/apache/ozone/ozone-reconcodegen/1.4.0-SNAPSHOT/ozone-reconcodegen-1.4.0-SNAPSHOT.jar:/home/runner/.m2/repository/com/google/inject/guice/5.1.0/guice-5.1.0.jar:/home/runner/.m2/repository/aopalliance/aopalliance/1.0/aopalliance-1.0.jar:/home/runner/.m2/repository/com/google/inject/extensions/guice-assistedinject/5.1.0/guice-assistedinject-5.1.0.jar:/home/runner/.m2/repository/com/google/inject/extensions/guice-servlet/5.1.0/guice-servlet-5.1.0.jar:/home/runner/.m2/repository/org/glassfish/jersey/containers/jersey-container-servlet/2.34/jersey-container-servlet-2.34.jar:/home/runner/.m2/repository/org/glassfish/hk2/guice-bridge/2.5.0/guice-bridge-2.5.0.jar:/home/runner/.m2/repository/org/glassfish/jersey/core/jersey-server/2.34/jersey-server-2.34.jar:/home/runner/.m2/repository/org/glassfish/jersey/core/jersey-client/2.34/jersey-client-2.34.jar:/home/runner/.m2/repository/jakarta/annotation/jakarta.annotation-api/1.3.5/jakarta.annotation-api-1.3.5.jar:/home/runner/.m2/repository/jakarta/validation/jakarta.validation-api/2.0.2/jakarta.validation-api-2.0.2.jar:/home/runner/.m2/repository/org/glassfish/jersey/media/jersey-media-json-jackson/2.34/jersey-media-json-jackson-2.34.jar:/home/runner/.m2/repository/org/glassfish/jersey/ext/jersey-entity-filtering/2.34/jersey-entity-filtering-2.34.jar:/home/runner/.m2/repository/org/jooq/jooq/3.11.10/jooq-3.11.10.jar:/home/runner/.m2/repository/org/jooq/jooq-meta/3.11.10/jooq-meta-3.11.10.jar:/home/runner/.m2/repository/org/jooq/jooq-codegen/3.11.10/jooq-codegen-3.11.10.jar:/home/runner/.m2/repository/com/jolbox/bonecp/0.8.0.RELEASE/bonecp-0.8.0.RELEASE.jar:/home/runner/.m2/repository/org/apache/derby/derby/10.14.2.0/derby-10.14.2.0.jar:/home/runner/.m2/repository/org/xerial/sqlite-jdbc/3.41.2.2/sqlite-jdbc-3.41.2.2.jar:/home/runner/.m2/repository/org/springframework/spring-jdbc/5.3.27/spring-jdbc-5.3.27.jar:/home/runner/.m2/repository/org/springframework/spring-beans/5.3.27/spring-beans-5.3.27.jar:/home/runner/.m2/repository/org/springframework/spring-core/5.3.27/spring-core-5.3.27.jar:/home/runner/.m2/repository/org/springframework/spring-tx/5.3.27/spring-tx-5.3.27.jar:/home/runner/.m2/repository/org/apache/ozone/ozone-client/1.4.0-SNAPSHOT/ozone-client-1.4.0-SNAPSHOT.jar:/home/runner/.m2/repository/org/apache/ozone/hdds-erasurecode/1.4.0-SNAPSHOT/hdds-erasurecode-1.4.0-SNAPSHOT.jar:/home/runner/.m2/repository/org/apache/ozone/ozone-filesystem/1.4.0-SNAPSHOT/ozone-filesystem-1.4.0-SNAPSHOT.jar:/home/runner/.m2/repository/org/apache/ozone/ozone-filesystem-common/1.4.0-SNAPSHOT/ozone-filesystem-common-1.4.0-SNAPSHOT.jar:/home/runner/.m2/repository/org/apache/ozone/ozone-tools/1.4.0-SNAPSHOT/ozone-tools-1.4.0-SNAPSHOT.jar:/home/runner/.m2/repository/com/amazonaws/aws-java-sdk-core/1.12.261/aws-java-sdk-core-1.12.261.jar:/home/runner/.m2/repository/org/apache/httpcomponents/httpclient/4.5.13/httpclient-4.5.13.jar:/home/runner/.m2/repository/org/apache/httpcomponents/httpcore/4.4.13/httpcore-4.4.13.jar:/home/runner/.m2/repository/software/amazon/ion/ion-java/1.0.2/ion-java-1.0.2.jar:/home/runner/.m2/repository/com/fasterxml/jackson/dataformat/jackson-dataformat-cbor/2.13.4/jackson-dataformat-cbor-2.13.4.jar:/home/runner/.m2/repository/joda-time/joda-time/2.10.6/joda-time-2.10.6.jar:/home/runner/.m2/repository/com/amazonaws/aws-java-sdk-s3/1.12.261/aws-java-sdk-s3-1.12.261.jar:/home/runner/.m2/repository/com/amazonaws/aws-java-sdk-kms/1.12.261/aws-java-sdk-kms-1.12.261.jar:/home/runner/.m2/repository/com/amazonaws/jmespath-java/1.12.261/jmespath-java-1.12.261.jar:/home/runner/.m2/repository/org/kohsuke/metainf-services/metainf-services/1.8/metainf-services-1.8.jar:/home/runner/.m2/repository/org/apache/ozone/hdds-tools/1.4.0-SNAPSHOT/hdds-tools-1.4.0-SNAPSHOT.jar:/home/runner/.m2/repository/org/apache/ratis/ratis-tools/2.5.1/ratis-tools-2.5.1.jar:/home/runner/.m2/repository/commons-cli/commons-cli/1.2/commons-cli-1.2.jar:/home/runner/.m2/repository/org/apache/commons/commons-lang3/3.7/commons-lang3-3.7.jar:/home/runner/.m2/repository/org/apache/ozone/ozone-manager/1.4.0-SNAPSHOT/ozone-manager-1.4.0-SNAPSHOT-tests.jar:/home/runner/.m2/repository/org/apache/ozone/hdds-common/1.4.0-SNAPSHOT/hdds-common-1.4.0-SNAPSHOT-tests.jar:/home/runner/.m2/repository/org/apache/ozone/hdds-hadoop-dependency-client/1.4.0-SNAPSHOT/hdds-hadoop-dependency-client-1.4.0-SNAPSHOT.jar:/home/runner/.m2/repository/info/picocli/picocli/4.6.1/picocli-4.6.1.jar:/home/runner/.m2/repository/com/fasterxml/jackson/core/jackson-annotations/2.13.4/jackson-annotations-2.13.4.jar:/home/runner/.m2/repository/org/apache/ozone/hdds-annotation-processing/1.4.0-SNAPSHOT/hdds-annotation-processing-1.4.0-SNAPSHOT.jar:/home/runner/.m2/repository/javax/annotation/javax.annotation-api/1.2/javax.annotation-api-1.2.jar:/home/runner/.m2/repository/org/apache/ratis/ratis-netty/2.5.1/ratis-netty-2.5.1.jar:/home/runner/.m2/repository/org/apache/ratis/ratis-grpc/2.5.1/ratis-grpc-2.5.1.jar:/home/runner/.m2/repository/org/apache/logging/log4j/log4j-api/2.17.1/log4j-api-2.17.1.jar:/home/runner/.m2/repository/org/apache/commons/commons-pool2/2.6.0/commons-pool2-2.6.0.jar:/home/runner/.m2/repository/org/bouncycastle/bcpkix-jdk15on/1.67/bcpkix-jdk15on-1.67.jar:/home/runner/.m2/repository/commons-validator/commons-validator/1.6/commons-validator-1.6.jar:/home/runner/.m2/repository/commons-beanutils/commons-beanutils/1.9.4/commons-beanutils-1.9.4.jar:/home/runner/.m2/repository/commons-digester/commons-digester/1.8.1/commons-digester-1.8.1.jar:/home/runner/.m2/repository/commons-collections/commons-collections/3.2.2/commons-collections-3.2.2.jar:/home/runner/.m2/repository/io/jaegertracing/jaeger-client/1.6.0/jaeger-client-1.6.0.jar:/home/runner/.m2/repository/io/jaegertracing/jaeger-thrift/1.6.0/jaeger-thrift-1.6.0.jar:/home/runner/.m2/repository/org/apache/thrift/libthrift/0.14.1/libthrift-0.14.1.jar:/home/runner/.m2/repository/io/jaegertracing/jaeger-core/1.6.0/jaeger-core-1.6.0.jar:/home/runner/.m2/repository/io/jaegertracing/jaeger-tracerresolver/1.6.0/jaeger-tracerresolver-1.6.0.jar:/home/runner/.m2/repository/io/opentracing/contrib/opentracing-tracerresolver/0.1.8/opentracing-tracerresolver-0.1.8.jar:/home/runner/.m2/repository/org/jetbrains/kotlin/kotlin-stdlib/1.6.21/kotlin-stdlib-1.6.21.jar:/home/runner/.m2/repository/org/jetbrains/annotations/13.0/annotations-13.0.jar:/home/runner/.m2/repository/io/opentracing/opentracing-util/0.33.0/opentracing-util-0.33.0.jar:/home/runner/.m2/repository/io/opentracing/opentracing-api/0.33.0/opentracing-api-0.33.0.jar:/home/runner/.m2/repository/io/opentracing/opentracing-noop/0.33.0/opentracing-noop-0.33.0.jar:/home/runner/.m2/repository/org/yaml/snakeyaml/2.0/snakeyaml-2.0.jar:/home/runner/.m2/repository/io/grpc/grpc-api/1.51.1/grpc-api-1.51.1.jar:/home/runner/.m2/repository/io/grpc/grpc-context/1.51.1/grpc-context-1.51.1.jar:/home/runner/.m2/repository/junit/junit/4.13.1/junit-4.13.1.jar:/home/runner/.m2/repository/org/hamcrest/hamcrest-core/1.3/hamcrest-core-1.3.jar:/home/runner/.m2/repository/org/junit/jupiter/junit-jupiter-api/5.8.2/junit-jupiter-api-5.8.2.jar:/home/runner/.m2/repository/org/opentest4j/opentest4j/1.2.0/opentest4j-1.2.0.jar:/home/runner/.m2/repository/org/junit/platform/junit-platform-commons/1.8.2/junit-platform-commons-1.8.2.jar:/home/runner/.m2/repository/org/apiguardian/apiguardian-api/1.1.2/apiguardian-api-1.1.2.jar:/home/runner/.m2/repository/org/junit/jupiter/junit-jupiter-params/5.8.2/junit-jupiter-params-5.8.2.jar:/home/runner/.m2/repository/org/junit/jupiter/junit-jupiter-migrationsupport/5.8.2/junit-jupiter-migrationsupport-5.8.2.jar:/home/runner/.m2/repository/org/junit/jupiter/junit-jupiter-engine/5.8.2/junit-jupiter-engine-5.8.2.jar:/home/runner/.m2/repository/org/junit/platform/junit-platform-engine/1.8.2/junit-platform-engine-1.8.2.jar:/home/runner/.m2/repository/org/junit/vintage/junit-vintage-engine/5.8.2/junit-vintage-engine-5.8.2.jar:/home/runner/.m2/repository/org/junit/platform/junit-platform-launcher/1.8.2/junit-platform-launcher-1.8.2.jar:/home/runner/.m2/repository/org/mockito/mockito-core/2.28.2/mockito-core-2.28.2.jar:/home/runner/.m2/repository/net/bytebuddy/byte-buddy/1.9.10/byte-buddy-1.9.10.jar:/home/runner/.m2/repository/net/bytebuddy/byte-buddy-agent/1.9.10/byte-buddy-agent-1.9.10.jar:/home/runner/.m2/repository/org/objenesis/objenesis/1.0/objenesis-1.0.jar:/home/runner/.m2/repository/org/apache/hadoop/hadoop-kms/3.3.5/hadoop-kms-3.3.5.jar:/home/runner/.m2/repository/org/apache/hadoop/hadoop-auth/3.3.5/hadoop-auth-3.3.5.jar:/home/runner/.m2/repository/com/nimbusds/nimbus-jose-jwt/9.8.1/nimbus-jose-jwt-9.8.1.jar:/home/runner/.m2/repository/com/github/stephenc/jcip/jcip-annotations/1.0-1/jcip-annotations-1.0-1.jar:/home/runner/.m2/repository/net/minidev/json-smart/2.4.7/json-smart-2.4.7.jar:/home/runner/.m2/repository/net/minidev/accessors-smart/2.4.7/accessors-smart-2.4.7.jar:/home/runner/.m2/repository/org/ow2/asm/asm/5.0.4/asm-5.0.4.jar:/home/runner/.m2/repository/org/apache/zookeeper/zookeeper/3.5.6/zookeeper-3.5.6.jar:/home/runner/.m2/repository/org/apache/zookeeper/zookeeper-jute/3.5.6/zookeeper-jute-3.5.6.jar:/home/runner/.m2/repository/org/apache/yetus/audience-annotations/0.5.0/audience-annotations-0.5.0.jar:/home/runner/.m2/repository/org/apache/curator/curator-framework/4.2.0/curator-framework-4.2.0.jar:/home/runner/.m2/repository/org/apache/hadoop/thirdparty/hadoop-shaded-guava/1.1.1/hadoop-shaded-guava-1.1.1.jar:/home/runner/.m2/repository/com/sun/jersey/jersey-core/1.19/jersey-core-1.19.jar:/home/runner/.m2/repository/javax/ws/rs/jsr311-api/1.1.1/jsr311-api-1.1.1.jar:/home/runner/.m2/repository/com/sun/jersey/jersey-server/1.19/jersey-server-1.19.jar:/home/runner/.m2/repository/javax/servlet/javax.servlet-api/3.1.0/javax.servlet-api-3.1.0.jar:/home/runner/.m2/repository/org/apache/hadoop/hadoop-common/3.3.5/hadoop-common-3.3.5.jar:/home/runner/.m2/repository/org/apache/commons/commons-math3/3.1.1/commons-math3-3.1.1.jar:/home/runner/.m2/repository/commons-net/commons-net/3.9.0/commons-net-3.9.0.jar:/home/runner/.m2/repository/com/sun/jersey/jersey-servlet/1.19/jersey-servlet-1.19.jar:/home/runner/.m2/repository/com/github/pjfanning/jersey-json/1.20/jersey-json-1.20.jar:/home/runner/.m2/repository/org/codehaus/jettison/jettison/1.1/jettison-1.1.jar:/home/runner/.m2/repository/com/sun/xml/bind/jaxb-impl/2.2.3-1/jaxb-impl-2.2.3-1.jar:/home/runner/.m2/repository/com/google/re2j/re2j/1.1/re2j-1.1.jar:/home/runner/.m2/repository/com/jcraft/jsch/0.1.54/jsch-0.1.54.jar:/home/runner/.m2/repository/org/apache/curator/curator-client/4.2.0/curator-client-4.2.0.jar:/home/runner/.m2/repository/org/apache/curator/curator-recipes/4.2.0/curator-recipes-4.2.0.jar:/home/runner/.m2/repository/org/apache/kerby/kerb-core/1.0.1/kerb-core-1.0.1.jar:/home/runner/.m2/repository/org/apache/kerby/kerby-pkix/1.0.1/kerby-pkix-1.0.1.jar:/home/runner/.m2/repository/org/apache/kerby/kerby-asn1/1.0.1/kerby-asn1-1.0.1.jar:/home/runner/.m2/repository/org/apache/kerby/kerby-util/1.0.1/kerby-util-1.0.1.jar:/home/runner/.m2/repository/dnsjava/dnsjava/2.1.7/dnsjava-2.1.7.jar:/home/runner/.m2/repository/org/xerial/snappy/snappy-java/1.1.8.2/snappy-java-1.1.8.2.jar:/home/runner/.m2/repository/com/fasterxml/jackson/core/jackson-databind/2.13.4.2/jackson-databind-2.13.4.2.jar:/home/runner/.m2/repository/org/apache/hadoop/hadoop-kms/3.3.5/hadoop-kms-3.3.5-tests.jar:/home/runner/.m2/repository/org/apache/ozone/hdds-server-scm/1.4.0-SNAPSHOT/hdds-server-scm-1.4.0-SNAPSHOT-tests.jar:/home/runner/.m2/repository/org/apache/ozone/hdds-container-service/1.4.0-SNAPSHOT/hdds-container-service-1.4.0-SNAPSHOT-tests.jar:/home/runner/.m2/repository/com/github/luben/zstd-jni/1.5.2-5/zstd-jni-1.5.2-5.jar:/home/runner/.m2/repository/commons-codec/commons-codec/1.15/commons-codec-1.15.jar:/home/runner/.m2/repository/io/netty/netty-codec/4.1.86.Final/netty-codec-4.1.86.Final.jar:/home/runner/.m2/repository/io/netty/netty-handler/4.1.86.Final/netty-handler-4.1.86.Final.jar:/home/runner/.m2/repository/org/apache/ozone/hdds-hadoop-dependency-test/1.4.0-SNAPSHOT/hdds-hadoop-dependency-test-1.4.0-SNAPSHOT.jar:/home/runner/.m2/repository/org/apache/hadoop/hadoop-common/3.3.5/hadoop-common-3.3.5-tests.jar:/home/runner/.m2/repository/org/apache/hadoop/hadoop-hdfs/3.3.5/hadoop-hdfs-3.3.5-tests.jar:/home/runner/.m2/repository/org/assertj/assertj-core/3.12.2/assertj-core-3.12.2.jar:/home/runner/.m2/repository/org/apache/hadoop/hadoop-distcp/3.3.5/hadoop-distcp-3.3.5.jar:/home/runner/.m2/repository/org/apache/hadoop/hadoop-mapreduce-client-jobclient/3.3.5/hadoop-mapreduce-client-jobclient-3.3.5.jar:/home/runner/.m2/repository/org/apache/hadoop/hadoop-mapreduce-client-common/3.3.5/hadoop-mapreduce-client-common-3.3.5.jar:/home/runner/.m2/repository/org/apache/hadoop/hadoop-yarn-common/3.3.5/hadoop-yarn-common-3.3.5.jar:/home/runner/.m2/repository/org/apache/hadoop/hadoop-yarn-api/3.3.5/hadoop-yarn-api-3.3.5.jar:/home/runner/.m2/repository/com/sun/jersey/contribs/jersey-guice/1.19/jersey-guice-1.19.jar:/home/runner/.m2/repository/com/fasterxml/jackson/jaxrs/jackson-jaxrs-json-provider/2.13.4/jackson-jaxrs-json-provider-2.13.4.jar:/home/runner/.m2/repository/com/fasterxml/jackson/jaxrs/jackson-jaxrs-base/2.13.4/jackson-jaxrs-base-2.13.4.jar:/home/runner/.m2/repository/org/apache/hadoop/hadoop-yarn-client/3.3.5/hadoop-yarn-client-3.3.5.jar:/home/runner/.m2/repository/org/eclipse/jetty/websocket/websocket-client/9.4.48.v20220622/websocket-client-9.4.48.v20220622.jar:/home/runner/.m2/repository/org/eclipse/jetty/websocket/websocket-common/9.4.48.v20220622/websocket-common-9.4.48.v20220622.jar:/home/runner/.m2/repository/org/eclipse/jetty/websocket/websocket-api/9.4.48.v20220622/websocket-api-9.4.48.v20220622.jar:/home/runner/.m2/repository/org/jline/jline/3.9.0/jline-3.9.0.jar:/home/runner/.m2/repository/org/apache/hadoop/hadoop-mapreduce-client-core/3.3.5/hadoop-mapreduce-client-core-3.3.5.jar:/home/runner/.m2/repository/org/apache/avro/avro/1.7.7/avro-1.7.7.jar:/home/runner/.m2/repository/com/thoughtworks/paranamer/paranamer/2.3/paranamer-2.3.jar:/home/runner/.m2/repository/org/apache/hadoop/hadoop-annotations/3.3.5/hadoop-annotations-3.3.5.jar:/usr/lib/jvm/temurin-8-jdk-amd64/jre/../lib/tools.jar:/home/runner/.m2/repository/io/netty/netty/3.10.6.Final/netty-3.10.6.Final.jar:/home/runner/.m2/repository/org/apache/hadoop/hadoop-distcp/3.3.5/hadoop-distcp-3.3.5-tests.jar:/home/runner/.m2/repository/org/slf4j/jul-to-slf4j/1.7.36/jul-to-slf4j-1.7.36.jar:"/>
    <property name="java.vm.vendor" value="Temurin"/>
    <property name="sun.arch.data.model" value="64"/>
    <property name="test.build.dir" value="/home/runner/work/ozone/ozone/hadoop-ozone/integration-test/target/test-dir"/>
    <property name="sun.security.krb5.debug" value="false"/>
    <property name="test.cache.data" value=""/>
    <property name="java.vendor.url" value="https://adoptium.net/"/>
    <property name="user.timezone" value="Etc/UTC"/>
    <property name="java.vm.specification.version" value="1.8"/>
    <property name="os.name" value="Linux"/>
    <property name="test.build.data" value="/home/runner/work/ozone/ozone/hadoop-ozone/integration-test/target/test-dir"/>
    <property name="sun.java.launcher" value="SUN_STANDARD"/>
    <property name="sun.boot.library.path" value="/usr/lib/jvm/temurin-8-jdk-amd64/jre/lib/amd64"/>
    <property name="sun.java.command" value="/home/runner/work/ozone/ozone/hadoop-ozone/integration-test/target/surefire/surefirebooter2785896384453558376.jar /home/runner/work/ozone/ozone/hadoop-ozone/integration-test/target/surefire 2023-06-07T11-17-42_447-jvmRun1 surefire8963071085164264313tmp surefire_582569426695566096350tmp"/>
    <property name="surefire.test.class.path" value="/home/runner/work/ozone/ozone/hadoop-ozone/integration-test/target/test-classes:/home/runner/work/ozone/ozone/hadoop-ozone/integration-test/target/classes:/home/runner/.m2/repository/org/apache/ozone/ozone-common/1.4.0-SNAPSHOT/ozone-common-1.4.0-SNAPSHOT.jar:/home/runner/.m2/repository/io/grpc/grpc-netty/1.51.1/grpc-netty-1.51.1.jar:/home/runner/.m2/repository/io/grpc/grpc-core/1.51.1/grpc-core-1.51.1.jar:/home/runner/.m2/repository/com/google/android/annotations/4.1.1.4/annotations-4.1.1.4.jar:/home/runner/.m2/repository/org/codehaus/mojo/animal-sniffer-annotations/1.21/animal-sniffer-annotations-1.21.jar:/home/runner/.m2/repository/com/google/errorprone/error_prone_annotations/2.2.0/error_prone_annotations-2.2.0.jar:/home/runner/.m2/repository/io/perfmark/perfmark-api/0.25.0/perfmark-api-0.25.0.jar:/home/runner/.m2/repository/io/netty/netty-codec-http2/4.1.86.Final/netty-codec-http2-4.1.86.Final.jar:/home/runner/.m2/repository/io/netty/netty-common/4.1.86.Final/netty-common-4.1.86.Final.jar:/home/runner/.m2/repository/io/netty/netty-buffer/4.1.86.Final/netty-buffer-4.1.86.Final.jar:/home/runner/.m2/repository/io/netty/netty-codec-http/4.1.86.Final/netty-codec-http-4.1.86.Final.jar:/home/runner/.m2/repository/io/netty/netty-handler-proxy/4.1.86.Final/netty-handler-proxy-4.1.86.Final.jar:/home/runner/.m2/repository/io/netty/netty-codec-socks/4.1.86.Final/netty-codec-socks-4.1.86.Final.jar:/home/runner/.m2/repository/io/netty/netty-tcnative-boringssl-static/2.0.54.Final/netty-tcnative-boringssl-static-2.0.54.Final.jar:/home/runner/.m2/repository/io/netty/netty-tcnative-classes/2.0.54.Final/netty-tcnative-classes-2.0.54.Final.jar:/home/runner/.m2/repository/io/netty/netty-tcnative-boringssl-static/2.0.54.Final/netty-tcnative-boringssl-static-2.0.54.Final-linux-x86_64.jar:/home/runner/.m2/repository/io/netty/netty-tcnative-boringssl-static/2.0.54.Final/netty-tcnative-boringssl-static-2.0.54.Final-linux-aarch_64.jar:/home/runner/.m2/repository/io/netty/netty-tcnative-boringssl-static/2.0.54.Final/netty-tcnative-boringssl-static-2.0.54.Final-osx-x86_64.jar:/home/runner/.m2/repository/io/netty/netty-tcnative-boringssl-static/2.0.54.Final/netty-tcnative-boringssl-static-2.0.54.Final-osx-aarch_64.jar:/home/runner/.m2/repository/io/netty/netty-tcnative-boringssl-static/2.0.54.Final/netty-tcnative-boringssl-static-2.0.54.Final-windows-x86_64.jar:/home/runner/.m2/repository/org/apache/commons/commons-compress/1.21/commons-compress-1.21.jar:/home/runner/.m2/repository/org/apache/ozone/hdds-common/1.4.0-SNAPSHOT/hdds-common-1.4.0-SNAPSHOT.jar:/home/runner/.m2/repository/org/apache/ozone/hdds-client/1.4.0-SNAPSHOT/hdds-client-1.4.0-SNAPSHOT.jar:/home/runner/.m2/repository/org/apache/ozone/ozone-interface-client/1.4.0-SNAPSHOT/ozone-interface-client-1.4.0-SNAPSHOT.jar:/home/runner/.m2/repository/org/apache/hadoop/hadoop-hdfs-client/3.3.5/hadoop-hdfs-client-3.3.5.jar:/home/runner/.m2/repository/com/squareup/okhttp3/okhttp/4.9.3/okhttp-4.9.3.jar:/home/runner/.m2/repository/com/squareup/okio/okio/2.8.0/okio-2.8.0.jar:/home/runner/.m2/repository/org/jetbrains/kotlin/kotlin-stdlib-common/1.6.21/kotlin-stdlib-common-1.6.21.jar:/home/runner/.m2/repository/org/apache/ozone/hdds-test-utils/1.4.0-SNAPSHOT/hdds-test-utils-1.4.0-SNAPSHOT.jar:/home/runner/.m2/repository/com/google/guava/guava/31.1-jre/guava-31.1-jre.jar:/home/runner/.m2/repository/com/google/guava/failureaccess/1.0.1/failureaccess-1.0.1.jar:/home/runner/.m2/repository/com/google/guava/listenablefuture/9999.0-empty-to-avoid-conflict-with-guava/listenablefuture-9999.0-empty-to-avoid-conflict-with-guava.jar:/home/runner/.m2/repository/com/google/code/findbugs/jsr305/3.0.0/jsr305-3.0.0.jar:/home/runner/.m2/repository/org/checkerframework/checker-qual/3.12.0/checker-qual-3.12.0.jar:/home/runner/.m2/repository/com/google/j2objc/j2objc-annotations/1.3/j2objc-annotations-1.3.jar:/home/runner/.m2/repository/commons-io/commons-io/2.11.0/commons-io-2.11.0.jar:/home/runner/.m2/repository/commons-logging/commons-logging/1.2/commons-logging-1.2.jar:/home/runner/.m2/repository/ch/qos/reload4j/reload4j/1.2.22/reload4j-1.2.22.jar:/home/runner/.m2/repository/org/slf4j/slf4j-api/1.7.36/slf4j-api-1.7.36.jar:/home/runner/.m2/repository/org/apache/ozone/hdds-server-scm/1.4.0-SNAPSHOT/hdds-server-scm-1.4.0-SNAPSHOT.jar:/home/runner/.m2/repository/org/apache/ozone/hdds-container-service/1.4.0-SNAPSHOT/hdds-container-service-1.4.0-SNAPSHOT.jar:/home/runner/.m2/repository/org/apache/ozone/hdds-hadoop-dependency-server/1.4.0-SNAPSHOT/hdds-hadoop-dependency-server-1.4.0-SNAPSHOT.jar:/home/runner/.m2/repository/org/apache/hadoop/hadoop-hdfs/3.3.5/hadoop-hdfs-3.3.5.jar:/home/runner/.m2/repository/commons-daemon/commons-daemon/1.0.13/commons-daemon-1.0.13.jar:/home/runner/.m2/repository/org/apache/ozone/hdds-server-framework/1.4.0-SNAPSHOT/hdds-server-framework-1.4.0-SNAPSHOT.jar:/home/runner/.m2/repository/io/dropwizard/metrics/metrics-core/3.2.4/metrics-core-3.2.4.jar:/home/runner/.m2/repository/org/apache/commons/commons-text/1.4/commons-text-1.4.jar:/home/runner/.m2/repository/org/bouncycastle/bcprov-jdk15on/1.67/bcprov-jdk15on-1.67.jar:/home/runner/.m2/repository/com/google/protobuf/protobuf-java/2.5.0/protobuf-java-2.5.0.jar:/home/runner/.m2/repository/org/apache/ozone/hdds-server-framework/1.4.0-SNAPSHOT/hdds-server-framework-1.4.0-SNAPSHOT-tests.jar:/home/runner/.m2/repository/org/apache/ozone/hdds-interface-server/1.4.0-SNAPSHOT/hdds-interface-server-1.4.0-SNAPSHOT.jar:/home/runner/.m2/repository/org/apache/ozone/hdds-interface-admin/1.4.0-SNAPSHOT/hdds-interface-admin-1.4.0-SNAPSHOT.jar:/home/runner/.m2/repository/org/apache/ozone/hdds-managed-rocksdb/1.4.0-SNAPSHOT/hdds-managed-rocksdb-1.4.0-SNAPSHOT.jar:/home/runner/.m2/repository/org/rocksdb/rocksdbjni/7.7.3/rocksdbjni-7.7.3.jar:/home/runner/.m2/repository/org/slf4j/slf4j-reload4j/1.7.36/slf4j-reload4j-1.7.36.jar:/home/runner/.m2/repository/org/apache/commons/commons-configuration2/2.1.1/commons-configuration2-2.1.1.jar:/home/runner/.m2/repository/org/apache/logging/log4j/log4j-core/2.17.1/log4j-core-2.17.1.jar:/home/runner/.m2/repository/com/lmax/disruptor/3.4.2/disruptor-3.4.2.jar:/home/runner/.m2/repository/org/eclipse/jetty/jetty-util/9.4.51.v20230217/jetty-util-9.4.51.v20230217.jar:/home/runner/.m2/repository/org/eclipse/jetty/jetty-server/9.4.51.v20230217/jetty-server-9.4.51.v20230217.jar:/home/runner/.m2/repository/org/eclipse/jetty/jetty-http/9.4.51.v20230217/jetty-http-9.4.51.v20230217.jar:/home/runner/.m2/repository/org/eclipse/jetty/jetty-io/9.4.51.v20230217/jetty-io-9.4.51.v20230217.jar:/home/runner/.m2/repository/org/eclipse/jetty/jetty-servlet/9.4.51.v20230217/jetty-servlet-9.4.51.v20230217.jar:/home/runner/.m2/repository/org/eclipse/jetty/jetty-security/9.4.51.v20230217/jetty-security-9.4.51.v20230217.jar:/home/runner/.m2/repository/org/eclipse/jetty/jetty-util-ajax/9.4.51.v20230217/jetty-util-ajax-9.4.51.v20230217.jar:/home/runner/.m2/repository/org/eclipse/jetty/jetty-webapp/9.4.51.v20230217/jetty-webapp-9.4.51.v20230217.jar:/home/runner/.m2/repository/org/eclipse/jetty/jetty-xml/9.4.51.v20230217/jetty-xml-9.4.51.v20230217.jar:/home/runner/.m2/repository/org/apache/ratis/ratis-server/2.5.1/ratis-server-2.5.1.jar:/home/runner/.m2/repository/org/apache/ratis/ratis-thirdparty-misc/1.0.4/ratis-thirdparty-misc-1.0.4.jar:/home/runner/.m2/repository/org/apache/ratis/ratis-proto/2.5.1/ratis-proto-2.5.1.jar:/home/runner/.m2/repository/org/apache/ratis/ratis-common/2.5.1/ratis-common-2.5.1.jar:/home/runner/.m2/repository/org/apache/ratis/ratis-client/2.5.1/ratis-client-2.5.1.jar:/home/runner/.m2/repository/org/apache/ratis/ratis-server-api/2.5.1/ratis-server-api-2.5.1.jar:/home/runner/.m2/repository/org/apache/ratis/ratis-metrics/2.5.1/ratis-metrics-2.5.1.jar:/home/runner/.m2/repository/io/prometheus/simpleclient_dropwizard/0.7.0/simpleclient_dropwizard-0.7.0.jar:/home/runner/.m2/repository/io/prometheus/simpleclient/0.7.0/simpleclient-0.7.0.jar:/home/runner/.m2/repository/io/prometheus/simpleclient_common/0.7.0/simpleclient_common-0.7.0.jar:/home/runner/.m2/repository/com/fasterxml/jackson/datatype/jackson-datatype-jsr310/2.13.4/jackson-datatype-jsr310-2.13.4.jar:/home/runner/.m2/repository/com/fasterxml/jackson/core/jackson-core/2.13.4/jackson-core-2.13.4.jar:/home/runner/.m2/repository/com/github/spotbugs/spotbugs-annotations/3.1.12/spotbugs-annotations-3.1.12.jar:/home/runner/.m2/repository/org/apache/ozone/rocksdb-checkpoint-differ/1.4.0-SNAPSHOT/rocksdb-checkpoint-differ-1.4.0-SNAPSHOT.jar:/home/runner/.m2/repository/org/awaitility/awaitility/4.2.0/awaitility-4.2.0.jar:/home/runner/.m2/repository/org/hamcrest/hamcrest/2.1/hamcrest-2.1.jar:/home/runner/.m2/repository/org/apache/ozone/ozone-manager/1.4.0-SNAPSHOT/ozone-manager-1.4.0-SNAPSHOT.jar:/home/runner/.m2/repository/org/aspectj/aspectjrt/1.9.7/aspectjrt-1.9.7.jar:/home/runner/.m2/repository/org/aspectj/aspectjweaver/1.9.7/aspectjweaver-1.9.7.jar:/home/runner/.m2/repository/org/apache/ozone/hdds-interface-client/1.4.0-SNAPSHOT/hdds-interface-client-1.4.0-SNAPSHOT.jar:/home/runner/.m2/repository/org/apache/hadoop/thirdparty/hadoop-shaded-protobuf_3_7/1.1.1/hadoop-shaded-protobuf_3_7-1.1.1.jar:/home/runner/.m2/repository/org/apache/ozone/ozone-interface-storage/1.4.0-SNAPSHOT/ozone-interface-storage-1.4.0-SNAPSHOT.jar:/home/runner/.m2/repository/org/reflections/reflections/0.9.11/reflections-0.9.11.jar:/home/runner/.m2/repository/com/sun/jersey/jersey-client/1.19/jersey-client-1.19.jar:/home/runner/.m2/repository/org/codehaus/jackson/jackson-core-asl/1.9.13/jackson-core-asl-1.9.13.jar:/home/runner/.m2/repository/org/codehaus/jackson/jackson-mapper-asl/1.9.13/jackson-mapper-asl-1.9.13.jar:/home/runner/.m2/repository/org/codehaus/jackson/jackson-jaxrs/1.9.13/jackson-jaxrs-1.9.13.jar:/home/runner/.m2/repository/org/apache/ranger/ranger-intg/2.3.0/ranger-intg-2.3.0.jar:/home/runner/.m2/repository/org/apache/ranger/ranger-plugins-common/2.3.0/ranger-plugins-common-2.3.0.jar:/home/runner/.m2/repository/commons-lang/commons-lang/2.6/commons-lang-2.6.jar:/home/runner/.m2/repository/org/apache/ranger/ranger-plugins-cred/2.3.0/ranger-plugins-cred-2.3.0.jar:/home/runner/.m2/repository/org/apache/ranger/ranger-plugins-audit/2.3.0/ranger-plugins-audit-2.3.0.jar:/home/runner/.m2/repository/org/eclipse/jetty/jetty-client/9.4.51.v20230217/jetty-client-9.4.51.v20230217.jar:/home/runner/.m2/repository/org/apache/httpcomponents/httpmime/4.5.6/httpmime-4.5.6.jar:/home/runner/.m2/repository/org/apache/httpcomponents/httpcore-nio/4.4.13/httpcore-nio-4.4.13.jar:/home/runner/.m2/repository/org/apache/httpcomponents/httpasyncclient/4.1.3/httpasyncclient-4.1.3.jar:/home/runner/.m2/repository/com/carrotsearch/hppc/0.8.0/hppc-0.8.0.jar:/home/runner/.m2/repository/org/apache/orc/orc-core/1.5.8/orc-core-1.5.8.jar:/home/runner/.m2/repository/net/java/dev/jna/jna/5.2.0/jna-5.2.0.jar:/home/runner/.m2/repository/net/java/dev/jna/jna-platform/5.2.0/jna-platform-5.2.0.jar:/home/runner/.m2/repository/com/kstruct/gethostname4j/0.0.2/gethostname4j-0.0.2.jar:/home/runner/.m2/repository/org/apache/ranger/ranger-plugin-classloader/2.3.0/ranger-plugin-classloader-2.3.0.jar:/home/runner/.m2/repository/org/apache/ozone/hdds-rocks-native/1.4.0-SNAPSHOT/hdds-rocks-native-1.4.0-SNAPSHOT.jar:/home/runner/.m2/repository/org/apache/hadoop/hadoop-minikdc/3.3.5/hadoop-minikdc-3.3.5.jar:/home/runner/.m2/repository/org/apache/kerby/kerb-simplekdc/1.0.1/kerb-simplekdc-1.0.1.jar:/home/runner/.m2/repository/org/apache/kerby/kerb-client/1.0.1/kerb-client-1.0.1.jar:/home/runner/.m2/repository/org/apache/kerby/kerby-config/1.0.1/kerby-config-1.0.1.jar:/home/runner/.m2/repository/org/apache/kerby/kerb-common/1.0.1/kerb-common-1.0.1.jar:/home/runner/.m2/repository/org/apache/kerby/kerb-crypto/1.0.1/kerb-crypto-1.0.1.jar:/home/runner/.m2/repository/org/apache/kerby/kerb-util/1.0.1/kerb-util-1.0.1.jar:/home/runner/.m2/repository/org/apache/kerby/token-provider/1.0.1/token-provider-1.0.1.jar:/home/runner/.m2/repository/org/apache/kerby/kerb-admin/1.0.1/kerb-admin-1.0.1.jar:/home/runner/.m2/repository/org/apache/kerby/kerb-server/1.0.1/kerb-server-1.0.1.jar:/home/runner/.m2/repository/org/apache/kerby/kerb-identity/1.0.1/kerb-identity-1.0.1.jar:/home/runner/.m2/repository/org/apache/kerby/kerby-xdr/1.0.1/kerby-xdr-1.0.1.jar:/home/runner/.m2/repository/org/apache/ozone/ozone-s3gateway/1.4.0-SNAPSHOT/ozone-s3gateway-1.4.0-SNAPSHOT.jar:/home/runner/.m2/repository/org/javassist/javassist/3.21.0-GA/javassist-3.21.0-GA.jar:/home/runner/.m2/repository/org/jboss/weld/servlet/weld-servlet-shaded/3.1.9.Final/weld-servlet-shaded-3.1.9.Final.jar:/home/runner/.m2/repository/org/glassfish/jersey/containers/jersey-container-servlet-core/2.34/jersey-container-servlet-core-2.34.jar:/home/runner/.m2/repository/org/glassfish/hk2/external/jakarta.inject/2.6.1/jakarta.inject-2.6.1.jar:/home/runner/.m2/repository/org/glassfish/jersey/core/jersey-common/2.34/jersey-common-2.34.jar:/home/runner/.m2/repository/jakarta/ws/rs/jakarta.ws.rs-api/2.1.6/jakarta.ws.rs-api-2.1.6.jar:/home/runner/.m2/repository/org/glassfish/jersey/ext/cdi/jersey-cdi1x/2.34/jersey-cdi1x-2.34.jar:/home/runner/.m2/repository/org/glassfish/jersey/inject/jersey-hk2/2.34/jersey-hk2-2.34.jar:/home/runner/.m2/repository/org/glassfish/hk2/hk2-locator/2.6.1/hk2-locator-2.6.1.jar:/home/runner/.m2/repository/org/glassfish/jersey/media/jersey-media-jaxb/2.34/jersey-media-jaxb-2.34.jar:/home/runner/.m2/repository/org/glassfish/hk2/osgi-resource-locator/1.0.3/osgi-resource-locator-1.0.3.jar:/home/runner/.m2/repository/org/glassfish/hk2/hk2-api/2.5.0/hk2-api-2.5.0.jar:/home/runner/.m2/repository/org/glassfish/hk2/hk2-utils/2.5.0/hk2-utils-2.5.0.jar:/home/runner/.m2/repository/org/glassfish/hk2/external/aopalliance-repackaged/2.5.0/aopalliance-repackaged-2.5.0.jar:/home/runner/.m2/repository/com/fasterxml/jackson/dataformat/jackson-dataformat-xml/2.13.4/jackson-dataformat-xml-2.13.4.jar:/home/runner/.m2/repository/org/codehaus/woodstox/stax2-api/4.2.1/stax2-api-4.2.1.jar:/home/runner/.m2/repository/com/fasterxml/woodstox/woodstox-core/5.4.0/woodstox-core-5.4.0.jar:/home/runner/.m2/repository/com/fasterxml/jackson/module/jackson-module-jaxb-annotations/2.13.4/jackson-module-jaxb-annotations-2.13.4.jar:/home/runner/.m2/repository/jakarta/xml/bind/jakarta.xml.bind-api/2.3.3/jakarta.xml.bind-api-2.3.3.jar:/home/runner/.m2/repository/jakarta/activation/jakarta.activation-api/1.2.2/jakarta.activation-api-1.2.2.jar:/home/runner/.m2/repository/javax/enterprise/cdi-api/2.0/cdi-api-2.0.jar:/home/runner/.m2/repository/javax/el/javax.el-api/3.0.0/javax.el-api-3.0.0.jar:/home/runner/.m2/repository/javax/interceptor/javax.interceptor-api/1.2/javax.interceptor-api-1.2.jar:/home/runner/.m2/repository/javax/inject/javax.inject/1/javax.inject-1.jar:/home/runner/.m2/repository/javax/xml/bind/jaxb-api/2.3.0/jaxb-api-2.3.0.jar:/home/runner/.m2/repository/org/glassfish/jaxb/jaxb-runtime/2.3.0.1/jaxb-runtime-2.3.0.1.jar:/home/runner/.m2/repository/org/glassfish/jaxb/jaxb-core/2.3.0.1/jaxb-core-2.3.0.1.jar:/home/runner/.m2/repository/org/glassfish/jaxb/txw2/2.3.0.1/txw2-2.3.0.1.jar:/home/runner/.m2/repository/com/sun/istack/istack-commons-runtime/3.0.5/istack-commons-runtime-3.0.5.jar:/home/runner/.m2/repository/org/jvnet/staxex/stax-ex/1.7.8/stax-ex-1.7.8.jar:/home/runner/.m2/repository/com/sun/xml/fastinfoset/FastInfoset/1.2.13/FastInfoset-1.2.13.jar:/home/runner/.m2/repository/javax/activation/activation/1.1.1/activation-1.1.1.jar:/home/runner/.m2/repository/io/grpc/grpc-protobuf/1.51.1/grpc-protobuf-1.51.1.jar:/home/runner/.m2/repository/com/google/api/grpc/proto-google-common-protos/2.9.0/proto-google-common-protos-2.9.0.jar:/home/runner/.m2/repository/io/grpc/grpc-protobuf-lite/1.51.1/grpc-protobuf-lite-1.51.1.jar:/home/runner/.m2/repository/io/grpc/grpc-stub/1.51.1/grpc-stub-1.51.1.jar:/home/runner/.m2/repository/io/netty/netty-transport/4.1.86.Final/netty-transport-4.1.86.Final.jar:/home/runner/.m2/repository/io/netty/netty-resolver/4.1.86.Final/netty-resolver-4.1.86.Final.jar:/home/runner/.m2/repository/org/apache/ozone/ozone-csi/1.4.0-SNAPSHOT/ozone-csi-1.4.0-SNAPSHOT.jar:/home/runner/.m2/repository/com/google/protobuf/protobuf-java-util/3.19.6/protobuf-java-util-3.19.6.jar:/home/runner/.m2/repository/com/google/code/gson/gson/2.9.0/gson-2.9.0.jar:/home/runner/.m2/repository/org/apache/ozone/hdds-config/1.4.0-SNAPSHOT/hdds-config-1.4.0-SNAPSHOT.jar:/home/runner/.m2/repository/io/netty/netty-transport-native-epoll/4.1.86.Final/netty-transport-native-epoll-4.1.86.Final-linux-x86_64.jar:/home/runner/.m2/repository/io/netty/netty-transport-classes-epoll/4.1.86.Final/netty-transport-classes-epoll-4.1.86.Final.jar:/home/runner/.m2/repository/io/netty/netty-transport-native-unix-common/4.1.86.Final/netty-transport-native-unix-common-4.1.86.Final.jar:/home/runner/.m2/repository/org/apache/ozone/ozone-recon/1.4.0-SNAPSHOT/ozone-recon-1.4.0-SNAPSHOT.jar:/home/runner/.m2/repository/org/apache/ozone/ozone-reconcodegen/1.4.0-SNAPSHOT/ozone-reconcodegen-1.4.0-SNAPSHOT.jar:/home/runner/.m2/repository/com/google/inject/guice/5.1.0/guice-5.1.0.jar:/home/runner/.m2/repository/aopalliance/aopalliance/1.0/aopalliance-1.0.jar:/home/runner/.m2/repository/com/google/inject/extensions/guice-assistedinject/5.1.0/guice-assistedinject-5.1.0.jar:/home/runner/.m2/repository/com/google/inject/extensions/guice-servlet/5.1.0/guice-servlet-5.1.0.jar:/home/runner/.m2/repository/org/glassfish/jersey/containers/jersey-container-servlet/2.34/jersey-container-servlet-2.34.jar:/home/runner/.m2/repository/org/glassfish/hk2/guice-bridge/2.5.0/guice-bridge-2.5.0.jar:/home/runner/.m2/repository/org/glassfish/jersey/core/jersey-server/2.34/jersey-server-2.34.jar:/home/runner/.m2/repository/org/glassfish/jersey/core/jersey-client/2.34/jersey-client-2.34.jar:/home/runner/.m2/repository/jakarta/annotation/jakarta.annotation-api/1.3.5/jakarta.annotation-api-1.3.5.jar:/home/runner/.m2/repository/jakarta/validation/jakarta.validation-api/2.0.2/jakarta.validation-api-2.0.2.jar:/home/runner/.m2/repository/org/glassfish/jersey/media/jersey-media-json-jackson/2.34/jersey-media-json-jackson-2.34.jar:/home/runner/.m2/repository/org/glassfish/jersey/ext/jersey-entity-filtering/2.34/jersey-entity-filtering-2.34.jar:/home/runner/.m2/repository/org/jooq/jooq/3.11.10/jooq-3.11.10.jar:/home/runner/.m2/repository/org/jooq/jooq-meta/3.11.10/jooq-meta-3.11.10.jar:/home/runner/.m2/repository/org/jooq/jooq-codegen/3.11.10/jooq-codegen-3.11.10.jar:/home/runner/.m2/repository/com/jolbox/bonecp/0.8.0.RELEASE/bonecp-0.8.0.RELEASE.jar:/home/runner/.m2/repository/org/apache/derby/derby/10.14.2.0/derby-10.14.2.0.jar:/home/runner/.m2/repository/org/xerial/sqlite-jdbc/3.41.2.2/sqlite-jdbc-3.41.2.2.jar:/home/runner/.m2/repository/org/springframework/spring-jdbc/5.3.27/spring-jdbc-5.3.27.jar:/home/runner/.m2/repository/org/springframework/spring-beans/5.3.27/spring-beans-5.3.27.jar:/home/runner/.m2/repository/org/springframework/spring-core/5.3.27/spring-core-5.3.27.jar:/home/runner/.m2/repository/org/springframework/spring-tx/5.3.27/spring-tx-5.3.27.jar:/home/runner/.m2/repository/org/apache/ozone/ozone-client/1.4.0-SNAPSHOT/ozone-client-1.4.0-SNAPSHOT.jar:/home/runner/.m2/repository/org/apache/ozone/hdds-erasurecode/1.4.0-SNAPSHOT/hdds-erasurecode-1.4.0-SNAPSHOT.jar:/home/runner/.m2/repository/org/apache/ozone/ozone-filesystem/1.4.0-SNAPSHOT/ozone-filesystem-1.4.0-SNAPSHOT.jar:/home/runner/.m2/repository/org/apache/ozone/ozone-filesystem-common/1.4.0-SNAPSHOT/ozone-filesystem-common-1.4.0-SNAPSHOT.jar:/home/runner/.m2/repository/org/apache/ozone/ozone-tools/1.4.0-SNAPSHOT/ozone-tools-1.4.0-SNAPSHOT.jar:/home/runner/.m2/repository/com/amazonaws/aws-java-sdk-core/1.12.261/aws-java-sdk-core-1.12.261.jar:/home/runner/.m2/repository/org/apache/httpcomponents/httpclient/4.5.13/httpclient-4.5.13.jar:/home/runner/.m2/repository/org/apache/httpcomponents/httpcore/4.4.13/httpcore-4.4.13.jar:/home/runner/.m2/repository/software/amazon/ion/ion-java/1.0.2/ion-java-1.0.2.jar:/home/runner/.m2/repository/com/fasterxml/jackson/dataformat/jackson-dataformat-cbor/2.13.4/jackson-dataformat-cbor-2.13.4.jar:/home/runner/.m2/repository/joda-time/joda-time/2.10.6/joda-time-2.10.6.jar:/home/runner/.m2/repository/com/amazonaws/aws-java-sdk-s3/1.12.261/aws-java-sdk-s3-1.12.261.jar:/home/runner/.m2/repository/com/amazonaws/aws-java-sdk-kms/1.12.261/aws-java-sdk-kms-1.12.261.jar:/home/runner/.m2/repository/com/amazonaws/jmespath-java/1.12.261/jmespath-java-1.12.261.jar:/home/runner/.m2/repository/org/kohsuke/metainf-services/metainf-services/1.8/metainf-services-1.8.jar:/home/runner/.m2/repository/org/apache/ozone/hdds-tools/1.4.0-SNAPSHOT/hdds-tools-1.4.0-SNAPSHOT.jar:/home/runner/.m2/repository/org/apache/ratis/ratis-tools/2.5.1/ratis-tools-2.5.1.jar:/home/runner/.m2/repository/commons-cli/commons-cli/1.2/commons-cli-1.2.jar:/home/runner/.m2/repository/org/apache/commons/commons-lang3/3.7/commons-lang3-3.7.jar:/home/runner/.m2/repository/org/apache/ozone/ozone-manager/1.4.0-SNAPSHOT/ozone-manager-1.4.0-SNAPSHOT-tests.jar:/home/runner/.m2/repository/org/apache/ozone/hdds-common/1.4.0-SNAPSHOT/hdds-common-1.4.0-SNAPSHOT-tests.jar:/home/runner/.m2/repository/org/apache/ozone/hdds-hadoop-dependency-client/1.4.0-SNAPSHOT/hdds-hadoop-dependency-client-1.4.0-SNAPSHOT.jar:/home/runner/.m2/repository/info/picocli/picocli/4.6.1/picocli-4.6.1.jar:/home/runner/.m2/repository/com/fasterxml/jackson/core/jackson-annotations/2.13.4/jackson-annotations-2.13.4.jar:/home/runner/.m2/repository/org/apache/ozone/hdds-annotation-processing/1.4.0-SNAPSHOT/hdds-annotation-processing-1.4.0-SNAPSHOT.jar:/home/runner/.m2/repository/javax/annotation/javax.annotation-api/1.2/javax.annotation-api-1.2.jar:/home/runner/.m2/repository/org/apache/ratis/ratis-netty/2.5.1/ratis-netty-2.5.1.jar:/home/runner/.m2/repository/org/apache/ratis/ratis-grpc/2.5.1/ratis-grpc-2.5.1.jar:/home/runner/.m2/repository/org/apache/logging/log4j/log4j-api/2.17.1/log4j-api-2.17.1.jar:/home/runner/.m2/repository/org/apache/commons/commons-pool2/2.6.0/commons-pool2-2.6.0.jar:/home/runner/.m2/repository/org/bouncycastle/bcpkix-jdk15on/1.67/bcpkix-jdk15on-1.67.jar:/home/runner/.m2/repository/commons-validator/commons-validator/1.6/commons-validator-1.6.jar:/home/runner/.m2/repository/commons-beanutils/commons-beanutils/1.9.4/commons-beanutils-1.9.4.jar:/home/runner/.m2/repository/commons-digester/commons-digester/1.8.1/commons-digester-1.8.1.jar:/home/runner/.m2/repository/commons-collections/commons-collections/3.2.2/commons-collections-3.2.2.jar:/home/runner/.m2/repository/io/jaegertracing/jaeger-client/1.6.0/jaeger-client-1.6.0.jar:/home/runner/.m2/repository/io/jaegertracing/jaeger-thrift/1.6.0/jaeger-thrift-1.6.0.jar:/home/runner/.m2/repository/org/apache/thrift/libthrift/0.14.1/libthrift-0.14.1.jar:/home/runner/.m2/repository/io/jaegertracing/jaeger-core/1.6.0/jaeger-core-1.6.0.jar:/home/runner/.m2/repository/io/jaegertracing/jaeger-tracerresolver/1.6.0/jaeger-tracerresolver-1.6.0.jar:/home/runner/.m2/repository/io/opentracing/contrib/opentracing-tracerresolver/0.1.8/opentracing-tracerresolver-0.1.8.jar:/home/runner/.m2/repository/org/jetbrains/kotlin/kotlin-stdlib/1.6.21/kotlin-stdlib-1.6.21.jar:/home/runner/.m2/repository/org/jetbrains/annotations/13.0/annotations-13.0.jar:/home/runner/.m2/repository/io/opentracing/opentracing-util/0.33.0/opentracing-util-0.33.0.jar:/home/runner/.m2/repository/io/opentracing/opentracing-api/0.33.0/opentracing-api-0.33.0.jar:/home/runner/.m2/repository/io/opentracing/opentracing-noop/0.33.0/opentracing-noop-0.33.0.jar:/home/runner/.m2/repository/org/yaml/snakeyaml/2.0/snakeyaml-2.0.jar:/home/runner/.m2/repository/io/grpc/grpc-api/1.51.1/grpc-api-1.51.1.jar:/home/runner/.m2/repository/io/grpc/grpc-context/1.51.1/grpc-context-1.51.1.jar:/home/runner/.m2/repository/junit/junit/4.13.1/junit-4.13.1.jar:/home/runner/.m2/repository/org/hamcrest/hamcrest-core/1.3/hamcrest-core-1.3.jar:/home/runner/.m2/repository/org/junit/jupiter/junit-jupiter-api/5.8.2/junit-jupiter-api-5.8.2.jar:/home/runner/.m2/repository/org/opentest4j/opentest4j/1.2.0/opentest4j-1.2.0.jar:/home/runner/.m2/repository/org/junit/platform/junit-platform-commons/1.8.2/junit-platform-commons-1.8.2.jar:/home/runner/.m2/repository/org/apiguardian/apiguardian-api/1.1.2/apiguardian-api-1.1.2.jar:/home/runner/.m2/repository/org/junit/jupiter/junit-jupiter-params/5.8.2/junit-jupiter-params-5.8.2.jar:/home/runner/.m2/repository/org/junit/jupiter/junit-jupiter-migrationsupport/5.8.2/junit-jupiter-migrationsupport-5.8.2.jar:/home/runner/.m2/repository/org/junit/jupiter/junit-jupiter-engine/5.8.2/junit-jupiter-engine-5.8.2.jar:/home/runner/.m2/repository/org/junit/platform/junit-platform-engine/1.8.2/junit-platform-engine-1.8.2.jar:/home/runner/.m2/repository/org/junit/vintage/junit-vintage-engine/5.8.2/junit-vintage-engine-5.8.2.jar:/home/runner/.m2/repository/org/junit/platform/junit-platform-launcher/1.8.2/junit-platform-launcher-1.8.2.jar:/home/runner/.m2/repository/org/mockito/mockito-core/2.28.2/mockito-core-2.28.2.jar:/home/runner/.m2/repository/net/bytebuddy/byte-buddy/1.9.10/byte-buddy-1.9.10.jar:/home/runner/.m2/repository/net/bytebuddy/byte-buddy-agent/1.9.10/byte-buddy-agent-1.9.10.jar:/home/runner/.m2/repository/org/objenesis/objenesis/1.0/objenesis-1.0.jar:/home/runner/.m2/repository/org/apache/hadoop/hadoop-kms/3.3.5/hadoop-kms-3.3.5.jar:/home/runner/.m2/repository/org/apache/hadoop/hadoop-auth/3.3.5/hadoop-auth-3.3.5.jar:/home/runner/.m2/repository/com/nimbusds/nimbus-jose-jwt/9.8.1/nimbus-jose-jwt-9.8.1.jar:/home/runner/.m2/repository/com/github/stephenc/jcip/jcip-annotations/1.0-1/jcip-annotations-1.0-1.jar:/home/runner/.m2/repository/net/minidev/json-smart/2.4.7/json-smart-2.4.7.jar:/home/runner/.m2/repository/net/minidev/accessors-smart/2.4.7/accessors-smart-2.4.7.jar:/home/runner/.m2/repository/org/ow2/asm/asm/5.0.4/asm-5.0.4.jar:/home/runner/.m2/repository/org/apache/zookeeper/zookeeper/3.5.6/zookeeper-3.5.6.jar:/home/runner/.m2/repository/org/apache/zookeeper/zookeeper-jute/3.5.6/zookeeper-jute-3.5.6.jar:/home/runner/.m2/repository/org/apache/yetus/audience-annotations/0.5.0/audience-annotations-0.5.0.jar:/home/runner/.m2/repository/org/apache/curator/curator-framework/4.2.0/curator-framework-4.2.0.jar:/home/runner/.m2/repository/org/apache/hadoop/thirdparty/hadoop-shaded-guava/1.1.1/hadoop-shaded-guava-1.1.1.jar:/home/runner/.m2/repository/com/sun/jersey/jersey-core/1.19/jersey-core-1.19.jar:/home/runner/.m2/repository/javax/ws/rs/jsr311-api/1.1.1/jsr311-api-1.1.1.jar:/home/runner/.m2/repository/com/sun/jersey/jersey-server/1.19/jersey-server-1.19.jar:/home/runner/.m2/repository/javax/servlet/javax.servlet-api/3.1.0/javax.servlet-api-3.1.0.jar:/home/runner/.m2/repository/org/apache/hadoop/hadoop-common/3.3.5/hadoop-common-3.3.5.jar:/home/runner/.m2/repository/org/apache/commons/commons-math3/3.1.1/commons-math3-3.1.1.jar:/home/runner/.m2/repository/commons-net/commons-net/3.9.0/commons-net-3.9.0.jar:/home/runner/.m2/repository/com/sun/jersey/jersey-servlet/1.19/jersey-servlet-1.19.jar:/home/runner/.m2/repository/com/github/pjfanning/jersey-json/1.20/jersey-json-1.20.jar:/home/runner/.m2/repository/org/codehaus/jettison/jettison/1.1/jettison-1.1.jar:/home/runner/.m2/repository/com/sun/xml/bind/jaxb-impl/2.2.3-1/jaxb-impl-2.2.3-1.jar:/home/runner/.m2/repository/com/google/re2j/re2j/1.1/re2j-1.1.jar:/home/runner/.m2/repository/com/jcraft/jsch/0.1.54/jsch-0.1.54.jar:/home/runner/.m2/repository/org/apache/curator/curator-client/4.2.0/curator-client-4.2.0.jar:/home/runner/.m2/repository/org/apache/curator/curator-recipes/4.2.0/curator-recipes-4.2.0.jar:/home/runner/.m2/repository/org/apache/kerby/kerb-core/1.0.1/kerb-core-1.0.1.jar:/home/runner/.m2/repository/org/apache/kerby/kerby-pkix/1.0.1/kerby-pkix-1.0.1.jar:/home/runner/.m2/repository/org/apache/kerby/kerby-asn1/1.0.1/kerby-asn1-1.0.1.jar:/home/runner/.m2/repository/org/apache/kerby/kerby-util/1.0.1/kerby-util-1.0.1.jar:/home/runner/.m2/repository/dnsjava/dnsjava/2.1.7/dnsjava-2.1.7.jar:/home/runner/.m2/repository/org/xerial/snappy/snappy-java/1.1.8.2/snappy-java-1.1.8.2.jar:/home/runner/.m2/repository/com/fasterxml/jackson/core/jackson-databind/2.13.4.2/jackson-databind-2.13.4.2.jar:/home/runner/.m2/repository/org/apache/hadoop/hadoop-kms/3.3.5/hadoop-kms-3.3.5-tests.jar:/home/runner/.m2/repository/org/apache/ozone/hdds-server-scm/1.4.0-SNAPSHOT/hdds-server-scm-1.4.0-SNAPSHOT-tests.jar:/home/runner/.m2/repository/org/apache/ozone/hdds-container-service/1.4.0-SNAPSHOT/hdds-container-service-1.4.0-SNAPSHOT-tests.jar:/home/runner/.m2/repository/com/github/luben/zstd-jni/1.5.2-5/zstd-jni-1.5.2-5.jar:/home/runner/.m2/repository/commons-codec/commons-codec/1.15/commons-codec-1.15.jar:/home/runner/.m2/repository/io/netty/netty-codec/4.1.86.Final/netty-codec-4.1.86.Final.jar:/home/runner/.m2/repository/io/netty/netty-handler/4.1.86.Final/netty-handler-4.1.86.Final.jar:/home/runner/.m2/repository/org/apache/ozone/hdds-hadoop-dependency-test/1.4.0-SNAPSHOT/hdds-hadoop-dependency-test-1.4.0-SNAPSHOT.jar:/home/runner/.m2/repository/org/apache/hadoop/hadoop-common/3.3.5/hadoop-common-3.3.5-tests.jar:/home/runner/.m2/repository/org/apache/hadoop/hadoop-hdfs/3.3.5/hadoop-hdfs-3.3.5-tests.jar:/home/runner/.m2/repository/org/assertj/assertj-core/3.12.2/assertj-core-3.12.2.jar:/home/runner/.m2/repository/org/apache/hadoop/hadoop-distcp/3.3.5/hadoop-distcp-3.3.5.jar:/home/runner/.m2/repository/org/apache/hadoop/hadoop-mapreduce-client-jobclient/3.3.5/hadoop-mapreduce-client-jobclient-3.3.5.jar:/home/runner/.m2/repository/org/apache/hadoop/hadoop-mapreduce-client-common/3.3.5/hadoop-mapreduce-client-common-3.3.5.jar:/home/runner/.m2/repository/org/apache/hadoop/hadoop-yarn-common/3.3.5/hadoop-yarn-common-3.3.5.jar:/home/runner/.m2/repository/org/apache/hadoop/hadoop-yarn-api/3.3.5/hadoop-yarn-api-3.3.5.jar:/home/runner/.m2/repository/com/sun/jersey/contribs/jersey-guice/1.19/jersey-guice-1.19.jar:/home/runner/.m2/repository/com/fasterxml/jackson/jaxrs/jackson-jaxrs-json-provider/2.13.4/jackson-jaxrs-json-provider-2.13.4.jar:/home/runner/.m2/repository/com/fasterxml/jackson/jaxrs/jackson-jaxrs-base/2.13.4/jackson-jaxrs-base-2.13.4.jar:/home/runner/.m2/repository/org/apache/hadoop/hadoop-yarn-client/3.3.5/hadoop-yarn-client-3.3.5.jar:/home/runner/.m2/repository/org/eclipse/jetty/websocket/websocket-client/9.4.48.v20220622/websocket-client-9.4.48.v20220622.jar:/home/runner/.m2/repository/org/eclipse/jetty/websocket/websocket-common/9.4.48.v20220622/websocket-common-9.4.48.v20220622.jar:/home/runner/.m2/repository/org/eclipse/jetty/websocket/websocket-api/9.4.48.v20220622/websocket-api-9.4.48.v20220622.jar:/home/runner/.m2/repository/org/jline/jline/3.9.0/jline-3.9.0.jar:/home/runner/.m2/repository/org/apache/hadoop/hadoop-mapreduce-client-core/3.3.5/hadoop-mapreduce-client-core-3.3.5.jar:/home/runner/.m2/repository/org/apache/avro/avro/1.7.7/avro-1.7.7.jar:/home/runner/.m2/repository/com/thoughtworks/paranamer/paranamer/2.3/paranamer-2.3.jar:/home/runner/.m2/repository/org/apache/hadoop/hadoop-annotations/3.3.5/hadoop-annotations-3.3.5.jar:/usr/lib/jvm/temurin-8-jdk-amd64/jre/../lib/tools.jar:/home/runner/.m2/repository/io/netty/netty/3.10.6.Final/netty-3.10.6.Final.jar:/home/runner/.m2/repository/org/apache/hadoop/hadoop-distcp/3.3.5/hadoop-distcp-3.3.5-tests.jar:/home/runner/.m2/repository/org/slf4j/jul-to-slf4j/1.7.36/jul-to-slf4j-1.7.36.jar:"/>
    <property name="sun.cpu.endian" value="little"/>
    <property name="user.home" value="/home/runner"/>
    <property name="user.language" value="en"/>
    <property name="java.specification.vendor" value="Oracle Corporation"/>
    <property name="java.home" value="/usr/lib/jvm/temurin-8-jdk-amd64/jre"/>
    <property name="java.security.krb5.conf" value="/home/runner/work/ozone/ozone/hadoop-ozone/integration-test/target/test-dir/TestSecureOzoneCluster/1686139839465/krb5.conf"/>
    <property name="basedir" value="/home/runner/work/ozone/ozone/hadoop-ozone/integration-test"/>
    <property name="file.separator" value="/"/>
    <property name="line.separator" value="&#10;"/>
    <property name="java.vm.specification.vendor" value="Oracle Corporation"/>
    <property name="java.specification.name" value="Java Platform API Specification"/>
    <property name="java.awt.graphicsenv" value="sun.awt.X11GraphicsEnvironment"/>
    <property name="skip.installnpx" value="true"/>
    <property name="surefire.real.class.path" value="/home/runner/work/ozone/ozone/hadoop-ozone/integration-test/target/surefire/surefirebooter2785896384453558376.jar:/home/runner/.m2/repository/org/jacoco/org.jacoco.agent/0.8.5/org.jacoco.agent-0.8.5-runtime.jar"/>
    <property name="hadoop.log.dir" value="/home/runner/work/ozone/ozone/hadoop-ozone/integration-test/target/log"/>
    <property name="sun.boot.class.path" value="/usr/lib/jvm/temurin-8-jdk-amd64/jre/lib/resources.jar:/usr/lib/jvm/temurin-8-jdk-amd64/jre/lib/rt.jar:/usr/lib/jvm/temurin-8-jdk-amd64/jre/lib/sunrsasign.jar:/usr/lib/jvm/temurin-8-jdk-amd64/jre/lib/jsse.jar:/usr/lib/jvm/temurin-8-jdk-amd64/jre/lib/jce.jar:/usr/lib/jvm/temurin-8-jdk-amd64/jre/lib/charsets.jar:/usr/lib/jvm/temurin-8-jdk-amd64/jre/lib/jfr.jar:/usr/lib/jvm/temurin-8-jdk-amd64/jre/classes"/>
    <property name="sun.management.compiler" value="HotSpot 64-Bit Tiered Compilers"/>
    <property name="skip.npx" value="true"/>
    <property name="java.runtime.version" value="1.8.0_372-b07"/>
    <property name="java.net.preferIPv4Stack" value="true"/>
    <property name="user.name" value="runner"/>
    <property name="path.separator" value=":"/>
    <property name="java.security.egd" value="file:///dev/urandom"/>
    <property name="os.version" value="5.15.0-1038-azure"/>
    <property name="java.endorsed.dirs" value="/usr/lib/jvm/temurin-8-jdk-amd64/jre/lib/endorsed"/>
    <property name="java.runtime.name" value="OpenJDK Runtime Environment"/>
    <property name="file.encoding" value="UTF-8"/>
    <property name="java.vm.name" value="OpenJDK 64-Bit Server VM"/>
    <property name="test.build.webapps" value=""/>
    <property name="localRepository" value="/home/runner/.m2/repository"/>
    <property name="jetty.git.hash" value="b45c405e4544384de066f814ed42ae3dceacdd49"/>
    <property name="java.vendor.url.bug" value="https://github.com/adoptium/adoptium-support/issues"/>
    <property name="java.io.tmpdir" value="/tmp"/>
    <property name="require.test.libhadoop" value=""/>
    <property name="java.version" value="1.8.0_372"/>
    <property name="user.dir" value="/home/runner/work/ozone/ozone/hadoop-ozone/integration-test"/>
    <property name="os.arch" value="amd64"/>
    <property name="java.vm.specification.name" value="Java Virtual Machine Specification"/>
    <property name="test.build.classes" value="/home/runner/work/ozone/ozone/hadoop-ozone/integration-test/target/test-classes"/>
    <property name="java.awt.printerjob" value="sun.print.PSPrinterJob"/>
    <property name="sun.os.patch.level" value="unknown"/>
    <property name="org.apache.ratis.thirdparty.io.netty.allocator.useCacheForAllThreads" value="false"/>
    <property name="hadoop.tmp.dir" value="/home/runner/work/ozone/ozone/hadoop-ozone/integration-test/target/tmp"/>
    <property name="java.library.path" value="/usr/java/packages/lib/amd64:/usr/lib64:/lib64:/lib:/usr/lib"/>
    <property name="java.vm.info" value="mixed mode"/>
    <property name="java.vendor" value="Temurin"/>
    <property name="java.vm.version" value="25.372-b07"/>
    <property name="java.specification.maintenance.version" value="4"/>
    <property name="java.ext.dirs" value="/usr/lib/jvm/temurin-8-jdk-amd64/jre/lib/ext:/usr/java/packages/lib/ext"/>
    <property name="sun.io.unicode.encoding" value="UnicodeLittle"/>
    <property name="java.class.version" value="52.0"/>
  </properties>
  <testcase name="testContainerTokenRenewCrossCertificateRenew" classname="org.apache.hadoop.ozone.TestSecureOzoneCluster" time="22.281">
    <system-out><![CDATA[2023-06-07 12:07:56,696 [Time-limited test] INFO  net.ServerSocketUtil (ServerSocketUtil.java:getPort(55)) - Using port 9860
2023-06-07 12:07:56,698 [Time-limited test] INFO  net.ServerSocketUtil (ServerSocketUtil.java:getPort(55)) - Using port 9861
2023-06-07 12:07:56,698 [Time-limited test] INFO  net.ServerSocketUtil (ServerSocketUtil.java:getPort(55)) - Using port 9863
2023-06-07 12:07:56,698 [Time-limited test] INFO  net.ServerSocketUtil (ServerSocketUtil.java:getPort(55)) - Using port 9961
2023-06-07 12:07:56,698 [Time-limited test] INFO  net.ServerSocketUtil (ServerSocketUtil.java:getPort(55)) - Using port 1200
2023-06-07 12:07:56,698 [Time-limited test] INFO  net.ServerSocketUtil (ServerSocketUtil.java:getPort(55)) - Using port 1201
2023-06-07 12:07:56,704 [Time-limited test] INFO  minikdc.MiniKdc (MiniKdc.java:<init>(225)) - Configuration:
2023-06-07 12:07:56,704 [Time-limited test] INFO  minikdc.MiniKdc (MiniKdc.java:<init>(226)) - ---------------------------------------------------------------
2023-06-07 12:07:56,705 [Time-limited test] INFO  minikdc.MiniKdc (MiniKdc.java:<init>(228)) -   debug: false
2023-06-07 12:07:56,705 [Time-limited test] INFO  minikdc.MiniKdc (MiniKdc.java:<init>(228)) -   transport: TCP
2023-06-07 12:07:56,705 [Time-limited test] INFO  minikdc.MiniKdc (MiniKdc.java:<init>(228)) -   max.ticket.lifetime: 86400000
2023-06-07 12:07:56,705 [Time-limited test] INFO  minikdc.MiniKdc (MiniKdc.java:<init>(228)) -   org.name: EXAMPLE
2023-06-07 12:07:56,706 [Time-limited test] INFO  minikdc.MiniKdc (MiniKdc.java:<init>(228)) -   kdc.port: 0
2023-06-07 12:07:56,706 [Time-limited test] INFO  minikdc.MiniKdc (MiniKdc.java:<init>(228)) -   org.domain: COM
2023-06-07 12:07:56,706 [Time-limited test] INFO  minikdc.MiniKdc (MiniKdc.java:<init>(228)) -   max.renewable.lifetime: 604800000
2023-06-07 12:07:56,706 [Time-limited test] INFO  minikdc.MiniKdc (MiniKdc.java:<init>(228)) -   instance: DefaultKrbServer
2023-06-07 12:07:56,706 [Time-limited test] INFO  minikdc.MiniKdc (MiniKdc.java:<init>(228)) -   kdc.bind.address: localhost
2023-06-07 12:07:56,706 [Time-limited test] INFO  minikdc.MiniKdc (MiniKdc.java:<init>(230)) - ---------------------------------------------------------------
2023-06-07 12:07:56,775 [Time-limited test] INFO  minikdc.MiniKdc (MiniKdc.java:start(285)) - MiniKdc started.
2023-06-07 12:07:57,447 [Time-limited test] WARN  server.ServerUtils (ServerUtils.java:getScmDbDir(155)) - ozone.scm.db.dirs is not configured. We recommend adding this setting. Falling back to ozone.metadata.dirs instead.
2023-06-07 12:07:57,644 [Time-limited test] INFO  reflections.Reflections (Reflections.java:scan(232)) - Reflections took 164 ms to scan 7 urls, producing 157 keys and 367 values 
2023-06-07 12:07:57,744 [Time-limited test] INFO  ha.HASecurityUtils (HASecurityUtils.java:initializeSecurity(93)) - Initializing secure StorageContainerManager.
2023-06-07 12:07:57,751 [Time-limited test] INFO  client.SCMCertificateClient (DefaultCertificateClient.java:init(650)) - Certificate client init case: 0
2023-06-07 12:07:57,751 [Time-limited test] INFO  client.SCMCertificateClient (SCMCertificateClient.java:handleCase(68)) - Creating keypair for client as keypair and certificate not found.
2023-06-07 12:07:58,214 [Time-limited test] INFO  ha.HASecurityUtils (HASecurityUtils.java:initializeSecurity(99)) - Init response: GETCERT
2023-06-07 12:07:58,548 [Time-limited test] INFO  ozone.OzoneSecurityUtil (OzoneSecurityUtil.java:getValidInetsForCurrentHost(118)) - ip:fe80:0:0:0:20d:3aff:fe5e:ae76%eth0 not returned.
2023-06-07 12:07:58,548 [Time-limited test] INFO  ozone.OzoneSecurityUtil (OzoneSecurityUtil.java:getValidInetsForCurrentHost(115)) - Adding ip:10.1.0.7,host:fv-az83-744
2023-06-07 12:07:58,548 [Time-limited test] INFO  ozone.OzoneSecurityUtil (OzoneSecurityUtil.java:getValidInetsForCurrentHost(118)) - ip:0:0:0:0:0:0:0:1%lo not returned.
2023-06-07 12:07:58,549 [Time-limited test] INFO  ozone.OzoneSecurityUtil (OzoneSecurityUtil.java:getValidInetsForCurrentHost(118)) - ip:127.0.0.1 not returned.
2023-06-07 12:07:58,551 [Time-limited test] ERROR utils.SelfSignedCertificate (SelfSignedCertificate.java:lambda$addInetAddresses$0(245)) - Invalid domain fv-az83-744
2023-06-07 12:07:58,607 [Time-limited test] INFO  utils.SelfSignedCertificate (SelfSignedCertificate.java:generateCertificate(158)) - Certificate 1 is issued by CN=scm@fv-az83-744,OU=b24dc519-4ac7-460c-9683-9f87433a51aa,O=82f43d99-1486-48c1-bc51-5117e8b30123 to CN=scm@fv-az83-744,OU=b24dc519-4ac7-460c-9683-9f87433a51aa,O=82f43d99-1486-48c1-bc51-5117e8b30123, valid from Wed Jun 07 12:07:58 UTC 2023 to Wed Jun 07 12:08:38 UTC 2023
2023-06-07 12:07:58,629 [Time-limited test] INFO  ozone.OzoneSecurityUtil (OzoneSecurityUtil.java:getValidInetsForCurrentHost(118)) - ip:fe80:0:0:0:20d:3aff:fe5e:ae76%eth0 not returned.
2023-06-07 12:07:58,629 [Time-limited test] INFO  ozone.OzoneSecurityUtil (OzoneSecurityUtil.java:getValidInetsForCurrentHost(115)) - Adding ip:10.1.0.7,host:fv-az83-744
2023-06-07 12:07:58,630 [Time-limited test] INFO  ozone.OzoneSecurityUtil (OzoneSecurityUtil.java:getValidInetsForCurrentHost(118)) - ip:0:0:0:0:0:0:0:1%lo not returned.
2023-06-07 12:07:58,630 [Time-limited test] INFO  ozone.OzoneSecurityUtil (OzoneSecurityUtil.java:getValidInetsForCurrentHost(118)) - ip:127.0.0.1 not returned.
2023-06-07 12:07:58,632 [Time-limited test] ERROR utils.CertificateSignRequest (CertificateSignRequest.java:lambda$addInetAddresses$0(296)) - Invalid domain fv-az83-744
2023-06-07 12:07:58,633 [Time-limited test] INFO  ha.HASecurityUtils (HASecurityUtils.java:generateCSR(280)) - Creating csr for SCM->hostName:fv-az83-744,scmId:b24dc519-4ac7-460c-9683-9f87433a51aa,clusterId:82f43d99-1486-48c1-bc51-5117e8b30123,subject:scm-sub@fv-az83-744
2023-06-07 12:07:58,685 [Time-limited test] INFO  ha.HASecurityUtils (HASecurityUtils.java:initializeSecurity(112)) - Successfully stored SCM signed certificate.
2023-06-07 12:07:58,718 [Time-limited test] WARN  server.ServerUtils (ServerUtils.java:getScmDbDir(155)) - ozone.scm.db.dirs is not configured. We recommend adding this setting. Falling back to ozone.metadata.dirs instead.
2023-06-07 12:07:58,721 [Time-limited test] INFO  ha.SCMHANodeDetails (SCMHANodeDetails.java:loadSCMHAConfig(209)) - ServiceID for StorageContainerManager is null
2023-06-07 12:07:58,721 [Time-limited test] INFO  ha.SCMHANodeDetails (SCMHANodeDetails.java:loadSCMHAConfig(214)) - ozone.scm.default.service.id is not defined, falling back to ozone.scm.service.ids to find serviceID for StorageContainerManager if it is HA enabled cluster
2023-06-07 12:07:58,744 [Time-limited test] INFO  client.SCMCertificateClient (DefaultCertificateClient.java:loadAllCertificates(151)) - Loading certificate from location:/tmp/junit5062548422313477330/junit4232556529759811278/scm-meta/scm/sub-ca/certs.
2023-06-07 12:07:58,755 [Time-limited test] INFO  client.SCMCertificateClient (DefaultCertificateClient.java:loadAllCertificates(195)) - Added certificate   [0]         Version: 3
         SerialNumber: 3939245539918
             IssuerDN: CN=scm@fv-az83-744,OU=b24dc519-4ac7-460c-9683-9f87433a51aa,O=82f43d99-1486-48c1-bc51-5117e8b30123
           Start Date: Wed Jun 07 12:07:58 UTC 2023
           Final Date: Wed Jun 07 12:08:38 UTC 2023
            SubjectDN: CN=scm-sub@fv-az83-744,OU=b24dc519-4ac7-460c-9683-9f87433a51aa,O=82f43d99-1486-48c1-bc51-5117e8b30123
           Public Key: RSA Public Key [3f:72:8a:92:e0:09:83:3e:e3:49:28:fa:99:12:c1:5a:21:bc:6f:74],[56:66:d1:a4]
        modulus: cafe181d57f02aa1370263dd82d7e8f7cfda20fabee428cfafd296eeb79167a728a20681e04fd6beaa64b62bd2deb4911acbdddba2f7e1989a00063554594c567db1b4dca272d6e91a8364e2fae0db7861e33c151773060f5b001aed01f98e6aacc84c72763a52db7ea22546a953778946589029a1485acf794c5e90079be12b2cb8908ce575de3543912a692145e8588f9e1df896aec31f074f798d3c0694b51a3c4637ae6087cd690a1d673c14133d41b2c8408ca4d571ab9129970ed86733f75c2e09ef2af4c1dc4156b5771856bc82303f60b1c89f1d3ef9f800358d582db4e9b1ce9fee41370497d1c52cb075372963fdd6a0e12b88b79284ad3b53ed3b
public exponent: 10001

  Signature Algorithm: SHA256WITHRSA
            Signature: 73958f3938f79c8ead3642754b4785fe0b7cd8ad
                       38913d5c4e17da96aa3c2496ea7dde2ba61704c1
                       72a9ce575a5746f672aee20cbdb7d3d92012a052
                       66bc66efae5cf4e6313aac56d4193c818e2ab28f
                       a4ad8dc5cbcd8614a5d951fad6ebfdb38ebdb7a5
                       bc114bb9a726a5101b50738900a8517f9d9b558e
                       47416feba870ef244699eb8ec4dce7ea30e0d563
                       3da31ed1429cbbfc8f6bf73b322d4010487527c5
                       399ae4df9eeba98161c3189c2ae0d0c5c8520ad9
                       76e9438338ef6f9cc69b0fd3379bed8f39e0c646
                       363cabc435e3d476f1b5e5a178a4b5f7fc17be3c
                       81ff0a0d03366db1761aecbb14e07115c792834b
                       7f983dc9f59f6871ffd338fd535d2528
       Extensions: 
                       critical(false) 2.5.29.17 value = Sequence
    Tagged [7] IMPLICIT 
        DER Octet String[4] 

                       critical(true) BasicConstraints: isCa(true)
                       critical(true) KeyUsage: 0xbe
 from file:/tmp/junit5062548422313477330/junit4232556529759811278/scm-meta/scm/sub-ca/certs/3939245539918.crt.
2023-06-07 12:07:58,762 [Time-limited test] INFO  client.SCMCertificateClient (DefaultCertificateClient.java:loadAllCertificates(195)) - Added certificate   [0]         Version: 3
         SerialNumber: 3939245539918
             IssuerDN: CN=scm@fv-az83-744,OU=b24dc519-4ac7-460c-9683-9f87433a51aa,O=82f43d99-1486-48c1-bc51-5117e8b30123
           Start Date: Wed Jun 07 12:07:58 UTC 2023
           Final Date: Wed Jun 07 12:08:38 UTC 2023
            SubjectDN: CN=scm-sub@fv-az83-744,OU=b24dc519-4ac7-460c-9683-9f87433a51aa,O=82f43d99-1486-48c1-bc51-5117e8b30123
           Public Key: RSA Public Key [3f:72:8a:92:e0:09:83:3e:e3:49:28:fa:99:12:c1:5a:21:bc:6f:74],[56:66:d1:a4]
        modulus: cafe181d57f02aa1370263dd82d7e8f7cfda20fabee428cfafd296eeb79167a728a20681e04fd6beaa64b62bd2deb4911acbdddba2f7e1989a00063554594c567db1b4dca272d6e91a8364e2fae0db7861e33c151773060f5b001aed01f98e6aacc84c72763a52db7ea22546a953778946589029a1485acf794c5e90079be12b2cb8908ce575de3543912a692145e8588f9e1df896aec31f074f798d3c0694b51a3c4637ae6087cd690a1d673c14133d41b2c8408ca4d571ab9129970ed86733f75c2e09ef2af4c1dc4156b5771856bc82303f60b1c89f1d3ef9f800358d582db4e9b1ce9fee41370497d1c52cb075372963fdd6a0e12b88b79284ad3b53ed3b
public exponent: 10001

  Signature Algorithm: SHA256WITHRSA
            Signature: 73958f3938f79c8ead3642754b4785fe0b7cd8ad
                       38913d5c4e17da96aa3c2496ea7dde2ba61704c1
                       72a9ce575a5746f672aee20cbdb7d3d92012a052
                       66bc66efae5cf4e6313aac56d4193c818e2ab28f
                       a4ad8dc5cbcd8614a5d951fad6ebfdb38ebdb7a5
                       bc114bb9a726a5101b50738900a8517f9d9b558e
                       47416feba870ef244699eb8ec4dce7ea30e0d563
                       3da31ed1429cbbfc8f6bf73b322d4010487527c5
                       399ae4df9eeba98161c3189c2ae0d0c5c8520ad9
                       76e9438338ef6f9cc69b0fd3379bed8f39e0c646
                       363cabc435e3d476f1b5e5a178a4b5f7fc17be3c
                       81ff0a0d03366db1761aecbb14e07115c792834b
                       7f983dc9f59f6871ffd338fd535d2528
       Extensions: 
                       critical(false) 2.5.29.17 value = Sequence
    Tagged [7] IMPLICIT 
        DER Octet String[4] 

                       critical(true) BasicConstraints: isCa(true)
                       critical(true) KeyUsage: 0xbe
 from file:/tmp/junit5062548422313477330/junit4232556529759811278/scm-meta/scm/sub-ca/certs/certificate.crt.
2023-06-07 12:07:58,770 [Time-limited test] INFO  client.SCMCertificateClient (DefaultCertificateClient.java:loadAllCertificates(195)) - Added certificate   [0]         Version: 3
         SerialNumber: 1
             IssuerDN: CN=scm@fv-az83-744,OU=b24dc519-4ac7-460c-9683-9f87433a51aa,O=82f43d99-1486-48c1-bc51-5117e8b30123
           Start Date: Wed Jun 07 12:07:58 UTC 2023
           Final Date: Wed Jun 07 12:08:38 UTC 2023
            SubjectDN: CN=scm@fv-az83-744,OU=b24dc519-4ac7-460c-9683-9f87433a51aa,O=82f43d99-1486-48c1-bc51-5117e8b30123
           Public Key: RSA Public Key [5e:2e:9a:c5:02:91:93:64:f6:e9:b2:78:f4:c3:a8:13:09:87:11:af],[56:66:d1:a4]
        modulus: aeb0d7694f7e8ca9bfca97e4525a52e14ec2b2e8361052532aa4f81c587de0701e838fbf77ef14ea187aee7646a68569170d528f6d81865f654c2775f58a056462950a3e5891ebee95a1d1c5f1620eca686e80503bfd8ceb03dd4867346905f9239cbfeed539b1b055161a8652139926a53776b336c30f011d18cb31c539dc9569b0b5d1336bcacd8429c1ad80dd2a3febb88500b0c98fb106cbcdbaf40a5271165f4dcc9f348119de9507bd55177524518a91e734354ef4ced8abe4d81bc900dcc4d68df6b6cfaee862dfb934c90cb51ee126e28fe22af3c0eca96203c4d7299296156754525ec7dd3178fa15b900651230697886381d3eedd5fb7688fba8fd
public exponent: 10001

  Signature Algorithm: SHA256WITHRSA
            Signature: a36213c9b6e4f87c36acf4bcaf8fceccb821d115
                       4b746d980942d5f0e7bfddf5b6bfe7a4ba8d5da7
                       699ddb828249459caa0f94af4145db73c84da06d
                       0843cf499dd86518b5a83cd11a5b390320283fe2
                       50b59057454295a8c6794982a5d3f0df6b3ca30b
                       b9c59e3e71b5ae58c4ac568f6832c0705f361387
                       bd0ecd33e4c63c9a79f1d16fa5c4c0f4d37a63d4
                       1475afadda5ca5472153ed0f5e9b74ae41eb9e12
                       8b4535323b247ad03f80c0223d8f78e4e9fa230c
                       fe09744835081e0f67272f837e339dfa1faceea6
                       4250d70aedbe48be56a0b5f8c8d9fe638e8febeb
                       9445395139d6fbf6c72e8bcb50c41e9788593359
                       d3892f4ba2abf7988c3d690c32163381
       Extensions: 
                       critical(true) BasicConstraints: isCa(true)
                       critical(true) KeyUsage: 0x6
                       critical(false) 2.5.29.17 value = Sequence
    Tagged [7] IMPLICIT 
        DER Octet String[4] 

 from file:/tmp/junit5062548422313477330/junit4232556529759811278/scm-meta/scm/sub-ca/certs/CA-1.crt.
2023-06-07 12:07:58,774 [Time-limited test] INFO  client.SCMCertificateClient (DefaultCertificateClient.java:startCertificateMonitor(1208)) - CertificateLifetimeMonitor for scm/sub-ca is started with first delay 14229 ms and interval 8333 ms.
2023-06-07 12:07:58,834 [pool-2-thread-1] INFO  request.KdcRequest (KdcRequest.java:preauth(651)) - The preauth data is empty.
2023-06-07 12:07:58,839 [pool-2-thread-1] INFO  server.KdcHandler (KdcHandler.java:handleRecoverableException(177)) - KRB error occurred while processing request:Additional pre-authentication required
2023-06-07 12:07:58,872 [pool-2-thread-1] INFO  request.AsRequest (AsRequest.java:issueTicket(112)) - AS_REQ ISSUE: authtime 1686139678870,scm/fv-az83-744@EXAMPLE.COM for krbtgt/EXAMPLE.COM@EXAMPLE.COM
2023-06-07 12:07:58,878 [Time-limited test] INFO  security.UserGroupInformation (UserGroupInformation.java:loginUserFromKeytab(1132)) - Login successful for user scm/fv-az83-744@EXAMPLE.COM using keytab file scm.keytab. Keytab auto renewal enabled : false
2023-06-07 12:07:58,879 [Time-limited test] INFO  server.StorageContainerManager (StorageContainerManager.java:loginAsSCMUserIfSecurityEnabled(1025)) - SCM login successful.
2023-06-07 12:07:58,956 [Time-limited test] WARN  utils.HAUtils (HAUtils.java:getMetaDir(352)) - ozone.scm.db.dirs is not configured. We recommend adding this setting. Falling back to ozone.metadata.dirs instead.
2023-06-07 12:07:59,089 [Time-limited test] WARN  db.DBStoreBuilder (DBStoreBuilder.java:applyDBDefinition(165)) - ozone.scm.db.dirs is not configured. We recommend adding this setting. Falling back to ozone.metadata.dirs instead.
2023-06-07 12:07:59,284 [Time-limited test] INFO  net.NodeSchemaLoader (NodeSchemaLoader.java:loadSchemaFromFile(129)) - Loading schema from [jar:file:/home/runner/.m2/repository/org/apache/ozone/hdds-common/1.4.0-SNAPSHOT/hdds-common-1.4.0-SNAPSHOT.jar!/network-topology-default.xml]
2023-06-07 12:07:59,284 [Time-limited test] INFO  net.NodeSchemaLoader (NodeSchemaLoader.java:loadSchema(176)) - Loading network topology layer schema file
2023-06-07 12:07:59,324 [Time-limited test] INFO  metrics.MetricRegistries (MetricRegistriesLoader.java:load(64)) - Loaded MetricRegistries class org.apache.ratis.metrics.impl.MetricRegistriesImpl
2023-06-07 12:07:59,341 [Time-limited test] INFO  upgrade.AbstractLayoutVersionManager (AbstractLayoutVersionManager.java:init(83)) - Initializing Layout version manager with metadata layout = HADOOP_PRC_PORTS_IN_DATANODEDETAILS (version = 7), software layout = HADOOP_PRC_PORTS_IN_DATANODEDETAILS (version = 7)
2023-06-07 12:07:59,506 [Time-limited test] INFO  ha.SequenceIdGenerator (SequenceIdGenerator.java:upgradeToSequenceId(349)) - upgrade localId to 111677748019200000
2023-06-07 12:07:59,507 [Time-limited test] INFO  ha.SequenceIdGenerator (SequenceIdGenerator.java:upgradeToSequenceId(359)) - upgrade delTxnId to 0
2023-06-07 12:07:59,510 [Time-limited test] INFO  ha.SequenceIdGenerator (SequenceIdGenerator.java:upgradeToSequenceId(376)) - upgrade containerId to 0
2023-06-07 12:07:59,512 [Time-limited test] INFO  ha.SequenceIdGenerator (SequenceIdGenerator.java:<init>(220)) - Init the HA SequenceIdGenerator.
2023-06-07 12:07:59,668 [Time-limited test] INFO  node.SCMNodeManager (SCMNodeManager.java:<init>(159)) - Entering startup safe mode.
2023-06-07 12:07:59,684 [Time-limited test] INFO  algorithms.ContainerPlacementPolicyFactory (ContainerPlacementPolicyFactory.java:getPolicyInternal(86)) - Create container placement policy of type org.apache.hadoop.hdds.scm.container.placement.algorithms.SCMContainerPlacementRackAware
2023-06-07 12:07:59,687 [Time-limited test] INFO  algorithms.ContainerPlacementPolicyFactory (ContainerPlacementPolicyFactory.java:getPolicyInternal(86)) - Create container placement policy of type org.apache.hadoop.hdds.scm.container.placement.algorithms.SCMContainerPlacementRackScatter
2023-06-07 12:07:59,697 [Time-limited test] INFO  pipeline.PipelineStateManagerImpl (PipelineStateManagerImpl.java:initialize(78)) - No pipeline exists in current db
2023-06-07 12:07:59,711 [Time-limited test] INFO  algorithms.LeaderChoosePolicyFactory (LeaderChoosePolicyFactory.java:getPolicy(57)) - Create leader choose policy of type org.apache.hadoop.hdds.scm.pipeline.leader.choose.algorithms.MinLeaderCountChoosePolicy
2023-06-07 12:07:59,711 [Time-limited test] INFO  algorithms.ContainerPlacementPolicyFactory (ContainerPlacementPolicyFactory.java:getPolicyInternal(86)) - Create container placement policy of type org.apache.hadoop.hdds.scm.container.placement.algorithms.SCMContainerPlacementRackScatter
2023-06-07 12:07:59,719 [Time-limited test] INFO  ha.SCMServiceManager (SCMServiceManager.java:register(42)) - Registering service BackgroundPipelineCreator.
2023-06-07 12:07:59,719 [Time-limited test] INFO  pipeline.BackgroundPipelineCreator (BackgroundPipelineCreator.java:start(124)) - Starting RatisPipelineUtilsThread.
2023-06-07 12:07:59,722 [Time-limited test] INFO  BackgroundPipelineScrubber (BackgroundSCMService.java:start(68)) - Starting BackgroundPipelineScrubber Service.
2023-06-07 12:07:59,724 [Time-limited test] INFO  ha.SCMServiceManager (SCMServiceManager.java:register(42)) - Registering service BackgroundPipelineScrubber.
2023-06-07 12:07:59,729 [Time-limited test] INFO  ExpiredContainerReplicaOpScrubber (BackgroundSCMService.java:start(68)) - Starting ExpiredContainerReplicaOpScrubber Service.
2023-06-07 12:07:59,731 [Time-limited test] INFO  ha.SCMServiceManager (SCMServiceManager.java:register(42)) - Registering service ExpiredContainerReplicaOpScrubber.
2023-06-07 12:07:59,765 [Time-limited test] INFO  algorithms.PipelineChoosePolicyFactory (PipelineChoosePolicyFactory.java:createPipelineChoosePolicyFromClass(73)) - Create pipeline choose policy of type org.apache.hadoop.hdds.scm.pipeline.choose.algorithms.RandomPipelineChoosePolicy
2023-06-07 12:07:59,785 [Time-limited test] INFO  ha.SCMServiceManager (SCMServiceManager.java:register(42)) - Registering service SCMBlockDeletingService.
2023-06-07 12:07:59,841 [Time-limited test] INFO  replication.ReplicationManager (ReplicationManager.java:start(299)) - Starting Replication Monitor Thread.
2023-06-07 12:07:59,857 [Time-limited test] INFO  ha.SCMServiceManager (SCMServiceManager.java:register(42)) - Registering service ReplicationManager.
2023-06-07 12:07:59,860 [ReplicationMonitor] INFO  replication.ReplicationManager (ReplicationManager.java:processAll(374)) - Replication Manager is not ready to run until 300000ms after safemode exit
2023-06-07 12:07:59,868 [Time-limited test] INFO  safemode.ContainerSafeModeRule (ContainerSafeModeRule.java:<init>(89)) - containers with one replica threshold count 0
2023-06-07 12:07:59,871 [Time-limited test] INFO  safemode.HealthyPipelineSafeModeRule (HealthyPipelineSafeModeRule.java:initializeRule(169)) - Total pipeline count is 0, healthy pipeline threshold count is 0
2023-06-07 12:07:59,873 [Time-limited test] INFO  safemode.OneReplicaPipelineSafeModeRule (OneReplicaPipelineSafeModeRule.java:initializeRule(180)) - Total pipeline count is 0, pipeline's with at least one datanode reported threshold count is 0
2023-06-07 12:07:59,888 [Time-limited test] INFO  authority.DefaultCAServer (DefaultCAServer.java:lambda$processVerificationStatus$0(465)) - CertificateServer validation is successful
2023-06-07 12:07:59,889 [Time-limited test] INFO  authority.DefaultCAServer (DefaultCAServer.java:lambda$processVerificationStatus$0(465)) - CertificateServer validation is successful
2023-06-07 12:07:59,890 [Time-limited test] INFO  server.StorageContainerManager (StorageContainerManager.java:persistPrimarySCMCerts(893)) - Storing sub-ca certificate serialId 3939245539918 on primary SCM
2023-06-07 12:07:59,900 [Time-limited test] INFO  server.StorageContainerManager (StorageContainerManager.java:persistPrimarySCMCerts(901)) - Storing root certificate serialId 1
2023-06-07 12:07:59,933 [Time-limited test] INFO  ipc.CallQueueManager (CallQueueManager.java:<init>(90)) - Using callQueue: class java.util.concurrent.LinkedBlockingQueue, queueCapacity: 200, scheduler: class org.apache.hadoop.ipc.DefaultRpcScheduler, ipcBackoff: false.
2023-06-07 12:07:59,977 [Socket Reader #1 for port 9961] INFO  ipc.Server (Server.java:run(1319)) - Starting Socket Reader #1 for port 9961
2023-06-07 12:08:00,018 [Listener at 0.0.0.0/9961] INFO  hdds.HddsUtils (HddsUtils.java:preserveThreadName(843)) - Restoring thread name: Time-limited test
2023-06-07 12:08:00,029 [Time-limited test] INFO  server.StorageContainerManager (StorageContainerManager.java:<init>(398)) - SCM start with adminUsers: [runner, scm]
2023-06-07 12:08:00,313 [Time-limited test] INFO  audit.AuditLogger (AuditLogger.java:refreshDebugCmdSet(126)) - Refresh DebugCmdSet for SCMAudit to [].
2023-06-07 12:08:00,321 [Time-limited test] INFO  ipc.CallQueueManager (CallQueueManager.java:<init>(90)) - Using callQueue: class java.util.concurrent.LinkedBlockingQueue, queueCapacity: 10000, scheduler: class org.apache.hadoop.ipc.DefaultRpcScheduler, ipcBackoff: false.
2023-06-07 12:08:00,329 [Listener at 0.0.0.0/9861] INFO  hdds.HddsUtils (HddsUtils.java:preserveThreadName(843)) - Restoring thread name: Time-limited test
2023-06-07 12:08:00,324 [Socket Reader #1 for port 9861] INFO  ipc.Server (Server.java:run(1319)) - Starting Socket Reader #1 for port 9861
2023-06-07 12:08:00,362 [Time-limited test] INFO  audit.AuditLogger (AuditLogger.java:refreshDebugCmdSet(126)) - Refresh DebugCmdSet for SCMAudit to [].
2023-06-07 12:08:00,368 [Time-limited test] INFO  ipc.CallQueueManager (CallQueueManager.java:<init>(90)) - Using callQueue: class java.util.concurrent.LinkedBlockingQueue, queueCapacity: 10000, scheduler: class org.apache.hadoop.ipc.DefaultRpcScheduler, ipcBackoff: false.
2023-06-07 12:08:00,369 [Socket Reader #1 for port 9863] INFO  ipc.Server (Server.java:run(1319)) - Starting Socket Reader #1 for port 9863
2023-06-07 12:08:00,372 [Listener at 0.0.0.0/9863] INFO  hdds.HddsUtils (HddsUtils.java:preserveThreadName(843)) - Restoring thread name: Time-limited test
2023-06-07 12:08:00,407 [Time-limited test] INFO  audit.AuditLogger (AuditLogger.java:refreshDebugCmdSet(126)) - Refresh DebugCmdSet for SCMAudit to [].
2023-06-07 12:08:00,419 [Time-limited test] INFO  ipc.CallQueueManager (CallQueueManager.java:<init>(90)) - Using callQueue: class java.util.concurrent.LinkedBlockingQueue, queueCapacity: 10000, scheduler: class org.apache.hadoop.ipc.DefaultRpcScheduler, ipcBackoff: false.
2023-06-07 12:08:00,420 [Socket Reader #1 for port 9860] INFO  ipc.Server (Server.java:run(1319)) - Starting Socket Reader #1 for port 9860
2023-06-07 12:08:00,421 [Listener at 0.0.0.0/9860] INFO  hdds.HddsUtils (HddsUtils.java:preserveThreadName(843)) - Restoring thread name: Time-limited test
2023-06-07 12:08:00,479 [Time-limited test] INFO  ha.SCMServiceManager (SCMServiceManager.java:register(42)) - Registering service ContainerBalancer.
2023-06-07 12:08:00,480 [Time-limited test] INFO  server.StorageContainerManager (StorageContainerManager.java:<init>(415)) - 
Container Balancer status:
Key                            Value
Running                        false
Container Balancer Configuration values:
Key                                                Value
Threshold                                          10
Max Datanodes to Involve per Iteration(percent)    20
Max Size to Move per Iteration                     500GB
Max Size Entering Target per Iteration             26GB
Max Size Leaving Source per Iteration              26GB

2023-06-07 12:08:00,480 [Time-limited test] INFO  ha.SCMContext (SCMContext.java:updateSafeModeStatus(228)) - Update SafeModeStatus from SafeModeStatus{safeModeStatus=true, preCheckPassed=false} to SafeModeStatus{safeModeStatus=true, preCheckPassed=false}.
2023-06-07 12:08:00,724 [Time-limited test] INFO  utils.SelfSignedCertificate (SelfSignedCertificate.java:generateCertificate(158)) - Certificate 1 is issued by CN=rootCA@localhost,OU=scm1,O=cluster1 to CN=rootCA@localhost,OU=scm1,O=cluster1, valid from Wed Jun 07 12:08:00 UTC 2023 to Wed Jun 07 12:08:40 UTC 2023
2023-06-07 12:08:00,741 [Time-limited test] INFO  server.StorageContainerManager (StorageContainerManager.java:start(1466)) - StorageContainerLocationProtocol RPC server is listening at /0.0.0.0:9860
2023-06-07 12:08:00,741 [Time-limited test] INFO  server.StorageContainerManager (StorageContainerManager.java:startSecretManager(2019)) - Starting token manager
2023-06-07 12:08:00,741 [Time-limited test] INFO  token.ContainerTokenSecretManager (OzoneSecretManager.java:updateCurrentKey(175)) - Updating current master key for generating tokens. Cert id 3941305335448
2023-06-07 12:08:00,798 [Time-limited test] WARN  impl.MetricsConfig (MetricsConfig.java:loadFirst(136)) - Cannot locate configuration: tried hadoop-metrics2-storagecontainermanager.properties,hadoop-metrics2.properties
2023-06-07 12:08:00,809 [Time-limited test] INFO  impl.MetricsSystemImpl (MetricsSystemImpl.java:startTimer(378)) - Scheduled Metric snapshot period at 10 second(s).
2023-06-07 12:08:00,810 [Time-limited test] INFO  impl.MetricsSystemImpl (MetricsSystemImpl.java:start(191)) - StorageContainerManager metrics system started
2023-06-07 12:08:01,049 [Time-limited test] INFO  server.SCMClientProtocolServer (SCMClientProtocolServer.java:start(201)) - RPC server for Client  is listening at /0.0.0.0:9860
2023-06-07 12:08:01,049 [IPC Server Responder] INFO  ipc.Server (Server.java:run(1558)) - IPC Server Responder: starting
2023-06-07 12:08:01,065 [Time-limited test] INFO  server.StorageContainerManager (StorageContainerManager.java:start(1480)) - ScmBlockLocationProtocol RPC server is listening at /0.0.0.0:9863
2023-06-07 12:08:01,070 [Time-limited test] INFO  server.SCMBlockProtocolServer (SCMBlockProtocolServer.java:start(152)) - RPC server for Block Protocol is listening at /0.0.0.0:9863
2023-06-07 12:08:01,050 [IPC Server listener on 9860] INFO  ipc.Server (Server.java:run(1398)) - IPC Server listener on 9860: starting
2023-06-07 12:08:01,071 [IPC Server Responder] INFO  ipc.Server (Server.java:run(1558)) - IPC Server Responder: starting
2023-06-07 12:08:01,071 [IPC Server listener on 9863] INFO  ipc.Server (Server.java:run(1398)) - IPC Server listener on 9863: starting
2023-06-07 12:08:01,089 [Time-limited test] INFO  server.SCMDatanodeProtocolServer (SCMDatanodeProtocolServer.java:start(193)) - ScmDatanodeProtocol RPC server for DataNodes is listening at /0.0.0.0:9861
2023-06-07 12:08:01,090 [IPC Server Responder] INFO  ipc.Server (Server.java:run(1558)) - IPC Server Responder: starting
2023-06-07 12:08:01,091 [IPC Server listener on 9861] INFO  ipc.Server (Server.java:run(1398)) - IPC Server listener on 9861: starting
2023-06-07 12:08:01,187 [Time-limited test] INFO  server.SCMSecurityProtocolServer (SCMSecurityProtocolServer.java:start(395)) - Starting RPC server for SCMSecurityProtocolServer. is listening at /0.0.0.0:9961
2023-06-07 12:08:01,188 [IPC Server Responder] INFO  ipc.Server (Server.java:run(1558)) - IPC Server Responder: starting
2023-06-07 12:08:01,188 [IPC Server listener on 9961] INFO  ipc.Server (Server.java:run(1398)) - IPC Server listener on 9961: starting
2023-06-07 12:08:01,188 [Time-limited test] INFO  server.SCMUpdateServiceGrpcServer (SCMUpdateServiceGrpcServer.java:start(58)) - SCMUpdateService starting
2023-06-07 12:08:01,426 [JvmPauseMonitor0] INFO  util.JvmPauseMonitor (JvmPauseMonitor.java:run(103)) - JvmPauseMonitor-b24dc519-4ac7-460c-9683-9f87433a51aa: Started
2023-06-07 12:08:01,435 [Time-limited test] INFO  http.BaseHttpServer (BaseHttpServer.java:newHttpServer2BuilderForOzone(224)) - Starting Web-server for scm at: http://0.0.0.0:9876
2023-06-07 12:08:01,436 [Time-limited test] INFO  http.BaseHttpServer (BaseHttpServer.java:<init>(111)) - Hadoop Security Enabled: true Ozone Security Enabled: true Ozone HTTP Security Enabled: false 
2023-06-07 12:08:01,461 [Time-limited test] INFO  util.log (Log.java:initialized(170)) - Logging initialized @6471ms to org.eclipse.jetty.util.log.Slf4jLog
2023-06-07 12:08:01,556 [Time-limited test] WARN  server.AuthenticationFilter (AuthenticationFilter.java:constructSecretProvider(240)) - Unable to initialize FileSignerSecretProvider, falling back to use random secrets. Reason: Could not read signature secret file: /home/runner/hadoop-http-auth-signature-secret
2023-06-07 12:08:01,561 [Time-limited test] INFO  http.HttpRequestLog (HttpRequestLog.java:getRequestLog(86)) - Http request log for http.requests.scm is not defined
2023-06-07 12:08:01,567 [Time-limited test] INFO  http.HttpServer2 (HttpServer2.java:addGlobalFilter(1031)) - Added global filter 'safety' (class=org.apache.hadoop.hdds.server.http.HttpServer2$QuotingInputFilter)
2023-06-07 12:08:01,569 [Time-limited test] INFO  http.HttpServer2 (HttpServer2.java:addFilter(1007)) - Added filter static_user_filter (class=org.apache.hadoop.http.lib.StaticUserWebFilter$StaticUserFilter) to context scm
2023-06-07 12:08:01,569 [Time-limited test] INFO  http.HttpServer2 (HttpServer2.java:addFilter(1015)) - Added filter static_user_filter (class=org.apache.hadoop.http.lib.StaticUserWebFilter$StaticUserFilter) to context logs
2023-06-07 12:08:01,569 [Time-limited test] INFO  http.HttpServer2 (HttpServer2.java:addFilter(1015)) - Added filter static_user_filter (class=org.apache.hadoop.http.lib.StaticUserWebFilter$StaticUserFilter) to context static
2023-06-07 12:08:01,603 [Time-limited test] INFO  http.BaseHttpServer (BaseHttpServer.java:<init>(190)) - HTTP server of scm uses base directory /tmp/junit5062548422313477330/junit4232556529759811278/scm-meta/webserver
2023-06-07 12:08:01,604 [Time-limited test] INFO  http.HttpServer2 (HttpServer2.java:bindListener(1250)) - Jetty bound to port 9876
2023-06-07 12:08:01,605 [Time-limited test] INFO  server.Server (Server.java:doStart(375)) - jetty-9.4.51.v20230217; built: 2023-02-17T08:19:37.309Z; git: b45c405e4544384de066f814ed42ae3dceacdd49; jvm 1.8.0_372-b07
2023-06-07 12:08:01,630 [Time-limited test] INFO  server.session (DefaultSessionIdManager.java:doStart(334)) - DefaultSessionIdManager workerName=node0
2023-06-07 12:08:01,630 [Time-limited test] INFO  server.session (DefaultSessionIdManager.java:doStart(339)) - No SessionScavenger set, using defaults
2023-06-07 12:08:01,632 [Time-limited test] INFO  server.session (HouseKeeper.java:startScavenging(132)) - node0 Scavenging every 600000ms
2023-06-07 12:08:01,645 [Time-limited test] INFO  handler.ContextHandler (ContextHandler.java:doStart(921)) - Started o.e.j.s.ServletContextHandler@35b17681{logs,/logs,file:///home/runner/work/ozone/ozone/hadoop-ozone/integration-test/target/log,AVAILABLE}
2023-06-07 12:08:01,646 [Time-limited test] INFO  handler.ContextHandler (ContextHandler.java:doStart(921)) - Started o.e.j.s.ServletContextHandler@3cc81974{static,/static,file:///home/runner/work/ozone/ozone/hadoop-ozone/integration-test/target/test-classes/webapps/static,AVAILABLE}
2023-06-07 12:08:01,691 [Time-limited test] INFO  handler.ContextHandler (ContextHandler.java:doStart(921)) - Started o.e.j.w.WebAppContext@2a2dfe21{scm,/,file:///home/runner/work/ozone/ozone/hadoop-ozone/integration-test/target/test-classes/webapps/scm/,AVAILABLE}{file:/home/runner/work/ozone/ozone/hadoop-ozone/integration-test/target/test-classes/webapps/scm}
2023-06-07 12:08:01,701 [Time-limited test] INFO  server.AbstractConnector (AbstractConnector.java:doStart(333)) - Started ServerConnector@8e70752{HTTP/1.1, (http/1.1)}{0.0.0.0:9876}
2023-06-07 12:08:01,701 [Time-limited test] INFO  server.Server (Server.java:doStart(415)) - Started @6711ms
2023-06-07 12:08:01,704 [Time-limited test] INFO  impl.MetricsSinkAdapter (MetricsSinkAdapter.java:start(204)) - Sink prometheus started
2023-06-07 12:08:01,704 [Time-limited test] INFO  impl.MetricsSystemImpl (MetricsSystemImpl.java:registerSink(305)) - Registered sink prometheus
2023-06-07 12:08:01,705 [Time-limited test] INFO  http.BaseHttpServer (BaseHttpServer.java:updateConnectorAddress(344)) - HTTP server of scm listening at http://0.0.0.0:9876
2023-06-07 12:08:01,980 [pool-2-thread-1] INFO  request.TgsRequest (TgsRequest.java:issueTicket(115)) - TGS_REQ ISSUE: authtime 1686139681979,scm/fv-az83-744 for scm/fv-az83-744@EXAMPLE.COM
2023-06-07 12:08:01,997 [Socket Reader #1 for port 9860] INFO  ipc.Server (Server.java:saslProcess(2116)) - Auth successful for scm/fv-az83-744@EXAMPLE.COM (auth:KERBEROS) from 10.1.0.7:43901
2023-06-07 12:08:15,265 [CertificateLifetimeMonitor] INFO  utils.SelfSignedCertificate (SelfSignedCertificate.java:generateCertificate(158)) - Certificate 2 is issued by CN=rootCA-new@localhost,OU=scm1,O=cluster1 to CN=rootCA-new@localhost,OU=scm1,O=cluster1, valid from Wed Jun 07 12:08:15 UTC 2023 to Wed Jun 07 12:08:55 UTC 2023
Wed Jun 07 12:08:15 UTC 2023 certificated is renewed
2023-06-07 12:08:15,603 [CertificateLifetimeMonitor] INFO  ssl.PemFileBasedKeyStoresFactory (PemFileBasedKeyStoresFactory.java:notifyCertificateRenewed(156)) - CertificateClientTestImpl notify certificate renewed
2023-06-07 12:08:15,603 [CertificateLifetimeMonitor] INFO  ssl.ReloadingX509KeyManager (ReloadingX509KeyManager.java:loadFrom(142)) - ReloadingX509KeyManager is reloaded
2023-06-07 12:08:15,603 [CertificateLifetimeMonitor] INFO  ssl.ReloadingX509TrustManager (ReloadingX509TrustManager.java:loadFrom(116)) - ReloadingX509TrustManager is reloaded.
2023-06-07 12:08:15,603 [CertificateLifetimeMonitor] INFO  ssl.PemFileBasedKeyStoresFactory (PemFileBasedKeyStoresFactory.java:notifyCertificateRenewed(156)) - CertificateClientTestImpl notify certificate renewed
2023-06-07 12:08:15,604 [CertificateLifetimeMonitor] INFO  ssl.ReloadingX509KeyManager (ReloadingX509KeyManager.java:loadFrom(142)) - ReloadingX509KeyManager is reloaded
2023-06-07 12:08:15,604 [CertificateLifetimeMonitor] INFO  ssl.ReloadingX509TrustManager (ReloadingX509TrustManager.java:loadFrom(116)) - ReloadingX509TrustManager is reloaded.
2023-06-07 12:08:15,604 [CertificateLifetimeMonitor] INFO  token.ContainerTokenSecretManager (OzoneSecretManager.java:notifyCertificateRenewed(198)) - Certificate is changed from 3941305335448 to 3956177019086
2023-06-07 12:08:15,608 [CertificateLifetimeMonitor] INFO  token.ContainerTokenSecretManager (OzoneSecretManager.java:updateCurrentKey(175)) - Updating current master key for generating tokens. Cert id 3956177019086
2023-06-07 12:08:15,711 [Socket Reader #1 for port 9860] INFO  ipc.Server (Server.java:saslProcess(2116)) - Auth successful for scm/fv-az83-744@EXAMPLE.COM (auth:KERBEROS) from 10.1.0.7:38373
2023-06-07 12:08:15,722 [Time-limited test] INFO  server.StorageContainerManager (StorageContainerManager.java:stop(1560)) - Container Balancer is not running.
2023-06-07 12:08:15,722 [Time-limited test] INFO  server.StorageContainerManager (StorageContainerManager.java:stopReplicationManager(1691)) - Stopping Replication Manager Service.
2023-06-07 12:08:15,722 [Time-limited test] INFO  replication.ReplicationManager (ReplicationManager.java:stop(332)) - Stopping Replication Monitor Thread.
2023-06-07 12:08:15,722 [Under Replicated Processor] WARN  replication.UnhealthyReplicationProcessor (UnhealthyReplicationProcessor.java:run(167)) - Under Replicated Processor interrupted. Exiting...
2023-06-07 12:08:15,723 [Over Replicated Processor] WARN  replication.UnhealthyReplicationProcessor (UnhealthyReplicationProcessor.java:run(167)) - Over Replicated Processor interrupted. Exiting...
2023-06-07 12:08:15,725 [ReplicationMonitor] INFO  replication.ReplicationManager (ReplicationManager.java:run(938)) - Replication Monitor Thread is stopped
2023-06-07 12:08:15,725 [Time-limited test] INFO  server.StorageContainerManager (StorageContainerManager.java:stop(1569)) - Stopping the Datanode Admin Monitor.
2023-06-07 12:08:15,726 [Time-limited test] INFO  server.StorageContainerManager (StorageContainerManager.java:stop(1576)) - Stopping datanode service RPC server
2023-06-07 12:08:15,726 [Time-limited test] INFO  server.SCMDatanodeProtocolServer (SCMDatanodeProtocolServer.java:stop(424)) - Stopping the RPC server for DataNodes
2023-06-07 12:08:15,726 [Time-limited test] INFO  ipc.Server (Server.java:stop(3501)) - Stopping server on 9861
2023-06-07 12:08:15,737 [IPC Server listener on 9861] INFO  ipc.Server (Server.java:run(1430)) - Stopping IPC Server listener on 9861
2023-06-07 12:08:15,738 [IPC Server Responder] INFO  ipc.Server (Server.java:run(1563)) - Stopping IPC Server Responder
2023-06-07 12:08:17,669 [SCM Heartbeat Processing Thread - 0] WARN  node.NodeStateManager (NodeStateManager.java:scheduleNextHealthCheck(870)) - Current Thread is interrupted, shutting down HB processing thread for Node Manager.
2023-06-07 12:08:17,670 [Time-limited test] INFO  server.StorageContainerManager (StorageContainerManager.java:stop(1584)) - Stopping block service RPC server
2023-06-07 12:08:17,670 [Time-limited test] INFO  server.SCMBlockProtocolServer (SCMBlockProtocolServer.java:stop(161)) - Stopping the RPC server for Block Protocol
2023-06-07 12:08:17,670 [Time-limited test] INFO  ipc.Server (Server.java:stop(3501)) - Stopping server on 9863
2023-06-07 12:08:17,672 [IPC Server Responder] INFO  ipc.Server (Server.java:run(1563)) - Stopping IPC Server Responder
2023-06-07 12:08:17,672 [Time-limited test] INFO  server.StorageContainerManager (StorageContainerManager.java:stop(1591)) - Stopping the StorageContainerLocationProtocol RPC server
2023-06-07 12:08:17,672 [Time-limited test] INFO  server.SCMClientProtocolServer (SCMClientProtocolServer.java:stop(210)) - Stopping the RPC server for Client Protocol
2023-06-07 12:08:17,675 [Time-limited test] INFO  ipc.Server (Server.java:stop(3501)) - Stopping server on 9860
2023-06-07 12:08:17,672 [IPC Server listener on 9863] INFO  ipc.Server (Server.java:run(1430)) - Stopping IPC Server listener on 9863
2023-06-07 12:08:17,678 [IPC Server listener on 9860] INFO  ipc.Server (Server.java:run(1430)) - Stopping IPC Server listener on 9860
2023-06-07 12:08:17,684 [IPC Server Responder] INFO  ipc.Server (Server.java:run(1563)) - Stopping IPC Server Responder
2023-06-07 12:08:17,684 [Time-limited test] INFO  server.StorageContainerManager (StorageContainerManager.java:stop(1598)) - Stopping Storage Container Manager HTTP server.
2023-06-07 12:08:17,689 [Time-limited test] INFO  handler.ContextHandler (ContextHandler.java:doStop(1159)) - Stopped o.e.j.w.WebAppContext@2a2dfe21{scm,/,null,STOPPED}{file:/home/runner/work/ozone/ozone/hadoop-ozone/integration-test/target/test-classes/webapps/scm}
2023-06-07 12:08:17,696 [Time-limited test] INFO  server.AbstractConnector (AbstractConnector.java:doStop(383)) - Stopped ServerConnector@8e70752{HTTP/1.1, (http/1.1)}{0.0.0.0:9876}
2023-06-07 12:08:17,698 [Time-limited test] INFO  server.session (HouseKeeper.java:stopScavenging(149)) - node0 Stopped scavenging
2023-06-07 12:08:17,698 [Time-limited test] INFO  handler.ContextHandler (ContextHandler.java:doStop(1159)) - Stopped o.e.j.s.ServletContextHandler@3cc81974{static,/static,file:///home/runner/work/ozone/ozone/hadoop-ozone/integration-test/target/test-classes/webapps/static,STOPPED}
2023-06-07 12:08:17,698 [Time-limited test] INFO  handler.ContextHandler (ContextHandler.java:doStop(1159)) - Stopped o.e.j.s.ServletContextHandler@35b17681{logs,/logs,file:///home/runner/work/ozone/ozone/hadoop-ozone/integration-test/target/log,STOPPED}
2023-06-07 12:08:17,702 [Time-limited test] INFO  server.StorageContainerManager (StorageContainerManager.java:stop(1606)) - Stopping SCM LayoutVersionManager Service.
2023-06-07 12:08:17,702 [Time-limited test] INFO  server.SCMSecurityProtocolServer (SCMSecurityProtocolServer.java:stop(403)) - Stopping the SCMSecurityProtocolServer.
2023-06-07 12:08:17,702 [Time-limited test] INFO  ipc.Server (Server.java:stop(3501)) - Stopping server on 9961
2023-06-07 12:08:17,703 [IPC Server listener on 9961] INFO  ipc.Server (Server.java:run(1430)) - Stopping IPC Server listener on 9961
2023-06-07 12:08:17,704 [IPC Server Responder] INFO  ipc.Server (Server.java:run(1563)) - Stopping IPC Server Responder
2023-06-07 12:08:17,704 [Time-limited test] INFO  server.SCMUpdateServiceGrpcServer (SCMUpdateServiceGrpcServer.java:stop(73)) - SCMUpdateService stopping
2023-06-07 12:08:17,711 [Time-limited test] INFO  server.SCMUpdateServiceGrpcServer (SCMUpdateServiceGrpcServer.java:stop(85)) - SCMUpdateService stopped!
2023-06-07 12:08:17,711 [Time-limited test] INFO  server.StorageContainerManager (StorageContainerManager.java:stop(1614)) - Stopping Block Manager Service.
2023-06-07 12:08:17,711 [Time-limited test] INFO  utils.BackgroundService (BackgroundService.java:shutdown(141)) - Shutting down service SCMBlockDeletingService
2023-06-07 12:08:17,711 [Time-limited test] INFO  utils.BackgroundService (BackgroundService.java:shutdown(141)) - Shutting down service SCMBlockDeletingService
2023-06-07 12:08:17,711 [Time-limited test] INFO  server.StorageContainerManager (StorageContainerManager.java:stopSecretManager(2030)) - Stopping block token manager.
2023-06-07 12:08:17,712 [Time-limited test] INFO  server.StorageContainerManager (StorageContainerManager.java:stop(1636)) - Stopping SCM Event Queue.
2023-06-07 12:08:17,713 [JvmPauseMonitor0] INFO  util.JvmPauseMonitor (JvmPauseMonitor.java:run(109)) - JvmPauseMonitor-b24dc519-4ac7-460c-9683-9f87433a51aa: Stopped
2023-06-07 12:08:17,714 [Time-limited test] INFO  server.StorageContainerManager (StorageContainerManager.java:stop(1647)) - Stopping SCM HA services.
2023-06-07 12:08:17,715 [Time-limited test] INFO  pipeline.BackgroundPipelineCreator (BackgroundPipelineCreator.java:stop(149)) - Stopping RatisPipelineUtilsThread.
2023-06-07 12:08:17,715 [RatisPipelineUtilsThread - 0] WARN  pipeline.BackgroundPipelineCreator (BackgroundPipelineCreator.java:run(180)) - RatisPipelineUtilsThread is interrupted.
2023-06-07 12:08:17,715 [Time-limited test] INFO  BackgroundPipelineScrubber (BackgroundSCMService.java:stop(131)) - Stopping BackgroundPipelineScrubber Service.
2023-06-07 12:08:17,715 [BackgroundPipelineScrubberThread] WARN  BackgroundPipelineScrubber (BackgroundSCMService.java:run(115)) - BackgroundPipelineScrubber is interrupted, exit
2023-06-07 12:08:17,716 [Time-limited test] INFO  impl.MetricsSystemImpl (MetricsSystemImpl.java:stop(210)) - Stopping StorageContainerManager metrics system...
2023-06-07 12:08:17,718 [prometheus] INFO  impl.MetricsSinkAdapter (MetricsSinkAdapter.java:publishMetricsFromQueue(141)) - prometheus thread interrupted.
2023-06-07 12:08:17,718 [Time-limited test] INFO  impl.MetricsSystemImpl (MetricsSystemImpl.java:stop(216)) - StorageContainerManager metrics system stopped.
2023-06-07 12:08:17,720 [Time-limited test] WARN  pipeline.BackgroundPipelineCreator (BackgroundPipelineCreator.java:stop(145)) - RatisPipelineUtilsThread is not running, just ignore.
2023-06-07 12:08:17,720 [Time-limited test] INFO  BackgroundPipelineScrubber (BackgroundSCMService.java:stop(126)) - BackgroundPipelineScrubber Service is not running, skip stop.
2023-06-07 12:08:17,721 [ExpiredContainerReplicaOpScrubberThread] WARN  ExpiredContainerReplicaOpScrubber (BackgroundSCMService.java:run(115)) - ExpiredContainerReplicaOpScrubber is interrupted, exit
2023-06-07 12:08:17,722 [Time-limited test] INFO  ExpiredContainerReplicaOpScrubber (BackgroundSCMService.java:stop(131)) - Stopping ExpiredContainerReplicaOpScrubber Service.
2023-06-07 12:08:17,722 [Time-limited test] INFO  utils.BackgroundService (BackgroundService.java:shutdown(141)) - Shutting down service SCMBlockDeletingService
2023-06-07 12:08:17,722 [Time-limited test] INFO  replication.ReplicationManager (ReplicationManager.java:stop(342)) - Replication Monitor Thread is not running.
2023-06-07 12:08:17,722 [Time-limited test] WARN  balancer.ContainerBalancer (ContainerBalancer.java:stop(328)) - Cannot stop Container Balancer because it's not running or stopping
2023-06-07 12:08:17,723 [Lease Manager-LeaseManager#LeaseMonitor] WARN  lease.LeaseManager (LeaseManager.java:run(272)) - Lease manager is interrupted. Shutting down...
java.lang.InterruptedException
	at java.util.concurrent.locks.AbstractQueuedSynchronizer.doAcquireSharedNanos(AbstractQueuedSynchronizer.java:1039)
	at java.util.concurrent.locks.AbstractQueuedSynchronizer.tryAcquireSharedNanos(AbstractQueuedSynchronizer.java:1328)
	at java.util.concurrent.Semaphore.tryAcquire(Semaphore.java:409)
	at org.apache.hadoop.ozone.lease.LeaseManager$LeaseMonitor.run(LeaseManager.java:270)
	at java.lang.Thread.run(Thread.java:750)
2023-06-07 12:08:17,723 [Time-limited test] INFO  server.StorageContainerManager (StorageContainerManager.java:stop(1682)) - Stopping SCM MetadataStore.
2023-06-07 12:08:17,728 [Time-limited test] INFO  impl.DefaultInternalKdcServerImpl (DefaultInternalKdcServerImpl.java:doStop(102)) - Default Internal kdc server stopped.
2023-06-07 12:08:18,729 [Time-limited test] INFO  minikdc.MiniKdc (MiniKdc.java:stop(359)) - MiniKdc stopped.
2023-06-07 12:08:18,729 [Time-limited test] INFO  server.StorageContainerManager (StorageContainerManager.java:stop(1549)) - Storage Container Manager is not running.
2023-06-07 12:08:18,729 [Time-limited test] INFO  server.StorageContainerManager (StorageContainerManager.java:stopReplicationManager(1691)) - Stopping Replication Manager Service.
2023-06-07 12:08:18,729 [Time-limited test] INFO  replication.ReplicationManager (ReplicationManager.java:stop(342)) - Replication Monitor Thread is not running.
2023-06-07 12:08:18,729 [Time-limited test] INFO  server.SCMSecurityProtocolServer (SCMSecurityProtocolServer.java:join(413)) - Join RPC server for SCMSecurityProtocolServer.
2023-06-07 12:08:18,729 [Time-limited test] INFO  server.SCMSecurityProtocolServer (SCMSecurityProtocolServer.java:join(415)) - Join gRPC server for SCMSecurityProtocolServer.
]]></system-out>
  </testcase>
  <testcase name="testSCMSecurityProtocol" classname="org.apache.hadoop.ozone.TestSecureOzoneCluster" time="5.057">
    <system-out><![CDATA[2023-06-07 12:08:18,751 [Time-limited test] INFO  net.ServerSocketUtil (ServerSocketUtil.java:getPort(55)) - Using port 9860
2023-06-07 12:08:18,752 [Time-limited test] INFO  net.ServerSocketUtil (ServerSocketUtil.java:getPort(55)) - Using port 9861
2023-06-07 12:08:18,752 [Time-limited test] INFO  net.ServerSocketUtil (ServerSocketUtil.java:getPort(55)) - Using port 9863
2023-06-07 12:08:18,752 [Time-limited test] INFO  net.ServerSocketUtil (ServerSocketUtil.java:getPort(55)) - Using port 9961
2023-06-07 12:08:18,752 [Time-limited test] INFO  net.ServerSocketUtil (ServerSocketUtil.java:getPort(55)) - Using port 1200
2023-06-07 12:08:18,752 [Time-limited test] INFO  net.ServerSocketUtil (ServerSocketUtil.java:getPort(55)) - Using port 1201
2023-06-07 12:08:18,752 [Time-limited test] INFO  minikdc.MiniKdc (MiniKdc.java:<init>(225)) - Configuration:
2023-06-07 12:08:18,752 [Time-limited test] INFO  minikdc.MiniKdc (MiniKdc.java:<init>(226)) - ---------------------------------------------------------------
2023-06-07 12:08:18,753 [Time-limited test] INFO  minikdc.MiniKdc (MiniKdc.java:<init>(228)) -   debug: false
2023-06-07 12:08:18,753 [Time-limited test] INFO  minikdc.MiniKdc (MiniKdc.java:<init>(228)) -   transport: TCP
2023-06-07 12:08:18,753 [Time-limited test] INFO  minikdc.MiniKdc (MiniKdc.java:<init>(228)) -   max.ticket.lifetime: 86400000
2023-06-07 12:08:18,753 [Time-limited test] INFO  minikdc.MiniKdc (MiniKdc.java:<init>(228)) -   org.name: EXAMPLE
2023-06-07 12:08:18,753 [Time-limited test] INFO  minikdc.MiniKdc (MiniKdc.java:<init>(228)) -   kdc.port: 0
2023-06-07 12:08:18,753 [Time-limited test] INFO  minikdc.MiniKdc (MiniKdc.java:<init>(228)) -   org.domain: COM
2023-06-07 12:08:18,753 [Time-limited test] INFO  minikdc.MiniKdc (MiniKdc.java:<init>(228)) -   max.renewable.lifetime: 604800000
2023-06-07 12:08:18,753 [Time-limited test] INFO  minikdc.MiniKdc (MiniKdc.java:<init>(228)) -   instance: DefaultKrbServer
2023-06-07 12:08:18,753 [Time-limited test] INFO  minikdc.MiniKdc (MiniKdc.java:<init>(228)) -   kdc.bind.address: localhost
2023-06-07 12:08:18,753 [Time-limited test] INFO  minikdc.MiniKdc (MiniKdc.java:<init>(230)) - ---------------------------------------------------------------
2023-06-07 12:08:18,756 [Time-limited test] INFO  minikdc.MiniKdc (MiniKdc.java:start(285)) - MiniKdc started.
2023-06-07 12:08:19,036 [Time-limited test] WARN  server.ServerUtils (ServerUtils.java:getScmDbDir(155)) - ozone.scm.db.dirs is not configured. We recommend adding this setting. Falling back to ozone.metadata.dirs instead.
2023-06-07 12:08:19,036 [Time-limited test] INFO  ha.HASecurityUtils (HASecurityUtils.java:initializeSecurity(93)) - Initializing secure StorageContainerManager.
2023-06-07 12:08:19,037 [Time-limited test] INFO  client.SCMCertificateClient (DefaultCertificateClient.java:init(650)) - Certificate client init case: 0
2023-06-07 12:08:19,037 [Time-limited test] INFO  client.SCMCertificateClient (SCMCertificateClient.java:handleCase(68)) - Creating keypair for client as keypair and certificate not found.
2023-06-07 12:08:19,327 [Time-limited test] INFO  ha.HASecurityUtils (HASecurityUtils.java:initializeSecurity(99)) - Init response: GETCERT
2023-06-07 12:08:19,599 [Time-limited test] INFO  ozone.OzoneSecurityUtil (OzoneSecurityUtil.java:getValidInetsForCurrentHost(118)) - ip:fe80:0:0:0:20d:3aff:fe5e:ae76%eth0 not returned.
2023-06-07 12:08:19,599 [Time-limited test] INFO  ozone.OzoneSecurityUtil (OzoneSecurityUtil.java:getValidInetsForCurrentHost(115)) - Adding ip:10.1.0.7,host:fv-az83-744
2023-06-07 12:08:19,599 [Time-limited test] INFO  ozone.OzoneSecurityUtil (OzoneSecurityUtil.java:getValidInetsForCurrentHost(118)) - ip:0:0:0:0:0:0:0:1%lo not returned.
2023-06-07 12:08:19,599 [Time-limited test] INFO  ozone.OzoneSecurityUtil (OzoneSecurityUtil.java:getValidInetsForCurrentHost(118)) - ip:127.0.0.1 not returned.
2023-06-07 12:08:19,599 [Time-limited test] ERROR utils.SelfSignedCertificate (SelfSignedCertificate.java:lambda$addInetAddresses$0(245)) - Invalid domain fv-az83-744
2023-06-07 12:08:19,603 [Time-limited test] INFO  utils.SelfSignedCertificate (SelfSignedCertificate.java:generateCertificate(158)) - Certificate 1 is issued by CN=scm@fv-az83-744,OU=f2f69efc-5e72-412d-9e72-5bcba3514d50,O=45ab4740-f28d-4b63-930a-c670cdab6a98 to CN=scm@fv-az83-744,OU=f2f69efc-5e72-412d-9e72-5bcba3514d50,O=45ab4740-f28d-4b63-930a-c670cdab6a98, valid from Wed Jun 07 12:08:19 UTC 2023 to Sat Jul 15 12:08:19 UTC 2028
2023-06-07 12:08:19,604 [Time-limited test] INFO  ozone.OzoneSecurityUtil (OzoneSecurityUtil.java:getValidInetsForCurrentHost(118)) - ip:fe80:0:0:0:20d:3aff:fe5e:ae76%eth0 not returned.
2023-06-07 12:08:19,604 [Time-limited test] INFO  ozone.OzoneSecurityUtil (OzoneSecurityUtil.java:getValidInetsForCurrentHost(115)) - Adding ip:10.1.0.7,host:fv-az83-744
2023-06-07 12:08:19,604 [Time-limited test] INFO  ozone.OzoneSecurityUtil (OzoneSecurityUtil.java:getValidInetsForCurrentHost(118)) - ip:0:0:0:0:0:0:0:1%lo not returned.
2023-06-07 12:08:19,605 [Time-limited test] INFO  ozone.OzoneSecurityUtil (OzoneSecurityUtil.java:getValidInetsForCurrentHost(118)) - ip:127.0.0.1 not returned.
2023-06-07 12:08:19,605 [Time-limited test] ERROR utils.CertificateSignRequest (CertificateSignRequest.java:lambda$addInetAddresses$0(296)) - Invalid domain fv-az83-744
2023-06-07 12:08:19,605 [Time-limited test] INFO  ha.HASecurityUtils (HASecurityUtils.java:generateCSR(280)) - Creating csr for SCM->hostName:fv-az83-744,scmId:f2f69efc-5e72-412d-9e72-5bcba3514d50,clusterId:45ab4740-f28d-4b63-930a-c670cdab6a98,subject:scm-sub@fv-az83-744
2023-06-07 12:08:19,617 [Time-limited test] INFO  ha.HASecurityUtils (HASecurityUtils.java:initializeSecurity(112)) - Successfully stored SCM signed certificate.
2023-06-07 12:08:19,619 [Time-limited test] WARN  server.ServerUtils (ServerUtils.java:getScmDbDir(155)) - ozone.scm.db.dirs is not configured. We recommend adding this setting. Falling back to ozone.metadata.dirs instead.
2023-06-07 12:08:19,619 [Time-limited test] INFO  ha.SCMHANodeDetails (SCMHANodeDetails.java:loadSCMHAConfig(209)) - ServiceID for StorageContainerManager is null
2023-06-07 12:08:19,619 [Time-limited test] INFO  ha.SCMHANodeDetails (SCMHANodeDetails.java:loadSCMHAConfig(214)) - ozone.scm.default.service.id is not defined, falling back to ozone.scm.service.ids to find serviceID for StorageContainerManager if it is HA enabled cluster
2023-06-07 12:08:19,620 [Time-limited test] INFO  client.SCMCertificateClient (DefaultCertificateClient.java:loadAllCertificates(151)) - Loading certificate from location:/tmp/junit3159529012745683601/junit4163841679822523362/scm-meta/scm/sub-ca/certs.
2023-06-07 12:08:19,621 [Time-limited test] INFO  client.SCMCertificateClient (DefaultCertificateClient.java:loadAllCertificates(195)) - Added certificate   [0]         Version: 3
         SerialNumber: 3960188793692
             IssuerDN: CN=scm@fv-az83-744,OU=f2f69efc-5e72-412d-9e72-5bcba3514d50,O=45ab4740-f28d-4b63-930a-c670cdab6a98
           Start Date: Wed Jun 07 12:08:19 UTC 2023
           Final Date: Sat Jul 15 12:08:19 UTC 2028
            SubjectDN: CN=scm-sub@fv-az83-744,OU=f2f69efc-5e72-412d-9e72-5bcba3514d50,O=45ab4740-f28d-4b63-930a-c670cdab6a98
           Public Key: RSA Public Key [74:8e:4d:f6:9a:5d:76:d3:c1:1c:90:c3:59:25:87:47:6f:09:06:6b],[56:66:d1:a4]
        modulus: bf31b6ee5dca02fb1c217040de7681c85ddf1b8f76aa4c4a4f993ff1831488ae2b89f3176daa39faa94481c6d8ced2d19ead6858bf055e2bf62b197e34e933d7c4bb71afd9ad3bf023357a7b7294067b9f49ffcc04448189c2f6391718065474c8ba218722834c7edf335fe36ffd374625443f85e27921c49af6333317ace007e644390b41b030109b62740e84d498b8be7e71d0b37559d4e84d9ac9148fd3360846be0fe1112fdf20e1fa26d4b7532c07ed9f607752a972a8bbeefc14db070ec8d928cae3240685ab13b6dc9666e9c65465c2e9ea4854be1bd53dfa1146eaff2bc9df4cd810dc89b457ec4473ce3bc5e3100c30070a4b0a73f879da5a52c52d
public exponent: 10001

  Signature Algorithm: SHA256WITHRSA
            Signature: 6f66210f2a27cbe9097e09ffb9b1bc67d48069b2
                       83fbf3893a3bef4b5bf35ba3c04adfd84eb24ea9
                       9bdff3d2d621404be9eec0e60bf5c0e286f0ef40
                       a576c062dbc76992bde8c1b520abbff236fd0be3
                       e0e2744c24166c9ac5612a4f093d3c4fc39a4390
                       51a7a08dc3f8bda56e813297d0bfada5cffaf269
                       ee220329cd71aded7da7b61cd0da9619350aea0c
                       fa25a07d8b8e674195f984fbfdbaf3961d739b44
                       f43616d425f9566a88fe5ebc076ee762013ad6b5
                       a9156e2685ce2d73a401d8ce22eb91bd0f37ed58
                       8df0ea3c98275d4173a4578524ee1db9e0cfe8aa
                       f3b0e3b2e3bad399726e5306c7c29c245538f401
                       d6f44e9350abd34bb1e0072a6438c7bc
       Extensions: 
                       critical(false) 2.5.29.17 value = Sequence
    Tagged [7] IMPLICIT 
        DER Octet String[4] 

                       critical(true) BasicConstraints: isCa(true)
                       critical(true) KeyUsage: 0xbe
 from file:/tmp/junit3159529012745683601/junit4163841679822523362/scm-meta/scm/sub-ca/certs/certificate.crt.
2023-06-07 12:08:19,623 [Time-limited test] INFO  client.SCMCertificateClient (DefaultCertificateClient.java:loadAllCertificates(195)) - Added certificate   [0]         Version: 3
         SerialNumber: 3960188793692
             IssuerDN: CN=scm@fv-az83-744,OU=f2f69efc-5e72-412d-9e72-5bcba3514d50,O=45ab4740-f28d-4b63-930a-c670cdab6a98
           Start Date: Wed Jun 07 12:08:19 UTC 2023
           Final Date: Sat Jul 15 12:08:19 UTC 2028
            SubjectDN: CN=scm-sub@fv-az83-744,OU=f2f69efc-5e72-412d-9e72-5bcba3514d50,O=45ab4740-f28d-4b63-930a-c670cdab6a98
           Public Key: RSA Public Key [74:8e:4d:f6:9a:5d:76:d3:c1:1c:90:c3:59:25:87:47:6f:09:06:6b],[56:66:d1:a4]
        modulus: bf31b6ee5dca02fb1c217040de7681c85ddf1b8f76aa4c4a4f993ff1831488ae2b89f3176daa39faa94481c6d8ced2d19ead6858bf055e2bf62b197e34e933d7c4bb71afd9ad3bf023357a7b7294067b9f49ffcc04448189c2f6391718065474c8ba218722834c7edf335fe36ffd374625443f85e27921c49af6333317ace007e644390b41b030109b62740e84d498b8be7e71d0b37559d4e84d9ac9148fd3360846be0fe1112fdf20e1fa26d4b7532c07ed9f607752a972a8bbeefc14db070ec8d928cae3240685ab13b6dc9666e9c65465c2e9ea4854be1bd53dfa1146eaff2bc9df4cd810dc89b457ec4473ce3bc5e3100c30070a4b0a73f879da5a52c52d
public exponent: 10001

  Signature Algorithm: SHA256WITHRSA
            Signature: 6f66210f2a27cbe9097e09ffb9b1bc67d48069b2
                       83fbf3893a3bef4b5bf35ba3c04adfd84eb24ea9
                       9bdff3d2d621404be9eec0e60bf5c0e286f0ef40
                       a576c062dbc76992bde8c1b520abbff236fd0be3
                       e0e2744c24166c9ac5612a4f093d3c4fc39a4390
                       51a7a08dc3f8bda56e813297d0bfada5cffaf269
                       ee220329cd71aded7da7b61cd0da9619350aea0c
                       fa25a07d8b8e674195f984fbfdbaf3961d739b44
                       f43616d425f9566a88fe5ebc076ee762013ad6b5
                       a9156e2685ce2d73a401d8ce22eb91bd0f37ed58
                       8df0ea3c98275d4173a4578524ee1db9e0cfe8aa
                       f3b0e3b2e3bad399726e5306c7c29c245538f401
                       d6f44e9350abd34bb1e0072a6438c7bc
       Extensions: 
                       critical(false) 2.5.29.17 value = Sequence
    Tagged [7] IMPLICIT 
        DER Octet String[4] 

                       critical(true) BasicConstraints: isCa(true)
                       critical(true) KeyUsage: 0xbe
 from file:/tmp/junit3159529012745683601/junit4163841679822523362/scm-meta/scm/sub-ca/certs/3960188793692.crt.
2023-06-07 12:08:19,625 [Time-limited test] INFO  client.SCMCertificateClient (DefaultCertificateClient.java:loadAllCertificates(195)) - Added certificate   [0]         Version: 3
         SerialNumber: 1
             IssuerDN: CN=scm@fv-az83-744,OU=f2f69efc-5e72-412d-9e72-5bcba3514d50,O=45ab4740-f28d-4b63-930a-c670cdab6a98
           Start Date: Wed Jun 07 12:08:19 UTC 2023
           Final Date: Sat Jul 15 12:08:19 UTC 2028
            SubjectDN: CN=scm@fv-az83-744,OU=f2f69efc-5e72-412d-9e72-5bcba3514d50,O=45ab4740-f28d-4b63-930a-c670cdab6a98
           Public Key: RSA Public Key [66:70:79:b0:22:f9:d3:06:71:a8:07:d2:ca:ea:f0:e8:64:a0:a0:4f],[56:66:d1:a4]
        modulus: 8e7bdd6d0155a8b60a729b6b3a1b2d4f0235690b8cd5f74cca66a495d45c28283482ee925ba593dd14dad6d3fce1f04f0b00c0657f44a59d186039d26dcdf317de259918ebd20aba45e240c5ed92d5ddfb16fbd7ed879fcf5ee5f4e59dfc589c1a199eca14cbe9be54805efd2e8d4f675852e4dbece7e60c44f88621127f2918c9aa8985ce8ae23b0c90f42e88beabf5eac6260a51d7aeb09e190b43eec0ceda8e918ca9778d69551f99984169ef25ba3d34b506db5c23d72e8987fb0fa09786fd63c803e788be08de0305536d77c72ec9d07c8d5ee90dc16bac36bfceebf50b004cd6605602a32ba4f5af599af2bd2671365ab068c9327285b2e60ccf0f4935
public exponent: 10001

  Signature Algorithm: SHA256WITHRSA
            Signature: 5ed3d919a3448e8c2a5cc5de5527bc94496327f1
                       ac17b5222db02611ceffda304407d9f975cca5bf
                       97252968931ba17862a9d297301b30e6f1932fa0
                       79ff49f516e27b06f1188d3935335eb65ff17941
                       5771e17eefeb86621a129bd1bf64270ed806526c
                       bde3cd124f3dcd3d0a9f81e2ec3c520550f1b1ce
                       de100fc4692b55b6e93fe61dbeb1ac815b8cb637
                       2b0c99b4cfee53e1918956fdea300cd04f3aace1
                       840d07af41e280bd61b8440682e767356d0aa12e
                       baa9d0d013d3c29dbd55cdb53b4fab28b386d0b6
                       6f0aa553406e86527a5d3fc7cb1a857fe7380345
                       7a134e3aef78f4f037350f8e7fd43343b276586b
                       26c4d7ae6b28b98901ce3d79b3912242
       Extensions: 
                       critical(true) BasicConstraints: isCa(true)
                       critical(true) KeyUsage: 0x6
                       critical(false) 2.5.29.17 value = Sequence
    Tagged [7] IMPLICIT 
        DER Octet String[4] 

 from file:/tmp/junit3159529012745683601/junit4163841679822523362/scm-meta/scm/sub-ca/certs/CA-1.crt.
2023-06-07 12:08:19,627 [Time-limited test] INFO  client.SCMCertificateClient (DefaultCertificateClient.java:startCertificateMonitor(1208)) - CertificateLifetimeMonitor for scm/sub-ca is started with first delay 161135989375 ms and interval 3333 ms.
2023-06-07 12:08:19,630 [pool-41-thread-1] INFO  request.KdcRequest (KdcRequest.java:preauth(651)) - The preauth data is empty.
2023-06-07 12:08:19,630 [pool-41-thread-1] INFO  server.KdcHandler (KdcHandler.java:handleRecoverableException(177)) - KRB error occurred while processing request:Additional pre-authentication required
2023-06-07 12:08:19,637 [pool-41-thread-2] INFO  request.AsRequest (AsRequest.java:issueTicket(112)) - AS_REQ ISSUE: authtime 1686139699637,scm/fv-az83-744@EXAMPLE.COM for krbtgt/EXAMPLE.COM@EXAMPLE.COM
2023-06-07 12:08:19,639 [Time-limited test] INFO  security.UserGroupInformation (UserGroupInformation.java:loginUserFromKeytab(1132)) - Login successful for user scm/fv-az83-744@EXAMPLE.COM using keytab file scm.keytab. Keytab auto renewal enabled : false
2023-06-07 12:08:19,639 [Time-limited test] INFO  server.StorageContainerManager (StorageContainerManager.java:loginAsSCMUserIfSecurityEnabled(1025)) - SCM login successful.
2023-06-07 12:08:19,639 [Time-limited test] WARN  utils.HAUtils (HAUtils.java:getMetaDir(352)) - ozone.scm.db.dirs is not configured. We recommend adding this setting. Falling back to ozone.metadata.dirs instead.
2023-06-07 12:08:19,639 [Time-limited test] WARN  db.DBStoreBuilder (DBStoreBuilder.java:applyDBDefinition(165)) - ozone.scm.db.dirs is not configured. We recommend adding this setting. Falling back to ozone.metadata.dirs instead.
2023-06-07 12:08:19,734 [Time-limited test] INFO  net.NodeSchemaLoader (NodeSchemaLoader.java:loadSchemaFromFile(129)) - Loading schema from [jar:file:/home/runner/.m2/repository/org/apache/ozone/hdds-common/1.4.0-SNAPSHOT/hdds-common-1.4.0-SNAPSHOT.jar!/network-topology-default.xml]
2023-06-07 12:08:19,734 [Time-limited test] INFO  net.NodeSchemaLoader (NodeSchemaLoader.java:loadSchema(176)) - Loading network topology layer schema file
2023-06-07 12:08:19,737 [Time-limited test] INFO  upgrade.AbstractLayoutVersionManager (AbstractLayoutVersionManager.java:init(83)) - Initializing Layout version manager with metadata layout = HADOOP_PRC_PORTS_IN_DATANODEDETAILS (version = 7), software layout = HADOOP_PRC_PORTS_IN_DATANODEDETAILS (version = 7)
2023-06-07 12:08:19,743 [Time-limited test] INFO  ha.SequenceIdGenerator (SequenceIdGenerator.java:upgradeToSequenceId(349)) - upgrade localId to 111677748019200000
2023-06-07 12:08:19,744 [Time-limited test] INFO  ha.SequenceIdGenerator (SequenceIdGenerator.java:upgradeToSequenceId(359)) - upgrade delTxnId to 0
2023-06-07 12:08:19,745 [Time-limited test] INFO  ha.SequenceIdGenerator (SequenceIdGenerator.java:upgradeToSequenceId(376)) - upgrade containerId to 0
2023-06-07 12:08:19,745 [Time-limited test] INFO  ha.SequenceIdGenerator (SequenceIdGenerator.java:<init>(220)) - Init the HA SequenceIdGenerator.
2023-06-07 12:08:19,746 [Time-limited test] INFO  node.SCMNodeManager (SCMNodeManager.java:<init>(159)) - Entering startup safe mode.
2023-06-07 12:08:19,746 [Time-limited test] INFO  algorithms.ContainerPlacementPolicyFactory (ContainerPlacementPolicyFactory.java:getPolicyInternal(86)) - Create container placement policy of type org.apache.hadoop.hdds.scm.container.placement.algorithms.SCMContainerPlacementRackAware
2023-06-07 12:08:19,746 [Time-limited test] INFO  algorithms.ContainerPlacementPolicyFactory (ContainerPlacementPolicyFactory.java:getPolicyInternal(86)) - Create container placement policy of type org.apache.hadoop.hdds.scm.container.placement.algorithms.SCMContainerPlacementRackScatter
2023-06-07 12:08:19,747 [Time-limited test] INFO  pipeline.PipelineStateManagerImpl (PipelineStateManagerImpl.java:initialize(78)) - No pipeline exists in current db
2023-06-07 12:08:19,747 [Time-limited test] INFO  algorithms.LeaderChoosePolicyFactory (LeaderChoosePolicyFactory.java:getPolicy(57)) - Create leader choose policy of type org.apache.hadoop.hdds.scm.pipeline.leader.choose.algorithms.MinLeaderCountChoosePolicy
2023-06-07 12:08:19,747 [Time-limited test] INFO  algorithms.ContainerPlacementPolicyFactory (ContainerPlacementPolicyFactory.java:getPolicyInternal(86)) - Create container placement policy of type org.apache.hadoop.hdds.scm.container.placement.algorithms.SCMContainerPlacementRackScatter
2023-06-07 12:08:19,747 [Time-limited test] INFO  ha.SCMServiceManager (SCMServiceManager.java:register(42)) - Registering service BackgroundPipelineCreator.
2023-06-07 12:08:19,747 [Time-limited test] INFO  pipeline.BackgroundPipelineCreator (BackgroundPipelineCreator.java:start(124)) - Starting RatisPipelineUtilsThread.
2023-06-07 12:08:19,749 [Time-limited test] INFO  BackgroundPipelineScrubber (BackgroundSCMService.java:start(68)) - Starting BackgroundPipelineScrubber Service.
2023-06-07 12:08:19,749 [Time-limited test] INFO  ha.SCMServiceManager (SCMServiceManager.java:register(42)) - Registering service BackgroundPipelineScrubber.
2023-06-07 12:08:19,749 [Time-limited test] INFO  ExpiredContainerReplicaOpScrubber (BackgroundSCMService.java:start(68)) - Starting ExpiredContainerReplicaOpScrubber Service.
2023-06-07 12:08:19,750 [Time-limited test] INFO  ha.SCMServiceManager (SCMServiceManager.java:register(42)) - Registering service ExpiredContainerReplicaOpScrubber.
2023-06-07 12:08:19,751 [Time-limited test] INFO  algorithms.PipelineChoosePolicyFactory (PipelineChoosePolicyFactory.java:createPipelineChoosePolicyFromClass(73)) - Create pipeline choose policy of type org.apache.hadoop.hdds.scm.pipeline.choose.algorithms.RandomPipelineChoosePolicy
2023-06-07 12:08:19,752 [Time-limited test] INFO  ha.SCMServiceManager (SCMServiceManager.java:register(42)) - Registering service SCMBlockDeletingService.
2023-06-07 12:08:19,752 [Time-limited test] INFO  replication.ReplicationManager (ReplicationManager.java:start(299)) - Starting Replication Monitor Thread.
2023-06-07 12:08:19,754 [Time-limited test] INFO  ha.SCMServiceManager (SCMServiceManager.java:register(42)) - Registering service ReplicationManager.
2023-06-07 12:08:19,755 [Time-limited test] INFO  safemode.ContainerSafeModeRule (ContainerSafeModeRule.java:<init>(89)) - containers with one replica threshold count 0
2023-06-07 12:08:19,755 [Time-limited test] INFO  safemode.HealthyPipelineSafeModeRule (HealthyPipelineSafeModeRule.java:initializeRule(169)) - Total pipeline count is 0, healthy pipeline threshold count is 0
2023-06-07 12:08:19,755 [Time-limited test] INFO  safemode.OneReplicaPipelineSafeModeRule (OneReplicaPipelineSafeModeRule.java:initializeRule(180)) - Total pipeline count is 0, pipeline's with at least one datanode reported threshold count is 0
2023-06-07 12:08:19,757 [Time-limited test] INFO  authority.DefaultCAServer (DefaultCAServer.java:lambda$processVerificationStatus$0(465)) - CertificateServer validation is successful
2023-06-07 12:08:19,758 [Time-limited test] INFO  authority.DefaultCAServer (DefaultCAServer.java:lambda$processVerificationStatus$0(465)) - CertificateServer validation is successful
2023-06-07 12:08:19,759 [Time-limited test] INFO  server.StorageContainerManager (StorageContainerManager.java:persistPrimarySCMCerts(893)) - Storing sub-ca certificate serialId 3960188793692 on primary SCM
2023-06-07 12:08:19,760 [Time-limited test] INFO  server.StorageContainerManager (StorageContainerManager.java:persistPrimarySCMCerts(901)) - Storing root certificate serialId 1
2023-06-07 12:08:19,761 [ReplicationMonitor] INFO  replication.ReplicationManager (ReplicationManager.java:processAll(374)) - Replication Manager is not ready to run until 300000ms after safemode exit
2023-06-07 12:08:19,762 [Time-limited test] INFO  ipc.CallQueueManager (CallQueueManager.java:<init>(90)) - Using callQueue: class java.util.concurrent.LinkedBlockingQueue, queueCapacity: 200, scheduler: class org.apache.hadoop.ipc.DefaultRpcScheduler, ipcBackoff: false.
2023-06-07 12:08:19,764 [Socket Reader #1 for port 9961] INFO  ipc.Server (Server.java:run(1319)) - Starting Socket Reader #1 for port 9961
2023-06-07 12:08:19,767 [Listener at 0.0.0.0/9961] INFO  hdds.HddsUtils (HddsUtils.java:preserveThreadName(843)) - Restoring thread name: Time-limited test
2023-06-07 12:08:19,768 [Time-limited test] INFO  server.StorageContainerManager (StorageContainerManager.java:<init>(398)) - SCM start with adminUsers: [scm/fv-az83-744@EXAMPLE.COM, scm]
2023-06-07 12:08:19,768 [Time-limited test] INFO  ipc.CallQueueManager (CallQueueManager.java:<init>(90)) - Using callQueue: class java.util.concurrent.LinkedBlockingQueue, queueCapacity: 10000, scheduler: class org.apache.hadoop.ipc.DefaultRpcScheduler, ipcBackoff: false.
2023-06-07 12:08:19,768 [Socket Reader #1 for port 9861] INFO  ipc.Server (Server.java:run(1319)) - Starting Socket Reader #1 for port 9861
2023-06-07 12:08:19,772 [Listener at 0.0.0.0/9861] INFO  hdds.HddsUtils (HddsUtils.java:preserveThreadName(843)) - Restoring thread name: Time-limited test
2023-06-07 12:08:19,772 [Time-limited test] INFO  ipc.CallQueueManager (CallQueueManager.java:<init>(90)) - Using callQueue: class java.util.concurrent.LinkedBlockingQueue, queueCapacity: 10000, scheduler: class org.apache.hadoop.ipc.DefaultRpcScheduler, ipcBackoff: false.
2023-06-07 12:08:19,773 [Socket Reader #1 for port 9863] INFO  ipc.Server (Server.java:run(1319)) - Starting Socket Reader #1 for port 9863
2023-06-07 12:08:19,774 [Listener at 0.0.0.0/9863] INFO  hdds.HddsUtils (HddsUtils.java:preserveThreadName(843)) - Restoring thread name: Time-limited test
2023-06-07 12:08:19,774 [Time-limited test] INFO  ipc.CallQueueManager (CallQueueManager.java:<init>(90)) - Using callQueue: class java.util.concurrent.LinkedBlockingQueue, queueCapacity: 10000, scheduler: class org.apache.hadoop.ipc.DefaultRpcScheduler, ipcBackoff: false.
2023-06-07 12:08:19,779 [Socket Reader #1 for port 9860] INFO  ipc.Server (Server.java:run(1319)) - Starting Socket Reader #1 for port 9860
2023-06-07 12:08:19,783 [Listener at 0.0.0.0/9860] INFO  hdds.HddsUtils (HddsUtils.java:preserveThreadName(843)) - Restoring thread name: Time-limited test
2023-06-07 12:08:19,787 [Time-limited test] INFO  ha.SCMServiceManager (SCMServiceManager.java:register(42)) - Registering service ContainerBalancer.
2023-06-07 12:08:19,787 [Time-limited test] INFO  server.StorageContainerManager (StorageContainerManager.java:<init>(415)) - 
Container Balancer status:
Key                            Value
Running                        false
Container Balancer Configuration values:
Key                                                Value
Threshold                                          10
Max Datanodes to Involve per Iteration(percent)    20
Max Size to Move per Iteration                     500GB
Max Size Entering Target per Iteration             26GB
Max Size Leaving Source per Iteration              26GB

2023-06-07 12:08:19,787 [Time-limited test] INFO  ha.SCMContext (SCMContext.java:updateSafeModeStatus(228)) - Update SafeModeStatus from SafeModeStatus{safeModeStatus=true, preCheckPassed=false} to SafeModeStatus{safeModeStatus=true, preCheckPassed=false}.
2023-06-07 12:08:19,787 [Time-limited test] INFO  server.StorageContainerManager (StorageContainerManager.java:start(1466)) - StorageContainerLocationProtocol RPC server is listening at /0.0.0.0:9860
2023-06-07 12:08:19,789 [Time-limited test] WARN  impl.MetricsConfig (MetricsConfig.java:loadFirst(136)) - Cannot locate configuration: tried hadoop-metrics2-storagecontainermanager.properties,hadoop-metrics2.properties
2023-06-07 12:08:19,789 [Time-limited test] INFO  impl.MetricsSystemImpl (MetricsSystemImpl.java:startTimer(378)) - Scheduled Metric snapshot period at 10 second(s).
2023-06-07 12:08:19,790 [Time-limited test] INFO  impl.MetricsSystemImpl (MetricsSystemImpl.java:start(191)) - StorageContainerManager metrics system started
2023-06-07 12:08:19,804 [Time-limited test] INFO  impl.MetricsSinkAdapter (MetricsSinkAdapter.java:start(204)) - Sink prometheus started
2023-06-07 12:08:19,804 [Time-limited test] INFO  impl.MetricsSystemImpl (MetricsSystemImpl.java:registerSink(305)) - Registered sink prometheus
2023-06-07 12:08:19,830 [Time-limited test] INFO  server.SCMClientProtocolServer (SCMClientProtocolServer.java:start(201)) - RPC server for Client  is listening at /0.0.0.0:9860
2023-06-07 12:08:19,830 [IPC Server Responder] INFO  ipc.Server (Server.java:run(1558)) - IPC Server Responder: starting
2023-06-07 12:08:19,843 [Time-limited test] INFO  server.StorageContainerManager (StorageContainerManager.java:start(1480)) - ScmBlockLocationProtocol RPC server is listening at /0.0.0.0:9863
2023-06-07 12:08:19,848 [Time-limited test] INFO  server.SCMBlockProtocolServer (SCMBlockProtocolServer.java:start(152)) - RPC server for Block Protocol is listening at /0.0.0.0:9863
2023-06-07 12:08:19,831 [IPC Server listener on 9860] INFO  ipc.Server (Server.java:run(1398)) - IPC Server listener on 9860: starting
2023-06-07 12:08:19,849 [IPC Server Responder] INFO  ipc.Server (Server.java:run(1558)) - IPC Server Responder: starting
2023-06-07 12:08:19,849 [IPC Server listener on 9863] INFO  ipc.Server (Server.java:run(1398)) - IPC Server listener on 9863: starting
2023-06-07 12:08:19,864 [Time-limited test] INFO  server.SCMDatanodeProtocolServer (SCMDatanodeProtocolServer.java:start(193)) - ScmDatanodeProtocol RPC server for DataNodes is listening at /0.0.0.0:9861
2023-06-07 12:08:19,866 [IPC Server Responder] INFO  ipc.Server (Server.java:run(1558)) - IPC Server Responder: starting
2023-06-07 12:08:19,866 [IPC Server listener on 9861] INFO  ipc.Server (Server.java:run(1398)) - IPC Server listener on 9861: starting
2023-06-07 12:08:19,875 [Time-limited test] INFO  server.SCMSecurityProtocolServer (SCMSecurityProtocolServer.java:start(395)) - Starting RPC server for SCMSecurityProtocolServer. is listening at /0.0.0.0:9961
2023-06-07 12:08:19,876 [IPC Server Responder] INFO  ipc.Server (Server.java:run(1558)) - IPC Server Responder: starting
2023-06-07 12:08:19,876 [IPC Server listener on 9961] INFO  ipc.Server (Server.java:run(1398)) - IPC Server listener on 9961: starting
2023-06-07 12:08:19,877 [Time-limited test] INFO  server.SCMUpdateServiceGrpcServer (SCMUpdateServiceGrpcServer.java:start(58)) - SCMUpdateService starting
2023-06-07 12:08:19,885 [JvmPauseMonitor1] INFO  util.JvmPauseMonitor (JvmPauseMonitor.java:run(103)) - JvmPauseMonitor-f2f69efc-5e72-412d-9e72-5bcba3514d50: Started
2023-06-07 12:08:19,885 [Time-limited test] INFO  http.BaseHttpServer (BaseHttpServer.java:newHttpServer2BuilderForOzone(224)) - Starting Web-server for scm at: http://0.0.0.0:9876
2023-06-07 12:08:19,885 [Time-limited test] INFO  http.BaseHttpServer (BaseHttpServer.java:<init>(111)) - Hadoop Security Enabled: true Ozone Security Enabled: true Ozone HTTP Security Enabled: false 
2023-06-07 12:08:19,887 [Time-limited test] WARN  server.AuthenticationFilter (AuthenticationFilter.java:constructSecretProvider(240)) - Unable to initialize FileSignerSecretProvider, falling back to use random secrets. Reason: Could not read signature secret file: /home/runner/hadoop-http-auth-signature-secret
2023-06-07 12:08:19,890 [Time-limited test] INFO  http.HttpRequestLog (HttpRequestLog.java:getRequestLog(86)) - Http request log for http.requests.scm is not defined
2023-06-07 12:08:19,894 [Time-limited test] INFO  http.HttpServer2 (HttpServer2.java:addGlobalFilter(1031)) - Added global filter 'safety' (class=org.apache.hadoop.hdds.server.http.HttpServer2$QuotingInputFilter)
2023-06-07 12:08:19,895 [Time-limited test] INFO  http.HttpServer2 (HttpServer2.java:addFilter(1007)) - Added filter static_user_filter (class=org.apache.hadoop.http.lib.StaticUserWebFilter$StaticUserFilter) to context scm
2023-06-07 12:08:19,895 [Time-limited test] INFO  http.HttpServer2 (HttpServer2.java:addFilter(1015)) - Added filter static_user_filter (class=org.apache.hadoop.http.lib.StaticUserWebFilter$StaticUserFilter) to context logs
2023-06-07 12:08:19,895 [Time-limited test] INFO  http.HttpServer2 (HttpServer2.java:addFilter(1015)) - Added filter static_user_filter (class=org.apache.hadoop.http.lib.StaticUserWebFilter$StaticUserFilter) to context static
2023-06-07 12:08:19,897 [Time-limited test] INFO  http.BaseHttpServer (BaseHttpServer.java:<init>(190)) - HTTP server of scm uses base directory /tmp/junit3159529012745683601/junit4163841679822523362/scm-meta/webserver
2023-06-07 12:08:19,899 [Time-limited test] INFO  http.HttpServer2 (HttpServer2.java:bindListener(1250)) - Jetty bound to port 9876
2023-06-07 12:08:19,899 [Time-limited test] INFO  server.Server (Server.java:doStart(375)) - jetty-9.4.51.v20230217; built: 2023-02-17T08:19:37.309Z; git: b45c405e4544384de066f814ed42ae3dceacdd49; jvm 1.8.0_372-b07
2023-06-07 12:08:19,901 [Time-limited test] INFO  server.session (DefaultSessionIdManager.java:doStart(334)) - DefaultSessionIdManager workerName=node0
2023-06-07 12:08:19,901 [Time-limited test] INFO  server.session (DefaultSessionIdManager.java:doStart(339)) - No SessionScavenger set, using defaults
2023-06-07 12:08:19,901 [Time-limited test] INFO  server.session (HouseKeeper.java:startScavenging(132)) - node0 Scavenging every 600000ms
2023-06-07 12:08:19,902 [Time-limited test] INFO  handler.ContextHandler (ContextHandler.java:doStart(921)) - Started o.e.j.s.ServletContextHandler@74850367{logs,/logs,file:///home/runner/work/ozone/ozone/hadoop-ozone/integration-test/target/log,AVAILABLE}
2023-06-07 12:08:19,902 [Time-limited test] INFO  handler.ContextHandler (ContextHandler.java:doStart(921)) - Started o.e.j.s.ServletContextHandler@6888c370{static,/static,file:///home/runner/work/ozone/ozone/hadoop-ozone/integration-test/target/test-classes/webapps/static,AVAILABLE}
2023-06-07 12:08:19,907 [Time-limited test] INFO  handler.ContextHandler (ContextHandler.java:doStart(921)) - Started o.e.j.w.WebAppContext@78962114{scm,/,file:///home/runner/work/ozone/ozone/hadoop-ozone/integration-test/target/test-classes/webapps/scm/,AVAILABLE}{file:/home/runner/work/ozone/ozone/hadoop-ozone/integration-test/target/test-classes/webapps/scm}
2023-06-07 12:08:19,913 [Time-limited test] INFO  server.AbstractConnector (AbstractConnector.java:doStart(333)) - Started ServerConnector@6006ca93{HTTP/1.1, (http/1.1)}{0.0.0.0:9876}
2023-06-07 12:08:19,913 [Time-limited test] INFO  server.Server (Server.java:doStart(415)) - Started @24923ms
2023-06-07 12:08:19,913 [Time-limited test] WARN  impl.MetricsSystemImpl (MetricsSystemImpl.java:register(279)) - Sink prometheus already exists!
2023-06-07 12:08:19,915 [Time-limited test] INFO  http.BaseHttpServer (BaseHttpServer.java:updateConnectorAddress(344)) - HTTP server of scm listening at http://0.0.0.0:9876
2023-06-07 12:08:19,919 [pool-41-thread-2] INFO  request.KdcRequest (KdcRequest.java:preauth(651)) - The preauth data is empty.
2023-06-07 12:08:19,919 [pool-41-thread-2] INFO  server.KdcHandler (KdcHandler.java:handleRecoverableException(177)) - KRB error occurred while processing request:Additional pre-authentication required
2023-06-07 12:08:19,927 [pool-41-thread-2] INFO  request.AsRequest (AsRequest.java:issueTicket(112)) - AS_REQ ISSUE: authtime 1686139699926,test@EXAMPLE.COM for krbtgt/EXAMPLE.COM@EXAMPLE.COM
2023-06-07 12:08:19,994 [pool-41-thread-2] INFO  request.TgsRequest (TgsRequest.java:issueTicket(115)) - TGS_REQ ISSUE: authtime 1686139699993,test for scm/fv-az83-744@EXAMPLE.COM
2023-06-07 12:08:20,008 [Socket Reader #1 for port 9961] INFO  ipc.Server (Server.java:saslProcess(2116)) - Auth successful for test@EXAMPLE.COM (auth:KERBEROS) from 10.1.0.7:55674
2023-06-07 12:08:20,061 [IPC Server handler 1 on default port 9961] INFO  server.SCMSecurityProtocolServer (SCMSecurityProtocolServer.java:getCertificate(278)) - Certificate with serial id 100 not found.
2023-06-07 12:08:20,070 [Time-limited test] WARN  ipc.Client (Client.java:run(749)) - Exception encountered while connecting to the server 
org.apache.hadoop.security.AccessControlException: Client cannot authenticate via:[KERBEROS]
	at org.apache.hadoop.security.SaslRpcClient.selectSaslClient(SaslRpcClient.java:179)
	at org.apache.hadoop.security.SaslRpcClient.saslConnect(SaslRpcClient.java:392)
	at org.apache.hadoop.ipc.Client$Connection.setupSaslConnection(Client.java:577)
	at org.apache.hadoop.ipc.Client$Connection.access$2100(Client.java:363)
	at org.apache.hadoop.ipc.Client$Connection$2.run(Client.java:800)
	at org.apache.hadoop.ipc.Client$Connection$2.run(Client.java:796)
	at java.security.AccessController.doPrivileged(Native Method)
	at javax.security.auth.Subject.doAs(Subject.java:422)
	at org.apache.hadoop.security.UserGroupInformation.doAs(UserGroupInformation.java:1899)
	at org.apache.hadoop.ipc.Client$Connection.setupIOstreams(Client.java:796)
	at org.apache.hadoop.ipc.Client$Connection.access$3800(Client.java:363)
	at org.apache.hadoop.ipc.Client.getConnection(Client.java:1649)
	at org.apache.hadoop.ipc.Client.call(Client.java:1474)
	at org.apache.hadoop.ipc.Client.call(Client.java:1427)
	at org.apache.hadoop.ipc.ProtobufRpcEngine$Invoker.invoke(ProtobufRpcEngine.java:250)
	at org.apache.hadoop.ipc.ProtobufRpcEngine$Invoker.invoke(ProtobufRpcEngine.java:132)
	at com.sun.proxy.$Proxy45.submitRequest(Unknown Source)
	at sun.reflect.NativeMethodAccessorImpl.invoke0(Native Method)
	at sun.reflect.NativeMethodAccessorImpl.invoke(NativeMethodAccessorImpl.java:62)
	at sun.reflect.DelegatingMethodAccessorImpl.invoke(DelegatingMethodAccessorImpl.java:43)
	at java.lang.reflect.Method.invoke(Method.java:498)
	at org.apache.hadoop.io.retry.RetryInvocationHandler.invokeMethod(RetryInvocationHandler.java:433)
	at org.apache.hadoop.io.retry.RetryInvocationHandler$Call.invokeMethod(RetryInvocationHandler.java:166)
	at org.apache.hadoop.io.retry.RetryInvocationHandler$Call.invoke(RetryInvocationHandler.java:158)
	at org.apache.hadoop.io.retry.RetryInvocationHandler$Call.invokeOnce(RetryInvocationHandler.java:96)
	at org.apache.hadoop.io.retry.RetryInvocationHandler.invoke(RetryInvocationHandler.java:362)
	at com.sun.proxy.$Proxy45.submitRequest(Unknown Source)
	at org.apache.hadoop.hdds.protocolPB.SCMSecurityProtocolClientSideTranslatorPB.submitRequest(SCMSecurityProtocolClientSideTranslatorPB.java:101)
	at org.apache.hadoop.hdds.protocolPB.SCMSecurityProtocolClientSideTranslatorPB.getCACert(SCMSecurityProtocolClientSideTranslatorPB.java:314)
	at org.apache.hadoop.hdds.protocolPB.SCMSecurityProtocolClientSideTranslatorPB.getCACertificate(SCMSecurityProtocolClientSideTranslatorPB.java:307)
	at org.apache.ozone.test.LambdaTestUtils.intercept(LambdaTestUtils.java:491)
	at org.apache.ozone.test.LambdaTestUtils.intercept(LambdaTestUtils.java:377)
	at org.apache.ozone.test.LambdaTestUtils.intercept(LambdaTestUtils.java:446)
	at org.apache.hadoop.ozone.TestSecureOzoneCluster.testSCMSecurityProtocol(TestSecureOzoneCluster.java:399)
	at sun.reflect.NativeMethodAccessorImpl.invoke0(Native Method)
	at sun.reflect.NativeMethodAccessorImpl.invoke(NativeMethodAccessorImpl.java:62)
	at sun.reflect.DelegatingMethodAccessorImpl.invoke(DelegatingMethodAccessorImpl.java:43)
	at java.lang.reflect.Method.invoke(Method.java:498)
	at org.junit.runners.model.FrameworkMethod$1.runReflectiveCall(FrameworkMethod.java:59)
	at org.junit.internal.runners.model.ReflectiveCallable.run(ReflectiveCallable.java:12)
	at org.junit.runners.model.FrameworkMethod.invokeExplosively(FrameworkMethod.java:56)
	at org.junit.internal.runners.statements.InvokeMethod.evaluate(InvokeMethod.java:17)
	at org.junit.internal.runners.statements.RunBefores.evaluate(RunBefores.java:26)
	at org.junit.internal.runners.statements.RunAfters.evaluate(RunAfters.java:27)
	at org.junit.rules.ExternalResource$1.evaluate(ExternalResource.java:54)
	at org.junit.internal.runners.statements.FailOnTimeout$CallableStatement.call(FailOnTimeout.java:288)
	at org.junit.internal.runners.statements.FailOnTimeout$CallableStatement.call(FailOnTimeout.java:282)
	at java.util.concurrent.FutureTask.run(FutureTask.java:266)
	at java.lang.Thread.run(Thread.java:750)
2023-06-07 12:08:20,079 [Time-limited test] WARN  ipc.Client (Client.java:run(749)) - Exception encountered while connecting to the server 
org.apache.hadoop.security.AccessControlException: Client cannot authenticate via:[KERBEROS]
	at org.apache.hadoop.security.SaslRpcClient.selectSaslClient(SaslRpcClient.java:179)
	at org.apache.hadoop.security.SaslRpcClient.saslConnect(SaslRpcClient.java:392)
	at org.apache.hadoop.ipc.Client$Connection.setupSaslConnection(Client.java:577)
	at org.apache.hadoop.ipc.Client$Connection.access$2100(Client.java:363)
	at org.apache.hadoop.ipc.Client$Connection$2.run(Client.java:800)
	at org.apache.hadoop.ipc.Client$Connection$2.run(Client.java:796)
	at java.security.AccessController.doPrivileged(Native Method)
	at javax.security.auth.Subject.doAs(Subject.java:422)
	at org.apache.hadoop.security.UserGroupInformation.doAs(UserGroupInformation.java:1899)
	at org.apache.hadoop.ipc.Client$Connection.setupIOstreams(Client.java:796)
	at org.apache.hadoop.ipc.Client$Connection.access$3800(Client.java:363)
	at org.apache.hadoop.ipc.Client.getConnection(Client.java:1649)
	at org.apache.hadoop.ipc.Client.call(Client.java:1474)
	at org.apache.hadoop.ipc.Client.call(Client.java:1427)
	at org.apache.hadoop.ipc.ProtobufRpcEngine$Invoker.invoke(ProtobufRpcEngine.java:250)
	at org.apache.hadoop.ipc.ProtobufRpcEngine$Invoker.invoke(ProtobufRpcEngine.java:132)
	at com.sun.proxy.$Proxy45.submitRequest(Unknown Source)
	at sun.reflect.NativeMethodAccessorImpl.invoke0(Native Method)
	at sun.reflect.NativeMethodAccessorImpl.invoke(NativeMethodAccessorImpl.java:62)
	at sun.reflect.DelegatingMethodAccessorImpl.invoke(DelegatingMethodAccessorImpl.java:43)
	at java.lang.reflect.Method.invoke(Method.java:498)
	at org.apache.hadoop.io.retry.RetryInvocationHandler.invokeMethod(RetryInvocationHandler.java:433)
	at org.apache.hadoop.io.retry.RetryInvocationHandler$Call.invokeMethod(RetryInvocationHandler.java:166)
	at org.apache.hadoop.io.retry.RetryInvocationHandler$Call.invoke(RetryInvocationHandler.java:158)
	at org.apache.hadoop.io.retry.RetryInvocationHandler$Call.invokeOnce(RetryInvocationHandler.java:96)
	at org.apache.hadoop.io.retry.RetryInvocationHandler.invoke(RetryInvocationHandler.java:362)
	at com.sun.proxy.$Proxy45.submitRequest(Unknown Source)
	at org.apache.hadoop.hdds.protocolPB.SCMSecurityProtocolClientSideTranslatorPB.submitRequest(SCMSecurityProtocolClientSideTranslatorPB.java:101)
	at org.apache.hadoop.hdds.protocolPB.SCMSecurityProtocolClientSideTranslatorPB.getCertificate(SCMSecurityProtocolClientSideTranslatorPB.java:253)
	at org.apache.hadoop.ozone.TestSecureOzoneCluster.lambda$testSCMSecurityProtocol$1(TestSecureOzoneCluster.java:402)
	at org.apache.ozone.test.LambdaTestUtils.intercept(LambdaTestUtils.java:491)
	at org.apache.ozone.test.LambdaTestUtils.intercept(LambdaTestUtils.java:377)
	at org.apache.ozone.test.LambdaTestUtils.intercept(LambdaTestUtils.java:446)
	at org.apache.hadoop.ozone.TestSecureOzoneCluster.testSCMSecurityProtocol(TestSecureOzoneCluster.java:401)
	at sun.reflect.NativeMethodAccessorImpl.invoke0(Native Method)
	at sun.reflect.NativeMethodAccessorImpl.invoke(NativeMethodAccessorImpl.java:62)
	at sun.reflect.DelegatingMethodAccessorImpl.invoke(DelegatingMethodAccessorImpl.java:43)
	at java.lang.reflect.Method.invoke(Method.java:498)
	at org.junit.runners.model.FrameworkMethod$1.runReflectiveCall(FrameworkMethod.java:59)
	at org.junit.internal.runners.model.ReflectiveCallable.run(ReflectiveCallable.java:12)
	at org.junit.runners.model.FrameworkMethod.invokeExplosively(FrameworkMethod.java:56)
	at org.junit.internal.runners.statements.InvokeMethod.evaluate(InvokeMethod.java:17)
	at org.junit.internal.runners.statements.RunBefores.evaluate(RunBefores.java:26)
	at org.junit.internal.runners.statements.RunAfters.evaluate(RunAfters.java:27)
	at org.junit.rules.ExternalResource$1.evaluate(ExternalResource.java:54)
	at org.junit.internal.runners.statements.FailOnTimeout$CallableStatement.call(FailOnTimeout.java:288)
	at org.junit.internal.runners.statements.FailOnTimeout$CallableStatement.call(FailOnTimeout.java:282)
	at java.util.concurrent.FutureTask.run(FutureTask.java:266)
	at java.lang.Thread.run(Thread.java:750)
2023-06-07 12:08:20,080 [Time-limited test] INFO  server.StorageContainerManager (StorageContainerManager.java:stop(1560)) - Container Balancer is not running.
2023-06-07 12:08:20,080 [Time-limited test] INFO  server.StorageContainerManager (StorageContainerManager.java:stopReplicationManager(1691)) - Stopping Replication Manager Service.
2023-06-07 12:08:20,080 [Time-limited test] INFO  replication.ReplicationManager (ReplicationManager.java:stop(332)) - Stopping Replication Monitor Thread.
2023-06-07 12:08:20,081 [Under Replicated Processor] WARN  replication.UnhealthyReplicationProcessor (UnhealthyReplicationProcessor.java:run(167)) - Under Replicated Processor interrupted. Exiting...
2023-06-07 12:08:20,082 [Over Replicated Processor] WARN  replication.UnhealthyReplicationProcessor (UnhealthyReplicationProcessor.java:run(167)) - Over Replicated Processor interrupted. Exiting...
2023-06-07 12:08:20,086 [Time-limited test] INFO  server.StorageContainerManager (StorageContainerManager.java:stop(1569)) - Stopping the Datanode Admin Monitor.
2023-06-07 12:08:20,086 [ReplicationMonitor] INFO  replication.ReplicationManager (ReplicationManager.java:run(938)) - Replication Monitor Thread is stopped
2023-06-07 12:08:20,086 [Time-limited test] INFO  server.StorageContainerManager (StorageContainerManager.java:stop(1576)) - Stopping datanode service RPC server
2023-06-07 12:08:20,086 [Time-limited test] INFO  server.SCMDatanodeProtocolServer (SCMDatanodeProtocolServer.java:stop(424)) - Stopping the RPC server for DataNodes
2023-06-07 12:08:20,086 [Time-limited test] INFO  ipc.Server (Server.java:stop(3501)) - Stopping server on 9861
2023-06-07 12:08:20,100 [IPC Server listener on 9861] INFO  ipc.Server (Server.java:run(1430)) - Stopping IPC Server listener on 9861
2023-06-07 12:08:20,102 [IPC Server Responder] INFO  ipc.Server (Server.java:run(1563)) - Stopping IPC Server Responder
2023-06-07 12:08:22,746 [SCM Heartbeat Processing Thread - 0] WARN  node.NodeStateManager (NodeStateManager.java:scheduleNextHealthCheck(870)) - Current Thread is interrupted, shutting down HB processing thread for Node Manager.
2023-06-07 12:08:22,747 [Time-limited test] INFO  server.StorageContainerManager (StorageContainerManager.java:stop(1584)) - Stopping block service RPC server
2023-06-07 12:08:22,747 [Time-limited test] INFO  server.SCMBlockProtocolServer (SCMBlockProtocolServer.java:stop(161)) - Stopping the RPC server for Block Protocol
2023-06-07 12:08:22,748 [Time-limited test] INFO  ipc.Server (Server.java:stop(3501)) - Stopping server on 9863
2023-06-07 12:08:22,753 [IPC Server Responder] INFO  ipc.Server (Server.java:run(1563)) - Stopping IPC Server Responder
2023-06-07 12:08:22,753 [Time-limited test] INFO  server.StorageContainerManager (StorageContainerManager.java:stop(1591)) - Stopping the StorageContainerLocationProtocol RPC server
2023-06-07 12:08:22,754 [Time-limited test] INFO  server.SCMClientProtocolServer (SCMClientProtocolServer.java:stop(210)) - Stopping the RPC server for Client Protocol
2023-06-07 12:08:22,754 [Time-limited test] INFO  ipc.Server (Server.java:stop(3501)) - Stopping server on 9860
2023-06-07 12:08:22,754 [IPC Server listener on 9863] INFO  ipc.Server (Server.java:run(1430)) - Stopping IPC Server listener on 9863
2023-06-07 12:08:22,763 [IPC Server listener on 9860] INFO  ipc.Server (Server.java:run(1430)) - Stopping IPC Server listener on 9860
2023-06-07 12:08:22,765 [IPC Server Responder] INFO  ipc.Server (Server.java:run(1563)) - Stopping IPC Server Responder
2023-06-07 12:08:22,766 [Time-limited test] INFO  server.StorageContainerManager (StorageContainerManager.java:stop(1598)) - Stopping Storage Container Manager HTTP server.
2023-06-07 12:08:22,766 [Time-limited test] INFO  handler.ContextHandler (ContextHandler.java:doStop(1159)) - Stopped o.e.j.w.WebAppContext@78962114{scm,/,null,STOPPED}{file:/home/runner/work/ozone/ozone/hadoop-ozone/integration-test/target/test-classes/webapps/scm}
2023-06-07 12:08:22,770 [Time-limited test] INFO  server.AbstractConnector (AbstractConnector.java:doStop(383)) - Stopped ServerConnector@6006ca93{HTTP/1.1, (http/1.1)}{0.0.0.0:9876}
2023-06-07 12:08:22,771 [Time-limited test] INFO  server.session (HouseKeeper.java:stopScavenging(149)) - node0 Stopped scavenging
2023-06-07 12:08:22,771 [Time-limited test] INFO  handler.ContextHandler (ContextHandler.java:doStop(1159)) - Stopped o.e.j.s.ServletContextHandler@6888c370{static,/static,file:///home/runner/work/ozone/ozone/hadoop-ozone/integration-test/target/test-classes/webapps/static,STOPPED}
2023-06-07 12:08:22,771 [Time-limited test] INFO  handler.ContextHandler (ContextHandler.java:doStop(1159)) - Stopped o.e.j.s.ServletContextHandler@74850367{logs,/logs,file:///home/runner/work/ozone/ozone/hadoop-ozone/integration-test/target/log,STOPPED}
2023-06-07 12:08:22,772 [Time-limited test] INFO  server.StorageContainerManager (StorageContainerManager.java:stop(1606)) - Stopping SCM LayoutVersionManager Service.
2023-06-07 12:08:22,772 [Time-limited test] INFO  server.SCMSecurityProtocolServer (SCMSecurityProtocolServer.java:stop(403)) - Stopping the SCMSecurityProtocolServer.
2023-06-07 12:08:22,772 [Time-limited test] INFO  ipc.Server (Server.java:stop(3501)) - Stopping server on 9961
2023-06-07 12:08:22,772 [IPC Server listener on 9961] INFO  ipc.Server (Server.java:run(1430)) - Stopping IPC Server listener on 9961
2023-06-07 12:08:22,774 [IPC Server Responder] INFO  ipc.Server (Server.java:run(1563)) - Stopping IPC Server Responder
2023-06-07 12:08:22,774 [Time-limited test] INFO  server.SCMUpdateServiceGrpcServer (SCMUpdateServiceGrpcServer.java:stop(73)) - SCMUpdateService stopping
2023-06-07 12:08:22,777 [Time-limited test] INFO  server.SCMUpdateServiceGrpcServer (SCMUpdateServiceGrpcServer.java:stop(85)) - SCMUpdateService stopped!
2023-06-07 12:08:22,777 [Time-limited test] INFO  server.StorageContainerManager (StorageContainerManager.java:stop(1614)) - Stopping Block Manager Service.
2023-06-07 12:08:22,777 [Time-limited test] INFO  utils.BackgroundService (BackgroundService.java:shutdown(141)) - Shutting down service SCMBlockDeletingService
2023-06-07 12:08:22,778 [Time-limited test] INFO  utils.BackgroundService (BackgroundService.java:shutdown(141)) - Shutting down service SCMBlockDeletingService
2023-06-07 12:08:22,779 [Time-limited test] INFO  server.StorageContainerManager (StorageContainerManager.java:stop(1636)) - Stopping SCM Event Queue.
2023-06-07 12:08:22,780 [JvmPauseMonitor1] INFO  util.JvmPauseMonitor (JvmPauseMonitor.java:run(109)) - JvmPauseMonitor-f2f69efc-5e72-412d-9e72-5bcba3514d50: Stopped
2023-06-07 12:08:22,780 [Time-limited test] INFO  server.StorageContainerManager (StorageContainerManager.java:stop(1647)) - Stopping SCM HA services.
2023-06-07 12:08:22,781 [Time-limited test] INFO  pipeline.BackgroundPipelineCreator (BackgroundPipelineCreator.java:stop(149)) - Stopping RatisPipelineUtilsThread.
2023-06-07 12:08:22,781 [RatisPipelineUtilsThread - 0] WARN  pipeline.BackgroundPipelineCreator (BackgroundPipelineCreator.java:run(180)) - RatisPipelineUtilsThread is interrupted.
2023-06-07 12:08:22,781 [Time-limited test] INFO  BackgroundPipelineScrubber (BackgroundSCMService.java:stop(131)) - Stopping BackgroundPipelineScrubber Service.
2023-06-07 12:08:22,781 [BackgroundPipelineScrubberThread] WARN  BackgroundPipelineScrubber (BackgroundSCMService.java:run(115)) - BackgroundPipelineScrubber is interrupted, exit
2023-06-07 12:08:22,782 [Time-limited test] INFO  impl.MetricsSystemImpl (MetricsSystemImpl.java:stop(210)) - Stopping StorageContainerManager metrics system...
2023-06-07 12:08:22,785 [prometheus] INFO  impl.MetricsSinkAdapter (MetricsSinkAdapter.java:publishMetricsFromQueue(141)) - prometheus thread interrupted.
2023-06-07 12:08:22,785 [Time-limited test] INFO  impl.MetricsSystemImpl (MetricsSystemImpl.java:stop(216)) - StorageContainerManager metrics system stopped.
2023-06-07 12:08:22,785 [Time-limited test] WARN  pipeline.BackgroundPipelineCreator (BackgroundPipelineCreator.java:stop(145)) - RatisPipelineUtilsThread is not running, just ignore.
2023-06-07 12:08:22,785 [Time-limited test] INFO  BackgroundPipelineScrubber (BackgroundSCMService.java:stop(126)) - BackgroundPipelineScrubber Service is not running, skip stop.
2023-06-07 12:08:22,785 [Time-limited test] INFO  ExpiredContainerReplicaOpScrubber (BackgroundSCMService.java:stop(131)) - Stopping ExpiredContainerReplicaOpScrubber Service.
2023-06-07 12:08:22,785 [ExpiredContainerReplicaOpScrubberThread] WARN  ExpiredContainerReplicaOpScrubber (BackgroundSCMService.java:run(115)) - ExpiredContainerReplicaOpScrubber is interrupted, exit
2023-06-07 12:08:22,786 [Time-limited test] INFO  utils.BackgroundService (BackgroundService.java:shutdown(141)) - Shutting down service SCMBlockDeletingService
2023-06-07 12:08:22,786 [Time-limited test] INFO  replication.ReplicationManager (ReplicationManager.java:stop(342)) - Replication Monitor Thread is not running.
2023-06-07 12:08:22,786 [Time-limited test] WARN  balancer.ContainerBalancer (ContainerBalancer.java:stop(328)) - Cannot stop Container Balancer because it's not running or stopping
2023-06-07 12:08:22,786 [Lease Manager-LeaseManager#LeaseMonitor] WARN  lease.LeaseManager (LeaseManager.java:run(272)) - Lease manager is interrupted. Shutting down...
java.lang.InterruptedException
	at java.util.concurrent.locks.AbstractQueuedSynchronizer.doAcquireSharedNanos(AbstractQueuedSynchronizer.java:1039)
	at java.util.concurrent.locks.AbstractQueuedSynchronizer.tryAcquireSharedNanos(AbstractQueuedSynchronizer.java:1328)
	at java.util.concurrent.Semaphore.tryAcquire(Semaphore.java:409)
	at org.apache.hadoop.ozone.lease.LeaseManager$LeaseMonitor.run(LeaseManager.java:270)
	at java.lang.Thread.run(Thread.java:750)
2023-06-07 12:08:22,786 [Time-limited test] INFO  server.StorageContainerManager (StorageContainerManager.java:stop(1682)) - Stopping SCM MetadataStore.
2023-06-07 12:08:22,788 [Time-limited test] INFO  impl.DefaultInternalKdcServerImpl (DefaultInternalKdcServerImpl.java:doStop(102)) - Default Internal kdc server stopped.
2023-06-07 12:08:23,789 [Time-limited test] INFO  minikdc.MiniKdc (MiniKdc.java:stop(359)) - MiniKdc stopped.
2023-06-07 12:08:23,789 [Time-limited test] INFO  server.StorageContainerManager (StorageContainerManager.java:stop(1549)) - Storage Container Manager is not running.
2023-06-07 12:08:23,789 [Time-limited test] INFO  server.StorageContainerManager (StorageContainerManager.java:stopReplicationManager(1691)) - Stopping Replication Manager Service.
2023-06-07 12:08:23,789 [Time-limited test] INFO  replication.ReplicationManager (ReplicationManager.java:stop(342)) - Replication Monitor Thread is not running.
2023-06-07 12:08:23,789 [Time-limited test] INFO  server.SCMSecurityProtocolServer (SCMSecurityProtocolServer.java:join(413)) - Join RPC server for SCMSecurityProtocolServer.
2023-06-07 12:08:23,789 [Time-limited test] INFO  server.SCMSecurityProtocolServer (SCMSecurityProtocolServer.java:join(415)) - Join gRPC server for SCMSecurityProtocolServer.
]]></system-out>
  </testcase>
  <testcase name="testSecureOmReInit" classname="org.apache.hadoop.ozone.TestSecureOzoneCluster" time="7.789">
    <system-out><![CDATA[2023-06-07 12:08:23,809 [Time-limited test] INFO  net.ServerSocketUtil (ServerSocketUtil.java:getPort(55)) - Using port 9860
2023-06-07 12:08:23,809 [Time-limited test] INFO  net.ServerSocketUtil (ServerSocketUtil.java:getPort(55)) - Using port 9861
2023-06-07 12:08:23,809 [Time-limited test] INFO  net.ServerSocketUtil (ServerSocketUtil.java:getPort(55)) - Using port 9863
2023-06-07 12:08:23,810 [Time-limited test] INFO  net.ServerSocketUtil (ServerSocketUtil.java:getPort(55)) - Using port 9961
2023-06-07 12:08:23,810 [Time-limited test] INFO  net.ServerSocketUtil (ServerSocketUtil.java:getPort(55)) - Using port 1200
2023-06-07 12:08:23,810 [Time-limited test] INFO  net.ServerSocketUtil (ServerSocketUtil.java:getPort(55)) - Using port 1201
2023-06-07 12:08:23,810 [Time-limited test] INFO  minikdc.MiniKdc (MiniKdc.java:<init>(225)) - Configuration:
2023-06-07 12:08:23,810 [Time-limited test] INFO  minikdc.MiniKdc (MiniKdc.java:<init>(226)) - ---------------------------------------------------------------
2023-06-07 12:08:23,810 [Time-limited test] INFO  minikdc.MiniKdc (MiniKdc.java:<init>(228)) -   debug: false
2023-06-07 12:08:23,810 [Time-limited test] INFO  minikdc.MiniKdc (MiniKdc.java:<init>(228)) -   transport: TCP
2023-06-07 12:08:23,810 [Time-limited test] INFO  minikdc.MiniKdc (MiniKdc.java:<init>(228)) -   max.ticket.lifetime: 86400000
2023-06-07 12:08:23,810 [Time-limited test] INFO  minikdc.MiniKdc (MiniKdc.java:<init>(228)) -   org.name: EXAMPLE
2023-06-07 12:08:23,811 [Time-limited test] INFO  minikdc.MiniKdc (MiniKdc.java:<init>(228)) -   kdc.port: 0
2023-06-07 12:08:23,811 [Time-limited test] INFO  minikdc.MiniKdc (MiniKdc.java:<init>(228)) -   org.domain: COM
2023-06-07 12:08:23,811 [Time-limited test] INFO  minikdc.MiniKdc (MiniKdc.java:<init>(228)) -   max.renewable.lifetime: 604800000
2023-06-07 12:08:23,811 [Time-limited test] INFO  minikdc.MiniKdc (MiniKdc.java:<init>(228)) -   instance: DefaultKrbServer
2023-06-07 12:08:23,811 [Time-limited test] INFO  minikdc.MiniKdc (MiniKdc.java:<init>(228)) -   kdc.bind.address: localhost
2023-06-07 12:08:23,811 [Time-limited test] INFO  minikdc.MiniKdc (MiniKdc.java:<init>(230)) - ---------------------------------------------------------------
2023-06-07 12:08:23,812 [Time-limited test] INFO  minikdc.MiniKdc (MiniKdc.java:start(285)) - MiniKdc started.
2023-06-07 12:08:24,018 [Time-limited test] INFO  audit.AuditLogger (AuditLogger.java:refreshDebugCmdSet(126)) - Refresh DebugCmdSet for OMAudit to [].
2023-06-07 12:08:24,088 [Time-limited test] WARN  server.ServerUtils (ServerUtils.java:getScmDbDir(155)) - ozone.scm.db.dirs is not configured. We recommend adding this setting. Falling back to ozone.metadata.dirs instead.
2023-06-07 12:08:24,088 [Time-limited test] INFO  ha.HASecurityUtils (HASecurityUtils.java:initializeSecurity(93)) - Initializing secure StorageContainerManager.
2023-06-07 12:08:24,089 [Time-limited test] INFO  client.SCMCertificateClient (DefaultCertificateClient.java:init(650)) - Certificate client init case: 0
2023-06-07 12:08:24,089 [Time-limited test] INFO  client.SCMCertificateClient (SCMCertificateClient.java:handleCase(68)) - Creating keypair for client as keypair and certificate not found.
2023-06-07 12:08:24,314 [Time-limited test] INFO  ha.HASecurityUtils (HASecurityUtils.java:initializeSecurity(99)) - Init response: GETCERT
2023-06-07 12:08:24,380 [Time-limited test] INFO  ozone.OzoneSecurityUtil (OzoneSecurityUtil.java:getValidInetsForCurrentHost(118)) - ip:fe80:0:0:0:20d:3aff:fe5e:ae76%eth0 not returned.
2023-06-07 12:08:24,381 [Time-limited test] INFO  ozone.OzoneSecurityUtil (OzoneSecurityUtil.java:getValidInetsForCurrentHost(115)) - Adding ip:10.1.0.7,host:fv-az83-744
2023-06-07 12:08:24,381 [Time-limited test] INFO  ozone.OzoneSecurityUtil (OzoneSecurityUtil.java:getValidInetsForCurrentHost(118)) - ip:0:0:0:0:0:0:0:1%lo not returned.
2023-06-07 12:08:24,381 [Time-limited test] INFO  ozone.OzoneSecurityUtil (OzoneSecurityUtil.java:getValidInetsForCurrentHost(118)) - ip:127.0.0.1 not returned.
2023-06-07 12:08:24,381 [Time-limited test] ERROR utils.SelfSignedCertificate (SelfSignedCertificate.java:lambda$addInetAddresses$0(245)) - Invalid domain fv-az83-744
2023-06-07 12:08:24,384 [Time-limited test] INFO  utils.SelfSignedCertificate (SelfSignedCertificate.java:generateCertificate(158)) - Certificate 1 is issued by CN=scm@fv-az83-744,OU=96ab08d2-ed4b-4104-955a-8a1ec3120e1c,O=9440643a-76ff-4b18-a00d-ee9e3cb22f20 to CN=scm@fv-az83-744,OU=96ab08d2-ed4b-4104-955a-8a1ec3120e1c,O=9440643a-76ff-4b18-a00d-ee9e3cb22f20, valid from Wed Jun 07 12:08:24 UTC 2023 to Sat Jul 15 12:08:24 UTC 2028
2023-06-07 12:08:24,386 [Time-limited test] INFO  ozone.OzoneSecurityUtil (OzoneSecurityUtil.java:getValidInetsForCurrentHost(118)) - ip:fe80:0:0:0:20d:3aff:fe5e:ae76%eth0 not returned.
2023-06-07 12:08:24,387 [Time-limited test] INFO  ozone.OzoneSecurityUtil (OzoneSecurityUtil.java:getValidInetsForCurrentHost(115)) - Adding ip:10.1.0.7,host:fv-az83-744
2023-06-07 12:08:24,387 [Time-limited test] INFO  ozone.OzoneSecurityUtil (OzoneSecurityUtil.java:getValidInetsForCurrentHost(118)) - ip:0:0:0:0:0:0:0:1%lo not returned.
2023-06-07 12:08:24,387 [Time-limited test] INFO  ozone.OzoneSecurityUtil (OzoneSecurityUtil.java:getValidInetsForCurrentHost(118)) - ip:127.0.0.1 not returned.
2023-06-07 12:08:24,387 [Time-limited test] ERROR utils.CertificateSignRequest (CertificateSignRequest.java:lambda$addInetAddresses$0(296)) - Invalid domain fv-az83-744
2023-06-07 12:08:24,387 [Time-limited test] INFO  ha.HASecurityUtils (HASecurityUtils.java:generateCSR(280)) - Creating csr for SCM->hostName:fv-az83-744,scmId:96ab08d2-ed4b-4104-955a-8a1ec3120e1c,clusterId:9440643a-76ff-4b18-a00d-ee9e3cb22f20,subject:scm-sub@fv-az83-744
2023-06-07 12:08:24,396 [Time-limited test] INFO  ha.HASecurityUtils (HASecurityUtils.java:initializeSecurity(112)) - Successfully stored SCM signed certificate.
2023-06-07 12:08:24,398 [Time-limited test] WARN  server.ServerUtils (ServerUtils.java:getScmDbDir(155)) - ozone.scm.db.dirs is not configured. We recommend adding this setting. Falling back to ozone.metadata.dirs instead.
2023-06-07 12:08:24,398 [Time-limited test] INFO  ha.SCMHANodeDetails (SCMHANodeDetails.java:loadSCMHAConfig(209)) - ServiceID for StorageContainerManager is null
2023-06-07 12:08:24,398 [Time-limited test] INFO  ha.SCMHANodeDetails (SCMHANodeDetails.java:loadSCMHAConfig(214)) - ozone.scm.default.service.id is not defined, falling back to ozone.scm.service.ids to find serviceID for StorageContainerManager if it is HA enabled cluster
2023-06-07 12:08:24,399 [Time-limited test] INFO  client.SCMCertificateClient (DefaultCertificateClient.java:loadAllCertificates(151)) - Loading certificate from location:/tmp/junit4722303812950320548/junit3241711744375144682/scm-meta/scm/sub-ca/certs.
2023-06-07 12:08:24,400 [Time-limited test] INFO  client.SCMCertificateClient (DefaultCertificateClient.java:loadAllCertificates(195)) - Added certificate   [0]         Version: 3
         SerialNumber: 3964968514957
             IssuerDN: CN=scm@fv-az83-744,OU=96ab08d2-ed4b-4104-955a-8a1ec3120e1c,O=9440643a-76ff-4b18-a00d-ee9e3cb22f20
           Start Date: Wed Jun 07 12:08:24 UTC 2023
           Final Date: Sat Jul 15 12:08:24 UTC 2028
            SubjectDN: CN=scm-sub@fv-az83-744,OU=96ab08d2-ed4b-4104-955a-8a1ec3120e1c,O=9440643a-76ff-4b18-a00d-ee9e3cb22f20
           Public Key: RSA Public Key [08:0a:d3:65:8e:23:d8:9d:3b:f2:d6:d0:9a:85:5a:b2:20:08:5c:bb],[56:66:d1:a4]
        modulus: a3a562366c317fed6a82ad8ee2f1126e80fbde9ec89f10c675c7d2fb8c6a46a98957cd04ee6884b552546d10df71506d99ba0bcdfcf1bd361d6377e3e0037b5468a0b90dd40a0a8c71be58725b1ba7b17a4a76855ad1cc5ae1d67614b2743b3d986f7514e54dcb5ebd5f7bb9820f913fa25d4d1159334f938a503ca40950eb2d099791d2832c2b9532060de1cfe7f11ecdff1c1ccd21ca4a2d94568d71a3152d2717f329e4bc695a4557ee09c191b0182035c0a630c4c38e23d2ab774b086799c1cb2d66427f73d97cc5e855c72de1413605e6352d2471ae2b1170d0c61e0a7261da082bb8dfcf5f4bc7175f23b06b04852e3ede337a02a703dd1f76bd83fead
public exponent: 10001

  Signature Algorithm: SHA256WITHRSA
            Signature: 6e86fafc8dabc8654621340599a6615eb7f8fcca
                       a6882af123b931902f6b6149f99cc796802265f9
                       9d03235c3c7167cbb8272e0d96d8bcf561a4af0e
                       b80a632664da4e1827f56261446e5c43ec3c4e55
                       f11357b5ffbf2523f71b466aac732d4e9c4fca44
                       7fe9285176a578ab53f8d2a871209e3e591d94a7
                       f77ef22dcc38a684da1be9d2433d305792b6b84c
                       364a7ad1dc59e37612a9e86a90f95eb45be4d315
                       93edb4e413c47842ef5cc236ddb2faae42ea99ca
                       88b742325b8192605a0f393025244cfbe5035891
                       982deea6be45a0c5efb04990ef81a4f9f14984d6
                       7e2f1b20cef37918bac19301be4c9d00e38970e1
                       0a6ac6f305cca0d53d1ecab5cba7198d
       Extensions: 
                       critical(false) 2.5.29.17 value = Sequence
    Tagged [7] IMPLICIT 
        DER Octet String[4] 

                       critical(true) BasicConstraints: isCa(true)
                       critical(true) KeyUsage: 0xbe
 from file:/tmp/junit4722303812950320548/junit3241711744375144682/scm-meta/scm/sub-ca/certs/certificate.crt.
2023-06-07 12:08:24,402 [Time-limited test] INFO  client.SCMCertificateClient (DefaultCertificateClient.java:loadAllCertificates(195)) - Added certificate   [0]         Version: 3
         SerialNumber: 3964968514957
             IssuerDN: CN=scm@fv-az83-744,OU=96ab08d2-ed4b-4104-955a-8a1ec3120e1c,O=9440643a-76ff-4b18-a00d-ee9e3cb22f20
           Start Date: Wed Jun 07 12:08:24 UTC 2023
           Final Date: Sat Jul 15 12:08:24 UTC 2028
            SubjectDN: CN=scm-sub@fv-az83-744,OU=96ab08d2-ed4b-4104-955a-8a1ec3120e1c,O=9440643a-76ff-4b18-a00d-ee9e3cb22f20
           Public Key: RSA Public Key [08:0a:d3:65:8e:23:d8:9d:3b:f2:d6:d0:9a:85:5a:b2:20:08:5c:bb],[56:66:d1:a4]
        modulus: a3a562366c317fed6a82ad8ee2f1126e80fbde9ec89f10c675c7d2fb8c6a46a98957cd04ee6884b552546d10df71506d99ba0bcdfcf1bd361d6377e3e0037b5468a0b90dd40a0a8c71be58725b1ba7b17a4a76855ad1cc5ae1d67614b2743b3d986f7514e54dcb5ebd5f7bb9820f913fa25d4d1159334f938a503ca40950eb2d099791d2832c2b9532060de1cfe7f11ecdff1c1ccd21ca4a2d94568d71a3152d2717f329e4bc695a4557ee09c191b0182035c0a630c4c38e23d2ab774b086799c1cb2d66427f73d97cc5e855c72de1413605e6352d2471ae2b1170d0c61e0a7261da082bb8dfcf5f4bc7175f23b06b04852e3ede337a02a703dd1f76bd83fead
public exponent: 10001

  Signature Algorithm: SHA256WITHRSA
            Signature: 6e86fafc8dabc8654621340599a6615eb7f8fcca
                       a6882af123b931902f6b6149f99cc796802265f9
                       9d03235c3c7167cbb8272e0d96d8bcf561a4af0e
                       b80a632664da4e1827f56261446e5c43ec3c4e55
                       f11357b5ffbf2523f71b466aac732d4e9c4fca44
                       7fe9285176a578ab53f8d2a871209e3e591d94a7
                       f77ef22dcc38a684da1be9d2433d305792b6b84c
                       364a7ad1dc59e37612a9e86a90f95eb45be4d315
                       93edb4e413c47842ef5cc236ddb2faae42ea99ca
                       88b742325b8192605a0f393025244cfbe5035891
                       982deea6be45a0c5efb04990ef81a4f9f14984d6
                       7e2f1b20cef37918bac19301be4c9d00e38970e1
                       0a6ac6f305cca0d53d1ecab5cba7198d
       Extensions: 
                       critical(false) 2.5.29.17 value = Sequence
    Tagged [7] IMPLICIT 
        DER Octet String[4] 

                       critical(true) BasicConstraints: isCa(true)
                       critical(true) KeyUsage: 0xbe
 from file:/tmp/junit4722303812950320548/junit3241711744375144682/scm-meta/scm/sub-ca/certs/3964968514957.crt.
2023-06-07 12:08:24,403 [Time-limited test] INFO  client.SCMCertificateClient (DefaultCertificateClient.java:loadAllCertificates(195)) - Added certificate   [0]         Version: 3
         SerialNumber: 1
             IssuerDN: CN=scm@fv-az83-744,OU=96ab08d2-ed4b-4104-955a-8a1ec3120e1c,O=9440643a-76ff-4b18-a00d-ee9e3cb22f20
           Start Date: Wed Jun 07 12:08:24 UTC 2023
           Final Date: Sat Jul 15 12:08:24 UTC 2028
            SubjectDN: CN=scm@fv-az83-744,OU=96ab08d2-ed4b-4104-955a-8a1ec3120e1c,O=9440643a-76ff-4b18-a00d-ee9e3cb22f20
           Public Key: RSA Public Key [c9:37:1d:00:82:0f:fb:42:d6:cf:5d:12:a4:9c:d5:bb:43:ba:b9:dd],[56:66:d1:a4]
        modulus: 8834ccb6132079ef9a228d45587570c8402aa0e36cf977988ee5cdfc17e1e84d2e338d45a27a3ebbe06d6339b8c2050f5301c56243518dc4f6f3a70162dad09a9aebd76a866bfe7638756733de3846e6f5708afc9d6ea4bb5835b0f07a47ad7e57d56a822d5adf58806f4f49713029efd2ce9519bfcc8c093cd3981b5affbb202f803b3257abc7b81db82402b22d546f807feb2b47971f45362f32915d7c979eb10dab3edc61ca6e74a00e6c25581962fad20eaa71209d29566754b7ad7d8058052cf042c63c407c3c6170434abefe7d09973d322114b9f3bc4672baa163c926b8fa9e306611541f2b31cea87ec3590c370f11b8d59f99e98da27c2b2f15f43f
public exponent: 10001

  Signature Algorithm: SHA256WITHRSA
            Signature: 730d32cbdd49ceeb4ed9492cf36be0fd6078ca89
                       bf821ba164da62e5488274994cd7cedeffb7c6d1
                       06e835259c2dee1086d6518f101c9f803ad43123
                       ade08871ea4e1c7afd2cb0feea3dcfa0877b5397
                       b0526a34b67061c2f30db6e04eaa497ddc26855f
                       591b47a7f0f4386a1ea43afaefc9240695f5c986
                       b147da002be356ece734cc168fa0089120bf56b8
                       549e24c8cbe4064837f01c7167f85b7e9cc7cb24
                       fac6267a0724a1eaebeb3758743d3fbdf149f627
                       a6cc7d116fac0ec072c2c8d0d76cb67087652e3d
                       342f798a21c41589d617206ff43f4a0b561839c8
                       7a58ed112d5614b2a33a28dfb9ebc048f97620ea
                       cd9fe8e76f56fbb5ef3d03d809377b3d
       Extensions: 
                       critical(true) BasicConstraints: isCa(true)
                       critical(true) KeyUsage: 0x6
                       critical(false) 2.5.29.17 value = Sequence
    Tagged [7] IMPLICIT 
        DER Octet String[4] 

 from file:/tmp/junit4722303812950320548/junit3241711744375144682/scm-meta/scm/sub-ca/certs/CA-1.crt.
2023-06-07 12:08:24,411 [Time-limited test] INFO  client.SCMCertificateClient (DefaultCertificateClient.java:startCertificateMonitor(1208)) - CertificateLifetimeMonitor for scm/sub-ca is started with first delay 161135989597 ms and interval 3333 ms.
2023-06-07 12:08:24,414 [pool-78-thread-1] INFO  request.KdcRequest (KdcRequest.java:preauth(651)) - The preauth data is empty.
2023-06-07 12:08:24,415 [pool-78-thread-1] INFO  server.KdcHandler (KdcHandler.java:handleRecoverableException(177)) - KRB error occurred while processing request:Additional pre-authentication required
2023-06-07 12:08:24,420 [pool-78-thread-2] INFO  request.AsRequest (AsRequest.java:issueTicket(112)) - AS_REQ ISSUE: authtime 1686139704420,scm/fv-az83-744@EXAMPLE.COM for krbtgt/EXAMPLE.COM@EXAMPLE.COM
2023-06-07 12:08:24,421 [Time-limited test] INFO  security.UserGroupInformation (UserGroupInformation.java:loginUserFromKeytab(1132)) - Login successful for user scm/fv-az83-744@EXAMPLE.COM using keytab file scm.keytab. Keytab auto renewal enabled : false
2023-06-07 12:08:24,421 [Time-limited test] INFO  server.StorageContainerManager (StorageContainerManager.java:loginAsSCMUserIfSecurityEnabled(1025)) - SCM login successful.
2023-06-07 12:08:24,421 [Time-limited test] WARN  utils.HAUtils (HAUtils.java:getMetaDir(352)) - ozone.scm.db.dirs is not configured. We recommend adding this setting. Falling back to ozone.metadata.dirs instead.
2023-06-07 12:08:24,422 [Time-limited test] WARN  db.DBStoreBuilder (DBStoreBuilder.java:applyDBDefinition(165)) - ozone.scm.db.dirs is not configured. We recommend adding this setting. Falling back to ozone.metadata.dirs instead.
2023-06-07 12:08:24,522 [Time-limited test] INFO  net.NodeSchemaLoader (NodeSchemaLoader.java:loadSchemaFromFile(129)) - Loading schema from [jar:file:/home/runner/.m2/repository/org/apache/ozone/hdds-common/1.4.0-SNAPSHOT/hdds-common-1.4.0-SNAPSHOT.jar!/network-topology-default.xml]
2023-06-07 12:08:24,523 [Time-limited test] INFO  net.NodeSchemaLoader (NodeSchemaLoader.java:loadSchema(176)) - Loading network topology layer schema file
2023-06-07 12:08:24,525 [Time-limited test] INFO  upgrade.AbstractLayoutVersionManager (AbstractLayoutVersionManager.java:init(83)) - Initializing Layout version manager with metadata layout = HADOOP_PRC_PORTS_IN_DATANODEDETAILS (version = 7), software layout = HADOOP_PRC_PORTS_IN_DATANODEDETAILS (version = 7)
2023-06-07 12:08:24,526 [Time-limited test] INFO  ha.SequenceIdGenerator (SequenceIdGenerator.java:upgradeToSequenceId(349)) - upgrade localId to 111677748019200000
2023-06-07 12:08:24,527 [Time-limited test] INFO  ha.SequenceIdGenerator (SequenceIdGenerator.java:upgradeToSequenceId(359)) - upgrade delTxnId to 0
2023-06-07 12:08:24,528 [Time-limited test] INFO  ha.SequenceIdGenerator (SequenceIdGenerator.java:upgradeToSequenceId(376)) - upgrade containerId to 0
2023-06-07 12:08:24,528 [Time-limited test] INFO  ha.SequenceIdGenerator (SequenceIdGenerator.java:<init>(220)) - Init the HA SequenceIdGenerator.
2023-06-07 12:08:24,528 [Time-limited test] INFO  node.SCMNodeManager (SCMNodeManager.java:<init>(159)) - Entering startup safe mode.
2023-06-07 12:08:24,529 [Time-limited test] INFO  algorithms.ContainerPlacementPolicyFactory (ContainerPlacementPolicyFactory.java:getPolicyInternal(86)) - Create container placement policy of type org.apache.hadoop.hdds.scm.container.placement.algorithms.SCMContainerPlacementRackAware
2023-06-07 12:08:24,529 [Time-limited test] INFO  algorithms.ContainerPlacementPolicyFactory (ContainerPlacementPolicyFactory.java:getPolicyInternal(86)) - Create container placement policy of type org.apache.hadoop.hdds.scm.container.placement.algorithms.SCMContainerPlacementRackScatter
2023-06-07 12:08:24,529 [Time-limited test] INFO  pipeline.PipelineStateManagerImpl (PipelineStateManagerImpl.java:initialize(78)) - No pipeline exists in current db
2023-06-07 12:08:24,529 [Time-limited test] INFO  algorithms.LeaderChoosePolicyFactory (LeaderChoosePolicyFactory.java:getPolicy(57)) - Create leader choose policy of type org.apache.hadoop.hdds.scm.pipeline.leader.choose.algorithms.MinLeaderCountChoosePolicy
2023-06-07 12:08:24,529 [Time-limited test] INFO  algorithms.ContainerPlacementPolicyFactory (ContainerPlacementPolicyFactory.java:getPolicyInternal(86)) - Create container placement policy of type org.apache.hadoop.hdds.scm.container.placement.algorithms.SCMContainerPlacementRackScatter
2023-06-07 12:08:24,530 [Time-limited test] INFO  ha.SCMServiceManager (SCMServiceManager.java:register(42)) - Registering service BackgroundPipelineCreator.
2023-06-07 12:08:24,530 [Time-limited test] INFO  pipeline.BackgroundPipelineCreator (BackgroundPipelineCreator.java:start(124)) - Starting RatisPipelineUtilsThread.
2023-06-07 12:08:24,530 [Time-limited test] INFO  BackgroundPipelineScrubber (BackgroundSCMService.java:start(68)) - Starting BackgroundPipelineScrubber Service.
2023-06-07 12:08:24,530 [Time-limited test] INFO  ha.SCMServiceManager (SCMServiceManager.java:register(42)) - Registering service BackgroundPipelineScrubber.
2023-06-07 12:08:24,530 [Time-limited test] INFO  ExpiredContainerReplicaOpScrubber (BackgroundSCMService.java:start(68)) - Starting ExpiredContainerReplicaOpScrubber Service.
2023-06-07 12:08:24,531 [Time-limited test] INFO  ha.SCMServiceManager (SCMServiceManager.java:register(42)) - Registering service ExpiredContainerReplicaOpScrubber.
2023-06-07 12:08:24,532 [Time-limited test] INFO  algorithms.PipelineChoosePolicyFactory (PipelineChoosePolicyFactory.java:createPipelineChoosePolicyFromClass(73)) - Create pipeline choose policy of type org.apache.hadoop.hdds.scm.pipeline.choose.algorithms.RandomPipelineChoosePolicy
2023-06-07 12:08:24,533 [Time-limited test] INFO  ha.SCMServiceManager (SCMServiceManager.java:register(42)) - Registering service SCMBlockDeletingService.
2023-06-07 12:08:24,533 [Time-limited test] INFO  replication.ReplicationManager (ReplicationManager.java:start(299)) - Starting Replication Monitor Thread.
2023-06-07 12:08:24,539 [Time-limited test] INFO  ha.SCMServiceManager (SCMServiceManager.java:register(42)) - Registering service ReplicationManager.
2023-06-07 12:08:24,539 [ReplicationMonitor] INFO  replication.ReplicationManager (ReplicationManager.java:processAll(374)) - Replication Manager is not ready to run until 300000ms after safemode exit
2023-06-07 12:08:24,540 [Time-limited test] INFO  safemode.ContainerSafeModeRule (ContainerSafeModeRule.java:<init>(89)) - containers with one replica threshold count 0
2023-06-07 12:08:24,540 [Time-limited test] INFO  safemode.HealthyPipelineSafeModeRule (HealthyPipelineSafeModeRule.java:initializeRule(169)) - Total pipeline count is 0, healthy pipeline threshold count is 0
2023-06-07 12:08:24,540 [Time-limited test] INFO  safemode.OneReplicaPipelineSafeModeRule (OneReplicaPipelineSafeModeRule.java:initializeRule(180)) - Total pipeline count is 0, pipeline's with at least one datanode reported threshold count is 0
2023-06-07 12:08:24,543 [Time-limited test] INFO  authority.DefaultCAServer (DefaultCAServer.java:lambda$processVerificationStatus$0(465)) - CertificateServer validation is successful
2023-06-07 12:08:24,544 [Time-limited test] INFO  authority.DefaultCAServer (DefaultCAServer.java:lambda$processVerificationStatus$0(465)) - CertificateServer validation is successful
2023-06-07 12:08:24,545 [Time-limited test] INFO  server.StorageContainerManager (StorageContainerManager.java:persistPrimarySCMCerts(893)) - Storing sub-ca certificate serialId 3964968514957 on primary SCM
2023-06-07 12:08:24,546 [Time-limited test] INFO  server.StorageContainerManager (StorageContainerManager.java:persistPrimarySCMCerts(901)) - Storing root certificate serialId 1
2023-06-07 12:08:24,549 [Time-limited test] INFO  ipc.CallQueueManager (CallQueueManager.java:<init>(90)) - Using callQueue: class java.util.concurrent.LinkedBlockingQueue, queueCapacity: 200, scheduler: class org.apache.hadoop.ipc.DefaultRpcScheduler, ipcBackoff: false.
2023-06-07 12:08:24,549 [Socket Reader #1 for port 9961] INFO  ipc.Server (Server.java:run(1319)) - Starting Socket Reader #1 for port 9961
2023-06-07 12:08:24,550 [Listener at 0.0.0.0/9961] INFO  hdds.HddsUtils (HddsUtils.java:preserveThreadName(843)) - Restoring thread name: Time-limited test
2023-06-07 12:08:24,550 [Time-limited test] INFO  server.StorageContainerManager (StorageContainerManager.java:<init>(398)) - SCM start with adminUsers: [scm/fv-az83-744@EXAMPLE.COM, scm]
2023-06-07 12:08:24,550 [Time-limited test] INFO  ipc.CallQueueManager (CallQueueManager.java:<init>(90)) - Using callQueue: class java.util.concurrent.LinkedBlockingQueue, queueCapacity: 10000, scheduler: class org.apache.hadoop.ipc.DefaultRpcScheduler, ipcBackoff: false.
2023-06-07 12:08:24,556 [Socket Reader #1 for port 9861] INFO  ipc.Server (Server.java:run(1319)) - Starting Socket Reader #1 for port 9861
2023-06-07 12:08:24,557 [Listener at 0.0.0.0/9861] INFO  hdds.HddsUtils (HddsUtils.java:preserveThreadName(843)) - Restoring thread name: Time-limited test
2023-06-07 12:08:24,557 [Time-limited test] INFO  ipc.CallQueueManager (CallQueueManager.java:<init>(90)) - Using callQueue: class java.util.concurrent.LinkedBlockingQueue, queueCapacity: 10000, scheduler: class org.apache.hadoop.ipc.DefaultRpcScheduler, ipcBackoff: false.
2023-06-07 12:08:24,558 [Socket Reader #1 for port 9863] INFO  ipc.Server (Server.java:run(1319)) - Starting Socket Reader #1 for port 9863
2023-06-07 12:08:24,559 [Listener at 0.0.0.0/9863] INFO  hdds.HddsUtils (HddsUtils.java:preserveThreadName(843)) - Restoring thread name: Time-limited test
2023-06-07 12:08:24,559 [Time-limited test] INFO  ipc.CallQueueManager (CallQueueManager.java:<init>(90)) - Using callQueue: class java.util.concurrent.LinkedBlockingQueue, queueCapacity: 10000, scheduler: class org.apache.hadoop.ipc.DefaultRpcScheduler, ipcBackoff: false.
2023-06-07 12:08:24,560 [Socket Reader #1 for port 9860] INFO  ipc.Server (Server.java:run(1319)) - Starting Socket Reader #1 for port 9860
2023-06-07 12:08:24,561 [Listener at 0.0.0.0/9860] INFO  hdds.HddsUtils (HddsUtils.java:preserveThreadName(843)) - Restoring thread name: Time-limited test
2023-06-07 12:08:24,568 [Time-limited test] INFO  ha.SCMServiceManager (SCMServiceManager.java:register(42)) - Registering service ContainerBalancer.
2023-06-07 12:08:24,568 [Time-limited test] INFO  server.StorageContainerManager (StorageContainerManager.java:<init>(415)) - 
Container Balancer status:
Key                            Value
Running                        false
Container Balancer Configuration values:
Key                                                Value
Threshold                                          10
Max Datanodes to Involve per Iteration(percent)    20
Max Size to Move per Iteration                     500GB
Max Size Entering Target per Iteration             26GB
Max Size Leaving Source per Iteration              26GB

2023-06-07 12:08:24,568 [Time-limited test] INFO  ha.SCMContext (SCMContext.java:updateSafeModeStatus(228)) - Update SafeModeStatus from SafeModeStatus{safeModeStatus=true, preCheckPassed=false} to SafeModeStatus{safeModeStatus=true, preCheckPassed=false}.
2023-06-07 12:08:24,568 [Time-limited test] INFO  server.StorageContainerManager (StorageContainerManager.java:start(1466)) - StorageContainerLocationProtocol RPC server is listening at /0.0.0.0:9860
2023-06-07 12:08:24,570 [Time-limited test] WARN  impl.MetricsConfig (MetricsConfig.java:loadFirst(136)) - Cannot locate configuration: tried hadoop-metrics2-storagecontainermanager.properties,hadoop-metrics2.properties
2023-06-07 12:08:24,575 [Time-limited test] INFO  impl.MetricsSystemImpl (MetricsSystemImpl.java:startTimer(378)) - Scheduled Metric snapshot period at 10 second(s).
2023-06-07 12:08:24,575 [Time-limited test] INFO  impl.MetricsSystemImpl (MetricsSystemImpl.java:start(191)) - StorageContainerManager metrics system started
2023-06-07 12:08:24,579 [Time-limited test] INFO  impl.MetricsSinkAdapter (MetricsSinkAdapter.java:start(204)) - Sink prometheus started
2023-06-07 12:08:24,580 [Time-limited test] INFO  impl.MetricsSystemImpl (MetricsSystemImpl.java:registerSink(305)) - Registered sink prometheus
2023-06-07 12:08:24,594 [Time-limited test] INFO  server.SCMClientProtocolServer (SCMClientProtocolServer.java:start(201)) - RPC server for Client  is listening at /0.0.0.0:9860
2023-06-07 12:08:24,595 [IPC Server Responder] INFO  ipc.Server (Server.java:run(1558)) - IPC Server Responder: starting
2023-06-07 12:08:24,595 [IPC Server listener on 9860] INFO  ipc.Server (Server.java:run(1398)) - IPC Server listener on 9860: starting
2023-06-07 12:08:24,609 [Time-limited test] INFO  server.StorageContainerManager (StorageContainerManager.java:start(1480)) - ScmBlockLocationProtocol RPC server is listening at /0.0.0.0:9863
2023-06-07 12:08:24,612 [Time-limited test] INFO  server.SCMBlockProtocolServer (SCMBlockProtocolServer.java:start(152)) - RPC server for Block Protocol is listening at /0.0.0.0:9863
2023-06-07 12:08:24,612 [IPC Server Responder] INFO  ipc.Server (Server.java:run(1558)) - IPC Server Responder: starting
2023-06-07 12:08:24,617 [IPC Server listener on 9863] INFO  ipc.Server (Server.java:run(1398)) - IPC Server listener on 9863: starting
2023-06-07 12:08:24,634 [Time-limited test] INFO  server.SCMDatanodeProtocolServer (SCMDatanodeProtocolServer.java:start(193)) - ScmDatanodeProtocol RPC server for DataNodes is listening at /0.0.0.0:9861
2023-06-07 12:08:24,635 [IPC Server Responder] INFO  ipc.Server (Server.java:run(1558)) - IPC Server Responder: starting
2023-06-07 12:08:24,635 [IPC Server listener on 9861] INFO  ipc.Server (Server.java:run(1398)) - IPC Server listener on 9861: starting
2023-06-07 12:08:24,646 [Time-limited test] INFO  server.SCMSecurityProtocolServer (SCMSecurityProtocolServer.java:start(395)) - Starting RPC server for SCMSecurityProtocolServer. is listening at /0.0.0.0:9961
2023-06-07 12:08:24,646 [IPC Server Responder] INFO  ipc.Server (Server.java:run(1558)) - IPC Server Responder: starting
2023-06-07 12:08:24,653 [IPC Server listener on 9961] INFO  ipc.Server (Server.java:run(1398)) - IPC Server listener on 9961: starting
2023-06-07 12:08:24,653 [Time-limited test] INFO  server.SCMUpdateServiceGrpcServer (SCMUpdateServiceGrpcServer.java:start(58)) - SCMUpdateService starting
2023-06-07 12:08:24,667 [JvmPauseMonitor2] INFO  util.JvmPauseMonitor (JvmPauseMonitor.java:run(103)) - JvmPauseMonitor-96ab08d2-ed4b-4104-955a-8a1ec3120e1c: Started
2023-06-07 12:08:24,667 [Time-limited test] INFO  http.BaseHttpServer (BaseHttpServer.java:newHttpServer2BuilderForOzone(224)) - Starting Web-server for scm at: http://0.0.0.0:9876
2023-06-07 12:08:24,667 [Time-limited test] INFO  http.BaseHttpServer (BaseHttpServer.java:<init>(111)) - Hadoop Security Enabled: true Ozone Security Enabled: true Ozone HTTP Security Enabled: false 
2023-06-07 12:08:24,669 [Time-limited test] WARN  server.AuthenticationFilter (AuthenticationFilter.java:constructSecretProvider(240)) - Unable to initialize FileSignerSecretProvider, falling back to use random secrets. Reason: Could not read signature secret file: /home/runner/hadoop-http-auth-signature-secret
2023-06-07 12:08:24,669 [Time-limited test] INFO  http.HttpRequestLog (HttpRequestLog.java:getRequestLog(86)) - Http request log for http.requests.scm is not defined
2023-06-07 12:08:24,672 [Time-limited test] INFO  http.HttpServer2 (HttpServer2.java:addGlobalFilter(1031)) - Added global filter 'safety' (class=org.apache.hadoop.hdds.server.http.HttpServer2$QuotingInputFilter)
2023-06-07 12:08:24,673 [Time-limited test] INFO  http.HttpServer2 (HttpServer2.java:addFilter(1007)) - Added filter static_user_filter (class=org.apache.hadoop.http.lib.StaticUserWebFilter$StaticUserFilter) to context scm
2023-06-07 12:08:24,673 [Time-limited test] INFO  http.HttpServer2 (HttpServer2.java:addFilter(1015)) - Added filter static_user_filter (class=org.apache.hadoop.http.lib.StaticUserWebFilter$StaticUserFilter) to context static
2023-06-07 12:08:24,673 [Time-limited test] INFO  http.HttpServer2 (HttpServer2.java:addFilter(1015)) - Added filter static_user_filter (class=org.apache.hadoop.http.lib.StaticUserWebFilter$StaticUserFilter) to context logs
2023-06-07 12:08:24,678 [Time-limited test] INFO  http.BaseHttpServer (BaseHttpServer.java:<init>(190)) - HTTP server of scm uses base directory /tmp/junit4722303812950320548/junit3241711744375144682/scm-meta/webserver
2023-06-07 12:08:24,678 [Time-limited test] INFO  http.HttpServer2 (HttpServer2.java:bindListener(1250)) - Jetty bound to port 9876
2023-06-07 12:08:24,678 [Time-limited test] INFO  server.Server (Server.java:doStart(375)) - jetty-9.4.51.v20230217; built: 2023-02-17T08:19:37.309Z; git: b45c405e4544384de066f814ed42ae3dceacdd49; jvm 1.8.0_372-b07
2023-06-07 12:08:24,680 [Time-limited test] INFO  server.session (DefaultSessionIdManager.java:doStart(334)) - DefaultSessionIdManager workerName=node0
2023-06-07 12:08:24,680 [Time-limited test] INFO  server.session (DefaultSessionIdManager.java:doStart(339)) - No SessionScavenger set, using defaults
2023-06-07 12:08:24,680 [Time-limited test] INFO  server.session (HouseKeeper.java:startScavenging(132)) - node0 Scavenging every 660000ms
2023-06-07 12:08:24,681 [Time-limited test] INFO  handler.ContextHandler (ContextHandler.java:doStart(921)) - Started o.e.j.s.ServletContextHandler@25500e0e{logs,/logs,file:///home/runner/work/ozone/ozone/hadoop-ozone/integration-test/target/log,AVAILABLE}
2023-06-07 12:08:24,682 [Time-limited test] INFO  handler.ContextHandler (ContextHandler.java:doStart(921)) - Started o.e.j.s.ServletContextHandler@14269dbd{static,/static,file:///home/runner/work/ozone/ozone/hadoop-ozone/integration-test/target/test-classes/webapps/static,AVAILABLE}
2023-06-07 12:08:24,686 [Time-limited test] INFO  handler.ContextHandler (ContextHandler.java:doStart(921)) - Started o.e.j.w.WebAppContext@5e2e4b31{scm,/,file:///home/runner/work/ozone/ozone/hadoop-ozone/integration-test/target/test-classes/webapps/scm/,AVAILABLE}{file:/home/runner/work/ozone/ozone/hadoop-ozone/integration-test/target/test-classes/webapps/scm}
2023-06-07 12:08:24,690 [Time-limited test] INFO  server.AbstractConnector (AbstractConnector.java:doStart(333)) - Started ServerConnector@3d739b29{HTTP/1.1, (http/1.1)}{0.0.0.0:9876}
2023-06-07 12:08:24,690 [Time-limited test] INFO  server.Server (Server.java:doStart(415)) - Started @29700ms
2023-06-07 12:08:24,690 [Time-limited test] WARN  impl.MetricsSystemImpl (MetricsSystemImpl.java:register(279)) - Sink prometheus already exists!
2023-06-07 12:08:24,691 [Time-limited test] INFO  http.BaseHttpServer (BaseHttpServer.java:updateConnectorAddress(344)) - HTTP server of scm listening at http://0.0.0.0:9876
2023-06-07 12:08:24,691 [Time-limited test] WARN  server.ServerUtils (ServerUtils.java:getDBPath(311)) - ozone.om.db.dirs is not configured. We recommend adding this setting. Falling back to ozone.metadata.dirs instead.
2023-06-07 12:08:24,700 [Time-limited test] INFO  ha.OMHANodeDetails (OMHANodeDetails.java:loadOMHAConfig(115)) - ozone.om.internal.service.id is not defined, falling back to ozone.om.service.ids to find serviceID for OzoneManager if it is HA enabled cluster
2023-06-07 12:08:24,703 [Time-limited test] INFO  ha.OMHANodeDetails (OMHANodeDetails.java:loadOMHAConfig(226)) - Configuration does not have ozone.om.address set. Falling back to the default OM address fv-az83-744/10.1.0.7:1202
2023-06-07 12:08:24,703 [Time-limited test] INFO  ha.OMHANodeDetails (OMHANodeDetails.java:getOMNodeDetailsForNonHA(254)) - OM Service ID is not set. Setting it to the default ID: omServiceIdDefault
2023-06-07 12:08:24,703 [Time-limited test] INFO  ha.OMHANodeDetails (OMHANodeDetails.java:getOMNodeDetailsForNonHA(261)) - OM Node ID is not set. Setting it to the default ID: om1
2023-06-07 12:08:24,707 [Time-limited test] WARN  server.ServerUtils (ServerUtils.java:getDBPath(311)) - ozone.om.db.dirs is not configured. We recommend adding this setting. Falling back to ozone.metadata.dirs instead.
2023-06-07 12:08:24,710 [Time-limited test] INFO  upgrade.AbstractLayoutVersionManager (AbstractLayoutVersionManager.java:init(83)) - Initializing Layout version manager with metadata layout = FILESYSTEM_SNAPSHOT (version = 5), software layout = FILESYSTEM_SNAPSHOT (version = 5)
2023-06-07 12:08:24,816 [Time-limited test] INFO  reflections.Reflections (Reflections.java:scan(232)) - Reflections took 102 ms to scan 2 urls, producing 177 keys and 490 values [using 2 cores]
2023-06-07 12:08:24,821 [Time-limited test] INFO  upgrade.OMLayoutVersionManager (OMLayoutVersionManager.java:lambda$0(115)) - Skipping Upgrade Action MockOmUpgradeAction since it has been finalized.
2023-06-07 12:08:24,824 [Time-limited test] WARN  server.ServerUtils (ServerUtils.java:getDBPath(311)) - ozone.om.db.dirs is not configured. We recommend adding this setting. Falling back to ozone.metadata.dirs instead.
2023-06-07 12:08:24,834 [Time-limited test] INFO  proxy.SCMBlockLocationFailoverProxyProvider (SCMBlockLocationFailoverProxyProvider.java:<init>(114)) - Created block location fail-over proxy with 1 nodes: [nodeId=scmNodeId,nodeAddress=/0.0.0.0:9863]
2023-06-07 12:08:24,885 [Time-limited test] INFO  om.OzoneManager (OzoneManager.java:<init>(637)) - OM start with adminUsers: [scm/fv-az83-744@EXAMPLE.COM, scm]
2023-06-07 12:08:24,898 [Time-limited test] WARN  server.ServerUtils (ServerUtils.java:getDBPath(311)) - ozone.om.db.dirs is not configured. We recommend adding this setting. Falling back to ozone.metadata.dirs instead.
2023-06-07 12:08:24,928 [Time-limited test] INFO  helpers.OmKeyInfo (OmKeyInfo.java:getCodec(71)) - OmKeyInfo.getCodec ignorePipeline = true
2023-06-07 12:08:25,186 [Time-limited test] INFO  om.OzoneManager (OzoneManager.java:instantiateServices(766)) - S3 Multi-Tenancy is disabled
2023-06-07 12:08:25,196 [Time-limited test] INFO  security.OzoneSecretStore (OzoneSecretStore.java:loadState(69)) - Loaded 0 tokens
2023-06-07 12:08:25,196 [Time-limited test] INFO  security.OzoneDelegationTokenSecretManager (OzoneDelegationTokenSecretManager.java:loadTokenSecretState(530)) - Loading token state into token manager.
2023-06-07 12:08:25,217 [Time-limited test] INFO  om.OmSnapshotManager (OmSnapshotManager.java:<init>(170)) - Ozone filesystem snapshot feature is enabled.
2023-06-07 12:08:25,224 [Time-limited test] WARN  server.ServerUtils (ServerUtils.java:getDBPath(311)) - ozone.om.snapshot.diff.db.dir is not configured. We recommend adding this setting. Falling back to ozone.metadata.dirs instead.
2023-06-07 12:08:25,256 [Time-limited test] INFO  utils.NativeLibraryLoader (NativeLibraryLoader.java:loadLibrary(103)) - Loading Library: ozone_rocksdb_tools
2023-06-07 12:08:25,318 [Time-limited test] INFO  om.OzoneManager (OzoneManager.java:addS3GVolumeToDB(4236)) - Created Volume s3v With Owner scm required for S3Gateway operations.
2023-06-07 12:08:25,376 [Time-limited test] WARN  server.ServerUtils (ServerUtils.java:getDefaultRatisDirectory(323)) - Storage directory for Ratis is not configured. It is a good idea to map this to an SSD disk. Falling back to ozone.metadata.dirs
2023-06-07 12:08:25,376 [Time-limited test] WARN  utils.OzoneManagerRatisUtils (OzoneManagerRatisUtils.java:getOMRatisSnapshotDirectory(461)) - ozone.om.ratis.snapshot.dir is not configured. Falling back to ozone.metadata.dirs config
2023-06-07 12:08:25,387 [Time-limited test] WARN  server.ServerUtils (ServerUtils.java:getDefaultRatisDirectory(323)) - Storage directory for Ratis is not configured. It is a good idea to map this to an SSD disk. Falling back to ozone.metadata.dirs
2023-06-07 12:08:25,411 [Time-limited test] INFO  ratis.OzoneManagerRatisServer (OzoneManagerRatisServer.java:<init>(163)) - Instantiating OM Ratis server with groupID: omServiceIdDefault and peers: fv-az83-744:9872
2023-06-07 12:08:25,419 [Time-limited test] INFO  ratis.OzoneManagerStateMachine (OzoneManagerStateMachine.java:loadSnapshotInfoFromDB(670)) - LastAppliedIndex is set from TransactionInfo from OM DB as (t:0, i:~)
2023-06-07 12:08:25,471 [Time-limited test] INFO  server.RaftServer (ConfUtils.java:logGet(46)) - raft.rpc.type = GRPC (default)
2023-06-07 12:08:25,479 [Time-limited test] INFO  grpc.GrpcConfigKeys (ConfUtils.java:logFallback(53)) - raft.grpc.admin.host = null (fallback to raft.grpc.server.host)
2023-06-07 12:08:25,480 [Time-limited test] INFO  grpc.GrpcConfigKeys (ConfUtils.java:logFallback(53)) - raft.grpc.admin.port = 9872 (fallback to raft.grpc.server.port)
2023-06-07 12:08:25,483 [Time-limited test] INFO  grpc.GrpcConfigKeys (ConfUtils.java:logFallback(53)) - raft.grpc.client.host = null (fallback to raft.grpc.server.host)
2023-06-07 12:08:25,484 [Time-limited test] INFO  grpc.GrpcConfigKeys (ConfUtils.java:logFallback(53)) - raft.grpc.client.port = 9872 (fallback to raft.grpc.server.port)
2023-06-07 12:08:25,484 [Time-limited test] INFO  grpc.GrpcConfigKeys (ConfUtils.java:logGet(46)) - raft.grpc.server.host = null (default)
2023-06-07 12:08:25,484 [Time-limited test] INFO  grpc.GrpcConfigKeys (ConfUtils.java:logGet(46)) - raft.grpc.server.port = 9872 (custom)
2023-06-07 12:08:25,485 [Time-limited test] INFO  server.GrpcService (ConfUtils.java:logGet(46)) - raft.grpc.message.size.max = 33554432 (custom)
2023-06-07 12:08:25,486 [Time-limited test] INFO  server.RaftServerConfigKeys (ConfUtils.java:logGet(46)) - raft.server.log.appender.buffer.byte-limit = 33554432 (custom)
2023-06-07 12:08:25,486 [Time-limited test] INFO  server.GrpcService (ConfUtils.java:logGet(46)) - raft.grpc.flow.control.window = 1MB (=1048576) (default)
2023-06-07 12:08:25,487 [Time-limited test] INFO  server.RaftServerConfigKeys (ConfUtils.java:logGet(46)) - raft.server.rpc.request.timeout = 3000ms (default)
2023-06-07 12:08:25,496 [Time-limited test] INFO  grpc.GrpcConfigKeys (ConfUtils.java:logGet(46)) - raft.grpc.server.heartbeat.channel = true (default)
2023-06-07 12:08:25,501 [Time-limited test] INFO  grpc.GrpcConfigKeys (ConfUtils.java:logGet(46)) - raft.grpc.server.async.request.thread.pool.cached = true (default)
2023-06-07 12:08:25,501 [Time-limited test] INFO  grpc.GrpcConfigKeys (ConfUtils.java:logGet(46)) - raft.grpc.server.async.request.thread.pool.size = 32 (default)
2023-06-07 12:08:25,553 [Time-limited test] INFO  impl.DataStreamServerImpl (ConfUtils.java:logGet(46)) - raft.datastream.type = DISABLED (default)
2023-06-07 12:08:25,555 [Time-limited test] INFO  server.RaftServerConfigKeys (ConfUtils.java:logGet(46)) - raft.server.threadpool.proxy.cached = true (default)
2023-06-07 12:08:25,557 [Time-limited test] INFO  server.RaftServerConfigKeys (ConfUtils.java:logGet(46)) - raft.server.threadpool.proxy.size = 0 (default)
2023-06-07 12:08:25,557 [Time-limited test] INFO  server.RaftServerConfigKeys (ConfUtils.java:logGet(46)) - raft.server.rpc.slowness.timeout = 120s (custom)
2023-06-07 12:08:25,558 [Time-limited test] INFO  server.RaftServerConfigKeys (ConfUtils.java:logGet(46)) - raft.server.leaderelection.leader.step-down.wait-time = 10s (default)
2023-06-07 12:08:25,561 [Time-limited test] INFO  server.RaftServerConfigKeys (ConfUtils.java:logGet(46)) - raft.server.storage.dir = [/tmp/junit4722303812950320548/junit3241711744375144682/scm-meta/ratis] (custom)
2023-06-07 12:08:25,572 [Time-limited test] INFO  server.RaftServer (RaftServerProxy.java:addNew(98)) - om1: addNew group-C5BA1605619E:[om1|rpc:fv-az83-744:9872|priority:0|startupRole:FOLLOWER] returns group-C5BA1605619E:java.util.concurrent.CompletableFuture@73f1d51e[Not completed]
2023-06-07 12:08:25,572 [Time-limited test] INFO  om.OzoneManager (OzoneManager.java:initializeRatisServer(2107)) - OzoneManager Ratis server initialized at port 9872
2023-06-07 12:08:25,575 [Time-limited test] INFO  om.OzoneManager (OzoneManager.java:getRpcServer(1166)) - Creating RPC Server
2023-06-07 12:08:25,592 [om1-groupManagement] INFO  server.RaftServer$Division (RaftServerImpl.java:<init>(198)) - om1: new RaftServerImpl for group-C5BA1605619E:[om1|rpc:fv-az83-744:9872|priority:0|startupRole:FOLLOWER] with OzoneManagerStateMachine:uninitialized
2023-06-07 12:08:25,595 [om1-groupManagement] INFO  server.RaftServerConfigKeys (ConfUtils.java:logGet(46)) - raft.server.rpc.timeout.min = 5s (custom)
2023-06-07 12:08:25,599 [om1-groupManagement] INFO  server.RaftServerConfigKeys (ConfUtils.java:logGet(46)) - raft.server.rpc.timeout.max = 5200ms (custom)
2023-06-07 12:08:25,599 [om1-groupManagement] INFO  server.RaftServerConfigKeys (ConfUtils.java:logGet(46)) - raft.server.rpc.sleep.time = 25ms (default)
2023-06-07 12:08:25,599 [om1-groupManagement] INFO  server.RaftServerConfigKeys (ConfUtils.java:logGet(46)) - raft.server.rpc.slowness.timeout = 120s (custom)
2023-06-07 12:08:25,599 [om1-groupManagement] INFO  server.RaftServerConfigKeys (ConfUtils.java:logGet(46)) - raft.server.leaderelection.leader.step-down.wait-time = 10s (default)
2023-06-07 12:08:25,599 [om1-groupManagement] INFO  server.RaftServerConfigKeys (ConfUtils.java:logGet(46)) - raft.server.sleep.deviation.threshold = 300ms (default)
2023-06-07 12:08:25,614 [om1-groupManagement] INFO  server.RaftServer$Division (ServerState.java:<init>(120)) - om1@group-C5BA1605619E: ConfigurationManager, init=-1: peers:[om1|rpc:fv-az83-744:9872|priority:0|startupRole:FOLLOWER]|listeners:[], old=null, confs=<EMPTY_MAP>
2023-06-07 12:08:25,617 [om1-groupManagement] INFO  server.RaftServerConfigKeys (ConfUtils.java:logGet(46)) - raft.server.storage.dir = [/tmp/junit4722303812950320548/junit3241711744375144682/scm-meta/ratis] (custom)
2023-06-07 12:08:25,626 [om1-groupManagement] INFO  server.RaftServerConfigKeys (ConfUtils.java:logGet(46)) - raft.server.log.corruption.policy = EXCEPTION (default)
2023-06-07 12:08:25,627 [om1-groupManagement] INFO  server.RaftServerConfigKeys (ConfUtils.java:logGet(46)) - raft.server.storage.free-space.min = 0MB (=0) (default)
2023-06-07 12:08:25,636 [om1-groupManagement] INFO  server.RaftServerConfigKeys (ConfUtils.java:logGet(46)) - raft.server.notification.no-leader.timeout = 120s (custom)
2023-06-07 12:08:25,639 [om1-groupManagement] INFO  server.RaftServerConfigKeys (ConfUtils.java:logGet(46)) - raft.server.read.timeout = 10s (default)
2023-06-07 12:08:25,643 [om1-groupManagement] INFO  server.RaftServerConfigKeys (ConfUtils.java:logGet(46)) - raft.server.retrycache.expirytime = 300s (custom)
2023-06-07 12:08:25,643 [om1-groupManagement] INFO  server.RaftServerConfigKeys (ConfUtils.java:logGet(46)) - raft.server.retrycache.statistics.expirytime = 100μs (default)
2023-06-07 12:08:25,702 [om1-groupManagement] INFO  server.RaftServerConfigKeys (ConfUtils.java:logGet(46)) - raft.server.read.option = DEFAULT (default)
2023-06-07 12:08:25,797 [om1-groupManagement] INFO  server.RaftServerConfigKeys (ConfUtils.java:logGet(46)) - raft.server.rpc.request.timeout = 3000ms (default)
2023-06-07 12:08:25,806 [om1-groupManagement] INFO  server.RaftServerConfigKeys (ConfUtils.java:logGet(46)) - raft.server.log.appender.install.snapshot.enabled = false (custom)
2023-06-07 12:08:25,807 [om1-groupManagement] INFO  server.RaftServerConfigKeys (ConfUtils.java:logGet(46)) - raft.server.threadpool.server.cached = true (default)
2023-06-07 12:08:25,809 [om1-groupManagement] INFO  server.RaftServerConfigKeys (ConfUtils.java:logGet(46)) - raft.server.threadpool.server.size = 0 (default)
2023-06-07 12:08:25,813 [om1-groupManagement] INFO  server.RaftServerConfigKeys (ConfUtils.java:logGet(46)) - raft.server.threadpool.client.cached = true (default)
2023-06-07 12:08:25,814 [om1-groupManagement] INFO  server.RaftServerConfigKeys (ConfUtils.java:logGet(46)) - raft.server.threadpool.client.size = 0 (default)
2023-06-07 12:08:26,368 [Time-limited test] INFO  reflections.Reflections (Reflections.java:scan(232)) - Reflections took 711 ms to scan 19 urls, producing 69 keys and 5294 values [using 2 cores]
2023-06-07 12:08:26,538 [Time-limited test] INFO  ipc.CallQueueManager (CallQueueManager.java:<init>(90)) - Using callQueue: class java.util.concurrent.LinkedBlockingQueue, queueCapacity: 10000, scheduler: class org.apache.hadoop.ipc.DefaultRpcScheduler, ipcBackoff: false.
2023-06-07 12:08:26,538 [Socket Reader #1 for port 1202] INFO  ipc.Server (Server.java:run(1319)) - Starting Socket Reader #1 for port 1202
2023-06-07 12:08:26,544 [Listener at fv-az83-744/1202] INFO  hdds.HddsUtils (HddsUtils.java:preserveThreadName(843)) - Restoring thread name: Time-limited test
2023-06-07 12:08:26,572 [Time-limited test] INFO  ha.OMHANodeDetails (OMHANodeDetails.java:loadOMHAConfig(115)) - ozone.om.internal.service.id is not defined, falling back to ozone.om.service.ids to find serviceID for OzoneManager if it is HA enabled cluster
2023-06-07 12:08:26,573 [Time-limited test] INFO  ha.OMHANodeDetails (OMHANodeDetails.java:loadOMHAConfig(226)) - Configuration does not have ozone.om.address set. Falling back to the default OM address fv-az83-744/10.1.0.7:1202
2023-06-07 12:08:26,573 [Time-limited test] INFO  ha.OMHANodeDetails (OMHANodeDetails.java:getOMNodeDetailsForNonHA(254)) - OM Service ID is not set. Setting it to the default ID: omServiceIdDefault
2023-06-07 12:08:26,573 [Time-limited test] INFO  ha.OMHANodeDetails (OMHANodeDetails.java:getOMNodeDetailsForNonHA(261)) - OM Node ID is not set. Setting it to the default ID: om1
2023-06-07 12:08:26,576 [pool-78-thread-2] INFO  request.KdcRequest (KdcRequest.java:preauth(651)) - The preauth data is empty.
2023-06-07 12:08:26,576 [pool-78-thread-2] INFO  server.KdcHandler (KdcHandler.java:handleRecoverableException(177)) - KRB error occurred while processing request:Additional pre-authentication required
2023-06-07 12:08:26,581 [pool-78-thread-2] INFO  request.AsRequest (AsRequest.java:issueTicket(112)) - AS_REQ ISSUE: authtime 1686139706580,scm/fv-az83-744@EXAMPLE.COM for krbtgt/EXAMPLE.COM@EXAMPLE.COM
2023-06-07 12:08:26,584 [Time-limited test] INFO  security.UserGroupInformation (UserGroupInformation.java:loginUserFromKeytab(1132)) - Login successful for user scm/fv-az83-744@EXAMPLE.COM using keytab file scm.keytab. Keytab auto renewal enabled : false
2023-06-07 12:08:26,584 [Time-limited test] INFO  om.OzoneManager (OzoneManager.java:loginOMUser(1134)) - Ozone Manager login successful.
2023-06-07 12:08:26,584 [Time-limited test] WARN  server.ServerUtils (ServerUtils.java:getDBPath(311)) - ozone.om.db.dirs is not configured. We recommend adding this setting. Falling back to ozone.metadata.dirs instead.
2023-06-07 12:08:26,586 [Time-limited test] INFO  proxy.SCMBlockLocationFailoverProxyProvider (SCMBlockLocationFailoverProxyProvider.java:<init>(114)) - Created block location fail-over proxy with 1 nodes: [nodeId=scmNodeId,nodeAddress=/0.0.0.0:9863]
2023-06-07 12:08:26,597 [pool-78-thread-2] INFO  request.TgsRequest (TgsRequest.java:issueTicket(115)) - TGS_REQ ISSUE: authtime 1686139706597,scm/fv-az83-744 for scm/fv-az83-744@EXAMPLE.COM
2023-06-07 12:08:26,607 [Socket Reader #1 for port 9863] INFO  ipc.Server (Server.java:saslProcess(2116)) - Auth successful for scm/fv-az83-744@EXAMPLE.COM (auth:KERBEROS) from 10.1.0.7:32953
OM already initialized.Reusing existing cluster id for sd=/tmp/junit4722303812950320548/junit3241711744375144682/scm-meta/om;cid=9440643a-76ff-4b18-a00d-ee9e3cb22f20;layoutVersion=5
2023-06-07 12:08:26,646 [Time-limited test] INFO  om.OzoneManager (OzoneManager.java:omInit(1342)) - OM storage initialized. Initializing security
2023-06-07 12:08:26,646 [Time-limited test] INFO  om.OzoneManager (OzoneManager.java:initializeSecurity(1355)) - Initializing secure OzoneManager.
2023-06-07 12:08:26,661 [Time-limited test] INFO  om.OzoneManager (OzoneManager.java:getOmDetailsProto(4485)) - OzoneManager ports added:[name: "RPC"
value: 1202
]
2023-06-07 12:08:26,662 [Time-limited test] ERROR security.OMCertificateClient (DefaultCertificateClient.java:getCertPath(296)) - Default certificate serial id is not set. Can't locate the default certificate for this client.
2023-06-07 12:08:26,662 [Time-limited test] INFO  security.OMCertificateClient (DefaultCertificateClient.java:init(650)) - Certificate client init case: 0
2023-06-07 12:08:26,662 [Time-limited test] INFO  security.OMCertificateClient (CommonCertificateClient.java:handleCase(67)) - Creating keypair for client as keypair and certificate not found.
2023-06-07 12:08:26,946 [Time-limited test] INFO  om.OzoneManager (OzoneManager.java:initializeSecurity(1370)) - Init response: GETCERT
2023-06-07 12:08:26,947 [Time-limited test] INFO  ozone.OzoneSecurityUtil (OzoneSecurityUtil.java:getValidInetsForCurrentHost(118)) - ip:fe80:0:0:0:20d:3aff:fe5e:ae76%eth0 not returned.
2023-06-07 12:08:26,947 [Time-limited test] INFO  ozone.OzoneSecurityUtil (OzoneSecurityUtil.java:getValidInetsForCurrentHost(115)) - Adding ip:10.1.0.7,host:fv-az83-744
2023-06-07 12:08:26,947 [Time-limited test] INFO  ozone.OzoneSecurityUtil (OzoneSecurityUtil.java:getValidInetsForCurrentHost(118)) - ip:0:0:0:0:0:0:0:1%lo not returned.
2023-06-07 12:08:26,947 [Time-limited test] INFO  ozone.OzoneSecurityUtil (OzoneSecurityUtil.java:getValidInetsForCurrentHost(118)) - ip:127.0.0.1 not returned.
2023-06-07 12:08:26,947 [Time-limited test] ERROR utils.CertificateSignRequest (CertificateSignRequest.java:lambda$addInetAddresses$0(296)) - Invalid domain fv-az83-744
2023-06-07 12:08:26,947 [Time-limited test] INFO  ha.OMHANodeDetails (OMHANodeDetails.java:loadOMHAConfig(115)) - ozone.om.internal.service.id is not defined, falling back to ozone.om.service.ids to find serviceID for OzoneManager if it is HA enabled cluster
2023-06-07 12:08:26,948 [Time-limited test] INFO  ha.OMHANodeDetails (OMHANodeDetails.java:loadOMHAConfig(226)) - Configuration does not have ozone.om.address set. Falling back to the default OM address fv-az83-744/10.1.0.7:1202
2023-06-07 12:08:26,948 [Time-limited test] INFO  ha.OMHANodeDetails (OMHANodeDetails.java:getOMNodeDetailsForNonHA(254)) - OM Service ID is not set. Setting it to the default ID: omServiceIdDefault
2023-06-07 12:08:26,948 [Time-limited test] INFO  ha.OMHANodeDetails (OMHANodeDetails.java:getOMNodeDetailsForNonHA(261)) - OM Node ID is not set. Setting it to the default ID: om1
2023-06-07 12:08:26,948 [Time-limited test] INFO  security.OMCertificateClient (OMCertificateClient.java:getCSRBuilder(117)) - Creating csr for OM->dns:fv-az83-744,ip:10.1.0.7,scmId:96ab08d2-ed4b-4104-955a-8a1ec3120e1c,clusterId:9440643a-76ff-4b18-a00d-ee9e3cb22f20,subject:fv-az83-744
2023-06-07 12:08:26,963 [Socket Reader #1 for port 9961] INFO  ipc.Server (Server.java:saslProcess(2116)) - Auth successful for scm/fv-az83-744@EXAMPLE.COM (auth:KERBEROS) from 10.1.0.7:35243
2023-06-07 12:08:26,970 [IPC Server handler 1 on default port 9961] INFO  server.SCMSecurityProtocolServer (SCMSecurityProtocolServer.java:getOMCertificate(175)) - Processing CSR for om fv-az83-744, UUID: fc08c002-2cae-4ca6-9d9e-daf350860f95
2023-06-07 12:08:27,146 [Time-limited test] INFO  security.OMCertificateClient (DefaultCertificateClient.java:loadAllCertificates(151)) - Loading certificate from location:/tmp/junit4722303812950320548/junit3241711744375144682/scm-meta/om/certs.
2023-06-07 12:08:27,148 [Time-limited test] INFO  security.OMCertificateClient (DefaultCertificateClient.java:loadAllCertificates(195)) - Added certificate   [0]         Version: 3
         SerialNumber: 3964968514957
             IssuerDN: CN=scm@fv-az83-744,OU=96ab08d2-ed4b-4104-955a-8a1ec3120e1c,O=9440643a-76ff-4b18-a00d-ee9e3cb22f20
           Start Date: Wed Jun 07 12:08:24 UTC 2023
           Final Date: Sat Jul 15 12:08:24 UTC 2028
            SubjectDN: CN=scm-sub@fv-az83-744,OU=96ab08d2-ed4b-4104-955a-8a1ec3120e1c,O=9440643a-76ff-4b18-a00d-ee9e3cb22f20
           Public Key: RSA Public Key [08:0a:d3:65:8e:23:d8:9d:3b:f2:d6:d0:9a:85:5a:b2:20:08:5c:bb],[56:66:d1:a4]
        modulus: a3a562366c317fed6a82ad8ee2f1126e80fbde9ec89f10c675c7d2fb8c6a46a98957cd04ee6884b552546d10df71506d99ba0bcdfcf1bd361d6377e3e0037b5468a0b90dd40a0a8c71be58725b1ba7b17a4a76855ad1cc5ae1d67614b2743b3d986f7514e54dcb5ebd5f7bb9820f913fa25d4d1159334f938a503ca40950eb2d099791d2832c2b9532060de1cfe7f11ecdff1c1ccd21ca4a2d94568d71a3152d2717f329e4bc695a4557ee09c191b0182035c0a630c4c38e23d2ab774b086799c1cb2d66427f73d97cc5e855c72de1413605e6352d2471ae2b1170d0c61e0a7261da082bb8dfcf5f4bc7175f23b06b04852e3ede337a02a703dd1f76bd83fead
public exponent: 10001

  Signature Algorithm: SHA256WITHRSA
            Signature: 6e86fafc8dabc8654621340599a6615eb7f8fcca
                       a6882af123b931902f6b6149f99cc796802265f9
                       9d03235c3c7167cbb8272e0d96d8bcf561a4af0e
                       b80a632664da4e1827f56261446e5c43ec3c4e55
                       f11357b5ffbf2523f71b466aac732d4e9c4fca44
                       7fe9285176a578ab53f8d2a871209e3e591d94a7
                       f77ef22dcc38a684da1be9d2433d305792b6b84c
                       364a7ad1dc59e37612a9e86a90f95eb45be4d315
                       93edb4e413c47842ef5cc236ddb2faae42ea99ca
                       88b742325b8192605a0f393025244cfbe5035891
                       982deea6be45a0c5efb04990ef81a4f9f14984d6
                       7e2f1b20cef37918bac19301be4c9d00e38970e1
                       0a6ac6f305cca0d53d1ecab5cba7198d
       Extensions: 
                       critical(false) 2.5.29.17 value = Sequence
    Tagged [7] IMPLICIT 
        DER Octet String[4] 

                       critical(true) BasicConstraints: isCa(true)
                       critical(true) KeyUsage: 0xbe
 from file:/tmp/junit4722303812950320548/junit3241711744375144682/scm-meta/om/certs/CA-3964968514957.crt.
2023-06-07 12:08:27,152 [Time-limited test] INFO  security.OMCertificateClient (DefaultCertificateClient.java:loadAllCertificates(195)) - Added certificate   [0]         Version: 3
         SerialNumber: 3967551769077
             IssuerDN: CN=scm-sub@fv-az83-744,OU=96ab08d2-ed4b-4104-955a-8a1ec3120e1c,O=9440643a-76ff-4b18-a00d-ee9e3cb22f20
           Start Date: Wed Jun 07 12:08:26 UTC 2023
           Final Date: Thu Jun 06 12:08:26 UTC 2024
            SubjectDN: CN=fv-az83-744,OU=96ab08d2-ed4b-4104-955a-8a1ec3120e1c,O=9440643a-76ff-4b18-a00d-ee9e3cb22f20
           Public Key: RSA Public Key [53:f5:c0:2b:dd:53:d1:30:a3:75:ae:2f:04:a9:25:1f:97:9f:d9:aa],[56:66:d1:a4]
        modulus: c24a2b70c4033cdcba2b97d0d21f4c66b28bba925d6a57acb377dc461d6fb012f34b81ead492802ff364a8e00b8ae0148f87e0987d16a0372d53e35242b6fa2774485762075f53e33ebc4853e68f74befb61bae497d46c00ea5e6f973697b4596c7dacfaec1a32e9cfd8dfedaf6b46ea247c39fe8d6fb469dfa413d4f314b6db69c0e9c137d5d89eb512acd8a4c9e78f91840d0b084b47e4d2f88102b499a5ce6335fd7b6e81ce40c0cfb83bc26753d83749987a2aa3818a472ddd1af47b6a923ffbb9ee1455cb42f1ee2249f92d5a934c4875967e1d67f5b2c41d2f185cf911e83362e9316146ee4f8c4c4bd96f5a94f440c1c3ebfc97a023b2aa4a69124459
public exponent: 10001

  Signature Algorithm: SHA256WITHRSA
            Signature: 49f0fbf6ec6ae9f74bb9c066bd376f9326b9afae
                       8ee186283227c1939089ae0b080cd339eb3f89d5
                       9659f30721798060a50a651112d75a113d0550e0
                       bb86d6010ae7cdcf9cc34b6a2d013fee37a570fd
                       0ee8baacf5bbc68883dede209dd47def3aea7f80
                       48ec46290fc0657b6bdbd8b30f724e4ea3bc5d36
                       69819306b2a45678242793fece308b0cabb05b30
                       4658d7e4ae0d4922d0c4b3f04dc9fc306a57e0b1
                       e180ea28e1c38c7602eba2e90327e13934be8089
                       9aa8c24cf482947de037f2d9b6b0e3a379b6b76a
                       efab18d8f029377f20b8b1de3f4b40dbd96b5ca1
                       29e3f4e6a176cd90ce5255573a51d83e152cb86d
                       04e113f2cf6d6486c83d0778d64889f3
       Extensions: 
                       critical(false) 2.5.29.17 value = Sequence
    Tagged [7] IMPLICIT 
        DER Octet String[4] 
    Tagged [0] IMPLICIT 
        Sequence
            ObjectIdentifier(2.16.840.1.113730.3.1.34)
            Tagged [0]
                UTF8String(omServiceIdDefault) 

                       critical(true) KeyUsage: 0xb8
 from file:/tmp/junit4722303812950320548/junit3241711744375144682/scm-meta/om/certs/3967551769077.crt.
2023-06-07 12:08:27,154 [Time-limited test] INFO  security.OMCertificateClient (DefaultCertificateClient.java:loadAllCertificates(195)) - Added certificate   [0]         Version: 3
         SerialNumber: 1
             IssuerDN: CN=scm@fv-az83-744,OU=96ab08d2-ed4b-4104-955a-8a1ec3120e1c,O=9440643a-76ff-4b18-a00d-ee9e3cb22f20
           Start Date: Wed Jun 07 12:08:24 UTC 2023
           Final Date: Sat Jul 15 12:08:24 UTC 2028
            SubjectDN: CN=scm@fv-az83-744,OU=96ab08d2-ed4b-4104-955a-8a1ec3120e1c,O=9440643a-76ff-4b18-a00d-ee9e3cb22f20
           Public Key: RSA Public Key [c9:37:1d:00:82:0f:fb:42:d6:cf:5d:12:a4:9c:d5:bb:43:ba:b9:dd],[56:66:d1:a4]
        modulus: 8834ccb6132079ef9a228d45587570c8402aa0e36cf977988ee5cdfc17e1e84d2e338d45a27a3ebbe06d6339b8c2050f5301c56243518dc4f6f3a70162dad09a9aebd76a866bfe7638756733de3846e6f5708afc9d6ea4bb5835b0f07a47ad7e57d56a822d5adf58806f4f49713029efd2ce9519bfcc8c093cd3981b5affbb202f803b3257abc7b81db82402b22d546f807feb2b47971f45362f32915d7c979eb10dab3edc61ca6e74a00e6c25581962fad20eaa71209d29566754b7ad7d8058052cf042c63c407c3c6170434abefe7d09973d322114b9f3bc4672baa163c926b8fa9e306611541f2b31cea87ec3590c370f11b8d59f99e98da27c2b2f15f43f
public exponent: 10001

  Signature Algorithm: SHA256WITHRSA
            Signature: 730d32cbdd49ceeb4ed9492cf36be0fd6078ca89
                       bf821ba164da62e5488274994cd7cedeffb7c6d1
                       06e835259c2dee1086d6518f101c9f803ad43123
                       ade08871ea4e1c7afd2cb0feea3dcfa0877b5397
                       b0526a34b67061c2f30db6e04eaa497ddc26855f
                       591b47a7f0f4386a1ea43afaefc9240695f5c986
                       b147da002be356ece734cc168fa0089120bf56b8
                       549e24c8cbe4064837f01c7167f85b7e9cc7cb24
                       fac6267a0724a1eaebeb3758743d3fbdf149f627
                       a6cc7d116fac0ec072c2c8d0d76cb67087652e3d
                       342f798a21c41589d617206ff43f4a0b561839c8
                       7a58ed112d5614b2a33a28dfb9ebc048f97620ea
                       cd9fe8e76f56fbb5ef3d03d809377b3d
       Extensions: 
                       critical(true) BasicConstraints: isCa(true)
                       critical(true) KeyUsage: 0x6
                       critical(false) 2.5.29.17 value = Sequence
    Tagged [7] IMPLICIT 
        DER Octet String[4] 

 from file:/tmp/junit4722303812950320548/junit3241711744375144682/scm-meta/om/certs/ROOTCA-1.crt.
2023-06-07 12:08:27,156 [Time-limited test] INFO  security.OMCertificateClient (DefaultCertificateClient.java:startCertificateMonitor(1208)) - CertificateLifetimeMonitor for om is started with first delay 31535988846 ms and interval 3333 ms.
2023-06-07 12:08:27,156 [Time-limited test] INFO  om.OzoneManager (OzoneManager.java:initializeSecurity(1380)) - Successfully stored SCM signed certificate.
2023-06-07 12:08:27,158 [Time-limited test] INFO  om.OzoneManager (OzoneManager.java:stop(2166)) - om1[fv-az83-744:1202]: Stopping Ozone Manager
2023-06-07 12:08:27,158 [Time-limited test] INFO  ipc.Server (Server.java:stop(3501)) - Stopping server on 1202
2023-06-07 12:08:27,161 [Time-limited test] INFO  ratis.OzoneManagerStateMachine (OzoneManagerStateMachine.java:close(533)) - StateMachine has shutdown. Shutdown OzoneManager if not already shutdown.
2023-06-07 12:08:27,161 [Time-limited test] INFO  ratis.OzoneManagerDoubleBuffer (OzoneManagerDoubleBuffer.java:stopDaemon(559)) - Stopping OMDoubleBuffer flush thread
2023-06-07 12:08:27,161 [OMDoubleBufferFlushThread] INFO  ratis.OzoneManagerDoubleBuffer (OzoneManagerDoubleBuffer.java:canFlush(648)) - OMDoubleBuffer flush thread OMDoubleBufferFlushThread is interrupted and will exit.
2023-06-07 12:08:27,164 [Time-limited test] INFO  om.OzoneManager (OzoneManager.java:stopSecretManager(1058)) - Stopping OM delegation token secret manager.
2023-06-07 12:08:27,167 [Time-limited test] INFO  snapshot.SnapshotDiffManager (SnapshotDiffManager.java:closeExecutorService(1278)) - Shutting down executorService: 'SnapDiffExecutor'
2023-06-07 12:08:27,168 [Time-limited test] INFO  utils.BackgroundService (BackgroundService.java:shutdown(141)) - Shutting down service SnapshotDiffCleanupService
2023-06-07 12:08:27,169 [Time-limited test] INFO  ha.OMHANodeDetails (OMHANodeDetails.java:loadOMHAConfig(115)) - ozone.om.internal.service.id is not defined, falling back to ozone.om.service.ids to find serviceID for OzoneManager if it is HA enabled cluster
2023-06-07 12:08:27,170 [Time-limited test] INFO  ha.OMHANodeDetails (OMHANodeDetails.java:loadOMHAConfig(226)) - Configuration does not have ozone.om.address set. Falling back to the default OM address fv-az83-744/10.1.0.7:1202
2023-06-07 12:08:27,170 [Time-limited test] INFO  ha.OMHANodeDetails (OMHANodeDetails.java:getOMNodeDetailsForNonHA(254)) - OM Service ID is not set. Setting it to the default ID: omServiceIdDefault
2023-06-07 12:08:27,170 [Time-limited test] INFO  ha.OMHANodeDetails (OMHANodeDetails.java:getOMNodeDetailsForNonHA(261)) - OM Node ID is not set. Setting it to the default ID: om1
2023-06-07 12:08:27,170 [Time-limited test] WARN  server.ServerUtils (ServerUtils.java:getDBPath(311)) - ozone.om.db.dirs is not configured. We recommend adding this setting. Falling back to ozone.metadata.dirs instead.
2023-06-07 12:08:27,171 [Time-limited test] INFO  upgrade.AbstractLayoutVersionManager (AbstractLayoutVersionManager.java:init(83)) - Initializing Layout version manager with metadata layout = FILESYSTEM_SNAPSHOT (version = 5), software layout = FILESYSTEM_SNAPSHOT (version = 5)
2023-06-07 12:08:27,262 [Time-limited test] INFO  reflections.Reflections (Reflections.java:scan(232)) - Reflections took 90 ms to scan 2 urls, producing 177 keys and 490 values [using 2 cores]
2023-06-07 12:08:27,263 [Time-limited test] INFO  upgrade.OMLayoutVersionManager (OMLayoutVersionManager.java:lambda$0(115)) - Skipping Upgrade Action MockOmUpgradeAction since it has been finalized.
2023-06-07 12:08:27,266 [pool-78-thread-2] INFO  request.KdcRequest (KdcRequest.java:preauth(651)) - The preauth data is empty.
2023-06-07 12:08:27,266 [pool-78-thread-2] INFO  server.KdcHandler (KdcHandler.java:handleRecoverableException(177)) - KRB error occurred while processing request:Additional pre-authentication required
2023-06-07 12:08:27,270 [pool-78-thread-2] INFO  request.AsRequest (AsRequest.java:issueTicket(112)) - AS_REQ ISSUE: authtime 1686139707269,scm/fv-az83-744@EXAMPLE.COM for krbtgt/EXAMPLE.COM@EXAMPLE.COM
2023-06-07 12:08:27,276 [Time-limited test] INFO  security.UserGroupInformation (UserGroupInformation.java:loginUserFromKeytab(1132)) - Login successful for user scm/fv-az83-744@EXAMPLE.COM using keytab file scm.keytab. Keytab auto renewal enabled : false
2023-06-07 12:08:27,276 [Time-limited test] INFO  om.OzoneManager (OzoneManager.java:loginOMUser(1134)) - Ozone Manager login successful.
2023-06-07 12:08:27,276 [Time-limited test] WARN  server.ServerUtils (ServerUtils.java:getDBPath(311)) - ozone.om.db.dirs is not configured. We recommend adding this setting. Falling back to ozone.metadata.dirs instead.
2023-06-07 12:08:27,277 [Time-limited test] INFO  proxy.SCMBlockLocationFailoverProxyProvider (SCMBlockLocationFailoverProxyProvider.java:<init>(114)) - Created block location fail-over proxy with 1 nodes: [nodeId=scmNodeId,nodeAddress=/0.0.0.0:9863]
2023-06-07 12:08:27,279 [Time-limited test] INFO  security.OMCertificateClient (DefaultCertificateClient.java:loadAllCertificates(151)) - Loading certificate from location:/tmp/junit4722303812950320548/junit3241711744375144682/scm-meta/om/certs.
2023-06-07 12:08:27,280 [Time-limited test] INFO  security.OMCertificateClient (DefaultCertificateClient.java:loadAllCertificates(195)) - Added certificate   [0]         Version: 3
         SerialNumber: 3964968514957
             IssuerDN: CN=scm@fv-az83-744,OU=96ab08d2-ed4b-4104-955a-8a1ec3120e1c,O=9440643a-76ff-4b18-a00d-ee9e3cb22f20
           Start Date: Wed Jun 07 12:08:24 UTC 2023
           Final Date: Sat Jul 15 12:08:24 UTC 2028
            SubjectDN: CN=scm-sub@fv-az83-744,OU=96ab08d2-ed4b-4104-955a-8a1ec3120e1c,O=9440643a-76ff-4b18-a00d-ee9e3cb22f20
           Public Key: RSA Public Key [08:0a:d3:65:8e:23:d8:9d:3b:f2:d6:d0:9a:85:5a:b2:20:08:5c:bb],[56:66:d1:a4]
        modulus: a3a562366c317fed6a82ad8ee2f1126e80fbde9ec89f10c675c7d2fb8c6a46a98957cd04ee6884b552546d10df71506d99ba0bcdfcf1bd361d6377e3e0037b5468a0b90dd40a0a8c71be58725b1ba7b17a4a76855ad1cc5ae1d67614b2743b3d986f7514e54dcb5ebd5f7bb9820f913fa25d4d1159334f938a503ca40950eb2d099791d2832c2b9532060de1cfe7f11ecdff1c1ccd21ca4a2d94568d71a3152d2717f329e4bc695a4557ee09c191b0182035c0a630c4c38e23d2ab774b086799c1cb2d66427f73d97cc5e855c72de1413605e6352d2471ae2b1170d0c61e0a7261da082bb8dfcf5f4bc7175f23b06b04852e3ede337a02a703dd1f76bd83fead
public exponent: 10001

  Signature Algorithm: SHA256WITHRSA
            Signature: 6e86fafc8dabc8654621340599a6615eb7f8fcca
                       a6882af123b931902f6b6149f99cc796802265f9
                       9d03235c3c7167cbb8272e0d96d8bcf561a4af0e
                       b80a632664da4e1827f56261446e5c43ec3c4e55
                       f11357b5ffbf2523f71b466aac732d4e9c4fca44
                       7fe9285176a578ab53f8d2a871209e3e591d94a7
                       f77ef22dcc38a684da1be9d2433d305792b6b84c
                       364a7ad1dc59e37612a9e86a90f95eb45be4d315
                       93edb4e413c47842ef5cc236ddb2faae42ea99ca
                       88b742325b8192605a0f393025244cfbe5035891
                       982deea6be45a0c5efb04990ef81a4f9f14984d6
                       7e2f1b20cef37918bac19301be4c9d00e38970e1
                       0a6ac6f305cca0d53d1ecab5cba7198d
       Extensions: 
                       critical(false) 2.5.29.17 value = Sequence
    Tagged [7] IMPLICIT 
        DER Octet String[4] 

                       critical(true) BasicConstraints: isCa(true)
                       critical(true) KeyUsage: 0xbe
 from file:/tmp/junit4722303812950320548/junit3241711744375144682/scm-meta/om/certs/CA-3964968514957.crt.
2023-06-07 12:08:27,282 [Time-limited test] INFO  security.OMCertificateClient (DefaultCertificateClient.java:loadAllCertificates(195)) - Added certificate   [0]         Version: 3
         SerialNumber: 3967551769077
             IssuerDN: CN=scm-sub@fv-az83-744,OU=96ab08d2-ed4b-4104-955a-8a1ec3120e1c,O=9440643a-76ff-4b18-a00d-ee9e3cb22f20
           Start Date: Wed Jun 07 12:08:26 UTC 2023
           Final Date: Thu Jun 06 12:08:26 UTC 2024
            SubjectDN: CN=fv-az83-744,OU=96ab08d2-ed4b-4104-955a-8a1ec3120e1c,O=9440643a-76ff-4b18-a00d-ee9e3cb22f20
           Public Key: RSA Public Key [53:f5:c0:2b:dd:53:d1:30:a3:75:ae:2f:04:a9:25:1f:97:9f:d9:aa],[56:66:d1:a4]
        modulus: c24a2b70c4033cdcba2b97d0d21f4c66b28bba925d6a57acb377dc461d6fb012f34b81ead492802ff364a8e00b8ae0148f87e0987d16a0372d53e35242b6fa2774485762075f53e33ebc4853e68f74befb61bae497d46c00ea5e6f973697b4596c7dacfaec1a32e9cfd8dfedaf6b46ea247c39fe8d6fb469dfa413d4f314b6db69c0e9c137d5d89eb512acd8a4c9e78f91840d0b084b47e4d2f88102b499a5ce6335fd7b6e81ce40c0cfb83bc26753d83749987a2aa3818a472ddd1af47b6a923ffbb9ee1455cb42f1ee2249f92d5a934c4875967e1d67f5b2c41d2f185cf911e83362e9316146ee4f8c4c4bd96f5a94f440c1c3ebfc97a023b2aa4a69124459
public exponent: 10001

  Signature Algorithm: SHA256WITHRSA
            Signature: 49f0fbf6ec6ae9f74bb9c066bd376f9326b9afae
                       8ee186283227c1939089ae0b080cd339eb3f89d5
                       9659f30721798060a50a651112d75a113d0550e0
                       bb86d6010ae7cdcf9cc34b6a2d013fee37a570fd
                       0ee8baacf5bbc68883dede209dd47def3aea7f80
                       48ec46290fc0657b6bdbd8b30f724e4ea3bc5d36
                       69819306b2a45678242793fece308b0cabb05b30
                       4658d7e4ae0d4922d0c4b3f04dc9fc306a57e0b1
                       e180ea28e1c38c7602eba2e90327e13934be8089
                       9aa8c24cf482947de037f2d9b6b0e3a379b6b76a
                       efab18d8f029377f20b8b1de3f4b40dbd96b5ca1
                       29e3f4e6a176cd90ce5255573a51d83e152cb86d
                       04e113f2cf6d6486c83d0778d64889f3
       Extensions: 
                       critical(false) 2.5.29.17 value = Sequence
    Tagged [7] IMPLICIT 
        DER Octet String[4] 
    Tagged [0] IMPLICIT 
        Sequence
            ObjectIdentifier(2.16.840.1.113730.3.1.34)
            Tagged [0]
                UTF8String(omServiceIdDefault) 

                       critical(true) KeyUsage: 0xb8
 from file:/tmp/junit4722303812950320548/junit3241711744375144682/scm-meta/om/certs/3967551769077.crt.
2023-06-07 12:08:27,283 [Time-limited test] INFO  security.OMCertificateClient (DefaultCertificateClient.java:loadAllCertificates(195)) - Added certificate   [0]         Version: 3
         SerialNumber: 1
             IssuerDN: CN=scm@fv-az83-744,OU=96ab08d2-ed4b-4104-955a-8a1ec3120e1c,O=9440643a-76ff-4b18-a00d-ee9e3cb22f20
           Start Date: Wed Jun 07 12:08:24 UTC 2023
           Final Date: Sat Jul 15 12:08:24 UTC 2028
            SubjectDN: CN=scm@fv-az83-744,OU=96ab08d2-ed4b-4104-955a-8a1ec3120e1c,O=9440643a-76ff-4b18-a00d-ee9e3cb22f20
           Public Key: RSA Public Key [c9:37:1d:00:82:0f:fb:42:d6:cf:5d:12:a4:9c:d5:bb:43:ba:b9:dd],[56:66:d1:a4]
        modulus: 8834ccb6132079ef9a228d45587570c8402aa0e36cf977988ee5cdfc17e1e84d2e338d45a27a3ebbe06d6339b8c2050f5301c56243518dc4f6f3a70162dad09a9aebd76a866bfe7638756733de3846e6f5708afc9d6ea4bb5835b0f07a47ad7e57d56a822d5adf58806f4f49713029efd2ce9519bfcc8c093cd3981b5affbb202f803b3257abc7b81db82402b22d546f807feb2b47971f45362f32915d7c979eb10dab3edc61ca6e74a00e6c25581962fad20eaa71209d29566754b7ad7d8058052cf042c63c407c3c6170434abefe7d09973d322114b9f3bc4672baa163c926b8fa9e306611541f2b31cea87ec3590c370f11b8d59f99e98da27c2b2f15f43f
public exponent: 10001

  Signature Algorithm: SHA256WITHRSA
            Signature: 730d32cbdd49ceeb4ed9492cf36be0fd6078ca89
                       bf821ba164da62e5488274994cd7cedeffb7c6d1
                       06e835259c2dee1086d6518f101c9f803ad43123
                       ade08871ea4e1c7afd2cb0feea3dcfa0877b5397
                       b0526a34b67061c2f30db6e04eaa497ddc26855f
                       591b47a7f0f4386a1ea43afaefc9240695f5c986
                       b147da002be356ece734cc168fa0089120bf56b8
                       549e24c8cbe4064837f01c7167f85b7e9cc7cb24
                       fac6267a0724a1eaebeb3758743d3fbdf149f627
                       a6cc7d116fac0ec072c2c8d0d76cb67087652e3d
                       342f798a21c41589d617206ff43f4a0b561839c8
                       7a58ed112d5614b2a33a28dfb9ebc048f97620ea
                       cd9fe8e76f56fbb5ef3d03d809377b3d
       Extensions: 
                       critical(true) BasicConstraints: isCa(true)
                       critical(true) KeyUsage: 0x6
                       critical(false) 2.5.29.17 value = Sequence
    Tagged [7] IMPLICIT 
        DER Octet String[4] 

 from file:/tmp/junit4722303812950320548/junit3241711744375144682/scm-meta/om/certs/ROOTCA-1.crt.
2023-06-07 12:08:27,284 [Time-limited test] INFO  security.OMCertificateClient (DefaultCertificateClient.java:startCertificateMonitor(1208)) - CertificateLifetimeMonitor for om is started with first delay 31535988716 ms and interval 3333 ms.
2023-06-07 12:08:27,284 [Time-limited test] INFO  om.OzoneManager (OzoneManager.java:getOmDetailsProto(4485)) - OzoneManager ports added:[name: "RPC"
value: 1202
]
2023-06-07 12:08:27,286 [Time-limited test] INFO  om.OzoneManager (OzoneManager.java:<init>(637)) - OM start with adminUsers: [scm/fv-az83-744@EXAMPLE.COM, scm]
2023-06-07 12:08:27,287 [Time-limited test] WARN  server.ServerUtils (ServerUtils.java:getDBPath(311)) - ozone.om.db.dirs is not configured. We recommend adding this setting. Falling back to ozone.metadata.dirs instead.
2023-06-07 12:08:27,287 [Time-limited test] INFO  helpers.OmKeyInfo (OmKeyInfo.java:getCodec(71)) - OmKeyInfo.getCodec ignorePipeline = true
2023-06-07 12:08:27,345 [Time-limited test] INFO  om.OzoneManager (OzoneManager.java:instantiateServices(766)) - S3 Multi-Tenancy is disabled
2023-06-07 12:08:27,346 [Time-limited test] INFO  security.OzoneSecretStore (OzoneSecretStore.java:loadState(69)) - Loaded 0 tokens
2023-06-07 12:08:27,346 [Time-limited test] INFO  security.OzoneDelegationTokenSecretManager (OzoneDelegationTokenSecretManager.java:loadTokenSecretState(530)) - Loading token state into token manager.
2023-06-07 12:08:27,346 [Time-limited test] INFO  om.OmSnapshotManager (OmSnapshotManager.java:<init>(170)) - Ozone filesystem snapshot feature is enabled.
2023-06-07 12:08:27,346 [Time-limited test] WARN  server.ServerUtils (ServerUtils.java:getDBPath(311)) - ozone.om.snapshot.diff.db.dir is not configured. We recommend adding this setting. Falling back to ozone.metadata.dirs instead.
2023-06-07 12:08:27,365 [Time-limited test] INFO  utils.NativeLibraryLoader (NativeLibraryLoader.java:loadLibrary(103)) - Loading Library: ozone_rocksdb_tools
2023-06-07 12:08:27,368 [Time-limited test] WARN  server.ServerUtils (ServerUtils.java:getDefaultRatisDirectory(323)) - Storage directory for Ratis is not configured. It is a good idea to map this to an SSD disk. Falling back to ozone.metadata.dirs
2023-06-07 12:08:27,368 [Time-limited test] WARN  utils.OzoneManagerRatisUtils (OzoneManagerRatisUtils.java:getOMRatisSnapshotDirectory(461)) - ozone.om.ratis.snapshot.dir is not configured. Falling back to ozone.metadata.dirs config
2023-06-07 12:08:27,368 [Time-limited test] WARN  server.ServerUtils (ServerUtils.java:getDefaultRatisDirectory(323)) - Storage directory for Ratis is not configured. It is a good idea to map this to an SSD disk. Falling back to ozone.metadata.dirs
2023-06-07 12:08:27,370 [Time-limited test] INFO  ratis.OzoneManagerRatisServer (OzoneManagerRatisServer.java:<init>(163)) - Instantiating OM Ratis server with groupID: omServiceIdDefault and peers: fv-az83-744:9872
2023-06-07 12:08:27,370 [Time-limited test] INFO  ratis.OzoneManagerStateMachine (OzoneManagerStateMachine.java:loadSnapshotInfoFromDB(670)) - LastAppliedIndex is set from TransactionInfo from OM DB as (t:0, i:~)
2023-06-07 12:08:27,371 [Time-limited test] INFO  server.RaftServer (ConfUtils.java:logGet(46)) - raft.rpc.type = GRPC (default)
2023-06-07 12:08:27,372 [Time-limited test] INFO  grpc.GrpcConfigKeys (ConfUtils.java:logFallback(53)) - raft.grpc.admin.host = null (fallback to raft.grpc.server.host)
2023-06-07 12:08:27,372 [Time-limited test] INFO  grpc.GrpcConfigKeys (ConfUtils.java:logFallback(53)) - raft.grpc.admin.port = 9872 (fallback to raft.grpc.server.port)
2023-06-07 12:08:27,372 [Time-limited test] INFO  grpc.GrpcConfigKeys (ConfUtils.java:logFallback(53)) - raft.grpc.client.host = null (fallback to raft.grpc.server.host)
2023-06-07 12:08:27,372 [Time-limited test] INFO  grpc.GrpcConfigKeys (ConfUtils.java:logFallback(53)) - raft.grpc.client.port = 9872 (fallback to raft.grpc.server.port)
2023-06-07 12:08:27,372 [Time-limited test] INFO  grpc.GrpcConfigKeys (ConfUtils.java:logGet(46)) - raft.grpc.server.host = null (default)
2023-06-07 12:08:27,372 [Time-limited test] INFO  grpc.GrpcConfigKeys (ConfUtils.java:logGet(46)) - raft.grpc.server.port = 9872 (custom)
2023-06-07 12:08:27,372 [Time-limited test] INFO  server.GrpcService (ConfUtils.java:logGet(46)) - raft.grpc.message.size.max = 33554432 (custom)
2023-06-07 12:08:27,372 [Time-limited test] INFO  server.RaftServerConfigKeys (ConfUtils.java:logGet(46)) - raft.server.log.appender.buffer.byte-limit = 33554432 (custom)
2023-06-07 12:08:27,372 [Time-limited test] INFO  server.GrpcService (ConfUtils.java:logGet(46)) - raft.grpc.flow.control.window = 1MB (=1048576) (default)
2023-06-07 12:08:27,373 [Time-limited test] INFO  server.RaftServerConfigKeys (ConfUtils.java:logGet(46)) - raft.server.rpc.request.timeout = 3000ms (default)
2023-06-07 12:08:27,373 [Time-limited test] INFO  grpc.GrpcConfigKeys (ConfUtils.java:logGet(46)) - raft.grpc.server.heartbeat.channel = true (default)
2023-06-07 12:08:27,373 [Time-limited test] INFO  grpc.GrpcConfigKeys (ConfUtils.java:logGet(46)) - raft.grpc.server.async.request.thread.pool.cached = true (default)
2023-06-07 12:08:27,373 [Time-limited test] INFO  grpc.GrpcConfigKeys (ConfUtils.java:logGet(46)) - raft.grpc.server.async.request.thread.pool.size = 32 (default)
2023-06-07 12:08:27,374 [Time-limited test] INFO  impl.DataStreamServerImpl (ConfUtils.java:logGet(46)) - raft.datastream.type = DISABLED (default)
2023-06-07 12:08:27,374 [Time-limited test] INFO  server.RaftServerConfigKeys (ConfUtils.java:logGet(46)) - raft.server.threadpool.proxy.cached = true (default)
2023-06-07 12:08:27,374 [Time-limited test] INFO  server.RaftServerConfigKeys (ConfUtils.java:logGet(46)) - raft.server.threadpool.proxy.size = 0 (default)
2023-06-07 12:08:27,374 [Time-limited test] INFO  server.RaftServerConfigKeys (ConfUtils.java:logGet(46)) - raft.server.rpc.slowness.timeout = 120s (custom)
2023-06-07 12:08:27,374 [Time-limited test] INFO  server.RaftServerConfigKeys (ConfUtils.java:logGet(46)) - raft.server.leaderelection.leader.step-down.wait-time = 10s (default)
2023-06-07 12:08:27,375 [Time-limited test] INFO  server.RaftServerConfigKeys (ConfUtils.java:logGet(46)) - raft.server.storage.dir = [/tmp/junit4722303812950320548/junit3241711744375144682/scm-meta/ratis] (custom)
2023-06-07 12:08:27,379 [Time-limited test] INFO  server.RaftServer (RaftServerProxy.java:addNew(98)) - om1: addNew group-C5BA1605619E:[om1|rpc:fv-az83-744:9872|priority:0|startupRole:FOLLOWER] returns group-C5BA1605619E:java.util.concurrent.CompletableFuture@760c6993[Not completed]
2023-06-07 12:08:27,379 [Time-limited test] INFO  om.OzoneManager (OzoneManager.java:initializeRatisServer(2107)) - OzoneManager Ratis server initialized at port 9872
2023-06-07 12:08:27,379 [Time-limited test] INFO  om.OzoneManager (OzoneManager.java:getRpcServer(1166)) - Creating RPC Server
2023-06-07 12:08:27,380 [om1-groupManagement] INFO  server.RaftServer$Division (RaftServerImpl.java:<init>(198)) - om1: new RaftServerImpl for group-C5BA1605619E:[om1|rpc:fv-az83-744:9872|priority:0|startupRole:FOLLOWER] with OzoneManagerStateMachine:uninitialized
2023-06-07 12:08:27,400 [om1-groupManagement] INFO  server.RaftServerConfigKeys (ConfUtils.java:logGet(46)) - raft.server.rpc.timeout.min = 5s (custom)
2023-06-07 12:08:27,400 [om1-groupManagement] INFO  server.RaftServerConfigKeys (ConfUtils.java:logGet(46)) - raft.server.rpc.timeout.max = 5200ms (custom)
2023-06-07 12:08:27,400 [om1-groupManagement] INFO  server.RaftServerConfigKeys (ConfUtils.java:logGet(46)) - raft.server.rpc.sleep.time = 25ms (default)
2023-06-07 12:08:27,400 [om1-groupManagement] INFO  server.RaftServerConfigKeys (ConfUtils.java:logGet(46)) - raft.server.rpc.slowness.timeout = 120s (custom)
2023-06-07 12:08:27,400 [om1-groupManagement] INFO  server.RaftServerConfigKeys (ConfUtils.java:logGet(46)) - raft.server.leaderelection.leader.step-down.wait-time = 10s (default)
2023-06-07 12:08:27,400 [om1-groupManagement] INFO  server.RaftServerConfigKeys (ConfUtils.java:logGet(46)) - raft.server.sleep.deviation.threshold = 300ms (default)
2023-06-07 12:08:27,400 [om1-groupManagement] INFO  server.RaftServer$Division (ServerState.java:<init>(120)) - om1@group-C5BA1605619E: ConfigurationManager, init=-1: peers:[om1|rpc:fv-az83-744:9872|priority:0|startupRole:FOLLOWER]|listeners:[], old=null, confs=<EMPTY_MAP>
2023-06-07 12:08:27,400 [om1-groupManagement] INFO  server.RaftServerConfigKeys (ConfUtils.java:logGet(46)) - raft.server.storage.dir = [/tmp/junit4722303812950320548/junit3241711744375144682/scm-meta/ratis] (custom)
2023-06-07 12:08:27,401 [om1-groupManagement] INFO  server.RaftServerConfigKeys (ConfUtils.java:logGet(46)) - raft.server.log.corruption.policy = EXCEPTION (default)
2023-06-07 12:08:27,401 [om1-groupManagement] INFO  server.RaftServerConfigKeys (ConfUtils.java:logGet(46)) - raft.server.storage.free-space.min = 0MB (=0) (default)
2023-06-07 12:08:27,401 [om1-groupManagement] INFO  server.RaftServerConfigKeys (ConfUtils.java:logGet(46)) - raft.server.notification.no-leader.timeout = 120s (custom)
2023-06-07 12:08:27,401 [om1-groupManagement] INFO  server.RaftServerConfigKeys (ConfUtils.java:logGet(46)) - raft.server.read.timeout = 10s (default)
2023-06-07 12:08:27,401 [om1-groupManagement] INFO  server.RaftServerConfigKeys (ConfUtils.java:logGet(46)) - raft.server.retrycache.expirytime = 300s (custom)
2023-06-07 12:08:27,401 [om1-groupManagement] INFO  server.RaftServerConfigKeys (ConfUtils.java:logGet(46)) - raft.server.retrycache.statistics.expirytime = 100μs (default)
2023-06-07 12:08:27,401 [om1-groupManagement] INFO  server.RaftServerConfigKeys (ConfUtils.java:logGet(46)) - raft.server.read.option = DEFAULT (default)
2023-06-07 12:08:27,401 [om1-groupManagement] INFO  server.RaftServerConfigKeys (ConfUtils.java:logGet(46)) - raft.server.rpc.request.timeout = 3000ms (default)
2023-06-07 12:08:27,402 [om1-groupManagement] INFO  server.RaftServerConfigKeys (ConfUtils.java:logGet(46)) - raft.server.log.appender.install.snapshot.enabled = false (custom)
2023-06-07 12:08:27,403 [om1-groupManagement] INFO  server.RaftServerConfigKeys (ConfUtils.java:logGet(46)) - raft.server.threadpool.server.cached = true (default)
2023-06-07 12:08:27,403 [om1-groupManagement] INFO  server.RaftServerConfigKeys (ConfUtils.java:logGet(46)) - raft.server.threadpool.server.size = 0 (default)
2023-06-07 12:08:27,403 [om1-groupManagement] INFO  server.RaftServerConfigKeys (ConfUtils.java:logGet(46)) - raft.server.threadpool.client.cached = true (default)
2023-06-07 12:08:27,403 [om1-groupManagement] INFO  server.RaftServerConfigKeys (ConfUtils.java:logGet(46)) - raft.server.threadpool.client.size = 0 (default)
2023-06-07 12:08:27,837 [Time-limited test] INFO  reflections.Reflections (Reflections.java:scan(232)) - Reflections took 457 ms to scan 19 urls, producing 69 keys and 5294 values [using 2 cores]
2023-06-07 12:08:27,839 [Time-limited test] INFO  ipc.CallQueueManager (CallQueueManager.java:<init>(90)) - Using callQueue: class java.util.concurrent.LinkedBlockingQueue, queueCapacity: 10000, scheduler: class org.apache.hadoop.ipc.DefaultRpcScheduler, ipcBackoff: false.
2023-06-07 12:08:27,840 [Socket Reader #1 for port 1202] INFO  ipc.Server (Server.java:run(1319)) - Starting Socket Reader #1 for port 1202
2023-06-07 12:08:27,846 [Listener at fv-az83-744/1202] INFO  hdds.HddsUtils (HddsUtils.java:preserveThreadName(843)) - Restoring thread name: Time-limited test
2023-06-07 12:08:28,401 [Time-limited test] INFO  server.StorageContainerManager (StorageContainerManager.java:stop(1560)) - Container Balancer is not running.
2023-06-07 12:08:28,401 [Time-limited test] INFO  server.StorageContainerManager (StorageContainerManager.java:stopReplicationManager(1691)) - Stopping Replication Manager Service.
2023-06-07 12:08:28,401 [Time-limited test] INFO  replication.ReplicationManager (ReplicationManager.java:stop(332)) - Stopping Replication Monitor Thread.
2023-06-07 12:08:28,401 [Over Replicated Processor] WARN  replication.UnhealthyReplicationProcessor (UnhealthyReplicationProcessor.java:run(167)) - Over Replicated Processor interrupted. Exiting...
2023-06-07 12:08:28,402 [Time-limited test] INFO  server.StorageContainerManager (StorageContainerManager.java:stop(1569)) - Stopping the Datanode Admin Monitor.
2023-06-07 12:08:28,402 [Time-limited test] INFO  server.StorageContainerManager (StorageContainerManager.java:stop(1576)) - Stopping datanode service RPC server
2023-06-07 12:08:28,402 [Time-limited test] INFO  server.SCMDatanodeProtocolServer (SCMDatanodeProtocolServer.java:stop(424)) - Stopping the RPC server for DataNodes
2023-06-07 12:08:28,402 [Time-limited test] INFO  ipc.Server (Server.java:stop(3501)) - Stopping server on 9861
2023-06-07 12:08:28,403 [Under Replicated Processor] WARN  replication.UnhealthyReplicationProcessor (UnhealthyReplicationProcessor.java:run(167)) - Under Replicated Processor interrupted. Exiting...
2023-06-07 12:08:28,403 [ReplicationMonitor] INFO  replication.ReplicationManager (ReplicationManager.java:run(938)) - Replication Monitor Thread is stopped
2023-06-07 12:08:28,405 [IPC Server listener on 9861] INFO  ipc.Server (Server.java:run(1430)) - Stopping IPC Server listener on 9861
2023-06-07 12:08:28,409 [IPC Server Responder] INFO  ipc.Server (Server.java:run(1563)) - Stopping IPC Server Responder
2023-06-07 12:08:30,529 [SCM Heartbeat Processing Thread - 0] WARN  node.NodeStateManager (NodeStateManager.java:scheduleNextHealthCheck(870)) - Current Thread is interrupted, shutting down HB processing thread for Node Manager.
2023-06-07 12:08:30,529 [Time-limited test] INFO  server.StorageContainerManager (StorageContainerManager.java:stop(1584)) - Stopping block service RPC server
2023-06-07 12:08:30,529 [Time-limited test] INFO  server.SCMBlockProtocolServer (SCMBlockProtocolServer.java:stop(161)) - Stopping the RPC server for Block Protocol
2023-06-07 12:08:30,529 [Time-limited test] INFO  ipc.Server (Server.java:stop(3501)) - Stopping server on 9863
2023-06-07 12:08:30,532 [IPC Server listener on 9863] INFO  ipc.Server (Server.java:run(1430)) - Stopping IPC Server listener on 9863
2023-06-07 12:08:30,533 [IPC Server Responder] INFO  ipc.Server (Server.java:run(1563)) - Stopping IPC Server Responder
2023-06-07 12:08:30,533 [Time-limited test] INFO  server.StorageContainerManager (StorageContainerManager.java:stop(1591)) - Stopping the StorageContainerLocationProtocol RPC server
2023-06-07 12:08:30,537 [Time-limited test] INFO  server.SCMClientProtocolServer (SCMClientProtocolServer.java:stop(210)) - Stopping the RPC server for Client Protocol
2023-06-07 12:08:30,538 [Time-limited test] INFO  ipc.Server (Server.java:stop(3501)) - Stopping server on 9860
2023-06-07 12:08:30,542 [IPC Server listener on 9860] INFO  ipc.Server (Server.java:run(1430)) - Stopping IPC Server listener on 9860
2023-06-07 12:08:30,543 [IPC Server Responder] INFO  ipc.Server (Server.java:run(1563)) - Stopping IPC Server Responder
2023-06-07 12:08:30,543 [Time-limited test] INFO  server.StorageContainerManager (StorageContainerManager.java:stop(1598)) - Stopping Storage Container Manager HTTP server.
2023-06-07 12:08:30,544 [Time-limited test] INFO  handler.ContextHandler (ContextHandler.java:doStop(1159)) - Stopped o.e.j.w.WebAppContext@5e2e4b31{scm,/,null,STOPPED}{file:/home/runner/work/ozone/ozone/hadoop-ozone/integration-test/target/test-classes/webapps/scm}
2023-06-07 12:08:30,546 [Time-limited test] INFO  server.AbstractConnector (AbstractConnector.java:doStop(383)) - Stopped ServerConnector@3d739b29{HTTP/1.1, (http/1.1)}{0.0.0.0:9876}
2023-06-07 12:08:30,546 [Time-limited test] INFO  server.session (HouseKeeper.java:stopScavenging(149)) - node0 Stopped scavenging
2023-06-07 12:08:30,546 [Time-limited test] INFO  handler.ContextHandler (ContextHandler.java:doStop(1159)) - Stopped o.e.j.s.ServletContextHandler@14269dbd{static,/static,file:///home/runner/work/ozone/ozone/hadoop-ozone/integration-test/target/test-classes/webapps/static,STOPPED}
2023-06-07 12:08:30,546 [Time-limited test] INFO  handler.ContextHandler (ContextHandler.java:doStop(1159)) - Stopped o.e.j.s.ServletContextHandler@25500e0e{logs,/logs,file:///home/runner/work/ozone/ozone/hadoop-ozone/integration-test/target/log,STOPPED}
2023-06-07 12:08:30,547 [Time-limited test] INFO  server.StorageContainerManager (StorageContainerManager.java:stop(1606)) - Stopping SCM LayoutVersionManager Service.
2023-06-07 12:08:30,547 [Time-limited test] INFO  server.SCMSecurityProtocolServer (SCMSecurityProtocolServer.java:stop(403)) - Stopping the SCMSecurityProtocolServer.
2023-06-07 12:08:30,547 [Time-limited test] INFO  ipc.Server (Server.java:stop(3501)) - Stopping server on 9961
2023-06-07 12:08:30,552 [IPC Server listener on 9961] INFO  ipc.Server (Server.java:run(1430)) - Stopping IPC Server listener on 9961
2023-06-07 12:08:30,552 [IPC Server Responder] INFO  ipc.Server (Server.java:run(1563)) - Stopping IPC Server Responder
2023-06-07 12:08:30,553 [Time-limited test] INFO  server.SCMUpdateServiceGrpcServer (SCMUpdateServiceGrpcServer.java:stop(73)) - SCMUpdateService stopping
2023-06-07 12:08:30,553 [Time-limited test] INFO  server.SCMUpdateServiceGrpcServer (SCMUpdateServiceGrpcServer.java:stop(85)) - SCMUpdateService stopped!
2023-06-07 12:08:30,554 [Time-limited test] INFO  server.StorageContainerManager (StorageContainerManager.java:stop(1614)) - Stopping Block Manager Service.
2023-06-07 12:08:30,554 [Time-limited test] INFO  utils.BackgroundService (BackgroundService.java:shutdown(141)) - Shutting down service SCMBlockDeletingService
2023-06-07 12:08:30,558 [Time-limited test] INFO  utils.BackgroundService (BackgroundService.java:shutdown(141)) - Shutting down service SCMBlockDeletingService
2023-06-07 12:08:30,558 [Time-limited test] INFO  server.StorageContainerManager (StorageContainerManager.java:stop(1636)) - Stopping SCM Event Queue.
2023-06-07 12:08:30,559 [JvmPauseMonitor2] INFO  util.JvmPauseMonitor (JvmPauseMonitor.java:run(109)) - JvmPauseMonitor-96ab08d2-ed4b-4104-955a-8a1ec3120e1c: Stopped
2023-06-07 12:08:30,559 [Time-limited test] INFO  server.StorageContainerManager (StorageContainerManager.java:stop(1647)) - Stopping SCM HA services.
2023-06-07 12:08:30,559 [Time-limited test] INFO  pipeline.BackgroundPipelineCreator (BackgroundPipelineCreator.java:stop(149)) - Stopping RatisPipelineUtilsThread.
2023-06-07 12:08:30,559 [RatisPipelineUtilsThread - 0] WARN  pipeline.BackgroundPipelineCreator (BackgroundPipelineCreator.java:run(180)) - RatisPipelineUtilsThread is interrupted.
2023-06-07 12:08:30,559 [Time-limited test] INFO  BackgroundPipelineScrubber (BackgroundSCMService.java:stop(131)) - Stopping BackgroundPipelineScrubber Service.
2023-06-07 12:08:30,559 [BackgroundPipelineScrubberThread] WARN  BackgroundPipelineScrubber (BackgroundSCMService.java:run(115)) - BackgroundPipelineScrubber is interrupted, exit
2023-06-07 12:08:30,559 [Time-limited test] INFO  impl.MetricsSystemImpl (MetricsSystemImpl.java:stop(210)) - Stopping StorageContainerManager metrics system...
2023-06-07 12:08:30,562 [prometheus] INFO  impl.MetricsSinkAdapter (MetricsSinkAdapter.java:publishMetricsFromQueue(141)) - prometheus thread interrupted.
2023-06-07 12:08:30,563 [Time-limited test] INFO  impl.MetricsSystemImpl (MetricsSystemImpl.java:stop(216)) - StorageContainerManager metrics system stopped.
2023-06-07 12:08:30,563 [Time-limited test] WARN  pipeline.BackgroundPipelineCreator (BackgroundPipelineCreator.java:stop(145)) - RatisPipelineUtilsThread is not running, just ignore.
2023-06-07 12:08:30,563 [Time-limited test] INFO  BackgroundPipelineScrubber (BackgroundSCMService.java:stop(126)) - BackgroundPipelineScrubber Service is not running, skip stop.
2023-06-07 12:08:30,563 [Time-limited test] INFO  ExpiredContainerReplicaOpScrubber (BackgroundSCMService.java:stop(131)) - Stopping ExpiredContainerReplicaOpScrubber Service.
2023-06-07 12:08:30,563 [ExpiredContainerReplicaOpScrubberThread] WARN  ExpiredContainerReplicaOpScrubber (BackgroundSCMService.java:run(115)) - ExpiredContainerReplicaOpScrubber is interrupted, exit
2023-06-07 12:08:30,564 [Time-limited test] INFO  utils.BackgroundService (BackgroundService.java:shutdown(141)) - Shutting down service SCMBlockDeletingService
2023-06-07 12:08:30,564 [Time-limited test] INFO  replication.ReplicationManager (ReplicationManager.java:stop(342)) - Replication Monitor Thread is not running.
2023-06-07 12:08:30,564 [Time-limited test] WARN  balancer.ContainerBalancer (ContainerBalancer.java:stop(328)) - Cannot stop Container Balancer because it's not running or stopping
2023-06-07 12:08:30,564 [Time-limited test] INFO  server.StorageContainerManager (StorageContainerManager.java:stop(1682)) - Stopping SCM MetadataStore.
2023-06-07 12:08:30,572 [Time-limited test] INFO  impl.DefaultInternalKdcServerImpl (DefaultInternalKdcServerImpl.java:doStop(102)) - Default Internal kdc server stopped.
2023-06-07 12:08:31,573 [Time-limited test] INFO  minikdc.MiniKdc (MiniKdc.java:stop(359)) - MiniKdc stopped.
2023-06-07 12:08:31,573 [Time-limited test] INFO  server.StorageContainerManager (StorageContainerManager.java:stop(1549)) - Storage Container Manager is not running.
2023-06-07 12:08:31,573 [Time-limited test] INFO  server.StorageContainerManager (StorageContainerManager.java:stopReplicationManager(1691)) - Stopping Replication Manager Service.
2023-06-07 12:08:31,573 [Time-limited test] INFO  replication.ReplicationManager (ReplicationManager.java:stop(342)) - Replication Monitor Thread is not running.
2023-06-07 12:08:31,573 [Time-limited test] INFO  server.SCMSecurityProtocolServer (SCMSecurityProtocolServer.java:join(413)) - Join RPC server for SCMSecurityProtocolServer.
2023-06-07 12:08:31,573 [Time-limited test] INFO  server.SCMSecurityProtocolServer (SCMSecurityProtocolServer.java:join(415)) - Join gRPC server for SCMSecurityProtocolServer.
2023-06-07 12:08:31,573 [Time-limited test] INFO  om.OzoneManager (OzoneManager.java:stop(2166)) - om1[fv-az83-744:1202]: Stopping Ozone Manager
2023-06-07 12:08:31,573 [Time-limited test] INFO  ipc.Server (Server.java:stop(3501)) - Stopping server on 1202
2023-06-07 12:08:31,574 [Time-limited test] INFO  om.GrpcOzoneManagerServer (GrpcOzoneManagerServer.java:stop(138)) - Server GrpcOzoneManagerServer is shutdown
2023-06-07 12:08:31,574 [Time-limited test] INFO  ratis.OzoneManagerStateMachine (OzoneManagerStateMachine.java:close(533)) - StateMachine has shutdown. Shutdown OzoneManager if not already shutdown.
2023-06-07 12:08:31,574 [Time-limited test] INFO  ratis.OzoneManagerDoubleBuffer (OzoneManagerDoubleBuffer.java:stopDaemon(559)) - Stopping OMDoubleBuffer flush thread
2023-06-07 12:08:31,574 [OMDoubleBufferFlushThread] INFO  ratis.OzoneManagerDoubleBuffer (OzoneManagerDoubleBuffer.java:canFlush(648)) - OMDoubleBuffer flush thread OMDoubleBufferFlushThread is interrupted and will exit.
2023-06-07 12:08:31,575 [Time-limited test] INFO  om.OzoneManager (OzoneManager.java:stopSecretManager(1058)) - Stopping OM delegation token secret manager.
2023-06-07 12:08:31,576 [Time-limited test] INFO  snapshot.SnapshotDiffManager (SnapshotDiffManager.java:closeExecutorService(1278)) - Shutting down executorService: 'SnapDiffExecutor'
2023-06-07 12:08:31,576 [Time-limited test] INFO  utils.BackgroundService (BackgroundService.java:shutdown(141)) - Shutting down service SnapshotDiffCleanupService
]]></system-out>
  </testcase>
  <testcase name="testGetSetRevokeS3Secret" classname="org.apache.hadoop.ozone.TestSecureOzoneCluster" time="9.833">
    <system-out><![CDATA[2023-06-07 12:08:31,600 [Time-limited test] INFO  net.ServerSocketUtil (ServerSocketUtil.java:getPort(55)) - Using port 9860
2023-06-07 12:08:31,600 [Time-limited test] INFO  net.ServerSocketUtil (ServerSocketUtil.java:getPort(55)) - Using port 9861
2023-06-07 12:08:31,600 [Time-limited test] INFO  net.ServerSocketUtil (ServerSocketUtil.java:getPort(55)) - Using port 9863
2023-06-07 12:08:31,600 [Time-limited test] INFO  net.ServerSocketUtil (ServerSocketUtil.java:getPort(55)) - Using port 9961
2023-06-07 12:08:31,600 [Time-limited test] INFO  net.ServerSocketUtil (ServerSocketUtil.java:getPort(55)) - Using port 1200
2023-06-07 12:08:31,600 [Time-limited test] INFO  net.ServerSocketUtil (ServerSocketUtil.java:getPort(55)) - Using port 1201
2023-06-07 12:08:31,601 [Time-limited test] INFO  minikdc.MiniKdc (MiniKdc.java:<init>(225)) - Configuration:
2023-06-07 12:08:31,601 [Time-limited test] INFO  minikdc.MiniKdc (MiniKdc.java:<init>(226)) - ---------------------------------------------------------------
2023-06-07 12:08:31,601 [Time-limited test] INFO  minikdc.MiniKdc (MiniKdc.java:<init>(228)) -   debug: false
2023-06-07 12:08:31,601 [Time-limited test] INFO  minikdc.MiniKdc (MiniKdc.java:<init>(228)) -   transport: TCP
2023-06-07 12:08:31,601 [Time-limited test] INFO  minikdc.MiniKdc (MiniKdc.java:<init>(228)) -   max.ticket.lifetime: 86400000
2023-06-07 12:08:31,601 [Time-limited test] INFO  minikdc.MiniKdc (MiniKdc.java:<init>(228)) -   org.name: EXAMPLE
2023-06-07 12:08:31,601 [Time-limited test] INFO  minikdc.MiniKdc (MiniKdc.java:<init>(228)) -   kdc.port: 0
2023-06-07 12:08:31,601 [Time-limited test] INFO  minikdc.MiniKdc (MiniKdc.java:<init>(228)) -   org.domain: COM
2023-06-07 12:08:31,601 [Time-limited test] INFO  minikdc.MiniKdc (MiniKdc.java:<init>(228)) -   max.renewable.lifetime: 604800000
2023-06-07 12:08:31,601 [Time-limited test] INFO  minikdc.MiniKdc (MiniKdc.java:<init>(228)) -   instance: DefaultKrbServer
2023-06-07 12:08:31,601 [Time-limited test] INFO  minikdc.MiniKdc (MiniKdc.java:<init>(228)) -   kdc.bind.address: localhost
2023-06-07 12:08:31,601 [Time-limited test] INFO  minikdc.MiniKdc (MiniKdc.java:<init>(230)) - ---------------------------------------------------------------
2023-06-07 12:08:31,604 [Time-limited test] INFO  minikdc.MiniKdc (MiniKdc.java:start(285)) - MiniKdc started.
2023-06-07 12:08:31,741 [Time-limited test] WARN  server.ServerUtils (ServerUtils.java:getDBPath(311)) - ozone.om.db.dirs is not configured. We recommend adding this setting. Falling back to ozone.metadata.dirs instead.
2023-06-07 12:08:31,742 [Time-limited test] INFO  ha.OMHANodeDetails (OMHANodeDetails.java:loadOMHAConfig(115)) - ozone.om.internal.service.id is not defined, falling back to ozone.om.service.ids to find serviceID for OzoneManager if it is HA enabled cluster
2023-06-07 12:08:31,743 [Time-limited test] INFO  ha.OMHANodeDetails (OMHANodeDetails.java:loadOMHAConfig(226)) - Configuration does not have ozone.om.address set. Falling back to the default OM address fv-az83-744/10.1.0.7:1202
2023-06-07 12:08:31,743 [Time-limited test] INFO  ha.OMHANodeDetails (OMHANodeDetails.java:getOMNodeDetailsForNonHA(254)) - OM Service ID is not set. Setting it to the default ID: omServiceIdDefault
2023-06-07 12:08:31,743 [Time-limited test] INFO  ha.OMHANodeDetails (OMHANodeDetails.java:getOMNodeDetailsForNonHA(261)) - OM Node ID is not set. Setting it to the default ID: om1
2023-06-07 12:08:31,743 [Time-limited test] WARN  server.ServerUtils (ServerUtils.java:getDBPath(311)) - ozone.om.db.dirs is not configured. We recommend adding this setting. Falling back to ozone.metadata.dirs instead.
2023-06-07 12:08:31,744 [Time-limited test] INFO  upgrade.AbstractLayoutVersionManager (AbstractLayoutVersionManager.java:init(83)) - Initializing Layout version manager with metadata layout = FILESYSTEM_SNAPSHOT (version = 5), software layout = FILESYSTEM_SNAPSHOT (version = 5)
2023-06-07 12:08:31,810 [Time-limited test] INFO  reflections.Reflections (Reflections.java:scan(232)) - Reflections took 65 ms to scan 2 urls, producing 177 keys and 490 values [using 2 cores]
2023-06-07 12:08:31,810 [Time-limited test] INFO  upgrade.OMLayoutVersionManager (OMLayoutVersionManager.java:lambda$0(115)) - Skipping Upgrade Action MockOmUpgradeAction since it has been finalized.
2023-06-07 12:08:31,814 [pool-173-thread-1] INFO  request.KdcRequest (KdcRequest.java:preauth(651)) - The preauth data is empty.
2023-06-07 12:08:31,814 [pool-173-thread-1] INFO  server.KdcHandler (KdcHandler.java:handleRecoverableException(177)) - KRB error occurred while processing request:Additional pre-authentication required
2023-06-07 12:08:31,824 [pool-173-thread-2] INFO  request.AsRequest (AsRequest.java:issueTicket(112)) - AS_REQ ISSUE: authtime 1686139711824,om/fv-az83-744@EXAMPLE.COM for krbtgt/EXAMPLE.COM@EXAMPLE.COM
2023-06-07 12:08:31,826 [Time-limited test] INFO  security.UserGroupInformation (UserGroupInformation.java:loginUserFromKeytab(1132)) - Login successful for user om/fv-az83-744@EXAMPLE.COM using keytab file om.keytab. Keytab auto renewal enabled : false
2023-06-07 12:08:31,826 [Time-limited test] INFO  om.OzoneManager (OzoneManager.java:loginOMUser(1134)) - Ozone Manager login successful.
2023-06-07 12:08:31,826 [Time-limited test] WARN  server.ServerUtils (ServerUtils.java:getDBPath(311)) - ozone.om.db.dirs is not configured. We recommend adding this setting. Falling back to ozone.metadata.dirs instead.
2023-06-07 12:08:31,827 [Time-limited test] INFO  proxy.SCMBlockLocationFailoverProxyProvider (SCMBlockLocationFailoverProxyProvider.java:<init>(114)) - Created block location fail-over proxy with 1 nodes: [nodeId=scmNodeId,nodeAddress=localhost/127.0.0.1:9863]
2023-06-07 12:08:31,828 [Time-limited test] INFO  om.OzoneManager (OzoneManager.java:getOmDetailsProto(4485)) - OzoneManager ports added:[name: "RPC"
value: 1202
]
2023-06-07 12:08:31,829 [Time-limited test] INFO  om.OzoneManager (OzoneManager.java:<init>(637)) - OM start with adminUsers: [scm/fv-az83-744@EXAMPLE.COM, om]
2023-06-07 12:08:31,830 [Time-limited test] WARN  server.ServerUtils (ServerUtils.java:getDBPath(311)) - ozone.om.db.dirs is not configured. We recommend adding this setting. Falling back to ozone.metadata.dirs instead.
2023-06-07 12:08:31,830 [Time-limited test] INFO  helpers.OmKeyInfo (OmKeyInfo.java:getCodec(71)) - OmKeyInfo.getCodec ignorePipeline = true
2023-06-07 12:08:32,010 [Time-limited test] INFO  om.OzoneManager (OzoneManager.java:instantiateServices(766)) - S3 Multi-Tenancy is disabled
2023-06-07 12:08:32,011 [Time-limited test] INFO  security.OzoneSecretStore (OzoneSecretStore.java:loadState(69)) - Loaded 0 tokens
2023-06-07 12:08:32,011 [Time-limited test] INFO  security.OzoneDelegationTokenSecretManager (OzoneDelegationTokenSecretManager.java:loadTokenSecretState(530)) - Loading token state into token manager.
2023-06-07 12:08:32,012 [Time-limited test] INFO  om.OmSnapshotManager (OmSnapshotManager.java:<init>(170)) - Ozone filesystem snapshot feature is enabled.
2023-06-07 12:08:32,016 [Time-limited test] WARN  server.ServerUtils (ServerUtils.java:getDBPath(311)) - ozone.om.snapshot.diff.db.dir is not configured. We recommend adding this setting. Falling back to ozone.metadata.dirs instead.
2023-06-07 12:08:32,038 [Time-limited test] INFO  utils.NativeLibraryLoader (NativeLibraryLoader.java:loadLibrary(103)) - Loading Library: ozone_rocksdb_tools
2023-06-07 12:08:32,054 [Time-limited test] INFO  om.OzoneManager (OzoneManager.java:addS3GVolumeToDB(4236)) - Created Volume s3v With Owner om required for S3Gateway operations.
2023-06-07 12:08:32,054 [Time-limited test] WARN  server.ServerUtils (ServerUtils.java:getDefaultRatisDirectory(323)) - Storage directory for Ratis is not configured. It is a good idea to map this to an SSD disk. Falling back to ozone.metadata.dirs
2023-06-07 12:08:32,054 [Time-limited test] WARN  utils.OzoneManagerRatisUtils (OzoneManagerRatisUtils.java:getOMRatisSnapshotDirectory(461)) - ozone.om.ratis.snapshot.dir is not configured. Falling back to ozone.metadata.dirs config
2023-06-07 12:08:32,054 [Time-limited test] WARN  server.ServerUtils (ServerUtils.java:getDefaultRatisDirectory(323)) - Storage directory for Ratis is not configured. It is a good idea to map this to an SSD disk. Falling back to ozone.metadata.dirs
2023-06-07 12:08:32,059 [Time-limited test] INFO  ratis.OzoneManagerRatisServer (OzoneManagerRatisServer.java:<init>(163)) - Instantiating OM Ratis server with groupID: omServiceIdDefault and peers: fv-az83-744:9872
2023-06-07 12:08:32,059 [Time-limited test] INFO  ratis.OzoneManagerStateMachine (OzoneManagerStateMachine.java:loadSnapshotInfoFromDB(670)) - LastAppliedIndex is set from TransactionInfo from OM DB as (t:0, i:~)
2023-06-07 12:08:32,060 [Time-limited test] INFO  server.RaftServer (ConfUtils.java:logGet(46)) - raft.rpc.type = GRPC (default)
2023-06-07 12:08:32,060 [Time-limited test] INFO  grpc.GrpcConfigKeys (ConfUtils.java:logFallback(53)) - raft.grpc.admin.host = null (fallback to raft.grpc.server.host)
2023-06-07 12:08:32,060 [Time-limited test] INFO  grpc.GrpcConfigKeys (ConfUtils.java:logFallback(53)) - raft.grpc.admin.port = 9872 (fallback to raft.grpc.server.port)
2023-06-07 12:08:32,060 [Time-limited test] INFO  grpc.GrpcConfigKeys (ConfUtils.java:logFallback(53)) - raft.grpc.client.host = null (fallback to raft.grpc.server.host)
2023-06-07 12:08:32,060 [Time-limited test] INFO  grpc.GrpcConfigKeys (ConfUtils.java:logFallback(53)) - raft.grpc.client.port = 9872 (fallback to raft.grpc.server.port)
2023-06-07 12:08:32,060 [Time-limited test] INFO  grpc.GrpcConfigKeys (ConfUtils.java:logGet(46)) - raft.grpc.server.host = null (default)
2023-06-07 12:08:32,060 [Time-limited test] INFO  grpc.GrpcConfigKeys (ConfUtils.java:logGet(46)) - raft.grpc.server.port = 9872 (custom)
2023-06-07 12:08:32,060 [Time-limited test] INFO  server.GrpcService (ConfUtils.java:logGet(46)) - raft.grpc.message.size.max = 33554432 (custom)
2023-06-07 12:08:32,060 [Time-limited test] INFO  server.RaftServerConfigKeys (ConfUtils.java:logGet(46)) - raft.server.log.appender.buffer.byte-limit = 33554432 (custom)
2023-06-07 12:08:32,060 [Time-limited test] INFO  server.GrpcService (ConfUtils.java:logGet(46)) - raft.grpc.flow.control.window = 1MB (=1048576) (default)
2023-06-07 12:08:32,060 [Time-limited test] INFO  server.RaftServerConfigKeys (ConfUtils.java:logGet(46)) - raft.server.rpc.request.timeout = 3000ms (default)
2023-06-07 12:08:32,060 [Time-limited test] INFO  grpc.GrpcConfigKeys (ConfUtils.java:logGet(46)) - raft.grpc.server.heartbeat.channel = true (default)
2023-06-07 12:08:32,060 [Time-limited test] INFO  grpc.GrpcConfigKeys (ConfUtils.java:logGet(46)) - raft.grpc.server.async.request.thread.pool.cached = true (default)
2023-06-07 12:08:32,061 [Time-limited test] INFO  grpc.GrpcConfigKeys (ConfUtils.java:logGet(46)) - raft.grpc.server.async.request.thread.pool.size = 32 (default)
2023-06-07 12:08:32,062 [Time-limited test] INFO  impl.DataStreamServerImpl (ConfUtils.java:logGet(46)) - raft.datastream.type = DISABLED (default)
2023-06-07 12:08:32,062 [Time-limited test] INFO  server.RaftServerConfigKeys (ConfUtils.java:logGet(46)) - raft.server.threadpool.proxy.cached = true (default)
2023-06-07 12:08:32,062 [Time-limited test] INFO  server.RaftServerConfigKeys (ConfUtils.java:logGet(46)) - raft.server.threadpool.proxy.size = 0 (default)
2023-06-07 12:08:32,062 [Time-limited test] INFO  server.RaftServerConfigKeys (ConfUtils.java:logGet(46)) - raft.server.rpc.slowness.timeout = 120s (custom)
2023-06-07 12:08:32,062 [Time-limited test] INFO  server.RaftServerConfigKeys (ConfUtils.java:logGet(46)) - raft.server.leaderelection.leader.step-down.wait-time = 10s (default)
2023-06-07 12:08:32,063 [Time-limited test] INFO  server.RaftServerConfigKeys (ConfUtils.java:logGet(46)) - raft.server.storage.dir = [/tmp/junit2986496688635829790/junit5912792288152132607/om-meta/ratis] (custom)
2023-06-07 12:08:32,065 [Time-limited test] INFO  server.RaftServer (RaftServerProxy.java:addNew(98)) - om1: addNew group-C5BA1605619E:[om1|rpc:fv-az83-744:9872|priority:0|startupRole:FOLLOWER] returns group-C5BA1605619E:java.util.concurrent.CompletableFuture@4ef4428a[Not completed]
2023-06-07 12:08:32,065 [om1-groupManagement] INFO  server.RaftServer$Division (OzoneManager.java:initializeRatisServer(2107)) - OzoneManager Ratis server initialized at port 9872
RaftServerImpl.java:<init>(198)) - om1: new RaftServerImpl for group-C5BA1605619E:[om1|rpc:fv-az83-744:9872|priority:0|startupRole:FOLLOWER] with OzoneManagerStateMachine:uninitialized
2023-06-07 12:08:32,065 [Time-limited test] INFO  om.OzoneManager (OzoneManager.java:initializeRatisServer(2107)) - OzoneManager Ratis server initialized at port 9872
2023-06-07 12:08:32,065 [om1-groupManagement] INFO  server.RaftServerConfigKeys (OzoneManager.java:getRpcServer(1166)) - Creating RPC Server
ConfUtils.java:logGet(46)) - raft.server.rpc.timeout.min = 5s (custom)
2023-06-07 12:08:32,065 [Time-limited test] INFO  om.OzoneManager (OzoneManager.java:getRpcServer(1166)) - Creating RPC Server
2023-06-07 12:08:32,065 [om1-groupManagement] INFO  server.RaftServerConfigKeys (ConfUtils.java:logGet(46)) - raft.server.rpc.timeout.max = 5200ms (custom)
2023-06-07 12:08:32,065 [om1-groupManagement] INFO  server.RaftServerConfigKeys (ConfUtils.java:logGet(46)) - raft.server.rpc.sleep.time = 25ms (default)
2023-06-07 12:08:32,065 [om1-groupManagement] INFO  server.RaftServerConfigKeys (ConfUtils.java:logGet(46)) - raft.server.rpc.slowness.timeout = 120s (custom)
2023-06-07 12:08:32,066 [om1-groupManagement] INFO  server.RaftServerConfigKeys (ConfUtils.java:logGet(46)) - raft.server.leaderelection.leader.step-down.wait-time = 10s (default)
2023-06-07 12:08:32,066 [om1-groupManagement] INFO  server.RaftServerConfigKeys (ConfUtils.java:logGet(46)) - raft.server.sleep.deviation.threshold = 300ms (default)
2023-06-07 12:08:32,066 [om1-groupManagement] INFO  server.RaftServer$Division (ServerState.java:<init>(120)) - om1@group-C5BA1605619E: ConfigurationManager, init=-1: peers:[om1|rpc:fv-az83-744:9872|priority:0|startupRole:FOLLOWER]|listeners:[], old=null, confs=<EMPTY_MAP>
2023-06-07 12:08:32,066 [om1-groupManagement] INFO  server.RaftServerConfigKeys (ConfUtils.java:logGet(46)) - raft.server.storage.dir = [/tmp/junit2986496688635829790/junit5912792288152132607/om-meta/ratis] (custom)
2023-06-07 12:08:32,066 [om1-groupManagement] INFO  server.RaftServerConfigKeys (ConfUtils.java:logGet(46)) - raft.server.log.corruption.policy = EXCEPTION (default)
2023-06-07 12:08:32,066 [om1-groupManagement] INFO  server.RaftServerConfigKeys (ConfUtils.java:logGet(46)) - raft.server.storage.free-space.min = 0MB (=0) (default)
2023-06-07 12:08:32,066 [om1-groupManagement] INFO  server.RaftServerConfigKeys (ConfUtils.java:logGet(46)) - raft.server.notification.no-leader.timeout = 120s (custom)
2023-06-07 12:08:32,066 [om1-groupManagement] INFO  server.RaftServerConfigKeys (ConfUtils.java:logGet(46)) - raft.server.read.timeout = 10s (default)
2023-06-07 12:08:32,066 [om1-groupManagement] INFO  server.RaftServerConfigKeys (ConfUtils.java:logGet(46)) - raft.server.retrycache.expirytime = 300s (custom)
2023-06-07 12:08:32,066 [om1-groupManagement] INFO  server.RaftServerConfigKeys (ConfUtils.java:logGet(46)) - raft.server.retrycache.statistics.expirytime = 100μs (default)
2023-06-07 12:08:32,066 [om1-groupManagement] INFO  server.RaftServerConfigKeys (ConfUtils.java:logGet(46)) - raft.server.read.option = DEFAULT (default)
2023-06-07 12:08:32,067 [om1-groupManagement] INFO  server.RaftServerConfigKeys (ConfUtils.java:logGet(46)) - raft.server.rpc.request.timeout = 3000ms (default)
2023-06-07 12:08:32,067 [om1-groupManagement] INFO  server.RaftServerConfigKeys (ConfUtils.java:logGet(46)) - raft.server.log.appender.install.snapshot.enabled = false (custom)
2023-06-07 12:08:32,067 [om1-groupManagement] INFO  server.RaftServerConfigKeys (ConfUtils.java:logGet(46)) - raft.server.threadpool.server.cached = true (default)
2023-06-07 12:08:32,067 [om1-groupManagement] INFO  server.RaftServerConfigKeys (ConfUtils.java:logGet(46)) - raft.server.threadpool.server.size = 0 (default)
2023-06-07 12:08:32,067 [om1-groupManagement] INFO  server.RaftServerConfigKeys (ConfUtils.java:logGet(46)) - raft.server.threadpool.client.cached = true (default)
2023-06-07 12:08:32,067 [om1-groupManagement] INFO  server.RaftServerConfigKeys (ConfUtils.java:logGet(46)) - raft.server.threadpool.client.size = 0 (default)
2023-06-07 12:08:32,490 [Time-limited test] INFO  reflections.Reflections (Reflections.java:scan(232)) - Reflections took 424 ms to scan 19 urls, producing 69 keys and 5294 values [using 2 cores]
2023-06-07 12:08:32,491 [Time-limited test] INFO  ipc.CallQueueManager (CallQueueManager.java:<init>(90)) - Using callQueue: class java.util.concurrent.LinkedBlockingQueue, queueCapacity: 10000, scheduler: class org.apache.hadoop.ipc.DefaultRpcScheduler, ipcBackoff: false.
2023-06-07 12:08:32,493 [Socket Reader #1 for port 1202] INFO  ipc.Server (Server.java:run(1319)) - Starting Socket Reader #1 for port 1202
2023-06-07 12:08:32,494 [Listener at fv-az83-744/1202] INFO  hdds.HddsUtils (HddsUtils.java:preserveThreadName(843)) - Restoring thread name: Time-limited test
2023-06-07 12:08:32,720 [Time-limited test] INFO  utils.SelfSignedCertificate (SelfSignedCertificate.java:generateCertificate(158)) - Certificate 1 is issued by CN=rootCA@localhost,OU=scm1,O=cluster1 to CN=rootCA@localhost,OU=scm1,O=cluster1, valid from Wed Jun 07 12:08:32 UTC 2023 to Sat Jul 15 12:08:32 UTC 2028
2023-06-07 12:08:32,727 [Time-limited test] WARN  impl.MetricsConfig (MetricsConfig.java:loadFirst(136)) - Cannot locate configuration: tried hadoop-metrics2-ozonemanager.properties,hadoop-metrics2.properties
2023-06-07 12:08:32,727 [Time-limited test] INFO  impl.MetricsSystemImpl (MetricsSystemImpl.java:startTimer(378)) - Scheduled Metric snapshot period at 10 second(s).
2023-06-07 12:08:32,728 [Time-limited test] INFO  impl.MetricsSystemImpl (MetricsSystemImpl.java:start(191)) - OzoneManager metrics system started
2023-06-07 12:08:32,730 [Time-limited test] INFO  impl.MetricsSinkAdapter (MetricsSinkAdapter.java:start(204)) - Sink prometheus started
2023-06-07 12:08:32,730 [Time-limited test] INFO  impl.MetricsSystemImpl (MetricsSystemImpl.java:registerSink(305)) - Registered sink prometheus
2023-06-07 12:08:32,751 [Time-limited test] INFO  om.OzoneManager (OzoneManager.java:start(1588)) - OzoneManager RPC server is listening at fv-az83-744/10.1.0.7:1202
2023-06-07 12:08:32,752 [Time-limited test] INFO  ratis.OzoneManagerRatisServer (OzoneManagerRatisServer.java:start(558)) - Starting OzoneManagerRatisServer om1 at port 9872
2023-06-07 12:08:32,754 [om1-impl-thread1] INFO  storage.RaftStorageDirectory (RaftStorageDirectoryImpl.java:analyzeStorage(137)) - The storage directory /tmp/junit2986496688635829790/junit5912792288152132607/om-meta/ratis/bf265839-605b-3f16-9796-c5ba1605619e does not exist. Creating ...
2023-06-07 12:08:32,758 [om1-impl-thread1] INFO  storage.RaftStorageDirectory (RaftStorageDirectoryImpl.java:tryLock(231)) - Lock on /tmp/junit2986496688635829790/junit5912792288152132607/om-meta/ratis/bf265839-605b-3f16-9796-c5ba1605619e/in_use.lock acquired by nodename 72539@fv-az83-744
2023-06-07 12:08:32,763 [om1-impl-thread1] INFO  storage.RaftStorage (RaftStorageImpl.java:format(96)) - Storage directory /tmp/junit2986496688635829790/junit5912792288152132607/om-meta/ratis/bf265839-605b-3f16-9796-c5ba1605619e has been successfully formatted.
2023-06-07 12:08:32,770 [om1-impl-thread1] INFO  server.RaftServerConfigKeys (ConfUtils.java:logGet(46)) - raft.server.log.use.memory = false (default)
2023-06-07 12:08:32,776 [om1-impl-thread1] INFO  server.RaftServerConfigKeys (ConfUtils.java:logGet(46)) - raft.server.log.purge.gap = 1000000 (custom)
2023-06-07 12:08:32,776 [om1-impl-thread1] INFO  server.RaftServerConfigKeys (ConfUtils.java:logGet(46)) - raft.server.log.appender.buffer.byte-limit = 33554432 (custom)
2023-06-07 12:08:32,779 [om1-impl-thread1] INFO  server.RaftServerConfigKeys (ConfUtils.java:logGet(46)) - raft.server.log.statemachine.data.read.timeout = 1000ms (default)
2023-06-07 12:08:32,779 [om1-impl-thread1] INFO  server.RaftServerConfigKeys (ConfUtils.java:logGet(46)) - raft.server.log.purge.preservation.log.num = 0 (default)
2023-06-07 12:08:32,781 [om1-impl-thread1] INFO  server.RaftServerConfigKeys (ConfUtils.java:logGet(46)) - raft.server.log.segment.size.max = 4194304 (custom)
2023-06-07 12:08:32,788 [om1-impl-thread1] INFO  server.RaftServerConfigKeys (ConfUtils.java:logGet(46)) - raft.server.log.segment.cache.num.max = 2 (custom)
2023-06-07 12:08:32,788 [om1-impl-thread1] INFO  server.RaftServerConfigKeys (ConfUtils.java:logGet(46)) - raft.server.log.segment.cache.size.max = 200MB (=209715200) (default)
2023-06-07 12:08:32,788 [om1-impl-thread1] INFO  server.RaftServerConfigKeys (ConfUtils.java:logGet(46)) - raft.server.log.appender.buffer.byte-limit = 33554432 (custom)
2023-06-07 12:08:32,793 [om1-impl-thread1] INFO  segmented.SegmentedRaftLogWorker (SegmentedRaftLogWorker.java:<init>(188)) - new om1@group-C5BA1605619E-SegmentedRaftLogWorker for RaftStorageImpl:Storage Directory /tmp/junit2986496688635829790/junit5912792288152132607/om-meta/ratis/bf265839-605b-3f16-9796-c5ba1605619e
2023-06-07 12:08:32,793 [om1-impl-thread1] INFO  server.RaftServerConfigKeys (ConfUtils.java:logGet(46)) - raft.server.log.queue.byte-limit = 64MB (=67108864) (default)
2023-06-07 12:08:32,793 [om1-impl-thread1] INFO  server.RaftServerConfigKeys (ConfUtils.java:logGet(46)) - raft.server.log.queue.element-limit = 4096 (default)
2023-06-07 12:08:32,794 [om1-impl-thread1] INFO  server.RaftServerConfigKeys (ConfUtils.java:logGet(46)) - raft.server.log.segment.size.max = 4194304 (custom)
2023-06-07 12:08:32,794 [om1-impl-thread1] INFO  server.RaftServerConfigKeys (ConfUtils.java:logGet(46)) - raft.server.log.preallocated.size = 4194304 (custom)
2023-06-07 12:08:32,795 [om1-impl-thread1] INFO  server.RaftServerConfigKeys (ConfUtils.java:logGet(46)) - raft.server.log.force.sync.num = 128 (default)
2023-06-07 12:08:32,795 [om1-impl-thread1] INFO  server.RaftServerConfigKeys (ConfUtils.java:logGet(46)) - raft.server.log.statemachine.data.sync = true (default)
2023-06-07 12:08:32,795 [om1-impl-thread1] INFO  server.RaftServerConfigKeys (ConfUtils.java:logGet(46)) - raft.server.log.statemachine.data.sync.timeout = 10s (default)
2023-06-07 12:08:32,796 [om1-impl-thread1] INFO  server.RaftServerConfigKeys (ConfUtils.java:logGet(46)) - raft.server.log.statemachine.data.sync.timeout.retry = -1 (default)
2023-06-07 12:08:32,803 [om1-impl-thread1] INFO  server.RaftServerConfigKeys (ConfUtils.java:logGet(46)) - raft.server.log.write.buffer.size = 64KB (=65536) (default)
2023-06-07 12:08:32,804 [om1-impl-thread1] INFO  server.RaftServerConfigKeys (ConfUtils.java:logGet(46)) - raft.server.log.appender.buffer.byte-limit = 33554432 (custom)
2023-06-07 12:08:32,813 [om1-impl-thread1] INFO  server.RaftServerConfigKeys (ConfUtils.java:logGet(46)) - raft.server.log.unsafe-flush.enabled = false (default)
2023-06-07 12:08:32,813 [om1-impl-thread1] INFO  server.RaftServerConfigKeys (ConfUtils.java:logGet(46)) - raft.server.log.async-flush.enabled = false (default)
2023-06-07 12:08:32,813 [om1-impl-thread1] INFO  server.RaftServerConfigKeys (ConfUtils.java:logGet(46)) - raft.server.log.statemachine.data.caching.enabled = false (default)
2023-06-07 12:08:32,820 [om1-impl-thread1] INFO  segmented.SegmentedRaftLogWorker (SegmentedRaftLogWorker.java:lambda$new$0(135)) - om1@group-C5BA1605619E-SegmentedRaftLogWorker: flushIndex: setUnconditionally 0 -> -1
2023-06-07 12:08:32,820 [om1-impl-thread1] INFO  segmented.SegmentedRaftLogWorker (SegmentedRaftLogWorker.java:lambda$new$0(135)) - om1@group-C5BA1605619E-SegmentedRaftLogWorker: safeCacheEvictIndex: setUnconditionally 0 -> -1
2023-06-07 12:08:32,823 [om1-impl-thread1] INFO  server.RaftServer$Division (RaftServerImpl.java:start(342)) - om1@group-C5BA1605619E: start as a follower, conf=-1: peers:[om1|rpc:fv-az83-744:9872|priority:0|startupRole:FOLLOWER]|listeners:[], old=null
2023-06-07 12:08:32,823 [om1-impl-thread1] INFO  server.RaftServer$Division (RaftServerImpl.java:setRole(329)) - om1@group-C5BA1605619E: changes role from      null to FOLLOWER at term 0 for startAsFollower
2023-06-07 12:08:32,825 [om1-impl-thread1] INFO  impl.RoleInfo (RoleInfo.java:updateAndGet(139)) - om1: start om1@group-C5BA1605619E-FollowerState
2023-06-07 12:08:32,826 [om1-impl-thread1] INFO  util.JmxRegister (JmxRegister.java:tryRegister(44)) - Successfully registered JMX Bean with object name Ratis:service=RaftServer,group=group-C5BA1605619E,id=om1
2023-06-07 12:08:32,829 [om1-impl-thread1] INFO  server.RaftServerConfigKeys (ConfUtils.java:logGet(46)) - raft.server.snapshot.auto.trigger.enabled = true (custom)
2023-06-07 12:08:32,829 [om1-impl-thread1] INFO  server.RaftServerConfigKeys (ConfUtils.java:logGet(46)) - raft.server.snapshot.auto.trigger.threshold = 400000 (default)
2023-06-07 12:08:32,829 [om1-impl-thread1] INFO  server.RaftServerConfigKeys (ConfUtils.java:logGet(46)) - raft.server.snapshot.retention.file.num = -1 (default)
2023-06-07 12:08:32,830 [om1-impl-thread1] INFO  server.RaftServerConfigKeys (ConfUtils.java:logGet(46)) - raft.server.log.purge.upto.snapshot.index = true (custom)
2023-06-07 12:08:32,833 [om1@group-C5BA1605619E-FollowerState] INFO  server.RaftServerConfigKeys (ConfUtils.java:logFallback(53)) - raft.server.rpc.first-election.timeout.min = 5s (fallback to raft.server.rpc.timeout.min)
2023-06-07 12:08:32,833 [om1@group-C5BA1605619E-FollowerState] INFO  server.RaftServerConfigKeys (ConfUtils.java:logFallback(53)) - raft.server.rpc.first-election.timeout.max = 5200ms (fallback to raft.server.rpc.timeout.max)
2023-06-07 12:08:32,833 [Time-limited test] INFO  server.RaftServer (RaftServerProxy.java:startImpl(400)) - om1: start RPC server
2023-06-07 12:08:32,835 [Time-limited test] INFO  server.GrpcService (GrpcService.java:startImpl(302)) - om1: GrpcService started, listening on 9872
2023-06-07 12:08:32,835 [Time-limited test] INFO  om.OzoneManager (OzoneManager.java:startSecretManager(1088)) - Starting OM delegation token secret manager
2023-06-07 12:08:32,836 [Time-limited test] INFO  security.OzoneDelegationTokenSecretManager (OzoneSecretManager.java:updateCurrentKey(175)) - Updating current master key for generating tokens. Cert id 3973300065958
2023-06-07 12:08:32,837 [JvmPauseMonitor3] INFO  util.JvmPauseMonitor (JvmPauseMonitor.java:run(103)) - JvmPauseMonitor-om1: Started
2023-06-07 12:08:32,837 [Time-limited test] INFO  om.OzoneManager (OzoneManager.java:start(1604)) - Version File has different layout version (5) than OM DB (null). That is expected if this OM has never been finalized to a newer layout version.
2023-06-07 12:08:32,839 [Thread[Thread-1041,5,FailOnTimeoutGroup]] INFO  security.OzoneDelegationTokenSecretManager (OzoneDelegationTokenSecretManager.java:run(636)) - Starting expired delegation token remover thread, tokenRemoverScanInterval=60 min(s)
2023-06-07 12:08:32,853 [Time-limited test] INFO  http.BaseHttpServer (BaseHttpServer.java:newHttpServer2BuilderForOzone(224)) - Starting Web-server for ozoneManager at: http://0.0.0.0:9874
2023-06-07 12:08:32,853 [Time-limited test] INFO  http.BaseHttpServer (BaseHttpServer.java:<init>(111)) - Hadoop Security Enabled: true Ozone Security Enabled: true Ozone HTTP Security Enabled: false 
2023-06-07 12:08:32,855 [Time-limited test] WARN  server.AuthenticationFilter (AuthenticationFilter.java:constructSecretProvider(240)) - Unable to initialize FileSignerSecretProvider, falling back to use random secrets. Reason: Could not read signature secret file: /home/runner/hadoop-http-auth-signature-secret
2023-06-07 12:08:32,857 [Time-limited test] INFO  http.HttpRequestLog (HttpRequestLog.java:getRequestLog(86)) - Http request log for http.requests.ozoneManager is not defined
2023-06-07 12:08:32,859 [Time-limited test] INFO  http.HttpServer2 (HttpServer2.java:addGlobalFilter(1031)) - Added global filter 'safety' (class=org.apache.hadoop.hdds.server.http.HttpServer2$QuotingInputFilter)
2023-06-07 12:08:32,860 [Time-limited test] INFO  http.HttpServer2 (HttpServer2.java:addFilter(1007)) - Added filter static_user_filter (class=org.apache.hadoop.http.lib.StaticUserWebFilter$StaticUserFilter) to context ozoneManager
2023-06-07 12:08:32,860 [Time-limited test] INFO  http.HttpServer2 (HttpServer2.java:addFilter(1015)) - Added filter static_user_filter (class=org.apache.hadoop.http.lib.StaticUserWebFilter$StaticUserFilter) to context logs
2023-06-07 12:08:32,860 [Time-limited test] INFO  http.HttpServer2 (HttpServer2.java:addFilter(1015)) - Added filter static_user_filter (class=org.apache.hadoop.http.lib.StaticUserWebFilter$StaticUserFilter) to context static
2023-06-07 12:08:32,861 [Time-limited test] INFO  http.BaseHttpServer (BaseHttpServer.java:<init>(190)) - HTTP server of ozoneManager uses base directory /tmp/junit2986496688635829790/junit5912792288152132607/om-meta/webserver
2023-06-07 12:08:32,863 [Time-limited test] INFO  http.HttpServer2 (HttpServer2.java:bindListener(1250)) - Jetty bound to port 9874
2023-06-07 12:08:32,863 [Time-limited test] INFO  server.Server (Server.java:doStart(375)) - jetty-9.4.51.v20230217; built: 2023-02-17T08:19:37.309Z; git: b45c405e4544384de066f814ed42ae3dceacdd49; jvm 1.8.0_372-b07
2023-06-07 12:08:32,866 [Time-limited test] INFO  server.session (DefaultSessionIdManager.java:doStart(334)) - DefaultSessionIdManager workerName=node0
2023-06-07 12:08:32,866 [Time-limited test] INFO  server.session (DefaultSessionIdManager.java:doStart(339)) - No SessionScavenger set, using defaults
2023-06-07 12:08:32,866 [Time-limited test] INFO  server.session (HouseKeeper.java:startScavenging(132)) - node0 Scavenging every 660000ms
2023-06-07 12:08:32,867 [Time-limited test] INFO  handler.ContextHandler (ContextHandler.java:doStart(921)) - Started o.e.j.s.ServletContextHandler@79462480{logs,/logs,file:///home/runner/work/ozone/ozone/hadoop-ozone/integration-test/target/log,AVAILABLE}
2023-06-07 12:08:32,868 [Time-limited test] INFO  handler.ContextHandler (ContextHandler.java:doStart(921)) - Started o.e.j.s.ServletContextHandler@71194f4f{static,/static,file:///home/runner/work/ozone/ozone/hadoop-ozone/integration-test/target/test-classes/webapps/static,AVAILABLE}
2023-06-07 12:08:32,872 [Time-limited test] INFO  handler.ContextHandler (ContextHandler.java:doStart(921)) - Started o.e.j.w.WebAppContext@5996ba19{ozoneManager,/,file:///home/runner/work/ozone/ozone/hadoop-ozone/integration-test/target/test-classes/webapps/ozoneManager/,AVAILABLE}{file:/home/runner/work/ozone/ozone/hadoop-ozone/integration-test/target/test-classes/webapps/ozoneManager}
2023-06-07 12:08:32,873 [Time-limited test] INFO  server.AbstractConnector (AbstractConnector.java:doStart(333)) - Started ServerConnector@196c6f4f{HTTP/1.1, (http/1.1)}{0.0.0.0:9874}
2023-06-07 12:08:32,873 [Time-limited test] INFO  server.Server (Server.java:doStart(415)) - Started @37883ms
2023-06-07 12:08:32,873 [Time-limited test] WARN  impl.MetricsSystemImpl (MetricsSystemImpl.java:register(279)) - Sink prometheus already exists!
2023-06-07 12:08:32,874 [Time-limited test] INFO  http.BaseHttpServer (BaseHttpServer.java:updateConnectorAddress(344)) - HTTP server of ozoneManager listening at http://0.0.0.0:9874
2023-06-07 12:08:32,874 [IPC Server Responder] INFO  ipc.Server (Server.java:run(1558)) - IPC Server Responder: starting
2023-06-07 12:08:32,874 [IPC Server listener on 1202] INFO  ipc.Server (Server.java:run(1398)) - IPC Server listener on 1202: starting
2023-06-07 12:08:32,890 [Time-limited test] INFO  om.OzoneManager (OzoneManager.java:startTrashEmptier(2060)) - Trash Interval set to 0. Files deleted won't move to trash
2023-06-07 12:08:32,962 [pool-173-thread-2] INFO  request.TgsRequest (TgsRequest.java:issueTicket(115)) - TGS_REQ ISSUE: authtime 1686139712961,om/fv-az83-744 for om/fv-az83-744@EXAMPLE.COM
2023-06-07 12:08:32,970 [Socket Reader #1 for port 1202] INFO  ipc.Server (Server.java:saslProcess(2116)) - Auth successful for om/fv-az83-744@EXAMPLE.COM (auth:KERBEROS) from 10.1.0.7:36551
2023-06-07 12:08:35,249 [Time-limited test] INFO  retry.RetryInvocationHandler (RetryInvocationHandler.java:log(422)) - com.google.protobuf.ServiceException: org.apache.hadoop.ipc.RemoteException(org.apache.hadoop.ozone.om.exceptions.OMNotLeaderException): OM:om1 is not the leader. Could not determine the leader node.
	at org.apache.hadoop.ozone.om.OzoneManager.checkLeaderStatus(OzoneManager.java:3948)
	at org.apache.hadoop.ozone.om.ratis.utils.OzoneManagerRatisUtils.checkLeaderStatus(OzoneManagerRatisUtils.java:473)
	at org.apache.hadoop.ozone.protocolPB.OzoneManagerProtocolServerSideTranslatorPB.processRequest(OzoneManagerProtocolServerSideTranslatorPB.java:183)
	at org.apache.hadoop.hdds.server.OzoneProtocolMessageDispatcher.processRequest(OzoneProtocolMessageDispatcher.java:87)
	at org.apache.hadoop.ozone.protocolPB.OzoneManagerProtocolServerSideTranslatorPB.submitRequest(OzoneManagerProtocolServerSideTranslatorPB.java:147)
	at org.apache.hadoop.ozone.protocol.proto.OzoneManagerProtocolProtos$OzoneManagerService$2.callBlockingMethod(OzoneManagerProtocolProtos.java)
	at org.apache.hadoop.ipc.ProtobufRpcEngine$Server.processCall(ProtobufRpcEngine.java:484)
	at org.apache.hadoop.ipc.ProtobufRpcEngine2$Server$ProtoBufRpcInvoker.call(ProtobufRpcEngine2.java:595)
	at org.apache.hadoop.ipc.ProtobufRpcEngine2$Server$ProtoBufRpcInvoker.call(ProtobufRpcEngine2.java:573)
	at org.apache.hadoop.ipc.RPC$Server.call(RPC.java:1213)
	at org.apache.hadoop.ipc.Server$RpcCall.run(Server.java:1089)
	at org.apache.hadoop.ipc.Server$RpcCall.run(Server.java:1012)
	at java.security.AccessController.doPrivileged(Native Method)
	at javax.security.auth.Subject.doAs(Subject.java:422)
	at org.apache.hadoop.security.UserGroupInformation.doAs(UserGroupInformation.java:1899)
	at org.apache.hadoop.ipc.Server$Handler.run(Server.java:3026)
, while invoking $Proxy52.submitRequest over nodeId=null,nodeAddress=fv-az83-744:1202 after 1 failover attempts. Trying to failover after sleeping for 4000ms. Current retry count: 1.
2023-06-07 12:08:37,855 [om1@group-C5BA1605619E-FollowerState] INFO  impl.FollowerState (FollowerState.java:run(143)) - om1@group-C5BA1605619E-FollowerState: change to CANDIDATE, lastRpcElapsedTime:5030698030ns, electionTimeout:5021ms
2023-06-07 12:08:37,856 [om1@group-C5BA1605619E-FollowerState] INFO  impl.RoleInfo (RoleInfo.java:shutdownFollowerState(110)) - om1: shutdown om1@group-C5BA1605619E-FollowerState
2023-06-07 12:08:37,857 [om1@group-C5BA1605619E-FollowerState] INFO  server.RaftServer$Division (RaftServerImpl.java:setRole(329)) - om1@group-C5BA1605619E: changes role from  FOLLOWER to CANDIDATE at term 0 for changeToCandidate
2023-06-07 12:08:37,860 [om1@group-C5BA1605619E-FollowerState] INFO  server.RaftServerConfigKeys (ConfUtils.java:logGet(46)) - raft.server.leaderelection.pre-vote = true (default)
2023-06-07 12:08:37,860 [om1@group-C5BA1605619E-FollowerState] INFO  impl.RoleInfo (RoleInfo.java:updateAndGet(139)) - om1: start om1@group-C5BA1605619E-LeaderElection1
2023-06-07 12:08:37,863 [om1@group-C5BA1605619E-LeaderElection1] INFO  impl.LeaderElection (LeaderElection.java:askForVotes(321)) - om1@group-C5BA1605619E-LeaderElection1 PRE_VOTE round 0: submit vote requests at term 0 for -1: peers:[om1|rpc:fv-az83-744:9872|priority:0|startupRole:FOLLOWER]|listeners:[], old=null
2023-06-07 12:08:37,864 [om1@group-C5BA1605619E-LeaderElection1] INFO  impl.LeaderElection (LeaderElection.java:askForVotes(323)) - om1@group-C5BA1605619E-LeaderElection1 PRE_VOTE round 0: result PASSED (term=0)
2023-06-07 12:08:37,865 [om1@group-C5BA1605619E-LeaderElection1] INFO  impl.LeaderElection (LeaderElection.java:askForVotes(321)) - om1@group-C5BA1605619E-LeaderElection1 ELECTION round 0: submit vote requests at term 1 for -1: peers:[om1|rpc:fv-az83-744:9872|priority:0|startupRole:FOLLOWER]|listeners:[], old=null
2023-06-07 12:08:37,866 [om1@group-C5BA1605619E-LeaderElection1] INFO  impl.LeaderElection (LeaderElection.java:askForVotes(323)) - om1@group-C5BA1605619E-LeaderElection1 ELECTION round 0: result PASSED (term=1)
2023-06-07 12:08:37,866 [om1@group-C5BA1605619E-LeaderElection1] INFO  impl.RoleInfo (RoleInfo.java:shutdownLeaderElection(130)) - om1: shutdown om1@group-C5BA1605619E-LeaderElection1
2023-06-07 12:08:37,866 [om1@group-C5BA1605619E-LeaderElection1] INFO  server.RaftServer$Division (RaftServerImpl.java:setRole(329)) - om1@group-C5BA1605619E: changes role from CANDIDATE to LEADER at term 1 for changeToLeader
2023-06-07 12:08:37,869 [om1@group-C5BA1605619E-LeaderElection1] INFO  server.RaftServer$Division (ServerState.java:setLeader(317)) - om1@group-C5BA1605619E: change Leader from null to om1 at term 1 for becomeLeader, leader elected after 5799ms
2023-06-07 12:08:37,875 [om1@group-C5BA1605619E-LeaderElection1] INFO  server.RaftServerConfigKeys (ConfUtils.java:logGet(46)) - raft.server.staging.catchup.gap = 1000 (default)
2023-06-07 12:08:37,879 [om1@group-C5BA1605619E-LeaderElection1] INFO  server.RaftServerConfigKeys (ConfUtils.java:logGet(46)) - raft.server.write.element-limit = 4096 (default)
2023-06-07 12:08:37,879 [om1@group-C5BA1605619E-LeaderElection1] INFO  server.RaftServerConfigKeys (ConfUtils.java:logGet(46)) - raft.server.write.byte-limit = 64MB (=67108864) (default)
2023-06-07 12:08:37,884 [om1@group-C5BA1605619E-LeaderElection1] INFO  server.RaftServerConfigKeys (ConfUtils.java:logGet(46)) - raft.server.watch.timeout = 10s (default)
2023-06-07 12:08:37,884 [om1@group-C5BA1605619E-LeaderElection1] INFO  server.RaftServerConfigKeys (ConfUtils.java:logGet(46)) - raft.server.watch.timeout.denomination = 1s (default)
2023-06-07 12:08:37,884 [om1@group-C5BA1605619E-LeaderElection1] INFO  server.RaftServerConfigKeys (ConfUtils.java:logGet(46)) - raft.server.watch.element-limit = 65536 (default)
2023-06-07 12:08:37,889 [om1@group-C5BA1605619E-LeaderElection1] INFO  server.RaftServerConfigKeys (ConfUtils.java:logGet(46)) - raft.server.write.element-limit = 4096 (default)
2023-06-07 12:08:37,891 [om1@group-C5BA1605619E-LeaderElection1] INFO  server.RaftServerConfigKeys (ConfUtils.java:logGet(46)) - raft.server.write.follower.gap.ratio.max = -1.0 (default)
2023-06-07 12:08:37,892 [om1@group-C5BA1605619E-LeaderElection1] INFO  impl.RoleInfo (RoleInfo.java:updateAndGet(139)) - om1: start om1@group-C5BA1605619E-LeaderStateImpl
2023-06-07 12:08:37,907 [om1@group-C5BA1605619E-LeaderElection1] INFO  segmented.SegmentedRaftLogWorker (SegmentedRaftLogWorker.java:startLogSegment(447)) - om1@group-C5BA1605619E-SegmentedRaftLogWorker: Starting segment from index:0
2023-06-07 12:08:37,927 [om1@group-C5BA1605619E-LeaderElection1] INFO  server.RaftServer$Division (ServerState.java:setRaftConf(434)) - om1@group-C5BA1605619E: set configuration 0: peers:[om1|rpc:fv-az83-744:9872|admin:|client:|dataStream:|priority:0|startupRole:FOLLOWER]|listeners:[], old=null
2023-06-07 12:08:37,987 [om1@group-C5BA1605619E-SegmentedRaftLogWorker] INFO  segmented.SegmentedRaftLogWorker (SegmentedRaftLogWorker.java:execute(651)) - om1@group-C5BA1605619E-SegmentedRaftLogWorker: created new log segment /tmp/junit2986496688635829790/junit5912792288152132607/om-meta/ratis/bf265839-605b-3f16-9796-c5ba1605619e/current/log_inprogress_0
2023-06-07 12:08:38,072 [om1@group-C5BA1605619E-StateMachineUpdater] INFO  ratis.OzoneManagerStateMachine (OzoneManagerStateMachine.java:notifyConfigurationChanged(201)) - Received Configuration change notification from Ratis. New Peer list:
[id: "om1"
address: "fv-az83-744:9872"
startupRole: FOLLOWER
]
2023-06-07 12:08:39,360 [OM StateMachine ApplyTransaction Thread - 0] INFO  security.S3RevokeSecretRequest (S3RevokeSecretRequest.java:validateAndUpdateCache(127)) - Secret for om/fv-az83-744@EXAMPLE.COM is revoked.
2023-06-07 12:08:39,391 [OM StateMachine ApplyTransaction Thread - 0] INFO  security.S3RevokeSecretRequest (S3RevokeSecretRequest.java:validateAndUpdateCache(127)) - Secret for om/fv-az83-744@EXAMPLE.COM is revoked.
2023-06-07 12:08:39,399 [OM StateMachine ApplyTransaction Thread - 0] INFO  security.S3RevokeSecretRequest (S3RevokeSecretRequest.java:validateAndUpdateCache(127)) - Secret for HADOOP/ALICE is revoked.
2023-06-07 12:08:39,402 [pool-173-thread-2] INFO  request.KdcRequest (KdcRequest.java:preauth(651)) - The preauth data is empty.
2023-06-07 12:08:39,403 [pool-173-thread-2] INFO  server.KdcHandler (KdcHandler.java:handleRecoverableException(177)) - KRB error occurred while processing request:Additional pre-authentication required
2023-06-07 12:08:39,406 [pool-173-thread-1] INFO  request.AsRequest (AsRequest.java:issueTicket(112)) - AS_REQ ISSUE: authtime 1686139719406,test@EXAMPLE.COM for krbtgt/EXAMPLE.COM@EXAMPLE.COM
2023-06-07 12:08:39,415 [pool-173-thread-1] INFO  request.TgsRequest (TgsRequest.java:issueTicket(115)) - TGS_REQ ISSUE: authtime 1686139719414,test for om/fv-az83-744@EXAMPLE.COM
2023-06-07 12:08:39,420 [Socket Reader #1 for port 1202] INFO  ipc.Server (Server.java:saslProcess(2116)) - Auth successful for test@EXAMPLE.COM (auth:KERBEROS) from 10.1.0.7:56392
2023-06-07 12:08:39,449 [Time-limited test] INFO  om.OzoneManager (OzoneManager.java:stop(2166)) - om1[fv-az83-744:1202]: Stopping Ozone Manager
2023-06-07 12:08:39,449 [Time-limited test] INFO  ipc.Server (Server.java:stop(3501)) - Stopping server on 1202
2023-06-07 12:08:39,455 [IPC Server Responder] INFO  ipc.Server (Server.java:run(1563)) - Stopping IPC Server Responder
2023-06-07 12:08:39,456 [IPC Server listener on 1202] INFO  ipc.Server (Server.java:run(1430)) - Stopping IPC Server listener on 1202
2023-06-07 12:08:39,456 [Time-limited test] INFO  server.RaftServer (RaftServerProxy.java:lambda$close$6(416)) - om1: close
2023-06-07 12:08:39,458 [om1-impl-thread1] INFO  server.RaftServer$Division (RaftServerImpl.java:lambda$close$4(466)) - om1@group-C5BA1605619E: shutdown
2023-06-07 12:08:39,458 [om1-impl-thread1] INFO  util.JmxRegister (JmxRegister.java:unregister(73)) - Successfully un-registered JMX Bean with object name Ratis:service=RaftServer,group=group-C5BA1605619E,id=om1
2023-06-07 12:08:39,458 [om1-impl-thread1] INFO  impl.RoleInfo (RoleInfo.java:shutdownLeaderState(93)) - om1: shutdown om1@group-C5BA1605619E-LeaderStateImpl
2023-06-07 12:08:39,459 [om1-impl-thread1] INFO  impl.PendingRequests (PendingRequests.java:sendNotLeaderResponses(289)) - om1@group-C5BA1605619E-PendingRequests: sendNotLeaderResponses
2023-06-07 12:08:39,459 [Time-limited test] INFO  server.GrpcService (GrpcService.java:closeImpl(311)) - om1: shutdown server GrpcServerProtocolService now
2023-06-07 12:08:39,471 [om1@group-C5BA1605619E-StateMachineUpdater] INFO  ratis.OzoneManagerStateMachine (OzoneManagerStateMachine.java:takeSnapshot(479)) - Current Snapshot Index (t:1, i:18)
2023-06-07 12:08:39,473 [om1-impl-thread1] INFO  impl.StateMachineUpdater (StateMachineUpdater.java:stopAndJoin(155)) - om1@group-C5BA1605619E-StateMachineUpdater: set stopIndex = 18
2023-06-07 12:08:39,477 [Time-limited test] INFO  server.GrpcService (GrpcService.java:closeImpl(320)) - om1: shutdown server GrpcServerProtocolService successfully
2023-06-07 12:08:39,487 [om1@group-C5BA1605619E-StateMachineUpdater] INFO  impl.StateMachineUpdater (StateMachineUpdater.java:takeSnapshot(291)) - om1@group-C5BA1605619E-StateMachineUpdater: Took a snapshot at index 18
2023-06-07 12:08:39,487 [om1@group-C5BA1605619E-StateMachineUpdater] INFO  impl.StateMachineUpdater (StateMachineUpdater.java:lambda$new$0(97)) - om1@group-C5BA1605619E-StateMachineUpdater: snapshotIndex: updateIncreasingly -1 -> 18
2023-06-07 12:08:39,487 [om1@group-C5BA1605619E-StateMachineUpdater] INFO  ratis.OzoneManagerStateMachine (OzoneManagerStateMachine.java:close(533)) - StateMachine has shutdown. Shutdown OzoneManager if not already shutdown.
2023-06-07 12:08:39,488 [om1@group-C5BA1605619E-StateMachineUpdater] INFO  ratis.OzoneManagerDoubleBuffer (OzoneManagerDoubleBuffer.java:stopDaemon(559)) - Stopping OMDoubleBuffer flush thread
2023-06-07 12:08:39,488 [OMDoubleBufferFlushThread] INFO  ratis.OzoneManagerDoubleBuffer (OzoneManagerDoubleBuffer.java:canFlush(648)) - OMDoubleBuffer flush thread OMDoubleBufferFlushThread is interrupted and will exit.
2023-06-07 12:08:39,488 [om1-impl-thread1] INFO  server.RaftServer$Division (ServerState.java:close(472)) - om1@group-C5BA1605619E: closes. applyIndex: 18
2023-06-07 12:08:40,401 [om1-impl-thread1] INFO  segmented.SegmentedRaftLogWorker (SegmentedRaftLogWorker.java:close(252)) - om1@group-C5BA1605619E-SegmentedRaftLogWorker close()
2023-06-07 12:08:40,402 [JvmPauseMonitor3] INFO  util.JvmPauseMonitor (JvmPauseMonitor.java:run(109)) - JvmPauseMonitor-om1: Stopped
2023-06-07 12:08:40,402 [Time-limited test] INFO  ratis.OzoneManagerStateMachine (OzoneManagerStateMachine.java:close(533)) - StateMachine has shutdown. Shutdown OzoneManager if not already shutdown.
2023-06-07 12:08:40,402 [Time-limited test] INFO  ratis.OzoneManagerDoubleBuffer (OzoneManagerDoubleBuffer.java:stopDaemon(568)) - OMDoubleBuffer flush thread is not running.
2023-06-07 12:08:40,403 [Time-limited test] INFO  utils.BackgroundService (BackgroundService.java:shutdown(141)) - Shutting down service KeyDeletingService
2023-06-07 12:08:40,403 [Time-limited test] INFO  utils.BackgroundService (BackgroundService.java:shutdown(141)) - Shutting down service KeyDeletingService
2023-06-07 12:08:40,403 [Time-limited test] INFO  utils.BackgroundService (BackgroundService.java:shutdown(141)) - Shutting down service OpenKeyCleanupService
2023-06-07 12:08:40,404 [Time-limited test] INFO  utils.BackgroundService (BackgroundService.java:shutdown(141)) - Shutting down service SstFilteringService
2023-06-07 12:08:40,404 [Time-limited test] INFO  utils.BackgroundService (BackgroundService.java:shutdown(141)) - Shutting down service SnapshotDeletingService
2023-06-07 12:08:40,404 [Time-limited test] INFO  om.OzoneManager (OzoneManager.java:stopSecretManager(1058)) - Stopping OM delegation token secret manager.
2023-06-07 12:08:40,404 [Thread[Thread-1041,5,FailOnTimeoutGroup]] INFO  security.OzoneDelegationTokenSecretManager (OzoneDelegationTokenSecretManager.java:run(653)) - ExpiredTokenRemover was interrupted.
java.lang.InterruptedException: sleep interrupted
	at java.lang.Thread.sleep(Native Method)
	at org.apache.hadoop.ozone.security.OzoneDelegationTokenSecretManager$ExpiredTokenRemover.run(OzoneDelegationTokenSecretManager.java:649)
	at java.lang.Thread.run(Thread.java:750)
2023-06-07 12:08:40,405 [Time-limited test] INFO  handler.ContextHandler (ContextHandler.java:doStop(1159)) - Stopped o.e.j.w.WebAppContext@5996ba19{ozoneManager,/,null,STOPPED}{file:/home/runner/work/ozone/ozone/hadoop-ozone/integration-test/target/test-classes/webapps/ozoneManager}
2023-06-07 12:08:40,406 [Time-limited test] INFO  server.AbstractConnector (AbstractConnector.java:doStop(383)) - Stopped ServerConnector@196c6f4f{HTTP/1.1, (http/1.1)}{0.0.0.0:9874}
2023-06-07 12:08:40,406 [Time-limited test] INFO  server.session (HouseKeeper.java:stopScavenging(149)) - node0 Stopped scavenging
2023-06-07 12:08:40,406 [Time-limited test] INFO  handler.ContextHandler (ContextHandler.java:doStop(1159)) - Stopped o.e.j.s.ServletContextHandler@71194f4f{static,/static,file:///home/runner/work/ozone/ozone/hadoop-ozone/integration-test/target/test-classes/webapps/static,STOPPED}
2023-06-07 12:08:40,406 [Time-limited test] INFO  handler.ContextHandler (ContextHandler.java:doStop(1159)) - Stopped o.e.j.s.ServletContextHandler@79462480{logs,/logs,file:///home/runner/work/ozone/ozone/hadoop-ozone/integration-test/target/log,STOPPED}
2023-06-07 12:08:40,409 [Time-limited test] INFO  snapshot.SnapshotDiffManager (SnapshotDiffManager.java:closeExecutorService(1278)) - Shutting down executorService: 'SnapDiffExecutor'
2023-06-07 12:08:40,409 [Time-limited test] INFO  utils.BackgroundService (BackgroundService.java:shutdown(141)) - Shutting down service SnapshotDiffCleanupService
2023-06-07 12:08:40,411 [Time-limited test] INFO  impl.DefaultInternalKdcServerImpl (DefaultInternalKdcServerImpl.java:doStop(102)) - Default Internal kdc server stopped.
2023-06-07 12:08:41,412 [Time-limited test] INFO  minikdc.MiniKdc (MiniKdc.java:stop(359)) - MiniKdc stopped.
2023-06-07 12:08:41,412 [Time-limited test] INFO  om.OzoneManager (OzoneManager.java:stop(2166)) - om1[fv-az83-744:1202]: Stopping Ozone Manager
]]></system-out>
  </testcase>
  <testcase name="testCertificateRotationUnRecoverableFailure" classname="org.apache.hadoop.ozone.TestSecureOzoneCluster" time="0">
    <skipped message="Run it locally since it will terminate the process."/>
  </testcase>
  <testcase name="testOMGrpcServerCertificateRenew" classname="org.apache.hadoop.ozone.TestSecureOzoneCluster" time="10.395">
    <error type="java.io.IOException"><![CDATA[java.io.IOException: Couldn't create RpcClient protocol
	at org.apache.hadoop.ozone.client.OzoneClientFactory.getClientProtocol(OzoneClientFactory.java:257)
	at org.apache.hadoop.ozone.client.OzoneClientFactory.getClientProtocol(OzoneClientFactory.java:231)
	at org.apache.hadoop.ozone.client.OzoneClientFactory.getRpcClient(OzoneClientFactory.java:151)
	at org.apache.hadoop.ozone.TestSecureOzoneCluster.testOMGrpcServerCertificateRenew(TestSecureOzoneCluster.java:1341)
	at sun.reflect.NativeMethodAccessorImpl.invoke0(Native Method)
	at sun.reflect.NativeMethodAccessorImpl.invoke(NativeMethodAccessorImpl.java:62)
	at sun.reflect.DelegatingMethodAccessorImpl.invoke(DelegatingMethodAccessorImpl.java:43)
	at java.lang.reflect.Method.invoke(Method.java:498)
	at org.junit.runners.model.FrameworkMethod$1.runReflectiveCall(FrameworkMethod.java:59)
	at org.junit.internal.runners.model.ReflectiveCallable.run(ReflectiveCallable.java:12)
	at org.junit.runners.model.FrameworkMethod.invokeExplosively(FrameworkMethod.java:56)
	at org.junit.internal.runners.statements.InvokeMethod.evaluate(InvokeMethod.java:17)
	at org.junit.internal.runners.statements.RunBefores.evaluate(RunBefores.java:26)
	at org.junit.internal.runners.statements.RunAfters.evaluate(RunAfters.java:27)
	at org.junit.rules.ExternalResource$1.evaluate(ExternalResource.java:54)
	at org.junit.internal.runners.statements.FailOnTimeout$CallableStatement.call(FailOnTimeout.java:288)
	at org.junit.internal.runners.statements.FailOnTimeout$CallableStatement.call(FailOnTimeout.java:282)
	at java.util.concurrent.FutureTask.run(FutureTask.java:266)
	at java.lang.Thread.run(Thread.java:750)
Caused by: SSL_CONNECTION_FAILURE org.apache.hadoop.ozone.om.exceptions.OMException
	at org.apache.hadoop.ozone.om.protocolPB.GrpcOmTransport.submitRequest(GrpcOmTransport.java:192)
	at org.apache.hadoop.ozone.om.protocolPB.OzoneManagerProtocolClientSideTranslatorPB.submitRequest(OzoneManagerProtocolClientSideTranslatorPB.java:300)
	at org.apache.hadoop.ozone.om.protocolPB.OzoneManagerProtocolClientSideTranslatorPB.getServiceInfo(OzoneManagerProtocolClientSideTranslatorPB.java:1579)
	at org.apache.hadoop.ozone.client.rpc.RpcClient.<init>(RpcClient.java:243)
	at org.apache.hadoop.ozone.client.OzoneClientFactory.getClientProtocol(OzoneClientFactory.java:248)
	... 18 more
]]></error>
    <system-out><![CDATA[2023-06-07 12:08:41,434 [Time-limited test] INFO  net.ServerSocketUtil (ServerSocketUtil.java:getPort(55)) - Using port 9860
2023-06-07 12:08:41,434 [Time-limited test] INFO  net.ServerSocketUtil (ServerSocketUtil.java:getPort(55)) - Using port 9861
2023-06-07 12:08:41,434 [Time-limited test] INFO  net.ServerSocketUtil (ServerSocketUtil.java:getPort(55)) - Using port 9863
2023-06-07 12:08:41,434 [Time-limited test] INFO  net.ServerSocketUtil (ServerSocketUtil.java:getPort(55)) - Using port 9961
2023-06-07 12:08:41,434 [Time-limited test] INFO  net.ServerSocketUtil (ServerSocketUtil.java:getPort(55)) - Using port 1200
2023-06-07 12:08:41,434 [Time-limited test] INFO  net.ServerSocketUtil (ServerSocketUtil.java:getPort(55)) - Using port 1201
2023-06-07 12:08:41,435 [Time-limited test] INFO  minikdc.MiniKdc (MiniKdc.java:<init>(225)) - Configuration:
2023-06-07 12:08:41,435 [Time-limited test] INFO  minikdc.MiniKdc (MiniKdc.java:<init>(226)) - ---------------------------------------------------------------
2023-06-07 12:08:41,435 [Time-limited test] INFO  minikdc.MiniKdc (MiniKdc.java:<init>(228)) -   debug: false
2023-06-07 12:08:41,435 [Time-limited test] INFO  minikdc.MiniKdc (MiniKdc.java:<init>(228)) -   transport: TCP
2023-06-07 12:08:41,435 [Time-limited test] INFO  minikdc.MiniKdc (MiniKdc.java:<init>(228)) -   max.ticket.lifetime: 86400000
2023-06-07 12:08:41,435 [Time-limited test] INFO  minikdc.MiniKdc (MiniKdc.java:<init>(228)) -   org.name: EXAMPLE
2023-06-07 12:08:41,435 [Time-limited test] INFO  minikdc.MiniKdc (MiniKdc.java:<init>(228)) -   kdc.port: 0
2023-06-07 12:08:41,435 [Time-limited test] INFO  minikdc.MiniKdc (MiniKdc.java:<init>(228)) -   org.domain: COM
2023-06-07 12:08:41,435 [Time-limited test] INFO  minikdc.MiniKdc (MiniKdc.java:<init>(228)) -   max.renewable.lifetime: 604800000
2023-06-07 12:08:41,435 [Time-limited test] INFO  minikdc.MiniKdc (MiniKdc.java:<init>(228)) -   instance: DefaultKrbServer
2023-06-07 12:08:41,435 [Time-limited test] INFO  minikdc.MiniKdc (MiniKdc.java:<init>(228)) -   kdc.bind.address: localhost
2023-06-07 12:08:41,435 [Time-limited test] INFO  minikdc.MiniKdc (MiniKdc.java:<init>(230)) - ---------------------------------------------------------------
2023-06-07 12:08:41,437 [Time-limited test] INFO  minikdc.MiniKdc (MiniKdc.java:start(285)) - MiniKdc started.
2023-06-07 12:08:41,569 [Time-limited test] WARN  server.ServerUtils (ServerUtils.java:getScmDbDir(155)) - ozone.scm.db.dirs is not configured. We recommend adding this setting. Falling back to ozone.metadata.dirs instead.
2023-06-07 12:08:41,569 [Time-limited test] INFO  ha.HASecurityUtils (HASecurityUtils.java:initializeSecurity(93)) - Initializing secure StorageContainerManager.
2023-06-07 12:08:41,569 [Time-limited test] INFO  client.SCMCertificateClient (DefaultCertificateClient.java:init(650)) - Certificate client init case: 0
2023-06-07 12:08:41,569 [Time-limited test] INFO  client.SCMCertificateClient (SCMCertificateClient.java:handleCase(68)) - Creating keypair for client as keypair and certificate not found.
2023-06-07 12:08:42,004 [Time-limited test] INFO  ha.HASecurityUtils (HASecurityUtils.java:initializeSecurity(99)) - Init response: GETCERT
2023-06-07 12:08:42,254 [Time-limited test] INFO  ozone.OzoneSecurityUtil (OzoneSecurityUtil.java:getValidInetsForCurrentHost(118)) - ip:fe80:0:0:0:20d:3aff:fe5e:ae76%eth0 not returned.
2023-06-07 12:08:42,255 [Time-limited test] INFO  ozone.OzoneSecurityUtil (OzoneSecurityUtil.java:getValidInetsForCurrentHost(115)) - Adding ip:10.1.0.7,host:fv-az83-744
2023-06-07 12:08:42,255 [Time-limited test] INFO  ozone.OzoneSecurityUtil (OzoneSecurityUtil.java:getValidInetsForCurrentHost(118)) - ip:0:0:0:0:0:0:0:1%lo not returned.
2023-06-07 12:08:42,255 [Time-limited test] INFO  ozone.OzoneSecurityUtil (OzoneSecurityUtil.java:getValidInetsForCurrentHost(118)) - ip:127.0.0.1 not returned.
2023-06-07 12:08:42,255 [Time-limited test] ERROR utils.SelfSignedCertificate (SelfSignedCertificate.java:lambda$addInetAddresses$0(245)) - Invalid domain fv-az83-744
2023-06-07 12:08:42,258 [Time-limited test] INFO  utils.SelfSignedCertificate (SelfSignedCertificate.java:generateCertificate(158)) - Certificate 1 is issued by CN=scm@fv-az83-744,OU=ca58602a-1d8d-4a80-805c-6a6985d1f0ef,O=90bcee8e-e7fc-4d16-9bc7-75d1dd945148 to CN=scm@fv-az83-744,OU=ca58602a-1d8d-4a80-805c-6a6985d1f0ef,O=90bcee8e-e7fc-4d16-9bc7-75d1dd945148, valid from Wed Jun 07 12:08:42 UTC 2023 to Sat Jul 15 12:08:42 UTC 2028
2023-06-07 12:08:42,260 [Time-limited test] INFO  ozone.OzoneSecurityUtil (OzoneSecurityUtil.java:getValidInetsForCurrentHost(118)) - ip:fe80:0:0:0:20d:3aff:fe5e:ae76%eth0 not returned.
2023-06-07 12:08:42,260 [Time-limited test] INFO  ozone.OzoneSecurityUtil (OzoneSecurityUtil.java:getValidInetsForCurrentHost(115)) - Adding ip:10.1.0.7,host:fv-az83-744
2023-06-07 12:08:42,260 [Time-limited test] INFO  ozone.OzoneSecurityUtil (OzoneSecurityUtil.java:getValidInetsForCurrentHost(118)) - ip:0:0:0:0:0:0:0:1%lo not returned.
2023-06-07 12:08:42,260 [Time-limited test] INFO  ozone.OzoneSecurityUtil (OzoneSecurityUtil.java:getValidInetsForCurrentHost(118)) - ip:127.0.0.1 not returned.
2023-06-07 12:08:42,260 [Time-limited test] ERROR utils.CertificateSignRequest (CertificateSignRequest.java:lambda$addInetAddresses$0(296)) - Invalid domain fv-az83-744
2023-06-07 12:08:42,260 [Time-limited test] INFO  ha.HASecurityUtils (HASecurityUtils.java:generateCSR(280)) - Creating csr for SCM->hostName:fv-az83-744,scmId:ca58602a-1d8d-4a80-805c-6a6985d1f0ef,clusterId:90bcee8e-e7fc-4d16-9bc7-75d1dd945148,subject:scm-sub@fv-az83-744
2023-06-07 12:08:42,269 [Time-limited test] INFO  ha.HASecurityUtils (HASecurityUtils.java:initializeSecurity(112)) - Successfully stored SCM signed certificate.
2023-06-07 12:08:42,270 [Time-limited test] WARN  server.ServerUtils (ServerUtils.java:getScmDbDir(155)) - ozone.scm.db.dirs is not configured. We recommend adding this setting. Falling back to ozone.metadata.dirs instead.
2023-06-07 12:08:42,270 [Time-limited test] INFO  ha.SCMHANodeDetails (SCMHANodeDetails.java:loadSCMHAConfig(209)) - ServiceID for StorageContainerManager is null
2023-06-07 12:08:42,270 [Time-limited test] INFO  ha.SCMHANodeDetails (SCMHANodeDetails.java:loadSCMHAConfig(214)) - ozone.scm.default.service.id is not defined, falling back to ozone.scm.service.ids to find serviceID for StorageContainerManager if it is HA enabled cluster
2023-06-07 12:08:42,271 [Time-limited test] INFO  client.SCMCertificateClient (DefaultCertificateClient.java:loadAllCertificates(151)) - Loading certificate from location:/tmp/junit7616171203962819455/junit570055690521492062/scm-meta/scm/sub-ca/certs.
2023-06-07 12:08:42,273 [Time-limited test] INFO  client.SCMCertificateClient (DefaultCertificateClient.java:loadAllCertificates(195)) - Added certificate   [0]         Version: 3
         SerialNumber: 3982841479917
             IssuerDN: CN=scm@fv-az83-744,OU=ca58602a-1d8d-4a80-805c-6a6985d1f0ef,O=90bcee8e-e7fc-4d16-9bc7-75d1dd945148
           Start Date: Wed Jun 07 12:08:42 UTC 2023
           Final Date: Sat Jul 15 12:08:42 UTC 2028
            SubjectDN: CN=scm-sub@fv-az83-744,OU=ca58602a-1d8d-4a80-805c-6a6985d1f0ef,O=90bcee8e-e7fc-4d16-9bc7-75d1dd945148
           Public Key: RSA Public Key [a8:ff:ee:93:bd:ea:4f:3f:6a:68:cc:57:63:94:39:ba:90:23:33:af],[56:66:d1:a4]
        modulus: 956af6585085132e317abfea9a75329465d2ac80e96eb168a60a3ed5299409b6e1be529fe33967fdf0a500a1ba6b01bf25ae7078a03e6456a74660f7432eedfab35ca4ca7fe33621683a2452bd6f624c66f52605bd50f6815d865c98ad20b8f067bb68fe7393dfb5041df3ad8c1188a37281bd316e84aa03d250a81e166482e716b263dcb3716303b286c7cddedfb814872b9783543ed687e120bcb850a256dd05a78e06eb911c09a7a5b9d606b07a6e5069f5229b29386ca0c56b8e40acc8bbe67c30d723e05fbbd514e242468ab29d02cd68b7ebfe2eb6396f61386a310e601e7ea0878fec0b0bed49eb927712f012a65ecd30fc20b33cc38cba8815e09e89
public exponent: 10001

  Signature Algorithm: SHA256WITHRSA
            Signature: 8a204753ae5e900f782641a83a359c4fca7aeaa2
                       5e9b836c4a1309a143209026a4a2bfe928dac687
                       4515b2c392d36b65ef530517537988795de7c1d0
                       2319f56b330de3ab5a1a68af957a8862a277fbc2
                       a29cecf9182d412217905e4424e04b35249b4d3e
                       0e2e669f4c87cf0d4e2489973f5fb9de89cd7a7f
                       43906b03a9140269ae5118cda155901a524c47e9
                       53a7abdd1b0a7bae553a764a19cf5b1954ffc02c
                       3aeb01f04bdf8f258b68ec4d6cf41509c51410c7
                       cd23ac486a6d0c45819240ff9039cc21a415f958
                       a504cb017f78b0c8aa1022818a898626d6b79e4d
                       878542aeee6a1f391c3874b1fe83af79e798a3f1
                       035ae63f0eea65888b7d8ef40eb0124c
       Extensions: 
                       critical(false) 2.5.29.17 value = Sequence
    Tagged [7] IMPLICIT 
        DER Octet String[4] 

                       critical(true) BasicConstraints: isCa(true)
                       critical(true) KeyUsage: 0xbe
 from file:/tmp/junit7616171203962819455/junit570055690521492062/scm-meta/scm/sub-ca/certs/certificate.crt.
2023-06-07 12:08:42,274 [Time-limited test] INFO  client.SCMCertificateClient (DefaultCertificateClient.java:loadAllCertificates(195)) - Added certificate   [0]         Version: 3
         SerialNumber: 1
             IssuerDN: CN=scm@fv-az83-744,OU=ca58602a-1d8d-4a80-805c-6a6985d1f0ef,O=90bcee8e-e7fc-4d16-9bc7-75d1dd945148
           Start Date: Wed Jun 07 12:08:42 UTC 2023
           Final Date: Sat Jul 15 12:08:42 UTC 2028
            SubjectDN: CN=scm@fv-az83-744,OU=ca58602a-1d8d-4a80-805c-6a6985d1f0ef,O=90bcee8e-e7fc-4d16-9bc7-75d1dd945148
           Public Key: RSA Public Key [50:e9:ba:82:26:31:62:ce:f9:ef:d1:f0:10:7d:87:9e:00:7a:23:42],[56:66:d1:a4]
        modulus: cc94916f5854d5e03c469ca74d8d280aaf0cf2e501cd7a033b6273ab6e90b766dc3ef770969973e2f3af0a60c05b5eb2b9456ef65a4478fe2106f60468bc3cebbcba272f7a83f176a7a0d0a4aefeb87a2707b2557eeac8de3d8059863282eb025588bf14a3ae4afdd4a7a083e4f526062fedccf91e935adc0b0e7116dc579d8ce317da624e0f26e78496c87c5d21c40247b681250480b5abd0337dff0969fab3d837f8bf18470f7ead479efb52442df637c1862141d7275fc9d72ffafa3e7068f8ecdf3c83a8524cab91c29c83523ad0d54a495190f4ffb2436041b46ce28591cebadc03d9ec88f2ff64dc0f5eb9806555a9df1e893b0fe28241047200e662bd
public exponent: 10001

  Signature Algorithm: SHA256WITHRSA
            Signature: b86dc39b0a0ac604c59b0e28dad50569b68508f1
                       db45eeb06f7ab13bc9365e7329d84d8df25c25fe
                       dcbf7410e51731431f123bf336acbbb954adf56b
                       6387090bd24ce2d219dc8d27712cf7c6ca61ec63
                       30a58a24d0146e269f9f046b269a1ac05d1a4162
                       0d9d680a9241003006eaa23b0915d9a773a6e474
                       15597625972942219c87400e5e6e606a78fdf330
                       d63b50cc3e407f71ca81204b8ac524919efa09cd
                       4ba17da5119d53980b98073aa27d578b982e44bd
                       bc10f2dcfc6dc214860cf1517e01a957d42aa430
                       f58c16f46b344da935176f2b5412a609d394c524
                       c654f2cd517c049be5c75a90c1ce09e57b1d0aad
                       1caf4fd010f24eeba45615eaceca411a
       Extensions: 
                       critical(true) BasicConstraints: isCa(true)
                       critical(true) KeyUsage: 0x6
                       critical(false) 2.5.29.17 value = Sequence
    Tagged [7] IMPLICIT 
        DER Octet String[4] 

 from file:/tmp/junit7616171203962819455/junit570055690521492062/scm-meta/scm/sub-ca/certs/CA-1.crt.
2023-06-07 12:08:42,275 [Time-limited test] INFO  client.SCMCertificateClient (DefaultCertificateClient.java:loadAllCertificates(195)) - Added certificate   [0]         Version: 3
         SerialNumber: 3982841479917
             IssuerDN: CN=scm@fv-az83-744,OU=ca58602a-1d8d-4a80-805c-6a6985d1f0ef,O=90bcee8e-e7fc-4d16-9bc7-75d1dd945148
           Start Date: Wed Jun 07 12:08:42 UTC 2023
           Final Date: Sat Jul 15 12:08:42 UTC 2028
            SubjectDN: CN=scm-sub@fv-az83-744,OU=ca58602a-1d8d-4a80-805c-6a6985d1f0ef,O=90bcee8e-e7fc-4d16-9bc7-75d1dd945148
           Public Key: RSA Public Key [a8:ff:ee:93:bd:ea:4f:3f:6a:68:cc:57:63:94:39:ba:90:23:33:af],[56:66:d1:a4]
        modulus: 956af6585085132e317abfea9a75329465d2ac80e96eb168a60a3ed5299409b6e1be529fe33967fdf0a500a1ba6b01bf25ae7078a03e6456a74660f7432eedfab35ca4ca7fe33621683a2452bd6f624c66f52605bd50f6815d865c98ad20b8f067bb68fe7393dfb5041df3ad8c1188a37281bd316e84aa03d250a81e166482e716b263dcb3716303b286c7cddedfb814872b9783543ed687e120bcb850a256dd05a78e06eb911c09a7a5b9d606b07a6e5069f5229b29386ca0c56b8e40acc8bbe67c30d723e05fbbd514e242468ab29d02cd68b7ebfe2eb6396f61386a310e601e7ea0878fec0b0bed49eb927712f012a65ecd30fc20b33cc38cba8815e09e89
public exponent: 10001

  Signature Algorithm: SHA256WITHRSA
            Signature: 8a204753ae5e900f782641a83a359c4fca7aeaa2
                       5e9b836c4a1309a143209026a4a2bfe928dac687
                       4515b2c392d36b65ef530517537988795de7c1d0
                       2319f56b330de3ab5a1a68af957a8862a277fbc2
                       a29cecf9182d412217905e4424e04b35249b4d3e
                       0e2e669f4c87cf0d4e2489973f5fb9de89cd7a7f
                       43906b03a9140269ae5118cda155901a524c47e9
                       53a7abdd1b0a7bae553a764a19cf5b1954ffc02c
                       3aeb01f04bdf8f258b68ec4d6cf41509c51410c7
                       cd23ac486a6d0c45819240ff9039cc21a415f958
                       a504cb017f78b0c8aa1022818a898626d6b79e4d
                       878542aeee6a1f391c3874b1fe83af79e798a3f1
                       035ae63f0eea65888b7d8ef40eb0124c
       Extensions: 
                       critical(false) 2.5.29.17 value = Sequence
    Tagged [7] IMPLICIT 
        DER Octet String[4] 

                       critical(true) BasicConstraints: isCa(true)
                       critical(true) KeyUsage: 0xbe
 from file:/tmp/junit7616171203962819455/junit570055690521492062/scm-meta/scm/sub-ca/certs/3982841479917.crt.
2023-06-07 12:08:42,277 [Time-limited test] INFO  client.SCMCertificateClient (DefaultCertificateClient.java:startCertificateMonitor(1208)) - CertificateLifetimeMonitor for scm/sub-ca is started with first delay 161135989725 ms and interval 3333 ms.
2023-06-07 12:08:42,279 [pool-204-thread-1] INFO  request.KdcRequest (KdcRequest.java:preauth(651)) - The preauth data is empty.
2023-06-07 12:08:42,280 [pool-204-thread-1] INFO  server.KdcHandler (KdcHandler.java:handleRecoverableException(177)) - KRB error occurred while processing request:Additional pre-authentication required
2023-06-07 12:08:42,284 [pool-204-thread-2] INFO  request.AsRequest (AsRequest.java:issueTicket(112)) - AS_REQ ISSUE: authtime 1686139722284,scm/fv-az83-744@EXAMPLE.COM for krbtgt/EXAMPLE.COM@EXAMPLE.COM
2023-06-07 12:08:42,285 [Time-limited test] INFO  security.UserGroupInformation (UserGroupInformation.java:loginUserFromKeytab(1132)) - Login successful for user scm/fv-az83-744@EXAMPLE.COM using keytab file scm.keytab. Keytab auto renewal enabled : false
2023-06-07 12:08:42,286 [Time-limited test] INFO  server.StorageContainerManager (StorageContainerManager.java:loginAsSCMUserIfSecurityEnabled(1025)) - SCM login successful.
2023-06-07 12:08:42,286 [Time-limited test] WARN  utils.HAUtils (HAUtils.java:getMetaDir(352)) - ozone.scm.db.dirs is not configured. We recommend adding this setting. Falling back to ozone.metadata.dirs instead.
2023-06-07 12:08:42,286 [Time-limited test] WARN  db.DBStoreBuilder (DBStoreBuilder.java:applyDBDefinition(165)) - ozone.scm.db.dirs is not configured. We recommend adding this setting. Falling back to ozone.metadata.dirs instead.
2023-06-07 12:08:42,381 [Time-limited test] INFO  net.NodeSchemaLoader (NodeSchemaLoader.java:loadSchemaFromFile(129)) - Loading schema from [jar:file:/home/runner/.m2/repository/org/apache/ozone/hdds-common/1.4.0-SNAPSHOT/hdds-common-1.4.0-SNAPSHOT.jar!/network-topology-default.xml]
2023-06-07 12:08:42,381 [Time-limited test] INFO  net.NodeSchemaLoader (NodeSchemaLoader.java:loadSchema(176)) - Loading network topology layer schema file
2023-06-07 12:08:42,383 [Time-limited test] INFO  upgrade.AbstractLayoutVersionManager (AbstractLayoutVersionManager.java:init(83)) - Initializing Layout version manager with metadata layout = HADOOP_PRC_PORTS_IN_DATANODEDETAILS (version = 7), software layout = HADOOP_PRC_PORTS_IN_DATANODEDETAILS (version = 7)
2023-06-07 12:08:42,385 [Time-limited test] INFO  ha.SequenceIdGenerator (SequenceIdGenerator.java:upgradeToSequenceId(349)) - upgrade localId to 111677748019200000
2023-06-07 12:08:42,385 [Time-limited test] INFO  ha.SequenceIdGenerator (SequenceIdGenerator.java:upgradeToSequenceId(359)) - upgrade delTxnId to 0
2023-06-07 12:08:42,386 [Time-limited test] INFO  ha.SequenceIdGenerator (SequenceIdGenerator.java:upgradeToSequenceId(376)) - upgrade containerId to 0
2023-06-07 12:08:42,386 [Time-limited test] INFO  ha.SequenceIdGenerator (SequenceIdGenerator.java:<init>(220)) - Init the HA SequenceIdGenerator.
2023-06-07 12:08:42,386 [Time-limited test] INFO  node.SCMNodeManager (SCMNodeManager.java:<init>(159)) - Entering startup safe mode.
2023-06-07 12:08:42,388 [Time-limited test] INFO  algorithms.ContainerPlacementPolicyFactory (ContainerPlacementPolicyFactory.java:getPolicyInternal(86)) - Create container placement policy of type org.apache.hadoop.hdds.scm.container.placement.algorithms.SCMContainerPlacementRackAware
2023-06-07 12:08:42,388 [Time-limited test] INFO  algorithms.ContainerPlacementPolicyFactory (ContainerPlacementPolicyFactory.java:getPolicyInternal(86)) - Create container placement policy of type org.apache.hadoop.hdds.scm.container.placement.algorithms.SCMContainerPlacementRackScatter
2023-06-07 12:08:42,388 [Time-limited test] INFO  pipeline.PipelineStateManagerImpl (PipelineStateManagerImpl.java:initialize(78)) - No pipeline exists in current db
2023-06-07 12:08:42,388 [Time-limited test] INFO  algorithms.LeaderChoosePolicyFactory (LeaderChoosePolicyFactory.java:getPolicy(57)) - Create leader choose policy of type org.apache.hadoop.hdds.scm.pipeline.leader.choose.algorithms.MinLeaderCountChoosePolicy
2023-06-07 12:08:42,388 [Time-limited test] INFO  algorithms.ContainerPlacementPolicyFactory (ContainerPlacementPolicyFactory.java:getPolicyInternal(86)) - Create container placement policy of type org.apache.hadoop.hdds.scm.container.placement.algorithms.SCMContainerPlacementRackScatter
2023-06-07 12:08:42,389 [Time-limited test] INFO  ha.SCMServiceManager (SCMServiceManager.java:register(42)) - Registering service BackgroundPipelineCreator.
2023-06-07 12:08:42,389 [Time-limited test] INFO  pipeline.BackgroundPipelineCreator (BackgroundPipelineCreator.java:start(124)) - Starting RatisPipelineUtilsThread.
2023-06-07 12:08:42,391 [Time-limited test] INFO  BackgroundPipelineScrubber (BackgroundSCMService.java:start(68)) - Starting BackgroundPipelineScrubber Service.
2023-06-07 12:08:42,391 [Time-limited test] INFO  ha.SCMServiceManager (SCMServiceManager.java:register(42)) - Registering service BackgroundPipelineScrubber.
2023-06-07 12:08:42,391 [Time-limited test] INFO  ExpiredContainerReplicaOpScrubber (BackgroundSCMService.java:start(68)) - Starting ExpiredContainerReplicaOpScrubber Service.
2023-06-07 12:08:42,392 [Time-limited test] INFO  ha.SCMServiceManager (SCMServiceManager.java:register(42)) - Registering service ExpiredContainerReplicaOpScrubber.
2023-06-07 12:08:42,393 [Time-limited test] INFO  algorithms.PipelineChoosePolicyFactory (PipelineChoosePolicyFactory.java:createPipelineChoosePolicyFromClass(73)) - Create pipeline choose policy of type org.apache.hadoop.hdds.scm.pipeline.choose.algorithms.RandomPipelineChoosePolicy
2023-06-07 12:08:42,394 [Time-limited test] INFO  ha.SCMServiceManager (SCMServiceManager.java:register(42)) - Registering service SCMBlockDeletingService.
2023-06-07 12:08:42,394 [Time-limited test] INFO  replication.ReplicationManager (ReplicationManager.java:start(299)) - Starting Replication Monitor Thread.
2023-06-07 12:08:42,396 [Time-limited test] INFO  ha.SCMServiceManager (SCMServiceManager.java:register(42)) - Registering service ReplicationManager.
2023-06-07 12:08:42,397 [Time-limited test] INFO  safemode.ContainerSafeModeRule (ContainerSafeModeRule.java:<init>(89)) - containers with one replica threshold count 0
2023-06-07 12:08:42,397 [Time-limited test] INFO  safemode.HealthyPipelineSafeModeRule (HealthyPipelineSafeModeRule.java:initializeRule(169)) - Total pipeline count is 0, healthy pipeline threshold count is 0
2023-06-07 12:08:42,398 [Time-limited test] INFO  safemode.OneReplicaPipelineSafeModeRule (OneReplicaPipelineSafeModeRule.java:initializeRule(180)) - Total pipeline count is 0, pipeline's with at least one datanode reported threshold count is 0
2023-06-07 12:08:42,402 [Time-limited test] INFO  authority.DefaultCAServer (DefaultCAServer.java:lambda$processVerificationStatus$0(465)) - CertificateServer validation is successful
2023-06-07 12:08:42,402 [Time-limited test] INFO  authority.DefaultCAServer (DefaultCAServer.java:lambda$processVerificationStatus$0(465)) - CertificateServer validation is successful
2023-06-07 12:08:42,403 [Time-limited test] INFO  server.StorageContainerManager (StorageContainerManager.java:persistPrimarySCMCerts(893)) - Storing sub-ca certificate serialId 3982841479917 on primary SCM
2023-06-07 12:08:42,404 [Time-limited test] INFO  server.StorageContainerManager (StorageContainerManager.java:persistPrimarySCMCerts(901)) - Storing root certificate serialId 1
2023-06-07 12:08:42,405 [Time-limited test] INFO  ipc.CallQueueManager (CallQueueManager.java:<init>(90)) - Using callQueue: class java.util.concurrent.LinkedBlockingQueue, queueCapacity: 200, scheduler: class org.apache.hadoop.ipc.DefaultRpcScheduler, ipcBackoff: false.
2023-06-07 12:08:42,411 [ReplicationMonitor] INFO  replication.ReplicationManager (ReplicationManager.java:processAll(374)) - Replication Manager is not ready to run until 300000ms after safemode exit
2023-06-07 12:08:42,412 [Socket Reader #1 for port 9961] INFO  ipc.Server (Server.java:run(1319)) - Starting Socket Reader #1 for port 9961
2023-06-07 12:08:42,413 [Listener at 0.0.0.0/9961] INFO  hdds.HddsUtils (HddsUtils.java:preserveThreadName(843)) - Restoring thread name: Time-limited test
2023-06-07 12:08:42,413 [Time-limited test] INFO  server.StorageContainerManager (StorageContainerManager.java:<init>(398)) - SCM start with adminUsers: [om/fv-az83-744@EXAMPLE.COM, scm]
2023-06-07 12:08:42,414 [Time-limited test] INFO  ipc.CallQueueManager (CallQueueManager.java:<init>(90)) - Using callQueue: class java.util.concurrent.LinkedBlockingQueue, queueCapacity: 10000, scheduler: class org.apache.hadoop.ipc.DefaultRpcScheduler, ipcBackoff: false.
2023-06-07 12:08:42,415 [Socket Reader #1 for port 9861] INFO  ipc.Server (Server.java:run(1319)) - Starting Socket Reader #1 for port 9861
2023-06-07 12:08:42,416 [Listener at 0.0.0.0/9861] INFO  hdds.HddsUtils (HddsUtils.java:preserveThreadName(843)) - Restoring thread name: Time-limited test
2023-06-07 12:08:42,416 [Time-limited test] INFO  ipc.CallQueueManager (CallQueueManager.java:<init>(90)) - Using callQueue: class java.util.concurrent.LinkedBlockingQueue, queueCapacity: 10000, scheduler: class org.apache.hadoop.ipc.DefaultRpcScheduler, ipcBackoff: false.
2023-06-07 12:08:42,417 [Socket Reader #1 for port 9863] INFO  ipc.Server (Server.java:run(1319)) - Starting Socket Reader #1 for port 9863
2023-06-07 12:08:42,418 [Listener at 0.0.0.0/9863] INFO  hdds.HddsUtils (HddsUtils.java:preserveThreadName(843)) - Restoring thread name: Time-limited test
2023-06-07 12:08:42,419 [Time-limited test] INFO  ipc.CallQueueManager (CallQueueManager.java:<init>(90)) - Using callQueue: class java.util.concurrent.LinkedBlockingQueue, queueCapacity: 10000, scheduler: class org.apache.hadoop.ipc.DefaultRpcScheduler, ipcBackoff: false.
2023-06-07 12:08:42,419 [Socket Reader #1 for port 9860] INFO  ipc.Server (Server.java:run(1319)) - Starting Socket Reader #1 for port 9860
2023-06-07 12:08:42,422 [Listener at 0.0.0.0/9860] INFO  hdds.HddsUtils (HddsUtils.java:preserveThreadName(843)) - Restoring thread name: Time-limited test
2023-06-07 12:08:42,431 [Time-limited test] INFO  ha.SCMServiceManager (SCMServiceManager.java:register(42)) - Registering service ContainerBalancer.
2023-06-07 12:08:42,431 [Time-limited test] INFO  server.StorageContainerManager (StorageContainerManager.java:<init>(415)) - 
Container Balancer status:
Key                            Value
Running                        false
Container Balancer Configuration values:
Key                                                Value
Threshold                                          10
Max Datanodes to Involve per Iteration(percent)    20
Max Size to Move per Iteration                     500GB
Max Size Entering Target per Iteration             26GB
Max Size Leaving Source per Iteration              26GB

2023-06-07 12:08:42,431 [Time-limited test] INFO  ha.SCMContext (SCMContext.java:updateSafeModeStatus(228)) - Update SafeModeStatus from SafeModeStatus{safeModeStatus=true, preCheckPassed=false} to SafeModeStatus{safeModeStatus=true, preCheckPassed=false}.
2023-06-07 12:08:42,432 [Time-limited test] INFO  server.StorageContainerManager (StorageContainerManager.java:start(1466)) - StorageContainerLocationProtocol RPC server is listening at /0.0.0.0:9860
2023-06-07 12:08:42,432 [Time-limited test] INFO  impl.MetricsSystemImpl (MetricsSystemImpl.java:init(158)) - StorageContainerManager metrics system started (again)
2023-06-07 12:08:42,451 [Time-limited test] INFO  server.SCMClientProtocolServer (SCMClientProtocolServer.java:start(201)) - RPC server for Client  is listening at /0.0.0.0:9860
2023-06-07 12:08:42,451 [IPC Server Responder] INFO  ipc.Server (Server.java:run(1558)) - IPC Server Responder: starting
2023-06-07 12:08:42,451 [IPC Server listener on 9860] INFO  ipc.Server (Server.java:run(1398)) - IPC Server listener on 9860: starting
2023-06-07 12:08:42,459 [Time-limited test] INFO  server.StorageContainerManager (StorageContainerManager.java:start(1480)) - ScmBlockLocationProtocol RPC server is listening at /0.0.0.0:9863
2023-06-07 12:08:42,459 [Time-limited test] INFO  server.SCMBlockProtocolServer (SCMBlockProtocolServer.java:start(152)) - RPC server for Block Protocol is listening at /0.0.0.0:9863
2023-06-07 12:08:42,459 [IPC Server Responder] INFO  ipc.Server (Server.java:run(1558)) - IPC Server Responder: starting
2023-06-07 12:08:42,460 [IPC Server listener on 9863] INFO  ipc.Server (Server.java:run(1398)) - IPC Server listener on 9863: starting
2023-06-07 12:08:42,467 [Time-limited test] INFO  server.SCMDatanodeProtocolServer (SCMDatanodeProtocolServer.java:start(193)) - ScmDatanodeProtocol RPC server for DataNodes is listening at /0.0.0.0:9861
2023-06-07 12:08:42,467 [IPC Server Responder] INFO  ipc.Server (Server.java:run(1558)) - IPC Server Responder: starting
2023-06-07 12:08:42,467 [IPC Server listener on 9861] INFO  ipc.Server (Server.java:run(1398)) - IPC Server listener on 9861: starting
2023-06-07 12:08:42,475 [Time-limited test] INFO  server.SCMSecurityProtocolServer (SCMSecurityProtocolServer.java:start(395)) - Starting RPC server for SCMSecurityProtocolServer. is listening at /0.0.0.0:9961
2023-06-07 12:08:42,475 [IPC Server Responder] INFO  ipc.Server (Server.java:run(1558)) - IPC Server Responder: starting
2023-06-07 12:08:42,475 [IPC Server listener on 9961] INFO  ipc.Server (Server.java:run(1398)) - IPC Server listener on 9961: starting
2023-06-07 12:08:42,476 [Time-limited test] INFO  server.SCMUpdateServiceGrpcServer (SCMUpdateServiceGrpcServer.java:start(58)) - SCMUpdateService starting
2023-06-07 12:08:42,480 [JvmPauseMonitor4] INFO  util.JvmPauseMonitor (JvmPauseMonitor.java:run(103)) - JvmPauseMonitor-ca58602a-1d8d-4a80-805c-6a6985d1f0ef: Started
2023-06-07 12:08:42,481 [Time-limited test] INFO  http.BaseHttpServer (BaseHttpServer.java:newHttpServer2BuilderForOzone(224)) - Starting Web-server for scm at: http://0.0.0.0:9876
2023-06-07 12:08:42,481 [Time-limited test] INFO  http.BaseHttpServer (BaseHttpServer.java:<init>(111)) - Hadoop Security Enabled: true Ozone Security Enabled: true Ozone HTTP Security Enabled: false 
2023-06-07 12:08:42,483 [Time-limited test] WARN  server.AuthenticationFilter (AuthenticationFilter.java:constructSecretProvider(240)) - Unable to initialize FileSignerSecretProvider, falling back to use random secrets. Reason: Could not read signature secret file: /home/runner/hadoop-http-auth-signature-secret
2023-06-07 12:08:42,483 [Time-limited test] INFO  http.HttpRequestLog (HttpRequestLog.java:getRequestLog(86)) - Http request log for http.requests.scm is not defined
2023-06-07 12:08:42,485 [Time-limited test] INFO  http.HttpServer2 (HttpServer2.java:addGlobalFilter(1031)) - Added global filter 'safety' (class=org.apache.hadoop.hdds.server.http.HttpServer2$QuotingInputFilter)
2023-06-07 12:08:42,488 [Time-limited test] INFO  http.HttpServer2 (HttpServer2.java:addFilter(1007)) - Added filter static_user_filter (class=org.apache.hadoop.http.lib.StaticUserWebFilter$StaticUserFilter) to context scm
2023-06-07 12:08:42,488 [Time-limited test] INFO  http.HttpServer2 (HttpServer2.java:addFilter(1015)) - Added filter static_user_filter (class=org.apache.hadoop.http.lib.StaticUserWebFilter$StaticUserFilter) to context logs
2023-06-07 12:08:42,488 [Time-limited test] INFO  http.HttpServer2 (HttpServer2.java:addFilter(1015)) - Added filter static_user_filter (class=org.apache.hadoop.http.lib.StaticUserWebFilter$StaticUserFilter) to context static
2023-06-07 12:08:42,490 [Time-limited test] INFO  http.BaseHttpServer (BaseHttpServer.java:<init>(190)) - HTTP server of scm uses base directory /tmp/junit7616171203962819455/junit570055690521492062/scm-meta/webserver
2023-06-07 12:08:42,490 [Time-limited test] INFO  http.HttpServer2 (HttpServer2.java:bindListener(1250)) - Jetty bound to port 9876
2023-06-07 12:08:42,490 [Time-limited test] INFO  server.Server (Server.java:doStart(375)) - jetty-9.4.51.v20230217; built: 2023-02-17T08:19:37.309Z; git: b45c405e4544384de066f814ed42ae3dceacdd49; jvm 1.8.0_372-b07
2023-06-07 12:08:42,493 [Time-limited test] INFO  server.session (DefaultSessionIdManager.java:doStart(334)) - DefaultSessionIdManager workerName=node0
2023-06-07 12:08:42,493 [Time-limited test] INFO  server.session (DefaultSessionIdManager.java:doStart(339)) - No SessionScavenger set, using defaults
2023-06-07 12:08:42,493 [Time-limited test] INFO  server.session (HouseKeeper.java:startScavenging(132)) - node0 Scavenging every 600000ms
2023-06-07 12:08:42,495 [Time-limited test] INFO  handler.ContextHandler (ContextHandler.java:doStart(921)) - Started o.e.j.s.ServletContextHandler@403c347{logs,/logs,file:///home/runner/work/ozone/ozone/hadoop-ozone/integration-test/target/log,AVAILABLE}
2023-06-07 12:08:42,495 [Time-limited test] INFO  handler.ContextHandler (ContextHandler.java:doStart(921)) - Started o.e.j.s.ServletContextHandler@581a151d{static,/static,file:///home/runner/work/ozone/ozone/hadoop-ozone/integration-test/target/test-classes/webapps/static,AVAILABLE}
2023-06-07 12:08:42,498 [Time-limited test] INFO  handler.ContextHandler (ContextHandler.java:doStart(921)) - Started o.e.j.w.WebAppContext@5bae7470{scm,/,file:///home/runner/work/ozone/ozone/hadoop-ozone/integration-test/target/test-classes/webapps/scm/,AVAILABLE}{file:/home/runner/work/ozone/ozone/hadoop-ozone/integration-test/target/test-classes/webapps/scm}
2023-06-07 12:08:42,502 [Time-limited test] INFO  server.AbstractConnector (AbstractConnector.java:doStart(333)) - Started ServerConnector@7e4069f4{HTTP/1.1, (http/1.1)}{0.0.0.0:9876}
2023-06-07 12:08:42,502 [Time-limited test] INFO  server.Server (Server.java:doStart(415)) - Started @47511ms
2023-06-07 12:08:42,502 [Time-limited test] WARN  impl.MetricsSystemImpl (MetricsSystemImpl.java:register(279)) - Sink prometheus already exists!
2023-06-07 12:08:42,502 [Time-limited test] INFO  http.BaseHttpServer (BaseHttpServer.java:updateConnectorAddress(344)) - HTTP server of scm listening at http://0.0.0.0:9876
2023-06-07 12:08:42,503 [Time-limited test] WARN  server.ServerUtils (ServerUtils.java:getDBPath(311)) - ozone.om.db.dirs is not configured. We recommend adding this setting. Falling back to ozone.metadata.dirs instead.
2023-06-07 12:08:42,505 [Time-limited test] INFO  ozone.OzoneSecurityUtil (OzoneSecurityUtil.java:getValidInetsForCurrentHost(118)) - ip:fe80:0:0:0:20d:3aff:fe5e:ae76%eth0 not returned.
2023-06-07 12:08:42,505 [Time-limited test] INFO  ozone.OzoneSecurityUtil (OzoneSecurityUtil.java:getValidInetsForCurrentHost(115)) - Adding ip:10.1.0.7,host:fv-az83-744
2023-06-07 12:08:42,505 [Time-limited test] INFO  ozone.OzoneSecurityUtil (OzoneSecurityUtil.java:getValidInetsForCurrentHost(118)) - ip:0:0:0:0:0:0:0:1%lo not returned.
2023-06-07 12:08:42,505 [Time-limited test] INFO  ozone.OzoneSecurityUtil (OzoneSecurityUtil.java:getValidInetsForCurrentHost(118)) - ip:127.0.0.1 not returned.
2023-06-07 12:08:42,505 [Time-limited test] ERROR utils.CertificateSignRequest (CertificateSignRequest.java:lambda$addInetAddresses$0(296)) - Invalid domain fv-az83-744
2023-06-07 12:08:42,518 [Time-limited test] INFO  ha.OMHANodeDetails (OMHANodeDetails.java:loadOMHAConfig(115)) - ozone.om.internal.service.id is not defined, falling back to ozone.om.service.ids to find serviceID for OzoneManager if it is HA enabled cluster
2023-06-07 12:08:42,518 [Time-limited test] INFO  ha.OMHANodeDetails (OMHANodeDetails.java:loadOMHAConfig(226)) - Configuration does not have ozone.om.address set. Falling back to the default OM address fv-az83-744/10.1.0.7:1202
2023-06-07 12:08:42,518 [Time-limited test] INFO  ha.OMHANodeDetails (OMHANodeDetails.java:getOMNodeDetailsForNonHA(254)) - OM Service ID is not set. Setting it to the default ID: omServiceIdDefault
2023-06-07 12:08:42,518 [Time-limited test] INFO  ha.OMHANodeDetails (OMHANodeDetails.java:getOMNodeDetailsForNonHA(261)) - OM Node ID is not set. Setting it to the default ID: om1
2023-06-07 12:08:42,518 [Time-limited test] WARN  server.ServerUtils (ServerUtils.java:getDBPath(311)) - ozone.om.db.dirs is not configured. We recommend adding this setting. Falling back to ozone.metadata.dirs instead.
2023-06-07 12:08:42,525 [Time-limited test] INFO  upgrade.AbstractLayoutVersionManager (AbstractLayoutVersionManager.java:init(83)) - Initializing Layout version manager with metadata layout = FILESYSTEM_SNAPSHOT (version = 5), software layout = FILESYSTEM_SNAPSHOT (version = 5)
2023-06-07 12:08:42,599 [Time-limited test] INFO  reflections.Reflections (Reflections.java:scan(232)) - Reflections took 72 ms to scan 2 urls, producing 177 keys and 490 values [using 2 cores]
2023-06-07 12:08:42,599 [Time-limited test] INFO  upgrade.OMLayoutVersionManager (OMLayoutVersionManager.java:lambda$0(115)) - Skipping Upgrade Action MockOmUpgradeAction since it has been finalized.
2023-06-07 12:08:42,599 [Time-limited test] WARN  server.ServerUtils (ServerUtils.java:getDBPath(311)) - ozone.om.db.dirs is not configured. We recommend adding this setting. Falling back to ozone.metadata.dirs instead.
2023-06-07 12:08:42,600 [Time-limited test] INFO  proxy.SCMBlockLocationFailoverProxyProvider (SCMBlockLocationFailoverProxyProvider.java:<init>(114)) - Created block location fail-over proxy with 1 nodes: [nodeId=scmNodeId,nodeAddress=/0.0.0.0:9863]
2023-06-07 12:08:42,601 [Time-limited test] INFO  security.OMCertificateClient (DefaultCertificateClient.java:loadAllCertificates(151)) - Loading certificate from location:/tmp/junit7616171203962819455/junit5828195999444825310/om-meta/om/certs.
2023-06-07 12:08:42,602 [Time-limited test] INFO  security.OMCertificateClient (DefaultCertificateClient.java:loadAllCertificates(195)) - Added certificate   [0]         Version: 3
         SerialNumber: 3983086018204
             IssuerDN: CN=scm-sub@fv-az83-744,OU=ca58602a-1d8d-4a80-805c-6a6985d1f0ef,O=90bcee8e-e7fc-4d16-9bc7-75d1dd945148
           Start Date: Wed Jun 07 12:08:42 UTC 2023
           Final Date: Wed Jun 07 12:09:12 UTC 2023
            SubjectDN: CN=om_cert,OU=test,O=90bcee8e-e7fc-4d16-9bc7-75d1dd945148
           Public Key: RSA Public Key [6b:bc:af:7e:d3:5b:3e:65:7c:16:a5:ea:c9:02:9d:53:e8:c5:07:bc],[56:66:d1:a4]
        modulus: a2d3fa1cdf6f6f73691f47a1fc5ba704ddcf7d2e92dda868517ff971e898a2c6a18553be2e84a538d8daebe20510b8a30f0060c89bde28d379b93e5ca12bf0451fe3422014d7677edc4b4086edc8880cad19211eef5aa8a9e9882cced1bfe34713c055e13f7a7f4a320e5ab246a7d89e332049711aaae21deda8a7905a617985f1640db5513d97ea4666bb73744a883d106610f4fa0333c64eba86b3e527be25df1850111398e7e04035fd97593744e1ab1e01c15dfe9863ba478457b57d8195b6220d9efa3d6046762598b0ae487484c07597466206a4d50bf18a509829c7df06049b63c6ab84b9336462cf9ab992708cf2664739ed7d7d4d437b21c7e74e79
public exponent: 10001

  Signature Algorithm: SHA256WITHRSA
            Signature: 4ecf3d5d59dffd2118c099554f2cb7cedf594494
                       6df9f3eac628b2e80f98bf498c3e87ae85689833
                       c51a01ad10362987e07bb0b3e68d30bb0b98f782
                       93c7fdfe6eecd80d3242c487cc42b36ae30fcad8
                       32817c3675cd0a36b510525cf37f5847fbd593b2
                       415864b97bdbab39253eb6245df3653c1248c423
                       b3abb489d66bb03c97c17ff2f35078c2f3abd1b9
                       19e5a5e07b7c06a5ed4fd878f32d634ad22d199a
                       31e875aaa360d56984a5c16b525b00d044e3a17a
                       37d6104b9e6f57a05a6a920b6793b3c5178f06b4
                       28742ddf80c53f9bc96599ff003f32bd35a04b3b
                       ff5caea6526f026d416107c80bdceb9ff5d7252d
                       afa52ad7e6e89d313747832c2318e6b3
       Extensions: 
                       critical(false) 2.5.29.17 value = Sequence
    Tagged [7] IMPLICIT 
        DER Octet String[4] 

                       critical(true) KeyUsage: 0xb8
 from file:/tmp/junit7616171203962819455/junit5828195999444825310/om-meta/om/certs/certificate.crt.
2023-06-07 12:08:42,603 [Time-limited test] INFO  security.OMCertificateClient (DefaultCertificateClient.java:loadAllCertificates(195)) - Added certificate   [0]         Version: 3
         SerialNumber: 3982841479917
             IssuerDN: CN=scm@fv-az83-744,OU=ca58602a-1d8d-4a80-805c-6a6985d1f0ef,O=90bcee8e-e7fc-4d16-9bc7-75d1dd945148
           Start Date: Wed Jun 07 12:08:42 UTC 2023
           Final Date: Sat Jul 15 12:08:42 UTC 2028
            SubjectDN: CN=scm-sub@fv-az83-744,OU=ca58602a-1d8d-4a80-805c-6a6985d1f0ef,O=90bcee8e-e7fc-4d16-9bc7-75d1dd945148
           Public Key: RSA Public Key [a8:ff:ee:93:bd:ea:4f:3f:6a:68:cc:57:63:94:39:ba:90:23:33:af],[56:66:d1:a4]
        modulus: 956af6585085132e317abfea9a75329465d2ac80e96eb168a60a3ed5299409b6e1be529fe33967fdf0a500a1ba6b01bf25ae7078a03e6456a74660f7432eedfab35ca4ca7fe33621683a2452bd6f624c66f52605bd50f6815d865c98ad20b8f067bb68fe7393dfb5041df3ad8c1188a37281bd316e84aa03d250a81e166482e716b263dcb3716303b286c7cddedfb814872b9783543ed687e120bcb850a256dd05a78e06eb911c09a7a5b9d606b07a6e5069f5229b29386ca0c56b8e40acc8bbe67c30d723e05fbbd514e242468ab29d02cd68b7ebfe2eb6396f61386a310e601e7ea0878fec0b0bed49eb927712f012a65ecd30fc20b33cc38cba8815e09e89
public exponent: 10001

  Signature Algorithm: SHA256WITHRSA
            Signature: 8a204753ae5e900f782641a83a359c4fca7aeaa2
                       5e9b836c4a1309a143209026a4a2bfe928dac687
                       4515b2c392d36b65ef530517537988795de7c1d0
                       2319f56b330de3ab5a1a68af957a8862a277fbc2
                       a29cecf9182d412217905e4424e04b35249b4d3e
                       0e2e669f4c87cf0d4e2489973f5fb9de89cd7a7f
                       43906b03a9140269ae5118cda155901a524c47e9
                       53a7abdd1b0a7bae553a764a19cf5b1954ffc02c
                       3aeb01f04bdf8f258b68ec4d6cf41509c51410c7
                       cd23ac486a6d0c45819240ff9039cc21a415f958
                       a504cb017f78b0c8aa1022818a898626d6b79e4d
                       878542aeee6a1f391c3874b1fe83af79e798a3f1
                       035ae63f0eea65888b7d8ef40eb0124c
       Extensions: 
                       critical(false) 2.5.29.17 value = Sequence
    Tagged [7] IMPLICIT 
        DER Octet String[4] 

                       critical(true) BasicConstraints: isCa(true)
                       critical(true) KeyUsage: 0xbe
 from file:/tmp/junit7616171203962819455/junit5828195999444825310/om-meta/om/certs/CA-3982841479917.crt.
2023-06-07 12:08:42,604 [Time-limited test] INFO  security.OMCertificateClient (DefaultCertificateClient.java:loadAllCertificates(195)) - Added certificate   [0]         Version: 3
         SerialNumber: 1
             IssuerDN: CN=scm@fv-az83-744,OU=ca58602a-1d8d-4a80-805c-6a6985d1f0ef,O=90bcee8e-e7fc-4d16-9bc7-75d1dd945148
           Start Date: Wed Jun 07 12:08:42 UTC 2023
           Final Date: Sat Jul 15 12:08:42 UTC 2028
            SubjectDN: CN=scm@fv-az83-744,OU=ca58602a-1d8d-4a80-805c-6a6985d1f0ef,O=90bcee8e-e7fc-4d16-9bc7-75d1dd945148
           Public Key: RSA Public Key [50:e9:ba:82:26:31:62:ce:f9:ef:d1:f0:10:7d:87:9e:00:7a:23:42],[56:66:d1:a4]
        modulus: cc94916f5854d5e03c469ca74d8d280aaf0cf2e501cd7a033b6273ab6e90b766dc3ef770969973e2f3af0a60c05b5eb2b9456ef65a4478fe2106f60468bc3cebbcba272f7a83f176a7a0d0a4aefeb87a2707b2557eeac8de3d8059863282eb025588bf14a3ae4afdd4a7a083e4f526062fedccf91e935adc0b0e7116dc579d8ce317da624e0f26e78496c87c5d21c40247b681250480b5abd0337dff0969fab3d837f8bf18470f7ead479efb52442df637c1862141d7275fc9d72ffafa3e7068f8ecdf3c83a8524cab91c29c83523ad0d54a495190f4ffb2436041b46ce28591cebadc03d9ec88f2ff64dc0f5eb9806555a9df1e893b0fe28241047200e662bd
public exponent: 10001

  Signature Algorithm: SHA256WITHRSA
            Signature: b86dc39b0a0ac604c59b0e28dad50569b68508f1
                       db45eeb06f7ab13bc9365e7329d84d8df25c25fe
                       dcbf7410e51731431f123bf336acbbb954adf56b
                       6387090bd24ce2d219dc8d27712cf7c6ca61ec63
                       30a58a24d0146e269f9f046b269a1ac05d1a4162
                       0d9d680a9241003006eaa23b0915d9a773a6e474
                       15597625972942219c87400e5e6e606a78fdf330
                       d63b50cc3e407f71ca81204b8ac524919efa09cd
                       4ba17da5119d53980b98073aa27d578b982e44bd
                       bc10f2dcfc6dc214860cf1517e01a957d42aa430
                       f58c16f46b344da935176f2b5412a609d394c524
                       c654f2cd517c049be5c75a90c1ce09e57b1d0aad
                       1caf4fd010f24eeba45615eaceca411a
       Extensions: 
                       critical(true) BasicConstraints: isCa(true)
                       critical(true) KeyUsage: 0x6
                       critical(false) 2.5.29.17 value = Sequence
    Tagged [7] IMPLICIT 
        DER Octet String[4] 

 from file:/tmp/junit7616171203962819455/junit5828195999444825310/om-meta/om/certs/ROOTCA-1.crt.
2023-06-07 12:08:42,606 [Time-limited test] INFO  security.OMCertificateClient (DefaultCertificateClient.java:startCertificateMonitor(1208)) - CertificateLifetimeMonitor for om is started with first delay 19394 ms and interval 3333 ms.
2023-06-07 12:08:42,606 [Time-limited test] INFO  om.OzoneManager (OzoneManager.java:getOmDetailsProto(4485)) - OzoneManager ports added:[name: "RPC"
value: 1202
]
2023-06-07 12:08:42,608 [Time-limited test] INFO  om.OzoneManager (OzoneManager.java:<init>(637)) - OM start with adminUsers: [om/fv-az83-744@EXAMPLE.COM, scm]
2023-06-07 12:08:42,609 [Time-limited test] WARN  server.ServerUtils (ServerUtils.java:getDBPath(311)) - ozone.om.db.dirs is not configured. We recommend adding this setting. Falling back to ozone.metadata.dirs instead.
2023-06-07 12:08:42,609 [Time-limited test] INFO  helpers.OmKeyInfo (OmKeyInfo.java:getCodec(71)) - OmKeyInfo.getCodec ignorePipeline = true
2023-06-07 12:08:42,809 [Time-limited test] INFO  om.OzoneManager (OzoneManager.java:instantiateServices(766)) - S3 Multi-Tenancy is disabled
2023-06-07 12:08:42,810 [Time-limited test] INFO  security.OzoneSecretStore (OzoneSecretStore.java:loadState(69)) - Loaded 0 tokens
2023-06-07 12:08:42,810 [Time-limited test] INFO  security.OzoneDelegationTokenSecretManager (OzoneDelegationTokenSecretManager.java:loadTokenSecretState(530)) - Loading token state into token manager.
2023-06-07 12:08:42,810 [Time-limited test] INFO  om.OmSnapshotManager (OmSnapshotManager.java:<init>(170)) - Ozone filesystem snapshot feature is enabled.
2023-06-07 12:08:42,810 [Time-limited test] WARN  server.ServerUtils (ServerUtils.java:getDBPath(311)) - ozone.om.snapshot.diff.db.dir is not configured. We recommend adding this setting. Falling back to ozone.metadata.dirs instead.
2023-06-07 12:08:42,833 [Time-limited test] INFO  utils.NativeLibraryLoader (NativeLibraryLoader.java:loadLibrary(103)) - Loading Library: ozone_rocksdb_tools
2023-06-07 12:08:42,837 [Time-limited test] INFO  om.OzoneManager (OzoneManager.java:addS3GVolumeToDB(4236)) - Created Volume s3v With Owner scm required for S3Gateway operations.
2023-06-07 12:08:42,837 [Time-limited test] WARN  server.ServerUtils (ServerUtils.java:getDefaultRatisDirectory(323)) - Storage directory for Ratis is not configured. It is a good idea to map this to an SSD disk. Falling back to ozone.metadata.dirs
2023-06-07 12:08:42,837 [Time-limited test] WARN  utils.OzoneManagerRatisUtils (OzoneManagerRatisUtils.java:getOMRatisSnapshotDirectory(461)) - ozone.om.ratis.snapshot.dir is not configured. Falling back to ozone.metadata.dirs config
2023-06-07 12:08:42,837 [Time-limited test] WARN  server.ServerUtils (ServerUtils.java:getDefaultRatisDirectory(323)) - Storage directory for Ratis is not configured. It is a good idea to map this to an SSD disk. Falling back to ozone.metadata.dirs
2023-06-07 12:08:42,839 [Time-limited test] INFO  ratis.OzoneManagerRatisServer (OzoneManagerRatisServer.java:<init>(163)) - Instantiating OM Ratis server with groupID: omServiceIdDefault and peers: fv-az83-744:9872
2023-06-07 12:08:42,839 [Time-limited test] INFO  ratis.OzoneManagerStateMachine (OzoneManagerStateMachine.java:loadSnapshotInfoFromDB(670)) - LastAppliedIndex is set from TransactionInfo from OM DB as (t:0, i:~)
2023-06-07 12:08:42,848 [Time-limited test] INFO  netty.NettyConfigKeys$DataStream (NettyConfigKeys.java:setTlsConf(152)) - setTlsConf GrpcTlsConfig0-
2023-06-07 12:08:42,849 [Time-limited test] INFO  netty.NettyConfigKeys$DataStream (NettyConfigKeys.java:setTlsConf(108)) - setTlsConf GrpcTlsConfig0-
2023-06-07 12:08:42,850 [Time-limited test] INFO  server.RaftServer (ConfUtils.java:logGet(46)) - raft.rpc.type = GRPC (default)
2023-06-07 12:08:42,850 [Time-limited test] INFO  grpc.GrpcConfigKeys (ConfUtils.java:logFallback(53)) - raft.grpc.admin.host = null (fallback to raft.grpc.server.host)
2023-06-07 12:08:42,850 [Time-limited test] INFO  grpc.GrpcConfigKeys (ConfUtils.java:logFallback(53)) - raft.grpc.admin.port = 9872 (fallback to raft.grpc.server.port)
2023-06-07 12:08:42,850 [Time-limited test] INFO  grpc.GrpcConfigKeys (ConfUtils.java:logFallback(53)) - raft.grpc.client.host = null (fallback to raft.grpc.server.host)
2023-06-07 12:08:42,850 [Time-limited test] INFO  grpc.GrpcConfigKeys (ConfUtils.java:logFallback(53)) - raft.grpc.client.port = 9872 (fallback to raft.grpc.server.port)
2023-06-07 12:08:42,850 [Time-limited test] INFO  grpc.GrpcConfigKeys (ConfUtils.java:logGet(46)) - raft.grpc.server.host = null (default)
2023-06-07 12:08:42,850 [Time-limited test] INFO  grpc.GrpcConfigKeys (ConfUtils.java:logGet(46)) - raft.grpc.server.port = 9872 (custom)
2023-06-07 12:08:42,851 [Time-limited test] INFO  server.GrpcService (ConfUtils.java:logGet(46)) - raft.grpc.message.size.max = 33554432 (custom)
2023-06-07 12:08:42,851 [Time-limited test] INFO  server.RaftServerConfigKeys (ConfUtils.java:logGet(46)) - raft.server.log.appender.buffer.byte-limit = 33554432 (custom)
2023-06-07 12:08:42,851 [Time-limited test] INFO  server.GrpcService (ConfUtils.java:logGet(46)) - raft.grpc.flow.control.window = 1MB (=1048576) (default)
2023-06-07 12:08:42,851 [Time-limited test] INFO  server.RaftServerConfigKeys (ConfUtils.java:logGet(46)) - raft.server.rpc.request.timeout = 3000ms (default)
2023-06-07 12:08:42,851 [Time-limited test] INFO  grpc.GrpcConfigKeys (ConfUtils.java:logGet(46)) - raft.grpc.server.heartbeat.channel = true (default)
2023-06-07 12:08:42,851 [Time-limited test] INFO  grpc.GrpcConfigKeys (ConfUtils.java:logGet(46)) - raft.grpc.server.async.request.thread.pool.cached = true (default)
2023-06-07 12:08:42,851 [Time-limited test] INFO  grpc.GrpcConfigKeys (ConfUtils.java:logGet(46)) - raft.grpc.server.async.request.thread.pool.size = 32 (default)
2023-06-07 12:08:42,972 [Time-limited test] INFO  impl.DataStreamServerImpl (ConfUtils.java:logGet(46)) - raft.datastream.type = DISABLED (default)
2023-06-07 12:08:42,973 [Time-limited test] INFO  server.RaftServerConfigKeys (ConfUtils.java:logGet(46)) - raft.server.threadpool.proxy.cached = true (default)
2023-06-07 12:08:42,973 [Time-limited test] INFO  server.RaftServerConfigKeys (ConfUtils.java:logGet(46)) - raft.server.threadpool.proxy.size = 0 (default)
2023-06-07 12:08:42,973 [Time-limited test] INFO  server.RaftServerConfigKeys (ConfUtils.java:logGet(46)) - raft.server.rpc.slowness.timeout = 120s (custom)
2023-06-07 12:08:42,973 [Time-limited test] INFO  server.RaftServerConfigKeys (ConfUtils.java:logGet(46)) - raft.server.leaderelection.leader.step-down.wait-time = 10s (default)
2023-06-07 12:08:42,973 [Time-limited test] INFO  server.RaftServerConfigKeys (ConfUtils.java:logGet(46)) - raft.server.storage.dir = [/tmp/junit7616171203962819455/junit5828195999444825310/om-meta/ratis] (custom)
2023-06-07 12:08:42,975 [Time-limited test] INFO  server.RaftServer (RaftServerProxy.java:addNew(98)) - om1: addNew group-C5BA1605619E:[om1|rpc:fv-az83-744:9872|priority:0|startupRole:FOLLOWER] returns group-C5BA1605619E:java.util.concurrent.CompletableFuture@66ffbf20[Not completed]
2023-06-07 12:08:42,975 [om1-groupManagement] INFO  server.RaftServer$Division (OzoneManager.java:initializeRatisServer(2107)) - OzoneManager Ratis server initialized at port 9872
RaftServerImpl.java:<init>(198)) - om1: new RaftServerImpl for group-C5BA1605619E:[om1|rpc:fv-az83-744:9872|priority:0|startupRole:FOLLOWER] with OzoneManagerStateMachine:uninitialized
2023-06-07 12:08:42,975 [Time-limited test] INFO  om.OzoneManager (OzoneManager.java:initializeRatisServer(2107)) - OzoneManager Ratis server initialized at port 9872
2023-06-07 12:08:42,976 [Time-limited test] INFO  om.OzoneManager (ConfUtils.java:logGet(46)) - raft.server.rpc.timeout.min = 5s (custom)
2023-06-07 12:08:42,976 [Time-limited test] INFO  om.OzoneManager (OzoneManager.java:getRpcServer(1166)) - Creating RPC Server
2023-06-07 12:08:42,976 [om1-groupManagement] INFO  server.RaftServerConfigKeys (ConfUtils.java:logGet(46)) - raft.server.rpc.timeout.max = 5200ms (custom)
2023-06-07 12:08:42,976 [om1-groupManagement] INFO  server.RaftServerConfigKeys (ConfUtils.java:logGet(46)) - raft.server.rpc.sleep.time = 25ms (default)
2023-06-07 12:08:42,976 [om1-groupManagement] INFO  server.RaftServerConfigKeys (ConfUtils.java:logGet(46)) - raft.server.rpc.slowness.timeout = 120s (custom)
2023-06-07 12:08:42,976 [om1-groupManagement] INFO  server.RaftServerConfigKeys (ConfUtils.java:logGet(46)) - raft.server.leaderelection.leader.step-down.wait-time = 10s (default)
2023-06-07 12:08:42,976 [om1-groupManagement] INFO  server.RaftServerConfigKeys (ConfUtils.java:logGet(46)) - raft.server.sleep.deviation.threshold = 300ms (default)
2023-06-07 12:08:42,976 [om1-groupManagement] INFO  server.RaftServer$Division (ServerState.java:<init>(120)) - om1@group-C5BA1605619E: ConfigurationManager, init=-1: peers:[om1|rpc:fv-az83-744:9872|priority:0|startupRole:FOLLOWER]|listeners:[], old=null, confs=<EMPTY_MAP>
2023-06-07 12:08:42,976 [om1-groupManagement] INFO  server.RaftServerConfigKeys (ConfUtils.java:logGet(46)) - raft.server.storage.dir = [/tmp/junit7616171203962819455/junit5828195999444825310/om-meta/ratis] (custom)
2023-06-07 12:08:42,976 [om1-groupManagement] INFO  server.RaftServerConfigKeys (ConfUtils.java:logGet(46)) - raft.server.log.corruption.policy = EXCEPTION (default)
2023-06-07 12:08:42,976 [om1-groupManagement] INFO  server.RaftServerConfigKeys (ConfUtils.java:logGet(46)) - raft.server.storage.free-space.min = 0MB (=0) (default)
2023-06-07 12:08:42,976 [om1-groupManagement] INFO  server.RaftServerConfigKeys (ConfUtils.java:logGet(46)) - raft.server.notification.no-leader.timeout = 120s (custom)
2023-06-07 12:08:42,976 [om1-groupManagement] INFO  server.RaftServerConfigKeys (ConfUtils.java:logGet(46)) - raft.server.read.timeout = 10s (default)
2023-06-07 12:08:42,977 [om1-groupManagement] INFO  server.RaftServerConfigKeys (ConfUtils.java:logGet(46)) - raft.server.retrycache.expirytime = 300s (custom)
2023-06-07 12:08:42,977 [om1-groupManagement] INFO  server.RaftServerConfigKeys (ConfUtils.java:logGet(46)) - raft.server.retrycache.statistics.expirytime = 100μs (default)
2023-06-07 12:08:42,977 [om1-groupManagement] INFO  server.RaftServerConfigKeys (ConfUtils.java:logGet(46)) - raft.server.read.option = DEFAULT (default)
2023-06-07 12:08:42,980 [om1-groupManagement] INFO  server.RaftServerConfigKeys (ConfUtils.java:logGet(46)) - raft.server.rpc.request.timeout = 3000ms (default)
2023-06-07 12:08:42,980 [om1-groupManagement] INFO  server.RaftServerConfigKeys (ConfUtils.java:logGet(46)) - raft.server.log.appender.install.snapshot.enabled = false (custom)
2023-06-07 12:08:42,980 [om1-groupManagement] INFO  server.RaftServerConfigKeys (ConfUtils.java:logGet(46)) - raft.server.threadpool.server.cached = true (default)
2023-06-07 12:08:42,980 [om1-groupManagement] INFO  server.RaftServerConfigKeys (ConfUtils.java:logGet(46)) - raft.server.threadpool.server.size = 0 (default)
2023-06-07 12:08:42,980 [om1-groupManagement] INFO  server.RaftServerConfigKeys (ConfUtils.java:logGet(46)) - raft.server.threadpool.client.cached = true (default)
2023-06-07 12:08:42,980 [om1-groupManagement] INFO  server.RaftServerConfigKeys (ConfUtils.java:logGet(46)) - raft.server.threadpool.client.size = 0 (default)
2023-06-07 12:08:43,341 [Time-limited test] INFO  reflections.Reflections (Reflections.java:scan(232)) - Reflections took 363 ms to scan 19 urls, producing 69 keys and 5294 values [using 2 cores]
2023-06-07 12:08:43,343 [Time-limited test] INFO  ipc.CallQueueManager (CallQueueManager.java:<init>(90)) - Using callQueue: class java.util.concurrent.LinkedBlockingQueue, queueCapacity: 10000, scheduler: class org.apache.hadoop.ipc.DefaultRpcScheduler, ipcBackoff: false.
2023-06-07 12:08:43,343 [Socket Reader #1 for port 1202] INFO  ipc.Server (Server.java:run(1319)) - Starting Socket Reader #1 for port 1202
2023-06-07 12:08:43,345 [Listener at fv-az83-744/1202] INFO  hdds.HddsUtils (HddsUtils.java:preserveThreadName(843)) - Restoring thread name: Time-limited test
2023-06-07 12:08:43,640 [Time-limited test] INFO  impl.MetricsSystemImpl (MetricsSystemImpl.java:init(158)) - OzoneManager metrics system started (again)
2023-06-07 12:08:43,652 [Time-limited test] INFO  om.OzoneManager (OzoneManager.java:start(1588)) - OzoneManager RPC server is listening at fv-az83-744/10.1.0.7:1202
2023-06-07 12:08:43,652 [Time-limited test] INFO  ratis.OzoneManagerRatisServer (OzoneManagerRatisServer.java:start(558)) - Starting OzoneManagerRatisServer om1 at port 9872
2023-06-07 12:08:43,652 [om1-impl-thread1] INFO  storage.RaftStorageDirectory (RaftStorageDirectoryImpl.java:analyzeStorage(137)) - The storage directory /tmp/junit7616171203962819455/junit5828195999444825310/om-meta/ratis/bf265839-605b-3f16-9796-c5ba1605619e does not exist. Creating ...
2023-06-07 12:08:43,654 [om1-impl-thread1] INFO  storage.RaftStorageDirectory (RaftStorageDirectoryImpl.java:tryLock(231)) - Lock on /tmp/junit7616171203962819455/junit5828195999444825310/om-meta/ratis/bf265839-605b-3f16-9796-c5ba1605619e/in_use.lock acquired by nodename 72539@fv-az83-744
2023-06-07 12:08:43,655 [om1-impl-thread1] INFO  storage.RaftStorage (RaftStorageImpl.java:format(96)) - Storage directory /tmp/junit7616171203962819455/junit5828195999444825310/om-meta/ratis/bf265839-605b-3f16-9796-c5ba1605619e has been successfully formatted.
2023-06-07 12:08:43,655 [om1-impl-thread1] INFO  server.RaftServerConfigKeys (ConfUtils.java:logGet(46)) - raft.server.log.use.memory = false (default)
2023-06-07 12:08:43,655 [om1-impl-thread1] INFO  server.RaftServerConfigKeys (ConfUtils.java:logGet(46)) - raft.server.log.purge.gap = 1000000 (custom)
2023-06-07 12:08:43,656 [om1-impl-thread1] INFO  server.RaftServerConfigKeys (ConfUtils.java:logGet(46)) - raft.server.log.appender.buffer.byte-limit = 33554432 (custom)
2023-06-07 12:08:43,656 [om1-impl-thread1] INFO  server.RaftServerConfigKeys (ConfUtils.java:logGet(46)) - raft.server.log.statemachine.data.read.timeout = 1000ms (default)
2023-06-07 12:08:43,656 [om1-impl-thread1] INFO  server.RaftServerConfigKeys (ConfUtils.java:logGet(46)) - raft.server.log.purge.preservation.log.num = 0 (default)
2023-06-07 12:08:43,656 [om1-impl-thread1] INFO  server.RaftServerConfigKeys (ConfUtils.java:logGet(46)) - raft.server.log.segment.size.max = 4194304 (custom)
2023-06-07 12:08:43,656 [om1-impl-thread1] INFO  server.RaftServerConfigKeys (ConfUtils.java:logGet(46)) - raft.server.log.segment.cache.num.max = 2 (custom)
2023-06-07 12:08:43,656 [om1-impl-thread1] INFO  server.RaftServerConfigKeys (ConfUtils.java:logGet(46)) - raft.server.log.segment.cache.size.max = 200MB (=209715200) (default)
2023-06-07 12:08:43,656 [om1-impl-thread1] INFO  server.RaftServerConfigKeys (ConfUtils.java:logGet(46)) - raft.server.log.appender.buffer.byte-limit = 33554432 (custom)
2023-06-07 12:08:43,656 [om1-impl-thread1] INFO  segmented.SegmentedRaftLogWorker (SegmentedRaftLogWorker.java:<init>(188)) - new om1@group-C5BA1605619E-SegmentedRaftLogWorker for RaftStorageImpl:Storage Directory /tmp/junit7616171203962819455/junit5828195999444825310/om-meta/ratis/bf265839-605b-3f16-9796-c5ba1605619e
2023-06-07 12:08:43,656 [om1-impl-thread1] INFO  server.RaftServerConfigKeys (ConfUtils.java:logGet(46)) - raft.server.log.queue.byte-limit = 64MB (=67108864) (default)
2023-06-07 12:08:43,656 [om1-impl-thread1] INFO  server.RaftServerConfigKeys (ConfUtils.java:logGet(46)) - raft.server.log.queue.element-limit = 4096 (default)
2023-06-07 12:08:43,656 [om1-impl-thread1] INFO  server.RaftServerConfigKeys (ConfUtils.java:logGet(46)) - raft.server.log.segment.size.max = 4194304 (custom)
2023-06-07 12:08:43,657 [om1-impl-thread1] INFO  server.RaftServerConfigKeys (ConfUtils.java:logGet(46)) - raft.server.log.preallocated.size = 4194304 (custom)
2023-06-07 12:08:43,657 [om1-impl-thread1] INFO  server.RaftServerConfigKeys (ConfUtils.java:logGet(46)) - raft.server.log.force.sync.num = 128 (default)
2023-06-07 12:08:43,657 [om1-impl-thread1] INFO  server.RaftServerConfigKeys (ConfUtils.java:logGet(46)) - raft.server.log.statemachine.data.sync = true (default)
2023-06-07 12:08:43,657 [om1-impl-thread1] INFO  server.RaftServerConfigKeys (ConfUtils.java:logGet(46)) - raft.server.log.statemachine.data.sync.timeout = 10s (default)
2023-06-07 12:08:43,657 [om1-impl-thread1] INFO  server.RaftServerConfigKeys (ConfUtils.java:logGet(46)) - raft.server.log.statemachine.data.sync.timeout.retry = -1 (default)
2023-06-07 12:08:43,657 [om1-impl-thread1] INFO  server.RaftServerConfigKeys (ConfUtils.java:logGet(46)) - raft.server.log.write.buffer.size = 64KB (=65536) (default)
2023-06-07 12:08:43,657 [om1-impl-thread1] INFO  server.RaftServerConfigKeys (ConfUtils.java:logGet(46)) - raft.server.log.appender.buffer.byte-limit = 33554432 (custom)
2023-06-07 12:08:43,662 [om1-impl-thread1] INFO  server.RaftServerConfigKeys (ConfUtils.java:logGet(46)) - raft.server.log.unsafe-flush.enabled = false (default)
2023-06-07 12:08:43,662 [om1-impl-thread1] INFO  server.RaftServerConfigKeys (ConfUtils.java:logGet(46)) - raft.server.log.async-flush.enabled = false (default)
2023-06-07 12:08:43,662 [om1-impl-thread1] INFO  server.RaftServerConfigKeys (ConfUtils.java:logGet(46)) - raft.server.log.statemachine.data.caching.enabled = false (default)
2023-06-07 12:08:43,663 [om1-impl-thread1] INFO  segmented.SegmentedRaftLogWorker (SegmentedRaftLogWorker.java:lambda$new$0(135)) - om1@group-C5BA1605619E-SegmentedRaftLogWorker: flushIndex: setUnconditionally 0 -> -1
2023-06-07 12:08:43,663 [om1-impl-thread1] INFO  segmented.SegmentedRaftLogWorker (SegmentedRaftLogWorker.java:lambda$new$0(135)) - om1@group-C5BA1605619E-SegmentedRaftLogWorker: safeCacheEvictIndex: setUnconditionally 0 -> -1
2023-06-07 12:08:43,663 [om1-impl-thread1] INFO  server.RaftServer$Division (RaftServerImpl.java:start(342)) - om1@group-C5BA1605619E: start as a follower, conf=-1: peers:[om1|rpc:fv-az83-744:9872|priority:0|startupRole:FOLLOWER]|listeners:[], old=null
2023-06-07 12:08:43,663 [om1-impl-thread1] INFO  server.RaftServer$Division (RaftServerImpl.java:setRole(329)) - om1@group-C5BA1605619E: changes role from      null to FOLLOWER at term 0 for startAsFollower
2023-06-07 12:08:43,672 [om1-impl-thread1] INFO  impl.RoleInfo (RoleInfo.java:updateAndGet(139)) - om1: start om1@group-C5BA1605619E-FollowerState
2023-06-07 12:08:43,676 [om1-impl-thread1] INFO  util.JmxRegister (JmxRegister.java:tryRegister(44)) - Successfully registered JMX Bean with object name Ratis:service=RaftServer,group=group-C5BA1605619E,id=om1
2023-06-07 12:08:43,676 [om1-impl-thread1] INFO  server.RaftServerConfigKeys (ConfUtils.java:logGet(46)) - raft.server.snapshot.auto.trigger.enabled = true (custom)
2023-06-07 12:08:43,677 [om1-impl-thread1] INFO  server.RaftServerConfigKeys (ConfUtils.java:logGet(46)) - raft.server.snapshot.auto.trigger.threshold = 400000 (default)
2023-06-07 12:08:43,677 [om1-impl-thread1] INFO  server.RaftServerConfigKeys (ConfUtils.java:logGet(46)) - raft.server.snapshot.retention.file.num = -1 (default)
2023-06-07 12:08:43,677 [om1-impl-thread1] INFO  server.RaftServerConfigKeys (ConfUtils.java:logGet(46)) - raft.server.log.purge.upto.snapshot.index = true (custom)
2023-06-07 12:08:43,677 [Time-limited test] INFO  server.RaftServer (RaftServerProxy.java:startImpl(400)) - om1: start RPC server
2023-06-07 12:08:43,680 [om1@group-C5BA1605619E-FollowerState] INFO  server.RaftServerConfigKeys (ConfUtils.java:logFallback(53)) - raft.server.rpc.first-election.timeout.min = 5s (fallback to raft.server.rpc.timeout.min)
2023-06-07 12:08:43,680 [om1@group-C5BA1605619E-FollowerState] INFO  server.RaftServerConfigKeys (ConfUtils.java:logFallback(53)) - raft.server.rpc.first-election.timeout.max = 5200ms (fallback to raft.server.rpc.timeout.max)
2023-06-07 12:08:43,681 [Time-limited test] INFO  server.GrpcService (GrpcService.java:startImpl(302)) - om1: GrpcService started, listening on 9872
2023-06-07 12:08:43,687 [Time-limited test] INFO  om.OzoneManager (OzoneManager.java:startSecretManager(1088)) - Starting OM delegation token secret manager
2023-06-07 12:08:43,687 [Time-limited test] INFO  security.OzoneDelegationTokenSecretManager (OzoneSecretManager.java:updateCurrentKey(175)) - Updating current master key for generating tokens. Cert id 3983086018204
2023-06-07 12:08:43,687 [Thread[Thread-1554,5,FailOnTimeoutGroup]] INFO  security.OzoneDelegationTokenSecretManager (OzoneDelegationTokenSecretManager.java:run(636)) - Starting expired delegation token remover thread, tokenRemoverScanInterval=60 min(s)
2023-06-07 12:08:43,687 [Time-limited test] INFO  om.OzoneManager (OzoneManager.java:start(1604)) - Version File has different layout version (5) than OM DB (null). That is expected if this OM has never been finalized to a newer layout version.
2023-06-07 12:08:43,703 [JvmPauseMonitor5] INFO  util.JvmPauseMonitor (JvmPauseMonitor.java:run(103)) - JvmPauseMonitor-om1: Started
2023-06-07 12:08:43,704 [Time-limited test] INFO  http.BaseHttpServer (BaseHttpServer.java:newHttpServer2BuilderForOzone(224)) - Starting Web-server for ozoneManager at: http://0.0.0.0:9874
2023-06-07 12:08:43,704 [Time-limited test] INFO  http.BaseHttpServer (BaseHttpServer.java:<init>(111)) - Hadoop Security Enabled: true Ozone Security Enabled: true Ozone HTTP Security Enabled: false 
2023-06-07 12:08:43,705 [Time-limited test] WARN  server.AuthenticationFilter (AuthenticationFilter.java:constructSecretProvider(240)) - Unable to initialize FileSignerSecretProvider, falling back to use random secrets. Reason: Could not read signature secret file: /home/runner/hadoop-http-auth-signature-secret
2023-06-07 12:08:43,707 [Time-limited test] INFO  http.HttpRequestLog (HttpRequestLog.java:getRequestLog(86)) - Http request log for http.requests.ozoneManager is not defined
2023-06-07 12:08:43,710 [Time-limited test] INFO  http.HttpServer2 (HttpServer2.java:addGlobalFilter(1031)) - Added global filter 'safety' (class=org.apache.hadoop.hdds.server.http.HttpServer2$QuotingInputFilter)
2023-06-07 12:08:43,711 [Time-limited test] INFO  http.HttpServer2 (HttpServer2.java:addFilter(1007)) - Added filter static_user_filter (class=org.apache.hadoop.http.lib.StaticUserWebFilter$StaticUserFilter) to context ozoneManager
2023-06-07 12:08:43,711 [Time-limited test] INFO  http.HttpServer2 (HttpServer2.java:addFilter(1015)) - Added filter static_user_filter (class=org.apache.hadoop.http.lib.StaticUserWebFilter$StaticUserFilter) to context static
2023-06-07 12:08:43,711 [Time-limited test] INFO  http.HttpServer2 (HttpServer2.java:addFilter(1015)) - Added filter static_user_filter (class=org.apache.hadoop.http.lib.StaticUserWebFilter$StaticUserFilter) to context logs
2023-06-07 12:08:43,713 [Time-limited test] INFO  http.BaseHttpServer (BaseHttpServer.java:<init>(190)) - HTTP server of ozoneManager uses base directory /tmp/junit7616171203962819455/junit5828195999444825310/om-meta/webserver
2023-06-07 12:08:43,713 [Time-limited test] INFO  http.HttpServer2 (HttpServer2.java:bindListener(1250)) - Jetty bound to port 9874
2023-06-07 12:08:43,714 [Time-limited test] INFO  server.Server (Server.java:doStart(375)) - jetty-9.4.51.v20230217; built: 2023-02-17T08:19:37.309Z; git: b45c405e4544384de066f814ed42ae3dceacdd49; jvm 1.8.0_372-b07
2023-06-07 12:08:43,715 [Time-limited test] INFO  server.session (DefaultSessionIdManager.java:doStart(334)) - DefaultSessionIdManager workerName=node0
2023-06-07 12:08:43,715 [Time-limited test] INFO  server.session (DefaultSessionIdManager.java:doStart(339)) - No SessionScavenger set, using defaults
2023-06-07 12:08:43,715 [Time-limited test] INFO  server.session (HouseKeeper.java:startScavenging(132)) - node0 Scavenging every 600000ms
2023-06-07 12:08:43,716 [Time-limited test] INFO  handler.ContextHandler (ContextHandler.java:doStart(921)) - Started o.e.j.s.ServletContextHandler@956b899{logs,/logs,file:///home/runner/work/ozone/ozone/hadoop-ozone/integration-test/target/log,AVAILABLE}
2023-06-07 12:08:43,716 [Time-limited test] INFO  handler.ContextHandler (ContextHandler.java:doStart(921)) - Started o.e.j.s.ServletContextHandler@2a01676{static,/static,file:///home/runner/work/ozone/ozone/hadoop-ozone/integration-test/target/test-classes/webapps/static,AVAILABLE}
2023-06-07 12:08:43,720 [Time-limited test] INFO  handler.ContextHandler (ContextHandler.java:doStart(921)) - Started o.e.j.w.WebAppContext@572d9836{ozoneManager,/,file:///home/runner/work/ozone/ozone/hadoop-ozone/integration-test/target/test-classes/webapps/ozoneManager/,AVAILABLE}{file:/home/runner/work/ozone/ozone/hadoop-ozone/integration-test/target/test-classes/webapps/ozoneManager}
2023-06-07 12:08:43,722 [Time-limited test] INFO  server.AbstractConnector (AbstractConnector.java:doStart(333)) - Started ServerConnector@8de3f54{HTTP/1.1, (http/1.1)}{0.0.0.0:9874}
2023-06-07 12:08:43,722 [Time-limited test] INFO  server.Server (Server.java:doStart(415)) - Started @48731ms
2023-06-07 12:08:43,722 [Time-limited test] WARN  impl.MetricsSystemImpl (MetricsSystemImpl.java:register(279)) - Sink prometheus already exists!
2023-06-07 12:08:43,722 [Time-limited test] INFO  http.BaseHttpServer (BaseHttpServer.java:updateConnectorAddress(344)) - HTTP server of ozoneManager listening at http://0.0.0.0:9874
2023-06-07 12:08:43,723 [IPC Server Responder] INFO  ipc.Server (Server.java:run(1558)) - IPC Server Responder: starting
2023-06-07 12:08:43,723 [IPC Server listener on 1202] INFO  ipc.Server (Server.java:run(1398)) - IPC Server listener on 1202: starting
2023-06-07 12:08:43,730 [Time-limited test] INFO  om.OzoneManager (OzoneManager.java:startTrashEmptier(2060)) - Trash Interval set to 0. Files deleted won't move to trash
2023-06-07 12:08:43,803 [Time-limited test] INFO  om.GrpcOzoneManagerServer (GrpcOzoneManagerServer.java:start(130)) - GrpcOzoneManagerServer is started using port 8981
2023-06-07 12:08:48,773 [om1@group-C5BA1605619E-FollowerState] INFO  impl.FollowerState (FollowerState.java:run(143)) - om1@group-C5BA1605619E-FollowerState: change to CANDIDATE, lastRpcElapsedTime:5101179597ns, electionTimeout:5093ms
2023-06-07 12:08:48,773 [om1@group-C5BA1605619E-FollowerState] INFO  impl.RoleInfo (RoleInfo.java:shutdownFollowerState(110)) - om1: shutdown om1@group-C5BA1605619E-FollowerState
2023-06-07 12:08:48,774 [om1@group-C5BA1605619E-FollowerState] INFO  server.RaftServer$Division (RaftServerImpl.java:setRole(329)) - om1@group-C5BA1605619E: changes role from  FOLLOWER to CANDIDATE at term 0 for changeToCandidate
2023-06-07 12:08:48,774 [om1@group-C5BA1605619E-FollowerState] INFO  server.RaftServerConfigKeys (ConfUtils.java:logGet(46)) - raft.server.leaderelection.pre-vote = true (default)
2023-06-07 12:08:48,774 [om1@group-C5BA1605619E-FollowerState] INFO  impl.RoleInfo (RoleInfo.java:updateAndGet(139)) - om1: start om1@group-C5BA1605619E-LeaderElection2
2023-06-07 12:08:48,777 [om1@group-C5BA1605619E-LeaderElection2] INFO  impl.LeaderElection (LeaderElection.java:askForVotes(321)) - om1@group-C5BA1605619E-LeaderElection2 PRE_VOTE round 0: submit vote requests at term 0 for -1: peers:[om1|rpc:fv-az83-744:9872|priority:0|startupRole:FOLLOWER]|listeners:[], old=null
2023-06-07 12:08:48,777 [om1@group-C5BA1605619E-LeaderElection2] INFO  impl.LeaderElection (LeaderElection.java:askForVotes(323)) - om1@group-C5BA1605619E-LeaderElection2 PRE_VOTE round 0: result PASSED (term=0)
2023-06-07 12:08:48,778 [om1@group-C5BA1605619E-LeaderElection2] INFO  impl.LeaderElection (LeaderElection.java:askForVotes(321)) - om1@group-C5BA1605619E-LeaderElection2 ELECTION round 0: submit vote requests at term 1 for -1: peers:[om1|rpc:fv-az83-744:9872|priority:0|startupRole:FOLLOWER]|listeners:[], old=null
2023-06-07 12:08:48,778 [om1@group-C5BA1605619E-LeaderElection2] INFO  impl.LeaderElection (LeaderElection.java:askForVotes(323)) - om1@group-C5BA1605619E-LeaderElection2 ELECTION round 0: result PASSED (term=1)
2023-06-07 12:08:48,778 [om1@group-C5BA1605619E-LeaderElection2] INFO  impl.RoleInfo (RoleInfo.java:shutdownLeaderElection(130)) - om1: shutdown om1@group-C5BA1605619E-LeaderElection2
2023-06-07 12:08:48,778 [om1@group-C5BA1605619E-LeaderElection2] INFO  server.RaftServer$Division (RaftServerImpl.java:setRole(329)) - om1@group-C5BA1605619E: changes role from CANDIDATE to LEADER at term 1 for changeToLeader
2023-06-07 12:08:48,779 [om1@group-C5BA1605619E-LeaderElection2] INFO  server.RaftServer$Division (ServerState.java:setLeader(317)) - om1@group-C5BA1605619E: change Leader from null to om1 at term 1 for becomeLeader, leader elected after 5802ms
2023-06-07 12:08:48,779 [om1@group-C5BA1605619E-LeaderElection2] INFO  server.RaftServerConfigKeys (ConfUtils.java:logGet(46)) - raft.server.staging.catchup.gap = 1000 (default)
2023-06-07 12:08:48,779 [om1@group-C5BA1605619E-LeaderElection2] INFO  server.RaftServerConfigKeys (ConfUtils.java:logGet(46)) - raft.server.write.element-limit = 4096 (default)
2023-06-07 12:08:48,779 [om1@group-C5BA1605619E-LeaderElection2] INFO  server.RaftServerConfigKeys (ConfUtils.java:logGet(46)) - raft.server.write.byte-limit = 64MB (=67108864) (default)
2023-06-07 12:08:48,780 [om1@group-C5BA1605619E-LeaderElection2] INFO  server.RaftServerConfigKeys (ConfUtils.java:logGet(46)) - raft.server.watch.timeout = 10s (default)
2023-06-07 12:08:48,780 [om1@group-C5BA1605619E-LeaderElection2] INFO  server.RaftServerConfigKeys (ConfUtils.java:logGet(46)) - raft.server.watch.timeout.denomination = 1s (default)
2023-06-07 12:08:48,780 [om1@group-C5BA1605619E-LeaderElection2] INFO  server.RaftServerConfigKeys (ConfUtils.java:logGet(46)) - raft.server.watch.element-limit = 65536 (default)
2023-06-07 12:08:48,780 [om1@group-C5BA1605619E-LeaderElection2] INFO  server.RaftServerConfigKeys (ConfUtils.java:logGet(46)) - raft.server.write.element-limit = 4096 (default)
2023-06-07 12:08:48,780 [om1@group-C5BA1605619E-LeaderElection2] INFO  server.RaftServerConfigKeys (ConfUtils.java:logGet(46)) - raft.server.write.follower.gap.ratio.max = -1.0 (default)
2023-06-07 12:08:48,780 [om1@group-C5BA1605619E-LeaderElection2] INFO  impl.RoleInfo (RoleInfo.java:updateAndGet(139)) - om1: start om1@group-C5BA1605619E-LeaderStateImpl
2023-06-07 12:08:48,780 [om1@group-C5BA1605619E-LeaderElection2] INFO  segmented.SegmentedRaftLogWorker (SegmentedRaftLogWorker.java:startLogSegment(447)) - om1@group-C5BA1605619E-SegmentedRaftLogWorker: Starting segment from index:0
2023-06-07 12:08:48,786 [om1@group-C5BA1605619E-LeaderElection2] INFO  server.RaftServer$Division (ServerState.java:setRaftConf(434)) - om1@group-C5BA1605619E: set configuration 0: peers:[om1|rpc:fv-az83-744:9872|admin:|client:|dataStream:|priority:0|startupRole:FOLLOWER]|listeners:[], old=null
2023-06-07 12:08:48,793 [om1@group-C5BA1605619E-SegmentedRaftLogWorker] INFO  segmented.SegmentedRaftLogWorker (SegmentedRaftLogWorker.java:execute(651)) - om1@group-C5BA1605619E-SegmentedRaftLogWorker: created new log segment /tmp/junit7616171203962819455/junit5828195999444825310/om-meta/ratis/bf265839-605b-3f16-9796-c5ba1605619e/current/log_inprogress_0
2023-06-07 12:08:48,795 [om1@group-C5BA1605619E-StateMachineUpdater] INFO  ratis.OzoneManagerStateMachine (OzoneManagerStateMachine.java:notifyConfigurationChanged(201)) - Received Configuration change notification from Ratis. New Peer list:
[id: "om1"
address: "fv-az83-744:9872"
startupRole: FOLLOWER
]
2023-06-07 12:08:48,897 [Time-limited test] INFO  protocolPB.GrpcOmTransport (GrpcOmTransport.java:start(173)) - GrpcOmTransport: started
2023-06-07 12:08:49,162 [Time-limited test] ERROR protocolPB.GrpcOmTransport (GrpcOmTransport.java:submitRequest(188)) - Failed to submit request
io.grpc.StatusRuntimeException: UNAVAILABLE: io exception
Channel Pipeline: [SslHandler#0, ProtocolNegotiators$ClientTlsHandler#0, WriteBufferingAndExceptionHandler#0, DefaultChannelPipeline$TailContext#0]
	at io.grpc.stub.ClientCalls.toStatusRuntimeException(ClientCalls.java:271)
	at io.grpc.stub.ClientCalls.getUnchecked(ClientCalls.java:252)
	at io.grpc.stub.ClientCalls.blockingUnaryCall(ClientCalls.java:165)
	at org.apache.hadoop.ozone.protocol.proto.OzoneManagerServiceGrpc$OzoneManagerServiceBlockingStub.submitRequest(OzoneManagerServiceGrpc.java:182)
	at org.apache.hadoop.ozone.om.protocolPB.GrpcOmTransport.submitRequest(GrpcOmTransport.java:186)
	at org.apache.hadoop.ozone.om.protocolPB.OzoneManagerProtocolClientSideTranslatorPB.submitRequest(OzoneManagerProtocolClientSideTranslatorPB.java:300)
	at org.apache.hadoop.ozone.om.protocolPB.OzoneManagerProtocolClientSideTranslatorPB.getServiceInfo(OzoneManagerProtocolClientSideTranslatorPB.java:1579)
	at org.apache.hadoop.ozone.client.rpc.RpcClient.<init>(RpcClient.java:243)
	at org.apache.hadoop.ozone.client.OzoneClientFactory.getClientProtocol(OzoneClientFactory.java:248)
	at org.apache.hadoop.ozone.client.OzoneClientFactory.getClientProtocol(OzoneClientFactory.java:231)
	at org.apache.hadoop.ozone.client.OzoneClientFactory.getRpcClient(OzoneClientFactory.java:151)
	at org.apache.hadoop.ozone.TestSecureOzoneCluster.testOMGrpcServerCertificateRenew(TestSecureOzoneCluster.java:1341)
	at sun.reflect.NativeMethodAccessorImpl.invoke0(Native Method)
	at sun.reflect.NativeMethodAccessorImpl.invoke(NativeMethodAccessorImpl.java:62)
	at sun.reflect.DelegatingMethodAccessorImpl.invoke(DelegatingMethodAccessorImpl.java:43)
	at java.lang.reflect.Method.invoke(Method.java:498)
	at org.junit.runners.model.FrameworkMethod$1.runReflectiveCall(FrameworkMethod.java:59)
	at org.junit.internal.runners.model.ReflectiveCallable.run(ReflectiveCallable.java:12)
	at org.junit.runners.model.FrameworkMethod.invokeExplosively(FrameworkMethod.java:56)
	at org.junit.internal.runners.statements.InvokeMethod.evaluate(InvokeMethod.java:17)
	at org.junit.internal.runners.statements.RunBefores.evaluate(RunBefores.java:26)
	at org.junit.internal.runners.statements.RunAfters.evaluate(RunAfters.java:27)
	at org.junit.rules.ExternalResource$1.evaluate(ExternalResource.java:54)
	at org.junit.internal.runners.statements.FailOnTimeout$CallableStatement.call(FailOnTimeout.java:288)
	at org.junit.internal.runners.statements.FailOnTimeout$CallableStatement.call(FailOnTimeout.java:282)
	at java.util.concurrent.FutureTask.run(FutureTask.java:266)
	at java.lang.Thread.run(Thread.java:750)
Caused by: javax.net.ssl.SSLHandshakeException: General OpenSslEngine problem
	at io.netty.handler.ssl.ReferenceCountedOpenSslEngine.handshakeException(ReferenceCountedOpenSslEngine.java:1907)
	at io.netty.handler.ssl.ReferenceCountedOpenSslEngine.wrap(ReferenceCountedOpenSslEngine.java:834)
	at javax.net.ssl.SSLEngine.wrap(SSLEngine.java:511)
	at io.netty.handler.ssl.SslHandler.wrap(SslHandler.java:1041)
	at io.netty.handler.ssl.SslHandler.wrapNonAppData(SslHandler.java:927)
	at io.netty.handler.ssl.SslHandler.unwrap(SslHandler.java:1409)
	at io.netty.handler.ssl.SslHandler.unwrapNonAppData(SslHandler.java:1327)
	at io.netty.handler.ssl.SslHandler.access$1800(SslHandler.java:169)
	at io.netty.handler.ssl.SslHandler$SslTasksRunner.resumeOnEventExecutor(SslHandler.java:1718)
	at io.netty.handler.ssl.SslHandler$SslTasksRunner.access$2000(SslHandler.java:1609)
	at io.netty.handler.ssl.SslHandler$SslTasksRunner$2.run(SslHandler.java:1770)
	at io.netty.util.concurrent.AbstractEventExecutor.runTask(AbstractEventExecutor.java:174)
	at io.netty.util.concurrent.AbstractEventExecutor.safeExecute(AbstractEventExecutor.java:167)
	at io.netty.util.concurrent.SingleThreadEventExecutor.runAllTasks(SingleThreadEventExecutor.java:470)
	at io.netty.channel.epoll.EpollEventLoop.run(EpollEventLoop.java:403)
	at io.netty.util.concurrent.SingleThreadEventExecutor$4.run(SingleThreadEventExecutor.java:997)
	at io.netty.util.internal.ThreadExecutorMap$2.run(ThreadExecutorMap.java:74)
	at io.netty.util.concurrent.FastThreadLocalRunnable.run(FastThreadLocalRunnable.java:30)
	... 1 more
Caused by: java.security.cert.CertificateException: No name matching fv-az83-744 found
	at sun.security.util.HostnameChecker.matchDNS(HostnameChecker.java:253)
	at sun.security.util.HostnameChecker.match(HostnameChecker.java:106)
	at sun.security.ssl.X509TrustManagerImpl.checkIdentity(X509TrustManagerImpl.java:463)
	at sun.security.ssl.X509TrustManagerImpl.checkIdentity(X509TrustManagerImpl.java:437)
	at sun.security.ssl.X509TrustManagerImpl.checkTrusted(X509TrustManagerImpl.java:285)
	at sun.security.ssl.X509TrustManagerImpl.checkServerTrusted(X509TrustManagerImpl.java:141)
	at io.netty.handler.ssl.ReferenceCountedOpenSslClientContext$ExtendedTrustManagerVerifyCallback.verify(ReferenceCountedOpenSslClientContext.java:234)
	at io.netty.handler.ssl.ReferenceCountedOpenSslContext$AbstractCertificateVerifier.verify(ReferenceCountedOpenSslContext.java:773)
	at io.netty.internal.tcnative.CertificateVerifierTask.runTask(CertificateVerifierTask.java:36)
	at io.netty.internal.tcnative.SSLTask.run(SSLTask.java:48)
	at io.netty.internal.tcnative.SSLTask.run(SSLTask.java:42)
	at io.netty.handler.ssl.ReferenceCountedOpenSslEngine.runAndResetNeedTask(ReferenceCountedOpenSslEngine.java:1496)
	at io.netty.handler.ssl.ReferenceCountedOpenSslEngine.access$700(ReferenceCountedOpenSslEngine.java:94)
	at io.netty.handler.ssl.ReferenceCountedOpenSslEngine$TaskDecorator.run(ReferenceCountedOpenSslEngine.java:1471)
	at io.netty.handler.ssl.SslHandler$SslTasksRunner.run(SslHandler.java:1787)
	at java.util.concurrent.ThreadPoolExecutor.runWorker(ThreadPoolExecutor.java:1149)
	at java.util.concurrent.ThreadPoolExecutor$Worker.run(ThreadPoolExecutor.java:624)
	... 1 more
2023-06-07 12:08:49,172 [Time-limited test] ERROR client.OzoneClientFactory (OzoneClientFactory.java:getClientProtocol(251)) - Couldn't create RpcClient protocol exception: 
SSL_CONNECTION_FAILURE org.apache.hadoop.ozone.om.exceptions.OMException
	at org.apache.hadoop.ozone.om.protocolPB.GrpcOmTransport.submitRequest(GrpcOmTransport.java:192)
	at org.apache.hadoop.ozone.om.protocolPB.OzoneManagerProtocolClientSideTranslatorPB.submitRequest(OzoneManagerProtocolClientSideTranslatorPB.java:300)
	at org.apache.hadoop.ozone.om.protocolPB.OzoneManagerProtocolClientSideTranslatorPB.getServiceInfo(OzoneManagerProtocolClientSideTranslatorPB.java:1579)
	at org.apache.hadoop.ozone.client.rpc.RpcClient.<init>(RpcClient.java:243)
	at org.apache.hadoop.ozone.client.OzoneClientFactory.getClientProtocol(OzoneClientFactory.java:248)
	at org.apache.hadoop.ozone.client.OzoneClientFactory.getClientProtocol(OzoneClientFactory.java:231)
	at org.apache.hadoop.ozone.client.OzoneClientFactory.getRpcClient(OzoneClientFactory.java:151)
	at org.apache.hadoop.ozone.TestSecureOzoneCluster.testOMGrpcServerCertificateRenew(TestSecureOzoneCluster.java:1341)
	at sun.reflect.NativeMethodAccessorImpl.invoke0(Native Method)
	at sun.reflect.NativeMethodAccessorImpl.invoke(NativeMethodAccessorImpl.java:62)
	at sun.reflect.DelegatingMethodAccessorImpl.invoke(DelegatingMethodAccessorImpl.java:43)
	at java.lang.reflect.Method.invoke(Method.java:498)
	at org.junit.runners.model.FrameworkMethod$1.runReflectiveCall(FrameworkMethod.java:59)
	at org.junit.internal.runners.model.ReflectiveCallable.run(ReflectiveCallable.java:12)
	at org.junit.runners.model.FrameworkMethod.invokeExplosively(FrameworkMethod.java:56)
	at org.junit.internal.runners.statements.InvokeMethod.evaluate(InvokeMethod.java:17)
	at org.junit.internal.runners.statements.RunBefores.evaluate(RunBefores.java:26)
	at org.junit.internal.runners.statements.RunAfters.evaluate(RunAfters.java:27)
	at org.junit.rules.ExternalResource$1.evaluate(ExternalResource.java:54)
	at org.junit.internal.runners.statements.FailOnTimeout$CallableStatement.call(FailOnTimeout.java:288)
	at org.junit.internal.runners.statements.FailOnTimeout$CallableStatement.call(FailOnTimeout.java:282)
	at java.util.concurrent.FutureTask.run(FutureTask.java:266)
	at java.lang.Thread.run(Thread.java:750)
2023-06-07 12:08:49,174 [Time-limited test] INFO  impl.DefaultInternalKdcServerImpl (DefaultInternalKdcServerImpl.java:doStop(102)) - Default Internal kdc server stopped.
2023-06-07 12:08:50,175 [Time-limited test] INFO  minikdc.MiniKdc (MiniKdc.java:stop(359)) - MiniKdc stopped.
2023-06-07 12:08:50,175 [Time-limited test] INFO  server.StorageContainerManager (StorageContainerManager.java:stop(1560)) - Container Balancer is not running.
2023-06-07 12:08:50,175 [Time-limited test] INFO  server.StorageContainerManager (StorageContainerManager.java:stopReplicationManager(1691)) - Stopping Replication Manager Service.
2023-06-07 12:08:50,175 [Time-limited test] INFO  replication.ReplicationManager (ReplicationManager.java:stop(332)) - Stopping Replication Monitor Thread.
2023-06-07 12:08:50,175 [Under Replicated Processor] WARN  replication.UnhealthyReplicationProcessor (UnhealthyReplicationProcessor.java:run(167)) - Under Replicated Processor interrupted. Exiting...
2023-06-07 12:08:50,175 [ReplicationMonitor] INFO  replication.ReplicationManager (ReplicationManager.java:run(938)) - Replication Monitor Thread is stopped
2023-06-07 12:08:50,175 [Time-limited test] INFO  server.StorageContainerManager (StorageContainerManager.java:stop(1569)) - Stopping the Datanode Admin Monitor.
2023-06-07 12:08:50,176 [Time-limited test] INFO  server.StorageContainerManager (StorageContainerManager.java:stop(1576)) - Stopping datanode service RPC server
2023-06-07 12:08:50,176 [Time-limited test] INFO  server.SCMDatanodeProtocolServer (SCMDatanodeProtocolServer.java:stop(424)) - Stopping the RPC server for DataNodes
2023-06-07 12:08:50,176 [Time-limited test] INFO  ipc.Server (Server.java:stop(3501)) - Stopping server on 9861
2023-06-07 12:08:50,176 [Over Replicated Processor] WARN  replication.UnhealthyReplicationProcessor (UnhealthyReplicationProcessor.java:run(167)) - Over Replicated Processor interrupted. Exiting...
2023-06-07 12:08:50,179 [IPC Server Responder] INFO  ipc.Server (Server.java:run(1563)) - Stopping IPC Server Responder
2023-06-07 12:08:50,179 [IPC Server listener on 9861] INFO  ipc.Server (Server.java:run(1430)) - Stopping IPC Server listener on 9861
2023-06-07 12:08:51,387 [SCM Heartbeat Processing Thread - 0] WARN  node.NodeStateManager (NodeStateManager.java:scheduleNextHealthCheck(870)) - Current Thread is interrupted, shutting down HB processing thread for Node Manager.
2023-06-07 12:08:51,387 [Time-limited test] INFO  server.StorageContainerManager (StorageContainerManager.java:stop(1584)) - Stopping block service RPC server
2023-06-07 12:08:51,387 [Time-limited test] INFO  server.SCMBlockProtocolServer (SCMBlockProtocolServer.java:stop(161)) - Stopping the RPC server for Block Protocol
2023-06-07 12:08:51,387 [Time-limited test] INFO  ipc.Server (Server.java:stop(3501)) - Stopping server on 9863
2023-06-07 12:08:51,390 [IPC Server Responder] INFO  ipc.Server (Server.java:run(1563)) - Stopping IPC Server Responder
2023-06-07 12:08:51,390 [Time-limited test] INFO  server.StorageContainerManager (StorageContainerManager.java:stop(1591)) - Stopping the StorageContainerLocationProtocol RPC server
2023-06-07 12:08:51,390 [IPC Server listener on 9863] INFO  ipc.Server (Server.java:run(1430)) - Stopping IPC Server listener on 9863
2023-06-07 12:08:51,390 [Time-limited test] INFO  server.SCMClientProtocolServer (SCMClientProtocolServer.java:stop(210)) - Stopping the RPC server for Client Protocol
2023-06-07 12:08:51,391 [Time-limited test] INFO  ipc.Server (Server.java:stop(3501)) - Stopping server on 9860
2023-06-07 12:08:51,394 [IPC Server listener on 9860] INFO  ipc.Server (Server.java:run(1430)) - Stopping IPC Server listener on 9860
2023-06-07 12:08:51,395 [IPC Server Responder] INFO  ipc.Server (Server.java:run(1563)) - Stopping IPC Server Responder
2023-06-07 12:08:51,398 [Time-limited test] INFO  server.StorageContainerManager (StorageContainerManager.java:stop(1598)) - Stopping Storage Container Manager HTTP server.
2023-06-07 12:08:51,401 [Time-limited test] INFO  handler.ContextHandler (ContextHandler.java:doStop(1159)) - Stopped o.e.j.w.WebAppContext@5bae7470{scm,/,null,STOPPED}{file:/home/runner/work/ozone/ozone/hadoop-ozone/integration-test/target/test-classes/webapps/scm}
2023-06-07 12:08:51,403 [Time-limited test] INFO  server.AbstractConnector (AbstractConnector.java:doStop(383)) - Stopped ServerConnector@7e4069f4{HTTP/1.1, (http/1.1)}{0.0.0.0:9876}
2023-06-07 12:08:51,403 [Time-limited test] INFO  server.session (HouseKeeper.java:stopScavenging(149)) - node0 Stopped scavenging
2023-06-07 12:08:51,403 [Time-limited test] INFO  handler.ContextHandler (ContextHandler.java:doStop(1159)) - Stopped o.e.j.s.ServletContextHandler@581a151d{static,/static,file:///home/runner/work/ozone/ozone/hadoop-ozone/integration-test/target/test-classes/webapps/static,STOPPED}
2023-06-07 12:08:51,404 [Time-limited test] INFO  handler.ContextHandler (ContextHandler.java:doStop(1159)) - Stopped o.e.j.s.ServletContextHandler@403c347{logs,/logs,file:///home/runner/work/ozone/ozone/hadoop-ozone/integration-test/target/log,STOPPED}
2023-06-07 12:08:51,405 [Time-limited test] INFO  server.StorageContainerManager (StorageContainerManager.java:stop(1606)) - Stopping SCM LayoutVersionManager Service.
2023-06-07 12:08:51,405 [Time-limited test] INFO  server.SCMSecurityProtocolServer (SCMSecurityProtocolServer.java:stop(403)) - Stopping the SCMSecurityProtocolServer.
2023-06-07 12:08:51,406 [Time-limited test] INFO  ipc.Server (Server.java:stop(3501)) - Stopping server on 9961
2023-06-07 12:08:51,406 [IPC Server listener on 9961] INFO  ipc.Server (Server.java:run(1430)) - Stopping IPC Server listener on 9961
2023-06-07 12:08:51,406 [IPC Server Responder] INFO  ipc.Server (Server.java:run(1563)) - Stopping IPC Server Responder
2023-06-07 12:08:51,406 [Time-limited test] INFO  server.SCMUpdateServiceGrpcServer (SCMUpdateServiceGrpcServer.java:stop(73)) - SCMUpdateService stopping
2023-06-07 12:08:51,407 [Time-limited test] INFO  server.SCMUpdateServiceGrpcServer (SCMUpdateServiceGrpcServer.java:stop(85)) - SCMUpdateService stopped!
2023-06-07 12:08:51,407 [Time-limited test] INFO  server.StorageContainerManager (StorageContainerManager.java:stop(1614)) - Stopping Block Manager Service.
2023-06-07 12:08:51,407 [Time-limited test] INFO  utils.BackgroundService (BackgroundService.java:shutdown(141)) - Shutting down service SCMBlockDeletingService
2023-06-07 12:08:51,408 [Time-limited test] INFO  utils.BackgroundService (BackgroundService.java:shutdown(141)) - Shutting down service SCMBlockDeletingService
2023-06-07 12:08:51,408 [Time-limited test] INFO  server.StorageContainerManager (StorageContainerManager.java:stop(1636)) - Stopping SCM Event Queue.
2023-06-07 12:08:51,408 [JvmPauseMonitor4] INFO  util.JvmPauseMonitor (JvmPauseMonitor.java:run(109)) - JvmPauseMonitor-ca58602a-1d8d-4a80-805c-6a6985d1f0ef: Stopped
2023-06-07 12:08:51,409 [Time-limited test] INFO  server.StorageContainerManager (StorageContainerManager.java:stop(1647)) - Stopping SCM HA services.
2023-06-07 12:08:51,409 [Time-limited test] INFO  pipeline.BackgroundPipelineCreator (BackgroundPipelineCreator.java:stop(149)) - Stopping RatisPipelineUtilsThread.
2023-06-07 12:08:51,410 [RatisPipelineUtilsThread - 0] WARN  pipeline.BackgroundPipelineCreator (BackgroundPipelineCreator.java:run(180)) - RatisPipelineUtilsThread is interrupted.
2023-06-07 12:08:51,410 [Time-limited test] INFO  BackgroundPipelineScrubber (BackgroundSCMService.java:stop(131)) - Stopping BackgroundPipelineScrubber Service.
2023-06-07 12:08:51,410 [BackgroundPipelineScrubberThread] WARN  BackgroundPipelineScrubber (BackgroundSCMService.java:run(115)) - BackgroundPipelineScrubber is interrupted, exit
2023-06-07 12:08:51,410 [Time-limited test] INFO  impl.MetricsSystemImpl (MetricsSystemImpl.java:stop(210)) - Stopping OzoneManager metrics system...
2023-06-07 12:08:51,411 [prometheus] INFO  impl.MetricsSinkAdapter (MetricsSinkAdapter.java:publishMetricsFromQueue(141)) - prometheus thread interrupted.
2023-06-07 12:08:51,415 [Time-limited test] INFO  impl.MetricsSystemImpl (MetricsSystemImpl.java:stop(216)) - OzoneManager metrics system stopped.
2023-06-07 12:08:51,416 [Time-limited test] WARN  pipeline.BackgroundPipelineCreator (BackgroundPipelineCreator.java:stop(145)) - RatisPipelineUtilsThread is not running, just ignore.
2023-06-07 12:08:51,416 [Time-limited test] INFO  BackgroundPipelineScrubber (BackgroundSCMService.java:stop(126)) - BackgroundPipelineScrubber Service is not running, skip stop.
2023-06-07 12:08:51,416 [Time-limited test] INFO  ExpiredContainerReplicaOpScrubber (BackgroundSCMService.java:stop(131)) - Stopping ExpiredContainerReplicaOpScrubber Service.
2023-06-07 12:08:51,416 [ExpiredContainerReplicaOpScrubberThread] WARN  ExpiredContainerReplicaOpScrubber (BackgroundSCMService.java:run(115)) - ExpiredContainerReplicaOpScrubber is interrupted, exit
2023-06-07 12:08:51,416 [Time-limited test] INFO  utils.BackgroundService (BackgroundService.java:shutdown(141)) - Shutting down service SCMBlockDeletingService
2023-06-07 12:08:51,416 [Time-limited test] INFO  replication.ReplicationManager (ReplicationManager.java:stop(342)) - Replication Monitor Thread is not running.
2023-06-07 12:08:51,416 [Time-limited test] WARN  balancer.ContainerBalancer (ContainerBalancer.java:stop(328)) - Cannot stop Container Balancer because it's not running or stopping
2023-06-07 12:08:51,416 [Lease Manager-LeaseManager#LeaseMonitor] WARN  lease.LeaseManager (LeaseManager.java:run(272)) - Lease manager is interrupted. Shutting down...
java.lang.InterruptedException
	at java.util.concurrent.locks.AbstractQueuedSynchronizer.doAcquireSharedNanos(AbstractQueuedSynchronizer.java:1039)
	at java.util.concurrent.locks.AbstractQueuedSynchronizer.tryAcquireSharedNanos(AbstractQueuedSynchronizer.java:1328)
	at java.util.concurrent.Semaphore.tryAcquire(Semaphore.java:409)
	at org.apache.hadoop.ozone.lease.LeaseManager$LeaseMonitor.run(LeaseManager.java:270)
	at java.lang.Thread.run(Thread.java:750)
2023-06-07 12:08:51,416 [Time-limited test] INFO  server.StorageContainerManager (StorageContainerManager.java:stop(1682)) - Stopping SCM MetadataStore.
2023-06-07 12:08:51,418 [Time-limited test] INFO  server.SCMSecurityProtocolServer (SCMSecurityProtocolServer.java:join(413)) - Join RPC server for SCMSecurityProtocolServer.
2023-06-07 12:08:51,418 [Time-limited test] INFO  server.SCMSecurityProtocolServer (SCMSecurityProtocolServer.java:join(415)) - Join gRPC server for SCMSecurityProtocolServer.
2023-06-07 12:08:51,418 [Time-limited test] INFO  om.OzoneManager (OzoneManager.java:stop(2166)) - om1[fv-az83-744:1202]: Stopping Ozone Manager
2023-06-07 12:08:51,418 [Time-limited test] INFO  ipc.Server (Server.java:stop(3501)) - Stopping server on 1202
2023-06-07 12:08:51,426 [IPC Server listener on 1202] INFO  ipc.Server (Server.java:run(1430)) - Stopping IPC Server listener on 1202
2023-06-07 12:08:51,426 [IPC Server Responder] INFO  ipc.Server (Server.java:run(1563)) - Stopping IPC Server Responder
2023-06-07 12:08:51,432 [Time-limited test] INFO  om.GrpcOzoneManagerServer (GrpcOzoneManagerServer.java:stop(138)) - Server GrpcOzoneManagerServer is shutdown
2023-06-07 12:08:51,433 [Time-limited test] INFO  server.RaftServer (RaftServerProxy.java:lambda$close$6(416)) - om1: close
2023-06-07 12:08:51,433 [om1-impl-thread1] INFO  server.RaftServer$Division (RaftServerImpl.java:lambda$close$4(466)) - om1@group-C5BA1605619E: shutdown
2023-06-07 12:08:51,433 [om1-impl-thread1] INFO  util.JmxRegister (JmxRegister.java:unregister(73)) - Successfully un-registered JMX Bean with object name Ratis:service=RaftServer,group=group-C5BA1605619E,id=om1
2023-06-07 12:08:51,433 [om1-impl-thread1] INFO  impl.RoleInfo (RoleInfo.java:shutdownLeaderState(93)) - om1: shutdown om1@group-C5BA1605619E-LeaderStateImpl
2023-06-07 12:08:51,433 [om1-impl-thread1] INFO  impl.PendingRequests (PendingRequests.java:sendNotLeaderResponses(289)) - om1@group-C5BA1605619E-PendingRequests: sendNotLeaderResponses
2023-06-07 12:08:51,434 [om1@group-C5BA1605619E-StateMachineUpdater] INFO  ratis.OzoneManagerStateMachine (OzoneManagerStateMachine.java:takeSnapshot(479)) - Current Snapshot Index (t:1, i:0)
2023-06-07 12:08:51,433 [om1-impl-thread1] INFO  impl.StateMachineUpdater (StateMachineUpdater.java:stopAndJoin(155)) - om1@group-C5BA1605619E-StateMachineUpdater: set stopIndex = 0
2023-06-07 12:08:51,438 [Time-limited test] INFO  server.GrpcService (GrpcService.java:closeImpl(311)) - om1: shutdown server GrpcServerProtocolService now
2023-06-07 12:08:51,440 [Time-limited test] INFO  server.GrpcService (GrpcService.java:closeImpl(320)) - om1: shutdown server GrpcServerProtocolService successfully
2023-06-07 12:08:51,444 [om1@group-C5BA1605619E-StateMachineUpdater] INFO  impl.StateMachineUpdater (StateMachineUpdater.java:takeSnapshot(291)) - om1@group-C5BA1605619E-StateMachineUpdater: Took a snapshot at index 0
2023-06-07 12:08:51,444 [om1@group-C5BA1605619E-StateMachineUpdater] INFO  impl.StateMachineUpdater (StateMachineUpdater.java:lambda$new$0(97)) - om1@group-C5BA1605619E-StateMachineUpdater: snapshotIndex: updateIncreasingly -1 -> 0
2023-06-07 12:08:51,444 [om1@group-C5BA1605619E-StateMachineUpdater] INFO  ratis.OzoneManagerStateMachine (OzoneManagerStateMachine.java:close(533)) - StateMachine has shutdown. Shutdown OzoneManager if not already shutdown.
2023-06-07 12:08:51,444 [om1@group-C5BA1605619E-StateMachineUpdater] INFO  ratis.OzoneManagerDoubleBuffer (OzoneManagerDoubleBuffer.java:stopDaemon(559)) - Stopping OMDoubleBuffer flush thread
2023-06-07 12:08:51,444 [OMDoubleBufferFlushThread] INFO  ratis.OzoneManagerDoubleBuffer (OzoneManagerDoubleBuffer.java:canFlush(648)) - OMDoubleBuffer flush thread OMDoubleBufferFlushThread is interrupted and will exit.
2023-06-07 12:08:51,444 [om1-impl-thread1] INFO  server.RaftServer$Division (ServerState.java:close(472)) - om1@group-C5BA1605619E: closes. applyIndex: 0
2023-06-07 12:08:51,797 [om1-impl-thread1] INFO  segmented.SegmentedRaftLogWorker (SegmentedRaftLogWorker.java:close(252)) - om1@group-C5BA1605619E-SegmentedRaftLogWorker close()
2023-06-07 12:08:51,797 [JvmPauseMonitor5] INFO  util.JvmPauseMonitor (JvmPauseMonitor.java:run(109)) - JvmPauseMonitor-om1: Stopped
2023-06-07 12:08:51,797 [Time-limited test] INFO  ratis.OzoneManagerStateMachine (OzoneManagerStateMachine.java:close(533)) - StateMachine has shutdown. Shutdown OzoneManager if not already shutdown.
2023-06-07 12:08:51,798 [Time-limited test] INFO  ratis.OzoneManagerDoubleBuffer (OzoneManagerDoubleBuffer.java:stopDaemon(568)) - OMDoubleBuffer flush thread is not running.
2023-06-07 12:08:51,798 [Time-limited test] INFO  utils.BackgroundService (BackgroundService.java:shutdown(141)) - Shutting down service KeyDeletingService
2023-06-07 12:08:51,798 [Time-limited test] INFO  utils.BackgroundService (BackgroundService.java:shutdown(141)) - Shutting down service KeyDeletingService
2023-06-07 12:08:51,798 [Time-limited test] INFO  utils.BackgroundService (BackgroundService.java:shutdown(141)) - Shutting down service OpenKeyCleanupService
2023-06-07 12:08:51,798 [Time-limited test] INFO  utils.BackgroundService (BackgroundService.java:shutdown(141)) - Shutting down service SstFilteringService
2023-06-07 12:08:51,798 [Time-limited test] INFO  utils.BackgroundService (BackgroundService.java:shutdown(141)) - Shutting down service SnapshotDeletingService
2023-06-07 12:08:51,798 [Time-limited test] INFO  om.OzoneManager (OzoneManager.java:stopSecretManager(1058)) - Stopping OM delegation token secret manager.
2023-06-07 12:08:51,798 [Thread[Thread-1554,5,FailOnTimeoutGroup]] INFO  security.OzoneDelegationTokenSecretManager (OzoneDelegationTokenSecretManager.java:run(653)) - ExpiredTokenRemover was interrupted.
java.lang.InterruptedException: sleep interrupted
	at java.lang.Thread.sleep(Native Method)
	at org.apache.hadoop.ozone.security.OzoneDelegationTokenSecretManager$ExpiredTokenRemover.run(OzoneDelegationTokenSecretManager.java:649)
	at java.lang.Thread.run(Thread.java:750)
2023-06-07 12:08:51,799 [Time-limited test] INFO  handler.ContextHandler (ContextHandler.java:doStop(1159)) - Stopped o.e.j.w.WebAppContext@572d9836{ozoneManager,/,null,STOPPED}{file:/home/runner/work/ozone/ozone/hadoop-ozone/integration-test/target/test-classes/webapps/ozoneManager}
2023-06-07 12:08:51,802 [Time-limited test] INFO  server.AbstractConnector (AbstractConnector.java:doStop(383)) - Stopped ServerConnector@8de3f54{HTTP/1.1, (http/1.1)}{0.0.0.0:9874}
2023-06-07 12:08:51,802 [Time-limited test] INFO  server.session (HouseKeeper.java:stopScavenging(149)) - node0 Stopped scavenging
2023-06-07 12:08:51,802 [Time-limited test] INFO  handler.ContextHandler (ContextHandler.java:doStop(1159)) - Stopped o.e.j.s.ServletContextHandler@2a01676{static,/static,file:///home/runner/work/ozone/ozone/hadoop-ozone/integration-test/target/test-classes/webapps/static,STOPPED}
2023-06-07 12:08:51,802 [Time-limited test] INFO  handler.ContextHandler (ContextHandler.java:doStop(1159)) - Stopped o.e.j.s.ServletContextHandler@956b899{logs,/logs,file:///home/runner/work/ozone/ozone/hadoop-ozone/integration-test/target/log,STOPPED}
2023-06-07 12:08:51,804 [Time-limited test] INFO  snapshot.SnapshotDiffManager (SnapshotDiffManager.java:closeExecutorService(1278)) - Shutting down executorService: 'SnapDiffExecutor'
2023-06-07 12:08:51,804 [Time-limited test] INFO  utils.BackgroundService (BackgroundService.java:shutdown(141)) - Shutting down service SnapshotDiffCleanupService
]]></system-out>
  </testcase>
  <testcase name="testCertificateRotation" classname="org.apache.hadoop.ozone.TestSecureOzoneCluster" time="23.924">
    <system-out><![CDATA[2023-06-07 12:08:51,832 [Time-limited test] INFO  net.ServerSocketUtil (ServerSocketUtil.java:getPort(55)) - Using port 9860
2023-06-07 12:08:51,832 [Time-limited test] INFO  net.ServerSocketUtil (ServerSocketUtil.java:getPort(55)) - Using port 9861
2023-06-07 12:08:51,832 [Time-limited test] INFO  net.ServerSocketUtil (ServerSocketUtil.java:getPort(55)) - Using port 9863
2023-06-07 12:08:51,832 [Time-limited test] INFO  net.ServerSocketUtil (ServerSocketUtil.java:getPort(55)) - Using port 9961
2023-06-07 12:08:51,833 [Time-limited test] INFO  net.ServerSocketUtil (ServerSocketUtil.java:getPort(55)) - Using port 1200
2023-06-07 12:08:51,833 [Time-limited test] INFO  net.ServerSocketUtil (ServerSocketUtil.java:getPort(55)) - Using port 1201
2023-06-07 12:08:51,833 [Time-limited test] INFO  minikdc.MiniKdc (MiniKdc.java:<init>(225)) - Configuration:
2023-06-07 12:08:51,833 [Time-limited test] INFO  minikdc.MiniKdc (MiniKdc.java:<init>(226)) - ---------------------------------------------------------------
2023-06-07 12:08:51,833 [Time-limited test] INFO  minikdc.MiniKdc (MiniKdc.java:<init>(228)) -   debug: false
2023-06-07 12:08:51,833 [Time-limited test] INFO  minikdc.MiniKdc (MiniKdc.java:<init>(228)) -   transport: TCP
2023-06-07 12:08:51,833 [Time-limited test] INFO  minikdc.MiniKdc (MiniKdc.java:<init>(228)) -   max.ticket.lifetime: 86400000
2023-06-07 12:08:51,834 [Time-limited test] INFO  minikdc.MiniKdc (MiniKdc.java:<init>(228)) -   org.name: EXAMPLE
2023-06-07 12:08:51,834 [Time-limited test] INFO  minikdc.MiniKdc (MiniKdc.java:<init>(228)) -   kdc.port: 0
2023-06-07 12:08:51,834 [Time-limited test] INFO  minikdc.MiniKdc (MiniKdc.java:<init>(228)) -   org.domain: COM
2023-06-07 12:08:51,834 [Time-limited test] INFO  minikdc.MiniKdc (MiniKdc.java:<init>(228)) -   max.renewable.lifetime: 604800000
2023-06-07 12:08:51,834 [Time-limited test] INFO  minikdc.MiniKdc (MiniKdc.java:<init>(228)) -   instance: DefaultKrbServer
2023-06-07 12:08:51,834 [Time-limited test] INFO  minikdc.MiniKdc (MiniKdc.java:<init>(228)) -   kdc.bind.address: localhost
2023-06-07 12:08:51,834 [Time-limited test] INFO  minikdc.MiniKdc (MiniKdc.java:<init>(230)) - ---------------------------------------------------------------
2023-06-07 12:08:51,835 [Time-limited test] INFO  minikdc.MiniKdc (MiniKdc.java:start(285)) - MiniKdc started.
2023-06-07 12:08:51,982 [Time-limited test] WARN  server.ServerUtils (ServerUtils.java:getDBPath(311)) - ozone.om.db.dirs is not configured. We recommend adding this setting. Falling back to ozone.metadata.dirs instead.
2023-06-07 12:08:51,985 [Time-limited test] INFO  utils.SelfSignedCertificate (SelfSignedCertificate.java:generateCertificate(158)) - Certificate 3992560 is issued by CN=localhost,OU=test,O=cluster to CN=localhost,OU=test,O=cluster, valid from Wed Jun 07 12:08:51 UTC 2023 to Wed Jun 07 12:09:11 UTC 2023
2023-06-07 12:08:51,988 [Time-limited test] INFO  security.OMCertificateClient (DefaultCertificateClient.java:loadAllCertificates(151)) - Loading certificate from location:/tmp/junit6341967468805167692/junit5890333678607152091/om-meta/om/certs.
2023-06-07 12:08:51,990 [Time-limited test] INFO  security.OMCertificateClient (DefaultCertificateClient.java:loadAllCertificates(195)) - Added certificate   [0]         Version: 3
         SerialNumber: 3992560
             IssuerDN: CN=localhost,OU=test,O=cluster
           Start Date: Wed Jun 07 12:08:51 UTC 2023
           Final Date: Wed Jun 07 12:09:11 UTC 2023
            SubjectDN: CN=localhost,OU=test,O=cluster
           Public Key: RSA Public Key [ce:db:ec:80:9f:0e:7b:35:ea:aa:af:40:0b:0d:80:5a:37:0d:7e:10],[56:66:d1:a4]
        modulus: b6e329644c784b40204ce0e8f6fcb0353ccd1718409a73f859fa205b76b19180237ad0538e5d29f9d799654845031385e43d2604644e95812c00f17b26dcb71d4e4dcf4515b93f5647717cb40d7cb0717dab5650552b53c98295b99cf5fec43562ca7259632d0f648c86e0014560958228d811633f022e5f914806c18ad1de6669a4fde38bc6bdb2f5cd120c025732a3ca43bd756f80a2a9ba7ab790d5ff477d2ff9948475bb6249a13d50da2d837880c7b48aff526f1a8a8dec6ffc29ef9be2538b3a9ebcc8cb03449368b3347c1bde0afbea3ba84f83d892b27c36c431d79d884f093a33851f98f17281ee7056418ca50048f67c92e7f8ae0e1083649f6e61
public exponent: 10001

  Signature Algorithm: SHA256WITHRSA
            Signature: 9e26fb56020c5663fc53a9a6643756df62dfb595
                       ca1537b650ca2e0c8da85505419ddb37c3cdc73e
                       d7b2ba4d850b72d23dc92d51ae06e11f44631230
                       3617d2950d102478fad645d984c131db5a9bee14
                       ca50663f8d6f755aa7f45e9c068c3a56b3e46fcb
                       2f748fb755483d76ff1db1286c0da8800ba1a831
                       7d6a9adc71973201adfbe325ee93d6bb792a33d8
                       3cbb6a15c8b8c390eadb007470697ecf4d2a6ff4
                       d0ec2807ee032d5476f82a4b085fcb148c0be898
                       8a5e7cfb7164e087e1ca70ed471285c719d865de
                       03f9f79d2629285cb1ab19a896728c95a1de9361
                       e68869d25237c4bac98ddd9cf28a1d1056066168
                       96ec9e1fdc18e42bdd6ec73535dc45be
 from file:/tmp/junit6341967468805167692/junit5890333678607152091/om-meta/om/certs/certificate.crt.
2023-06-07 12:08:51,990 [Time-limited test] INFO  security.OMCertificateClient (DefaultCertificateClient.java:startCertificateMonitor(1208)) - CertificateLifetimeMonitor for om is started with first delay 9010 ms and interval 3333 ms.
2023-06-07 12:08:51,990 [Time-limited test] INFO  om.OzoneManager (OzoneManager.java:getOmDetailsProto(4485)) - OzoneManager ports added:[name: "RPC"
value: 1202
]
2023-06-07 12:08:51,991 [Time-limited test] INFO  security.OMCertificateClient (DefaultCertificateClient.java:init(650)) - Certificate client init case: 7
2023-06-07 12:08:51,991 [Time-limited test] INFO  security.OMCertificateClient (CommonCertificateClient.java:handleCase(104)) - Found certificate file along with KeyPair.
2023-06-07 12:08:51,999 [Time-limited test] INFO  security.OMCertificateClient (DefaultCertificateClient.java:validateKeyPairAndCertificate(748)) - Keypair validated.
2023-06-07 12:08:52,002 [Time-limited test] INFO  security.OMCertificateClient (DefaultCertificateClient.java:validateKeyPairAndCertificate(751)) - Keypair validated with certificate.
2023-06-07 12:08:52,045 [Time-limited test] INFO  utils.SelfSignedCertificate (SelfSignedCertificate.java:generateCertificate(158)) - Certificate 3992622 is issued by CN=localhost,OU=test,O=cluster to CN=localhost,OU=test,O=cluster, valid from Wed Jun 07 12:09:02 UTC 2023 to Wed Jun 07 12:09:22 UTC 2023
2023-06-07 12:08:53,033 [Time-limited test] INFO  ha.OMHANodeDetails (OMHANodeDetails.java:loadOMHAConfig(115)) - ozone.om.internal.service.id is not defined, falling back to ozone.om.service.ids to find serviceID for OzoneManager if it is HA enabled cluster
2023-06-07 12:08:53,038 [Time-limited test] INFO  ha.OMHANodeDetails (OMHANodeDetails.java:loadOMHAConfig(226)) - Configuration does not have ozone.om.address set. Falling back to the default OM address fv-az83-744/10.1.0.7:1202
2023-06-07 12:08:53,038 [Time-limited test] INFO  ha.OMHANodeDetails (OMHANodeDetails.java:getOMNodeDetailsForNonHA(254)) - OM Service ID is not set. Setting it to the default ID: omServiceIdDefault
2023-06-07 12:08:53,039 [Time-limited test] INFO  ha.OMHANodeDetails (OMHANodeDetails.java:getOMNodeDetailsForNonHA(261)) - OM Node ID is not set. Setting it to the default ID: om1
2023-06-07 12:08:53,039 [Time-limited test] WARN  server.ServerUtils (ServerUtils.java:getDBPath(311)) - ozone.om.db.dirs is not configured. We recommend adding this setting. Falling back to ozone.metadata.dirs instead.
2023-06-07 12:08:53,048 [Time-limited test] INFO  upgrade.AbstractLayoutVersionManager (AbstractLayoutVersionManager.java:init(83)) - Initializing Layout version manager with metadata layout = FILESYSTEM_SNAPSHOT (version = 5), software layout = FILESYSTEM_SNAPSHOT (version = 5)
2023-06-07 12:08:53,277 [Time-limited test] INFO  reflections.Reflections (Reflections.java:scan(232)) - Reflections took 227 ms to scan 2 urls, producing 177 keys and 490 values [using 2 cores]
2023-06-07 12:08:53,280 [Time-limited test] INFO  upgrade.OMLayoutVersionManager (OMLayoutVersionManager.java:lambda$0(115)) - Skipping Upgrade Action MockOmUpgradeAction since it has been finalized.
2023-06-07 12:08:53,296 [pool-271-thread-1] INFO  request.KdcRequest (KdcRequest.java:preauth(651)) - The preauth data is empty.
2023-06-07 12:08:53,297 [pool-271-thread-1] INFO  server.KdcHandler (KdcHandler.java:handleRecoverableException(177)) - KRB error occurred while processing request:Additional pre-authentication required
2023-06-07 12:08:53,321 [pool-271-thread-2] INFO  request.AsRequest (AsRequest.java:issueTicket(112)) - AS_REQ ISSUE: authtime 1686139733320,om/fv-az83-744@EXAMPLE.COM for krbtgt/EXAMPLE.COM@EXAMPLE.COM
2023-06-07 12:08:53,324 [Time-limited test] INFO  security.UserGroupInformation (UserGroupInformation.java:loginUserFromKeytab(1132)) - Login successful for user om/fv-az83-744@EXAMPLE.COM using keytab file om.keytab. Keytab auto renewal enabled : false
2023-06-07 12:08:53,324 [Time-limited test] INFO  om.OzoneManager (OzoneManager.java:loginOMUser(1134)) - Ozone Manager login successful.
2023-06-07 12:08:53,324 [Time-limited test] WARN  server.ServerUtils (ServerUtils.java:getDBPath(311)) - ozone.om.db.dirs is not configured. We recommend adding this setting. Falling back to ozone.metadata.dirs instead.
2023-06-07 12:08:53,327 [Time-limited test] INFO  proxy.SCMBlockLocationFailoverProxyProvider (SCMBlockLocationFailoverProxyProvider.java:<init>(114)) - Created block location fail-over proxy with 1 nodes: [nodeId=scmNodeId,nodeAddress=localhost/127.0.0.1:9863]
2023-06-07 12:08:53,328 [Time-limited test] INFO  security.OMCertificateClient (DefaultCertificateClient.java:loadAllCertificates(151)) - Loading certificate from location:/tmp/junit6341967468805167692/junit5890333678607152091/om-meta/om/certs.
2023-06-07 12:08:53,347 [Time-limited test] INFO  security.OMCertificateClient (DefaultCertificateClient.java:loadAllCertificates(195)) - Added certificate   [0]         Version: 3
         SerialNumber: 3992560
             IssuerDN: CN=localhost,OU=test,O=cluster
           Start Date: Wed Jun 07 12:08:51 UTC 2023
           Final Date: Wed Jun 07 12:09:11 UTC 2023
            SubjectDN: CN=localhost,OU=test,O=cluster
           Public Key: RSA Public Key [ce:db:ec:80:9f:0e:7b:35:ea:aa:af:40:0b:0d:80:5a:37:0d:7e:10],[56:66:d1:a4]
        modulus: b6e329644c784b40204ce0e8f6fcb0353ccd1718409a73f859fa205b76b19180237ad0538e5d29f9d799654845031385e43d2604644e95812c00f17b26dcb71d4e4dcf4515b93f5647717cb40d7cb0717dab5650552b53c98295b99cf5fec43562ca7259632d0f648c86e0014560958228d811633f022e5f914806c18ad1de6669a4fde38bc6bdb2f5cd120c025732a3ca43bd756f80a2a9ba7ab790d5ff477d2ff9948475bb6249a13d50da2d837880c7b48aff526f1a8a8dec6ffc29ef9be2538b3a9ebcc8cb03449368b3347c1bde0afbea3ba84f83d892b27c36c431d79d884f093a33851f98f17281ee7056418ca50048f67c92e7f8ae0e1083649f6e61
public exponent: 10001

  Signature Algorithm: SHA256WITHRSA
            Signature: 9e26fb56020c5663fc53a9a6643756df62dfb595
                       ca1537b650ca2e0c8da85505419ddb37c3cdc73e
                       d7b2ba4d850b72d23dc92d51ae06e11f44631230
                       3617d2950d102478fad645d984c131db5a9bee14
                       ca50663f8d6f755aa7f45e9c068c3a56b3e46fcb
                       2f748fb755483d76ff1db1286c0da8800ba1a831
                       7d6a9adc71973201adfbe325ee93d6bb792a33d8
                       3cbb6a15c8b8c390eadb007470697ecf4d2a6ff4
                       d0ec2807ee032d5476f82a4b085fcb148c0be898
                       8a5e7cfb7164e087e1ca70ed471285c719d865de
                       03f9f79d2629285cb1ab19a896728c95a1de9361
                       e68869d25237c4bac98ddd9cf28a1d1056066168
                       96ec9e1fdc18e42bdd6ec73535dc45be
 from file:/tmp/junit6341967468805167692/junit5890333678607152091/om-meta/om/certs/certificate.crt.
2023-06-07 12:08:53,355 [Time-limited test] INFO  security.OMCertificateClient (DefaultCertificateClient.java:startCertificateMonitor(1208)) - CertificateLifetimeMonitor for om is started with first delay 7653 ms and interval 3333 ms.
2023-06-07 12:08:53,356 [Time-limited test] INFO  om.OzoneManager (OzoneManager.java:getOmDetailsProto(4485)) - OzoneManager ports added:[name: "RPC"
value: 1202
]
2023-06-07 12:08:53,377 [Time-limited test] INFO  om.OzoneManager (OzoneManager.java:<init>(637)) - OM start with adminUsers: [scm/fv-az83-744@EXAMPLE.COM, om]
2023-06-07 12:08:53,379 [Time-limited test] WARN  server.ServerUtils (ServerUtils.java:getDBPath(311)) - ozone.om.db.dirs is not configured. We recommend adding this setting. Falling back to ozone.metadata.dirs instead.
2023-06-07 12:08:53,388 [Time-limited test] INFO  helpers.OmKeyInfo (OmKeyInfo.java:getCodec(71)) - OmKeyInfo.getCodec ignorePipeline = true
2023-06-07 12:08:53,586 [Time-limited test] INFO  om.OzoneManager (OzoneManager.java:instantiateServices(766)) - S3 Multi-Tenancy is disabled
2023-06-07 12:08:53,586 [Time-limited test] INFO  security.OzoneSecretStore (OzoneSecretStore.java:loadState(69)) - Loaded 0 tokens
2023-06-07 12:08:53,594 [Time-limited test] INFO  security.OzoneDelegationTokenSecretManager (OzoneDelegationTokenSecretManager.java:loadTokenSecretState(530)) - Loading token state into token manager.
2023-06-07 12:08:53,594 [Time-limited test] INFO  om.OmSnapshotManager (OmSnapshotManager.java:<init>(170)) - Ozone filesystem snapshot feature is enabled.
2023-06-07 12:08:53,595 [Time-limited test] WARN  server.ServerUtils (ServerUtils.java:getDBPath(311)) - ozone.om.snapshot.diff.db.dir is not configured. We recommend adding this setting. Falling back to ozone.metadata.dirs instead.
2023-06-07 12:08:53,627 [Time-limited test] INFO  utils.NativeLibraryLoader (NativeLibraryLoader.java:loadLibrary(103)) - Loading Library: ozone_rocksdb_tools
2023-06-07 12:08:53,633 [Time-limited test] INFO  om.OzoneManager (OzoneManager.java:addS3GVolumeToDB(4236)) - Created Volume s3v With Owner om required for S3Gateway operations.
2023-06-07 12:08:53,633 [Time-limited test] WARN  server.ServerUtils (ServerUtils.java:getDefaultRatisDirectory(323)) - Storage directory for Ratis is not configured. It is a good idea to map this to an SSD disk. Falling back to ozone.metadata.dirs
2023-06-07 12:08:53,633 [Time-limited test] WARN  utils.OzoneManagerRatisUtils (OzoneManagerRatisUtils.java:getOMRatisSnapshotDirectory(461)) - ozone.om.ratis.snapshot.dir is not configured. Falling back to ozone.metadata.dirs config
2023-06-07 12:08:53,640 [Time-limited test] WARN  server.ServerUtils (ServerUtils.java:getDefaultRatisDirectory(323)) - Storage directory for Ratis is not configured. It is a good idea to map this to an SSD disk. Falling back to ozone.metadata.dirs
2023-06-07 12:08:53,643 [Time-limited test] INFO  ratis.OzoneManagerRatisServer (OzoneManagerRatisServer.java:<init>(163)) - Instantiating OM Ratis server with groupID: omServiceIdDefault and peers: fv-az83-744:9872
2023-06-07 12:08:53,647 [Time-limited test] INFO  ratis.OzoneManagerStateMachine (OzoneManagerStateMachine.java:loadSnapshotInfoFromDB(670)) - LastAppliedIndex is set from TransactionInfo from OM DB as (t:0, i:~)
2023-06-07 12:08:53,651 [Time-limited test] INFO  server.RaftServer (ConfUtils.java:logGet(46)) - raft.rpc.type = GRPC (default)
2023-06-07 12:08:53,659 [Time-limited test] INFO  grpc.GrpcConfigKeys (ConfUtils.java:logFallback(53)) - raft.grpc.admin.host = null (fallback to raft.grpc.server.host)
2023-06-07 12:08:53,666 [Time-limited test] INFO  grpc.GrpcConfigKeys (ConfUtils.java:logFallback(53)) - raft.grpc.admin.port = 9872 (fallback to raft.grpc.server.port)
2023-06-07 12:08:53,666 [Time-limited test] INFO  grpc.GrpcConfigKeys (ConfUtils.java:logFallback(53)) - raft.grpc.client.host = null (fallback to raft.grpc.server.host)
2023-06-07 12:08:53,666 [Time-limited test] INFO  grpc.GrpcConfigKeys (ConfUtils.java:logFallback(53)) - raft.grpc.client.port = 9872 (fallback to raft.grpc.server.port)
2023-06-07 12:08:53,666 [Time-limited test] INFO  grpc.GrpcConfigKeys (ConfUtils.java:logGet(46)) - raft.grpc.server.host = null (default)
2023-06-07 12:08:53,666 [Time-limited test] INFO  grpc.GrpcConfigKeys (ConfUtils.java:logGet(46)) - raft.grpc.server.port = 9872 (custom)
2023-06-07 12:08:53,667 [Time-limited test] INFO  server.GrpcService (ConfUtils.java:logGet(46)) - raft.grpc.message.size.max = 33554432 (custom)
2023-06-07 12:08:53,667 [Time-limited test] INFO  server.RaftServerConfigKeys (ConfUtils.java:logGet(46)) - raft.server.log.appender.buffer.byte-limit = 33554432 (custom)
2023-06-07 12:08:53,667 [Time-limited test] INFO  server.GrpcService (ConfUtils.java:logGet(46)) - raft.grpc.flow.control.window = 1MB (=1048576) (default)
2023-06-07 12:08:53,667 [Time-limited test] INFO  server.RaftServerConfigKeys (ConfUtils.java:logGet(46)) - raft.server.rpc.request.timeout = 3000ms (default)
2023-06-07 12:08:53,668 [Time-limited test] INFO  grpc.GrpcConfigKeys (ConfUtils.java:logGet(46)) - raft.grpc.server.heartbeat.channel = true (default)
2023-06-07 12:08:53,668 [Time-limited test] INFO  grpc.GrpcConfigKeys (ConfUtils.java:logGet(46)) - raft.grpc.server.async.request.thread.pool.cached = true (default)
2023-06-07 12:08:53,668 [Time-limited test] INFO  grpc.GrpcConfigKeys (ConfUtils.java:logGet(46)) - raft.grpc.server.async.request.thread.pool.size = 32 (default)
2023-06-07 12:08:53,670 [Time-limited test] INFO  impl.DataStreamServerImpl (ConfUtils.java:logGet(46)) - raft.datastream.type = DISABLED (default)
2023-06-07 12:08:53,671 [Time-limited test] INFO  server.RaftServerConfigKeys (ConfUtils.java:logGet(46)) - raft.server.threadpool.proxy.cached = true (default)
2023-06-07 12:08:53,671 [Time-limited test] INFO  server.RaftServerConfigKeys (ConfUtils.java:logGet(46)) - raft.server.threadpool.proxy.size = 0 (default)
2023-06-07 12:08:53,671 [Time-limited test] INFO  server.RaftServerConfigKeys (ConfUtils.java:logGet(46)) - raft.server.rpc.slowness.timeout = 120s (custom)
2023-06-07 12:08:53,671 [Time-limited test] INFO  server.RaftServerConfigKeys (ConfUtils.java:logGet(46)) - raft.server.leaderelection.leader.step-down.wait-time = 10s (default)
2023-06-07 12:08:53,671 [Time-limited test] INFO  server.RaftServerConfigKeys (ConfUtils.java:logGet(46)) - raft.server.storage.dir = [/tmp/junit6341967468805167692/junit5890333678607152091/om-meta/ratis] (custom)
2023-06-07 12:08:53,672 [Time-limited test] INFO  server.RaftServer (RaftServerProxy.java:addNew(98)) - om1: addNew group-C5BA1605619E:[om1|rpc:fv-az83-744:9872|priority:0|startupRole:FOLLOWER] returns group-C5BA1605619E:java.util.concurrent.CompletableFuture@7355515[Not completed]
2023-06-07 12:08:53,672 [Time-limited test] INFO  om.OzoneManager (OzoneManager.java:initializeRatisServer(2107)) - OzoneManager Ratis server initialized at port 9872
2023-06-07 12:08:53,673 [Time-limited test] INFO  om.OzoneManager (OzoneManager.java:getRpcServer(1166)) - Creating RPC Server
2023-06-07 12:08:53,673 [om1-groupManagement] INFO  server.RaftServer$Division (RaftServerImpl.java:<init>(198)) - om1: new RaftServerImpl for group-C5BA1605619E:[om1|rpc:fv-az83-744:9872|priority:0|startupRole:FOLLOWER] with OzoneManagerStateMachine:uninitialized
2023-06-07 12:08:53,673 [Time-limited test] INFO  om.OzoneManager (OzoneManager.java:getRpcServer(1166)) - Creating RPC Server
2023-06-07 12:08:53,675 [om1-groupManagement] INFO  server.RaftServerConfigKeys (ConfUtils.java:logGet(46)) - raft.server.rpc.timeout.min = 5s (custom)
2023-06-07 12:08:53,675 [om1-groupManagement] INFO  server.RaftServerConfigKeys (ConfUtils.java:logGet(46)) - raft.server.rpc.timeout.max = 5200ms (custom)
2023-06-07 12:08:53,675 [om1-groupManagement] INFO  server.RaftServerConfigKeys (ConfUtils.java:logGet(46)) - raft.server.rpc.sleep.time = 25ms (default)
2023-06-07 12:08:53,675 [om1-groupManagement] INFO  server.RaftServerConfigKeys (ConfUtils.java:logGet(46)) - raft.server.rpc.slowness.timeout = 120s (custom)
2023-06-07 12:08:53,676 [om1-groupManagement] INFO  server.RaftServerConfigKeys (ConfUtils.java:logGet(46)) - raft.server.leaderelection.leader.step-down.wait-time = 10s (default)
2023-06-07 12:08:53,676 [om1-groupManagement] INFO  server.RaftServerConfigKeys (ConfUtils.java:logGet(46)) - raft.server.sleep.deviation.threshold = 300ms (default)
2023-06-07 12:08:53,676 [om1-groupManagement] INFO  server.RaftServer$Division (ServerState.java:<init>(120)) - om1@group-C5BA1605619E: ConfigurationManager, init=-1: peers:[om1|rpc:fv-az83-744:9872|priority:0|startupRole:FOLLOWER]|listeners:[], old=null, confs=<EMPTY_MAP>
2023-06-07 12:08:53,676 [om1-groupManagement] INFO  server.RaftServerConfigKeys (ConfUtils.java:logGet(46)) - raft.server.storage.dir = [/tmp/junit6341967468805167692/junit5890333678607152091/om-meta/ratis] (custom)
2023-06-07 12:08:53,676 [om1-groupManagement] INFO  server.RaftServerConfigKeys (ConfUtils.java:logGet(46)) - raft.server.log.corruption.policy = EXCEPTION (default)
2023-06-07 12:08:53,677 [om1-groupManagement] INFO  server.RaftServerConfigKeys (ConfUtils.java:logGet(46)) - raft.server.storage.free-space.min = 0MB (=0) (default)
2023-06-07 12:08:53,677 [om1-groupManagement] INFO  server.RaftServerConfigKeys (ConfUtils.java:logGet(46)) - raft.server.notification.no-leader.timeout = 120s (custom)
2023-06-07 12:08:53,677 [om1-groupManagement] INFO  server.RaftServerConfigKeys (ConfUtils.java:logGet(46)) - raft.server.read.timeout = 10s (default)
2023-06-07 12:08:53,677 [om1-groupManagement] INFO  server.RaftServerConfigKeys (ConfUtils.java:logGet(46)) - raft.server.retrycache.expirytime = 300s (custom)
2023-06-07 12:08:53,677 [om1-groupManagement] INFO  server.RaftServerConfigKeys (ConfUtils.java:logGet(46)) - raft.server.retrycache.statistics.expirytime = 100μs (default)
2023-06-07 12:08:53,677 [om1-groupManagement] INFO  server.RaftServerConfigKeys (ConfUtils.java:logGet(46)) - raft.server.read.option = DEFAULT (default)
2023-06-07 12:08:53,679 [om1-groupManagement] INFO  server.RaftServerConfigKeys (ConfUtils.java:logGet(46)) - raft.server.rpc.request.timeout = 3000ms (default)
2023-06-07 12:08:53,679 [om1-groupManagement] INFO  server.RaftServerConfigKeys (ConfUtils.java:logGet(46)) - raft.server.log.appender.install.snapshot.enabled = false (custom)
2023-06-07 12:08:53,687 [om1-groupManagement] INFO  server.RaftServerConfigKeys (ConfUtils.java:logGet(46)) - raft.server.threadpool.server.cached = true (default)
2023-06-07 12:08:53,687 [om1-groupManagement] INFO  server.RaftServerConfigKeys (ConfUtils.java:logGet(46)) - raft.server.threadpool.server.size = 0 (default)
2023-06-07 12:08:53,688 [om1-groupManagement] INFO  server.RaftServerConfigKeys (ConfUtils.java:logGet(46)) - raft.server.threadpool.client.cached = true (default)
2023-06-07 12:08:53,688 [om1-groupManagement] INFO  server.RaftServerConfigKeys (ConfUtils.java:logGet(46)) - raft.server.threadpool.client.size = 0 (default)
2023-06-07 12:08:54,599 [Time-limited test] INFO  reflections.Reflections (Reflections.java:scan(232)) - Reflections took 924 ms to scan 19 urls, producing 69 keys and 5294 values [using 2 cores]
2023-06-07 12:08:54,616 [Time-limited test] INFO  ipc.CallQueueManager (CallQueueManager.java:<init>(90)) - Using callQueue: class java.util.concurrent.LinkedBlockingQueue, queueCapacity: 10000, scheduler: class org.apache.hadoop.ipc.DefaultRpcScheduler, ipcBackoff: false.
2023-06-07 12:08:54,617 [Socket Reader #1 for port 1202] INFO  ipc.Server (Server.java:run(1319)) - Starting Socket Reader #1 for port 1202
2023-06-07 12:08:54,620 [Listener at fv-az83-744/1202] INFO  hdds.HddsUtils (HddsUtils.java:preserveThreadName(843)) - Restoring thread name: Time-limited test
2023-06-07 12:09:01,001 [om-CertificateLifetimeMonitor] INFO  security.OMCertificateClient (DefaultCertificateClient.java:run(1238)) - Current certificate has entered the expiry grace period PT0S. Starting renew key and certs.
2023-06-07 12:09:01,696 [om-CertificateLifetimeMonitor] INFO  ozone.OzoneSecurityUtil (OzoneSecurityUtil.java:getValidInetsForCurrentHost(118)) - ip:fe80:0:0:0:20d:3aff:fe5e:ae76%eth0 not returned.
2023-06-07 12:09:01,696 [om-CertificateLifetimeMonitor] INFO  ozone.OzoneSecurityUtil (OzoneSecurityUtil.java:getValidInetsForCurrentHost(115)) - Adding ip:10.1.0.7,host:fv-az83-744
2023-06-07 12:09:01,696 [om-CertificateLifetimeMonitor] INFO  ozone.OzoneSecurityUtil (OzoneSecurityUtil.java:getValidInetsForCurrentHost(118)) - ip:0:0:0:0:0:0:0:1%lo not returned.
2023-06-07 12:09:01,696 [om-CertificateLifetimeMonitor] INFO  ozone.OzoneSecurityUtil (OzoneSecurityUtil.java:getValidInetsForCurrentHost(118)) - ip:127.0.0.1 not returned.
2023-06-07 12:09:01,696 [om-CertificateLifetimeMonitor] ERROR utils.CertificateSignRequest (CertificateSignRequest.java:lambda$addInetAddresses$0(296)) - Invalid domain fv-az83-744
2023-06-07 12:09:01,697 [om-CertificateLifetimeMonitor] INFO  ha.OMHANodeDetails (OMHANodeDetails.java:loadOMHAConfig(115)) - ozone.om.internal.service.id is not defined, falling back to ozone.om.service.ids to find serviceID for OzoneManager if it is HA enabled cluster
2023-06-07 12:09:01,697 [om-CertificateLifetimeMonitor] INFO  ha.OMHANodeDetails (OMHANodeDetails.java:loadOMHAConfig(226)) - Configuration does not have ozone.om.address set. Falling back to the default OM address fv-az83-744/10.1.0.7:1202
2023-06-07 12:09:01,697 [om-CertificateLifetimeMonitor] INFO  ha.OMHANodeDetails (OMHANodeDetails.java:getOMNodeDetailsForNonHA(254)) - OM Service ID is not set. Setting it to the default ID: omServiceIdDefault
2023-06-07 12:09:01,697 [om-CertificateLifetimeMonitor] INFO  ha.OMHANodeDetails (OMHANodeDetails.java:getOMNodeDetailsForNonHA(261)) - OM Node ID is not set. Setting it to the default ID: om1
2023-06-07 12:09:01,697 [om-CertificateLifetimeMonitor] INFO  security.OMCertificateClient (OMCertificateClient.java:getCSRBuilder(117)) - Creating csr for OM->dns:fv-az83-744,ip:10.1.0.7,scmId:245901b4-4994-42d3-bb4d-369e5204e55b,clusterId:06ffaf63-a20a-4c25-bb15-55be087ad1c6,subject:fv-az83-744
2023-06-07 12:09:01,727 [om-CertificateLifetimeMonitor] INFO  security.OMCertificateClient (DefaultCertificateClient.java:renewAndStoreKeyAndCertificate(1070)) - Successful renew key and certificate. New certificate 3992622.
2023-06-07 12:09:01,727 [om-CertificateLifetimeMonitor] INFO  security.OMCertificateClient (DefaultCertificateClient.java:loadAllCertificates(151)) - Loading certificate from location:/tmp/junit6341967468805167692/junit5890333678607152091/om-meta/om/certs.
2023-06-07 12:09:01,728 [om-CertificateLifetimeMonitor] INFO  security.OMCertificateClient (DefaultCertificateClient.java:loadAllCertificates(195)) - Added certificate   [0]         Version: 3
         SerialNumber: 3992622
             IssuerDN: CN=localhost,OU=test,O=cluster
           Start Date: Wed Jun 07 12:09:02 UTC 2023
           Final Date: Wed Jun 07 12:09:22 UTC 2023
            SubjectDN: CN=localhost,OU=test,O=cluster
           Public Key: RSA Public Key [6d:c4:25:ec:f8:ad:b0:0f:3b:1a:29:12:4b:87:2a:c7:6a:1d:27:d1],[56:66:d1:a4]
        modulus: 89f6a2b9a0b45bbefe9f547dd43d2f7099abbf0c2482b83661fd310d8be10e341f7c433de8f409bb6ab58412670fb5e91544579f11f5cdde4a515f9eec81f243ae0b292cfa78b763cb9001b956d9f074715cafba29665fb206f135b9ac7b0d225069d187eca1893067c5994eef9a9fa0ba0bb3a42eb24e869db2a7d14df5fe65
public exponent: 10001

  Signature Algorithm: SHA256WITHRSA
            Signature: 5169c275ba605e331bcb240b3ea65b28d56b86a1
                       adaa0099f09b87215d2f83711babf20df66712a0
                       66f22f9a4c20cad1f1383c17fe4d3cd5ee4da382
                       1957efbcaf2942af7153ff97258e866661ef143c
                       391f1a5524cbba92ef66d1cc62a405431c9eda68
                       797c956d2f21686b31e5a5e0e551a8ba383eca2f
                       f78e038389a6110a
 from file:/tmp/junit6341967468805167692/junit5890333678607152091/om-meta/om/certs/CA-3992622.crt.
2023-06-07 12:09:01,729 [om-CertificateLifetimeMonitor] INFO  security.OMCertificateClient (DefaultCertificateClient.java:loadAllCertificates(195)) - Added certificate   [0]         Version: 3
         SerialNumber: 3992622
             IssuerDN: CN=localhost,OU=test,O=cluster
           Start Date: Wed Jun 07 12:09:02 UTC 2023
           Final Date: Wed Jun 07 12:09:22 UTC 2023
            SubjectDN: CN=localhost,OU=test,O=cluster
           Public Key: RSA Public Key [6d:c4:25:ec:f8:ad:b0:0f:3b:1a:29:12:4b:87:2a:c7:6a:1d:27:d1],[56:66:d1:a4]
        modulus: 89f6a2b9a0b45bbefe9f547dd43d2f7099abbf0c2482b83661fd310d8be10e341f7c433de8f409bb6ab58412670fb5e91544579f11f5cdde4a515f9eec81f243ae0b292cfa78b763cb9001b956d9f074715cafba29665fb206f135b9ac7b0d225069d187eca1893067c5994eef9a9fa0ba0bb3a42eb24e869db2a7d14df5fe65
public exponent: 10001

  Signature Algorithm: SHA256WITHRSA
            Signature: 5169c275ba605e331bcb240b3ea65b28d56b86a1
                       adaa0099f09b87215d2f83711babf20df66712a0
                       66f22f9a4c20cad1f1383c17fe4d3cd5ee4da382
                       1957efbcaf2942af7153ff97258e866661ef143c
                       391f1a5524cbba92ef66d1cc62a405431c9eda68
                       797c956d2f21686b31e5a5e0e551a8ba383eca2f
                       f78e038389a6110a
 from file:/tmp/junit6341967468805167692/junit5890333678607152091/om-meta/om/certs/3992622.crt.
2023-06-07 12:09:01,729 [om-CertificateLifetimeMonitor] INFO  security.OMCertificateClient (DefaultCertificateClient.java:reloadKeyAndCertificate(1141)) - Reset and reload key and all certificates.
2023-06-07 12:09:02,724 [Time-limited test] INFO  utils.SelfSignedCertificate (SelfSignedCertificate.java:generateCertificate(158)) - Certificate 4003300 is issued by CN=localhost,OU=test,O=cluster to CN=localhost,OU=test,O=cluster, valid from Wed Jun 07 12:09:02 UTC 2023 to Wed Jun 07 12:09:22 UTC 2023
2023-06-07 12:09:14,333 [om-CertificateLifetimeMonitor] INFO  security.OMCertificateClient (DefaultCertificateClient.java:run(1238)) - Current certificate has entered the expiry grace period PT0S. Starting renew key and certs.
2023-06-07 12:09:14,681 [om-CertificateLifetimeMonitor] INFO  ozone.OzoneSecurityUtil (OzoneSecurityUtil.java:getValidInetsForCurrentHost(118)) - ip:fe80:0:0:0:20d:3aff:fe5e:ae76%eth0 not returned.
2023-06-07 12:09:14,681 [om-CertificateLifetimeMonitor] INFO  ozone.OzoneSecurityUtil (OzoneSecurityUtil.java:getValidInetsForCurrentHost(115)) - Adding ip:10.1.0.7,host:fv-az83-744
2023-06-07 12:09:14,681 [om-CertificateLifetimeMonitor] INFO  ozone.OzoneSecurityUtil (OzoneSecurityUtil.java:getValidInetsForCurrentHost(118)) - ip:0:0:0:0:0:0:0:1%lo not returned.
2023-06-07 12:09:14,681 [om-CertificateLifetimeMonitor] INFO  ozone.OzoneSecurityUtil (OzoneSecurityUtil.java:getValidInetsForCurrentHost(118)) - ip:127.0.0.1 not returned.
2023-06-07 12:09:14,681 [om-CertificateLifetimeMonitor] ERROR utils.CertificateSignRequest (CertificateSignRequest.java:lambda$addInetAddresses$0(296)) - Invalid domain fv-az83-744
2023-06-07 12:09:14,682 [om-CertificateLifetimeMonitor] INFO  ha.OMHANodeDetails (OMHANodeDetails.java:loadOMHAConfig(115)) - ozone.om.internal.service.id is not defined, falling back to ozone.om.service.ids to find serviceID for OzoneManager if it is HA enabled cluster
2023-06-07 12:09:14,682 [om-CertificateLifetimeMonitor] INFO  ha.OMHANodeDetails (OMHANodeDetails.java:loadOMHAConfig(226)) - Configuration does not have ozone.om.address set. Falling back to the default OM address fv-az83-744/10.1.0.7:1202
2023-06-07 12:09:14,682 [om-CertificateLifetimeMonitor] INFO  ha.OMHANodeDetails (OMHANodeDetails.java:getOMNodeDetailsForNonHA(254)) - OM Service ID is not set. Setting it to the default ID: omServiceIdDefault
2023-06-07 12:09:14,682 [om-CertificateLifetimeMonitor] INFO  ha.OMHANodeDetails (OMHANodeDetails.java:getOMNodeDetailsForNonHA(261)) - OM Node ID is not set. Setting it to the default ID: om1
2023-06-07 12:09:14,683 [om-CertificateLifetimeMonitor] INFO  security.OMCertificateClient (OMCertificateClient.java:getCSRBuilder(117)) - Creating csr for OM->dns:fv-az83-744,ip:10.1.0.7,scmId:245901b4-4994-42d3-bb4d-369e5204e55b,clusterId:06ffaf63-a20a-4c25-bb15-55be087ad1c6,subject:fv-az83-744
2023-06-07 12:09:14,686 [om-CertificateLifetimeMonitor] INFO  security.OMCertificateClient (DefaultCertificateClient.java:renewAndStoreKeyAndCertificate(1070)) - Successful renew key and certificate. New certificate 4003300.
2023-06-07 12:09:14,686 [om-CertificateLifetimeMonitor] INFO  security.OMCertificateClient (DefaultCertificateClient.java:loadAllCertificates(151)) - Loading certificate from location:/tmp/junit6341967468805167692/junit5890333678607152091/om-meta/om/certs.
2023-06-07 12:09:14,688 [om-CertificateLifetimeMonitor] INFO  security.OMCertificateClient (DefaultCertificateClient.java:loadAllCertificates(195)) - Added certificate   [0]         Version: 3
         SerialNumber: 4003300
             IssuerDN: CN=localhost,OU=test,O=cluster
           Start Date: Wed Jun 07 12:09:02 UTC 2023
           Final Date: Wed Jun 07 12:09:22 UTC 2023
            SubjectDN: CN=localhost,OU=test,O=cluster
           Public Key: RSA Public Key [19:ee:3b:ce:26:12:2a:34:96:e3:51:9b:7e:07:45:93:5e:4f:56:c4],[56:66:d1:a4]
        modulus: 8f9aed57abcdcc5c088bb2e2826d0f53d5d5e1fed495d338e5e9b72a69e4b5b894cb2e5bf8e92012da611e896e0a6f6611b427511c2a18a1681097375a126d28ad42cb880e277b810ae999e2bd0642c025b4fa40126be05b952c3f360f121cc7b57b90da545edab74479d7b1dc450727f2de440ec8ed85f5e0df7e4fbaca2875
public exponent: 10001

  Signature Algorithm: SHA256WITHRSA
            Signature: 7c7a5ced13633ad9eebfde60d73b64bfcad3ff7b
                       33712c50141c20cbf7b789665479e6fb57cbf5da
                       302069d0c93e2f3f0ba0343b70bf0ff27a3ceccf
                       6761d21db064da24cec8b56c1faeeeaa242c9733
                       98102e83866e8f6f62f1b75d76084c977d7f03eb
                       28a50c3308f66d198a235c36f594858a3111d674
                       49eec2604f38e562
 from file:/tmp/junit6341967468805167692/junit5890333678607152091/om-meta/om/certs/4003300.crt.
2023-06-07 12:09:14,688 [om-CertificateLifetimeMonitor] INFO  security.OMCertificateClient (DefaultCertificateClient.java:loadAllCertificates(195)) - Added certificate   [0]         Version: 3
         SerialNumber: 4003300
             IssuerDN: CN=localhost,OU=test,O=cluster
           Start Date: Wed Jun 07 12:09:02 UTC 2023
           Final Date: Wed Jun 07 12:09:22 UTC 2023
            SubjectDN: CN=localhost,OU=test,O=cluster
           Public Key: RSA Public Key [19:ee:3b:ce:26:12:2a:34:96:e3:51:9b:7e:07:45:93:5e:4f:56:c4],[56:66:d1:a4]
        modulus: 8f9aed57abcdcc5c088bb2e2826d0f53d5d5e1fed495d338e5e9b72a69e4b5b894cb2e5bf8e92012da611e896e0a6f6611b427511c2a18a1681097375a126d28ad42cb880e277b810ae999e2bd0642c025b4fa40126be05b952c3f360f121cc7b57b90da545edab74479d7b1dc450727f2de440ec8ed85f5e0df7e4fbaca2875
public exponent: 10001

  Signature Algorithm: SHA256WITHRSA
            Signature: 7c7a5ced13633ad9eebfde60d73b64bfcad3ff7b
                       33712c50141c20cbf7b789665479e6fb57cbf5da
                       302069d0c93e2f3f0ba0343b70bf0ff27a3ceccf
                       6761d21db064da24cec8b56c1faeeeaa242c9733
                       98102e83866e8f6f62f1b75d76084c977d7f03eb
                       28a50c3308f66d198a235c36f594858a3111d674
                       49eec2604f38e562
 from file:/tmp/junit6341967468805167692/junit5890333678607152091/om-meta/om/certs/CA-4003300.crt.
2023-06-07 12:09:14,689 [om-CertificateLifetimeMonitor] INFO  security.OMCertificateClient (DefaultCertificateClient.java:reloadKeyAndCertificate(1141)) - Reset and reload key and all certificates.
2023-06-07 12:09:14,731 [Time-limited test] INFO  impl.DefaultInternalKdcServerImpl (DefaultInternalKdcServerImpl.java:doStop(102)) - Default Internal kdc server stopped.
2023-06-07 12:09:15,732 [Time-limited test] INFO  minikdc.MiniKdc (MiniKdc.java:stop(359)) - MiniKdc stopped.
2023-06-07 12:09:15,732 [Time-limited test] INFO  om.OzoneManager (OzoneManager.java:stop(2166)) - om1[fv-az83-744:1202]: Stopping Ozone Manager
2023-06-07 12:09:15,732 [Time-limited test] INFO  ipc.Server (Server.java:stop(3501)) - Stopping server on 1202
2023-06-07 12:09:15,733 [Time-limited test] INFO  ratis.OzoneManagerStateMachine (OzoneManagerStateMachine.java:close(533)) - StateMachine has shutdown. Shutdown OzoneManager if not already shutdown.
2023-06-07 12:09:15,733 [Time-limited test] INFO  ratis.OzoneManagerDoubleBuffer (OzoneManagerDoubleBuffer.java:stopDaemon(559)) - Stopping OMDoubleBuffer flush thread
2023-06-07 12:09:15,733 [OMDoubleBufferFlushThread] INFO  ratis.OzoneManagerDoubleBuffer (OzoneManagerDoubleBuffer.java:canFlush(648)) - OMDoubleBuffer flush thread OMDoubleBufferFlushThread is interrupted and will exit.
2023-06-07 12:09:15,733 [Time-limited test] INFO  om.OzoneManager (OzoneManager.java:stopSecretManager(1058)) - Stopping OM delegation token secret manager.
2023-06-07 12:09:15,735 [Time-limited test] INFO  snapshot.SnapshotDiffManager (SnapshotDiffManager.java:closeExecutorService(1278)) - Shutting down executorService: 'SnapDiffExecutor'
2023-06-07 12:09:15,736 [Time-limited test] INFO  utils.BackgroundService (BackgroundService.java:shutdown(141)) - Shutting down service SnapshotDiffCleanupService
]]></system-out>
  </testcase>
  <testcase name="testSecureOmInitSuccess" classname="org.apache.hadoop.ozone.TestSecureOzoneCluster" time="5.163">
    <system-out><![CDATA[2023-06-07 12:09:15,779 [Time-limited test] INFO  net.ServerSocketUtil (ServerSocketUtil.java:getPort(55)) - Using port 9860
2023-06-07 12:09:15,780 [Time-limited test] INFO  net.ServerSocketUtil (ServerSocketUtil.java:getPort(55)) - Using port 9861
2023-06-07 12:09:15,780 [Time-limited test] INFO  net.ServerSocketUtil (ServerSocketUtil.java:getPort(55)) - Using port 9863
2023-06-07 12:09:15,780 [Time-limited test] INFO  net.ServerSocketUtil (ServerSocketUtil.java:getPort(55)) - Using port 9961
2023-06-07 12:09:15,780 [Time-limited test] INFO  net.ServerSocketUtil (ServerSocketUtil.java:getPort(55)) - Using port 1200
2023-06-07 12:09:15,780 [Time-limited test] INFO  net.ServerSocketUtil (ServerSocketUtil.java:getPort(55)) - Using port 1201
2023-06-07 12:09:15,781 [Time-limited test] INFO  minikdc.MiniKdc (MiniKdc.java:<init>(225)) - Configuration:
2023-06-07 12:09:15,781 [Time-limited test] INFO  minikdc.MiniKdc (MiniKdc.java:<init>(226)) - ---------------------------------------------------------------
2023-06-07 12:09:15,781 [Time-limited test] INFO  minikdc.MiniKdc (MiniKdc.java:<init>(228)) -   debug: false
2023-06-07 12:09:15,781 [Time-limited test] INFO  minikdc.MiniKdc (MiniKdc.java:<init>(228)) -   transport: TCP
2023-06-07 12:09:15,781 [Time-limited test] INFO  minikdc.MiniKdc (MiniKdc.java:<init>(228)) -   max.ticket.lifetime: 86400000
2023-06-07 12:09:15,781 [Time-limited test] INFO  minikdc.MiniKdc (MiniKdc.java:<init>(228)) -   org.name: EXAMPLE
2023-06-07 12:09:15,781 [Time-limited test] INFO  minikdc.MiniKdc (MiniKdc.java:<init>(228)) -   kdc.port: 0
2023-06-07 12:09:15,781 [Time-limited test] INFO  minikdc.MiniKdc (MiniKdc.java:<init>(228)) -   org.domain: COM
2023-06-07 12:09:15,781 [Time-limited test] INFO  minikdc.MiniKdc (MiniKdc.java:<init>(228)) -   max.renewable.lifetime: 604800000
2023-06-07 12:09:15,781 [Time-limited test] INFO  minikdc.MiniKdc (MiniKdc.java:<init>(228)) -   instance: DefaultKrbServer
2023-06-07 12:09:15,781 [Time-limited test] INFO  minikdc.MiniKdc (MiniKdc.java:<init>(228)) -   kdc.bind.address: localhost
2023-06-07 12:09:15,781 [Time-limited test] INFO  minikdc.MiniKdc (MiniKdc.java:<init>(230)) - ---------------------------------------------------------------
2023-06-07 12:09:15,787 [Time-limited test] INFO  minikdc.MiniKdc (MiniKdc.java:start(285)) - MiniKdc started.
2023-06-07 12:09:16,030 [Time-limited test] WARN  server.ServerUtils (ServerUtils.java:getScmDbDir(155)) - ozone.scm.db.dirs is not configured. We recommend adding this setting. Falling back to ozone.metadata.dirs instead.
2023-06-07 12:09:16,030 [Time-limited test] INFO  ha.HASecurityUtils (HASecurityUtils.java:initializeSecurity(93)) - Initializing secure StorageContainerManager.
2023-06-07 12:09:16,031 [Time-limited test] INFO  client.SCMCertificateClient (DefaultCertificateClient.java:init(650)) - Certificate client init case: 0
2023-06-07 12:09:16,032 [Time-limited test] INFO  client.SCMCertificateClient (SCMCertificateClient.java:handleCase(68)) - Creating keypair for client as keypair and certificate not found.
2023-06-07 12:09:16,441 [Time-limited test] INFO  ha.HASecurityUtils (HASecurityUtils.java:initializeSecurity(99)) - Init response: GETCERT
2023-06-07 12:09:16,684 [Time-limited test] INFO  ozone.OzoneSecurityUtil (OzoneSecurityUtil.java:getValidInetsForCurrentHost(118)) - ip:fe80:0:0:0:20d:3aff:fe5e:ae76%eth0 not returned.
2023-06-07 12:09:16,684 [Time-limited test] INFO  ozone.OzoneSecurityUtil (OzoneSecurityUtil.java:getValidInetsForCurrentHost(115)) - Adding ip:10.1.0.7,host:fv-az83-744
2023-06-07 12:09:16,684 [Time-limited test] INFO  ozone.OzoneSecurityUtil (OzoneSecurityUtil.java:getValidInetsForCurrentHost(118)) - ip:0:0:0:0:0:0:0:1%lo not returned.
2023-06-07 12:09:16,684 [Time-limited test] INFO  ozone.OzoneSecurityUtil (OzoneSecurityUtil.java:getValidInetsForCurrentHost(118)) - ip:127.0.0.1 not returned.
2023-06-07 12:09:16,685 [Time-limited test] ERROR utils.SelfSignedCertificate (SelfSignedCertificate.java:lambda$addInetAddresses$0(245)) - Invalid domain fv-az83-744
2023-06-07 12:09:16,692 [Time-limited test] INFO  utils.SelfSignedCertificate (SelfSignedCertificate.java:generateCertificate(158)) - Certificate 1 is issued by CN=scm@fv-az83-744,OU=77ccfaa0-8648-4621-a312-562820909334,O=99bc7f9c-6d20-4322-89f9-3fba88f631ea to CN=scm@fv-az83-744,OU=77ccfaa0-8648-4621-a312-562820909334,O=99bc7f9c-6d20-4322-89f9-3fba88f631ea, valid from Wed Jun 07 12:09:16 UTC 2023 to Sat Jul 15 12:09:16 UTC 2028
2023-06-07 12:09:16,694 [Time-limited test] INFO  ozone.OzoneSecurityUtil (OzoneSecurityUtil.java:getValidInetsForCurrentHost(118)) - ip:fe80:0:0:0:20d:3aff:fe5e:ae76%eth0 not returned.
2023-06-07 12:09:16,694 [Time-limited test] INFO  ozone.OzoneSecurityUtil (OzoneSecurityUtil.java:getValidInetsForCurrentHost(115)) - Adding ip:10.1.0.7,host:fv-az83-744
2023-06-07 12:09:16,694 [Time-limited test] INFO  ozone.OzoneSecurityUtil (OzoneSecurityUtil.java:getValidInetsForCurrentHost(118)) - ip:0:0:0:0:0:0:0:1%lo not returned.
2023-06-07 12:09:16,694 [Time-limited test] INFO  ozone.OzoneSecurityUtil (OzoneSecurityUtil.java:getValidInetsForCurrentHost(118)) - ip:127.0.0.1 not returned.
2023-06-07 12:09:16,694 [Time-limited test] ERROR utils.CertificateSignRequest (CertificateSignRequest.java:lambda$addInetAddresses$0(296)) - Invalid domain fv-az83-744
2023-06-07 12:09:16,694 [Time-limited test] INFO  ha.HASecurityUtils (HASecurityUtils.java:generateCSR(280)) - Creating csr for SCM->hostName:fv-az83-744,scmId:77ccfaa0-8648-4621-a312-562820909334,clusterId:99bc7f9c-6d20-4322-89f9-3fba88f631ea,subject:scm-sub@fv-az83-744
2023-06-07 12:09:16,705 [Time-limited test] INFO  ha.HASecurityUtils (HASecurityUtils.java:initializeSecurity(112)) - Successfully stored SCM signed certificate.
2023-06-07 12:09:16,712 [Time-limited test] WARN  server.ServerUtils (ServerUtils.java:getScmDbDir(155)) - ozone.scm.db.dirs is not configured. We recommend adding this setting. Falling back to ozone.metadata.dirs instead.
2023-06-07 12:09:16,712 [Time-limited test] INFO  ha.SCMHANodeDetails (SCMHANodeDetails.java:loadSCMHAConfig(209)) - ServiceID for StorageContainerManager is null
2023-06-07 12:09:16,713 [Time-limited test] INFO  ha.SCMHANodeDetails (SCMHANodeDetails.java:loadSCMHAConfig(214)) - ozone.scm.default.service.id is not defined, falling back to ozone.scm.service.ids to find serviceID for StorageContainerManager if it is HA enabled cluster
2023-06-07 12:09:16,714 [Time-limited test] INFO  client.SCMCertificateClient (DefaultCertificateClient.java:loadAllCertificates(151)) - Loading certificate from location:/tmp/junit10298548849317499/junit1205498027648408106/scm-meta/scm/sub-ca/certs.
2023-06-07 12:09:16,715 [Time-limited test] INFO  client.SCMCertificateClient (DefaultCertificateClient.java:loadAllCertificates(195)) - Added certificate   [0]         Version: 3
         SerialNumber: 4017275787588
             IssuerDN: CN=scm@fv-az83-744,OU=77ccfaa0-8648-4621-a312-562820909334,O=99bc7f9c-6d20-4322-89f9-3fba88f631ea
           Start Date: Wed Jun 07 12:09:16 UTC 2023
           Final Date: Sat Jul 15 12:09:16 UTC 2028
            SubjectDN: CN=scm-sub@fv-az83-744,OU=77ccfaa0-8648-4621-a312-562820909334,O=99bc7f9c-6d20-4322-89f9-3fba88f631ea
           Public Key: RSA Public Key [a7:23:e1:06:68:65:4c:c7:a2:f2:af:8b:32:34:b2:34:f9:0d:3f:db],[56:66:d1:a4]
        modulus: a4e77737d8d4cb397ad9fb53f543d9d3194d4907b1c044c67db9bc5e4e3c56a9016ba220358cc7721b90b25d1a1ec430c22168d5191bab37e9bffe489d1279469216cbbf9174f049c3a8770d35ff50fb0e83f22cac65012afe1cf2b69ef1bac24afa291d28252f3f19bfe087b33deece42bc8d7b40526994c57286e4fe00b9a512096f0e65af10cb22285ce8f4d32daf896f1be07e492431db8b1687b3b77126778364f9910deabc021e7a06e4bc4887abb7791fa243cd832b1c74ee59fe8f35c49b61f9fdb681acb9705c6d3d9d1f18b880ea104f87581506c9a6afaf04a1eccbcb43b92d90aff16525bbfb0c0cc9ec109d844448aeea0bf65e9ebe8523ada7
public exponent: 10001

  Signature Algorithm: SHA256WITHRSA
            Signature: 101c833b9669b83d4ba83456d8787b971468f9c0
                       73c9bbe1a6482224b1bd112d56353edcb5ba54a0
                       2910be304fb3520600e6d82dc6411bcfc5d6898c
                       b83a93492d3f5c1d66b534bd3e29ca8709cf8890
                       4c3b4023cfa21802da2ca8670d3835ce884522a4
                       b024b574704cabb4a617e2cd2a8241d31ed1919c
                       97d049b18bfc21b03c832fb5263dd28ec6978bbc
                       48070dbcac6d2c64575a54cdb7f7ecaa1791b406
                       e9c7ed316aed844b2a3cec7b468597675ad54f0e
                       4e196c19e9bb8880b16b3a0b911f707690be51ab
                       d5bb06619e476b39701bd4573a91b45e20077554
                       3392bcba0a5588423fbe2663fed8c263a85f4b93
                       8eba7daa54f74c5e7442987c7547ff7f
       Extensions: 
                       critical(false) 2.5.29.17 value = Sequence
    Tagged [7] IMPLICIT 
        DER Octet String[4] 

                       critical(true) BasicConstraints: isCa(true)
                       critical(true) KeyUsage: 0xbe
 from file:/tmp/junit10298548849317499/junit1205498027648408106/scm-meta/scm/sub-ca/certs/certificate.crt.
2023-06-07 12:09:16,717 [Time-limited test] INFO  client.SCMCertificateClient (DefaultCertificateClient.java:loadAllCertificates(195)) - Added certificate   [0]         Version: 3
         SerialNumber: 4017275787588
             IssuerDN: CN=scm@fv-az83-744,OU=77ccfaa0-8648-4621-a312-562820909334,O=99bc7f9c-6d20-4322-89f9-3fba88f631ea
           Start Date: Wed Jun 07 12:09:16 UTC 2023
           Final Date: Sat Jul 15 12:09:16 UTC 2028
            SubjectDN: CN=scm-sub@fv-az83-744,OU=77ccfaa0-8648-4621-a312-562820909334,O=99bc7f9c-6d20-4322-89f9-3fba88f631ea
           Public Key: RSA Public Key [a7:23:e1:06:68:65:4c:c7:a2:f2:af:8b:32:34:b2:34:f9:0d:3f:db],[56:66:d1:a4]
        modulus: a4e77737d8d4cb397ad9fb53f543d9d3194d4907b1c044c67db9bc5e4e3c56a9016ba220358cc7721b90b25d1a1ec430c22168d5191bab37e9bffe489d1279469216cbbf9174f049c3a8770d35ff50fb0e83f22cac65012afe1cf2b69ef1bac24afa291d28252f3f19bfe087b33deece42bc8d7b40526994c57286e4fe00b9a512096f0e65af10cb22285ce8f4d32daf896f1be07e492431db8b1687b3b77126778364f9910deabc021e7a06e4bc4887abb7791fa243cd832b1c74ee59fe8f35c49b61f9fdb681acb9705c6d3d9d1f18b880ea104f87581506c9a6afaf04a1eccbcb43b92d90aff16525bbfb0c0cc9ec109d844448aeea0bf65e9ebe8523ada7
public exponent: 10001

  Signature Algorithm: SHA256WITHRSA
            Signature: 101c833b9669b83d4ba83456d8787b971468f9c0
                       73c9bbe1a6482224b1bd112d56353edcb5ba54a0
                       2910be304fb3520600e6d82dc6411bcfc5d6898c
                       b83a93492d3f5c1d66b534bd3e29ca8709cf8890
                       4c3b4023cfa21802da2ca8670d3835ce884522a4
                       b024b574704cabb4a617e2cd2a8241d31ed1919c
                       97d049b18bfc21b03c832fb5263dd28ec6978bbc
                       48070dbcac6d2c64575a54cdb7f7ecaa1791b406
                       e9c7ed316aed844b2a3cec7b468597675ad54f0e
                       4e196c19e9bb8880b16b3a0b911f707690be51ab
                       d5bb06619e476b39701bd4573a91b45e20077554
                       3392bcba0a5588423fbe2663fed8c263a85f4b93
                       8eba7daa54f74c5e7442987c7547ff7f
       Extensions: 
                       critical(false) 2.5.29.17 value = Sequence
    Tagged [7] IMPLICIT 
        DER Octet String[4] 

                       critical(true) BasicConstraints: isCa(true)
                       critical(true) KeyUsage: 0xbe
 from file:/tmp/junit10298548849317499/junit1205498027648408106/scm-meta/scm/sub-ca/certs/4017275787588.crt.
2023-06-07 12:09:16,718 [Time-limited test] INFO  client.SCMCertificateClient (DefaultCertificateClient.java:loadAllCertificates(195)) - Added certificate   [0]         Version: 3
         SerialNumber: 1
             IssuerDN: CN=scm@fv-az83-744,OU=77ccfaa0-8648-4621-a312-562820909334,O=99bc7f9c-6d20-4322-89f9-3fba88f631ea
           Start Date: Wed Jun 07 12:09:16 UTC 2023
           Final Date: Sat Jul 15 12:09:16 UTC 2028
            SubjectDN: CN=scm@fv-az83-744,OU=77ccfaa0-8648-4621-a312-562820909334,O=99bc7f9c-6d20-4322-89f9-3fba88f631ea
           Public Key: RSA Public Key [58:bf:a1:99:d9:38:7d:12:55:72:9d:b6:a4:a5:af:2b:ab:ec:b6:27],[56:66:d1:a4]
        modulus: 8eb1303dc281db3f8c1bf874e690cc90339289f833bd80214cf7404f73242f9507ded4c3f918268de812579014fa9b9678ed63c2d28daa429f3040aface511cec3bf09e612a04a4d6c68b41ea4ac344340b323d9157efd7dd22e2a5f312e6fa0bf56aba5d11df5f943a57a49ca84a436c02130fb3c0b800d477cf0a8658973aeb1e028465b8e058d25b244570bf68b12c2f59cf0f068872df551fd190f6c85ef225af52ca9cef54cbf289369cbe10ccbb27d57d6ea9c6002b297661c87828eb60147800542c1bfe185a0d1b69d49d699dd3728f78e1ed98acada0628f116d68182ad062523d42969e806b36e77a27ac465c7d6d4ab4d8d40244dafbc24c02d2b
public exponent: 10001

  Signature Algorithm: SHA256WITHRSA
            Signature: 376844f723e723b996004726e018ee1c49f01b37
                       67666044505dc7e46230a841a9692144b6343e50
                       59267b7f2872c0def19da1e5ad44a0ab41f74b32
                       cf3bcafec0c472bcb31d2c97b4b85c6c8eeb983f
                       4612cc011e3ba373a571092186b524a1d27c8bbb
                       96e0b4d9406f7bf7666c024035564ee53b92e5bf
                       18a12eccd4ee336fd80380c337806bac8490e0ec
                       b2f98dd0102cde7034f35fe8e5f10f59b636d508
                       80f14370df9f68c03576113c0ceaa636261f1c2f
                       af310211b3a23e9bd566de2fd553bfb91c54e378
                       362d344044ce0c4f7ce3a8f3223c24ff90c0ad9e
                       9b45bc6db87b31366c8e18f89ad8071e14e84ec7
                       f7049c8b6cb80c5151f12abdc91988d4
       Extensions: 
                       critical(true) BasicConstraints: isCa(true)
                       critical(true) KeyUsage: 0x6
                       critical(false) 2.5.29.17 value = Sequence
    Tagged [7] IMPLICIT 
        DER Octet String[4] 

 from file:/tmp/junit10298548849317499/junit1205498027648408106/scm-meta/scm/sub-ca/certs/CA-1.crt.
2023-06-07 12:09:16,723 [Time-limited test] INFO  client.SCMCertificateClient (DefaultCertificateClient.java:startCertificateMonitor(1208)) - CertificateLifetimeMonitor for scm/sub-ca is started with first delay 161135989281 ms and interval 3333 ms.
2023-06-07 12:09:16,728 [pool-302-thread-1] INFO  request.KdcRequest (KdcRequest.java:preauth(651)) - The preauth data is empty.
2023-06-07 12:09:16,729 [pool-302-thread-1] INFO  server.KdcHandler (KdcHandler.java:handleRecoverableException(177)) - KRB error occurred while processing request:Additional pre-authentication required
2023-06-07 12:09:16,738 [pool-302-thread-2] INFO  request.AsRequest (AsRequest.java:issueTicket(112)) - AS_REQ ISSUE: authtime 1686139756737,scm/fv-az83-744@EXAMPLE.COM for krbtgt/EXAMPLE.COM@EXAMPLE.COM
2023-06-07 12:09:16,740 [Time-limited test] INFO  security.UserGroupInformation (UserGroupInformation.java:loginUserFromKeytab(1132)) - Login successful for user scm/fv-az83-744@EXAMPLE.COM using keytab file scm.keytab. Keytab auto renewal enabled : false
2023-06-07 12:09:16,740 [Time-limited test] INFO  server.StorageContainerManager (StorageContainerManager.java:loginAsSCMUserIfSecurityEnabled(1025)) - SCM login successful.
2023-06-07 12:09:16,740 [Time-limited test] WARN  utils.HAUtils (HAUtils.java:getMetaDir(352)) - ozone.scm.db.dirs is not configured. We recommend adding this setting. Falling back to ozone.metadata.dirs instead.
2023-06-07 12:09:16,740 [Time-limited test] WARN  db.DBStoreBuilder (DBStoreBuilder.java:applyDBDefinition(165)) - ozone.scm.db.dirs is not configured. We recommend adding this setting. Falling back to ozone.metadata.dirs instead.
2023-06-07 12:09:16,845 [Time-limited test] INFO  net.NodeSchemaLoader (NodeSchemaLoader.java:loadSchemaFromFile(129)) - Loading schema from [jar:file:/home/runner/.m2/repository/org/apache/ozone/hdds-common/1.4.0-SNAPSHOT/hdds-common-1.4.0-SNAPSHOT.jar!/network-topology-default.xml]
2023-06-07 12:09:16,845 [Time-limited test] INFO  net.NodeSchemaLoader (NodeSchemaLoader.java:loadSchema(176)) - Loading network topology layer schema file
2023-06-07 12:09:16,848 [Time-limited test] INFO  upgrade.AbstractLayoutVersionManager (AbstractLayoutVersionManager.java:init(83)) - Initializing Layout version manager with metadata layout = HADOOP_PRC_PORTS_IN_DATANODEDETAILS (version = 7), software layout = HADOOP_PRC_PORTS_IN_DATANODEDETAILS (version = 7)
2023-06-07 12:09:16,859 [Time-limited test] INFO  ha.SequenceIdGenerator (SequenceIdGenerator.java:upgradeToSequenceId(349)) - upgrade localId to 111677748019200000
2023-06-07 12:09:16,861 [Time-limited test] INFO  ha.SequenceIdGenerator (SequenceIdGenerator.java:upgradeToSequenceId(359)) - upgrade delTxnId to 0
2023-06-07 12:09:16,862 [Time-limited test] INFO  ha.SequenceIdGenerator (SequenceIdGenerator.java:upgradeToSequenceId(376)) - upgrade containerId to 0
2023-06-07 12:09:16,862 [Time-limited test] INFO  ha.SequenceIdGenerator (SequenceIdGenerator.java:<init>(220)) - Init the HA SequenceIdGenerator.
2023-06-07 12:09:16,863 [Time-limited test] INFO  node.SCMNodeManager (SCMNodeManager.java:<init>(159)) - Entering startup safe mode.
2023-06-07 12:09:16,869 [Time-limited test] INFO  algorithms.ContainerPlacementPolicyFactory (ContainerPlacementPolicyFactory.java:getPolicyInternal(86)) - Create container placement policy of type org.apache.hadoop.hdds.scm.container.placement.algorithms.SCMContainerPlacementRackAware
2023-06-07 12:09:16,869 [Time-limited test] INFO  algorithms.ContainerPlacementPolicyFactory (ContainerPlacementPolicyFactory.java:getPolicyInternal(86)) - Create container placement policy of type org.apache.hadoop.hdds.scm.container.placement.algorithms.SCMContainerPlacementRackScatter
2023-06-07 12:09:16,869 [Time-limited test] INFO  pipeline.PipelineStateManagerImpl (PipelineStateManagerImpl.java:initialize(78)) - No pipeline exists in current db
2023-06-07 12:09:16,871 [Time-limited test] INFO  algorithms.LeaderChoosePolicyFactory (LeaderChoosePolicyFactory.java:getPolicy(57)) - Create leader choose policy of type org.apache.hadoop.hdds.scm.pipeline.leader.choose.algorithms.MinLeaderCountChoosePolicy
2023-06-07 12:09:16,876 [Time-limited test] INFO  algorithms.ContainerPlacementPolicyFactory (ContainerPlacementPolicyFactory.java:getPolicyInternal(86)) - Create container placement policy of type org.apache.hadoop.hdds.scm.container.placement.algorithms.SCMContainerPlacementRackScatter
2023-06-07 12:09:16,880 [Time-limited test] INFO  ha.SCMServiceManager (SCMServiceManager.java:register(42)) - Registering service BackgroundPipelineCreator.
2023-06-07 12:09:16,881 [Time-limited test] INFO  pipeline.BackgroundPipelineCreator (BackgroundPipelineCreator.java:start(124)) - Starting RatisPipelineUtilsThread.
2023-06-07 12:09:16,887 [Time-limited test] INFO  BackgroundPipelineScrubber (BackgroundSCMService.java:start(68)) - Starting BackgroundPipelineScrubber Service.
2023-06-07 12:09:16,891 [Time-limited test] INFO  ha.SCMServiceManager (SCMServiceManager.java:register(42)) - Registering service BackgroundPipelineScrubber.
2023-06-07 12:09:16,892 [Time-limited test] INFO  ExpiredContainerReplicaOpScrubber (BackgroundSCMService.java:start(68)) - Starting ExpiredContainerReplicaOpScrubber Service.
2023-06-07 12:09:16,893 [Time-limited test] INFO  ha.SCMServiceManager (SCMServiceManager.java:register(42)) - Registering service ExpiredContainerReplicaOpScrubber.
2023-06-07 12:09:16,895 [Time-limited test] INFO  algorithms.PipelineChoosePolicyFactory (PipelineChoosePolicyFactory.java:createPipelineChoosePolicyFromClass(73)) - Create pipeline choose policy of type org.apache.hadoop.hdds.scm.pipeline.choose.algorithms.RandomPipelineChoosePolicy
2023-06-07 12:09:16,907 [Time-limited test] INFO  ha.SCMServiceManager (SCMServiceManager.java:register(42)) - Registering service SCMBlockDeletingService.
2023-06-07 12:09:16,909 [Time-limited test] INFO  replication.ReplicationManager (ReplicationManager.java:start(299)) - Starting Replication Monitor Thread.
2023-06-07 12:09:16,917 [Time-limited test] INFO  ha.SCMServiceManager (SCMServiceManager.java:register(42)) - Registering service ReplicationManager.
2023-06-07 12:09:16,918 [Time-limited test] INFO  safemode.ContainerSafeModeRule (ContainerSafeModeRule.java:<init>(89)) - containers with one replica threshold count 0
2023-06-07 12:09:16,922 [ReplicationMonitor] INFO  replication.ReplicationManager (ReplicationManager.java:processAll(374)) - Replication Manager is not ready to run until 300000ms after safemode exit
2023-06-07 12:09:16,923 [Time-limited test] INFO  safemode.HealthyPipelineSafeModeRule (HealthyPipelineSafeModeRule.java:initializeRule(169)) - Total pipeline count is 0, healthy pipeline threshold count is 0
2023-06-07 12:09:16,923 [Time-limited test] INFO  safemode.OneReplicaPipelineSafeModeRule (OneReplicaPipelineSafeModeRule.java:initializeRule(180)) - Total pipeline count is 0, pipeline's with at least one datanode reported threshold count is 0
2023-06-07 12:09:16,926 [Time-limited test] INFO  authority.DefaultCAServer (DefaultCAServer.java:lambda$processVerificationStatus$0(465)) - CertificateServer validation is successful
2023-06-07 12:09:16,927 [Time-limited test] INFO  authority.DefaultCAServer (DefaultCAServer.java:lambda$processVerificationStatus$0(465)) - CertificateServer validation is successful
2023-06-07 12:09:16,928 [Time-limited test] INFO  server.StorageContainerManager (StorageContainerManager.java:persistPrimarySCMCerts(893)) - Storing sub-ca certificate serialId 4017275787588 on primary SCM
2023-06-07 12:09:16,929 [Time-limited test] INFO  server.StorageContainerManager (StorageContainerManager.java:persistPrimarySCMCerts(901)) - Storing root certificate serialId 1
2023-06-07 12:09:16,930 [Time-limited test] INFO  ipc.CallQueueManager (CallQueueManager.java:<init>(90)) - Using callQueue: class java.util.concurrent.LinkedBlockingQueue, queueCapacity: 200, scheduler: class org.apache.hadoop.ipc.DefaultRpcScheduler, ipcBackoff: false.
2023-06-07 12:09:16,930 [Socket Reader #1 for port 9961] INFO  ipc.Server (Server.java:run(1319)) - Starting Socket Reader #1 for port 9961
2023-06-07 12:09:16,935 [Listener at 0.0.0.0/9961] INFO  hdds.HddsUtils (HddsUtils.java:preserveThreadName(843)) - Restoring thread name: Time-limited test
2023-06-07 12:09:16,936 [Time-limited test] INFO  server.StorageContainerManager (StorageContainerManager.java:<init>(398)) - SCM start with adminUsers: [om/fv-az83-744@EXAMPLE.COM, scm]
2023-06-07 12:09:16,936 [Time-limited test] INFO  ipc.CallQueueManager (CallQueueManager.java:<init>(90)) - Using callQueue: class java.util.concurrent.LinkedBlockingQueue, queueCapacity: 10000, scheduler: class org.apache.hadoop.ipc.DefaultRpcScheduler, ipcBackoff: false.
2023-06-07 12:09:16,947 [Socket Reader #1 for port 9861] INFO  ipc.Server (Server.java:run(1319)) - Starting Socket Reader #1 for port 9861
2023-06-07 12:09:16,950 [Listener at 0.0.0.0/9861] INFO  hdds.HddsUtils (HddsUtils.java:preserveThreadName(843)) - Restoring thread name: Time-limited test
2023-06-07 12:09:16,950 [Time-limited test] INFO  ipc.CallQueueManager (CallQueueManager.java:<init>(90)) - Using callQueue: class java.util.concurrent.LinkedBlockingQueue, queueCapacity: 10000, scheduler: class org.apache.hadoop.ipc.DefaultRpcScheduler, ipcBackoff: false.
2023-06-07 12:09:16,952 [Socket Reader #1 for port 9863] INFO  ipc.Server (Server.java:run(1319)) - Starting Socket Reader #1 for port 9863
2023-06-07 12:09:16,953 [Listener at 0.0.0.0/9863] INFO  hdds.HddsUtils (HddsUtils.java:preserveThreadName(843)) - Restoring thread name: Time-limited test
2023-06-07 12:09:16,953 [Time-limited test] INFO  ipc.CallQueueManager (CallQueueManager.java:<init>(90)) - Using callQueue: class java.util.concurrent.LinkedBlockingQueue, queueCapacity: 10000, scheduler: class org.apache.hadoop.ipc.DefaultRpcScheduler, ipcBackoff: false.
2023-06-07 12:09:16,954 [Socket Reader #1 for port 9860] INFO  ipc.Server (Server.java:run(1319)) - Starting Socket Reader #1 for port 9860
2023-06-07 12:09:16,954 [Listener at 0.0.0.0/9860] INFO  hdds.HddsUtils (HddsUtils.java:preserveThreadName(843)) - Restoring thread name: Time-limited test
2023-06-07 12:09:16,962 [Time-limited test] INFO  ha.SCMServiceManager (SCMServiceManager.java:register(42)) - Registering service ContainerBalancer.
2023-06-07 12:09:16,962 [Time-limited test] INFO  server.StorageContainerManager (StorageContainerManager.java:<init>(415)) - 
Container Balancer status:
Key                            Value
Running                        false
Container Balancer Configuration values:
Key                                                Value
Threshold                                          10
Max Datanodes to Involve per Iteration(percent)    20
Max Size to Move per Iteration                     500GB
Max Size Entering Target per Iteration             26GB
Max Size Leaving Source per Iteration              26GB

2023-06-07 12:09:16,962 [Time-limited test] INFO  ha.SCMContext (SCMContext.java:updateSafeModeStatus(228)) - Update SafeModeStatus from SafeModeStatus{safeModeStatus=true, preCheckPassed=false} to SafeModeStatus{safeModeStatus=true, preCheckPassed=false}.
2023-06-07 12:09:16,969 [Time-limited test] INFO  server.StorageContainerManager (StorageContainerManager.java:start(1466)) - StorageContainerLocationProtocol RPC server is listening at /0.0.0.0:9860
2023-06-07 12:09:16,971 [Time-limited test] WARN  impl.MetricsConfig (MetricsConfig.java:loadFirst(136)) - Cannot locate configuration: tried hadoop-metrics2-storagecontainermanager.properties,hadoop-metrics2.properties
2023-06-07 12:09:16,976 [Time-limited test] INFO  impl.MetricsSystemImpl (MetricsSystemImpl.java:startTimer(378)) - Scheduled Metric snapshot period at 10 second(s).
2023-06-07 12:09:16,976 [Time-limited test] INFO  impl.MetricsSystemImpl (MetricsSystemImpl.java:start(191)) - StorageContainerManager metrics system started
2023-06-07 12:09:17,011 [Time-limited test] INFO  impl.MetricsSinkAdapter (MetricsSinkAdapter.java:start(204)) - Sink prometheus started
2023-06-07 12:09:17,011 [Time-limited test] INFO  impl.MetricsSystemImpl (MetricsSystemImpl.java:registerSink(305)) - Registered sink prometheus
2023-06-07 12:09:17,039 [Time-limited test] INFO  server.SCMClientProtocolServer (SCMClientProtocolServer.java:start(201)) - RPC server for Client  is listening at /0.0.0.0:9860
2023-06-07 12:09:17,040 [IPC Server Responder] INFO  ipc.Server (Server.java:run(1558)) - IPC Server Responder: starting
2023-06-07 12:09:17,052 [IPC Server listener on 9860] INFO  ipc.Server (Server.java:run(1398)) - IPC Server listener on 9860: starting
2023-06-07 12:09:17,075 [Time-limited test] INFO  server.StorageContainerManager (StorageContainerManager.java:start(1480)) - ScmBlockLocationProtocol RPC server is listening at /0.0.0.0:9863
2023-06-07 12:09:17,076 [Time-limited test] INFO  server.SCMBlockProtocolServer (SCMBlockProtocolServer.java:start(152)) - RPC server for Block Protocol is listening at /0.0.0.0:9863
2023-06-07 12:09:17,082 [IPC Server Responder] INFO  ipc.Server (Server.java:run(1558)) - IPC Server Responder: starting
2023-06-07 12:09:17,083 [IPC Server listener on 9863] INFO  ipc.Server (Server.java:run(1398)) - IPC Server listener on 9863: starting
2023-06-07 12:09:17,091 [Time-limited test] INFO  server.SCMDatanodeProtocolServer (SCMDatanodeProtocolServer.java:start(193)) - ScmDatanodeProtocol RPC server for DataNodes is listening at /0.0.0.0:9861
2023-06-07 12:09:17,098 [IPC Server Responder] INFO  ipc.Server (Server.java:run(1558)) - IPC Server Responder: starting
2023-06-07 12:09:17,099 [IPC Server listener on 9861] INFO  ipc.Server (Server.java:run(1398)) - IPC Server listener on 9861: starting
2023-06-07 12:09:17,115 [Time-limited test] INFO  server.SCMSecurityProtocolServer (SCMSecurityProtocolServer.java:start(395)) - Starting RPC server for SCMSecurityProtocolServer. is listening at /0.0.0.0:9961
2023-06-07 12:09:17,119 [IPC Server Responder] INFO  ipc.Server (Server.java:run(1558)) - IPC Server Responder: starting
2023-06-07 12:09:17,120 [IPC Server listener on 9961] INFO  ipc.Server (Server.java:run(1398)) - IPC Server listener on 9961: starting
2023-06-07 12:09:17,121 [Time-limited test] INFO  server.SCMUpdateServiceGrpcServer (SCMUpdateServiceGrpcServer.java:start(58)) - SCMUpdateService starting
2023-06-07 12:09:17,132 [Time-limited test] INFO  http.BaseHttpServer (BaseHttpServer.java:newHttpServer2BuilderForOzone(224)) - Starting Web-server for scm at: http://0.0.0.0:9876
2023-06-07 12:09:17,133 [Time-limited test] INFO  http.BaseHttpServer (BaseHttpServer.java:<init>(111)) - Hadoop Security Enabled: true Ozone Security Enabled: true Ozone HTTP Security Enabled: false 
2023-06-07 12:09:17,135 [Time-limited test] WARN  server.AuthenticationFilter (AuthenticationFilter.java:constructSecretProvider(240)) - Unable to initialize FileSignerSecretProvider, falling back to use random secrets. Reason: Could not read signature secret file: /home/runner/hadoop-http-auth-signature-secret
2023-06-07 12:09:17,143 [JvmPauseMonitor6] INFO  util.JvmPauseMonitor (JvmPauseMonitor.java:run(103)) - JvmPauseMonitor-77ccfaa0-8648-4621-a312-562820909334: Started
2023-06-07 12:09:17,154 [Time-limited test] INFO  http.HttpRequestLog (HttpRequestLog.java:getRequestLog(86)) - Http request log for http.requests.scm is not defined
2023-06-07 12:09:17,158 [Time-limited test] INFO  http.HttpServer2 (HttpServer2.java:addGlobalFilter(1031)) - Added global filter 'safety' (class=org.apache.hadoop.hdds.server.http.HttpServer2$QuotingInputFilter)
2023-06-07 12:09:17,159 [Time-limited test] INFO  http.HttpServer2 (HttpServer2.java:addFilter(1007)) - Added filter static_user_filter (class=org.apache.hadoop.http.lib.StaticUserWebFilter$StaticUserFilter) to context scm
2023-06-07 12:09:17,159 [Time-limited test] INFO  http.HttpServer2 (HttpServer2.java:addFilter(1015)) - Added filter static_user_filter (class=org.apache.hadoop.http.lib.StaticUserWebFilter$StaticUserFilter) to context logs
2023-06-07 12:09:17,159 [Time-limited test] INFO  http.HttpServer2 (HttpServer2.java:addFilter(1015)) - Added filter static_user_filter (class=org.apache.hadoop.http.lib.StaticUserWebFilter$StaticUserFilter) to context static
2023-06-07 12:09:17,163 [Time-limited test] INFO  http.BaseHttpServer (BaseHttpServer.java:<init>(190)) - HTTP server of scm uses base directory /tmp/junit10298548849317499/junit1205498027648408106/scm-meta/webserver
2023-06-07 12:09:17,163 [Time-limited test] INFO  http.HttpServer2 (HttpServer2.java:bindListener(1250)) - Jetty bound to port 9876
2023-06-07 12:09:17,168 [Time-limited test] INFO  server.Server (Server.java:doStart(375)) - jetty-9.4.51.v20230217; built: 2023-02-17T08:19:37.309Z; git: b45c405e4544384de066f814ed42ae3dceacdd49; jvm 1.8.0_372-b07
2023-06-07 12:09:17,178 [Time-limited test] INFO  server.session (DefaultSessionIdManager.java:doStart(334)) - DefaultSessionIdManager workerName=node0
2023-06-07 12:09:17,178 [Time-limited test] INFO  server.session (DefaultSessionIdManager.java:doStart(339)) - No SessionScavenger set, using defaults
2023-06-07 12:09:17,179 [Time-limited test] INFO  server.session (HouseKeeper.java:startScavenging(132)) - node0 Scavenging every 660000ms
2023-06-07 12:09:17,180 [Time-limited test] INFO  handler.ContextHandler (ContextHandler.java:doStart(921)) - Started o.e.j.s.ServletContextHandler@1eccf709{logs,/logs,file:///home/runner/work/ozone/ozone/hadoop-ozone/integration-test/target/log,AVAILABLE}
2023-06-07 12:09:17,180 [Time-limited test] INFO  handler.ContextHandler (ContextHandler.java:doStart(921)) - Started o.e.j.s.ServletContextHandler@5a9e29e7{static,/static,file:///home/runner/work/ozone/ozone/hadoop-ozone/integration-test/target/test-classes/webapps/static,AVAILABLE}
2023-06-07 12:09:17,185 [Time-limited test] INFO  handler.ContextHandler (ContextHandler.java:doStart(921)) - Started o.e.j.w.WebAppContext@29516701{scm,/,file:///home/runner/work/ozone/ozone/hadoop-ozone/integration-test/target/test-classes/webapps/scm/,AVAILABLE}{file:/home/runner/work/ozone/ozone/hadoop-ozone/integration-test/target/test-classes/webapps/scm}
2023-06-07 12:09:17,187 [Time-limited test] INFO  server.AbstractConnector (AbstractConnector.java:doStart(333)) - Started ServerConnector@796b09d{HTTP/1.1, (http/1.1)}{0.0.0.0:9876}
2023-06-07 12:09:17,187 [Time-limited test] INFO  server.Server (Server.java:doStart(415)) - Started @82196ms
2023-06-07 12:09:17,187 [Time-limited test] WARN  impl.MetricsSystemImpl (MetricsSystemImpl.java:register(279)) - Sink prometheus already exists!
2023-06-07 12:09:17,188 [Time-limited test] INFO  http.BaseHttpServer (BaseHttpServer.java:updateConnectorAddress(344)) - HTTP server of scm listening at http://0.0.0.0:9876
2023-06-07 12:09:17,188 [Time-limited test] WARN  server.ServerUtils (ServerUtils.java:getDBPath(311)) - ozone.om.db.dirs is not configured. We recommend adding this setting. Falling back to ozone.metadata.dirs instead.
2023-06-07 12:09:17,189 [Time-limited test] INFO  om.OzoneManager (OzoneManager.java:initializeSecurity(1355)) - Initializing secure OzoneManager.
2023-06-07 12:09:17,189 [Time-limited test] INFO  om.OzoneManager (OzoneManager.java:getOmDetailsProto(4485)) - OzoneManager ports added:[name: "RPC"
value: 1202
]
2023-06-07 12:09:17,190 [Time-limited test] ERROR security.OMCertificateClient (DefaultCertificateClient.java:getCertPath(296)) - Default certificate serial id is not set. Can't locate the default certificate for this client.
2023-06-07 12:09:17,190 [Time-limited test] INFO  security.OMCertificateClient (DefaultCertificateClient.java:init(650)) - Certificate client init case: 0
2023-06-07 12:09:17,190 [Time-limited test] INFO  security.OMCertificateClient (CommonCertificateClient.java:handleCase(67)) - Creating keypair for client as keypair and certificate not found.
2023-06-07 12:09:17,547 [Time-limited test] INFO  om.OzoneManager (OzoneManager.java:initializeSecurity(1370)) - Init response: GETCERT
2023-06-07 12:09:17,547 [Time-limited test] INFO  ozone.OzoneSecurityUtil (OzoneSecurityUtil.java:getValidInetsForCurrentHost(118)) - ip:fe80:0:0:0:20d:3aff:fe5e:ae76%eth0 not returned.
2023-06-07 12:09:17,548 [Time-limited test] INFO  ozone.OzoneSecurityUtil (OzoneSecurityUtil.java:getValidInetsForCurrentHost(115)) - Adding ip:10.1.0.7,host:fv-az83-744
2023-06-07 12:09:17,548 [Time-limited test] INFO  ozone.OzoneSecurityUtil (OzoneSecurityUtil.java:getValidInetsForCurrentHost(118)) - ip:0:0:0:0:0:0:0:1%lo not returned.
2023-06-07 12:09:17,548 [Time-limited test] INFO  ozone.OzoneSecurityUtil (OzoneSecurityUtil.java:getValidInetsForCurrentHost(118)) - ip:127.0.0.1 not returned.
2023-06-07 12:09:17,548 [Time-limited test] ERROR utils.CertificateSignRequest (CertificateSignRequest.java:lambda$addInetAddresses$0(296)) - Invalid domain fv-az83-744
2023-06-07 12:09:17,548 [Time-limited test] INFO  ha.OMHANodeDetails (OMHANodeDetails.java:loadOMHAConfig(115)) - ozone.om.internal.service.id is not defined, falling back to ozone.om.service.ids to find serviceID for OzoneManager if it is HA enabled cluster
2023-06-07 12:09:17,548 [Time-limited test] INFO  ha.OMHANodeDetails (OMHANodeDetails.java:loadOMHAConfig(226)) - Configuration does not have ozone.om.address set. Falling back to the default OM address fv-az83-744/10.1.0.7:1202
2023-06-07 12:09:17,548 [Time-limited test] INFO  ha.OMHANodeDetails (OMHANodeDetails.java:getOMNodeDetailsForNonHA(254)) - OM Service ID is not set. Setting it to the default ID: omServiceIdDefault
2023-06-07 12:09:17,548 [Time-limited test] INFO  ha.OMHANodeDetails (OMHANodeDetails.java:getOMNodeDetailsForNonHA(261)) - OM Node ID is not set. Setting it to the default ID: om1
2023-06-07 12:09:17,548 [Time-limited test] INFO  security.OMCertificateClient (OMCertificateClient.java:getCSRBuilder(117)) - Creating csr for OM->dns:fv-az83-744,ip:10.1.0.7,scmId:77ccfaa0-8648-4621-a312-562820909334,clusterId:99bc7f9c-6d20-4322-89f9-3fba88f631ea,subject:fv-az83-744
2023-06-07 12:09:17,567 [pool-302-thread-2] INFO  request.TgsRequest (TgsRequest.java:issueTicket(115)) - TGS_REQ ISSUE: authtime 1686139757567,scm/fv-az83-744 for scm/fv-az83-744@EXAMPLE.COM
2023-06-07 12:09:17,581 [Socket Reader #1 for port 9961] INFO  ipc.Server (Server.java:saslProcess(2116)) - Auth successful for scm/fv-az83-744@EXAMPLE.COM (auth:KERBEROS) from 10.1.0.7:39309
2023-06-07 12:09:17,595 [IPC Server handler 0 on default port 9961] INFO  server.SCMSecurityProtocolServer (SCMSecurityProtocolServer.java:getOMCertificate(175)) - Processing CSR for om fv-az83-744, UUID: 3cecf6b0-e88a-4663-ab45-9e5aae8241e5
2023-06-07 12:09:17,614 [Time-limited test] INFO  security.OMCertificateClient (DefaultCertificateClient.java:loadAllCertificates(151)) - Loading certificate from location:/tmp/junit10298548849317499/junit1205498027648408106/scm-meta/om/certs.
2023-06-07 12:09:17,616 [Time-limited test] INFO  security.OMCertificateClient (DefaultCertificateClient.java:loadAllCertificates(195)) - Added certificate   [0]         Version: 3
         SerialNumber: 4018175411626
             IssuerDN: CN=scm-sub@fv-az83-744,OU=77ccfaa0-8648-4621-a312-562820909334,O=99bc7f9c-6d20-4322-89f9-3fba88f631ea
           Start Date: Wed Jun 07 12:09:17 UTC 2023
           Final Date: Thu Jun 06 12:09:17 UTC 2024
            SubjectDN: CN=fv-az83-744,OU=77ccfaa0-8648-4621-a312-562820909334,O=99bc7f9c-6d20-4322-89f9-3fba88f631ea
           Public Key: RSA Public Key [12:29:e3:0b:e8:bc:8c:78:db:1e:77:ce:09:24:9a:13:15:30:46:ed],[56:66:d1:a4]
        modulus: 9d082118c3299e050a53f8ec0608ee38ca47bef4a3928dc3c6a50c02659e80a94015eb1cfb4cdf5fdc01f9ad297ef8fba42683512bd4f346da43e13ec9e90717dbb9b709392c0481b45dced991f7c80803b294400a65a7ebf6e795b6f27b074b1e1f893f6d6f2db0a53fd1f2e01d4079df1122b96bf029e7b37549214cc92f486325b899a7147fccad6f2e44483ddc2f9de45593d3453edbb52ca9ec2461a1c785f10e5e3bfb50bc78d6998a1ab3d97749022932e9fee62a4a1b04467b318dd25e31d996f96ef113fc8eba7491658e04a1c0f11c244615872e98ed7b6e0c53fc6cc5dcfc0e8a4870105d817220b440b90217037160dce3da4458e143fd0dc85b
public exponent: 10001

  Signature Algorithm: SHA256WITHRSA
            Signature: 9c11e0c6e1027fd7a56336105985346f6f5191ee
                       d9a904d6ee1cafc6be49a0d4b2b9c2bdf0cfa47f
                       0e9af85182e06e5c4fc2ab00d27099446dc8c960
                       73486b93d738591cf934818aace3d9c8c343c5b4
                       799bd108ab8fa3a04b71ad7c5d176a0883b461dd
                       a2dd1db8566261b1254531b401d4c4522610f463
                       965fc50b3ed2cd4bae2cada7cc66a0718ac320be
                       ea10555c0682b6e99a3907bc5b6e71c5de6b9fef
                       89a1cf26dcc31758a372d5f715f5097cf4077fdf
                       4135597c18098e193e33627426c2a8671a6c2542
                       bf0304c37fc52fe85993ee6ca92fc89c4ec6f6d2
                       41300b1cdabe0a83a7687f564043f34155af5cbc
                       a99fa1d1f4ed1299ae989a69901dd68b
       Extensions: 
                       critical(false) 2.5.29.17 value = Sequence
    Tagged [7] IMPLICIT 
        DER Octet String[4] 
    Tagged [0] IMPLICIT 
        Sequence
            ObjectIdentifier(2.16.840.1.113730.3.1.34)
            Tagged [0]
                UTF8String(omServiceIdDefault) 

                       critical(true) KeyUsage: 0xb8
 from file:/tmp/junit10298548849317499/junit1205498027648408106/scm-meta/om/certs/4018175411626.crt.
2023-06-07 12:09:17,617 [Time-limited test] INFO  security.OMCertificateClient (DefaultCertificateClient.java:loadAllCertificates(195)) - Added certificate   [0]         Version: 3
         SerialNumber: 4017275787588
             IssuerDN: CN=scm@fv-az83-744,OU=77ccfaa0-8648-4621-a312-562820909334,O=99bc7f9c-6d20-4322-89f9-3fba88f631ea
           Start Date: Wed Jun 07 12:09:16 UTC 2023
           Final Date: Sat Jul 15 12:09:16 UTC 2028
            SubjectDN: CN=scm-sub@fv-az83-744,OU=77ccfaa0-8648-4621-a312-562820909334,O=99bc7f9c-6d20-4322-89f9-3fba88f631ea
           Public Key: RSA Public Key [a7:23:e1:06:68:65:4c:c7:a2:f2:af:8b:32:34:b2:34:f9:0d:3f:db],[56:66:d1:a4]
        modulus: a4e77737d8d4cb397ad9fb53f543d9d3194d4907b1c044c67db9bc5e4e3c56a9016ba220358cc7721b90b25d1a1ec430c22168d5191bab37e9bffe489d1279469216cbbf9174f049c3a8770d35ff50fb0e83f22cac65012afe1cf2b69ef1bac24afa291d28252f3f19bfe087b33deece42bc8d7b40526994c57286e4fe00b9a512096f0e65af10cb22285ce8f4d32daf896f1be07e492431db8b1687b3b77126778364f9910deabc021e7a06e4bc4887abb7791fa243cd832b1c74ee59fe8f35c49b61f9fdb681acb9705c6d3d9d1f18b880ea104f87581506c9a6afaf04a1eccbcb43b92d90aff16525bbfb0c0cc9ec109d844448aeea0bf65e9ebe8523ada7
public exponent: 10001

  Signature Algorithm: SHA256WITHRSA
            Signature: 101c833b9669b83d4ba83456d8787b971468f9c0
                       73c9bbe1a6482224b1bd112d56353edcb5ba54a0
                       2910be304fb3520600e6d82dc6411bcfc5d6898c
                       b83a93492d3f5c1d66b534bd3e29ca8709cf8890
                       4c3b4023cfa21802da2ca8670d3835ce884522a4
                       b024b574704cabb4a617e2cd2a8241d31ed1919c
                       97d049b18bfc21b03c832fb5263dd28ec6978bbc
                       48070dbcac6d2c64575a54cdb7f7ecaa1791b406
                       e9c7ed316aed844b2a3cec7b468597675ad54f0e
                       4e196c19e9bb8880b16b3a0b911f707690be51ab
                       d5bb06619e476b39701bd4573a91b45e20077554
                       3392bcba0a5588423fbe2663fed8c263a85f4b93
                       8eba7daa54f74c5e7442987c7547ff7f
       Extensions: 
                       critical(false) 2.5.29.17 value = Sequence
    Tagged [7] IMPLICIT 
        DER Octet String[4] 

                       critical(true) BasicConstraints: isCa(true)
                       critical(true) KeyUsage: 0xbe
 from file:/tmp/junit10298548849317499/junit1205498027648408106/scm-meta/om/certs/CA-4017275787588.crt.
2023-06-07 12:09:17,618 [Time-limited test] INFO  security.OMCertificateClient (DefaultCertificateClient.java:loadAllCertificates(195)) - Added certificate   [0]         Version: 3
         SerialNumber: 1
             IssuerDN: CN=scm@fv-az83-744,OU=77ccfaa0-8648-4621-a312-562820909334,O=99bc7f9c-6d20-4322-89f9-3fba88f631ea
           Start Date: Wed Jun 07 12:09:16 UTC 2023
           Final Date: Sat Jul 15 12:09:16 UTC 2028
            SubjectDN: CN=scm@fv-az83-744,OU=77ccfaa0-8648-4621-a312-562820909334,O=99bc7f9c-6d20-4322-89f9-3fba88f631ea
           Public Key: RSA Public Key [58:bf:a1:99:d9:38:7d:12:55:72:9d:b6:a4:a5:af:2b:ab:ec:b6:27],[56:66:d1:a4]
        modulus: 8eb1303dc281db3f8c1bf874e690cc90339289f833bd80214cf7404f73242f9507ded4c3f918268de812579014fa9b9678ed63c2d28daa429f3040aface511cec3bf09e612a04a4d6c68b41ea4ac344340b323d9157efd7dd22e2a5f312e6fa0bf56aba5d11df5f943a57a49ca84a436c02130fb3c0b800d477cf0a8658973aeb1e028465b8e058d25b244570bf68b12c2f59cf0f068872df551fd190f6c85ef225af52ca9cef54cbf289369cbe10ccbb27d57d6ea9c6002b297661c87828eb60147800542c1bfe185a0d1b69d49d699dd3728f78e1ed98acada0628f116d68182ad062523d42969e806b36e77a27ac465c7d6d4ab4d8d40244dafbc24c02d2b
public exponent: 10001

  Signature Algorithm: SHA256WITHRSA
            Signature: 376844f723e723b996004726e018ee1c49f01b37
                       67666044505dc7e46230a841a9692144b6343e50
                       59267b7f2872c0def19da1e5ad44a0ab41f74b32
                       cf3bcafec0c472bcb31d2c97b4b85c6c8eeb983f
                       4612cc011e3ba373a571092186b524a1d27c8bbb
                       96e0b4d9406f7bf7666c024035564ee53b92e5bf
                       18a12eccd4ee336fd80380c337806bac8490e0ec
                       b2f98dd0102cde7034f35fe8e5f10f59b636d508
                       80f14370df9f68c03576113c0ceaa636261f1c2f
                       af310211b3a23e9bd566de2fd553bfb91c54e378
                       362d344044ce0c4f7ce3a8f3223c24ff90c0ad9e
                       9b45bc6db87b31366c8e18f89ad8071e14e84ec7
                       f7049c8b6cb80c5151f12abdc91988d4
       Extensions: 
                       critical(true) BasicConstraints: isCa(true)
                       critical(true) KeyUsage: 0x6
                       critical(false) 2.5.29.17 value = Sequence
    Tagged [7] IMPLICIT 
        DER Octet String[4] 

 from file:/tmp/junit10298548849317499/junit1205498027648408106/scm-meta/om/certs/ROOTCA-1.crt.
2023-06-07 12:09:17,621 [Time-limited test] INFO  security.OMCertificateClient (DefaultCertificateClient.java:startCertificateMonitor(1208)) - CertificateLifetimeMonitor for om is started with first delay 31535989379 ms and interval 3333 ms.
2023-06-07 12:09:17,621 [Time-limited test] INFO  om.OzoneManager (OzoneManager.java:initializeSecurity(1380)) - Successfully stored SCM signed certificate.
2023-06-07 12:09:17,623 [Time-limited test] INFO  ha.OMHANodeDetails (OMHANodeDetails.java:loadOMHAConfig(115)) - ozone.om.internal.service.id is not defined, falling back to ozone.om.service.ids to find serviceID for OzoneManager if it is HA enabled cluster
2023-06-07 12:09:17,623 [Time-limited test] INFO  ha.OMHANodeDetails (OMHANodeDetails.java:loadOMHAConfig(226)) - Configuration does not have ozone.om.address set. Falling back to the default OM address fv-az83-744/10.1.0.7:1202
2023-06-07 12:09:17,623 [Time-limited test] INFO  ha.OMHANodeDetails (OMHANodeDetails.java:getOMNodeDetailsForNonHA(254)) - OM Service ID is not set. Setting it to the default ID: omServiceIdDefault
2023-06-07 12:09:17,623 [Time-limited test] INFO  ha.OMHANodeDetails (OMHANodeDetails.java:getOMNodeDetailsForNonHA(261)) - OM Node ID is not set. Setting it to the default ID: om1
2023-06-07 12:09:17,623 [Time-limited test] WARN  server.ServerUtils (ServerUtils.java:getDBPath(311)) - ozone.om.db.dirs is not configured. We recommend adding this setting. Falling back to ozone.metadata.dirs instead.
2023-06-07 12:09:17,625 [Time-limited test] INFO  upgrade.AbstractLayoutVersionManager (AbstractLayoutVersionManager.java:init(83)) - Initializing Layout version manager with metadata layout = FILESYSTEM_SNAPSHOT (version = 5), software layout = FILESYSTEM_SNAPSHOT (version = 5)
2023-06-07 12:09:17,710 [Time-limited test] INFO  reflections.Reflections (Reflections.java:scan(232)) - Reflections took 83 ms to scan 2 urls, producing 177 keys and 490 values [using 2 cores]
2023-06-07 12:09:17,710 [Time-limited test] INFO  upgrade.OMLayoutVersionManager (OMLayoutVersionManager.java:lambda$0(115)) - Skipping Upgrade Action MockOmUpgradeAction since it has been finalized.
2023-06-07 12:09:17,715 [pool-302-thread-2] INFO  request.KdcRequest (KdcRequest.java:preauth(651)) - The preauth data is empty.
2023-06-07 12:09:17,716 [pool-302-thread-2] INFO  server.KdcHandler (KdcHandler.java:handleRecoverableException(177)) - KRB error occurred while processing request:Additional pre-authentication required
2023-06-07 12:09:17,725 [pool-302-thread-2] INFO  request.AsRequest (AsRequest.java:issueTicket(112)) - AS_REQ ISSUE: authtime 1686139757725,om/fv-az83-744@EXAMPLE.COM for krbtgt/EXAMPLE.COM@EXAMPLE.COM
2023-06-07 12:09:17,733 [Time-limited test] INFO  security.UserGroupInformation (UserGroupInformation.java:loginUserFromKeytab(1132)) - Login successful for user om/fv-az83-744@EXAMPLE.COM using keytab file om.keytab. Keytab auto renewal enabled : false
2023-06-07 12:09:17,733 [Time-limited test] INFO  om.OzoneManager (OzoneManager.java:loginOMUser(1134)) - Ozone Manager login successful.
2023-06-07 12:09:17,733 [Time-limited test] WARN  server.ServerUtils (ServerUtils.java:getDBPath(311)) - ozone.om.db.dirs is not configured. We recommend adding this setting. Falling back to ozone.metadata.dirs instead.
2023-06-07 12:09:17,734 [Time-limited test] INFO  proxy.SCMBlockLocationFailoverProxyProvider (SCMBlockLocationFailoverProxyProvider.java:<init>(114)) - Created block location fail-over proxy with 1 nodes: [nodeId=scmNodeId,nodeAddress=/0.0.0.0:9863]
2023-06-07 12:09:17,735 [Time-limited test] INFO  security.OMCertificateClient (DefaultCertificateClient.java:loadAllCertificates(151)) - Loading certificate from location:/tmp/junit10298548849317499/junit1205498027648408106/scm-meta/om/certs.
2023-06-07 12:09:17,740 [Time-limited test] INFO  security.OMCertificateClient (DefaultCertificateClient.java:loadAllCertificates(195)) - Added certificate   [0]         Version: 3
         SerialNumber: 4018175411626
             IssuerDN: CN=scm-sub@fv-az83-744,OU=77ccfaa0-8648-4621-a312-562820909334,O=99bc7f9c-6d20-4322-89f9-3fba88f631ea
           Start Date: Wed Jun 07 12:09:17 UTC 2023
           Final Date: Thu Jun 06 12:09:17 UTC 2024
            SubjectDN: CN=fv-az83-744,OU=77ccfaa0-8648-4621-a312-562820909334,O=99bc7f9c-6d20-4322-89f9-3fba88f631ea
           Public Key: RSA Public Key [12:29:e3:0b:e8:bc:8c:78:db:1e:77:ce:09:24:9a:13:15:30:46:ed],[56:66:d1:a4]
        modulus: 9d082118c3299e050a53f8ec0608ee38ca47bef4a3928dc3c6a50c02659e80a94015eb1cfb4cdf5fdc01f9ad297ef8fba42683512bd4f346da43e13ec9e90717dbb9b709392c0481b45dced991f7c80803b294400a65a7ebf6e795b6f27b074b1e1f893f6d6f2db0a53fd1f2e01d4079df1122b96bf029e7b37549214cc92f486325b899a7147fccad6f2e44483ddc2f9de45593d3453edbb52ca9ec2461a1c785f10e5e3bfb50bc78d6998a1ab3d97749022932e9fee62a4a1b04467b318dd25e31d996f96ef113fc8eba7491658e04a1c0f11c244615872e98ed7b6e0c53fc6cc5dcfc0e8a4870105d817220b440b90217037160dce3da4458e143fd0dc85b
public exponent: 10001

  Signature Algorithm: SHA256WITHRSA
            Signature: 9c11e0c6e1027fd7a56336105985346f6f5191ee
                       d9a904d6ee1cafc6be49a0d4b2b9c2bdf0cfa47f
                       0e9af85182e06e5c4fc2ab00d27099446dc8c960
                       73486b93d738591cf934818aace3d9c8c343c5b4
                       799bd108ab8fa3a04b71ad7c5d176a0883b461dd
                       a2dd1db8566261b1254531b401d4c4522610f463
                       965fc50b3ed2cd4bae2cada7cc66a0718ac320be
                       ea10555c0682b6e99a3907bc5b6e71c5de6b9fef
                       89a1cf26dcc31758a372d5f715f5097cf4077fdf
                       4135597c18098e193e33627426c2a8671a6c2542
                       bf0304c37fc52fe85993ee6ca92fc89c4ec6f6d2
                       41300b1cdabe0a83a7687f564043f34155af5cbc
                       a99fa1d1f4ed1299ae989a69901dd68b
       Extensions: 
                       critical(false) 2.5.29.17 value = Sequence
    Tagged [7] IMPLICIT 
        DER Octet String[4] 
    Tagged [0] IMPLICIT 
        Sequence
            ObjectIdentifier(2.16.840.1.113730.3.1.34)
            Tagged [0]
                UTF8String(omServiceIdDefault) 

                       critical(true) KeyUsage: 0xb8
 from file:/tmp/junit10298548849317499/junit1205498027648408106/scm-meta/om/certs/4018175411626.crt.
2023-06-07 12:09:17,742 [Time-limited test] INFO  security.OMCertificateClient (DefaultCertificateClient.java:loadAllCertificates(195)) - Added certificate   [0]         Version: 3
         SerialNumber: 4017275787588
             IssuerDN: CN=scm@fv-az83-744,OU=77ccfaa0-8648-4621-a312-562820909334,O=99bc7f9c-6d20-4322-89f9-3fba88f631ea
           Start Date: Wed Jun 07 12:09:16 UTC 2023
           Final Date: Sat Jul 15 12:09:16 UTC 2028
            SubjectDN: CN=scm-sub@fv-az83-744,OU=77ccfaa0-8648-4621-a312-562820909334,O=99bc7f9c-6d20-4322-89f9-3fba88f631ea
           Public Key: RSA Public Key [a7:23:e1:06:68:65:4c:c7:a2:f2:af:8b:32:34:b2:34:f9:0d:3f:db],[56:66:d1:a4]
        modulus: a4e77737d8d4cb397ad9fb53f543d9d3194d4907b1c044c67db9bc5e4e3c56a9016ba220358cc7721b90b25d1a1ec430c22168d5191bab37e9bffe489d1279469216cbbf9174f049c3a8770d35ff50fb0e83f22cac65012afe1cf2b69ef1bac24afa291d28252f3f19bfe087b33deece42bc8d7b40526994c57286e4fe00b9a512096f0e65af10cb22285ce8f4d32daf896f1be07e492431db8b1687b3b77126778364f9910deabc021e7a06e4bc4887abb7791fa243cd832b1c74ee59fe8f35c49b61f9fdb681acb9705c6d3d9d1f18b880ea104f87581506c9a6afaf04a1eccbcb43b92d90aff16525bbfb0c0cc9ec109d844448aeea0bf65e9ebe8523ada7
public exponent: 10001

  Signature Algorithm: SHA256WITHRSA
            Signature: 101c833b9669b83d4ba83456d8787b971468f9c0
                       73c9bbe1a6482224b1bd112d56353edcb5ba54a0
                       2910be304fb3520600e6d82dc6411bcfc5d6898c
                       b83a93492d3f5c1d66b534bd3e29ca8709cf8890
                       4c3b4023cfa21802da2ca8670d3835ce884522a4
                       b024b574704cabb4a617e2cd2a8241d31ed1919c
                       97d049b18bfc21b03c832fb5263dd28ec6978bbc
                       48070dbcac6d2c64575a54cdb7f7ecaa1791b406
                       e9c7ed316aed844b2a3cec7b468597675ad54f0e
                       4e196c19e9bb8880b16b3a0b911f707690be51ab
                       d5bb06619e476b39701bd4573a91b45e20077554
                       3392bcba0a5588423fbe2663fed8c263a85f4b93
                       8eba7daa54f74c5e7442987c7547ff7f
       Extensions: 
                       critical(false) 2.5.29.17 value = Sequence
    Tagged [7] IMPLICIT 
        DER Octet String[4] 

                       critical(true) BasicConstraints: isCa(true)
                       critical(true) KeyUsage: 0xbe
 from file:/tmp/junit10298548849317499/junit1205498027648408106/scm-meta/om/certs/CA-4017275787588.crt.
2023-06-07 12:09:17,744 [Time-limited test] INFO  security.OMCertificateClient (DefaultCertificateClient.java:loadAllCertificates(195)) - Added certificate   [0]         Version: 3
         SerialNumber: 1
             IssuerDN: CN=scm@fv-az83-744,OU=77ccfaa0-8648-4621-a312-562820909334,O=99bc7f9c-6d20-4322-89f9-3fba88f631ea
           Start Date: Wed Jun 07 12:09:16 UTC 2023
           Final Date: Sat Jul 15 12:09:16 UTC 2028
            SubjectDN: CN=scm@fv-az83-744,OU=77ccfaa0-8648-4621-a312-562820909334,O=99bc7f9c-6d20-4322-89f9-3fba88f631ea
           Public Key: RSA Public Key [58:bf:a1:99:d9:38:7d:12:55:72:9d:b6:a4:a5:af:2b:ab:ec:b6:27],[56:66:d1:a4]
        modulus: 8eb1303dc281db3f8c1bf874e690cc90339289f833bd80214cf7404f73242f9507ded4c3f918268de812579014fa9b9678ed63c2d28daa429f3040aface511cec3bf09e612a04a4d6c68b41ea4ac344340b323d9157efd7dd22e2a5f312e6fa0bf56aba5d11df5f943a57a49ca84a436c02130fb3c0b800d477cf0a8658973aeb1e028465b8e058d25b244570bf68b12c2f59cf0f068872df551fd190f6c85ef225af52ca9cef54cbf289369cbe10ccbb27d57d6ea9c6002b297661c87828eb60147800542c1bfe185a0d1b69d49d699dd3728f78e1ed98acada0628f116d68182ad062523d42969e806b36e77a27ac465c7d6d4ab4d8d40244dafbc24c02d2b
public exponent: 10001

  Signature Algorithm: SHA256WITHRSA
            Signature: 376844f723e723b996004726e018ee1c49f01b37
                       67666044505dc7e46230a841a9692144b6343e50
                       59267b7f2872c0def19da1e5ad44a0ab41f74b32
                       cf3bcafec0c472bcb31d2c97b4b85c6c8eeb983f
                       4612cc011e3ba373a571092186b524a1d27c8bbb
                       96e0b4d9406f7bf7666c024035564ee53b92e5bf
                       18a12eccd4ee336fd80380c337806bac8490e0ec
                       b2f98dd0102cde7034f35fe8e5f10f59b636d508
                       80f14370df9f68c03576113c0ceaa636261f1c2f
                       af310211b3a23e9bd566de2fd553bfb91c54e378
                       362d344044ce0c4f7ce3a8f3223c24ff90c0ad9e
                       9b45bc6db87b31366c8e18f89ad8071e14e84ec7
                       f7049c8b6cb80c5151f12abdc91988d4
       Extensions: 
                       critical(true) BasicConstraints: isCa(true)
                       critical(true) KeyUsage: 0x6
                       critical(false) 2.5.29.17 value = Sequence
    Tagged [7] IMPLICIT 
        DER Octet String[4] 

 from file:/tmp/junit10298548849317499/junit1205498027648408106/scm-meta/om/certs/ROOTCA-1.crt.
2023-06-07 12:09:17,747 [Time-limited test] INFO  security.OMCertificateClient (DefaultCertificateClient.java:startCertificateMonitor(1208)) - CertificateLifetimeMonitor for om is started with first delay 31535989255 ms and interval 3333 ms.
2023-06-07 12:09:17,748 [Time-limited test] INFO  om.OzoneManager (OzoneManager.java:getOmDetailsProto(4485)) - OzoneManager ports added:[name: "RPC"
value: 1202
]
2023-06-07 12:09:17,752 [Time-limited test] INFO  om.OzoneManager (OzoneManager.java:<init>(637)) - OM start with adminUsers: [om/fv-az83-744@EXAMPLE.COM, om]
2023-06-07 12:09:17,754 [Time-limited test] WARN  server.ServerUtils (ServerUtils.java:getDBPath(311)) - ozone.om.db.dirs is not configured. We recommend adding this setting. Falling back to ozone.metadata.dirs instead.
2023-06-07 12:09:17,756 [Time-limited test] INFO  helpers.OmKeyInfo (OmKeyInfo.java:getCodec(71)) - OmKeyInfo.getCodec ignorePipeline = true
2023-06-07 12:09:17,951 [Time-limited test] INFO  om.OzoneManager (OzoneManager.java:instantiateServices(766)) - S3 Multi-Tenancy is disabled
2023-06-07 12:09:17,952 [Time-limited test] INFO  security.OzoneSecretStore (OzoneSecretStore.java:loadState(69)) - Loaded 0 tokens
2023-06-07 12:09:17,952 [Time-limited test] INFO  security.OzoneDelegationTokenSecretManager (OzoneDelegationTokenSecretManager.java:loadTokenSecretState(530)) - Loading token state into token manager.
2023-06-07 12:09:17,952 [Time-limited test] INFO  om.OmSnapshotManager (OmSnapshotManager.java:<init>(170)) - Ozone filesystem snapshot feature is enabled.
2023-06-07 12:09:17,952 [Time-limited test] WARN  server.ServerUtils (ServerUtils.java:getDBPath(311)) - ozone.om.snapshot.diff.db.dir is not configured. We recommend adding this setting. Falling back to ozone.metadata.dirs instead.
2023-06-07 12:09:17,975 [Time-limited test] INFO  utils.NativeLibraryLoader (NativeLibraryLoader.java:loadLibrary(103)) - Loading Library: ozone_rocksdb_tools
2023-06-07 12:09:18,015 [Time-limited test] INFO  om.OzoneManager (OzoneManager.java:addS3GVolumeToDB(4236)) - Created Volume s3v With Owner om required for S3Gateway operations.
2023-06-07 12:09:18,015 [Time-limited test] WARN  server.ServerUtils (ServerUtils.java:getDefaultRatisDirectory(323)) - Storage directory for Ratis is not configured. It is a good idea to map this to an SSD disk. Falling back to ozone.metadata.dirs
2023-06-07 12:09:18,015 [Time-limited test] WARN  utils.OzoneManagerRatisUtils (OzoneManagerRatisUtils.java:getOMRatisSnapshotDirectory(461)) - ozone.om.ratis.snapshot.dir is not configured. Falling back to ozone.metadata.dirs config
2023-06-07 12:09:18,016 [Time-limited test] WARN  server.ServerUtils (ServerUtils.java:getDefaultRatisDirectory(323)) - Storage directory for Ratis is not configured. It is a good idea to map this to an SSD disk. Falling back to ozone.metadata.dirs
2023-06-07 12:09:18,017 [Time-limited test] INFO  ratis.OzoneManagerRatisServer (OzoneManagerRatisServer.java:<init>(163)) - Instantiating OM Ratis server with groupID: omServiceIdDefault and peers: fv-az83-744:9872
2023-06-07 12:09:18,018 [Time-limited test] INFO  ratis.OzoneManagerStateMachine (OzoneManagerStateMachine.java:loadSnapshotInfoFromDB(670)) - LastAppliedIndex is set from TransactionInfo from OM DB as (t:0, i:~)
2023-06-07 12:09:18,019 [Time-limited test] INFO  server.RaftServer (ConfUtils.java:logGet(46)) - raft.rpc.type = GRPC (default)
2023-06-07 12:09:18,019 [Time-limited test] INFO  grpc.GrpcConfigKeys (ConfUtils.java:logFallback(53)) - raft.grpc.admin.host = null (fallback to raft.grpc.server.host)
2023-06-07 12:09:18,019 [Time-limited test] INFO  grpc.GrpcConfigKeys (ConfUtils.java:logFallback(53)) - raft.grpc.admin.port = 9872 (fallback to raft.grpc.server.port)
2023-06-07 12:09:18,019 [Time-limited test] INFO  grpc.GrpcConfigKeys (ConfUtils.java:logFallback(53)) - raft.grpc.client.host = null (fallback to raft.grpc.server.host)
2023-06-07 12:09:18,019 [Time-limited test] INFO  grpc.GrpcConfigKeys (ConfUtils.java:logFallback(53)) - raft.grpc.client.port = 9872 (fallback to raft.grpc.server.port)
2023-06-07 12:09:18,019 [Time-limited test] INFO  grpc.GrpcConfigKeys (ConfUtils.java:logGet(46)) - raft.grpc.server.host = null (default)
2023-06-07 12:09:18,019 [Time-limited test] INFO  grpc.GrpcConfigKeys (ConfUtils.java:logGet(46)) - raft.grpc.server.port = 9872 (custom)
2023-06-07 12:09:18,019 [Time-limited test] INFO  server.GrpcService (ConfUtils.java:logGet(46)) - raft.grpc.message.size.max = 33554432 (custom)
2023-06-07 12:09:18,019 [Time-limited test] INFO  server.RaftServerConfigKeys (ConfUtils.java:logGet(46)) - raft.server.log.appender.buffer.byte-limit = 33554432 (custom)
2023-06-07 12:09:18,020 [Time-limited test] INFO  server.GrpcService (ConfUtils.java:logGet(46)) - raft.grpc.flow.control.window = 1MB (=1048576) (default)
2023-06-07 12:09:18,020 [Time-limited test] INFO  server.RaftServerConfigKeys (ConfUtils.java:logGet(46)) - raft.server.rpc.request.timeout = 3000ms (default)
2023-06-07 12:09:18,020 [Time-limited test] INFO  grpc.GrpcConfigKeys (ConfUtils.java:logGet(46)) - raft.grpc.server.heartbeat.channel = true (default)
2023-06-07 12:09:18,020 [Time-limited test] INFO  grpc.GrpcConfigKeys (ConfUtils.java:logGet(46)) - raft.grpc.server.async.request.thread.pool.cached = true (default)
2023-06-07 12:09:18,020 [Time-limited test] INFO  grpc.GrpcConfigKeys (ConfUtils.java:logGet(46)) - raft.grpc.server.async.request.thread.pool.size = 32 (default)
2023-06-07 12:09:18,021 [Time-limited test] INFO  impl.DataStreamServerImpl (ConfUtils.java:logGet(46)) - raft.datastream.type = DISABLED (default)
2023-06-07 12:09:18,021 [Time-limited test] INFO  server.RaftServerConfigKeys (ConfUtils.java:logGet(46)) - raft.server.threadpool.proxy.cached = true (default)
2023-06-07 12:09:18,021 [Time-limited test] INFO  server.RaftServerConfigKeys (ConfUtils.java:logGet(46)) - raft.server.threadpool.proxy.size = 0 (default)
2023-06-07 12:09:18,021 [Time-limited test] INFO  server.RaftServerConfigKeys (ConfUtils.java:logGet(46)) - raft.server.rpc.slowness.timeout = 120s (custom)
2023-06-07 12:09:18,022 [Time-limited test] INFO  server.RaftServerConfigKeys (ConfUtils.java:logGet(46)) - raft.server.leaderelection.leader.step-down.wait-time = 10s (default)
2023-06-07 12:09:18,022 [Time-limited test] INFO  server.RaftServerConfigKeys (ConfUtils.java:logGet(46)) - raft.server.storage.dir = [/tmp/junit10298548849317499/junit1205498027648408106/scm-meta/ratis] (custom)
2023-06-07 12:09:18,030 [Time-limited test] INFO  server.RaftServer (RaftServerProxy.java:addNew(98)) - om1: addNew group-C5BA1605619E:[om1|rpc:fv-az83-744:9872|priority:0|startupRole:FOLLOWER] returns group-C5BA1605619E:java.util.concurrent.CompletableFuture@16a51be3[Not completed]
2023-06-07 12:09:18,030 [Time-limited test] INFO  om.OzoneManager (OzoneManager.java:initializeRatisServer(2107)) - OzoneManager Ratis server initialized at port 9872
2023-06-07 12:09:18,030 [Time-limited test] INFO  om.OzoneManager (OzoneManager.java:getRpcServer(1166)) - Creating RPC Server
2023-06-07 12:09:18,033 [om1-groupManagement] INFO  server.RaftServer$Division (RaftServerImpl.java:<init>(198)) - om1: new RaftServerImpl for group-C5BA1605619E:[om1|rpc:fv-az83-744:9872|priority:0|startupRole:FOLLOWER] with OzoneManagerStateMachine:uninitialized
2023-06-07 12:09:18,040 [om1-groupManagement] INFO  server.RaftServerConfigKeys (ConfUtils.java:logGet(46)) - raft.server.rpc.timeout.min = 5s (custom)
2023-06-07 12:09:18,040 [om1-groupManagement] INFO  server.RaftServerConfigKeys (ConfUtils.java:logGet(46)) - raft.server.rpc.timeout.max = 5200ms (custom)
2023-06-07 12:09:18,041 [om1-groupManagement] INFO  server.RaftServerConfigKeys (ConfUtils.java:logGet(46)) - raft.server.rpc.sleep.time = 25ms (default)
2023-06-07 12:09:18,041 [om1-groupManagement] INFO  server.RaftServerConfigKeys (ConfUtils.java:logGet(46)) - raft.server.rpc.slowness.timeout = 120s (custom)
2023-06-07 12:09:18,041 [om1-groupManagement] INFO  server.RaftServerConfigKeys (ConfUtils.java:logGet(46)) - raft.server.leaderelection.leader.step-down.wait-time = 10s (default)
2023-06-07 12:09:18,041 [om1-groupManagement] INFO  server.RaftServerConfigKeys (ConfUtils.java:logGet(46)) - raft.server.sleep.deviation.threshold = 300ms (default)
2023-06-07 12:09:18,042 [om1-groupManagement] INFO  server.RaftServer$Division (ServerState.java:<init>(120)) - om1@group-C5BA1605619E: ConfigurationManager, init=-1: peers:[om1|rpc:fv-az83-744:9872|priority:0|startupRole:FOLLOWER]|listeners:[], old=null, confs=<EMPTY_MAP>
2023-06-07 12:09:18,042 [om1-groupManagement] INFO  server.RaftServerConfigKeys (ConfUtils.java:logGet(46)) - raft.server.storage.dir = [/tmp/junit10298548849317499/junit1205498027648408106/scm-meta/ratis] (custom)
2023-06-07 12:09:18,042 [om1-groupManagement] INFO  server.RaftServerConfigKeys (ConfUtils.java:logGet(46)) - raft.server.log.corruption.policy = EXCEPTION (default)
2023-06-07 12:09:18,042 [om1-groupManagement] INFO  server.RaftServerConfigKeys (ConfUtils.java:logGet(46)) - raft.server.storage.free-space.min = 0MB (=0) (default)
2023-06-07 12:09:18,042 [om1-groupManagement] INFO  server.RaftServerConfigKeys (ConfUtils.java:logGet(46)) - raft.server.notification.no-leader.timeout = 120s (custom)
2023-06-07 12:09:18,042 [om1-groupManagement] INFO  server.RaftServerConfigKeys (ConfUtils.java:logGet(46)) - raft.server.read.timeout = 10s (default)
2023-06-07 12:09:18,042 [om1-groupManagement] INFO  server.RaftServerConfigKeys (ConfUtils.java:logGet(46)) - raft.server.retrycache.expirytime = 300s (custom)
2023-06-07 12:09:18,042 [om1-groupManagement] INFO  server.RaftServerConfigKeys (ConfUtils.java:logGet(46)) - raft.server.retrycache.statistics.expirytime = 100μs (default)
2023-06-07 12:09:18,042 [om1-groupManagement] INFO  server.RaftServerConfigKeys (ConfUtils.java:logGet(46)) - raft.server.read.option = DEFAULT (default)
2023-06-07 12:09:18,043 [om1-groupManagement] INFO  server.RaftServerConfigKeys (ConfUtils.java:logGet(46)) - raft.server.rpc.request.timeout = 3000ms (default)
2023-06-07 12:09:18,043 [om1-groupManagement] INFO  server.RaftServerConfigKeys (ConfUtils.java:logGet(46)) - raft.server.log.appender.install.snapshot.enabled = false (custom)
2023-06-07 12:09:18,043 [om1-groupManagement] INFO  server.RaftServerConfigKeys (ConfUtils.java:logGet(46)) - raft.server.threadpool.server.cached = true (default)
2023-06-07 12:09:18,043 [om1-groupManagement] INFO  server.RaftServerConfigKeys (ConfUtils.java:logGet(46)) - raft.server.threadpool.server.size = 0 (default)
2023-06-07 12:09:18,043 [om1-groupManagement] INFO  server.RaftServerConfigKeys (ConfUtils.java:logGet(46)) - raft.server.threadpool.client.cached = true (default)
2023-06-07 12:09:18,043 [om1-groupManagement] INFO  server.RaftServerConfigKeys (ConfUtils.java:logGet(46)) - raft.server.threadpool.client.size = 0 (default)
2023-06-07 12:09:18,508 [Time-limited test] INFO  reflections.Reflections (Reflections.java:scan(232)) - Reflections took 476 ms to scan 19 urls, producing 69 keys and 5294 values [using 2 cores]
2023-06-07 12:09:18,511 [Time-limited test] INFO  ipc.CallQueueManager (CallQueueManager.java:<init>(90)) - Using callQueue: class java.util.concurrent.LinkedBlockingQueue, queueCapacity: 10000, scheduler: class org.apache.hadoop.ipc.DefaultRpcScheduler, ipcBackoff: false.
2023-06-07 12:09:18,512 [Socket Reader #1 for port 1202] INFO  ipc.Server (Server.java:run(1319)) - Starting Socket Reader #1 for port 1202
2023-06-07 12:09:18,518 [Listener at fv-az83-744/1202] INFO  hdds.HddsUtils (HddsUtils.java:preserveThreadName(843)) - Restoring thread name: Time-limited test
2023-06-07 12:09:18,562 [Time-limited test] INFO  server.StorageContainerManager (StorageContainerManager.java:stop(1560)) - Container Balancer is not running.
2023-06-07 12:09:18,562 [Time-limited test] INFO  server.StorageContainerManager (StorageContainerManager.java:stopReplicationManager(1691)) - Stopping Replication Manager Service.
2023-06-07 12:09:18,562 [Time-limited test] INFO  replication.ReplicationManager (ReplicationManager.java:stop(332)) - Stopping Replication Monitor Thread.
2023-06-07 12:09:18,562 [Under Replicated Processor] WARN  replication.UnhealthyReplicationProcessor (UnhealthyReplicationProcessor.java:run(167)) - Under Replicated Processor interrupted. Exiting...
2023-06-07 12:09:18,563 [Over Replicated Processor] WARN  replication.UnhealthyReplicationProcessor (UnhealthyReplicationProcessor.java:run(167)) - Over Replicated Processor interrupted. Exiting...
2023-06-07 12:09:18,564 [ReplicationMonitor] INFO  replication.ReplicationManager (ReplicationManager.java:run(938)) - Replication Monitor Thread is stopped
2023-06-07 12:09:18,564 [Time-limited test] INFO  server.StorageContainerManager (StorageContainerManager.java:stop(1569)) - Stopping the Datanode Admin Monitor.
2023-06-07 12:09:18,564 [Time-limited test] INFO  server.StorageContainerManager (StorageContainerManager.java:stop(1576)) - Stopping datanode service RPC server
2023-06-07 12:09:18,564 [Time-limited test] INFO  server.SCMDatanodeProtocolServer (SCMDatanodeProtocolServer.java:stop(424)) - Stopping the RPC server for DataNodes
2023-06-07 12:09:18,564 [Time-limited test] INFO  ipc.Server (Server.java:stop(3501)) - Stopping server on 9861
2023-06-07 12:09:18,569 [IPC Server Responder] INFO  ipc.Server (Server.java:run(1563)) - Stopping IPC Server Responder
2023-06-07 12:09:18,569 [IPC Server listener on 9861] INFO  ipc.Server (Server.java:run(1430)) - Stopping IPC Server listener on 9861
2023-06-07 12:09:19,863 [SCM Heartbeat Processing Thread - 0] WARN  node.NodeStateManager (NodeStateManager.java:scheduleNextHealthCheck(870)) - Current Thread is interrupted, shutting down HB processing thread for Node Manager.
2023-06-07 12:09:19,863 [Time-limited test] INFO  server.StorageContainerManager (StorageContainerManager.java:stop(1584)) - Stopping block service RPC server
2023-06-07 12:09:19,863 [Time-limited test] INFO  server.SCMBlockProtocolServer (SCMBlockProtocolServer.java:stop(161)) - Stopping the RPC server for Block Protocol
2023-06-07 12:09:19,863 [Time-limited test] INFO  ipc.Server (Server.java:stop(3501)) - Stopping server on 9863
2023-06-07 12:09:19,864 [IPC Server listener on 9863] INFO  ipc.Server (Server.java:run(1430)) - Stopping IPC Server listener on 9863
2023-06-07 12:09:19,865 [IPC Server Responder] INFO  ipc.Server (Server.java:run(1563)) - Stopping IPC Server Responder
2023-06-07 12:09:19,866 [Time-limited test] INFO  server.StorageContainerManager (StorageContainerManager.java:stop(1591)) - Stopping the StorageContainerLocationProtocol RPC server
2023-06-07 12:09:19,866 [Time-limited test] INFO  server.SCMClientProtocolServer (SCMClientProtocolServer.java:stop(210)) - Stopping the RPC server for Client Protocol
2023-06-07 12:09:19,866 [Time-limited test] INFO  ipc.Server (Server.java:stop(3501)) - Stopping server on 9860
2023-06-07 12:09:19,869 [IPC Server Responder] INFO  ipc.Server (Server.java:run(1563)) - Stopping IPC Server Responder
2023-06-07 12:09:19,870 [IPC Server listener on 9860] INFO  ipc.Server (Server.java:run(1430)) - Stopping IPC Server listener on 9860
2023-06-07 12:09:19,870 [Time-limited test] INFO  server.StorageContainerManager (StorageContainerManager.java:stop(1598)) - Stopping Storage Container Manager HTTP server.
2023-06-07 12:09:19,871 [Time-limited test] INFO  handler.ContextHandler (ContextHandler.java:doStop(1159)) - Stopped o.e.j.w.WebAppContext@29516701{scm,/,null,STOPPED}{file:/home/runner/work/ozone/ozone/hadoop-ozone/integration-test/target/test-classes/webapps/scm}
2023-06-07 12:09:19,874 [Time-limited test] INFO  server.AbstractConnector (AbstractConnector.java:doStop(383)) - Stopped ServerConnector@796b09d{HTTP/1.1, (http/1.1)}{0.0.0.0:9876}
2023-06-07 12:09:19,874 [Time-limited test] INFO  server.session (HouseKeeper.java:stopScavenging(149)) - node0 Stopped scavenging
2023-06-07 12:09:19,874 [Time-limited test] INFO  handler.ContextHandler (ContextHandler.java:doStop(1159)) - Stopped o.e.j.s.ServletContextHandler@5a9e29e7{static,/static,file:///home/runner/work/ozone/ozone/hadoop-ozone/integration-test/target/test-classes/webapps/static,STOPPED}
2023-06-07 12:09:19,874 [Time-limited test] INFO  handler.ContextHandler (ContextHandler.java:doStop(1159)) - Stopped o.e.j.s.ServletContextHandler@1eccf709{logs,/logs,file:///home/runner/work/ozone/ozone/hadoop-ozone/integration-test/target/log,STOPPED}
2023-06-07 12:09:19,880 [Time-limited test] INFO  server.StorageContainerManager (StorageContainerManager.java:stop(1606)) - Stopping SCM LayoutVersionManager Service.
2023-06-07 12:09:19,880 [Time-limited test] INFO  server.SCMSecurityProtocolServer (SCMSecurityProtocolServer.java:stop(403)) - Stopping the SCMSecurityProtocolServer.
2023-06-07 12:09:19,880 [Time-limited test] INFO  ipc.Server (Server.java:stop(3501)) - Stopping server on 9961
2023-06-07 12:09:19,881 [IPC Server listener on 9961] INFO  ipc.Server (Server.java:run(1430)) - Stopping IPC Server listener on 9961
2023-06-07 12:09:19,882 [IPC Server Responder] INFO  ipc.Server (Server.java:run(1563)) - Stopping IPC Server Responder
2023-06-07 12:09:19,882 [Time-limited test] INFO  server.SCMUpdateServiceGrpcServer (SCMUpdateServiceGrpcServer.java:stop(73)) - SCMUpdateService stopping
2023-06-07 12:09:19,883 [Time-limited test] INFO  server.SCMUpdateServiceGrpcServer (SCMUpdateServiceGrpcServer.java:stop(85)) - SCMUpdateService stopped!
2023-06-07 12:09:19,883 [Time-limited test] INFO  server.StorageContainerManager (StorageContainerManager.java:stop(1614)) - Stopping Block Manager Service.
2023-06-07 12:09:19,883 [Time-limited test] INFO  utils.BackgroundService (BackgroundService.java:shutdown(141)) - Shutting down service SCMBlockDeletingService
2023-06-07 12:09:19,883 [Time-limited test] INFO  utils.BackgroundService (BackgroundService.java:shutdown(141)) - Shutting down service SCMBlockDeletingService
2023-06-07 12:09:19,883 [Time-limited test] INFO  server.StorageContainerManager (StorageContainerManager.java:stop(1636)) - Stopping SCM Event Queue.
2023-06-07 12:09:19,884 [JvmPauseMonitor6] INFO  util.JvmPauseMonitor (JvmPauseMonitor.java:run(109)) - JvmPauseMonitor-77ccfaa0-8648-4621-a312-562820909334: Stopped
2023-06-07 12:09:19,884 [Time-limited test] INFO  server.StorageContainerManager (StorageContainerManager.java:stop(1647)) - Stopping SCM HA services.
2023-06-07 12:09:19,884 [Time-limited test] INFO  pipeline.BackgroundPipelineCreator (BackgroundPipelineCreator.java:stop(149)) - Stopping RatisPipelineUtilsThread.
2023-06-07 12:09:19,884 [RatisPipelineUtilsThread - 0] WARN  pipeline.BackgroundPipelineCreator (BackgroundPipelineCreator.java:run(180)) - RatisPipelineUtilsThread is interrupted.
2023-06-07 12:09:19,884 [Time-limited test] INFO  BackgroundPipelineScrubber (BackgroundSCMService.java:stop(131)) - Stopping BackgroundPipelineScrubber Service.
2023-06-07 12:09:19,885 [Time-limited test] INFO  impl.MetricsSystemImpl (MetricsSystemImpl.java:stop(210)) - Stopping StorageContainerManager metrics system...
2023-06-07 12:09:19,885 [BackgroundPipelineScrubberThread] WARN  BackgroundPipelineScrubber (BackgroundSCMService.java:run(115)) - BackgroundPipelineScrubber is interrupted, exit
2023-06-07 12:09:19,886 [prometheus] INFO  impl.MetricsSinkAdapter (MetricsSinkAdapter.java:publishMetricsFromQueue(141)) - prometheus thread interrupted.
2023-06-07 12:09:19,887 [Time-limited test] INFO  impl.MetricsSystemImpl (MetricsSystemImpl.java:stop(216)) - StorageContainerManager metrics system stopped.
2023-06-07 12:09:19,887 [Time-limited test] WARN  pipeline.BackgroundPipelineCreator (BackgroundPipelineCreator.java:stop(145)) - RatisPipelineUtilsThread is not running, just ignore.
2023-06-07 12:09:19,887 [Time-limited test] INFO  BackgroundPipelineScrubber (BackgroundSCMService.java:stop(126)) - BackgroundPipelineScrubber Service is not running, skip stop.
2023-06-07 12:09:19,887 [ExpiredContainerReplicaOpScrubberThread] WARN  ExpiredContainerReplicaOpScrubber (BackgroundSCMService.java:run(115)) - ExpiredContainerReplicaOpScrubber is interrupted, exit
2023-06-07 12:09:19,887 [Time-limited test] INFO  ExpiredContainerReplicaOpScrubber (BackgroundSCMService.java:stop(131)) - Stopping ExpiredContainerReplicaOpScrubber Service.
2023-06-07 12:09:19,887 [Time-limited test] INFO  utils.BackgroundService (BackgroundService.java:shutdown(141)) - Shutting down service SCMBlockDeletingService
2023-06-07 12:09:19,887 [Time-limited test] INFO  replication.ReplicationManager (ReplicationManager.java:stop(342)) - Replication Monitor Thread is not running.
2023-06-07 12:09:19,887 [Time-limited test] WARN  balancer.ContainerBalancer (ContainerBalancer.java:stop(328)) - Cannot stop Container Balancer because it's not running or stopping
2023-06-07 12:09:19,888 [Time-limited test] INFO  server.StorageContainerManager (StorageContainerManager.java:stop(1682)) - Stopping SCM MetadataStore.
2023-06-07 12:09:19,890 [Time-limited test] INFO  om.OzoneManager (OzoneManager.java:stop(2166)) - om1[fv-az83-744:1202]: Stopping Ozone Manager
2023-06-07 12:09:19,890 [Time-limited test] INFO  ipc.Server (Server.java:stop(3501)) - Stopping server on 1202
2023-06-07 12:09:19,896 [Time-limited test] INFO  ratis.OzoneManagerStateMachine (OzoneManagerStateMachine.java:close(533)) - StateMachine has shutdown. Shutdown OzoneManager if not already shutdown.
2023-06-07 12:09:19,896 [Time-limited test] INFO  ratis.OzoneManagerDoubleBuffer (OzoneManagerDoubleBuffer.java:stopDaemon(559)) - Stopping OMDoubleBuffer flush thread
2023-06-07 12:09:19,896 [OMDoubleBufferFlushThread] INFO  ratis.OzoneManagerDoubleBuffer (OzoneManagerDoubleBuffer.java:canFlush(648)) - OMDoubleBuffer flush thread OMDoubleBufferFlushThread is interrupted and will exit.
2023-06-07 12:09:19,896 [Time-limited test] INFO  om.OzoneManager (OzoneManager.java:stopSecretManager(1058)) - Stopping OM delegation token secret manager.
2023-06-07 12:09:19,898 [Time-limited test] INFO  snapshot.SnapshotDiffManager (SnapshotDiffManager.java:closeExecutorService(1278)) - Shutting down executorService: 'SnapDiffExecutor'
2023-06-07 12:09:19,898 [Time-limited test] INFO  utils.BackgroundService (BackgroundService.java:shutdown(141)) - Shutting down service SnapshotDiffCleanupService
2023-06-07 12:09:19,900 [Time-limited test] INFO  om.OzoneManager (OzoneManager.java:stop(2166)) - om1[fv-az83-744:1202]: Stopping Ozone Manager
2023-06-07 12:09:19,901 [Time-limited test] INFO  impl.DefaultInternalKdcServerImpl (DefaultInternalKdcServerImpl.java:doStop(102)) - Default Internal kdc server stopped.
2023-06-07 12:09:20,901 [Time-limited test] INFO  minikdc.MiniKdc (MiniKdc.java:stop(359)) - MiniKdc stopped.
2023-06-07 12:09:20,901 [Time-limited test] INFO  server.StorageContainerManager (StorageContainerManager.java:stop(1549)) - Storage Container Manager is not running.
2023-06-07 12:09:20,901 [Time-limited test] INFO  server.StorageContainerManager (StorageContainerManager.java:stopReplicationManager(1691)) - Stopping Replication Manager Service.
2023-06-07 12:09:20,901 [Time-limited test] INFO  replication.ReplicationManager (ReplicationManager.java:stop(342)) - Replication Monitor Thread is not running.
2023-06-07 12:09:20,901 [Time-limited test] INFO  server.SCMSecurityProtocolServer (SCMSecurityProtocolServer.java:join(413)) - Join RPC server for SCMSecurityProtocolServer.
2023-06-07 12:09:20,901 [Time-limited test] INFO  server.SCMSecurityProtocolServer (SCMSecurityProtocolServer.java:join(415)) - Join gRPC server for SCMSecurityProtocolServer.
2023-06-07 12:09:20,901 [Time-limited test] INFO  om.OzoneManager (OzoneManager.java:stop(2166)) - om1[fv-az83-744:1202]: Stopping Ozone Manager
]]></system-out>
  </testcase>
  <testcase name="testSecureOmInitializationSuccess" classname="org.apache.hadoop.ozone.TestSecureOzoneCluster" time="4.959">
    <system-out><![CDATA[2023-06-07 12:09:20,934 [Time-limited test] INFO  net.ServerSocketUtil (ServerSocketUtil.java:getPort(55)) - Using port 9860
2023-06-07 12:09:20,934 [Time-limited test] INFO  net.ServerSocketUtil (ServerSocketUtil.java:getPort(55)) - Using port 9861
2023-06-07 12:09:20,934 [Time-limited test] INFO  net.ServerSocketUtil (ServerSocketUtil.java:getPort(55)) - Using port 9863
2023-06-07 12:09:21,006 [Time-limited test] INFO  net.ServerSocketUtil (ServerSocketUtil.java:getPort(55)) - Using port 9961
2023-06-07 12:09:21,006 [Time-limited test] INFO  net.ServerSocketUtil (ServerSocketUtil.java:getPort(55)) - Using port 1200
2023-06-07 12:09:21,006 [Time-limited test] INFO  net.ServerSocketUtil (ServerSocketUtil.java:getPort(55)) - Using port 1201
2023-06-07 12:09:21,006 [Time-limited test] INFO  minikdc.MiniKdc (MiniKdc.java:<init>(225)) - Configuration:
2023-06-07 12:09:21,007 [Time-limited test] INFO  minikdc.MiniKdc (MiniKdc.java:<init>(226)) - ---------------------------------------------------------------
2023-06-07 12:09:21,007 [Time-limited test] INFO  minikdc.MiniKdc (MiniKdc.java:<init>(228)) -   debug: false
2023-06-07 12:09:21,007 [Time-limited test] INFO  minikdc.MiniKdc (MiniKdc.java:<init>(228)) -   transport: TCP
2023-06-07 12:09:21,007 [Time-limited test] INFO  minikdc.MiniKdc (MiniKdc.java:<init>(228)) -   max.ticket.lifetime: 86400000
2023-06-07 12:09:21,007 [Time-limited test] INFO  minikdc.MiniKdc (MiniKdc.java:<init>(228)) -   org.name: EXAMPLE
2023-06-07 12:09:21,007 [Time-limited test] INFO  minikdc.MiniKdc (MiniKdc.java:<init>(228)) -   kdc.port: 0
2023-06-07 12:09:21,007 [Time-limited test] INFO  minikdc.MiniKdc (MiniKdc.java:<init>(228)) -   org.domain: COM
2023-06-07 12:09:21,007 [Time-limited test] INFO  minikdc.MiniKdc (MiniKdc.java:<init>(228)) -   max.renewable.lifetime: 604800000
2023-06-07 12:09:21,007 [Time-limited test] INFO  minikdc.MiniKdc (MiniKdc.java:<init>(228)) -   instance: DefaultKrbServer
2023-06-07 12:09:21,007 [Time-limited test] INFO  minikdc.MiniKdc (MiniKdc.java:<init>(228)) -   kdc.bind.address: localhost
2023-06-07 12:09:21,007 [Time-limited test] INFO  minikdc.MiniKdc (MiniKdc.java:<init>(230)) - ---------------------------------------------------------------
2023-06-07 12:09:21,017 [Time-limited test] INFO  minikdc.MiniKdc (MiniKdc.java:start(285)) - MiniKdc started.
2023-06-07 12:09:21,346 [Time-limited test] WARN  server.ServerUtils (ServerUtils.java:getScmDbDir(155)) - ozone.scm.db.dirs is not configured. We recommend adding this setting. Falling back to ozone.metadata.dirs instead.
2023-06-07 12:09:21,347 [Time-limited test] INFO  ha.HASecurityUtils (HASecurityUtils.java:initializeSecurity(93)) - Initializing secure StorageContainerManager.
2023-06-07 12:09:21,347 [Time-limited test] INFO  client.SCMCertificateClient (DefaultCertificateClient.java:init(650)) - Certificate client init case: 0
2023-06-07 12:09:21,347 [Time-limited test] INFO  client.SCMCertificateClient (SCMCertificateClient.java:handleCase(68)) - Creating keypair for client as keypair and certificate not found.
2023-06-07 12:09:21,667 [Time-limited test] INFO  ha.HASecurityUtils (HASecurityUtils.java:initializeSecurity(99)) - Init response: GETCERT
2023-06-07 12:09:21,869 [Time-limited test] INFO  ozone.OzoneSecurityUtil (OzoneSecurityUtil.java:getValidInetsForCurrentHost(118)) - ip:fe80:0:0:0:20d:3aff:fe5e:ae76%eth0 not returned.
2023-06-07 12:09:21,869 [Time-limited test] INFO  ozone.OzoneSecurityUtil (OzoneSecurityUtil.java:getValidInetsForCurrentHost(115)) - Adding ip:10.1.0.7,host:fv-az83-744
2023-06-07 12:09:21,869 [Time-limited test] INFO  ozone.OzoneSecurityUtil (OzoneSecurityUtil.java:getValidInetsForCurrentHost(118)) - ip:0:0:0:0:0:0:0:1%lo not returned.
2023-06-07 12:09:21,869 [Time-limited test] INFO  ozone.OzoneSecurityUtil (OzoneSecurityUtil.java:getValidInetsForCurrentHost(118)) - ip:127.0.0.1 not returned.
2023-06-07 12:09:21,869 [Time-limited test] ERROR utils.SelfSignedCertificate (SelfSignedCertificate.java:lambda$addInetAddresses$0(245)) - Invalid domain fv-az83-744
2023-06-07 12:09:21,872 [Time-limited test] INFO  utils.SelfSignedCertificate (SelfSignedCertificate.java:generateCertificate(158)) - Certificate 1 is issued by CN=scm@fv-az83-744,OU=a9796049-81c4-40dc-a2ab-ca95d0c5766c,O=1bd945ef-dbe1-4657-b0d2-e8d057efeb58 to CN=scm@fv-az83-744,OU=a9796049-81c4-40dc-a2ab-ca95d0c5766c,O=1bd945ef-dbe1-4657-b0d2-e8d057efeb58, valid from Wed Jun 07 12:09:21 UTC 2023 to Sat Jul 15 12:09:21 UTC 2028
2023-06-07 12:09:21,873 [Time-limited test] INFO  ozone.OzoneSecurityUtil (OzoneSecurityUtil.java:getValidInetsForCurrentHost(118)) - ip:fe80:0:0:0:20d:3aff:fe5e:ae76%eth0 not returned.
2023-06-07 12:09:21,874 [Time-limited test] INFO  ozone.OzoneSecurityUtil (OzoneSecurityUtil.java:getValidInetsForCurrentHost(115)) - Adding ip:10.1.0.7,host:fv-az83-744
2023-06-07 12:09:21,874 [Time-limited test] INFO  ozone.OzoneSecurityUtil (OzoneSecurityUtil.java:getValidInetsForCurrentHost(118)) - ip:0:0:0:0:0:0:0:1%lo not returned.
2023-06-07 12:09:21,874 [Time-limited test] INFO  ozone.OzoneSecurityUtil (OzoneSecurityUtil.java:getValidInetsForCurrentHost(118)) - ip:127.0.0.1 not returned.
2023-06-07 12:09:21,874 [Time-limited test] ERROR utils.CertificateSignRequest (CertificateSignRequest.java:lambda$addInetAddresses$0(296)) - Invalid domain fv-az83-744
2023-06-07 12:09:21,874 [Time-limited test] INFO  ha.HASecurityUtils (HASecurityUtils.java:generateCSR(280)) - Creating csr for SCM->hostName:fv-az83-744,scmId:a9796049-81c4-40dc-a2ab-ca95d0c5766c,clusterId:1bd945ef-dbe1-4657-b0d2-e8d057efeb58,subject:scm-sub@fv-az83-744
2023-06-07 12:09:21,889 [Time-limited test] INFO  ha.HASecurityUtils (HASecurityUtils.java:initializeSecurity(112)) - Successfully stored SCM signed certificate.
2023-06-07 12:09:21,892 [Time-limited test] WARN  server.ServerUtils (ServerUtils.java:getScmDbDir(155)) - ozone.scm.db.dirs is not configured. We recommend adding this setting. Falling back to ozone.metadata.dirs instead.
2023-06-07 12:09:21,893 [Time-limited test] INFO  ha.SCMHANodeDetails (SCMHANodeDetails.java:loadSCMHAConfig(209)) - ServiceID for StorageContainerManager is null
2023-06-07 12:09:21,895 [Time-limited test] INFO  ha.SCMHANodeDetails (SCMHANodeDetails.java:loadSCMHAConfig(214)) - ozone.scm.default.service.id is not defined, falling back to ozone.scm.service.ids to find serviceID for StorageContainerManager if it is HA enabled cluster
2023-06-07 12:09:21,896 [Time-limited test] INFO  client.SCMCertificateClient (DefaultCertificateClient.java:loadAllCertificates(151)) - Loading certificate from location:/tmp/junit352423656596461446/junit3322020391720915808/scm-meta/scm/sub-ca/certs.
2023-06-07 12:09:21,897 [Time-limited test] INFO  client.SCMCertificateClient (DefaultCertificateClient.java:loadAllCertificates(195)) - Added certificate   [0]         Version: 3
         SerialNumber: 4022458333016
             IssuerDN: CN=scm@fv-az83-744,OU=a9796049-81c4-40dc-a2ab-ca95d0c5766c,O=1bd945ef-dbe1-4657-b0d2-e8d057efeb58
           Start Date: Wed Jun 07 12:09:21 UTC 2023
           Final Date: Sat Jul 15 12:09:21 UTC 2028
            SubjectDN: CN=scm-sub@fv-az83-744,OU=a9796049-81c4-40dc-a2ab-ca95d0c5766c,O=1bd945ef-dbe1-4657-b0d2-e8d057efeb58
           Public Key: RSA Public Key [f2:a9:51:6a:80:b4:0d:a1:75:71:0d:95:53:eb:59:aa:7f:6d:55:96],[56:66:d1:a4]
        modulus: cbe123db633bca4c8de9e5c20c42897d0a90667ab3f664689a5724e610e8253f902af2e6baf2b314107631903f83e01ac205994eaa87f115c12d0581bf19936d3f36541cd7437df67697a324c379566ad260c2318cba642922f67cfc4385ba731da0b3eb68e789ed46da1c8353bd4022f4036eb05d662b0b5b80c29fc4c288027388b87dc9910410a321b218dc2abbde74e64ed9d65bf7d340ea7627f67e907c766cbf74976cc7bc38c099fb8cde2d23a9edb090e0df8828ea53b86a2112e211ac6e614e4f7261ba6fbb88478cd4a9a2787fb8c1f2a311735a335f18dc5540cd93e47489b28974709ab530e2cf16eec03e0cb25b30ec2a47670f3f13612440e7
public exponent: 10001

  Signature Algorithm: SHA256WITHRSA
            Signature: 51dfbc642ab1116a29469d3eac8c227edf0848d8
                       6f58712ffb868c5fddd10861ba7c5e981dc869d6
                       a4ab02744131c6bd0ad57ac1f6bab759d8801618
                       d00a02d00890e79cd7bc56bc56ede8acd1a41b4b
                       2ea3870deab71d44411c7b6d2433c2975fb979d4
                       e24a513b7063f5e4b2f8e5b90c76a28a9fffdc88
                       88ef22d3ae8b732519fccd6b5da482820945d864
                       4188b68cf8208e98dc557d3861ba7ab19addf4d7
                       28ffa8a658bf3fa041584d9f1c796e47d6065314
                       1d12a9f4599c202bdefc2c4248042a3cd039c557
                       37ee7e6ca3ee396f92ae94a9b2503b24145b50ea
                       da4ade6692f34609097d1f300862c615292c3908
                       8e8e53a5ca83094f528f3c21a1525128
       Extensions: 
                       critical(false) 2.5.29.17 value = Sequence
    Tagged [7] IMPLICIT 
        DER Octet String[4] 

                       critical(true) BasicConstraints: isCa(true)
                       critical(true) KeyUsage: 0xbe
 from file:/tmp/junit352423656596461446/junit3322020391720915808/scm-meta/scm/sub-ca/certs/4022458333016.crt.
2023-06-07 12:09:21,898 [Time-limited test] INFO  client.SCMCertificateClient (DefaultCertificateClient.java:loadAllCertificates(195)) - Added certificate   [0]         Version: 3
         SerialNumber: 4022458333016
             IssuerDN: CN=scm@fv-az83-744,OU=a9796049-81c4-40dc-a2ab-ca95d0c5766c,O=1bd945ef-dbe1-4657-b0d2-e8d057efeb58
           Start Date: Wed Jun 07 12:09:21 UTC 2023
           Final Date: Sat Jul 15 12:09:21 UTC 2028
            SubjectDN: CN=scm-sub@fv-az83-744,OU=a9796049-81c4-40dc-a2ab-ca95d0c5766c,O=1bd945ef-dbe1-4657-b0d2-e8d057efeb58
           Public Key: RSA Public Key [f2:a9:51:6a:80:b4:0d:a1:75:71:0d:95:53:eb:59:aa:7f:6d:55:96],[56:66:d1:a4]
        modulus: cbe123db633bca4c8de9e5c20c42897d0a90667ab3f664689a5724e610e8253f902af2e6baf2b314107631903f83e01ac205994eaa87f115c12d0581bf19936d3f36541cd7437df67697a324c379566ad260c2318cba642922f67cfc4385ba731da0b3eb68e789ed46da1c8353bd4022f4036eb05d662b0b5b80c29fc4c288027388b87dc9910410a321b218dc2abbde74e64ed9d65bf7d340ea7627f67e907c766cbf74976cc7bc38c099fb8cde2d23a9edb090e0df8828ea53b86a2112e211ac6e614e4f7261ba6fbb88478cd4a9a2787fb8c1f2a311735a335f18dc5540cd93e47489b28974709ab530e2cf16eec03e0cb25b30ec2a47670f3f13612440e7
public exponent: 10001

  Signature Algorithm: SHA256WITHRSA
            Signature: 51dfbc642ab1116a29469d3eac8c227edf0848d8
                       6f58712ffb868c5fddd10861ba7c5e981dc869d6
                       a4ab02744131c6bd0ad57ac1f6bab759d8801618
                       d00a02d00890e79cd7bc56bc56ede8acd1a41b4b
                       2ea3870deab71d44411c7b6d2433c2975fb979d4
                       e24a513b7063f5e4b2f8e5b90c76a28a9fffdc88
                       88ef22d3ae8b732519fccd6b5da482820945d864
                       4188b68cf8208e98dc557d3861ba7ab19addf4d7
                       28ffa8a658bf3fa041584d9f1c796e47d6065314
                       1d12a9f4599c202bdefc2c4248042a3cd039c557
                       37ee7e6ca3ee396f92ae94a9b2503b24145b50ea
                       da4ade6692f34609097d1f300862c615292c3908
                       8e8e53a5ca83094f528f3c21a1525128
       Extensions: 
                       critical(false) 2.5.29.17 value = Sequence
    Tagged [7] IMPLICIT 
        DER Octet String[4] 

                       critical(true) BasicConstraints: isCa(true)
                       critical(true) KeyUsage: 0xbe
 from file:/tmp/junit352423656596461446/junit3322020391720915808/scm-meta/scm/sub-ca/certs/certificate.crt.
2023-06-07 12:09:21,899 [Time-limited test] INFO  client.SCMCertificateClient (DefaultCertificateClient.java:loadAllCertificates(195)) - Added certificate   [0]         Version: 3
         SerialNumber: 1
             IssuerDN: CN=scm@fv-az83-744,OU=a9796049-81c4-40dc-a2ab-ca95d0c5766c,O=1bd945ef-dbe1-4657-b0d2-e8d057efeb58
           Start Date: Wed Jun 07 12:09:21 UTC 2023
           Final Date: Sat Jul 15 12:09:21 UTC 2028
            SubjectDN: CN=scm@fv-az83-744,OU=a9796049-81c4-40dc-a2ab-ca95d0c5766c,O=1bd945ef-dbe1-4657-b0d2-e8d057efeb58
           Public Key: RSA Public Key [57:97:f2:8e:f9:2d:52:45:8d:d1:a7:7d:0f:a1:f7:d9:e6:cb:4a:23],[56:66:d1:a4]
        modulus: e522f123928ed53c20a20c513e31d53ddf26db878a8deb218c17aea9a39a89ab0f2bf72c43e5f78e5281f477b57867a17b7db6724447f56392f65ea30c30fdb43b1d982a7d2e03e1046e16d51c33ea0c5851cd76b3c1d717b33cc51ea5a428c1bc789ea6e4c875e4416ea45795c86c038d71af4c7ffccf99ceeba3f60b9660412e8e3d807f2b1c37361b9ff31636b89b25171d541ddd1b2fb87cde86fcf7708722ce492e89f135c59874d8022a66e6338ae0292aa9bfe8fae408dbc0dd7b07f15eb1998cf05138e9f000879c0c471fe76b7115b642cea7bdfc6a07256042a8396fadd99a8b60e4849ebd7d1d73e84264deb240ef97e4b4e83d7d9b4baf3f6989
public exponent: 10001

  Signature Algorithm: SHA256WITHRSA
            Signature: 5785e58f46a6d0ae19d4932fbc9f6da39d547c20
                       4eb11ad3aa1578c643cd11c1ab395a15ab8ef815
                       e915c885d44f1c883540c7237372d166d6532b76
                       b1aadb7bbfc2deeef9ea86d05744bcd943e9023c
                       fa41d0798214b945a6c53bbe00d7d7052736a0fc
                       6733cea27b156b1310e095b9f8eb0531f7cbf91c
                       2fc4229c9998f677e8bdd5cb2c1814285f111efd
                       7e99c8d13a6221d550359e219079b580872831c5
                       f832c5e6d3a9d91c4a2b757333cbc3945dc16f48
                       802605515a00cced14e8f0e05b399c148e995a53
                       e4bef851026ef2b3a4afa6b64c5cb8485340f37c
                       e910759671a179fab8d2c01fa57c2df5d639e128
                       38b362fde7774eb897690ad40b05120e
       Extensions: 
                       critical(true) BasicConstraints: isCa(true)
                       critical(true) KeyUsage: 0x6
                       critical(false) 2.5.29.17 value = Sequence
    Tagged [7] IMPLICIT 
        DER Octet String[4] 

 from file:/tmp/junit352423656596461446/junit3322020391720915808/scm-meta/scm/sub-ca/certs/CA-1.crt.
2023-06-07 12:09:21,905 [Time-limited test] INFO  client.SCMCertificateClient (DefaultCertificateClient.java:startCertificateMonitor(1208)) - CertificateLifetimeMonitor for scm/sub-ca is started with first delay 161135989101 ms and interval 3333 ms.
2023-06-07 12:09:21,915 [pool-368-thread-1] INFO  request.KdcRequest (KdcRequest.java:preauth(651)) - The preauth data is empty.
2023-06-07 12:09:21,916 [pool-368-thread-1] INFO  server.KdcHandler (KdcHandler.java:handleRecoverableException(177)) - KRB error occurred while processing request:Additional pre-authentication required
2023-06-07 12:09:21,922 [pool-368-thread-2] INFO  request.AsRequest (AsRequest.java:issueTicket(112)) - AS_REQ ISSUE: authtime 1686139761921,scm/fv-az83-744@EXAMPLE.COM for krbtgt/EXAMPLE.COM@EXAMPLE.COM
2023-06-07 12:09:21,923 [Time-limited test] INFO  security.UserGroupInformation (UserGroupInformation.java:loginUserFromKeytab(1132)) - Login successful for user scm/fv-az83-744@EXAMPLE.COM using keytab file scm.keytab. Keytab auto renewal enabled : false
2023-06-07 12:09:21,923 [Time-limited test] INFO  server.StorageContainerManager (StorageContainerManager.java:loginAsSCMUserIfSecurityEnabled(1025)) - SCM login successful.
2023-06-07 12:09:21,923 [Time-limited test] WARN  utils.HAUtils (HAUtils.java:getMetaDir(352)) - ozone.scm.db.dirs is not configured. We recommend adding this setting. Falling back to ozone.metadata.dirs instead.
2023-06-07 12:09:21,924 [Time-limited test] WARN  db.DBStoreBuilder (DBStoreBuilder.java:applyDBDefinition(165)) - ozone.scm.db.dirs is not configured. We recommend adding this setting. Falling back to ozone.metadata.dirs instead.
2023-06-07 12:09:22,029 [Time-limited test] INFO  net.NodeSchemaLoader (NodeSchemaLoader.java:loadSchemaFromFile(129)) - Loading schema from [jar:file:/home/runner/.m2/repository/org/apache/ozone/hdds-common/1.4.0-SNAPSHOT/hdds-common-1.4.0-SNAPSHOT.jar!/network-topology-default.xml]
2023-06-07 12:09:22,029 [Time-limited test] INFO  net.NodeSchemaLoader (NodeSchemaLoader.java:loadSchema(176)) - Loading network topology layer schema file
2023-06-07 12:09:22,032 [Time-limited test] INFO  upgrade.AbstractLayoutVersionManager (AbstractLayoutVersionManager.java:init(83)) - Initializing Layout version manager with metadata layout = HADOOP_PRC_PORTS_IN_DATANODEDETAILS (version = 7), software layout = HADOOP_PRC_PORTS_IN_DATANODEDETAILS (version = 7)
2023-06-07 12:09:22,036 [Time-limited test] INFO  ha.SequenceIdGenerator (SequenceIdGenerator.java:upgradeToSequenceId(349)) - upgrade localId to 111677748019200000
2023-06-07 12:09:22,037 [Time-limited test] INFO  ha.SequenceIdGenerator (SequenceIdGenerator.java:upgradeToSequenceId(359)) - upgrade delTxnId to 0
2023-06-07 12:09:22,037 [Time-limited test] INFO  ha.SequenceIdGenerator (SequenceIdGenerator.java:upgradeToSequenceId(376)) - upgrade containerId to 0
2023-06-07 12:09:22,037 [Time-limited test] INFO  ha.SequenceIdGenerator (SequenceIdGenerator.java:<init>(220)) - Init the HA SequenceIdGenerator.
2023-06-07 12:09:22,038 [Time-limited test] INFO  node.SCMNodeManager (SCMNodeManager.java:<init>(159)) - Entering startup safe mode.
2023-06-07 12:09:22,040 [Time-limited test] INFO  algorithms.ContainerPlacementPolicyFactory (ContainerPlacementPolicyFactory.java:getPolicyInternal(86)) - Create container placement policy of type org.apache.hadoop.hdds.scm.container.placement.algorithms.SCMContainerPlacementRackAware
2023-06-07 12:09:22,040 [Time-limited test] INFO  algorithms.ContainerPlacementPolicyFactory (ContainerPlacementPolicyFactory.java:getPolicyInternal(86)) - Create container placement policy of type org.apache.hadoop.hdds.scm.container.placement.algorithms.SCMContainerPlacementRackScatter
2023-06-07 12:09:22,040 [Time-limited test] INFO  pipeline.PipelineStateManagerImpl (PipelineStateManagerImpl.java:initialize(78)) - No pipeline exists in current db
2023-06-07 12:09:22,040 [Time-limited test] INFO  algorithms.LeaderChoosePolicyFactory (LeaderChoosePolicyFactory.java:getPolicy(57)) - Create leader choose policy of type org.apache.hadoop.hdds.scm.pipeline.leader.choose.algorithms.MinLeaderCountChoosePolicy
2023-06-07 12:09:22,040 [Time-limited test] INFO  algorithms.ContainerPlacementPolicyFactory (ContainerPlacementPolicyFactory.java:getPolicyInternal(86)) - Create container placement policy of type org.apache.hadoop.hdds.scm.container.placement.algorithms.SCMContainerPlacementRackScatter
2023-06-07 12:09:22,040 [Time-limited test] INFO  ha.SCMServiceManager (SCMServiceManager.java:register(42)) - Registering service BackgroundPipelineCreator.
2023-06-07 12:09:22,040 [Time-limited test] INFO  pipeline.BackgroundPipelineCreator (BackgroundPipelineCreator.java:start(124)) - Starting RatisPipelineUtilsThread.
2023-06-07 12:09:22,041 [Time-limited test] INFO  BackgroundPipelineScrubber (BackgroundSCMService.java:start(68)) - Starting BackgroundPipelineScrubber Service.
2023-06-07 12:09:22,041 [Time-limited test] INFO  ha.SCMServiceManager (SCMServiceManager.java:register(42)) - Registering service BackgroundPipelineScrubber.
2023-06-07 12:09:22,041 [Time-limited test] INFO  ExpiredContainerReplicaOpScrubber (BackgroundSCMService.java:start(68)) - Starting ExpiredContainerReplicaOpScrubber Service.
2023-06-07 12:09:22,041 [Time-limited test] INFO  ha.SCMServiceManager (SCMServiceManager.java:register(42)) - Registering service ExpiredContainerReplicaOpScrubber.
2023-06-07 12:09:22,043 [Time-limited test] INFO  algorithms.PipelineChoosePolicyFactory (PipelineChoosePolicyFactory.java:createPipelineChoosePolicyFromClass(73)) - Create pipeline choose policy of type org.apache.hadoop.hdds.scm.pipeline.choose.algorithms.RandomPipelineChoosePolicy
2023-06-07 12:09:22,043 [Time-limited test] INFO  ha.SCMServiceManager (SCMServiceManager.java:register(42)) - Registering service SCMBlockDeletingService.
2023-06-07 12:09:22,044 [Time-limited test] INFO  replication.ReplicationManager (ReplicationManager.java:start(299)) - Starting Replication Monitor Thread.
2023-06-07 12:09:22,045 [Time-limited test] INFO  ha.SCMServiceManager (SCMServiceManager.java:register(42)) - Registering service ReplicationManager.
2023-06-07 12:09:22,046 [Time-limited test] INFO  safemode.ContainerSafeModeRule (ContainerSafeModeRule.java:<init>(89)) - containers with one replica threshold count 0
2023-06-07 12:09:22,046 [Time-limited test] INFO  safemode.HealthyPipelineSafeModeRule (HealthyPipelineSafeModeRule.java:initializeRule(169)) - Total pipeline count is 0, healthy pipeline threshold count is 0
2023-06-07 12:09:22,046 [Time-limited test] INFO  safemode.OneReplicaPipelineSafeModeRule (OneReplicaPipelineSafeModeRule.java:initializeRule(180)) - Total pipeline count is 0, pipeline's with at least one datanode reported threshold count is 0
2023-06-07 12:09:22,046 [ReplicationMonitor] INFO  replication.ReplicationManager (ReplicationManager.java:processAll(374)) - Replication Manager is not ready to run until 300000ms after safemode exit
2023-06-07 12:09:22,055 [Time-limited test] INFO  authority.DefaultCAServer (DefaultCAServer.java:lambda$processVerificationStatus$0(465)) - CertificateServer validation is successful
2023-06-07 12:09:22,055 [Time-limited test] INFO  authority.DefaultCAServer (DefaultCAServer.java:lambda$processVerificationStatus$0(465)) - CertificateServer validation is successful
2023-06-07 12:09:22,056 [Time-limited test] INFO  server.StorageContainerManager (StorageContainerManager.java:persistPrimarySCMCerts(893)) - Storing sub-ca certificate serialId 4022458333016 on primary SCM
2023-06-07 12:09:22,057 [Time-limited test] INFO  server.StorageContainerManager (StorageContainerManager.java:persistPrimarySCMCerts(901)) - Storing root certificate serialId 1
2023-06-07 12:09:22,058 [Time-limited test] INFO  ipc.CallQueueManager (CallQueueManager.java:<init>(90)) - Using callQueue: class java.util.concurrent.LinkedBlockingQueue, queueCapacity: 200, scheduler: class org.apache.hadoop.ipc.DefaultRpcScheduler, ipcBackoff: false.
2023-06-07 12:09:22,058 [Socket Reader #1 for port 9961] INFO  ipc.Server (Server.java:run(1319)) - Starting Socket Reader #1 for port 9961
2023-06-07 12:09:22,061 [Listener at 0.0.0.0/9961] INFO  hdds.HddsUtils (HddsUtils.java:preserveThreadName(843)) - Restoring thread name: Time-limited test
2023-06-07 12:09:22,061 [Time-limited test] INFO  server.StorageContainerManager (StorageContainerManager.java:<init>(398)) - SCM start with adminUsers: [om/fv-az83-744@EXAMPLE.COM, scm]
2023-06-07 12:09:22,061 [Time-limited test] INFO  ipc.CallQueueManager (CallQueueManager.java:<init>(90)) - Using callQueue: class java.util.concurrent.LinkedBlockingQueue, queueCapacity: 10000, scheduler: class org.apache.hadoop.ipc.DefaultRpcScheduler, ipcBackoff: false.
2023-06-07 12:09:22,064 [Socket Reader #1 for port 9861] INFO  ipc.Server (Server.java:run(1319)) - Starting Socket Reader #1 for port 9861
2023-06-07 12:09:22,068 [Listener at 0.0.0.0/9861] INFO  hdds.HddsUtils (HddsUtils.java:preserveThreadName(843)) - Restoring thread name: Time-limited test
2023-06-07 12:09:22,068 [Time-limited test] INFO  ipc.CallQueueManager (CallQueueManager.java:<init>(90)) - Using callQueue: class java.util.concurrent.LinkedBlockingQueue, queueCapacity: 10000, scheduler: class org.apache.hadoop.ipc.DefaultRpcScheduler, ipcBackoff: false.
2023-06-07 12:09:22,068 [Socket Reader #1 for port 9863] INFO  ipc.Server (Server.java:run(1319)) - Starting Socket Reader #1 for port 9863
2023-06-07 12:09:22,069 [Listener at 0.0.0.0/9863] INFO  hdds.HddsUtils (HddsUtils.java:preserveThreadName(843)) - Restoring thread name: Time-limited test
2023-06-07 12:09:22,070 [Time-limited test] INFO  ipc.CallQueueManager (CallQueueManager.java:<init>(90)) - Using callQueue: class java.util.concurrent.LinkedBlockingQueue, queueCapacity: 10000, scheduler: class org.apache.hadoop.ipc.DefaultRpcScheduler, ipcBackoff: false.
2023-06-07 12:09:22,070 [Socket Reader #1 for port 9860] INFO  ipc.Server (Server.java:run(1319)) - Starting Socket Reader #1 for port 9860
2023-06-07 12:09:22,071 [Listener at 0.0.0.0/9860] INFO  hdds.HddsUtils (HddsUtils.java:preserveThreadName(843)) - Restoring thread name: Time-limited test
2023-06-07 12:09:22,079 [Time-limited test] INFO  ha.SCMServiceManager (SCMServiceManager.java:register(42)) - Registering service ContainerBalancer.
2023-06-07 12:09:22,080 [Time-limited test] INFO  server.StorageContainerManager (StorageContainerManager.java:<init>(415)) - 
Container Balancer status:
Key                            Value
Running                        false
Container Balancer Configuration values:
Key                                                Value
Threshold                                          10
Max Datanodes to Involve per Iteration(percent)    20
Max Size to Move per Iteration                     500GB
Max Size Entering Target per Iteration             26GB
Max Size Leaving Source per Iteration              26GB

2023-06-07 12:09:22,080 [Time-limited test] INFO  ha.SCMContext (SCMContext.java:updateSafeModeStatus(228)) - Update SafeModeStatus from SafeModeStatus{safeModeStatus=true, preCheckPassed=false} to SafeModeStatus{safeModeStatus=true, preCheckPassed=false}.
2023-06-07 12:09:22,081 [Time-limited test] WARN  server.ServerUtils (ServerUtils.java:getDBPath(311)) - ozone.om.db.dirs is not configured. We recommend adding this setting. Falling back to ozone.metadata.dirs instead.
2023-06-07 12:09:22,085 [Time-limited test] INFO  ha.OMHANodeDetails (OMHANodeDetails.java:loadOMHAConfig(115)) - ozone.om.internal.service.id is not defined, falling back to ozone.om.service.ids to find serviceID for OzoneManager if it is HA enabled cluster
2023-06-07 12:09:22,085 [Time-limited test] INFO  ha.OMHANodeDetails (OMHANodeDetails.java:loadOMHAConfig(226)) - Configuration does not have ozone.om.address set. Falling back to the default OM address fv-az83-744/10.1.0.7:1202
2023-06-07 12:09:22,085 [Time-limited test] INFO  ha.OMHANodeDetails (OMHANodeDetails.java:getOMNodeDetailsForNonHA(254)) - OM Service ID is not set. Setting it to the default ID: omServiceIdDefault
2023-06-07 12:09:22,086 [Time-limited test] INFO  ha.OMHANodeDetails (OMHANodeDetails.java:getOMNodeDetailsForNonHA(261)) - OM Node ID is not set. Setting it to the default ID: om1
2023-06-07 12:09:22,086 [Time-limited test] WARN  server.ServerUtils (ServerUtils.java:getDBPath(311)) - ozone.om.db.dirs is not configured. We recommend adding this setting. Falling back to ozone.metadata.dirs instead.
2023-06-07 12:09:22,088 [Time-limited test] INFO  upgrade.AbstractLayoutVersionManager (AbstractLayoutVersionManager.java:init(83)) - Initializing Layout version manager with metadata layout = FILESYSTEM_SNAPSHOT (version = 5), software layout = FILESYSTEM_SNAPSHOT (version = 5)
2023-06-07 12:09:22,174 [Time-limited test] INFO  reflections.Reflections (Reflections.java:scan(232)) - Reflections took 85 ms to scan 2 urls, producing 177 keys and 490 values [using 2 cores]
2023-06-07 12:09:22,175 [Time-limited test] INFO  upgrade.OMLayoutVersionManager (OMLayoutVersionManager.java:lambda$0(115)) - Skipping Upgrade Action MockOmUpgradeAction since it has been finalized.
2023-06-07 12:09:22,180 [pool-368-thread-2] INFO  request.KdcRequest (KdcRequest.java:preauth(651)) - The preauth data is empty.
2023-06-07 12:09:22,180 [pool-368-thread-2] INFO  server.KdcHandler (KdcHandler.java:handleRecoverableException(177)) - KRB error occurred while processing request:Additional pre-authentication required
2023-06-07 12:09:22,183 [pool-368-thread-1] INFO  request.AsRequest (AsRequest.java:issueTicket(112)) - AS_REQ ISSUE: authtime 1686139762183,om/fv-az83-744@EXAMPLE.COM for krbtgt/EXAMPLE.COM@EXAMPLE.COM
2023-06-07 12:09:22,187 [Time-limited test] INFO  security.UserGroupInformation (UserGroupInformation.java:loginUserFromKeytab(1132)) - Login successful for user om/fv-az83-744@EXAMPLE.COM using keytab file om.keytab. Keytab auto renewal enabled : false
2023-06-07 12:09:22,187 [Time-limited test] INFO  om.OzoneManager (OzoneManager.java:loginOMUser(1134)) - Ozone Manager login successful.
2023-06-07 12:09:22,187 [Time-limited test] WARN  server.ServerUtils (ServerUtils.java:getDBPath(311)) - ozone.om.db.dirs is not configured. We recommend adding this setting. Falling back to ozone.metadata.dirs instead.
2023-06-07 12:09:22,188 [Time-limited test] INFO  proxy.SCMBlockLocationFailoverProxyProvider (SCMBlockLocationFailoverProxyProvider.java:<init>(114)) - Created block location fail-over proxy with 1 nodes: [nodeId=scmNodeId,nodeAddress=/0.0.0.0:9863]
2023-06-07 12:09:22,189 [Time-limited test] INFO  om.OzoneManager (OzoneManager.java:getOmDetailsProto(4485)) - OzoneManager ports added:[name: "RPC"
value: 1202
]
2023-06-07 12:09:22,191 [Time-limited test] INFO  om.OzoneManager (OzoneManager.java:<init>(637)) - OM start with adminUsers: [om/fv-az83-744@EXAMPLE.COM, om]
2023-06-07 12:09:22,193 [Time-limited test] WARN  server.ServerUtils (ServerUtils.java:getDBPath(311)) - ozone.om.db.dirs is not configured. We recommend adding this setting. Falling back to ozone.metadata.dirs instead.
2023-06-07 12:09:22,193 [Time-limited test] INFO  helpers.OmKeyInfo (OmKeyInfo.java:getCodec(71)) - OmKeyInfo.getCodec ignorePipeline = true
2023-06-07 12:09:22,379 [Time-limited test] INFO  om.OzoneManager (OzoneManager.java:instantiateServices(766)) - S3 Multi-Tenancy is disabled
2023-06-07 12:09:22,379 [Time-limited test] INFO  security.OzoneSecretStore (OzoneSecretStore.java:loadState(69)) - Loaded 0 tokens
2023-06-07 12:09:22,380 [Time-limited test] INFO  security.OzoneDelegationTokenSecretManager (OzoneDelegationTokenSecretManager.java:loadTokenSecretState(530)) - Loading token state into token manager.
2023-06-07 12:09:22,380 [Time-limited test] INFO  om.OmSnapshotManager (OmSnapshotManager.java:<init>(170)) - Ozone filesystem snapshot feature is enabled.
2023-06-07 12:09:22,380 [Time-limited test] WARN  server.ServerUtils (ServerUtils.java:getDBPath(311)) - ozone.om.snapshot.diff.db.dir is not configured. We recommend adding this setting. Falling back to ozone.metadata.dirs instead.
2023-06-07 12:09:22,398 [Time-limited test] INFO  utils.NativeLibraryLoader (NativeLibraryLoader.java:loadLibrary(103)) - Loading Library: ozone_rocksdb_tools
2023-06-07 12:09:22,400 [Time-limited test] INFO  om.OzoneManager (OzoneManager.java:addS3GVolumeToDB(4236)) - Created Volume s3v With Owner om required for S3Gateway operations.
2023-06-07 12:09:22,401 [Time-limited test] WARN  server.ServerUtils (ServerUtils.java:getDefaultRatisDirectory(323)) - Storage directory for Ratis is not configured. It is a good idea to map this to an SSD disk. Falling back to ozone.metadata.dirs
2023-06-07 12:09:22,401 [Time-limited test] WARN  utils.OzoneManagerRatisUtils (OzoneManagerRatisUtils.java:getOMRatisSnapshotDirectory(461)) - ozone.om.ratis.snapshot.dir is not configured. Falling back to ozone.metadata.dirs config
2023-06-07 12:09:22,401 [Time-limited test] WARN  server.ServerUtils (ServerUtils.java:getDefaultRatisDirectory(323)) - Storage directory for Ratis is not configured. It is a good idea to map this to an SSD disk. Falling back to ozone.metadata.dirs
2023-06-07 12:09:22,402 [Time-limited test] INFO  ratis.OzoneManagerRatisServer (OzoneManagerRatisServer.java:<init>(163)) - Instantiating OM Ratis server with groupID: omServiceIdDefault and peers: fv-az83-744:9872
2023-06-07 12:09:22,403 [Time-limited test] INFO  ratis.OzoneManagerStateMachine (OzoneManagerStateMachine.java:loadSnapshotInfoFromDB(670)) - LastAppliedIndex is set from TransactionInfo from OM DB as (t:0, i:~)
2023-06-07 12:09:22,403 [Time-limited test] INFO  server.RaftServer (ConfUtils.java:logGet(46)) - raft.rpc.type = GRPC (default)
2023-06-07 12:09:22,403 [Time-limited test] INFO  grpc.GrpcConfigKeys (ConfUtils.java:logFallback(53)) - raft.grpc.admin.host = null (fallback to raft.grpc.server.host)
2023-06-07 12:09:22,403 [Time-limited test] INFO  grpc.GrpcConfigKeys (ConfUtils.java:logFallback(53)) - raft.grpc.admin.port = 9872 (fallback to raft.grpc.server.port)
2023-06-07 12:09:22,403 [Time-limited test] INFO  grpc.GrpcConfigKeys (ConfUtils.java:logFallback(53)) - raft.grpc.client.host = null (fallback to raft.grpc.server.host)
2023-06-07 12:09:22,403 [Time-limited test] INFO  grpc.GrpcConfigKeys (ConfUtils.java:logFallback(53)) - raft.grpc.client.port = 9872 (fallback to raft.grpc.server.port)
2023-06-07 12:09:22,403 [Time-limited test] INFO  grpc.GrpcConfigKeys (ConfUtils.java:logGet(46)) - raft.grpc.server.host = null (default)
2023-06-07 12:09:22,404 [Time-limited test] INFO  grpc.GrpcConfigKeys (ConfUtils.java:logGet(46)) - raft.grpc.server.port = 9872 (custom)
2023-06-07 12:09:22,404 [Time-limited test] INFO  server.GrpcService (ConfUtils.java:logGet(46)) - raft.grpc.message.size.max = 33554432 (custom)
2023-06-07 12:09:22,404 [Time-limited test] INFO  server.RaftServerConfigKeys (ConfUtils.java:logGet(46)) - raft.server.log.appender.buffer.byte-limit = 33554432 (custom)
2023-06-07 12:09:22,404 [Time-limited test] INFO  server.GrpcService (ConfUtils.java:logGet(46)) - raft.grpc.flow.control.window = 1MB (=1048576) (default)
2023-06-07 12:09:22,404 [Time-limited test] INFO  server.RaftServerConfigKeys (ConfUtils.java:logGet(46)) - raft.server.rpc.request.timeout = 3000ms (default)
2023-06-07 12:09:22,404 [Time-limited test] INFO  grpc.GrpcConfigKeys (ConfUtils.java:logGet(46)) - raft.grpc.server.heartbeat.channel = true (default)
2023-06-07 12:09:22,404 [Time-limited test] INFO  grpc.GrpcConfigKeys (ConfUtils.java:logGet(46)) - raft.grpc.server.async.request.thread.pool.cached = true (default)
2023-06-07 12:09:22,404 [Time-limited test] INFO  grpc.GrpcConfigKeys (ConfUtils.java:logGet(46)) - raft.grpc.server.async.request.thread.pool.size = 32 (default)
2023-06-07 12:09:22,405 [Time-limited test] INFO  impl.DataStreamServerImpl (ConfUtils.java:logGet(46)) - raft.datastream.type = DISABLED (default)
2023-06-07 12:09:22,405 [Time-limited test] INFO  server.RaftServerConfigKeys (ConfUtils.java:logGet(46)) - raft.server.threadpool.proxy.cached = true (default)
2023-06-07 12:09:22,406 [Time-limited test] INFO  server.RaftServerConfigKeys (ConfUtils.java:logGet(46)) - raft.server.threadpool.proxy.size = 0 (default)
2023-06-07 12:09:22,406 [Time-limited test] INFO  server.RaftServerConfigKeys (ConfUtils.java:logGet(46)) - raft.server.rpc.slowness.timeout = 120s (custom)
2023-06-07 12:09:22,406 [Time-limited test] INFO  server.RaftServerConfigKeys (ConfUtils.java:logGet(46)) - raft.server.leaderelection.leader.step-down.wait-time = 10s (default)
2023-06-07 12:09:22,406 [Time-limited test] INFO  server.RaftServerConfigKeys (ConfUtils.java:logGet(46)) - raft.server.storage.dir = [/tmp/junit352423656596461446/junit3322020391720915808/scm-meta/ratis] (custom)
2023-06-07 12:09:22,407 [Time-limited test] INFO  server.RaftServer (RaftServerProxy.java:addNew(98)) - om1: addNew group-C5BA1605619E:[om1|rpc:fv-az83-744:9872|priority:0|startupRole:FOLLOWER] returns group-C5BA1605619E:java.util.concurrent.CompletableFuture@7852df14[Not completed]
2023-06-07 12:09:22,407 [Time-limited test] INFO  om.OzoneManager (OzoneManager.java:initializeRatisServer(2107)) - OzoneManager Ratis server initialized at port 9872
2023-06-07 12:09:22,407 [Time-limited test] INFO  om.OzoneManager (OzoneManager.java:getRpcServer(1166)) - Creating RPC Server
2023-06-07 12:09:22,408 [om1-groupManagement] INFO  server.RaftServer$Division (RaftServerImpl.java:<init>(198)) - om1: new RaftServerImpl for group-C5BA1605619E:[om1|rpc:fv-az83-744:9872|priority:0|startupRole:FOLLOWER] with OzoneManagerStateMachine:uninitialized
2023-06-07 12:09:22,408 [om1-groupManagement] INFO  server.RaftServerConfigKeys (ConfUtils.java:logGet(46)) - raft.server.rpc.timeout.min = 5s (custom)
2023-06-07 12:09:22,408 [om1-groupManagement] INFO  server.RaftServerConfigKeys (ConfUtils.java:logGet(46)) - raft.server.rpc.timeout.max = 5200ms (custom)
2023-06-07 12:09:22,408 [om1-groupManagement] INFO  server.RaftServerConfigKeys (ConfUtils.java:logGet(46)) - raft.server.rpc.sleep.time = 25ms (default)
2023-06-07 12:09:22,408 [om1-groupManagement] INFO  server.RaftServerConfigKeys (ConfUtils.java:logGet(46)) - raft.server.rpc.slowness.timeout = 120s (custom)
2023-06-07 12:09:22,408 [om1-groupManagement] INFO  server.RaftServerConfigKeys (ConfUtils.java:logGet(46)) - raft.server.leaderelection.leader.step-down.wait-time = 10s (default)
2023-06-07 12:09:22,408 [om1-groupManagement] INFO  server.RaftServerConfigKeys (ConfUtils.java:logGet(46)) - raft.server.sleep.deviation.threshold = 300ms (default)
2023-06-07 12:09:22,409 [om1-groupManagement] INFO  server.RaftServer$Division (ServerState.java:<init>(120)) - om1@group-C5BA1605619E: ConfigurationManager, init=-1: peers:[om1|rpc:fv-az83-744:9872|priority:0|startupRole:FOLLOWER]|listeners:[], old=null, confs=<EMPTY_MAP>
2023-06-07 12:09:22,409 [om1-groupManagement] INFO  server.RaftServerConfigKeys (ConfUtils.java:logGet(46)) - raft.server.storage.dir = [/tmp/junit352423656596461446/junit3322020391720915808/scm-meta/ratis] (custom)
2023-06-07 12:09:22,409 [om1-groupManagement] INFO  server.RaftServerConfigKeys (ConfUtils.java:logGet(46)) - raft.server.log.corruption.policy = EXCEPTION (default)
2023-06-07 12:09:22,409 [om1-groupManagement] INFO  server.RaftServerConfigKeys (ConfUtils.java:logGet(46)) - raft.server.storage.free-space.min = 0MB (=0) (default)
2023-06-07 12:09:22,409 [om1-groupManagement] INFO  server.RaftServerConfigKeys (ConfUtils.java:logGet(46)) - raft.server.notification.no-leader.timeout = 120s (custom)
2023-06-07 12:09:22,409 [om1-groupManagement] INFO  server.RaftServerConfigKeys (ConfUtils.java:logGet(46)) - raft.server.read.timeout = 10s (default)
2023-06-07 12:09:22,409 [om1-groupManagement] INFO  server.RaftServerConfigKeys (ConfUtils.java:logGet(46)) - raft.server.retrycache.expirytime = 300s (custom)
2023-06-07 12:09:22,409 [om1-groupManagement] INFO  server.RaftServerConfigKeys (ConfUtils.java:logGet(46)) - raft.server.retrycache.statistics.expirytime = 100μs (default)
2023-06-07 12:09:22,409 [om1-groupManagement] INFO  server.RaftServerConfigKeys (ConfUtils.java:logGet(46)) - raft.server.read.option = DEFAULT (default)
2023-06-07 12:09:22,410 [om1-groupManagement] INFO  server.RaftServerConfigKeys (ConfUtils.java:logGet(46)) - raft.server.rpc.request.timeout = 3000ms (default)
2023-06-07 12:09:22,410 [om1-groupManagement] INFO  server.RaftServerConfigKeys (ConfUtils.java:logGet(46)) - raft.server.log.appender.install.snapshot.enabled = false (custom)
2023-06-07 12:09:22,410 [om1-groupManagement] INFO  server.RaftServerConfigKeys (ConfUtils.java:logGet(46)) - raft.server.threadpool.server.cached = true (default)
2023-06-07 12:09:22,410 [om1-groupManagement] INFO  server.RaftServerConfigKeys (ConfUtils.java:logGet(46)) - raft.server.threadpool.server.size = 0 (default)
2023-06-07 12:09:22,410 [om1-groupManagement] INFO  server.RaftServerConfigKeys (ConfUtils.java:logGet(46)) - raft.server.threadpool.client.cached = true (default)
2023-06-07 12:09:22,410 [om1-groupManagement] INFO  server.RaftServerConfigKeys (ConfUtils.java:logGet(46)) - raft.server.threadpool.client.size = 0 (default)
2023-06-07 12:09:22,776 [Time-limited test] INFO  reflections.Reflections (Reflections.java:scan(232)) - Reflections took 368 ms to scan 19 urls, producing 69 keys and 5294 values [using 2 cores]
2023-06-07 12:09:22,778 [Time-limited test] INFO  ipc.CallQueueManager (CallQueueManager.java:<init>(90)) - Using callQueue: class java.util.concurrent.LinkedBlockingQueue, queueCapacity: 10000, scheduler: class org.apache.hadoop.ipc.DefaultRpcScheduler, ipcBackoff: false.
2023-06-07 12:09:22,779 [Socket Reader #1 for port 1202] INFO  ipc.Server (Server.java:run(1319)) - Starting Socket Reader #1 for port 1202
2023-06-07 12:09:22,781 [Listener at fv-az83-744/1202] INFO  hdds.HddsUtils (HddsUtils.java:preserveThreadName(843)) - Restoring thread name: Time-limited test
2023-06-07 12:09:22,800 [Time-limited test] WARN  impl.MetricsConfig (MetricsConfig.java:loadFirst(136)) - Cannot locate configuration: tried hadoop-metrics2-ozonemanager.properties,hadoop-metrics2.properties
2023-06-07 12:09:22,800 [Time-limited test] INFO  impl.MetricsSystemImpl (MetricsSystemImpl.java:startTimer(378)) - Scheduled Metric snapshot period at 10 second(s).
2023-06-07 12:09:22,800 [Time-limited test] INFO  impl.MetricsSystemImpl (MetricsSystemImpl.java:start(191)) - OzoneManager metrics system started
2023-06-07 12:09:22,815 [Time-limited test] INFO  impl.MetricsSinkAdapter (MetricsSinkAdapter.java:start(204)) - Sink prometheus started
2023-06-07 12:09:22,815 [Time-limited test] INFO  impl.MetricsSystemImpl (MetricsSystemImpl.java:registerSink(305)) - Registered sink prometheus
2023-06-07 12:09:22,838 [Time-limited test] INFO  om.OzoneManager (OzoneManager.java:start(1588)) - OzoneManager RPC server is listening at fv-az83-744/10.1.0.7:1202
2023-06-07 12:09:22,838 [Time-limited test] INFO  ratis.OzoneManagerRatisServer (OzoneManagerRatisServer.java:start(558)) - Starting OzoneManagerRatisServer om1 at port 9872
2023-06-07 12:09:22,840 [om1-impl-thread1] INFO  storage.RaftStorageDirectory (RaftStorageDirectoryImpl.java:analyzeStorage(137)) - The storage directory /tmp/junit352423656596461446/junit3322020391720915808/scm-meta/ratis/bf265839-605b-3f16-9796-c5ba1605619e does not exist. Creating ...
2023-06-07 12:09:22,841 [om1-impl-thread1] INFO  storage.RaftStorageDirectory (RaftStorageDirectoryImpl.java:tryLock(231)) - Lock on /tmp/junit352423656596461446/junit3322020391720915808/scm-meta/ratis/bf265839-605b-3f16-9796-c5ba1605619e/in_use.lock acquired by nodename 72539@fv-az83-744
2023-06-07 12:09:22,842 [om1-impl-thread1] INFO  storage.RaftStorage (RaftStorageImpl.java:format(96)) - Storage directory /tmp/junit352423656596461446/junit3322020391720915808/scm-meta/ratis/bf265839-605b-3f16-9796-c5ba1605619e has been successfully formatted.
2023-06-07 12:09:22,843 [om1-impl-thread1] INFO  server.RaftServerConfigKeys (ConfUtils.java:logGet(46)) - raft.server.log.use.memory = false (default)
2023-06-07 12:09:22,843 [om1-impl-thread1] INFO  server.RaftServerConfigKeys (ConfUtils.java:logGet(46)) - raft.server.log.purge.gap = 1000000 (custom)
2023-06-07 12:09:22,843 [om1-impl-thread1] INFO  server.RaftServerConfigKeys (ConfUtils.java:logGet(46)) - raft.server.log.appender.buffer.byte-limit = 33554432 (custom)
2023-06-07 12:09:22,843 [om1-impl-thread1] INFO  server.RaftServerConfigKeys (ConfUtils.java:logGet(46)) - raft.server.log.statemachine.data.read.timeout = 1000ms (default)
2023-06-07 12:09:22,843 [om1-impl-thread1] INFO  server.RaftServerConfigKeys (ConfUtils.java:logGet(46)) - raft.server.log.purge.preservation.log.num = 0 (default)
2023-06-07 12:09:22,843 [om1-impl-thread1] INFO  server.RaftServerConfigKeys (ConfUtils.java:logGet(46)) - raft.server.log.segment.size.max = 4194304 (custom)
2023-06-07 12:09:22,844 [om1-impl-thread1] INFO  server.RaftServerConfigKeys (ConfUtils.java:logGet(46)) - raft.server.log.segment.cache.num.max = 2 (custom)
2023-06-07 12:09:22,844 [om1-impl-thread1] INFO  server.RaftServerConfigKeys (ConfUtils.java:logGet(46)) - raft.server.log.segment.cache.size.max = 200MB (=209715200) (default)
2023-06-07 12:09:22,844 [om1-impl-thread1] INFO  server.RaftServerConfigKeys (ConfUtils.java:logGet(46)) - raft.server.log.appender.buffer.byte-limit = 33554432 (custom)
2023-06-07 12:09:22,844 [om1-impl-thread1] INFO  segmented.SegmentedRaftLogWorker (SegmentedRaftLogWorker.java:<init>(188)) - new om1@group-C5BA1605619E-SegmentedRaftLogWorker for RaftStorageImpl:Storage Directory /tmp/junit352423656596461446/junit3322020391720915808/scm-meta/ratis/bf265839-605b-3f16-9796-c5ba1605619e
2023-06-07 12:09:22,844 [om1-impl-thread1] INFO  server.RaftServerConfigKeys (ConfUtils.java:logGet(46)) - raft.server.log.queue.byte-limit = 64MB (=67108864) (default)
2023-06-07 12:09:22,844 [om1-impl-thread1] INFO  server.RaftServerConfigKeys (ConfUtils.java:logGet(46)) - raft.server.log.queue.element-limit = 4096 (default)
2023-06-07 12:09:22,844 [om1-impl-thread1] INFO  server.RaftServerConfigKeys (ConfUtils.java:logGet(46)) - raft.server.log.segment.size.max = 4194304 (custom)
2023-06-07 12:09:22,844 [om1-impl-thread1] INFO  server.RaftServerConfigKeys (ConfUtils.java:logGet(46)) - raft.server.log.preallocated.size = 4194304 (custom)
2023-06-07 12:09:22,844 [om1-impl-thread1] INFO  server.RaftServerConfigKeys (ConfUtils.java:logGet(46)) - raft.server.log.force.sync.num = 128 (default)
2023-06-07 12:09:22,844 [om1-impl-thread1] INFO  server.RaftServerConfigKeys (ConfUtils.java:logGet(46)) - raft.server.log.statemachine.data.sync = true (default)
2023-06-07 12:09:22,844 [om1-impl-thread1] INFO  server.RaftServerConfigKeys (ConfUtils.java:logGet(46)) - raft.server.log.statemachine.data.sync.timeout = 10s (default)
2023-06-07 12:09:22,844 [om1-impl-thread1] INFO  server.RaftServerConfigKeys (ConfUtils.java:logGet(46)) - raft.server.log.statemachine.data.sync.timeout.retry = -1 (default)
2023-06-07 12:09:22,845 [om1-impl-thread1] INFO  server.RaftServerConfigKeys (ConfUtils.java:logGet(46)) - raft.server.log.write.buffer.size = 64KB (=65536) (default)
2023-06-07 12:09:22,845 [om1-impl-thread1] INFO  server.RaftServerConfigKeys (ConfUtils.java:logGet(46)) - raft.server.log.appender.buffer.byte-limit = 33554432 (custom)
2023-06-07 12:09:22,851 [om1-impl-thread1] INFO  server.RaftServerConfigKeys (ConfUtils.java:logGet(46)) - raft.server.log.unsafe-flush.enabled = false (default)
2023-06-07 12:09:22,851 [om1-impl-thread1] INFO  server.RaftServerConfigKeys (ConfUtils.java:logGet(46)) - raft.server.log.async-flush.enabled = false (default)
2023-06-07 12:09:22,851 [om1-impl-thread1] INFO  server.RaftServerConfigKeys (ConfUtils.java:logGet(46)) - raft.server.log.statemachine.data.caching.enabled = false (default)
2023-06-07 12:09:22,851 [om1-impl-thread1] INFO  segmented.SegmentedRaftLogWorker (SegmentedRaftLogWorker.java:lambda$new$0(135)) - om1@group-C5BA1605619E-SegmentedRaftLogWorker: flushIndex: setUnconditionally 0 -> -1
2023-06-07 12:09:22,851 [om1-impl-thread1] INFO  segmented.SegmentedRaftLogWorker (SegmentedRaftLogWorker.java:lambda$new$0(135)) - om1@group-C5BA1605619E-SegmentedRaftLogWorker: safeCacheEvictIndex: setUnconditionally 0 -> -1
2023-06-07 12:09:22,855 [om1-impl-thread1] INFO  server.RaftServer$Division (RaftServerImpl.java:start(342)) - om1@group-C5BA1605619E: start as a follower, conf=-1: peers:[om1|rpc:fv-az83-744:9872|priority:0|startupRole:FOLLOWER]|listeners:[], old=null
2023-06-07 12:09:22,856 [om1-impl-thread1] INFO  server.RaftServer$Division (RaftServerImpl.java:setRole(329)) - om1@group-C5BA1605619E: changes role from      null to FOLLOWER at term 0 for startAsFollower
2023-06-07 12:09:22,856 [om1-impl-thread1] INFO  impl.RoleInfo (RoleInfo.java:updateAndGet(139)) - om1: start om1@group-C5BA1605619E-FollowerState
2023-06-07 12:09:22,858 [om1@group-C5BA1605619E-FollowerState] INFO  server.RaftServerConfigKeys (ConfUtils.java:logFallback(53)) - raft.server.rpc.first-election.timeout.min = 5s (fallback to raft.server.rpc.timeout.min)
2023-06-07 12:09:22,858 [om1-impl-thread1] INFO  util.JmxRegister (JmxRegister.java:tryRegister(44)) - Successfully registered JMX Bean with object name Ratis:service=RaftServer,group=group-C5BA1605619E,id=om1
2023-06-07 12:09:22,858 [om1@group-C5BA1605619E-FollowerState] INFO  server.RaftServerConfigKeys (ConfUtils.java:logFallback(53)) - raft.server.rpc.first-election.timeout.max = 5200ms (fallback to raft.server.rpc.timeout.max)
2023-06-07 12:09:22,858 [om1-impl-thread1] INFO  server.RaftServerConfigKeys (ConfUtils.java:logGet(46)) - raft.server.snapshot.auto.trigger.enabled = true (custom)
2023-06-07 12:09:22,858 [om1-impl-thread1] INFO  server.RaftServerConfigKeys (ConfUtils.java:logGet(46)) - raft.server.snapshot.auto.trigger.threshold = 400000 (default)
2023-06-07 12:09:22,858 [om1-impl-thread1] INFO  server.RaftServerConfigKeys (ConfUtils.java:logGet(46)) - raft.server.snapshot.retention.file.num = -1 (default)
2023-06-07 12:09:22,858 [om1-impl-thread1] INFO  server.RaftServerConfigKeys (ConfUtils.java:logGet(46)) - raft.server.log.purge.upto.snapshot.index = true (custom)
2023-06-07 12:09:22,859 [Time-limited test] INFO  server.RaftServer (RaftServerProxy.java:startImpl(400)) - om1: start RPC server
2023-06-07 12:09:22,860 [Time-limited test] INFO  server.GrpcService (GrpcService.java:startImpl(302)) - om1: GrpcService started, listening on 9872
2023-06-07 12:09:22,861 [JvmPauseMonitor7] INFO  util.JvmPauseMonitor (JvmPauseMonitor.java:run(103)) - JvmPauseMonitor-om1: Started
2023-06-07 12:09:22,863 [Time-limited test] ERROR om.OzoneManager (OzoneManager.java:startSecretManager(1072)) - Unable to read key pair for OM.
org.apache.hadoop.hdds.security.OzoneSecurityException: Error reading keypair & certificate
	at org.apache.hadoop.hdds.security.x509.certificate.client.CertificateClient.assertValidKeysAndCertificate(CertificateClient.java:204)
	at org.apache.hadoop.ozone.om.OzoneManager.startSecretManager(OzoneManager.java:1070)
	at org.apache.hadoop.ozone.om.OzoneManager.startSecretManagerIfNecessary(OzoneManager.java:2259)
	at org.apache.hadoop.ozone.om.OzoneManager.start(OzoneManager.java:1598)
	at org.apache.hadoop.ozone.TestSecureOzoneCluster.testSecureOmInitializationSuccess(TestSecureOzoneCluster.java:533)
	at sun.reflect.NativeMethodAccessorImpl.invoke0(Native Method)
	at sun.reflect.NativeMethodAccessorImpl.invoke(NativeMethodAccessorImpl.java:62)
	at sun.reflect.DelegatingMethodAccessorImpl.invoke(DelegatingMethodAccessorImpl.java:43)
	at java.lang.reflect.Method.invoke(Method.java:498)
	at org.junit.runners.model.FrameworkMethod$1.runReflectiveCall(FrameworkMethod.java:59)
	at org.junit.internal.runners.model.ReflectiveCallable.run(ReflectiveCallable.java:12)
	at org.junit.runners.model.FrameworkMethod.invokeExplosively(FrameworkMethod.java:56)
	at org.junit.internal.runners.statements.InvokeMethod.evaluate(InvokeMethod.java:17)
	at org.junit.internal.runners.statements.RunBefores.evaluate(RunBefores.java:26)
	at org.junit.internal.runners.statements.RunAfters.evaluate(RunAfters.java:27)
	at org.junit.rules.ExternalResource$1.evaluate(ExternalResource.java:54)
	at org.junit.internal.runners.statements.FailOnTimeout$CallableStatement.call(FailOnTimeout.java:288)
	at org.junit.internal.runners.statements.FailOnTimeout$CallableStatement.call(FailOnTimeout.java:282)
	at java.util.concurrent.FutureTask.run(FutureTask.java:266)
	at java.lang.Thread.run(Thread.java:750)
Caused by: java.lang.NullPointerException
	at java.util.Objects.requireNonNull(Objects.java:203)
	at org.apache.hadoop.hdds.security.x509.certificate.client.CertificateClient.assertValidKeysAndCertificate(CertificateClient.java:200)
	... 19 more
2023-06-07 12:09:22,864 [Time-limited test] INFO  impl.DefaultInternalKdcServerImpl (DefaultInternalKdcServerImpl.java:doStop(102)) - Default Internal kdc server stopped.
2023-06-07 12:09:23,864 [Time-limited test] INFO  minikdc.MiniKdc (MiniKdc.java:stop(359)) - MiniKdc stopped.
2023-06-07 12:09:23,864 [Time-limited test] INFO  server.StorageContainerManager (StorageContainerManager.java:stop(1560)) - Container Balancer is not running.
2023-06-07 12:09:23,864 [Time-limited test] INFO  server.StorageContainerManager (StorageContainerManager.java:stopReplicationManager(1691)) - Stopping Replication Manager Service.
2023-06-07 12:09:23,864 [Time-limited test] INFO  replication.ReplicationManager (ReplicationManager.java:stop(332)) - Stopping Replication Monitor Thread.
2023-06-07 12:09:23,864 [Under Replicated Processor] WARN  replication.UnhealthyReplicationProcessor (UnhealthyReplicationProcessor.java:run(167)) - Under Replicated Processor interrupted. Exiting...
2023-06-07 12:09:23,865 [Over Replicated Processor] WARN  replication.UnhealthyReplicationProcessor (UnhealthyReplicationProcessor.java:run(167)) - Over Replicated Processor interrupted. Exiting...
2023-06-07 12:09:23,865 [ReplicationMonitor] INFO  replication.ReplicationManager (ReplicationManager.java:run(938)) - Replication Monitor Thread is stopped
2023-06-07 12:09:23,864 [Time-limited test] INFO  server.StorageContainerManager (StorageContainerManager.java:stop(1569)) - Stopping the Datanode Admin Monitor.
2023-06-07 12:09:23,865 [Time-limited test] INFO  server.StorageContainerManager (StorageContainerManager.java:stop(1576)) - Stopping datanode service RPC server
2023-06-07 12:09:23,865 [Time-limited test] INFO  server.SCMDatanodeProtocolServer (SCMDatanodeProtocolServer.java:stop(424)) - Stopping the RPC server for DataNodes
2023-06-07 12:09:23,865 [Time-limited test] INFO  ipc.Server (Server.java:stop(3501)) - Stopping server on 9861
2023-06-07 12:09:25,038 [SCM Heartbeat Processing Thread - 0] WARN  node.NodeStateManager (NodeStateManager.java:scheduleNextHealthCheck(870)) - Current Thread is interrupted, shutting down HB processing thread for Node Manager.
2023-06-07 12:09:25,039 [Time-limited test] INFO  server.StorageContainerManager (StorageContainerManager.java:stop(1584)) - Stopping block service RPC server
2023-06-07 12:09:25,039 [Time-limited test] INFO  server.SCMBlockProtocolServer (SCMBlockProtocolServer.java:stop(161)) - Stopping the RPC server for Block Protocol
2023-06-07 12:09:25,039 [Time-limited test] INFO  ipc.Server (Server.java:stop(3501)) - Stopping server on 9863
2023-06-07 12:09:25,039 [Time-limited test] INFO  server.StorageContainerManager (StorageContainerManager.java:stop(1591)) - Stopping the StorageContainerLocationProtocol RPC server
2023-06-07 12:09:25,040 [Time-limited test] INFO  server.SCMClientProtocolServer (SCMClientProtocolServer.java:stop(210)) - Stopping the RPC server for Client Protocol
2023-06-07 12:09:25,040 [Time-limited test] INFO  ipc.Server (Server.java:stop(3501)) - Stopping server on 9860
2023-06-07 12:09:25,040 [Time-limited test] INFO  server.StorageContainerManager (StorageContainerManager.java:stop(1598)) - Stopping Storage Container Manager HTTP server.
2023-06-07 12:09:25,040 [Time-limited test] INFO  server.StorageContainerManager (StorageContainerManager.java:stop(1606)) - Stopping SCM LayoutVersionManager Service.
2023-06-07 12:09:25,040 [Time-limited test] INFO  server.SCMSecurityProtocolServer (SCMSecurityProtocolServer.java:stop(403)) - Stopping the SCMSecurityProtocolServer.
2023-06-07 12:09:25,040 [Time-limited test] INFO  ipc.Server (Server.java:stop(3501)) - Stopping server on 9961
2023-06-07 12:09:25,040 [Time-limited test] INFO  server.SCMUpdateServiceGrpcServer (SCMUpdateServiceGrpcServer.java:stop(73)) - SCMUpdateService stopping
2023-06-07 12:09:25,040 [Time-limited test] INFO  server.StorageContainerManager (StorageContainerManager.java:stop(1614)) - Stopping Block Manager Service.
2023-06-07 12:09:25,041 [Time-limited test] INFO  utils.BackgroundService (BackgroundService.java:shutdown(141)) - Shutting down service SCMBlockDeletingService
2023-06-07 12:09:25,041 [Time-limited test] INFO  utils.BackgroundService (BackgroundService.java:shutdown(141)) - Shutting down service SCMBlockDeletingService
2023-06-07 12:09:25,041 [Time-limited test] INFO  server.StorageContainerManager (StorageContainerManager.java:stop(1636)) - Stopping SCM Event Queue.
2023-06-07 12:09:25,041 [Time-limited test] INFO  server.StorageContainerManager (StorageContainerManager.java:stop(1647)) - Stopping SCM HA services.
2023-06-07 12:09:25,041 [Time-limited test] INFO  pipeline.BackgroundPipelineCreator (BackgroundPipelineCreator.java:stop(149)) - Stopping RatisPipelineUtilsThread.
2023-06-07 12:09:25,041 [RatisPipelineUtilsThread - 0] WARN  pipeline.BackgroundPipelineCreator (BackgroundPipelineCreator.java:run(180)) - RatisPipelineUtilsThread is interrupted.
2023-06-07 12:09:25,043 [Time-limited test] INFO  BackgroundPipelineScrubber (BackgroundSCMService.java:stop(131)) - Stopping BackgroundPipelineScrubber Service.
2023-06-07 12:09:25,043 [BackgroundPipelineScrubberThread] WARN  BackgroundPipelineScrubber (BackgroundSCMService.java:run(115)) - BackgroundPipelineScrubber is interrupted, exit
2023-06-07 12:09:25,043 [Time-limited test] WARN  pipeline.BackgroundPipelineCreator (BackgroundPipelineCreator.java:stop(145)) - RatisPipelineUtilsThread is not running, just ignore.
2023-06-07 12:09:25,043 [Time-limited test] INFO  BackgroundPipelineScrubber (BackgroundSCMService.java:stop(126)) - BackgroundPipelineScrubber Service is not running, skip stop.
2023-06-07 12:09:25,043 [Time-limited test] INFO  ExpiredContainerReplicaOpScrubber (BackgroundSCMService.java:stop(131)) - Stopping ExpiredContainerReplicaOpScrubber Service.
2023-06-07 12:09:25,043 [ExpiredContainerReplicaOpScrubberThread] WARN  ExpiredContainerReplicaOpScrubber (BackgroundSCMService.java:run(115)) - ExpiredContainerReplicaOpScrubber is interrupted, exit
2023-06-07 12:09:25,043 [Time-limited test] INFO  utils.BackgroundService (BackgroundService.java:shutdown(141)) - Shutting down service SCMBlockDeletingService
2023-06-07 12:09:25,044 [Time-limited test] INFO  replication.ReplicationManager (ReplicationManager.java:stop(342)) - Replication Monitor Thread is not running.
2023-06-07 12:09:25,044 [Time-limited test] WARN  balancer.ContainerBalancer (ContainerBalancer.java:stop(328)) - Cannot stop Container Balancer because it's not running or stopping
2023-06-07 12:09:25,044 [Time-limited test] INFO  server.StorageContainerManager (StorageContainerManager.java:stop(1682)) - Stopping SCM MetadataStore.
2023-06-07 12:09:25,046 [Time-limited test] INFO  server.SCMSecurityProtocolServer (SCMSecurityProtocolServer.java:join(413)) - Join RPC server for SCMSecurityProtocolServer.
2023-06-07 12:09:25,046 [Time-limited test] INFO  server.SCMSecurityProtocolServer (SCMSecurityProtocolServer.java:join(415)) - Join gRPC server for SCMSecurityProtocolServer.
2023-06-07 12:09:25,046 [Time-limited test] INFO  om.OzoneManager (OzoneManager.java:stop(2166)) - om1[fv-az83-744:1202]: Stopping Ozone Manager
2023-06-07 12:09:25,046 [Time-limited test] INFO  ipc.Server (Server.java:stop(3501)) - Stopping server on 1202
2023-06-07 12:09:25,047 [Time-limited test] INFO  server.RaftServer (RaftServerProxy.java:lambda$close$6(416)) - om1: close
2023-06-07 12:09:25,048 [Time-limited test] INFO  server.GrpcService (GrpcService.java:closeImpl(311)) - om1: shutdown server GrpcServerProtocolService now
2023-06-07 12:09:25,048 [om1-impl-thread1] INFO  server.RaftServer$Division (RaftServerImpl.java:lambda$close$4(466)) - om1@group-C5BA1605619E: shutdown
2023-06-07 12:09:25,048 [om1-impl-thread1] INFO  util.JmxRegister (JmxRegister.java:unregister(73)) - Successfully un-registered JMX Bean with object name Ratis:service=RaftServer,group=group-C5BA1605619E,id=om1
2023-06-07 12:09:25,048 [om1-impl-thread1] INFO  impl.RoleInfo (RoleInfo.java:shutdownFollowerState(110)) - om1: shutdown om1@group-C5BA1605619E-FollowerState
2023-06-07 12:09:25,048 [om1-impl-thread1] INFO  impl.StateMachineUpdater (StateMachineUpdater.java:stopAndJoin(155)) - om1@group-C5BA1605619E-StateMachineUpdater: set stopIndex = -1
2023-06-07 12:09:25,048 [om1@group-C5BA1605619E-StateMachineUpdater] INFO  ratis.OzoneManagerStateMachine (OzoneManagerStateMachine.java:close(533)) - StateMachine has shutdown. Shutdown OzoneManager if not already shutdown.
2023-06-07 12:09:25,048 [om1@group-C5BA1605619E-StateMachineUpdater] INFO  ratis.OzoneManagerDoubleBuffer (OzoneManagerDoubleBuffer.java:stopDaemon(559)) - Stopping OMDoubleBuffer flush thread
2023-06-07 12:09:25,048 [om1@group-C5BA1605619E-FollowerState] INFO  impl.FollowerState (FollowerState.java:run(152)) - om1@group-C5BA1605619E-FollowerState was interrupted
2023-06-07 12:09:25,048 [OMDoubleBufferFlushThread] INFO  ratis.OzoneManagerDoubleBuffer (OzoneManagerDoubleBuffer.java:canFlush(648)) - OMDoubleBuffer flush thread OMDoubleBufferFlushThread is interrupted and will exit.
2023-06-07 12:09:25,049 [om1-impl-thread1] INFO  server.RaftServer$Division (ServerState.java:close(472)) - om1@group-C5BA1605619E: closes. applyIndex: -1
2023-06-07 12:09:25,050 [Time-limited test] INFO  server.GrpcService (GrpcService.java:closeImpl(320)) - om1: shutdown server GrpcServerProtocolService successfully
2023-06-07 12:09:25,856 [om1-impl-thread1] INFO  segmented.SegmentedRaftLogWorker (SegmentedRaftLogWorker.java:close(252)) - om1@group-C5BA1605619E-SegmentedRaftLogWorker close()
2023-06-07 12:09:25,858 [JvmPauseMonitor7] INFO  util.JvmPauseMonitor (JvmPauseMonitor.java:run(109)) - JvmPauseMonitor-om1: Stopped
2023-06-07 12:09:25,858 [Time-limited test] INFO  ratis.OzoneManagerStateMachine (OzoneManagerStateMachine.java:close(533)) - StateMachine has shutdown. Shutdown OzoneManager if not already shutdown.
2023-06-07 12:09:25,858 [Time-limited test] INFO  ratis.OzoneManagerDoubleBuffer (OzoneManagerDoubleBuffer.java:stopDaemon(568)) - OMDoubleBuffer flush thread is not running.
2023-06-07 12:09:25,858 [Time-limited test] INFO  om.OzoneManager (OzoneManager.java:stopSecretManager(1058)) - Stopping OM delegation token secret manager.
2023-06-07 12:09:25,860 [Time-limited test] INFO  snapshot.SnapshotDiffManager (SnapshotDiffManager.java:closeExecutorService(1278)) - Shutting down executorService: 'SnapDiffExecutor'
2023-06-07 12:09:25,860 [Time-limited test] INFO  utils.BackgroundService (BackgroundService.java:shutdown(141)) - Shutting down service SnapshotDiffCleanupService
]]></system-out>
  </testcase>
  <testcase name="testAccessControlExceptionOnClient" classname="org.apache.hadoop.ozone.TestSecureOzoneCluster" time="10.102">
    <system-out><![CDATA[2023-06-07 12:09:25,882 [Time-limited test] INFO  net.ServerSocketUtil (ServerSocketUtil.java:getPort(55)) - Using port 9860
2023-06-07 12:09:25,882 [Time-limited test] INFO  net.ServerSocketUtil (ServerSocketUtil.java:getPort(55)) - Using port 9861
2023-06-07 12:09:25,882 [Time-limited test] INFO  net.ServerSocketUtil (ServerSocketUtil.java:getPort(55)) - Using port 9863
2023-06-07 12:09:25,882 [Time-limited test] INFO  net.ServerSocketUtil (ServerSocketUtil.java:getPort(55)) - Using port 9961
2023-06-07 12:09:25,882 [Time-limited test] INFO  net.ServerSocketUtil (ServerSocketUtil.java:getPort(55)) - Using port 1200
2023-06-07 12:09:25,882 [Time-limited test] INFO  net.ServerSocketUtil (ServerSocketUtil.java:getPort(55)) - Using port 1201
2023-06-07 12:09:25,882 [Time-limited test] INFO  minikdc.MiniKdc (MiniKdc.java:<init>(225)) - Configuration:
2023-06-07 12:09:25,882 [Time-limited test] INFO  minikdc.MiniKdc (MiniKdc.java:<init>(226)) - ---------------------------------------------------------------
2023-06-07 12:09:25,882 [Time-limited test] INFO  minikdc.MiniKdc (MiniKdc.java:<init>(228)) -   debug: false
2023-06-07 12:09:25,882 [Time-limited test] INFO  minikdc.MiniKdc (MiniKdc.java:<init>(228)) -   transport: TCP
2023-06-07 12:09:25,882 [Time-limited test] INFO  minikdc.MiniKdc (MiniKdc.java:<init>(228)) -   max.ticket.lifetime: 86400000
2023-06-07 12:09:25,882 [Time-limited test] INFO  minikdc.MiniKdc (MiniKdc.java:<init>(228)) -   org.name: EXAMPLE
2023-06-07 12:09:25,882 [Time-limited test] INFO  minikdc.MiniKdc (MiniKdc.java:<init>(228)) -   kdc.port: 0
2023-06-07 12:09:25,883 [Time-limited test] INFO  minikdc.MiniKdc (MiniKdc.java:<init>(228)) -   org.domain: COM
2023-06-07 12:09:25,883 [Time-limited test] INFO  minikdc.MiniKdc (MiniKdc.java:<init>(228)) -   max.renewable.lifetime: 604800000
2023-06-07 12:09:25,883 [Time-limited test] INFO  minikdc.MiniKdc (MiniKdc.java:<init>(228)) -   instance: DefaultKrbServer
2023-06-07 12:09:25,883 [Time-limited test] INFO  minikdc.MiniKdc (MiniKdc.java:<init>(228)) -   kdc.bind.address: localhost
2023-06-07 12:09:25,883 [Time-limited test] INFO  minikdc.MiniKdc (MiniKdc.java:<init>(230)) - ---------------------------------------------------------------
2023-06-07 12:09:25,884 [Time-limited test] INFO  minikdc.MiniKdc (MiniKdc.java:start(285)) - MiniKdc started.
2023-06-07 12:09:25,967 [Time-limited test] WARN  server.ServerUtils (ServerUtils.java:getScmDbDir(155)) - ozone.scm.db.dirs is not configured. We recommend adding this setting. Falling back to ozone.metadata.dirs instead.
2023-06-07 12:09:25,967 [Time-limited test] INFO  ha.HASecurityUtils (HASecurityUtils.java:initializeSecurity(93)) - Initializing secure StorageContainerManager.
2023-06-07 12:09:25,967 [Time-limited test] INFO  client.SCMCertificateClient (DefaultCertificateClient.java:init(650)) - Certificate client init case: 0
2023-06-07 12:09:25,967 [Time-limited test] INFO  client.SCMCertificateClient (SCMCertificateClient.java:handleCase(68)) - Creating keypair for client as keypair and certificate not found.
2023-06-07 12:09:26,122 [Time-limited test] INFO  ha.HASecurityUtils (HASecurityUtils.java:initializeSecurity(99)) - Init response: GETCERT
2023-06-07 12:09:26,352 [Time-limited test] INFO  ozone.OzoneSecurityUtil (OzoneSecurityUtil.java:getValidInetsForCurrentHost(118)) - ip:fe80:0:0:0:20d:3aff:fe5e:ae76%eth0 not returned.
2023-06-07 12:09:26,352 [Time-limited test] INFO  ozone.OzoneSecurityUtil (OzoneSecurityUtil.java:getValidInetsForCurrentHost(115)) - Adding ip:10.1.0.7,host:fv-az83-744
2023-06-07 12:09:26,352 [Time-limited test] INFO  ozone.OzoneSecurityUtil (OzoneSecurityUtil.java:getValidInetsForCurrentHost(118)) - ip:0:0:0:0:0:0:0:1%lo not returned.
2023-06-07 12:09:26,353 [Time-limited test] INFO  ozone.OzoneSecurityUtil (OzoneSecurityUtil.java:getValidInetsForCurrentHost(118)) - ip:127.0.0.1 not returned.
2023-06-07 12:09:26,353 [Time-limited test] ERROR utils.SelfSignedCertificate (SelfSignedCertificate.java:lambda$addInetAddresses$0(245)) - Invalid domain fv-az83-744
2023-06-07 12:09:26,356 [Time-limited test] INFO  utils.SelfSignedCertificate (SelfSignedCertificate.java:generateCertificate(158)) - Certificate 1 is issued by CN=scm@fv-az83-744,OU=be8f292c-6fbd-443a-9d9a-b38cb567c2a7,O=a84a3dc4-6744-4d91-9a30-5141392711a2 to CN=scm@fv-az83-744,OU=be8f292c-6fbd-443a-9d9a-b38cb567c2a7,O=a84a3dc4-6744-4d91-9a30-5141392711a2, valid from Wed Jun 07 12:09:26 UTC 2023 to Sat Jul 15 12:09:26 UTC 2028
2023-06-07 12:09:26,358 [Time-limited test] INFO  ozone.OzoneSecurityUtil (OzoneSecurityUtil.java:getValidInetsForCurrentHost(118)) - ip:fe80:0:0:0:20d:3aff:fe5e:ae76%eth0 not returned.
2023-06-07 12:09:26,358 [Time-limited test] INFO  ozone.OzoneSecurityUtil (OzoneSecurityUtil.java:getValidInetsForCurrentHost(115)) - Adding ip:10.1.0.7,host:fv-az83-744
2023-06-07 12:09:26,358 [Time-limited test] INFO  ozone.OzoneSecurityUtil (OzoneSecurityUtil.java:getValidInetsForCurrentHost(118)) - ip:0:0:0:0:0:0:0:1%lo not returned.
2023-06-07 12:09:26,358 [Time-limited test] INFO  ozone.OzoneSecurityUtil (OzoneSecurityUtil.java:getValidInetsForCurrentHost(118)) - ip:127.0.0.1 not returned.
2023-06-07 12:09:26,358 [Time-limited test] ERROR utils.CertificateSignRequest (CertificateSignRequest.java:lambda$addInetAddresses$0(296)) - Invalid domain fv-az83-744
2023-06-07 12:09:26,358 [Time-limited test] INFO  ha.HASecurityUtils (HASecurityUtils.java:generateCSR(280)) - Creating csr for SCM->hostName:fv-az83-744,scmId:be8f292c-6fbd-443a-9d9a-b38cb567c2a7,clusterId:a84a3dc4-6744-4d91-9a30-5141392711a2,subject:scm-sub@fv-az83-744
2023-06-07 12:09:26,366 [Time-limited test] INFO  ha.HASecurityUtils (HASecurityUtils.java:initializeSecurity(112)) - Successfully stored SCM signed certificate.
2023-06-07 12:09:26,368 [Time-limited test] WARN  server.ServerUtils (ServerUtils.java:getScmDbDir(155)) - ozone.scm.db.dirs is not configured. We recommend adding this setting. Falling back to ozone.metadata.dirs instead.
2023-06-07 12:09:26,368 [Time-limited test] INFO  ha.SCMHANodeDetails (SCMHANodeDetails.java:loadSCMHAConfig(209)) - ServiceID for StorageContainerManager is null
2023-06-07 12:09:26,368 [Time-limited test] INFO  ha.SCMHANodeDetails (SCMHANodeDetails.java:loadSCMHAConfig(214)) - ozone.scm.default.service.id is not defined, falling back to ozone.scm.service.ids to find serviceID for StorageContainerManager if it is HA enabled cluster
2023-06-07 12:09:26,370 [Time-limited test] INFO  client.SCMCertificateClient (DefaultCertificateClient.java:loadAllCertificates(151)) - Loading certificate from location:/tmp/junit44851717614946608/junit5874490469714414075/scm-meta/scm/sub-ca/certs.
2023-06-07 12:09:26,371 [Time-limited test] INFO  client.SCMCertificateClient (DefaultCertificateClient.java:loadAllCertificates(195)) - Added certificate   [0]         Version: 3
         SerialNumber: 4026940152077
             IssuerDN: CN=scm@fv-az83-744,OU=be8f292c-6fbd-443a-9d9a-b38cb567c2a7,O=a84a3dc4-6744-4d91-9a30-5141392711a2
           Start Date: Wed Jun 07 12:09:26 UTC 2023
           Final Date: Sat Jul 15 12:09:26 UTC 2028
            SubjectDN: CN=scm-sub@fv-az83-744,OU=be8f292c-6fbd-443a-9d9a-b38cb567c2a7,O=a84a3dc4-6744-4d91-9a30-5141392711a2
           Public Key: RSA Public Key [1b:0c:97:6c:bb:1e:c1:04:9f:4c:06:77:39:0b:64:00:f4:ca:e2:7d],[56:66:d1:a4]
        modulus: c317eeaaa60447039a2f5636d1d493132c94f01ece05adf48a0788ce7fc51803c77955012f3ec98ceda6c0bd2b244538003aa6ccba65a7ed25aa14ac3d3590474ead7d3c7798936797f9a1d819bf46947b6ede5607378a4a08f34cb18c2a4eb158880233eed0667a044b1eea6bede1d5e1d9ad9e84237b9b8a8b911e6dadf175a466d02f8014e3c7c73d9de4c319f5abc1e9d55cda3ca83ba9b9541497e26ed3a0539c0584ccef432f16c814a16643d6793f35230a8b1af0285071cbca02e5e42c2120840711a9e40a57d67e324bf26972262316f9c1414783705736a37a573e9c42382e7c962b569e6a03aeec4f7c103bd1c9d63e93d01d67bd1c3ffde70615
public exponent: 10001

  Signature Algorithm: SHA256WITHRSA
            Signature: 275dc8a1c5ea37c05e7c07ba144140a497b0afdf
                       6758811a500596d252fc971eb809323b38f6ca5a
                       5bb72645a8fc80daf31f54aac20416f19a7f5d7e
                       5e1c850624233045925a1bbd3585540cf4ccd06c
                       377b00ea841aaeb3030d08613bc6165a33b1c417
                       f71095a24ea5438eda226d469616151d3830ac9f
                       b980fa638687c83823e4ac0ec8848afbaf0a4cd0
                       94483a570447bb4b246bc724c21134a6f4173189
                       ef8a3f0688d81a30159469e057e21e57099de151
                       5f96a25e0ba3836a580b34f864b0136293860e31
                       d45f440784b5194b3896b0234849cbe58401db03
                       9c2d4ca075118105913ba413fa535c6982f24ec1
                       04f821211d047c953257a214639ce162
       Extensions: 
                       critical(false) 2.5.29.17 value = Sequence
    Tagged [7] IMPLICIT 
        DER Octet String[4] 

                       critical(true) BasicConstraints: isCa(true)
                       critical(true) KeyUsage: 0xbe
 from file:/tmp/junit44851717614946608/junit5874490469714414075/scm-meta/scm/sub-ca/certs/certificate.crt.
2023-06-07 12:09:26,372 [Time-limited test] INFO  client.SCMCertificateClient (DefaultCertificateClient.java:loadAllCertificates(195)) - Added certificate   [0]         Version: 3
         SerialNumber: 4026940152077
             IssuerDN: CN=scm@fv-az83-744,OU=be8f292c-6fbd-443a-9d9a-b38cb567c2a7,O=a84a3dc4-6744-4d91-9a30-5141392711a2
           Start Date: Wed Jun 07 12:09:26 UTC 2023
           Final Date: Sat Jul 15 12:09:26 UTC 2028
            SubjectDN: CN=scm-sub@fv-az83-744,OU=be8f292c-6fbd-443a-9d9a-b38cb567c2a7,O=a84a3dc4-6744-4d91-9a30-5141392711a2
           Public Key: RSA Public Key [1b:0c:97:6c:bb:1e:c1:04:9f:4c:06:77:39:0b:64:00:f4:ca:e2:7d],[56:66:d1:a4]
        modulus: c317eeaaa60447039a2f5636d1d493132c94f01ece05adf48a0788ce7fc51803c77955012f3ec98ceda6c0bd2b244538003aa6ccba65a7ed25aa14ac3d3590474ead7d3c7798936797f9a1d819bf46947b6ede5607378a4a08f34cb18c2a4eb158880233eed0667a044b1eea6bede1d5e1d9ad9e84237b9b8a8b911e6dadf175a466d02f8014e3c7c73d9de4c319f5abc1e9d55cda3ca83ba9b9541497e26ed3a0539c0584ccef432f16c814a16643d6793f35230a8b1af0285071cbca02e5e42c2120840711a9e40a57d67e324bf26972262316f9c1414783705736a37a573e9c42382e7c962b569e6a03aeec4f7c103bd1c9d63e93d01d67bd1c3ffde70615
public exponent: 10001

  Signature Algorithm: SHA256WITHRSA
            Signature: 275dc8a1c5ea37c05e7c07ba144140a497b0afdf
                       6758811a500596d252fc971eb809323b38f6ca5a
                       5bb72645a8fc80daf31f54aac20416f19a7f5d7e
                       5e1c850624233045925a1bbd3585540cf4ccd06c
                       377b00ea841aaeb3030d08613bc6165a33b1c417
                       f71095a24ea5438eda226d469616151d3830ac9f
                       b980fa638687c83823e4ac0ec8848afbaf0a4cd0
                       94483a570447bb4b246bc724c21134a6f4173189
                       ef8a3f0688d81a30159469e057e21e57099de151
                       5f96a25e0ba3836a580b34f864b0136293860e31
                       d45f440784b5194b3896b0234849cbe58401db03
                       9c2d4ca075118105913ba413fa535c6982f24ec1
                       04f821211d047c953257a214639ce162
       Extensions: 
                       critical(false) 2.5.29.17 value = Sequence
    Tagged [7] IMPLICIT 
        DER Octet String[4] 

                       critical(true) BasicConstraints: isCa(true)
                       critical(true) KeyUsage: 0xbe
 from file:/tmp/junit44851717614946608/junit5874490469714414075/scm-meta/scm/sub-ca/certs/4026940152077.crt.
2023-06-07 12:09:26,372 [Time-limited test] INFO  client.SCMCertificateClient (DefaultCertificateClient.java:loadAllCertificates(195)) - Added certificate   [0]         Version: 3
         SerialNumber: 1
             IssuerDN: CN=scm@fv-az83-744,OU=be8f292c-6fbd-443a-9d9a-b38cb567c2a7,O=a84a3dc4-6744-4d91-9a30-5141392711a2
           Start Date: Wed Jun 07 12:09:26 UTC 2023
           Final Date: Sat Jul 15 12:09:26 UTC 2028
            SubjectDN: CN=scm@fv-az83-744,OU=be8f292c-6fbd-443a-9d9a-b38cb567c2a7,O=a84a3dc4-6744-4d91-9a30-5141392711a2
           Public Key: RSA Public Key [12:0b:37:b7:d6:d4:36:32:0f:b8:05:11:0f:5f:79:5c:3f:ba:b9:ce],[56:66:d1:a4]
        modulus: a84674461f92f1d80ca9fa2b4c8733588caade78fb94470d601ca0d19008a9fffc4bb3405ae0bc86e52dbab9ccc3fa1ad744ed60e872eb0a8c9c6997ce063e6c18bd2787923d5269353b5001f8213a09a16db1f8850988e27b2067d355856750ffecea5dd11799c3815a0f2b7c38a42d6dbaf489f60276ab90368d96913aebb8451c049b198a99a3ed824095928a75335600d64da2da119e720347e5e18e4443bc020d722576d6910a75f9ab516fd60f249329293c224f937d4fc48aae2ee37b0f3163b6c1b49b1240efa27bf231b51e52bf9a4ca0a596732d2cecb71e2d7e3cde5a52bc48ac7a509c8e76c78fd1c7daf47ae6720d0512edc996e1b89a7e556f
public exponent: 10001

  Signature Algorithm: SHA256WITHRSA
            Signature: 00f322c7a5224e12acf05a8fcf3d037636ccd821
                       9dca954a78bff98aee2976200004c0cc9a2f8573
                       26655cf5f1df8193a3f07118f6c120e59b7c6508
                       78bdb730950259700a1ddc22f8a17a666763abe1
                       8007adc33cab1fe5b6af4df6bb316b6c9ed6cbad
                       5fbea756ca023adbad6da812e517221ad7b5b117
                       d619e2a4bed1689d1e22caac693260dfb5084157
                       6f9889c5b057ed76294a9de3746f0040b1f71d34
                       1d9266a9ff27964e20e462f4d1f9e20b90b2f99f
                       1ce4d878e6ad1050c4a1a92bedf9860753670506
                       957aa84ef06d3e425efc4d24cfcdffc0c1301d62
                       e8358ce69366c459e911d44abeb53487e13546e1
                       146a536463821772a371a00bdfbd7c71
       Extensions: 
                       critical(true) BasicConstraints: isCa(true)
                       critical(true) KeyUsage: 0x6
                       critical(false) 2.5.29.17 value = Sequence
    Tagged [7] IMPLICIT 
        DER Octet String[4] 

 from file:/tmp/junit44851717614946608/junit5874490469714414075/scm-meta/scm/sub-ca/certs/CA-1.crt.
2023-06-07 12:09:26,379 [Time-limited test] INFO  client.SCMCertificateClient (DefaultCertificateClient.java:startCertificateMonitor(1208)) - CertificateLifetimeMonitor for scm/sub-ca is started with first delay 161135989627 ms and interval 3333 ms.
2023-06-07 12:09:26,382 [pool-430-thread-1] INFO  request.KdcRequest (KdcRequest.java:preauth(651)) - The preauth data is empty.
2023-06-07 12:09:26,382 [pool-430-thread-1] INFO  server.KdcHandler (KdcHandler.java:handleRecoverableException(177)) - KRB error occurred while processing request:Additional pre-authentication required
2023-06-07 12:09:26,386 [pool-430-thread-1] INFO  request.AsRequest (AsRequest.java:issueTicket(112)) - AS_REQ ISSUE: authtime 1686139766386,scm/fv-az83-744@EXAMPLE.COM for krbtgt/EXAMPLE.COM@EXAMPLE.COM
2023-06-07 12:09:26,387 [Time-limited test] INFO  security.UserGroupInformation (UserGroupInformation.java:loginUserFromKeytab(1132)) - Login successful for user scm/fv-az83-744@EXAMPLE.COM using keytab file scm.keytab. Keytab auto renewal enabled : false
2023-06-07 12:09:26,387 [Time-limited test] INFO  server.StorageContainerManager (StorageContainerManager.java:loginAsSCMUserIfSecurityEnabled(1025)) - SCM login successful.
2023-06-07 12:09:26,387 [Time-limited test] WARN  utils.HAUtils (HAUtils.java:getMetaDir(352)) - ozone.scm.db.dirs is not configured. We recommend adding this setting. Falling back to ozone.metadata.dirs instead.
2023-06-07 12:09:26,388 [Time-limited test] WARN  db.DBStoreBuilder (DBStoreBuilder.java:applyDBDefinition(165)) - ozone.scm.db.dirs is not configured. We recommend adding this setting. Falling back to ozone.metadata.dirs instead.
2023-06-07 12:09:26,485 [Time-limited test] INFO  net.NodeSchemaLoader (NodeSchemaLoader.java:loadSchemaFromFile(129)) - Loading schema from [jar:file:/home/runner/.m2/repository/org/apache/ozone/hdds-common/1.4.0-SNAPSHOT/hdds-common-1.4.0-SNAPSHOT.jar!/network-topology-default.xml]
2023-06-07 12:09:26,485 [Time-limited test] INFO  net.NodeSchemaLoader (NodeSchemaLoader.java:loadSchema(176)) - Loading network topology layer schema file
2023-06-07 12:09:26,487 [Time-limited test] INFO  upgrade.AbstractLayoutVersionManager (AbstractLayoutVersionManager.java:init(83)) - Initializing Layout version manager with metadata layout = HADOOP_PRC_PORTS_IN_DATANODEDETAILS (version = 7), software layout = HADOOP_PRC_PORTS_IN_DATANODEDETAILS (version = 7)
2023-06-07 12:09:26,489 [Time-limited test] INFO  ha.SequenceIdGenerator (SequenceIdGenerator.java:upgradeToSequenceId(349)) - upgrade localId to 111677748019200000
2023-06-07 12:09:26,489 [Time-limited test] INFO  ha.SequenceIdGenerator (SequenceIdGenerator.java:upgradeToSequenceId(359)) - upgrade delTxnId to 0
2023-06-07 12:09:26,490 [Time-limited test] INFO  ha.SequenceIdGenerator (SequenceIdGenerator.java:upgradeToSequenceId(376)) - upgrade containerId to 0
2023-06-07 12:09:26,490 [Time-limited test] INFO  ha.SequenceIdGenerator (SequenceIdGenerator.java:<init>(220)) - Init the HA SequenceIdGenerator.
2023-06-07 12:09:26,491 [Time-limited test] INFO  node.SCMNodeManager (SCMNodeManager.java:<init>(159)) - Entering startup safe mode.
2023-06-07 12:09:26,492 [Time-limited test] INFO  algorithms.ContainerPlacementPolicyFactory (ContainerPlacementPolicyFactory.java:getPolicyInternal(86)) - Create container placement policy of type org.apache.hadoop.hdds.scm.container.placement.algorithms.SCMContainerPlacementRackAware
2023-06-07 12:09:26,492 [Time-limited test] INFO  algorithms.ContainerPlacementPolicyFactory (ContainerPlacementPolicyFactory.java:getPolicyInternal(86)) - Create container placement policy of type org.apache.hadoop.hdds.scm.container.placement.algorithms.SCMContainerPlacementRackScatter
2023-06-07 12:09:26,492 [Time-limited test] INFO  pipeline.PipelineStateManagerImpl (PipelineStateManagerImpl.java:initialize(78)) - No pipeline exists in current db
2023-06-07 12:09:26,492 [Time-limited test] INFO  algorithms.LeaderChoosePolicyFactory (LeaderChoosePolicyFactory.java:getPolicy(57)) - Create leader choose policy of type org.apache.hadoop.hdds.scm.pipeline.leader.choose.algorithms.MinLeaderCountChoosePolicy
2023-06-07 12:09:26,492 [Time-limited test] INFO  algorithms.ContainerPlacementPolicyFactory (ContainerPlacementPolicyFactory.java:getPolicyInternal(86)) - Create container placement policy of type org.apache.hadoop.hdds.scm.container.placement.algorithms.SCMContainerPlacementRackScatter
2023-06-07 12:09:26,493 [Time-limited test] INFO  ha.SCMServiceManager (SCMServiceManager.java:register(42)) - Registering service BackgroundPipelineCreator.
2023-06-07 12:09:26,493 [Time-limited test] INFO  pipeline.BackgroundPipelineCreator (BackgroundPipelineCreator.java:start(124)) - Starting RatisPipelineUtilsThread.
2023-06-07 12:09:26,495 [Time-limited test] INFO  BackgroundPipelineScrubber (BackgroundSCMService.java:start(68)) - Starting BackgroundPipelineScrubber Service.
2023-06-07 12:09:26,495 [Time-limited test] INFO  ha.SCMServiceManager (SCMServiceManager.java:register(42)) - Registering service BackgroundPipelineScrubber.
2023-06-07 12:09:26,495 [Time-limited test] INFO  ExpiredContainerReplicaOpScrubber (BackgroundSCMService.java:start(68)) - Starting ExpiredContainerReplicaOpScrubber Service.
2023-06-07 12:09:26,495 [Time-limited test] INFO  ha.SCMServiceManager (SCMServiceManager.java:register(42)) - Registering service ExpiredContainerReplicaOpScrubber.
2023-06-07 12:09:26,497 [Time-limited test] INFO  algorithms.PipelineChoosePolicyFactory (PipelineChoosePolicyFactory.java:createPipelineChoosePolicyFromClass(73)) - Create pipeline choose policy of type org.apache.hadoop.hdds.scm.pipeline.choose.algorithms.RandomPipelineChoosePolicy
2023-06-07 12:09:26,497 [Time-limited test] INFO  ha.SCMServiceManager (SCMServiceManager.java:register(42)) - Registering service SCMBlockDeletingService.
2023-06-07 12:09:26,498 [Time-limited test] INFO  replication.ReplicationManager (ReplicationManager.java:start(299)) - Starting Replication Monitor Thread.
2023-06-07 12:09:26,500 [Time-limited test] INFO  ha.SCMServiceManager (SCMServiceManager.java:register(42)) - Registering service ReplicationManager.
2023-06-07 12:09:26,501 [Time-limited test] INFO  safemode.ContainerSafeModeRule (ContainerSafeModeRule.java:<init>(89)) - containers with one replica threshold count 0
2023-06-07 12:09:26,501 [Time-limited test] INFO  safemode.HealthyPipelineSafeModeRule (HealthyPipelineSafeModeRule.java:initializeRule(169)) - Total pipeline count is 0, healthy pipeline threshold count is 0
2023-06-07 12:09:26,501 [Time-limited test] INFO  safemode.OneReplicaPipelineSafeModeRule (OneReplicaPipelineSafeModeRule.java:initializeRule(180)) - Total pipeline count is 0, pipeline's with at least one datanode reported threshold count is 0
2023-06-07 12:09:26,503 [Time-limited test] INFO  authority.DefaultCAServer (DefaultCAServer.java:lambda$processVerificationStatus$0(465)) - CertificateServer validation is successful
2023-06-07 12:09:26,508 [Time-limited test] INFO  authority.DefaultCAServer (DefaultCAServer.java:lambda$processVerificationStatus$0(465)) - CertificateServer validation is successful
2023-06-07 12:09:26,508 [Time-limited test] INFO  server.StorageContainerManager (StorageContainerManager.java:persistPrimarySCMCerts(893)) - Storing sub-ca certificate serialId 4026940152077 on primary SCM
2023-06-07 12:09:26,509 [Time-limited test] INFO  server.StorageContainerManager (StorageContainerManager.java:persistPrimarySCMCerts(901)) - Storing root certificate serialId 1
2023-06-07 12:09:26,510 [Time-limited test] INFO  ipc.CallQueueManager (CallQueueManager.java:<init>(90)) - Using callQueue: class java.util.concurrent.LinkedBlockingQueue, queueCapacity: 200, scheduler: class org.apache.hadoop.ipc.DefaultRpcScheduler, ipcBackoff: false.
2023-06-07 12:09:26,513 [ReplicationMonitor] INFO  replication.ReplicationManager (ReplicationManager.java:processAll(374)) - Replication Manager is not ready to run until 300000ms after safemode exit
2023-06-07 12:09:26,513 [Socket Reader #1 for port 9961] INFO  ipc.Server (Server.java:run(1319)) - Starting Socket Reader #1 for port 9961
2023-06-07 12:09:26,516 [Listener at 0.0.0.0/9961] INFO  hdds.HddsUtils (HddsUtils.java:preserveThreadName(843)) - Restoring thread name: Time-limited test
2023-06-07 12:09:26,516 [Time-limited test] INFO  server.StorageContainerManager (StorageContainerManager.java:<init>(398)) - SCM start with adminUsers: [om/fv-az83-744@EXAMPLE.COM, scm]
2023-06-07 12:09:26,516 [Time-limited test] INFO  ipc.CallQueueManager (CallQueueManager.java:<init>(90)) - Using callQueue: class java.util.concurrent.LinkedBlockingQueue, queueCapacity: 10000, scheduler: class org.apache.hadoop.ipc.DefaultRpcScheduler, ipcBackoff: false.
2023-06-07 12:09:26,517 [Socket Reader #1 for port 9861] INFO  ipc.Server (Server.java:run(1319)) - Starting Socket Reader #1 for port 9861
2023-06-07 12:09:26,521 [Listener at 0.0.0.0/9861] INFO  hdds.HddsUtils (HddsUtils.java:preserveThreadName(843)) - Restoring thread name: Time-limited test
2023-06-07 12:09:26,522 [Time-limited test] INFO  ipc.CallQueueManager (CallQueueManager.java:<init>(90)) - Using callQueue: class java.util.concurrent.LinkedBlockingQueue, queueCapacity: 10000, scheduler: class org.apache.hadoop.ipc.DefaultRpcScheduler, ipcBackoff: false.
2023-06-07 12:09:26,531 [Socket Reader #1 for port 9863] INFO  ipc.Server (Server.java:run(1319)) - Starting Socket Reader #1 for port 9863
2023-06-07 12:09:26,534 [Listener at 0.0.0.0/9863] INFO  hdds.HddsUtils (HddsUtils.java:preserveThreadName(843)) - Restoring thread name: Time-limited test
2023-06-07 12:09:26,534 [Time-limited test] INFO  ipc.CallQueueManager (CallQueueManager.java:<init>(90)) - Using callQueue: class java.util.concurrent.LinkedBlockingQueue, queueCapacity: 10000, scheduler: class org.apache.hadoop.ipc.DefaultRpcScheduler, ipcBackoff: false.
2023-06-07 12:09:26,535 [Socket Reader #1 for port 9860] INFO  ipc.Server (Server.java:run(1319)) - Starting Socket Reader #1 for port 9860
2023-06-07 12:09:26,537 [Listener at 0.0.0.0/9860] INFO  hdds.HddsUtils (HddsUtils.java:preserveThreadName(843)) - Restoring thread name: Time-limited test
2023-06-07 12:09:26,545 [Time-limited test] INFO  ha.SCMServiceManager (SCMServiceManager.java:register(42)) - Registering service ContainerBalancer.
2023-06-07 12:09:26,545 [Time-limited test] INFO  server.StorageContainerManager (StorageContainerManager.java:<init>(415)) - 
Container Balancer status:
Key                            Value
Running                        false
Container Balancer Configuration values:
Key                                                Value
Threshold                                          10
Max Datanodes to Involve per Iteration(percent)    20
Max Size to Move per Iteration                     500GB
Max Size Entering Target per Iteration             26GB
Max Size Leaving Source per Iteration              26GB

2023-06-07 12:09:26,545 [Time-limited test] INFO  ha.SCMContext (SCMContext.java:updateSafeModeStatus(228)) - Update SafeModeStatus from SafeModeStatus{safeModeStatus=true, preCheckPassed=false} to SafeModeStatus{safeModeStatus=true, preCheckPassed=false}.
2023-06-07 12:09:26,546 [Time-limited test] WARN  server.ServerUtils (ServerUtils.java:getDBPath(311)) - ozone.om.db.dirs is not configured. We recommend adding this setting. Falling back to ozone.metadata.dirs instead.
2023-06-07 12:09:26,554 [Time-limited test] INFO  ha.OMHANodeDetails (OMHANodeDetails.java:loadOMHAConfig(115)) - ozone.om.internal.service.id is not defined, falling back to ozone.om.service.ids to find serviceID for OzoneManager if it is HA enabled cluster
2023-06-07 12:09:26,555 [Time-limited test] INFO  ha.OMHANodeDetails (OMHANodeDetails.java:loadOMHAConfig(226)) - Configuration does not have ozone.om.address set. Falling back to the default OM address fv-az83-744/10.1.0.7:1202
2023-06-07 12:09:26,555 [Time-limited test] INFO  ha.OMHANodeDetails (OMHANodeDetails.java:getOMNodeDetailsForNonHA(254)) - OM Service ID is not set. Setting it to the default ID: omServiceIdDefault
2023-06-07 12:09:26,555 [Time-limited test] INFO  ha.OMHANodeDetails (OMHANodeDetails.java:getOMNodeDetailsForNonHA(261)) - OM Node ID is not set. Setting it to the default ID: om1
2023-06-07 12:09:26,555 [Time-limited test] WARN  server.ServerUtils (ServerUtils.java:getDBPath(311)) - ozone.om.db.dirs is not configured. We recommend adding this setting. Falling back to ozone.metadata.dirs instead.
2023-06-07 12:09:26,556 [Time-limited test] INFO  upgrade.AbstractLayoutVersionManager (AbstractLayoutVersionManager.java:init(83)) - Initializing Layout version manager with metadata layout = FILESYSTEM_SNAPSHOT (version = 5), software layout = FILESYSTEM_SNAPSHOT (version = 5)
2023-06-07 12:09:26,633 [Time-limited test] INFO  reflections.Reflections (Reflections.java:scan(232)) - Reflections took 76 ms to scan 2 urls, producing 177 keys and 490 values [using 2 cores]
2023-06-07 12:09:26,633 [Time-limited test] INFO  upgrade.OMLayoutVersionManager (OMLayoutVersionManager.java:lambda$0(115)) - Skipping Upgrade Action MockOmUpgradeAction since it has been finalized.
2023-06-07 12:09:26,636 [pool-430-thread-1] INFO  request.KdcRequest (KdcRequest.java:preauth(651)) - The preauth data is empty.
2023-06-07 12:09:26,637 [pool-430-thread-1] INFO  server.KdcHandler (KdcHandler.java:handleRecoverableException(177)) - KRB error occurred while processing request:Additional pre-authentication required
2023-06-07 12:09:26,641 [pool-430-thread-1] INFO  request.AsRequest (AsRequest.java:issueTicket(112)) - AS_REQ ISSUE: authtime 1686139766641,om/fv-az83-744@EXAMPLE.COM for krbtgt/EXAMPLE.COM@EXAMPLE.COM
2023-06-07 12:09:26,644 [Time-limited test] INFO  security.UserGroupInformation (UserGroupInformation.java:loginUserFromKeytab(1132)) - Login successful for user om/fv-az83-744@EXAMPLE.COM using keytab file om.keytab. Keytab auto renewal enabled : false
2023-06-07 12:09:26,644 [Time-limited test] INFO  om.OzoneManager (OzoneManager.java:loginOMUser(1134)) - Ozone Manager login successful.
2023-06-07 12:09:26,644 [Time-limited test] WARN  server.ServerUtils (ServerUtils.java:getDBPath(311)) - ozone.om.db.dirs is not configured. We recommend adding this setting. Falling back to ozone.metadata.dirs instead.
2023-06-07 12:09:26,645 [Time-limited test] INFO  proxy.SCMBlockLocationFailoverProxyProvider (SCMBlockLocationFailoverProxyProvider.java:<init>(114)) - Created block location fail-over proxy with 1 nodes: [nodeId=scmNodeId,nodeAddress=/0.0.0.0:9863]
2023-06-07 12:09:26,646 [Time-limited test] INFO  om.OzoneManager (OzoneManager.java:getOmDetailsProto(4485)) - OzoneManager ports added:[name: "RPC"
value: 1202
]
2023-06-07 12:09:26,647 [Time-limited test] INFO  om.OzoneManager (OzoneManager.java:<init>(637)) - OM start with adminUsers: [om/fv-az83-744@EXAMPLE.COM, om]
2023-06-07 12:09:26,648 [Time-limited test] WARN  server.ServerUtils (ServerUtils.java:getDBPath(311)) - ozone.om.db.dirs is not configured. We recommend adding this setting. Falling back to ozone.metadata.dirs instead.
2023-06-07 12:09:26,649 [Time-limited test] INFO  helpers.OmKeyInfo (OmKeyInfo.java:getCodec(71)) - OmKeyInfo.getCodec ignorePipeline = true
2023-06-07 12:09:26,826 [Time-limited test] INFO  om.OzoneManager (OzoneManager.java:instantiateServices(766)) - S3 Multi-Tenancy is disabled
2023-06-07 12:09:26,826 [Time-limited test] INFO  security.OzoneSecretStore (OzoneSecretStore.java:loadState(69)) - Loaded 0 tokens
2023-06-07 12:09:26,826 [Time-limited test] INFO  security.OzoneDelegationTokenSecretManager (OzoneDelegationTokenSecretManager.java:loadTokenSecretState(530)) - Loading token state into token manager.
2023-06-07 12:09:26,826 [Time-limited test] INFO  om.OmSnapshotManager (OmSnapshotManager.java:<init>(170)) - Ozone filesystem snapshot feature is enabled.
2023-06-07 12:09:26,827 [Time-limited test] WARN  server.ServerUtils (ServerUtils.java:getDBPath(311)) - ozone.om.snapshot.diff.db.dir is not configured. We recommend adding this setting. Falling back to ozone.metadata.dirs instead.
2023-06-07 12:09:26,855 [Time-limited test] INFO  utils.NativeLibraryLoader (NativeLibraryLoader.java:loadLibrary(103)) - Loading Library: ozone_rocksdb_tools
2023-06-07 12:09:26,857 [Time-limited test] INFO  om.OzoneManager (OzoneManager.java:addS3GVolumeToDB(4236)) - Created Volume s3v With Owner om required for S3Gateway operations.
2023-06-07 12:09:26,857 [Time-limited test] WARN  server.ServerUtils (ServerUtils.java:getDefaultRatisDirectory(323)) - Storage directory for Ratis is not configured. It is a good idea to map this to an SSD disk. Falling back to ozone.metadata.dirs
2023-06-07 12:09:26,857 [Time-limited test] WARN  utils.OzoneManagerRatisUtils (OzoneManagerRatisUtils.java:getOMRatisSnapshotDirectory(461)) - ozone.om.ratis.snapshot.dir is not configured. Falling back to ozone.metadata.dirs config
2023-06-07 12:09:26,858 [Time-limited test] WARN  server.ServerUtils (ServerUtils.java:getDefaultRatisDirectory(323)) - Storage directory for Ratis is not configured. It is a good idea to map this to an SSD disk. Falling back to ozone.metadata.dirs
2023-06-07 12:09:26,859 [Time-limited test] INFO  ratis.OzoneManagerRatisServer (OzoneManagerRatisServer.java:<init>(163)) - Instantiating OM Ratis server with groupID: omServiceIdDefault and peers: fv-az83-744:9872
2023-06-07 12:09:26,860 [Time-limited test] INFO  ratis.OzoneManagerStateMachine (OzoneManagerStateMachine.java:loadSnapshotInfoFromDB(670)) - LastAppliedIndex is set from TransactionInfo from OM DB as (t:0, i:~)
2023-06-07 12:09:26,860 [Time-limited test] INFO  server.RaftServer (ConfUtils.java:logGet(46)) - raft.rpc.type = GRPC (default)
2023-06-07 12:09:26,860 [Time-limited test] INFO  grpc.GrpcConfigKeys (ConfUtils.java:logFallback(53)) - raft.grpc.admin.host = null (fallback to raft.grpc.server.host)
2023-06-07 12:09:26,861 [Time-limited test] INFO  grpc.GrpcConfigKeys (ConfUtils.java:logFallback(53)) - raft.grpc.admin.port = 9872 (fallback to raft.grpc.server.port)
2023-06-07 12:09:26,861 [Time-limited test] INFO  grpc.GrpcConfigKeys (ConfUtils.java:logFallback(53)) - raft.grpc.client.host = null (fallback to raft.grpc.server.host)
2023-06-07 12:09:26,861 [Time-limited test] INFO  grpc.GrpcConfigKeys (ConfUtils.java:logFallback(53)) - raft.grpc.client.port = 9872 (fallback to raft.grpc.server.port)
2023-06-07 12:09:26,861 [Time-limited test] INFO  grpc.GrpcConfigKeys (ConfUtils.java:logGet(46)) - raft.grpc.server.host = null (default)
2023-06-07 12:09:26,861 [Time-limited test] INFO  grpc.GrpcConfigKeys (ConfUtils.java:logGet(46)) - raft.grpc.server.port = 9872 (custom)
2023-06-07 12:09:26,861 [Time-limited test] INFO  server.GrpcService (ConfUtils.java:logGet(46)) - raft.grpc.message.size.max = 33554432 (custom)
2023-06-07 12:09:26,861 [Time-limited test] INFO  server.RaftServerConfigKeys (ConfUtils.java:logGet(46)) - raft.server.log.appender.buffer.byte-limit = 33554432 (custom)
2023-06-07 12:09:26,861 [Time-limited test] INFO  server.GrpcService (ConfUtils.java:logGet(46)) - raft.grpc.flow.control.window = 1MB (=1048576) (default)
2023-06-07 12:09:26,861 [Time-limited test] INFO  server.RaftServerConfigKeys (ConfUtils.java:logGet(46)) - raft.server.rpc.request.timeout = 3000ms (default)
2023-06-07 12:09:26,861 [Time-limited test] INFO  grpc.GrpcConfigKeys (ConfUtils.java:logGet(46)) - raft.grpc.server.heartbeat.channel = true (default)
2023-06-07 12:09:26,861 [Time-limited test] INFO  grpc.GrpcConfigKeys (ConfUtils.java:logGet(46)) - raft.grpc.server.async.request.thread.pool.cached = true (default)
2023-06-07 12:09:26,861 [Time-limited test] INFO  grpc.GrpcConfigKeys (ConfUtils.java:logGet(46)) - raft.grpc.server.async.request.thread.pool.size = 32 (default)
2023-06-07 12:09:26,862 [Time-limited test] INFO  impl.DataStreamServerImpl (ConfUtils.java:logGet(46)) - raft.datastream.type = DISABLED (default)
2023-06-07 12:09:26,863 [Time-limited test] INFO  server.RaftServerConfigKeys (ConfUtils.java:logGet(46)) - raft.server.threadpool.proxy.cached = true (default)
2023-06-07 12:09:26,863 [Time-limited test] INFO  server.RaftServerConfigKeys (ConfUtils.java:logGet(46)) - raft.server.threadpool.proxy.size = 0 (default)
2023-06-07 12:09:26,863 [Time-limited test] INFO  server.RaftServerConfigKeys (ConfUtils.java:logGet(46)) - raft.server.rpc.slowness.timeout = 120s (custom)
2023-06-07 12:09:26,863 [Time-limited test] INFO  server.RaftServerConfigKeys (ConfUtils.java:logGet(46)) - raft.server.leaderelection.leader.step-down.wait-time = 10s (default)
2023-06-07 12:09:26,863 [Time-limited test] INFO  server.RaftServerConfigKeys (ConfUtils.java:logGet(46)) - raft.server.storage.dir = [/tmp/junit44851717614946608/junit5874490469714414075/scm-meta/ratis] (custom)
2023-06-07 12:09:26,875 [Time-limited test] INFO  server.RaftServer (RaftServerProxy.java:addNew(98)) - om1: addNew group-C5BA1605619E:[om1|rpc:fv-az83-744:9872|priority:0|startupRole:FOLLOWER] returns group-C5BA1605619E:java.util.concurrent.CompletableFuture@43ff3b78[Not completed]
2023-06-07 12:09:26,875 [Time-limited test] INFO  om.OzoneManager (OzoneManager.java:initializeRatisServer(2107)) - OzoneManager Ratis server initialized at port 9872
RaftServerImpl.java:<init>(198)) - om1: new RaftServerImpl for group-C5BA1605619E:[om1|rpc:fv-az83-744:9872|priority:0|startupRole:FOLLOWER] with OzoneManagerStateMachine:uninitialized
2023-06-07 12:09:26,875 [Time-limited test] INFO  om.OzoneManager (OzoneManager.java:initializeRatisServer(2107)) - OzoneManager Ratis server initialized at port 9872
2023-06-07 12:09:26,875 [Time-limited test] INFO  om.OzoneManager (OzoneManager.java:getRpcServer(1166)) - Creating RPC Server
ConfUtils.java:logGet(46)) - raft.server.rpc.timeout.min = 5s (custom)
2023-06-07 12:09:26,875 [Time-limited test] INFO  om.OzoneManager (OzoneManager.java:getRpcServer(1166)) - Creating RPC Server
2023-06-07 12:09:26,875 [om1-groupManagement] INFO  server.RaftServerConfigKeys (ConfUtils.java:logGet(46)) - raft.server.rpc.timeout.max = 5200ms (custom)
2023-06-07 12:09:26,876 [om1-groupManagement] INFO  server.RaftServerConfigKeys (ConfUtils.java:logGet(46)) - raft.server.rpc.sleep.time = 25ms (default)
2023-06-07 12:09:26,876 [om1-groupManagement] INFO  server.RaftServerConfigKeys (ConfUtils.java:logGet(46)) - raft.server.rpc.slowness.timeout = 120s (custom)
2023-06-07 12:09:26,876 [om1-groupManagement] INFO  server.RaftServerConfigKeys (ConfUtils.java:logGet(46)) - raft.server.leaderelection.leader.step-down.wait-time = 10s (default)
2023-06-07 12:09:26,876 [om1-groupManagement] INFO  server.RaftServerConfigKeys (ConfUtils.java:logGet(46)) - raft.server.sleep.deviation.threshold = 300ms (default)
2023-06-07 12:09:26,876 [om1-groupManagement] INFO  server.RaftServer$Division (ServerState.java:<init>(120)) - om1@group-C5BA1605619E: ConfigurationManager, init=-1: peers:[om1|rpc:fv-az83-744:9872|priority:0|startupRole:FOLLOWER]|listeners:[], old=null, confs=<EMPTY_MAP>
2023-06-07 12:09:26,876 [om1-groupManagement] INFO  server.RaftServerConfigKeys (ConfUtils.java:logGet(46)) - raft.server.storage.dir = [/tmp/junit44851717614946608/junit5874490469714414075/scm-meta/ratis] (custom)
2023-06-07 12:09:26,876 [om1-groupManagement] INFO  server.RaftServerConfigKeys (ConfUtils.java:logGet(46)) - raft.server.log.corruption.policy = EXCEPTION (default)
2023-06-07 12:09:26,876 [om1-groupManagement] INFO  server.RaftServerConfigKeys (ConfUtils.java:logGet(46)) - raft.server.storage.free-space.min = 0MB (=0) (default)
2023-06-07 12:09:26,876 [om1-groupManagement] INFO  server.RaftServerConfigKeys (ConfUtils.java:logGet(46)) - raft.server.notification.no-leader.timeout = 120s (custom)
2023-06-07 12:09:26,876 [om1-groupManagement] INFO  server.RaftServerConfigKeys (ConfUtils.java:logGet(46)) - raft.server.read.timeout = 10s (default)
2023-06-07 12:09:26,877 [om1-groupManagement] INFO  server.RaftServerConfigKeys (ConfUtils.java:logGet(46)) - raft.server.retrycache.expirytime = 300s (custom)
2023-06-07 12:09:26,877 [om1-groupManagement] INFO  server.RaftServerConfigKeys (ConfUtils.java:logGet(46)) - raft.server.retrycache.statistics.expirytime = 100μs (default)
2023-06-07 12:09:26,877 [om1-groupManagement] INFO  server.RaftServerConfigKeys (ConfUtils.java:logGet(46)) - raft.server.read.option = DEFAULT (default)
2023-06-07 12:09:26,877 [om1-groupManagement] INFO  server.RaftServerConfigKeys (ConfUtils.java:logGet(46)) - raft.server.rpc.request.timeout = 3000ms (default)
2023-06-07 12:09:26,877 [om1-groupManagement] INFO  server.RaftServerConfigKeys (ConfUtils.java:logGet(46)) - raft.server.log.appender.install.snapshot.enabled = false (custom)
2023-06-07 12:09:26,877 [om1-groupManagement] INFO  server.RaftServerConfigKeys (ConfUtils.java:logGet(46)) - raft.server.threadpool.server.cached = true (default)
2023-06-07 12:09:26,877 [om1-groupManagement] INFO  server.RaftServerConfigKeys (ConfUtils.java:logGet(46)) - raft.server.threadpool.server.size = 0 (default)
2023-06-07 12:09:26,878 [om1-groupManagement] INFO  server.RaftServerConfigKeys (ConfUtils.java:logGet(46)) - raft.server.threadpool.client.cached = true (default)
2023-06-07 12:09:26,878 [om1-groupManagement] INFO  server.RaftServerConfigKeys (ConfUtils.java:logGet(46)) - raft.server.threadpool.client.size = 0 (default)
2023-06-07 12:09:27,276 [Time-limited test] INFO  reflections.Reflections (Reflections.java:scan(232)) - Reflections took 399 ms to scan 19 urls, producing 69 keys and 5294 values [using 2 cores]
2023-06-07 12:09:27,278 [Time-limited test] INFO  ipc.CallQueueManager (CallQueueManager.java:<init>(90)) - Using callQueue: class java.util.concurrent.LinkedBlockingQueue, queueCapacity: 10000, scheduler: class org.apache.hadoop.ipc.DefaultRpcScheduler, ipcBackoff: false.
2023-06-07 12:09:27,281 [Socket Reader #1 for port 1202] INFO  ipc.Server (Server.java:run(1319)) - Starting Socket Reader #1 for port 1202
2023-06-07 12:09:27,284 [Listener at fv-az83-744/1202] INFO  hdds.HddsUtils (HddsUtils.java:preserveThreadName(843)) - Restoring thread name: Time-limited test
2023-06-07 12:09:27,783 [Time-limited test] INFO  utils.SelfSignedCertificate (SelfSignedCertificate.java:generateCertificate(158)) - Certificate 1 is issued by CN=rootCA@localhost,OU=scm1,O=cluster1 to CN=rootCA@localhost,OU=scm1,O=cluster1, valid from Wed Jun 07 12:09:27 UTC 2023 to Sat Jul 15 12:09:27 UTC 2028
2023-06-07 12:09:27,790 [Time-limited test] INFO  impl.MetricsSystemImpl (MetricsSystemImpl.java:init(158)) - OzoneManager metrics system started (again)
2023-06-07 12:09:27,801 [Time-limited test] INFO  om.OzoneManager (OzoneManager.java:start(1588)) - OzoneManager RPC server is listening at fv-az83-744/10.1.0.7:1202
2023-06-07 12:09:27,802 [Time-limited test] INFO  ratis.OzoneManagerRatisServer (OzoneManagerRatisServer.java:start(558)) - Starting OzoneManagerRatisServer om1 at port 9872
2023-06-07 12:09:27,802 [om1-impl-thread1] INFO  storage.RaftStorageDirectory (RaftStorageDirectoryImpl.java:analyzeStorage(137)) - The storage directory /tmp/junit44851717614946608/junit5874490469714414075/scm-meta/ratis/bf265839-605b-3f16-9796-c5ba1605619e does not exist. Creating ...
2023-06-07 12:09:27,804 [om1-impl-thread1] INFO  storage.RaftStorageDirectory (RaftStorageDirectoryImpl.java:tryLock(231)) - Lock on /tmp/junit44851717614946608/junit5874490469714414075/scm-meta/ratis/bf265839-605b-3f16-9796-c5ba1605619e/in_use.lock acquired by nodename 72539@fv-az83-744
2023-06-07 12:09:27,805 [om1-impl-thread1] INFO  storage.RaftStorage (RaftStorageImpl.java:format(96)) - Storage directory /tmp/junit44851717614946608/junit5874490469714414075/scm-meta/ratis/bf265839-605b-3f16-9796-c5ba1605619e has been successfully formatted.
2023-06-07 12:09:27,805 [om1-impl-thread1] INFO  server.RaftServerConfigKeys (ConfUtils.java:logGet(46)) - raft.server.log.use.memory = false (default)
2023-06-07 12:09:27,805 [om1-impl-thread1] INFO  server.RaftServerConfigKeys (ConfUtils.java:logGet(46)) - raft.server.log.purge.gap = 1000000 (custom)
2023-06-07 12:09:27,806 [om1-impl-thread1] INFO  server.RaftServerConfigKeys (ConfUtils.java:logGet(46)) - raft.server.log.appender.buffer.byte-limit = 33554432 (custom)
2023-06-07 12:09:27,806 [om1-impl-thread1] INFO  server.RaftServerConfigKeys (ConfUtils.java:logGet(46)) - raft.server.log.statemachine.data.read.timeout = 1000ms (default)
2023-06-07 12:09:27,806 [om1-impl-thread1] INFO  server.RaftServerConfigKeys (ConfUtils.java:logGet(46)) - raft.server.log.purge.preservation.log.num = 0 (default)
2023-06-07 12:09:27,806 [om1-impl-thread1] INFO  server.RaftServerConfigKeys (ConfUtils.java:logGet(46)) - raft.server.log.segment.size.max = 4194304 (custom)
2023-06-07 12:09:27,806 [om1-impl-thread1] INFO  server.RaftServerConfigKeys (ConfUtils.java:logGet(46)) - raft.server.log.segment.cache.num.max = 2 (custom)
2023-06-07 12:09:27,806 [om1-impl-thread1] INFO  server.RaftServerConfigKeys (ConfUtils.java:logGet(46)) - raft.server.log.segment.cache.size.max = 200MB (=209715200) (default)
2023-06-07 12:09:27,806 [om1-impl-thread1] INFO  server.RaftServerConfigKeys (ConfUtils.java:logGet(46)) - raft.server.log.appender.buffer.byte-limit = 33554432 (custom)
2023-06-07 12:09:27,806 [om1-impl-thread1] INFO  segmented.SegmentedRaftLogWorker (SegmentedRaftLogWorker.java:<init>(188)) - new om1@group-C5BA1605619E-SegmentedRaftLogWorker for RaftStorageImpl:Storage Directory /tmp/junit44851717614946608/junit5874490469714414075/scm-meta/ratis/bf265839-605b-3f16-9796-c5ba1605619e
2023-06-07 12:09:27,806 [om1-impl-thread1] INFO  server.RaftServerConfigKeys (ConfUtils.java:logGet(46)) - raft.server.log.queue.byte-limit = 64MB (=67108864) (default)
2023-06-07 12:09:27,806 [om1-impl-thread1] INFO  server.RaftServerConfigKeys (ConfUtils.java:logGet(46)) - raft.server.log.queue.element-limit = 4096 (default)
2023-06-07 12:09:27,806 [om1-impl-thread1] INFO  server.RaftServerConfigKeys (ConfUtils.java:logGet(46)) - raft.server.log.segment.size.max = 4194304 (custom)
2023-06-07 12:09:27,806 [om1-impl-thread1] INFO  server.RaftServerConfigKeys (ConfUtils.java:logGet(46)) - raft.server.log.preallocated.size = 4194304 (custom)
2023-06-07 12:09:27,807 [om1-impl-thread1] INFO  server.RaftServerConfigKeys (ConfUtils.java:logGet(46)) - raft.server.log.force.sync.num = 128 (default)
2023-06-07 12:09:27,807 [om1-impl-thread1] INFO  server.RaftServerConfigKeys (ConfUtils.java:logGet(46)) - raft.server.log.statemachine.data.sync = true (default)
2023-06-07 12:09:27,807 [om1-impl-thread1] INFO  server.RaftServerConfigKeys (ConfUtils.java:logGet(46)) - raft.server.log.statemachine.data.sync.timeout = 10s (default)
2023-06-07 12:09:27,807 [om1-impl-thread1] INFO  server.RaftServerConfigKeys (ConfUtils.java:logGet(46)) - raft.server.log.statemachine.data.sync.timeout.retry = -1 (default)
2023-06-07 12:09:27,807 [om1-impl-thread1] INFO  server.RaftServerConfigKeys (ConfUtils.java:logGet(46)) - raft.server.log.write.buffer.size = 64KB (=65536) (default)
2023-06-07 12:09:27,807 [om1-impl-thread1] INFO  server.RaftServerConfigKeys (ConfUtils.java:logGet(46)) - raft.server.log.appender.buffer.byte-limit = 33554432 (custom)
2023-06-07 12:09:27,818 [om1-impl-thread1] INFO  server.RaftServerConfigKeys (ConfUtils.java:logGet(46)) - raft.server.log.unsafe-flush.enabled = false (default)
2023-06-07 12:09:27,818 [om1-impl-thread1] INFO  server.RaftServerConfigKeys (ConfUtils.java:logGet(46)) - raft.server.log.async-flush.enabled = false (default)
2023-06-07 12:09:27,818 [om1-impl-thread1] INFO  server.RaftServerConfigKeys (ConfUtils.java:logGet(46)) - raft.server.log.statemachine.data.caching.enabled = false (default)
2023-06-07 12:09:27,819 [om1-impl-thread1] INFO  segmented.SegmentedRaftLogWorker (SegmentedRaftLogWorker.java:lambda$new$0(135)) - om1@group-C5BA1605619E-SegmentedRaftLogWorker: flushIndex: setUnconditionally 0 -> -1
2023-06-07 12:09:27,819 [om1-impl-thread1] INFO  segmented.SegmentedRaftLogWorker (SegmentedRaftLogWorker.java:lambda$new$0(135)) - om1@group-C5BA1605619E-SegmentedRaftLogWorker: safeCacheEvictIndex: setUnconditionally 0 -> -1
2023-06-07 12:09:27,819 [om1-impl-thread1] INFO  server.RaftServer$Division (RaftServerImpl.java:start(342)) - om1@group-C5BA1605619E: start as a follower, conf=-1: peers:[om1|rpc:fv-az83-744:9872|priority:0|startupRole:FOLLOWER]|listeners:[], old=null
2023-06-07 12:09:27,819 [om1-impl-thread1] INFO  server.RaftServer$Division (RaftServerImpl.java:setRole(329)) - om1@group-C5BA1605619E: changes role from      null to FOLLOWER at term 0 for startAsFollower
2023-06-07 12:09:27,823 [om1-impl-thread1] INFO  impl.RoleInfo (RoleInfo.java:updateAndGet(139)) - om1: start om1@group-C5BA1605619E-FollowerState
2023-06-07 12:09:27,828 [om1-impl-thread1] INFO  util.JmxRegister (JmxRegister.java:tryRegister(44)) - Successfully registered JMX Bean with object name Ratis:service=RaftServer,group=group-C5BA1605619E,id=om1
2023-06-07 12:09:27,829 [om1-impl-thread1] INFO  server.RaftServerConfigKeys (ConfUtils.java:logGet(46)) - raft.server.snapshot.auto.trigger.enabled = true (custom)
2023-06-07 12:09:27,829 [om1-impl-thread1] INFO  server.RaftServerConfigKeys (ConfUtils.java:logGet(46)) - raft.server.snapshot.auto.trigger.threshold = 400000 (default)
2023-06-07 12:09:27,829 [om1-impl-thread1] INFO  server.RaftServerConfigKeys (ConfUtils.java:logGet(46)) - raft.server.snapshot.retention.file.num = -1 (default)
2023-06-07 12:09:27,829 [om1-impl-thread1] INFO  server.RaftServerConfigKeys (ConfUtils.java:logGet(46)) - raft.server.log.purge.upto.snapshot.index = true (custom)
2023-06-07 12:09:27,831 [Time-limited test] INFO  server.RaftServer (RaftServerProxy.java:startImpl(400)) - om1: start RPC server
2023-06-07 12:09:27,833 [om1@group-C5BA1605619E-FollowerState] INFO  server.RaftServerConfigKeys (ConfUtils.java:logFallback(53)) - raft.server.rpc.first-election.timeout.min = 5s (fallback to raft.server.rpc.timeout.min)
2023-06-07 12:09:27,833 [om1@group-C5BA1605619E-FollowerState] INFO  server.RaftServerConfigKeys (ConfUtils.java:logFallback(53)) - raft.server.rpc.first-election.timeout.max = 5200ms (fallback to raft.server.rpc.timeout.max)
2023-06-07 12:09:27,834 [Time-limited test] INFO  server.GrpcService (GrpcService.java:startImpl(302)) - om1: GrpcService started, listening on 9872
2023-06-07 12:09:27,834 [Time-limited test] INFO  om.OzoneManager (OzoneManager.java:startSecretManager(1088)) - Starting OM delegation token secret manager
2023-06-07 12:09:27,834 [Time-limited test] INFO  security.OzoneDelegationTokenSecretManager (OzoneSecretManager.java:updateCurrentKey(175)) - Updating current master key for generating tokens. Cert id 4028364370399
2023-06-07 12:09:27,834 [JvmPauseMonitor8] INFO  util.JvmPauseMonitor (JvmPauseMonitor.java:run(103)) - JvmPauseMonitor-om1: Started
2023-06-07 12:09:27,835 [Time-limited test] INFO  om.OzoneManager (OzoneManager.java:start(1604)) - Version File has different layout version (5) than OM DB (null). That is expected if this OM has never been finalized to a newer layout version.
2023-06-07 12:09:27,838 [Thread[Thread-2119,5,FailOnTimeoutGroup]] INFO  security.OzoneDelegationTokenSecretManager (OzoneDelegationTokenSecretManager.java:run(636)) - Starting expired delegation token remover thread, tokenRemoverScanInterval=60 min(s)
2023-06-07 12:09:27,839 [Time-limited test] INFO  http.BaseHttpServer (BaseHttpServer.java:newHttpServer2BuilderForOzone(224)) - Starting Web-server for ozoneManager at: http://0.0.0.0:9874
2023-06-07 12:09:27,839 [Time-limited test] INFO  http.BaseHttpServer (BaseHttpServer.java:<init>(111)) - Hadoop Security Enabled: true Ozone Security Enabled: true Ozone HTTP Security Enabled: false 
2023-06-07 12:09:27,840 [Time-limited test] WARN  server.AuthenticationFilter (AuthenticationFilter.java:constructSecretProvider(240)) - Unable to initialize FileSignerSecretProvider, falling back to use random secrets. Reason: Could not read signature secret file: /home/runner/hadoop-http-auth-signature-secret
2023-06-07 12:09:27,844 [Time-limited test] INFO  http.HttpRequestLog (HttpRequestLog.java:getRequestLog(86)) - Http request log for http.requests.ozoneManager is not defined
2023-06-07 12:09:27,846 [Time-limited test] INFO  http.HttpServer2 (HttpServer2.java:addGlobalFilter(1031)) - Added global filter 'safety' (class=org.apache.hadoop.hdds.server.http.HttpServer2$QuotingInputFilter)
2023-06-07 12:09:27,847 [Time-limited test] INFO  http.HttpServer2 (HttpServer2.java:addFilter(1007)) - Added filter static_user_filter (class=org.apache.hadoop.http.lib.StaticUserWebFilter$StaticUserFilter) to context ozoneManager
2023-06-07 12:09:27,847 [Time-limited test] INFO  http.HttpServer2 (HttpServer2.java:addFilter(1015)) - Added filter static_user_filter (class=org.apache.hadoop.http.lib.StaticUserWebFilter$StaticUserFilter) to context static
2023-06-07 12:09:27,847 [Time-limited test] INFO  http.HttpServer2 (HttpServer2.java:addFilter(1015)) - Added filter static_user_filter (class=org.apache.hadoop.http.lib.StaticUserWebFilter$StaticUserFilter) to context logs
2023-06-07 12:09:27,848 [Time-limited test] INFO  http.BaseHttpServer (BaseHttpServer.java:<init>(190)) - HTTP server of ozoneManager uses base directory /tmp/junit44851717614946608/junit5874490469714414075/scm-meta/webserver
2023-06-07 12:09:27,848 [Time-limited test] INFO  http.HttpServer2 (HttpServer2.java:bindListener(1250)) - Jetty bound to port 9874
2023-06-07 12:09:27,848 [Time-limited test] INFO  server.Server (Server.java:doStart(375)) - jetty-9.4.51.v20230217; built: 2023-02-17T08:19:37.309Z; git: b45c405e4544384de066f814ed42ae3dceacdd49; jvm 1.8.0_372-b07
2023-06-07 12:09:27,850 [Time-limited test] INFO  server.session (DefaultSessionIdManager.java:doStart(334)) - DefaultSessionIdManager workerName=node0
2023-06-07 12:09:27,850 [Time-limited test] INFO  server.session (DefaultSessionIdManager.java:doStart(339)) - No SessionScavenger set, using defaults
2023-06-07 12:09:27,850 [Time-limited test] INFO  server.session (HouseKeeper.java:startScavenging(132)) - node0 Scavenging every 660000ms
2023-06-07 12:09:27,851 [Time-limited test] INFO  handler.ContextHandler (ContextHandler.java:doStart(921)) - Started o.e.j.s.ServletContextHandler@554c0fb7{logs,/logs,file:///home/runner/work/ozone/ozone/hadoop-ozone/integration-test/target/log,AVAILABLE}
2023-06-07 12:09:27,852 [Time-limited test] INFO  handler.ContextHandler (ContextHandler.java:doStart(921)) - Started o.e.j.s.ServletContextHandler@34f5e7f1{static,/static,file:///home/runner/work/ozone/ozone/hadoop-ozone/integration-test/target/test-classes/webapps/static,AVAILABLE}
2023-06-07 12:09:27,857 [Time-limited test] INFO  handler.ContextHandler (ContextHandler.java:doStart(921)) - Started o.e.j.w.WebAppContext@39a5d57d{ozoneManager,/,file:///home/runner/work/ozone/ozone/hadoop-ozone/integration-test/target/test-classes/webapps/ozoneManager/,AVAILABLE}{file:/home/runner/work/ozone/ozone/hadoop-ozone/integration-test/target/test-classes/webapps/ozoneManager}
2023-06-07 12:09:27,858 [Time-limited test] INFO  server.AbstractConnector (AbstractConnector.java:doStart(333)) - Started ServerConnector@59e254a2{HTTP/1.1, (http/1.1)}{0.0.0.0:9874}
2023-06-07 12:09:27,859 [Time-limited test] INFO  server.Server (Server.java:doStart(415)) - Started @92868ms
2023-06-07 12:09:27,859 [Time-limited test] WARN  impl.MetricsSystemImpl (MetricsSystemImpl.java:register(279)) - Sink prometheus already exists!
2023-06-07 12:09:27,859 [Time-limited test] INFO  http.BaseHttpServer (BaseHttpServer.java:updateConnectorAddress(344)) - HTTP server of ozoneManager listening at http://0.0.0.0:9874
2023-06-07 12:09:27,859 [IPC Server Responder] INFO  ipc.Server (Server.java:run(1558)) - IPC Server Responder: starting
2023-06-07 12:09:27,860 [IPC Server listener on 1202] INFO  ipc.Server (Server.java:run(1398)) - IPC Server listener on 1202: starting
2023-06-07 12:09:27,873 [Time-limited test] INFO  om.OzoneManager (OzoneManager.java:startTrashEmptier(2060)) - Trash Interval set to 0. Files deleted won't move to trash
2023-06-07 12:09:27,878 [pool-430-thread-1] INFO  request.KdcRequest (KdcRequest.java:preauth(651)) - The preauth data is empty.
2023-06-07 12:09:27,878 [pool-430-thread-1] INFO  server.KdcHandler (KdcHandler.java:handleRecoverableException(177)) - KRB error occurred while processing request:Additional pre-authentication required
2023-06-07 12:09:27,884 [pool-430-thread-2] INFO  request.AsRequest (AsRequest.java:issueTicket(112)) - AS_REQ ISSUE: authtime 1686139767884,test@EXAMPLE.COM for krbtgt/EXAMPLE.COM@EXAMPLE.COM
2023-06-07 12:09:27,913 [pool-430-thread-2] INFO  request.TgsRequest (TgsRequest.java:issueTicket(115)) - TGS_REQ ISSUE: authtime 1686139767913,test for om/fv-az83-744@EXAMPLE.COM
2023-06-07 12:09:27,926 [Socket Reader #1 for port 1202] INFO  ipc.Server (Server.java:saslProcess(2116)) - Auth successful for test@EXAMPLE.COM (auth:KERBEROS) from 10.1.0.7:34464
2023-06-07 12:09:29,940 [Time-limited test] INFO  retry.RetryInvocationHandler (RetryInvocationHandler.java:log(422)) - com.google.protobuf.ServiceException: org.apache.hadoop.ipc.RemoteException(org.apache.hadoop.ozone.om.exceptions.OMNotLeaderException): OM:om1 is not the leader. Could not determine the leader node.
	at org.apache.hadoop.ozone.om.OzoneManager.checkLeaderStatus(OzoneManager.java:3948)
	at org.apache.hadoop.ozone.om.ratis.utils.OzoneManagerRatisUtils.checkLeaderStatus(OzoneManagerRatisUtils.java:473)
	at org.apache.hadoop.ozone.protocolPB.OzoneManagerProtocolServerSideTranslatorPB.processRequest(OzoneManagerProtocolServerSideTranslatorPB.java:183)
	at org.apache.hadoop.hdds.server.OzoneProtocolMessageDispatcher.processRequest(OzoneProtocolMessageDispatcher.java:87)
	at org.apache.hadoop.ozone.protocolPB.OzoneManagerProtocolServerSideTranslatorPB.submitRequest(OzoneManagerProtocolServerSideTranslatorPB.java:147)
	at org.apache.hadoop.ozone.protocol.proto.OzoneManagerProtocolProtos$OzoneManagerService$2.callBlockingMethod(OzoneManagerProtocolProtos.java)
	at org.apache.hadoop.ipc.ProtobufRpcEngine$Server.processCall(ProtobufRpcEngine.java:484)
	at org.apache.hadoop.ipc.ProtobufRpcEngine2$Server$ProtoBufRpcInvoker.call(ProtobufRpcEngine2.java:595)
	at org.apache.hadoop.ipc.ProtobufRpcEngine2$Server$ProtoBufRpcInvoker.call(ProtobufRpcEngine2.java:573)
	at org.apache.hadoop.ipc.RPC$Server.call(RPC.java:1213)
	at org.apache.hadoop.ipc.Server$RpcCall.run(Server.java:1089)
	at org.apache.hadoop.ipc.Server$RpcCall.run(Server.java:1012)
	at java.security.AccessController.doPrivileged(Native Method)
	at javax.security.auth.Subject.doAs(Subject.java:422)
	at org.apache.hadoop.security.UserGroupInformation.doAs(UserGroupInformation.java:1899)
	at org.apache.hadoop.ipc.Server$Handler.run(Server.java:3026)
, while invoking $Proxy52.submitRequest over nodeId=null,nodeAddress=fv-az83-744:1202 after 1 failover attempts. Trying to failover after sleeping for 4000ms. Current retry count: 1.
2023-06-07 12:09:32,871 [om1@group-C5BA1605619E-FollowerState] INFO  impl.FollowerState (FollowerState.java:run(143)) - om1@group-C5BA1605619E-FollowerState: change to CANDIDATE, lastRpcElapsedTime:5047775569ns, electionTimeout:5038ms
2023-06-07 12:09:32,872 [om1@group-C5BA1605619E-FollowerState] INFO  impl.RoleInfo (RoleInfo.java:shutdownFollowerState(110)) - om1: shutdown om1@group-C5BA1605619E-FollowerState
2023-06-07 12:09:32,872 [om1@group-C5BA1605619E-FollowerState] INFO  server.RaftServer$Division (RaftServerImpl.java:setRole(329)) - om1@group-C5BA1605619E: changes role from  FOLLOWER to CANDIDATE at term 0 for changeToCandidate
2023-06-07 12:09:32,872 [om1@group-C5BA1605619E-FollowerState] INFO  server.RaftServerConfigKeys (ConfUtils.java:logGet(46)) - raft.server.leaderelection.pre-vote = true (default)
2023-06-07 12:09:32,872 [om1@group-C5BA1605619E-FollowerState] INFO  impl.RoleInfo (RoleInfo.java:updateAndGet(139)) - om1: start om1@group-C5BA1605619E-LeaderElection3
2023-06-07 12:09:32,880 [om1@group-C5BA1605619E-LeaderElection3] INFO  impl.LeaderElection (LeaderElection.java:askForVotes(321)) - om1@group-C5BA1605619E-LeaderElection3 PRE_VOTE round 0: submit vote requests at term 0 for -1: peers:[om1|rpc:fv-az83-744:9872|priority:0|startupRole:FOLLOWER]|listeners:[], old=null
2023-06-07 12:09:32,880 [om1@group-C5BA1605619E-LeaderElection3] INFO  impl.LeaderElection (LeaderElection.java:askForVotes(323)) - om1@group-C5BA1605619E-LeaderElection3 PRE_VOTE round 0: result PASSED (term=0)
2023-06-07 12:09:32,882 [om1@group-C5BA1605619E-LeaderElection3] INFO  impl.LeaderElection (LeaderElection.java:askForVotes(321)) - om1@group-C5BA1605619E-LeaderElection3 ELECTION round 0: submit vote requests at term 1 for -1: peers:[om1|rpc:fv-az83-744:9872|priority:0|startupRole:FOLLOWER]|listeners:[], old=null
2023-06-07 12:09:32,882 [om1@group-C5BA1605619E-LeaderElection3] INFO  impl.LeaderElection (LeaderElection.java:askForVotes(323)) - om1@group-C5BA1605619E-LeaderElection3 ELECTION round 0: result PASSED (term=1)
2023-06-07 12:09:32,882 [om1@group-C5BA1605619E-LeaderElection3] INFO  impl.RoleInfo (RoleInfo.java:shutdownLeaderElection(130)) - om1: shutdown om1@group-C5BA1605619E-LeaderElection3
2023-06-07 12:09:32,882 [om1@group-C5BA1605619E-LeaderElection3] INFO  server.RaftServer$Division (RaftServerImpl.java:setRole(329)) - om1@group-C5BA1605619E: changes role from CANDIDATE to LEADER at term 1 for changeToLeader
2023-06-07 12:09:32,882 [om1@group-C5BA1605619E-LeaderElection3] INFO  server.RaftServer$Division (ServerState.java:setLeader(317)) - om1@group-C5BA1605619E: change Leader from null to om1 at term 1 for becomeLeader, leader elected after 6005ms
2023-06-07 12:09:32,882 [om1@group-C5BA1605619E-LeaderElection3] INFO  server.RaftServerConfigKeys (ConfUtils.java:logGet(46)) - raft.server.staging.catchup.gap = 1000 (default)
2023-06-07 12:09:32,883 [om1@group-C5BA1605619E-LeaderElection3] INFO  server.RaftServerConfigKeys (ConfUtils.java:logGet(46)) - raft.server.write.element-limit = 4096 (default)
2023-06-07 12:09:32,883 [om1@group-C5BA1605619E-LeaderElection3] INFO  server.RaftServerConfigKeys (ConfUtils.java:logGet(46)) - raft.server.write.byte-limit = 64MB (=67108864) (default)
2023-06-07 12:09:32,883 [om1@group-C5BA1605619E-LeaderElection3] INFO  server.RaftServerConfigKeys (ConfUtils.java:logGet(46)) - raft.server.watch.timeout = 10s (default)
2023-06-07 12:09:32,883 [om1@group-C5BA1605619E-LeaderElection3] INFO  server.RaftServerConfigKeys (ConfUtils.java:logGet(46)) - raft.server.watch.timeout.denomination = 1s (default)
2023-06-07 12:09:32,883 [om1@group-C5BA1605619E-LeaderElection3] INFO  server.RaftServerConfigKeys (ConfUtils.java:logGet(46)) - raft.server.watch.element-limit = 65536 (default)
2023-06-07 12:09:32,883 [om1@group-C5BA1605619E-LeaderElection3] INFO  server.RaftServerConfigKeys (ConfUtils.java:logGet(46)) - raft.server.write.element-limit = 4096 (default)
2023-06-07 12:09:32,883 [om1@group-C5BA1605619E-LeaderElection3] INFO  server.RaftServerConfigKeys (ConfUtils.java:logGet(46)) - raft.server.write.follower.gap.ratio.max = -1.0 (default)
2023-06-07 12:09:32,883 [om1@group-C5BA1605619E-LeaderElection3] INFO  impl.RoleInfo (RoleInfo.java:updateAndGet(139)) - om1: start om1@group-C5BA1605619E-LeaderStateImpl
2023-06-07 12:09:32,884 [om1@group-C5BA1605619E-LeaderElection3] INFO  segmented.SegmentedRaftLogWorker (SegmentedRaftLogWorker.java:startLogSegment(447)) - om1@group-C5BA1605619E-SegmentedRaftLogWorker: Starting segment from index:0
2023-06-07 12:09:32,892 [om1@group-C5BA1605619E-LeaderElection3] INFO  server.RaftServer$Division (ServerState.java:setRaftConf(434)) - om1@group-C5BA1605619E: set configuration 0: peers:[om1|rpc:fv-az83-744:9872|admin:|client:|dataStream:|priority:0|startupRole:FOLLOWER]|listeners:[], old=null
2023-06-07 12:09:32,895 [om1@group-C5BA1605619E-SegmentedRaftLogWorker] INFO  segmented.SegmentedRaftLogWorker (SegmentedRaftLogWorker.java:execute(651)) - om1@group-C5BA1605619E-SegmentedRaftLogWorker: created new log segment /tmp/junit44851717614946608/junit5874490469714414075/scm-meta/ratis/bf265839-605b-3f16-9796-c5ba1605619e/current/log_inprogress_0
2023-06-07 12:09:32,897 [om1@group-C5BA1605619E-StateMachineUpdater] INFO  ratis.OzoneManagerStateMachine (OzoneManagerStateMachine.java:notifyConfigurationChanged(201)) - Received Configuration change notification from Ratis. New Peer list:
[id: "om1"
address: "fv-az83-744:9872"
startupRole: FOLLOWER
]
2023-06-07 12:09:33,965 [OM StateMachine ApplyTransaction Thread - 0] INFO  volume.OMVolumeCreateRequest (OMVolumeCreateRequest.java:validateAndUpdateCache(196)) - created volume:vol1 for user:owner1
2023-06-07 12:09:33,995 [Time-limited test] WARN  ipc.Client (Client.java:run(749)) - Exception encountered while connecting to the server 
org.apache.hadoop.security.AccessControlException: Client cannot authenticate via:[TOKEN, KERBEROS]
	at org.apache.hadoop.security.SaslRpcClient.selectSaslClient(SaslRpcClient.java:179)
	at org.apache.hadoop.security.SaslRpcClient.saslConnect(SaslRpcClient.java:392)
	at org.apache.hadoop.ipc.Client$Connection.setupSaslConnection(Client.java:577)
	at org.apache.hadoop.ipc.Client$Connection.access$2100(Client.java:363)
	at org.apache.hadoop.ipc.Client$Connection$2.run(Client.java:800)
	at org.apache.hadoop.ipc.Client$Connection$2.run(Client.java:796)
	at java.security.AccessController.doPrivileged(Native Method)
	at javax.security.auth.Subject.doAs(Subject.java:422)
	at org.apache.hadoop.security.UserGroupInformation.doAs(UserGroupInformation.java:1899)
	at org.apache.hadoop.ipc.Client$Connection.setupIOstreams(Client.java:796)
	at org.apache.hadoop.ipc.Client$Connection.access$3800(Client.java:363)
	at org.apache.hadoop.ipc.Client.getConnection(Client.java:1649)
	at org.apache.hadoop.ipc.Client.call(Client.java:1474)
	at org.apache.hadoop.ipc.Client.call(Client.java:1427)
	at org.apache.hadoop.ipc.ProtobufRpcEngine$Invoker.invoke(ProtobufRpcEngine.java:250)
	at org.apache.hadoop.ipc.ProtobufRpcEngine$Invoker.invoke(ProtobufRpcEngine.java:132)
	at com.sun.proxy.$Proxy52.submitRequest(Unknown Source)
	at sun.reflect.GeneratedMethodAccessor23.invoke(Unknown Source)
	at sun.reflect.DelegatingMethodAccessorImpl.invoke(DelegatingMethodAccessorImpl.java:43)
	at java.lang.reflect.Method.invoke(Method.java:498)
	at org.apache.hadoop.io.retry.RetryInvocationHandler.invokeMethod(RetryInvocationHandler.java:433)
	at org.apache.hadoop.io.retry.RetryInvocationHandler$Call.invokeMethod(RetryInvocationHandler.java:166)
	at org.apache.hadoop.io.retry.RetryInvocationHandler$Call.invoke(RetryInvocationHandler.java:158)
	at org.apache.hadoop.io.retry.RetryInvocationHandler$Call.invokeOnce(RetryInvocationHandler.java:96)
	at org.apache.hadoop.io.retry.RetryInvocationHandler.invoke(RetryInvocationHandler.java:362)
	at com.sun.proxy.$Proxy52.submitRequest(Unknown Source)
	at org.apache.hadoop.ozone.om.protocolPB.Hadoop3OmTransport.submitRequest(Hadoop3OmTransport.java:80)
	at org.apache.hadoop.ozone.om.protocolPB.OzoneManagerProtocolClientSideTranslatorPB.submitRequest(OzoneManagerProtocolClientSideTranslatorPB.java:300)
	at org.apache.hadoop.ozone.om.protocolPB.OzoneManagerProtocolClientSideTranslatorPB.listVolume(OzoneManagerProtocolClientSideTranslatorPB.java:506)
	at org.apache.hadoop.ozone.om.protocolPB.OzoneManagerProtocolClientSideTranslatorPB.listAllVolumes(OzoneManagerProtocolClientSideTranslatorPB.java:495)
	at org.apache.hadoop.ozone.TestSecureOzoneCluster.lambda$testAccessControlExceptionOnClient$5(TestSecureOzoneCluster.java:586)
	at org.apache.ozone.test.LambdaTestUtils.intercept(LambdaTestUtils.java:491)
	at org.apache.ozone.test.LambdaTestUtils.intercept(LambdaTestUtils.java:377)
	at org.apache.ozone.test.LambdaTestUtils.intercept(LambdaTestUtils.java:446)
	at org.apache.hadoop.ozone.TestSecureOzoneCluster.testAccessControlExceptionOnClient(TestSecureOzoneCluster.java:585)
	at sun.reflect.NativeMethodAccessorImpl.invoke0(Native Method)
	at sun.reflect.NativeMethodAccessorImpl.invoke(NativeMethodAccessorImpl.java:62)
	at sun.reflect.DelegatingMethodAccessorImpl.invoke(DelegatingMethodAccessorImpl.java:43)
	at java.lang.reflect.Method.invoke(Method.java:498)
	at org.junit.runners.model.FrameworkMethod$1.runReflectiveCall(FrameworkMethod.java:59)
	at org.junit.internal.runners.model.ReflectiveCallable.run(ReflectiveCallable.java:12)
	at org.junit.runners.model.FrameworkMethod.invokeExplosively(FrameworkMethod.java:56)
	at org.junit.internal.runners.statements.InvokeMethod.evaluate(InvokeMethod.java:17)
	at org.junit.internal.runners.statements.RunBefores.evaluate(RunBefores.java:26)
	at org.junit.internal.runners.statements.RunAfters.evaluate(RunAfters.java:27)
	at org.junit.rules.ExternalResource$1.evaluate(ExternalResource.java:54)
	at org.junit.internal.runners.statements.FailOnTimeout$CallableStatement.call(FailOnTimeout.java:288)
	at org.junit.internal.runners.statements.FailOnTimeout$CallableStatement.call(FailOnTimeout.java:282)
	at java.util.concurrent.FutureTask.run(FutureTask.java:266)
	at java.lang.Thread.run(Thread.java:750)
2023-06-07 12:09:33,999 [Time-limited test] INFO  impl.DefaultInternalKdcServerImpl (DefaultInternalKdcServerImpl.java:doStop(102)) - Default Internal kdc server stopped.
2023-06-07 12:09:34,999 [Time-limited test] INFO  minikdc.MiniKdc (MiniKdc.java:stop(359)) - MiniKdc stopped.
2023-06-07 12:09:35,000 [Time-limited test] INFO  server.StorageContainerManager (StorageContainerManager.java:stop(1560)) - Container Balancer is not running.
2023-06-07 12:09:35,000 [Time-limited test] INFO  server.StorageContainerManager (StorageContainerManager.java:stopReplicationManager(1691)) - Stopping Replication Manager Service.
2023-06-07 12:09:35,000 [Time-limited test] INFO  replication.ReplicationManager (ReplicationManager.java:stop(332)) - Stopping Replication Monitor Thread.
2023-06-07 12:09:35,000 [Time-limited test] INFO  server.StorageContainerManager (StorageContainerManager.java:stop(1569)) - Stopping the Datanode Admin Monitor.
2023-06-07 12:09:35,000 [Under Replicated Processor] WARN  replication.UnhealthyReplicationProcessor (UnhealthyReplicationProcessor.java:run(167)) - Under Replicated Processor interrupted. Exiting...
2023-06-07 12:09:35,000 [ReplicationMonitor] INFO  replication.ReplicationManager (ReplicationManager.java:run(938)) - Replication Monitor Thread is stopped
2023-06-07 12:09:35,000 [Over Replicated Processor] WARN  replication.UnhealthyReplicationProcessor (UnhealthyReplicationProcessor.java:run(167)) - Over Replicated Processor interrupted. Exiting...
2023-06-07 12:09:35,000 [Time-limited test] INFO  server.StorageContainerManager (StorageContainerManager.java:stop(1576)) - Stopping datanode service RPC server
2023-06-07 12:09:35,000 [Time-limited test] INFO  server.SCMDatanodeProtocolServer (SCMDatanodeProtocolServer.java:stop(424)) - Stopping the RPC server for DataNodes
2023-06-07 12:09:35,001 [Time-limited test] INFO  ipc.Server (Server.java:stop(3501)) - Stopping server on 9861
2023-06-07 12:09:35,491 [SCM Heartbeat Processing Thread - 0] WARN  node.NodeStateManager (NodeStateManager.java:scheduleNextHealthCheck(870)) - Current Thread is interrupted, shutting down HB processing thread for Node Manager.
2023-06-07 12:09:35,491 [Time-limited test] INFO  server.StorageContainerManager (StorageContainerManager.java:stop(1584)) - Stopping block service RPC server
2023-06-07 12:09:35,491 [Time-limited test] INFO  server.SCMBlockProtocolServer (SCMBlockProtocolServer.java:stop(161)) - Stopping the RPC server for Block Protocol
2023-06-07 12:09:35,491 [Time-limited test] INFO  ipc.Server (Server.java:stop(3501)) - Stopping server on 9863
2023-06-07 12:09:35,492 [Time-limited test] INFO  server.StorageContainerManager (StorageContainerManager.java:stop(1591)) - Stopping the StorageContainerLocationProtocol RPC server
2023-06-07 12:09:35,492 [Time-limited test] INFO  server.SCMClientProtocolServer (SCMClientProtocolServer.java:stop(210)) - Stopping the RPC server for Client Protocol
2023-06-07 12:09:35,492 [Time-limited test] INFO  ipc.Server (Server.java:stop(3501)) - Stopping server on 9860
2023-06-07 12:09:35,492 [Time-limited test] INFO  server.StorageContainerManager (StorageContainerManager.java:stop(1598)) - Stopping Storage Container Manager HTTP server.
2023-06-07 12:09:35,493 [Time-limited test] INFO  server.StorageContainerManager (StorageContainerManager.java:stop(1606)) - Stopping SCM LayoutVersionManager Service.
2023-06-07 12:09:35,493 [Time-limited test] INFO  server.SCMSecurityProtocolServer (SCMSecurityProtocolServer.java:stop(403)) - Stopping the SCMSecurityProtocolServer.
2023-06-07 12:09:35,493 [Time-limited test] INFO  ipc.Server (Server.java:stop(3501)) - Stopping server on 9961
2023-06-07 12:09:35,493 [Time-limited test] INFO  server.SCMUpdateServiceGrpcServer (SCMUpdateServiceGrpcServer.java:stop(73)) - SCMUpdateService stopping
2023-06-07 12:09:35,493 [Time-limited test] INFO  server.StorageContainerManager (StorageContainerManager.java:stop(1614)) - Stopping Block Manager Service.
2023-06-07 12:09:35,493 [Time-limited test] INFO  utils.BackgroundService (BackgroundService.java:shutdown(141)) - Shutting down service SCMBlockDeletingService
2023-06-07 12:09:35,493 [Time-limited test] INFO  utils.BackgroundService (BackgroundService.java:shutdown(141)) - Shutting down service SCMBlockDeletingService
2023-06-07 12:09:35,493 [Time-limited test] INFO  server.StorageContainerManager (StorageContainerManager.java:stop(1636)) - Stopping SCM Event Queue.
2023-06-07 12:09:35,493 [Time-limited test] INFO  server.StorageContainerManager (StorageContainerManager.java:stop(1647)) - Stopping SCM HA services.
2023-06-07 12:09:35,494 [Time-limited test] INFO  pipeline.BackgroundPipelineCreator (BackgroundPipelineCreator.java:stop(149)) - Stopping RatisPipelineUtilsThread.
2023-06-07 12:09:35,494 [RatisPipelineUtilsThread - 0] WARN  pipeline.BackgroundPipelineCreator (BackgroundPipelineCreator.java:run(180)) - RatisPipelineUtilsThread is interrupted.
2023-06-07 12:09:35,494 [Time-limited test] INFO  BackgroundPipelineScrubber (BackgroundSCMService.java:stop(131)) - Stopping BackgroundPipelineScrubber Service.
2023-06-07 12:09:35,494 [BackgroundPipelineScrubberThread] WARN  BackgroundPipelineScrubber (BackgroundSCMService.java:run(115)) - BackgroundPipelineScrubber is interrupted, exit
2023-06-07 12:09:35,494 [Time-limited test] WARN  pipeline.BackgroundPipelineCreator (BackgroundPipelineCreator.java:stop(145)) - RatisPipelineUtilsThread is not running, just ignore.
2023-06-07 12:09:35,494 [Time-limited test] INFO  BackgroundPipelineScrubber (BackgroundSCMService.java:stop(126)) - BackgroundPipelineScrubber Service is not running, skip stop.
2023-06-07 12:09:35,494 [Time-limited test] INFO  ExpiredContainerReplicaOpScrubber (BackgroundSCMService.java:stop(131)) - Stopping ExpiredContainerReplicaOpScrubber Service.
2023-06-07 12:09:35,494 [ExpiredContainerReplicaOpScrubberThread] WARN  ExpiredContainerReplicaOpScrubber (BackgroundSCMService.java:run(115)) - ExpiredContainerReplicaOpScrubber is interrupted, exit
2023-06-07 12:09:35,494 [Time-limited test] INFO  utils.BackgroundService (BackgroundService.java:shutdown(141)) - Shutting down service SCMBlockDeletingService
2023-06-07 12:09:35,494 [Time-limited test] INFO  replication.ReplicationManager (ReplicationManager.java:stop(342)) - Replication Monitor Thread is not running.
2023-06-07 12:09:35,494 [Time-limited test] WARN  balancer.ContainerBalancer (ContainerBalancer.java:stop(328)) - Cannot stop Container Balancer because it's not running or stopping
2023-06-07 12:09:35,495 [Time-limited test] INFO  server.StorageContainerManager (StorageContainerManager.java:stop(1682)) - Stopping SCM MetadataStore.
2023-06-07 12:09:35,497 [Time-limited test] INFO  server.SCMSecurityProtocolServer (SCMSecurityProtocolServer.java:join(413)) - Join RPC server for SCMSecurityProtocolServer.
2023-06-07 12:09:35,497 [Time-limited test] INFO  server.SCMSecurityProtocolServer (SCMSecurityProtocolServer.java:join(415)) - Join gRPC server for SCMSecurityProtocolServer.
2023-06-07 12:09:35,497 [Time-limited test] INFO  om.OzoneManager (OzoneManager.java:stop(2166)) - om1[fv-az83-744:1202]: Stopping Ozone Manager
2023-06-07 12:09:35,497 [Time-limited test] INFO  ipc.Server (Server.java:stop(3501)) - Stopping server on 1202
2023-06-07 12:09:35,500 [IPC Server listener on 1202] INFO  ipc.Server (Server.java:run(1430)) - Stopping IPC Server listener on 1202
2023-06-07 12:09:35,501 [IPC Server Responder] INFO  ipc.Server (Server.java:run(1563)) - Stopping IPC Server Responder
2023-06-07 12:09:35,503 [Time-limited test] INFO  server.RaftServer (RaftServerProxy.java:lambda$close$6(416)) - om1: close
2023-06-07 12:09:35,503 [Time-limited test] INFO  server.GrpcService (GrpcService.java:closeImpl(311)) - om1: shutdown server GrpcServerProtocolService now
2023-06-07 12:09:35,503 [om1-impl-thread1] INFO  server.RaftServer$Division (RaftServerImpl.java:lambda$close$4(466)) - om1@group-C5BA1605619E: shutdown
2023-06-07 12:09:35,504 [om1-impl-thread1] INFO  util.JmxRegister (JmxRegister.java:unregister(73)) - Successfully un-registered JMX Bean with object name Ratis:service=RaftServer,group=group-C5BA1605619E,id=om1
2023-06-07 12:09:35,504 [om1-impl-thread1] INFO  impl.RoleInfo (RoleInfo.java:shutdownLeaderState(93)) - om1: shutdown om1@group-C5BA1605619E-LeaderStateImpl
2023-06-07 12:09:35,504 [om1-impl-thread1] INFO  impl.PendingRequests (PendingRequests.java:sendNotLeaderResponses(289)) - om1@group-C5BA1605619E-PendingRequests: sendNotLeaderResponses
2023-06-07 12:09:35,505 [om1-impl-thread1] INFO  impl.StateMachineUpdater (StateMachineUpdater.java:stopAndJoin(155)) - om1@group-C5BA1605619E-StateMachineUpdater: set stopIndex = 2
2023-06-07 12:09:35,506 [om1@group-C5BA1605619E-StateMachineUpdater] INFO  ratis.OzoneManagerStateMachine (OzoneManagerStateMachine.java:takeSnapshot(479)) - Current Snapshot Index (t:1, i:2)
2023-06-07 12:09:35,509 [Time-limited test] INFO  server.GrpcService (GrpcService.java:closeImpl(320)) - om1: shutdown server GrpcServerProtocolService successfully
2023-06-07 12:09:35,517 [om1@group-C5BA1605619E-StateMachineUpdater] INFO  impl.StateMachineUpdater (StateMachineUpdater.java:takeSnapshot(291)) - om1@group-C5BA1605619E-StateMachineUpdater: Took a snapshot at index 2
2023-06-07 12:09:35,517 [om1@group-C5BA1605619E-StateMachineUpdater] INFO  impl.StateMachineUpdater (StateMachineUpdater.java:lambda$new$0(97)) - om1@group-C5BA1605619E-StateMachineUpdater: snapshotIndex: updateIncreasingly -1 -> 2
2023-06-07 12:09:35,517 [om1@group-C5BA1605619E-StateMachineUpdater] INFO  ratis.OzoneManagerStateMachine (OzoneManagerStateMachine.java:close(533)) - StateMachine has shutdown. Shutdown OzoneManager if not already shutdown.
2023-06-07 12:09:35,517 [om1@group-C5BA1605619E-StateMachineUpdater] INFO  ratis.OzoneManagerDoubleBuffer (OzoneManagerDoubleBuffer.java:stopDaemon(559)) - Stopping OMDoubleBuffer flush thread
2023-06-07 12:09:35,517 [OMDoubleBufferFlushThread] INFO  ratis.OzoneManagerDoubleBuffer (OzoneManagerDoubleBuffer.java:canFlush(648)) - OMDoubleBuffer flush thread OMDoubleBufferFlushThread is interrupted and will exit.
2023-06-07 12:09:35,518 [om1-impl-thread1] INFO  server.RaftServer$Division (ServerState.java:close(472)) - om1@group-C5BA1605619E: closes. applyIndex: 2
2023-06-07 12:09:35,952 [om1-impl-thread1] INFO  segmented.SegmentedRaftLogWorker (SegmentedRaftLogWorker.java:close(252)) - om1@group-C5BA1605619E-SegmentedRaftLogWorker close()
2023-06-07 12:09:35,952 [JvmPauseMonitor8] INFO  util.JvmPauseMonitor (JvmPauseMonitor.java:run(109)) - JvmPauseMonitor-om1: Stopped
2023-06-07 12:09:35,953 [Time-limited test] INFO  ratis.OzoneManagerStateMachine (OzoneManagerStateMachine.java:close(533)) - StateMachine has shutdown. Shutdown OzoneManager if not already shutdown.
2023-06-07 12:09:35,953 [Time-limited test] INFO  ratis.OzoneManagerDoubleBuffer (OzoneManagerDoubleBuffer.java:stopDaemon(568)) - OMDoubleBuffer flush thread is not running.
2023-06-07 12:09:35,953 [Time-limited test] INFO  utils.BackgroundService (BackgroundService.java:shutdown(141)) - Shutting down service KeyDeletingService
2023-06-07 12:09:35,955 [Time-limited test] INFO  utils.BackgroundService (BackgroundService.java:shutdown(141)) - Shutting down service KeyDeletingService
2023-06-07 12:09:35,955 [Time-limited test] INFO  utils.BackgroundService (BackgroundService.java:shutdown(141)) - Shutting down service OpenKeyCleanupService
2023-06-07 12:09:35,955 [Time-limited test] INFO  utils.BackgroundService (BackgroundService.java:shutdown(141)) - Shutting down service SstFilteringService
2023-06-07 12:09:35,955 [Time-limited test] INFO  utils.BackgroundService (BackgroundService.java:shutdown(141)) - Shutting down service SnapshotDeletingService
2023-06-07 12:09:35,956 [Time-limited test] INFO  om.OzoneManager (OzoneManager.java:stopSecretManager(1058)) - Stopping OM delegation token secret manager.
2023-06-07 12:09:35,956 [Thread[Thread-2119,5,FailOnTimeoutGroup]] INFO  security.OzoneDelegationTokenSecretManager (OzoneDelegationTokenSecretManager.java:run(653)) - ExpiredTokenRemover was interrupted.
java.lang.InterruptedException: sleep interrupted
	at java.lang.Thread.sleep(Native Method)
	at org.apache.hadoop.ozone.security.OzoneDelegationTokenSecretManager$ExpiredTokenRemover.run(OzoneDelegationTokenSecretManager.java:649)
	at java.lang.Thread.run(Thread.java:750)
2023-06-07 12:09:35,957 [Time-limited test] INFO  handler.ContextHandler (ContextHandler.java:doStop(1159)) - Stopped o.e.j.w.WebAppContext@39a5d57d{ozoneManager,/,null,STOPPED}{file:/home/runner/work/ozone/ozone/hadoop-ozone/integration-test/target/test-classes/webapps/ozoneManager}
2023-06-07 12:09:35,959 [Time-limited test] INFO  server.AbstractConnector (AbstractConnector.java:doStop(383)) - Stopped ServerConnector@59e254a2{HTTP/1.1, (http/1.1)}{0.0.0.0:9874}
2023-06-07 12:09:35,959 [Time-limited test] INFO  server.session (HouseKeeper.java:stopScavenging(149)) - node0 Stopped scavenging
2023-06-07 12:09:35,959 [Time-limited test] INFO  handler.ContextHandler (ContextHandler.java:doStop(1159)) - Stopped o.e.j.s.ServletContextHandler@34f5e7f1{static,/static,file:///home/runner/work/ozone/ozone/hadoop-ozone/integration-test/target/test-classes/webapps/static,STOPPED}
2023-06-07 12:09:35,959 [Time-limited test] INFO  handler.ContextHandler (ContextHandler.java:doStop(1159)) - Stopped o.e.j.s.ServletContextHandler@554c0fb7{logs,/logs,file:///home/runner/work/ozone/ozone/hadoop-ozone/integration-test/target/log,STOPPED}
2023-06-07 12:09:35,962 [Time-limited test] INFO  snapshot.SnapshotDiffManager (SnapshotDiffManager.java:closeExecutorService(1278)) - Shutting down executorService: 'SnapDiffExecutor'
2023-06-07 12:09:35,962 [Time-limited test] INFO  utils.BackgroundService (BackgroundService.java:shutdown(141)) - Shutting down service SnapshotDiffCleanupService
]]></system-out>
  </testcase>
  <testcase name="testDelegationTokenRenewCrossCertificateRenew" classname="org.apache.hadoop.ozone.TestSecureOzoneCluster" time="17.843">
    <system-out><![CDATA[2023-06-07 12:09:35,983 [Time-limited test] INFO  net.ServerSocketUtil (ServerSocketUtil.java:getPort(55)) - Using port 9860
2023-06-07 12:09:35,984 [Time-limited test] INFO  net.ServerSocketUtil (ServerSocketUtil.java:getPort(55)) - Using port 9861
2023-06-07 12:09:35,984 [Time-limited test] INFO  net.ServerSocketUtil (ServerSocketUtil.java:getPort(55)) - Using port 9863
2023-06-07 12:09:35,984 [Time-limited test] INFO  net.ServerSocketUtil (ServerSocketUtil.java:getPort(55)) - Using port 9961
2023-06-07 12:09:35,984 [Time-limited test] INFO  net.ServerSocketUtil (ServerSocketUtil.java:getPort(55)) - Using port 1200
2023-06-07 12:09:35,984 [Time-limited test] INFO  net.ServerSocketUtil (ServerSocketUtil.java:getPort(55)) - Using port 1201
2023-06-07 12:09:35,984 [Time-limited test] INFO  minikdc.MiniKdc (MiniKdc.java:<init>(225)) - Configuration:
2023-06-07 12:09:35,984 [Time-limited test] INFO  minikdc.MiniKdc (MiniKdc.java:<init>(226)) - ---------------------------------------------------------------
2023-06-07 12:09:35,984 [Time-limited test] INFO  minikdc.MiniKdc (MiniKdc.java:<init>(228)) -   debug: false
2023-06-07 12:09:35,984 [Time-limited test] INFO  minikdc.MiniKdc (MiniKdc.java:<init>(228)) -   transport: TCP
2023-06-07 12:09:35,984 [Time-limited test] INFO  minikdc.MiniKdc (MiniKdc.java:<init>(228)) -   max.ticket.lifetime: 86400000
2023-06-07 12:09:35,984 [Time-limited test] INFO  minikdc.MiniKdc (MiniKdc.java:<init>(228)) -   org.name: EXAMPLE
2023-06-07 12:09:35,984 [Time-limited test] INFO  minikdc.MiniKdc (MiniKdc.java:<init>(228)) -   kdc.port: 0
2023-06-07 12:09:35,984 [Time-limited test] INFO  minikdc.MiniKdc (MiniKdc.java:<init>(228)) -   org.domain: COM
2023-06-07 12:09:35,984 [Time-limited test] INFO  minikdc.MiniKdc (MiniKdc.java:<init>(228)) -   max.renewable.lifetime: 604800000
2023-06-07 12:09:35,984 [Time-limited test] INFO  minikdc.MiniKdc (MiniKdc.java:<init>(228)) -   instance: DefaultKrbServer
2023-06-07 12:09:35,984 [Time-limited test] INFO  minikdc.MiniKdc (MiniKdc.java:<init>(228)) -   kdc.bind.address: localhost
2023-06-07 12:09:35,985 [Time-limited test] INFO  minikdc.MiniKdc (MiniKdc.java:<init>(230)) - ---------------------------------------------------------------
2023-06-07 12:09:35,987 [Time-limited test] INFO  minikdc.MiniKdc (MiniKdc.java:start(285)) - MiniKdc started.
2023-06-07 12:09:36,063 [Time-limited test] WARN  server.ServerUtils (ServerUtils.java:getDBPath(311)) - ozone.om.db.dirs is not configured. We recommend adding this setting. Falling back to ozone.metadata.dirs instead.
2023-06-07 12:09:36,065 [Time-limited test] INFO  ha.OMHANodeDetails (OMHANodeDetails.java:loadOMHAConfig(115)) - ozone.om.internal.service.id is not defined, falling back to ozone.om.service.ids to find serviceID for OzoneManager if it is HA enabled cluster
2023-06-07 12:09:36,065 [Time-limited test] INFO  ha.OMHANodeDetails (OMHANodeDetails.java:loadOMHAConfig(226)) - Configuration does not have ozone.om.address set. Falling back to the default OM address fv-az83-744/10.1.0.7:1202
2023-06-07 12:09:36,065 [Time-limited test] INFO  ha.OMHANodeDetails (OMHANodeDetails.java:getOMNodeDetailsForNonHA(254)) - OM Service ID is not set. Setting it to the default ID: omServiceIdDefault
2023-06-07 12:09:36,065 [Time-limited test] INFO  ha.OMHANodeDetails (OMHANodeDetails.java:getOMNodeDetailsForNonHA(261)) - OM Node ID is not set. Setting it to the default ID: om1
2023-06-07 12:09:36,065 [Time-limited test] WARN  server.ServerUtils (ServerUtils.java:getDBPath(311)) - ozone.om.db.dirs is not configured. We recommend adding this setting. Falling back to ozone.metadata.dirs instead.
2023-06-07 12:09:36,066 [Time-limited test] INFO  upgrade.AbstractLayoutVersionManager (AbstractLayoutVersionManager.java:init(83)) - Initializing Layout version manager with metadata layout = FILESYSTEM_SNAPSHOT (version = 5), software layout = FILESYSTEM_SNAPSHOT (version = 5)
2023-06-07 12:09:36,131 [Time-limited test] INFO  reflections.Reflections (Reflections.java:scan(232)) - Reflections took 64 ms to scan 2 urls, producing 177 keys and 490 values [using 2 cores]
2023-06-07 12:09:36,131 [Time-limited test] INFO  upgrade.OMLayoutVersionManager (OMLayoutVersionManager.java:lambda$0(115)) - Skipping Upgrade Action MockOmUpgradeAction since it has been finalized.
2023-06-07 12:09:36,134 [pool-493-thread-1] INFO  request.KdcRequest (KdcRequest.java:preauth(651)) - The preauth data is empty.
2023-06-07 12:09:36,134 [pool-493-thread-1] INFO  server.KdcHandler (KdcHandler.java:handleRecoverableException(177)) - KRB error occurred while processing request:Additional pre-authentication required
2023-06-07 12:09:36,140 [pool-493-thread-2] INFO  request.AsRequest (AsRequest.java:issueTicket(112)) - AS_REQ ISSUE: authtime 1686139776140,om/fv-az83-744@EXAMPLE.COM for krbtgt/EXAMPLE.COM@EXAMPLE.COM
2023-06-07 12:09:36,141 [Time-limited test] INFO  security.UserGroupInformation (UserGroupInformation.java:loginUserFromKeytab(1132)) - Login successful for user om/fv-az83-744@EXAMPLE.COM using keytab file om.keytab. Keytab auto renewal enabled : false
2023-06-07 12:09:36,141 [Time-limited test] INFO  om.OzoneManager (OzoneManager.java:loginOMUser(1134)) - Ozone Manager login successful.
2023-06-07 12:09:36,142 [Time-limited test] WARN  server.ServerUtils (ServerUtils.java:getDBPath(311)) - ozone.om.db.dirs is not configured. We recommend adding this setting. Falling back to ozone.metadata.dirs instead.
2023-06-07 12:09:36,142 [Time-limited test] INFO  proxy.SCMBlockLocationFailoverProxyProvider (SCMBlockLocationFailoverProxyProvider.java:<init>(114)) - Created block location fail-over proxy with 1 nodes: [nodeId=scmNodeId,nodeAddress=localhost/127.0.0.1:9863]
2023-06-07 12:09:36,143 [Time-limited test] INFO  om.OzoneManager (OzoneManager.java:getOmDetailsProto(4485)) - OzoneManager ports added:[name: "RPC"
value: 1202
]
2023-06-07 12:09:36,144 [Time-limited test] INFO  om.OzoneManager (OzoneManager.java:<init>(637)) - OM start with adminUsers: [om/fv-az83-744@EXAMPLE.COM, om]
2023-06-07 12:09:36,145 [Time-limited test] WARN  server.ServerUtils (ServerUtils.java:getDBPath(311)) - ozone.om.db.dirs is not configured. We recommend adding this setting. Falling back to ozone.metadata.dirs instead.
2023-06-07 12:09:36,146 [Time-limited test] INFO  helpers.OmKeyInfo (OmKeyInfo.java:getCodec(71)) - OmKeyInfo.getCodec ignorePipeline = true
2023-06-07 12:09:36,312 [Time-limited test] INFO  om.OzoneManager (OzoneManager.java:instantiateServices(766)) - S3 Multi-Tenancy is disabled
2023-06-07 12:09:36,313 [Time-limited test] INFO  security.OzoneSecretStore (OzoneSecretStore.java:loadState(69)) - Loaded 0 tokens
2023-06-07 12:09:36,313 [Time-limited test] INFO  security.OzoneDelegationTokenSecretManager (OzoneDelegationTokenSecretManager.java:loadTokenSecretState(530)) - Loading token state into token manager.
2023-06-07 12:09:36,313 [Time-limited test] INFO  om.OmSnapshotManager (OmSnapshotManager.java:<init>(170)) - Ozone filesystem snapshot feature is enabled.
2023-06-07 12:09:36,313 [Time-limited test] WARN  server.ServerUtils (ServerUtils.java:getDBPath(311)) - ozone.om.snapshot.diff.db.dir is not configured. We recommend adding this setting. Falling back to ozone.metadata.dirs instead.
2023-06-07 12:09:36,339 [Time-limited test] INFO  utils.NativeLibraryLoader (NativeLibraryLoader.java:loadLibrary(103)) - Loading Library: ozone_rocksdb_tools
2023-06-07 12:09:36,341 [Time-limited test] INFO  om.OzoneManager (OzoneManager.java:addS3GVolumeToDB(4236)) - Created Volume s3v With Owner om required for S3Gateway operations.
2023-06-07 12:09:36,341 [Time-limited test] WARN  server.ServerUtils (ServerUtils.java:getDefaultRatisDirectory(323)) - Storage directory for Ratis is not configured. It is a good idea to map this to an SSD disk. Falling back to ozone.metadata.dirs
2023-06-07 12:09:36,341 [Time-limited test] WARN  utils.OzoneManagerRatisUtils (OzoneManagerRatisUtils.java:getOMRatisSnapshotDirectory(461)) - ozone.om.ratis.snapshot.dir is not configured. Falling back to ozone.metadata.dirs config
2023-06-07 12:09:36,342 [Time-limited test] WARN  server.ServerUtils (ServerUtils.java:getDefaultRatisDirectory(323)) - Storage directory for Ratis is not configured. It is a good idea to map this to an SSD disk. Falling back to ozone.metadata.dirs
2023-06-07 12:09:36,343 [Time-limited test] INFO  ratis.OzoneManagerRatisServer (OzoneManagerRatisServer.java:<init>(163)) - Instantiating OM Ratis server with groupID: omServiceIdDefault and peers: fv-az83-744:9872
2023-06-07 12:09:36,344 [Time-limited test] INFO  ratis.OzoneManagerStateMachine (OzoneManagerStateMachine.java:loadSnapshotInfoFromDB(670)) - LastAppliedIndex is set from TransactionInfo from OM DB as (t:0, i:~)
2023-06-07 12:09:36,345 [Time-limited test] INFO  server.RaftServer (ConfUtils.java:logGet(46)) - raft.rpc.type = GRPC (default)
2023-06-07 12:09:36,345 [Time-limited test] INFO  grpc.GrpcConfigKeys (ConfUtils.java:logFallback(53)) - raft.grpc.admin.host = null (fallback to raft.grpc.server.host)
2023-06-07 12:09:36,345 [Time-limited test] INFO  grpc.GrpcConfigKeys (ConfUtils.java:logFallback(53)) - raft.grpc.admin.port = 9872 (fallback to raft.grpc.server.port)
2023-06-07 12:09:36,345 [Time-limited test] INFO  grpc.GrpcConfigKeys (ConfUtils.java:logFallback(53)) - raft.grpc.client.host = null (fallback to raft.grpc.server.host)
2023-06-07 12:09:36,345 [Time-limited test] INFO  grpc.GrpcConfigKeys (ConfUtils.java:logFallback(53)) - raft.grpc.client.port = 9872 (fallback to raft.grpc.server.port)
2023-06-07 12:09:36,345 [Time-limited test] INFO  grpc.GrpcConfigKeys (ConfUtils.java:logGet(46)) - raft.grpc.server.host = null (default)
2023-06-07 12:09:36,345 [Time-limited test] INFO  grpc.GrpcConfigKeys (ConfUtils.java:logGet(46)) - raft.grpc.server.port = 9872 (custom)
2023-06-07 12:09:36,345 [Time-limited test] INFO  server.GrpcService (ConfUtils.java:logGet(46)) - raft.grpc.message.size.max = 33554432 (custom)
2023-06-07 12:09:36,345 [Time-limited test] INFO  server.RaftServerConfigKeys (ConfUtils.java:logGet(46)) - raft.server.log.appender.buffer.byte-limit = 33554432 (custom)
2023-06-07 12:09:36,345 [Time-limited test] INFO  server.GrpcService (ConfUtils.java:logGet(46)) - raft.grpc.flow.control.window = 1MB (=1048576) (default)
2023-06-07 12:09:36,345 [Time-limited test] INFO  server.RaftServerConfigKeys (ConfUtils.java:logGet(46)) - raft.server.rpc.request.timeout = 3000ms (default)
2023-06-07 12:09:36,346 [Time-limited test] INFO  grpc.GrpcConfigKeys (ConfUtils.java:logGet(46)) - raft.grpc.server.heartbeat.channel = true (default)
2023-06-07 12:09:36,346 [Time-limited test] INFO  grpc.GrpcConfigKeys (ConfUtils.java:logGet(46)) - raft.grpc.server.async.request.thread.pool.cached = true (default)
2023-06-07 12:09:36,346 [Time-limited test] INFO  grpc.GrpcConfigKeys (ConfUtils.java:logGet(46)) - raft.grpc.server.async.request.thread.pool.size = 32 (default)
2023-06-07 12:09:36,347 [Time-limited test] INFO  impl.DataStreamServerImpl (ConfUtils.java:logGet(46)) - raft.datastream.type = DISABLED (default)
2023-06-07 12:09:36,347 [Time-limited test] INFO  server.RaftServerConfigKeys (ConfUtils.java:logGet(46)) - raft.server.threadpool.proxy.cached = true (default)
2023-06-07 12:09:36,347 [Time-limited test] INFO  server.RaftServerConfigKeys (ConfUtils.java:logGet(46)) - raft.server.threadpool.proxy.size = 0 (default)
2023-06-07 12:09:36,347 [Time-limited test] INFO  server.RaftServerConfigKeys (ConfUtils.java:logGet(46)) - raft.server.rpc.slowness.timeout = 120s (custom)
2023-06-07 12:09:36,347 [Time-limited test] INFO  server.RaftServerConfigKeys (ConfUtils.java:logGet(46)) - raft.server.leaderelection.leader.step-down.wait-time = 10s (default)
2023-06-07 12:09:36,347 [Time-limited test] INFO  server.RaftServerConfigKeys (ConfUtils.java:logGet(46)) - raft.server.storage.dir = [/tmp/junit6824002600838437618/junit5408796334783065068/om-meta/ratis] (custom)
2023-06-07 12:09:36,348 [om1-groupManagement] INFO  server.RaftServer$Division (RaftServerImpl.java:<init>(198)) - om1: new RaftServerImpl for group-C5BA1605619E:[om1|rpc:fv-az83-744:9872|priority:0|startupRole:FOLLOWER] with OzoneManagerStateMachine:uninitialized
2023-06-07 12:09:36,348 [om1-groupManagement] INFO  server.RaftServerConfigKeys (ConfUtils.java:logGet(46)) - raft.server.rpc.timeout.min = 5s (custom)
2023-06-07 12:09:36,348 [om1-groupManagement] INFO  server.RaftServerConfigKeys (ConfUtils.java:logGet(46)) - raft.server.rpc.timeout.max = 5200ms (custom)
2023-06-07 12:09:36,348 [om1-groupManagement] INFO  server.RaftServerConfigKeys (ConfUtils.java:logGet(46)) - raft.server.rpc.sleep.time = 25ms (default)
2023-06-07 12:09:36,348 [om1-groupManagement] INFO  server.RaftServerConfigKeys (ConfUtils.java:logGet(46)) - raft.server.rpc.slowness.timeout = 120s (custom)
2023-06-07 12:09:36,348 [om1-groupManagement] INFO  server.RaftServerConfigKeys (ConfUtils.java:logGet(46)) - raft.server.leaderelection.leader.step-down.wait-time = 10s (default)
2023-06-07 12:09:36,348 [om1-groupManagement] INFO  server.RaftServerConfigKeys (ConfUtils.java:logGet(46)) - raft.server.sleep.deviation.threshold = 300ms (default)
2023-06-07 12:09:36,348 [om1-groupManagement] INFO  server.RaftServer$Division (ServerState.java:<init>(120)) - om1@group-C5BA1605619E: ConfigurationManager, init=-1: peers:[om1|rpc:fv-az83-744:9872|priority:0|startupRole:FOLLOWER]|listeners:[], old=null, confs=<EMPTY_MAP>
2023-06-07 12:09:36,350 [om1-groupManagement] INFO  server.RaftServerConfigKeys (ConfUtils.java:logGet(46)) - raft.server.storage.dir = [/tmp/junit6824002600838437618/junit5408796334783065068/om-meta/ratis] (custom)
2023-06-07 12:09:36,350 [om1-groupManagement] INFO  server.RaftServerConfigKeys (ConfUtils.java:logGet(46)) - raft.server.log.corruption.policy = EXCEPTION (default)
2023-06-07 12:09:36,350 [om1-groupManagement] INFO  server.RaftServerConfigKeys (ConfUtils.java:logGet(46)) - raft.server.storage.free-space.min = 0MB (=0) (default)
2023-06-07 12:09:36,350 [om1-groupManagement] INFO  server.RaftServerConfigKeys (ConfUtils.java:logGet(46)) - raft.server.notification.no-leader.timeout = 120s (custom)
2023-06-07 12:09:36,350 [om1-groupManagement] INFO  server.RaftServerConfigKeys (ConfUtils.java:logGet(46)) - raft.server.read.timeout = 10s (default)
2023-06-07 12:09:36,350 [om1-groupManagement] INFO  server.RaftServerConfigKeys (ConfUtils.java:logGet(46)) - raft.server.retrycache.expirytime = 300s (custom)
2023-06-07 12:09:36,350 [om1-groupManagement] INFO  server.RaftServerConfigKeys (ConfUtils.java:logGet(46)) - raft.server.retrycache.statistics.expirytime = 100μs (default)
2023-06-07 12:09:36,350 [om1-groupManagement] INFO  server.RaftServerConfigKeys (ConfUtils.java:logGet(46)) - raft.server.read.option = DEFAULT (default)
2023-06-07 12:09:36,350 [Time-limited test] INFO  server.RaftServer (RaftServerProxy.java:addNew(98)) - om1: addNew group-C5BA1605619E:[om1|rpc:fv-az83-744:9872|priority:0|startupRole:FOLLOWER] returns group-C5BA1605619E:java.util.concurrent.CompletableFuture@739d210b[Not completed]
2023-06-07 12:09:36,351 [Time-limited test] INFO  om.OzoneManager (OzoneManager.java:initializeRatisServer(2107)) - OzoneManager Ratis server initialized at port 9872
2023-06-07 12:09:36,351 [Time-limited test] INFO  om.OzoneManager (OzoneManager.java:getRpcServer(1166)) - Creating RPC Server
2023-06-07 12:09:36,351 [om1-groupManagement] INFO  server.RaftServerConfigKeys (ConfUtils.java:logGet(46)) - raft.server.rpc.request.timeout = 3000ms (default)
2023-06-07 12:09:36,351 [om1-groupManagement] INFO  server.RaftServerConfigKeys (ConfUtils.java:logGet(46)) - raft.server.log.appender.install.snapshot.enabled = false (custom)
2023-06-07 12:09:36,351 [om1-groupManagement] INFO  server.RaftServerConfigKeys (ConfUtils.java:logGet(46)) - raft.server.threadpool.server.cached = true (default)
2023-06-07 12:09:36,351 [om1-groupManagement] INFO  server.RaftServerConfigKeys (ConfUtils.java:logGet(46)) - raft.server.threadpool.server.size = 0 (default)
2023-06-07 12:09:36,351 [om1-groupManagement] INFO  server.RaftServerConfigKeys (ConfUtils.java:logGet(46)) - raft.server.threadpool.client.cached = true (default)
2023-06-07 12:09:36,351 [om1-groupManagement] INFO  server.RaftServerConfigKeys (ConfUtils.java:logGet(46)) - raft.server.threadpool.client.size = 0 (default)
2023-06-07 12:09:36,626 [Time-limited test] INFO  reflections.Reflections (Reflections.java:scan(232)) - Reflections took 274 ms to scan 19 urls, producing 69 keys and 5294 values [using 2 cores]
2023-06-07 12:09:36,628 [Time-limited test] INFO  ipc.CallQueueManager (CallQueueManager.java:<init>(90)) - Using callQueue: class java.util.concurrent.LinkedBlockingQueue, queueCapacity: 10000, scheduler: class org.apache.hadoop.ipc.DefaultRpcScheduler, ipcBackoff: false.
2023-06-07 12:09:36,629 [Socket Reader #1 for port 1202] INFO  ipc.Server (Server.java:run(1319)) - Starting Socket Reader #1 for port 1202
2023-06-07 12:09:36,630 [Listener at fv-az83-744/1202] INFO  hdds.HddsUtils (HddsUtils.java:preserveThreadName(843)) - Restoring thread name: Time-limited test
2023-06-07 12:09:36,783 [Time-limited test] INFO  utils.SelfSignedCertificate (SelfSignedCertificate.java:generateCertificate(158)) - Certificate 1 is issued by CN=rootCA@localhost,OU=scm1,O=cluster1 to CN=rootCA@localhost,OU=scm1,O=cluster1, valid from Wed Jun 07 12:09:36 UTC 2023 to Sat Jul 15 12:09:36 UTC 2028
2023-06-07 12:09:36,791 [Time-limited test] INFO  impl.MetricsSystemImpl (MetricsSystemImpl.java:init(158)) - OzoneManager metrics system started (again)
2023-06-07 12:09:36,881 [Time-limited test] INFO  om.OzoneManager (OzoneManager.java:start(1588)) - OzoneManager RPC server is listening at fv-az83-744/10.1.0.7:1202
2023-06-07 12:09:36,881 [Time-limited test] INFO  ratis.OzoneManagerRatisServer (OzoneManagerRatisServer.java:start(558)) - Starting OzoneManagerRatisServer om1 at port 9872
2023-06-07 12:09:36,881 [om1-impl-thread1] INFO  storage.RaftStorageDirectory (RaftStorageDirectoryImpl.java:analyzeStorage(137)) - The storage directory /tmp/junit6824002600838437618/junit5408796334783065068/om-meta/ratis/bf265839-605b-3f16-9796-c5ba1605619e does not exist. Creating ...
2023-06-07 12:09:36,882 [om1-impl-thread1] INFO  storage.RaftStorageDirectory (RaftStorageDirectoryImpl.java:tryLock(231)) - Lock on /tmp/junit6824002600838437618/junit5408796334783065068/om-meta/ratis/bf265839-605b-3f16-9796-c5ba1605619e/in_use.lock acquired by nodename 72539@fv-az83-744
2023-06-07 12:09:36,884 [om1-impl-thread1] INFO  storage.RaftStorage (RaftStorageImpl.java:format(96)) - Storage directory /tmp/junit6824002600838437618/junit5408796334783065068/om-meta/ratis/bf265839-605b-3f16-9796-c5ba1605619e has been successfully formatted.
2023-06-07 12:09:36,884 [om1-impl-thread1] INFO  server.RaftServerConfigKeys (ConfUtils.java:logGet(46)) - raft.server.log.use.memory = false (default)
2023-06-07 12:09:36,884 [om1-impl-thread1] INFO  server.RaftServerConfigKeys (ConfUtils.java:logGet(46)) - raft.server.log.purge.gap = 1000000 (custom)
2023-06-07 12:09:36,884 [om1-impl-thread1] INFO  server.RaftServerConfigKeys (ConfUtils.java:logGet(46)) - raft.server.log.appender.buffer.byte-limit = 33554432 (custom)
2023-06-07 12:09:36,884 [om1-impl-thread1] INFO  server.RaftServerConfigKeys (ConfUtils.java:logGet(46)) - raft.server.log.statemachine.data.read.timeout = 1000ms (default)
2023-06-07 12:09:36,884 [om1-impl-thread1] INFO  server.RaftServerConfigKeys (ConfUtils.java:logGet(46)) - raft.server.log.purge.preservation.log.num = 0 (default)
2023-06-07 12:09:36,884 [om1-impl-thread1] INFO  server.RaftServerConfigKeys (ConfUtils.java:logGet(46)) - raft.server.log.segment.size.max = 4194304 (custom)
2023-06-07 12:09:36,885 [om1-impl-thread1] INFO  server.RaftServerConfigKeys (ConfUtils.java:logGet(46)) - raft.server.log.segment.cache.num.max = 2 (custom)
2023-06-07 12:09:36,885 [om1-impl-thread1] INFO  server.RaftServerConfigKeys (ConfUtils.java:logGet(46)) - raft.server.log.segment.cache.size.max = 200MB (=209715200) (default)
2023-06-07 12:09:36,885 [om1-impl-thread1] INFO  server.RaftServerConfigKeys (ConfUtils.java:logGet(46)) - raft.server.log.appender.buffer.byte-limit = 33554432 (custom)
2023-06-07 12:09:36,885 [om1-impl-thread1] INFO  segmented.SegmentedRaftLogWorker (SegmentedRaftLogWorker.java:<init>(188)) - new om1@group-C5BA1605619E-SegmentedRaftLogWorker for RaftStorageImpl:Storage Directory /tmp/junit6824002600838437618/junit5408796334783065068/om-meta/ratis/bf265839-605b-3f16-9796-c5ba1605619e
2023-06-07 12:09:36,885 [om1-impl-thread1] INFO  server.RaftServerConfigKeys (ConfUtils.java:logGet(46)) - raft.server.log.queue.byte-limit = 64MB (=67108864) (default)
2023-06-07 12:09:36,885 [om1-impl-thread1] INFO  server.RaftServerConfigKeys (ConfUtils.java:logGet(46)) - raft.server.log.queue.element-limit = 4096 (default)
2023-06-07 12:09:36,885 [om1-impl-thread1] INFO  server.RaftServerConfigKeys (ConfUtils.java:logGet(46)) - raft.server.log.segment.size.max = 4194304 (custom)
2023-06-07 12:09:36,885 [om1-impl-thread1] INFO  server.RaftServerConfigKeys (ConfUtils.java:logGet(46)) - raft.server.log.preallocated.size = 4194304 (custom)
2023-06-07 12:09:36,885 [om1-impl-thread1] INFO  server.RaftServerConfigKeys (ConfUtils.java:logGet(46)) - raft.server.log.force.sync.num = 128 (default)
2023-06-07 12:09:36,885 [om1-impl-thread1] INFO  server.RaftServerConfigKeys (ConfUtils.java:logGet(46)) - raft.server.log.statemachine.data.sync = true (default)
2023-06-07 12:09:36,885 [om1-impl-thread1] INFO  server.RaftServerConfigKeys (ConfUtils.java:logGet(46)) - raft.server.log.statemachine.data.sync.timeout = 10s (default)
2023-06-07 12:09:36,885 [om1-impl-thread1] INFO  server.RaftServerConfigKeys (ConfUtils.java:logGet(46)) - raft.server.log.statemachine.data.sync.timeout.retry = -1 (default)
2023-06-07 12:09:36,885 [om1-impl-thread1] INFO  server.RaftServerConfigKeys (ConfUtils.java:logGet(46)) - raft.server.log.write.buffer.size = 64KB (=65536) (default)
2023-06-07 12:09:36,885 [om1-impl-thread1] INFO  server.RaftServerConfigKeys (ConfUtils.java:logGet(46)) - raft.server.log.appender.buffer.byte-limit = 33554432 (custom)
2023-06-07 12:09:36,890 [om1-impl-thread1] INFO  server.RaftServerConfigKeys (ConfUtils.java:logGet(46)) - raft.server.log.unsafe-flush.enabled = false (default)
2023-06-07 12:09:36,890 [om1-impl-thread1] INFO  server.RaftServerConfigKeys (ConfUtils.java:logGet(46)) - raft.server.log.async-flush.enabled = false (default)
2023-06-07 12:09:36,890 [om1-impl-thread1] INFO  server.RaftServerConfigKeys (ConfUtils.java:logGet(46)) - raft.server.log.statemachine.data.caching.enabled = false (default)
2023-06-07 12:09:36,891 [om1-impl-thread1] INFO  segmented.SegmentedRaftLogWorker (SegmentedRaftLogWorker.java:lambda$new$0(135)) - om1@group-C5BA1605619E-SegmentedRaftLogWorker: flushIndex: setUnconditionally 0 -> -1
2023-06-07 12:09:36,891 [om1-impl-thread1] INFO  segmented.SegmentedRaftLogWorker (SegmentedRaftLogWorker.java:lambda$new$0(135)) - om1@group-C5BA1605619E-SegmentedRaftLogWorker: safeCacheEvictIndex: setUnconditionally 0 -> -1
2023-06-07 12:09:36,892 [om1-impl-thread1] INFO  server.RaftServer$Division (RaftServerImpl.java:start(342)) - om1@group-C5BA1605619E: start as a follower, conf=-1: peers:[om1|rpc:fv-az83-744:9872|priority:0|startupRole:FOLLOWER]|listeners:[], old=null
2023-06-07 12:09:36,892 [om1-impl-thread1] INFO  server.RaftServer$Division (RaftServerImpl.java:setRole(329)) - om1@group-C5BA1605619E: changes role from      null to FOLLOWER at term 0 for startAsFollower
2023-06-07 12:09:36,893 [om1-impl-thread1] INFO  impl.RoleInfo (RoleInfo.java:updateAndGet(139)) - om1: start om1@group-C5BA1605619E-FollowerState
2023-06-07 12:09:36,895 [om1-impl-thread1] INFO  util.JmxRegister (JmxRegister.java:tryRegister(44)) - Successfully registered JMX Bean with object name Ratis:service=RaftServer,group=group-C5BA1605619E,id=om1
2023-06-07 12:09:36,896 [om1-impl-thread1] INFO  server.RaftServerConfigKeys (ConfUtils.java:logGet(46)) - raft.server.snapshot.auto.trigger.enabled = true (custom)
2023-06-07 12:09:36,896 [om1-impl-thread1] INFO  server.RaftServerConfigKeys (ConfUtils.java:logGet(46)) - raft.server.snapshot.auto.trigger.threshold = 400000 (default)
2023-06-07 12:09:36,896 [om1-impl-thread1] INFO  server.RaftServerConfigKeys (ConfUtils.java:logGet(46)) - raft.server.snapshot.retention.file.num = -1 (default)
2023-06-07 12:09:36,896 [om1-impl-thread1] INFO  server.RaftServerConfigKeys (ConfUtils.java:logGet(46)) - raft.server.log.purge.upto.snapshot.index = true (custom)
2023-06-07 12:09:36,897 [om1@group-C5BA1605619E-FollowerState] INFO  server.RaftServerConfigKeys (ConfUtils.java:logFallback(53)) - raft.server.rpc.first-election.timeout.min = 5s (fallback to raft.server.rpc.timeout.min)
2023-06-07 12:09:36,897 [om1@group-C5BA1605619E-FollowerState] INFO  server.RaftServerConfigKeys (ConfUtils.java:logFallback(53)) - raft.server.rpc.first-election.timeout.max = 5200ms (fallback to raft.server.rpc.timeout.max)
2023-06-07 12:09:36,897 [Time-limited test] INFO  server.RaftServer (RaftServerProxy.java:startImpl(400)) - om1: start RPC server
2023-06-07 12:09:36,898 [Time-limited test] INFO  server.GrpcService (GrpcService.java:startImpl(302)) - om1: GrpcService started, listening on 9872
2023-06-07 12:09:36,898 [JvmPauseMonitor9] INFO  util.JvmPauseMonitor (JvmPauseMonitor.java:run(103)) - JvmPauseMonitor-om1: Started
2023-06-07 12:09:36,898 [Time-limited test] INFO  om.OzoneManager (OzoneManager.java:startSecretManager(1088)) - Starting OM delegation token secret manager
2023-06-07 12:09:36,899 [Time-limited test] INFO  security.OzoneDelegationTokenSecretManager (OzoneSecretManager.java:updateCurrentKey(175)) - Updating current master key for generating tokens. Cert id 4037363604380
2023-06-07 12:09:36,899 [Thread[Thread-2289,5,FailOnTimeoutGroup]] INFO  security.OzoneDelegationTokenSecretManager (OzoneDelegationTokenSecretManager.java:run(636)) - Starting expired delegation token remover thread, tokenRemoverScanInterval=60 min(s)
2023-06-07 12:09:36,899 [Time-limited test] INFO  om.OzoneManager (OzoneManager.java:start(1604)) - Version File has different layout version (5) than OM DB (null). That is expected if this OM has never been finalized to a newer layout version.
2023-06-07 12:09:36,903 [Time-limited test] INFO  http.BaseHttpServer (BaseHttpServer.java:newHttpServer2BuilderForOzone(224)) - Starting Web-server for ozoneManager at: http://0.0.0.0:9874
2023-06-07 12:09:36,904 [Time-limited test] INFO  http.BaseHttpServer (BaseHttpServer.java:<init>(111)) - Hadoop Security Enabled: true Ozone Security Enabled: true Ozone HTTP Security Enabled: false 
2023-06-07 12:09:36,905 [Time-limited test] WARN  server.AuthenticationFilter (AuthenticationFilter.java:constructSecretProvider(240)) - Unable to initialize FileSignerSecretProvider, falling back to use random secrets. Reason: Could not read signature secret file: /home/runner/hadoop-http-auth-signature-secret
2023-06-07 12:09:36,905 [Time-limited test] INFO  http.HttpRequestLog (HttpRequestLog.java:getRequestLog(86)) - Http request log for http.requests.ozoneManager is not defined
2023-06-07 12:09:36,907 [Time-limited test] INFO  http.HttpServer2 (HttpServer2.java:addGlobalFilter(1031)) - Added global filter 'safety' (class=org.apache.hadoop.hdds.server.http.HttpServer2$QuotingInputFilter)
2023-06-07 12:09:36,907 [Time-limited test] INFO  http.HttpServer2 (HttpServer2.java:addFilter(1007)) - Added filter static_user_filter (class=org.apache.hadoop.http.lib.StaticUserWebFilter$StaticUserFilter) to context ozoneManager
2023-06-07 12:09:36,907 [Time-limited test] INFO  http.HttpServer2 (HttpServer2.java:addFilter(1015)) - Added filter static_user_filter (class=org.apache.hadoop.http.lib.StaticUserWebFilter$StaticUserFilter) to context logs
2023-06-07 12:09:36,907 [Time-limited test] INFO  http.HttpServer2 (HttpServer2.java:addFilter(1015)) - Added filter static_user_filter (class=org.apache.hadoop.http.lib.StaticUserWebFilter$StaticUserFilter) to context static
2023-06-07 12:09:36,908 [Time-limited test] INFO  http.BaseHttpServer (BaseHttpServer.java:<init>(190)) - HTTP server of ozoneManager uses base directory /tmp/junit6824002600838437618/junit5408796334783065068/om-meta/webserver
2023-06-07 12:09:36,908 [Time-limited test] INFO  http.HttpServer2 (HttpServer2.java:bindListener(1250)) - Jetty bound to port 9874
2023-06-07 12:09:36,908 [Time-limited test] INFO  server.Server (Server.java:doStart(375)) - jetty-9.4.51.v20230217; built: 2023-02-17T08:19:37.309Z; git: b45c405e4544384de066f814ed42ae3dceacdd49; jvm 1.8.0_372-b07
2023-06-07 12:09:36,917 [Time-limited test] INFO  server.session (DefaultSessionIdManager.java:doStart(334)) - DefaultSessionIdManager workerName=node0
2023-06-07 12:09:36,917 [Time-limited test] INFO  server.session (DefaultSessionIdManager.java:doStart(339)) - No SessionScavenger set, using defaults
2023-06-07 12:09:36,917 [Time-limited test] INFO  server.session (HouseKeeper.java:startScavenging(132)) - node0 Scavenging every 600000ms
2023-06-07 12:09:36,919 [Time-limited test] INFO  handler.ContextHandler (ContextHandler.java:doStart(921)) - Started o.e.j.s.ServletContextHandler@e1e8a5a{logs,/logs,file:///home/runner/work/ozone/ozone/hadoop-ozone/integration-test/target/log,AVAILABLE}
2023-06-07 12:09:36,920 [Time-limited test] INFO  handler.ContextHandler (ContextHandler.java:doStart(921)) - Started o.e.j.s.ServletContextHandler@79aa2210{static,/static,file:///home/runner/work/ozone/ozone/hadoop-ozone/integration-test/target/test-classes/webapps/static,AVAILABLE}
2023-06-07 12:09:36,923 [Time-limited test] INFO  handler.ContextHandler (ContextHandler.java:doStart(921)) - Started o.e.j.w.WebAppContext@245617e5{ozoneManager,/,file:///home/runner/work/ozone/ozone/hadoop-ozone/integration-test/target/test-classes/webapps/ozoneManager/,AVAILABLE}{file:/home/runner/work/ozone/ozone/hadoop-ozone/integration-test/target/test-classes/webapps/ozoneManager}
2023-06-07 12:09:36,931 [Time-limited test] INFO  server.AbstractConnector (AbstractConnector.java:doStart(333)) - Started ServerConnector@6c3e8330{HTTP/1.1, (http/1.1)}{0.0.0.0:9874}
2023-06-07 12:09:36,931 [Time-limited test] INFO  server.Server (Server.java:doStart(415)) - Started @101941ms
2023-06-07 12:09:36,931 [Time-limited test] WARN  impl.MetricsSystemImpl (MetricsSystemImpl.java:register(279)) - Sink prometheus already exists!
2023-06-07 12:09:36,936 [Time-limited test] INFO  http.BaseHttpServer (BaseHttpServer.java:updateConnectorAddress(344)) - HTTP server of ozoneManager listening at http://0.0.0.0:9874
2023-06-07 12:09:36,936 [IPC Server Responder] INFO  ipc.Server (Server.java:run(1558)) - IPC Server Responder: starting
2023-06-07 12:09:36,936 [IPC Server listener on 1202] INFO  ipc.Server (Server.java:run(1398)) - IPC Server listener on 1202: starting
2023-06-07 12:09:36,943 [Time-limited test] INFO  om.OzoneManager (OzoneManager.java:startTrashEmptier(2060)) - Trash Interval set to 0. Files deleted won't move to trash
2023-06-07 12:09:42,080 [om1@group-C5BA1605619E-FollowerState] INFO  impl.FollowerState (FollowerState.java:run(143)) - om1@group-C5BA1605619E-FollowerState: change to CANDIDATE, lastRpcElapsedTime:5187291790ns, electionTimeout:5183ms
2023-06-07 12:09:42,080 [om1@group-C5BA1605619E-FollowerState] INFO  impl.RoleInfo (RoleInfo.java:shutdownFollowerState(110)) - om1: shutdown om1@group-C5BA1605619E-FollowerState
2023-06-07 12:09:42,081 [om1@group-C5BA1605619E-FollowerState] INFO  server.RaftServer$Division (RaftServerImpl.java:setRole(329)) - om1@group-C5BA1605619E: changes role from  FOLLOWER to CANDIDATE at term 0 for changeToCandidate
2023-06-07 12:09:42,081 [om1@group-C5BA1605619E-FollowerState] INFO  server.RaftServerConfigKeys (ConfUtils.java:logGet(46)) - raft.server.leaderelection.pre-vote = true (default)
2023-06-07 12:09:42,081 [om1@group-C5BA1605619E-FollowerState] INFO  impl.RoleInfo (RoleInfo.java:updateAndGet(139)) - om1: start om1@group-C5BA1605619E-LeaderElection4
2023-06-07 12:09:42,082 [om1@group-C5BA1605619E-LeaderElection4] INFO  impl.LeaderElection (LeaderElection.java:askForVotes(321)) - om1@group-C5BA1605619E-LeaderElection4 PRE_VOTE round 0: submit vote requests at term 0 for -1: peers:[om1|rpc:fv-az83-744:9872|priority:0|startupRole:FOLLOWER]|listeners:[], old=null
2023-06-07 12:09:42,082 [om1@group-C5BA1605619E-LeaderElection4] INFO  impl.LeaderElection (LeaderElection.java:askForVotes(323)) - om1@group-C5BA1605619E-LeaderElection4 PRE_VOTE round 0: result PASSED (term=0)
2023-06-07 12:09:42,083 [om1@group-C5BA1605619E-LeaderElection4] INFO  impl.LeaderElection (LeaderElection.java:askForVotes(321)) - om1@group-C5BA1605619E-LeaderElection4 ELECTION round 0: submit vote requests at term 1 for -1: peers:[om1|rpc:fv-az83-744:9872|priority:0|startupRole:FOLLOWER]|listeners:[], old=null
2023-06-07 12:09:42,083 [om1@group-C5BA1605619E-LeaderElection4] INFO  impl.LeaderElection (LeaderElection.java:askForVotes(323)) - om1@group-C5BA1605619E-LeaderElection4 ELECTION round 0: result PASSED (term=1)
2023-06-07 12:09:42,083 [om1@group-C5BA1605619E-LeaderElection4] INFO  impl.RoleInfo (RoleInfo.java:shutdownLeaderElection(130)) - om1: shutdown om1@group-C5BA1605619E-LeaderElection4
2023-06-07 12:09:42,083 [om1@group-C5BA1605619E-LeaderElection4] INFO  server.RaftServer$Division (RaftServerImpl.java:setRole(329)) - om1@group-C5BA1605619E: changes role from CANDIDATE to LEADER at term 1 for changeToLeader
2023-06-07 12:09:42,083 [om1@group-C5BA1605619E-LeaderElection4] INFO  server.RaftServer$Division (ServerState.java:setLeader(317)) - om1@group-C5BA1605619E: change Leader from null to om1 at term 1 for becomeLeader, leader elected after 5733ms
2023-06-07 12:09:42,084 [om1@group-C5BA1605619E-LeaderElection4] INFO  server.RaftServerConfigKeys (ConfUtils.java:logGet(46)) - raft.server.staging.catchup.gap = 1000 (default)
2023-06-07 12:09:42,084 [om1@group-C5BA1605619E-LeaderElection4] INFO  server.RaftServerConfigKeys (ConfUtils.java:logGet(46)) - raft.server.write.element-limit = 4096 (default)
2023-06-07 12:09:42,084 [om1@group-C5BA1605619E-LeaderElection4] INFO  server.RaftServerConfigKeys (ConfUtils.java:logGet(46)) - raft.server.write.byte-limit = 64MB (=67108864) (default)
2023-06-07 12:09:42,084 [om1@group-C5BA1605619E-LeaderElection4] INFO  server.RaftServerConfigKeys (ConfUtils.java:logGet(46)) - raft.server.watch.timeout = 10s (default)
2023-06-07 12:09:42,084 [om1@group-C5BA1605619E-LeaderElection4] INFO  server.RaftServerConfigKeys (ConfUtils.java:logGet(46)) - raft.server.watch.timeout.denomination = 1s (default)
2023-06-07 12:09:42,084 [om1@group-C5BA1605619E-LeaderElection4] INFO  server.RaftServerConfigKeys (ConfUtils.java:logGet(46)) - raft.server.watch.element-limit = 65536 (default)
2023-06-07 12:09:42,084 [om1@group-C5BA1605619E-LeaderElection4] INFO  server.RaftServerConfigKeys (ConfUtils.java:logGet(46)) - raft.server.write.element-limit = 4096 (default)
2023-06-07 12:09:42,084 [om1@group-C5BA1605619E-LeaderElection4] INFO  server.RaftServerConfigKeys (ConfUtils.java:logGet(46)) - raft.server.write.follower.gap.ratio.max = -1.0 (default)
2023-06-07 12:09:42,084 [om1@group-C5BA1605619E-LeaderElection4] INFO  impl.RoleInfo (RoleInfo.java:updateAndGet(139)) - om1: start om1@group-C5BA1605619E-LeaderStateImpl
2023-06-07 12:09:42,084 [om1@group-C5BA1605619E-LeaderElection4] INFO  segmented.SegmentedRaftLogWorker (SegmentedRaftLogWorker.java:startLogSegment(447)) - om1@group-C5BA1605619E-SegmentedRaftLogWorker: Starting segment from index:0
2023-06-07 12:09:42,092 [om1@group-C5BA1605619E-LeaderElection4] INFO  server.RaftServer$Division (ServerState.java:setRaftConf(434)) - om1@group-C5BA1605619E: set configuration 0: peers:[om1|rpc:fv-az83-744:9872|admin:|client:|dataStream:|priority:0|startupRole:FOLLOWER]|listeners:[], old=null
2023-06-07 12:09:42,096 [om1@group-C5BA1605619E-SegmentedRaftLogWorker] INFO  segmented.SegmentedRaftLogWorker (SegmentedRaftLogWorker.java:execute(651)) - om1@group-C5BA1605619E-SegmentedRaftLogWorker: created new log segment /tmp/junit6824002600838437618/junit5408796334783065068/om-meta/ratis/bf265839-605b-3f16-9796-c5ba1605619e/current/log_inprogress_0
2023-06-07 12:09:42,097 [om1@group-C5BA1605619E-StateMachineUpdater] INFO  ratis.OzoneManagerStateMachine (OzoneManagerStateMachine.java:notifyConfigurationChanged(201)) - Received Configuration change notification from Ratis. New Peer list:
[id: "om1"
address: "fv-az83-744:9872"
startupRole: FOLLOWER
]
2023-06-07 12:09:42,173 [pool-493-thread-2] INFO  request.TgsRequest (TgsRequest.java:issueTicket(115)) - TGS_REQ ISSUE: authtime 1686139782172,om/fv-az83-744 for om/fv-az83-744@EXAMPLE.COM
2023-06-07 12:09:42,182 [Socket Reader #1 for port 1202] INFO  ipc.Server (Server.java:saslProcess(2116)) - Auth successful for om/fv-az83-744@EXAMPLE.COM (auth:KERBEROS) from 10.1.0.7:40519
2023-06-07 12:09:51,575 [CertificateLifetimeMonitor] INFO  utils.SelfSignedCertificate (SelfSignedCertificate.java:generateCertificate(158)) - Certificate 2 is issued by CN=rootCA-new@localhost,OU=scm1,O=cluster1 to CN=rootCA-new@localhost,OU=scm1,O=cluster1, valid from Wed Jun 07 12:09:51 UTC 2023 to Sat Jul 15 12:09:51 UTC 2028
Wed Jun 07 12:09:51 UTC 2023 certificated is renewed
2023-06-07 12:09:51,734 [CertificateLifetimeMonitor] INFO  security.OzoneDelegationTokenSecretManager (OzoneSecretManager.java:notifyCertificateRenewed(198)) - Certificate is changed from 4037363604380 to 4052309064568
2023-06-07 12:09:51,734 [CertificateLifetimeMonitor] INFO  security.OzoneDelegationTokenSecretManager (OzoneSecretManager.java:updateCurrentKey(175)) - Updating current master key for generating tokens. Cert id 4052309064568
2023-06-07 12:09:51,734 [CertificateLifetimeMonitor] INFO  ssl.PemFileBasedKeyStoresFactory (PemFileBasedKeyStoresFactory.java:notifyCertificateRenewed(156)) - CertificateClientTestImpl notify certificate renewed
2023-06-07 12:09:51,736 [CertificateLifetimeMonitor] INFO  ssl.ReloadingX509KeyManager (ReloadingX509KeyManager.java:loadFrom(142)) - ReloadingX509KeyManager is reloaded
2023-06-07 12:09:51,736 [CertificateLifetimeMonitor] INFO  ssl.ReloadingX509TrustManager (ReloadingX509TrustManager.java:loadFrom(116)) - ReloadingX509TrustManager is reloaded.
2023-06-07 12:09:51,736 [CertificateLifetimeMonitor] INFO  ssl.PemFileBasedKeyStoresFactory (PemFileBasedKeyStoresFactory.java:notifyCertificateRenewed(156)) - CertificateClientTestImpl notify certificate renewed
2023-06-07 12:09:51,738 [CertificateLifetimeMonitor] INFO  ssl.ReloadingX509KeyManager (ReloadingX509KeyManager.java:loadFrom(142)) - ReloadingX509KeyManager is reloaded
2023-06-07 12:09:51,738 [CertificateLifetimeMonitor] INFO  ssl.ReloadingX509TrustManager (ReloadingX509TrustManager.java:loadFrom(116)) - ReloadingX509TrustManager is reloaded.
2023-06-07 12:09:51,795 [Time-limited test] INFO  om.OzoneManager (OzoneManager.java:stop(2166)) - om1[fv-az83-744:1202]: Stopping Ozone Manager
2023-06-07 12:09:51,795 [Time-limited test] INFO  ipc.Server (Server.java:stop(3501)) - Stopping server on 1202
2023-06-07 12:09:51,798 [IPC Server listener on 1202] INFO  ipc.Server (Server.java:run(1430)) - Stopping IPC Server listener on 1202
2023-06-07 12:09:51,799 [IPC Server Responder] INFO  ipc.Server (Server.java:run(1563)) - Stopping IPC Server Responder
2023-06-07 12:09:51,800 [Time-limited test] INFO  server.RaftServer (RaftServerProxy.java:lambda$close$6(416)) - om1: close
2023-06-07 12:09:51,800 [Time-limited test] INFO  server.GrpcService (GrpcService.java:closeImpl(311)) - om1: shutdown server GrpcServerProtocolService now
2023-06-07 12:09:51,802 [om1-impl-thread1] INFO  server.RaftServer$Division (RaftServerImpl.java:lambda$close$4(466)) - om1@group-C5BA1605619E: shutdown
2023-06-07 12:09:51,802 [om1-impl-thread1] INFO  util.JmxRegister (JmxRegister.java:unregister(73)) - Successfully un-registered JMX Bean with object name Ratis:service=RaftServer,group=group-C5BA1605619E,id=om1
2023-06-07 12:09:51,802 [om1-impl-thread1] INFO  impl.RoleInfo (RoleInfo.java:shutdownLeaderState(93)) - om1: shutdown om1@group-C5BA1605619E-LeaderStateImpl
2023-06-07 12:09:51,802 [om1-impl-thread1] INFO  impl.PendingRequests (PendingRequests.java:sendNotLeaderResponses(289)) - om1@group-C5BA1605619E-PendingRequests: sendNotLeaderResponses
2023-06-07 12:09:51,804 [om1-impl-thread1] INFO  impl.StateMachineUpdater (StateMachineUpdater.java:stopAndJoin(155)) - om1@group-C5BA1605619E-StateMachineUpdater: set stopIndex = 8
2023-06-07 12:09:51,805 [Time-limited test] INFO  server.GrpcService (GrpcService.java:closeImpl(320)) - om1: shutdown server GrpcServerProtocolService successfully
2023-06-07 12:09:51,805 [om1@group-C5BA1605619E-StateMachineUpdater] INFO  ratis.OzoneManagerStateMachine (OzoneManagerStateMachine.java:takeSnapshot(479)) - Current Snapshot Index (t:1, i:8)
2023-06-07 12:09:51,817 [om1@group-C5BA1605619E-StateMachineUpdater] INFO  impl.StateMachineUpdater (StateMachineUpdater.java:takeSnapshot(291)) - om1@group-C5BA1605619E-StateMachineUpdater: Took a snapshot at index 8
2023-06-07 12:09:51,817 [om1@group-C5BA1605619E-StateMachineUpdater] INFO  impl.StateMachineUpdater (StateMachineUpdater.java:lambda$new$0(97)) - om1@group-C5BA1605619E-StateMachineUpdater: snapshotIndex: updateIncreasingly -1 -> 8
2023-06-07 12:09:51,817 [om1@group-C5BA1605619E-StateMachineUpdater] INFO  ratis.OzoneManagerStateMachine (OzoneManagerStateMachine.java:close(533)) - StateMachine has shutdown. Shutdown OzoneManager if not already shutdown.
2023-06-07 12:09:51,817 [om1@group-C5BA1605619E-StateMachineUpdater] INFO  ratis.OzoneManagerDoubleBuffer (OzoneManagerDoubleBuffer.java:stopDaemon(559)) - Stopping OMDoubleBuffer flush thread
2023-06-07 12:09:51,818 [OMDoubleBufferFlushThread] INFO  ratis.OzoneManagerDoubleBuffer (OzoneManagerDoubleBuffer.java:canFlush(648)) - OMDoubleBuffer flush thread OMDoubleBufferFlushThread is interrupted and will exit.
2023-06-07 12:09:51,818 [om1-impl-thread1] INFO  server.RaftServer$Division (ServerState.java:close(472)) - om1@group-C5BA1605619E: closes. applyIndex: 8
2023-06-07 12:09:52,796 [om1-impl-thread1] INFO  segmented.SegmentedRaftLogWorker (SegmentedRaftLogWorker.java:close(252)) - om1@group-C5BA1605619E-SegmentedRaftLogWorker close()
2023-06-07 12:09:52,797 [JvmPauseMonitor9] INFO  util.JvmPauseMonitor (JvmPauseMonitor.java:run(109)) - JvmPauseMonitor-om1: Stopped
2023-06-07 12:09:52,797 [Time-limited test] INFO  ratis.OzoneManagerStateMachine (OzoneManagerStateMachine.java:close(533)) - StateMachine has shutdown. Shutdown OzoneManager if not already shutdown.
2023-06-07 12:09:52,797 [Time-limited test] INFO  ratis.OzoneManagerDoubleBuffer (OzoneManagerDoubleBuffer.java:stopDaemon(568)) - OMDoubleBuffer flush thread is not running.
2023-06-07 12:09:52,797 [Time-limited test] INFO  utils.BackgroundService (BackgroundService.java:shutdown(141)) - Shutting down service KeyDeletingService
2023-06-07 12:09:52,798 [Time-limited test] INFO  utils.BackgroundService (BackgroundService.java:shutdown(141)) - Shutting down service KeyDeletingService
2023-06-07 12:09:52,798 [Time-limited test] INFO  utils.BackgroundService (BackgroundService.java:shutdown(141)) - Shutting down service OpenKeyCleanupService
2023-06-07 12:09:52,798 [Time-limited test] INFO  utils.BackgroundService (BackgroundService.java:shutdown(141)) - Shutting down service SstFilteringService
2023-06-07 12:09:52,798 [Time-limited test] INFO  utils.BackgroundService (BackgroundService.java:shutdown(141)) - Shutting down service SnapshotDeletingService
2023-06-07 12:09:52,799 [Time-limited test] INFO  om.OzoneManager (OzoneManager.java:stopSecretManager(1058)) - Stopping OM delegation token secret manager.
2023-06-07 12:09:52,799 [Thread[Thread-2289,5,FailOnTimeoutGroup]] INFO  security.OzoneDelegationTokenSecretManager (OzoneDelegationTokenSecretManager.java:run(653)) - ExpiredTokenRemover was interrupted.
java.lang.InterruptedException: sleep interrupted
	at java.lang.Thread.sleep(Native Method)
	at org.apache.hadoop.ozone.security.OzoneDelegationTokenSecretManager$ExpiredTokenRemover.run(OzoneDelegationTokenSecretManager.java:649)
	at java.lang.Thread.run(Thread.java:750)
2023-06-07 12:09:52,799 [Time-limited test] INFO  handler.ContextHandler (ContextHandler.java:doStop(1159)) - Stopped o.e.j.w.WebAppContext@245617e5{ozoneManager,/,null,STOPPED}{file:/home/runner/work/ozone/ozone/hadoop-ozone/integration-test/target/test-classes/webapps/ozoneManager}
2023-06-07 12:09:52,802 [Time-limited test] INFO  server.AbstractConnector (AbstractConnector.java:doStop(383)) - Stopped ServerConnector@6c3e8330{HTTP/1.1, (http/1.1)}{0.0.0.0:9874}
2023-06-07 12:09:52,802 [Time-limited test] INFO  server.session (HouseKeeper.java:stopScavenging(149)) - node0 Stopped scavenging
2023-06-07 12:09:52,802 [Time-limited test] INFO  handler.ContextHandler (ContextHandler.java:doStop(1159)) - Stopped o.e.j.s.ServletContextHandler@79aa2210{static,/static,file:///home/runner/work/ozone/ozone/hadoop-ozone/integration-test/target/test-classes/webapps/static,STOPPED}
2023-06-07 12:09:52,802 [Time-limited test] INFO  handler.ContextHandler (ContextHandler.java:doStop(1159)) - Stopped o.e.j.s.ServletContextHandler@e1e8a5a{logs,/logs,file:///home/runner/work/ozone/ozone/hadoop-ozone/integration-test/target/log,STOPPED}
2023-06-07 12:09:52,805 [Time-limited test] INFO  snapshot.SnapshotDiffManager (SnapshotDiffManager.java:closeExecutorService(1278)) - Shutting down executorService: 'SnapDiffExecutor'
2023-06-07 12:09:52,805 [Time-limited test] INFO  utils.BackgroundService (BackgroundService.java:shutdown(141)) - Shutting down service SnapshotDiffCleanupService
2023-06-07 12:09:52,807 [Time-limited test] INFO  impl.DefaultInternalKdcServerImpl (DefaultInternalKdcServerImpl.java:doStop(102)) - Default Internal kdc server stopped.
2023-06-07 12:09:53,807 [Time-limited test] INFO  minikdc.MiniKdc (MiniKdc.java:stop(359)) - MiniKdc stopped.
2023-06-07 12:09:53,807 [Time-limited test] INFO  om.OzoneManager (OzoneManager.java:stop(2166)) - om1[fv-az83-744:1202]: Stopping Ozone Manager
]]></system-out>
  </testcase>
  <testcase name="testSecureScmStartupSuccess" classname="org.apache.hadoop.ozone.TestSecureOzoneCluster" time="4.096">
    <system-out><![CDATA[2023-06-07 12:09:53,826 [Time-limited test] INFO  net.ServerSocketUtil (ServerSocketUtil.java:getPort(55)) - Using port 9860
2023-06-07 12:09:53,826 [Time-limited test] INFO  net.ServerSocketUtil (ServerSocketUtil.java:getPort(55)) - Using port 9861
2023-06-07 12:09:53,827 [Time-limited test] INFO  net.ServerSocketUtil (ServerSocketUtil.java:getPort(55)) - Using port 9863
2023-06-07 12:09:53,827 [Time-limited test] INFO  net.ServerSocketUtil (ServerSocketUtil.java:getPort(55)) - Using port 9961
2023-06-07 12:09:53,827 [Time-limited test] INFO  net.ServerSocketUtil (ServerSocketUtil.java:getPort(55)) - Using port 1200
2023-06-07 12:09:53,827 [Time-limited test] INFO  net.ServerSocketUtil (ServerSocketUtil.java:getPort(55)) - Using port 1201
2023-06-07 12:09:53,827 [Time-limited test] INFO  minikdc.MiniKdc (MiniKdc.java:<init>(225)) - Configuration:
2023-06-07 12:09:53,827 [Time-limited test] INFO  minikdc.MiniKdc (MiniKdc.java:<init>(226)) - ---------------------------------------------------------------
2023-06-07 12:09:53,827 [Time-limited test] INFO  minikdc.MiniKdc (MiniKdc.java:<init>(228)) -   debug: false
2023-06-07 12:09:53,827 [Time-limited test] INFO  minikdc.MiniKdc (MiniKdc.java:<init>(228)) -   transport: TCP
2023-06-07 12:09:53,827 [Time-limited test] INFO  minikdc.MiniKdc (MiniKdc.java:<init>(228)) -   max.ticket.lifetime: 86400000
2023-06-07 12:09:53,827 [Time-limited test] INFO  minikdc.MiniKdc (MiniKdc.java:<init>(228)) -   org.name: EXAMPLE
2023-06-07 12:09:53,827 [Time-limited test] INFO  minikdc.MiniKdc (MiniKdc.java:<init>(228)) -   kdc.port: 0
2023-06-07 12:09:53,827 [Time-limited test] INFO  minikdc.MiniKdc (MiniKdc.java:<init>(228)) -   org.domain: COM
2023-06-07 12:09:53,827 [Time-limited test] INFO  minikdc.MiniKdc (MiniKdc.java:<init>(228)) -   max.renewable.lifetime: 604800000
2023-06-07 12:09:53,827 [Time-limited test] INFO  minikdc.MiniKdc (MiniKdc.java:<init>(228)) -   instance: DefaultKrbServer
2023-06-07 12:09:53,828 [Time-limited test] INFO  minikdc.MiniKdc (MiniKdc.java:<init>(228)) -   kdc.bind.address: localhost
2023-06-07 12:09:53,828 [Time-limited test] INFO  minikdc.MiniKdc (MiniKdc.java:<init>(230)) - ---------------------------------------------------------------
2023-06-07 12:09:53,829 [Time-limited test] INFO  minikdc.MiniKdc (MiniKdc.java:start(285)) - MiniKdc started.
2023-06-07 12:09:54,198 [Time-limited test] WARN  server.ServerUtils (ServerUtils.java:getScmDbDir(155)) - ozone.scm.db.dirs is not configured. We recommend adding this setting. Falling back to ozone.metadata.dirs instead.
2023-06-07 12:09:54,199 [Time-limited test] INFO  ha.HASecurityUtils (HASecurityUtils.java:initializeSecurity(93)) - Initializing secure StorageContainerManager.
2023-06-07 12:09:54,199 [Time-limited test] INFO  client.SCMCertificateClient (DefaultCertificateClient.java:init(650)) - Certificate client init case: 0
2023-06-07 12:09:54,199 [Time-limited test] INFO  client.SCMCertificateClient (SCMCertificateClient.java:handleCase(68)) - Creating keypair for client as keypair and certificate not found.
2023-06-07 12:09:54,508 [Time-limited test] INFO  ha.HASecurityUtils (HASecurityUtils.java:initializeSecurity(99)) - Init response: GETCERT
2023-06-07 12:09:54,750 [Time-limited test] INFO  ozone.OzoneSecurityUtil (OzoneSecurityUtil.java:getValidInetsForCurrentHost(118)) - ip:fe80:0:0:0:20d:3aff:fe5e:ae76%eth0 not returned.
2023-06-07 12:09:54,750 [Time-limited test] INFO  ozone.OzoneSecurityUtil (OzoneSecurityUtil.java:getValidInetsForCurrentHost(115)) - Adding ip:10.1.0.7,host:fv-az83-744
2023-06-07 12:09:54,750 [Time-limited test] INFO  ozone.OzoneSecurityUtil (OzoneSecurityUtil.java:getValidInetsForCurrentHost(118)) - ip:0:0:0:0:0:0:0:1%lo not returned.
2023-06-07 12:09:54,750 [Time-limited test] INFO  ozone.OzoneSecurityUtil (OzoneSecurityUtil.java:getValidInetsForCurrentHost(118)) - ip:127.0.0.1 not returned.
2023-06-07 12:09:54,751 [Time-limited test] ERROR utils.SelfSignedCertificate (SelfSignedCertificate.java:lambda$addInetAddresses$0(245)) - Invalid domain fv-az83-744
2023-06-07 12:09:54,753 [Time-limited test] INFO  utils.SelfSignedCertificate (SelfSignedCertificate.java:generateCertificate(158)) - Certificate 1 is issued by CN=scm@fv-az83-744,OU=e839a48a-db86-4a62-a7bc-7a1699f82212,O=c2e384f4-4f4f-4e7e-a630-7dc9bbb02cde to CN=scm@fv-az83-744,OU=e839a48a-db86-4a62-a7bc-7a1699f82212,O=c2e384f4-4f4f-4e7e-a630-7dc9bbb02cde, valid from Wed Jun 07 12:09:54 UTC 2023 to Sat Jul 15 12:09:54 UTC 2028
2023-06-07 12:09:54,755 [Time-limited test] INFO  ozone.OzoneSecurityUtil (OzoneSecurityUtil.java:getValidInetsForCurrentHost(118)) - ip:fe80:0:0:0:20d:3aff:fe5e:ae76%eth0 not returned.
2023-06-07 12:09:54,755 [Time-limited test] INFO  ozone.OzoneSecurityUtil (OzoneSecurityUtil.java:getValidInetsForCurrentHost(115)) - Adding ip:10.1.0.7,host:fv-az83-744
2023-06-07 12:09:54,755 [Time-limited test] INFO  ozone.OzoneSecurityUtil (OzoneSecurityUtil.java:getValidInetsForCurrentHost(118)) - ip:0:0:0:0:0:0:0:1%lo not returned.
2023-06-07 12:09:54,755 [Time-limited test] INFO  ozone.OzoneSecurityUtil (OzoneSecurityUtil.java:getValidInetsForCurrentHost(118)) - ip:127.0.0.1 not returned.
2023-06-07 12:09:54,755 [Time-limited test] ERROR utils.CertificateSignRequest (CertificateSignRequest.java:lambda$addInetAddresses$0(296)) - Invalid domain fv-az83-744
2023-06-07 12:09:54,755 [Time-limited test] INFO  ha.HASecurityUtils (HASecurityUtils.java:generateCSR(280)) - Creating csr for SCM->hostName:fv-az83-744,scmId:e839a48a-db86-4a62-a7bc-7a1699f82212,clusterId:c2e384f4-4f4f-4e7e-a630-7dc9bbb02cde,subject:scm-sub@fv-az83-744
2023-06-07 12:09:54,762 [Time-limited test] INFO  ha.HASecurityUtils (HASecurityUtils.java:initializeSecurity(112)) - Successfully stored SCM signed certificate.
2023-06-07 12:09:54,769 [Time-limited test] WARN  server.ServerUtils (ServerUtils.java:getScmDbDir(155)) - ozone.scm.db.dirs is not configured. We recommend adding this setting. Falling back to ozone.metadata.dirs instead.
2023-06-07 12:09:54,769 [Time-limited test] INFO  ha.SCMHANodeDetails (SCMHANodeDetails.java:loadSCMHAConfig(209)) - ServiceID for StorageContainerManager is null
2023-06-07 12:09:54,769 [Time-limited test] INFO  ha.SCMHANodeDetails (SCMHANodeDetails.java:loadSCMHAConfig(214)) - ozone.scm.default.service.id is not defined, falling back to ozone.scm.service.ids to find serviceID for StorageContainerManager if it is HA enabled cluster
2023-06-07 12:09:54,770 [Time-limited test] INFO  client.SCMCertificateClient (DefaultCertificateClient.java:loadAllCertificates(151)) - Loading certificate from location:/tmp/junit7105184230965913935/junit1499646404371379256/scm-meta/scm/sub-ca/certs.
2023-06-07 12:09:54,774 [Time-limited test] INFO  client.SCMCertificateClient (DefaultCertificateClient.java:loadAllCertificates(195)) - Added certificate   [0]         Version: 3
         SerialNumber: 4055335972098
             IssuerDN: CN=scm@fv-az83-744,OU=e839a48a-db86-4a62-a7bc-7a1699f82212,O=c2e384f4-4f4f-4e7e-a630-7dc9bbb02cde
           Start Date: Wed Jun 07 12:09:54 UTC 2023
           Final Date: Sat Jul 15 12:09:54 UTC 2028
            SubjectDN: CN=scm-sub@fv-az83-744,OU=e839a48a-db86-4a62-a7bc-7a1699f82212,O=c2e384f4-4f4f-4e7e-a630-7dc9bbb02cde
           Public Key: RSA Public Key [f5:ea:99:12:21:5e:8e:d0:14:9d:7d:06:f5:7b:c3:2e:81:69:ee:4e],[56:66:d1:a4]
        modulus: b02d30bd0132b554f77dfcd612a740e0cad89ec6f5f71ab09bd5684b4ceb75d50366b486d07a4bb55da6415496d7527402755fe1ec0b067df20e5bbab6dffd6e99023d39a2b48fab3aa7e95523a6e7f702e06ef4fbcf6f38fa631399c7339530e796f2dad4d8ff7e6385412d36510d9b612896c6953aa054ddd950241dd12f6f9444fd7c3ccf5db0059158dc420e136b2a5dd8db60c041334dfba42fe734f6ffbcf5f28ca05bd1aae5468d1f694fad1809effea44b8d3ba79b6acbeb534448f6fe1ad920f04dfe14c489b82cd7a6ae063e607ffbf63f4dff880b139b4350f62a9dd87543df6c47489985510e79d5ebe6b7cd24e078b1989a09fa75ef2e87a8e1
public exponent: 10001

  Signature Algorithm: SHA256WITHRSA
            Signature: 15caef2b4bcc1cf143629ddc5f71f0178e3232c8
                       d41aa30deabd6e1e7e3340ec6df5d8b04052ec4b
                       3423a3cd813e93c898dc606f9ed0e4c03ec32ca3
                       29b55a6feb781e095fcd66bba07558302ee51d58
                       a7d272c8c9519bb656008be0bf1acc357943893a
                       9b1a73ffd3538472a415519c51415ad17b99373e
                       b6d618497555ad2ea1b94d9487d072835db44cfe
                       a7174e14569b65e4d469407e6ea604016420ef39
                       96a9f1c5590fca79505a32313c5754de50004795
                       ee05b8dc010ad3cd6a22819af8870df9441bd4b5
                       060a6fbc265118d1b5a72d51688896196c3b5737
                       5e50bb396fcf0d19b5016654f586d311827fd49f
                       dda45185a6d5be972e6590f069aa16b6
       Extensions: 
                       critical(false) 2.5.29.17 value = Sequence
    Tagged [7] IMPLICIT 
        DER Octet String[4] 

                       critical(true) BasicConstraints: isCa(true)
                       critical(true) KeyUsage: 0xbe
 from file:/tmp/junit7105184230965913935/junit1499646404371379256/scm-meta/scm/sub-ca/certs/certificate.crt.
2023-06-07 12:09:54,775 [Time-limited test] INFO  client.SCMCertificateClient (DefaultCertificateClient.java:loadAllCertificates(195)) - Added certificate   [0]         Version: 3
         SerialNumber: 4055335972098
             IssuerDN: CN=scm@fv-az83-744,OU=e839a48a-db86-4a62-a7bc-7a1699f82212,O=c2e384f4-4f4f-4e7e-a630-7dc9bbb02cde
           Start Date: Wed Jun 07 12:09:54 UTC 2023
           Final Date: Sat Jul 15 12:09:54 UTC 2028
            SubjectDN: CN=scm-sub@fv-az83-744,OU=e839a48a-db86-4a62-a7bc-7a1699f82212,O=c2e384f4-4f4f-4e7e-a630-7dc9bbb02cde
           Public Key: RSA Public Key [f5:ea:99:12:21:5e:8e:d0:14:9d:7d:06:f5:7b:c3:2e:81:69:ee:4e],[56:66:d1:a4]
        modulus: b02d30bd0132b554f77dfcd612a740e0cad89ec6f5f71ab09bd5684b4ceb75d50366b486d07a4bb55da6415496d7527402755fe1ec0b067df20e5bbab6dffd6e99023d39a2b48fab3aa7e95523a6e7f702e06ef4fbcf6f38fa631399c7339530e796f2dad4d8ff7e6385412d36510d9b612896c6953aa054ddd950241dd12f6f9444fd7c3ccf5db0059158dc420e136b2a5dd8db60c041334dfba42fe734f6ffbcf5f28ca05bd1aae5468d1f694fad1809effea44b8d3ba79b6acbeb534448f6fe1ad920f04dfe14c489b82cd7a6ae063e607ffbf63f4dff880b139b4350f62a9dd87543df6c47489985510e79d5ebe6b7cd24e078b1989a09fa75ef2e87a8e1
public exponent: 10001

  Signature Algorithm: SHA256WITHRSA
            Signature: 15caef2b4bcc1cf143629ddc5f71f0178e3232c8
                       d41aa30deabd6e1e7e3340ec6df5d8b04052ec4b
                       3423a3cd813e93c898dc606f9ed0e4c03ec32ca3
                       29b55a6feb781e095fcd66bba07558302ee51d58
                       a7d272c8c9519bb656008be0bf1acc357943893a
                       9b1a73ffd3538472a415519c51415ad17b99373e
                       b6d618497555ad2ea1b94d9487d072835db44cfe
                       a7174e14569b65e4d469407e6ea604016420ef39
                       96a9f1c5590fca79505a32313c5754de50004795
                       ee05b8dc010ad3cd6a22819af8870df9441bd4b5
                       060a6fbc265118d1b5a72d51688896196c3b5737
                       5e50bb396fcf0d19b5016654f586d311827fd49f
                       dda45185a6d5be972e6590f069aa16b6
       Extensions: 
                       critical(false) 2.5.29.17 value = Sequence
    Tagged [7] IMPLICIT 
        DER Octet String[4] 

                       critical(true) BasicConstraints: isCa(true)
                       critical(true) KeyUsage: 0xbe
 from file:/tmp/junit7105184230965913935/junit1499646404371379256/scm-meta/scm/sub-ca/certs/4055335972098.crt.
2023-06-07 12:09:54,777 [Time-limited test] INFO  client.SCMCertificateClient (DefaultCertificateClient.java:loadAllCertificates(195)) - Added certificate   [0]         Version: 3
         SerialNumber: 1
             IssuerDN: CN=scm@fv-az83-744,OU=e839a48a-db86-4a62-a7bc-7a1699f82212,O=c2e384f4-4f4f-4e7e-a630-7dc9bbb02cde
           Start Date: Wed Jun 07 12:09:54 UTC 2023
           Final Date: Sat Jul 15 12:09:54 UTC 2028
            SubjectDN: CN=scm@fv-az83-744,OU=e839a48a-db86-4a62-a7bc-7a1699f82212,O=c2e384f4-4f4f-4e7e-a630-7dc9bbb02cde
           Public Key: RSA Public Key [14:fe:65:19:50:2f:cf:9a:41:13:5a:1a:52:c4:f7:25:e6:69:ed:d1],[56:66:d1:a4]
        modulus: e5d0cfcfbabd9edec6d9c2319c06d5914a651d0e820cf1dc2ee5aac714fe4ff635501d021fb395da70c7e39d2a9dd8a6c3bc62ebdeb5b696a1b6443a3137700f45a62b3fc0ee5ca2db24790ba2795527d03d3d18d84f8aa608db5a2b83296ca8b791cd9c91243330d49d21abb629dece02ad413f954760d767ddf039cb52e93d24219322f5df3d82b0a04e0cc502a3a67bb26fb90bdf6294ff72875dcd31bad629183edc6589672575870f9a6be03ee9728d7361ec6bdd1f89d77dae33f09fb7a66c616d29e20ef96dbfd6506dcf2ce99c0e8c9b132666a592c233d48ce9294bcfbd9dae63e965542230f67cdb2aeed2a67503aee716dace4c5de08c5a7b01a5
public exponent: 10001

  Signature Algorithm: SHA256WITHRSA
            Signature: b5509ab8e272eaeba681f908760fe158b36dfee2
                       367802891a7f40a91cc7939f488b216dbcba175d
                       84c86f677359a7d329066b8e2498f4fe556750e1
                       b1dd32adbfb988b130c355c0202ca0cf76d80f9e
                       4de90dc7b2684a312b27058d60cc01332f45f251
                       49cc2664d4a1b837dcb7591b7c945b2cec26e96d
                       7332c8e397d555a635b1a2a7afd0196026c8a014
                       23a36670eae562ac633e570c95369107a3ddb43b
                       ab0db7184b0bfca270eecba855000e2a3e23993f
                       e323343b08c0b2832309737745af9f2541cd82b9
                       bb5c3628221a9ae09547a0ce0676a85a74296261
                       dee1c3707b6a6f4e380f0e56a10e1c719f284398
                       5f461b6662ebcd53492596bcb052456e
       Extensions: 
                       critical(true) BasicConstraints: isCa(true)
                       critical(true) KeyUsage: 0x6
                       critical(false) 2.5.29.17 value = Sequence
    Tagged [7] IMPLICIT 
        DER Octet String[4] 

 from file:/tmp/junit7105184230965913935/junit1499646404371379256/scm-meta/scm/sub-ca/certs/CA-1.crt.
2023-06-07 12:09:54,778 [Time-limited test] INFO  client.SCMCertificateClient (DefaultCertificateClient.java:startCertificateMonitor(1208)) - CertificateLifetimeMonitor for scm/sub-ca is started with first delay 161135989223 ms and interval 3333 ms.
2023-06-07 12:09:54,781 [pool-525-thread-1] INFO  request.KdcRequest (KdcRequest.java:preauth(651)) - The preauth data is empty.
2023-06-07 12:09:54,782 [pool-525-thread-1] INFO  server.KdcHandler (KdcHandler.java:handleRecoverableException(177)) - KRB error occurred while processing request:Additional pre-authentication required
2023-06-07 12:09:54,793 [pool-525-thread-2] INFO  request.AsRequest (AsRequest.java:issueTicket(112)) - AS_REQ ISSUE: authtime 1686139794793,scm/fv-az83-744@EXAMPLE.COM for krbtgt/EXAMPLE.COM@EXAMPLE.COM
2023-06-07 12:09:54,794 [Time-limited test] INFO  security.UserGroupInformation (UserGroupInformation.java:loginUserFromKeytab(1132)) - Login successful for user scm/fv-az83-744@EXAMPLE.COM using keytab file scm.keytab. Keytab auto renewal enabled : false
2023-06-07 12:09:54,794 [Time-limited test] INFO  server.StorageContainerManager (StorageContainerManager.java:loginAsSCMUserIfSecurityEnabled(1025)) - SCM login successful.
2023-06-07 12:09:54,795 [Time-limited test] WARN  utils.HAUtils (HAUtils.java:getMetaDir(352)) - ozone.scm.db.dirs is not configured. We recommend adding this setting. Falling back to ozone.metadata.dirs instead.
2023-06-07 12:09:54,795 [Time-limited test] WARN  db.DBStoreBuilder (DBStoreBuilder.java:applyDBDefinition(165)) - ozone.scm.db.dirs is not configured. We recommend adding this setting. Falling back to ozone.metadata.dirs instead.
2023-06-07 12:09:54,890 [Time-limited test] INFO  net.NodeSchemaLoader (NodeSchemaLoader.java:loadSchemaFromFile(129)) - Loading schema from [jar:file:/home/runner/.m2/repository/org/apache/ozone/hdds-common/1.4.0-SNAPSHOT/hdds-common-1.4.0-SNAPSHOT.jar!/network-topology-default.xml]
2023-06-07 12:09:54,890 [Time-limited test] INFO  net.NodeSchemaLoader (NodeSchemaLoader.java:loadSchema(176)) - Loading network topology layer schema file
2023-06-07 12:09:54,893 [Time-limited test] INFO  upgrade.AbstractLayoutVersionManager (AbstractLayoutVersionManager.java:init(83)) - Initializing Layout version manager with metadata layout = HADOOP_PRC_PORTS_IN_DATANODEDETAILS (version = 7), software layout = HADOOP_PRC_PORTS_IN_DATANODEDETAILS (version = 7)
2023-06-07 12:09:54,895 [Time-limited test] INFO  ha.SequenceIdGenerator (SequenceIdGenerator.java:upgradeToSequenceId(349)) - upgrade localId to 111677748019200000
2023-06-07 12:09:54,896 [Time-limited test] INFO  ha.SequenceIdGenerator (SequenceIdGenerator.java:upgradeToSequenceId(359)) - upgrade delTxnId to 0
2023-06-07 12:09:54,896 [Time-limited test] INFO  ha.SequenceIdGenerator (SequenceIdGenerator.java:upgradeToSequenceId(376)) - upgrade containerId to 0
2023-06-07 12:09:54,896 [Time-limited test] INFO  ha.SequenceIdGenerator (SequenceIdGenerator.java:<init>(220)) - Init the HA SequenceIdGenerator.
2023-06-07 12:09:54,897 [Time-limited test] INFO  node.SCMNodeManager (SCMNodeManager.java:<init>(159)) - Entering startup safe mode.
2023-06-07 12:09:54,898 [Time-limited test] INFO  algorithms.ContainerPlacementPolicyFactory (ContainerPlacementPolicyFactory.java:getPolicyInternal(86)) - Create container placement policy of type org.apache.hadoop.hdds.scm.container.placement.algorithms.SCMContainerPlacementRackAware
2023-06-07 12:09:54,898 [Time-limited test] INFO  algorithms.ContainerPlacementPolicyFactory (ContainerPlacementPolicyFactory.java:getPolicyInternal(86)) - Create container placement policy of type org.apache.hadoop.hdds.scm.container.placement.algorithms.SCMContainerPlacementRackScatter
2023-06-07 12:09:54,898 [Time-limited test] INFO  pipeline.PipelineStateManagerImpl (PipelineStateManagerImpl.java:initialize(78)) - No pipeline exists in current db
2023-06-07 12:09:54,898 [Time-limited test] INFO  algorithms.LeaderChoosePolicyFactory (LeaderChoosePolicyFactory.java:getPolicy(57)) - Create leader choose policy of type org.apache.hadoop.hdds.scm.pipeline.leader.choose.algorithms.MinLeaderCountChoosePolicy
2023-06-07 12:09:54,898 [Time-limited test] INFO  algorithms.ContainerPlacementPolicyFactory (ContainerPlacementPolicyFactory.java:getPolicyInternal(86)) - Create container placement policy of type org.apache.hadoop.hdds.scm.container.placement.algorithms.SCMContainerPlacementRackScatter
2023-06-07 12:09:54,899 [Time-limited test] INFO  ha.SCMServiceManager (SCMServiceManager.java:register(42)) - Registering service BackgroundPipelineCreator.
2023-06-07 12:09:54,899 [Time-limited test] INFO  pipeline.BackgroundPipelineCreator (BackgroundPipelineCreator.java:start(124)) - Starting RatisPipelineUtilsThread.
2023-06-07 12:09:54,903 [Time-limited test] INFO  BackgroundPipelineScrubber (BackgroundSCMService.java:start(68)) - Starting BackgroundPipelineScrubber Service.
2023-06-07 12:09:54,904 [Time-limited test] INFO  ha.SCMServiceManager (SCMServiceManager.java:register(42)) - Registering service BackgroundPipelineScrubber.
2023-06-07 12:09:54,904 [Time-limited test] INFO  ExpiredContainerReplicaOpScrubber (BackgroundSCMService.java:start(68)) - Starting ExpiredContainerReplicaOpScrubber Service.
2023-06-07 12:09:54,904 [Time-limited test] INFO  ha.SCMServiceManager (SCMServiceManager.java:register(42)) - Registering service ExpiredContainerReplicaOpScrubber.
2023-06-07 12:09:54,905 [Time-limited test] INFO  algorithms.PipelineChoosePolicyFactory (PipelineChoosePolicyFactory.java:createPipelineChoosePolicyFromClass(73)) - Create pipeline choose policy of type org.apache.hadoop.hdds.scm.pipeline.choose.algorithms.RandomPipelineChoosePolicy
2023-06-07 12:09:54,906 [Time-limited test] INFO  ha.SCMServiceManager (SCMServiceManager.java:register(42)) - Registering service SCMBlockDeletingService.
2023-06-07 12:09:54,907 [Time-limited test] INFO  replication.ReplicationManager (ReplicationManager.java:start(299)) - Starting Replication Monitor Thread.
2023-06-07 12:09:54,917 [ReplicationMonitor] INFO  replication.ReplicationManager (ReplicationManager.java:processAll(374)) - Replication Manager is not ready to run until 300000ms after safemode exit
2023-06-07 12:09:54,917 [Time-limited test] INFO  ha.SCMServiceManager (SCMServiceManager.java:register(42)) - Registering service ReplicationManager.
2023-06-07 12:09:54,920 [Time-limited test] INFO  safemode.ContainerSafeModeRule (ContainerSafeModeRule.java:<init>(89)) - containers with one replica threshold count 0
2023-06-07 12:09:54,920 [Time-limited test] INFO  safemode.HealthyPipelineSafeModeRule (HealthyPipelineSafeModeRule.java:initializeRule(169)) - Total pipeline count is 0, healthy pipeline threshold count is 0
2023-06-07 12:09:54,921 [Time-limited test] INFO  safemode.OneReplicaPipelineSafeModeRule (OneReplicaPipelineSafeModeRule.java:initializeRule(180)) - Total pipeline count is 0, pipeline's with at least one datanode reported threshold count is 0
2023-06-07 12:09:54,922 [Time-limited test] INFO  authority.DefaultCAServer (DefaultCAServer.java:lambda$processVerificationStatus$0(465)) - CertificateServer validation is successful
2023-06-07 12:09:54,923 [Time-limited test] INFO  authority.DefaultCAServer (DefaultCAServer.java:lambda$processVerificationStatus$0(465)) - CertificateServer validation is successful
2023-06-07 12:09:54,929 [Time-limited test] INFO  server.StorageContainerManager (StorageContainerManager.java:persistPrimarySCMCerts(893)) - Storing sub-ca certificate serialId 4055335972098 on primary SCM
2023-06-07 12:09:54,930 [Time-limited test] INFO  server.StorageContainerManager (StorageContainerManager.java:persistPrimarySCMCerts(901)) - Storing root certificate serialId 1
2023-06-07 12:09:54,931 [Time-limited test] INFO  ipc.CallQueueManager (CallQueueManager.java:<init>(90)) - Using callQueue: class java.util.concurrent.LinkedBlockingQueue, queueCapacity: 200, scheduler: class org.apache.hadoop.ipc.DefaultRpcScheduler, ipcBackoff: false.
2023-06-07 12:09:54,932 [Socket Reader #1 for port 9961] INFO  ipc.Server (Server.java:run(1319)) - Starting Socket Reader #1 for port 9961
2023-06-07 12:09:54,934 [Listener at 0.0.0.0/9961] INFO  hdds.HddsUtils (HddsUtils.java:preserveThreadName(843)) - Restoring thread name: Time-limited test
2023-06-07 12:09:54,935 [Time-limited test] INFO  server.StorageContainerManager (StorageContainerManager.java:<init>(398)) - SCM start with adminUsers: [om/fv-az83-744@EXAMPLE.COM, scm]
2023-06-07 12:09:54,935 [Time-limited test] INFO  ipc.CallQueueManager (CallQueueManager.java:<init>(90)) - Using callQueue: class java.util.concurrent.LinkedBlockingQueue, queueCapacity: 10000, scheduler: class org.apache.hadoop.ipc.DefaultRpcScheduler, ipcBackoff: false.
2023-06-07 12:09:54,936 [Socket Reader #1 for port 9861] INFO  ipc.Server (Server.java:run(1319)) - Starting Socket Reader #1 for port 9861
2023-06-07 12:09:54,936 [Listener at 0.0.0.0/9861] INFO  hdds.HddsUtils (HddsUtils.java:preserveThreadName(843)) - Restoring thread name: Time-limited test
2023-06-07 12:09:54,937 [Time-limited test] INFO  ipc.CallQueueManager (CallQueueManager.java:<init>(90)) - Using callQueue: class java.util.concurrent.LinkedBlockingQueue, queueCapacity: 10000, scheduler: class org.apache.hadoop.ipc.DefaultRpcScheduler, ipcBackoff: false.
2023-06-07 12:09:54,937 [Socket Reader #1 for port 9863] INFO  ipc.Server (Server.java:run(1319)) - Starting Socket Reader #1 for port 9863
2023-06-07 12:09:54,938 [Listener at 0.0.0.0/9863] INFO  hdds.HddsUtils (HddsUtils.java:preserveThreadName(843)) - Restoring thread name: Time-limited test
2023-06-07 12:09:54,939 [Time-limited test] INFO  ipc.CallQueueManager (CallQueueManager.java:<init>(90)) - Using callQueue: class java.util.concurrent.LinkedBlockingQueue, queueCapacity: 10000, scheduler: class org.apache.hadoop.ipc.DefaultRpcScheduler, ipcBackoff: false.
2023-06-07 12:09:54,939 [Socket Reader #1 for port 9860] INFO  ipc.Server (Server.java:run(1319)) - Starting Socket Reader #1 for port 9860
2023-06-07 12:09:54,941 [Listener at 0.0.0.0/9860] INFO  hdds.HddsUtils (HddsUtils.java:preserveThreadName(843)) - Restoring thread name: Time-limited test
2023-06-07 12:09:54,944 [Time-limited test] INFO  ha.SCMServiceManager (SCMServiceManager.java:register(42)) - Registering service ContainerBalancer.
2023-06-07 12:09:54,944 [Time-limited test] INFO  server.StorageContainerManager (StorageContainerManager.java:<init>(415)) - 
Container Balancer status:
Key                            Value
Running                        false
Container Balancer Configuration values:
Key                                                Value
Threshold                                          10
Max Datanodes to Involve per Iteration(percent)    20
Max Size to Move per Iteration                     500GB
Max Size Entering Target per Iteration             26GB
Max Size Leaving Source per Iteration              26GB

2023-06-07 12:09:54,944 [Time-limited test] INFO  ha.SCMContext (SCMContext.java:updateSafeModeStatus(228)) - Update SafeModeStatus from SafeModeStatus{safeModeStatus=true, preCheckPassed=false} to SafeModeStatus{safeModeStatus=true, preCheckPassed=false}.
2023-06-07 12:09:54,945 [Time-limited test] INFO  impl.DefaultInternalKdcServerImpl (DefaultInternalKdcServerImpl.java:doStop(102)) - Default Internal kdc server stopped.
2023-06-07 12:09:55,945 [Time-limited test] INFO  minikdc.MiniKdc (MiniKdc.java:stop(359)) - MiniKdc stopped.
2023-06-07 12:09:55,946 [Time-limited test] INFO  server.StorageContainerManager (StorageContainerManager.java:stop(1560)) - Container Balancer is not running.
2023-06-07 12:09:55,946 [Time-limited test] INFO  server.StorageContainerManager (StorageContainerManager.java:stopReplicationManager(1691)) - Stopping Replication Manager Service.
2023-06-07 12:09:55,946 [Time-limited test] INFO  replication.ReplicationManager (ReplicationManager.java:stop(332)) - Stopping Replication Monitor Thread.
2023-06-07 12:09:55,946 [Under Replicated Processor] WARN  replication.UnhealthyReplicationProcessor (UnhealthyReplicationProcessor.java:run(167)) - Under Replicated Processor interrupted. Exiting...
2023-06-07 12:09:55,946 [ReplicationMonitor] INFO  replication.ReplicationManager (ReplicationManager.java:run(938)) - Replication Monitor Thread is stopped
2023-06-07 12:09:55,946 [Over Replicated Processor] WARN  replication.UnhealthyReplicationProcessor (UnhealthyReplicationProcessor.java:run(167)) - Over Replicated Processor interrupted. Exiting...
2023-06-07 12:09:55,946 [Time-limited test] INFO  server.StorageContainerManager (StorageContainerManager.java:stop(1569)) - Stopping the Datanode Admin Monitor.
2023-06-07 12:09:55,947 [Time-limited test] INFO  server.StorageContainerManager (StorageContainerManager.java:stop(1576)) - Stopping datanode service RPC server
2023-06-07 12:09:55,947 [Time-limited test] INFO  server.SCMDatanodeProtocolServer (SCMDatanodeProtocolServer.java:stop(424)) - Stopping the RPC server for DataNodes
2023-06-07 12:09:55,947 [Time-limited test] INFO  ipc.Server (Server.java:stop(3501)) - Stopping server on 9861
2023-06-07 12:09:57,897 [SCM Heartbeat Processing Thread - 0] WARN  node.NodeStateManager (NodeStateManager.java:scheduleNextHealthCheck(870)) - Current Thread is interrupted, shutting down HB processing thread for Node Manager.
2023-06-07 12:09:57,897 [Time-limited test] INFO  server.StorageContainerManager (StorageContainerManager.java:stop(1584)) - Stopping block service RPC server
2023-06-07 12:09:57,897 [Time-limited test] INFO  server.SCMBlockProtocolServer (SCMBlockProtocolServer.java:stop(161)) - Stopping the RPC server for Block Protocol
2023-06-07 12:09:57,897 [Time-limited test] INFO  ipc.Server (Server.java:stop(3501)) - Stopping server on 9863
2023-06-07 12:09:57,898 [Time-limited test] INFO  server.StorageContainerManager (StorageContainerManager.java:stop(1591)) - Stopping the StorageContainerLocationProtocol RPC server
2023-06-07 12:09:57,898 [Time-limited test] INFO  server.SCMClientProtocolServer (SCMClientProtocolServer.java:stop(210)) - Stopping the RPC server for Client Protocol
2023-06-07 12:09:57,898 [Time-limited test] INFO  ipc.Server (Server.java:stop(3501)) - Stopping server on 9860
2023-06-07 12:09:57,899 [Time-limited test] INFO  server.StorageContainerManager (StorageContainerManager.java:stop(1598)) - Stopping Storage Container Manager HTTP server.
2023-06-07 12:09:57,899 [Time-limited test] INFO  server.StorageContainerManager (StorageContainerManager.java:stop(1606)) - Stopping SCM LayoutVersionManager Service.
2023-06-07 12:09:57,899 [Time-limited test] INFO  server.SCMSecurityProtocolServer (SCMSecurityProtocolServer.java:stop(403)) - Stopping the SCMSecurityProtocolServer.
2023-06-07 12:09:57,899 [Time-limited test] INFO  ipc.Server (Server.java:stop(3501)) - Stopping server on 9961
2023-06-07 12:09:57,900 [Time-limited test] INFO  server.SCMUpdateServiceGrpcServer (SCMUpdateServiceGrpcServer.java:stop(73)) - SCMUpdateService stopping
2023-06-07 12:09:57,900 [Time-limited test] INFO  server.StorageContainerManager (StorageContainerManager.java:stop(1614)) - Stopping Block Manager Service.
2023-06-07 12:09:57,900 [Time-limited test] INFO  utils.BackgroundService (BackgroundService.java:shutdown(141)) - Shutting down service SCMBlockDeletingService
2023-06-07 12:09:57,900 [Time-limited test] INFO  utils.BackgroundService (BackgroundService.java:shutdown(141)) - Shutting down service SCMBlockDeletingService
2023-06-07 12:09:57,900 [Time-limited test] INFO  server.StorageContainerManager (StorageContainerManager.java:stop(1636)) - Stopping SCM Event Queue.
2023-06-07 12:09:57,900 [Time-limited test] INFO  server.StorageContainerManager (StorageContainerManager.java:stop(1647)) - Stopping SCM HA services.
2023-06-07 12:09:57,900 [Time-limited test] INFO  pipeline.BackgroundPipelineCreator (BackgroundPipelineCreator.java:stop(149)) - Stopping RatisPipelineUtilsThread.
2023-06-07 12:09:57,900 [RatisPipelineUtilsThread - 0] WARN  pipeline.BackgroundPipelineCreator (BackgroundPipelineCreator.java:run(180)) - RatisPipelineUtilsThread is interrupted.
2023-06-07 12:09:57,900 [Time-limited test] INFO  BackgroundPipelineScrubber (BackgroundSCMService.java:stop(131)) - Stopping BackgroundPipelineScrubber Service.
2023-06-07 12:09:57,901 [Time-limited test] WARN  pipeline.BackgroundPipelineCreator (BackgroundPipelineCreator.java:stop(145)) - RatisPipelineUtilsThread is not running, just ignore.
2023-06-07 12:09:57,901 [Time-limited test] INFO  BackgroundPipelineScrubber (BackgroundSCMService.java:stop(126)) - BackgroundPipelineScrubber Service is not running, skip stop.
2023-06-07 12:09:57,901 [BackgroundPipelineScrubberThread] WARN  BackgroundPipelineScrubber (BackgroundSCMService.java:run(115)) - BackgroundPipelineScrubber is interrupted, exit
2023-06-07 12:09:57,901 [ExpiredContainerReplicaOpScrubberThread] WARN  ExpiredContainerReplicaOpScrubber (BackgroundSCMService.java:run(115)) - ExpiredContainerReplicaOpScrubber is interrupted, exit
2023-06-07 12:09:57,901 [Time-limited test] INFO  ExpiredContainerReplicaOpScrubber (BackgroundSCMService.java:stop(131)) - Stopping ExpiredContainerReplicaOpScrubber Service.
2023-06-07 12:09:57,901 [Time-limited test] INFO  utils.BackgroundService (BackgroundService.java:shutdown(141)) - Shutting down service SCMBlockDeletingService
2023-06-07 12:09:57,901 [Time-limited test] INFO  replication.ReplicationManager (ReplicationManager.java:stop(342)) - Replication Monitor Thread is not running.
2023-06-07 12:09:57,901 [Time-limited test] WARN  balancer.ContainerBalancer (ContainerBalancer.java:stop(328)) - Cannot stop Container Balancer because it's not running or stopping
2023-06-07 12:09:57,902 [Time-limited test] INFO  server.StorageContainerManager (StorageContainerManager.java:stop(1682)) - Stopping SCM MetadataStore.
2023-06-07 12:09:57,904 [Time-limited test] INFO  server.SCMSecurityProtocolServer (SCMSecurityProtocolServer.java:join(413)) - Join RPC server for SCMSecurityProtocolServer.
2023-06-07 12:09:57,904 [Time-limited test] INFO  server.SCMSecurityProtocolServer (SCMSecurityProtocolServer.java:join(415)) - Join gRPC server for SCMSecurityProtocolServer.
]]></system-out>
  </testcase>
  <testcase name="testCertificateRotationRecoverableFailure" classname="org.apache.hadoop.ozone.TestSecureOzoneCluster" time="25.235">
    <system-out><![CDATA[2023-06-07 12:09:57,922 [Time-limited test] INFO  net.ServerSocketUtil (ServerSocketUtil.java:getPort(55)) - Using port 9860
2023-06-07 12:09:57,922 [Time-limited test] INFO  net.ServerSocketUtil (ServerSocketUtil.java:getPort(55)) - Using port 9861
2023-06-07 12:09:57,922 [Time-limited test] INFO  net.ServerSocketUtil (ServerSocketUtil.java:getPort(55)) - Using port 9863
2023-06-07 12:09:57,922 [Time-limited test] INFO  net.ServerSocketUtil (ServerSocketUtil.java:getPort(55)) - Using port 9961
2023-06-07 12:09:57,922 [Time-limited test] INFO  net.ServerSocketUtil (ServerSocketUtil.java:getPort(55)) - Using port 1200
2023-06-07 12:09:57,922 [Time-limited test] INFO  net.ServerSocketUtil (ServerSocketUtil.java:getPort(55)) - Using port 1201
2023-06-07 12:09:57,923 [Time-limited test] INFO  minikdc.MiniKdc (MiniKdc.java:<init>(225)) - Configuration:
2023-06-07 12:09:57,923 [Time-limited test] INFO  minikdc.MiniKdc (MiniKdc.java:<init>(226)) - ---------------------------------------------------------------
2023-06-07 12:09:57,923 [Time-limited test] INFO  minikdc.MiniKdc (MiniKdc.java:<init>(228)) -   debug: false
2023-06-07 12:09:57,923 [Time-limited test] INFO  minikdc.MiniKdc (MiniKdc.java:<init>(228)) -   transport: TCP
2023-06-07 12:09:57,923 [Time-limited test] INFO  minikdc.MiniKdc (MiniKdc.java:<init>(228)) -   max.ticket.lifetime: 86400000
2023-06-07 12:09:57,923 [Time-limited test] INFO  minikdc.MiniKdc (MiniKdc.java:<init>(228)) -   org.name: EXAMPLE
2023-06-07 12:09:57,923 [Time-limited test] INFO  minikdc.MiniKdc (MiniKdc.java:<init>(228)) -   kdc.port: 0
2023-06-07 12:09:57,923 [Time-limited test] INFO  minikdc.MiniKdc (MiniKdc.java:<init>(228)) -   org.domain: COM
2023-06-07 12:09:57,923 [Time-limited test] INFO  minikdc.MiniKdc (MiniKdc.java:<init>(228)) -   max.renewable.lifetime: 604800000
2023-06-07 12:09:57,923 [Time-limited test] INFO  minikdc.MiniKdc (MiniKdc.java:<init>(228)) -   instance: DefaultKrbServer
2023-06-07 12:09:57,923 [Time-limited test] INFO  minikdc.MiniKdc (MiniKdc.java:<init>(228)) -   kdc.bind.address: localhost
2023-06-07 12:09:57,923 [Time-limited test] INFO  minikdc.MiniKdc (MiniKdc.java:<init>(230)) - ---------------------------------------------------------------
2023-06-07 12:09:57,927 [Time-limited test] INFO  minikdc.MiniKdc (MiniKdc.java:start(285)) - MiniKdc started.
2023-06-07 12:09:58,069 [Time-limited test] WARN  server.ServerUtils (ServerUtils.java:getDBPath(311)) - ozone.om.db.dirs is not configured. We recommend adding this setting. Falling back to ozone.metadata.dirs instead.
2023-06-07 12:09:58,073 [Time-limited test] INFO  utils.SelfSignedCertificate (SelfSignedCertificate.java:generateCertificate(158)) - Certificate 4058648 is issued by CN=localhost,OU=test,O=cluster to CN=localhost,OU=test,O=cluster, valid from Wed Jun 07 12:09:58 UTC 2023 to Wed Jun 07 12:10:18 UTC 2023
2023-06-07 12:09:58,075 [Time-limited test] INFO  security.OMCertificateClient (DefaultCertificateClient.java:loadAllCertificates(151)) - Loading certificate from location:/tmp/junit5097281189128785141/junit1702462610816655547/om-meta/om/certs.
2023-06-07 12:09:58,076 [Time-limited test] INFO  security.OMCertificateClient (DefaultCertificateClient.java:loadAllCertificates(195)) - Added certificate   [0]         Version: 3
         SerialNumber: 4058648
             IssuerDN: CN=localhost,OU=test,O=cluster
           Start Date: Wed Jun 07 12:09:58 UTC 2023
           Final Date: Wed Jun 07 12:10:18 UTC 2023
            SubjectDN: CN=localhost,OU=test,O=cluster
           Public Key: RSA Public Key [ca:89:e5:59:e6:74:93:71:ab:5d:69:53:f8:77:e5:dc:9b:32:3d:3d],[56:66:d1:a4]
        modulus: 956ffef4362d9d3fc208e6751fec2ff9023d0690183016b56222d7e9fde4fc47a8420e39a87fb16887471f24cd73974eb7bdc15fffa4a08d4090b151736a5ca5ef56dc933afc0f8ff1d43aebd3f94952a3d640a090f23e535fa4c1dec88435a9e1212dbd1d66cde640e37efca5b528adb2d70bfb8e64e63824de042c00b65d91e583f95f00460013684eded81af00b9a34c8f3ad7d64c27b089d7321aa42bdf42385da97127540857d284f47deebef43f35e2357eb2e3d36988a1f8e1fce0cbfcedb4a930f067ab1e7a59d23cfa93bd912ede91cecf5c9d25ae31589c402c819352f5d0e5d7989f420b7df5d7cbf4d5333b3d4afdc3ecab51de9273e0b80afdb
public exponent: 10001

  Signature Algorithm: SHA256WITHRSA
            Signature: 8e841a2a137e0aa8b80c366ca3d493791b03a284
                       880684ba0cf04f70b8f269d49a89a677818c2c8b
                       554e51046933a89d5b80b948489c4ca8e1a980e7
                       af24650c48727c8bbfd6cd85a8e9e3e7423151dc
                       1e6be6c637533c2fef62e1d1d812439cafe3e130
                       d0170620b1438165883feba62998d09ee78393e2
                       223672666c47580a779d3df0bfbfef05f786ded2
                       2fad6fcab53024a56697d9b6ee17f2bdd9309ca4
                       d49c966da5291ac044522452da67f8374698703d
                       ec583ba18d09f20195377a5808c5998d435a8d34
                       f5b133f71a447d43fe54cfc213e730e3b2e72c08
                       5e22cba7cf915089cff9925f8999875058308f56
                       411c69b4a10b1e0f2e068ca4cf10f889
 from file:/tmp/junit5097281189128785141/junit1702462610816655547/om-meta/om/certs/certificate.crt.
2023-06-07 12:09:58,076 [Time-limited test] INFO  security.OMCertificateClient (DefaultCertificateClient.java:startCertificateMonitor(1208)) - CertificateLifetimeMonitor for om is started with first delay 9924 ms and interval 3333 ms.
2023-06-07 12:09:58,077 [Time-limited test] INFO  om.OzoneManager (OzoneManager.java:getOmDetailsProto(4485)) - OzoneManager ports added:[name: "RPC"
value: 1202
]
2023-06-07 12:09:58,077 [Time-limited test] INFO  security.OMCertificateClient (DefaultCertificateClient.java:init(650)) - Certificate client init case: 7
2023-06-07 12:09:58,077 [Time-limited test] INFO  security.OMCertificateClient (CommonCertificateClient.java:handleCase(104)) - Found certificate file along with KeyPair.
2023-06-07 12:09:58,088 [Time-limited test] INFO  security.OMCertificateClient (DefaultCertificateClient.java:validateKeyPairAndCertificate(748)) - Keypair validated.
2023-06-07 12:09:58,091 [Time-limited test] INFO  security.OMCertificateClient (DefaultCertificateClient.java:validateKeyPairAndCertificate(751)) - Keypair validated with certificate.
2023-06-07 12:09:58,112 [Time-limited test] INFO  utils.SelfSignedCertificate (SelfSignedCertificate.java:generateCertificate(158)) - Certificate 4058688 is issued by CN=localhost,OU=test,O=cluster to CN=localhost,OU=test,O=cluster, valid from Wed Jun 07 12:10:08 UTC 2023 to Wed Jun 07 12:10:28 UTC 2023
2023-06-07 12:10:08,001 [om-CertificateLifetimeMonitor] INFO  security.OMCertificateClient (DefaultCertificateClient.java:run(1238)) - Current certificate has entered the expiry grace period PT0S. Starting renew key and certs.
2023-06-07 12:10:08,164 [om-CertificateLifetimeMonitor] INFO  ozone.OzoneSecurityUtil (OzoneSecurityUtil.java:getValidInetsForCurrentHost(118)) - ip:fe80:0:0:0:20d:3aff:fe5e:ae76%eth0 not returned.
2023-06-07 12:10:08,164 [om-CertificateLifetimeMonitor] INFO  ozone.OzoneSecurityUtil (OzoneSecurityUtil.java:getValidInetsForCurrentHost(115)) - Adding ip:10.1.0.7,host:fv-az83-744
2023-06-07 12:10:08,164 [om-CertificateLifetimeMonitor] INFO  ozone.OzoneSecurityUtil (OzoneSecurityUtil.java:getValidInetsForCurrentHost(118)) - ip:0:0:0:0:0:0:0:1%lo not returned.
2023-06-07 12:10:08,164 [om-CertificateLifetimeMonitor] INFO  ozone.OzoneSecurityUtil (OzoneSecurityUtil.java:getValidInetsForCurrentHost(118)) - ip:127.0.0.1 not returned.
2023-06-07 12:10:08,164 [om-CertificateLifetimeMonitor] ERROR utils.CertificateSignRequest (CertificateSignRequest.java:lambda$addInetAddresses$0(296)) - Invalid domain fv-az83-744
2023-06-07 12:10:08,164 [om-CertificateLifetimeMonitor] INFO  ha.OMHANodeDetails (OMHANodeDetails.java:loadOMHAConfig(115)) - ozone.om.internal.service.id is not defined, falling back to ozone.om.service.ids to find serviceID for OzoneManager if it is HA enabled cluster
2023-06-07 12:10:08,165 [om-CertificateLifetimeMonitor] INFO  ha.OMHANodeDetails (OMHANodeDetails.java:loadOMHAConfig(226)) - Configuration does not have ozone.om.address set. Falling back to the default OM address fv-az83-744/10.1.0.7:1202
2023-06-07 12:10:08,165 [om-CertificateLifetimeMonitor] INFO  ha.OMHANodeDetails (OMHANodeDetails.java:getOMNodeDetailsForNonHA(254)) - OM Service ID is not set. Setting it to the default ID: omServiceIdDefault
2023-06-07 12:10:08,165 [om-CertificateLifetimeMonitor] INFO  ha.OMHANodeDetails (OMHANodeDetails.java:getOMNodeDetailsForNonHA(261)) - OM Node ID is not set. Setting it to the default ID: om1
2023-06-07 12:10:08,165 [om-CertificateLifetimeMonitor] INFO  security.OMCertificateClient (OMCertificateClient.java:getCSRBuilder(117)) - Creating csr for OM->dns:fv-az83-744,ip:10.1.0.7,scmId:f4d1fdee-f94c-420e-9e66-25a316aba04d,clusterId:6779412c-024c-4c0c-90d3-da501761ff87,subject:fv-az83-744
2023-06-07 12:10:08,168 [om-CertificateLifetimeMonitor] ERROR security.OMCertificateClient (OMCertificateClient.java:signAndStoreCertificate(154)) - Error while signing and storing SCM signed certificate.
org.apache.hadoop.hdds.security.x509.exception.CertificateException: Unable to retrieve OM certificate chain.
	at org.apache.hadoop.ozone.security.OMCertificateClient.signAndStoreCertificate(OMCertificateClient.java:150)
	at org.apache.hadoop.hdds.security.x509.certificate.client.DefaultCertificateClient.renewAndStoreKeyAndCertificate(DefaultCertificateClient.java:991)
	at org.apache.hadoop.hdds.security.x509.certificate.client.DefaultCertificateClient$CertificateLifetimeMonitor.run(DefaultCertificateClient.java:1241)
	at java.util.concurrent.Executors$RunnableAdapter.call(Executors.java:511)
	at java.util.concurrent.FutureTask.runAndReset(FutureTask.java:308)
	at java.util.concurrent.ScheduledThreadPoolExecutor$ScheduledFutureTask.access$301(ScheduledThreadPoolExecutor.java:180)
	at java.util.concurrent.ScheduledThreadPoolExecutor$ScheduledFutureTask.run(ScheduledThreadPoolExecutor.java:294)
	at java.util.concurrent.ThreadPoolExecutor.runWorker(ThreadPoolExecutor.java:1149)
	at java.util.concurrent.ThreadPoolExecutor$Worker.run(ThreadPoolExecutor.java:624)
	at java.lang.Thread.run(Thread.java:750)
2023-06-07 12:10:08,169 [om-CertificateLifetimeMonitor] ERROR security.OMCertificateClient (DefaultCertificateClient.java:run(1251)) - Failed to renew and store key and cert. Keep using existing certificates.
org.apache.hadoop.hdds.security.x509.exception.CertificateException: Error while signing and storing new certificates.
	at org.apache.hadoop.hdds.security.x509.certificate.client.DefaultCertificateClient.renewAndStoreKeyAndCertificate(DefaultCertificateClient.java:994)
	at org.apache.hadoop.hdds.security.x509.certificate.client.DefaultCertificateClient$CertificateLifetimeMonitor.run(DefaultCertificateClient.java:1241)
	at java.util.concurrent.Executors$RunnableAdapter.call(Executors.java:511)
	at java.util.concurrent.FutureTask.runAndReset(FutureTask.java:308)
	at java.util.concurrent.ScheduledThreadPoolExecutor$ScheduledFutureTask.access$301(ScheduledThreadPoolExecutor.java:180)
	at java.util.concurrent.ScheduledThreadPoolExecutor$ScheduledFutureTask.run(ScheduledThreadPoolExecutor.java:294)
	at java.util.concurrent.ThreadPoolExecutor.runWorker(ThreadPoolExecutor.java:1149)
	at java.util.concurrent.ThreadPoolExecutor$Worker.run(ThreadPoolExecutor.java:624)
	at java.lang.Thread.run(Thread.java:750)
Caused by: org.apache.hadoop.hdds.security.x509.exception.CertificateException: Error while signing and storing SCM signed certificate.
	at org.apache.hadoop.ozone.security.OMCertificateClient.signAndStoreCertificate(OMCertificateClient.java:155)
	at org.apache.hadoop.hdds.security.x509.certificate.client.DefaultCertificateClient.renewAndStoreKeyAndCertificate(DefaultCertificateClient.java:991)
	... 8 more
Caused by: org.apache.hadoop.hdds.security.x509.exception.CertificateException: Unable to retrieve OM certificate chain.
	at org.apache.hadoop.ozone.security.OMCertificateClient.signAndStoreCertificate(OMCertificateClient.java:150)
	... 9 more
2023-06-07 12:10:11,334 [om-CertificateLifetimeMonitor] INFO  security.OMCertificateClient (DefaultCertificateClient.java:run(1238)) - Current certificate has entered the expiry grace period PT0S. Starting renew key and certs.
2023-06-07 12:10:11,489 [om-CertificateLifetimeMonitor] INFO  ozone.OzoneSecurityUtil (OzoneSecurityUtil.java:getValidInetsForCurrentHost(118)) - ip:fe80:0:0:0:20d:3aff:fe5e:ae76%eth0 not returned.
2023-06-07 12:10:11,489 [om-CertificateLifetimeMonitor] INFO  ozone.OzoneSecurityUtil (OzoneSecurityUtil.java:getValidInetsForCurrentHost(115)) - Adding ip:10.1.0.7,host:fv-az83-744
2023-06-07 12:10:11,489 [om-CertificateLifetimeMonitor] INFO  ozone.OzoneSecurityUtil (OzoneSecurityUtil.java:getValidInetsForCurrentHost(118)) - ip:0:0:0:0:0:0:0:1%lo not returned.
2023-06-07 12:10:11,489 [om-CertificateLifetimeMonitor] INFO  ozone.OzoneSecurityUtil (OzoneSecurityUtil.java:getValidInetsForCurrentHost(118)) - ip:127.0.0.1 not returned.
2023-06-07 12:10:11,489 [om-CertificateLifetimeMonitor] ERROR utils.CertificateSignRequest (CertificateSignRequest.java:lambda$addInetAddresses$0(296)) - Invalid domain fv-az83-744
2023-06-07 12:10:11,489 [om-CertificateLifetimeMonitor] INFO  ha.OMHANodeDetails (OMHANodeDetails.java:loadOMHAConfig(115)) - ozone.om.internal.service.id is not defined, falling back to ozone.om.service.ids to find serviceID for OzoneManager if it is HA enabled cluster
2023-06-07 12:10:11,489 [om-CertificateLifetimeMonitor] INFO  ha.OMHANodeDetails (OMHANodeDetails.java:loadOMHAConfig(226)) - Configuration does not have ozone.om.address set. Falling back to the default OM address fv-az83-744/10.1.0.7:1202
2023-06-07 12:10:11,489 [om-CertificateLifetimeMonitor] INFO  ha.OMHANodeDetails (OMHANodeDetails.java:getOMNodeDetailsForNonHA(254)) - OM Service ID is not set. Setting it to the default ID: omServiceIdDefault
2023-06-07 12:10:11,489 [om-CertificateLifetimeMonitor] INFO  ha.OMHANodeDetails (OMHANodeDetails.java:getOMNodeDetailsForNonHA(261)) - OM Node ID is not set. Setting it to the default ID: om1
2023-06-07 12:10:11,489 [om-CertificateLifetimeMonitor] INFO  security.OMCertificateClient (OMCertificateClient.java:getCSRBuilder(117)) - Creating csr for OM->dns:fv-az83-744,ip:10.1.0.7,scmId:f4d1fdee-f94c-420e-9e66-25a316aba04d,clusterId:6779412c-024c-4c0c-90d3-da501761ff87,subject:fv-az83-744
2023-06-07 12:10:11,492 [om-CertificateLifetimeMonitor] ERROR security.OMCertificateClient (OMCertificateClient.java:signAndStoreCertificate(154)) - Error while signing and storing SCM signed certificate.
org.apache.hadoop.hdds.security.x509.exception.CertificateException: Unable to retrieve OM certificate chain.
	at org.apache.hadoop.ozone.security.OMCertificateClient.signAndStoreCertificate(OMCertificateClient.java:150)
	at org.apache.hadoop.hdds.security.x509.certificate.client.DefaultCertificateClient.renewAndStoreKeyAndCertificate(DefaultCertificateClient.java:991)
	at org.apache.hadoop.hdds.security.x509.certificate.client.DefaultCertificateClient$CertificateLifetimeMonitor.run(DefaultCertificateClient.java:1241)
	at java.util.concurrent.Executors$RunnableAdapter.call(Executors.java:511)
	at java.util.concurrent.FutureTask.runAndReset(FutureTask.java:308)
	at java.util.concurrent.ScheduledThreadPoolExecutor$ScheduledFutureTask.access$301(ScheduledThreadPoolExecutor.java:180)
	at java.util.concurrent.ScheduledThreadPoolExecutor$ScheduledFutureTask.run(ScheduledThreadPoolExecutor.java:294)
	at java.util.concurrent.ThreadPoolExecutor.runWorker(ThreadPoolExecutor.java:1149)
	at java.util.concurrent.ThreadPoolExecutor$Worker.run(ThreadPoolExecutor.java:624)
	at java.lang.Thread.run(Thread.java:750)
2023-06-07 12:10:11,492 [om-CertificateLifetimeMonitor] ERROR security.OMCertificateClient (DefaultCertificateClient.java:run(1251)) - Failed to renew and store key and cert. Keep using existing certificates.
org.apache.hadoop.hdds.security.x509.exception.CertificateException: Error while signing and storing new certificates.
	at org.apache.hadoop.hdds.security.x509.certificate.client.DefaultCertificateClient.renewAndStoreKeyAndCertificate(DefaultCertificateClient.java:994)
	at org.apache.hadoop.hdds.security.x509.certificate.client.DefaultCertificateClient$CertificateLifetimeMonitor.run(DefaultCertificateClient.java:1241)
	at java.util.concurrent.Executors$RunnableAdapter.call(Executors.java:511)
	at java.util.concurrent.FutureTask.runAndReset(FutureTask.java:308)
	at java.util.concurrent.ScheduledThreadPoolExecutor$ScheduledFutureTask.access$301(ScheduledThreadPoolExecutor.java:180)
	at java.util.concurrent.ScheduledThreadPoolExecutor$ScheduledFutureTask.run(ScheduledThreadPoolExecutor.java:294)
	at java.util.concurrent.ThreadPoolExecutor.runWorker(ThreadPoolExecutor.java:1149)
	at java.util.concurrent.ThreadPoolExecutor$Worker.run(ThreadPoolExecutor.java:624)
	at java.lang.Thread.run(Thread.java:750)
Caused by: org.apache.hadoop.hdds.security.x509.exception.CertificateException: Error while signing and storing SCM signed certificate.
	at org.apache.hadoop.ozone.security.OMCertificateClient.signAndStoreCertificate(OMCertificateClient.java:155)
	at org.apache.hadoop.hdds.security.x509.certificate.client.DefaultCertificateClient.renewAndStoreKeyAndCertificate(DefaultCertificateClient.java:991)
	... 8 more
Caused by: org.apache.hadoop.hdds.security.x509.exception.CertificateException: Unable to retrieve OM certificate chain.
	at org.apache.hadoop.ozone.security.OMCertificateClient.signAndStoreCertificate(OMCertificateClient.java:150)
	... 9 more
2023-06-07 12:10:14,667 [om-CertificateLifetimeMonitor] INFO  security.OMCertificateClient (DefaultCertificateClient.java:run(1238)) - Current certificate has entered the expiry grace period PT0S. Starting renew key and certs.
2023-06-07 12:10:14,864 [om-CertificateLifetimeMonitor] INFO  ozone.OzoneSecurityUtil (OzoneSecurityUtil.java:getValidInetsForCurrentHost(118)) - ip:fe80:0:0:0:20d:3aff:fe5e:ae76%eth0 not returned.
2023-06-07 12:10:14,864 [om-CertificateLifetimeMonitor] INFO  ozone.OzoneSecurityUtil (OzoneSecurityUtil.java:getValidInetsForCurrentHost(115)) - Adding ip:10.1.0.7,host:fv-az83-744
2023-06-07 12:10:14,864 [om-CertificateLifetimeMonitor] INFO  ozone.OzoneSecurityUtil (OzoneSecurityUtil.java:getValidInetsForCurrentHost(118)) - ip:0:0:0:0:0:0:0:1%lo not returned.
2023-06-07 12:10:14,864 [om-CertificateLifetimeMonitor] INFO  ozone.OzoneSecurityUtil (OzoneSecurityUtil.java:getValidInetsForCurrentHost(118)) - ip:127.0.0.1 not returned.
2023-06-07 12:10:14,864 [om-CertificateLifetimeMonitor] ERROR utils.CertificateSignRequest (CertificateSignRequest.java:lambda$addInetAddresses$0(296)) - Invalid domain fv-az83-744
2023-06-07 12:10:14,864 [om-CertificateLifetimeMonitor] INFO  ha.OMHANodeDetails (OMHANodeDetails.java:loadOMHAConfig(115)) - ozone.om.internal.service.id is not defined, falling back to ozone.om.service.ids to find serviceID for OzoneManager if it is HA enabled cluster
2023-06-07 12:10:14,865 [om-CertificateLifetimeMonitor] INFO  ha.OMHANodeDetails (OMHANodeDetails.java:loadOMHAConfig(226)) - Configuration does not have ozone.om.address set. Falling back to the default OM address fv-az83-744/10.1.0.7:1202
2023-06-07 12:10:14,865 [om-CertificateLifetimeMonitor] INFO  ha.OMHANodeDetails (OMHANodeDetails.java:getOMNodeDetailsForNonHA(254)) - OM Service ID is not set. Setting it to the default ID: omServiceIdDefault
2023-06-07 12:10:14,865 [om-CertificateLifetimeMonitor] INFO  ha.OMHANodeDetails (OMHANodeDetails.java:getOMNodeDetailsForNonHA(261)) - OM Node ID is not set. Setting it to the default ID: om1
2023-06-07 12:10:14,865 [om-CertificateLifetimeMonitor] INFO  security.OMCertificateClient (OMCertificateClient.java:getCSRBuilder(117)) - Creating csr for OM->dns:fv-az83-744,ip:10.1.0.7,scmId:f4d1fdee-f94c-420e-9e66-25a316aba04d,clusterId:6779412c-024c-4c0c-90d3-da501761ff87,subject:fv-az83-744
2023-06-07 12:10:14,867 [om-CertificateLifetimeMonitor] ERROR security.OMCertificateClient (OMCertificateClient.java:signAndStoreCertificate(154)) - Error while signing and storing SCM signed certificate.
org.apache.hadoop.hdds.security.x509.exception.CertificateException: Unable to retrieve OM certificate chain.
	at org.apache.hadoop.ozone.security.OMCertificateClient.signAndStoreCertificate(OMCertificateClient.java:150)
	at org.apache.hadoop.hdds.security.x509.certificate.client.DefaultCertificateClient.renewAndStoreKeyAndCertificate(DefaultCertificateClient.java:991)
	at org.apache.hadoop.hdds.security.x509.certificate.client.DefaultCertificateClient$CertificateLifetimeMonitor.run(DefaultCertificateClient.java:1241)
	at java.util.concurrent.Executors$RunnableAdapter.call(Executors.java:511)
	at java.util.concurrent.FutureTask.runAndReset(FutureTask.java:308)
	at java.util.concurrent.ScheduledThreadPoolExecutor$ScheduledFutureTask.access$301(ScheduledThreadPoolExecutor.java:180)
	at java.util.concurrent.ScheduledThreadPoolExecutor$ScheduledFutureTask.run(ScheduledThreadPoolExecutor.java:294)
	at java.util.concurrent.ThreadPoolExecutor.runWorker(ThreadPoolExecutor.java:1149)
	at java.util.concurrent.ThreadPoolExecutor$Worker.run(ThreadPoolExecutor.java:624)
	at java.lang.Thread.run(Thread.java:750)
2023-06-07 12:10:14,867 [om-CertificateLifetimeMonitor] ERROR security.OMCertificateClient (DefaultCertificateClient.java:run(1251)) - Failed to renew and store key and cert. Keep using existing certificates.
org.apache.hadoop.hdds.security.x509.exception.CertificateException: Error while signing and storing new certificates.
	at org.apache.hadoop.hdds.security.x509.certificate.client.DefaultCertificateClient.renewAndStoreKeyAndCertificate(DefaultCertificateClient.java:994)
	at org.apache.hadoop.hdds.security.x509.certificate.client.DefaultCertificateClient$CertificateLifetimeMonitor.run(DefaultCertificateClient.java:1241)
	at java.util.concurrent.Executors$RunnableAdapter.call(Executors.java:511)
	at java.util.concurrent.FutureTask.runAndReset(FutureTask.java:308)
	at java.util.concurrent.ScheduledThreadPoolExecutor$ScheduledFutureTask.access$301(ScheduledThreadPoolExecutor.java:180)
	at java.util.concurrent.ScheduledThreadPoolExecutor$ScheduledFutureTask.run(ScheduledThreadPoolExecutor.java:294)
	at java.util.concurrent.ThreadPoolExecutor.runWorker(ThreadPoolExecutor.java:1149)
	at java.util.concurrent.ThreadPoolExecutor$Worker.run(ThreadPoolExecutor.java:624)
	at java.lang.Thread.run(Thread.java:750)
Caused by: org.apache.hadoop.hdds.security.x509.exception.CertificateException: Error while signing and storing SCM signed certificate.
	at org.apache.hadoop.ozone.security.OMCertificateClient.signAndStoreCertificate(OMCertificateClient.java:155)
	at org.apache.hadoop.hdds.security.x509.certificate.client.DefaultCertificateClient.renewAndStoreKeyAndCertificate(DefaultCertificateClient.java:991)
	... 8 more
Caused by: org.apache.hadoop.hdds.security.x509.exception.CertificateException: Unable to retrieve OM certificate chain.
	at org.apache.hadoop.ozone.security.OMCertificateClient.signAndStoreCertificate(OMCertificateClient.java:150)
	... 9 more
2023-06-07 12:10:18,000 [om-CertificateLifetimeMonitor] INFO  security.OMCertificateClient (DefaultCertificateClient.java:run(1238)) - Current certificate has entered the expiry grace period PT0S. Starting renew key and certs.
2023-06-07 12:10:18,096 [om-CertificateLifetimeMonitor] INFO  ozone.OzoneSecurityUtil (OzoneSecurityUtil.java:getValidInetsForCurrentHost(118)) - ip:fe80:0:0:0:20d:3aff:fe5e:ae76%eth0 not returned.
2023-06-07 12:10:18,096 [om-CertificateLifetimeMonitor] INFO  ozone.OzoneSecurityUtil (OzoneSecurityUtil.java:getValidInetsForCurrentHost(115)) - Adding ip:10.1.0.7,host:fv-az83-744
2023-06-07 12:10:18,096 [om-CertificateLifetimeMonitor] INFO  ozone.OzoneSecurityUtil (OzoneSecurityUtil.java:getValidInetsForCurrentHost(118)) - ip:0:0:0:0:0:0:0:1%lo not returned.
2023-06-07 12:10:18,096 [om-CertificateLifetimeMonitor] INFO  ozone.OzoneSecurityUtil (OzoneSecurityUtil.java:getValidInetsForCurrentHost(118)) - ip:127.0.0.1 not returned.
2023-06-07 12:10:18,096 [om-CertificateLifetimeMonitor] ERROR utils.CertificateSignRequest (CertificateSignRequest.java:lambda$addInetAddresses$0(296)) - Invalid domain fv-az83-744
2023-06-07 12:10:18,096 [om-CertificateLifetimeMonitor] INFO  ha.OMHANodeDetails (OMHANodeDetails.java:loadOMHAConfig(115)) - ozone.om.internal.service.id is not defined, falling back to ozone.om.service.ids to find serviceID for OzoneManager if it is HA enabled cluster
2023-06-07 12:10:18,097 [om-CertificateLifetimeMonitor] INFO  ha.OMHANodeDetails (OMHANodeDetails.java:loadOMHAConfig(226)) - Configuration does not have ozone.om.address set. Falling back to the default OM address fv-az83-744/10.1.0.7:1202
2023-06-07 12:10:18,097 [om-CertificateLifetimeMonitor] INFO  ha.OMHANodeDetails (OMHANodeDetails.java:getOMNodeDetailsForNonHA(254)) - OM Service ID is not set. Setting it to the default ID: omServiceIdDefault
2023-06-07 12:10:18,097 [om-CertificateLifetimeMonitor] INFO  ha.OMHANodeDetails (OMHANodeDetails.java:getOMNodeDetailsForNonHA(261)) - OM Node ID is not set. Setting it to the default ID: om1
2023-06-07 12:10:18,097 [om-CertificateLifetimeMonitor] INFO  security.OMCertificateClient (OMCertificateClient.java:getCSRBuilder(117)) - Creating csr for OM->dns:fv-az83-744,ip:10.1.0.7,scmId:f4d1fdee-f94c-420e-9e66-25a316aba04d,clusterId:6779412c-024c-4c0c-90d3-da501761ff87,subject:fv-az83-744
2023-06-07 12:10:18,099 [om-CertificateLifetimeMonitor] ERROR security.OMCertificateClient (OMCertificateClient.java:signAndStoreCertificate(154)) - Error while signing and storing SCM signed certificate.
org.apache.hadoop.hdds.security.x509.exception.CertificateException: Unable to retrieve OM certificate chain.
	at org.apache.hadoop.ozone.security.OMCertificateClient.signAndStoreCertificate(OMCertificateClient.java:150)
	at org.apache.hadoop.hdds.security.x509.certificate.client.DefaultCertificateClient.renewAndStoreKeyAndCertificate(DefaultCertificateClient.java:991)
	at org.apache.hadoop.hdds.security.x509.certificate.client.DefaultCertificateClient$CertificateLifetimeMonitor.run(DefaultCertificateClient.java:1241)
	at java.util.concurrent.Executors$RunnableAdapter.call(Executors.java:511)
	at java.util.concurrent.FutureTask.runAndReset(FutureTask.java:308)
	at java.util.concurrent.ScheduledThreadPoolExecutor$ScheduledFutureTask.access$301(ScheduledThreadPoolExecutor.java:180)
	at java.util.concurrent.ScheduledThreadPoolExecutor$ScheduledFutureTask.run(ScheduledThreadPoolExecutor.java:294)
	at java.util.concurrent.ThreadPoolExecutor.runWorker(ThreadPoolExecutor.java:1149)
	at java.util.concurrent.ThreadPoolExecutor$Worker.run(ThreadPoolExecutor.java:624)
	at java.lang.Thread.run(Thread.java:750)
2023-06-07 12:10:18,099 [om-CertificateLifetimeMonitor] ERROR security.OMCertificateClient (DefaultCertificateClient.java:run(1251)) - Failed to renew and store key and cert. Keep using existing certificates.
org.apache.hadoop.hdds.security.x509.exception.CertificateException: Error while signing and storing new certificates.
	at org.apache.hadoop.hdds.security.x509.certificate.client.DefaultCertificateClient.renewAndStoreKeyAndCertificate(DefaultCertificateClient.java:994)
	at org.apache.hadoop.hdds.security.x509.certificate.client.DefaultCertificateClient$CertificateLifetimeMonitor.run(DefaultCertificateClient.java:1241)
	at java.util.concurrent.Executors$RunnableAdapter.call(Executors.java:511)
	at java.util.concurrent.FutureTask.runAndReset(FutureTask.java:308)
	at java.util.concurrent.ScheduledThreadPoolExecutor$ScheduledFutureTask.access$301(ScheduledThreadPoolExecutor.java:180)
	at java.util.concurrent.ScheduledThreadPoolExecutor$ScheduledFutureTask.run(ScheduledThreadPoolExecutor.java:294)
	at java.util.concurrent.ThreadPoolExecutor.runWorker(ThreadPoolExecutor.java:1149)
	at java.util.concurrent.ThreadPoolExecutor$Worker.run(ThreadPoolExecutor.java:624)
	at java.lang.Thread.run(Thread.java:750)
Caused by: org.apache.hadoop.hdds.security.x509.exception.CertificateException: Error while signing and storing SCM signed certificate.
	at org.apache.hadoop.ozone.security.OMCertificateClient.signAndStoreCertificate(OMCertificateClient.java:155)
	at org.apache.hadoop.hdds.security.x509.certificate.client.DefaultCertificateClient.renewAndStoreKeyAndCertificate(DefaultCertificateClient.java:991)
	... 8 more
Caused by: org.apache.hadoop.hdds.security.x509.exception.CertificateException: Unable to retrieve OM certificate chain.
	at org.apache.hadoop.ozone.security.OMCertificateClient.signAndStoreCertificate(OMCertificateClient.java:150)
	... 9 more
2023-06-07 12:10:18,136 [Time-limited test] INFO  utils.SelfSignedCertificate (SelfSignedCertificate.java:generateCertificate(158)) - Certificate 4078713 is issued by CN=localhost,OU=test,O=cluster to CN=localhost,OU=test,O=cluster, valid from Wed Jun 07 12:10:18 UTC 2023 to Wed Jun 07 12:10:38 UTC 2023
2023-06-07 12:10:21,333 [om-CertificateLifetimeMonitor] INFO  security.OMCertificateClient (DefaultCertificateClient.java:run(1238)) - Current certificate has entered the expiry grace period PT0S. Starting renew key and certs.
2023-06-07 12:10:21,773 [om-CertificateLifetimeMonitor] INFO  ozone.OzoneSecurityUtil (OzoneSecurityUtil.java:getValidInetsForCurrentHost(118)) - ip:fe80:0:0:0:20d:3aff:fe5e:ae76%eth0 not returned.
2023-06-07 12:10:21,774 [om-CertificateLifetimeMonitor] INFO  ozone.OzoneSecurityUtil (OzoneSecurityUtil.java:getValidInetsForCurrentHost(115)) - Adding ip:10.1.0.7,host:fv-az83-744
2023-06-07 12:10:21,774 [om-CertificateLifetimeMonitor] INFO  ozone.OzoneSecurityUtil (OzoneSecurityUtil.java:getValidInetsForCurrentHost(118)) - ip:0:0:0:0:0:0:0:1%lo not returned.
2023-06-07 12:10:21,774 [om-CertificateLifetimeMonitor] INFO  ozone.OzoneSecurityUtil (OzoneSecurityUtil.java:getValidInetsForCurrentHost(118)) - ip:127.0.0.1 not returned.
2023-06-07 12:10:21,774 [om-CertificateLifetimeMonitor] ERROR utils.CertificateSignRequest (CertificateSignRequest.java:lambda$addInetAddresses$0(296)) - Invalid domain fv-az83-744
2023-06-07 12:10:21,774 [om-CertificateLifetimeMonitor] INFO  ha.OMHANodeDetails (OMHANodeDetails.java:loadOMHAConfig(115)) - ozone.om.internal.service.id is not defined, falling back to ozone.om.service.ids to find serviceID for OzoneManager if it is HA enabled cluster
2023-06-07 12:10:21,774 [om-CertificateLifetimeMonitor] INFO  ha.OMHANodeDetails (OMHANodeDetails.java:loadOMHAConfig(226)) - Configuration does not have ozone.om.address set. Falling back to the default OM address fv-az83-744/10.1.0.7:1202
2023-06-07 12:10:21,774 [om-CertificateLifetimeMonitor] INFO  ha.OMHANodeDetails (OMHANodeDetails.java:getOMNodeDetailsForNonHA(254)) - OM Service ID is not set. Setting it to the default ID: omServiceIdDefault
2023-06-07 12:10:21,774 [om-CertificateLifetimeMonitor] INFO  ha.OMHANodeDetails (OMHANodeDetails.java:getOMNodeDetailsForNonHA(261)) - OM Node ID is not set. Setting it to the default ID: om1
2023-06-07 12:10:21,774 [om-CertificateLifetimeMonitor] INFO  security.OMCertificateClient (OMCertificateClient.java:getCSRBuilder(117)) - Creating csr for OM->dns:fv-az83-744,ip:10.1.0.7,scmId:f4d1fdee-f94c-420e-9e66-25a316aba04d,clusterId:6779412c-024c-4c0c-90d3-da501761ff87,subject:fv-az83-744
2023-06-07 12:10:21,777 [om-CertificateLifetimeMonitor] INFO  security.OMCertificateClient (DefaultCertificateClient.java:renewAndStoreKeyAndCertificate(1070)) - Successful renew key and certificate. New certificate 4078713.
2023-06-07 12:10:21,777 [om-CertificateLifetimeMonitor] INFO  security.OMCertificateClient (DefaultCertificateClient.java:loadAllCertificates(151)) - Loading certificate from location:/tmp/junit5097281189128785141/junit1702462610816655547/om-meta/om/certs.
2023-06-07 12:10:21,778 [om-CertificateLifetimeMonitor] INFO  security.OMCertificateClient (DefaultCertificateClient.java:loadAllCertificates(195)) - Added certificate   [0]         Version: 3
         SerialNumber: 4078713
             IssuerDN: CN=localhost,OU=test,O=cluster
           Start Date: Wed Jun 07 12:10:18 UTC 2023
           Final Date: Wed Jun 07 12:10:38 UTC 2023
            SubjectDN: CN=localhost,OU=test,O=cluster
           Public Key: RSA Public Key [82:b7:08:8a:92:56:5b:e9:3e:f2:0d:4c:68:fc:22:c8:5d:bb:d8:7a],[56:66:d1:a4]
        modulus: ab260c1a5c7a524872fb2177f12b64a60dc97a484adfe6fd90d02516dd426a91d89366b9336de8b9f4bbccb02ae250e62d49eae87496c8b13eac1ebf2f735a18e9be5b588c851ec7c333bcef30a6505b72ada0625e585ee31b71e6dfb16bb95836a5761248ad2fa0c4df29c2bab3834708a787f7b6bb6e1acbe09a4f44c404f1
public exponent: 10001

  Signature Algorithm: SHA256WITHRSA
            Signature: 6347669c6064f2e684e35267323d1ef5c92294cb
                       0f60abef11fa29b43b780223c4b6b30b1635030c
                       ec1842c5dc98570ee6ba1450f3d64a4ba16274c8
                       29e3961f62b27949d2dbb43407411b74963e1450
                       a23a79591a3257df226f323e6477bb57929d592f
                       5420c26df58846f98effd518552e46e48135de98
                       133e56d21de77a1a
 from file:/tmp/junit5097281189128785141/junit1702462610816655547/om-meta/om/certs/CA-4078713.crt.
2023-06-07 12:10:21,779 [om-CertificateLifetimeMonitor] INFO  security.OMCertificateClient (DefaultCertificateClient.java:loadAllCertificates(195)) - Added certificate   [0]         Version: 3
         SerialNumber: 4078713
             IssuerDN: CN=localhost,OU=test,O=cluster
           Start Date: Wed Jun 07 12:10:18 UTC 2023
           Final Date: Wed Jun 07 12:10:38 UTC 2023
            SubjectDN: CN=localhost,OU=test,O=cluster
           Public Key: RSA Public Key [82:b7:08:8a:92:56:5b:e9:3e:f2:0d:4c:68:fc:22:c8:5d:bb:d8:7a],[56:66:d1:a4]
        modulus: ab260c1a5c7a524872fb2177f12b64a60dc97a484adfe6fd90d02516dd426a91d89366b9336de8b9f4bbccb02ae250e62d49eae87496c8b13eac1ebf2f735a18e9be5b588c851ec7c333bcef30a6505b72ada0625e585ee31b71e6dfb16bb95836a5761248ad2fa0c4df29c2bab3834708a787f7b6bb6e1acbe09a4f44c404f1
public exponent: 10001

  Signature Algorithm: SHA256WITHRSA
            Signature: 6347669c6064f2e684e35267323d1ef5c92294cb
                       0f60abef11fa29b43b780223c4b6b30b1635030c
                       ec1842c5dc98570ee6ba1450f3d64a4ba16274c8
                       29e3961f62b27949d2dbb43407411b74963e1450
                       a23a79591a3257df226f323e6477bb57929d592f
                       5420c26df58846f98effd518552e46e48135de98
                       133e56d21de77a1a
 from file:/tmp/junit5097281189128785141/junit1702462610816655547/om-meta/om/certs/4078713.crt.
2023-06-07 12:10:21,779 [om-CertificateLifetimeMonitor] INFO  security.OMCertificateClient (DefaultCertificateClient.java:reloadKeyAndCertificate(1141)) - Reset and reload key and all certificates.
2023-06-07 12:10:22,139 [Time-limited test] INFO  impl.DefaultInternalKdcServerImpl (DefaultInternalKdcServerImpl.java:doStop(102)) - Default Internal kdc server stopped.
2023-06-07 12:10:23,140 [Time-limited test] INFO  minikdc.MiniKdc (MiniKdc.java:stop(359)) - MiniKdc stopped.
]]></system-out>
  </testcase>
  <testcase name="testSecureOMInitializationFailure" classname="org.apache.hadoop.ozone.TestSecureOzoneCluster" time="4.07">
    <system-out><![CDATA[2023-06-07 12:10:23,159 [Time-limited test] INFO  net.ServerSocketUtil (ServerSocketUtil.java:getPort(55)) - Using port 9860
2023-06-07 12:10:23,159 [Time-limited test] INFO  net.ServerSocketUtil (ServerSocketUtil.java:getPort(55)) - Using port 9861
2023-06-07 12:10:23,159 [Time-limited test] INFO  net.ServerSocketUtil (ServerSocketUtil.java:getPort(55)) - Using port 9863
2023-06-07 12:10:23,159 [Time-limited test] INFO  net.ServerSocketUtil (ServerSocketUtil.java:getPort(55)) - Using port 9961
2023-06-07 12:10:23,159 [Time-limited test] INFO  net.ServerSocketUtil (ServerSocketUtil.java:getPort(55)) - Using port 1200
2023-06-07 12:10:23,159 [Time-limited test] INFO  net.ServerSocketUtil (ServerSocketUtil.java:getPort(55)) - Using port 1201
2023-06-07 12:10:23,160 [Time-limited test] INFO  minikdc.MiniKdc (MiniKdc.java:<init>(225)) - Configuration:
2023-06-07 12:10:23,160 [Time-limited test] INFO  minikdc.MiniKdc (MiniKdc.java:<init>(226)) - ---------------------------------------------------------------
2023-06-07 12:10:23,160 [Time-limited test] INFO  minikdc.MiniKdc (MiniKdc.java:<init>(228)) -   debug: false
2023-06-07 12:10:23,160 [Time-limited test] INFO  minikdc.MiniKdc (MiniKdc.java:<init>(228)) -   transport: TCP
2023-06-07 12:10:23,160 [Time-limited test] INFO  minikdc.MiniKdc (MiniKdc.java:<init>(228)) -   max.ticket.lifetime: 86400000
2023-06-07 12:10:23,160 [Time-limited test] INFO  minikdc.MiniKdc (MiniKdc.java:<init>(228)) -   org.name: EXAMPLE
2023-06-07 12:10:23,160 [Time-limited test] INFO  minikdc.MiniKdc (MiniKdc.java:<init>(228)) -   kdc.port: 0
2023-06-07 12:10:23,160 [Time-limited test] INFO  minikdc.MiniKdc (MiniKdc.java:<init>(228)) -   org.domain: COM
2023-06-07 12:10:23,160 [Time-limited test] INFO  minikdc.MiniKdc (MiniKdc.java:<init>(228)) -   max.renewable.lifetime: 604800000
2023-06-07 12:10:23,160 [Time-limited test] INFO  minikdc.MiniKdc (MiniKdc.java:<init>(228)) -   instance: DefaultKrbServer
2023-06-07 12:10:23,160 [Time-limited test] INFO  minikdc.MiniKdc (MiniKdc.java:<init>(228)) -   kdc.bind.address: localhost
2023-06-07 12:10:23,160 [Time-limited test] INFO  minikdc.MiniKdc (MiniKdc.java:<init>(230)) - ---------------------------------------------------------------
2023-06-07 12:10:23,162 [Time-limited test] INFO  minikdc.MiniKdc (MiniKdc.java:start(285)) - MiniKdc started.
2023-06-07 12:10:23,353 [Time-limited test] WARN  server.ServerUtils (ServerUtils.java:getScmDbDir(155)) - ozone.scm.db.dirs is not configured. We recommend adding this setting. Falling back to ozone.metadata.dirs instead.
2023-06-07 12:10:23,353 [Time-limited test] INFO  ha.HASecurityUtils (HASecurityUtils.java:initializeSecurity(93)) - Initializing secure StorageContainerManager.
2023-06-07 12:10:23,353 [Time-limited test] INFO  client.SCMCertificateClient (DefaultCertificateClient.java:init(650)) - Certificate client init case: 0
2023-06-07 12:10:23,353 [Time-limited test] INFO  client.SCMCertificateClient (SCMCertificateClient.java:handleCase(68)) - Creating keypair for client as keypair and certificate not found.
2023-06-07 12:10:23,825 [Time-limited test] INFO  ha.HASecurityUtils (HASecurityUtils.java:initializeSecurity(99)) - Init response: GETCERT
2023-06-07 12:10:24,064 [Time-limited test] INFO  ozone.OzoneSecurityUtil (OzoneSecurityUtil.java:getValidInetsForCurrentHost(118)) - ip:fe80:0:0:0:20d:3aff:fe5e:ae76%eth0 not returned.
2023-06-07 12:10:24,064 [Time-limited test] INFO  ozone.OzoneSecurityUtil (OzoneSecurityUtil.java:getValidInetsForCurrentHost(115)) - Adding ip:10.1.0.7,host:fv-az83-744
2023-06-07 12:10:24,064 [Time-limited test] INFO  ozone.OzoneSecurityUtil (OzoneSecurityUtil.java:getValidInetsForCurrentHost(118)) - ip:0:0:0:0:0:0:0:1%lo not returned.
2023-06-07 12:10:24,064 [Time-limited test] INFO  ozone.OzoneSecurityUtil (OzoneSecurityUtil.java:getValidInetsForCurrentHost(118)) - ip:127.0.0.1 not returned.
2023-06-07 12:10:24,064 [Time-limited test] ERROR utils.SelfSignedCertificate (SelfSignedCertificate.java:lambda$addInetAddresses$0(245)) - Invalid domain fv-az83-744
2023-06-07 12:10:24,067 [Time-limited test] INFO  utils.SelfSignedCertificate (SelfSignedCertificate.java:generateCertificate(158)) - Certificate 1 is issued by CN=scm@fv-az83-744,OU=611b573b-c9a9-45b7-bb95-b0733e8431e4,O=e84d209f-e700-44c0-8a63-d42e7d8b4c3a to CN=scm@fv-az83-744,OU=611b573b-c9a9-45b7-bb95-b0733e8431e4,O=e84d209f-e700-44c0-8a63-d42e7d8b4c3a, valid from Wed Jun 07 12:10:24 UTC 2023 to Sat Jul 15 12:10:24 UTC 2028
2023-06-07 12:10:24,068 [Time-limited test] INFO  ozone.OzoneSecurityUtil (OzoneSecurityUtil.java:getValidInetsForCurrentHost(118)) - ip:fe80:0:0:0:20d:3aff:fe5e:ae76%eth0 not returned.
2023-06-07 12:10:24,068 [Time-limited test] INFO  ozone.OzoneSecurityUtil (OzoneSecurityUtil.java:getValidInetsForCurrentHost(115)) - Adding ip:10.1.0.7,host:fv-az83-744
2023-06-07 12:10:24,069 [Time-limited test] INFO  ozone.OzoneSecurityUtil (OzoneSecurityUtil.java:getValidInetsForCurrentHost(118)) - ip:0:0:0:0:0:0:0:1%lo not returned.
2023-06-07 12:10:24,069 [Time-limited test] INFO  ozone.OzoneSecurityUtil (OzoneSecurityUtil.java:getValidInetsForCurrentHost(118)) - ip:127.0.0.1 not returned.
2023-06-07 12:10:24,069 [Time-limited test] ERROR utils.CertificateSignRequest (CertificateSignRequest.java:lambda$addInetAddresses$0(296)) - Invalid domain fv-az83-744
2023-06-07 12:10:24,069 [Time-limited test] INFO  ha.HASecurityUtils (HASecurityUtils.java:generateCSR(280)) - Creating csr for SCM->hostName:fv-az83-744,scmId:611b573b-c9a9-45b7-bb95-b0733e8431e4,clusterId:e84d209f-e700-44c0-8a63-d42e7d8b4c3a,subject:scm-sub@fv-az83-744
2023-06-07 12:10:24,076 [Time-limited test] INFO  ha.HASecurityUtils (HASecurityUtils.java:initializeSecurity(112)) - Successfully stored SCM signed certificate.
2023-06-07 12:10:24,078 [Time-limited test] WARN  server.ServerUtils (ServerUtils.java:getScmDbDir(155)) - ozone.scm.db.dirs is not configured. We recommend adding this setting. Falling back to ozone.metadata.dirs instead.
2023-06-07 12:10:24,078 [Time-limited test] INFO  ha.SCMHANodeDetails (SCMHANodeDetails.java:loadSCMHAConfig(209)) - ServiceID for StorageContainerManager is null
2023-06-07 12:10:24,078 [Time-limited test] INFO  ha.SCMHANodeDetails (SCMHANodeDetails.java:loadSCMHAConfig(214)) - ozone.scm.default.service.id is not defined, falling back to ozone.scm.service.ids to find serviceID for StorageContainerManager if it is HA enabled cluster
2023-06-07 12:10:24,079 [Time-limited test] INFO  client.SCMCertificateClient (DefaultCertificateClient.java:loadAllCertificates(151)) - Loading certificate from location:/tmp/junit3643547829191963313/junit2292982412700186612/scm-meta/scm/sub-ca/certs.
2023-06-07 12:10:24,080 [Time-limited test] INFO  client.SCMCertificateClient (DefaultCertificateClient.java:loadAllCertificates(195)) - Added certificate   [0]         Version: 3
         SerialNumber: 4084649512811
             IssuerDN: CN=scm@fv-az83-744,OU=611b573b-c9a9-45b7-bb95-b0733e8431e4,O=e84d209f-e700-44c0-8a63-d42e7d8b4c3a
           Start Date: Wed Jun 07 12:10:24 UTC 2023
           Final Date: Sat Jul 15 12:10:24 UTC 2028
            SubjectDN: CN=scm-sub@fv-az83-744,OU=611b573b-c9a9-45b7-bb95-b0733e8431e4,O=e84d209f-e700-44c0-8a63-d42e7d8b4c3a
           Public Key: RSA Public Key [8c:d4:64:b1:8c:d9:2c:94:f7:be:92:b3:ae:40:5b:4a:ba:d1:1c:38],[56:66:d1:a4]
        modulus: e7bfeed6a876786eb4e2a55ba5f20c9b36837375a31c786e8884fc86e691b6e1c2e8cba1853e106340f4ccbe1398891a449381d5416387fd7b0487bbe3c7b015f1d4698ace4b55604a230b53a7f6be00fd8e75cfc898e2f8d58e4a062a537fe5b75b148b5e38d3fc19ebe56aa51325ae4cb96dfd2061f67345dc5d94910f2beaeb62cb204c0a7709647f2dd9ebfeed87b6ef15c453937f1e99849e15ef784641adfea6efd46a530fa522c97385a21d1293de849dbddb6ec4940ca93c9762249161b99060db05a50f735bcc59d98e81d1a6e42ab702c890942bedfe2f84f39c31663e3bf8037f7e74bb8d550ea11417a6f2ee53f14aadc85327533dbf45030085
public exponent: 10001

  Signature Algorithm: SHA256WITHRSA
            Signature: 3261008626d2a3616d511db7e953364653794ee3
                       0ca1548b1a212b7c82ef3fcb6d2c1e9fe9233f3c
                       ecfacf03ea851dd8330aa09c97aa112090073532
                       eb6df15fd4e029fe04ca0c5cf4d5b0044b2be9fe
                       2aac0c4e4c986c78c76526772de9183ec86144fd
                       8567388c3087896ec4fbef694b3472a45fb9e0c6
                       89c4bf2f4aedd188817f7610a38171fe8f46d971
                       cb45ba4e6511ef6d2235f39725d76b6bf77e59fe
                       214526989686d22951a1e29e133cd0e6263ace98
                       e86582585db59b7fdc1852f7276f8a592d66a72e
                       e1593c208136d53af097cdd43de3f076d84c8046
                       77af823d525cbf7f40ff230a010d1ea7f1ed7c2b
                       41ef54dfefdc4061b26dd8028fceac5b
       Extensions: 
                       critical(false) 2.5.29.17 value = Sequence
    Tagged [7] IMPLICIT 
        DER Octet String[4] 

                       critical(true) BasicConstraints: isCa(true)
                       critical(true) KeyUsage: 0xbe
 from file:/tmp/junit3643547829191963313/junit2292982412700186612/scm-meta/scm/sub-ca/certs/certificate.crt.
2023-06-07 12:10:24,080 [Time-limited test] INFO  client.SCMCertificateClient (DefaultCertificateClient.java:loadAllCertificates(195)) - Added certificate   [0]         Version: 3
         SerialNumber: 4084649512811
             IssuerDN: CN=scm@fv-az83-744,OU=611b573b-c9a9-45b7-bb95-b0733e8431e4,O=e84d209f-e700-44c0-8a63-d42e7d8b4c3a
           Start Date: Wed Jun 07 12:10:24 UTC 2023
           Final Date: Sat Jul 15 12:10:24 UTC 2028
            SubjectDN: CN=scm-sub@fv-az83-744,OU=611b573b-c9a9-45b7-bb95-b0733e8431e4,O=e84d209f-e700-44c0-8a63-d42e7d8b4c3a
           Public Key: RSA Public Key [8c:d4:64:b1:8c:d9:2c:94:f7:be:92:b3:ae:40:5b:4a:ba:d1:1c:38],[56:66:d1:a4]
        modulus: e7bfeed6a876786eb4e2a55ba5f20c9b36837375a31c786e8884fc86e691b6e1c2e8cba1853e106340f4ccbe1398891a449381d5416387fd7b0487bbe3c7b015f1d4698ace4b55604a230b53a7f6be00fd8e75cfc898e2f8d58e4a062a537fe5b75b148b5e38d3fc19ebe56aa51325ae4cb96dfd2061f67345dc5d94910f2beaeb62cb204c0a7709647f2dd9ebfeed87b6ef15c453937f1e99849e15ef784641adfea6efd46a530fa522c97385a21d1293de849dbddb6ec4940ca93c9762249161b99060db05a50f735bcc59d98e81d1a6e42ab702c890942bedfe2f84f39c31663e3bf8037f7e74bb8d550ea11417a6f2ee53f14aadc85327533dbf45030085
public exponent: 10001

  Signature Algorithm: SHA256WITHRSA
            Signature: 3261008626d2a3616d511db7e953364653794ee3
                       0ca1548b1a212b7c82ef3fcb6d2c1e9fe9233f3c
                       ecfacf03ea851dd8330aa09c97aa112090073532
                       eb6df15fd4e029fe04ca0c5cf4d5b0044b2be9fe
                       2aac0c4e4c986c78c76526772de9183ec86144fd
                       8567388c3087896ec4fbef694b3472a45fb9e0c6
                       89c4bf2f4aedd188817f7610a38171fe8f46d971
                       cb45ba4e6511ef6d2235f39725d76b6bf77e59fe
                       214526989686d22951a1e29e133cd0e6263ace98
                       e86582585db59b7fdc1852f7276f8a592d66a72e
                       e1593c208136d53af097cdd43de3f076d84c8046
                       77af823d525cbf7f40ff230a010d1ea7f1ed7c2b
                       41ef54dfefdc4061b26dd8028fceac5b
       Extensions: 
                       critical(false) 2.5.29.17 value = Sequence
    Tagged [7] IMPLICIT 
        DER Octet String[4] 

                       critical(true) BasicConstraints: isCa(true)
                       critical(true) KeyUsage: 0xbe
 from file:/tmp/junit3643547829191963313/junit2292982412700186612/scm-meta/scm/sub-ca/certs/4084649512811.crt.
2023-06-07 12:10:24,081 [Time-limited test] INFO  client.SCMCertificateClient (DefaultCertificateClient.java:loadAllCertificates(195)) - Added certificate   [0]         Version: 3
         SerialNumber: 1
             IssuerDN: CN=scm@fv-az83-744,OU=611b573b-c9a9-45b7-bb95-b0733e8431e4,O=e84d209f-e700-44c0-8a63-d42e7d8b4c3a
           Start Date: Wed Jun 07 12:10:24 UTC 2023
           Final Date: Sat Jul 15 12:10:24 UTC 2028
            SubjectDN: CN=scm@fv-az83-744,OU=611b573b-c9a9-45b7-bb95-b0733e8431e4,O=e84d209f-e700-44c0-8a63-d42e7d8b4c3a
           Public Key: RSA Public Key [55:ce:b6:4c:5f:eb:3e:14:a5:bc:1a:54:38:e9:9f:15:8c:60:e9:3c],[56:66:d1:a4]
        modulus: d36911eeb1d1ceec50d745610ba52f907bdefd90fadcbc8f5fd3eebe90cb55bc2534e6d150ef1b01ecb8d19cc323d855dee4a717468d882adbb127874be93484f2c3a9149b5cc8b304753ef5f7adfbc2a6142a43185e23b70dda8507b419e1182c59cb4f4a8450e34b8e06635075aafb60f0de4b4a5633069bfd6d98b307f327668c474276d25511a83219b1a2db732fd41fc7950a34dfc836b1067a0279d93e7620a7a2e0cb40e4ead55e366787bbd9fe1adf68eed776b4abcb6cde2cb85ba48fdb14daedcc02436e857b6d53d2807973686da9bc34cceaf49788936293ced35fbfab913e44798719512787507f07b7c70c04b00e15aefe80b6636f22f8e8d5
public exponent: 10001

  Signature Algorithm: SHA256WITHRSA
            Signature: b512185d1805a6ef3707d8ae69da173d251f6258
                       188229863b5d80ef5ad702f41b35e2b5f14e6bc9
                       39e699a4a6d3425e0b9cb109721e64f0d39f99f9
                       fd01eb86cb576be641fa0ef4bda6c44cce5957bb
                       5edf9a7b1d4a66a927699e6df600f0e007d5fe3f
                       7788f49794ff08a391bcb46b7d381d5183be3d3d
                       362ce0dce822050ab09cbabf60dadbcc8e8ac3ea
                       818919072846594306f74ea7a2b2418520a8f799
                       5681fa4ce6020203316573bf02c4a554e296c99b
                       e75d11298595478ad582bac0e65bbe4e2cad74eb
                       75d637f0d6f7dbe61e2243f8c29c78e2a9394491
                       cd78ec5e0362420e71a828612b8d3a279bd4698b
                       181673fdcb292c7a3ad1ae756b73bf3e
       Extensions: 
                       critical(true) BasicConstraints: isCa(true)
                       critical(true) KeyUsage: 0x6
                       critical(false) 2.5.29.17 value = Sequence
    Tagged [7] IMPLICIT 
        DER Octet String[4] 

 from file:/tmp/junit3643547829191963313/junit2292982412700186612/scm-meta/scm/sub-ca/certs/CA-1.crt.
2023-06-07 12:10:24,082 [Time-limited test] INFO  client.SCMCertificateClient (DefaultCertificateClient.java:startCertificateMonitor(1208)) - CertificateLifetimeMonitor for scm/sub-ca is started with first delay 161135989919 ms and interval 3333 ms.
2023-06-07 12:10:24,089 [pool-560-thread-1] INFO  request.KdcRequest (KdcRequest.java:preauth(651)) - The preauth data is empty.
2023-06-07 12:10:24,090 [pool-560-thread-1] INFO  server.KdcHandler (KdcHandler.java:handleRecoverableException(177)) - KRB error occurred while processing request:Additional pre-authentication required
2023-06-07 12:10:24,096 [pool-560-thread-2] INFO  request.AsRequest (AsRequest.java:issueTicket(112)) - AS_REQ ISSUE: authtime 1686139824096,scm/fv-az83-744@EXAMPLE.COM for krbtgt/EXAMPLE.COM@EXAMPLE.COM
2023-06-07 12:10:24,098 [Time-limited test] INFO  security.UserGroupInformation (UserGroupInformation.java:loginUserFromKeytab(1132)) - Login successful for user scm/fv-az83-744@EXAMPLE.COM using keytab file scm.keytab. Keytab auto renewal enabled : false
2023-06-07 12:10:24,098 [Time-limited test] INFO  server.StorageContainerManager (StorageContainerManager.java:loginAsSCMUserIfSecurityEnabled(1025)) - SCM login successful.
2023-06-07 12:10:24,098 [Time-limited test] WARN  utils.HAUtils (HAUtils.java:getMetaDir(352)) - ozone.scm.db.dirs is not configured. We recommend adding this setting. Falling back to ozone.metadata.dirs instead.
2023-06-07 12:10:24,098 [Time-limited test] WARN  db.DBStoreBuilder (DBStoreBuilder.java:applyDBDefinition(165)) - ozone.scm.db.dirs is not configured. We recommend adding this setting. Falling back to ozone.metadata.dirs instead.
2023-06-07 12:10:24,192 [Time-limited test] INFO  net.NodeSchemaLoader (NodeSchemaLoader.java:loadSchemaFromFile(129)) - Loading schema from [jar:file:/home/runner/.m2/repository/org/apache/ozone/hdds-common/1.4.0-SNAPSHOT/hdds-common-1.4.0-SNAPSHOT.jar!/network-topology-default.xml]
2023-06-07 12:10:24,192 [Time-limited test] INFO  net.NodeSchemaLoader (NodeSchemaLoader.java:loadSchema(176)) - Loading network topology layer schema file
2023-06-07 12:10:24,194 [Time-limited test] INFO  upgrade.AbstractLayoutVersionManager (AbstractLayoutVersionManager.java:init(83)) - Initializing Layout version manager with metadata layout = HADOOP_PRC_PORTS_IN_DATANODEDETAILS (version = 7), software layout = HADOOP_PRC_PORTS_IN_DATANODEDETAILS (version = 7)
2023-06-07 12:10:24,196 [Time-limited test] INFO  ha.SequenceIdGenerator (SequenceIdGenerator.java:upgradeToSequenceId(349)) - upgrade localId to 111677748019200000
2023-06-07 12:10:24,196 [Time-limited test] INFO  ha.SequenceIdGenerator (SequenceIdGenerator.java:upgradeToSequenceId(359)) - upgrade delTxnId to 0
2023-06-07 12:10:24,196 [Time-limited test] INFO  ha.SequenceIdGenerator (SequenceIdGenerator.java:upgradeToSequenceId(376)) - upgrade containerId to 0
2023-06-07 12:10:24,196 [Time-limited test] INFO  ha.SequenceIdGenerator (SequenceIdGenerator.java:<init>(220)) - Init the HA SequenceIdGenerator.
2023-06-07 12:10:24,197 [Time-limited test] INFO  node.SCMNodeManager (SCMNodeManager.java:<init>(159)) - Entering startup safe mode.
2023-06-07 12:10:24,197 [Time-limited test] INFO  algorithms.ContainerPlacementPolicyFactory (ContainerPlacementPolicyFactory.java:getPolicyInternal(86)) - Create container placement policy of type org.apache.hadoop.hdds.scm.container.placement.algorithms.SCMContainerPlacementRackAware
2023-06-07 12:10:24,198 [Time-limited test] INFO  algorithms.ContainerPlacementPolicyFactory (ContainerPlacementPolicyFactory.java:getPolicyInternal(86)) - Create container placement policy of type org.apache.hadoop.hdds.scm.container.placement.algorithms.SCMContainerPlacementRackScatter
2023-06-07 12:10:24,198 [Time-limited test] INFO  pipeline.PipelineStateManagerImpl (PipelineStateManagerImpl.java:initialize(78)) - No pipeline exists in current db
2023-06-07 12:10:24,198 [Time-limited test] INFO  algorithms.LeaderChoosePolicyFactory (LeaderChoosePolicyFactory.java:getPolicy(57)) - Create leader choose policy of type org.apache.hadoop.hdds.scm.pipeline.leader.choose.algorithms.MinLeaderCountChoosePolicy
2023-06-07 12:10:24,198 [Time-limited test] INFO  algorithms.ContainerPlacementPolicyFactory (ContainerPlacementPolicyFactory.java:getPolicyInternal(86)) - Create container placement policy of type org.apache.hadoop.hdds.scm.container.placement.algorithms.SCMContainerPlacementRackScatter
2023-06-07 12:10:24,198 [Time-limited test] INFO  ha.SCMServiceManager (SCMServiceManager.java:register(42)) - Registering service BackgroundPipelineCreator.
2023-06-07 12:10:24,198 [Time-limited test] INFO  pipeline.BackgroundPipelineCreator (BackgroundPipelineCreator.java:start(124)) - Starting RatisPipelineUtilsThread.
2023-06-07 12:10:24,198 [Time-limited test] INFO  BackgroundPipelineScrubber (BackgroundSCMService.java:start(68)) - Starting BackgroundPipelineScrubber Service.
2023-06-07 12:10:24,199 [Time-limited test] INFO  ha.SCMServiceManager (SCMServiceManager.java:register(42)) - Registering service BackgroundPipelineScrubber.
2023-06-07 12:10:24,199 [Time-limited test] INFO  ExpiredContainerReplicaOpScrubber (BackgroundSCMService.java:start(68)) - Starting ExpiredContainerReplicaOpScrubber Service.
2023-06-07 12:10:24,199 [Time-limited test] INFO  ha.SCMServiceManager (SCMServiceManager.java:register(42)) - Registering service ExpiredContainerReplicaOpScrubber.
2023-06-07 12:10:24,200 [Time-limited test] INFO  algorithms.PipelineChoosePolicyFactory (PipelineChoosePolicyFactory.java:createPipelineChoosePolicyFromClass(73)) - Create pipeline choose policy of type org.apache.hadoop.hdds.scm.pipeline.choose.algorithms.RandomPipelineChoosePolicy
2023-06-07 12:10:24,201 [Time-limited test] INFO  ha.SCMServiceManager (SCMServiceManager.java:register(42)) - Registering service SCMBlockDeletingService.
2023-06-07 12:10:24,201 [Time-limited test] INFO  replication.ReplicationManager (ReplicationManager.java:start(299)) - Starting Replication Monitor Thread.
2023-06-07 12:10:24,203 [Time-limited test] INFO  ha.SCMServiceManager (SCMServiceManager.java:register(42)) - Registering service ReplicationManager.
2023-06-07 12:10:24,203 [ReplicationMonitor] INFO  replication.ReplicationManager (ReplicationManager.java:processAll(374)) - Replication Manager is not ready to run until 300000ms after safemode exit
2023-06-07 12:10:24,204 [Time-limited test] INFO  safemode.ContainerSafeModeRule (ContainerSafeModeRule.java:<init>(89)) - containers with one replica threshold count 0
2023-06-07 12:10:24,204 [Time-limited test] INFO  safemode.HealthyPipelineSafeModeRule (HealthyPipelineSafeModeRule.java:initializeRule(169)) - Total pipeline count is 0, healthy pipeline threshold count is 0
2023-06-07 12:10:24,204 [Time-limited test] INFO  safemode.OneReplicaPipelineSafeModeRule (OneReplicaPipelineSafeModeRule.java:initializeRule(180)) - Total pipeline count is 0, pipeline's with at least one datanode reported threshold count is 0
2023-06-07 12:10:24,205 [Time-limited test] INFO  authority.DefaultCAServer (DefaultCAServer.java:lambda$processVerificationStatus$0(465)) - CertificateServer validation is successful
2023-06-07 12:10:24,211 [Time-limited test] INFO  authority.DefaultCAServer (DefaultCAServer.java:lambda$processVerificationStatus$0(465)) - CertificateServer validation is successful
2023-06-07 12:10:24,212 [Time-limited test] INFO  server.StorageContainerManager (StorageContainerManager.java:persistPrimarySCMCerts(893)) - Storing sub-ca certificate serialId 4084649512811 on primary SCM
2023-06-07 12:10:24,213 [Time-limited test] INFO  server.StorageContainerManager (StorageContainerManager.java:persistPrimarySCMCerts(901)) - Storing root certificate serialId 1
2023-06-07 12:10:24,214 [Time-limited test] INFO  ipc.CallQueueManager (CallQueueManager.java:<init>(90)) - Using callQueue: class java.util.concurrent.LinkedBlockingQueue, queueCapacity: 200, scheduler: class org.apache.hadoop.ipc.DefaultRpcScheduler, ipcBackoff: false.
2023-06-07 12:10:24,217 [Socket Reader #1 for port 9961] INFO  ipc.Server (Server.java:run(1319)) - Starting Socket Reader #1 for port 9961
2023-06-07 12:10:24,221 [Listener at 0.0.0.0/9961] INFO  hdds.HddsUtils (HddsUtils.java:preserveThreadName(843)) - Restoring thread name: Time-limited test
2023-06-07 12:10:24,223 [Time-limited test] INFO  server.StorageContainerManager (StorageContainerManager.java:<init>(398)) - SCM start with adminUsers: [scm/fv-az83-744@EXAMPLE.COM, scm]
2023-06-07 12:10:24,223 [Time-limited test] INFO  ipc.CallQueueManager (CallQueueManager.java:<init>(90)) - Using callQueue: class java.util.concurrent.LinkedBlockingQueue, queueCapacity: 10000, scheduler: class org.apache.hadoop.ipc.DefaultRpcScheduler, ipcBackoff: false.
2023-06-07 12:10:24,224 [Socket Reader #1 for port 9861] INFO  ipc.Server (Server.java:run(1319)) - Starting Socket Reader #1 for port 9861
2023-06-07 12:10:24,225 [Listener at 0.0.0.0/9861] INFO  hdds.HddsUtils (HddsUtils.java:preserveThreadName(843)) - Restoring thread name: Time-limited test
2023-06-07 12:10:24,225 [Time-limited test] INFO  ipc.CallQueueManager (CallQueueManager.java:<init>(90)) - Using callQueue: class java.util.concurrent.LinkedBlockingQueue, queueCapacity: 10000, scheduler: class org.apache.hadoop.ipc.DefaultRpcScheduler, ipcBackoff: false.
2023-06-07 12:10:24,226 [Socket Reader #1 for port 9863] INFO  ipc.Server (Server.java:run(1319)) - Starting Socket Reader #1 for port 9863
2023-06-07 12:10:24,227 [Listener at 0.0.0.0/9863] INFO  hdds.HddsUtils (HddsUtils.java:preserveThreadName(843)) - Restoring thread name: Time-limited test
2023-06-07 12:10:24,227 [Time-limited test] INFO  ipc.CallQueueManager (CallQueueManager.java:<init>(90)) - Using callQueue: class java.util.concurrent.LinkedBlockingQueue, queueCapacity: 10000, scheduler: class org.apache.hadoop.ipc.DefaultRpcScheduler, ipcBackoff: false.
2023-06-07 12:10:24,227 [Socket Reader #1 for port 9860] INFO  ipc.Server (Server.java:run(1319)) - Starting Socket Reader #1 for port 9860
2023-06-07 12:10:24,229 [Listener at 0.0.0.0/9860] INFO  hdds.HddsUtils (HddsUtils.java:preserveThreadName(843)) - Restoring thread name: Time-limited test
2023-06-07 12:10:24,233 [Time-limited test] INFO  ha.SCMServiceManager (SCMServiceManager.java:register(42)) - Registering service ContainerBalancer.
2023-06-07 12:10:24,233 [Time-limited test] INFO  server.StorageContainerManager (StorageContainerManager.java:<init>(415)) - 
Container Balancer status:
Key                            Value
Running                        false
Container Balancer Configuration values:
Key                                                Value
Threshold                                          10
Max Datanodes to Involve per Iteration(percent)    20
Max Size to Move per Iteration                     500GB
Max Size Entering Target per Iteration             26GB
Max Size Leaving Source per Iteration              26GB

2023-06-07 12:10:24,233 [Time-limited test] INFO  ha.SCMContext (SCMContext.java:updateSafeModeStatus(228)) - Update SafeModeStatus from SafeModeStatus{safeModeStatus=true, preCheckPassed=false} to SafeModeStatus{safeModeStatus=true, preCheckPassed=false}.
2023-06-07 12:10:24,234 [Time-limited test] WARN  server.ServerUtils (ServerUtils.java:getDBPath(311)) - ozone.om.db.dirs is not configured. We recommend adding this setting. Falling back to ozone.metadata.dirs instead.
2023-06-07 12:10:24,240 [Time-limited test] INFO  ha.OMHANodeDetails (OMHANodeDetails.java:loadOMHAConfig(115)) - ozone.om.internal.service.id is not defined, falling back to ozone.om.service.ids to find serviceID for OzoneManager if it is HA enabled cluster
2023-06-07 12:10:24,240 [Time-limited test] INFO  ha.OMHANodeDetails (OMHANodeDetails.java:loadOMHAConfig(226)) - Configuration does not have ozone.om.address set. Falling back to the default OM address fv-az83-744/10.1.0.7:1202
2023-06-07 12:10:24,240 [Time-limited test] INFO  ha.OMHANodeDetails (OMHANodeDetails.java:getOMNodeDetailsForNonHA(254)) - OM Service ID is not set. Setting it to the default ID: omServiceIdDefault
2023-06-07 12:10:24,240 [Time-limited test] INFO  ha.OMHANodeDetails (OMHANodeDetails.java:getOMNodeDetailsForNonHA(261)) - OM Node ID is not set. Setting it to the default ID: om1
2023-06-07 12:10:24,240 [Time-limited test] WARN  server.ServerUtils (ServerUtils.java:getDBPath(311)) - ozone.om.db.dirs is not configured. We recommend adding this setting. Falling back to ozone.metadata.dirs instead.
2023-06-07 12:10:24,241 [Time-limited test] INFO  upgrade.AbstractLayoutVersionManager (AbstractLayoutVersionManager.java:init(83)) - Initializing Layout version manager with metadata layout = FILESYSTEM_SNAPSHOT (version = 5), software layout = FILESYSTEM_SNAPSHOT (version = 5)
2023-06-07 12:10:24,303 [Time-limited test] INFO  reflections.Reflections (Reflections.java:scan(232)) - Reflections took 61 ms to scan 2 urls, producing 177 keys and 490 values [using 2 cores]
2023-06-07 12:10:24,304 [Time-limited test] INFO  upgrade.OMLayoutVersionManager (OMLayoutVersionManager.java:lambda$0(115)) - Skipping Upgrade Action MockOmUpgradeAction since it has been finalized.
2023-06-07 12:10:24,307 [pool-560-thread-2] INFO  request.KdcRequest (KdcRequest.java:preauth(651)) - The preauth data is empty.
2023-06-07 12:10:24,307 [pool-560-thread-2] INFO  server.KdcHandler (KdcHandler.java:handleRecoverableException(177)) - KRB error occurred while processing request:Additional pre-authentication required
2023-06-07 12:10:24,310 [pool-560-thread-2] INFO  request.AsRequest (AsRequest.java:issueTicket(112)) - AS_REQ ISSUE: authtime 1686139824310,om/fv-az83-744@EXAMPLE.COM for krbtgt/EXAMPLE.COM@EXAMPLE.COM
2023-06-07 12:10:24,313 [Time-limited test] INFO  security.UserGroupInformation (UserGroupInformation.java:loginUserFromKeytab(1132)) - Login successful for user om/fv-az83-744@EXAMPLE.COM using keytab file om.keytab. Keytab auto renewal enabled : false
2023-06-07 12:10:24,313 [Time-limited test] INFO  om.OzoneManager (OzoneManager.java:loginOMUser(1134)) - Ozone Manager login successful.
2023-06-07 12:10:24,313 [Time-limited test] WARN  server.ServerUtils (ServerUtils.java:getDBPath(311)) - ozone.om.db.dirs is not configured. We recommend adding this setting. Falling back to ozone.metadata.dirs instead.
2023-06-07 12:10:24,314 [Time-limited test] INFO  proxy.SCMBlockLocationFailoverProxyProvider (SCMBlockLocationFailoverProxyProvider.java:<init>(114)) - Created block location fail-over proxy with 1 nodes: [nodeId=scmNodeId,nodeAddress=/0.0.0.0:9863]
2023-06-07 12:10:24,315 [Time-limited test] INFO  om.OzoneManager (OzoneManager.java:getOmDetailsProto(4485)) - OzoneManager ports added:[name: "RPC"
value: 1202
]
2023-06-07 12:10:24,317 [Time-limited test] INFO  om.OzoneManager (OzoneManager.java:<init>(637)) - OM start with adminUsers: [scm/fv-az83-744@EXAMPLE.COM, om]
2023-06-07 12:10:24,318 [Time-limited test] WARN  server.ServerUtils (ServerUtils.java:getDBPath(311)) - ozone.om.db.dirs is not configured. We recommend adding this setting. Falling back to ozone.metadata.dirs instead.
2023-06-07 12:10:24,318 [Time-limited test] INFO  helpers.OmKeyInfo (OmKeyInfo.java:getCodec(71)) - OmKeyInfo.getCodec ignorePipeline = true
2023-06-07 12:10:24,490 [Time-limited test] INFO  om.OzoneManager (OzoneManager.java:instantiateServices(766)) - S3 Multi-Tenancy is disabled
2023-06-07 12:10:24,491 [Time-limited test] INFO  security.OzoneSecretStore (OzoneSecretStore.java:loadState(69)) - Loaded 0 tokens
2023-06-07 12:10:24,491 [Time-limited test] INFO  security.OzoneDelegationTokenSecretManager (OzoneDelegationTokenSecretManager.java:loadTokenSecretState(530)) - Loading token state into token manager.
2023-06-07 12:10:24,491 [Time-limited test] INFO  om.OmSnapshotManager (OmSnapshotManager.java:<init>(170)) - Ozone filesystem snapshot feature is enabled.
2023-06-07 12:10:24,491 [Time-limited test] WARN  server.ServerUtils (ServerUtils.java:getDBPath(311)) - ozone.om.snapshot.diff.db.dir is not configured. We recommend adding this setting. Falling back to ozone.metadata.dirs instead.
2023-06-07 12:10:24,511 [Time-limited test] INFO  utils.NativeLibraryLoader (NativeLibraryLoader.java:loadLibrary(103)) - Loading Library: ozone_rocksdb_tools
2023-06-07 12:10:24,522 [Time-limited test] INFO  om.OzoneManager (OzoneManager.java:addS3GVolumeToDB(4236)) - Created Volume s3v With Owner om required for S3Gateway operations.
2023-06-07 12:10:24,522 [Time-limited test] WARN  server.ServerUtils (ServerUtils.java:getDefaultRatisDirectory(323)) - Storage directory for Ratis is not configured. It is a good idea to map this to an SSD disk. Falling back to ozone.metadata.dirs
2023-06-07 12:10:24,523 [Time-limited test] WARN  utils.OzoneManagerRatisUtils (OzoneManagerRatisUtils.java:getOMRatisSnapshotDirectory(461)) - ozone.om.ratis.snapshot.dir is not configured. Falling back to ozone.metadata.dirs config
2023-06-07 12:10:24,523 [Time-limited test] WARN  server.ServerUtils (ServerUtils.java:getDefaultRatisDirectory(323)) - Storage directory for Ratis is not configured. It is a good idea to map this to an SSD disk. Falling back to ozone.metadata.dirs
2023-06-07 12:10:24,524 [Time-limited test] INFO  ratis.OzoneManagerRatisServer (OzoneManagerRatisServer.java:<init>(163)) - Instantiating OM Ratis server with groupID: omServiceIdDefault and peers: fv-az83-744:9872
2023-06-07 12:10:24,525 [Time-limited test] INFO  ratis.OzoneManagerStateMachine (OzoneManagerStateMachine.java:loadSnapshotInfoFromDB(670)) - LastAppliedIndex is set from TransactionInfo from OM DB as (t:0, i:~)
2023-06-07 12:10:24,527 [Time-limited test] INFO  server.RaftServer (ConfUtils.java:logGet(46)) - raft.rpc.type = GRPC (default)
2023-06-07 12:10:24,527 [Time-limited test] INFO  grpc.GrpcConfigKeys (ConfUtils.java:logFallback(53)) - raft.grpc.admin.host = null (fallback to raft.grpc.server.host)
2023-06-07 12:10:24,527 [Time-limited test] INFO  grpc.GrpcConfigKeys (ConfUtils.java:logFallback(53)) - raft.grpc.admin.port = 9872 (fallback to raft.grpc.server.port)
2023-06-07 12:10:24,527 [Time-limited test] INFO  grpc.GrpcConfigKeys (ConfUtils.java:logFallback(53)) - raft.grpc.client.host = null (fallback to raft.grpc.server.host)
2023-06-07 12:10:24,527 [Time-limited test] INFO  grpc.GrpcConfigKeys (ConfUtils.java:logFallback(53)) - raft.grpc.client.port = 9872 (fallback to raft.grpc.server.port)
2023-06-07 12:10:24,527 [Time-limited test] INFO  grpc.GrpcConfigKeys (ConfUtils.java:logGet(46)) - raft.grpc.server.host = null (default)
2023-06-07 12:10:24,527 [Time-limited test] INFO  grpc.GrpcConfigKeys (ConfUtils.java:logGet(46)) - raft.grpc.server.port = 9872 (custom)
2023-06-07 12:10:24,528 [Time-limited test] INFO  server.GrpcService (ConfUtils.java:logGet(46)) - raft.grpc.message.size.max = 33554432 (custom)
2023-06-07 12:10:24,528 [Time-limited test] INFO  server.RaftServerConfigKeys (ConfUtils.java:logGet(46)) - raft.server.log.appender.buffer.byte-limit = 33554432 (custom)
2023-06-07 12:10:24,528 [Time-limited test] INFO  server.GrpcService (ConfUtils.java:logGet(46)) - raft.grpc.flow.control.window = 1MB (=1048576) (default)
2023-06-07 12:10:24,528 [Time-limited test] INFO  server.RaftServerConfigKeys (ConfUtils.java:logGet(46)) - raft.server.rpc.request.timeout = 3000ms (default)
2023-06-07 12:10:24,528 [Time-limited test] INFO  grpc.GrpcConfigKeys (ConfUtils.java:logGet(46)) - raft.grpc.server.heartbeat.channel = true (default)
2023-06-07 12:10:24,528 [Time-limited test] INFO  grpc.GrpcConfigKeys (ConfUtils.java:logGet(46)) - raft.grpc.server.async.request.thread.pool.cached = true (default)
2023-06-07 12:10:24,528 [Time-limited test] INFO  grpc.GrpcConfigKeys (ConfUtils.java:logGet(46)) - raft.grpc.server.async.request.thread.pool.size = 32 (default)
2023-06-07 12:10:24,529 [Time-limited test] INFO  impl.DataStreamServerImpl (ConfUtils.java:logGet(46)) - raft.datastream.type = DISABLED (default)
2023-06-07 12:10:24,529 [Time-limited test] INFO  server.RaftServerConfigKeys (ConfUtils.java:logGet(46)) - raft.server.threadpool.proxy.cached = true (default)
2023-06-07 12:10:24,529 [Time-limited test] INFO  server.RaftServerConfigKeys (ConfUtils.java:logGet(46)) - raft.server.threadpool.proxy.size = 0 (default)
2023-06-07 12:10:24,530 [Time-limited test] INFO  server.RaftServerConfigKeys (ConfUtils.java:logGet(46)) - raft.server.rpc.slowness.timeout = 120s (custom)
2023-06-07 12:10:24,530 [Time-limited test] INFO  server.RaftServerConfigKeys (ConfUtils.java:logGet(46)) - raft.server.leaderelection.leader.step-down.wait-time = 10s (default)
2023-06-07 12:10:24,530 [Time-limited test] INFO  server.RaftServerConfigKeys (ConfUtils.java:logGet(46)) - raft.server.storage.dir = [/tmp/junit3643547829191963313/junit2292982412700186612/scm-meta/ratis] (custom)
2023-06-07 12:10:24,530 [Time-limited test] INFO  server.RaftServer (RaftServerProxy.java:addNew(98)) - om1: addNew group-C5BA1605619E:[om1|rpc:fv-az83-744:9872|priority:0|startupRole:FOLLOWER] returns group-C5BA1605619E:java.util.concurrent.CompletableFuture@3e7cd622[Not completed]
2023-06-07 12:10:24,530 [Time-limited test] INFO  om.OzoneManager (OzoneManager.java:initializeRatisServer(2107)) - OzoneManager Ratis server initialized at port 9872
2023-06-07 12:10:24,531 [Time-limited test] INFO  om.OzoneManager (OzoneManager.java:getRpcServer(1166)) - Creating RPC Server
2023-06-07 12:10:24,532 [om1-groupManagement] INFO  server.RaftServer$Division (RaftServerImpl.java:<init>(198)) - om1: new RaftServerImpl for group-C5BA1605619E:[om1|rpc:fv-az83-744:9872|priority:0|startupRole:FOLLOWER] with OzoneManagerStateMachine:uninitialized
2023-06-07 12:10:24,532 [om1-groupManagement] INFO  server.RaftServerConfigKeys (ConfUtils.java:logGet(46)) - raft.server.rpc.timeout.min = 5s (custom)
2023-06-07 12:10:24,532 [om1-groupManagement] INFO  server.RaftServerConfigKeys (ConfUtils.java:logGet(46)) - raft.server.rpc.timeout.max = 5200ms (custom)
2023-06-07 12:10:24,532 [om1-groupManagement] INFO  server.RaftServerConfigKeys (ConfUtils.java:logGet(46)) - raft.server.rpc.sleep.time = 25ms (default)
2023-06-07 12:10:24,532 [om1-groupManagement] INFO  server.RaftServerConfigKeys (ConfUtils.java:logGet(46)) - raft.server.rpc.slowness.timeout = 120s (custom)
2023-06-07 12:10:24,532 [om1-groupManagement] INFO  server.RaftServerConfigKeys (ConfUtils.java:logGet(46)) - raft.server.leaderelection.leader.step-down.wait-time = 10s (default)
2023-06-07 12:10:24,532 [om1-groupManagement] INFO  server.RaftServerConfigKeys (ConfUtils.java:logGet(46)) - raft.server.sleep.deviation.threshold = 300ms (default)
2023-06-07 12:10:24,532 [om1-groupManagement] INFO  server.RaftServer$Division (ServerState.java:<init>(120)) - om1@group-C5BA1605619E: ConfigurationManager, init=-1: peers:[om1|rpc:fv-az83-744:9872|priority:0|startupRole:FOLLOWER]|listeners:[], old=null, confs=<EMPTY_MAP>
2023-06-07 12:10:24,532 [om1-groupManagement] INFO  server.RaftServerConfigKeys (ConfUtils.java:logGet(46)) - raft.server.storage.dir = [/tmp/junit3643547829191963313/junit2292982412700186612/scm-meta/ratis] (custom)
2023-06-07 12:10:24,532 [om1-groupManagement] INFO  server.RaftServerConfigKeys (ConfUtils.java:logGet(46)) - raft.server.log.corruption.policy = EXCEPTION (default)
2023-06-07 12:10:24,532 [om1-groupManagement] INFO  server.RaftServerConfigKeys (ConfUtils.java:logGet(46)) - raft.server.storage.free-space.min = 0MB (=0) (default)
2023-06-07 12:10:24,532 [om1-groupManagement] INFO  server.RaftServerConfigKeys (ConfUtils.java:logGet(46)) - raft.server.notification.no-leader.timeout = 120s (custom)
2023-06-07 12:10:24,532 [om1-groupManagement] INFO  server.RaftServerConfigKeys (ConfUtils.java:logGet(46)) - raft.server.read.timeout = 10s (default)
2023-06-07 12:10:24,533 [om1-groupManagement] INFO  server.RaftServerConfigKeys (ConfUtils.java:logGet(46)) - raft.server.retrycache.expirytime = 300s (custom)
2023-06-07 12:10:24,533 [om1-groupManagement] INFO  server.RaftServerConfigKeys (ConfUtils.java:logGet(46)) - raft.server.retrycache.statistics.expirytime = 100μs (default)
2023-06-07 12:10:24,533 [om1-groupManagement] INFO  server.RaftServerConfigKeys (ConfUtils.java:logGet(46)) - raft.server.read.option = DEFAULT (default)
2023-06-07 12:10:24,533 [om1-groupManagement] INFO  server.RaftServerConfigKeys (ConfUtils.java:logGet(46)) - raft.server.rpc.request.timeout = 3000ms (default)
2023-06-07 12:10:24,533 [om1-groupManagement] INFO  server.RaftServerConfigKeys (ConfUtils.java:logGet(46)) - raft.server.log.appender.install.snapshot.enabled = false (custom)
2023-06-07 12:10:24,536 [om1-groupManagement] INFO  server.RaftServerConfigKeys (ConfUtils.java:logGet(46)) - raft.server.threadpool.server.cached = true (default)
2023-06-07 12:10:24,536 [om1-groupManagement] INFO  server.RaftServerConfigKeys (ConfUtils.java:logGet(46)) - raft.server.threadpool.server.size = 0 (default)
2023-06-07 12:10:24,536 [om1-groupManagement] INFO  server.RaftServerConfigKeys (ConfUtils.java:logGet(46)) - raft.server.threadpool.client.cached = true (default)
2023-06-07 12:10:24,536 [om1-groupManagement] INFO  server.RaftServerConfigKeys (ConfUtils.java:logGet(46)) - raft.server.threadpool.client.size = 0 (default)
2023-06-07 12:10:24,831 [Time-limited test] INFO  reflections.Reflections (Reflections.java:scan(232)) - Reflections took 300 ms to scan 19 urls, producing 69 keys and 5294 values [using 2 cores]
2023-06-07 12:10:24,832 [Time-limited test] INFO  ipc.CallQueueManager (CallQueueManager.java:<init>(90)) - Using callQueue: class java.util.concurrent.LinkedBlockingQueue, queueCapacity: 10000, scheduler: class org.apache.hadoop.ipc.DefaultRpcScheduler, ipcBackoff: false.
2023-06-07 12:10:24,833 [Socket Reader #1 for port 1202] INFO  ipc.Server (Server.java:run(1319)) - Starting Socket Reader #1 for port 1202
2023-06-07 12:10:24,835 [Listener at fv-az83-744/1202] INFO  hdds.HddsUtils (HddsUtils.java:preserveThreadName(843)) - Restoring thread name: Time-limited test
2023-06-07 12:10:24,851 [Time-limited test] INFO  ha.OMHANodeDetails (OMHANodeDetails.java:loadOMHAConfig(115)) - ozone.om.internal.service.id is not defined, falling back to ozone.om.service.ids to find serviceID for OzoneManager if it is HA enabled cluster
2023-06-07 12:10:24,851 [Time-limited test] INFO  ha.OMHANodeDetails (OMHANodeDetails.java:loadOMHAConfig(226)) - Configuration does not have ozone.om.address set. Falling back to the default OM address fv-az83-744/10.1.0.7:1202
2023-06-07 12:10:24,851 [Time-limited test] INFO  ha.OMHANodeDetails (OMHANodeDetails.java:getOMNodeDetailsForNonHA(254)) - OM Service ID is not set. Setting it to the default ID: omServiceIdDefault
2023-06-07 12:10:24,851 [Time-limited test] INFO  ha.OMHANodeDetails (OMHANodeDetails.java:getOMNodeDetailsForNonHA(261)) - OM Node ID is not set. Setting it to the default ID: om1
2023-06-07 12:10:24,851 [Time-limited test] WARN  server.ServerUtils (ServerUtils.java:getDBPath(311)) - ozone.om.db.dirs is not configured. We recommend adding this setting. Falling back to ozone.metadata.dirs instead.
2023-06-07 12:10:24,854 [Time-limited test] INFO  upgrade.AbstractLayoutVersionManager (AbstractLayoutVersionManager.java:init(83)) - Initializing Layout version manager with metadata layout = FILESYSTEM_SNAPSHOT (version = 5), software layout = FILESYSTEM_SNAPSHOT (version = 5)
2023-06-07 12:10:24,965 [Time-limited test] INFO  reflections.Reflections (Reflections.java:scan(232)) - Reflections took 110 ms to scan 2 urls, producing 177 keys and 490 values [using 2 cores]
2023-06-07 12:10:24,966 [Time-limited test] INFO  upgrade.OMLayoutVersionManager (OMLayoutVersionManager.java:lambda$0(115)) - Skipping Upgrade Action MockOmUpgradeAction since it has been finalized.
2023-06-07 12:10:24,967 [Time-limited test] INFO  ha.OMHANodeDetails (OMHANodeDetails.java:loadOMHAConfig(115)) - ozone.om.internal.service.id is not defined, falling back to ozone.om.service.ids to find serviceID for OzoneManager if it is HA enabled cluster
2023-06-07 12:10:24,967 [Time-limited test] INFO  ha.OMHANodeDetails (OMHANodeDetails.java:loadOMHAConfig(226)) - Configuration does not have ozone.om.address set. Falling back to the default OM address fv-az83-744/10.1.0.7:1202
2023-06-07 12:10:24,967 [Time-limited test] INFO  ha.OMHANodeDetails (OMHANodeDetails.java:getOMNodeDetailsForNonHA(254)) - OM Service ID is not set. Setting it to the default ID: omServiceIdDefault
2023-06-07 12:10:24,967 [Time-limited test] INFO  ha.OMHANodeDetails (OMHANodeDetails.java:getOMNodeDetailsForNonHA(261)) - OM Node ID is not set. Setting it to the default ID: om1
2023-06-07 12:10:24,967 [Time-limited test] WARN  server.ServerUtils (ServerUtils.java:getDBPath(311)) - ozone.om.db.dirs is not configured. We recommend adding this setting. Falling back to ozone.metadata.dirs instead.
2023-06-07 12:10:24,969 [Time-limited test] INFO  upgrade.AbstractLayoutVersionManager (AbstractLayoutVersionManager.java:init(83)) - Initializing Layout version manager with metadata layout = FILESYSTEM_SNAPSHOT (version = 5), software layout = FILESYSTEM_SNAPSHOT (version = 5)
2023-06-07 12:10:25,035 [Time-limited test] INFO  reflections.Reflections (Reflections.java:scan(232)) - Reflections took 65 ms to scan 2 urls, producing 177 keys and 490 values [using 2 cores]
2023-06-07 12:10:25,036 [Time-limited test] INFO  upgrade.OMLayoutVersionManager (OMLayoutVersionManager.java:lambda$0(115)) - Skipping Upgrade Action MockOmUpgradeAction since it has been finalized.
2023-06-07 12:10:25,036 [Time-limited test] INFO  ha.OMHANodeDetails (OMHANodeDetails.java:loadOMHAConfig(115)) - ozone.om.internal.service.id is not defined, falling back to ozone.om.service.ids to find serviceID for OzoneManager if it is HA enabled cluster
2023-06-07 12:10:25,036 [Time-limited test] INFO  ha.OMHANodeDetails (OMHANodeDetails.java:loadOMHAConfig(226)) - Configuration does not have ozone.om.address set. Falling back to the default OM address fv-az83-744/10.1.0.7:1202
2023-06-07 12:10:25,036 [Time-limited test] INFO  ha.OMHANodeDetails (OMHANodeDetails.java:getOMNodeDetailsForNonHA(254)) - OM Service ID is not set. Setting it to the default ID: omServiceIdDefault
2023-06-07 12:10:25,036 [Time-limited test] INFO  ha.OMHANodeDetails (OMHANodeDetails.java:getOMNodeDetailsForNonHA(261)) - OM Node ID is not set. Setting it to the default ID: om1
2023-06-07 12:10:25,036 [Time-limited test] WARN  server.ServerUtils (ServerUtils.java:getDBPath(311)) - ozone.om.db.dirs is not configured. We recommend adding this setting. Falling back to ozone.metadata.dirs instead.
2023-06-07 12:10:25,037 [Time-limited test] INFO  upgrade.AbstractLayoutVersionManager (AbstractLayoutVersionManager.java:init(83)) - Initializing Layout version manager with metadata layout = FILESYSTEM_SNAPSHOT (version = 5), software layout = FILESYSTEM_SNAPSHOT (version = 5)
2023-06-07 12:10:25,099 [Time-limited test] INFO  reflections.Reflections (Reflections.java:scan(232)) - Reflections took 61 ms to scan 2 urls, producing 177 keys and 490 values [using 2 cores]
2023-06-07 12:10:25,100 [Time-limited test] INFO  upgrade.OMLayoutVersionManager (OMLayoutVersionManager.java:lambda$0(115)) - Skipping Upgrade Action MockOmUpgradeAction since it has been finalized.
2023-06-07 12:10:25,102 [Time-limited test] INFO  impl.DefaultInternalKdcServerImpl (DefaultInternalKdcServerImpl.java:doStop(102)) - Default Internal kdc server stopped.
2023-06-07 12:10:26,103 [Time-limited test] INFO  minikdc.MiniKdc (MiniKdc.java:stop(359)) - MiniKdc stopped.
2023-06-07 12:10:26,103 [Time-limited test] INFO  server.StorageContainerManager (StorageContainerManager.java:stop(1560)) - Container Balancer is not running.
2023-06-07 12:10:26,103 [Time-limited test] INFO  server.StorageContainerManager (StorageContainerManager.java:stopReplicationManager(1691)) - Stopping Replication Manager Service.
2023-06-07 12:10:26,103 [Time-limited test] INFO  replication.ReplicationManager (ReplicationManager.java:stop(332)) - Stopping Replication Monitor Thread.
2023-06-07 12:10:26,103 [Time-limited test] INFO  server.StorageContainerManager (StorageContainerManager.java:stop(1569)) - Stopping the Datanode Admin Monitor.
2023-06-07 12:10:26,103 [Over Replicated Processor] WARN  replication.UnhealthyReplicationProcessor (UnhealthyReplicationProcessor.java:run(167)) - Over Replicated Processor interrupted. Exiting...
2023-06-07 12:10:26,103 [Time-limited test] INFO  server.StorageContainerManager (StorageContainerManager.java:stop(1576)) - Stopping datanode service RPC server
2023-06-07 12:10:26,103 [Time-limited test] INFO  server.SCMDatanodeProtocolServer (SCMDatanodeProtocolServer.java:stop(424)) - Stopping the RPC server for DataNodes
2023-06-07 12:10:26,103 [Time-limited test] INFO  ipc.Server (Server.java:stop(3501)) - Stopping server on 9861
2023-06-07 12:10:26,103 [Under Replicated Processor] WARN  replication.UnhealthyReplicationProcessor (UnhealthyReplicationProcessor.java:run(167)) - Under Replicated Processor interrupted. Exiting...
2023-06-07 12:10:26,103 [ReplicationMonitor] INFO  replication.ReplicationManager (ReplicationManager.java:run(938)) - Replication Monitor Thread is stopped
2023-06-07 12:10:27,197 [SCM Heartbeat Processing Thread - 0] WARN  node.NodeStateManager (NodeStateManager.java:scheduleNextHealthCheck(870)) - Current Thread is interrupted, shutting down HB processing thread for Node Manager.
2023-06-07 12:10:27,197 [Time-limited test] INFO  server.StorageContainerManager (StorageContainerManager.java:stop(1584)) - Stopping block service RPC server
2023-06-07 12:10:27,197 [Time-limited test] INFO  server.SCMBlockProtocolServer (SCMBlockProtocolServer.java:stop(161)) - Stopping the RPC server for Block Protocol
2023-06-07 12:10:27,197 [Time-limited test] INFO  ipc.Server (Server.java:stop(3501)) - Stopping server on 9863
2023-06-07 12:10:27,198 [Time-limited test] INFO  server.StorageContainerManager (StorageContainerManager.java:stop(1591)) - Stopping the StorageContainerLocationProtocol RPC server
2023-06-07 12:10:27,198 [Time-limited test] INFO  server.SCMClientProtocolServer (SCMClientProtocolServer.java:stop(210)) - Stopping the RPC server for Client Protocol
2023-06-07 12:10:27,198 [Time-limited test] INFO  ipc.Server (Server.java:stop(3501)) - Stopping server on 9860
2023-06-07 12:10:27,198 [Time-limited test] INFO  server.StorageContainerManager (StorageContainerManager.java:stop(1598)) - Stopping Storage Container Manager HTTP server.
2023-06-07 12:10:27,198 [Time-limited test] INFO  server.StorageContainerManager (StorageContainerManager.java:stop(1606)) - Stopping SCM LayoutVersionManager Service.
2023-06-07 12:10:27,198 [Time-limited test] INFO  server.SCMSecurityProtocolServer (SCMSecurityProtocolServer.java:stop(403)) - Stopping the SCMSecurityProtocolServer.
2023-06-07 12:10:27,198 [Time-limited test] INFO  ipc.Server (Server.java:stop(3501)) - Stopping server on 9961
2023-06-07 12:10:27,199 [Time-limited test] INFO  server.SCMUpdateServiceGrpcServer (SCMUpdateServiceGrpcServer.java:stop(73)) - SCMUpdateService stopping
2023-06-07 12:10:27,199 [Time-limited test] INFO  server.StorageContainerManager (StorageContainerManager.java:stop(1614)) - Stopping Block Manager Service.
2023-06-07 12:10:27,199 [Time-limited test] INFO  utils.BackgroundService (BackgroundService.java:shutdown(141)) - Shutting down service SCMBlockDeletingService
2023-06-07 12:10:27,199 [Time-limited test] INFO  utils.BackgroundService (BackgroundService.java:shutdown(141)) - Shutting down service SCMBlockDeletingService
2023-06-07 12:10:27,199 [Time-limited test] INFO  server.StorageContainerManager (StorageContainerManager.java:stop(1636)) - Stopping SCM Event Queue.
2023-06-07 12:10:27,200 [Time-limited test] INFO  server.StorageContainerManager (StorageContainerManager.java:stop(1647)) - Stopping SCM HA services.
2023-06-07 12:10:27,200 [Time-limited test] INFO  pipeline.BackgroundPipelineCreator (BackgroundPipelineCreator.java:stop(149)) - Stopping RatisPipelineUtilsThread.
2023-06-07 12:10:27,200 [RatisPipelineUtilsThread - 0] WARN  pipeline.BackgroundPipelineCreator (BackgroundPipelineCreator.java:run(180)) - RatisPipelineUtilsThread is interrupted.
2023-06-07 12:10:27,200 [BackgroundPipelineScrubberThread] WARN  BackgroundPipelineScrubber (BackgroundSCMService.java:run(115)) - BackgroundPipelineScrubber is interrupted, exit
2023-06-07 12:10:27,200 [Time-limited test] INFO  BackgroundPipelineScrubber (BackgroundSCMService.java:stop(131)) - Stopping BackgroundPipelineScrubber Service.
2023-06-07 12:10:27,200 [Time-limited test] WARN  pipeline.BackgroundPipelineCreator (BackgroundPipelineCreator.java:stop(145)) - RatisPipelineUtilsThread is not running, just ignore.
2023-06-07 12:10:27,200 [Time-limited test] INFO  BackgroundPipelineScrubber (BackgroundSCMService.java:stop(126)) - BackgroundPipelineScrubber Service is not running, skip stop.
2023-06-07 12:10:27,200 [ExpiredContainerReplicaOpScrubberThread] WARN  ExpiredContainerReplicaOpScrubber (BackgroundSCMService.java:run(115)) - ExpiredContainerReplicaOpScrubber is interrupted, exit
2023-06-07 12:10:27,200 [Time-limited test] INFO  ExpiredContainerReplicaOpScrubber (BackgroundSCMService.java:stop(131)) - Stopping ExpiredContainerReplicaOpScrubber Service.
2023-06-07 12:10:27,200 [Time-limited test] INFO  utils.BackgroundService (BackgroundService.java:shutdown(141)) - Shutting down service SCMBlockDeletingService
2023-06-07 12:10:27,201 [Time-limited test] INFO  replication.ReplicationManager (ReplicationManager.java:stop(342)) - Replication Monitor Thread is not running.
2023-06-07 12:10:27,201 [Time-limited test] WARN  balancer.ContainerBalancer (ContainerBalancer.java:stop(328)) - Cannot stop Container Balancer because it's not running or stopping
2023-06-07 12:10:27,201 [Time-limited test] INFO  server.StorageContainerManager (StorageContainerManager.java:stop(1682)) - Stopping SCM MetadataStore.
2023-06-07 12:10:27,203 [Time-limited test] INFO  server.SCMSecurityProtocolServer (SCMSecurityProtocolServer.java:join(413)) - Join RPC server for SCMSecurityProtocolServer.
2023-06-07 12:10:27,203 [Time-limited test] INFO  server.SCMSecurityProtocolServer (SCMSecurityProtocolServer.java:join(415)) - Join gRPC server for SCMSecurityProtocolServer.
2023-06-07 12:10:27,203 [Time-limited test] INFO  om.OzoneManager (OzoneManager.java:stop(2166)) - om1[fv-az83-744:1202]: Stopping Ozone Manager
2023-06-07 12:10:27,203 [Time-limited test] INFO  ipc.Server (Server.java:stop(3501)) - Stopping server on 1202
2023-06-07 12:10:27,203 [Time-limited test] INFO  ratis.OzoneManagerStateMachine (OzoneManagerStateMachine.java:close(533)) - StateMachine has shutdown. Shutdown OzoneManager if not already shutdown.
2023-06-07 12:10:27,203 [Time-limited test] INFO  ratis.OzoneManagerDoubleBuffer (OzoneManagerDoubleBuffer.java:stopDaemon(559)) - Stopping OMDoubleBuffer flush thread
2023-06-07 12:10:27,203 [OMDoubleBufferFlushThread] INFO  ratis.OzoneManagerDoubleBuffer (OzoneManagerDoubleBuffer.java:canFlush(648)) - OMDoubleBuffer flush thread OMDoubleBufferFlushThread is interrupted and will exit.
2023-06-07 12:10:27,203 [Time-limited test] INFO  om.OzoneManager (OzoneManager.java:stopSecretManager(1058)) - Stopping OM delegation token secret manager.
2023-06-07 12:10:27,205 [Time-limited test] INFO  snapshot.SnapshotDiffManager (SnapshotDiffManager.java:closeExecutorService(1278)) - Shutting down executorService: 'SnapDiffExecutor'
2023-06-07 12:10:27,205 [Time-limited test] INFO  utils.BackgroundService (BackgroundService.java:shutdown(141)) - Shutting down service SnapshotDiffCleanupService
]]></system-out>
  </testcase>
  <testcase name="testDelegationTokenRenewal" classname="org.apache.hadoop.ozone.TestSecureOzoneCluster" time="10.526">
    <system-out><![CDATA[2023-06-07 12:10:27,228 [Time-limited test] INFO  net.ServerSocketUtil (ServerSocketUtil.java:getPort(55)) - Using port 9860
2023-06-07 12:10:27,228 [Time-limited test] INFO  net.ServerSocketUtil (ServerSocketUtil.java:getPort(55)) - Using port 9861
2023-06-07 12:10:27,228 [Time-limited test] INFO  net.ServerSocketUtil (ServerSocketUtil.java:getPort(55)) - Using port 9863
2023-06-07 12:10:27,229 [Time-limited test] INFO  net.ServerSocketUtil (ServerSocketUtil.java:getPort(55)) - Using port 9961
2023-06-07 12:10:27,229 [Time-limited test] INFO  net.ServerSocketUtil (ServerSocketUtil.java:getPort(55)) - Using port 1200
2023-06-07 12:10:27,229 [Time-limited test] INFO  net.ServerSocketUtil (ServerSocketUtil.java:getPort(55)) - Using port 1201
2023-06-07 12:10:27,229 [Time-limited test] INFO  minikdc.MiniKdc (MiniKdc.java:<init>(225)) - Configuration:
2023-06-07 12:10:27,229 [Time-limited test] INFO  minikdc.MiniKdc (MiniKdc.java:<init>(226)) - ---------------------------------------------------------------
2023-06-07 12:10:27,229 [Time-limited test] INFO  minikdc.MiniKdc (MiniKdc.java:<init>(228)) -   debug: false
2023-06-07 12:10:27,229 [Time-limited test] INFO  minikdc.MiniKdc (MiniKdc.java:<init>(228)) -   transport: TCP
2023-06-07 12:10:27,229 [Time-limited test] INFO  minikdc.MiniKdc (MiniKdc.java:<init>(228)) -   max.ticket.lifetime: 86400000
2023-06-07 12:10:27,229 [Time-limited test] INFO  minikdc.MiniKdc (MiniKdc.java:<init>(228)) -   org.name: EXAMPLE
2023-06-07 12:10:27,229 [Time-limited test] INFO  minikdc.MiniKdc (MiniKdc.java:<init>(228)) -   kdc.port: 0
2023-06-07 12:10:27,229 [Time-limited test] INFO  minikdc.MiniKdc (MiniKdc.java:<init>(228)) -   org.domain: COM
2023-06-07 12:10:27,229 [Time-limited test] INFO  minikdc.MiniKdc (MiniKdc.java:<init>(228)) -   max.renewable.lifetime: 604800000
2023-06-07 12:10:27,229 [Time-limited test] INFO  minikdc.MiniKdc (MiniKdc.java:<init>(228)) -   instance: DefaultKrbServer
2023-06-07 12:10:27,229 [Time-limited test] INFO  minikdc.MiniKdc (MiniKdc.java:<init>(228)) -   kdc.bind.address: localhost
2023-06-07 12:10:27,229 [Time-limited test] INFO  minikdc.MiniKdc (MiniKdc.java:<init>(230)) - ---------------------------------------------------------------
2023-06-07 12:10:27,231 [Time-limited test] INFO  minikdc.MiniKdc (MiniKdc.java:start(285)) - MiniKdc started.
2023-06-07 12:10:27,682 [Time-limited test] WARN  server.ServerUtils (ServerUtils.java:getDBPath(311)) - ozone.om.db.dirs is not configured. We recommend adding this setting. Falling back to ozone.metadata.dirs instead.
2023-06-07 12:10:27,684 [Time-limited test] INFO  ha.OMHANodeDetails (OMHANodeDetails.java:loadOMHAConfig(115)) - ozone.om.internal.service.id is not defined, falling back to ozone.om.service.ids to find serviceID for OzoneManager if it is HA enabled cluster
2023-06-07 12:10:27,684 [Time-limited test] INFO  ha.OMHANodeDetails (OMHANodeDetails.java:loadOMHAConfig(226)) - Configuration does not have ozone.om.address set. Falling back to the default OM address fv-az83-744/10.1.0.7:1202
2023-06-07 12:10:27,684 [Time-limited test] INFO  ha.OMHANodeDetails (OMHANodeDetails.java:getOMNodeDetailsForNonHA(254)) - OM Service ID is not set. Setting it to the default ID: omServiceIdDefault
2023-06-07 12:10:27,685 [Time-limited test] INFO  ha.OMHANodeDetails (OMHANodeDetails.java:getOMNodeDetailsForNonHA(261)) - OM Node ID is not set. Setting it to the default ID: om1
2023-06-07 12:10:27,685 [Time-limited test] WARN  server.ServerUtils (ServerUtils.java:getDBPath(311)) - ozone.om.db.dirs is not configured. We recommend adding this setting. Falling back to ozone.metadata.dirs instead.
2023-06-07 12:10:27,686 [Time-limited test] INFO  upgrade.AbstractLayoutVersionManager (AbstractLayoutVersionManager.java:init(83)) - Initializing Layout version manager with metadata layout = FILESYSTEM_SNAPSHOT (version = 5), software layout = FILESYSTEM_SNAPSHOT (version = 5)
2023-06-07 12:10:27,746 [Time-limited test] INFO  reflections.Reflections (Reflections.java:scan(232)) - Reflections took 59 ms to scan 2 urls, producing 177 keys and 490 values [using 2 cores]
2023-06-07 12:10:27,746 [Time-limited test] INFO  upgrade.OMLayoutVersionManager (OMLayoutVersionManager.java:lambda$0(115)) - Skipping Upgrade Action MockOmUpgradeAction since it has been finalized.
2023-06-07 12:10:27,750 [pool-624-thread-1] INFO  request.KdcRequest (KdcRequest.java:preauth(651)) - The preauth data is empty.
2023-06-07 12:10:27,751 [pool-624-thread-1] INFO  server.KdcHandler (KdcHandler.java:handleRecoverableException(177)) - KRB error occurred while processing request:Additional pre-authentication required
2023-06-07 12:10:27,757 [pool-624-thread-1] INFO  request.AsRequest (AsRequest.java:issueTicket(112)) - AS_REQ ISSUE: authtime 1686139827757,om/fv-az83-744@EXAMPLE.COM for krbtgt/EXAMPLE.COM@EXAMPLE.COM
2023-06-07 12:10:27,758 [Time-limited test] INFO  security.UserGroupInformation (UserGroupInformation.java:loginUserFromKeytab(1132)) - Login successful for user om/fv-az83-744@EXAMPLE.COM using keytab file om.keytab. Keytab auto renewal enabled : false
2023-06-07 12:10:27,758 [Time-limited test] INFO  om.OzoneManager (OzoneManager.java:loginOMUser(1134)) - Ozone Manager login successful.
2023-06-07 12:10:27,758 [Time-limited test] WARN  server.ServerUtils (ServerUtils.java:getDBPath(311)) - ozone.om.db.dirs is not configured. We recommend adding this setting. Falling back to ozone.metadata.dirs instead.
2023-06-07 12:10:27,759 [Time-limited test] INFO  proxy.SCMBlockLocationFailoverProxyProvider (SCMBlockLocationFailoverProxyProvider.java:<init>(114)) - Created block location fail-over proxy with 1 nodes: [nodeId=scmNodeId,nodeAddress=localhost/127.0.0.1:9863]
2023-06-07 12:10:27,760 [Time-limited test] INFO  om.OzoneManager (OzoneManager.java:getOmDetailsProto(4485)) - OzoneManager ports added:[name: "RPC"
value: 1202
]
2023-06-07 12:10:27,761 [Time-limited test] INFO  om.OzoneManager (OzoneManager.java:<init>(637)) - OM start with adminUsers: [om/fv-az83-744@EXAMPLE.COM, om]
2023-06-07 12:10:27,766 [Time-limited test] WARN  server.ServerUtils (ServerUtils.java:getDBPath(311)) - ozone.om.db.dirs is not configured. We recommend adding this setting. Falling back to ozone.metadata.dirs instead.
2023-06-07 12:10:27,766 [Time-limited test] INFO  helpers.OmKeyInfo (OmKeyInfo.java:getCodec(71)) - OmKeyInfo.getCodec ignorePipeline = true
2023-06-07 12:10:27,944 [Time-limited test] INFO  om.OzoneManager (OzoneManager.java:instantiateServices(766)) - S3 Multi-Tenancy is disabled
2023-06-07 12:10:27,945 [Time-limited test] INFO  security.OzoneSecretStore (OzoneSecretStore.java:loadState(69)) - Loaded 0 tokens
2023-06-07 12:10:27,945 [Time-limited test] INFO  security.OzoneDelegationTokenSecretManager (OzoneDelegationTokenSecretManager.java:loadTokenSecretState(530)) - Loading token state into token manager.
2023-06-07 12:10:27,945 [Time-limited test] INFO  om.OmSnapshotManager (OmSnapshotManager.java:<init>(170)) - Ozone filesystem snapshot feature is enabled.
2023-06-07 12:10:27,945 [Time-limited test] WARN  server.ServerUtils (ServerUtils.java:getDBPath(311)) - ozone.om.snapshot.diff.db.dir is not configured. We recommend adding this setting. Falling back to ozone.metadata.dirs instead.
2023-06-07 12:10:27,964 [Time-limited test] INFO  utils.NativeLibraryLoader (NativeLibraryLoader.java:loadLibrary(103)) - Loading Library: ozone_rocksdb_tools
2023-06-07 12:10:27,966 [Time-limited test] INFO  om.OzoneManager (OzoneManager.java:addS3GVolumeToDB(4236)) - Created Volume s3v With Owner om required for S3Gateway operations.
2023-06-07 12:10:27,967 [Time-limited test] WARN  server.ServerUtils (ServerUtils.java:getDefaultRatisDirectory(323)) - Storage directory for Ratis is not configured. It is a good idea to map this to an SSD disk. Falling back to ozone.metadata.dirs
2023-06-07 12:10:27,967 [Time-limited test] WARN  utils.OzoneManagerRatisUtils (OzoneManagerRatisUtils.java:getOMRatisSnapshotDirectory(461)) - ozone.om.ratis.snapshot.dir is not configured. Falling back to ozone.metadata.dirs config
2023-06-07 12:10:27,968 [Time-limited test] WARN  server.ServerUtils (ServerUtils.java:getDefaultRatisDirectory(323)) - Storage directory for Ratis is not configured. It is a good idea to map this to an SSD disk. Falling back to ozone.metadata.dirs
2023-06-07 12:10:27,969 [Time-limited test] INFO  ratis.OzoneManagerRatisServer (OzoneManagerRatisServer.java:<init>(163)) - Instantiating OM Ratis server with groupID: omServiceIdDefault and peers: fv-az83-744:9872
2023-06-07 12:10:27,969 [Time-limited test] INFO  ratis.OzoneManagerStateMachine (OzoneManagerStateMachine.java:loadSnapshotInfoFromDB(670)) - LastAppliedIndex is set from TransactionInfo from OM DB as (t:0, i:~)
2023-06-07 12:10:27,970 [Time-limited test] INFO  server.RaftServer (ConfUtils.java:logGet(46)) - raft.rpc.type = GRPC (default)
2023-06-07 12:10:27,970 [Time-limited test] INFO  grpc.GrpcConfigKeys (ConfUtils.java:logFallback(53)) - raft.grpc.admin.host = null (fallback to raft.grpc.server.host)
2023-06-07 12:10:27,970 [Time-limited test] INFO  grpc.GrpcConfigKeys (ConfUtils.java:logFallback(53)) - raft.grpc.admin.port = 9872 (fallback to raft.grpc.server.port)
2023-06-07 12:10:27,970 [Time-limited test] INFO  grpc.GrpcConfigKeys (ConfUtils.java:logFallback(53)) - raft.grpc.client.host = null (fallback to raft.grpc.server.host)
2023-06-07 12:10:27,970 [Time-limited test] INFO  grpc.GrpcConfigKeys (ConfUtils.java:logFallback(53)) - raft.grpc.client.port = 9872 (fallback to raft.grpc.server.port)
2023-06-07 12:10:27,970 [Time-limited test] INFO  grpc.GrpcConfigKeys (ConfUtils.java:logGet(46)) - raft.grpc.server.host = null (default)
2023-06-07 12:10:27,970 [Time-limited test] INFO  grpc.GrpcConfigKeys (ConfUtils.java:logGet(46)) - raft.grpc.server.port = 9872 (custom)
2023-06-07 12:10:27,970 [Time-limited test] INFO  server.GrpcService (ConfUtils.java:logGet(46)) - raft.grpc.message.size.max = 33554432 (custom)
2023-06-07 12:10:27,971 [Time-limited test] INFO  server.RaftServerConfigKeys (ConfUtils.java:logGet(46)) - raft.server.log.appender.buffer.byte-limit = 33554432 (custom)
2023-06-07 12:10:27,971 [Time-limited test] INFO  server.GrpcService (ConfUtils.java:logGet(46)) - raft.grpc.flow.control.window = 1MB (=1048576) (default)
2023-06-07 12:10:27,971 [Time-limited test] INFO  server.RaftServerConfigKeys (ConfUtils.java:logGet(46)) - raft.server.rpc.request.timeout = 3000ms (default)
2023-06-07 12:10:27,971 [Time-limited test] INFO  grpc.GrpcConfigKeys (ConfUtils.java:logGet(46)) - raft.grpc.server.heartbeat.channel = true (default)
2023-06-07 12:10:27,971 [Time-limited test] INFO  grpc.GrpcConfigKeys (ConfUtils.java:logGet(46)) - raft.grpc.server.async.request.thread.pool.cached = true (default)
2023-06-07 12:10:27,971 [Time-limited test] INFO  grpc.GrpcConfigKeys (ConfUtils.java:logGet(46)) - raft.grpc.server.async.request.thread.pool.size = 32 (default)
2023-06-07 12:10:27,972 [Time-limited test] INFO  impl.DataStreamServerImpl (ConfUtils.java:logGet(46)) - raft.datastream.type = DISABLED (default)
2023-06-07 12:10:27,972 [Time-limited test] INFO  server.RaftServerConfigKeys (ConfUtils.java:logGet(46)) - raft.server.threadpool.proxy.cached = true (default)
2023-06-07 12:10:27,972 [Time-limited test] INFO  server.RaftServerConfigKeys (ConfUtils.java:logGet(46)) - raft.server.threadpool.proxy.size = 0 (default)
2023-06-07 12:10:27,972 [Time-limited test] INFO  server.RaftServerConfigKeys (ConfUtils.java:logGet(46)) - raft.server.rpc.slowness.timeout = 120s (custom)
2023-06-07 12:10:27,972 [Time-limited test] INFO  server.RaftServerConfigKeys (ConfUtils.java:logGet(46)) - raft.server.leaderelection.leader.step-down.wait-time = 10s (default)
2023-06-07 12:10:27,972 [Time-limited test] INFO  server.RaftServerConfigKeys (ConfUtils.java:logGet(46)) - raft.server.storage.dir = [/tmp/junit2569675719178171284/junit4904795765540482071/om-meta/ratis] (custom)
2023-06-07 12:10:27,973 [Time-limited test] INFO  server.RaftServer (RaftServerProxy.java:addNew(98)) - om1: addNew group-C5BA1605619E:[om1|rpc:fv-az83-744:9872|priority:0|startupRole:FOLLOWER] returns group-C5BA1605619E:java.util.concurrent.CompletableFuture@7f045446[Not completed]
2023-06-07 12:10:27,973 [Time-limited test] INFO  om.OzoneManager (OzoneManager.java:initializeRatisServer(2107)) - OzoneManager Ratis server initialized at port 9872
2023-06-07 12:10:27,973 [Time-limited test] INFO  om.OzoneManager (OzoneManager.java:getRpcServer(1166)) - Creating RPC Server
2023-06-07 12:10:27,973 [om1-groupManagement] INFO  server.RaftServer$Division (RaftServerImpl.java:<init>(198)) - om1: new RaftServerImpl for group-C5BA1605619E:[om1|rpc:fv-az83-744:9872|priority:0|startupRole:FOLLOWER] with OzoneManagerStateMachine:uninitialized
2023-06-07 12:10:27,976 [om1-groupManagement] INFO  server.RaftServerConfigKeys (ConfUtils.java:logGet(46)) - raft.server.rpc.timeout.min = 5s (custom)
2023-06-07 12:10:27,976 [om1-groupManagement] INFO  server.RaftServerConfigKeys (ConfUtils.java:logGet(46)) - raft.server.rpc.timeout.max = 5200ms (custom)
2023-06-07 12:10:27,976 [om1-groupManagement] INFO  server.RaftServerConfigKeys (ConfUtils.java:logGet(46)) - raft.server.rpc.sleep.time = 25ms (default)
2023-06-07 12:10:27,977 [om1-groupManagement] INFO  server.RaftServerConfigKeys (ConfUtils.java:logGet(46)) - raft.server.rpc.slowness.timeout = 120s (custom)
2023-06-07 12:10:27,977 [om1-groupManagement] INFO  server.RaftServerConfigKeys (ConfUtils.java:logGet(46)) - raft.server.leaderelection.leader.step-down.wait-time = 10s (default)
2023-06-07 12:10:27,977 [om1-groupManagement] INFO  server.RaftServerConfigKeys (ConfUtils.java:logGet(46)) - raft.server.sleep.deviation.threshold = 300ms (default)
2023-06-07 12:10:27,977 [om1-groupManagement] INFO  server.RaftServer$Division (ServerState.java:<init>(120)) - om1@group-C5BA1605619E: ConfigurationManager, init=-1: peers:[om1|rpc:fv-az83-744:9872|priority:0|startupRole:FOLLOWER]|listeners:[], old=null, confs=<EMPTY_MAP>
2023-06-07 12:10:27,977 [om1-groupManagement] INFO  server.RaftServerConfigKeys (ConfUtils.java:logGet(46)) - raft.server.storage.dir = [/tmp/junit2569675719178171284/junit4904795765540482071/om-meta/ratis] (custom)
2023-06-07 12:10:27,977 [om1-groupManagement] INFO  server.RaftServerConfigKeys (ConfUtils.java:logGet(46)) - raft.server.log.corruption.policy = EXCEPTION (default)
2023-06-07 12:10:27,977 [om1-groupManagement] INFO  server.RaftServerConfigKeys (ConfUtils.java:logGet(46)) - raft.server.storage.free-space.min = 0MB (=0) (default)
2023-06-07 12:10:27,977 [om1-groupManagement] INFO  server.RaftServerConfigKeys (ConfUtils.java:logGet(46)) - raft.server.notification.no-leader.timeout = 120s (custom)
2023-06-07 12:10:27,977 [om1-groupManagement] INFO  server.RaftServerConfigKeys (ConfUtils.java:logGet(46)) - raft.server.read.timeout = 10s (default)
2023-06-07 12:10:27,977 [om1-groupManagement] INFO  server.RaftServerConfigKeys (ConfUtils.java:logGet(46)) - raft.server.retrycache.expirytime = 300s (custom)
2023-06-07 12:10:27,977 [om1-groupManagement] INFO  server.RaftServerConfigKeys (ConfUtils.java:logGet(46)) - raft.server.retrycache.statistics.expirytime = 100μs (default)
2023-06-07 12:10:27,977 [om1-groupManagement] INFO  server.RaftServerConfigKeys (ConfUtils.java:logGet(46)) - raft.server.read.option = DEFAULT (default)
2023-06-07 12:10:27,978 [om1-groupManagement] INFO  server.RaftServerConfigKeys (ConfUtils.java:logGet(46)) - raft.server.rpc.request.timeout = 3000ms (default)
2023-06-07 12:10:27,978 [om1-groupManagement] INFO  server.RaftServerConfigKeys (ConfUtils.java:logGet(46)) - raft.server.log.appender.install.snapshot.enabled = false (custom)
2023-06-07 12:10:27,978 [om1-groupManagement] INFO  server.RaftServerConfigKeys (ConfUtils.java:logGet(46)) - raft.server.threadpool.server.cached = true (default)
2023-06-07 12:10:27,978 [om1-groupManagement] INFO  server.RaftServerConfigKeys (ConfUtils.java:logGet(46)) - raft.server.threadpool.server.size = 0 (default)
2023-06-07 12:10:27,979 [om1-groupManagement] INFO  server.RaftServerConfigKeys (ConfUtils.java:logGet(46)) - raft.server.threadpool.client.cached = true (default)
2023-06-07 12:10:27,979 [om1-groupManagement] INFO  server.RaftServerConfigKeys (ConfUtils.java:logGet(46)) - raft.server.threadpool.client.size = 0 (default)
2023-06-07 12:10:28,270 [Time-limited test] INFO  reflections.Reflections (Reflections.java:scan(232)) - Reflections took 296 ms to scan 19 urls, producing 69 keys and 5294 values [using 2 cores]
2023-06-07 12:10:28,271 [Time-limited test] INFO  ipc.CallQueueManager (CallQueueManager.java:<init>(90)) - Using callQueue: class java.util.concurrent.LinkedBlockingQueue, queueCapacity: 10000, scheduler: class org.apache.hadoop.ipc.DefaultRpcScheduler, ipcBackoff: false.
2023-06-07 12:10:28,272 [Socket Reader #1 for port 1202] INFO  ipc.Server (Server.java:run(1319)) - Starting Socket Reader #1 for port 1202
2023-06-07 12:10:28,273 [Listener at fv-az83-744/1202] INFO  hdds.HddsUtils (HddsUtils.java:preserveThreadName(843)) - Restoring thread name: Time-limited test
2023-06-07 12:10:28,565 [Time-limited test] INFO  utils.SelfSignedCertificate (SelfSignedCertificate.java:generateCertificate(158)) - Certificate 1 is issued by CN=rootCA@localhost,OU=scm1,O=cluster1 to CN=rootCA@localhost,OU=scm1,O=cluster1, valid from Wed Jun 07 12:10:28 UTC 2023 to Sat Jul 15 12:10:28 UTC 2028
2023-06-07 12:10:28,571 [Time-limited test] INFO  impl.MetricsSystemImpl (MetricsSystemImpl.java:init(158)) - OzoneManager metrics system started (again)
2023-06-07 12:10:28,582 [Time-limited test] INFO  om.OzoneManager (OzoneManager.java:start(1588)) - OzoneManager RPC server is listening at fv-az83-744/10.1.0.7:1202
2023-06-07 12:10:28,582 [Time-limited test] INFO  ratis.OzoneManagerRatisServer (OzoneManagerRatisServer.java:start(558)) - Starting OzoneManagerRatisServer om1 at port 9872
2023-06-07 12:10:28,582 [om1-impl-thread1] INFO  storage.RaftStorageDirectory (RaftStorageDirectoryImpl.java:analyzeStorage(137)) - The storage directory /tmp/junit2569675719178171284/junit4904795765540482071/om-meta/ratis/bf265839-605b-3f16-9796-c5ba1605619e does not exist. Creating ...
2023-06-07 12:10:28,583 [om1-impl-thread1] INFO  storage.RaftStorageDirectory (RaftStorageDirectoryImpl.java:tryLock(231)) - Lock on /tmp/junit2569675719178171284/junit4904795765540482071/om-meta/ratis/bf265839-605b-3f16-9796-c5ba1605619e/in_use.lock acquired by nodename 72539@fv-az83-744
2023-06-07 12:10:28,584 [om1-impl-thread1] INFO  storage.RaftStorage (RaftStorageImpl.java:format(96)) - Storage directory /tmp/junit2569675719178171284/junit4904795765540482071/om-meta/ratis/bf265839-605b-3f16-9796-c5ba1605619e has been successfully formatted.
2023-06-07 12:10:28,585 [om1-impl-thread1] INFO  server.RaftServerConfigKeys (ConfUtils.java:logGet(46)) - raft.server.log.use.memory = false (default)
2023-06-07 12:10:28,585 [om1-impl-thread1] INFO  server.RaftServerConfigKeys (ConfUtils.java:logGet(46)) - raft.server.log.purge.gap = 1000000 (custom)
2023-06-07 12:10:28,585 [om1-impl-thread1] INFO  server.RaftServerConfigKeys (ConfUtils.java:logGet(46)) - raft.server.log.appender.buffer.byte-limit = 33554432 (custom)
2023-06-07 12:10:28,585 [om1-impl-thread1] INFO  server.RaftServerConfigKeys (ConfUtils.java:logGet(46)) - raft.server.log.statemachine.data.read.timeout = 1000ms (default)
2023-06-07 12:10:28,585 [om1-impl-thread1] INFO  server.RaftServerConfigKeys (ConfUtils.java:logGet(46)) - raft.server.log.purge.preservation.log.num = 0 (default)
2023-06-07 12:10:28,585 [om1-impl-thread1] INFO  server.RaftServerConfigKeys (ConfUtils.java:logGet(46)) - raft.server.log.segment.size.max = 4194304 (custom)
2023-06-07 12:10:28,585 [om1-impl-thread1] INFO  server.RaftServerConfigKeys (ConfUtils.java:logGet(46)) - raft.server.log.segment.cache.num.max = 2 (custom)
2023-06-07 12:10:28,585 [om1-impl-thread1] INFO  server.RaftServerConfigKeys (ConfUtils.java:logGet(46)) - raft.server.log.segment.cache.size.max = 200MB (=209715200) (default)
2023-06-07 12:10:28,585 [om1-impl-thread1] INFO  server.RaftServerConfigKeys (ConfUtils.java:logGet(46)) - raft.server.log.appender.buffer.byte-limit = 33554432 (custom)
2023-06-07 12:10:28,585 [om1-impl-thread1] INFO  segmented.SegmentedRaftLogWorker (SegmentedRaftLogWorker.java:<init>(188)) - new om1@group-C5BA1605619E-SegmentedRaftLogWorker for RaftStorageImpl:Storage Directory /tmp/junit2569675719178171284/junit4904795765540482071/om-meta/ratis/bf265839-605b-3f16-9796-c5ba1605619e
2023-06-07 12:10:28,585 [om1-impl-thread1] INFO  server.RaftServerConfigKeys (ConfUtils.java:logGet(46)) - raft.server.log.queue.byte-limit = 64MB (=67108864) (default)
2023-06-07 12:10:28,586 [om1-impl-thread1] INFO  server.RaftServerConfigKeys (ConfUtils.java:logGet(46)) - raft.server.log.queue.element-limit = 4096 (default)
2023-06-07 12:10:28,586 [om1-impl-thread1] INFO  server.RaftServerConfigKeys (ConfUtils.java:logGet(46)) - raft.server.log.segment.size.max = 4194304 (custom)
2023-06-07 12:10:28,586 [om1-impl-thread1] INFO  server.RaftServerConfigKeys (ConfUtils.java:logGet(46)) - raft.server.log.preallocated.size = 4194304 (custom)
2023-06-07 12:10:28,586 [om1-impl-thread1] INFO  server.RaftServerConfigKeys (ConfUtils.java:logGet(46)) - raft.server.log.force.sync.num = 128 (default)
2023-06-07 12:10:28,586 [om1-impl-thread1] INFO  server.RaftServerConfigKeys (ConfUtils.java:logGet(46)) - raft.server.log.statemachine.data.sync = true (default)
2023-06-07 12:10:28,586 [om1-impl-thread1] INFO  server.RaftServerConfigKeys (ConfUtils.java:logGet(46)) - raft.server.log.statemachine.data.sync.timeout = 10s (default)
2023-06-07 12:10:28,586 [om1-impl-thread1] INFO  server.RaftServerConfigKeys (ConfUtils.java:logGet(46)) - raft.server.log.statemachine.data.sync.timeout.retry = -1 (default)
2023-06-07 12:10:28,586 [om1-impl-thread1] INFO  server.RaftServerConfigKeys (ConfUtils.java:logGet(46)) - raft.server.log.write.buffer.size = 64KB (=65536) (default)
2023-06-07 12:10:28,586 [om1-impl-thread1] INFO  server.RaftServerConfigKeys (ConfUtils.java:logGet(46)) - raft.server.log.appender.buffer.byte-limit = 33554432 (custom)
2023-06-07 12:10:28,591 [om1-impl-thread1] INFO  server.RaftServerConfigKeys (ConfUtils.java:logGet(46)) - raft.server.log.unsafe-flush.enabled = false (default)
2023-06-07 12:10:28,591 [om1-impl-thread1] INFO  server.RaftServerConfigKeys (ConfUtils.java:logGet(46)) - raft.server.log.async-flush.enabled = false (default)
2023-06-07 12:10:28,591 [om1-impl-thread1] INFO  server.RaftServerConfigKeys (ConfUtils.java:logGet(46)) - raft.server.log.statemachine.data.caching.enabled = false (default)
2023-06-07 12:10:28,592 [om1-impl-thread1] INFO  segmented.SegmentedRaftLogWorker (SegmentedRaftLogWorker.java:lambda$new$0(135)) - om1@group-C5BA1605619E-SegmentedRaftLogWorker: flushIndex: setUnconditionally 0 -> -1
2023-06-07 12:10:28,592 [om1-impl-thread1] INFO  segmented.SegmentedRaftLogWorker (SegmentedRaftLogWorker.java:lambda$new$0(135)) - om1@group-C5BA1605619E-SegmentedRaftLogWorker: safeCacheEvictIndex: setUnconditionally 0 -> -1
2023-06-07 12:10:28,592 [om1-impl-thread1] INFO  server.RaftServer$Division (RaftServerImpl.java:start(342)) - om1@group-C5BA1605619E: start as a follower, conf=-1: peers:[om1|rpc:fv-az83-744:9872|priority:0|startupRole:FOLLOWER]|listeners:[], old=null
2023-06-07 12:10:28,592 [om1-impl-thread1] INFO  server.RaftServer$Division (RaftServerImpl.java:setRole(329)) - om1@group-C5BA1605619E: changes role from      null to FOLLOWER at term 0 for startAsFollower
2023-06-07 12:10:28,595 [om1-impl-thread1] INFO  impl.RoleInfo (RoleInfo.java:updateAndGet(139)) - om1: start om1@group-C5BA1605619E-FollowerState
2023-06-07 12:10:28,596 [om1-impl-thread1] INFO  util.JmxRegister (JmxRegister.java:tryRegister(44)) - Successfully registered JMX Bean with object name Ratis:service=RaftServer,group=group-C5BA1605619E,id=om1
2023-06-07 12:10:28,596 [om1-impl-thread1] INFO  server.RaftServerConfigKeys (ConfUtils.java:logGet(46)) - raft.server.snapshot.auto.trigger.enabled = true (custom)
2023-06-07 12:10:28,596 [om1-impl-thread1] INFO  server.RaftServerConfigKeys (ConfUtils.java:logGet(46)) - raft.server.snapshot.auto.trigger.threshold = 400000 (default)
2023-06-07 12:10:28,596 [om1-impl-thread1] INFO  server.RaftServerConfigKeys (ConfUtils.java:logGet(46)) - raft.server.snapshot.retention.file.num = -1 (default)
2023-06-07 12:10:28,596 [om1-impl-thread1] INFO  server.RaftServerConfigKeys (ConfUtils.java:logGet(46)) - raft.server.log.purge.upto.snapshot.index = true (custom)
2023-06-07 12:10:28,596 [om1@group-C5BA1605619E-FollowerState] INFO  server.RaftServerConfigKeys (ConfUtils.java:logFallback(53)) - raft.server.rpc.first-election.timeout.min = 5s (fallback to raft.server.rpc.timeout.min)
2023-06-07 12:10:28,596 [om1@group-C5BA1605619E-FollowerState] INFO  server.RaftServerConfigKeys (ConfUtils.java:logFallback(53)) - raft.server.rpc.first-election.timeout.max = 5200ms (fallback to raft.server.rpc.timeout.max)
2023-06-07 12:10:28,597 [Time-limited test] INFO  server.RaftServer (RaftServerProxy.java:startImpl(400)) - om1: start RPC server
2023-06-07 12:10:28,598 [Time-limited test] INFO  server.GrpcService (GrpcService.java:startImpl(302)) - om1: GrpcService started, listening on 9872
2023-06-07 12:10:28,598 [Time-limited test] INFO  om.OzoneManager (OzoneManager.java:startSecretManager(1088)) - Starting OM delegation token secret manager
2023-06-07 12:10:28,598 [JvmPauseMonitor10] INFO  util.JvmPauseMonitor (JvmPauseMonitor.java:run(103)) - JvmPauseMonitor-om1: Started
2023-06-07 12:10:28,598 [Time-limited test] INFO  security.OzoneDelegationTokenSecretManager (OzoneSecretManager.java:updateCurrentKey(175)) - Updating current master key for generating tokens. Cert id 4089145016543
2023-06-07 12:10:28,599 [Thread[Thread-2515,5,FailOnTimeoutGroup]] INFO  security.OzoneDelegationTokenSecretManager (OzoneDelegationTokenSecretManager.java:run(636)) - Starting expired delegation token remover thread, tokenRemoverScanInterval=60 min(s)
2023-06-07 12:10:28,599 [Time-limited test] INFO  om.OzoneManager (OzoneManager.java:start(1604)) - Version File has different layout version (5) than OM DB (null). That is expected if this OM has never been finalized to a newer layout version.
2023-06-07 12:10:28,604 [Time-limited test] INFO  http.BaseHttpServer (BaseHttpServer.java:newHttpServer2BuilderForOzone(224)) - Starting Web-server for ozoneManager at: http://0.0.0.0:9874
2023-06-07 12:10:28,604 [Time-limited test] INFO  http.BaseHttpServer (BaseHttpServer.java:<init>(111)) - Hadoop Security Enabled: true Ozone Security Enabled: true Ozone HTTP Security Enabled: false 
2023-06-07 12:10:28,605 [Time-limited test] WARN  server.AuthenticationFilter (AuthenticationFilter.java:constructSecretProvider(240)) - Unable to initialize FileSignerSecretProvider, falling back to use random secrets. Reason: Could not read signature secret file: /home/runner/hadoop-http-auth-signature-secret
2023-06-07 12:10:28,607 [Time-limited test] INFO  http.HttpRequestLog (HttpRequestLog.java:getRequestLog(86)) - Http request log for http.requests.ozoneManager is not defined
2023-06-07 12:10:28,608 [Time-limited test] INFO  http.HttpServer2 (HttpServer2.java:addGlobalFilter(1031)) - Added global filter 'safety' (class=org.apache.hadoop.hdds.server.http.HttpServer2$QuotingInputFilter)
2023-06-07 12:10:28,609 [Time-limited test] INFO  http.HttpServer2 (HttpServer2.java:addFilter(1007)) - Added filter static_user_filter (class=org.apache.hadoop.http.lib.StaticUserWebFilter$StaticUserFilter) to context ozoneManager
2023-06-07 12:10:28,609 [Time-limited test] INFO  http.HttpServer2 (HttpServer2.java:addFilter(1015)) - Added filter static_user_filter (class=org.apache.hadoop.http.lib.StaticUserWebFilter$StaticUserFilter) to context static
2023-06-07 12:10:28,609 [Time-limited test] INFO  http.HttpServer2 (HttpServer2.java:addFilter(1015)) - Added filter static_user_filter (class=org.apache.hadoop.http.lib.StaticUserWebFilter$StaticUserFilter) to context logs
2023-06-07 12:10:28,610 [Time-limited test] INFO  http.BaseHttpServer (BaseHttpServer.java:<init>(190)) - HTTP server of ozoneManager uses base directory /tmp/junit2569675719178171284/junit4904795765540482071/om-meta/webserver
2023-06-07 12:10:28,610 [Time-limited test] INFO  http.HttpServer2 (HttpServer2.java:bindListener(1250)) - Jetty bound to port 9874
2023-06-07 12:10:28,610 [Time-limited test] INFO  server.Server (Server.java:doStart(375)) - jetty-9.4.51.v20230217; built: 2023-02-17T08:19:37.309Z; git: b45c405e4544384de066f814ed42ae3dceacdd49; jvm 1.8.0_372-b07
2023-06-07 12:10:28,612 [Time-limited test] INFO  server.session (DefaultSessionIdManager.java:doStart(334)) - DefaultSessionIdManager workerName=node0
2023-06-07 12:10:28,612 [Time-limited test] INFO  server.session (DefaultSessionIdManager.java:doStart(339)) - No SessionScavenger set, using defaults
2023-06-07 12:10:28,612 [Time-limited test] INFO  server.session (HouseKeeper.java:startScavenging(132)) - node0 Scavenging every 660000ms
2023-06-07 12:10:28,613 [Time-limited test] INFO  handler.ContextHandler (ContextHandler.java:doStart(921)) - Started o.e.j.s.ServletContextHandler@144457d{logs,/logs,file:///home/runner/work/ozone/ozone/hadoop-ozone/integration-test/target/log,AVAILABLE}
2023-06-07 12:10:28,613 [Time-limited test] INFO  handler.ContextHandler (ContextHandler.java:doStart(921)) - Started o.e.j.s.ServletContextHandler@69f671ce{static,/static,file:///home/runner/work/ozone/ozone/hadoop-ozone/integration-test/target/test-classes/webapps/static,AVAILABLE}
2023-06-07 12:10:28,622 [Time-limited test] INFO  handler.ContextHandler (ContextHandler.java:doStart(921)) - Started o.e.j.w.WebAppContext@1811d2f5{ozoneManager,/,file:///home/runner/work/ozone/ozone/hadoop-ozone/integration-test/target/test-classes/webapps/ozoneManager/,AVAILABLE}{file:/home/runner/work/ozone/ozone/hadoop-ozone/integration-test/target/test-classes/webapps/ozoneManager}
2023-06-07 12:10:28,624 [Time-limited test] INFO  server.AbstractConnector (AbstractConnector.java:doStart(333)) - Started ServerConnector@57af90c1{HTTP/1.1, (http/1.1)}{0.0.0.0:9874}
2023-06-07 12:10:28,624 [Time-limited test] INFO  server.Server (Server.java:doStart(415)) - Started @153633ms
2023-06-07 12:10:28,624 [Time-limited test] WARN  impl.MetricsSystemImpl (MetricsSystemImpl.java:register(279)) - Sink prometheus already exists!
2023-06-07 12:10:28,624 [Time-limited test] INFO  http.BaseHttpServer (BaseHttpServer.java:updateConnectorAddress(344)) - HTTP server of ozoneManager listening at http://0.0.0.0:9874
2023-06-07 12:10:28,625 [IPC Server Responder] INFO  ipc.Server (Server.java:run(1558)) - IPC Server Responder: starting
2023-06-07 12:10:28,625 [IPC Server listener on 1202] INFO  ipc.Server (Server.java:run(1398)) - IPC Server listener on 1202: starting
2023-06-07 12:10:28,633 [Time-limited test] INFO  om.OzoneManager (OzoneManager.java:startTrashEmptier(2060)) - Trash Interval set to 0. Files deleted won't move to trash
2023-06-07 12:10:28,641 [pool-624-thread-1] INFO  request.TgsRequest (TgsRequest.java:issueTicket(115)) - TGS_REQ ISSUE: authtime 1686139828641,om/fv-az83-744 for om/fv-az83-744@EXAMPLE.COM
2023-06-07 12:10:28,656 [Socket Reader #1 for port 1202] INFO  ipc.Server (Server.java:saslProcess(2116)) - Auth successful for om/fv-az83-744@EXAMPLE.COM (auth:KERBEROS) from 10.1.0.7:46509
2023-06-07 12:10:30,670 [Time-limited test] INFO  retry.RetryInvocationHandler (RetryInvocationHandler.java:log(422)) - com.google.protobuf.ServiceException: org.apache.hadoop.ipc.RemoteException(org.apache.hadoop.ozone.om.exceptions.OMNotLeaderException): OM:om1 is not the leader. Could not determine the leader node.
	at org.apache.hadoop.ozone.om.OzoneManager.checkLeaderStatus(OzoneManager.java:3948)
	at org.apache.hadoop.ozone.om.ratis.utils.OzoneManagerRatisUtils.checkLeaderStatus(OzoneManagerRatisUtils.java:473)
	at org.apache.hadoop.ozone.protocolPB.OzoneManagerProtocolServerSideTranslatorPB.processRequest(OzoneManagerProtocolServerSideTranslatorPB.java:183)
	at org.apache.hadoop.hdds.server.OzoneProtocolMessageDispatcher.processRequest(OzoneProtocolMessageDispatcher.java:87)
	at org.apache.hadoop.ozone.protocolPB.OzoneManagerProtocolServerSideTranslatorPB.submitRequest(OzoneManagerProtocolServerSideTranslatorPB.java:147)
	at org.apache.hadoop.ozone.protocol.proto.OzoneManagerProtocolProtos$OzoneManagerService$2.callBlockingMethod(OzoneManagerProtocolProtos.java)
	at org.apache.hadoop.ipc.ProtobufRpcEngine$Server.processCall(ProtobufRpcEngine.java:484)
	at org.apache.hadoop.ipc.ProtobufRpcEngine2$Server$ProtoBufRpcInvoker.call(ProtobufRpcEngine2.java:595)
	at org.apache.hadoop.ipc.ProtobufRpcEngine2$Server$ProtoBufRpcInvoker.call(ProtobufRpcEngine2.java:573)
	at org.apache.hadoop.ipc.RPC$Server.call(RPC.java:1213)
	at org.apache.hadoop.ipc.Server$RpcCall.run(Server.java:1089)
	at org.apache.hadoop.ipc.Server$RpcCall.run(Server.java:1012)
	at java.security.AccessController.doPrivileged(Native Method)
	at javax.security.auth.Subject.doAs(Subject.java:422)
	at org.apache.hadoop.security.UserGroupInformation.doAs(UserGroupInformation.java:1899)
	at org.apache.hadoop.ipc.Server$Handler.run(Server.java:3026)
, while invoking $Proxy52.submitRequest over nodeId=null,nodeAddress=fv-az83-744:1202 after 1 failover attempts. Trying to failover after sleeping for 4000ms. Current retry count: 1.
2023-06-07 12:10:33,677 [om1@group-C5BA1605619E-FollowerState] INFO  impl.FollowerState (FollowerState.java:run(143)) - om1@group-C5BA1605619E-FollowerState: change to CANDIDATE, lastRpcElapsedTime:5081257387ns, electionTimeout:5080ms
2023-06-07 12:10:33,677 [om1@group-C5BA1605619E-FollowerState] INFO  impl.RoleInfo (RoleInfo.java:shutdownFollowerState(110)) - om1: shutdown om1@group-C5BA1605619E-FollowerState
2023-06-07 12:10:33,677 [om1@group-C5BA1605619E-FollowerState] INFO  server.RaftServer$Division (RaftServerImpl.java:setRole(329)) - om1@group-C5BA1605619E: changes role from  FOLLOWER to CANDIDATE at term 0 for changeToCandidate
2023-06-07 12:10:33,677 [om1@group-C5BA1605619E-FollowerState] INFO  server.RaftServerConfigKeys (ConfUtils.java:logGet(46)) - raft.server.leaderelection.pre-vote = true (default)
2023-06-07 12:10:33,677 [om1@group-C5BA1605619E-FollowerState] INFO  impl.RoleInfo (RoleInfo.java:updateAndGet(139)) - om1: start om1@group-C5BA1605619E-LeaderElection5
2023-06-07 12:10:33,679 [om1@group-C5BA1605619E-LeaderElection5] INFO  impl.LeaderElection (LeaderElection.java:askForVotes(321)) - om1@group-C5BA1605619E-LeaderElection5 PRE_VOTE round 0: submit vote requests at term 0 for -1: peers:[om1|rpc:fv-az83-744:9872|priority:0|startupRole:FOLLOWER]|listeners:[], old=null
2023-06-07 12:10:33,679 [om1@group-C5BA1605619E-LeaderElection5] INFO  impl.LeaderElection (LeaderElection.java:askForVotes(323)) - om1@group-C5BA1605619E-LeaderElection5 PRE_VOTE round 0: result PASSED (term=0)
2023-06-07 12:10:33,682 [om1@group-C5BA1605619E-LeaderElection5] INFO  impl.LeaderElection (LeaderElection.java:askForVotes(321)) - om1@group-C5BA1605619E-LeaderElection5 ELECTION round 0: submit vote requests at term 1 for -1: peers:[om1|rpc:fv-az83-744:9872|priority:0|startupRole:FOLLOWER]|listeners:[], old=null
2023-06-07 12:10:33,682 [om1@group-C5BA1605619E-LeaderElection5] INFO  impl.LeaderElection (LeaderElection.java:askForVotes(323)) - om1@group-C5BA1605619E-LeaderElection5 ELECTION round 0: result PASSED (term=1)
2023-06-07 12:10:33,682 [om1@group-C5BA1605619E-LeaderElection5] INFO  impl.RoleInfo (RoleInfo.java:shutdownLeaderElection(130)) - om1: shutdown om1@group-C5BA1605619E-LeaderElection5
2023-06-07 12:10:33,682 [om1@group-C5BA1605619E-LeaderElection5] INFO  server.RaftServer$Division (RaftServerImpl.java:setRole(329)) - om1@group-C5BA1605619E: changes role from CANDIDATE to LEADER at term 1 for changeToLeader
2023-06-07 12:10:33,682 [om1@group-C5BA1605619E-LeaderElection5] INFO  server.RaftServer$Division (ServerState.java:setLeader(317)) - om1@group-C5BA1605619E: change Leader from null to om1 at term 1 for becomeLeader, leader elected after 5705ms
2023-06-07 12:10:33,682 [om1@group-C5BA1605619E-LeaderElection5] INFO  server.RaftServerConfigKeys (ConfUtils.java:logGet(46)) - raft.server.staging.catchup.gap = 1000 (default)
2023-06-07 12:10:33,683 [om1@group-C5BA1605619E-LeaderElection5] INFO  server.RaftServerConfigKeys (ConfUtils.java:logGet(46)) - raft.server.write.element-limit = 4096 (default)
2023-06-07 12:10:33,683 [om1@group-C5BA1605619E-LeaderElection5] INFO  server.RaftServerConfigKeys (ConfUtils.java:logGet(46)) - raft.server.write.byte-limit = 64MB (=67108864) (default)
2023-06-07 12:10:33,683 [om1@group-C5BA1605619E-LeaderElection5] INFO  server.RaftServerConfigKeys (ConfUtils.java:logGet(46)) - raft.server.watch.timeout = 10s (default)
2023-06-07 12:10:33,683 [om1@group-C5BA1605619E-LeaderElection5] INFO  server.RaftServerConfigKeys (ConfUtils.java:logGet(46)) - raft.server.watch.timeout.denomination = 1s (default)
2023-06-07 12:10:33,683 [om1@group-C5BA1605619E-LeaderElection5] INFO  server.RaftServerConfigKeys (ConfUtils.java:logGet(46)) - raft.server.watch.element-limit = 65536 (default)
2023-06-07 12:10:33,684 [om1@group-C5BA1605619E-LeaderElection5] INFO  server.RaftServerConfigKeys (ConfUtils.java:logGet(46)) - raft.server.write.element-limit = 4096 (default)
2023-06-07 12:10:33,684 [om1@group-C5BA1605619E-LeaderElection5] INFO  server.RaftServerConfigKeys (ConfUtils.java:logGet(46)) - raft.server.write.follower.gap.ratio.max = -1.0 (default)
2023-06-07 12:10:33,684 [om1@group-C5BA1605619E-LeaderElection5] INFO  impl.RoleInfo (RoleInfo.java:updateAndGet(139)) - om1: start om1@group-C5BA1605619E-LeaderStateImpl
2023-06-07 12:10:33,684 [om1@group-C5BA1605619E-LeaderElection5] INFO  segmented.SegmentedRaftLogWorker (SegmentedRaftLogWorker.java:startLogSegment(447)) - om1@group-C5BA1605619E-SegmentedRaftLogWorker: Starting segment from index:0
2023-06-07 12:10:33,687 [om1@group-C5BA1605619E-LeaderElection5] INFO  server.RaftServer$Division (ServerState.java:setRaftConf(434)) - om1@group-C5BA1605619E: set configuration 0: peers:[om1|rpc:fv-az83-744:9872|admin:|client:|dataStream:|priority:0|startupRole:FOLLOWER]|listeners:[], old=null
2023-06-07 12:10:33,696 [om1@group-C5BA1605619E-SegmentedRaftLogWorker] INFO  segmented.SegmentedRaftLogWorker (SegmentedRaftLogWorker.java:execute(651)) - om1@group-C5BA1605619E-SegmentedRaftLogWorker: created new log segment /tmp/junit2569675719178171284/junit4904795765540482071/om-meta/ratis/bf265839-605b-3f16-9796-c5ba1605619e/current/log_inprogress_0
2023-06-07 12:10:33,698 [om1@group-C5BA1605619E-StateMachineUpdater] INFO  ratis.OzoneManagerStateMachine (OzoneManagerStateMachine.java:notifyConfigurationChanged(201)) - Received Configuration change notification from Ratis. New Peer list:
[id: "om1"
address: "fv-az83-744:9872"
startupRole: FOLLOWER
]
12:10:35.702 [IPC Server handler 8 on default port 1202] ERROR OMAudit - user=om/fv-az83-744@EXAMPLE.COM | ip=10.1.0.7 | op=RENEW_DELEGATION_TOKEN {kind=OzoneToken, service=fv-az83-744:1202, renewer=om} | ret=FAILURE
org.apache.hadoop.ozone.om.exceptions.OMException: om tried to renew an expired token (OzoneToken owner=om/fv-az83-744@EXAMPLE.COM, renewer=om, realUser=, issueDate=2023-06-07T12:10:34.673Z, maxDate=2023-06-07T12:10:35.673Z, sequenceNumber=1, masterKeyId=1, strToSign=null, signature=null, awsAccessKeyId=null, omServiceId=omServiceIdDefault, omCertSerialId=4089145016543) max expiration date: 2023-06-07 12:10:35,673+0000 currentTime: 2023-06-07 12:10:35,698+0000
	at org.apache.hadoop.ozone.security.OzoneDelegationTokenSecretManager.renewToken(OzoneDelegationTokenSecretManager.java:296) ~[ozone-manager-1.4.0-SNAPSHOT.jar:?]
	at org.apache.hadoop.ozone.om.OzoneManager.renewDelegationToken(OzoneManager.java:2347) ~[ozone-manager-1.4.0-SNAPSHOT.jar:?]
	at org.apache.hadoop.ozone.om.request.security.OMRenewDelegationTokenRequest.preExecute(OMRenewDelegationTokenRequest.java:85) ~[ozone-manager-1.4.0-SNAPSHOT.jar:?]
	at org.apache.hadoop.ozone.protocolPB.OzoneManagerProtocolServerSideTranslatorPB.processRequest(OzoneManagerProtocolServerSideTranslatorPB.java:191) ~[ozone-manager-1.4.0-SNAPSHOT.jar:?]
	at org.apache.hadoop.hdds.server.OzoneProtocolMessageDispatcher.processRequest(OzoneProtocolMessageDispatcher.java:87) [hdds-server-framework-1.4.0-SNAPSHOT.jar:?]
	at org.apache.hadoop.ozone.protocolPB.OzoneManagerProtocolServerSideTranslatorPB.submitRequest(OzoneManagerProtocolServerSideTranslatorPB.java:147) [ozone-manager-1.4.0-SNAPSHOT.jar:?]
	at org.apache.hadoop.ozone.protocol.proto.OzoneManagerProtocolProtos$OzoneManagerService$2.callBlockingMethod(OzoneManagerProtocolProtos.java) [ozone-interface-client-1.4.0-SNAPSHOT.jar:?]
	at org.apache.hadoop.ipc.ProtobufRpcEngine$Server.processCall(ProtobufRpcEngine.java:484) [hadoop-common-3.3.5.jar:?]
	at org.apache.hadoop.ipc.ProtobufRpcEngine2$Server$ProtoBufRpcInvoker.call(ProtobufRpcEngine2.java:595) [hadoop-common-3.3.5.jar:?]
	at org.apache.hadoop.ipc.ProtobufRpcEngine2$Server$ProtoBufRpcInvoker.call(ProtobufRpcEngine2.java:573) [hadoop-common-3.3.5.jar:?]
	at org.apache.hadoop.ipc.RPC$Server.call(RPC.java:1213) [hadoop-common-3.3.5.jar:?]
	at org.apache.hadoop.ipc.Server$RpcCall.run(Server.java:1089) [hadoop-common-3.3.5.jar:?]
	at org.apache.hadoop.ipc.Server$RpcCall.run(Server.java:1012) [hadoop-common-3.3.5.jar:?]
	at java.security.AccessController.doPrivileged(Native Method) ~[?:1.8.0_372]
	at javax.security.auth.Subject.doAs(Subject.java:422) [?:1.8.0_372]
	at org.apache.hadoop.security.UserGroupInformation.doAs(UserGroupInformation.java:1899) [hadoop-common-3.3.5.jar:?]
	at org.apache.hadoop.ipc.Server$Handler.run(Server.java:3026) [hadoop-common-3.3.5.jar:?]
2023-06-07 12:10:35,727 [IPC Server handler 7 on default port 1202] ERROR om.OzoneManager (OzoneManager.java:renewDelegationToken(2357)) - Delegation token renewal failed for dt id: OzoneToken owner=om/fv-az83-744@EXAMPLE.COM, renewer=randomService, realUser=, issueDate=2023-06-07T12:10:35.719Z, maxDate=2023-06-07T12:10:36.719Z, sequenceNumber=2, masterKeyId=1, strToSign=null, signature=null, awsAccessKeyId=null, omServiceId=omServiceIdDefault, omCertSerialId=4089145016543, cause: om tries to renew a token (OzoneToken owner=om/fv-az83-744@EXAMPLE.COM, renewer=randomService, realUser=, issueDate=2023-06-07T12:10:35.719Z, maxDate=2023-06-07T12:10:36.719Z, sequenceNumber=2, masterKeyId=1, strToSign=null, signature=null, awsAccessKeyId=null, omServiceId=omServiceIdDefault, omCertSerialId=4089145016543) with non-matching renewer randomService
12:10:35.775 [IPC Server handler 7 on default port 1202] ERROR OMAudit - user=om/fv-az83-744@EXAMPLE.COM | ip=10.1.0.7 | op=RENEW_DELEGATION_TOKEN {kind=OzoneToken, service=fv-az83-744:1202, renewer=randomService} | ret=FAILURE
org.apache.hadoop.ozone.om.exceptions.OMException: Delegation token renewal failed for dt: Kind: OzoneToken, Service: fv-az83-744:1202, Ident: (OzoneToken owner=om/fv-az83-744@EXAMPLE.COM, renewer=randomService, realUser=, issueDate=2023-06-07T12:10:35.719Z, maxDate=2023-06-07T12:10:36.719Z, sequenceNumber=2, masterKeyId=1, strToSign=null, signature=null, awsAccessKeyId=null, omServiceId=omServiceIdDefault, omCertSerialId=4089145016543)
	at org.apache.hadoop.ozone.om.OzoneManager.renewDelegationToken(OzoneManager.java:2359) ~[ozone-manager-1.4.0-SNAPSHOT.jar:?]
	at org.apache.hadoop.ozone.om.request.security.OMRenewDelegationTokenRequest.preExecute(OMRenewDelegationTokenRequest.java:85) ~[ozone-manager-1.4.0-SNAPSHOT.jar:?]
	at org.apache.hadoop.ozone.protocolPB.OzoneManagerProtocolServerSideTranslatorPB.processRequest(OzoneManagerProtocolServerSideTranslatorPB.java:191) ~[ozone-manager-1.4.0-SNAPSHOT.jar:?]
	at org.apache.hadoop.hdds.server.OzoneProtocolMessageDispatcher.processRequest(OzoneProtocolMessageDispatcher.java:87) [hdds-server-framework-1.4.0-SNAPSHOT.jar:?]
	at org.apache.hadoop.ozone.protocolPB.OzoneManagerProtocolServerSideTranslatorPB.submitRequest(OzoneManagerProtocolServerSideTranslatorPB.java:147) [ozone-manager-1.4.0-SNAPSHOT.jar:?]
	at org.apache.hadoop.ozone.protocol.proto.OzoneManagerProtocolProtos$OzoneManagerService$2.callBlockingMethod(OzoneManagerProtocolProtos.java) [ozone-interface-client-1.4.0-SNAPSHOT.jar:?]
	at org.apache.hadoop.ipc.ProtobufRpcEngine$Server.processCall(ProtobufRpcEngine.java:484) [hadoop-common-3.3.5.jar:?]
	at org.apache.hadoop.ipc.ProtobufRpcEngine2$Server$ProtoBufRpcInvoker.call(ProtobufRpcEngine2.java:595) [hadoop-common-3.3.5.jar:?]
	at org.apache.hadoop.ipc.ProtobufRpcEngine2$Server$ProtoBufRpcInvoker.call(ProtobufRpcEngine2.java:573) [hadoop-common-3.3.5.jar:?]
	at org.apache.hadoop.ipc.RPC$Server.call(RPC.java:1213) [hadoop-common-3.3.5.jar:?]
	at org.apache.hadoop.ipc.Server$RpcCall.run(Server.java:1089) [hadoop-common-3.3.5.jar:?]
	at org.apache.hadoop.ipc.Server$RpcCall.run(Server.java:1012) [hadoop-common-3.3.5.jar:?]
	at java.security.AccessController.doPrivileged(Native Method) ~[?:1.8.0_372]
	at javax.security.auth.Subject.doAs(Subject.java:422) [?:1.8.0_372]
	at org.apache.hadoop.security.UserGroupInformation.doAs(UserGroupInformation.java:1899) [hadoop-common-3.3.5.jar:?]
	at org.apache.hadoop.ipc.Server$Handler.run(Server.java:3026) [hadoop-common-3.3.5.jar:?]
Caused by: org.apache.hadoop.security.AccessControlException: om tries to renew a token (OzoneToken owner=om/fv-az83-744@EXAMPLE.COM, renewer=randomService, realUser=, issueDate=2023-06-07T12:10:35.719Z, maxDate=2023-06-07T12:10:36.719Z, sequenceNumber=2, masterKeyId=1, strToSign=null, signature=null, awsAccessKeyId=null, omServiceId=omServiceIdDefault, omCertSerialId=4089145016543) with non-matching renewer randomService
	at org.apache.hadoop.ozone.security.OzoneDelegationTokenSecretManager.renewToken(OzoneDelegationTokenSecretManager.java:308) ~[ozone-manager-1.4.0-SNAPSHOT.jar:?]
	at org.apache.hadoop.ozone.om.OzoneManager.renewDelegationToken(OzoneManager.java:2347) ~[ozone-manager-1.4.0-SNAPSHOT.jar:?]
	... 15 more
2023-06-07 12:10:35,780 [IPC Server handler 11 on default port 1202] ERROR om.OzoneManager (OzoneManager.java:renewDelegationToken(2357)) - Delegation token renewal failed for dt id: OzoneToken owner=om/fv-az83-744@EXAMPLE.COM, renewer=om, realUser=, issueDate=2023-06-07T12:10:34.673Z, maxDate=2076-11-11T00:21:11.554Z, sequenceNumber=1, masterKeyId=1, strToSign=null, signature=null, awsAccessKeyId=null, omServiceId=omServiceIdDefault, omCertSerialId=4089145016543, cause: token (OzoneToken owner=om/fv-az83-744@EXAMPLE.COM, renewer=om, realUser=, issueDate=2023-06-07T12:10:34.673Z, maxDate=2076-11-11T00:21:11.554Z, sequenceNumber=1, masterKeyId=1, strToSign=null, signature=null, awsAccessKeyId=null, omServiceId=omServiceIdDefault, omCertSerialId=4089145016543) can't be found in cache
12:10:35.782 [IPC Server handler 11 on default port 1202] ERROR OMAudit - user=om/fv-az83-744@EXAMPLE.COM | ip=10.1.0.7 | op=RENEW_DELEGATION_TOKEN {kind=OzoneToken, service=fv-az83-744:1202, renewer=om} | ret=FAILURE
org.apache.hadoop.ozone.om.exceptions.OMException: Delegation token renewal failed for dt: Kind: OzoneToken, Service: fv-az83-744:1202, Ident: (OzoneToken owner=om/fv-az83-744@EXAMPLE.COM, renewer=om, realUser=, issueDate=2023-06-07T12:10:34.673Z, maxDate=2076-11-11T00:21:11.554Z, sequenceNumber=1, masterKeyId=1, strToSign=null, signature=null, awsAccessKeyId=null, omServiceId=omServiceIdDefault, omCertSerialId=4089145016543)
	at org.apache.hadoop.ozone.om.OzoneManager.renewDelegationToken(OzoneManager.java:2359) ~[ozone-manager-1.4.0-SNAPSHOT.jar:?]
	at org.apache.hadoop.ozone.om.request.security.OMRenewDelegationTokenRequest.preExecute(OMRenewDelegationTokenRequest.java:85) ~[ozone-manager-1.4.0-SNAPSHOT.jar:?]
	at org.apache.hadoop.ozone.protocolPB.OzoneManagerProtocolServerSideTranslatorPB.processRequest(OzoneManagerProtocolServerSideTranslatorPB.java:191) ~[ozone-manager-1.4.0-SNAPSHOT.jar:?]
	at org.apache.hadoop.hdds.server.OzoneProtocolMessageDispatcher.processRequest(OzoneProtocolMessageDispatcher.java:87) [hdds-server-framework-1.4.0-SNAPSHOT.jar:?]
	at org.apache.hadoop.ozone.protocolPB.OzoneManagerProtocolServerSideTranslatorPB.submitRequest(OzoneManagerProtocolServerSideTranslatorPB.java:147) [ozone-manager-1.4.0-SNAPSHOT.jar:?]
	at org.apache.hadoop.ozone.protocol.proto.OzoneManagerProtocolProtos$OzoneManagerService$2.callBlockingMethod(OzoneManagerProtocolProtos.java) [ozone-interface-client-1.4.0-SNAPSHOT.jar:?]
	at org.apache.hadoop.ipc.ProtobufRpcEngine$Server.processCall(ProtobufRpcEngine.java:484) [hadoop-common-3.3.5.jar:?]
	at org.apache.hadoop.ipc.ProtobufRpcEngine2$Server$ProtoBufRpcInvoker.call(ProtobufRpcEngine2.java:595) [hadoop-common-3.3.5.jar:?]
	at org.apache.hadoop.ipc.ProtobufRpcEngine2$Server$ProtoBufRpcInvoker.call(ProtobufRpcEngine2.java:573) [hadoop-common-3.3.5.jar:?]
	at org.apache.hadoop.ipc.RPC$Server.call(RPC.java:1213) [hadoop-common-3.3.5.jar:?]
	at org.apache.hadoop.ipc.Server$RpcCall.run(Server.java:1089) [hadoop-common-3.3.5.jar:?]
	at org.apache.hadoop.ipc.Server$RpcCall.run(Server.java:1012) [hadoop-common-3.3.5.jar:?]
	at java.security.AccessController.doPrivileged(Native Method) ~[?:1.8.0_372]
	at javax.security.auth.Subject.doAs(Subject.java:422) [?:1.8.0_372]
	at org.apache.hadoop.security.UserGroupInformation.doAs(UserGroupInformation.java:1899) [hadoop-common-3.3.5.jar:?]
	at org.apache.hadoop.ipc.Server$Handler.run(Server.java:3026) [hadoop-common-3.3.5.jar:?]
Caused by: org.apache.hadoop.security.token.SecretManager$InvalidToken: token (OzoneToken owner=om/fv-az83-744@EXAMPLE.COM, renewer=om, realUser=, issueDate=2023-06-07T12:10:34.673Z, maxDate=2076-11-11T00:21:11.554Z, sequenceNumber=1, masterKeyId=1, strToSign=null, signature=null, awsAccessKeyId=null, omServiceId=omServiceIdDefault, omCertSerialId=4089145016543) can't be found in cache
	at org.apache.hadoop.ozone.security.OzoneDelegationTokenSecretManager.validateToken(OzoneDelegationTokenSecretManager.java:432) ~[ozone-manager-1.4.0-SNAPSHOT.jar:?]
	at org.apache.hadoop.ozone.security.OzoneDelegationTokenSecretManager.renewToken(OzoneDelegationTokenSecretManager.java:301) ~[ozone-manager-1.4.0-SNAPSHOT.jar:?]
	at org.apache.hadoop.ozone.om.OzoneManager.renewDelegationToken(OzoneManager.java:2347) ~[ozone-manager-1.4.0-SNAPSHOT.jar:?]
	... 15 more
2023-06-07 12:10:35,783 [Time-limited test] INFO  om.OzoneManager (OzoneManager.java:stop(2166)) - om1[fv-az83-744:1202]: Stopping Ozone Manager
2023-06-07 12:10:35,783 [Time-limited test] INFO  ipc.Server (Server.java:stop(3501)) - Stopping server on 1202
2023-06-07 12:10:35,786 [IPC Server listener on 1202] INFO  ipc.Server (Server.java:run(1430)) - Stopping IPC Server listener on 1202
2023-06-07 12:10:35,786 [IPC Server Responder] INFO  ipc.Server (Server.java:run(1563)) - Stopping IPC Server Responder
2023-06-07 12:10:35,788 [Time-limited test] INFO  server.RaftServer (RaftServerProxy.java:lambda$close$6(416)) - om1: close
2023-06-07 12:10:35,788 [Time-limited test] INFO  server.GrpcService (GrpcService.java:closeImpl(311)) - om1: shutdown server GrpcServerProtocolService now
2023-06-07 12:10:35,789 [om1-impl-thread1] INFO  server.RaftServer$Division (RaftServerImpl.java:lambda$close$4(466)) - om1@group-C5BA1605619E: shutdown
2023-06-07 12:10:35,789 [om1-impl-thread1] INFO  util.JmxRegister (JmxRegister.java:unregister(73)) - Successfully un-registered JMX Bean with object name Ratis:service=RaftServer,group=group-C5BA1605619E,id=om1
2023-06-07 12:10:35,789 [om1-impl-thread1] INFO  impl.RoleInfo (RoleInfo.java:shutdownLeaderState(93)) - om1: shutdown om1@group-C5BA1605619E-LeaderStateImpl
2023-06-07 12:10:35,789 [om1-impl-thread1] INFO  impl.PendingRequests (PendingRequests.java:sendNotLeaderResponses(289)) - om1@group-C5BA1605619E-PendingRequests: sendNotLeaderResponses
2023-06-07 12:10:35,796 [om1-impl-thread1] INFO  impl.StateMachineUpdater (StateMachineUpdater.java:stopAndJoin(155)) - om1@group-C5BA1605619E-StateMachineUpdater: set stopIndex = 6
2023-06-07 12:10:35,796 [om1@group-C5BA1605619E-StateMachineUpdater] INFO  ratis.OzoneManagerStateMachine (OzoneManagerStateMachine.java:takeSnapshot(479)) - Current Snapshot Index (t:1, i:6)
2023-06-07 12:10:35,798 [Time-limited test] INFO  server.GrpcService (GrpcService.java:closeImpl(320)) - om1: shutdown server GrpcServerProtocolService successfully
2023-06-07 12:10:35,807 [om1@group-C5BA1605619E-StateMachineUpdater] INFO  impl.StateMachineUpdater (StateMachineUpdater.java:takeSnapshot(291)) - om1@group-C5BA1605619E-StateMachineUpdater: Took a snapshot at index 6
2023-06-07 12:10:35,807 [om1@group-C5BA1605619E-StateMachineUpdater] INFO  impl.StateMachineUpdater (StateMachineUpdater.java:lambda$new$0(97)) - om1@group-C5BA1605619E-StateMachineUpdater: snapshotIndex: updateIncreasingly -1 -> 6
2023-06-07 12:10:35,807 [om1@group-C5BA1605619E-StateMachineUpdater] INFO  ratis.OzoneManagerStateMachine (OzoneManagerStateMachine.java:close(533)) - StateMachine has shutdown. Shutdown OzoneManager if not already shutdown.
2023-06-07 12:10:35,807 [om1@group-C5BA1605619E-StateMachineUpdater] INFO  ratis.OzoneManagerDoubleBuffer (OzoneManagerDoubleBuffer.java:stopDaemon(559)) - Stopping OMDoubleBuffer flush thread
2023-06-07 12:10:35,807 [OMDoubleBufferFlushThread] INFO  ratis.OzoneManagerDoubleBuffer (OzoneManagerDoubleBuffer.java:canFlush(648)) - OMDoubleBuffer flush thread OMDoubleBufferFlushThread is interrupted and will exit.
2023-06-07 12:10:35,808 [om1-impl-thread1] INFO  server.RaftServer$Division (ServerState.java:close(472)) - om1@group-C5BA1605619E: closes. applyIndex: 6
2023-06-07 12:10:36,725 [om1-impl-thread1] INFO  segmented.SegmentedRaftLogWorker (SegmentedRaftLogWorker.java:close(252)) - om1@group-C5BA1605619E-SegmentedRaftLogWorker close()
2023-06-07 12:10:36,726 [JvmPauseMonitor10] INFO  util.JvmPauseMonitor (JvmPauseMonitor.java:run(109)) - JvmPauseMonitor-om1: Stopped
2023-06-07 12:10:36,726 [Time-limited test] INFO  ratis.OzoneManagerStateMachine (OzoneManagerStateMachine.java:close(533)) - StateMachine has shutdown. Shutdown OzoneManager if not already shutdown.
2023-06-07 12:10:36,726 [Time-limited test] INFO  ratis.OzoneManagerDoubleBuffer (OzoneManagerDoubleBuffer.java:stopDaemon(568)) - OMDoubleBuffer flush thread is not running.
2023-06-07 12:10:36,726 [Time-limited test] INFO  utils.BackgroundService (BackgroundService.java:shutdown(141)) - Shutting down service KeyDeletingService
2023-06-07 12:10:36,727 [Time-limited test] INFO  utils.BackgroundService (BackgroundService.java:shutdown(141)) - Shutting down service KeyDeletingService
2023-06-07 12:10:36,727 [Time-limited test] INFO  utils.BackgroundService (BackgroundService.java:shutdown(141)) - Shutting down service OpenKeyCleanupService
2023-06-07 12:10:36,727 [Time-limited test] INFO  utils.BackgroundService (BackgroundService.java:shutdown(141)) - Shutting down service SstFilteringService
2023-06-07 12:10:36,728 [Time-limited test] INFO  utils.BackgroundService (BackgroundService.java:shutdown(141)) - Shutting down service SnapshotDeletingService
2023-06-07 12:10:36,728 [Time-limited test] INFO  om.OzoneManager (OzoneManager.java:stopSecretManager(1058)) - Stopping OM delegation token secret manager.
2023-06-07 12:10:36,728 [Thread[Thread-2515,5,FailOnTimeoutGroup]] INFO  security.OzoneDelegationTokenSecretManager (OzoneDelegationTokenSecretManager.java:run(653)) - ExpiredTokenRemover was interrupted.
java.lang.InterruptedException: sleep interrupted
	at java.lang.Thread.sleep(Native Method)
	at org.apache.hadoop.ozone.security.OzoneDelegationTokenSecretManager$ExpiredTokenRemover.run(OzoneDelegationTokenSecretManager.java:649)
	at java.lang.Thread.run(Thread.java:750)
2023-06-07 12:10:36,729 [Time-limited test] INFO  handler.ContextHandler (ContextHandler.java:doStop(1159)) - Stopped o.e.j.w.WebAppContext@1811d2f5{ozoneManager,/,null,STOPPED}{file:/home/runner/work/ozone/ozone/hadoop-ozone/integration-test/target/test-classes/webapps/ozoneManager}
2023-06-07 12:10:36,730 [Time-limited test] INFO  server.AbstractConnector (AbstractConnector.java:doStop(383)) - Stopped ServerConnector@57af90c1{HTTP/1.1, (http/1.1)}{0.0.0.0:9874}
2023-06-07 12:10:36,730 [Time-limited test] INFO  server.session (HouseKeeper.java:stopScavenging(149)) - node0 Stopped scavenging
2023-06-07 12:10:36,730 [Time-limited test] INFO  handler.ContextHandler (ContextHandler.java:doStop(1159)) - Stopped o.e.j.s.ServletContextHandler@69f671ce{static,/static,file:///home/runner/work/ozone/ozone/hadoop-ozone/integration-test/target/test-classes/webapps/static,STOPPED}
2023-06-07 12:10:36,730 [Time-limited test] INFO  handler.ContextHandler (ContextHandler.java:doStop(1159)) - Stopped o.e.j.s.ServletContextHandler@144457d{logs,/logs,file:///home/runner/work/ozone/ozone/hadoop-ozone/integration-test/target/log,STOPPED}
2023-06-07 12:10:36,735 [Time-limited test] INFO  snapshot.SnapshotDiffManager (SnapshotDiffManager.java:closeExecutorService(1278)) - Shutting down executorService: 'SnapDiffExecutor'
2023-06-07 12:10:36,735 [Time-limited test] INFO  utils.BackgroundService (BackgroundService.java:shutdown(141)) - Shutting down service SnapshotDiffCleanupService
2023-06-07 12:10:36,737 [Time-limited test] INFO  impl.DefaultInternalKdcServerImpl (DefaultInternalKdcServerImpl.java:doStop(102)) - Default Internal kdc server stopped.
2023-06-07 12:10:37,737 [Time-limited test] INFO  minikdc.MiniKdc (MiniKdc.java:stop(359)) - MiniKdc stopped.
2023-06-07 12:10:37,737 [Time-limited test] INFO  om.OzoneManager (OzoneManager.java:stop(2166)) - om1[fv-az83-744:1202]: Stopping Ozone Manager
]]></system-out>
  </testcase>
  <testcase name="testSecureScmStartupFailure" classname="org.apache.hadoop.ozone.TestSecureOzoneCluster" time="1.708">
    <system-out><![CDATA[2023-06-07 12:10:37,757 [Time-limited test] INFO  net.ServerSocketUtil (ServerSocketUtil.java:getPort(55)) - Using port 9860
2023-06-07 12:10:37,757 [Time-limited test] INFO  net.ServerSocketUtil (ServerSocketUtil.java:getPort(55)) - Using port 9861
2023-06-07 12:10:37,757 [Time-limited test] INFO  net.ServerSocketUtil (ServerSocketUtil.java:getPort(55)) - Using port 9863
2023-06-07 12:10:37,757 [Time-limited test] INFO  net.ServerSocketUtil (ServerSocketUtil.java:getPort(55)) - Using port 9961
2023-06-07 12:10:37,757 [Time-limited test] INFO  net.ServerSocketUtil (ServerSocketUtil.java:getPort(55)) - Using port 1200
2023-06-07 12:10:37,757 [Time-limited test] INFO  net.ServerSocketUtil (ServerSocketUtil.java:getPort(55)) - Using port 1201
2023-06-07 12:10:37,757 [Time-limited test] INFO  minikdc.MiniKdc (MiniKdc.java:<init>(225)) - Configuration:
2023-06-07 12:10:37,757 [Time-limited test] INFO  minikdc.MiniKdc (MiniKdc.java:<init>(226)) - ---------------------------------------------------------------
2023-06-07 12:10:37,758 [Time-limited test] INFO  minikdc.MiniKdc (MiniKdc.java:<init>(228)) -   debug: false
2023-06-07 12:10:37,758 [Time-limited test] INFO  minikdc.MiniKdc (MiniKdc.java:<init>(228)) -   transport: TCP
2023-06-07 12:10:37,758 [Time-limited test] INFO  minikdc.MiniKdc (MiniKdc.java:<init>(228)) -   max.ticket.lifetime: 86400000
2023-06-07 12:10:37,758 [Time-limited test] INFO  minikdc.MiniKdc (MiniKdc.java:<init>(228)) -   org.name: EXAMPLE
2023-06-07 12:10:37,758 [Time-limited test] INFO  minikdc.MiniKdc (MiniKdc.java:<init>(228)) -   kdc.port: 0
2023-06-07 12:10:37,758 [Time-limited test] INFO  minikdc.MiniKdc (MiniKdc.java:<init>(228)) -   org.domain: COM
2023-06-07 12:10:37,758 [Time-limited test] INFO  minikdc.MiniKdc (MiniKdc.java:<init>(228)) -   max.renewable.lifetime: 604800000
2023-06-07 12:10:37,758 [Time-limited test] INFO  minikdc.MiniKdc (MiniKdc.java:<init>(228)) -   instance: DefaultKrbServer
2023-06-07 12:10:37,758 [Time-limited test] INFO  minikdc.MiniKdc (MiniKdc.java:<init>(228)) -   kdc.bind.address: localhost
2023-06-07 12:10:37,758 [Time-limited test] INFO  minikdc.MiniKdc (MiniKdc.java:<init>(230)) - ---------------------------------------------------------------
2023-06-07 12:10:37,759 [Time-limited test] INFO  minikdc.MiniKdc (MiniKdc.java:start(285)) - MiniKdc started.
2023-06-07 12:10:38,125 [Time-limited test] WARN  server.ServerUtils (ServerUtils.java:getScmDbDir(155)) - ozone.scm.db.dirs is not configured. We recommend adding this setting. Falling back to ozone.metadata.dirs instead.
2023-06-07 12:10:38,125 [Time-limited test] INFO  ha.HASecurityUtils (HASecurityUtils.java:initializeSecurity(93)) - Initializing secure StorageContainerManager.
2023-06-07 12:10:38,126 [Time-limited test] INFO  client.SCMCertificateClient (DefaultCertificateClient.java:init(650)) - Certificate client init case: 0
2023-06-07 12:10:38,126 [Time-limited test] INFO  client.SCMCertificateClient (SCMCertificateClient.java:handleCase(68)) - Creating keypair for client as keypair and certificate not found.
2023-06-07 12:10:38,270 [Time-limited test] INFO  ha.HASecurityUtils (HASecurityUtils.java:initializeSecurity(99)) - Init response: GETCERT
2023-06-07 12:10:38,400 [Time-limited test] INFO  ozone.OzoneSecurityUtil (OzoneSecurityUtil.java:getValidInetsForCurrentHost(118)) - ip:fe80:0:0:0:20d:3aff:fe5e:ae76%eth0 not returned.
2023-06-07 12:10:38,400 [Time-limited test] INFO  ozone.OzoneSecurityUtil (OzoneSecurityUtil.java:getValidInetsForCurrentHost(115)) - Adding ip:10.1.0.7,host:fv-az83-744
2023-06-07 12:10:38,400 [Time-limited test] INFO  ozone.OzoneSecurityUtil (OzoneSecurityUtil.java:getValidInetsForCurrentHost(118)) - ip:0:0:0:0:0:0:0:1%lo not returned.
2023-06-07 12:10:38,400 [Time-limited test] INFO  ozone.OzoneSecurityUtil (OzoneSecurityUtil.java:getValidInetsForCurrentHost(118)) - ip:127.0.0.1 not returned.
2023-06-07 12:10:38,400 [Time-limited test] ERROR utils.SelfSignedCertificate (SelfSignedCertificate.java:lambda$addInetAddresses$0(245)) - Invalid domain fv-az83-744
2023-06-07 12:10:38,402 [Time-limited test] INFO  utils.SelfSignedCertificate (SelfSignedCertificate.java:generateCertificate(158)) - Certificate 1 is issued by CN=scm@fv-az83-744,OU=058a0642-7347-462a-9458-c615815b574d,O=a7fa08ca-0937-4143-ac9e-e5f006d87573 to CN=scm@fv-az83-744,OU=058a0642-7347-462a-9458-c615815b574d,O=a7fa08ca-0937-4143-ac9e-e5f006d87573, valid from Wed Jun 07 12:10:38 UTC 2023 to Sat Jul 15 12:10:38 UTC 2028
2023-06-07 12:10:38,404 [Time-limited test] INFO  ozone.OzoneSecurityUtil (OzoneSecurityUtil.java:getValidInetsForCurrentHost(118)) - ip:fe80:0:0:0:20d:3aff:fe5e:ae76%eth0 not returned.
2023-06-07 12:10:38,404 [Time-limited test] INFO  ozone.OzoneSecurityUtil (OzoneSecurityUtil.java:getValidInetsForCurrentHost(115)) - Adding ip:10.1.0.7,host:fv-az83-744
2023-06-07 12:10:38,404 [Time-limited test] INFO  ozone.OzoneSecurityUtil (OzoneSecurityUtil.java:getValidInetsForCurrentHost(118)) - ip:0:0:0:0:0:0:0:1%lo not returned.
2023-06-07 12:10:38,404 [Time-limited test] INFO  ozone.OzoneSecurityUtil (OzoneSecurityUtil.java:getValidInetsForCurrentHost(118)) - ip:127.0.0.1 not returned.
2023-06-07 12:10:38,404 [Time-limited test] ERROR utils.CertificateSignRequest (CertificateSignRequest.java:lambda$addInetAddresses$0(296)) - Invalid domain fv-az83-744
2023-06-07 12:10:38,404 [Time-limited test] INFO  ha.HASecurityUtils (HASecurityUtils.java:generateCSR(280)) - Creating csr for SCM->hostName:fv-az83-744,scmId:058a0642-7347-462a-9458-c615815b574d,clusterId:a7fa08ca-0937-4143-ac9e-e5f006d87573,subject:scm-sub@fv-az83-744
2023-06-07 12:10:38,413 [Time-limited test] INFO  ha.HASecurityUtils (HASecurityUtils.java:initializeSecurity(112)) - Successfully stored SCM signed certificate.
2023-06-07 12:10:38,415 [Time-limited test] WARN  server.ServerUtils (ServerUtils.java:getScmDbDir(155)) - ozone.scm.db.dirs is not configured. We recommend adding this setting. Falling back to ozone.metadata.dirs instead.
2023-06-07 12:10:38,415 [Time-limited test] INFO  ha.SCMHANodeDetails (SCMHANodeDetails.java:loadSCMHAConfig(209)) - ServiceID for StorageContainerManager is null
2023-06-07 12:10:38,415 [Time-limited test] INFO  ha.SCMHANodeDetails (SCMHANodeDetails.java:loadSCMHAConfig(214)) - ozone.scm.default.service.id is not defined, falling back to ozone.scm.service.ids to find serviceID for StorageContainerManager if it is HA enabled cluster
2023-06-07 12:10:38,416 [Time-limited test] INFO  client.SCMCertificateClient (DefaultCertificateClient.java:loadAllCertificates(151)) - Loading certificate from location:/tmp/junit4114053082923802457/junit6660828570140462318/scm-meta/scm/sub-ca/certs.
2023-06-07 12:10:38,417 [Time-limited test] INFO  client.SCMCertificateClient (DefaultCertificateClient.java:loadAllCertificates(195)) - Added certificate   [0]         Version: 3
         SerialNumber: 4098984891879
             IssuerDN: CN=scm@fv-az83-744,OU=058a0642-7347-462a-9458-c615815b574d,O=a7fa08ca-0937-4143-ac9e-e5f006d87573
           Start Date: Wed Jun 07 12:10:38 UTC 2023
           Final Date: Sat Jul 15 12:10:38 UTC 2028
            SubjectDN: CN=scm-sub@fv-az83-744,OU=058a0642-7347-462a-9458-c615815b574d,O=a7fa08ca-0937-4143-ac9e-e5f006d87573
           Public Key: RSA Public Key [c4:c5:a8:01:3a:36:56:37:a9:04:c2:e5:f4:54:79:a6:99:c5:70:d7],[56:66:d1:a4]
        modulus: befdb1f867c27cfa9d6e9ec941906daa936b432239a6c94dce71b905ea7bd6c2d797b67441b4fee6b0323cbbe1c9991475ca5589f2a471eeee17f02b2d14e7394181e3d1eabaa3f3332a18e6b4fccbef0705ba9f07f234ff87b5fdd57c306aa884d006657a5e7d178911f10c81daf69c649b615a16699330e1c51b95794a5c422984710986fc83ac08b6cf715ba57f09e02b429a247c2df3b309894b99a4c38a87e2b3093b33342efff12df0d9280877cfe527f6481e2f62f896bcbfff29ba28f1fa01a47824cd4689c7148eb5c449675be8daab4b9c6970421071188ec5754fa5333743bfb33e7e3d4d75ab5a641c31e7863358e7ff4f44407815ec321334df
public exponent: 10001

  Signature Algorithm: SHA256WITHRSA
            Signature: 50c1db1908d6019fc1d68c61cc4ebed774e01c45
                       e3783048ea25fe118e0cb3522930c42077c923ee
                       31d7ff1ddcd35db4f5a3396d9d489d617544cec5
                       c20b0106b19a2c47281e176a88b4c9814fa891cb
                       b3c4d29fc973adf2f149520bed0d6368b4f41bee
                       e1541e05b2ccc7ff80c7e119f6ff6a43e38bc1ef
                       860feaccead925aeacf9301e6fab6e17b20a4069
                       36072ed7c5ba999185f7f73d6e3fae38e867a042
                       586922f2e9efecdb860cc38dd81bf1c601614557
                       c1b8732bd6496d5aae428fff43a1101f0c80c19b
                       0d9963960ece59a6df442f5a728af9ad51b37337
                       ed30e7b5c23f36893058eeb44047f9faadbabdd4
                       55ba48ba06f6cf4834ce41f3e7df6bad
       Extensions: 
                       critical(false) 2.5.29.17 value = Sequence
    Tagged [7] IMPLICIT 
        DER Octet String[4] 

                       critical(true) BasicConstraints: isCa(true)
                       critical(true) KeyUsage: 0xbe
 from file:/tmp/junit4114053082923802457/junit6660828570140462318/scm-meta/scm/sub-ca/certs/certificate.crt.
2023-06-07 12:10:38,418 [Time-limited test] INFO  client.SCMCertificateClient (DefaultCertificateClient.java:loadAllCertificates(195)) - Added certificate   [0]         Version: 3
         SerialNumber: 4098984891879
             IssuerDN: CN=scm@fv-az83-744,OU=058a0642-7347-462a-9458-c615815b574d,O=a7fa08ca-0937-4143-ac9e-e5f006d87573
           Start Date: Wed Jun 07 12:10:38 UTC 2023
           Final Date: Sat Jul 15 12:10:38 UTC 2028
            SubjectDN: CN=scm-sub@fv-az83-744,OU=058a0642-7347-462a-9458-c615815b574d,O=a7fa08ca-0937-4143-ac9e-e5f006d87573
           Public Key: RSA Public Key [c4:c5:a8:01:3a:36:56:37:a9:04:c2:e5:f4:54:79:a6:99:c5:70:d7],[56:66:d1:a4]
        modulus: befdb1f867c27cfa9d6e9ec941906daa936b432239a6c94dce71b905ea7bd6c2d797b67441b4fee6b0323cbbe1c9991475ca5589f2a471eeee17f02b2d14e7394181e3d1eabaa3f3332a18e6b4fccbef0705ba9f07f234ff87b5fdd57c306aa884d006657a5e7d178911f10c81daf69c649b615a16699330e1c51b95794a5c422984710986fc83ac08b6cf715ba57f09e02b429a247c2df3b309894b99a4c38a87e2b3093b33342efff12df0d9280877cfe527f6481e2f62f896bcbfff29ba28f1fa01a47824cd4689c7148eb5c449675be8daab4b9c6970421071188ec5754fa5333743bfb33e7e3d4d75ab5a641c31e7863358e7ff4f44407815ec321334df
public exponent: 10001

  Signature Algorithm: SHA256WITHRSA
            Signature: 50c1db1908d6019fc1d68c61cc4ebed774e01c45
                       e3783048ea25fe118e0cb3522930c42077c923ee
                       31d7ff1ddcd35db4f5a3396d9d489d617544cec5
                       c20b0106b19a2c47281e176a88b4c9814fa891cb
                       b3c4d29fc973adf2f149520bed0d6368b4f41bee
                       e1541e05b2ccc7ff80c7e119f6ff6a43e38bc1ef
                       860feaccead925aeacf9301e6fab6e17b20a4069
                       36072ed7c5ba999185f7f73d6e3fae38e867a042
                       586922f2e9efecdb860cc38dd81bf1c601614557
                       c1b8732bd6496d5aae428fff43a1101f0c80c19b
                       0d9963960ece59a6df442f5a728af9ad51b37337
                       ed30e7b5c23f36893058eeb44047f9faadbabdd4
                       55ba48ba06f6cf4834ce41f3e7df6bad
       Extensions: 
                       critical(false) 2.5.29.17 value = Sequence
    Tagged [7] IMPLICIT 
        DER Octet String[4] 

                       critical(true) BasicConstraints: isCa(true)
                       critical(true) KeyUsage: 0xbe
 from file:/tmp/junit4114053082923802457/junit6660828570140462318/scm-meta/scm/sub-ca/certs/4098984891879.crt.
2023-06-07 12:10:38,419 [Time-limited test] INFO  client.SCMCertificateClient (DefaultCertificateClient.java:loadAllCertificates(195)) - Added certificate   [0]         Version: 3
         SerialNumber: 1
             IssuerDN: CN=scm@fv-az83-744,OU=058a0642-7347-462a-9458-c615815b574d,O=a7fa08ca-0937-4143-ac9e-e5f006d87573
           Start Date: Wed Jun 07 12:10:38 UTC 2023
           Final Date: Sat Jul 15 12:10:38 UTC 2028
            SubjectDN: CN=scm@fv-az83-744,OU=058a0642-7347-462a-9458-c615815b574d,O=a7fa08ca-0937-4143-ac9e-e5f006d87573
           Public Key: RSA Public Key [63:48:1d:29:cb:6f:13:1a:a1:2a:52:14:45:39:5b:df:c0:39:c5:3c],[56:66:d1:a4]
        modulus: a9635fc4617024dfecb0836886d780a75b4c55f9e3cb7a0c0a4309cb4dd97c0c03f847dff35ce735d8ee4e1b1aca4fcbbaa7d0e76fccd3aaed5d80cd33403ae0495edd7df0ce6f784a5c63df7274959759c3314c42e75cecaa4904ab62f7fc299bf7e2b27fb228ff971f7fafa45696ff716904aa886d94d496c7e5c8cd85b6c5aae93a23a6eb76b9f7f0004e448d851361517b988bbff1c9c767905d13dbab0e73ebbab842f38efeae34713f941365aa068fd16abeb100ac3c85c24584d70ab09f1e16406f563e94159cad1f6f79c45780275d8434afb5da4c8f62f01fd7bd5c448d3249ce5307396e8662a0e3ce397c85c95c0c90e4abd4691ecc50a6f6e8a3
public exponent: 10001

  Signature Algorithm: SHA256WITHRSA
            Signature: 8518cb06db9984dfe77e136d82085b141c1f9c5c
                       0943649607b9668c50ed9b96b8cc66819b1cd0b9
                       29cc0eba323bd051346d48503f9bddcfb44b1c3a
                       605e51fe69af1995523b9da39430f4a8132c8bb6
                       61d147b08f4213fff411eff7e3e6dbad7342c895
                       1eea2b72940db83a62cd91a4b1bea4454fb5930f
                       228ae6d13d7e4bd57ad65067eaae8dc05110112e
                       e291ac02685d7ee7485607dc0f130e21a0fa6d61
                       987071fad3de17c22507c2cc551003edbe86444a
                       6bde30a2ed9b3e351276d3f10ebdbc4060298e3a
                       bc820f26f32c7f4d03aff3394cd9f92c7968a205
                       bb253b9a133b915eeca9d723c3a7e41d135b9fb8
                       89bc069bd49df9e84ca293f12c822cc8
       Extensions: 
                       critical(true) BasicConstraints: isCa(true)
                       critical(true) KeyUsage: 0x6
                       critical(false) 2.5.29.17 value = Sequence
    Tagged [7] IMPLICIT 
        DER Octet String[4] 

 from file:/tmp/junit4114053082923802457/junit6660828570140462318/scm-meta/scm/sub-ca/certs/CA-1.crt.
2023-06-07 12:10:38,423 [Time-limited test] INFO  client.SCMCertificateClient (DefaultCertificateClient.java:startCertificateMonitor(1208)) - CertificateLifetimeMonitor for scm/sub-ca is started with first delay 161135989581 ms and interval 3333 ms.
2023-06-07 12:10:38,424 [Time-limited test] WARN  server.ServerUtils (ServerUtils.java:getScmDbDir(155)) - ozone.scm.db.dirs is not configured. We recommend adding this setting. Falling back to ozone.metadata.dirs instead.
2023-06-07 12:10:38,424 [Time-limited test] INFO  ha.SCMHANodeDetails (SCMHANodeDetails.java:loadSCMHAConfig(209)) - ServiceID for StorageContainerManager is null
2023-06-07 12:10:38,424 [Time-limited test] INFO  ha.SCMHANodeDetails (SCMHANodeDetails.java:loadSCMHAConfig(214)) - ozone.scm.default.service.id is not defined, falling back to ozone.scm.service.ids to find serviceID for StorageContainerManager if it is HA enabled cluster
2023-06-07 12:10:38,425 [Time-limited test] INFO  client.SCMCertificateClient (DefaultCertificateClient.java:loadAllCertificates(151)) - Loading certificate from location:/tmp/junit4114053082923802457/junit6660828570140462318/scm-meta/scm/sub-ca/certs.
2023-06-07 12:10:38,426 [Time-limited test] INFO  client.SCMCertificateClient (DefaultCertificateClient.java:loadAllCertificates(195)) - Added certificate   [0]         Version: 3
         SerialNumber: 4098984891879
             IssuerDN: CN=scm@fv-az83-744,OU=058a0642-7347-462a-9458-c615815b574d,O=a7fa08ca-0937-4143-ac9e-e5f006d87573
           Start Date: Wed Jun 07 12:10:38 UTC 2023
           Final Date: Sat Jul 15 12:10:38 UTC 2028
            SubjectDN: CN=scm-sub@fv-az83-744,OU=058a0642-7347-462a-9458-c615815b574d,O=a7fa08ca-0937-4143-ac9e-e5f006d87573
           Public Key: RSA Public Key [c4:c5:a8:01:3a:36:56:37:a9:04:c2:e5:f4:54:79:a6:99:c5:70:d7],[56:66:d1:a4]
        modulus: befdb1f867c27cfa9d6e9ec941906daa936b432239a6c94dce71b905ea7bd6c2d797b67441b4fee6b0323cbbe1c9991475ca5589f2a471eeee17f02b2d14e7394181e3d1eabaa3f3332a18e6b4fccbef0705ba9f07f234ff87b5fdd57c306aa884d006657a5e7d178911f10c81daf69c649b615a16699330e1c51b95794a5c422984710986fc83ac08b6cf715ba57f09e02b429a247c2df3b309894b99a4c38a87e2b3093b33342efff12df0d9280877cfe527f6481e2f62f896bcbfff29ba28f1fa01a47824cd4689c7148eb5c449675be8daab4b9c6970421071188ec5754fa5333743bfb33e7e3d4d75ab5a641c31e7863358e7ff4f44407815ec321334df
public exponent: 10001

  Signature Algorithm: SHA256WITHRSA
            Signature: 50c1db1908d6019fc1d68c61cc4ebed774e01c45
                       e3783048ea25fe118e0cb3522930c42077c923ee
                       31d7ff1ddcd35db4f5a3396d9d489d617544cec5
                       c20b0106b19a2c47281e176a88b4c9814fa891cb
                       b3c4d29fc973adf2f149520bed0d6368b4f41bee
                       e1541e05b2ccc7ff80c7e119f6ff6a43e38bc1ef
                       860feaccead925aeacf9301e6fab6e17b20a4069
                       36072ed7c5ba999185f7f73d6e3fae38e867a042
                       586922f2e9efecdb860cc38dd81bf1c601614557
                       c1b8732bd6496d5aae428fff43a1101f0c80c19b
                       0d9963960ece59a6df442f5a728af9ad51b37337
                       ed30e7b5c23f36893058eeb44047f9faadbabdd4
                       55ba48ba06f6cf4834ce41f3e7df6bad
       Extensions: 
                       critical(false) 2.5.29.17 value = Sequence
    Tagged [7] IMPLICIT 
        DER Octet String[4] 

                       critical(true) BasicConstraints: isCa(true)
                       critical(true) KeyUsage: 0xbe
 from file:/tmp/junit4114053082923802457/junit6660828570140462318/scm-meta/scm/sub-ca/certs/certificate.crt.
2023-06-07 12:10:38,427 [Time-limited test] INFO  client.SCMCertificateClient (DefaultCertificateClient.java:loadAllCertificates(195)) - Added certificate   [0]         Version: 3
         SerialNumber: 4098984891879
             IssuerDN: CN=scm@fv-az83-744,OU=058a0642-7347-462a-9458-c615815b574d,O=a7fa08ca-0937-4143-ac9e-e5f006d87573
           Start Date: Wed Jun 07 12:10:38 UTC 2023
           Final Date: Sat Jul 15 12:10:38 UTC 2028
            SubjectDN: CN=scm-sub@fv-az83-744,OU=058a0642-7347-462a-9458-c615815b574d,O=a7fa08ca-0937-4143-ac9e-e5f006d87573
           Public Key: RSA Public Key [c4:c5:a8:01:3a:36:56:37:a9:04:c2:e5:f4:54:79:a6:99:c5:70:d7],[56:66:d1:a4]
        modulus: befdb1f867c27cfa9d6e9ec941906daa936b432239a6c94dce71b905ea7bd6c2d797b67441b4fee6b0323cbbe1c9991475ca5589f2a471eeee17f02b2d14e7394181e3d1eabaa3f3332a18e6b4fccbef0705ba9f07f234ff87b5fdd57c306aa884d006657a5e7d178911f10c81daf69c649b615a16699330e1c51b95794a5c422984710986fc83ac08b6cf715ba57f09e02b429a247c2df3b309894b99a4c38a87e2b3093b33342efff12df0d9280877cfe527f6481e2f62f896bcbfff29ba28f1fa01a47824cd4689c7148eb5c449675be8daab4b9c6970421071188ec5754fa5333743bfb33e7e3d4d75ab5a641c31e7863358e7ff4f44407815ec321334df
public exponent: 10001

  Signature Algorithm: SHA256WITHRSA
            Signature: 50c1db1908d6019fc1d68c61cc4ebed774e01c45
                       e3783048ea25fe118e0cb3522930c42077c923ee
                       31d7ff1ddcd35db4f5a3396d9d489d617544cec5
                       c20b0106b19a2c47281e176a88b4c9814fa891cb
                       b3c4d29fc973adf2f149520bed0d6368b4f41bee
                       e1541e05b2ccc7ff80c7e119f6ff6a43e38bc1ef
                       860feaccead925aeacf9301e6fab6e17b20a4069
                       36072ed7c5ba999185f7f73d6e3fae38e867a042
                       586922f2e9efecdb860cc38dd81bf1c601614557
                       c1b8732bd6496d5aae428fff43a1101f0c80c19b
                       0d9963960ece59a6df442f5a728af9ad51b37337
                       ed30e7b5c23f36893058eeb44047f9faadbabdd4
                       55ba48ba06f6cf4834ce41f3e7df6bad
       Extensions: 
                       critical(false) 2.5.29.17 value = Sequence
    Tagged [7] IMPLICIT 
        DER Octet String[4] 

                       critical(true) BasicConstraints: isCa(true)
                       critical(true) KeyUsage: 0xbe
 from file:/tmp/junit4114053082923802457/junit6660828570140462318/scm-meta/scm/sub-ca/certs/4098984891879.crt.
2023-06-07 12:10:38,428 [Time-limited test] INFO  client.SCMCertificateClient (DefaultCertificateClient.java:loadAllCertificates(195)) - Added certificate   [0]         Version: 3
         SerialNumber: 1
             IssuerDN: CN=scm@fv-az83-744,OU=058a0642-7347-462a-9458-c615815b574d,O=a7fa08ca-0937-4143-ac9e-e5f006d87573
           Start Date: Wed Jun 07 12:10:38 UTC 2023
           Final Date: Sat Jul 15 12:10:38 UTC 2028
            SubjectDN: CN=scm@fv-az83-744,OU=058a0642-7347-462a-9458-c615815b574d,O=a7fa08ca-0937-4143-ac9e-e5f006d87573
           Public Key: RSA Public Key [63:48:1d:29:cb:6f:13:1a:a1:2a:52:14:45:39:5b:df:c0:39:c5:3c],[56:66:d1:a4]
        modulus: a9635fc4617024dfecb0836886d780a75b4c55f9e3cb7a0c0a4309cb4dd97c0c03f847dff35ce735d8ee4e1b1aca4fcbbaa7d0e76fccd3aaed5d80cd33403ae0495edd7df0ce6f784a5c63df7274959759c3314c42e75cecaa4904ab62f7fc299bf7e2b27fb228ff971f7fafa45696ff716904aa886d94d496c7e5c8cd85b6c5aae93a23a6eb76b9f7f0004e448d851361517b988bbff1c9c767905d13dbab0e73ebbab842f38efeae34713f941365aa068fd16abeb100ac3c85c24584d70ab09f1e16406f563e94159cad1f6f79c45780275d8434afb5da4c8f62f01fd7bd5c448d3249ce5307396e8662a0e3ce397c85c95c0c90e4abd4691ecc50a6f6e8a3
public exponent: 10001

  Signature Algorithm: SHA256WITHRSA
            Signature: 8518cb06db9984dfe77e136d82085b141c1f9c5c
                       0943649607b9668c50ed9b96b8cc66819b1cd0b9
                       29cc0eba323bd051346d48503f9bddcfb44b1c3a
                       605e51fe69af1995523b9da39430f4a8132c8bb6
                       61d147b08f4213fff411eff7e3e6dbad7342c895
                       1eea2b72940db83a62cd91a4b1bea4454fb5930f
                       228ae6d13d7e4bd57ad65067eaae8dc05110112e
                       e291ac02685d7ee7485607dc0f130e21a0fa6d61
                       987071fad3de17c22507c2cc551003edbe86444a
                       6bde30a2ed9b3e351276d3f10ebdbc4060298e3a
                       bc820f26f32c7f4d03aff3394cd9f92c7968a205
                       bb253b9a133b915eeca9d723c3a7e41d135b9fb8
                       89bc069bd49df9e84ca293f12c822cc8
       Extensions: 
                       critical(true) BasicConstraints: isCa(true)
                       critical(true) KeyUsage: 0x6
                       critical(false) 2.5.29.17 value = Sequence
    Tagged [7] IMPLICIT 
        DER Octet String[4] 

 from file:/tmp/junit4114053082923802457/junit6660828570140462318/scm-meta/scm/sub-ca/certs/CA-1.crt.
2023-06-07 12:10:38,435 [Time-limited test] INFO  client.SCMCertificateClient (DefaultCertificateClient.java:startCertificateMonitor(1208)) - CertificateLifetimeMonitor for scm/sub-ca is started with first delay 161135989572 ms and interval 3333 ms.
2023-06-07 12:10:38,436 [Time-limited test] WARN  server.ServerUtils (ServerUtils.java:getScmDbDir(155)) - ozone.scm.db.dirs is not configured. We recommend adding this setting. Falling back to ozone.metadata.dirs instead.
2023-06-07 12:10:38,436 [Time-limited test] INFO  ha.SCMHANodeDetails (SCMHANodeDetails.java:loadSCMHAConfig(209)) - ServiceID for StorageContainerManager is null
2023-06-07 12:10:38,436 [Time-limited test] INFO  ha.SCMHANodeDetails (SCMHANodeDetails.java:loadSCMHAConfig(214)) - ozone.scm.default.service.id is not defined, falling back to ozone.scm.service.ids to find serviceID for StorageContainerManager if it is HA enabled cluster
2023-06-07 12:10:38,437 [Time-limited test] INFO  client.SCMCertificateClient (DefaultCertificateClient.java:loadAllCertificates(151)) - Loading certificate from location:/tmp/junit4114053082923802457/junit6660828570140462318/scm-meta/scm/sub-ca/certs.
2023-06-07 12:10:38,438 [Time-limited test] INFO  client.SCMCertificateClient (DefaultCertificateClient.java:loadAllCertificates(195)) - Added certificate   [0]         Version: 3
         SerialNumber: 4098984891879
             IssuerDN: CN=scm@fv-az83-744,OU=058a0642-7347-462a-9458-c615815b574d,O=a7fa08ca-0937-4143-ac9e-e5f006d87573
           Start Date: Wed Jun 07 12:10:38 UTC 2023
           Final Date: Sat Jul 15 12:10:38 UTC 2028
            SubjectDN: CN=scm-sub@fv-az83-744,OU=058a0642-7347-462a-9458-c615815b574d,O=a7fa08ca-0937-4143-ac9e-e5f006d87573
           Public Key: RSA Public Key [c4:c5:a8:01:3a:36:56:37:a9:04:c2:e5:f4:54:79:a6:99:c5:70:d7],[56:66:d1:a4]
        modulus: befdb1f867c27cfa9d6e9ec941906daa936b432239a6c94dce71b905ea7bd6c2d797b67441b4fee6b0323cbbe1c9991475ca5589f2a471eeee17f02b2d14e7394181e3d1eabaa3f3332a18e6b4fccbef0705ba9f07f234ff87b5fdd57c306aa884d006657a5e7d178911f10c81daf69c649b615a16699330e1c51b95794a5c422984710986fc83ac08b6cf715ba57f09e02b429a247c2df3b309894b99a4c38a87e2b3093b33342efff12df0d9280877cfe527f6481e2f62f896bcbfff29ba28f1fa01a47824cd4689c7148eb5c449675be8daab4b9c6970421071188ec5754fa5333743bfb33e7e3d4d75ab5a641c31e7863358e7ff4f44407815ec321334df
public exponent: 10001

  Signature Algorithm: SHA256WITHRSA
            Signature: 50c1db1908d6019fc1d68c61cc4ebed774e01c45
                       e3783048ea25fe118e0cb3522930c42077c923ee
                       31d7ff1ddcd35db4f5a3396d9d489d617544cec5
                       c20b0106b19a2c47281e176a88b4c9814fa891cb
                       b3c4d29fc973adf2f149520bed0d6368b4f41bee
                       e1541e05b2ccc7ff80c7e119f6ff6a43e38bc1ef
                       860feaccead925aeacf9301e6fab6e17b20a4069
                       36072ed7c5ba999185f7f73d6e3fae38e867a042
                       586922f2e9efecdb860cc38dd81bf1c601614557
                       c1b8732bd6496d5aae428fff43a1101f0c80c19b
                       0d9963960ece59a6df442f5a728af9ad51b37337
                       ed30e7b5c23f36893058eeb44047f9faadbabdd4
                       55ba48ba06f6cf4834ce41f3e7df6bad
       Extensions: 
                       critical(false) 2.5.29.17 value = Sequence
    Tagged [7] IMPLICIT 
        DER Octet String[4] 

                       critical(true) BasicConstraints: isCa(true)
                       critical(true) KeyUsage: 0xbe
 from file:/tmp/junit4114053082923802457/junit6660828570140462318/scm-meta/scm/sub-ca/certs/certificate.crt.
2023-06-07 12:10:38,438 [Time-limited test] INFO  client.SCMCertificateClient (DefaultCertificateClient.java:loadAllCertificates(195)) - Added certificate   [0]         Version: 3
         SerialNumber: 4098984891879
             IssuerDN: CN=scm@fv-az83-744,OU=058a0642-7347-462a-9458-c615815b574d,O=a7fa08ca-0937-4143-ac9e-e5f006d87573
           Start Date: Wed Jun 07 12:10:38 UTC 2023
           Final Date: Sat Jul 15 12:10:38 UTC 2028
            SubjectDN: CN=scm-sub@fv-az83-744,OU=058a0642-7347-462a-9458-c615815b574d,O=a7fa08ca-0937-4143-ac9e-e5f006d87573
           Public Key: RSA Public Key [c4:c5:a8:01:3a:36:56:37:a9:04:c2:e5:f4:54:79:a6:99:c5:70:d7],[56:66:d1:a4]
        modulus: befdb1f867c27cfa9d6e9ec941906daa936b432239a6c94dce71b905ea7bd6c2d797b67441b4fee6b0323cbbe1c9991475ca5589f2a471eeee17f02b2d14e7394181e3d1eabaa3f3332a18e6b4fccbef0705ba9f07f234ff87b5fdd57c306aa884d006657a5e7d178911f10c81daf69c649b615a16699330e1c51b95794a5c422984710986fc83ac08b6cf715ba57f09e02b429a247c2df3b309894b99a4c38a87e2b3093b33342efff12df0d9280877cfe527f6481e2f62f896bcbfff29ba28f1fa01a47824cd4689c7148eb5c449675be8daab4b9c6970421071188ec5754fa5333743bfb33e7e3d4d75ab5a641c31e7863358e7ff4f44407815ec321334df
public exponent: 10001

  Signature Algorithm: SHA256WITHRSA
            Signature: 50c1db1908d6019fc1d68c61cc4ebed774e01c45
                       e3783048ea25fe118e0cb3522930c42077c923ee
                       31d7ff1ddcd35db4f5a3396d9d489d617544cec5
                       c20b0106b19a2c47281e176a88b4c9814fa891cb
                       b3c4d29fc973adf2f149520bed0d6368b4f41bee
                       e1541e05b2ccc7ff80c7e119f6ff6a43e38bc1ef
                       860feaccead925aeacf9301e6fab6e17b20a4069
                       36072ed7c5ba999185f7f73d6e3fae38e867a042
                       586922f2e9efecdb860cc38dd81bf1c601614557
                       c1b8732bd6496d5aae428fff43a1101f0c80c19b
                       0d9963960ece59a6df442f5a728af9ad51b37337
                       ed30e7b5c23f36893058eeb44047f9faadbabdd4
                       55ba48ba06f6cf4834ce41f3e7df6bad
       Extensions: 
                       critical(false) 2.5.29.17 value = Sequence
    Tagged [7] IMPLICIT 
        DER Octet String[4] 

                       critical(true) BasicConstraints: isCa(true)
                       critical(true) KeyUsage: 0xbe
 from file:/tmp/junit4114053082923802457/junit6660828570140462318/scm-meta/scm/sub-ca/certs/4098984891879.crt.
2023-06-07 12:10:38,439 [Time-limited test] INFO  client.SCMCertificateClient (DefaultCertificateClient.java:loadAllCertificates(195)) - Added certificate   [0]         Version: 3
         SerialNumber: 1
             IssuerDN: CN=scm@fv-az83-744,OU=058a0642-7347-462a-9458-c615815b574d,O=a7fa08ca-0937-4143-ac9e-e5f006d87573
           Start Date: Wed Jun 07 12:10:38 UTC 2023
           Final Date: Sat Jul 15 12:10:38 UTC 2028
            SubjectDN: CN=scm@fv-az83-744,OU=058a0642-7347-462a-9458-c615815b574d,O=a7fa08ca-0937-4143-ac9e-e5f006d87573
           Public Key: RSA Public Key [63:48:1d:29:cb:6f:13:1a:a1:2a:52:14:45:39:5b:df:c0:39:c5:3c],[56:66:d1:a4]
        modulus: a9635fc4617024dfecb0836886d780a75b4c55f9e3cb7a0c0a4309cb4dd97c0c03f847dff35ce735d8ee4e1b1aca4fcbbaa7d0e76fccd3aaed5d80cd33403ae0495edd7df0ce6f784a5c63df7274959759c3314c42e75cecaa4904ab62f7fc299bf7e2b27fb228ff971f7fafa45696ff716904aa886d94d496c7e5c8cd85b6c5aae93a23a6eb76b9f7f0004e448d851361517b988bbff1c9c767905d13dbab0e73ebbab842f38efeae34713f941365aa068fd16abeb100ac3c85c24584d70ab09f1e16406f563e94159cad1f6f79c45780275d8434afb5da4c8f62f01fd7bd5c448d3249ce5307396e8662a0e3ce397c85c95c0c90e4abd4691ecc50a6f6e8a3
public exponent: 10001

  Signature Algorithm: SHA256WITHRSA
            Signature: 8518cb06db9984dfe77e136d82085b141c1f9c5c
                       0943649607b9668c50ed9b96b8cc66819b1cd0b9
                       29cc0eba323bd051346d48503f9bddcfb44b1c3a
                       605e51fe69af1995523b9da39430f4a8132c8bb6
                       61d147b08f4213fff411eff7e3e6dbad7342c895
                       1eea2b72940db83a62cd91a4b1bea4454fb5930f
                       228ae6d13d7e4bd57ad65067eaae8dc05110112e
                       e291ac02685d7ee7485607dc0f130e21a0fa6d61
                       987071fad3de17c22507c2cc551003edbe86444a
                       6bde30a2ed9b3e351276d3f10ebdbc4060298e3a
                       bc820f26f32c7f4d03aff3394cd9f92c7968a205
                       bb253b9a133b915eeca9d723c3a7e41d135b9fb8
                       89bc069bd49df9e84ca293f12c822cc8
       Extensions: 
                       critical(true) BasicConstraints: isCa(true)
                       critical(true) KeyUsage: 0x6
                       critical(false) 2.5.29.17 value = Sequence
    Tagged [7] IMPLICIT 
        DER Octet String[4] 

 from file:/tmp/junit4114053082923802457/junit6660828570140462318/scm-meta/scm/sub-ca/certs/CA-1.crt.
2023-06-07 12:10:38,441 [Time-limited test] INFO  client.SCMCertificateClient (DefaultCertificateClient.java:startCertificateMonitor(1208)) - CertificateLifetimeMonitor for scm/sub-ca is started with first delay 161135989561 ms and interval 3333 ms.
2023-06-07 12:10:38,441 [Time-limited test] WARN  server.ServerUtils (ServerUtils.java:getScmDbDir(155)) - ozone.scm.db.dirs is not configured. We recommend adding this setting. Falling back to ozone.metadata.dirs instead.
2023-06-07 12:10:38,441 [Time-limited test] INFO  ha.SCMHANodeDetails (SCMHANodeDetails.java:loadSCMHAConfig(209)) - ServiceID for StorageContainerManager is null
2023-06-07 12:10:38,441 [Time-limited test] INFO  ha.SCMHANodeDetails (SCMHANodeDetails.java:loadSCMHAConfig(214)) - ozone.scm.default.service.id is not defined, falling back to ozone.scm.service.ids to find serviceID for StorageContainerManager if it is HA enabled cluster
2023-06-07 12:10:38,442 [Time-limited test] INFO  client.SCMCertificateClient (DefaultCertificateClient.java:loadAllCertificates(151)) - Loading certificate from location:/tmp/junit4114053082923802457/junit6660828570140462318/scm-meta/scm/sub-ca/certs.
2023-06-07 12:10:38,443 [Time-limited test] INFO  client.SCMCertificateClient (DefaultCertificateClient.java:loadAllCertificates(195)) - Added certificate   [0]         Version: 3
         SerialNumber: 4098984891879
             IssuerDN: CN=scm@fv-az83-744,OU=058a0642-7347-462a-9458-c615815b574d,O=a7fa08ca-0937-4143-ac9e-e5f006d87573
           Start Date: Wed Jun 07 12:10:38 UTC 2023
           Final Date: Sat Jul 15 12:10:38 UTC 2028
            SubjectDN: CN=scm-sub@fv-az83-744,OU=058a0642-7347-462a-9458-c615815b574d,O=a7fa08ca-0937-4143-ac9e-e5f006d87573
           Public Key: RSA Public Key [c4:c5:a8:01:3a:36:56:37:a9:04:c2:e5:f4:54:79:a6:99:c5:70:d7],[56:66:d1:a4]
        modulus: befdb1f867c27cfa9d6e9ec941906daa936b432239a6c94dce71b905ea7bd6c2d797b67441b4fee6b0323cbbe1c9991475ca5589f2a471eeee17f02b2d14e7394181e3d1eabaa3f3332a18e6b4fccbef0705ba9f07f234ff87b5fdd57c306aa884d006657a5e7d178911f10c81daf69c649b615a16699330e1c51b95794a5c422984710986fc83ac08b6cf715ba57f09e02b429a247c2df3b309894b99a4c38a87e2b3093b33342efff12df0d9280877cfe527f6481e2f62f896bcbfff29ba28f1fa01a47824cd4689c7148eb5c449675be8daab4b9c6970421071188ec5754fa5333743bfb33e7e3d4d75ab5a641c31e7863358e7ff4f44407815ec321334df
public exponent: 10001

  Signature Algorithm: SHA256WITHRSA
            Signature: 50c1db1908d6019fc1d68c61cc4ebed774e01c45
                       e3783048ea25fe118e0cb3522930c42077c923ee
                       31d7ff1ddcd35db4f5a3396d9d489d617544cec5
                       c20b0106b19a2c47281e176a88b4c9814fa891cb
                       b3c4d29fc973adf2f149520bed0d6368b4f41bee
                       e1541e05b2ccc7ff80c7e119f6ff6a43e38bc1ef
                       860feaccead925aeacf9301e6fab6e17b20a4069
                       36072ed7c5ba999185f7f73d6e3fae38e867a042
                       586922f2e9efecdb860cc38dd81bf1c601614557
                       c1b8732bd6496d5aae428fff43a1101f0c80c19b
                       0d9963960ece59a6df442f5a728af9ad51b37337
                       ed30e7b5c23f36893058eeb44047f9faadbabdd4
                       55ba48ba06f6cf4834ce41f3e7df6bad
       Extensions: 
                       critical(false) 2.5.29.17 value = Sequence
    Tagged [7] IMPLICIT 
        DER Octet String[4] 

                       critical(true) BasicConstraints: isCa(true)
                       critical(true) KeyUsage: 0xbe
 from file:/tmp/junit4114053082923802457/junit6660828570140462318/scm-meta/scm/sub-ca/certs/certificate.crt.
2023-06-07 12:10:38,443 [Time-limited test] INFO  client.SCMCertificateClient (DefaultCertificateClient.java:loadAllCertificates(195)) - Added certificate   [0]         Version: 3
         SerialNumber: 4098984891879
             IssuerDN: CN=scm@fv-az83-744,OU=058a0642-7347-462a-9458-c615815b574d,O=a7fa08ca-0937-4143-ac9e-e5f006d87573
           Start Date: Wed Jun 07 12:10:38 UTC 2023
           Final Date: Sat Jul 15 12:10:38 UTC 2028
            SubjectDN: CN=scm-sub@fv-az83-744,OU=058a0642-7347-462a-9458-c615815b574d,O=a7fa08ca-0937-4143-ac9e-e5f006d87573
           Public Key: RSA Public Key [c4:c5:a8:01:3a:36:56:37:a9:04:c2:e5:f4:54:79:a6:99:c5:70:d7],[56:66:d1:a4]
        modulus: befdb1f867c27cfa9d6e9ec941906daa936b432239a6c94dce71b905ea7bd6c2d797b67441b4fee6b0323cbbe1c9991475ca5589f2a471eeee17f02b2d14e7394181e3d1eabaa3f3332a18e6b4fccbef0705ba9f07f234ff87b5fdd57c306aa884d006657a5e7d178911f10c81daf69c649b615a16699330e1c51b95794a5c422984710986fc83ac08b6cf715ba57f09e02b429a247c2df3b309894b99a4c38a87e2b3093b33342efff12df0d9280877cfe527f6481e2f62f896bcbfff29ba28f1fa01a47824cd4689c7148eb5c449675be8daab4b9c6970421071188ec5754fa5333743bfb33e7e3d4d75ab5a641c31e7863358e7ff4f44407815ec321334df
public exponent: 10001

  Signature Algorithm: SHA256WITHRSA
            Signature: 50c1db1908d6019fc1d68c61cc4ebed774e01c45
                       e3783048ea25fe118e0cb3522930c42077c923ee
                       31d7ff1ddcd35db4f5a3396d9d489d617544cec5
                       c20b0106b19a2c47281e176a88b4c9814fa891cb
                       b3c4d29fc973adf2f149520bed0d6368b4f41bee
                       e1541e05b2ccc7ff80c7e119f6ff6a43e38bc1ef
                       860feaccead925aeacf9301e6fab6e17b20a4069
                       36072ed7c5ba999185f7f73d6e3fae38e867a042
                       586922f2e9efecdb860cc38dd81bf1c601614557
                       c1b8732bd6496d5aae428fff43a1101f0c80c19b
                       0d9963960ece59a6df442f5a728af9ad51b37337
                       ed30e7b5c23f36893058eeb44047f9faadbabdd4
                       55ba48ba06f6cf4834ce41f3e7df6bad
       Extensions: 
                       critical(false) 2.5.29.17 value = Sequence
    Tagged [7] IMPLICIT 
        DER Octet String[4] 

                       critical(true) BasicConstraints: isCa(true)
                       critical(true) KeyUsage: 0xbe
 from file:/tmp/junit4114053082923802457/junit6660828570140462318/scm-meta/scm/sub-ca/certs/4098984891879.crt.
2023-06-07 12:10:38,444 [Time-limited test] INFO  client.SCMCertificateClient (DefaultCertificateClient.java:loadAllCertificates(195)) - Added certificate   [0]         Version: 3
         SerialNumber: 1
             IssuerDN: CN=scm@fv-az83-744,OU=058a0642-7347-462a-9458-c615815b574d,O=a7fa08ca-0937-4143-ac9e-e5f006d87573
           Start Date: Wed Jun 07 12:10:38 UTC 2023
           Final Date: Sat Jul 15 12:10:38 UTC 2028
            SubjectDN: CN=scm@fv-az83-744,OU=058a0642-7347-462a-9458-c615815b574d,O=a7fa08ca-0937-4143-ac9e-e5f006d87573
           Public Key: RSA Public Key [63:48:1d:29:cb:6f:13:1a:a1:2a:52:14:45:39:5b:df:c0:39:c5:3c],[56:66:d1:a4]
        modulus: a9635fc4617024dfecb0836886d780a75b4c55f9e3cb7a0c0a4309cb4dd97c0c03f847dff35ce735d8ee4e1b1aca4fcbbaa7d0e76fccd3aaed5d80cd33403ae0495edd7df0ce6f784a5c63df7274959759c3314c42e75cecaa4904ab62f7fc299bf7e2b27fb228ff971f7fafa45696ff716904aa886d94d496c7e5c8cd85b6c5aae93a23a6eb76b9f7f0004e448d851361517b988bbff1c9c767905d13dbab0e73ebbab842f38efeae34713f941365aa068fd16abeb100ac3c85c24584d70ab09f1e16406f563e94159cad1f6f79c45780275d8434afb5da4c8f62f01fd7bd5c448d3249ce5307396e8662a0e3ce397c85c95c0c90e4abd4691ecc50a6f6e8a3
public exponent: 10001

  Signature Algorithm: SHA256WITHRSA
            Signature: 8518cb06db9984dfe77e136d82085b141c1f9c5c
                       0943649607b9668c50ed9b96b8cc66819b1cd0b9
                       29cc0eba323bd051346d48503f9bddcfb44b1c3a
                       605e51fe69af1995523b9da39430f4a8132c8bb6
                       61d147b08f4213fff411eff7e3e6dbad7342c895
                       1eea2b72940db83a62cd91a4b1bea4454fb5930f
                       228ae6d13d7e4bd57ad65067eaae8dc05110112e
                       e291ac02685d7ee7485607dc0f130e21a0fa6d61
                       987071fad3de17c22507c2cc551003edbe86444a
                       6bde30a2ed9b3e351276d3f10ebdbc4060298e3a
                       bc820f26f32c7f4d03aff3394cd9f92c7968a205
                       bb253b9a133b915eeca9d723c3a7e41d135b9fb8
                       89bc069bd49df9e84ca293f12c822cc8
       Extensions: 
                       critical(true) BasicConstraints: isCa(true)
                       critical(true) KeyUsage: 0x6
                       critical(false) 2.5.29.17 value = Sequence
    Tagged [7] IMPLICIT 
        DER Octet String[4] 

 from file:/tmp/junit4114053082923802457/junit6660828570140462318/scm-meta/scm/sub-ca/certs/CA-1.crt.
2023-06-07 12:10:38,445 [Time-limited test] INFO  client.SCMCertificateClient (DefaultCertificateClient.java:startCertificateMonitor(1208)) - CertificateLifetimeMonitor for scm/sub-ca is started with first delay 161135989556 ms and interval 3333 ms.
2023-06-07 12:10:38,445 [Time-limited test] INFO  impl.DefaultInternalKdcServerImpl (DefaultInternalKdcServerImpl.java:doStop(102)) - Default Internal kdc server stopped.
2023-06-07 12:10:39,446 [Time-limited test] INFO  minikdc.MiniKdc (MiniKdc.java:stop(359)) - MiniKdc stopped.
]]></system-out>
  </testcase>
  <testcase name="testAdminAccessControlException" classname="org.apache.hadoop.ozone.TestSecureOzoneCluster" time="4.804">
    <system-out><![CDATA[2023-06-07 12:10:39,464 [Time-limited test] INFO  net.ServerSocketUtil (ServerSocketUtil.java:getPort(55)) - Using port 9860
2023-06-07 12:10:39,464 [Time-limited test] INFO  net.ServerSocketUtil (ServerSocketUtil.java:getPort(55)) - Using port 9861
2023-06-07 12:10:39,464 [Time-limited test] INFO  net.ServerSocketUtil (ServerSocketUtil.java:getPort(55)) - Using port 9863
2023-06-07 12:10:39,464 [Time-limited test] INFO  net.ServerSocketUtil (ServerSocketUtil.java:getPort(55)) - Using port 9961
2023-06-07 12:10:39,464 [Time-limited test] INFO  net.ServerSocketUtil (ServerSocketUtil.java:getPort(55)) - Using port 1200
2023-06-07 12:10:39,465 [Time-limited test] INFO  net.ServerSocketUtil (ServerSocketUtil.java:getPort(55)) - Using port 1201
2023-06-07 12:10:39,465 [Time-limited test] INFO  minikdc.MiniKdc (MiniKdc.java:<init>(225)) - Configuration:
2023-06-07 12:10:39,465 [Time-limited test] INFO  minikdc.MiniKdc (MiniKdc.java:<init>(226)) - ---------------------------------------------------------------
2023-06-07 12:10:39,465 [Time-limited test] INFO  minikdc.MiniKdc (MiniKdc.java:<init>(228)) -   debug: false
2023-06-07 12:10:39,466 [Time-limited test] INFO  minikdc.MiniKdc (MiniKdc.java:<init>(228)) -   transport: TCP
2023-06-07 12:10:39,466 [Time-limited test] INFO  minikdc.MiniKdc (MiniKdc.java:<init>(228)) -   max.ticket.lifetime: 86400000
2023-06-07 12:10:39,466 [Time-limited test] INFO  minikdc.MiniKdc (MiniKdc.java:<init>(228)) -   org.name: EXAMPLE
2023-06-07 12:10:39,466 [Time-limited test] INFO  minikdc.MiniKdc (MiniKdc.java:<init>(228)) -   kdc.port: 0
2023-06-07 12:10:39,466 [Time-limited test] INFO  minikdc.MiniKdc (MiniKdc.java:<init>(228)) -   org.domain: COM
2023-06-07 12:10:39,466 [Time-limited test] INFO  minikdc.MiniKdc (MiniKdc.java:<init>(228)) -   max.renewable.lifetime: 604800000
2023-06-07 12:10:39,466 [Time-limited test] INFO  minikdc.MiniKdc (MiniKdc.java:<init>(228)) -   instance: DefaultKrbServer
2023-06-07 12:10:39,466 [Time-limited test] INFO  minikdc.MiniKdc (MiniKdc.java:<init>(228)) -   kdc.bind.address: localhost
2023-06-07 12:10:39,466 [Time-limited test] INFO  minikdc.MiniKdc (MiniKdc.java:<init>(230)) - ---------------------------------------------------------------
2023-06-07 12:10:39,467 [Time-limited test] INFO  minikdc.MiniKdc (MiniKdc.java:start(285)) - MiniKdc started.
2023-06-07 12:10:39,688 [Time-limited test] WARN  server.ServerUtils (ServerUtils.java:getScmDbDir(155)) - ozone.scm.db.dirs is not configured. We recommend adding this setting. Falling back to ozone.metadata.dirs instead.
2023-06-07 12:10:39,688 [Time-limited test] INFO  ha.HASecurityUtils (HASecurityUtils.java:initializeSecurity(93)) - Initializing secure StorageContainerManager.
2023-06-07 12:10:39,688 [Time-limited test] INFO  client.SCMCertificateClient (DefaultCertificateClient.java:init(650)) - Certificate client init case: 0
2023-06-07 12:10:39,688 [Time-limited test] INFO  client.SCMCertificateClient (SCMCertificateClient.java:handleCase(68)) - Creating keypair for client as keypair and certificate not found.
2023-06-07 12:10:39,885 [Time-limited test] INFO  ha.HASecurityUtils (HASecurityUtils.java:initializeSecurity(99)) - Init response: GETCERT
2023-06-07 12:10:40,060 [Time-limited test] INFO  ozone.OzoneSecurityUtil (OzoneSecurityUtil.java:getValidInetsForCurrentHost(118)) - ip:fe80:0:0:0:20d:3aff:fe5e:ae76%eth0 not returned.
2023-06-07 12:10:40,060 [Time-limited test] INFO  ozone.OzoneSecurityUtil (OzoneSecurityUtil.java:getValidInetsForCurrentHost(115)) - Adding ip:10.1.0.7,host:fv-az83-744
2023-06-07 12:10:40,060 [Time-limited test] INFO  ozone.OzoneSecurityUtil (OzoneSecurityUtil.java:getValidInetsForCurrentHost(118)) - ip:0:0:0:0:0:0:0:1%lo not returned.
2023-06-07 12:10:40,060 [Time-limited test] INFO  ozone.OzoneSecurityUtil (OzoneSecurityUtil.java:getValidInetsForCurrentHost(118)) - ip:127.0.0.1 not returned.
2023-06-07 12:10:40,061 [Time-limited test] ERROR utils.SelfSignedCertificate (SelfSignedCertificate.java:lambda$addInetAddresses$0(245)) - Invalid domain fv-az83-744
2023-06-07 12:10:40,063 [Time-limited test] INFO  utils.SelfSignedCertificate (SelfSignedCertificate.java:generateCertificate(158)) - Certificate 1 is issued by CN=scm@fv-az83-744,OU=ac48777a-39d3-4641-aa36-7b66acfc8693,O=7712a676-a1c9-40c9-9a82-34f1b303e569 to CN=scm@fv-az83-744,OU=ac48777a-39d3-4641-aa36-7b66acfc8693,O=7712a676-a1c9-40c9-9a82-34f1b303e569, valid from Wed Jun 07 12:10:40 UTC 2023 to Sat Jul 15 12:10:40 UTC 2028
2023-06-07 12:10:40,064 [Time-limited test] INFO  ozone.OzoneSecurityUtil (OzoneSecurityUtil.java:getValidInetsForCurrentHost(118)) - ip:fe80:0:0:0:20d:3aff:fe5e:ae76%eth0 not returned.
2023-06-07 12:10:40,064 [Time-limited test] INFO  ozone.OzoneSecurityUtil (OzoneSecurityUtil.java:getValidInetsForCurrentHost(115)) - Adding ip:10.1.0.7,host:fv-az83-744
2023-06-07 12:10:40,065 [Time-limited test] INFO  ozone.OzoneSecurityUtil (OzoneSecurityUtil.java:getValidInetsForCurrentHost(118)) - ip:0:0:0:0:0:0:0:1%lo not returned.
2023-06-07 12:10:40,065 [Time-limited test] INFO  ozone.OzoneSecurityUtil (OzoneSecurityUtil.java:getValidInetsForCurrentHost(118)) - ip:127.0.0.1 not returned.
2023-06-07 12:10:40,065 [Time-limited test] ERROR utils.CertificateSignRequest (CertificateSignRequest.java:lambda$addInetAddresses$0(296)) - Invalid domain fv-az83-744
2023-06-07 12:10:40,065 [Time-limited test] INFO  ha.HASecurityUtils (HASecurityUtils.java:generateCSR(280)) - Creating csr for SCM->hostName:fv-az83-744,scmId:ac48777a-39d3-4641-aa36-7b66acfc8693,clusterId:7712a676-a1c9-40c9-9a82-34f1b303e569,subject:scm-sub@fv-az83-744
2023-06-07 12:10:40,072 [Time-limited test] INFO  ha.HASecurityUtils (HASecurityUtils.java:initializeSecurity(112)) - Successfully stored SCM signed certificate.
2023-06-07 12:10:40,077 [Time-limited test] WARN  server.ServerUtils (ServerUtils.java:getScmDbDir(155)) - ozone.scm.db.dirs is not configured. We recommend adding this setting. Falling back to ozone.metadata.dirs instead.
2023-06-07 12:10:40,077 [Time-limited test] INFO  ha.SCMHANodeDetails (SCMHANodeDetails.java:loadSCMHAConfig(209)) - ServiceID for StorageContainerManager is null
2023-06-07 12:10:40,078 [Time-limited test] INFO  ha.SCMHANodeDetails (SCMHANodeDetails.java:loadSCMHAConfig(214)) - ozone.scm.default.service.id is not defined, falling back to ozone.scm.service.ids to find serviceID for StorageContainerManager if it is HA enabled cluster
2023-06-07 12:10:40,078 [Time-limited test] INFO  client.SCMCertificateClient (DefaultCertificateClient.java:loadAllCertificates(151)) - Loading certificate from location:/tmp/junit3437011939746431851/junit3705769633676767405/scm-meta/scm/sub-ca/certs.
2023-06-07 12:10:40,079 [Time-limited test] INFO  client.SCMCertificateClient (DefaultCertificateClient.java:loadAllCertificates(195)) - Added certificate   [0]         Version: 3
         SerialNumber: 4100645459295
             IssuerDN: CN=scm@fv-az83-744,OU=ac48777a-39d3-4641-aa36-7b66acfc8693,O=7712a676-a1c9-40c9-9a82-34f1b303e569
           Start Date: Wed Jun 07 12:10:40 UTC 2023
           Final Date: Sat Jul 15 12:10:40 UTC 2028
            SubjectDN: CN=scm-sub@fv-az83-744,OU=ac48777a-39d3-4641-aa36-7b66acfc8693,O=7712a676-a1c9-40c9-9a82-34f1b303e569
           Public Key: RSA Public Key [af:f7:8d:24:6e:00:6a:1b:9d:07:0f:8e:7f:d9:89:d7:e4:23:36:75],[56:66:d1:a4]
        modulus: d4df4f663b19e52f109ca1474c5af5b934880f2bc566438b9e27009aae93eed9e124712ed927422aee08c31ac3775e589f4b56d3b3417f2636aebc0077e41744f588557a6fee83c73060760f82dc34ac8e6febea569d1d6d63ff32b9e543953d38d6991ed558a6a7324b885bf32be0f05ef665ed782f4ce1e7e05cf1d1c05c0045982fae98e2faec7315c2db25bf8b611bc8a4b00392e1f845de25fd8dc02aef3a33047856470ed81a258e52b14b59d3ad8d0b34206a72fdfba50bb207271842aa07c51c0a11e132b01b38a9ca6d1caf632e765d62120ed49a858bc2b23525325a8b7ef7ad14ef6142e0a63f85db808c96741a8b8b01e67f9d12c1a425210f19
public exponent: 10001

  Signature Algorithm: SHA256WITHRSA
            Signature: 3b19b27bc07b5500a2fd422538828613d8badb7a
                       e38f88802a79351077e636658be34188cda3ec89
                       2799d61268b650fccf60fb8999db4a57b1e52910
                       f9fac8fc4eefc01fbee94e4f3ffb1e1584ba5647
                       61205c2bd69b500ab9a13ddfd85ad604032a497f
                       a9e20d2a1c8c1fe16f51041175eeffbe981f7c1e
                       09defaa68f467e5eba568faf5b9494741b312b75
                       5f3fa3e89fed431efb4d8505a4448ee447691e71
                       726a22753471c747f96d84dcef2627559cb7e938
                       e93f453fc6724c4d8b017974361c17706c5d9c3f
                       ae8b1aabdb275a62cb23afde1b590097902431e2
                       6f0cd4fd9a149042f6ff41d60f792aef8c27addf
                       c2bc093c31a5242ebbab193153aab799
       Extensions: 
                       critical(false) 2.5.29.17 value = Sequence
    Tagged [7] IMPLICIT 
        DER Octet String[4] 

                       critical(true) BasicConstraints: isCa(true)
                       critical(true) KeyUsage: 0xbe
 from file:/tmp/junit3437011939746431851/junit3705769633676767405/scm-meta/scm/sub-ca/certs/4100645459295.crt.
2023-06-07 12:10:40,080 [Time-limited test] INFO  client.SCMCertificateClient (DefaultCertificateClient.java:loadAllCertificates(195)) - Added certificate   [0]         Version: 3
         SerialNumber: 4100645459295
             IssuerDN: CN=scm@fv-az83-744,OU=ac48777a-39d3-4641-aa36-7b66acfc8693,O=7712a676-a1c9-40c9-9a82-34f1b303e569
           Start Date: Wed Jun 07 12:10:40 UTC 2023
           Final Date: Sat Jul 15 12:10:40 UTC 2028
            SubjectDN: CN=scm-sub@fv-az83-744,OU=ac48777a-39d3-4641-aa36-7b66acfc8693,O=7712a676-a1c9-40c9-9a82-34f1b303e569
           Public Key: RSA Public Key [af:f7:8d:24:6e:00:6a:1b:9d:07:0f:8e:7f:d9:89:d7:e4:23:36:75],[56:66:d1:a4]
        modulus: d4df4f663b19e52f109ca1474c5af5b934880f2bc566438b9e27009aae93eed9e124712ed927422aee08c31ac3775e589f4b56d3b3417f2636aebc0077e41744f588557a6fee83c73060760f82dc34ac8e6febea569d1d6d63ff32b9e543953d38d6991ed558a6a7324b885bf32be0f05ef665ed782f4ce1e7e05cf1d1c05c0045982fae98e2faec7315c2db25bf8b611bc8a4b00392e1f845de25fd8dc02aef3a33047856470ed81a258e52b14b59d3ad8d0b34206a72fdfba50bb207271842aa07c51c0a11e132b01b38a9ca6d1caf632e765d62120ed49a858bc2b23525325a8b7ef7ad14ef6142e0a63f85db808c96741a8b8b01e67f9d12c1a425210f19
public exponent: 10001

  Signature Algorithm: SHA256WITHRSA
            Signature: 3b19b27bc07b5500a2fd422538828613d8badb7a
                       e38f88802a79351077e636658be34188cda3ec89
                       2799d61268b650fccf60fb8999db4a57b1e52910
                       f9fac8fc4eefc01fbee94e4f3ffb1e1584ba5647
                       61205c2bd69b500ab9a13ddfd85ad604032a497f
                       a9e20d2a1c8c1fe16f51041175eeffbe981f7c1e
                       09defaa68f467e5eba568faf5b9494741b312b75
                       5f3fa3e89fed431efb4d8505a4448ee447691e71
                       726a22753471c747f96d84dcef2627559cb7e938
                       e93f453fc6724c4d8b017974361c17706c5d9c3f
                       ae8b1aabdb275a62cb23afde1b590097902431e2
                       6f0cd4fd9a149042f6ff41d60f792aef8c27addf
                       c2bc093c31a5242ebbab193153aab799
       Extensions: 
                       critical(false) 2.5.29.17 value = Sequence
    Tagged [7] IMPLICIT 
        DER Octet String[4] 

                       critical(true) BasicConstraints: isCa(true)
                       critical(true) KeyUsage: 0xbe
 from file:/tmp/junit3437011939746431851/junit3705769633676767405/scm-meta/scm/sub-ca/certs/certificate.crt.
2023-06-07 12:10:40,081 [Time-limited test] INFO  client.SCMCertificateClient (DefaultCertificateClient.java:loadAllCertificates(195)) - Added certificate   [0]         Version: 3
         SerialNumber: 1
             IssuerDN: CN=scm@fv-az83-744,OU=ac48777a-39d3-4641-aa36-7b66acfc8693,O=7712a676-a1c9-40c9-9a82-34f1b303e569
           Start Date: Wed Jun 07 12:10:40 UTC 2023
           Final Date: Sat Jul 15 12:10:40 UTC 2028
            SubjectDN: CN=scm@fv-az83-744,OU=ac48777a-39d3-4641-aa36-7b66acfc8693,O=7712a676-a1c9-40c9-9a82-34f1b303e569
           Public Key: RSA Public Key [40:b3:3a:09:8b:00:cc:2f:df:1d:d0:51:c3:cb:78:ef:7f:13:09:01],[56:66:d1:a4]
        modulus: a17c446184db4c836e69ad4f00762bf186022369c17efbdfb86e1f2476b6b5176ffd0a13a8351534c09c8a3e1bd9c0a492f2332eb8ffb3389d49b78b2aa62892d87608e741cac9262891f93334fd7bd16b2a1ee68bb0c71c0e5417f5c72e54cbff3cd3f5184aa45b4c3766cbff15413eca41f8df95ca23c3b46ad18ba44e5872498cad958cc201699aa2fa30fe88fabc61c7086c28a594618d77e44e3bdce85b8d5b43faaed361f0f40dcc922b07cee83d23273100074088376eea96bc6d10062e2403de173b4266dd0d645fd1b4cc54f39cf6a9b3225666960c59e8954248224b73e9de8137ec1de7de9a04ed82ac93ec2b9e78ac0d2b775b15a2379b592c97
public exponent: 10001

  Signature Algorithm: SHA256WITHRSA
            Signature: 49dd219db9345c338d9629c861d31faf0aeeaae2
                       691384e7905757729c8de40042b9dfdedca2e3dc
                       5a04b385aa6064b685ebf54cdcfc4a5dd40f9492
                       958422332216f5a7ffed318d5cf7ae6adfab6280
                       40ea499c3a8635b351ceed5140b8ea2f92e96d4b
                       5d1dc94e244ea5f50b5d9cda3d273843c0a0b7c7
                       1d9791c91a56d5ac91a70584fb121fd1a5582f3a
                       4860fc3a3b4d495c45240fe07a94eaf44f3c45b7
                       afa39c6cf431dac8e8d42ac4e4289dd4d746a497
                       7edf846b8fb4e3e3fa825255aa7afccc355c3c52
                       59c55afa96f1fcf46e3905a84a6f1c0c3d31fcd1
                       969a0d7d13ae3fbb4402ea04fcc9144066cec766
                       8f39a57c72e19661d05149c06fa0e85a
       Extensions: 
                       critical(true) BasicConstraints: isCa(true)
                       critical(true) KeyUsage: 0x6
                       critical(false) 2.5.29.17 value = Sequence
    Tagged [7] IMPLICIT 
        DER Octet String[4] 

 from file:/tmp/junit3437011939746431851/junit3705769633676767405/scm-meta/scm/sub-ca/certs/CA-1.crt.
2023-06-07 12:10:40,081 [Time-limited test] INFO  client.SCMCertificateClient (DefaultCertificateClient.java:startCertificateMonitor(1208)) - CertificateLifetimeMonitor for scm/sub-ca is started with first delay 161135989919 ms and interval 3333 ms.
2023-06-07 12:10:40,086 [pool-660-thread-1] INFO  request.KdcRequest (KdcRequest.java:preauth(651)) - The preauth data is empty.
2023-06-07 12:10:40,087 [pool-660-thread-1] INFO  server.KdcHandler (KdcHandler.java:handleRecoverableException(177)) - KRB error occurred while processing request:Additional pre-authentication required
2023-06-07 12:10:40,098 [pool-660-thread-2] INFO  request.AsRequest (AsRequest.java:issueTicket(112)) - AS_REQ ISSUE: authtime 1686139840097,scm/fv-az83-744@EXAMPLE.COM for krbtgt/EXAMPLE.COM@EXAMPLE.COM
2023-06-07 12:10:40,100 [Time-limited test] INFO  security.UserGroupInformation (UserGroupInformation.java:loginUserFromKeytab(1132)) - Login successful for user scm/fv-az83-744@EXAMPLE.COM using keytab file scm.keytab. Keytab auto renewal enabled : false
2023-06-07 12:10:40,100 [Time-limited test] INFO  server.StorageContainerManager (StorageContainerManager.java:loginAsSCMUserIfSecurityEnabled(1025)) - SCM login successful.
2023-06-07 12:10:40,100 [Time-limited test] WARN  utils.HAUtils (HAUtils.java:getMetaDir(352)) - ozone.scm.db.dirs is not configured. We recommend adding this setting. Falling back to ozone.metadata.dirs instead.
2023-06-07 12:10:40,100 [Time-limited test] WARN  db.DBStoreBuilder (DBStoreBuilder.java:applyDBDefinition(165)) - ozone.scm.db.dirs is not configured. We recommend adding this setting. Falling back to ozone.metadata.dirs instead.
2023-06-07 12:10:40,198 [Time-limited test] INFO  net.NodeSchemaLoader (NodeSchemaLoader.java:loadSchemaFromFile(129)) - Loading schema from [jar:file:/home/runner/.m2/repository/org/apache/ozone/hdds-common/1.4.0-SNAPSHOT/hdds-common-1.4.0-SNAPSHOT.jar!/network-topology-default.xml]
2023-06-07 12:10:40,198 [Time-limited test] INFO  net.NodeSchemaLoader (NodeSchemaLoader.java:loadSchema(176)) - Loading network topology layer schema file
2023-06-07 12:10:40,207 [Time-limited test] INFO  upgrade.AbstractLayoutVersionManager (AbstractLayoutVersionManager.java:init(83)) - Initializing Layout version manager with metadata layout = HADOOP_PRC_PORTS_IN_DATANODEDETAILS (version = 7), software layout = HADOOP_PRC_PORTS_IN_DATANODEDETAILS (version = 7)
2023-06-07 12:10:40,209 [Time-limited test] INFO  ha.SequenceIdGenerator (SequenceIdGenerator.java:upgradeToSequenceId(349)) - upgrade localId to 111677748019200000
2023-06-07 12:10:40,210 [Time-limited test] INFO  ha.SequenceIdGenerator (SequenceIdGenerator.java:upgradeToSequenceId(359)) - upgrade delTxnId to 0
2023-06-07 12:10:40,210 [Time-limited test] INFO  ha.SequenceIdGenerator (SequenceIdGenerator.java:upgradeToSequenceId(376)) - upgrade containerId to 0
2023-06-07 12:10:40,210 [Time-limited test] INFO  ha.SequenceIdGenerator (SequenceIdGenerator.java:<init>(220)) - Init the HA SequenceIdGenerator.
2023-06-07 12:10:40,215 [Time-limited test] INFO  node.SCMNodeManager (SCMNodeManager.java:<init>(159)) - Entering startup safe mode.
2023-06-07 12:10:40,217 [Time-limited test] INFO  algorithms.ContainerPlacementPolicyFactory (ContainerPlacementPolicyFactory.java:getPolicyInternal(86)) - Create container placement policy of type org.apache.hadoop.hdds.scm.container.placement.algorithms.SCMContainerPlacementRackAware
2023-06-07 12:10:40,217 [Time-limited test] INFO  algorithms.ContainerPlacementPolicyFactory (ContainerPlacementPolicyFactory.java:getPolicyInternal(86)) - Create container placement policy of type org.apache.hadoop.hdds.scm.container.placement.algorithms.SCMContainerPlacementRackScatter
2023-06-07 12:10:40,217 [Time-limited test] INFO  pipeline.PipelineStateManagerImpl (PipelineStateManagerImpl.java:initialize(78)) - No pipeline exists in current db
2023-06-07 12:10:40,217 [Time-limited test] INFO  algorithms.LeaderChoosePolicyFactory (LeaderChoosePolicyFactory.java:getPolicy(57)) - Create leader choose policy of type org.apache.hadoop.hdds.scm.pipeline.leader.choose.algorithms.MinLeaderCountChoosePolicy
2023-06-07 12:10:40,217 [Time-limited test] INFO  algorithms.ContainerPlacementPolicyFactory (ContainerPlacementPolicyFactory.java:getPolicyInternal(86)) - Create container placement policy of type org.apache.hadoop.hdds.scm.container.placement.algorithms.SCMContainerPlacementRackScatter
2023-06-07 12:10:40,218 [Time-limited test] INFO  ha.SCMServiceManager (SCMServiceManager.java:register(42)) - Registering service BackgroundPipelineCreator.
2023-06-07 12:10:40,218 [Time-limited test] INFO  pipeline.BackgroundPipelineCreator (BackgroundPipelineCreator.java:start(124)) - Starting RatisPipelineUtilsThread.
2023-06-07 12:10:40,218 [Time-limited test] INFO  BackgroundPipelineScrubber (BackgroundSCMService.java:start(68)) - Starting BackgroundPipelineScrubber Service.
2023-06-07 12:10:40,218 [Time-limited test] INFO  ha.SCMServiceManager (SCMServiceManager.java:register(42)) - Registering service BackgroundPipelineScrubber.
2023-06-07 12:10:40,218 [Time-limited test] INFO  ExpiredContainerReplicaOpScrubber (BackgroundSCMService.java:start(68)) - Starting ExpiredContainerReplicaOpScrubber Service.
2023-06-07 12:10:40,218 [Time-limited test] INFO  ha.SCMServiceManager (SCMServiceManager.java:register(42)) - Registering service ExpiredContainerReplicaOpScrubber.
2023-06-07 12:10:40,220 [Time-limited test] INFO  algorithms.PipelineChoosePolicyFactory (PipelineChoosePolicyFactory.java:createPipelineChoosePolicyFromClass(73)) - Create pipeline choose policy of type org.apache.hadoop.hdds.scm.pipeline.choose.algorithms.RandomPipelineChoosePolicy
2023-06-07 12:10:40,220 [Time-limited test] INFO  ha.SCMServiceManager (SCMServiceManager.java:register(42)) - Registering service SCMBlockDeletingService.
2023-06-07 12:10:40,221 [Time-limited test] INFO  replication.ReplicationManager (ReplicationManager.java:start(299)) - Starting Replication Monitor Thread.
2023-06-07 12:10:40,222 [Time-limited test] INFO  ha.SCMServiceManager (SCMServiceManager.java:register(42)) - Registering service ReplicationManager.
2023-06-07 12:10:40,222 [ReplicationMonitor] INFO  replication.ReplicationManager (ReplicationManager.java:processAll(374)) - Replication Manager is not ready to run until 300000ms after safemode exit
2023-06-07 12:10:40,223 [Time-limited test] INFO  safemode.ContainerSafeModeRule (ContainerSafeModeRule.java:<init>(89)) - containers with one replica threshold count 0
2023-06-07 12:10:40,223 [Time-limited test] INFO  safemode.HealthyPipelineSafeModeRule (HealthyPipelineSafeModeRule.java:initializeRule(169)) - Total pipeline count is 0, healthy pipeline threshold count is 0
2023-06-07 12:10:40,223 [Time-limited test] INFO  safemode.OneReplicaPipelineSafeModeRule (OneReplicaPipelineSafeModeRule.java:initializeRule(180)) - Total pipeline count is 0, pipeline's with at least one datanode reported threshold count is 0
2023-06-07 12:10:40,224 [Time-limited test] INFO  authority.DefaultCAServer (DefaultCAServer.java:lambda$processVerificationStatus$0(465)) - CertificateServer validation is successful
2023-06-07 12:10:40,224 [Time-limited test] INFO  authority.DefaultCAServer (DefaultCAServer.java:lambda$processVerificationStatus$0(465)) - CertificateServer validation is successful
2023-06-07 12:10:40,225 [Time-limited test] INFO  server.StorageContainerManager (StorageContainerManager.java:persistPrimarySCMCerts(893)) - Storing sub-ca certificate serialId 4100645459295 on primary SCM
2023-06-07 12:10:40,225 [Time-limited test] INFO  server.StorageContainerManager (StorageContainerManager.java:persistPrimarySCMCerts(901)) - Storing root certificate serialId 1
2023-06-07 12:10:40,226 [Time-limited test] INFO  ipc.CallQueueManager (CallQueueManager.java:<init>(90)) - Using callQueue: class java.util.concurrent.LinkedBlockingQueue, queueCapacity: 200, scheduler: class org.apache.hadoop.ipc.DefaultRpcScheduler, ipcBackoff: false.
2023-06-07 12:10:40,228 [Socket Reader #1 for port 9961] INFO  ipc.Server (Server.java:run(1319)) - Starting Socket Reader #1 for port 9961
2023-06-07 12:10:40,230 [Listener at 0.0.0.0/9961] INFO  hdds.HddsUtils (HddsUtils.java:preserveThreadName(843)) - Restoring thread name: Time-limited test
2023-06-07 12:10:40,230 [Time-limited test] INFO  server.StorageContainerManager (StorageContainerManager.java:<init>(398)) - SCM start with adminUsers: [om/fv-az83-744@EXAMPLE.COM, scm]
2023-06-07 12:10:40,230 [Time-limited test] INFO  ipc.CallQueueManager (CallQueueManager.java:<init>(90)) - Using callQueue: class java.util.concurrent.LinkedBlockingQueue, queueCapacity: 10000, scheduler: class org.apache.hadoop.ipc.DefaultRpcScheduler, ipcBackoff: false.
2023-06-07 12:10:40,231 [Socket Reader #1 for port 9861] INFO  ipc.Server (Server.java:run(1319)) - Starting Socket Reader #1 for port 9861
2023-06-07 12:10:40,235 [Listener at 0.0.0.0/9861] INFO  hdds.HddsUtils (HddsUtils.java:preserveThreadName(843)) - Restoring thread name: Time-limited test
2023-06-07 12:10:40,236 [Time-limited test] INFO  ipc.CallQueueManager (CallQueueManager.java:<init>(90)) - Using callQueue: class java.util.concurrent.LinkedBlockingQueue, queueCapacity: 10000, scheduler: class org.apache.hadoop.ipc.DefaultRpcScheduler, ipcBackoff: false.
2023-06-07 12:10:40,236 [Socket Reader #1 for port 9863] INFO  ipc.Server (Server.java:run(1319)) - Starting Socket Reader #1 for port 9863
2023-06-07 12:10:40,238 [Listener at 0.0.0.0/9863] INFO  hdds.HddsUtils (HddsUtils.java:preserveThreadName(843)) - Restoring thread name: Time-limited test
2023-06-07 12:10:40,238 [Time-limited test] INFO  ipc.CallQueueManager (CallQueueManager.java:<init>(90)) - Using callQueue: class java.util.concurrent.LinkedBlockingQueue, queueCapacity: 10000, scheduler: class org.apache.hadoop.ipc.DefaultRpcScheduler, ipcBackoff: false.
2023-06-07 12:10:40,239 [Socket Reader #1 for port 9860] INFO  ipc.Server (Server.java:run(1319)) - Starting Socket Reader #1 for port 9860
2023-06-07 12:10:40,241 [Listener at 0.0.0.0/9860] INFO  hdds.HddsUtils (HddsUtils.java:preserveThreadName(843)) - Restoring thread name: Time-limited test
2023-06-07 12:10:40,244 [Time-limited test] INFO  ha.SCMServiceManager (SCMServiceManager.java:register(42)) - Registering service ContainerBalancer.
2023-06-07 12:10:40,245 [Time-limited test] INFO  server.StorageContainerManager (StorageContainerManager.java:<init>(415)) - 
Container Balancer status:
Key                            Value
Running                        false
Container Balancer Configuration values:
Key                                                Value
Threshold                                          10
Max Datanodes to Involve per Iteration(percent)    20
Max Size to Move per Iteration                     500GB
Max Size Entering Target per Iteration             26GB
Max Size Leaving Source per Iteration              26GB

2023-06-07 12:10:40,245 [Time-limited test] INFO  ha.SCMContext (SCMContext.java:updateSafeModeStatus(228)) - Update SafeModeStatus from SafeModeStatus{safeModeStatus=true, preCheckPassed=false} to SafeModeStatus{safeModeStatus=true, preCheckPassed=false}.
2023-06-07 12:10:40,245 [Time-limited test] INFO  server.StorageContainerManager (StorageContainerManager.java:start(1466)) - StorageContainerLocationProtocol RPC server is listening at /0.0.0.0:9860
2023-06-07 12:10:40,245 [Time-limited test] INFO  impl.MetricsSystemImpl (MetricsSystemImpl.java:init(158)) - StorageContainerManager metrics system started (again)
2023-06-07 12:10:40,260 [Time-limited test] INFO  server.SCMClientProtocolServer (SCMClientProtocolServer.java:start(201)) - RPC server for Client  is listening at /0.0.0.0:9860
2023-06-07 12:10:40,260 [IPC Server Responder] INFO  ipc.Server (Server.java:run(1558)) - IPC Server Responder: starting
2023-06-07 12:10:40,268 [Time-limited test] INFO  server.StorageContainerManager (StorageContainerManager.java:start(1480)) - ScmBlockLocationProtocol RPC server is listening at /0.0.0.0:9863
2023-06-07 12:10:40,339 [Time-limited test] INFO  server.SCMBlockProtocolServer (SCMBlockProtocolServer.java:start(152)) - RPC server for Block Protocol is listening at /0.0.0.0:9863
2023-06-07 12:10:40,339 [IPC Server Responder] INFO  ipc.Server (Server.java:run(1558)) - IPC Server Responder: starting
2023-06-07 12:10:40,261 [IPC Server listener on 9860] INFO  ipc.Server (Server.java:run(1398)) - IPC Server listener on 9860: starting
2023-06-07 12:10:40,340 [IPC Server listener on 9863] INFO  ipc.Server (Server.java:run(1398)) - IPC Server listener on 9863: starting
2023-06-07 12:10:40,357 [Time-limited test] INFO  server.SCMDatanodeProtocolServer (SCMDatanodeProtocolServer.java:start(193)) - ScmDatanodeProtocol RPC server for DataNodes is listening at /0.0.0.0:9861
2023-06-07 12:10:40,358 [IPC Server Responder] INFO  ipc.Server (Server.java:run(1558)) - IPC Server Responder: starting
2023-06-07 12:10:40,358 [IPC Server listener on 9861] INFO  ipc.Server (Server.java:run(1398)) - IPC Server listener on 9861: starting
2023-06-07 12:10:40,372 [Time-limited test] INFO  server.SCMSecurityProtocolServer (SCMSecurityProtocolServer.java:start(395)) - Starting RPC server for SCMSecurityProtocolServer. is listening at /0.0.0.0:9961
2023-06-07 12:10:40,372 [IPC Server Responder] INFO  ipc.Server (Server.java:run(1558)) - IPC Server Responder: starting
2023-06-07 12:10:40,372 [IPC Server listener on 9961] INFO  ipc.Server (Server.java:run(1398)) - IPC Server listener on 9961: starting
2023-06-07 12:10:40,373 [Time-limited test] INFO  server.SCMUpdateServiceGrpcServer (SCMUpdateServiceGrpcServer.java:start(58)) - SCMUpdateService starting
2023-06-07 12:10:40,377 [JvmPauseMonitor11] INFO  util.JvmPauseMonitor (JvmPauseMonitor.java:run(103)) - JvmPauseMonitor-ac48777a-39d3-4641-aa36-7b66acfc8693: Started
2023-06-07 12:10:40,377 [Time-limited test] INFO  http.BaseHttpServer (BaseHttpServer.java:newHttpServer2BuilderForOzone(224)) - Starting Web-server for scm at: http://0.0.0.0:9876
2023-06-07 12:10:40,378 [Time-limited test] INFO  http.BaseHttpServer (BaseHttpServer.java:<init>(111)) - Hadoop Security Enabled: true Ozone Security Enabled: true Ozone HTTP Security Enabled: false 
2023-06-07 12:10:40,379 [Time-limited test] WARN  server.AuthenticationFilter (AuthenticationFilter.java:constructSecretProvider(240)) - Unable to initialize FileSignerSecretProvider, falling back to use random secrets. Reason: Could not read signature secret file: /home/runner/hadoop-http-auth-signature-secret
2023-06-07 12:10:40,380 [Time-limited test] INFO  http.HttpRequestLog (HttpRequestLog.java:getRequestLog(86)) - Http request log for http.requests.scm is not defined
2023-06-07 12:10:40,381 [Time-limited test] INFO  http.HttpServer2 (HttpServer2.java:addGlobalFilter(1031)) - Added global filter 'safety' (class=org.apache.hadoop.hdds.server.http.HttpServer2$QuotingInputFilter)
2023-06-07 12:10:40,382 [Time-limited test] INFO  http.HttpServer2 (HttpServer2.java:addFilter(1007)) - Added filter static_user_filter (class=org.apache.hadoop.http.lib.StaticUserWebFilter$StaticUserFilter) to context scm
2023-06-07 12:10:40,382 [Time-limited test] INFO  http.HttpServer2 (HttpServer2.java:addFilter(1015)) - Added filter static_user_filter (class=org.apache.hadoop.http.lib.StaticUserWebFilter$StaticUserFilter) to context logs
2023-06-07 12:10:40,382 [Time-limited test] INFO  http.HttpServer2 (HttpServer2.java:addFilter(1015)) - Added filter static_user_filter (class=org.apache.hadoop.http.lib.StaticUserWebFilter$StaticUserFilter) to context static
2023-06-07 12:10:40,383 [Time-limited test] INFO  http.BaseHttpServer (BaseHttpServer.java:<init>(190)) - HTTP server of scm uses base directory /tmp/junit3437011939746431851/junit3705769633676767405/scm-meta/webserver
2023-06-07 12:10:40,383 [Time-limited test] INFO  http.HttpServer2 (HttpServer2.java:bindListener(1250)) - Jetty bound to port 9876
2023-06-07 12:10:40,383 [Time-limited test] INFO  server.Server (Server.java:doStart(375)) - jetty-9.4.51.v20230217; built: 2023-02-17T08:19:37.309Z; git: b45c405e4544384de066f814ed42ae3dceacdd49; jvm 1.8.0_372-b07
2023-06-07 12:10:40,384 [Time-limited test] INFO  server.session (DefaultSessionIdManager.java:doStart(334)) - DefaultSessionIdManager workerName=node0
2023-06-07 12:10:40,385 [Time-limited test] INFO  server.session (DefaultSessionIdManager.java:doStart(339)) - No SessionScavenger set, using defaults
2023-06-07 12:10:40,385 [Time-limited test] INFO  server.session (HouseKeeper.java:startScavenging(132)) - node0 Scavenging every 600000ms
2023-06-07 12:10:40,385 [Time-limited test] INFO  handler.ContextHandler (ContextHandler.java:doStart(921)) - Started o.e.j.s.ServletContextHandler@2da2cf93{logs,/logs,file:///home/runner/work/ozone/ozone/hadoop-ozone/integration-test/target/log,AVAILABLE}
2023-06-07 12:10:40,386 [Time-limited test] INFO  handler.ContextHandler (ContextHandler.java:doStart(921)) - Started o.e.j.s.ServletContextHandler@565aeeb0{static,/static,file:///home/runner/work/ozone/ozone/hadoop-ozone/integration-test/target/test-classes/webapps/static,AVAILABLE}
2023-06-07 12:10:40,388 [Time-limited test] INFO  handler.ContextHandler (ContextHandler.java:doStart(921)) - Started o.e.j.w.WebAppContext@6b89d1c1{scm,/,file:///home/runner/work/ozone/ozone/hadoop-ozone/integration-test/target/test-classes/webapps/scm/,AVAILABLE}{file:/home/runner/work/ozone/ozone/hadoop-ozone/integration-test/target/test-classes/webapps/scm}
2023-06-07 12:10:40,392 [Time-limited test] INFO  server.AbstractConnector (AbstractConnector.java:doStart(333)) - Started ServerConnector@49cb37f5{HTTP/1.1, (http/1.1)}{0.0.0.0:9876}
2023-06-07 12:10:40,392 [Time-limited test] INFO  server.Server (Server.java:doStart(415)) - Started @165401ms
2023-06-07 12:10:40,392 [Time-limited test] WARN  impl.MetricsSystemImpl (MetricsSystemImpl.java:register(279)) - Sink prometheus already exists!
2023-06-07 12:10:40,392 [Time-limited test] INFO  http.BaseHttpServer (BaseHttpServer.java:updateConnectorAddress(344)) - HTTP server of scm listening at http://0.0.0.0:9876
2023-06-07 12:10:40,394 [pool-660-thread-2] INFO  request.KdcRequest (KdcRequest.java:preauth(651)) - The preauth data is empty.
2023-06-07 12:10:40,394 [pool-660-thread-2] INFO  server.KdcHandler (KdcHandler.java:handleRecoverableException(177)) - KRB error occurred while processing request:Additional pre-authentication required
2023-06-07 12:10:40,397 [pool-660-thread-2] INFO  request.AsRequest (AsRequest.java:issueTicket(112)) - AS_REQ ISSUE: authtime 1686139840397,test@EXAMPLE.COM for krbtgt/EXAMPLE.COM@EXAMPLE.COM
2023-06-07 12:10:40,406 [pool-660-thread-2] INFO  request.TgsRequest (TgsRequest.java:issueTicket(115)) - TGS_REQ ISSUE: authtime 1686139840406,test for scm/fv-az83-744@EXAMPLE.COM
2023-06-07 12:10:40,415 [Socket Reader #1 for port 9860] INFO  ipc.Server (Server.java:saslProcess(2116)) - Auth successful for test@EXAMPLE.COM (auth:KERBEROS) from 10.1.0.7:41616
2023-06-07 12:10:40,448 [IPC Server handler 0 on default port 9860] INFO  ipc.Server (Server.java:logException(3087)) - IPC Server handler 0 on default port 9860, call Call#33 Retry#0 org.apache.hadoop.hdds.scm.protocol.StorageContainerLocationProtocol.submitRequest from 10.1.0.7:41616
org.apache.hadoop.security.AccessControlException: Access denied for user test@EXAMPLE.COM. SCM superuser privilege is required.
	at org.apache.hadoop.hdds.scm.server.StorageContainerManager.checkAdminAccess(StorageContainerManager.java:1848)
	at org.apache.hadoop.hdds.scm.server.SCMClientProtocolServer.forceExitSafeMode(SCMClientProtocolServer.java:925)
	at org.apache.hadoop.hdds.scm.protocol.StorageContainerLocationProtocolServerSideTranslatorPB.forceExitSafeMode(StorageContainerLocationProtocolServerSideTranslatorPB.java:1013)
	at org.apache.hadoop.hdds.scm.protocol.StorageContainerLocationProtocolServerSideTranslatorPB.processRequest(StorageContainerLocationProtocolServerSideTranslatorPB.java:533)
	at org.apache.hadoop.hdds.server.OzoneProtocolMessageDispatcher.processRequest(OzoneProtocolMessageDispatcher.java:87)
	at org.apache.hadoop.hdds.scm.protocol.StorageContainerLocationProtocolServerSideTranslatorPB.submitRequest(StorageContainerLocationProtocolServerSideTranslatorPB.java:221)
	at org.apache.hadoop.hdds.protocol.proto.StorageContainerLocationProtocolProtos$StorageContainerLocationProtocolService$2.callBlockingMethod(StorageContainerLocationProtocolProtos.java)
	at org.apache.hadoop.ipc.ProtobufRpcEngine$Server.processCall(ProtobufRpcEngine.java:484)
	at org.apache.hadoop.ipc.ProtobufRpcEngine2$Server$ProtoBufRpcInvoker.call(ProtobufRpcEngine2.java:595)
	at org.apache.hadoop.ipc.ProtobufRpcEngine2$Server$ProtoBufRpcInvoker.call(ProtobufRpcEngine2.java:573)
	at org.apache.hadoop.ipc.RPC$Server.call(RPC.java:1213)
	at org.apache.hadoop.ipc.Server$RpcCall.run(Server.java:1089)
	at org.apache.hadoop.ipc.Server$RpcCall.run(Server.java:1012)
	at java.security.AccessController.doPrivileged(Native Method)
	at javax.security.auth.Subject.doAs(Subject.java:422)
	at org.apache.hadoop.security.UserGroupInformation.doAs(UserGroupInformation.java:1899)
	at org.apache.hadoop.ipc.Server$Handler.run(Server.java:3026)
2023-06-07 12:10:40,453 [Time-limited test] WARN  ipc.Client (Client.java:run(749)) - Exception encountered while connecting to the server 
org.apache.hadoop.security.AccessControlException: Client cannot authenticate via:[KERBEROS]
	at org.apache.hadoop.security.SaslRpcClient.selectSaslClient(SaslRpcClient.java:179)
	at org.apache.hadoop.security.SaslRpcClient.saslConnect(SaslRpcClient.java:392)
	at org.apache.hadoop.ipc.Client$Connection.setupSaslConnection(Client.java:577)
	at org.apache.hadoop.ipc.Client$Connection.access$2100(Client.java:363)
	at org.apache.hadoop.ipc.Client$Connection$2.run(Client.java:800)
	at org.apache.hadoop.ipc.Client$Connection$2.run(Client.java:796)
	at java.security.AccessController.doPrivileged(Native Method)
	at javax.security.auth.Subject.doAs(Subject.java:422)
	at org.apache.hadoop.security.UserGroupInformation.doAs(UserGroupInformation.java:1899)
	at org.apache.hadoop.ipc.Client$Connection.setupIOstreams(Client.java:796)
	at org.apache.hadoop.ipc.Client$Connection.access$3800(Client.java:363)
	at org.apache.hadoop.ipc.Client.getConnection(Client.java:1649)
	at org.apache.hadoop.ipc.Client.call(Client.java:1474)
	at org.apache.hadoop.ipc.Client.call(Client.java:1427)
	at org.apache.hadoop.ipc.ProtobufRpcEngine$Invoker.invoke(ProtobufRpcEngine.java:250)
	at org.apache.hadoop.ipc.ProtobufRpcEngine$Invoker.invoke(ProtobufRpcEngine.java:132)
	at com.sun.proxy.$Proxy44.submitRequest(Unknown Source)
	at org.apache.hadoop.hdds.scm.protocolPB.StorageContainerLocationProtocolClientSideTranslatorPB.submitRpcRequest(StorageContainerLocationProtocolClientSideTranslatorPB.java:191)
	at org.apache.hadoop.hdds.scm.protocolPB.StorageContainerLocationProtocolClientSideTranslatorPB.submitRequest(StorageContainerLocationProtocolClientSideTranslatorPB.java:175)
	at org.apache.hadoop.hdds.scm.protocolPB.StorageContainerLocationProtocolClientSideTranslatorPB.forceExitSafeMode(StorageContainerLocationProtocolClientSideTranslatorPB.java:792)
	at org.apache.ozone.test.LambdaTestUtils.intercept(LambdaTestUtils.java:491)
	at org.apache.ozone.test.LambdaTestUtils.intercept(LambdaTestUtils.java:377)
	at org.apache.ozone.test.LambdaTestUtils.intercept(LambdaTestUtils.java:446)
	at org.apache.hadoop.ozone.TestSecureOzoneCluster.testAdminAccessControlException(TestSecureOzoneCluster.java:436)
	at sun.reflect.NativeMethodAccessorImpl.invoke0(Native Method)
	at sun.reflect.NativeMethodAccessorImpl.invoke(NativeMethodAccessorImpl.java:62)
	at sun.reflect.DelegatingMethodAccessorImpl.invoke(DelegatingMethodAccessorImpl.java:43)
	at java.lang.reflect.Method.invoke(Method.java:498)
	at org.junit.runners.model.FrameworkMethod$1.runReflectiveCall(FrameworkMethod.java:59)
	at org.junit.internal.runners.model.ReflectiveCallable.run(ReflectiveCallable.java:12)
	at org.junit.runners.model.FrameworkMethod.invokeExplosively(FrameworkMethod.java:56)
	at org.junit.internal.runners.statements.InvokeMethod.evaluate(InvokeMethod.java:17)
	at org.junit.internal.runners.statements.RunBefores.evaluate(RunBefores.java:26)
	at org.junit.internal.runners.statements.RunAfters.evaluate(RunAfters.java:27)
	at org.junit.rules.ExternalResource$1.evaluate(ExternalResource.java:54)
	at org.junit.internal.runners.statements.FailOnTimeout$CallableStatement.call(FailOnTimeout.java:288)
	at org.junit.internal.runners.statements.FailOnTimeout$CallableStatement.call(FailOnTimeout.java:282)
	at java.util.concurrent.FutureTask.run(FutureTask.java:266)
	at java.lang.Thread.run(Thread.java:750)
2023-06-07 12:10:40,456 [Time-limited test] INFO  server.StorageContainerManager (StorageContainerManager.java:stop(1560)) - Container Balancer is not running.
2023-06-07 12:10:40,456 [Time-limited test] INFO  server.StorageContainerManager (StorageContainerManager.java:stopReplicationManager(1691)) - Stopping Replication Manager Service.
2023-06-07 12:10:40,456 [Time-limited test] INFO  replication.ReplicationManager (ReplicationManager.java:stop(332)) - Stopping Replication Monitor Thread.
2023-06-07 12:10:40,456 [Time-limited test] INFO  server.StorageContainerManager (StorageContainerManager.java:stop(1569)) - Stopping the Datanode Admin Monitor.
2023-06-07 12:10:40,456 [ReplicationMonitor] INFO  replication.ReplicationManager (ReplicationManager.java:run(938)) - Replication Monitor Thread is stopped
2023-06-07 12:10:40,456 [Under Replicated Processor] WARN  replication.UnhealthyReplicationProcessor (UnhealthyReplicationProcessor.java:run(167)) - Under Replicated Processor interrupted. Exiting...
2023-06-07 12:10:40,456 [Over Replicated Processor] WARN  replication.UnhealthyReplicationProcessor (UnhealthyReplicationProcessor.java:run(167)) - Over Replicated Processor interrupted. Exiting...
2023-06-07 12:10:40,456 [Time-limited test] INFO  server.StorageContainerManager (StorageContainerManager.java:stop(1576)) - Stopping datanode service RPC server
2023-06-07 12:10:40,457 [Time-limited test] INFO  server.SCMDatanodeProtocolServer (SCMDatanodeProtocolServer.java:stop(424)) - Stopping the RPC server for DataNodes
2023-06-07 12:10:40,457 [Time-limited test] INFO  ipc.Server (Server.java:stop(3501)) - Stopping server on 9861
2023-06-07 12:10:40,460 [IPC Server Responder] INFO  ipc.Server (Server.java:run(1563)) - Stopping IPC Server Responder
2023-06-07 12:10:40,460 [IPC Server listener on 9861] INFO  ipc.Server (Server.java:run(1430)) - Stopping IPC Server listener on 9861
2023-06-07 12:10:43,211 [SCM Heartbeat Processing Thread - 0] WARN  node.NodeStateManager (NodeStateManager.java:scheduleNextHealthCheck(870)) - Current Thread is interrupted, shutting down HB processing thread for Node Manager.
2023-06-07 12:10:43,211 [Time-limited test] INFO  server.StorageContainerManager (StorageContainerManager.java:stop(1584)) - Stopping block service RPC server
2023-06-07 12:10:43,211 [Time-limited test] INFO  server.SCMBlockProtocolServer (SCMBlockProtocolServer.java:stop(161)) - Stopping the RPC server for Block Protocol
2023-06-07 12:10:43,211 [Time-limited test] INFO  ipc.Server (Server.java:stop(3501)) - Stopping server on 9863
2023-06-07 12:10:43,214 [IPC Server Responder] INFO  ipc.Server (Server.java:run(1563)) - Stopping IPC Server Responder
2023-06-07 12:10:43,214 [IPC Server listener on 9863] INFO  ipc.Server (Server.java:run(1430)) - Stopping IPC Server listener on 9863
2023-06-07 12:10:43,214 [Time-limited test] INFO  server.StorageContainerManager (StorageContainerManager.java:stop(1591)) - Stopping the StorageContainerLocationProtocol RPC server
2023-06-07 12:10:43,214 [Time-limited test] INFO  server.SCMClientProtocolServer (SCMClientProtocolServer.java:stop(210)) - Stopping the RPC server for Client Protocol
2023-06-07 12:10:43,214 [Time-limited test] INFO  ipc.Server (Server.java:stop(3501)) - Stopping server on 9860
2023-06-07 12:10:43,220 [IPC Server Responder] INFO  ipc.Server (Server.java:run(1563)) - Stopping IPC Server Responder
2023-06-07 12:10:43,220 [Time-limited test] INFO  server.StorageContainerManager (StorageContainerManager.java:stop(1598)) - Stopping Storage Container Manager HTTP server.
2023-06-07 12:10:43,222 [Time-limited test] INFO  handler.ContextHandler (ContextHandler.java:doStop(1159)) - Stopped o.e.j.w.WebAppContext@6b89d1c1{scm,/,null,STOPPED}{file:/home/runner/work/ozone/ozone/hadoop-ozone/integration-test/target/test-classes/webapps/scm}
2023-06-07 12:10:43,220 [IPC Server listener on 9860] INFO  ipc.Server (Server.java:run(1430)) - Stopping IPC Server listener on 9860
2023-06-07 12:10:43,227 [Time-limited test] INFO  server.AbstractConnector (AbstractConnector.java:doStop(383)) - Stopped ServerConnector@49cb37f5{HTTP/1.1, (http/1.1)}{0.0.0.0:9876}
2023-06-07 12:10:43,228 [Time-limited test] INFO  server.session (HouseKeeper.java:stopScavenging(149)) - node0 Stopped scavenging
2023-06-07 12:10:43,228 [Time-limited test] INFO  handler.ContextHandler (ContextHandler.java:doStop(1159)) - Stopped o.e.j.s.ServletContextHandler@565aeeb0{static,/static,file:///home/runner/work/ozone/ozone/hadoop-ozone/integration-test/target/test-classes/webapps/static,STOPPED}
2023-06-07 12:10:43,228 [Time-limited test] INFO  handler.ContextHandler (ContextHandler.java:doStop(1159)) - Stopped o.e.j.s.ServletContextHandler@2da2cf93{logs,/logs,file:///home/runner/work/ozone/ozone/hadoop-ozone/integration-test/target/log,STOPPED}
2023-06-07 12:10:43,232 [Time-limited test] INFO  server.StorageContainerManager (StorageContainerManager.java:stop(1606)) - Stopping SCM LayoutVersionManager Service.
2023-06-07 12:10:43,232 [Time-limited test] INFO  server.SCMSecurityProtocolServer (SCMSecurityProtocolServer.java:stop(403)) - Stopping the SCMSecurityProtocolServer.
2023-06-07 12:10:43,232 [Time-limited test] INFO  ipc.Server (Server.java:stop(3501)) - Stopping server on 9961
2023-06-07 12:10:43,232 [IPC Server listener on 9961] INFO  ipc.Server (Server.java:run(1430)) - Stopping IPC Server listener on 9961
2023-06-07 12:10:43,233 [IPC Server Responder] INFO  ipc.Server (Server.java:run(1563)) - Stopping IPC Server Responder
2023-06-07 12:10:43,233 [Time-limited test] INFO  server.SCMUpdateServiceGrpcServer (SCMUpdateServiceGrpcServer.java:stop(73)) - SCMUpdateService stopping
2023-06-07 12:10:43,234 [Time-limited test] INFO  server.SCMUpdateServiceGrpcServer (SCMUpdateServiceGrpcServer.java:stop(85)) - SCMUpdateService stopped!
2023-06-07 12:10:43,234 [Time-limited test] INFO  server.StorageContainerManager (StorageContainerManager.java:stop(1614)) - Stopping Block Manager Service.
2023-06-07 12:10:43,234 [Time-limited test] INFO  utils.BackgroundService (BackgroundService.java:shutdown(141)) - Shutting down service SCMBlockDeletingService
2023-06-07 12:10:43,234 [Time-limited test] INFO  utils.BackgroundService (BackgroundService.java:shutdown(141)) - Shutting down service SCMBlockDeletingService
2023-06-07 12:10:43,234 [Time-limited test] INFO  server.StorageContainerManager (StorageContainerManager.java:stop(1636)) - Stopping SCM Event Queue.
2023-06-07 12:10:43,234 [JvmPauseMonitor11] INFO  util.JvmPauseMonitor (JvmPauseMonitor.java:run(109)) - JvmPauseMonitor-ac48777a-39d3-4641-aa36-7b66acfc8693: Stopped
2023-06-07 12:10:43,234 [Time-limited test] INFO  server.StorageContainerManager (StorageContainerManager.java:stop(1647)) - Stopping SCM HA services.
2023-06-07 12:10:43,235 [Time-limited test] INFO  pipeline.BackgroundPipelineCreator (BackgroundPipelineCreator.java:stop(149)) - Stopping RatisPipelineUtilsThread.
2023-06-07 12:10:43,235 [RatisPipelineUtilsThread - 0] WARN  pipeline.BackgroundPipelineCreator (BackgroundPipelineCreator.java:run(180)) - RatisPipelineUtilsThread is interrupted.
2023-06-07 12:10:43,235 [Time-limited test] INFO  BackgroundPipelineScrubber (BackgroundSCMService.java:stop(131)) - Stopping BackgroundPipelineScrubber Service.
2023-06-07 12:10:43,235 [BackgroundPipelineScrubberThread] WARN  BackgroundPipelineScrubber (BackgroundSCMService.java:run(115)) - BackgroundPipelineScrubber is interrupted, exit
2023-06-07 12:10:43,235 [Time-limited test] INFO  impl.MetricsSystemImpl (MetricsSystemImpl.java:stop(210)) - Stopping StorageContainerManager metrics system...
2023-06-07 12:10:43,246 [prometheus] INFO  impl.MetricsSinkAdapter (MetricsSinkAdapter.java:publishMetricsFromQueue(141)) - prometheus thread interrupted.
2023-06-07 12:10:43,246 [Time-limited test] INFO  impl.MetricsSystemImpl (MetricsSystemImpl.java:stop(216)) - StorageContainerManager metrics system stopped.
2023-06-07 12:10:43,247 [Time-limited test] WARN  pipeline.BackgroundPipelineCreator (BackgroundPipelineCreator.java:stop(145)) - RatisPipelineUtilsThread is not running, just ignore.
2023-06-07 12:10:43,247 [Time-limited test] INFO  BackgroundPipelineScrubber (BackgroundSCMService.java:stop(126)) - BackgroundPipelineScrubber Service is not running, skip stop.
2023-06-07 12:10:43,247 [Time-limited test] INFO  ExpiredContainerReplicaOpScrubber (BackgroundSCMService.java:stop(131)) - Stopping ExpiredContainerReplicaOpScrubber Service.
2023-06-07 12:10:43,247 [ExpiredContainerReplicaOpScrubberThread] WARN  ExpiredContainerReplicaOpScrubber (BackgroundSCMService.java:run(115)) - ExpiredContainerReplicaOpScrubber is interrupted, exit
2023-06-07 12:10:43,247 [Time-limited test] INFO  utils.BackgroundService (BackgroundService.java:shutdown(141)) - Shutting down service SCMBlockDeletingService
2023-06-07 12:10:43,247 [Time-limited test] INFO  replication.ReplicationManager (ReplicationManager.java:stop(342)) - Replication Monitor Thread is not running.
2023-06-07 12:10:43,247 [Time-limited test] WARN  balancer.ContainerBalancer (ContainerBalancer.java:stop(328)) - Cannot stop Container Balancer because it's not running or stopping
2023-06-07 12:10:43,247 [Lease Manager-LeaseManager#LeaseMonitor] WARN  lease.LeaseManager (LeaseManager.java:run(272)) - Lease manager is interrupted. Shutting down...
java.lang.InterruptedException
	at java.util.concurrent.locks.AbstractQueuedSynchronizer.doAcquireSharedNanos(AbstractQueuedSynchronizer.java:1039)
	at java.util.concurrent.locks.AbstractQueuedSynchronizer.tryAcquireSharedNanos(AbstractQueuedSynchronizer.java:1328)
	at java.util.concurrent.Semaphore.tryAcquire(Semaphore.java:409)
	at org.apache.hadoop.ozone.lease.LeaseManager$LeaseMonitor.run(LeaseManager.java:270)
	at java.lang.Thread.run(Thread.java:750)
2023-06-07 12:10:43,247 [Time-limited test] INFO  server.StorageContainerManager (StorageContainerManager.java:stop(1682)) - Stopping SCM MetadataStore.
2023-06-07 12:10:43,249 [Time-limited test] INFO  impl.DefaultInternalKdcServerImpl (DefaultInternalKdcServerImpl.java:doStop(102)) - Default Internal kdc server stopped.
2023-06-07 12:10:44,250 [Time-limited test] INFO  minikdc.MiniKdc (MiniKdc.java:stop(359)) - MiniKdc stopped.
2023-06-07 12:10:44,250 [Time-limited test] INFO  server.StorageContainerManager (StorageContainerManager.java:stop(1549)) - Storage Container Manager is not running.
2023-06-07 12:10:44,250 [Time-limited test] INFO  server.StorageContainerManager (StorageContainerManager.java:stopReplicationManager(1691)) - Stopping Replication Manager Service.
2023-06-07 12:10:44,250 [Time-limited test] INFO  replication.ReplicationManager (ReplicationManager.java:stop(342)) - Replication Monitor Thread is not running.
2023-06-07 12:10:44,250 [Time-limited test] INFO  server.SCMSecurityProtocolServer (SCMSecurityProtocolServer.java:join(413)) - Join RPC server for SCMSecurityProtocolServer.
2023-06-07 12:10:44,250 [Time-limited test] INFO  server.SCMSecurityProtocolServer (SCMSecurityProtocolServer.java:join(415)) - Join gRPC server for SCMSecurityProtocolServer.
]]></system-out>
  </testcase>
</testsuite>