<?xml version="1.0" encoding="UTF-8"?>
<testsuite xmlns:xsi="http://www.w3.org/2001/XMLSchema-instance" xsi:noNamespaceSchemaLocation="https://maven.apache.org/surefire/maven-surefire-plugin/xsd/surefire-test-report.xsd" name="org.apache.hadoop.ozone.client.rpc.Test2WayCommitInRatis" time="99.786" tests="1" errors="1" skipped="0" failures="0">
  <properties>
    <property name="awt.toolkit" value="sun.awt.X11.XToolkit"/>
    <property name="file.encoding.pkg" value="sun.io"/>
    <property name="java.specification.version" value="1.8"/>
    <property name="sun.cpu.isalist" value=""/>
    <property name="sun.jnu.encoding" value="ANSI_X3.4-1968"/>
    <property name="java.class.path" value="/github/workspace/mnt/ozone/hadoop-ozone/integration-test/target/test-classes:/github/workspace/mnt/ozone/hadoop-ozone/integration-test/target/classes:/home/user/.m2/repository/org/apache/hadoop/hadoop-ozone-common/0.6.0-SNAPSHOT/hadoop-ozone-common-0.6.0-SNAPSHOT.jar:/home/user/.m2/repository/org/apache/commons/commons-compress/1.4.1/commons-compress-1.4.1.jar:/home/user/.m2/repository/org/tukaani/xz/1.0/xz-1.0.jar:/home/user/.m2/repository/org/apache/hadoop/hadoop-hdds-common/0.6.0-SNAPSHOT/hadoop-hdds-common-0.6.0-SNAPSHOT.jar:/home/user/.m2/repository/info/picocli/picocli/3.9.6/picocli-3.9.6.jar:/home/user/.m2/repository/com/fasterxml/jackson/core/jackson-annotations/2.10.3/jackson-annotations-2.10.3.jar:/home/user/.m2/repository/javax/annotation/javax.annotation-api/1.2/javax.annotation-api-1.2.jar:/home/user/.m2/repository/org/apache/ratis/ratis-server/0.6.0-cac3336-SNAPSHOT/ratis-server-0.6.0-cac3336-SNAPSHOT.jar:/home/user/.m2/repository/org/apache/ratis/ratis-thirdparty-misc/0.4.0/ratis-thirdparty-misc-0.4.0.jar:/home/user/.m2/repository/org/apache/ratis/ratis-client/0.6.0-cac3336-SNAPSHOT/ratis-client-0.6.0-cac3336-SNAPSHOT.jar:/home/user/.m2/repository/org/apache/ratis/ratis-metrics/0.6.0-cac3336-SNAPSHOT/ratis-metrics-0.6.0-cac3336-SNAPSHOT.jar:/home/user/.m2/repository/org/apache/ratis/ratis-netty/0.6.0-cac3336-SNAPSHOT/ratis-netty-0.6.0-cac3336-SNAPSHOT.jar:/home/user/.m2/repository/org/apache/ratis/ratis-grpc/0.6.0-cac3336-SNAPSHOT/ratis-grpc-0.6.0-cac3336-SNAPSHOT.jar:/home/user/.m2/repository/org/apache/logging/log4j/log4j-api/2.11.0/log4j-api-2.11.0.jar:/home/user/.m2/repository/org/apache/logging/log4j/log4j-core/2.11.0/log4j-core-2.11.0.jar:/home/user/.m2/repository/com/lmax/disruptor/3.4.2/disruptor-3.4.2.jar:/home/user/.m2/repository/org/apache/commons/commons-pool2/2.6.0/commons-pool2-2.6.0.jar:/home/user/.m2/repository/org/bouncycastle/bcpkix-jdk15on/1.60/bcpkix-jdk15on-1.60.jar:/home/user/.m2/repository/commons-validator/commons-validator/1.6/commons-validator-1.6.jar:/home/user/.m2/repository/commons-digester/commons-digester/1.8.1/commons-digester-1.8.1.jar:/home/user/.m2/repository/io/jaegertracing/jaeger-client/1.2.0/jaeger-client-1.2.0.jar:/home/user/.m2/repository/io/jaegertracing/jaeger-thrift/1.2.0/jaeger-thrift-1.2.0.jar:/home/user/.m2/repository/org/apache/thrift/libthrift/0.13.0/libthrift-0.13.0.jar:/home/user/.m2/repository/com/squareup/okhttp3/okhttp/4.2.2/okhttp-4.2.2.jar:/home/user/.m2/repository/com/squareup/okio/okio/2.2.2/okio-2.2.2.jar:/home/user/.m2/repository/org/jetbrains/kotlin/kotlin-stdlib/1.3.50/kotlin-stdlib-1.3.50.jar:/home/user/.m2/repository/org/jetbrains/kotlin/kotlin-stdlib-common/1.3.50/kotlin-stdlib-common-1.3.50.jar:/home/user/.m2/repository/org/jetbrains/annotations/13.0/annotations-13.0.jar:/home/user/.m2/repository/io/jaegertracing/jaeger-core/1.2.0/jaeger-core-1.2.0.jar:/home/user/.m2/repository/io/jaegertracing/jaeger-tracerresolver/1.2.0/jaeger-tracerresolver-1.2.0.jar:/home/user/.m2/repository/io/opentracing/contrib/opentracing-tracerresolver/0.1.8/opentracing-tracerresolver-0.1.8.jar:/home/user/.m2/repository/io/opentracing/opentracing-util/0.33.0/opentracing-util-0.33.0.jar:/home/user/.m2/repository/io/opentracing/opentracing-api/0.33.0/opentracing-api-0.33.0.jar:/home/user/.m2/repository/io/opentracing/opentracing-noop/0.33.0/opentracing-noop-0.33.0.jar:/home/user/.m2/repository/org/apache/hadoop/hadoop-hdds-client/0.6.0-SNAPSHOT/hadoop-hdds-client-0.6.0-SNAPSHOT.jar:/home/user/.m2/repository/org/apache/hadoop/hadoop-hdds-test-utils/0.6.0-SNAPSHOT/hadoop-hdds-test-utils-0.6.0-SNAPSHOT.jar:/home/user/.m2/repository/com/google/guava/guava/28.2-jre/guava-28.2-jre.jar:/home/user/.m2/repository/com/google/guava/failureaccess/1.0.1/failureaccess-1.0.1.jar:/home/user/.m2/repository/com/google/guava/listenablefuture/9999.0-empty-to-avoid-conflict-with-guava/listenablefuture-9999.0-empty-to-avoid-conflict-with-guava.jar:/home/user/.m2/repository/com/google/code/findbugs/jsr305/3.0.0/jsr305-3.0.0.jar:/home/user/.m2/repository/org/checkerframework/checker-qual/2.10.0/checker-qual-2.10.0.jar:/home/user/.m2/repository/com/google/errorprone/error_prone_annotations/2.2.0/error_prone_annotations-2.2.0.jar:/home/user/.m2/repository/com/google/j2objc/j2objc-annotations/1.3/j2objc-annotations-1.3.jar:/home/user/.m2/repository/commons-io/commons-io/2.5/commons-io-2.5.jar:/home/user/.m2/repository/commons-logging/commons-logging/1.2/commons-logging-1.2.jar:/home/user/.m2/repository/log4j/log4j/1.2.17/log4j-1.2.17.jar:/home/user/.m2/repository/org/slf4j/slf4j-api/1.7.25/slf4j-api-1.7.25.jar:/home/user/.m2/repository/org/apache/hadoop/hadoop-hdds-server-scm/0.6.0-SNAPSHOT/hadoop-hdds-server-scm-0.6.0-SNAPSHOT.jar:/home/user/.m2/repository/org/apache/hadoop/hadoop-hdds-container-service/0.6.0-SNAPSHOT/hadoop-hdds-container-service-0.6.0-SNAPSHOT.jar:/home/user/.m2/repository/org/apache/hadoop/hadoop-hdds-hadoop-dependency-server/0.6.0-SNAPSHOT/hadoop-hdds-hadoop-dependency-server-0.6.0-SNAPSHOT.jar:/home/user/.m2/repository/org/apache/hadoop/hadoop-hdds-server-framework/0.6.0-SNAPSHOT/hadoop-hdds-server-framework-0.6.0-SNAPSHOT.jar:/home/user/.m2/repository/org/rocksdb/rocksdbjni/6.6.4/rocksdbjni-6.6.4.jar:/home/user/.m2/repository/io/prometheus/simpleclient_dropwizard/0.7.0/simpleclient_dropwizard-0.7.0.jar:/home/user/.m2/repository/io/prometheus/simpleclient/0.7.0/simpleclient-0.7.0.jar:/home/user/.m2/repository/io/prometheus/simpleclient_common/0.7.0/simpleclient_common-0.7.0.jar:/home/user/.m2/repository/com/fasterxml/jackson/datatype/jackson-datatype-jsr310/2.10.3/jackson-datatype-jsr310-2.10.3.jar:/home/user/.m2/repository/org/apache/hadoop/hadoop-hdds-docs/0.6.0-SNAPSHOT/hadoop-hdds-docs-0.6.0-SNAPSHOT.jar:/home/user/.m2/repository/io/dropwizard/metrics/metrics-core/3.2.4/metrics-core-3.2.4.jar:/home/user/.m2/repository/org/apache/hadoop/hadoop-hdfs-client/3.2.0/hadoop-hdfs-client-3.2.0.jar:/home/user/.m2/repository/org/bouncycastle/bcprov-jdk15on/1.60/bcprov-jdk15on-1.60.jar:/home/user/.m2/repository/org/apache/hadoop/hadoop-ozone-ozone-manager/0.6.0-SNAPSHOT/hadoop-ozone-ozone-manager-0.6.0-SNAPSHOT.jar:/home/user/.m2/repository/org/apache/hadoop/hadoop-minikdc/3.2.0/hadoop-minikdc-3.2.0.jar:/home/user/.m2/repository/org/apache/kerby/kerb-simplekdc/1.0.1/kerb-simplekdc-1.0.1.jar:/home/user/.m2/repository/org/apache/kerby/kerb-client/1.0.1/kerb-client-1.0.1.jar:/home/user/.m2/repository/org/apache/kerby/kerby-config/1.0.1/kerby-config-1.0.1.jar:/home/user/.m2/repository/org/apache/kerby/kerb-core/1.0.1/kerb-core-1.0.1.jar:/home/user/.m2/repository/org/apache/kerby/kerby-pkix/1.0.1/kerby-pkix-1.0.1.jar:/home/user/.m2/repository/org/apache/kerby/kerby-asn1/1.0.1/kerby-asn1-1.0.1.jar:/home/user/.m2/repository/org/apache/kerby/kerby-util/1.0.1/kerby-util-1.0.1.jar:/home/user/.m2/repository/org/apache/kerby/kerb-common/1.0.1/kerb-common-1.0.1.jar:/home/user/.m2/repository/org/apache/kerby/kerb-crypto/1.0.1/kerb-crypto-1.0.1.jar:/home/user/.m2/repository/org/apache/kerby/kerb-util/1.0.1/kerb-util-1.0.1.jar:/home/user/.m2/repository/org/apache/kerby/token-provider/1.0.1/token-provider-1.0.1.jar:/home/user/.m2/repository/org/apache/kerby/kerb-admin/1.0.1/kerb-admin-1.0.1.jar:/home/user/.m2/repository/org/apache/kerby/kerb-server/1.0.1/kerb-server-1.0.1.jar:/home/user/.m2/repository/org/apache/kerby/kerb-identity/1.0.1/kerb-identity-1.0.1.jar:/home/user/.m2/repository/org/apache/kerby/kerby-xdr/1.0.1/kerby-xdr-1.0.1.jar:/home/user/.m2/repository/org/slf4j/slf4j-log4j12/1.7.25/slf4j-log4j12-1.7.25.jar:/home/user/.m2/repository/org/apache/hadoop/hadoop-ozone-s3gateway/0.6.0-SNAPSHOT/hadoop-ozone-s3gateway-0.6.0-SNAPSHOT.jar:/home/user/.m2/repository/org/jboss/weld/servlet/weld-servlet/2.4.7.Final/weld-servlet-2.4.7.Final.jar:/home/user/.m2/repository/org/glassfish/jersey/containers/jersey-container-servlet-core/2.27/jersey-container-servlet-core-2.27.jar:/home/user/.m2/repository/org/glassfish/hk2/external/javax.inject/2.5.0-b42/javax.inject-2.5.0-b42.jar:/home/user/.m2/repository/org/glassfish/jersey/core/jersey-common/2.27/jersey-common-2.27.jar:/home/user/.m2/repository/org/glassfish/hk2/osgi-resource-locator/1.0.1/osgi-resource-locator-1.0.1.jar:/home/user/.m2/repository/javax/ws/rs/javax.ws.rs-api/2.1/javax.ws.rs-api-2.1.jar:/home/user/.m2/repository/org/glassfish/jersey/ext/cdi/jersey-cdi1x/2.27/jersey-cdi1x-2.27.jar:/home/user/.m2/repository/org/glassfish/jersey/inject/jersey-hk2/2.27/jersey-hk2-2.27.jar:/home/user/.m2/repository/org/glassfish/hk2/hk2-locator/2.5.0-b42/hk2-locator-2.5.0-b42.jar:/home/user/.m2/repository/org/javassist/javassist/3.22.0-CR2/javassist-3.22.0-CR2.jar:/home/user/.m2/repository/org/glassfish/hk2/hk2-api/2.5.0/hk2-api-2.5.0.jar:/home/user/.m2/repository/org/glassfish/hk2/external/jakarta.inject/2.5.0/jakarta.inject-2.5.0.jar:/home/user/.m2/repository/org/glassfish/hk2/hk2-utils/2.5.0/hk2-utils-2.5.0.jar:/home/user/.m2/repository/jakarta/annotation/jakarta.annotation-api/1.3.4/jakarta.annotation-api-1.3.4.jar:/home/user/.m2/repository/org/glassfish/hk2/external/aopalliance-repackaged/2.5.0/aopalliance-repackaged-2.5.0.jar:/home/user/.m2/repository/com/fasterxml/jackson/dataformat/jackson-dataformat-xml/2.10.3/jackson-dataformat-xml-2.10.3.jar:/home/user/.m2/repository/com/fasterxml/jackson/core/jackson-core/2.10.3/jackson-core-2.10.3.jar:/home/user/.m2/repository/com/fasterxml/jackson/module/jackson-module-jaxb-annotations/2.10.3/jackson-module-jaxb-annotations-2.10.3.jar:/home/user/.m2/repository/jakarta/xml/bind/jakarta.xml.bind-api/2.3.2/jakarta.xml.bind-api-2.3.2.jar:/home/user/.m2/repository/jakarta/activation/jakarta.activation-api/1.2.1/jakarta.activation-api-1.2.1.jar:/home/user/.m2/repository/org/codehaus/woodstox/stax2-api/3.1.4/stax2-api-3.1.4.jar:/home/user/.m2/repository/com/fasterxml/woodstox/woodstox-core/5.0.3/woodstox-core-5.0.3.jar:/home/user/.m2/repository/javax/enterprise/cdi-api/1.2/cdi-api-1.2.jar:/home/user/.m2/repository/javax/el/javax.el-api/3.0.0/javax.el-api-3.0.0.jar:/home/user/.m2/repository/javax/interceptor/javax.interceptor-api/1.2/javax.interceptor-api-1.2.jar:/home/user/.m2/repository/javax/inject/javax.inject/1/javax.inject-1.jar:/home/user/.m2/repository/com/sun/xml/bind/jaxb-impl/2.3.0.1/jaxb-impl-2.3.0.1.jar:/home/user/.m2/repository/com/sun/xml/bind/jaxb-core/2.3.0.1/jaxb-core-2.3.0.1.jar:/home/user/.m2/repository/javax/xml/bind/jaxb-api/2.3.0/jaxb-api-2.3.0.jar:/home/user/.m2/repository/javax/activation/activation/1.1.1/activation-1.1.1.jar:/home/user/.m2/repository/org/apache/hadoop/hadoop-ozone-csi/0.6.0-SNAPSHOT/hadoop-ozone-csi-0.6.0-SNAPSHOT.jar:/home/user/.m2/repository/com/google/protobuf/protobuf-java-util/3.11.0/protobuf-java-util-3.11.0.jar:/home/user/.m2/repository/com/google/code/gson/gson/2.2.4/gson-2.2.4.jar:/home/user/.m2/repository/org/apache/hadoop/hadoop-hdds-config/0.6.0-SNAPSHOT/hadoop-hdds-config-0.6.0-SNAPSHOT.jar:/home/user/.m2/repository/com/google/protobuf/protobuf-java/2.5.0/protobuf-java-2.5.0.jar:/home/user/.m2/repository/io/grpc/grpc-netty/1.28.1/grpc-netty-1.28.1.jar:/home/user/.m2/repository/io/grpc/grpc-core/1.28.1/grpc-core-1.28.1.jar:/home/user/.m2/repository/com/google/android/annotations/4.1.1.4/annotations-4.1.1.4.jar:/home/user/.m2/repository/io/perfmark/perfmark-api/0.19.0/perfmark-api-0.19.0.jar:/home/user/.m2/repository/io/netty/netty-codec-http2/4.1.45.Final/netty-codec-http2-4.1.45.Final.jar:/home/user/.m2/repository/io/netty/netty-codec/4.1.45.Final/netty-codec-4.1.45.Final.jar:/home/user/.m2/repository/io/netty/netty-handler/4.1.45.Final/netty-handler-4.1.45.Final.jar:/home/user/.m2/repository/io/netty/netty-codec-http/4.1.45.Final/netty-codec-http-4.1.45.Final.jar:/home/user/.m2/repository/io/netty/netty-handler-proxy/4.1.45.Final/netty-handler-proxy-4.1.45.Final.jar:/home/user/.m2/repository/io/netty/netty-codec-socks/4.1.45.Final/netty-codec-socks-4.1.45.Final.jar:/home/user/.m2/repository/io/netty/netty-transport-native-epoll/4.1.48.Final/netty-transport-native-epoll-4.1.48.Final.jar:/home/user/.m2/repository/io/netty/netty-common/4.1.48.Final/netty-common-4.1.48.Final.jar:/home/user/.m2/repository/io/netty/netty-buffer/4.1.48.Final/netty-buffer-4.1.48.Final.jar:/home/user/.m2/repository/io/netty/netty-transport/4.1.48.Final/netty-transport-4.1.48.Final.jar:/home/user/.m2/repository/io/netty/netty-resolver/4.1.48.Final/netty-resolver-4.1.48.Final.jar:/home/user/.m2/repository/io/netty/netty-transport-native-unix-common/4.1.48.Final/netty-transport-native-unix-common-4.1.48.Final.jar:/home/user/.m2/repository/io/grpc/grpc-protobuf/1.28.1/grpc-protobuf-1.28.1.jar:/home/user/.m2/repository/io/grpc/grpc-api/1.28.1/grpc-api-1.28.1.jar:/home/user/.m2/repository/io/grpc/grpc-context/1.28.1/grpc-context-1.28.1.jar:/home/user/.m2/repository/org/codehaus/mojo/animal-sniffer-annotations/1.18/animal-sniffer-annotations-1.18.jar:/home/user/.m2/repository/com/google/api/grpc/proto-google-common-protos/1.17.0/proto-google-common-protos-1.17.0.jar:/home/user/.m2/repository/io/grpc/grpc-protobuf-lite/1.28.1/grpc-protobuf-lite-1.28.1.jar:/home/user/.m2/repository/io/grpc/grpc-stub/1.28.1/grpc-stub-1.28.1.jar:/home/user/.m2/repository/org/apache/hadoop/hadoop-ozone-recon/0.6.0-SNAPSHOT/hadoop-ozone-recon-0.6.0-SNAPSHOT.jar:/home/user/.m2/repository/org/apache/hadoop/hadoop-ozone-reconcodegen/0.6.0-SNAPSHOT/hadoop-ozone-reconcodegen-0.6.0-SNAPSHOT.jar:/home/user/.m2/repository/com/google/inject/extensions/guice-multibindings/4.0/guice-multibindings-4.0.jar:/home/user/.m2/repository/com/google/inject/guice/4.0/guice-4.0.jar:/home/user/.m2/repository/aopalliance/aopalliance/1.0/aopalliance-1.0.jar:/home/user/.m2/repository/com/google/inject/extensions/guice-assistedinject/4.0/guice-assistedinject-4.0.jar:/home/user/.m2/repository/com/google/inject/extensions/guice-servlet/4.0/guice-servlet-4.0.jar:/home/user/.m2/repository/org/glassfish/jersey/containers/jersey-container-servlet/2.27/jersey-container-servlet-2.27.jar:/home/user/.m2/repository/org/glassfish/hk2/guice-bridge/2.5.0/guice-bridge-2.5.0.jar:/home/user/.m2/repository/org/glassfish/jersey/core/jersey-server/2.27/jersey-server-2.27.jar:/home/user/.m2/repository/org/glassfish/jersey/core/jersey-client/2.27/jersey-client-2.27.jar:/home/user/.m2/repository/org/glassfish/jersey/media/jersey-media-jaxb/2.27/jersey-media-jaxb-2.27.jar:/home/user/.m2/repository/javax/validation/validation-api/1.1.0.Final/validation-api-1.1.0.Final.jar:/home/user/.m2/repository/org/glassfish/jersey/media/jersey-media-json-jackson/2.27/jersey-media-json-jackson-2.27.jar:/home/user/.m2/repository/org/glassfish/jersey/ext/jersey-entity-filtering/2.27/jersey-entity-filtering-2.27.jar:/home/user/.m2/repository/org/jooq/jooq/3.11.10/jooq-3.11.10.jar:/home/user/.m2/repository/org/jooq/jooq-meta/3.11.10/jooq-meta-3.11.10.jar:/home/user/.m2/repository/org/jooq/jooq-codegen/3.11.10/jooq-codegen-3.11.10.jar:/home/user/.m2/repository/com/jolbox/bonecp/0.8.0.RELEASE/bonecp-0.8.0.RELEASE.jar:/home/user/.m2/repository/org/apache/derby/derby/10.14.2.0/derby-10.14.2.0.jar:/home/user/.m2/repository/org/xerial/sqlite-jdbc/3.25.2/sqlite-jdbc-3.25.2.jar:/home/user/.m2/repository/org/springframework/spring-jdbc/5.2.5.RELEASE/spring-jdbc-5.2.5.RELEASE.jar:/home/user/.m2/repository/org/springframework/spring-beans/5.2.5.RELEASE/spring-beans-5.2.5.RELEASE.jar:/home/user/.m2/repository/org/springframework/spring-core/5.2.5.RELEASE/spring-core-5.2.5.RELEASE.jar:/home/user/.m2/repository/org/springframework/spring-jcl/5.2.5.RELEASE/spring-jcl-5.2.5.RELEASE.jar:/home/user/.m2/repository/org/springframework/spring-tx/5.2.5.RELEASE/spring-tx-5.2.5.RELEASE.jar:/home/user/.m2/repository/org/apache/hadoop/hadoop-ozone-client/0.6.0-SNAPSHOT/hadoop-ozone-client-0.6.0-SNAPSHOT.jar:/home/user/.m2/repository/org/apache/hadoop/hadoop-ozone-filesystem/0.6.0-SNAPSHOT/hadoop-ozone-filesystem-0.6.0-SNAPSHOT.jar:/home/user/.m2/repository/org/apache/hadoop/hadoop-hdds-hadoop-dependency-client/0.6.0-SNAPSHOT/hadoop-hdds-hadoop-dependency-client-0.6.0-SNAPSHOT.jar:/home/user/.m2/repository/org/apache/hadoop/hadoop-ozone-tools/0.6.0-SNAPSHOT/hadoop-ozone-tools-0.6.0-SNAPSHOT.jar:/home/user/.m2/repository/org/apache/hadoop/hadoop-hdfs/3.2.0/hadoop-hdfs-3.2.0.jar:/home/user/.m2/repository/org/apache/ratis/ratis-tools/0.6.0-cac3336-SNAPSHOT/ratis-tools-0.6.0-cac3336-SNAPSHOT.jar:/home/user/.m2/repository/org/apache/ratis/ratis-proto/0.6.0-cac3336-SNAPSHOT/ratis-proto-0.6.0-cac3336-SNAPSHOT.jar:/home/user/.m2/repository/org/apache/ratis/ratis-common/0.6.0-cac3336-SNAPSHOT/ratis-common-0.6.0-cac3336-SNAPSHOT.jar:/home/user/.m2/repository/com/amazonaws/aws-java-sdk-core/1.11.615/aws-java-sdk-core-1.11.615.jar:/home/user/.m2/repository/org/apache/httpcomponents/httpclient/4.5.2/httpclient-4.5.2.jar:/home/user/.m2/repository/org/apache/httpcomponents/httpcore/4.4.4/httpcore-4.4.4.jar:/home/user/.m2/repository/software/amazon/ion/ion-java/1.0.2/ion-java-1.0.2.jar:/home/user/.m2/repository/com/fasterxml/jackson/dataformat/jackson-dataformat-cbor/2.10.3/jackson-dataformat-cbor-2.10.3.jar:/home/user/.m2/repository/joda-time/joda-time/2.9.9/joda-time-2.9.9.jar:/home/user/.m2/repository/com/amazonaws/aws-java-sdk-s3/1.11.615/aws-java-sdk-s3-1.11.615.jar:/home/user/.m2/repository/com/amazonaws/aws-java-sdk-kms/1.11.615/aws-java-sdk-kms-1.11.615.jar:/home/user/.m2/repository/com/amazonaws/jmespath-java/1.11.615/jmespath-java-1.11.615.jar:/home/user/.m2/repository/org/apache/hadoop/hadoop-hdds-tools/0.6.0-SNAPSHOT/hadoop-hdds-tools-0.6.0-SNAPSHOT.jar:/home/user/.m2/repository/commons-cli/commons-cli/1.2/commons-cli-1.2.jar:/home/user/.m2/repository/org/apache/commons/commons-lang3/3.7/commons-lang3-3.7.jar:/home/user/.m2/repository/org/apache/hadoop/hadoop-ozone-ozone-manager/0.6.0-SNAPSHOT/hadoop-ozone-ozone-manager-0.6.0-SNAPSHOT-tests.jar:/home/user/.m2/repository/junit/junit/4.11/junit-4.11.jar:/home/user/.m2/repository/org/hamcrest/hamcrest-core/1.3/hamcrest-core-1.3.jar:/home/user/.m2/repository/org/openjdk/jmh/jmh-core/1.19/jmh-core-1.19.jar:/home/user/.m2/repository/net/sf/jopt-simple/jopt-simple/4.6/jopt-simple-4.6.jar:/home/user/.m2/repository/org/apache/commons/commons-math3/3.1.1/commons-math3-3.1.1.jar:/home/user/.m2/repository/org/openjdk/jmh/jmh-generator-annprocess/1.19/jmh-generator-annprocess-1.19.jar:/home/user/.m2/repository/org/mockito/mockito-all/1.8.5/mockito-all-1.8.5.jar:/home/user/.m2/repository/org/apache/hadoop/hadoop-kms/3.2.0/hadoop-kms-3.2.0.jar:/home/user/.m2/repository/org/apache/hadoop/hadoop-auth/3.2.0/hadoop-auth-3.2.0.jar:/home/user/.m2/repository/com/nimbusds/nimbus-jose-jwt/7.9/nimbus-jose-jwt-7.9.jar:/home/user/.m2/repository/com/github/stephenc/jcip/jcip-annotations/1.0-1/jcip-annotations-1.0-1.jar:/home/user/.m2/repository/net/minidev/json-smart/2.3/json-smart-2.3.jar:/home/user/.m2/repository/net/minidev/accessors-smart/1.2/accessors-smart-1.2.jar:/home/user/.m2/repository/org/ow2/asm/asm/5.0.4/asm-5.0.4.jar:/home/user/.m2/repository/org/apache/zookeeper/zookeeper/3.4.13/zookeeper-3.4.13.jar:/home/user/.m2/repository/org/apache/yetus/audience-annotations/0.5.0/audience-annotations-0.5.0.jar:/home/user/.m2/repository/org/apache/curator/curator-framework/2.12.0/curator-framework-2.12.0.jar:/home/user/.m2/repository/com/sun/jersey/jersey-core/1.19/jersey-core-1.19.jar:/home/user/.m2/repository/javax/ws/rs/jsr311-api/1.1.1/jsr311-api-1.1.1.jar:/home/user/.m2/repository/com/sun/jersey/jersey-server/1.19/jersey-server-1.19.jar:/home/user/.m2/repository/javax/servlet/javax.servlet-api/3.1.0/javax.servlet-api-3.1.0.jar:/home/user/.m2/repository/org/eclipse/jetty/jetty-server/9.4.26.v20200117/jetty-server-9.4.26.v20200117.jar:/home/user/.m2/repository/org/eclipse/jetty/jetty-http/9.4.26.v20200117/jetty-http-9.4.26.v20200117.jar:/home/user/.m2/repository/org/eclipse/jetty/jetty-io/9.4.26.v20200117/jetty-io-9.4.26.v20200117.jar:/home/user/.m2/repository/org/eclipse/jetty/jetty-webapp/9.4.26.v20200117/jetty-webapp-9.4.26.v20200117.jar:/home/user/.m2/repository/org/eclipse/jetty/jetty-xml/9.4.26.v20200117/jetty-xml-9.4.26.v20200117.jar:/home/user/.m2/repository/org/eclipse/jetty/jetty-servlet/9.4.26.v20200117/jetty-servlet-9.4.26.v20200117.jar:/home/user/.m2/repository/org/eclipse/jetty/jetty-security/9.4.26.v20200117/jetty-security-9.4.26.v20200117.jar:/home/user/.m2/repository/org/apache/hadoop/hadoop-common/3.2.0/hadoop-common-3.2.0.jar:/home/user/.m2/repository/commons-net/commons-net/3.6/commons-net-3.6.jar:/home/user/.m2/repository/commons-collections/commons-collections/3.2.2/commons-collections-3.2.2.jar:/home/user/.m2/repository/com/sun/jersey/jersey-servlet/1.19/jersey-servlet-1.19.jar:/home/user/.m2/repository/com/sun/jersey/jersey-json/1.19/jersey-json-1.19.jar:/home/user/.m2/repository/org/codehaus/jettison/jettison/1.1/jettison-1.1.jar:/home/user/.m2/repository/org/codehaus/jackson/jackson-jaxrs/1.9.2/jackson-jaxrs-1.9.2.jar:/home/user/.m2/repository/org/codehaus/jackson/jackson-xc/1.9.2/jackson-xc-1.9.2.jar:/home/user/.m2/repository/commons-beanutils/commons-beanutils/1.9.4/commons-beanutils-1.9.4.jar:/home/user/.m2/repository/org/apache/commons/commons-configuration2/2.1.1/commons-configuration2-2.1.1.jar:/home/user/.m2/repository/org/apache/commons/commons-text/1.4/commons-text-1.4.jar:/home/user/.m2/repository/com/google/re2j/re2j/1.1/re2j-1.1.jar:/home/user/.m2/repository/com/jcraft/jsch/0.1.54/jsch-0.1.54.jar:/home/user/.m2/repository/org/apache/curator/curator-client/2.12.0/curator-client-2.12.0.jar:/home/user/.m2/repository/org/apache/curator/curator-recipes/2.12.0/curator-recipes-2.12.0.jar:/home/user/.m2/repository/dnsjava/dnsjava/2.1.7/dnsjava-2.1.7.jar:/home/user/.m2/repository/org/slf4j/jul-to-slf4j/1.7.25/jul-to-slf4j-1.7.25.jar:/home/user/.m2/repository/org/eclipse/jetty/jetty-util/9.4.26.v20200117/jetty-util-9.4.26.v20200117.jar:/home/user/.m2/repository/com/fasterxml/jackson/core/jackson-databind/2.10.3/jackson-databind-2.10.3.jar:/home/user/.m2/repository/org/apache/hadoop/hadoop-kms/3.2.0/hadoop-kms-3.2.0-tests.jar:/home/user/.m2/repository/org/apache/hadoop/hadoop-hdds-server-scm/0.6.0-SNAPSHOT/hadoop-hdds-server-scm-0.6.0-SNAPSHOT-tests.jar:/home/user/.m2/repository/org/apache/hadoop/hadoop-hdds-container-service/0.6.0-SNAPSHOT/hadoop-hdds-container-service-0.6.0-SNAPSHOT-tests.jar:/home/user/.m2/repository/org/apache/hadoop/hadoop-hdds-common/0.6.0-SNAPSHOT/hadoop-hdds-common-0.6.0-SNAPSHOT-tests.jar:/home/user/.m2/repository/org/yaml/snakeyaml/1.16/snakeyaml-1.16.jar:/home/user/.m2/repository/org/apache/hadoop/hadoop-hdds-hadoop-dependency-test/0.6.0-SNAPSHOT/hadoop-hdds-hadoop-dependency-test-0.6.0-SNAPSHOT.jar:/home/user/.m2/repository/org/apache/hadoop/hadoop-common/3.2.0/hadoop-common-3.2.0-tests.jar:/home/user/.m2/repository/javax/servlet/jsp/jsp-api/2.1/jsp-api-2.1.jar:/home/user/.m2/repository/org/apache/hadoop/hadoop-hdfs/3.2.0/hadoop-hdfs-3.2.0-tests.jar:/home/user/.m2/repository/org/eclipse/jetty/jetty-util-ajax/9.4.26.v20200117/jetty-util-ajax-9.4.26.v20200117.jar:/home/user/.m2/repository/commons-codec/commons-codec/1.11/commons-codec-1.11.jar:/home/user/.m2/repository/commons-daemon/commons-daemon/1.0.13/commons-daemon-1.0.13.jar:/home/user/.m2/repository/io/netty/netty/3.10.5.Final/netty-3.10.5.Final.jar:/home/user/.m2/repository/io/netty/netty-all/4.1.48.Final/netty-all-4.1.48.Final.jar:/home/user/.m2/repository/org/apache/htrace/htrace-core4/4.1.0-incubating/htrace-core4-4.1.0-incubating.jar:/home/user/.m2/repository/org/fusesource/leveldbjni/leveldbjni-all/1.8/leveldbjni-all-1.8.jar:/home/user/.m2/repository/org/apache/hadoop/hadoop-distcp/3.2.0/hadoop-distcp-3.2.0.jar:/home/user/.m2/repository/org/apache/hadoop/hadoop-mapreduce-client-jobclient/3.2.0/hadoop-mapreduce-client-jobclient-3.2.0.jar:/home/user/.m2/repository/org/apache/hadoop/hadoop-mapreduce-client-common/3.2.0/hadoop-mapreduce-client-common-3.2.0.jar:/home/user/.m2/repository/org/apache/hadoop/hadoop-yarn-common/3.2.0/hadoop-yarn-common-3.2.0.jar:/home/user/.m2/repository/org/apache/hadoop/hadoop-yarn-api/3.2.0/hadoop-yarn-api-3.2.0.jar:/home/user/.m2/repository/com/sun/jersey/jersey-client/1.19/jersey-client-1.19.jar:/home/user/.m2/repository/com/sun/jersey/contribs/jersey-guice/1.19/jersey-guice-1.19.jar:/home/user/.m2/repository/com/fasterxml/jackson/jaxrs/jackson-jaxrs-json-provider/2.10.3/jackson-jaxrs-json-provider-2.10.3.jar:/home/user/.m2/repository/com/fasterxml/jackson/jaxrs/jackson-jaxrs-base/2.10.3/jackson-jaxrs-base-2.10.3.jar:/home/user/.m2/repository/org/apache/hadoop/hadoop-yarn-client/3.2.0/hadoop-yarn-client-3.2.0.jar:/home/user/.m2/repository/org/apache/hadoop/hadoop-mapreduce-client-core/3.2.0/hadoop-mapreduce-client-core-3.2.0.jar:/home/user/.m2/repository/org/apache/avro/avro/1.7.7/avro-1.7.7.jar:/home/user/.m2/repository/org/codehaus/jackson/jackson-core-asl/1.9.13/jackson-core-asl-1.9.13.jar:/home/user/.m2/repository/org/codehaus/jackson/jackson-mapper-asl/1.9.13/jackson-mapper-asl-1.9.13.jar:/home/user/.m2/repository/com/thoughtworks/paranamer/paranamer/2.3/paranamer-2.3.jar:/home/user/.m2/repository/org/xerial/snappy/snappy-java/1.0.5/snappy-java-1.0.5.jar:/home/user/.m2/repository/org/apache/hadoop/hadoop-annotations/3.2.0/hadoop-annotations-3.2.0.jar:/usr/lib/jvm/java-1.8.0-openjdk-1.8.0.232.b09-0.el7_7.x86_64/jre/../lib/tools.jar:/home/user/.m2/repository/org/apache/hadoop/hadoop-distcp/3.2.0/hadoop-distcp-3.2.0-tests.jar:"/>
    <property name="java.vm.vendor" value="Oracle Corporation"/>
    <property name="sun.arch.data.model" value="64"/>
    <property name="test.build.dir" value="/github/workspace/mnt/ozone/hadoop-ozone/integration-test/target/test-dir"/>
    <property name="test.cache.data" value=""/>
    <property name="java.vendor.url" value="http://java.oracle.com/"/>
    <property name="user.timezone" value=""/>
    <property name="java.vm.specification.version" value="1.8"/>
    <property name="os.name" value="Linux"/>
    <property name="test.build.data" value="/github/workspace/mnt/ozone/hadoop-ozone/integration-test/target/test-dir"/>
    <property name="user.country" value="US"/>
    <property name="sun.java.launcher" value="SUN_STANDARD"/>
    <property name="sun.boot.library.path" value="/usr/lib/jvm/java-1.8.0-openjdk-1.8.0.232.b09-0.el7_7.x86_64/jre/lib/amd64"/>
    <property name="sun.java.command" value="/github/workspace/mnt/ozone/hadoop-ozone/integration-test/target/surefire/surefirebooter5717014932386224190.jar /github/workspace/mnt/ozone/hadoop-ozone/integration-test/target/surefire 2020-05-05T20-34-39_081-jvmRun1 surefire7255464600174507886tmp surefire_66829858978320027219tmp"/>
    <property name="surefire.test.class.path" value="/github/workspace/mnt/ozone/hadoop-ozone/integration-test/target/test-classes:/github/workspace/mnt/ozone/hadoop-ozone/integration-test/target/classes:/home/user/.m2/repository/org/apache/hadoop/hadoop-ozone-common/0.6.0-SNAPSHOT/hadoop-ozone-common-0.6.0-SNAPSHOT.jar:/home/user/.m2/repository/org/apache/commons/commons-compress/1.4.1/commons-compress-1.4.1.jar:/home/user/.m2/repository/org/tukaani/xz/1.0/xz-1.0.jar:/home/user/.m2/repository/org/apache/hadoop/hadoop-hdds-common/0.6.0-SNAPSHOT/hadoop-hdds-common-0.6.0-SNAPSHOT.jar:/home/user/.m2/repository/info/picocli/picocli/3.9.6/picocli-3.9.6.jar:/home/user/.m2/repository/com/fasterxml/jackson/core/jackson-annotations/2.10.3/jackson-annotations-2.10.3.jar:/home/user/.m2/repository/javax/annotation/javax.annotation-api/1.2/javax.annotation-api-1.2.jar:/home/user/.m2/repository/org/apache/ratis/ratis-server/0.6.0-cac3336-SNAPSHOT/ratis-server-0.6.0-cac3336-SNAPSHOT.jar:/home/user/.m2/repository/org/apache/ratis/ratis-thirdparty-misc/0.4.0/ratis-thirdparty-misc-0.4.0.jar:/home/user/.m2/repository/org/apache/ratis/ratis-client/0.6.0-cac3336-SNAPSHOT/ratis-client-0.6.0-cac3336-SNAPSHOT.jar:/home/user/.m2/repository/org/apache/ratis/ratis-metrics/0.6.0-cac3336-SNAPSHOT/ratis-metrics-0.6.0-cac3336-SNAPSHOT.jar:/home/user/.m2/repository/org/apache/ratis/ratis-netty/0.6.0-cac3336-SNAPSHOT/ratis-netty-0.6.0-cac3336-SNAPSHOT.jar:/home/user/.m2/repository/org/apache/ratis/ratis-grpc/0.6.0-cac3336-SNAPSHOT/ratis-grpc-0.6.0-cac3336-SNAPSHOT.jar:/home/user/.m2/repository/org/apache/logging/log4j/log4j-api/2.11.0/log4j-api-2.11.0.jar:/home/user/.m2/repository/org/apache/logging/log4j/log4j-core/2.11.0/log4j-core-2.11.0.jar:/home/user/.m2/repository/com/lmax/disruptor/3.4.2/disruptor-3.4.2.jar:/home/user/.m2/repository/org/apache/commons/commons-pool2/2.6.0/commons-pool2-2.6.0.jar:/home/user/.m2/repository/org/bouncycastle/bcpkix-jdk15on/1.60/bcpkix-jdk15on-1.60.jar:/home/user/.m2/repository/commons-validator/commons-validator/1.6/commons-validator-1.6.jar:/home/user/.m2/repository/commons-digester/commons-digester/1.8.1/commons-digester-1.8.1.jar:/home/user/.m2/repository/io/jaegertracing/jaeger-client/1.2.0/jaeger-client-1.2.0.jar:/home/user/.m2/repository/io/jaegertracing/jaeger-thrift/1.2.0/jaeger-thrift-1.2.0.jar:/home/user/.m2/repository/org/apache/thrift/libthrift/0.13.0/libthrift-0.13.0.jar:/home/user/.m2/repository/com/squareup/okhttp3/okhttp/4.2.2/okhttp-4.2.2.jar:/home/user/.m2/repository/com/squareup/okio/okio/2.2.2/okio-2.2.2.jar:/home/user/.m2/repository/org/jetbrains/kotlin/kotlin-stdlib/1.3.50/kotlin-stdlib-1.3.50.jar:/home/user/.m2/repository/org/jetbrains/kotlin/kotlin-stdlib-common/1.3.50/kotlin-stdlib-common-1.3.50.jar:/home/user/.m2/repository/org/jetbrains/annotations/13.0/annotations-13.0.jar:/home/user/.m2/repository/io/jaegertracing/jaeger-core/1.2.0/jaeger-core-1.2.0.jar:/home/user/.m2/repository/io/jaegertracing/jaeger-tracerresolver/1.2.0/jaeger-tracerresolver-1.2.0.jar:/home/user/.m2/repository/io/opentracing/contrib/opentracing-tracerresolver/0.1.8/opentracing-tracerresolver-0.1.8.jar:/home/user/.m2/repository/io/opentracing/opentracing-util/0.33.0/opentracing-util-0.33.0.jar:/home/user/.m2/repository/io/opentracing/opentracing-api/0.33.0/opentracing-api-0.33.0.jar:/home/user/.m2/repository/io/opentracing/opentracing-noop/0.33.0/opentracing-noop-0.33.0.jar:/home/user/.m2/repository/org/apache/hadoop/hadoop-hdds-client/0.6.0-SNAPSHOT/hadoop-hdds-client-0.6.0-SNAPSHOT.jar:/home/user/.m2/repository/org/apache/hadoop/hadoop-hdds-test-utils/0.6.0-SNAPSHOT/hadoop-hdds-test-utils-0.6.0-SNAPSHOT.jar:/home/user/.m2/repository/com/google/guava/guava/28.2-jre/guava-28.2-jre.jar:/home/user/.m2/repository/com/google/guava/failureaccess/1.0.1/failureaccess-1.0.1.jar:/home/user/.m2/repository/com/google/guava/listenablefuture/9999.0-empty-to-avoid-conflict-with-guava/listenablefuture-9999.0-empty-to-avoid-conflict-with-guava.jar:/home/user/.m2/repository/com/google/code/findbugs/jsr305/3.0.0/jsr305-3.0.0.jar:/home/user/.m2/repository/org/checkerframework/checker-qual/2.10.0/checker-qual-2.10.0.jar:/home/user/.m2/repository/com/google/errorprone/error_prone_annotations/2.2.0/error_prone_annotations-2.2.0.jar:/home/user/.m2/repository/com/google/j2objc/j2objc-annotations/1.3/j2objc-annotations-1.3.jar:/home/user/.m2/repository/commons-io/commons-io/2.5/commons-io-2.5.jar:/home/user/.m2/repository/commons-logging/commons-logging/1.2/commons-logging-1.2.jar:/home/user/.m2/repository/log4j/log4j/1.2.17/log4j-1.2.17.jar:/home/user/.m2/repository/org/slf4j/slf4j-api/1.7.25/slf4j-api-1.7.25.jar:/home/user/.m2/repository/org/apache/hadoop/hadoop-hdds-server-scm/0.6.0-SNAPSHOT/hadoop-hdds-server-scm-0.6.0-SNAPSHOT.jar:/home/user/.m2/repository/org/apache/hadoop/hadoop-hdds-container-service/0.6.0-SNAPSHOT/hadoop-hdds-container-service-0.6.0-SNAPSHOT.jar:/home/user/.m2/repository/org/apache/hadoop/hadoop-hdds-hadoop-dependency-server/0.6.0-SNAPSHOT/hadoop-hdds-hadoop-dependency-server-0.6.0-SNAPSHOT.jar:/home/user/.m2/repository/org/apache/hadoop/hadoop-hdds-server-framework/0.6.0-SNAPSHOT/hadoop-hdds-server-framework-0.6.0-SNAPSHOT.jar:/home/user/.m2/repository/org/rocksdb/rocksdbjni/6.6.4/rocksdbjni-6.6.4.jar:/home/user/.m2/repository/io/prometheus/simpleclient_dropwizard/0.7.0/simpleclient_dropwizard-0.7.0.jar:/home/user/.m2/repository/io/prometheus/simpleclient/0.7.0/simpleclient-0.7.0.jar:/home/user/.m2/repository/io/prometheus/simpleclient_common/0.7.0/simpleclient_common-0.7.0.jar:/home/user/.m2/repository/com/fasterxml/jackson/datatype/jackson-datatype-jsr310/2.10.3/jackson-datatype-jsr310-2.10.3.jar:/home/user/.m2/repository/org/apache/hadoop/hadoop-hdds-docs/0.6.0-SNAPSHOT/hadoop-hdds-docs-0.6.0-SNAPSHOT.jar:/home/user/.m2/repository/io/dropwizard/metrics/metrics-core/3.2.4/metrics-core-3.2.4.jar:/home/user/.m2/repository/org/apache/hadoop/hadoop-hdfs-client/3.2.0/hadoop-hdfs-client-3.2.0.jar:/home/user/.m2/repository/org/bouncycastle/bcprov-jdk15on/1.60/bcprov-jdk15on-1.60.jar:/home/user/.m2/repository/org/apache/hadoop/hadoop-ozone-ozone-manager/0.6.0-SNAPSHOT/hadoop-ozone-ozone-manager-0.6.0-SNAPSHOT.jar:/home/user/.m2/repository/org/apache/hadoop/hadoop-minikdc/3.2.0/hadoop-minikdc-3.2.0.jar:/home/user/.m2/repository/org/apache/kerby/kerb-simplekdc/1.0.1/kerb-simplekdc-1.0.1.jar:/home/user/.m2/repository/org/apache/kerby/kerb-client/1.0.1/kerb-client-1.0.1.jar:/home/user/.m2/repository/org/apache/kerby/kerby-config/1.0.1/kerby-config-1.0.1.jar:/home/user/.m2/repository/org/apache/kerby/kerb-core/1.0.1/kerb-core-1.0.1.jar:/home/user/.m2/repository/org/apache/kerby/kerby-pkix/1.0.1/kerby-pkix-1.0.1.jar:/home/user/.m2/repository/org/apache/kerby/kerby-asn1/1.0.1/kerby-asn1-1.0.1.jar:/home/user/.m2/repository/org/apache/kerby/kerby-util/1.0.1/kerby-util-1.0.1.jar:/home/user/.m2/repository/org/apache/kerby/kerb-common/1.0.1/kerb-common-1.0.1.jar:/home/user/.m2/repository/org/apache/kerby/kerb-crypto/1.0.1/kerb-crypto-1.0.1.jar:/home/user/.m2/repository/org/apache/kerby/kerb-util/1.0.1/kerb-util-1.0.1.jar:/home/user/.m2/repository/org/apache/kerby/token-provider/1.0.1/token-provider-1.0.1.jar:/home/user/.m2/repository/org/apache/kerby/kerb-admin/1.0.1/kerb-admin-1.0.1.jar:/home/user/.m2/repository/org/apache/kerby/kerb-server/1.0.1/kerb-server-1.0.1.jar:/home/user/.m2/repository/org/apache/kerby/kerb-identity/1.0.1/kerb-identity-1.0.1.jar:/home/user/.m2/repository/org/apache/kerby/kerby-xdr/1.0.1/kerby-xdr-1.0.1.jar:/home/user/.m2/repository/org/slf4j/slf4j-log4j12/1.7.25/slf4j-log4j12-1.7.25.jar:/home/user/.m2/repository/org/apache/hadoop/hadoop-ozone-s3gateway/0.6.0-SNAPSHOT/hadoop-ozone-s3gateway-0.6.0-SNAPSHOT.jar:/home/user/.m2/repository/org/jboss/weld/servlet/weld-servlet/2.4.7.Final/weld-servlet-2.4.7.Final.jar:/home/user/.m2/repository/org/glassfish/jersey/containers/jersey-container-servlet-core/2.27/jersey-container-servlet-core-2.27.jar:/home/user/.m2/repository/org/glassfish/hk2/external/javax.inject/2.5.0-b42/javax.inject-2.5.0-b42.jar:/home/user/.m2/repository/org/glassfish/jersey/core/jersey-common/2.27/jersey-common-2.27.jar:/home/user/.m2/repository/org/glassfish/hk2/osgi-resource-locator/1.0.1/osgi-resource-locator-1.0.1.jar:/home/user/.m2/repository/javax/ws/rs/javax.ws.rs-api/2.1/javax.ws.rs-api-2.1.jar:/home/user/.m2/repository/org/glassfish/jersey/ext/cdi/jersey-cdi1x/2.27/jersey-cdi1x-2.27.jar:/home/user/.m2/repository/org/glassfish/jersey/inject/jersey-hk2/2.27/jersey-hk2-2.27.jar:/home/user/.m2/repository/org/glassfish/hk2/hk2-locator/2.5.0-b42/hk2-locator-2.5.0-b42.jar:/home/user/.m2/repository/org/javassist/javassist/3.22.0-CR2/javassist-3.22.0-CR2.jar:/home/user/.m2/repository/org/glassfish/hk2/hk2-api/2.5.0/hk2-api-2.5.0.jar:/home/user/.m2/repository/org/glassfish/hk2/external/jakarta.inject/2.5.0/jakarta.inject-2.5.0.jar:/home/user/.m2/repository/org/glassfish/hk2/hk2-utils/2.5.0/hk2-utils-2.5.0.jar:/home/user/.m2/repository/jakarta/annotation/jakarta.annotation-api/1.3.4/jakarta.annotation-api-1.3.4.jar:/home/user/.m2/repository/org/glassfish/hk2/external/aopalliance-repackaged/2.5.0/aopalliance-repackaged-2.5.0.jar:/home/user/.m2/repository/com/fasterxml/jackson/dataformat/jackson-dataformat-xml/2.10.3/jackson-dataformat-xml-2.10.3.jar:/home/user/.m2/repository/com/fasterxml/jackson/core/jackson-core/2.10.3/jackson-core-2.10.3.jar:/home/user/.m2/repository/com/fasterxml/jackson/module/jackson-module-jaxb-annotations/2.10.3/jackson-module-jaxb-annotations-2.10.3.jar:/home/user/.m2/repository/jakarta/xml/bind/jakarta.xml.bind-api/2.3.2/jakarta.xml.bind-api-2.3.2.jar:/home/user/.m2/repository/jakarta/activation/jakarta.activation-api/1.2.1/jakarta.activation-api-1.2.1.jar:/home/user/.m2/repository/org/codehaus/woodstox/stax2-api/3.1.4/stax2-api-3.1.4.jar:/home/user/.m2/repository/com/fasterxml/woodstox/woodstox-core/5.0.3/woodstox-core-5.0.3.jar:/home/user/.m2/repository/javax/enterprise/cdi-api/1.2/cdi-api-1.2.jar:/home/user/.m2/repository/javax/el/javax.el-api/3.0.0/javax.el-api-3.0.0.jar:/home/user/.m2/repository/javax/interceptor/javax.interceptor-api/1.2/javax.interceptor-api-1.2.jar:/home/user/.m2/repository/javax/inject/javax.inject/1/javax.inject-1.jar:/home/user/.m2/repository/com/sun/xml/bind/jaxb-impl/2.3.0.1/jaxb-impl-2.3.0.1.jar:/home/user/.m2/repository/com/sun/xml/bind/jaxb-core/2.3.0.1/jaxb-core-2.3.0.1.jar:/home/user/.m2/repository/javax/xml/bind/jaxb-api/2.3.0/jaxb-api-2.3.0.jar:/home/user/.m2/repository/javax/activation/activation/1.1.1/activation-1.1.1.jar:/home/user/.m2/repository/org/apache/hadoop/hadoop-ozone-csi/0.6.0-SNAPSHOT/hadoop-ozone-csi-0.6.0-SNAPSHOT.jar:/home/user/.m2/repository/com/google/protobuf/protobuf-java-util/3.11.0/protobuf-java-util-3.11.0.jar:/home/user/.m2/repository/com/google/code/gson/gson/2.2.4/gson-2.2.4.jar:/home/user/.m2/repository/org/apache/hadoop/hadoop-hdds-config/0.6.0-SNAPSHOT/hadoop-hdds-config-0.6.0-SNAPSHOT.jar:/home/user/.m2/repository/com/google/protobuf/protobuf-java/2.5.0/protobuf-java-2.5.0.jar:/home/user/.m2/repository/io/grpc/grpc-netty/1.28.1/grpc-netty-1.28.1.jar:/home/user/.m2/repository/io/grpc/grpc-core/1.28.1/grpc-core-1.28.1.jar:/home/user/.m2/repository/com/google/android/annotations/4.1.1.4/annotations-4.1.1.4.jar:/home/user/.m2/repository/io/perfmark/perfmark-api/0.19.0/perfmark-api-0.19.0.jar:/home/user/.m2/repository/io/netty/netty-codec-http2/4.1.45.Final/netty-codec-http2-4.1.45.Final.jar:/home/user/.m2/repository/io/netty/netty-codec/4.1.45.Final/netty-codec-4.1.45.Final.jar:/home/user/.m2/repository/io/netty/netty-handler/4.1.45.Final/netty-handler-4.1.45.Final.jar:/home/user/.m2/repository/io/netty/netty-codec-http/4.1.45.Final/netty-codec-http-4.1.45.Final.jar:/home/user/.m2/repository/io/netty/netty-handler-proxy/4.1.45.Final/netty-handler-proxy-4.1.45.Final.jar:/home/user/.m2/repository/io/netty/netty-codec-socks/4.1.45.Final/netty-codec-socks-4.1.45.Final.jar:/home/user/.m2/repository/io/netty/netty-transport-native-epoll/4.1.48.Final/netty-transport-native-epoll-4.1.48.Final.jar:/home/user/.m2/repository/io/netty/netty-common/4.1.48.Final/netty-common-4.1.48.Final.jar:/home/user/.m2/repository/io/netty/netty-buffer/4.1.48.Final/netty-buffer-4.1.48.Final.jar:/home/user/.m2/repository/io/netty/netty-transport/4.1.48.Final/netty-transport-4.1.48.Final.jar:/home/user/.m2/repository/io/netty/netty-resolver/4.1.48.Final/netty-resolver-4.1.48.Final.jar:/home/user/.m2/repository/io/netty/netty-transport-native-unix-common/4.1.48.Final/netty-transport-native-unix-common-4.1.48.Final.jar:/home/user/.m2/repository/io/grpc/grpc-protobuf/1.28.1/grpc-protobuf-1.28.1.jar:/home/user/.m2/repository/io/grpc/grpc-api/1.28.1/grpc-api-1.28.1.jar:/home/user/.m2/repository/io/grpc/grpc-context/1.28.1/grpc-context-1.28.1.jar:/home/user/.m2/repository/org/codehaus/mojo/animal-sniffer-annotations/1.18/animal-sniffer-annotations-1.18.jar:/home/user/.m2/repository/com/google/api/grpc/proto-google-common-protos/1.17.0/proto-google-common-protos-1.17.0.jar:/home/user/.m2/repository/io/grpc/grpc-protobuf-lite/1.28.1/grpc-protobuf-lite-1.28.1.jar:/home/user/.m2/repository/io/grpc/grpc-stub/1.28.1/grpc-stub-1.28.1.jar:/home/user/.m2/repository/org/apache/hadoop/hadoop-ozone-recon/0.6.0-SNAPSHOT/hadoop-ozone-recon-0.6.0-SNAPSHOT.jar:/home/user/.m2/repository/org/apache/hadoop/hadoop-ozone-reconcodegen/0.6.0-SNAPSHOT/hadoop-ozone-reconcodegen-0.6.0-SNAPSHOT.jar:/home/user/.m2/repository/com/google/inject/extensions/guice-multibindings/4.0/guice-multibindings-4.0.jar:/home/user/.m2/repository/com/google/inject/guice/4.0/guice-4.0.jar:/home/user/.m2/repository/aopalliance/aopalliance/1.0/aopalliance-1.0.jar:/home/user/.m2/repository/com/google/inject/extensions/guice-assistedinject/4.0/guice-assistedinject-4.0.jar:/home/user/.m2/repository/com/google/inject/extensions/guice-servlet/4.0/guice-servlet-4.0.jar:/home/user/.m2/repository/org/glassfish/jersey/containers/jersey-container-servlet/2.27/jersey-container-servlet-2.27.jar:/home/user/.m2/repository/org/glassfish/hk2/guice-bridge/2.5.0/guice-bridge-2.5.0.jar:/home/user/.m2/repository/org/glassfish/jersey/core/jersey-server/2.27/jersey-server-2.27.jar:/home/user/.m2/repository/org/glassfish/jersey/core/jersey-client/2.27/jersey-client-2.27.jar:/home/user/.m2/repository/org/glassfish/jersey/media/jersey-media-jaxb/2.27/jersey-media-jaxb-2.27.jar:/home/user/.m2/repository/javax/validation/validation-api/1.1.0.Final/validation-api-1.1.0.Final.jar:/home/user/.m2/repository/org/glassfish/jersey/media/jersey-media-json-jackson/2.27/jersey-media-json-jackson-2.27.jar:/home/user/.m2/repository/org/glassfish/jersey/ext/jersey-entity-filtering/2.27/jersey-entity-filtering-2.27.jar:/home/user/.m2/repository/org/jooq/jooq/3.11.10/jooq-3.11.10.jar:/home/user/.m2/repository/org/jooq/jooq-meta/3.11.10/jooq-meta-3.11.10.jar:/home/user/.m2/repository/org/jooq/jooq-codegen/3.11.10/jooq-codegen-3.11.10.jar:/home/user/.m2/repository/com/jolbox/bonecp/0.8.0.RELEASE/bonecp-0.8.0.RELEASE.jar:/home/user/.m2/repository/org/apache/derby/derby/10.14.2.0/derby-10.14.2.0.jar:/home/user/.m2/repository/org/xerial/sqlite-jdbc/3.25.2/sqlite-jdbc-3.25.2.jar:/home/user/.m2/repository/org/springframework/spring-jdbc/5.2.5.RELEASE/spring-jdbc-5.2.5.RELEASE.jar:/home/user/.m2/repository/org/springframework/spring-beans/5.2.5.RELEASE/spring-beans-5.2.5.RELEASE.jar:/home/user/.m2/repository/org/springframework/spring-core/5.2.5.RELEASE/spring-core-5.2.5.RELEASE.jar:/home/user/.m2/repository/org/springframework/spring-jcl/5.2.5.RELEASE/spring-jcl-5.2.5.RELEASE.jar:/home/user/.m2/repository/org/springframework/spring-tx/5.2.5.RELEASE/spring-tx-5.2.5.RELEASE.jar:/home/user/.m2/repository/org/apache/hadoop/hadoop-ozone-client/0.6.0-SNAPSHOT/hadoop-ozone-client-0.6.0-SNAPSHOT.jar:/home/user/.m2/repository/org/apache/hadoop/hadoop-ozone-filesystem/0.6.0-SNAPSHOT/hadoop-ozone-filesystem-0.6.0-SNAPSHOT.jar:/home/user/.m2/repository/org/apache/hadoop/hadoop-hdds-hadoop-dependency-client/0.6.0-SNAPSHOT/hadoop-hdds-hadoop-dependency-client-0.6.0-SNAPSHOT.jar:/home/user/.m2/repository/org/apache/hadoop/hadoop-ozone-tools/0.6.0-SNAPSHOT/hadoop-ozone-tools-0.6.0-SNAPSHOT.jar:/home/user/.m2/repository/org/apache/hadoop/hadoop-hdfs/3.2.0/hadoop-hdfs-3.2.0.jar:/home/user/.m2/repository/org/apache/ratis/ratis-tools/0.6.0-cac3336-SNAPSHOT/ratis-tools-0.6.0-cac3336-SNAPSHOT.jar:/home/user/.m2/repository/org/apache/ratis/ratis-proto/0.6.0-cac3336-SNAPSHOT/ratis-proto-0.6.0-cac3336-SNAPSHOT.jar:/home/user/.m2/repository/org/apache/ratis/ratis-common/0.6.0-cac3336-SNAPSHOT/ratis-common-0.6.0-cac3336-SNAPSHOT.jar:/home/user/.m2/repository/com/amazonaws/aws-java-sdk-core/1.11.615/aws-java-sdk-core-1.11.615.jar:/home/user/.m2/repository/org/apache/httpcomponents/httpclient/4.5.2/httpclient-4.5.2.jar:/home/user/.m2/repository/org/apache/httpcomponents/httpcore/4.4.4/httpcore-4.4.4.jar:/home/user/.m2/repository/software/amazon/ion/ion-java/1.0.2/ion-java-1.0.2.jar:/home/user/.m2/repository/com/fasterxml/jackson/dataformat/jackson-dataformat-cbor/2.10.3/jackson-dataformat-cbor-2.10.3.jar:/home/user/.m2/repository/joda-time/joda-time/2.9.9/joda-time-2.9.9.jar:/home/user/.m2/repository/com/amazonaws/aws-java-sdk-s3/1.11.615/aws-java-sdk-s3-1.11.615.jar:/home/user/.m2/repository/com/amazonaws/aws-java-sdk-kms/1.11.615/aws-java-sdk-kms-1.11.615.jar:/home/user/.m2/repository/com/amazonaws/jmespath-java/1.11.615/jmespath-java-1.11.615.jar:/home/user/.m2/repository/org/apache/hadoop/hadoop-hdds-tools/0.6.0-SNAPSHOT/hadoop-hdds-tools-0.6.0-SNAPSHOT.jar:/home/user/.m2/repository/commons-cli/commons-cli/1.2/commons-cli-1.2.jar:/home/user/.m2/repository/org/apache/commons/commons-lang3/3.7/commons-lang3-3.7.jar:/home/user/.m2/repository/org/apache/hadoop/hadoop-ozone-ozone-manager/0.6.0-SNAPSHOT/hadoop-ozone-ozone-manager-0.6.0-SNAPSHOT-tests.jar:/home/user/.m2/repository/junit/junit/4.11/junit-4.11.jar:/home/user/.m2/repository/org/hamcrest/hamcrest-core/1.3/hamcrest-core-1.3.jar:/home/user/.m2/repository/org/openjdk/jmh/jmh-core/1.19/jmh-core-1.19.jar:/home/user/.m2/repository/net/sf/jopt-simple/jopt-simple/4.6/jopt-simple-4.6.jar:/home/user/.m2/repository/org/apache/commons/commons-math3/3.1.1/commons-math3-3.1.1.jar:/home/user/.m2/repository/org/openjdk/jmh/jmh-generator-annprocess/1.19/jmh-generator-annprocess-1.19.jar:/home/user/.m2/repository/org/mockito/mockito-all/1.8.5/mockito-all-1.8.5.jar:/home/user/.m2/repository/org/apache/hadoop/hadoop-kms/3.2.0/hadoop-kms-3.2.0.jar:/home/user/.m2/repository/org/apache/hadoop/hadoop-auth/3.2.0/hadoop-auth-3.2.0.jar:/home/user/.m2/repository/com/nimbusds/nimbus-jose-jwt/7.9/nimbus-jose-jwt-7.9.jar:/home/user/.m2/repository/com/github/stephenc/jcip/jcip-annotations/1.0-1/jcip-annotations-1.0-1.jar:/home/user/.m2/repository/net/minidev/json-smart/2.3/json-smart-2.3.jar:/home/user/.m2/repository/net/minidev/accessors-smart/1.2/accessors-smart-1.2.jar:/home/user/.m2/repository/org/ow2/asm/asm/5.0.4/asm-5.0.4.jar:/home/user/.m2/repository/org/apache/zookeeper/zookeeper/3.4.13/zookeeper-3.4.13.jar:/home/user/.m2/repository/org/apache/yetus/audience-annotations/0.5.0/audience-annotations-0.5.0.jar:/home/user/.m2/repository/org/apache/curator/curator-framework/2.12.0/curator-framework-2.12.0.jar:/home/user/.m2/repository/com/sun/jersey/jersey-core/1.19/jersey-core-1.19.jar:/home/user/.m2/repository/javax/ws/rs/jsr311-api/1.1.1/jsr311-api-1.1.1.jar:/home/user/.m2/repository/com/sun/jersey/jersey-server/1.19/jersey-server-1.19.jar:/home/user/.m2/repository/javax/servlet/javax.servlet-api/3.1.0/javax.servlet-api-3.1.0.jar:/home/user/.m2/repository/org/eclipse/jetty/jetty-server/9.4.26.v20200117/jetty-server-9.4.26.v20200117.jar:/home/user/.m2/repository/org/eclipse/jetty/jetty-http/9.4.26.v20200117/jetty-http-9.4.26.v20200117.jar:/home/user/.m2/repository/org/eclipse/jetty/jetty-io/9.4.26.v20200117/jetty-io-9.4.26.v20200117.jar:/home/user/.m2/repository/org/eclipse/jetty/jetty-webapp/9.4.26.v20200117/jetty-webapp-9.4.26.v20200117.jar:/home/user/.m2/repository/org/eclipse/jetty/jetty-xml/9.4.26.v20200117/jetty-xml-9.4.26.v20200117.jar:/home/user/.m2/repository/org/eclipse/jetty/jetty-servlet/9.4.26.v20200117/jetty-servlet-9.4.26.v20200117.jar:/home/user/.m2/repository/org/eclipse/jetty/jetty-security/9.4.26.v20200117/jetty-security-9.4.26.v20200117.jar:/home/user/.m2/repository/org/apache/hadoop/hadoop-common/3.2.0/hadoop-common-3.2.0.jar:/home/user/.m2/repository/commons-net/commons-net/3.6/commons-net-3.6.jar:/home/user/.m2/repository/commons-collections/commons-collections/3.2.2/commons-collections-3.2.2.jar:/home/user/.m2/repository/com/sun/jersey/jersey-servlet/1.19/jersey-servlet-1.19.jar:/home/user/.m2/repository/com/sun/jersey/jersey-json/1.19/jersey-json-1.19.jar:/home/user/.m2/repository/org/codehaus/jettison/jettison/1.1/jettison-1.1.jar:/home/user/.m2/repository/org/codehaus/jackson/jackson-jaxrs/1.9.2/jackson-jaxrs-1.9.2.jar:/home/user/.m2/repository/org/codehaus/jackson/jackson-xc/1.9.2/jackson-xc-1.9.2.jar:/home/user/.m2/repository/commons-beanutils/commons-beanutils/1.9.4/commons-beanutils-1.9.4.jar:/home/user/.m2/repository/org/apache/commons/commons-configuration2/2.1.1/commons-configuration2-2.1.1.jar:/home/user/.m2/repository/org/apache/commons/commons-text/1.4/commons-text-1.4.jar:/home/user/.m2/repository/com/google/re2j/re2j/1.1/re2j-1.1.jar:/home/user/.m2/repository/com/jcraft/jsch/0.1.54/jsch-0.1.54.jar:/home/user/.m2/repository/org/apache/curator/curator-client/2.12.0/curator-client-2.12.0.jar:/home/user/.m2/repository/org/apache/curator/curator-recipes/2.12.0/curator-recipes-2.12.0.jar:/home/user/.m2/repository/dnsjava/dnsjava/2.1.7/dnsjava-2.1.7.jar:/home/user/.m2/repository/org/slf4j/jul-to-slf4j/1.7.25/jul-to-slf4j-1.7.25.jar:/home/user/.m2/repository/org/eclipse/jetty/jetty-util/9.4.26.v20200117/jetty-util-9.4.26.v20200117.jar:/home/user/.m2/repository/com/fasterxml/jackson/core/jackson-databind/2.10.3/jackson-databind-2.10.3.jar:/home/user/.m2/repository/org/apache/hadoop/hadoop-kms/3.2.0/hadoop-kms-3.2.0-tests.jar:/home/user/.m2/repository/org/apache/hadoop/hadoop-hdds-server-scm/0.6.0-SNAPSHOT/hadoop-hdds-server-scm-0.6.0-SNAPSHOT-tests.jar:/home/user/.m2/repository/org/apache/hadoop/hadoop-hdds-container-service/0.6.0-SNAPSHOT/hadoop-hdds-container-service-0.6.0-SNAPSHOT-tests.jar:/home/user/.m2/repository/org/apache/hadoop/hadoop-hdds-common/0.6.0-SNAPSHOT/hadoop-hdds-common-0.6.0-SNAPSHOT-tests.jar:/home/user/.m2/repository/org/yaml/snakeyaml/1.16/snakeyaml-1.16.jar:/home/user/.m2/repository/org/apache/hadoop/hadoop-hdds-hadoop-dependency-test/0.6.0-SNAPSHOT/hadoop-hdds-hadoop-dependency-test-0.6.0-SNAPSHOT.jar:/home/user/.m2/repository/org/apache/hadoop/hadoop-common/3.2.0/hadoop-common-3.2.0-tests.jar:/home/user/.m2/repository/javax/servlet/jsp/jsp-api/2.1/jsp-api-2.1.jar:/home/user/.m2/repository/org/apache/hadoop/hadoop-hdfs/3.2.0/hadoop-hdfs-3.2.0-tests.jar:/home/user/.m2/repository/org/eclipse/jetty/jetty-util-ajax/9.4.26.v20200117/jetty-util-ajax-9.4.26.v20200117.jar:/home/user/.m2/repository/commons-codec/commons-codec/1.11/commons-codec-1.11.jar:/home/user/.m2/repository/commons-daemon/commons-daemon/1.0.13/commons-daemon-1.0.13.jar:/home/user/.m2/repository/io/netty/netty/3.10.5.Final/netty-3.10.5.Final.jar:/home/user/.m2/repository/io/netty/netty-all/4.1.48.Final/netty-all-4.1.48.Final.jar:/home/user/.m2/repository/org/apache/htrace/htrace-core4/4.1.0-incubating/htrace-core4-4.1.0-incubating.jar:/home/user/.m2/repository/org/fusesource/leveldbjni/leveldbjni-all/1.8/leveldbjni-all-1.8.jar:/home/user/.m2/repository/org/apache/hadoop/hadoop-distcp/3.2.0/hadoop-distcp-3.2.0.jar:/home/user/.m2/repository/org/apache/hadoop/hadoop-mapreduce-client-jobclient/3.2.0/hadoop-mapreduce-client-jobclient-3.2.0.jar:/home/user/.m2/repository/org/apache/hadoop/hadoop-mapreduce-client-common/3.2.0/hadoop-mapreduce-client-common-3.2.0.jar:/home/user/.m2/repository/org/apache/hadoop/hadoop-yarn-common/3.2.0/hadoop-yarn-common-3.2.0.jar:/home/user/.m2/repository/org/apache/hadoop/hadoop-yarn-api/3.2.0/hadoop-yarn-api-3.2.0.jar:/home/user/.m2/repository/com/sun/jersey/jersey-client/1.19/jersey-client-1.19.jar:/home/user/.m2/repository/com/sun/jersey/contribs/jersey-guice/1.19/jersey-guice-1.19.jar:/home/user/.m2/repository/com/fasterxml/jackson/jaxrs/jackson-jaxrs-json-provider/2.10.3/jackson-jaxrs-json-provider-2.10.3.jar:/home/user/.m2/repository/com/fasterxml/jackson/jaxrs/jackson-jaxrs-base/2.10.3/jackson-jaxrs-base-2.10.3.jar:/home/user/.m2/repository/org/apache/hadoop/hadoop-yarn-client/3.2.0/hadoop-yarn-client-3.2.0.jar:/home/user/.m2/repository/org/apache/hadoop/hadoop-mapreduce-client-core/3.2.0/hadoop-mapreduce-client-core-3.2.0.jar:/home/user/.m2/repository/org/apache/avro/avro/1.7.7/avro-1.7.7.jar:/home/user/.m2/repository/org/codehaus/jackson/jackson-core-asl/1.9.13/jackson-core-asl-1.9.13.jar:/home/user/.m2/repository/org/codehaus/jackson/jackson-mapper-asl/1.9.13/jackson-mapper-asl-1.9.13.jar:/home/user/.m2/repository/com/thoughtworks/paranamer/paranamer/2.3/paranamer-2.3.jar:/home/user/.m2/repository/org/xerial/snappy/snappy-java/1.0.5/snappy-java-1.0.5.jar:/home/user/.m2/repository/org/apache/hadoop/hadoop-annotations/3.2.0/hadoop-annotations-3.2.0.jar:/usr/lib/jvm/java-1.8.0-openjdk-1.8.0.232.b09-0.el7_7.x86_64/jre/../lib/tools.jar:/home/user/.m2/repository/org/apache/hadoop/hadoop-distcp/3.2.0/hadoop-distcp-3.2.0-tests.jar:"/>
    <property name="sun.cpu.endian" value="little"/>
    <property name="user.home" value="/home/user"/>
    <property name="user.language" value="en"/>
    <property name="java.specification.vendor" value="Oracle Corporation"/>
    <property name="java.home" value="/usr/lib/jvm/java-1.8.0-openjdk-1.8.0.232.b09-0.el7_7.x86_64/jre"/>
    <property name="java.security.krb5.conf" value="/github/workspace/mnt/ozone/hadoop-ozone/integration-test/target/test-classes/krb5.conf"/>
    <property name="basedir" value="/github/workspace/mnt/ozone/hadoop-ozone/integration-test"/>
    <property name="file.separator" value="/"/>
    <property name="line.separator" value="&#10;"/>
    <property name="java.vm.specification.vendor" value="Oracle Corporation"/>
    <property name="java.specification.name" value="Java Platform API Specification"/>
    <property name="java.awt.graphicsenv" value="sun.awt.X11GraphicsEnvironment"/>
    <property name="surefire.real.class.path" value="/github/workspace/mnt/ozone/hadoop-ozone/integration-test/target/surefire/surefirebooter5717014932386224190.jar:/home/user/.m2/repository/org/jacoco/org.jacoco.agent/0.8.3/org.jacoco.agent-0.8.3-runtime.jar"/>
    <property name="hadoop.log.dir" value="/github/workspace/mnt/ozone/hadoop-ozone/integration-test/target/log"/>
    <property name="sun.boot.class.path" value="/usr/lib/jvm/java-1.8.0-openjdk-1.8.0.232.b09-0.el7_7.x86_64/jre/lib/resources.jar:/usr/lib/jvm/java-1.8.0-openjdk-1.8.0.232.b09-0.el7_7.x86_64/jre/lib/rt.jar:/usr/lib/jvm/java-1.8.0-openjdk-1.8.0.232.b09-0.el7_7.x86_64/jre/lib/sunrsasign.jar:/usr/lib/jvm/java-1.8.0-openjdk-1.8.0.232.b09-0.el7_7.x86_64/jre/lib/jsse.jar:/usr/lib/jvm/java-1.8.0-openjdk-1.8.0.232.b09-0.el7_7.x86_64/jre/lib/jce.jar:/usr/lib/jvm/java-1.8.0-openjdk-1.8.0.232.b09-0.el7_7.x86_64/jre/lib/charsets.jar:/usr/lib/jvm/java-1.8.0-openjdk-1.8.0.232.b09-0.el7_7.x86_64/jre/lib/jfr.jar:/usr/lib/jvm/java-1.8.0-openjdk-1.8.0.232.b09-0.el7_7.x86_64/jre/classes"/>
    <property name="sun.management.compiler" value="HotSpot 64-Bit Tiered Compilers"/>
    <property name="java.runtime.version" value="1.8.0_232-b09"/>
    <property name="java.net.preferIPv4Stack" value="true"/>
    <property name="user.name" value="jenkins1001"/>
    <property name="path.separator" value=":"/>
    <property name="java.security.egd" value="file:///dev/urandom"/>
    <property name="os.version" value="5.0.0-1035-azure"/>
    <property name="java.endorsed.dirs" value="/usr/lib/jvm/java-1.8.0-openjdk-1.8.0.232.b09-0.el7_7.x86_64/jre/lib/endorsed"/>
    <property name="java.runtime.name" value="OpenJDK Runtime Environment"/>
    <property name="file.encoding" value="ANSI_X3.4-1968"/>
    <property name="java.vm.name" value="OpenJDK 64-Bit Server VM"/>
    <property name="test.build.webapps" value=""/>
    <property name="localRepository" value="/home/user/.m2/repository"/>
    <property name="java.vendor.url.bug" value="http://bugreport.sun.com/bugreport/"/>
    <property name="java.io.tmpdir" value="/tmp"/>
    <property name="require.test.libhadoop" value=""/>
    <property name="java.version" value="1.8.0_232"/>
    <property name="user.dir" value="/github/workspace/mnt/ozone/hadoop-ozone/integration-test"/>
    <property name="os.arch" value="amd64"/>
    <property name="java.vm.specification.name" value="Java Virtual Machine Specification"/>
    <property name="test.build.classes" value="/github/workspace/mnt/ozone/hadoop-ozone/integration-test/target/test-classes"/>
    <property name="java.awt.printerjob" value="sun.print.PSPrinterJob"/>
    <property name="sun.os.patch.level" value="unknown"/>
    <property name="hadoop.tmp.dir" value="/github/workspace/mnt/ozone/hadoop-ozone/integration-test/target/tmp"/>
    <property name="java.library.path" value="/usr/lib:/usr/java/packages/lib/amd64:/usr/lib64:/lib64:/lib:/usr/lib"/>
    <property name="java.vm.info" value="mixed mode"/>
    <property name="java.vendor" value="Oracle Corporation"/>
    <property name="java.vm.version" value="25.232-b09"/>
    <property name="java.ext.dirs" value="/usr/lib/jvm/java-1.8.0-openjdk-1.8.0.232.b09-0.el7_7.x86_64/jre/lib/ext:/usr/java/packages/lib/ext"/>
    <property name="sun.io.unicode.encoding" value="UnicodeLittle"/>
    <property name="java.class.version" value="52.0"/>
  </properties>
  <testcase name="test2WayCommitForRetryfailure" classname="org.apache.hadoop.ozone.client.rpc.Test2WayCommitInRatis" time="99.696">
    <error message="org.apache.ratis.protocol.RaftRetryFailureException: Failed RaftClientRequest:client-775D50DB0851-&gt;1b07fd28-1625-44f3-a3e1-fac0cfa23bee@group-34A980212478, cid=9, seq=3*, RW, cmdType: CloseContainer&#10;traceID: &quot;&quot;&#10;containerID: 1&#10;datanodeUuid: &quot;1b07fd28-1625-44f3-a3e1-fac0cfa23bee&quot;&#10;closeContainer {&#10;}&#10;, data.size=0 for 15 attempts with RetryLimited(maxAttempts=15, sleepTime=1000ms)" type="java.util.concurrent.ExecutionException">java.util.concurrent.ExecutionException: 
org.apache.ratis.protocol.RaftRetryFailureException: Failed RaftClientRequest:client-775D50DB0851->1b07fd28-1625-44f3-a3e1-fac0cfa23bee@group-34A980212478, cid=9, seq=3*, RW, cmdType: CloseContainer
traceID: ""
containerID: 1
datanodeUuid: "1b07fd28-1625-44f3-a3e1-fac0cfa23bee"
closeContainer {
}
, data.size=0 for 15 attempts with RetryLimited(maxAttempts=15, sleepTime=1000ms)
	at java.util.concurrent.CompletableFuture.reportGet(CompletableFuture.java:357)
	at java.util.concurrent.CompletableFuture.get(CompletableFuture.java:1908)
	at org.apache.hadoop.ozone.client.rpc.Test2WayCommitInRatis.test2WayCommitForRetryfailure(Test2WayCommitInRatis.java:178)
	at sun.reflect.NativeMethodAccessorImpl.invoke0(Native Method)
	at sun.reflect.NativeMethodAccessorImpl.invoke(NativeMethodAccessorImpl.java:62)
	at sun.reflect.DelegatingMethodAccessorImpl.invoke(DelegatingMethodAccessorImpl.java:43)
	at java.lang.reflect.Method.invoke(Method.java:498)
	at org.junit.runners.model.FrameworkMethod$1.runReflectiveCall(FrameworkMethod.java:47)
	at org.junit.internal.runners.model.ReflectiveCallable.run(ReflectiveCallable.java:12)
	at org.junit.runners.model.FrameworkMethod.invokeExplosively(FrameworkMethod.java:44)
	at org.junit.internal.runners.statements.InvokeMethod.evaluate(InvokeMethod.java:17)
	at org.junit.runners.ParentRunner.runLeaf(ParentRunner.java:271)
	at org.junit.runners.BlockJUnit4ClassRunner.runChild(BlockJUnit4ClassRunner.java:70)
	at org.junit.runners.BlockJUnit4ClassRunner.runChild(BlockJUnit4ClassRunner.java:50)
	at org.junit.runners.ParentRunner$3.run(ParentRunner.java:238)
	at org.junit.runners.ParentRunner$1.schedule(ParentRunner.java:63)
	at org.junit.runners.ParentRunner.runChildren(ParentRunner.java:236)
	at org.junit.runners.ParentRunner.access$000(ParentRunner.java:53)
	at org.junit.runners.ParentRunner$2.evaluate(ParentRunner.java:229)
	at org.junit.runners.ParentRunner.run(ParentRunner.java:309)
	at org.apache.maven.surefire.junit4.JUnit4Provider.execute(JUnit4Provider.java:365)
	at org.apache.maven.surefire.junit4.JUnit4Provider.executeWithRerun(JUnit4Provider.java:273)
	at org.apache.maven.surefire.junit4.JUnit4Provider.executeTestSet(JUnit4Provider.java:238)
	at org.apache.maven.surefire.junit4.JUnit4Provider.invoke(JUnit4Provider.java:159)
	at org.apache.maven.surefire.booter.ForkedBooter.invokeProviderInSameClassLoader(ForkedBooter.java:384)
	at org.apache.maven.surefire.booter.ForkedBooter.runSuitesInProcess(ForkedBooter.java:345)
	at org.apache.maven.surefire.booter.ForkedBooter.execute(ForkedBooter.java:126)
	at org.apache.maven.surefire.booter.ForkedBooter.main(ForkedBooter.java:418)
Caused by: org.apache.ratis.protocol.RaftRetryFailureException: Failed RaftClientRequest:client-775D50DB0851->1b07fd28-1625-44f3-a3e1-fac0cfa23bee@group-34A980212478, cid=9, seq=3*, RW, cmdType: CloseContainer
traceID: ""
containerID: 1
datanodeUuid: "1b07fd28-1625-44f3-a3e1-fac0cfa23bee"
closeContainer {
}
, data.size=0 for 15 attempts with RetryLimited(maxAttempts=15, sleepTime=1000ms)
	at org.apache.ratis.client.impl.RaftClientImpl.noMoreRetries(RaftClientImpl.java:330)
	at org.apache.ratis.client.impl.OrderedAsync.handleAsyncRetryFailure(OrderedAsync.java:151)
	at org.apache.ratis.client.impl.OrderedAsync.lambda$sendRequest$10(OrderedAsync.java:250)
	at java.util.concurrent.CompletableFuture.uniExceptionally(CompletableFuture.java:884)
	at java.util.concurrent.CompletableFuture$UniExceptionally.tryFire(CompletableFuture.java:866)
	at java.util.concurrent.CompletableFuture.postComplete(CompletableFuture.java:488)
	at java.util.concurrent.CompletableFuture.completeExceptionally(CompletableFuture.java:1990)
	at org.apache.ratis.grpc.client.GrpcClientProtocolClient$AsyncStreamObservers.completeReplyExceptionally(GrpcClientProtocolClient.java:358)
	at org.apache.ratis.grpc.client.GrpcClientProtocolClient$AsyncStreamObservers.access$000(GrpcClientProtocolClient.java:264)
	at org.apache.ratis.grpc.client.GrpcClientProtocolClient$AsyncStreamObservers$1.onError(GrpcClientProtocolClient.java:295)
	at org.apache.ratis.thirdparty.io.grpc.stub.ClientCalls$StreamObserverToCallListenerAdapter.onClose(ClientCalls.java:449)
	at org.apache.ratis.thirdparty.io.grpc.internal.ClientCallImpl.closeObserver(ClientCallImpl.java:426)
	at org.apache.ratis.thirdparty.io.grpc.internal.ClientCallImpl.access$500(ClientCallImpl.java:66)
	at org.apache.ratis.thirdparty.io.grpc.internal.ClientCallImpl$ClientStreamListenerImpl.close(ClientCallImpl.java:689)
	at org.apache.ratis.thirdparty.io.grpc.internal.ClientCallImpl$ClientStreamListenerImpl.access$900(ClientCallImpl.java:577)
	at org.apache.ratis.thirdparty.io.grpc.internal.ClientCallImpl$ClientStreamListenerImpl$1StreamClosed.runInternal(ClientCallImpl.java:751)
	at org.apache.ratis.thirdparty.io.grpc.internal.ClientCallImpl$ClientStreamListenerImpl$1StreamClosed.runInContext(ClientCallImpl.java:740)
	at org.apache.ratis.thirdparty.io.grpc.internal.ContextRunnable.run(ContextRunnable.java:37)
	at org.apache.ratis.thirdparty.io.grpc.internal.SerializingExecutor.run(SerializingExecutor.java:123)
	at java.util.concurrent.ThreadPoolExecutor.runWorker(ThreadPoolExecutor.java:1149)
	at java.util.concurrent.ThreadPoolExecutor$Worker.run(ThreadPoolExecutor.java:624)
	at java.lang.Thread.run(Thread.java:748)
Caused by: java.io.IOException: org.apache.ratis.thirdparty.io.grpc.StatusRuntimeException: UNAVAILABLE: io exception
	at org.apache.ratis.grpc.GrpcUtil.unwrapException(GrpcUtil.java:87)
	at org.apache.ratis.grpc.GrpcUtil.unwrapIOException(GrpcUtil.java:148)
	at org.apache.ratis.grpc.client.GrpcClientProtocolClient$AsyncStreamObservers$1.onError(GrpcClientProtocolClient.java:294)
	... 12 more
Caused by: org.apache.ratis.thirdparty.io.grpc.StatusRuntimeException: UNAVAILABLE: io exception
	at org.apache.ratis.thirdparty.io.grpc.Status.asRuntimeException(Status.java:533)
	... 12 more
Caused by: org.apache.ratis.thirdparty.io.netty.channel.AbstractChannel$AnnotatedConnectException: Connection refused: /172.17.0.2:33503
Caused by: java.net.ConnectException: Connection refused
	at sun.nio.ch.SocketChannelImpl.checkConnect(Native Method)
	at sun.nio.ch.SocketChannelImpl.finishConnect(SocketChannelImpl.java:717)
	at org.apache.ratis.thirdparty.io.netty.channel.socket.nio.NioSocketChannel.doFinishConnect(NioSocketChannel.java:330)
	at org.apache.ratis.thirdparty.io.netty.channel.nio.AbstractNioChannel$AbstractNioUnsafe.finishConnect(AbstractNioChannel.java:334)
	at org.apache.ratis.thirdparty.io.netty.channel.nio.NioEventLoop.processSelectedKey(NioEventLoop.java:702)
	at org.apache.ratis.thirdparty.io.netty.channel.nio.NioEventLoop.processSelectedKeysOptimized(NioEventLoop.java:650)
	at org.apache.ratis.thirdparty.io.netty.channel.nio.NioEventLoop.processSelectedKeys(NioEventLoop.java:576)
	at org.apache.ratis.thirdparty.io.netty.channel.nio.NioEventLoop.run(NioEventLoop.java:493)
	at org.apache.ratis.thirdparty.io.netty.util.concurrent.SingleThreadEventExecutor$4.run(SingleThreadEventExecutor.java:989)
	at org.apache.ratis.thirdparty.io.netty.util.internal.ThreadExecutorMap$2.run(ThreadExecutorMap.java:74)
	at org.apache.ratis.thirdparty.io.netty.util.concurrent.FastThreadLocalRunnable.run(FastThreadLocalRunnable.java:30)
	at java.lang.Thread.run(Thread.java:748)
</error>
    <system-out><![CDATA[2020-05-05 20:42:17,349 [main] WARN  server.ServerUtils (ServerUtils.java:getScmDbDir(148)) - ozone.scm.db.dirs is not configured. We recommend adding this setting. Falling back to ozone.metadata.dirs instead.
2020-05-05 20:42:17,468 [main] WARN  server.ServerUtils (ServerUtils.java:getScmDbDir(148)) - ozone.scm.db.dirs is not configured. We recommend adding this setting. Falling back to ozone.metadata.dirs instead.
2020-05-05 20:42:17,605 [main] WARN  db.DBStoreBuilder (DBStoreBuilder.java:createDBStoreBuilder(277)) - ozone.scm.db.dirs is not configured. We recommend adding this setting. Falling back to ozone.metadata.dirs instead.
2020-05-05 20:42:17,780 [main] INFO  net.NodeSchemaLoader (NodeSchemaLoader.java:loadSchemaFromFile(126)) - Loading file from sun.misc.CompoundEnumeration@7d5ef1c3
2020-05-05 20:42:17,784 [main] INFO  net.NodeSchemaLoader (NodeSchemaLoader.java:loadSchema(172)) - Loading network topology layer schema file
2020-05-05 20:42:17,876 [main] WARN  server.ServerUtils (ServerUtils.java:sanitizeUserArgs(73)) - ozone.scm.stale.node.interval value = 60000000 is larger than max = 100000 based on the key value of ozone.scm.heartbeat.thread.interval, reset to the max value 100000.
2020-05-05 20:42:17,878 [main] WARN  server.ServerUtils (ServerUtils.java:sanitizeUserArgs(73)) - ozone.scm.stale.node.interval value = 60000000 is larger than max = 100000 based on the key value of ozone.scm.heartbeat.thread.interval, reset to the max value 100000.
2020-05-05 20:42:17,887 [main] INFO  node.SCMNodeManager (SCMNodeManager.java:<init>(116)) - Entering startup safe mode.
2020-05-05 20:42:18,079 [main] INFO  algorithms.ContainerPlacementPolicyFactory (ContainerPlacementPolicyFactory.java:getPolicy(60)) - Create container placement policy of type org.apache.hadoop.hdds.scm.container.placement.algorithms.SCMContainerPlacementRandom
2020-05-05 20:42:18,115 [main] INFO  pipeline.SCMPipelineManager (SCMPipelineManager.java:initializePipelineState(158)) - No pipeline exists in current db
2020-05-05 20:42:18,201 [main] INFO  safemode.HealthyPipelineSafeModeRule (HealthyPipelineSafeModeRule.java:<init>(89)) - Total pipeline count is 0, healthy pipeline threshold count is 0
2020-05-05 20:42:18,210 [main] INFO  safemode.OneReplicaPipelineSafeModeRule (OneReplicaPipelineSafeModeRule.java:<init>(79)) - Total pipeline count is 0, pipeline's with at least one datanode reported threshold count is 0
2020-05-05 20:42:18,263 [RatisPipelineUtilsThread] ERROR pipeline.SCMPipelineManager (SCMPipelineManager.java:createPipeline(222)) - Failed to create pipeline of type RATIS and factor ONE. Exception: Cannot create pipeline of factor 1 using 0 nodes. Used 0 nodes. Healthy nodes 0
2020-05-05 20:42:18,824 [main] INFO  ipc.CallQueueManager (CallQueueManager.java:<init>(84)) - Using callQueue: class java.util.concurrent.LinkedBlockingQueue, queueCapacity: 2000, scheduler: class org.apache.hadoop.ipc.DefaultRpcScheduler, ipcBackoff: false.
2020-05-05 20:42:18,859 [Socket Reader #1 for port 45083] INFO  ipc.Server (Server.java:run(1074)) - Starting Socket Reader #1 for port 45083
2020-05-05 20:42:18,906 [main] INFO  ipc.CallQueueManager (CallQueueManager.java:<init>(84)) - Using callQueue: class java.util.concurrent.LinkedBlockingQueue, queueCapacity: 2000, scheduler: class org.apache.hadoop.ipc.DefaultRpcScheduler, ipcBackoff: false.
2020-05-05 20:42:18,909 [Socket Reader #1 for port 35715] INFO  ipc.Server (Server.java:run(1074)) - Starting Socket Reader #1 for port 35715
2020-05-05 20:42:18,921 [main] INFO  ipc.CallQueueManager (CallQueueManager.java:<init>(84)) - Using callQueue: class java.util.concurrent.LinkedBlockingQueue, queueCapacity: 2000, scheduler: class org.apache.hadoop.ipc.DefaultRpcScheduler, ipcBackoff: false.
2020-05-05 20:42:18,922 [Socket Reader #1 for port 38223] INFO  ipc.Server (Server.java:run(1074)) - Starting Socket Reader #1 for port 38223
2020-05-05 20:42:18,947 [main] INFO  http.BaseHttpServer (BaseHttpServer.java:newHttpServer2BuilderForOzone(192)) - Starting Web-server for scm at: http://0.0.0.0:0
2020-05-05 20:42:19,001 [main] INFO  util.log (Log.java:initialized(169)) - Logging initialized @3092ms to org.eclipse.jetty.util.log.Slf4jLog
2020-05-05 20:42:19,243 [main] INFO  server.AuthenticationFilter (AuthenticationFilter.java:constructSecretProvider(240)) - Unable to initialize FileSignerSecretProvider, falling back to use random secrets.
2020-05-05 20:42:19,284 [main] WARN  http.HttpRequestLog (HttpRequestLog.java:getRequestLog(103)) - Jetty request log can only be enabled using Log4j
2020-05-05 20:42:19,290 [main] INFO  http.HttpServer2 (HttpServer2.java:addGlobalFilter(979)) - Added global filter 'safety' (class=org.apache.hadoop.hdds.server.http.HttpServer2$QuotingInputFilter)
2020-05-05 20:42:19,300 [main] INFO  http.HttpServer2 (HttpServer2.java:addFilter(955)) - Added filter static_user_filter (class=org.apache.hadoop.hdds.server.http.StaticUserWebFilter$StaticUserFilter) to context scm
2020-05-05 20:42:19,300 [main] INFO  http.HttpServer2 (HttpServer2.java:addFilter(963)) - Added filter static_user_filter (class=org.apache.hadoop.hdds.server.http.StaticUserWebFilter$StaticUserFilter) to context static
2020-05-05 20:42:19,300 [main] INFO  http.HttpServer2 (HttpServer2.java:addFilter(963)) - Added filter static_user_filter (class=org.apache.hadoop.hdds.server.http.StaticUserWebFilter$StaticUserFilter) to context logs
2020-05-05 20:42:19,404 [main] INFO  server.StorageContainerManager (StorageContainerManager.java:start(781)) - StorageContainerLocationProtocol RPC server is listening at /0.0.0.0:38223
2020-05-05 20:42:19,482 [main] WARN  impl.MetricsConfig (MetricsConfig.java:loadFirst(134)) - Cannot locate configuration: tried hadoop-metrics2-storagecontainermanager.properties,hadoop-metrics2.properties
2020-05-05 20:42:19,500 [main] INFO  impl.MetricsSystemImpl (MetricsSystemImpl.java:startTimer(374)) - Scheduled Metric snapshot period at 10 second(s).
2020-05-05 20:42:19,500 [main] INFO  impl.MetricsSystemImpl (MetricsSystemImpl.java:start(191)) - StorageContainerManager metrics system started
2020-05-05 20:42:19,907 [main] INFO  server.SCMClientProtocolServer (SCMClientProtocolServer.java:start(157)) - RPC server for Client  is listening at /0.0.0.0:38223
2020-05-05 20:42:19,908 [IPC Server Responder] INFO  ipc.Server (Server.java:run(1314)) - IPC Server Responder: starting
2020-05-05 20:42:19,909 [IPC Server listener on 38223] INFO  ipc.Server (Server.java:run(1153)) - IPC Server listener on 38223: starting
2020-05-05 20:42:19,915 [main] INFO  server.StorageContainerManager (StorageContainerManager.java:start(793)) - ScmBlockLocationProtocol RPC server is listening at /0.0.0.0:35715
2020-05-05 20:42:19,916 [main] INFO  server.SCMBlockProtocolServer (SCMBlockProtocolServer.java:start(149)) - RPC server for Block Protocol is listening at /0.0.0.0:35715
2020-05-05 20:42:19,918 [IPC Server Responder] INFO  ipc.Server (Server.java:run(1314)) - IPC Server Responder: starting
2020-05-05 20:42:19,918 [IPC Server listener on 35715] INFO  ipc.Server (Server.java:run(1153)) - IPC Server listener on 35715: starting
2020-05-05 20:42:19,922 [main] INFO  server.StorageContainerManager (StorageContainerManager.java:start(799)) - ScmDatanodeProtocl RPC server is listening at /0.0.0.0:45083
2020-05-05 20:42:19,923 [main] INFO  server.SCMDatanodeProtocolServer (SCMDatanodeProtocolServer.java:start(172)) - RPC server for DataNodes is listening at /0.0.0.0:45083
2020-05-05 20:42:19,923 [IPC Server Responder] INFO  ipc.Server (Server.java:run(1314)) - IPC Server Responder: starting
2020-05-05 20:42:19,924 [IPC Server listener on 45083] INFO  ipc.Server (Server.java:run(1153)) - IPC Server listener on 45083: starting
2020-05-05 20:42:19,929 [main] INFO  http.HttpServer2 (HttpServer2.java:bindListener(1197)) - Jetty bound to port 41807
2020-05-05 20:42:19,932 [main] INFO  server.Server (Server.java:doStart(359)) - jetty-9.4.26.v20200117; built: 2020-01-17T12:35:33.676Z; git: 7b38981d25d14afb4a12ff1f2596756144edf695; jvm 1.8.0_232-b09
2020-05-05 20:42:19,981 [main] INFO  server.session (DefaultSessionIdManager.java:doStart(333)) - DefaultSessionIdManager workerName=node0
2020-05-05 20:42:19,982 [main] INFO  server.session (DefaultSessionIdManager.java:doStart(338)) - No SessionScavenger set, using defaults
2020-05-05 20:42:19,985 [main] INFO  server.session (HouseKeeper.java:startScavenging(140)) - node0 Scavenging every 660000ms
2020-05-05 20:42:20,002 [main] INFO  handler.ContextHandler (ContextHandler.java:doStart(825)) - Started o.e.j.s.ServletContextHandler@297727ab{logs,/logs,file:///github/workspace/mnt/ozone/hadoop-ozone/integration-test/target/log,AVAILABLE}
2020-05-05 20:42:20,005 [main] INFO  handler.ContextHandler (ContextHandler.java:doStart(825)) - Started o.e.j.s.ServletContextHandler@78b5c29f{static,/static,file:///github/workspace/mnt/ozone/hadoop-ozone/integration-test/target/test-classes/webapps/static,AVAILABLE}
2020-05-05 20:42:20,090 [main] INFO  handler.ContextHandler (ContextHandler.java:doStart(825)) - Started o.e.j.w.WebAppContext@2d921c9{scm,/,file:///github/workspace/mnt/ozone/hadoop-ozone/integration-test/target/test-classes/webapps/scm/,AVAILABLE}{file:/github/workspace/mnt/ozone/hadoop-ozone/integration-test/target/test-classes/webapps/scm}
2020-05-05 20:42:20,104 [main] INFO  server.AbstractConnector (AbstractConnector.java:doStart(330)) - Started ServerConnector@7bb5f1b5{HTTP/1.1,[http/1.1]}{0.0.0.0:41807}
2020-05-05 20:42:20,104 [main] INFO  server.Server (Server.java:doStart(399)) - Started @4196ms
2020-05-05 20:42:20,107 [main] INFO  impl.MetricsSinkAdapter (MetricsSinkAdapter.java:start(204)) - Sink prometheus started
2020-05-05 20:42:20,108 [main] INFO  impl.MetricsSystemImpl (MetricsSystemImpl.java:registerSink(301)) - Registered sink prometheus
2020-05-05 20:42:20,111 [main] INFO  http.BaseHttpServer (BaseHttpServer.java:updateConnectorAddress(306)) - HTTP server of scm listening at http://0.0.0.0:41807
2020-05-05 20:42:20,123 [main] WARN  server.ServerUtils (ServerUtils.java:getDBPath(225)) - ozone.om.db.dirs is not configured. We recommend adding this setting. Falling back to ozone.metadata.dirs instead.
2020-05-05 20:42:20,134 [org.apache.hadoop.util.JvmPauseMonitor$Monitor@205339e0] INFO  util.JvmPauseMonitor (JvmPauseMonitor.java:run(188)) - Starting JVM pause monitor
2020-05-05 20:42:20,282 [main] INFO  ha.OMHANodeDetails (OMHANodeDetails.java:loadOMHAConfig(104)) - ozone.om.internal.service.id is not defined, falling back to ozone.om.service.ids to find serviceID for OzoneManager if it is HA enabled cluster
2020-05-05 20:42:20,284 [main] INFO  ha.OMHANodeDetails (OMHANodeDetails.java:loadOMHAConfig(207)) - Configuration either no ozone.om.address set. Falling back to the default OM address /127.0.0.1:0
2020-05-05 20:42:20,284 [main] INFO  ha.OMHANodeDetails (OMHANodeDetails.java:getOMNodeDetails(237)) - OM Service ID is not set. Setting it to the default ID: omServiceIdDefault
2020-05-05 20:42:20,286 [main] WARN  server.ServerUtils (ServerUtils.java:getDBPath(225)) - ozone.om.db.dirs is not configured. We recommend adding this setting. Falling back to ozone.metadata.dirs instead.
2020-05-05 20:42:20,287 [main] WARN  server.ServerUtils (ServerUtils.java:getDBPath(225)) - ozone.om.db.dirs is not configured. We recommend adding this setting. Falling back to ozone.metadata.dirs instead.
2020-05-05 20:42:21,142 [main] WARN  server.ServerUtils (ServerUtils.java:getDBPath(225)) - ozone.om.db.dirs is not configured. We recommend adding this setting. Falling back to ozone.metadata.dirs instead.
2020-05-05 20:42:21,275 [main] INFO  ipc.CallQueueManager (CallQueueManager.java:<init>(84)) - Using callQueue: class java.util.concurrent.LinkedBlockingQueue, queueCapacity: 2000, scheduler: class org.apache.hadoop.ipc.DefaultRpcScheduler, ipcBackoff: false.
2020-05-05 20:42:21,276 [Socket Reader #1 for port 41343] INFO  ipc.Server (Server.java:run(1074)) - Starting Socket Reader #1 for port 41343
2020-05-05 20:42:21,323 [main] INFO  impl.MetricsSystemImpl (MetricsSystemImpl.java:init(158)) - OzoneManager metrics system started (again)
2020-05-05 20:42:21,326 [main] INFO  om.OzoneManager (OzoneManager.java:start(1107)) - OzoneManager RPC server is listening at localhost/127.0.0.1:41343
2020-05-05 20:42:21,353 [IPC Server Responder] INFO  ipc.Server (Server.java:run(1314)) - IPC Server Responder: starting
2020-05-05 20:42:21,353 [IPC Server listener on 41343] INFO  ipc.Server (Server.java:run(1153)) - IPC Server listener on 41343: starting
2020-05-05 20:42:21,364 [main] INFO  http.BaseHttpServer (BaseHttpServer.java:newHttpServer2BuilderForOzone(192)) - Starting Web-server for ozoneManager at: http://0.0.0.0:0
2020-05-05 20:42:21,365 [main] INFO  server.AuthenticationFilter (AuthenticationFilter.java:constructSecretProvider(240)) - Unable to initialize FileSignerSecretProvider, falling back to use random secrets.
2020-05-05 20:42:21,367 [main] WARN  http.HttpRequestLog (HttpRequestLog.java:getRequestLog(103)) - Jetty request log can only be enabled using Log4j
2020-05-05 20:42:21,368 [main] INFO  http.HttpServer2 (HttpServer2.java:addGlobalFilter(979)) - Added global filter 'safety' (class=org.apache.hadoop.hdds.server.http.HttpServer2$QuotingInputFilter)
2020-05-05 20:42:21,369 [main] INFO  http.HttpServer2 (HttpServer2.java:addFilter(955)) - Added filter static_user_filter (class=org.apache.hadoop.hdds.server.http.StaticUserWebFilter$StaticUserFilter) to context ozoneManager
2020-05-05 20:42:21,369 [main] INFO  http.HttpServer2 (HttpServer2.java:addFilter(963)) - Added filter static_user_filter (class=org.apache.hadoop.hdds.server.http.StaticUserWebFilter$StaticUserFilter) to context static
2020-05-05 20:42:21,369 [main] INFO  http.HttpServer2 (HttpServer2.java:addFilter(963)) - Added filter static_user_filter (class=org.apache.hadoop.hdds.server.http.StaticUserWebFilter$StaticUserFilter) to context logs
2020-05-05 20:42:21,371 [main] INFO  http.HttpServer2 (HttpServer2.java:bindListener(1197)) - Jetty bound to port 39337
2020-05-05 20:42:21,372 [main] INFO  server.Server (Server.java:doStart(359)) - jetty-9.4.26.v20200117; built: 2020-01-17T12:35:33.676Z; git: 7b38981d25d14afb4a12ff1f2596756144edf695; jvm 1.8.0_232-b09
2020-05-05 20:42:21,373 [main] INFO  server.session (DefaultSessionIdManager.java:doStart(333)) - DefaultSessionIdManager workerName=node0
2020-05-05 20:42:21,374 [main] INFO  server.session (DefaultSessionIdManager.java:doStart(338)) - No SessionScavenger set, using defaults
2020-05-05 20:42:21,374 [main] INFO  server.session (HouseKeeper.java:startScavenging(140)) - node0 Scavenging every 660000ms
2020-05-05 20:42:21,375 [main] INFO  handler.ContextHandler (ContextHandler.java:doStart(825)) - Started o.e.j.s.ServletContextHandler@4b3ead45{logs,/logs,file:///github/workspace/mnt/ozone/hadoop-ozone/integration-test/target/log,AVAILABLE}
2020-05-05 20:42:21,375 [main] INFO  handler.ContextHandler (ContextHandler.java:doStart(825)) - Started o.e.j.s.ServletContextHandler@5c75524{static,/static,file:///github/workspace/mnt/ozone/hadoop-ozone/integration-test/target/test-classes/webapps/static,AVAILABLE}
2020-05-05 20:42:21,380 [main] INFO  handler.ContextHandler (ContextHandler.java:doStart(825)) - Started o.e.j.w.WebAppContext@682d8f82{ozoneManager,/,file:///github/workspace/mnt/ozone/hadoop-ozone/integration-test/target/test-classes/webapps/ozoneManager/,AVAILABLE}{file:/github/workspace/mnt/ozone/hadoop-ozone/integration-test/target/test-classes/webapps/ozoneManager}
2020-05-05 20:42:21,382 [main] INFO  server.AbstractConnector (AbstractConnector.java:doStart(330)) - Started ServerConnector@78f38169{HTTP/1.1,[http/1.1]}{0.0.0.0:39337}
2020-05-05 20:42:21,382 [main] INFO  server.Server (Server.java:doStart(399)) - Started @5474ms
2020-05-05 20:42:21,382 [main] WARN  impl.MetricsSystemImpl (MetricsSystemImpl.java:register(276)) - Sink prometheus already exists!
2020-05-05 20:42:21,385 [main] INFO  http.BaseHttpServer (BaseHttpServer.java:updateConnectorAddress(306)) - HTTP server of ozoneManager listening at http://0.0.0.0:39337
2020-05-05 20:42:21,517 [main] INFO  metrics.MetricRegistries (MetricRegistriesLoader.java:load(64)) - Loaded MetricRegistries class org.apache.ratis.metrics.impl.MetricRegistriesImpl
2020-05-05 20:42:21,518 [main] INFO  impl.MetricsSystemImpl (MetricsSystemImpl.java:init(158)) - HddsDatanode metrics system started (again)
2020-05-05 20:42:21,523 [main] INFO  ozone.HddsDatanodeService (HddsDatanodeService.java:start(204)) - HddsDatanodeService host:6e5df9598914 ip:172.17.0.2
2020-05-05 20:42:21,568 [main] INFO  volume.HddsVolume (HddsVolume.java:<init>(176)) - Creating Volume: /github/workspace/mnt/ozone/hadoop-ozone/integration-test/target/test-dir/MiniOzoneClusterImpl-1061ffec-64c5-41b9-927f-85dc442c5c47/datanode-0/data-0/containers/hdds of storage type : DISK and capacity : 9223372036854775807
2020-05-05 20:42:21,570 [main] INFO  volume.MutableVolumeSet (MutableVolumeSet.java:initializeVolumeSet(181)) - Added Volume : /github/workspace/mnt/ozone/hadoop-ozone/integration-test/target/test-dir/MiniOzoneClusterImpl-1061ffec-64c5-41b9-927f-85dc442c5c47/datanode-0/data-0/containers/hdds to VolumeSet
2020-05-05 20:42:21,572 [main] INFO  volume.ThrottledAsyncChecker (ThrottledAsyncChecker.java:schedule(141)) - Scheduling a check for /github/workspace/mnt/ozone/hadoop-ozone/integration-test/target/test-dir/MiniOzoneClusterImpl-1061ffec-64c5-41b9-927f-85dc442c5c47/datanode-0/data-0/containers/hdds
2020-05-05 20:42:21,595 [main] INFO  volume.HddsVolumeChecker (HddsVolumeChecker.java:checkAllVolumes(200)) - Scheduled health check for volume /github/workspace/mnt/ozone/hadoop-ozone/integration-test/target/test-dir/MiniOzoneClusterImpl-1061ffec-64c5-41b9-927f-85dc442c5c47/datanode-0/data-0/containers/hdds
2020-05-05 20:42:21,757 [main] INFO  impl.RaftServerProxy (ConfUtils.java:logGet(44)) - raft.rpc.type = GRPC (default)
2020-05-05 20:42:21,902 [main] INFO  grpc.GrpcFactory (GrpcFactory.java:checkPooledByteBufAllocatorUseCacheForAllThreads(45)) - PERFORMANCE WARNING: useCacheForAllThreads is true that may cause Netty to create a lot garbage objects and, as a result, trigger GC.
	It is recommended to disable useCacheForAllThreads by setting -Dorg.apache.ratis.thirdparty.io.netty.allocator.useCacheForAllThreads=false in command line.
2020-05-05 20:42:21,908 [main] INFO  grpc.GrpcConfigKeys (ConfUtils.java:logGet(44)) - raft.grpc.server.port = 0 (default)
2020-05-05 20:42:21,910 [main] INFO  server.GrpcService (ConfUtils.java:logGet(44)) - raft.grpc.message.size.max = 32MB (=33554432) (custom)
2020-05-05 20:42:21,911 [main] INFO  server.RaftServerConfigKeys (ConfUtils.java:logGet(44)) - raft.server.log.appender.buffer.byte-limit = 33554432 (custom)
2020-05-05 20:42:21,913 [main] INFO  server.GrpcService (ConfUtils.java:logGet(44)) - raft.grpc.flow.control.window = 5MB (=5242880) (custom)
2020-05-05 20:42:21,913 [main] INFO  server.RaftServerConfigKeys (ConfUtils.java:logGet(44)) - raft.server.rpc.request.timeout = 3s (default)
2020-05-05 20:42:22,188 [main] INFO  server.RaftServerConfigKeys (ConfUtils.java:logGet(44)) - raft.server.storage.dir = [/github/workspace/mnt/ozone/hadoop-ozone/integration-test/target/test-dir/MiniOzoneClusterImpl-1061ffec-64c5-41b9-927f-85dc442c5c47/datanode-0/data/ratis] (custom)
2020-05-05 20:42:22,262 [main] INFO  http.BaseHttpServer (BaseHttpServer.java:newHttpServer2BuilderForOzone(192)) - Starting Web-server for hddsDatanode at: http://0.0.0.0:0
2020-05-05 20:42:22,265 [main] INFO  server.AuthenticationFilter (AuthenticationFilter.java:constructSecretProvider(240)) - Unable to initialize FileSignerSecretProvider, falling back to use random secrets.
2020-05-05 20:42:22,266 [main] WARN  http.HttpRequestLog (HttpRequestLog.java:getRequestLog(103)) - Jetty request log can only be enabled using Log4j
2020-05-05 20:42:22,267 [main] INFO  http.HttpServer2 (HttpServer2.java:addGlobalFilter(979)) - Added global filter 'safety' (class=org.apache.hadoop.hdds.server.http.HttpServer2$QuotingInputFilter)
2020-05-05 20:42:22,267 [main] INFO  http.HttpServer2 (HttpServer2.java:addFilter(955)) - Added filter static_user_filter (class=org.apache.hadoop.hdds.server.http.StaticUserWebFilter$StaticUserFilter) to context hddsDatanode
2020-05-05 20:42:22,267 [main] INFO  http.HttpServer2 (HttpServer2.java:addFilter(963)) - Added filter static_user_filter (class=org.apache.hadoop.hdds.server.http.StaticUserWebFilter$StaticUserFilter) to context logs
2020-05-05 20:42:22,267 [main] INFO  http.HttpServer2 (HttpServer2.java:addFilter(963)) - Added filter static_user_filter (class=org.apache.hadoop.hdds.server.http.StaticUserWebFilter$StaticUserFilter) to context static
2020-05-05 20:42:22,268 [main] INFO  http.HttpServer2 (HttpServer2.java:bindListener(1197)) - Jetty bound to port 37543
2020-05-05 20:42:22,268 [main] INFO  server.Server (Server.java:doStart(359)) - jetty-9.4.26.v20200117; built: 2020-01-17T12:35:33.676Z; git: 7b38981d25d14afb4a12ff1f2596756144edf695; jvm 1.8.0_232-b09
2020-05-05 20:42:22,279 [main] INFO  server.session (DefaultSessionIdManager.java:doStart(333)) - DefaultSessionIdManager workerName=node0
2020-05-05 20:42:22,279 [main] INFO  server.session (DefaultSessionIdManager.java:doStart(338)) - No SessionScavenger set, using defaults
2020-05-05 20:42:22,279 [main] INFO  server.session (HouseKeeper.java:startScavenging(140)) - node0 Scavenging every 600000ms
2020-05-05 20:42:22,280 [main] INFO  handler.ContextHandler (ContextHandler.java:doStart(825)) - Started o.e.j.s.ServletContextHandler@40a240f0{logs,/logs,file:///github/workspace/mnt/ozone/hadoop-ozone/integration-test/target/log,AVAILABLE}
2020-05-05 20:42:22,281 [main] INFO  handler.ContextHandler (ContextHandler.java:doStart(825)) - Started o.e.j.s.ServletContextHandler@2fe05456{static,/static,jar:file:/home/user/.m2/repository/org/apache/hadoop/hadoop-hdds-container-service/0.6.0-SNAPSHOT/hadoop-hdds-container-service-0.6.0-SNAPSHOT.jar!/webapps/static,AVAILABLE}
2020-05-05 20:42:22,349 [main] INFO  handler.ContextHandler (ContextHandler.java:doStart(825)) - Started o.e.j.w.WebAppContext@6f846ea1{hddsDatanode,/,file:///tmp/jetty-0_0_0_0-37543-hadoop-hdds-container-service-0_6_0-SNAPSHOT_jar-_-any-2359396094375427546.dir/webapp/,AVAILABLE}{jar:file:/home/user/.m2/repository/org/apache/hadoop/hadoop-hdds-container-service/0.6.0-SNAPSHOT/hadoop-hdds-container-service-0.6.0-SNAPSHOT.jar!/webapps/hddsDatanode}
2020-05-05 20:42:22,352 [main] INFO  server.AbstractConnector (AbstractConnector.java:doStart(330)) - Started ServerConnector@49da24e3{HTTP/1.1,[http/1.1]}{0.0.0.0:37543}
2020-05-05 20:42:22,352 [main] INFO  server.Server (Server.java:doStart(399)) - Started @6443ms
2020-05-05 20:42:22,353 [main] WARN  impl.MetricsSystemImpl (MetricsSystemImpl.java:register(276)) - Sink prometheus already exists!
2020-05-05 20:42:22,356 [main] INFO  http.BaseHttpServer (BaseHttpServer.java:updateConnectorAddress(306)) - HTTP server of hddsDatanode listening at http://0.0.0.0:37543
2020-05-05 20:42:22,358 [main] INFO  impl.MetricsSystemImpl (MetricsSystemImpl.java:init(158)) - HddsDatanode metrics system started (again)
2020-05-05 20:42:22,360 [main] INFO  ozone.HddsDatanodeService (HddsDatanodeService.java:start(204)) - HddsDatanodeService host:6e5df9598914 ip:172.17.0.2
2020-05-05 20:42:22,363 [main] INFO  volume.HddsVolume (HddsVolume.java:<init>(176)) - Creating Volume: /github/workspace/mnt/ozone/hadoop-ozone/integration-test/target/test-dir/MiniOzoneClusterImpl-1061ffec-64c5-41b9-927f-85dc442c5c47/datanode-1/data-0/containers/hdds of storage type : DISK and capacity : 9223372036854775807
2020-05-05 20:42:22,363 [main] INFO  volume.MutableVolumeSet (MutableVolumeSet.java:initializeVolumeSet(181)) - Added Volume : /github/workspace/mnt/ozone/hadoop-ozone/integration-test/target/test-dir/MiniOzoneClusterImpl-1061ffec-64c5-41b9-927f-85dc442c5c47/datanode-1/data-0/containers/hdds to VolumeSet
2020-05-05 20:42:22,363 [main] INFO  volume.ThrottledAsyncChecker (ThrottledAsyncChecker.java:schedule(141)) - Scheduling a check for /github/workspace/mnt/ozone/hadoop-ozone/integration-test/target/test-dir/MiniOzoneClusterImpl-1061ffec-64c5-41b9-927f-85dc442c5c47/datanode-1/data-0/containers/hdds
2020-05-05 20:42:22,367 [main] INFO  volume.HddsVolumeChecker (HddsVolumeChecker.java:checkAllVolumes(200)) - Scheduled health check for volume /github/workspace/mnt/ozone/hadoop-ozone/integration-test/target/test-dir/MiniOzoneClusterImpl-1061ffec-64c5-41b9-927f-85dc442c5c47/datanode-1/data-0/containers/hdds
2020-05-05 20:42:22,386 [org.apache.hadoop.util.JvmPauseMonitor$Monitor@396b5903] INFO  util.JvmPauseMonitor (JvmPauseMonitor.java:run(188)) - Starting JVM pause monitor
2020-05-05 20:42:22,438 [main] INFO  impl.RaftServerProxy (ConfUtils.java:logGet(44)) - raft.rpc.type = GRPC (default)
2020-05-05 20:42:22,439 [main] INFO  grpc.GrpcFactory (GrpcFactory.java:checkPooledByteBufAllocatorUseCacheForAllThreads(45)) - PERFORMANCE WARNING: useCacheForAllThreads is true that may cause Netty to create a lot garbage objects and, as a result, trigger GC.
	It is recommended to disable useCacheForAllThreads by setting -Dorg.apache.ratis.thirdparty.io.netty.allocator.useCacheForAllThreads=false in command line.
2020-05-05 20:42:22,439 [main] INFO  grpc.GrpcConfigKeys (ConfUtils.java:logGet(44)) - raft.grpc.server.port = 0 (default)
2020-05-05 20:42:22,440 [main] INFO  server.GrpcService (ConfUtils.java:logGet(44)) - raft.grpc.message.size.max = 32MB (=33554432) (custom)
2020-05-05 20:42:22,440 [main] INFO  server.RaftServerConfigKeys (ConfUtils.java:logGet(44)) - raft.server.log.appender.buffer.byte-limit = 33554432 (custom)
2020-05-05 20:42:22,440 [main] INFO  server.GrpcService (ConfUtils.java:logGet(44)) - raft.grpc.flow.control.window = 5MB (=5242880) (custom)
2020-05-05 20:42:22,440 [main] INFO  server.RaftServerConfigKeys (ConfUtils.java:logGet(44)) - raft.server.rpc.request.timeout = 3s (default)
2020-05-05 20:42:22,441 [main] INFO  server.RaftServerConfigKeys (ConfUtils.java:logGet(44)) - raft.server.storage.dir = [/github/workspace/mnt/ozone/hadoop-ozone/integration-test/target/test-dir/MiniOzoneClusterImpl-1061ffec-64c5-41b9-927f-85dc442c5c47/datanode-1/data/ratis] (custom)
2020-05-05 20:42:22,448 [main] INFO  http.BaseHttpServer (BaseHttpServer.java:newHttpServer2BuilderForOzone(192)) - Starting Web-server for hddsDatanode at: http://0.0.0.0:0
2020-05-05 20:42:22,450 [main] INFO  server.AuthenticationFilter (AuthenticationFilter.java:constructSecretProvider(240)) - Unable to initialize FileSignerSecretProvider, falling back to use random secrets.
2020-05-05 20:42:22,455 [main] WARN  http.HttpRequestLog (HttpRequestLog.java:getRequestLog(103)) - Jetty request log can only be enabled using Log4j
2020-05-05 20:42:22,457 [main] INFO  http.HttpServer2 (HttpServer2.java:addGlobalFilter(979)) - Added global filter 'safety' (class=org.apache.hadoop.hdds.server.http.HttpServer2$QuotingInputFilter)
2020-05-05 20:42:22,457 [main] INFO  http.HttpServer2 (HttpServer2.java:addFilter(955)) - Added filter static_user_filter (class=org.apache.hadoop.hdds.server.http.StaticUserWebFilter$StaticUserFilter) to context hddsDatanode
2020-05-05 20:42:22,457 [main] INFO  http.HttpServer2 (HttpServer2.java:addFilter(963)) - Added filter static_user_filter (class=org.apache.hadoop.hdds.server.http.StaticUserWebFilter$StaticUserFilter) to context static
2020-05-05 20:42:22,457 [main] INFO  http.HttpServer2 (HttpServer2.java:addFilter(963)) - Added filter static_user_filter (class=org.apache.hadoop.hdds.server.http.StaticUserWebFilter$StaticUserFilter) to context logs
2020-05-05 20:42:22,458 [main] INFO  http.HttpServer2 (HttpServer2.java:bindListener(1197)) - Jetty bound to port 45209
2020-05-05 20:42:22,458 [main] INFO  server.Server (Server.java:doStart(359)) - jetty-9.4.26.v20200117; built: 2020-01-17T12:35:33.676Z; git: 7b38981d25d14afb4a12ff1f2596756144edf695; jvm 1.8.0_232-b09
2020-05-05 20:42:22,510 [main] INFO  server.session (DefaultSessionIdManager.java:doStart(333)) - DefaultSessionIdManager workerName=node0
2020-05-05 20:42:22,510 [main] INFO  server.session (DefaultSessionIdManager.java:doStart(338)) - No SessionScavenger set, using defaults
2020-05-05 20:42:22,510 [main] INFO  server.session (HouseKeeper.java:startScavenging(140)) - node0 Scavenging every 660000ms
2020-05-05 20:42:22,515 [main] INFO  handler.ContextHandler (ContextHandler.java:doStart(825)) - Started o.e.j.s.ServletContextHandler@7a4c92f9{logs,/logs,file:///github/workspace/mnt/ozone/hadoop-ozone/integration-test/target/log,AVAILABLE}
2020-05-05 20:42:22,515 [main] INFO  handler.ContextHandler (ContextHandler.java:doStart(825)) - Started o.e.j.s.ServletContextHandler@6dfffacc{static,/static,jar:file:/home/user/.m2/repository/org/apache/hadoop/hadoop-hdds-container-service/0.6.0-SNAPSHOT/hadoop-hdds-container-service-0.6.0-SNAPSHOT.jar!/webapps/static,AVAILABLE}
2020-05-05 20:42:22,559 [Datanode State Machine Thread - 0] INFO  datanode.InitDatanodeState (InitDatanodeState.java:persistContainerDatanodeDetails(145)) - DatanodeDetails is persisted to /github/workspace/mnt/ozone/hadoop-ozone/integration-test/target/test-dir/MiniOzoneClusterImpl-1061ffec-64c5-41b9-927f-85dc442c5c47/datanode-0/meta/datanode.id
2020-05-05 20:42:22,562 [main] INFO  handler.ContextHandler (ContextHandler.java:doStart(825)) - Started o.e.j.w.WebAppContext@21fceeeb{hddsDatanode,/,file:///tmp/jetty-0_0_0_0-45209-hadoop-hdds-container-service-0_6_0-SNAPSHOT_jar-_-any-7578514973943619530.dir/webapp/,AVAILABLE}{jar:file:/home/user/.m2/repository/org/apache/hadoop/hadoop-hdds-container-service/0.6.0-SNAPSHOT/hadoop-hdds-container-service-0.6.0-SNAPSHOT.jar!/webapps/hddsDatanode}
2020-05-05 20:42:22,563 [main] INFO  server.AbstractConnector (AbstractConnector.java:doStart(330)) - Started ServerConnector@2d3b00be{HTTP/1.1,[http/1.1]}{0.0.0.0:45209}
2020-05-05 20:42:22,564 [main] INFO  server.Server (Server.java:doStart(399)) - Started @6655ms
2020-05-05 20:42:22,564 [main] WARN  impl.MetricsSystemImpl (MetricsSystemImpl.java:register(276)) - Sink prometheus already exists!
2020-05-05 20:42:22,567 [main] INFO  http.BaseHttpServer (BaseHttpServer.java:updateConnectorAddress(306)) - HTTP server of hddsDatanode listening at http://0.0.0.0:45209
2020-05-05 20:42:22,574 [main] INFO  impl.MetricsSystemImpl (MetricsSystemImpl.java:init(158)) - HddsDatanode metrics system started (again)
2020-05-05 20:42:22,576 [main] INFO  ozone.HddsDatanodeService (HddsDatanodeService.java:start(204)) - HddsDatanodeService host:6e5df9598914 ip:172.17.0.2
2020-05-05 20:42:22,583 [main] INFO  volume.HddsVolume (HddsVolume.java:<init>(176)) - Creating Volume: /github/workspace/mnt/ozone/hadoop-ozone/integration-test/target/test-dir/MiniOzoneClusterImpl-1061ffec-64c5-41b9-927f-85dc442c5c47/datanode-2/data-0/containers/hdds of storage type : DISK and capacity : 9223372036854775807
2020-05-05 20:42:22,584 [main] INFO  volume.MutableVolumeSet (MutableVolumeSet.java:initializeVolumeSet(181)) - Added Volume : /github/workspace/mnt/ozone/hadoop-ozone/integration-test/target/test-dir/MiniOzoneClusterImpl-1061ffec-64c5-41b9-927f-85dc442c5c47/datanode-2/data-0/containers/hdds to VolumeSet
2020-05-05 20:42:22,584 [main] INFO  volume.ThrottledAsyncChecker (ThrottledAsyncChecker.java:schedule(141)) - Scheduling a check for /github/workspace/mnt/ozone/hadoop-ozone/integration-test/target/test-dir/MiniOzoneClusterImpl-1061ffec-64c5-41b9-927f-85dc442c5c47/datanode-2/data-0/containers/hdds
2020-05-05 20:42:22,594 [org.apache.hadoop.util.JvmPauseMonitor$Monitor@3ce525a0] INFO  util.JvmPauseMonitor (JvmPauseMonitor.java:run(188)) - Starting JVM pause monitor
2020-05-05 20:42:22,594 [main] INFO  volume.HddsVolumeChecker (HddsVolumeChecker.java:checkAllVolumes(200)) - Scheduled health check for volume /github/workspace/mnt/ozone/hadoop-ozone/integration-test/target/test-dir/MiniOzoneClusterImpl-1061ffec-64c5-41b9-927f-85dc442c5c47/datanode-2/data-0/containers/hdds
2020-05-05 20:42:22,614 [Datanode State Machine Thread - 0] INFO  datanode.InitDatanodeState (InitDatanodeState.java:persistContainerDatanodeDetails(145)) - DatanodeDetails is persisted to /github/workspace/mnt/ozone/hadoop-ozone/integration-test/target/test-dir/MiniOzoneClusterImpl-1061ffec-64c5-41b9-927f-85dc442c5c47/datanode-1/meta/datanode.id
2020-05-05 20:42:22,635 [main] INFO  impl.RaftServerProxy (ConfUtils.java:logGet(44)) - raft.rpc.type = GRPC (default)
2020-05-05 20:42:22,637 [main] INFO  grpc.GrpcFactory (GrpcFactory.java:checkPooledByteBufAllocatorUseCacheForAllThreads(45)) - PERFORMANCE WARNING: useCacheForAllThreads is true that may cause Netty to create a lot garbage objects and, as a result, trigger GC.
	It is recommended to disable useCacheForAllThreads by setting -Dorg.apache.ratis.thirdparty.io.netty.allocator.useCacheForAllThreads=false in command line.
2020-05-05 20:42:22,637 [main] INFO  grpc.GrpcConfigKeys (ConfUtils.java:logGet(44)) - raft.grpc.server.port = 0 (default)
2020-05-05 20:42:22,638 [main] INFO  server.GrpcService (ConfUtils.java:logGet(44)) - raft.grpc.message.size.max = 32MB (=33554432) (custom)
2020-05-05 20:42:22,639 [main] INFO  server.RaftServerConfigKeys (ConfUtils.java:logGet(44)) - raft.server.log.appender.buffer.byte-limit = 33554432 (custom)
2020-05-05 20:42:22,639 [main] INFO  server.GrpcService (ConfUtils.java:logGet(44)) - raft.grpc.flow.control.window = 5MB (=5242880) (custom)
2020-05-05 20:42:22,639 [main] INFO  server.RaftServerConfigKeys (ConfUtils.java:logGet(44)) - raft.server.rpc.request.timeout = 3s (default)
2020-05-05 20:42:22,640 [main] INFO  server.RaftServerConfigKeys (ConfUtils.java:logGet(44)) - raft.server.storage.dir = [/github/workspace/mnt/ozone/hadoop-ozone/integration-test/target/test-dir/MiniOzoneClusterImpl-1061ffec-64c5-41b9-927f-85dc442c5c47/datanode-2/data/ratis] (custom)
2020-05-05 20:42:22,646 [main] INFO  http.BaseHttpServer (BaseHttpServer.java:newHttpServer2BuilderForOzone(192)) - Starting Web-server for hddsDatanode at: http://0.0.0.0:0
2020-05-05 20:42:22,649 [main] INFO  server.AuthenticationFilter (AuthenticationFilter.java:constructSecretProvider(240)) - Unable to initialize FileSignerSecretProvider, falling back to use random secrets.
2020-05-05 20:42:22,649 [main] WARN  http.HttpRequestLog (HttpRequestLog.java:getRequestLog(103)) - Jetty request log can only be enabled using Log4j
2020-05-05 20:42:22,650 [main] INFO  http.HttpServer2 (HttpServer2.java:addGlobalFilter(979)) - Added global filter 'safety' (class=org.apache.hadoop.hdds.server.http.HttpServer2$QuotingInputFilter)
2020-05-05 20:42:22,650 [main] INFO  http.HttpServer2 (HttpServer2.java:addFilter(955)) - Added filter static_user_filter (class=org.apache.hadoop.hdds.server.http.StaticUserWebFilter$StaticUserFilter) to context hddsDatanode
2020-05-05 20:42:22,651 [main] INFO  http.HttpServer2 (HttpServer2.java:addFilter(963)) - Added filter static_user_filter (class=org.apache.hadoop.hdds.server.http.StaticUserWebFilter$StaticUserFilter) to context logs
2020-05-05 20:42:22,651 [main] INFO  http.HttpServer2 (HttpServer2.java:addFilter(963)) - Added filter static_user_filter (class=org.apache.hadoop.hdds.server.http.StaticUserWebFilter$StaticUserFilter) to context static
2020-05-05 20:42:22,651 [main] INFO  http.HttpServer2 (HttpServer2.java:bindListener(1197)) - Jetty bound to port 46017
2020-05-05 20:42:22,652 [main] INFO  server.Server (Server.java:doStart(359)) - jetty-9.4.26.v20200117; built: 2020-01-17T12:35:33.676Z; git: 7b38981d25d14afb4a12ff1f2596756144edf695; jvm 1.8.0_232-b09
2020-05-05 20:42:22,654 [main] INFO  server.session (DefaultSessionIdManager.java:doStart(333)) - DefaultSessionIdManager workerName=node0
2020-05-05 20:42:22,654 [main] INFO  server.session (DefaultSessionIdManager.java:doStart(338)) - No SessionScavenger set, using defaults
2020-05-05 20:42:22,655 [main] INFO  server.session (HouseKeeper.java:startScavenging(140)) - node0 Scavenging every 660000ms
2020-05-05 20:42:22,656 [main] INFO  handler.ContextHandler (ContextHandler.java:doStart(825)) - Started o.e.j.s.ServletContextHandler@3f36a813{logs,/logs,file:///github/workspace/mnt/ozone/hadoop-ozone/integration-test/target/log,AVAILABLE}
2020-05-05 20:42:22,657 [main] INFO  handler.ContextHandler (ContextHandler.java:doStart(825)) - Started o.e.j.s.ServletContextHandler@99daa14{static,/static,jar:file:/home/user/.m2/repository/org/apache/hadoop/hadoop-hdds-container-service/0.6.0-SNAPSHOT/hadoop-hdds-container-service-0.6.0-SNAPSHOT.jar!/webapps/static,AVAILABLE}
2020-05-05 20:42:22,687 [main] INFO  handler.ContextHandler (ContextHandler.java:doStart(825)) - Started o.e.j.w.WebAppContext@2f3e4bd5{hddsDatanode,/,file:///tmp/jetty-0_0_0_0-46017-hadoop-hdds-container-service-0_6_0-SNAPSHOT_jar-_-any-3211657667920445765.dir/webapp/,AVAILABLE}{jar:file:/home/user/.m2/repository/org/apache/hadoop/hadoop-hdds-container-service/0.6.0-SNAPSHOT/hadoop-hdds-container-service-0.6.0-SNAPSHOT.jar!/webapps/hddsDatanode}
2020-05-05 20:42:22,689 [main] INFO  server.AbstractConnector (AbstractConnector.java:doStart(330)) - Started ServerConnector@27f49b8c{HTTP/1.1,[http/1.1]}{0.0.0.0:46017}
2020-05-05 20:42:22,689 [main] INFO  server.Server (Server.java:doStart(399)) - Started @6781ms
2020-05-05 20:42:22,689 [main] WARN  impl.MetricsSystemImpl (MetricsSystemImpl.java:register(276)) - Sink prometheus already exists!
2020-05-05 20:42:22,692 [main] INFO  http.BaseHttpServer (BaseHttpServer.java:updateConnectorAddress(306)) - HTTP server of hddsDatanode listening at http://0.0.0.0:46017
2020-05-05 20:42:22,693 [main] INFO  ozone.MiniOzoneClusterImpl (MiniOzoneClusterImpl.java:lambda$waitForClusterToBeReady$0(177)) - Waiting for nodes to be ready. Got 0 of 3 DN Heartbeats.
2020-05-05 20:42:22,694 [main] INFO  ozone.MiniOzoneClusterImpl (MiniOzoneClusterImpl.java:lambda$waitForClusterToBeReady$0(180)) - Waiting for cluster to exit safe mode
2020-05-05 20:42:22,697 [org.apache.hadoop.util.JvmPauseMonitor$Monitor@392d4830] INFO  util.JvmPauseMonitor (JvmPauseMonitor.java:run(188)) - Starting JVM pause monitor
2020-05-05 20:42:22,699 [Datanode State Machine Thread - 0] INFO  datanode.InitDatanodeState (InitDatanodeState.java:persistContainerDatanodeDetails(145)) - DatanodeDetails is persisted to /github/workspace/mnt/ozone/hadoop-ozone/integration-test/target/test-dir/MiniOzoneClusterImpl-1061ffec-64c5-41b9-927f-85dc442c5c47/datanode-2/meta/datanode.id
2020-05-05 20:42:23,694 [main] INFO  ozone.MiniOzoneClusterImpl (MiniOzoneClusterImpl.java:lambda$waitForClusterToBeReady$0(177)) - Waiting for nodes to be ready. Got 0 of 3 DN Heartbeats.
2020-05-05 20:42:23,694 [main] INFO  ozone.MiniOzoneClusterImpl (MiniOzoneClusterImpl.java:lambda$waitForClusterToBeReady$0(180)) - Waiting for cluster to exit safe mode
2020-05-05 20:42:24,467 [Datanode State Machine Thread - 0] INFO  ozoneimpl.OzoneContainer (OzoneContainer.java:start(232)) - Attempting to start container services.
2020-05-05 20:42:24,468 [Datanode State Machine Thread - 0] INFO  ozoneimpl.OzoneContainer (OzoneContainer.java:startContainerScrub(196)) - Background container scanner has been disabled.
2020-05-05 20:42:24,468 [Datanode State Machine Thread - 0] INFO  ratis.XceiverServerRatis (XceiverServerRatis.java:start(425)) - Starting XceiverServerRatis a3dc0fab-fd77-483e-a1be-ad4f60ecb6c9 at port 0
2020-05-05 20:42:24,483 [Datanode State Machine Thread - 0] INFO  impl.RaftServerProxy (RaftServerProxy.java:lambda$start$3(299)) - a3dc0fab-fd77-483e-a1be-ad4f60ecb6c9: start RPC server
2020-05-05 20:42:24,567 [Datanode State Machine Thread - 0] INFO  server.GrpcService (GrpcService.java:startImpl(159)) - a3dc0fab-fd77-483e-a1be-ad4f60ecb6c9: GrpcService started, listening on 0.0.0.0/0.0.0.0:36973
2020-05-05 20:42:24,568 [Datanode State Machine Thread - 0] INFO  ratis.XceiverServerRatis (XceiverServerRatis.java:start(437)) - XceiverServerRatis a3dc0fab-fd77-483e-a1be-ad4f60ecb6c9 is started using port 36973
2020-05-05 20:42:24,571 [Datanode State Machine Thread - 0] INFO  server.XceiverServerGrpc (XceiverServerGrpc.java:start(145)) - XceiverServerGrpc a3dc0fab-fd77-483e-a1be-ad4f60ecb6c9 is started using port 42505
2020-05-05 20:42:24,598 [Datanode State Machine Thread - 0] INFO  ozoneimpl.OzoneContainer (OzoneContainer.java:start(232)) - Attempting to start container services.
2020-05-05 20:42:24,600 [Datanode State Machine Thread - 0] INFO  ozoneimpl.OzoneContainer (OzoneContainer.java:startContainerScrub(196)) - Background container scanner has been disabled.
2020-05-05 20:42:24,601 [Datanode State Machine Thread - 0] INFO  ratis.XceiverServerRatis (XceiverServerRatis.java:start(425)) - Starting XceiverServerRatis 1b07fd28-1625-44f3-a3e1-fac0cfa23bee at port 0
2020-05-05 20:42:24,602 [Datanode State Machine Thread - 0] INFO  impl.RaftServerProxy (RaftServerProxy.java:lambda$start$3(299)) - 1b07fd28-1625-44f3-a3e1-fac0cfa23bee: start RPC server
2020-05-05 20:42:24,605 [Datanode State Machine Thread - 0] INFO  server.GrpcService (GrpcService.java:startImpl(159)) - 1b07fd28-1625-44f3-a3e1-fac0cfa23bee: GrpcService started, listening on 0.0.0.0/0.0.0.0:33503
2020-05-05 20:42:24,605 [Datanode State Machine Thread - 0] INFO  ratis.XceiverServerRatis (XceiverServerRatis.java:start(437)) - XceiverServerRatis 1b07fd28-1625-44f3-a3e1-fac0cfa23bee is started using port 33503
2020-05-05 20:42:24,608 [Datanode State Machine Thread - 0] INFO  server.XceiverServerGrpc (XceiverServerGrpc.java:start(145)) - XceiverServerGrpc 1b07fd28-1625-44f3-a3e1-fac0cfa23bee is started using port 39705
2020-05-05 20:42:24,695 [main] INFO  ozone.MiniOzoneClusterImpl (MiniOzoneClusterImpl.java:lambda$waitForClusterToBeReady$0(177)) - Waiting for nodes to be ready. Got 0 of 3 DN Heartbeats.
2020-05-05 20:42:24,695 [main] INFO  ozone.MiniOzoneClusterImpl (MiniOzoneClusterImpl.java:lambda$waitForClusterToBeReady$0(180)) - Waiting for cluster to exit safe mode
2020-05-05 20:42:24,701 [Datanode State Machine Thread - 0] INFO  ozoneimpl.OzoneContainer (OzoneContainer.java:start(232)) - Attempting to start container services.
2020-05-05 20:42:24,702 [Datanode State Machine Thread - 0] INFO  ozoneimpl.OzoneContainer (OzoneContainer.java:startContainerScrub(196)) - Background container scanner has been disabled.
2020-05-05 20:42:24,702 [Datanode State Machine Thread - 0] INFO  ratis.XceiverServerRatis (XceiverServerRatis.java:start(425)) - Starting XceiverServerRatis 9165a4e1-13c4-461b-9202-0041ff0b8c94 at port 0
2020-05-05 20:42:24,704 [Datanode State Machine Thread - 0] INFO  impl.RaftServerProxy (RaftServerProxy.java:lambda$start$3(299)) - 9165a4e1-13c4-461b-9202-0041ff0b8c94: start RPC server
2020-05-05 20:42:24,710 [Datanode State Machine Thread - 0] INFO  server.GrpcService (GrpcService.java:startImpl(159)) - 9165a4e1-13c4-461b-9202-0041ff0b8c94: GrpcService started, listening on 0.0.0.0/0.0.0.0:43429
2020-05-05 20:42:24,710 [Datanode State Machine Thread - 0] INFO  ratis.XceiverServerRatis (XceiverServerRatis.java:start(437)) - XceiverServerRatis 9165a4e1-13c4-461b-9202-0041ff0b8c94 is started using port 43429
2020-05-05 20:42:24,711 [Datanode State Machine Thread - 0] INFO  server.XceiverServerGrpc (XceiverServerGrpc.java:start(145)) - XceiverServerGrpc 9165a4e1-13c4-461b-9202-0041ff0b8c94 is started using port 44713
2020-05-05 20:42:25,695 [main] INFO  ozone.MiniOzoneClusterImpl (MiniOzoneClusterImpl.java:lambda$waitForClusterToBeReady$0(177)) - Waiting for nodes to be ready. Got 0 of 3 DN Heartbeats.
2020-05-05 20:42:25,696 [main] INFO  ozone.MiniOzoneClusterImpl (MiniOzoneClusterImpl.java:lambda$waitForClusterToBeReady$0(180)) - Waiting for cluster to exit safe mode
2020-05-05 20:42:26,419 [IPC Server handler 0 on 45083] INFO  net.NetworkTopology (NetworkTopologyImpl.java:add(111)) - Added a new node: /default-rack/a3dc0fab-fd77-483e-a1be-ad4f60ecb6c9
2020-05-05 20:42:26,419 [IPC Server handler 0 on 45083] INFO  node.SCMNodeManager (SCMNodeManager.java:register(268)) - Registered Data node : a3dc0fab-fd77-483e-a1be-ad4f60ecb6c9{ip: 172.17.0.2, host: 6e5df9598914, networkLocation: /default-rack, certSerialId: null}
2020-05-05 20:42:26,425 [EventQueue-NodeRegistrationContainerReportForDataNodeSafeModeRule] INFO  safemode.SCMSafeModeManager (DataNodeSafeModeRule.java:process(71)) - SCM in safe mode. 1 DataNodes registered, 1 required.
2020-05-05 20:42:26,425 [EventQueue-NodeRegistrationContainerReportForDataNodeSafeModeRule] INFO  safemode.SCMSafeModeManager (SCMSafeModeManager.java:validateSafeModeExitRules(213)) - DataNodeSafeModeRule rule is successfully validated
2020-05-05 20:42:26,425 [EventQueue-NodeRegistrationContainerReportForDataNodeSafeModeRule] INFO  safemode.SCMSafeModeManager (SCMSafeModeManager.java:completePreCheck(241)) - All SCM safe mode pre check rules have passed
2020-05-05 20:42:26,435 [EventQueue-NodeRegistrationContainerReportForContainerSafeModeRule] INFO  safemode.SCMSafeModeManager (SCMSafeModeManager.java:validateSafeModeExitRules(213)) - ContainerSafeModeRule rule is successfully validated
2020-05-05 20:42:26,439 [RatisPipelineUtilsThread] INFO  pipeline.RatisPipelineProvider (RatisPipelineProvider.java:lambda$create$0(138)) - Sending CreatePipelineCommand for pipeline:PipelineID=a7dad1c8-10a4-485d-81f7-d8b64021685c to datanode:a3dc0fab-fd77-483e-a1be-ad4f60ecb6c9
2020-05-05 20:42:26,453 [RatisPipelineUtilsThread] INFO  pipeline.PipelineStateManager (PipelineStateManager.java:addPipeline(54)) - Created pipeline Pipeline[ Id: a7dad1c8-10a4-485d-81f7-d8b64021685c, Nodes: a3dc0fab-fd77-483e-a1be-ad4f60ecb6c9{ip: 172.17.0.2, host: 6e5df9598914, networkLocation: /default-rack, certSerialId: null}, Type:RATIS, Factor:ONE, State:ALLOCATED, leaderId:null, CreationTimestamp2020-05-05T20:42:26.431Z]
2020-05-05 20:42:26,455 [RatisPipelineUtilsThread] ERROR pipeline.SCMPipelineManager (SCMPipelineManager.java:createPipeline(222)) - Failed to create pipeline of type RATIS and factor ONE. Exception: Cannot create pipeline of factor 1 using 0 nodes. Used 1 nodes. Healthy nodes 1
2020-05-05 20:42:26,456 [RatisPipelineUtilsThread] WARN  pipeline.PipelinePlacementPolicy (PipelinePlacementPolicy.java:filterViableNodes(132)) - Pipeline creation failed due to no sufficient healthy datanodes. Required 3. Found 1.
2020-05-05 20:42:26,456 [RatisPipelineUtilsThread] ERROR pipeline.SCMPipelineManager (SCMPipelineManager.java:createPipeline(222)) - Failed to create pipeline of type RATIS and factor THREE. Exception: Pipeline creation failed due to no sufficient healthy datanodes. Required 3. Found 1.
2020-05-05 20:42:26,597 [IPC Server handler 1 on 45083] INFO  net.NetworkTopology (NetworkTopologyImpl.java:add(111)) - Added a new node: /default-rack/1b07fd28-1625-44f3-a3e1-fac0cfa23bee
2020-05-05 20:42:26,597 [IPC Server handler 1 on 45083] INFO  node.SCMNodeManager (SCMNodeManager.java:register(268)) - Registered Data node : 1b07fd28-1625-44f3-a3e1-fac0cfa23bee{ip: 172.17.0.2, host: 6e5df9598914, networkLocation: /default-rack, certSerialId: null}
2020-05-05 20:42:26,598 [EventQueue-NodeRegistrationContainerReportForDataNodeSafeModeRule] INFO  safemode.SCMSafeModeManager (SCMSafeModeManager.java:validateSafeModeExitRules(213)) - DataNodeSafeModeRule rule is successfully validated
2020-05-05 20:42:26,598 [EventQueue-NodeRegistrationContainerReportForContainerSafeModeRule] INFO  safemode.SCMSafeModeManager (SCMSafeModeManager.java:validateSafeModeExitRules(213)) - ContainerSafeModeRule rule is successfully validated
2020-05-05 20:42:26,601 [RatisPipelineUtilsThread] INFO  pipeline.RatisPipelineProvider (RatisPipelineProvider.java:lambda$create$0(138)) - Sending CreatePipelineCommand for pipeline:PipelineID=7b94d405-716a-4b18-ad68-7458d3d5c3b2 to datanode:1b07fd28-1625-44f3-a3e1-fac0cfa23bee
2020-05-05 20:42:26,602 [RatisPipelineUtilsThread] INFO  pipeline.PipelineStateManager (PipelineStateManager.java:addPipeline(54)) - Created pipeline Pipeline[ Id: 7b94d405-716a-4b18-ad68-7458d3d5c3b2, Nodes: 1b07fd28-1625-44f3-a3e1-fac0cfa23bee{ip: 172.17.0.2, host: 6e5df9598914, networkLocation: /default-rack, certSerialId: null}, Type:RATIS, Factor:ONE, State:ALLOCATED, leaderId:null, CreationTimestamp2020-05-05T20:42:26.601Z]
2020-05-05 20:42:26,602 [RatisPipelineUtilsThread] ERROR pipeline.SCMPipelineManager (SCMPipelineManager.java:createPipeline(222)) - Failed to create pipeline of type RATIS and factor ONE. Exception: Cannot create pipeline of factor 1 using 0 nodes. Used 2 nodes. Healthy nodes 2
2020-05-05 20:42:26,602 [RatisPipelineUtilsThread] WARN  pipeline.PipelinePlacementPolicy (PipelinePlacementPolicy.java:filterViableNodes(132)) - Pipeline creation failed due to no sufficient healthy datanodes. Required 3. Found 2.
2020-05-05 20:42:26,603 [RatisPipelineUtilsThread] ERROR pipeline.SCMPipelineManager (SCMPipelineManager.java:createPipeline(222)) - Failed to create pipeline of type RATIS and factor THREE. Exception: Pipeline creation failed due to no sufficient healthy datanodes. Required 3. Found 2.
2020-05-05 20:42:26,696 [main] INFO  ozone.MiniOzoneClusterImpl (MiniOzoneClusterImpl.java:lambda$waitForClusterToBeReady$0(177)) - Waiting for nodes to be ready. Got 2 of 3 DN Heartbeats.
2020-05-05 20:42:26,697 [main] INFO  ozone.MiniOzoneClusterImpl (MiniOzoneClusterImpl.java:lambda$waitForClusterToBeReady$0(180)) - Waiting for cluster to exit safe mode
2020-05-05 20:42:26,700 [IPC Server handler 2 on 45083] INFO  net.NetworkTopology (NetworkTopologyImpl.java:add(111)) - Added a new node: /default-rack/9165a4e1-13c4-461b-9202-0041ff0b8c94
2020-05-05 20:42:26,700 [IPC Server handler 2 on 45083] INFO  node.SCMNodeManager (SCMNodeManager.java:register(268)) - Registered Data node : 9165a4e1-13c4-461b-9202-0041ff0b8c94{ip: 172.17.0.2, host: 6e5df9598914, networkLocation: /default-rack, certSerialId: null}
2020-05-05 20:42:26,701 [EventQueue-NodeRegistrationContainerReportForDataNodeSafeModeRule] INFO  safemode.SCMSafeModeManager (SCMSafeModeManager.java:validateSafeModeExitRules(213)) - DataNodeSafeModeRule rule is successfully validated
2020-05-05 20:42:26,701 [EventQueue-NodeRegistrationContainerReportForContainerSafeModeRule] INFO  safemode.SCMSafeModeManager (SCMSafeModeManager.java:validateSafeModeExitRules(213)) - ContainerSafeModeRule rule is successfully validated
2020-05-05 20:42:26,701 [RatisPipelineUtilsThread] INFO  pipeline.RatisPipelineProvider (RatisPipelineProvider.java:lambda$create$0(138)) - Sending CreatePipelineCommand for pipeline:PipelineID=f47f570a-f7b9-43a1-bbb2-ccd4fcd405f2 to datanode:9165a4e1-13c4-461b-9202-0041ff0b8c94
2020-05-05 20:42:26,702 [RatisPipelineUtilsThread] INFO  pipeline.PipelineStateManager (PipelineStateManager.java:addPipeline(54)) - Created pipeline Pipeline[ Id: f47f570a-f7b9-43a1-bbb2-ccd4fcd405f2, Nodes: 9165a4e1-13c4-461b-9202-0041ff0b8c94{ip: 172.17.0.2, host: 6e5df9598914, networkLocation: /default-rack, certSerialId: null}, Type:RATIS, Factor:ONE, State:ALLOCATED, leaderId:null, CreationTimestamp2020-05-05T20:42:26.700Z]
2020-05-05 20:42:26,702 [RatisPipelineUtilsThread] ERROR pipeline.SCMPipelineManager (SCMPipelineManager.java:createPipeline(222)) - Failed to create pipeline of type RATIS and factor ONE. Exception: Cannot create pipeline of factor 1 using 0 nodes. Used 3 nodes. Healthy nodes 3
2020-05-05 20:42:26,706 [RatisPipelineUtilsThread] INFO  pipeline.RatisPipelineProvider (RatisPipelineProvider.java:lambda$create$0(138)) - Sending CreatePipelineCommand for pipeline:PipelineID=e7e090d7-51bd-4bdd-a412-34a980212478 to datanode:1b07fd28-1625-44f3-a3e1-fac0cfa23bee
2020-05-05 20:42:26,706 [RatisPipelineUtilsThread] INFO  pipeline.RatisPipelineProvider (RatisPipelineProvider.java:lambda$create$0(138)) - Sending CreatePipelineCommand for pipeline:PipelineID=e7e090d7-51bd-4bdd-a412-34a980212478 to datanode:9165a4e1-13c4-461b-9202-0041ff0b8c94
2020-05-05 20:42:26,707 [RatisPipelineUtilsThread] INFO  pipeline.RatisPipelineProvider (RatisPipelineProvider.java:lambda$create$0(138)) - Sending CreatePipelineCommand for pipeline:PipelineID=e7e090d7-51bd-4bdd-a412-34a980212478 to datanode:a3dc0fab-fd77-483e-a1be-ad4f60ecb6c9
2020-05-05 20:42:26,708 [RatisPipelineUtilsThread] INFO  pipeline.PipelineStateManager (PipelineStateManager.java:addPipeline(54)) - Created pipeline Pipeline[ Id: e7e090d7-51bd-4bdd-a412-34a980212478, Nodes: 1b07fd28-1625-44f3-a3e1-fac0cfa23bee{ip: 172.17.0.2, host: 6e5df9598914, networkLocation: /default-rack, certSerialId: null}9165a4e1-13c4-461b-9202-0041ff0b8c94{ip: 172.17.0.2, host: 6e5df9598914, networkLocation: /default-rack, certSerialId: null}a3dc0fab-fd77-483e-a1be-ad4f60ecb6c9{ip: 172.17.0.2, host: 6e5df9598914, networkLocation: /default-rack, certSerialId: null}, Type:RATIS, Factor:THREE, State:ALLOCATED, leaderId:null, CreationTimestamp2020-05-05T20:42:26.706Z]
2020-05-05 20:42:26,708 [RatisPipelineUtilsThread] ERROR pipeline.SCMPipelineManager (SCMPipelineManager.java:createPipeline(222)) - Failed to create pipeline of type RATIS and factor THREE. Exception: Pipeline creation failed because nodes are engaged in other pipelines and every node can only be engaged in max 2 pipelines. Required 3. Found 0
2020-05-05 20:42:27,697 [main] INFO  ozone.MiniOzoneClusterImpl (MiniOzoneClusterImpl.java:lambda$waitForClusterToBeReady$0(177)) - Nodes are ready. Got 3 of 3 DN Heartbeats.
2020-05-05 20:42:27,698 [main] INFO  ozone.MiniOzoneClusterImpl (MiniOzoneClusterImpl.java:lambda$waitForClusterToBeReady$0(180)) - Waiting for cluster to exit safe mode
2020-05-05 20:42:28,699 [main] INFO  ozone.MiniOzoneClusterImpl (MiniOzoneClusterImpl.java:lambda$waitForClusterToBeReady$0(177)) - Nodes are ready. Got 3 of 3 DN Heartbeats.
2020-05-05 20:42:28,699 [main] INFO  ozone.MiniOzoneClusterImpl (MiniOzoneClusterImpl.java:lambda$waitForClusterToBeReady$0(180)) - Waiting for cluster to exit safe mode
2020-05-05 20:42:29,419 [Command processor thread] INFO  impl.RaftServerProxy (RaftServerProxy.java:addNew(89)) - a3dc0fab-fd77-483e-a1be-ad4f60ecb6c9: addNew group-D8B64021685C:[a3dc0fab-fd77-483e-a1be-ad4f60ecb6c9:172.17.0.2:36973] returns group-D8B64021685C:java.util.concurrent.CompletableFuture@46beebbb[Not completed]
2020-05-05 20:42:29,475 [pool-33-thread-1] INFO  impl.RaftServerImpl (RaftServerImpl.java:<init>(98)) - a3dc0fab-fd77-483e-a1be-ad4f60ecb6c9: new RaftServerImpl for group-D8B64021685C:[a3dc0fab-fd77-483e-a1be-ad4f60ecb6c9:172.17.0.2:36973] with ContainerStateMachine:uninitialized
2020-05-05 20:42:29,478 [pool-33-thread-1] INFO  server.RaftServerConfigKeys (ConfUtils.java:logGet(44)) - raft.server.rpc.timeout.min = 5s (custom)
2020-05-05 20:42:29,479 [pool-33-thread-1] INFO  server.RaftServerConfigKeys (ConfUtils.java:logGet(44)) - raft.server.rpc.timeout.max = 5200ms (custom)
2020-05-05 20:42:29,479 [pool-33-thread-1] INFO  server.RaftServerConfigKeys (ConfUtils.java:logGet(44)) - raft.server.rpcslowness.timeout = 300s (custom)
2020-05-05 20:42:29,480 [pool-33-thread-1] INFO  server.RaftServerConfigKeys (ConfUtils.java:logGet(44)) - raft.server.sleep.deviation.threshold = 300 (default)
2020-05-05 20:42:29,481 [pool-33-thread-1] INFO  server.RaftServerConfigKeys (ConfUtils.java:logGet(44)) - raft.server.log.appender.install.snapshot.enabled = false (custom)
2020-05-05 20:42:29,492 [pool-33-thread-1] INFO  impl.RaftServerImpl (ServerState.java:<init>(103)) - a3dc0fab-fd77-483e-a1be-ad4f60ecb6c9@group-D8B64021685C: ConfigurationManager, init=-1: [a3dc0fab-fd77-483e-a1be-ad4f60ecb6c9:172.17.0.2:36973], old=null, confs=<EMPTY_MAP>
2020-05-05 20:42:29,492 [pool-33-thread-1] INFO  server.RaftServerConfigKeys (ConfUtils.java:logGet(44)) - raft.server.storage.dir = [/github/workspace/mnt/ozone/hadoop-ozone/integration-test/target/test-dir/MiniOzoneClusterImpl-1061ffec-64c5-41b9-927f-85dc442c5c47/datanode-0/data/ratis] (custom)
2020-05-05 20:42:29,497 [pool-33-thread-1] INFO  server.RaftServerConfigKeys (ConfUtils.java:logGet(44)) - raft.server.log.corruption.policy = EXCEPTION (default)
2020-05-05 20:42:29,499 [pool-33-thread-1] INFO  storage.RaftStorageDirectory (RaftStorageDirectory.java:analyzeStorage(261)) - The storage directory /github/workspace/mnt/ozone/hadoop-ozone/integration-test/target/test-dir/MiniOzoneClusterImpl-1061ffec-64c5-41b9-927f-85dc442c5c47/datanode-0/data/ratis/a7dad1c8-10a4-485d-81f7-d8b64021685c does not exist. Creating ...
2020-05-05 20:42:29,504 [pool-33-thread-1] INFO  storage.RaftStorageDirectory (RaftStorageDirectory.java:tryLock(343)) - Lock on /github/workspace/mnt/ozone/hadoop-ozone/integration-test/target/test-dir/MiniOzoneClusterImpl-1061ffec-64c5-41b9-927f-85dc442c5c47/datanode-0/data/ratis/a7dad1c8-10a4-485d-81f7-d8b64021685c/in_use.lock acquired by nodename 9969@6e5df9598914
2020-05-05 20:42:29,512 [pool-33-thread-1] INFO  storage.RaftStorage (RaftStorage.java:format(84)) - Storage directory /github/workspace/mnt/ozone/hadoop-ozone/integration-test/target/test-dir/MiniOzoneClusterImpl-1061ffec-64c5-41b9-927f-85dc442c5c47/datanode-0/data/ratis/a7dad1c8-10a4-485d-81f7-d8b64021685c has been successfully formatted.
2020-05-05 20:42:29,518 [pool-33-thread-1] INFO  ratis.ContainerStateMachine (ContainerStateMachine.java:loadSnapshot(226)) - group-D8B64021685C: The snapshot info is null. Setting the last applied indexto:(t:0, i:~)
2020-05-05 20:42:29,522 [pool-33-thread-1] INFO  server.RaftServerConfigKeys (ConfUtils.java:logGet(44)) - raft.server.notification.no-leader.timeout = 60s (default)
2020-05-05 20:42:29,533 [pool-33-thread-1] INFO  server.RaftServerConfigKeys (ConfUtils.java:logGet(44)) - raft.server.log.use.memory = false (default)
2020-05-05 20:42:29,554 [pool-33-thread-1] INFO  server.RaftServerConfigKeys (ConfUtils.java:logGet(44)) - raft.server.log.purge.gap = 1000000 (custom)
2020-05-05 20:42:29,554 [pool-33-thread-1] INFO  server.RaftServerConfigKeys (ConfUtils.java:logGet(44)) - raft.server.log.appender.buffer.byte-limit = 33554432 (custom)
2020-05-05 20:42:29,557 [pool-33-thread-1] INFO  server.RaftServerConfigKeys (ConfUtils.java:logGet(44)) - raft.server.log.segment.size.max = 1048576 (custom)
2020-05-05 20:42:29,561 [pool-33-thread-1] INFO  metrics.RatisMetrics (RatisMetrics.java:lambda$create$0(39)) - Creating Metrics Registry : ratis.log_worker.a3dc0fab-fd77-483e-a1be-ad4f60ecb6c9
2020-05-05 20:42:29,571 [EventQueue-PipelineReportForPipelineReportHandler] INFO  pipeline.PipelineStateManager (PipelineStateManager.java:openPipeline(131)) - Pipeline Pipeline[ Id: a7dad1c8-10a4-485d-81f7-d8b64021685c, Nodes: a3dc0fab-fd77-483e-a1be-ad4f60ecb6c9{ip: 172.17.0.2, host: 6e5df9598914, networkLocation: /default-rack, certSerialId: null}, Type:RATIS, Factor:ONE, State:ALLOCATED, leaderId:a3dc0fab-fd77-483e-a1be-ad4f60ecb6c9, CreationTimestamp2020-05-05T20:42:26.431Z] moved to OPEN state
2020-05-05 20:42:29,573 [EventQueue-OpenPipelineForHealthyPipelineSafeModeRule] INFO  safemode.SCMSafeModeManager (HealthyPipelineSafeModeRule.java:process(132)) - SCM in safe mode. Healthy pipelines reported count is 0, required healthy pipeline reported count is 1
2020-05-05 20:42:29,581 [pool-33-thread-1] INFO  server.RaftServerConfigKeys (ConfUtils.java:logGet(44)) - raft.server.log.segment.cache.num.max = 2 (custom)
2020-05-05 20:42:29,584 [EventQueue-OpenPipelineForOneReplicaPipelineSafeModeRule] INFO  safemode.SCMSafeModeManager (SCMSafeModeManager.java:validateSafeModeExitRules(213)) - AtleastOneDatanodeReportedRule rule is successfully validated
2020-05-05 20:42:29,589 [pool-33-thread-1] INFO  segmented.SegmentedRaftLogWorker (SegmentedRaftLogWorker.java:<init>(176)) - new a3dc0fab-fd77-483e-a1be-ad4f60ecb6c9@group-D8B64021685C-SegmentedRaftLogWorker for RaftStorage:Storage Directory /github/workspace/mnt/ozone/hadoop-ozone/integration-test/target/test-dir/MiniOzoneClusterImpl-1061ffec-64c5-41b9-927f-85dc442c5c47/datanode-0/data/ratis/a7dad1c8-10a4-485d-81f7-d8b64021685c
2020-05-05 20:42:29,589 [pool-33-thread-1] INFO  server.RaftServerConfigKeys (ConfUtils.java:logGet(44)) - raft.server.log.queue.byte-limit = 2147483647 (custom)
2020-05-05 20:42:29,589 [pool-33-thread-1] INFO  server.RaftServerConfigKeys (ConfUtils.java:logGet(44)) - raft.server.log.queue.element-limit = 1024 (custom)
2020-05-05 20:42:29,591 [pool-33-thread-1] INFO  server.RaftServerConfigKeys (ConfUtils.java:logGet(44)) - raft.server.log.segment.size.max = 1048576 (custom)
2020-05-05 20:42:29,591 [pool-33-thread-1] INFO  server.RaftServerConfigKeys (ConfUtils.java:logGet(44)) - raft.server.log.preallocated.size = 16384 (custom)
2020-05-05 20:42:29,591 [pool-33-thread-1] INFO  server.RaftServerConfigKeys (ConfUtils.java:logGet(44)) - raft.server.log.write.buffer.size = 1048576 (custom)
2020-05-05 20:42:29,592 [pool-33-thread-1] INFO  server.RaftServerConfigKeys (ConfUtils.java:logGet(44)) - raft.server.log.force.sync.num = 128 (default)
2020-05-05 20:42:29,593 [pool-33-thread-1] INFO  server.RaftServerConfigKeys (ConfUtils.java:logGet(44)) - raft.server.log.statemachine.data.sync = true (default)
2020-05-05 20:42:29,593 [pool-33-thread-1] INFO  server.RaftServerConfigKeys (ConfUtils.java:logGet(44)) - raft.server.log.statemachine.data.sync.timeout = 10s (default)
2020-05-05 20:42:29,594 [Command processor thread] INFO  impl.RaftServerProxy (RaftServerProxy.java:addNew(89)) - 1b07fd28-1625-44f3-a3e1-fac0cfa23bee: addNew group-7458D3D5C3B2:[1b07fd28-1625-44f3-a3e1-fac0cfa23bee:172.17.0.2:33503] returns group-7458D3D5C3B2:java.util.concurrent.CompletableFuture@31b91fe1[Not completed]
2020-05-05 20:42:29,601 [pool-33-thread-1] INFO  server.RaftServerConfigKeys (ConfUtils.java:logGet(44)) - raft.server.log.statemachine.data.sync.timeout.retry = -1 (default)
2020-05-05 20:42:29,624 [pool-48-thread-1] INFO  impl.RaftServerImpl (RaftServerImpl.java:<init>(98)) - 1b07fd28-1625-44f3-a3e1-fac0cfa23bee: new RaftServerImpl for group-7458D3D5C3B2:[1b07fd28-1625-44f3-a3e1-fac0cfa23bee:172.17.0.2:33503] with ContainerStateMachine:uninitialized
2020-05-05 20:42:29,625 [pool-48-thread-1] INFO  server.RaftServerConfigKeys (ConfUtils.java:logGet(44)) - raft.server.rpc.timeout.min = 5s (custom)
2020-05-05 20:42:29,625 [pool-48-thread-1] INFO  server.RaftServerConfigKeys (ConfUtils.java:logGet(44)) - raft.server.rpc.timeout.max = 5200ms (custom)
2020-05-05 20:42:29,625 [pool-48-thread-1] INFO  server.RaftServerConfigKeys (ConfUtils.java:logGet(44)) - raft.server.rpcslowness.timeout = 300s (custom)
2020-05-05 20:42:29,625 [pool-48-thread-1] INFO  server.RaftServerConfigKeys (ConfUtils.java:logGet(44)) - raft.server.sleep.deviation.threshold = 300 (default)
2020-05-05 20:42:29,625 [pool-48-thread-1] INFO  server.RaftServerConfigKeys (ConfUtils.java:logGet(44)) - raft.server.log.appender.install.snapshot.enabled = false (custom)
2020-05-05 20:42:29,626 [pool-48-thread-1] INFO  impl.RaftServerImpl (ServerState.java:<init>(103)) - 1b07fd28-1625-44f3-a3e1-fac0cfa23bee@group-7458D3D5C3B2: ConfigurationManager, init=-1: [1b07fd28-1625-44f3-a3e1-fac0cfa23bee:172.17.0.2:33503], old=null, confs=<EMPTY_MAP>
2020-05-05 20:42:29,626 [pool-48-thread-1] INFO  server.RaftServerConfigKeys (ConfUtils.java:logGet(44)) - raft.server.storage.dir = [/github/workspace/mnt/ozone/hadoop-ozone/integration-test/target/test-dir/MiniOzoneClusterImpl-1061ffec-64c5-41b9-927f-85dc442c5c47/datanode-1/data/ratis] (custom)
2020-05-05 20:42:29,626 [pool-48-thread-1] INFO  server.RaftServerConfigKeys (ConfUtils.java:logGet(44)) - raft.server.log.corruption.policy = EXCEPTION (default)
2020-05-05 20:42:29,626 [pool-48-thread-1] INFO  storage.RaftStorageDirectory (RaftStorageDirectory.java:analyzeStorage(261)) - The storage directory /github/workspace/mnt/ozone/hadoop-ozone/integration-test/target/test-dir/MiniOzoneClusterImpl-1061ffec-64c5-41b9-927f-85dc442c5c47/datanode-1/data/ratis/7b94d405-716a-4b18-ad68-7458d3d5c3b2 does not exist. Creating ...
2020-05-05 20:42:29,635 [pool-48-thread-1] INFO  storage.RaftStorageDirectory (RaftStorageDirectory.java:tryLock(343)) - Lock on /github/workspace/mnt/ozone/hadoop-ozone/integration-test/target/test-dir/MiniOzoneClusterImpl-1061ffec-64c5-41b9-927f-85dc442c5c47/datanode-1/data/ratis/7b94d405-716a-4b18-ad68-7458d3d5c3b2/in_use.lock acquired by nodename 9969@6e5df9598914
2020-05-05 20:42:29,636 [pool-48-thread-1] INFO  storage.RaftStorage (RaftStorage.java:format(84)) - Storage directory /github/workspace/mnt/ozone/hadoop-ozone/integration-test/target/test-dir/MiniOzoneClusterImpl-1061ffec-64c5-41b9-927f-85dc442c5c47/datanode-1/data/ratis/7b94d405-716a-4b18-ad68-7458d3d5c3b2 has been successfully formatted.
2020-05-05 20:42:29,640 [pool-48-thread-1] INFO  ratis.ContainerStateMachine (ContainerStateMachine.java:loadSnapshot(226)) - group-7458D3D5C3B2: The snapshot info is null. Setting the last applied indexto:(t:0, i:~)
2020-05-05 20:42:29,642 [pool-48-thread-1] INFO  server.RaftServerConfigKeys (ConfUtils.java:logGet(44)) - raft.server.notification.no-leader.timeout = 60s (default)
2020-05-05 20:42:29,643 [pool-48-thread-1] INFO  server.RaftServerConfigKeys (ConfUtils.java:logGet(44)) - raft.server.log.use.memory = false (default)
2020-05-05 20:42:29,643 [pool-48-thread-1] INFO  server.RaftServerConfigKeys (ConfUtils.java:logGet(44)) - raft.server.log.purge.gap = 1000000 (custom)
2020-05-05 20:42:29,643 [pool-48-thread-1] INFO  server.RaftServerConfigKeys (ConfUtils.java:logGet(44)) - raft.server.log.appender.buffer.byte-limit = 33554432 (custom)
2020-05-05 20:42:29,643 [pool-48-thread-1] INFO  server.RaftServerConfigKeys (ConfUtils.java:logGet(44)) - raft.server.log.segment.size.max = 1048576 (custom)
2020-05-05 20:42:29,645 [EventQueue-PipelineReportForPipelineReportHandler] INFO  pipeline.PipelineStateManager (PipelineStateManager.java:openPipeline(131)) - Pipeline Pipeline[ Id: 7b94d405-716a-4b18-ad68-7458d3d5c3b2, Nodes: 1b07fd28-1625-44f3-a3e1-fac0cfa23bee{ip: 172.17.0.2, host: 6e5df9598914, networkLocation: /default-rack, certSerialId: null}, Type:RATIS, Factor:ONE, State:ALLOCATED, leaderId:1b07fd28-1625-44f3-a3e1-fac0cfa23bee, CreationTimestamp2020-05-05T20:42:26.601Z] moved to OPEN state
2020-05-05 20:42:29,645 [EventQueue-OpenPipelineForHealthyPipelineSafeModeRule] INFO  safemode.SCMSafeModeManager (HealthyPipelineSafeModeRule.java:process(132)) - SCM in safe mode. Healthy pipelines reported count is 0, required healthy pipeline reported count is 1
2020-05-05 20:42:29,645 [EventQueue-OpenPipelineForOneReplicaPipelineSafeModeRule] INFO  safemode.SCMSafeModeManager (SCMSafeModeManager.java:validateSafeModeExitRules(213)) - AtleastOneDatanodeReportedRule rule is successfully validated
2020-05-05 20:42:29,643 [pool-48-thread-1] INFO  metrics.RatisMetrics (RatisMetrics.java:lambda$create$0(39)) - Creating Metrics Registry : ratis.log_worker.1b07fd28-1625-44f3-a3e1-fac0cfa23bee
2020-05-05 20:42:29,646 [pool-48-thread-1] INFO  server.RaftServerConfigKeys (ConfUtils.java:logGet(44)) - raft.server.log.segment.cache.num.max = 2 (custom)
2020-05-05 20:42:29,653 [pool-33-thread-1] INFO  server.RaftServerConfigKeys (ConfUtils.java:logGet(44)) - raft.server.log.statemachine.data.caching.enabled = true (custom)
2020-05-05 20:42:29,646 [pool-48-thread-1] INFO  segmented.SegmentedRaftLogWorker (SegmentedRaftLogWorker.java:<init>(176)) - new 1b07fd28-1625-44f3-a3e1-fac0cfa23bee@group-7458D3D5C3B2-SegmentedRaftLogWorker for RaftStorage:Storage Directory /github/workspace/mnt/ozone/hadoop-ozone/integration-test/target/test-dir/MiniOzoneClusterImpl-1061ffec-64c5-41b9-927f-85dc442c5c47/datanode-1/data/ratis/7b94d405-716a-4b18-ad68-7458d3d5c3b2
2020-05-05 20:42:29,658 [pool-48-thread-1] INFO  server.RaftServerConfigKeys (ConfUtils.java:logGet(44)) - raft.server.log.queue.byte-limit = 2147483647 (custom)
2020-05-05 20:42:29,658 [pool-48-thread-1] INFO  server.RaftServerConfigKeys (ConfUtils.java:logGet(44)) - raft.server.log.queue.element-limit = 1024 (custom)
2020-05-05 20:42:29,658 [pool-48-thread-1] INFO  server.RaftServerConfigKeys (ConfUtils.java:logGet(44)) - raft.server.log.segment.size.max = 1048576 (custom)
2020-05-05 20:42:29,659 [pool-48-thread-1] INFO  server.RaftServerConfigKeys (ConfUtils.java:logGet(44)) - raft.server.log.preallocated.size = 16384 (custom)
2020-05-05 20:42:29,659 [pool-48-thread-1] INFO  server.RaftServerConfigKeys (ConfUtils.java:logGet(44)) - raft.server.log.write.buffer.size = 1048576 (custom)
2020-05-05 20:42:29,659 [pool-48-thread-1] INFO  server.RaftServerConfigKeys (ConfUtils.java:logGet(44)) - raft.server.log.force.sync.num = 128 (default)
2020-05-05 20:42:29,659 [pool-48-thread-1] INFO  server.RaftServerConfigKeys (ConfUtils.java:logGet(44)) - raft.server.log.statemachine.data.sync = true (default)
2020-05-05 20:42:29,659 [pool-48-thread-1] INFO  server.RaftServerConfigKeys (ConfUtils.java:logGet(44)) - raft.server.log.statemachine.data.sync.timeout = 10s (default)
2020-05-05 20:42:29,659 [pool-48-thread-1] INFO  server.RaftServerConfigKeys (ConfUtils.java:logGet(44)) - raft.server.log.statemachine.data.sync.timeout.retry = -1 (default)
2020-05-05 20:42:29,661 [pool-48-thread-1] INFO  server.RaftServerConfigKeys (ConfUtils.java:logGet(44)) - raft.server.log.statemachine.data.caching.enabled = true (custom)
2020-05-05 20:42:29,669 [pool-33-thread-1] INFO  segmented.SegmentedRaftLogWorker (SegmentedRaftLogWorker.java:lambda$new$0(129)) - a3dc0fab-fd77-483e-a1be-ad4f60ecb6c9@group-D8B64021685C-SegmentedRaftLogWorker: flushIndex: setUnconditionally 0 -> -1
2020-05-05 20:42:29,670 [pool-48-thread-1] INFO  segmented.SegmentedRaftLogWorker (SegmentedRaftLogWorker.java:lambda$new$0(129)) - 1b07fd28-1625-44f3-a3e1-fac0cfa23bee@group-7458D3D5C3B2-SegmentedRaftLogWorker: flushIndex: setUnconditionally 0 -> -1
2020-05-05 20:42:29,675 [pool-33-thread-1] INFO  server.RaftServerConfigKeys (ConfUtils.java:logGet(44)) - raft.server.snapshot.auto.trigger.enabled = true (custom)
2020-05-05 20:42:29,676 [pool-33-thread-1] INFO  server.RaftServerConfigKeys (ConfUtils.java:logGet(44)) - raft.server.snapshot.auto.trigger.threshold = 10000 (custom)
2020-05-05 20:42:29,676 [pool-33-thread-1] INFO  server.RaftServerConfigKeys (ConfUtils.java:logGet(44)) - raft.server.snapshot.retention.file.num = 5 (custom)
2020-05-05 20:42:29,677 [pool-33-thread-1] INFO  server.RaftServerConfigKeys (ConfUtils.java:logGet(44)) - raft.server.log.purge.upto.snapshot.index = false (default)
2020-05-05 20:42:29,678 [pool-48-thread-1] INFO  server.RaftServerConfigKeys (ConfUtils.java:logGet(44)) - raft.server.snapshot.auto.trigger.enabled = true (custom)
2020-05-05 20:42:29,678 [pool-48-thread-1] INFO  server.RaftServerConfigKeys (ConfUtils.java:logGet(44)) - raft.server.snapshot.auto.trigger.threshold = 10000 (custom)
2020-05-05 20:42:29,678 [pool-48-thread-1] INFO  server.RaftServerConfigKeys (ConfUtils.java:logGet(44)) - raft.server.snapshot.retention.file.num = 5 (custom)
2020-05-05 20:42:29,678 [pool-48-thread-1] INFO  server.RaftServerConfigKeys (ConfUtils.java:logGet(44)) - raft.server.log.purge.upto.snapshot.index = false (default)
2020-05-05 20:42:29,679 [pool-48-thread-1] INFO  server.RaftServerConfigKeys (ConfUtils.java:logGet(44)) - raft.server.retrycache.expirytime = 600000ms (custom)
2020-05-05 20:42:29,686 [pool-33-thread-1] INFO  server.RaftServerConfigKeys (ConfUtils.java:logGet(44)) - raft.server.retrycache.expirytime = 600000ms (custom)
2020-05-05 20:42:29,697 [Command processor thread] INFO  impl.RaftServerProxy (RaftServerProxy.java:addNew(89)) - 9165a4e1-13c4-461b-9202-0041ff0b8c94: addNew group-CCD4FCD405F2:[9165a4e1-13c4-461b-9202-0041ff0b8c94:172.17.0.2:43429] returns group-CCD4FCD405F2:java.util.concurrent.CompletableFuture@2e74d26f[Not completed]
2020-05-05 20:42:29,699 [main] INFO  ozone.MiniOzoneClusterImpl (MiniOzoneClusterImpl.java:lambda$waitForClusterToBeReady$0(177)) - Nodes are ready. Got 3 of 3 DN Heartbeats.
2020-05-05 20:42:29,700 [main] INFO  ozone.MiniOzoneClusterImpl (MiniOzoneClusterImpl.java:lambda$waitForClusterToBeReady$0(180)) - Waiting for cluster to exit safe mode
2020-05-05 20:42:29,727 [pool-48-thread-1] INFO  metrics.RatisMetrics (RatisMetrics.java:lambda$create$0(39)) - Creating Metrics Registry : ratis.leader_election.1b07fd28-1625-44f3-a3e1-fac0cfa23bee@group-7458D3D5C3B2
2020-05-05 20:42:29,727 [pool-33-thread-1] INFO  metrics.RatisMetrics (RatisMetrics.java:lambda$create$0(39)) - Creating Metrics Registry : ratis.leader_election.a3dc0fab-fd77-483e-a1be-ad4f60ecb6c9@group-D8B64021685C
2020-05-05 20:42:29,734 [pool-33-thread-1] INFO  metrics.RatisMetrics (RatisMetrics.java:lambda$create$0(39)) - Creating Metrics Registry : ratis.server.a3dc0fab-fd77-483e-a1be-ad4f60ecb6c9@group-D8B64021685C
2020-05-05 20:42:29,731 [pool-63-thread-1] INFO  impl.RaftServerImpl (RaftServerImpl.java:<init>(98)) - 9165a4e1-13c4-461b-9202-0041ff0b8c94: new RaftServerImpl for group-CCD4FCD405F2:[9165a4e1-13c4-461b-9202-0041ff0b8c94:172.17.0.2:43429] with ContainerStateMachine:uninitialized
2020-05-05 20:42:29,734 [pool-48-thread-1] INFO  metrics.RatisMetrics (RatisMetrics.java:lambda$create$0(39)) - Creating Metrics Registry : ratis.server.1b07fd28-1625-44f3-a3e1-fac0cfa23bee@group-7458D3D5C3B2
2020-05-05 20:42:29,735 [pool-63-thread-1] INFO  server.RaftServerConfigKeys (ConfUtils.java:logGet(44)) - raft.server.rpc.timeout.min = 5s (custom)
2020-05-05 20:42:29,735 [pool-63-thread-1] INFO  server.RaftServerConfigKeys (ConfUtils.java:logGet(44)) - raft.server.rpc.timeout.max = 5200ms (custom)
2020-05-05 20:42:29,735 [pool-63-thread-1] INFO  server.RaftServerConfigKeys (ConfUtils.java:logGet(44)) - raft.server.rpcslowness.timeout = 300s (custom)
2020-05-05 20:42:29,735 [pool-63-thread-1] INFO  server.RaftServerConfigKeys (ConfUtils.java:logGet(44)) - raft.server.sleep.deviation.threshold = 300 (default)
2020-05-05 20:42:29,735 [pool-63-thread-1] INFO  server.RaftServerConfigKeys (ConfUtils.java:logGet(44)) - raft.server.log.appender.install.snapshot.enabled = false (custom)
2020-05-05 20:42:29,735 [pool-63-thread-1] INFO  impl.RaftServerImpl (ServerState.java:<init>(103)) - 9165a4e1-13c4-461b-9202-0041ff0b8c94@group-CCD4FCD405F2: ConfigurationManager, init=-1: [9165a4e1-13c4-461b-9202-0041ff0b8c94:172.17.0.2:43429], old=null, confs=<EMPTY_MAP>
2020-05-05 20:42:29,735 [pool-63-thread-1] INFO  server.RaftServerConfigKeys (ConfUtils.java:logGet(44)) - raft.server.storage.dir = [/github/workspace/mnt/ozone/hadoop-ozone/integration-test/target/test-dir/MiniOzoneClusterImpl-1061ffec-64c5-41b9-927f-85dc442c5c47/datanode-2/data/ratis] (custom)
2020-05-05 20:42:29,736 [pool-63-thread-1] INFO  server.RaftServerConfigKeys (ConfUtils.java:logGet(44)) - raft.server.log.corruption.policy = EXCEPTION (default)
2020-05-05 20:42:29,736 [pool-63-thread-1] INFO  storage.RaftStorageDirectory (RaftStorageDirectory.java:analyzeStorage(261)) - The storage directory /github/workspace/mnt/ozone/hadoop-ozone/integration-test/target/test-dir/MiniOzoneClusterImpl-1061ffec-64c5-41b9-927f-85dc442c5c47/datanode-2/data/ratis/f47f570a-f7b9-43a1-bbb2-ccd4fcd405f2 does not exist. Creating ...
2020-05-05 20:42:29,737 [pool-63-thread-1] INFO  storage.RaftStorageDirectory (RaftStorageDirectory.java:tryLock(343)) - Lock on /github/workspace/mnt/ozone/hadoop-ozone/integration-test/target/test-dir/MiniOzoneClusterImpl-1061ffec-64c5-41b9-927f-85dc442c5c47/datanode-2/data/ratis/f47f570a-f7b9-43a1-bbb2-ccd4fcd405f2/in_use.lock acquired by nodename 9969@6e5df9598914
2020-05-05 20:42:29,738 [pool-63-thread-1] INFO  storage.RaftStorage (RaftStorage.java:format(84)) - Storage directory /github/workspace/mnt/ozone/hadoop-ozone/integration-test/target/test-dir/MiniOzoneClusterImpl-1061ffec-64c5-41b9-927f-85dc442c5c47/datanode-2/data/ratis/f47f570a-f7b9-43a1-bbb2-ccd4fcd405f2 has been successfully formatted.
2020-05-05 20:42:29,742 [pool-63-thread-1] INFO  ratis.ContainerStateMachine (ContainerStateMachine.java:loadSnapshot(226)) - group-CCD4FCD405F2: The snapshot info is null. Setting the last applied indexto:(t:0, i:~)
2020-05-05 20:42:29,743 [pool-63-thread-1] INFO  server.RaftServerConfigKeys (ConfUtils.java:logGet(44)) - raft.server.notification.no-leader.timeout = 60s (default)
2020-05-05 20:42:29,743 [pool-63-thread-1] INFO  server.RaftServerConfigKeys (ConfUtils.java:logGet(44)) - raft.server.log.use.memory = false (default)
2020-05-05 20:42:29,743 [pool-63-thread-1] INFO  server.RaftServerConfigKeys (ConfUtils.java:logGet(44)) - raft.server.log.purge.gap = 1000000 (custom)
2020-05-05 20:42:29,743 [pool-63-thread-1] INFO  server.RaftServerConfigKeys (ConfUtils.java:logGet(44)) - raft.server.log.appender.buffer.byte-limit = 33554432 (custom)
2020-05-05 20:42:29,743 [pool-63-thread-1] INFO  server.RaftServerConfigKeys (ConfUtils.java:logGet(44)) - raft.server.log.segment.size.max = 1048576 (custom)
2020-05-05 20:42:29,743 [pool-63-thread-1] INFO  metrics.RatisMetrics (RatisMetrics.java:lambda$create$0(39)) - Creating Metrics Registry : ratis.log_worker.9165a4e1-13c4-461b-9202-0041ff0b8c94
2020-05-05 20:42:29,744 [pool-63-thread-1] INFO  server.RaftServerConfigKeys (ConfUtils.java:logGet(44)) - raft.server.log.segment.cache.num.max = 2 (custom)
2020-05-05 20:42:29,744 [pool-63-thread-1] INFO  segmented.SegmentedRaftLogWorker (SegmentedRaftLogWorker.java:<init>(176)) - new 9165a4e1-13c4-461b-9202-0041ff0b8c94@group-CCD4FCD405F2-SegmentedRaftLogWorker for RaftStorage:Storage Directory /github/workspace/mnt/ozone/hadoop-ozone/integration-test/target/test-dir/MiniOzoneClusterImpl-1061ffec-64c5-41b9-927f-85dc442c5c47/datanode-2/data/ratis/f47f570a-f7b9-43a1-bbb2-ccd4fcd405f2
2020-05-05 20:42:29,744 [pool-63-thread-1] INFO  server.RaftServerConfigKeys (ConfUtils.java:logGet(44)) - raft.server.log.queue.byte-limit = 2147483647 (custom)
2020-05-05 20:42:29,744 [pool-63-thread-1] INFO  server.RaftServerConfigKeys (ConfUtils.java:logGet(44)) - raft.server.log.queue.element-limit = 1024 (custom)
2020-05-05 20:42:29,744 [pool-63-thread-1] INFO  server.RaftServerConfigKeys (ConfUtils.java:logGet(44)) - raft.server.log.segment.size.max = 1048576 (custom)
2020-05-05 20:42:29,744 [pool-63-thread-1] INFO  server.RaftServerConfigKeys (ConfUtils.java:logGet(44)) - raft.server.log.preallocated.size = 16384 (custom)
2020-05-05 20:42:29,744 [pool-63-thread-1] INFO  server.RaftServerConfigKeys (ConfUtils.java:logGet(44)) - raft.server.log.write.buffer.size = 1048576 (custom)
2020-05-05 20:42:29,744 [pool-63-thread-1] INFO  server.RaftServerConfigKeys (ConfUtils.java:logGet(44)) - raft.server.log.force.sync.num = 128 (default)
2020-05-05 20:42:29,744 [pool-63-thread-1] INFO  server.RaftServerConfigKeys (ConfUtils.java:logGet(44)) - raft.server.log.statemachine.data.sync = true (default)
2020-05-05 20:42:29,745 [pool-63-thread-1] INFO  server.RaftServerConfigKeys (ConfUtils.java:logGet(44)) - raft.server.log.statemachine.data.sync.timeout = 10s (default)
2020-05-05 20:42:29,745 [pool-63-thread-1] INFO  server.RaftServerConfigKeys (ConfUtils.java:logGet(44)) - raft.server.log.statemachine.data.sync.timeout.retry = -1 (default)
2020-05-05 20:42:29,746 [pool-63-thread-1] INFO  server.RaftServerConfigKeys (ConfUtils.java:logGet(44)) - raft.server.log.statemachine.data.caching.enabled = true (custom)
2020-05-05 20:42:29,747 [pool-63-thread-1] INFO  segmented.SegmentedRaftLogWorker (SegmentedRaftLogWorker.java:lambda$new$0(129)) - 9165a4e1-13c4-461b-9202-0041ff0b8c94@group-CCD4FCD405F2-SegmentedRaftLogWorker: flushIndex: setUnconditionally 0 -> -1
2020-05-05 20:42:29,748 [EventQueue-PipelineReportForPipelineReportHandler] INFO  pipeline.PipelineStateManager (PipelineStateManager.java:openPipeline(131)) - Pipeline Pipeline[ Id: f47f570a-f7b9-43a1-bbb2-ccd4fcd405f2, Nodes: 9165a4e1-13c4-461b-9202-0041ff0b8c94{ip: 172.17.0.2, host: 6e5df9598914, networkLocation: /default-rack, certSerialId: null}, Type:RATIS, Factor:ONE, State:ALLOCATED, leaderId:9165a4e1-13c4-461b-9202-0041ff0b8c94, CreationTimestamp2020-05-05T20:42:26.700Z] moved to OPEN state
2020-05-05 20:42:29,748 [EventQueue-OpenPipelineForHealthyPipelineSafeModeRule] INFO  safemode.SCMSafeModeManager (HealthyPipelineSafeModeRule.java:process(132)) - SCM in safe mode. Healthy pipelines reported count is 0, required healthy pipeline reported count is 1
2020-05-05 20:42:29,748 [EventQueue-OpenPipelineForOneReplicaPipelineSafeModeRule] INFO  safemode.SCMSafeModeManager (SCMSafeModeManager.java:validateSafeModeExitRules(213)) - AtleastOneDatanodeReportedRule rule is successfully validated
2020-05-05 20:42:29,752 [pool-48-thread-1] INFO  impl.RaftServerImpl (RaftServerImpl.java:start(184)) - 1b07fd28-1625-44f3-a3e1-fac0cfa23bee@group-7458D3D5C3B2: start as a follower, conf=-1: [1b07fd28-1625-44f3-a3e1-fac0cfa23bee:172.17.0.2:33503], old=null
2020-05-05 20:42:29,753 [pool-33-thread-1] INFO  impl.RaftServerImpl (RaftServerImpl.java:start(184)) - a3dc0fab-fd77-483e-a1be-ad4f60ecb6c9@group-D8B64021685C: start as a follower, conf=-1: [a3dc0fab-fd77-483e-a1be-ad4f60ecb6c9:172.17.0.2:36973], old=null
2020-05-05 20:42:29,756 [pool-48-thread-1] INFO  impl.RaftServerImpl (RaftServerImpl.java:setRole(173)) - 1b07fd28-1625-44f3-a3e1-fac0cfa23bee@group-7458D3D5C3B2: changes role from      null to FOLLOWER at term 0 for startAsFollower
2020-05-05 20:42:29,756 [pool-33-thread-1] INFO  impl.RaftServerImpl (RaftServerImpl.java:setRole(173)) - a3dc0fab-fd77-483e-a1be-ad4f60ecb6c9@group-D8B64021685C: changes role from      null to FOLLOWER at term 0 for startAsFollower
2020-05-05 20:42:29,758 [pool-63-thread-1] INFO  server.RaftServerConfigKeys (ConfUtils.java:logGet(44)) - raft.server.snapshot.auto.trigger.enabled = true (custom)
2020-05-05 20:42:29,758 [pool-63-thread-1] INFO  server.RaftServerConfigKeys (ConfUtils.java:logGet(44)) - raft.server.snapshot.auto.trigger.threshold = 10000 (custom)
2020-05-05 20:42:29,758 [pool-63-thread-1] INFO  server.RaftServerConfigKeys (ConfUtils.java:logGet(44)) - raft.server.snapshot.retention.file.num = 5 (custom)
2020-05-05 20:42:29,759 [pool-63-thread-1] INFO  server.RaftServerConfigKeys (ConfUtils.java:logGet(44)) - raft.server.log.purge.upto.snapshot.index = false (default)
2020-05-05 20:42:29,759 [pool-63-thread-1] INFO  server.RaftServerConfigKeys (ConfUtils.java:logGet(44)) - raft.server.retrycache.expirytime = 600000ms (custom)
2020-05-05 20:42:29,759 [pool-63-thread-1] INFO  metrics.RatisMetrics (RatisMetrics.java:lambda$create$0(39)) - Creating Metrics Registry : ratis.leader_election.9165a4e1-13c4-461b-9202-0041ff0b8c94@group-CCD4FCD405F2
2020-05-05 20:42:29,759 [pool-63-thread-1] INFO  metrics.RatisMetrics (RatisMetrics.java:lambda$create$0(39)) - Creating Metrics Registry : ratis.server.9165a4e1-13c4-461b-9202-0041ff0b8c94@group-CCD4FCD405F2
2020-05-05 20:42:29,760 [pool-63-thread-1] INFO  impl.RaftServerImpl (RaftServerImpl.java:start(184)) - 9165a4e1-13c4-461b-9202-0041ff0b8c94@group-CCD4FCD405F2: start as a follower, conf=-1: [9165a4e1-13c4-461b-9202-0041ff0b8c94:172.17.0.2:43429], old=null
2020-05-05 20:42:29,760 [pool-63-thread-1] INFO  impl.RaftServerImpl (RaftServerImpl.java:setRole(173)) - 9165a4e1-13c4-461b-9202-0041ff0b8c94@group-CCD4FCD405F2: changes role from      null to FOLLOWER at term 0 for startAsFollower
2020-05-05 20:42:29,761 [pool-63-thread-1] INFO  impl.RoleInfo (RoleInfo.java:updateAndGet(143)) - 9165a4e1-13c4-461b-9202-0041ff0b8c94: start FollowerState
2020-05-05 20:42:29,767 [pool-63-thread-1] INFO  util.JmxRegister (JmxRegister.java:tryRegister(44)) - Successfully registered JMX Bean with object name Ratis:service=RaftServer,group=group-CCD4FCD405F2,id=9165a4e1-13c4-461b-9202-0041ff0b8c94
2020-05-05 20:42:29,768 [pool-33-thread-1] INFO  impl.RoleInfo (RoleInfo.java:updateAndGet(143)) - a3dc0fab-fd77-483e-a1be-ad4f60ecb6c9: start FollowerState
2020-05-05 20:42:29,768 [pool-33-thread-1] INFO  util.JmxRegister (JmxRegister.java:tryRegister(44)) - Successfully registered JMX Bean with object name Ratis:service=RaftServer,group=group-D8B64021685C,id=a3dc0fab-fd77-483e-a1be-ad4f60ecb6c9
2020-05-05 20:42:29,770 [pool-33-thread-1] INFO  metrics.RatisMetrics (RatisMetrics.java:lambda$create$0(39)) - Creating Metrics Registry : ratis.state_machine.a3dc0fab-fd77-483e-a1be-ad4f60ecb6c9@group-D8B64021685C
2020-05-05 20:42:29,772 [pool-63-thread-1] INFO  metrics.RatisMetrics (RatisMetrics.java:lambda$create$0(39)) - Creating Metrics Registry : ratis.state_machine.9165a4e1-13c4-461b-9202-0041ff0b8c94@group-CCD4FCD405F2
2020-05-05 20:42:29,782 [pool-48-thread-1] INFO  impl.RoleInfo (RoleInfo.java:updateAndGet(143)) - 1b07fd28-1625-44f3-a3e1-fac0cfa23bee: start FollowerState
2020-05-05 20:42:29,790 [pool-48-thread-1] INFO  util.JmxRegister (JmxRegister.java:tryRegister(44)) - Successfully registered JMX Bean with object name Ratis:service=RaftServer,group=group-7458D3D5C3B2,id=1b07fd28-1625-44f3-a3e1-fac0cfa23bee
2020-05-05 20:42:29,790 [pool-48-thread-1] INFO  metrics.RatisMetrics (RatisMetrics.java:lambda$create$0(39)) - Creating Metrics Registry : ratis.state_machine.1b07fd28-1625-44f3-a3e1-fac0cfa23bee@group-7458D3D5C3B2
2020-05-05 20:42:29,794 [Command processor thread] INFO  commandhandler.CreatePipelineCommandHandler (CreatePipelineCommandHandler.java:handle(109)) - Created Pipeline RATIS ONE #id: "7b94d405-716a-4b18-ad68-7458d3d5c3b2"
.
2020-05-05 20:42:29,796 [Command processor thread] INFO  impl.RaftServerProxy (RaftServerProxy.java:addNew(89)) - 1b07fd28-1625-44f3-a3e1-fac0cfa23bee: addNew group-34A980212478:[9165a4e1-13c4-461b-9202-0041ff0b8c94:172.17.0.2:43429, a3dc0fab-fd77-483e-a1be-ad4f60ecb6c9:172.17.0.2:36973, 1b07fd28-1625-44f3-a3e1-fac0cfa23bee:172.17.0.2:33503] returns group-34A980212478:java.util.concurrent.CompletableFuture@413e0654[Not completed]
2020-05-05 20:42:29,796 [Command processor thread] INFO  commandhandler.CreatePipelineCommandHandler (CreatePipelineCommandHandler.java:handle(109)) - Created Pipeline RATIS ONE #id: "a7dad1c8-10a4-485d-81f7-d8b64021685c"
.
2020-05-05 20:42:29,797 [Command processor thread] INFO  impl.RaftServerProxy (RaftServerProxy.java:addNew(89)) - a3dc0fab-fd77-483e-a1be-ad4f60ecb6c9: addNew group-34A980212478:[9165a4e1-13c4-461b-9202-0041ff0b8c94:172.17.0.2:43429, a3dc0fab-fd77-483e-a1be-ad4f60ecb6c9:172.17.0.2:36973, 1b07fd28-1625-44f3-a3e1-fac0cfa23bee:172.17.0.2:33503] returns group-34A980212478:java.util.concurrent.CompletableFuture@5ed63d51[Not completed]
2020-05-05 20:42:29,798 [pool-48-thread-1] INFO  impl.RaftServerImpl (RaftServerImpl.java:<init>(98)) - 1b07fd28-1625-44f3-a3e1-fac0cfa23bee: new RaftServerImpl for group-34A980212478:[9165a4e1-13c4-461b-9202-0041ff0b8c94:172.17.0.2:43429, a3dc0fab-fd77-483e-a1be-ad4f60ecb6c9:172.17.0.2:36973, 1b07fd28-1625-44f3-a3e1-fac0cfa23bee:172.17.0.2:33503] with ContainerStateMachine:uninitialized
2020-05-05 20:42:29,798 [pool-48-thread-1] INFO  server.RaftServerConfigKeys (ConfUtils.java:logGet(44)) - raft.server.rpc.timeout.min = 5s (custom)
2020-05-05 20:42:29,798 [pool-48-thread-1] INFO  server.RaftServerConfigKeys (ConfUtils.java:logGet(44)) - raft.server.rpc.timeout.max = 5200ms (custom)
2020-05-05 20:42:29,798 [pool-48-thread-1] INFO  server.RaftServerConfigKeys (ConfUtils.java:logGet(44)) - raft.server.rpcslowness.timeout = 300s (custom)
2020-05-05 20:42:29,798 [pool-48-thread-1] INFO  server.RaftServerConfigKeys (ConfUtils.java:logGet(44)) - raft.server.sleep.deviation.threshold = 300 (default)
2020-05-05 20:42:29,798 [pool-48-thread-1] INFO  server.RaftServerConfigKeys (ConfUtils.java:logGet(44)) - raft.server.log.appender.install.snapshot.enabled = false (custom)
2020-05-05 20:42:29,798 [pool-33-thread-1] INFO  impl.RaftServerImpl (RaftServerImpl.java:<init>(98)) - a3dc0fab-fd77-483e-a1be-ad4f60ecb6c9: new RaftServerImpl for group-34A980212478:[9165a4e1-13c4-461b-9202-0041ff0b8c94:172.17.0.2:43429, a3dc0fab-fd77-483e-a1be-ad4f60ecb6c9:172.17.0.2:36973, 1b07fd28-1625-44f3-a3e1-fac0cfa23bee:172.17.0.2:33503] with ContainerStateMachine:uninitialized
2020-05-05 20:42:29,799 [Command processor thread] INFO  commandhandler.CreatePipelineCommandHandler (CreatePipelineCommandHandler.java:handle(109)) - Created Pipeline RATIS ONE #id: "f47f570a-f7b9-43a1-bbb2-ccd4fcd405f2"
.
2020-05-05 20:42:29,799 [pool-33-thread-1] INFO  server.RaftServerConfigKeys (ConfUtils.java:logGet(44)) - raft.server.rpc.timeout.min = 5s (custom)
2020-05-05 20:42:29,799 [pool-33-thread-1] INFO  server.RaftServerConfigKeys (ConfUtils.java:logGet(44)) - raft.server.rpc.timeout.max = 5200ms (custom)
2020-05-05 20:42:29,799 [pool-33-thread-1] INFO  server.RaftServerConfigKeys (ConfUtils.java:logGet(44)) - raft.server.rpcslowness.timeout = 300s (custom)
2020-05-05 20:42:29,799 [pool-33-thread-1] INFO  server.RaftServerConfigKeys (ConfUtils.java:logGet(44)) - raft.server.sleep.deviation.threshold = 300 (default)
2020-05-05 20:42:29,799 [pool-33-thread-1] INFO  server.RaftServerConfigKeys (ConfUtils.java:logGet(44)) - raft.server.log.appender.install.snapshot.enabled = false (custom)
2020-05-05 20:42:29,799 [Command processor thread] INFO  impl.RaftServerProxy (RaftServerProxy.java:addNew(89)) - 9165a4e1-13c4-461b-9202-0041ff0b8c94: addNew group-34A980212478:[9165a4e1-13c4-461b-9202-0041ff0b8c94:172.17.0.2:43429, a3dc0fab-fd77-483e-a1be-ad4f60ecb6c9:172.17.0.2:36973, 1b07fd28-1625-44f3-a3e1-fac0cfa23bee:172.17.0.2:33503] returns group-34A980212478:java.util.concurrent.CompletableFuture@2a4b5379[Not completed]
2020-05-05 20:42:29,798 [pool-48-thread-1] INFO  impl.RaftServerImpl (ServerState.java:<init>(103)) - 1b07fd28-1625-44f3-a3e1-fac0cfa23bee@group-34A980212478: ConfigurationManager, init=-1: [9165a4e1-13c4-461b-9202-0041ff0b8c94:172.17.0.2:43429, a3dc0fab-fd77-483e-a1be-ad4f60ecb6c9:172.17.0.2:36973, 1b07fd28-1625-44f3-a3e1-fac0cfa23bee:172.17.0.2:33503], old=null, confs=<EMPTY_MAP>
2020-05-05 20:42:29,799 [pool-48-thread-1] INFO  server.RaftServerConfigKeys (ConfUtils.java:logGet(44)) - raft.server.storage.dir = [/github/workspace/mnt/ozone/hadoop-ozone/integration-test/target/test-dir/MiniOzoneClusterImpl-1061ffec-64c5-41b9-927f-85dc442c5c47/datanode-1/data/ratis] (custom)
2020-05-05 20:42:29,799 [pool-48-thread-1] INFO  server.RaftServerConfigKeys (ConfUtils.java:logGet(44)) - raft.server.log.corruption.policy = EXCEPTION (default)
2020-05-05 20:42:29,800 [pool-48-thread-1] INFO  storage.RaftStorageDirectory (RaftStorageDirectory.java:analyzeStorage(261)) - The storage directory /github/workspace/mnt/ozone/hadoop-ozone/integration-test/target/test-dir/MiniOzoneClusterImpl-1061ffec-64c5-41b9-927f-85dc442c5c47/datanode-1/data/ratis/e7e090d7-51bd-4bdd-a412-34a980212478 does not exist. Creating ...
2020-05-05 20:42:29,799 [pool-33-thread-1] INFO  impl.RaftServerImpl (ServerState.java:<init>(103)) - a3dc0fab-fd77-483e-a1be-ad4f60ecb6c9@group-34A980212478: ConfigurationManager, init=-1: [9165a4e1-13c4-461b-9202-0041ff0b8c94:172.17.0.2:43429, a3dc0fab-fd77-483e-a1be-ad4f60ecb6c9:172.17.0.2:36973, 1b07fd28-1625-44f3-a3e1-fac0cfa23bee:172.17.0.2:33503], old=null, confs=<EMPTY_MAP>
2020-05-05 20:42:29,800 [pool-33-thread-1] INFO  server.RaftServerConfigKeys (ConfUtils.java:logGet(44)) - raft.server.storage.dir = [/github/workspace/mnt/ozone/hadoop-ozone/integration-test/target/test-dir/MiniOzoneClusterImpl-1061ffec-64c5-41b9-927f-85dc442c5c47/datanode-0/data/ratis] (custom)
2020-05-05 20:42:29,800 [pool-33-thread-1] INFO  server.RaftServerConfigKeys (ConfUtils.java:logGet(44)) - raft.server.log.corruption.policy = EXCEPTION (default)
2020-05-05 20:42:29,801 [pool-33-thread-1] INFO  storage.RaftStorageDirectory (RaftStorageDirectory.java:analyzeStorage(261)) - The storage directory /github/workspace/mnt/ozone/hadoop-ozone/integration-test/target/test-dir/MiniOzoneClusterImpl-1061ffec-64c5-41b9-927f-85dc442c5c47/datanode-0/data/ratis/e7e090d7-51bd-4bdd-a412-34a980212478 does not exist. Creating ...
2020-05-05 20:42:29,801 [pool-33-thread-1] INFO  storage.RaftStorageDirectory (RaftStorageDirectory.java:tryLock(343)) - Lock on /github/workspace/mnt/ozone/hadoop-ozone/integration-test/target/test-dir/MiniOzoneClusterImpl-1061ffec-64c5-41b9-927f-85dc442c5c47/datanode-0/data/ratis/e7e090d7-51bd-4bdd-a412-34a980212478/in_use.lock acquired by nodename 9969@6e5df9598914
2020-05-05 20:42:29,802 [pool-48-thread-1] INFO  storage.RaftStorageDirectory (RaftStorageDirectory.java:tryLock(343)) - Lock on /github/workspace/mnt/ozone/hadoop-ozone/integration-test/target/test-dir/MiniOzoneClusterImpl-1061ffec-64c5-41b9-927f-85dc442c5c47/datanode-1/data/ratis/e7e090d7-51bd-4bdd-a412-34a980212478/in_use.lock acquired by nodename 9969@6e5df9598914
2020-05-05 20:42:29,803 [pool-48-thread-1] INFO  storage.RaftStorage (RaftStorage.java:format(84)) - Storage directory /github/workspace/mnt/ozone/hadoop-ozone/integration-test/target/test-dir/MiniOzoneClusterImpl-1061ffec-64c5-41b9-927f-85dc442c5c47/datanode-1/data/ratis/e7e090d7-51bd-4bdd-a412-34a980212478 has been successfully formatted.
2020-05-05 20:42:29,803 [pool-33-thread-1] INFO  storage.RaftStorage (RaftStorage.java:format(84)) - Storage directory /github/workspace/mnt/ozone/hadoop-ozone/integration-test/target/test-dir/MiniOzoneClusterImpl-1061ffec-64c5-41b9-927f-85dc442c5c47/datanode-0/data/ratis/e7e090d7-51bd-4bdd-a412-34a980212478 has been successfully formatted.
2020-05-05 20:42:29,810 [pool-33-thread-1] INFO  ratis.ContainerStateMachine (ContainerStateMachine.java:loadSnapshot(226)) - group-34A980212478: The snapshot info is null. Setting the last applied indexto:(t:0, i:~)
2020-05-05 20:42:29,811 [pool-48-thread-1] INFO  ratis.ContainerStateMachine (ContainerStateMachine.java:loadSnapshot(226)) - group-34A980212478: The snapshot info is null. Setting the last applied indexto:(t:0, i:~)
2020-05-05 20:42:29,811 [pool-48-thread-1] INFO  server.RaftServerConfigKeys (ConfUtils.java:logGet(44)) - raft.server.notification.no-leader.timeout = 60s (default)
2020-05-05 20:42:29,811 [pool-48-thread-1] INFO  server.RaftServerConfigKeys (ConfUtils.java:logGet(44)) - raft.server.log.use.memory = false (default)
2020-05-05 20:42:29,811 [pool-48-thread-1] INFO  server.RaftServerConfigKeys (ConfUtils.java:logGet(44)) - raft.server.log.purge.gap = 1000000 (custom)
2020-05-05 20:42:29,811 [pool-48-thread-1] INFO  server.RaftServerConfigKeys (ConfUtils.java:logGet(44)) - raft.server.log.appender.buffer.byte-limit = 33554432 (custom)
2020-05-05 20:42:29,811 [pool-48-thread-1] INFO  server.RaftServerConfigKeys (ConfUtils.java:logGet(44)) - raft.server.log.segment.size.max = 1048576 (custom)
2020-05-05 20:42:29,811 [pool-48-thread-1] INFO  server.RaftServerConfigKeys (ConfUtils.java:logGet(44)) - raft.server.log.segment.cache.num.max = 2 (custom)
2020-05-05 20:42:29,811 [pool-48-thread-1] INFO  segmented.SegmentedRaftLogWorker (SegmentedRaftLogWorker.java:<init>(176)) - new 1b07fd28-1625-44f3-a3e1-fac0cfa23bee@group-34A980212478-SegmentedRaftLogWorker for RaftStorage:Storage Directory /github/workspace/mnt/ozone/hadoop-ozone/integration-test/target/test-dir/MiniOzoneClusterImpl-1061ffec-64c5-41b9-927f-85dc442c5c47/datanode-1/data/ratis/e7e090d7-51bd-4bdd-a412-34a980212478
2020-05-05 20:42:29,811 [pool-48-thread-1] INFO  server.RaftServerConfigKeys (ConfUtils.java:logGet(44)) - raft.server.log.queue.byte-limit = 2147483647 (custom)
2020-05-05 20:42:29,811 [pool-48-thread-1] INFO  server.RaftServerConfigKeys (ConfUtils.java:logGet(44)) - raft.server.log.queue.element-limit = 1024 (custom)
2020-05-05 20:42:29,811 [pool-48-thread-1] INFO  server.RaftServerConfigKeys (ConfUtils.java:logGet(44)) - raft.server.log.segment.size.max = 1048576 (custom)
2020-05-05 20:42:29,812 [pool-48-thread-1] INFO  server.RaftServerConfigKeys (ConfUtils.java:logGet(44)) - raft.server.log.preallocated.size = 16384 (custom)
2020-05-05 20:42:29,812 [pool-48-thread-1] INFO  server.RaftServerConfigKeys (ConfUtils.java:logGet(44)) - raft.server.log.write.buffer.size = 1048576 (custom)
2020-05-05 20:42:29,812 [pool-48-thread-1] INFO  server.RaftServerConfigKeys (ConfUtils.java:logGet(44)) - raft.server.log.force.sync.num = 128 (default)
2020-05-05 20:42:29,812 [pool-48-thread-1] INFO  server.RaftServerConfigKeys (ConfUtils.java:logGet(44)) - raft.server.log.statemachine.data.sync = true (default)
2020-05-05 20:42:29,812 [pool-48-thread-1] INFO  server.RaftServerConfigKeys (ConfUtils.java:logGet(44)) - raft.server.log.statemachine.data.sync.timeout = 10s (default)
2020-05-05 20:42:29,811 [pool-33-thread-1] INFO  server.RaftServerConfigKeys (ConfUtils.java:logGet(44)) - raft.server.notification.no-leader.timeout = 60s (default)
2020-05-05 20:42:29,812 [pool-33-thread-1] INFO  server.RaftServerConfigKeys (ConfUtils.java:logGet(44)) - raft.server.log.use.memory = false (default)
2020-05-05 20:42:29,812 [pool-33-thread-1] INFO  server.RaftServerConfigKeys (ConfUtils.java:logGet(44)) - raft.server.log.purge.gap = 1000000 (custom)
2020-05-05 20:42:29,812 [pool-33-thread-1] INFO  server.RaftServerConfigKeys (ConfUtils.java:logGet(44)) - raft.server.log.appender.buffer.byte-limit = 33554432 (custom)
2020-05-05 20:42:29,812 [pool-33-thread-1] INFO  server.RaftServerConfigKeys (ConfUtils.java:logGet(44)) - raft.server.log.segment.size.max = 1048576 (custom)
2020-05-05 20:42:29,812 [pool-33-thread-1] INFO  server.RaftServerConfigKeys (ConfUtils.java:logGet(44)) - raft.server.log.segment.cache.num.max = 2 (custom)
2020-05-05 20:42:29,812 [pool-33-thread-1] INFO  segmented.SegmentedRaftLogWorker (SegmentedRaftLogWorker.java:<init>(176)) - new a3dc0fab-fd77-483e-a1be-ad4f60ecb6c9@group-34A980212478-SegmentedRaftLogWorker for RaftStorage:Storage Directory /github/workspace/mnt/ozone/hadoop-ozone/integration-test/target/test-dir/MiniOzoneClusterImpl-1061ffec-64c5-41b9-927f-85dc442c5c47/datanode-0/data/ratis/e7e090d7-51bd-4bdd-a412-34a980212478
2020-05-05 20:42:29,813 [pool-33-thread-1] INFO  server.RaftServerConfigKeys (ConfUtils.java:logGet(44)) - raft.server.log.queue.byte-limit = 2147483647 (custom)
2020-05-05 20:42:29,813 [pool-33-thread-1] INFO  server.RaftServerConfigKeys (ConfUtils.java:logGet(44)) - raft.server.log.queue.element-limit = 1024 (custom)
2020-05-05 20:42:29,813 [pool-33-thread-1] INFO  server.RaftServerConfigKeys (ConfUtils.java:logGet(44)) - raft.server.log.segment.size.max = 1048576 (custom)
2020-05-05 20:42:29,813 [pool-33-thread-1] INFO  server.RaftServerConfigKeys (ConfUtils.java:logGet(44)) - raft.server.log.preallocated.size = 16384 (custom)
2020-05-05 20:42:29,813 [pool-33-thread-1] INFO  server.RaftServerConfigKeys (ConfUtils.java:logGet(44)) - raft.server.log.write.buffer.size = 1048576 (custom)
2020-05-05 20:42:29,813 [pool-33-thread-1] INFO  server.RaftServerConfigKeys (ConfUtils.java:logGet(44)) - raft.server.log.force.sync.num = 128 (default)
2020-05-05 20:42:29,813 [pool-33-thread-1] INFO  server.RaftServerConfigKeys (ConfUtils.java:logGet(44)) - raft.server.log.statemachine.data.sync = true (default)
2020-05-05 20:42:29,813 [pool-33-thread-1] INFO  server.RaftServerConfigKeys (ConfUtils.java:logGet(44)) - raft.server.log.statemachine.data.sync.timeout = 10s (default)
2020-05-05 20:42:29,813 [pool-33-thread-1] INFO  server.RaftServerConfigKeys (ConfUtils.java:logGet(44)) - raft.server.log.statemachine.data.sync.timeout.retry = -1 (default)
2020-05-05 20:42:29,814 [pool-33-thread-1] INFO  server.RaftServerConfigKeys (ConfUtils.java:logGet(44)) - raft.server.log.statemachine.data.caching.enabled = true (custom)
2020-05-05 20:42:29,814 [pool-33-thread-1] INFO  segmented.SegmentedRaftLogWorker (SegmentedRaftLogWorker.java:lambda$new$0(129)) - a3dc0fab-fd77-483e-a1be-ad4f60ecb6c9@group-34A980212478-SegmentedRaftLogWorker: flushIndex: setUnconditionally 0 -> -1
2020-05-05 20:42:29,812 [pool-48-thread-1] INFO  server.RaftServerConfigKeys (ConfUtils.java:logGet(44)) - raft.server.log.statemachine.data.sync.timeout.retry = -1 (default)
2020-05-05 20:42:29,815 [pool-63-thread-1] INFO  impl.RaftServerImpl (RaftServerImpl.java:<init>(98)) - 9165a4e1-13c4-461b-9202-0041ff0b8c94: new RaftServerImpl for group-34A980212478:[9165a4e1-13c4-461b-9202-0041ff0b8c94:172.17.0.2:43429, a3dc0fab-fd77-483e-a1be-ad4f60ecb6c9:172.17.0.2:36973, 1b07fd28-1625-44f3-a3e1-fac0cfa23bee:172.17.0.2:33503] with ContainerStateMachine:uninitialized
2020-05-05 20:42:29,815 [pool-63-thread-1] INFO  server.RaftServerConfigKeys (ConfUtils.java:logGet(44)) - raft.server.rpc.timeout.min = 5s (custom)
2020-05-05 20:42:29,815 [pool-63-thread-1] INFO  server.RaftServerConfigKeys (ConfUtils.java:logGet(44)) - raft.server.rpc.timeout.max = 5200ms (custom)
2020-05-05 20:42:29,815 [pool-63-thread-1] INFO  server.RaftServerConfigKeys (ConfUtils.java:logGet(44)) - raft.server.rpcslowness.timeout = 300s (custom)
2020-05-05 20:42:29,817 [pool-63-thread-1] INFO  server.RaftServerConfigKeys (ConfUtils.java:logGet(44)) - raft.server.sleep.deviation.threshold = 300 (default)
2020-05-05 20:42:29,817 [pool-63-thread-1] INFO  server.RaftServerConfigKeys (ConfUtils.java:logGet(44)) - raft.server.log.appender.install.snapshot.enabled = false (custom)
2020-05-05 20:42:29,817 [pool-63-thread-1] INFO  impl.RaftServerImpl (ServerState.java:<init>(103)) - 9165a4e1-13c4-461b-9202-0041ff0b8c94@group-34A980212478: ConfigurationManager, init=-1: [9165a4e1-13c4-461b-9202-0041ff0b8c94:172.17.0.2:43429, a3dc0fab-fd77-483e-a1be-ad4f60ecb6c9:172.17.0.2:36973, 1b07fd28-1625-44f3-a3e1-fac0cfa23bee:172.17.0.2:33503], old=null, confs=<EMPTY_MAP>
2020-05-05 20:42:29,817 [pool-63-thread-1] INFO  server.RaftServerConfigKeys (ConfUtils.java:logGet(44)) - raft.server.storage.dir = [/github/workspace/mnt/ozone/hadoop-ozone/integration-test/target/test-dir/MiniOzoneClusterImpl-1061ffec-64c5-41b9-927f-85dc442c5c47/datanode-2/data/ratis] (custom)
2020-05-05 20:42:29,817 [pool-63-thread-1] INFO  server.RaftServerConfigKeys (ConfUtils.java:logGet(44)) - raft.server.log.corruption.policy = EXCEPTION (default)
2020-05-05 20:42:29,818 [pool-63-thread-1] INFO  storage.RaftStorageDirectory (RaftStorageDirectory.java:analyzeStorage(261)) - The storage directory /github/workspace/mnt/ozone/hadoop-ozone/integration-test/target/test-dir/MiniOzoneClusterImpl-1061ffec-64c5-41b9-927f-85dc442c5c47/datanode-2/data/ratis/e7e090d7-51bd-4bdd-a412-34a980212478 does not exist. Creating ...
2020-05-05 20:42:29,819 [pool-63-thread-1] INFO  storage.RaftStorageDirectory (RaftStorageDirectory.java:tryLock(343)) - Lock on /github/workspace/mnt/ozone/hadoop-ozone/integration-test/target/test-dir/MiniOzoneClusterImpl-1061ffec-64c5-41b9-927f-85dc442c5c47/datanode-2/data/ratis/e7e090d7-51bd-4bdd-a412-34a980212478/in_use.lock acquired by nodename 9969@6e5df9598914
2020-05-05 20:42:29,820 [pool-63-thread-1] INFO  storage.RaftStorage (RaftStorage.java:format(84)) - Storage directory /github/workspace/mnt/ozone/hadoop-ozone/integration-test/target/test-dir/MiniOzoneClusterImpl-1061ffec-64c5-41b9-927f-85dc442c5c47/datanode-2/data/ratis/e7e090d7-51bd-4bdd-a412-34a980212478 has been successfully formatted.
2020-05-05 20:42:29,822 [pool-33-thread-1] INFO  server.RaftServerConfigKeys (ConfUtils.java:logGet(44)) - raft.server.snapshot.auto.trigger.enabled = true (custom)
2020-05-05 20:42:29,822 [pool-33-thread-1] INFO  server.RaftServerConfigKeys (ConfUtils.java:logGet(44)) - raft.server.snapshot.auto.trigger.threshold = 10000 (custom)
2020-05-05 20:42:29,823 [pool-33-thread-1] INFO  server.RaftServerConfigKeys (ConfUtils.java:logGet(44)) - raft.server.snapshot.retention.file.num = 5 (custom)
2020-05-05 20:42:29,823 [pool-33-thread-1] INFO  server.RaftServerConfigKeys (ConfUtils.java:logGet(44)) - raft.server.log.purge.upto.snapshot.index = false (default)
2020-05-05 20:42:29,823 [pool-33-thread-1] INFO  server.RaftServerConfigKeys (ConfUtils.java:logGet(44)) - raft.server.retrycache.expirytime = 600000ms (custom)
2020-05-05 20:42:29,823 [pool-33-thread-1] INFO  metrics.RatisMetrics (RatisMetrics.java:lambda$create$0(39)) - Creating Metrics Registry : ratis.leader_election.a3dc0fab-fd77-483e-a1be-ad4f60ecb6c9@group-34A980212478
2020-05-05 20:42:29,823 [pool-33-thread-1] INFO  metrics.RatisMetrics (RatisMetrics.java:lambda$create$0(39)) - Creating Metrics Registry : ratis.server.a3dc0fab-fd77-483e-a1be-ad4f60ecb6c9@group-34A980212478
2020-05-05 20:42:29,824 [pool-33-thread-1] INFO  impl.RaftServerImpl (RaftServerImpl.java:start(184)) - a3dc0fab-fd77-483e-a1be-ad4f60ecb6c9@group-34A980212478: start as a follower, conf=-1: [9165a4e1-13c4-461b-9202-0041ff0b8c94:172.17.0.2:43429, a3dc0fab-fd77-483e-a1be-ad4f60ecb6c9:172.17.0.2:36973, 1b07fd28-1625-44f3-a3e1-fac0cfa23bee:172.17.0.2:33503], old=null
2020-05-05 20:42:29,824 [pool-33-thread-1] INFO  impl.RaftServerImpl (RaftServerImpl.java:setRole(173)) - a3dc0fab-fd77-483e-a1be-ad4f60ecb6c9@group-34A980212478: changes role from      null to FOLLOWER at term 0 for startAsFollower
2020-05-05 20:42:29,824 [pool-33-thread-1] INFO  impl.RoleInfo (RoleInfo.java:updateAndGet(143)) - a3dc0fab-fd77-483e-a1be-ad4f60ecb6c9: start FollowerState
2020-05-05 20:42:29,826 [pool-33-thread-1] INFO  util.JmxRegister (JmxRegister.java:tryRegister(44)) - Successfully registered JMX Bean with object name Ratis:service=RaftServer,group=group-34A980212478,id=a3dc0fab-fd77-483e-a1be-ad4f60ecb6c9
2020-05-05 20:42:29,826 [pool-33-thread-1] INFO  metrics.RatisMetrics (RatisMetrics.java:lambda$create$0(39)) - Creating Metrics Registry : ratis.state_machine.a3dc0fab-fd77-483e-a1be-ad4f60ecb6c9@group-34A980212478
2020-05-05 20:42:29,832 [pool-48-thread-1] INFO  server.RaftServerConfigKeys (ConfUtils.java:logGet(44)) - raft.server.log.statemachine.data.caching.enabled = true (custom)
2020-05-05 20:42:29,832 [pool-48-thread-1] INFO  segmented.SegmentedRaftLogWorker (SegmentedRaftLogWorker.java:lambda$new$0(129)) - 1b07fd28-1625-44f3-a3e1-fac0cfa23bee@group-34A980212478-SegmentedRaftLogWorker: flushIndex: setUnconditionally 0 -> -1
2020-05-05 20:42:29,832 [pool-63-thread-1] INFO  ratis.ContainerStateMachine (ContainerStateMachine.java:loadSnapshot(226)) - group-34A980212478: The snapshot info is null. Setting the last applied indexto:(t:0, i:~)
2020-05-05 20:42:29,832 [pool-63-thread-1] INFO  server.RaftServerConfigKeys (ConfUtils.java:logGet(44)) - raft.server.notification.no-leader.timeout = 60s (default)
2020-05-05 20:42:29,832 [pool-63-thread-1] INFO  server.RaftServerConfigKeys (ConfUtils.java:logGet(44)) - raft.server.log.use.memory = false (default)
2020-05-05 20:42:29,832 [pool-63-thread-1] INFO  server.RaftServerConfigKeys (ConfUtils.java:logGet(44)) - raft.server.log.purge.gap = 1000000 (custom)
2020-05-05 20:42:29,833 [pool-63-thread-1] INFO  server.RaftServerConfigKeys (ConfUtils.java:logGet(44)) - raft.server.log.appender.buffer.byte-limit = 33554432 (custom)
2020-05-05 20:42:29,833 [pool-63-thread-1] INFO  server.RaftServerConfigKeys (ConfUtils.java:logGet(44)) - raft.server.log.segment.size.max = 1048576 (custom)
2020-05-05 20:42:29,833 [pool-63-thread-1] INFO  server.RaftServerConfigKeys (ConfUtils.java:logGet(44)) - raft.server.log.segment.cache.num.max = 2 (custom)
2020-05-05 20:42:29,833 [pool-63-thread-1] INFO  segmented.SegmentedRaftLogWorker (SegmentedRaftLogWorker.java:<init>(176)) - new 9165a4e1-13c4-461b-9202-0041ff0b8c94@group-34A980212478-SegmentedRaftLogWorker for RaftStorage:Storage Directory /github/workspace/mnt/ozone/hadoop-ozone/integration-test/target/test-dir/MiniOzoneClusterImpl-1061ffec-64c5-41b9-927f-85dc442c5c47/datanode-2/data/ratis/e7e090d7-51bd-4bdd-a412-34a980212478
2020-05-05 20:42:29,833 [pool-63-thread-1] INFO  server.RaftServerConfigKeys (ConfUtils.java:logGet(44)) - raft.server.log.queue.byte-limit = 2147483647 (custom)
2020-05-05 20:42:29,833 [pool-63-thread-1] INFO  server.RaftServerConfigKeys (ConfUtils.java:logGet(44)) - raft.server.log.queue.element-limit = 1024 (custom)
2020-05-05 20:42:29,833 [pool-63-thread-1] INFO  server.RaftServerConfigKeys (ConfUtils.java:logGet(44)) - raft.server.log.segment.size.max = 1048576 (custom)
2020-05-05 20:42:29,833 [pool-63-thread-1] INFO  server.RaftServerConfigKeys (ConfUtils.java:logGet(44)) - raft.server.log.preallocated.size = 16384 (custom)
2020-05-05 20:42:29,833 [pool-63-thread-1] INFO  server.RaftServerConfigKeys (ConfUtils.java:logGet(44)) - raft.server.log.write.buffer.size = 1048576 (custom)
2020-05-05 20:42:29,833 [pool-63-thread-1] INFO  server.RaftServerConfigKeys (ConfUtils.java:logGet(44)) - raft.server.log.force.sync.num = 128 (default)
2020-05-05 20:42:29,834 [pool-63-thread-1] INFO  server.RaftServerConfigKeys (ConfUtils.java:logGet(44)) - raft.server.log.statemachine.data.sync = true (default)
2020-05-05 20:42:29,834 [pool-63-thread-1] INFO  server.RaftServerConfigKeys (ConfUtils.java:logGet(44)) - raft.server.log.statemachine.data.sync.timeout = 10s (default)
2020-05-05 20:42:29,834 [pool-63-thread-1] INFO  server.RaftServerConfigKeys (ConfUtils.java:logGet(44)) - raft.server.log.statemachine.data.sync.timeout.retry = -1 (default)
2020-05-05 20:42:29,838 [pool-48-thread-1] INFO  server.RaftServerConfigKeys (ConfUtils.java:logGet(44)) - raft.server.snapshot.auto.trigger.enabled = true (custom)
2020-05-05 20:42:29,838 [pool-48-thread-1] INFO  server.RaftServerConfigKeys (ConfUtils.java:logGet(44)) - raft.server.snapshot.auto.trigger.threshold = 10000 (custom)
2020-05-05 20:42:29,838 [pool-48-thread-1] INFO  server.RaftServerConfigKeys (ConfUtils.java:logGet(44)) - raft.server.snapshot.retention.file.num = 5 (custom)
2020-05-05 20:42:29,838 [pool-48-thread-1] INFO  server.RaftServerConfigKeys (ConfUtils.java:logGet(44)) - raft.server.log.purge.upto.snapshot.index = false (default)
2020-05-05 20:42:29,839 [pool-48-thread-1] INFO  server.RaftServerConfigKeys (ConfUtils.java:logGet(44)) - raft.server.retrycache.expirytime = 600000ms (custom)
2020-05-05 20:42:29,839 [pool-48-thread-1] INFO  metrics.RatisMetrics (RatisMetrics.java:lambda$create$0(39)) - Creating Metrics Registry : ratis.leader_election.1b07fd28-1625-44f3-a3e1-fac0cfa23bee@group-34A980212478
2020-05-05 20:42:29,841 [pool-48-thread-1] INFO  metrics.RatisMetrics (RatisMetrics.java:lambda$create$0(39)) - Creating Metrics Registry : ratis.server.1b07fd28-1625-44f3-a3e1-fac0cfa23bee@group-34A980212478
2020-05-05 20:42:29,842 [pool-48-thread-1] INFO  impl.RaftServerImpl (RaftServerImpl.java:start(184)) - 1b07fd28-1625-44f3-a3e1-fac0cfa23bee@group-34A980212478: start as a follower, conf=-1: [9165a4e1-13c4-461b-9202-0041ff0b8c94:172.17.0.2:43429, a3dc0fab-fd77-483e-a1be-ad4f60ecb6c9:172.17.0.2:36973, 1b07fd28-1625-44f3-a3e1-fac0cfa23bee:172.17.0.2:33503], old=null
2020-05-05 20:42:29,842 [pool-48-thread-1] INFO  impl.RaftServerImpl (RaftServerImpl.java:setRole(173)) - 1b07fd28-1625-44f3-a3e1-fac0cfa23bee@group-34A980212478: changes role from      null to FOLLOWER at term 0 for startAsFollower
2020-05-05 20:42:29,842 [pool-48-thread-1] INFO  impl.RoleInfo (RoleInfo.java:updateAndGet(143)) - 1b07fd28-1625-44f3-a3e1-fac0cfa23bee: start FollowerState
2020-05-05 20:42:29,842 [pool-63-thread-1] INFO  server.RaftServerConfigKeys (ConfUtils.java:logGet(44)) - raft.server.log.statemachine.data.caching.enabled = true (custom)
2020-05-05 20:42:29,842 [pool-63-thread-1] INFO  segmented.SegmentedRaftLogWorker (SegmentedRaftLogWorker.java:lambda$new$0(129)) - 9165a4e1-13c4-461b-9202-0041ff0b8c94@group-34A980212478-SegmentedRaftLogWorker: flushIndex: setUnconditionally 0 -> -1
2020-05-05 20:42:29,845 [pool-48-thread-1] INFO  util.JmxRegister (JmxRegister.java:tryRegister(44)) - Successfully registered JMX Bean with object name Ratis:service=RaftServer,group=group-34A980212478,id=1b07fd28-1625-44f3-a3e1-fac0cfa23bee
2020-05-05 20:42:29,845 [pool-48-thread-1] INFO  metrics.RatisMetrics (RatisMetrics.java:lambda$create$0(39)) - Creating Metrics Registry : ratis.state_machine.1b07fd28-1625-44f3-a3e1-fac0cfa23bee@group-34A980212478
2020-05-05 20:42:29,852 [pool-63-thread-1] INFO  server.RaftServerConfigKeys (ConfUtils.java:logGet(44)) - raft.server.snapshot.auto.trigger.enabled = true (custom)
2020-05-05 20:42:29,852 [pool-63-thread-1] INFO  server.RaftServerConfigKeys (ConfUtils.java:logGet(44)) - raft.server.snapshot.auto.trigger.threshold = 10000 (custom)
2020-05-05 20:42:29,852 [pool-63-thread-1] INFO  server.RaftServerConfigKeys (ConfUtils.java:logGet(44)) - raft.server.snapshot.retention.file.num = 5 (custom)
2020-05-05 20:42:29,852 [pool-63-thread-1] INFO  server.RaftServerConfigKeys (ConfUtils.java:logGet(44)) - raft.server.log.purge.upto.snapshot.index = false (default)
2020-05-05 20:42:29,852 [pool-63-thread-1] INFO  server.RaftServerConfigKeys (ConfUtils.java:logGet(44)) - raft.server.retrycache.expirytime = 600000ms (custom)
2020-05-05 20:42:29,852 [pool-63-thread-1] INFO  metrics.RatisMetrics (RatisMetrics.java:lambda$create$0(39)) - Creating Metrics Registry : ratis.leader_election.9165a4e1-13c4-461b-9202-0041ff0b8c94@group-34A980212478
2020-05-05 20:42:29,853 [pool-63-thread-1] INFO  metrics.RatisMetrics (RatisMetrics.java:lambda$create$0(39)) - Creating Metrics Registry : ratis.server.9165a4e1-13c4-461b-9202-0041ff0b8c94@group-34A980212478
2020-05-05 20:42:29,854 [pool-63-thread-1] INFO  impl.RaftServerImpl (RaftServerImpl.java:start(184)) - 9165a4e1-13c4-461b-9202-0041ff0b8c94@group-34A980212478: start as a follower, conf=-1: [9165a4e1-13c4-461b-9202-0041ff0b8c94:172.17.0.2:43429, a3dc0fab-fd77-483e-a1be-ad4f60ecb6c9:172.17.0.2:36973, 1b07fd28-1625-44f3-a3e1-fac0cfa23bee:172.17.0.2:33503], old=null
2020-05-05 20:42:29,854 [pool-63-thread-1] INFO  impl.RaftServerImpl (RaftServerImpl.java:setRole(173)) - 9165a4e1-13c4-461b-9202-0041ff0b8c94@group-34A980212478: changes role from      null to FOLLOWER at term 0 for startAsFollower
2020-05-05 20:42:29,854 [pool-63-thread-1] INFO  impl.RoleInfo (RoleInfo.java:updateAndGet(143)) - 9165a4e1-13c4-461b-9202-0041ff0b8c94: start FollowerState
2020-05-05 20:42:29,854 [pool-63-thread-1] INFO  util.JmxRegister (JmxRegister.java:tryRegister(44)) - Successfully registered JMX Bean with object name Ratis:service=RaftServer,group=group-34A980212478,id=9165a4e1-13c4-461b-9202-0041ff0b8c94
2020-05-05 20:42:29,854 [pool-63-thread-1] INFO  metrics.RatisMetrics (RatisMetrics.java:lambda$create$0(39)) - Creating Metrics Registry : ratis.state_machine.9165a4e1-13c4-461b-9202-0041ff0b8c94@group-34A980212478
2020-05-05 20:42:30,702 [main] INFO  ozone.MiniOzoneClusterImpl (MiniOzoneClusterImpl.java:lambda$waitForClusterToBeReady$0(177)) - Nodes are ready. Got 3 of 3 DN Heartbeats.
2020-05-05 20:42:30,703 [main] INFO  ozone.MiniOzoneClusterImpl (MiniOzoneClusterImpl.java:lambda$waitForClusterToBeReady$0(180)) - Waiting for cluster to exit safe mode
2020-05-05 20:42:30,713 [Command processor thread] INFO  commandhandler.CreatePipelineCommandHandler (CreatePipelineCommandHandler.java:handle(109)) - Created Pipeline RATIS THREE #id: "e7e090d7-51bd-4bdd-a412-34a980212478"
.
2020-05-05 20:42:30,717 [Command processor thread] INFO  commandhandler.CreatePipelineCommandHandler (CreatePipelineCommandHandler.java:handle(109)) - Created Pipeline RATIS THREE #id: "e7e090d7-51bd-4bdd-a412-34a980212478"
.
2020-05-05 20:42:30,727 [Command processor thread] INFO  commandhandler.CreatePipelineCommandHandler (CreatePipelineCommandHandler.java:handle(109)) - Created Pipeline RATIS THREE #id: "e7e090d7-51bd-4bdd-a412-34a980212478"
.
2020-05-05 20:42:31,703 [main] INFO  ozone.MiniOzoneClusterImpl (MiniOzoneClusterImpl.java:lambda$waitForClusterToBeReady$0(177)) - Nodes are ready. Got 3 of 3 DN Heartbeats.
2020-05-05 20:42:31,704 [main] INFO  ozone.MiniOzoneClusterImpl (MiniOzoneClusterImpl.java:lambda$waitForClusterToBeReady$0(180)) - Waiting for cluster to exit safe mode
2020-05-05 20:42:32,704 [main] INFO  ozone.MiniOzoneClusterImpl (MiniOzoneClusterImpl.java:lambda$waitForClusterToBeReady$0(177)) - Nodes are ready. Got 3 of 3 DN Heartbeats.
2020-05-05 20:42:32,704 [main] INFO  ozone.MiniOzoneClusterImpl (MiniOzoneClusterImpl.java:lambda$waitForClusterToBeReady$0(180)) - Waiting for cluster to exit safe mode
2020-05-05 20:42:33,705 [main] INFO  ozone.MiniOzoneClusterImpl (MiniOzoneClusterImpl.java:lambda$waitForClusterToBeReady$0(177)) - Nodes are ready. Got 3 of 3 DN Heartbeats.
2020-05-05 20:42:33,705 [main] INFO  ozone.MiniOzoneClusterImpl (MiniOzoneClusterImpl.java:lambda$waitForClusterToBeReady$0(180)) - Waiting for cluster to exit safe mode
2020-05-05 20:42:34,706 [main] INFO  ozone.MiniOzoneClusterImpl (MiniOzoneClusterImpl.java:lambda$waitForClusterToBeReady$0(177)) - Nodes are ready. Got 3 of 3 DN Heartbeats.
2020-05-05 20:42:34,706 [main] INFO  ozone.MiniOzoneClusterImpl (MiniOzoneClusterImpl.java:lambda$waitForClusterToBeReady$0(180)) - Waiting for cluster to exit safe mode
2020-05-05 20:42:34,858 [Thread-179] INFO  impl.FollowerState (FollowerState.java:run(108)) - a3dc0fab-fd77-483e-a1be-ad4f60ecb6c9@group-D8B64021685C-FollowerState: change to CANDIDATE, lastRpcTime:5090ms, electionTimeout:5075ms
2020-05-05 20:42:34,860 [Thread-179] INFO  impl.RoleInfo (RoleInfo.java:shutdownFollowerState(121)) - a3dc0fab-fd77-483e-a1be-ad4f60ecb6c9: shutdown FollowerState
2020-05-05 20:42:34,860 [Thread-179] INFO  impl.RaftServerImpl (RaftServerImpl.java:setRole(173)) - a3dc0fab-fd77-483e-a1be-ad4f60ecb6c9@group-D8B64021685C: changes role from  FOLLOWER to CANDIDATE at term 0 for changeToCandidate
2020-05-05 20:42:34,864 [Thread-179] INFO  impl.RoleInfo (RoleInfo.java:updateAndGet(143)) - a3dc0fab-fd77-483e-a1be-ad4f60ecb6c9: start LeaderElection
2020-05-05 20:42:34,867 [a3dc0fab-fd77-483e-a1be-ad4f60ecb6c9@group-D8B64021685C-LeaderElection1] INFO  impl.LeaderElection (LeaderElection.java:askForVotes(206)) - a3dc0fab-fd77-483e-a1be-ad4f60ecb6c9@group-D8B64021685C-LeaderElection1: begin an election at term 1 for -1: [a3dc0fab-fd77-483e-a1be-ad4f60ecb6c9:172.17.0.2:36973], old=null
2020-05-05 20:42:34,868 [a3dc0fab-fd77-483e-a1be-ad4f60ecb6c9@group-D8B64021685C-LeaderElection1] INFO  impl.RoleInfo (RoleInfo.java:shutdownLeaderElection(134)) - a3dc0fab-fd77-483e-a1be-ad4f60ecb6c9: shutdown LeaderElection
2020-05-05 20:42:34,869 [a3dc0fab-fd77-483e-a1be-ad4f60ecb6c9@group-D8B64021685C-LeaderElection1] INFO  impl.RaftServerImpl (RaftServerImpl.java:setRole(173)) - a3dc0fab-fd77-483e-a1be-ad4f60ecb6c9@group-D8B64021685C: changes role from CANDIDATE to LEADER at term 1 for changeToLeader
2020-05-05 20:42:34,869 [a3dc0fab-fd77-483e-a1be-ad4f60ecb6c9@group-D8B64021685C-LeaderElection1] INFO  ratis.XceiverServerRatis (XceiverServerRatis.java:handleLeaderChangedNotification(762)) - Leader change notification received for group: group-D8B64021685C with new leaderId: a3dc0fab-fd77-483e-a1be-ad4f60ecb6c9
2020-05-05 20:42:34,869 [a3dc0fab-fd77-483e-a1be-ad4f60ecb6c9@group-D8B64021685C-LeaderElection1] INFO  impl.RaftServerImpl (ServerState.java:setLeader(255)) - a3dc0fab-fd77-483e-a1be-ad4f60ecb6c9@group-D8B64021685C: change Leader from null to a3dc0fab-fd77-483e-a1be-ad4f60ecb6c9 at term 1 for becomeLeader, leader elected after 5350ms
2020-05-05 20:42:34,875 [a3dc0fab-fd77-483e-a1be-ad4f60ecb6c9@group-D8B64021685C-LeaderElection1] INFO  server.RaftServerConfigKeys (ConfUtils.java:logGet(44)) - raft.server.staging.catchup.gap = 1000 (default)
2020-05-05 20:42:34,875 [a3dc0fab-fd77-483e-a1be-ad4f60ecb6c9@group-D8B64021685C-LeaderElection1] INFO  server.RaftServerConfigKeys (ConfUtils.java:logGet(44)) - raft.server.rpc.sleep.time = 25ms (default)
2020-05-05 20:42:34,878 [a3dc0fab-fd77-483e-a1be-ad4f60ecb6c9@group-D8B64021685C-LeaderElection1] INFO  metrics.RatisMetrics (RatisMetrics.java:lambda$create$0(39)) - Creating Metrics Registry : ratis.log_appender.a3dc0fab-fd77-483e-a1be-ad4f60ecb6c9@group-D8B64021685C
2020-05-05 20:42:34,880 [a3dc0fab-fd77-483e-a1be-ad4f60ecb6c9@group-D8B64021685C-LeaderElection1] INFO  server.RaftServerConfigKeys (ConfUtils.java:logGet(44)) - raft.server.write.element-limit = 1024 (custom)
2020-05-05 20:42:34,881 [a3dc0fab-fd77-483e-a1be-ad4f60ecb6c9@group-D8B64021685C-LeaderElection1] INFO  server.RaftServerConfigKeys (ConfUtils.java:logGet(44)) - raft.server.write.byte-limit = 1073741824 (custom)
2020-05-05 20:42:34,888 [a3dc0fab-fd77-483e-a1be-ad4f60ecb6c9@group-D8B64021685C-LeaderElection1] INFO  server.RaftServerConfigKeys (ConfUtils.java:logGet(44)) - raft.server.watch.timeout = 10s (default)
2020-05-05 20:42:34,888 [a3dc0fab-fd77-483e-a1be-ad4f60ecb6c9@group-D8B64021685C-LeaderElection1] INFO  server.RaftServerConfigKeys (ConfUtils.java:logGet(44)) - raft.server.watch.timeout.denomination = 1s (default)
2020-05-05 20:42:34,889 [a3dc0fab-fd77-483e-a1be-ad4f60ecb6c9@group-D8B64021685C-LeaderElection1] INFO  server.RaftServerConfigKeys (ConfUtils.java:logGet(44)) - raft.server.watch.element-limit = 65536 (default)
2020-05-05 20:42:34,893 [Thread-178] INFO  impl.FollowerState (FollowerState.java:run(108)) - 1b07fd28-1625-44f3-a3e1-fac0cfa23bee@group-7458D3D5C3B2-FollowerState: change to CANDIDATE, lastRpcTime:5111ms, electionTimeout:5103ms
2020-05-05 20:42:34,894 [Thread-178] INFO  impl.RoleInfo (RoleInfo.java:shutdownFollowerState(121)) - 1b07fd28-1625-44f3-a3e1-fac0cfa23bee: shutdown FollowerState
2020-05-05 20:42:34,894 [Thread-178] INFO  impl.RaftServerImpl (RaftServerImpl.java:setRole(173)) - 1b07fd28-1625-44f3-a3e1-fac0cfa23bee@group-7458D3D5C3B2: changes role from  FOLLOWER to CANDIDATE at term 0 for changeToCandidate
2020-05-05 20:42:34,894 [Thread-178] INFO  impl.RoleInfo (RoleInfo.java:updateAndGet(143)) - 1b07fd28-1625-44f3-a3e1-fac0cfa23bee: start LeaderElection
2020-05-05 20:42:34,903 [a3dc0fab-fd77-483e-a1be-ad4f60ecb6c9@group-D8B64021685C-LeaderElection1] INFO  impl.RoleInfo (RoleInfo.java:updateAndGet(143)) - a3dc0fab-fd77-483e-a1be-ad4f60ecb6c9: start LeaderState
2020-05-05 20:42:34,909 [1b07fd28-1625-44f3-a3e1-fac0cfa23bee@group-7458D3D5C3B2-LeaderElection2] INFO  impl.LeaderElection (LeaderElection.java:askForVotes(206)) - 1b07fd28-1625-44f3-a3e1-fac0cfa23bee@group-7458D3D5C3B2-LeaderElection2: begin an election at term 1 for -1: [1b07fd28-1625-44f3-a3e1-fac0cfa23bee:172.17.0.2:33503], old=null
2020-05-05 20:42:34,909 [1b07fd28-1625-44f3-a3e1-fac0cfa23bee@group-7458D3D5C3B2-LeaderElection2] INFO  impl.RoleInfo (RoleInfo.java:shutdownLeaderElection(134)) - 1b07fd28-1625-44f3-a3e1-fac0cfa23bee: shutdown LeaderElection
2020-05-05 20:42:34,909 [1b07fd28-1625-44f3-a3e1-fac0cfa23bee@group-7458D3D5C3B2-LeaderElection2] INFO  impl.RaftServerImpl (RaftServerImpl.java:setRole(173)) - 1b07fd28-1625-44f3-a3e1-fac0cfa23bee@group-7458D3D5C3B2: changes role from CANDIDATE to LEADER at term 1 for changeToLeader
2020-05-05 20:42:34,909 [1b07fd28-1625-44f3-a3e1-fac0cfa23bee@group-7458D3D5C3B2-LeaderElection2] INFO  ratis.XceiverServerRatis (XceiverServerRatis.java:handleLeaderChangedNotification(762)) - Leader change notification received for group: group-7458D3D5C3B2 with new leaderId: 1b07fd28-1625-44f3-a3e1-fac0cfa23bee
2020-05-05 20:42:34,909 [1b07fd28-1625-44f3-a3e1-fac0cfa23bee@group-7458D3D5C3B2-LeaderElection2] INFO  impl.RaftServerImpl (ServerState.java:setLeader(255)) - 1b07fd28-1625-44f3-a3e1-fac0cfa23bee@group-7458D3D5C3B2: change Leader from null to 1b07fd28-1625-44f3-a3e1-fac0cfa23bee at term 1 for becomeLeader, leader elected after 5266ms
2020-05-05 20:42:34,909 [1b07fd28-1625-44f3-a3e1-fac0cfa23bee@group-7458D3D5C3B2-LeaderElection2] INFO  server.RaftServerConfigKeys (ConfUtils.java:logGet(44)) - raft.server.staging.catchup.gap = 1000 (default)
2020-05-05 20:42:34,909 [1b07fd28-1625-44f3-a3e1-fac0cfa23bee@group-7458D3D5C3B2-LeaderElection2] INFO  server.RaftServerConfigKeys (ConfUtils.java:logGet(44)) - raft.server.rpc.sleep.time = 25ms (default)
2020-05-05 20:42:34,910 [1b07fd28-1625-44f3-a3e1-fac0cfa23bee@group-7458D3D5C3B2-LeaderElection2] INFO  metrics.RatisMetrics (RatisMetrics.java:lambda$create$0(39)) - Creating Metrics Registry : ratis.log_appender.1b07fd28-1625-44f3-a3e1-fac0cfa23bee@group-7458D3D5C3B2
2020-05-05 20:42:34,910 [1b07fd28-1625-44f3-a3e1-fac0cfa23bee@group-7458D3D5C3B2-LeaderElection2] INFO  server.RaftServerConfigKeys (ConfUtils.java:logGet(44)) - raft.server.write.element-limit = 1024 (custom)
2020-05-05 20:42:34,910 [1b07fd28-1625-44f3-a3e1-fac0cfa23bee@group-7458D3D5C3B2-LeaderElection2] INFO  server.RaftServerConfigKeys (ConfUtils.java:logGet(44)) - raft.server.write.byte-limit = 1073741824 (custom)
2020-05-05 20:42:34,910 [1b07fd28-1625-44f3-a3e1-fac0cfa23bee@group-7458D3D5C3B2-LeaderElection2] INFO  server.RaftServerConfigKeys (ConfUtils.java:logGet(44)) - raft.server.watch.timeout = 10s (default)
2020-05-05 20:42:34,910 [1b07fd28-1625-44f3-a3e1-fac0cfa23bee@group-7458D3D5C3B2-LeaderElection2] INFO  server.RaftServerConfigKeys (ConfUtils.java:logGet(44)) - raft.server.watch.timeout.denomination = 1s (default)
2020-05-05 20:42:34,910 [1b07fd28-1625-44f3-a3e1-fac0cfa23bee@group-7458D3D5C3B2-LeaderElection2] INFO  server.RaftServerConfigKeys (ConfUtils.java:logGet(44)) - raft.server.watch.element-limit = 65536 (default)
2020-05-05 20:42:34,911 [1b07fd28-1625-44f3-a3e1-fac0cfa23bee@group-7458D3D5C3B2-LeaderElection2] INFO  impl.RoleInfo (RoleInfo.java:updateAndGet(143)) - 1b07fd28-1625-44f3-a3e1-fac0cfa23bee: start LeaderState
2020-05-05 20:42:34,930 [Thread-181] INFO  impl.FollowerState (FollowerState.java:run(108)) - 9165a4e1-13c4-461b-9202-0041ff0b8c94@group-CCD4FCD405F2-FollowerState: change to CANDIDATE, lastRpcTime:5169ms, electionTimeout:5159ms
2020-05-05 20:42:34,930 [Thread-181] INFO  impl.RoleInfo (RoleInfo.java:shutdownFollowerState(121)) - 9165a4e1-13c4-461b-9202-0041ff0b8c94: shutdown FollowerState
2020-05-05 20:42:34,931 [Thread-181] INFO  impl.RaftServerImpl (RaftServerImpl.java:setRole(173)) - 9165a4e1-13c4-461b-9202-0041ff0b8c94@group-CCD4FCD405F2: changes role from  FOLLOWER to CANDIDATE at term 0 for changeToCandidate
2020-05-05 20:42:34,931 [Thread-181] INFO  impl.RoleInfo (RoleInfo.java:updateAndGet(143)) - 9165a4e1-13c4-461b-9202-0041ff0b8c94: start LeaderElection
2020-05-05 20:42:34,933 [1b07fd28-1625-44f3-a3e1-fac0cfa23bee@group-7458D3D5C3B2-LeaderElection2] INFO  segmented.SegmentedRaftLogWorker (SegmentedRaftLogWorker.java:startLogSegment(391)) - 1b07fd28-1625-44f3-a3e1-fac0cfa23bee@group-7458D3D5C3B2-SegmentedRaftLogWorker: Starting segment from index:0
2020-05-05 20:42:34,933 [a3dc0fab-fd77-483e-a1be-ad4f60ecb6c9@group-D8B64021685C-LeaderElection1] INFO  segmented.SegmentedRaftLogWorker (SegmentedRaftLogWorker.java:startLogSegment(391)) - a3dc0fab-fd77-483e-a1be-ad4f60ecb6c9@group-D8B64021685C-SegmentedRaftLogWorker: Starting segment from index:0
2020-05-05 20:42:34,955 [9165a4e1-13c4-461b-9202-0041ff0b8c94@group-CCD4FCD405F2-LeaderElection3] INFO  impl.LeaderElection (LeaderElection.java:askForVotes(206)) - 9165a4e1-13c4-461b-9202-0041ff0b8c94@group-CCD4FCD405F2-LeaderElection3: begin an election at term 1 for -1: [9165a4e1-13c4-461b-9202-0041ff0b8c94:172.17.0.2:43429], old=null
2020-05-05 20:42:34,955 [9165a4e1-13c4-461b-9202-0041ff0b8c94@group-CCD4FCD405F2-LeaderElection3] INFO  impl.RoleInfo (RoleInfo.java:shutdownLeaderElection(134)) - 9165a4e1-13c4-461b-9202-0041ff0b8c94: shutdown LeaderElection
2020-05-05 20:42:34,955 [9165a4e1-13c4-461b-9202-0041ff0b8c94@group-CCD4FCD405F2-LeaderElection3] INFO  impl.RaftServerImpl (RaftServerImpl.java:setRole(173)) - 9165a4e1-13c4-461b-9202-0041ff0b8c94@group-CCD4FCD405F2: changes role from CANDIDATE to LEADER at term 1 for changeToLeader
2020-05-05 20:42:34,955 [9165a4e1-13c4-461b-9202-0041ff0b8c94@group-CCD4FCD405F2-LeaderElection3] INFO  ratis.XceiverServerRatis (XceiverServerRatis.java:handleLeaderChangedNotification(762)) - Leader change notification received for group: group-CCD4FCD405F2 with new leaderId: 9165a4e1-13c4-461b-9202-0041ff0b8c94
2020-05-05 20:42:34,959 [a3dc0fab-fd77-483e-a1be-ad4f60ecb6c9@group-D8B64021685C-LeaderElection1] INFO  impl.RaftServerImpl (ServerState.java:setRaftConf(356)) - a3dc0fab-fd77-483e-a1be-ad4f60ecb6c9@group-D8B64021685C: set configuration 0: [a3dc0fab-fd77-483e-a1be-ad4f60ecb6c9:172.17.0.2:36973], old=null at 0
2020-05-05 20:42:34,963 [9165a4e1-13c4-461b-9202-0041ff0b8c94@group-CCD4FCD405F2-LeaderElection3] INFO  impl.RaftServerImpl (ServerState.java:setLeader(255)) - 9165a4e1-13c4-461b-9202-0041ff0b8c94@group-CCD4FCD405F2: change Leader from null to 9165a4e1-13c4-461b-9202-0041ff0b8c94 at term 1 for becomeLeader, leader elected after 5212ms
2020-05-05 20:42:34,963 [9165a4e1-13c4-461b-9202-0041ff0b8c94@group-CCD4FCD405F2-LeaderElection3] INFO  server.RaftServerConfigKeys (ConfUtils.java:logGet(44)) - raft.server.staging.catchup.gap = 1000 (default)
2020-05-05 20:42:34,964 [9165a4e1-13c4-461b-9202-0041ff0b8c94@group-CCD4FCD405F2-LeaderElection3] INFO  server.RaftServerConfigKeys (ConfUtils.java:logGet(44)) - raft.server.rpc.sleep.time = 25ms (default)
2020-05-05 20:42:34,964 [9165a4e1-13c4-461b-9202-0041ff0b8c94@group-CCD4FCD405F2-LeaderElection3] INFO  metrics.RatisMetrics (RatisMetrics.java:lambda$create$0(39)) - Creating Metrics Registry : ratis.log_appender.9165a4e1-13c4-461b-9202-0041ff0b8c94@group-CCD4FCD405F2
2020-05-05 20:42:34,964 [9165a4e1-13c4-461b-9202-0041ff0b8c94@group-CCD4FCD405F2-LeaderElection3] INFO  server.RaftServerConfigKeys (ConfUtils.java:logGet(44)) - raft.server.write.element-limit = 1024 (custom)
2020-05-05 20:42:34,964 [9165a4e1-13c4-461b-9202-0041ff0b8c94@group-CCD4FCD405F2-LeaderElection3] INFO  server.RaftServerConfigKeys (ConfUtils.java:logGet(44)) - raft.server.write.byte-limit = 1073741824 (custom)
2020-05-05 20:42:34,964 [9165a4e1-13c4-461b-9202-0041ff0b8c94@group-CCD4FCD405F2-LeaderElection3] INFO  server.RaftServerConfigKeys (ConfUtils.java:logGet(44)) - raft.server.watch.timeout = 10s (default)
2020-05-05 20:42:34,964 [9165a4e1-13c4-461b-9202-0041ff0b8c94@group-CCD4FCD405F2-LeaderElection3] INFO  server.RaftServerConfigKeys (ConfUtils.java:logGet(44)) - raft.server.watch.timeout.denomination = 1s (default)
2020-05-05 20:42:34,964 [9165a4e1-13c4-461b-9202-0041ff0b8c94@group-CCD4FCD405F2-LeaderElection3] INFO  server.RaftServerConfigKeys (ConfUtils.java:logGet(44)) - raft.server.watch.element-limit = 65536 (default)
2020-05-05 20:42:34,965 [9165a4e1-13c4-461b-9202-0041ff0b8c94@group-CCD4FCD405F2-LeaderElection3] INFO  impl.RoleInfo (RoleInfo.java:updateAndGet(143)) - 9165a4e1-13c4-461b-9202-0041ff0b8c94: start LeaderState
2020-05-05 20:42:34,965 [9165a4e1-13c4-461b-9202-0041ff0b8c94@group-CCD4FCD405F2-LeaderElection3] INFO  segmented.SegmentedRaftLogWorker (SegmentedRaftLogWorker.java:startLogSegment(391)) - 9165a4e1-13c4-461b-9202-0041ff0b8c94@group-CCD4FCD405F2-SegmentedRaftLogWorker: Starting segment from index:0
2020-05-05 20:42:34,967 [9165a4e1-13c4-461b-9202-0041ff0b8c94@group-CCD4FCD405F2-LeaderElection3] INFO  impl.RaftServerImpl (ServerState.java:setRaftConf(356)) - 9165a4e1-13c4-461b-9202-0041ff0b8c94@group-CCD4FCD405F2: set configuration 0: [9165a4e1-13c4-461b-9202-0041ff0b8c94:172.17.0.2:43429], old=null at 0
2020-05-05 20:42:34,969 [1b07fd28-1625-44f3-a3e1-fac0cfa23bee@group-7458D3D5C3B2-LeaderElection2] INFO  impl.RaftServerImpl (ServerState.java:setRaftConf(356)) - 1b07fd28-1625-44f3-a3e1-fac0cfa23bee@group-7458D3D5C3B2: set configuration 0: [1b07fd28-1625-44f3-a3e1-fac0cfa23bee:172.17.0.2:33503], old=null at 0
2020-05-05 20:42:34,988 [Thread-183] INFO  impl.FollowerState (FollowerState.java:run(108)) - a3dc0fab-fd77-483e-a1be-ad4f60ecb6c9@group-34A980212478-FollowerState: change to CANDIDATE, lastRpcTime:5163ms, electionTimeout:5148ms
2020-05-05 20:42:34,988 [Thread-183] INFO  impl.RoleInfo (RoleInfo.java:shutdownFollowerState(121)) - a3dc0fab-fd77-483e-a1be-ad4f60ecb6c9: shutdown FollowerState
2020-05-05 20:42:34,988 [Thread-183] INFO  impl.RaftServerImpl (RaftServerImpl.java:setRole(173)) - a3dc0fab-fd77-483e-a1be-ad4f60ecb6c9@group-34A980212478: changes role from  FOLLOWER to CANDIDATE at term 0 for changeToCandidate
2020-05-05 20:42:34,988 [Thread-183] INFO  impl.RoleInfo (RoleInfo.java:updateAndGet(143)) - a3dc0fab-fd77-483e-a1be-ad4f60ecb6c9: start LeaderElection
2020-05-05 20:42:34,992 [a3dc0fab-fd77-483e-a1be-ad4f60ecb6c9@group-34A980212478-LeaderElection4] INFO  impl.LeaderElection (LeaderElection.java:askForVotes(206)) - a3dc0fab-fd77-483e-a1be-ad4f60ecb6c9@group-34A980212478-LeaderElection4: begin an election at term 1 for -1: [9165a4e1-13c4-461b-9202-0041ff0b8c94:172.17.0.2:43429, a3dc0fab-fd77-483e-a1be-ad4f60ecb6c9:172.17.0.2:36973, 1b07fd28-1625-44f3-a3e1-fac0cfa23bee:172.17.0.2:33503], old=null
2020-05-05 20:42:35,007 [Thread-185] INFO  impl.FollowerState (FollowerState.java:run(108)) - 1b07fd28-1625-44f3-a3e1-fac0cfa23bee@group-34A980212478-FollowerState: change to CANDIDATE, lastRpcTime:5165ms, electionTimeout:5161ms
2020-05-05 20:42:35,007 [Thread-185] INFO  impl.RoleInfo (RoleInfo.java:shutdownFollowerState(121)) - 1b07fd28-1625-44f3-a3e1-fac0cfa23bee: shutdown FollowerState
2020-05-05 20:42:35,007 [Thread-185] INFO  impl.RaftServerImpl (RaftServerImpl.java:setRole(173)) - 1b07fd28-1625-44f3-a3e1-fac0cfa23bee@group-34A980212478: changes role from  FOLLOWER to CANDIDATE at term 0 for changeToCandidate
2020-05-05 20:42:35,008 [Thread-185] INFO  impl.RoleInfo (RoleInfo.java:updateAndGet(143)) - 1b07fd28-1625-44f3-a3e1-fac0cfa23bee: start LeaderElection
2020-05-05 20:42:35,017 [Thread-187] INFO  impl.FollowerState (FollowerState.java:run(108)) - 9165a4e1-13c4-461b-9202-0041ff0b8c94@group-34A980212478-FollowerState: change to CANDIDATE, lastRpcTime:5163ms, electionTimeout:5160ms
2020-05-05 20:42:35,018 [Thread-187] INFO  impl.RoleInfo (RoleInfo.java:shutdownFollowerState(121)) - 9165a4e1-13c4-461b-9202-0041ff0b8c94: shutdown FollowerState
2020-05-05 20:42:35,018 [Thread-187] INFO  impl.RaftServerImpl (RaftServerImpl.java:setRole(173)) - 9165a4e1-13c4-461b-9202-0041ff0b8c94@group-34A980212478: changes role from  FOLLOWER to CANDIDATE at term 0 for changeToCandidate
2020-05-05 20:42:35,018 [Thread-187] INFO  impl.RoleInfo (RoleInfo.java:updateAndGet(143)) - 9165a4e1-13c4-461b-9202-0041ff0b8c94: start LeaderElection
2020-05-05 20:42:35,030 [9165a4e1-13c4-461b-9202-0041ff0b8c94@group-34A980212478-LeaderElection6] INFO  impl.LeaderElection (LeaderElection.java:askForVotes(206)) - 9165a4e1-13c4-461b-9202-0041ff0b8c94@group-34A980212478-LeaderElection6: begin an election at term 1 for -1: [9165a4e1-13c4-461b-9202-0041ff0b8c94:172.17.0.2:43429, a3dc0fab-fd77-483e-a1be-ad4f60ecb6c9:172.17.0.2:36973, 1b07fd28-1625-44f3-a3e1-fac0cfa23bee:172.17.0.2:33503], old=null
2020-05-05 20:42:35,038 [1b07fd28-1625-44f3-a3e1-fac0cfa23bee@group-34A980212478-LeaderElection5] INFO  impl.LeaderElection (LeaderElection.java:askForVotes(206)) - 1b07fd28-1625-44f3-a3e1-fac0cfa23bee@group-34A980212478-LeaderElection5: begin an election at term 1 for -1: [9165a4e1-13c4-461b-9202-0041ff0b8c94:172.17.0.2:43429, a3dc0fab-fd77-483e-a1be-ad4f60ecb6c9:172.17.0.2:36973, 1b07fd28-1625-44f3-a3e1-fac0cfa23bee:172.17.0.2:33503], old=null
2020-05-05 20:42:35,137 [a3dc0fab-fd77-483e-a1be-ad4f60ecb6c9@group-34A980212478-LeaderElection4] INFO  impl.LeaderElection (LeaderElection.java:logAndReturn(61)) - a3dc0fab-fd77-483e-a1be-ad4f60ecb6c9@group-34A980212478-LeaderElection4: Election REJECTED; received 2 response(s) [a3dc0fab-fd77-483e-a1be-ad4f60ecb6c9<-9165a4e1-13c4-461b-9202-0041ff0b8c94#0:FAIL-t1, a3dc0fab-fd77-483e-a1be-ad4f60ecb6c9<-1b07fd28-1625-44f3-a3e1-fac0cfa23bee#0:FAIL-t1] and 0 exception(s); a3dc0fab-fd77-483e-a1be-ad4f60ecb6c9@group-34A980212478:t1, leader=null, voted=a3dc0fab-fd77-483e-a1be-ad4f60ecb6c9, raftlog=a3dc0fab-fd77-483e-a1be-ad4f60ecb6c9@group-34A980212478-SegmentedRaftLog:OPENED:c-1,f-1,i0, conf=-1: [9165a4e1-13c4-461b-9202-0041ff0b8c94:172.17.0.2:43429, a3dc0fab-fd77-483e-a1be-ad4f60ecb6c9:172.17.0.2:36973, 1b07fd28-1625-44f3-a3e1-fac0cfa23bee:172.17.0.2:33503], old=null
2020-05-05 20:42:35,138 [a3dc0fab-fd77-483e-a1be-ad4f60ecb6c9@group-34A980212478-LeaderElection4] INFO  impl.RaftServerImpl (RaftServerImpl.java:setRole(173)) - a3dc0fab-fd77-483e-a1be-ad4f60ecb6c9@group-34A980212478: changes role from CANDIDATE to FOLLOWER at term 1 for DISCOVERED_A_NEW_TERM
2020-05-05 20:42:35,138 [a3dc0fab-fd77-483e-a1be-ad4f60ecb6c9@group-34A980212478-LeaderElection4] INFO  impl.RoleInfo (RoleInfo.java:shutdownLeaderElection(134)) - a3dc0fab-fd77-483e-a1be-ad4f60ecb6c9: shutdown LeaderElection
2020-05-05 20:42:35,138 [a3dc0fab-fd77-483e-a1be-ad4f60ecb6c9@group-34A980212478-LeaderElection4] INFO  impl.RoleInfo (RoleInfo.java:updateAndGet(143)) - a3dc0fab-fd77-483e-a1be-ad4f60ecb6c9: start FollowerState
2020-05-05 20:42:35,139 [1b07fd28-1625-44f3-a3e1-fac0cfa23bee@group-34A980212478-LeaderElection5] INFO  impl.LeaderElection (LeaderElection.java:logAndReturn(61)) - 1b07fd28-1625-44f3-a3e1-fac0cfa23bee@group-34A980212478-LeaderElection5: Election REJECTED; received 2 response(s) [1b07fd28-1625-44f3-a3e1-fac0cfa23bee<-9165a4e1-13c4-461b-9202-0041ff0b8c94#0:FAIL-t1, 1b07fd28-1625-44f3-a3e1-fac0cfa23bee<-a3dc0fab-fd77-483e-a1be-ad4f60ecb6c9#0:FAIL-t1] and 0 exception(s); 1b07fd28-1625-44f3-a3e1-fac0cfa23bee@group-34A980212478:t1, leader=null, voted=1b07fd28-1625-44f3-a3e1-fac0cfa23bee, raftlog=1b07fd28-1625-44f3-a3e1-fac0cfa23bee@group-34A980212478-SegmentedRaftLog:OPENED:c-1,f-1,i0, conf=-1: [9165a4e1-13c4-461b-9202-0041ff0b8c94:172.17.0.2:43429, a3dc0fab-fd77-483e-a1be-ad4f60ecb6c9:172.17.0.2:36973, 1b07fd28-1625-44f3-a3e1-fac0cfa23bee:172.17.0.2:33503], old=null
2020-05-05 20:42:35,140 [1b07fd28-1625-44f3-a3e1-fac0cfa23bee@group-34A980212478-LeaderElection5] INFO  impl.RaftServerImpl (RaftServerImpl.java:setRole(173)) - 1b07fd28-1625-44f3-a3e1-fac0cfa23bee@group-34A980212478: changes role from CANDIDATE to FOLLOWER at term 1 for DISCOVERED_A_NEW_TERM
2020-05-05 20:42:35,140 [1b07fd28-1625-44f3-a3e1-fac0cfa23bee@group-34A980212478-LeaderElection5] INFO  impl.RoleInfo (RoleInfo.java:shutdownLeaderElection(134)) - 1b07fd28-1625-44f3-a3e1-fac0cfa23bee: shutdown LeaderElection
2020-05-05 20:42:35,140 [1b07fd28-1625-44f3-a3e1-fac0cfa23bee@group-34A980212478-LeaderElection5] INFO  impl.RoleInfo (RoleInfo.java:updateAndGet(143)) - 1b07fd28-1625-44f3-a3e1-fac0cfa23bee: start FollowerState
2020-05-05 20:42:35,140 [9165a4e1-13c4-461b-9202-0041ff0b8c94@group-34A980212478-LeaderElection6] INFO  impl.LeaderElection (LeaderElection.java:logAndReturn(61)) - 9165a4e1-13c4-461b-9202-0041ff0b8c94@group-34A980212478-LeaderElection6: Election REJECTED; received 2 response(s) [9165a4e1-13c4-461b-9202-0041ff0b8c94<-a3dc0fab-fd77-483e-a1be-ad4f60ecb6c9#0:FAIL-t1, 9165a4e1-13c4-461b-9202-0041ff0b8c94<-1b07fd28-1625-44f3-a3e1-fac0cfa23bee#0:FAIL-t1] and 0 exception(s); 9165a4e1-13c4-461b-9202-0041ff0b8c94@group-34A980212478:t1, leader=null, voted=9165a4e1-13c4-461b-9202-0041ff0b8c94, raftlog=9165a4e1-13c4-461b-9202-0041ff0b8c94@group-34A980212478-SegmentedRaftLog:OPENED:c-1,f-1,i0, conf=-1: [9165a4e1-13c4-461b-9202-0041ff0b8c94:172.17.0.2:43429, a3dc0fab-fd77-483e-a1be-ad4f60ecb6c9:172.17.0.2:36973, 1b07fd28-1625-44f3-a3e1-fac0cfa23bee:172.17.0.2:33503], old=null
2020-05-05 20:42:35,147 [9165a4e1-13c4-461b-9202-0041ff0b8c94@group-34A980212478-LeaderElection6] INFO  impl.RaftServerImpl (RaftServerImpl.java:setRole(173)) - 9165a4e1-13c4-461b-9202-0041ff0b8c94@group-34A980212478: changes role from CANDIDATE to FOLLOWER at term 1 for DISCOVERED_A_NEW_TERM
2020-05-05 20:42:35,147 [9165a4e1-13c4-461b-9202-0041ff0b8c94@group-34A980212478-LeaderElection6] INFO  impl.RoleInfo (RoleInfo.java:shutdownLeaderElection(134)) - 9165a4e1-13c4-461b-9202-0041ff0b8c94: shutdown LeaderElection
2020-05-05 20:42:35,147 [9165a4e1-13c4-461b-9202-0041ff0b8c94@group-34A980212478-LeaderElection6] INFO  impl.RoleInfo (RoleInfo.java:updateAndGet(143)) - 9165a4e1-13c4-461b-9202-0041ff0b8c94: start FollowerState
2020-05-05 20:42:35,171 [1b07fd28-1625-44f3-a3e1-fac0cfa23bee@group-7458D3D5C3B2-SegmentedRaftLogWorker] INFO  segmented.SegmentedRaftLogWorker (SegmentedRaftLogWorker.java:execute(583)) - 1b07fd28-1625-44f3-a3e1-fac0cfa23bee@group-7458D3D5C3B2-SegmentedRaftLogWorker: created new log segment /github/workspace/mnt/ozone/hadoop-ozone/integration-test/target/test-dir/MiniOzoneClusterImpl-1061ffec-64c5-41b9-927f-85dc442c5c47/datanode-1/data/ratis/7b94d405-716a-4b18-ad68-7458d3d5c3b2/current/log_inprogress_0
2020-05-05 20:42:35,172 [a3dc0fab-fd77-483e-a1be-ad4f60ecb6c9@group-D8B64021685C-SegmentedRaftLogWorker] INFO  segmented.SegmentedRaftLogWorker (SegmentedRaftLogWorker.java:execute(583)) - a3dc0fab-fd77-483e-a1be-ad4f60ecb6c9@group-D8B64021685C-SegmentedRaftLogWorker: created new log segment /github/workspace/mnt/ozone/hadoop-ozone/integration-test/target/test-dir/MiniOzoneClusterImpl-1061ffec-64c5-41b9-927f-85dc442c5c47/datanode-0/data/ratis/a7dad1c8-10a4-485d-81f7-d8b64021685c/current/log_inprogress_0
2020-05-05 20:42:35,172 [9165a4e1-13c4-461b-9202-0041ff0b8c94@group-CCD4FCD405F2-SegmentedRaftLogWorker] INFO  segmented.SegmentedRaftLogWorker (SegmentedRaftLogWorker.java:execute(583)) - 9165a4e1-13c4-461b-9202-0041ff0b8c94@group-CCD4FCD405F2-SegmentedRaftLogWorker: created new log segment /github/workspace/mnt/ozone/hadoop-ozone/integration-test/target/test-dir/MiniOzoneClusterImpl-1061ffec-64c5-41b9-927f-85dc442c5c47/datanode-2/data/ratis/f47f570a-f7b9-43a1-bbb2-ccd4fcd405f2/current/log_inprogress_0
2020-05-05 20:42:35,706 [main] INFO  ozone.MiniOzoneClusterImpl (MiniOzoneClusterImpl.java:lambda$waitForClusterToBeReady$0(177)) - Nodes are ready. Got 3 of 3 DN Heartbeats.
2020-05-05 20:42:35,707 [main] INFO  ozone.MiniOzoneClusterImpl (MiniOzoneClusterImpl.java:lambda$waitForClusterToBeReady$0(180)) - Waiting for cluster to exit safe mode
2020-05-05 20:42:36,707 [main] INFO  ozone.MiniOzoneClusterImpl (MiniOzoneClusterImpl.java:lambda$waitForClusterToBeReady$0(177)) - Nodes are ready. Got 3 of 3 DN Heartbeats.
2020-05-05 20:42:36,707 [main] INFO  ozone.MiniOzoneClusterImpl (MiniOzoneClusterImpl.java:lambda$waitForClusterToBeReady$0(180)) - Waiting for cluster to exit safe mode
2020-05-05 20:42:37,708 [main] INFO  ozone.MiniOzoneClusterImpl (MiniOzoneClusterImpl.java:lambda$waitForClusterToBeReady$0(177)) - Nodes are ready. Got 3 of 3 DN Heartbeats.
2020-05-05 20:42:37,708 [main] INFO  ozone.MiniOzoneClusterImpl (MiniOzoneClusterImpl.java:lambda$waitForClusterToBeReady$0(180)) - Waiting for cluster to exit safe mode
2020-05-05 20:42:38,709 [main] INFO  ozone.MiniOzoneClusterImpl (MiniOzoneClusterImpl.java:lambda$waitForClusterToBeReady$0(177)) - Nodes are ready. Got 3 of 3 DN Heartbeats.
2020-05-05 20:42:38,709 [main] INFO  ozone.MiniOzoneClusterImpl (MiniOzoneClusterImpl.java:lambda$waitForClusterToBeReady$0(180)) - Waiting for cluster to exit safe mode
2020-05-05 20:42:39,709 [main] INFO  ozone.MiniOzoneClusterImpl (MiniOzoneClusterImpl.java:lambda$waitForClusterToBeReady$0(177)) - Nodes are ready. Got 3 of 3 DN Heartbeats.
2020-05-05 20:42:39,710 [main] INFO  ozone.MiniOzoneClusterImpl (MiniOzoneClusterImpl.java:lambda$waitForClusterToBeReady$0(180)) - Waiting for cluster to exit safe mode
2020-05-05 20:42:40,183 [Thread-209] INFO  impl.FollowerState (FollowerState.java:run(108)) - a3dc0fab-fd77-483e-a1be-ad4f60ecb6c9@group-34A980212478-FollowerState: change to CANDIDATE, lastRpcTime:5044ms, electionTimeout:5036ms
2020-05-05 20:42:40,183 [Thread-209] INFO  impl.RoleInfo (RoleInfo.java:shutdownFollowerState(121)) - a3dc0fab-fd77-483e-a1be-ad4f60ecb6c9: shutdown FollowerState
2020-05-05 20:42:40,184 [Thread-209] INFO  impl.RaftServerImpl (RaftServerImpl.java:setRole(173)) - a3dc0fab-fd77-483e-a1be-ad4f60ecb6c9@group-34A980212478: changes role from  FOLLOWER to CANDIDATE at term 1 for changeToCandidate
2020-05-05 20:42:40,184 [Thread-209] INFO  impl.RoleInfo (RoleInfo.java:updateAndGet(143)) - a3dc0fab-fd77-483e-a1be-ad4f60ecb6c9: start LeaderElection
2020-05-05 20:42:40,186 [a3dc0fab-fd77-483e-a1be-ad4f60ecb6c9@group-34A980212478-LeaderElection7] INFO  impl.LeaderElection (LeaderElection.java:askForVotes(206)) - a3dc0fab-fd77-483e-a1be-ad4f60ecb6c9@group-34A980212478-LeaderElection7: begin an election at term 2 for -1: [9165a4e1-13c4-461b-9202-0041ff0b8c94:172.17.0.2:43429, a3dc0fab-fd77-483e-a1be-ad4f60ecb6c9:172.17.0.2:36973, 1b07fd28-1625-44f3-a3e1-fac0cfa23bee:172.17.0.2:33503], old=null
2020-05-05 20:42:40,196 [grpc-default-executor-5] INFO  impl.RaftServerImpl (RaftServerImpl.java:setRole(173)) - 1b07fd28-1625-44f3-a3e1-fac0cfa23bee@group-34A980212478: changes role from  FOLLOWER to FOLLOWER at term 2 for recognizeCandidate:a3dc0fab-fd77-483e-a1be-ad4f60ecb6c9
2020-05-05 20:42:40,197 [grpc-default-executor-5] INFO  impl.RoleInfo (RoleInfo.java:shutdownFollowerState(121)) - 1b07fd28-1625-44f3-a3e1-fac0cfa23bee: shutdown FollowerState
2020-05-05 20:42:40,197 [grpc-default-executor-5] INFO  impl.RoleInfo (RoleInfo.java:updateAndGet(143)) - 1b07fd28-1625-44f3-a3e1-fac0cfa23bee: start FollowerState
2020-05-05 20:42:40,197 [Thread-210] INFO  impl.FollowerState (FollowerState.java:run(117)) - 1b07fd28-1625-44f3-a3e1-fac0cfa23bee@group-34A980212478-FollowerState was interrupted: java.lang.InterruptedException: sleep interrupted
2020-05-05 20:42:40,200 [grpc-default-executor-2] INFO  impl.RaftServerImpl (RaftServerImpl.java:setRole(173)) - 9165a4e1-13c4-461b-9202-0041ff0b8c94@group-34A980212478: changes role from  FOLLOWER to FOLLOWER at term 2 for recognizeCandidate:a3dc0fab-fd77-483e-a1be-ad4f60ecb6c9
2020-05-05 20:42:40,200 [grpc-default-executor-2] INFO  impl.RoleInfo (RoleInfo.java:shutdownFollowerState(121)) - 9165a4e1-13c4-461b-9202-0041ff0b8c94: shutdown FollowerState
2020-05-05 20:42:40,200 [grpc-default-executor-2] INFO  impl.RoleInfo (RoleInfo.java:updateAndGet(143)) - 9165a4e1-13c4-461b-9202-0041ff0b8c94: start FollowerState
2020-05-05 20:42:40,200 [Thread-211] INFO  impl.FollowerState (FollowerState.java:run(117)) - 9165a4e1-13c4-461b-9202-0041ff0b8c94@group-34A980212478-FollowerState was interrupted: java.lang.InterruptedException: sleep interrupted
2020-05-05 20:42:40,207 [a3dc0fab-fd77-483e-a1be-ad4f60ecb6c9@group-34A980212478-LeaderElection7] INFO  impl.LeaderElection (LeaderElection.java:logAndReturn(61)) - a3dc0fab-fd77-483e-a1be-ad4f60ecb6c9@group-34A980212478-LeaderElection7: Election PASSED; received 1 response(s) [a3dc0fab-fd77-483e-a1be-ad4f60ecb6c9<-1b07fd28-1625-44f3-a3e1-fac0cfa23bee#0:OK-t2] and 0 exception(s); a3dc0fab-fd77-483e-a1be-ad4f60ecb6c9@group-34A980212478:t2, leader=null, voted=a3dc0fab-fd77-483e-a1be-ad4f60ecb6c9, raftlog=a3dc0fab-fd77-483e-a1be-ad4f60ecb6c9@group-34A980212478-SegmentedRaftLog:OPENED:c-1,f-1,i0, conf=-1: [9165a4e1-13c4-461b-9202-0041ff0b8c94:172.17.0.2:43429, a3dc0fab-fd77-483e-a1be-ad4f60ecb6c9:172.17.0.2:36973, 1b07fd28-1625-44f3-a3e1-fac0cfa23bee:172.17.0.2:33503], old=null
2020-05-05 20:42:40,207 [a3dc0fab-fd77-483e-a1be-ad4f60ecb6c9@group-34A980212478-LeaderElection7] INFO  impl.RoleInfo (RoleInfo.java:shutdownLeaderElection(134)) - a3dc0fab-fd77-483e-a1be-ad4f60ecb6c9: shutdown LeaderElection
2020-05-05 20:42:40,207 [a3dc0fab-fd77-483e-a1be-ad4f60ecb6c9@group-34A980212478-LeaderElection7] INFO  impl.RaftServerImpl (RaftServerImpl.java:setRole(173)) - a3dc0fab-fd77-483e-a1be-ad4f60ecb6c9@group-34A980212478: changes role from CANDIDATE to LEADER at term 2 for changeToLeader
2020-05-05 20:42:40,207 [a3dc0fab-fd77-483e-a1be-ad4f60ecb6c9@group-34A980212478-LeaderElection7] INFO  ratis.XceiverServerRatis (XceiverServerRatis.java:handleLeaderChangedNotification(762)) - Leader change notification received for group: group-34A980212478 with new leaderId: a3dc0fab-fd77-483e-a1be-ad4f60ecb6c9
2020-05-05 20:42:40,208 [a3dc0fab-fd77-483e-a1be-ad4f60ecb6c9@group-34A980212478-LeaderElection7] INFO  impl.RaftServerImpl (ServerState.java:setLeader(255)) - a3dc0fab-fd77-483e-a1be-ad4f60ecb6c9@group-34A980212478: change Leader from null to a3dc0fab-fd77-483e-a1be-ad4f60ecb6c9 at term 2 for becomeLeader, leader elected after 10396ms
2020-05-05 20:42:40,208 [a3dc0fab-fd77-483e-a1be-ad4f60ecb6c9@group-34A980212478-LeaderElection7] INFO  server.RaftServerConfigKeys (ConfUtils.java:logGet(44)) - raft.server.staging.catchup.gap = 1000 (default)
2020-05-05 20:42:40,208 [a3dc0fab-fd77-483e-a1be-ad4f60ecb6c9@group-34A980212478-LeaderElection7] INFO  server.RaftServerConfigKeys (ConfUtils.java:logGet(44)) - raft.server.rpc.sleep.time = 25ms (default)
2020-05-05 20:42:40,208 [a3dc0fab-fd77-483e-a1be-ad4f60ecb6c9@group-34A980212478-LeaderElection7] INFO  metrics.RatisMetrics (RatisMetrics.java:lambda$create$0(39)) - Creating Metrics Registry : ratis.log_appender.a3dc0fab-fd77-483e-a1be-ad4f60ecb6c9@group-34A980212478
2020-05-05 20:42:40,208 [a3dc0fab-fd77-483e-a1be-ad4f60ecb6c9@group-34A980212478-LeaderElection7] INFO  server.RaftServerConfigKeys (ConfUtils.java:logGet(44)) - raft.server.write.element-limit = 1024 (custom)
2020-05-05 20:42:40,208 [a3dc0fab-fd77-483e-a1be-ad4f60ecb6c9@group-34A980212478-LeaderElection7] INFO  server.RaftServerConfigKeys (ConfUtils.java:logGet(44)) - raft.server.write.byte-limit = 1073741824 (custom)
2020-05-05 20:42:40,209 [a3dc0fab-fd77-483e-a1be-ad4f60ecb6c9@group-34A980212478-LeaderElection7] INFO  server.RaftServerConfigKeys (ConfUtils.java:logGet(44)) - raft.server.watch.timeout = 10s (default)
2020-05-05 20:42:40,209 [a3dc0fab-fd77-483e-a1be-ad4f60ecb6c9@group-34A980212478-LeaderElection7] INFO  server.RaftServerConfigKeys (ConfUtils.java:logGet(44)) - raft.server.watch.timeout.denomination = 1s (default)
2020-05-05 20:42:40,209 [a3dc0fab-fd77-483e-a1be-ad4f60ecb6c9@group-34A980212478-LeaderElection7] INFO  server.RaftServerConfigKeys (ConfUtils.java:logGet(44)) - raft.server.watch.element-limit = 65536 (default)
2020-05-05 20:42:40,211 [EventQueue-PipelineReportForPipelineReportHandler] INFO  pipeline.PipelineStateManager (PipelineStateManager.java:openPipeline(131)) - Pipeline Pipeline[ Id: e7e090d7-51bd-4bdd-a412-34a980212478, Nodes: 1b07fd28-1625-44f3-a3e1-fac0cfa23bee{ip: 172.17.0.2, host: 6e5df9598914, networkLocation: /default-rack, certSerialId: null}9165a4e1-13c4-461b-9202-0041ff0b8c94{ip: 172.17.0.2, host: 6e5df9598914, networkLocation: /default-rack, certSerialId: null}a3dc0fab-fd77-483e-a1be-ad4f60ecb6c9{ip: 172.17.0.2, host: 6e5df9598914, networkLocation: /default-rack, certSerialId: null}, Type:RATIS, Factor:THREE, State:ALLOCATED, leaderId:a3dc0fab-fd77-483e-a1be-ad4f60ecb6c9, CreationTimestamp2020-05-05T20:42:26.706Z] moved to OPEN state
2020-05-05 20:42:40,217 [EventQueue-OpenPipelineForHealthyPipelineSafeModeRule] INFO  safemode.SCMSafeModeManager (HealthyPipelineSafeModeRule.java:process(132)) - SCM in safe mode. Healthy pipelines reported count is 1, required healthy pipeline reported count is 1
2020-05-05 20:42:40,218 [EventQueue-OpenPipelineForHealthyPipelineSafeModeRule] INFO  safemode.SCMSafeModeManager (SCMSafeModeManager.java:validateSafeModeExitRules(213)) - HealthyPipelineSafeModeRule rule is successfully validated
2020-05-05 20:42:40,218 [EventQueue-OpenPipelineForHealthyPipelineSafeModeRule] INFO  safemode.SCMSafeModeManager (SCMSafeModeManager.java:validateSafeModeExitRules(227)) - ScmSafeModeManager, all rules are successfully validated
2020-05-05 20:42:40,218 [EventQueue-OpenPipelineForHealthyPipelineSafeModeRule] INFO  safemode.SCMSafeModeManager (SCMSafeModeManager.java:exitSafeMode(256)) - SCM exiting safe mode.
2020-05-05 20:42:40,218 [a3dc0fab-fd77-483e-a1be-ad4f60ecb6c9@group-34A980212478-LeaderElection7] INFO  server.RaftServerConfigKeys (ConfUtils.java:logGet(44)) - raft.server.log.appender.snapshot.chunk.size.max = 16MB (=16777216) (default)
2020-05-05 20:42:40,219 [a3dc0fab-fd77-483e-a1be-ad4f60ecb6c9@group-34A980212478-LeaderElection7] INFO  server.RaftServerConfigKeys (ConfUtils.java:logGet(44)) - raft.server.log.appender.buffer.byte-limit = 33554432 (custom)
2020-05-05 20:42:40,219 [a3dc0fab-fd77-483e-a1be-ad4f60ecb6c9@group-34A980212478-LeaderElection7] INFO  server.RaftServerConfigKeys (ConfUtils.java:logGet(44)) - raft.server.log.appender.buffer.element-limit = 1 (custom)
2020-05-05 20:42:40,227 [a3dc0fab-fd77-483e-a1be-ad4f60ecb6c9@group-34A980212478-LeaderElection7] INFO  grpc.GrpcConfigKeys (ConfUtils.java:logGet(44)) - raft.grpc.server.leader.outstanding.appends.max = 128 (default)
2020-05-05 20:42:40,227 [a3dc0fab-fd77-483e-a1be-ad4f60ecb6c9@group-34A980212478-LeaderElection7] INFO  server.RaftServerConfigKeys (ConfUtils.java:logGet(44)) - raft.server.rpc.request.timeout = 3s (default)
2020-05-05 20:42:40,227 [a3dc0fab-fd77-483e-a1be-ad4f60ecb6c9@group-34A980212478-LeaderElection7] INFO  server.RaftServerConfigKeys (ConfUtils.java:logGet(44)) - raft.server.log.appender.install.snapshot.enabled = false (custom)
2020-05-05 20:42:40,232 [a3dc0fab-fd77-483e-a1be-ad4f60ecb6c9@group-34A980212478-LeaderElection7] INFO  server.RaftServerConfigKeys (ConfUtils.java:logGet(44)) - raft.server.log.appender.snapshot.chunk.size.max = 16MB (=16777216) (default)
2020-05-05 20:42:40,232 [a3dc0fab-fd77-483e-a1be-ad4f60ecb6c9@group-34A980212478-LeaderElection7] INFO  server.RaftServerConfigKeys (ConfUtils.java:logGet(44)) - raft.server.log.appender.buffer.byte-limit = 33554432 (custom)
2020-05-05 20:42:40,232 [a3dc0fab-fd77-483e-a1be-ad4f60ecb6c9@group-34A980212478-LeaderElection7] INFO  server.RaftServerConfigKeys (ConfUtils.java:logGet(44)) - raft.server.log.appender.buffer.element-limit = 1 (custom)
2020-05-05 20:42:40,232 [a3dc0fab-fd77-483e-a1be-ad4f60ecb6c9@group-34A980212478-LeaderElection7] INFO  grpc.GrpcConfigKeys (ConfUtils.java:logGet(44)) - raft.grpc.server.leader.outstanding.appends.max = 128 (default)
2020-05-05 20:42:40,233 [a3dc0fab-fd77-483e-a1be-ad4f60ecb6c9@group-34A980212478-LeaderElection7] INFO  server.RaftServerConfigKeys (ConfUtils.java:logGet(44)) - raft.server.rpc.request.timeout = 3s (default)
2020-05-05 20:42:40,233 [a3dc0fab-fd77-483e-a1be-ad4f60ecb6c9@group-34A980212478-LeaderElection7] INFO  server.RaftServerConfigKeys (ConfUtils.java:logGet(44)) - raft.server.log.appender.install.snapshot.enabled = false (custom)
2020-05-05 20:42:40,234 [a3dc0fab-fd77-483e-a1be-ad4f60ecb6c9@group-34A980212478-LeaderElection7] INFO  impl.RoleInfo (RoleInfo.java:updateAndGet(143)) - a3dc0fab-fd77-483e-a1be-ad4f60ecb6c9: start LeaderState
2020-05-05 20:42:40,235 [a3dc0fab-fd77-483e-a1be-ad4f60ecb6c9@group-34A980212478-LeaderElection7] INFO  segmented.SegmentedRaftLogWorker (SegmentedRaftLogWorker.java:startLogSegment(391)) - a3dc0fab-fd77-483e-a1be-ad4f60ecb6c9@group-34A980212478-SegmentedRaftLogWorker: Starting segment from index:0
2020-05-05 20:42:40,236 [a3dc0fab-fd77-483e-a1be-ad4f60ecb6c9@group-34A980212478-SegmentedRaftLogWorker] INFO  segmented.SegmentedRaftLogWorker (SegmentedRaftLogWorker.java:execute(583)) - a3dc0fab-fd77-483e-a1be-ad4f60ecb6c9@group-34A980212478-SegmentedRaftLogWorker: created new log segment /github/workspace/mnt/ozone/hadoop-ozone/integration-test/target/test-dir/MiniOzoneClusterImpl-1061ffec-64c5-41b9-927f-85dc442c5c47/datanode-0/data/ratis/e7e090d7-51bd-4bdd-a412-34a980212478/current/log_inprogress_0
2020-05-05 20:42:40,237 [a3dc0fab-fd77-483e-a1be-ad4f60ecb6c9@group-34A980212478-LeaderElection7] INFO  impl.RaftServerImpl (ServerState.java:setRaftConf(356)) - a3dc0fab-fd77-483e-a1be-ad4f60ecb6c9@group-34A980212478: set configuration 0: [9165a4e1-13c4-461b-9202-0041ff0b8c94:172.17.0.2:43429, a3dc0fab-fd77-483e-a1be-ad4f60ecb6c9:172.17.0.2:36973, 1b07fd28-1625-44f3-a3e1-fac0cfa23bee:172.17.0.2:33503], old=null at 0
2020-05-05 20:42:40,269 [grpc-default-executor-2] INFO  ratis.XceiverServerRatis (XceiverServerRatis.java:handleLeaderChangedNotification(762)) - Leader change notification received for group: group-34A980212478 with new leaderId: a3dc0fab-fd77-483e-a1be-ad4f60ecb6c9
2020-05-05 20:42:40,270 [grpc-default-executor-2] INFO  impl.RaftServerImpl (ServerState.java:setLeader(255)) - 1b07fd28-1625-44f3-a3e1-fac0cfa23bee@group-34A980212478: change Leader from null to a3dc0fab-fd77-483e-a1be-ad4f60ecb6c9 at term 2 for appendEntries, leader elected after 10458ms
2020-05-05 20:42:40,271 [grpc-default-executor-5] INFO  ratis.XceiverServerRatis (XceiverServerRatis.java:handleLeaderChangedNotification(762)) - Leader change notification received for group: group-34A980212478 with new leaderId: a3dc0fab-fd77-483e-a1be-ad4f60ecb6c9
2020-05-05 20:42:40,271 [grpc-default-executor-5] INFO  impl.RaftServerImpl (ServerState.java:setLeader(255)) - 9165a4e1-13c4-461b-9202-0041ff0b8c94@group-34A980212478: change Leader from null to a3dc0fab-fd77-483e-a1be-ad4f60ecb6c9 at term 2 for appendEntries, leader elected after 10438ms
2020-05-05 20:42:40,278 [grpc-default-executor-2] INFO  impl.RaftServerImpl (ServerState.java:setRaftConf(356)) - 1b07fd28-1625-44f3-a3e1-fac0cfa23bee@group-34A980212478: set configuration 0: [9165a4e1-13c4-461b-9202-0041ff0b8c94:172.17.0.2:43429, a3dc0fab-fd77-483e-a1be-ad4f60ecb6c9:172.17.0.2:36973, 1b07fd28-1625-44f3-a3e1-fac0cfa23bee:172.17.0.2:33503], old=null at 0
2020-05-05 20:42:40,279 [grpc-default-executor-2] INFO  segmented.SegmentedRaftLogWorker (SegmentedRaftLogWorker.java:startLogSegment(391)) - 1b07fd28-1625-44f3-a3e1-fac0cfa23bee@group-34A980212478-SegmentedRaftLogWorker: Starting segment from index:0
2020-05-05 20:42:40,280 [1b07fd28-1625-44f3-a3e1-fac0cfa23bee@group-34A980212478-SegmentedRaftLogWorker] INFO  segmented.SegmentedRaftLogWorker (SegmentedRaftLogWorker.java:execute(583)) - 1b07fd28-1625-44f3-a3e1-fac0cfa23bee@group-34A980212478-SegmentedRaftLogWorker: created new log segment /github/workspace/mnt/ozone/hadoop-ozone/integration-test/target/test-dir/MiniOzoneClusterImpl-1061ffec-64c5-41b9-927f-85dc442c5c47/datanode-1/data/ratis/e7e090d7-51bd-4bdd-a412-34a980212478/current/log_inprogress_0
2020-05-05 20:42:40,282 [grpc-default-executor-5] INFO  impl.RaftServerImpl (ServerState.java:setRaftConf(356)) - 9165a4e1-13c4-461b-9202-0041ff0b8c94@group-34A980212478: set configuration 0: [9165a4e1-13c4-461b-9202-0041ff0b8c94:172.17.0.2:43429, a3dc0fab-fd77-483e-a1be-ad4f60ecb6c9:172.17.0.2:36973, 1b07fd28-1625-44f3-a3e1-fac0cfa23bee:172.17.0.2:33503], old=null at 0
2020-05-05 20:42:40,282 [grpc-default-executor-5] INFO  segmented.SegmentedRaftLogWorker (SegmentedRaftLogWorker.java:startLogSegment(391)) - 9165a4e1-13c4-461b-9202-0041ff0b8c94@group-34A980212478-SegmentedRaftLogWorker: Starting segment from index:0
2020-05-05 20:42:40,287 [9165a4e1-13c4-461b-9202-0041ff0b8c94@group-34A980212478-SegmentedRaftLogWorker] INFO  segmented.SegmentedRaftLogWorker (SegmentedRaftLogWorker.java:execute(583)) - 9165a4e1-13c4-461b-9202-0041ff0b8c94@group-34A980212478-SegmentedRaftLogWorker: created new log segment /github/workspace/mnt/ozone/hadoop-ozone/integration-test/target/test-dir/MiniOzoneClusterImpl-1061ffec-64c5-41b9-927f-85dc442c5c47/datanode-2/data/ratis/e7e090d7-51bd-4bdd-a412-34a980212478/current/log_inprogress_0
2020-05-05 20:42:40,710 [main] INFO  ozone.MiniOzoneClusterImpl (MiniOzoneClusterImpl.java:lambda$waitForClusterToBeReady$0(177)) - Nodes are ready. Got 3 of 3 DN Heartbeats.
2020-05-05 20:42:40,710 [main] INFO  ozone.MiniOzoneClusterImpl (MiniOzoneClusterImpl.java:lambda$waitForClusterToBeReady$0(180)) - Cluster exits safe mode
2020-05-05 20:42:41,265 [main] INFO  rpc.RpcClient (RpcClient.java:createVolume(308)) - Creating Volume: watchforcommithandlingtest, with jenkins1001 as owner.
2020-05-05 20:42:41,331 [IPC Server handler 17 on 41343] INFO  volume.OMVolumeCreateRequest (OMVolumeCreateRequest.java:validateAndUpdateCache(209)) - created volume:watchforcommithandlingtest for user:jenkins1001
2020-05-05 20:42:41,351 [main] INFO  rpc.RpcClient (RpcClient.java:createBucket(448)) - Creating Bucket: watchforcommithandlingtest/watchforcommithandlingtest, with Versioning false and Storage Type set to DISK and Encryption set to false 
2020-05-05 20:42:41,366 [main] INFO  ozone.MiniOzoneClusterImpl (MiniOzoneClusterImpl.java:getStorageContainerLocationClient(289)) - Creating StorageContainerLocationProtocol RPC client with address /0.0.0.0:38223
2020-05-05 20:42:41,394 [main] INFO  impl.MetricsSystemImpl (MetricsSystemImpl.java:init(158)) - XceiverClientMetrics metrics system started (again)
2020-05-05 20:42:43,222 [EventQueue-Delayed safe mode statusForReplicationManager] INFO  container.ReplicationManager (ReplicationManager.java:start(165)) - Starting Replication Monitor Thread.
2020-05-05 20:42:43,225 [ReplicationMonitor] INFO  container.ReplicationManager (ReplicationManager.java:run(228)) - Replication Monitor Thread took 2 milliseconds for processing 1 containers.
2020-05-05 20:42:43,280 [java.util.concurrent.ThreadPoolExecutor$Worker@389a1cae[State = -1, empty queue]] WARN  server.GrpcLogAppender (GrpcLogAppender.java:timeoutAppendRequest(213)) - a3dc0fab-fd77-483e-a1be-ad4f60ecb6c9@group-34A980212478->9165a4e1-13c4-461b-9202-0041ff0b8c94-GrpcLogAppender:  appendEntries Timeout, request=AppendEntriesRequest:cid=1,entriesCount=1,lastEntry=(t:2, i:0)
2020-05-05 20:42:44,540 [java.util.concurrent.ThreadPoolExecutor$Worker@389a1cae[State = -1, empty queue]] WARN  server.GrpcLogAppender (GrpcLogAppender.java:timeoutAppendRequest(213)) - a3dc0fab-fd77-483e-a1be-ad4f60ecb6c9@group-34A980212478->9165a4e1-13c4-461b-9202-0041ff0b8c94-GrpcLogAppender:  appendEntries Timeout, request=AppendEntriesRequest:cid=2,entriesCount=1,lastEntry=(t:2, i:1)
2020-05-05 20:42:44,554 [java.util.concurrent.ThreadPoolExecutor$Worker@389a1cae[State = -1, empty queue]] WARN  server.GrpcLogAppender (GrpcLogAppender.java:timeoutAppendRequest(213)) - a3dc0fab-fd77-483e-a1be-ad4f60ecb6c9@group-34A980212478->9165a4e1-13c4-461b-9202-0041ff0b8c94-GrpcLogAppender:  appendEntries Timeout, request=AppendEntriesRequest:cid=3,entriesCount=1,lastEntry=(t:2, i:2)
2020-05-05 20:42:44,650 [Datanode State Machine Thread - 0] INFO  statemachine.DatanodeStateMachine (DatanodeStateMachine.java:lambda$startDaemon$0(376)) - Ozone container server started.
2020-05-05 20:42:49,067 [main] INFO  ozoneimpl.OzoneContainer (OzoneContainer.java:stop(246)) - Attempting to stop container services.
2020-05-05 20:42:49,068 [main] INFO  impl.RaftServerProxy (RaftServerProxy.java:lambda$close$4(314)) - 1b07fd28-1625-44f3-a3e1-fac0cfa23bee: close
2020-05-05 20:42:49,071 [main] INFO  impl.RaftServerImpl (RaftServerImpl.java:lambda$shutdown$3(250)) - 1b07fd28-1625-44f3-a3e1-fac0cfa23bee@group-7458D3D5C3B2: shutdown
2020-05-05 20:42:49,071 [main] INFO  util.JmxRegister (JmxRegister.java:unregister(73)) - Successfully un-registered JMX Bean with object name Ratis:service=RaftServer,group=group-7458D3D5C3B2,id=1b07fd28-1625-44f3-a3e1-fac0cfa23bee
2020-05-05 20:42:49,072 [main] INFO  impl.RoleInfo (RoleInfo.java:shutdownLeaderState(104)) - 1b07fd28-1625-44f3-a3e1-fac0cfa23bee: shutdown LeaderState
2020-05-05 20:42:49,073 [main] INFO  impl.PendingRequests (PendingRequests.java:sendNotLeaderResponses(242)) - 1b07fd28-1625-44f3-a3e1-fac0cfa23bee@group-7458D3D5C3B2-PendingRequests: sendNotLeaderResponses
2020-05-05 20:42:49,074 [main] INFO  metrics.RatisMetrics (RatisMetrics.java:unregister(46)) - Unregistering Metrics Registry : ratis.log_appender.1b07fd28-1625-44f3-a3e1-fac0cfa23bee@group-7458D3D5C3B2
2020-05-05 20:42:49,076 [1b07fd28-1625-44f3-a3e1-fac0cfa23bee@group-7458D3D5C3B2-StateMachineUpdater] INFO  ratis.ContainerStateMachine (ContainerStateMachine.java:takeSnapshot(288)) - group-7458D3D5C3B2: Taking a snapshot at:(t:1, i:0) file /github/workspace/mnt/ozone/hadoop-ozone/integration-test/target/test-dir/MiniOzoneClusterImpl-1061ffec-64c5-41b9-927f-85dc442c5c47/datanode-1/data/ratis/7b94d405-716a-4b18-ad68-7458d3d5c3b2/sm/snapshot.1_0
2020-05-05 20:42:49,082 [main] INFO  impl.StateMachineUpdater (StateMachineUpdater.java:stopAndJoin(142)) - 1b07fd28-1625-44f3-a3e1-fac0cfa23bee@group-7458D3D5C3B2-StateMachineUpdater: set stopIndex = 0
2020-05-05 20:42:49,201 [1b07fd28-1625-44f3-a3e1-fac0cfa23bee@group-7458D3D5C3B2-StateMachineUpdater] INFO  ratis.ContainerStateMachine (ContainerStateMachine.java:takeSnapshot(299)) - group-7458D3D5C3B2: Finished taking a snapshot at:(t:1, i:0) file:/github/workspace/mnt/ozone/hadoop-ozone/integration-test/target/test-dir/MiniOzoneClusterImpl-1061ffec-64c5-41b9-927f-85dc442c5c47/datanode-1/data/ratis/7b94d405-716a-4b18-ad68-7458d3d5c3b2/sm/snapshot.1_0 time:126
2020-05-05 20:42:49,203 [1b07fd28-1625-44f3-a3e1-fac0cfa23bee@group-7458D3D5C3B2-StateMachineUpdater] INFO  impl.StateMachineUpdater (StateMachineUpdater.java:takeSnapshot(277)) - 1b07fd28-1625-44f3-a3e1-fac0cfa23bee@group-7458D3D5C3B2-StateMachineUpdater: Took a snapshot at index 0
2020-05-05 20:42:49,204 [1b07fd28-1625-44f3-a3e1-fac0cfa23bee@group-7458D3D5C3B2-StateMachineUpdater] INFO  impl.StateMachineUpdater (StateMachineUpdater.java:lambda$new$0(87)) - 1b07fd28-1625-44f3-a3e1-fac0cfa23bee@group-7458D3D5C3B2-StateMachineUpdater: snapshotIndex: updateIncreasingly -1 -> 0
2020-05-05 20:42:49,207 [1b07fd28-1625-44f3-a3e1-fac0cfa23bee@group-7458D3D5C3B2-StateMachineUpdater] INFO  metrics.RatisMetrics (RatisMetrics.java:unregister(46)) - Unregistering Metrics Registry : ratis.state_machine.1b07fd28-1625-44f3-a3e1-fac0cfa23bee@group-7458D3D5C3B2
2020-05-05 20:42:49,207 [main] INFO  impl.RaftServerImpl (ServerState.java:close(387)) - 1b07fd28-1625-44f3-a3e1-fac0cfa23bee@group-7458D3D5C3B2: closes. applyIndex: 0
2020-05-05 20:42:49,208 [1b07fd28-1625-44f3-a3e1-fac0cfa23bee@group-7458D3D5C3B2-SegmentedRaftLogWorker] INFO  segmented.SegmentedRaftLogWorker (SegmentedRaftLogWorker.java:run(321)) - 1b07fd28-1625-44f3-a3e1-fac0cfa23bee@group-7458D3D5C3B2-SegmentedRaftLogWorker was interrupted, exiting. There are 0 tasks remaining in the queue.
2020-05-05 20:42:49,209 [main] INFO  segmented.SegmentedRaftLogWorker (SegmentedRaftLogWorker.java:close(229)) - 1b07fd28-1625-44f3-a3e1-fac0cfa23bee@group-7458D3D5C3B2-SegmentedRaftLogWorker close()
2020-05-05 20:42:49,210 [main] INFO  metrics.RatisMetrics (RatisMetrics.java:unregister(46)) - Unregistering Metrics Registry : ratis.log_worker.1b07fd28-1625-44f3-a3e1-fac0cfa23bee
2020-05-05 20:42:49,210 [main] INFO  metrics.RatisMetrics (RatisMetrics.java:unregister(46)) - Unregistering Metrics Registry : ratis.leader_election.1b07fd28-1625-44f3-a3e1-fac0cfa23bee@group-7458D3D5C3B2
2020-05-05 20:42:49,210 [main] INFO  metrics.RatisMetrics (RatisMetrics.java:unregister(46)) - Unregistering Metrics Registry : ratis.server.1b07fd28-1625-44f3-a3e1-fac0cfa23bee@group-7458D3D5C3B2
2020-05-05 20:42:49,210 [main] INFO  impl.RaftServerImpl (RaftServerImpl.java:lambda$shutdown$3(250)) - 1b07fd28-1625-44f3-a3e1-fac0cfa23bee@group-34A980212478: shutdown
2020-05-05 20:42:49,210 [main] INFO  util.JmxRegister (JmxRegister.java:unregister(73)) - Successfully un-registered JMX Bean with object name Ratis:service=RaftServer,group=group-34A980212478,id=1b07fd28-1625-44f3-a3e1-fac0cfa23bee
2020-05-05 20:42:49,210 [main] INFO  impl.RoleInfo (RoleInfo.java:shutdownFollowerState(121)) - 1b07fd28-1625-44f3-a3e1-fac0cfa23bee: shutdown FollowerState
2020-05-05 20:42:49,211 [Thread-215] INFO  impl.FollowerState (FollowerState.java:run(117)) - 1b07fd28-1625-44f3-a3e1-fac0cfa23bee@group-34A980212478-FollowerState was interrupted: java.lang.InterruptedException: sleep interrupted
2020-05-05 20:42:49,211 [1b07fd28-1625-44f3-a3e1-fac0cfa23bee@group-34A980212478-StateMachineUpdater] INFO  ratis.ContainerStateMachine (ContainerStateMachine.java:takeSnapshot(288)) - group-34A980212478: Taking a snapshot at:(t:2, i:2) file /github/workspace/mnt/ozone/hadoop-ozone/integration-test/target/test-dir/MiniOzoneClusterImpl-1061ffec-64c5-41b9-927f-85dc442c5c47/datanode-1/data/ratis/e7e090d7-51bd-4bdd-a412-34a980212478/sm/snapshot.2_2
2020-05-05 20:42:49,215 [main] INFO  impl.StateMachineUpdater (StateMachineUpdater.java:stopAndJoin(142)) - 1b07fd28-1625-44f3-a3e1-fac0cfa23bee@group-34A980212478-StateMachineUpdater: set stopIndex = 2
2020-05-05 20:42:49,216 [1b07fd28-1625-44f3-a3e1-fac0cfa23bee@group-34A980212478-StateMachineUpdater] INFO  ratis.ContainerStateMachine (ContainerStateMachine.java:takeSnapshot(299)) - group-34A980212478: Finished taking a snapshot at:(t:2, i:2) file:/github/workspace/mnt/ozone/hadoop-ozone/integration-test/target/test-dir/MiniOzoneClusterImpl-1061ffec-64c5-41b9-927f-85dc442c5c47/datanode-1/data/ratis/e7e090d7-51bd-4bdd-a412-34a980212478/sm/snapshot.2_2 time:5
2020-05-05 20:42:49,216 [1b07fd28-1625-44f3-a3e1-fac0cfa23bee@group-34A980212478-StateMachineUpdater] INFO  impl.StateMachineUpdater (StateMachineUpdater.java:takeSnapshot(277)) - 1b07fd28-1625-44f3-a3e1-fac0cfa23bee@group-34A980212478-StateMachineUpdater: Took a snapshot at index 2
2020-05-05 20:42:49,216 [1b07fd28-1625-44f3-a3e1-fac0cfa23bee@group-34A980212478-StateMachineUpdater] INFO  impl.StateMachineUpdater (StateMachineUpdater.java:lambda$new$0(87)) - 1b07fd28-1625-44f3-a3e1-fac0cfa23bee@group-34A980212478-StateMachineUpdater: snapshotIndex: updateIncreasingly -1 -> 2
2020-05-05 20:42:49,217 [1b07fd28-1625-44f3-a3e1-fac0cfa23bee@group-34A980212478-StateMachineUpdater] INFO  metrics.RatisMetrics (RatisMetrics.java:unregister(46)) - Unregistering Metrics Registry : ratis.state_machine.1b07fd28-1625-44f3-a3e1-fac0cfa23bee@group-34A980212478
2020-05-05 20:42:49,217 [main] INFO  impl.RaftServerImpl (ServerState.java:close(387)) - 1b07fd28-1625-44f3-a3e1-fac0cfa23bee@group-34A980212478: closes. applyIndex: 2
2020-05-05 20:42:49,217 [1b07fd28-1625-44f3-a3e1-fac0cfa23bee@group-34A980212478-SegmentedRaftLogWorker] INFO  segmented.SegmentedRaftLogWorker (SegmentedRaftLogWorker.java:run(321)) - 1b07fd28-1625-44f3-a3e1-fac0cfa23bee@group-34A980212478-SegmentedRaftLogWorker was interrupted, exiting. There are 0 tasks remaining in the queue.
2020-05-05 20:42:49,218 [main] INFO  segmented.SegmentedRaftLogWorker (SegmentedRaftLogWorker.java:close(229)) - 1b07fd28-1625-44f3-a3e1-fac0cfa23bee@group-34A980212478-SegmentedRaftLogWorker close()
2020-05-05 20:42:49,218 [main] INFO  metrics.RatisMetrics (RatisMetrics.java:unregister(46)) - Unregistering Metrics Registry : ratis.log_worker.1b07fd28-1625-44f3-a3e1-fac0cfa23bee
2020-05-05 20:42:49,219 [main] INFO  metrics.RatisMetrics (RatisMetrics.java:unregister(46)) - Unregistering Metrics Registry : ratis.leader_election.1b07fd28-1625-44f3-a3e1-fac0cfa23bee@group-34A980212478
2020-05-05 20:42:49,219 [main] INFO  metrics.RatisMetrics (RatisMetrics.java:unregister(46)) - Unregistering Metrics Registry : ratis.server.1b07fd28-1625-44f3-a3e1-fac0cfa23bee@group-34A980212478
2020-05-05 20:42:49,219 [main] INFO  server.GrpcService (GrpcService.java:closeImpl(165)) - 1b07fd28-1625-44f3-a3e1-fac0cfa23bee: shutdown server with port 33503 now
2020-05-05 20:42:49,228 [grpc-default-executor-5] WARN  server.GrpcServerProtocolService (LogUtils.java:warn(122)) - 1b07fd28-1625-44f3-a3e1-fac0cfa23bee: installSnapshot onError, lastRequest: a3dc0fab-fd77-483e-a1be-ad4f60ecb6c9->1b07fd28-1625-44f3-a3e1-fac0cfa23bee#3-t2, previous=(t:2, i:1), leaderCommit=1, initializing? false, entries: size=1, first=(t:2, i:2), METADATAENTRY(c:1): org.apache.ratis.thirdparty.io.grpc.StatusRuntimeException: CANCELLED: cancelled before receiving half close
2020-05-05 20:42:49,238 [grpc-default-executor-2] WARN  server.GrpcLogAppender (LogUtils.java:warn(122)) - a3dc0fab-fd77-483e-a1be-ad4f60ecb6c9@group-34A980212478->1b07fd28-1625-44f3-a3e1-fac0cfa23bee-AppendLogResponseHandler: Failed appendEntries: org.apache.ratis.thirdparty.io.grpc.StatusRuntimeException: CANCELLED: HTTP/2 error code: CANCEL
Received Rst Stream
2020-05-05 20:42:49,241 [main] INFO  server.GrpcService (GrpcService.java:closeImpl(173)) - 1b07fd28-1625-44f3-a3e1-fac0cfa23bee: shutdown server with port 33503 successfully
2020-05-05 20:42:49,244 [grpc-default-executor-2] INFO  impl.FollowerInfo (FollowerInfo.java:lambda$new$0(50)) - a3dc0fab-fd77-483e-a1be-ad4f60ecb6c9@group-34A980212478->1b07fd28-1625-44f3-a3e1-fac0cfa23bee: nextIndex: updateUnconditionally 3 -> 2
2020-05-05 20:42:49,266 [main] INFO  utils.BackgroundService (BackgroundService.java:shutdown(157)) - Shutting down service BlockDeletingService
2020-05-05 20:42:49,275 [main] INFO  statemachine.DatanodeStateMachine (DatanodeStateMachine.java:stopDaemon(424)) - Ozone container server stopped.
2020-05-05 20:42:49,280 [main] INFO  handler.ContextHandler (ContextHandler.java:doStop(1016)) - Stopped o.e.j.w.WebAppContext@21fceeeb{hddsDatanode,/,null,UNAVAILABLE}{jar:file:/home/user/.m2/repository/org/apache/hadoop/hadoop-hdds-container-service/0.6.0-SNAPSHOT/hadoop-hdds-container-service-0.6.0-SNAPSHOT.jar!/webapps/hddsDatanode}
2020-05-05 20:42:49,285 [main] INFO  server.AbstractConnector (AbstractConnector.java:doStop(380)) - Stopped ServerConnector@2d3b00be{HTTP/1.1,[http/1.1]}{0.0.0.0:0}
2020-05-05 20:42:49,286 [main] INFO  server.session (HouseKeeper.java:stopScavenging(158)) - node0 Stopped scavenging
2020-05-05 20:42:49,286 [main] INFO  handler.ContextHandler (ContextHandler.java:doStop(1016)) - Stopped o.e.j.s.ServletContextHandler@6dfffacc{static,/static,jar:file:/home/user/.m2/repository/org/apache/hadoop/hadoop-hdds-container-service/0.6.0-SNAPSHOT/hadoop-hdds-container-service-0.6.0-SNAPSHOT.jar!/webapps/static,UNAVAILABLE}
2020-05-05 20:42:49,286 [main] INFO  handler.ContextHandler (ContextHandler.java:doStop(1016)) - Stopped o.e.j.s.ServletContextHandler@7a4c92f9{logs,/logs,file:///github/workspace/mnt/ozone/hadoop-ozone/integration-test/target/log,UNAVAILABLE}
2020-05-05 20:42:49,300 [grpc-default-executor-5] WARN  server.GrpcLogAppender (LogUtils.java:warn(122)) - a3dc0fab-fd77-483e-a1be-ad4f60ecb6c9@group-34A980212478->1b07fd28-1625-44f3-a3e1-fac0cfa23bee-AppendLogResponseHandler: Failed appendEntries: org.apache.ratis.thirdparty.io.grpc.StatusRuntimeException: UNAVAILABLE: io exception
2020-05-05 20:42:49,307 [grpc-default-executor-5] INFO  impl.FollowerInfo (FollowerInfo.java:lambda$new$0(50)) - a3dc0fab-fd77-483e-a1be-ad4f60ecb6c9@group-34A980212478->1b07fd28-1625-44f3-a3e1-fac0cfa23bee: nextIndex: updateUnconditionally 3 -> 2
2020-05-05 20:42:51,799 [grpc-default-executor-0] WARN  server.GrpcLogAppender (LogUtils.java:warn(122)) - a3dc0fab-fd77-483e-a1be-ad4f60ecb6c9@group-34A980212478->1b07fd28-1625-44f3-a3e1-fac0cfa23bee-AppendLogResponseHandler: Failed appendEntries: org.apache.ratis.thirdparty.io.grpc.StatusRuntimeException: UNAVAILABLE: io exception
2020-05-05 20:42:51,800 [grpc-default-executor-0] INFO  impl.FollowerInfo (FollowerInfo.java:lambda$new$0(50)) - a3dc0fab-fd77-483e-a1be-ad4f60ecb6c9@group-34A980212478->1b07fd28-1625-44f3-a3e1-fac0cfa23bee: nextIndex: updateUnconditionally 3 -> 2
2020-05-05 20:42:54,304 [grpc-default-executor-2] WARN  server.GrpcLogAppender (LogUtils.java:warn(122)) - a3dc0fab-fd77-483e-a1be-ad4f60ecb6c9@group-34A980212478->1b07fd28-1625-44f3-a3e1-fac0cfa23bee-AppendLogResponseHandler: Failed appendEntries: org.apache.ratis.thirdparty.io.grpc.StatusRuntimeException: UNAVAILABLE: io exception
2020-05-05 20:42:54,306 [grpc-default-executor-2] INFO  impl.FollowerInfo (FollowerInfo.java:lambda$new$0(50)) - a3dc0fab-fd77-483e-a1be-ad4f60ecb6c9@group-34A980212478->1b07fd28-1625-44f3-a3e1-fac0cfa23bee: nextIndex: updateUnconditionally 3 -> 2
2020-05-05 20:42:56,805 [grpc-default-executor-5] WARN  server.GrpcLogAppender (LogUtils.java:warn(122)) - a3dc0fab-fd77-483e-a1be-ad4f60ecb6c9@group-34A980212478->1b07fd28-1625-44f3-a3e1-fac0cfa23bee-AppendLogResponseHandler: Failed appendEntries: org.apache.ratis.thirdparty.io.grpc.StatusRuntimeException: UNAVAILABLE: io exception
2020-05-05 20:42:56,807 [grpc-default-executor-5] INFO  impl.FollowerInfo (FollowerInfo.java:lambda$new$0(50)) - a3dc0fab-fd77-483e-a1be-ad4f60ecb6c9@group-34A980212478->1b07fd28-1625-44f3-a3e1-fac0cfa23bee: nextIndex: updateUnconditionally 3 -> 2
2020-05-05 20:42:57,296 [java.util.concurrent.ThreadPoolExecutor$Worker@389a1cae[State = -1, empty queue]] WARN  server.GrpcLogAppender (GrpcLogAppender.java:timeoutAppendRequest(213)) - a3dc0fab-fd77-483e-a1be-ad4f60ecb6c9@group-34A980212478->9165a4e1-13c4-461b-9202-0041ff0b8c94-GrpcLogAppender:  appendEntries Timeout, request=AppendEntriesRequest:cid=7,entriesCount=1,lastEntry=(t:2, i:3)
2020-05-05 20:42:59,309 [grpc-default-executor-5] WARN  server.GrpcLogAppender (LogUtils.java:warn(122)) - a3dc0fab-fd77-483e-a1be-ad4f60ecb6c9@group-34A980212478->1b07fd28-1625-44f3-a3e1-fac0cfa23bee-AppendLogResponseHandler: Failed appendEntries: org.apache.ratis.thirdparty.io.grpc.StatusRuntimeException: UNAVAILABLE: io exception
2020-05-05 20:42:59,312 [grpc-default-executor-5] INFO  impl.FollowerInfo (FollowerInfo.java:lambda$new$0(50)) - a3dc0fab-fd77-483e-a1be-ad4f60ecb6c9@group-34A980212478->1b07fd28-1625-44f3-a3e1-fac0cfa23bee: nextIndex: updateUnconditionally 3 -> 2
2020-05-05 20:43:01,811 [grpc-default-executor-2] WARN  server.GrpcLogAppender (LogUtils.java:warn(122)) - a3dc0fab-fd77-483e-a1be-ad4f60ecb6c9@group-34A980212478->1b07fd28-1625-44f3-a3e1-fac0cfa23bee-AppendLogResponseHandler: Failed appendEntries: org.apache.ratis.thirdparty.io.grpc.StatusRuntimeException: UNAVAILABLE: io exception
2020-05-05 20:43:01,813 [grpc-default-executor-2] INFO  impl.FollowerInfo (FollowerInfo.java:lambda$new$0(50)) - a3dc0fab-fd77-483e-a1be-ad4f60ecb6c9@group-34A980212478->1b07fd28-1625-44f3-a3e1-fac0cfa23bee: nextIndex: updateUnconditionally 3 -> 2
2020-05-05 20:43:04,315 [grpc-default-executor-5] WARN  server.GrpcLogAppender (LogUtils.java:warn(122)) - a3dc0fab-fd77-483e-a1be-ad4f60ecb6c9@group-34A980212478->1b07fd28-1625-44f3-a3e1-fac0cfa23bee-AppendLogResponseHandler: Failed appendEntries: org.apache.ratis.thirdparty.io.grpc.StatusRuntimeException: UNAVAILABLE: io exception
2020-05-05 20:43:04,316 [grpc-default-executor-5] INFO  impl.FollowerInfo (FollowerInfo.java:lambda$new$0(50)) - a3dc0fab-fd77-483e-a1be-ad4f60ecb6c9@group-34A980212478->1b07fd28-1625-44f3-a3e1-fac0cfa23bee: nextIndex: updateUnconditionally 3 -> 2
2020-05-05 20:43:06,818 [grpc-default-executor-2] WARN  server.GrpcLogAppender (LogUtils.java:warn(122)) - a3dc0fab-fd77-483e-a1be-ad4f60ecb6c9@group-34A980212478->1b07fd28-1625-44f3-a3e1-fac0cfa23bee-AppendLogResponseHandler: Failed appendEntries: org.apache.ratis.thirdparty.io.grpc.StatusRuntimeException: UNAVAILABLE: io exception
2020-05-05 20:43:06,820 [grpc-default-executor-2] INFO  impl.FollowerInfo (FollowerInfo.java:lambda$new$0(50)) - a3dc0fab-fd77-483e-a1be-ad4f60ecb6c9@group-34A980212478->1b07fd28-1625-44f3-a3e1-fac0cfa23bee: nextIndex: updateUnconditionally 3 -> 2
2020-05-05 20:43:09,322 [grpc-default-executor-5] WARN  server.GrpcLogAppender (LogUtils.java:warn(122)) - a3dc0fab-fd77-483e-a1be-ad4f60ecb6c9@group-34A980212478->1b07fd28-1625-44f3-a3e1-fac0cfa23bee-AppendLogResponseHandler: Failed appendEntries: org.apache.ratis.thirdparty.io.grpc.StatusRuntimeException: UNAVAILABLE: io exception
2020-05-05 20:43:09,324 [grpc-default-executor-5] INFO  impl.FollowerInfo (FollowerInfo.java:lambda$new$0(50)) - a3dc0fab-fd77-483e-a1be-ad4f60ecb6c9@group-34A980212478->1b07fd28-1625-44f3-a3e1-fac0cfa23bee: nextIndex: updateUnconditionally 3 -> 2
2020-05-05 20:43:11,825 [grpc-default-executor-2] WARN  server.GrpcLogAppender (LogUtils.java:warn(122)) - a3dc0fab-fd77-483e-a1be-ad4f60ecb6c9@group-34A980212478->1b07fd28-1625-44f3-a3e1-fac0cfa23bee-AppendLogResponseHandler: Failed appendEntries: org.apache.ratis.thirdparty.io.grpc.StatusRuntimeException: UNAVAILABLE: io exception
2020-05-05 20:43:11,826 [grpc-default-executor-2] INFO  impl.FollowerInfo (FollowerInfo.java:lambda$new$0(50)) - a3dc0fab-fd77-483e-a1be-ad4f60ecb6c9@group-34A980212478->1b07fd28-1625-44f3-a3e1-fac0cfa23bee: nextIndex: updateUnconditionally 3 -> 2
2020-05-05 20:43:14,336 [grpc-default-executor-0] WARN  server.GrpcLogAppender (LogUtils.java:warn(122)) - a3dc0fab-fd77-483e-a1be-ad4f60ecb6c9@group-34A980212478->1b07fd28-1625-44f3-a3e1-fac0cfa23bee-AppendLogResponseHandler: Failed appendEntries: org.apache.ratis.thirdparty.io.grpc.StatusRuntimeException: UNAVAILABLE: io exception
2020-05-05 20:43:14,338 [grpc-default-executor-0] INFO  impl.FollowerInfo (FollowerInfo.java:lambda$new$0(50)) - a3dc0fab-fd77-483e-a1be-ad4f60ecb6c9@group-34A980212478->1b07fd28-1625-44f3-a3e1-fac0cfa23bee: nextIndex: updateUnconditionally 3 -> 2
2020-05-05 20:43:16,837 [grpc-default-executor-2] WARN  server.GrpcLogAppender (LogUtils.java:warn(122)) - a3dc0fab-fd77-483e-a1be-ad4f60ecb6c9@group-34A980212478->1b07fd28-1625-44f3-a3e1-fac0cfa23bee-AppendLogResponseHandler: Failed appendEntries: org.apache.ratis.thirdparty.io.grpc.StatusRuntimeException: UNAVAILABLE: io exception
2020-05-05 20:43:16,838 [grpc-default-executor-2] INFO  impl.FollowerInfo (FollowerInfo.java:lambda$new$0(50)) - a3dc0fab-fd77-483e-a1be-ad4f60ecb6c9@group-34A980212478->1b07fd28-1625-44f3-a3e1-fac0cfa23bee: nextIndex: updateUnconditionally 3 -> 2
2020-05-05 20:43:19,340 [grpc-default-executor-2] WARN  server.GrpcLogAppender (LogUtils.java:warn(122)) - a3dc0fab-fd77-483e-a1be-ad4f60ecb6c9@group-34A980212478->1b07fd28-1625-44f3-a3e1-fac0cfa23bee-AppendLogResponseHandler: Failed appendEntries: org.apache.ratis.thirdparty.io.grpc.StatusRuntimeException: UNAVAILABLE: io exception
2020-05-05 20:43:19,341 [grpc-default-executor-2] INFO  impl.FollowerInfo (FollowerInfo.java:lambda$new$0(50)) - a3dc0fab-fd77-483e-a1be-ad4f60ecb6c9@group-34A980212478->1b07fd28-1625-44f3-a3e1-fac0cfa23bee: nextIndex: updateUnconditionally 3 -> 2
2020-05-05 20:43:21,845 [grpc-default-executor-0] WARN  server.GrpcLogAppender (LogUtils.java:warn(122)) - a3dc0fab-fd77-483e-a1be-ad4f60ecb6c9@group-34A980212478->1b07fd28-1625-44f3-a3e1-fac0cfa23bee-AppendLogResponseHandler: Failed appendEntries: org.apache.ratis.thirdparty.io.grpc.StatusRuntimeException: UNAVAILABLE: io exception
2020-05-05 20:43:21,847 [grpc-default-executor-0] INFO  impl.FollowerInfo (FollowerInfo.java:lambda$new$0(50)) - a3dc0fab-fd77-483e-a1be-ad4f60ecb6c9@group-34A980212478->1b07fd28-1625-44f3-a3e1-fac0cfa23bee: nextIndex: updateUnconditionally 3 -> 2
2020-05-05 20:43:24,348 [grpc-default-executor-2] WARN  server.GrpcLogAppender (LogUtils.java:warn(122)) - a3dc0fab-fd77-483e-a1be-ad4f60ecb6c9@group-34A980212478->1b07fd28-1625-44f3-a3e1-fac0cfa23bee-AppendLogResponseHandler: Failed appendEntries: org.apache.ratis.thirdparty.io.grpc.StatusRuntimeException: UNAVAILABLE: io exception
2020-05-05 20:43:24,349 [grpc-default-executor-2] INFO  impl.FollowerInfo (FollowerInfo.java:lambda$new$0(50)) - a3dc0fab-fd77-483e-a1be-ad4f60ecb6c9@group-34A980212478->1b07fd28-1625-44f3-a3e1-fac0cfa23bee: nextIndex: updateUnconditionally 3 -> 2
2020-05-05 20:43:26,850 [grpc-default-executor-0] WARN  server.GrpcLogAppender (LogUtils.java:warn(122)) - a3dc0fab-fd77-483e-a1be-ad4f60ecb6c9@group-34A980212478->1b07fd28-1625-44f3-a3e1-fac0cfa23bee-AppendLogResponseHandler: Failed appendEntries: org.apache.ratis.thirdparty.io.grpc.StatusRuntimeException: UNAVAILABLE: io exception
2020-05-05 20:43:26,852 [grpc-default-executor-0] INFO  impl.FollowerInfo (FollowerInfo.java:lambda$new$0(50)) - a3dc0fab-fd77-483e-a1be-ad4f60ecb6c9@group-34A980212478->1b07fd28-1625-44f3-a3e1-fac0cfa23bee: nextIndex: updateUnconditionally 3 -> 2
2020-05-05 20:43:29,358 [grpc-default-executor-2] WARN  server.GrpcLogAppender (LogUtils.java:warn(122)) - a3dc0fab-fd77-483e-a1be-ad4f60ecb6c9@group-34A980212478->1b07fd28-1625-44f3-a3e1-fac0cfa23bee-AppendLogResponseHandler: Failed appendEntries: org.apache.ratis.thirdparty.io.grpc.StatusRuntimeException: UNAVAILABLE: io exception
2020-05-05 20:43:29,359 [grpc-default-executor-2] INFO  impl.FollowerInfo (FollowerInfo.java:lambda$new$0(50)) - a3dc0fab-fd77-483e-a1be-ad4f60ecb6c9@group-34A980212478->1b07fd28-1625-44f3-a3e1-fac0cfa23bee: nextIndex: updateUnconditionally 3 -> 2
2020-05-05 20:43:31,865 [grpc-default-executor-0] WARN  server.GrpcLogAppender (LogUtils.java:warn(122)) - a3dc0fab-fd77-483e-a1be-ad4f60ecb6c9@group-34A980212478->1b07fd28-1625-44f3-a3e1-fac0cfa23bee-AppendLogResponseHandler: Failed appendEntries: org.apache.ratis.thirdparty.io.grpc.StatusRuntimeException: UNAVAILABLE: io exception
2020-05-05 20:43:31,866 [grpc-default-executor-0] INFO  impl.FollowerInfo (FollowerInfo.java:lambda$new$0(50)) - a3dc0fab-fd77-483e-a1be-ad4f60ecb6c9@group-34A980212478->1b07fd28-1625-44f3-a3e1-fac0cfa23bee: nextIndex: updateUnconditionally 3 -> 2
2020-05-05 20:43:34,372 [grpc-default-executor-2] WARN  server.GrpcLogAppender (LogUtils.java:warn(122)) - a3dc0fab-fd77-483e-a1be-ad4f60ecb6c9@group-34A980212478->1b07fd28-1625-44f3-a3e1-fac0cfa23bee-AppendLogResponseHandler: Failed appendEntries: org.apache.ratis.thirdparty.io.grpc.StatusRuntimeException: UNAVAILABLE: io exception
2020-05-05 20:43:34,374 [grpc-default-executor-2] INFO  impl.FollowerInfo (FollowerInfo.java:lambda$new$0(50)) - a3dc0fab-fd77-483e-a1be-ad4f60ecb6c9@group-34A980212478->1b07fd28-1625-44f3-a3e1-fac0cfa23bee: nextIndex: updateUnconditionally 3 -> 2
2020-05-05 20:43:36,876 [grpc-default-executor-0] WARN  server.GrpcLogAppender (LogUtils.java:warn(122)) - a3dc0fab-fd77-483e-a1be-ad4f60ecb6c9@group-34A980212478->1b07fd28-1625-44f3-a3e1-fac0cfa23bee-AppendLogResponseHandler: Failed appendEntries: org.apache.ratis.thirdparty.io.grpc.StatusRuntimeException: UNAVAILABLE: io exception
2020-05-05 20:43:36,877 [grpc-default-executor-0] INFO  impl.FollowerInfo (FollowerInfo.java:lambda$new$0(50)) - a3dc0fab-fd77-483e-a1be-ad4f60ecb6c9@group-34A980212478->1b07fd28-1625-44f3-a3e1-fac0cfa23bee: nextIndex: updateUnconditionally 3 -> 2
2020-05-05 20:43:39,379 [grpc-default-executor-0] WARN  server.GrpcLogAppender (LogUtils.java:warn(122)) - a3dc0fab-fd77-483e-a1be-ad4f60ecb6c9@group-34A980212478->1b07fd28-1625-44f3-a3e1-fac0cfa23bee-AppendLogResponseHandler: Failed appendEntries: org.apache.ratis.thirdparty.io.grpc.StatusRuntimeException: UNAVAILABLE: io exception
2020-05-05 20:43:39,380 [grpc-default-executor-0] INFO  impl.FollowerInfo (FollowerInfo.java:lambda$new$0(50)) - a3dc0fab-fd77-483e-a1be-ad4f60ecb6c9@group-34A980212478->1b07fd28-1625-44f3-a3e1-fac0cfa23bee: nextIndex: updateUnconditionally 3 -> 2
2020-05-05 20:43:41,882 [grpc-default-executor-2] WARN  server.GrpcLogAppender (LogUtils.java:warn(122)) - a3dc0fab-fd77-483e-a1be-ad4f60ecb6c9@group-34A980212478->1b07fd28-1625-44f3-a3e1-fac0cfa23bee-AppendLogResponseHandler: Failed appendEntries: org.apache.ratis.thirdparty.io.grpc.StatusRuntimeException: UNAVAILABLE: io exception
2020-05-05 20:43:41,883 [grpc-default-executor-2] INFO  impl.FollowerInfo (FollowerInfo.java:lambda$new$0(50)) - a3dc0fab-fd77-483e-a1be-ad4f60ecb6c9@group-34A980212478->1b07fd28-1625-44f3-a3e1-fac0cfa23bee: nextIndex: updateUnconditionally 3 -> 2
2020-05-05 20:43:44,386 [grpc-default-executor-2] WARN  server.GrpcLogAppender (LogUtils.java:warn(122)) - a3dc0fab-fd77-483e-a1be-ad4f60ecb6c9@group-34A980212478->1b07fd28-1625-44f3-a3e1-fac0cfa23bee-AppendLogResponseHandler: Failed appendEntries: org.apache.ratis.thirdparty.io.grpc.StatusRuntimeException: UNAVAILABLE: io exception
2020-05-05 20:43:44,388 [grpc-default-executor-2] INFO  impl.FollowerInfo (FollowerInfo.java:lambda$new$0(50)) - a3dc0fab-fd77-483e-a1be-ad4f60ecb6c9@group-34A980212478->1b07fd28-1625-44f3-a3e1-fac0cfa23bee: nextIndex: updateUnconditionally 2 -> 1
2020-05-05 20:43:44,394 [grpc-default-executor-0] WARN  server.GrpcLogAppender (LogUtils.java:warn(122)) - a3dc0fab-fd77-483e-a1be-ad4f60ecb6c9@group-34A980212478->1b07fd28-1625-44f3-a3e1-fac0cfa23bee-AppendLogResponseHandler: Failed appendEntries: org.apache.ratis.thirdparty.io.grpc.StatusRuntimeException: UNAVAILABLE: io exception
2020-05-05 20:43:44,395 [grpc-default-executor-0] INFO  impl.FollowerInfo (FollowerInfo.java:lambda$new$0(50)) - a3dc0fab-fd77-483e-a1be-ad4f60ecb6c9@group-34A980212478->1b07fd28-1625-44f3-a3e1-fac0cfa23bee: nextIndex: updateUnconditionally 2 -> 1
2020-05-05 20:43:46,898 [grpc-default-executor-2] WARN  server.GrpcLogAppender (LogUtils.java:warn(122)) - a3dc0fab-fd77-483e-a1be-ad4f60ecb6c9@group-34A980212478->1b07fd28-1625-44f3-a3e1-fac0cfa23bee-AppendLogResponseHandler: Failed appendEntries: org.apache.ratis.thirdparty.io.grpc.StatusRuntimeException: UNAVAILABLE: io exception
2020-05-05 20:43:46,899 [grpc-default-executor-2] INFO  impl.FollowerInfo (FollowerInfo.java:lambda$new$0(50)) - a3dc0fab-fd77-483e-a1be-ad4f60ecb6c9@group-34A980212478->1b07fd28-1625-44f3-a3e1-fac0cfa23bee: nextIndex: updateUnconditionally 2 -> 1
2020-05-05 20:43:49,402 [grpc-default-executor-2] WARN  server.GrpcLogAppender (LogUtils.java:warn(122)) - a3dc0fab-fd77-483e-a1be-ad4f60ecb6c9@group-34A980212478->1b07fd28-1625-44f3-a3e1-fac0cfa23bee-AppendLogResponseHandler: Failed appendEntries: org.apache.ratis.thirdparty.io.grpc.StatusRuntimeException: UNAVAILABLE: io exception
2020-05-05 20:43:49,404 [grpc-default-executor-2] INFO  impl.FollowerInfo (FollowerInfo.java:lambda$new$0(50)) - a3dc0fab-fd77-483e-a1be-ad4f60ecb6c9@group-34A980212478->1b07fd28-1625-44f3-a3e1-fac0cfa23bee: nextIndex: updateUnconditionally 2 -> 1
2020-05-05 20:43:51,910 [grpc-default-executor-0] WARN  server.GrpcLogAppender (LogUtils.java:warn(122)) - a3dc0fab-fd77-483e-a1be-ad4f60ecb6c9@group-34A980212478->1b07fd28-1625-44f3-a3e1-fac0cfa23bee-AppendLogResponseHandler: Failed appendEntries: org.apache.ratis.thirdparty.io.grpc.StatusRuntimeException: UNAVAILABLE: io exception
2020-05-05 20:43:51,912 [grpc-default-executor-0] INFO  impl.FollowerInfo (FollowerInfo.java:lambda$new$0(50)) - a3dc0fab-fd77-483e-a1be-ad4f60ecb6c9@group-34A980212478->1b07fd28-1625-44f3-a3e1-fac0cfa23bee: nextIndex: updateUnconditionally 2 -> 1
2020-05-05 20:43:54,413 [grpc-default-executor-2] WARN  server.GrpcLogAppender (LogUtils.java:warn(122)) - a3dc0fab-fd77-483e-a1be-ad4f60ecb6c9@group-34A980212478->1b07fd28-1625-44f3-a3e1-fac0cfa23bee-AppendLogResponseHandler: Failed appendEntries: org.apache.ratis.thirdparty.io.grpc.StatusRuntimeException: UNAVAILABLE: io exception
2020-05-05 20:43:54,414 [grpc-default-executor-2] INFO  impl.FollowerInfo (FollowerInfo.java:lambda$new$0(50)) - a3dc0fab-fd77-483e-a1be-ad4f60ecb6c9@group-34A980212478->1b07fd28-1625-44f3-a3e1-fac0cfa23bee: nextIndex: updateUnconditionally 2 -> 1
]]></system-out>
    <system-err><![CDATA[ERROR StatusLogger No Log4j 2 configuration file found. Using default configuration (logging only errors to the console), or user programmatically provided configurations. Set system property 'log4j2.debug' to show Log4j 2 internal initialization logging. See https://logging.apache.org/log4j/2.x/manual/configuration.html for instructions on how to configure Log4j 2
May 05, 2020 8:42:49 PM org.apache.ratis.thirdparty.io.grpc.internal.SerializingExecutor run
SEVERE: Exception while executing runnable org.apache.ratis.thirdparty.io.grpc.internal.ServerImpl$JumpToApplicationThreadServerStreamListener$1Closed@270545d1
org.apache.ratis.thirdparty.io.grpc.StatusRuntimeException: CANCELLED: call already cancelled
	at org.apache.ratis.thirdparty.io.grpc.Status.asRuntimeException(Status.java:524)
	at org.apache.ratis.thirdparty.io.grpc.stub.ServerCalls$ServerCallStreamObserverImpl.onCompleted(ServerCalls.java:368)
	at org.apache.ratis.grpc.server.GrpcServerProtocolService$ServerRequestStreamObserver.onError(GrpcServerProtocolService.java:145)
	at org.apache.ratis.thirdparty.io.grpc.stub.ServerCalls$StreamingServerCallHandler$StreamingServerCallListener.onCancel(ServerCalls.java:272)
	at org.apache.ratis.thirdparty.io.grpc.internal.ServerCallImpl$ServerStreamListenerImpl.closedInternal(ServerCallImpl.java:353)
	at org.apache.ratis.thirdparty.io.grpc.internal.ServerCallImpl$ServerStreamListenerImpl.closed(ServerCallImpl.java:341)
	at org.apache.ratis.thirdparty.io.grpc.internal.ServerImpl$JumpToApplicationThreadServerStreamListener$1Closed.runInContext(ServerImpl.java:867)
	at org.apache.ratis.thirdparty.io.grpc.internal.ContextRunnable.run(ContextRunnable.java:37)
	at org.apache.ratis.thirdparty.io.grpc.internal.SerializingExecutor.run(SerializingExecutor.java:123)
	at java.util.concurrent.ThreadPoolExecutor.runWorker(ThreadPoolExecutor.java:1149)
	at java.util.concurrent.ThreadPoolExecutor$Worker.run(ThreadPoolExecutor.java:624)
	at java.lang.Thread.run(Thread.java:748)

]]></system-err>
  </testcase>
</testsuite>