<?xml version="1.0" encoding="UTF-8"?>
<testsuite xmlns:xsi="http://www.w3.org/2001/XMLSchema-instance" xsi:noNamespaceSchemaLocation="https://maven.apache.org/surefire/maven-surefire-plugin/xsd/surefire-test-report.xsd" name="org.apache.hadoop.ozone.TestMiniOzoneCluster" time="226.869" tests="5" errors="1" skipped="0" failures="0">
  <properties>
    <property name="awt.toolkit" value="sun.awt.X11.XToolkit"/>
    <property name="file.encoding.pkg" value="sun.io"/>
    <property name="java.specification.version" value="1.8"/>
    <property name="sun.cpu.isalist" value=""/>
    <property name="sun.jnu.encoding" value="UTF-8"/>
    <property name="java.class.path" value="/home/runner/work/ozone/ozone/hadoop-ozone/integration-test/target/test-classes:/home/runner/work/ozone/ozone/hadoop-ozone/integration-test/target/classes:/home/runner/.m2/repository/org/apache/ozone/ozone-common/1.3.0-SNAPSHOT/ozone-common-1.3.0-SNAPSHOT.jar:/home/runner/.m2/repository/org/apache/commons/commons-compress/1.21/commons-compress-1.21.jar:/home/runner/.m2/repository/org/apache/ozone/hdds-common/1.3.0-SNAPSHOT/hdds-common-1.3.0-SNAPSHOT.jar:/home/runner/.m2/repository/org/apache/ozone/hdds-client/1.3.0-SNAPSHOT/hdds-client-1.3.0-SNAPSHOT.jar:/home/runner/.m2/repository/org/apache/ozone/ozone-interface-client/1.3.0-SNAPSHOT/ozone-interface-client-1.3.0-SNAPSHOT.jar:/home/runner/.m2/repository/org/apache/ozone/hdds-test-utils/1.3.0-SNAPSHOT/hdds-test-utils-1.3.0-SNAPSHOT.jar:/home/runner/.m2/repository/com/google/guava/guava/30.1.1-jre/guava-30.1.1-jre.jar:/home/runner/.m2/repository/com/google/guava/failureaccess/1.0.1/failureaccess-1.0.1.jar:/home/runner/.m2/repository/com/google/guava/listenablefuture/9999.0-empty-to-avoid-conflict-with-guava/listenablefuture-9999.0-empty-to-avoid-conflict-with-guava.jar:/home/runner/.m2/repository/com/google/code/findbugs/jsr305/3.0.0/jsr305-3.0.0.jar:/home/runner/.m2/repository/org/checkerframework/checker-qual/3.8.0/checker-qual-3.8.0.jar:/home/runner/.m2/repository/com/google/errorprone/error_prone_annotations/2.2.0/error_prone_annotations-2.2.0.jar:/home/runner/.m2/repository/com/google/j2objc/j2objc-annotations/1.3/j2objc-annotations-1.3.jar:/home/runner/.m2/repository/commons-io/commons-io/2.11.0/commons-io-2.11.0.jar:/home/runner/.m2/repository/commons-logging/commons-logging/1.2/commons-logging-1.2.jar:/home/runner/.m2/repository/log4j/log4j/1.2.17/log4j-1.2.17.jar:/home/runner/.m2/repository/org/slf4j/slf4j-api/1.7.30/slf4j-api-1.7.30.jar:/home/runner/.m2/repository/org/apache/ozone/hdds-server-scm/1.3.0-SNAPSHOT/hdds-server-scm-1.3.0-SNAPSHOT.jar:/home/runner/.m2/repository/org/apache/ozone/hdds-container-service/1.3.0-SNAPSHOT/hdds-container-service-1.3.0-SNAPSHOT.jar:/home/runner/.m2/repository/org/apache/ozone/hdds-hadoop-dependency-server/1.3.0-SNAPSHOT/hdds-hadoop-dependency-server-1.3.0-SNAPSHOT.jar:/home/runner/.m2/repository/org/apache/hadoop/hadoop-hdfs/3.3.1/hadoop-hdfs-3.3.1.jar:/home/runner/.m2/repository/org/apache/ozone/hdds-server-framework/1.3.0-SNAPSHOT/hdds-server-framework-1.3.0-SNAPSHOT.jar:/home/runner/.m2/repository/org/apache/ozone/hdds-interface-server/1.3.0-SNAPSHOT/hdds-interface-server-1.3.0-SNAPSHOT.jar:/home/runner/.m2/repository/org/eclipse/jetty/jetty-servlet/9.4.43.v20210629/jetty-servlet-9.4.43.v20210629.jar:/home/runner/.m2/repository/org/eclipse/jetty/jetty-security/9.4.43.v20210629/jetty-security-9.4.43.v20210629.jar:/home/runner/.m2/repository/org/rocksdb/rocksdbjni/6.25.3/rocksdbjni-6.25.3.jar:/home/runner/.m2/repository/io/prometheus/simpleclient_dropwizard/0.7.0/simpleclient_dropwizard-0.7.0.jar:/home/runner/.m2/repository/io/prometheus/simpleclient/0.7.0/simpleclient-0.7.0.jar:/home/runner/.m2/repository/io/prometheus/simpleclient_common/0.7.0/simpleclient_common-0.7.0.jar:/home/runner/.m2/repository/com/fasterxml/jackson/datatype/jackson-datatype-jsr310/2.12.1/jackson-datatype-jsr310-2.12.1.jar:/home/runner/.m2/repository/io/dropwizard/metrics/metrics-core/3.2.4/metrics-core-3.2.4.jar:/home/runner/.m2/repository/org/apache/hadoop/hadoop-hdfs-client/3.3.1/hadoop-hdfs-client-3.3.1.jar:/home/runner/.m2/repository/org/bouncycastle/bcprov-jdk15on/1.67/bcprov-jdk15on-1.67.jar:/home/runner/.m2/repository/com/google/protobuf/protobuf-java/2.5.0/protobuf-java-2.5.0.jar:/home/runner/.m2/repository/org/apache/ozone/ozone-manager/1.3.0-SNAPSHOT/ozone-manager-1.3.0-SNAPSHOT.jar:/home/runner/.m2/repository/org/aspectj/aspectjrt/1.9.7/aspectjrt-1.9.7.jar:/home/runner/.m2/repository/org/aspectj/aspectjweaver/1.9.7/aspectjweaver-1.9.7.jar:/home/runner/.m2/repository/org/apache/ozone/hdds-interface-client/1.3.0-SNAPSHOT/hdds-interface-client-1.3.0-SNAPSHOT.jar:/home/runner/.m2/repository/org/apache/hadoop/thirdparty/hadoop-shaded-protobuf_3_7/1.1.1/hadoop-shaded-protobuf_3_7-1.1.1.jar:/home/runner/.m2/repository/org/apache/ozone/ozone-interface-storage/1.3.0-SNAPSHOT/ozone-interface-storage-1.3.0-SNAPSHOT.jar:/home/runner/.m2/repository/org/reflections/reflections/0.9.11/reflections-0.9.11.jar:/home/runner/.m2/repository/org/apache/hadoop/hadoop-minikdc/3.3.1/hadoop-minikdc-3.3.1.jar:/home/runner/.m2/repository/org/apache/kerby/kerb-simplekdc/1.0.1/kerb-simplekdc-1.0.1.jar:/home/runner/.m2/repository/org/apache/kerby/kerb-client/1.0.1/kerb-client-1.0.1.jar:/home/runner/.m2/repository/org/apache/kerby/kerby-config/1.0.1/kerby-config-1.0.1.jar:/home/runner/.m2/repository/org/apache/kerby/kerb-common/1.0.1/kerb-common-1.0.1.jar:/home/runner/.m2/repository/org/apache/kerby/kerb-crypto/1.0.1/kerb-crypto-1.0.1.jar:/home/runner/.m2/repository/org/apache/kerby/kerb-util/1.0.1/kerb-util-1.0.1.jar:/home/runner/.m2/repository/org/apache/kerby/token-provider/1.0.1/token-provider-1.0.1.jar:/home/runner/.m2/repository/org/apache/kerby/kerb-admin/1.0.1/kerb-admin-1.0.1.jar:/home/runner/.m2/repository/org/apache/kerby/kerb-server/1.0.1/kerb-server-1.0.1.jar:/home/runner/.m2/repository/org/apache/kerby/kerb-identity/1.0.1/kerb-identity-1.0.1.jar:/home/runner/.m2/repository/org/apache/kerby/kerby-xdr/1.0.1/kerby-xdr-1.0.1.jar:/home/runner/.m2/repository/org/slf4j/slf4j-log4j12/1.7.30/slf4j-log4j12-1.7.30.jar:/home/runner/.m2/repository/org/apache/ozone/ozone-s3gateway/1.3.0-SNAPSHOT/ozone-s3gateway-1.3.0-SNAPSHOT.jar:/home/runner/.m2/repository/org/javassist/javassist/3.21.0-GA/javassist-3.21.0-GA.jar:/home/runner/.m2/repository/org/jboss/weld/servlet/weld-servlet/2.4.7.Final/weld-servlet-2.4.7.Final.jar:/home/runner/.m2/repository/org/glassfish/jersey/containers/jersey-container-servlet-core/2.33/jersey-container-servlet-core-2.33.jar:/home/runner/.m2/repository/org/glassfish/hk2/external/jakarta.inject/2.6.1/jakarta.inject-2.6.1.jar:/home/runner/.m2/repository/org/glassfish/jersey/core/jersey-common/2.33/jersey-common-2.33.jar:/home/runner/.m2/repository/jakarta/ws/rs/jakarta.ws.rs-api/2.1.6/jakarta.ws.rs-api-2.1.6.jar:/home/runner/.m2/repository/org/glassfish/jersey/ext/cdi/jersey-cdi1x/2.33/jersey-cdi1x-2.33.jar:/home/runner/.m2/repository/org/glassfish/jersey/inject/jersey-hk2/2.33/jersey-hk2-2.33.jar:/home/runner/.m2/repository/org/glassfish/hk2/hk2-locator/2.6.1/hk2-locator-2.6.1.jar:/home/runner/.m2/repository/org/glassfish/jersey/media/jersey-media-jaxb/2.33/jersey-media-jaxb-2.33.jar:/home/runner/.m2/repository/org/glassfish/hk2/osgi-resource-locator/1.0.3/osgi-resource-locator-1.0.3.jar:/home/runner/.m2/repository/org/glassfish/hk2/hk2-api/2.5.0/hk2-api-2.5.0.jar:/home/runner/.m2/repository/org/glassfish/hk2/hk2-utils/2.5.0/hk2-utils-2.5.0.jar:/home/runner/.m2/repository/org/glassfish/hk2/external/aopalliance-repackaged/2.5.0/aopalliance-repackaged-2.5.0.jar:/home/runner/.m2/repository/com/fasterxml/jackson/dataformat/jackson-dataformat-xml/2.12.1/jackson-dataformat-xml-2.12.1.jar:/home/runner/.m2/repository/com/fasterxml/jackson/core/jackson-core/2.12.1/jackson-core-2.12.1.jar:/home/runner/.m2/repository/com/fasterxml/jackson/module/jackson-module-jaxb-annotations/2.12.1/jackson-module-jaxb-annotations-2.12.1.jar:/home/runner/.m2/repository/jakarta/xml/bind/jakarta.xml.bind-api/2.3.2/jakarta.xml.bind-api-2.3.2.jar:/home/runner/.m2/repository/org/codehaus/woodstox/stax2-api/3.1.4/stax2-api-3.1.4.jar:/home/runner/.m2/repository/com/fasterxml/woodstox/woodstox-core/5.0.3/woodstox-core-5.0.3.jar:/home/runner/.m2/repository/javax/enterprise/cdi-api/1.2/cdi-api-1.2.jar:/home/runner/.m2/repository/javax/el/javax.el-api/3.0.0/javax.el-api-3.0.0.jar:/home/runner/.m2/repository/javax/interceptor/javax.interceptor-api/1.2/javax.interceptor-api-1.2.jar:/home/runner/.m2/repository/javax/inject/javax.inject/1/javax.inject-1.jar:/home/runner/.m2/repository/javax/xml/bind/jaxb-api/2.3.0/jaxb-api-2.3.0.jar:/home/runner/.m2/repository/org/glassfish/jaxb/jaxb-runtime/2.3.0.1/jaxb-runtime-2.3.0.1.jar:/home/runner/.m2/repository/org/glassfish/jaxb/jaxb-core/2.3.0.1/jaxb-core-2.3.0.1.jar:/home/runner/.m2/repository/org/glassfish/jaxb/txw2/2.3.0.1/txw2-2.3.0.1.jar:/home/runner/.m2/repository/com/sun/istack/istack-commons-runtime/3.0.5/istack-commons-runtime-3.0.5.jar:/home/runner/.m2/repository/org/jvnet/staxex/stax-ex/1.7.8/stax-ex-1.7.8.jar:/home/runner/.m2/repository/com/sun/xml/fastinfoset/FastInfoset/1.2.13/FastInfoset-1.2.13.jar:/home/runner/.m2/repository/javax/activation/activation/1.1.1/activation-1.1.1.jar:/home/runner/.m2/repository/org/apache/ozone/ozone-csi/1.3.0-SNAPSHOT/ozone-csi-1.3.0-SNAPSHOT.jar:/home/runner/.m2/repository/com/google/protobuf/protobuf-java-util/3.12.0/protobuf-java-util-3.12.0.jar:/home/runner/.m2/repository/com/google/code/gson/gson/2.2.4/gson-2.2.4.jar:/home/runner/.m2/repository/org/apache/ozone/hdds-config/1.3.0-SNAPSHOT/hdds-config-1.3.0-SNAPSHOT.jar:/home/runner/.m2/repository/io/grpc/grpc-netty/1.33.0/grpc-netty-1.33.0.jar:/home/runner/.m2/repository/io/grpc/grpc-core/1.33.0/grpc-core-1.33.0.jar:/home/runner/.m2/repository/com/google/android/annotations/4.1.1.4/annotations-4.1.1.4.jar:/home/runner/.m2/repository/io/netty/netty-codec-http2/4.1.63.Final/netty-codec-http2-4.1.63.Final.jar:/home/runner/.m2/repository/io/netty/netty-codec-http/4.1.63.Final/netty-codec-http-4.1.63.Final.jar:/home/runner/.m2/repository/io/netty/netty-handler-proxy/4.1.63.Final/netty-handler-proxy-4.1.63.Final.jar:/home/runner/.m2/repository/io/netty/netty-codec-socks/4.1.63.Final/netty-codec-socks-4.1.63.Final.jar:/home/runner/.m2/repository/io/perfmark/perfmark-api/0.19.0/perfmark-api-0.19.0.jar:/home/runner/.m2/repository/org/codehaus/mojo/animal-sniffer-annotations/1.18/animal-sniffer-annotations-1.18.jar:/home/runner/.m2/repository/io/netty/netty-transport-native-epoll/4.1.63.Final/netty-transport-native-epoll-4.1.63.Final.jar:/home/runner/.m2/repository/io/netty/netty-common/4.1.63.Final/netty-common-4.1.63.Final.jar:/home/runner/.m2/repository/io/netty/netty-buffer/4.1.63.Final/netty-buffer-4.1.63.Final.jar:/home/runner/.m2/repository/io/netty/netty-transport-native-unix-common/4.1.63.Final/netty-transport-native-unix-common-4.1.63.Final.jar:/home/runner/.m2/repository/io/grpc/grpc-protobuf/1.33.0/grpc-protobuf-1.33.0.jar:/home/runner/.m2/repository/io/grpc/grpc-api/1.33.0/grpc-api-1.33.0.jar:/home/runner/.m2/repository/io/grpc/grpc-context/1.33.0/grpc-context-1.33.0.jar:/home/runner/.m2/repository/com/google/api/grpc/proto-google-common-protos/1.17.0/proto-google-common-protos-1.17.0.jar:/home/runner/.m2/repository/io/grpc/grpc-protobuf-lite/1.33.0/grpc-protobuf-lite-1.33.0.jar:/home/runner/.m2/repository/io/grpc/grpc-stub/1.33.0/grpc-stub-1.33.0.jar:/home/runner/.m2/repository/org/apache/ozone/ozone-recon/1.3.0-SNAPSHOT/ozone-recon-1.3.0-SNAPSHOT.jar:/home/runner/.m2/repository/org/apache/ozone/ozone-reconcodegen/1.3.0-SNAPSHOT/ozone-reconcodegen-1.3.0-SNAPSHOT.jar:/home/runner/.m2/repository/com/google/inject/extensions/guice-multibindings/4.0/guice-multibindings-4.0.jar:/home/runner/.m2/repository/com/google/inject/guice/4.0/guice-4.0.jar:/home/runner/.m2/repository/aopalliance/aopalliance/1.0/aopalliance-1.0.jar:/home/runner/.m2/repository/com/google/inject/extensions/guice-assistedinject/4.0/guice-assistedinject-4.0.jar:/home/runner/.m2/repository/com/google/inject/extensions/guice-servlet/4.0/guice-servlet-4.0.jar:/home/runner/.m2/repository/org/glassfish/jersey/containers/jersey-container-servlet/2.33/jersey-container-servlet-2.33.jar:/home/runner/.m2/repository/org/glassfish/hk2/guice-bridge/2.5.0/guice-bridge-2.5.0.jar:/home/runner/.m2/repository/org/glassfish/jersey/core/jersey-server/2.33/jersey-server-2.33.jar:/home/runner/.m2/repository/org/glassfish/jersey/core/jersey-client/2.33/jersey-client-2.33.jar:/home/runner/.m2/repository/jakarta/annotation/jakarta.annotation-api/1.3.5/jakarta.annotation-api-1.3.5.jar:/home/runner/.m2/repository/jakarta/validation/jakarta.validation-api/2.0.2/jakarta.validation-api-2.0.2.jar:/home/runner/.m2/repository/org/glassfish/jersey/media/jersey-media-json-jackson/2.33/jersey-media-json-jackson-2.33.jar:/home/runner/.m2/repository/org/glassfish/jersey/ext/jersey-entity-filtering/2.33/jersey-entity-filtering-2.33.jar:/home/runner/.m2/repository/org/jooq/jooq/3.11.10/jooq-3.11.10.jar:/home/runner/.m2/repository/org/jooq/jooq-meta/3.11.10/jooq-meta-3.11.10.jar:/home/runner/.m2/repository/org/jooq/jooq-codegen/3.11.10/jooq-codegen-3.11.10.jar:/home/runner/.m2/repository/com/jolbox/bonecp/0.8.0.RELEASE/bonecp-0.8.0.RELEASE.jar:/home/runner/.m2/repository/org/apache/derby/derby/10.14.2.0/derby-10.14.2.0.jar:/home/runner/.m2/repository/org/xerial/sqlite-jdbc/3.25.2/sqlite-jdbc-3.25.2.jar:/home/runner/.m2/repository/org/springframework/spring-jdbc/5.2.18.RELEASE/spring-jdbc-5.2.18.RELEASE.jar:/home/runner/.m2/repository/org/springframework/spring-beans/5.2.18.RELEASE/spring-beans-5.2.18.RELEASE.jar:/home/runner/.m2/repository/org/springframework/spring-core/5.2.18.RELEASE/spring-core-5.2.18.RELEASE.jar:/home/runner/.m2/repository/org/springframework/spring-jcl/5.2.18.RELEASE/spring-jcl-5.2.18.RELEASE.jar:/home/runner/.m2/repository/org/springframework/spring-tx/5.2.18.RELEASE/spring-tx-5.2.18.RELEASE.jar:/home/runner/.m2/repository/org/apache/ozone/ozone-client/1.3.0-SNAPSHOT/ozone-client-1.3.0-SNAPSHOT.jar:/home/runner/.m2/repository/org/apache/ozone/ozone-filesystem/1.3.0-SNAPSHOT/ozone-filesystem-1.3.0-SNAPSHOT.jar:/home/runner/.m2/repository/org/apache/ozone/ozone-filesystem-common/1.3.0-SNAPSHOT/ozone-filesystem-common-1.3.0-SNAPSHOT.jar:/home/runner/.m2/repository/org/apache/ozone/ozone-tools/1.3.0-SNAPSHOT/ozone-tools-1.3.0-SNAPSHOT.jar:/home/runner/.m2/repository/org/apache/ratis/ratis-tools/2.2.0/ratis-tools-2.2.0.jar:/home/runner/.m2/repository/com/amazonaws/aws-java-sdk-core/1.12.124/aws-java-sdk-core-1.12.124.jar:/home/runner/.m2/repository/org/apache/httpcomponents/httpclient/4.5.13/httpclient-4.5.13.jar:/home/runner/.m2/repository/org/apache/httpcomponents/httpcore/4.4.13/httpcore-4.4.13.jar:/home/runner/.m2/repository/software/amazon/ion/ion-java/1.0.2/ion-java-1.0.2.jar:/home/runner/.m2/repository/com/fasterxml/jackson/dataformat/jackson-dataformat-cbor/2.12.1/jackson-dataformat-cbor-2.12.1.jar:/home/runner/.m2/repository/joda-time/joda-time/2.8.1/joda-time-2.8.1.jar:/home/runner/.m2/repository/com/amazonaws/aws-java-sdk-s3/1.12.124/aws-java-sdk-s3-1.12.124.jar:/home/runner/.m2/repository/com/amazonaws/aws-java-sdk-kms/1.12.124/aws-java-sdk-kms-1.12.124.jar:/home/runner/.m2/repository/com/amazonaws/jmespath-java/1.12.124/jmespath-java-1.12.124.jar:/home/runner/.m2/repository/org/kohsuke/metainf-services/metainf-services/1.8/metainf-services-1.8.jar:/home/runner/.m2/repository/org/apache/ozone/hdds-tools/1.3.0-SNAPSHOT/hdds-tools-1.3.0-SNAPSHOT.jar:/home/runner/.m2/repository/commons-cli/commons-cli/1.2/commons-cli-1.2.jar:/home/runner/.m2/repository/org/apache/commons/commons-lang3/3.7/commons-lang3-3.7.jar:/home/runner/.m2/repository/org/apache/ozone/ozone-manager/1.3.0-SNAPSHOT/ozone-manager-1.3.0-SNAPSHOT-tests.jar:/home/runner/.m2/repository/org/apache/ozone/hdds-common/1.3.0-SNAPSHOT/hdds-common-1.3.0-SNAPSHOT-tests.jar:/home/runner/.m2/repository/org/apache/ozone/hdds-hadoop-dependency-client/1.3.0-SNAPSHOT/hdds-hadoop-dependency-client-1.3.0-SNAPSHOT.jar:/home/runner/.m2/repository/info/picocli/picocli/4.6.1/picocli-4.6.1.jar:/home/runner/.m2/repository/com/fasterxml/jackson/core/jackson-annotations/2.12.1/jackson-annotations-2.12.1.jar:/home/runner/.m2/repository/javax/annotation/javax.annotation-api/1.2/javax.annotation-api-1.2.jar:/home/runner/.m2/repository/org/apache/ratis/ratis-server/2.2.0/ratis-server-2.2.0.jar:/home/runner/.m2/repository/org/apache/ratis/ratis-client/2.2.0/ratis-client-2.2.0.jar:/home/runner/.m2/repository/org/apache/ratis/ratis-server-api/2.2.0/ratis-server-api-2.2.0.jar:/home/runner/.m2/repository/org/apache/ratis/ratis-metrics/2.2.0/ratis-metrics-2.2.0.jar:/home/runner/.m2/repository/org/apache/ratis/ratis-netty/2.2.0/ratis-netty-2.2.0.jar:/home/runner/.m2/repository/org/apache/ratis/ratis-grpc/2.2.0/ratis-grpc-2.2.0.jar:/home/runner/.m2/repository/org/apache/logging/log4j/log4j-api/2.17.1/log4j-api-2.17.1.jar:/home/runner/.m2/repository/org/apache/logging/log4j/log4j-core/2.17.1/log4j-core-2.17.1.jar:/home/runner/.m2/repository/com/lmax/disruptor/3.4.2/disruptor-3.4.2.jar:/home/runner/.m2/repository/org/apache/commons/commons-pool2/2.6.0/commons-pool2-2.6.0.jar:/home/runner/.m2/repository/org/bouncycastle/bcpkix-jdk15on/1.67/bcpkix-jdk15on-1.67.jar:/home/runner/.m2/repository/commons-validator/commons-validator/1.6/commons-validator-1.6.jar:/home/runner/.m2/repository/commons-beanutils/commons-beanutils/1.9.4/commons-beanutils-1.9.4.jar:/home/runner/.m2/repository/commons-digester/commons-digester/1.8.1/commons-digester-1.8.1.jar:/home/runner/.m2/repository/commons-collections/commons-collections/3.2.2/commons-collections-3.2.2.jar:/home/runner/.m2/repository/io/jaegertracing/jaeger-client/1.6.0/jaeger-client-1.6.0.jar:/home/runner/.m2/repository/io/jaegertracing/jaeger-thrift/1.6.0/jaeger-thrift-1.6.0.jar:/home/runner/.m2/repository/org/apache/thrift/libthrift/0.14.1/libthrift-0.14.1.jar:/home/runner/.m2/repository/com/squareup/okhttp3/okhttp/4.9.0/okhttp-4.9.0.jar:/home/runner/.m2/repository/com/squareup/okio/okio/2.8.0/okio-2.8.0.jar:/home/runner/.m2/repository/io/jaegertracing/jaeger-core/1.6.0/jaeger-core-1.6.0.jar:/home/runner/.m2/repository/io/jaegertracing/jaeger-tracerresolver/1.6.0/jaeger-tracerresolver-1.6.0.jar:/home/runner/.m2/repository/io/opentracing/contrib/opentracing-tracerresolver/0.1.8/opentracing-tracerresolver-0.1.8.jar:/home/runner/.m2/repository/org/jetbrains/kotlin/kotlin-stdlib/1.4.31/kotlin-stdlib-1.4.31.jar:/home/runner/.m2/repository/org/jetbrains/kotlin/kotlin-stdlib-common/1.4.31/kotlin-stdlib-common-1.4.31.jar:/home/runner/.m2/repository/org/jetbrains/annotations/13.0/annotations-13.0.jar:/home/runner/.m2/repository/io/opentracing/opentracing-util/0.33.0/opentracing-util-0.33.0.jar:/home/runner/.m2/repository/io/opentracing/opentracing-api/0.33.0/opentracing-api-0.33.0.jar:/home/runner/.m2/repository/io/opentracing/opentracing-noop/0.33.0/opentracing-noop-0.33.0.jar:/home/runner/.m2/repository/org/yaml/snakeyaml/1.26/snakeyaml-1.26.jar:/home/runner/.m2/repository/org/apache/ozone/hdds-interface-admin/1.3.0-SNAPSHOT/hdds-interface-admin-1.3.0-SNAPSHOT.jar:/home/runner/.m2/repository/junit/junit/4.13.1/junit-4.13.1.jar:/home/runner/.m2/repository/org/hamcrest/hamcrest-core/1.3/hamcrest-core-1.3.jar:/home/runner/.m2/repository/org/junit/jupiter/junit-jupiter-api/5.7.0/junit-jupiter-api-5.7.0.jar:/home/runner/.m2/repository/org/apiguardian/apiguardian-api/1.1.0/apiguardian-api-1.1.0.jar:/home/runner/.m2/repository/org/opentest4j/opentest4j/1.2.0/opentest4j-1.2.0.jar:/home/runner/.m2/repository/org/junit/platform/junit-platform-commons/1.7.0/junit-platform-commons-1.7.0.jar:/home/runner/.m2/repository/org/junit/jupiter/junit-jupiter-engine/5.7.0/junit-jupiter-engine-5.7.0.jar:/home/runner/.m2/repository/org/junit/platform/junit-platform-engine/1.7.0/junit-platform-engine-1.7.0.jar:/home/runner/.m2/repository/org/junit/vintage/junit-vintage-engine/5.7.0/junit-vintage-engine-5.7.0.jar:/home/runner/.m2/repository/org/junit/platform/junit-platform-launcher/1.7.0/junit-platform-launcher-1.7.0.jar:/home/runner/.m2/repository/org/mockito/mockito-core/2.28.2/mockito-core-2.28.2.jar:/home/runner/.m2/repository/net/bytebuddy/byte-buddy/1.9.10/byte-buddy-1.9.10.jar:/home/runner/.m2/repository/net/bytebuddy/byte-buddy-agent/1.9.10/byte-buddy-agent-1.9.10.jar:/home/runner/.m2/repository/org/objenesis/objenesis/1.0/objenesis-1.0.jar:/home/runner/.m2/repository/org/apache/hadoop/hadoop-kms/3.3.1/hadoop-kms-3.3.1.jar:/home/runner/.m2/repository/org/apache/hadoop/hadoop-auth/3.3.1/hadoop-auth-3.3.1.jar:/home/runner/.m2/repository/com/nimbusds/nimbus-jose-jwt/7.9/nimbus-jose-jwt-7.9.jar:/home/runner/.m2/repository/com/github/stephenc/jcip/jcip-annotations/1.0-1/jcip-annotations-1.0-1.jar:/home/runner/.m2/repository/net/minidev/json-smart/2.3.1/json-smart-2.3.1.jar:/home/runner/.m2/repository/net/minidev/accessors-smart/2.3.1/accessors-smart-2.3.1.jar:/home/runner/.m2/repository/org/ow2/asm/asm/5.0.4/asm-5.0.4.jar:/home/runner/.m2/repository/org/apache/zookeeper/zookeeper/3.5.6/zookeeper-3.5.6.jar:/home/runner/.m2/repository/org/apache/zookeeper/zookeeper-jute/3.5.6/zookeeper-jute-3.5.6.jar:/home/runner/.m2/repository/org/apache/yetus/audience-annotations/0.5.0/audience-annotations-0.5.0.jar:/home/runner/.m2/repository/org/apache/curator/curator-framework/4.2.0/curator-framework-4.2.0.jar:/home/runner/.m2/repository/org/apache/hadoop/thirdparty/hadoop-shaded-guava/1.1.1/hadoop-shaded-guava-1.1.1.jar:/home/runner/.m2/repository/com/sun/jersey/jersey-core/1.19/jersey-core-1.19.jar:/home/runner/.m2/repository/javax/ws/rs/jsr311-api/1.1.1/jsr311-api-1.1.1.jar:/home/runner/.m2/repository/com/sun/jersey/jersey-server/1.19/jersey-server-1.19.jar:/home/runner/.m2/repository/javax/servlet/javax.servlet-api/3.1.0/javax.servlet-api-3.1.0.jar:/home/runner/.m2/repository/org/eclipse/jetty/jetty-server/9.4.43.v20210629/jetty-server-9.4.43.v20210629.jar:/home/runner/.m2/repository/org/eclipse/jetty/jetty-http/9.4.43.v20210629/jetty-http-9.4.43.v20210629.jar:/home/runner/.m2/repository/org/eclipse/jetty/jetty-io/9.4.43.v20210629/jetty-io-9.4.43.v20210629.jar:/home/runner/.m2/repository/org/eclipse/jetty/jetty-webapp/9.4.43.v20210629/jetty-webapp-9.4.43.v20210629.jar:/home/runner/.m2/repository/org/eclipse/jetty/jetty-xml/9.4.43.v20210629/jetty-xml-9.4.43.v20210629.jar:/home/runner/.m2/repository/org/apache/hadoop/hadoop-common/3.3.1/hadoop-common-3.3.1.jar:/home/runner/.m2/repository/org/apache/commons/commons-math3/3.1.1/commons-math3-3.1.1.jar:/home/runner/.m2/repository/commons-net/commons-net/3.6/commons-net-3.6.jar:/home/runner/.m2/repository/jakarta/activation/jakarta.activation-api/1.2.1/jakarta.activation-api-1.2.1.jar:/home/runner/.m2/repository/com/sun/jersey/jersey-servlet/1.19/jersey-servlet-1.19.jar:/home/runner/.m2/repository/com/sun/jersey/jersey-json/1.19/jersey-json-1.19.jar:/home/runner/.m2/repository/org/codehaus/jettison/jettison/1.1/jettison-1.1.jar:/home/runner/.m2/repository/com/sun/xml/bind/jaxb-impl/2.2.3-1/jaxb-impl-2.2.3-1.jar:/home/runner/.m2/repository/org/codehaus/jackson/jackson-jaxrs/1.9.2/jackson-jaxrs-1.9.2.jar:/home/runner/.m2/repository/org/codehaus/jackson/jackson-xc/1.9.2/jackson-xc-1.9.2.jar:/home/runner/.m2/repository/org/apache/commons/commons-configuration2/2.1.1/commons-configuration2-2.1.1.jar:/home/runner/.m2/repository/org/apache/commons/commons-text/1.4/commons-text-1.4.jar:/home/runner/.m2/repository/com/google/re2j/re2j/1.1/re2j-1.1.jar:/home/runner/.m2/repository/com/jcraft/jsch/0.1.54/jsch-0.1.54.jar:/home/runner/.m2/repository/org/apache/curator/curator-client/4.2.0/curator-client-4.2.0.jar:/home/runner/.m2/repository/org/apache/curator/curator-recipes/4.2.0/curator-recipes-4.2.0.jar:/home/runner/.m2/repository/org/apache/kerby/kerb-core/1.0.1/kerb-core-1.0.1.jar:/home/runner/.m2/repository/org/apache/kerby/kerby-pkix/1.0.1/kerby-pkix-1.0.1.jar:/home/runner/.m2/repository/org/apache/kerby/kerby-asn1/1.0.1/kerby-asn1-1.0.1.jar:/home/runner/.m2/repository/org/apache/kerby/kerby-util/1.0.1/kerby-util-1.0.1.jar:/home/runner/.m2/repository/dnsjava/dnsjava/2.1.7/dnsjava-2.1.7.jar:/home/runner/.m2/repository/org/xerial/snappy/snappy-java/1.1.8.2/snappy-java-1.1.8.2.jar:/home/runner/.m2/repository/org/slf4j/jul-to-slf4j/1.7.30/jul-to-slf4j-1.7.30.jar:/home/runner/.m2/repository/org/eclipse/jetty/jetty-util/9.4.43.v20210629/jetty-util-9.4.43.v20210629.jar:/home/runner/.m2/repository/com/fasterxml/jackson/core/jackson-databind/2.12.1/jackson-databind-2.12.1.jar:/home/runner/.m2/repository/org/apache/hadoop/hadoop-kms/3.3.1/hadoop-kms-3.3.1-tests.jar:/home/runner/.m2/repository/org/apache/ozone/hdds-server-scm/1.3.0-SNAPSHOT/hdds-server-scm-1.3.0-SNAPSHOT-tests.jar:/home/runner/.m2/repository/org/apache/ozone/hdds-container-service/1.3.0-SNAPSHOT/hdds-container-service-1.3.0-SNAPSHOT-tests.jar:/home/runner/.m2/repository/commons-codec/commons-codec/1.11/commons-codec-1.11.jar:/home/runner/.m2/repository/io/netty/netty-transport/4.1.63.Final/netty-transport-4.1.63.Final.jar:/home/runner/.m2/repository/io/netty/netty-resolver/4.1.63.Final/netty-resolver-4.1.63.Final.jar:/home/runner/.m2/repository/io/netty/netty-codec/4.1.63.Final/netty-codec-4.1.63.Final.jar:/home/runner/.m2/repository/io/netty/netty-handler/4.1.63.Final/netty-handler-4.1.63.Final.jar:/home/runner/.m2/repository/org/apache/ozone/hdds-hadoop-dependency-test/1.3.0-SNAPSHOT/hdds-hadoop-dependency-test-1.3.0-SNAPSHOT.jar:/home/runner/.m2/repository/org/apache/hadoop/hadoop-common/3.3.1/hadoop-common-3.3.1-tests.jar:/home/runner/.m2/repository/org/assertj/assertj-core/3.12.2/assertj-core-3.12.2.jar:/home/runner/.m2/repository/org/apache/hadoop/hadoop-hdfs/3.3.1/hadoop-hdfs-3.3.1-tests.jar:/home/runner/.m2/repository/org/eclipse/jetty/jetty-util-ajax/9.4.43.v20210629/jetty-util-ajax-9.4.43.v20210629.jar:/home/runner/.m2/repository/commons-daemon/commons-daemon/1.0.13/commons-daemon-1.0.13.jar:/home/runner/.m2/repository/io/netty/netty/3.10.6.Final/netty-3.10.6.Final.jar:/home/runner/.m2/repository/io/netty/netty-all/4.1.63.Final/netty-all-4.1.63.Final.jar:/home/runner/.m2/repository/org/apache/htrace/htrace-core4/4.1.0-incubating/htrace-core4-4.1.0-incubating.jar:/home/runner/.m2/repository/org/fusesource/leveldbjni/leveldbjni-all/1.8/leveldbjni-all-1.8.jar:/home/runner/.m2/repository/org/apache/hadoop/hadoop-distcp/3.3.1/hadoop-distcp-3.3.1.jar:/home/runner/.m2/repository/org/apache/hadoop/hadoop-mapreduce-client-jobclient/3.3.1/hadoop-mapreduce-client-jobclient-3.3.1.jar:/home/runner/.m2/repository/org/apache/hadoop/hadoop-mapreduce-client-common/3.3.1/hadoop-mapreduce-client-common-3.3.1.jar:/home/runner/.m2/repository/org/apache/hadoop/hadoop-yarn-common/3.3.1/hadoop-yarn-common-3.3.1.jar:/home/runner/.m2/repository/org/apache/hadoop/hadoop-yarn-api/3.3.1/hadoop-yarn-api-3.3.1.jar:/home/runner/.m2/repository/com/sun/jersey/jersey-client/1.19/jersey-client-1.19.jar:/home/runner/.m2/repository/com/sun/jersey/contribs/jersey-guice/1.19/jersey-guice-1.19.jar:/home/runner/.m2/repository/com/fasterxml/jackson/jaxrs/jackson-jaxrs-json-provider/2.12.1/jackson-jaxrs-json-provider-2.12.1.jar:/home/runner/.m2/repository/com/fasterxml/jackson/jaxrs/jackson-jaxrs-base/2.12.1/jackson-jaxrs-base-2.12.1.jar:/home/runner/.m2/repository/org/apache/hadoop/hadoop-yarn-client/3.3.1/hadoop-yarn-client-3.3.1.jar:/home/runner/.m2/repository/org/eclipse/jetty/websocket/websocket-client/9.4.40.v20210413/websocket-client-9.4.40.v20210413.jar:/home/runner/.m2/repository/org/eclipse/jetty/jetty-client/9.4.40.v20210413/jetty-client-9.4.40.v20210413.jar:/home/runner/.m2/repository/org/eclipse/jetty/websocket/websocket-common/9.4.40.v20210413/websocket-common-9.4.40.v20210413.jar:/home/runner/.m2/repository/org/eclipse/jetty/websocket/websocket-api/9.4.40.v20210413/websocket-api-9.4.40.v20210413.jar:/home/runner/.m2/repository/org/jline/jline/3.9.0/jline-3.9.0.jar:/home/runner/.m2/repository/org/apache/hadoop/hadoop-mapreduce-client-core/3.3.1/hadoop-mapreduce-client-core-3.3.1.jar:/home/runner/.m2/repository/org/apache/avro/avro/1.7.7/avro-1.7.7.jar:/home/runner/.m2/repository/org/codehaus/jackson/jackson-core-asl/1.9.13/jackson-core-asl-1.9.13.jar:/home/runner/.m2/repository/org/codehaus/jackson/jackson-mapper-asl/1.9.13/jackson-mapper-asl-1.9.13.jar:/home/runner/.m2/repository/com/thoughtworks/paranamer/paranamer/2.3/paranamer-2.3.jar:/home/runner/.m2/repository/org/apache/hadoop/hadoop-annotations/3.3.1/hadoop-annotations-3.3.1.jar:/usr/lib/jvm/temurin-8-jdk-amd64/jre/../lib/tools.jar:/home/runner/.m2/repository/org/apache/hadoop/hadoop-distcp/3.3.1/hadoop-distcp-3.3.1-tests.jar:/home/runner/.m2/repository/org/apache/ratis/ratis-common/2.2.0/ratis-common-2.2.0.jar:/home/runner/.m2/repository/org/apache/ratis/ratis-thirdparty-misc/0.7.0/ratis-thirdparty-misc-0.7.0.jar:/home/runner/.m2/repository/org/apache/ratis/ratis-proto/2.2.0/ratis-proto-2.2.0.jar:"/>
    <property name="java.vm.vendor" value="Temurin"/>
    <property name="sun.arch.data.model" value="64"/>
    <property name="test.build.dir" value="/home/runner/work/ozone/ozone/hadoop-ozone/integration-test/target/test-dir"/>
    <property name="test.cache.data" value=""/>
    <property name="java.vendor.url" value="https://adoptium.net/"/>
    <property name="user.timezone" value=""/>
    <property name="java.vm.specification.version" value="1.8"/>
    <property name="os.name" value="Linux"/>
    <property name="test.build.data" value="/home/runner/work/ozone/ozone/hadoop-ozone/integration-test/target/test-dir"/>
    <property name="sun.java.launcher" value="SUN_STANDARD"/>
    <property name="sun.boot.library.path" value="/usr/lib/jvm/temurin-8-jdk-amd64/jre/lib/amd64"/>
    <property name="sun.java.command" value="/home/runner/work/ozone/ozone/hadoop-ozone/integration-test/target/surefire/surefirebooter6967229300403795179.jar /home/runner/work/ozone/ozone/hadoop-ozone/integration-test/target/surefire 2022-02-08T12-23-13_887-jvmRun1 surefire7943819004962359156tmp surefire_157712359446375091544tmp"/>
    <property name="surefire.test.class.path" value="/home/runner/work/ozone/ozone/hadoop-ozone/integration-test/target/test-classes:/home/runner/work/ozone/ozone/hadoop-ozone/integration-test/target/classes:/home/runner/.m2/repository/org/apache/ozone/ozone-common/1.3.0-SNAPSHOT/ozone-common-1.3.0-SNAPSHOT.jar:/home/runner/.m2/repository/org/apache/commons/commons-compress/1.21/commons-compress-1.21.jar:/home/runner/.m2/repository/org/apache/ozone/hdds-common/1.3.0-SNAPSHOT/hdds-common-1.3.0-SNAPSHOT.jar:/home/runner/.m2/repository/org/apache/ozone/hdds-client/1.3.0-SNAPSHOT/hdds-client-1.3.0-SNAPSHOT.jar:/home/runner/.m2/repository/org/apache/ozone/ozone-interface-client/1.3.0-SNAPSHOT/ozone-interface-client-1.3.0-SNAPSHOT.jar:/home/runner/.m2/repository/org/apache/ozone/hdds-test-utils/1.3.0-SNAPSHOT/hdds-test-utils-1.3.0-SNAPSHOT.jar:/home/runner/.m2/repository/com/google/guava/guava/30.1.1-jre/guava-30.1.1-jre.jar:/home/runner/.m2/repository/com/google/guava/failureaccess/1.0.1/failureaccess-1.0.1.jar:/home/runner/.m2/repository/com/google/guava/listenablefuture/9999.0-empty-to-avoid-conflict-with-guava/listenablefuture-9999.0-empty-to-avoid-conflict-with-guava.jar:/home/runner/.m2/repository/com/google/code/findbugs/jsr305/3.0.0/jsr305-3.0.0.jar:/home/runner/.m2/repository/org/checkerframework/checker-qual/3.8.0/checker-qual-3.8.0.jar:/home/runner/.m2/repository/com/google/errorprone/error_prone_annotations/2.2.0/error_prone_annotations-2.2.0.jar:/home/runner/.m2/repository/com/google/j2objc/j2objc-annotations/1.3/j2objc-annotations-1.3.jar:/home/runner/.m2/repository/commons-io/commons-io/2.11.0/commons-io-2.11.0.jar:/home/runner/.m2/repository/commons-logging/commons-logging/1.2/commons-logging-1.2.jar:/home/runner/.m2/repository/log4j/log4j/1.2.17/log4j-1.2.17.jar:/home/runner/.m2/repository/org/slf4j/slf4j-api/1.7.30/slf4j-api-1.7.30.jar:/home/runner/.m2/repository/org/apache/ozone/hdds-server-scm/1.3.0-SNAPSHOT/hdds-server-scm-1.3.0-SNAPSHOT.jar:/home/runner/.m2/repository/org/apache/ozone/hdds-container-service/1.3.0-SNAPSHOT/hdds-container-service-1.3.0-SNAPSHOT.jar:/home/runner/.m2/repository/org/apache/ozone/hdds-hadoop-dependency-server/1.3.0-SNAPSHOT/hdds-hadoop-dependency-server-1.3.0-SNAPSHOT.jar:/home/runner/.m2/repository/org/apache/hadoop/hadoop-hdfs/3.3.1/hadoop-hdfs-3.3.1.jar:/home/runner/.m2/repository/org/apache/ozone/hdds-server-framework/1.3.0-SNAPSHOT/hdds-server-framework-1.3.0-SNAPSHOT.jar:/home/runner/.m2/repository/org/apache/ozone/hdds-interface-server/1.3.0-SNAPSHOT/hdds-interface-server-1.3.0-SNAPSHOT.jar:/home/runner/.m2/repository/org/eclipse/jetty/jetty-servlet/9.4.43.v20210629/jetty-servlet-9.4.43.v20210629.jar:/home/runner/.m2/repository/org/eclipse/jetty/jetty-security/9.4.43.v20210629/jetty-security-9.4.43.v20210629.jar:/home/runner/.m2/repository/org/rocksdb/rocksdbjni/6.25.3/rocksdbjni-6.25.3.jar:/home/runner/.m2/repository/io/prometheus/simpleclient_dropwizard/0.7.0/simpleclient_dropwizard-0.7.0.jar:/home/runner/.m2/repository/io/prometheus/simpleclient/0.7.0/simpleclient-0.7.0.jar:/home/runner/.m2/repository/io/prometheus/simpleclient_common/0.7.0/simpleclient_common-0.7.0.jar:/home/runner/.m2/repository/com/fasterxml/jackson/datatype/jackson-datatype-jsr310/2.12.1/jackson-datatype-jsr310-2.12.1.jar:/home/runner/.m2/repository/io/dropwizard/metrics/metrics-core/3.2.4/metrics-core-3.2.4.jar:/home/runner/.m2/repository/org/apache/hadoop/hadoop-hdfs-client/3.3.1/hadoop-hdfs-client-3.3.1.jar:/home/runner/.m2/repository/org/bouncycastle/bcprov-jdk15on/1.67/bcprov-jdk15on-1.67.jar:/home/runner/.m2/repository/com/google/protobuf/protobuf-java/2.5.0/protobuf-java-2.5.0.jar:/home/runner/.m2/repository/org/apache/ozone/ozone-manager/1.3.0-SNAPSHOT/ozone-manager-1.3.0-SNAPSHOT.jar:/home/runner/.m2/repository/org/aspectj/aspectjrt/1.9.7/aspectjrt-1.9.7.jar:/home/runner/.m2/repository/org/aspectj/aspectjweaver/1.9.7/aspectjweaver-1.9.7.jar:/home/runner/.m2/repository/org/apache/ozone/hdds-interface-client/1.3.0-SNAPSHOT/hdds-interface-client-1.3.0-SNAPSHOT.jar:/home/runner/.m2/repository/org/apache/hadoop/thirdparty/hadoop-shaded-protobuf_3_7/1.1.1/hadoop-shaded-protobuf_3_7-1.1.1.jar:/home/runner/.m2/repository/org/apache/ozone/ozone-interface-storage/1.3.0-SNAPSHOT/ozone-interface-storage-1.3.0-SNAPSHOT.jar:/home/runner/.m2/repository/org/reflections/reflections/0.9.11/reflections-0.9.11.jar:/home/runner/.m2/repository/org/apache/hadoop/hadoop-minikdc/3.3.1/hadoop-minikdc-3.3.1.jar:/home/runner/.m2/repository/org/apache/kerby/kerb-simplekdc/1.0.1/kerb-simplekdc-1.0.1.jar:/home/runner/.m2/repository/org/apache/kerby/kerb-client/1.0.1/kerb-client-1.0.1.jar:/home/runner/.m2/repository/org/apache/kerby/kerby-config/1.0.1/kerby-config-1.0.1.jar:/home/runner/.m2/repository/org/apache/kerby/kerb-common/1.0.1/kerb-common-1.0.1.jar:/home/runner/.m2/repository/org/apache/kerby/kerb-crypto/1.0.1/kerb-crypto-1.0.1.jar:/home/runner/.m2/repository/org/apache/kerby/kerb-util/1.0.1/kerb-util-1.0.1.jar:/home/runner/.m2/repository/org/apache/kerby/token-provider/1.0.1/token-provider-1.0.1.jar:/home/runner/.m2/repository/org/apache/kerby/kerb-admin/1.0.1/kerb-admin-1.0.1.jar:/home/runner/.m2/repository/org/apache/kerby/kerb-server/1.0.1/kerb-server-1.0.1.jar:/home/runner/.m2/repository/org/apache/kerby/kerb-identity/1.0.1/kerb-identity-1.0.1.jar:/home/runner/.m2/repository/org/apache/kerby/kerby-xdr/1.0.1/kerby-xdr-1.0.1.jar:/home/runner/.m2/repository/org/slf4j/slf4j-log4j12/1.7.30/slf4j-log4j12-1.7.30.jar:/home/runner/.m2/repository/org/apache/ozone/ozone-s3gateway/1.3.0-SNAPSHOT/ozone-s3gateway-1.3.0-SNAPSHOT.jar:/home/runner/.m2/repository/org/javassist/javassist/3.21.0-GA/javassist-3.21.0-GA.jar:/home/runner/.m2/repository/org/jboss/weld/servlet/weld-servlet/2.4.7.Final/weld-servlet-2.4.7.Final.jar:/home/runner/.m2/repository/org/glassfish/jersey/containers/jersey-container-servlet-core/2.33/jersey-container-servlet-core-2.33.jar:/home/runner/.m2/repository/org/glassfish/hk2/external/jakarta.inject/2.6.1/jakarta.inject-2.6.1.jar:/home/runner/.m2/repository/org/glassfish/jersey/core/jersey-common/2.33/jersey-common-2.33.jar:/home/runner/.m2/repository/jakarta/ws/rs/jakarta.ws.rs-api/2.1.6/jakarta.ws.rs-api-2.1.6.jar:/home/runner/.m2/repository/org/glassfish/jersey/ext/cdi/jersey-cdi1x/2.33/jersey-cdi1x-2.33.jar:/home/runner/.m2/repository/org/glassfish/jersey/inject/jersey-hk2/2.33/jersey-hk2-2.33.jar:/home/runner/.m2/repository/org/glassfish/hk2/hk2-locator/2.6.1/hk2-locator-2.6.1.jar:/home/runner/.m2/repository/org/glassfish/jersey/media/jersey-media-jaxb/2.33/jersey-media-jaxb-2.33.jar:/home/runner/.m2/repository/org/glassfish/hk2/osgi-resource-locator/1.0.3/osgi-resource-locator-1.0.3.jar:/home/runner/.m2/repository/org/glassfish/hk2/hk2-api/2.5.0/hk2-api-2.5.0.jar:/home/runner/.m2/repository/org/glassfish/hk2/hk2-utils/2.5.0/hk2-utils-2.5.0.jar:/home/runner/.m2/repository/org/glassfish/hk2/external/aopalliance-repackaged/2.5.0/aopalliance-repackaged-2.5.0.jar:/home/runner/.m2/repository/com/fasterxml/jackson/dataformat/jackson-dataformat-xml/2.12.1/jackson-dataformat-xml-2.12.1.jar:/home/runner/.m2/repository/com/fasterxml/jackson/core/jackson-core/2.12.1/jackson-core-2.12.1.jar:/home/runner/.m2/repository/com/fasterxml/jackson/module/jackson-module-jaxb-annotations/2.12.1/jackson-module-jaxb-annotations-2.12.1.jar:/home/runner/.m2/repository/jakarta/xml/bind/jakarta.xml.bind-api/2.3.2/jakarta.xml.bind-api-2.3.2.jar:/home/runner/.m2/repository/org/codehaus/woodstox/stax2-api/3.1.4/stax2-api-3.1.4.jar:/home/runner/.m2/repository/com/fasterxml/woodstox/woodstox-core/5.0.3/woodstox-core-5.0.3.jar:/home/runner/.m2/repository/javax/enterprise/cdi-api/1.2/cdi-api-1.2.jar:/home/runner/.m2/repository/javax/el/javax.el-api/3.0.0/javax.el-api-3.0.0.jar:/home/runner/.m2/repository/javax/interceptor/javax.interceptor-api/1.2/javax.interceptor-api-1.2.jar:/home/runner/.m2/repository/javax/inject/javax.inject/1/javax.inject-1.jar:/home/runner/.m2/repository/javax/xml/bind/jaxb-api/2.3.0/jaxb-api-2.3.0.jar:/home/runner/.m2/repository/org/glassfish/jaxb/jaxb-runtime/2.3.0.1/jaxb-runtime-2.3.0.1.jar:/home/runner/.m2/repository/org/glassfish/jaxb/jaxb-core/2.3.0.1/jaxb-core-2.3.0.1.jar:/home/runner/.m2/repository/org/glassfish/jaxb/txw2/2.3.0.1/txw2-2.3.0.1.jar:/home/runner/.m2/repository/com/sun/istack/istack-commons-runtime/3.0.5/istack-commons-runtime-3.0.5.jar:/home/runner/.m2/repository/org/jvnet/staxex/stax-ex/1.7.8/stax-ex-1.7.8.jar:/home/runner/.m2/repository/com/sun/xml/fastinfoset/FastInfoset/1.2.13/FastInfoset-1.2.13.jar:/home/runner/.m2/repository/javax/activation/activation/1.1.1/activation-1.1.1.jar:/home/runner/.m2/repository/org/apache/ozone/ozone-csi/1.3.0-SNAPSHOT/ozone-csi-1.3.0-SNAPSHOT.jar:/home/runner/.m2/repository/com/google/protobuf/protobuf-java-util/3.12.0/protobuf-java-util-3.12.0.jar:/home/runner/.m2/repository/com/google/code/gson/gson/2.2.4/gson-2.2.4.jar:/home/runner/.m2/repository/org/apache/ozone/hdds-config/1.3.0-SNAPSHOT/hdds-config-1.3.0-SNAPSHOT.jar:/home/runner/.m2/repository/io/grpc/grpc-netty/1.33.0/grpc-netty-1.33.0.jar:/home/runner/.m2/repository/io/grpc/grpc-core/1.33.0/grpc-core-1.33.0.jar:/home/runner/.m2/repository/com/google/android/annotations/4.1.1.4/annotations-4.1.1.4.jar:/home/runner/.m2/repository/io/netty/netty-codec-http2/4.1.63.Final/netty-codec-http2-4.1.63.Final.jar:/home/runner/.m2/repository/io/netty/netty-codec-http/4.1.63.Final/netty-codec-http-4.1.63.Final.jar:/home/runner/.m2/repository/io/netty/netty-handler-proxy/4.1.63.Final/netty-handler-proxy-4.1.63.Final.jar:/home/runner/.m2/repository/io/netty/netty-codec-socks/4.1.63.Final/netty-codec-socks-4.1.63.Final.jar:/home/runner/.m2/repository/io/perfmark/perfmark-api/0.19.0/perfmark-api-0.19.0.jar:/home/runner/.m2/repository/org/codehaus/mojo/animal-sniffer-annotations/1.18/animal-sniffer-annotations-1.18.jar:/home/runner/.m2/repository/io/netty/netty-transport-native-epoll/4.1.63.Final/netty-transport-native-epoll-4.1.63.Final.jar:/home/runner/.m2/repository/io/netty/netty-common/4.1.63.Final/netty-common-4.1.63.Final.jar:/home/runner/.m2/repository/io/netty/netty-buffer/4.1.63.Final/netty-buffer-4.1.63.Final.jar:/home/runner/.m2/repository/io/netty/netty-transport-native-unix-common/4.1.63.Final/netty-transport-native-unix-common-4.1.63.Final.jar:/home/runner/.m2/repository/io/grpc/grpc-protobuf/1.33.0/grpc-protobuf-1.33.0.jar:/home/runner/.m2/repository/io/grpc/grpc-api/1.33.0/grpc-api-1.33.0.jar:/home/runner/.m2/repository/io/grpc/grpc-context/1.33.0/grpc-context-1.33.0.jar:/home/runner/.m2/repository/com/google/api/grpc/proto-google-common-protos/1.17.0/proto-google-common-protos-1.17.0.jar:/home/runner/.m2/repository/io/grpc/grpc-protobuf-lite/1.33.0/grpc-protobuf-lite-1.33.0.jar:/home/runner/.m2/repository/io/grpc/grpc-stub/1.33.0/grpc-stub-1.33.0.jar:/home/runner/.m2/repository/org/apache/ozone/ozone-recon/1.3.0-SNAPSHOT/ozone-recon-1.3.0-SNAPSHOT.jar:/home/runner/.m2/repository/org/apache/ozone/ozone-reconcodegen/1.3.0-SNAPSHOT/ozone-reconcodegen-1.3.0-SNAPSHOT.jar:/home/runner/.m2/repository/com/google/inject/extensions/guice-multibindings/4.0/guice-multibindings-4.0.jar:/home/runner/.m2/repository/com/google/inject/guice/4.0/guice-4.0.jar:/home/runner/.m2/repository/aopalliance/aopalliance/1.0/aopalliance-1.0.jar:/home/runner/.m2/repository/com/google/inject/extensions/guice-assistedinject/4.0/guice-assistedinject-4.0.jar:/home/runner/.m2/repository/com/google/inject/extensions/guice-servlet/4.0/guice-servlet-4.0.jar:/home/runner/.m2/repository/org/glassfish/jersey/containers/jersey-container-servlet/2.33/jersey-container-servlet-2.33.jar:/home/runner/.m2/repository/org/glassfish/hk2/guice-bridge/2.5.0/guice-bridge-2.5.0.jar:/home/runner/.m2/repository/org/glassfish/jersey/core/jersey-server/2.33/jersey-server-2.33.jar:/home/runner/.m2/repository/org/glassfish/jersey/core/jersey-client/2.33/jersey-client-2.33.jar:/home/runner/.m2/repository/jakarta/annotation/jakarta.annotation-api/1.3.5/jakarta.annotation-api-1.3.5.jar:/home/runner/.m2/repository/jakarta/validation/jakarta.validation-api/2.0.2/jakarta.validation-api-2.0.2.jar:/home/runner/.m2/repository/org/glassfish/jersey/media/jersey-media-json-jackson/2.33/jersey-media-json-jackson-2.33.jar:/home/runner/.m2/repository/org/glassfish/jersey/ext/jersey-entity-filtering/2.33/jersey-entity-filtering-2.33.jar:/home/runner/.m2/repository/org/jooq/jooq/3.11.10/jooq-3.11.10.jar:/home/runner/.m2/repository/org/jooq/jooq-meta/3.11.10/jooq-meta-3.11.10.jar:/home/runner/.m2/repository/org/jooq/jooq-codegen/3.11.10/jooq-codegen-3.11.10.jar:/home/runner/.m2/repository/com/jolbox/bonecp/0.8.0.RELEASE/bonecp-0.8.0.RELEASE.jar:/home/runner/.m2/repository/org/apache/derby/derby/10.14.2.0/derby-10.14.2.0.jar:/home/runner/.m2/repository/org/xerial/sqlite-jdbc/3.25.2/sqlite-jdbc-3.25.2.jar:/home/runner/.m2/repository/org/springframework/spring-jdbc/5.2.18.RELEASE/spring-jdbc-5.2.18.RELEASE.jar:/home/runner/.m2/repository/org/springframework/spring-beans/5.2.18.RELEASE/spring-beans-5.2.18.RELEASE.jar:/home/runner/.m2/repository/org/springframework/spring-core/5.2.18.RELEASE/spring-core-5.2.18.RELEASE.jar:/home/runner/.m2/repository/org/springframework/spring-jcl/5.2.18.RELEASE/spring-jcl-5.2.18.RELEASE.jar:/home/runner/.m2/repository/org/springframework/spring-tx/5.2.18.RELEASE/spring-tx-5.2.18.RELEASE.jar:/home/runner/.m2/repository/org/apache/ozone/ozone-client/1.3.0-SNAPSHOT/ozone-client-1.3.0-SNAPSHOT.jar:/home/runner/.m2/repository/org/apache/ozone/ozone-filesystem/1.3.0-SNAPSHOT/ozone-filesystem-1.3.0-SNAPSHOT.jar:/home/runner/.m2/repository/org/apache/ozone/ozone-filesystem-common/1.3.0-SNAPSHOT/ozone-filesystem-common-1.3.0-SNAPSHOT.jar:/home/runner/.m2/repository/org/apache/ozone/ozone-tools/1.3.0-SNAPSHOT/ozone-tools-1.3.0-SNAPSHOT.jar:/home/runner/.m2/repository/org/apache/ratis/ratis-tools/2.2.0/ratis-tools-2.2.0.jar:/home/runner/.m2/repository/com/amazonaws/aws-java-sdk-core/1.12.124/aws-java-sdk-core-1.12.124.jar:/home/runner/.m2/repository/org/apache/httpcomponents/httpclient/4.5.13/httpclient-4.5.13.jar:/home/runner/.m2/repository/org/apache/httpcomponents/httpcore/4.4.13/httpcore-4.4.13.jar:/home/runner/.m2/repository/software/amazon/ion/ion-java/1.0.2/ion-java-1.0.2.jar:/home/runner/.m2/repository/com/fasterxml/jackson/dataformat/jackson-dataformat-cbor/2.12.1/jackson-dataformat-cbor-2.12.1.jar:/home/runner/.m2/repository/joda-time/joda-time/2.8.1/joda-time-2.8.1.jar:/home/runner/.m2/repository/com/amazonaws/aws-java-sdk-s3/1.12.124/aws-java-sdk-s3-1.12.124.jar:/home/runner/.m2/repository/com/amazonaws/aws-java-sdk-kms/1.12.124/aws-java-sdk-kms-1.12.124.jar:/home/runner/.m2/repository/com/amazonaws/jmespath-java/1.12.124/jmespath-java-1.12.124.jar:/home/runner/.m2/repository/org/kohsuke/metainf-services/metainf-services/1.8/metainf-services-1.8.jar:/home/runner/.m2/repository/org/apache/ozone/hdds-tools/1.3.0-SNAPSHOT/hdds-tools-1.3.0-SNAPSHOT.jar:/home/runner/.m2/repository/commons-cli/commons-cli/1.2/commons-cli-1.2.jar:/home/runner/.m2/repository/org/apache/commons/commons-lang3/3.7/commons-lang3-3.7.jar:/home/runner/.m2/repository/org/apache/ozone/ozone-manager/1.3.0-SNAPSHOT/ozone-manager-1.3.0-SNAPSHOT-tests.jar:/home/runner/.m2/repository/org/apache/ozone/hdds-common/1.3.0-SNAPSHOT/hdds-common-1.3.0-SNAPSHOT-tests.jar:/home/runner/.m2/repository/org/apache/ozone/hdds-hadoop-dependency-client/1.3.0-SNAPSHOT/hdds-hadoop-dependency-client-1.3.0-SNAPSHOT.jar:/home/runner/.m2/repository/info/picocli/picocli/4.6.1/picocli-4.6.1.jar:/home/runner/.m2/repository/com/fasterxml/jackson/core/jackson-annotations/2.12.1/jackson-annotations-2.12.1.jar:/home/runner/.m2/repository/javax/annotation/javax.annotation-api/1.2/javax.annotation-api-1.2.jar:/home/runner/.m2/repository/org/apache/ratis/ratis-server/2.2.0/ratis-server-2.2.0.jar:/home/runner/.m2/repository/org/apache/ratis/ratis-client/2.2.0/ratis-client-2.2.0.jar:/home/runner/.m2/repository/org/apache/ratis/ratis-server-api/2.2.0/ratis-server-api-2.2.0.jar:/home/runner/.m2/repository/org/apache/ratis/ratis-metrics/2.2.0/ratis-metrics-2.2.0.jar:/home/runner/.m2/repository/org/apache/ratis/ratis-netty/2.2.0/ratis-netty-2.2.0.jar:/home/runner/.m2/repository/org/apache/ratis/ratis-grpc/2.2.0/ratis-grpc-2.2.0.jar:/home/runner/.m2/repository/org/apache/logging/log4j/log4j-api/2.17.1/log4j-api-2.17.1.jar:/home/runner/.m2/repository/org/apache/logging/log4j/log4j-core/2.17.1/log4j-core-2.17.1.jar:/home/runner/.m2/repository/com/lmax/disruptor/3.4.2/disruptor-3.4.2.jar:/home/runner/.m2/repository/org/apache/commons/commons-pool2/2.6.0/commons-pool2-2.6.0.jar:/home/runner/.m2/repository/org/bouncycastle/bcpkix-jdk15on/1.67/bcpkix-jdk15on-1.67.jar:/home/runner/.m2/repository/commons-validator/commons-validator/1.6/commons-validator-1.6.jar:/home/runner/.m2/repository/commons-beanutils/commons-beanutils/1.9.4/commons-beanutils-1.9.4.jar:/home/runner/.m2/repository/commons-digester/commons-digester/1.8.1/commons-digester-1.8.1.jar:/home/runner/.m2/repository/commons-collections/commons-collections/3.2.2/commons-collections-3.2.2.jar:/home/runner/.m2/repository/io/jaegertracing/jaeger-client/1.6.0/jaeger-client-1.6.0.jar:/home/runner/.m2/repository/io/jaegertracing/jaeger-thrift/1.6.0/jaeger-thrift-1.6.0.jar:/home/runner/.m2/repository/org/apache/thrift/libthrift/0.14.1/libthrift-0.14.1.jar:/home/runner/.m2/repository/com/squareup/okhttp3/okhttp/4.9.0/okhttp-4.9.0.jar:/home/runner/.m2/repository/com/squareup/okio/okio/2.8.0/okio-2.8.0.jar:/home/runner/.m2/repository/io/jaegertracing/jaeger-core/1.6.0/jaeger-core-1.6.0.jar:/home/runner/.m2/repository/io/jaegertracing/jaeger-tracerresolver/1.6.0/jaeger-tracerresolver-1.6.0.jar:/home/runner/.m2/repository/io/opentracing/contrib/opentracing-tracerresolver/0.1.8/opentracing-tracerresolver-0.1.8.jar:/home/runner/.m2/repository/org/jetbrains/kotlin/kotlin-stdlib/1.4.31/kotlin-stdlib-1.4.31.jar:/home/runner/.m2/repository/org/jetbrains/kotlin/kotlin-stdlib-common/1.4.31/kotlin-stdlib-common-1.4.31.jar:/home/runner/.m2/repository/org/jetbrains/annotations/13.0/annotations-13.0.jar:/home/runner/.m2/repository/io/opentracing/opentracing-util/0.33.0/opentracing-util-0.33.0.jar:/home/runner/.m2/repository/io/opentracing/opentracing-api/0.33.0/opentracing-api-0.33.0.jar:/home/runner/.m2/repository/io/opentracing/opentracing-noop/0.33.0/opentracing-noop-0.33.0.jar:/home/runner/.m2/repository/org/yaml/snakeyaml/1.26/snakeyaml-1.26.jar:/home/runner/.m2/repository/org/apache/ozone/hdds-interface-admin/1.3.0-SNAPSHOT/hdds-interface-admin-1.3.0-SNAPSHOT.jar:/home/runner/.m2/repository/junit/junit/4.13.1/junit-4.13.1.jar:/home/runner/.m2/repository/org/hamcrest/hamcrest-core/1.3/hamcrest-core-1.3.jar:/home/runner/.m2/repository/org/junit/jupiter/junit-jupiter-api/5.7.0/junit-jupiter-api-5.7.0.jar:/home/runner/.m2/repository/org/apiguardian/apiguardian-api/1.1.0/apiguardian-api-1.1.0.jar:/home/runner/.m2/repository/org/opentest4j/opentest4j/1.2.0/opentest4j-1.2.0.jar:/home/runner/.m2/repository/org/junit/platform/junit-platform-commons/1.7.0/junit-platform-commons-1.7.0.jar:/home/runner/.m2/repository/org/junit/jupiter/junit-jupiter-engine/5.7.0/junit-jupiter-engine-5.7.0.jar:/home/runner/.m2/repository/org/junit/platform/junit-platform-engine/1.7.0/junit-platform-engine-1.7.0.jar:/home/runner/.m2/repository/org/junit/vintage/junit-vintage-engine/5.7.0/junit-vintage-engine-5.7.0.jar:/home/runner/.m2/repository/org/junit/platform/junit-platform-launcher/1.7.0/junit-platform-launcher-1.7.0.jar:/home/runner/.m2/repository/org/mockito/mockito-core/2.28.2/mockito-core-2.28.2.jar:/home/runner/.m2/repository/net/bytebuddy/byte-buddy/1.9.10/byte-buddy-1.9.10.jar:/home/runner/.m2/repository/net/bytebuddy/byte-buddy-agent/1.9.10/byte-buddy-agent-1.9.10.jar:/home/runner/.m2/repository/org/objenesis/objenesis/1.0/objenesis-1.0.jar:/home/runner/.m2/repository/org/apache/hadoop/hadoop-kms/3.3.1/hadoop-kms-3.3.1.jar:/home/runner/.m2/repository/org/apache/hadoop/hadoop-auth/3.3.1/hadoop-auth-3.3.1.jar:/home/runner/.m2/repository/com/nimbusds/nimbus-jose-jwt/7.9/nimbus-jose-jwt-7.9.jar:/home/runner/.m2/repository/com/github/stephenc/jcip/jcip-annotations/1.0-1/jcip-annotations-1.0-1.jar:/home/runner/.m2/repository/net/minidev/json-smart/2.3.1/json-smart-2.3.1.jar:/home/runner/.m2/repository/net/minidev/accessors-smart/2.3.1/accessors-smart-2.3.1.jar:/home/runner/.m2/repository/org/ow2/asm/asm/5.0.4/asm-5.0.4.jar:/home/runner/.m2/repository/org/apache/zookeeper/zookeeper/3.5.6/zookeeper-3.5.6.jar:/home/runner/.m2/repository/org/apache/zookeeper/zookeeper-jute/3.5.6/zookeeper-jute-3.5.6.jar:/home/runner/.m2/repository/org/apache/yetus/audience-annotations/0.5.0/audience-annotations-0.5.0.jar:/home/runner/.m2/repository/org/apache/curator/curator-framework/4.2.0/curator-framework-4.2.0.jar:/home/runner/.m2/repository/org/apache/hadoop/thirdparty/hadoop-shaded-guava/1.1.1/hadoop-shaded-guava-1.1.1.jar:/home/runner/.m2/repository/com/sun/jersey/jersey-core/1.19/jersey-core-1.19.jar:/home/runner/.m2/repository/javax/ws/rs/jsr311-api/1.1.1/jsr311-api-1.1.1.jar:/home/runner/.m2/repository/com/sun/jersey/jersey-server/1.19/jersey-server-1.19.jar:/home/runner/.m2/repository/javax/servlet/javax.servlet-api/3.1.0/javax.servlet-api-3.1.0.jar:/home/runner/.m2/repository/org/eclipse/jetty/jetty-server/9.4.43.v20210629/jetty-server-9.4.43.v20210629.jar:/home/runner/.m2/repository/org/eclipse/jetty/jetty-http/9.4.43.v20210629/jetty-http-9.4.43.v20210629.jar:/home/runner/.m2/repository/org/eclipse/jetty/jetty-io/9.4.43.v20210629/jetty-io-9.4.43.v20210629.jar:/home/runner/.m2/repository/org/eclipse/jetty/jetty-webapp/9.4.43.v20210629/jetty-webapp-9.4.43.v20210629.jar:/home/runner/.m2/repository/org/eclipse/jetty/jetty-xml/9.4.43.v20210629/jetty-xml-9.4.43.v20210629.jar:/home/runner/.m2/repository/org/apache/hadoop/hadoop-common/3.3.1/hadoop-common-3.3.1.jar:/home/runner/.m2/repository/org/apache/commons/commons-math3/3.1.1/commons-math3-3.1.1.jar:/home/runner/.m2/repository/commons-net/commons-net/3.6/commons-net-3.6.jar:/home/runner/.m2/repository/jakarta/activation/jakarta.activation-api/1.2.1/jakarta.activation-api-1.2.1.jar:/home/runner/.m2/repository/com/sun/jersey/jersey-servlet/1.19/jersey-servlet-1.19.jar:/home/runner/.m2/repository/com/sun/jersey/jersey-json/1.19/jersey-json-1.19.jar:/home/runner/.m2/repository/org/codehaus/jettison/jettison/1.1/jettison-1.1.jar:/home/runner/.m2/repository/com/sun/xml/bind/jaxb-impl/2.2.3-1/jaxb-impl-2.2.3-1.jar:/home/runner/.m2/repository/org/codehaus/jackson/jackson-jaxrs/1.9.2/jackson-jaxrs-1.9.2.jar:/home/runner/.m2/repository/org/codehaus/jackson/jackson-xc/1.9.2/jackson-xc-1.9.2.jar:/home/runner/.m2/repository/org/apache/commons/commons-configuration2/2.1.1/commons-configuration2-2.1.1.jar:/home/runner/.m2/repository/org/apache/commons/commons-text/1.4/commons-text-1.4.jar:/home/runner/.m2/repository/com/google/re2j/re2j/1.1/re2j-1.1.jar:/home/runner/.m2/repository/com/jcraft/jsch/0.1.54/jsch-0.1.54.jar:/home/runner/.m2/repository/org/apache/curator/curator-client/4.2.0/curator-client-4.2.0.jar:/home/runner/.m2/repository/org/apache/curator/curator-recipes/4.2.0/curator-recipes-4.2.0.jar:/home/runner/.m2/repository/org/apache/kerby/kerb-core/1.0.1/kerb-core-1.0.1.jar:/home/runner/.m2/repository/org/apache/kerby/kerby-pkix/1.0.1/kerby-pkix-1.0.1.jar:/home/runner/.m2/repository/org/apache/kerby/kerby-asn1/1.0.1/kerby-asn1-1.0.1.jar:/home/runner/.m2/repository/org/apache/kerby/kerby-util/1.0.1/kerby-util-1.0.1.jar:/home/runner/.m2/repository/dnsjava/dnsjava/2.1.7/dnsjava-2.1.7.jar:/home/runner/.m2/repository/org/xerial/snappy/snappy-java/1.1.8.2/snappy-java-1.1.8.2.jar:/home/runner/.m2/repository/org/slf4j/jul-to-slf4j/1.7.30/jul-to-slf4j-1.7.30.jar:/home/runner/.m2/repository/org/eclipse/jetty/jetty-util/9.4.43.v20210629/jetty-util-9.4.43.v20210629.jar:/home/runner/.m2/repository/com/fasterxml/jackson/core/jackson-databind/2.12.1/jackson-databind-2.12.1.jar:/home/runner/.m2/repository/org/apache/hadoop/hadoop-kms/3.3.1/hadoop-kms-3.3.1-tests.jar:/home/runner/.m2/repository/org/apache/ozone/hdds-server-scm/1.3.0-SNAPSHOT/hdds-server-scm-1.3.0-SNAPSHOT-tests.jar:/home/runner/.m2/repository/org/apache/ozone/hdds-container-service/1.3.0-SNAPSHOT/hdds-container-service-1.3.0-SNAPSHOT-tests.jar:/home/runner/.m2/repository/commons-codec/commons-codec/1.11/commons-codec-1.11.jar:/home/runner/.m2/repository/io/netty/netty-transport/4.1.63.Final/netty-transport-4.1.63.Final.jar:/home/runner/.m2/repository/io/netty/netty-resolver/4.1.63.Final/netty-resolver-4.1.63.Final.jar:/home/runner/.m2/repository/io/netty/netty-codec/4.1.63.Final/netty-codec-4.1.63.Final.jar:/home/runner/.m2/repository/io/netty/netty-handler/4.1.63.Final/netty-handler-4.1.63.Final.jar:/home/runner/.m2/repository/org/apache/ozone/hdds-hadoop-dependency-test/1.3.0-SNAPSHOT/hdds-hadoop-dependency-test-1.3.0-SNAPSHOT.jar:/home/runner/.m2/repository/org/apache/hadoop/hadoop-common/3.3.1/hadoop-common-3.3.1-tests.jar:/home/runner/.m2/repository/org/assertj/assertj-core/3.12.2/assertj-core-3.12.2.jar:/home/runner/.m2/repository/org/apache/hadoop/hadoop-hdfs/3.3.1/hadoop-hdfs-3.3.1-tests.jar:/home/runner/.m2/repository/org/eclipse/jetty/jetty-util-ajax/9.4.43.v20210629/jetty-util-ajax-9.4.43.v20210629.jar:/home/runner/.m2/repository/commons-daemon/commons-daemon/1.0.13/commons-daemon-1.0.13.jar:/home/runner/.m2/repository/io/netty/netty/3.10.6.Final/netty-3.10.6.Final.jar:/home/runner/.m2/repository/io/netty/netty-all/4.1.63.Final/netty-all-4.1.63.Final.jar:/home/runner/.m2/repository/org/apache/htrace/htrace-core4/4.1.0-incubating/htrace-core4-4.1.0-incubating.jar:/home/runner/.m2/repository/org/fusesource/leveldbjni/leveldbjni-all/1.8/leveldbjni-all-1.8.jar:/home/runner/.m2/repository/org/apache/hadoop/hadoop-distcp/3.3.1/hadoop-distcp-3.3.1.jar:/home/runner/.m2/repository/org/apache/hadoop/hadoop-mapreduce-client-jobclient/3.3.1/hadoop-mapreduce-client-jobclient-3.3.1.jar:/home/runner/.m2/repository/org/apache/hadoop/hadoop-mapreduce-client-common/3.3.1/hadoop-mapreduce-client-common-3.3.1.jar:/home/runner/.m2/repository/org/apache/hadoop/hadoop-yarn-common/3.3.1/hadoop-yarn-common-3.3.1.jar:/home/runner/.m2/repository/org/apache/hadoop/hadoop-yarn-api/3.3.1/hadoop-yarn-api-3.3.1.jar:/home/runner/.m2/repository/com/sun/jersey/jersey-client/1.19/jersey-client-1.19.jar:/home/runner/.m2/repository/com/sun/jersey/contribs/jersey-guice/1.19/jersey-guice-1.19.jar:/home/runner/.m2/repository/com/fasterxml/jackson/jaxrs/jackson-jaxrs-json-provider/2.12.1/jackson-jaxrs-json-provider-2.12.1.jar:/home/runner/.m2/repository/com/fasterxml/jackson/jaxrs/jackson-jaxrs-base/2.12.1/jackson-jaxrs-base-2.12.1.jar:/home/runner/.m2/repository/org/apache/hadoop/hadoop-yarn-client/3.3.1/hadoop-yarn-client-3.3.1.jar:/home/runner/.m2/repository/org/eclipse/jetty/websocket/websocket-client/9.4.40.v20210413/websocket-client-9.4.40.v20210413.jar:/home/runner/.m2/repository/org/eclipse/jetty/jetty-client/9.4.40.v20210413/jetty-client-9.4.40.v20210413.jar:/home/runner/.m2/repository/org/eclipse/jetty/websocket/websocket-common/9.4.40.v20210413/websocket-common-9.4.40.v20210413.jar:/home/runner/.m2/repository/org/eclipse/jetty/websocket/websocket-api/9.4.40.v20210413/websocket-api-9.4.40.v20210413.jar:/home/runner/.m2/repository/org/jline/jline/3.9.0/jline-3.9.0.jar:/home/runner/.m2/repository/org/apache/hadoop/hadoop-mapreduce-client-core/3.3.1/hadoop-mapreduce-client-core-3.3.1.jar:/home/runner/.m2/repository/org/apache/avro/avro/1.7.7/avro-1.7.7.jar:/home/runner/.m2/repository/org/codehaus/jackson/jackson-core-asl/1.9.13/jackson-core-asl-1.9.13.jar:/home/runner/.m2/repository/org/codehaus/jackson/jackson-mapper-asl/1.9.13/jackson-mapper-asl-1.9.13.jar:/home/runner/.m2/repository/com/thoughtworks/paranamer/paranamer/2.3/paranamer-2.3.jar:/home/runner/.m2/repository/org/apache/hadoop/hadoop-annotations/3.3.1/hadoop-annotations-3.3.1.jar:/usr/lib/jvm/temurin-8-jdk-amd64/jre/../lib/tools.jar:/home/runner/.m2/repository/org/apache/hadoop/hadoop-distcp/3.3.1/hadoop-distcp-3.3.1-tests.jar:/home/runner/.m2/repository/org/apache/ratis/ratis-common/2.2.0/ratis-common-2.2.0.jar:/home/runner/.m2/repository/org/apache/ratis/ratis-thirdparty-misc/0.7.0/ratis-thirdparty-misc-0.7.0.jar:/home/runner/.m2/repository/org/apache/ratis/ratis-proto/2.2.0/ratis-proto-2.2.0.jar:"/>
    <property name="sun.cpu.endian" value="little"/>
    <property name="user.home" value="/home/runner"/>
    <property name="user.language" value="en"/>
    <property name="java.specification.vendor" value="Oracle Corporation"/>
    <property name="java.home" value="/usr/lib/jvm/temurin-8-jdk-amd64/jre"/>
    <property name="java.security.krb5.conf" value="/home/runner/work/ozone/ozone/hadoop-ozone/integration-test/target/test-classes/krb5.conf"/>
    <property name="basedir" value="/home/runner/work/ozone/ozone/hadoop-ozone/integration-test"/>
    <property name="file.separator" value="/"/>
    <property name="line.separator" value="&#10;"/>
    <property name="java.vm.specification.vendor" value="Oracle Corporation"/>
    <property name="java.specification.name" value="Java Platform API Specification"/>
    <property name="java.awt.graphicsenv" value="sun.awt.X11GraphicsEnvironment"/>
    <property name="skip.installnpx" value="true"/>
    <property name="surefire.real.class.path" value="/home/runner/work/ozone/ozone/hadoop-ozone/integration-test/target/surefire/surefirebooter6967229300403795179.jar:/home/runner/.m2/repository/org/jacoco/org.jacoco.agent/0.8.5/org.jacoco.agent-0.8.5-runtime.jar"/>
    <property name="hadoop.log.dir" value="/home/runner/work/ozone/ozone/hadoop-ozone/integration-test/target/log"/>
    <property name="sun.boot.class.path" value="/usr/lib/jvm/temurin-8-jdk-amd64/jre/lib/resources.jar:/usr/lib/jvm/temurin-8-jdk-amd64/jre/lib/rt.jar:/usr/lib/jvm/temurin-8-jdk-amd64/jre/lib/sunrsasign.jar:/usr/lib/jvm/temurin-8-jdk-amd64/jre/lib/jsse.jar:/usr/lib/jvm/temurin-8-jdk-amd64/jre/lib/jce.jar:/usr/lib/jvm/temurin-8-jdk-amd64/jre/lib/charsets.jar:/usr/lib/jvm/temurin-8-jdk-amd64/jre/lib/jfr.jar:/usr/lib/jvm/temurin-8-jdk-amd64/jre/classes"/>
    <property name="sun.management.compiler" value="HotSpot 64-Bit Tiered Compilers"/>
    <property name="skip.npx" value="true"/>
    <property name="java.runtime.version" value="1.8.0_312-b07"/>
    <property name="java.net.preferIPv4Stack" value="true"/>
    <property name="user.name" value="runner"/>
    <property name="path.separator" value=":"/>
    <property name="java.security.egd" value="file:///dev/urandom"/>
    <property name="os.version" value="5.4.0-1068-azure"/>
    <property name="java.endorsed.dirs" value="/usr/lib/jvm/temurin-8-jdk-amd64/jre/lib/endorsed"/>
    <property name="java.runtime.name" value="OpenJDK Runtime Environment"/>
    <property name="file.encoding" value="UTF-8"/>
    <property name="java.vm.name" value="OpenJDK 64-Bit Server VM"/>
    <property name="test.build.webapps" value=""/>
    <property name="localRepository" value="/home/runner/.m2/repository"/>
    <property name="java.vendor.url.bug" value="https://github.com/adoptium/adoptium-support/issues"/>
    <property name="java.io.tmpdir" value="/tmp"/>
    <property name="require.test.libhadoop" value=""/>
    <property name="java.version" value="1.8.0_312"/>
    <property name="user.dir" value="/home/runner/work/ozone/ozone/hadoop-ozone/integration-test"/>
    <property name="os.arch" value="amd64"/>
    <property name="java.vm.specification.name" value="Java Virtual Machine Specification"/>
    <property name="test.build.classes" value="/home/runner/work/ozone/ozone/hadoop-ozone/integration-test/target/test-classes"/>
    <property name="java.awt.printerjob" value="sun.print.PSPrinterJob"/>
    <property name="sun.os.patch.level" value="unknown"/>
    <property name="hadoop.tmp.dir" value="/home/runner/work/ozone/ozone/hadoop-ozone/integration-test/target/tmp"/>
    <property name="java.library.path" value="/usr/java/packages/lib/amd64:/usr/lib64:/lib64:/lib:/usr/lib"/>
    <property name="java.vm.info" value="mixed mode"/>
    <property name="java.vendor" value="Temurin"/>
    <property name="java.vm.version" value="25.312-b07"/>
    <property name="java.ext.dirs" value="/usr/lib/jvm/temurin-8-jdk-amd64/jre/lib/ext:/usr/java/packages/lib/ext"/>
    <property name="sun.io.unicode.encoding" value="UnicodeLittle"/>
    <property name="java.class.version" value="52.0"/>
  </properties>
  <testcase name="testMultipleDataDirs" classname="org.apache.hadoop.ozone.TestMiniOzoneCluster" time="31.561"/>
  <testcase name="testStartMultipleDatanodes" classname="org.apache.hadoop.ozone.TestMiniOzoneCluster" time="51.499"/>
  <testcase name="testDNstartAfterSCM" classname="org.apache.hadoop.ozone.TestMiniOzoneCluster" time="118.46">
    <error message="test timed out after 100000 milliseconds" type="org.junit.runners.model.TestTimedOutException">org.junit.runners.model.TestTimedOutException: test timed out after 100000 milliseconds
	at java.lang.Thread.sleep(Native Method)
	at org.apache.hadoop.ozone.TestMiniOzoneCluster.testDNstartAfterSCM(TestMiniOzoneCluster.java:334)
	at sun.reflect.NativeMethodAccessorImpl.invoke0(Native Method)
	at sun.reflect.NativeMethodAccessorImpl.invoke(NativeMethodAccessorImpl.java:62)
	at sun.reflect.DelegatingMethodAccessorImpl.invoke(DelegatingMethodAccessorImpl.java:43)
	at java.lang.reflect.Method.invoke(Method.java:498)
	at org.junit.runners.model.FrameworkMethod$1.runReflectiveCall(FrameworkMethod.java:59)
	at org.junit.internal.runners.model.ReflectiveCallable.run(ReflectiveCallable.java:12)
	at org.junit.runners.model.FrameworkMethod.invokeExplosively(FrameworkMethod.java:56)
	at org.junit.internal.runners.statements.InvokeMethod.evaluate(InvokeMethod.java:17)
	at org.junit.internal.runners.statements.FailOnTimeout$CallableStatement.call(FailOnTimeout.java:288)
	at org.junit.internal.runners.statements.FailOnTimeout$CallableStatement.call(FailOnTimeout.java:282)
	at java.util.concurrent.FutureTask.run(FutureTask.java:266)
	at java.lang.Thread.run(Thread.java:748)
</error>
    <system-out><![CDATA[2022-02-08 12:41:51,429 [Time-limited test] WARN  server.ServerUtils (ServerUtils.java:getScmDbDir(148)) - ozone.scm.db.dirs is not configured. We recommend adding this setting. Falling back to ozone.metadata.dirs instead.
2022-02-08 12:41:51,439 [Time-limited test] INFO  ha.SCMHANodeDetails (SCMHANodeDetails.java:loadSCMHAConfig(157)) - ServiceID for StorageContainerManager is null
2022-02-08 12:41:51,439 [Time-limited test] INFO  ha.SCMHANodeDetails (SCMHANodeDetails.java:loadSCMHAConfig(162)) - ozone.scm.default.service.id is not defined, falling back to ozone.scm.service.ids to find serviceID for StorageContainerManager if it is HA enabled cluster
2022-02-08 12:41:51,441 [Time-limited test] INFO  server.RaftServer (ConfUtils.java:logGet(44)) - raft.rpc.type = GRPC (default)
2022-02-08 12:41:51,441 [Time-limited test] INFO  grpc.GrpcFactory (GrpcFactory.java:checkPooledByteBufAllocatorUseCacheForAllThreads(48)) - PERFORMANCE WARNING: useCacheForAllThreads is true that may cause Netty to create a lot garbage objects and, as a result, trigger GC.
	It is recommended to disable useCacheForAllThreads by setting -Dorg.apache.ratis.thirdparty.io.netty.allocator.useCacheForAllThreads=false in command line.
2022-02-08 12:41:51,441 [Time-limited test] INFO  grpc.GrpcConfigKeys (ConfUtils.java:logGet(44)) - raft.grpc.admin.port = -1 (default)
2022-02-08 12:41:51,441 [Time-limited test] INFO  grpc.GrpcConfigKeys (ConfUtils.java:logGet(44)) - raft.grpc.server.port = 9894 (custom)
2022-02-08 12:41:51,442 [Time-limited test] INFO  grpc.GrpcConfigKeys (ConfUtils.java:logGet(44)) - raft.grpc.client.port = -1 (default)
2022-02-08 12:41:51,442 [Time-limited test] INFO  grpc.GrpcConfigKeys (ConfUtils.java:logGet(44)) - raft.grpc.server.port = 9894 (custom)
2022-02-08 12:41:51,442 [Time-limited test] INFO  grpc.GrpcConfigKeys (ConfUtils.java:logGet(44)) - raft.grpc.server.port = 9894 (custom)
2022-02-08 12:41:51,442 [Time-limited test] INFO  server.GrpcService (ConfUtils.java:logGet(44)) - raft.grpc.message.size.max = 32m (=33554432) (custom)
2022-02-08 12:41:51,442 [Time-limited test] INFO  server.RaftServerConfigKeys (ConfUtils.java:logGet(44)) - raft.server.log.appender.buffer.byte-limit = 33554432 (custom)
2022-02-08 12:41:51,442 [Time-limited test] INFO  server.GrpcService (ConfUtils.java:logGet(44)) - raft.grpc.flow.control.window = 1MB (=1048576) (default)
2022-02-08 12:41:51,444 [Time-limited test] INFO  server.RaftServerConfigKeys (ConfUtils.java:logGet(44)) - raft.server.rpc.request.timeout = 30000ms (custom)
2022-02-08 12:41:51,460 [Time-limited test] INFO  impl.DataStreamServerImpl (ConfUtils.java:logGet(44)) - raft.datastream.type = DISABLED (default)
2022-02-08 12:41:51,460 [Time-limited test] INFO  server.RaftServerConfigKeys (ConfUtils.java:logGet(44)) - raft.server.rpc.slowness.timeout = 120000ms (custom)
2022-02-08 12:41:51,460 [Time-limited test] INFO  server.RaftServerConfigKeys (ConfUtils.java:logGet(44)) - raft.server.leaderelection.leader.step-down.wait-time = 10s (default)
2022-02-08 12:41:51,460 [Time-limited test] INFO  server.RaftServerConfigKeys (ConfUtils.java:logGet(44)) - raft.server.storage.dir = [/home/runner/work/ozone/ozone/hadoop-ozone/integration-test/target/test-dir/MiniOzoneClusterImpl-d9fbf9ff-2b62-4fa3-b93a-ae8b8ac18067/ozone-meta/scm-ha] (custom)
2022-02-08 12:41:51,473 [Time-limited test] INFO  server.RaftServer (RaftServerProxy.java:addNew(95)) - 783707b5-d5e8-417f-9e8a-1f11149e73f9: addNew group-AE8B8AC18067:[783707b5-d5e8-417f-9e8a-1f11149e73f9|rpc:fv-az122-430:9894|priority:0] returns group-AE8B8AC18067:java.util.concurrent.CompletableFuture@8db3528[Not completed]
2022-02-08 12:41:51,475 [pool-189-thread-1] INFO  server.RaftServer$Division (RaftServerImpl.java:<init>(184)) - 783707b5-d5e8-417f-9e8a-1f11149e73f9: new RaftServerImpl for group-AE8B8AC18067:[783707b5-d5e8-417f-9e8a-1f11149e73f9|rpc:fv-az122-430:9894|priority:0] with SCMStateMachine:uninitialized
2022-02-08 12:41:51,479 [pool-189-thread-1] INFO  server.RaftServerConfigKeys (ConfUtils.java:logGet(44)) - raft.server.rpc.timeout.min = 5000ms (custom)
2022-02-08 12:41:51,479 [pool-189-thread-1] INFO  server.RaftServerConfigKeys (ConfUtils.java:logGet(44)) - raft.server.rpc.timeout.max = 5200ms (custom)
2022-02-08 12:41:51,479 [pool-189-thread-1] INFO  server.RaftServerConfigKeys (ConfUtils.java:logGet(44)) - raft.server.rpc.sleep.time = 25ms (default)
2022-02-08 12:41:51,479 [pool-189-thread-1] INFO  server.RaftServerConfigKeys (ConfUtils.java:logGet(44)) - raft.server.rpc.slowness.timeout = 120000ms (custom)
2022-02-08 12:41:51,479 [pool-189-thread-1] INFO  server.RaftServerConfigKeys (ConfUtils.java:logGet(44)) - raft.server.leaderelection.leader.step-down.wait-time = 10s (default)
2022-02-08 12:41:51,479 [pool-189-thread-1] INFO  server.RaftServerConfigKeys (ConfUtils.java:logGet(44)) - raft.server.sleep.deviation.threshold = 300ms (default)
2022-02-08 12:41:51,479 [pool-189-thread-1] INFO  server.RaftServerConfigKeys (ConfUtils.java:logGet(44)) - raft.server.log.appender.install.snapshot.enabled = false (custom)
2022-02-08 12:41:51,479 [pool-189-thread-1] INFO  server.RaftServer$Division (ServerState.java:<init>(105)) - 783707b5-d5e8-417f-9e8a-1f11149e73f9@group-AE8B8AC18067: ConfigurationManager, init=-1: [783707b5-d5e8-417f-9e8a-1f11149e73f9|rpc:fv-az122-430:9894|priority:0], old=null, confs=<EMPTY_MAP>
2022-02-08 12:41:51,479 [pool-189-thread-1] INFO  server.RaftServerConfigKeys (ConfUtils.java:logGet(44)) - raft.server.storage.dir = [/home/runner/work/ozone/ozone/hadoop-ozone/integration-test/target/test-dir/MiniOzoneClusterImpl-d9fbf9ff-2b62-4fa3-b93a-ae8b8ac18067/ozone-meta/scm-ha] (custom)
2022-02-08 12:41:51,479 [pool-189-thread-1] INFO  server.RaftServerConfigKeys (ConfUtils.java:logGet(44)) - raft.server.log.corruption.policy = EXCEPTION (default)
2022-02-08 12:41:51,479 [pool-189-thread-1] INFO  server.RaftServerConfigKeys (ConfUtils.java:logGet(44)) - raft.server.storage.free-space.min = 0MB (=0) (default)
2022-02-08 12:41:51,480 [pool-189-thread-1] INFO  storage.RaftStorageDirectory (RaftStorageDirectoryImpl.java:analyzeStorage(135)) - The storage directory /home/runner/work/ozone/ozone/hadoop-ozone/integration-test/target/test-dir/MiniOzoneClusterImpl-d9fbf9ff-2b62-4fa3-b93a-ae8b8ac18067/ozone-meta/scm-ha/d9fbf9ff-2b62-4fa3-b93a-ae8b8ac18067 does not exist. Creating ...
2022-02-08 12:41:51,482 [pool-189-thread-1] INFO  storage.RaftStorageDirectory (RaftStorageDirectoryImpl.java:tryLock(230)) - Lock on /home/runner/work/ozone/ozone/hadoop-ozone/integration-test/target/test-dir/MiniOzoneClusterImpl-d9fbf9ff-2b62-4fa3-b93a-ae8b8ac18067/ozone-meta/scm-ha/d9fbf9ff-2b62-4fa3-b93a-ae8b8ac18067/in_use.lock acquired by nodename 23558@fv-az122-430
2022-02-08 12:41:51,503 [pool-189-thread-1] INFO  storage.RaftStorage (RaftStorageImpl.java:format(89)) - Storage directory /home/runner/work/ozone/ozone/hadoop-ozone/integration-test/target/test-dir/MiniOzoneClusterImpl-d9fbf9ff-2b62-4fa3-b93a-ae8b8ac18067/ozone-meta/scm-ha/d9fbf9ff-2b62-4fa3-b93a-ae8b8ac18067 has been successfully formatted.
2022-02-08 12:41:51,503 [pool-189-thread-1] INFO  server.RaftServerConfigKeys (ConfUtils.java:logGet(44)) - raft.server.notification.no-leader.timeout = 60s (default)
2022-02-08 12:41:51,503 [pool-189-thread-1] INFO  server.RaftServerConfigKeys (ConfUtils.java:logGet(44)) - raft.server.log.use.memory = false (default)
2022-02-08 12:41:51,503 [pool-189-thread-1] INFO  server.RaftServerConfigKeys (ConfUtils.java:logGet(44)) - raft.server.log.purge.gap = 1000000 (custom)
2022-02-08 12:41:51,504 [pool-189-thread-1] INFO  server.RaftServerConfigKeys (ConfUtils.java:logGet(44)) - raft.server.log.appender.buffer.byte-limit = 33554432 (custom)
2022-02-08 12:41:51,504 [pool-189-thread-1] INFO  server.RaftServerConfigKeys (ConfUtils.java:logGet(44)) - raft.server.log.segment.size.max = 4194304 (custom)
2022-02-08 12:41:51,504 [pool-189-thread-1] INFO  server.RaftServerConfigKeys (ConfUtils.java:logGet(44)) - raft.server.log.segment.cache.num.max = 2 (custom)
2022-02-08 12:41:51,504 [pool-189-thread-1] INFO  server.RaftServerConfigKeys (ConfUtils.java:logGet(44)) - raft.server.log.segment.cache.size.max = 200MB (=209715200) (default)
2022-02-08 12:41:51,504 [pool-189-thread-1] INFO  segmented.SegmentedRaftLogWorker (SegmentedRaftLogWorker.java:<init>(182)) - new 783707b5-d5e8-417f-9e8a-1f11149e73f9@group-AE8B8AC18067-SegmentedRaftLogWorker for RaftStorageImpl:Storage Directory /home/runner/work/ozone/ozone/hadoop-ozone/integration-test/target/test-dir/MiniOzoneClusterImpl-d9fbf9ff-2b62-4fa3-b93a-ae8b8ac18067/ozone-meta/scm-ha/d9fbf9ff-2b62-4fa3-b93a-ae8b8ac18067
2022-02-08 12:41:51,504 [pool-189-thread-1] INFO  server.RaftServerConfigKeys (ConfUtils.java:logGet(44)) - raft.server.log.queue.byte-limit = 64MB (=67108864) (default)
2022-02-08 12:41:51,504 [pool-189-thread-1] INFO  server.RaftServerConfigKeys (ConfUtils.java:logGet(44)) - raft.server.log.queue.element-limit = 4096 (default)
2022-02-08 12:41:51,505 [pool-189-thread-1] INFO  server.RaftServerConfigKeys (ConfUtils.java:logGet(44)) - raft.server.log.segment.size.max = 4194304 (custom)
2022-02-08 12:41:51,505 [pool-189-thread-1] INFO  server.RaftServerConfigKeys (ConfUtils.java:logGet(44)) - raft.server.log.preallocated.size = 4194304 (custom)
2022-02-08 12:41:51,505 [pool-189-thread-1] INFO  server.RaftServerConfigKeys (ConfUtils.java:logGet(44)) - raft.server.log.force.sync.num = 128 (default)
2022-02-08 12:41:51,505 [pool-189-thread-1] INFO  server.RaftServerConfigKeys (ConfUtils.java:logGet(44)) - raft.server.log.statemachine.data.sync = true (default)
2022-02-08 12:41:51,505 [pool-189-thread-1] INFO  server.RaftServerConfigKeys (ConfUtils.java:logGet(44)) - raft.server.log.statemachine.data.sync.timeout = 10s (default)
2022-02-08 12:41:51,505 [pool-189-thread-1] INFO  server.RaftServerConfigKeys (ConfUtils.java:logGet(44)) - raft.server.log.statemachine.data.sync.timeout.retry = -1 (default)
2022-02-08 12:41:51,511 [pool-189-thread-1] INFO  server.RaftServerConfigKeys (ConfUtils.java:logGet(44)) - raft.server.log.write.buffer.size = 64KB (=65536) (default)
2022-02-08 12:41:51,511 [pool-189-thread-1] INFO  server.RaftServerConfigKeys (ConfUtils.java:logGet(44)) - raft.server.log.statemachine.data.caching.enabled = false (default)
2022-02-08 12:41:51,511 [pool-189-thread-1] INFO  segmented.SegmentedRaftLogWorker (SegmentedRaftLogWorker.java:lambda$new$0(133)) - 783707b5-d5e8-417f-9e8a-1f11149e73f9@group-AE8B8AC18067-SegmentedRaftLogWorker: flushIndex: setUnconditionally 0 -> -1
2022-02-08 12:41:51,511 [pool-189-thread-1] INFO  segmented.SegmentedRaftLogWorker (SegmentedRaftLogWorker.java:lambda$new$0(133)) - 783707b5-d5e8-417f-9e8a-1f11149e73f9@group-AE8B8AC18067-SegmentedRaftLogWorker: safeCacheEvictIndex: setUnconditionally 0 -> -1
2022-02-08 12:41:51,521 [pool-189-thread-1] INFO  server.RaftServerConfigKeys (ConfUtils.java:logGet(44)) - raft.server.snapshot.auto.trigger.enabled = true (custom)
2022-02-08 12:41:51,521 [pool-189-thread-1] INFO  server.RaftServerConfigKeys (ConfUtils.java:logGet(44)) - raft.server.snapshot.auto.trigger.threshold = 1000 (custom)
2022-02-08 12:41:51,521 [pool-189-thread-1] INFO  server.RaftServerConfigKeys (ConfUtils.java:logGet(44)) - raft.server.snapshot.retention.file.num = -1 (default)
2022-02-08 12:41:51,521 [pool-189-thread-1] INFO  server.RaftServerConfigKeys (ConfUtils.java:logGet(44)) - raft.server.log.purge.upto.snapshot.index = false (default)
2022-02-08 12:41:51,521 [pool-189-thread-1] INFO  server.RaftServerConfigKeys (ConfUtils.java:logGet(44)) - raft.server.retrycache.expirytime = 60000ms (default)
2022-02-08 12:41:51,521 [pool-189-thread-1] INFO  server.RaftServerConfigKeys (ConfUtils.java:logGet(44)) - raft.server.retrycache.statistics.expirytime = 100μs (default)
2022-02-08 12:41:51,529 [Time-limited test] INFO  server.RaftServer$Division (RaftServerImpl.java:start(301)) - 783707b5-d5e8-417f-9e8a-1f11149e73f9@group-AE8B8AC18067: start as a follower, conf=-1: [783707b5-d5e8-417f-9e8a-1f11149e73f9|rpc:fv-az122-430:9894|priority:0], old=null
2022-02-08 12:41:51,529 [Time-limited test] INFO  server.RaftServer$Division (RaftServerImpl.java:setRole(290)) - 783707b5-d5e8-417f-9e8a-1f11149e73f9@group-AE8B8AC18067: changes role from      null to FOLLOWER at term 0 for startAsFollower
2022-02-08 12:41:51,529 [Time-limited test] INFO  impl.RoleInfo (RoleInfo.java:updateAndGet(130)) - 783707b5-d5e8-417f-9e8a-1f11149e73f9: start 783707b5-d5e8-417f-9e8a-1f11149e73f9@group-AE8B8AC18067-FollowerState
2022-02-08 12:41:51,533 [Time-limited test] INFO  util.JmxRegister (JmxRegister.java:tryRegister(44)) - Successfully registered JMX Bean with object name Ratis:service=RaftServer,group=group-AE8B8AC18067,id=783707b5-d5e8-417f-9e8a-1f11149e73f9
2022-02-08 12:41:51,534 [Time-limited test] INFO  server.RaftServer (RaftServerProxy.java:lambda$start$5(374)) - 783707b5-d5e8-417f-9e8a-1f11149e73f9: start RPC server
2022-02-08 12:41:51,535 [Time-limited test] INFO  server.GrpcService (GrpcService.java:startImpl(253)) - 783707b5-d5e8-417f-9e8a-1f11149e73f9: GrpcService started, listening on 9894
2022-02-08 12:41:51,540 [org.apache.ratis.util.JvmPauseMonitor$$Lambda$431/624767945@7e53284d] INFO  util.JvmPauseMonitor (JvmPauseMonitor.java:run(103)) - JvmPauseMonitor-783707b5-d5e8-417f-9e8a-1f11149e73f9: Started
2022-02-08 12:41:56,634 [783707b5-d5e8-417f-9e8a-1f11149e73f9@group-AE8B8AC18067-FollowerState] INFO  impl.FollowerState (FollowerState.java:run(134)) - 783707b5-d5e8-417f-9e8a-1f11149e73f9@group-AE8B8AC18067-FollowerState: change to CANDIDATE, lastRpcElapsedTime:5104723496ns, electionTimeout:5100ms
2022-02-08 12:41:56,634 [783707b5-d5e8-417f-9e8a-1f11149e73f9@group-AE8B8AC18067-FollowerState] INFO  impl.RoleInfo (RoleInfo.java:shutdownFollowerState(108)) - 783707b5-d5e8-417f-9e8a-1f11149e73f9: shutdown 783707b5-d5e8-417f-9e8a-1f11149e73f9@group-AE8B8AC18067-FollowerState
2022-02-08 12:41:56,634 [783707b5-d5e8-417f-9e8a-1f11149e73f9@group-AE8B8AC18067-FollowerState] INFO  server.RaftServer$Division (RaftServerImpl.java:setRole(290)) - 783707b5-d5e8-417f-9e8a-1f11149e73f9@group-AE8B8AC18067: changes role from  FOLLOWER to CANDIDATE at term 0 for changeToCandidate
2022-02-08 12:41:56,634 [783707b5-d5e8-417f-9e8a-1f11149e73f9@group-AE8B8AC18067-FollowerState] INFO  server.RaftServerConfigKeys (ConfUtils.java:logGet(44)) - raft.server.leaderelection.pre-vote = false (custom)
2022-02-08 12:41:56,634 [783707b5-d5e8-417f-9e8a-1f11149e73f9@group-AE8B8AC18067-FollowerState] INFO  impl.RoleInfo (RoleInfo.java:updateAndGet(130)) - 783707b5-d5e8-417f-9e8a-1f11149e73f9: start 783707b5-d5e8-417f-9e8a-1f11149e73f9@group-AE8B8AC18067-LeaderElection14
2022-02-08 12:41:56,662 [783707b5-d5e8-417f-9e8a-1f11149e73f9@group-AE8B8AC18067-LeaderElection14] INFO  impl.LeaderElection (LeaderElection.java:askForVotes(306)) - 783707b5-d5e8-417f-9e8a-1f11149e73f9@group-AE8B8AC18067-LeaderElection14 ELECTION round 0: submit vote requests at term 1 for -1: [783707b5-d5e8-417f-9e8a-1f11149e73f9|rpc:fv-az122-430:9894|priority:0], old=null
2022-02-08 12:41:56,662 [783707b5-d5e8-417f-9e8a-1f11149e73f9@group-AE8B8AC18067-LeaderElection14] INFO  impl.LeaderElection (LeaderElection.java:askForVotes(308)) - 783707b5-d5e8-417f-9e8a-1f11149e73f9@group-AE8B8AC18067-LeaderElection14 ELECTION round 0: result PASSED (term=1)
2022-02-08 12:41:56,662 [783707b5-d5e8-417f-9e8a-1f11149e73f9@group-AE8B8AC18067-LeaderElection14] INFO  impl.RoleInfo (RoleInfo.java:shutdownLeaderElection(121)) - 783707b5-d5e8-417f-9e8a-1f11149e73f9: shutdown 783707b5-d5e8-417f-9e8a-1f11149e73f9@group-AE8B8AC18067-LeaderElection14
2022-02-08 12:41:56,662 [783707b5-d5e8-417f-9e8a-1f11149e73f9@group-AE8B8AC18067-LeaderElection14] INFO  server.RaftServer$Division (RaftServerImpl.java:setRole(290)) - 783707b5-d5e8-417f-9e8a-1f11149e73f9@group-AE8B8AC18067: changes role from CANDIDATE to LEADER at term 1 for changeToLeader
2022-02-08 12:41:56,662 [783707b5-d5e8-417f-9e8a-1f11149e73f9@group-AE8B8AC18067-LeaderElection14] INFO  server.RaftServer$Division (ServerState.java:setLeader(285)) - 783707b5-d5e8-417f-9e8a-1f11149e73f9@group-AE8B8AC18067: change Leader from null to 783707b5-d5e8-417f-9e8a-1f11149e73f9 at term 1 for becomeLeader, leader elected after 5158ms
2022-02-08 12:41:56,662 [783707b5-d5e8-417f-9e8a-1f11149e73f9@group-AE8B8AC18067-LeaderElection14] INFO  server.RaftServerConfigKeys (ConfUtils.java:logGet(44)) - raft.server.staging.catchup.gap = 1000 (default)
2022-02-08 12:41:56,663 [783707b5-d5e8-417f-9e8a-1f11149e73f9@group-AE8B8AC18067-LeaderElection14] INFO  server.RaftServerConfigKeys (ConfUtils.java:logGet(44)) - raft.server.write.element-limit = 4096 (default)
2022-02-08 12:41:56,663 [783707b5-d5e8-417f-9e8a-1f11149e73f9@group-AE8B8AC18067-LeaderElection14] INFO  server.RaftServerConfigKeys (ConfUtils.java:logGet(44)) - raft.server.write.byte-limit = 64MB (=67108864) (default)
2022-02-08 12:41:56,663 [783707b5-d5e8-417f-9e8a-1f11149e73f9@group-AE8B8AC18067-LeaderElection14] INFO  server.RaftServerConfigKeys (ConfUtils.java:logGet(44)) - raft.server.watch.timeout = 10s (default)
2022-02-08 12:41:56,663 [783707b5-d5e8-417f-9e8a-1f11149e73f9@group-AE8B8AC18067-LeaderElection14] INFO  server.RaftServerConfigKeys (ConfUtils.java:logGet(44)) - raft.server.watch.timeout.denomination = 1s (default)
2022-02-08 12:41:56,663 [783707b5-d5e8-417f-9e8a-1f11149e73f9@group-AE8B8AC18067-LeaderElection14] INFO  server.RaftServerConfigKeys (ConfUtils.java:logGet(44)) - raft.server.watch.element-limit = 65536 (default)
2022-02-08 12:41:56,663 [783707b5-d5e8-417f-9e8a-1f11149e73f9@group-AE8B8AC18067-LeaderElection14] INFO  server.RaftServerConfigKeys (ConfUtils.java:logGet(44)) - raft.server.write.element-limit = 4096 (default)
2022-02-08 12:41:56,663 [783707b5-d5e8-417f-9e8a-1f11149e73f9@group-AE8B8AC18067-LeaderElection14] INFO  server.RaftServerConfigKeys (ConfUtils.java:logGet(44)) - raft.server.write.follower.gap.ratio.max = -1.0 (default)
2022-02-08 12:41:56,664 [783707b5-d5e8-417f-9e8a-1f11149e73f9@group-AE8B8AC18067-LeaderElection14] INFO  impl.RoleInfo (RoleInfo.java:updateAndGet(130)) - 783707b5-d5e8-417f-9e8a-1f11149e73f9: start 783707b5-d5e8-417f-9e8a-1f11149e73f9@group-AE8B8AC18067-LeaderStateImpl
2022-02-08 12:41:56,664 [783707b5-d5e8-417f-9e8a-1f11149e73f9@group-AE8B8AC18067-LeaderElection14] INFO  segmented.SegmentedRaftLogWorker (SegmentedRaftLogWorker.java:startLogSegment(394)) - 783707b5-d5e8-417f-9e8a-1f11149e73f9@group-AE8B8AC18067-SegmentedRaftLogWorker: Starting segment from index:0
2022-02-08 12:41:56,677 [783707b5-d5e8-417f-9e8a-1f11149e73f9@group-AE8B8AC18067-LeaderElection14] INFO  server.RaftServer$Division (ServerState.java:setRaftConf(387)) - 783707b5-d5e8-417f-9e8a-1f11149e73f9@group-AE8B8AC18067: set configuration 0: [783707b5-d5e8-417f-9e8a-1f11149e73f9|rpc:fv-az122-430:9894|admin:|client:|dataStream:|priority:0], old=null
2022-02-08 12:41:56,680 [783707b5-d5e8-417f-9e8a-1f11149e73f9@group-AE8B8AC18067-SegmentedRaftLogWorker] INFO  segmented.SegmentedRaftLogWorker (SegmentedRaftLogWorker.java:execute(601)) - 783707b5-d5e8-417f-9e8a-1f11149e73f9@group-AE8B8AC18067-SegmentedRaftLogWorker: created new log segment /home/runner/work/ozone/ozone/hadoop-ozone/integration-test/target/test-dir/MiniOzoneClusterImpl-d9fbf9ff-2b62-4fa3-b93a-ae8b8ac18067/ozone-meta/scm-ha/d9fbf9ff-2b62-4fa3-b93a-ae8b8ac18067/current/log_inprogress_0
2022-02-08 12:41:57,544 [Time-limited test] INFO  server.RaftServer (RaftServerProxy.java:lambda$close$6(391)) - 783707b5-d5e8-417f-9e8a-1f11149e73f9: close
2022-02-08 12:41:57,544 [Time-limited test] INFO  server.RaftServer$Division (RaftServerImpl.java:lambda$close$4(412)) - 783707b5-d5e8-417f-9e8a-1f11149e73f9@group-AE8B8AC18067: shutdown
2022-02-08 12:41:57,545 [Time-limited test] INFO  util.JmxRegister (JmxRegister.java:unregister(73)) - Successfully un-registered JMX Bean with object name Ratis:service=RaftServer,group=group-AE8B8AC18067,id=783707b5-d5e8-417f-9e8a-1f11149e73f9
2022-02-08 12:41:57,545 [Time-limited test] INFO  impl.RoleInfo (RoleInfo.java:shutdownLeaderState(91)) - 783707b5-d5e8-417f-9e8a-1f11149e73f9: shutdown 783707b5-d5e8-417f-9e8a-1f11149e73f9@group-AE8B8AC18067-LeaderStateImpl
2022-02-08 12:41:57,545 [Time-limited test] INFO  impl.PendingRequests (PendingRequests.java:sendNotLeaderResponses(282)) - 783707b5-d5e8-417f-9e8a-1f11149e73f9@group-AE8B8AC18067-PendingRequests: sendNotLeaderResponses
2022-02-08 12:41:57,546 [Time-limited test] INFO  impl.StateMachineUpdater (StateMachineUpdater.java:stopAndJoin(149)) - 783707b5-d5e8-417f-9e8a-1f11149e73f9@group-AE8B8AC18067-StateMachineUpdater: set stopIndex = 0
2022-02-08 12:41:57,548 [783707b5-d5e8-417f-9e8a-1f11149e73f9@group-AE8B8AC18067-StateMachineUpdater] INFO  impl.StateMachineUpdater (StateMachineUpdater.java:takeSnapshot(281)) - 783707b5-d5e8-417f-9e8a-1f11149e73f9@group-AE8B8AC18067-StateMachineUpdater: Took a snapshot at index 0
2022-02-08 12:41:57,548 [783707b5-d5e8-417f-9e8a-1f11149e73f9@group-AE8B8AC18067-StateMachineUpdater] INFO  impl.StateMachineUpdater (StateMachineUpdater.java:lambda$new$0(89)) - 783707b5-d5e8-417f-9e8a-1f11149e73f9@group-AE8B8AC18067-StateMachineUpdater: snapshotIndex: updateIncreasingly -1 -> 0
2022-02-08 12:41:57,549 [Time-limited test] INFO  server.RaftServer$Division (ServerState.java:close(419)) - 783707b5-d5e8-417f-9e8a-1f11149e73f9@group-AE8B8AC18067: closes. applyIndex: 0
2022-02-08 12:41:57,549 [783707b5-d5e8-417f-9e8a-1f11149e73f9@group-AE8B8AC18067-SegmentedRaftLogWorker] INFO  segmented.SegmentedRaftLogWorker (SegmentedRaftLogWorker.java:run(327)) - 783707b5-d5e8-417f-9e8a-1f11149e73f9@group-AE8B8AC18067-SegmentedRaftLogWorker was interrupted, exiting. There are 0 tasks remaining in the queue.
2022-02-08 12:41:57,552 [Time-limited test] INFO  segmented.SegmentedRaftLogWorker (SegmentedRaftLogWorker.java:close(237)) - 783707b5-d5e8-417f-9e8a-1f11149e73f9@group-AE8B8AC18067-SegmentedRaftLogWorker close()
2022-02-08 12:41:57,561 [Time-limited test] INFO  server.GrpcService (GrpcService.java:closeImpl(262)) - 783707b5-d5e8-417f-9e8a-1f11149e73f9: shutdown server with port 9894 now
2022-02-08 12:41:57,561 [Time-limited test] INFO  server.GrpcService (GrpcService.java:closeImpl(271)) - 783707b5-d5e8-417f-9e8a-1f11149e73f9: shutdown server with port 9894 successfully
2022-02-08 12:41:57,561 [org.apache.ratis.util.JvmPauseMonitor$$Lambda$431/624767945@7e53284d] INFO  util.JvmPauseMonitor (JvmPauseMonitor.java:run(109)) - JvmPauseMonitor-783707b5-d5e8-417f-9e8a-1f11149e73f9: Stopped
2022-02-08 12:41:57,562 [Time-limited test] INFO  ha.SCMHANodeDetails (SCMHANodeDetails.java:loadSCMHAConfig(157)) - ServiceID for StorageContainerManager is null
2022-02-08 12:41:57,562 [Time-limited test] INFO  ha.SCMHANodeDetails (SCMHANodeDetails.java:loadSCMHAConfig(162)) - ozone.scm.default.service.id is not defined, falling back to ozone.scm.service.ids to find serviceID for StorageContainerManager if it is HA enabled cluster
2022-02-08 12:41:57,563 [Time-limited test] WARN  server.ServerUtils (ServerUtils.java:getScmDbDir(148)) - ozone.scm.db.dirs is not configured. We recommend adding this setting. Falling back to ozone.metadata.dirs instead.
2022-02-08 12:41:57,563 [Time-limited test] INFO  upgrade.AbstractLayoutVersionManager (AbstractLayoutVersionManager.java:init(79)) - Initializing Layout version manager with metadata layout = SCM_HA (version = 2), software layout = SCM_HA (version = 2)
2022-02-08 12:41:57,669 [Time-limited test] INFO  reflections.Reflections (Reflections.java:scan(232)) - Reflections took 103 ms to scan 7 urls, producing 119 keys and 279 values 
2022-02-08 12:41:57,691 [Time-limited test] WARN  utils.HAUtils (HAUtils.java:getMetaDir(342)) - ozone.scm.db.dirs is not configured. We recommend adding this setting. Falling back to ozone.metadata.dirs instead.
2022-02-08 12:41:57,694 [Time-limited test] WARN  db.DBStoreBuilder (DBStoreBuilder.java:applyDBDefinition(145)) - ozone.scm.db.dirs is not configured. We recommend adding this setting. Falling back to ozone.metadata.dirs instead.
2022-02-08 12:41:57,906 [Time-limited test] INFO  net.NodeSchemaLoader (NodeSchemaLoader.java:loadSchemaFromFile(129)) - Loading schema from [jar:file:/home/runner/.m2/repository/org/apache/ozone/hdds-common/1.3.0-SNAPSHOT/hdds-common-1.3.0-SNAPSHOT.jar!/network-topology-default.xml]
2022-02-08 12:41:57,914 [Time-limited test] INFO  net.NodeSchemaLoader (NodeSchemaLoader.java:loadSchema(176)) - Loading network topology layer schema file
2022-02-08 12:41:57,927 [Time-limited test] INFO  ha.SCMRatisServerImpl (SCMRatisServerImpl.java:<init>(87)) - starting Raft server for scm:783707b5-d5e8-417f-9e8a-1f11149e73f9
2022-02-08 12:41:57,928 [Time-limited test] INFO  server.RaftServer (ConfUtils.java:logGet(44)) - raft.rpc.type = GRPC (default)
2022-02-08 12:41:57,931 [Time-limited test] INFO  grpc.GrpcFactory (GrpcFactory.java:checkPooledByteBufAllocatorUseCacheForAllThreads(48)) - PERFORMANCE WARNING: useCacheForAllThreads is true that may cause Netty to create a lot garbage objects and, as a result, trigger GC.
	It is recommended to disable useCacheForAllThreads by setting -Dorg.apache.ratis.thirdparty.io.netty.allocator.useCacheForAllThreads=false in command line.
2022-02-08 12:41:57,931 [Time-limited test] INFO  grpc.GrpcConfigKeys (ConfUtils.java:logGet(44)) - raft.grpc.admin.port = -1 (default)
2022-02-08 12:41:57,931 [Time-limited test] INFO  grpc.GrpcConfigKeys (ConfUtils.java:logGet(44)) - raft.grpc.server.port = 9894 (custom)
2022-02-08 12:41:57,931 [Time-limited test] INFO  grpc.GrpcConfigKeys (ConfUtils.java:logGet(44)) - raft.grpc.client.port = -1 (default)
2022-02-08 12:41:57,931 [Time-limited test] INFO  grpc.GrpcConfigKeys (ConfUtils.java:logGet(44)) - raft.grpc.server.port = 9894 (custom)
2022-02-08 12:41:57,931 [Time-limited test] INFO  grpc.GrpcConfigKeys (ConfUtils.java:logGet(44)) - raft.grpc.server.port = 9894 (custom)
2022-02-08 12:41:57,932 [Time-limited test] INFO  server.GrpcService (ConfUtils.java:logGet(44)) - raft.grpc.message.size.max = 32m (=33554432) (custom)
2022-02-08 12:41:57,932 [Time-limited test] INFO  server.RaftServerConfigKeys (ConfUtils.java:logGet(44)) - raft.server.log.appender.buffer.byte-limit = 33554432 (custom)
2022-02-08 12:41:57,932 [Time-limited test] INFO  server.GrpcService (ConfUtils.java:logGet(44)) - raft.grpc.flow.control.window = 1MB (=1048576) (default)
2022-02-08 12:41:57,933 [Time-limited test] INFO  server.RaftServerConfigKeys (ConfUtils.java:logGet(44)) - raft.server.rpc.request.timeout = 30000ms (custom)
2022-02-08 12:41:57,934 [Time-limited test] INFO  impl.DataStreamServerImpl (ConfUtils.java:logGet(44)) - raft.datastream.type = DISABLED (default)
2022-02-08 12:41:57,944 [Time-limited test] INFO  server.RaftServerConfigKeys (ConfUtils.java:logGet(44)) - raft.server.rpc.slowness.timeout = 120000ms (custom)
2022-02-08 12:41:57,946 [Time-limited test] INFO  server.RaftServerConfigKeys (ConfUtils.java:logGet(44)) - raft.server.leaderelection.leader.step-down.wait-time = 10s (default)
2022-02-08 12:41:57,946 [Time-limited test] INFO  server.RaftServerConfigKeys (ConfUtils.java:logGet(44)) - raft.server.storage.dir = [/home/runner/work/ozone/ozone/hadoop-ozone/integration-test/target/test-dir/MiniOzoneClusterImpl-d9fbf9ff-2b62-4fa3-b93a-ae8b8ac18067/ozone-meta/scm-ha] (custom)
2022-02-08 12:41:57,946 [Time-limited test] INFO  server.RaftServer (RaftServerProxy.java:lambda$null$1(235)) - 783707b5-d5e8-417f-9e8a-1f11149e73f9: found a subdirectory /home/runner/work/ozone/ozone/hadoop-ozone/integration-test/target/test-dir/MiniOzoneClusterImpl-d9fbf9ff-2b62-4fa3-b93a-ae8b8ac18067/ozone-meta/scm-ha/d9fbf9ff-2b62-4fa3-b93a-ae8b8ac18067
2022-02-08 12:41:57,947 [Time-limited test] INFO  server.RaftServer (RaftServerProxy.java:addNew(95)) - 783707b5-d5e8-417f-9e8a-1f11149e73f9: addNew group-AE8B8AC18067:[] returns group-AE8B8AC18067:java.util.concurrent.CompletableFuture@746f72c[Not completed]
2022-02-08 12:41:57,947 [pool-202-thread-1] INFO  server.RaftServer$Division (RaftServerImpl.java:<init>(184)) - 783707b5-d5e8-417f-9e8a-1f11149e73f9: new RaftServerImpl for group-AE8B8AC18067:[] with SCMStateMachine:uninitialized
2022-02-08 12:41:57,949 [pool-202-thread-1] INFO  server.RaftServerConfigKeys (ConfUtils.java:logGet(44)) - raft.server.rpc.timeout.min = 5000ms (custom)
2022-02-08 12:41:57,950 [pool-202-thread-1] INFO  server.RaftServerConfigKeys (ConfUtils.java:logGet(44)) - raft.server.rpc.timeout.max = 5200ms (custom)
2022-02-08 12:41:57,950 [pool-202-thread-1] INFO  server.RaftServerConfigKeys (ConfUtils.java:logGet(44)) - raft.server.rpc.sleep.time = 25ms (default)
2022-02-08 12:41:57,950 [pool-202-thread-1] INFO  server.RaftServerConfigKeys (ConfUtils.java:logGet(44)) - raft.server.rpc.slowness.timeout = 120000ms (custom)
2022-02-08 12:41:57,950 [pool-202-thread-1] INFO  server.RaftServerConfigKeys (ConfUtils.java:logGet(44)) - raft.server.leaderelection.leader.step-down.wait-time = 10s (default)
2022-02-08 12:41:57,950 [pool-202-thread-1] INFO  server.RaftServerConfigKeys (ConfUtils.java:logGet(44)) - raft.server.sleep.deviation.threshold = 300ms (default)
2022-02-08 12:41:57,950 [pool-202-thread-1] INFO  server.RaftServerConfigKeys (ConfUtils.java:logGet(44)) - raft.server.log.appender.install.snapshot.enabled = false (custom)
2022-02-08 12:41:57,950 [pool-202-thread-1] INFO  server.RaftServer$Division (ServerState.java:<init>(105)) - 783707b5-d5e8-417f-9e8a-1f11149e73f9@group-AE8B8AC18067: ConfigurationManager, init=-1: [], old=null, confs=<EMPTY_MAP>
2022-02-08 12:41:57,950 [pool-202-thread-1] INFO  server.RaftServerConfigKeys (ConfUtils.java:logGet(44)) - raft.server.storage.dir = [/home/runner/work/ozone/ozone/hadoop-ozone/integration-test/target/test-dir/MiniOzoneClusterImpl-d9fbf9ff-2b62-4fa3-b93a-ae8b8ac18067/ozone-meta/scm-ha] (custom)
2022-02-08 12:41:57,950 [pool-202-thread-1] INFO  server.RaftServerConfigKeys (ConfUtils.java:logGet(44)) - raft.server.log.corruption.policy = EXCEPTION (default)
2022-02-08 12:41:57,951 [pool-202-thread-1] INFO  server.RaftServerConfigKeys (ConfUtils.java:logGet(44)) - raft.server.storage.free-space.min = 0MB (=0) (default)
2022-02-08 12:41:57,952 [pool-202-thread-1] INFO  storage.RaftStorageDirectory (RaftStorageDirectoryImpl.java:tryLock(230)) - Lock on /home/runner/work/ozone/ozone/hadoop-ozone/integration-test/target/test-dir/MiniOzoneClusterImpl-d9fbf9ff-2b62-4fa3-b93a-ae8b8ac18067/ozone-meta/scm-ha/d9fbf9ff-2b62-4fa3-b93a-ae8b8ac18067/in_use.lock acquired by nodename 23558@fv-az122-430
2022-02-08 12:41:57,953 [pool-202-thread-1] INFO  storage.RaftStorage (RaftStorageImpl.java:analyzeAndRecoverStorage(110)) - Read RaftStorageMetadata{term=1, votedFor=783707b5-d5e8-417f-9e8a-1f11149e73f9} from /home/runner/work/ozone/ozone/hadoop-ozone/integration-test/target/test-dir/MiniOzoneClusterImpl-d9fbf9ff-2b62-4fa3-b93a-ae8b8ac18067/ozone-meta/scm-ha/d9fbf9ff-2b62-4fa3-b93a-ae8b8ac18067/current/raft-meta
2022-02-08 12:41:57,953 [pool-202-thread-1] INFO  server.RaftServer$Division (ServerState.java:setRaftConf(387)) - 783707b5-d5e8-417f-9e8a-1f11149e73f9@group-AE8B8AC18067: set configuration 0: [783707b5-d5e8-417f-9e8a-1f11149e73f9|rpc:fv-az122-430:9894|admin:|client:|dataStream:|priority:0], old=null
2022-02-08 12:41:57,953 [pool-202-thread-1] INFO  server.RaftServerConfigKeys (ConfUtils.java:logGet(44)) - raft.server.notification.no-leader.timeout = 60s (default)
2022-02-08 12:41:57,953 [pool-202-thread-1] INFO  server.RaftServerConfigKeys (ConfUtils.java:logGet(44)) - raft.server.log.use.memory = false (default)
2022-02-08 12:41:57,953 [pool-202-thread-1] INFO  server.RaftServerConfigKeys (ConfUtils.java:logGet(44)) - raft.server.log.purge.gap = 1000000 (custom)
2022-02-08 12:41:57,954 [pool-202-thread-1] INFO  server.RaftServerConfigKeys (ConfUtils.java:logGet(44)) - raft.server.log.appender.buffer.byte-limit = 33554432 (custom)
2022-02-08 12:41:57,954 [pool-202-thread-1] INFO  server.RaftServerConfigKeys (ConfUtils.java:logGet(44)) - raft.server.log.segment.size.max = 4194304 (custom)
2022-02-08 12:41:57,954 [pool-202-thread-1] INFO  server.RaftServerConfigKeys (ConfUtils.java:logGet(44)) - raft.server.log.segment.cache.num.max = 2 (custom)
2022-02-08 12:41:57,955 [pool-202-thread-1] INFO  server.RaftServerConfigKeys (ConfUtils.java:logGet(44)) - raft.server.log.segment.cache.size.max = 200MB (=209715200) (default)
2022-02-08 12:41:57,955 [pool-202-thread-1] INFO  segmented.SegmentedRaftLogWorker (SegmentedRaftLogWorker.java:<init>(182)) - new 783707b5-d5e8-417f-9e8a-1f11149e73f9@group-AE8B8AC18067-SegmentedRaftLogWorker for RaftStorageImpl:Storage Directory /home/runner/work/ozone/ozone/hadoop-ozone/integration-test/target/test-dir/MiniOzoneClusterImpl-d9fbf9ff-2b62-4fa3-b93a-ae8b8ac18067/ozone-meta/scm-ha/d9fbf9ff-2b62-4fa3-b93a-ae8b8ac18067
2022-02-08 12:41:57,955 [pool-202-thread-1] INFO  server.RaftServerConfigKeys (ConfUtils.java:logGet(44)) - raft.server.log.queue.byte-limit = 64MB (=67108864) (default)
2022-02-08 12:41:57,955 [pool-202-thread-1] INFO  server.RaftServerConfigKeys (ConfUtils.java:logGet(44)) - raft.server.log.queue.element-limit = 4096 (default)
2022-02-08 12:41:57,955 [pool-202-thread-1] INFO  server.RaftServerConfigKeys (ConfUtils.java:logGet(44)) - raft.server.log.segment.size.max = 4194304 (custom)
2022-02-08 12:41:57,955 [pool-202-thread-1] INFO  server.RaftServerConfigKeys (ConfUtils.java:logGet(44)) - raft.server.log.preallocated.size = 4194304 (custom)
2022-02-08 12:41:57,955 [pool-202-thread-1] INFO  server.RaftServerConfigKeys (ConfUtils.java:logGet(44)) - raft.server.log.force.sync.num = 128 (default)
2022-02-08 12:41:57,955 [pool-202-thread-1] INFO  server.RaftServerConfigKeys (ConfUtils.java:logGet(44)) - raft.server.log.statemachine.data.sync = true (default)
2022-02-08 12:41:57,955 [pool-202-thread-1] INFO  server.RaftServerConfigKeys (ConfUtils.java:logGet(44)) - raft.server.log.statemachine.data.sync.timeout = 10s (default)
2022-02-08 12:41:57,955 [pool-202-thread-1] INFO  server.RaftServerConfigKeys (ConfUtils.java:logGet(44)) - raft.server.log.statemachine.data.sync.timeout.retry = -1 (default)
2022-02-08 12:41:57,956 [pool-202-thread-1] INFO  server.RaftServerConfigKeys (ConfUtils.java:logGet(44)) - raft.server.log.write.buffer.size = 64KB (=65536) (default)
2022-02-08 12:41:57,957 [pool-202-thread-1] INFO  server.RaftServerConfigKeys (ConfUtils.java:logGet(44)) - raft.server.log.statemachine.data.caching.enabled = false (default)
2022-02-08 12:41:57,958 [pool-202-thread-1] INFO  server.RaftServer$Division (ServerState.java:setRaftConf(387)) - 783707b5-d5e8-417f-9e8a-1f11149e73f9@group-AE8B8AC18067: set configuration 0: [783707b5-d5e8-417f-9e8a-1f11149e73f9|rpc:fv-az122-430:9894|admin:|client:|dataStream:|priority:0], old=null
2022-02-08 12:41:57,965 [pool-202-thread-1] INFO  segmented.LogSegment (LogSegment.java:loadSegment(173)) - Successfully read 1 entries from segment file /home/runner/work/ozone/ozone/hadoop-ozone/integration-test/target/test-dir/MiniOzoneClusterImpl-d9fbf9ff-2b62-4fa3-b93a-ae8b8ac18067/ozone-meta/scm-ha/d9fbf9ff-2b62-4fa3-b93a-ae8b8ac18067/current/log_inprogress_0
2022-02-08 12:41:57,982 [pool-202-thread-1] INFO  segmented.SegmentedRaftLogWorker (SegmentedRaftLogWorker.java:lambda$new$0(133)) - 783707b5-d5e8-417f-9e8a-1f11149e73f9@group-AE8B8AC18067-SegmentedRaftLogWorker: flushIndex: setUnconditionally 0 -> 0
2022-02-08 12:41:57,982 [pool-202-thread-1] INFO  segmented.SegmentedRaftLogWorker (SegmentedRaftLogWorker.java:lambda$new$0(133)) - 783707b5-d5e8-417f-9e8a-1f11149e73f9@group-AE8B8AC18067-SegmentedRaftLogWorker: safeCacheEvictIndex: setUnconditionally 0 -> -1
2022-02-08 12:41:57,989 [pool-202-thread-1] INFO  server.RaftServerConfigKeys (ConfUtils.java:logGet(44)) - raft.server.snapshot.auto.trigger.enabled = true (custom)
2022-02-08 12:41:57,990 [pool-202-thread-1] INFO  server.RaftServerConfigKeys (ConfUtils.java:logGet(44)) - raft.server.snapshot.auto.trigger.threshold = 1000 (custom)
2022-02-08 12:41:57,990 [pool-202-thread-1] INFO  server.RaftServerConfigKeys (ConfUtils.java:logGet(44)) - raft.server.snapshot.retention.file.num = -1 (default)
2022-02-08 12:41:57,990 [pool-202-thread-1] INFO  server.RaftServerConfigKeys (ConfUtils.java:logGet(44)) - raft.server.log.purge.upto.snapshot.index = false (default)
2022-02-08 12:41:57,990 [pool-202-thread-1] INFO  server.RaftServerConfigKeys (ConfUtils.java:logGet(44)) - raft.server.retrycache.expirytime = 60000ms (default)
2022-02-08 12:41:57,990 [pool-202-thread-1] INFO  server.RaftServerConfigKeys (ConfUtils.java:logGet(44)) - raft.server.retrycache.statistics.expirytime = 100μs (default)
2022-02-08 12:41:57,993 [Time-limited test] INFO  ha.SCMSnapshotProvider (SCMSnapshotProvider.java:<init>(66)) - Initializing SCM Snapshot Provider
2022-02-08 12:41:57,998 [Time-limited test] WARN  server.ServerUtils (ServerUtils.java:getDefaultRatisDirectory(237)) - Storage directory for Ratis is not configured. It is a good idea to map this to an SSD disk. Falling back to ozone.metadata.dirs
2022-02-08 12:41:57,998 [Time-limited test] WARN  ha.SCMHAUtils (SCMHAUtils.java:getSCMRatisSnapshotDirectory(146)) - SCM snapshot dir is not configured. Falling back to ozone.metadata.dirs config
2022-02-08 12:41:58,000 [Time-limited test] INFO  ha.SequenceIdGenerator (SequenceIdGenerator.java:upgradeToSequenceId(347)) - upgrade localId to 109611004723200000
2022-02-08 12:41:58,001 [Time-limited test] INFO  ha.SequenceIdGenerator (SequenceIdGenerator.java:upgradeToSequenceId(357)) - upgrade delTxnId to 0
2022-02-08 12:41:58,001 [Time-limited test] INFO  ha.SequenceIdGenerator (SequenceIdGenerator.java:upgradeToSequenceId(371)) - upgrade containerId to 0
2022-02-08 12:41:58,001 [Time-limited test] INFO  ha.SequenceIdGenerator (SequenceIdGenerator.java:<init>(218)) - Init the HA SequenceIdGenerator.
2022-02-08 12:41:58,001 [Time-limited test] WARN  server.ServerUtils (ServerUtils.java:sanitizeUserArgs(73)) - ozone.scm.stale.node.interval value = 300000 is larger than max = 100000 based on the key value of ozone.scm.heartbeat.thread.interval, reset to the max value 100000.
2022-02-08 12:41:58,002 [Time-limited test] WARN  server.ServerUtils (ServerUtils.java:sanitizeUserArgs(73)) - ozone.scm.stale.node.interval value = 300000 is larger than max = 100000 based on the key value of ozone.scm.heartbeat.thread.interval, reset to the max value 100000.
2022-02-08 12:41:58,005 [Time-limited test] INFO  node.SCMNodeManager (SCMNodeManager.java:<init>(144)) - Entering startup safe mode.
2022-02-08 12:41:58,006 [Time-limited test] INFO  algorithms.ContainerPlacementPolicyFactory (ContainerPlacementPolicyFactory.java:getPolicy(60)) - Create container placement policy of type org.apache.hadoop.hdds.scm.container.placement.algorithms.SCMContainerPlacementRandom
2022-02-08 12:41:58,007 [Time-limited test] INFO  pipeline.PipelineStateManagerImpl (PipelineStateManagerImpl.java:initialize(78)) - No pipeline exists in current db
2022-02-08 12:41:58,008 [Time-limited test] INFO  algorithms.LeaderChoosePolicyFactory (LeaderChoosePolicyFactory.java:getPolicy(57)) - Create leader choose policy of type org.apache.hadoop.hdds.scm.pipeline.leader.choose.algorithms.MinLeaderCountChoosePolicy
2022-02-08 12:41:58,008 [Time-limited test] INFO  ha.SCMServiceManager (SCMServiceManager.java:register(43)) - Registering service BackgroundPipelineCreator.
2022-02-08 12:41:58,009 [Time-limited test] INFO  pipeline.BackgroundPipelineCreator (BackgroundPipelineCreator.java:start(130)) - Starting RatisPipelineUtilsThread.
2022-02-08 12:41:58,010 [Time-limited test] INFO  algorithms.PipelineChoosePolicyFactory (PipelineChoosePolicyFactory.java:createPipelineChoosePolicyFromClass(73)) - Create pipeline choose policy of type org.apache.hadoop.hdds.scm.pipeline.choose.algorithms.RandomPipelineChoosePolicy
2022-02-08 12:41:58,010 [Time-limited test] INFO  ha.SCMServiceManager (SCMServiceManager.java:register(43)) - Registering service SCMBlockDeletingService.
2022-02-08 12:41:58,010 [Time-limited test] INFO  ha.SCMServiceManager (SCMServiceManager.java:register(43)) - Registering service ReplicationManager.
2022-02-08 12:41:58,011 [Time-limited test] INFO  container.ReplicationManager (ReplicationManager.java:start(326)) - Starting Replication Monitor Thread.
2022-02-08 12:41:58,011 [Time-limited test] INFO  safemode.ContainerSafeModeRule (ContainerSafeModeRule.java:<init>(89)) - containers with one replica threshold count 0
2022-02-08 12:41:58,012 [Time-limited test] INFO  safemode.HealthyPipelineSafeModeRule (HealthyPipelineSafeModeRule.java:initializeRule(156)) - Total pipeline count is 0, healthy pipeline threshold count is 1
2022-02-08 12:41:58,012 [Time-limited test] INFO  safemode.OneReplicaPipelineSafeModeRule (OneReplicaPipelineSafeModeRule.java:initializeRule(180)) - Total pipeline count is 0, pipeline's with at least one datanode reported threshold count is 0
2022-02-08 12:41:58,014 [Time-limited test] INFO  ipc.CallQueueManager (CallQueueManager.java:<init>(90)) - Using callQueue: class java.util.concurrent.LinkedBlockingQueue, queueCapacity: 2000, scheduler: class org.apache.hadoop.ipc.DefaultRpcScheduler, ipcBackoff: false.
2022-02-08 12:41:58,015 [Socket Reader #1 for port 0] INFO  ipc.Server (Server.java:run(1265)) - Starting Socket Reader #1 for port 0
2022-02-08 12:41:58,016 [Listener at 0.0.0.0/39327] INFO  ipc.CallQueueManager (CallQueueManager.java:<init>(90)) - Using callQueue: class java.util.concurrent.LinkedBlockingQueue, queueCapacity: 2000, scheduler: class org.apache.hadoop.ipc.DefaultRpcScheduler, ipcBackoff: false.
2022-02-08 12:41:58,018 [Socket Reader #1 for port 0] INFO  ipc.Server (Server.java:run(1265)) - Starting Socket Reader #1 for port 0
2022-02-08 12:41:58,019 [Listener at 0.0.0.0/41697] INFO  ipc.CallQueueManager (CallQueueManager.java:<init>(90)) - Using callQueue: class java.util.concurrent.LinkedBlockingQueue, queueCapacity: 2000, scheduler: class org.apache.hadoop.ipc.DefaultRpcScheduler, ipcBackoff: false.
2022-02-08 12:41:58,019 [Socket Reader #1 for port 0] INFO  ipc.Server (Server.java:run(1265)) - Starting Socket Reader #1 for port 0
2022-02-08 12:41:58,033 [ReplicationMonitor] INFO  container.ReplicationManager (ReplicationManager.java:processAll(374)) - Replication Manager is not ready to run until 3000ms after safemode exit
2022-02-08 12:41:58,046 [Listener at 0.0.0.0/36989] INFO  algorithms.ContainerPlacementPolicyFactory (ContainerPlacementPolicyFactory.java:getPolicy(60)) - Create container placement policy of type org.apache.hadoop.hdds.scm.container.placement.algorithms.SCMContainerPlacementRandom
2022-02-08 12:41:58,049 [Listener at 0.0.0.0/36989] INFO  server.StorageContainerManager (StorageContainerManager.java:<init>(388)) - 
Container Balancer status:
Key                            Value
Running                        false
Container Balancer Configuration values:
Key                                                Value
Threshold                                          10
Max Datanodes to Involve per Iteration(percent)    20
Max Size to Move per Iteration                     500GB
Max Size Entering Target per Iteration             26GB
Max Size Leaving Source per Iteration              26GB

2022-02-08 12:41:58,049 [Listener at 0.0.0.0/36989] WARN  events.EventQueue (EventQueue.java:fireEvent(194)) - No event handler registered for event TypedEvent{payloadType=SafeModeStatus, name='Safe mode status'}
2022-02-08 12:41:58,050 [Listener at 0.0.0.0/36989] INFO  ha.SCMContext (SCMContext.java:updateSafeModeStatus(211)) - Update SafeModeStatus from SafeModeStatus{safeModeStatus=true, preCheckPassed=false} to SafeModeStatus{safeModeStatus=true, preCheckPassed=false}.
2022-02-08 12:41:58,050 [Listener at 0.0.0.0/36989] INFO  server.StorageContainerManager (StorageContainerManager.java:start(1303)) - StorageContainerLocationProtocol RPC server is listening at /0.0.0.0:36989
2022-02-08 12:41:58,050 [Listener at 0.0.0.0/36989] INFO  ha.SCMRatisServerImpl (SCMRatisServerImpl.java:start(177)) - starting ratis server 0.0.0.0:9894
2022-02-08 12:41:58,050 [Listener at 0.0.0.0/36989] INFO  server.RaftServer$Division (RaftServerImpl.java:start(301)) - 783707b5-d5e8-417f-9e8a-1f11149e73f9@group-AE8B8AC18067: start as a follower, conf=0: [783707b5-d5e8-417f-9e8a-1f11149e73f9|rpc:fv-az122-430:9894|admin:|client:|dataStream:|priority:0], old=null
2022-02-08 12:41:58,050 [Listener at 0.0.0.0/36989] INFO  server.RaftServer$Division (RaftServerImpl.java:setRole(290)) - 783707b5-d5e8-417f-9e8a-1f11149e73f9@group-AE8B8AC18067: changes role from      null to FOLLOWER at term 1 for startAsFollower
2022-02-08 12:41:58,051 [Listener at 0.0.0.0/36989] INFO  impl.RoleInfo (RoleInfo.java:updateAndGet(130)) - 783707b5-d5e8-417f-9e8a-1f11149e73f9: start 783707b5-d5e8-417f-9e8a-1f11149e73f9@group-AE8B8AC18067-FollowerState
2022-02-08 12:41:58,051 [Listener at 0.0.0.0/36989] INFO  util.JmxRegister (JmxRegister.java:tryRegister(44)) - Successfully registered JMX Bean with object name Ratis:service=RaftServer,group=group-AE8B8AC18067,id=783707b5-d5e8-417f-9e8a-1f11149e73f9
2022-02-08 12:41:58,052 [Listener at 0.0.0.0/36989] INFO  server.RaftServer (RaftServerProxy.java:lambda$start$5(374)) - 783707b5-d5e8-417f-9e8a-1f11149e73f9: start RPC server
2022-02-08 12:41:58,053 [Listener at 0.0.0.0/36989] INFO  server.GrpcService (GrpcService.java:startImpl(253)) - 783707b5-d5e8-417f-9e8a-1f11149e73f9: GrpcService started, listening on 9894
2022-02-08 12:41:58,053 [Listener at 0.0.0.0/36989] INFO  ha.SCMHAManagerImpl (SCMHAManagerImpl.java:start(121)) -  scm role is FOLLOWER peers [783707b5-d5e8-417f-9e8a-1f11149e73f9|rpc:fv-az122-430:9894|admin:|client:|dataStream:|priority:0]
2022-02-08 12:41:58,053 [Listener at 0.0.0.0/36989] INFO  ha.InterSCMGrpcService (InterSCMGrpcProtocolService.java:start(94)) - Starting SCM Grpc Service at port 9895
2022-02-08 12:41:58,064 [Listener at 0.0.0.0/36989] WARN  impl.MetricsConfig (MetricsConfig.java:loadFirst(136)) - Cannot locate configuration: tried hadoop-metrics2-storagecontainermanager.properties,hadoop-metrics2.properties
2022-02-08 12:41:58,077 [Listener at 0.0.0.0/36989] INFO  impl.MetricsSystemImpl (MetricsSystemImpl.java:startTimer(378)) - Scheduled Metric snapshot period at 10 second(s).
2022-02-08 12:41:58,078 [Listener at 0.0.0.0/36989] INFO  impl.MetricsSystemImpl (MetricsSystemImpl.java:start(191)) - StorageContainerManager metrics system started
2022-02-08 12:41:58,079 [org.apache.ratis.util.JvmPauseMonitor$$Lambda$431/624767945@623fc17f] INFO  util.JvmPauseMonitor (JvmPauseMonitor.java:run(103)) - JvmPauseMonitor-783707b5-d5e8-417f-9e8a-1f11149e73f9: Started
2022-02-08 12:41:58,101 [Listener at 0.0.0.0/36989] INFO  impl.MetricsSinkAdapter (MetricsSinkAdapter.java:start(204)) - Sink prometheus started
2022-02-08 12:41:58,102 [Listener at 0.0.0.0/36989] INFO  impl.MetricsSystemImpl (MetricsSystemImpl.java:registerSink(305)) - Registered sink prometheus
2022-02-08 12:41:58,170 [Listener at 0.0.0.0/36989] INFO  server.SCMClientProtocolServer (SCMClientProtocolServer.java:start(165)) - RPC server for Client  is listening at /0.0.0.0:36989
2022-02-08 12:41:58,178 [IPC Server Responder] INFO  ipc.Server (Server.java:run(1507)) - IPC Server Responder: starting
2022-02-08 12:41:58,178 [IPC Server listener on 0] INFO  ipc.Server (Server.java:run(1344)) - IPC Server listener on 0: starting
2022-02-08 12:41:58,341 [Listener at 0.0.0.0/36989] INFO  server.StorageContainerManager (StorageContainerManager.java:start(1318)) - ScmBlockLocationProtocol RPC server is listening at /0.0.0.0:41697
2022-02-08 12:41:58,342 [Listener at 0.0.0.0/36989] INFO  server.SCMBlockProtocolServer (SCMBlockProtocolServer.java:start(151)) - RPC server for Block Protocol is listening at /0.0.0.0:41697
2022-02-08 12:41:58,356 [IPC Server listener on 0] INFO  ipc.Server (Server.java:run(1344)) - IPC Server listener on 0: starting
2022-02-08 12:41:58,425 [IPC Server Responder] INFO  ipc.Server (Server.java:run(1507)) - IPC Server Responder: starting
2022-02-08 12:41:58,528 [org.apache.hadoop.util.JvmPauseMonitor$Monitor@27245897] INFO  util.JvmPauseMonitor (JvmPauseMonitor.java:run(188)) - Starting JVM pause monitor
2022-02-08 12:41:58,528 [Listener at 0.0.0.0/36989] INFO  http.BaseHttpServer (BaseHttpServer.java:newHttpServer2BuilderForOzone(209)) - Starting Web-server for scm at: http://0.0.0.0:0
2022-02-08 12:41:58,528 [Listener at 0.0.0.0/36989] INFO  http.BaseHttpServer (BaseHttpServer.java:<init>(107)) - Hadoop Security Enabled: false Ozone Security Enabled: false Ozone HTTP Security Enabled: false 
2022-02-08 12:41:58,530 [Listener at 0.0.0.0/36989] INFO  server.AuthenticationFilter (AuthenticationFilter.java:constructSecretProvider(240)) - Unable to initialize FileSignerSecretProvider, falling back to use random secrets.
2022-02-08 12:41:58,537 [Listener at 0.0.0.0/36989] WARN  http.HttpRequestLog (HttpRequestLog.java:getRequestLog(103)) - Jetty request log can only be enabled using Log4j
2022-02-08 12:41:58,539 [Listener at 0.0.0.0/36989] INFO  http.HttpServer2 (HttpServer2.java:addGlobalFilter(1030)) - Added global filter 'safety' (class=org.apache.hadoop.hdds.server.http.HttpServer2$QuotingInputFilter)
2022-02-08 12:41:58,539 [Listener at 0.0.0.0/36989] INFO  http.HttpServer2 (HttpServer2.java:addFilter(1006)) - Added filter static_user_filter (class=org.apache.hadoop.http.lib.StaticUserWebFilter$StaticUserFilter) to context scm
2022-02-08 12:41:58,539 [Listener at 0.0.0.0/36989] INFO  http.HttpServer2 (HttpServer2.java:addFilter(1014)) - Added filter static_user_filter (class=org.apache.hadoop.http.lib.StaticUserWebFilter$StaticUserFilter) to context logs
2022-02-08 12:41:58,539 [Listener at 0.0.0.0/36989] INFO  http.HttpServer2 (HttpServer2.java:addFilter(1014)) - Added filter static_user_filter (class=org.apache.hadoop.http.lib.StaticUserWebFilter$StaticUserFilter) to context static
2022-02-08 12:41:58,540 [Listener at 0.0.0.0/36989] INFO  http.HttpServer2 (HttpServer2.java:bindListener(1249)) - Jetty bound to port 35965
2022-02-08 12:41:58,540 [Listener at 0.0.0.0/36989] INFO  server.Server (Server.java:doStart(375)) - jetty-9.4.43.v20210629; built: 2021-06-30T11:07:22.254Z; git: 526006ecfa3af7f1a27ef3a288e2bef7ea9dd7e8; jvm 1.8.0_312-b07
2022-02-08 12:41:58,590 [Listener at 0.0.0.0/36989] INFO  server.session (DefaultSessionIdManager.java:doStart(334)) - DefaultSessionIdManager workerName=node0
2022-02-08 12:41:58,590 [Listener at 0.0.0.0/36989] INFO  server.session (DefaultSessionIdManager.java:doStart(339)) - No SessionScavenger set, using defaults
2022-02-08 12:41:58,590 [Listener at 0.0.0.0/36989] INFO  server.session (HouseKeeper.java:startScavenging(132)) - node0 Scavenging every 660000ms
2022-02-08 12:41:58,591 [Listener at 0.0.0.0/36989] INFO  handler.ContextHandler (ContextHandler.java:doStart(915)) - Started o.e.j.s.ServletContextHandler@7f7149f5{logs,/logs,file:///home/runner/work/ozone/ozone/hadoop-ozone/integration-test/target/log,AVAILABLE}
2022-02-08 12:41:58,592 [Listener at 0.0.0.0/36989] INFO  handler.ContextHandler (ContextHandler.java:doStart(915)) - Started o.e.j.s.ServletContextHandler@37ca366d{static,/static,file:///home/runner/work/ozone/ozone/hadoop-ozone/integration-test/target/test-classes/webapps/static,AVAILABLE}
2022-02-08 12:41:58,604 [Listener at 0.0.0.0/36989] INFO  handler.ContextHandler (ContextHandler.java:doStart(915)) - Started o.e.j.w.WebAppContext@4aac07d3{scm,/,file:///home/runner/work/ozone/ozone/hadoop-ozone/integration-test/target/test-classes/webapps/scm/,AVAILABLE}{file:/home/runner/work/ozone/ozone/hadoop-ozone/integration-test/target/test-classes/webapps/scm}
2022-02-08 12:41:58,626 [Listener at 0.0.0.0/36989] INFO  server.AbstractConnector (AbstractConnector.java:doStart(331)) - Started ServerConnector@6b6aa532{HTTP/1.1, (http/1.1)}{0.0.0.0:35965}
2022-02-08 12:41:58,626 [Listener at 0.0.0.0/36989] INFO  server.Server (Server.java:doStart(415)) - Started @91724ms
2022-02-08 12:41:58,626 [Listener at 0.0.0.0/36989] WARN  impl.MetricsSystemImpl (MetricsSystemImpl.java:register(279)) - Sink prometheus already exists!
2022-02-08 12:41:58,627 [Listener at 0.0.0.0/36989] INFO  http.BaseHttpServer (BaseHttpServer.java:updateConnectorAddress(329)) - HTTP server of scm listening at http://0.0.0.0:35965
2022-02-08 12:41:58,627 [Listener at 0.0.0.0/36989] WARN  server.ServerUtils (ServerUtils.java:getDBPath(225)) - ozone.om.db.dirs is not configured. We recommend adding this setting. Falling back to ozone.metadata.dirs instead.
2022-02-08 12:41:58,629 [Listener at 0.0.0.0/36989] INFO  ha.OMHANodeDetails (OMHANodeDetails.java:loadOMHAConfig(112)) - ozone.om.internal.service.id is not defined, falling back to ozone.om.service.ids to find serviceID for OzoneManager if it is HA enabled cluster
2022-02-08 12:41:58,629 [Listener at 0.0.0.0/36989] INFO  ha.OMHANodeDetails (OMHANodeDetails.java:loadOMHAConfig(218)) - Configuration does not have ozone.om.address set. Falling back to the default OM address /127.0.0.1:0
2022-02-08 12:41:58,629 [Listener at 0.0.0.0/36989] INFO  ha.OMHANodeDetails (OMHANodeDetails.java:getOMNodeDetailsForNonHA(246)) - OM Service ID is not set. Setting it to the default ID: omServiceIdDefault
2022-02-08 12:41:58,630 [Listener at 0.0.0.0/36989] INFO  ha.OMHANodeDetails (OMHANodeDetails.java:getOMNodeDetailsForNonHA(253)) - OM Node ID is not set. Setting it to the default ID: om1
2022-02-08 12:41:58,630 [Listener at 0.0.0.0/36989] WARN  server.ServerUtils (ServerUtils.java:getDBPath(225)) - ozone.om.db.dirs is not configured. We recommend adding this setting. Falling back to ozone.metadata.dirs instead.
2022-02-08 12:41:58,630 [Listener at 0.0.0.0/36989] INFO  upgrade.AbstractLayoutVersionManager (AbstractLayoutVersionManager.java:init(79)) - Initializing Layout version manager with metadata layout = INITIAL_VERSION (version = 0), software layout = INITIAL_VERSION (version = 0)
2022-02-08 12:41:58,702 [Listener at 0.0.0.0/36989] INFO  reflections.Reflections (Reflections.java:scan(232)) - Reflections took 70 ms to scan 2 urls, producing 133 keys and 348 values [using 2 cores]
2022-02-08 12:41:58,702 [Listener at 0.0.0.0/36989] INFO  upgrade.OMLayoutVersionManager (OMLayoutVersionManager.java:lambda$0(115)) - Skipping Upgrade Action MockOmUpgradeAction since it has been finalized.
2022-02-08 12:41:58,702 [Listener at 0.0.0.0/36989] WARN  server.ServerUtils (ServerUtils.java:getDBPath(225)) - ozone.om.db.dirs is not configured. We recommend adding this setting. Falling back to ozone.metadata.dirs instead.
2022-02-08 12:42:00,738 [Listener at 0.0.0.0/36989] INFO  retry.RetryInvocationHandler (RetryInvocationHandler.java:log(411)) - com.google.protobuf.ServiceException: org.apache.hadoop.ipc.RemoteException(org.apache.hadoop.hdds.ratis.ServerNotLeaderException): Server:783707b5-d5e8-417f-9e8a-1f11149e73f9 is not the leader. Could not determine the leader node.
	at org.apache.hadoop.hdds.ratis.ServerNotLeaderException.convertToNotLeaderException(ServerNotLeaderException.java:109)
	at org.apache.hadoop.hdds.scm.ha.RatisUtil.checkRatisException(RatisUtil.java:245)
	at org.apache.hadoop.hdds.scm.protocol.ScmBlockLocationProtocolServerSideTranslatorPB.send(ScmBlockLocationProtocolServerSideTranslatorPB.java:108)
	at org.apache.hadoop.hdds.protocol.proto.ScmBlockLocationProtocolProtos$ScmBlockLocationProtocolService$2.callBlockingMethod(ScmBlockLocationProtocolProtos.java:13937)
	at org.apache.hadoop.ipc.ProtobufRpcEngine$Server.processCall(ProtobufRpcEngine.java:466)
	at org.apache.hadoop.ipc.ProtobufRpcEngine2$Server$ProtoBufRpcInvoker.call(ProtobufRpcEngine2.java:574)
	at org.apache.hadoop.ipc.ProtobufRpcEngine2$Server$ProtoBufRpcInvoker.call(ProtobufRpcEngine2.java:552)
	at org.apache.hadoop.ipc.RPC$Server.call(RPC.java:1093)
	at org.apache.hadoop.ipc.Server$RpcCall.run(Server.java:1035)
	at org.apache.hadoop.ipc.Server$RpcCall.run(Server.java:963)
	at java.security.AccessController.doPrivileged(Native Method)
	at javax.security.auth.Subject.doAs(Subject.java:422)
	at org.apache.hadoop.security.UserGroupInformation.doAs(UserGroupInformation.java:1878)
	at org.apache.hadoop.ipc.Server$Handler.run(Server.java:2966)
, while invoking $Proxy44.send over nodeId=scmNodeId,nodeAddress=/0.0.0.0:41697 after 1 failover attempts. Trying to failover after sleeping for 2000ms.
2022-02-08 12:42:02,742 [Listener at 0.0.0.0/36989] INFO  retry.RetryInvocationHandler (RetryInvocationHandler.java:log(411)) - com.google.protobuf.ServiceException: org.apache.hadoop.ipc.RemoteException(org.apache.hadoop.hdds.ratis.ServerNotLeaderException): Server:783707b5-d5e8-417f-9e8a-1f11149e73f9 is not the leader. Could not determine the leader node.
	at org.apache.hadoop.hdds.ratis.ServerNotLeaderException.convertToNotLeaderException(ServerNotLeaderException.java:109)
	at org.apache.hadoop.hdds.scm.ha.RatisUtil.checkRatisException(RatisUtil.java:245)
	at org.apache.hadoop.hdds.scm.protocol.ScmBlockLocationProtocolServerSideTranslatorPB.send(ScmBlockLocationProtocolServerSideTranslatorPB.java:108)
	at org.apache.hadoop.hdds.protocol.proto.ScmBlockLocationProtocolProtos$ScmBlockLocationProtocolService$2.callBlockingMethod(ScmBlockLocationProtocolProtos.java:13937)
	at org.apache.hadoop.ipc.ProtobufRpcEngine$Server.processCall(ProtobufRpcEngine.java:466)
	at org.apache.hadoop.ipc.ProtobufRpcEngine2$Server$ProtoBufRpcInvoker.call(ProtobufRpcEngine2.java:574)
	at org.apache.hadoop.ipc.ProtobufRpcEngine2$Server$ProtoBufRpcInvoker.call(ProtobufRpcEngine2.java:552)
	at org.apache.hadoop.ipc.RPC$Server.call(RPC.java:1093)
	at org.apache.hadoop.ipc.Server$RpcCall.run(Server.java:1035)
	at org.apache.hadoop.ipc.Server$RpcCall.run(Server.java:963)
	at java.security.AccessController.doPrivileged(Native Method)
	at javax.security.auth.Subject.doAs(Subject.java:422)
	at org.apache.hadoop.security.UserGroupInformation.doAs(UserGroupInformation.java:1878)
	at org.apache.hadoop.ipc.Server$Handler.run(Server.java:2966)
, while invoking $Proxy44.send over nodeId=scmNodeId,nodeAddress=/0.0.0.0:41697 after 2 failover attempts. Trying to failover after sleeping for 2000ms.
2022-02-08 12:42:03,174 [783707b5-d5e8-417f-9e8a-1f11149e73f9@group-AE8B8AC18067-FollowerState] INFO  impl.FollowerState (FollowerState.java:run(134)) - 783707b5-d5e8-417f-9e8a-1f11149e73f9@group-AE8B8AC18067-FollowerState: change to CANDIDATE, lastRpcElapsedTime:5123315659ns, electionTimeout:5122ms
2022-02-08 12:42:03,175 [783707b5-d5e8-417f-9e8a-1f11149e73f9@group-AE8B8AC18067-FollowerState] INFO  impl.RoleInfo (RoleInfo.java:shutdownFollowerState(108)) - 783707b5-d5e8-417f-9e8a-1f11149e73f9: shutdown 783707b5-d5e8-417f-9e8a-1f11149e73f9@group-AE8B8AC18067-FollowerState
2022-02-08 12:42:03,175 [783707b5-d5e8-417f-9e8a-1f11149e73f9@group-AE8B8AC18067-FollowerState] INFO  server.RaftServer$Division (RaftServerImpl.java:setRole(290)) - 783707b5-d5e8-417f-9e8a-1f11149e73f9@group-AE8B8AC18067: changes role from  FOLLOWER to CANDIDATE at term 1 for changeToCandidate
2022-02-08 12:42:03,175 [783707b5-d5e8-417f-9e8a-1f11149e73f9@group-AE8B8AC18067-FollowerState] INFO  server.RaftServerConfigKeys (ConfUtils.java:logGet(44)) - raft.server.leaderelection.pre-vote = false (custom)
2022-02-08 12:42:03,175 [783707b5-d5e8-417f-9e8a-1f11149e73f9@group-AE8B8AC18067-FollowerState] INFO  impl.RoleInfo (RoleInfo.java:updateAndGet(130)) - 783707b5-d5e8-417f-9e8a-1f11149e73f9: start 783707b5-d5e8-417f-9e8a-1f11149e73f9@group-AE8B8AC18067-LeaderElection15
2022-02-08 12:42:03,195 [783707b5-d5e8-417f-9e8a-1f11149e73f9@group-AE8B8AC18067-LeaderElection15] INFO  impl.LeaderElection (LeaderElection.java:askForVotes(306)) - 783707b5-d5e8-417f-9e8a-1f11149e73f9@group-AE8B8AC18067-LeaderElection15 ELECTION round 0: submit vote requests at term 2 for 0: [783707b5-d5e8-417f-9e8a-1f11149e73f9|rpc:fv-az122-430:9894|admin:|client:|dataStream:|priority:0], old=null
2022-02-08 12:42:03,196 [783707b5-d5e8-417f-9e8a-1f11149e73f9@group-AE8B8AC18067-LeaderElection15] INFO  impl.LeaderElection (LeaderElection.java:askForVotes(308)) - 783707b5-d5e8-417f-9e8a-1f11149e73f9@group-AE8B8AC18067-LeaderElection15 ELECTION round 0: result PASSED (term=2)
2022-02-08 12:42:03,196 [783707b5-d5e8-417f-9e8a-1f11149e73f9@group-AE8B8AC18067-LeaderElection15] INFO  impl.RoleInfo (RoleInfo.java:shutdownLeaderElection(121)) - 783707b5-d5e8-417f-9e8a-1f11149e73f9: shutdown 783707b5-d5e8-417f-9e8a-1f11149e73f9@group-AE8B8AC18067-LeaderElection15
2022-02-08 12:42:03,196 [783707b5-d5e8-417f-9e8a-1f11149e73f9@group-AE8B8AC18067-LeaderElection15] INFO  server.RaftServer$Division (RaftServerImpl.java:setRole(290)) - 783707b5-d5e8-417f-9e8a-1f11149e73f9@group-AE8B8AC18067: changes role from CANDIDATE to LEADER at term 2 for changeToLeader
2022-02-08 12:42:03,196 [783707b5-d5e8-417f-9e8a-1f11149e73f9@group-AE8B8AC18067-LeaderElection15] INFO  ha.SCMStateMachine (SCMStateMachine.java:notifyLeaderChanged(259)) - current SCM becomes leader of term 2.
2022-02-08 12:42:03,196 [783707b5-d5e8-417f-9e8a-1f11149e73f9@group-AE8B8AC18067-LeaderElection15] INFO  ha.SCMContext (SCMContext.java:updateLeaderAndTerm(90)) - update <isLeader,term> from <false,0> to <true,2>
2022-02-08 12:42:03,196 [783707b5-d5e8-417f-9e8a-1f11149e73f9@group-AE8B8AC18067-LeaderElection15] INFO  server.RaftServer$Division (ServerState.java:setLeader(285)) - 783707b5-d5e8-417f-9e8a-1f11149e73f9@group-AE8B8AC18067: change Leader from null to 783707b5-d5e8-417f-9e8a-1f11149e73f9 at term 2 for becomeLeader, leader elected after 5242ms
2022-02-08 12:42:03,196 [783707b5-d5e8-417f-9e8a-1f11149e73f9@group-AE8B8AC18067-LeaderElection15] INFO  server.RaftServerConfigKeys (ConfUtils.java:logGet(44)) - raft.server.staging.catchup.gap = 1000 (default)
2022-02-08 12:42:03,196 [783707b5-d5e8-417f-9e8a-1f11149e73f9@group-AE8B8AC18067-LeaderElection15] INFO  server.RaftServerConfigKeys (ConfUtils.java:logGet(44)) - raft.server.write.element-limit = 4096 (default)
2022-02-08 12:42:03,196 [783707b5-d5e8-417f-9e8a-1f11149e73f9@group-AE8B8AC18067-LeaderElection15] INFO  server.RaftServerConfigKeys (ConfUtils.java:logGet(44)) - raft.server.write.byte-limit = 64MB (=67108864) (default)
2022-02-08 12:42:03,197 [783707b5-d5e8-417f-9e8a-1f11149e73f9@group-AE8B8AC18067-LeaderElection15] INFO  server.RaftServerConfigKeys (ConfUtils.java:logGet(44)) - raft.server.watch.timeout = 10s (default)
2022-02-08 12:42:03,197 [783707b5-d5e8-417f-9e8a-1f11149e73f9@group-AE8B8AC18067-LeaderElection15] INFO  server.RaftServerConfigKeys (ConfUtils.java:logGet(44)) - raft.server.watch.timeout.denomination = 1s (default)
2022-02-08 12:42:03,197 [783707b5-d5e8-417f-9e8a-1f11149e73f9@group-AE8B8AC18067-LeaderElection15] INFO  server.RaftServerConfigKeys (ConfUtils.java:logGet(44)) - raft.server.watch.element-limit = 65536 (default)
2022-02-08 12:42:03,197 [783707b5-d5e8-417f-9e8a-1f11149e73f9@group-AE8B8AC18067-LeaderElection15] INFO  server.RaftServerConfigKeys (ConfUtils.java:logGet(44)) - raft.server.write.element-limit = 4096 (default)
2022-02-08 12:42:03,197 [783707b5-d5e8-417f-9e8a-1f11149e73f9@group-AE8B8AC18067-LeaderElection15] INFO  server.RaftServerConfigKeys (ConfUtils.java:logGet(44)) - raft.server.write.follower.gap.ratio.max = -1.0 (default)
2022-02-08 12:42:03,197 [783707b5-d5e8-417f-9e8a-1f11149e73f9@group-AE8B8AC18067-LeaderElection15] INFO  impl.RoleInfo (RoleInfo.java:updateAndGet(130)) - 783707b5-d5e8-417f-9e8a-1f11149e73f9: start 783707b5-d5e8-417f-9e8a-1f11149e73f9@group-AE8B8AC18067-LeaderStateImpl
2022-02-08 12:42:03,198 [783707b5-d5e8-417f-9e8a-1f11149e73f9@group-AE8B8AC18067-LeaderElection15] INFO  segmented.SegmentedRaftLogWorker (SegmentedRaftLogWorker.java:rollLogSegment(399)) - 783707b5-d5e8-417f-9e8a-1f11149e73f9@group-AE8B8AC18067-SegmentedRaftLogWorker: Rolling segment log-0_0 to index:0
2022-02-08 12:42:03,198 [783707b5-d5e8-417f-9e8a-1f11149e73f9@group-AE8B8AC18067-SegmentedRaftLogWorker] INFO  segmented.SegmentedRaftLogWorker (SegmentedRaftLogWorker.java:execute(558)) - 783707b5-d5e8-417f-9e8a-1f11149e73f9@group-AE8B8AC18067-SegmentedRaftLogWorker: Rolled log segment from /home/runner/work/ozone/ozone/hadoop-ozone/integration-test/target/test-dir/MiniOzoneClusterImpl-d9fbf9ff-2b62-4fa3-b93a-ae8b8ac18067/ozone-meta/scm-ha/d9fbf9ff-2b62-4fa3-b93a-ae8b8ac18067/current/log_inprogress_0 to /home/runner/work/ozone/ozone/hadoop-ozone/integration-test/target/test-dir/MiniOzoneClusterImpl-d9fbf9ff-2b62-4fa3-b93a-ae8b8ac18067/ozone-meta/scm-ha/d9fbf9ff-2b62-4fa3-b93a-ae8b8ac18067/current/log_0-0
2022-02-08 12:42:03,214 [783707b5-d5e8-417f-9e8a-1f11149e73f9@group-AE8B8AC18067-LeaderElection15] INFO  server.RaftServer$Division (ServerState.java:setRaftConf(387)) - 783707b5-d5e8-417f-9e8a-1f11149e73f9@group-AE8B8AC18067: set configuration 1: [783707b5-d5e8-417f-9e8a-1f11149e73f9|rpc:fv-az122-430:9894|admin:|client:|dataStream:|priority:0], old=null
2022-02-08 12:42:03,218 [783707b5-d5e8-417f-9e8a-1f11149e73f9@group-AE8B8AC18067-SegmentedRaftLogWorker] INFO  segmented.SegmentedRaftLogWorker (SegmentedRaftLogWorker.java:execute(601)) - 783707b5-d5e8-417f-9e8a-1f11149e73f9@group-AE8B8AC18067-SegmentedRaftLogWorker: created new log segment /home/runner/work/ozone/ozone/hadoop-ozone/integration-test/target/test-dir/MiniOzoneClusterImpl-d9fbf9ff-2b62-4fa3-b93a-ae8b8ac18067/ozone-meta/scm-ha/d9fbf9ff-2b62-4fa3-b93a-ae8b8ac18067/current/log_inprogress_1
2022-02-08 12:42:03,228 [783707b5-d5e8-417f-9e8a-1f11149e73f9@group-AE8B8AC18067-StateMachineUpdater] INFO  ha.SCMContext (SCMContext.java:setLeaderReady(117)) - update <isLeaderReady> from <false> to <true>
2022-02-08 12:42:03,233 [783707b5-d5e8-417f-9e8a-1f11149e73f9@group-AE8B8AC18067-StateMachineUpdater] INFO  pipeline.BackgroundPipelineCreator (BackgroundPipelineCreator.java:notifyStatusChanged(264)) - Service BackgroundPipelineCreator transitions to RUNNING.
2022-02-08 12:42:03,234 [783707b5-d5e8-417f-9e8a-1f11149e73f9@group-AE8B8AC18067-StateMachineUpdater] INFO  safemode.HealthyPipelineSafeModeRule (HealthyPipelineSafeModeRule.java:initializeRule(152)) - Refreshed total pipeline count is 0, healthy pipeline threshold count is 1
2022-02-08 12:42:03,234 [783707b5-d5e8-417f-9e8a-1f11149e73f9@group-AE8B8AC18067-StateMachineUpdater] INFO  safemode.ContainerSafeModeRule (ContainerSafeModeRule.java:reInitializeRule(177)) - Refreshed one replica container threshold 0, currentThreshold 0
2022-02-08 12:42:03,234 [783707b5-d5e8-417f-9e8a-1f11149e73f9@group-AE8B8AC18067-StateMachineUpdater] INFO  safemode.OneReplicaPipelineSafeModeRule (OneReplicaPipelineSafeModeRule.java:initializeRule(176)) - Refreshed Total pipeline count is 0, pipeline's with at least one datanode reported threshold count is 0
2022-02-08 12:42:03,234 [783707b5-d5e8-417f-9e8a-1f11149e73f9@group-AE8B8AC18067-StateMachineUpdater] INFO  server.SCMDatanodeProtocolServer (SCMDatanodeProtocolServer.java:start(181)) - ScmDatanodeProtocol RPC server for DataNodes is listening at /0.0.0.0:39327
2022-02-08 12:42:03,242 [IPC Server listener on 0] INFO  ipc.Server (Server.java:run(1344)) - IPC Server listener on 0: starting
2022-02-08 12:42:03,274 [IPC Server Responder] INFO  ipc.Server (Server.java:run(1507)) - IPC Server Responder: starting
2022-02-08 12:42:04,745 [Listener at 0.0.0.0/36989] WARN  server.ServerUtils (ServerUtils.java:getDBPath(225)) - ozone.om.db.dirs is not configured. We recommend adding this setting. Falling back to ozone.metadata.dirs instead.
2022-02-08 12:42:04,746 [Listener at 0.0.0.0/36989] INFO  codec.OmKeyInfoCodec (OmKeyInfoCodec.java:<init>(50)) - OmKeyInfoCodec ignorePipeline = true
2022-02-08 12:42:04,746 [Listener at 0.0.0.0/36989] INFO  codec.RepeatedOmKeyInfoCodec (RepeatedOmKeyInfoCodec.java:<init>(42)) - RepeatedOmKeyInfoCodec ignorePipeline = true
2022-02-08 12:42:04,996 [Listener at 0.0.0.0/36989] INFO  om.OzoneManager (OzoneManager.java:addS3GVolumeToDB(3732)) - Created Volume s3v With Owner runner required for S3Gateway operations.
2022-02-08 12:42:05,002 [Listener at 0.0.0.0/36989] WARN  server.ServerUtils (ServerUtils.java:getDefaultRatisDirectory(237)) - Storage directory for Ratis is not configured. It is a good idea to map this to an SSD disk. Falling back to ozone.metadata.dirs
2022-02-08 12:42:05,002 [Listener at 0.0.0.0/36989] WARN  utils.OzoneManagerRatisUtils (OzoneManagerRatisUtils.java:getOMRatisSnapshotDirectory(330)) - ozone.om.ratis.snapshot.dir is not configured. Falling back to ozone.metadata.dirs config
2022-02-08 12:42:05,002 [Listener at 0.0.0.0/36989] WARN  impl.MetricRegistriesImpl (MetricRegistriesImpl.java:addReporterRegistration(111)) - New reporters are added after registries were created. Some metrics will be missing from the reporter. Please add reporter before adding any new registry.
2022-02-08 12:42:05,002 [Listener at 0.0.0.0/36989] WARN  impl.MetricRegistriesImpl (MetricRegistriesImpl.java:addReporterRegistration(111)) - New reporters are added after registries were created. Some metrics will be missing from the reporter. Please add reporter before adding any new registry.
2022-02-08 12:42:05,003 [Listener at 0.0.0.0/36989] WARN  server.ServerUtils (ServerUtils.java:getDefaultRatisDirectory(237)) - Storage directory for Ratis is not configured. It is a good idea to map this to an SSD disk. Falling back to ozone.metadata.dirs
2022-02-08 12:42:05,004 [Listener at 0.0.0.0/36989] INFO  ratis.OzoneManagerRatisServer (OzoneManagerRatisServer.java:<init>(159)) - Instantiating OM Ratis server with groupID: omServiceIdDefault and peers: localhost:9872
2022-02-08 12:42:05,004 [Listener at 0.0.0.0/36989] INFO  ratis.OzoneManagerStateMachine (OzoneManagerStateMachine.java:loadSnapshotInfoFromDB(605)) - LastAppliedIndex is set from TransactionInfo from OM DB as (t:0, i:~)
2022-02-08 12:42:05,010 [Listener at 0.0.0.0/36989] INFO  server.RaftServer (ConfUtils.java:logGet(44)) - raft.rpc.type = GRPC (default)
2022-02-08 12:42:05,010 [Listener at 0.0.0.0/36989] INFO  grpc.GrpcFactory (GrpcFactory.java:checkPooledByteBufAllocatorUseCacheForAllThreads(48)) - PERFORMANCE WARNING: useCacheForAllThreads is true that may cause Netty to create a lot garbage objects and, as a result, trigger GC.
	It is recommended to disable useCacheForAllThreads by setting -Dorg.apache.ratis.thirdparty.io.netty.allocator.useCacheForAllThreads=false in command line.
2022-02-08 12:42:05,010 [Listener at 0.0.0.0/36989] INFO  grpc.GrpcConfigKeys (ConfUtils.java:logGet(44)) - raft.grpc.admin.port = -1 (default)
2022-02-08 12:42:05,010 [Listener at 0.0.0.0/36989] INFO  grpc.GrpcConfigKeys (ConfUtils.java:logGet(44)) - raft.grpc.server.port = 9872 (custom)
2022-02-08 12:42:05,010 [Listener at 0.0.0.0/36989] INFO  grpc.GrpcConfigKeys (ConfUtils.java:logGet(44)) - raft.grpc.client.port = -1 (default)
2022-02-08 12:42:05,010 [Listener at 0.0.0.0/36989] INFO  grpc.GrpcConfigKeys (ConfUtils.java:logGet(44)) - raft.grpc.server.port = 9872 (custom)
2022-02-08 12:42:05,011 [Listener at 0.0.0.0/36989] INFO  grpc.GrpcConfigKeys (ConfUtils.java:logGet(44)) - raft.grpc.server.port = 9872 (custom)
2022-02-08 12:42:05,011 [Listener at 0.0.0.0/36989] INFO  server.GrpcService (ConfUtils.java:logGet(44)) - raft.grpc.message.size.max = 33554432 (custom)
2022-02-08 12:42:05,011 [Listener at 0.0.0.0/36989] INFO  server.RaftServerConfigKeys (ConfUtils.java:logGet(44)) - raft.server.log.appender.buffer.byte-limit = 33554432 (custom)
2022-02-08 12:42:05,011 [Listener at 0.0.0.0/36989] INFO  server.GrpcService (ConfUtils.java:logGet(44)) - raft.grpc.flow.control.window = 1MB (=1048576) (default)
2022-02-08 12:42:05,011 [Listener at 0.0.0.0/36989] INFO  server.RaftServerConfigKeys (ConfUtils.java:logGet(44)) - raft.server.rpc.request.timeout = 3000ms (default)
2022-02-08 12:42:05,013 [Listener at 0.0.0.0/36989] INFO  impl.DataStreamServerImpl (ConfUtils.java:logGet(44)) - raft.datastream.type = DISABLED (default)
2022-02-08 12:42:05,013 [Listener at 0.0.0.0/36989] INFO  server.RaftServerConfigKeys (ConfUtils.java:logGet(44)) - raft.server.rpc.slowness.timeout = 120s (custom)
2022-02-08 12:42:05,013 [Listener at 0.0.0.0/36989] INFO  server.RaftServerConfigKeys (ConfUtils.java:logGet(44)) - raft.server.leaderelection.leader.step-down.wait-time = 10s (default)
2022-02-08 12:42:05,013 [Listener at 0.0.0.0/36989] INFO  server.RaftServerConfigKeys (ConfUtils.java:logGet(44)) - raft.server.storage.dir = [/home/runner/work/ozone/ozone/hadoop-ozone/integration-test/target/test-dir/MiniOzoneClusterImpl-d9fbf9ff-2b62-4fa3-b93a-ae8b8ac18067/ozone-meta/ratis] (custom)
2022-02-08 12:42:05,014 [Listener at 0.0.0.0/36989] INFO  server.RaftServer (RaftServerProxy.java:addNew(95)) - om1: addNew group-C5BA1605619E:[om1|rpc:localhost:9872|priority:0] returns group-C5BA1605619E:java.util.concurrent.CompletableFuture@3390dd12[Not completed]
2022-02-08 12:42:05,014 [Listener at 0.0.0.0/36989] INFO  om.OzoneManager (OzoneManager.java:initializeRatisServer(1834)) - OzoneManager Ratis server initialized at port 9872
2022-02-08 12:42:05,021 [Listener at 0.0.0.0/36989] INFO  ipc.CallQueueManager (CallQueueManager.java:<init>(90)) - Using callQueue: class java.util.concurrent.LinkedBlockingQueue, queueCapacity: 2000, scheduler: class org.apache.hadoop.ipc.DefaultRpcScheduler, ipcBackoff: false.
2022-02-08 12:42:05,024 [pool-228-thread-1] INFO  server.RaftServer$Division (RaftServerImpl.java:<init>(184)) - om1: new RaftServerImpl for group-C5BA1605619E:[om1|rpc:localhost:9872|priority:0] with OzoneManagerStateMachine:uninitialized
2022-02-08 12:42:05,026 [Socket Reader #1 for port 0] INFO  ipc.Server (Server.java:run(1265)) - Starting Socket Reader #1 for port 0
2022-02-08 12:42:05,029 [pool-228-thread-1] INFO  server.RaftServerConfigKeys (ConfUtils.java:logGet(44)) - raft.server.rpc.timeout.min = 1s (custom)
2022-02-08 12:42:05,029 [pool-228-thread-1] INFO  server.RaftServerConfigKeys (ConfUtils.java:logGet(44)) - raft.server.rpc.timeout.max = 1200ms (custom)
2022-02-08 12:42:05,029 [pool-228-thread-1] INFO  server.RaftServerConfigKeys (ConfUtils.java:logGet(44)) - raft.server.rpc.sleep.time = 25ms (default)
2022-02-08 12:42:05,029 [pool-228-thread-1] INFO  server.RaftServerConfigKeys (ConfUtils.java:logGet(44)) - raft.server.rpc.slowness.timeout = 120s (custom)
2022-02-08 12:42:05,029 [pool-228-thread-1] INFO  server.RaftServerConfigKeys (ConfUtils.java:logGet(44)) - raft.server.leaderelection.leader.step-down.wait-time = 10s (default)
2022-02-08 12:42:05,031 [pool-228-thread-1] INFO  server.RaftServerConfigKeys (ConfUtils.java:logGet(44)) - raft.server.sleep.deviation.threshold = 300ms (default)
2022-02-08 12:42:05,031 [pool-228-thread-1] INFO  server.RaftServerConfigKeys (ConfUtils.java:logGet(44)) - raft.server.log.appender.install.snapshot.enabled = false (custom)
2022-02-08 12:42:05,032 [pool-228-thread-1] INFO  server.RaftServer$Division (ServerState.java:<init>(105)) - om1@group-C5BA1605619E: ConfigurationManager, init=-1: [om1|rpc:localhost:9872|priority:0], old=null, confs=<EMPTY_MAP>
2022-02-08 12:42:05,032 [pool-228-thread-1] INFO  server.RaftServerConfigKeys (ConfUtils.java:logGet(44)) - raft.server.storage.dir = [/home/runner/work/ozone/ozone/hadoop-ozone/integration-test/target/test-dir/MiniOzoneClusterImpl-d9fbf9ff-2b62-4fa3-b93a-ae8b8ac18067/ozone-meta/ratis] (custom)
2022-02-08 12:42:05,032 [pool-228-thread-1] INFO  server.RaftServerConfigKeys (ConfUtils.java:logGet(44)) - raft.server.log.corruption.policy = EXCEPTION (default)
2022-02-08 12:42:05,032 [pool-228-thread-1] INFO  server.RaftServerConfigKeys (ConfUtils.java:logGet(44)) - raft.server.storage.free-space.min = 0MB (=0) (default)
2022-02-08 12:42:05,032 [pool-228-thread-1] INFO  storage.RaftStorageDirectory (RaftStorageDirectoryImpl.java:analyzeStorage(135)) - The storage directory /home/runner/work/ozone/ozone/hadoop-ozone/integration-test/target/test-dir/MiniOzoneClusterImpl-d9fbf9ff-2b62-4fa3-b93a-ae8b8ac18067/ozone-meta/ratis/bf265839-605b-3f16-9796-c5ba1605619e does not exist. Creating ...
2022-02-08 12:42:05,037 [pool-228-thread-1] INFO  storage.RaftStorageDirectory (RaftStorageDirectoryImpl.java:tryLock(230)) - Lock on /home/runner/work/ozone/ozone/hadoop-ozone/integration-test/target/test-dir/MiniOzoneClusterImpl-d9fbf9ff-2b62-4fa3-b93a-ae8b8ac18067/ozone-meta/ratis/bf265839-605b-3f16-9796-c5ba1605619e/in_use.lock acquired by nodename 23558@fv-az122-430
2022-02-08 12:42:05,055 [pool-228-thread-1] INFO  storage.RaftStorage (RaftStorageImpl.java:format(89)) - Storage directory /home/runner/work/ozone/ozone/hadoop-ozone/integration-test/target/test-dir/MiniOzoneClusterImpl-d9fbf9ff-2b62-4fa3-b93a-ae8b8ac18067/ozone-meta/ratis/bf265839-605b-3f16-9796-c5ba1605619e has been successfully formatted.
2022-02-08 12:42:05,056 [pool-228-thread-1] INFO  server.RaftServerConfigKeys (ConfUtils.java:logGet(44)) - raft.server.notification.no-leader.timeout = 120s (custom)
2022-02-08 12:42:05,056 [pool-228-thread-1] INFO  server.RaftServerConfigKeys (ConfUtils.java:logGet(44)) - raft.server.log.use.memory = false (default)
2022-02-08 12:42:05,056 [pool-228-thread-1] INFO  server.RaftServerConfigKeys (ConfUtils.java:logGet(44)) - raft.server.log.purge.gap = 1000000 (custom)
2022-02-08 12:42:05,056 [pool-228-thread-1] INFO  server.RaftServerConfigKeys (ConfUtils.java:logGet(44)) - raft.server.log.appender.buffer.byte-limit = 33554432 (custom)
2022-02-08 12:42:05,057 [pool-228-thread-1] INFO  server.RaftServerConfigKeys (ConfUtils.java:logGet(44)) - raft.server.log.segment.size.max = 4194304 (custom)
2022-02-08 12:42:05,057 [pool-228-thread-1] INFO  server.RaftServerConfigKeys (ConfUtils.java:logGet(44)) - raft.server.log.segment.cache.num.max = 2 (custom)
2022-02-08 12:42:05,058 [pool-228-thread-1] INFO  server.RaftServerConfigKeys (ConfUtils.java:logGet(44)) - raft.server.log.segment.cache.size.max = 200MB (=209715200) (default)
2022-02-08 12:42:05,061 [pool-228-thread-1] INFO  segmented.SegmentedRaftLogWorker (SegmentedRaftLogWorker.java:<init>(182)) - new om1@group-C5BA1605619E-SegmentedRaftLogWorker for RaftStorageImpl:Storage Directory /home/runner/work/ozone/ozone/hadoop-ozone/integration-test/target/test-dir/MiniOzoneClusterImpl-d9fbf9ff-2b62-4fa3-b93a-ae8b8ac18067/ozone-meta/ratis/bf265839-605b-3f16-9796-c5ba1605619e
2022-02-08 12:42:05,062 [pool-228-thread-1] INFO  server.RaftServerConfigKeys (ConfUtils.java:logGet(44)) - raft.server.log.queue.byte-limit = 64MB (=67108864) (default)
2022-02-08 12:42:05,062 [pool-228-thread-1] INFO  server.RaftServerConfigKeys (ConfUtils.java:logGet(44)) - raft.server.log.queue.element-limit = 4096 (default)
2022-02-08 12:42:05,062 [pool-228-thread-1] INFO  server.RaftServerConfigKeys (ConfUtils.java:logGet(44)) - raft.server.log.segment.size.max = 4194304 (custom)
2022-02-08 12:42:05,062 [pool-228-thread-1] INFO  server.RaftServerConfigKeys (ConfUtils.java:logGet(44)) - raft.server.log.preallocated.size = 4194304 (custom)
2022-02-08 12:42:05,062 [pool-228-thread-1] INFO  server.RaftServerConfigKeys (ConfUtils.java:logGet(44)) - raft.server.log.force.sync.num = 128 (default)
2022-02-08 12:42:05,062 [pool-228-thread-1] INFO  server.RaftServerConfigKeys (ConfUtils.java:logGet(44)) - raft.server.log.statemachine.data.sync = true (default)
2022-02-08 12:42:05,063 [Listener at 127.0.0.1/43683] INFO  impl.MetricsSystemImpl (MetricsSystemImpl.java:init(158)) - OzoneManager metrics system started (again)
2022-02-08 12:42:05,063 [pool-228-thread-1] INFO  server.RaftServerConfigKeys (ConfUtils.java:logGet(44)) - raft.server.log.statemachine.data.sync.timeout = 10s (default)
2022-02-08 12:42:05,063 [pool-228-thread-1] INFO  server.RaftServerConfigKeys (ConfUtils.java:logGet(44)) - raft.server.log.statemachine.data.sync.timeout.retry = -1 (default)
2022-02-08 12:42:05,064 [pool-228-thread-1] INFO  server.RaftServerConfigKeys (ConfUtils.java:logGet(44)) - raft.server.log.write.buffer.size = 64KB (=65536) (default)
2022-02-08 12:42:05,064 [pool-228-thread-1] INFO  server.RaftServerConfigKeys (ConfUtils.java:logGet(44)) - raft.server.log.statemachine.data.caching.enabled = false (default)
2022-02-08 12:42:05,065 [pool-228-thread-1] INFO  segmented.SegmentedRaftLogWorker (SegmentedRaftLogWorker.java:lambda$new$0(133)) - om1@group-C5BA1605619E-SegmentedRaftLogWorker: flushIndex: setUnconditionally 0 -> -1
2022-02-08 12:42:05,065 [pool-228-thread-1] INFO  segmented.SegmentedRaftLogWorker (SegmentedRaftLogWorker.java:lambda$new$0(133)) - om1@group-C5BA1605619E-SegmentedRaftLogWorker: safeCacheEvictIndex: setUnconditionally 0 -> -1
2022-02-08 12:42:05,087 [pool-228-thread-1] INFO  server.RaftServerConfigKeys (ConfUtils.java:logGet(44)) - raft.server.snapshot.auto.trigger.enabled = true (custom)
2022-02-08 12:42:05,087 [pool-228-thread-1] INFO  server.RaftServerConfigKeys (ConfUtils.java:logGet(44)) - raft.server.snapshot.auto.trigger.threshold = 400000 (default)
2022-02-08 12:42:05,087 [pool-228-thread-1] INFO  server.RaftServerConfigKeys (ConfUtils.java:logGet(44)) - raft.server.snapshot.retention.file.num = -1 (default)
2022-02-08 12:42:05,087 [pool-228-thread-1] INFO  server.RaftServerConfigKeys (ConfUtils.java:logGet(44)) - raft.server.log.purge.upto.snapshot.index = true (custom)
2022-02-08 12:42:05,087 [pool-228-thread-1] INFO  server.RaftServerConfigKeys (ConfUtils.java:logGet(44)) - raft.server.retrycache.expirytime = 300s (custom)
2022-02-08 12:42:05,087 [pool-228-thread-1] INFO  server.RaftServerConfigKeys (ConfUtils.java:logGet(44)) - raft.server.retrycache.statistics.expirytime = 100μs (default)
2022-02-08 12:42:05,103 [Listener at 127.0.0.1/43683] INFO  om.OzoneManager (OzoneManager.java:start(1365)) - OzoneManager RPC server is listening at localhost/127.0.0.1:43683
2022-02-08 12:42:05,104 [Listener at 127.0.0.1/43683] INFO  ratis.OzoneManagerRatisServer (OzoneManagerRatisServer.java:start(554)) - Starting OzoneManagerRatisServer om1 at port 9872
2022-02-08 12:42:05,104 [Listener at 127.0.0.1/43683] INFO  server.RaftServer$Division (RaftServerImpl.java:start(301)) - om1@group-C5BA1605619E: start as a follower, conf=-1: [om1|rpc:localhost:9872|priority:0], old=null
2022-02-08 12:42:05,105 [Listener at 127.0.0.1/43683] INFO  server.RaftServer$Division (RaftServerImpl.java:setRole(290)) - om1@group-C5BA1605619E: changes role from      null to FOLLOWER at term 0 for startAsFollower
2022-02-08 12:42:05,105 [Listener at 127.0.0.1/43683] INFO  impl.RoleInfo (RoleInfo.java:updateAndGet(130)) - om1: start om1@group-C5BA1605619E-FollowerState
2022-02-08 12:42:05,110 [Listener at 127.0.0.1/43683] INFO  util.JmxRegister (JmxRegister.java:tryRegister(44)) - Successfully registered JMX Bean with object name Ratis:service=RaftServer,group=group-C5BA1605619E,id=om1
2022-02-08 12:42:05,114 [Listener at 127.0.0.1/43683] INFO  server.RaftServer (RaftServerProxy.java:lambda$start$5(374)) - om1: start RPC server
2022-02-08 12:42:05,115 [Listener at 127.0.0.1/43683] INFO  server.GrpcService (GrpcService.java:startImpl(253)) - om1: GrpcService started, listening on 9872
2022-02-08 12:42:05,116 [Listener at 127.0.0.1/43683] INFO  om.OzoneManager (OzoneManager.java:start(1381)) - Version File has different layout version (0) than OM DB (null). That is expected if this OM has never been finalized to a newer layout version.
2022-02-08 12:42:05,118 [org.apache.ratis.util.JvmPauseMonitor$$Lambda$431/624767945@67276b57] INFO  util.JvmPauseMonitor (JvmPauseMonitor.java:run(103)) - JvmPauseMonitor-om1: Started
2022-02-08 12:42:05,124 [Listener at 127.0.0.1/43683] INFO  http.BaseHttpServer (BaseHttpServer.java:newHttpServer2BuilderForOzone(209)) - Starting Web-server for ozoneManager at: http://0.0.0.0:0
2022-02-08 12:42:05,124 [Listener at 127.0.0.1/43683] INFO  http.BaseHttpServer (BaseHttpServer.java:<init>(107)) - Hadoop Security Enabled: false Ozone Security Enabled: false Ozone HTTP Security Enabled: false 
2022-02-08 12:42:05,126 [Listener at 127.0.0.1/43683] INFO  server.AuthenticationFilter (AuthenticationFilter.java:constructSecretProvider(240)) - Unable to initialize FileSignerSecretProvider, falling back to use random secrets.
2022-02-08 12:42:05,127 [Listener at 127.0.0.1/43683] WARN  http.HttpRequestLog (HttpRequestLog.java:getRequestLog(103)) - Jetty request log can only be enabled using Log4j
2022-02-08 12:42:05,128 [Listener at 127.0.0.1/43683] INFO  http.HttpServer2 (HttpServer2.java:addGlobalFilter(1030)) - Added global filter 'safety' (class=org.apache.hadoop.hdds.server.http.HttpServer2$QuotingInputFilter)
2022-02-08 12:42:05,128 [Listener at 127.0.0.1/43683] INFO  http.HttpServer2 (HttpServer2.java:addFilter(1006)) - Added filter static_user_filter (class=org.apache.hadoop.http.lib.StaticUserWebFilter$StaticUserFilter) to context ozoneManager
2022-02-08 12:42:05,129 [Listener at 127.0.0.1/43683] INFO  http.HttpServer2 (HttpServer2.java:addFilter(1014)) - Added filter static_user_filter (class=org.apache.hadoop.http.lib.StaticUserWebFilter$StaticUserFilter) to context static
2022-02-08 12:42:05,129 [Listener at 127.0.0.1/43683] INFO  http.HttpServer2 (HttpServer2.java:addFilter(1014)) - Added filter static_user_filter (class=org.apache.hadoop.http.lib.StaticUserWebFilter$StaticUserFilter) to context logs
2022-02-08 12:42:05,129 [Listener at 127.0.0.1/43683] INFO  http.HttpServer2 (HttpServer2.java:bindListener(1249)) - Jetty bound to port 35315
2022-02-08 12:42:05,129 [Listener at 127.0.0.1/43683] INFO  server.Server (Server.java:doStart(375)) - jetty-9.4.43.v20210629; built: 2021-06-30T11:07:22.254Z; git: 526006ecfa3af7f1a27ef3a288e2bef7ea9dd7e8; jvm 1.8.0_312-b07
2022-02-08 12:42:05,135 [Listener at 127.0.0.1/43683] INFO  server.session (DefaultSessionIdManager.java:doStart(334)) - DefaultSessionIdManager workerName=node0
2022-02-08 12:42:05,135 [Listener at 127.0.0.1/43683] INFO  server.session (DefaultSessionIdManager.java:doStart(339)) - No SessionScavenger set, using defaults
2022-02-08 12:42:05,135 [Listener at 127.0.0.1/43683] INFO  server.session (HouseKeeper.java:startScavenging(132)) - node0 Scavenging every 600000ms
2022-02-08 12:42:05,137 [Listener at 127.0.0.1/43683] INFO  handler.ContextHandler (ContextHandler.java:doStart(915)) - Started o.e.j.s.ServletContextHandler@29d4e3f1{logs,/logs,file:///home/runner/work/ozone/ozone/hadoop-ozone/integration-test/target/log,AVAILABLE}
2022-02-08 12:42:05,139 [Listener at 127.0.0.1/43683] INFO  handler.ContextHandler (ContextHandler.java:doStart(915)) - Started o.e.j.s.ServletContextHandler@7811c3f1{static,/static,file:///home/runner/work/ozone/ozone/hadoop-ozone/integration-test/target/test-classes/webapps/static,AVAILABLE}
2022-02-08 12:42:05,152 [Listener at 127.0.0.1/43683] INFO  handler.ContextHandler (ContextHandler.java:doStart(915)) - Started o.e.j.w.WebAppContext@68dac4b8{ozoneManager,/,file:///home/runner/work/ozone/ozone/hadoop-ozone/integration-test/target/test-classes/webapps/ozoneManager/,AVAILABLE}{file:/home/runner/work/ozone/ozone/hadoop-ozone/integration-test/target/test-classes/webapps/ozoneManager}
2022-02-08 12:42:05,155 [Listener at 127.0.0.1/43683] INFO  server.AbstractConnector (AbstractConnector.java:doStart(331)) - Started ServerConnector@74e65217{HTTP/1.1, (http/1.1)}{0.0.0.0:35315}
2022-02-08 12:42:05,156 [Listener at 127.0.0.1/43683] INFO  server.Server (Server.java:doStart(415)) - Started @98254ms
2022-02-08 12:42:05,156 [Listener at 127.0.0.1/43683] WARN  impl.MetricsSystemImpl (MetricsSystemImpl.java:register(279)) - Sink prometheus already exists!
2022-02-08 12:42:05,157 [Listener at 127.0.0.1/43683] INFO  http.BaseHttpServer (BaseHttpServer.java:updateConnectorAddress(329)) - HTTP server of ozoneManager listening at http://0.0.0.0:35315
2022-02-08 12:42:05,160 [IPC Server Responder] INFO  ipc.Server (Server.java:run(1507)) - IPC Server Responder: starting
2022-02-08 12:42:05,161 [IPC Server listener on 0] INFO  ipc.Server (Server.java:run(1344)) - IPC Server listener on 0: starting
2022-02-08 12:42:05,174 [Listener at 127.0.0.1/43683] INFO  om.OzoneManager (OzoneManager.java:startTrashEmptier(1792)) - Trash Interval set to 0. Files deleted will not move to trash
2022-02-08 12:42:05,205 [org.apache.hadoop.util.JvmPauseMonitor$Monitor@513cd179] INFO  util.JvmPauseMonitor (JvmPauseMonitor.java:run(188)) - Starting JVM pause monitor
2022-02-08 12:42:05,208 [Listener at 127.0.0.1/43683] WARN  impl.MetricRegistriesImpl (MetricRegistriesImpl.java:addReporterRegistration(111)) - New reporters are added after registries were created. Some metrics will be missing from the reporter. Please add reporter before adding any new registry.
2022-02-08 12:42:05,213 [Listener at 127.0.0.1/43683] WARN  impl.MetricRegistriesImpl (MetricRegistriesImpl.java:addReporterRegistration(111)) - New reporters are added after registries were created. Some metrics will be missing from the reporter. Please add reporter before adding any new registry.
2022-02-08 12:42:05,213 [Listener at 127.0.0.1/43683] INFO  impl.MetricsSystemImpl (MetricsSystemImpl.java:init(158)) - HddsDatanode metrics system started (again)
2022-02-08 12:42:05,248 [Listener at 127.0.0.1/43683] INFO  ozone.HddsDatanodeService (HddsDatanodeService.java:start(234)) - HddsDatanodeService host:fv-az122-430.zf1tlrj3kn4expqppa1j4mpycf.xx.internal.cloudapp.net ip:10.1.0.54
2022-02-08 12:42:05,305 [Listener at 127.0.0.1/43683] INFO  upgrade.AbstractLayoutVersionManager (AbstractLayoutVersionManager.java:init(79)) - Initializing Layout version manager with metadata layout = SCM_HA (version = 2), software layout = SCM_HA (version = 2)
2022-02-08 12:42:05,370 [Listener at 127.0.0.1/43683] INFO  reflections.Reflections (Reflections.java:scan(232)) - Reflections took 64 ms to scan 7 urls, producing 119 keys and 279 values 
2022-02-08 12:42:05,372 [Listener at 127.0.0.1/43683] INFO  statemachine.DatanodeStateMachine (DatanodeStateMachine.java:getEndPointTaskThreadPoolSize(222)) - Datanode State Machine Task Thread Pool size 2
2022-02-08 12:42:05,374 [Listener at 127.0.0.1/43683] INFO  volume.HddsVolume (HddsVolume.java:<init>(120)) - Creating HddsVolume: /home/runner/work/ozone/ozone/hadoop-ozone/integration-test/target/test-dir/MiniOzoneClusterImpl-d9fbf9ff-2b62-4fa3-b93a-ae8b8ac18067/datanode-0/data-0/containers/hdds of storage type : DISK capacity : 9223372036854775807
2022-02-08 12:42:05,374 [Listener at 127.0.0.1/43683] INFO  volume.MutableVolumeSet (MutableVolumeSet.java:initializeVolumeSet(168)) - Added Volume : /home/runner/work/ozone/ozone/hadoop-ozone/integration-test/target/test-dir/MiniOzoneClusterImpl-d9fbf9ff-2b62-4fa3-b93a-ae8b8ac18067/datanode-0/data-0/containers/hdds to VolumeSet
2022-02-08 12:42:05,374 [Listener at 127.0.0.1/43683] INFO  volume.ThrottledAsyncChecker (ThrottledAsyncChecker.java:schedule(141)) - Scheduling a check for /home/runner/work/ozone/ozone/hadoop-ozone/integration-test/target/test-dir/MiniOzoneClusterImpl-d9fbf9ff-2b62-4fa3-b93a-ae8b8ac18067/datanode-0/data-0/containers/hdds
2022-02-08 12:42:05,385 [Listener at 127.0.0.1/43683] INFO  volume.StorageVolumeChecker (StorageVolumeChecker.java:checkAllVolumes(202)) - Scheduled health check for volume /home/runner/work/ozone/ozone/hadoop-ozone/integration-test/target/test-dir/MiniOzoneClusterImpl-d9fbf9ff-2b62-4fa3-b93a-ae8b8ac18067/datanode-0/data-0/containers/hdds
2022-02-08 12:42:05,423 [Listener at 127.0.0.1/43683] INFO  volume.MutableVolumeSet (MutableVolumeSet.java:initializeVolumeSet(168)) - Added Volume : /home/runner/work/ozone/ozone/hadoop-ozone/integration-test/target/test-dir/MiniOzoneClusterImpl-d9fbf9ff-2b62-4fa3-b93a-ae8b8ac18067/datanode-0/data/ratis to VolumeSet
2022-02-08 12:42:05,423 [Listener at 127.0.0.1/43683] INFO  volume.ThrottledAsyncChecker (ThrottledAsyncChecker.java:schedule(141)) - Scheduling a check for /home/runner/work/ozone/ozone/hadoop-ozone/integration-test/target/test-dir/MiniOzoneClusterImpl-d9fbf9ff-2b62-4fa3-b93a-ae8b8ac18067/datanode-0/data/ratis
2022-02-08 12:42:05,424 [Listener at 127.0.0.1/43683] INFO  volume.StorageVolumeChecker (StorageVolumeChecker.java:checkAllVolumes(202)) - Scheduled health check for volume /home/runner/work/ozone/ozone/hadoop-ozone/integration-test/target/test-dir/MiniOzoneClusterImpl-d9fbf9ff-2b62-4fa3-b93a-ae8b8ac18067/datanode-0/data/ratis
2022-02-08 12:42:05,445 [Thread-544] INFO  ozoneimpl.ContainerReader (ContainerReader.java:readVolume(172)) - Finish verifying containers on volume /home/runner/work/ozone/ozone/hadoop-ozone/integration-test/target/test-dir/MiniOzoneClusterImpl-d9fbf9ff-2b62-4fa3-b93a-ae8b8ac18067/datanode-0/data-0/containers/hdds
2022-02-08 12:42:05,445 [Listener at 127.0.0.1/43683] INFO  ozoneimpl.OzoneContainer (OzoneContainer.java:buildContainerSet(237)) - Build ContainerSet costs 0s
2022-02-08 12:42:05,448 [Listener at 127.0.0.1/43683] INFO  server.RaftServer (ConfUtils.java:logGet(44)) - raft.rpc.type = GRPC (default)
2022-02-08 12:42:05,448 [Listener at 127.0.0.1/43683] INFO  grpc.GrpcFactory (GrpcFactory.java:checkPooledByteBufAllocatorUseCacheForAllThreads(48)) - PERFORMANCE WARNING: useCacheForAllThreads is true that may cause Netty to create a lot garbage objects and, as a result, trigger GC.
	It is recommended to disable useCacheForAllThreads by setting -Dorg.apache.ratis.thirdparty.io.netty.allocator.useCacheForAllThreads=false in command line.
2022-02-08 12:42:05,448 [Listener at 127.0.0.1/43683] INFO  grpc.GrpcConfigKeys (ConfUtils.java:logGet(44)) - raft.grpc.admin.port = 0 (custom)
2022-02-08 12:42:05,448 [Listener at 127.0.0.1/43683] INFO  grpc.GrpcConfigKeys (ConfUtils.java:logGet(44)) - raft.grpc.client.port = 0 (custom)
2022-02-08 12:42:05,448 [Listener at 127.0.0.1/43683] INFO  grpc.GrpcConfigKeys (ConfUtils.java:logGet(44)) - raft.grpc.server.port = 0 (default)
2022-02-08 12:42:05,448 [Listener at 127.0.0.1/43683] INFO  server.GrpcService (ConfUtils.java:logGet(44)) - raft.grpc.message.size.max = 32MB (=33554432) (custom)
2022-02-08 12:42:05,448 [Listener at 127.0.0.1/43683] INFO  server.RaftServerConfigKeys (ConfUtils.java:logGet(44)) - raft.server.log.appender.buffer.byte-limit = 33554432 (custom)
2022-02-08 12:42:05,449 [Listener at 127.0.0.1/43683] INFO  server.GrpcService (ConfUtils.java:logGet(44)) - raft.grpc.flow.control.window = 5MB (=5242880) (custom)
2022-02-08 12:42:05,449 [Listener at 127.0.0.1/43683] INFO  server.RaftServerConfigKeys (ConfUtils.java:logGet(44)) - raft.server.rpc.request.timeout = 60s (custom)
2022-02-08 12:42:05,456 [Listener at 127.0.0.1/43683] INFO  impl.DataStreamServerImpl (ConfUtils.java:logGet(44)) - raft.datastream.type = DISABLED (default)
2022-02-08 12:42:05,456 [Listener at 127.0.0.1/43683] INFO  server.RaftServerConfigKeys (ConfUtils.java:logGet(44)) - raft.server.rpc.slowness.timeout = 300s (custom)
2022-02-08 12:42:05,456 [Listener at 127.0.0.1/43683] INFO  server.RaftServerConfigKeys (ConfUtils.java:logGet(44)) - raft.server.leaderelection.leader.step-down.wait-time = 10s (default)
2022-02-08 12:42:05,457 [Listener at 127.0.0.1/43683] INFO  server.RaftServerConfigKeys (ConfUtils.java:logGet(44)) - raft.server.storage.dir = [/home/runner/work/ozone/ozone/hadoop-ozone/integration-test/target/test-dir/MiniOzoneClusterImpl-d9fbf9ff-2b62-4fa3-b93a-ae8b8ac18067/datanode-0/data/ratis] (custom)
2022-02-08 12:42:05,458 [Listener at 127.0.0.1/43683] INFO  server.XceiverServerGrpc (XceiverServerGrpc.java:<init>(132)) - GrpcServer channel type EpollServerSocketChannel
2022-02-08 12:42:05,486 [Listener at 127.0.0.1/43683] INFO  http.BaseHttpServer (BaseHttpServer.java:newHttpServer2BuilderForOzone(209)) - Starting Web-server for hddsDatanode at: http://0.0.0.0:0
2022-02-08 12:42:05,486 [Listener at 127.0.0.1/43683] INFO  http.BaseHttpServer (BaseHttpServer.java:<init>(107)) - Hadoop Security Enabled: false Ozone Security Enabled: false Ozone HTTP Security Enabled: false 
2022-02-08 12:42:05,487 [Listener at 127.0.0.1/43683] INFO  server.AuthenticationFilter (AuthenticationFilter.java:constructSecretProvider(240)) - Unable to initialize FileSignerSecretProvider, falling back to use random secrets.
2022-02-08 12:42:05,493 [Listener at 127.0.0.1/43683] WARN  http.HttpRequestLog (HttpRequestLog.java:getRequestLog(103)) - Jetty request log can only be enabled using Log4j
2022-02-08 12:42:05,494 [Listener at 127.0.0.1/43683] INFO  http.HttpServer2 (HttpServer2.java:addGlobalFilter(1030)) - Added global filter 'safety' (class=org.apache.hadoop.hdds.server.http.HttpServer2$QuotingInputFilter)
2022-02-08 12:42:05,495 [Listener at 127.0.0.1/43683] INFO  http.HttpServer2 (HttpServer2.java:addFilter(1006)) - Added filter static_user_filter (class=org.apache.hadoop.http.lib.StaticUserWebFilter$StaticUserFilter) to context hddsDatanode
2022-02-08 12:42:05,495 [Listener at 127.0.0.1/43683] INFO  http.HttpServer2 (HttpServer2.java:addFilter(1014)) - Added filter static_user_filter (class=org.apache.hadoop.http.lib.StaticUserWebFilter$StaticUserFilter) to context logs
2022-02-08 12:42:05,495 [Listener at 127.0.0.1/43683] INFO  http.HttpServer2 (HttpServer2.java:addFilter(1014)) - Added filter static_user_filter (class=org.apache.hadoop.http.lib.StaticUserWebFilter$StaticUserFilter) to context static
2022-02-08 12:42:05,496 [Listener at 127.0.0.1/43683] INFO  http.HttpServer2 (HttpServer2.java:bindListener(1249)) - Jetty bound to port 34049
2022-02-08 12:42:05,496 [Listener at 127.0.0.1/43683] INFO  server.Server (Server.java:doStart(375)) - jetty-9.4.43.v20210629; built: 2021-06-30T11:07:22.254Z; git: 526006ecfa3af7f1a27ef3a288e2bef7ea9dd7e8; jvm 1.8.0_312-b07
2022-02-08 12:42:05,546 [Listener at 127.0.0.1/43683] INFO  server.session (DefaultSessionIdManager.java:doStart(334)) - DefaultSessionIdManager workerName=node0
2022-02-08 12:42:05,546 [Listener at 127.0.0.1/43683] INFO  server.session (DefaultSessionIdManager.java:doStart(339)) - No SessionScavenger set, using defaults
2022-02-08 12:42:05,546 [Listener at 127.0.0.1/43683] INFO  server.session (HouseKeeper.java:startScavenging(132)) - node0 Scavenging every 660000ms
2022-02-08 12:42:05,547 [Listener at 127.0.0.1/43683] INFO  handler.ContextHandler (ContextHandler.java:doStart(915)) - Started o.e.j.s.ServletContextHandler@6366ffb0{logs,/logs,file:///home/runner/work/ozone/ozone/hadoop-ozone/integration-test/target/log,AVAILABLE}
2022-02-08 12:42:05,548 [Listener at 127.0.0.1/43683] INFO  handler.ContextHandler (ContextHandler.java:doStart(915)) - Started o.e.j.s.ServletContextHandler@1ccc0ed1{static,/static,jar:file:/home/runner/.m2/repository/org/apache/ozone/hdds-container-service/1.3.0-SNAPSHOT/hdds-container-service-1.3.0-SNAPSHOT.jar!/webapps/static,AVAILABLE}
2022-02-08 12:42:05,644 [Listener at 127.0.0.1/43683] INFO  handler.ContextHandler (ContextHandler.java:doStart(915)) - Started o.e.j.w.WebAppContext@12cd6378{hddsDatanode,/,file:///tmp/jetty-0_0_0_0-34049-hdds-container-service-1_3_0-SNAPSHOT_jar-_-any-5223648753383200013/webapp/,AVAILABLE}{jar:file:/home/runner/.m2/repository/org/apache/ozone/hdds-container-service/1.3.0-SNAPSHOT/hdds-container-service-1.3.0-SNAPSHOT.jar!/webapps/hddsDatanode}
2022-02-08 12:42:05,658 [Listener at 127.0.0.1/43683] INFO  server.AbstractConnector (AbstractConnector.java:doStart(331)) - Started ServerConnector@20563189{HTTP/1.1, (http/1.1)}{0.0.0.0:34049}
2022-02-08 12:42:05,659 [Listener at 127.0.0.1/43683] INFO  server.Server (Server.java:doStart(415)) - Started @98757ms
2022-02-08 12:42:05,659 [Listener at 127.0.0.1/43683] WARN  impl.MetricsSystemImpl (MetricsSystemImpl.java:register(279)) - Sink prometheus already exists!
2022-02-08 12:42:05,659 [Listener at 127.0.0.1/43683] INFO  http.BaseHttpServer (BaseHttpServer.java:updateConnectorAddress(329)) - HTTP server of hddsDatanode listening at http://0.0.0.0:34049
2022-02-08 12:42:05,661 [Datanode State Machine Daemon Thread] INFO  statemachine.DatanodeStateMachine (DatanodeStateMachine.java:lambda$startDaemon$0(470)) - Ozone container server started.
2022-02-08 12:42:05,661 [Listener at 127.0.0.1/43683] WARN  impl.MetricRegistriesImpl (MetricRegistriesImpl.java:addReporterRegistration(111)) - New reporters are added after registries were created. Some metrics will be missing from the reporter. Please add reporter before adding any new registry.
2022-02-08 12:42:05,661 [Listener at 127.0.0.1/43683] WARN  impl.MetricRegistriesImpl (MetricRegistriesImpl.java:addReporterRegistration(111)) - New reporters are added after registries were created. Some metrics will be missing from the reporter. Please add reporter before adding any new registry.
2022-02-08 12:42:05,661 [Listener at 127.0.0.1/43683] INFO  impl.MetricsSystemImpl (MetricsSystemImpl.java:init(158)) - HddsDatanode metrics system started (again)
2022-02-08 12:42:05,674 [Listener at 127.0.0.1/43683] INFO  ozone.HddsDatanodeService (HddsDatanodeService.java:start(234)) - HddsDatanodeService host:fv-az122-430.zf1tlrj3kn4expqppa1j4mpycf.xx.internal.cloudapp.net ip:10.1.0.54
2022-02-08 12:42:05,718 [org.apache.hadoop.util.JvmPauseMonitor$Monitor@10b989bc] INFO  util.JvmPauseMonitor (JvmPauseMonitor.java:run(188)) - Starting JVM pause monitor
2022-02-08 12:42:05,731 [Datanode State Machine Task Thread - 0] INFO  datanode.InitDatanodeState (InitDatanodeState.java:persistContainerDatanodeDetails(145)) - DatanodeDetails is persisted to /home/runner/work/ozone/ozone/hadoop-ozone/integration-test/target/test-dir/MiniOzoneClusterImpl-d9fbf9ff-2b62-4fa3-b93a-ae8b8ac18067/datanode-0/meta/datanode.id
2022-02-08 12:42:05,733 [Listener at 127.0.0.1/43683] INFO  upgrade.AbstractLayoutVersionManager (AbstractLayoutVersionManager.java:init(79)) - Initializing Layout version manager with metadata layout = SCM_HA (version = 2), software layout = SCM_HA (version = 2)
2022-02-08 12:42:05,819 [Listener at 127.0.0.1/43683] INFO  reflections.Reflections (Reflections.java:scan(232)) - Reflections took 84 ms to scan 7 urls, producing 119 keys and 279 values 
2022-02-08 12:42:05,821 [Listener at 127.0.0.1/43683] INFO  statemachine.DatanodeStateMachine (DatanodeStateMachine.java:getEndPointTaskThreadPoolSize(222)) - Datanode State Machine Task Thread Pool size 2
2022-02-08 12:42:05,822 [Listener at 127.0.0.1/43683] INFO  volume.HddsVolume (HddsVolume.java:<init>(120)) - Creating HddsVolume: /home/runner/work/ozone/ozone/hadoop-ozone/integration-test/target/test-dir/MiniOzoneClusterImpl-d9fbf9ff-2b62-4fa3-b93a-ae8b8ac18067/datanode-1/data-0/containers/hdds of storage type : DISK capacity : 9223372036854775807
2022-02-08 12:42:05,822 [Listener at 127.0.0.1/43683] INFO  volume.MutableVolumeSet (MutableVolumeSet.java:initializeVolumeSet(168)) - Added Volume : /home/runner/work/ozone/ozone/hadoop-ozone/integration-test/target/test-dir/MiniOzoneClusterImpl-d9fbf9ff-2b62-4fa3-b93a-ae8b8ac18067/datanode-1/data-0/containers/hdds to VolumeSet
2022-02-08 12:42:05,823 [Listener at 127.0.0.1/43683] INFO  volume.ThrottledAsyncChecker (ThrottledAsyncChecker.java:schedule(141)) - Scheduling a check for /home/runner/work/ozone/ozone/hadoop-ozone/integration-test/target/test-dir/MiniOzoneClusterImpl-d9fbf9ff-2b62-4fa3-b93a-ae8b8ac18067/datanode-1/data-0/containers/hdds
2022-02-08 12:42:05,832 [Listener at 127.0.0.1/43683] INFO  volume.StorageVolumeChecker (StorageVolumeChecker.java:checkAllVolumes(202)) - Scheduled health check for volume /home/runner/work/ozone/ozone/hadoop-ozone/integration-test/target/test-dir/MiniOzoneClusterImpl-d9fbf9ff-2b62-4fa3-b93a-ae8b8ac18067/datanode-1/data-0/containers/hdds
2022-02-08 12:42:05,859 [Listener at 127.0.0.1/43683] INFO  volume.MutableVolumeSet (MutableVolumeSet.java:initializeVolumeSet(168)) - Added Volume : /home/runner/work/ozone/ozone/hadoop-ozone/integration-test/target/test-dir/MiniOzoneClusterImpl-d9fbf9ff-2b62-4fa3-b93a-ae8b8ac18067/datanode-1/data/ratis to VolumeSet
2022-02-08 12:42:05,860 [Listener at 127.0.0.1/43683] INFO  volume.ThrottledAsyncChecker (ThrottledAsyncChecker.java:schedule(141)) - Scheduling a check for /home/runner/work/ozone/ozone/hadoop-ozone/integration-test/target/test-dir/MiniOzoneClusterImpl-d9fbf9ff-2b62-4fa3-b93a-ae8b8ac18067/datanode-1/data/ratis
2022-02-08 12:42:05,860 [Listener at 127.0.0.1/43683] INFO  volume.StorageVolumeChecker (StorageVolumeChecker.java:checkAllVolumes(202)) - Scheduled health check for volume /home/runner/work/ozone/ozone/hadoop-ozone/integration-test/target/test-dir/MiniOzoneClusterImpl-d9fbf9ff-2b62-4fa3-b93a-ae8b8ac18067/datanode-1/data/ratis
2022-02-08 12:42:05,914 [Thread-556] INFO  ozoneimpl.ContainerReader (ContainerReader.java:readVolume(172)) - Finish verifying containers on volume /home/runner/work/ozone/ozone/hadoop-ozone/integration-test/target/test-dir/MiniOzoneClusterImpl-d9fbf9ff-2b62-4fa3-b93a-ae8b8ac18067/datanode-1/data-0/containers/hdds
2022-02-08 12:42:05,914 [Listener at 127.0.0.1/43683] INFO  ozoneimpl.OzoneContainer (OzoneContainer.java:buildContainerSet(237)) - Build ContainerSet costs 0s
2022-02-08 12:42:05,916 [Listener at 127.0.0.1/43683] INFO  server.RaftServer (ConfUtils.java:logGet(44)) - raft.rpc.type = GRPC (default)
2022-02-08 12:42:05,917 [Listener at 127.0.0.1/43683] INFO  grpc.GrpcFactory (GrpcFactory.java:checkPooledByteBufAllocatorUseCacheForAllThreads(48)) - PERFORMANCE WARNING: useCacheForAllThreads is true that may cause Netty to create a lot garbage objects and, as a result, trigger GC.
	It is recommended to disable useCacheForAllThreads by setting -Dorg.apache.ratis.thirdparty.io.netty.allocator.useCacheForAllThreads=false in command line.
2022-02-08 12:42:05,917 [Listener at 127.0.0.1/43683] INFO  grpc.GrpcConfigKeys (ConfUtils.java:logGet(44)) - raft.grpc.admin.port = 0 (custom)
2022-02-08 12:42:05,917 [Listener at 127.0.0.1/43683] INFO  grpc.GrpcConfigKeys (ConfUtils.java:logGet(44)) - raft.grpc.client.port = 0 (custom)
2022-02-08 12:42:05,917 [Listener at 127.0.0.1/43683] INFO  grpc.GrpcConfigKeys (ConfUtils.java:logGet(44)) - raft.grpc.server.port = 0 (default)
2022-02-08 12:42:05,917 [Listener at 127.0.0.1/43683] INFO  server.GrpcService (ConfUtils.java:logGet(44)) - raft.grpc.message.size.max = 32MB (=33554432) (custom)
2022-02-08 12:42:05,917 [Listener at 127.0.0.1/43683] INFO  server.RaftServerConfigKeys (ConfUtils.java:logGet(44)) - raft.server.log.appender.buffer.byte-limit = 33554432 (custom)
2022-02-08 12:42:05,917 [Listener at 127.0.0.1/43683] INFO  server.GrpcService (ConfUtils.java:logGet(44)) - raft.grpc.flow.control.window = 5MB (=5242880) (custom)
2022-02-08 12:42:05,918 [Listener at 127.0.0.1/43683] INFO  server.RaftServerConfigKeys (ConfUtils.java:logGet(44)) - raft.server.rpc.request.timeout = 60s (custom)
2022-02-08 12:42:05,919 [Listener at 127.0.0.1/43683] INFO  impl.DataStreamServerImpl (ConfUtils.java:logGet(44)) - raft.datastream.type = DISABLED (default)
2022-02-08 12:42:05,919 [Listener at 127.0.0.1/43683] INFO  server.RaftServerConfigKeys (ConfUtils.java:logGet(44)) - raft.server.rpc.slowness.timeout = 300s (custom)
2022-02-08 12:42:05,920 [Listener at 127.0.0.1/43683] INFO  server.RaftServerConfigKeys (ConfUtils.java:logGet(44)) - raft.server.leaderelection.leader.step-down.wait-time = 10s (default)
2022-02-08 12:42:05,920 [Listener at 127.0.0.1/43683] INFO  server.RaftServerConfigKeys (ConfUtils.java:logGet(44)) - raft.server.storage.dir = [/home/runner/work/ozone/ozone/hadoop-ozone/integration-test/target/test-dir/MiniOzoneClusterImpl-d9fbf9ff-2b62-4fa3-b93a-ae8b8ac18067/datanode-1/data/ratis] (custom)
2022-02-08 12:42:05,921 [Listener at 127.0.0.1/43683] INFO  server.XceiverServerGrpc (XceiverServerGrpc.java:<init>(132)) - GrpcServer channel type EpollServerSocketChannel
2022-02-08 12:42:05,947 [Listener at 127.0.0.1/43683] INFO  http.BaseHttpServer (BaseHttpServer.java:newHttpServer2BuilderForOzone(209)) - Starting Web-server for hddsDatanode at: http://0.0.0.0:0
2022-02-08 12:42:05,947 [Listener at 127.0.0.1/43683] INFO  http.BaseHttpServer (BaseHttpServer.java:<init>(107)) - Hadoop Security Enabled: false Ozone Security Enabled: false Ozone HTTP Security Enabled: false 
2022-02-08 12:42:05,948 [Listener at 127.0.0.1/43683] INFO  server.AuthenticationFilter (AuthenticationFilter.java:constructSecretProvider(240)) - Unable to initialize FileSignerSecretProvider, falling back to use random secrets.
2022-02-08 12:42:05,950 [Listener at 127.0.0.1/43683] WARN  http.HttpRequestLog (HttpRequestLog.java:getRequestLog(103)) - Jetty request log can only be enabled using Log4j
2022-02-08 12:42:05,951 [Listener at 127.0.0.1/43683] INFO  http.HttpServer2 (HttpServer2.java:addGlobalFilter(1030)) - Added global filter 'safety' (class=org.apache.hadoop.hdds.server.http.HttpServer2$QuotingInputFilter)
2022-02-08 12:42:05,953 [Listener at 127.0.0.1/43683] INFO  http.HttpServer2 (HttpServer2.java:addFilter(1006)) - Added filter static_user_filter (class=org.apache.hadoop.http.lib.StaticUserWebFilter$StaticUserFilter) to context hddsDatanode
2022-02-08 12:42:05,953 [Listener at 127.0.0.1/43683] INFO  http.HttpServer2 (HttpServer2.java:addFilter(1014)) - Added filter static_user_filter (class=org.apache.hadoop.http.lib.StaticUserWebFilter$StaticUserFilter) to context static
2022-02-08 12:42:05,953 [Listener at 127.0.0.1/43683] INFO  http.HttpServer2 (HttpServer2.java:addFilter(1014)) - Added filter static_user_filter (class=org.apache.hadoop.http.lib.StaticUserWebFilter$StaticUserFilter) to context logs
2022-02-08 12:42:05,954 [Listener at 127.0.0.1/43683] INFO  http.HttpServer2 (HttpServer2.java:bindListener(1249)) - Jetty bound to port 35463
2022-02-08 12:42:05,954 [Listener at 127.0.0.1/43683] INFO  server.Server (Server.java:doStart(375)) - jetty-9.4.43.v20210629; built: 2021-06-30T11:07:22.254Z; git: 526006ecfa3af7f1a27ef3a288e2bef7ea9dd7e8; jvm 1.8.0_312-b07
2022-02-08 12:42:05,957 [Listener at 127.0.0.1/43683] INFO  server.session (DefaultSessionIdManager.java:doStart(334)) - DefaultSessionIdManager workerName=node0
2022-02-08 12:42:05,957 [Listener at 127.0.0.1/43683] INFO  server.session (DefaultSessionIdManager.java:doStart(339)) - No SessionScavenger set, using defaults
2022-02-08 12:42:05,957 [Listener at 127.0.0.1/43683] INFO  server.session (HouseKeeper.java:startScavenging(132)) - node0 Scavenging every 600000ms
2022-02-08 12:42:05,959 [Listener at 127.0.0.1/43683] INFO  handler.ContextHandler (ContextHandler.java:doStart(915)) - Started o.e.j.s.ServletContextHandler@4fbb7865{logs,/logs,file:///home/runner/work/ozone/ozone/hadoop-ozone/integration-test/target/log,AVAILABLE}
2022-02-08 12:42:05,959 [Listener at 127.0.0.1/43683] INFO  handler.ContextHandler (ContextHandler.java:doStart(915)) - Started o.e.j.s.ServletContextHandler@4f34cdbd{static,/static,jar:file:/home/runner/.m2/repository/org/apache/ozone/hdds-container-service/1.3.0-SNAPSHOT/hdds-container-service-1.3.0-SNAPSHOT.jar!/webapps/static,AVAILABLE}
2022-02-08 12:42:06,021 [Listener at 127.0.0.1/43683] INFO  handler.ContextHandler (ContextHandler.java:doStart(915)) - Started o.e.j.w.WebAppContext@330fdaeb{hddsDatanode,/,file:///tmp/jetty-0_0_0_0-35463-hdds-container-service-1_3_0-SNAPSHOT_jar-_-any-8912674798990285730/webapp/,AVAILABLE}{jar:file:/home/runner/.m2/repository/org/apache/ozone/hdds-container-service/1.3.0-SNAPSHOT/hdds-container-service-1.3.0-SNAPSHOT.jar!/webapps/hddsDatanode}
2022-02-08 12:42:06,030 [Listener at 127.0.0.1/43683] INFO  server.AbstractConnector (AbstractConnector.java:doStart(331)) - Started ServerConnector@765740c2{HTTP/1.1, (http/1.1)}{0.0.0.0:35463}
2022-02-08 12:42:06,030 [Listener at 127.0.0.1/43683] INFO  server.Server (Server.java:doStart(415)) - Started @99128ms
2022-02-08 12:42:06,030 [Listener at 127.0.0.1/43683] WARN  impl.MetricsSystemImpl (MetricsSystemImpl.java:register(279)) - Sink prometheus already exists!
2022-02-08 12:42:06,032 [Listener at 127.0.0.1/43683] INFO  http.BaseHttpServer (BaseHttpServer.java:updateConnectorAddress(329)) - HTTP server of hddsDatanode listening at http://0.0.0.0:35463
2022-02-08 12:42:06,034 [Listener at 127.0.0.1/43683] WARN  impl.MetricRegistriesImpl (MetricRegistriesImpl.java:addReporterRegistration(111)) - New reporters are added after registries were created. Some metrics will be missing from the reporter. Please add reporter before adding any new registry.
2022-02-08 12:42:06,034 [Listener at 127.0.0.1/43683] WARN  impl.MetricRegistriesImpl (MetricRegistriesImpl.java:addReporterRegistration(111)) - New reporters are added after registries were created. Some metrics will be missing from the reporter. Please add reporter before adding any new registry.
2022-02-08 12:42:06,034 [Listener at 127.0.0.1/43683] INFO  impl.MetricsSystemImpl (MetricsSystemImpl.java:init(158)) - HddsDatanode metrics system started (again)
2022-02-08 12:42:06,034 [Datanode State Machine Daemon Thread] INFO  statemachine.DatanodeStateMachine (DatanodeStateMachine.java:lambda$startDaemon$0(470)) - Ozone container server started.
2022-02-08 12:42:06,054 [org.apache.hadoop.util.JvmPauseMonitor$Monitor@7edfaa2] INFO  util.JvmPauseMonitor (JvmPauseMonitor.java:run(188)) - Starting JVM pause monitor
2022-02-08 12:42:06,088 [Datanode State Machine Task Thread - 0] INFO  datanode.InitDatanodeState (InitDatanodeState.java:persistContainerDatanodeDetails(145)) - DatanodeDetails is persisted to /home/runner/work/ozone/ozone/hadoop-ozone/integration-test/target/test-dir/MiniOzoneClusterImpl-d9fbf9ff-2b62-4fa3-b93a-ae8b8ac18067/datanode-1/meta/datanode.id
2022-02-08 12:42:06,091 [Listener at 127.0.0.1/43683] INFO  ozone.HddsDatanodeService (HddsDatanodeService.java:start(234)) - HddsDatanodeService host:fv-az122-430.zf1tlrj3kn4expqppa1j4mpycf.xx.internal.cloudapp.net ip:10.1.0.54
2022-02-08 12:42:06,141 [Listener at 127.0.0.1/43683] INFO  upgrade.AbstractLayoutVersionManager (AbstractLayoutVersionManager.java:init(79)) - Initializing Layout version manager with metadata layout = SCM_HA (version = 2), software layout = SCM_HA (version = 2)
2022-02-08 12:42:06,224 [Listener at 127.0.0.1/43683] INFO  reflections.Reflections (Reflections.java:scan(232)) - Reflections took 80 ms to scan 7 urls, producing 119 keys and 279 values 
2022-02-08 12:42:06,226 [Listener at 127.0.0.1/43683] INFO  statemachine.DatanodeStateMachine (DatanodeStateMachine.java:getEndPointTaskThreadPoolSize(222)) - Datanode State Machine Task Thread Pool size 2
2022-02-08 12:42:06,227 [Listener at 127.0.0.1/43683] INFO  volume.HddsVolume (HddsVolume.java:<init>(120)) - Creating HddsVolume: /home/runner/work/ozone/ozone/hadoop-ozone/integration-test/target/test-dir/MiniOzoneClusterImpl-d9fbf9ff-2b62-4fa3-b93a-ae8b8ac18067/datanode-2/data-0/containers/hdds of storage type : DISK capacity : 9223372036854775807
2022-02-08 12:42:06,227 [Listener at 127.0.0.1/43683] INFO  volume.MutableVolumeSet (MutableVolumeSet.java:initializeVolumeSet(168)) - Added Volume : /home/runner/work/ozone/ozone/hadoop-ozone/integration-test/target/test-dir/MiniOzoneClusterImpl-d9fbf9ff-2b62-4fa3-b93a-ae8b8ac18067/datanode-2/data-0/containers/hdds to VolumeSet
2022-02-08 12:42:06,228 [Listener at 127.0.0.1/43683] INFO  volume.ThrottledAsyncChecker (ThrottledAsyncChecker.java:schedule(141)) - Scheduling a check for /home/runner/work/ozone/ozone/hadoop-ozone/integration-test/target/test-dir/MiniOzoneClusterImpl-d9fbf9ff-2b62-4fa3-b93a-ae8b8ac18067/datanode-2/data-0/containers/hdds
2022-02-08 12:42:06,228 [Listener at 127.0.0.1/43683] INFO  volume.StorageVolumeChecker (StorageVolumeChecker.java:checkAllVolumes(202)) - Scheduled health check for volume /home/runner/work/ozone/ozone/hadoop-ozone/integration-test/target/test-dir/MiniOzoneClusterImpl-d9fbf9ff-2b62-4fa3-b93a-ae8b8ac18067/datanode-2/data-0/containers/hdds
2022-02-08 12:42:06,245 [Listener at 127.0.0.1/43683] INFO  volume.MutableVolumeSet (MutableVolumeSet.java:initializeVolumeSet(168)) - Added Volume : /home/runner/work/ozone/ozone/hadoop-ozone/integration-test/target/test-dir/MiniOzoneClusterImpl-d9fbf9ff-2b62-4fa3-b93a-ae8b8ac18067/datanode-2/data/ratis to VolumeSet
2022-02-08 12:42:06,246 [Listener at 127.0.0.1/43683] INFO  volume.ThrottledAsyncChecker (ThrottledAsyncChecker.java:schedule(141)) - Scheduling a check for /home/runner/work/ozone/ozone/hadoop-ozone/integration-test/target/test-dir/MiniOzoneClusterImpl-d9fbf9ff-2b62-4fa3-b93a-ae8b8ac18067/datanode-2/data/ratis
2022-02-08 12:42:06,246 [Listener at 127.0.0.1/43683] INFO  volume.StorageVolumeChecker (StorageVolumeChecker.java:checkAllVolumes(202)) - Scheduled health check for volume /home/runner/work/ozone/ozone/hadoop-ozone/integration-test/target/test-dir/MiniOzoneClusterImpl-d9fbf9ff-2b62-4fa3-b93a-ae8b8ac18067/datanode-2/data/ratis
2022-02-08 12:42:06,264 [Thread-568] INFO  ozoneimpl.ContainerReader (ContainerReader.java:readVolume(172)) - Finish verifying containers on volume /home/runner/work/ozone/ozone/hadoop-ozone/integration-test/target/test-dir/MiniOzoneClusterImpl-d9fbf9ff-2b62-4fa3-b93a-ae8b8ac18067/datanode-2/data-0/containers/hdds
2022-02-08 12:42:06,264 [Listener at 127.0.0.1/43683] INFO  ozoneimpl.OzoneContainer (OzoneContainer.java:buildContainerSet(237)) - Build ContainerSet costs 0s
2022-02-08 12:42:06,268 [Listener at 127.0.0.1/43683] INFO  server.RaftServer (ConfUtils.java:logGet(44)) - raft.rpc.type = GRPC (default)
2022-02-08 12:42:06,268 [Listener at 127.0.0.1/43683] INFO  grpc.GrpcFactory (GrpcFactory.java:checkPooledByteBufAllocatorUseCacheForAllThreads(48)) - PERFORMANCE WARNING: useCacheForAllThreads is true that may cause Netty to create a lot garbage objects and, as a result, trigger GC.
	It is recommended to disable useCacheForAllThreads by setting -Dorg.apache.ratis.thirdparty.io.netty.allocator.useCacheForAllThreads=false in command line.
2022-02-08 12:42:06,268 [Listener at 127.0.0.1/43683] INFO  grpc.GrpcConfigKeys (ConfUtils.java:logGet(44)) - raft.grpc.admin.port = 0 (custom)
2022-02-08 12:42:06,268 [Listener at 127.0.0.1/43683] INFO  grpc.GrpcConfigKeys (ConfUtils.java:logGet(44)) - raft.grpc.client.port = 0 (custom)
2022-02-08 12:42:06,268 [Listener at 127.0.0.1/43683] INFO  grpc.GrpcConfigKeys (ConfUtils.java:logGet(44)) - raft.grpc.server.port = 0 (default)
2022-02-08 12:42:06,269 [Listener at 127.0.0.1/43683] INFO  server.GrpcService (ConfUtils.java:logGet(44)) - raft.grpc.message.size.max = 32MB (=33554432) (custom)
2022-02-08 12:42:06,269 [Listener at 127.0.0.1/43683] INFO  server.RaftServerConfigKeys (ConfUtils.java:logGet(44)) - raft.server.log.appender.buffer.byte-limit = 33554432 (custom)
2022-02-08 12:42:06,269 [Listener at 127.0.0.1/43683] INFO  server.GrpcService (ConfUtils.java:logGet(44)) - raft.grpc.flow.control.window = 5MB (=5242880) (custom)
2022-02-08 12:42:06,269 [Listener at 127.0.0.1/43683] INFO  server.RaftServerConfigKeys (ConfUtils.java:logGet(44)) - raft.server.rpc.request.timeout = 60s (custom)
2022-02-08 12:42:06,270 [Listener at 127.0.0.1/43683] INFO  impl.DataStreamServerImpl (ConfUtils.java:logGet(44)) - raft.datastream.type = DISABLED (default)
2022-02-08 12:42:06,270 [Listener at 127.0.0.1/43683] INFO  server.RaftServerConfigKeys (ConfUtils.java:logGet(44)) - raft.server.rpc.slowness.timeout = 300s (custom)
2022-02-08 12:42:06,270 [Listener at 127.0.0.1/43683] INFO  server.RaftServerConfigKeys (ConfUtils.java:logGet(44)) - raft.server.leaderelection.leader.step-down.wait-time = 10s (default)
2022-02-08 12:42:06,271 [Listener at 127.0.0.1/43683] INFO  server.RaftServerConfigKeys (ConfUtils.java:logGet(44)) - raft.server.storage.dir = [/home/runner/work/ozone/ozone/hadoop-ozone/integration-test/target/test-dir/MiniOzoneClusterImpl-d9fbf9ff-2b62-4fa3-b93a-ae8b8ac18067/datanode-2/data/ratis] (custom)
2022-02-08 12:42:06,271 [Listener at 127.0.0.1/43683] INFO  server.XceiverServerGrpc (XceiverServerGrpc.java:<init>(132)) - GrpcServer channel type EpollServerSocketChannel
2022-02-08 12:42:06,280 [om1@group-C5BA1605619E-FollowerState] INFO  impl.FollowerState (FollowerState.java:run(134)) - om1@group-C5BA1605619E-FollowerState: change to CANDIDATE, lastRpcElapsedTime:1175010403ns, electionTimeout:1166ms
2022-02-08 12:42:06,280 [om1@group-C5BA1605619E-FollowerState] INFO  impl.RoleInfo (RoleInfo.java:shutdownFollowerState(108)) - om1: shutdown om1@group-C5BA1605619E-FollowerState
2022-02-08 12:42:06,280 [om1@group-C5BA1605619E-FollowerState] INFO  server.RaftServer$Division (RaftServerImpl.java:setRole(290)) - om1@group-C5BA1605619E: changes role from  FOLLOWER to CANDIDATE at term 0 for changeToCandidate
2022-02-08 12:42:06,280 [om1@group-C5BA1605619E-FollowerState] INFO  server.RaftServerConfigKeys (ConfUtils.java:logGet(44)) - raft.server.leaderelection.pre-vote = false (custom)
2022-02-08 12:42:06,281 [om1@group-C5BA1605619E-FollowerState] INFO  impl.RoleInfo (RoleInfo.java:updateAndGet(130)) - om1: start om1@group-C5BA1605619E-LeaderElection16
2022-02-08 12:42:06,291 [Listener at 127.0.0.1/43683] INFO  http.BaseHttpServer (BaseHttpServer.java:newHttpServer2BuilderForOzone(209)) - Starting Web-server for hddsDatanode at: http://0.0.0.0:0
2022-02-08 12:42:06,291 [Listener at 127.0.0.1/43683] INFO  http.BaseHttpServer (BaseHttpServer.java:<init>(107)) - Hadoop Security Enabled: false Ozone Security Enabled: false Ozone HTTP Security Enabled: false 
2022-02-08 12:42:06,294 [Listener at 127.0.0.1/43683] INFO  server.AuthenticationFilter (AuthenticationFilter.java:constructSecretProvider(240)) - Unable to initialize FileSignerSecretProvider, falling back to use random secrets.
2022-02-08 12:42:06,296 [om1@group-C5BA1605619E-LeaderElection16] INFO  impl.LeaderElection (LeaderElection.java:askForVotes(306)) - om1@group-C5BA1605619E-LeaderElection16 ELECTION round 0: submit vote requests at term 1 for -1: [om1|rpc:localhost:9872|priority:0], old=null
2022-02-08 12:42:06,296 [om1@group-C5BA1605619E-LeaderElection16] INFO  impl.LeaderElection (LeaderElection.java:askForVotes(308)) - om1@group-C5BA1605619E-LeaderElection16 ELECTION round 0: result PASSED (term=1)
2022-02-08 12:42:06,296 [om1@group-C5BA1605619E-LeaderElection16] INFO  impl.RoleInfo (RoleInfo.java:shutdownLeaderElection(121)) - om1: shutdown om1@group-C5BA1605619E-LeaderElection16
2022-02-08 12:42:06,296 [om1@group-C5BA1605619E-LeaderElection16] INFO  server.RaftServer$Division (RaftServerImpl.java:setRole(290)) - om1@group-C5BA1605619E: changes role from CANDIDATE to LEADER at term 1 for changeToLeader
2022-02-08 12:42:06,296 [om1@group-C5BA1605619E-LeaderElection16] INFO  server.RaftServer$Division (ServerState.java:setLeader(285)) - om1@group-C5BA1605619E: change Leader from null to om1 at term 1 for becomeLeader, leader elected after 1239ms
2022-02-08 12:42:06,296 [om1@group-C5BA1605619E-LeaderElection16] INFO  server.RaftServerConfigKeys (ConfUtils.java:logGet(44)) - raft.server.staging.catchup.gap = 1000 (default)
2022-02-08 12:42:06,298 [Listener at 127.0.0.1/43683] WARN  http.HttpRequestLog (HttpRequestLog.java:getRequestLog(103)) - Jetty request log can only be enabled using Log4j
2022-02-08 12:42:06,299 [Listener at 127.0.0.1/43683] INFO  http.HttpServer2 (HttpServer2.java:addGlobalFilter(1030)) - Added global filter 'safety' (class=org.apache.hadoop.hdds.server.http.HttpServer2$QuotingInputFilter)
2022-02-08 12:42:06,299 [Listener at 127.0.0.1/43683] INFO  http.HttpServer2 (HttpServer2.java:addFilter(1006)) - Added filter static_user_filter (class=org.apache.hadoop.http.lib.StaticUserWebFilter$StaticUserFilter) to context hddsDatanode
2022-02-08 12:42:06,299 [Listener at 127.0.0.1/43683] INFO  http.HttpServer2 (HttpServer2.java:addFilter(1014)) - Added filter static_user_filter (class=org.apache.hadoop.http.lib.StaticUserWebFilter$StaticUserFilter) to context static
2022-02-08 12:42:06,299 [Listener at 127.0.0.1/43683] INFO  http.HttpServer2 (HttpServer2.java:addFilter(1014)) - Added filter static_user_filter (class=org.apache.hadoop.http.lib.StaticUserWebFilter$StaticUserFilter) to context logs
2022-02-08 12:42:06,300 [Listener at 127.0.0.1/43683] INFO  http.HttpServer2 (HttpServer2.java:bindListener(1249)) - Jetty bound to port 44329
2022-02-08 12:42:06,300 [Listener at 127.0.0.1/43683] INFO  server.Server (Server.java:doStart(375)) - jetty-9.4.43.v20210629; built: 2021-06-30T11:07:22.254Z; git: 526006ecfa3af7f1a27ef3a288e2bef7ea9dd7e8; jvm 1.8.0_312-b07
2022-02-08 12:42:06,337 [Listener at 127.0.0.1/43683] INFO  server.session (DefaultSessionIdManager.java:doStart(334)) - DefaultSessionIdManager workerName=node0
2022-02-08 12:42:06,337 [Listener at 127.0.0.1/43683] INFO  server.session (DefaultSessionIdManager.java:doStart(339)) - No SessionScavenger set, using defaults
2022-02-08 12:42:06,337 [Listener at 127.0.0.1/43683] INFO  server.session (HouseKeeper.java:startScavenging(132)) - node0 Scavenging every 600000ms
2022-02-08 12:42:06,343 [Listener at 127.0.0.1/43683] INFO  handler.ContextHandler (ContextHandler.java:doStart(915)) - Started o.e.j.s.ServletContextHandler@2883984c{logs,/logs,file:///home/runner/work/ozone/ozone/hadoop-ozone/integration-test/target/log,AVAILABLE}
2022-02-08 12:42:06,343 [Listener at 127.0.0.1/43683] INFO  handler.ContextHandler (ContextHandler.java:doStart(915)) - Started o.e.j.s.ServletContextHandler@19abd586{static,/static,jar:file:/home/runner/.m2/repository/org/apache/ozone/hdds-container-service/1.3.0-SNAPSHOT/hdds-container-service-1.3.0-SNAPSHOT.jar!/webapps/static,AVAILABLE}
2022-02-08 12:42:06,346 [om1@group-C5BA1605619E-LeaderElection16] INFO  server.RaftServerConfigKeys (ConfUtils.java:logGet(44)) - raft.server.write.element-limit = 4096 (default)
2022-02-08 12:42:06,347 [om1@group-C5BA1605619E-LeaderElection16] INFO  server.RaftServerConfigKeys (ConfUtils.java:logGet(44)) - raft.server.write.byte-limit = 64MB (=67108864) (default)
2022-02-08 12:42:06,347 [om1@group-C5BA1605619E-LeaderElection16] INFO  server.RaftServerConfigKeys (ConfUtils.java:logGet(44)) - raft.server.watch.timeout = 10s (default)
2022-02-08 12:42:06,347 [om1@group-C5BA1605619E-LeaderElection16] INFO  server.RaftServerConfigKeys (ConfUtils.java:logGet(44)) - raft.server.watch.timeout.denomination = 1s (default)
2022-02-08 12:42:06,347 [om1@group-C5BA1605619E-LeaderElection16] INFO  server.RaftServerConfigKeys (ConfUtils.java:logGet(44)) - raft.server.watch.element-limit = 65536 (default)
2022-02-08 12:42:06,347 [om1@group-C5BA1605619E-LeaderElection16] INFO  server.RaftServerConfigKeys (ConfUtils.java:logGet(44)) - raft.server.write.element-limit = 4096 (default)
2022-02-08 12:42:06,347 [om1@group-C5BA1605619E-LeaderElection16] INFO  server.RaftServerConfigKeys (ConfUtils.java:logGet(44)) - raft.server.write.follower.gap.ratio.max = -1.0 (default)
2022-02-08 12:42:06,347 [om1@group-C5BA1605619E-LeaderElection16] INFO  impl.RoleInfo (RoleInfo.java:updateAndGet(130)) - om1: start om1@group-C5BA1605619E-LeaderStateImpl
2022-02-08 12:42:06,348 [om1@group-C5BA1605619E-LeaderElection16] INFO  segmented.SegmentedRaftLogWorker (SegmentedRaftLogWorker.java:startLogSegment(394)) - om1@group-C5BA1605619E-SegmentedRaftLogWorker: Starting segment from index:0
2022-02-08 12:42:06,368 [om1@group-C5BA1605619E-LeaderElection16] INFO  server.RaftServer$Division (ServerState.java:setRaftConf(387)) - om1@group-C5BA1605619E: set configuration 0: [om1|rpc:localhost:9872|admin:|client:|dataStream:|priority:0], old=null
2022-02-08 12:42:06,373 [om1@group-C5BA1605619E-SegmentedRaftLogWorker] INFO  segmented.SegmentedRaftLogWorker (SegmentedRaftLogWorker.java:execute(601)) - om1@group-C5BA1605619E-SegmentedRaftLogWorker: created new log segment /home/runner/work/ozone/ozone/hadoop-ozone/integration-test/target/test-dir/MiniOzoneClusterImpl-d9fbf9ff-2b62-4fa3-b93a-ae8b8ac18067/ozone-meta/ratis/bf265839-605b-3f16-9796-c5ba1605619e/current/log_inprogress_0
2022-02-08 12:42:06,375 [om1@group-C5BA1605619E-StateMachineUpdater] INFO  ratis.OzoneManagerStateMachine (OzoneManagerStateMachine.java:notifyConfigurationChanged(188)) - Received Configuration change notification from Ratis. New Peer list:
[id: "om1"
address: "localhost:9872"
]
2022-02-08 12:42:06,420 [Listener at 127.0.0.1/43683] INFO  handler.ContextHandler (ContextHandler.java:doStart(915)) - Started o.e.j.w.WebAppContext@37f2fa98{hddsDatanode,/,file:///tmp/jetty-0_0_0_0-44329-hdds-container-service-1_3_0-SNAPSHOT_jar-_-any-7224637856677557433/webapp/,AVAILABLE}{jar:file:/home/runner/.m2/repository/org/apache/ozone/hdds-container-service/1.3.0-SNAPSHOT/hdds-container-service-1.3.0-SNAPSHOT.jar!/webapps/hddsDatanode}
2022-02-08 12:42:06,424 [Listener at 127.0.0.1/43683] INFO  server.AbstractConnector (AbstractConnector.java:doStart(331)) - Started ServerConnector@735cf379{HTTP/1.1, (http/1.1)}{0.0.0.0:44329}
2022-02-08 12:42:06,425 [Listener at 127.0.0.1/43683] INFO  server.Server (Server.java:doStart(415)) - Started @99523ms
2022-02-08 12:42:06,425 [Listener at 127.0.0.1/43683] WARN  impl.MetricsSystemImpl (MetricsSystemImpl.java:register(279)) - Sink prometheus already exists!
2022-02-08 12:42:06,425 [Listener at 127.0.0.1/43683] INFO  http.BaseHttpServer (BaseHttpServer.java:updateConnectorAddress(329)) - HTTP server of hddsDatanode listening at http://0.0.0.0:44329
2022-02-08 12:42:06,429 [Datanode State Machine Daemon Thread] INFO  statemachine.DatanodeStateMachine (DatanodeStateMachine.java:lambda$startDaemon$0(470)) - Ozone container server started.
2022-02-08 12:42:06,443 [org.apache.hadoop.util.JvmPauseMonitor$Monitor@7dbe5a24] INFO  util.JvmPauseMonitor (JvmPauseMonitor.java:run(188)) - Starting JVM pause monitor
2022-02-08 12:42:06,454 [Listener at 127.0.0.1/43683] INFO  ozone.MiniOzoneClusterImpl (MiniOzoneClusterImpl.java:lambda$waitForClusterToBeReady$0(219)) - Waiting for nodes to be ready. Got 0 of 3 DN Heartbeats.
2022-02-08 12:42:06,454 [Listener at 127.0.0.1/43683] INFO  ozone.MiniOzoneClusterImpl (MiniOzoneClusterImpl.java:lambda$waitForClusterToBeReady$0(222)) - Waiting for cluster to exit safe mode
2022-02-08 12:42:06,454 [Listener at 127.0.0.1/43683] INFO  ozone.MiniOzoneClusterImpl (MiniOzoneClusterImpl.java:lambda$waitForClusterToBeReady$0(224)) - SCM became leader
2022-02-08 12:42:06,464 [Datanode State Machine Task Thread - 0] INFO  datanode.InitDatanodeState (InitDatanodeState.java:persistContainerDatanodeDetails(145)) - DatanodeDetails is persisted to /home/runner/work/ozone/ozone/hadoop-ozone/integration-test/target/test-dir/MiniOzoneClusterImpl-d9fbf9ff-2b62-4fa3-b93a-ae8b8ac18067/datanode-2/meta/datanode.id
2022-02-08 12:42:07,454 [Listener at 127.0.0.1/43683] INFO  ozone.MiniOzoneClusterImpl (MiniOzoneClusterImpl.java:lambda$waitForClusterToBeReady$0(219)) - Waiting for nodes to be ready. Got 0 of 3 DN Heartbeats.
2022-02-08 12:42:07,455 [Listener at 127.0.0.1/43683] INFO  ozone.MiniOzoneClusterImpl (MiniOzoneClusterImpl.java:lambda$waitForClusterToBeReady$0(222)) - Waiting for cluster to exit safe mode
2022-02-08 12:42:07,455 [Listener at 127.0.0.1/43683] INFO  ozone.MiniOzoneClusterImpl (MiniOzoneClusterImpl.java:lambda$waitForClusterToBeReady$0(224)) - SCM became leader
2022-02-08 12:42:07,749 [EndpointStateMachine task thread for /0.0.0.0:39327 - 0 ] INFO  ozoneimpl.OzoneContainer (OzoneContainer.java:start(315)) - Attempting to start container services.
2022-02-08 12:42:07,750 [EndpointStateMachine task thread for /0.0.0.0:39327 - 0 ] INFO  ozoneimpl.OzoneContainer (OzoneContainer.java:startContainerScrub(250)) - Background container scanner has been disabled.
2022-02-08 12:42:07,751 [EndpointStateMachine task thread for /0.0.0.0:39327 - 0 ] INFO  replication.ReplicationServer (ReplicationServer.java:start(111)) - ReplicationServer is started using port 34267
2022-02-08 12:42:07,757 [EndpointStateMachine task thread for /0.0.0.0:39327 - 0 ] INFO  ratis.XceiverServerRatis (XceiverServerRatis.java:start(484)) - Starting XceiverServerRatis 2bb38a5d-0509-4181-8b7b-057f495cfd4a
2022-02-08 12:42:07,772 [EndpointStateMachine task thread for /0.0.0.0:39327 - 0 ] INFO  server.RaftServer (RaftServerProxy.java:lambda$start$5(374)) - 2bb38a5d-0509-4181-8b7b-057f495cfd4a: start RPC server
2022-02-08 12:42:07,773 [EndpointStateMachine task thread for /0.0.0.0:39327 - 0 ] INFO  server.GrpcService (GrpcService.java:startImpl(253)) - 2bb38a5d-0509-4181-8b7b-057f495cfd4a: GrpcService started, listening on 35129
2022-02-08 12:42:07,785 [EndpointStateMachine task thread for /0.0.0.0:39327 - 0 ] INFO  ratis.XceiverServerRatis (XceiverServerRatis.java:getRealPort(505)) - XceiverServerRatis 2bb38a5d-0509-4181-8b7b-057f495cfd4a is started using port 35129 for RATIS
2022-02-08 12:42:07,786 [EndpointStateMachine task thread for /0.0.0.0:39327 - 0 ] INFO  ratis.XceiverServerRatis (XceiverServerRatis.java:getRealPort(505)) - XceiverServerRatis 2bb38a5d-0509-4181-8b7b-057f495cfd4a is started using port 35129 for RATIS_ADMIN
2022-02-08 12:42:07,786 [EndpointStateMachine task thread for /0.0.0.0:39327 - 0 ] INFO  ratis.XceiverServerRatis (XceiverServerRatis.java:getRealPort(505)) - XceiverServerRatis 2bb38a5d-0509-4181-8b7b-057f495cfd4a is started using port 35129 for RATIS_SERVER
2022-02-08 12:42:07,786 [org.apache.ratis.util.JvmPauseMonitor$$Lambda$431/624767945@31a598d6] INFO  util.JvmPauseMonitor (JvmPauseMonitor.java:run(103)) - JvmPauseMonitor-2bb38a5d-0509-4181-8b7b-057f495cfd4a: Started
2022-02-08 12:42:07,791 [EndpointStateMachine task thread for /0.0.0.0:39327 - 0 ] INFO  server.XceiverServerGrpc (XceiverServerGrpc.java:start(180)) - XceiverServerGrpc 2bb38a5d-0509-4181-8b7b-057f495cfd4a is started using port 41585
2022-02-08 12:42:08,071 [EndpointStateMachine task thread for /0.0.0.0:39327 - 0 ] INFO  ozoneimpl.OzoneContainer (OzoneContainer.java:start(315)) - Attempting to start container services.
2022-02-08 12:42:08,071 [EndpointStateMachine task thread for /0.0.0.0:39327 - 0 ] INFO  ozoneimpl.OzoneContainer (OzoneContainer.java:startContainerScrub(250)) - Background container scanner has been disabled.
2022-02-08 12:42:08,072 [EndpointStateMachine task thread for /0.0.0.0:39327 - 0 ] INFO  replication.ReplicationServer (ReplicationServer.java:start(111)) - ReplicationServer is started using port 33965
2022-02-08 12:42:08,080 [EndpointStateMachine task thread for /0.0.0.0:39327 - 0 ] INFO  ratis.XceiverServerRatis (XceiverServerRatis.java:start(484)) - Starting XceiverServerRatis 49948d64-f13f-4dea-ab4c-a99dcf6a29cc
2022-02-08 12:42:08,090 [EndpointStateMachine task thread for /0.0.0.0:39327 - 0 ] INFO  server.RaftServer (RaftServerProxy.java:lambda$start$5(374)) - 49948d64-f13f-4dea-ab4c-a99dcf6a29cc: start RPC server
2022-02-08 12:42:08,113 [EndpointStateMachine task thread for /0.0.0.0:39327 - 0 ] INFO  server.GrpcService (GrpcService.java:startImpl(253)) - 49948d64-f13f-4dea-ab4c-a99dcf6a29cc: GrpcService started, listening on 40329
2022-02-08 12:42:08,118 [EndpointStateMachine task thread for /0.0.0.0:39327 - 0 ] INFO  ratis.XceiverServerRatis (XceiverServerRatis.java:getRealPort(505)) - XceiverServerRatis 49948d64-f13f-4dea-ab4c-a99dcf6a29cc is started using port 40329 for RATIS
2022-02-08 12:42:08,118 [EndpointStateMachine task thread for /0.0.0.0:39327 - 0 ] INFO  ratis.XceiverServerRatis (XceiverServerRatis.java:getRealPort(505)) - XceiverServerRatis 49948d64-f13f-4dea-ab4c-a99dcf6a29cc is started using port 40329 for RATIS_ADMIN
2022-02-08 12:42:08,118 [EndpointStateMachine task thread for /0.0.0.0:39327 - 0 ] INFO  ratis.XceiverServerRatis (XceiverServerRatis.java:getRealPort(505)) - XceiverServerRatis 49948d64-f13f-4dea-ab4c-a99dcf6a29cc is started using port 40329 for RATIS_SERVER
2022-02-08 12:42:08,118 [org.apache.ratis.util.JvmPauseMonitor$$Lambda$431/624767945@2f46df29] INFO  util.JvmPauseMonitor (JvmPauseMonitor.java:run(103)) - JvmPauseMonitor-49948d64-f13f-4dea-ab4c-a99dcf6a29cc: Started
2022-02-08 12:42:08,135 [EndpointStateMachine task thread for /0.0.0.0:39327 - 0 ] INFO  server.XceiverServerGrpc (XceiverServerGrpc.java:start(180)) - XceiverServerGrpc 49948d64-f13f-4dea-ab4c-a99dcf6a29cc is started using port 43697
2022-02-08 12:42:08,455 [Listener at 127.0.0.1/43683] INFO  ozone.MiniOzoneClusterImpl (MiniOzoneClusterImpl.java:lambda$waitForClusterToBeReady$0(219)) - Waiting for nodes to be ready. Got 0 of 3 DN Heartbeats.
2022-02-08 12:42:08,455 [Listener at 127.0.0.1/43683] INFO  ozone.MiniOzoneClusterImpl (MiniOzoneClusterImpl.java:lambda$waitForClusterToBeReady$0(222)) - Waiting for cluster to exit safe mode
2022-02-08 12:42:08,455 [Listener at 127.0.0.1/43683] INFO  ozone.MiniOzoneClusterImpl (MiniOzoneClusterImpl.java:lambda$waitForClusterToBeReady$0(224)) - SCM became leader
2022-02-08 12:42:08,470 [EndpointStateMachine task thread for /0.0.0.0:39327 - 0 ] INFO  ozoneimpl.OzoneContainer (OzoneContainer.java:start(315)) - Attempting to start container services.
2022-02-08 12:42:08,470 [EndpointStateMachine task thread for /0.0.0.0:39327 - 0 ] INFO  ozoneimpl.OzoneContainer (OzoneContainer.java:startContainerScrub(250)) - Background container scanner has been disabled.
2022-02-08 12:42:08,471 [EndpointStateMachine task thread for /0.0.0.0:39327 - 0 ] INFO  replication.ReplicationServer (ReplicationServer.java:start(111)) - ReplicationServer is started using port 36043
2022-02-08 12:42:08,472 [EndpointStateMachine task thread for /0.0.0.0:39327 - 0 ] INFO  ratis.XceiverServerRatis (XceiverServerRatis.java:start(484)) - Starting XceiverServerRatis ddfda897-e03d-4d19-9b1c-17acf61c97d5
2022-02-08 12:42:08,504 [EndpointStateMachine task thread for /0.0.0.0:39327 - 0 ] INFO  server.RaftServer (RaftServerProxy.java:lambda$start$5(374)) - ddfda897-e03d-4d19-9b1c-17acf61c97d5: start RPC server
2022-02-08 12:42:08,505 [EndpointStateMachine task thread for /0.0.0.0:39327 - 0 ] INFO  server.GrpcService (GrpcService.java:startImpl(253)) - ddfda897-e03d-4d19-9b1c-17acf61c97d5: GrpcService started, listening on 45499
2022-02-08 12:42:08,509 [EndpointStateMachine task thread for /0.0.0.0:39327 - 0 ] INFO  ratis.XceiverServerRatis (XceiverServerRatis.java:getRealPort(505)) - XceiverServerRatis ddfda897-e03d-4d19-9b1c-17acf61c97d5 is started using port 45499 for RATIS
2022-02-08 12:42:08,509 [org.apache.ratis.util.JvmPauseMonitor$$Lambda$431/624767945@31da6db6] INFO  util.JvmPauseMonitor (JvmPauseMonitor.java:run(103)) - JvmPauseMonitor-ddfda897-e03d-4d19-9b1c-17acf61c97d5: Started
2022-02-08 12:42:08,509 [EndpointStateMachine task thread for /0.0.0.0:39327 - 0 ] INFO  ratis.XceiverServerRatis (XceiverServerRatis.java:getRealPort(505)) - XceiverServerRatis ddfda897-e03d-4d19-9b1c-17acf61c97d5 is started using port 45499 for RATIS_ADMIN
2022-02-08 12:42:08,509 [EndpointStateMachine task thread for /0.0.0.0:39327 - 0 ] INFO  ratis.XceiverServerRatis (XceiverServerRatis.java:getRealPort(505)) - XceiverServerRatis ddfda897-e03d-4d19-9b1c-17acf61c97d5 is started using port 45499 for RATIS_SERVER
2022-02-08 12:42:08,515 [EndpointStateMachine task thread for /0.0.0.0:39327 - 0 ] INFO  server.XceiverServerGrpc (XceiverServerGrpc.java:start(180)) - XceiverServerGrpc ddfda897-e03d-4d19-9b1c-17acf61c97d5 is started using port 35713
2022-02-08 12:42:09,455 [Listener at 127.0.0.1/43683] INFO  ozone.MiniOzoneClusterImpl (MiniOzoneClusterImpl.java:lambda$waitForClusterToBeReady$0(219)) - Waiting for nodes to be ready. Got 0 of 3 DN Heartbeats.
2022-02-08 12:42:09,455 [Listener at 127.0.0.1/43683] INFO  ozone.MiniOzoneClusterImpl (MiniOzoneClusterImpl.java:lambda$waitForClusterToBeReady$0(222)) - Waiting for cluster to exit safe mode
2022-02-08 12:42:09,456 [Listener at 127.0.0.1/43683] INFO  ozone.MiniOzoneClusterImpl (MiniOzoneClusterImpl.java:lambda$waitForClusterToBeReady$0(224)) - SCM became leader
2022-02-08 12:42:09,726 [IPC Server handler 1 on default port 39327] INFO  net.NetworkTopologyImpl (NetworkTopologyImpl.java:add(112)) - Added a new node: /default-rack/2bb38a5d-0509-4181-8b7b-057f495cfd4a
2022-02-08 12:42:09,726 [IPC Server handler 1 on default port 39327] INFO  node.SCMNodeManager (SCMNodeManager.java:register(389)) - Registered Data node : 2bb38a5d-0509-4181-8b7b-057f495cfd4a{ip: 10.1.0.54, host: fv-az122-430.zf1tlrj3kn4expqppa1j4mpycf.xx.internal.cloudapp.net, ports: [REPLICATION=34267, RATIS=35129, RATIS_ADMIN=35129, RATIS_SERVER=35129, STANDALONE=41585], networkLocation: /default-rack, certSerialId: null, persistedOpState: null, persistedOpStateExpiryEpochSec: 0}
2022-02-08 12:42:09,727 [EventQueue-NewNodeForNewNodeHandler] INFO  pipeline.BackgroundPipelineCreator (BackgroundPipelineCreator.java:notifyEventTriggered(285)) - trigger a one-shot run on RatisPipelineUtilsThread.
2022-02-08 12:42:09,728 [RatisPipelineUtilsThread - 0] INFO  pipeline.RatisPipelineProvider (RatisPipelineProvider.java:lambda$create$0(183)) - Sending CreatePipelineCommand for pipeline:PipelineID=d8efb69f-84a5-4573-805f-c0dc1d3c2ae8 to datanode:2bb38a5d-0509-4181-8b7b-057f495cfd4a
2022-02-08 12:42:09,730 [EventQueue-NodeRegistrationContainerReportForDataNodeSafeModeRule] INFO  safemode.SCMSafeModeManager (DataNodeSafeModeRule.java:process(71)) - SCM in safe mode. 1 DataNodes registered, 3 required.
2022-02-08 12:42:09,750 [EventQueue-NodeRegistrationContainerReportForContainerSafeModeRule] INFO  safemode.SCMSafeModeManager (SCMSafeModeManager.java:validateSafeModeExitRules(204)) - ContainerSafeModeRule rule is successfully validated
2022-02-08 12:42:09,764 [EventQueue-PipelineReportForOneReplicaPipelineSafeModeRule] INFO  safemode.SCMSafeModeManager (SCMSafeModeManager.java:validateSafeModeExitRules(204)) - AtleastOneDatanodeReportedRule rule is successfully validated
2022-02-08 12:42:09,801 [783707b5-d5e8-417f-9e8a-1f11149e73f9@group-AE8B8AC18067-StateMachineUpdater] INFO  pipeline.PipelineStateManagerImpl (PipelineStateManagerImpl.java:addPipeline(101)) - Created pipeline Pipeline[ Id: d8efb69f-84a5-4573-805f-c0dc1d3c2ae8, Nodes: 2bb38a5d-0509-4181-8b7b-057f495cfd4a{ip: 10.1.0.54, host: fv-az122-430.zf1tlrj3kn4expqppa1j4mpycf.xx.internal.cloudapp.net, ports: [REPLICATION=34267, RATIS=35129, RATIS_ADMIN=35129, RATIS_SERVER=35129, STANDALONE=41585], networkLocation: /default-rack, certSerialId: null, persistedOpState: IN_SERVICE, persistedOpStateExpiryEpochSec: 0}, ReplicationConfig: RATIS/ONE, State:ALLOCATED, leaderId:, CreationTimestamp2022-02-08T12:42:09.728Z[Etc/UTC]].
2022-02-08 12:42:09,802 [783707b5-d5e8-417f-9e8a-1f11149e73f9@group-AE8B8AC18067-StateMachineUpdater] INFO  safemode.HealthyPipelineSafeModeRule (HealthyPipelineSafeModeRule.java:initializeRule(152)) - Refreshed total pipeline count is 0, healthy pipeline threshold count is 1
2022-02-08 12:42:10,053 [IPC Server handler 2 on default port 39327] INFO  net.NetworkTopologyImpl (NetworkTopologyImpl.java:add(112)) - Added a new node: /default-rack/49948d64-f13f-4dea-ab4c-a99dcf6a29cc
2022-02-08 12:42:10,056 [IPC Server handler 2 on default port 39327] INFO  node.SCMNodeManager (SCMNodeManager.java:register(389)) - Registered Data node : 49948d64-f13f-4dea-ab4c-a99dcf6a29cc{ip: 10.1.0.54, host: fv-az122-430.zf1tlrj3kn4expqppa1j4mpycf.xx.internal.cloudapp.net, ports: [REPLICATION=33965, RATIS=40329, RATIS_ADMIN=40329, RATIS_SERVER=40329, STANDALONE=43697], networkLocation: /default-rack, certSerialId: null, persistedOpState: null, persistedOpStateExpiryEpochSec: 0}
2022-02-08 12:42:10,056 [EventQueue-NewNodeForNewNodeHandler] INFO  pipeline.BackgroundPipelineCreator (BackgroundPipelineCreator.java:notifyEventTriggered(285)) - trigger a one-shot run on RatisPipelineUtilsThread.
2022-02-08 12:42:10,057 [EventQueue-NodeRegistrationContainerReportForDataNodeSafeModeRule] INFO  safemode.SCMSafeModeManager (DataNodeSafeModeRule.java:process(71)) - SCM in safe mode. 2 DataNodes registered, 3 required.
2022-02-08 12:42:10,079 [RatisPipelineUtilsThread - 0] INFO  pipeline.RatisPipelineProvider (RatisPipelineProvider.java:lambda$create$0(183)) - Sending CreatePipelineCommand for pipeline:PipelineID=c825ce4c-d337-4d58-8d7f-7fdca6924737 to datanode:49948d64-f13f-4dea-ab4c-a99dcf6a29cc
2022-02-08 12:42:10,081 [783707b5-d5e8-417f-9e8a-1f11149e73f9@group-AE8B8AC18067-StateMachineUpdater] INFO  pipeline.PipelineStateManagerImpl (PipelineStateManagerImpl.java:addPipeline(101)) - Created pipeline Pipeline[ Id: c825ce4c-d337-4d58-8d7f-7fdca6924737, Nodes: 49948d64-f13f-4dea-ab4c-a99dcf6a29cc{ip: 10.1.0.54, host: fv-az122-430.zf1tlrj3kn4expqppa1j4mpycf.xx.internal.cloudapp.net, ports: [REPLICATION=33965, RATIS=40329, RATIS_ADMIN=40329, RATIS_SERVER=40329, STANDALONE=43697], networkLocation: /default-rack, certSerialId: null, persistedOpState: IN_SERVICE, persistedOpStateExpiryEpochSec: 0}, ReplicationConfig: RATIS/ONE, State:ALLOCATED, leaderId:, CreationTimestamp2022-02-08T12:42:10.079Z[Etc/UTC]].
2022-02-08 12:42:10,081 [783707b5-d5e8-417f-9e8a-1f11149e73f9@group-AE8B8AC18067-StateMachineUpdater] INFO  safemode.HealthyPipelineSafeModeRule (HealthyPipelineSafeModeRule.java:initializeRule(152)) - Refreshed total pipeline count is 0, healthy pipeline threshold count is 1
2022-02-08 12:42:10,446 [IPC Server handler 0 on default port 39327] INFO  net.NetworkTopologyImpl (NetworkTopologyImpl.java:add(112)) - Added a new node: /default-rack/ddfda897-e03d-4d19-9b1c-17acf61c97d5
2022-02-08 12:42:10,447 [IPC Server handler 0 on default port 39327] INFO  node.SCMNodeManager (SCMNodeManager.java:register(389)) - Registered Data node : ddfda897-e03d-4d19-9b1c-17acf61c97d5{ip: 10.1.0.54, host: fv-az122-430.zf1tlrj3kn4expqppa1j4mpycf.xx.internal.cloudapp.net, ports: [REPLICATION=36043, RATIS=45499, RATIS_ADMIN=45499, RATIS_SERVER=45499, STANDALONE=35713], networkLocation: /default-rack, certSerialId: null, persistedOpState: null, persistedOpStateExpiryEpochSec: 0}
2022-02-08 12:42:10,447 [EventQueue-NewNodeForNewNodeHandler] INFO  pipeline.BackgroundPipelineCreator (BackgroundPipelineCreator.java:notifyEventTriggered(285)) - trigger a one-shot run on RatisPipelineUtilsThread.
2022-02-08 12:42:10,447 [RatisPipelineUtilsThread - 0] INFO  pipeline.RatisPipelineProvider (RatisPipelineProvider.java:lambda$create$0(183)) - Sending CreatePipelineCommand for pipeline:PipelineID=31cb5ce9-1afb-43f8-992c-c6423b7b2888 to datanode:ddfda897-e03d-4d19-9b1c-17acf61c97d5
2022-02-08 12:42:10,448 [EventQueue-NodeRegistrationContainerReportForDataNodeSafeModeRule] INFO  safemode.SCMSafeModeManager (DataNodeSafeModeRule.java:process(71)) - SCM in safe mode. 3 DataNodes registered, 3 required.
2022-02-08 12:42:10,448 [EventQueue-NodeRegistrationContainerReportForDataNodeSafeModeRule] INFO  safemode.SCMSafeModeManager (SCMSafeModeManager.java:validateSafeModeExitRules(204)) - DataNodeSafeModeRule rule is successfully validated
2022-02-08 12:42:10,448 [EventQueue-NodeRegistrationContainerReportForDataNodeSafeModeRule] INFO  safemode.SCMSafeModeManager (SCMSafeModeManager.java:completePreCheck(233)) - All SCM safe mode pre check rules have passed
2022-02-08 12:42:10,448 [EventQueue-NodeRegistrationContainerReportForDataNodeSafeModeRule] WARN  events.EventQueue (EventQueue.java:fireEvent(194)) - No event handler registered for event TypedEvent{payloadType=SafeModeStatus, name='Safe mode status'}
2022-02-08 12:42:10,448 [EventQueue-NodeRegistrationContainerReportForDataNodeSafeModeRule] INFO  ha.SCMContext (SCMContext.java:updateSafeModeStatus(211)) - Update SafeModeStatus from SafeModeStatus{safeModeStatus=true, preCheckPassed=false} to SafeModeStatus{safeModeStatus=true, preCheckPassed=true}.
2022-02-08 12:42:10,448 [EventQueue-NodeRegistrationContainerReportForDataNodeSafeModeRule] INFO  pipeline.BackgroundPipelineCreator (BackgroundPipelineCreator.java:notifyEventTriggered(285)) - trigger a one-shot run on RatisPipelineUtilsThread.
2022-02-08 12:42:10,456 [783707b5-d5e8-417f-9e8a-1f11149e73f9@group-AE8B8AC18067-StateMachineUpdater] INFO  pipeline.PipelineStateManagerImpl (PipelineStateManagerImpl.java:addPipeline(101)) - Created pipeline Pipeline[ Id: 31cb5ce9-1afb-43f8-992c-c6423b7b2888, Nodes: ddfda897-e03d-4d19-9b1c-17acf61c97d5{ip: 10.1.0.54, host: fv-az122-430.zf1tlrj3kn4expqppa1j4mpycf.xx.internal.cloudapp.net, ports: [REPLICATION=36043, RATIS=45499, RATIS_ADMIN=45499, RATIS_SERVER=45499, STANDALONE=35713], networkLocation: /default-rack, certSerialId: null, persistedOpState: IN_SERVICE, persistedOpStateExpiryEpochSec: 0}, ReplicationConfig: RATIS/ONE, State:ALLOCATED, leaderId:, CreationTimestamp2022-02-08T12:42:10.447Z[Etc/UTC]].
2022-02-08 12:42:10,456 [Listener at 127.0.0.1/43683] INFO  ozone.MiniOzoneClusterImpl (MiniOzoneClusterImpl.java:lambda$waitForClusterToBeReady$0(219)) - Nodes are ready. Got 3 of 3 DN Heartbeats.
2022-02-08 12:42:10,456 [Listener at 127.0.0.1/43683] INFO  ozone.MiniOzoneClusterImpl (MiniOzoneClusterImpl.java:lambda$waitForClusterToBeReady$0(222)) - Waiting for cluster to exit safe mode
2022-02-08 12:42:10,456 [Listener at 127.0.0.1/43683] INFO  ozone.MiniOzoneClusterImpl (MiniOzoneClusterImpl.java:lambda$waitForClusterToBeReady$0(224)) - SCM became leader
2022-02-08 12:42:10,457 [783707b5-d5e8-417f-9e8a-1f11149e73f9@group-AE8B8AC18067-StateMachineUpdater] INFO  safemode.HealthyPipelineSafeModeRule (HealthyPipelineSafeModeRule.java:initializeRule(152)) - Refreshed total pipeline count is 0, healthy pipeline threshold count is 1
2022-02-08 12:42:10,467 [RatisPipelineUtilsThread - 0] INFO  pipeline.RatisPipelineProvider (RatisPipelineProvider.java:lambda$create$0(183)) - Sending CreatePipelineCommand for pipeline:PipelineID=11834e7a-92ed-43f2-b9d8-885a5af52b02 to datanode:49948d64-f13f-4dea-ab4c-a99dcf6a29cc
2022-02-08 12:42:10,467 [RatisPipelineUtilsThread - 0] INFO  pipeline.RatisPipelineProvider (RatisPipelineProvider.java:lambda$create$0(183)) - Sending CreatePipelineCommand for pipeline:PipelineID=11834e7a-92ed-43f2-b9d8-885a5af52b02 to datanode:ddfda897-e03d-4d19-9b1c-17acf61c97d5
2022-02-08 12:42:10,467 [RatisPipelineUtilsThread - 0] INFO  pipeline.RatisPipelineProvider (RatisPipelineProvider.java:lambda$create$0(183)) - Sending CreatePipelineCommand for pipeline:PipelineID=11834e7a-92ed-43f2-b9d8-885a5af52b02 to datanode:2bb38a5d-0509-4181-8b7b-057f495cfd4a
2022-02-08 12:42:10,469 [783707b5-d5e8-417f-9e8a-1f11149e73f9@group-AE8B8AC18067-StateMachineUpdater] INFO  pipeline.PipelineStateManagerImpl (PipelineStateManagerImpl.java:addPipeline(101)) - Created pipeline Pipeline[ Id: 11834e7a-92ed-43f2-b9d8-885a5af52b02, Nodes: 49948d64-f13f-4dea-ab4c-a99dcf6a29cc{ip: 10.1.0.54, host: fv-az122-430.zf1tlrj3kn4expqppa1j4mpycf.xx.internal.cloudapp.net, ports: [REPLICATION=33965, RATIS=40329, RATIS_ADMIN=40329, RATIS_SERVER=40329, STANDALONE=43697], networkLocation: /default-rack, certSerialId: null, persistedOpState: IN_SERVICE, persistedOpStateExpiryEpochSec: 0}ddfda897-e03d-4d19-9b1c-17acf61c97d5{ip: 10.1.0.54, host: fv-az122-430.zf1tlrj3kn4expqppa1j4mpycf.xx.internal.cloudapp.net, ports: [REPLICATION=36043, RATIS=45499, RATIS_ADMIN=45499, RATIS_SERVER=45499, STANDALONE=35713], networkLocation: /default-rack, certSerialId: null, persistedOpState: IN_SERVICE, persistedOpStateExpiryEpochSec: 0}2bb38a5d-0509-4181-8b7b-057f495cfd4a{ip: 10.1.0.54, host: fv-az122-430.zf1tlrj3kn4expqppa1j4mpycf.xx.internal.cloudapp.net, ports: [REPLICATION=34267, RATIS=35129, RATIS_ADMIN=35129, RATIS_SERVER=35129, STANDALONE=41585], networkLocation: /default-rack, certSerialId: null, persistedOpState: IN_SERVICE, persistedOpStateExpiryEpochSec: 0}, ReplicationConfig: RATIS/THREE, State:ALLOCATED, leaderId:, CreationTimestamp2022-02-08T12:42:10.467Z[Etc/UTC]].
2022-02-08 12:42:10,469 [783707b5-d5e8-417f-9e8a-1f11149e73f9@group-AE8B8AC18067-StateMachineUpdater] INFO  safemode.HealthyPipelineSafeModeRule (HealthyPipelineSafeModeRule.java:initializeRule(152)) - Refreshed total pipeline count is 0, healthy pipeline threshold count is 1
2022-02-08 12:42:11,456 [Listener at 127.0.0.1/43683] INFO  ozone.MiniOzoneClusterImpl (MiniOzoneClusterImpl.java:lambda$waitForClusterToBeReady$0(219)) - Nodes are ready. Got 3 of 3 DN Heartbeats.
2022-02-08 12:42:11,458 [Listener at 127.0.0.1/43683] INFO  ozone.MiniOzoneClusterImpl (MiniOzoneClusterImpl.java:lambda$waitForClusterToBeReady$0(222)) - Waiting for cluster to exit safe mode
2022-02-08 12:42:11,458 [Listener at 127.0.0.1/43683] INFO  ozone.MiniOzoneClusterImpl (MiniOzoneClusterImpl.java:lambda$waitForClusterToBeReady$0(224)) - SCM became leader
2022-02-08 12:42:12,458 [Listener at 127.0.0.1/43683] INFO  ozone.MiniOzoneClusterImpl (MiniOzoneClusterImpl.java:lambda$waitForClusterToBeReady$0(219)) - Nodes are ready. Got 3 of 3 DN Heartbeats.
2022-02-08 12:42:12,458 [Listener at 127.0.0.1/43683] INFO  ozone.MiniOzoneClusterImpl (MiniOzoneClusterImpl.java:lambda$waitForClusterToBeReady$0(222)) - Waiting for cluster to exit safe mode
2022-02-08 12:42:12,458 [Listener at 127.0.0.1/43683] INFO  ozone.MiniOzoneClusterImpl (MiniOzoneClusterImpl.java:lambda$waitForClusterToBeReady$0(224)) - SCM became leader
2022-02-08 12:42:12,723 [Command processor thread] INFO  server.RaftServer (RaftServerProxy.java:addNew(95)) - 2bb38a5d-0509-4181-8b7b-057f495cfd4a: addNew group-C0DC1D3C2AE8:[2bb38a5d-0509-4181-8b7b-057f495cfd4a|rpc:10.1.0.54:35129|priority:1] returns group-C0DC1D3C2AE8:java.util.concurrent.CompletableFuture@32fd9893[Not completed]
2022-02-08 12:42:12,738 [pool-241-thread-1] INFO  server.RaftServer$Division (RaftServerImpl.java:<init>(184)) - 2bb38a5d-0509-4181-8b7b-057f495cfd4a: new RaftServerImpl for group-C0DC1D3C2AE8:[2bb38a5d-0509-4181-8b7b-057f495cfd4a|rpc:10.1.0.54:35129|priority:1] with ContainerStateMachine:uninitialized
2022-02-08 12:42:12,748 [pool-241-thread-1] INFO  server.RaftServerConfigKeys (ConfUtils.java:logGet(44)) - raft.server.rpc.timeout.min = 5s (custom)
2022-02-08 12:42:12,749 [pool-241-thread-1] INFO  server.RaftServerConfigKeys (ConfUtils.java:logGet(44)) - raft.server.rpc.timeout.max = 5200ms (custom)
2022-02-08 12:42:12,750 [pool-241-thread-1] INFO  server.RaftServerConfigKeys (ConfUtils.java:logGet(44)) - raft.server.rpc.sleep.time = 25ms (default)
2022-02-08 12:42:12,750 [pool-241-thread-1] INFO  server.RaftServerConfigKeys (ConfUtils.java:logGet(44)) - raft.server.rpc.slowness.timeout = 300s (custom)
2022-02-08 12:42:12,750 [pool-241-thread-1] INFO  server.RaftServerConfigKeys (ConfUtils.java:logGet(44)) - raft.server.leaderelection.leader.step-down.wait-time = 10s (default)
2022-02-08 12:42:12,750 [pool-241-thread-1] INFO  server.RaftServerConfigKeys (ConfUtils.java:logGet(44)) - raft.server.sleep.deviation.threshold = 300ms (default)
2022-02-08 12:42:12,750 [pool-241-thread-1] INFO  server.RaftServerConfigKeys (ConfUtils.java:logGet(44)) - raft.server.log.appender.install.snapshot.enabled = false (custom)
2022-02-08 12:42:12,750 [pool-241-thread-1] INFO  server.RaftServer$Division (ServerState.java:<init>(105)) - 2bb38a5d-0509-4181-8b7b-057f495cfd4a@group-C0DC1D3C2AE8: ConfigurationManager, init=-1: [2bb38a5d-0509-4181-8b7b-057f495cfd4a|rpc:10.1.0.54:35129|priority:1], old=null, confs=<EMPTY_MAP>
2022-02-08 12:42:12,750 [pool-241-thread-1] INFO  server.RaftServerConfigKeys (ConfUtils.java:logGet(44)) - raft.server.storage.dir = [/home/runner/work/ozone/ozone/hadoop-ozone/integration-test/target/test-dir/MiniOzoneClusterImpl-d9fbf9ff-2b62-4fa3-b93a-ae8b8ac18067/datanode-0/data/ratis] (custom)
2022-02-08 12:42:12,751 [pool-241-thread-1] INFO  server.RaftServerConfigKeys (ConfUtils.java:logGet(44)) - raft.server.log.corruption.policy = EXCEPTION (default)
2022-02-08 12:42:12,751 [pool-241-thread-1] INFO  server.RaftServerConfigKeys (ConfUtils.java:logGet(44)) - raft.server.storage.free-space.min = 0MB (=0) (default)
2022-02-08 12:42:12,751 [pool-241-thread-1] INFO  storage.RaftStorageDirectory (RaftStorageDirectoryImpl.java:analyzeStorage(135)) - The storage directory /home/runner/work/ozone/ozone/hadoop-ozone/integration-test/target/test-dir/MiniOzoneClusterImpl-d9fbf9ff-2b62-4fa3-b93a-ae8b8ac18067/datanode-0/data/ratis/d8efb69f-84a5-4573-805f-c0dc1d3c2ae8 does not exist. Creating ...
2022-02-08 12:42:12,755 [pool-241-thread-1] INFO  storage.RaftStorageDirectory (RaftStorageDirectoryImpl.java:tryLock(230)) - Lock on /home/runner/work/ozone/ozone/hadoop-ozone/integration-test/target/test-dir/MiniOzoneClusterImpl-d9fbf9ff-2b62-4fa3-b93a-ae8b8ac18067/datanode-0/data/ratis/d8efb69f-84a5-4573-805f-c0dc1d3c2ae8/in_use.lock acquired by nodename 23558@fv-az122-430
2022-02-08 12:42:12,761 [pool-241-thread-1] INFO  storage.RaftStorage (RaftStorageImpl.java:format(89)) - Storage directory /home/runner/work/ozone/ozone/hadoop-ozone/integration-test/target/test-dir/MiniOzoneClusterImpl-d9fbf9ff-2b62-4fa3-b93a-ae8b8ac18067/datanode-0/data/ratis/d8efb69f-84a5-4573-805f-c0dc1d3c2ae8 has been successfully formatted.
2022-02-08 12:42:12,778 [pool-241-thread-1] INFO  ratis.ContainerStateMachine (ContainerStateMachine.java:loadSnapshot(231)) - group-C0DC1D3C2AE8: The snapshot info is null. Setting the last applied indexto:(t:0, i:~)
2022-02-08 12:42:12,778 [pool-241-thread-1] INFO  server.RaftServerConfigKeys (ConfUtils.java:logGet(44)) - raft.server.notification.no-leader.timeout = 300s (custom)
2022-02-08 12:42:12,778 [pool-241-thread-1] INFO  server.RaftServerConfigKeys (ConfUtils.java:logGet(44)) - raft.server.log.use.memory = false (default)
2022-02-08 12:42:12,778 [pool-241-thread-1] INFO  server.RaftServerConfigKeys (ConfUtils.java:logGet(44)) - raft.server.log.purge.gap = 1000000 (custom)
2022-02-08 12:42:12,779 [pool-241-thread-1] INFO  server.RaftServerConfigKeys (ConfUtils.java:logGet(44)) - raft.server.log.appender.buffer.byte-limit = 33554432 (custom)
2022-02-08 12:42:12,779 [pool-241-thread-1] INFO  server.RaftServerConfigKeys (ConfUtils.java:logGet(44)) - raft.server.log.segment.size.max = 1048576 (custom)
2022-02-08 12:42:12,780 [EventQueue-PipelineReportForPipelineReportHandler] INFO  pipeline.PipelineManagerImpl (PipelineManagerImpl.java:openPipeline(291)) - Pipeline Pipeline[ Id: d8efb69f-84a5-4573-805f-c0dc1d3c2ae8, Nodes: 2bb38a5d-0509-4181-8b7b-057f495cfd4a{ip: 10.1.0.54, host: fv-az122-430.zf1tlrj3kn4expqppa1j4mpycf.xx.internal.cloudapp.net, ports: [REPLICATION=34267, RATIS=35129, RATIS_ADMIN=35129, RATIS_SERVER=35129, STANDALONE=41585], networkLocation: /default-rack, certSerialId: null, persistedOpState: IN_SERVICE, persistedOpStateExpiryEpochSec: 0}, ReplicationConfig: RATIS/ONE, State:ALLOCATED, leaderId:2bb38a5d-0509-4181-8b7b-057f495cfd4a, CreationTimestamp2022-02-08T12:42:09.728Z[Etc/UTC]] moved to OPEN state
2022-02-08 12:42:12,782 [pool-241-thread-1] INFO  server.RaftServerConfigKeys (ConfUtils.java:logGet(44)) - raft.server.log.segment.cache.num.max = 2 (custom)
2022-02-08 12:42:12,783 [pool-241-thread-1] INFO  server.RaftServerConfigKeys (ConfUtils.java:logGet(44)) - raft.server.log.segment.cache.size.max = 200MB (=209715200) (default)
2022-02-08 12:42:12,784 [pool-241-thread-1] INFO  segmented.SegmentedRaftLogWorker (SegmentedRaftLogWorker.java:<init>(182)) - new 2bb38a5d-0509-4181-8b7b-057f495cfd4a@group-C0DC1D3C2AE8-SegmentedRaftLogWorker for RaftStorageImpl:Storage Directory /home/runner/work/ozone/ozone/hadoop-ozone/integration-test/target/test-dir/MiniOzoneClusterImpl-d9fbf9ff-2b62-4fa3-b93a-ae8b8ac18067/datanode-0/data/ratis/d8efb69f-84a5-4573-805f-c0dc1d3c2ae8
2022-02-08 12:42:12,784 [pool-241-thread-1] INFO  server.RaftServerConfigKeys (ConfUtils.java:logGet(44)) - raft.server.log.queue.byte-limit = 2147483647 (custom)
2022-02-08 12:42:12,784 [pool-241-thread-1] INFO  server.RaftServerConfigKeys (ConfUtils.java:logGet(44)) - raft.server.log.queue.element-limit = 1024 (custom)
2022-02-08 12:42:12,784 [pool-241-thread-1] INFO  server.RaftServerConfigKeys (ConfUtils.java:logGet(44)) - raft.server.log.segment.size.max = 1048576 (custom)
2022-02-08 12:42:12,784 [pool-241-thread-1] INFO  server.RaftServerConfigKeys (ConfUtils.java:logGet(44)) - raft.server.log.preallocated.size = 16384 (custom)
2022-02-08 12:42:12,784 [pool-241-thread-1] INFO  server.RaftServerConfigKeys (ConfUtils.java:logGet(44)) - raft.server.log.force.sync.num = 128 (default)
2022-02-08 12:42:12,786 [pool-241-thread-1] INFO  server.RaftServerConfigKeys (ConfUtils.java:logGet(44)) - raft.server.log.statemachine.data.sync = true (default)
2022-02-08 12:42:12,786 [pool-241-thread-1] INFO  server.RaftServerConfigKeys (ConfUtils.java:logGet(44)) - raft.server.log.statemachine.data.sync.timeout = 10s (default)
2022-02-08 12:42:12,791 [783707b5-d5e8-417f-9e8a-1f11149e73f9@group-AE8B8AC18067-StateMachineUpdater] INFO  safemode.HealthyPipelineSafeModeRule (HealthyPipelineSafeModeRule.java:initializeRule(152)) - Refreshed total pipeline count is 0, healthy pipeline threshold count is 1
2022-02-08 12:42:12,793 [pool-241-thread-1] INFO  server.RaftServerConfigKeys (ConfUtils.java:logGet(44)) - raft.server.log.statemachine.data.sync.timeout.retry = -1 (default)
2022-02-08 12:42:12,801 [EventQueue-OpenPipelineForHealthyPipelineSafeModeRule] INFO  safemode.SCMSafeModeManager (HealthyPipelineSafeModeRule.java:process(124)) - SCM in safe mode. Healthy pipelines reported count is 0, required healthy pipeline reported count is 1
2022-02-08 12:42:12,802 [pool-241-thread-1] INFO  server.RaftServerConfigKeys (ConfUtils.java:logGet(44)) - raft.server.log.write.buffer.size = 1048576 (custom)
2022-02-08 12:42:12,803 [pool-241-thread-1] INFO  server.RaftServerConfigKeys (ConfUtils.java:logGet(44)) - raft.server.log.statemachine.data.caching.enabled = true (custom)
2022-02-08 12:42:12,803 [pool-241-thread-1] INFO  segmented.SegmentedRaftLogWorker (SegmentedRaftLogWorker.java:lambda$new$0(133)) - 2bb38a5d-0509-4181-8b7b-057f495cfd4a@group-C0DC1D3C2AE8-SegmentedRaftLogWorker: flushIndex: setUnconditionally 0 -> -1
2022-02-08 12:42:12,803 [pool-241-thread-1] INFO  segmented.SegmentedRaftLogWorker (SegmentedRaftLogWorker.java:lambda$new$0(133)) - 2bb38a5d-0509-4181-8b7b-057f495cfd4a@group-C0DC1D3C2AE8-SegmentedRaftLogWorker: safeCacheEvictIndex: setUnconditionally 0 -> -1
2022-02-08 12:42:12,805 [pool-241-thread-1] INFO  server.RaftServerConfigKeys (ConfUtils.java:logGet(44)) - raft.server.snapshot.auto.trigger.enabled = true (custom)
2022-02-08 12:42:12,806 [pool-241-thread-1] INFO  server.RaftServerConfigKeys (ConfUtils.java:logGet(44)) - raft.server.snapshot.auto.trigger.threshold = 10000 (custom)
2022-02-08 12:42:12,806 [pool-241-thread-1] INFO  server.RaftServerConfigKeys (ConfUtils.java:logGet(44)) - raft.server.snapshot.retention.file.num = 5 (custom)
2022-02-08 12:42:12,806 [pool-241-thread-1] INFO  server.RaftServerConfigKeys (ConfUtils.java:logGet(44)) - raft.server.log.purge.upto.snapshot.index = false (default)
2022-02-08 12:42:12,806 [pool-241-thread-1] INFO  server.RaftServerConfigKeys (ConfUtils.java:logGet(44)) - raft.server.retrycache.expirytime = 600000ms (custom)
2022-02-08 12:42:12,806 [pool-241-thread-1] INFO  server.RaftServerConfigKeys (ConfUtils.java:logGet(44)) - raft.server.retrycache.statistics.expirytime = 100μs (default)
2022-02-08 12:42:12,808 [pool-241-thread-1] INFO  server.RaftServer$Division (RaftServerImpl.java:start(301)) - 2bb38a5d-0509-4181-8b7b-057f495cfd4a@group-C0DC1D3C2AE8: start as a follower, conf=-1: [2bb38a5d-0509-4181-8b7b-057f495cfd4a|rpc:10.1.0.54:35129|priority:1], old=null
2022-02-08 12:42:12,810 [pool-241-thread-1] INFO  server.RaftServer$Division (RaftServerImpl.java:setRole(290)) - 2bb38a5d-0509-4181-8b7b-057f495cfd4a@group-C0DC1D3C2AE8: changes role from      null to FOLLOWER at term 0 for startAsFollower
2022-02-08 12:42:12,812 [pool-241-thread-1] INFO  impl.RoleInfo (RoleInfo.java:updateAndGet(130)) - 2bb38a5d-0509-4181-8b7b-057f495cfd4a: start 2bb38a5d-0509-4181-8b7b-057f495cfd4a@group-C0DC1D3C2AE8-FollowerState
2022-02-08 12:42:12,821 [pool-241-thread-1] INFO  util.JmxRegister (JmxRegister.java:tryRegister(44)) - Successfully registered JMX Bean with object name Ratis:service=RaftServer,group=group-C0DC1D3C2AE8,id=2bb38a5d-0509-4181-8b7b-057f495cfd4a
2022-02-08 12:42:12,827 [Command processor thread] INFO  ratis.XceiverServerRatis (XceiverServerRatis.java:addGroup(768)) - Created group PipelineID=d8efb69f-84a5-4573-805f-c0dc1d3c2ae8
2022-02-08 12:42:12,827 [Command processor thread] INFO  commandhandler.CreatePipelineCommandHandler (CreatePipelineCommandHandler.java:handle(106)) - Created Pipeline RATIS ONE PipelineID=d8efb69f-84a5-4573-805f-c0dc1d3c2ae8.
2022-02-08 12:42:12,828 [Command processor thread] INFO  server.RaftServer (RaftServerProxy.java:addNew(95)) - 2bb38a5d-0509-4181-8b7b-057f495cfd4a: addNew group-885A5AF52B02:[2bb38a5d-0509-4181-8b7b-057f495cfd4a|rpc:10.1.0.54:35129|priority:0, ddfda897-e03d-4d19-9b1c-17acf61c97d5|rpc:10.1.0.54:45499|priority:0, 49948d64-f13f-4dea-ab4c-a99dcf6a29cc|rpc:10.1.0.54:40329|priority:1] returns group-885A5AF52B02:java.util.concurrent.CompletableFuture@36c20a14[Not completed]
2022-02-08 12:42:12,829 [pool-241-thread-1] INFO  server.RaftServer$Division (RaftServerImpl.java:<init>(184)) - 2bb38a5d-0509-4181-8b7b-057f495cfd4a: new RaftServerImpl for group-885A5AF52B02:[2bb38a5d-0509-4181-8b7b-057f495cfd4a|rpc:10.1.0.54:35129|priority:0, ddfda897-e03d-4d19-9b1c-17acf61c97d5|rpc:10.1.0.54:45499|priority:0, 49948d64-f13f-4dea-ab4c-a99dcf6a29cc|rpc:10.1.0.54:40329|priority:1] with ContainerStateMachine:uninitialized
2022-02-08 12:42:12,829 [pool-241-thread-1] INFO  server.RaftServerConfigKeys (ConfUtils.java:logGet(44)) - raft.server.rpc.timeout.min = 5s (custom)
2022-02-08 12:42:12,829 [pool-241-thread-1] INFO  server.RaftServerConfigKeys (ConfUtils.java:logGet(44)) - raft.server.rpc.timeout.max = 5200ms (custom)
2022-02-08 12:42:12,829 [pool-241-thread-1] INFO  server.RaftServerConfigKeys (ConfUtils.java:logGet(44)) - raft.server.rpc.sleep.time = 25ms (default)
2022-02-08 12:42:12,829 [pool-241-thread-1] INFO  server.RaftServerConfigKeys (ConfUtils.java:logGet(44)) - raft.server.rpc.slowness.timeout = 300s (custom)
2022-02-08 12:42:12,829 [pool-241-thread-1] INFO  server.RaftServerConfigKeys (ConfUtils.java:logGet(44)) - raft.server.leaderelection.leader.step-down.wait-time = 10s (default)
2022-02-08 12:42:12,829 [pool-241-thread-1] INFO  server.RaftServerConfigKeys (ConfUtils.java:logGet(44)) - raft.server.sleep.deviation.threshold = 300ms (default)
2022-02-08 12:42:12,829 [pool-241-thread-1] INFO  server.RaftServerConfigKeys (ConfUtils.java:logGet(44)) - raft.server.log.appender.install.snapshot.enabled = false (custom)
2022-02-08 12:42:12,829 [pool-241-thread-1] INFO  server.RaftServer$Division (ServerState.java:<init>(105)) - 2bb38a5d-0509-4181-8b7b-057f495cfd4a@group-885A5AF52B02: ConfigurationManager, init=-1: [2bb38a5d-0509-4181-8b7b-057f495cfd4a|rpc:10.1.0.54:35129|priority:0, ddfda897-e03d-4d19-9b1c-17acf61c97d5|rpc:10.1.0.54:45499|priority:0, 49948d64-f13f-4dea-ab4c-a99dcf6a29cc|rpc:10.1.0.54:40329|priority:1], old=null, confs=<EMPTY_MAP>
2022-02-08 12:42:12,830 [pool-241-thread-1] INFO  server.RaftServerConfigKeys (ConfUtils.java:logGet(44)) - raft.server.storage.dir = [/home/runner/work/ozone/ozone/hadoop-ozone/integration-test/target/test-dir/MiniOzoneClusterImpl-d9fbf9ff-2b62-4fa3-b93a-ae8b8ac18067/datanode-0/data/ratis] (custom)
2022-02-08 12:42:12,830 [pool-241-thread-1] INFO  server.RaftServerConfigKeys (ConfUtils.java:logGet(44)) - raft.server.log.corruption.policy = EXCEPTION (default)
2022-02-08 12:42:12,830 [pool-241-thread-1] INFO  server.RaftServerConfigKeys (ConfUtils.java:logGet(44)) - raft.server.storage.free-space.min = 0MB (=0) (default)
2022-02-08 12:42:12,830 [pool-241-thread-1] INFO  storage.RaftStorageDirectory (RaftStorageDirectoryImpl.java:analyzeStorage(135)) - The storage directory /home/runner/work/ozone/ozone/hadoop-ozone/integration-test/target/test-dir/MiniOzoneClusterImpl-d9fbf9ff-2b62-4fa3-b93a-ae8b8ac18067/datanode-0/data/ratis/11834e7a-92ed-43f2-b9d8-885a5af52b02 does not exist. Creating ...
2022-02-08 12:42:12,831 [pool-241-thread-1] INFO  storage.RaftStorageDirectory (RaftStorageDirectoryImpl.java:tryLock(230)) - Lock on /home/runner/work/ozone/ozone/hadoop-ozone/integration-test/target/test-dir/MiniOzoneClusterImpl-d9fbf9ff-2b62-4fa3-b93a-ae8b8ac18067/datanode-0/data/ratis/11834e7a-92ed-43f2-b9d8-885a5af52b02/in_use.lock acquired by nodename 23558@fv-az122-430
2022-02-08 12:42:12,833 [pool-241-thread-1] INFO  storage.RaftStorage (RaftStorageImpl.java:format(89)) - Storage directory /home/runner/work/ozone/ozone/hadoop-ozone/integration-test/target/test-dir/MiniOzoneClusterImpl-d9fbf9ff-2b62-4fa3-b93a-ae8b8ac18067/datanode-0/data/ratis/11834e7a-92ed-43f2-b9d8-885a5af52b02 has been successfully formatted.
2022-02-08 12:42:12,834 [pool-241-thread-1] INFO  ratis.ContainerStateMachine (ContainerStateMachine.java:loadSnapshot(231)) - group-885A5AF52B02: The snapshot info is null. Setting the last applied indexto:(t:0, i:~)
2022-02-08 12:42:12,836 [EventQueue-OpenPipelineForHealthyPipelineSafeModeRule] INFO  safemode.SCMSafeModeManager (HealthyPipelineSafeModeRule.java:process(124)) - SCM in safe mode. Healthy pipelines reported count is 0, required healthy pipeline reported count is 1
2022-02-08 12:42:12,837 [pool-241-thread-1] INFO  server.RaftServerConfigKeys (ConfUtils.java:logGet(44)) - raft.server.notification.no-leader.timeout = 300s (custom)
2022-02-08 12:42:12,838 [pool-241-thread-1] INFO  server.RaftServerConfigKeys (ConfUtils.java:logGet(44)) - raft.server.log.use.memory = false (default)
2022-02-08 12:42:12,838 [pool-241-thread-1] INFO  server.RaftServerConfigKeys (ConfUtils.java:logGet(44)) - raft.server.log.purge.gap = 1000000 (custom)
2022-02-08 12:42:12,839 [pool-241-thread-1] INFO  server.RaftServerConfigKeys (ConfUtils.java:logGet(44)) - raft.server.log.appender.buffer.byte-limit = 33554432 (custom)
2022-02-08 12:42:12,839 [pool-241-thread-1] INFO  server.RaftServerConfigKeys (ConfUtils.java:logGet(44)) - raft.server.log.segment.size.max = 1048576 (custom)
2022-02-08 12:42:12,839 [pool-241-thread-1] INFO  server.RaftServerConfigKeys (ConfUtils.java:logGet(44)) - raft.server.log.segment.cache.num.max = 2 (custom)
2022-02-08 12:42:12,840 [pool-241-thread-1] INFO  server.RaftServerConfigKeys (ConfUtils.java:logGet(44)) - raft.server.log.segment.cache.size.max = 200MB (=209715200) (default)
2022-02-08 12:42:12,840 [pool-241-thread-1] INFO  segmented.SegmentedRaftLogWorker (SegmentedRaftLogWorker.java:<init>(182)) - new 2bb38a5d-0509-4181-8b7b-057f495cfd4a@group-885A5AF52B02-SegmentedRaftLogWorker for RaftStorageImpl:Storage Directory /home/runner/work/ozone/ozone/hadoop-ozone/integration-test/target/test-dir/MiniOzoneClusterImpl-d9fbf9ff-2b62-4fa3-b93a-ae8b8ac18067/datanode-0/data/ratis/11834e7a-92ed-43f2-b9d8-885a5af52b02
2022-02-08 12:42:12,840 [pool-241-thread-1] INFO  server.RaftServerConfigKeys (ConfUtils.java:logGet(44)) - raft.server.log.queue.byte-limit = 2147483647 (custom)
2022-02-08 12:42:12,840 [pool-241-thread-1] INFO  server.RaftServerConfigKeys (ConfUtils.java:logGet(44)) - raft.server.log.queue.element-limit = 1024 (custom)
2022-02-08 12:42:12,840 [pool-241-thread-1] INFO  server.RaftServerConfigKeys (ConfUtils.java:logGet(44)) - raft.server.log.segment.size.max = 1048576 (custom)
2022-02-08 12:42:12,840 [pool-241-thread-1] INFO  server.RaftServerConfigKeys (ConfUtils.java:logGet(44)) - raft.server.log.preallocated.size = 16384 (custom)
2022-02-08 12:42:12,840 [pool-241-thread-1] INFO  server.RaftServerConfigKeys (ConfUtils.java:logGet(44)) - raft.server.log.force.sync.num = 128 (default)
2022-02-08 12:42:12,840 [pool-241-thread-1] INFO  server.RaftServerConfigKeys (ConfUtils.java:logGet(44)) - raft.server.log.statemachine.data.sync = true (default)
2022-02-08 12:42:12,841 [pool-241-thread-1] INFO  server.RaftServerConfigKeys (ConfUtils.java:logGet(44)) - raft.server.log.statemachine.data.sync.timeout = 10s (default)
2022-02-08 12:42:12,841 [pool-241-thread-1] INFO  server.RaftServerConfigKeys (ConfUtils.java:logGet(44)) - raft.server.log.statemachine.data.sync.timeout.retry = -1 (default)
2022-02-08 12:42:12,842 [pool-241-thread-1] INFO  server.RaftServerConfigKeys (ConfUtils.java:logGet(44)) - raft.server.log.write.buffer.size = 1048576 (custom)
2022-02-08 12:42:12,844 [pool-241-thread-1] INFO  server.RaftServerConfigKeys (ConfUtils.java:logGet(44)) - raft.server.log.statemachine.data.caching.enabled = true (custom)
2022-02-08 12:42:12,844 [pool-241-thread-1] INFO  segmented.SegmentedRaftLogWorker (SegmentedRaftLogWorker.java:lambda$new$0(133)) - 2bb38a5d-0509-4181-8b7b-057f495cfd4a@group-885A5AF52B02-SegmentedRaftLogWorker: flushIndex: setUnconditionally 0 -> -1
2022-02-08 12:42:12,844 [pool-241-thread-1] INFO  segmented.SegmentedRaftLogWorker (SegmentedRaftLogWorker.java:lambda$new$0(133)) - 2bb38a5d-0509-4181-8b7b-057f495cfd4a@group-885A5AF52B02-SegmentedRaftLogWorker: safeCacheEvictIndex: setUnconditionally 0 -> -1
2022-02-08 12:42:12,844 [pool-241-thread-1] INFO  server.RaftServerConfigKeys (ConfUtils.java:logGet(44)) - raft.server.snapshot.auto.trigger.enabled = true (custom)
2022-02-08 12:42:12,844 [pool-241-thread-1] INFO  server.RaftServerConfigKeys (ConfUtils.java:logGet(44)) - raft.server.snapshot.auto.trigger.threshold = 10000 (custom)
2022-02-08 12:42:12,845 [pool-241-thread-1] INFO  server.RaftServerConfigKeys (ConfUtils.java:logGet(44)) - raft.server.snapshot.retention.file.num = 5 (custom)
2022-02-08 12:42:12,845 [pool-241-thread-1] INFO  server.RaftServerConfigKeys (ConfUtils.java:logGet(44)) - raft.server.log.purge.upto.snapshot.index = false (default)
2022-02-08 12:42:12,845 [pool-241-thread-1] INFO  server.RaftServerConfigKeys (ConfUtils.java:logGet(44)) - raft.server.retrycache.expirytime = 600000ms (custom)
2022-02-08 12:42:12,845 [pool-241-thread-1] INFO  server.RaftServerConfigKeys (ConfUtils.java:logGet(44)) - raft.server.retrycache.statistics.expirytime = 100μs (default)
2022-02-08 12:42:12,847 [pool-241-thread-1] INFO  server.RaftServer$Division (RaftServerImpl.java:start(301)) - 2bb38a5d-0509-4181-8b7b-057f495cfd4a@group-885A5AF52B02: start as a follower, conf=-1: [2bb38a5d-0509-4181-8b7b-057f495cfd4a|rpc:10.1.0.54:35129|priority:0, ddfda897-e03d-4d19-9b1c-17acf61c97d5|rpc:10.1.0.54:45499|priority:0, 49948d64-f13f-4dea-ab4c-a99dcf6a29cc|rpc:10.1.0.54:40329|priority:1], old=null
2022-02-08 12:42:12,847 [pool-241-thread-1] INFO  server.RaftServer$Division (RaftServerImpl.java:setRole(290)) - 2bb38a5d-0509-4181-8b7b-057f495cfd4a@group-885A5AF52B02: changes role from      null to FOLLOWER at term 0 for startAsFollower
2022-02-08 12:42:12,847 [pool-241-thread-1] INFO  impl.RoleInfo (RoleInfo.java:updateAndGet(130)) - 2bb38a5d-0509-4181-8b7b-057f495cfd4a: start 2bb38a5d-0509-4181-8b7b-057f495cfd4a@group-885A5AF52B02-FollowerState
2022-02-08 12:42:12,847 [pool-241-thread-1] INFO  util.JmxRegister (JmxRegister.java:tryRegister(44)) - Successfully registered JMX Bean with object name Ratis:service=RaftServer,group=group-885A5AF52B02,id=2bb38a5d-0509-4181-8b7b-057f495cfd4a
2022-02-08 12:42:12,851 [Command processor thread] INFO  ratis.XceiverServerRatis (XceiverServerRatis.java:addGroup(768)) - Created group PipelineID=11834e7a-92ed-43f2-b9d8-885a5af52b02
2022-02-08 12:42:12,877 [grpc-default-executor-3] INFO  server.RaftServer (RaftServerProxy.java:addNew(95)) - 49948d64-f13f-4dea-ab4c-a99dcf6a29cc: addNew group-885A5AF52B02:[2bb38a5d-0509-4181-8b7b-057f495cfd4a|rpc:10.1.0.54:35129|dataStream:|priority:0, ddfda897-e03d-4d19-9b1c-17acf61c97d5|rpc:10.1.0.54:45499|dataStream:|priority:0, 49948d64-f13f-4dea-ab4c-a99dcf6a29cc|rpc:10.1.0.54:40329|dataStream:|priority:1] returns group-885A5AF52B02:java.util.concurrent.CompletableFuture@71cae1c0[Not completed]
2022-02-08 12:42:12,882 [pool-262-thread-1] INFO  server.RaftServer$Division (RaftServerImpl.java:<init>(184)) - 49948d64-f13f-4dea-ab4c-a99dcf6a29cc: new RaftServerImpl for group-885A5AF52B02:[2bb38a5d-0509-4181-8b7b-057f495cfd4a|rpc:10.1.0.54:35129|dataStream:|priority:0, ddfda897-e03d-4d19-9b1c-17acf61c97d5|rpc:10.1.0.54:45499|dataStream:|priority:0, 49948d64-f13f-4dea-ab4c-a99dcf6a29cc|rpc:10.1.0.54:40329|dataStream:|priority:1] with ContainerStateMachine:uninitialized
2022-02-08 12:42:12,901 [pool-262-thread-1] INFO  server.RaftServerConfigKeys (ConfUtils.java:logGet(44)) - raft.server.rpc.timeout.min = 5s (custom)
2022-02-08 12:42:12,901 [pool-262-thread-1] INFO  server.RaftServerConfigKeys (ConfUtils.java:logGet(44)) - raft.server.rpc.timeout.max = 5200ms (custom)
2022-02-08 12:42:12,901 [pool-262-thread-1] INFO  server.RaftServerConfigKeys (ConfUtils.java:logGet(44)) - raft.server.rpc.sleep.time = 25ms (default)
2022-02-08 12:42:12,901 [pool-262-thread-1] INFO  server.RaftServerConfigKeys (ConfUtils.java:logGet(44)) - raft.server.rpc.slowness.timeout = 300s (custom)
2022-02-08 12:42:12,901 [pool-262-thread-1] INFO  server.RaftServerConfigKeys (ConfUtils.java:logGet(44)) - raft.server.leaderelection.leader.step-down.wait-time = 10s (default)
2022-02-08 12:42:12,901 [pool-262-thread-1] INFO  server.RaftServerConfigKeys (ConfUtils.java:logGet(44)) - raft.server.sleep.deviation.threshold = 300ms (default)
2022-02-08 12:42:12,902 [pool-262-thread-1] INFO  server.RaftServerConfigKeys (ConfUtils.java:logGet(44)) - raft.server.log.appender.install.snapshot.enabled = false (custom)
2022-02-08 12:42:12,902 [pool-262-thread-1] INFO  server.RaftServer$Division (ServerState.java:<init>(105)) - 49948d64-f13f-4dea-ab4c-a99dcf6a29cc@group-885A5AF52B02: ConfigurationManager, init=-1: [2bb38a5d-0509-4181-8b7b-057f495cfd4a|rpc:10.1.0.54:35129|dataStream:|priority:0, ddfda897-e03d-4d19-9b1c-17acf61c97d5|rpc:10.1.0.54:45499|dataStream:|priority:0, 49948d64-f13f-4dea-ab4c-a99dcf6a29cc|rpc:10.1.0.54:40329|dataStream:|priority:1], old=null, confs=<EMPTY_MAP>
2022-02-08 12:42:12,902 [pool-262-thread-1] INFO  server.RaftServerConfigKeys (ConfUtils.java:logGet(44)) - raft.server.storage.dir = [/home/runner/work/ozone/ozone/hadoop-ozone/integration-test/target/test-dir/MiniOzoneClusterImpl-d9fbf9ff-2b62-4fa3-b93a-ae8b8ac18067/datanode-1/data/ratis] (custom)
2022-02-08 12:42:12,902 [pool-262-thread-1] INFO  server.RaftServerConfigKeys (ConfUtils.java:logGet(44)) - raft.server.log.corruption.policy = EXCEPTION (default)
2022-02-08 12:42:12,902 [pool-262-thread-1] INFO  server.RaftServerConfigKeys (ConfUtils.java:logGet(44)) - raft.server.storage.free-space.min = 0MB (=0) (default)
2022-02-08 12:42:12,902 [pool-262-thread-1] INFO  storage.RaftStorageDirectory (RaftStorageDirectoryImpl.java:analyzeStorage(135)) - The storage directory /home/runner/work/ozone/ozone/hadoop-ozone/integration-test/target/test-dir/MiniOzoneClusterImpl-d9fbf9ff-2b62-4fa3-b93a-ae8b8ac18067/datanode-1/data/ratis/11834e7a-92ed-43f2-b9d8-885a5af52b02 does not exist. Creating ...
2022-02-08 12:42:12,909 [pool-262-thread-1] INFO  storage.RaftStorageDirectory (RaftStorageDirectoryImpl.java:tryLock(230)) - Lock on /home/runner/work/ozone/ozone/hadoop-ozone/integration-test/target/test-dir/MiniOzoneClusterImpl-d9fbf9ff-2b62-4fa3-b93a-ae8b8ac18067/datanode-1/data/ratis/11834e7a-92ed-43f2-b9d8-885a5af52b02/in_use.lock acquired by nodename 23558@fv-az122-430
2022-02-08 12:42:12,912 [pool-262-thread-1] INFO  storage.RaftStorage (RaftStorageImpl.java:format(89)) - Storage directory /home/runner/work/ozone/ozone/hadoop-ozone/integration-test/target/test-dir/MiniOzoneClusterImpl-d9fbf9ff-2b62-4fa3-b93a-ae8b8ac18067/datanode-1/data/ratis/11834e7a-92ed-43f2-b9d8-885a5af52b02 has been successfully formatted.
2022-02-08 12:42:12,913 [pool-262-thread-1] INFO  ratis.ContainerStateMachine (ContainerStateMachine.java:loadSnapshot(231)) - group-885A5AF52B02: The snapshot info is null. Setting the last applied indexto:(t:0, i:~)
2022-02-08 12:42:12,913 [pool-262-thread-1] INFO  server.RaftServerConfigKeys (ConfUtils.java:logGet(44)) - raft.server.notification.no-leader.timeout = 300s (custom)
2022-02-08 12:42:12,913 [pool-262-thread-1] INFO  server.RaftServerConfigKeys (ConfUtils.java:logGet(44)) - raft.server.log.use.memory = false (default)
2022-02-08 12:42:12,915 [pool-262-thread-1] INFO  server.RaftServerConfigKeys (ConfUtils.java:logGet(44)) - raft.server.log.purge.gap = 1000000 (custom)
2022-02-08 12:42:12,915 [pool-262-thread-1] INFO  server.RaftServerConfigKeys (ConfUtils.java:logGet(44)) - raft.server.log.appender.buffer.byte-limit = 33554432 (custom)
2022-02-08 12:42:12,916 [pool-262-thread-1] INFO  server.RaftServerConfigKeys (ConfUtils.java:logGet(44)) - raft.server.log.segment.size.max = 1048576 (custom)
2022-02-08 12:42:12,916 [pool-262-thread-1] INFO  server.RaftServerConfigKeys (ConfUtils.java:logGet(44)) - raft.server.log.segment.cache.num.max = 2 (custom)
2022-02-08 12:42:12,916 [pool-262-thread-1] INFO  server.RaftServerConfigKeys (ConfUtils.java:logGet(44)) - raft.server.log.segment.cache.size.max = 200MB (=209715200) (default)
2022-02-08 12:42:12,916 [pool-262-thread-1] INFO  segmented.SegmentedRaftLogWorker (SegmentedRaftLogWorker.java:<init>(182)) - new 49948d64-f13f-4dea-ab4c-a99dcf6a29cc@group-885A5AF52B02-SegmentedRaftLogWorker for RaftStorageImpl:Storage Directory /home/runner/work/ozone/ozone/hadoop-ozone/integration-test/target/test-dir/MiniOzoneClusterImpl-d9fbf9ff-2b62-4fa3-b93a-ae8b8ac18067/datanode-1/data/ratis/11834e7a-92ed-43f2-b9d8-885a5af52b02
2022-02-08 12:42:12,916 [pool-262-thread-1] INFO  server.RaftServerConfigKeys (ConfUtils.java:logGet(44)) - raft.server.log.queue.byte-limit = 2147483647 (custom)
2022-02-08 12:42:12,917 [pool-262-thread-1] INFO  server.RaftServerConfigKeys (ConfUtils.java:logGet(44)) - raft.server.log.queue.element-limit = 1024 (custom)
2022-02-08 12:42:12,917 [pool-262-thread-1] INFO  server.RaftServerConfigKeys (ConfUtils.java:logGet(44)) - raft.server.log.segment.size.max = 1048576 (custom)
2022-02-08 12:42:12,917 [pool-262-thread-1] INFO  server.RaftServerConfigKeys (ConfUtils.java:logGet(44)) - raft.server.log.preallocated.size = 16384 (custom)
2022-02-08 12:42:12,917 [pool-262-thread-1] INFO  server.RaftServerConfigKeys (ConfUtils.java:logGet(44)) - raft.server.log.force.sync.num = 128 (default)
2022-02-08 12:42:12,917 [pool-262-thread-1] INFO  server.RaftServerConfigKeys (ConfUtils.java:logGet(44)) - raft.server.log.statemachine.data.sync = true (default)
2022-02-08 12:42:12,917 [pool-262-thread-1] INFO  server.RaftServerConfigKeys (ConfUtils.java:logGet(44)) - raft.server.log.statemachine.data.sync.timeout = 10s (default)
2022-02-08 12:42:12,917 [pool-262-thread-1] INFO  server.RaftServerConfigKeys (ConfUtils.java:logGet(44)) - raft.server.log.statemachine.data.sync.timeout.retry = -1 (default)
2022-02-08 12:42:12,918 [pool-262-thread-1] INFO  server.RaftServerConfigKeys (ConfUtils.java:logGet(44)) - raft.server.log.write.buffer.size = 1048576 (custom)
2022-02-08 12:42:12,926 [pool-262-thread-1] INFO  server.RaftServerConfigKeys (ConfUtils.java:logGet(44)) - raft.server.log.statemachine.data.caching.enabled = true (custom)
2022-02-08 12:42:12,926 [pool-262-thread-1] INFO  segmented.SegmentedRaftLogWorker (SegmentedRaftLogWorker.java:lambda$new$0(133)) - 49948d64-f13f-4dea-ab4c-a99dcf6a29cc@group-885A5AF52B02-SegmentedRaftLogWorker: flushIndex: setUnconditionally 0 -> -1
2022-02-08 12:42:12,926 [pool-262-thread-1] INFO  segmented.SegmentedRaftLogWorker (SegmentedRaftLogWorker.java:lambda$new$0(133)) - 49948d64-f13f-4dea-ab4c-a99dcf6a29cc@group-885A5AF52B02-SegmentedRaftLogWorker: safeCacheEvictIndex: setUnconditionally 0 -> -1
2022-02-08 12:42:12,933 [pool-262-thread-1] INFO  server.RaftServerConfigKeys (ConfUtils.java:logGet(44)) - raft.server.snapshot.auto.trigger.enabled = true (custom)
2022-02-08 12:42:12,934 [pool-262-thread-1] INFO  server.RaftServerConfigKeys (ConfUtils.java:logGet(44)) - raft.server.snapshot.auto.trigger.threshold = 10000 (custom)
2022-02-08 12:42:12,934 [pool-262-thread-1] INFO  server.RaftServerConfigKeys (ConfUtils.java:logGet(44)) - raft.server.snapshot.retention.file.num = 5 (custom)
2022-02-08 12:42:12,934 [pool-262-thread-1] INFO  server.RaftServerConfigKeys (ConfUtils.java:logGet(44)) - raft.server.log.purge.upto.snapshot.index = false (default)
2022-02-08 12:42:12,934 [pool-262-thread-1] INFO  server.RaftServerConfigKeys (ConfUtils.java:logGet(44)) - raft.server.retrycache.expirytime = 600000ms (custom)
2022-02-08 12:42:12,934 [pool-262-thread-1] INFO  server.RaftServerConfigKeys (ConfUtils.java:logGet(44)) - raft.server.retrycache.statistics.expirytime = 100μs (default)
2022-02-08 12:42:12,935 [pool-262-thread-1] INFO  server.RaftServer$Division (RaftServerImpl.java:start(301)) - 49948d64-f13f-4dea-ab4c-a99dcf6a29cc@group-885A5AF52B02: start as a follower, conf=-1: [2bb38a5d-0509-4181-8b7b-057f495cfd4a|rpc:10.1.0.54:35129|dataStream:|priority:0, ddfda897-e03d-4d19-9b1c-17acf61c97d5|rpc:10.1.0.54:45499|dataStream:|priority:0, 49948d64-f13f-4dea-ab4c-a99dcf6a29cc|rpc:10.1.0.54:40329|dataStream:|priority:1], old=null
2022-02-08 12:42:12,935 [pool-262-thread-1] INFO  server.RaftServer$Division (RaftServerImpl.java:setRole(290)) - 49948d64-f13f-4dea-ab4c-a99dcf6a29cc@group-885A5AF52B02: changes role from      null to FOLLOWER at term 0 for startAsFollower
2022-02-08 12:42:12,935 [pool-262-thread-1] INFO  impl.RoleInfo (RoleInfo.java:updateAndGet(130)) - 49948d64-f13f-4dea-ab4c-a99dcf6a29cc: start 49948d64-f13f-4dea-ab4c-a99dcf6a29cc@group-885A5AF52B02-FollowerState
2022-02-08 12:42:12,937 [pool-262-thread-1] INFO  util.JmxRegister (JmxRegister.java:tryRegister(44)) - Successfully registered JMX Bean with object name Ratis:service=RaftServer,group=group-885A5AF52B02,id=49948d64-f13f-4dea-ab4c-a99dcf6a29cc
2022-02-08 12:42:13,028 [grpc-default-executor-3] INFO  server.RaftServer (RaftServerProxy.java:addNew(95)) - ddfda897-e03d-4d19-9b1c-17acf61c97d5: addNew group-885A5AF52B02:[2bb38a5d-0509-4181-8b7b-057f495cfd4a|rpc:10.1.0.54:35129|dataStream:|priority:0, ddfda897-e03d-4d19-9b1c-17acf61c97d5|rpc:10.1.0.54:45499|dataStream:|priority:0, 49948d64-f13f-4dea-ab4c-a99dcf6a29cc|rpc:10.1.0.54:40329|dataStream:|priority:1] returns group-885A5AF52B02:java.util.concurrent.CompletableFuture@61c140d[Not completed]
2022-02-08 12:42:13,032 [pool-283-thread-1] INFO  server.RaftServer$Division (RaftServerImpl.java:<init>(184)) - ddfda897-e03d-4d19-9b1c-17acf61c97d5: new RaftServerImpl for group-885A5AF52B02:[2bb38a5d-0509-4181-8b7b-057f495cfd4a|rpc:10.1.0.54:35129|dataStream:|priority:0, ddfda897-e03d-4d19-9b1c-17acf61c97d5|rpc:10.1.0.54:45499|dataStream:|priority:0, 49948d64-f13f-4dea-ab4c-a99dcf6a29cc|rpc:10.1.0.54:40329|dataStream:|priority:1] with ContainerStateMachine:uninitialized
2022-02-08 12:42:13,036 [pool-283-thread-1] INFO  server.RaftServerConfigKeys (ConfUtils.java:logGet(44)) - raft.server.rpc.timeout.min = 5s (custom)
2022-02-08 12:42:13,036 [pool-283-thread-1] INFO  server.RaftServerConfigKeys (ConfUtils.java:logGet(44)) - raft.server.rpc.timeout.max = 5200ms (custom)
2022-02-08 12:42:13,036 [pool-283-thread-1] INFO  server.RaftServerConfigKeys (ConfUtils.java:logGet(44)) - raft.server.rpc.sleep.time = 25ms (default)
2022-02-08 12:42:13,036 [pool-283-thread-1] INFO  server.RaftServerConfigKeys (ConfUtils.java:logGet(44)) - raft.server.rpc.slowness.timeout = 300s (custom)
2022-02-08 12:42:13,036 [pool-283-thread-1] INFO  server.RaftServerConfigKeys (ConfUtils.java:logGet(44)) - raft.server.leaderelection.leader.step-down.wait-time = 10s (default)
2022-02-08 12:42:13,036 [pool-283-thread-1] INFO  server.RaftServerConfigKeys (ConfUtils.java:logGet(44)) - raft.server.sleep.deviation.threshold = 300ms (default)
2022-02-08 12:42:13,036 [pool-283-thread-1] INFO  server.RaftServerConfigKeys (ConfUtils.java:logGet(44)) - raft.server.log.appender.install.snapshot.enabled = false (custom)
2022-02-08 12:42:13,036 [pool-283-thread-1] INFO  server.RaftServer$Division (ServerState.java:<init>(105)) - ddfda897-e03d-4d19-9b1c-17acf61c97d5@group-885A5AF52B02: ConfigurationManager, init=-1: [2bb38a5d-0509-4181-8b7b-057f495cfd4a|rpc:10.1.0.54:35129|dataStream:|priority:0, ddfda897-e03d-4d19-9b1c-17acf61c97d5|rpc:10.1.0.54:45499|dataStream:|priority:0, 49948d64-f13f-4dea-ab4c-a99dcf6a29cc|rpc:10.1.0.54:40329|dataStream:|priority:1], old=null, confs=<EMPTY_MAP>
2022-02-08 12:42:13,037 [pool-283-thread-1] INFO  server.RaftServerConfigKeys (ConfUtils.java:logGet(44)) - raft.server.storage.dir = [/home/runner/work/ozone/ozone/hadoop-ozone/integration-test/target/test-dir/MiniOzoneClusterImpl-d9fbf9ff-2b62-4fa3-b93a-ae8b8ac18067/datanode-2/data/ratis] (custom)
2022-02-08 12:42:13,037 [pool-283-thread-1] INFO  server.RaftServerConfigKeys (ConfUtils.java:logGet(44)) - raft.server.log.corruption.policy = EXCEPTION (default)
2022-02-08 12:42:13,037 [pool-283-thread-1] INFO  server.RaftServerConfigKeys (ConfUtils.java:logGet(44)) - raft.server.storage.free-space.min = 0MB (=0) (default)
2022-02-08 12:42:13,038 [pool-283-thread-1] INFO  storage.RaftStorageDirectory (RaftStorageDirectoryImpl.java:analyzeStorage(135)) - The storage directory /home/runner/work/ozone/ozone/hadoop-ozone/integration-test/target/test-dir/MiniOzoneClusterImpl-d9fbf9ff-2b62-4fa3-b93a-ae8b8ac18067/datanode-2/data/ratis/11834e7a-92ed-43f2-b9d8-885a5af52b02 does not exist. Creating ...
2022-02-08 12:42:13,040 [pool-283-thread-1] INFO  storage.RaftStorageDirectory (RaftStorageDirectoryImpl.java:tryLock(230)) - Lock on /home/runner/work/ozone/ozone/hadoop-ozone/integration-test/target/test-dir/MiniOzoneClusterImpl-d9fbf9ff-2b62-4fa3-b93a-ae8b8ac18067/datanode-2/data/ratis/11834e7a-92ed-43f2-b9d8-885a5af52b02/in_use.lock acquired by nodename 23558@fv-az122-430
2022-02-08 12:42:13,042 [pool-283-thread-1] INFO  storage.RaftStorage (RaftStorageImpl.java:format(89)) - Storage directory /home/runner/work/ozone/ozone/hadoop-ozone/integration-test/target/test-dir/MiniOzoneClusterImpl-d9fbf9ff-2b62-4fa3-b93a-ae8b8ac18067/datanode-2/data/ratis/11834e7a-92ed-43f2-b9d8-885a5af52b02 has been successfully formatted.
2022-02-08 12:42:13,044 [pool-283-thread-1] INFO  ratis.ContainerStateMachine (ContainerStateMachine.java:loadSnapshot(231)) - group-885A5AF52B02: The snapshot info is null. Setting the last applied indexto:(t:0, i:~)
2022-02-08 12:42:13,044 [pool-283-thread-1] INFO  server.RaftServerConfigKeys (ConfUtils.java:logGet(44)) - raft.server.notification.no-leader.timeout = 300s (custom)
2022-02-08 12:42:13,044 [pool-283-thread-1] INFO  server.RaftServerConfigKeys (ConfUtils.java:logGet(44)) - raft.server.log.use.memory = false (default)
2022-02-08 12:42:13,044 [pool-283-thread-1] INFO  server.RaftServerConfigKeys (ConfUtils.java:logGet(44)) - raft.server.log.purge.gap = 1000000 (custom)
2022-02-08 12:42:13,044 [pool-283-thread-1] INFO  server.RaftServerConfigKeys (ConfUtils.java:logGet(44)) - raft.server.log.appender.buffer.byte-limit = 33554432 (custom)
2022-02-08 12:42:13,045 [pool-283-thread-1] INFO  server.RaftServerConfigKeys (ConfUtils.java:logGet(44)) - raft.server.log.segment.size.max = 1048576 (custom)
2022-02-08 12:42:13,050 [Command processor thread] INFO  server.RaftServer (RaftServerProxy.java:addNew(95)) - 49948d64-f13f-4dea-ab4c-a99dcf6a29cc: addNew group-7FDCA6924737:[49948d64-f13f-4dea-ab4c-a99dcf6a29cc|rpc:10.1.0.54:40329|priority:1] returns group-7FDCA6924737:java.util.concurrent.CompletableFuture@5d48f646[Not completed]
2022-02-08 12:42:13,056 [pool-262-thread-1] INFO  server.RaftServer$Division (RaftServerImpl.java:<init>(184)) - 49948d64-f13f-4dea-ab4c-a99dcf6a29cc: new RaftServerImpl for group-7FDCA6924737:[49948d64-f13f-4dea-ab4c-a99dcf6a29cc|rpc:10.1.0.54:40329|priority:1] with ContainerStateMachine:uninitialized
2022-02-08 12:42:13,056 [pool-262-thread-1] INFO  server.RaftServerConfigKeys (ConfUtils.java:logGet(44)) - raft.server.rpc.timeout.min = 5s (custom)
2022-02-08 12:42:13,056 [pool-262-thread-1] INFO  server.RaftServerConfigKeys (ConfUtils.java:logGet(44)) - raft.server.rpc.timeout.max = 5200ms (custom)
2022-02-08 12:42:13,057 [pool-262-thread-1] INFO  server.RaftServerConfigKeys (ConfUtils.java:logGet(44)) - raft.server.rpc.sleep.time = 25ms (default)
2022-02-08 12:42:13,057 [pool-262-thread-1] INFO  server.RaftServerConfigKeys (ConfUtils.java:logGet(44)) - raft.server.rpc.slowness.timeout = 300s (custom)
2022-02-08 12:42:13,057 [pool-262-thread-1] INFO  server.RaftServerConfigKeys (ConfUtils.java:logGet(44)) - raft.server.leaderelection.leader.step-down.wait-time = 10s (default)
2022-02-08 12:42:13,057 [pool-262-thread-1] INFO  server.RaftServerConfigKeys (ConfUtils.java:logGet(44)) - raft.server.sleep.deviation.threshold = 300ms (default)
2022-02-08 12:42:13,057 [pool-262-thread-1] INFO  server.RaftServerConfigKeys (ConfUtils.java:logGet(44)) - raft.server.log.appender.install.snapshot.enabled = false (custom)
2022-02-08 12:42:13,057 [pool-262-thread-1] INFO  server.RaftServer$Division (ServerState.java:<init>(105)) - 49948d64-f13f-4dea-ab4c-a99dcf6a29cc@group-7FDCA6924737: ConfigurationManager, init=-1: [49948d64-f13f-4dea-ab4c-a99dcf6a29cc|rpc:10.1.0.54:40329|priority:1], old=null, confs=<EMPTY_MAP>
2022-02-08 12:42:13,057 [pool-262-thread-1] INFO  server.RaftServerConfigKeys (ConfUtils.java:logGet(44)) - raft.server.storage.dir = [/home/runner/work/ozone/ozone/hadoop-ozone/integration-test/target/test-dir/MiniOzoneClusterImpl-d9fbf9ff-2b62-4fa3-b93a-ae8b8ac18067/datanode-1/data/ratis] (custom)
2022-02-08 12:42:13,057 [pool-262-thread-1] INFO  server.RaftServerConfigKeys (ConfUtils.java:logGet(44)) - raft.server.log.corruption.policy = EXCEPTION (default)
2022-02-08 12:42:13,057 [pool-262-thread-1] INFO  server.RaftServerConfigKeys (ConfUtils.java:logGet(44)) - raft.server.storage.free-space.min = 0MB (=0) (default)
2022-02-08 12:42:13,057 [pool-262-thread-1] INFO  storage.RaftStorageDirectory (RaftStorageDirectoryImpl.java:analyzeStorage(135)) - The storage directory /home/runner/work/ozone/ozone/hadoop-ozone/integration-test/target/test-dir/MiniOzoneClusterImpl-d9fbf9ff-2b62-4fa3-b93a-ae8b8ac18067/datanode-1/data/ratis/c825ce4c-d337-4d58-8d7f-7fdca6924737 does not exist. Creating ...
2022-02-08 12:42:13,058 [pool-283-thread-1] INFO  server.RaftServerConfigKeys (ConfUtils.java:logGet(44)) - raft.server.log.segment.cache.num.max = 2 (custom)
2022-02-08 12:42:13,058 [pool-283-thread-1] INFO  server.RaftServerConfigKeys (ConfUtils.java:logGet(44)) - raft.server.log.segment.cache.size.max = 200MB (=209715200) (default)
2022-02-08 12:42:13,058 [pool-262-thread-1] INFO  storage.RaftStorageDirectory (RaftStorageDirectoryImpl.java:tryLock(230)) - Lock on /home/runner/work/ozone/ozone/hadoop-ozone/integration-test/target/test-dir/MiniOzoneClusterImpl-d9fbf9ff-2b62-4fa3-b93a-ae8b8ac18067/datanode-1/data/ratis/c825ce4c-d337-4d58-8d7f-7fdca6924737/in_use.lock acquired by nodename 23558@fv-az122-430
2022-02-08 12:42:13,059 [pool-283-thread-1] INFO  segmented.SegmentedRaftLogWorker (SegmentedRaftLogWorker.java:<init>(182)) - new ddfda897-e03d-4d19-9b1c-17acf61c97d5@group-885A5AF52B02-SegmentedRaftLogWorker for RaftStorageImpl:Storage Directory /home/runner/work/ozone/ozone/hadoop-ozone/integration-test/target/test-dir/MiniOzoneClusterImpl-d9fbf9ff-2b62-4fa3-b93a-ae8b8ac18067/datanode-2/data/ratis/11834e7a-92ed-43f2-b9d8-885a5af52b02
2022-02-08 12:42:13,060 [pool-283-thread-1] INFO  server.RaftServerConfigKeys (ConfUtils.java:logGet(44)) - raft.server.log.queue.byte-limit = 2147483647 (custom)
2022-02-08 12:42:13,060 [pool-283-thread-1] INFO  server.RaftServerConfigKeys (ConfUtils.java:logGet(44)) - raft.server.log.queue.element-limit = 1024 (custom)
2022-02-08 12:42:13,060 [pool-283-thread-1] INFO  server.RaftServerConfigKeys (ConfUtils.java:logGet(44)) - raft.server.log.segment.size.max = 1048576 (custom)
2022-02-08 12:42:13,060 [pool-283-thread-1] INFO  server.RaftServerConfigKeys (ConfUtils.java:logGet(44)) - raft.server.log.preallocated.size = 16384 (custom)
2022-02-08 12:42:13,060 [pool-283-thread-1] INFO  server.RaftServerConfigKeys (ConfUtils.java:logGet(44)) - raft.server.log.force.sync.num = 128 (default)
2022-02-08 12:42:13,061 [pool-283-thread-1] INFO  server.RaftServerConfigKeys (ConfUtils.java:logGet(44)) - raft.server.log.statemachine.data.sync = true (default)
2022-02-08 12:42:13,061 [pool-283-thread-1] INFO  server.RaftServerConfigKeys (ConfUtils.java:logGet(44)) - raft.server.log.statemachine.data.sync.timeout = 10s (default)
2022-02-08 12:42:13,061 [pool-262-thread-1] INFO  storage.RaftStorage (RaftStorageImpl.java:format(89)) - Storage directory /home/runner/work/ozone/ozone/hadoop-ozone/integration-test/target/test-dir/MiniOzoneClusterImpl-d9fbf9ff-2b62-4fa3-b93a-ae8b8ac18067/datanode-1/data/ratis/c825ce4c-d337-4d58-8d7f-7fdca6924737 has been successfully formatted.
2022-02-08 12:42:13,061 [pool-262-thread-1] INFO  ratis.ContainerStateMachine (ContainerStateMachine.java:loadSnapshot(231)) - group-7FDCA6924737: The snapshot info is null. Setting the last applied indexto:(t:0, i:~)
2022-02-08 12:42:13,061 [pool-262-thread-1] INFO  server.RaftServerConfigKeys (ConfUtils.java:logGet(44)) - raft.server.notification.no-leader.timeout = 300s (custom)
2022-02-08 12:42:13,061 [pool-262-thread-1] INFO  server.RaftServerConfigKeys (ConfUtils.java:logGet(44)) - raft.server.log.use.memory = false (default)
2022-02-08 12:42:13,062 [pool-262-thread-1] INFO  server.RaftServerConfigKeys (ConfUtils.java:logGet(44)) - raft.server.log.purge.gap = 1000000 (custom)
2022-02-08 12:42:13,062 [pool-262-thread-1] INFO  server.RaftServerConfigKeys (ConfUtils.java:logGet(44)) - raft.server.log.appender.buffer.byte-limit = 33554432 (custom)
2022-02-08 12:42:13,062 [pool-262-thread-1] INFO  server.RaftServerConfigKeys (ConfUtils.java:logGet(44)) - raft.server.log.segment.size.max = 1048576 (custom)
2022-02-08 12:42:13,062 [pool-262-thread-1] INFO  server.RaftServerConfigKeys (ConfUtils.java:logGet(44)) - raft.server.log.segment.cache.num.max = 2 (custom)
2022-02-08 12:42:13,062 [pool-262-thread-1] INFO  server.RaftServerConfigKeys (ConfUtils.java:logGet(44)) - raft.server.log.segment.cache.size.max = 200MB (=209715200) (default)
2022-02-08 12:42:13,062 [pool-262-thread-1] INFO  segmented.SegmentedRaftLogWorker (SegmentedRaftLogWorker.java:<init>(182)) - new 49948d64-f13f-4dea-ab4c-a99dcf6a29cc@group-7FDCA6924737-SegmentedRaftLogWorker for RaftStorageImpl:Storage Directory /home/runner/work/ozone/ozone/hadoop-ozone/integration-test/target/test-dir/MiniOzoneClusterImpl-d9fbf9ff-2b62-4fa3-b93a-ae8b8ac18067/datanode-1/data/ratis/c825ce4c-d337-4d58-8d7f-7fdca6924737
2022-02-08 12:42:13,062 [pool-262-thread-1] INFO  server.RaftServerConfigKeys (ConfUtils.java:logGet(44)) - raft.server.log.queue.byte-limit = 2147483647 (custom)
2022-02-08 12:42:13,063 [pool-262-thread-1] INFO  server.RaftServerConfigKeys (ConfUtils.java:logGet(44)) - raft.server.log.queue.element-limit = 1024 (custom)
2022-02-08 12:42:13,063 [pool-262-thread-1] INFO  server.RaftServerConfigKeys (ConfUtils.java:logGet(44)) - raft.server.log.segment.size.max = 1048576 (custom)
2022-02-08 12:42:13,063 [pool-262-thread-1] INFO  server.RaftServerConfigKeys (ConfUtils.java:logGet(44)) - raft.server.log.preallocated.size = 16384 (custom)
2022-02-08 12:42:13,063 [pool-262-thread-1] INFO  server.RaftServerConfigKeys (ConfUtils.java:logGet(44)) - raft.server.log.force.sync.num = 128 (default)
2022-02-08 12:42:13,063 [pool-262-thread-1] INFO  server.RaftServerConfigKeys (ConfUtils.java:logGet(44)) - raft.server.log.statemachine.data.sync = true (default)
2022-02-08 12:42:13,063 [pool-262-thread-1] INFO  server.RaftServerConfigKeys (ConfUtils.java:logGet(44)) - raft.server.log.statemachine.data.sync.timeout = 10s (default)
2022-02-08 12:42:13,063 [pool-262-thread-1] INFO  server.RaftServerConfigKeys (ConfUtils.java:logGet(44)) - raft.server.log.statemachine.data.sync.timeout.retry = -1 (default)
2022-02-08 12:42:13,064 [pool-262-thread-1] INFO  server.RaftServerConfigKeys (ConfUtils.java:logGet(44)) - raft.server.log.write.buffer.size = 1048576 (custom)
2022-02-08 12:42:13,065 [pool-262-thread-1] INFO  server.RaftServerConfigKeys (ConfUtils.java:logGet(44)) - raft.server.log.statemachine.data.caching.enabled = true (custom)
2022-02-08 12:42:13,065 [pool-262-thread-1] INFO  segmented.SegmentedRaftLogWorker (SegmentedRaftLogWorker.java:lambda$new$0(133)) - 49948d64-f13f-4dea-ab4c-a99dcf6a29cc@group-7FDCA6924737-SegmentedRaftLogWorker: flushIndex: setUnconditionally 0 -> -1
2022-02-08 12:42:13,065 [pool-262-thread-1] INFO  segmented.SegmentedRaftLogWorker (SegmentedRaftLogWorker.java:lambda$new$0(133)) - 49948d64-f13f-4dea-ab4c-a99dcf6a29cc@group-7FDCA6924737-SegmentedRaftLogWorker: safeCacheEvictIndex: setUnconditionally 0 -> -1
2022-02-08 12:42:13,065 [pool-283-thread-1] INFO  server.RaftServerConfigKeys (ConfUtils.java:logGet(44)) - raft.server.log.statemachine.data.sync.timeout.retry = -1 (default)
2022-02-08 12:42:13,081 [pool-262-thread-1] INFO  server.RaftServerConfigKeys (ConfUtils.java:logGet(44)) - raft.server.snapshot.auto.trigger.enabled = true (custom)
2022-02-08 12:42:13,082 [pool-262-thread-1] INFO  server.RaftServerConfigKeys (ConfUtils.java:logGet(44)) - raft.server.snapshot.auto.trigger.threshold = 10000 (custom)
2022-02-08 12:42:13,082 [pool-262-thread-1] INFO  server.RaftServerConfigKeys (ConfUtils.java:logGet(44)) - raft.server.snapshot.retention.file.num = 5 (custom)
2022-02-08 12:42:13,082 [pool-262-thread-1] INFO  server.RaftServerConfigKeys (ConfUtils.java:logGet(44)) - raft.server.log.purge.upto.snapshot.index = false (default)
2022-02-08 12:42:13,082 [pool-262-thread-1] INFO  server.RaftServerConfigKeys (ConfUtils.java:logGet(44)) - raft.server.retrycache.expirytime = 600000ms (custom)
2022-02-08 12:42:13,082 [pool-262-thread-1] INFO  server.RaftServerConfigKeys (ConfUtils.java:logGet(44)) - raft.server.retrycache.statistics.expirytime = 100μs (default)
2022-02-08 12:42:13,082 [EventQueue-PipelineReportForPipelineReportHandler] INFO  pipeline.PipelineManagerImpl (PipelineManagerImpl.java:openPipeline(291)) - Pipeline Pipeline[ Id: c825ce4c-d337-4d58-8d7f-7fdca6924737, Nodes: 49948d64-f13f-4dea-ab4c-a99dcf6a29cc{ip: 10.1.0.54, host: fv-az122-430.zf1tlrj3kn4expqppa1j4mpycf.xx.internal.cloudapp.net, ports: [REPLICATION=33965, RATIS=40329, RATIS_ADMIN=40329, RATIS_SERVER=40329, STANDALONE=43697], networkLocation: /default-rack, certSerialId: null, persistedOpState: IN_SERVICE, persistedOpStateExpiryEpochSec: 0}, ReplicationConfig: RATIS/ONE, State:ALLOCATED, leaderId:49948d64-f13f-4dea-ab4c-a99dcf6a29cc, CreationTimestamp2022-02-08T12:42:10.079Z[Etc/UTC]] moved to OPEN state
2022-02-08 12:42:13,084 [pool-283-thread-1] INFO  server.RaftServerConfigKeys (ConfUtils.java:logGet(44)) - raft.server.log.write.buffer.size = 1048576 (custom)
2022-02-08 12:42:13,090 [pool-283-thread-1] INFO  server.RaftServerConfigKeys (ConfUtils.java:logGet(44)) - raft.server.log.statemachine.data.caching.enabled = true (custom)
2022-02-08 12:42:13,090 [pool-283-thread-1] INFO  segmented.SegmentedRaftLogWorker (SegmentedRaftLogWorker.java:lambda$new$0(133)) - ddfda897-e03d-4d19-9b1c-17acf61c97d5@group-885A5AF52B02-SegmentedRaftLogWorker: flushIndex: setUnconditionally 0 -> -1
2022-02-08 12:42:13,090 [pool-283-thread-1] INFO  segmented.SegmentedRaftLogWorker (SegmentedRaftLogWorker.java:lambda$new$0(133)) - ddfda897-e03d-4d19-9b1c-17acf61c97d5@group-885A5AF52B02-SegmentedRaftLogWorker: safeCacheEvictIndex: setUnconditionally 0 -> -1
2022-02-08 12:42:13,089 [pool-262-thread-1] INFO  server.RaftServer$Division (RaftServerImpl.java:start(301)) - 49948d64-f13f-4dea-ab4c-a99dcf6a29cc@group-7FDCA6924737: start as a follower, conf=-1: [49948d64-f13f-4dea-ab4c-a99dcf6a29cc|rpc:10.1.0.54:40329|priority:1], old=null
2022-02-08 12:42:13,086 [783707b5-d5e8-417f-9e8a-1f11149e73f9@group-AE8B8AC18067-StateMachineUpdater] INFO  safemode.HealthyPipelineSafeModeRule (HealthyPipelineSafeModeRule.java:initializeRule(152)) - Refreshed total pipeline count is 0, healthy pipeline threshold count is 1
2022-02-08 12:42:13,094 [pool-262-thread-1] INFO  server.RaftServer$Division (RaftServerImpl.java:setRole(290)) - 49948d64-f13f-4dea-ab4c-a99dcf6a29cc@group-7FDCA6924737: changes role from      null to FOLLOWER at term 0 for startAsFollower
2022-02-08 12:42:13,094 [pool-262-thread-1] INFO  impl.RoleInfo (RoleInfo.java:updateAndGet(130)) - 49948d64-f13f-4dea-ab4c-a99dcf6a29cc: start 49948d64-f13f-4dea-ab4c-a99dcf6a29cc@group-7FDCA6924737-FollowerState
2022-02-08 12:42:13,093 [pool-283-thread-1] INFO  server.RaftServerConfigKeys (ConfUtils.java:logGet(44)) - raft.server.snapshot.auto.trigger.enabled = true (custom)
2022-02-08 12:42:13,095 [pool-283-thread-1] INFO  server.RaftServerConfigKeys (ConfUtils.java:logGet(44)) - raft.server.snapshot.auto.trigger.threshold = 10000 (custom)
2022-02-08 12:42:13,095 [pool-283-thread-1] INFO  server.RaftServerConfigKeys (ConfUtils.java:logGet(44)) - raft.server.snapshot.retention.file.num = 5 (custom)
2022-02-08 12:42:13,095 [EventQueue-OpenPipelineForHealthyPipelineSafeModeRule] INFO  safemode.SCMSafeModeManager (HealthyPipelineSafeModeRule.java:process(124)) - SCM in safe mode. Healthy pipelines reported count is 0, required healthy pipeline reported count is 1
2022-02-08 12:42:13,095 [pool-283-thread-1] INFO  server.RaftServerConfigKeys (ConfUtils.java:logGet(44)) - raft.server.log.purge.upto.snapshot.index = false (default)
2022-02-08 12:42:13,102 [pool-262-thread-1] INFO  util.JmxRegister (JmxRegister.java:tryRegister(44)) - Successfully registered JMX Bean with object name Ratis:service=RaftServer,group=group-7FDCA6924737,id=49948d64-f13f-4dea-ab4c-a99dcf6a29cc
2022-02-08 12:42:13,118 [Command processor thread] INFO  ratis.XceiverServerRatis (XceiverServerRatis.java:addGroup(768)) - Created group PipelineID=c825ce4c-d337-4d58-8d7f-7fdca6924737
2022-02-08 12:42:13,118 [Command processor thread] INFO  commandhandler.CreatePipelineCommandHandler (CreatePipelineCommandHandler.java:handle(106)) - Created Pipeline RATIS ONE PipelineID=c825ce4c-d337-4d58-8d7f-7fdca6924737.
2022-02-08 12:42:13,118 [pool-283-thread-1] INFO  server.RaftServerConfigKeys (ConfUtils.java:logGet(44)) - raft.server.retrycache.expirytime = 600000ms (custom)
2022-02-08 12:42:13,118 [pool-283-thread-1] INFO  server.RaftServerConfigKeys (ConfUtils.java:logGet(44)) - raft.server.retrycache.statistics.expirytime = 100μs (default)
2022-02-08 12:42:13,120 [pool-283-thread-1] INFO  server.RaftServer$Division (RaftServerImpl.java:start(301)) - ddfda897-e03d-4d19-9b1c-17acf61c97d5@group-885A5AF52B02: start as a follower, conf=-1: [2bb38a5d-0509-4181-8b7b-057f495cfd4a|rpc:10.1.0.54:35129|dataStream:|priority:0, ddfda897-e03d-4d19-9b1c-17acf61c97d5|rpc:10.1.0.54:45499|dataStream:|priority:0, 49948d64-f13f-4dea-ab4c-a99dcf6a29cc|rpc:10.1.0.54:40329|dataStream:|priority:1], old=null
2022-02-08 12:42:13,120 [pool-283-thread-1] INFO  server.RaftServer$Division (RaftServerImpl.java:setRole(290)) - ddfda897-e03d-4d19-9b1c-17acf61c97d5@group-885A5AF52B02: changes role from      null to FOLLOWER at term 0 for startAsFollower
2022-02-08 12:42:13,120 [pool-283-thread-1] INFO  impl.RoleInfo (RoleInfo.java:updateAndGet(130)) - ddfda897-e03d-4d19-9b1c-17acf61c97d5: start ddfda897-e03d-4d19-9b1c-17acf61c97d5@group-885A5AF52B02-FollowerState
2022-02-08 12:42:13,136 [pool-283-thread-1] INFO  util.JmxRegister (JmxRegister.java:tryRegister(44)) - Successfully registered JMX Bean with object name Ratis:service=RaftServer,group=group-885A5AF52B02,id=ddfda897-e03d-4d19-9b1c-17acf61c97d5
2022-02-08 12:42:13,157 [Command processor thread] INFO  commandhandler.CreatePipelineCommandHandler (CreatePipelineCommandHandler.java:handle(106)) - Created Pipeline RATIS THREE PipelineID=11834e7a-92ed-43f2-b9d8-885a5af52b02.
2022-02-08 12:42:13,443 [Command processor thread] INFO  server.RaftServer (RaftServerProxy.java:addNew(95)) - ddfda897-e03d-4d19-9b1c-17acf61c97d5: addNew group-C6423B7B2888:[ddfda897-e03d-4d19-9b1c-17acf61c97d5|rpc:10.1.0.54:45499|priority:1] returns group-C6423B7B2888:java.util.concurrent.CompletableFuture@52aa9a8[Not completed]
2022-02-08 12:42:13,445 [pool-283-thread-1] INFO  server.RaftServer$Division (RaftServerImpl.java:<init>(184)) - ddfda897-e03d-4d19-9b1c-17acf61c97d5: new RaftServerImpl for group-C6423B7B2888:[ddfda897-e03d-4d19-9b1c-17acf61c97d5|rpc:10.1.0.54:45499|priority:1] with ContainerStateMachine:uninitialized
2022-02-08 12:42:13,445 [pool-283-thread-1] INFO  server.RaftServerConfigKeys (ConfUtils.java:logGet(44)) - raft.server.rpc.timeout.min = 5s (custom)
2022-02-08 12:42:13,445 [pool-283-thread-1] INFO  server.RaftServerConfigKeys (ConfUtils.java:logGet(44)) - raft.server.rpc.timeout.max = 5200ms (custom)
2022-02-08 12:42:13,445 [pool-283-thread-1] INFO  server.RaftServerConfigKeys (ConfUtils.java:logGet(44)) - raft.server.rpc.sleep.time = 25ms (default)
2022-02-08 12:42:13,445 [pool-283-thread-1] INFO  server.RaftServerConfigKeys (ConfUtils.java:logGet(44)) - raft.server.rpc.slowness.timeout = 300s (custom)
2022-02-08 12:42:13,445 [pool-283-thread-1] INFO  server.RaftServerConfigKeys (ConfUtils.java:logGet(44)) - raft.server.leaderelection.leader.step-down.wait-time = 10s (default)
2022-02-08 12:42:13,445 [pool-283-thread-1] INFO  server.RaftServerConfigKeys (ConfUtils.java:logGet(44)) - raft.server.sleep.deviation.threshold = 300ms (default)
2022-02-08 12:42:13,445 [pool-283-thread-1] INFO  server.RaftServerConfigKeys (ConfUtils.java:logGet(44)) - raft.server.log.appender.install.snapshot.enabled = false (custom)
2022-02-08 12:42:13,445 [pool-283-thread-1] INFO  server.RaftServer$Division (ServerState.java:<init>(105)) - ddfda897-e03d-4d19-9b1c-17acf61c97d5@group-C6423B7B2888: ConfigurationManager, init=-1: [ddfda897-e03d-4d19-9b1c-17acf61c97d5|rpc:10.1.0.54:45499|priority:1], old=null, confs=<EMPTY_MAP>
2022-02-08 12:42:13,445 [pool-283-thread-1] INFO  server.RaftServerConfigKeys (ConfUtils.java:logGet(44)) - raft.server.storage.dir = [/home/runner/work/ozone/ozone/hadoop-ozone/integration-test/target/test-dir/MiniOzoneClusterImpl-d9fbf9ff-2b62-4fa3-b93a-ae8b8ac18067/datanode-2/data/ratis] (custom)
2022-02-08 12:42:13,445 [pool-283-thread-1] INFO  server.RaftServerConfigKeys (ConfUtils.java:logGet(44)) - raft.server.log.corruption.policy = EXCEPTION (default)
2022-02-08 12:42:13,446 [pool-283-thread-1] INFO  server.RaftServerConfigKeys (ConfUtils.java:logGet(44)) - raft.server.storage.free-space.min = 0MB (=0) (default)
2022-02-08 12:42:13,446 [pool-283-thread-1] INFO  storage.RaftStorageDirectory (RaftStorageDirectoryImpl.java:analyzeStorage(135)) - The storage directory /home/runner/work/ozone/ozone/hadoop-ozone/integration-test/target/test-dir/MiniOzoneClusterImpl-d9fbf9ff-2b62-4fa3-b93a-ae8b8ac18067/datanode-2/data/ratis/31cb5ce9-1afb-43f8-992c-c6423b7b2888 does not exist. Creating ...
2022-02-08 12:42:13,451 [pool-283-thread-1] INFO  storage.RaftStorageDirectory (RaftStorageDirectoryImpl.java:tryLock(230)) - Lock on /home/runner/work/ozone/ozone/hadoop-ozone/integration-test/target/test-dir/MiniOzoneClusterImpl-d9fbf9ff-2b62-4fa3-b93a-ae8b8ac18067/datanode-2/data/ratis/31cb5ce9-1afb-43f8-992c-c6423b7b2888/in_use.lock acquired by nodename 23558@fv-az122-430
2022-02-08 12:42:13,459 [Listener at 127.0.0.1/43683] INFO  ozone.MiniOzoneClusterImpl (MiniOzoneClusterImpl.java:lambda$waitForClusterToBeReady$0(219)) - Nodes are ready. Got 3 of 3 DN Heartbeats.
2022-02-08 12:42:13,459 [Listener at 127.0.0.1/43683] INFO  ozone.MiniOzoneClusterImpl (MiniOzoneClusterImpl.java:lambda$waitForClusterToBeReady$0(222)) - Waiting for cluster to exit safe mode
2022-02-08 12:42:13,459 [Listener at 127.0.0.1/43683] INFO  ozone.MiniOzoneClusterImpl (MiniOzoneClusterImpl.java:lambda$waitForClusterToBeReady$0(224)) - SCM became leader
2022-02-08 12:42:13,466 [pool-283-thread-1] INFO  storage.RaftStorage (RaftStorageImpl.java:format(89)) - Storage directory /home/runner/work/ozone/ozone/hadoop-ozone/integration-test/target/test-dir/MiniOzoneClusterImpl-d9fbf9ff-2b62-4fa3-b93a-ae8b8ac18067/datanode-2/data/ratis/31cb5ce9-1afb-43f8-992c-c6423b7b2888 has been successfully formatted.
2022-02-08 12:42:13,466 [pool-283-thread-1] INFO  ratis.ContainerStateMachine (ContainerStateMachine.java:loadSnapshot(231)) - group-C6423B7B2888: The snapshot info is null. Setting the last applied indexto:(t:0, i:~)
2022-02-08 12:42:13,466 [pool-283-thread-1] INFO  server.RaftServerConfigKeys (ConfUtils.java:logGet(44)) - raft.server.notification.no-leader.timeout = 300s (custom)
2022-02-08 12:42:13,467 [pool-283-thread-1] INFO  server.RaftServerConfigKeys (ConfUtils.java:logGet(44)) - raft.server.log.use.memory = false (default)
2022-02-08 12:42:13,467 [pool-283-thread-1] INFO  server.RaftServerConfigKeys (ConfUtils.java:logGet(44)) - raft.server.log.purge.gap = 1000000 (custom)
2022-02-08 12:42:13,467 [pool-283-thread-1] INFO  server.RaftServerConfigKeys (ConfUtils.java:logGet(44)) - raft.server.log.appender.buffer.byte-limit = 33554432 (custom)
2022-02-08 12:42:13,467 [pool-283-thread-1] INFO  server.RaftServerConfigKeys (ConfUtils.java:logGet(44)) - raft.server.log.segment.size.max = 1048576 (custom)
2022-02-08 12:42:13,468 [pool-283-thread-1] INFO  server.RaftServerConfigKeys (ConfUtils.java:logGet(44)) - raft.server.log.segment.cache.num.max = 2 (custom)
2022-02-08 12:42:13,468 [pool-283-thread-1] INFO  server.RaftServerConfigKeys (ConfUtils.java:logGet(44)) - raft.server.log.segment.cache.size.max = 200MB (=209715200) (default)
2022-02-08 12:42:13,468 [pool-283-thread-1] INFO  segmented.SegmentedRaftLogWorker (SegmentedRaftLogWorker.java:<init>(182)) - new ddfda897-e03d-4d19-9b1c-17acf61c97d5@group-C6423B7B2888-SegmentedRaftLogWorker for RaftStorageImpl:Storage Directory /home/runner/work/ozone/ozone/hadoop-ozone/integration-test/target/test-dir/MiniOzoneClusterImpl-d9fbf9ff-2b62-4fa3-b93a-ae8b8ac18067/datanode-2/data/ratis/31cb5ce9-1afb-43f8-992c-c6423b7b2888
2022-02-08 12:42:13,468 [pool-283-thread-1] INFO  server.RaftServerConfigKeys (ConfUtils.java:logGet(44)) - raft.server.log.queue.byte-limit = 2147483647 (custom)
2022-02-08 12:42:13,468 [pool-283-thread-1] INFO  server.RaftServerConfigKeys (ConfUtils.java:logGet(44)) - raft.server.log.queue.element-limit = 1024 (custom)
2022-02-08 12:42:13,468 [pool-283-thread-1] INFO  server.RaftServerConfigKeys (ConfUtils.java:logGet(44)) - raft.server.log.segment.size.max = 1048576 (custom)
2022-02-08 12:42:13,468 [pool-283-thread-1] INFO  server.RaftServerConfigKeys (ConfUtils.java:logGet(44)) - raft.server.log.preallocated.size = 16384 (custom)
2022-02-08 12:42:13,468 [pool-283-thread-1] INFO  server.RaftServerConfigKeys (ConfUtils.java:logGet(44)) - raft.server.log.force.sync.num = 128 (default)
2022-02-08 12:42:13,468 [pool-283-thread-1] INFO  server.RaftServerConfigKeys (ConfUtils.java:logGet(44)) - raft.server.log.statemachine.data.sync = true (default)
2022-02-08 12:42:13,468 [pool-283-thread-1] INFO  server.RaftServerConfigKeys (ConfUtils.java:logGet(44)) - raft.server.log.statemachine.data.sync.timeout = 10s (default)
2022-02-08 12:42:13,468 [pool-283-thread-1] INFO  server.RaftServerConfigKeys (ConfUtils.java:logGet(44)) - raft.server.log.statemachine.data.sync.timeout.retry = -1 (default)
2022-02-08 12:42:13,470 [pool-283-thread-1] INFO  server.RaftServerConfigKeys (ConfUtils.java:logGet(44)) - raft.server.log.write.buffer.size = 1048576 (custom)
2022-02-08 12:42:13,471 [pool-283-thread-1] INFO  server.RaftServerConfigKeys (ConfUtils.java:logGet(44)) - raft.server.log.statemachine.data.caching.enabled = true (custom)
2022-02-08 12:42:13,471 [pool-283-thread-1] INFO  segmented.SegmentedRaftLogWorker (SegmentedRaftLogWorker.java:lambda$new$0(133)) - ddfda897-e03d-4d19-9b1c-17acf61c97d5@group-C6423B7B2888-SegmentedRaftLogWorker: flushIndex: setUnconditionally 0 -> -1
2022-02-08 12:42:13,471 [pool-283-thread-1] INFO  segmented.SegmentedRaftLogWorker (SegmentedRaftLogWorker.java:lambda$new$0(133)) - ddfda897-e03d-4d19-9b1c-17acf61c97d5@group-C6423B7B2888-SegmentedRaftLogWorker: safeCacheEvictIndex: setUnconditionally 0 -> -1
2022-02-08 12:42:13,471 [EventQueue-PipelineReportForPipelineReportHandler] INFO  pipeline.PipelineManagerImpl (PipelineManagerImpl.java:openPipeline(291)) - Pipeline Pipeline[ Id: 31cb5ce9-1afb-43f8-992c-c6423b7b2888, Nodes: ddfda897-e03d-4d19-9b1c-17acf61c97d5{ip: 10.1.0.54, host: fv-az122-430.zf1tlrj3kn4expqppa1j4mpycf.xx.internal.cloudapp.net, ports: [REPLICATION=36043, RATIS=45499, RATIS_ADMIN=45499, RATIS_SERVER=45499, STANDALONE=35713], networkLocation: /default-rack, certSerialId: null, persistedOpState: IN_SERVICE, persistedOpStateExpiryEpochSec: 0}, ReplicationConfig: RATIS/ONE, State:ALLOCATED, leaderId:ddfda897-e03d-4d19-9b1c-17acf61c97d5, CreationTimestamp2022-02-08T12:42:10.447Z[Etc/UTC]] moved to OPEN state
2022-02-08 12:42:13,475 [783707b5-d5e8-417f-9e8a-1f11149e73f9@group-AE8B8AC18067-StateMachineUpdater] INFO  safemode.HealthyPipelineSafeModeRule (HealthyPipelineSafeModeRule.java:initializeRule(152)) - Refreshed total pipeline count is 0, healthy pipeline threshold count is 1
2022-02-08 12:42:13,476 [EventQueue-OpenPipelineForHealthyPipelineSafeModeRule] INFO  safemode.SCMSafeModeManager (HealthyPipelineSafeModeRule.java:process(124)) - SCM in safe mode. Healthy pipelines reported count is 0, required healthy pipeline reported count is 1
2022-02-08 12:42:13,478 [pool-283-thread-1] INFO  server.RaftServerConfigKeys (ConfUtils.java:logGet(44)) - raft.server.snapshot.auto.trigger.enabled = true (custom)
2022-02-08 12:42:13,480 [pool-283-thread-1] INFO  server.RaftServerConfigKeys (ConfUtils.java:logGet(44)) - raft.server.snapshot.auto.trigger.threshold = 10000 (custom)
2022-02-08 12:42:13,480 [pool-283-thread-1] INFO  server.RaftServerConfigKeys (ConfUtils.java:logGet(44)) - raft.server.snapshot.retention.file.num = 5 (custom)
2022-02-08 12:42:13,480 [pool-283-thread-1] INFO  server.RaftServerConfigKeys (ConfUtils.java:logGet(44)) - raft.server.log.purge.upto.snapshot.index = false (default)
2022-02-08 12:42:13,480 [pool-283-thread-1] INFO  server.RaftServerConfigKeys (ConfUtils.java:logGet(44)) - raft.server.retrycache.expirytime = 600000ms (custom)
2022-02-08 12:42:13,480 [pool-283-thread-1] INFO  server.RaftServerConfigKeys (ConfUtils.java:logGet(44)) - raft.server.retrycache.statistics.expirytime = 100μs (default)
2022-02-08 12:42:13,482 [pool-283-thread-1] INFO  server.RaftServer$Division (RaftServerImpl.java:start(301)) - ddfda897-e03d-4d19-9b1c-17acf61c97d5@group-C6423B7B2888: start as a follower, conf=-1: [ddfda897-e03d-4d19-9b1c-17acf61c97d5|rpc:10.1.0.54:45499|priority:1], old=null
2022-02-08 12:42:13,482 [pool-283-thread-1] INFO  server.RaftServer$Division (RaftServerImpl.java:setRole(290)) - ddfda897-e03d-4d19-9b1c-17acf61c97d5@group-C6423B7B2888: changes role from      null to FOLLOWER at term 0 for startAsFollower
2022-02-08 12:42:13,482 [pool-283-thread-1] INFO  impl.RoleInfo (RoleInfo.java:updateAndGet(130)) - ddfda897-e03d-4d19-9b1c-17acf61c97d5: start ddfda897-e03d-4d19-9b1c-17acf61c97d5@group-C6423B7B2888-FollowerState
2022-02-08 12:42:13,509 [pool-283-thread-1] INFO  util.JmxRegister (JmxRegister.java:tryRegister(44)) - Successfully registered JMX Bean with object name Ratis:service=RaftServer,group=group-C6423B7B2888,id=ddfda897-e03d-4d19-9b1c-17acf61c97d5
2022-02-08 12:42:13,513 [Command processor thread] INFO  ratis.XceiverServerRatis (XceiverServerRatis.java:addGroup(768)) - Created group PipelineID=31cb5ce9-1afb-43f8-992c-c6423b7b2888
2022-02-08 12:42:13,513 [Command processor thread] INFO  commandhandler.CreatePipelineCommandHandler (CreatePipelineCommandHandler.java:handle(106)) - Created Pipeline RATIS ONE PipelineID=31cb5ce9-1afb-43f8-992c-c6423b7b2888.
2022-02-08 12:42:14,459 [Listener at 127.0.0.1/43683] INFO  ozone.MiniOzoneClusterImpl (MiniOzoneClusterImpl.java:lambda$waitForClusterToBeReady$0(219)) - Nodes are ready. Got 3 of 3 DN Heartbeats.
2022-02-08 12:42:14,459 [Listener at 127.0.0.1/43683] INFO  ozone.MiniOzoneClusterImpl (MiniOzoneClusterImpl.java:lambda$waitForClusterToBeReady$0(222)) - Waiting for cluster to exit safe mode
2022-02-08 12:42:14,459 [Listener at 127.0.0.1/43683] INFO  ozone.MiniOzoneClusterImpl (MiniOzoneClusterImpl.java:lambda$waitForClusterToBeReady$0(224)) - SCM became leader
2022-02-08 12:42:15,460 [Listener at 127.0.0.1/43683] INFO  ozone.MiniOzoneClusterImpl (MiniOzoneClusterImpl.java:lambda$waitForClusterToBeReady$0(219)) - Nodes are ready. Got 3 of 3 DN Heartbeats.
2022-02-08 12:42:15,460 [Listener at 127.0.0.1/43683] INFO  ozone.MiniOzoneClusterImpl (MiniOzoneClusterImpl.java:lambda$waitForClusterToBeReady$0(222)) - Waiting for cluster to exit safe mode
2022-02-08 12:42:15,460 [Listener at 127.0.0.1/43683] INFO  ozone.MiniOzoneClusterImpl (MiniOzoneClusterImpl.java:lambda$waitForClusterToBeReady$0(224)) - SCM became leader
2022-02-08 12:42:16,462 [Listener at 127.0.0.1/43683] INFO  ozone.MiniOzoneClusterImpl (MiniOzoneClusterImpl.java:lambda$waitForClusterToBeReady$0(219)) - Nodes are ready. Got 3 of 3 DN Heartbeats.
2022-02-08 12:42:16,463 [Listener at 127.0.0.1/43683] INFO  ozone.MiniOzoneClusterImpl (MiniOzoneClusterImpl.java:lambda$waitForClusterToBeReady$0(222)) - Waiting for cluster to exit safe mode
2022-02-08 12:42:16,463 [Listener at 127.0.0.1/43683] INFO  ozone.MiniOzoneClusterImpl (MiniOzoneClusterImpl.java:lambda$waitForClusterToBeReady$0(224)) - SCM became leader
2022-02-08 12:42:17,463 [Listener at 127.0.0.1/43683] INFO  ozone.MiniOzoneClusterImpl (MiniOzoneClusterImpl.java:lambda$waitForClusterToBeReady$0(219)) - Nodes are ready. Got 3 of 3 DN Heartbeats.
2022-02-08 12:42:17,463 [Listener at 127.0.0.1/43683] INFO  ozone.MiniOzoneClusterImpl (MiniOzoneClusterImpl.java:lambda$waitForClusterToBeReady$0(222)) - Waiting for cluster to exit safe mode
2022-02-08 12:42:17,463 [Listener at 127.0.0.1/43683] INFO  ozone.MiniOzoneClusterImpl (MiniOzoneClusterImpl.java:lambda$waitForClusterToBeReady$0(224)) - SCM became leader
2022-02-08 12:42:17,898 [2bb38a5d-0509-4181-8b7b-057f495cfd4a@group-885A5AF52B02-FollowerState] INFO  impl.FollowerState (FollowerState.java:run(134)) - 2bb38a5d-0509-4181-8b7b-057f495cfd4a@group-885A5AF52B02-FollowerState: change to CANDIDATE, lastRpcElapsedTime:5050624504ns, electionTimeout:5047ms
2022-02-08 12:42:17,898 [2bb38a5d-0509-4181-8b7b-057f495cfd4a@group-885A5AF52B02-FollowerState] INFO  impl.RoleInfo (RoleInfo.java:shutdownFollowerState(108)) - 2bb38a5d-0509-4181-8b7b-057f495cfd4a: shutdown 2bb38a5d-0509-4181-8b7b-057f495cfd4a@group-885A5AF52B02-FollowerState
2022-02-08 12:42:17,898 [2bb38a5d-0509-4181-8b7b-057f495cfd4a@group-885A5AF52B02-FollowerState] INFO  server.RaftServer$Division (RaftServerImpl.java:setRole(290)) - 2bb38a5d-0509-4181-8b7b-057f495cfd4a@group-885A5AF52B02: changes role from  FOLLOWER to CANDIDATE at term 0 for changeToCandidate
2022-02-08 12:42:17,898 [2bb38a5d-0509-4181-8b7b-057f495cfd4a@group-885A5AF52B02-FollowerState] INFO  server.RaftServerConfigKeys (ConfUtils.java:logGet(44)) - raft.server.leaderelection.pre-vote = false (custom)
2022-02-08 12:42:17,898 [2bb38a5d-0509-4181-8b7b-057f495cfd4a@group-885A5AF52B02-FollowerState] INFO  impl.RoleInfo (RoleInfo.java:updateAndGet(130)) - 2bb38a5d-0509-4181-8b7b-057f495cfd4a: start 2bb38a5d-0509-4181-8b7b-057f495cfd4a@group-885A5AF52B02-LeaderElection17
2022-02-08 12:42:17,915 [2bb38a5d-0509-4181-8b7b-057f495cfd4a@group-885A5AF52B02-LeaderElection17] INFO  impl.LeaderElection (LeaderElection.java:askForVotes(306)) - 2bb38a5d-0509-4181-8b7b-057f495cfd4a@group-885A5AF52B02-LeaderElection17 ELECTION round 0: submit vote requests at term 1 for -1: [2bb38a5d-0509-4181-8b7b-057f495cfd4a|rpc:10.1.0.54:35129|priority:0, ddfda897-e03d-4d19-9b1c-17acf61c97d5|rpc:10.1.0.54:45499|priority:0, 49948d64-f13f-4dea-ab4c-a99dcf6a29cc|rpc:10.1.0.54:40329|priority:1], old=null
2022-02-08 12:42:17,934 [grpc-default-executor-3] INFO  server.RaftServer$Division (RaftServerImpl.java:requestVote(1046)) - ddfda897-e03d-4d19-9b1c-17acf61c97d5@group-885A5AF52B02: receive requestVote(ELECTION, 2bb38a5d-0509-4181-8b7b-057f495cfd4a, group-885A5AF52B02, 1, (t:0, i:0))
2022-02-08 12:42:17,934 [grpc-default-executor-3] INFO  impl.VoteContext (VoteContext.java:log(48)) - ddfda897-e03d-4d19-9b1c-17acf61c97d5@group-885A5AF52B02-FOLLOWER: accept ELECTION from 2bb38a5d-0509-4181-8b7b-057f495cfd4a: our priority 0 <= candidate's priority 0
2022-02-08 12:42:17,934 [grpc-default-executor-3] INFO  server.RaftServer$Division (RaftServerImpl.java:setRole(290)) - ddfda897-e03d-4d19-9b1c-17acf61c97d5@group-885A5AF52B02: changes role from  FOLLOWER to FOLLOWER at term 1 for candidate:2bb38a5d-0509-4181-8b7b-057f495cfd4a
2022-02-08 12:42:17,935 [grpc-default-executor-3] INFO  impl.RoleInfo (RoleInfo.java:shutdownFollowerState(108)) - ddfda897-e03d-4d19-9b1c-17acf61c97d5: shutdown ddfda897-e03d-4d19-9b1c-17acf61c97d5@group-885A5AF52B02-FollowerState
2022-02-08 12:42:17,935 [grpc-default-executor-3] INFO  impl.RoleInfo (RoleInfo.java:updateAndGet(130)) - ddfda897-e03d-4d19-9b1c-17acf61c97d5: start ddfda897-e03d-4d19-9b1c-17acf61c97d5@group-885A5AF52B02-FollowerState
2022-02-08 12:42:17,937 [grpc-default-executor-3] INFO  server.RaftServer$Division (RaftServerImpl.java:requestVote(1078)) - ddfda897-e03d-4d19-9b1c-17acf61c97d5@group-885A5AF52B02 replies to ELECTION vote request: 2bb38a5d-0509-4181-8b7b-057f495cfd4a<-ddfda897-e03d-4d19-9b1c-17acf61c97d5#0:OK-t1. Peer's state: ddfda897-e03d-4d19-9b1c-17acf61c97d5@group-885A5AF52B02:t1, leader=null, voted=2bb38a5d-0509-4181-8b7b-057f495cfd4a, raftlog=ddfda897-e03d-4d19-9b1c-17acf61c97d5@group-885A5AF52B02-SegmentedRaftLog:OPENED:c-1, conf=-1: [2bb38a5d-0509-4181-8b7b-057f495cfd4a|rpc:10.1.0.54:35129|dataStream:|priority:0, ddfda897-e03d-4d19-9b1c-17acf61c97d5|rpc:10.1.0.54:45499|dataStream:|priority:0, 49948d64-f13f-4dea-ab4c-a99dcf6a29cc|rpc:10.1.0.54:40329|dataStream:|priority:1], old=null
2022-02-08 12:42:17,937 [ddfda897-e03d-4d19-9b1c-17acf61c97d5@group-885A5AF52B02-FollowerState] INFO  impl.FollowerState (FollowerState.java:run(143)) - ddfda897-e03d-4d19-9b1c-17acf61c97d5@group-885A5AF52B02-FollowerState was interrupted: {}
java.lang.InterruptedException: sleep interrupted
	at java.lang.Thread.sleep(Native Method)
	at java.lang.Thread.sleep(Thread.java:340)
	at java.util.concurrent.TimeUnit.sleep(TimeUnit.java:386)
	at org.apache.ratis.util.TimeDuration.sleep(TimeDuration.java:324)
	at org.apache.ratis.util.TimeDuration.sleep(TimeDuration.java:309)
	at org.apache.ratis.server.impl.FollowerState.run(FollowerState.java:118)
2022-02-08 12:42:17,952 [2bb38a5d-0509-4181-8b7b-057f495cfd4a@group-C0DC1D3C2AE8-FollowerState] INFO  impl.FollowerState (FollowerState.java:run(134)) - 2bb38a5d-0509-4181-8b7b-057f495cfd4a@group-C0DC1D3C2AE8-FollowerState: change to CANDIDATE, lastRpcElapsedTime:5139999405ns, electionTimeout:5129ms
2022-02-08 12:42:17,952 [2bb38a5d-0509-4181-8b7b-057f495cfd4a@group-C0DC1D3C2AE8-FollowerState] INFO  impl.RoleInfo (RoleInfo.java:shutdownFollowerState(108)) - 2bb38a5d-0509-4181-8b7b-057f495cfd4a: shutdown 2bb38a5d-0509-4181-8b7b-057f495cfd4a@group-C0DC1D3C2AE8-FollowerState
2022-02-08 12:42:17,952 [2bb38a5d-0509-4181-8b7b-057f495cfd4a@group-C0DC1D3C2AE8-FollowerState] INFO  server.RaftServer$Division (RaftServerImpl.java:setRole(290)) - 2bb38a5d-0509-4181-8b7b-057f495cfd4a@group-C0DC1D3C2AE8: changes role from  FOLLOWER to CANDIDATE at term 0 for changeToCandidate
2022-02-08 12:42:17,952 [2bb38a5d-0509-4181-8b7b-057f495cfd4a@group-C0DC1D3C2AE8-FollowerState] INFO  server.RaftServerConfigKeys (ConfUtils.java:logGet(44)) - raft.server.leaderelection.pre-vote = false (custom)
2022-02-08 12:42:17,953 [2bb38a5d-0509-4181-8b7b-057f495cfd4a@group-C0DC1D3C2AE8-FollowerState] INFO  impl.RoleInfo (RoleInfo.java:updateAndGet(130)) - 2bb38a5d-0509-4181-8b7b-057f495cfd4a: start 2bb38a5d-0509-4181-8b7b-057f495cfd4a@group-C0DC1D3C2AE8-LeaderElection18
2022-02-08 12:42:17,974 [grpc-default-executor-3] INFO  server.RaftServer$Division (RaftServerImpl.java:requestVote(1046)) - 49948d64-f13f-4dea-ab4c-a99dcf6a29cc@group-885A5AF52B02: receive requestVote(ELECTION, 2bb38a5d-0509-4181-8b7b-057f495cfd4a, group-885A5AF52B02, 1, (t:0, i:0))
2022-02-08 12:42:17,974 [grpc-default-executor-3] INFO  impl.VoteContext (VoteContext.java:log(48)) - 49948d64-f13f-4dea-ab4c-a99dcf6a29cc@group-885A5AF52B02-FOLLOWER: reject ELECTION from 2bb38a5d-0509-4181-8b7b-057f495cfd4a: our priority 1 > candidate's priority 0
2022-02-08 12:42:17,974 [grpc-default-executor-3] INFO  server.RaftServer$Division (RaftServerImpl.java:setRole(290)) - 49948d64-f13f-4dea-ab4c-a99dcf6a29cc@group-885A5AF52B02: changes role from  FOLLOWER to FOLLOWER at term 1 for candidate:2bb38a5d-0509-4181-8b7b-057f495cfd4a
2022-02-08 12:42:17,974 [grpc-default-executor-3] INFO  impl.RoleInfo (RoleInfo.java:shutdownFollowerState(108)) - 49948d64-f13f-4dea-ab4c-a99dcf6a29cc: shutdown 49948d64-f13f-4dea-ab4c-a99dcf6a29cc@group-885A5AF52B02-FollowerState
2022-02-08 12:42:17,974 [grpc-default-executor-3] INFO  impl.RoleInfo (RoleInfo.java:updateAndGet(130)) - 49948d64-f13f-4dea-ab4c-a99dcf6a29cc: start 49948d64-f13f-4dea-ab4c-a99dcf6a29cc@group-885A5AF52B02-FollowerState
2022-02-08 12:42:17,974 [49948d64-f13f-4dea-ab4c-a99dcf6a29cc@group-885A5AF52B02-FollowerState] INFO  impl.FollowerState (FollowerState.java:run(143)) - 49948d64-f13f-4dea-ab4c-a99dcf6a29cc@group-885A5AF52B02-FollowerState was interrupted: {}
java.lang.InterruptedException: sleep interrupted
	at java.lang.Thread.sleep(Native Method)
	at java.lang.Thread.sleep(Thread.java:340)
	at java.util.concurrent.TimeUnit.sleep(TimeUnit.java:386)
	at org.apache.ratis.util.TimeDuration.sleep(TimeDuration.java:324)
	at org.apache.ratis.util.TimeDuration.sleep(TimeDuration.java:309)
	at org.apache.ratis.server.impl.FollowerState.run(FollowerState.java:118)
2022-02-08 12:42:17,977 [grpc-default-executor-3] INFO  server.RaftServer$Division (RaftServerImpl.java:requestVote(1078)) - 49948d64-f13f-4dea-ab4c-a99dcf6a29cc@group-885A5AF52B02 replies to ELECTION vote request: 2bb38a5d-0509-4181-8b7b-057f495cfd4a<-49948d64-f13f-4dea-ab4c-a99dcf6a29cc#0:FAIL-t1. Peer's state: 49948d64-f13f-4dea-ab4c-a99dcf6a29cc@group-885A5AF52B02:t1, leader=null, voted=null, raftlog=49948d64-f13f-4dea-ab4c-a99dcf6a29cc@group-885A5AF52B02-SegmentedRaftLog:OPENED:c-1, conf=-1: [2bb38a5d-0509-4181-8b7b-057f495cfd4a|rpc:10.1.0.54:35129|dataStream:|priority:0, ddfda897-e03d-4d19-9b1c-17acf61c97d5|rpc:10.1.0.54:45499|dataStream:|priority:0, 49948d64-f13f-4dea-ab4c-a99dcf6a29cc|rpc:10.1.0.54:40329|dataStream:|priority:1], old=null
2022-02-08 12:42:17,979 [2bb38a5d-0509-4181-8b7b-057f495cfd4a@group-885A5AF52B02-LeaderElection17] INFO  impl.LeaderElection (LeaderElection.java:logAndReturn(89)) - 2bb38a5d-0509-4181-8b7b-057f495cfd4a@group-885A5AF52B02-LeaderElection17: ELECTION REJECTED received 2 response(s) and 0 exception(s):
2022-02-08 12:42:17,979 [2bb38a5d-0509-4181-8b7b-057f495cfd4a@group-885A5AF52B02-LeaderElection17] INFO  impl.LeaderElection (LeaderElection.java:logAndReturn(93)) -   Response 0: 2bb38a5d-0509-4181-8b7b-057f495cfd4a<-ddfda897-e03d-4d19-9b1c-17acf61c97d5#0:OK-t1
2022-02-08 12:42:17,979 [2bb38a5d-0509-4181-8b7b-057f495cfd4a@group-885A5AF52B02-LeaderElection17] INFO  impl.LeaderElection (LeaderElection.java:logAndReturn(93)) -   Response 1: 2bb38a5d-0509-4181-8b7b-057f495cfd4a<-49948d64-f13f-4dea-ab4c-a99dcf6a29cc#0:FAIL-t1
2022-02-08 12:42:17,979 [2bb38a5d-0509-4181-8b7b-057f495cfd4a@group-885A5AF52B02-LeaderElection17] INFO  impl.LeaderElection (LeaderElection.java:askForVotes(308)) - 2bb38a5d-0509-4181-8b7b-057f495cfd4a@group-885A5AF52B02-LeaderElection17 ELECTION round 0: result REJECTED
2022-02-08 12:42:17,979 [2bb38a5d-0509-4181-8b7b-057f495cfd4a@group-885A5AF52B02-LeaderElection17] INFO  server.RaftServer$Division (RaftServerImpl.java:setRole(290)) - 2bb38a5d-0509-4181-8b7b-057f495cfd4a@group-885A5AF52B02: changes role from CANDIDATE to FOLLOWER at term 1 for REJECTED
2022-02-08 12:42:17,979 [2bb38a5d-0509-4181-8b7b-057f495cfd4a@group-885A5AF52B02-LeaderElection17] INFO  impl.RoleInfo (RoleInfo.java:shutdownLeaderElection(121)) - 2bb38a5d-0509-4181-8b7b-057f495cfd4a: shutdown 2bb38a5d-0509-4181-8b7b-057f495cfd4a@group-885A5AF52B02-LeaderElection17
2022-02-08 12:42:17,979 [2bb38a5d-0509-4181-8b7b-057f495cfd4a@group-885A5AF52B02-LeaderElection17] INFO  impl.RoleInfo (RoleInfo.java:updateAndGet(130)) - 2bb38a5d-0509-4181-8b7b-057f495cfd4a: start 2bb38a5d-0509-4181-8b7b-057f495cfd4a@group-885A5AF52B02-FollowerState
2022-02-08 12:42:17,982 [2bb38a5d-0509-4181-8b7b-057f495cfd4a@group-C0DC1D3C2AE8-LeaderElection18] INFO  impl.LeaderElection (LeaderElection.java:askForVotes(306)) - 2bb38a5d-0509-4181-8b7b-057f495cfd4a@group-C0DC1D3C2AE8-LeaderElection18 ELECTION round 0: submit vote requests at term 1 for -1: [2bb38a5d-0509-4181-8b7b-057f495cfd4a|rpc:10.1.0.54:35129|priority:1], old=null
2022-02-08 12:42:17,994 [2bb38a5d-0509-4181-8b7b-057f495cfd4a@group-C0DC1D3C2AE8-LeaderElection18] INFO  impl.LeaderElection (LeaderElection.java:askForVotes(308)) - 2bb38a5d-0509-4181-8b7b-057f495cfd4a@group-C0DC1D3C2AE8-LeaderElection18 ELECTION round 0: result PASSED (term=1)
2022-02-08 12:42:17,994 [2bb38a5d-0509-4181-8b7b-057f495cfd4a@group-C0DC1D3C2AE8-LeaderElection18] INFO  impl.RoleInfo (RoleInfo.java:shutdownLeaderElection(121)) - 2bb38a5d-0509-4181-8b7b-057f495cfd4a: shutdown 2bb38a5d-0509-4181-8b7b-057f495cfd4a@group-C0DC1D3C2AE8-LeaderElection18
2022-02-08 12:42:17,994 [2bb38a5d-0509-4181-8b7b-057f495cfd4a@group-C0DC1D3C2AE8-LeaderElection18] INFO  server.RaftServer$Division (RaftServerImpl.java:setRole(290)) - 2bb38a5d-0509-4181-8b7b-057f495cfd4a@group-C0DC1D3C2AE8: changes role from CANDIDATE to LEADER at term 1 for changeToLeader
2022-02-08 12:42:17,994 [2bb38a5d-0509-4181-8b7b-057f495cfd4a@group-C0DC1D3C2AE8-LeaderElection18] INFO  ratis.XceiverServerRatis (XceiverServerRatis.java:handleLeaderChangedNotification(866)) - Leader change notification received for group: group-C0DC1D3C2AE8 with new leaderId: 2bb38a5d-0509-4181-8b7b-057f495cfd4a
2022-02-08 12:42:17,994 [2bb38a5d-0509-4181-8b7b-057f495cfd4a@group-C0DC1D3C2AE8-LeaderElection18] INFO  server.RaftServer$Division (ServerState.java:setLeader(285)) - 2bb38a5d-0509-4181-8b7b-057f495cfd4a@group-C0DC1D3C2AE8: change Leader from null to 2bb38a5d-0509-4181-8b7b-057f495cfd4a at term 1 for becomeLeader, leader elected after 5215ms
2022-02-08 12:42:17,994 [2bb38a5d-0509-4181-8b7b-057f495cfd4a@group-C0DC1D3C2AE8-LeaderElection18] INFO  server.RaftServerConfigKeys (ConfUtils.java:logGet(44)) - raft.server.staging.catchup.gap = 1000 (default)
2022-02-08 12:42:17,995 [2bb38a5d-0509-4181-8b7b-057f495cfd4a@group-C0DC1D3C2AE8-LeaderElection18] INFO  server.RaftServerConfigKeys (ConfUtils.java:logGet(44)) - raft.server.write.element-limit = 1024 (custom)
2022-02-08 12:42:17,995 [2bb38a5d-0509-4181-8b7b-057f495cfd4a@group-C0DC1D3C2AE8-LeaderElection18] INFO  server.RaftServerConfigKeys (ConfUtils.java:logGet(44)) - raft.server.write.byte-limit = 1024 M (=1073741824) (custom)
2022-02-08 12:42:17,995 [2bb38a5d-0509-4181-8b7b-057f495cfd4a@group-C0DC1D3C2AE8-LeaderElection18] INFO  server.RaftServerConfigKeys (ConfUtils.java:logGet(44)) - raft.server.watch.timeout = 180s (custom)
2022-02-08 12:42:17,995 [2bb38a5d-0509-4181-8b7b-057f495cfd4a@group-C0DC1D3C2AE8-LeaderElection18] INFO  server.RaftServerConfigKeys (ConfUtils.java:logGet(44)) - raft.server.watch.timeout.denomination = 1s (default)
2022-02-08 12:42:17,995 [2bb38a5d-0509-4181-8b7b-057f495cfd4a@group-C0DC1D3C2AE8-LeaderElection18] INFO  server.RaftServerConfigKeys (ConfUtils.java:logGet(44)) - raft.server.watch.element-limit = 65536 (default)
2022-02-08 12:42:17,995 [2bb38a5d-0509-4181-8b7b-057f495cfd4a@group-C0DC1D3C2AE8-LeaderElection18] INFO  server.RaftServerConfigKeys (ConfUtils.java:logGet(44)) - raft.server.write.element-limit = 1024 (custom)
2022-02-08 12:42:17,996 [2bb38a5d-0509-4181-8b7b-057f495cfd4a@group-C0DC1D3C2AE8-LeaderElection18] INFO  server.RaftServerConfigKeys (ConfUtils.java:logGet(44)) - raft.server.write.follower.gap.ratio.max = -1.0 (default)
2022-02-08 12:42:17,996 [2bb38a5d-0509-4181-8b7b-057f495cfd4a@group-C0DC1D3C2AE8-LeaderElection18] INFO  impl.RoleInfo (RoleInfo.java:updateAndGet(130)) - 2bb38a5d-0509-4181-8b7b-057f495cfd4a: start 2bb38a5d-0509-4181-8b7b-057f495cfd4a@group-C0DC1D3C2AE8-LeaderStateImpl
2022-02-08 12:42:17,996 [2bb38a5d-0509-4181-8b7b-057f495cfd4a@group-C0DC1D3C2AE8-LeaderElection18] INFO  segmented.SegmentedRaftLogWorker (SegmentedRaftLogWorker.java:startLogSegment(394)) - 2bb38a5d-0509-4181-8b7b-057f495cfd4a@group-C0DC1D3C2AE8-SegmentedRaftLogWorker: Starting segment from index:0
2022-02-08 12:42:17,998 [EventQueue-OpenPipelineForHealthyPipelineSafeModeRule] INFO  safemode.SCMSafeModeManager (HealthyPipelineSafeModeRule.java:process(124)) - SCM in safe mode. Healthy pipelines reported count is 0, required healthy pipeline reported count is 1
2022-02-08 12:42:18,000 [2bb38a5d-0509-4181-8b7b-057f495cfd4a@group-C0DC1D3C2AE8-SegmentedRaftLogWorker] INFO  segmented.SegmentedRaftLogWorker (SegmentedRaftLogWorker.java:execute(601)) - 2bb38a5d-0509-4181-8b7b-057f495cfd4a@group-C0DC1D3C2AE8-SegmentedRaftLogWorker: created new log segment /home/runner/work/ozone/ozone/hadoop-ozone/integration-test/target/test-dir/MiniOzoneClusterImpl-d9fbf9ff-2b62-4fa3-b93a-ae8b8ac18067/datanode-0/data/ratis/d8efb69f-84a5-4573-805f-c0dc1d3c2ae8/current/log_inprogress_0
2022-02-08 12:42:18,008 [2bb38a5d-0509-4181-8b7b-057f495cfd4a@group-C0DC1D3C2AE8-LeaderElection18] INFO  server.RaftServer$Division (ServerState.java:setRaftConf(387)) - 2bb38a5d-0509-4181-8b7b-057f495cfd4a@group-C0DC1D3C2AE8: set configuration 0: [2bb38a5d-0509-4181-8b7b-057f495cfd4a|rpc:10.1.0.54:35129|dataStream:|priority:1], old=null
2022-02-08 12:42:18,122 [49948d64-f13f-4dea-ab4c-a99dcf6a29cc@group-7FDCA6924737-FollowerState] INFO  impl.FollowerState (FollowerState.java:run(134)) - 49948d64-f13f-4dea-ab4c-a99dcf6a29cc@group-7FDCA6924737-FollowerState: change to CANDIDATE, lastRpcElapsedTime:5027963028ns, electionTimeout:5020ms
2022-02-08 12:42:18,123 [49948d64-f13f-4dea-ab4c-a99dcf6a29cc@group-7FDCA6924737-FollowerState] INFO  impl.RoleInfo (RoleInfo.java:shutdownFollowerState(108)) - 49948d64-f13f-4dea-ab4c-a99dcf6a29cc: shutdown 49948d64-f13f-4dea-ab4c-a99dcf6a29cc@group-7FDCA6924737-FollowerState
2022-02-08 12:42:18,123 [49948d64-f13f-4dea-ab4c-a99dcf6a29cc@group-7FDCA6924737-FollowerState] INFO  server.RaftServer$Division (RaftServerImpl.java:setRole(290)) - 49948d64-f13f-4dea-ab4c-a99dcf6a29cc@group-7FDCA6924737: changes role from  FOLLOWER to CANDIDATE at term 0 for changeToCandidate
2022-02-08 12:42:18,123 [49948d64-f13f-4dea-ab4c-a99dcf6a29cc@group-7FDCA6924737-FollowerState] INFO  server.RaftServerConfigKeys (ConfUtils.java:logGet(44)) - raft.server.leaderelection.pre-vote = false (custom)
2022-02-08 12:42:18,123 [49948d64-f13f-4dea-ab4c-a99dcf6a29cc@group-7FDCA6924737-FollowerState] INFO  impl.RoleInfo (RoleInfo.java:updateAndGet(130)) - 49948d64-f13f-4dea-ab4c-a99dcf6a29cc: start 49948d64-f13f-4dea-ab4c-a99dcf6a29cc@group-7FDCA6924737-LeaderElection19
2022-02-08 12:42:18,152 [49948d64-f13f-4dea-ab4c-a99dcf6a29cc@group-7FDCA6924737-LeaderElection19] INFO  impl.LeaderElection (LeaderElection.java:askForVotes(306)) - 49948d64-f13f-4dea-ab4c-a99dcf6a29cc@group-7FDCA6924737-LeaderElection19 ELECTION round 0: submit vote requests at term 1 for -1: [49948d64-f13f-4dea-ab4c-a99dcf6a29cc|rpc:10.1.0.54:40329|priority:1], old=null
2022-02-08 12:42:18,152 [49948d64-f13f-4dea-ab4c-a99dcf6a29cc@group-7FDCA6924737-LeaderElection19] INFO  impl.LeaderElection (LeaderElection.java:askForVotes(308)) - 49948d64-f13f-4dea-ab4c-a99dcf6a29cc@group-7FDCA6924737-LeaderElection19 ELECTION round 0: result PASSED (term=1)
2022-02-08 12:42:18,152 [49948d64-f13f-4dea-ab4c-a99dcf6a29cc@group-7FDCA6924737-LeaderElection19] INFO  impl.RoleInfo (RoleInfo.java:shutdownLeaderElection(121)) - 49948d64-f13f-4dea-ab4c-a99dcf6a29cc: shutdown 49948d64-f13f-4dea-ab4c-a99dcf6a29cc@group-7FDCA6924737-LeaderElection19
2022-02-08 12:42:18,152 [49948d64-f13f-4dea-ab4c-a99dcf6a29cc@group-7FDCA6924737-LeaderElection19] INFO  server.RaftServer$Division (RaftServerImpl.java:setRole(290)) - 49948d64-f13f-4dea-ab4c-a99dcf6a29cc@group-7FDCA6924737: changes role from CANDIDATE to LEADER at term 1 for changeToLeader
2022-02-08 12:42:18,152 [49948d64-f13f-4dea-ab4c-a99dcf6a29cc@group-7FDCA6924737-LeaderElection19] INFO  ratis.XceiverServerRatis (XceiverServerRatis.java:handleLeaderChangedNotification(866)) - Leader change notification received for group: group-7FDCA6924737 with new leaderId: 49948d64-f13f-4dea-ab4c-a99dcf6a29cc
2022-02-08 12:42:18,154 [49948d64-f13f-4dea-ab4c-a99dcf6a29cc@group-7FDCA6924737-LeaderElection19] INFO  server.RaftServer$Division (ServerState.java:setLeader(285)) - 49948d64-f13f-4dea-ab4c-a99dcf6a29cc@group-7FDCA6924737: change Leader from null to 49948d64-f13f-4dea-ab4c-a99dcf6a29cc at term 1 for becomeLeader, leader elected after 5091ms
2022-02-08 12:42:18,154 [49948d64-f13f-4dea-ab4c-a99dcf6a29cc@group-7FDCA6924737-LeaderElection19] INFO  server.RaftServerConfigKeys (ConfUtils.java:logGet(44)) - raft.server.staging.catchup.gap = 1000 (default)
2022-02-08 12:42:18,154 [49948d64-f13f-4dea-ab4c-a99dcf6a29cc@group-7FDCA6924737-LeaderElection19] INFO  server.RaftServerConfigKeys (ConfUtils.java:logGet(44)) - raft.server.write.element-limit = 1024 (custom)
2022-02-08 12:42:18,154 [49948d64-f13f-4dea-ab4c-a99dcf6a29cc@group-7FDCA6924737-LeaderElection19] INFO  server.RaftServerConfigKeys (ConfUtils.java:logGet(44)) - raft.server.write.byte-limit = 1024 M (=1073741824) (custom)
2022-02-08 12:42:18,155 [49948d64-f13f-4dea-ab4c-a99dcf6a29cc@group-7FDCA6924737-LeaderElection19] INFO  server.RaftServerConfigKeys (ConfUtils.java:logGet(44)) - raft.server.watch.timeout = 180s (custom)
2022-02-08 12:42:18,155 [49948d64-f13f-4dea-ab4c-a99dcf6a29cc@group-7FDCA6924737-LeaderElection19] INFO  server.RaftServerConfigKeys (ConfUtils.java:logGet(44)) - raft.server.watch.timeout.denomination = 1s (default)
2022-02-08 12:42:18,155 [49948d64-f13f-4dea-ab4c-a99dcf6a29cc@group-7FDCA6924737-LeaderElection19] INFO  server.RaftServerConfigKeys (ConfUtils.java:logGet(44)) - raft.server.watch.element-limit = 65536 (default)
2022-02-08 12:42:18,156 [EventQueue-OpenPipelineForHealthyPipelineSafeModeRule] INFO  safemode.SCMSafeModeManager (HealthyPipelineSafeModeRule.java:process(124)) - SCM in safe mode. Healthy pipelines reported count is 0, required healthy pipeline reported count is 1
2022-02-08 12:42:18,159 [49948d64-f13f-4dea-ab4c-a99dcf6a29cc@group-7FDCA6924737-LeaderElection19] INFO  server.RaftServerConfigKeys (ConfUtils.java:logGet(44)) - raft.server.write.element-limit = 1024 (custom)
2022-02-08 12:42:18,160 [49948d64-f13f-4dea-ab4c-a99dcf6a29cc@group-7FDCA6924737-LeaderElection19] INFO  server.RaftServerConfigKeys (ConfUtils.java:logGet(44)) - raft.server.write.follower.gap.ratio.max = -1.0 (default)
2022-02-08 12:42:18,160 [49948d64-f13f-4dea-ab4c-a99dcf6a29cc@group-7FDCA6924737-LeaderElection19] INFO  impl.RoleInfo (RoleInfo.java:updateAndGet(130)) - 49948d64-f13f-4dea-ab4c-a99dcf6a29cc: start 49948d64-f13f-4dea-ab4c-a99dcf6a29cc@group-7FDCA6924737-LeaderStateImpl
2022-02-08 12:42:18,162 [49948d64-f13f-4dea-ab4c-a99dcf6a29cc@group-7FDCA6924737-LeaderElection19] INFO  segmented.SegmentedRaftLogWorker (SegmentedRaftLogWorker.java:startLogSegment(394)) - 49948d64-f13f-4dea-ab4c-a99dcf6a29cc@group-7FDCA6924737-SegmentedRaftLogWorker: Starting segment from index:0
2022-02-08 12:42:18,164 [49948d64-f13f-4dea-ab4c-a99dcf6a29cc@group-7FDCA6924737-SegmentedRaftLogWorker] INFO  segmented.SegmentedRaftLogWorker (SegmentedRaftLogWorker.java:execute(601)) - 49948d64-f13f-4dea-ab4c-a99dcf6a29cc@group-7FDCA6924737-SegmentedRaftLogWorker: created new log segment /home/runner/work/ozone/ozone/hadoop-ozone/integration-test/target/test-dir/MiniOzoneClusterImpl-d9fbf9ff-2b62-4fa3-b93a-ae8b8ac18067/datanode-1/data/ratis/c825ce4c-d337-4d58-8d7f-7fdca6924737/current/log_inprogress_0
2022-02-08 12:42:18,173 [49948d64-f13f-4dea-ab4c-a99dcf6a29cc@group-7FDCA6924737-LeaderElection19] INFO  server.RaftServer$Division (ServerState.java:setRaftConf(387)) - 49948d64-f13f-4dea-ab4c-a99dcf6a29cc@group-7FDCA6924737: set configuration 0: [49948d64-f13f-4dea-ab4c-a99dcf6a29cc|rpc:10.1.0.54:40329|dataStream:|priority:1], old=null
2022-02-08 12:42:18,464 [Listener at 127.0.0.1/43683] INFO  ozone.MiniOzoneClusterImpl (MiniOzoneClusterImpl.java:lambda$waitForClusterToBeReady$0(219)) - Nodes are ready. Got 3 of 3 DN Heartbeats.
2022-02-08 12:42:18,464 [Listener at 127.0.0.1/43683] INFO  ozone.MiniOzoneClusterImpl (MiniOzoneClusterImpl.java:lambda$waitForClusterToBeReady$0(222)) - Waiting for cluster to exit safe mode
2022-02-08 12:42:18,464 [Listener at 127.0.0.1/43683] INFO  ozone.MiniOzoneClusterImpl (MiniOzoneClusterImpl.java:lambda$waitForClusterToBeReady$0(224)) - SCM became leader
2022-02-08 12:42:18,629 [ddfda897-e03d-4d19-9b1c-17acf61c97d5@group-C6423B7B2888-FollowerState] INFO  impl.FollowerState (FollowerState.java:run(134)) - ddfda897-e03d-4d19-9b1c-17acf61c97d5@group-C6423B7B2888-FollowerState: change to CANDIDATE, lastRpcElapsedTime:5147517595ns, electionTimeout:5110ms
2022-02-08 12:42:18,630 [ddfda897-e03d-4d19-9b1c-17acf61c97d5@group-C6423B7B2888-FollowerState] INFO  impl.RoleInfo (RoleInfo.java:shutdownFollowerState(108)) - ddfda897-e03d-4d19-9b1c-17acf61c97d5: shutdown ddfda897-e03d-4d19-9b1c-17acf61c97d5@group-C6423B7B2888-FollowerState
2022-02-08 12:42:18,630 [ddfda897-e03d-4d19-9b1c-17acf61c97d5@group-C6423B7B2888-FollowerState] INFO  server.RaftServer$Division (RaftServerImpl.java:setRole(290)) - ddfda897-e03d-4d19-9b1c-17acf61c97d5@group-C6423B7B2888: changes role from  FOLLOWER to CANDIDATE at term 0 for changeToCandidate
2022-02-08 12:42:18,630 [ddfda897-e03d-4d19-9b1c-17acf61c97d5@group-C6423B7B2888-FollowerState] INFO  server.RaftServerConfigKeys (ConfUtils.java:logGet(44)) - raft.server.leaderelection.pre-vote = false (custom)
2022-02-08 12:42:18,630 [ddfda897-e03d-4d19-9b1c-17acf61c97d5@group-C6423B7B2888-FollowerState] INFO  impl.RoleInfo (RoleInfo.java:updateAndGet(130)) - ddfda897-e03d-4d19-9b1c-17acf61c97d5: start ddfda897-e03d-4d19-9b1c-17acf61c97d5@group-C6423B7B2888-LeaderElection20
2022-02-08 12:42:18,652 [ddfda897-e03d-4d19-9b1c-17acf61c97d5@group-C6423B7B2888-LeaderElection20] INFO  impl.LeaderElection (LeaderElection.java:askForVotes(306)) - ddfda897-e03d-4d19-9b1c-17acf61c97d5@group-C6423B7B2888-LeaderElection20 ELECTION round 0: submit vote requests at term 1 for -1: [ddfda897-e03d-4d19-9b1c-17acf61c97d5|rpc:10.1.0.54:45499|priority:1], old=null
2022-02-08 12:42:18,652 [ddfda897-e03d-4d19-9b1c-17acf61c97d5@group-C6423B7B2888-LeaderElection20] INFO  impl.LeaderElection (LeaderElection.java:askForVotes(308)) - ddfda897-e03d-4d19-9b1c-17acf61c97d5@group-C6423B7B2888-LeaderElection20 ELECTION round 0: result PASSED (term=1)
2022-02-08 12:42:18,652 [ddfda897-e03d-4d19-9b1c-17acf61c97d5@group-C6423B7B2888-LeaderElection20] INFO  impl.RoleInfo (RoleInfo.java:shutdownLeaderElection(121)) - ddfda897-e03d-4d19-9b1c-17acf61c97d5: shutdown ddfda897-e03d-4d19-9b1c-17acf61c97d5@group-C6423B7B2888-LeaderElection20
2022-02-08 12:42:18,652 [ddfda897-e03d-4d19-9b1c-17acf61c97d5@group-C6423B7B2888-LeaderElection20] INFO  server.RaftServer$Division (RaftServerImpl.java:setRole(290)) - ddfda897-e03d-4d19-9b1c-17acf61c97d5@group-C6423B7B2888: changes role from CANDIDATE to LEADER at term 1 for changeToLeader
2022-02-08 12:42:18,652 [ddfda897-e03d-4d19-9b1c-17acf61c97d5@group-C6423B7B2888-LeaderElection20] INFO  ratis.XceiverServerRatis (XceiverServerRatis.java:handleLeaderChangedNotification(866)) - Leader change notification received for group: group-C6423B7B2888 with new leaderId: ddfda897-e03d-4d19-9b1c-17acf61c97d5
2022-02-08 12:42:18,654 [ddfda897-e03d-4d19-9b1c-17acf61c97d5@group-C6423B7B2888-LeaderElection20] INFO  server.RaftServer$Division (ServerState.java:setLeader(285)) - ddfda897-e03d-4d19-9b1c-17acf61c97d5@group-C6423B7B2888: change Leader from null to ddfda897-e03d-4d19-9b1c-17acf61c97d5 at term 1 for becomeLeader, leader elected after 5185ms
2022-02-08 12:42:18,654 [ddfda897-e03d-4d19-9b1c-17acf61c97d5@group-C6423B7B2888-LeaderElection20] INFO  server.RaftServerConfigKeys (ConfUtils.java:logGet(44)) - raft.server.staging.catchup.gap = 1000 (default)
2022-02-08 12:42:18,654 [EventQueue-OpenPipelineForHealthyPipelineSafeModeRule] INFO  safemode.SCMSafeModeManager (HealthyPipelineSafeModeRule.java:process(124)) - SCM in safe mode. Healthy pipelines reported count is 0, required healthy pipeline reported count is 1
2022-02-08 12:42:18,658 [ddfda897-e03d-4d19-9b1c-17acf61c97d5@group-C6423B7B2888-LeaderElection20] INFO  server.RaftServerConfigKeys (ConfUtils.java:logGet(44)) - raft.server.write.element-limit = 1024 (custom)
2022-02-08 12:42:18,658 [ddfda897-e03d-4d19-9b1c-17acf61c97d5@group-C6423B7B2888-LeaderElection20] INFO  server.RaftServerConfigKeys (ConfUtils.java:logGet(44)) - raft.server.write.byte-limit = 1024 M (=1073741824) (custom)
2022-02-08 12:42:18,658 [ddfda897-e03d-4d19-9b1c-17acf61c97d5@group-C6423B7B2888-LeaderElection20] INFO  server.RaftServerConfigKeys (ConfUtils.java:logGet(44)) - raft.server.watch.timeout = 180s (custom)
2022-02-08 12:42:18,659 [ddfda897-e03d-4d19-9b1c-17acf61c97d5@group-C6423B7B2888-LeaderElection20] INFO  server.RaftServerConfigKeys (ConfUtils.java:logGet(44)) - raft.server.watch.timeout.denomination = 1s (default)
2022-02-08 12:42:18,659 [ddfda897-e03d-4d19-9b1c-17acf61c97d5@group-C6423B7B2888-LeaderElection20] INFO  server.RaftServerConfigKeys (ConfUtils.java:logGet(44)) - raft.server.watch.element-limit = 65536 (default)
2022-02-08 12:42:18,659 [ddfda897-e03d-4d19-9b1c-17acf61c97d5@group-C6423B7B2888-LeaderElection20] INFO  server.RaftServerConfigKeys (ConfUtils.java:logGet(44)) - raft.server.write.element-limit = 1024 (custom)
2022-02-08 12:42:18,659 [ddfda897-e03d-4d19-9b1c-17acf61c97d5@group-C6423B7B2888-LeaderElection20] INFO  server.RaftServerConfigKeys (ConfUtils.java:logGet(44)) - raft.server.write.follower.gap.ratio.max = -1.0 (default)
2022-02-08 12:42:18,659 [ddfda897-e03d-4d19-9b1c-17acf61c97d5@group-C6423B7B2888-LeaderElection20] INFO  impl.RoleInfo (RoleInfo.java:updateAndGet(130)) - ddfda897-e03d-4d19-9b1c-17acf61c97d5: start ddfda897-e03d-4d19-9b1c-17acf61c97d5@group-C6423B7B2888-LeaderStateImpl
2022-02-08 12:42:18,663 [ddfda897-e03d-4d19-9b1c-17acf61c97d5@group-C6423B7B2888-LeaderElection20] INFO  segmented.SegmentedRaftLogWorker (SegmentedRaftLogWorker.java:startLogSegment(394)) - ddfda897-e03d-4d19-9b1c-17acf61c97d5@group-C6423B7B2888-SegmentedRaftLogWorker: Starting segment from index:0
2022-02-08 12:42:18,665 [ddfda897-e03d-4d19-9b1c-17acf61c97d5@group-C6423B7B2888-SegmentedRaftLogWorker] INFO  segmented.SegmentedRaftLogWorker (SegmentedRaftLogWorker.java:execute(601)) - ddfda897-e03d-4d19-9b1c-17acf61c97d5@group-C6423B7B2888-SegmentedRaftLogWorker: created new log segment /home/runner/work/ozone/ozone/hadoop-ozone/integration-test/target/test-dir/MiniOzoneClusterImpl-d9fbf9ff-2b62-4fa3-b93a-ae8b8ac18067/datanode-2/data/ratis/31cb5ce9-1afb-43f8-992c-c6423b7b2888/current/log_inprogress_0
2022-02-08 12:42:18,690 [ddfda897-e03d-4d19-9b1c-17acf61c97d5@group-C6423B7B2888-LeaderElection20] INFO  server.RaftServer$Division (ServerState.java:setRaftConf(387)) - ddfda897-e03d-4d19-9b1c-17acf61c97d5@group-C6423B7B2888: set configuration 0: [ddfda897-e03d-4d19-9b1c-17acf61c97d5|rpc:10.1.0.54:45499|dataStream:|priority:1], old=null
2022-02-08 12:42:19,464 [Listener at 127.0.0.1/43683] INFO  ozone.MiniOzoneClusterImpl (MiniOzoneClusterImpl.java:lambda$waitForClusterToBeReady$0(219)) - Nodes are ready. Got 3 of 3 DN Heartbeats.
2022-02-08 12:42:19,464 [Listener at 127.0.0.1/43683] INFO  ozone.MiniOzoneClusterImpl (MiniOzoneClusterImpl.java:lambda$waitForClusterToBeReady$0(222)) - Waiting for cluster to exit safe mode
2022-02-08 12:42:19,464 [Listener at 127.0.0.1/43683] INFO  ozone.MiniOzoneClusterImpl (MiniOzoneClusterImpl.java:lambda$waitForClusterToBeReady$0(224)) - SCM became leader
2022-02-08 12:42:20,465 [Listener at 127.0.0.1/43683] INFO  ozone.MiniOzoneClusterImpl (MiniOzoneClusterImpl.java:lambda$waitForClusterToBeReady$0(219)) - Nodes are ready. Got 3 of 3 DN Heartbeats.
2022-02-08 12:42:20,465 [Listener at 127.0.0.1/43683] INFO  ozone.MiniOzoneClusterImpl (MiniOzoneClusterImpl.java:lambda$waitForClusterToBeReady$0(222)) - Waiting for cluster to exit safe mode
2022-02-08 12:42:20,465 [Listener at 127.0.0.1/43683] INFO  ozone.MiniOzoneClusterImpl (MiniOzoneClusterImpl.java:lambda$waitForClusterToBeReady$0(224)) - SCM became leader
2022-02-08 12:42:21,465 [Listener at 127.0.0.1/43683] INFO  ozone.MiniOzoneClusterImpl (MiniOzoneClusterImpl.java:lambda$waitForClusterToBeReady$0(219)) - Nodes are ready. Got 3 of 3 DN Heartbeats.
2022-02-08 12:42:21,466 [Listener at 127.0.0.1/43683] INFO  ozone.MiniOzoneClusterImpl (MiniOzoneClusterImpl.java:lambda$waitForClusterToBeReady$0(222)) - Waiting for cluster to exit safe mode
2022-02-08 12:42:21,466 [Listener at 127.0.0.1/43683] INFO  ozone.MiniOzoneClusterImpl (MiniOzoneClusterImpl.java:lambda$waitForClusterToBeReady$0(224)) - SCM became leader
2022-02-08 12:42:22,468 [Listener at 127.0.0.1/43683] INFO  ozone.MiniOzoneClusterImpl (MiniOzoneClusterImpl.java:lambda$waitForClusterToBeReady$0(219)) - Nodes are ready. Got 3 of 3 DN Heartbeats.
2022-02-08 12:42:22,468 [Listener at 127.0.0.1/43683] INFO  ozone.MiniOzoneClusterImpl (MiniOzoneClusterImpl.java:lambda$waitForClusterToBeReady$0(222)) - Waiting for cluster to exit safe mode
2022-02-08 12:42:22,468 [Listener at 127.0.0.1/43683] INFO  ozone.MiniOzoneClusterImpl (MiniOzoneClusterImpl.java:lambda$waitForClusterToBeReady$0(224)) - SCM became leader
2022-02-08 12:42:22,998 [2bb38a5d-0509-4181-8b7b-057f495cfd4a@group-885A5AF52B02-FollowerState] INFO  impl.FollowerState (FollowerState.java:run(134)) - 2bb38a5d-0509-4181-8b7b-057f495cfd4a@group-885A5AF52B02-FollowerState: change to CANDIDATE, lastRpcElapsedTime:5018909327ns, electionTimeout:5015ms
2022-02-08 12:42:22,998 [2bb38a5d-0509-4181-8b7b-057f495cfd4a@group-885A5AF52B02-FollowerState] INFO  impl.RoleInfo (RoleInfo.java:shutdownFollowerState(108)) - 2bb38a5d-0509-4181-8b7b-057f495cfd4a: shutdown 2bb38a5d-0509-4181-8b7b-057f495cfd4a@group-885A5AF52B02-FollowerState
2022-02-08 12:42:22,998 [2bb38a5d-0509-4181-8b7b-057f495cfd4a@group-885A5AF52B02-FollowerState] INFO  server.RaftServer$Division (RaftServerImpl.java:setRole(290)) - 2bb38a5d-0509-4181-8b7b-057f495cfd4a@group-885A5AF52B02: changes role from  FOLLOWER to CANDIDATE at term 1 for changeToCandidate
2022-02-08 12:42:22,998 [2bb38a5d-0509-4181-8b7b-057f495cfd4a@group-885A5AF52B02-FollowerState] INFO  server.RaftServerConfigKeys (ConfUtils.java:logGet(44)) - raft.server.leaderelection.pre-vote = false (custom)
2022-02-08 12:42:23,001 [2bb38a5d-0509-4181-8b7b-057f495cfd4a@group-885A5AF52B02-FollowerState] INFO  impl.RoleInfo (RoleInfo.java:updateAndGet(130)) - 2bb38a5d-0509-4181-8b7b-057f495cfd4a: start 2bb38a5d-0509-4181-8b7b-057f495cfd4a@group-885A5AF52B02-LeaderElection21
2022-02-08 12:42:23,005 [2bb38a5d-0509-4181-8b7b-057f495cfd4a@group-885A5AF52B02-LeaderElection21] INFO  impl.LeaderElection (LeaderElection.java:askForVotes(306)) - 2bb38a5d-0509-4181-8b7b-057f495cfd4a@group-885A5AF52B02-LeaderElection21 ELECTION round 0: submit vote requests at term 2 for -1: [2bb38a5d-0509-4181-8b7b-057f495cfd4a|rpc:10.1.0.54:35129|priority:0, ddfda897-e03d-4d19-9b1c-17acf61c97d5|rpc:10.1.0.54:45499|priority:0, 49948d64-f13f-4dea-ab4c-a99dcf6a29cc|rpc:10.1.0.54:40329|priority:1], old=null
2022-02-08 12:42:23,016 [grpc-default-executor-3] INFO  server.RaftServer$Division (RaftServerImpl.java:requestVote(1046)) - ddfda897-e03d-4d19-9b1c-17acf61c97d5@group-885A5AF52B02: receive requestVote(ELECTION, 2bb38a5d-0509-4181-8b7b-057f495cfd4a, group-885A5AF52B02, 2, (t:0, i:0))
2022-02-08 12:42:23,016 [grpc-default-executor-3] INFO  impl.VoteContext (VoteContext.java:log(48)) - ddfda897-e03d-4d19-9b1c-17acf61c97d5@group-885A5AF52B02-FOLLOWER: accept ELECTION from 2bb38a5d-0509-4181-8b7b-057f495cfd4a: our priority 0 <= candidate's priority 0
2022-02-08 12:42:23,016 [grpc-default-executor-3] INFO  server.RaftServer$Division (RaftServerImpl.java:setRole(290)) - ddfda897-e03d-4d19-9b1c-17acf61c97d5@group-885A5AF52B02: changes role from  FOLLOWER to FOLLOWER at term 2 for candidate:2bb38a5d-0509-4181-8b7b-057f495cfd4a
2022-02-08 12:42:23,016 [grpc-default-executor-3] INFO  impl.RoleInfo (RoleInfo.java:shutdownFollowerState(108)) - ddfda897-e03d-4d19-9b1c-17acf61c97d5: shutdown ddfda897-e03d-4d19-9b1c-17acf61c97d5@group-885A5AF52B02-FollowerState
2022-02-08 12:42:23,016 [grpc-default-executor-3] INFO  impl.RoleInfo (RoleInfo.java:updateAndGet(130)) - ddfda897-e03d-4d19-9b1c-17acf61c97d5: start ddfda897-e03d-4d19-9b1c-17acf61c97d5@group-885A5AF52B02-FollowerState
2022-02-08 12:42:23,016 [grpc-default-executor-0] INFO  server.RaftServer$Division (RaftServerImpl.java:requestVote(1046)) - 49948d64-f13f-4dea-ab4c-a99dcf6a29cc@group-885A5AF52B02: receive requestVote(ELECTION, 2bb38a5d-0509-4181-8b7b-057f495cfd4a, group-885A5AF52B02, 2, (t:0, i:0))
2022-02-08 12:42:23,017 [ddfda897-e03d-4d19-9b1c-17acf61c97d5@group-885A5AF52B02-FollowerState] INFO  impl.FollowerState (FollowerState.java:run(143)) - ddfda897-e03d-4d19-9b1c-17acf61c97d5@group-885A5AF52B02-FollowerState was interrupted: {}
java.lang.InterruptedException: sleep interrupted
	at java.lang.Thread.sleep(Native Method)
	at java.lang.Thread.sleep(Thread.java:340)
	at java.util.concurrent.TimeUnit.sleep(TimeUnit.java:386)
	at org.apache.ratis.util.TimeDuration.sleep(TimeDuration.java:324)
	at org.apache.ratis.util.TimeDuration.sleep(TimeDuration.java:309)
	at org.apache.ratis.server.impl.FollowerState.run(FollowerState.java:118)
2022-02-08 12:42:23,019 [grpc-default-executor-3] INFO  server.RaftServer$Division (RaftServerImpl.java:requestVote(1078)) - ddfda897-e03d-4d19-9b1c-17acf61c97d5@group-885A5AF52B02 replies to ELECTION vote request: 2bb38a5d-0509-4181-8b7b-057f495cfd4a<-ddfda897-e03d-4d19-9b1c-17acf61c97d5#0:OK-t2. Peer's state: ddfda897-e03d-4d19-9b1c-17acf61c97d5@group-885A5AF52B02:t2, leader=null, voted=2bb38a5d-0509-4181-8b7b-057f495cfd4a, raftlog=ddfda897-e03d-4d19-9b1c-17acf61c97d5@group-885A5AF52B02-SegmentedRaftLog:OPENED:c-1, conf=-1: [2bb38a5d-0509-4181-8b7b-057f495cfd4a|rpc:10.1.0.54:35129|dataStream:|priority:0, ddfda897-e03d-4d19-9b1c-17acf61c97d5|rpc:10.1.0.54:45499|dataStream:|priority:0, 49948d64-f13f-4dea-ab4c-a99dcf6a29cc|rpc:10.1.0.54:40329|dataStream:|priority:1], old=null
2022-02-08 12:42:23,019 [grpc-default-executor-0] INFO  impl.VoteContext (VoteContext.java:log(48)) - 49948d64-f13f-4dea-ab4c-a99dcf6a29cc@group-885A5AF52B02-FOLLOWER: reject ELECTION from 2bb38a5d-0509-4181-8b7b-057f495cfd4a: our priority 1 > candidate's priority 0
2022-02-08 12:42:23,027 [grpc-default-executor-0] INFO  server.RaftServer$Division (RaftServerImpl.java:setRole(290)) - 49948d64-f13f-4dea-ab4c-a99dcf6a29cc@group-885A5AF52B02: changes role from  FOLLOWER to FOLLOWER at term 2 for candidate:2bb38a5d-0509-4181-8b7b-057f495cfd4a
2022-02-08 12:42:23,027 [grpc-default-executor-0] INFO  impl.RoleInfo (RoleInfo.java:shutdownFollowerState(108)) - 49948d64-f13f-4dea-ab4c-a99dcf6a29cc: shutdown 49948d64-f13f-4dea-ab4c-a99dcf6a29cc@group-885A5AF52B02-FollowerState
2022-02-08 12:42:23,027 [grpc-default-executor-0] INFO  impl.RoleInfo (RoleInfo.java:updateAndGet(130)) - 49948d64-f13f-4dea-ab4c-a99dcf6a29cc: start 49948d64-f13f-4dea-ab4c-a99dcf6a29cc@group-885A5AF52B02-FollowerState
2022-02-08 12:42:23,027 [49948d64-f13f-4dea-ab4c-a99dcf6a29cc@group-885A5AF52B02-FollowerState] INFO  impl.FollowerState (FollowerState.java:run(143)) - 49948d64-f13f-4dea-ab4c-a99dcf6a29cc@group-885A5AF52B02-FollowerState was interrupted: {}
java.lang.InterruptedException: sleep interrupted
	at java.lang.Thread.sleep(Native Method)
	at java.lang.Thread.sleep(Thread.java:340)
	at java.util.concurrent.TimeUnit.sleep(TimeUnit.java:386)
	at org.apache.ratis.util.TimeDuration.sleep(TimeDuration.java:324)
	at org.apache.ratis.util.TimeDuration.sleep(TimeDuration.java:309)
	at org.apache.ratis.server.impl.FollowerState.run(FollowerState.java:118)
2022-02-08 12:42:23,036 [grpc-default-executor-0] INFO  server.RaftServer$Division (RaftServerImpl.java:requestVote(1078)) - 49948d64-f13f-4dea-ab4c-a99dcf6a29cc@group-885A5AF52B02 replies to ELECTION vote request: 2bb38a5d-0509-4181-8b7b-057f495cfd4a<-49948d64-f13f-4dea-ab4c-a99dcf6a29cc#0:FAIL-t2. Peer's state: 49948d64-f13f-4dea-ab4c-a99dcf6a29cc@group-885A5AF52B02:t2, leader=null, voted=null, raftlog=49948d64-f13f-4dea-ab4c-a99dcf6a29cc@group-885A5AF52B02-SegmentedRaftLog:OPENED:c-1, conf=-1: [2bb38a5d-0509-4181-8b7b-057f495cfd4a|rpc:10.1.0.54:35129|dataStream:|priority:0, ddfda897-e03d-4d19-9b1c-17acf61c97d5|rpc:10.1.0.54:45499|dataStream:|priority:0, 49948d64-f13f-4dea-ab4c-a99dcf6a29cc|rpc:10.1.0.54:40329|dataStream:|priority:1], old=null
2022-02-08 12:42:23,039 [2bb38a5d-0509-4181-8b7b-057f495cfd4a@group-885A5AF52B02-LeaderElection21] INFO  impl.LeaderElection (LeaderElection.java:logAndReturn(89)) - 2bb38a5d-0509-4181-8b7b-057f495cfd4a@group-885A5AF52B02-LeaderElection21: ELECTION REJECTED received 2 response(s) and 0 exception(s):
2022-02-08 12:42:23,039 [2bb38a5d-0509-4181-8b7b-057f495cfd4a@group-885A5AF52B02-LeaderElection21] INFO  impl.LeaderElection (LeaderElection.java:logAndReturn(93)) -   Response 0: 2bb38a5d-0509-4181-8b7b-057f495cfd4a<-ddfda897-e03d-4d19-9b1c-17acf61c97d5#0:OK-t2
2022-02-08 12:42:23,039 [2bb38a5d-0509-4181-8b7b-057f495cfd4a@group-885A5AF52B02-LeaderElection21] INFO  impl.LeaderElection (LeaderElection.java:logAndReturn(93)) -   Response 1: 2bb38a5d-0509-4181-8b7b-057f495cfd4a<-49948d64-f13f-4dea-ab4c-a99dcf6a29cc#0:FAIL-t2
2022-02-08 12:42:23,039 [2bb38a5d-0509-4181-8b7b-057f495cfd4a@group-885A5AF52B02-LeaderElection21] INFO  impl.LeaderElection (LeaderElection.java:askForVotes(308)) - 2bb38a5d-0509-4181-8b7b-057f495cfd4a@group-885A5AF52B02-LeaderElection21 ELECTION round 0: result REJECTED
2022-02-08 12:42:23,039 [2bb38a5d-0509-4181-8b7b-057f495cfd4a@group-885A5AF52B02-LeaderElection21] INFO  server.RaftServer$Division (RaftServerImpl.java:setRole(290)) - 2bb38a5d-0509-4181-8b7b-057f495cfd4a@group-885A5AF52B02: changes role from CANDIDATE to FOLLOWER at term 2 for REJECTED
2022-02-08 12:42:23,039 [2bb38a5d-0509-4181-8b7b-057f495cfd4a@group-885A5AF52B02-LeaderElection21] INFO  impl.RoleInfo (RoleInfo.java:shutdownLeaderElection(121)) - 2bb38a5d-0509-4181-8b7b-057f495cfd4a: shutdown 2bb38a5d-0509-4181-8b7b-057f495cfd4a@group-885A5AF52B02-LeaderElection21
2022-02-08 12:42:23,039 [2bb38a5d-0509-4181-8b7b-057f495cfd4a@group-885A5AF52B02-LeaderElection21] INFO  impl.RoleInfo (RoleInfo.java:updateAndGet(130)) - 2bb38a5d-0509-4181-8b7b-057f495cfd4a: start 2bb38a5d-0509-4181-8b7b-057f495cfd4a@group-885A5AF52B02-FollowerState
2022-02-08 12:42:23,468 [Listener at 127.0.0.1/43683] INFO  ozone.MiniOzoneClusterImpl (MiniOzoneClusterImpl.java:lambda$waitForClusterToBeReady$0(219)) - Nodes are ready. Got 3 of 3 DN Heartbeats.
2022-02-08 12:42:23,470 [Listener at 127.0.0.1/43683] INFO  ozone.MiniOzoneClusterImpl (MiniOzoneClusterImpl.java:lambda$waitForClusterToBeReady$0(222)) - Waiting for cluster to exit safe mode
2022-02-08 12:42:23,470 [Listener at 127.0.0.1/43683] INFO  ozone.MiniOzoneClusterImpl (MiniOzoneClusterImpl.java:lambda$waitForClusterToBeReady$0(224)) - SCM became leader
2022-02-08 12:42:24,470 [Listener at 127.0.0.1/43683] INFO  ozone.MiniOzoneClusterImpl (MiniOzoneClusterImpl.java:lambda$waitForClusterToBeReady$0(219)) - Nodes are ready. Got 3 of 3 DN Heartbeats.
2022-02-08 12:42:24,471 [Listener at 127.0.0.1/43683] INFO  ozone.MiniOzoneClusterImpl (MiniOzoneClusterImpl.java:lambda$waitForClusterToBeReady$0(222)) - Waiting for cluster to exit safe mode
2022-02-08 12:42:24,471 [Listener at 127.0.0.1/43683] INFO  ozone.MiniOzoneClusterImpl (MiniOzoneClusterImpl.java:lambda$waitForClusterToBeReady$0(224)) - SCM became leader
2022-02-08 12:42:25,473 [Listener at 127.0.0.1/43683] INFO  ozone.MiniOzoneClusterImpl (MiniOzoneClusterImpl.java:lambda$waitForClusterToBeReady$0(219)) - Nodes are ready. Got 3 of 3 DN Heartbeats.
2022-02-08 12:42:25,473 [Listener at 127.0.0.1/43683] INFO  ozone.MiniOzoneClusterImpl (MiniOzoneClusterImpl.java:lambda$waitForClusterToBeReady$0(222)) - Waiting for cluster to exit safe mode
2022-02-08 12:42:25,473 [Listener at 127.0.0.1/43683] INFO  ozone.MiniOzoneClusterImpl (MiniOzoneClusterImpl.java:lambda$waitForClusterToBeReady$0(224)) - SCM became leader
2022-02-08 12:42:26,473 [Listener at 127.0.0.1/43683] INFO  ozone.MiniOzoneClusterImpl (MiniOzoneClusterImpl.java:lambda$waitForClusterToBeReady$0(219)) - Nodes are ready. Got 3 of 3 DN Heartbeats.
2022-02-08 12:42:26,473 [Listener at 127.0.0.1/43683] INFO  ozone.MiniOzoneClusterImpl (MiniOzoneClusterImpl.java:lambda$waitForClusterToBeReady$0(222)) - Waiting for cluster to exit safe mode
2022-02-08 12:42:26,473 [Listener at 127.0.0.1/43683] INFO  ozone.MiniOzoneClusterImpl (MiniOzoneClusterImpl.java:lambda$waitForClusterToBeReady$0(224)) - SCM became leader
2022-02-08 12:42:27,474 [Listener at 127.0.0.1/43683] INFO  ozone.MiniOzoneClusterImpl (MiniOzoneClusterImpl.java:lambda$waitForClusterToBeReady$0(219)) - Nodes are ready. Got 3 of 3 DN Heartbeats.
2022-02-08 12:42:27,474 [Listener at 127.0.0.1/43683] INFO  ozone.MiniOzoneClusterImpl (MiniOzoneClusterImpl.java:lambda$waitForClusterToBeReady$0(222)) - Waiting for cluster to exit safe mode
2022-02-08 12:42:27,474 [Listener at 127.0.0.1/43683] INFO  ozone.MiniOzoneClusterImpl (MiniOzoneClusterImpl.java:lambda$waitForClusterToBeReady$0(224)) - SCM became leader
2022-02-08 12:42:28,054 [ddfda897-e03d-4d19-9b1c-17acf61c97d5@group-885A5AF52B02-FollowerState] INFO  impl.FollowerState (FollowerState.java:run(134)) - ddfda897-e03d-4d19-9b1c-17acf61c97d5@group-885A5AF52B02-FollowerState: change to CANDIDATE, lastRpcElapsedTime:5034930798ns, electionTimeout:5028ms
2022-02-08 12:42:28,055 [ddfda897-e03d-4d19-9b1c-17acf61c97d5@group-885A5AF52B02-FollowerState] INFO  impl.RoleInfo (RoleInfo.java:shutdownFollowerState(108)) - ddfda897-e03d-4d19-9b1c-17acf61c97d5: shutdown ddfda897-e03d-4d19-9b1c-17acf61c97d5@group-885A5AF52B02-FollowerState
2022-02-08 12:42:28,055 [ddfda897-e03d-4d19-9b1c-17acf61c97d5@group-885A5AF52B02-FollowerState] INFO  server.RaftServer$Division (RaftServerImpl.java:setRole(290)) - ddfda897-e03d-4d19-9b1c-17acf61c97d5@group-885A5AF52B02: changes role from  FOLLOWER to CANDIDATE at term 2 for changeToCandidate
2022-02-08 12:42:28,055 [ddfda897-e03d-4d19-9b1c-17acf61c97d5@group-885A5AF52B02-FollowerState] INFO  server.RaftServerConfigKeys (ConfUtils.java:logGet(44)) - raft.server.leaderelection.pre-vote = false (custom)
2022-02-08 12:42:28,055 [ddfda897-e03d-4d19-9b1c-17acf61c97d5@group-885A5AF52B02-FollowerState] INFO  impl.RoleInfo (RoleInfo.java:updateAndGet(130)) - ddfda897-e03d-4d19-9b1c-17acf61c97d5: start ddfda897-e03d-4d19-9b1c-17acf61c97d5@group-885A5AF52B02-LeaderElection22
2022-02-08 12:42:28,094 [ddfda897-e03d-4d19-9b1c-17acf61c97d5@group-885A5AF52B02-LeaderElection22] INFO  impl.LeaderElection (LeaderElection.java:askForVotes(306)) - ddfda897-e03d-4d19-9b1c-17acf61c97d5@group-885A5AF52B02-LeaderElection22 ELECTION round 0: submit vote requests at term 3 for -1: [2bb38a5d-0509-4181-8b7b-057f495cfd4a|rpc:10.1.0.54:35129|dataStream:|priority:0, ddfda897-e03d-4d19-9b1c-17acf61c97d5|rpc:10.1.0.54:45499|dataStream:|priority:0, 49948d64-f13f-4dea-ab4c-a99dcf6a29cc|rpc:10.1.0.54:40329|dataStream:|priority:1], old=null
2022-02-08 12:42:28,141 [grpc-default-executor-0] INFO  server.RaftServer$Division (RaftServerImpl.java:requestVote(1046)) - 2bb38a5d-0509-4181-8b7b-057f495cfd4a@group-885A5AF52B02: receive requestVote(ELECTION, ddfda897-e03d-4d19-9b1c-17acf61c97d5, group-885A5AF52B02, 3, (t:0, i:0))
2022-02-08 12:42:28,141 [grpc-default-executor-0] INFO  impl.VoteContext (VoteContext.java:log(48)) - 2bb38a5d-0509-4181-8b7b-057f495cfd4a@group-885A5AF52B02-FOLLOWER: accept ELECTION from ddfda897-e03d-4d19-9b1c-17acf61c97d5: our priority 0 <= candidate's priority 0
2022-02-08 12:42:28,141 [grpc-default-executor-0] INFO  server.RaftServer$Division (RaftServerImpl.java:setRole(290)) - 2bb38a5d-0509-4181-8b7b-057f495cfd4a@group-885A5AF52B02: changes role from  FOLLOWER to FOLLOWER at term 3 for candidate:ddfda897-e03d-4d19-9b1c-17acf61c97d5
2022-02-08 12:42:28,141 [grpc-default-executor-0] INFO  impl.RoleInfo (RoleInfo.java:shutdownFollowerState(108)) - 2bb38a5d-0509-4181-8b7b-057f495cfd4a: shutdown 2bb38a5d-0509-4181-8b7b-057f495cfd4a@group-885A5AF52B02-FollowerState
2022-02-08 12:42:28,141 [grpc-default-executor-0] INFO  impl.RoleInfo (RoleInfo.java:updateAndGet(130)) - 2bb38a5d-0509-4181-8b7b-057f495cfd4a: start 2bb38a5d-0509-4181-8b7b-057f495cfd4a@group-885A5AF52B02-FollowerState
2022-02-08 12:42:28,148 [2bb38a5d-0509-4181-8b7b-057f495cfd4a@group-885A5AF52B02-FollowerState] INFO  impl.FollowerState (FollowerState.java:run(143)) - 2bb38a5d-0509-4181-8b7b-057f495cfd4a@group-885A5AF52B02-FollowerState was interrupted: {}
java.lang.InterruptedException: sleep interrupted
	at java.lang.Thread.sleep(Native Method)
	at java.lang.Thread.sleep(Thread.java:340)
	at java.util.concurrent.TimeUnit.sleep(TimeUnit.java:386)
	at org.apache.ratis.util.TimeDuration.sleep(TimeDuration.java:324)
	at org.apache.ratis.util.TimeDuration.sleep(TimeDuration.java:309)
	at org.apache.ratis.server.impl.FollowerState.run(FollowerState.java:118)
2022-02-08 12:42:28,159 [grpc-default-executor-0] INFO  server.RaftServer$Division (RaftServerImpl.java:requestVote(1078)) - 2bb38a5d-0509-4181-8b7b-057f495cfd4a@group-885A5AF52B02 replies to ELECTION vote request: ddfda897-e03d-4d19-9b1c-17acf61c97d5<-2bb38a5d-0509-4181-8b7b-057f495cfd4a#0:OK-t3. Peer's state: 2bb38a5d-0509-4181-8b7b-057f495cfd4a@group-885A5AF52B02:t3, leader=null, voted=ddfda897-e03d-4d19-9b1c-17acf61c97d5, raftlog=2bb38a5d-0509-4181-8b7b-057f495cfd4a@group-885A5AF52B02-SegmentedRaftLog:OPENED:c-1, conf=-1: [2bb38a5d-0509-4181-8b7b-057f495cfd4a|rpc:10.1.0.54:35129|priority:0, ddfda897-e03d-4d19-9b1c-17acf61c97d5|rpc:10.1.0.54:45499|priority:0, 49948d64-f13f-4dea-ab4c-a99dcf6a29cc|rpc:10.1.0.54:40329|priority:1], old=null
2022-02-08 12:42:28,167 [grpc-default-executor-3] INFO  server.RaftServer$Division (RaftServerImpl.java:requestVote(1046)) - 49948d64-f13f-4dea-ab4c-a99dcf6a29cc@group-885A5AF52B02: receive requestVote(ELECTION, ddfda897-e03d-4d19-9b1c-17acf61c97d5, group-885A5AF52B02, 3, (t:0, i:0))
2022-02-08 12:42:28,167 [grpc-default-executor-3] INFO  impl.VoteContext (VoteContext.java:log(48)) - 49948d64-f13f-4dea-ab4c-a99dcf6a29cc@group-885A5AF52B02-FOLLOWER: reject ELECTION from ddfda897-e03d-4d19-9b1c-17acf61c97d5: our priority 1 > candidate's priority 0
2022-02-08 12:42:28,167 [grpc-default-executor-3] INFO  server.RaftServer$Division (RaftServerImpl.java:setRole(290)) - 49948d64-f13f-4dea-ab4c-a99dcf6a29cc@group-885A5AF52B02: changes role from  FOLLOWER to FOLLOWER at term 3 for candidate:ddfda897-e03d-4d19-9b1c-17acf61c97d5
2022-02-08 12:42:28,167 [grpc-default-executor-3] INFO  impl.RoleInfo (RoleInfo.java:shutdownFollowerState(108)) - 49948d64-f13f-4dea-ab4c-a99dcf6a29cc: shutdown 49948d64-f13f-4dea-ab4c-a99dcf6a29cc@group-885A5AF52B02-FollowerState
2022-02-08 12:42:28,167 [grpc-default-executor-3] INFO  impl.RoleInfo (RoleInfo.java:updateAndGet(130)) - 49948d64-f13f-4dea-ab4c-a99dcf6a29cc: start 49948d64-f13f-4dea-ab4c-a99dcf6a29cc@group-885A5AF52B02-FollowerState
2022-02-08 12:42:28,167 [49948d64-f13f-4dea-ab4c-a99dcf6a29cc@group-885A5AF52B02-FollowerState] INFO  impl.FollowerState (FollowerState.java:run(143)) - 49948d64-f13f-4dea-ab4c-a99dcf6a29cc@group-885A5AF52B02-FollowerState was interrupted: {}
java.lang.InterruptedException: sleep interrupted
	at java.lang.Thread.sleep(Native Method)
	at java.lang.Thread.sleep(Thread.java:340)
	at java.util.concurrent.TimeUnit.sleep(TimeUnit.java:386)
	at org.apache.ratis.util.TimeDuration.sleep(TimeDuration.java:324)
	at org.apache.ratis.util.TimeDuration.sleep(TimeDuration.java:309)
	at org.apache.ratis.server.impl.FollowerState.run(FollowerState.java:118)
2022-02-08 12:42:28,190 [grpc-default-executor-3] INFO  server.RaftServer$Division (RaftServerImpl.java:requestVote(1078)) - 49948d64-f13f-4dea-ab4c-a99dcf6a29cc@group-885A5AF52B02 replies to ELECTION vote request: ddfda897-e03d-4d19-9b1c-17acf61c97d5<-49948d64-f13f-4dea-ab4c-a99dcf6a29cc#0:FAIL-t3. Peer's state: 49948d64-f13f-4dea-ab4c-a99dcf6a29cc@group-885A5AF52B02:t3, leader=null, voted=null, raftlog=49948d64-f13f-4dea-ab4c-a99dcf6a29cc@group-885A5AF52B02-SegmentedRaftLog:OPENED:c-1, conf=-1: [2bb38a5d-0509-4181-8b7b-057f495cfd4a|rpc:10.1.0.54:35129|dataStream:|priority:0, ddfda897-e03d-4d19-9b1c-17acf61c97d5|rpc:10.1.0.54:45499|dataStream:|priority:0, 49948d64-f13f-4dea-ab4c-a99dcf6a29cc|rpc:10.1.0.54:40329|dataStream:|priority:1], old=null
2022-02-08 12:42:28,197 [ddfda897-e03d-4d19-9b1c-17acf61c97d5@group-885A5AF52B02-LeaderElection22] INFO  impl.LeaderElection (LeaderElection.java:logAndReturn(89)) - ddfda897-e03d-4d19-9b1c-17acf61c97d5@group-885A5AF52B02-LeaderElection22: ELECTION REJECTED received 2 response(s) and 0 exception(s):
2022-02-08 12:42:28,197 [ddfda897-e03d-4d19-9b1c-17acf61c97d5@group-885A5AF52B02-LeaderElection22] INFO  impl.LeaderElection (LeaderElection.java:logAndReturn(93)) -   Response 0: ddfda897-e03d-4d19-9b1c-17acf61c97d5<-2bb38a5d-0509-4181-8b7b-057f495cfd4a#0:OK-t3
2022-02-08 12:42:28,198 [ddfda897-e03d-4d19-9b1c-17acf61c97d5@group-885A5AF52B02-LeaderElection22] INFO  impl.LeaderElection (LeaderElection.java:logAndReturn(93)) -   Response 1: ddfda897-e03d-4d19-9b1c-17acf61c97d5<-49948d64-f13f-4dea-ab4c-a99dcf6a29cc#0:FAIL-t3
2022-02-08 12:42:28,198 [ddfda897-e03d-4d19-9b1c-17acf61c97d5@group-885A5AF52B02-LeaderElection22] INFO  impl.LeaderElection (LeaderElection.java:askForVotes(308)) - ddfda897-e03d-4d19-9b1c-17acf61c97d5@group-885A5AF52B02-LeaderElection22 ELECTION round 0: result REJECTED
2022-02-08 12:42:28,198 [ddfda897-e03d-4d19-9b1c-17acf61c97d5@group-885A5AF52B02-LeaderElection22] INFO  server.RaftServer$Division (RaftServerImpl.java:setRole(290)) - ddfda897-e03d-4d19-9b1c-17acf61c97d5@group-885A5AF52B02: changes role from CANDIDATE to FOLLOWER at term 3 for REJECTED
2022-02-08 12:42:28,198 [ddfda897-e03d-4d19-9b1c-17acf61c97d5@group-885A5AF52B02-LeaderElection22] INFO  impl.RoleInfo (RoleInfo.java:shutdownLeaderElection(121)) - ddfda897-e03d-4d19-9b1c-17acf61c97d5: shutdown ddfda897-e03d-4d19-9b1c-17acf61c97d5@group-885A5AF52B02-LeaderElection22
2022-02-08 12:42:28,198 [ddfda897-e03d-4d19-9b1c-17acf61c97d5@group-885A5AF52B02-LeaderElection22] INFO  impl.RoleInfo (RoleInfo.java:updateAndGet(130)) - ddfda897-e03d-4d19-9b1c-17acf61c97d5: start ddfda897-e03d-4d19-9b1c-17acf61c97d5@group-885A5AF52B02-FollowerState
2022-02-08 12:42:28,474 [Listener at 127.0.0.1/43683] INFO  ozone.MiniOzoneClusterImpl (MiniOzoneClusterImpl.java:lambda$waitForClusterToBeReady$0(219)) - Nodes are ready. Got 3 of 3 DN Heartbeats.
2022-02-08 12:42:28,475 [Listener at 127.0.0.1/43683] INFO  ozone.MiniOzoneClusterImpl (MiniOzoneClusterImpl.java:lambda$waitForClusterToBeReady$0(222)) - Waiting for cluster to exit safe mode
2022-02-08 12:42:28,475 [Listener at 127.0.0.1/43683] INFO  ozone.MiniOzoneClusterImpl (MiniOzoneClusterImpl.java:lambda$waitForClusterToBeReady$0(224)) - SCM became leader
2022-02-08 12:42:29,476 [Listener at 127.0.0.1/43683] INFO  ozone.MiniOzoneClusterImpl (MiniOzoneClusterImpl.java:lambda$waitForClusterToBeReady$0(219)) - Nodes are ready. Got 3 of 3 DN Heartbeats.
2022-02-08 12:42:29,476 [Listener at 127.0.0.1/43683] INFO  ozone.MiniOzoneClusterImpl (MiniOzoneClusterImpl.java:lambda$waitForClusterToBeReady$0(222)) - Waiting for cluster to exit safe mode
2022-02-08 12:42:29,476 [Listener at 127.0.0.1/43683] INFO  ozone.MiniOzoneClusterImpl (MiniOzoneClusterImpl.java:lambda$waitForClusterToBeReady$0(224)) - SCM became leader
2022-02-08 12:42:30,476 [Listener at 127.0.0.1/43683] INFO  ozone.MiniOzoneClusterImpl (MiniOzoneClusterImpl.java:lambda$waitForClusterToBeReady$0(219)) - Nodes are ready. Got 3 of 3 DN Heartbeats.
2022-02-08 12:42:30,476 [Listener at 127.0.0.1/43683] INFO  ozone.MiniOzoneClusterImpl (MiniOzoneClusterImpl.java:lambda$waitForClusterToBeReady$0(222)) - Waiting for cluster to exit safe mode
2022-02-08 12:42:30,476 [Listener at 127.0.0.1/43683] INFO  ozone.MiniOzoneClusterImpl (MiniOzoneClusterImpl.java:lambda$waitForClusterToBeReady$0(224)) - SCM became leader
2022-02-08 12:42:31,477 [Listener at 127.0.0.1/43683] INFO  ozone.MiniOzoneClusterImpl (MiniOzoneClusterImpl.java:lambda$waitForClusterToBeReady$0(219)) - Nodes are ready. Got 3 of 3 DN Heartbeats.
2022-02-08 12:42:31,477 [Listener at 127.0.0.1/43683] INFO  ozone.MiniOzoneClusterImpl (MiniOzoneClusterImpl.java:lambda$waitForClusterToBeReady$0(222)) - Waiting for cluster to exit safe mode
2022-02-08 12:42:31,477 [Listener at 127.0.0.1/43683] INFO  ozone.MiniOzoneClusterImpl (MiniOzoneClusterImpl.java:lambda$waitForClusterToBeReady$0(224)) - SCM became leader
2022-02-08 12:42:32,477 [Listener at 127.0.0.1/43683] INFO  ozone.MiniOzoneClusterImpl (MiniOzoneClusterImpl.java:lambda$waitForClusterToBeReady$0(219)) - Nodes are ready. Got 3 of 3 DN Heartbeats.
2022-02-08 12:42:32,477 [Listener at 127.0.0.1/43683] INFO  ozone.MiniOzoneClusterImpl (MiniOzoneClusterImpl.java:lambda$waitForClusterToBeReady$0(222)) - Waiting for cluster to exit safe mode
2022-02-08 12:42:32,477 [Listener at 127.0.0.1/43683] INFO  ozone.MiniOzoneClusterImpl (MiniOzoneClusterImpl.java:lambda$waitForClusterToBeReady$0(224)) - SCM became leader
2022-02-08 12:42:33,243 [ddfda897-e03d-4d19-9b1c-17acf61c97d5@group-885A5AF52B02-FollowerState] INFO  impl.FollowerState (FollowerState.java:run(134)) - ddfda897-e03d-4d19-9b1c-17acf61c97d5@group-885A5AF52B02-FollowerState: change to CANDIDATE, lastRpcElapsedTime:5045051175ns, electionTimeout:5034ms
2022-02-08 12:42:33,243 [ddfda897-e03d-4d19-9b1c-17acf61c97d5@group-885A5AF52B02-FollowerState] INFO  impl.RoleInfo (RoleInfo.java:shutdownFollowerState(108)) - ddfda897-e03d-4d19-9b1c-17acf61c97d5: shutdown ddfda897-e03d-4d19-9b1c-17acf61c97d5@group-885A5AF52B02-FollowerState
2022-02-08 12:42:33,243 [ddfda897-e03d-4d19-9b1c-17acf61c97d5@group-885A5AF52B02-FollowerState] INFO  server.RaftServer$Division (RaftServerImpl.java:setRole(290)) - ddfda897-e03d-4d19-9b1c-17acf61c97d5@group-885A5AF52B02: changes role from  FOLLOWER to CANDIDATE at term 3 for changeToCandidate
2022-02-08 12:42:33,243 [ddfda897-e03d-4d19-9b1c-17acf61c97d5@group-885A5AF52B02-FollowerState] INFO  server.RaftServerConfigKeys (ConfUtils.java:logGet(44)) - raft.server.leaderelection.pre-vote = false (custom)
2022-02-08 12:42:33,243 [ddfda897-e03d-4d19-9b1c-17acf61c97d5@group-885A5AF52B02-FollowerState] INFO  impl.RoleInfo (RoleInfo.java:updateAndGet(130)) - ddfda897-e03d-4d19-9b1c-17acf61c97d5: start ddfda897-e03d-4d19-9b1c-17acf61c97d5@group-885A5AF52B02-LeaderElection23
2022-02-08 12:42:33,258 [ddfda897-e03d-4d19-9b1c-17acf61c97d5@group-885A5AF52B02-LeaderElection23] INFO  impl.LeaderElection (LeaderElection.java:askForVotes(306)) - ddfda897-e03d-4d19-9b1c-17acf61c97d5@group-885A5AF52B02-LeaderElection23 ELECTION round 0: submit vote requests at term 4 for -1: [2bb38a5d-0509-4181-8b7b-057f495cfd4a|rpc:10.1.0.54:35129|dataStream:|priority:0, ddfda897-e03d-4d19-9b1c-17acf61c97d5|rpc:10.1.0.54:45499|dataStream:|priority:0, 49948d64-f13f-4dea-ab4c-a99dcf6a29cc|rpc:10.1.0.54:40329|dataStream:|priority:1], old=null
2022-02-08 12:42:33,270 [grpc-default-executor-3] INFO  server.RaftServer$Division (RaftServerImpl.java:requestVote(1046)) - 2bb38a5d-0509-4181-8b7b-057f495cfd4a@group-885A5AF52B02: receive requestVote(ELECTION, ddfda897-e03d-4d19-9b1c-17acf61c97d5, group-885A5AF52B02, 4, (t:0, i:0))
2022-02-08 12:42:33,271 [grpc-default-executor-3] INFO  impl.VoteContext (VoteContext.java:log(48)) - 2bb38a5d-0509-4181-8b7b-057f495cfd4a@group-885A5AF52B02-FOLLOWER: accept ELECTION from ddfda897-e03d-4d19-9b1c-17acf61c97d5: our priority 0 <= candidate's priority 0
2022-02-08 12:42:33,271 [grpc-default-executor-3] INFO  server.RaftServer$Division (RaftServerImpl.java:setRole(290)) - 2bb38a5d-0509-4181-8b7b-057f495cfd4a@group-885A5AF52B02: changes role from  FOLLOWER to FOLLOWER at term 4 for candidate:ddfda897-e03d-4d19-9b1c-17acf61c97d5
2022-02-08 12:42:33,271 [grpc-default-executor-3] INFO  impl.RoleInfo (RoleInfo.java:shutdownFollowerState(108)) - 2bb38a5d-0509-4181-8b7b-057f495cfd4a: shutdown 2bb38a5d-0509-4181-8b7b-057f495cfd4a@group-885A5AF52B02-FollowerState
2022-02-08 12:42:33,271 [grpc-default-executor-3] INFO  impl.RoleInfo (RoleInfo.java:updateAndGet(130)) - 2bb38a5d-0509-4181-8b7b-057f495cfd4a: start 2bb38a5d-0509-4181-8b7b-057f495cfd4a@group-885A5AF52B02-FollowerState
2022-02-08 12:42:33,271 [2bb38a5d-0509-4181-8b7b-057f495cfd4a@group-885A5AF52B02-FollowerState] INFO  impl.FollowerState (FollowerState.java:run(143)) - 2bb38a5d-0509-4181-8b7b-057f495cfd4a@group-885A5AF52B02-FollowerState was interrupted: {}
java.lang.InterruptedException: sleep interrupted
	at java.lang.Thread.sleep(Native Method)
	at java.lang.Thread.sleep(Thread.java:340)
	at java.util.concurrent.TimeUnit.sleep(TimeUnit.java:386)
	at org.apache.ratis.util.TimeDuration.sleep(TimeDuration.java:324)
	at org.apache.ratis.util.TimeDuration.sleep(TimeDuration.java:309)
	at org.apache.ratis.server.impl.FollowerState.run(FollowerState.java:118)
2022-02-08 12:42:33,280 [grpc-default-executor-3] INFO  server.RaftServer$Division (RaftServerImpl.java:requestVote(1078)) - 2bb38a5d-0509-4181-8b7b-057f495cfd4a@group-885A5AF52B02 replies to ELECTION vote request: ddfda897-e03d-4d19-9b1c-17acf61c97d5<-2bb38a5d-0509-4181-8b7b-057f495cfd4a#0:OK-t4. Peer's state: 2bb38a5d-0509-4181-8b7b-057f495cfd4a@group-885A5AF52B02:t4, leader=null, voted=ddfda897-e03d-4d19-9b1c-17acf61c97d5, raftlog=2bb38a5d-0509-4181-8b7b-057f495cfd4a@group-885A5AF52B02-SegmentedRaftLog:OPENED:c-1, conf=-1: [2bb38a5d-0509-4181-8b7b-057f495cfd4a|rpc:10.1.0.54:35129|priority:0, ddfda897-e03d-4d19-9b1c-17acf61c97d5|rpc:10.1.0.54:45499|priority:0, 49948d64-f13f-4dea-ab4c-a99dcf6a29cc|rpc:10.1.0.54:40329|priority:1], old=null
2022-02-08 12:42:33,298 [grpc-default-executor-3] INFO  server.RaftServer$Division (RaftServerImpl.java:requestVote(1046)) - 49948d64-f13f-4dea-ab4c-a99dcf6a29cc@group-885A5AF52B02: receive requestVote(ELECTION, ddfda897-e03d-4d19-9b1c-17acf61c97d5, group-885A5AF52B02, 4, (t:0, i:0))
2022-02-08 12:42:33,298 [grpc-default-executor-3] INFO  impl.VoteContext (VoteContext.java:log(48)) - 49948d64-f13f-4dea-ab4c-a99dcf6a29cc@group-885A5AF52B02-FOLLOWER: reject ELECTION from ddfda897-e03d-4d19-9b1c-17acf61c97d5: our priority 1 > candidate's priority 0
2022-02-08 12:42:33,299 [grpc-default-executor-3] INFO  server.RaftServer$Division (RaftServerImpl.java:setRole(290)) - 49948d64-f13f-4dea-ab4c-a99dcf6a29cc@group-885A5AF52B02: changes role from  FOLLOWER to FOLLOWER at term 4 for candidate:ddfda897-e03d-4d19-9b1c-17acf61c97d5
2022-02-08 12:42:33,299 [grpc-default-executor-3] INFO  impl.RoleInfo (RoleInfo.java:shutdownFollowerState(108)) - 49948d64-f13f-4dea-ab4c-a99dcf6a29cc: shutdown 49948d64-f13f-4dea-ab4c-a99dcf6a29cc@group-885A5AF52B02-FollowerState
2022-02-08 12:42:33,299 [grpc-default-executor-3] INFO  impl.RoleInfo (RoleInfo.java:updateAndGet(130)) - 49948d64-f13f-4dea-ab4c-a99dcf6a29cc: start 49948d64-f13f-4dea-ab4c-a99dcf6a29cc@group-885A5AF52B02-FollowerState
2022-02-08 12:42:33,299 [49948d64-f13f-4dea-ab4c-a99dcf6a29cc@group-885A5AF52B02-FollowerState] INFO  impl.FollowerState (FollowerState.java:run(143)) - 49948d64-f13f-4dea-ab4c-a99dcf6a29cc@group-885A5AF52B02-FollowerState was interrupted: {}
java.lang.InterruptedException: sleep interrupted
	at java.lang.Thread.sleep(Native Method)
	at java.lang.Thread.sleep(Thread.java:340)
	at java.util.concurrent.TimeUnit.sleep(TimeUnit.java:386)
	at org.apache.ratis.util.TimeDuration.sleep(TimeDuration.java:324)
	at org.apache.ratis.util.TimeDuration.sleep(TimeDuration.java:309)
	at org.apache.ratis.server.impl.FollowerState.run(FollowerState.java:118)
2022-02-08 12:42:33,303 [grpc-default-executor-3] INFO  server.RaftServer$Division (RaftServerImpl.java:requestVote(1078)) - 49948d64-f13f-4dea-ab4c-a99dcf6a29cc@group-885A5AF52B02 replies to ELECTION vote request: ddfda897-e03d-4d19-9b1c-17acf61c97d5<-49948d64-f13f-4dea-ab4c-a99dcf6a29cc#0:FAIL-t4. Peer's state: 49948d64-f13f-4dea-ab4c-a99dcf6a29cc@group-885A5AF52B02:t4, leader=null, voted=null, raftlog=49948d64-f13f-4dea-ab4c-a99dcf6a29cc@group-885A5AF52B02-SegmentedRaftLog:OPENED:c-1, conf=-1: [2bb38a5d-0509-4181-8b7b-057f495cfd4a|rpc:10.1.0.54:35129|dataStream:|priority:0, ddfda897-e03d-4d19-9b1c-17acf61c97d5|rpc:10.1.0.54:45499|dataStream:|priority:0, 49948d64-f13f-4dea-ab4c-a99dcf6a29cc|rpc:10.1.0.54:40329|dataStream:|priority:1], old=null
2022-02-08 12:42:33,313 [ddfda897-e03d-4d19-9b1c-17acf61c97d5@group-885A5AF52B02-LeaderElection23] INFO  impl.LeaderElection (LeaderElection.java:logAndReturn(89)) - ddfda897-e03d-4d19-9b1c-17acf61c97d5@group-885A5AF52B02-LeaderElection23: ELECTION REJECTED received 2 response(s) and 0 exception(s):
2022-02-08 12:42:33,313 [ddfda897-e03d-4d19-9b1c-17acf61c97d5@group-885A5AF52B02-LeaderElection23] INFO  impl.LeaderElection (LeaderElection.java:logAndReturn(93)) -   Response 0: ddfda897-e03d-4d19-9b1c-17acf61c97d5<-2bb38a5d-0509-4181-8b7b-057f495cfd4a#0:OK-t4
2022-02-08 12:42:33,313 [ddfda897-e03d-4d19-9b1c-17acf61c97d5@group-885A5AF52B02-LeaderElection23] INFO  impl.LeaderElection (LeaderElection.java:logAndReturn(93)) -   Response 1: ddfda897-e03d-4d19-9b1c-17acf61c97d5<-49948d64-f13f-4dea-ab4c-a99dcf6a29cc#0:FAIL-t4
2022-02-08 12:42:33,313 [ddfda897-e03d-4d19-9b1c-17acf61c97d5@group-885A5AF52B02-LeaderElection23] INFO  impl.LeaderElection (LeaderElection.java:askForVotes(308)) - ddfda897-e03d-4d19-9b1c-17acf61c97d5@group-885A5AF52B02-LeaderElection23 ELECTION round 0: result REJECTED
2022-02-08 12:42:33,313 [ddfda897-e03d-4d19-9b1c-17acf61c97d5@group-885A5AF52B02-LeaderElection23] INFO  server.RaftServer$Division (RaftServerImpl.java:setRole(290)) - ddfda897-e03d-4d19-9b1c-17acf61c97d5@group-885A5AF52B02: changes role from CANDIDATE to FOLLOWER at term 4 for REJECTED
2022-02-08 12:42:33,314 [ddfda897-e03d-4d19-9b1c-17acf61c97d5@group-885A5AF52B02-LeaderElection23] INFO  impl.RoleInfo (RoleInfo.java:shutdownLeaderElection(121)) - ddfda897-e03d-4d19-9b1c-17acf61c97d5: shutdown ddfda897-e03d-4d19-9b1c-17acf61c97d5@group-885A5AF52B02-LeaderElection23
2022-02-08 12:42:33,314 [ddfda897-e03d-4d19-9b1c-17acf61c97d5@group-885A5AF52B02-LeaderElection23] INFO  impl.RoleInfo (RoleInfo.java:updateAndGet(130)) - ddfda897-e03d-4d19-9b1c-17acf61c97d5: start ddfda897-e03d-4d19-9b1c-17acf61c97d5@group-885A5AF52B02-FollowerState
2022-02-08 12:42:33,478 [Listener at 127.0.0.1/43683] INFO  ozone.MiniOzoneClusterImpl (MiniOzoneClusterImpl.java:lambda$waitForClusterToBeReady$0(219)) - Nodes are ready. Got 3 of 3 DN Heartbeats.
2022-02-08 12:42:33,479 [Listener at 127.0.0.1/43683] INFO  ozone.MiniOzoneClusterImpl (MiniOzoneClusterImpl.java:lambda$waitForClusterToBeReady$0(222)) - Waiting for cluster to exit safe mode
2022-02-08 12:42:33,479 [Listener at 127.0.0.1/43683] INFO  ozone.MiniOzoneClusterImpl (MiniOzoneClusterImpl.java:lambda$waitForClusterToBeReady$0(224)) - SCM became leader
2022-02-08 12:42:34,479 [Listener at 127.0.0.1/43683] INFO  ozone.MiniOzoneClusterImpl (MiniOzoneClusterImpl.java:lambda$waitForClusterToBeReady$0(219)) - Nodes are ready. Got 3 of 3 DN Heartbeats.
2022-02-08 12:42:34,479 [Listener at 127.0.0.1/43683] INFO  ozone.MiniOzoneClusterImpl (MiniOzoneClusterImpl.java:lambda$waitForClusterToBeReady$0(222)) - Waiting for cluster to exit safe mode
2022-02-08 12:42:34,479 [Listener at 127.0.0.1/43683] INFO  ozone.MiniOzoneClusterImpl (MiniOzoneClusterImpl.java:lambda$waitForClusterToBeReady$0(224)) - SCM became leader
2022-02-08 12:42:35,479 [Listener at 127.0.0.1/43683] INFO  ozone.MiniOzoneClusterImpl (MiniOzoneClusterImpl.java:lambda$waitForClusterToBeReady$0(219)) - Nodes are ready. Got 3 of 3 DN Heartbeats.
2022-02-08 12:42:35,480 [Listener at 127.0.0.1/43683] INFO  ozone.MiniOzoneClusterImpl (MiniOzoneClusterImpl.java:lambda$waitForClusterToBeReady$0(222)) - Waiting for cluster to exit safe mode
2022-02-08 12:42:35,480 [Listener at 127.0.0.1/43683] INFO  ozone.MiniOzoneClusterImpl (MiniOzoneClusterImpl.java:lambda$waitForClusterToBeReady$0(224)) - SCM became leader
2022-02-08 12:42:36,480 [Listener at 127.0.0.1/43683] INFO  ozone.MiniOzoneClusterImpl (MiniOzoneClusterImpl.java:lambda$waitForClusterToBeReady$0(219)) - Nodes are ready. Got 3 of 3 DN Heartbeats.
2022-02-08 12:42:36,480 [Listener at 127.0.0.1/43683] INFO  ozone.MiniOzoneClusterImpl (MiniOzoneClusterImpl.java:lambda$waitForClusterToBeReady$0(222)) - Waiting for cluster to exit safe mode
2022-02-08 12:42:36,480 [Listener at 127.0.0.1/43683] INFO  ozone.MiniOzoneClusterImpl (MiniOzoneClusterImpl.java:lambda$waitForClusterToBeReady$0(224)) - SCM became leader
2022-02-08 12:42:37,481 [Listener at 127.0.0.1/43683] INFO  ozone.MiniOzoneClusterImpl (MiniOzoneClusterImpl.java:lambda$waitForClusterToBeReady$0(219)) - Nodes are ready. Got 3 of 3 DN Heartbeats.
2022-02-08 12:42:37,481 [Listener at 127.0.0.1/43683] INFO  ozone.MiniOzoneClusterImpl (MiniOzoneClusterImpl.java:lambda$waitForClusterToBeReady$0(222)) - Waiting for cluster to exit safe mode
2022-02-08 12:42:37,481 [Listener at 127.0.0.1/43683] INFO  ozone.MiniOzoneClusterImpl (MiniOzoneClusterImpl.java:lambda$waitForClusterToBeReady$0(224)) - SCM became leader
2022-02-08 12:42:38,324 [2bb38a5d-0509-4181-8b7b-057f495cfd4a@group-885A5AF52B02-FollowerState] INFO  impl.FollowerState (FollowerState.java:run(134)) - 2bb38a5d-0509-4181-8b7b-057f495cfd4a@group-885A5AF52B02-FollowerState: change to CANDIDATE, lastRpcElapsedTime:5044945164ns, electionTimeout:5033ms
2022-02-08 12:42:38,325 [2bb38a5d-0509-4181-8b7b-057f495cfd4a@group-885A5AF52B02-FollowerState] INFO  impl.RoleInfo (RoleInfo.java:shutdownFollowerState(108)) - 2bb38a5d-0509-4181-8b7b-057f495cfd4a: shutdown 2bb38a5d-0509-4181-8b7b-057f495cfd4a@group-885A5AF52B02-FollowerState
2022-02-08 12:42:38,325 [2bb38a5d-0509-4181-8b7b-057f495cfd4a@group-885A5AF52B02-FollowerState] INFO  server.RaftServer$Division (RaftServerImpl.java:setRole(290)) - 2bb38a5d-0509-4181-8b7b-057f495cfd4a@group-885A5AF52B02: changes role from  FOLLOWER to CANDIDATE at term 4 for changeToCandidate
2022-02-08 12:42:38,325 [2bb38a5d-0509-4181-8b7b-057f495cfd4a@group-885A5AF52B02-FollowerState] INFO  server.RaftServerConfigKeys (ConfUtils.java:logGet(44)) - raft.server.leaderelection.pre-vote = false (custom)
2022-02-08 12:42:38,325 [2bb38a5d-0509-4181-8b7b-057f495cfd4a@group-885A5AF52B02-FollowerState] INFO  impl.RoleInfo (RoleInfo.java:updateAndGet(130)) - 2bb38a5d-0509-4181-8b7b-057f495cfd4a: start 2bb38a5d-0509-4181-8b7b-057f495cfd4a@group-885A5AF52B02-LeaderElection24
2022-02-08 12:42:38,345 [2bb38a5d-0509-4181-8b7b-057f495cfd4a@group-885A5AF52B02-LeaderElection24] INFO  impl.LeaderElection (LeaderElection.java:askForVotes(306)) - 2bb38a5d-0509-4181-8b7b-057f495cfd4a@group-885A5AF52B02-LeaderElection24 ELECTION round 0: submit vote requests at term 5 for -1: [2bb38a5d-0509-4181-8b7b-057f495cfd4a|rpc:10.1.0.54:35129|priority:0, ddfda897-e03d-4d19-9b1c-17acf61c97d5|rpc:10.1.0.54:45499|priority:0, 49948d64-f13f-4dea-ab4c-a99dcf6a29cc|rpc:10.1.0.54:40329|priority:1], old=null
2022-02-08 12:42:38,374 [grpc-default-executor-3] INFO  server.RaftServer$Division (RaftServerImpl.java:requestVote(1046)) - ddfda897-e03d-4d19-9b1c-17acf61c97d5@group-885A5AF52B02: receive requestVote(ELECTION, 2bb38a5d-0509-4181-8b7b-057f495cfd4a, group-885A5AF52B02, 5, (t:0, i:0))
2022-02-08 12:42:38,375 [grpc-default-executor-3] INFO  impl.VoteContext (VoteContext.java:log(48)) - ddfda897-e03d-4d19-9b1c-17acf61c97d5@group-885A5AF52B02-FOLLOWER: accept ELECTION from 2bb38a5d-0509-4181-8b7b-057f495cfd4a: our priority 0 <= candidate's priority 0
2022-02-08 12:42:38,375 [grpc-default-executor-3] INFO  server.RaftServer$Division (RaftServerImpl.java:setRole(290)) - ddfda897-e03d-4d19-9b1c-17acf61c97d5@group-885A5AF52B02: changes role from  FOLLOWER to FOLLOWER at term 5 for candidate:2bb38a5d-0509-4181-8b7b-057f495cfd4a
2022-02-08 12:42:38,375 [grpc-default-executor-3] INFO  impl.RoleInfo (RoleInfo.java:shutdownFollowerState(108)) - ddfda897-e03d-4d19-9b1c-17acf61c97d5: shutdown ddfda897-e03d-4d19-9b1c-17acf61c97d5@group-885A5AF52B02-FollowerState
2022-02-08 12:42:38,375 [grpc-default-executor-3] INFO  impl.RoleInfo (RoleInfo.java:updateAndGet(130)) - ddfda897-e03d-4d19-9b1c-17acf61c97d5: start ddfda897-e03d-4d19-9b1c-17acf61c97d5@group-885A5AF52B02-FollowerState
2022-02-08 12:42:38,375 [ddfda897-e03d-4d19-9b1c-17acf61c97d5@group-885A5AF52B02-FollowerState] INFO  impl.FollowerState (FollowerState.java:run(143)) - ddfda897-e03d-4d19-9b1c-17acf61c97d5@group-885A5AF52B02-FollowerState was interrupted: {}
java.lang.InterruptedException: sleep interrupted
	at java.lang.Thread.sleep(Native Method)
	at java.lang.Thread.sleep(Thread.java:340)
	at java.util.concurrent.TimeUnit.sleep(TimeUnit.java:386)
	at org.apache.ratis.util.TimeDuration.sleep(TimeDuration.java:324)
	at org.apache.ratis.util.TimeDuration.sleep(TimeDuration.java:309)
	at org.apache.ratis.server.impl.FollowerState.run(FollowerState.java:118)
2022-02-08 12:42:38,377 [grpc-default-executor-3] INFO  server.RaftServer$Division (RaftServerImpl.java:requestVote(1078)) - ddfda897-e03d-4d19-9b1c-17acf61c97d5@group-885A5AF52B02 replies to ELECTION vote request: 2bb38a5d-0509-4181-8b7b-057f495cfd4a<-ddfda897-e03d-4d19-9b1c-17acf61c97d5#0:OK-t5. Peer's state: ddfda897-e03d-4d19-9b1c-17acf61c97d5@group-885A5AF52B02:t5, leader=null, voted=2bb38a5d-0509-4181-8b7b-057f495cfd4a, raftlog=ddfda897-e03d-4d19-9b1c-17acf61c97d5@group-885A5AF52B02-SegmentedRaftLog:OPENED:c-1, conf=-1: [2bb38a5d-0509-4181-8b7b-057f495cfd4a|rpc:10.1.0.54:35129|dataStream:|priority:0, ddfda897-e03d-4d19-9b1c-17acf61c97d5|rpc:10.1.0.54:45499|dataStream:|priority:0, 49948d64-f13f-4dea-ab4c-a99dcf6a29cc|rpc:10.1.0.54:40329|dataStream:|priority:1], old=null
2022-02-08 12:42:38,414 [grpc-default-executor-3] INFO  server.RaftServer$Division (RaftServerImpl.java:requestVote(1046)) - 49948d64-f13f-4dea-ab4c-a99dcf6a29cc@group-885A5AF52B02: receive requestVote(ELECTION, 2bb38a5d-0509-4181-8b7b-057f495cfd4a, group-885A5AF52B02, 5, (t:0, i:0))
2022-02-08 12:42:38,414 [grpc-default-executor-3] INFO  impl.VoteContext (VoteContext.java:log(48)) - 49948d64-f13f-4dea-ab4c-a99dcf6a29cc@group-885A5AF52B02-FOLLOWER: reject ELECTION from 2bb38a5d-0509-4181-8b7b-057f495cfd4a: our priority 1 > candidate's priority 0
2022-02-08 12:42:38,415 [grpc-default-executor-3] INFO  server.RaftServer$Division (RaftServerImpl.java:setRole(290)) - 49948d64-f13f-4dea-ab4c-a99dcf6a29cc@group-885A5AF52B02: changes role from  FOLLOWER to FOLLOWER at term 5 for candidate:2bb38a5d-0509-4181-8b7b-057f495cfd4a
2022-02-08 12:42:38,415 [grpc-default-executor-3] INFO  impl.RoleInfo (RoleInfo.java:shutdownFollowerState(108)) - 49948d64-f13f-4dea-ab4c-a99dcf6a29cc: shutdown 49948d64-f13f-4dea-ab4c-a99dcf6a29cc@group-885A5AF52B02-FollowerState
2022-02-08 12:42:38,415 [grpc-default-executor-3] INFO  impl.RoleInfo (RoleInfo.java:updateAndGet(130)) - 49948d64-f13f-4dea-ab4c-a99dcf6a29cc: start 49948d64-f13f-4dea-ab4c-a99dcf6a29cc@group-885A5AF52B02-FollowerState
2022-02-08 12:42:38,415 [49948d64-f13f-4dea-ab4c-a99dcf6a29cc@group-885A5AF52B02-FollowerState] INFO  impl.FollowerState (FollowerState.java:run(143)) - 49948d64-f13f-4dea-ab4c-a99dcf6a29cc@group-885A5AF52B02-FollowerState was interrupted: {}
java.lang.InterruptedException: sleep interrupted
	at java.lang.Thread.sleep(Native Method)
	at java.lang.Thread.sleep(Thread.java:340)
	at java.util.concurrent.TimeUnit.sleep(TimeUnit.java:386)
	at org.apache.ratis.util.TimeDuration.sleep(TimeDuration.java:324)
	at org.apache.ratis.util.TimeDuration.sleep(TimeDuration.java:309)
	at org.apache.ratis.server.impl.FollowerState.run(FollowerState.java:118)
2022-02-08 12:42:38,428 [grpc-default-executor-3] INFO  server.RaftServer$Division (RaftServerImpl.java:requestVote(1078)) - 49948d64-f13f-4dea-ab4c-a99dcf6a29cc@group-885A5AF52B02 replies to ELECTION vote request: 2bb38a5d-0509-4181-8b7b-057f495cfd4a<-49948d64-f13f-4dea-ab4c-a99dcf6a29cc#0:FAIL-t5. Peer's state: 49948d64-f13f-4dea-ab4c-a99dcf6a29cc@group-885A5AF52B02:t5, leader=null, voted=null, raftlog=49948d64-f13f-4dea-ab4c-a99dcf6a29cc@group-885A5AF52B02-SegmentedRaftLog:OPENED:c-1, conf=-1: [2bb38a5d-0509-4181-8b7b-057f495cfd4a|rpc:10.1.0.54:35129|dataStream:|priority:0, ddfda897-e03d-4d19-9b1c-17acf61c97d5|rpc:10.1.0.54:45499|dataStream:|priority:0, 49948d64-f13f-4dea-ab4c-a99dcf6a29cc|rpc:10.1.0.54:40329|dataStream:|priority:1], old=null
2022-02-08 12:42:38,434 [2bb38a5d-0509-4181-8b7b-057f495cfd4a@group-885A5AF52B02-LeaderElection24] INFO  impl.LeaderElection (LeaderElection.java:logAndReturn(89)) - 2bb38a5d-0509-4181-8b7b-057f495cfd4a@group-885A5AF52B02-LeaderElection24: ELECTION REJECTED received 2 response(s) and 0 exception(s):
2022-02-08 12:42:38,434 [2bb38a5d-0509-4181-8b7b-057f495cfd4a@group-885A5AF52B02-LeaderElection24] INFO  impl.LeaderElection (LeaderElection.java:logAndReturn(93)) -   Response 0: 2bb38a5d-0509-4181-8b7b-057f495cfd4a<-ddfda897-e03d-4d19-9b1c-17acf61c97d5#0:OK-t5
2022-02-08 12:42:38,434 [2bb38a5d-0509-4181-8b7b-057f495cfd4a@group-885A5AF52B02-LeaderElection24] INFO  impl.LeaderElection (LeaderElection.java:logAndReturn(93)) -   Response 1: 2bb38a5d-0509-4181-8b7b-057f495cfd4a<-49948d64-f13f-4dea-ab4c-a99dcf6a29cc#0:FAIL-t5
2022-02-08 12:42:38,434 [2bb38a5d-0509-4181-8b7b-057f495cfd4a@group-885A5AF52B02-LeaderElection24] INFO  impl.LeaderElection (LeaderElection.java:askForVotes(308)) - 2bb38a5d-0509-4181-8b7b-057f495cfd4a@group-885A5AF52B02-LeaderElection24 ELECTION round 0: result REJECTED
2022-02-08 12:42:38,434 [2bb38a5d-0509-4181-8b7b-057f495cfd4a@group-885A5AF52B02-LeaderElection24] INFO  server.RaftServer$Division (RaftServerImpl.java:setRole(290)) - 2bb38a5d-0509-4181-8b7b-057f495cfd4a@group-885A5AF52B02: changes role from CANDIDATE to FOLLOWER at term 5 for REJECTED
2022-02-08 12:42:38,434 [2bb38a5d-0509-4181-8b7b-057f495cfd4a@group-885A5AF52B02-LeaderElection24] INFO  impl.RoleInfo (RoleInfo.java:shutdownLeaderElection(121)) - 2bb38a5d-0509-4181-8b7b-057f495cfd4a: shutdown 2bb38a5d-0509-4181-8b7b-057f495cfd4a@group-885A5AF52B02-LeaderElection24
2022-02-08 12:42:38,434 [2bb38a5d-0509-4181-8b7b-057f495cfd4a@group-885A5AF52B02-LeaderElection24] INFO  impl.RoleInfo (RoleInfo.java:updateAndGet(130)) - 2bb38a5d-0509-4181-8b7b-057f495cfd4a: start 2bb38a5d-0509-4181-8b7b-057f495cfd4a@group-885A5AF52B02-FollowerState
2022-02-08 12:42:38,481 [Listener at 127.0.0.1/43683] INFO  ozone.MiniOzoneClusterImpl (MiniOzoneClusterImpl.java:lambda$waitForClusterToBeReady$0(219)) - Nodes are ready. Got 3 of 3 DN Heartbeats.
2022-02-08 12:42:38,483 [Listener at 127.0.0.1/43683] INFO  ozone.MiniOzoneClusterImpl (MiniOzoneClusterImpl.java:lambda$waitForClusterToBeReady$0(222)) - Waiting for cluster to exit safe mode
2022-02-08 12:42:38,483 [Listener at 127.0.0.1/43683] INFO  ozone.MiniOzoneClusterImpl (MiniOzoneClusterImpl.java:lambda$waitForClusterToBeReady$0(224)) - SCM became leader
2022-02-08 12:42:39,484 [Listener at 127.0.0.1/43683] INFO  ozone.MiniOzoneClusterImpl (MiniOzoneClusterImpl.java:lambda$waitForClusterToBeReady$0(219)) - Nodes are ready. Got 3 of 3 DN Heartbeats.
2022-02-08 12:42:39,484 [Listener at 127.0.0.1/43683] INFO  ozone.MiniOzoneClusterImpl (MiniOzoneClusterImpl.java:lambda$waitForClusterToBeReady$0(222)) - Waiting for cluster to exit safe mode
2022-02-08 12:42:39,484 [Listener at 127.0.0.1/43683] INFO  ozone.MiniOzoneClusterImpl (MiniOzoneClusterImpl.java:lambda$waitForClusterToBeReady$0(224)) - SCM became leader
2022-02-08 12:42:40,484 [Listener at 127.0.0.1/43683] INFO  ozone.MiniOzoneClusterImpl (MiniOzoneClusterImpl.java:lambda$waitForClusterToBeReady$0(219)) - Nodes are ready. Got 3 of 3 DN Heartbeats.
2022-02-08 12:42:40,484 [Listener at 127.0.0.1/43683] INFO  ozone.MiniOzoneClusterImpl (MiniOzoneClusterImpl.java:lambda$waitForClusterToBeReady$0(222)) - Waiting for cluster to exit safe mode
2022-02-08 12:42:40,484 [Listener at 127.0.0.1/43683] INFO  ozone.MiniOzoneClusterImpl (MiniOzoneClusterImpl.java:lambda$waitForClusterToBeReady$0(224)) - SCM became leader
2022-02-08 12:42:41,485 [Listener at 127.0.0.1/43683] INFO  ozone.MiniOzoneClusterImpl (MiniOzoneClusterImpl.java:lambda$waitForClusterToBeReady$0(219)) - Nodes are ready. Got 3 of 3 DN Heartbeats.
2022-02-08 12:42:41,485 [Listener at 127.0.0.1/43683] INFO  ozone.MiniOzoneClusterImpl (MiniOzoneClusterImpl.java:lambda$waitForClusterToBeReady$0(222)) - Waiting for cluster to exit safe mode
2022-02-08 12:42:41,485 [Listener at 127.0.0.1/43683] INFO  ozone.MiniOzoneClusterImpl (MiniOzoneClusterImpl.java:lambda$waitForClusterToBeReady$0(224)) - SCM became leader
2022-02-08 12:42:42,485 [Listener at 127.0.0.1/43683] INFO  ozone.MiniOzoneClusterImpl (MiniOzoneClusterImpl.java:lambda$waitForClusterToBeReady$0(219)) - Nodes are ready. Got 3 of 3 DN Heartbeats.
2022-02-08 12:42:42,485 [Listener at 127.0.0.1/43683] INFO  ozone.MiniOzoneClusterImpl (MiniOzoneClusterImpl.java:lambda$waitForClusterToBeReady$0(222)) - Waiting for cluster to exit safe mode
2022-02-08 12:42:42,486 [Listener at 127.0.0.1/43683] INFO  ozone.MiniOzoneClusterImpl (MiniOzoneClusterImpl.java:lambda$waitForClusterToBeReady$0(224)) - SCM became leader
2022-02-08 12:42:43,486 [Listener at 127.0.0.1/43683] INFO  ozone.MiniOzoneClusterImpl (MiniOzoneClusterImpl.java:lambda$waitForClusterToBeReady$0(219)) - Nodes are ready. Got 3 of 3 DN Heartbeats.
2022-02-08 12:42:43,486 [Listener at 127.0.0.1/43683] INFO  ozone.MiniOzoneClusterImpl (MiniOzoneClusterImpl.java:lambda$waitForClusterToBeReady$0(222)) - Waiting for cluster to exit safe mode
2022-02-08 12:42:43,486 [Listener at 127.0.0.1/43683] INFO  ozone.MiniOzoneClusterImpl (MiniOzoneClusterImpl.java:lambda$waitForClusterToBeReady$0(224)) - SCM became leader
2022-02-08 12:42:43,507 [2bb38a5d-0509-4181-8b7b-057f495cfd4a@group-885A5AF52B02-FollowerState] INFO  impl.FollowerState (FollowerState.java:run(134)) - 2bb38a5d-0509-4181-8b7b-057f495cfd4a@group-885A5AF52B02-FollowerState: change to CANDIDATE, lastRpcElapsedTime:5072146423ns, electionTimeout:5067ms
2022-02-08 12:42:43,507 [2bb38a5d-0509-4181-8b7b-057f495cfd4a@group-885A5AF52B02-FollowerState] INFO  impl.RoleInfo (RoleInfo.java:shutdownFollowerState(108)) - 2bb38a5d-0509-4181-8b7b-057f495cfd4a: shutdown 2bb38a5d-0509-4181-8b7b-057f495cfd4a@group-885A5AF52B02-FollowerState
2022-02-08 12:42:43,507 [2bb38a5d-0509-4181-8b7b-057f495cfd4a@group-885A5AF52B02-FollowerState] INFO  server.RaftServer$Division (RaftServerImpl.java:setRole(290)) - 2bb38a5d-0509-4181-8b7b-057f495cfd4a@group-885A5AF52B02: changes role from  FOLLOWER to CANDIDATE at term 5 for changeToCandidate
2022-02-08 12:42:43,507 [2bb38a5d-0509-4181-8b7b-057f495cfd4a@group-885A5AF52B02-FollowerState] INFO  server.RaftServerConfigKeys (ConfUtils.java:logGet(44)) - raft.server.leaderelection.pre-vote = false (custom)
2022-02-08 12:42:43,507 [2bb38a5d-0509-4181-8b7b-057f495cfd4a@group-885A5AF52B02-FollowerState] INFO  impl.RoleInfo (RoleInfo.java:updateAndGet(130)) - 2bb38a5d-0509-4181-8b7b-057f495cfd4a: start 2bb38a5d-0509-4181-8b7b-057f495cfd4a@group-885A5AF52B02-LeaderElection25
2022-02-08 12:42:43,529 [2bb38a5d-0509-4181-8b7b-057f495cfd4a@group-885A5AF52B02-LeaderElection25] INFO  impl.LeaderElection (LeaderElection.java:askForVotes(306)) - 2bb38a5d-0509-4181-8b7b-057f495cfd4a@group-885A5AF52B02-LeaderElection25 ELECTION round 0: submit vote requests at term 6 for -1: [2bb38a5d-0509-4181-8b7b-057f495cfd4a|rpc:10.1.0.54:35129|priority:0, ddfda897-e03d-4d19-9b1c-17acf61c97d5|rpc:10.1.0.54:45499|priority:0, 49948d64-f13f-4dea-ab4c-a99dcf6a29cc|rpc:10.1.0.54:40329|priority:1], old=null
2022-02-08 12:42:43,544 [grpc-default-executor-3] INFO  server.RaftServer$Division (RaftServerImpl.java:requestVote(1046)) - ddfda897-e03d-4d19-9b1c-17acf61c97d5@group-885A5AF52B02: receive requestVote(ELECTION, 2bb38a5d-0509-4181-8b7b-057f495cfd4a, group-885A5AF52B02, 6, (t:0, i:0))
2022-02-08 12:42:43,544 [grpc-default-executor-3] INFO  impl.VoteContext (VoteContext.java:log(48)) - ddfda897-e03d-4d19-9b1c-17acf61c97d5@group-885A5AF52B02-FOLLOWER: accept ELECTION from 2bb38a5d-0509-4181-8b7b-057f495cfd4a: our priority 0 <= candidate's priority 0
2022-02-08 12:42:43,544 [grpc-default-executor-3] INFO  server.RaftServer$Division (RaftServerImpl.java:setRole(290)) - ddfda897-e03d-4d19-9b1c-17acf61c97d5@group-885A5AF52B02: changes role from  FOLLOWER to FOLLOWER at term 6 for candidate:2bb38a5d-0509-4181-8b7b-057f495cfd4a
2022-02-08 12:42:43,544 [grpc-default-executor-3] INFO  impl.RoleInfo (RoleInfo.java:shutdownFollowerState(108)) - ddfda897-e03d-4d19-9b1c-17acf61c97d5: shutdown ddfda897-e03d-4d19-9b1c-17acf61c97d5@group-885A5AF52B02-FollowerState
2022-02-08 12:42:43,544 [grpc-default-executor-3] INFO  impl.RoleInfo (RoleInfo.java:updateAndGet(130)) - ddfda897-e03d-4d19-9b1c-17acf61c97d5: start ddfda897-e03d-4d19-9b1c-17acf61c97d5@group-885A5AF52B02-FollowerState
2022-02-08 12:42:43,544 [ddfda897-e03d-4d19-9b1c-17acf61c97d5@group-885A5AF52B02-FollowerState] INFO  impl.FollowerState (FollowerState.java:run(143)) - ddfda897-e03d-4d19-9b1c-17acf61c97d5@group-885A5AF52B02-FollowerState was interrupted: {}
java.lang.InterruptedException: sleep interrupted
	at java.lang.Thread.sleep(Native Method)
	at java.lang.Thread.sleep(Thread.java:340)
	at java.util.concurrent.TimeUnit.sleep(TimeUnit.java:386)
	at org.apache.ratis.util.TimeDuration.sleep(TimeDuration.java:324)
	at org.apache.ratis.util.TimeDuration.sleep(TimeDuration.java:309)
	at org.apache.ratis.server.impl.FollowerState.run(FollowerState.java:118)
2022-02-08 12:42:43,547 [grpc-default-executor-3] INFO  server.RaftServer$Division (RaftServerImpl.java:requestVote(1078)) - ddfda897-e03d-4d19-9b1c-17acf61c97d5@group-885A5AF52B02 replies to ELECTION vote request: 2bb38a5d-0509-4181-8b7b-057f495cfd4a<-ddfda897-e03d-4d19-9b1c-17acf61c97d5#0:OK-t6. Peer's state: ddfda897-e03d-4d19-9b1c-17acf61c97d5@group-885A5AF52B02:t6, leader=null, voted=2bb38a5d-0509-4181-8b7b-057f495cfd4a, raftlog=ddfda897-e03d-4d19-9b1c-17acf61c97d5@group-885A5AF52B02-SegmentedRaftLog:OPENED:c-1, conf=-1: [2bb38a5d-0509-4181-8b7b-057f495cfd4a|rpc:10.1.0.54:35129|dataStream:|priority:0, ddfda897-e03d-4d19-9b1c-17acf61c97d5|rpc:10.1.0.54:45499|dataStream:|priority:0, 49948d64-f13f-4dea-ab4c-a99dcf6a29cc|rpc:10.1.0.54:40329|dataStream:|priority:1], old=null
2022-02-08 12:42:43,563 [grpc-default-executor-3] INFO  server.RaftServer$Division (RaftServerImpl.java:requestVote(1046)) - 49948d64-f13f-4dea-ab4c-a99dcf6a29cc@group-885A5AF52B02: receive requestVote(ELECTION, 2bb38a5d-0509-4181-8b7b-057f495cfd4a, group-885A5AF52B02, 6, (t:0, i:0))
2022-02-08 12:42:43,563 [grpc-default-executor-3] INFO  impl.VoteContext (VoteContext.java:log(48)) - 49948d64-f13f-4dea-ab4c-a99dcf6a29cc@group-885A5AF52B02-FOLLOWER: reject ELECTION from 2bb38a5d-0509-4181-8b7b-057f495cfd4a: our priority 1 > candidate's priority 0
2022-02-08 12:42:43,563 [grpc-default-executor-3] INFO  server.RaftServer$Division (RaftServerImpl.java:setRole(290)) - 49948d64-f13f-4dea-ab4c-a99dcf6a29cc@group-885A5AF52B02: changes role from  FOLLOWER to FOLLOWER at term 6 for candidate:2bb38a5d-0509-4181-8b7b-057f495cfd4a
2022-02-08 12:42:43,563 [grpc-default-executor-3] INFO  impl.RoleInfo (RoleInfo.java:shutdownFollowerState(108)) - 49948d64-f13f-4dea-ab4c-a99dcf6a29cc: shutdown 49948d64-f13f-4dea-ab4c-a99dcf6a29cc@group-885A5AF52B02-FollowerState
2022-02-08 12:42:43,563 [grpc-default-executor-3] INFO  impl.RoleInfo (RoleInfo.java:updateAndGet(130)) - 49948d64-f13f-4dea-ab4c-a99dcf6a29cc: start 49948d64-f13f-4dea-ab4c-a99dcf6a29cc@group-885A5AF52B02-FollowerState
2022-02-08 12:42:43,564 [49948d64-f13f-4dea-ab4c-a99dcf6a29cc@group-885A5AF52B02-FollowerState] INFO  impl.FollowerState (FollowerState.java:run(143)) - 49948d64-f13f-4dea-ab4c-a99dcf6a29cc@group-885A5AF52B02-FollowerState was interrupted: {}
java.lang.InterruptedException: sleep interrupted
	at java.lang.Thread.sleep(Native Method)
	at java.lang.Thread.sleep(Thread.java:340)
	at java.util.concurrent.TimeUnit.sleep(TimeUnit.java:386)
	at org.apache.ratis.util.TimeDuration.sleep(TimeDuration.java:324)
	at org.apache.ratis.util.TimeDuration.sleep(TimeDuration.java:309)
	at org.apache.ratis.server.impl.FollowerState.run(FollowerState.java:118)
2022-02-08 12:42:43,571 [grpc-default-executor-3] INFO  server.RaftServer$Division (RaftServerImpl.java:requestVote(1078)) - 49948d64-f13f-4dea-ab4c-a99dcf6a29cc@group-885A5AF52B02 replies to ELECTION vote request: 2bb38a5d-0509-4181-8b7b-057f495cfd4a<-49948d64-f13f-4dea-ab4c-a99dcf6a29cc#0:FAIL-t6. Peer's state: 49948d64-f13f-4dea-ab4c-a99dcf6a29cc@group-885A5AF52B02:t6, leader=null, voted=null, raftlog=49948d64-f13f-4dea-ab4c-a99dcf6a29cc@group-885A5AF52B02-SegmentedRaftLog:OPENED:c-1, conf=-1: [2bb38a5d-0509-4181-8b7b-057f495cfd4a|rpc:10.1.0.54:35129|dataStream:|priority:0, ddfda897-e03d-4d19-9b1c-17acf61c97d5|rpc:10.1.0.54:45499|dataStream:|priority:0, 49948d64-f13f-4dea-ab4c-a99dcf6a29cc|rpc:10.1.0.54:40329|dataStream:|priority:1], old=null
2022-02-08 12:42:43,574 [2bb38a5d-0509-4181-8b7b-057f495cfd4a@group-885A5AF52B02-LeaderElection25] INFO  impl.LeaderElection (LeaderElection.java:logAndReturn(89)) - 2bb38a5d-0509-4181-8b7b-057f495cfd4a@group-885A5AF52B02-LeaderElection25: ELECTION REJECTED received 2 response(s) and 0 exception(s):
2022-02-08 12:42:43,574 [2bb38a5d-0509-4181-8b7b-057f495cfd4a@group-885A5AF52B02-LeaderElection25] INFO  impl.LeaderElection (LeaderElection.java:logAndReturn(93)) -   Response 0: 2bb38a5d-0509-4181-8b7b-057f495cfd4a<-ddfda897-e03d-4d19-9b1c-17acf61c97d5#0:OK-t6
2022-02-08 12:42:43,574 [2bb38a5d-0509-4181-8b7b-057f495cfd4a@group-885A5AF52B02-LeaderElection25] INFO  impl.LeaderElection (LeaderElection.java:logAndReturn(93)) -   Response 1: 2bb38a5d-0509-4181-8b7b-057f495cfd4a<-49948d64-f13f-4dea-ab4c-a99dcf6a29cc#0:FAIL-t6
2022-02-08 12:42:43,574 [2bb38a5d-0509-4181-8b7b-057f495cfd4a@group-885A5AF52B02-LeaderElection25] INFO  impl.LeaderElection (LeaderElection.java:askForVotes(308)) - 2bb38a5d-0509-4181-8b7b-057f495cfd4a@group-885A5AF52B02-LeaderElection25 ELECTION round 0: result REJECTED
2022-02-08 12:42:43,574 [2bb38a5d-0509-4181-8b7b-057f495cfd4a@group-885A5AF52B02-LeaderElection25] INFO  server.RaftServer$Division (RaftServerImpl.java:setRole(290)) - 2bb38a5d-0509-4181-8b7b-057f495cfd4a@group-885A5AF52B02: changes role from CANDIDATE to FOLLOWER at term 6 for REJECTED
2022-02-08 12:42:43,574 [2bb38a5d-0509-4181-8b7b-057f495cfd4a@group-885A5AF52B02-LeaderElection25] INFO  impl.RoleInfo (RoleInfo.java:shutdownLeaderElection(121)) - 2bb38a5d-0509-4181-8b7b-057f495cfd4a: shutdown 2bb38a5d-0509-4181-8b7b-057f495cfd4a@group-885A5AF52B02-LeaderElection25
2022-02-08 12:42:43,574 [2bb38a5d-0509-4181-8b7b-057f495cfd4a@group-885A5AF52B02-LeaderElection25] INFO  impl.RoleInfo (RoleInfo.java:updateAndGet(130)) - 2bb38a5d-0509-4181-8b7b-057f495cfd4a: start 2bb38a5d-0509-4181-8b7b-057f495cfd4a@group-885A5AF52B02-FollowerState
2022-02-08 12:42:44,486 [Listener at 127.0.0.1/43683] INFO  ozone.MiniOzoneClusterImpl (MiniOzoneClusterImpl.java:lambda$waitForClusterToBeReady$0(219)) - Nodes are ready. Got 3 of 3 DN Heartbeats.
2022-02-08 12:42:44,488 [Listener at 127.0.0.1/43683] INFO  ozone.MiniOzoneClusterImpl (MiniOzoneClusterImpl.java:lambda$waitForClusterToBeReady$0(222)) - Waiting for cluster to exit safe mode
2022-02-08 12:42:44,488 [Listener at 127.0.0.1/43683] INFO  ozone.MiniOzoneClusterImpl (MiniOzoneClusterImpl.java:lambda$waitForClusterToBeReady$0(224)) - SCM became leader
2022-02-08 12:42:45,499 [Listener at 127.0.0.1/43683] INFO  ozone.MiniOzoneClusterImpl (MiniOzoneClusterImpl.java:lambda$waitForClusterToBeReady$0(219)) - Nodes are ready. Got 3 of 3 DN Heartbeats.
2022-02-08 12:42:45,499 [Listener at 127.0.0.1/43683] INFO  ozone.MiniOzoneClusterImpl (MiniOzoneClusterImpl.java:lambda$waitForClusterToBeReady$0(222)) - Waiting for cluster to exit safe mode
2022-02-08 12:42:45,499 [Listener at 127.0.0.1/43683] INFO  ozone.MiniOzoneClusterImpl (MiniOzoneClusterImpl.java:lambda$waitForClusterToBeReady$0(224)) - SCM became leader
2022-02-08 12:42:46,499 [Listener at 127.0.0.1/43683] INFO  ozone.MiniOzoneClusterImpl (MiniOzoneClusterImpl.java:lambda$waitForClusterToBeReady$0(219)) - Nodes are ready. Got 3 of 3 DN Heartbeats.
2022-02-08 12:42:46,499 [Listener at 127.0.0.1/43683] INFO  ozone.MiniOzoneClusterImpl (MiniOzoneClusterImpl.java:lambda$waitForClusterToBeReady$0(222)) - Waiting for cluster to exit safe mode
2022-02-08 12:42:46,499 [Listener at 127.0.0.1/43683] INFO  ozone.MiniOzoneClusterImpl (MiniOzoneClusterImpl.java:lambda$waitForClusterToBeReady$0(224)) - SCM became leader
2022-02-08 12:42:47,500 [Listener at 127.0.0.1/43683] INFO  ozone.MiniOzoneClusterImpl (MiniOzoneClusterImpl.java:lambda$waitForClusterToBeReady$0(219)) - Nodes are ready. Got 3 of 3 DN Heartbeats.
2022-02-08 12:42:47,500 [Listener at 127.0.0.1/43683] INFO  ozone.MiniOzoneClusterImpl (MiniOzoneClusterImpl.java:lambda$waitForClusterToBeReady$0(222)) - Waiting for cluster to exit safe mode
2022-02-08 12:42:47,500 [Listener at 127.0.0.1/43683] INFO  ozone.MiniOzoneClusterImpl (MiniOzoneClusterImpl.java:lambda$waitForClusterToBeReady$0(224)) - SCM became leader
2022-02-08 12:42:48,500 [Listener at 127.0.0.1/43683] INFO  ozone.MiniOzoneClusterImpl (MiniOzoneClusterImpl.java:lambda$waitForClusterToBeReady$0(219)) - Nodes are ready. Got 3 of 3 DN Heartbeats.
2022-02-08 12:42:48,501 [Listener at 127.0.0.1/43683] INFO  ozone.MiniOzoneClusterImpl (MiniOzoneClusterImpl.java:lambda$waitForClusterToBeReady$0(222)) - Waiting for cluster to exit safe mode
2022-02-08 12:42:48,501 [Listener at 127.0.0.1/43683] INFO  ozone.MiniOzoneClusterImpl (MiniOzoneClusterImpl.java:lambda$waitForClusterToBeReady$0(224)) - SCM became leader
2022-02-08 12:42:48,600 [2bb38a5d-0509-4181-8b7b-057f495cfd4a@group-885A5AF52B02-FollowerState] INFO  impl.FollowerState (FollowerState.java:run(134)) - 2bb38a5d-0509-4181-8b7b-057f495cfd4a@group-885A5AF52B02-FollowerState: change to CANDIDATE, lastRpcElapsedTime:5025590065ns, electionTimeout:5015ms
2022-02-08 12:42:48,600 [2bb38a5d-0509-4181-8b7b-057f495cfd4a@group-885A5AF52B02-FollowerState] INFO  impl.RoleInfo (RoleInfo.java:shutdownFollowerState(108)) - 2bb38a5d-0509-4181-8b7b-057f495cfd4a: shutdown 2bb38a5d-0509-4181-8b7b-057f495cfd4a@group-885A5AF52B02-FollowerState
2022-02-08 12:42:48,600 [2bb38a5d-0509-4181-8b7b-057f495cfd4a@group-885A5AF52B02-FollowerState] INFO  server.RaftServer$Division (RaftServerImpl.java:setRole(290)) - 2bb38a5d-0509-4181-8b7b-057f495cfd4a@group-885A5AF52B02: changes role from  FOLLOWER to CANDIDATE at term 6 for changeToCandidate
2022-02-08 12:42:48,600 [2bb38a5d-0509-4181-8b7b-057f495cfd4a@group-885A5AF52B02-FollowerState] INFO  server.RaftServerConfigKeys (ConfUtils.java:logGet(44)) - raft.server.leaderelection.pre-vote = false (custom)
2022-02-08 12:42:48,600 [2bb38a5d-0509-4181-8b7b-057f495cfd4a@group-885A5AF52B02-FollowerState] INFO  impl.RoleInfo (RoleInfo.java:updateAndGet(130)) - 2bb38a5d-0509-4181-8b7b-057f495cfd4a: start 2bb38a5d-0509-4181-8b7b-057f495cfd4a@group-885A5AF52B02-LeaderElection26
2022-02-08 12:42:48,624 [2bb38a5d-0509-4181-8b7b-057f495cfd4a@group-885A5AF52B02-LeaderElection26] INFO  impl.LeaderElection (LeaderElection.java:askForVotes(306)) - 2bb38a5d-0509-4181-8b7b-057f495cfd4a@group-885A5AF52B02-LeaderElection26 ELECTION round 0: submit vote requests at term 7 for -1: [2bb38a5d-0509-4181-8b7b-057f495cfd4a|rpc:10.1.0.54:35129|priority:0, ddfda897-e03d-4d19-9b1c-17acf61c97d5|rpc:10.1.0.54:45499|priority:0, 49948d64-f13f-4dea-ab4c-a99dcf6a29cc|rpc:10.1.0.54:40329|priority:1], old=null
2022-02-08 12:42:48,635 [grpc-default-executor-3] INFO  server.RaftServer$Division (RaftServerImpl.java:requestVote(1046)) - 49948d64-f13f-4dea-ab4c-a99dcf6a29cc@group-885A5AF52B02: receive requestVote(ELECTION, 2bb38a5d-0509-4181-8b7b-057f495cfd4a, group-885A5AF52B02, 7, (t:0, i:0))
2022-02-08 12:42:48,635 [grpc-default-executor-3] INFO  impl.VoteContext (VoteContext.java:log(48)) - 49948d64-f13f-4dea-ab4c-a99dcf6a29cc@group-885A5AF52B02-FOLLOWER: reject ELECTION from 2bb38a5d-0509-4181-8b7b-057f495cfd4a: our priority 1 > candidate's priority 0
2022-02-08 12:42:48,635 [grpc-default-executor-3] INFO  server.RaftServer$Division (RaftServerImpl.java:setRole(290)) - 49948d64-f13f-4dea-ab4c-a99dcf6a29cc@group-885A5AF52B02: changes role from  FOLLOWER to FOLLOWER at term 7 for candidate:2bb38a5d-0509-4181-8b7b-057f495cfd4a
2022-02-08 12:42:48,635 [grpc-default-executor-3] INFO  impl.RoleInfo (RoleInfo.java:shutdownFollowerState(108)) - 49948d64-f13f-4dea-ab4c-a99dcf6a29cc: shutdown 49948d64-f13f-4dea-ab4c-a99dcf6a29cc@group-885A5AF52B02-FollowerState
2022-02-08 12:42:48,635 [grpc-default-executor-3] INFO  impl.RoleInfo (RoleInfo.java:updateAndGet(130)) - 49948d64-f13f-4dea-ab4c-a99dcf6a29cc: start 49948d64-f13f-4dea-ab4c-a99dcf6a29cc@group-885A5AF52B02-FollowerState
2022-02-08 12:42:48,635 [49948d64-f13f-4dea-ab4c-a99dcf6a29cc@group-885A5AF52B02-FollowerState] INFO  impl.FollowerState (FollowerState.java:run(143)) - 49948d64-f13f-4dea-ab4c-a99dcf6a29cc@group-885A5AF52B02-FollowerState was interrupted: {}
java.lang.InterruptedException: sleep interrupted
	at java.lang.Thread.sleep(Native Method)
	at java.lang.Thread.sleep(Thread.java:340)
	at java.util.concurrent.TimeUnit.sleep(TimeUnit.java:386)
	at org.apache.ratis.util.TimeDuration.sleep(TimeDuration.java:324)
	at org.apache.ratis.util.TimeDuration.sleep(TimeDuration.java:309)
	at org.apache.ratis.server.impl.FollowerState.run(FollowerState.java:118)
2022-02-08 12:42:48,662 [grpc-default-executor-3] INFO  server.RaftServer$Division (RaftServerImpl.java:requestVote(1078)) - 49948d64-f13f-4dea-ab4c-a99dcf6a29cc@group-885A5AF52B02 replies to ELECTION vote request: 2bb38a5d-0509-4181-8b7b-057f495cfd4a<-49948d64-f13f-4dea-ab4c-a99dcf6a29cc#0:FAIL-t7. Peer's state: 49948d64-f13f-4dea-ab4c-a99dcf6a29cc@group-885A5AF52B02:t7, leader=null, voted=null, raftlog=49948d64-f13f-4dea-ab4c-a99dcf6a29cc@group-885A5AF52B02-SegmentedRaftLog:OPENED:c-1, conf=-1: [2bb38a5d-0509-4181-8b7b-057f495cfd4a|rpc:10.1.0.54:35129|dataStream:|priority:0, ddfda897-e03d-4d19-9b1c-17acf61c97d5|rpc:10.1.0.54:45499|dataStream:|priority:0, 49948d64-f13f-4dea-ab4c-a99dcf6a29cc|rpc:10.1.0.54:40329|dataStream:|priority:1], old=null
2022-02-08 12:42:48,663 [2bb38a5d-0509-4181-8b7b-057f495cfd4a@group-885A5AF52B02-LeaderElection26] INFO  impl.LeaderElection (LeaderElection.java:logAndReturn(89)) - 2bb38a5d-0509-4181-8b7b-057f495cfd4a@group-885A5AF52B02-LeaderElection26: ELECTION REJECTED received 1 response(s) and 0 exception(s):
2022-02-08 12:42:48,664 [2bb38a5d-0509-4181-8b7b-057f495cfd4a@group-885A5AF52B02-LeaderElection26] INFO  impl.LeaderElection (LeaderElection.java:logAndReturn(93)) -   Response 0: 2bb38a5d-0509-4181-8b7b-057f495cfd4a<-49948d64-f13f-4dea-ab4c-a99dcf6a29cc#0:FAIL-t7
2022-02-08 12:42:48,670 [2bb38a5d-0509-4181-8b7b-057f495cfd4a@group-885A5AF52B02-LeaderElection26] INFO  impl.LeaderElection (LeaderElection.java:askForVotes(308)) - 2bb38a5d-0509-4181-8b7b-057f495cfd4a@group-885A5AF52B02-LeaderElection26 ELECTION round 0: result REJECTED
2022-02-08 12:42:48,670 [2bb38a5d-0509-4181-8b7b-057f495cfd4a@group-885A5AF52B02-LeaderElection26] INFO  server.RaftServer$Division (RaftServerImpl.java:setRole(290)) - 2bb38a5d-0509-4181-8b7b-057f495cfd4a@group-885A5AF52B02: changes role from CANDIDATE to FOLLOWER at term 7 for REJECTED
2022-02-08 12:42:48,670 [2bb38a5d-0509-4181-8b7b-057f495cfd4a@group-885A5AF52B02-LeaderElection26] INFO  impl.RoleInfo (RoleInfo.java:shutdownLeaderElection(121)) - 2bb38a5d-0509-4181-8b7b-057f495cfd4a: shutdown 2bb38a5d-0509-4181-8b7b-057f495cfd4a@group-885A5AF52B02-LeaderElection26
2022-02-08 12:42:48,670 [2bb38a5d-0509-4181-8b7b-057f495cfd4a@group-885A5AF52B02-LeaderElection26] INFO  impl.RoleInfo (RoleInfo.java:updateAndGet(130)) - 2bb38a5d-0509-4181-8b7b-057f495cfd4a: start 2bb38a5d-0509-4181-8b7b-057f495cfd4a@group-885A5AF52B02-FollowerState
2022-02-08 12:42:48,681 [grpc-default-executor-0] INFO  server.RaftServer$Division (RaftServerImpl.java:requestVote(1046)) - ddfda897-e03d-4d19-9b1c-17acf61c97d5@group-885A5AF52B02: receive requestVote(ELECTION, 2bb38a5d-0509-4181-8b7b-057f495cfd4a, group-885A5AF52B02, 7, (t:0, i:0))
2022-02-08 12:42:48,682 [grpc-default-executor-0] INFO  impl.VoteContext (VoteContext.java:log(48)) - ddfda897-e03d-4d19-9b1c-17acf61c97d5@group-885A5AF52B02-FOLLOWER: accept ELECTION from 2bb38a5d-0509-4181-8b7b-057f495cfd4a: our priority 0 <= candidate's priority 0
2022-02-08 12:42:48,682 [grpc-default-executor-0] INFO  server.RaftServer$Division (RaftServerImpl.java:setRole(290)) - ddfda897-e03d-4d19-9b1c-17acf61c97d5@group-885A5AF52B02: changes role from  FOLLOWER to FOLLOWER at term 7 for candidate:2bb38a5d-0509-4181-8b7b-057f495cfd4a
2022-02-08 12:42:48,682 [grpc-default-executor-0] INFO  impl.RoleInfo (RoleInfo.java:shutdownFollowerState(108)) - ddfda897-e03d-4d19-9b1c-17acf61c97d5: shutdown ddfda897-e03d-4d19-9b1c-17acf61c97d5@group-885A5AF52B02-FollowerState
2022-02-08 12:42:48,682 [grpc-default-executor-0] INFO  impl.RoleInfo (RoleInfo.java:updateAndGet(130)) - ddfda897-e03d-4d19-9b1c-17acf61c97d5: start ddfda897-e03d-4d19-9b1c-17acf61c97d5@group-885A5AF52B02-FollowerState
2022-02-08 12:42:48,682 [ddfda897-e03d-4d19-9b1c-17acf61c97d5@group-885A5AF52B02-FollowerState] INFO  impl.FollowerState (FollowerState.java:run(143)) - ddfda897-e03d-4d19-9b1c-17acf61c97d5@group-885A5AF52B02-FollowerState was interrupted: {}
java.lang.InterruptedException: sleep interrupted
	at java.lang.Thread.sleep(Native Method)
	at java.lang.Thread.sleep(Thread.java:340)
	at java.util.concurrent.TimeUnit.sleep(TimeUnit.java:386)
	at org.apache.ratis.util.TimeDuration.sleep(TimeDuration.java:324)
	at org.apache.ratis.util.TimeDuration.sleep(TimeDuration.java:309)
	at org.apache.ratis.server.impl.FollowerState.run(FollowerState.java:118)
2022-02-08 12:42:48,693 [grpc-default-executor-0] INFO  server.RaftServer$Division (RaftServerImpl.java:requestVote(1078)) - ddfda897-e03d-4d19-9b1c-17acf61c97d5@group-885A5AF52B02 replies to ELECTION vote request: 2bb38a5d-0509-4181-8b7b-057f495cfd4a<-ddfda897-e03d-4d19-9b1c-17acf61c97d5#0:OK-t7. Peer's state: ddfda897-e03d-4d19-9b1c-17acf61c97d5@group-885A5AF52B02:t7, leader=null, voted=2bb38a5d-0509-4181-8b7b-057f495cfd4a, raftlog=ddfda897-e03d-4d19-9b1c-17acf61c97d5@group-885A5AF52B02-SegmentedRaftLog:OPENED:c-1, conf=-1: [2bb38a5d-0509-4181-8b7b-057f495cfd4a|rpc:10.1.0.54:35129|dataStream:|priority:0, ddfda897-e03d-4d19-9b1c-17acf61c97d5|rpc:10.1.0.54:45499|dataStream:|priority:0, 49948d64-f13f-4dea-ab4c-a99dcf6a29cc|rpc:10.1.0.54:40329|dataStream:|priority:1], old=null
2022-02-08 12:42:49,501 [Listener at 127.0.0.1/43683] INFO  ozone.MiniOzoneClusterImpl (MiniOzoneClusterImpl.java:lambda$waitForClusterToBeReady$0(219)) - Nodes are ready. Got 3 of 3 DN Heartbeats.
2022-02-08 12:42:49,501 [Listener at 127.0.0.1/43683] INFO  ozone.MiniOzoneClusterImpl (MiniOzoneClusterImpl.java:lambda$waitForClusterToBeReady$0(222)) - Waiting for cluster to exit safe mode
2022-02-08 12:42:49,501 [Listener at 127.0.0.1/43683] INFO  ozone.MiniOzoneClusterImpl (MiniOzoneClusterImpl.java:lambda$waitForClusterToBeReady$0(224)) - SCM became leader
2022-02-08 12:42:50,501 [Listener at 127.0.0.1/43683] INFO  ozone.MiniOzoneClusterImpl (MiniOzoneClusterImpl.java:lambda$waitForClusterToBeReady$0(219)) - Nodes are ready. Got 3 of 3 DN Heartbeats.
2022-02-08 12:42:50,502 [Listener at 127.0.0.1/43683] INFO  ozone.MiniOzoneClusterImpl (MiniOzoneClusterImpl.java:lambda$waitForClusterToBeReady$0(222)) - Waiting for cluster to exit safe mode
2022-02-08 12:42:50,502 [Listener at 127.0.0.1/43683] INFO  ozone.MiniOzoneClusterImpl (MiniOzoneClusterImpl.java:lambda$waitForClusterToBeReady$0(224)) - SCM became leader
2022-02-08 12:42:51,502 [Listener at 127.0.0.1/43683] INFO  ozone.MiniOzoneClusterImpl (MiniOzoneClusterImpl.java:lambda$waitForClusterToBeReady$0(219)) - Nodes are ready. Got 3 of 3 DN Heartbeats.
2022-02-08 12:42:51,502 [Listener at 127.0.0.1/43683] INFO  ozone.MiniOzoneClusterImpl (MiniOzoneClusterImpl.java:lambda$waitForClusterToBeReady$0(222)) - Waiting for cluster to exit safe mode
2022-02-08 12:42:51,502 [Listener at 127.0.0.1/43683] INFO  ozone.MiniOzoneClusterImpl (MiniOzoneClusterImpl.java:lambda$waitForClusterToBeReady$0(224)) - SCM became leader
2022-02-08 12:42:52,503 [Listener at 127.0.0.1/43683] INFO  ozone.MiniOzoneClusterImpl (MiniOzoneClusterImpl.java:lambda$waitForClusterToBeReady$0(219)) - Nodes are ready. Got 3 of 3 DN Heartbeats.
2022-02-08 12:42:52,503 [Listener at 127.0.0.1/43683] INFO  ozone.MiniOzoneClusterImpl (MiniOzoneClusterImpl.java:lambda$waitForClusterToBeReady$0(222)) - Waiting for cluster to exit safe mode
2022-02-08 12:42:52,503 [Listener at 127.0.0.1/43683] INFO  ozone.MiniOzoneClusterImpl (MiniOzoneClusterImpl.java:lambda$waitForClusterToBeReady$0(224)) - SCM became leader
2022-02-08 12:42:53,503 [Listener at 127.0.0.1/43683] INFO  ozone.MiniOzoneClusterImpl (MiniOzoneClusterImpl.java:lambda$waitForClusterToBeReady$0(219)) - Nodes are ready. Got 3 of 3 DN Heartbeats.
2022-02-08 12:42:53,503 [Listener at 127.0.0.1/43683] INFO  ozone.MiniOzoneClusterImpl (MiniOzoneClusterImpl.java:lambda$waitForClusterToBeReady$0(222)) - Waiting for cluster to exit safe mode
2022-02-08 12:42:53,503 [Listener at 127.0.0.1/43683] INFO  ozone.MiniOzoneClusterImpl (MiniOzoneClusterImpl.java:lambda$waitForClusterToBeReady$0(224)) - SCM became leader
2022-02-08 12:42:53,717 [ddfda897-e03d-4d19-9b1c-17acf61c97d5@group-885A5AF52B02-FollowerState] INFO  impl.FollowerState (FollowerState.java:run(134)) - ddfda897-e03d-4d19-9b1c-17acf61c97d5@group-885A5AF52B02-FollowerState: change to CANDIDATE, lastRpcElapsedTime:5023719656ns, electionTimeout:5020ms
2022-02-08 12:42:53,718 [ddfda897-e03d-4d19-9b1c-17acf61c97d5@group-885A5AF52B02-FollowerState] INFO  impl.RoleInfo (RoleInfo.java:shutdownFollowerState(108)) - ddfda897-e03d-4d19-9b1c-17acf61c97d5: shutdown ddfda897-e03d-4d19-9b1c-17acf61c97d5@group-885A5AF52B02-FollowerState
2022-02-08 12:42:53,718 [ddfda897-e03d-4d19-9b1c-17acf61c97d5@group-885A5AF52B02-FollowerState] INFO  server.RaftServer$Division (RaftServerImpl.java:setRole(290)) - ddfda897-e03d-4d19-9b1c-17acf61c97d5@group-885A5AF52B02: changes role from  FOLLOWER to CANDIDATE at term 7 for changeToCandidate
2022-02-08 12:42:53,718 [ddfda897-e03d-4d19-9b1c-17acf61c97d5@group-885A5AF52B02-FollowerState] INFO  server.RaftServerConfigKeys (ConfUtils.java:logGet(44)) - raft.server.leaderelection.pre-vote = false (custom)
2022-02-08 12:42:53,718 [ddfda897-e03d-4d19-9b1c-17acf61c97d5@group-885A5AF52B02-FollowerState] INFO  impl.RoleInfo (RoleInfo.java:updateAndGet(130)) - ddfda897-e03d-4d19-9b1c-17acf61c97d5: start ddfda897-e03d-4d19-9b1c-17acf61c97d5@group-885A5AF52B02-LeaderElection27
2022-02-08 12:42:53,732 [ddfda897-e03d-4d19-9b1c-17acf61c97d5@group-885A5AF52B02-LeaderElection27] INFO  impl.LeaderElection (LeaderElection.java:askForVotes(306)) - ddfda897-e03d-4d19-9b1c-17acf61c97d5@group-885A5AF52B02-LeaderElection27 ELECTION round 0: submit vote requests at term 8 for -1: [2bb38a5d-0509-4181-8b7b-057f495cfd4a|rpc:10.1.0.54:35129|dataStream:|priority:0, ddfda897-e03d-4d19-9b1c-17acf61c97d5|rpc:10.1.0.54:45499|dataStream:|priority:0, 49948d64-f13f-4dea-ab4c-a99dcf6a29cc|rpc:10.1.0.54:40329|dataStream:|priority:1], old=null
2022-02-08 12:42:53,749 [grpc-default-executor-0] INFO  server.RaftServer$Division (RaftServerImpl.java:requestVote(1046)) - 2bb38a5d-0509-4181-8b7b-057f495cfd4a@group-885A5AF52B02: receive requestVote(ELECTION, ddfda897-e03d-4d19-9b1c-17acf61c97d5, group-885A5AF52B02, 8, (t:0, i:0))
2022-02-08 12:42:53,749 [grpc-default-executor-0] INFO  impl.VoteContext (VoteContext.java:log(48)) - 2bb38a5d-0509-4181-8b7b-057f495cfd4a@group-885A5AF52B02-FOLLOWER: accept ELECTION from ddfda897-e03d-4d19-9b1c-17acf61c97d5: our priority 0 <= candidate's priority 0
2022-02-08 12:42:53,749 [grpc-default-executor-0] INFO  server.RaftServer$Division (RaftServerImpl.java:setRole(290)) - 2bb38a5d-0509-4181-8b7b-057f495cfd4a@group-885A5AF52B02: changes role from  FOLLOWER to FOLLOWER at term 8 for candidate:ddfda897-e03d-4d19-9b1c-17acf61c97d5
2022-02-08 12:42:53,750 [grpc-default-executor-0] INFO  impl.RoleInfo (RoleInfo.java:shutdownFollowerState(108)) - 2bb38a5d-0509-4181-8b7b-057f495cfd4a: shutdown 2bb38a5d-0509-4181-8b7b-057f495cfd4a@group-885A5AF52B02-FollowerState
2022-02-08 12:42:53,750 [grpc-default-executor-0] INFO  impl.RoleInfo (RoleInfo.java:updateAndGet(130)) - 2bb38a5d-0509-4181-8b7b-057f495cfd4a: start 2bb38a5d-0509-4181-8b7b-057f495cfd4a@group-885A5AF52B02-FollowerState
2022-02-08 12:42:53,750 [2bb38a5d-0509-4181-8b7b-057f495cfd4a@group-885A5AF52B02-FollowerState] INFO  impl.FollowerState (FollowerState.java:run(143)) - 2bb38a5d-0509-4181-8b7b-057f495cfd4a@group-885A5AF52B02-FollowerState was interrupted: {}
java.lang.InterruptedException: sleep interrupted
	at java.lang.Thread.sleep(Native Method)
	at java.lang.Thread.sleep(Thread.java:340)
	at java.util.concurrent.TimeUnit.sleep(TimeUnit.java:386)
	at org.apache.ratis.util.TimeDuration.sleep(TimeDuration.java:324)
	at org.apache.ratis.util.TimeDuration.sleep(TimeDuration.java:309)
	at org.apache.ratis.server.impl.FollowerState.run(FollowerState.java:118)
2022-02-08 12:42:53,759 [grpc-default-executor-3] INFO  server.RaftServer$Division (RaftServerImpl.java:requestVote(1046)) - 49948d64-f13f-4dea-ab4c-a99dcf6a29cc@group-885A5AF52B02: receive requestVote(ELECTION, ddfda897-e03d-4d19-9b1c-17acf61c97d5, group-885A5AF52B02, 8, (t:0, i:0))
2022-02-08 12:42:53,766 [grpc-default-executor-3] INFO  impl.VoteContext (VoteContext.java:log(48)) - 49948d64-f13f-4dea-ab4c-a99dcf6a29cc@group-885A5AF52B02-FOLLOWER: reject ELECTION from ddfda897-e03d-4d19-9b1c-17acf61c97d5: our priority 1 > candidate's priority 0
2022-02-08 12:42:53,766 [grpc-default-executor-3] INFO  server.RaftServer$Division (RaftServerImpl.java:setRole(290)) - 49948d64-f13f-4dea-ab4c-a99dcf6a29cc@group-885A5AF52B02: changes role from  FOLLOWER to FOLLOWER at term 8 for candidate:ddfda897-e03d-4d19-9b1c-17acf61c97d5
2022-02-08 12:42:53,766 [grpc-default-executor-3] INFO  impl.RoleInfo (RoleInfo.java:shutdownFollowerState(108)) - 49948d64-f13f-4dea-ab4c-a99dcf6a29cc: shutdown 49948d64-f13f-4dea-ab4c-a99dcf6a29cc@group-885A5AF52B02-FollowerState
2022-02-08 12:42:53,766 [grpc-default-executor-3] INFO  impl.RoleInfo (RoleInfo.java:updateAndGet(130)) - 49948d64-f13f-4dea-ab4c-a99dcf6a29cc: start 49948d64-f13f-4dea-ab4c-a99dcf6a29cc@group-885A5AF52B02-FollowerState
2022-02-08 12:42:53,766 [49948d64-f13f-4dea-ab4c-a99dcf6a29cc@group-885A5AF52B02-FollowerState] INFO  impl.FollowerState (FollowerState.java:run(143)) - 49948d64-f13f-4dea-ab4c-a99dcf6a29cc@group-885A5AF52B02-FollowerState was interrupted: {}
java.lang.InterruptedException: sleep interrupted
	at java.lang.Thread.sleep(Native Method)
	at java.lang.Thread.sleep(Thread.java:340)
	at java.util.concurrent.TimeUnit.sleep(TimeUnit.java:386)
	at org.apache.ratis.util.TimeDuration.sleep(TimeDuration.java:324)
	at org.apache.ratis.util.TimeDuration.sleep(TimeDuration.java:309)
	at org.apache.ratis.server.impl.FollowerState.run(FollowerState.java:118)
2022-02-08 12:42:53,766 [grpc-default-executor-0] INFO  server.RaftServer$Division (RaftServerImpl.java:requestVote(1078)) - 2bb38a5d-0509-4181-8b7b-057f495cfd4a@group-885A5AF52B02 replies to ELECTION vote request: ddfda897-e03d-4d19-9b1c-17acf61c97d5<-2bb38a5d-0509-4181-8b7b-057f495cfd4a#0:OK-t8. Peer's state: 2bb38a5d-0509-4181-8b7b-057f495cfd4a@group-885A5AF52B02:t8, leader=null, voted=ddfda897-e03d-4d19-9b1c-17acf61c97d5, raftlog=2bb38a5d-0509-4181-8b7b-057f495cfd4a@group-885A5AF52B02-SegmentedRaftLog:OPENED:c-1, conf=-1: [2bb38a5d-0509-4181-8b7b-057f495cfd4a|rpc:10.1.0.54:35129|priority:0, ddfda897-e03d-4d19-9b1c-17acf61c97d5|rpc:10.1.0.54:45499|priority:0, 49948d64-f13f-4dea-ab4c-a99dcf6a29cc|rpc:10.1.0.54:40329|priority:1], old=null
2022-02-08 12:42:53,779 [grpc-default-executor-3] INFO  server.RaftServer$Division (RaftServerImpl.java:requestVote(1078)) - 49948d64-f13f-4dea-ab4c-a99dcf6a29cc@group-885A5AF52B02 replies to ELECTION vote request: ddfda897-e03d-4d19-9b1c-17acf61c97d5<-49948d64-f13f-4dea-ab4c-a99dcf6a29cc#0:FAIL-t8. Peer's state: 49948d64-f13f-4dea-ab4c-a99dcf6a29cc@group-885A5AF52B02:t8, leader=null, voted=null, raftlog=49948d64-f13f-4dea-ab4c-a99dcf6a29cc@group-885A5AF52B02-SegmentedRaftLog:OPENED:c-1, conf=-1: [2bb38a5d-0509-4181-8b7b-057f495cfd4a|rpc:10.1.0.54:35129|dataStream:|priority:0, ddfda897-e03d-4d19-9b1c-17acf61c97d5|rpc:10.1.0.54:45499|dataStream:|priority:0, 49948d64-f13f-4dea-ab4c-a99dcf6a29cc|rpc:10.1.0.54:40329|dataStream:|priority:1], old=null
2022-02-08 12:42:53,780 [ddfda897-e03d-4d19-9b1c-17acf61c97d5@group-885A5AF52B02-LeaderElection27] INFO  impl.LeaderElection (LeaderElection.java:logAndReturn(89)) - ddfda897-e03d-4d19-9b1c-17acf61c97d5@group-885A5AF52B02-LeaderElection27: ELECTION REJECTED received 2 response(s) and 0 exception(s):
2022-02-08 12:42:53,782 [ddfda897-e03d-4d19-9b1c-17acf61c97d5@group-885A5AF52B02-LeaderElection27] INFO  impl.LeaderElection (LeaderElection.java:logAndReturn(93)) -   Response 0: ddfda897-e03d-4d19-9b1c-17acf61c97d5<-2bb38a5d-0509-4181-8b7b-057f495cfd4a#0:OK-t8
2022-02-08 12:42:53,782 [ddfda897-e03d-4d19-9b1c-17acf61c97d5@group-885A5AF52B02-LeaderElection27] INFO  impl.LeaderElection (LeaderElection.java:logAndReturn(93)) -   Response 1: ddfda897-e03d-4d19-9b1c-17acf61c97d5<-49948d64-f13f-4dea-ab4c-a99dcf6a29cc#0:FAIL-t8
2022-02-08 12:42:53,782 [ddfda897-e03d-4d19-9b1c-17acf61c97d5@group-885A5AF52B02-LeaderElection27] INFO  impl.LeaderElection (LeaderElection.java:askForVotes(308)) - ddfda897-e03d-4d19-9b1c-17acf61c97d5@group-885A5AF52B02-LeaderElection27 ELECTION round 0: result REJECTED
2022-02-08 12:42:53,782 [ddfda897-e03d-4d19-9b1c-17acf61c97d5@group-885A5AF52B02-LeaderElection27] INFO  server.RaftServer$Division (RaftServerImpl.java:setRole(290)) - ddfda897-e03d-4d19-9b1c-17acf61c97d5@group-885A5AF52B02: changes role from CANDIDATE to FOLLOWER at term 8 for REJECTED
2022-02-08 12:42:53,782 [ddfda897-e03d-4d19-9b1c-17acf61c97d5@group-885A5AF52B02-LeaderElection27] INFO  impl.RoleInfo (RoleInfo.java:shutdownLeaderElection(121)) - ddfda897-e03d-4d19-9b1c-17acf61c97d5: shutdown ddfda897-e03d-4d19-9b1c-17acf61c97d5@group-885A5AF52B02-LeaderElection27
2022-02-08 12:42:53,782 [ddfda897-e03d-4d19-9b1c-17acf61c97d5@group-885A5AF52B02-LeaderElection27] INFO  impl.RoleInfo (RoleInfo.java:updateAndGet(130)) - ddfda897-e03d-4d19-9b1c-17acf61c97d5: start ddfda897-e03d-4d19-9b1c-17acf61c97d5@group-885A5AF52B02-FollowerState
2022-02-08 12:42:54,504 [Listener at 127.0.0.1/43683] INFO  ozone.MiniOzoneClusterImpl (MiniOzoneClusterImpl.java:lambda$waitForClusterToBeReady$0(219)) - Nodes are ready. Got 3 of 3 DN Heartbeats.
2022-02-08 12:42:54,505 [Listener at 127.0.0.1/43683] INFO  ozone.MiniOzoneClusterImpl (MiniOzoneClusterImpl.java:lambda$waitForClusterToBeReady$0(222)) - Waiting for cluster to exit safe mode
2022-02-08 12:42:54,505 [Listener at 127.0.0.1/43683] INFO  ozone.MiniOzoneClusterImpl (MiniOzoneClusterImpl.java:lambda$waitForClusterToBeReady$0(224)) - SCM became leader
2022-02-08 12:42:55,505 [Listener at 127.0.0.1/43683] INFO  ozone.MiniOzoneClusterImpl (MiniOzoneClusterImpl.java:lambda$waitForClusterToBeReady$0(219)) - Nodes are ready. Got 3 of 3 DN Heartbeats.
2022-02-08 12:42:55,505 [Listener at 127.0.0.1/43683] INFO  ozone.MiniOzoneClusterImpl (MiniOzoneClusterImpl.java:lambda$waitForClusterToBeReady$0(222)) - Waiting for cluster to exit safe mode
2022-02-08 12:42:55,505 [Listener at 127.0.0.1/43683] INFO  ozone.MiniOzoneClusterImpl (MiniOzoneClusterImpl.java:lambda$waitForClusterToBeReady$0(224)) - SCM became leader
2022-02-08 12:42:56,506 [Listener at 127.0.0.1/43683] INFO  ozone.MiniOzoneClusterImpl (MiniOzoneClusterImpl.java:lambda$waitForClusterToBeReady$0(219)) - Nodes are ready. Got 3 of 3 DN Heartbeats.
2022-02-08 12:42:56,506 [Listener at 127.0.0.1/43683] INFO  ozone.MiniOzoneClusterImpl (MiniOzoneClusterImpl.java:lambda$waitForClusterToBeReady$0(222)) - Waiting for cluster to exit safe mode
2022-02-08 12:42:56,506 [Listener at 127.0.0.1/43683] INFO  ozone.MiniOzoneClusterImpl (MiniOzoneClusterImpl.java:lambda$waitForClusterToBeReady$0(224)) - SCM became leader
2022-02-08 12:42:57,506 [Listener at 127.0.0.1/43683] INFO  ozone.MiniOzoneClusterImpl (MiniOzoneClusterImpl.java:lambda$waitForClusterToBeReady$0(219)) - Nodes are ready. Got 3 of 3 DN Heartbeats.
2022-02-08 12:42:57,507 [Listener at 127.0.0.1/43683] INFO  ozone.MiniOzoneClusterImpl (MiniOzoneClusterImpl.java:lambda$waitForClusterToBeReady$0(222)) - Waiting for cluster to exit safe mode
2022-02-08 12:42:57,507 [Listener at 127.0.0.1/43683] INFO  ozone.MiniOzoneClusterImpl (MiniOzoneClusterImpl.java:lambda$waitForClusterToBeReady$0(224)) - SCM became leader
2022-02-08 12:42:58,507 [Listener at 127.0.0.1/43683] INFO  ozone.MiniOzoneClusterImpl (MiniOzoneClusterImpl.java:lambda$waitForClusterToBeReady$0(219)) - Nodes are ready. Got 3 of 3 DN Heartbeats.
2022-02-08 12:42:58,507 [Listener at 127.0.0.1/43683] INFO  ozone.MiniOzoneClusterImpl (MiniOzoneClusterImpl.java:lambda$waitForClusterToBeReady$0(222)) - Waiting for cluster to exit safe mode
2022-02-08 12:42:58,507 [Listener at 127.0.0.1/43683] INFO  ozone.MiniOzoneClusterImpl (MiniOzoneClusterImpl.java:lambda$waitForClusterToBeReady$0(224)) - SCM became leader
2022-02-08 12:42:58,848 [2bb38a5d-0509-4181-8b7b-057f495cfd4a@group-885A5AF52B02-FollowerState] INFO  impl.FollowerState (FollowerState.java:run(134)) - 2bb38a5d-0509-4181-8b7b-057f495cfd4a@group-885A5AF52B02-FollowerState: change to CANDIDATE, lastRpcElapsedTime:5082040680ns, electionTimeout:5082ms
2022-02-08 12:42:58,848 [2bb38a5d-0509-4181-8b7b-057f495cfd4a@group-885A5AF52B02-FollowerState] INFO  impl.RoleInfo (RoleInfo.java:shutdownFollowerState(108)) - 2bb38a5d-0509-4181-8b7b-057f495cfd4a: shutdown 2bb38a5d-0509-4181-8b7b-057f495cfd4a@group-885A5AF52B02-FollowerState
2022-02-08 12:42:58,848 [2bb38a5d-0509-4181-8b7b-057f495cfd4a@group-885A5AF52B02-FollowerState] INFO  server.RaftServer$Division (RaftServerImpl.java:setRole(290)) - 2bb38a5d-0509-4181-8b7b-057f495cfd4a@group-885A5AF52B02: changes role from  FOLLOWER to CANDIDATE at term 8 for changeToCandidate
2022-02-08 12:42:58,848 [2bb38a5d-0509-4181-8b7b-057f495cfd4a@group-885A5AF52B02-FollowerState] INFO  server.RaftServerConfigKeys (ConfUtils.java:logGet(44)) - raft.server.leaderelection.pre-vote = false (custom)
2022-02-08 12:42:58,848 [2bb38a5d-0509-4181-8b7b-057f495cfd4a@group-885A5AF52B02-FollowerState] INFO  impl.RoleInfo (RoleInfo.java:updateAndGet(130)) - 2bb38a5d-0509-4181-8b7b-057f495cfd4a: start 2bb38a5d-0509-4181-8b7b-057f495cfd4a@group-885A5AF52B02-LeaderElection28
2022-02-08 12:42:58,865 [2bb38a5d-0509-4181-8b7b-057f495cfd4a@group-885A5AF52B02-LeaderElection28] INFO  impl.LeaderElection (LeaderElection.java:askForVotes(306)) - 2bb38a5d-0509-4181-8b7b-057f495cfd4a@group-885A5AF52B02-LeaderElection28 ELECTION round 0: submit vote requests at term 9 for -1: [2bb38a5d-0509-4181-8b7b-057f495cfd4a|rpc:10.1.0.54:35129|priority:0, ddfda897-e03d-4d19-9b1c-17acf61c97d5|rpc:10.1.0.54:45499|priority:0, 49948d64-f13f-4dea-ab4c-a99dcf6a29cc|rpc:10.1.0.54:40329|priority:1], old=null
2022-02-08 12:42:58,890 [grpc-default-executor-3] INFO  server.RaftServer$Division (RaftServerImpl.java:requestVote(1046)) - ddfda897-e03d-4d19-9b1c-17acf61c97d5@group-885A5AF52B02: receive requestVote(ELECTION, 2bb38a5d-0509-4181-8b7b-057f495cfd4a, group-885A5AF52B02, 9, (t:0, i:0))
2022-02-08 12:42:58,890 [grpc-default-executor-3] INFO  impl.VoteContext (VoteContext.java:log(48)) - ddfda897-e03d-4d19-9b1c-17acf61c97d5@group-885A5AF52B02-FOLLOWER: accept ELECTION from 2bb38a5d-0509-4181-8b7b-057f495cfd4a: our priority 0 <= candidate's priority 0
2022-02-08 12:42:58,890 [grpc-default-executor-3] INFO  server.RaftServer$Division (RaftServerImpl.java:setRole(290)) - ddfda897-e03d-4d19-9b1c-17acf61c97d5@group-885A5AF52B02: changes role from  FOLLOWER to FOLLOWER at term 9 for candidate:2bb38a5d-0509-4181-8b7b-057f495cfd4a
2022-02-08 12:42:58,890 [grpc-default-executor-3] INFO  impl.RoleInfo (RoleInfo.java:shutdownFollowerState(108)) - ddfda897-e03d-4d19-9b1c-17acf61c97d5: shutdown ddfda897-e03d-4d19-9b1c-17acf61c97d5@group-885A5AF52B02-FollowerState
2022-02-08 12:42:58,890 [grpc-default-executor-3] INFO  impl.RoleInfo (RoleInfo.java:updateAndGet(130)) - ddfda897-e03d-4d19-9b1c-17acf61c97d5: start ddfda897-e03d-4d19-9b1c-17acf61c97d5@group-885A5AF52B02-FollowerState
2022-02-08 12:42:58,890 [ddfda897-e03d-4d19-9b1c-17acf61c97d5@group-885A5AF52B02-FollowerState] INFO  impl.FollowerState (FollowerState.java:run(143)) - ddfda897-e03d-4d19-9b1c-17acf61c97d5@group-885A5AF52B02-FollowerState was interrupted: {}
java.lang.InterruptedException: sleep interrupted
	at java.lang.Thread.sleep(Native Method)
	at java.lang.Thread.sleep(Thread.java:340)
	at java.util.concurrent.TimeUnit.sleep(TimeUnit.java:386)
	at org.apache.ratis.util.TimeDuration.sleep(TimeDuration.java:324)
	at org.apache.ratis.util.TimeDuration.sleep(TimeDuration.java:309)
	at org.apache.ratis.server.impl.FollowerState.run(FollowerState.java:118)
2022-02-08 12:42:58,902 [grpc-default-executor-3] INFO  server.RaftServer$Division (RaftServerImpl.java:requestVote(1078)) - ddfda897-e03d-4d19-9b1c-17acf61c97d5@group-885A5AF52B02 replies to ELECTION vote request: 2bb38a5d-0509-4181-8b7b-057f495cfd4a<-ddfda897-e03d-4d19-9b1c-17acf61c97d5#0:OK-t9. Peer's state: ddfda897-e03d-4d19-9b1c-17acf61c97d5@group-885A5AF52B02:t9, leader=null, voted=2bb38a5d-0509-4181-8b7b-057f495cfd4a, raftlog=ddfda897-e03d-4d19-9b1c-17acf61c97d5@group-885A5AF52B02-SegmentedRaftLog:OPENED:c-1, conf=-1: [2bb38a5d-0509-4181-8b7b-057f495cfd4a|rpc:10.1.0.54:35129|dataStream:|priority:0, ddfda897-e03d-4d19-9b1c-17acf61c97d5|rpc:10.1.0.54:45499|dataStream:|priority:0, 49948d64-f13f-4dea-ab4c-a99dcf6a29cc|rpc:10.1.0.54:40329|dataStream:|priority:1], old=null
2022-02-08 12:42:58,918 [grpc-default-executor-0] INFO  server.RaftServer$Division (RaftServerImpl.java:requestVote(1046)) - 49948d64-f13f-4dea-ab4c-a99dcf6a29cc@group-885A5AF52B02: receive requestVote(ELECTION, 2bb38a5d-0509-4181-8b7b-057f495cfd4a, group-885A5AF52B02, 9, (t:0, i:0))
2022-02-08 12:42:58,918 [grpc-default-executor-0] INFO  impl.VoteContext (VoteContext.java:log(48)) - 49948d64-f13f-4dea-ab4c-a99dcf6a29cc@group-885A5AF52B02-FOLLOWER: reject ELECTION from 2bb38a5d-0509-4181-8b7b-057f495cfd4a: our priority 1 > candidate's priority 0
2022-02-08 12:42:58,918 [grpc-default-executor-0] INFO  server.RaftServer$Division (RaftServerImpl.java:setRole(290)) - 49948d64-f13f-4dea-ab4c-a99dcf6a29cc@group-885A5AF52B02: changes role from  FOLLOWER to FOLLOWER at term 9 for candidate:2bb38a5d-0509-4181-8b7b-057f495cfd4a
2022-02-08 12:42:58,918 [grpc-default-executor-0] INFO  impl.RoleInfo (RoleInfo.java:shutdownFollowerState(108)) - 49948d64-f13f-4dea-ab4c-a99dcf6a29cc: shutdown 49948d64-f13f-4dea-ab4c-a99dcf6a29cc@group-885A5AF52B02-FollowerState
2022-02-08 12:42:58,918 [grpc-default-executor-0] INFO  impl.RoleInfo (RoleInfo.java:updateAndGet(130)) - 49948d64-f13f-4dea-ab4c-a99dcf6a29cc: start 49948d64-f13f-4dea-ab4c-a99dcf6a29cc@group-885A5AF52B02-FollowerState
2022-02-08 12:42:58,918 [49948d64-f13f-4dea-ab4c-a99dcf6a29cc@group-885A5AF52B02-FollowerState] INFO  impl.FollowerState (FollowerState.java:run(143)) - 49948d64-f13f-4dea-ab4c-a99dcf6a29cc@group-885A5AF52B02-FollowerState was interrupted: {}
java.lang.InterruptedException: sleep interrupted
	at java.lang.Thread.sleep(Native Method)
	at java.lang.Thread.sleep(Thread.java:340)
	at java.util.concurrent.TimeUnit.sleep(TimeUnit.java:386)
	at org.apache.ratis.util.TimeDuration.sleep(TimeDuration.java:324)
	at org.apache.ratis.util.TimeDuration.sleep(TimeDuration.java:309)
	at org.apache.ratis.server.impl.FollowerState.run(FollowerState.java:118)
2022-02-08 12:42:58,934 [grpc-default-executor-0] INFO  server.RaftServer$Division (RaftServerImpl.java:requestVote(1078)) - 49948d64-f13f-4dea-ab4c-a99dcf6a29cc@group-885A5AF52B02 replies to ELECTION vote request: 2bb38a5d-0509-4181-8b7b-057f495cfd4a<-49948d64-f13f-4dea-ab4c-a99dcf6a29cc#0:FAIL-t9. Peer's state: 49948d64-f13f-4dea-ab4c-a99dcf6a29cc@group-885A5AF52B02:t9, leader=null, voted=null, raftlog=49948d64-f13f-4dea-ab4c-a99dcf6a29cc@group-885A5AF52B02-SegmentedRaftLog:OPENED:c-1, conf=-1: [2bb38a5d-0509-4181-8b7b-057f495cfd4a|rpc:10.1.0.54:35129|dataStream:|priority:0, ddfda897-e03d-4d19-9b1c-17acf61c97d5|rpc:10.1.0.54:45499|dataStream:|priority:0, 49948d64-f13f-4dea-ab4c-a99dcf6a29cc|rpc:10.1.0.54:40329|dataStream:|priority:1], old=null
2022-02-08 12:42:58,936 [2bb38a5d-0509-4181-8b7b-057f495cfd4a@group-885A5AF52B02-LeaderElection28] INFO  impl.LeaderElection (LeaderElection.java:logAndReturn(89)) - 2bb38a5d-0509-4181-8b7b-057f495cfd4a@group-885A5AF52B02-LeaderElection28: ELECTION REJECTED received 2 response(s) and 0 exception(s):
2022-02-08 12:42:58,936 [2bb38a5d-0509-4181-8b7b-057f495cfd4a@group-885A5AF52B02-LeaderElection28] INFO  impl.LeaderElection (LeaderElection.java:logAndReturn(93)) -   Response 0: 2bb38a5d-0509-4181-8b7b-057f495cfd4a<-ddfda897-e03d-4d19-9b1c-17acf61c97d5#0:OK-t9
2022-02-08 12:42:58,936 [2bb38a5d-0509-4181-8b7b-057f495cfd4a@group-885A5AF52B02-LeaderElection28] INFO  impl.LeaderElection (LeaderElection.java:logAndReturn(93)) -   Response 1: 2bb38a5d-0509-4181-8b7b-057f495cfd4a<-49948d64-f13f-4dea-ab4c-a99dcf6a29cc#0:FAIL-t9
2022-02-08 12:42:58,936 [2bb38a5d-0509-4181-8b7b-057f495cfd4a@group-885A5AF52B02-LeaderElection28] INFO  impl.LeaderElection (LeaderElection.java:askForVotes(308)) - 2bb38a5d-0509-4181-8b7b-057f495cfd4a@group-885A5AF52B02-LeaderElection28 ELECTION round 0: result REJECTED
2022-02-08 12:42:58,936 [2bb38a5d-0509-4181-8b7b-057f495cfd4a@group-885A5AF52B02-LeaderElection28] INFO  server.RaftServer$Division (RaftServerImpl.java:setRole(290)) - 2bb38a5d-0509-4181-8b7b-057f495cfd4a@group-885A5AF52B02: changes role from CANDIDATE to FOLLOWER at term 9 for REJECTED
2022-02-08 12:42:58,936 [2bb38a5d-0509-4181-8b7b-057f495cfd4a@group-885A5AF52B02-LeaderElection28] INFO  impl.RoleInfo (RoleInfo.java:shutdownLeaderElection(121)) - 2bb38a5d-0509-4181-8b7b-057f495cfd4a: shutdown 2bb38a5d-0509-4181-8b7b-057f495cfd4a@group-885A5AF52B02-LeaderElection28
2022-02-08 12:42:58,937 [2bb38a5d-0509-4181-8b7b-057f495cfd4a@group-885A5AF52B02-LeaderElection28] INFO  impl.RoleInfo (RoleInfo.java:updateAndGet(130)) - 2bb38a5d-0509-4181-8b7b-057f495cfd4a: start 2bb38a5d-0509-4181-8b7b-057f495cfd4a@group-885A5AF52B02-FollowerState
2022-02-08 12:42:59,508 [Listener at 127.0.0.1/43683] INFO  ozone.MiniOzoneClusterImpl (MiniOzoneClusterImpl.java:lambda$waitForClusterToBeReady$0(219)) - Nodes are ready. Got 3 of 3 DN Heartbeats.
2022-02-08 12:42:59,508 [Listener at 127.0.0.1/43683] INFO  ozone.MiniOzoneClusterImpl (MiniOzoneClusterImpl.java:lambda$waitForClusterToBeReady$0(222)) - Waiting for cluster to exit safe mode
2022-02-08 12:42:59,509 [Listener at 127.0.0.1/43683] INFO  ozone.MiniOzoneClusterImpl (MiniOzoneClusterImpl.java:lambda$waitForClusterToBeReady$0(224)) - SCM became leader
2022-02-08 12:43:00,509 [Listener at 127.0.0.1/43683] INFO  ozone.MiniOzoneClusterImpl (MiniOzoneClusterImpl.java:lambda$waitForClusterToBeReady$0(219)) - Nodes are ready. Got 3 of 3 DN Heartbeats.
2022-02-08 12:43:00,509 [Listener at 127.0.0.1/43683] INFO  ozone.MiniOzoneClusterImpl (MiniOzoneClusterImpl.java:lambda$waitForClusterToBeReady$0(222)) - Waiting for cluster to exit safe mode
2022-02-08 12:43:00,509 [Listener at 127.0.0.1/43683] INFO  ozone.MiniOzoneClusterImpl (MiniOzoneClusterImpl.java:lambda$waitForClusterToBeReady$0(224)) - SCM became leader
2022-02-08 12:43:01,512 [Listener at 127.0.0.1/43683] INFO  ozone.MiniOzoneClusterImpl (MiniOzoneClusterImpl.java:lambda$waitForClusterToBeReady$0(219)) - Nodes are ready. Got 3 of 3 DN Heartbeats.
2022-02-08 12:43:01,512 [Listener at 127.0.0.1/43683] INFO  ozone.MiniOzoneClusterImpl (MiniOzoneClusterImpl.java:lambda$waitForClusterToBeReady$0(222)) - Waiting for cluster to exit safe mode
2022-02-08 12:43:01,512 [Listener at 127.0.0.1/43683] INFO  ozone.MiniOzoneClusterImpl (MiniOzoneClusterImpl.java:lambda$waitForClusterToBeReady$0(224)) - SCM became leader
2022-02-08 12:43:02,513 [Listener at 127.0.0.1/43683] INFO  ozone.MiniOzoneClusterImpl (MiniOzoneClusterImpl.java:lambda$waitForClusterToBeReady$0(219)) - Nodes are ready. Got 3 of 3 DN Heartbeats.
2022-02-08 12:43:02,513 [Listener at 127.0.0.1/43683] INFO  ozone.MiniOzoneClusterImpl (MiniOzoneClusterImpl.java:lambda$waitForClusterToBeReady$0(222)) - Waiting for cluster to exit safe mode
2022-02-08 12:43:02,513 [Listener at 127.0.0.1/43683] INFO  ozone.MiniOzoneClusterImpl (MiniOzoneClusterImpl.java:lambda$waitForClusterToBeReady$0(224)) - SCM became leader
2022-02-08 12:43:03,513 [Listener at 127.0.0.1/43683] INFO  ozone.MiniOzoneClusterImpl (MiniOzoneClusterImpl.java:lambda$waitForClusterToBeReady$0(219)) - Nodes are ready. Got 3 of 3 DN Heartbeats.
2022-02-08 12:43:03,514 [Listener at 127.0.0.1/43683] INFO  ozone.MiniOzoneClusterImpl (MiniOzoneClusterImpl.java:lambda$waitForClusterToBeReady$0(222)) - Waiting for cluster to exit safe mode
2022-02-08 12:43:03,514 [Listener at 127.0.0.1/43683] INFO  ozone.MiniOzoneClusterImpl (MiniOzoneClusterImpl.java:lambda$waitForClusterToBeReady$0(224)) - SCM became leader
2022-02-08 12:43:04,037 [49948d64-f13f-4dea-ab4c-a99dcf6a29cc@group-885A5AF52B02-FollowerState] INFO  impl.FollowerState (FollowerState.java:run(134)) - 49948d64-f13f-4dea-ab4c-a99dcf6a29cc@group-885A5AF52B02-FollowerState: change to CANDIDATE, lastRpcElapsedTime:5118329429ns, electionTimeout:5095ms
2022-02-08 12:43:04,037 [49948d64-f13f-4dea-ab4c-a99dcf6a29cc@group-885A5AF52B02-FollowerState] INFO  impl.RoleInfo (RoleInfo.java:shutdownFollowerState(108)) - 49948d64-f13f-4dea-ab4c-a99dcf6a29cc: shutdown 49948d64-f13f-4dea-ab4c-a99dcf6a29cc@group-885A5AF52B02-FollowerState
2022-02-08 12:43:04,037 [49948d64-f13f-4dea-ab4c-a99dcf6a29cc@group-885A5AF52B02-FollowerState] INFO  server.RaftServer$Division (RaftServerImpl.java:setRole(290)) - 49948d64-f13f-4dea-ab4c-a99dcf6a29cc@group-885A5AF52B02: changes role from  FOLLOWER to CANDIDATE at term 9 for changeToCandidate
2022-02-08 12:43:04,037 [49948d64-f13f-4dea-ab4c-a99dcf6a29cc@group-885A5AF52B02-FollowerState] INFO  server.RaftServerConfigKeys (ConfUtils.java:logGet(44)) - raft.server.leaderelection.pre-vote = false (custom)
2022-02-08 12:43:04,037 [49948d64-f13f-4dea-ab4c-a99dcf6a29cc@group-885A5AF52B02-FollowerState] INFO  impl.RoleInfo (RoleInfo.java:updateAndGet(130)) - 49948d64-f13f-4dea-ab4c-a99dcf6a29cc: start 49948d64-f13f-4dea-ab4c-a99dcf6a29cc@group-885A5AF52B02-LeaderElection29
2022-02-08 12:43:04,049 [ddfda897-e03d-4d19-9b1c-17acf61c97d5@group-885A5AF52B02-FollowerState] INFO  impl.FollowerState (FollowerState.java:run(134)) - ddfda897-e03d-4d19-9b1c-17acf61c97d5@group-885A5AF52B02-FollowerState: change to CANDIDATE, lastRpcElapsedTime:5146886297ns, electionTimeout:5135ms
2022-02-08 12:43:04,049 [ddfda897-e03d-4d19-9b1c-17acf61c97d5@group-885A5AF52B02-FollowerState] INFO  impl.RoleInfo (RoleInfo.java:shutdownFollowerState(108)) - ddfda897-e03d-4d19-9b1c-17acf61c97d5: shutdown ddfda897-e03d-4d19-9b1c-17acf61c97d5@group-885A5AF52B02-FollowerState
2022-02-08 12:43:04,049 [ddfda897-e03d-4d19-9b1c-17acf61c97d5@group-885A5AF52B02-FollowerState] INFO  server.RaftServer$Division (RaftServerImpl.java:setRole(290)) - ddfda897-e03d-4d19-9b1c-17acf61c97d5@group-885A5AF52B02: changes role from  FOLLOWER to CANDIDATE at term 9 for changeToCandidate
2022-02-08 12:43:04,049 [ddfda897-e03d-4d19-9b1c-17acf61c97d5@group-885A5AF52B02-FollowerState] INFO  server.RaftServerConfigKeys (ConfUtils.java:logGet(44)) - raft.server.leaderelection.pre-vote = false (custom)
2022-02-08 12:43:04,049 [ddfda897-e03d-4d19-9b1c-17acf61c97d5@group-885A5AF52B02-FollowerState] INFO  impl.RoleInfo (RoleInfo.java:updateAndGet(130)) - ddfda897-e03d-4d19-9b1c-17acf61c97d5: start ddfda897-e03d-4d19-9b1c-17acf61c97d5@group-885A5AF52B02-LeaderElection30
2022-02-08 12:43:04,050 [49948d64-f13f-4dea-ab4c-a99dcf6a29cc@group-885A5AF52B02-LeaderElection29] INFO  impl.LeaderElection (LeaderElection.java:askForVotes(306)) - 49948d64-f13f-4dea-ab4c-a99dcf6a29cc@group-885A5AF52B02-LeaderElection29 ELECTION round 0: submit vote requests at term 10 for -1: [2bb38a5d-0509-4181-8b7b-057f495cfd4a|rpc:10.1.0.54:35129|dataStream:|priority:0, ddfda897-e03d-4d19-9b1c-17acf61c97d5|rpc:10.1.0.54:45499|dataStream:|priority:0, 49948d64-f13f-4dea-ab4c-a99dcf6a29cc|rpc:10.1.0.54:40329|dataStream:|priority:1], old=null
2022-02-08 12:43:04,052 [ddfda897-e03d-4d19-9b1c-17acf61c97d5@group-885A5AF52B02-LeaderElection30] INFO  impl.LeaderElection (LeaderElection.java:askForVotes(306)) - ddfda897-e03d-4d19-9b1c-17acf61c97d5@group-885A5AF52B02-LeaderElection30 ELECTION round 0: submit vote requests at term 10 for -1: [2bb38a5d-0509-4181-8b7b-057f495cfd4a|rpc:10.1.0.54:35129|dataStream:|priority:0, ddfda897-e03d-4d19-9b1c-17acf61c97d5|rpc:10.1.0.54:45499|dataStream:|priority:0, 49948d64-f13f-4dea-ab4c-a99dcf6a29cc|rpc:10.1.0.54:40329|dataStream:|priority:1], old=null
2022-02-08 12:43:04,074 [grpc-default-executor-0] INFO  server.RaftServer$Division (RaftServerImpl.java:requestVote(1046)) - 49948d64-f13f-4dea-ab4c-a99dcf6a29cc@group-885A5AF52B02: receive requestVote(ELECTION, ddfda897-e03d-4d19-9b1c-17acf61c97d5, group-885A5AF52B02, 10, (t:0, i:0))
2022-02-08 12:43:04,074 [grpc-default-executor-0] INFO  impl.VoteContext (VoteContext.java:log(48)) - 49948d64-f13f-4dea-ab4c-a99dcf6a29cc@group-885A5AF52B02-CANDIDATE: reject ELECTION from ddfda897-e03d-4d19-9b1c-17acf61c97d5: already has voted for 49948d64-f13f-4dea-ab4c-a99dcf6a29cc at current term 10
2022-02-08 12:43:04,074 [grpc-default-executor-0] INFO  server.RaftServer$Division (RaftServerImpl.java:requestVote(1078)) - 49948d64-f13f-4dea-ab4c-a99dcf6a29cc@group-885A5AF52B02 replies to ELECTION vote request: ddfda897-e03d-4d19-9b1c-17acf61c97d5<-49948d64-f13f-4dea-ab4c-a99dcf6a29cc#0:FAIL-t10. Peer's state: 49948d64-f13f-4dea-ab4c-a99dcf6a29cc@group-885A5AF52B02:t10, leader=null, voted=49948d64-f13f-4dea-ab4c-a99dcf6a29cc, raftlog=49948d64-f13f-4dea-ab4c-a99dcf6a29cc@group-885A5AF52B02-SegmentedRaftLog:OPENED:c-1, conf=-1: [2bb38a5d-0509-4181-8b7b-057f495cfd4a|rpc:10.1.0.54:35129|dataStream:|priority:0, ddfda897-e03d-4d19-9b1c-17acf61c97d5|rpc:10.1.0.54:45499|dataStream:|priority:0, 49948d64-f13f-4dea-ab4c-a99dcf6a29cc|rpc:10.1.0.54:40329|dataStream:|priority:1], old=null
2022-02-08 12:43:04,096 [2bb38a5d-0509-4181-8b7b-057f495cfd4a@group-885A5AF52B02-FollowerState] INFO  impl.FollowerState (FollowerState.java:run(134)) - 2bb38a5d-0509-4181-8b7b-057f495cfd4a@group-885A5AF52B02-FollowerState: change to CANDIDATE, lastRpcElapsedTime:5159333383ns, electionTimeout:5142ms
2022-02-08 12:43:04,097 [2bb38a5d-0509-4181-8b7b-057f495cfd4a@group-885A5AF52B02-FollowerState] INFO  impl.RoleInfo (RoleInfo.java:shutdownFollowerState(108)) - 2bb38a5d-0509-4181-8b7b-057f495cfd4a: shutdown 2bb38a5d-0509-4181-8b7b-057f495cfd4a@group-885A5AF52B02-FollowerState
2022-02-08 12:43:04,097 [2bb38a5d-0509-4181-8b7b-057f495cfd4a@group-885A5AF52B02-FollowerState] INFO  server.RaftServer$Division (RaftServerImpl.java:setRole(290)) - 2bb38a5d-0509-4181-8b7b-057f495cfd4a@group-885A5AF52B02: changes role from  FOLLOWER to CANDIDATE at term 9 for changeToCandidate
2022-02-08 12:43:04,097 [2bb38a5d-0509-4181-8b7b-057f495cfd4a@group-885A5AF52B02-FollowerState] INFO  server.RaftServerConfigKeys (ConfUtils.java:logGet(44)) - raft.server.leaderelection.pre-vote = false (custom)
2022-02-08 12:43:04,097 [2bb38a5d-0509-4181-8b7b-057f495cfd4a@group-885A5AF52B02-FollowerState] INFO  impl.RoleInfo (RoleInfo.java:updateAndGet(130)) - 2bb38a5d-0509-4181-8b7b-057f495cfd4a: start 2bb38a5d-0509-4181-8b7b-057f495cfd4a@group-885A5AF52B02-LeaderElection31
2022-02-08 12:43:04,098 [grpc-default-executor-0] INFO  server.RaftServer$Division (RaftServerImpl.java:requestVote(1046)) - 2bb38a5d-0509-4181-8b7b-057f495cfd4a@group-885A5AF52B02: receive requestVote(ELECTION, 49948d64-f13f-4dea-ab4c-a99dcf6a29cc, group-885A5AF52B02, 10, (t:0, i:0))
2022-02-08 12:43:04,099 [grpc-default-executor-0] INFO  impl.VoteContext (VoteContext.java:log(48)) - 2bb38a5d-0509-4181-8b7b-057f495cfd4a@group-885A5AF52B02-CANDIDATE: accept ELECTION from 49948d64-f13f-4dea-ab4c-a99dcf6a29cc: our priority 0 <= candidate's priority 1
2022-02-08 12:43:04,099 [grpc-default-executor-0] INFO  server.RaftServer$Division (RaftServerImpl.java:setRole(290)) - 2bb38a5d-0509-4181-8b7b-057f495cfd4a@group-885A5AF52B02: changes role from CANDIDATE to FOLLOWER at term 10 for candidate:49948d64-f13f-4dea-ab4c-a99dcf6a29cc
2022-02-08 12:43:04,100 [grpc-default-executor-0] INFO  impl.RoleInfo (RoleInfo.java:shutdownLeaderElection(121)) - 2bb38a5d-0509-4181-8b7b-057f495cfd4a: shutdown 2bb38a5d-0509-4181-8b7b-057f495cfd4a@group-885A5AF52B02-LeaderElection31
2022-02-08 12:43:04,100 [grpc-default-executor-0] INFO  impl.RoleInfo (RoleInfo.java:updateAndGet(130)) - 2bb38a5d-0509-4181-8b7b-057f495cfd4a: start 2bb38a5d-0509-4181-8b7b-057f495cfd4a@group-885A5AF52B02-FollowerState
2022-02-08 12:43:04,103 [2bb38a5d-0509-4181-8b7b-057f495cfd4a@group-885A5AF52B02-LeaderElection31] INFO  impl.LeaderElection (LeaderElection.java:run(230)) - 2bb38a5d-0509-4181-8b7b-057f495cfd4a@group-885A5AF52B02-LeaderElection31: skip running since this is already CLOSING
2022-02-08 12:43:04,130 [grpc-default-executor-4] INFO  server.RaftServer$Division (RaftServerImpl.java:requestVote(1046)) - ddfda897-e03d-4d19-9b1c-17acf61c97d5@group-885A5AF52B02: receive requestVote(ELECTION, 49948d64-f13f-4dea-ab4c-a99dcf6a29cc, group-885A5AF52B02, 10, (t:0, i:0))
2022-02-08 12:43:04,130 [grpc-default-executor-4] INFO  impl.VoteContext (VoteContext.java:log(48)) - ddfda897-e03d-4d19-9b1c-17acf61c97d5@group-885A5AF52B02-CANDIDATE: reject ELECTION from 49948d64-f13f-4dea-ab4c-a99dcf6a29cc: already has voted for ddfda897-e03d-4d19-9b1c-17acf61c97d5 at current term 10
2022-02-08 12:43:04,122 [grpc-default-executor-3] INFO  server.RaftServer$Division (RaftServerImpl.java:requestVote(1046)) - 2bb38a5d-0509-4181-8b7b-057f495cfd4a@group-885A5AF52B02: receive requestVote(ELECTION, ddfda897-e03d-4d19-9b1c-17acf61c97d5, group-885A5AF52B02, 10, (t:0, i:0))
2022-02-08 12:43:04,105 [grpc-default-executor-0] INFO  server.RaftServer$Division (RaftServerImpl.java:requestVote(1078)) - 2bb38a5d-0509-4181-8b7b-057f495cfd4a@group-885A5AF52B02 replies to ELECTION vote request: 49948d64-f13f-4dea-ab4c-a99dcf6a29cc<-2bb38a5d-0509-4181-8b7b-057f495cfd4a#0:OK-t10. Peer's state: 2bb38a5d-0509-4181-8b7b-057f495cfd4a@group-885A5AF52B02:t10, leader=null, voted=49948d64-f13f-4dea-ab4c-a99dcf6a29cc, raftlog=2bb38a5d-0509-4181-8b7b-057f495cfd4a@group-885A5AF52B02-SegmentedRaftLog:OPENED:c-1, conf=-1: [2bb38a5d-0509-4181-8b7b-057f495cfd4a|rpc:10.1.0.54:35129|priority:0, ddfda897-e03d-4d19-9b1c-17acf61c97d5|rpc:10.1.0.54:45499|priority:0, 49948d64-f13f-4dea-ab4c-a99dcf6a29cc|rpc:10.1.0.54:40329|priority:1], old=null
2022-02-08 12:43:04,103 [ddfda897-e03d-4d19-9b1c-17acf61c97d5@group-885A5AF52B02-LeaderElection30] INFO  impl.LeaderElection (LeaderElection.java:logAndReturn(89)) - ddfda897-e03d-4d19-9b1c-17acf61c97d5@group-885A5AF52B02-LeaderElection30: ELECTION REJECTED received 1 response(s) and 0 exception(s):
2022-02-08 12:43:04,131 [ddfda897-e03d-4d19-9b1c-17acf61c97d5@group-885A5AF52B02-LeaderElection30] INFO  impl.LeaderElection (LeaderElection.java:logAndReturn(93)) -   Response 0: ddfda897-e03d-4d19-9b1c-17acf61c97d5<-49948d64-f13f-4dea-ab4c-a99dcf6a29cc#0:FAIL-t10
2022-02-08 12:43:04,131 [ddfda897-e03d-4d19-9b1c-17acf61c97d5@group-885A5AF52B02-LeaderElection30] INFO  impl.LeaderElection (LeaderElection.java:askForVotes(308)) - ddfda897-e03d-4d19-9b1c-17acf61c97d5@group-885A5AF52B02-LeaderElection30 ELECTION round 0: result REJECTED
2022-02-08 12:43:04,131 [grpc-default-executor-3] INFO  impl.VoteContext (VoteContext.java:log(48)) - 2bb38a5d-0509-4181-8b7b-057f495cfd4a@group-885A5AF52B02-FOLLOWER: reject ELECTION from ddfda897-e03d-4d19-9b1c-17acf61c97d5: already has voted for 49948d64-f13f-4dea-ab4c-a99dcf6a29cc at current term 10
2022-02-08 12:43:04,130 [grpc-default-executor-4] INFO  server.RaftServer$Division (RaftServerImpl.java:requestVote(1078)) - ddfda897-e03d-4d19-9b1c-17acf61c97d5@group-885A5AF52B02 replies to ELECTION vote request: 49948d64-f13f-4dea-ab4c-a99dcf6a29cc<-ddfda897-e03d-4d19-9b1c-17acf61c97d5#0:FAIL-t10. Peer's state: ddfda897-e03d-4d19-9b1c-17acf61c97d5@group-885A5AF52B02:t10, leader=null, voted=ddfda897-e03d-4d19-9b1c-17acf61c97d5, raftlog=ddfda897-e03d-4d19-9b1c-17acf61c97d5@group-885A5AF52B02-SegmentedRaftLog:OPENED:c-1, conf=-1: [2bb38a5d-0509-4181-8b7b-057f495cfd4a|rpc:10.1.0.54:35129|dataStream:|priority:0, ddfda897-e03d-4d19-9b1c-17acf61c97d5|rpc:10.1.0.54:45499|dataStream:|priority:0, 49948d64-f13f-4dea-ab4c-a99dcf6a29cc|rpc:10.1.0.54:40329|dataStream:|priority:1], old=null
2022-02-08 12:43:04,132 [ddfda897-e03d-4d19-9b1c-17acf61c97d5@group-885A5AF52B02-LeaderElection30] INFO  server.RaftServer$Division (RaftServerImpl.java:setRole(290)) - ddfda897-e03d-4d19-9b1c-17acf61c97d5@group-885A5AF52B02: changes role from CANDIDATE to FOLLOWER at term 10 for REJECTED
2022-02-08 12:43:04,132 [ddfda897-e03d-4d19-9b1c-17acf61c97d5@group-885A5AF52B02-LeaderElection30] INFO  impl.RoleInfo (RoleInfo.java:shutdownLeaderElection(121)) - ddfda897-e03d-4d19-9b1c-17acf61c97d5: shutdown ddfda897-e03d-4d19-9b1c-17acf61c97d5@group-885A5AF52B02-LeaderElection30
2022-02-08 12:43:04,132 [ddfda897-e03d-4d19-9b1c-17acf61c97d5@group-885A5AF52B02-LeaderElection30] INFO  impl.RoleInfo (RoleInfo.java:updateAndGet(130)) - ddfda897-e03d-4d19-9b1c-17acf61c97d5: start ddfda897-e03d-4d19-9b1c-17acf61c97d5@group-885A5AF52B02-FollowerState
2022-02-08 12:43:04,132 [grpc-default-executor-3] INFO  server.RaftServer$Division (RaftServerImpl.java:requestVote(1078)) - 2bb38a5d-0509-4181-8b7b-057f495cfd4a@group-885A5AF52B02 replies to ELECTION vote request: ddfda897-e03d-4d19-9b1c-17acf61c97d5<-2bb38a5d-0509-4181-8b7b-057f495cfd4a#0:FAIL-t10. Peer's state: 2bb38a5d-0509-4181-8b7b-057f495cfd4a@group-885A5AF52B02:t10, leader=null, voted=49948d64-f13f-4dea-ab4c-a99dcf6a29cc, raftlog=2bb38a5d-0509-4181-8b7b-057f495cfd4a@group-885A5AF52B02-SegmentedRaftLog:OPENED:c-1, conf=-1: [2bb38a5d-0509-4181-8b7b-057f495cfd4a|rpc:10.1.0.54:35129|priority:0, ddfda897-e03d-4d19-9b1c-17acf61c97d5|rpc:10.1.0.54:45499|priority:0, 49948d64-f13f-4dea-ab4c-a99dcf6a29cc|rpc:10.1.0.54:40329|priority:1], old=null
2022-02-08 12:43:04,161 [49948d64-f13f-4dea-ab4c-a99dcf6a29cc@group-885A5AF52B02-LeaderElection29] INFO  impl.LeaderElection (LeaderElection.java:logAndReturn(89)) - 49948d64-f13f-4dea-ab4c-a99dcf6a29cc@group-885A5AF52B02-LeaderElection29: ELECTION PASSED received 1 response(s) and 0 exception(s):
2022-02-08 12:43:04,161 [49948d64-f13f-4dea-ab4c-a99dcf6a29cc@group-885A5AF52B02-LeaderElection29] INFO  impl.LeaderElection (LeaderElection.java:logAndReturn(93)) -   Response 0: 49948d64-f13f-4dea-ab4c-a99dcf6a29cc<-2bb38a5d-0509-4181-8b7b-057f495cfd4a#0:OK-t10
2022-02-08 12:43:04,161 [49948d64-f13f-4dea-ab4c-a99dcf6a29cc@group-885A5AF52B02-LeaderElection29] INFO  impl.LeaderElection (LeaderElection.java:askForVotes(308)) - 49948d64-f13f-4dea-ab4c-a99dcf6a29cc@group-885A5AF52B02-LeaderElection29 ELECTION round 0: result PASSED
2022-02-08 12:43:04,161 [49948d64-f13f-4dea-ab4c-a99dcf6a29cc@group-885A5AF52B02-LeaderElection29] INFO  impl.RoleInfo (RoleInfo.java:shutdownLeaderElection(121)) - 49948d64-f13f-4dea-ab4c-a99dcf6a29cc: shutdown 49948d64-f13f-4dea-ab4c-a99dcf6a29cc@group-885A5AF52B02-LeaderElection29
2022-02-08 12:43:04,162 [49948d64-f13f-4dea-ab4c-a99dcf6a29cc@group-885A5AF52B02-LeaderElection29] INFO  server.RaftServer$Division (RaftServerImpl.java:setRole(290)) - 49948d64-f13f-4dea-ab4c-a99dcf6a29cc@group-885A5AF52B02: changes role from CANDIDATE to LEADER at term 10 for changeToLeader
2022-02-08 12:43:04,162 [49948d64-f13f-4dea-ab4c-a99dcf6a29cc@group-885A5AF52B02-LeaderElection29] INFO  ratis.XceiverServerRatis (XceiverServerRatis.java:handleLeaderChangedNotification(866)) - Leader change notification received for group: group-885A5AF52B02 with new leaderId: 49948d64-f13f-4dea-ab4c-a99dcf6a29cc
2022-02-08 12:43:04,162 [49948d64-f13f-4dea-ab4c-a99dcf6a29cc@group-885A5AF52B02-LeaderElection29] INFO  server.RaftServer$Division (ServerState.java:setLeader(285)) - 49948d64-f13f-4dea-ab4c-a99dcf6a29cc@group-885A5AF52B02: change Leader from null to 49948d64-f13f-4dea-ab4c-a99dcf6a29cc at term 10 for becomeLeader, leader elected after 51248ms
2022-02-08 12:43:04,162 [49948d64-f13f-4dea-ab4c-a99dcf6a29cc@group-885A5AF52B02-LeaderElection29] INFO  server.RaftServerConfigKeys (ConfUtils.java:logGet(44)) - raft.server.staging.catchup.gap = 1000 (default)
2022-02-08 12:43:04,162 [49948d64-f13f-4dea-ab4c-a99dcf6a29cc@group-885A5AF52B02-LeaderElection29] INFO  server.RaftServerConfigKeys (ConfUtils.java:logGet(44)) - raft.server.write.element-limit = 1024 (custom)
2022-02-08 12:43:04,162 [49948d64-f13f-4dea-ab4c-a99dcf6a29cc@group-885A5AF52B02-LeaderElection29] INFO  server.RaftServerConfigKeys (ConfUtils.java:logGet(44)) - raft.server.write.byte-limit = 1024 M (=1073741824) (custom)
2022-02-08 12:43:04,163 [49948d64-f13f-4dea-ab4c-a99dcf6a29cc@group-885A5AF52B02-LeaderElection29] INFO  server.RaftServerConfigKeys (ConfUtils.java:logGet(44)) - raft.server.watch.timeout = 180s (custom)
2022-02-08 12:43:04,163 [49948d64-f13f-4dea-ab4c-a99dcf6a29cc@group-885A5AF52B02-LeaderElection29] INFO  server.RaftServerConfigKeys (ConfUtils.java:logGet(44)) - raft.server.watch.timeout.denomination = 1s (default)
2022-02-08 12:43:04,163 [49948d64-f13f-4dea-ab4c-a99dcf6a29cc@group-885A5AF52B02-LeaderElection29] INFO  server.RaftServerConfigKeys (ConfUtils.java:logGet(44)) - raft.server.watch.element-limit = 65536 (default)
2022-02-08 12:43:04,163 [49948d64-f13f-4dea-ab4c-a99dcf6a29cc@group-885A5AF52B02-LeaderElection29] INFO  server.RaftServerConfigKeys (ConfUtils.java:logGet(44)) - raft.server.write.element-limit = 1024 (custom)
2022-02-08 12:43:04,163 [49948d64-f13f-4dea-ab4c-a99dcf6a29cc@group-885A5AF52B02-LeaderElection29] INFO  server.RaftServerConfigKeys (ConfUtils.java:logGet(44)) - raft.server.write.follower.gap.ratio.max = -1.0 (default)
2022-02-08 12:43:04,163 [49948d64-f13f-4dea-ab4c-a99dcf6a29cc@group-885A5AF52B02-LeaderElection29] INFO  server.RaftServerConfigKeys (ConfUtils.java:logGet(44)) - raft.server.log.appender.snapshot.chunk.size.max = 16MB (=16777216) (default)
2022-02-08 12:43:04,163 [49948d64-f13f-4dea-ab4c-a99dcf6a29cc@group-885A5AF52B02-LeaderElection29] INFO  server.RaftServerConfigKeys (ConfUtils.java:logGet(44)) - raft.server.log.appender.buffer.byte-limit = 33554432 (custom)
2022-02-08 12:43:04,163 [49948d64-f13f-4dea-ab4c-a99dcf6a29cc@group-885A5AF52B02-LeaderElection29] INFO  server.RaftServerConfigKeys (ConfUtils.java:logGet(44)) - raft.server.log.appender.buffer.element-limit = 1 (custom)
2022-02-08 12:43:04,163 [49948d64-f13f-4dea-ab4c-a99dcf6a29cc@group-885A5AF52B02-LeaderElection29] INFO  grpc.GrpcConfigKeys (ConfUtils.java:logGet(44)) - raft.grpc.server.leader.outstanding.appends.max = 128 (default)
2022-02-08 12:43:04,164 [49948d64-f13f-4dea-ab4c-a99dcf6a29cc@group-885A5AF52B02-LeaderElection29] INFO  server.RaftServerConfigKeys (ConfUtils.java:logGet(44)) - raft.server.rpc.request.timeout = 60s (custom)
2022-02-08 12:43:04,164 [49948d64-f13f-4dea-ab4c-a99dcf6a29cc@group-885A5AF52B02-LeaderElection29] INFO  server.RaftServerConfigKeys (ConfUtils.java:logGet(44)) - raft.server.log.appender.install.snapshot.enabled = false (custom)
2022-02-08 12:43:04,165 [49948d64-f13f-4dea-ab4c-a99dcf6a29cc@group-885A5AF52B02-LeaderElection29] INFO  server.RaftServerConfigKeys (ConfUtils.java:logGet(44)) - raft.server.log.appender.snapshot.chunk.size.max = 16MB (=16777216) (default)
2022-02-08 12:43:04,165 [49948d64-f13f-4dea-ab4c-a99dcf6a29cc@group-885A5AF52B02-LeaderElection29] INFO  server.RaftServerConfigKeys (ConfUtils.java:logGet(44)) - raft.server.log.appender.buffer.byte-limit = 33554432 (custom)
2022-02-08 12:43:04,165 [49948d64-f13f-4dea-ab4c-a99dcf6a29cc@group-885A5AF52B02-LeaderElection29] INFO  server.RaftServerConfigKeys (ConfUtils.java:logGet(44)) - raft.server.log.appender.buffer.element-limit = 1 (custom)
2022-02-08 12:43:04,165 [49948d64-f13f-4dea-ab4c-a99dcf6a29cc@group-885A5AF52B02-LeaderElection29] INFO  grpc.GrpcConfigKeys (ConfUtils.java:logGet(44)) - raft.grpc.server.leader.outstanding.appends.max = 128 (default)
2022-02-08 12:43:04,167 [EventQueue-PipelineReportForPipelineReportHandler] INFO  pipeline.PipelineManagerImpl (PipelineManagerImpl.java:openPipeline(291)) - Pipeline Pipeline[ Id: 11834e7a-92ed-43f2-b9d8-885a5af52b02, Nodes: 49948d64-f13f-4dea-ab4c-a99dcf6a29cc{ip: 10.1.0.54, host: fv-az122-430.zf1tlrj3kn4expqppa1j4mpycf.xx.internal.cloudapp.net, ports: [REPLICATION=33965, RATIS=40329, RATIS_ADMIN=40329, RATIS_SERVER=40329, STANDALONE=43697], networkLocation: /default-rack, certSerialId: null, persistedOpState: IN_SERVICE, persistedOpStateExpiryEpochSec: 0}ddfda897-e03d-4d19-9b1c-17acf61c97d5{ip: 10.1.0.54, host: fv-az122-430.zf1tlrj3kn4expqppa1j4mpycf.xx.internal.cloudapp.net, ports: [REPLICATION=36043, RATIS=45499, RATIS_ADMIN=45499, RATIS_SERVER=45499, STANDALONE=35713], networkLocation: /default-rack, certSerialId: null, persistedOpState: IN_SERVICE, persistedOpStateExpiryEpochSec: 0}2bb38a5d-0509-4181-8b7b-057f495cfd4a{ip: 10.1.0.54, host: fv-az122-430.zf1tlrj3kn4expqppa1j4mpycf.xx.internal.cloudapp.net, ports: [REPLICATION=34267, RATIS=35129, RATIS_ADMIN=35129, RATIS_SERVER=35129, STANDALONE=41585], networkLocation: /default-rack, certSerialId: null, persistedOpState: IN_SERVICE, persistedOpStateExpiryEpochSec: 0}, ReplicationConfig: RATIS/THREE, State:ALLOCATED, leaderId:49948d64-f13f-4dea-ab4c-a99dcf6a29cc, CreationTimestamp2022-02-08T12:42:10.467Z[Etc/UTC]] moved to OPEN state
2022-02-08 12:43:04,167 [EventQueue-OpenPipelineForHealthyPipelineSafeModeRule] INFO  safemode.SCMSafeModeManager (HealthyPipelineSafeModeRule.java:process(124)) - SCM in safe mode. Healthy pipelines reported count is 0, required healthy pipeline reported count is 1
2022-02-08 12:43:04,178 [783707b5-d5e8-417f-9e8a-1f11149e73f9@group-AE8B8AC18067-StateMachineUpdater] INFO  safemode.HealthyPipelineSafeModeRule (HealthyPipelineSafeModeRule.java:initializeRule(152)) - Refreshed total pipeline count is 1, healthy pipeline threshold count is 1
2022-02-08 12:43:04,187 [EventQueue-OpenPipelineForHealthyPipelineSafeModeRule] INFO  safemode.SCMSafeModeManager (HealthyPipelineSafeModeRule.java:process(124)) - SCM in safe mode. Healthy pipelines reported count is 1, required healthy pipeline reported count is 1
2022-02-08 12:43:04,188 [EventQueue-OpenPipelineForHealthyPipelineSafeModeRule] INFO  safemode.SCMSafeModeManager (SCMSafeModeManager.java:validateSafeModeExitRules(204)) - HealthyPipelineSafeModeRule rule is successfully validated
2022-02-08 12:43:04,188 [EventQueue-OpenPipelineForHealthyPipelineSafeModeRule] INFO  safemode.SCMSafeModeManager (SCMSafeModeManager.java:validateSafeModeExitRules(219)) - ScmSafeModeManager, all rules are successfully validated
2022-02-08 12:43:04,188 [EventQueue-OpenPipelineForHealthyPipelineSafeModeRule] INFO  safemode.SCMSafeModeManager (SCMSafeModeManager.java:exitSafeMode(248)) - SCM exiting safe mode.
2022-02-08 12:43:04,188 [EventQueue-OpenPipelineForHealthyPipelineSafeModeRule] WARN  events.EventQueue (EventQueue.java:fireEvent(194)) - No event handler registered for event TypedEvent{payloadType=SafeModeStatus, name='Safe mode status'}
2022-02-08 12:43:04,188 [EventQueue-OpenPipelineForHealthyPipelineSafeModeRule] INFO  ha.SCMContext (SCMContext.java:updateSafeModeStatus(211)) - Update SafeModeStatus from SafeModeStatus{safeModeStatus=true, preCheckPassed=true} to SafeModeStatus{safeModeStatus=false, preCheckPassed=true}.
2022-02-08 12:43:04,188 [EventQueue-OpenPipelineForHealthyPipelineSafeModeRule] INFO  container.ReplicationManager (ReplicationManager.java:notifyStatusChanged(1807)) - Service ReplicationManager transitions to RUNNING.
2022-02-08 12:43:04,171 [49948d64-f13f-4dea-ab4c-a99dcf6a29cc@group-885A5AF52B02-LeaderElection29] INFO  server.RaftServerConfigKeys (ConfUtils.java:logGet(44)) - raft.server.rpc.request.timeout = 60s (custom)
2022-02-08 12:43:04,188 [49948d64-f13f-4dea-ab4c-a99dcf6a29cc@group-885A5AF52B02-LeaderElection29] INFO  server.RaftServerConfigKeys (ConfUtils.java:logGet(44)) - raft.server.log.appender.install.snapshot.enabled = false (custom)
2022-02-08 12:43:04,190 [49948d64-f13f-4dea-ab4c-a99dcf6a29cc@group-885A5AF52B02-LeaderElection29] INFO  impl.RoleInfo (RoleInfo.java:updateAndGet(130)) - 49948d64-f13f-4dea-ab4c-a99dcf6a29cc: start 49948d64-f13f-4dea-ab4c-a99dcf6a29cc@group-885A5AF52B02-LeaderStateImpl
2022-02-08 12:43:04,190 [49948d64-f13f-4dea-ab4c-a99dcf6a29cc@group-885A5AF52B02-LeaderElection29] INFO  segmented.SegmentedRaftLogWorker (SegmentedRaftLogWorker.java:startLogSegment(394)) - 49948d64-f13f-4dea-ab4c-a99dcf6a29cc@group-885A5AF52B02-SegmentedRaftLogWorker: Starting segment from index:0
2022-02-08 12:43:04,192 [49948d64-f13f-4dea-ab4c-a99dcf6a29cc@group-885A5AF52B02-SegmentedRaftLogWorker] INFO  segmented.SegmentedRaftLogWorker (SegmentedRaftLogWorker.java:execute(601)) - 49948d64-f13f-4dea-ab4c-a99dcf6a29cc@group-885A5AF52B02-SegmentedRaftLogWorker: created new log segment /home/runner/work/ozone/ozone/hadoop-ozone/integration-test/target/test-dir/MiniOzoneClusterImpl-d9fbf9ff-2b62-4fa3-b93a-ae8b8ac18067/datanode-1/data/ratis/11834e7a-92ed-43f2-b9d8-885a5af52b02/current/log_inprogress_0
2022-02-08 12:43:04,206 [grpc-default-executor-4] INFO  ratis.XceiverServerRatis (XceiverServerRatis.java:handleLeaderChangedNotification(866)) - Leader change notification received for group: group-885A5AF52B02 with new leaderId: 49948d64-f13f-4dea-ab4c-a99dcf6a29cc
2022-02-08 12:43:04,206 [grpc-default-executor-4] INFO  server.RaftServer$Division (ServerState.java:setLeader(285)) - ddfda897-e03d-4d19-9b1c-17acf61c97d5@group-885A5AF52B02: change Leader from null to 49948d64-f13f-4dea-ab4c-a99dcf6a29cc at term 10 for appendEntries, leader elected after 51161ms
2022-02-08 12:43:04,231 [grpc-default-executor-0] INFO  ratis.XceiverServerRatis (XceiverServerRatis.java:handleLeaderChangedNotification(866)) - Leader change notification received for group: group-885A5AF52B02 with new leaderId: 49948d64-f13f-4dea-ab4c-a99dcf6a29cc
2022-02-08 12:43:04,231 [grpc-default-executor-0] INFO  server.RaftServer$Division (ServerState.java:setLeader(285)) - 2bb38a5d-0509-4181-8b7b-057f495cfd4a@group-885A5AF52B02: change Leader from null to 49948d64-f13f-4dea-ab4c-a99dcf6a29cc at term 10 for appendEntries, leader elected after 51393ms
2022-02-08 12:43:04,255 [49948d64-f13f-4dea-ab4c-a99dcf6a29cc@group-885A5AF52B02-LeaderElection29] INFO  server.RaftServer$Division (ServerState.java:setRaftConf(387)) - 49948d64-f13f-4dea-ab4c-a99dcf6a29cc@group-885A5AF52B02: set configuration 0: [2bb38a5d-0509-4181-8b7b-057f495cfd4a|rpc:10.1.0.54:35129|dataStream:|priority:0, ddfda897-e03d-4d19-9b1c-17acf61c97d5|rpc:10.1.0.54:45499|dataStream:|priority:0, 49948d64-f13f-4dea-ab4c-a99dcf6a29cc|rpc:10.1.0.54:40329|dataStream:|priority:1], old=null
2022-02-08 12:43:04,255 [grpc-default-executor-4] INFO  server.RaftServer$Division (ServerState.java:setRaftConf(387)) - ddfda897-e03d-4d19-9b1c-17acf61c97d5@group-885A5AF52B02: set configuration 0: [2bb38a5d-0509-4181-8b7b-057f495cfd4a|rpc:10.1.0.54:35129|dataStream:|priority:0, ddfda897-e03d-4d19-9b1c-17acf61c97d5|rpc:10.1.0.54:45499|dataStream:|priority:0, 49948d64-f13f-4dea-ab4c-a99dcf6a29cc|rpc:10.1.0.54:40329|dataStream:|priority:1], old=null
2022-02-08 12:43:04,256 [grpc-default-executor-4] INFO  segmented.SegmentedRaftLogWorker (SegmentedRaftLogWorker.java:startLogSegment(394)) - ddfda897-e03d-4d19-9b1c-17acf61c97d5@group-885A5AF52B02-SegmentedRaftLogWorker: Starting segment from index:0
2022-02-08 12:43:04,260 [ddfda897-e03d-4d19-9b1c-17acf61c97d5@group-885A5AF52B02-SegmentedRaftLogWorker] INFO  segmented.SegmentedRaftLogWorker (SegmentedRaftLogWorker.java:execute(601)) - ddfda897-e03d-4d19-9b1c-17acf61c97d5@group-885A5AF52B02-SegmentedRaftLogWorker: created new log segment /home/runner/work/ozone/ozone/hadoop-ozone/integration-test/target/test-dir/MiniOzoneClusterImpl-d9fbf9ff-2b62-4fa3-b93a-ae8b8ac18067/datanode-2/data/ratis/11834e7a-92ed-43f2-b9d8-885a5af52b02/current/log_inprogress_0
2022-02-08 12:43:04,268 [grpc-default-executor-0] INFO  server.RaftServer$Division (ServerState.java:setRaftConf(387)) - 2bb38a5d-0509-4181-8b7b-057f495cfd4a@group-885A5AF52B02: set configuration 0: [2bb38a5d-0509-4181-8b7b-057f495cfd4a|rpc:10.1.0.54:35129|dataStream:|priority:0, ddfda897-e03d-4d19-9b1c-17acf61c97d5|rpc:10.1.0.54:45499|dataStream:|priority:0, 49948d64-f13f-4dea-ab4c-a99dcf6a29cc|rpc:10.1.0.54:40329|dataStream:|priority:1], old=null
2022-02-08 12:43:04,269 [grpc-default-executor-0] INFO  segmented.SegmentedRaftLogWorker (SegmentedRaftLogWorker.java:startLogSegment(394)) - 2bb38a5d-0509-4181-8b7b-057f495cfd4a@group-885A5AF52B02-SegmentedRaftLogWorker: Starting segment from index:0
2022-02-08 12:43:04,282 [2bb38a5d-0509-4181-8b7b-057f495cfd4a@group-885A5AF52B02-SegmentedRaftLogWorker] INFO  segmented.SegmentedRaftLogWorker (SegmentedRaftLogWorker.java:execute(601)) - 2bb38a5d-0509-4181-8b7b-057f495cfd4a@group-885A5AF52B02-SegmentedRaftLogWorker: created new log segment /home/runner/work/ozone/ozone/hadoop-ozone/integration-test/target/test-dir/MiniOzoneClusterImpl-d9fbf9ff-2b62-4fa3-b93a-ae8b8ac18067/datanode-0/data/ratis/11834e7a-92ed-43f2-b9d8-885a5af52b02/current/log_inprogress_0
2022-02-08 12:43:04,514 [Listener at 127.0.0.1/43683] INFO  ozone.MiniOzoneClusterImpl (MiniOzoneClusterImpl.java:lambda$waitForClusterToBeReady$0(219)) - Nodes are ready. Got 3 of 3 DN Heartbeats.
2022-02-08 12:43:04,514 [Listener at 127.0.0.1/43683] INFO  ozone.MiniOzoneClusterImpl (MiniOzoneClusterImpl.java:lambda$waitForClusterToBeReady$0(222)) - Cluster exits safe mode
2022-02-08 12:43:04,514 [Listener at 127.0.0.1/43683] INFO  ozone.MiniOzoneClusterImpl (MiniOzoneClusterImpl.java:lambda$waitForClusterToBeReady$0(224)) - SCM became leader
2022-02-08 12:43:04,514 [Listener at 127.0.0.1/43683] INFO  server.StorageContainerManager (StorageContainerManager.java:stop(1390)) - Stopping Container Balancer service.
2022-02-08 12:43:04,514 [Listener at 127.0.0.1/43683] INFO  balancer.ContainerBalancer (ContainerBalancer.java:stop(751)) - Container Balancer is not running.
2022-02-08 12:43:04,514 [Listener at 127.0.0.1/43683] INFO  server.StorageContainerManager (StorageContainerManager.java:stop(1397)) - Stopping Replication Manager Service.
2022-02-08 12:43:04,514 [Listener at 127.0.0.1/43683] INFO  container.ReplicationManager (ReplicationManager.java:stop(357)) - Stopping Replication Monitor Thread.
2022-02-08 12:43:04,514 [Listener at 127.0.0.1/43683] INFO  server.StorageContainerManager (StorageContainerManager.java:stop(1404)) - Stopping the Datanode Admin Monitor.
2022-02-08 12:43:04,514 [Listener at 127.0.0.1/43683] INFO  server.StorageContainerManager (StorageContainerManager.java:stop(1411)) - Stopping Lease Manager of the command watchers
2022-02-08 12:43:04,515 [Listener at 127.0.0.1/43683] INFO  server.StorageContainerManager (StorageContainerManager.java:stop(1418)) - Stopping datanode service RPC server
2022-02-08 12:43:04,515 [Listener at 127.0.0.1/43683] INFO  server.SCMDatanodeProtocolServer (SCMDatanodeProtocolServer.java:stop(390)) - Stopping the RPC server for DataNodes
2022-02-08 12:43:04,515 [Listener at 127.0.0.1/43683] INFO  ipc.Server (Server.java:stop(3414)) - Stopping server on 39327
2022-02-08 12:43:04,526 [IPC Server listener on 0] INFO  ipc.Server (Server.java:run(1376)) - Stopping IPC Server listener on 0
2022-02-08 12:43:04,526 [IPC Server Responder] INFO  ipc.Server (Server.java:run(1512)) - Stopping IPC Server Responder
2022-02-08 12:43:04,590 [SCM Heartbeat Processing Thread - 0] WARN  node.NodeStateManager (NodeStateManager.java:scheduleNextHealthCheck(799)) - Current Thread is interrupted, shutting down HB processing thread for Node Manager.
2022-02-08 12:43:04,591 [Listener at 127.0.0.1/43683] INFO  server.StorageContainerManager (StorageContainerManager.java:stop(1426)) - Stopping block service RPC server
2022-02-08 12:43:04,592 [Listener at 127.0.0.1/43683] INFO  server.SCMBlockProtocolServer (SCMBlockProtocolServer.java:stop(160)) - Stopping the RPC server for Block Protocol
2022-02-08 12:43:04,592 [Listener at 127.0.0.1/43683] INFO  ipc.Server (Server.java:stop(3414)) - Stopping server on 41697
2022-02-08 12:43:04,594 [IPC Server listener on 0] INFO  ipc.Server (Server.java:run(1376)) - Stopping IPC Server listener on 0
2022-02-08 12:43:04,595 [Listener at 127.0.0.1/43683] INFO  server.StorageContainerManager (StorageContainerManager.java:stop(1433)) - Stopping the StorageContainerLocationProtocol RPC server
2022-02-08 12:43:04,595 [Listener at 127.0.0.1/43683] INFO  server.SCMClientProtocolServer (SCMClientProtocolServer.java:stop(174)) - Stopping the RPC server for Client Protocol
2022-02-08 12:43:04,595 [Listener at 127.0.0.1/43683] INFO  ipc.Server (Server.java:stop(3414)) - Stopping server on 36989
2022-02-08 12:43:04,595 [IPC Server Responder] INFO  ipc.Server (Server.java:run(1512)) - Stopping IPC Server Responder
2022-02-08 12:43:04,598 [Listener at 127.0.0.1/43683] INFO  server.StorageContainerManager (StorageContainerManager.java:stop(1440)) - Stopping Storage Container Manager HTTP server.
2022-02-08 12:43:04,598 [IPC Server Responder] INFO  ipc.Server (Server.java:run(1512)) - Stopping IPC Server Responder
2022-02-08 12:43:04,598 [IPC Server listener on 0] INFO  ipc.Server (Server.java:run(1376)) - Stopping IPC Server listener on 0
2022-02-08 12:43:04,599 [Listener at 127.0.0.1/43683] INFO  handler.ContextHandler (ContextHandler.java:doStop(1153)) - Stopped o.e.j.w.WebAppContext@4aac07d3{scm,/,null,STOPPED}{file:/home/runner/work/ozone/ozone/hadoop-ozone/integration-test/target/test-classes/webapps/scm}
2022-02-08 12:43:04,606 [Listener at 127.0.0.1/43683] INFO  server.AbstractConnector (AbstractConnector.java:doStop(381)) - Stopped ServerConnector@6b6aa532{HTTP/1.1, (http/1.1)}{0.0.0.0:0}
2022-02-08 12:43:04,606 [Listener at 127.0.0.1/43683] INFO  server.session (HouseKeeper.java:stopScavenging(149)) - node0 Stopped scavenging
2022-02-08 12:43:04,606 [Listener at 127.0.0.1/43683] INFO  handler.ContextHandler (ContextHandler.java:doStop(1153)) - Stopped o.e.j.s.ServletContextHandler@37ca366d{static,/static,file:///home/runner/work/ozone/ozone/hadoop-ozone/integration-test/target/test-classes/webapps/static,STOPPED}
2022-02-08 12:43:04,607 [Listener at 127.0.0.1/43683] INFO  handler.ContextHandler (ContextHandler.java:doStop(1153)) - Stopped o.e.j.s.ServletContextHandler@7f7149f5{logs,/logs,file:///home/runner/work/ozone/ozone/hadoop-ozone/integration-test/target/log,STOPPED}
2022-02-08 12:43:04,609 [Listener at 127.0.0.1/43683] INFO  server.StorageContainerManager (StorageContainerManager.java:stop(1451)) - Stopping Block Manager Service.
2022-02-08 12:43:04,609 [Listener at 127.0.0.1/43683] INFO  utils.BackgroundService (BackgroundService.java:shutdown(132)) - Shutting down service SCMBlockDeletingService
2022-02-08 12:43:04,610 [Listener at 127.0.0.1/43683] INFO  utils.BackgroundService (BackgroundService.java:shutdown(132)) - Shutting down service SCMBlockDeletingService
2022-02-08 12:43:04,610 [Listener at 127.0.0.1/43683] INFO  server.StorageContainerManager (StorageContainerManager.java:stop(1478)) - Stopping SCM Event Queue.
2022-02-08 12:43:04,612 [Listener at 127.0.0.1/43683] INFO  server.StorageContainerManager (StorageContainerManager.java:stop(1489)) - Stopping SCM HA services.
2022-02-08 12:43:04,613 [Listener at 127.0.0.1/43683] INFO  ha.SCMRatisServerImpl (SCMRatisServerImpl.java:stop(236)) - stopping ratis server 0.0.0.0:9894
2022-02-08 12:43:04,613 [Listener at 127.0.0.1/43683] INFO  server.RaftServer (RaftServerProxy.java:lambda$close$6(391)) - 783707b5-d5e8-417f-9e8a-1f11149e73f9: close
2022-02-08 12:43:04,614 [Listener at 127.0.0.1/43683] INFO  server.RaftServer$Division (RaftServerImpl.java:lambda$close$4(412)) - 783707b5-d5e8-417f-9e8a-1f11149e73f9@group-AE8B8AC18067: shutdown
2022-02-08 12:43:04,614 [Listener at 127.0.0.1/43683] INFO  util.JmxRegister (JmxRegister.java:unregister(73)) - Successfully un-registered JMX Bean with object name Ratis:service=RaftServer,group=group-AE8B8AC18067,id=783707b5-d5e8-417f-9e8a-1f11149e73f9
2022-02-08 12:43:04,614 [Listener at 127.0.0.1/43683] INFO  impl.RoleInfo (RoleInfo.java:shutdownLeaderState(91)) - 783707b5-d5e8-417f-9e8a-1f11149e73f9: shutdown 783707b5-d5e8-417f-9e8a-1f11149e73f9@group-AE8B8AC18067-LeaderStateImpl
2022-02-08 12:43:04,614 [Listener at 127.0.0.1/43683] INFO  impl.PendingRequests (PendingRequests.java:sendNotLeaderResponses(282)) - 783707b5-d5e8-417f-9e8a-1f11149e73f9@group-AE8B8AC18067-PendingRequests: sendNotLeaderResponses
2022-02-08 12:43:04,615 [Listener at 127.0.0.1/43683] INFO  ha.SCMStateMachine (SCMStateMachine.java:notifyNotLeader(190)) - current leader SCM steps down.
2022-02-08 12:43:04,615 [Listener at 127.0.0.1/43683] INFO  ha.SCMContext (SCMContext.java:updateLeaderAndTerm(90)) - update <isLeader,term> from <true,2> to <false,0>
2022-02-08 12:43:04,615 [Listener at 127.0.0.1/43683] INFO  ha.SCMContext (SCMContext.java:updateLeaderAndTerm(97)) - update <isLeaderReady> from <false> to <false>
2022-02-08 12:43:04,628 [Listener at 127.0.0.1/43683] INFO  impl.StateMachineUpdater (StateMachineUpdater.java:stopAndJoin(149)) - 783707b5-d5e8-417f-9e8a-1f11149e73f9@group-AE8B8AC18067-StateMachineUpdater: set stopIndex = 18
2022-02-08 12:43:04,629 [783707b5-d5e8-417f-9e8a-1f11149e73f9@group-AE8B8AC18067-StateMachineUpdater] INFO  ha.SCMStateMachine (SCMStateMachine.java:takeSnapshot(297)) - Current Snapshot Index 18, takeSnapshot took 0 ms
2022-02-08 12:43:04,629 [783707b5-d5e8-417f-9e8a-1f11149e73f9@group-AE8B8AC18067-StateMachineUpdater] INFO  impl.StateMachineUpdater (StateMachineUpdater.java:takeSnapshot(281)) - 783707b5-d5e8-417f-9e8a-1f11149e73f9@group-AE8B8AC18067-StateMachineUpdater: Took a snapshot at index 18
2022-02-08 12:43:04,629 [783707b5-d5e8-417f-9e8a-1f11149e73f9@group-AE8B8AC18067-StateMachineUpdater] INFO  impl.StateMachineUpdater (StateMachineUpdater.java:lambda$new$0(89)) - 783707b5-d5e8-417f-9e8a-1f11149e73f9@group-AE8B8AC18067-StateMachineUpdater: snapshotIndex: updateIncreasingly -1 -> 18
2022-02-08 12:43:04,629 [Listener at 127.0.0.1/43683] INFO  server.RaftServer$Division (ServerState.java:close(419)) - 783707b5-d5e8-417f-9e8a-1f11149e73f9@group-AE8B8AC18067: closes. applyIndex: 18
2022-02-08 12:43:04,629 [783707b5-d5e8-417f-9e8a-1f11149e73f9@group-AE8B8AC18067-SegmentedRaftLogWorker] INFO  segmented.SegmentedRaftLogWorker (SegmentedRaftLogWorker.java:run(327)) - 783707b5-d5e8-417f-9e8a-1f11149e73f9@group-AE8B8AC18067-SegmentedRaftLogWorker was interrupted, exiting. There are 0 tasks remaining in the queue.
2022-02-08 12:43:04,640 [Listener at 127.0.0.1/43683] INFO  segmented.SegmentedRaftLogWorker (SegmentedRaftLogWorker.java:close(237)) - 783707b5-d5e8-417f-9e8a-1f11149e73f9@group-AE8B8AC18067-SegmentedRaftLogWorker close()
2022-02-08 12:43:04,650 [Listener at 127.0.0.1/43683] INFO  server.GrpcService (GrpcService.java:closeImpl(262)) - 783707b5-d5e8-417f-9e8a-1f11149e73f9: shutdown server with port 9894 now
2022-02-08 12:43:04,651 [Listener at 127.0.0.1/43683] INFO  server.GrpcService (GrpcService.java:closeImpl(271)) - 783707b5-d5e8-417f-9e8a-1f11149e73f9: shutdown server with port 9894 successfully
2022-02-08 12:43:04,652 [org.apache.ratis.util.JvmPauseMonitor$$Lambda$431/624767945@623fc17f] INFO  util.JvmPauseMonitor (JvmPauseMonitor.java:run(109)) - JvmPauseMonitor-783707b5-d5e8-417f-9e8a-1f11149e73f9: Stopped
2022-02-08 12:43:04,655 [Listener at 127.0.0.1/43683] INFO  pipeline.BackgroundPipelineCreator (BackgroundPipelineCreator.java:stop(158)) - Stopping RatisPipelineUtilsThread.
2022-02-08 12:43:04,656 [Listener at 127.0.0.1/43683] INFO  server.StorageContainerManager (StorageContainerManager.java:stop(1499)) - Stopping SCM MetadataStore.
2022-02-08 12:43:04,657 [Listener at 127.0.0.1/43683] INFO  impl.MetricsSystemImpl (MetricsSystemImpl.java:stop(210)) - Stopping HddsDatanode metrics system...
2022-02-08 12:43:04,671 [prometheus] INFO  impl.MetricsSinkAdapter (MetricsSinkAdapter.java:publishMetricsFromQueue(141)) - prometheus thread interrupted.
2022-02-08 12:43:04,671 [Listener at 127.0.0.1/43683] INFO  impl.MetricsSystemImpl (MetricsSystemImpl.java:stop(216)) - HddsDatanode metrics system stopped.
2022-02-08 12:43:04,677 [EndpointStateMachine task thread for /0.0.0.0:39327 - 0 ] WARN  statemachine.EndpointStateMachine (EndpointStateMachine.java:logIfNeeded(236)) - Unable to communicate to SCM server at 0.0.0.0:39327 for past 0 seconds.
java.io.EOFException: End of File Exception between local host is: "fv-az122-430/10.1.0.54"; destination host is: "0.0.0.0":39327; : java.io.EOFException; For more details see:  http://wiki.apache.org/hadoop/EOFException
	at sun.reflect.NativeConstructorAccessorImpl.newInstance0(Native Method)
	at sun.reflect.NativeConstructorAccessorImpl.newInstance(NativeConstructorAccessorImpl.java:62)
	at sun.reflect.DelegatingConstructorAccessorImpl.newInstance(DelegatingConstructorAccessorImpl.java:45)
	at java.lang.reflect.Constructor.newInstance(Constructor.java:423)
	at org.apache.hadoop.net.NetUtils.wrapWithMessage(NetUtils.java:913)
	at org.apache.hadoop.net.NetUtils.wrapException(NetUtils.java:862)
	at org.apache.hadoop.ipc.Client.getRpcResponse(Client.java:1577)
	at org.apache.hadoop.ipc.Client.call(Client.java:1519)
	at org.apache.hadoop.ipc.Client.call(Client.java:1416)
	at org.apache.hadoop.ipc.ProtobufRpcEngine$Invoker.invoke(ProtobufRpcEngine.java:236)
	at org.apache.hadoop.ipc.ProtobufRpcEngine$Invoker.invoke(ProtobufRpcEngine.java:123)
	at com.sun.proxy.$Proxy49.submitRequest(Unknown Source)
	at org.apache.hadoop.ozone.protocolPB.StorageContainerDatanodeProtocolClientSideTranslatorPB.submitRequest(StorageContainerDatanodeProtocolClientSideTranslatorPB.java:117)
	at org.apache.hadoop.ozone.protocolPB.StorageContainerDatanodeProtocolClientSideTranslatorPB.sendHeartbeat(StorageContainerDatanodeProtocolClientSideTranslatorPB.java:149)
	at org.apache.hadoop.ozone.container.common.states.endpoint.HeartbeatEndpointTask.call(HeartbeatEndpointTask.java:179)
	at org.apache.hadoop.ozone.container.common.states.endpoint.HeartbeatEndpointTask.call(HeartbeatEndpointTask.java:82)
	at java.util.concurrent.FutureTask.run(FutureTask.java:266)
	at java.util.concurrent.ThreadPoolExecutor.runWorker(ThreadPoolExecutor.java:1149)
	at java.util.concurrent.ThreadPoolExecutor$Worker.run(ThreadPoolExecutor.java:624)
	at java.lang.Thread.run(Thread.java:748)
Caused by: java.io.EOFException
	at java.io.DataInputStream.readInt(DataInputStream.java:392)
	at org.apache.hadoop.ipc.Client$IpcStreams.readResponse(Client.java:1892)
	at org.apache.hadoop.ipc.Client$Connection.receiveRpcResponse(Client.java:1202)
	at org.apache.hadoop.ipc.Client$Connection.run(Client.java:1098)
2022-02-08 12:43:06,168 [EndpointStateMachine task thread for /0.0.0.0:39327 - 0 ] INFO  ipc.Client (Client.java:handleConnectionFailure(977)) - Retrying connect to server: 0.0.0.0/0.0.0.0:39327. Already tried 0 time(s); retry policy is RetryUpToMaximumCountWithFixedSleep(maxRetries=15, sleepTime=1000 MILLISECONDS)
2022-02-08 12:43:07,169 [EndpointStateMachine task thread for /0.0.0.0:39327 - 0 ] INFO  ipc.Client (Client.java:handleConnectionFailure(977)) - Retrying connect to server: 0.0.0.0/0.0.0.0:39327. Already tried 1 time(s); retry policy is RetryUpToMaximumCountWithFixedSleep(maxRetries=15, sleepTime=1000 MILLISECONDS)
2022-02-08 12:43:08,170 [EndpointStateMachine task thread for /0.0.0.0:39327 - 0 ] INFO  ipc.Client (Client.java:handleConnectionFailure(977)) - Retrying connect to server: 0.0.0.0/0.0.0.0:39327. Already tried 2 time(s); retry policy is RetryUpToMaximumCountWithFixedSleep(maxRetries=15, sleepTime=1000 MILLISECONDS)
2022-02-08 12:43:09,170 [EndpointStateMachine task thread for /0.0.0.0:39327 - 0 ] INFO  ipc.Client (Client.java:handleConnectionFailure(977)) - Retrying connect to server: 0.0.0.0/0.0.0.0:39327. Already tried 3 time(s); retry policy is RetryUpToMaximumCountWithFixedSleep(maxRetries=15, sleepTime=1000 MILLISECONDS)
2022-02-08 12:43:09,672 [Listener at 127.0.0.1/43683] INFO  ozoneimpl.OzoneContainer (OzoneContainer.java:stop(336)) - Attempting to stop container services.
2022-02-08 12:43:09,673 [Listener at 127.0.0.1/43683] INFO  server.RaftServer (RaftServerProxy.java:lambda$close$6(391)) - 2bb38a5d-0509-4181-8b7b-057f495cfd4a: close
2022-02-08 12:43:09,674 [Listener at 127.0.0.1/43683] INFO  server.RaftServer$Division (RaftServerImpl.java:lambda$close$4(412)) - 2bb38a5d-0509-4181-8b7b-057f495cfd4a@group-C0DC1D3C2AE8: shutdown
2022-02-08 12:43:09,674 [Listener at 127.0.0.1/43683] INFO  util.JmxRegister (JmxRegister.java:unregister(73)) - Successfully un-registered JMX Bean with object name Ratis:service=RaftServer,group=group-C0DC1D3C2AE8,id=2bb38a5d-0509-4181-8b7b-057f495cfd4a
2022-02-08 12:43:09,674 [Listener at 127.0.0.1/43683] INFO  impl.RoleInfo (RoleInfo.java:shutdownLeaderState(91)) - 2bb38a5d-0509-4181-8b7b-057f495cfd4a: shutdown 2bb38a5d-0509-4181-8b7b-057f495cfd4a@group-C0DC1D3C2AE8-LeaderStateImpl
2022-02-08 12:43:09,675 [Listener at 127.0.0.1/43683] INFO  impl.PendingRequests (PendingRequests.java:sendNotLeaderResponses(282)) - 2bb38a5d-0509-4181-8b7b-057f495cfd4a@group-C0DC1D3C2AE8-PendingRequests: sendNotLeaderResponses
2022-02-08 12:43:09,676 [Listener at 127.0.0.1/43683] INFO  impl.StateMachineUpdater (StateMachineUpdater.java:stopAndJoin(149)) - 2bb38a5d-0509-4181-8b7b-057f495cfd4a@group-C0DC1D3C2AE8-StateMachineUpdater: set stopIndex = 0
2022-02-08 12:43:09,677 [2bb38a5d-0509-4181-8b7b-057f495cfd4a@group-C0DC1D3C2AE8-StateMachineUpdater] INFO  ratis.ContainerStateMachine (ContainerStateMachine.java:takeSnapshot(299)) - group-C0DC1D3C2AE8: Taking a snapshot at:(t:1, i:0) file /home/runner/work/ozone/ozone/hadoop-ozone/integration-test/target/test-dir/MiniOzoneClusterImpl-d9fbf9ff-2b62-4fa3-b93a-ae8b8ac18067/datanode-0/data/ratis/d8efb69f-84a5-4573-805f-c0dc1d3c2ae8/sm/snapshot.1_0
2022-02-08 12:43:09,678 [2bb38a5d-0509-4181-8b7b-057f495cfd4a@group-C0DC1D3C2AE8-StateMachineUpdater] INFO  ratis.ContainerStateMachine (ContainerStateMachine.java:takeSnapshot(310)) - group-C0DC1D3C2AE8: Finished taking a snapshot at:(t:1, i:0) file:/home/runner/work/ozone/ozone/hadoop-ozone/integration-test/target/test-dir/MiniOzoneClusterImpl-d9fbf9ff-2b62-4fa3-b93a-ae8b8ac18067/datanode-0/data/ratis/d8efb69f-84a5-4573-805f-c0dc1d3c2ae8/sm/snapshot.1_0 took: 1 ms
2022-02-08 12:43:09,678 [2bb38a5d-0509-4181-8b7b-057f495cfd4a@group-C0DC1D3C2AE8-StateMachineUpdater] INFO  impl.StateMachineUpdater (StateMachineUpdater.java:takeSnapshot(281)) - 2bb38a5d-0509-4181-8b7b-057f495cfd4a@group-C0DC1D3C2AE8-StateMachineUpdater: Took a snapshot at index 0
2022-02-08 12:43:09,678 [2bb38a5d-0509-4181-8b7b-057f495cfd4a@group-C0DC1D3C2AE8-StateMachineUpdater] INFO  impl.StateMachineUpdater (StateMachineUpdater.java:lambda$new$0(89)) - 2bb38a5d-0509-4181-8b7b-057f495cfd4a@group-C0DC1D3C2AE8-StateMachineUpdater: snapshotIndex: updateIncreasingly -1 -> 0
2022-02-08 12:43:09,679 [Listener at 127.0.0.1/43683] INFO  server.RaftServer$Division (ServerState.java:close(419)) - 2bb38a5d-0509-4181-8b7b-057f495cfd4a@group-C0DC1D3C2AE8: closes. applyIndex: 0
2022-02-08 12:43:09,679 [2bb38a5d-0509-4181-8b7b-057f495cfd4a@group-C0DC1D3C2AE8-SegmentedRaftLogWorker] INFO  segmented.SegmentedRaftLogWorker (SegmentedRaftLogWorker.java:run(327)) - 2bb38a5d-0509-4181-8b7b-057f495cfd4a@group-C0DC1D3C2AE8-SegmentedRaftLogWorker was interrupted, exiting. There are 0 tasks remaining in the queue.
2022-02-08 12:43:09,680 [Listener at 127.0.0.1/43683] INFO  segmented.SegmentedRaftLogWorker (SegmentedRaftLogWorker.java:close(237)) - 2bb38a5d-0509-4181-8b7b-057f495cfd4a@group-C0DC1D3C2AE8-SegmentedRaftLogWorker close()
2022-02-08 12:43:09,681 [Listener at 127.0.0.1/43683] INFO  server.RaftServer$Division (RaftServerImpl.java:lambda$close$4(412)) - 2bb38a5d-0509-4181-8b7b-057f495cfd4a@group-885A5AF52B02: shutdown
2022-02-08 12:43:09,681 [Listener at 127.0.0.1/43683] INFO  util.JmxRegister (JmxRegister.java:unregister(73)) - Successfully un-registered JMX Bean with object name Ratis:service=RaftServer,group=group-885A5AF52B02,id=2bb38a5d-0509-4181-8b7b-057f495cfd4a
2022-02-08 12:43:09,681 [Listener at 127.0.0.1/43683] INFO  impl.RoleInfo (RoleInfo.java:shutdownFollowerState(108)) - 2bb38a5d-0509-4181-8b7b-057f495cfd4a: shutdown 2bb38a5d-0509-4181-8b7b-057f495cfd4a@group-885A5AF52B02-FollowerState
2022-02-08 12:43:09,681 [Listener at 127.0.0.1/43683] INFO  impl.StateMachineUpdater (StateMachineUpdater.java:stopAndJoin(149)) - 2bb38a5d-0509-4181-8b7b-057f495cfd4a@group-885A5AF52B02-StateMachineUpdater: set stopIndex = 0
2022-02-08 12:43:09,681 [2bb38a5d-0509-4181-8b7b-057f495cfd4a@group-885A5AF52B02-FollowerState] INFO  impl.FollowerState (FollowerState.java:run(143)) - 2bb38a5d-0509-4181-8b7b-057f495cfd4a@group-885A5AF52B02-FollowerState was interrupted: {}
java.lang.InterruptedException: sleep interrupted
	at java.lang.Thread.sleep(Native Method)
	at java.lang.Thread.sleep(Thread.java:340)
	at java.util.concurrent.TimeUnit.sleep(TimeUnit.java:386)
	at org.apache.ratis.util.TimeDuration.sleep(TimeDuration.java:324)
	at org.apache.ratis.util.TimeDuration.sleep(TimeDuration.java:309)
	at org.apache.ratis.server.impl.FollowerState.run(FollowerState.java:118)
2022-02-08 12:43:09,682 [2bb38a5d-0509-4181-8b7b-057f495cfd4a@group-885A5AF52B02-StateMachineUpdater] INFO  ratis.ContainerStateMachine (ContainerStateMachine.java:takeSnapshot(299)) - group-885A5AF52B02: Taking a snapshot at:(t:10, i:0) file /home/runner/work/ozone/ozone/hadoop-ozone/integration-test/target/test-dir/MiniOzoneClusterImpl-d9fbf9ff-2b62-4fa3-b93a-ae8b8ac18067/datanode-0/data/ratis/11834e7a-92ed-43f2-b9d8-885a5af52b02/sm/snapshot.10_0
2022-02-08 12:43:09,683 [2bb38a5d-0509-4181-8b7b-057f495cfd4a@group-885A5AF52B02-StateMachineUpdater] INFO  ratis.ContainerStateMachine (ContainerStateMachine.java:takeSnapshot(310)) - group-885A5AF52B02: Finished taking a snapshot at:(t:10, i:0) file:/home/runner/work/ozone/ozone/hadoop-ozone/integration-test/target/test-dir/MiniOzoneClusterImpl-d9fbf9ff-2b62-4fa3-b93a-ae8b8ac18067/datanode-0/data/ratis/11834e7a-92ed-43f2-b9d8-885a5af52b02/sm/snapshot.10_0 took: 1 ms
2022-02-08 12:43:09,683 [2bb38a5d-0509-4181-8b7b-057f495cfd4a@group-885A5AF52B02-StateMachineUpdater] INFO  impl.StateMachineUpdater (StateMachineUpdater.java:takeSnapshot(281)) - 2bb38a5d-0509-4181-8b7b-057f495cfd4a@group-885A5AF52B02-StateMachineUpdater: Took a snapshot at index 0
2022-02-08 12:43:09,683 [2bb38a5d-0509-4181-8b7b-057f495cfd4a@group-885A5AF52B02-StateMachineUpdater] INFO  impl.StateMachineUpdater (StateMachineUpdater.java:lambda$new$0(89)) - 2bb38a5d-0509-4181-8b7b-057f495cfd4a@group-885A5AF52B02-StateMachineUpdater: snapshotIndex: updateIncreasingly -1 -> 0
2022-02-08 12:43:09,684 [Listener at 127.0.0.1/43683] INFO  server.RaftServer$Division (ServerState.java:close(419)) - 2bb38a5d-0509-4181-8b7b-057f495cfd4a@group-885A5AF52B02: closes. applyIndex: 0
2022-02-08 12:43:09,684 [2bb38a5d-0509-4181-8b7b-057f495cfd4a@group-885A5AF52B02-SegmentedRaftLogWorker] INFO  segmented.SegmentedRaftLogWorker (SegmentedRaftLogWorker.java:run(327)) - 2bb38a5d-0509-4181-8b7b-057f495cfd4a@group-885A5AF52B02-SegmentedRaftLogWorker was interrupted, exiting. There are 0 tasks remaining in the queue.
2022-02-08 12:43:09,684 [Listener at 127.0.0.1/43683] INFO  segmented.SegmentedRaftLogWorker (SegmentedRaftLogWorker.java:close(237)) - 2bb38a5d-0509-4181-8b7b-057f495cfd4a@group-885A5AF52B02-SegmentedRaftLogWorker close()
2022-02-08 12:43:09,685 [Listener at 127.0.0.1/43683] INFO  server.GrpcService (GrpcService.java:closeImpl(262)) - 2bb38a5d-0509-4181-8b7b-057f495cfd4a: shutdown server with port 35129 now
2022-02-08 12:43:09,690 [grpc-default-executor-0] WARN  server.GrpcServerProtocolService (LogUtils.java:warn(122)) - 2bb38a5d-0509-4181-8b7b-057f495cfd4a: installSnapshot onError, lastRequest: 49948d64-f13f-4dea-ab4c-a99dcf6a29cc->2bb38a5d-0509-4181-8b7b-057f495cfd4a#1-t10,previous=(t:0, i:0),leaderCommit=-1,initializing? true,entries: size=1, first=(t:10, i:0), CONFIGURATIONENTRY: org.apache.ratis.thirdparty.io.grpc.StatusRuntimeException: CANCELLED: client cancelled
2022-02-08 12:43:09,698 [grpc-default-executor-3] WARN  server.GrpcLogAppender (LogUtils.java:warn(122)) - 49948d64-f13f-4dea-ab4c-a99dcf6a29cc@group-885A5AF52B02->2bb38a5d-0509-4181-8b7b-057f495cfd4a-AppendLogResponseHandler: Failed appendEntries: org.apache.ratis.thirdparty.io.grpc.StatusRuntimeException: CANCELLED: HTTP/2 error code: CANCEL
Received Rst Stream
2022-02-08 12:43:09,698 [grpc-default-executor-3] WARN  server.GrpcLogAppender (GrpcLogAppender.java:resetClient(110)) - 49948d64-f13f-4dea-ab4c-a99dcf6a29cc@group-885A5AF52B02->2bb38a5d-0509-4181-8b7b-057f495cfd4a-GrpcLogAppender: Leader has not got in touch with Follower 49948d64-f13f-4dea-ab4c-a99dcf6a29cc@group-885A5AF52B02->2bb38a5d-0509-4181-8b7b-057f495cfd4a(c0,m0,n1, attendVote=true, lastRpcSendTime=377, lastRpcResponseTime=371) yet, just keep nextIndex unchanged and retry.
2022-02-08 12:43:09,738 [Listener at 127.0.0.1/43683] INFO  server.GrpcService (GrpcService.java:closeImpl(271)) - 2bb38a5d-0509-4181-8b7b-057f495cfd4a: shutdown server with port 35129 successfully
2022-02-08 12:43:09,738 [org.apache.ratis.util.JvmPauseMonitor$$Lambda$431/624767945@31a598d6] INFO  util.JvmPauseMonitor (JvmPauseMonitor.java:run(109)) - JvmPauseMonitor-2bb38a5d-0509-4181-8b7b-057f495cfd4a: Stopped
2022-02-08 12:43:10,171 [EndpointStateMachine task thread for /0.0.0.0:39327 - 0 ] INFO  ipc.Client (Client.java:handleConnectionFailure(977)) - Retrying connect to server: 0.0.0.0/0.0.0.0:39327. Already tried 4 time(s); retry policy is RetryUpToMaximumCountWithFixedSleep(maxRetries=15, sleepTime=1000 MILLISECONDS)
2022-02-08 12:43:11,172 [EndpointStateMachine task thread for /0.0.0.0:39327 - 0 ] INFO  ipc.Client (Client.java:handleConnectionFailure(977)) - Retrying connect to server: 0.0.0.0/0.0.0.0:39327. Already tried 5 time(s); retry policy is RetryUpToMaximumCountWithFixedSleep(maxRetries=15, sleepTime=1000 MILLISECONDS)
2022-02-08 12:43:11,774 [Listener at 127.0.0.1/43683] INFO  utils.BackgroundService (BackgroundService.java:shutdown(132)) - Shutting down service BlockDeletingService
2022-02-08 12:43:11,845 [grpc-default-executor-0] WARN  server.GrpcLogAppender (LogUtils.java:warn(122)) - 49948d64-f13f-4dea-ab4c-a99dcf6a29cc@group-885A5AF52B02->2bb38a5d-0509-4181-8b7b-057f495cfd4a-AppendLogResponseHandler: Failed appendEntries: org.apache.ratis.thirdparty.io.grpc.StatusRuntimeException: UNAVAILABLE: io exception
2022-02-08 12:43:11,845 [grpc-default-executor-0] WARN  server.GrpcLogAppender (GrpcLogAppender.java:resetClient(110)) - 49948d64-f13f-4dea-ab4c-a99dcf6a29cc@group-885A5AF52B02->2bb38a5d-0509-4181-8b7b-057f495cfd4a-GrpcLogAppender: Leader has not got in touch with Follower 49948d64-f13f-4dea-ab4c-a99dcf6a29cc@group-885A5AF52B02->2bb38a5d-0509-4181-8b7b-057f495cfd4a(c0,m0,n1, attendVote=true, lastRpcSendTime=0, lastRpcResponseTime=2518) yet, just keep nextIndex unchanged and retry.
2022-02-08 12:43:12,172 [EndpointStateMachine task thread for /0.0.0.0:39327 - 0 ] INFO  ipc.Client (Client.java:handleConnectionFailure(977)) - Retrying connect to server: 0.0.0.0/0.0.0.0:39327. Already tried 6 time(s); retry policy is RetryUpToMaximumCountWithFixedSleep(maxRetries=15, sleepTime=1000 MILLISECONDS)
2022-02-08 12:43:13,173 [EndpointStateMachine task thread for /0.0.0.0:39327 - 0 ] INFO  ipc.Client (Client.java:handleConnectionFailure(977)) - Retrying connect to server: 0.0.0.0/0.0.0.0:39327. Already tried 7 time(s); retry policy is RetryUpToMaximumCountWithFixedSleep(maxRetries=15, sleepTime=1000 MILLISECONDS)
2022-02-08 12:43:14,174 [EndpointStateMachine task thread for /0.0.0.0:39327 - 0 ] INFO  ipc.Client (Client.java:handleConnectionFailure(977)) - Retrying connect to server: 0.0.0.0/0.0.0.0:39327. Already tried 8 time(s); retry policy is RetryUpToMaximumCountWithFixedSleep(maxRetries=15, sleepTime=1000 MILLISECONDS)
2022-02-08 12:43:14,345 [grpc-default-executor-3] WARN  server.GrpcLogAppender (LogUtils.java:warn(122)) - 49948d64-f13f-4dea-ab4c-a99dcf6a29cc@group-885A5AF52B02->2bb38a5d-0509-4181-8b7b-057f495cfd4a-AppendLogResponseHandler: Failed appendEntries: org.apache.ratis.thirdparty.io.grpc.StatusRuntimeException: UNAVAILABLE: io exception
2022-02-08 12:43:14,346 [grpc-default-executor-3] WARN  server.GrpcLogAppender (GrpcLogAppender.java:resetClient(110)) - 49948d64-f13f-4dea-ab4c-a99dcf6a29cc@group-885A5AF52B02->2bb38a5d-0509-4181-8b7b-057f495cfd4a-GrpcLogAppender: Leader has not got in touch with Follower 49948d64-f13f-4dea-ab4c-a99dcf6a29cc@group-885A5AF52B02->2bb38a5d-0509-4181-8b7b-057f495cfd4a(c0,m0,n1, attendVote=true, lastRpcSendTime=0, lastRpcResponseTime=5019) yet, just keep nextIndex unchanged and retry.
2022-02-08 12:43:14,797 [Listener at 127.0.0.1/43683] INFO  statemachine.DatanodeStateMachine (DatanodeStateMachine.java:stopDaemon(529)) - Ozone container server stopped.
2022-02-08 12:43:14,798 [Listener at 127.0.0.1/43683] INFO  handler.ContextHandler (ContextHandler.java:doStop(1153)) - Stopped o.e.j.w.WebAppContext@12cd6378{hddsDatanode,/,null,STOPPED}{jar:file:/home/runner/.m2/repository/org/apache/ozone/hdds-container-service/1.3.0-SNAPSHOT/hdds-container-service-1.3.0-SNAPSHOT.jar!/webapps/hddsDatanode}
2022-02-08 12:43:14,799 [Listener at 127.0.0.1/43683] INFO  server.AbstractConnector (AbstractConnector.java:doStop(381)) - Stopped ServerConnector@20563189{HTTP/1.1, (http/1.1)}{0.0.0.0:0}
2022-02-08 12:43:14,799 [Listener at 127.0.0.1/43683] INFO  server.session (HouseKeeper.java:stopScavenging(149)) - node0 Stopped scavenging
2022-02-08 12:43:14,799 [Listener at 127.0.0.1/43683] INFO  handler.ContextHandler (ContextHandler.java:doStop(1153)) - Stopped o.e.j.s.ServletContextHandler@1ccc0ed1{static,/static,jar:file:/home/runner/.m2/repository/org/apache/ozone/hdds-container-service/1.3.0-SNAPSHOT/hdds-container-service-1.3.0-SNAPSHOT.jar!/webapps/static,STOPPED}
2022-02-08 12:43:14,799 [Listener at 127.0.0.1/43683] INFO  handler.ContextHandler (ContextHandler.java:doStop(1153)) - Stopped o.e.j.s.ServletContextHandler@6366ffb0{logs,/logs,file:///home/runner/work/ozone/ozone/hadoop-ozone/integration-test/target/log,STOPPED}
2022-02-08 12:43:14,804 [Listener at 127.0.0.1/43683] WARN  impl.MetricRegistriesImpl (MetricRegistriesImpl.java:addReporterRegistration(111)) - New reporters are added after registries were created. Some metrics will be missing from the reporter. Please add reporter before adding any new registry.
2022-02-08 12:43:14,804 [Listener at 127.0.0.1/43683] WARN  impl.MetricRegistriesImpl (MetricRegistriesImpl.java:addReporterRegistration(111)) - New reporters are added after registries were created. Some metrics will be missing from the reporter. Please add reporter before adding any new registry.
2022-02-08 12:43:14,806 [Listener at 127.0.0.1/43683] WARN  impl.MetricsConfig (MetricsConfig.java:loadFirst(136)) - Cannot locate configuration: tried hadoop-metrics2-hddsdatanode.properties,hadoop-metrics2.properties
2022-02-08 12:43:14,807 [Listener at 127.0.0.1/43683] INFO  impl.MetricsSystemImpl (MetricsSystemImpl.java:startTimer(378)) - Scheduled Metric snapshot period at 10 second(s).
2022-02-08 12:43:14,807 [Listener at 127.0.0.1/43683] INFO  impl.MetricsSystemImpl (MetricsSystemImpl.java:start(191)) - HddsDatanode metrics system started
2022-02-08 12:43:14,876 [Listener at 127.0.0.1/43683] INFO  impl.MetricsSinkAdapter (MetricsSinkAdapter.java:start(204)) - Sink prometheus started
2022-02-08 12:43:14,876 [Listener at 127.0.0.1/43683] INFO  impl.MetricsSystemImpl (MetricsSystemImpl.java:registerSink(305)) - Registered sink prometheus
2022-02-08 12:43:15,037 [Listener at 127.0.0.1/43683] INFO  ozone.HddsDatanodeService (HddsDatanodeService.java:start(234)) - HddsDatanodeService host:fv-az122-430.zf1tlrj3kn4expqppa1j4mpycf.xx.internal.cloudapp.net ip:10.1.0.54
2022-02-08 12:43:15,118 [Listener at 127.0.0.1/43683] INFO  upgrade.AbstractLayoutVersionManager (AbstractLayoutVersionManager.java:init(79)) - Initializing Layout version manager with metadata layout = SCM_HA (version = 2), software layout = SCM_HA (version = 2)
2022-02-08 12:43:15,176 [EndpointStateMachine task thread for /0.0.0.0:39327 - 0 ] INFO  ipc.Client (Client.java:handleConnectionFailure(977)) - Retrying connect to server: 0.0.0.0/0.0.0.0:39327. Already tried 9 time(s); retry policy is RetryUpToMaximumCountWithFixedSleep(maxRetries=15, sleepTime=1000 MILLISECONDS)
2022-02-08 12:43:15,238 [Listener at 127.0.0.1/43683] INFO  reflections.Reflections (Reflections.java:scan(232)) - Reflections took 119 ms to scan 7 urls, producing 119 keys and 279 values 
2022-02-08 12:43:15,240 [Listener at 127.0.0.1/43683] INFO  statemachine.DatanodeStateMachine (DatanodeStateMachine.java:getEndPointTaskThreadPoolSize(222)) - Datanode State Machine Task Thread Pool size 2
2022-02-08 12:43:15,265 [Listener at 127.0.0.1/43683] INFO  volume.HddsVolume (HddsVolume.java:<init>(120)) - Creating HddsVolume: /home/runner/work/ozone/ozone/hadoop-ozone/integration-test/target/test-dir/MiniOzoneClusterImpl-d9fbf9ff-2b62-4fa3-b93a-ae8b8ac18067/datanode-0/data-0/containers/hdds of storage type : DISK capacity : 9223372036854775807
2022-02-08 12:43:15,266 [Listener at 127.0.0.1/43683] INFO  volume.MutableVolumeSet (MutableVolumeSet.java:initializeVolumeSet(168)) - Added Volume : /home/runner/work/ozone/ozone/hadoop-ozone/integration-test/target/test-dir/MiniOzoneClusterImpl-d9fbf9ff-2b62-4fa3-b93a-ae8b8ac18067/datanode-0/data-0/containers/hdds to VolumeSet
2022-02-08 12:43:15,266 [Listener at 127.0.0.1/43683] INFO  volume.ThrottledAsyncChecker (ThrottledAsyncChecker.java:schedule(141)) - Scheduling a check for /home/runner/work/ozone/ozone/hadoop-ozone/integration-test/target/test-dir/MiniOzoneClusterImpl-d9fbf9ff-2b62-4fa3-b93a-ae8b8ac18067/datanode-0/data-0/containers/hdds
2022-02-08 12:43:15,306 [Listener at 127.0.0.1/43683] INFO  volume.StorageVolumeChecker (StorageVolumeChecker.java:checkAllVolumes(202)) - Scheduled health check for volume /home/runner/work/ozone/ozone/hadoop-ozone/integration-test/target/test-dir/MiniOzoneClusterImpl-d9fbf9ff-2b62-4fa3-b93a-ae8b8ac18067/datanode-0/data-0/containers/hdds
2022-02-08 12:43:15,358 [Listener at 127.0.0.1/43683] INFO  volume.MutableVolumeSet (MutableVolumeSet.java:initializeVolumeSet(168)) - Added Volume : /home/runner/work/ozone/ozone/hadoop-ozone/integration-test/target/test-dir/MiniOzoneClusterImpl-d9fbf9ff-2b62-4fa3-b93a-ae8b8ac18067/datanode-0/data/ratis to VolumeSet
2022-02-08 12:43:15,359 [Listener at 127.0.0.1/43683] INFO  volume.ThrottledAsyncChecker (ThrottledAsyncChecker.java:schedule(141)) - Scheduling a check for /home/runner/work/ozone/ozone/hadoop-ozone/integration-test/target/test-dir/MiniOzoneClusterImpl-d9fbf9ff-2b62-4fa3-b93a-ae8b8ac18067/datanode-0/data/ratis
2022-02-08 12:43:15,366 [Listener at 127.0.0.1/43683] INFO  volume.StorageVolumeChecker (StorageVolumeChecker.java:checkAllVolumes(202)) - Scheduled health check for volume /home/runner/work/ozone/ozone/hadoop-ozone/integration-test/target/test-dir/MiniOzoneClusterImpl-d9fbf9ff-2b62-4fa3-b93a-ae8b8ac18067/datanode-0/data/ratis
2022-02-08 12:43:15,421 [Thread-707] INFO  ozoneimpl.ContainerReader (ContainerReader.java:readVolume(142)) - Start to verify containers on volume /home/runner/work/ozone/ozone/hadoop-ozone/integration-test/target/test-dir/MiniOzoneClusterImpl-d9fbf9ff-2b62-4fa3-b93a-ae8b8ac18067/datanode-0/data-0/containers/hdds
2022-02-08 12:43:15,422 [Thread-707] INFO  ozoneimpl.ContainerReader (ContainerReader.java:readVolume(172)) - Finish verifying containers on volume /home/runner/work/ozone/ozone/hadoop-ozone/integration-test/target/test-dir/MiniOzoneClusterImpl-d9fbf9ff-2b62-4fa3-b93a-ae8b8ac18067/datanode-0/data-0/containers/hdds
2022-02-08 12:43:15,422 [Listener at 127.0.0.1/43683] INFO  ozoneimpl.OzoneContainer (OzoneContainer.java:buildContainerSet(237)) - Build ContainerSet costs 0s
2022-02-08 12:43:15,428 [Listener at 127.0.0.1/43683] INFO  server.RaftServer (ConfUtils.java:logGet(44)) - raft.rpc.type = GRPC (default)
2022-02-08 12:43:15,434 [Listener at 127.0.0.1/43683] INFO  grpc.GrpcFactory (GrpcFactory.java:checkPooledByteBufAllocatorUseCacheForAllThreads(48)) - PERFORMANCE WARNING: useCacheForAllThreads is true that may cause Netty to create a lot garbage objects and, as a result, trigger GC.
	It is recommended to disable useCacheForAllThreads by setting -Dorg.apache.ratis.thirdparty.io.netty.allocator.useCacheForAllThreads=false in command line.
2022-02-08 12:43:15,434 [Listener at 127.0.0.1/43683] INFO  grpc.GrpcConfigKeys (ConfUtils.java:logGet(44)) - raft.grpc.admin.port = 35129 (custom)
2022-02-08 12:43:15,434 [Listener at 127.0.0.1/43683] INFO  grpc.GrpcConfigKeys (ConfUtils.java:logGet(44)) - raft.grpc.client.port = 35129 (custom)
2022-02-08 12:43:15,434 [Listener at 127.0.0.1/43683] INFO  grpc.GrpcConfigKeys (ConfUtils.java:logGet(44)) - raft.grpc.server.port = 35129 (custom)
2022-02-08 12:43:15,435 [Listener at 127.0.0.1/43683] INFO  server.GrpcService (ConfUtils.java:logGet(44)) - raft.grpc.message.size.max = 32MB (=33554432) (custom)
2022-02-08 12:43:15,435 [Listener at 127.0.0.1/43683] INFO  server.RaftServerConfigKeys (ConfUtils.java:logGet(44)) - raft.server.log.appender.buffer.byte-limit = 33554432 (custom)
2022-02-08 12:43:15,435 [Listener at 127.0.0.1/43683] INFO  server.GrpcService (ConfUtils.java:logGet(44)) - raft.grpc.flow.control.window = 5MB (=5242880) (custom)
2022-02-08 12:43:15,435 [Listener at 127.0.0.1/43683] INFO  server.RaftServerConfigKeys (ConfUtils.java:logGet(44)) - raft.server.rpc.request.timeout = 60s (custom)
2022-02-08 12:43:15,445 [Listener at 127.0.0.1/43683] INFO  impl.DataStreamServerImpl (ConfUtils.java:logGet(44)) - raft.datastream.type = DISABLED (default)
2022-02-08 12:43:15,446 [Listener at 127.0.0.1/43683] INFO  server.RaftServerConfigKeys (ConfUtils.java:logGet(44)) - raft.server.rpc.slowness.timeout = 300s (custom)
2022-02-08 12:43:15,446 [Listener at 127.0.0.1/43683] INFO  server.RaftServerConfigKeys (ConfUtils.java:logGet(44)) - raft.server.leaderelection.leader.step-down.wait-time = 10s (default)
2022-02-08 12:43:15,446 [Listener at 127.0.0.1/43683] INFO  server.RaftServerConfigKeys (ConfUtils.java:logGet(44)) - raft.server.storage.dir = [/home/runner/work/ozone/ozone/hadoop-ozone/integration-test/target/test-dir/MiniOzoneClusterImpl-d9fbf9ff-2b62-4fa3-b93a-ae8b8ac18067/datanode-0/data/ratis] (custom)
2022-02-08 12:43:15,446 [Listener at 127.0.0.1/43683] INFO  server.RaftServer (RaftServerProxy.java:lambda$null$1(235)) - 2bb38a5d-0509-4181-8b7b-057f495cfd4a: found a subdirectory /home/runner/work/ozone/ozone/hadoop-ozone/integration-test/target/test-dir/MiniOzoneClusterImpl-d9fbf9ff-2b62-4fa3-b93a-ae8b8ac18067/datanode-0/data/ratis/11834e7a-92ed-43f2-b9d8-885a5af52b02
2022-02-08 12:43:15,457 [Listener at 127.0.0.1/43683] INFO  server.RaftServer (RaftServerProxy.java:addNew(95)) - 2bb38a5d-0509-4181-8b7b-057f495cfd4a: addNew group-885A5AF52B02:[] returns group-885A5AF52B02:java.util.concurrent.CompletableFuture@2f8dd066[Not completed]
2022-02-08 12:43:15,458 [Listener at 127.0.0.1/43683] INFO  server.RaftServer (RaftServerProxy.java:lambda$null$1(235)) - 2bb38a5d-0509-4181-8b7b-057f495cfd4a: found a subdirectory /home/runner/work/ozone/ozone/hadoop-ozone/integration-test/target/test-dir/MiniOzoneClusterImpl-d9fbf9ff-2b62-4fa3-b93a-ae8b8ac18067/datanode-0/data/ratis/d8efb69f-84a5-4573-805f-c0dc1d3c2ae8
2022-02-08 12:43:15,458 [Listener at 127.0.0.1/43683] INFO  server.RaftServer (RaftServerProxy.java:addNew(95)) - 2bb38a5d-0509-4181-8b7b-057f495cfd4a: addNew group-C0DC1D3C2AE8:[] returns group-C0DC1D3C2AE8:java.util.concurrent.CompletableFuture@7eb8273a[Not completed]
2022-02-08 12:43:15,461 [pool-310-thread-1] INFO  server.RaftServer$Division (RaftServerImpl.java:<init>(184)) - 2bb38a5d-0509-4181-8b7b-057f495cfd4a: new RaftServerImpl for group-885A5AF52B02:[] with ContainerStateMachine:uninitialized
2022-02-08 12:43:15,461 [Listener at 127.0.0.1/43683] INFO  server.XceiverServerGrpc (XceiverServerGrpc.java:<init>(132)) - GrpcServer channel type EpollServerSocketChannel
2022-02-08 12:43:15,482 [pool-310-thread-1] INFO  server.RaftServerConfigKeys (ConfUtils.java:logGet(44)) - raft.server.rpc.timeout.min = 5s (custom)
2022-02-08 12:43:15,482 [pool-310-thread-1] INFO  server.RaftServerConfigKeys (ConfUtils.java:logGet(44)) - raft.server.rpc.timeout.max = 5200ms (custom)
2022-02-08 12:43:15,483 [pool-310-thread-1] INFO  server.RaftServerConfigKeys (ConfUtils.java:logGet(44)) - raft.server.rpc.sleep.time = 25ms (default)
2022-02-08 12:43:15,483 [pool-310-thread-1] INFO  server.RaftServerConfigKeys (ConfUtils.java:logGet(44)) - raft.server.rpc.slowness.timeout = 300s (custom)
2022-02-08 12:43:15,483 [pool-310-thread-1] INFO  server.RaftServerConfigKeys (ConfUtils.java:logGet(44)) - raft.server.leaderelection.leader.step-down.wait-time = 10s (default)
2022-02-08 12:43:15,483 [pool-310-thread-1] INFO  server.RaftServerConfigKeys (ConfUtils.java:logGet(44)) - raft.server.sleep.deviation.threshold = 300ms (default)
2022-02-08 12:43:15,483 [pool-310-thread-1] INFO  server.RaftServerConfigKeys (ConfUtils.java:logGet(44)) - raft.server.log.appender.install.snapshot.enabled = false (custom)
2022-02-08 12:43:15,483 [pool-310-thread-1] INFO  server.RaftServer$Division (ServerState.java:<init>(105)) - 2bb38a5d-0509-4181-8b7b-057f495cfd4a@group-885A5AF52B02: ConfigurationManager, init=-1: [], old=null, confs=<EMPTY_MAP>
2022-02-08 12:43:15,483 [pool-310-thread-1] INFO  server.RaftServerConfigKeys (ConfUtils.java:logGet(44)) - raft.server.storage.dir = [/home/runner/work/ozone/ozone/hadoop-ozone/integration-test/target/test-dir/MiniOzoneClusterImpl-d9fbf9ff-2b62-4fa3-b93a-ae8b8ac18067/datanode-0/data/ratis] (custom)
2022-02-08 12:43:15,483 [pool-310-thread-1] INFO  server.RaftServerConfigKeys (ConfUtils.java:logGet(44)) - raft.server.log.corruption.policy = EXCEPTION (default)
2022-02-08 12:43:15,483 [pool-310-thread-1] INFO  server.RaftServerConfigKeys (ConfUtils.java:logGet(44)) - raft.server.storage.free-space.min = 0MB (=0) (default)
2022-02-08 12:43:15,485 [Listener at 127.0.0.1/43683] INFO  http.BaseHttpServer (BaseHttpServer.java:newHttpServer2BuilderForOzone(209)) - Starting Web-server for hddsDatanode at: http://0.0.0.0:34049
2022-02-08 12:43:15,485 [Listener at 127.0.0.1/43683] INFO  http.BaseHttpServer (BaseHttpServer.java:<init>(107)) - Hadoop Security Enabled: false Ozone Security Enabled: false Ozone HTTP Security Enabled: false 
2022-02-08 12:43:15,486 [Listener at 127.0.0.1/43683] INFO  server.AuthenticationFilter (AuthenticationFilter.java:constructSecretProvider(240)) - Unable to initialize FileSignerSecretProvider, falling back to use random secrets.
2022-02-08 12:43:15,486 [pool-310-thread-1] INFO  storage.RaftStorageDirectory (RaftStorageDirectoryImpl.java:tryLock(230)) - Lock on /home/runner/work/ozone/ozone/hadoop-ozone/integration-test/target/test-dir/MiniOzoneClusterImpl-d9fbf9ff-2b62-4fa3-b93a-ae8b8ac18067/datanode-0/data/ratis/11834e7a-92ed-43f2-b9d8-885a5af52b02/in_use.lock acquired by nodename 23558@fv-az122-430
2022-02-08 12:43:15,487 [pool-310-thread-1] INFO  storage.RaftStorage (RaftStorageImpl.java:analyzeAndRecoverStorage(110)) - Read RaftStorageMetadata{term=10, votedFor=49948d64-f13f-4dea-ab4c-a99dcf6a29cc} from /home/runner/work/ozone/ozone/hadoop-ozone/integration-test/target/test-dir/MiniOzoneClusterImpl-d9fbf9ff-2b62-4fa3-b93a-ae8b8ac18067/datanode-0/data/ratis/11834e7a-92ed-43f2-b9d8-885a5af52b02/current/raft-meta
2022-02-08 12:43:15,518 [Listener at 127.0.0.1/43683] WARN  http.HttpRequestLog (HttpRequestLog.java:getRequestLog(103)) - Jetty request log can only be enabled using Log4j
2022-02-08 12:43:15,518 [pool-310-thread-1] INFO  ratis.ContainerStateMachine (ContainerStateMachine.java:loadSnapshot(240)) - group-885A5AF52B02: Setting the last applied index to (t:10, i:0)
2022-02-08 12:43:15,519 [Listener at 127.0.0.1/43683] INFO  http.HttpServer2 (HttpServer2.java:addGlobalFilter(1030)) - Added global filter 'safety' (class=org.apache.hadoop.hdds.server.http.HttpServer2$QuotingInputFilter)
2022-02-08 12:43:15,519 [Listener at 127.0.0.1/43683] INFO  http.HttpServer2 (HttpServer2.java:addFilter(1006)) - Added filter static_user_filter (class=org.apache.hadoop.http.lib.StaticUserWebFilter$StaticUserFilter) to context hddsDatanode
2022-02-08 12:43:15,520 [Listener at 127.0.0.1/43683] INFO  http.HttpServer2 (HttpServer2.java:addFilter(1014)) - Added filter static_user_filter (class=org.apache.hadoop.http.lib.StaticUserWebFilter$StaticUserFilter) to context static
2022-02-08 12:43:15,520 [Listener at 127.0.0.1/43683] INFO  http.HttpServer2 (HttpServer2.java:addFilter(1014)) - Added filter static_user_filter (class=org.apache.hadoop.http.lib.StaticUserWebFilter$StaticUserFilter) to context logs
2022-02-08 12:43:15,520 [pool-310-thread-1] INFO  server.RaftServer$Division (ServerState.java:setRaftConf(387)) - 2bb38a5d-0509-4181-8b7b-057f495cfd4a@group-885A5AF52B02: set configuration 0: [2bb38a5d-0509-4181-8b7b-057f495cfd4a|rpc:10.1.0.54:35129|dataStream:|priority:0, ddfda897-e03d-4d19-9b1c-17acf61c97d5|rpc:10.1.0.54:45499|dataStream:|priority:0, 49948d64-f13f-4dea-ab4c-a99dcf6a29cc|rpc:10.1.0.54:40329|dataStream:|priority:1], old=null
2022-02-08 12:43:15,520 [Listener at 127.0.0.1/43683] INFO  http.HttpServer2 (HttpServer2.java:bindListener(1249)) - Jetty bound to port 34049
2022-02-08 12:43:15,520 [Listener at 127.0.0.1/43683] INFO  server.Server (Server.java:doStart(375)) - jetty-9.4.43.v20210629; built: 2021-06-30T11:07:22.254Z; git: 526006ecfa3af7f1a27ef3a288e2bef7ea9dd7e8; jvm 1.8.0_312-b07
2022-02-08 12:43:15,522 [pool-310-thread-1] INFO  server.RaftServerConfigKeys (ConfUtils.java:logGet(44)) - raft.server.notification.no-leader.timeout = 300s (custom)
2022-02-08 12:43:15,522 [pool-310-thread-1] INFO  server.RaftServerConfigKeys (ConfUtils.java:logGet(44)) - raft.server.log.use.memory = false (default)
2022-02-08 12:43:15,522 [pool-310-thread-1] INFO  server.RaftServerConfigKeys (ConfUtils.java:logGet(44)) - raft.server.log.purge.gap = 1000000 (custom)
2022-02-08 12:43:15,549 [pool-310-thread-1] INFO  server.RaftServerConfigKeys (ConfUtils.java:logGet(44)) - raft.server.log.appender.buffer.byte-limit = 33554432 (custom)
2022-02-08 12:43:15,549 [pool-310-thread-1] INFO  server.RaftServerConfigKeys (ConfUtils.java:logGet(44)) - raft.server.log.segment.size.max = 1048576 (custom)
2022-02-08 12:43:15,550 [pool-310-thread-1] INFO  server.RaftServerConfigKeys (ConfUtils.java:logGet(44)) - raft.server.log.segment.cache.num.max = 2 (custom)
2022-02-08 12:43:15,550 [pool-310-thread-1] INFO  server.RaftServerConfigKeys (ConfUtils.java:logGet(44)) - raft.server.log.segment.cache.size.max = 200MB (=209715200) (default)
2022-02-08 12:43:15,550 [pool-310-thread-1] INFO  segmented.SegmentedRaftLogWorker (SegmentedRaftLogWorker.java:<init>(182)) - new 2bb38a5d-0509-4181-8b7b-057f495cfd4a@group-885A5AF52B02-SegmentedRaftLogWorker for RaftStorageImpl:Storage Directory /home/runner/work/ozone/ozone/hadoop-ozone/integration-test/target/test-dir/MiniOzoneClusterImpl-d9fbf9ff-2b62-4fa3-b93a-ae8b8ac18067/datanode-0/data/ratis/11834e7a-92ed-43f2-b9d8-885a5af52b02
2022-02-08 12:43:15,550 [pool-310-thread-1] INFO  server.RaftServerConfigKeys (ConfUtils.java:logGet(44)) - raft.server.log.queue.byte-limit = 2147483647 (custom)
2022-02-08 12:43:15,550 [pool-310-thread-1] INFO  server.RaftServerConfigKeys (ConfUtils.java:logGet(44)) - raft.server.log.queue.element-limit = 1024 (custom)
2022-02-08 12:43:15,550 [pool-310-thread-1] INFO  server.RaftServerConfigKeys (ConfUtils.java:logGet(44)) - raft.server.log.segment.size.max = 1048576 (custom)
2022-02-08 12:43:15,550 [pool-310-thread-1] INFO  server.RaftServerConfigKeys (ConfUtils.java:logGet(44)) - raft.server.log.preallocated.size = 16384 (custom)
2022-02-08 12:43:15,550 [pool-310-thread-1] INFO  server.RaftServerConfigKeys (ConfUtils.java:logGet(44)) - raft.server.log.force.sync.num = 128 (default)
2022-02-08 12:43:15,550 [pool-310-thread-1] INFO  server.RaftServerConfigKeys (ConfUtils.java:logGet(44)) - raft.server.log.statemachine.data.sync = true (default)
2022-02-08 12:43:15,550 [pool-310-thread-1] INFO  server.RaftServerConfigKeys (ConfUtils.java:logGet(44)) - raft.server.log.statemachine.data.sync.timeout = 10s (default)
2022-02-08 12:43:15,550 [pool-310-thread-1] INFO  server.RaftServerConfigKeys (ConfUtils.java:logGet(44)) - raft.server.log.statemachine.data.sync.timeout.retry = -1 (default)
2022-02-08 12:43:15,551 [pool-310-thread-1] INFO  server.RaftServerConfigKeys (ConfUtils.java:logGet(44)) - raft.server.log.write.buffer.size = 1048576 (custom)
2022-02-08 12:43:15,552 [pool-310-thread-1] INFO  server.RaftServerConfigKeys (ConfUtils.java:logGet(44)) - raft.server.log.statemachine.data.caching.enabled = true (custom)
2022-02-08 12:43:15,553 [pool-310-thread-1] INFO  server.RaftServer$Division (ServerState.java:setRaftConf(387)) - 2bb38a5d-0509-4181-8b7b-057f495cfd4a@group-885A5AF52B02: set configuration 0: [2bb38a5d-0509-4181-8b7b-057f495cfd4a|rpc:10.1.0.54:35129|dataStream:|priority:0, ddfda897-e03d-4d19-9b1c-17acf61c97d5|rpc:10.1.0.54:45499|dataStream:|priority:0, 49948d64-f13f-4dea-ab4c-a99dcf6a29cc|rpc:10.1.0.54:40329|dataStream:|priority:1], old=null
2022-02-08 12:43:15,565 [pool-310-thread-1] INFO  segmented.LogSegment (LogSegment.java:loadSegment(173)) - Successfully read 1 entries from segment file /home/runner/work/ozone/ozone/hadoop-ozone/integration-test/target/test-dir/MiniOzoneClusterImpl-d9fbf9ff-2b62-4fa3-b93a-ae8b8ac18067/datanode-0/data/ratis/11834e7a-92ed-43f2-b9d8-885a5af52b02/current/log_inprogress_0
2022-02-08 12:43:15,566 [pool-310-thread-1] INFO  segmented.SegmentedRaftLogWorker (SegmentedRaftLogWorker.java:lambda$new$0(133)) - 2bb38a5d-0509-4181-8b7b-057f495cfd4a@group-885A5AF52B02-SegmentedRaftLogWorker: flushIndex: setUnconditionally 0 -> 0
2022-02-08 12:43:15,566 [pool-310-thread-1] INFO  segmented.SegmentedRaftLogWorker (SegmentedRaftLogWorker.java:lambda$new$0(133)) - 2bb38a5d-0509-4181-8b7b-057f495cfd4a@group-885A5AF52B02-SegmentedRaftLogWorker: safeCacheEvictIndex: setUnconditionally 0 -> -1
2022-02-08 12:43:15,622 [Listener at 127.0.0.1/43683] INFO  server.session (DefaultSessionIdManager.java:doStart(334)) - DefaultSessionIdManager workerName=node0
2022-02-08 12:43:15,622 [Listener at 127.0.0.1/43683] INFO  server.session (DefaultSessionIdManager.java:doStart(339)) - No SessionScavenger set, using defaults
2022-02-08 12:43:15,622 [Listener at 127.0.0.1/43683] INFO  server.session (HouseKeeper.java:startScavenging(132)) - node0 Scavenging every 660000ms
2022-02-08 12:43:15,627 [Listener at 127.0.0.1/43683] INFO  handler.ContextHandler (ContextHandler.java:doStart(915)) - Started o.e.j.s.ServletContextHandler@524694e{logs,/logs,file:///home/runner/work/ozone/ozone/hadoop-ozone/integration-test/target/log,AVAILABLE}
2022-02-08 12:43:15,627 [Listener at 127.0.0.1/43683] INFO  handler.ContextHandler (ContextHandler.java:doStart(915)) - Started o.e.j.s.ServletContextHandler@4e777110{static,/static,jar:file:/home/runner/.m2/repository/org/apache/ozone/hdds-container-service/1.3.0-SNAPSHOT/hdds-container-service-1.3.0-SNAPSHOT.jar!/webapps/static,AVAILABLE}
2022-02-08 12:43:15,638 [pool-310-thread-1] INFO  server.RaftServerConfigKeys (ConfUtils.java:logGet(44)) - raft.server.snapshot.auto.trigger.enabled = true (custom)
2022-02-08 12:43:15,638 [pool-310-thread-1] INFO  server.RaftServerConfigKeys (ConfUtils.java:logGet(44)) - raft.server.snapshot.auto.trigger.threshold = 10000 (custom)
2022-02-08 12:43:15,638 [pool-310-thread-1] INFO  server.RaftServerConfigKeys (ConfUtils.java:logGet(44)) - raft.server.snapshot.retention.file.num = 5 (custom)
2022-02-08 12:43:15,638 [pool-310-thread-1] INFO  server.RaftServerConfigKeys (ConfUtils.java:logGet(44)) - raft.server.log.purge.upto.snapshot.index = false (default)
2022-02-08 12:43:15,638 [pool-310-thread-1] INFO  server.RaftServerConfigKeys (ConfUtils.java:logGet(44)) - raft.server.retrycache.expirytime = 600000ms (custom)
2022-02-08 12:43:15,638 [pool-310-thread-1] INFO  server.RaftServerConfigKeys (ConfUtils.java:logGet(44)) - raft.server.retrycache.statistics.expirytime = 100μs (default)
2022-02-08 12:43:15,641 [pool-310-thread-1] INFO  server.RaftServer$Division (RaftServerImpl.java:<init>(184)) - 2bb38a5d-0509-4181-8b7b-057f495cfd4a: new RaftServerImpl for group-C0DC1D3C2AE8:[] with ContainerStateMachine:uninitialized
2022-02-08 12:43:15,641 [pool-310-thread-1] INFO  server.RaftServerConfigKeys (ConfUtils.java:logGet(44)) - raft.server.rpc.timeout.min = 5s (custom)
2022-02-08 12:43:15,641 [pool-310-thread-1] INFO  server.RaftServerConfigKeys (ConfUtils.java:logGet(44)) - raft.server.rpc.timeout.max = 5200ms (custom)
2022-02-08 12:43:15,641 [pool-310-thread-1] INFO  server.RaftServerConfigKeys (ConfUtils.java:logGet(44)) - raft.server.rpc.sleep.time = 25ms (default)
2022-02-08 12:43:15,641 [pool-310-thread-1] INFO  server.RaftServerConfigKeys (ConfUtils.java:logGet(44)) - raft.server.rpc.slowness.timeout = 300s (custom)
2022-02-08 12:43:15,641 [pool-310-thread-1] INFO  server.RaftServerConfigKeys (ConfUtils.java:logGet(44)) - raft.server.leaderelection.leader.step-down.wait-time = 10s (default)
2022-02-08 12:43:15,641 [pool-310-thread-1] INFO  server.RaftServerConfigKeys (ConfUtils.java:logGet(44)) - raft.server.sleep.deviation.threshold = 300ms (default)
2022-02-08 12:43:15,644 [pool-310-thread-1] INFO  server.RaftServerConfigKeys (ConfUtils.java:logGet(44)) - raft.server.log.appender.install.snapshot.enabled = false (custom)
2022-02-08 12:43:15,644 [pool-310-thread-1] INFO  server.RaftServer$Division (ServerState.java:<init>(105)) - 2bb38a5d-0509-4181-8b7b-057f495cfd4a@group-C0DC1D3C2AE8: ConfigurationManager, init=-1: [], old=null, confs=<EMPTY_MAP>
2022-02-08 12:43:15,644 [pool-310-thread-1] INFO  server.RaftServerConfigKeys (ConfUtils.java:logGet(44)) - raft.server.storage.dir = [/home/runner/work/ozone/ozone/hadoop-ozone/integration-test/target/test-dir/MiniOzoneClusterImpl-d9fbf9ff-2b62-4fa3-b93a-ae8b8ac18067/datanode-0/data/ratis] (custom)
2022-02-08 12:43:15,644 [pool-310-thread-1] INFO  server.RaftServerConfigKeys (ConfUtils.java:logGet(44)) - raft.server.log.corruption.policy = EXCEPTION (default)
2022-02-08 12:43:15,644 [pool-310-thread-1] INFO  server.RaftServerConfigKeys (ConfUtils.java:logGet(44)) - raft.server.storage.free-space.min = 0MB (=0) (default)
2022-02-08 12:43:15,645 [pool-310-thread-1] INFO  storage.RaftStorageDirectory (RaftStorageDirectoryImpl.java:tryLock(230)) - Lock on /home/runner/work/ozone/ozone/hadoop-ozone/integration-test/target/test-dir/MiniOzoneClusterImpl-d9fbf9ff-2b62-4fa3-b93a-ae8b8ac18067/datanode-0/data/ratis/d8efb69f-84a5-4573-805f-c0dc1d3c2ae8/in_use.lock acquired by nodename 23558@fv-az122-430
2022-02-08 12:43:15,646 [pool-310-thread-1] INFO  storage.RaftStorage (RaftStorageImpl.java:analyzeAndRecoverStorage(110)) - Read RaftStorageMetadata{term=1, votedFor=2bb38a5d-0509-4181-8b7b-057f495cfd4a} from /home/runner/work/ozone/ozone/hadoop-ozone/integration-test/target/test-dir/MiniOzoneClusterImpl-d9fbf9ff-2b62-4fa3-b93a-ae8b8ac18067/datanode-0/data/ratis/d8efb69f-84a5-4573-805f-c0dc1d3c2ae8/current/raft-meta
2022-02-08 12:43:15,646 [pool-310-thread-1] INFO  ratis.ContainerStateMachine (ContainerStateMachine.java:loadSnapshot(240)) - group-C0DC1D3C2AE8: Setting the last applied index to (t:1, i:0)
2022-02-08 12:43:15,650 [pool-310-thread-1] INFO  server.RaftServer$Division (ServerState.java:setRaftConf(387)) - 2bb38a5d-0509-4181-8b7b-057f495cfd4a@group-C0DC1D3C2AE8: set configuration 0: [2bb38a5d-0509-4181-8b7b-057f495cfd4a|rpc:10.1.0.54:35129|dataStream:|priority:1], old=null
2022-02-08 12:43:15,650 [pool-310-thread-1] INFO  server.RaftServerConfigKeys (ConfUtils.java:logGet(44)) - raft.server.notification.no-leader.timeout = 300s (custom)
2022-02-08 12:43:15,650 [pool-310-thread-1] INFO  server.RaftServerConfigKeys (ConfUtils.java:logGet(44)) - raft.server.log.use.memory = false (default)
2022-02-08 12:43:15,650 [pool-310-thread-1] INFO  server.RaftServerConfigKeys (ConfUtils.java:logGet(44)) - raft.server.log.purge.gap = 1000000 (custom)
2022-02-08 12:43:15,650 [pool-310-thread-1] INFO  server.RaftServerConfigKeys (ConfUtils.java:logGet(44)) - raft.server.log.appender.buffer.byte-limit = 33554432 (custom)
2022-02-08 12:43:15,652 [pool-310-thread-1] INFO  server.RaftServerConfigKeys (ConfUtils.java:logGet(44)) - raft.server.log.segment.size.max = 1048576 (custom)
2022-02-08 12:43:15,652 [pool-310-thread-1] INFO  server.RaftServerConfigKeys (ConfUtils.java:logGet(44)) - raft.server.log.segment.cache.num.max = 2 (custom)
2022-02-08 12:43:15,652 [pool-310-thread-1] INFO  server.RaftServerConfigKeys (ConfUtils.java:logGet(44)) - raft.server.log.segment.cache.size.max = 200MB (=209715200) (default)
2022-02-08 12:43:15,652 [pool-310-thread-1] INFO  segmented.SegmentedRaftLogWorker (SegmentedRaftLogWorker.java:<init>(182)) - new 2bb38a5d-0509-4181-8b7b-057f495cfd4a@group-C0DC1D3C2AE8-SegmentedRaftLogWorker for RaftStorageImpl:Storage Directory /home/runner/work/ozone/ozone/hadoop-ozone/integration-test/target/test-dir/MiniOzoneClusterImpl-d9fbf9ff-2b62-4fa3-b93a-ae8b8ac18067/datanode-0/data/ratis/d8efb69f-84a5-4573-805f-c0dc1d3c2ae8
2022-02-08 12:43:15,653 [pool-310-thread-1] INFO  server.RaftServerConfigKeys (ConfUtils.java:logGet(44)) - raft.server.log.queue.byte-limit = 2147483647 (custom)
2022-02-08 12:43:15,653 [pool-310-thread-1] INFO  server.RaftServerConfigKeys (ConfUtils.java:logGet(44)) - raft.server.log.queue.element-limit = 1024 (custom)
2022-02-08 12:43:15,653 [pool-310-thread-1] INFO  server.RaftServerConfigKeys (ConfUtils.java:logGet(44)) - raft.server.log.segment.size.max = 1048576 (custom)
2022-02-08 12:43:15,653 [pool-310-thread-1] INFO  server.RaftServerConfigKeys (ConfUtils.java:logGet(44)) - raft.server.log.preallocated.size = 16384 (custom)
2022-02-08 12:43:15,656 [pool-310-thread-1] INFO  server.RaftServerConfigKeys (ConfUtils.java:logGet(44)) - raft.server.log.force.sync.num = 128 (default)
2022-02-08 12:43:15,656 [pool-310-thread-1] INFO  server.RaftServerConfigKeys (ConfUtils.java:logGet(44)) - raft.server.log.statemachine.data.sync = true (default)
2022-02-08 12:43:15,657 [pool-310-thread-1] INFO  server.RaftServerConfigKeys (ConfUtils.java:logGet(44)) - raft.server.log.statemachine.data.sync.timeout = 10s (default)
2022-02-08 12:43:15,658 [pool-310-thread-1] INFO  server.RaftServerConfigKeys (ConfUtils.java:logGet(44)) - raft.server.log.statemachine.data.sync.timeout.retry = -1 (default)
2022-02-08 12:43:15,662 [pool-310-thread-1] INFO  server.RaftServerConfigKeys (ConfUtils.java:logGet(44)) - raft.server.log.write.buffer.size = 1048576 (custom)
2022-02-08 12:43:15,663 [pool-310-thread-1] INFO  server.RaftServerConfigKeys (ConfUtils.java:logGet(44)) - raft.server.log.statemachine.data.caching.enabled = true (custom)
2022-02-08 12:43:15,664 [pool-310-thread-1] INFO  server.RaftServer$Division (ServerState.java:setRaftConf(387)) - 2bb38a5d-0509-4181-8b7b-057f495cfd4a@group-C0DC1D3C2AE8: set configuration 0: [2bb38a5d-0509-4181-8b7b-057f495cfd4a|rpc:10.1.0.54:35129|dataStream:|priority:1], old=null
2022-02-08 12:43:15,664 [pool-310-thread-1] INFO  segmented.LogSegment (LogSegment.java:loadSegment(173)) - Successfully read 1 entries from segment file /home/runner/work/ozone/ozone/hadoop-ozone/integration-test/target/test-dir/MiniOzoneClusterImpl-d9fbf9ff-2b62-4fa3-b93a-ae8b8ac18067/datanode-0/data/ratis/d8efb69f-84a5-4573-805f-c0dc1d3c2ae8/current/log_inprogress_0
2022-02-08 12:43:15,664 [pool-310-thread-1] INFO  segmented.SegmentedRaftLogWorker (SegmentedRaftLogWorker.java:lambda$new$0(133)) - 2bb38a5d-0509-4181-8b7b-057f495cfd4a@group-C0DC1D3C2AE8-SegmentedRaftLogWorker: flushIndex: setUnconditionally 0 -> 0
2022-02-08 12:43:15,664 [pool-310-thread-1] INFO  segmented.SegmentedRaftLogWorker (SegmentedRaftLogWorker.java:lambda$new$0(133)) - 2bb38a5d-0509-4181-8b7b-057f495cfd4a@group-C0DC1D3C2AE8-SegmentedRaftLogWorker: safeCacheEvictIndex: setUnconditionally 0 -> -1
2022-02-08 12:43:15,674 [pool-310-thread-1] INFO  server.RaftServerConfigKeys (ConfUtils.java:logGet(44)) - raft.server.snapshot.auto.trigger.enabled = true (custom)
2022-02-08 12:43:15,674 [pool-310-thread-1] INFO  server.RaftServerConfigKeys (ConfUtils.java:logGet(44)) - raft.server.snapshot.auto.trigger.threshold = 10000 (custom)
2022-02-08 12:43:15,674 [pool-310-thread-1] INFO  server.RaftServerConfigKeys (ConfUtils.java:logGet(44)) - raft.server.snapshot.retention.file.num = 5 (custom)
2022-02-08 12:43:15,674 [pool-310-thread-1] INFO  server.RaftServerConfigKeys (ConfUtils.java:logGet(44)) - raft.server.log.purge.upto.snapshot.index = false (default)
2022-02-08 12:43:15,674 [pool-310-thread-1] INFO  server.RaftServerConfigKeys (ConfUtils.java:logGet(44)) - raft.server.retrycache.expirytime = 600000ms (custom)
2022-02-08 12:43:15,674 [pool-310-thread-1] INFO  server.RaftServerConfigKeys (ConfUtils.java:logGet(44)) - raft.server.retrycache.statistics.expirytime = 100μs (default)
2022-02-08 12:43:15,799 [Listener at 127.0.0.1/43683] INFO  handler.ContextHandler (ContextHandler.java:doStart(915)) - Started o.e.j.w.WebAppContext@620fad2a{hddsDatanode,/,file:///tmp/jetty-0_0_0_0-34049-hdds-container-service-1_3_0-SNAPSHOT_jar-_-any-1253796462950013086/webapp/,AVAILABLE}{jar:file:/home/runner/.m2/repository/org/apache/ozone/hdds-container-service/1.3.0-SNAPSHOT/hdds-container-service-1.3.0-SNAPSHOT.jar!/webapps/hddsDatanode}
2022-02-08 12:43:15,810 [Listener at 127.0.0.1/43683] INFO  server.AbstractConnector (AbstractConnector.java:doStart(331)) - Started ServerConnector@643215c7{HTTP/1.1, (http/1.1)}{0.0.0.0:34049}
2022-02-08 12:43:15,810 [Listener at 127.0.0.1/43683] INFO  server.Server (Server.java:doStart(415)) - Started @168909ms
2022-02-08 12:43:15,810 [Listener at 127.0.0.1/43683] WARN  impl.MetricsSystemImpl (MetricsSystemImpl.java:register(279)) - Sink prometheus already exists!
2022-02-08 12:43:15,811 [Listener at 127.0.0.1/43683] INFO  http.BaseHttpServer (BaseHttpServer.java:updateConnectorAddress(329)) - HTTP server of hddsDatanode listening at http://0.0.0.0:34049
2022-02-08 12:43:15,826 [Datanode State Machine Daemon Thread] INFO  statemachine.DatanodeStateMachine (DatanodeStateMachine.java:lambda$startDaemon$0(470)) - Ozone container server started.
2022-02-08 12:43:15,876 [org.apache.hadoop.util.JvmPauseMonitor$Monitor@409af1b4] INFO  util.JvmPauseMonitor (JvmPauseMonitor.java:run(188)) - Starting JVM pause monitor
2022-02-08 12:43:16,177 [EndpointStateMachine task thread for /0.0.0.0:39327 - 0 ] INFO  ipc.Client (Client.java:handleConnectionFailure(977)) - Retrying connect to server: 0.0.0.0/0.0.0.0:39327. Already tried 10 time(s); retry policy is RetryUpToMaximumCountWithFixedSleep(maxRetries=15, sleepTime=1000 MILLISECONDS)
2022-02-08 12:43:16,846 [grpc-default-executor-3] WARN  server.GrpcLogAppender (LogUtils.java:warn(122)) - 49948d64-f13f-4dea-ab4c-a99dcf6a29cc@group-885A5AF52B02->2bb38a5d-0509-4181-8b7b-057f495cfd4a-AppendLogResponseHandler: Failed appendEntries: org.apache.ratis.thirdparty.io.grpc.StatusRuntimeException: UNAVAILABLE: io exception
2022-02-08 12:43:16,847 [grpc-default-executor-3] WARN  server.GrpcLogAppender (GrpcLogAppender.java:resetClient(110)) - 49948d64-f13f-4dea-ab4c-a99dcf6a29cc@group-885A5AF52B02->2bb38a5d-0509-4181-8b7b-057f495cfd4a-GrpcLogAppender: Leader has not got in touch with Follower 49948d64-f13f-4dea-ab4c-a99dcf6a29cc@group-885A5AF52B02->2bb38a5d-0509-4181-8b7b-057f495cfd4a(c0,m0,n1, attendVote=true, lastRpcSendTime=2501, lastRpcResponseTime=7519) yet, just keep nextIndex unchanged and retry.
2022-02-08 12:43:17,177 [EndpointStateMachine task thread for /0.0.0.0:39327 - 0 ] INFO  ipc.Client (Client.java:handleConnectionFailure(977)) - Retrying connect to server: 0.0.0.0/0.0.0.0:39327. Already tried 11 time(s); retry policy is RetryUpToMaximumCountWithFixedSleep(maxRetries=15, sleepTime=1000 MILLISECONDS)
2022-02-08 12:43:18,179 [EndpointStateMachine task thread for /0.0.0.0:39327 - 0 ] INFO  ipc.Client (Client.java:handleConnectionFailure(977)) - Retrying connect to server: 0.0.0.0/0.0.0.0:39327. Already tried 12 time(s); retry policy is RetryUpToMaximumCountWithFixedSleep(maxRetries=15, sleepTime=1000 MILLISECONDS)
2022-02-08 12:43:19,180 [EndpointStateMachine task thread for /0.0.0.0:39327 - 0 ] INFO  ipc.Client (Client.java:handleConnectionFailure(977)) - Retrying connect to server: 0.0.0.0/0.0.0.0:39327. Already tried 13 time(s); retry policy is RetryUpToMaximumCountWithFixedSleep(maxRetries=15, sleepTime=1000 MILLISECONDS)
2022-02-08 12:43:19,348 [grpc-default-executor-3] WARN  server.GrpcLogAppender (LogUtils.java:warn(122)) - 49948d64-f13f-4dea-ab4c-a99dcf6a29cc@group-885A5AF52B02->2bb38a5d-0509-4181-8b7b-057f495cfd4a-AppendLogResponseHandler: Failed appendEntries: org.apache.ratis.thirdparty.io.grpc.StatusRuntimeException: UNAVAILABLE: io exception
2022-02-08 12:43:19,350 [grpc-default-executor-3] WARN  server.GrpcLogAppender (GrpcLogAppender.java:resetClient(110)) - 49948d64-f13f-4dea-ab4c-a99dcf6a29cc@group-885A5AF52B02->2bb38a5d-0509-4181-8b7b-057f495cfd4a-GrpcLogAppender: Leader has not got in touch with Follower 49948d64-f13f-4dea-ab4c-a99dcf6a29cc@group-885A5AF52B02->2bb38a5d-0509-4181-8b7b-057f495cfd4a(c0,m0,n1, attendVote=true, lastRpcSendTime=0, lastRpcResponseTime=10023) yet, just keep nextIndex unchanged and retry.
2022-02-08 12:43:20,180 [EndpointStateMachine task thread for /0.0.0.0:39327 - 0 ] INFO  ipc.Client (Client.java:handleConnectionFailure(977)) - Retrying connect to server: 0.0.0.0/0.0.0.0:39327. Already tried 14 time(s); retry policy is RetryUpToMaximumCountWithFixedSleep(maxRetries=15, sleepTime=1000 MILLISECONDS)
2022-02-08 12:43:20,181 [EndpointStateMachine task thread for /0.0.0.0:39327 - 0 ] WARN  statemachine.EndpointStateMachine (EndpointStateMachine.java:logIfNeeded(236)) - Unable to communicate to SCM server at 0.0.0.0:39327 for past 0 seconds.
java.net.ConnectException: Your endpoint configuration is wrong; For more details see:  http://wiki.apache.org/hadoop/UnsetHostnameOrPort
	at sun.reflect.NativeConstructorAccessorImpl.newInstance0(Native Method)
	at sun.reflect.NativeConstructorAccessorImpl.newInstance(NativeConstructorAccessorImpl.java:62)
	at sun.reflect.DelegatingConstructorAccessorImpl.newInstance(DelegatingConstructorAccessorImpl.java:45)
	at java.lang.reflect.Constructor.newInstance(Constructor.java:423)
	at org.apache.hadoop.net.NetUtils.wrapWithMessage(NetUtils.java:913)
	at org.apache.hadoop.net.NetUtils.wrapException(NetUtils.java:824)
	at org.apache.hadoop.ipc.Client.getRpcResponse(Client.java:1577)
	at org.apache.hadoop.ipc.Client.call(Client.java:1519)
	at org.apache.hadoop.ipc.Client.call(Client.java:1416)
	at org.apache.hadoop.ipc.ProtobufRpcEngine$Invoker.invoke(ProtobufRpcEngine.java:236)
	at org.apache.hadoop.ipc.ProtobufRpcEngine$Invoker.invoke(ProtobufRpcEngine.java:123)
	at com.sun.proxy.$Proxy49.submitRequest(Unknown Source)
	at org.apache.hadoop.ozone.protocolPB.StorageContainerDatanodeProtocolClientSideTranslatorPB.submitRequest(StorageContainerDatanodeProtocolClientSideTranslatorPB.java:117)
	at org.apache.hadoop.ozone.protocolPB.StorageContainerDatanodeProtocolClientSideTranslatorPB.sendHeartbeat(StorageContainerDatanodeProtocolClientSideTranslatorPB.java:149)
	at org.apache.hadoop.ozone.container.common.states.endpoint.HeartbeatEndpointTask.call(HeartbeatEndpointTask.java:179)
	at org.apache.hadoop.ozone.container.common.states.endpoint.HeartbeatEndpointTask.call(HeartbeatEndpointTask.java:82)
	at java.util.concurrent.FutureTask.run(FutureTask.java:266)
	at java.util.concurrent.ThreadPoolExecutor.runWorker(ThreadPoolExecutor.java:1149)
	at java.util.concurrent.ThreadPoolExecutor$Worker.run(ThreadPoolExecutor.java:624)
	at java.lang.Thread.run(Thread.java:748)
Caused by: java.net.ConnectException: Connection refused
	at sun.nio.ch.SocketChannelImpl.checkConnect(Native Method)
	at sun.nio.ch.SocketChannelImpl.finishConnect(SocketChannelImpl.java:716)
	at org.apache.hadoop.net.SocketIOWithTimeout.connect(SocketIOWithTimeout.java:206)
	at org.apache.hadoop.net.NetUtils.connect(NetUtils.java:586)
	at org.apache.hadoop.ipc.Client$Connection.setupConnection(Client.java:701)
	at org.apache.hadoop.ipc.Client$Connection.setupIOstreams(Client.java:822)
	at org.apache.hadoop.ipc.Client$Connection.access$3800(Client.java:414)
	at org.apache.hadoop.ipc.Client.getConnection(Client.java:1647)
	at org.apache.hadoop.ipc.Client.call(Client.java:1463)
	... 12 more
2022-02-08 12:43:21,186 [EndpointStateMachine task thread for /0.0.0.0:39327 - 0 ] INFO  ipc.Client (Client.java:handleConnectionFailure(977)) - Retrying connect to server: 0.0.0.0/0.0.0.0:39327. Already tried 0 time(s); retry policy is RetryUpToMaximumCountWithFixedSleep(maxRetries=15, sleepTime=1000 MILLISECONDS)
2022-02-08 12:43:21,200 [Datanode State Machine Daemon Thread] ERROR datanode.RunningDatanodeState (RunningDatanodeState.java:computeNextContainerState(199)) - Error in executing end point task.
java.util.concurrent.ExecutionException: java.util.concurrent.TimeoutException
	at java.util.concurrent.FutureTask.report(FutureTask.java:122)
	at java.util.concurrent.FutureTask.get(FutureTask.java:192)
	at org.apache.hadoop.ozone.container.common.states.datanode.RunningDatanodeState.computeNextContainerState(RunningDatanodeState.java:191)
	at org.apache.hadoop.ozone.container.common.states.datanode.RunningDatanodeState.await(RunningDatanodeState.java:231)
	at org.apache.hadoop.ozone.container.common.states.datanode.RunningDatanodeState.await(RunningDatanodeState.java:50)
	at org.apache.hadoop.ozone.container.common.statemachine.StateContext.execute(StateContext.java:633)
	at org.apache.hadoop.ozone.container.common.statemachine.DatanodeStateMachine.start(DatanodeStateMachine.java:283)
	at org.apache.hadoop.ozone.container.common.statemachine.DatanodeStateMachine.lambda$startDaemon$0(DatanodeStateMachine.java:471)
	at java.lang.Thread.run(Thread.java:748)
Caused by: java.util.concurrent.TimeoutException
	at java.util.concurrent.FutureTask.get(FutureTask.java:205)
	at org.apache.hadoop.ozone.container.common.states.datanode.RunningDatanodeState.lambda$execute$0(RunningDatanodeState.java:149)
	at java.util.concurrent.FutureTask.run(FutureTask.java:266)
	at java.util.concurrent.Executors$RunnableAdapter.call(Executors.java:511)
	at java.util.concurrent.FutureTask.run(FutureTask.java:266)
	at java.util.concurrent.ThreadPoolExecutor.runWorker(ThreadPoolExecutor.java:1149)
	at java.util.concurrent.ThreadPoolExecutor$Worker.run(ThreadPoolExecutor.java:624)
	... 1 more
2022-02-08 12:43:21,849 [grpc-default-executor-3] WARN  server.GrpcLogAppender (LogUtils.java:warn(122)) - 49948d64-f13f-4dea-ab4c-a99dcf6a29cc@group-885A5AF52B02->2bb38a5d-0509-4181-8b7b-057f495cfd4a-AppendLogResponseHandler: Failed appendEntries: org.apache.ratis.thirdparty.io.grpc.StatusRuntimeException: UNAVAILABLE: io exception
2022-02-08 12:43:21,852 [grpc-default-executor-3] WARN  server.GrpcLogAppender (GrpcLogAppender.java:resetClient(110)) - 49948d64-f13f-4dea-ab4c-a99dcf6a29cc@group-885A5AF52B02->2bb38a5d-0509-4181-8b7b-057f495cfd4a-GrpcLogAppender: Leader has not got in touch with Follower 49948d64-f13f-4dea-ab4c-a99dcf6a29cc@group-885A5AF52B02->2bb38a5d-0509-4181-8b7b-057f495cfd4a(c0,m0,n1, attendVote=true, lastRpcSendTime=2503, lastRpcResponseTime=12525) yet, just keep nextIndex unchanged and retry.
2022-02-08 12:43:21,881 [Datanode State Machine Daemon Thread] ERROR datanode.RunningDatanodeState (RunningDatanodeState.java:computeNextContainerState(199)) - Error in executing end point task.
java.util.concurrent.ExecutionException: java.util.concurrent.TimeoutException
	at java.util.concurrent.FutureTask.report(FutureTask.java:122)
	at java.util.concurrent.FutureTask.get(FutureTask.java:192)
	at org.apache.hadoop.ozone.container.common.states.datanode.RunningDatanodeState.computeNextContainerState(RunningDatanodeState.java:191)
	at org.apache.hadoop.ozone.container.common.states.datanode.RunningDatanodeState.await(RunningDatanodeState.java:231)
	at org.apache.hadoop.ozone.container.common.states.datanode.RunningDatanodeState.await(RunningDatanodeState.java:50)
	at org.apache.hadoop.ozone.container.common.statemachine.StateContext.execute(StateContext.java:633)
	at org.apache.hadoop.ozone.container.common.statemachine.DatanodeStateMachine.start(DatanodeStateMachine.java:283)
	at org.apache.hadoop.ozone.container.common.statemachine.DatanodeStateMachine.lambda$startDaemon$0(DatanodeStateMachine.java:471)
	at java.lang.Thread.run(Thread.java:748)
Caused by: java.util.concurrent.TimeoutException
	at java.util.concurrent.FutureTask.get(FutureTask.java:205)
	at org.apache.hadoop.ozone.container.common.states.datanode.RunningDatanodeState.lambda$execute$0(RunningDatanodeState.java:149)
	at java.util.concurrent.FutureTask.run(FutureTask.java:266)
	at java.util.concurrent.Executors$RunnableAdapter.call(Executors.java:511)
	at java.util.concurrent.FutureTask.run(FutureTask.java:266)
	at java.util.concurrent.ThreadPoolExecutor.runWorker(ThreadPoolExecutor.java:1149)
	at java.util.concurrent.ThreadPoolExecutor$Worker.run(ThreadPoolExecutor.java:624)
	... 1 more
2022-02-08 12:43:22,191 [EndpointStateMachine task thread for /0.0.0.0:39327 - 0 ] INFO  ipc.Client (Client.java:handleConnectionFailure(977)) - Retrying connect to server: 0.0.0.0/0.0.0.0:39327. Already tried 1 time(s); retry policy is RetryUpToMaximumCountWithFixedSleep(maxRetries=15, sleepTime=1000 MILLISECONDS)
2022-02-08 12:43:23,192 [EndpointStateMachine task thread for /0.0.0.0:39327 - 0 ] INFO  ipc.Client (Client.java:handleConnectionFailure(977)) - Retrying connect to server: 0.0.0.0/0.0.0.0:39327. Already tried 2 time(s); retry policy is RetryUpToMaximumCountWithFixedSleep(maxRetries=15, sleepTime=1000 MILLISECONDS)
2022-02-08 12:43:24,193 [EndpointStateMachine task thread for /0.0.0.0:39327 - 0 ] INFO  ipc.Client (Client.java:handleConnectionFailure(977)) - Retrying connect to server: 0.0.0.0/0.0.0.0:39327. Already tried 3 time(s); retry policy is RetryUpToMaximumCountWithFixedSleep(maxRetries=15, sleepTime=1000 MILLISECONDS)
2022-02-08 12:43:24,355 [grpc-default-executor-3] WARN  server.GrpcLogAppender (LogUtils.java:warn(122)) - 49948d64-f13f-4dea-ab4c-a99dcf6a29cc@group-885A5AF52B02->2bb38a5d-0509-4181-8b7b-057f495cfd4a-AppendLogResponseHandler: Failed appendEntries: org.apache.ratis.thirdparty.io.grpc.StatusRuntimeException: UNAVAILABLE: io exception
2022-02-08 12:43:24,356 [grpc-default-executor-3] WARN  server.GrpcLogAppender (GrpcLogAppender.java:resetClient(110)) - 49948d64-f13f-4dea-ab4c-a99dcf6a29cc@group-885A5AF52B02->2bb38a5d-0509-4181-8b7b-057f495cfd4a-GrpcLogAppender: Leader has not got in touch with Follower 49948d64-f13f-4dea-ab4c-a99dcf6a29cc@group-885A5AF52B02->2bb38a5d-0509-4181-8b7b-057f495cfd4a(c0,m0,n1, attendVote=true, lastRpcSendTime=1, lastRpcResponseTime=15029) yet, just keep nextIndex unchanged and retry.
2022-02-08 12:43:25,194 [EndpointStateMachine task thread for /0.0.0.0:39327 - 0 ] INFO  ipc.Client (Client.java:handleConnectionFailure(977)) - Retrying connect to server: 0.0.0.0/0.0.0.0:39327. Already tried 4 time(s); retry policy is RetryUpToMaximumCountWithFixedSleep(maxRetries=15, sleepTime=1000 MILLISECONDS)
2022-02-08 12:43:26,195 [EndpointStateMachine task thread for /0.0.0.0:39327 - 0 ] INFO  ipc.Client (Client.java:handleConnectionFailure(977)) - Retrying connect to server: 0.0.0.0/0.0.0.0:39327. Already tried 5 time(s); retry policy is RetryUpToMaximumCountWithFixedSleep(maxRetries=15, sleepTime=1000 MILLISECONDS)
2022-02-08 12:43:26,858 [grpc-default-executor-3] WARN  server.GrpcLogAppender (LogUtils.java:warn(122)) - 49948d64-f13f-4dea-ab4c-a99dcf6a29cc@group-885A5AF52B02->2bb38a5d-0509-4181-8b7b-057f495cfd4a-AppendLogResponseHandler: Failed appendEntries: org.apache.ratis.thirdparty.io.grpc.StatusRuntimeException: UNAVAILABLE: io exception
2022-02-08 12:43:26,859 [grpc-default-executor-3] WARN  server.GrpcLogAppender (GrpcLogAppender.java:resetClient(110)) - 49948d64-f13f-4dea-ab4c-a99dcf6a29cc@group-885A5AF52B02->2bb38a5d-0509-4181-8b7b-057f495cfd4a-GrpcLogAppender: Leader has not got in touch with Follower 49948d64-f13f-4dea-ab4c-a99dcf6a29cc@group-885A5AF52B02->2bb38a5d-0509-4181-8b7b-057f495cfd4a(c0,m0,n1, attendVote=true, lastRpcSendTime=0, lastRpcResponseTime=17532) yet, just keep nextIndex unchanged and retry.
2022-02-08 12:43:27,195 [EndpointStateMachine task thread for /0.0.0.0:39327 - 0 ] INFO  ipc.Client (Client.java:handleConnectionFailure(977)) - Retrying connect to server: 0.0.0.0/0.0.0.0:39327. Already tried 6 time(s); retry policy is RetryUpToMaximumCountWithFixedSleep(maxRetries=15, sleepTime=1000 MILLISECONDS)
2022-02-08 12:43:28,196 [EndpointStateMachine task thread for /0.0.0.0:39327 - 0 ] INFO  ipc.Client (Client.java:handleConnectionFailure(977)) - Retrying connect to server: 0.0.0.0/0.0.0.0:39327. Already tried 7 time(s); retry policy is RetryUpToMaximumCountWithFixedSleep(maxRetries=15, sleepTime=1000 MILLISECONDS)
2022-02-08 12:43:29,197 [EndpointStateMachine task thread for /0.0.0.0:39327 - 0 ] INFO  ipc.Client (Client.java:handleConnectionFailure(977)) - Retrying connect to server: 0.0.0.0/0.0.0.0:39327. Already tried 8 time(s); retry policy is RetryUpToMaximumCountWithFixedSleep(maxRetries=15, sleepTime=1000 MILLISECONDS)
2022-02-08 12:43:29,367 [grpc-default-executor-3] WARN  server.GrpcLogAppender (LogUtils.java:warn(122)) - 49948d64-f13f-4dea-ab4c-a99dcf6a29cc@group-885A5AF52B02->2bb38a5d-0509-4181-8b7b-057f495cfd4a-AppendLogResponseHandler: Failed appendEntries: org.apache.ratis.thirdparty.io.grpc.StatusRuntimeException: UNAVAILABLE: io exception
2022-02-08 12:43:29,367 [grpc-default-executor-3] WARN  server.GrpcLogAppender (GrpcLogAppender.java:resetClient(110)) - 49948d64-f13f-4dea-ab4c-a99dcf6a29cc@group-885A5AF52B02->2bb38a5d-0509-4181-8b7b-057f495cfd4a-GrpcLogAppender: Leader has not got in touch with Follower 49948d64-f13f-4dea-ab4c-a99dcf6a29cc@group-885A5AF52B02->2bb38a5d-0509-4181-8b7b-057f495cfd4a(c0,m0,n1, attendVote=true, lastRpcSendTime=2508, lastRpcResponseTime=20040) yet, just keep nextIndex unchanged and retry.
2022-02-08 12:43:30,198 [EndpointStateMachine task thread for /0.0.0.0:39327 - 0 ] INFO  ipc.Client (Client.java:handleConnectionFailure(977)) - Retrying connect to server: 0.0.0.0/0.0.0.0:39327. Already tried 9 time(s); retry policy is RetryUpToMaximumCountWithFixedSleep(maxRetries=15, sleepTime=1000 MILLISECONDS)
2022-02-08 12:43:31,198 [EndpointStateMachine task thread for /0.0.0.0:39327 - 0 ] INFO  ipc.Client (Client.java:handleConnectionFailure(977)) - Retrying connect to server: 0.0.0.0/0.0.0.0:39327. Already tried 10 time(s); retry policy is RetryUpToMaximumCountWithFixedSleep(maxRetries=15, sleepTime=1000 MILLISECONDS)
2022-02-08 12:43:31,435 [Time-limited test] INFO  ozone.MiniOzoneClusterImpl (MiniOzoneClusterImpl.java:shutdown(437)) - Shutting down the Mini Ozone Cluster
2022-02-08 12:43:31,436 [Time-limited test] INFO  ozone.MiniOzoneClusterImpl (MiniOzoneClusterImpl.java:stop(452)) - Stopping the Mini Ozone Cluster
2022-02-08 12:43:31,436 [Time-limited test] INFO  ozone.MiniOzoneClusterImpl (MiniOzoneClusterImpl.java:stopOM(534)) - Stopping the OzoneManager
2022-02-08 12:43:31,436 [Time-limited test] INFO  om.OzoneManager (OzoneManager.java:stop(1893)) - om1[localhost:0]: Stopping Ozone Manager
2022-02-08 12:43:31,466 [Time-limited test] INFO  ipc.Server (Server.java:stop(3414)) - Stopping server on 43683
2022-02-08 12:43:31,489 [IPC Server listener on 0] INFO  ipc.Server (Server.java:run(1376)) - Stopping IPC Server listener on 0
2022-02-08 12:43:31,490 [IPC Server Responder] INFO  ipc.Server (Server.java:run(1512)) - Stopping IPC Server Responder
2022-02-08 12:43:31,498 [Time-limited test] INFO  server.RaftServer (RaftServerProxy.java:lambda$close$6(391)) - om1: close
2022-02-08 12:43:31,499 [Time-limited test] INFO  server.RaftServer$Division (RaftServerImpl.java:lambda$close$4(412)) - om1@group-C5BA1605619E: shutdown
2022-02-08 12:43:31,499 [Time-limited test] INFO  util.JmxRegister (JmxRegister.java:unregister(73)) - Successfully un-registered JMX Bean with object name Ratis:service=RaftServer,group=group-C5BA1605619E,id=om1
2022-02-08 12:43:31,499 [Time-limited test] INFO  impl.RoleInfo (RoleInfo.java:shutdownLeaderState(91)) - om1: shutdown om1@group-C5BA1605619E-LeaderStateImpl
2022-02-08 12:43:31,500 [Time-limited test] INFO  impl.PendingRequests (PendingRequests.java:sendNotLeaderResponses(282)) - om1@group-C5BA1605619E-PendingRequests: sendNotLeaderResponses
2022-02-08 12:43:31,500 [Time-limited test] INFO  impl.StateMachineUpdater (StateMachineUpdater.java:stopAndJoin(149)) - om1@group-C5BA1605619E-StateMachineUpdater: set stopIndex = 0
2022-02-08 12:43:31,501 [om1@group-C5BA1605619E-StateMachineUpdater] INFO  ratis.OzoneManagerStateMachine (OzoneManagerStateMachine.java:takeSnapshot(417)) - Current Snapshot Index (t:1, i:0)
2022-02-08 12:43:31,501 [om1@group-C5BA1605619E-StateMachineUpdater] INFO  impl.StateMachineUpdater (StateMachineUpdater.java:takeSnapshot(281)) - om1@group-C5BA1605619E-StateMachineUpdater: Took a snapshot at index 0
2022-02-08 12:43:31,501 [om1@group-C5BA1605619E-StateMachineUpdater] INFO  impl.StateMachineUpdater (StateMachineUpdater.java:lambda$new$0(89)) - om1@group-C5BA1605619E-StateMachineUpdater: snapshotIndex: updateIncreasingly -1 -> 0
2022-02-08 12:43:31,501 [om1@group-C5BA1605619E-StateMachineUpdater] INFO  ratis.OzoneManagerStateMachine (OzoneManagerStateMachine.java:close(471)) - StateMachine has shutdown. Shutdown OzoneManager if not already shutdown.
2022-02-08 12:43:31,501 [Time-limited test] INFO  server.RaftServer$Division (ServerState.java:close(419)) - om1@group-C5BA1605619E: closes. applyIndex: 0
2022-02-08 12:43:31,501 [om1@group-C5BA1605619E-SegmentedRaftLogWorker] INFO  segmented.SegmentedRaftLogWorker (SegmentedRaftLogWorker.java:run(327)) - om1@group-C5BA1605619E-SegmentedRaftLogWorker was interrupted, exiting. There are 0 tasks remaining in the queue.
2022-02-08 12:43:31,511 [Time-limited test] INFO  segmented.SegmentedRaftLogWorker (SegmentedRaftLogWorker.java:close(237)) - om1@group-C5BA1605619E-SegmentedRaftLogWorker close()
2022-02-08 12:43:31,512 [Time-limited test] INFO  server.GrpcService (GrpcService.java:closeImpl(262)) - om1: shutdown server with port 9872 now
2022-02-08 12:43:31,512 [Time-limited test] INFO  server.GrpcService (GrpcService.java:closeImpl(271)) - om1: shutdown server with port 9872 successfully
2022-02-08 12:43:31,517 [org.apache.ratis.util.JvmPauseMonitor$$Lambda$431/624767945@67276b57] INFO  util.JvmPauseMonitor (JvmPauseMonitor.java:run(109)) - JvmPauseMonitor-om1: Stopped
2022-02-08 12:43:31,518 [Time-limited test] INFO  ratis.OzoneManagerDoubleBuffer (OzoneManagerDoubleBuffer.java:stop(437)) - Stopping OMDoubleBuffer flush thread
2022-02-08 12:43:31,533 [OMDoubleBufferFlushThread] INFO  ratis.OzoneManagerDoubleBuffer (OzoneManagerDoubleBuffer.java:flushTransactions(356)) - OMDoubleBuffer flush thread OMDoubleBufferFlushThread is interrupted and will exit. OMDoubleBufferFlushThread
2022-02-08 12:43:31,534 [Time-limited test] INFO  utils.BackgroundService (BackgroundService.java:shutdown(132)) - Shutting down service KeyDeletingService
2022-02-08 12:43:31,534 [Time-limited test] INFO  utils.BackgroundService (BackgroundService.java:shutdown(132)) - Shutting down service DirectoryDeletingService
2022-02-08 12:43:31,543 [Time-limited test] INFO  handler.ContextHandler (ContextHandler.java:doStop(1153)) - Stopped o.e.j.w.WebAppContext@68dac4b8{ozoneManager,/,null,STOPPED}{file:/home/runner/work/ozone/ozone/hadoop-ozone/integration-test/target/test-classes/webapps/ozoneManager}
2022-02-08 12:43:31,543 [Time-limited test] INFO  server.AbstractConnector (AbstractConnector.java:doStop(381)) - Stopped ServerConnector@74e65217{HTTP/1.1, (http/1.1)}{0.0.0.0:0}
2022-02-08 12:43:31,543 [Time-limited test] INFO  server.session (HouseKeeper.java:stopScavenging(149)) - node0 Stopped scavenging
2022-02-08 12:43:31,545 [Time-limited test] INFO  handler.ContextHandler (ContextHandler.java:doStop(1153)) - Stopped o.e.j.s.ServletContextHandler@7811c3f1{static,/static,file:///home/runner/work/ozone/ozone/hadoop-ozone/integration-test/target/test-classes/webapps/static,STOPPED}
2022-02-08 12:43:31,546 [Time-limited test] INFO  handler.ContextHandler (ContextHandler.java:doStop(1153)) - Stopped o.e.j.s.ServletContextHandler@29d4e3f1{logs,/logs,file:///home/runner/work/ozone/ozone/hadoop-ozone/integration-test/target/log,STOPPED}
2022-02-08 12:43:31,579 [Time-limited test] INFO  ozone.MiniOzoneClusterImpl (MiniOzoneClusterImpl.java:stopDatanodes(511)) - Stopping the HddsDatanodes
2022-02-08 12:43:31,874 [grpc-default-executor-3] WARN  server.GrpcLogAppender (LogUtils.java:warn(122)) - 49948d64-f13f-4dea-ab4c-a99dcf6a29cc@group-885A5AF52B02->2bb38a5d-0509-4181-8b7b-057f495cfd4a-AppendLogResponseHandler: Failed appendEntries: org.apache.ratis.thirdparty.io.grpc.StatusRuntimeException: UNAVAILABLE: io exception
2022-02-08 12:43:31,875 [grpc-default-executor-3] WARN  server.GrpcLogAppender (GrpcLogAppender.java:resetClient(110)) - 49948d64-f13f-4dea-ab4c-a99dcf6a29cc@group-885A5AF52B02->2bb38a5d-0509-4181-8b7b-057f495cfd4a-GrpcLogAppender: Leader has not got in touch with Follower 49948d64-f13f-4dea-ab4c-a99dcf6a29cc@group-885A5AF52B02->2bb38a5d-0509-4181-8b7b-057f495cfd4a(c0,m0,n1, attendVote=true, lastRpcSendTime=0, lastRpcResponseTime=22547) yet, just keep nextIndex unchanged and retry.
2022-02-08 12:43:31,896 [Datanode State Machine Daemon Thread] WARN  statemachine.StateContext (StateContext.java:setState(249)) - Ignore disallowed transition from SHUTDOWN to RUNNING
2022-02-08 12:43:32,199 [EndpointStateMachine task thread for /0.0.0.0:39327 - 0 ] INFO  ipc.Client (Client.java:handleConnectionFailure(977)) - Retrying connect to server: 0.0.0.0/0.0.0.0:39327. Already tried 11 time(s); retry policy is RetryUpToMaximumCountWithFixedSleep(maxRetries=15, sleepTime=1000 MILLISECONDS)
2022-02-08 12:43:32,209 [Datanode State Machine Daemon Thread] WARN  statemachine.StateContext (StateContext.java:setState(249)) - Ignore disallowed transition from SHUTDOWN to RUNNING
2022-02-08 12:43:33,200 [EndpointStateMachine task thread for /0.0.0.0:39327 - 0 ] INFO  ipc.Client (Client.java:handleConnectionFailure(977)) - Retrying connect to server: 0.0.0.0/0.0.0.0:39327. Already tried 12 time(s); retry policy is RetryUpToMaximumCountWithFixedSleep(maxRetries=15, sleepTime=1000 MILLISECONDS)
2022-02-08 12:43:34,201 [EndpointStateMachine task thread for /0.0.0.0:39327 - 0 ] INFO  ipc.Client (Client.java:handleConnectionFailure(977)) - Retrying connect to server: 0.0.0.0/0.0.0.0:39327. Already tried 13 time(s); retry policy is RetryUpToMaximumCountWithFixedSleep(maxRetries=15, sleepTime=1000 MILLISECONDS)
2022-02-08 12:43:34,374 [grpc-default-executor-3] WARN  server.GrpcLogAppender (LogUtils.java:warn(122)) - 49948d64-f13f-4dea-ab4c-a99dcf6a29cc@group-885A5AF52B02->2bb38a5d-0509-4181-8b7b-057f495cfd4a-AppendLogResponseHandler: Failed appendEntries: org.apache.ratis.thirdparty.io.grpc.StatusRuntimeException: UNAVAILABLE: io exception
2022-02-08 12:43:34,375 [grpc-default-executor-3] WARN  server.GrpcLogAppender (GrpcLogAppender.java:resetClient(110)) - 49948d64-f13f-4dea-ab4c-a99dcf6a29cc@group-885A5AF52B02->2bb38a5d-0509-4181-8b7b-057f495cfd4a-GrpcLogAppender: Leader has not got in touch with Follower 49948d64-f13f-4dea-ab4c-a99dcf6a29cc@group-885A5AF52B02->2bb38a5d-0509-4181-8b7b-057f495cfd4a(c0,m0,n1, attendVote=true, lastRpcSendTime=0, lastRpcResponseTime=25048) yet, just keep nextIndex unchanged and retry.
2022-02-08 12:43:35,202 [EndpointStateMachine task thread for /0.0.0.0:39327 - 0 ] INFO  ipc.Client (Client.java:handleConnectionFailure(977)) - Retrying connect to server: 0.0.0.0/0.0.0.0:39327. Already tried 14 time(s); retry policy is RetryUpToMaximumCountWithFixedSleep(maxRetries=15, sleepTime=1000 MILLISECONDS)
2022-02-08 12:43:36,203 [EndpointStateMachine task thread for /0.0.0.0:39327 - 0 ] INFO  ipc.Client (Client.java:handleConnectionFailure(977)) - Retrying connect to server: 0.0.0.0/0.0.0.0:39327. Already tried 0 time(s); retry policy is RetryUpToMaximumCountWithFixedSleep(maxRetries=15, sleepTime=1000 MILLISECONDS)
2022-02-08 12:43:36,583 [Time-limited test] INFO  ozoneimpl.OzoneContainer (OzoneContainer.java:stop(336)) - Attempting to stop container services.
2022-02-08 12:43:36,584 [Time-limited test] INFO  server.RaftServer (RaftServerProxy.java:lambda$close$6(391)) - 49948d64-f13f-4dea-ab4c-a99dcf6a29cc: close
2022-02-08 12:43:36,584 [Time-limited test] INFO  server.RaftServer$Division (RaftServerImpl.java:lambda$close$4(412)) - 49948d64-f13f-4dea-ab4c-a99dcf6a29cc@group-7FDCA6924737: shutdown
2022-02-08 12:43:36,584 [Time-limited test] INFO  util.JmxRegister (JmxRegister.java:unregister(73)) - Successfully un-registered JMX Bean with object name Ratis:service=RaftServer,group=group-7FDCA6924737,id=49948d64-f13f-4dea-ab4c-a99dcf6a29cc
2022-02-08 12:43:36,584 [Time-limited test] INFO  impl.RoleInfo (RoleInfo.java:shutdownLeaderState(91)) - 49948d64-f13f-4dea-ab4c-a99dcf6a29cc: shutdown 49948d64-f13f-4dea-ab4c-a99dcf6a29cc@group-7FDCA6924737-LeaderStateImpl
2022-02-08 12:43:36,584 [Time-limited test] INFO  impl.PendingRequests (PendingRequests.java:sendNotLeaderResponses(282)) - 49948d64-f13f-4dea-ab4c-a99dcf6a29cc@group-7FDCA6924737-PendingRequests: sendNotLeaderResponses
2022-02-08 12:43:36,585 [Time-limited test] INFO  impl.StateMachineUpdater (StateMachineUpdater.java:stopAndJoin(149)) - 49948d64-f13f-4dea-ab4c-a99dcf6a29cc@group-7FDCA6924737-StateMachineUpdater: set stopIndex = 0
2022-02-08 12:43:36,585 [49948d64-f13f-4dea-ab4c-a99dcf6a29cc@group-7FDCA6924737-StateMachineUpdater] INFO  ratis.ContainerStateMachine (ContainerStateMachine.java:takeSnapshot(299)) - group-7FDCA6924737: Taking a snapshot at:(t:1, i:0) file /home/runner/work/ozone/ozone/hadoop-ozone/integration-test/target/test-dir/MiniOzoneClusterImpl-d9fbf9ff-2b62-4fa3-b93a-ae8b8ac18067/datanode-1/data/ratis/c825ce4c-d337-4d58-8d7f-7fdca6924737/sm/snapshot.1_0
2022-02-08 12:43:36,587 [49948d64-f13f-4dea-ab4c-a99dcf6a29cc@group-7FDCA6924737-StateMachineUpdater] INFO  ratis.ContainerStateMachine (ContainerStateMachine.java:takeSnapshot(310)) - group-7FDCA6924737: Finished taking a snapshot at:(t:1, i:0) file:/home/runner/work/ozone/ozone/hadoop-ozone/integration-test/target/test-dir/MiniOzoneClusterImpl-d9fbf9ff-2b62-4fa3-b93a-ae8b8ac18067/datanode-1/data/ratis/c825ce4c-d337-4d58-8d7f-7fdca6924737/sm/snapshot.1_0 took: 1 ms
2022-02-08 12:43:36,587 [49948d64-f13f-4dea-ab4c-a99dcf6a29cc@group-7FDCA6924737-StateMachineUpdater] INFO  impl.StateMachineUpdater (StateMachineUpdater.java:takeSnapshot(281)) - 49948d64-f13f-4dea-ab4c-a99dcf6a29cc@group-7FDCA6924737-StateMachineUpdater: Took a snapshot at index 0
2022-02-08 12:43:36,587 [49948d64-f13f-4dea-ab4c-a99dcf6a29cc@group-7FDCA6924737-StateMachineUpdater] INFO  impl.StateMachineUpdater (StateMachineUpdater.java:lambda$new$0(89)) - 49948d64-f13f-4dea-ab4c-a99dcf6a29cc@group-7FDCA6924737-StateMachineUpdater: snapshotIndex: updateIncreasingly -1 -> 0
2022-02-08 12:43:36,588 [Time-limited test] INFO  server.RaftServer$Division (ServerState.java:close(419)) - 49948d64-f13f-4dea-ab4c-a99dcf6a29cc@group-7FDCA6924737: closes. applyIndex: 0
2022-02-08 12:43:36,589 [49948d64-f13f-4dea-ab4c-a99dcf6a29cc@group-7FDCA6924737-SegmentedRaftLogWorker] INFO  segmented.SegmentedRaftLogWorker (SegmentedRaftLogWorker.java:run(327)) - 49948d64-f13f-4dea-ab4c-a99dcf6a29cc@group-7FDCA6924737-SegmentedRaftLogWorker was interrupted, exiting. There are 0 tasks remaining in the queue.
2022-02-08 12:43:36,590 [Time-limited test] INFO  segmented.SegmentedRaftLogWorker (SegmentedRaftLogWorker.java:close(237)) - 49948d64-f13f-4dea-ab4c-a99dcf6a29cc@group-7FDCA6924737-SegmentedRaftLogWorker close()
2022-02-08 12:43:36,591 [Time-limited test] INFO  server.RaftServer$Division (RaftServerImpl.java:lambda$close$4(412)) - 49948d64-f13f-4dea-ab4c-a99dcf6a29cc@group-885A5AF52B02: shutdown
2022-02-08 12:43:36,591 [Time-limited test] INFO  util.JmxRegister (JmxRegister.java:unregister(73)) - Successfully un-registered JMX Bean with object name Ratis:service=RaftServer,group=group-885A5AF52B02,id=49948d64-f13f-4dea-ab4c-a99dcf6a29cc
2022-02-08 12:43:36,591 [Time-limited test] INFO  impl.RoleInfo (RoleInfo.java:shutdownLeaderState(91)) - 49948d64-f13f-4dea-ab4c-a99dcf6a29cc: shutdown 49948d64-f13f-4dea-ab4c-a99dcf6a29cc@group-885A5AF52B02-LeaderStateImpl
2022-02-08 12:43:36,594 [Time-limited test] INFO  impl.PendingRequests (PendingRequests.java:sendNotLeaderResponses(282)) - 49948d64-f13f-4dea-ab4c-a99dcf6a29cc@group-885A5AF52B02-PendingRequests: sendNotLeaderResponses
2022-02-08 12:43:36,594 [49948d64-f13f-4dea-ab4c-a99dcf6a29cc@group-885A5AF52B02-StateMachineUpdater] INFO  ratis.ContainerStateMachine (ContainerStateMachine.java:takeSnapshot(299)) - group-885A5AF52B02: Taking a snapshot at:(t:10, i:0) file /home/runner/work/ozone/ozone/hadoop-ozone/integration-test/target/test-dir/MiniOzoneClusterImpl-d9fbf9ff-2b62-4fa3-b93a-ae8b8ac18067/datanode-1/data/ratis/11834e7a-92ed-43f2-b9d8-885a5af52b02/sm/snapshot.10_0
2022-02-08 12:43:36,595 [Time-limited test] INFO  impl.StateMachineUpdater (StateMachineUpdater.java:stopAndJoin(149)) - 49948d64-f13f-4dea-ab4c-a99dcf6a29cc@group-885A5AF52B02-StateMachineUpdater: set stopIndex = 0
2022-02-08 12:43:36,595 [ForkJoinPool.commonPool-worker-0] INFO  ozoneimpl.OzoneContainer (OzoneContainer.java:stop(336)) - Attempting to stop container services.
2022-02-08 12:43:36,595 [49948d64-f13f-4dea-ab4c-a99dcf6a29cc@group-885A5AF52B02->ddfda897-e03d-4d19-9b1c-17acf61c97d5-GrpcLogAppender-LogAppenderDaemon] WARN  server.GrpcLogAppender (GrpcLogAppender.java:mayWait(177)) - 49948d64-f13f-4dea-ab4c-a99dcf6a29cc@group-885A5AF52B02->ddfda897-e03d-4d19-9b1c-17acf61c97d5-GrpcLogAppender: Wait interrupted by java.lang.InterruptedException
2022-02-08 12:43:36,595 [49948d64-f13f-4dea-ab4c-a99dcf6a29cc@group-885A5AF52B02-StateMachineUpdater] INFO  ratis.ContainerStateMachine (ContainerStateMachine.java:takeSnapshot(310)) - group-885A5AF52B02: Finished taking a snapshot at:(t:10, i:0) file:/home/runner/work/ozone/ozone/hadoop-ozone/integration-test/target/test-dir/MiniOzoneClusterImpl-d9fbf9ff-2b62-4fa3-b93a-ae8b8ac18067/datanode-1/data/ratis/11834e7a-92ed-43f2-b9d8-885a5af52b02/sm/snapshot.10_0 took: 1 ms
2022-02-08 12:43:36,596 [49948d64-f13f-4dea-ab4c-a99dcf6a29cc@group-885A5AF52B02-StateMachineUpdater] INFO  impl.StateMachineUpdater (StateMachineUpdater.java:takeSnapshot(281)) - 49948d64-f13f-4dea-ab4c-a99dcf6a29cc@group-885A5AF52B02-StateMachineUpdater: Took a snapshot at index 0
2022-02-08 12:43:36,596 [49948d64-f13f-4dea-ab4c-a99dcf6a29cc@group-885A5AF52B02-StateMachineUpdater] INFO  impl.StateMachineUpdater (StateMachineUpdater.java:lambda$new$0(89)) - 49948d64-f13f-4dea-ab4c-a99dcf6a29cc@group-885A5AF52B02-StateMachineUpdater: snapshotIndex: updateIncreasingly -1 -> 0
2022-02-08 12:43:36,597 [ForkJoinPool.commonPool-worker-0] INFO  utils.BackgroundService (BackgroundService.java:shutdown(132)) - Shutting down service BlockDeletingService
2022-02-08 12:43:36,599 [grpc-default-executor-3] INFO  server.GrpcServerProtocolService (GrpcServerProtocolService.java:onCompleted(140)) - ddfda897-e03d-4d19-9b1c-17acf61c97d5: Completed APPEND_ENTRIES, lastRequest: 49948d64-f13f-4dea-ab4c-a99dcf6a29cc->ddfda897-e03d-4d19-9b1c-17acf61c97d5#1-t10,previous=(t:0, i:0),leaderCommit=-1,initializing? true,entries: size=1, first=(t:10, i:0), CONFIGURATIONENTRY
2022-02-08 12:43:36,606 [Time-limited test] INFO  server.RaftServer$Division (ServerState.java:close(419)) - 49948d64-f13f-4dea-ab4c-a99dcf6a29cc@group-885A5AF52B02: closes. applyIndex: 0
2022-02-08 12:43:36,608 [49948d64-f13f-4dea-ab4c-a99dcf6a29cc@group-885A5AF52B02-SegmentedRaftLogWorker] INFO  segmented.SegmentedRaftLogWorker (SegmentedRaftLogWorker.java:run(327)) - 49948d64-f13f-4dea-ab4c-a99dcf6a29cc@group-885A5AF52B02-SegmentedRaftLogWorker was interrupted, exiting. There are 0 tasks remaining in the queue.
2022-02-08 12:43:36,615 [Time-limited test] INFO  segmented.SegmentedRaftLogWorker (SegmentedRaftLogWorker.java:close(237)) - 49948d64-f13f-4dea-ab4c-a99dcf6a29cc@group-885A5AF52B02-SegmentedRaftLogWorker close()
2022-02-08 12:43:36,616 [Time-limited test] INFO  server.GrpcService (GrpcService.java:closeImpl(262)) - 49948d64-f13f-4dea-ab4c-a99dcf6a29cc: shutdown server with port 40329 now
2022-02-08 12:43:36,616 [grpc-default-executor-3] INFO  server.GrpcLogAppender (GrpcLogAppender.java:onCompleted(346)) - 49948d64-f13f-4dea-ab4c-a99dcf6a29cc@group-885A5AF52B02->ddfda897-e03d-4d19-9b1c-17acf61c97d5-AppendLogResponseHandler: follower responses appendEntries COMPLETED
2022-02-08 12:43:36,617 [grpc-default-executor-3] INFO  leader.FollowerInfo (FollowerInfoImpl.java:lambda$new$0(47)) - 49948d64-f13f-4dea-ab4c-a99dcf6a29cc@group-885A5AF52B02->ddfda897-e03d-4d19-9b1c-17acf61c97d5: nextIndex: updateUnconditionally 1 -> 0
2022-02-08 12:43:36,650 [Time-limited test] INFO  server.GrpcService (GrpcService.java:closeImpl(271)) - 49948d64-f13f-4dea-ab4c-a99dcf6a29cc: shutdown server with port 40329 successfully
2022-02-08 12:43:36,653 [org.apache.ratis.util.JvmPauseMonitor$$Lambda$431/624767945@2f46df29] INFO  util.JvmPauseMonitor (JvmPauseMonitor.java:run(109)) - JvmPauseMonitor-49948d64-f13f-4dea-ab4c-a99dcf6a29cc: Stopped
2022-02-08 12:43:37,210 [EndpointStateMachine task thread for /0.0.0.0:39327 - 0 ] INFO  ipc.Client (Client.java:handleConnectionFailure(977)) - Retrying connect to server: 0.0.0.0/0.0.0.0:39327. Already tried 1 time(s); retry policy is RetryUpToMaximumCountWithFixedSleep(maxRetries=15, sleepTime=1000 MILLISECONDS)
2022-02-08 12:43:38,211 [EndpointStateMachine task thread for /0.0.0.0:39327 - 0 ] INFO  ipc.Client (Client.java:handleConnectionFailure(977)) - Retrying connect to server: 0.0.0.0/0.0.0.0:39327. Already tried 2 time(s); retry policy is RetryUpToMaximumCountWithFixedSleep(maxRetries=15, sleepTime=1000 MILLISECONDS)
2022-02-08 12:43:38,666 [Time-limited test] INFO  utils.BackgroundService (BackgroundService.java:shutdown(132)) - Shutting down service BlockDeletingService
2022-02-08 12:43:39,214 [EndpointStateMachine task thread for /0.0.0.0:39327 - 0 ] INFO  ipc.Client (Client.java:handleConnectionFailure(977)) - Retrying connect to server: 0.0.0.0/0.0.0.0:39327. Already tried 3 time(s); retry policy is RetryUpToMaximumCountWithFixedSleep(maxRetries=15, sleepTime=1000 MILLISECONDS)
2022-02-08 12:43:39,617 [ForkJoinPool.commonPool-worker-0] INFO  statemachine.DatanodeStateMachine (DatanodeStateMachine.java:stopDaemon(529)) - Ozone container server stopped.
2022-02-08 12:43:39,619 [ForkJoinPool.commonPool-worker-0] INFO  handler.ContextHandler (ContextHandler.java:doStop(1153)) - Stopped o.e.j.w.WebAppContext@620fad2a{hddsDatanode,/,null,STOPPED}{jar:file:/home/runner/.m2/repository/org/apache/ozone/hdds-container-service/1.3.0-SNAPSHOT/hdds-container-service-1.3.0-SNAPSHOT.jar!/webapps/hddsDatanode}
2022-02-08 12:43:39,626 [ForkJoinPool.commonPool-worker-0] INFO  server.AbstractConnector (AbstractConnector.java:doStop(381)) - Stopped ServerConnector@643215c7{HTTP/1.1, (http/1.1)}{0.0.0.0:34049}
2022-02-08 12:43:39,626 [ForkJoinPool.commonPool-worker-0] INFO  server.session (HouseKeeper.java:stopScavenging(149)) - node0 Stopped scavenging
2022-02-08 12:43:39,627 [ForkJoinPool.commonPool-worker-0] INFO  handler.ContextHandler (ContextHandler.java:doStop(1153)) - Stopped o.e.j.s.ServletContextHandler@4e777110{static,/static,jar:file:/home/runner/.m2/repository/org/apache/ozone/hdds-container-service/1.3.0-SNAPSHOT/hdds-container-service-1.3.0-SNAPSHOT.jar!/webapps/static,STOPPED}
2022-02-08 12:43:39,630 [ForkJoinPool.commonPool-worker-0] INFO  handler.ContextHandler (ContextHandler.java:doStop(1153)) - Stopped o.e.j.s.ServletContextHandler@524694e{logs,/logs,file:///home/runner/work/ozone/ozone/hadoop-ozone/integration-test/target/log,STOPPED}
2022-02-08 12:43:39,720 [Datanode State Machine Daemon Thread] WARN  statemachine.StateContext (StateContext.java:setState(249)) - Ignore disallowed transition from SHUTDOWN to RUNNING
2022-02-08 12:43:40,214 [EndpointStateMachine task thread for /0.0.0.0:39327 - 0 ] INFO  ipc.Client (Client.java:handleConnectionFailure(977)) - Retrying connect to server: 0.0.0.0/0.0.0.0:39327. Already tried 4 time(s); retry policy is RetryUpToMaximumCountWithFixedSleep(maxRetries=15, sleepTime=1000 MILLISECONDS)
2022-02-08 12:43:41,215 [EndpointStateMachine task thread for /0.0.0.0:39327 - 0 ] INFO  ipc.Client (Client.java:handleConnectionFailure(977)) - Retrying connect to server: 0.0.0.0/0.0.0.0:39327. Already tried 5 time(s); retry policy is RetryUpToMaximumCountWithFixedSleep(maxRetries=15, sleepTime=1000 MILLISECONDS)
2022-02-08 12:43:41,669 [Time-limited test] INFO  statemachine.DatanodeStateMachine (DatanodeStateMachine.java:stopDaemon(529)) - Ozone container server stopped.
2022-02-08 12:43:41,671 [Time-limited test] INFO  handler.ContextHandler (ContextHandler.java:doStop(1153)) - Stopped o.e.j.w.WebAppContext@330fdaeb{hddsDatanode,/,null,STOPPED}{jar:file:/home/runner/.m2/repository/org/apache/ozone/hdds-container-service/1.3.0-SNAPSHOT/hdds-container-service-1.3.0-SNAPSHOT.jar!/webapps/hddsDatanode}
2022-02-08 12:43:41,680 [Time-limited test] INFO  server.AbstractConnector (AbstractConnector.java:doStop(381)) - Stopped ServerConnector@765740c2{HTTP/1.1, (http/1.1)}{0.0.0.0:0}
2022-02-08 12:43:41,680 [Time-limited test] INFO  server.session (HouseKeeper.java:stopScavenging(149)) - node0 Stopped scavenging
2022-02-08 12:43:41,680 [Time-limited test] INFO  handler.ContextHandler (ContextHandler.java:doStop(1153)) - Stopped o.e.j.s.ServletContextHandler@4f34cdbd{static,/static,jar:file:/home/runner/.m2/repository/org/apache/ozone/hdds-container-service/1.3.0-SNAPSHOT/hdds-container-service-1.3.0-SNAPSHOT.jar!/webapps/static,STOPPED}
2022-02-08 12:43:41,685 [Time-limited test] INFO  handler.ContextHandler (ContextHandler.java:doStop(1153)) - Stopped o.e.j.s.ServletContextHandler@4fbb7865{logs,/logs,file:///home/runner/work/ozone/ozone/hadoop-ozone/integration-test/target/log,STOPPED}
2022-02-08 12:43:42,216 [EndpointStateMachine task thread for /0.0.0.0:39327 - 0 ] INFO  ipc.Client (Client.java:handleConnectionFailure(977)) - Retrying connect to server: 0.0.0.0/0.0.0.0:39327. Already tried 6 time(s); retry policy is RetryUpToMaximumCountWithFixedSleep(maxRetries=15, sleepTime=1000 MILLISECONDS)
2022-02-08 12:43:43,217 [EndpointStateMachine task thread for /0.0.0.0:39327 - 0 ] INFO  ipc.Client (Client.java:handleConnectionFailure(977)) - Retrying connect to server: 0.0.0.0/0.0.0.0:39327. Already tried 7 time(s); retry policy is RetryUpToMaximumCountWithFixedSleep(maxRetries=15, sleepTime=1000 MILLISECONDS)
2022-02-08 12:43:44,218 [EndpointStateMachine task thread for /0.0.0.0:39327 - 0 ] INFO  ipc.Client (Client.java:handleConnectionFailure(977)) - Retrying connect to server: 0.0.0.0/0.0.0.0:39327. Already tried 8 time(s); retry policy is RetryUpToMaximumCountWithFixedSleep(maxRetries=15, sleepTime=1000 MILLISECONDS)
2022-02-08 12:43:44,498 [ddfda897-e03d-4d19-9b1c-17acf61c97d5@group-885A5AF52B02-FollowerState] INFO  impl.FollowerState (FollowerState.java:run(134)) - ddfda897-e03d-4d19-9b1c-17acf61c97d5@group-885A5AF52B02-FollowerState: change to CANDIDATE, lastRpcElapsedTime:10001453087ns, electionTimeout:5011ms
2022-02-08 12:43:44,498 [ddfda897-e03d-4d19-9b1c-17acf61c97d5@group-885A5AF52B02-FollowerState] INFO  impl.RoleInfo (RoleInfo.java:shutdownFollowerState(108)) - ddfda897-e03d-4d19-9b1c-17acf61c97d5: shutdown ddfda897-e03d-4d19-9b1c-17acf61c97d5@group-885A5AF52B02-FollowerState
2022-02-08 12:43:44,498 [ddfda897-e03d-4d19-9b1c-17acf61c97d5@group-885A5AF52B02-FollowerState] INFO  server.RaftServer$Division (RaftServerImpl.java:setRole(290)) - ddfda897-e03d-4d19-9b1c-17acf61c97d5@group-885A5AF52B02: changes role from  FOLLOWER to CANDIDATE at term 10 for changeToCandidate
2022-02-08 12:43:44,498 [ddfda897-e03d-4d19-9b1c-17acf61c97d5@group-885A5AF52B02-FollowerState] INFO  server.RaftServerConfigKeys (ConfUtils.java:logGet(44)) - raft.server.leaderelection.pre-vote = false (custom)
2022-02-08 12:43:44,498 [ddfda897-e03d-4d19-9b1c-17acf61c97d5@group-885A5AF52B02-FollowerState] INFO  impl.RoleInfo (RoleInfo.java:updateAndGet(130)) - ddfda897-e03d-4d19-9b1c-17acf61c97d5: start ddfda897-e03d-4d19-9b1c-17acf61c97d5@group-885A5AF52B02-LeaderElection32
2022-02-08 12:43:44,516 [ddfda897-e03d-4d19-9b1c-17acf61c97d5@group-885A5AF52B02-LeaderElection32] INFO  server.RaftServer$Division (ServerState.java:setLeader(285)) - ddfda897-e03d-4d19-9b1c-17acf61c97d5@group-885A5AF52B02: change Leader from 49948d64-f13f-4dea-ab4c-a99dcf6a29cc to null at term 10 for ELECTION
2022-02-08 12:43:44,521 [ddfda897-e03d-4d19-9b1c-17acf61c97d5@group-885A5AF52B02-LeaderElection32] INFO  impl.LeaderElection (LeaderElection.java:askForVotes(306)) - ddfda897-e03d-4d19-9b1c-17acf61c97d5@group-885A5AF52B02-LeaderElection32 ELECTION round 0: submit vote requests at term 11 for 0: [2bb38a5d-0509-4181-8b7b-057f495cfd4a|rpc:10.1.0.54:35129|dataStream:|priority:0, ddfda897-e03d-4d19-9b1c-17acf61c97d5|rpc:10.1.0.54:45499|dataStream:|priority:0, 49948d64-f13f-4dea-ab4c-a99dcf6a29cc|rpc:10.1.0.54:40329|dataStream:|priority:1], old=null
2022-02-08 12:43:44,531 [ddfda897-e03d-4d19-9b1c-17acf61c97d5@group-885A5AF52B02-LeaderElection32] INFO  impl.LeaderElection (LogUtils.java:infoOrTrace(137)) - ddfda897-e03d-4d19-9b1c-17acf61c97d5@group-885A5AF52B02-LeaderElection32 got exception when requesting votes: java.util.concurrent.ExecutionException: org.apache.ratis.thirdparty.io.grpc.StatusRuntimeException: UNAVAILABLE: io exception
2022-02-08 12:43:44,560 [ddfda897-e03d-4d19-9b1c-17acf61c97d5@group-885A5AF52B02-LeaderElection32] INFO  impl.LeaderElection (LogUtils.java:infoOrTrace(137)) - ddfda897-e03d-4d19-9b1c-17acf61c97d5@group-885A5AF52B02-LeaderElection32 got exception when requesting votes: java.util.concurrent.ExecutionException: org.apache.ratis.thirdparty.io.grpc.StatusRuntimeException: UNAVAILABLE: io exception
2022-02-08 12:43:44,560 [ddfda897-e03d-4d19-9b1c-17acf61c97d5@group-885A5AF52B02-LeaderElection32] INFO  impl.LeaderElection (LeaderElection.java:logAndReturn(89)) - ddfda897-e03d-4d19-9b1c-17acf61c97d5@group-885A5AF52B02-LeaderElection32: ELECTION REJECTED received 0 response(s) and 2 exception(s):
2022-02-08 12:43:44,560 [ddfda897-e03d-4d19-9b1c-17acf61c97d5@group-885A5AF52B02-LeaderElection32] INFO  impl.LeaderElection (LogUtils.java:infoOrTrace(137)) -   Exception 0: java.util.concurrent.ExecutionException: org.apache.ratis.thirdparty.io.grpc.StatusRuntimeException: UNAVAILABLE: io exception
2022-02-08 12:43:44,560 [ddfda897-e03d-4d19-9b1c-17acf61c97d5@group-885A5AF52B02-LeaderElection32] INFO  impl.LeaderElection (LogUtils.java:infoOrTrace(137)) -   Exception 1: java.util.concurrent.ExecutionException: org.apache.ratis.thirdparty.io.grpc.StatusRuntimeException: UNAVAILABLE: io exception
2022-02-08 12:43:44,561 [ddfda897-e03d-4d19-9b1c-17acf61c97d5@group-885A5AF52B02-LeaderElection32] INFO  impl.LeaderElection (LeaderElection.java:askForVotes(308)) - ddfda897-e03d-4d19-9b1c-17acf61c97d5@group-885A5AF52B02-LeaderElection32 ELECTION round 0: result REJECTED
2022-02-08 12:43:44,561 [ddfda897-e03d-4d19-9b1c-17acf61c97d5@group-885A5AF52B02-LeaderElection32] INFO  server.RaftServer$Division (RaftServerImpl.java:setRole(290)) - ddfda897-e03d-4d19-9b1c-17acf61c97d5@group-885A5AF52B02: changes role from CANDIDATE to FOLLOWER at term 11 for REJECTED
2022-02-08 12:43:44,561 [ddfda897-e03d-4d19-9b1c-17acf61c97d5@group-885A5AF52B02-LeaderElection32] INFO  impl.RoleInfo (RoleInfo.java:shutdownLeaderElection(121)) - ddfda897-e03d-4d19-9b1c-17acf61c97d5: shutdown ddfda897-e03d-4d19-9b1c-17acf61c97d5@group-885A5AF52B02-LeaderElection32
2022-02-08 12:43:44,561 [ddfda897-e03d-4d19-9b1c-17acf61c97d5@group-885A5AF52B02-LeaderElection32] INFO  impl.RoleInfo (RoleInfo.java:updateAndGet(130)) - ddfda897-e03d-4d19-9b1c-17acf61c97d5: start ddfda897-e03d-4d19-9b1c-17acf61c97d5@group-885A5AF52B02-FollowerState
2022-02-08 12:43:44,632 [ForkJoinPool.commonPool-worker-0] INFO  ozoneimpl.OzoneContainer (OzoneContainer.java:stop(336)) - Attempting to stop container services.
2022-02-08 12:43:44,633 [ForkJoinPool.commonPool-worker-0] INFO  server.RaftServer (RaftServerProxy.java:lambda$close$6(391)) - ddfda897-e03d-4d19-9b1c-17acf61c97d5: close
2022-02-08 12:43:44,634 [ForkJoinPool.commonPool-worker-0] INFO  server.RaftServer$Division (RaftServerImpl.java:lambda$close$4(412)) - ddfda897-e03d-4d19-9b1c-17acf61c97d5@group-885A5AF52B02: shutdown
2022-02-08 12:43:44,634 [ForkJoinPool.commonPool-worker-0] INFO  util.JmxRegister (JmxRegister.java:unregister(73)) - Successfully un-registered JMX Bean with object name Ratis:service=RaftServer,group=group-885A5AF52B02,id=ddfda897-e03d-4d19-9b1c-17acf61c97d5
2022-02-08 12:43:44,634 [ForkJoinPool.commonPool-worker-0] INFO  impl.RoleInfo (RoleInfo.java:shutdownFollowerState(108)) - ddfda897-e03d-4d19-9b1c-17acf61c97d5: shutdown ddfda897-e03d-4d19-9b1c-17acf61c97d5@group-885A5AF52B02-FollowerState
2022-02-08 12:43:44,634 [ForkJoinPool.commonPool-worker-0] INFO  impl.StateMachineUpdater (StateMachineUpdater.java:stopAndJoin(149)) - ddfda897-e03d-4d19-9b1c-17acf61c97d5@group-885A5AF52B02-StateMachineUpdater: set stopIndex = 0
2022-02-08 12:43:44,634 [ddfda897-e03d-4d19-9b1c-17acf61c97d5@group-885A5AF52B02-FollowerState] INFO  impl.FollowerState (FollowerState.java:run(143)) - ddfda897-e03d-4d19-9b1c-17acf61c97d5@group-885A5AF52B02-FollowerState was interrupted: {}
java.lang.InterruptedException: sleep interrupted
	at java.lang.Thread.sleep(Native Method)
	at java.lang.Thread.sleep(Thread.java:340)
	at java.util.concurrent.TimeUnit.sleep(TimeUnit.java:386)
	at org.apache.ratis.util.TimeDuration.sleep(TimeDuration.java:324)
	at org.apache.ratis.util.TimeDuration.sleep(TimeDuration.java:309)
	at org.apache.ratis.server.impl.FollowerState.run(FollowerState.java:118)
2022-02-08 12:43:44,648 [ddfda897-e03d-4d19-9b1c-17acf61c97d5@group-885A5AF52B02-StateMachineUpdater] INFO  ratis.ContainerStateMachine (ContainerStateMachine.java:takeSnapshot(299)) - group-885A5AF52B02: Taking a snapshot at:(t:10, i:0) file /home/runner/work/ozone/ozone/hadoop-ozone/integration-test/target/test-dir/MiniOzoneClusterImpl-d9fbf9ff-2b62-4fa3-b93a-ae8b8ac18067/datanode-2/data/ratis/11834e7a-92ed-43f2-b9d8-885a5af52b02/sm/snapshot.10_0
2022-02-08 12:43:44,650 [ddfda897-e03d-4d19-9b1c-17acf61c97d5@group-885A5AF52B02-StateMachineUpdater] INFO  ratis.ContainerStateMachine (ContainerStateMachine.java:takeSnapshot(310)) - group-885A5AF52B02: Finished taking a snapshot at:(t:10, i:0) file:/home/runner/work/ozone/ozone/hadoop-ozone/integration-test/target/test-dir/MiniOzoneClusterImpl-d9fbf9ff-2b62-4fa3-b93a-ae8b8ac18067/datanode-2/data/ratis/11834e7a-92ed-43f2-b9d8-885a5af52b02/sm/snapshot.10_0 took: 1 ms
2022-02-08 12:43:44,650 [ddfda897-e03d-4d19-9b1c-17acf61c97d5@group-885A5AF52B02-StateMachineUpdater] INFO  impl.StateMachineUpdater (StateMachineUpdater.java:takeSnapshot(281)) - ddfda897-e03d-4d19-9b1c-17acf61c97d5@group-885A5AF52B02-StateMachineUpdater: Took a snapshot at index 0
2022-02-08 12:43:44,650 [ddfda897-e03d-4d19-9b1c-17acf61c97d5@group-885A5AF52B02-StateMachineUpdater] INFO  impl.StateMachineUpdater (StateMachineUpdater.java:lambda$new$0(89)) - ddfda897-e03d-4d19-9b1c-17acf61c97d5@group-885A5AF52B02-StateMachineUpdater: snapshotIndex: updateIncreasingly -1 -> 0
2022-02-08 12:43:44,650 [ForkJoinPool.commonPool-worker-0] INFO  server.RaftServer$Division (ServerState.java:close(419)) - ddfda897-e03d-4d19-9b1c-17acf61c97d5@group-885A5AF52B02: closes. applyIndex: 0
2022-02-08 12:43:44,650 [ddfda897-e03d-4d19-9b1c-17acf61c97d5@group-885A5AF52B02-SegmentedRaftLogWorker] INFO  segmented.SegmentedRaftLogWorker (SegmentedRaftLogWorker.java:run(327)) - ddfda897-e03d-4d19-9b1c-17acf61c97d5@group-885A5AF52B02-SegmentedRaftLogWorker was interrupted, exiting. There are 0 tasks remaining in the queue.
2022-02-08 12:43:44,651 [ForkJoinPool.commonPool-worker-0] INFO  segmented.SegmentedRaftLogWorker (SegmentedRaftLogWorker.java:close(237)) - ddfda897-e03d-4d19-9b1c-17acf61c97d5@group-885A5AF52B02-SegmentedRaftLogWorker close()
2022-02-08 12:43:44,660 [ForkJoinPool.commonPool-worker-0] INFO  server.RaftServer$Division (RaftServerImpl.java:lambda$close$4(412)) - ddfda897-e03d-4d19-9b1c-17acf61c97d5@group-C6423B7B2888: shutdown
2022-02-08 12:43:44,660 [ForkJoinPool.commonPool-worker-0] INFO  util.JmxRegister (JmxRegister.java:unregister(73)) - Successfully un-registered JMX Bean with object name Ratis:service=RaftServer,group=group-C6423B7B2888,id=ddfda897-e03d-4d19-9b1c-17acf61c97d5
2022-02-08 12:43:44,660 [ForkJoinPool.commonPool-worker-0] INFO  impl.RoleInfo (RoleInfo.java:shutdownLeaderState(91)) - ddfda897-e03d-4d19-9b1c-17acf61c97d5: shutdown ddfda897-e03d-4d19-9b1c-17acf61c97d5@group-C6423B7B2888-LeaderStateImpl
2022-02-08 12:43:44,661 [ForkJoinPool.commonPool-worker-0] INFO  impl.PendingRequests (PendingRequests.java:sendNotLeaderResponses(282)) - ddfda897-e03d-4d19-9b1c-17acf61c97d5@group-C6423B7B2888-PendingRequests: sendNotLeaderResponses
2022-02-08 12:43:44,661 [ForkJoinPool.commonPool-worker-0] INFO  impl.StateMachineUpdater (StateMachineUpdater.java:stopAndJoin(149)) - ddfda897-e03d-4d19-9b1c-17acf61c97d5@group-C6423B7B2888-StateMachineUpdater: set stopIndex = 0
2022-02-08 12:43:44,662 [ddfda897-e03d-4d19-9b1c-17acf61c97d5@group-C6423B7B2888-StateMachineUpdater] INFO  ratis.ContainerStateMachine (ContainerStateMachine.java:takeSnapshot(299)) - group-C6423B7B2888: Taking a snapshot at:(t:1, i:0) file /home/runner/work/ozone/ozone/hadoop-ozone/integration-test/target/test-dir/MiniOzoneClusterImpl-d9fbf9ff-2b62-4fa3-b93a-ae8b8ac18067/datanode-2/data/ratis/31cb5ce9-1afb-43f8-992c-c6423b7b2888/sm/snapshot.1_0
2022-02-08 12:43:44,663 [ddfda897-e03d-4d19-9b1c-17acf61c97d5@group-C6423B7B2888-StateMachineUpdater] INFO  ratis.ContainerStateMachine (ContainerStateMachine.java:takeSnapshot(310)) - group-C6423B7B2888: Finished taking a snapshot at:(t:1, i:0) file:/home/runner/work/ozone/ozone/hadoop-ozone/integration-test/target/test-dir/MiniOzoneClusterImpl-d9fbf9ff-2b62-4fa3-b93a-ae8b8ac18067/datanode-2/data/ratis/31cb5ce9-1afb-43f8-992c-c6423b7b2888/sm/snapshot.1_0 took: 1 ms
2022-02-08 12:43:44,663 [ddfda897-e03d-4d19-9b1c-17acf61c97d5@group-C6423B7B2888-StateMachineUpdater] INFO  impl.StateMachineUpdater (StateMachineUpdater.java:takeSnapshot(281)) - ddfda897-e03d-4d19-9b1c-17acf61c97d5@group-C6423B7B2888-StateMachineUpdater: Took a snapshot at index 0
2022-02-08 12:43:44,663 [ddfda897-e03d-4d19-9b1c-17acf61c97d5@group-C6423B7B2888-StateMachineUpdater] INFO  impl.StateMachineUpdater (StateMachineUpdater.java:lambda$new$0(89)) - ddfda897-e03d-4d19-9b1c-17acf61c97d5@group-C6423B7B2888-StateMachineUpdater: snapshotIndex: updateIncreasingly -1 -> 0
2022-02-08 12:43:44,671 [ForkJoinPool.commonPool-worker-0] INFO  server.RaftServer$Division (ServerState.java:close(419)) - ddfda897-e03d-4d19-9b1c-17acf61c97d5@group-C6423B7B2888: closes. applyIndex: 0
2022-02-08 12:43:44,671 [ddfda897-e03d-4d19-9b1c-17acf61c97d5@group-C6423B7B2888-SegmentedRaftLogWorker] INFO  segmented.SegmentedRaftLogWorker (SegmentedRaftLogWorker.java:run(327)) - ddfda897-e03d-4d19-9b1c-17acf61c97d5@group-C6423B7B2888-SegmentedRaftLogWorker was interrupted, exiting. There are 0 tasks remaining in the queue.
2022-02-08 12:43:44,672 [ForkJoinPool.commonPool-worker-0] INFO  segmented.SegmentedRaftLogWorker (SegmentedRaftLogWorker.java:close(237)) - ddfda897-e03d-4d19-9b1c-17acf61c97d5@group-C6423B7B2888-SegmentedRaftLogWorker close()
2022-02-08 12:43:44,673 [ForkJoinPool.commonPool-worker-0] INFO  server.GrpcService (GrpcService.java:closeImpl(262)) - ddfda897-e03d-4d19-9b1c-17acf61c97d5: shutdown server with port 45499 now
2022-02-08 12:43:44,674 [ForkJoinPool.commonPool-worker-0] INFO  server.GrpcService (GrpcService.java:closeImpl(271)) - ddfda897-e03d-4d19-9b1c-17acf61c97d5: shutdown server with port 45499 successfully
2022-02-08 12:43:44,674 [org.apache.ratis.util.JvmPauseMonitor$$Lambda$431/624767945@31da6db6] INFO  util.JvmPauseMonitor (JvmPauseMonitor.java:run(109)) - JvmPauseMonitor-ddfda897-e03d-4d19-9b1c-17acf61c97d5: Stopped
2022-02-08 12:43:45,219 [EndpointStateMachine task thread for /0.0.0.0:39327 - 0 ] INFO  ipc.Client (Client.java:handleConnectionFailure(977)) - Retrying connect to server: 0.0.0.0/0.0.0.0:39327. Already tried 9 time(s); retry policy is RetryUpToMaximumCountWithFixedSleep(maxRetries=15, sleepTime=1000 MILLISECONDS)
2022-02-08 12:43:46,219 [EndpointStateMachine task thread for /0.0.0.0:39327 - 0 ] INFO  ipc.Client (Client.java:handleConnectionFailure(977)) - Retrying connect to server: 0.0.0.0/0.0.0.0:39327. Already tried 10 time(s); retry policy is RetryUpToMaximumCountWithFixedSleep(maxRetries=15, sleepTime=1000 MILLISECONDS)
2022-02-08 12:43:46,706 [ForkJoinPool.commonPool-worker-0] INFO  utils.BackgroundService (BackgroundService.java:shutdown(132)) - Shutting down service BlockDeletingService
2022-02-08 12:43:47,220 [EndpointStateMachine task thread for /0.0.0.0:39327 - 0 ] INFO  ipc.Client (Client.java:handleConnectionFailure(977)) - Retrying connect to server: 0.0.0.0/0.0.0.0:39327. Already tried 11 time(s); retry policy is RetryUpToMaximumCountWithFixedSleep(maxRetries=15, sleepTime=1000 MILLISECONDS)
2022-02-08 12:43:48,221 [EndpointStateMachine task thread for /0.0.0.0:39327 - 0 ] INFO  ipc.Client (Client.java:handleConnectionFailure(977)) - Retrying connect to server: 0.0.0.0/0.0.0.0:39327. Already tried 12 time(s); retry policy is RetryUpToMaximumCountWithFixedSleep(maxRetries=15, sleepTime=1000 MILLISECONDS)
2022-02-08 12:43:49,222 [EndpointStateMachine task thread for /0.0.0.0:39327 - 0 ] INFO  ipc.Client (Client.java:handleConnectionFailure(977)) - Retrying connect to server: 0.0.0.0/0.0.0.0:39327. Already tried 13 time(s); retry policy is RetryUpToMaximumCountWithFixedSleep(maxRetries=15, sleepTime=1000 MILLISECONDS)
2022-02-08 12:43:49,709 [ForkJoinPool.commonPool-worker-0] INFO  statemachine.DatanodeStateMachine (DatanodeStateMachine.java:stopDaemon(529)) - Ozone container server stopped.
2022-02-08 12:43:49,723 [ForkJoinPool.commonPool-worker-0] INFO  handler.ContextHandler (ContextHandler.java:doStop(1153)) - Stopped o.e.j.w.WebAppContext@37f2fa98{hddsDatanode,/,null,STOPPED}{jar:file:/home/runner/.m2/repository/org/apache/ozone/hdds-container-service/1.3.0-SNAPSHOT/hdds-container-service-1.3.0-SNAPSHOT.jar!/webapps/hddsDatanode}
2022-02-08 12:43:49,723 [ForkJoinPool.commonPool-worker-0] INFO  server.AbstractConnector (AbstractConnector.java:doStop(381)) - Stopped ServerConnector@735cf379{HTTP/1.1, (http/1.1)}{0.0.0.0:0}
2022-02-08 12:43:49,723 [ForkJoinPool.commonPool-worker-0] INFO  server.session (HouseKeeper.java:stopScavenging(149)) - node0 Stopped scavenging
2022-02-08 12:43:49,724 [ForkJoinPool.commonPool-worker-0] INFO  handler.ContextHandler (ContextHandler.java:doStop(1153)) - Stopped o.e.j.s.ServletContextHandler@19abd586{static,/static,jar:file:/home/runner/.m2/repository/org/apache/ozone/hdds-container-service/1.3.0-SNAPSHOT/hdds-container-service-1.3.0-SNAPSHOT.jar!/webapps/static,STOPPED}
2022-02-08 12:43:49,724 [ForkJoinPool.commonPool-worker-0] INFO  handler.ContextHandler (ContextHandler.java:doStop(1153)) - Stopped o.e.j.s.ServletContextHandler@2883984c{logs,/logs,file:///home/runner/work/ozone/ozone/hadoop-ozone/integration-test/target/log,STOPPED}
2022-02-08 12:43:49,732 [Time-limited test] INFO  ozone.MiniOzoneClusterImpl (MiniOzoneClusterImpl.java:stopSCM(526)) - Stopping the StorageContainerManager
2022-02-08 12:43:49,732 [Time-limited test] INFO  server.StorageContainerManager (StorageContainerManager.java:stop(1390)) - Stopping Container Balancer service.
2022-02-08 12:43:49,732 [Time-limited test] INFO  balancer.ContainerBalancer (ContainerBalancer.java:stop(751)) - Container Balancer is not running.
2022-02-08 12:43:49,742 [Time-limited test] INFO  server.StorageContainerManager (StorageContainerManager.java:stop(1397)) - Stopping Replication Manager Service.
2022-02-08 12:43:49,742 [Time-limited test] INFO  container.ReplicationManager (ReplicationManager.java:stop(364)) - Replication Monitor Thread is not running.
2022-02-08 12:43:49,742 [Time-limited test] INFO  server.StorageContainerManager (StorageContainerManager.java:stop(1404)) - Stopping the Datanode Admin Monitor.
2022-02-08 12:43:49,742 [Time-limited test] INFO  server.StorageContainerManager (StorageContainerManager.java:stop(1411)) - Stopping Lease Manager of the command watchers
2022-02-08 12:43:49,742 [Time-limited test] ERROR server.StorageContainerManager (StorageContainerManager.java:stop(1414)) - Lease Manager of the command watchers stop failed
2022-02-08 12:43:49,742 [Time-limited test] INFO  server.StorageContainerManager (StorageContainerManager.java:stop(1418)) - Stopping datanode service RPC server
2022-02-08 12:43:49,742 [Time-limited test] INFO  server.SCMDatanodeProtocolServer (SCMDatanodeProtocolServer.java:stop(390)) - Stopping the RPC server for DataNodes
2022-02-08 12:43:49,742 [Time-limited test] INFO  ipc.Server (Server.java:stop(3414)) - Stopping server on 39327
2022-02-08 12:43:49,742 [Time-limited test] INFO  server.StorageContainerManager (StorageContainerManager.java:stop(1426)) - Stopping block service RPC server
2022-02-08 12:43:49,743 [Time-limited test] INFO  server.SCMBlockProtocolServer (SCMBlockProtocolServer.java:stop(160)) - Stopping the RPC server for Block Protocol
2022-02-08 12:43:49,743 [Time-limited test] INFO  ipc.Server (Server.java:stop(3414)) - Stopping server on 41697
2022-02-08 12:43:49,743 [Time-limited test] INFO  server.StorageContainerManager (StorageContainerManager.java:stop(1433)) - Stopping the StorageContainerLocationProtocol RPC server
2022-02-08 12:43:49,743 [Time-limited test] INFO  server.SCMClientProtocolServer (SCMClientProtocolServer.java:stop(174)) - Stopping the RPC server for Client Protocol
2022-02-08 12:43:49,743 [Time-limited test] INFO  ipc.Server (Server.java:stop(3414)) - Stopping server on 36989
2022-02-08 12:43:49,743 [Time-limited test] INFO  server.StorageContainerManager (StorageContainerManager.java:stop(1440)) - Stopping Storage Container Manager HTTP server.
2022-02-08 12:43:49,757 [Time-limited test] INFO  server.StorageContainerManager (StorageContainerManager.java:stop(1451)) - Stopping Block Manager Service.
2022-02-08 12:43:49,758 [Time-limited test] INFO  utils.BackgroundService (BackgroundService.java:shutdown(132)) - Shutting down service SCMBlockDeletingService
2022-02-08 12:43:49,758 [Time-limited test] INFO  utils.BackgroundService (BackgroundService.java:shutdown(132)) - Shutting down service SCMBlockDeletingService
2022-02-08 12:43:49,758 [Time-limited test] INFO  server.StorageContainerManager (StorageContainerManager.java:stop(1478)) - Stopping SCM Event Queue.
2022-02-08 12:43:49,760 [Time-limited test] INFO  server.StorageContainerManager (StorageContainerManager.java:stop(1489)) - Stopping SCM HA services.
2022-02-08 12:43:49,761 [Time-limited test] INFO  ha.SCMRatisServerImpl (SCMRatisServerImpl.java:stop(236)) - stopping ratis server 0.0.0.0:9894
2022-02-08 12:43:49,761 [Time-limited test] WARN  pipeline.BackgroundPipelineCreator (BackgroundPipelineCreator.java:stop(154)) - RatisPipelineUtilsThread is not running, just ignore.
2022-02-08 12:43:49,761 [Time-limited test] INFO  server.StorageContainerManager (StorageContainerManager.java:stop(1499)) - Stopping SCM MetadataStore.
2022-02-08 12:43:49,761 [Time-limited test] INFO  impl.MetricsSystemImpl (MetricsSystemImpl.java:stop(210)) - Stopping HddsDatanode metrics system...
2022-02-08 12:43:49,777 [prometheus] INFO  impl.MetricsSinkAdapter (MetricsSinkAdapter.java:publishMetricsFromQueue(141)) - prometheus thread interrupted.
2022-02-08 12:43:49,788 [Time-limited test] INFO  impl.MetricsSystemImpl (MetricsSystemImpl.java:stop(216)) - HddsDatanode metrics system stopped.
]]></system-out>
  </testcase>
  <testcase name="testDatanodeIDPersistent" classname="org.apache.hadoop.ozone.TestMiniOzoneCluster" time="0.055"/>
  <testcase name="testContainerRandomPort" classname="org.apache.hadoop.ozone.TestMiniOzoneCluster" time="25.025"/>
</testsuite>