<?xml version="1.0" encoding="UTF-8"?>
<testsuite xmlns:xsi="http://www.w3.org/2001/XMLSchema-instance" xsi:noNamespaceSchemaLocation="https://maven.apache.org/surefire/maven-surefire-plugin/xsd/surefire-test-report-3.0.xsd" version="3.0" name="org.apache.hadoop.ozone.container.TestECContainerRecovery" time="182.493" tests="2" errors="1" skipped="0" failures="0">
  <properties>
    <property name="awt.toolkit" value="sun.awt.X11.XToolkit"/>
    <property name="file.encoding.pkg" value="sun.io"/>
    <property name="java.specification.version" value="1.8"/>
    <property name="sun.cpu.isalist" value=""/>
    <property name="sun.jnu.encoding" value="UTF-8"/>
    <property name="java.class.path" value="/home/runner/work/ozone/ozone/hadoop-ozone/integration-test/target/test-classes:/home/runner/work/ozone/ozone/hadoop-ozone/integration-test/target/classes:/home/runner/.m2/repository/org/apache/ozone/ozone-common/1.3.0-SNAPSHOT/ozone-common-1.3.0-SNAPSHOT.jar:/home/runner/.m2/repository/io/grpc/grpc-netty/1.48.1/grpc-netty-1.48.1.jar:/home/runner/.m2/repository/io/grpc/grpc-core/1.48.1/grpc-core-1.48.1.jar:/home/runner/.m2/repository/com/google/android/annotations/4.1.1.4/annotations-4.1.1.4.jar:/home/runner/.m2/repository/org/codehaus/mojo/animal-sniffer-annotations/1.21/animal-sniffer-annotations-1.21.jar:/home/runner/.m2/repository/com/google/errorprone/error_prone_annotations/2.2.0/error_prone_annotations-2.2.0.jar:/home/runner/.m2/repository/io/perfmark/perfmark-api/0.25.0/perfmark-api-0.25.0.jar:/home/runner/.m2/repository/io/netty/netty-codec-http2/4.1.77.Final/netty-codec-http2-4.1.77.Final.jar:/home/runner/.m2/repository/io/netty/netty-common/4.1.77.Final/netty-common-4.1.77.Final.jar:/home/runner/.m2/repository/io/netty/netty-buffer/4.1.77.Final/netty-buffer-4.1.77.Final.jar:/home/runner/.m2/repository/io/netty/netty-codec-http/4.1.77.Final/netty-codec-http-4.1.77.Final.jar:/home/runner/.m2/repository/io/netty/netty-handler-proxy/4.1.77.Final/netty-handler-proxy-4.1.77.Final.jar:/home/runner/.m2/repository/io/netty/netty-codec-socks/4.1.77.Final/netty-codec-socks-4.1.77.Final.jar:/home/runner/.m2/repository/io/netty/netty-tcnative-boringssl-static/2.0.52.Final/netty-tcnative-boringssl-static-2.0.52.Final.jar:/home/runner/.m2/repository/io/netty/netty-tcnative-classes/2.0.52.Final/netty-tcnative-classes-2.0.52.Final.jar:/home/runner/.m2/repository/io/netty/netty-tcnative-boringssl-static/2.0.52.Final/netty-tcnative-boringssl-static-2.0.52.Final-linux-x86_64.jar:/home/runner/.m2/repository/io/netty/netty-tcnative-boringssl-static/2.0.52.Final/netty-tcnative-boringssl-static-2.0.52.Final-linux-aarch_64.jar:/home/runner/.m2/repository/io/netty/netty-tcnative-boringssl-static/2.0.52.Final/netty-tcnative-boringssl-static-2.0.52.Final-osx-x86_64.jar:/home/runner/.m2/repository/io/netty/netty-tcnative-boringssl-static/2.0.52.Final/netty-tcnative-boringssl-static-2.0.52.Final-osx-aarch_64.jar:/home/runner/.m2/repository/io/netty/netty-tcnative-boringssl-static/2.0.52.Final/netty-tcnative-boringssl-static-2.0.52.Final-windows-x86_64.jar:/home/runner/.m2/repository/org/apache/commons/commons-compress/1.21/commons-compress-1.21.jar:/home/runner/.m2/repository/org/apache/ozone/hdds-common/1.3.0-SNAPSHOT/hdds-common-1.3.0-SNAPSHOT.jar:/home/runner/.m2/repository/org/apache/ozone/hdds-client/1.3.0-SNAPSHOT/hdds-client-1.3.0-SNAPSHOT.jar:/home/runner/.m2/repository/org/apache/ozone/ozone-interface-client/1.3.0-SNAPSHOT/ozone-interface-client-1.3.0-SNAPSHOT.jar:/home/runner/.m2/repository/org/apache/ozone/hdds-test-utils/1.3.0-SNAPSHOT/hdds-test-utils-1.3.0-SNAPSHOT.jar:/home/runner/.m2/repository/com/google/guava/guava/31.1-jre/guava-31.1-jre.jar:/home/runner/.m2/repository/com/google/guava/failureaccess/1.0.1/failureaccess-1.0.1.jar:/home/runner/.m2/repository/com/google/guava/listenablefuture/9999.0-empty-to-avoid-conflict-with-guava/listenablefuture-9999.0-empty-to-avoid-conflict-with-guava.jar:/home/runner/.m2/repository/com/google/code/findbugs/jsr305/3.0.0/jsr305-3.0.0.jar:/home/runner/.m2/repository/org/checkerframework/checker-qual/3.12.0/checker-qual-3.12.0.jar:/home/runner/.m2/repository/com/google/j2objc/j2objc-annotations/1.3/j2objc-annotations-1.3.jar:/home/runner/.m2/repository/commons-io/commons-io/2.11.0/commons-io-2.11.0.jar:/home/runner/.m2/repository/commons-logging/commons-logging/1.2/commons-logging-1.2.jar:/home/runner/.m2/repository/ch/qos/reload4j/reload4j/1.2.22/reload4j-1.2.22.jar:/home/runner/.m2/repository/org/slf4j/slf4j-api/1.7.36/slf4j-api-1.7.36.jar:/home/runner/.m2/repository/org/apache/ozone/hdds-server-scm/1.3.0-SNAPSHOT/hdds-server-scm-1.3.0-SNAPSHOT.jar:/home/runner/.m2/repository/org/apache/ozone/hdds-container-service/1.3.0-SNAPSHOT/hdds-container-service-1.3.0-SNAPSHOT.jar:/home/runner/.m2/repository/org/apache/ozone/hdds-hadoop-dependency-server/1.3.0-SNAPSHOT/hdds-hadoop-dependency-server-1.3.0-SNAPSHOT.jar:/home/runner/.m2/repository/org/apache/hadoop/hadoop-hdfs/3.3.4/hadoop-hdfs-3.3.4.jar:/home/runner/.m2/repository/org/eclipse/jetty/jetty-util-ajax/9.4.49.v20220914/jetty-util-ajax-9.4.49.v20220914.jar:/home/runner/.m2/repository/commons-daemon/commons-daemon/1.0.13/commons-daemon-1.0.13.jar:/home/runner/.m2/repository/org/apache/ozone/hdds-server-framework/1.3.0-SNAPSHOT/hdds-server-framework-1.3.0-SNAPSHOT.jar:/home/runner/.m2/repository/org/apache/ozone/hdds-interface-server/1.3.0-SNAPSHOT/hdds-interface-server-1.3.0-SNAPSHOT.jar:/home/runner/.m2/repository/org/apache/commons/commons-configuration2/2.1.1/commons-configuration2-2.1.1.jar:/home/runner/.m2/repository/org/apache/logging/log4j/log4j-core/2.17.1/log4j-core-2.17.1.jar:/home/runner/.m2/repository/com/lmax/disruptor/3.4.2/disruptor-3.4.2.jar:/home/runner/.m2/repository/org/eclipse/jetty/jetty-servlet/9.4.49.v20220914/jetty-servlet-9.4.49.v20220914.jar:/home/runner/.m2/repository/org/eclipse/jetty/jetty-security/9.4.49.v20220914/jetty-security-9.4.49.v20220914.jar:/home/runner/.m2/repository/org/rocksdb/rocksdbjni/7.7.3/rocksdbjni-7.7.3.jar:/home/runner/.m2/repository/io/prometheus/simpleclient_dropwizard/0.7.0/simpleclient_dropwizard-0.7.0.jar:/home/runner/.m2/repository/io/prometheus/simpleclient/0.7.0/simpleclient-0.7.0.jar:/home/runner/.m2/repository/io/prometheus/simpleclient_common/0.7.0/simpleclient_common-0.7.0.jar:/home/runner/.m2/repository/com/github/spotbugs/spotbugs-annotations/3.1.12/spotbugs-annotations-3.1.12.jar:/home/runner/.m2/repository/io/dropwizard/metrics/metrics-core/3.2.4/metrics-core-3.2.4.jar:/home/runner/.m2/repository/org/apache/commons/commons-text/1.4/commons-text-1.4.jar:/home/runner/.m2/repository/org/apache/hadoop/hadoop-hdfs-client/3.3.4/hadoop-hdfs-client-3.3.4.jar:/home/runner/.m2/repository/com/squareup/okhttp3/okhttp/4.9.3/okhttp-4.9.3.jar:/home/runner/.m2/repository/com/squareup/okio/okio/2.8.0/okio-2.8.0.jar:/home/runner/.m2/repository/org/jetbrains/kotlin/kotlin-stdlib-common/1.4.10/kotlin-stdlib-common-1.4.10.jar:/home/runner/.m2/repository/org/bouncycastle/bcprov-jdk15on/1.67/bcprov-jdk15on-1.67.jar:/home/runner/.m2/repository/com/google/protobuf/protobuf-java/2.5.0/protobuf-java-2.5.0.jar:/home/runner/.m2/repository/org/apache/ozone/ozone-manager/1.3.0-SNAPSHOT/ozone-manager-1.3.0-SNAPSHOT.jar:/home/runner/.m2/repository/org/aspectj/aspectjrt/1.9.7/aspectjrt-1.9.7.jar:/home/runner/.m2/repository/org/aspectj/aspectjweaver/1.9.7/aspectjweaver-1.9.7.jar:/home/runner/.m2/repository/org/apache/ozone/hdds-interface-client/1.3.0-SNAPSHOT/hdds-interface-client-1.3.0-SNAPSHOT.jar:/home/runner/.m2/repository/org/apache/hadoop/thirdparty/hadoop-shaded-protobuf_3_7/1.1.1/hadoop-shaded-protobuf_3_7-1.1.1.jar:/home/runner/.m2/repository/org/apache/ozone/ozone-interface-storage/1.3.0-SNAPSHOT/ozone-interface-storage-1.3.0-SNAPSHOT.jar:/home/runner/.m2/repository/org/reflections/reflections/0.9.11/reflections-0.9.11.jar:/home/runner/.m2/repository/com/sun/jersey/jersey-client/1.19/jersey-client-1.19.jar:/home/runner/.m2/repository/org/apache/ranger/ranger-intg/2.3.0/ranger-intg-2.3.0.jar:/home/runner/.m2/repository/org/apache/ranger/ranger-plugins-common/2.3.0/ranger-plugins-common-2.3.0.jar:/home/runner/.m2/repository/commons-lang/commons-lang/2.6/commons-lang-2.6.jar:/home/runner/.m2/repository/org/codehaus/jackson/jackson-jaxrs/1.9.13/jackson-jaxrs-1.9.13.jar:/home/runner/.m2/repository/org/apache/ranger/ranger-plugins-cred/2.3.0/ranger-plugins-cred-2.3.0.jar:/home/runner/.m2/repository/org/apache/ranger/ranger-plugins-audit/2.3.0/ranger-plugins-audit-2.3.0.jar:/home/runner/.m2/repository/org/eclipse/jetty/jetty-client/9.4.31.v20200723/jetty-client-9.4.31.v20200723.jar:/home/runner/.m2/repository/org/apache/httpcomponents/httpmime/4.5.6/httpmime-4.5.6.jar:/home/runner/.m2/repository/org/apache/httpcomponents/httpcore-nio/4.4.6/httpcore-nio-4.4.6.jar:/home/runner/.m2/repository/org/apache/httpcomponents/httpasyncclient/4.1.3/httpasyncclient-4.1.3.jar:/home/runner/.m2/repository/com/carrotsearch/hppc/0.8.0/hppc-0.8.0.jar:/home/runner/.m2/repository/org/apache/orc/orc-core/1.5.8/orc-core-1.5.8.jar:/home/runner/.m2/repository/net/java/dev/jna/jna/5.2.0/jna-5.2.0.jar:/home/runner/.m2/repository/net/java/dev/jna/jna-platform/5.2.0/jna-platform-5.2.0.jar:/home/runner/.m2/repository/com/kstruct/gethostname4j/0.0.2/gethostname4j-0.0.2.jar:/home/runner/.m2/repository/org/apache/ranger/ranger-plugin-classloader/2.3.0/ranger-plugin-classloader-2.3.0.jar:/home/runner/.m2/repository/org/apache/hadoop/hadoop-minikdc/3.3.4/hadoop-minikdc-3.3.4.jar:/home/runner/.m2/repository/org/apache/kerby/kerb-simplekdc/1.0.1/kerb-simplekdc-1.0.1.jar:/home/runner/.m2/repository/org/apache/kerby/kerb-client/1.0.1/kerb-client-1.0.1.jar:/home/runner/.m2/repository/org/apache/kerby/kerby-config/1.0.1/kerby-config-1.0.1.jar:/home/runner/.m2/repository/org/apache/kerby/kerb-common/1.0.1/kerb-common-1.0.1.jar:/home/runner/.m2/repository/org/apache/kerby/kerb-crypto/1.0.1/kerb-crypto-1.0.1.jar:/home/runner/.m2/repository/org/apache/kerby/kerb-util/1.0.1/kerb-util-1.0.1.jar:/home/runner/.m2/repository/org/apache/kerby/token-provider/1.0.1/token-provider-1.0.1.jar:/home/runner/.m2/repository/org/apache/kerby/kerb-admin/1.0.1/kerb-admin-1.0.1.jar:/home/runner/.m2/repository/org/apache/kerby/kerb-server/1.0.1/kerb-server-1.0.1.jar:/home/runner/.m2/repository/org/apache/kerby/kerb-identity/1.0.1/kerb-identity-1.0.1.jar:/home/runner/.m2/repository/org/apache/kerby/kerby-xdr/1.0.1/kerby-xdr-1.0.1.jar:/home/runner/.m2/repository/org/apache/ozone/ozone-s3gateway/1.3.0-SNAPSHOT/ozone-s3gateway-1.3.0-SNAPSHOT.jar:/home/runner/.m2/repository/org/javassist/javassist/3.21.0-GA/javassist-3.21.0-GA.jar:/home/runner/.m2/repository/org/jboss/weld/servlet/weld-servlet/2.4.7.Final/weld-servlet-2.4.7.Final.jar:/home/runner/.m2/repository/org/glassfish/jersey/containers/jersey-container-servlet-core/2.34/jersey-container-servlet-core-2.34.jar:/home/runner/.m2/repository/org/glassfish/hk2/external/jakarta.inject/2.6.1/jakarta.inject-2.6.1.jar:/home/runner/.m2/repository/org/glassfish/jersey/core/jersey-common/2.34/jersey-common-2.34.jar:/home/runner/.m2/repository/jakarta/ws/rs/jakarta.ws.rs-api/2.1.6/jakarta.ws.rs-api-2.1.6.jar:/home/runner/.m2/repository/org/glassfish/jersey/ext/cdi/jersey-cdi1x/2.34/jersey-cdi1x-2.34.jar:/home/runner/.m2/repository/org/glassfish/jersey/inject/jersey-hk2/2.34/jersey-hk2-2.34.jar:/home/runner/.m2/repository/org/glassfish/hk2/hk2-locator/2.6.1/hk2-locator-2.6.1.jar:/home/runner/.m2/repository/org/glassfish/jersey/media/jersey-media-jaxb/2.34/jersey-media-jaxb-2.34.jar:/home/runner/.m2/repository/org/glassfish/hk2/osgi-resource-locator/1.0.3/osgi-resource-locator-1.0.3.jar:/home/runner/.m2/repository/org/glassfish/hk2/hk2-api/2.5.0/hk2-api-2.5.0.jar:/home/runner/.m2/repository/org/glassfish/hk2/hk2-utils/2.5.0/hk2-utils-2.5.0.jar:/home/runner/.m2/repository/org/glassfish/hk2/external/aopalliance-repackaged/2.5.0/aopalliance-repackaged-2.5.0.jar:/home/runner/.m2/repository/com/fasterxml/jackson/dataformat/jackson-dataformat-xml/2.13.4/jackson-dataformat-xml-2.13.4.jar:/home/runner/.m2/repository/com/fasterxml/jackson/core/jackson-core/2.13.4/jackson-core-2.13.4.jar:/home/runner/.m2/repository/org/codehaus/woodstox/stax2-api/4.2.1/stax2-api-4.2.1.jar:/home/runner/.m2/repository/com/fasterxml/woodstox/woodstox-core/5.4.0/woodstox-core-5.4.0.jar:/home/runner/.m2/repository/com/fasterxml/jackson/module/jackson-module-jaxb-annotations/2.13.4/jackson-module-jaxb-annotations-2.13.4.jar:/home/runner/.m2/repository/jakarta/xml/bind/jakarta.xml.bind-api/2.3.3/jakarta.xml.bind-api-2.3.3.jar:/home/runner/.m2/repository/jakarta/activation/jakarta.activation-api/1.2.1/jakarta.activation-api-1.2.1.jar:/home/runner/.m2/repository/javax/enterprise/cdi-api/1.2/cdi-api-1.2.jar:/home/runner/.m2/repository/javax/el/javax.el-api/3.0.0/javax.el-api-3.0.0.jar:/home/runner/.m2/repository/javax/interceptor/javax.interceptor-api/1.2/javax.interceptor-api-1.2.jar:/home/runner/.m2/repository/javax/inject/javax.inject/1/javax.inject-1.jar:/home/runner/.m2/repository/javax/xml/bind/jaxb-api/2.3.0/jaxb-api-2.3.0.jar:/home/runner/.m2/repository/org/glassfish/jaxb/jaxb-runtime/2.3.0.1/jaxb-runtime-2.3.0.1.jar:/home/runner/.m2/repository/org/glassfish/jaxb/jaxb-core/2.3.0.1/jaxb-core-2.3.0.1.jar:/home/runner/.m2/repository/org/glassfish/jaxb/txw2/2.3.0.1/txw2-2.3.0.1.jar:/home/runner/.m2/repository/com/sun/istack/istack-commons-runtime/3.0.5/istack-commons-runtime-3.0.5.jar:/home/runner/.m2/repository/org/jvnet/staxex/stax-ex/1.7.8/stax-ex-1.7.8.jar:/home/runner/.m2/repository/com/sun/xml/fastinfoset/FastInfoset/1.2.13/FastInfoset-1.2.13.jar:/home/runner/.m2/repository/javax/activation/activation/1.1.1/activation-1.1.1.jar:/home/runner/.m2/repository/io/grpc/grpc-protobuf/1.48.1/grpc-protobuf-1.48.1.jar:/home/runner/.m2/repository/io/grpc/grpc-api/1.48.1/grpc-api-1.48.1.jar:/home/runner/.m2/repository/io/grpc/grpc-context/1.48.1/grpc-context-1.48.1.jar:/home/runner/.m2/repository/com/google/api/grpc/proto-google-common-protos/2.9.0/proto-google-common-protos-2.9.0.jar:/home/runner/.m2/repository/io/grpc/grpc-protobuf-lite/1.48.1/grpc-protobuf-lite-1.48.1.jar:/home/runner/.m2/repository/io/grpc/grpc-stub/1.48.1/grpc-stub-1.48.1.jar:/home/runner/.m2/repository/io/netty/netty-transport/4.1.77.Final/netty-transport-4.1.77.Final.jar:/home/runner/.m2/repository/io/netty/netty-resolver/4.1.77.Final/netty-resolver-4.1.77.Final.jar:/home/runner/.m2/repository/org/apache/ozone/ozone-csi/1.3.0-SNAPSHOT/ozone-csi-1.3.0-SNAPSHOT.jar:/home/runner/.m2/repository/com/google/protobuf/protobuf-java-util/3.19.6/protobuf-java-util-3.19.6.jar:/home/runner/.m2/repository/com/google/code/gson/gson/2.9.0/gson-2.9.0.jar:/home/runner/.m2/repository/org/apache/ozone/hdds-config/1.3.0-SNAPSHOT/hdds-config-1.3.0-SNAPSHOT.jar:/home/runner/.m2/repository/io/netty/netty-transport-native-epoll/4.1.77.Final/netty-transport-native-epoll-4.1.77.Final-linux-x86_64.jar:/home/runner/.m2/repository/io/netty/netty-transport-classes-epoll/4.1.77.Final/netty-transport-classes-epoll-4.1.77.Final.jar:/home/runner/.m2/repository/io/netty/netty-transport-native-unix-common/4.1.77.Final/netty-transport-native-unix-common-4.1.77.Final.jar:/home/runner/.m2/repository/org/slf4j/slf4j-reload4j/1.7.36/slf4j-reload4j-1.7.36.jar:/home/runner/.m2/repository/org/apache/ozone/ozone-recon/1.3.0-SNAPSHOT/ozone-recon-1.3.0-SNAPSHOT.jar:/home/runner/.m2/repository/org/apache/ozone/ozone-reconcodegen/1.3.0-SNAPSHOT/ozone-reconcodegen-1.3.0-SNAPSHOT.jar:/home/runner/.m2/repository/com/google/inject/extensions/guice-multibindings/4.0/guice-multibindings-4.0.jar:/home/runner/.m2/repository/com/google/inject/guice/4.0/guice-4.0.jar:/home/runner/.m2/repository/aopalliance/aopalliance/1.0/aopalliance-1.0.jar:/home/runner/.m2/repository/com/google/inject/extensions/guice-assistedinject/4.0/guice-assistedinject-4.0.jar:/home/runner/.m2/repository/com/google/inject/extensions/guice-servlet/4.0/guice-servlet-4.0.jar:/home/runner/.m2/repository/org/glassfish/jersey/containers/jersey-container-servlet/2.34/jersey-container-servlet-2.34.jar:/home/runner/.m2/repository/org/glassfish/hk2/guice-bridge/2.5.0/guice-bridge-2.5.0.jar:/home/runner/.m2/repository/org/glassfish/jersey/core/jersey-server/2.34/jersey-server-2.34.jar:/home/runner/.m2/repository/org/glassfish/jersey/core/jersey-client/2.34/jersey-client-2.34.jar:/home/runner/.m2/repository/jakarta/annotation/jakarta.annotation-api/1.3.5/jakarta.annotation-api-1.3.5.jar:/home/runner/.m2/repository/jakarta/validation/jakarta.validation-api/2.0.2/jakarta.validation-api-2.0.2.jar:/home/runner/.m2/repository/org/glassfish/jersey/media/jersey-media-json-jackson/2.34/jersey-media-json-jackson-2.34.jar:/home/runner/.m2/repository/org/glassfish/jersey/ext/jersey-entity-filtering/2.34/jersey-entity-filtering-2.34.jar:/home/runner/.m2/repository/org/jooq/jooq/3.11.10/jooq-3.11.10.jar:/home/runner/.m2/repository/org/jooq/jooq-meta/3.11.10/jooq-meta-3.11.10.jar:/home/runner/.m2/repository/org/jooq/jooq-codegen/3.11.10/jooq-codegen-3.11.10.jar:/home/runner/.m2/repository/com/jolbox/bonecp/0.8.0.RELEASE/bonecp-0.8.0.RELEASE.jar:/home/runner/.m2/repository/org/apache/derby/derby/10.14.2.0/derby-10.14.2.0.jar:/home/runner/.m2/repository/org/xerial/sqlite-jdbc/3.25.2/sqlite-jdbc-3.25.2.jar:/home/runner/.m2/repository/org/springframework/spring-jdbc/5.3.23/spring-jdbc-5.3.23.jar:/home/runner/.m2/repository/org/springframework/spring-beans/5.3.23/spring-beans-5.3.23.jar:/home/runner/.m2/repository/org/springframework/spring-core/5.3.23/spring-core-5.3.23.jar:/home/runner/.m2/repository/org/springframework/spring-jcl/5.3.23/spring-jcl-5.3.23.jar:/home/runner/.m2/repository/org/springframework/spring-tx/5.3.23/spring-tx-5.3.23.jar:/home/runner/.m2/repository/org/apache/ozone/ozone-client/1.3.0-SNAPSHOT/ozone-client-1.3.0-SNAPSHOT.jar:/home/runner/.m2/repository/org/apache/ozone/hdds-erasurecode/1.3.0-SNAPSHOT/hdds-erasurecode-1.3.0-SNAPSHOT.jar:/home/runner/.m2/repository/org/apache/ozone/ozone-filesystem/1.3.0-SNAPSHOT/ozone-filesystem-1.3.0-SNAPSHOT.jar:/home/runner/.m2/repository/org/apache/ozone/ozone-filesystem-common/1.3.0-SNAPSHOT/ozone-filesystem-common-1.3.0-SNAPSHOT.jar:/home/runner/.m2/repository/org/apache/ozone/ozone-tools/1.3.0-SNAPSHOT/ozone-tools-1.3.0-SNAPSHOT.jar:/home/runner/.m2/repository/org/apache/ratis/ratis-tools/2.4.2-8b8bdda-SNAPSHOT/ratis-tools-2.4.2-8b8bdda-SNAPSHOT.jar:/home/runner/.m2/repository/com/amazonaws/aws-java-sdk-core/1.12.261/aws-java-sdk-core-1.12.261.jar:/home/runner/.m2/repository/org/apache/httpcomponents/httpclient/4.5.13/httpclient-4.5.13.jar:/home/runner/.m2/repository/org/apache/httpcomponents/httpcore/4.4.13/httpcore-4.4.13.jar:/home/runner/.m2/repository/software/amazon/ion/ion-java/1.0.2/ion-java-1.0.2.jar:/home/runner/.m2/repository/com/fasterxml/jackson/dataformat/jackson-dataformat-cbor/2.13.4/jackson-dataformat-cbor-2.13.4.jar:/home/runner/.m2/repository/joda-time/joda-time/2.8.1/joda-time-2.8.1.jar:/home/runner/.m2/repository/com/amazonaws/aws-java-sdk-s3/1.12.261/aws-java-sdk-s3-1.12.261.jar:/home/runner/.m2/repository/com/amazonaws/aws-java-sdk-kms/1.12.261/aws-java-sdk-kms-1.12.261.jar:/home/runner/.m2/repository/com/amazonaws/jmespath-java/1.12.261/jmespath-java-1.12.261.jar:/home/runner/.m2/repository/org/kohsuke/metainf-services/metainf-services/1.8/metainf-services-1.8.jar:/home/runner/.m2/repository/org/apache/ozone/hdds-tools/1.3.0-SNAPSHOT/hdds-tools-1.3.0-SNAPSHOT.jar:/home/runner/.m2/repository/commons-cli/commons-cli/1.2/commons-cli-1.2.jar:/home/runner/.m2/repository/org/apache/commons/commons-lang3/3.7/commons-lang3-3.7.jar:/home/runner/.m2/repository/org/apache/ozone/ozone-manager/1.3.0-SNAPSHOT/ozone-manager-1.3.0-SNAPSHOT-tests.jar:/home/runner/.m2/repository/org/apache/ozone/hdds-common/1.3.0-SNAPSHOT/hdds-common-1.3.0-SNAPSHOT-tests.jar:/home/runner/.m2/repository/org/apache/ozone/hdds-hadoop-dependency-client/1.3.0-SNAPSHOT/hdds-hadoop-dependency-client-1.3.0-SNAPSHOT.jar:/home/runner/.m2/repository/info/picocli/picocli/4.6.1/picocli-4.6.1.jar:/home/runner/.m2/repository/com/fasterxml/jackson/core/jackson-annotations/2.13.4/jackson-annotations-2.13.4.jar:/home/runner/.m2/repository/com/fasterxml/jackson/datatype/jackson-datatype-jsr310/2.13.4/jackson-datatype-jsr310-2.13.4.jar:/home/runner/.m2/repository/org/apache/ozone/hdds-annotation-processing/1.3.0-SNAPSHOT/hdds-annotation-processing-1.3.0-SNAPSHOT.jar:/home/runner/.m2/repository/javax/annotation/javax.annotation-api/1.2/javax.annotation-api-1.2.jar:/home/runner/.m2/repository/org/apache/ratis/ratis-server/2.4.2-8b8bdda-SNAPSHOT/ratis-server-2.4.2-8b8bdda-SNAPSHOT.jar:/home/runner/.m2/repository/org/apache/ratis/ratis-client/2.4.2-8b8bdda-SNAPSHOT/ratis-client-2.4.2-8b8bdda-SNAPSHOT.jar:/home/runner/.m2/repository/org/apache/ratis/ratis-server-api/2.4.2-8b8bdda-SNAPSHOT/ratis-server-api-2.4.2-8b8bdda-SNAPSHOT.jar:/home/runner/.m2/repository/org/apache/ratis/ratis-metrics/2.4.2-8b8bdda-SNAPSHOT/ratis-metrics-2.4.2-8b8bdda-SNAPSHOT.jar:/home/runner/.m2/repository/org/apache/ratis/ratis-netty/2.4.2-8b8bdda-SNAPSHOT/ratis-netty-2.4.2-8b8bdda-SNAPSHOT.jar:/home/runner/.m2/repository/org/apache/ratis/ratis-grpc/2.4.2-8b8bdda-SNAPSHOT/ratis-grpc-2.4.2-8b8bdda-SNAPSHOT.jar:/home/runner/.m2/repository/org/apache/logging/log4j/log4j-api/2.17.1/log4j-api-2.17.1.jar:/home/runner/.m2/repository/org/apache/commons/commons-pool2/2.6.0/commons-pool2-2.6.0.jar:/home/runner/.m2/repository/org/bouncycastle/bcpkix-jdk15on/1.67/bcpkix-jdk15on-1.67.jar:/home/runner/.m2/repository/commons-validator/commons-validator/1.6/commons-validator-1.6.jar:/home/runner/.m2/repository/commons-beanutils/commons-beanutils/1.9.4/commons-beanutils-1.9.4.jar:/home/runner/.m2/repository/commons-digester/commons-digester/1.8.1/commons-digester-1.8.1.jar:/home/runner/.m2/repository/commons-collections/commons-collections/3.2.2/commons-collections-3.2.2.jar:/home/runner/.m2/repository/io/jaegertracing/jaeger-client/1.6.0/jaeger-client-1.6.0.jar:/home/runner/.m2/repository/io/jaegertracing/jaeger-thrift/1.6.0/jaeger-thrift-1.6.0.jar:/home/runner/.m2/repository/org/apache/thrift/libthrift/0.14.1/libthrift-0.14.1.jar:/home/runner/.m2/repository/io/jaegertracing/jaeger-core/1.6.0/jaeger-core-1.6.0.jar:/home/runner/.m2/repository/io/jaegertracing/jaeger-tracerresolver/1.6.0/jaeger-tracerresolver-1.6.0.jar:/home/runner/.m2/repository/io/opentracing/contrib/opentracing-tracerresolver/0.1.8/opentracing-tracerresolver-0.1.8.jar:/home/runner/.m2/repository/org/jetbrains/kotlin/kotlin-stdlib/1.6.21/kotlin-stdlib-1.6.21.jar:/home/runner/.m2/repository/org/jetbrains/annotations/13.0/annotations-13.0.jar:/home/runner/.m2/repository/io/opentracing/opentracing-util/0.33.0/opentracing-util-0.33.0.jar:/home/runner/.m2/repository/io/opentracing/opentracing-api/0.33.0/opentracing-api-0.33.0.jar:/home/runner/.m2/repository/io/opentracing/opentracing-noop/0.33.0/opentracing-noop-0.33.0.jar:/home/runner/.m2/repository/org/yaml/snakeyaml/1.33/snakeyaml-1.33.jar:/home/runner/.m2/repository/org/apache/ozone/hdds-interface-admin/1.3.0-SNAPSHOT/hdds-interface-admin-1.3.0-SNAPSHOT.jar:/home/runner/.m2/repository/junit/junit/4.13.1/junit-4.13.1.jar:/home/runner/.m2/repository/org/hamcrest/hamcrest-core/1.3/hamcrest-core-1.3.jar:/home/runner/.m2/repository/org/junit/jupiter/junit-jupiter-api/5.8.2/junit-jupiter-api-5.8.2.jar:/home/runner/.m2/repository/org/opentest4j/opentest4j/1.2.0/opentest4j-1.2.0.jar:/home/runner/.m2/repository/org/junit/platform/junit-platform-commons/1.8.2/junit-platform-commons-1.8.2.jar:/home/runner/.m2/repository/org/apiguardian/apiguardian-api/1.1.2/apiguardian-api-1.1.2.jar:/home/runner/.m2/repository/org/junit/jupiter/junit-jupiter-params/5.8.2/junit-jupiter-params-5.8.2.jar:/home/runner/.m2/repository/org/junit/jupiter/junit-jupiter-migrationsupport/5.8.2/junit-jupiter-migrationsupport-5.8.2.jar:/home/runner/.m2/repository/org/junit/jupiter/junit-jupiter-engine/5.8.2/junit-jupiter-engine-5.8.2.jar:/home/runner/.m2/repository/org/junit/platform/junit-platform-engine/1.8.2/junit-platform-engine-1.8.2.jar:/home/runner/.m2/repository/org/junit/vintage/junit-vintage-engine/5.8.2/junit-vintage-engine-5.8.2.jar:/home/runner/.m2/repository/org/junit/platform/junit-platform-launcher/1.8.2/junit-platform-launcher-1.8.2.jar:/home/runner/.m2/repository/org/mockito/mockito-core/2.28.2/mockito-core-2.28.2.jar:/home/runner/.m2/repository/net/bytebuddy/byte-buddy/1.9.10/byte-buddy-1.9.10.jar:/home/runner/.m2/repository/net/bytebuddy/byte-buddy-agent/1.9.10/byte-buddy-agent-1.9.10.jar:/home/runner/.m2/repository/org/objenesis/objenesis/1.0/objenesis-1.0.jar:/home/runner/.m2/repository/org/apache/hadoop/hadoop-kms/3.3.4/hadoop-kms-3.3.4.jar:/home/runner/.m2/repository/org/apache/hadoop/hadoop-auth/3.3.4/hadoop-auth-3.3.4.jar:/home/runner/.m2/repository/com/nimbusds/nimbus-jose-jwt/9.8.1/nimbus-jose-jwt-9.8.1.jar:/home/runner/.m2/repository/com/github/stephenc/jcip/jcip-annotations/1.0-1/jcip-annotations-1.0-1.jar:/home/runner/.m2/repository/net/minidev/json-smart/2.4.7/json-smart-2.4.7.jar:/home/runner/.m2/repository/net/minidev/accessors-smart/2.4.7/accessors-smart-2.4.7.jar:/home/runner/.m2/repository/org/ow2/asm/asm/5.0.4/asm-5.0.4.jar:/home/runner/.m2/repository/org/apache/zookeeper/zookeeper/3.5.6/zookeeper-3.5.6.jar:/home/runner/.m2/repository/org/apache/zookeeper/zookeeper-jute/3.5.6/zookeeper-jute-3.5.6.jar:/home/runner/.m2/repository/org/apache/yetus/audience-annotations/0.5.0/audience-annotations-0.5.0.jar:/home/runner/.m2/repository/org/apache/curator/curator-framework/4.2.0/curator-framework-4.2.0.jar:/home/runner/.m2/repository/org/apache/hadoop/thirdparty/hadoop-shaded-guava/1.1.1/hadoop-shaded-guava-1.1.1.jar:/home/runner/.m2/repository/com/sun/jersey/jersey-core/1.19/jersey-core-1.19.jar:/home/runner/.m2/repository/javax/ws/rs/jsr311-api/1.1.1/jsr311-api-1.1.1.jar:/home/runner/.m2/repository/com/sun/jersey/jersey-server/1.19/jersey-server-1.19.jar:/home/runner/.m2/repository/javax/servlet/javax.servlet-api/3.1.0/javax.servlet-api-3.1.0.jar:/home/runner/.m2/repository/org/eclipse/jetty/jetty-server/9.4.49.v20220914/jetty-server-9.4.49.v20220914.jar:/home/runner/.m2/repository/org/eclipse/jetty/jetty-http/9.4.49.v20220914/jetty-http-9.4.49.v20220914.jar:/home/runner/.m2/repository/org/eclipse/jetty/jetty-io/9.4.49.v20220914/jetty-io-9.4.49.v20220914.jar:/home/runner/.m2/repository/org/eclipse/jetty/jetty-webapp/9.4.49.v20220914/jetty-webapp-9.4.49.v20220914.jar:/home/runner/.m2/repository/org/eclipse/jetty/jetty-xml/9.4.49.v20220914/jetty-xml-9.4.49.v20220914.jar:/home/runner/.m2/repository/org/apache/hadoop/hadoop-common/3.3.4/hadoop-common-3.3.4.jar:/home/runner/.m2/repository/org/apache/commons/commons-math3/3.1.1/commons-math3-3.1.1.jar:/home/runner/.m2/repository/commons-net/commons-net/3.6/commons-net-3.6.jar:/home/runner/.m2/repository/com/sun/jersey/jersey-servlet/1.19/jersey-servlet-1.19.jar:/home/runner/.m2/repository/com/sun/jersey/jersey-json/1.19/jersey-json-1.19.jar:/home/runner/.m2/repository/org/codehaus/jettison/jettison/1.1/jettison-1.1.jar:/home/runner/.m2/repository/com/sun/xml/bind/jaxb-impl/2.2.3-1/jaxb-impl-2.2.3-1.jar:/home/runner/.m2/repository/org/codehaus/jackson/jackson-xc/1.9.2/jackson-xc-1.9.2.jar:/home/runner/.m2/repository/com/google/re2j/re2j/1.1/re2j-1.1.jar:/home/runner/.m2/repository/com/jcraft/jsch/0.1.54/jsch-0.1.54.jar:/home/runner/.m2/repository/org/apache/curator/curator-client/4.2.0/curator-client-4.2.0.jar:/home/runner/.m2/repository/org/apache/curator/curator-recipes/4.2.0/curator-recipes-4.2.0.jar:/home/runner/.m2/repository/org/apache/kerby/kerb-core/1.0.1/kerb-core-1.0.1.jar:/home/runner/.m2/repository/org/apache/kerby/kerby-pkix/1.0.1/kerby-pkix-1.0.1.jar:/home/runner/.m2/repository/org/apache/kerby/kerby-asn1/1.0.1/kerby-asn1-1.0.1.jar:/home/runner/.m2/repository/org/apache/kerby/kerby-util/1.0.1/kerby-util-1.0.1.jar:/home/runner/.m2/repository/dnsjava/dnsjava/2.1.7/dnsjava-2.1.7.jar:/home/runner/.m2/repository/org/xerial/snappy/snappy-java/1.1.8.2/snappy-java-1.1.8.2.jar:/home/runner/.m2/repository/org/eclipse/jetty/jetty-util/9.4.49.v20220914/jetty-util-9.4.49.v20220914.jar:/home/runner/.m2/repository/com/fasterxml/jackson/core/jackson-databind/2.13.4.2/jackson-databind-2.13.4.2.jar:/home/runner/.m2/repository/org/apache/hadoop/hadoop-kms/3.3.4/hadoop-kms-3.3.4-tests.jar:/home/runner/.m2/repository/org/apache/ozone/hdds-server-scm/1.3.0-SNAPSHOT/hdds-server-scm-1.3.0-SNAPSHOT-tests.jar:/home/runner/.m2/repository/org/apache/ozone/hdds-container-service/1.3.0-SNAPSHOT/hdds-container-service-1.3.0-SNAPSHOT-tests.jar:/home/runner/.m2/repository/commons-codec/commons-codec/1.15/commons-codec-1.15.jar:/home/runner/.m2/repository/io/netty/netty-codec/4.1.77.Final/netty-codec-4.1.77.Final.jar:/home/runner/.m2/repository/io/netty/netty-handler/4.1.77.Final/netty-handler-4.1.77.Final.jar:/home/runner/.m2/repository/org/apache/ozone/hdds-hadoop-dependency-test/1.3.0-SNAPSHOT/hdds-hadoop-dependency-test-1.3.0-SNAPSHOT.jar:/home/runner/.m2/repository/org/apache/hadoop/hadoop-common/3.3.4/hadoop-common-3.3.4-tests.jar:/home/runner/.m2/repository/org/apache/hadoop/hadoop-hdfs/3.3.4/hadoop-hdfs-3.3.4-tests.jar:/home/runner/.m2/repository/org/assertj/assertj-core/3.12.2/assertj-core-3.12.2.jar:/home/runner/.m2/repository/org/apache/hadoop/hadoop-distcp/3.3.4/hadoop-distcp-3.3.4.jar:/home/runner/.m2/repository/org/apache/hadoop/hadoop-mapreduce-client-jobclient/3.3.4/hadoop-mapreduce-client-jobclient-3.3.4.jar:/home/runner/.m2/repository/org/apache/hadoop/hadoop-mapreduce-client-common/3.3.4/hadoop-mapreduce-client-common-3.3.4.jar:/home/runner/.m2/repository/org/apache/hadoop/hadoop-yarn-common/3.3.4/hadoop-yarn-common-3.3.4.jar:/home/runner/.m2/repository/org/apache/hadoop/hadoop-yarn-api/3.3.4/hadoop-yarn-api-3.3.4.jar:/home/runner/.m2/repository/com/sun/jersey/contribs/jersey-guice/1.19/jersey-guice-1.19.jar:/home/runner/.m2/repository/com/fasterxml/jackson/jaxrs/jackson-jaxrs-json-provider/2.13.4/jackson-jaxrs-json-provider-2.13.4.jar:/home/runner/.m2/repository/com/fasterxml/jackson/jaxrs/jackson-jaxrs-base/2.13.4/jackson-jaxrs-base-2.13.4.jar:/home/runner/.m2/repository/org/apache/hadoop/hadoop-yarn-client/3.3.4/hadoop-yarn-client-3.3.4.jar:/home/runner/.m2/repository/org/eclipse/jetty/websocket/websocket-client/9.4.43.v20210629/websocket-client-9.4.43.v20210629.jar:/home/runner/.m2/repository/org/eclipse/jetty/websocket/websocket-common/9.4.43.v20210629/websocket-common-9.4.43.v20210629.jar:/home/runner/.m2/repository/org/eclipse/jetty/websocket/websocket-api/9.4.43.v20210629/websocket-api-9.4.43.v20210629.jar:/home/runner/.m2/repository/org/jline/jline/3.9.0/jline-3.9.0.jar:/home/runner/.m2/repository/org/apache/hadoop/hadoop-mapreduce-client-core/3.3.4/hadoop-mapreduce-client-core-3.3.4.jar:/home/runner/.m2/repository/org/apache/avro/avro/1.7.7/avro-1.7.7.jar:/home/runner/.m2/repository/org/codehaus/jackson/jackson-core-asl/1.9.13/jackson-core-asl-1.9.13.jar:/home/runner/.m2/repository/org/codehaus/jackson/jackson-mapper-asl/1.9.13/jackson-mapper-asl-1.9.13.jar:/home/runner/.m2/repository/com/thoughtworks/paranamer/paranamer/2.3/paranamer-2.3.jar:/home/runner/.m2/repository/org/apache/hadoop/hadoop-annotations/3.3.4/hadoop-annotations-3.3.4.jar:/usr/lib/jvm/temurin-8-jdk-amd64/jre/../lib/tools.jar:/home/runner/.m2/repository/io/netty/netty/3.10.6.Final/netty-3.10.6.Final.jar:/home/runner/.m2/repository/org/apache/hadoop/hadoop-distcp/3.3.4/hadoop-distcp-3.3.4-tests.jar:/home/runner/.m2/repository/org/slf4j/jul-to-slf4j/1.7.36/jul-to-slf4j-1.7.36.jar:/home/runner/.m2/repository/org/apache/ratis/ratis-common/2.4.2-8b8bdda-SNAPSHOT/ratis-common-2.4.2-8b8bdda-SNAPSHOT.jar:/home/runner/.m2/repository/org/apache/ratis/ratis-thirdparty-misc/1.0.3/ratis-thirdparty-misc-1.0.3.jar:/home/runner/.m2/repository/org/apache/ratis/ratis-proto/2.4.2-8b8bdda-SNAPSHOT/ratis-proto-2.4.2-8b8bdda-SNAPSHOT.jar:"/>
    <property name="java.vm.vendor" value="Temurin"/>
    <property name="sun.arch.data.model" value="64"/>
    <property name="test.build.dir" value="/home/runner/work/ozone/ozone/hadoop-ozone/integration-test/target/test-dir"/>
    <property name="test.cache.data" value=""/>
    <property name="java.vendor.url" value="https://adoptium.net/"/>
    <property name="user.timezone" value="Etc/UTC"/>
    <property name="java.vm.specification.version" value="1.8"/>
    <property name="os.name" value="Linux"/>
    <property name="test.build.data" value="/home/runner/work/ozone/ozone/hadoop-ozone/integration-test/target/test-dir"/>
    <property name="sun.java.launcher" value="SUN_STANDARD"/>
    <property name="sun.boot.library.path" value="/usr/lib/jvm/temurin-8-jdk-amd64/jre/lib/amd64"/>
    <property name="sun.java.command" value="/home/runner/work/ozone/ozone/hadoop-ozone/integration-test/target/surefire/surefirebooter1502190846290031634.jar /home/runner/work/ozone/ozone/hadoop-ozone/integration-test/target/surefire 2022-12-06T15-12-17_268-jvmRun1 surefire8718823477784968690tmp surefire_431194731875080496401tmp"/>
    <property name="surefire.test.class.path" value="/home/runner/work/ozone/ozone/hadoop-ozone/integration-test/target/test-classes:/home/runner/work/ozone/ozone/hadoop-ozone/integration-test/target/classes:/home/runner/.m2/repository/org/apache/ozone/ozone-common/1.3.0-SNAPSHOT/ozone-common-1.3.0-SNAPSHOT.jar:/home/runner/.m2/repository/io/grpc/grpc-netty/1.48.1/grpc-netty-1.48.1.jar:/home/runner/.m2/repository/io/grpc/grpc-core/1.48.1/grpc-core-1.48.1.jar:/home/runner/.m2/repository/com/google/android/annotations/4.1.1.4/annotations-4.1.1.4.jar:/home/runner/.m2/repository/org/codehaus/mojo/animal-sniffer-annotations/1.21/animal-sniffer-annotations-1.21.jar:/home/runner/.m2/repository/com/google/errorprone/error_prone_annotations/2.2.0/error_prone_annotations-2.2.0.jar:/home/runner/.m2/repository/io/perfmark/perfmark-api/0.25.0/perfmark-api-0.25.0.jar:/home/runner/.m2/repository/io/netty/netty-codec-http2/4.1.77.Final/netty-codec-http2-4.1.77.Final.jar:/home/runner/.m2/repository/io/netty/netty-common/4.1.77.Final/netty-common-4.1.77.Final.jar:/home/runner/.m2/repository/io/netty/netty-buffer/4.1.77.Final/netty-buffer-4.1.77.Final.jar:/home/runner/.m2/repository/io/netty/netty-codec-http/4.1.77.Final/netty-codec-http-4.1.77.Final.jar:/home/runner/.m2/repository/io/netty/netty-handler-proxy/4.1.77.Final/netty-handler-proxy-4.1.77.Final.jar:/home/runner/.m2/repository/io/netty/netty-codec-socks/4.1.77.Final/netty-codec-socks-4.1.77.Final.jar:/home/runner/.m2/repository/io/netty/netty-tcnative-boringssl-static/2.0.52.Final/netty-tcnative-boringssl-static-2.0.52.Final.jar:/home/runner/.m2/repository/io/netty/netty-tcnative-classes/2.0.52.Final/netty-tcnative-classes-2.0.52.Final.jar:/home/runner/.m2/repository/io/netty/netty-tcnative-boringssl-static/2.0.52.Final/netty-tcnative-boringssl-static-2.0.52.Final-linux-x86_64.jar:/home/runner/.m2/repository/io/netty/netty-tcnative-boringssl-static/2.0.52.Final/netty-tcnative-boringssl-static-2.0.52.Final-linux-aarch_64.jar:/home/runner/.m2/repository/io/netty/netty-tcnative-boringssl-static/2.0.52.Final/netty-tcnative-boringssl-static-2.0.52.Final-osx-x86_64.jar:/home/runner/.m2/repository/io/netty/netty-tcnative-boringssl-static/2.0.52.Final/netty-tcnative-boringssl-static-2.0.52.Final-osx-aarch_64.jar:/home/runner/.m2/repository/io/netty/netty-tcnative-boringssl-static/2.0.52.Final/netty-tcnative-boringssl-static-2.0.52.Final-windows-x86_64.jar:/home/runner/.m2/repository/org/apache/commons/commons-compress/1.21/commons-compress-1.21.jar:/home/runner/.m2/repository/org/apache/ozone/hdds-common/1.3.0-SNAPSHOT/hdds-common-1.3.0-SNAPSHOT.jar:/home/runner/.m2/repository/org/apache/ozone/hdds-client/1.3.0-SNAPSHOT/hdds-client-1.3.0-SNAPSHOT.jar:/home/runner/.m2/repository/org/apache/ozone/ozone-interface-client/1.3.0-SNAPSHOT/ozone-interface-client-1.3.0-SNAPSHOT.jar:/home/runner/.m2/repository/org/apache/ozone/hdds-test-utils/1.3.0-SNAPSHOT/hdds-test-utils-1.3.0-SNAPSHOT.jar:/home/runner/.m2/repository/com/google/guava/guava/31.1-jre/guava-31.1-jre.jar:/home/runner/.m2/repository/com/google/guava/failureaccess/1.0.1/failureaccess-1.0.1.jar:/home/runner/.m2/repository/com/google/guava/listenablefuture/9999.0-empty-to-avoid-conflict-with-guava/listenablefuture-9999.0-empty-to-avoid-conflict-with-guava.jar:/home/runner/.m2/repository/com/google/code/findbugs/jsr305/3.0.0/jsr305-3.0.0.jar:/home/runner/.m2/repository/org/checkerframework/checker-qual/3.12.0/checker-qual-3.12.0.jar:/home/runner/.m2/repository/com/google/j2objc/j2objc-annotations/1.3/j2objc-annotations-1.3.jar:/home/runner/.m2/repository/commons-io/commons-io/2.11.0/commons-io-2.11.0.jar:/home/runner/.m2/repository/commons-logging/commons-logging/1.2/commons-logging-1.2.jar:/home/runner/.m2/repository/ch/qos/reload4j/reload4j/1.2.22/reload4j-1.2.22.jar:/home/runner/.m2/repository/org/slf4j/slf4j-api/1.7.36/slf4j-api-1.7.36.jar:/home/runner/.m2/repository/org/apache/ozone/hdds-server-scm/1.3.0-SNAPSHOT/hdds-server-scm-1.3.0-SNAPSHOT.jar:/home/runner/.m2/repository/org/apache/ozone/hdds-container-service/1.3.0-SNAPSHOT/hdds-container-service-1.3.0-SNAPSHOT.jar:/home/runner/.m2/repository/org/apache/ozone/hdds-hadoop-dependency-server/1.3.0-SNAPSHOT/hdds-hadoop-dependency-server-1.3.0-SNAPSHOT.jar:/home/runner/.m2/repository/org/apache/hadoop/hadoop-hdfs/3.3.4/hadoop-hdfs-3.3.4.jar:/home/runner/.m2/repository/org/eclipse/jetty/jetty-util-ajax/9.4.49.v20220914/jetty-util-ajax-9.4.49.v20220914.jar:/home/runner/.m2/repository/commons-daemon/commons-daemon/1.0.13/commons-daemon-1.0.13.jar:/home/runner/.m2/repository/org/apache/ozone/hdds-server-framework/1.3.0-SNAPSHOT/hdds-server-framework-1.3.0-SNAPSHOT.jar:/home/runner/.m2/repository/org/apache/ozone/hdds-interface-server/1.3.0-SNAPSHOT/hdds-interface-server-1.3.0-SNAPSHOT.jar:/home/runner/.m2/repository/org/apache/commons/commons-configuration2/2.1.1/commons-configuration2-2.1.1.jar:/home/runner/.m2/repository/org/apache/logging/log4j/log4j-core/2.17.1/log4j-core-2.17.1.jar:/home/runner/.m2/repository/com/lmax/disruptor/3.4.2/disruptor-3.4.2.jar:/home/runner/.m2/repository/org/eclipse/jetty/jetty-servlet/9.4.49.v20220914/jetty-servlet-9.4.49.v20220914.jar:/home/runner/.m2/repository/org/eclipse/jetty/jetty-security/9.4.49.v20220914/jetty-security-9.4.49.v20220914.jar:/home/runner/.m2/repository/org/rocksdb/rocksdbjni/7.7.3/rocksdbjni-7.7.3.jar:/home/runner/.m2/repository/io/prometheus/simpleclient_dropwizard/0.7.0/simpleclient_dropwizard-0.7.0.jar:/home/runner/.m2/repository/io/prometheus/simpleclient/0.7.0/simpleclient-0.7.0.jar:/home/runner/.m2/repository/io/prometheus/simpleclient_common/0.7.0/simpleclient_common-0.7.0.jar:/home/runner/.m2/repository/com/github/spotbugs/spotbugs-annotations/3.1.12/spotbugs-annotations-3.1.12.jar:/home/runner/.m2/repository/io/dropwizard/metrics/metrics-core/3.2.4/metrics-core-3.2.4.jar:/home/runner/.m2/repository/org/apache/commons/commons-text/1.4/commons-text-1.4.jar:/home/runner/.m2/repository/org/apache/hadoop/hadoop-hdfs-client/3.3.4/hadoop-hdfs-client-3.3.4.jar:/home/runner/.m2/repository/com/squareup/okhttp3/okhttp/4.9.3/okhttp-4.9.3.jar:/home/runner/.m2/repository/com/squareup/okio/okio/2.8.0/okio-2.8.0.jar:/home/runner/.m2/repository/org/jetbrains/kotlin/kotlin-stdlib-common/1.4.10/kotlin-stdlib-common-1.4.10.jar:/home/runner/.m2/repository/org/bouncycastle/bcprov-jdk15on/1.67/bcprov-jdk15on-1.67.jar:/home/runner/.m2/repository/com/google/protobuf/protobuf-java/2.5.0/protobuf-java-2.5.0.jar:/home/runner/.m2/repository/org/apache/ozone/ozone-manager/1.3.0-SNAPSHOT/ozone-manager-1.3.0-SNAPSHOT.jar:/home/runner/.m2/repository/org/aspectj/aspectjrt/1.9.7/aspectjrt-1.9.7.jar:/home/runner/.m2/repository/org/aspectj/aspectjweaver/1.9.7/aspectjweaver-1.9.7.jar:/home/runner/.m2/repository/org/apache/ozone/hdds-interface-client/1.3.0-SNAPSHOT/hdds-interface-client-1.3.0-SNAPSHOT.jar:/home/runner/.m2/repository/org/apache/hadoop/thirdparty/hadoop-shaded-protobuf_3_7/1.1.1/hadoop-shaded-protobuf_3_7-1.1.1.jar:/home/runner/.m2/repository/org/apache/ozone/ozone-interface-storage/1.3.0-SNAPSHOT/ozone-interface-storage-1.3.0-SNAPSHOT.jar:/home/runner/.m2/repository/org/reflections/reflections/0.9.11/reflections-0.9.11.jar:/home/runner/.m2/repository/com/sun/jersey/jersey-client/1.19/jersey-client-1.19.jar:/home/runner/.m2/repository/org/apache/ranger/ranger-intg/2.3.0/ranger-intg-2.3.0.jar:/home/runner/.m2/repository/org/apache/ranger/ranger-plugins-common/2.3.0/ranger-plugins-common-2.3.0.jar:/home/runner/.m2/repository/commons-lang/commons-lang/2.6/commons-lang-2.6.jar:/home/runner/.m2/repository/org/codehaus/jackson/jackson-jaxrs/1.9.13/jackson-jaxrs-1.9.13.jar:/home/runner/.m2/repository/org/apache/ranger/ranger-plugins-cred/2.3.0/ranger-plugins-cred-2.3.0.jar:/home/runner/.m2/repository/org/apache/ranger/ranger-plugins-audit/2.3.0/ranger-plugins-audit-2.3.0.jar:/home/runner/.m2/repository/org/eclipse/jetty/jetty-client/9.4.31.v20200723/jetty-client-9.4.31.v20200723.jar:/home/runner/.m2/repository/org/apache/httpcomponents/httpmime/4.5.6/httpmime-4.5.6.jar:/home/runner/.m2/repository/org/apache/httpcomponents/httpcore-nio/4.4.6/httpcore-nio-4.4.6.jar:/home/runner/.m2/repository/org/apache/httpcomponents/httpasyncclient/4.1.3/httpasyncclient-4.1.3.jar:/home/runner/.m2/repository/com/carrotsearch/hppc/0.8.0/hppc-0.8.0.jar:/home/runner/.m2/repository/org/apache/orc/orc-core/1.5.8/orc-core-1.5.8.jar:/home/runner/.m2/repository/net/java/dev/jna/jna/5.2.0/jna-5.2.0.jar:/home/runner/.m2/repository/net/java/dev/jna/jna-platform/5.2.0/jna-platform-5.2.0.jar:/home/runner/.m2/repository/com/kstruct/gethostname4j/0.0.2/gethostname4j-0.0.2.jar:/home/runner/.m2/repository/org/apache/ranger/ranger-plugin-classloader/2.3.0/ranger-plugin-classloader-2.3.0.jar:/home/runner/.m2/repository/org/apache/hadoop/hadoop-minikdc/3.3.4/hadoop-minikdc-3.3.4.jar:/home/runner/.m2/repository/org/apache/kerby/kerb-simplekdc/1.0.1/kerb-simplekdc-1.0.1.jar:/home/runner/.m2/repository/org/apache/kerby/kerb-client/1.0.1/kerb-client-1.0.1.jar:/home/runner/.m2/repository/org/apache/kerby/kerby-config/1.0.1/kerby-config-1.0.1.jar:/home/runner/.m2/repository/org/apache/kerby/kerb-common/1.0.1/kerb-common-1.0.1.jar:/home/runner/.m2/repository/org/apache/kerby/kerb-crypto/1.0.1/kerb-crypto-1.0.1.jar:/home/runner/.m2/repository/org/apache/kerby/kerb-util/1.0.1/kerb-util-1.0.1.jar:/home/runner/.m2/repository/org/apache/kerby/token-provider/1.0.1/token-provider-1.0.1.jar:/home/runner/.m2/repository/org/apache/kerby/kerb-admin/1.0.1/kerb-admin-1.0.1.jar:/home/runner/.m2/repository/org/apache/kerby/kerb-server/1.0.1/kerb-server-1.0.1.jar:/home/runner/.m2/repository/org/apache/kerby/kerb-identity/1.0.1/kerb-identity-1.0.1.jar:/home/runner/.m2/repository/org/apache/kerby/kerby-xdr/1.0.1/kerby-xdr-1.0.1.jar:/home/runner/.m2/repository/org/apache/ozone/ozone-s3gateway/1.3.0-SNAPSHOT/ozone-s3gateway-1.3.0-SNAPSHOT.jar:/home/runner/.m2/repository/org/javassist/javassist/3.21.0-GA/javassist-3.21.0-GA.jar:/home/runner/.m2/repository/org/jboss/weld/servlet/weld-servlet/2.4.7.Final/weld-servlet-2.4.7.Final.jar:/home/runner/.m2/repository/org/glassfish/jersey/containers/jersey-container-servlet-core/2.34/jersey-container-servlet-core-2.34.jar:/home/runner/.m2/repository/org/glassfish/hk2/external/jakarta.inject/2.6.1/jakarta.inject-2.6.1.jar:/home/runner/.m2/repository/org/glassfish/jersey/core/jersey-common/2.34/jersey-common-2.34.jar:/home/runner/.m2/repository/jakarta/ws/rs/jakarta.ws.rs-api/2.1.6/jakarta.ws.rs-api-2.1.6.jar:/home/runner/.m2/repository/org/glassfish/jersey/ext/cdi/jersey-cdi1x/2.34/jersey-cdi1x-2.34.jar:/home/runner/.m2/repository/org/glassfish/jersey/inject/jersey-hk2/2.34/jersey-hk2-2.34.jar:/home/runner/.m2/repository/org/glassfish/hk2/hk2-locator/2.6.1/hk2-locator-2.6.1.jar:/home/runner/.m2/repository/org/glassfish/jersey/media/jersey-media-jaxb/2.34/jersey-media-jaxb-2.34.jar:/home/runner/.m2/repository/org/glassfish/hk2/osgi-resource-locator/1.0.3/osgi-resource-locator-1.0.3.jar:/home/runner/.m2/repository/org/glassfish/hk2/hk2-api/2.5.0/hk2-api-2.5.0.jar:/home/runner/.m2/repository/org/glassfish/hk2/hk2-utils/2.5.0/hk2-utils-2.5.0.jar:/home/runner/.m2/repository/org/glassfish/hk2/external/aopalliance-repackaged/2.5.0/aopalliance-repackaged-2.5.0.jar:/home/runner/.m2/repository/com/fasterxml/jackson/dataformat/jackson-dataformat-xml/2.13.4/jackson-dataformat-xml-2.13.4.jar:/home/runner/.m2/repository/com/fasterxml/jackson/core/jackson-core/2.13.4/jackson-core-2.13.4.jar:/home/runner/.m2/repository/org/codehaus/woodstox/stax2-api/4.2.1/stax2-api-4.2.1.jar:/home/runner/.m2/repository/com/fasterxml/woodstox/woodstox-core/5.4.0/woodstox-core-5.4.0.jar:/home/runner/.m2/repository/com/fasterxml/jackson/module/jackson-module-jaxb-annotations/2.13.4/jackson-module-jaxb-annotations-2.13.4.jar:/home/runner/.m2/repository/jakarta/xml/bind/jakarta.xml.bind-api/2.3.3/jakarta.xml.bind-api-2.3.3.jar:/home/runner/.m2/repository/jakarta/activation/jakarta.activation-api/1.2.1/jakarta.activation-api-1.2.1.jar:/home/runner/.m2/repository/javax/enterprise/cdi-api/1.2/cdi-api-1.2.jar:/home/runner/.m2/repository/javax/el/javax.el-api/3.0.0/javax.el-api-3.0.0.jar:/home/runner/.m2/repository/javax/interceptor/javax.interceptor-api/1.2/javax.interceptor-api-1.2.jar:/home/runner/.m2/repository/javax/inject/javax.inject/1/javax.inject-1.jar:/home/runner/.m2/repository/javax/xml/bind/jaxb-api/2.3.0/jaxb-api-2.3.0.jar:/home/runner/.m2/repository/org/glassfish/jaxb/jaxb-runtime/2.3.0.1/jaxb-runtime-2.3.0.1.jar:/home/runner/.m2/repository/org/glassfish/jaxb/jaxb-core/2.3.0.1/jaxb-core-2.3.0.1.jar:/home/runner/.m2/repository/org/glassfish/jaxb/txw2/2.3.0.1/txw2-2.3.0.1.jar:/home/runner/.m2/repository/com/sun/istack/istack-commons-runtime/3.0.5/istack-commons-runtime-3.0.5.jar:/home/runner/.m2/repository/org/jvnet/staxex/stax-ex/1.7.8/stax-ex-1.7.8.jar:/home/runner/.m2/repository/com/sun/xml/fastinfoset/FastInfoset/1.2.13/FastInfoset-1.2.13.jar:/home/runner/.m2/repository/javax/activation/activation/1.1.1/activation-1.1.1.jar:/home/runner/.m2/repository/io/grpc/grpc-protobuf/1.48.1/grpc-protobuf-1.48.1.jar:/home/runner/.m2/repository/io/grpc/grpc-api/1.48.1/grpc-api-1.48.1.jar:/home/runner/.m2/repository/io/grpc/grpc-context/1.48.1/grpc-context-1.48.1.jar:/home/runner/.m2/repository/com/google/api/grpc/proto-google-common-protos/2.9.0/proto-google-common-protos-2.9.0.jar:/home/runner/.m2/repository/io/grpc/grpc-protobuf-lite/1.48.1/grpc-protobuf-lite-1.48.1.jar:/home/runner/.m2/repository/io/grpc/grpc-stub/1.48.1/grpc-stub-1.48.1.jar:/home/runner/.m2/repository/io/netty/netty-transport/4.1.77.Final/netty-transport-4.1.77.Final.jar:/home/runner/.m2/repository/io/netty/netty-resolver/4.1.77.Final/netty-resolver-4.1.77.Final.jar:/home/runner/.m2/repository/org/apache/ozone/ozone-csi/1.3.0-SNAPSHOT/ozone-csi-1.3.0-SNAPSHOT.jar:/home/runner/.m2/repository/com/google/protobuf/protobuf-java-util/3.19.6/protobuf-java-util-3.19.6.jar:/home/runner/.m2/repository/com/google/code/gson/gson/2.9.0/gson-2.9.0.jar:/home/runner/.m2/repository/org/apache/ozone/hdds-config/1.3.0-SNAPSHOT/hdds-config-1.3.0-SNAPSHOT.jar:/home/runner/.m2/repository/io/netty/netty-transport-native-epoll/4.1.77.Final/netty-transport-native-epoll-4.1.77.Final-linux-x86_64.jar:/home/runner/.m2/repository/io/netty/netty-transport-classes-epoll/4.1.77.Final/netty-transport-classes-epoll-4.1.77.Final.jar:/home/runner/.m2/repository/io/netty/netty-transport-native-unix-common/4.1.77.Final/netty-transport-native-unix-common-4.1.77.Final.jar:/home/runner/.m2/repository/org/slf4j/slf4j-reload4j/1.7.36/slf4j-reload4j-1.7.36.jar:/home/runner/.m2/repository/org/apache/ozone/ozone-recon/1.3.0-SNAPSHOT/ozone-recon-1.3.0-SNAPSHOT.jar:/home/runner/.m2/repository/org/apache/ozone/ozone-reconcodegen/1.3.0-SNAPSHOT/ozone-reconcodegen-1.3.0-SNAPSHOT.jar:/home/runner/.m2/repository/com/google/inject/extensions/guice-multibindings/4.0/guice-multibindings-4.0.jar:/home/runner/.m2/repository/com/google/inject/guice/4.0/guice-4.0.jar:/home/runner/.m2/repository/aopalliance/aopalliance/1.0/aopalliance-1.0.jar:/home/runner/.m2/repository/com/google/inject/extensions/guice-assistedinject/4.0/guice-assistedinject-4.0.jar:/home/runner/.m2/repository/com/google/inject/extensions/guice-servlet/4.0/guice-servlet-4.0.jar:/home/runner/.m2/repository/org/glassfish/jersey/containers/jersey-container-servlet/2.34/jersey-container-servlet-2.34.jar:/home/runner/.m2/repository/org/glassfish/hk2/guice-bridge/2.5.0/guice-bridge-2.5.0.jar:/home/runner/.m2/repository/org/glassfish/jersey/core/jersey-server/2.34/jersey-server-2.34.jar:/home/runner/.m2/repository/org/glassfish/jersey/core/jersey-client/2.34/jersey-client-2.34.jar:/home/runner/.m2/repository/jakarta/annotation/jakarta.annotation-api/1.3.5/jakarta.annotation-api-1.3.5.jar:/home/runner/.m2/repository/jakarta/validation/jakarta.validation-api/2.0.2/jakarta.validation-api-2.0.2.jar:/home/runner/.m2/repository/org/glassfish/jersey/media/jersey-media-json-jackson/2.34/jersey-media-json-jackson-2.34.jar:/home/runner/.m2/repository/org/glassfish/jersey/ext/jersey-entity-filtering/2.34/jersey-entity-filtering-2.34.jar:/home/runner/.m2/repository/org/jooq/jooq/3.11.10/jooq-3.11.10.jar:/home/runner/.m2/repository/org/jooq/jooq-meta/3.11.10/jooq-meta-3.11.10.jar:/home/runner/.m2/repository/org/jooq/jooq-codegen/3.11.10/jooq-codegen-3.11.10.jar:/home/runner/.m2/repository/com/jolbox/bonecp/0.8.0.RELEASE/bonecp-0.8.0.RELEASE.jar:/home/runner/.m2/repository/org/apache/derby/derby/10.14.2.0/derby-10.14.2.0.jar:/home/runner/.m2/repository/org/xerial/sqlite-jdbc/3.25.2/sqlite-jdbc-3.25.2.jar:/home/runner/.m2/repository/org/springframework/spring-jdbc/5.3.23/spring-jdbc-5.3.23.jar:/home/runner/.m2/repository/org/springframework/spring-beans/5.3.23/spring-beans-5.3.23.jar:/home/runner/.m2/repository/org/springframework/spring-core/5.3.23/spring-core-5.3.23.jar:/home/runner/.m2/repository/org/springframework/spring-jcl/5.3.23/spring-jcl-5.3.23.jar:/home/runner/.m2/repository/org/springframework/spring-tx/5.3.23/spring-tx-5.3.23.jar:/home/runner/.m2/repository/org/apache/ozone/ozone-client/1.3.0-SNAPSHOT/ozone-client-1.3.0-SNAPSHOT.jar:/home/runner/.m2/repository/org/apache/ozone/hdds-erasurecode/1.3.0-SNAPSHOT/hdds-erasurecode-1.3.0-SNAPSHOT.jar:/home/runner/.m2/repository/org/apache/ozone/ozone-filesystem/1.3.0-SNAPSHOT/ozone-filesystem-1.3.0-SNAPSHOT.jar:/home/runner/.m2/repository/org/apache/ozone/ozone-filesystem-common/1.3.0-SNAPSHOT/ozone-filesystem-common-1.3.0-SNAPSHOT.jar:/home/runner/.m2/repository/org/apache/ozone/ozone-tools/1.3.0-SNAPSHOT/ozone-tools-1.3.0-SNAPSHOT.jar:/home/runner/.m2/repository/org/apache/ratis/ratis-tools/2.4.2-8b8bdda-SNAPSHOT/ratis-tools-2.4.2-8b8bdda-SNAPSHOT.jar:/home/runner/.m2/repository/com/amazonaws/aws-java-sdk-core/1.12.261/aws-java-sdk-core-1.12.261.jar:/home/runner/.m2/repository/org/apache/httpcomponents/httpclient/4.5.13/httpclient-4.5.13.jar:/home/runner/.m2/repository/org/apache/httpcomponents/httpcore/4.4.13/httpcore-4.4.13.jar:/home/runner/.m2/repository/software/amazon/ion/ion-java/1.0.2/ion-java-1.0.2.jar:/home/runner/.m2/repository/com/fasterxml/jackson/dataformat/jackson-dataformat-cbor/2.13.4/jackson-dataformat-cbor-2.13.4.jar:/home/runner/.m2/repository/joda-time/joda-time/2.8.1/joda-time-2.8.1.jar:/home/runner/.m2/repository/com/amazonaws/aws-java-sdk-s3/1.12.261/aws-java-sdk-s3-1.12.261.jar:/home/runner/.m2/repository/com/amazonaws/aws-java-sdk-kms/1.12.261/aws-java-sdk-kms-1.12.261.jar:/home/runner/.m2/repository/com/amazonaws/jmespath-java/1.12.261/jmespath-java-1.12.261.jar:/home/runner/.m2/repository/org/kohsuke/metainf-services/metainf-services/1.8/metainf-services-1.8.jar:/home/runner/.m2/repository/org/apache/ozone/hdds-tools/1.3.0-SNAPSHOT/hdds-tools-1.3.0-SNAPSHOT.jar:/home/runner/.m2/repository/commons-cli/commons-cli/1.2/commons-cli-1.2.jar:/home/runner/.m2/repository/org/apache/commons/commons-lang3/3.7/commons-lang3-3.7.jar:/home/runner/.m2/repository/org/apache/ozone/ozone-manager/1.3.0-SNAPSHOT/ozone-manager-1.3.0-SNAPSHOT-tests.jar:/home/runner/.m2/repository/org/apache/ozone/hdds-common/1.3.0-SNAPSHOT/hdds-common-1.3.0-SNAPSHOT-tests.jar:/home/runner/.m2/repository/org/apache/ozone/hdds-hadoop-dependency-client/1.3.0-SNAPSHOT/hdds-hadoop-dependency-client-1.3.0-SNAPSHOT.jar:/home/runner/.m2/repository/info/picocli/picocli/4.6.1/picocli-4.6.1.jar:/home/runner/.m2/repository/com/fasterxml/jackson/core/jackson-annotations/2.13.4/jackson-annotations-2.13.4.jar:/home/runner/.m2/repository/com/fasterxml/jackson/datatype/jackson-datatype-jsr310/2.13.4/jackson-datatype-jsr310-2.13.4.jar:/home/runner/.m2/repository/org/apache/ozone/hdds-annotation-processing/1.3.0-SNAPSHOT/hdds-annotation-processing-1.3.0-SNAPSHOT.jar:/home/runner/.m2/repository/javax/annotation/javax.annotation-api/1.2/javax.annotation-api-1.2.jar:/home/runner/.m2/repository/org/apache/ratis/ratis-server/2.4.2-8b8bdda-SNAPSHOT/ratis-server-2.4.2-8b8bdda-SNAPSHOT.jar:/home/runner/.m2/repository/org/apache/ratis/ratis-client/2.4.2-8b8bdda-SNAPSHOT/ratis-client-2.4.2-8b8bdda-SNAPSHOT.jar:/home/runner/.m2/repository/org/apache/ratis/ratis-server-api/2.4.2-8b8bdda-SNAPSHOT/ratis-server-api-2.4.2-8b8bdda-SNAPSHOT.jar:/home/runner/.m2/repository/org/apache/ratis/ratis-metrics/2.4.2-8b8bdda-SNAPSHOT/ratis-metrics-2.4.2-8b8bdda-SNAPSHOT.jar:/home/runner/.m2/repository/org/apache/ratis/ratis-netty/2.4.2-8b8bdda-SNAPSHOT/ratis-netty-2.4.2-8b8bdda-SNAPSHOT.jar:/home/runner/.m2/repository/org/apache/ratis/ratis-grpc/2.4.2-8b8bdda-SNAPSHOT/ratis-grpc-2.4.2-8b8bdda-SNAPSHOT.jar:/home/runner/.m2/repository/org/apache/logging/log4j/log4j-api/2.17.1/log4j-api-2.17.1.jar:/home/runner/.m2/repository/org/apache/commons/commons-pool2/2.6.0/commons-pool2-2.6.0.jar:/home/runner/.m2/repository/org/bouncycastle/bcpkix-jdk15on/1.67/bcpkix-jdk15on-1.67.jar:/home/runner/.m2/repository/commons-validator/commons-validator/1.6/commons-validator-1.6.jar:/home/runner/.m2/repository/commons-beanutils/commons-beanutils/1.9.4/commons-beanutils-1.9.4.jar:/home/runner/.m2/repository/commons-digester/commons-digester/1.8.1/commons-digester-1.8.1.jar:/home/runner/.m2/repository/commons-collections/commons-collections/3.2.2/commons-collections-3.2.2.jar:/home/runner/.m2/repository/io/jaegertracing/jaeger-client/1.6.0/jaeger-client-1.6.0.jar:/home/runner/.m2/repository/io/jaegertracing/jaeger-thrift/1.6.0/jaeger-thrift-1.6.0.jar:/home/runner/.m2/repository/org/apache/thrift/libthrift/0.14.1/libthrift-0.14.1.jar:/home/runner/.m2/repository/io/jaegertracing/jaeger-core/1.6.0/jaeger-core-1.6.0.jar:/home/runner/.m2/repository/io/jaegertracing/jaeger-tracerresolver/1.6.0/jaeger-tracerresolver-1.6.0.jar:/home/runner/.m2/repository/io/opentracing/contrib/opentracing-tracerresolver/0.1.8/opentracing-tracerresolver-0.1.8.jar:/home/runner/.m2/repository/org/jetbrains/kotlin/kotlin-stdlib/1.6.21/kotlin-stdlib-1.6.21.jar:/home/runner/.m2/repository/org/jetbrains/annotations/13.0/annotations-13.0.jar:/home/runner/.m2/repository/io/opentracing/opentracing-util/0.33.0/opentracing-util-0.33.0.jar:/home/runner/.m2/repository/io/opentracing/opentracing-api/0.33.0/opentracing-api-0.33.0.jar:/home/runner/.m2/repository/io/opentracing/opentracing-noop/0.33.0/opentracing-noop-0.33.0.jar:/home/runner/.m2/repository/org/yaml/snakeyaml/1.33/snakeyaml-1.33.jar:/home/runner/.m2/repository/org/apache/ozone/hdds-interface-admin/1.3.0-SNAPSHOT/hdds-interface-admin-1.3.0-SNAPSHOT.jar:/home/runner/.m2/repository/junit/junit/4.13.1/junit-4.13.1.jar:/home/runner/.m2/repository/org/hamcrest/hamcrest-core/1.3/hamcrest-core-1.3.jar:/home/runner/.m2/repository/org/junit/jupiter/junit-jupiter-api/5.8.2/junit-jupiter-api-5.8.2.jar:/home/runner/.m2/repository/org/opentest4j/opentest4j/1.2.0/opentest4j-1.2.0.jar:/home/runner/.m2/repository/org/junit/platform/junit-platform-commons/1.8.2/junit-platform-commons-1.8.2.jar:/home/runner/.m2/repository/org/apiguardian/apiguardian-api/1.1.2/apiguardian-api-1.1.2.jar:/home/runner/.m2/repository/org/junit/jupiter/junit-jupiter-params/5.8.2/junit-jupiter-params-5.8.2.jar:/home/runner/.m2/repository/org/junit/jupiter/junit-jupiter-migrationsupport/5.8.2/junit-jupiter-migrationsupport-5.8.2.jar:/home/runner/.m2/repository/org/junit/jupiter/junit-jupiter-engine/5.8.2/junit-jupiter-engine-5.8.2.jar:/home/runner/.m2/repository/org/junit/platform/junit-platform-engine/1.8.2/junit-platform-engine-1.8.2.jar:/home/runner/.m2/repository/org/junit/vintage/junit-vintage-engine/5.8.2/junit-vintage-engine-5.8.2.jar:/home/runner/.m2/repository/org/junit/platform/junit-platform-launcher/1.8.2/junit-platform-launcher-1.8.2.jar:/home/runner/.m2/repository/org/mockito/mockito-core/2.28.2/mockito-core-2.28.2.jar:/home/runner/.m2/repository/net/bytebuddy/byte-buddy/1.9.10/byte-buddy-1.9.10.jar:/home/runner/.m2/repository/net/bytebuddy/byte-buddy-agent/1.9.10/byte-buddy-agent-1.9.10.jar:/home/runner/.m2/repository/org/objenesis/objenesis/1.0/objenesis-1.0.jar:/home/runner/.m2/repository/org/apache/hadoop/hadoop-kms/3.3.4/hadoop-kms-3.3.4.jar:/home/runner/.m2/repository/org/apache/hadoop/hadoop-auth/3.3.4/hadoop-auth-3.3.4.jar:/home/runner/.m2/repository/com/nimbusds/nimbus-jose-jwt/9.8.1/nimbus-jose-jwt-9.8.1.jar:/home/runner/.m2/repository/com/github/stephenc/jcip/jcip-annotations/1.0-1/jcip-annotations-1.0-1.jar:/home/runner/.m2/repository/net/minidev/json-smart/2.4.7/json-smart-2.4.7.jar:/home/runner/.m2/repository/net/minidev/accessors-smart/2.4.7/accessors-smart-2.4.7.jar:/home/runner/.m2/repository/org/ow2/asm/asm/5.0.4/asm-5.0.4.jar:/home/runner/.m2/repository/org/apache/zookeeper/zookeeper/3.5.6/zookeeper-3.5.6.jar:/home/runner/.m2/repository/org/apache/zookeeper/zookeeper-jute/3.5.6/zookeeper-jute-3.5.6.jar:/home/runner/.m2/repository/org/apache/yetus/audience-annotations/0.5.0/audience-annotations-0.5.0.jar:/home/runner/.m2/repository/org/apache/curator/curator-framework/4.2.0/curator-framework-4.2.0.jar:/home/runner/.m2/repository/org/apache/hadoop/thirdparty/hadoop-shaded-guava/1.1.1/hadoop-shaded-guava-1.1.1.jar:/home/runner/.m2/repository/com/sun/jersey/jersey-core/1.19/jersey-core-1.19.jar:/home/runner/.m2/repository/javax/ws/rs/jsr311-api/1.1.1/jsr311-api-1.1.1.jar:/home/runner/.m2/repository/com/sun/jersey/jersey-server/1.19/jersey-server-1.19.jar:/home/runner/.m2/repository/javax/servlet/javax.servlet-api/3.1.0/javax.servlet-api-3.1.0.jar:/home/runner/.m2/repository/org/eclipse/jetty/jetty-server/9.4.49.v20220914/jetty-server-9.4.49.v20220914.jar:/home/runner/.m2/repository/org/eclipse/jetty/jetty-http/9.4.49.v20220914/jetty-http-9.4.49.v20220914.jar:/home/runner/.m2/repository/org/eclipse/jetty/jetty-io/9.4.49.v20220914/jetty-io-9.4.49.v20220914.jar:/home/runner/.m2/repository/org/eclipse/jetty/jetty-webapp/9.4.49.v20220914/jetty-webapp-9.4.49.v20220914.jar:/home/runner/.m2/repository/org/eclipse/jetty/jetty-xml/9.4.49.v20220914/jetty-xml-9.4.49.v20220914.jar:/home/runner/.m2/repository/org/apache/hadoop/hadoop-common/3.3.4/hadoop-common-3.3.4.jar:/home/runner/.m2/repository/org/apache/commons/commons-math3/3.1.1/commons-math3-3.1.1.jar:/home/runner/.m2/repository/commons-net/commons-net/3.6/commons-net-3.6.jar:/home/runner/.m2/repository/com/sun/jersey/jersey-servlet/1.19/jersey-servlet-1.19.jar:/home/runner/.m2/repository/com/sun/jersey/jersey-json/1.19/jersey-json-1.19.jar:/home/runner/.m2/repository/org/codehaus/jettison/jettison/1.1/jettison-1.1.jar:/home/runner/.m2/repository/com/sun/xml/bind/jaxb-impl/2.2.3-1/jaxb-impl-2.2.3-1.jar:/home/runner/.m2/repository/org/codehaus/jackson/jackson-xc/1.9.2/jackson-xc-1.9.2.jar:/home/runner/.m2/repository/com/google/re2j/re2j/1.1/re2j-1.1.jar:/home/runner/.m2/repository/com/jcraft/jsch/0.1.54/jsch-0.1.54.jar:/home/runner/.m2/repository/org/apache/curator/curator-client/4.2.0/curator-client-4.2.0.jar:/home/runner/.m2/repository/org/apache/curator/curator-recipes/4.2.0/curator-recipes-4.2.0.jar:/home/runner/.m2/repository/org/apache/kerby/kerb-core/1.0.1/kerb-core-1.0.1.jar:/home/runner/.m2/repository/org/apache/kerby/kerby-pkix/1.0.1/kerby-pkix-1.0.1.jar:/home/runner/.m2/repository/org/apache/kerby/kerby-asn1/1.0.1/kerby-asn1-1.0.1.jar:/home/runner/.m2/repository/org/apache/kerby/kerby-util/1.0.1/kerby-util-1.0.1.jar:/home/runner/.m2/repository/dnsjava/dnsjava/2.1.7/dnsjava-2.1.7.jar:/home/runner/.m2/repository/org/xerial/snappy/snappy-java/1.1.8.2/snappy-java-1.1.8.2.jar:/home/runner/.m2/repository/org/eclipse/jetty/jetty-util/9.4.49.v20220914/jetty-util-9.4.49.v20220914.jar:/home/runner/.m2/repository/com/fasterxml/jackson/core/jackson-databind/2.13.4.2/jackson-databind-2.13.4.2.jar:/home/runner/.m2/repository/org/apache/hadoop/hadoop-kms/3.3.4/hadoop-kms-3.3.4-tests.jar:/home/runner/.m2/repository/org/apache/ozone/hdds-server-scm/1.3.0-SNAPSHOT/hdds-server-scm-1.3.0-SNAPSHOT-tests.jar:/home/runner/.m2/repository/org/apache/ozone/hdds-container-service/1.3.0-SNAPSHOT/hdds-container-service-1.3.0-SNAPSHOT-tests.jar:/home/runner/.m2/repository/commons-codec/commons-codec/1.15/commons-codec-1.15.jar:/home/runner/.m2/repository/io/netty/netty-codec/4.1.77.Final/netty-codec-4.1.77.Final.jar:/home/runner/.m2/repository/io/netty/netty-handler/4.1.77.Final/netty-handler-4.1.77.Final.jar:/home/runner/.m2/repository/org/apache/ozone/hdds-hadoop-dependency-test/1.3.0-SNAPSHOT/hdds-hadoop-dependency-test-1.3.0-SNAPSHOT.jar:/home/runner/.m2/repository/org/apache/hadoop/hadoop-common/3.3.4/hadoop-common-3.3.4-tests.jar:/home/runner/.m2/repository/org/apache/hadoop/hadoop-hdfs/3.3.4/hadoop-hdfs-3.3.4-tests.jar:/home/runner/.m2/repository/org/assertj/assertj-core/3.12.2/assertj-core-3.12.2.jar:/home/runner/.m2/repository/org/apache/hadoop/hadoop-distcp/3.3.4/hadoop-distcp-3.3.4.jar:/home/runner/.m2/repository/org/apache/hadoop/hadoop-mapreduce-client-jobclient/3.3.4/hadoop-mapreduce-client-jobclient-3.3.4.jar:/home/runner/.m2/repository/org/apache/hadoop/hadoop-mapreduce-client-common/3.3.4/hadoop-mapreduce-client-common-3.3.4.jar:/home/runner/.m2/repository/org/apache/hadoop/hadoop-yarn-common/3.3.4/hadoop-yarn-common-3.3.4.jar:/home/runner/.m2/repository/org/apache/hadoop/hadoop-yarn-api/3.3.4/hadoop-yarn-api-3.3.4.jar:/home/runner/.m2/repository/com/sun/jersey/contribs/jersey-guice/1.19/jersey-guice-1.19.jar:/home/runner/.m2/repository/com/fasterxml/jackson/jaxrs/jackson-jaxrs-json-provider/2.13.4/jackson-jaxrs-json-provider-2.13.4.jar:/home/runner/.m2/repository/com/fasterxml/jackson/jaxrs/jackson-jaxrs-base/2.13.4/jackson-jaxrs-base-2.13.4.jar:/home/runner/.m2/repository/org/apache/hadoop/hadoop-yarn-client/3.3.4/hadoop-yarn-client-3.3.4.jar:/home/runner/.m2/repository/org/eclipse/jetty/websocket/websocket-client/9.4.43.v20210629/websocket-client-9.4.43.v20210629.jar:/home/runner/.m2/repository/org/eclipse/jetty/websocket/websocket-common/9.4.43.v20210629/websocket-common-9.4.43.v20210629.jar:/home/runner/.m2/repository/org/eclipse/jetty/websocket/websocket-api/9.4.43.v20210629/websocket-api-9.4.43.v20210629.jar:/home/runner/.m2/repository/org/jline/jline/3.9.0/jline-3.9.0.jar:/home/runner/.m2/repository/org/apache/hadoop/hadoop-mapreduce-client-core/3.3.4/hadoop-mapreduce-client-core-3.3.4.jar:/home/runner/.m2/repository/org/apache/avro/avro/1.7.7/avro-1.7.7.jar:/home/runner/.m2/repository/org/codehaus/jackson/jackson-core-asl/1.9.13/jackson-core-asl-1.9.13.jar:/home/runner/.m2/repository/org/codehaus/jackson/jackson-mapper-asl/1.9.13/jackson-mapper-asl-1.9.13.jar:/home/runner/.m2/repository/com/thoughtworks/paranamer/paranamer/2.3/paranamer-2.3.jar:/home/runner/.m2/repository/org/apache/hadoop/hadoop-annotations/3.3.4/hadoop-annotations-3.3.4.jar:/usr/lib/jvm/temurin-8-jdk-amd64/jre/../lib/tools.jar:/home/runner/.m2/repository/io/netty/netty/3.10.6.Final/netty-3.10.6.Final.jar:/home/runner/.m2/repository/org/apache/hadoop/hadoop-distcp/3.3.4/hadoop-distcp-3.3.4-tests.jar:/home/runner/.m2/repository/org/slf4j/jul-to-slf4j/1.7.36/jul-to-slf4j-1.7.36.jar:/home/runner/.m2/repository/org/apache/ratis/ratis-common/2.4.2-8b8bdda-SNAPSHOT/ratis-common-2.4.2-8b8bdda-SNAPSHOT.jar:/home/runner/.m2/repository/org/apache/ratis/ratis-thirdparty-misc/1.0.3/ratis-thirdparty-misc-1.0.3.jar:/home/runner/.m2/repository/org/apache/ratis/ratis-proto/2.4.2-8b8bdda-SNAPSHOT/ratis-proto-2.4.2-8b8bdda-SNAPSHOT.jar:"/>
    <property name="sun.cpu.endian" value="little"/>
    <property name="user.home" value="/home/runner"/>
    <property name="user.language" value="en"/>
    <property name="java.specification.vendor" value="Oracle Corporation"/>
    <property name="java.home" value="/usr/lib/jvm/temurin-8-jdk-amd64/jre"/>
    <property name="java.security.krb5.conf" value="/home/runner/work/ozone/ozone/hadoop-ozone/integration-test/target/test-classes/krb5.conf"/>
    <property name="basedir" value="/home/runner/work/ozone/ozone/hadoop-ozone/integration-test"/>
    <property name="file.separator" value="/"/>
    <property name="line.separator" value="&#10;"/>
    <property name="java.vm.specification.vendor" value="Oracle Corporation"/>
    <property name="java.specification.name" value="Java Platform API Specification"/>
    <property name="java.awt.graphicsenv" value="sun.awt.X11GraphicsEnvironment"/>
    <property name="skip.installnpx" value="true"/>
    <property name="surefire.real.class.path" value="/home/runner/work/ozone/ozone/hadoop-ozone/integration-test/target/surefire/surefirebooter1502190846290031634.jar:/home/runner/.m2/repository/org/jacoco/org.jacoco.agent/0.8.5/org.jacoco.agent-0.8.5-runtime.jar"/>
    <property name="hadoop.log.dir" value="/home/runner/work/ozone/ozone/hadoop-ozone/integration-test/target/log"/>
    <property name="sun.boot.class.path" value="/usr/lib/jvm/temurin-8-jdk-amd64/jre/lib/resources.jar:/usr/lib/jvm/temurin-8-jdk-amd64/jre/lib/rt.jar:/usr/lib/jvm/temurin-8-jdk-amd64/jre/lib/sunrsasign.jar:/usr/lib/jvm/temurin-8-jdk-amd64/jre/lib/jsse.jar:/usr/lib/jvm/temurin-8-jdk-amd64/jre/lib/jce.jar:/usr/lib/jvm/temurin-8-jdk-amd64/jre/lib/charsets.jar:/usr/lib/jvm/temurin-8-jdk-amd64/jre/lib/jfr.jar:/usr/lib/jvm/temurin-8-jdk-amd64/jre/classes"/>
    <property name="sun.management.compiler" value="HotSpot 64-Bit Tiered Compilers"/>
    <property name="skip.npx" value="true"/>
    <property name="java.runtime.version" value="1.8.0_352-b08"/>
    <property name="java.net.preferIPv4Stack" value="true"/>
    <property name="user.name" value="runner"/>
    <property name="path.separator" value=":"/>
    <property name="java.security.egd" value="file:///dev/urandom"/>
    <property name="os.version" value="5.15.0-1023-azure"/>
    <property name="java.endorsed.dirs" value="/usr/lib/jvm/temurin-8-jdk-amd64/jre/lib/endorsed"/>
    <property name="java.runtime.name" value="OpenJDK Runtime Environment"/>
    <property name="file.encoding" value="UTF-8"/>
    <property name="java.vm.name" value="OpenJDK 64-Bit Server VM"/>
    <property name="test.build.webapps" value=""/>
    <property name="localRepository" value="/home/runner/.m2/repository"/>
    <property name="jetty.git.hash" value="4231a3b2e4cb8548a412a789936d640a97b1aa0a"/>
    <property name="java.vendor.url.bug" value="https://github.com/adoptium/adoptium-support/issues"/>
    <property name="java.io.tmpdir" value="/tmp"/>
    <property name="require.test.libhadoop" value=""/>
    <property name="java.version" value="1.8.0_352"/>
    <property name="user.dir" value="/home/runner/work/ozone/ozone/hadoop-ozone/integration-test"/>
    <property name="os.arch" value="amd64"/>
    <property name="java.vm.specification.name" value="Java Virtual Machine Specification"/>
    <property name="test.build.classes" value="/home/runner/work/ozone/ozone/hadoop-ozone/integration-test/target/test-classes"/>
    <property name="java.awt.printerjob" value="sun.print.PSPrinterJob"/>
    <property name="sun.os.patch.level" value="unknown"/>
    <property name="org.apache.ratis.thirdparty.io.netty.allocator.useCacheForAllThreads" value="false"/>
    <property name="hadoop.tmp.dir" value="/home/runner/work/ozone/ozone/hadoop-ozone/integration-test/target/tmp"/>
    <property name="java.library.path" value="/usr/java/packages/lib/amd64:/usr/lib64:/lib64:/lib:/usr/lib"/>
    <property name="java.vm.info" value="mixed mode"/>
    <property name="java.vendor" value="Temurin"/>
    <property name="java.vm.version" value="25.352-b08"/>
    <property name="java.specification.maintenance.version" value="4"/>
    <property name="java.ext.dirs" value="/usr/lib/jvm/temurin-8-jdk-amd64/jre/lib/ext:/usr/java/packages/lib/ext"/>
    <property name="sun.io.unicode.encoding" value="UnicodeLittle"/>
    <property name="java.class.version" value="52.0"/>
  </properties>
  <testcase name="testContainerRecoveryOverReplicationProcessing" classname="org.apache.hadoop.ozone.container.TestECContainerRecovery" time="38.237">
    <system-out><![CDATA[2022-12-06 15:44:31,133 [main] WARN  server.ServerUtils (ServerUtils.java:getScmDbDir(148)) - ozone.scm.db.dirs is not configured. We recommend adding this setting. Falling back to ozone.metadata.dirs instead.
2022-12-06 15:44:31,213 [main] WARN  server.ServerUtils (ServerUtils.java:getScmDbDir(148)) - ozone.scm.db.dirs is not configured. We recommend adding this setting. Falling back to ozone.metadata.dirs instead.
2022-12-06 15:44:31,216 [main] INFO  ha.SCMHANodeDetails (SCMHANodeDetails.java:loadSCMHAConfig(209)) - ServiceID for StorageContainerManager is null
2022-12-06 15:44:31,226 [main] WARN  ha.SCMHANodeDetails (SCMHANodeDetails.java:validateSCMHAConfig(182)) - Invalid config ozone.scm.ratis.enable. The config was not specified, but the default value true conflicts with the expected config value false. Falling back to the expected value. Current State of SCM: SCM is running in Non-HA without Ratis Ratis SCM -> Non Ratis SCM or Non HA SCM -> HA SCM is not supported
2022-12-06 15:44:31,227 [main] INFO  ha.SCMHANodeDetails (SCMHANodeDetails.java:loadSCMHAConfig(214)) - ozone.scm.default.service.id is not defined, falling back to ozone.scm.service.ids to find serviceID for StorageContainerManager if it is HA enabled cluster
2022-12-06 15:44:31,696 [main] WARN  utils.HAUtils (HAUtils.java:getMetaDir(342)) - ozone.scm.db.dirs is not configured. We recommend adding this setting. Falling back to ozone.metadata.dirs instead.
2022-12-06 15:44:31,829 [main] WARN  db.DBStoreBuilder (DBStoreBuilder.java:applyDBDefinition(144)) - ozone.scm.db.dirs is not configured. We recommend adding this setting. Falling back to ozone.metadata.dirs instead.
2022-12-06 15:44:32,101 [main] INFO  net.NodeSchemaLoader (NodeSchemaLoader.java:loadSchemaFromFile(129)) - Loading schema from [jar:file:/home/runner/.m2/repository/org/apache/ozone/hdds-common/1.3.0-SNAPSHOT/hdds-common-1.3.0-SNAPSHOT.jar!/network-topology-default.xml]
2022-12-06 15:44:32,103 [main] INFO  net.NodeSchemaLoader (NodeSchemaLoader.java:loadSchema(176)) - Loading network topology layer schema file
2022-12-06 15:44:32,145 [main] INFO  metrics.MetricRegistries (MetricRegistriesLoader.java:load(64)) - Loaded MetricRegistries class org.apache.ratis.metrics.impl.MetricRegistriesImpl
2022-12-06 15:44:32,151 [main] INFO  upgrade.AbstractLayoutVersionManager (AbstractLayoutVersionManager.java:init(83)) - Initializing Layout version manager with metadata layout = DATANODE_SCHEMA_V3 (version = 4), software layout = DATANODE_SCHEMA_V3 (version = 4)
2022-12-06 15:44:32,334 [main] INFO  reflections.Reflections (Reflections.java:scan(232)) - Reflections took 118 ms to scan 7 urls, producing 140 keys and 342 values 
2022-12-06 15:44:32,429 [main] INFO  ha.SequenceIdGenerator (SequenceIdGenerator.java:upgradeToSequenceId(349)) - upgrade localId to 109611004723200000
2022-12-06 15:44:32,430 [main] INFO  ha.SequenceIdGenerator (SequenceIdGenerator.java:upgradeToSequenceId(359)) - upgrade delTxnId to 0
2022-12-06 15:44:32,434 [main] INFO  ha.SequenceIdGenerator (SequenceIdGenerator.java:upgradeToSequenceId(376)) - upgrade containerId to 0
2022-12-06 15:44:32,436 [main] INFO  ha.SequenceIdGenerator (SequenceIdGenerator.java:<init>(220)) - Init the HA SequenceIdGenerator.
2022-12-06 15:44:32,489 [main] WARN  server.ServerUtils (ServerUtils.java:sanitizeUserArgs(67)) - ozone.scm.stale.node.interval value = 1000 is smaller than min = 3000 based on the key value of hdds.heartbeat.interval, reset to the min value 3000.
2022-12-06 15:44:32,489 [main] WARN  server.ServerUtils (ServerUtils.java:sanitizeUserArgs(67)) - ozone.scm.stale.node.interval value = 1000 is smaller than min = 3000 based on the key value of hdds.heartbeat.interval, reset to the min value 3000.
2022-12-06 15:44:32,489 [main] WARN  server.ServerUtils (ServerUtils.java:sanitizeUserArgs(67)) - ozone.scm.dead.node.interval value = 1000 is smaller than min = 6000 based on the key value of ozone.scm.stale.node.interval, reset to the min value 6000.
2022-12-06 15:44:32,496 [main] INFO  node.SCMNodeManager (SCMNodeManager.java:<init>(149)) - Entering startup safe mode.
2022-12-06 15:44:32,566 [main] INFO  algorithms.ContainerPlacementPolicyFactory (ContainerPlacementPolicyFactory.java:getPolicyInternal(86)) - Create container placement policy of type org.apache.hadoop.hdds.scm.container.placement.algorithms.SCMContainerPlacementRandom
2022-12-06 15:44:32,569 [main] INFO  algorithms.ContainerPlacementPolicyFactory (ContainerPlacementPolicyFactory.java:getPolicyInternal(86)) - Create container placement policy of type org.apache.hadoop.hdds.scm.container.placement.algorithms.SCMContainerPlacementRackScatter
2022-12-06 15:44:32,578 [main] INFO  pipeline.PipelineStateManagerImpl (PipelineStateManagerImpl.java:initialize(78)) - No pipeline exists in current db
2022-12-06 15:44:32,615 [main] INFO  algorithms.LeaderChoosePolicyFactory (LeaderChoosePolicyFactory.java:getPolicy(57)) - Create leader choose policy of type org.apache.hadoop.hdds.scm.pipeline.leader.choose.algorithms.MinLeaderCountChoosePolicy
2022-12-06 15:44:32,615 [main] INFO  algorithms.ContainerPlacementPolicyFactory (ContainerPlacementPolicyFactory.java:getPolicyInternal(86)) - Create container placement policy of type org.apache.hadoop.hdds.scm.container.placement.algorithms.SCMContainerPlacementRackScatter
2022-12-06 15:44:32,621 [main] INFO  ha.SCMServiceManager (SCMServiceManager.java:register(42)) - Registering service BackgroundPipelineCreator.
2022-12-06 15:44:32,622 [main] INFO  pipeline.BackgroundPipelineCreator (BackgroundPipelineCreator.java:start(124)) - Starting RatisPipelineUtilsThread.
2022-12-06 15:44:32,626 [main] INFO  BackgroundPipelineScrubber (BackgroundSCMService.java:start(68)) - Starting BackgroundPipelineScrubber Service.
2022-12-06 15:44:32,631 [main] INFO  ha.SCMServiceManager (SCMServiceManager.java:register(42)) - Registering service BackgroundPipelineScrubber.
2022-12-06 15:44:32,638 [main] INFO  ExpiredContainerReplicaOpScrubber (BackgroundSCMService.java:start(68)) - Starting ExpiredContainerReplicaOpScrubber Service.
2022-12-06 15:44:32,639 [main] INFO  ha.SCMServiceManager (SCMServiceManager.java:register(42)) - Registering service ExpiredContainerReplicaOpScrubber.
2022-12-06 15:44:32,692 [main] INFO  algorithms.PipelineChoosePolicyFactory (PipelineChoosePolicyFactory.java:createPipelineChoosePolicyFromClass(73)) - Create pipeline choose policy of type org.apache.hadoop.hdds.scm.pipeline.choose.algorithms.RandomPipelineChoosePolicy
2022-12-06 15:44:32,716 [main] INFO  ha.SCMServiceManager (SCMServiceManager.java:register(42)) - Registering service SCMBlockDeletingService.
2022-12-06 15:44:32,776 [main] INFO  replication.ReplicationManager (ReplicationManager.java:start(254)) - Starting Replication Monitor Thread.
2022-12-06 15:44:32,786 [main] INFO  ha.SCMServiceManager (SCMServiceManager.java:register(42)) - Registering service ReplicationManager.
2022-12-06 15:44:32,791 [ReplicationMonitor] INFO  replication.ReplicationManager (ReplicationManager.java:processAll(323)) - Replication Manager is not ready to run until 3000ms after safemode exit
2022-12-06 15:44:32,801 [main] INFO  safemode.ContainerSafeModeRule (ContainerSafeModeRule.java:<init>(89)) - containers with one replica threshold count 0
2022-12-06 15:44:32,804 [main] INFO  safemode.HealthyPipelineSafeModeRule (HealthyPipelineSafeModeRule.java:initializeRule(169)) - Total pipeline count is 0, healthy pipeline threshold count is 1
2022-12-06 15:44:32,806 [main] INFO  safemode.OneReplicaPipelineSafeModeRule (OneReplicaPipelineSafeModeRule.java:initializeRule(180)) - Total pipeline count is 0, pipeline's with at least one datanode reported threshold count is 0
2022-12-06 15:44:33,096 [main] INFO  audit.AuditLogger (AuditLogger.java:refreshDebugCmdSet(126)) - Refresh DebugCmdSet for SCMAudit to [].
2022-12-06 15:44:33,127 [main] INFO  ipc.CallQueueManager (CallQueueManager.java:<init>(90)) - Using callQueue: class java.util.concurrent.LinkedBlockingQueue, queueCapacity: 2000, scheduler: class org.apache.hadoop.ipc.DefaultRpcScheduler, ipcBackoff: false.
2022-12-06 15:44:33,168 [Socket Reader #1 for port 0] INFO  ipc.Server (Server.java:run(1273)) - Starting Socket Reader #1 for port 0
2022-12-06 15:44:33,225 [Listener at 0.0.0.0/42623] INFO  audit.AuditLogger (AuditLogger.java:refreshDebugCmdSet(126)) - Refresh DebugCmdSet for SCMAudit to [].
2022-12-06 15:44:33,232 [Listener at 0.0.0.0/42623] INFO  ipc.CallQueueManager (CallQueueManager.java:<init>(90)) - Using callQueue: class java.util.concurrent.LinkedBlockingQueue, queueCapacity: 2000, scheduler: class org.apache.hadoop.ipc.DefaultRpcScheduler, ipcBackoff: false.
2022-12-06 15:44:33,233 [Socket Reader #1 for port 0] INFO  ipc.Server (Server.java:run(1273)) - Starting Socket Reader #1 for port 0
2022-12-06 15:44:33,266 [Listener at 0.0.0.0/45237] INFO  audit.AuditLogger (AuditLogger.java:refreshDebugCmdSet(126)) - Refresh DebugCmdSet for SCMAudit to [].
2022-12-06 15:44:33,278 [Listener at 0.0.0.0/45237] INFO  ipc.CallQueueManager (CallQueueManager.java:<init>(90)) - Using callQueue: class java.util.concurrent.LinkedBlockingQueue, queueCapacity: 2000, scheduler: class org.apache.hadoop.ipc.DefaultRpcScheduler, ipcBackoff: false.
2022-12-06 15:44:33,280 [Socket Reader #1 for port 0] INFO  ipc.Server (Server.java:run(1273)) - Starting Socket Reader #1 for port 0
2022-12-06 15:44:33,322 [Listener at 0.0.0.0/38325] INFO  ha.SCMServiceManager (SCMServiceManager.java:register(42)) - Registering service ContainerBalancer.
2022-12-06 15:44:33,323 [Listener at 0.0.0.0/38325] INFO  server.StorageContainerManager (StorageContainerManager.java:<init>(397)) - 
Container Balancer status:
Key                            Value
Running                        true
Container Balancer Configuration values:
Key                                                Value
Threshold                                          10
Max Datanodes to Involve per Iteration(percent)    20
Max Size to Move per Iteration                     500GB
Max Size Entering Target per Iteration             26GB
Max Size Leaving Source per Iteration              26GB

2022-12-06 15:44:33,324 [Listener at 0.0.0.0/38325] INFO  ha.SCMContext (SCMContext.java:updateSafeModeStatus(228)) - Update SafeModeStatus from SafeModeStatus{safeModeStatus=true, preCheckPassed=false} to SafeModeStatus{safeModeStatus=true, preCheckPassed=false}.
2022-12-06 15:44:33,334 [Listener at 0.0.0.0/38325] INFO  server.StorageContainerManager (StorageContainerManager.java:start(1419)) - StorageContainerLocationProtocol RPC server is listening at /0.0.0.0:38325
2022-12-06 15:44:33,426 [Listener at 0.0.0.0/38325] WARN  impl.MetricsConfig (MetricsConfig.java:loadFirst(136)) - Cannot locate configuration: tried hadoop-metrics2-storagecontainermanager.properties,hadoop-metrics2.properties
2022-12-06 15:44:33,441 [Listener at 0.0.0.0/38325] INFO  impl.MetricsSystemImpl (MetricsSystemImpl.java:startTimer(378)) - Scheduled Metric snapshot period at 10 second(s).
2022-12-06 15:44:33,441 [Listener at 0.0.0.0/38325] INFO  impl.MetricsSystemImpl (MetricsSystemImpl.java:start(191)) - StorageContainerManager metrics system started
2022-12-06 15:44:33,784 [Listener at 0.0.0.0/38325] INFO  server.SCMClientProtocolServer (SCMClientProtocolServer.java:start(170)) - RPC server for Client  is listening at /0.0.0.0:38325
2022-12-06 15:44:33,784 [IPC Server Responder] INFO  ipc.Server (Server.java:run(1512)) - IPC Server Responder: starting
2022-12-06 15:44:33,789 [IPC Server listener on 0] INFO  ipc.Server (Server.java:run(1352)) - IPC Server listener on 0: starting
2022-12-06 15:44:33,792 [Listener at 0.0.0.0/38325] INFO  server.StorageContainerManager (StorageContainerManager.java:start(1433)) - ScmBlockLocationProtocol RPC server is listening at /0.0.0.0:45237
2022-12-06 15:44:33,793 [Listener at 0.0.0.0/38325] INFO  server.SCMBlockProtocolServer (SCMBlockProtocolServer.java:start(152)) - RPC server for Block Protocol is listening at /0.0.0.0:45237
2022-12-06 15:44:33,794 [IPC Server Responder] INFO  ipc.Server (Server.java:run(1512)) - IPC Server Responder: starting
2022-12-06 15:44:33,794 [IPC Server listener on 0] INFO  ipc.Server (Server.java:run(1352)) - IPC Server listener on 0: starting
2022-12-06 15:44:33,797 [Listener at 0.0.0.0/38325] INFO  server.SCMDatanodeProtocolServer (SCMDatanodeProtocolServer.java:start(186)) - ScmDatanodeProtocol RPC server for DataNodes is listening at /0.0.0.0:42623
2022-12-06 15:44:33,797 [IPC Server Responder] INFO  ipc.Server (Server.java:run(1512)) - IPC Server Responder: starting
2022-12-06 15:44:33,798 [IPC Server listener on 0] INFO  ipc.Server (Server.java:run(1352)) - IPC Server listener on 0: starting
2022-12-06 15:44:33,816 [org.apache.hadoop.util.JvmPauseMonitor$Monitor@3cd28235] INFO  util.JvmPauseMonitor (JvmPauseMonitor.java:run(188)) - Starting JVM pause monitor
2022-12-06 15:44:33,834 [Listener at 0.0.0.0/38325] INFO  http.BaseHttpServer (BaseHttpServer.java:newHttpServer2BuilderForOzone(213)) - Starting Web-server for scm at: http://0.0.0.0:0
2022-12-06 15:44:33,834 [Listener at 0.0.0.0/38325] INFO  http.BaseHttpServer (BaseHttpServer.java:<init>(108)) - Hadoop Security Enabled: false Ozone Security Enabled: false Ozone HTTP Security Enabled: false 
2022-12-06 15:44:33,864 [Listener at 0.0.0.0/38325] INFO  util.log (Log.java:initialized(170)) - Logging initialized @4209ms to org.eclipse.jetty.util.log.Slf4jLog
2022-12-06 15:44:33,980 [Listener at 0.0.0.0/38325] WARN  server.AuthenticationFilter (AuthenticationFilter.java:constructSecretProvider(240)) - Unable to initialize FileSignerSecretProvider, falling back to use random secrets. Reason: Could not read signature secret file: /home/runner/hadoop-http-auth-signature-secret
2022-12-06 15:44:33,987 [Listener at 0.0.0.0/38325] WARN  http.HttpRequestLog (HttpRequestLog.java:getRequestLog(103)) - Jetty request log can only be enabled using Log4j
2022-12-06 15:44:33,994 [Listener at 0.0.0.0/38325] INFO  http.HttpServer2 (HttpServer2.java:addGlobalFilter(1031)) - Added global filter 'safety' (class=org.apache.hadoop.hdds.server.http.HttpServer2$QuotingInputFilter)
2022-12-06 15:44:33,997 [Listener at 0.0.0.0/38325] INFO  http.HttpServer2 (HttpServer2.java:addFilter(1007)) - Added filter static_user_filter (class=org.apache.hadoop.http.lib.StaticUserWebFilter$StaticUserFilter) to context scm
2022-12-06 15:44:33,997 [Listener at 0.0.0.0/38325] INFO  http.HttpServer2 (HttpServer2.java:addFilter(1015)) - Added filter static_user_filter (class=org.apache.hadoop.http.lib.StaticUserWebFilter$StaticUserFilter) to context logs
2022-12-06 15:44:33,998 [Listener at 0.0.0.0/38325] INFO  http.HttpServer2 (HttpServer2.java:addFilter(1015)) - Added filter static_user_filter (class=org.apache.hadoop.http.lib.StaticUserWebFilter$StaticUserFilter) to context static
2022-12-06 15:44:34,043 [Listener at 0.0.0.0/38325] INFO  http.HttpServer2 (HttpServer2.java:bindListener(1250)) - Jetty bound to port 45451
2022-12-06 15:44:34,045 [Listener at 0.0.0.0/38325] INFO  server.Server (Server.java:doStart(375)) - jetty-9.4.49.v20220914; built: 2022-09-14T01:07:36.601Z; git: 4231a3b2e4cb8548a412a789936d640a97b1aa0a; jvm 1.8.0_352-b08
2022-12-06 15:44:34,086 [Listener at 0.0.0.0/38325] INFO  server.session (DefaultSessionIdManager.java:doStart(334)) - DefaultSessionIdManager workerName=node0
2022-12-06 15:44:34,086 [Listener at 0.0.0.0/38325] INFO  server.session (DefaultSessionIdManager.java:doStart(339)) - No SessionScavenger set, using defaults
2022-12-06 15:44:34,088 [Listener at 0.0.0.0/38325] INFO  server.session (HouseKeeper.java:startScavenging(132)) - node0 Scavenging every 600000ms
2022-12-06 15:44:34,103 [Listener at 0.0.0.0/38325] INFO  handler.ContextHandler (ContextHandler.java:doStart(921)) - Started o.e.j.s.ServletContextHandler@1f7b8d59{logs,/logs,file:///home/runner/work/ozone/ozone/hadoop-ozone/integration-test/target/log,AVAILABLE}
2022-12-06 15:44:34,104 [Listener at 0.0.0.0/38325] INFO  handler.ContextHandler (ContextHandler.java:doStart(921)) - Started o.e.j.s.ServletContextHandler@2bfa5678{static,/static,file:///home/runner/work/ozone/ozone/hadoop-ozone/integration-test/target/test-classes/webapps/static,AVAILABLE}
2022-12-06 15:44:34,155 [Listener at 0.0.0.0/38325] INFO  handler.ContextHandler (ContextHandler.java:doStart(921)) - Started o.e.j.w.WebAppContext@5b6ec94a{scm,/,file:///home/runner/work/ozone/ozone/hadoop-ozone/integration-test/target/test-classes/webapps/scm/,AVAILABLE}{file:/home/runner/work/ozone/ozone/hadoop-ozone/integration-test/target/test-classes/webapps/scm}
2022-12-06 15:44:34,169 [Listener at 0.0.0.0/38325] INFO  server.AbstractConnector (AbstractConnector.java:doStart(333)) - Started ServerConnector@3ec98000{HTTP/1.1, (http/1.1)}{0.0.0.0:45451}
2022-12-06 15:44:34,169 [Listener at 0.0.0.0/38325] INFO  server.Server (Server.java:doStart(415)) - Started @4515ms
2022-12-06 15:44:34,179 [Listener at 0.0.0.0/38325] INFO  impl.MetricsSinkAdapter (MetricsSinkAdapter.java:start(204)) - Sink prometheus started
2022-12-06 15:44:34,179 [Listener at 0.0.0.0/38325] INFO  impl.MetricsSystemImpl (MetricsSystemImpl.java:registerSink(305)) - Registered sink prometheus
2022-12-06 15:44:34,181 [Listener at 0.0.0.0/38325] INFO  http.BaseHttpServer (BaseHttpServer.java:updateConnectorAddress(333)) - HTTP server of scm listening at http://0.0.0.0:45451
2022-12-06 15:44:34,183 [Listener at 0.0.0.0/38325] WARN  server.ServerUtils (ServerUtils.java:getDBPath(225)) - ozone.om.db.dirs is not configured. We recommend adding this setting. Falling back to ozone.metadata.dirs instead.
2022-12-06 15:44:34,246 [Listener at 0.0.0.0/38325] INFO  audit.AuditLogger (AuditLogger.java:refreshDebugCmdSet(126)) - Refresh DebugCmdSet for OMAudit to [].
2022-12-06 15:44:34,345 [Listener at 0.0.0.0/38325] INFO  ha.OMHANodeDetails (OMHANodeDetails.java:loadOMHAConfig(115)) - ozone.om.internal.service.id is not defined, falling back to ozone.om.service.ids to find serviceID for OzoneManager if it is HA enabled cluster
2022-12-06 15:44:34,349 [Listener at 0.0.0.0/38325] INFO  ha.OMHANodeDetails (OMHANodeDetails.java:loadOMHAConfig(226)) - Configuration does not have ozone.om.address set. Falling back to the default OM address /127.0.0.1:0
2022-12-06 15:44:34,349 [Listener at 0.0.0.0/38325] INFO  ha.OMHANodeDetails (OMHANodeDetails.java:getOMNodeDetailsForNonHA(254)) - OM Service ID is not set. Setting it to the default ID: omServiceIdDefault
2022-12-06 15:44:34,349 [Listener at 0.0.0.0/38325] INFO  ha.OMHANodeDetails (OMHANodeDetails.java:getOMNodeDetailsForNonHA(261)) - OM Node ID is not set. Setting it to the default ID: om1
2022-12-06 15:44:34,353 [Listener at 0.0.0.0/38325] WARN  server.ServerUtils (ServerUtils.java:getDBPath(225)) - ozone.om.db.dirs is not configured. We recommend adding this setting. Falling back to ozone.metadata.dirs instead.
2022-12-06 15:44:34,355 [Listener at 0.0.0.0/38325] INFO  upgrade.AbstractLayoutVersionManager (AbstractLayoutVersionManager.java:init(83)) - Initializing Layout version manager with metadata layout = MULTITENANCY_SCHEMA (version = 3), software layout = MULTITENANCY_SCHEMA (version = 3)
2022-12-06 15:44:34,450 [Listener at 0.0.0.0/38325] INFO  reflections.Reflections (Reflections.java:scan(232)) - Reflections took 90 ms to scan 2 urls, producing 154 keys and 429 values [using 2 cores]
2022-12-06 15:44:34,455 [Listener at 0.0.0.0/38325] INFO  upgrade.OMLayoutVersionManager (OMLayoutVersionManager.java:lambda$0(115)) - Skipping Upgrade Action MockOmUpgradeAction since it has been finalized.
2022-12-06 15:44:34,456 [Listener at 0.0.0.0/38325] WARN  server.ServerUtils (ServerUtils.java:getDBPath(225)) - ozone.om.db.dirs is not configured. We recommend adding this setting. Falling back to ozone.metadata.dirs instead.
2022-12-06 15:44:34,607 [Listener at 0.0.0.0/38325] INFO  proxy.SCMBlockLocationFailoverProxyProvider (SCMBlockLocationFailoverProxyProvider.java:<init>(114)) - Created block location fail-over proxy with 1 nodes: [nodeId=scmNodeId,nodeAddress=/0.0.0.0:45237]
2022-12-06 15:44:34,638 [Listener at 0.0.0.0/38325] INFO  proxy.SCMBlockLocationFailoverProxyProvider (SCMBlockLocationFailoverProxyProvider.java:<init>(114)) - Created block location fail-over proxy with 1 nodes: [nodeId=scmNodeId,nodeAddress=/0.0.0.0:45237]
2022-12-06 15:44:34,862 [Listener at 0.0.0.0/38325] WARN  server.ServerUtils (ServerUtils.java:getDBPath(225)) - ozone.om.db.dirs is not configured. We recommend adding this setting. Falling back to ozone.metadata.dirs instead.
2022-12-06 15:44:34,868 [Listener at 0.0.0.0/38325] INFO  codec.OmKeyInfoCodec (OmKeyInfoCodec.java:<init>(49)) - OmKeyInfoCodec ignorePipeline = true
2022-12-06 15:44:34,870 [Listener at 0.0.0.0/38325] INFO  codec.RepeatedOmKeyInfoCodec (RepeatedOmKeyInfoCodec.java:<init>(41)) - RepeatedOmKeyInfoCodec ignorePipeline = true
2022-12-06 15:44:35,052 [Listener at 0.0.0.0/38325] INFO  om.OzoneManager (OzoneManager.java:instantiateServices(715)) - S3 Multi-Tenancy is disabled
2022-12-06 15:44:35,161 [Listener at 0.0.0.0/38325] INFO  om.OzoneManager (OzoneManager.java:addS3GVolumeToDB(4400)) - Created Volume s3v With Owner runner required for S3Gateway operations.
2022-12-06 15:44:35,223 [Listener at 0.0.0.0/38325] WARN  server.ServerUtils (ServerUtils.java:getDefaultRatisDirectory(237)) - Storage directory for Ratis is not configured. It is a good idea to map this to an SSD disk. Falling back to ozone.metadata.dirs
2022-12-06 15:44:35,223 [Listener at 0.0.0.0/38325] WARN  utils.OzoneManagerRatisUtils (OzoneManagerRatisUtils.java:getOMRatisSnapshotDirectory(434)) - ozone.om.ratis.snapshot.dir is not configured. Falling back to ozone.metadata.dirs config
2022-12-06 15:44:35,246 [Listener at 0.0.0.0/38325] WARN  server.ServerUtils (ServerUtils.java:getDefaultRatisDirectory(237)) - Storage directory for Ratis is not configured. It is a good idea to map this to an SSD disk. Falling back to ozone.metadata.dirs
2022-12-06 15:44:35,277 [Listener at 0.0.0.0/38325] INFO  ratis.OzoneManagerRatisServer (OzoneManagerRatisServer.java:<init>(160)) - Instantiating OM Ratis server with groupID: omServiceIdDefault and peers: localhost:9872
2022-12-06 15:44:35,287 [Listener at 0.0.0.0/38325] INFO  ratis.OzoneManagerStateMachine (OzoneManagerStateMachine.java:loadSnapshotInfoFromDB(636)) - LastAppliedIndex is set from TransactionInfo from OM DB as (t:0, i:~)
2022-12-06 15:44:35,341 [Listener at 0.0.0.0/38325] INFO  server.RaftServer (ConfUtils.java:logGet(46)) - raft.rpc.type = GRPC (default)
2022-12-06 15:44:35,432 [Listener at 0.0.0.0/38325] INFO  grpc.GrpcConfigKeys (ConfUtils.java:logFallback(53)) - raft.grpc.admin.host = null (fallback to raft.grpc.server.host)
2022-12-06 15:44:35,434 [Listener at 0.0.0.0/38325] INFO  grpc.GrpcConfigKeys (ConfUtils.java:logFallback(53)) - raft.grpc.admin.port = 9872 (fallback to raft.grpc.server.port)
2022-12-06 15:44:35,435 [Listener at 0.0.0.0/38325] INFO  grpc.GrpcConfigKeys (ConfUtils.java:logFallback(53)) - raft.grpc.client.host = null (fallback to raft.grpc.server.host)
2022-12-06 15:44:35,435 [Listener at 0.0.0.0/38325] INFO  grpc.GrpcConfigKeys (ConfUtils.java:logFallback(53)) - raft.grpc.client.port = 9872 (fallback to raft.grpc.server.port)
2022-12-06 15:44:35,436 [Listener at 0.0.0.0/38325] INFO  grpc.GrpcConfigKeys (ConfUtils.java:logGet(46)) - raft.grpc.server.host = null (default)
2022-12-06 15:44:35,436 [Listener at 0.0.0.0/38325] INFO  grpc.GrpcConfigKeys (ConfUtils.java:logGet(46)) - raft.grpc.server.port = 9872 (custom)
2022-12-06 15:44:35,436 [Listener at 0.0.0.0/38325] INFO  server.GrpcService (ConfUtils.java:logGet(46)) - raft.grpc.message.size.max = 33554432 (custom)
2022-12-06 15:44:35,438 [Listener at 0.0.0.0/38325] INFO  server.RaftServerConfigKeys (ConfUtils.java:logGet(46)) - raft.server.log.appender.buffer.byte-limit = 33554432 (custom)
2022-12-06 15:44:35,438 [Listener at 0.0.0.0/38325] INFO  server.GrpcService (ConfUtils.java:logGet(46)) - raft.grpc.flow.control.window = 1MB (=1048576) (default)
2022-12-06 15:44:35,439 [Listener at 0.0.0.0/38325] INFO  server.RaftServerConfigKeys (ConfUtils.java:logGet(46)) - raft.server.rpc.request.timeout = 3000ms (default)
2022-12-06 15:44:35,456 [Listener at 0.0.0.0/38325] INFO  grpc.GrpcConfigKeys (ConfUtils.java:logGet(46)) - raft.grpc.server.heartbeat.channel = true (default)
2022-12-06 15:44:35,459 [Listener at 0.0.0.0/38325] INFO  grpc.GrpcConfigKeys (ConfUtils.java:logGet(46)) - raft.grpc.server.async.request.thread.pool.cached = true (default)
2022-12-06 15:44:35,460 [Listener at 0.0.0.0/38325] INFO  grpc.GrpcConfigKeys (ConfUtils.java:logGet(46)) - raft.grpc.server.async.request.thread.pool.size = 32 (default)
2022-12-06 15:44:35,763 [Listener at 0.0.0.0/38325] INFO  impl.DataStreamServerImpl (ConfUtils.java:logGet(46)) - raft.datastream.type = DISABLED (default)
2022-12-06 15:44:35,766 [Listener at 0.0.0.0/38325] INFO  server.RaftServerConfigKeys (ConfUtils.java:logGet(46)) - raft.server.threadpool.proxy.cached = true (default)
2022-12-06 15:44:35,767 [Listener at 0.0.0.0/38325] INFO  server.RaftServerConfigKeys (ConfUtils.java:logGet(46)) - raft.server.threadpool.proxy.size = 0 (default)
2022-12-06 15:44:35,767 [Listener at 0.0.0.0/38325] INFO  server.RaftServerConfigKeys (ConfUtils.java:logGet(46)) - raft.server.rpc.slowness.timeout = 120s (custom)
2022-12-06 15:44:35,768 [Listener at 0.0.0.0/38325] INFO  server.RaftServerConfigKeys (ConfUtils.java:logGet(46)) - raft.server.leaderelection.leader.step-down.wait-time = 10s (default)
2022-12-06 15:44:35,771 [Listener at 0.0.0.0/38325] INFO  server.RaftServerConfigKeys (ConfUtils.java:logGet(46)) - raft.server.storage.dir = [/home/runner/work/ozone/ozone/hadoop-ozone/integration-test/target/test-dir/MiniOzoneClusterImpl-dce15e54-dc76-4f82-a75a-fd2a8a22e08e/ozone-meta/ratis] (custom)
2022-12-06 15:44:35,783 [Listener at 0.0.0.0/38325] INFO  server.RaftServer (RaftServerProxy.java:addNew(96)) - om1: addNew group-C5BA1605619E:[om1|rpc:localhost:9872|priority:0|startupRole:FOLLOWER] returns group-C5BA1605619E:java.util.concurrent.CompletableFuture@26664caa[Not completed]
2022-12-06 15:44:35,783 [Listener at 0.0.0.0/38325] INFO  om.OzoneManager (OzoneManager.java:initializeRatisServer(1977)) - OzoneManager Ratis server initialized at port 9872
2022-12-06 15:44:35,796 [Listener at 0.0.0.0/38325] INFO  om.OzoneManager (OzoneManager.java:getRpcServer(1104)) - Creating RPC Server
2022-12-06 15:44:35,853 [pool-54-thread-1] INFO  server.RaftServer$Division (RaftServerImpl.java:<init>(195)) - om1: new RaftServerImpl for group-C5BA1605619E:[om1|rpc:localhost:9872|priority:0|startupRole:FOLLOWER] with OzoneManagerStateMachine:uninitialized
2022-12-06 15:44:35,856 [pool-54-thread-1] INFO  server.RaftServerConfigKeys (ConfUtils.java:logGet(46)) - raft.server.rpc.timeout.min = 1s (custom)
2022-12-06 15:44:35,858 [pool-54-thread-1] INFO  server.RaftServerConfigKeys (ConfUtils.java:logGet(46)) - raft.server.rpc.timeout.max = 1200ms (custom)
2022-12-06 15:44:35,858 [pool-54-thread-1] INFO  server.RaftServerConfigKeys (ConfUtils.java:logGet(46)) - raft.server.rpc.sleep.time = 25ms (default)
2022-12-06 15:44:35,858 [pool-54-thread-1] INFO  server.RaftServerConfigKeys (ConfUtils.java:logGet(46)) - raft.server.rpc.slowness.timeout = 120s (custom)
2022-12-06 15:44:35,859 [pool-54-thread-1] INFO  server.RaftServerConfigKeys (ConfUtils.java:logGet(46)) - raft.server.leaderelection.leader.step-down.wait-time = 10s (default)
2022-12-06 15:44:35,859 [pool-54-thread-1] INFO  server.RaftServerConfigKeys (ConfUtils.java:logGet(46)) - raft.server.sleep.deviation.threshold = 300ms (default)
2022-12-06 15:44:35,869 [pool-54-thread-1] INFO  server.RaftServer$Division (ServerState.java:<init>(118)) - om1@group-C5BA1605619E: ConfigurationManager, init=-1: peers:[om1|rpc:localhost:9872|priority:0|startupRole:FOLLOWER]|listeners:[], old=null, confs=<EMPTY_MAP>
2022-12-06 15:44:35,870 [pool-54-thread-1] INFO  server.RaftServerConfigKeys (ConfUtils.java:logGet(46)) - raft.server.storage.dir = [/home/runner/work/ozone/ozone/hadoop-ozone/integration-test/target/test-dir/MiniOzoneClusterImpl-dce15e54-dc76-4f82-a75a-fd2a8a22e08e/ozone-meta/ratis] (custom)
2022-12-06 15:44:35,876 [pool-54-thread-1] INFO  server.RaftServerConfigKeys (ConfUtils.java:logGet(46)) - raft.server.log.corruption.policy = EXCEPTION (default)
2022-12-06 15:44:35,876 [pool-54-thread-1] INFO  server.RaftServerConfigKeys (ConfUtils.java:logGet(46)) - raft.server.storage.free-space.min = 0MB (=0) (default)
2022-12-06 15:44:35,885 [pool-54-thread-1] INFO  server.RaftServerConfigKeys (ConfUtils.java:logGet(46)) - raft.server.notification.no-leader.timeout = 120s (custom)
2022-12-06 15:44:35,908 [pool-54-thread-1] INFO  server.RaftServerConfigKeys (ConfUtils.java:logGet(46)) - raft.server.retrycache.expirytime = 300s (custom)
2022-12-06 15:44:35,908 [pool-54-thread-1] INFO  server.RaftServerConfigKeys (ConfUtils.java:logGet(46)) - raft.server.retrycache.statistics.expirytime = 100μs (default)
2022-12-06 15:44:36,131 [pool-54-thread-1] INFO  server.RaftServerConfigKeys (ConfUtils.java:logGet(46)) - raft.server.log.appender.install.snapshot.enabled = false (custom)
2022-12-06 15:44:36,131 [pool-54-thread-1] INFO  server.RaftServerConfigKeys (ConfUtils.java:logGet(46)) - raft.server.threadpool.server.cached = true (default)
2022-12-06 15:44:36,133 [pool-54-thread-1] INFO  server.RaftServerConfigKeys (ConfUtils.java:logGet(46)) - raft.server.threadpool.server.size = 0 (default)
2022-12-06 15:44:36,133 [pool-54-thread-1] INFO  server.RaftServerConfigKeys (ConfUtils.java:logGet(46)) - raft.server.threadpool.client.cached = true (default)
2022-12-06 15:44:36,135 [pool-54-thread-1] INFO  server.RaftServerConfigKeys (ConfUtils.java:logGet(46)) - raft.server.threadpool.client.size = 0 (default)
2022-12-06 15:44:36,683 [Listener at 0.0.0.0/38325] INFO  reflections.Reflections (Reflections.java:scan(232)) - Reflections took 805 ms to scan 19 urls, producing 67 keys and 4402 values [using 2 cores]
2022-12-06 15:44:36,868 [Listener at 0.0.0.0/38325] INFO  ipc.CallQueueManager (CallQueueManager.java:<init>(90)) - Using callQueue: class java.util.concurrent.LinkedBlockingQueue, queueCapacity: 2000, scheduler: class org.apache.hadoop.ipc.DefaultRpcScheduler, ipcBackoff: false.
2022-12-06 15:44:36,868 [Socket Reader #1 for port 0] INFO  ipc.Server (Server.java:run(1273)) - Starting Socket Reader #1 for port 0
2022-12-06 15:44:36,915 [Listener at 127.0.0.1/44149] INFO  impl.MetricsSystemImpl (MetricsSystemImpl.java:init(158)) - OzoneManager metrics system started (again)
2022-12-06 15:44:36,929 [Listener at 127.0.0.1/44149] INFO  om.OzoneManager (OzoneManager.java:start(1484)) - OzoneManager RPC server is listening at localhost/127.0.0.1:44149
2022-12-06 15:44:36,929 [Listener at 127.0.0.1/44149] INFO  ratis.OzoneManagerRatisServer (OzoneManagerRatisServer.java:start(555)) - Starting OzoneManagerRatisServer om1 at port 9872
2022-12-06 15:44:36,934 [om1-impl-thread1] INFO  storage.RaftStorageDirectory (RaftStorageDirectoryImpl.java:analyzeStorage(137)) - The storage directory /home/runner/work/ozone/ozone/hadoop-ozone/integration-test/target/test-dir/MiniOzoneClusterImpl-dce15e54-dc76-4f82-a75a-fd2a8a22e08e/ozone-meta/ratis/bf265839-605b-3f16-9796-c5ba1605619e does not exist. Creating ...
2022-12-06 15:44:36,938 [om1-impl-thread1] INFO  storage.RaftStorageDirectory (RaftStorageDirectoryImpl.java:tryLock(231)) - Lock on /home/runner/work/ozone/ozone/hadoop-ozone/integration-test/target/test-dir/MiniOzoneClusterImpl-dce15e54-dc76-4f82-a75a-fd2a8a22e08e/ozone-meta/ratis/bf265839-605b-3f16-9796-c5ba1605619e/in_use.lock acquired by nodename 46996@fv-az133-40
2022-12-06 15:44:36,945 [om1-impl-thread1] INFO  storage.RaftStorage (RaftStorageImpl.java:format(96)) - Storage directory /home/runner/work/ozone/ozone/hadoop-ozone/integration-test/target/test-dir/MiniOzoneClusterImpl-dce15e54-dc76-4f82-a75a-fd2a8a22e08e/ozone-meta/ratis/bf265839-605b-3f16-9796-c5ba1605619e has been successfully formatted.
2022-12-06 15:44:36,949 [om1-impl-thread1] INFO  server.RaftServerConfigKeys (ConfUtils.java:logGet(46)) - raft.server.log.use.memory = false (default)
2022-12-06 15:44:36,957 [om1-impl-thread1] INFO  server.RaftServerConfigKeys (ConfUtils.java:logGet(46)) - raft.server.log.purge.gap = 1000000 (custom)
2022-12-06 15:44:36,957 [om1-impl-thread1] INFO  server.RaftServerConfigKeys (ConfUtils.java:logGet(46)) - raft.server.log.appender.buffer.byte-limit = 33554432 (custom)
2022-12-06 15:44:36,959 [om1-impl-thread1] INFO  server.RaftServerConfigKeys (ConfUtils.java:logGet(46)) - raft.server.log.statemachine.data.read.timeout = 1000ms (default)
2022-12-06 15:44:36,960 [om1-impl-thread1] INFO  server.RaftServerConfigKeys (ConfUtils.java:logGet(46)) - raft.server.log.purge.preservation.log.num = 0 (default)
2022-12-06 15:44:36,963 [om1-impl-thread1] INFO  server.RaftServerConfigKeys (ConfUtils.java:logGet(46)) - raft.server.log.segment.size.max = 4194304 (custom)
2022-12-06 15:44:36,969 [om1-impl-thread1] INFO  server.RaftServerConfigKeys (ConfUtils.java:logGet(46)) - raft.server.log.segment.cache.num.max = 2 (custom)
2022-12-06 15:44:36,969 [om1-impl-thread1] INFO  server.RaftServerConfigKeys (ConfUtils.java:logGet(46)) - raft.server.log.segment.cache.size.max = 200MB (=209715200) (default)
2022-12-06 15:44:36,976 [om1-impl-thread1] INFO  segmented.SegmentedRaftLogWorker (SegmentedRaftLogWorker.java:<init>(189)) - new om1@group-C5BA1605619E-SegmentedRaftLogWorker for RaftStorageImpl:Storage Directory /home/runner/work/ozone/ozone/hadoop-ozone/integration-test/target/test-dir/MiniOzoneClusterImpl-dce15e54-dc76-4f82-a75a-fd2a8a22e08e/ozone-meta/ratis/bf265839-605b-3f16-9796-c5ba1605619e
2022-12-06 15:44:36,976 [om1-impl-thread1] INFO  server.RaftServerConfigKeys (ConfUtils.java:logGet(46)) - raft.server.log.queue.byte-limit = 64MB (=67108864) (default)
2022-12-06 15:44:36,976 [om1-impl-thread1] INFO  server.RaftServerConfigKeys (ConfUtils.java:logGet(46)) - raft.server.log.queue.element-limit = 4096 (default)
2022-12-06 15:44:36,977 [om1-impl-thread1] INFO  server.RaftServerConfigKeys (ConfUtils.java:logGet(46)) - raft.server.log.segment.size.max = 4194304 (custom)
2022-12-06 15:44:36,978 [om1-impl-thread1] INFO  server.RaftServerConfigKeys (ConfUtils.java:logGet(46)) - raft.server.log.preallocated.size = 4194304 (custom)
2022-12-06 15:44:36,978 [om1-impl-thread1] INFO  server.RaftServerConfigKeys (ConfUtils.java:logGet(46)) - raft.server.log.force.sync.num = 128 (default)
2022-12-06 15:44:36,979 [om1-impl-thread1] INFO  server.RaftServerConfigKeys (ConfUtils.java:logGet(46)) - raft.server.log.statemachine.data.sync = true (default)
2022-12-06 15:44:36,979 [om1-impl-thread1] INFO  server.RaftServerConfigKeys (ConfUtils.java:logGet(46)) - raft.server.log.statemachine.data.sync.timeout = 10s (default)
2022-12-06 15:44:36,979 [om1-impl-thread1] INFO  server.RaftServerConfigKeys (ConfUtils.java:logGet(46)) - raft.server.log.statemachine.data.sync.timeout.retry = -1 (default)
2022-12-06 15:44:36,988 [om1-impl-thread1] INFO  server.RaftServerConfigKeys (ConfUtils.java:logGet(46)) - raft.server.log.write.buffer.size = 64KB (=65536) (default)
2022-12-06 15:44:36,988 [om1-impl-thread1] INFO  server.RaftServerConfigKeys (ConfUtils.java:logGet(46)) - raft.server.log.appender.buffer.byte-limit = 33554432 (custom)
2022-12-06 15:44:36,993 [om1-impl-thread1] INFO  server.RaftServerConfigKeys (ConfUtils.java:logGet(46)) - raft.server.log.unsafe-flush.enabled = false (default)
2022-12-06 15:44:36,994 [om1-impl-thread1] INFO  server.RaftServerConfigKeys (ConfUtils.java:logGet(46)) - raft.server.log.async-flush.enabled = false (default)
2022-12-06 15:44:36,994 [om1-impl-thread1] INFO  server.RaftServerConfigKeys (ConfUtils.java:logGet(46)) - raft.server.log.statemachine.data.caching.enabled = false (default)
2022-12-06 15:44:37,001 [om1-impl-thread1] INFO  segmented.SegmentedRaftLogWorker (SegmentedRaftLogWorker.java:lambda$new$0(135)) - om1@group-C5BA1605619E-SegmentedRaftLogWorker: flushIndex: setUnconditionally 0 -> -1
2022-12-06 15:44:37,001 [om1-impl-thread1] INFO  segmented.SegmentedRaftLogWorker (SegmentedRaftLogWorker.java:lambda$new$0(135)) - om1@group-C5BA1605619E-SegmentedRaftLogWorker: safeCacheEvictIndex: setUnconditionally 0 -> -1
2022-12-06 15:44:37,002 [om1-impl-thread1] INFO  server.RaftServer$Division (RaftServerImpl.java:start(334)) - om1@group-C5BA1605619E: start as a follower, conf=-1: peers:[om1|rpc:localhost:9872|priority:0|startupRole:FOLLOWER]|listeners:[], old=null
2022-12-06 15:44:37,003 [om1-impl-thread1] INFO  server.RaftServer$Division (RaftServerImpl.java:setRole(321)) - om1@group-C5BA1605619E: changes role from      null to FOLLOWER at term 0 for startAsFollower
2022-12-06 15:44:37,005 [om1-impl-thread1] INFO  impl.RoleInfo (RoleInfo.java:updateAndGet(139)) - om1: start om1@group-C5BA1605619E-FollowerState
2022-12-06 15:44:37,008 [om1@group-C5BA1605619E-FollowerState] INFO  server.RaftServerConfigKeys (ConfUtils.java:logFallback(53)) - raft.server.rpc.first-election.timeout.min = 1s (fallback to raft.server.rpc.timeout.min)
2022-12-06 15:44:37,009 [om1-impl-thread1] INFO  util.JmxRegister (JmxRegister.java:tryRegister(44)) - Successfully registered JMX Bean with object name Ratis:service=RaftServer,group=group-C5BA1605619E,id=om1
2022-12-06 15:44:37,011 [om1-impl-thread1] INFO  server.RaftServerConfigKeys (ConfUtils.java:logGet(46)) - raft.server.snapshot.auto.trigger.enabled = true (custom)
2022-12-06 15:44:37,011 [om1@group-C5BA1605619E-FollowerState] INFO  server.RaftServerConfigKeys (ConfUtils.java:logFallback(53)) - raft.server.rpc.first-election.timeout.max = 1200ms (fallback to raft.server.rpc.timeout.max)
2022-12-06 15:44:37,011 [om1-impl-thread1] INFO  server.RaftServerConfigKeys (ConfUtils.java:logGet(46)) - raft.server.snapshot.auto.trigger.threshold = 400000 (default)
2022-12-06 15:44:37,011 [om1-impl-thread1] INFO  server.RaftServerConfigKeys (ConfUtils.java:logGet(46)) - raft.server.snapshot.retention.file.num = -1 (default)
2022-12-06 15:44:37,012 [om1-impl-thread1] INFO  server.RaftServerConfigKeys (ConfUtils.java:logGet(46)) - raft.server.log.purge.upto.snapshot.index = true (custom)
2022-12-06 15:44:37,015 [Listener at 127.0.0.1/44149] INFO  server.RaftServer (RaftServerProxy.java:startImpl(393)) - om1: start RPC server
2022-12-06 15:44:37,078 [Listener at 127.0.0.1/44149] INFO  server.GrpcService (GrpcService.java:startImpl(262)) - om1: GrpcService started, listening on 9872
2022-12-06 15:44:37,081 [JvmPauseMonitor0] INFO  util.JvmPauseMonitor (JvmPauseMonitor.java:run(105)) - JvmPauseMonitor-om1: Started
2022-12-06 15:44:37,081 [Listener at 127.0.0.1/44149] INFO  om.OzoneManager (OzoneManager.java:start(1500)) - Version File has different layout version (3) than OM DB (null). That is expected if this OM has never been finalized to a newer layout version.
2022-12-06 15:44:37,091 [Listener at 127.0.0.1/44149] INFO  http.BaseHttpServer (BaseHttpServer.java:newHttpServer2BuilderForOzone(213)) - Starting Web-server for ozoneManager at: http://0.0.0.0:0
2022-12-06 15:44:37,091 [Listener at 127.0.0.1/44149] INFO  http.BaseHttpServer (BaseHttpServer.java:<init>(108)) - Hadoop Security Enabled: false Ozone Security Enabled: false Ozone HTTP Security Enabled: false 
2022-12-06 15:44:37,093 [Listener at 127.0.0.1/44149] WARN  server.AuthenticationFilter (AuthenticationFilter.java:constructSecretProvider(240)) - Unable to initialize FileSignerSecretProvider, falling back to use random secrets. Reason: Could not read signature secret file: /home/runner/hadoop-http-auth-signature-secret
2022-12-06 15:44:37,095 [Listener at 127.0.0.1/44149] WARN  http.HttpRequestLog (HttpRequestLog.java:getRequestLog(103)) - Jetty request log can only be enabled using Log4j
2022-12-06 15:44:37,097 [Listener at 127.0.0.1/44149] INFO  http.HttpServer2 (HttpServer2.java:addGlobalFilter(1031)) - Added global filter 'safety' (class=org.apache.hadoop.hdds.server.http.HttpServer2$QuotingInputFilter)
2022-12-06 15:44:37,098 [Listener at 127.0.0.1/44149] INFO  http.HttpServer2 (HttpServer2.java:addFilter(1007)) - Added filter static_user_filter (class=org.apache.hadoop.http.lib.StaticUserWebFilter$StaticUserFilter) to context ozoneManager
2022-12-06 15:44:37,100 [Listener at 127.0.0.1/44149] INFO  http.HttpServer2 (HttpServer2.java:addFilter(1015)) - Added filter static_user_filter (class=org.apache.hadoop.http.lib.StaticUserWebFilter$StaticUserFilter) to context static
2022-12-06 15:44:37,100 [Listener at 127.0.0.1/44149] INFO  http.HttpServer2 (HttpServer2.java:addFilter(1015)) - Added filter static_user_filter (class=org.apache.hadoop.http.lib.StaticUserWebFilter$StaticUserFilter) to context logs
2022-12-06 15:44:37,102 [Listener at 127.0.0.1/44149] INFO  http.HttpServer2 (HttpServer2.java:bindListener(1250)) - Jetty bound to port 35191
2022-12-06 15:44:37,102 [Listener at 127.0.0.1/44149] INFO  server.Server (Server.java:doStart(375)) - jetty-9.4.49.v20220914; built: 2022-09-14T01:07:36.601Z; git: 4231a3b2e4cb8548a412a789936d640a97b1aa0a; jvm 1.8.0_352-b08
2022-12-06 15:44:37,114 [Listener at 127.0.0.1/44149] INFO  server.session (DefaultSessionIdManager.java:doStart(334)) - DefaultSessionIdManager workerName=node0
2022-12-06 15:44:37,114 [Listener at 127.0.0.1/44149] INFO  server.session (DefaultSessionIdManager.java:doStart(339)) - No SessionScavenger set, using defaults
2022-12-06 15:44:37,114 [Listener at 127.0.0.1/44149] INFO  server.session (HouseKeeper.java:startScavenging(132)) - node0 Scavenging every 660000ms
2022-12-06 15:44:37,115 [Listener at 127.0.0.1/44149] INFO  handler.ContextHandler (ContextHandler.java:doStart(921)) - Started o.e.j.s.ServletContextHandler@5738ec43{logs,/logs,file:///home/runner/work/ozone/ozone/hadoop-ozone/integration-test/target/log,AVAILABLE}
2022-12-06 15:44:37,116 [Listener at 127.0.0.1/44149] INFO  handler.ContextHandler (ContextHandler.java:doStart(921)) - Started o.e.j.s.ServletContextHandler@4c08cf9b{static,/static,file:///home/runner/work/ozone/ozone/hadoop-ozone/integration-test/target/test-classes/webapps/static,AVAILABLE}
2022-12-06 15:44:37,121 [Listener at 127.0.0.1/44149] INFO  handler.ContextHandler (ContextHandler.java:doStart(921)) - Started o.e.j.w.WebAppContext@4c47f85d{ozoneManager,/,file:///home/runner/work/ozone/ozone/hadoop-ozone/integration-test/target/test-classes/webapps/ozoneManager/,AVAILABLE}{file:/home/runner/work/ozone/ozone/hadoop-ozone/integration-test/target/test-classes/webapps/ozoneManager}
2022-12-06 15:44:37,125 [Listener at 127.0.0.1/44149] INFO  server.AbstractConnector (AbstractConnector.java:doStart(333)) - Started ServerConnector@8a743a1{HTTP/1.1, (http/1.1)}{0.0.0.0:35191}
2022-12-06 15:44:37,125 [Listener at 127.0.0.1/44149] INFO  server.Server (Server.java:doStart(415)) - Started @7471ms
2022-12-06 15:44:37,125 [Listener at 127.0.0.1/44149] WARN  impl.MetricsSystemImpl (MetricsSystemImpl.java:register(279)) - Sink prometheus already exists!
2022-12-06 15:44:37,127 [Listener at 127.0.0.1/44149] INFO  http.BaseHttpServer (BaseHttpServer.java:updateConnectorAddress(333)) - HTTP server of ozoneManager listening at http://0.0.0.0:35191
2022-12-06 15:44:37,129 [IPC Server Responder] INFO  ipc.Server (Server.java:run(1512)) - IPC Server Responder: starting
2022-12-06 15:44:37,129 [IPC Server listener on 0] INFO  ipc.Server (Server.java:run(1352)) - IPC Server listener on 0: starting
2022-12-06 15:44:37,132 [Listener at 127.0.0.1/44149] INFO  om.OzoneManager (OzoneManager.java:startTrashEmptier(1921)) - Trash Interval set to 0. Files deleted won't move to trash
2022-12-06 15:44:37,134 [org.apache.hadoop.util.JvmPauseMonitor$Monitor@2f5f543] INFO  util.JvmPauseMonitor (JvmPauseMonitor.java:run(188)) - Starting JVM pause monitor
2022-12-06 15:44:37,334 [Listener at 127.0.0.1/44149] WARN  impl.MetricRegistriesImpl (MetricRegistriesImpl.java:addReporterRegistration(111)) - New reporters are added after registries were created. Some metrics will be missing from the reporter. Please add reporter before adding any new registry.
2022-12-06 15:44:37,334 [Listener at 127.0.0.1/44149] WARN  impl.MetricRegistriesImpl (MetricRegistriesImpl.java:addReporterRegistration(111)) - New reporters are added after registries were created. Some metrics will be missing from the reporter. Please add reporter before adding any new registry.
2022-12-06 15:44:37,334 [Listener at 127.0.0.1/44149] INFO  impl.MetricsSystemImpl (MetricsSystemImpl.java:init(158)) - HddsDatanode metrics system started (again)
2022-12-06 15:44:37,353 [Listener at 127.0.0.1/44149] INFO  ozone.HddsDatanodeService (HddsDatanodeService.java:start(236)) - HddsDatanodeService host:fv-az133-40.ac31hddj4phu5ocom5smqd4hkf.cx.internal.cloudapp.net ip:10.1.0.110
2022-12-06 15:44:37,377 [Listener at 127.0.0.1/44149] INFO  upgrade.AbstractLayoutVersionManager (AbstractLayoutVersionManager.java:init(83)) - Initializing Layout version manager with metadata layout = DATANODE_SCHEMA_V3 (version = 4), software layout = DATANODE_SCHEMA_V3 (version = 4)
2022-12-06 15:44:37,428 [Listener at 127.0.0.1/44149] INFO  reflections.Reflections (Reflections.java:scan(232)) - Reflections took 50 ms to scan 7 urls, producing 140 keys and 342 values 
2022-12-06 15:44:37,432 [Listener at 127.0.0.1/44149] INFO  statemachine.DatanodeStateMachine (DatanodeStateMachine.java:getEndPointTaskThreadPoolSize(245)) - Datanode State Machine Task Thread Pool size 2
2022-12-06 15:44:37,495 [Listener at 127.0.0.1/44149] INFO  volume.HddsVolume (HddsVolume.java:<init>(117)) - Creating HddsVolume: /home/runner/work/ozone/ozone/hadoop-ozone/integration-test/target/test-dir/MiniOzoneClusterImpl-dce15e54-dc76-4f82-a75a-fd2a8a22e08e/datanode-0/data-0/containers/hdds of storage type : DISK capacity : 9223372036854775807
2022-12-06 15:44:37,497 [Listener at 127.0.0.1/44149] INFO  volume.MutableVolumeSet (MutableVolumeSet.java:initializeVolumeSet(174)) - Added Volume : /home/runner/work/ozone/ozone/hadoop-ozone/integration-test/target/test-dir/MiniOzoneClusterImpl-dce15e54-dc76-4f82-a75a-fd2a8a22e08e/datanode-0/data-0/containers/hdds to VolumeSet
2022-12-06 15:44:37,499 [Listener at 127.0.0.1/44149] INFO  volume.ThrottledAsyncChecker (ThrottledAsyncChecker.java:schedule(141)) - Scheduling a check for /home/runner/work/ozone/ozone/hadoop-ozone/integration-test/target/test-dir/MiniOzoneClusterImpl-dce15e54-dc76-4f82-a75a-fd2a8a22e08e/datanode-0/data-0/containers/hdds
2022-12-06 15:44:37,521 [Listener at 127.0.0.1/44149] INFO  volume.StorageVolumeChecker (StorageVolumeChecker.java:checkAllVolumes(202)) - Scheduled health check for volume /home/runner/work/ozone/ozone/hadoop-ozone/integration-test/target/test-dir/MiniOzoneClusterImpl-dce15e54-dc76-4f82-a75a-fd2a8a22e08e/datanode-0/data-0/containers/hdds
2022-12-06 15:44:37,540 [Listener at 127.0.0.1/44149] INFO  volume.MutableVolumeSet (MutableVolumeSet.java:initializeVolumeSet(174)) - Added Volume : /home/runner/work/ozone/ozone/hadoop-ozone/integration-test/target/test-dir/MiniOzoneClusterImpl-dce15e54-dc76-4f82-a75a-fd2a8a22e08e/datanode-0/data/ratis to VolumeSet
2022-12-06 15:44:37,541 [Listener at 127.0.0.1/44149] INFO  volume.ThrottledAsyncChecker (ThrottledAsyncChecker.java:schedule(141)) - Scheduling a check for /home/runner/work/ozone/ozone/hadoop-ozone/integration-test/target/test-dir/MiniOzoneClusterImpl-dce15e54-dc76-4f82-a75a-fd2a8a22e08e/datanode-0/data/ratis
2022-12-06 15:44:37,541 [Listener at 127.0.0.1/44149] INFO  volume.StorageVolumeChecker (StorageVolumeChecker.java:checkAllVolumes(202)) - Scheduled health check for volume /home/runner/work/ozone/ozone/hadoop-ozone/integration-test/target/test-dir/MiniOzoneClusterImpl-dce15e54-dc76-4f82-a75a-fd2a8a22e08e/datanode-0/data/ratis
2022-12-06 15:44:37,567 [Thread-135] INFO  ozoneimpl.ContainerReader (ContainerReader.java:readVolume(175)) - Finish verifying containers on volume /home/runner/work/ozone/ozone/hadoop-ozone/integration-test/target/test-dir/MiniOzoneClusterImpl-dce15e54-dc76-4f82-a75a-fd2a8a22e08e/datanode-0/data-0/containers/hdds
2022-12-06 15:44:37,569 [Listener at 127.0.0.1/44149] INFO  ozoneimpl.OzoneContainer (OzoneContainer.java:buildContainerSet(301)) - Build ContainerSet costs 0s
2022-12-06 15:44:37,626 [Listener at 127.0.0.1/44149] INFO  audit.AuditLogger (AuditLogger.java:refreshDebugCmdSet(126)) - Refresh DebugCmdSet for DNAudit to [].
2022-12-06 15:44:37,655 [Listener at 127.0.0.1/44149] INFO  server.RaftServer (ConfUtils.java:logGet(46)) - raft.rpc.type = GRPC (default)
2022-12-06 15:44:37,656 [Listener at 127.0.0.1/44149] INFO  grpc.GrpcConfigKeys (ConfUtils.java:logFallback(53)) - raft.grpc.admin.host = null (fallback to raft.grpc.server.host)
2022-12-06 15:44:37,656 [Listener at 127.0.0.1/44149] INFO  grpc.GrpcConfigKeys (ConfUtils.java:logGet(46)) - raft.grpc.admin.port = 0 (custom)
2022-12-06 15:44:37,656 [Listener at 127.0.0.1/44149] INFO  grpc.GrpcConfigKeys (ConfUtils.java:logFallback(53)) - raft.grpc.client.host = null (fallback to raft.grpc.server.host)
2022-12-06 15:44:37,656 [Listener at 127.0.0.1/44149] INFO  grpc.GrpcConfigKeys (ConfUtils.java:logGet(46)) - raft.grpc.client.port = 0 (custom)
2022-12-06 15:44:37,657 [Listener at 127.0.0.1/44149] INFO  grpc.GrpcConfigKeys (ConfUtils.java:logGet(46)) - raft.grpc.server.host = null (default)
2022-12-06 15:44:37,657 [Listener at 127.0.0.1/44149] INFO  grpc.GrpcConfigKeys (ConfUtils.java:logGet(46)) - raft.grpc.server.port = 0 (default)
2022-12-06 15:44:37,657 [Listener at 127.0.0.1/44149] INFO  server.GrpcService (ConfUtils.java:logGet(46)) - raft.grpc.message.size.max = 32MB (=33554432) (custom)
2022-12-06 15:44:37,657 [Listener at 127.0.0.1/44149] INFO  server.RaftServerConfigKeys (ConfUtils.java:logGet(46)) - raft.server.log.appender.buffer.byte-limit = 33554432 (custom)
2022-12-06 15:44:37,657 [Listener at 127.0.0.1/44149] INFO  server.GrpcService (ConfUtils.java:logGet(46)) - raft.grpc.flow.control.window = 5MB (=5242880) (custom)
2022-12-06 15:44:37,657 [Listener at 127.0.0.1/44149] INFO  server.RaftServerConfigKeys (ConfUtils.java:logGet(46)) - raft.server.rpc.request.timeout = 60s (custom)
2022-12-06 15:44:37,658 [Listener at 127.0.0.1/44149] INFO  grpc.GrpcConfigKeys (ConfUtils.java:logGet(46)) - raft.grpc.server.heartbeat.channel = true (default)
2022-12-06 15:44:37,658 [Listener at 127.0.0.1/44149] INFO  grpc.GrpcConfigKeys (ConfUtils.java:logGet(46)) - raft.grpc.server.async.request.thread.pool.cached = true (default)
2022-12-06 15:44:37,659 [Listener at 127.0.0.1/44149] INFO  grpc.GrpcConfigKeys (ConfUtils.java:logGet(46)) - raft.grpc.server.async.request.thread.pool.size = 32 (default)
2022-12-06 15:44:37,660 [Listener at 127.0.0.1/44149] INFO  impl.DataStreamServerImpl (ConfUtils.java:logGet(46)) - raft.datastream.type = DISABLED (default)
2022-12-06 15:44:37,660 [Listener at 127.0.0.1/44149] INFO  server.RaftServerConfigKeys (ConfUtils.java:logGet(46)) - raft.server.threadpool.proxy.cached = true (default)
2022-12-06 15:44:37,660 [Listener at 127.0.0.1/44149] INFO  server.RaftServerConfigKeys (ConfUtils.java:logGet(46)) - raft.server.threadpool.proxy.size = 0 (default)
2022-12-06 15:44:37,661 [Listener at 127.0.0.1/44149] INFO  server.RaftServerConfigKeys (ConfUtils.java:logGet(46)) - raft.server.rpc.slowness.timeout = 300s (custom)
2022-12-06 15:44:37,661 [Listener at 127.0.0.1/44149] INFO  server.RaftServerConfigKeys (ConfUtils.java:logGet(46)) - raft.server.leaderelection.leader.step-down.wait-time = 10s (default)
2022-12-06 15:44:37,661 [Listener at 127.0.0.1/44149] INFO  server.RaftServerConfigKeys (ConfUtils.java:logGet(46)) - raft.server.storage.dir = [/home/runner/work/ozone/ozone/hadoop-ozone/integration-test/target/test-dir/MiniOzoneClusterImpl-dce15e54-dc76-4f82-a75a-fd2a8a22e08e/datanode-0/data/ratis] (custom)
2022-12-06 15:44:37,680 [Listener at 127.0.0.1/44149] INFO  server.XceiverServerGrpc (XceiverServerGrpc.java:<init>(132)) - GrpcServer channel type EpollServerSocketChannel
2022-12-06 15:44:37,785 [Listener at 127.0.0.1/44149] INFO  http.BaseHttpServer (BaseHttpServer.java:newHttpServer2BuilderForOzone(213)) - Starting Web-server for hddsDatanode at: http://0.0.0.0:0
2022-12-06 15:44:37,786 [Listener at 127.0.0.1/44149] INFO  http.BaseHttpServer (BaseHttpServer.java:<init>(108)) - Hadoop Security Enabled: false Ozone Security Enabled: false Ozone HTTP Security Enabled: false 
2022-12-06 15:44:37,787 [Listener at 127.0.0.1/44149] WARN  server.AuthenticationFilter (AuthenticationFilter.java:constructSecretProvider(240)) - Unable to initialize FileSignerSecretProvider, falling back to use random secrets. Reason: Could not read signature secret file: /home/runner/hadoop-http-auth-signature-secret
2022-12-06 15:44:37,789 [Listener at 127.0.0.1/44149] WARN  http.HttpRequestLog (HttpRequestLog.java:getRequestLog(103)) - Jetty request log can only be enabled using Log4j
2022-12-06 15:44:37,790 [Listener at 127.0.0.1/44149] INFO  http.HttpServer2 (HttpServer2.java:addGlobalFilter(1031)) - Added global filter 'safety' (class=org.apache.hadoop.hdds.server.http.HttpServer2$QuotingInputFilter)
2022-12-06 15:44:37,792 [Listener at 127.0.0.1/44149] INFO  http.HttpServer2 (HttpServer2.java:addFilter(1007)) - Added filter static_user_filter (class=org.apache.hadoop.http.lib.StaticUserWebFilter$StaticUserFilter) to context hddsDatanode
2022-12-06 15:44:37,792 [Listener at 127.0.0.1/44149] INFO  http.HttpServer2 (HttpServer2.java:addFilter(1015)) - Added filter static_user_filter (class=org.apache.hadoop.http.lib.StaticUserWebFilter$StaticUserFilter) to context logs
2022-12-06 15:44:37,792 [Listener at 127.0.0.1/44149] INFO  http.HttpServer2 (HttpServer2.java:addFilter(1015)) - Added filter static_user_filter (class=org.apache.hadoop.http.lib.StaticUserWebFilter$StaticUserFilter) to context static
2022-12-06 15:44:37,795 [Listener at 127.0.0.1/44149] INFO  http.HttpServer2 (HttpServer2.java:bindListener(1250)) - Jetty bound to port 38067
2022-12-06 15:44:37,795 [Listener at 127.0.0.1/44149] INFO  server.Server (Server.java:doStart(375)) - jetty-9.4.49.v20220914; built: 2022-09-14T01:07:36.601Z; git: 4231a3b2e4cb8548a412a789936d640a97b1aa0a; jvm 1.8.0_352-b08
2022-12-06 15:44:37,800 [Listener at 127.0.0.1/44149] INFO  server.session (DefaultSessionIdManager.java:doStart(334)) - DefaultSessionIdManager workerName=node0
2022-12-06 15:44:37,800 [Listener at 127.0.0.1/44149] INFO  server.session (DefaultSessionIdManager.java:doStart(339)) - No SessionScavenger set, using defaults
2022-12-06 15:44:37,800 [Listener at 127.0.0.1/44149] INFO  server.session (HouseKeeper.java:startScavenging(132)) - node0 Scavenging every 660000ms
2022-12-06 15:44:37,801 [Listener at 127.0.0.1/44149] INFO  handler.ContextHandler (ContextHandler.java:doStart(921)) - Started o.e.j.s.ServletContextHandler@33beb1{logs,/logs,file:///home/runner/work/ozone/ozone/hadoop-ozone/integration-test/target/log,AVAILABLE}
2022-12-06 15:44:37,802 [Listener at 127.0.0.1/44149] INFO  handler.ContextHandler (ContextHandler.java:doStart(921)) - Started o.e.j.s.ServletContextHandler@79611705{static,/static,jar:file:/home/runner/.m2/repository/org/apache/ozone/hdds-container-service/1.3.0-SNAPSHOT/hdds-container-service-1.3.0-SNAPSHOT.jar!/webapps/static,AVAILABLE}
2022-12-06 15:44:38,014 [Listener at 127.0.0.1/44149] INFO  handler.ContextHandler (ContextHandler.java:doStart(921)) - Started o.e.j.w.WebAppContext@2ba83c41{hddsDatanode,/,file:///tmp/jetty-0_0_0_0-38067-hdds-container-service-1_3_0-SNAPSHOT_jar-_-any-6321629645067451638/webapp/,AVAILABLE}{jar:file:/home/runner/.m2/repository/org/apache/ozone/hdds-container-service/1.3.0-SNAPSHOT/hdds-container-service-1.3.0-SNAPSHOT.jar!/webapps/hddsDatanode}
2022-12-06 15:44:38,016 [Listener at 127.0.0.1/44149] INFO  server.AbstractConnector (AbstractConnector.java:doStart(333)) - Started ServerConnector@4eabb40b{HTTP/1.1, (http/1.1)}{0.0.0.0:38067}
2022-12-06 15:44:38,016 [Listener at 127.0.0.1/44149] INFO  server.Server (Server.java:doStart(415)) - Started @8362ms
2022-12-06 15:44:38,017 [Listener at 127.0.0.1/44149] WARN  impl.MetricsSystemImpl (MetricsSystemImpl.java:register(279)) - Sink prometheus already exists!
2022-12-06 15:44:38,017 [Listener at 127.0.0.1/44149] INFO  http.BaseHttpServer (BaseHttpServer.java:updateConnectorAddress(333)) - HTTP server of hddsDatanode listening at http://0.0.0.0:38067
2022-12-06 15:44:38,023 [Listener at 127.0.0.1/44149] WARN  impl.MetricRegistriesImpl (MetricRegistriesImpl.java:addReporterRegistration(111)) - New reporters are added after registries were created. Some metrics will be missing from the reporter. Please add reporter before adding any new registry.
2022-12-06 15:44:38,023 [Listener at 127.0.0.1/44149] WARN  impl.MetricRegistriesImpl (MetricRegistriesImpl.java:addReporterRegistration(111)) - New reporters are added after registries were created. Some metrics will be missing from the reporter. Please add reporter before adding any new registry.
2022-12-06 15:44:38,024 [Listener at 127.0.0.1/44149] INFO  impl.MetricsSystemImpl (MetricsSystemImpl.java:init(158)) - HddsDatanode metrics system started (again)
2022-12-06 15:44:38,024 [Datanode State Machine Daemon Thread] INFO  statemachine.DatanodeStateMachine (DatanodeStateMachine.java:lambda$startDaemon$0(505)) - Ozone container server started.
2022-12-06 15:44:38,037 [om1@group-C5BA1605619E-FollowerState] INFO  impl.FollowerState (FollowerState.java:run(143)) - om1@group-C5BA1605619E-FollowerState: change to CANDIDATE, lastRpcElapsedTime:1031801762ns, electionTimeout:1024ms
2022-12-06 15:44:38,040 [org.apache.hadoop.util.JvmPauseMonitor$Monitor@430da396] INFO  util.JvmPauseMonitor (JvmPauseMonitor.java:run(188)) - Starting JVM pause monitor
2022-12-06 15:44:38,043 [Listener at 127.0.0.1/44149] INFO  ozone.HddsDatanodeService (HddsDatanodeService.java:start(236)) - HddsDatanodeService host:fv-az133-40.ac31hddj4phu5ocom5smqd4hkf.cx.internal.cloudapp.net ip:10.1.0.110
2022-12-06 15:44:38,038 [om1@group-C5BA1605619E-FollowerState] INFO  impl.RoleInfo (RoleInfo.java:shutdownFollowerState(110)) - om1: shutdown om1@group-C5BA1605619E-FollowerState
2022-12-06 15:44:38,047 [om1@group-C5BA1605619E-FollowerState] INFO  server.RaftServer$Division (RaftServerImpl.java:setRole(321)) - om1@group-C5BA1605619E: changes role from  FOLLOWER to CANDIDATE at term 0 for changeToCandidate
2022-12-06 15:44:38,053 [om1@group-C5BA1605619E-FollowerState] INFO  server.RaftServerConfigKeys (ConfUtils.java:logGet(46)) - raft.server.leaderelection.pre-vote = false (custom)
2022-12-06 15:44:38,053 [om1@group-C5BA1605619E-FollowerState] INFO  impl.RoleInfo (RoleInfo.java:updateAndGet(139)) - om1: start om1@group-C5BA1605619E-LeaderElection1
2022-12-06 15:44:38,070 [om1@group-C5BA1605619E-LeaderElection1] INFO  impl.LeaderElection (LeaderElection.java:askForVotes(312)) - om1@group-C5BA1605619E-LeaderElection1 ELECTION round 0: submit vote requests at term 1 for -1: peers:[om1|rpc:localhost:9872|priority:0|startupRole:FOLLOWER]|listeners:[], old=null
2022-12-06 15:44:38,071 [om1@group-C5BA1605619E-LeaderElection1] INFO  impl.LeaderElection (LeaderElection.java:askForVotes(314)) - om1@group-C5BA1605619E-LeaderElection1 ELECTION round 0: result PASSED (term=1)
2022-12-06 15:44:38,072 [om1@group-C5BA1605619E-LeaderElection1] INFO  impl.RoleInfo (RoleInfo.java:shutdownLeaderElection(130)) - om1: shutdown om1@group-C5BA1605619E-LeaderElection1
2022-12-06 15:44:38,075 [om1@group-C5BA1605619E-LeaderElection1] INFO  server.RaftServer$Division (RaftServerImpl.java:setRole(321)) - om1@group-C5BA1605619E: changes role from CANDIDATE to LEADER at term 1 for changeToLeader
2022-12-06 15:44:38,078 [om1@group-C5BA1605619E-LeaderElection1] INFO  server.RaftServer$Division (ServerState.java:setLeader(313)) - om1@group-C5BA1605619E: change Leader from null to om1 at term 1 for becomeLeader, leader elected after 2192ms
2022-12-06 15:44:38,079 [Listener at 127.0.0.1/44149] INFO  upgrade.AbstractLayoutVersionManager (AbstractLayoutVersionManager.java:init(83)) - Initializing Layout version manager with metadata layout = DATANODE_SCHEMA_V3 (version = 4), software layout = DATANODE_SCHEMA_V3 (version = 4)
2022-12-06 15:44:38,092 [om1@group-C5BA1605619E-LeaderElection1] INFO  server.RaftServerConfigKeys (ConfUtils.java:logGet(46)) - raft.server.staging.catchup.gap = 1000 (default)
2022-12-06 15:44:38,107 [om1@group-C5BA1605619E-LeaderElection1] INFO  server.RaftServerConfigKeys (ConfUtils.java:logGet(46)) - raft.server.write.element-limit = 4096 (default)
2022-12-06 15:44:38,107 [om1@group-C5BA1605619E-LeaderElection1] INFO  server.RaftServerConfigKeys (ConfUtils.java:logGet(46)) - raft.server.write.byte-limit = 64MB (=67108864) (default)
2022-12-06 15:44:38,126 [om1@group-C5BA1605619E-LeaderElection1] INFO  server.RaftServerConfigKeys (ConfUtils.java:logGet(46)) - raft.server.watch.timeout = 10s (default)
2022-12-06 15:44:38,126 [om1@group-C5BA1605619E-LeaderElection1] INFO  server.RaftServerConfigKeys (ConfUtils.java:logGet(46)) - raft.server.watch.timeout.denomination = 1s (default)
2022-12-06 15:44:38,126 [om1@group-C5BA1605619E-LeaderElection1] INFO  server.RaftServerConfigKeys (ConfUtils.java:logGet(46)) - raft.server.watch.element-limit = 65536 (default)
2022-12-06 15:44:38,146 [om1@group-C5BA1605619E-LeaderElection1] INFO  server.RaftServerConfigKeys (ConfUtils.java:logGet(46)) - raft.server.write.element-limit = 4096 (default)
2022-12-06 15:44:38,149 [om1@group-C5BA1605619E-LeaderElection1] INFO  server.RaftServerConfigKeys (ConfUtils.java:logGet(46)) - raft.server.write.follower.gap.ratio.max = -1.0 (default)
2022-12-06 15:44:38,158 [Listener at 127.0.0.1/44149] INFO  reflections.Reflections (Reflections.java:scan(232)) - Reflections took 75 ms to scan 7 urls, producing 140 keys and 342 values 
2022-12-06 15:44:38,158 [om1@group-C5BA1605619E-LeaderElection1] INFO  impl.RoleInfo (RoleInfo.java:updateAndGet(139)) - om1: start om1@group-C5BA1605619E-LeaderStateImpl
2022-12-06 15:44:38,163 [Listener at 127.0.0.1/44149] INFO  statemachine.DatanodeStateMachine (DatanodeStateMachine.java:getEndPointTaskThreadPoolSize(245)) - Datanode State Machine Task Thread Pool size 2
2022-12-06 15:44:38,166 [Listener at 127.0.0.1/44149] INFO  volume.HddsVolume (HddsVolume.java:<init>(117)) - Creating HddsVolume: /home/runner/work/ozone/ozone/hadoop-ozone/integration-test/target/test-dir/MiniOzoneClusterImpl-dce15e54-dc76-4f82-a75a-fd2a8a22e08e/datanode-1/data-0/containers/hdds of storage type : DISK capacity : 9223372036854775807
2022-12-06 15:44:38,168 [Listener at 127.0.0.1/44149] INFO  volume.MutableVolumeSet (MutableVolumeSet.java:initializeVolumeSet(174)) - Added Volume : /home/runner/work/ozone/ozone/hadoop-ozone/integration-test/target/test-dir/MiniOzoneClusterImpl-dce15e54-dc76-4f82-a75a-fd2a8a22e08e/datanode-1/data-0/containers/hdds to VolumeSet
2022-12-06 15:44:38,168 [Listener at 127.0.0.1/44149] INFO  volume.ThrottledAsyncChecker (ThrottledAsyncChecker.java:schedule(141)) - Scheduling a check for /home/runner/work/ozone/ozone/hadoop-ozone/integration-test/target/test-dir/MiniOzoneClusterImpl-dce15e54-dc76-4f82-a75a-fd2a8a22e08e/datanode-1/data-0/containers/hdds
2022-12-06 15:44:38,169 [Listener at 127.0.0.1/44149] INFO  volume.StorageVolumeChecker (StorageVolumeChecker.java:checkAllVolumes(202)) - Scheduled health check for volume /home/runner/work/ozone/ozone/hadoop-ozone/integration-test/target/test-dir/MiniOzoneClusterImpl-dce15e54-dc76-4f82-a75a-fd2a8a22e08e/datanode-1/data-0/containers/hdds
2022-12-06 15:44:38,186 [Listener at 127.0.0.1/44149] INFO  volume.MutableVolumeSet (MutableVolumeSet.java:initializeVolumeSet(174)) - Added Volume : /home/runner/work/ozone/ozone/hadoop-ozone/integration-test/target/test-dir/MiniOzoneClusterImpl-dce15e54-dc76-4f82-a75a-fd2a8a22e08e/datanode-1/data/ratis to VolumeSet
2022-12-06 15:44:38,186 [Listener at 127.0.0.1/44149] INFO  volume.ThrottledAsyncChecker (ThrottledAsyncChecker.java:schedule(141)) - Scheduling a check for /home/runner/work/ozone/ozone/hadoop-ozone/integration-test/target/test-dir/MiniOzoneClusterImpl-dce15e54-dc76-4f82-a75a-fd2a8a22e08e/datanode-1/data/ratis
2022-12-06 15:44:38,186 [Listener at 127.0.0.1/44149] INFO  volume.StorageVolumeChecker (StorageVolumeChecker.java:checkAllVolumes(202)) - Scheduled health check for volume /home/runner/work/ozone/ozone/hadoop-ozone/integration-test/target/test-dir/MiniOzoneClusterImpl-dce15e54-dc76-4f82-a75a-fd2a8a22e08e/datanode-1/data/ratis
2022-12-06 15:44:38,208 [Thread-150] INFO  ozoneimpl.ContainerReader (ContainerReader.java:readVolume(175)) - Finish verifying containers on volume /home/runner/work/ozone/ozone/hadoop-ozone/integration-test/target/test-dir/MiniOzoneClusterImpl-dce15e54-dc76-4f82-a75a-fd2a8a22e08e/datanode-1/data-0/containers/hdds
2022-12-06 15:44:38,214 [Listener at 127.0.0.1/44149] INFO  ozoneimpl.OzoneContainer (OzoneContainer.java:buildContainerSet(301)) - Build ContainerSet costs 0s
2022-12-06 15:44:38,217 [Listener at 127.0.0.1/44149] INFO  server.RaftServer (ConfUtils.java:logGet(46)) - raft.rpc.type = GRPC (default)
2022-12-06 15:44:38,217 [Listener at 127.0.0.1/44149] INFO  grpc.GrpcConfigKeys (ConfUtils.java:logFallback(53)) - raft.grpc.admin.host = null (fallback to raft.grpc.server.host)
2022-12-06 15:44:38,218 [Listener at 127.0.0.1/44149] INFO  grpc.GrpcConfigKeys (ConfUtils.java:logGet(46)) - raft.grpc.admin.port = 0 (custom)
2022-12-06 15:44:38,218 [Listener at 127.0.0.1/44149] INFO  grpc.GrpcConfigKeys (ConfUtils.java:logFallback(53)) - raft.grpc.client.host = null (fallback to raft.grpc.server.host)
2022-12-06 15:44:38,218 [Listener at 127.0.0.1/44149] INFO  grpc.GrpcConfigKeys (ConfUtils.java:logGet(46)) - raft.grpc.client.port = 0 (custom)
2022-12-06 15:44:38,218 [Listener at 127.0.0.1/44149] INFO  grpc.GrpcConfigKeys (ConfUtils.java:logGet(46)) - raft.grpc.server.host = null (default)
2022-12-06 15:44:38,218 [Listener at 127.0.0.1/44149] INFO  grpc.GrpcConfigKeys (ConfUtils.java:logGet(46)) - raft.grpc.server.port = 0 (default)
2022-12-06 15:44:38,219 [Listener at 127.0.0.1/44149] INFO  server.GrpcService (ConfUtils.java:logGet(46)) - raft.grpc.message.size.max = 32MB (=33554432) (custom)
2022-12-06 15:44:38,219 [Listener at 127.0.0.1/44149] INFO  server.RaftServerConfigKeys (ConfUtils.java:logGet(46)) - raft.server.log.appender.buffer.byte-limit = 33554432 (custom)
2022-12-06 15:44:38,219 [Listener at 127.0.0.1/44149] INFO  server.GrpcService (ConfUtils.java:logGet(46)) - raft.grpc.flow.control.window = 5MB (=5242880) (custom)
2022-12-06 15:44:38,219 [Listener at 127.0.0.1/44149] INFO  server.RaftServerConfigKeys (ConfUtils.java:logGet(46)) - raft.server.rpc.request.timeout = 60s (custom)
2022-12-06 15:44:38,219 [Listener at 127.0.0.1/44149] INFO  grpc.GrpcConfigKeys (ConfUtils.java:logGet(46)) - raft.grpc.server.heartbeat.channel = true (default)
2022-12-06 15:44:38,219 [Listener at 127.0.0.1/44149] INFO  grpc.GrpcConfigKeys (ConfUtils.java:logGet(46)) - raft.grpc.server.async.request.thread.pool.cached = true (default)
2022-12-06 15:44:38,220 [Listener at 127.0.0.1/44149] INFO  grpc.GrpcConfigKeys (ConfUtils.java:logGet(46)) - raft.grpc.server.async.request.thread.pool.size = 32 (default)
2022-12-06 15:44:38,221 [Listener at 127.0.0.1/44149] INFO  impl.DataStreamServerImpl (ConfUtils.java:logGet(46)) - raft.datastream.type = DISABLED (default)
2022-12-06 15:44:38,221 [Listener at 127.0.0.1/44149] INFO  server.RaftServerConfigKeys (ConfUtils.java:logGet(46)) - raft.server.threadpool.proxy.cached = true (default)
2022-12-06 15:44:38,223 [Listener at 127.0.0.1/44149] INFO  server.RaftServerConfigKeys (ConfUtils.java:logGet(46)) - raft.server.threadpool.proxy.size = 0 (default)
2022-12-06 15:44:38,223 [Listener at 127.0.0.1/44149] INFO  server.RaftServerConfigKeys (ConfUtils.java:logGet(46)) - raft.server.rpc.slowness.timeout = 300s (custom)
2022-12-06 15:44:38,224 [Listener at 127.0.0.1/44149] INFO  server.RaftServerConfigKeys (ConfUtils.java:logGet(46)) - raft.server.leaderelection.leader.step-down.wait-time = 10s (default)
2022-12-06 15:44:38,224 [Listener at 127.0.0.1/44149] INFO  server.RaftServerConfigKeys (ConfUtils.java:logGet(46)) - raft.server.storage.dir = [/home/runner/work/ozone/ozone/hadoop-ozone/integration-test/target/test-dir/MiniOzoneClusterImpl-dce15e54-dc76-4f82-a75a-fd2a8a22e08e/datanode-1/data/ratis] (custom)
2022-12-06 15:44:38,230 [Listener at 127.0.0.1/44149] INFO  server.XceiverServerGrpc (XceiverServerGrpc.java:<init>(132)) - GrpcServer channel type EpollServerSocketChannel
2022-12-06 15:44:38,243 [Listener at 127.0.0.1/44149] INFO  http.BaseHttpServer (BaseHttpServer.java:newHttpServer2BuilderForOzone(213)) - Starting Web-server for hddsDatanode at: http://0.0.0.0:0
2022-12-06 15:44:38,243 [Listener at 127.0.0.1/44149] INFO  http.BaseHttpServer (BaseHttpServer.java:<init>(108)) - Hadoop Security Enabled: false Ozone Security Enabled: false Ozone HTTP Security Enabled: false 
2022-12-06 15:44:38,245 [Listener at 127.0.0.1/44149] WARN  server.AuthenticationFilter (AuthenticationFilter.java:constructSecretProvider(240)) - Unable to initialize FileSignerSecretProvider, falling back to use random secrets. Reason: Could not read signature secret file: /home/runner/hadoop-http-auth-signature-secret
2022-12-06 15:44:38,246 [Listener at 127.0.0.1/44149] WARN  http.HttpRequestLog (HttpRequestLog.java:getRequestLog(103)) - Jetty request log can only be enabled using Log4j
2022-12-06 15:44:38,249 [om1@group-C5BA1605619E-LeaderElection1] INFO  segmented.SegmentedRaftLogWorker (SegmentedRaftLogWorker.java:startLogSegment(452)) - om1@group-C5BA1605619E-SegmentedRaftLogWorker: Starting segment from index:0
2022-12-06 15:44:38,253 [Listener at 127.0.0.1/44149] INFO  http.HttpServer2 (HttpServer2.java:addGlobalFilter(1031)) - Added global filter 'safety' (class=org.apache.hadoop.hdds.server.http.HttpServer2$QuotingInputFilter)
2022-12-06 15:44:38,254 [Listener at 127.0.0.1/44149] INFO  http.HttpServer2 (HttpServer2.java:addFilter(1007)) - Added filter static_user_filter (class=org.apache.hadoop.http.lib.StaticUserWebFilter$StaticUserFilter) to context hddsDatanode
2022-12-06 15:44:38,254 [Listener at 127.0.0.1/44149] INFO  http.HttpServer2 (HttpServer2.java:addFilter(1015)) - Added filter static_user_filter (class=org.apache.hadoop.http.lib.StaticUserWebFilter$StaticUserFilter) to context logs
2022-12-06 15:44:38,255 [Listener at 127.0.0.1/44149] INFO  http.HttpServer2 (HttpServer2.java:addFilter(1015)) - Added filter static_user_filter (class=org.apache.hadoop.http.lib.StaticUserWebFilter$StaticUserFilter) to context static
2022-12-06 15:44:38,255 [Listener at 127.0.0.1/44149] INFO  http.HttpServer2 (HttpServer2.java:bindListener(1250)) - Jetty bound to port 36991
2022-12-06 15:44:38,256 [Listener at 127.0.0.1/44149] INFO  server.Server (Server.java:doStart(375)) - jetty-9.4.49.v20220914; built: 2022-09-14T01:07:36.601Z; git: 4231a3b2e4cb8548a412a789936d640a97b1aa0a; jvm 1.8.0_352-b08
2022-12-06 15:44:38,294 [Datanode State Machine Task Thread - 0] INFO  datanode.InitDatanodeState (InitDatanodeState.java:persistContainerDatanodeDetails(138)) - DatanodeDetails is persisted to /home/runner/work/ozone/ozone/hadoop-ozone/integration-test/target/test-dir/MiniOzoneClusterImpl-dce15e54-dc76-4f82-a75a-fd2a8a22e08e/datanode-0/meta/datanode.id
2022-12-06 15:44:38,313 [Listener at 127.0.0.1/44149] INFO  server.session (DefaultSessionIdManager.java:doStart(334)) - DefaultSessionIdManager workerName=node0
2022-12-06 15:44:38,313 [Listener at 127.0.0.1/44149] INFO  server.session (DefaultSessionIdManager.java:doStart(339)) - No SessionScavenger set, using defaults
2022-12-06 15:44:38,314 [Listener at 127.0.0.1/44149] INFO  server.session (HouseKeeper.java:startScavenging(132)) - node0 Scavenging every 660000ms
2022-12-06 15:44:38,317 [Listener at 127.0.0.1/44149] INFO  handler.ContextHandler (ContextHandler.java:doStart(921)) - Started o.e.j.s.ServletContextHandler@49a8773b{logs,/logs,file:///home/runner/work/ozone/ozone/hadoop-ozone/integration-test/target/log,AVAILABLE}
2022-12-06 15:44:38,318 [Listener at 127.0.0.1/44149] INFO  handler.ContextHandler (ContextHandler.java:doStart(921)) - Started o.e.j.s.ServletContextHandler@4d4b0c5e{static,/static,jar:file:/home/runner/.m2/repository/org/apache/ozone/hdds-container-service/1.3.0-SNAPSHOT/hdds-container-service-1.3.0-SNAPSHOT.jar!/webapps/static,AVAILABLE}
2022-12-06 15:44:38,336 [om1@group-C5BA1605619E-LeaderElection1] INFO  server.RaftServer$Division (ServerState.java:setRaftConf(430)) - om1@group-C5BA1605619E: set configuration 0: peers:[om1|rpc:localhost:9872|admin:|client:|dataStream:|priority:0|startupRole:FOLLOWER]|listeners:[], old=null
2022-12-06 15:44:38,441 [om1@group-C5BA1605619E-SegmentedRaftLogWorker] INFO  segmented.SegmentedRaftLogWorker (SegmentedRaftLogWorker.java:execute(656)) - om1@group-C5BA1605619E-SegmentedRaftLogWorker: created new log segment /home/runner/work/ozone/ozone/hadoop-ozone/integration-test/target/test-dir/MiniOzoneClusterImpl-dce15e54-dc76-4f82-a75a-fd2a8a22e08e/ozone-meta/ratis/bf265839-605b-3f16-9796-c5ba1605619e/current/log_inprogress_0
2022-12-06 15:44:38,524 [Listener at 127.0.0.1/44149] INFO  handler.ContextHandler (ContextHandler.java:doStart(921)) - Started o.e.j.w.WebAppContext@48c2429c{hddsDatanode,/,file:///tmp/jetty-0_0_0_0-36991-hdds-container-service-1_3_0-SNAPSHOT_jar-_-any-3688239832295315790/webapp/,AVAILABLE}{jar:file:/home/runner/.m2/repository/org/apache/ozone/hdds-container-service/1.3.0-SNAPSHOT/hdds-container-service-1.3.0-SNAPSHOT.jar!/webapps/hddsDatanode}
2022-12-06 15:44:38,525 [Listener at 127.0.0.1/44149] INFO  server.AbstractConnector (AbstractConnector.java:doStart(333)) - Started ServerConnector@382e9e2a{HTTP/1.1, (http/1.1)}{0.0.0.0:36991}
2022-12-06 15:44:38,526 [Listener at 127.0.0.1/44149] INFO  server.Server (Server.java:doStart(415)) - Started @8871ms
2022-12-06 15:44:38,526 [Listener at 127.0.0.1/44149] WARN  impl.MetricsSystemImpl (MetricsSystemImpl.java:register(279)) - Sink prometheus already exists!
2022-12-06 15:44:38,527 [Listener at 127.0.0.1/44149] INFO  http.BaseHttpServer (BaseHttpServer.java:updateConnectorAddress(333)) - HTTP server of hddsDatanode listening at http://0.0.0.0:36991
2022-12-06 15:44:38,527 [Listener at 127.0.0.1/44149] WARN  impl.MetricRegistriesImpl (MetricRegistriesImpl.java:addReporterRegistration(111)) - New reporters are added after registries were created. Some metrics will be missing from the reporter. Please add reporter before adding any new registry.
2022-12-06 15:44:38,527 [Listener at 127.0.0.1/44149] WARN  impl.MetricRegistriesImpl (MetricRegistriesImpl.java:addReporterRegistration(111)) - New reporters are added after registries were created. Some metrics will be missing from the reporter. Please add reporter before adding any new registry.
2022-12-06 15:44:38,527 [Listener at 127.0.0.1/44149] INFO  impl.MetricsSystemImpl (MetricsSystemImpl.java:init(158)) - HddsDatanode metrics system started (again)
2022-12-06 15:44:38,534 [Datanode State Machine Daemon Thread] INFO  statemachine.DatanodeStateMachine (DatanodeStateMachine.java:lambda$startDaemon$0(505)) - Ozone container server started.
2022-12-06 15:44:38,544 [org.apache.hadoop.util.JvmPauseMonitor$Monitor@6893ad91] INFO  util.JvmPauseMonitor (JvmPauseMonitor.java:run(188)) - Starting JVM pause monitor
2022-12-06 15:44:38,554 [Listener at 127.0.0.1/44149] INFO  ozone.HddsDatanodeService (HddsDatanodeService.java:start(236)) - HddsDatanodeService host:fv-az133-40.ac31hddj4phu5ocom5smqd4hkf.cx.internal.cloudapp.net ip:10.1.0.110
2022-12-06 15:44:38,563 [Datanode State Machine Task Thread - 0] INFO  datanode.InitDatanodeState (InitDatanodeState.java:persistContainerDatanodeDetails(138)) - DatanodeDetails is persisted to /home/runner/work/ozone/ozone/hadoop-ozone/integration-test/target/test-dir/MiniOzoneClusterImpl-dce15e54-dc76-4f82-a75a-fd2a8a22e08e/datanode-1/meta/datanode.id
2022-12-06 15:44:38,591 [Listener at 127.0.0.1/44149] INFO  upgrade.AbstractLayoutVersionManager (AbstractLayoutVersionManager.java:init(83)) - Initializing Layout version manager with metadata layout = DATANODE_SCHEMA_V3 (version = 4), software layout = DATANODE_SCHEMA_V3 (version = 4)
2022-12-06 15:44:38,645 [om1@group-C5BA1605619E-StateMachineUpdater] INFO  ratis.OzoneManagerStateMachine (OzoneManagerStateMachine.java:notifyConfigurationChanged(192)) - Received Configuration change notification from Ratis. New Peer list:
[id: "om1"
address: "localhost:9872"
startupRole: FOLLOWER
]
2022-12-06 15:44:38,667 [Listener at 127.0.0.1/44149] INFO  reflections.Reflections (Reflections.java:scan(232)) - Reflections took 74 ms to scan 7 urls, producing 140 keys and 342 values 
2022-12-06 15:44:38,669 [Listener at 127.0.0.1/44149] INFO  statemachine.DatanodeStateMachine (DatanodeStateMachine.java:getEndPointTaskThreadPoolSize(245)) - Datanode State Machine Task Thread Pool size 2
2022-12-06 15:44:38,672 [Listener at 127.0.0.1/44149] INFO  volume.HddsVolume (HddsVolume.java:<init>(117)) - Creating HddsVolume: /home/runner/work/ozone/ozone/hadoop-ozone/integration-test/target/test-dir/MiniOzoneClusterImpl-dce15e54-dc76-4f82-a75a-fd2a8a22e08e/datanode-2/data-0/containers/hdds of storage type : DISK capacity : 9223372036854775807
2022-12-06 15:44:38,672 [Listener at 127.0.0.1/44149] INFO  volume.MutableVolumeSet (MutableVolumeSet.java:initializeVolumeSet(174)) - Added Volume : /home/runner/work/ozone/ozone/hadoop-ozone/integration-test/target/test-dir/MiniOzoneClusterImpl-dce15e54-dc76-4f82-a75a-fd2a8a22e08e/datanode-2/data-0/containers/hdds to VolumeSet
2022-12-06 15:44:38,672 [Listener at 127.0.0.1/44149] INFO  volume.ThrottledAsyncChecker (ThrottledAsyncChecker.java:schedule(141)) - Scheduling a check for /home/runner/work/ozone/ozone/hadoop-ozone/integration-test/target/test-dir/MiniOzoneClusterImpl-dce15e54-dc76-4f82-a75a-fd2a8a22e08e/datanode-2/data-0/containers/hdds
2022-12-06 15:44:38,675 [Listener at 127.0.0.1/44149] INFO  volume.StorageVolumeChecker (StorageVolumeChecker.java:checkAllVolumes(202)) - Scheduled health check for volume /home/runner/work/ozone/ozone/hadoop-ozone/integration-test/target/test-dir/MiniOzoneClusterImpl-dce15e54-dc76-4f82-a75a-fd2a8a22e08e/datanode-2/data-0/containers/hdds
2022-12-06 15:44:38,687 [Listener at 127.0.0.1/44149] INFO  volume.MutableVolumeSet (MutableVolumeSet.java:initializeVolumeSet(174)) - Added Volume : /home/runner/work/ozone/ozone/hadoop-ozone/integration-test/target/test-dir/MiniOzoneClusterImpl-dce15e54-dc76-4f82-a75a-fd2a8a22e08e/datanode-2/data/ratis to VolumeSet
2022-12-06 15:44:38,687 [Listener at 127.0.0.1/44149] INFO  volume.ThrottledAsyncChecker (ThrottledAsyncChecker.java:schedule(141)) - Scheduling a check for /home/runner/work/ozone/ozone/hadoop-ozone/integration-test/target/test-dir/MiniOzoneClusterImpl-dce15e54-dc76-4f82-a75a-fd2a8a22e08e/datanode-2/data/ratis
2022-12-06 15:44:38,687 [Listener at 127.0.0.1/44149] INFO  volume.StorageVolumeChecker (StorageVolumeChecker.java:checkAllVolumes(202)) - Scheduled health check for volume /home/runner/work/ozone/ozone/hadoop-ozone/integration-test/target/test-dir/MiniOzoneClusterImpl-dce15e54-dc76-4f82-a75a-fd2a8a22e08e/datanode-2/data/ratis
2022-12-06 15:44:38,699 [Thread-163] INFO  ozoneimpl.ContainerReader (ContainerReader.java:readVolume(175)) - Finish verifying containers on volume /home/runner/work/ozone/ozone/hadoop-ozone/integration-test/target/test-dir/MiniOzoneClusterImpl-dce15e54-dc76-4f82-a75a-fd2a8a22e08e/datanode-2/data-0/containers/hdds
2022-12-06 15:44:38,699 [Listener at 127.0.0.1/44149] INFO  ozoneimpl.OzoneContainer (OzoneContainer.java:buildContainerSet(301)) - Build ContainerSet costs 0s
2022-12-06 15:44:38,702 [Listener at 127.0.0.1/44149] INFO  server.RaftServer (ConfUtils.java:logGet(46)) - raft.rpc.type = GRPC (default)
2022-12-06 15:44:38,702 [Listener at 127.0.0.1/44149] INFO  grpc.GrpcConfigKeys (ConfUtils.java:logFallback(53)) - raft.grpc.admin.host = null (fallback to raft.grpc.server.host)
2022-12-06 15:44:38,703 [Listener at 127.0.0.1/44149] INFO  grpc.GrpcConfigKeys (ConfUtils.java:logGet(46)) - raft.grpc.admin.port = 0 (custom)
2022-12-06 15:44:38,703 [Listener at 127.0.0.1/44149] INFO  grpc.GrpcConfigKeys (ConfUtils.java:logFallback(53)) - raft.grpc.client.host = null (fallback to raft.grpc.server.host)
2022-12-06 15:44:38,703 [Listener at 127.0.0.1/44149] INFO  grpc.GrpcConfigKeys (ConfUtils.java:logGet(46)) - raft.grpc.client.port = 0 (custom)
2022-12-06 15:44:38,703 [Listener at 127.0.0.1/44149] INFO  grpc.GrpcConfigKeys (ConfUtils.java:logGet(46)) - raft.grpc.server.host = null (default)
2022-12-06 15:44:38,703 [Listener at 127.0.0.1/44149] INFO  grpc.GrpcConfigKeys (ConfUtils.java:logGet(46)) - raft.grpc.server.port = 0 (default)
2022-12-06 15:44:38,703 [Listener at 127.0.0.1/44149] INFO  server.GrpcService (ConfUtils.java:logGet(46)) - raft.grpc.message.size.max = 32MB (=33554432) (custom)
2022-12-06 15:44:38,703 [Listener at 127.0.0.1/44149] INFO  server.RaftServerConfigKeys (ConfUtils.java:logGet(46)) - raft.server.log.appender.buffer.byte-limit = 33554432 (custom)
2022-12-06 15:44:38,704 [Listener at 127.0.0.1/44149] INFO  server.GrpcService (ConfUtils.java:logGet(46)) - raft.grpc.flow.control.window = 5MB (=5242880) (custom)
2022-12-06 15:44:38,704 [Listener at 127.0.0.1/44149] INFO  server.RaftServerConfigKeys (ConfUtils.java:logGet(46)) - raft.server.rpc.request.timeout = 60s (custom)
2022-12-06 15:44:38,704 [Listener at 127.0.0.1/44149] INFO  grpc.GrpcConfigKeys (ConfUtils.java:logGet(46)) - raft.grpc.server.heartbeat.channel = true (default)
2022-12-06 15:44:38,704 [Listener at 127.0.0.1/44149] INFO  grpc.GrpcConfigKeys (ConfUtils.java:logGet(46)) - raft.grpc.server.async.request.thread.pool.cached = true (default)
2022-12-06 15:44:38,704 [Listener at 127.0.0.1/44149] INFO  grpc.GrpcConfigKeys (ConfUtils.java:logGet(46)) - raft.grpc.server.async.request.thread.pool.size = 32 (default)
2022-12-06 15:44:38,705 [Listener at 127.0.0.1/44149] INFO  impl.DataStreamServerImpl (ConfUtils.java:logGet(46)) - raft.datastream.type = DISABLED (default)
2022-12-06 15:44:38,706 [Listener at 127.0.0.1/44149] INFO  server.RaftServerConfigKeys (ConfUtils.java:logGet(46)) - raft.server.threadpool.proxy.cached = true (default)
2022-12-06 15:44:38,706 [Listener at 127.0.0.1/44149] INFO  server.RaftServerConfigKeys (ConfUtils.java:logGet(46)) - raft.server.threadpool.proxy.size = 0 (default)
2022-12-06 15:44:38,706 [Listener at 127.0.0.1/44149] INFO  server.RaftServerConfigKeys (ConfUtils.java:logGet(46)) - raft.server.rpc.slowness.timeout = 300s (custom)
2022-12-06 15:44:38,706 [Listener at 127.0.0.1/44149] INFO  server.RaftServerConfigKeys (ConfUtils.java:logGet(46)) - raft.server.leaderelection.leader.step-down.wait-time = 10s (default)
2022-12-06 15:44:38,706 [Listener at 127.0.0.1/44149] INFO  server.RaftServerConfigKeys (ConfUtils.java:logGet(46)) - raft.server.storage.dir = [/home/runner/work/ozone/ozone/hadoop-ozone/integration-test/target/test-dir/MiniOzoneClusterImpl-dce15e54-dc76-4f82-a75a-fd2a8a22e08e/datanode-2/data/ratis] (custom)
2022-12-06 15:44:38,711 [Listener at 127.0.0.1/44149] INFO  server.XceiverServerGrpc (XceiverServerGrpc.java:<init>(132)) - GrpcServer channel type EpollServerSocketChannel
2022-12-06 15:44:38,715 [Listener at 127.0.0.1/44149] INFO  http.BaseHttpServer (BaseHttpServer.java:newHttpServer2BuilderForOzone(213)) - Starting Web-server for hddsDatanode at: http://0.0.0.0:0
2022-12-06 15:44:38,716 [Listener at 127.0.0.1/44149] INFO  http.BaseHttpServer (BaseHttpServer.java:<init>(108)) - Hadoop Security Enabled: false Ozone Security Enabled: false Ozone HTTP Security Enabled: false 
2022-12-06 15:44:38,717 [Listener at 127.0.0.1/44149] WARN  server.AuthenticationFilter (AuthenticationFilter.java:constructSecretProvider(240)) - Unable to initialize FileSignerSecretProvider, falling back to use random secrets. Reason: Could not read signature secret file: /home/runner/hadoop-http-auth-signature-secret
2022-12-06 15:44:38,718 [Listener at 127.0.0.1/44149] WARN  http.HttpRequestLog (HttpRequestLog.java:getRequestLog(103)) - Jetty request log can only be enabled using Log4j
2022-12-06 15:44:38,720 [Listener at 127.0.0.1/44149] INFO  http.HttpServer2 (HttpServer2.java:addGlobalFilter(1031)) - Added global filter 'safety' (class=org.apache.hadoop.hdds.server.http.HttpServer2$QuotingInputFilter)
2022-12-06 15:44:38,720 [Listener at 127.0.0.1/44149] INFO  http.HttpServer2 (HttpServer2.java:addFilter(1007)) - Added filter static_user_filter (class=org.apache.hadoop.http.lib.StaticUserWebFilter$StaticUserFilter) to context hddsDatanode
2022-12-06 15:44:38,721 [Listener at 127.0.0.1/44149] INFO  http.HttpServer2 (HttpServer2.java:addFilter(1015)) - Added filter static_user_filter (class=org.apache.hadoop.http.lib.StaticUserWebFilter$StaticUserFilter) to context logs
2022-12-06 15:44:38,721 [Listener at 127.0.0.1/44149] INFO  http.HttpServer2 (HttpServer2.java:addFilter(1015)) - Added filter static_user_filter (class=org.apache.hadoop.http.lib.StaticUserWebFilter$StaticUserFilter) to context static
2022-12-06 15:44:38,721 [Listener at 127.0.0.1/44149] INFO  http.HttpServer2 (HttpServer2.java:bindListener(1250)) - Jetty bound to port 38543
2022-12-06 15:44:38,722 [Listener at 127.0.0.1/44149] INFO  server.Server (Server.java:doStart(375)) - jetty-9.4.49.v20220914; built: 2022-09-14T01:07:36.601Z; git: 4231a3b2e4cb8548a412a789936d640a97b1aa0a; jvm 1.8.0_352-b08
2022-12-06 15:44:38,726 [Listener at 127.0.0.1/44149] INFO  server.session (DefaultSessionIdManager.java:doStart(334)) - DefaultSessionIdManager workerName=node0
2022-12-06 15:44:38,726 [Listener at 127.0.0.1/44149] INFO  server.session (DefaultSessionIdManager.java:doStart(339)) - No SessionScavenger set, using defaults
2022-12-06 15:44:38,727 [Listener at 127.0.0.1/44149] INFO  server.session (HouseKeeper.java:startScavenging(132)) - node0 Scavenging every 660000ms
2022-12-06 15:44:38,730 [Listener at 127.0.0.1/44149] INFO  handler.ContextHandler (ContextHandler.java:doStart(921)) - Started o.e.j.s.ServletContextHandler@3c0e7718{logs,/logs,file:///home/runner/work/ozone/ozone/hadoop-ozone/integration-test/target/log,AVAILABLE}
2022-12-06 15:44:38,731 [Listener at 127.0.0.1/44149] INFO  handler.ContextHandler (ContextHandler.java:doStart(921)) - Started o.e.j.s.ServletContextHandler@1aebab12{static,/static,jar:file:/home/runner/.m2/repository/org/apache/ozone/hdds-container-service/1.3.0-SNAPSHOT/hdds-container-service-1.3.0-SNAPSHOT.jar!/webapps/static,AVAILABLE}
2022-12-06 15:44:38,896 [Listener at 127.0.0.1/44149] INFO  handler.ContextHandler (ContextHandler.java:doStart(921)) - Started o.e.j.w.WebAppContext@9069115{hddsDatanode,/,file:///tmp/jetty-0_0_0_0-38543-hdds-container-service-1_3_0-SNAPSHOT_jar-_-any-7250993387909810932/webapp/,AVAILABLE}{jar:file:/home/runner/.m2/repository/org/apache/ozone/hdds-container-service/1.3.0-SNAPSHOT/hdds-container-service-1.3.0-SNAPSHOT.jar!/webapps/hddsDatanode}
2022-12-06 15:44:38,899 [Listener at 127.0.0.1/44149] INFO  server.AbstractConnector (AbstractConnector.java:doStart(333)) - Started ServerConnector@6328f979{HTTP/1.1, (http/1.1)}{0.0.0.0:38543}
2022-12-06 15:44:38,899 [Listener at 127.0.0.1/44149] INFO  server.Server (Server.java:doStart(415)) - Started @9245ms
2022-12-06 15:44:38,899 [Listener at 127.0.0.1/44149] WARN  impl.MetricsSystemImpl (MetricsSystemImpl.java:register(279)) - Sink prometheus already exists!
2022-12-06 15:44:38,900 [Listener at 127.0.0.1/44149] INFO  http.BaseHttpServer (BaseHttpServer.java:updateConnectorAddress(333)) - HTTP server of hddsDatanode listening at http://0.0.0.0:38543
2022-12-06 15:44:38,901 [Listener at 127.0.0.1/44149] WARN  impl.MetricRegistriesImpl (MetricRegistriesImpl.java:addReporterRegistration(111)) - New reporters are added after registries were created. Some metrics will be missing from the reporter. Please add reporter before adding any new registry.
2022-12-06 15:44:38,901 [Listener at 127.0.0.1/44149] WARN  impl.MetricRegistriesImpl (MetricRegistriesImpl.java:addReporterRegistration(111)) - New reporters are added after registries were created. Some metrics will be missing from the reporter. Please add reporter before adding any new registry.
2022-12-06 15:44:38,901 [Listener at 127.0.0.1/44149] INFO  impl.MetricsSystemImpl (MetricsSystemImpl.java:init(158)) - HddsDatanode metrics system started (again)
2022-12-06 15:44:38,906 [Datanode State Machine Daemon Thread] INFO  statemachine.DatanodeStateMachine (DatanodeStateMachine.java:lambda$startDaemon$0(505)) - Ozone container server started.
2022-12-06 15:44:38,916 [Listener at 127.0.0.1/44149] INFO  ozone.HddsDatanodeService (HddsDatanodeService.java:start(236)) - HddsDatanodeService host:fv-az133-40.ac31hddj4phu5ocom5smqd4hkf.cx.internal.cloudapp.net ip:10.1.0.110
2022-12-06 15:44:38,922 [org.apache.hadoop.util.JvmPauseMonitor$Monitor@10a0565a] INFO  util.JvmPauseMonitor (JvmPauseMonitor.java:run(188)) - Starting JVM pause monitor
2022-12-06 15:44:38,941 [Datanode State Machine Task Thread - 0] INFO  datanode.InitDatanodeState (InitDatanodeState.java:persistContainerDatanodeDetails(138)) - DatanodeDetails is persisted to /home/runner/work/ozone/ozone/hadoop-ozone/integration-test/target/test-dir/MiniOzoneClusterImpl-dce15e54-dc76-4f82-a75a-fd2a8a22e08e/datanode-2/meta/datanode.id
2022-12-06 15:44:38,953 [Listener at 127.0.0.1/44149] INFO  upgrade.AbstractLayoutVersionManager (AbstractLayoutVersionManager.java:init(83)) - Initializing Layout version manager with metadata layout = DATANODE_SCHEMA_V3 (version = 4), software layout = DATANODE_SCHEMA_V3 (version = 4)
2022-12-06 15:44:39,000 [Listener at 127.0.0.1/44149] INFO  reflections.Reflections (Reflections.java:scan(232)) - Reflections took 45 ms to scan 7 urls, producing 140 keys and 342 values 
2022-12-06 15:44:39,002 [Listener at 127.0.0.1/44149] INFO  statemachine.DatanodeStateMachine (DatanodeStateMachine.java:getEndPointTaskThreadPoolSize(245)) - Datanode State Machine Task Thread Pool size 2
2022-12-06 15:44:39,005 [Listener at 127.0.0.1/44149] INFO  volume.HddsVolume (HddsVolume.java:<init>(117)) - Creating HddsVolume: /home/runner/work/ozone/ozone/hadoop-ozone/integration-test/target/test-dir/MiniOzoneClusterImpl-dce15e54-dc76-4f82-a75a-fd2a8a22e08e/datanode-3/data-0/containers/hdds of storage type : DISK capacity : 9223372036854775807
2022-12-06 15:44:39,005 [Listener at 127.0.0.1/44149] INFO  volume.MutableVolumeSet (MutableVolumeSet.java:initializeVolumeSet(174)) - Added Volume : /home/runner/work/ozone/ozone/hadoop-ozone/integration-test/target/test-dir/MiniOzoneClusterImpl-dce15e54-dc76-4f82-a75a-fd2a8a22e08e/datanode-3/data-0/containers/hdds to VolumeSet
2022-12-06 15:44:39,005 [Listener at 127.0.0.1/44149] INFO  volume.ThrottledAsyncChecker (ThrottledAsyncChecker.java:schedule(141)) - Scheduling a check for /home/runner/work/ozone/ozone/hadoop-ozone/integration-test/target/test-dir/MiniOzoneClusterImpl-dce15e54-dc76-4f82-a75a-fd2a8a22e08e/datanode-3/data-0/containers/hdds
2022-12-06 15:44:39,009 [Listener at 127.0.0.1/44149] INFO  volume.StorageVolumeChecker (StorageVolumeChecker.java:checkAllVolumes(202)) - Scheduled health check for volume /home/runner/work/ozone/ozone/hadoop-ozone/integration-test/target/test-dir/MiniOzoneClusterImpl-dce15e54-dc76-4f82-a75a-fd2a8a22e08e/datanode-3/data-0/containers/hdds
2022-12-06 15:44:39,023 [Listener at 127.0.0.1/44149] INFO  volume.MutableVolumeSet (MutableVolumeSet.java:initializeVolumeSet(174)) - Added Volume : /home/runner/work/ozone/ozone/hadoop-ozone/integration-test/target/test-dir/MiniOzoneClusterImpl-dce15e54-dc76-4f82-a75a-fd2a8a22e08e/datanode-3/data/ratis to VolumeSet
2022-12-06 15:44:39,023 [Listener at 127.0.0.1/44149] INFO  volume.ThrottledAsyncChecker (ThrottledAsyncChecker.java:schedule(141)) - Scheduling a check for /home/runner/work/ozone/ozone/hadoop-ozone/integration-test/target/test-dir/MiniOzoneClusterImpl-dce15e54-dc76-4f82-a75a-fd2a8a22e08e/datanode-3/data/ratis
2022-12-06 15:44:39,023 [Listener at 127.0.0.1/44149] INFO  volume.StorageVolumeChecker (StorageVolumeChecker.java:checkAllVolumes(202)) - Scheduled health check for volume /home/runner/work/ozone/ozone/hadoop-ozone/integration-test/target/test-dir/MiniOzoneClusterImpl-dce15e54-dc76-4f82-a75a-fd2a8a22e08e/datanode-3/data/ratis
2022-12-06 15:44:39,034 [Thread-176] INFO  ozoneimpl.ContainerReader (ContainerReader.java:readVolume(175)) - Finish verifying containers on volume /home/runner/work/ozone/ozone/hadoop-ozone/integration-test/target/test-dir/MiniOzoneClusterImpl-dce15e54-dc76-4f82-a75a-fd2a8a22e08e/datanode-3/data-0/containers/hdds
2022-12-06 15:44:39,034 [Listener at 127.0.0.1/44149] INFO  ozoneimpl.OzoneContainer (OzoneContainer.java:buildContainerSet(301)) - Build ContainerSet costs 0s
2022-12-06 15:44:39,038 [Listener at 127.0.0.1/44149] INFO  server.RaftServer (ConfUtils.java:logGet(46)) - raft.rpc.type = GRPC (default)
2022-12-06 15:44:39,038 [Listener at 127.0.0.1/44149] INFO  grpc.GrpcConfigKeys (ConfUtils.java:logFallback(53)) - raft.grpc.admin.host = null (fallback to raft.grpc.server.host)
2022-12-06 15:44:39,038 [Listener at 127.0.0.1/44149] INFO  grpc.GrpcConfigKeys (ConfUtils.java:logGet(46)) - raft.grpc.admin.port = 0 (custom)
2022-12-06 15:44:39,038 [Listener at 127.0.0.1/44149] INFO  grpc.GrpcConfigKeys (ConfUtils.java:logFallback(53)) - raft.grpc.client.host = null (fallback to raft.grpc.server.host)
2022-12-06 15:44:39,038 [Listener at 127.0.0.1/44149] INFO  grpc.GrpcConfigKeys (ConfUtils.java:logGet(46)) - raft.grpc.client.port = 0 (custom)
2022-12-06 15:44:39,039 [Listener at 127.0.0.1/44149] INFO  grpc.GrpcConfigKeys (ConfUtils.java:logGet(46)) - raft.grpc.server.host = null (default)
2022-12-06 15:44:39,039 [Listener at 127.0.0.1/44149] INFO  grpc.GrpcConfigKeys (ConfUtils.java:logGet(46)) - raft.grpc.server.port = 0 (default)
2022-12-06 15:44:39,040 [Listener at 127.0.0.1/44149] INFO  server.GrpcService (ConfUtils.java:logGet(46)) - raft.grpc.message.size.max = 32MB (=33554432) (custom)
2022-12-06 15:44:39,040 [Listener at 127.0.0.1/44149] INFO  server.RaftServerConfigKeys (ConfUtils.java:logGet(46)) - raft.server.log.appender.buffer.byte-limit = 33554432 (custom)
2022-12-06 15:44:39,040 [Listener at 127.0.0.1/44149] INFO  server.GrpcService (ConfUtils.java:logGet(46)) - raft.grpc.flow.control.window = 5MB (=5242880) (custom)
2022-12-06 15:44:39,040 [Listener at 127.0.0.1/44149] INFO  server.RaftServerConfigKeys (ConfUtils.java:logGet(46)) - raft.server.rpc.request.timeout = 60s (custom)
2022-12-06 15:44:39,041 [Listener at 127.0.0.1/44149] INFO  grpc.GrpcConfigKeys (ConfUtils.java:logGet(46)) - raft.grpc.server.heartbeat.channel = true (default)
2022-12-06 15:44:39,041 [Listener at 127.0.0.1/44149] INFO  grpc.GrpcConfigKeys (ConfUtils.java:logGet(46)) - raft.grpc.server.async.request.thread.pool.cached = true (default)
2022-12-06 15:44:39,041 [Listener at 127.0.0.1/44149] INFO  grpc.GrpcConfigKeys (ConfUtils.java:logGet(46)) - raft.grpc.server.async.request.thread.pool.size = 32 (default)
2022-12-06 15:44:39,042 [Listener at 127.0.0.1/44149] INFO  impl.DataStreamServerImpl (ConfUtils.java:logGet(46)) - raft.datastream.type = DISABLED (default)
2022-12-06 15:44:39,042 [Listener at 127.0.0.1/44149] INFO  server.RaftServerConfigKeys (ConfUtils.java:logGet(46)) - raft.server.threadpool.proxy.cached = true (default)
2022-12-06 15:44:39,042 [Listener at 127.0.0.1/44149] INFO  server.RaftServerConfigKeys (ConfUtils.java:logGet(46)) - raft.server.threadpool.proxy.size = 0 (default)
2022-12-06 15:44:39,043 [Listener at 127.0.0.1/44149] INFO  server.RaftServerConfigKeys (ConfUtils.java:logGet(46)) - raft.server.rpc.slowness.timeout = 300s (custom)
2022-12-06 15:44:39,043 [Listener at 127.0.0.1/44149] INFO  server.RaftServerConfigKeys (ConfUtils.java:logGet(46)) - raft.server.leaderelection.leader.step-down.wait-time = 10s (default)
2022-12-06 15:44:39,043 [Listener at 127.0.0.1/44149] INFO  server.RaftServerConfigKeys (ConfUtils.java:logGet(46)) - raft.server.storage.dir = [/home/runner/work/ozone/ozone/hadoop-ozone/integration-test/target/test-dir/MiniOzoneClusterImpl-dce15e54-dc76-4f82-a75a-fd2a8a22e08e/datanode-3/data/ratis] (custom)
2022-12-06 15:44:39,045 [Listener at 127.0.0.1/44149] INFO  server.XceiverServerGrpc (XceiverServerGrpc.java:<init>(132)) - GrpcServer channel type EpollServerSocketChannel
2022-12-06 15:44:39,048 [Listener at 127.0.0.1/44149] INFO  http.BaseHttpServer (BaseHttpServer.java:newHttpServer2BuilderForOzone(213)) - Starting Web-server for hddsDatanode at: http://0.0.0.0:0
2022-12-06 15:44:39,048 [Listener at 127.0.0.1/44149] INFO  http.BaseHttpServer (BaseHttpServer.java:<init>(108)) - Hadoop Security Enabled: false Ozone Security Enabled: false Ozone HTTP Security Enabled: false 
2022-12-06 15:44:39,050 [Listener at 127.0.0.1/44149] WARN  server.AuthenticationFilter (AuthenticationFilter.java:constructSecretProvider(240)) - Unable to initialize FileSignerSecretProvider, falling back to use random secrets. Reason: Could not read signature secret file: /home/runner/hadoop-http-auth-signature-secret
2022-12-06 15:44:39,051 [Listener at 127.0.0.1/44149] WARN  http.HttpRequestLog (HttpRequestLog.java:getRequestLog(103)) - Jetty request log can only be enabled using Log4j
2022-12-06 15:44:39,052 [Listener at 127.0.0.1/44149] INFO  http.HttpServer2 (HttpServer2.java:addGlobalFilter(1031)) - Added global filter 'safety' (class=org.apache.hadoop.hdds.server.http.HttpServer2$QuotingInputFilter)
2022-12-06 15:44:39,053 [Listener at 127.0.0.1/44149] INFO  http.HttpServer2 (HttpServer2.java:addFilter(1007)) - Added filter static_user_filter (class=org.apache.hadoop.http.lib.StaticUserWebFilter$StaticUserFilter) to context hddsDatanode
2022-12-06 15:44:39,053 [Listener at 127.0.0.1/44149] INFO  http.HttpServer2 (HttpServer2.java:addFilter(1015)) - Added filter static_user_filter (class=org.apache.hadoop.http.lib.StaticUserWebFilter$StaticUserFilter) to context static
2022-12-06 15:44:39,053 [Listener at 127.0.0.1/44149] INFO  http.HttpServer2 (HttpServer2.java:addFilter(1015)) - Added filter static_user_filter (class=org.apache.hadoop.http.lib.StaticUserWebFilter$StaticUserFilter) to context logs
2022-12-06 15:44:39,054 [Listener at 127.0.0.1/44149] INFO  http.HttpServer2 (HttpServer2.java:bindListener(1250)) - Jetty bound to port 43487
2022-12-06 15:44:39,054 [Listener at 127.0.0.1/44149] INFO  server.Server (Server.java:doStart(375)) - jetty-9.4.49.v20220914; built: 2022-09-14T01:07:36.601Z; git: 4231a3b2e4cb8548a412a789936d640a97b1aa0a; jvm 1.8.0_352-b08
2022-12-06 15:44:39,059 [Listener at 127.0.0.1/44149] INFO  server.session (DefaultSessionIdManager.java:doStart(334)) - DefaultSessionIdManager workerName=node0
2022-12-06 15:44:39,059 [Listener at 127.0.0.1/44149] INFO  server.session (DefaultSessionIdManager.java:doStart(339)) - No SessionScavenger set, using defaults
2022-12-06 15:44:39,059 [Listener at 127.0.0.1/44149] INFO  server.session (HouseKeeper.java:startScavenging(132)) - node0 Scavenging every 600000ms
2022-12-06 15:44:39,060 [Listener at 127.0.0.1/44149] INFO  handler.ContextHandler (ContextHandler.java:doStart(921)) - Started o.e.j.s.ServletContextHandler@52010383{logs,/logs,file:///home/runner/work/ozone/ozone/hadoop-ozone/integration-test/target/log,AVAILABLE}
2022-12-06 15:44:39,061 [Listener at 127.0.0.1/44149] INFO  handler.ContextHandler (ContextHandler.java:doStart(921)) - Started o.e.j.s.ServletContextHandler@523d07cc{static,/static,jar:file:/home/runner/.m2/repository/org/apache/ozone/hdds-container-service/1.3.0-SNAPSHOT/hdds-container-service-1.3.0-SNAPSHOT.jar!/webapps/static,AVAILABLE}
2022-12-06 15:44:39,226 [Listener at 127.0.0.1/44149] INFO  handler.ContextHandler (ContextHandler.java:doStart(921)) - Started o.e.j.w.WebAppContext@9336bc5{hddsDatanode,/,file:///tmp/jetty-0_0_0_0-43487-hdds-container-service-1_3_0-SNAPSHOT_jar-_-any-295486456786669764/webapp/,AVAILABLE}{jar:file:/home/runner/.m2/repository/org/apache/ozone/hdds-container-service/1.3.0-SNAPSHOT/hdds-container-service-1.3.0-SNAPSHOT.jar!/webapps/hddsDatanode}
2022-12-06 15:44:39,228 [Listener at 127.0.0.1/44149] INFO  server.AbstractConnector (AbstractConnector.java:doStart(333)) - Started ServerConnector@7a227967{HTTP/1.1, (http/1.1)}{0.0.0.0:43487}
2022-12-06 15:44:39,228 [Listener at 127.0.0.1/44149] INFO  server.Server (Server.java:doStart(415)) - Started @9574ms
2022-12-06 15:44:39,228 [Listener at 127.0.0.1/44149] WARN  impl.MetricsSystemImpl (MetricsSystemImpl.java:register(279)) - Sink prometheus already exists!
2022-12-06 15:44:39,229 [Listener at 127.0.0.1/44149] INFO  http.BaseHttpServer (BaseHttpServer.java:updateConnectorAddress(333)) - HTTP server of hddsDatanode listening at http://0.0.0.0:43487
2022-12-06 15:44:39,231 [Listener at 127.0.0.1/44149] WARN  impl.MetricRegistriesImpl (MetricRegistriesImpl.java:addReporterRegistration(111)) - New reporters are added after registries were created. Some metrics will be missing from the reporter. Please add reporter before adding any new registry.
2022-12-06 15:44:39,231 [Listener at 127.0.0.1/44149] WARN  impl.MetricRegistriesImpl (MetricRegistriesImpl.java:addReporterRegistration(111)) - New reporters are added after registries were created. Some metrics will be missing from the reporter. Please add reporter before adding any new registry.
2022-12-06 15:44:39,231 [Listener at 127.0.0.1/44149] INFO  impl.MetricsSystemImpl (MetricsSystemImpl.java:init(158)) - HddsDatanode metrics system started (again)
2022-12-06 15:44:39,236 [Datanode State Machine Daemon Thread] INFO  statemachine.DatanodeStateMachine (DatanodeStateMachine.java:lambda$startDaemon$0(505)) - Ozone container server started.
2022-12-06 15:44:39,244 [Listener at 127.0.0.1/44149] INFO  ozone.HddsDatanodeService (HddsDatanodeService.java:start(236)) - HddsDatanodeService host:fv-az133-40.ac31hddj4phu5ocom5smqd4hkf.cx.internal.cloudapp.net ip:10.1.0.110
2022-12-06 15:44:39,245 [org.apache.hadoop.util.JvmPauseMonitor$Monitor@7f867b6a] INFO  util.JvmPauseMonitor (JvmPauseMonitor.java:run(188)) - Starting JVM pause monitor
2022-12-06 15:44:39,267 [Datanode State Machine Task Thread - 0] INFO  datanode.InitDatanodeState (InitDatanodeState.java:persistContainerDatanodeDetails(138)) - DatanodeDetails is persisted to /home/runner/work/ozone/ozone/hadoop-ozone/integration-test/target/test-dir/MiniOzoneClusterImpl-dce15e54-dc76-4f82-a75a-fd2a8a22e08e/datanode-3/meta/datanode.id
2022-12-06 15:44:39,277 [Listener at 127.0.0.1/44149] INFO  upgrade.AbstractLayoutVersionManager (AbstractLayoutVersionManager.java:init(83)) - Initializing Layout version manager with metadata layout = DATANODE_SCHEMA_V3 (version = 4), software layout = DATANODE_SCHEMA_V3 (version = 4)
2022-12-06 15:44:39,329 [Listener at 127.0.0.1/44149] INFO  reflections.Reflections (Reflections.java:scan(232)) - Reflections took 49 ms to scan 7 urls, producing 140 keys and 342 values 
2022-12-06 15:44:39,333 [Listener at 127.0.0.1/44149] INFO  statemachine.DatanodeStateMachine (DatanodeStateMachine.java:getEndPointTaskThreadPoolSize(245)) - Datanode State Machine Task Thread Pool size 2
2022-12-06 15:44:39,340 [Listener at 127.0.0.1/44149] INFO  volume.HddsVolume (HddsVolume.java:<init>(117)) - Creating HddsVolume: /home/runner/work/ozone/ozone/hadoop-ozone/integration-test/target/test-dir/MiniOzoneClusterImpl-dce15e54-dc76-4f82-a75a-fd2a8a22e08e/datanode-4/data-0/containers/hdds of storage type : DISK capacity : 9223372036854775807
2022-12-06 15:44:39,341 [Listener at 127.0.0.1/44149] INFO  volume.MutableVolumeSet (MutableVolumeSet.java:initializeVolumeSet(174)) - Added Volume : /home/runner/work/ozone/ozone/hadoop-ozone/integration-test/target/test-dir/MiniOzoneClusterImpl-dce15e54-dc76-4f82-a75a-fd2a8a22e08e/datanode-4/data-0/containers/hdds to VolumeSet
2022-12-06 15:44:39,341 [Listener at 127.0.0.1/44149] INFO  volume.ThrottledAsyncChecker (ThrottledAsyncChecker.java:schedule(141)) - Scheduling a check for /home/runner/work/ozone/ozone/hadoop-ozone/integration-test/target/test-dir/MiniOzoneClusterImpl-dce15e54-dc76-4f82-a75a-fd2a8a22e08e/datanode-4/data-0/containers/hdds
2022-12-06 15:44:39,344 [Listener at 127.0.0.1/44149] INFO  volume.StorageVolumeChecker (StorageVolumeChecker.java:checkAllVolumes(202)) - Scheduled health check for volume /home/runner/work/ozone/ozone/hadoop-ozone/integration-test/target/test-dir/MiniOzoneClusterImpl-dce15e54-dc76-4f82-a75a-fd2a8a22e08e/datanode-4/data-0/containers/hdds
2022-12-06 15:44:39,357 [Listener at 127.0.0.1/44149] INFO  volume.MutableVolumeSet (MutableVolumeSet.java:initializeVolumeSet(174)) - Added Volume : /home/runner/work/ozone/ozone/hadoop-ozone/integration-test/target/test-dir/MiniOzoneClusterImpl-dce15e54-dc76-4f82-a75a-fd2a8a22e08e/datanode-4/data/ratis to VolumeSet
2022-12-06 15:44:39,357 [Listener at 127.0.0.1/44149] INFO  volume.ThrottledAsyncChecker (ThrottledAsyncChecker.java:schedule(141)) - Scheduling a check for /home/runner/work/ozone/ozone/hadoop-ozone/integration-test/target/test-dir/MiniOzoneClusterImpl-dce15e54-dc76-4f82-a75a-fd2a8a22e08e/datanode-4/data/ratis
2022-12-06 15:44:39,357 [Listener at 127.0.0.1/44149] INFO  volume.StorageVolumeChecker (StorageVolumeChecker.java:checkAllVolumes(202)) - Scheduled health check for volume /home/runner/work/ozone/ozone/hadoop-ozone/integration-test/target/test-dir/MiniOzoneClusterImpl-dce15e54-dc76-4f82-a75a-fd2a8a22e08e/datanode-4/data/ratis
2022-12-06 15:44:39,369 [Thread-189] INFO  ozoneimpl.ContainerReader (ContainerReader.java:readVolume(175)) - Finish verifying containers on volume /home/runner/work/ozone/ozone/hadoop-ozone/integration-test/target/test-dir/MiniOzoneClusterImpl-dce15e54-dc76-4f82-a75a-fd2a8a22e08e/datanode-4/data-0/containers/hdds
2022-12-06 15:44:39,370 [Listener at 127.0.0.1/44149] INFO  ozoneimpl.OzoneContainer (OzoneContainer.java:buildContainerSet(301)) - Build ContainerSet costs 0s
2022-12-06 15:44:39,374 [Listener at 127.0.0.1/44149] INFO  server.RaftServer (ConfUtils.java:logGet(46)) - raft.rpc.type = GRPC (default)
2022-12-06 15:44:39,374 [Listener at 127.0.0.1/44149] INFO  grpc.GrpcConfigKeys (ConfUtils.java:logFallback(53)) - raft.grpc.admin.host = null (fallback to raft.grpc.server.host)
2022-12-06 15:44:39,375 [Listener at 127.0.0.1/44149] INFO  grpc.GrpcConfigKeys (ConfUtils.java:logGet(46)) - raft.grpc.admin.port = 0 (custom)
2022-12-06 15:44:39,375 [Listener at 127.0.0.1/44149] INFO  grpc.GrpcConfigKeys (ConfUtils.java:logFallback(53)) - raft.grpc.client.host = null (fallback to raft.grpc.server.host)
2022-12-06 15:44:39,375 [Listener at 127.0.0.1/44149] INFO  grpc.GrpcConfigKeys (ConfUtils.java:logGet(46)) - raft.grpc.client.port = 0 (custom)
2022-12-06 15:44:39,375 [Listener at 127.0.0.1/44149] INFO  grpc.GrpcConfigKeys (ConfUtils.java:logGet(46)) - raft.grpc.server.host = null (default)
2022-12-06 15:44:39,375 [Listener at 127.0.0.1/44149] INFO  grpc.GrpcConfigKeys (ConfUtils.java:logGet(46)) - raft.grpc.server.port = 0 (default)
2022-12-06 15:44:39,377 [Listener at 127.0.0.1/44149] INFO  server.GrpcService (ConfUtils.java:logGet(46)) - raft.grpc.message.size.max = 32MB (=33554432) (custom)
2022-12-06 15:44:39,379 [Listener at 127.0.0.1/44149] INFO  server.RaftServerConfigKeys (ConfUtils.java:logGet(46)) - raft.server.log.appender.buffer.byte-limit = 33554432 (custom)
2022-12-06 15:44:39,379 [Listener at 127.0.0.1/44149] INFO  server.GrpcService (ConfUtils.java:logGet(46)) - raft.grpc.flow.control.window = 5MB (=5242880) (custom)
2022-12-06 15:44:39,379 [Listener at 127.0.0.1/44149] INFO  server.RaftServerConfigKeys (ConfUtils.java:logGet(46)) - raft.server.rpc.request.timeout = 60s (custom)
2022-12-06 15:44:39,380 [Listener at 127.0.0.1/44149] INFO  grpc.GrpcConfigKeys (ConfUtils.java:logGet(46)) - raft.grpc.server.heartbeat.channel = true (default)
2022-12-06 15:44:39,380 [Listener at 127.0.0.1/44149] INFO  grpc.GrpcConfigKeys (ConfUtils.java:logGet(46)) - raft.grpc.server.async.request.thread.pool.cached = true (default)
2022-12-06 15:44:39,380 [Listener at 127.0.0.1/44149] INFO  grpc.GrpcConfigKeys (ConfUtils.java:logGet(46)) - raft.grpc.server.async.request.thread.pool.size = 32 (default)
2022-12-06 15:44:39,381 [Listener at 127.0.0.1/44149] INFO  impl.DataStreamServerImpl (ConfUtils.java:logGet(46)) - raft.datastream.type = DISABLED (default)
2022-12-06 15:44:39,381 [Listener at 127.0.0.1/44149] INFO  server.RaftServerConfigKeys (ConfUtils.java:logGet(46)) - raft.server.threadpool.proxy.cached = true (default)
2022-12-06 15:44:39,382 [Listener at 127.0.0.1/44149] INFO  server.RaftServerConfigKeys (ConfUtils.java:logGet(46)) - raft.server.threadpool.proxy.size = 0 (default)
2022-12-06 15:44:39,382 [Listener at 127.0.0.1/44149] INFO  server.RaftServerConfigKeys (ConfUtils.java:logGet(46)) - raft.server.rpc.slowness.timeout = 300s (custom)
2022-12-06 15:44:39,382 [Listener at 127.0.0.1/44149] INFO  server.RaftServerConfigKeys (ConfUtils.java:logGet(46)) - raft.server.leaderelection.leader.step-down.wait-time = 10s (default)
2022-12-06 15:44:39,382 [Listener at 127.0.0.1/44149] INFO  server.RaftServerConfigKeys (ConfUtils.java:logGet(46)) - raft.server.storage.dir = [/home/runner/work/ozone/ozone/hadoop-ozone/integration-test/target/test-dir/MiniOzoneClusterImpl-dce15e54-dc76-4f82-a75a-fd2a8a22e08e/datanode-4/data/ratis] (custom)
2022-12-06 15:44:39,384 [Listener at 127.0.0.1/44149] INFO  server.XceiverServerGrpc (XceiverServerGrpc.java:<init>(132)) - GrpcServer channel type EpollServerSocketChannel
2022-12-06 15:44:39,392 [Listener at 127.0.0.1/44149] INFO  http.BaseHttpServer (BaseHttpServer.java:newHttpServer2BuilderForOzone(213)) - Starting Web-server for hddsDatanode at: http://0.0.0.0:0
2022-12-06 15:44:39,392 [Listener at 127.0.0.1/44149] INFO  http.BaseHttpServer (BaseHttpServer.java:<init>(108)) - Hadoop Security Enabled: false Ozone Security Enabled: false Ozone HTTP Security Enabled: false 
2022-12-06 15:44:39,393 [Listener at 127.0.0.1/44149] WARN  server.AuthenticationFilter (AuthenticationFilter.java:constructSecretProvider(240)) - Unable to initialize FileSignerSecretProvider, falling back to use random secrets. Reason: Could not read signature secret file: /home/runner/hadoop-http-auth-signature-secret
2022-12-06 15:44:39,394 [Listener at 127.0.0.1/44149] WARN  http.HttpRequestLog (HttpRequestLog.java:getRequestLog(103)) - Jetty request log can only be enabled using Log4j
2022-12-06 15:44:39,396 [Listener at 127.0.0.1/44149] INFO  http.HttpServer2 (HttpServer2.java:addGlobalFilter(1031)) - Added global filter 'safety' (class=org.apache.hadoop.hdds.server.http.HttpServer2$QuotingInputFilter)
2022-12-06 15:44:39,396 [Listener at 127.0.0.1/44149] INFO  http.HttpServer2 (HttpServer2.java:addFilter(1007)) - Added filter static_user_filter (class=org.apache.hadoop.http.lib.StaticUserWebFilter$StaticUserFilter) to context hddsDatanode
2022-12-06 15:44:39,397 [Listener at 127.0.0.1/44149] INFO  http.HttpServer2 (HttpServer2.java:addFilter(1015)) - Added filter static_user_filter (class=org.apache.hadoop.http.lib.StaticUserWebFilter$StaticUserFilter) to context static
2022-12-06 15:44:39,397 [Listener at 127.0.0.1/44149] INFO  http.HttpServer2 (HttpServer2.java:addFilter(1015)) - Added filter static_user_filter (class=org.apache.hadoop.http.lib.StaticUserWebFilter$StaticUserFilter) to context logs
2022-12-06 15:44:39,397 [Listener at 127.0.0.1/44149] INFO  http.HttpServer2 (HttpServer2.java:bindListener(1250)) - Jetty bound to port 46619
2022-12-06 15:44:39,398 [Listener at 127.0.0.1/44149] INFO  server.Server (Server.java:doStart(375)) - jetty-9.4.49.v20220914; built: 2022-09-14T01:07:36.601Z; git: 4231a3b2e4cb8548a412a789936d640a97b1aa0a; jvm 1.8.0_352-b08
2022-12-06 15:44:39,399 [Listener at 127.0.0.1/44149] INFO  server.session (DefaultSessionIdManager.java:doStart(334)) - DefaultSessionIdManager workerName=node0
2022-12-06 15:44:39,399 [Listener at 127.0.0.1/44149] INFO  server.session (DefaultSessionIdManager.java:doStart(339)) - No SessionScavenger set, using defaults
2022-12-06 15:44:39,400 [Listener at 127.0.0.1/44149] INFO  server.session (HouseKeeper.java:startScavenging(132)) - node0 Scavenging every 660000ms
2022-12-06 15:44:39,401 [Listener at 127.0.0.1/44149] INFO  handler.ContextHandler (ContextHandler.java:doStart(921)) - Started o.e.j.s.ServletContextHandler@48d2348a{logs,/logs,file:///home/runner/work/ozone/ozone/hadoop-ozone/integration-test/target/log,AVAILABLE}
2022-12-06 15:44:39,401 [Listener at 127.0.0.1/44149] INFO  handler.ContextHandler (ContextHandler.java:doStart(921)) - Started o.e.j.s.ServletContextHandler@5fc38804{static,/static,jar:file:/home/runner/.m2/repository/org/apache/ozone/hdds-container-service/1.3.0-SNAPSHOT/hdds-container-service-1.3.0-SNAPSHOT.jar!/webapps/static,AVAILABLE}
2022-12-06 15:44:39,605 [Listener at 127.0.0.1/44149] INFO  handler.ContextHandler (ContextHandler.java:doStart(921)) - Started o.e.j.w.WebAppContext@72e09a66{hddsDatanode,/,file:///tmp/jetty-0_0_0_0-46619-hdds-container-service-1_3_0-SNAPSHOT_jar-_-any-2558009547416985712/webapp/,AVAILABLE}{jar:file:/home/runner/.m2/repository/org/apache/ozone/hdds-container-service/1.3.0-SNAPSHOT/hdds-container-service-1.3.0-SNAPSHOT.jar!/webapps/hddsDatanode}
2022-12-06 15:44:39,606 [Listener at 127.0.0.1/44149] INFO  server.AbstractConnector (AbstractConnector.java:doStart(333)) - Started ServerConnector@7a1b9fb6{HTTP/1.1, (http/1.1)}{0.0.0.0:46619}
2022-12-06 15:44:39,607 [Listener at 127.0.0.1/44149] INFO  server.Server (Server.java:doStart(415)) - Started @9953ms
2022-12-06 15:44:39,607 [Listener at 127.0.0.1/44149] WARN  impl.MetricsSystemImpl (MetricsSystemImpl.java:register(279)) - Sink prometheus already exists!
2022-12-06 15:44:39,608 [Listener at 127.0.0.1/44149] INFO  http.BaseHttpServer (BaseHttpServer.java:updateConnectorAddress(333)) - HTTP server of hddsDatanode listening at http://0.0.0.0:46619
2022-12-06 15:44:39,608 [Datanode State Machine Daemon Thread] INFO  statemachine.DatanodeStateMachine (DatanodeStateMachine.java:lambda$startDaemon$0(505)) - Ozone container server started.
2022-12-06 15:44:39,611 [Listener at 127.0.0.1/44149] WARN  impl.MetricRegistriesImpl (MetricRegistriesImpl.java:addReporterRegistration(111)) - New reporters are added after registries were created. Some metrics will be missing from the reporter. Please add reporter before adding any new registry.
2022-12-06 15:44:39,612 [Listener at 127.0.0.1/44149] WARN  impl.MetricRegistriesImpl (MetricRegistriesImpl.java:addReporterRegistration(111)) - New reporters are added after registries were created. Some metrics will be missing from the reporter. Please add reporter before adding any new registry.
2022-12-06 15:44:39,612 [Listener at 127.0.0.1/44149] INFO  impl.MetricsSystemImpl (MetricsSystemImpl.java:init(158)) - HddsDatanode metrics system started (again)
2022-12-06 15:44:39,620 [org.apache.hadoop.util.JvmPauseMonitor$Monitor@27de6a43] INFO  util.JvmPauseMonitor (JvmPauseMonitor.java:run(188)) - Starting JVM pause monitor
2022-12-06 15:44:39,623 [Datanode State Machine Task Thread - 0] INFO  datanode.InitDatanodeState (InitDatanodeState.java:persistContainerDatanodeDetails(138)) - DatanodeDetails is persisted to /home/runner/work/ozone/ozone/hadoop-ozone/integration-test/target/test-dir/MiniOzoneClusterImpl-dce15e54-dc76-4f82-a75a-fd2a8a22e08e/datanode-4/meta/datanode.id
2022-12-06 15:44:39,625 [Listener at 127.0.0.1/44149] INFO  ozone.HddsDatanodeService (HddsDatanodeService.java:start(236)) - HddsDatanodeService host:fv-az133-40.ac31hddj4phu5ocom5smqd4hkf.cx.internal.cloudapp.net ip:10.1.0.110
2022-12-06 15:44:39,647 [Listener at 127.0.0.1/44149] INFO  upgrade.AbstractLayoutVersionManager (AbstractLayoutVersionManager.java:init(83)) - Initializing Layout version manager with metadata layout = DATANODE_SCHEMA_V3 (version = 4), software layout = DATANODE_SCHEMA_V3 (version = 4)
2022-12-06 15:44:39,696 [Listener at 127.0.0.1/44149] INFO  reflections.Reflections (Reflections.java:scan(232)) - Reflections took 47 ms to scan 7 urls, producing 140 keys and 342 values 
2022-12-06 15:44:39,698 [Listener at 127.0.0.1/44149] INFO  statemachine.DatanodeStateMachine (DatanodeStateMachine.java:getEndPointTaskThreadPoolSize(245)) - Datanode State Machine Task Thread Pool size 2
2022-12-06 15:44:39,701 [Listener at 127.0.0.1/44149] INFO  volume.HddsVolume (HddsVolume.java:<init>(117)) - Creating HddsVolume: /home/runner/work/ozone/ozone/hadoop-ozone/integration-test/target/test-dir/MiniOzoneClusterImpl-dce15e54-dc76-4f82-a75a-fd2a8a22e08e/datanode-5/data-0/containers/hdds of storage type : DISK capacity : 9223372036854775807
2022-12-06 15:44:39,702 [Listener at 127.0.0.1/44149] INFO  volume.MutableVolumeSet (MutableVolumeSet.java:initializeVolumeSet(174)) - Added Volume : /home/runner/work/ozone/ozone/hadoop-ozone/integration-test/target/test-dir/MiniOzoneClusterImpl-dce15e54-dc76-4f82-a75a-fd2a8a22e08e/datanode-5/data-0/containers/hdds to VolumeSet
2022-12-06 15:44:39,702 [Listener at 127.0.0.1/44149] INFO  volume.ThrottledAsyncChecker (ThrottledAsyncChecker.java:schedule(141)) - Scheduling a check for /home/runner/work/ozone/ozone/hadoop-ozone/integration-test/target/test-dir/MiniOzoneClusterImpl-dce15e54-dc76-4f82-a75a-fd2a8a22e08e/datanode-5/data-0/containers/hdds
2022-12-06 15:44:39,704 [Listener at 127.0.0.1/44149] INFO  volume.StorageVolumeChecker (StorageVolumeChecker.java:checkAllVolumes(202)) - Scheduled health check for volume /home/runner/work/ozone/ozone/hadoop-ozone/integration-test/target/test-dir/MiniOzoneClusterImpl-dce15e54-dc76-4f82-a75a-fd2a8a22e08e/datanode-5/data-0/containers/hdds
2022-12-06 15:44:39,718 [Listener at 127.0.0.1/44149] INFO  volume.MutableVolumeSet (MutableVolumeSet.java:initializeVolumeSet(174)) - Added Volume : /home/runner/work/ozone/ozone/hadoop-ozone/integration-test/target/test-dir/MiniOzoneClusterImpl-dce15e54-dc76-4f82-a75a-fd2a8a22e08e/datanode-5/data/ratis to VolumeSet
2022-12-06 15:44:39,718 [Listener at 127.0.0.1/44149] INFO  volume.ThrottledAsyncChecker (ThrottledAsyncChecker.java:schedule(141)) - Scheduling a check for /home/runner/work/ozone/ozone/hadoop-ozone/integration-test/target/test-dir/MiniOzoneClusterImpl-dce15e54-dc76-4f82-a75a-fd2a8a22e08e/datanode-5/data/ratis
2022-12-06 15:44:39,719 [Listener at 127.0.0.1/44149] INFO  volume.StorageVolumeChecker (StorageVolumeChecker.java:checkAllVolumes(202)) - Scheduled health check for volume /home/runner/work/ozone/ozone/hadoop-ozone/integration-test/target/test-dir/MiniOzoneClusterImpl-dce15e54-dc76-4f82-a75a-fd2a8a22e08e/datanode-5/data/ratis
2022-12-06 15:44:39,733 [Thread-202] INFO  ozoneimpl.ContainerReader (ContainerReader.java:readVolume(175)) - Finish verifying containers on volume /home/runner/work/ozone/ozone/hadoop-ozone/integration-test/target/test-dir/MiniOzoneClusterImpl-dce15e54-dc76-4f82-a75a-fd2a8a22e08e/datanode-5/data-0/containers/hdds
2022-12-06 15:44:39,733 [Listener at 127.0.0.1/44149] INFO  ozoneimpl.OzoneContainer (OzoneContainer.java:buildContainerSet(301)) - Build ContainerSet costs 0s
2022-12-06 15:44:39,737 [Listener at 127.0.0.1/44149] INFO  server.RaftServer (ConfUtils.java:logGet(46)) - raft.rpc.type = GRPC (default)
2022-12-06 15:44:39,737 [Listener at 127.0.0.1/44149] INFO  grpc.GrpcConfigKeys (ConfUtils.java:logFallback(53)) - raft.grpc.admin.host = null (fallback to raft.grpc.server.host)
2022-12-06 15:44:39,737 [Listener at 127.0.0.1/44149] INFO  grpc.GrpcConfigKeys (ConfUtils.java:logGet(46)) - raft.grpc.admin.port = 0 (custom)
2022-12-06 15:44:39,737 [Listener at 127.0.0.1/44149] INFO  grpc.GrpcConfigKeys (ConfUtils.java:logFallback(53)) - raft.grpc.client.host = null (fallback to raft.grpc.server.host)
2022-12-06 15:44:39,738 [Listener at 127.0.0.1/44149] INFO  grpc.GrpcConfigKeys (ConfUtils.java:logGet(46)) - raft.grpc.client.port = 0 (custom)
2022-12-06 15:44:39,738 [Listener at 127.0.0.1/44149] INFO  grpc.GrpcConfigKeys (ConfUtils.java:logGet(46)) - raft.grpc.server.host = null (default)
2022-12-06 15:44:39,738 [Listener at 127.0.0.1/44149] INFO  grpc.GrpcConfigKeys (ConfUtils.java:logGet(46)) - raft.grpc.server.port = 0 (default)
2022-12-06 15:44:39,738 [Listener at 127.0.0.1/44149] INFO  server.GrpcService (ConfUtils.java:logGet(46)) - raft.grpc.message.size.max = 32MB (=33554432) (custom)
2022-12-06 15:44:39,738 [Listener at 127.0.0.1/44149] INFO  server.RaftServerConfigKeys (ConfUtils.java:logGet(46)) - raft.server.log.appender.buffer.byte-limit = 33554432 (custom)
2022-12-06 15:44:39,738 [Listener at 127.0.0.1/44149] INFO  server.GrpcService (ConfUtils.java:logGet(46)) - raft.grpc.flow.control.window = 5MB (=5242880) (custom)
2022-12-06 15:44:39,738 [Listener at 127.0.0.1/44149] INFO  server.RaftServerConfigKeys (ConfUtils.java:logGet(46)) - raft.server.rpc.request.timeout = 60s (custom)
2022-12-06 15:44:39,738 [Listener at 127.0.0.1/44149] INFO  grpc.GrpcConfigKeys (ConfUtils.java:logGet(46)) - raft.grpc.server.heartbeat.channel = true (default)
2022-12-06 15:44:39,739 [Listener at 127.0.0.1/44149] INFO  grpc.GrpcConfigKeys (ConfUtils.java:logGet(46)) - raft.grpc.server.async.request.thread.pool.cached = true (default)
2022-12-06 15:44:39,739 [Listener at 127.0.0.1/44149] INFO  grpc.GrpcConfigKeys (ConfUtils.java:logGet(46)) - raft.grpc.server.async.request.thread.pool.size = 32 (default)
2022-12-06 15:44:39,740 [Listener at 127.0.0.1/44149] INFO  impl.DataStreamServerImpl (ConfUtils.java:logGet(46)) - raft.datastream.type = DISABLED (default)
2022-12-06 15:44:39,740 [Listener at 127.0.0.1/44149] INFO  server.RaftServerConfigKeys (ConfUtils.java:logGet(46)) - raft.server.threadpool.proxy.cached = true (default)
2022-12-06 15:44:39,740 [Listener at 127.0.0.1/44149] INFO  server.RaftServerConfigKeys (ConfUtils.java:logGet(46)) - raft.server.threadpool.proxy.size = 0 (default)
2022-12-06 15:44:39,741 [Listener at 127.0.0.1/44149] INFO  server.RaftServerConfigKeys (ConfUtils.java:logGet(46)) - raft.server.rpc.slowness.timeout = 300s (custom)
2022-12-06 15:44:39,741 [Listener at 127.0.0.1/44149] INFO  server.RaftServerConfigKeys (ConfUtils.java:logGet(46)) - raft.server.leaderelection.leader.step-down.wait-time = 10s (default)
2022-12-06 15:44:39,741 [Listener at 127.0.0.1/44149] INFO  server.RaftServerConfigKeys (ConfUtils.java:logGet(46)) - raft.server.storage.dir = [/home/runner/work/ozone/ozone/hadoop-ozone/integration-test/target/test-dir/MiniOzoneClusterImpl-dce15e54-dc76-4f82-a75a-fd2a8a22e08e/datanode-5/data/ratis] (custom)
2022-12-06 15:44:39,743 [Listener at 127.0.0.1/44149] INFO  server.XceiverServerGrpc (XceiverServerGrpc.java:<init>(132)) - GrpcServer channel type EpollServerSocketChannel
2022-12-06 15:44:39,747 [Listener at 127.0.0.1/44149] INFO  http.BaseHttpServer (BaseHttpServer.java:newHttpServer2BuilderForOzone(213)) - Starting Web-server for hddsDatanode at: http://0.0.0.0:0
2022-12-06 15:44:39,747 [Listener at 127.0.0.1/44149] INFO  http.BaseHttpServer (BaseHttpServer.java:<init>(108)) - Hadoop Security Enabled: false Ozone Security Enabled: false Ozone HTTP Security Enabled: false 
2022-12-06 15:44:39,749 [Listener at 127.0.0.1/44149] WARN  server.AuthenticationFilter (AuthenticationFilter.java:constructSecretProvider(240)) - Unable to initialize FileSignerSecretProvider, falling back to use random secrets. Reason: Could not read signature secret file: /home/runner/hadoop-http-auth-signature-secret
2022-12-06 15:44:39,750 [Listener at 127.0.0.1/44149] WARN  http.HttpRequestLog (HttpRequestLog.java:getRequestLog(103)) - Jetty request log can only be enabled using Log4j
2022-12-06 15:44:39,751 [Listener at 127.0.0.1/44149] INFO  http.HttpServer2 (HttpServer2.java:addGlobalFilter(1031)) - Added global filter 'safety' (class=org.apache.hadoop.hdds.server.http.HttpServer2$QuotingInputFilter)
2022-12-06 15:44:39,752 [Listener at 127.0.0.1/44149] INFO  http.HttpServer2 (HttpServer2.java:addFilter(1007)) - Added filter static_user_filter (class=org.apache.hadoop.http.lib.StaticUserWebFilter$StaticUserFilter) to context hddsDatanode
2022-12-06 15:44:39,752 [Listener at 127.0.0.1/44149] INFO  http.HttpServer2 (HttpServer2.java:addFilter(1015)) - Added filter static_user_filter (class=org.apache.hadoop.http.lib.StaticUserWebFilter$StaticUserFilter) to context logs
2022-12-06 15:44:39,753 [Listener at 127.0.0.1/44149] INFO  http.HttpServer2 (HttpServer2.java:addFilter(1015)) - Added filter static_user_filter (class=org.apache.hadoop.http.lib.StaticUserWebFilter$StaticUserFilter) to context static
2022-12-06 15:44:39,753 [Listener at 127.0.0.1/44149] INFO  http.HttpServer2 (HttpServer2.java:bindListener(1250)) - Jetty bound to port 39183
2022-12-06 15:44:39,753 [Listener at 127.0.0.1/44149] INFO  server.Server (Server.java:doStart(375)) - jetty-9.4.49.v20220914; built: 2022-09-14T01:07:36.601Z; git: 4231a3b2e4cb8548a412a789936d640a97b1aa0a; jvm 1.8.0_352-b08
2022-12-06 15:44:39,756 [Listener at 127.0.0.1/44149] INFO  server.session (DefaultSessionIdManager.java:doStart(334)) - DefaultSessionIdManager workerName=node0
2022-12-06 15:44:39,756 [Listener at 127.0.0.1/44149] INFO  server.session (DefaultSessionIdManager.java:doStart(339)) - No SessionScavenger set, using defaults
2022-12-06 15:44:39,756 [Listener at 127.0.0.1/44149] INFO  server.session (HouseKeeper.java:startScavenging(132)) - node0 Scavenging every 660000ms
2022-12-06 15:44:39,757 [Listener at 127.0.0.1/44149] INFO  handler.ContextHandler (ContextHandler.java:doStart(921)) - Started o.e.j.s.ServletContextHandler@504eab5f{logs,/logs,file:///home/runner/work/ozone/ozone/hadoop-ozone/integration-test/target/log,AVAILABLE}
2022-12-06 15:44:39,757 [Listener at 127.0.0.1/44149] INFO  handler.ContextHandler (ContextHandler.java:doStart(921)) - Started o.e.j.s.ServletContextHandler@7d474824{static,/static,jar:file:/home/runner/.m2/repository/org/apache/ozone/hdds-container-service/1.3.0-SNAPSHOT/hdds-container-service-1.3.0-SNAPSHOT.jar!/webapps/static,AVAILABLE}
2022-12-06 15:44:39,936 [Listener at 127.0.0.1/44149] INFO  handler.ContextHandler (ContextHandler.java:doStart(921)) - Started o.e.j.w.WebAppContext@6d033049{hddsDatanode,/,file:///tmp/jetty-0_0_0_0-39183-hdds-container-service-1_3_0-SNAPSHOT_jar-_-any-7344313176460700879/webapp/,AVAILABLE}{jar:file:/home/runner/.m2/repository/org/apache/ozone/hdds-container-service/1.3.0-SNAPSHOT/hdds-container-service-1.3.0-SNAPSHOT.jar!/webapps/hddsDatanode}
2022-12-06 15:44:39,938 [Listener at 127.0.0.1/44149] INFO  server.AbstractConnector (AbstractConnector.java:doStart(333)) - Started ServerConnector@7c0d43bb{HTTP/1.1, (http/1.1)}{0.0.0.0:39183}
2022-12-06 15:44:39,938 [Listener at 127.0.0.1/44149] INFO  server.Server (Server.java:doStart(415)) - Started @10284ms
2022-12-06 15:44:39,939 [Listener at 127.0.0.1/44149] WARN  impl.MetricsSystemImpl (MetricsSystemImpl.java:register(279)) - Sink prometheus already exists!
2022-12-06 15:44:39,939 [Listener at 127.0.0.1/44149] INFO  http.BaseHttpServer (BaseHttpServer.java:updateConnectorAddress(333)) - HTTP server of hddsDatanode listening at http://0.0.0.0:39183
2022-12-06 15:44:39,940 [Datanode State Machine Daemon Thread] INFO  statemachine.DatanodeStateMachine (DatanodeStateMachine.java:lambda$startDaemon$0(505)) - Ozone container server started.
2022-12-06 15:44:39,941 [Listener at 127.0.0.1/44149] WARN  impl.MetricRegistriesImpl (MetricRegistriesImpl.java:addReporterRegistration(111)) - New reporters are added after registries were created. Some metrics will be missing from the reporter. Please add reporter before adding any new registry.
2022-12-06 15:44:39,941 [Listener at 127.0.0.1/44149] WARN  impl.MetricRegistriesImpl (MetricRegistriesImpl.java:addReporterRegistration(111)) - New reporters are added after registries were created. Some metrics will be missing from the reporter. Please add reporter before adding any new registry.
2022-12-06 15:44:39,941 [Listener at 127.0.0.1/44149] INFO  impl.MetricsSystemImpl (MetricsSystemImpl.java:init(158)) - HddsDatanode metrics system started (again)
2022-12-06 15:44:39,950 [org.apache.hadoop.util.JvmPauseMonitor$Monitor@d0cc450] INFO  util.JvmPauseMonitor (JvmPauseMonitor.java:run(188)) - Starting JVM pause monitor
2022-12-06 15:44:39,952 [Datanode State Machine Task Thread - 0] INFO  datanode.InitDatanodeState (InitDatanodeState.java:persistContainerDatanodeDetails(138)) - DatanodeDetails is persisted to /home/runner/work/ozone/ozone/hadoop-ozone/integration-test/target/test-dir/MiniOzoneClusterImpl-dce15e54-dc76-4f82-a75a-fd2a8a22e08e/datanode-5/meta/datanode.id
2022-12-06 15:44:39,960 [Listener at 127.0.0.1/44149] INFO  ozone.HddsDatanodeService (HddsDatanodeService.java:start(236)) - HddsDatanodeService host:fv-az133-40.ac31hddj4phu5ocom5smqd4hkf.cx.internal.cloudapp.net ip:10.1.0.110
2022-12-06 15:44:39,979 [Listener at 127.0.0.1/44149] INFO  upgrade.AbstractLayoutVersionManager (AbstractLayoutVersionManager.java:init(83)) - Initializing Layout version manager with metadata layout = DATANODE_SCHEMA_V3 (version = 4), software layout = DATANODE_SCHEMA_V3 (version = 4)
2022-12-06 15:44:40,026 [Listener at 127.0.0.1/44149] INFO  reflections.Reflections (Reflections.java:scan(232)) - Reflections took 45 ms to scan 7 urls, producing 140 keys and 342 values 
2022-12-06 15:44:40,028 [Listener at 127.0.0.1/44149] INFO  statemachine.DatanodeStateMachine (DatanodeStateMachine.java:getEndPointTaskThreadPoolSize(245)) - Datanode State Machine Task Thread Pool size 2
2022-12-06 15:44:40,032 [Listener at 127.0.0.1/44149] INFO  volume.HddsVolume (HddsVolume.java:<init>(117)) - Creating HddsVolume: /home/runner/work/ozone/ozone/hadoop-ozone/integration-test/target/test-dir/MiniOzoneClusterImpl-dce15e54-dc76-4f82-a75a-fd2a8a22e08e/datanode-6/data-0/containers/hdds of storage type : DISK capacity : 9223372036854775807
2022-12-06 15:44:40,033 [Listener at 127.0.0.1/44149] INFO  volume.MutableVolumeSet (MutableVolumeSet.java:initializeVolumeSet(174)) - Added Volume : /home/runner/work/ozone/ozone/hadoop-ozone/integration-test/target/test-dir/MiniOzoneClusterImpl-dce15e54-dc76-4f82-a75a-fd2a8a22e08e/datanode-6/data-0/containers/hdds to VolumeSet
2022-12-06 15:44:40,033 [Listener at 127.0.0.1/44149] INFO  volume.ThrottledAsyncChecker (ThrottledAsyncChecker.java:schedule(141)) - Scheduling a check for /home/runner/work/ozone/ozone/hadoop-ozone/integration-test/target/test-dir/MiniOzoneClusterImpl-dce15e54-dc76-4f82-a75a-fd2a8a22e08e/datanode-6/data-0/containers/hdds
2022-12-06 15:44:40,033 [Listener at 127.0.0.1/44149] INFO  volume.StorageVolumeChecker (StorageVolumeChecker.java:checkAllVolumes(202)) - Scheduled health check for volume /home/runner/work/ozone/ozone/hadoop-ozone/integration-test/target/test-dir/MiniOzoneClusterImpl-dce15e54-dc76-4f82-a75a-fd2a8a22e08e/datanode-6/data-0/containers/hdds
2022-12-06 15:44:40,046 [Listener at 127.0.0.1/44149] INFO  volume.MutableVolumeSet (MutableVolumeSet.java:initializeVolumeSet(174)) - Added Volume : /home/runner/work/ozone/ozone/hadoop-ozone/integration-test/target/test-dir/MiniOzoneClusterImpl-dce15e54-dc76-4f82-a75a-fd2a8a22e08e/datanode-6/data/ratis to VolumeSet
2022-12-06 15:44:40,046 [Listener at 127.0.0.1/44149] INFO  volume.ThrottledAsyncChecker (ThrottledAsyncChecker.java:schedule(141)) - Scheduling a check for /home/runner/work/ozone/ozone/hadoop-ozone/integration-test/target/test-dir/MiniOzoneClusterImpl-dce15e54-dc76-4f82-a75a-fd2a8a22e08e/datanode-6/data/ratis
2022-12-06 15:44:40,046 [Listener at 127.0.0.1/44149] INFO  volume.StorageVolumeChecker (StorageVolumeChecker.java:checkAllVolumes(202)) - Scheduled health check for volume /home/runner/work/ozone/ozone/hadoop-ozone/integration-test/target/test-dir/MiniOzoneClusterImpl-dce15e54-dc76-4f82-a75a-fd2a8a22e08e/datanode-6/data/ratis
2022-12-06 15:44:40,064 [Thread-215] INFO  ozoneimpl.ContainerReader (ContainerReader.java:readVolume(175)) - Finish verifying containers on volume /home/runner/work/ozone/ozone/hadoop-ozone/integration-test/target/test-dir/MiniOzoneClusterImpl-dce15e54-dc76-4f82-a75a-fd2a8a22e08e/datanode-6/data-0/containers/hdds
2022-12-06 15:44:40,065 [Listener at 127.0.0.1/44149] INFO  ozoneimpl.OzoneContainer (OzoneContainer.java:buildContainerSet(301)) - Build ContainerSet costs 0s
2022-12-06 15:44:40,072 [Listener at 127.0.0.1/44149] INFO  server.RaftServer (ConfUtils.java:logGet(46)) - raft.rpc.type = GRPC (default)
2022-12-06 15:44:40,073 [Listener at 127.0.0.1/44149] INFO  grpc.GrpcConfigKeys (ConfUtils.java:logFallback(53)) - raft.grpc.admin.host = null (fallback to raft.grpc.server.host)
2022-12-06 15:44:40,073 [Listener at 127.0.0.1/44149] INFO  grpc.GrpcConfigKeys (ConfUtils.java:logGet(46)) - raft.grpc.admin.port = 0 (custom)
2022-12-06 15:44:40,074 [Listener at 127.0.0.1/44149] INFO  grpc.GrpcConfigKeys (ConfUtils.java:logFallback(53)) - raft.grpc.client.host = null (fallback to raft.grpc.server.host)
2022-12-06 15:44:40,074 [Listener at 127.0.0.1/44149] INFO  grpc.GrpcConfigKeys (ConfUtils.java:logGet(46)) - raft.grpc.client.port = 0 (custom)
2022-12-06 15:44:40,075 [Listener at 127.0.0.1/44149] INFO  grpc.GrpcConfigKeys (ConfUtils.java:logGet(46)) - raft.grpc.server.host = null (default)
2022-12-06 15:44:40,075 [Listener at 127.0.0.1/44149] INFO  grpc.GrpcConfigKeys (ConfUtils.java:logGet(46)) - raft.grpc.server.port = 0 (default)
2022-12-06 15:44:40,075 [Listener at 127.0.0.1/44149] INFO  server.GrpcService (ConfUtils.java:logGet(46)) - raft.grpc.message.size.max = 32MB (=33554432) (custom)
2022-12-06 15:44:40,075 [Listener at 127.0.0.1/44149] INFO  server.RaftServerConfigKeys (ConfUtils.java:logGet(46)) - raft.server.log.appender.buffer.byte-limit = 33554432 (custom)
2022-12-06 15:44:40,076 [Listener at 127.0.0.1/44149] INFO  server.GrpcService (ConfUtils.java:logGet(46)) - raft.grpc.flow.control.window = 5MB (=5242880) (custom)
2022-12-06 15:44:40,077 [Listener at 127.0.0.1/44149] INFO  server.RaftServerConfigKeys (ConfUtils.java:logGet(46)) - raft.server.rpc.request.timeout = 60s (custom)
2022-12-06 15:44:40,077 [Listener at 127.0.0.1/44149] INFO  grpc.GrpcConfigKeys (ConfUtils.java:logGet(46)) - raft.grpc.server.heartbeat.channel = true (default)
2022-12-06 15:44:40,077 [Listener at 127.0.0.1/44149] INFO  grpc.GrpcConfigKeys (ConfUtils.java:logGet(46)) - raft.grpc.server.async.request.thread.pool.cached = true (default)
2022-12-06 15:44:40,077 [Listener at 127.0.0.1/44149] INFO  grpc.GrpcConfigKeys (ConfUtils.java:logGet(46)) - raft.grpc.server.async.request.thread.pool.size = 32 (default)
2022-12-06 15:44:40,095 [Listener at 127.0.0.1/44149] INFO  impl.DataStreamServerImpl (ConfUtils.java:logGet(46)) - raft.datastream.type = DISABLED (default)
2022-12-06 15:44:40,095 [Listener at 127.0.0.1/44149] INFO  server.RaftServerConfigKeys (ConfUtils.java:logGet(46)) - raft.server.threadpool.proxy.cached = true (default)
2022-12-06 15:44:40,100 [Listener at 127.0.0.1/44149] INFO  server.RaftServerConfigKeys (ConfUtils.java:logGet(46)) - raft.server.threadpool.proxy.size = 0 (default)
2022-12-06 15:44:40,100 [Listener at 127.0.0.1/44149] INFO  server.RaftServerConfigKeys (ConfUtils.java:logGet(46)) - raft.server.rpc.slowness.timeout = 300s (custom)
2022-12-06 15:44:40,100 [Listener at 127.0.0.1/44149] INFO  server.RaftServerConfigKeys (ConfUtils.java:logGet(46)) - raft.server.leaderelection.leader.step-down.wait-time = 10s (default)
2022-12-06 15:44:40,101 [Listener at 127.0.0.1/44149] INFO  server.RaftServerConfigKeys (ConfUtils.java:logGet(46)) - raft.server.storage.dir = [/home/runner/work/ozone/ozone/hadoop-ozone/integration-test/target/test-dir/MiniOzoneClusterImpl-dce15e54-dc76-4f82-a75a-fd2a8a22e08e/datanode-6/data/ratis] (custom)
2022-12-06 15:44:40,103 [Listener at 127.0.0.1/44149] INFO  server.XceiverServerGrpc (XceiverServerGrpc.java:<init>(132)) - GrpcServer channel type EpollServerSocketChannel
2022-12-06 15:44:40,107 [Listener at 127.0.0.1/44149] INFO  http.BaseHttpServer (BaseHttpServer.java:newHttpServer2BuilderForOzone(213)) - Starting Web-server for hddsDatanode at: http://0.0.0.0:0
2022-12-06 15:44:40,107 [Listener at 127.0.0.1/44149] INFO  http.BaseHttpServer (BaseHttpServer.java:<init>(108)) - Hadoop Security Enabled: false Ozone Security Enabled: false Ozone HTTP Security Enabled: false 
2022-12-06 15:44:40,109 [Listener at 127.0.0.1/44149] WARN  server.AuthenticationFilter (AuthenticationFilter.java:constructSecretProvider(240)) - Unable to initialize FileSignerSecretProvider, falling back to use random secrets. Reason: Could not read signature secret file: /home/runner/hadoop-http-auth-signature-secret
2022-12-06 15:44:40,115 [Listener at 127.0.0.1/44149] WARN  http.HttpRequestLog (HttpRequestLog.java:getRequestLog(103)) - Jetty request log can only be enabled using Log4j
2022-12-06 15:44:40,118 [Listener at 127.0.0.1/44149] INFO  http.HttpServer2 (HttpServer2.java:addGlobalFilter(1031)) - Added global filter 'safety' (class=org.apache.hadoop.hdds.server.http.HttpServer2$QuotingInputFilter)
2022-12-06 15:44:40,119 [Listener at 127.0.0.1/44149] INFO  http.HttpServer2 (HttpServer2.java:addFilter(1007)) - Added filter static_user_filter (class=org.apache.hadoop.http.lib.StaticUserWebFilter$StaticUserFilter) to context hddsDatanode
2022-12-06 15:44:40,120 [Listener at 127.0.0.1/44149] INFO  http.HttpServer2 (HttpServer2.java:addFilter(1015)) - Added filter static_user_filter (class=org.apache.hadoop.http.lib.StaticUserWebFilter$StaticUserFilter) to context static
2022-12-06 15:44:40,120 [Listener at 127.0.0.1/44149] INFO  http.HttpServer2 (HttpServer2.java:addFilter(1015)) - Added filter static_user_filter (class=org.apache.hadoop.http.lib.StaticUserWebFilter$StaticUserFilter) to context logs
2022-12-06 15:44:40,122 [Listener at 127.0.0.1/44149] INFO  http.HttpServer2 (HttpServer2.java:bindListener(1250)) - Jetty bound to port 41811
2022-12-06 15:44:40,122 [Listener at 127.0.0.1/44149] INFO  server.Server (Server.java:doStart(375)) - jetty-9.4.49.v20220914; built: 2022-09-14T01:07:36.601Z; git: 4231a3b2e4cb8548a412a789936d640a97b1aa0a; jvm 1.8.0_352-b08
2022-12-06 15:44:40,134 [Listener at 127.0.0.1/44149] INFO  server.session (DefaultSessionIdManager.java:doStart(334)) - DefaultSessionIdManager workerName=node0
2022-12-06 15:44:40,139 [Listener at 127.0.0.1/44149] INFO  server.session (DefaultSessionIdManager.java:doStart(339)) - No SessionScavenger set, using defaults
2022-12-06 15:44:40,139 [Listener at 127.0.0.1/44149] INFO  server.session (HouseKeeper.java:startScavenging(132)) - node0 Scavenging every 600000ms
2022-12-06 15:44:40,143 [Listener at 127.0.0.1/44149] INFO  handler.ContextHandler (ContextHandler.java:doStart(921)) - Started o.e.j.s.ServletContextHandler@4f727b3d{logs,/logs,file:///home/runner/work/ozone/ozone/hadoop-ozone/integration-test/target/log,AVAILABLE}
2022-12-06 15:44:40,144 [Listener at 127.0.0.1/44149] INFO  handler.ContextHandler (ContextHandler.java:doStart(921)) - Started o.e.j.s.ServletContextHandler@47951aad{static,/static,jar:file:/home/runner/.m2/repository/org/apache/ozone/hdds-container-service/1.3.0-SNAPSHOT/hdds-container-service-1.3.0-SNAPSHOT.jar!/webapps/static,AVAILABLE}
2022-12-06 15:44:40,207 [EndpointStateMachine task thread for /0.0.0.0:42623 - 0 ] INFO  utils.DatanodeStoreCache (DatanodeStoreCache.java:addDB(58)) - Added db /home/runner/work/ozone/ozone/hadoop-ozone/integration-test/target/test-dir/MiniOzoneClusterImpl-dce15e54-dc76-4f82-a75a-fd2a8a22e08e/datanode-0/data-0/containers/hdds/dce15e54-dc76-4f82-a75a-fd2a8a22e08e/DS-05e3f372-66a3-4b2b-884f-4d29ef4386a3/container.db to cache
2022-12-06 15:44:40,207 [EndpointStateMachine task thread for /0.0.0.0:42623 - 0 ] INFO  volume.HddsVolume (HddsVolume.java:createDbStore(307)) - SchemaV3 db is created and loaded at /home/runner/work/ozone/ozone/hadoop-ozone/integration-test/target/test-dir/MiniOzoneClusterImpl-dce15e54-dc76-4f82-a75a-fd2a8a22e08e/datanode-0/data-0/containers/hdds/dce15e54-dc76-4f82-a75a-fd2a8a22e08e/DS-05e3f372-66a3-4b2b-884f-4d29ef4386a3/container.db for volume DS-05e3f372-66a3-4b2b-884f-4d29ef4386a3
2022-12-06 15:44:40,209 [EndpointStateMachine task thread for /0.0.0.0:42623 - 0 ] INFO  ozoneimpl.OzoneContainer (OzoneContainer.java:start(395)) - Attempting to start container services.
2022-12-06 15:44:40,213 [EndpointStateMachine task thread for /0.0.0.0:42623 - 0 ] INFO  ozoneimpl.OzoneContainer (OzoneContainer.java:startContainerScrub(312)) - Scheduled background container scanners and the on-demand container scanner have been disabled.
2022-12-06 15:44:40,216 [EndpointStateMachine task thread for /0.0.0.0:42623 - 0 ] INFO  replication.ReplicationServer (ReplicationServer.java:start(111)) - ReplicationServer is started using port 42083
2022-12-06 15:44:40,222 [EndpointStateMachine task thread for /0.0.0.0:42623 - 0 ] INFO  ratis.XceiverServerRatis (XceiverServerRatis.java:start(481)) - Starting XceiverServerRatis 4ef44404-e624-4c50-bb49-8deedaf9742c
2022-12-06 15:44:40,238 [EndpointStateMachine task thread for /0.0.0.0:42623 - 0 ] INFO  server.RaftServer (RaftServerProxy.java:startImpl(393)) - 4ef44404-e624-4c50-bb49-8deedaf9742c: start RPC server
2022-12-06 15:44:40,247 [EndpointStateMachine task thread for /0.0.0.0:42623 - 0 ] INFO  server.GrpcService (GrpcService.java:startImpl(262)) - 4ef44404-e624-4c50-bb49-8deedaf9742c: GrpcService started, listening on 46141
2022-12-06 15:44:40,252 [EndpointStateMachine task thread for /0.0.0.0:42623 - 0 ] INFO  ratis.XceiverServerRatis (XceiverServerRatis.java:getRealPort(502)) - XceiverServerRatis 4ef44404-e624-4c50-bb49-8deedaf9742c is started using port 46141 for RATIS
2022-12-06 15:44:40,253 [EndpointStateMachine task thread for /0.0.0.0:42623 - 0 ] INFO  ratis.XceiverServerRatis (XceiverServerRatis.java:getRealPort(502)) - XceiverServerRatis 4ef44404-e624-4c50-bb49-8deedaf9742c is started using port 46141 for RATIS_ADMIN
2022-12-06 15:44:40,253 [EndpointStateMachine task thread for /0.0.0.0:42623 - 0 ] INFO  ratis.XceiverServerRatis (XceiverServerRatis.java:getRealPort(502)) - XceiverServerRatis 4ef44404-e624-4c50-bb49-8deedaf9742c is started using port 46141 for RATIS_SERVER
2022-12-06 15:44:40,253 [JvmPauseMonitor1] INFO  util.JvmPauseMonitor (JvmPauseMonitor.java:run(105)) - JvmPauseMonitor-4ef44404-e624-4c50-bb49-8deedaf9742c: Started
2022-12-06 15:44:40,264 [EndpointStateMachine task thread for /0.0.0.0:42623 - 0 ] INFO  server.XceiverServerGrpc (XceiverServerGrpc.java:start(180)) - XceiverServerGrpc 4ef44404-e624-4c50-bb49-8deedaf9742c is started using port 33769
2022-12-06 15:44:40,354 [Listener at 127.0.0.1/44149] INFO  handler.ContextHandler (ContextHandler.java:doStart(921)) - Started o.e.j.w.WebAppContext@1c2e1cf2{hddsDatanode,/,file:///tmp/jetty-0_0_0_0-41811-hdds-container-service-1_3_0-SNAPSHOT_jar-_-any-8629318431059073742/webapp/,AVAILABLE}{jar:file:/home/runner/.m2/repository/org/apache/ozone/hdds-container-service/1.3.0-SNAPSHOT/hdds-container-service-1.3.0-SNAPSHOT.jar!/webapps/hddsDatanode}
2022-12-06 15:44:40,358 [Listener at 127.0.0.1/44149] INFO  server.AbstractConnector (AbstractConnector.java:doStart(333)) - Started ServerConnector@5020027c{HTTP/1.1, (http/1.1)}{0.0.0.0:41811}
2022-12-06 15:44:40,358 [Listener at 127.0.0.1/44149] INFO  server.Server (Server.java:doStart(415)) - Started @10704ms
2022-12-06 15:44:40,359 [Listener at 127.0.0.1/44149] WARN  impl.MetricsSystemImpl (MetricsSystemImpl.java:register(279)) - Sink prometheus already exists!
2022-12-06 15:44:40,359 [Listener at 127.0.0.1/44149] INFO  http.BaseHttpServer (BaseHttpServer.java:updateConnectorAddress(333)) - HTTP server of hddsDatanode listening at http://0.0.0.0:41811
2022-12-06 15:44:40,360 [Datanode State Machine Daemon Thread] INFO  statemachine.DatanodeStateMachine (DatanodeStateMachine.java:lambda$startDaemon$0(505)) - Ozone container server started.
2022-12-06 15:44:40,364 [Listener at 127.0.0.1/44149] WARN  impl.MetricRegistriesImpl (MetricRegistriesImpl.java:addReporterRegistration(111)) - New reporters are added after registries were created. Some metrics will be missing from the reporter. Please add reporter before adding any new registry.
2022-12-06 15:44:40,365 [Listener at 127.0.0.1/44149] WARN  impl.MetricRegistriesImpl (MetricRegistriesImpl.java:addReporterRegistration(111)) - New reporters are added after registries were created. Some metrics will be missing from the reporter. Please add reporter before adding any new registry.
2022-12-06 15:44:40,365 [Listener at 127.0.0.1/44149] INFO  impl.MetricsSystemImpl (MetricsSystemImpl.java:init(158)) - HddsDatanode metrics system started (again)
2022-12-06 15:44:40,374 [org.apache.hadoop.util.JvmPauseMonitor$Monitor@5e942db7] INFO  util.JvmPauseMonitor (JvmPauseMonitor.java:run(188)) - Starting JVM pause monitor
2022-12-06 15:44:40,376 [Datanode State Machine Task Thread - 0] INFO  datanode.InitDatanodeState (InitDatanodeState.java:persistContainerDatanodeDetails(138)) - DatanodeDetails is persisted to /home/runner/work/ozone/ozone/hadoop-ozone/integration-test/target/test-dir/MiniOzoneClusterImpl-dce15e54-dc76-4f82-a75a-fd2a8a22e08e/datanode-6/meta/datanode.id
2022-12-06 15:44:40,388 [Listener at 127.0.0.1/44149] INFO  ozone.HddsDatanodeService (HddsDatanodeService.java:start(236)) - HddsDatanodeService host:fv-az133-40.ac31hddj4phu5ocom5smqd4hkf.cx.internal.cloudapp.net ip:10.1.0.110
2022-12-06 15:44:40,407 [Listener at 127.0.0.1/44149] INFO  upgrade.AbstractLayoutVersionManager (AbstractLayoutVersionManager.java:init(83)) - Initializing Layout version manager with metadata layout = DATANODE_SCHEMA_V3 (version = 4), software layout = DATANODE_SCHEMA_V3 (version = 4)
2022-12-06 15:44:40,454 [Listener at 127.0.0.1/44149] INFO  reflections.Reflections (Reflections.java:scan(232)) - Reflections took 44 ms to scan 7 urls, producing 140 keys and 342 values 
2022-12-06 15:44:40,456 [Listener at 127.0.0.1/44149] INFO  statemachine.DatanodeStateMachine (DatanodeStateMachine.java:getEndPointTaskThreadPoolSize(245)) - Datanode State Machine Task Thread Pool size 2
2022-12-06 15:44:40,461 [Listener at 127.0.0.1/44149] INFO  volume.HddsVolume (HddsVolume.java:<init>(117)) - Creating HddsVolume: /home/runner/work/ozone/ozone/hadoop-ozone/integration-test/target/test-dir/MiniOzoneClusterImpl-dce15e54-dc76-4f82-a75a-fd2a8a22e08e/datanode-7/data-0/containers/hdds of storage type : DISK capacity : 9223372036854775807
2022-12-06 15:44:40,461 [Listener at 127.0.0.1/44149] INFO  volume.MutableVolumeSet (MutableVolumeSet.java:initializeVolumeSet(174)) - Added Volume : /home/runner/work/ozone/ozone/hadoop-ozone/integration-test/target/test-dir/MiniOzoneClusterImpl-dce15e54-dc76-4f82-a75a-fd2a8a22e08e/datanode-7/data-0/containers/hdds to VolumeSet
2022-12-06 15:44:40,461 [Listener at 127.0.0.1/44149] INFO  volume.ThrottledAsyncChecker (ThrottledAsyncChecker.java:schedule(141)) - Scheduling a check for /home/runner/work/ozone/ozone/hadoop-ozone/integration-test/target/test-dir/MiniOzoneClusterImpl-dce15e54-dc76-4f82-a75a-fd2a8a22e08e/datanode-7/data-0/containers/hdds
2022-12-06 15:44:40,462 [Listener at 127.0.0.1/44149] INFO  volume.StorageVolumeChecker (StorageVolumeChecker.java:checkAllVolumes(202)) - Scheduled health check for volume /home/runner/work/ozone/ozone/hadoop-ozone/integration-test/target/test-dir/MiniOzoneClusterImpl-dce15e54-dc76-4f82-a75a-fd2a8a22e08e/datanode-7/data-0/containers/hdds
2022-12-06 15:44:40,474 [Listener at 127.0.0.1/44149] INFO  volume.MutableVolumeSet (MutableVolumeSet.java:initializeVolumeSet(174)) - Added Volume : /home/runner/work/ozone/ozone/hadoop-ozone/integration-test/target/test-dir/MiniOzoneClusterImpl-dce15e54-dc76-4f82-a75a-fd2a8a22e08e/datanode-7/data/ratis to VolumeSet
2022-12-06 15:44:40,474 [Listener at 127.0.0.1/44149] INFO  volume.ThrottledAsyncChecker (ThrottledAsyncChecker.java:schedule(141)) - Scheduling a check for /home/runner/work/ozone/ozone/hadoop-ozone/integration-test/target/test-dir/MiniOzoneClusterImpl-dce15e54-dc76-4f82-a75a-fd2a8a22e08e/datanode-7/data/ratis
2022-12-06 15:44:40,474 [Listener at 127.0.0.1/44149] INFO  volume.StorageVolumeChecker (StorageVolumeChecker.java:checkAllVolumes(202)) - Scheduled health check for volume /home/runner/work/ozone/ozone/hadoop-ozone/integration-test/target/test-dir/MiniOzoneClusterImpl-dce15e54-dc76-4f82-a75a-fd2a8a22e08e/datanode-7/data/ratis
2022-12-06 15:44:40,485 [Thread-234] INFO  ozoneimpl.ContainerReader (ContainerReader.java:readVolume(175)) - Finish verifying containers on volume /home/runner/work/ozone/ozone/hadoop-ozone/integration-test/target/test-dir/MiniOzoneClusterImpl-dce15e54-dc76-4f82-a75a-fd2a8a22e08e/datanode-7/data-0/containers/hdds
2022-12-06 15:44:40,485 [Listener at 127.0.0.1/44149] INFO  ozoneimpl.OzoneContainer (OzoneContainer.java:buildContainerSet(301)) - Build ContainerSet costs 0s
2022-12-06 15:44:40,488 [Listener at 127.0.0.1/44149] INFO  server.RaftServer (ConfUtils.java:logGet(46)) - raft.rpc.type = GRPC (default)
2022-12-06 15:44:40,488 [Listener at 127.0.0.1/44149] INFO  grpc.GrpcConfigKeys (ConfUtils.java:logFallback(53)) - raft.grpc.admin.host = null (fallback to raft.grpc.server.host)
2022-12-06 15:44:40,488 [Listener at 127.0.0.1/44149] INFO  grpc.GrpcConfigKeys (ConfUtils.java:logGet(46)) - raft.grpc.admin.port = 0 (custom)
2022-12-06 15:44:40,488 [Listener at 127.0.0.1/44149] INFO  grpc.GrpcConfigKeys (ConfUtils.java:logFallback(53)) - raft.grpc.client.host = null (fallback to raft.grpc.server.host)
2022-12-06 15:44:40,489 [Listener at 127.0.0.1/44149] INFO  grpc.GrpcConfigKeys (ConfUtils.java:logGet(46)) - raft.grpc.client.port = 0 (custom)
2022-12-06 15:44:40,489 [Listener at 127.0.0.1/44149] INFO  grpc.GrpcConfigKeys (ConfUtils.java:logGet(46)) - raft.grpc.server.host = null (default)
2022-12-06 15:44:40,489 [Listener at 127.0.0.1/44149] INFO  grpc.GrpcConfigKeys (ConfUtils.java:logGet(46)) - raft.grpc.server.port = 0 (default)
2022-12-06 15:44:40,489 [Listener at 127.0.0.1/44149] INFO  server.GrpcService (ConfUtils.java:logGet(46)) - raft.grpc.message.size.max = 32MB (=33554432) (custom)
2022-12-06 15:44:40,489 [Listener at 127.0.0.1/44149] INFO  server.RaftServerConfigKeys (ConfUtils.java:logGet(46)) - raft.server.log.appender.buffer.byte-limit = 33554432 (custom)
2022-12-06 15:44:40,489 [Listener at 127.0.0.1/44149] INFO  server.GrpcService (ConfUtils.java:logGet(46)) - raft.grpc.flow.control.window = 5MB (=5242880) (custom)
2022-12-06 15:44:40,490 [Listener at 127.0.0.1/44149] INFO  server.RaftServerConfigKeys (ConfUtils.java:logGet(46)) - raft.server.rpc.request.timeout = 60s (custom)
2022-12-06 15:44:40,490 [Listener at 127.0.0.1/44149] INFO  grpc.GrpcConfigKeys (ConfUtils.java:logGet(46)) - raft.grpc.server.heartbeat.channel = true (default)
2022-12-06 15:44:40,490 [Listener at 127.0.0.1/44149] INFO  grpc.GrpcConfigKeys (ConfUtils.java:logGet(46)) - raft.grpc.server.async.request.thread.pool.cached = true (default)
2022-12-06 15:44:40,490 [Listener at 127.0.0.1/44149] INFO  grpc.GrpcConfigKeys (ConfUtils.java:logGet(46)) - raft.grpc.server.async.request.thread.pool.size = 32 (default)
2022-12-06 15:44:40,491 [Listener at 127.0.0.1/44149] INFO  impl.DataStreamServerImpl (ConfUtils.java:logGet(46)) - raft.datastream.type = DISABLED (default)
2022-12-06 15:44:40,491 [Listener at 127.0.0.1/44149] INFO  server.RaftServerConfigKeys (ConfUtils.java:logGet(46)) - raft.server.threadpool.proxy.cached = true (default)
2022-12-06 15:44:40,491 [Listener at 127.0.0.1/44149] INFO  server.RaftServerConfigKeys (ConfUtils.java:logGet(46)) - raft.server.threadpool.proxy.size = 0 (default)
2022-12-06 15:44:40,492 [Listener at 127.0.0.1/44149] INFO  server.RaftServerConfigKeys (ConfUtils.java:logGet(46)) - raft.server.rpc.slowness.timeout = 300s (custom)
2022-12-06 15:44:40,492 [Listener at 127.0.0.1/44149] INFO  server.RaftServerConfigKeys (ConfUtils.java:logGet(46)) - raft.server.leaderelection.leader.step-down.wait-time = 10s (default)
2022-12-06 15:44:40,492 [Listener at 127.0.0.1/44149] INFO  server.RaftServerConfigKeys (ConfUtils.java:logGet(46)) - raft.server.storage.dir = [/home/runner/work/ozone/ozone/hadoop-ozone/integration-test/target/test-dir/MiniOzoneClusterImpl-dce15e54-dc76-4f82-a75a-fd2a8a22e08e/datanode-7/data/ratis] (custom)
2022-12-06 15:44:40,493 [Listener at 127.0.0.1/44149] INFO  server.XceiverServerGrpc (XceiverServerGrpc.java:<init>(132)) - GrpcServer channel type EpollServerSocketChannel
2022-12-06 15:44:40,498 [Listener at 127.0.0.1/44149] INFO  http.BaseHttpServer (BaseHttpServer.java:newHttpServer2BuilderForOzone(213)) - Starting Web-server for hddsDatanode at: http://0.0.0.0:0
2022-12-06 15:44:40,498 [Listener at 127.0.0.1/44149] INFO  http.BaseHttpServer (BaseHttpServer.java:<init>(108)) - Hadoop Security Enabled: false Ozone Security Enabled: false Ozone HTTP Security Enabled: false 
2022-12-06 15:44:40,499 [Listener at 127.0.0.1/44149] WARN  server.AuthenticationFilter (AuthenticationFilter.java:constructSecretProvider(240)) - Unable to initialize FileSignerSecretProvider, falling back to use random secrets. Reason: Could not read signature secret file: /home/runner/hadoop-http-auth-signature-secret
2022-12-06 15:44:40,500 [Listener at 127.0.0.1/44149] WARN  http.HttpRequestLog (HttpRequestLog.java:getRequestLog(103)) - Jetty request log can only be enabled using Log4j
2022-12-06 15:44:40,503 [Listener at 127.0.0.1/44149] INFO  http.HttpServer2 (HttpServer2.java:addGlobalFilter(1031)) - Added global filter 'safety' (class=org.apache.hadoop.hdds.server.http.HttpServer2$QuotingInputFilter)
2022-12-06 15:44:40,504 [Listener at 127.0.0.1/44149] INFO  http.HttpServer2 (HttpServer2.java:addFilter(1007)) - Added filter static_user_filter (class=org.apache.hadoop.http.lib.StaticUserWebFilter$StaticUserFilter) to context hddsDatanode
2022-12-06 15:44:40,504 [Listener at 127.0.0.1/44149] INFO  http.HttpServer2 (HttpServer2.java:addFilter(1015)) - Added filter static_user_filter (class=org.apache.hadoop.http.lib.StaticUserWebFilter$StaticUserFilter) to context static
2022-12-06 15:44:40,504 [Listener at 127.0.0.1/44149] INFO  http.HttpServer2 (HttpServer2.java:addFilter(1015)) - Added filter static_user_filter (class=org.apache.hadoop.http.lib.StaticUserWebFilter$StaticUserFilter) to context logs
2022-12-06 15:44:40,504 [Listener at 127.0.0.1/44149] INFO  http.HttpServer2 (HttpServer2.java:bindListener(1250)) - Jetty bound to port 37081
2022-12-06 15:44:40,505 [Listener at 127.0.0.1/44149] INFO  server.Server (Server.java:doStart(375)) - jetty-9.4.49.v20220914; built: 2022-09-14T01:07:36.601Z; git: 4231a3b2e4cb8548a412a789936d640a97b1aa0a; jvm 1.8.0_352-b08
2022-12-06 15:44:40,508 [Listener at 127.0.0.1/44149] INFO  server.session (DefaultSessionIdManager.java:doStart(334)) - DefaultSessionIdManager workerName=node0
2022-12-06 15:44:40,508 [Listener at 127.0.0.1/44149] INFO  server.session (DefaultSessionIdManager.java:doStart(339)) - No SessionScavenger set, using defaults
2022-12-06 15:44:40,508 [Listener at 127.0.0.1/44149] INFO  server.session (HouseKeeper.java:startScavenging(132)) - node0 Scavenging every 660000ms
2022-12-06 15:44:40,509 [Listener at 127.0.0.1/44149] INFO  handler.ContextHandler (ContextHandler.java:doStart(921)) - Started o.e.j.s.ServletContextHandler@78188cc6{logs,/logs,file:///home/runner/work/ozone/ozone/hadoop-ozone/integration-test/target/log,AVAILABLE}
2022-12-06 15:44:40,509 [Listener at 127.0.0.1/44149] INFO  handler.ContextHandler (ContextHandler.java:doStart(921)) - Started o.e.j.s.ServletContextHandler@5c9cb149{static,/static,jar:file:/home/runner/.m2/repository/org/apache/ozone/hdds-container-service/1.3.0-SNAPSHOT/hdds-container-service-1.3.0-SNAPSHOT.jar!/webapps/static,AVAILABLE}
2022-12-06 15:44:40,589 [EndpointStateMachine task thread for /0.0.0.0:42623 - 0 ] INFO  utils.DatanodeStoreCache (DatanodeStoreCache.java:addDB(58)) - Added db /home/runner/work/ozone/ozone/hadoop-ozone/integration-test/target/test-dir/MiniOzoneClusterImpl-dce15e54-dc76-4f82-a75a-fd2a8a22e08e/datanode-1/data-0/containers/hdds/dce15e54-dc76-4f82-a75a-fd2a8a22e08e/DS-1634bd61-af4b-4583-9134-e924da409843/container.db to cache
2022-12-06 15:44:40,590 [EndpointStateMachine task thread for /0.0.0.0:42623 - 0 ] INFO  volume.HddsVolume (HddsVolume.java:createDbStore(307)) - SchemaV3 db is created and loaded at /home/runner/work/ozone/ozone/hadoop-ozone/integration-test/target/test-dir/MiniOzoneClusterImpl-dce15e54-dc76-4f82-a75a-fd2a8a22e08e/datanode-1/data-0/containers/hdds/dce15e54-dc76-4f82-a75a-fd2a8a22e08e/DS-1634bd61-af4b-4583-9134-e924da409843/container.db for volume DS-1634bd61-af4b-4583-9134-e924da409843
2022-12-06 15:44:40,590 [EndpointStateMachine task thread for /0.0.0.0:42623 - 0 ] INFO  ozoneimpl.OzoneContainer (OzoneContainer.java:start(395)) - Attempting to start container services.
2022-12-06 15:44:40,590 [EndpointStateMachine task thread for /0.0.0.0:42623 - 0 ] INFO  ozoneimpl.OzoneContainer (OzoneContainer.java:startContainerScrub(312)) - Scheduled background container scanners and the on-demand container scanner have been disabled.
2022-12-06 15:44:40,592 [EndpointStateMachine task thread for /0.0.0.0:42623 - 0 ] INFO  replication.ReplicationServer (ReplicationServer.java:start(111)) - ReplicationServer is started using port 32813
2022-12-06 15:44:40,593 [EndpointStateMachine task thread for /0.0.0.0:42623 - 0 ] INFO  ratis.XceiverServerRatis (XceiverServerRatis.java:start(481)) - Starting XceiverServerRatis 0587405b-2ffa-4132-824d-547ca09f0e52
2022-12-06 15:44:40,600 [EndpointStateMachine task thread for /0.0.0.0:42623 - 0 ] INFO  server.RaftServer (RaftServerProxy.java:startImpl(393)) - 0587405b-2ffa-4132-824d-547ca09f0e52: start RPC server
2022-12-06 15:44:40,604 [EndpointStateMachine task thread for /0.0.0.0:42623 - 0 ] INFO  server.GrpcService (GrpcService.java:startImpl(262)) - 0587405b-2ffa-4132-824d-547ca09f0e52: GrpcService started, listening on 38421
2022-12-06 15:44:40,605 [EndpointStateMachine task thread for /0.0.0.0:42623 - 0 ] INFO  ratis.XceiverServerRatis (XceiverServerRatis.java:getRealPort(502)) - XceiverServerRatis 0587405b-2ffa-4132-824d-547ca09f0e52 is started using port 38421 for RATIS
2022-12-06 15:44:40,605 [EndpointStateMachine task thread for /0.0.0.0:42623 - 0 ] INFO  ratis.XceiverServerRatis (XceiverServerRatis.java:getRealPort(502)) - XceiverServerRatis 0587405b-2ffa-4132-824d-547ca09f0e52 is started using port 38421 for RATIS_ADMIN
2022-12-06 15:44:40,605 [EndpointStateMachine task thread for /0.0.0.0:42623 - 0 ] INFO  ratis.XceiverServerRatis (XceiverServerRatis.java:getRealPort(502)) - XceiverServerRatis 0587405b-2ffa-4132-824d-547ca09f0e52 is started using port 38421 for RATIS_SERVER
2022-12-06 15:44:40,606 [JvmPauseMonitor2] INFO  util.JvmPauseMonitor (JvmPauseMonitor.java:run(105)) - JvmPauseMonitor-0587405b-2ffa-4132-824d-547ca09f0e52: Started
2022-12-06 15:44:40,608 [EndpointStateMachine task thread for /0.0.0.0:42623 - 0 ] INFO  server.XceiverServerGrpc (XceiverServerGrpc.java:start(180)) - XceiverServerGrpc 0587405b-2ffa-4132-824d-547ca09f0e52 is started using port 40413
2022-12-06 15:44:40,704 [Listener at 127.0.0.1/44149] INFO  handler.ContextHandler (ContextHandler.java:doStart(921)) - Started o.e.j.w.WebAppContext@2d8892f5{hddsDatanode,/,file:///tmp/jetty-0_0_0_0-37081-hdds-container-service-1_3_0-SNAPSHOT_jar-_-any-1372841427853367166/webapp/,AVAILABLE}{jar:file:/home/runner/.m2/repository/org/apache/ozone/hdds-container-service/1.3.0-SNAPSHOT/hdds-container-service-1.3.0-SNAPSHOT.jar!/webapps/hddsDatanode}
2022-12-06 15:44:40,706 [Listener at 127.0.0.1/44149] INFO  server.AbstractConnector (AbstractConnector.java:doStart(333)) - Started ServerConnector@6de21950{HTTP/1.1, (http/1.1)}{0.0.0.0:37081}
2022-12-06 15:44:40,706 [Listener at 127.0.0.1/44149] INFO  server.Server (Server.java:doStart(415)) - Started @11052ms
2022-12-06 15:44:40,706 [Listener at 127.0.0.1/44149] WARN  impl.MetricsSystemImpl (MetricsSystemImpl.java:register(279)) - Sink prometheus already exists!
2022-12-06 15:44:40,707 [Listener at 127.0.0.1/44149] INFO  http.BaseHttpServer (BaseHttpServer.java:updateConnectorAddress(333)) - HTTP server of hddsDatanode listening at http://0.0.0.0:37081
2022-12-06 15:44:40,708 [Listener at 127.0.0.1/44149] WARN  impl.MetricRegistriesImpl (MetricRegistriesImpl.java:addReporterRegistration(111)) - New reporters are added after registries were created. Some metrics will be missing from the reporter. Please add reporter before adding any new registry.
2022-12-06 15:44:40,708 [Listener at 127.0.0.1/44149] WARN  impl.MetricRegistriesImpl (MetricRegistriesImpl.java:addReporterRegistration(111)) - New reporters are added after registries were created. Some metrics will be missing from the reporter. Please add reporter before adding any new registry.
2022-12-06 15:44:40,708 [Listener at 127.0.0.1/44149] INFO  impl.MetricsSystemImpl (MetricsSystemImpl.java:init(158)) - HddsDatanode metrics system started (again)
2022-12-06 15:44:40,714 [Datanode State Machine Daemon Thread] INFO  statemachine.DatanodeStateMachine (DatanodeStateMachine.java:lambda$startDaemon$0(505)) - Ozone container server started.
2022-12-06 15:44:40,726 [org.apache.hadoop.util.JvmPauseMonitor$Monitor@6f369855] INFO  util.JvmPauseMonitor (JvmPauseMonitor.java:run(188)) - Starting JVM pause monitor
2022-12-06 15:44:40,732 [Listener at 127.0.0.1/44149] INFO  ozone.HddsDatanodeService (HddsDatanodeService.java:start(236)) - HddsDatanodeService host:fv-az133-40.ac31hddj4phu5ocom5smqd4hkf.cx.internal.cloudapp.net ip:10.1.0.110
2022-12-06 15:44:40,741 [Datanode State Machine Task Thread - 0] INFO  datanode.InitDatanodeState (InitDatanodeState.java:persistContainerDatanodeDetails(138)) - DatanodeDetails is persisted to /home/runner/work/ozone/ozone/hadoop-ozone/integration-test/target/test-dir/MiniOzoneClusterImpl-dce15e54-dc76-4f82-a75a-fd2a8a22e08e/datanode-7/meta/datanode.id
2022-12-06 15:44:40,757 [Listener at 127.0.0.1/44149] INFO  upgrade.AbstractLayoutVersionManager (AbstractLayoutVersionManager.java:init(83)) - Initializing Layout version manager with metadata layout = DATANODE_SCHEMA_V3 (version = 4), software layout = DATANODE_SCHEMA_V3 (version = 4)
2022-12-06 15:44:40,806 [Listener at 127.0.0.1/44149] INFO  reflections.Reflections (Reflections.java:scan(232)) - Reflections took 46 ms to scan 7 urls, producing 140 keys and 342 values 
2022-12-06 15:44:40,808 [Listener at 127.0.0.1/44149] INFO  statemachine.DatanodeStateMachine (DatanodeStateMachine.java:getEndPointTaskThreadPoolSize(245)) - Datanode State Machine Task Thread Pool size 2
2022-12-06 15:44:40,816 [Listener at 127.0.0.1/44149] INFO  volume.HddsVolume (HddsVolume.java:<init>(117)) - Creating HddsVolume: /home/runner/work/ozone/ozone/hadoop-ozone/integration-test/target/test-dir/MiniOzoneClusterImpl-dce15e54-dc76-4f82-a75a-fd2a8a22e08e/datanode-8/data-0/containers/hdds of storage type : DISK capacity : 9223372036854775807
2022-12-06 15:44:40,816 [Listener at 127.0.0.1/44149] INFO  volume.MutableVolumeSet (MutableVolumeSet.java:initializeVolumeSet(174)) - Added Volume : /home/runner/work/ozone/ozone/hadoop-ozone/integration-test/target/test-dir/MiniOzoneClusterImpl-dce15e54-dc76-4f82-a75a-fd2a8a22e08e/datanode-8/data-0/containers/hdds to VolumeSet
2022-12-06 15:44:40,817 [Listener at 127.0.0.1/44149] INFO  volume.ThrottledAsyncChecker (ThrottledAsyncChecker.java:schedule(141)) - Scheduling a check for /home/runner/work/ozone/ozone/hadoop-ozone/integration-test/target/test-dir/MiniOzoneClusterImpl-dce15e54-dc76-4f82-a75a-fd2a8a22e08e/datanode-8/data-0/containers/hdds
2022-12-06 15:44:40,823 [Listener at 127.0.0.1/44149] INFO  volume.StorageVolumeChecker (StorageVolumeChecker.java:checkAllVolumes(202)) - Scheduled health check for volume /home/runner/work/ozone/ozone/hadoop-ozone/integration-test/target/test-dir/MiniOzoneClusterImpl-dce15e54-dc76-4f82-a75a-fd2a8a22e08e/datanode-8/data-0/containers/hdds
2022-12-06 15:44:40,835 [Listener at 127.0.0.1/44149] INFO  volume.MutableVolumeSet (MutableVolumeSet.java:initializeVolumeSet(174)) - Added Volume : /home/runner/work/ozone/ozone/hadoop-ozone/integration-test/target/test-dir/MiniOzoneClusterImpl-dce15e54-dc76-4f82-a75a-fd2a8a22e08e/datanode-8/data/ratis to VolumeSet
2022-12-06 15:44:40,835 [Listener at 127.0.0.1/44149] INFO  volume.ThrottledAsyncChecker (ThrottledAsyncChecker.java:schedule(141)) - Scheduling a check for /home/runner/work/ozone/ozone/hadoop-ozone/integration-test/target/test-dir/MiniOzoneClusterImpl-dce15e54-dc76-4f82-a75a-fd2a8a22e08e/datanode-8/data/ratis
2022-12-06 15:44:40,836 [Listener at 127.0.0.1/44149] INFO  volume.StorageVolumeChecker (StorageVolumeChecker.java:checkAllVolumes(202)) - Scheduled health check for volume /home/runner/work/ozone/ozone/hadoop-ozone/integration-test/target/test-dir/MiniOzoneClusterImpl-dce15e54-dc76-4f82-a75a-fd2a8a22e08e/datanode-8/data/ratis
2022-12-06 15:44:40,847 [Thread-252] INFO  ozoneimpl.ContainerReader (ContainerReader.java:readVolume(175)) - Finish verifying containers on volume /home/runner/work/ozone/ozone/hadoop-ozone/integration-test/target/test-dir/MiniOzoneClusterImpl-dce15e54-dc76-4f82-a75a-fd2a8a22e08e/datanode-8/data-0/containers/hdds
2022-12-06 15:44:40,847 [Listener at 127.0.0.1/44149] INFO  ozoneimpl.OzoneContainer (OzoneContainer.java:buildContainerSet(301)) - Build ContainerSet costs 0s
2022-12-06 15:44:40,850 [Listener at 127.0.0.1/44149] INFO  server.RaftServer (ConfUtils.java:logGet(46)) - raft.rpc.type = GRPC (default)
2022-12-06 15:44:40,850 [Listener at 127.0.0.1/44149] INFO  grpc.GrpcConfigKeys (ConfUtils.java:logFallback(53)) - raft.grpc.admin.host = null (fallback to raft.grpc.server.host)
2022-12-06 15:44:40,850 [Listener at 127.0.0.1/44149] INFO  grpc.GrpcConfigKeys (ConfUtils.java:logGet(46)) - raft.grpc.admin.port = 0 (custom)
2022-12-06 15:44:40,850 [Listener at 127.0.0.1/44149] INFO  grpc.GrpcConfigKeys (ConfUtils.java:logFallback(53)) - raft.grpc.client.host = null (fallback to raft.grpc.server.host)
2022-12-06 15:44:40,851 [Listener at 127.0.0.1/44149] INFO  grpc.GrpcConfigKeys (ConfUtils.java:logGet(46)) - raft.grpc.client.port = 0 (custom)
2022-12-06 15:44:40,851 [Listener at 127.0.0.1/44149] INFO  grpc.GrpcConfigKeys (ConfUtils.java:logGet(46)) - raft.grpc.server.host = null (default)
2022-12-06 15:44:40,851 [Listener at 127.0.0.1/44149] INFO  grpc.GrpcConfigKeys (ConfUtils.java:logGet(46)) - raft.grpc.server.port = 0 (default)
2022-12-06 15:44:40,851 [Listener at 127.0.0.1/44149] INFO  server.GrpcService (ConfUtils.java:logGet(46)) - raft.grpc.message.size.max = 32MB (=33554432) (custom)
2022-12-06 15:44:40,851 [Listener at 127.0.0.1/44149] INFO  server.RaftServerConfigKeys (ConfUtils.java:logGet(46)) - raft.server.log.appender.buffer.byte-limit = 33554432 (custom)
2022-12-06 15:44:40,851 [Listener at 127.0.0.1/44149] INFO  server.GrpcService (ConfUtils.java:logGet(46)) - raft.grpc.flow.control.window = 5MB (=5242880) (custom)
2022-12-06 15:44:40,851 [Listener at 127.0.0.1/44149] INFO  server.RaftServerConfigKeys (ConfUtils.java:logGet(46)) - raft.server.rpc.request.timeout = 60s (custom)
2022-12-06 15:44:40,851 [Listener at 127.0.0.1/44149] INFO  grpc.GrpcConfigKeys (ConfUtils.java:logGet(46)) - raft.grpc.server.heartbeat.channel = true (default)
2022-12-06 15:44:40,852 [Listener at 127.0.0.1/44149] INFO  grpc.GrpcConfigKeys (ConfUtils.java:logGet(46)) - raft.grpc.server.async.request.thread.pool.cached = true (default)
2022-12-06 15:44:40,852 [Listener at 127.0.0.1/44149] INFO  grpc.GrpcConfigKeys (ConfUtils.java:logGet(46)) - raft.grpc.server.async.request.thread.pool.size = 32 (default)
2022-12-06 15:44:40,853 [Listener at 127.0.0.1/44149] INFO  impl.DataStreamServerImpl (ConfUtils.java:logGet(46)) - raft.datastream.type = DISABLED (default)
2022-12-06 15:44:40,853 [Listener at 127.0.0.1/44149] INFO  server.RaftServerConfigKeys (ConfUtils.java:logGet(46)) - raft.server.threadpool.proxy.cached = true (default)
2022-12-06 15:44:40,853 [Listener at 127.0.0.1/44149] INFO  server.RaftServerConfigKeys (ConfUtils.java:logGet(46)) - raft.server.threadpool.proxy.size = 0 (default)
2022-12-06 15:44:40,853 [Listener at 127.0.0.1/44149] INFO  server.RaftServerConfigKeys (ConfUtils.java:logGet(46)) - raft.server.rpc.slowness.timeout = 300s (custom)
2022-12-06 15:44:40,854 [Listener at 127.0.0.1/44149] INFO  server.RaftServerConfigKeys (ConfUtils.java:logGet(46)) - raft.server.leaderelection.leader.step-down.wait-time = 10s (default)
2022-12-06 15:44:40,854 [Listener at 127.0.0.1/44149] INFO  server.RaftServerConfigKeys (ConfUtils.java:logGet(46)) - raft.server.storage.dir = [/home/runner/work/ozone/ozone/hadoop-ozone/integration-test/target/test-dir/MiniOzoneClusterImpl-dce15e54-dc76-4f82-a75a-fd2a8a22e08e/datanode-8/data/ratis] (custom)
2022-12-06 15:44:40,856 [Listener at 127.0.0.1/44149] INFO  server.XceiverServerGrpc (XceiverServerGrpc.java:<init>(132)) - GrpcServer channel type EpollServerSocketChannel
2022-12-06 15:44:40,860 [Listener at 127.0.0.1/44149] INFO  http.BaseHttpServer (BaseHttpServer.java:newHttpServer2BuilderForOzone(213)) - Starting Web-server for hddsDatanode at: http://0.0.0.0:0
2022-12-06 15:44:40,860 [Listener at 127.0.0.1/44149] INFO  http.BaseHttpServer (BaseHttpServer.java:<init>(108)) - Hadoop Security Enabled: false Ozone Security Enabled: false Ozone HTTP Security Enabled: false 
2022-12-06 15:44:40,861 [Listener at 127.0.0.1/44149] WARN  server.AuthenticationFilter (AuthenticationFilter.java:constructSecretProvider(240)) - Unable to initialize FileSignerSecretProvider, falling back to use random secrets. Reason: Could not read signature secret file: /home/runner/hadoop-http-auth-signature-secret
2022-12-06 15:44:40,863 [Listener at 127.0.0.1/44149] WARN  http.HttpRequestLog (HttpRequestLog.java:getRequestLog(103)) - Jetty request log can only be enabled using Log4j
2022-12-06 15:44:40,864 [Listener at 127.0.0.1/44149] INFO  http.HttpServer2 (HttpServer2.java:addGlobalFilter(1031)) - Added global filter 'safety' (class=org.apache.hadoop.hdds.server.http.HttpServer2$QuotingInputFilter)
2022-12-06 15:44:40,865 [Listener at 127.0.0.1/44149] INFO  http.HttpServer2 (HttpServer2.java:addFilter(1007)) - Added filter static_user_filter (class=org.apache.hadoop.http.lib.StaticUserWebFilter$StaticUserFilter) to context hddsDatanode
2022-12-06 15:44:40,865 [Listener at 127.0.0.1/44149] INFO  http.HttpServer2 (HttpServer2.java:addFilter(1015)) - Added filter static_user_filter (class=org.apache.hadoop.http.lib.StaticUserWebFilter$StaticUserFilter) to context logs
2022-12-06 15:44:40,865 [Listener at 127.0.0.1/44149] INFO  http.HttpServer2 (HttpServer2.java:addFilter(1015)) - Added filter static_user_filter (class=org.apache.hadoop.http.lib.StaticUserWebFilter$StaticUserFilter) to context static
2022-12-06 15:44:40,866 [Listener at 127.0.0.1/44149] INFO  http.HttpServer2 (HttpServer2.java:bindListener(1250)) - Jetty bound to port 35099
2022-12-06 15:44:40,866 [Listener at 127.0.0.1/44149] INFO  server.Server (Server.java:doStart(375)) - jetty-9.4.49.v20220914; built: 2022-09-14T01:07:36.601Z; git: 4231a3b2e4cb8548a412a789936d640a97b1aa0a; jvm 1.8.0_352-b08
2022-12-06 15:44:40,870 [Listener at 127.0.0.1/44149] INFO  server.session (DefaultSessionIdManager.java:doStart(334)) - DefaultSessionIdManager workerName=node0
2022-12-06 15:44:40,871 [Listener at 127.0.0.1/44149] INFO  server.session (DefaultSessionIdManager.java:doStart(339)) - No SessionScavenger set, using defaults
2022-12-06 15:44:40,871 [Listener at 127.0.0.1/44149] INFO  server.session (HouseKeeper.java:startScavenging(132)) - node0 Scavenging every 600000ms
2022-12-06 15:44:40,872 [Listener at 127.0.0.1/44149] INFO  handler.ContextHandler (ContextHandler.java:doStart(921)) - Started o.e.j.s.ServletContextHandler@4acd47cf{logs,/logs,file:///home/runner/work/ozone/ozone/hadoop-ozone/integration-test/target/log,AVAILABLE}
2022-12-06 15:44:40,872 [Listener at 127.0.0.1/44149] INFO  handler.ContextHandler (ContextHandler.java:doStart(921)) - Started o.e.j.s.ServletContextHandler@1a293bbf{static,/static,jar:file:/home/runner/.m2/repository/org/apache/ozone/hdds-container-service/1.3.0-SNAPSHOT/hdds-container-service-1.3.0-SNAPSHOT.jar!/webapps/static,AVAILABLE}
2022-12-06 15:44:40,957 [EndpointStateMachine task thread for /0.0.0.0:42623 - 0 ] INFO  utils.DatanodeStoreCache (DatanodeStoreCache.java:addDB(58)) - Added db /home/runner/work/ozone/ozone/hadoop-ozone/integration-test/target/test-dir/MiniOzoneClusterImpl-dce15e54-dc76-4f82-a75a-fd2a8a22e08e/datanode-2/data-0/containers/hdds/dce15e54-dc76-4f82-a75a-fd2a8a22e08e/DS-db086521-9099-47ef-a2c9-57eabd95b9d9/container.db to cache
2022-12-06 15:44:40,957 [EndpointStateMachine task thread for /0.0.0.0:42623 - 0 ] INFO  volume.HddsVolume (HddsVolume.java:createDbStore(307)) - SchemaV3 db is created and loaded at /home/runner/work/ozone/ozone/hadoop-ozone/integration-test/target/test-dir/MiniOzoneClusterImpl-dce15e54-dc76-4f82-a75a-fd2a8a22e08e/datanode-2/data-0/containers/hdds/dce15e54-dc76-4f82-a75a-fd2a8a22e08e/DS-db086521-9099-47ef-a2c9-57eabd95b9d9/container.db for volume DS-db086521-9099-47ef-a2c9-57eabd95b9d9
2022-12-06 15:44:40,958 [EndpointStateMachine task thread for /0.0.0.0:42623 - 0 ] INFO  ozoneimpl.OzoneContainer (OzoneContainer.java:start(395)) - Attempting to start container services.
2022-12-06 15:44:40,959 [EndpointStateMachine task thread for /0.0.0.0:42623 - 0 ] INFO  ozoneimpl.OzoneContainer (OzoneContainer.java:startContainerScrub(312)) - Scheduled background container scanners and the on-demand container scanner have been disabled.
2022-12-06 15:44:40,961 [EndpointStateMachine task thread for /0.0.0.0:42623 - 0 ] INFO  replication.ReplicationServer (ReplicationServer.java:start(111)) - ReplicationServer is started using port 44271
2022-12-06 15:44:40,962 [EndpointStateMachine task thread for /0.0.0.0:42623 - 0 ] INFO  ratis.XceiverServerRatis (XceiverServerRatis.java:start(481)) - Starting XceiverServerRatis b0993b33-1422-4b90-a478-b8a2894a7eaa
2022-12-06 15:44:40,975 [EndpointStateMachine task thread for /0.0.0.0:42623 - 0 ] INFO  server.RaftServer (RaftServerProxy.java:startImpl(393)) - b0993b33-1422-4b90-a478-b8a2894a7eaa: start RPC server
2022-12-06 15:44:40,981 [EndpointStateMachine task thread for /0.0.0.0:42623 - 0 ] INFO  server.GrpcService (GrpcService.java:startImpl(262)) - b0993b33-1422-4b90-a478-b8a2894a7eaa: GrpcService started, listening on 42755
2022-12-06 15:44:40,981 [EndpointStateMachine task thread for /0.0.0.0:42623 - 0 ] INFO  ratis.XceiverServerRatis (XceiverServerRatis.java:getRealPort(502)) - XceiverServerRatis b0993b33-1422-4b90-a478-b8a2894a7eaa is started using port 42755 for RATIS
2022-12-06 15:44:40,981 [EndpointStateMachine task thread for /0.0.0.0:42623 - 0 ] INFO  ratis.XceiverServerRatis (XceiverServerRatis.java:getRealPort(502)) - XceiverServerRatis b0993b33-1422-4b90-a478-b8a2894a7eaa is started using port 42755 for RATIS_ADMIN
2022-12-06 15:44:40,981 [EndpointStateMachine task thread for /0.0.0.0:42623 - 0 ] INFO  ratis.XceiverServerRatis (XceiverServerRatis.java:getRealPort(502)) - XceiverServerRatis b0993b33-1422-4b90-a478-b8a2894a7eaa is started using port 42755 for RATIS_SERVER
2022-12-06 15:44:40,981 [JvmPauseMonitor3] INFO  util.JvmPauseMonitor (JvmPauseMonitor.java:run(105)) - JvmPauseMonitor-b0993b33-1422-4b90-a478-b8a2894a7eaa: Started
2022-12-06 15:44:40,986 [EndpointStateMachine task thread for /0.0.0.0:42623 - 0 ] INFO  server.XceiverServerGrpc (XceiverServerGrpc.java:start(180)) - XceiverServerGrpc b0993b33-1422-4b90-a478-b8a2894a7eaa is started using port 38575
2022-12-06 15:44:41,064 [Listener at 127.0.0.1/44149] INFO  handler.ContextHandler (ContextHandler.java:doStart(921)) - Started o.e.j.w.WebAppContext@4af217fd{hddsDatanode,/,file:///tmp/jetty-0_0_0_0-35099-hdds-container-service-1_3_0-SNAPSHOT_jar-_-any-2820929564531658563/webapp/,AVAILABLE}{jar:file:/home/runner/.m2/repository/org/apache/ozone/hdds-container-service/1.3.0-SNAPSHOT/hdds-container-service-1.3.0-SNAPSHOT.jar!/webapps/hddsDatanode}
2022-12-06 15:44:41,066 [Listener at 127.0.0.1/44149] INFO  server.AbstractConnector (AbstractConnector.java:doStart(333)) - Started ServerConnector@39bcac46{HTTP/1.1, (http/1.1)}{0.0.0.0:35099}
2022-12-06 15:44:41,066 [Listener at 127.0.0.1/44149] INFO  server.Server (Server.java:doStart(415)) - Started @11412ms
2022-12-06 15:44:41,067 [Listener at 127.0.0.1/44149] WARN  impl.MetricsSystemImpl (MetricsSystemImpl.java:register(279)) - Sink prometheus already exists!
2022-12-06 15:44:41,067 [Listener at 127.0.0.1/44149] INFO  http.BaseHttpServer (BaseHttpServer.java:updateConnectorAddress(333)) - HTTP server of hddsDatanode listening at http://0.0.0.0:35099
2022-12-06 15:44:41,071 [Listener at 127.0.0.1/44149] WARN  impl.MetricRegistriesImpl (MetricRegistriesImpl.java:addReporterRegistration(111)) - New reporters are added after registries were created. Some metrics will be missing from the reporter. Please add reporter before adding any new registry.
2022-12-06 15:44:41,071 [Listener at 127.0.0.1/44149] WARN  impl.MetricRegistriesImpl (MetricRegistriesImpl.java:addReporterRegistration(111)) - New reporters are added after registries were created. Some metrics will be missing from the reporter. Please add reporter before adding any new registry.
2022-12-06 15:44:41,071 [Listener at 127.0.0.1/44149] INFO  impl.MetricsSystemImpl (MetricsSystemImpl.java:init(158)) - HddsDatanode metrics system started (again)
2022-12-06 15:44:41,078 [Datanode State Machine Daemon Thread] INFO  statemachine.DatanodeStateMachine (DatanodeStateMachine.java:lambda$startDaemon$0(505)) - Ozone container server started.
2022-12-06 15:44:41,089 [org.apache.hadoop.util.JvmPauseMonitor$Monitor@4989e46f] INFO  util.JvmPauseMonitor (JvmPauseMonitor.java:run(188)) - Starting JVM pause monitor
2022-12-06 15:44:41,091 [Listener at 127.0.0.1/44149] INFO  ozone.HddsDatanodeService (HddsDatanodeService.java:start(236)) - HddsDatanodeService host:fv-az133-40.ac31hddj4phu5ocom5smqd4hkf.cx.internal.cloudapp.net ip:10.1.0.110
2022-12-06 15:44:41,095 [Datanode State Machine Task Thread - 0] INFO  datanode.InitDatanodeState (InitDatanodeState.java:persistContainerDatanodeDetails(138)) - DatanodeDetails is persisted to /home/runner/work/ozone/ozone/hadoop-ozone/integration-test/target/test-dir/MiniOzoneClusterImpl-dce15e54-dc76-4f82-a75a-fd2a8a22e08e/datanode-8/meta/datanode.id
2022-12-06 15:44:41,120 [Listener at 127.0.0.1/44149] INFO  upgrade.AbstractLayoutVersionManager (AbstractLayoutVersionManager.java:init(83)) - Initializing Layout version manager with metadata layout = DATANODE_SCHEMA_V3 (version = 4), software layout = DATANODE_SCHEMA_V3 (version = 4)
2022-12-06 15:44:41,170 [Listener at 127.0.0.1/44149] INFO  reflections.Reflections (Reflections.java:scan(232)) - Reflections took 48 ms to scan 7 urls, producing 140 keys and 342 values 
2022-12-06 15:44:41,172 [Listener at 127.0.0.1/44149] INFO  statemachine.DatanodeStateMachine (DatanodeStateMachine.java:getEndPointTaskThreadPoolSize(245)) - Datanode State Machine Task Thread Pool size 2
2022-12-06 15:44:41,177 [Listener at 127.0.0.1/44149] INFO  volume.HddsVolume (HddsVolume.java:<init>(117)) - Creating HddsVolume: /home/runner/work/ozone/ozone/hadoop-ozone/integration-test/target/test-dir/MiniOzoneClusterImpl-dce15e54-dc76-4f82-a75a-fd2a8a22e08e/datanode-9/data-0/containers/hdds of storage type : DISK capacity : 9223372036854775807
2022-12-06 15:44:41,177 [Listener at 127.0.0.1/44149] INFO  volume.MutableVolumeSet (MutableVolumeSet.java:initializeVolumeSet(174)) - Added Volume : /home/runner/work/ozone/ozone/hadoop-ozone/integration-test/target/test-dir/MiniOzoneClusterImpl-dce15e54-dc76-4f82-a75a-fd2a8a22e08e/datanode-9/data-0/containers/hdds to VolumeSet
2022-12-06 15:44:41,178 [Listener at 127.0.0.1/44149] INFO  volume.ThrottledAsyncChecker (ThrottledAsyncChecker.java:schedule(141)) - Scheduling a check for /home/runner/work/ozone/ozone/hadoop-ozone/integration-test/target/test-dir/MiniOzoneClusterImpl-dce15e54-dc76-4f82-a75a-fd2a8a22e08e/datanode-9/data-0/containers/hdds
2022-12-06 15:44:41,183 [Listener at 127.0.0.1/44149] INFO  volume.StorageVolumeChecker (StorageVolumeChecker.java:checkAllVolumes(202)) - Scheduled health check for volume /home/runner/work/ozone/ozone/hadoop-ozone/integration-test/target/test-dir/MiniOzoneClusterImpl-dce15e54-dc76-4f82-a75a-fd2a8a22e08e/datanode-9/data-0/containers/hdds
2022-12-06 15:44:41,195 [Listener at 127.0.0.1/44149] INFO  volume.MutableVolumeSet (MutableVolumeSet.java:initializeVolumeSet(174)) - Added Volume : /home/runner/work/ozone/ozone/hadoop-ozone/integration-test/target/test-dir/MiniOzoneClusterImpl-dce15e54-dc76-4f82-a75a-fd2a8a22e08e/datanode-9/data/ratis to VolumeSet
2022-12-06 15:44:41,195 [Listener at 127.0.0.1/44149] INFO  volume.ThrottledAsyncChecker (ThrottledAsyncChecker.java:schedule(141)) - Scheduling a check for /home/runner/work/ozone/ozone/hadoop-ozone/integration-test/target/test-dir/MiniOzoneClusterImpl-dce15e54-dc76-4f82-a75a-fd2a8a22e08e/datanode-9/data/ratis
2022-12-06 15:44:41,195 [Listener at 127.0.0.1/44149] INFO  volume.StorageVolumeChecker (StorageVolumeChecker.java:checkAllVolumes(202)) - Scheduled health check for volume /home/runner/work/ozone/ozone/hadoop-ozone/integration-test/target/test-dir/MiniOzoneClusterImpl-dce15e54-dc76-4f82-a75a-fd2a8a22e08e/datanode-9/data/ratis
2022-12-06 15:44:41,208 [Thread-270] INFO  ozoneimpl.ContainerReader (ContainerReader.java:readVolume(175)) - Finish verifying containers on volume /home/runner/work/ozone/ozone/hadoop-ozone/integration-test/target/test-dir/MiniOzoneClusterImpl-dce15e54-dc76-4f82-a75a-fd2a8a22e08e/datanode-9/data-0/containers/hdds
2022-12-06 15:44:41,208 [Listener at 127.0.0.1/44149] INFO  ozoneimpl.OzoneContainer (OzoneContainer.java:buildContainerSet(301)) - Build ContainerSet costs 0s
2022-12-06 15:44:41,214 [Listener at 127.0.0.1/44149] INFO  server.RaftServer (ConfUtils.java:logGet(46)) - raft.rpc.type = GRPC (default)
2022-12-06 15:44:41,215 [Listener at 127.0.0.1/44149] INFO  grpc.GrpcConfigKeys (ConfUtils.java:logFallback(53)) - raft.grpc.admin.host = null (fallback to raft.grpc.server.host)
2022-12-06 15:44:41,215 [Listener at 127.0.0.1/44149] INFO  grpc.GrpcConfigKeys (ConfUtils.java:logGet(46)) - raft.grpc.admin.port = 0 (custom)
2022-12-06 15:44:41,215 [Listener at 127.0.0.1/44149] INFO  grpc.GrpcConfigKeys (ConfUtils.java:logFallback(53)) - raft.grpc.client.host = null (fallback to raft.grpc.server.host)
2022-12-06 15:44:41,215 [Listener at 127.0.0.1/44149] INFO  grpc.GrpcConfigKeys (ConfUtils.java:logGet(46)) - raft.grpc.client.port = 0 (custom)
2022-12-06 15:44:41,215 [Listener at 127.0.0.1/44149] INFO  grpc.GrpcConfigKeys (ConfUtils.java:logGet(46)) - raft.grpc.server.host = null (default)
2022-12-06 15:44:41,215 [Listener at 127.0.0.1/44149] INFO  grpc.GrpcConfigKeys (ConfUtils.java:logGet(46)) - raft.grpc.server.port = 0 (default)
2022-12-06 15:44:41,215 [Listener at 127.0.0.1/44149] INFO  server.GrpcService (ConfUtils.java:logGet(46)) - raft.grpc.message.size.max = 32MB (=33554432) (custom)
2022-12-06 15:44:41,216 [Listener at 127.0.0.1/44149] INFO  server.RaftServerConfigKeys (ConfUtils.java:logGet(46)) - raft.server.log.appender.buffer.byte-limit = 33554432 (custom)
2022-12-06 15:44:41,216 [Listener at 127.0.0.1/44149] INFO  server.GrpcService (ConfUtils.java:logGet(46)) - raft.grpc.flow.control.window = 5MB (=5242880) (custom)
2022-12-06 15:44:41,216 [Listener at 127.0.0.1/44149] INFO  server.RaftServerConfigKeys (ConfUtils.java:logGet(46)) - raft.server.rpc.request.timeout = 60s (custom)
2022-12-06 15:44:41,216 [Listener at 127.0.0.1/44149] INFO  grpc.GrpcConfigKeys (ConfUtils.java:logGet(46)) - raft.grpc.server.heartbeat.channel = true (default)
2022-12-06 15:44:41,216 [Listener at 127.0.0.1/44149] INFO  grpc.GrpcConfigKeys (ConfUtils.java:logGet(46)) - raft.grpc.server.async.request.thread.pool.cached = true (default)
2022-12-06 15:44:41,216 [Listener at 127.0.0.1/44149] INFO  grpc.GrpcConfigKeys (ConfUtils.java:logGet(46)) - raft.grpc.server.async.request.thread.pool.size = 32 (default)
2022-12-06 15:44:41,218 [Listener at 127.0.0.1/44149] INFO  impl.DataStreamServerImpl (ConfUtils.java:logGet(46)) - raft.datastream.type = DISABLED (default)
2022-12-06 15:44:41,218 [Listener at 127.0.0.1/44149] INFO  server.RaftServerConfigKeys (ConfUtils.java:logGet(46)) - raft.server.threadpool.proxy.cached = true (default)
2022-12-06 15:44:41,218 [Listener at 127.0.0.1/44149] INFO  server.RaftServerConfigKeys (ConfUtils.java:logGet(46)) - raft.server.threadpool.proxy.size = 0 (default)
2022-12-06 15:44:41,218 [Listener at 127.0.0.1/44149] INFO  server.RaftServerConfigKeys (ConfUtils.java:logGet(46)) - raft.server.rpc.slowness.timeout = 300s (custom)
2022-12-06 15:44:41,218 [Listener at 127.0.0.1/44149] INFO  server.RaftServerConfigKeys (ConfUtils.java:logGet(46)) - raft.server.leaderelection.leader.step-down.wait-time = 10s (default)
2022-12-06 15:44:41,218 [Listener at 127.0.0.1/44149] INFO  server.RaftServerConfigKeys (ConfUtils.java:logGet(46)) - raft.server.storage.dir = [/home/runner/work/ozone/ozone/hadoop-ozone/integration-test/target/test-dir/MiniOzoneClusterImpl-dce15e54-dc76-4f82-a75a-fd2a8a22e08e/datanode-9/data/ratis] (custom)
2022-12-06 15:44:41,220 [Listener at 127.0.0.1/44149] INFO  server.XceiverServerGrpc (XceiverServerGrpc.java:<init>(132)) - GrpcServer channel type EpollServerSocketChannel
2022-12-06 15:44:41,223 [Listener at 127.0.0.1/44149] INFO  http.BaseHttpServer (BaseHttpServer.java:newHttpServer2BuilderForOzone(213)) - Starting Web-server for hddsDatanode at: http://0.0.0.0:0
2022-12-06 15:44:41,224 [Listener at 127.0.0.1/44149] INFO  http.BaseHttpServer (BaseHttpServer.java:<init>(108)) - Hadoop Security Enabled: false Ozone Security Enabled: false Ozone HTTP Security Enabled: false 
2022-12-06 15:44:41,225 [Listener at 127.0.0.1/44149] WARN  server.AuthenticationFilter (AuthenticationFilter.java:constructSecretProvider(240)) - Unable to initialize FileSignerSecretProvider, falling back to use random secrets. Reason: Could not read signature secret file: /home/runner/hadoop-http-auth-signature-secret
2022-12-06 15:44:41,227 [Listener at 127.0.0.1/44149] WARN  http.HttpRequestLog (HttpRequestLog.java:getRequestLog(103)) - Jetty request log can only be enabled using Log4j
2022-12-06 15:44:41,228 [Listener at 127.0.0.1/44149] INFO  http.HttpServer2 (HttpServer2.java:addGlobalFilter(1031)) - Added global filter 'safety' (class=org.apache.hadoop.hdds.server.http.HttpServer2$QuotingInputFilter)
2022-12-06 15:44:41,229 [Listener at 127.0.0.1/44149] INFO  http.HttpServer2 (HttpServer2.java:addFilter(1007)) - Added filter static_user_filter (class=org.apache.hadoop.http.lib.StaticUserWebFilter$StaticUserFilter) to context hddsDatanode
2022-12-06 15:44:41,229 [Listener at 127.0.0.1/44149] INFO  http.HttpServer2 (HttpServer2.java:addFilter(1015)) - Added filter static_user_filter (class=org.apache.hadoop.http.lib.StaticUserWebFilter$StaticUserFilter) to context static
2022-12-06 15:44:41,229 [Listener at 127.0.0.1/44149] INFO  http.HttpServer2 (HttpServer2.java:addFilter(1015)) - Added filter static_user_filter (class=org.apache.hadoop.http.lib.StaticUserWebFilter$StaticUserFilter) to context logs
2022-12-06 15:44:41,230 [Listener at 127.0.0.1/44149] INFO  http.HttpServer2 (HttpServer2.java:bindListener(1250)) - Jetty bound to port 41929
2022-12-06 15:44:41,230 [Listener at 127.0.0.1/44149] INFO  server.Server (Server.java:doStart(375)) - jetty-9.4.49.v20220914; built: 2022-09-14T01:07:36.601Z; git: 4231a3b2e4cb8548a412a789936d640a97b1aa0a; jvm 1.8.0_352-b08
2022-12-06 15:44:41,234 [Listener at 127.0.0.1/44149] INFO  server.session (DefaultSessionIdManager.java:doStart(334)) - DefaultSessionIdManager workerName=node0
2022-12-06 15:44:41,235 [Listener at 127.0.0.1/44149] INFO  server.session (DefaultSessionIdManager.java:doStart(339)) - No SessionScavenger set, using defaults
2022-12-06 15:44:41,235 [Listener at 127.0.0.1/44149] INFO  server.session (HouseKeeper.java:startScavenging(132)) - node0 Scavenging every 600000ms
2022-12-06 15:44:41,236 [Listener at 127.0.0.1/44149] INFO  handler.ContextHandler (ContextHandler.java:doStart(921)) - Started o.e.j.s.ServletContextHandler@53c4b0a9{logs,/logs,file:///home/runner/work/ozone/ozone/hadoop-ozone/integration-test/target/log,AVAILABLE}
2022-12-06 15:44:41,236 [Listener at 127.0.0.1/44149] INFO  handler.ContextHandler (ContextHandler.java:doStart(921)) - Started o.e.j.s.ServletContextHandler@6bd10b84{static,/static,jar:file:/home/runner/.m2/repository/org/apache/ozone/hdds-container-service/1.3.0-SNAPSHOT/hdds-container-service-1.3.0-SNAPSHOT.jar!/webapps/static,AVAILABLE}
2022-12-06 15:44:41,303 [EndpointStateMachine task thread for /0.0.0.0:42623 - 0 ] INFO  utils.DatanodeStoreCache (DatanodeStoreCache.java:addDB(58)) - Added db /home/runner/work/ozone/ozone/hadoop-ozone/integration-test/target/test-dir/MiniOzoneClusterImpl-dce15e54-dc76-4f82-a75a-fd2a8a22e08e/datanode-3/data-0/containers/hdds/dce15e54-dc76-4f82-a75a-fd2a8a22e08e/DS-90e1117c-79cd-487b-a0c7-84ed72562f98/container.db to cache
2022-12-06 15:44:41,304 [EndpointStateMachine task thread for /0.0.0.0:42623 - 0 ] INFO  volume.HddsVolume (HddsVolume.java:createDbStore(307)) - SchemaV3 db is created and loaded at /home/runner/work/ozone/ozone/hadoop-ozone/integration-test/target/test-dir/MiniOzoneClusterImpl-dce15e54-dc76-4f82-a75a-fd2a8a22e08e/datanode-3/data-0/containers/hdds/dce15e54-dc76-4f82-a75a-fd2a8a22e08e/DS-90e1117c-79cd-487b-a0c7-84ed72562f98/container.db for volume DS-90e1117c-79cd-487b-a0c7-84ed72562f98
2022-12-06 15:44:41,309 [EndpointStateMachine task thread for /0.0.0.0:42623 - 0 ] INFO  ozoneimpl.OzoneContainer (OzoneContainer.java:start(395)) - Attempting to start container services.
2022-12-06 15:44:41,310 [EndpointStateMachine task thread for /0.0.0.0:42623 - 0 ] INFO  ozoneimpl.OzoneContainer (OzoneContainer.java:startContainerScrub(312)) - Scheduled background container scanners and the on-demand container scanner have been disabled.
2022-12-06 15:44:41,317 [EndpointStateMachine task thread for /0.0.0.0:42623 - 0 ] INFO  replication.ReplicationServer (ReplicationServer.java:start(111)) - ReplicationServer is started using port 41209
2022-12-06 15:44:41,317 [EndpointStateMachine task thread for /0.0.0.0:42623 - 0 ] INFO  ratis.XceiverServerRatis (XceiverServerRatis.java:start(481)) - Starting XceiverServerRatis 470e2686-24c9-4e42-bae6-1f3a72650c76
2022-12-06 15:44:41,336 [EndpointStateMachine task thread for /0.0.0.0:42623 - 0 ] INFO  server.RaftServer (RaftServerProxy.java:startImpl(393)) - 470e2686-24c9-4e42-bae6-1f3a72650c76: start RPC server
2022-12-06 15:44:41,345 [EndpointStateMachine task thread for /0.0.0.0:42623 - 0 ] INFO  server.GrpcService (GrpcService.java:startImpl(262)) - 470e2686-24c9-4e42-bae6-1f3a72650c76: GrpcService started, listening on 33297
2022-12-06 15:44:41,351 [EndpointStateMachine task thread for /0.0.0.0:42623 - 0 ] INFO  ratis.XceiverServerRatis (XceiverServerRatis.java:getRealPort(502)) - XceiverServerRatis 470e2686-24c9-4e42-bae6-1f3a72650c76 is started using port 33297 for RATIS
2022-12-06 15:44:41,351 [EndpointStateMachine task thread for /0.0.0.0:42623 - 0 ] INFO  ratis.XceiverServerRatis (XceiverServerRatis.java:getRealPort(502)) - XceiverServerRatis 470e2686-24c9-4e42-bae6-1f3a72650c76 is started using port 33297 for RATIS_ADMIN
2022-12-06 15:44:41,351 [EndpointStateMachine task thread for /0.0.0.0:42623 - 0 ] INFO  ratis.XceiverServerRatis (XceiverServerRatis.java:getRealPort(502)) - XceiverServerRatis 470e2686-24c9-4e42-bae6-1f3a72650c76 is started using port 33297 for RATIS_SERVER
2022-12-06 15:44:41,351 [JvmPauseMonitor4] INFO  util.JvmPauseMonitor (JvmPauseMonitor.java:run(105)) - JvmPauseMonitor-470e2686-24c9-4e42-bae6-1f3a72650c76: Started
2022-12-06 15:44:41,363 [EndpointStateMachine task thread for /0.0.0.0:42623 - 0 ] INFO  server.XceiverServerGrpc (XceiverServerGrpc.java:start(180)) - XceiverServerGrpc 470e2686-24c9-4e42-bae6-1f3a72650c76 is started using port 42791
2022-12-06 15:44:41,432 [Listener at 127.0.0.1/44149] INFO  handler.ContextHandler (ContextHandler.java:doStart(921)) - Started o.e.j.w.WebAppContext@5988e435{hddsDatanode,/,file:///tmp/jetty-0_0_0_0-41929-hdds-container-service-1_3_0-SNAPSHOT_jar-_-any-6643952983450678426/webapp/,AVAILABLE}{jar:file:/home/runner/.m2/repository/org/apache/ozone/hdds-container-service/1.3.0-SNAPSHOT/hdds-container-service-1.3.0-SNAPSHOT.jar!/webapps/hddsDatanode}
2022-12-06 15:44:41,434 [Listener at 127.0.0.1/44149] INFO  server.AbstractConnector (AbstractConnector.java:doStart(333)) - Started ServerConnector@4ba52076{HTTP/1.1, (http/1.1)}{0.0.0.0:41929}
2022-12-06 15:44:41,435 [Listener at 127.0.0.1/44149] INFO  server.Server (Server.java:doStart(415)) - Started @11781ms
2022-12-06 15:44:41,435 [Listener at 127.0.0.1/44149] WARN  impl.MetricsSystemImpl (MetricsSystemImpl.java:register(279)) - Sink prometheus already exists!
2022-12-06 15:44:41,436 [Listener at 127.0.0.1/44149] INFO  http.BaseHttpServer (BaseHttpServer.java:updateConnectorAddress(333)) - HTTP server of hddsDatanode listening at http://0.0.0.0:41929
2022-12-06 15:44:41,436 [Datanode State Machine Daemon Thread] INFO  statemachine.DatanodeStateMachine (DatanodeStateMachine.java:lambda$startDaemon$0(505)) - Ozone container server started.
2022-12-06 15:44:41,440 [Listener at 127.0.0.1/44149] INFO  ozone.MiniOzoneClusterImpl (MiniOzoneClusterImpl.java:lambda$waitForClusterToBeReady$0(216)) - Waiting for nodes to be ready. Got 0 of 10 DN Heartbeats.
2022-12-06 15:44:41,440 [Listener at 127.0.0.1/44149] INFO  ozone.MiniOzoneClusterImpl (MiniOzoneClusterImpl.java:lambda$waitForClusterToBeReady$0(219)) - Waiting for cluster to exit safe mode
2022-12-06 15:44:41,440 [Listener at 127.0.0.1/44149] INFO  ozone.MiniOzoneClusterImpl (MiniOzoneClusterImpl.java:lambda$waitForClusterToBeReady$0(221)) - SCM became leader
2022-12-06 15:44:41,445 [org.apache.hadoop.util.JvmPauseMonitor$Monitor@5ff6d9cf] INFO  util.JvmPauseMonitor (JvmPauseMonitor.java:run(188)) - Starting JVM pause monitor
2022-12-06 15:44:41,450 [Datanode State Machine Task Thread - 0] INFO  datanode.InitDatanodeState (InitDatanodeState.java:persistContainerDatanodeDetails(138)) - DatanodeDetails is persisted to /home/runner/work/ozone/ozone/hadoop-ozone/integration-test/target/test-dir/MiniOzoneClusterImpl-dce15e54-dc76-4f82-a75a-fd2a8a22e08e/datanode-9/meta/datanode.id
2022-12-06 15:44:41,655 [EndpointStateMachine task thread for /0.0.0.0:42623 - 0 ] INFO  utils.DatanodeStoreCache (DatanodeStoreCache.java:addDB(58)) - Added db /home/runner/work/ozone/ozone/hadoop-ozone/integration-test/target/test-dir/MiniOzoneClusterImpl-dce15e54-dc76-4f82-a75a-fd2a8a22e08e/datanode-4/data-0/containers/hdds/dce15e54-dc76-4f82-a75a-fd2a8a22e08e/DS-f420b432-a08f-42fc-a829-0689fe232bc8/container.db to cache
2022-12-06 15:44:41,655 [EndpointStateMachine task thread for /0.0.0.0:42623 - 0 ] INFO  volume.HddsVolume (HddsVolume.java:createDbStore(307)) - SchemaV3 db is created and loaded at /home/runner/work/ozone/ozone/hadoop-ozone/integration-test/target/test-dir/MiniOzoneClusterImpl-dce15e54-dc76-4f82-a75a-fd2a8a22e08e/datanode-4/data-0/containers/hdds/dce15e54-dc76-4f82-a75a-fd2a8a22e08e/DS-f420b432-a08f-42fc-a829-0689fe232bc8/container.db for volume DS-f420b432-a08f-42fc-a829-0689fe232bc8
2022-12-06 15:44:41,655 [EndpointStateMachine task thread for /0.0.0.0:42623 - 0 ] INFO  ozoneimpl.OzoneContainer (OzoneContainer.java:start(395)) - Attempting to start container services.
2022-12-06 15:44:41,656 [EndpointStateMachine task thread for /0.0.0.0:42623 - 0 ] INFO  ozoneimpl.OzoneContainer (OzoneContainer.java:startContainerScrub(312)) - Scheduled background container scanners and the on-demand container scanner have been disabled.
2022-12-06 15:44:41,658 [EndpointStateMachine task thread for /0.0.0.0:42623 - 0 ] INFO  replication.ReplicationServer (ReplicationServer.java:start(111)) - ReplicationServer is started using port 35421
2022-12-06 15:44:41,659 [EndpointStateMachine task thread for /0.0.0.0:42623 - 0 ] INFO  ratis.XceiverServerRatis (XceiverServerRatis.java:start(481)) - Starting XceiverServerRatis 831a834c-0d76-4477-9113-3f6aa01da917
2022-12-06 15:44:41,659 [EndpointStateMachine task thread for /0.0.0.0:42623 - 0 ] INFO  server.RaftServer (RaftServerProxy.java:startImpl(393)) - 831a834c-0d76-4477-9113-3f6aa01da917: start RPC server
2022-12-06 15:44:41,661 [EndpointStateMachine task thread for /0.0.0.0:42623 - 0 ] INFO  server.GrpcService (GrpcService.java:startImpl(262)) - 831a834c-0d76-4477-9113-3f6aa01da917: GrpcService started, listening on 38237
2022-12-06 15:44:41,661 [EndpointStateMachine task thread for /0.0.0.0:42623 - 0 ] INFO  ratis.XceiverServerRatis (XceiverServerRatis.java:getRealPort(502)) - XceiverServerRatis 831a834c-0d76-4477-9113-3f6aa01da917 is started using port 38237 for RATIS
2022-12-06 15:44:41,661 [EndpointStateMachine task thread for /0.0.0.0:42623 - 0 ] INFO  ratis.XceiverServerRatis (XceiverServerRatis.java:getRealPort(502)) - XceiverServerRatis 831a834c-0d76-4477-9113-3f6aa01da917 is started using port 38237 for RATIS_ADMIN
2022-12-06 15:44:41,661 [EndpointStateMachine task thread for /0.0.0.0:42623 - 0 ] INFO  ratis.XceiverServerRatis (XceiverServerRatis.java:getRealPort(502)) - XceiverServerRatis 831a834c-0d76-4477-9113-3f6aa01da917 is started using port 38237 for RATIS_SERVER
2022-12-06 15:44:41,662 [JvmPauseMonitor5] INFO  util.JvmPauseMonitor (JvmPauseMonitor.java:run(105)) - JvmPauseMonitor-831a834c-0d76-4477-9113-3f6aa01da917: Started
2022-12-06 15:44:41,664 [EndpointStateMachine task thread for /0.0.0.0:42623 - 0 ] INFO  server.XceiverServerGrpc (XceiverServerGrpc.java:start(180)) - XceiverServerGrpc 831a834c-0d76-4477-9113-3f6aa01da917 is started using port 40149
2022-12-06 15:44:41,981 [EndpointStateMachine task thread for /0.0.0.0:42623 - 0 ] INFO  utils.DatanodeStoreCache (DatanodeStoreCache.java:addDB(58)) - Added db /home/runner/work/ozone/ozone/hadoop-ozone/integration-test/target/test-dir/MiniOzoneClusterImpl-dce15e54-dc76-4f82-a75a-fd2a8a22e08e/datanode-5/data-0/containers/hdds/dce15e54-dc76-4f82-a75a-fd2a8a22e08e/DS-221c3fb8-aa9c-4536-b4c7-69d5820f78b4/container.db to cache
2022-12-06 15:44:41,981 [EndpointStateMachine task thread for /0.0.0.0:42623 - 0 ] INFO  volume.HddsVolume (HddsVolume.java:createDbStore(307)) - SchemaV3 db is created and loaded at /home/runner/work/ozone/ozone/hadoop-ozone/integration-test/target/test-dir/MiniOzoneClusterImpl-dce15e54-dc76-4f82-a75a-fd2a8a22e08e/datanode-5/data-0/containers/hdds/dce15e54-dc76-4f82-a75a-fd2a8a22e08e/DS-221c3fb8-aa9c-4536-b4c7-69d5820f78b4/container.db for volume DS-221c3fb8-aa9c-4536-b4c7-69d5820f78b4
2022-12-06 15:44:41,981 [EndpointStateMachine task thread for /0.0.0.0:42623 - 0 ] INFO  ozoneimpl.OzoneContainer (OzoneContainer.java:start(395)) - Attempting to start container services.
2022-12-06 15:44:41,981 [EndpointStateMachine task thread for /0.0.0.0:42623 - 0 ] INFO  ozoneimpl.OzoneContainer (OzoneContainer.java:startContainerScrub(312)) - Scheduled background container scanners and the on-demand container scanner have been disabled.
2022-12-06 15:44:41,985 [EndpointStateMachine task thread for /0.0.0.0:42623 - 0 ] INFO  replication.ReplicationServer (ReplicationServer.java:start(111)) - ReplicationServer is started using port 44167
2022-12-06 15:44:41,986 [EndpointStateMachine task thread for /0.0.0.0:42623 - 0 ] INFO  ratis.XceiverServerRatis (XceiverServerRatis.java:start(481)) - Starting XceiverServerRatis cc93147f-bc2d-4803-9a7c-bfa6df100165
2022-12-06 15:44:41,986 [EndpointStateMachine task thread for /0.0.0.0:42623 - 0 ] INFO  server.RaftServer (RaftServerProxy.java:startImpl(393)) - cc93147f-bc2d-4803-9a7c-bfa6df100165: start RPC server
2022-12-06 15:44:41,988 [EndpointStateMachine task thread for /0.0.0.0:42623 - 0 ] INFO  server.GrpcService (GrpcService.java:startImpl(262)) - cc93147f-bc2d-4803-9a7c-bfa6df100165: GrpcService started, listening on 32927
2022-12-06 15:44:41,989 [EndpointStateMachine task thread for /0.0.0.0:42623 - 0 ] INFO  ratis.XceiverServerRatis (XceiverServerRatis.java:getRealPort(502)) - XceiverServerRatis cc93147f-bc2d-4803-9a7c-bfa6df100165 is started using port 32927 for RATIS
2022-12-06 15:44:41,989 [JvmPauseMonitor6] INFO  util.JvmPauseMonitor (JvmPauseMonitor.java:run(105)) - JvmPauseMonitor-cc93147f-bc2d-4803-9a7c-bfa6df100165: Started
2022-12-06 15:44:41,989 [EndpointStateMachine task thread for /0.0.0.0:42623 - 0 ] INFO  ratis.XceiverServerRatis (XceiverServerRatis.java:getRealPort(502)) - XceiverServerRatis cc93147f-bc2d-4803-9a7c-bfa6df100165 is started using port 32927 for RATIS_ADMIN
2022-12-06 15:44:41,989 [EndpointStateMachine task thread for /0.0.0.0:42623 - 0 ] INFO  ratis.XceiverServerRatis (XceiverServerRatis.java:getRealPort(502)) - XceiverServerRatis cc93147f-bc2d-4803-9a7c-bfa6df100165 is started using port 32927 for RATIS_SERVER
2022-12-06 15:44:41,991 [EndpointStateMachine task thread for /0.0.0.0:42623 - 0 ] INFO  server.XceiverServerGrpc (XceiverServerGrpc.java:start(180)) - XceiverServerGrpc cc93147f-bc2d-4803-9a7c-bfa6df100165 is started using port 46525
2022-12-06 15:44:42,072 [IPC Server handler 2 on default port 42623] INFO  net.NetworkTopologyImpl (NetworkTopologyImpl.java:add(112)) - Added a new node: /default-rack/4ef44404-e624-4c50-bb49-8deedaf9742c
2022-12-06 15:44:42,074 [IPC Server handler 2 on default port 42623] INFO  node.SCMNodeManager (SCMNodeManager.java:register(397)) - Registered Data node : 4ef44404-e624-4c50-bb49-8deedaf9742c{ip: 10.1.0.110, host: fv-az133-40.ac31hddj4phu5ocom5smqd4hkf.cx.internal.cloudapp.net, ports: [REPLICATION=42083, RATIS=46141, RATIS_ADMIN=46141, RATIS_SERVER=46141, STANDALONE=33769], networkLocation: /default-rack, certSerialId: null, persistedOpState: null, persistedOpStateExpiryEpochSec: 0}
2022-12-06 15:44:42,078 [EventQueue-NewNodeForNewNodeHandler] INFO  pipeline.BackgroundPipelineCreator (BackgroundPipelineCreator.java:notifyEventTriggered(276)) - trigger a one-shot run on RatisPipelineUtilsThread.
2022-12-06 15:44:42,080 [EventQueue-NodeRegistrationContainerReportForContainerSafeModeRule] INFO  safemode.SCMSafeModeManager (SCMSafeModeManager.java:validateSafeModeExitRules(200)) - ContainerSafeModeRule rule is successfully validated
2022-12-06 15:44:42,081 [EventQueue-NodeRegistrationContainerReportForDataNodeSafeModeRule] INFO  safemode.SCMSafeModeManager (DataNodeSafeModeRule.java:process(71)) - SCM in safe mode. 1 DataNodes registered, 3 required.
2022-12-06 15:44:42,081 [EventQueue-PipelineReportForOneReplicaPipelineSafeModeRule] INFO  safemode.SCMSafeModeManager (SCMSafeModeManager.java:validateSafeModeExitRules(200)) - AtleastOneDatanodeReportedRule rule is successfully validated
2022-12-06 15:44:42,085 [RatisPipelineUtilsThread - 0] INFO  pipeline.RatisPipelineProvider (RatisPipelineProvider.java:lambda$create$0(195)) - Sending CreatePipelineCommand for pipeline:PipelineID=64534104-af06-40ac-bd0c-288dfe23379a to datanode:4ef44404-e624-4c50-bb49-8deedaf9742c
2022-12-06 15:44:42,094 [RatisPipelineUtilsThread - 0] INFO  pipeline.PipelineStateManagerImpl (PipelineStateManagerImpl.java:addPipeline(103)) - Created pipeline Pipeline[ Id: 64534104-af06-40ac-bd0c-288dfe23379a, Nodes: 4ef44404-e624-4c50-bb49-8deedaf9742c{ip: 10.1.0.110, host: fv-az133-40.ac31hddj4phu5ocom5smqd4hkf.cx.internal.cloudapp.net, ports: [REPLICATION=42083, RATIS=46141, RATIS_ADMIN=46141, RATIS_SERVER=46141, STANDALONE=33769], networkLocation: /default-rack, certSerialId: null, persistedOpState: IN_SERVICE, persistedOpStateExpiryEpochSec: 0}, ReplicationConfig: RATIS/ONE, State:ALLOCATED, leaderId:, CreationTimestamp2022-12-06T15:44:42.084Z[Etc/UTC]].
2022-12-06 15:44:42,407 [EndpointStateMachine task thread for /0.0.0.0:42623 - 0 ] INFO  utils.DatanodeStoreCache (DatanodeStoreCache.java:addDB(58)) - Added db /home/runner/work/ozone/ozone/hadoop-ozone/integration-test/target/test-dir/MiniOzoneClusterImpl-dce15e54-dc76-4f82-a75a-fd2a8a22e08e/datanode-6/data-0/containers/hdds/dce15e54-dc76-4f82-a75a-fd2a8a22e08e/DS-efdb7398-e816-4821-b888-dff8abf3b39c/container.db to cache
2022-12-06 15:44:42,407 [EndpointStateMachine task thread for /0.0.0.0:42623 - 0 ] INFO  volume.HddsVolume (HddsVolume.java:createDbStore(307)) - SchemaV3 db is created and loaded at /home/runner/work/ozone/ozone/hadoop-ozone/integration-test/target/test-dir/MiniOzoneClusterImpl-dce15e54-dc76-4f82-a75a-fd2a8a22e08e/datanode-6/data-0/containers/hdds/dce15e54-dc76-4f82-a75a-fd2a8a22e08e/DS-efdb7398-e816-4821-b888-dff8abf3b39c/container.db for volume DS-efdb7398-e816-4821-b888-dff8abf3b39c
2022-12-06 15:44:42,418 [EndpointStateMachine task thread for /0.0.0.0:42623 - 0 ] INFO  ozoneimpl.OzoneContainer (OzoneContainer.java:start(395)) - Attempting to start container services.
2022-12-06 15:44:42,418 [EndpointStateMachine task thread for /0.0.0.0:42623 - 0 ] INFO  ozoneimpl.OzoneContainer (OzoneContainer.java:startContainerScrub(312)) - Scheduled background container scanners and the on-demand container scanner have been disabled.
2022-12-06 15:44:42,427 [EndpointStateMachine task thread for /0.0.0.0:42623 - 0 ] INFO  replication.ReplicationServer (ReplicationServer.java:start(111)) - ReplicationServer is started using port 46249
2022-12-06 15:44:42,428 [EndpointStateMachine task thread for /0.0.0.0:42623 - 0 ] INFO  ratis.XceiverServerRatis (XceiverServerRatis.java:start(481)) - Starting XceiverServerRatis 2497daeb-967d-49ad-8f28-1297e8c4c732
2022-12-06 15:44:42,433 [EndpointStateMachine task thread for /0.0.0.0:42623 - 0 ] INFO  server.RaftServer (RaftServerProxy.java:startImpl(393)) - 2497daeb-967d-49ad-8f28-1297e8c4c732: start RPC server
2022-12-06 15:44:42,435 [EndpointStateMachine task thread for /0.0.0.0:42623 - 0 ] INFO  server.GrpcService (GrpcService.java:startImpl(262)) - 2497daeb-967d-49ad-8f28-1297e8c4c732: GrpcService started, listening on 46387
2022-12-06 15:44:42,435 [EndpointStateMachine task thread for /0.0.0.0:42623 - 0 ] INFO  ratis.XceiverServerRatis (XceiverServerRatis.java:getRealPort(502)) - XceiverServerRatis 2497daeb-967d-49ad-8f28-1297e8c4c732 is started using port 46387 for RATIS
2022-12-06 15:44:42,435 [EndpointStateMachine task thread for /0.0.0.0:42623 - 0 ] INFO  ratis.XceiverServerRatis (XceiverServerRatis.java:getRealPort(502)) - XceiverServerRatis 2497daeb-967d-49ad-8f28-1297e8c4c732 is started using port 46387 for RATIS_ADMIN
2022-12-06 15:44:42,435 [EndpointStateMachine task thread for /0.0.0.0:42623 - 0 ] INFO  ratis.XceiverServerRatis (XceiverServerRatis.java:getRealPort(502)) - XceiverServerRatis 2497daeb-967d-49ad-8f28-1297e8c4c732 is started using port 46387 for RATIS_SERVER
2022-12-06 15:44:42,435 [JvmPauseMonitor7] INFO  util.JvmPauseMonitor (JvmPauseMonitor.java:run(105)) - JvmPauseMonitor-2497daeb-967d-49ad-8f28-1297e8c4c732: Started
2022-12-06 15:44:42,443 [Listener at 127.0.0.1/44149] INFO  ozone.MiniOzoneClusterImpl (MiniOzoneClusterImpl.java:lambda$waitForClusterToBeReady$0(216)) - Waiting for nodes to be ready. Got 1 of 10 DN Heartbeats.
2022-12-06 15:44:42,444 [Listener at 127.0.0.1/44149] INFO  ozone.MiniOzoneClusterImpl (MiniOzoneClusterImpl.java:lambda$waitForClusterToBeReady$0(219)) - Waiting for cluster to exit safe mode
2022-12-06 15:44:42,444 [Listener at 127.0.0.1/44149] INFO  ozone.MiniOzoneClusterImpl (MiniOzoneClusterImpl.java:lambda$waitForClusterToBeReady$0(221)) - SCM became leader
2022-12-06 15:44:42,446 [EndpointStateMachine task thread for /0.0.0.0:42623 - 0 ] INFO  server.XceiverServerGrpc (XceiverServerGrpc.java:start(180)) - XceiverServerGrpc 2497daeb-967d-49ad-8f28-1297e8c4c732 is started using port 33911
2022-12-06 15:44:42,548 [IPC Server handler 4 on default port 42623] INFO  net.NetworkTopologyImpl (NetworkTopologyImpl.java:add(112)) - Added a new node: /default-rack/0587405b-2ffa-4132-824d-547ca09f0e52
2022-12-06 15:44:42,549 [IPC Server handler 4 on default port 42623] INFO  node.SCMNodeManager (SCMNodeManager.java:register(397)) - Registered Data node : 0587405b-2ffa-4132-824d-547ca09f0e52{ip: 10.1.0.110, host: fv-az133-40.ac31hddj4phu5ocom5smqd4hkf.cx.internal.cloudapp.net, ports: [REPLICATION=32813, RATIS=38421, RATIS_ADMIN=38421, RATIS_SERVER=38421, STANDALONE=40413], networkLocation: /default-rack, certSerialId: null, persistedOpState: null, persistedOpStateExpiryEpochSec: 0}
2022-12-06 15:44:42,549 [EventQueue-NodeRegistrationContainerReportForDataNodeSafeModeRule] INFO  safemode.SCMSafeModeManager (DataNodeSafeModeRule.java:process(71)) - SCM in safe mode. 2 DataNodes registered, 3 required.
2022-12-06 15:44:42,549 [EventQueue-NewNodeForNewNodeHandler] INFO  pipeline.BackgroundPipelineCreator (BackgroundPipelineCreator.java:notifyEventTriggered(276)) - trigger a one-shot run on RatisPipelineUtilsThread.
2022-12-06 15:44:42,550 [RatisPipelineUtilsThread - 0] INFO  pipeline.RatisPipelineProvider (RatisPipelineProvider.java:lambda$create$0(195)) - Sending CreatePipelineCommand for pipeline:PipelineID=71ddf8bb-714c-4a67-a210-815f7f527f96 to datanode:0587405b-2ffa-4132-824d-547ca09f0e52
2022-12-06 15:44:42,551 [RatisPipelineUtilsThread - 0] INFO  pipeline.PipelineStateManagerImpl (PipelineStateManagerImpl.java:addPipeline(103)) - Created pipeline Pipeline[ Id: 71ddf8bb-714c-4a67-a210-815f7f527f96, Nodes: 0587405b-2ffa-4132-824d-547ca09f0e52{ip: 10.1.0.110, host: fv-az133-40.ac31hddj4phu5ocom5smqd4hkf.cx.internal.cloudapp.net, ports: [REPLICATION=32813, RATIS=38421, RATIS_ADMIN=38421, RATIS_SERVER=38421, STANDALONE=40413], networkLocation: /default-rack, certSerialId: null, persistedOpState: IN_SERVICE, persistedOpStateExpiryEpochSec: 0}, ReplicationConfig: RATIS/ONE, State:ALLOCATED, leaderId:, CreationTimestamp2022-12-06T15:44:42.550Z[Etc/UTC]].
2022-12-06 15:44:42,761 [EndpointStateMachine task thread for /0.0.0.0:42623 - 0 ] INFO  utils.DatanodeStoreCache (DatanodeStoreCache.java:addDB(58)) - Added db /home/runner/work/ozone/ozone/hadoop-ozone/integration-test/target/test-dir/MiniOzoneClusterImpl-dce15e54-dc76-4f82-a75a-fd2a8a22e08e/datanode-7/data-0/containers/hdds/dce15e54-dc76-4f82-a75a-fd2a8a22e08e/DS-98560446-79cd-4336-9798-7b63741410d3/container.db to cache
2022-12-06 15:44:42,762 [EndpointStateMachine task thread for /0.0.0.0:42623 - 0 ] INFO  volume.HddsVolume (HddsVolume.java:createDbStore(307)) - SchemaV3 db is created and loaded at /home/runner/work/ozone/ozone/hadoop-ozone/integration-test/target/test-dir/MiniOzoneClusterImpl-dce15e54-dc76-4f82-a75a-fd2a8a22e08e/datanode-7/data-0/containers/hdds/dce15e54-dc76-4f82-a75a-fd2a8a22e08e/DS-98560446-79cd-4336-9798-7b63741410d3/container.db for volume DS-98560446-79cd-4336-9798-7b63741410d3
2022-12-06 15:44:42,762 [EndpointStateMachine task thread for /0.0.0.0:42623 - 0 ] INFO  ozoneimpl.OzoneContainer (OzoneContainer.java:start(395)) - Attempting to start container services.
2022-12-06 15:44:42,762 [EndpointStateMachine task thread for /0.0.0.0:42623 - 0 ] INFO  ozoneimpl.OzoneContainer (OzoneContainer.java:startContainerScrub(312)) - Scheduled background container scanners and the on-demand container scanner have been disabled.
2022-12-06 15:44:42,764 [EndpointStateMachine task thread for /0.0.0.0:42623 - 0 ] INFO  replication.ReplicationServer (ReplicationServer.java:start(111)) - ReplicationServer is started using port 39951
2022-12-06 15:44:42,765 [EndpointStateMachine task thread for /0.0.0.0:42623 - 0 ] INFO  ratis.XceiverServerRatis (XceiverServerRatis.java:start(481)) - Starting XceiverServerRatis 7726e7f5-b74c-4e4a-9680-a65a67c105af
2022-12-06 15:44:42,771 [EndpointStateMachine task thread for /0.0.0.0:42623 - 0 ] INFO  server.RaftServer (RaftServerProxy.java:startImpl(393)) - 7726e7f5-b74c-4e4a-9680-a65a67c105af: start RPC server
2022-12-06 15:44:42,775 [EndpointStateMachine task thread for /0.0.0.0:42623 - 0 ] INFO  server.GrpcService (GrpcService.java:startImpl(262)) - 7726e7f5-b74c-4e4a-9680-a65a67c105af: GrpcService started, listening on 44993
2022-12-06 15:44:42,775 [EndpointStateMachine task thread for /0.0.0.0:42623 - 0 ] INFO  ratis.XceiverServerRatis (XceiverServerRatis.java:getRealPort(502)) - XceiverServerRatis 7726e7f5-b74c-4e4a-9680-a65a67c105af is started using port 44993 for RATIS
2022-12-06 15:44:42,776 [JvmPauseMonitor8] INFO  util.JvmPauseMonitor (JvmPauseMonitor.java:run(105)) - JvmPauseMonitor-7726e7f5-b74c-4e4a-9680-a65a67c105af: Started
2022-12-06 15:44:42,776 [EndpointStateMachine task thread for /0.0.0.0:42623 - 0 ] INFO  ratis.XceiverServerRatis (XceiverServerRatis.java:getRealPort(502)) - XceiverServerRatis 7726e7f5-b74c-4e4a-9680-a65a67c105af is started using port 44993 for RATIS_ADMIN
2022-12-06 15:44:42,778 [EndpointStateMachine task thread for /0.0.0.0:42623 - 0 ] INFO  ratis.XceiverServerRatis (XceiverServerRatis.java:getRealPort(502)) - XceiverServerRatis 7726e7f5-b74c-4e4a-9680-a65a67c105af is started using port 44993 for RATIS_SERVER
2022-12-06 15:44:42,781 [EndpointStateMachine task thread for /0.0.0.0:42623 - 0 ] INFO  server.XceiverServerGrpc (XceiverServerGrpc.java:start(180)) - XceiverServerGrpc 7726e7f5-b74c-4e4a-9680-a65a67c105af is started using port 45417
2022-12-06 15:44:42,791 [ReplicationMonitor] INFO  replication.ReplicationManager (ReplicationManager.java:processAll(323)) - Replication Manager is not ready to run until 3000ms after safemode exit
2022-12-06 15:44:42,922 [IPC Server handler 1 on default port 42623] INFO  net.NetworkTopologyImpl (NetworkTopologyImpl.java:add(112)) - Added a new node: /default-rack/b0993b33-1422-4b90-a478-b8a2894a7eaa
2022-12-06 15:44:42,923 [IPC Server handler 1 on default port 42623] INFO  node.SCMNodeManager (SCMNodeManager.java:register(397)) - Registered Data node : b0993b33-1422-4b90-a478-b8a2894a7eaa{ip: 10.1.0.110, host: fv-az133-40.ac31hddj4phu5ocom5smqd4hkf.cx.internal.cloudapp.net, ports: [REPLICATION=44271, RATIS=42755, RATIS_ADMIN=42755, RATIS_SERVER=42755, STANDALONE=38575], networkLocation: /default-rack, certSerialId: null, persistedOpState: null, persistedOpStateExpiryEpochSec: 0}
2022-12-06 15:44:42,923 [EventQueue-NodeRegistrationContainerReportForDataNodeSafeModeRule] INFO  safemode.SCMSafeModeManager (DataNodeSafeModeRule.java:process(71)) - SCM in safe mode. 3 DataNodes registered, 3 required.
2022-12-06 15:44:42,923 [EventQueue-NodeRegistrationContainerReportForDataNodeSafeModeRule] INFO  safemode.SCMSafeModeManager (SCMSafeModeManager.java:validateSafeModeExitRules(200)) - DataNodeSafeModeRule rule is successfully validated
2022-12-06 15:44:42,923 [EventQueue-NodeRegistrationContainerReportForDataNodeSafeModeRule] INFO  safemode.SCMSafeModeManager (SCMSafeModeManager.java:completePreCheck(229)) - All SCM safe mode pre check rules have passed
2022-12-06 15:44:42,923 [EventQueue-NodeRegistrationContainerReportForDataNodeSafeModeRule] INFO  ha.SCMContext (SCMContext.java:updateSafeModeStatus(228)) - Update SafeModeStatus from SafeModeStatus{safeModeStatus=true, preCheckPassed=false} to SafeModeStatus{safeModeStatus=true, preCheckPassed=true}.
2022-12-06 15:44:42,923 [EventQueue-NewNodeForNewNodeHandler] INFO  pipeline.BackgroundPipelineCreator (BackgroundPipelineCreator.java:notifyEventTriggered(276)) - trigger a one-shot run on RatisPipelineUtilsThread.
2022-12-06 15:44:42,924 [EventQueue-NodeRegistrationContainerReportForDataNodeSafeModeRule] INFO  pipeline.BackgroundPipelineCreator (BackgroundPipelineCreator.java:notifyEventTriggered(276)) - trigger a one-shot run on RatisPipelineUtilsThread.
2022-12-06 15:44:42,924 [RatisPipelineUtilsThread - 0] INFO  pipeline.RatisPipelineProvider (RatisPipelineProvider.java:lambda$create$0(195)) - Sending CreatePipelineCommand for pipeline:PipelineID=bf923e71-20ae-46e3-a36e-860da3541f0f to datanode:b0993b33-1422-4b90-a478-b8a2894a7eaa
2022-12-06 15:44:42,925 [RatisPipelineUtilsThread - 0] INFO  pipeline.PipelineStateManagerImpl (PipelineStateManagerImpl.java:addPipeline(103)) - Created pipeline Pipeline[ Id: bf923e71-20ae-46e3-a36e-860da3541f0f, Nodes: b0993b33-1422-4b90-a478-b8a2894a7eaa{ip: 10.1.0.110, host: fv-az133-40.ac31hddj4phu5ocom5smqd4hkf.cx.internal.cloudapp.net, ports: [REPLICATION=44271, RATIS=42755, RATIS_ADMIN=42755, RATIS_SERVER=42755, STANDALONE=38575], networkLocation: /default-rack, certSerialId: null, persistedOpState: IN_SERVICE, persistedOpStateExpiryEpochSec: 0}, ReplicationConfig: RATIS/ONE, State:ALLOCATED, leaderId:, CreationTimestamp2022-12-06T15:44:42.924Z[Etc/UTC]].
2022-12-06 15:44:42,931 [RatisPipelineUtilsThread - 0] INFO  pipeline.RatisPipelineProvider (RatisPipelineProvider.java:lambda$create$0(195)) - Sending CreatePipelineCommand for pipeline:PipelineID=f835e2b8-2c94-4d28-b8f1-e6ef3be0cb72 to datanode:b0993b33-1422-4b90-a478-b8a2894a7eaa
2022-12-06 15:44:42,931 [RatisPipelineUtilsThread - 0] INFO  pipeline.RatisPipelineProvider (RatisPipelineProvider.java:lambda$create$0(195)) - Sending CreatePipelineCommand for pipeline:PipelineID=f835e2b8-2c94-4d28-b8f1-e6ef3be0cb72 to datanode:4ef44404-e624-4c50-bb49-8deedaf9742c
2022-12-06 15:44:42,931 [RatisPipelineUtilsThread - 0] INFO  pipeline.RatisPipelineProvider (RatisPipelineProvider.java:lambda$create$0(195)) - Sending CreatePipelineCommand for pipeline:PipelineID=f835e2b8-2c94-4d28-b8f1-e6ef3be0cb72 to datanode:0587405b-2ffa-4132-824d-547ca09f0e52
2022-12-06 15:44:42,932 [RatisPipelineUtilsThread - 0] INFO  pipeline.PipelineStateManagerImpl (PipelineStateManagerImpl.java:addPipeline(103)) - Created pipeline Pipeline[ Id: f835e2b8-2c94-4d28-b8f1-e6ef3be0cb72, Nodes: b0993b33-1422-4b90-a478-b8a2894a7eaa{ip: 10.1.0.110, host: fv-az133-40.ac31hddj4phu5ocom5smqd4hkf.cx.internal.cloudapp.net, ports: [REPLICATION=44271, RATIS=42755, RATIS_ADMIN=42755, RATIS_SERVER=42755, STANDALONE=38575], networkLocation: /default-rack, certSerialId: null, persistedOpState: IN_SERVICE, persistedOpStateExpiryEpochSec: 0}4ef44404-e624-4c50-bb49-8deedaf9742c{ip: 10.1.0.110, host: fv-az133-40.ac31hddj4phu5ocom5smqd4hkf.cx.internal.cloudapp.net, ports: [REPLICATION=42083, RATIS=46141, RATIS_ADMIN=46141, RATIS_SERVER=46141, STANDALONE=33769], networkLocation: /default-rack, certSerialId: null, persistedOpState: IN_SERVICE, persistedOpStateExpiryEpochSec: 0}0587405b-2ffa-4132-824d-547ca09f0e52{ip: 10.1.0.110, host: fv-az133-40.ac31hddj4phu5ocom5smqd4hkf.cx.internal.cloudapp.net, ports: [REPLICATION=32813, RATIS=38421, RATIS_ADMIN=38421, RATIS_SERVER=38421, STANDALONE=40413], networkLocation: /default-rack, certSerialId: null, persistedOpState: IN_SERVICE, persistedOpStateExpiryEpochSec: 0}, ReplicationConfig: RATIS/THREE, State:ALLOCATED, leaderId:, CreationTimestamp2022-12-06T15:44:42.931Z[Etc/UTC]].
2022-12-06 15:44:42,933 [RatisPipelineUtilsThread - 0] INFO  pipeline.RatisPipelineProvider (RatisPipelineProvider.java:lambda$create$0(195)) - Sending CreatePipelineCommand for pipeline:PipelineID=e5386add-d74c-4c86-b83f-6b60a7c996db to datanode:4ef44404-e624-4c50-bb49-8deedaf9742c
2022-12-06 15:44:42,933 [RatisPipelineUtilsThread - 0] INFO  pipeline.RatisPipelineProvider (RatisPipelineProvider.java:lambda$create$0(195)) - Sending CreatePipelineCommand for pipeline:PipelineID=e5386add-d74c-4c86-b83f-6b60a7c996db to datanode:0587405b-2ffa-4132-824d-547ca09f0e52
2022-12-06 15:44:42,933 [RatisPipelineUtilsThread - 0] INFO  pipeline.RatisPipelineProvider (RatisPipelineProvider.java:lambda$create$0(195)) - Sending CreatePipelineCommand for pipeline:PipelineID=e5386add-d74c-4c86-b83f-6b60a7c996db to datanode:b0993b33-1422-4b90-a478-b8a2894a7eaa
2022-12-06 15:44:42,934 [RatisPipelineUtilsThread - 0] INFO  pipeline.PipelineStateManagerImpl (PipelineStateManagerImpl.java:addPipeline(103)) - Created pipeline Pipeline[ Id: e5386add-d74c-4c86-b83f-6b60a7c996db, Nodes: 4ef44404-e624-4c50-bb49-8deedaf9742c{ip: 10.1.0.110, host: fv-az133-40.ac31hddj4phu5ocom5smqd4hkf.cx.internal.cloudapp.net, ports: [REPLICATION=42083, RATIS=46141, RATIS_ADMIN=46141, RATIS_SERVER=46141, STANDALONE=33769], networkLocation: /default-rack, certSerialId: null, persistedOpState: IN_SERVICE, persistedOpStateExpiryEpochSec: 0}0587405b-2ffa-4132-824d-547ca09f0e52{ip: 10.1.0.110, host: fv-az133-40.ac31hddj4phu5ocom5smqd4hkf.cx.internal.cloudapp.net, ports: [REPLICATION=32813, RATIS=38421, RATIS_ADMIN=38421, RATIS_SERVER=38421, STANDALONE=40413], networkLocation: /default-rack, certSerialId: null, persistedOpState: IN_SERVICE, persistedOpStateExpiryEpochSec: 0}b0993b33-1422-4b90-a478-b8a2894a7eaa{ip: 10.1.0.110, host: fv-az133-40.ac31hddj4phu5ocom5smqd4hkf.cx.internal.cloudapp.net, ports: [REPLICATION=44271, RATIS=42755, RATIS_ADMIN=42755, RATIS_SERVER=42755, STANDALONE=38575], networkLocation: /default-rack, certSerialId: null, persistedOpState: IN_SERVICE, persistedOpStateExpiryEpochSec: 0}, ReplicationConfig: RATIS/THREE, State:ALLOCATED, leaderId:, CreationTimestamp2022-12-06T15:44:42.933Z[Etc/UTC]].
2022-12-06 15:44:42,935 [RatisPipelineUtilsThread - 0] INFO  pipeline.PipelineManagerImpl (PipelineManagerImpl.java:recordMetricsForPipeline(826)) - Pipeline: PipelineID=e5386add-d74c-4c86-b83f-6b60a7c996db contains same datanodes as previous pipelines: PipelineID=f835e2b8-2c94-4d28-b8f1-e6ef3be0cb72 nodeIds: 4ef44404-e624-4c50-bb49-8deedaf9742c, 0587405b-2ffa-4132-824d-547ca09f0e52, b0993b33-1422-4b90-a478-b8a2894a7eaa
2022-12-06 15:44:43,114 [EndpointStateMachine task thread for /0.0.0.0:42623 - 0 ] INFO  utils.DatanodeStoreCache (DatanodeStoreCache.java:addDB(58)) - Added db /home/runner/work/ozone/ozone/hadoop-ozone/integration-test/target/test-dir/MiniOzoneClusterImpl-dce15e54-dc76-4f82-a75a-fd2a8a22e08e/datanode-8/data-0/containers/hdds/dce15e54-dc76-4f82-a75a-fd2a8a22e08e/DS-0a2a3138-2ea7-4c6d-9549-f79eed14b781/container.db to cache
2022-12-06 15:44:43,115 [EndpointStateMachine task thread for /0.0.0.0:42623 - 0 ] INFO  volume.HddsVolume (HddsVolume.java:createDbStore(307)) - SchemaV3 db is created and loaded at /home/runner/work/ozone/ozone/hadoop-ozone/integration-test/target/test-dir/MiniOzoneClusterImpl-dce15e54-dc76-4f82-a75a-fd2a8a22e08e/datanode-8/data-0/containers/hdds/dce15e54-dc76-4f82-a75a-fd2a8a22e08e/DS-0a2a3138-2ea7-4c6d-9549-f79eed14b781/container.db for volume DS-0a2a3138-2ea7-4c6d-9549-f79eed14b781
2022-12-06 15:44:43,116 [EndpointStateMachine task thread for /0.0.0.0:42623 - 0 ] INFO  ozoneimpl.OzoneContainer (OzoneContainer.java:start(395)) - Attempting to start container services.
2022-12-06 15:44:43,116 [EndpointStateMachine task thread for /0.0.0.0:42623 - 0 ] INFO  ozoneimpl.OzoneContainer (OzoneContainer.java:startContainerScrub(312)) - Scheduled background container scanners and the on-demand container scanner have been disabled.
2022-12-06 15:44:43,117 [EndpointStateMachine task thread for /0.0.0.0:42623 - 0 ] INFO  replication.ReplicationServer (ReplicationServer.java:start(111)) - ReplicationServer is started using port 41857
2022-12-06 15:44:43,118 [EndpointStateMachine task thread for /0.0.0.0:42623 - 0 ] INFO  ratis.XceiverServerRatis (XceiverServerRatis.java:start(481)) - Starting XceiverServerRatis 3ddade9d-4289-4127-b7c4-830dd518ff0a
2022-12-06 15:44:43,119 [EndpointStateMachine task thread for /0.0.0.0:42623 - 0 ] INFO  server.RaftServer (RaftServerProxy.java:startImpl(393)) - 3ddade9d-4289-4127-b7c4-830dd518ff0a: start RPC server
2022-12-06 15:44:43,120 [EndpointStateMachine task thread for /0.0.0.0:42623 - 0 ] INFO  server.GrpcService (GrpcService.java:startImpl(262)) - 3ddade9d-4289-4127-b7c4-830dd518ff0a: GrpcService started, listening on 43967
2022-12-06 15:44:43,120 [EndpointStateMachine task thread for /0.0.0.0:42623 - 0 ] INFO  ratis.XceiverServerRatis (XceiverServerRatis.java:getRealPort(502)) - XceiverServerRatis 3ddade9d-4289-4127-b7c4-830dd518ff0a is started using port 43967 for RATIS
2022-12-06 15:44:43,120 [JvmPauseMonitor9] INFO  util.JvmPauseMonitor (JvmPauseMonitor.java:run(105)) - JvmPauseMonitor-3ddade9d-4289-4127-b7c4-830dd518ff0a: Started
2022-12-06 15:44:43,120 [EndpointStateMachine task thread for /0.0.0.0:42623 - 0 ] INFO  ratis.XceiverServerRatis (XceiverServerRatis.java:getRealPort(502)) - XceiverServerRatis 3ddade9d-4289-4127-b7c4-830dd518ff0a is started using port 43967 for RATIS_ADMIN
2022-12-06 15:44:43,120 [EndpointStateMachine task thread for /0.0.0.0:42623 - 0 ] INFO  ratis.XceiverServerRatis (XceiverServerRatis.java:getRealPort(502)) - XceiverServerRatis 3ddade9d-4289-4127-b7c4-830dd518ff0a is started using port 43967 for RATIS_SERVER
2022-12-06 15:44:43,122 [EndpointStateMachine task thread for /0.0.0.0:42623 - 0 ] INFO  server.XceiverServerGrpc (XceiverServerGrpc.java:start(180)) - XceiverServerGrpc 3ddade9d-4289-4127-b7c4-830dd518ff0a is started using port 37631
2022-12-06 15:44:43,249 [IPC Server handler 3 on default port 42623] INFO  net.NetworkTopologyImpl (NetworkTopologyImpl.java:add(112)) - Added a new node: /default-rack/470e2686-24c9-4e42-bae6-1f3a72650c76
2022-12-06 15:44:43,249 [IPC Server handler 3 on default port 42623] INFO  node.SCMNodeManager (SCMNodeManager.java:register(397)) - Registered Data node : 470e2686-24c9-4e42-bae6-1f3a72650c76{ip: 10.1.0.110, host: fv-az133-40.ac31hddj4phu5ocom5smqd4hkf.cx.internal.cloudapp.net, ports: [REPLICATION=41209, RATIS=33297, RATIS_ADMIN=33297, RATIS_SERVER=33297, STANDALONE=42791], networkLocation: /default-rack, certSerialId: null, persistedOpState: null, persistedOpStateExpiryEpochSec: 0}
2022-12-06 15:44:43,249 [EventQueue-NewNodeForNewNodeHandler] INFO  pipeline.BackgroundPipelineCreator (BackgroundPipelineCreator.java:notifyEventTriggered(276)) - trigger a one-shot run on RatisPipelineUtilsThread.
2022-12-06 15:44:43,250 [RatisPipelineUtilsThread - 0] INFO  pipeline.RatisPipelineProvider (RatisPipelineProvider.java:lambda$create$0(195)) - Sending CreatePipelineCommand for pipeline:PipelineID=16800fd4-09b8-4725-bd99-b0f69b97c3d3 to datanode:470e2686-24c9-4e42-bae6-1f3a72650c76
2022-12-06 15:44:43,251 [RatisPipelineUtilsThread - 0] INFO  pipeline.PipelineStateManagerImpl (PipelineStateManagerImpl.java:addPipeline(103)) - Created pipeline Pipeline[ Id: 16800fd4-09b8-4725-bd99-b0f69b97c3d3, Nodes: 470e2686-24c9-4e42-bae6-1f3a72650c76{ip: 10.1.0.110, host: fv-az133-40.ac31hddj4phu5ocom5smqd4hkf.cx.internal.cloudapp.net, ports: [REPLICATION=41209, RATIS=33297, RATIS_ADMIN=33297, RATIS_SERVER=33297, STANDALONE=42791], networkLocation: /default-rack, certSerialId: null, persistedOpState: IN_SERVICE, persistedOpStateExpiryEpochSec: 0}, ReplicationConfig: RATIS/ONE, State:ALLOCATED, leaderId:, CreationTimestamp2022-12-06T15:44:43.250Z[Etc/UTC]].
2022-12-06 15:44:43,444 [Listener at 127.0.0.1/44149] INFO  ozone.MiniOzoneClusterImpl (MiniOzoneClusterImpl.java:lambda$waitForClusterToBeReady$0(216)) - Waiting for nodes to be ready. Got 4 of 10 DN Heartbeats.
2022-12-06 15:44:43,444 [Listener at 127.0.0.1/44149] INFO  ozone.MiniOzoneClusterImpl (MiniOzoneClusterImpl.java:lambda$waitForClusterToBeReady$0(219)) - Waiting for cluster to exit safe mode
2022-12-06 15:44:43,444 [Listener at 127.0.0.1/44149] INFO  ozone.MiniOzoneClusterImpl (MiniOzoneClusterImpl.java:lambda$waitForClusterToBeReady$0(221)) - SCM became leader
2022-12-06 15:44:43,495 [EndpointStateMachine task thread for /0.0.0.0:42623 - 0 ] INFO  utils.DatanodeStoreCache (DatanodeStoreCache.java:addDB(58)) - Added db /home/runner/work/ozone/ozone/hadoop-ozone/integration-test/target/test-dir/MiniOzoneClusterImpl-dce15e54-dc76-4f82-a75a-fd2a8a22e08e/datanode-9/data-0/containers/hdds/dce15e54-dc76-4f82-a75a-fd2a8a22e08e/DS-d8f85a12-d362-49d8-aa8d-044f26fbd72a/container.db to cache
2022-12-06 15:44:43,499 [EndpointStateMachine task thread for /0.0.0.0:42623 - 0 ] INFO  volume.HddsVolume (HddsVolume.java:createDbStore(307)) - SchemaV3 db is created and loaded at /home/runner/work/ozone/ozone/hadoop-ozone/integration-test/target/test-dir/MiniOzoneClusterImpl-dce15e54-dc76-4f82-a75a-fd2a8a22e08e/datanode-9/data-0/containers/hdds/dce15e54-dc76-4f82-a75a-fd2a8a22e08e/DS-d8f85a12-d362-49d8-aa8d-044f26fbd72a/container.db for volume DS-d8f85a12-d362-49d8-aa8d-044f26fbd72a
2022-12-06 15:44:43,499 [EndpointStateMachine task thread for /0.0.0.0:42623 - 0 ] INFO  ozoneimpl.OzoneContainer (OzoneContainer.java:start(395)) - Attempting to start container services.
2022-12-06 15:44:43,499 [EndpointStateMachine task thread for /0.0.0.0:42623 - 0 ] INFO  ozoneimpl.OzoneContainer (OzoneContainer.java:startContainerScrub(312)) - Scheduled background container scanners and the on-demand container scanner have been disabled.
2022-12-06 15:44:43,503 [EndpointStateMachine task thread for /0.0.0.0:42623 - 0 ] INFO  replication.ReplicationServer (ReplicationServer.java:start(111)) - ReplicationServer is started using port 35579
2022-12-06 15:44:43,507 [EndpointStateMachine task thread for /0.0.0.0:42623 - 0 ] INFO  ratis.XceiverServerRatis (XceiverServerRatis.java:start(481)) - Starting XceiverServerRatis 3023bd45-36c3-431f-9c1c-92b4e43de878
2022-12-06 15:44:43,511 [EndpointStateMachine task thread for /0.0.0.0:42623 - 0 ] INFO  server.RaftServer (RaftServerProxy.java:startImpl(393)) - 3023bd45-36c3-431f-9c1c-92b4e43de878: start RPC server
2022-12-06 15:44:43,519 [EndpointStateMachine task thread for /0.0.0.0:42623 - 0 ] INFO  server.GrpcService (GrpcService.java:startImpl(262)) - 3023bd45-36c3-431f-9c1c-92b4e43de878: GrpcService started, listening on 42841
2022-12-06 15:44:43,527 [EndpointStateMachine task thread for /0.0.0.0:42623 - 0 ] INFO  ratis.XceiverServerRatis (XceiverServerRatis.java:getRealPort(502)) - XceiverServerRatis 3023bd45-36c3-431f-9c1c-92b4e43de878 is started using port 42841 for RATIS
2022-12-06 15:44:43,527 [EndpointStateMachine task thread for /0.0.0.0:42623 - 0 ] INFO  ratis.XceiverServerRatis (XceiverServerRatis.java:getRealPort(502)) - XceiverServerRatis 3023bd45-36c3-431f-9c1c-92b4e43de878 is started using port 42841 for RATIS_ADMIN
2022-12-06 15:44:43,527 [EndpointStateMachine task thread for /0.0.0.0:42623 - 0 ] INFO  ratis.XceiverServerRatis (XceiverServerRatis.java:getRealPort(502)) - XceiverServerRatis 3023bd45-36c3-431f-9c1c-92b4e43de878 is started using port 42841 for RATIS_SERVER
2022-12-06 15:44:43,529 [EndpointStateMachine task thread for /0.0.0.0:42623 - 0 ] INFO  server.XceiverServerGrpc (XceiverServerGrpc.java:start(180)) - XceiverServerGrpc 3023bd45-36c3-431f-9c1c-92b4e43de878 is started using port 33457
2022-12-06 15:44:43,534 [JvmPauseMonitor10] INFO  util.JvmPauseMonitor (JvmPauseMonitor.java:run(105)) - JvmPauseMonitor-3023bd45-36c3-431f-9c1c-92b4e43de878: Started
2022-12-06 15:44:43,626 [IPC Server handler 5 on default port 42623] INFO  net.NetworkTopologyImpl (NetworkTopologyImpl.java:add(112)) - Added a new node: /default-rack/831a834c-0d76-4477-9113-3f6aa01da917
2022-12-06 15:44:43,626 [IPC Server handler 5 on default port 42623] INFO  node.SCMNodeManager (SCMNodeManager.java:register(397)) - Registered Data node : 831a834c-0d76-4477-9113-3f6aa01da917{ip: 10.1.0.110, host: fv-az133-40.ac31hddj4phu5ocom5smqd4hkf.cx.internal.cloudapp.net, ports: [REPLICATION=35421, RATIS=38237, RATIS_ADMIN=38237, RATIS_SERVER=38237, STANDALONE=40149], networkLocation: /default-rack, certSerialId: null, persistedOpState: null, persistedOpStateExpiryEpochSec: 0}
2022-12-06 15:44:43,626 [EventQueue-NewNodeForNewNodeHandler] INFO  pipeline.BackgroundPipelineCreator (BackgroundPipelineCreator.java:notifyEventTriggered(276)) - trigger a one-shot run on RatisPipelineUtilsThread.
2022-12-06 15:44:43,627 [RatisPipelineUtilsThread - 0] INFO  pipeline.RatisPipelineProvider (RatisPipelineProvider.java:lambda$create$0(195)) - Sending CreatePipelineCommand for pipeline:PipelineID=c0714bc7-c0b5-4f78-bbc2-35fd9ccd2bd1 to datanode:831a834c-0d76-4477-9113-3f6aa01da917
2022-12-06 15:44:43,628 [RatisPipelineUtilsThread - 0] INFO  pipeline.PipelineStateManagerImpl (PipelineStateManagerImpl.java:addPipeline(103)) - Created pipeline Pipeline[ Id: c0714bc7-c0b5-4f78-bbc2-35fd9ccd2bd1, Nodes: 831a834c-0d76-4477-9113-3f6aa01da917{ip: 10.1.0.110, host: fv-az133-40.ac31hddj4phu5ocom5smqd4hkf.cx.internal.cloudapp.net, ports: [REPLICATION=35421, RATIS=38237, RATIS_ADMIN=38237, RATIS_SERVER=38237, STANDALONE=40149], networkLocation: /default-rack, certSerialId: null, persistedOpState: IN_SERVICE, persistedOpStateExpiryEpochSec: 0}, ReplicationConfig: RATIS/ONE, State:ALLOCATED, leaderId:, CreationTimestamp2022-12-06T15:44:43.627Z[Etc/UTC]].
2022-12-06 15:44:43,952 [IPC Server handler 2 on default port 42623] INFO  net.NetworkTopologyImpl (NetworkTopologyImpl.java:add(112)) - Added a new node: /default-rack/cc93147f-bc2d-4803-9a7c-bfa6df100165
2022-12-06 15:44:43,953 [IPC Server handler 2 on default port 42623] INFO  node.SCMNodeManager (SCMNodeManager.java:register(397)) - Registered Data node : cc93147f-bc2d-4803-9a7c-bfa6df100165{ip: 10.1.0.110, host: fv-az133-40.ac31hddj4phu5ocom5smqd4hkf.cx.internal.cloudapp.net, ports: [REPLICATION=44167, RATIS=32927, RATIS_ADMIN=32927, RATIS_SERVER=32927, STANDALONE=46525], networkLocation: /default-rack, certSerialId: null, persistedOpState: null, persistedOpStateExpiryEpochSec: 0}
2022-12-06 15:44:43,953 [EventQueue-NewNodeForNewNodeHandler] INFO  pipeline.BackgroundPipelineCreator (BackgroundPipelineCreator.java:notifyEventTriggered(276)) - trigger a one-shot run on RatisPipelineUtilsThread.
2022-12-06 15:44:43,955 [RatisPipelineUtilsThread - 0] INFO  pipeline.RatisPipelineProvider (RatisPipelineProvider.java:lambda$create$0(195)) - Sending CreatePipelineCommand for pipeline:PipelineID=22d380dc-e590-4be9-b543-b4a2b59ba7d6 to datanode:cc93147f-bc2d-4803-9a7c-bfa6df100165
2022-12-06 15:44:43,955 [RatisPipelineUtilsThread - 0] INFO  pipeline.PipelineStateManagerImpl (PipelineStateManagerImpl.java:addPipeline(103)) - Created pipeline Pipeline[ Id: 22d380dc-e590-4be9-b543-b4a2b59ba7d6, Nodes: cc93147f-bc2d-4803-9a7c-bfa6df100165{ip: 10.1.0.110, host: fv-az133-40.ac31hddj4phu5ocom5smqd4hkf.cx.internal.cloudapp.net, ports: [REPLICATION=44167, RATIS=32927, RATIS_ADMIN=32927, RATIS_SERVER=32927, STANDALONE=46525], networkLocation: /default-rack, certSerialId: null, persistedOpState: IN_SERVICE, persistedOpStateExpiryEpochSec: 0}, ReplicationConfig: RATIS/ONE, State:ALLOCATED, leaderId:, CreationTimestamp2022-12-06T15:44:43.955Z[Etc/UTC]].
2022-12-06 15:44:43,956 [RatisPipelineUtilsThread - 0] INFO  pipeline.RatisPipelineProvider (RatisPipelineProvider.java:lambda$create$0(195)) - Sending CreatePipelineCommand for pipeline:PipelineID=4d8caa6e-06c6-45eb-8a52-8751aa67df99 to datanode:831a834c-0d76-4477-9113-3f6aa01da917
2022-12-06 15:44:43,956 [RatisPipelineUtilsThread - 0] INFO  pipeline.RatisPipelineProvider (RatisPipelineProvider.java:lambda$create$0(195)) - Sending CreatePipelineCommand for pipeline:PipelineID=4d8caa6e-06c6-45eb-8a52-8751aa67df99 to datanode:470e2686-24c9-4e42-bae6-1f3a72650c76
2022-12-06 15:44:43,956 [RatisPipelineUtilsThread - 0] INFO  pipeline.RatisPipelineProvider (RatisPipelineProvider.java:lambda$create$0(195)) - Sending CreatePipelineCommand for pipeline:PipelineID=4d8caa6e-06c6-45eb-8a52-8751aa67df99 to datanode:cc93147f-bc2d-4803-9a7c-bfa6df100165
2022-12-06 15:44:43,957 [RatisPipelineUtilsThread - 0] INFO  pipeline.PipelineStateManagerImpl (PipelineStateManagerImpl.java:addPipeline(103)) - Created pipeline Pipeline[ Id: 4d8caa6e-06c6-45eb-8a52-8751aa67df99, Nodes: 831a834c-0d76-4477-9113-3f6aa01da917{ip: 10.1.0.110, host: fv-az133-40.ac31hddj4phu5ocom5smqd4hkf.cx.internal.cloudapp.net, ports: [REPLICATION=35421, RATIS=38237, RATIS_ADMIN=38237, RATIS_SERVER=38237, STANDALONE=40149], networkLocation: /default-rack, certSerialId: null, persistedOpState: IN_SERVICE, persistedOpStateExpiryEpochSec: 0}470e2686-24c9-4e42-bae6-1f3a72650c76{ip: 10.1.0.110, host: fv-az133-40.ac31hddj4phu5ocom5smqd4hkf.cx.internal.cloudapp.net, ports: [REPLICATION=41209, RATIS=33297, RATIS_ADMIN=33297, RATIS_SERVER=33297, STANDALONE=42791], networkLocation: /default-rack, certSerialId: null, persistedOpState: IN_SERVICE, persistedOpStateExpiryEpochSec: 0}cc93147f-bc2d-4803-9a7c-bfa6df100165{ip: 10.1.0.110, host: fv-az133-40.ac31hddj4phu5ocom5smqd4hkf.cx.internal.cloudapp.net, ports: [REPLICATION=44167, RATIS=32927, RATIS_ADMIN=32927, RATIS_SERVER=32927, STANDALONE=46525], networkLocation: /default-rack, certSerialId: null, persistedOpState: IN_SERVICE, persistedOpStateExpiryEpochSec: 0}, ReplicationConfig: RATIS/THREE, State:ALLOCATED, leaderId:, CreationTimestamp2022-12-06T15:44:43.956Z[Etc/UTC]].
2022-12-06 15:44:43,958 [RatisPipelineUtilsThread - 0] INFO  pipeline.RatisPipelineProvider (RatisPipelineProvider.java:lambda$create$0(195)) - Sending CreatePipelineCommand for pipeline:PipelineID=a0a6679e-32ef-48c4-92df-86c4a20d7c89 to datanode:470e2686-24c9-4e42-bae6-1f3a72650c76
2022-12-06 15:44:43,958 [RatisPipelineUtilsThread - 0] INFO  pipeline.RatisPipelineProvider (RatisPipelineProvider.java:lambda$create$0(195)) - Sending CreatePipelineCommand for pipeline:PipelineID=a0a6679e-32ef-48c4-92df-86c4a20d7c89 to datanode:831a834c-0d76-4477-9113-3f6aa01da917
2022-12-06 15:44:43,958 [RatisPipelineUtilsThread - 0] INFO  pipeline.RatisPipelineProvider (RatisPipelineProvider.java:lambda$create$0(195)) - Sending CreatePipelineCommand for pipeline:PipelineID=a0a6679e-32ef-48c4-92df-86c4a20d7c89 to datanode:cc93147f-bc2d-4803-9a7c-bfa6df100165
2022-12-06 15:44:43,959 [RatisPipelineUtilsThread - 0] INFO  pipeline.PipelineStateManagerImpl (PipelineStateManagerImpl.java:addPipeline(103)) - Created pipeline Pipeline[ Id: a0a6679e-32ef-48c4-92df-86c4a20d7c89, Nodes: 470e2686-24c9-4e42-bae6-1f3a72650c76{ip: 10.1.0.110, host: fv-az133-40.ac31hddj4phu5ocom5smqd4hkf.cx.internal.cloudapp.net, ports: [REPLICATION=41209, RATIS=33297, RATIS_ADMIN=33297, RATIS_SERVER=33297, STANDALONE=42791], networkLocation: /default-rack, certSerialId: null, persistedOpState: IN_SERVICE, persistedOpStateExpiryEpochSec: 0}831a834c-0d76-4477-9113-3f6aa01da917{ip: 10.1.0.110, host: fv-az133-40.ac31hddj4phu5ocom5smqd4hkf.cx.internal.cloudapp.net, ports: [REPLICATION=35421, RATIS=38237, RATIS_ADMIN=38237, RATIS_SERVER=38237, STANDALONE=40149], networkLocation: /default-rack, certSerialId: null, persistedOpState: IN_SERVICE, persistedOpStateExpiryEpochSec: 0}cc93147f-bc2d-4803-9a7c-bfa6df100165{ip: 10.1.0.110, host: fv-az133-40.ac31hddj4phu5ocom5smqd4hkf.cx.internal.cloudapp.net, ports: [REPLICATION=44167, RATIS=32927, RATIS_ADMIN=32927, RATIS_SERVER=32927, STANDALONE=46525], networkLocation: /default-rack, certSerialId: null, persistedOpState: IN_SERVICE, persistedOpStateExpiryEpochSec: 0}, ReplicationConfig: RATIS/THREE, State:ALLOCATED, leaderId:, CreationTimestamp2022-12-06T15:44:43.958Z[Etc/UTC]].
2022-12-06 15:44:43,959 [RatisPipelineUtilsThread - 0] INFO  pipeline.PipelineManagerImpl (PipelineManagerImpl.java:recordMetricsForPipeline(826)) - Pipeline: PipelineID=a0a6679e-32ef-48c4-92df-86c4a20d7c89 contains same datanodes as previous pipelines: PipelineID=4d8caa6e-06c6-45eb-8a52-8751aa67df99 nodeIds: 470e2686-24c9-4e42-bae6-1f3a72650c76, 831a834c-0d76-4477-9113-3f6aa01da917, cc93147f-bc2d-4803-9a7c-bfa6df100165
2022-12-06 15:44:44,071 [EventQueue-CommandQueueReportForCommandQueueReportHandler] WARN  events.EventQueue (EventQueue.java:fireEvent(216)) - No event handler registered for event TypedEvent{payloadType=DatanodeDetails, name='Datanode_Command_Queue_Updated'}
2022-12-06 15:44:44,378 [IPC Server handler 4 on default port 42623] INFO  net.NetworkTopologyImpl (NetworkTopologyImpl.java:add(112)) - Added a new node: /default-rack/2497daeb-967d-49ad-8f28-1297e8c4c732
2022-12-06 15:44:44,379 [IPC Server handler 4 on default port 42623] INFO  node.SCMNodeManager (SCMNodeManager.java:register(397)) - Registered Data node : 2497daeb-967d-49ad-8f28-1297e8c4c732{ip: 10.1.0.110, host: fv-az133-40.ac31hddj4phu5ocom5smqd4hkf.cx.internal.cloudapp.net, ports: [REPLICATION=46249, RATIS=46387, RATIS_ADMIN=46387, RATIS_SERVER=46387, STANDALONE=33911], networkLocation: /default-rack, certSerialId: null, persistedOpState: null, persistedOpStateExpiryEpochSec: 0}
2022-12-06 15:44:44,383 [EventQueue-NewNodeForNewNodeHandler] INFO  pipeline.BackgroundPipelineCreator (BackgroundPipelineCreator.java:notifyEventTriggered(276)) - trigger a one-shot run on RatisPipelineUtilsThread.
2022-12-06 15:44:44,383 [RatisPipelineUtilsThread - 0] INFO  pipeline.RatisPipelineProvider (RatisPipelineProvider.java:lambda$create$0(195)) - Sending CreatePipelineCommand for pipeline:PipelineID=cc420899-85aa-40fb-a437-bd0688e9877e to datanode:2497daeb-967d-49ad-8f28-1297e8c4c732
2022-12-06 15:44:44,384 [RatisPipelineUtilsThread - 0] INFO  pipeline.PipelineStateManagerImpl (PipelineStateManagerImpl.java:addPipeline(103)) - Created pipeline Pipeline[ Id: cc420899-85aa-40fb-a437-bd0688e9877e, Nodes: 2497daeb-967d-49ad-8f28-1297e8c4c732{ip: 10.1.0.110, host: fv-az133-40.ac31hddj4phu5ocom5smqd4hkf.cx.internal.cloudapp.net, ports: [REPLICATION=46249, RATIS=46387, RATIS_ADMIN=46387, RATIS_SERVER=46387, STANDALONE=33911], networkLocation: /default-rack, certSerialId: null, persistedOpState: IN_SERVICE, persistedOpStateExpiryEpochSec: 0}, ReplicationConfig: RATIS/ONE, State:ALLOCATED, leaderId:, CreationTimestamp2022-12-06T15:44:44.383Z[Etc/UTC]].
2022-12-06 15:44:44,445 [Listener at 127.0.0.1/44149] INFO  ozone.MiniOzoneClusterImpl (MiniOzoneClusterImpl.java:lambda$waitForClusterToBeReady$0(216)) - Waiting for nodes to be ready. Got 7 of 10 DN Heartbeats.
2022-12-06 15:44:44,445 [Listener at 127.0.0.1/44149] INFO  ozone.MiniOzoneClusterImpl (MiniOzoneClusterImpl.java:lambda$waitForClusterToBeReady$0(219)) - Waiting for cluster to exit safe mode
2022-12-06 15:44:44,445 [Listener at 127.0.0.1/44149] INFO  ozone.MiniOzoneClusterImpl (MiniOzoneClusterImpl.java:lambda$waitForClusterToBeReady$0(221)) - SCM became leader
2022-12-06 15:44:44,550 [EventQueue-CommandQueueReportForCommandQueueReportHandler] WARN  events.EventQueue (EventQueue.java:fireEvent(216)) - No event handler registered for event TypedEvent{payloadType=DatanodeDetails, name='Datanode_Command_Queue_Updated'}
2022-12-06 15:44:44,730 [IPC Server handler 7 on default port 42623] INFO  net.NetworkTopologyImpl (NetworkTopologyImpl.java:add(112)) - Added a new node: /default-rack/7726e7f5-b74c-4e4a-9680-a65a67c105af
2022-12-06 15:44:44,730 [IPC Server handler 7 on default port 42623] INFO  node.SCMNodeManager (SCMNodeManager.java:register(397)) - Registered Data node : 7726e7f5-b74c-4e4a-9680-a65a67c105af{ip: 10.1.0.110, host: fv-az133-40.ac31hddj4phu5ocom5smqd4hkf.cx.internal.cloudapp.net, ports: [REPLICATION=39951, RATIS=44993, RATIS_ADMIN=44993, RATIS_SERVER=44993, STANDALONE=45417], networkLocation: /default-rack, certSerialId: null, persistedOpState: null, persistedOpStateExpiryEpochSec: 0}
2022-12-06 15:44:44,730 [EventQueue-NewNodeForNewNodeHandler] INFO  pipeline.BackgroundPipelineCreator (BackgroundPipelineCreator.java:notifyEventTriggered(276)) - trigger a one-shot run on RatisPipelineUtilsThread.
2022-12-06 15:44:44,731 [RatisPipelineUtilsThread - 0] INFO  pipeline.RatisPipelineProvider (RatisPipelineProvider.java:lambda$create$0(195)) - Sending CreatePipelineCommand for pipeline:PipelineID=2b35dc48-9584-451f-a7df-788d5277d0cf to datanode:7726e7f5-b74c-4e4a-9680-a65a67c105af
2022-12-06 15:44:44,732 [RatisPipelineUtilsThread - 0] INFO  pipeline.PipelineStateManagerImpl (PipelineStateManagerImpl.java:addPipeline(103)) - Created pipeline Pipeline[ Id: 2b35dc48-9584-451f-a7df-788d5277d0cf, Nodes: 7726e7f5-b74c-4e4a-9680-a65a67c105af{ip: 10.1.0.110, host: fv-az133-40.ac31hddj4phu5ocom5smqd4hkf.cx.internal.cloudapp.net, ports: [REPLICATION=39951, RATIS=44993, RATIS_ADMIN=44993, RATIS_SERVER=44993, STANDALONE=45417], networkLocation: /default-rack, certSerialId: null, persistedOpState: IN_SERVICE, persistedOpStateExpiryEpochSec: 0}, ReplicationConfig: RATIS/ONE, State:ALLOCATED, leaderId:, CreationTimestamp2022-12-06T15:44:44.731Z[Etc/UTC]].
2022-12-06 15:44:44,921 [EventQueue-CommandQueueReportForCommandQueueReportHandler] WARN  events.EventQueue (EventQueue.java:fireEvent(216)) - No event handler registered for event TypedEvent{payloadType=DatanodeDetails, name='Datanode_Command_Queue_Updated'}
2022-12-06 15:44:45,044 [EventQueue-CommandQueueReportForCommandQueueReportHandler] WARN  events.EventQueue (EventQueue.java:fireEvent(216)) - No event handler registered for event TypedEvent{payloadType=DatanodeDetails, name='Datanode_Command_Queue_Updated'}
2022-12-06 15:44:45,075 [Command processor thread] INFO  server.RaftServer (RaftServerProxy.java:addNew(96)) - 4ef44404-e624-4c50-bb49-8deedaf9742c: addNew group-288DFE23379A:[4ef44404-e624-4c50-bb49-8deedaf9742c|rpc:10.1.0.110:46141|priority:1|startupRole:FOLLOWER] returns group-288DFE23379A:java.util.concurrent.CompletableFuture@75d32b18[Not completed]
2022-12-06 15:44:45,091 [IPC Server handler 4 on default port 42623] INFO  net.NetworkTopologyImpl (NetworkTopologyImpl.java:add(112)) - Added a new node: /default-rack/3ddade9d-4289-4127-b7c4-830dd518ff0a
2022-12-06 15:44:45,091 [IPC Server handler 4 on default port 42623] INFO  node.SCMNodeManager (SCMNodeManager.java:register(397)) - Registered Data node : 3ddade9d-4289-4127-b7c4-830dd518ff0a{ip: 10.1.0.110, host: fv-az133-40.ac31hddj4phu5ocom5smqd4hkf.cx.internal.cloudapp.net, ports: [REPLICATION=41857, RATIS=43967, RATIS_ADMIN=43967, RATIS_SERVER=43967, STANDALONE=37631], networkLocation: /default-rack, certSerialId: null, persistedOpState: null, persistedOpStateExpiryEpochSec: 0}
2022-12-06 15:44:45,092 [EventQueue-NewNodeForNewNodeHandler] INFO  pipeline.BackgroundPipelineCreator (BackgroundPipelineCreator.java:notifyEventTriggered(276)) - trigger a one-shot run on RatisPipelineUtilsThread.
2022-12-06 15:44:45,092 [RatisPipelineUtilsThread - 0] INFO  pipeline.RatisPipelineProvider (RatisPipelineProvider.java:lambda$create$0(195)) - Sending CreatePipelineCommand for pipeline:PipelineID=1dea1c18-8046-44d7-ac55-588bcd57a16a to datanode:3ddade9d-4289-4127-b7c4-830dd518ff0a
2022-12-06 15:44:45,093 [RatisPipelineUtilsThread - 0] INFO  pipeline.PipelineStateManagerImpl (PipelineStateManagerImpl.java:addPipeline(103)) - Created pipeline Pipeline[ Id: 1dea1c18-8046-44d7-ac55-588bcd57a16a, Nodes: 3ddade9d-4289-4127-b7c4-830dd518ff0a{ip: 10.1.0.110, host: fv-az133-40.ac31hddj4phu5ocom5smqd4hkf.cx.internal.cloudapp.net, ports: [REPLICATION=41857, RATIS=43967, RATIS_ADMIN=43967, RATIS_SERVER=43967, STANDALONE=37631], networkLocation: /default-rack, certSerialId: null, persistedOpState: IN_SERVICE, persistedOpStateExpiryEpochSec: 0}, ReplicationConfig: RATIS/ONE, State:ALLOCATED, leaderId:, CreationTimestamp2022-12-06T15:44:45.092Z[Etc/UTC]].
2022-12-06 15:44:45,094 [RatisPipelineUtilsThread - 0] INFO  pipeline.RatisPipelineProvider (RatisPipelineProvider.java:lambda$create$0(195)) - Sending CreatePipelineCommand for pipeline:PipelineID=f848047e-6893-4650-b542-e388fc27c872 to datanode:7726e7f5-b74c-4e4a-9680-a65a67c105af
2022-12-06 15:44:45,094 [RatisPipelineUtilsThread - 0] INFO  pipeline.RatisPipelineProvider (RatisPipelineProvider.java:lambda$create$0(195)) - Sending CreatePipelineCommand for pipeline:PipelineID=f848047e-6893-4650-b542-e388fc27c872 to datanode:3ddade9d-4289-4127-b7c4-830dd518ff0a
2022-12-06 15:44:45,094 [RatisPipelineUtilsThread - 0] INFO  pipeline.RatisPipelineProvider (RatisPipelineProvider.java:lambda$create$0(195)) - Sending CreatePipelineCommand for pipeline:PipelineID=f848047e-6893-4650-b542-e388fc27c872 to datanode:2497daeb-967d-49ad-8f28-1297e8c4c732
2022-12-06 15:44:45,094 [RatisPipelineUtilsThread - 0] INFO  pipeline.PipelineStateManagerImpl (PipelineStateManagerImpl.java:addPipeline(103)) - Created pipeline Pipeline[ Id: f848047e-6893-4650-b542-e388fc27c872, Nodes: 7726e7f5-b74c-4e4a-9680-a65a67c105af{ip: 10.1.0.110, host: fv-az133-40.ac31hddj4phu5ocom5smqd4hkf.cx.internal.cloudapp.net, ports: [REPLICATION=39951, RATIS=44993, RATIS_ADMIN=44993, RATIS_SERVER=44993, STANDALONE=45417], networkLocation: /default-rack, certSerialId: null, persistedOpState: IN_SERVICE, persistedOpStateExpiryEpochSec: 0}3ddade9d-4289-4127-b7c4-830dd518ff0a{ip: 10.1.0.110, host: fv-az133-40.ac31hddj4phu5ocom5smqd4hkf.cx.internal.cloudapp.net, ports: [REPLICATION=41857, RATIS=43967, RATIS_ADMIN=43967, RATIS_SERVER=43967, STANDALONE=37631], networkLocation: /default-rack, certSerialId: null, persistedOpState: IN_SERVICE, persistedOpStateExpiryEpochSec: 0}2497daeb-967d-49ad-8f28-1297e8c4c732{ip: 10.1.0.110, host: fv-az133-40.ac31hddj4phu5ocom5smqd4hkf.cx.internal.cloudapp.net, ports: [REPLICATION=46249, RATIS=46387, RATIS_ADMIN=46387, RATIS_SERVER=46387, STANDALONE=33911], networkLocation: /default-rack, certSerialId: null, persistedOpState: IN_SERVICE, persistedOpStateExpiryEpochSec: 0}, ReplicationConfig: RATIS/THREE, State:ALLOCATED, leaderId:, CreationTimestamp2022-12-06T15:44:45.094Z[Etc/UTC]].
2022-12-06 15:44:45,096 [RatisPipelineUtilsThread - 0] INFO  pipeline.RatisPipelineProvider (RatisPipelineProvider.java:lambda$create$0(195)) - Sending CreatePipelineCommand for pipeline:PipelineID=6e89d128-5e8e-46de-ad0e-99bd4d3a3f73 to datanode:2497daeb-967d-49ad-8f28-1297e8c4c732
2022-12-06 15:44:45,096 [RatisPipelineUtilsThread - 0] INFO  pipeline.RatisPipelineProvider (RatisPipelineProvider.java:lambda$create$0(195)) - Sending CreatePipelineCommand for pipeline:PipelineID=6e89d128-5e8e-46de-ad0e-99bd4d3a3f73 to datanode:3ddade9d-4289-4127-b7c4-830dd518ff0a
2022-12-06 15:44:45,094 [pool-71-thread-1] INFO  server.RaftServer$Division (RaftServerImpl.java:<init>(195)) - 4ef44404-e624-4c50-bb49-8deedaf9742c: new RaftServerImpl for group-288DFE23379A:[4ef44404-e624-4c50-bb49-8deedaf9742c|rpc:10.1.0.110:46141|priority:1|startupRole:FOLLOWER] with ContainerStateMachine:uninitialized
2022-12-06 15:44:45,097 [RatisPipelineUtilsThread - 0] INFO  pipeline.RatisPipelineProvider (RatisPipelineProvider.java:lambda$create$0(195)) - Sending CreatePipelineCommand for pipeline:PipelineID=6e89d128-5e8e-46de-ad0e-99bd4d3a3f73 to datanode:7726e7f5-b74c-4e4a-9680-a65a67c105af
2022-12-06 15:44:45,104 [RatisPipelineUtilsThread - 0] INFO  pipeline.PipelineStateManagerImpl (PipelineStateManagerImpl.java:addPipeline(103)) - Created pipeline Pipeline[ Id: 6e89d128-5e8e-46de-ad0e-99bd4d3a3f73, Nodes: 2497daeb-967d-49ad-8f28-1297e8c4c732{ip: 10.1.0.110, host: fv-az133-40.ac31hddj4phu5ocom5smqd4hkf.cx.internal.cloudapp.net, ports: [REPLICATION=46249, RATIS=46387, RATIS_ADMIN=46387, RATIS_SERVER=46387, STANDALONE=33911], networkLocation: /default-rack, certSerialId: null, persistedOpState: IN_SERVICE, persistedOpStateExpiryEpochSec: 0}3ddade9d-4289-4127-b7c4-830dd518ff0a{ip: 10.1.0.110, host: fv-az133-40.ac31hddj4phu5ocom5smqd4hkf.cx.internal.cloudapp.net, ports: [REPLICATION=41857, RATIS=43967, RATIS_ADMIN=43967, RATIS_SERVER=43967, STANDALONE=37631], networkLocation: /default-rack, certSerialId: null, persistedOpState: IN_SERVICE, persistedOpStateExpiryEpochSec: 0}7726e7f5-b74c-4e4a-9680-a65a67c105af{ip: 10.1.0.110, host: fv-az133-40.ac31hddj4phu5ocom5smqd4hkf.cx.internal.cloudapp.net, ports: [REPLICATION=39951, RATIS=44993, RATIS_ADMIN=44993, RATIS_SERVER=44993, STANDALONE=45417], networkLocation: /default-rack, certSerialId: null, persistedOpState: IN_SERVICE, persistedOpStateExpiryEpochSec: 0}, ReplicationConfig: RATIS/THREE, State:ALLOCATED, leaderId:, CreationTimestamp2022-12-06T15:44:45.096Z[Etc/UTC]].
2022-12-06 15:44:45,104 [RatisPipelineUtilsThread - 0] INFO  pipeline.PipelineManagerImpl (PipelineManagerImpl.java:recordMetricsForPipeline(826)) - Pipeline: PipelineID=6e89d128-5e8e-46de-ad0e-99bd4d3a3f73 contains same datanodes as previous pipelines: PipelineID=f848047e-6893-4650-b542-e388fc27c872 nodeIds: 2497daeb-967d-49ad-8f28-1297e8c4c732, 3ddade9d-4289-4127-b7c4-830dd518ff0a, 7726e7f5-b74c-4e4a-9680-a65a67c105af
2022-12-06 15:44:45,105 [pool-71-thread-1] INFO  server.RaftServerConfigKeys (ConfUtils.java:logGet(46)) - raft.server.rpc.timeout.min = 5s (custom)
2022-12-06 15:44:45,106 [pool-71-thread-1] INFO  server.RaftServerConfigKeys (ConfUtils.java:logGet(46)) - raft.server.rpc.timeout.max = 5200ms (custom)
2022-12-06 15:44:45,107 [pool-71-thread-1] INFO  server.RaftServerConfigKeys (ConfUtils.java:logGet(46)) - raft.server.rpc.sleep.time = 25ms (default)
2022-12-06 15:44:45,107 [pool-71-thread-1] INFO  server.RaftServerConfigKeys (ConfUtils.java:logGet(46)) - raft.server.rpc.slowness.timeout = 300s (custom)
2022-12-06 15:44:45,107 [pool-71-thread-1] INFO  server.RaftServerConfigKeys (ConfUtils.java:logGet(46)) - raft.server.leaderelection.leader.step-down.wait-time = 10s (default)
2022-12-06 15:44:45,107 [pool-71-thread-1] INFO  server.RaftServerConfigKeys (ConfUtils.java:logGet(46)) - raft.server.sleep.deviation.threshold = 300ms (default)
2022-12-06 15:44:45,108 [pool-71-thread-1] INFO  server.RaftServer$Division (ServerState.java:<init>(118)) - 4ef44404-e624-4c50-bb49-8deedaf9742c@group-288DFE23379A: ConfigurationManager, init=-1: peers:[4ef44404-e624-4c50-bb49-8deedaf9742c|rpc:10.1.0.110:46141|priority:1|startupRole:FOLLOWER]|listeners:[], old=null, confs=<EMPTY_MAP>
2022-12-06 15:44:45,108 [pool-71-thread-1] INFO  server.RaftServerConfigKeys (ConfUtils.java:logGet(46)) - raft.server.storage.dir = [/home/runner/work/ozone/ozone/hadoop-ozone/integration-test/target/test-dir/MiniOzoneClusterImpl-dce15e54-dc76-4f82-a75a-fd2a8a22e08e/datanode-0/data/ratis] (custom)
2022-12-06 15:44:45,108 [pool-71-thread-1] INFO  server.RaftServerConfigKeys (ConfUtils.java:logGet(46)) - raft.server.log.corruption.policy = EXCEPTION (default)
2022-12-06 15:44:45,108 [pool-71-thread-1] INFO  server.RaftServerConfigKeys (ConfUtils.java:logGet(46)) - raft.server.storage.free-space.min = 0MB (=0) (default)
2022-12-06 15:44:45,108 [pool-71-thread-1] INFO  server.RaftServerConfigKeys (ConfUtils.java:logGet(46)) - raft.server.notification.no-leader.timeout = 300s (custom)
2022-12-06 15:44:45,108 [pool-71-thread-1] INFO  server.RaftServerConfigKeys (ConfUtils.java:logGet(46)) - raft.server.retrycache.expirytime = 600000ms (custom)
2022-12-06 15:44:45,108 [pool-71-thread-1] INFO  server.RaftServerConfigKeys (ConfUtils.java:logGet(46)) - raft.server.retrycache.statistics.expirytime = 100μs (default)
2022-12-06 15:44:45,117 [pool-71-thread-1] INFO  server.RaftServerConfigKeys (ConfUtils.java:logGet(46)) - raft.server.log.appender.install.snapshot.enabled = false (custom)
2022-12-06 15:44:45,117 [pool-71-thread-1] INFO  server.RaftServerConfigKeys (ConfUtils.java:logGet(46)) - raft.server.threadpool.server.cached = true (default)
2022-12-06 15:44:45,117 [pool-71-thread-1] INFO  server.RaftServerConfigKeys (ConfUtils.java:logGet(46)) - raft.server.threadpool.server.size = 0 (default)
2022-12-06 15:44:45,117 [pool-71-thread-1] INFO  server.RaftServerConfigKeys (ConfUtils.java:logGet(46)) - raft.server.threadpool.client.cached = true (default)
2022-12-06 15:44:45,117 [pool-71-thread-1] INFO  server.RaftServerConfigKeys (ConfUtils.java:logGet(46)) - raft.server.threadpool.client.size = 0 (default)
2022-12-06 15:44:45,117 [pool-71-thread-1] INFO  storage.RaftStorageDirectory (RaftStorageDirectoryImpl.java:analyzeStorage(137)) - The storage directory /home/runner/work/ozone/ozone/hadoop-ozone/integration-test/target/test-dir/MiniOzoneClusterImpl-dce15e54-dc76-4f82-a75a-fd2a8a22e08e/datanode-0/data/ratis/64534104-af06-40ac-bd0c-288dfe23379a does not exist. Creating ...
2022-12-06 15:44:45,119 [pool-71-thread-1] INFO  storage.RaftStorageDirectory (RaftStorageDirectoryImpl.java:tryLock(231)) - Lock on /home/runner/work/ozone/ozone/hadoop-ozone/integration-test/target/test-dir/MiniOzoneClusterImpl-dce15e54-dc76-4f82-a75a-fd2a8a22e08e/datanode-0/data/ratis/64534104-af06-40ac-bd0c-288dfe23379a/in_use.lock acquired by nodename 46996@fv-az133-40
2022-12-06 15:44:45,120 [pool-71-thread-1] INFO  storage.RaftStorage (RaftStorageImpl.java:format(96)) - Storage directory /home/runner/work/ozone/ozone/hadoop-ozone/integration-test/target/test-dir/MiniOzoneClusterImpl-dce15e54-dc76-4f82-a75a-fd2a8a22e08e/datanode-0/data/ratis/64534104-af06-40ac-bd0c-288dfe23379a has been successfully formatted.
2022-12-06 15:44:45,125 [pool-71-thread-1] INFO  ratis.ContainerStateMachine (ContainerStateMachine.java:loadSnapshot(236)) - group-288DFE23379A: The snapshot info is null. Setting the last applied indexto:(t:0, i:~)
2022-12-06 15:44:45,125 [pool-71-thread-1] INFO  server.RaftServerConfigKeys (ConfUtils.java:logGet(46)) - raft.server.log.use.memory = false (default)
2022-12-06 15:44:45,125 [pool-71-thread-1] INFO  server.RaftServerConfigKeys (ConfUtils.java:logGet(46)) - raft.server.log.purge.gap = 1000000 (custom)
2022-12-06 15:44:45,125 [pool-71-thread-1] INFO  server.RaftServerConfigKeys (ConfUtils.java:logGet(46)) - raft.server.log.appender.buffer.byte-limit = 33554432 (custom)
2022-12-06 15:44:45,125 [pool-71-thread-1] INFO  server.RaftServerConfigKeys (ConfUtils.java:logGet(46)) - raft.server.log.statemachine.data.read.timeout = 1000ms (default)
2022-12-06 15:44:45,125 [pool-71-thread-1] INFO  server.RaftServerConfigKeys (ConfUtils.java:logGet(46)) - raft.server.log.purge.preservation.log.num = 0 (default)
2022-12-06 15:44:45,126 [pool-71-thread-1] INFO  server.RaftServerConfigKeys (ConfUtils.java:logGet(46)) - raft.server.log.segment.size.max = 1048576 (custom)
2022-12-06 15:44:45,127 [EventQueue-CommandQueueReportForCommandQueueReportHandler] WARN  events.EventQueue (EventQueue.java:fireEvent(216)) - No event handler registered for event TypedEvent{payloadType=DatanodeDetails, name='Datanode_Command_Queue_Updated'}
2022-12-06 15:44:45,128 [EventQueue-PipelineReportForPipelineReportHandler] INFO  pipeline.PipelineManagerImpl (PipelineManagerImpl.java:openPipeline(367)) - Pipeline Pipeline[ Id: 64534104-af06-40ac-bd0c-288dfe23379a, Nodes: 4ef44404-e624-4c50-bb49-8deedaf9742c{ip: 10.1.0.110, host: fv-az133-40.ac31hddj4phu5ocom5smqd4hkf.cx.internal.cloudapp.net, ports: [REPLICATION=42083, RATIS=46141, RATIS_ADMIN=46141, RATIS_SERVER=46141, STANDALONE=33769], networkLocation: /default-rack, certSerialId: null, persistedOpState: IN_SERVICE, persistedOpStateExpiryEpochSec: 0}, ReplicationConfig: RATIS/ONE, State:ALLOCATED, leaderId:4ef44404-e624-4c50-bb49-8deedaf9742c, CreationTimestamp2022-12-06T15:44:42.084Z[Etc/UTC]] moved to OPEN state
2022-12-06 15:44:45,131 [EventQueue-OpenPipelineForHealthyPipelineSafeModeRule] INFO  safemode.SCMSafeModeManager (HealthyPipelineSafeModeRule.java:process(137)) - SCM in safe mode. Healthy pipelines reported count is 0, required healthy pipeline reported count is 1
2022-12-06 15:44:45,132 [pool-71-thread-1] INFO  server.RaftServerConfigKeys (ConfUtils.java:logGet(46)) - raft.server.log.segment.cache.num.max = 2 (custom)
2022-12-06 15:44:45,133 [pool-71-thread-1] INFO  server.RaftServerConfigKeys (ConfUtils.java:logGet(46)) - raft.server.log.segment.cache.size.max = 200MB (=209715200) (default)
2022-12-06 15:44:45,133 [pool-71-thread-1] INFO  segmented.SegmentedRaftLogWorker (SegmentedRaftLogWorker.java:<init>(189)) - new 4ef44404-e624-4c50-bb49-8deedaf9742c@group-288DFE23379A-SegmentedRaftLogWorker for RaftStorageImpl:Storage Directory /home/runner/work/ozone/ozone/hadoop-ozone/integration-test/target/test-dir/MiniOzoneClusterImpl-dce15e54-dc76-4f82-a75a-fd2a8a22e08e/datanode-0/data/ratis/64534104-af06-40ac-bd0c-288dfe23379a
2022-12-06 15:44:45,133 [pool-71-thread-1] INFO  server.RaftServerConfigKeys (ConfUtils.java:logGet(46)) - raft.server.log.queue.byte-limit = 4294967296 (custom)
2022-12-06 15:44:45,133 [pool-71-thread-1] INFO  server.RaftServerConfigKeys (ConfUtils.java:logGet(46)) - raft.server.log.queue.element-limit = 1024 (custom)
2022-12-06 15:44:45,133 [pool-71-thread-1] INFO  server.RaftServerConfigKeys (ConfUtils.java:logGet(46)) - raft.server.log.segment.size.max = 1048576 (custom)
2022-12-06 15:44:45,133 [pool-71-thread-1] INFO  server.RaftServerConfigKeys (ConfUtils.java:logGet(46)) - raft.server.log.preallocated.size = 16384 (custom)
2022-12-06 15:44:45,134 [pool-71-thread-1] INFO  server.RaftServerConfigKeys (ConfUtils.java:logGet(46)) - raft.server.log.force.sync.num = 128 (default)
2022-12-06 15:44:45,134 [pool-71-thread-1] INFO  server.RaftServerConfigKeys (ConfUtils.java:logGet(46)) - raft.server.log.statemachine.data.sync = true (default)
2022-12-06 15:44:45,134 [pool-71-thread-1] INFO  server.RaftServerConfigKeys (ConfUtils.java:logGet(46)) - raft.server.log.statemachine.data.sync.timeout = 10s (default)
2022-12-06 15:44:45,134 [pool-71-thread-1] INFO  server.RaftServerConfigKeys (ConfUtils.java:logGet(46)) - raft.server.log.statemachine.data.sync.timeout.retry = -1 (default)
2022-12-06 15:44:45,136 [pool-71-thread-1] INFO  server.RaftServerConfigKeys (ConfUtils.java:logGet(46)) - raft.server.log.write.buffer.size = 1048576 (custom)
2022-12-06 15:44:45,137 [pool-71-thread-1] INFO  server.RaftServerConfigKeys (ConfUtils.java:logGet(46)) - raft.server.log.appender.buffer.byte-limit = 33554432 (custom)
2022-12-06 15:44:45,172 [pool-71-thread-1] INFO  server.RaftServerConfigKeys (ConfUtils.java:logGet(46)) - raft.server.log.unsafe-flush.enabled = false (default)
2022-12-06 15:44:45,175 [pool-71-thread-1] INFO  server.RaftServerConfigKeys (ConfUtils.java:logGet(46)) - raft.server.log.async-flush.enabled = false (default)
2022-12-06 15:44:45,175 [pool-71-thread-1] INFO  server.RaftServerConfigKeys (ConfUtils.java:logGet(46)) - raft.server.log.statemachine.data.caching.enabled = true (custom)
2022-12-06 15:44:45,179 [pool-71-thread-1] INFO  segmented.SegmentedRaftLogWorker (SegmentedRaftLogWorker.java:lambda$new$0(135)) - 4ef44404-e624-4c50-bb49-8deedaf9742c@group-288DFE23379A-SegmentedRaftLogWorker: flushIndex: setUnconditionally 0 -> -1
2022-12-06 15:44:45,179 [pool-71-thread-1] INFO  segmented.SegmentedRaftLogWorker (SegmentedRaftLogWorker.java:lambda$new$0(135)) - 4ef44404-e624-4c50-bb49-8deedaf9742c@group-288DFE23379A-SegmentedRaftLogWorker: safeCacheEvictIndex: setUnconditionally 0 -> -1
2022-12-06 15:44:45,179 [pool-71-thread-1] INFO  server.RaftServer$Division (RaftServerImpl.java:start(334)) - 4ef44404-e624-4c50-bb49-8deedaf9742c@group-288DFE23379A: start as a follower, conf=-1: peers:[4ef44404-e624-4c50-bb49-8deedaf9742c|rpc:10.1.0.110:46141|priority:1|startupRole:FOLLOWER]|listeners:[], old=null
2022-12-06 15:44:45,179 [pool-71-thread-1] INFO  server.RaftServer$Division (RaftServerImpl.java:setRole(321)) - 4ef44404-e624-4c50-bb49-8deedaf9742c@group-288DFE23379A: changes role from      null to FOLLOWER at term 0 for startAsFollower
2022-12-06 15:44:45,179 [pool-71-thread-1] INFO  impl.RoleInfo (RoleInfo.java:updateAndGet(139)) - 4ef44404-e624-4c50-bb49-8deedaf9742c: start 4ef44404-e624-4c50-bb49-8deedaf9742c@group-288DFE23379A-FollowerState
2022-12-06 15:44:45,180 [pool-71-thread-1] INFO  util.JmxRegister (JmxRegister.java:tryRegister(44)) - Successfully registered JMX Bean with object name Ratis:service=RaftServer,group=group-288DFE23379A,id=4ef44404-e624-4c50-bb49-8deedaf9742c
2022-12-06 15:44:45,183 [pool-71-thread-1] INFO  server.RaftServerConfigKeys (ConfUtils.java:logGet(46)) - raft.server.snapshot.auto.trigger.enabled = true (custom)
2022-12-06 15:44:45,183 [pool-71-thread-1] INFO  server.RaftServerConfigKeys (ConfUtils.java:logGet(46)) - raft.server.snapshot.auto.trigger.threshold = 10000 (custom)
2022-12-06 15:44:45,183 [pool-71-thread-1] INFO  server.RaftServerConfigKeys (ConfUtils.java:logGet(46)) - raft.server.snapshot.retention.file.num = 5 (custom)
2022-12-06 15:44:45,183 [pool-71-thread-1] INFO  server.RaftServerConfigKeys (ConfUtils.java:logGet(46)) - raft.server.log.purge.upto.snapshot.index = false (default)
2022-12-06 15:44:45,187 [4ef44404-e624-4c50-bb49-8deedaf9742c@group-288DFE23379A-FollowerState] INFO  server.RaftServerConfigKeys (ConfUtils.java:logFallback(53)) - raft.server.rpc.first-election.timeout.min = 5s (fallback to raft.server.rpc.timeout.min)
2022-12-06 15:44:45,188 [4ef44404-e624-4c50-bb49-8deedaf9742c@group-288DFE23379A-FollowerState] INFO  server.RaftServerConfigKeys (ConfUtils.java:logFallback(53)) - raft.server.rpc.first-election.timeout.max = 5200ms (fallback to raft.server.rpc.timeout.max)
2022-12-06 15:44:45,198 [Command processor thread] INFO  ratis.XceiverServerRatis (XceiverServerRatis.java:addGroup(765)) - Created group PipelineID=64534104-af06-40ac-bd0c-288dfe23379a
2022-12-06 15:44:45,198 [Command processor thread] INFO  commandhandler.CreatePipelineCommandHandler (CreatePipelineCommandHandler.java:handle(113)) - Created Pipeline RATIS ONE PipelineID=64534104-af06-40ac-bd0c-288dfe23379a.
2022-12-06 15:44:45,199 [Command processor thread] INFO  server.RaftServer (RaftServerProxy.java:addNew(96)) - 4ef44404-e624-4c50-bb49-8deedaf9742c: addNew group-E6EF3BE0CB72:[b0993b33-1422-4b90-a478-b8a2894a7eaa|rpc:10.1.0.110:42755|priority:1|startupRole:FOLLOWER, 4ef44404-e624-4c50-bb49-8deedaf9742c|rpc:10.1.0.110:46141|priority:0|startupRole:FOLLOWER, 0587405b-2ffa-4132-824d-547ca09f0e52|rpc:10.1.0.110:38421|priority:0|startupRole:FOLLOWER] returns group-E6EF3BE0CB72:java.util.concurrent.CompletableFuture@466aaa4f[Not completed]
2022-12-06 15:44:45,203 [pool-71-thread-1] INFO  server.RaftServer$Division (RaftServerImpl.java:<init>(195)) - 4ef44404-e624-4c50-bb49-8deedaf9742c: new RaftServerImpl for group-E6EF3BE0CB72:[b0993b33-1422-4b90-a478-b8a2894a7eaa|rpc:10.1.0.110:42755|priority:1|startupRole:FOLLOWER, 4ef44404-e624-4c50-bb49-8deedaf9742c|rpc:10.1.0.110:46141|priority:0|startupRole:FOLLOWER, 0587405b-2ffa-4132-824d-547ca09f0e52|rpc:10.1.0.110:38421|priority:0|startupRole:FOLLOWER] with ContainerStateMachine:uninitialized
2022-12-06 15:44:45,204 [pool-71-thread-1] INFO  server.RaftServerConfigKeys (ConfUtils.java:logGet(46)) - raft.server.rpc.timeout.min = 5s (custom)
2022-12-06 15:44:45,204 [pool-71-thread-1] INFO  server.RaftServerConfigKeys (ConfUtils.java:logGet(46)) - raft.server.rpc.timeout.max = 5200ms (custom)
2022-12-06 15:44:45,204 [pool-71-thread-1] INFO  server.RaftServerConfigKeys (ConfUtils.java:logGet(46)) - raft.server.rpc.sleep.time = 25ms (default)
2022-12-06 15:44:45,204 [pool-71-thread-1] INFO  server.RaftServerConfigKeys (ConfUtils.java:logGet(46)) - raft.server.rpc.slowness.timeout = 300s (custom)
2022-12-06 15:44:45,204 [pool-71-thread-1] INFO  server.RaftServerConfigKeys (ConfUtils.java:logGet(46)) - raft.server.leaderelection.leader.step-down.wait-time = 10s (default)
2022-12-06 15:44:45,204 [pool-71-thread-1] INFO  server.RaftServerConfigKeys (ConfUtils.java:logGet(46)) - raft.server.sleep.deviation.threshold = 300ms (default)
2022-12-06 15:44:45,204 [pool-71-thread-1] INFO  server.RaftServer$Division (ServerState.java:<init>(118)) - 4ef44404-e624-4c50-bb49-8deedaf9742c@group-E6EF3BE0CB72: ConfigurationManager, init=-1: peers:[b0993b33-1422-4b90-a478-b8a2894a7eaa|rpc:10.1.0.110:42755|priority:1|startupRole:FOLLOWER, 4ef44404-e624-4c50-bb49-8deedaf9742c|rpc:10.1.0.110:46141|priority:0|startupRole:FOLLOWER, 0587405b-2ffa-4132-824d-547ca09f0e52|rpc:10.1.0.110:38421|priority:0|startupRole:FOLLOWER]|listeners:[], old=null, confs=<EMPTY_MAP>
2022-12-06 15:44:45,205 [pool-71-thread-1] INFO  server.RaftServerConfigKeys (ConfUtils.java:logGet(46)) - raft.server.storage.dir = [/home/runner/work/ozone/ozone/hadoop-ozone/integration-test/target/test-dir/MiniOzoneClusterImpl-dce15e54-dc76-4f82-a75a-fd2a8a22e08e/datanode-0/data/ratis] (custom)
2022-12-06 15:44:45,205 [pool-71-thread-1] INFO  server.RaftServerConfigKeys (ConfUtils.java:logGet(46)) - raft.server.log.corruption.policy = EXCEPTION (default)
2022-12-06 15:44:45,205 [pool-71-thread-1] INFO  server.RaftServerConfigKeys (ConfUtils.java:logGet(46)) - raft.server.storage.free-space.min = 0MB (=0) (default)
2022-12-06 15:44:45,205 [pool-71-thread-1] INFO  server.RaftServerConfigKeys (ConfUtils.java:logGet(46)) - raft.server.notification.no-leader.timeout = 300s (custom)
2022-12-06 15:44:45,205 [pool-71-thread-1] INFO  server.RaftServerConfigKeys (ConfUtils.java:logGet(46)) - raft.server.retrycache.expirytime = 600000ms (custom)
2022-12-06 15:44:45,205 [pool-71-thread-1] INFO  server.RaftServerConfigKeys (ConfUtils.java:logGet(46)) - raft.server.retrycache.statistics.expirytime = 100μs (default)
2022-12-06 15:44:45,212 [pool-71-thread-1] INFO  server.RaftServerConfigKeys (ConfUtils.java:logGet(46)) - raft.server.log.appender.install.snapshot.enabled = false (custom)
2022-12-06 15:44:45,212 [pool-71-thread-1] INFO  server.RaftServerConfigKeys (ConfUtils.java:logGet(46)) - raft.server.threadpool.server.cached = true (default)
2022-12-06 15:44:45,212 [pool-71-thread-1] INFO  server.RaftServerConfigKeys (ConfUtils.java:logGet(46)) - raft.server.threadpool.server.size = 0 (default)
2022-12-06 15:44:45,212 [pool-71-thread-1] INFO  server.RaftServerConfigKeys (ConfUtils.java:logGet(46)) - raft.server.threadpool.client.cached = true (default)
2022-12-06 15:44:45,212 [pool-71-thread-1] INFO  server.RaftServerConfigKeys (ConfUtils.java:logGet(46)) - raft.server.threadpool.client.size = 0 (default)
2022-12-06 15:44:45,212 [pool-71-thread-1] INFO  storage.RaftStorageDirectory (RaftStorageDirectoryImpl.java:analyzeStorage(137)) - The storage directory /home/runner/work/ozone/ozone/hadoop-ozone/integration-test/target/test-dir/MiniOzoneClusterImpl-dce15e54-dc76-4f82-a75a-fd2a8a22e08e/datanode-0/data/ratis/f835e2b8-2c94-4d28-b8f1-e6ef3be0cb72 does not exist. Creating ...
2022-12-06 15:44:45,215 [pool-71-thread-1] INFO  storage.RaftStorageDirectory (RaftStorageDirectoryImpl.java:tryLock(231)) - Lock on /home/runner/work/ozone/ozone/hadoop-ozone/integration-test/target/test-dir/MiniOzoneClusterImpl-dce15e54-dc76-4f82-a75a-fd2a8a22e08e/datanode-0/data/ratis/f835e2b8-2c94-4d28-b8f1-e6ef3be0cb72/in_use.lock acquired by nodename 46996@fv-az133-40
2022-12-06 15:44:45,217 [pool-71-thread-1] INFO  storage.RaftStorage (RaftStorageImpl.java:format(96)) - Storage directory /home/runner/work/ozone/ozone/hadoop-ozone/integration-test/target/test-dir/MiniOzoneClusterImpl-dce15e54-dc76-4f82-a75a-fd2a8a22e08e/datanode-0/data/ratis/f835e2b8-2c94-4d28-b8f1-e6ef3be0cb72 has been successfully formatted.
2022-12-06 15:44:45,224 [pool-71-thread-1] INFO  ratis.ContainerStateMachine (ContainerStateMachine.java:loadSnapshot(236)) - group-E6EF3BE0CB72: The snapshot info is null. Setting the last applied indexto:(t:0, i:~)
2022-12-06 15:44:45,224 [pool-71-thread-1] INFO  server.RaftServerConfigKeys (ConfUtils.java:logGet(46)) - raft.server.log.use.memory = false (default)
2022-12-06 15:44:45,224 [pool-71-thread-1] INFO  server.RaftServerConfigKeys (ConfUtils.java:logGet(46)) - raft.server.log.purge.gap = 1000000 (custom)
2022-12-06 15:44:45,224 [pool-71-thread-1] INFO  server.RaftServerConfigKeys (ConfUtils.java:logGet(46)) - raft.server.log.appender.buffer.byte-limit = 33554432 (custom)
2022-12-06 15:44:45,224 [pool-71-thread-1] INFO  server.RaftServerConfigKeys (ConfUtils.java:logGet(46)) - raft.server.log.statemachine.data.read.timeout = 1000ms (default)
2022-12-06 15:44:45,224 [pool-71-thread-1] INFO  server.RaftServerConfigKeys (ConfUtils.java:logGet(46)) - raft.server.log.purge.preservation.log.num = 0 (default)
2022-12-06 15:44:45,224 [pool-71-thread-1] INFO  server.RaftServerConfigKeys (ConfUtils.java:logGet(46)) - raft.server.log.segment.size.max = 1048576 (custom)
2022-12-06 15:44:45,225 [pool-71-thread-1] INFO  server.RaftServerConfigKeys (ConfUtils.java:logGet(46)) - raft.server.log.segment.cache.num.max = 2 (custom)
2022-12-06 15:44:45,225 [pool-71-thread-1] INFO  server.RaftServerConfigKeys (ConfUtils.java:logGet(46)) - raft.server.log.segment.cache.size.max = 200MB (=209715200) (default)
2022-12-06 15:44:45,225 [pool-71-thread-1] INFO  segmented.SegmentedRaftLogWorker (SegmentedRaftLogWorker.java:<init>(189)) - new 4ef44404-e624-4c50-bb49-8deedaf9742c@group-E6EF3BE0CB72-SegmentedRaftLogWorker for RaftStorageImpl:Storage Directory /home/runner/work/ozone/ozone/hadoop-ozone/integration-test/target/test-dir/MiniOzoneClusterImpl-dce15e54-dc76-4f82-a75a-fd2a8a22e08e/datanode-0/data/ratis/f835e2b8-2c94-4d28-b8f1-e6ef3be0cb72
2022-12-06 15:44:45,225 [pool-71-thread-1] INFO  server.RaftServerConfigKeys (ConfUtils.java:logGet(46)) - raft.server.log.queue.byte-limit = 4294967296 (custom)
2022-12-06 15:44:45,225 [pool-71-thread-1] INFO  server.RaftServerConfigKeys (ConfUtils.java:logGet(46)) - raft.server.log.queue.element-limit = 1024 (custom)
2022-12-06 15:44:45,225 [pool-71-thread-1] INFO  server.RaftServerConfigKeys (ConfUtils.java:logGet(46)) - raft.server.log.segment.size.max = 1048576 (custom)
2022-12-06 15:44:45,225 [pool-71-thread-1] INFO  server.RaftServerConfigKeys (ConfUtils.java:logGet(46)) - raft.server.log.preallocated.size = 16384 (custom)
2022-12-06 15:44:45,225 [pool-71-thread-1] INFO  server.RaftServerConfigKeys (ConfUtils.java:logGet(46)) - raft.server.log.force.sync.num = 128 (default)
2022-12-06 15:44:45,225 [pool-71-thread-1] INFO  server.RaftServerConfigKeys (ConfUtils.java:logGet(46)) - raft.server.log.statemachine.data.sync = true (default)
2022-12-06 15:44:45,226 [pool-71-thread-1] INFO  server.RaftServerConfigKeys (ConfUtils.java:logGet(46)) - raft.server.log.statemachine.data.sync.timeout = 10s (default)
2022-12-06 15:44:45,226 [pool-71-thread-1] INFO  server.RaftServerConfigKeys (ConfUtils.java:logGet(46)) - raft.server.log.statemachine.data.sync.timeout.retry = -1 (default)
2022-12-06 15:44:45,226 [EventQueue-CommandQueueReportForCommandQueueReportHandler] WARN  events.EventQueue (EventQueue.java:fireEvent(216)) - No event handler registered for event TypedEvent{payloadType=DatanodeDetails, name='Datanode_Command_Queue_Updated'}
2022-12-06 15:44:45,229 [pool-71-thread-1] INFO  server.RaftServerConfigKeys (ConfUtils.java:logGet(46)) - raft.server.log.write.buffer.size = 1048576 (custom)
2022-12-06 15:44:45,230 [EventQueue-OpenPipelineForHealthyPipelineSafeModeRule] INFO  safemode.SCMSafeModeManager (HealthyPipelineSafeModeRule.java:process(137)) - SCM in safe mode. Healthy pipelines reported count is 0, required healthy pipeline reported count is 1
2022-12-06 15:44:45,233 [pool-71-thread-1] INFO  server.RaftServerConfigKeys (ConfUtils.java:logGet(46)) - raft.server.log.appender.buffer.byte-limit = 33554432 (custom)
2022-12-06 15:44:45,238 [pool-71-thread-1] INFO  server.RaftServerConfigKeys (ConfUtils.java:logGet(46)) - raft.server.log.unsafe-flush.enabled = false (default)
2022-12-06 15:44:45,238 [pool-71-thread-1] INFO  server.RaftServerConfigKeys (ConfUtils.java:logGet(46)) - raft.server.log.async-flush.enabled = false (default)
2022-12-06 15:44:45,238 [pool-71-thread-1] INFO  server.RaftServerConfigKeys (ConfUtils.java:logGet(46)) - raft.server.log.statemachine.data.caching.enabled = true (custom)
2022-12-06 15:44:45,239 [pool-71-thread-1] INFO  segmented.SegmentedRaftLogWorker (SegmentedRaftLogWorker.java:lambda$new$0(135)) - 4ef44404-e624-4c50-bb49-8deedaf9742c@group-E6EF3BE0CB72-SegmentedRaftLogWorker: flushIndex: setUnconditionally 0 -> -1
2022-12-06 15:44:45,239 [pool-71-thread-1] INFO  segmented.SegmentedRaftLogWorker (SegmentedRaftLogWorker.java:lambda$new$0(135)) - 4ef44404-e624-4c50-bb49-8deedaf9742c@group-E6EF3BE0CB72-SegmentedRaftLogWorker: safeCacheEvictIndex: setUnconditionally 0 -> -1
2022-12-06 15:44:45,239 [pool-71-thread-1] INFO  server.RaftServer$Division (RaftServerImpl.java:start(334)) - 4ef44404-e624-4c50-bb49-8deedaf9742c@group-E6EF3BE0CB72: start as a follower, conf=-1: peers:[b0993b33-1422-4b90-a478-b8a2894a7eaa|rpc:10.1.0.110:42755|priority:1|startupRole:FOLLOWER, 4ef44404-e624-4c50-bb49-8deedaf9742c|rpc:10.1.0.110:46141|priority:0|startupRole:FOLLOWER, 0587405b-2ffa-4132-824d-547ca09f0e52|rpc:10.1.0.110:38421|priority:0|startupRole:FOLLOWER]|listeners:[], old=null
2022-12-06 15:44:45,240 [pool-71-thread-1] INFO  server.RaftServer$Division (RaftServerImpl.java:setRole(321)) - 4ef44404-e624-4c50-bb49-8deedaf9742c@group-E6EF3BE0CB72: changes role from      null to FOLLOWER at term 0 for startAsFollower
2022-12-06 15:44:45,240 [pool-71-thread-1] INFO  impl.RoleInfo (RoleInfo.java:updateAndGet(139)) - 4ef44404-e624-4c50-bb49-8deedaf9742c: start 4ef44404-e624-4c50-bb49-8deedaf9742c@group-E6EF3BE0CB72-FollowerState
2022-12-06 15:44:45,240 [pool-71-thread-1] INFO  util.JmxRegister (JmxRegister.java:tryRegister(44)) - Successfully registered JMX Bean with object name Ratis:service=RaftServer,group=group-E6EF3BE0CB72,id=4ef44404-e624-4c50-bb49-8deedaf9742c
2022-12-06 15:44:45,240 [pool-71-thread-1] INFO  server.RaftServerConfigKeys (ConfUtils.java:logGet(46)) - raft.server.snapshot.auto.trigger.enabled = true (custom)
2022-12-06 15:44:45,240 [pool-71-thread-1] INFO  server.RaftServerConfigKeys (ConfUtils.java:logGet(46)) - raft.server.snapshot.auto.trigger.threshold = 10000 (custom)
2022-12-06 15:44:45,240 [pool-71-thread-1] INFO  server.RaftServerConfigKeys (ConfUtils.java:logGet(46)) - raft.server.snapshot.retention.file.num = 5 (custom)
2022-12-06 15:44:45,240 [pool-71-thread-1] INFO  server.RaftServerConfigKeys (ConfUtils.java:logGet(46)) - raft.server.log.purge.upto.snapshot.index = false (default)
2022-12-06 15:44:45,242 [4ef44404-e624-4c50-bb49-8deedaf9742c@group-E6EF3BE0CB72-FollowerState] INFO  server.RaftServerConfigKeys (ConfUtils.java:logFallback(53)) - raft.server.rpc.first-election.timeout.min = 5s (fallback to raft.server.rpc.timeout.min)
2022-12-06 15:44:45,242 [4ef44404-e624-4c50-bb49-8deedaf9742c@group-E6EF3BE0CB72-FollowerState] INFO  server.RaftServerConfigKeys (ConfUtils.java:logFallback(53)) - raft.server.rpc.first-election.timeout.max = 5200ms (fallback to raft.server.rpc.timeout.max)
2022-12-06 15:44:45,243 [Command processor thread] INFO  ratis.XceiverServerRatis (XceiverServerRatis.java:addGroup(765)) - Created group PipelineID=f835e2b8-2c94-4d28-b8f1-e6ef3be0cb72
2022-12-06 15:44:45,251 [EventQueue-CommandQueueReportForCommandQueueReportHandler] WARN  events.EventQueue (EventQueue.java:fireEvent(216)) - No event handler registered for event TypedEvent{payloadType=DatanodeDetails, name='Datanode_Command_Queue_Updated'}
2022-12-06 15:44:45,448 [Listener at 127.0.0.1/44149] INFO  ozone.MiniOzoneClusterImpl (MiniOzoneClusterImpl.java:lambda$waitForClusterToBeReady$0(216)) - Waiting for nodes to be ready. Got 9 of 10 DN Heartbeats.
2022-12-06 15:44:45,449 [Listener at 127.0.0.1/44149] INFO  ozone.MiniOzoneClusterImpl (MiniOzoneClusterImpl.java:lambda$waitForClusterToBeReady$0(219)) - Waiting for cluster to exit safe mode
2022-12-06 15:44:45,449 [Listener at 127.0.0.1/44149] INFO  ozone.MiniOzoneClusterImpl (MiniOzoneClusterImpl.java:lambda$waitForClusterToBeReady$0(221)) - SCM became leader
2022-12-06 15:44:45,449 [IPC Server handler 6 on default port 42623] INFO  net.NetworkTopologyImpl (NetworkTopologyImpl.java:add(112)) - Added a new node: /default-rack/3023bd45-36c3-431f-9c1c-92b4e43de878
2022-12-06 15:44:45,450 [IPC Server handler 6 on default port 42623] INFO  node.SCMNodeManager (SCMNodeManager.java:register(397)) - Registered Data node : 3023bd45-36c3-431f-9c1c-92b4e43de878{ip: 10.1.0.110, host: fv-az133-40.ac31hddj4phu5ocom5smqd4hkf.cx.internal.cloudapp.net, ports: [REPLICATION=35579, RATIS=42841, RATIS_ADMIN=42841, RATIS_SERVER=42841, STANDALONE=33457], networkLocation: /default-rack, certSerialId: null, persistedOpState: null, persistedOpStateExpiryEpochSec: 0}
2022-12-06 15:44:45,450 [EventQueue-NewNodeForNewNodeHandler] INFO  pipeline.BackgroundPipelineCreator (BackgroundPipelineCreator.java:notifyEventTriggered(276)) - trigger a one-shot run on RatisPipelineUtilsThread.
2022-12-06 15:44:45,450 [RatisPipelineUtilsThread - 0] INFO  pipeline.RatisPipelineProvider (RatisPipelineProvider.java:lambda$create$0(195)) - Sending CreatePipelineCommand for pipeline:PipelineID=8b837a0e-3271-4cfd-af3c-eda3e5475693 to datanode:3023bd45-36c3-431f-9c1c-92b4e43de878
2022-12-06 15:44:45,454 [RatisPipelineUtilsThread - 0] INFO  pipeline.PipelineStateManagerImpl (PipelineStateManagerImpl.java:addPipeline(103)) - Created pipeline Pipeline[ Id: 8b837a0e-3271-4cfd-af3c-eda3e5475693, Nodes: 3023bd45-36c3-431f-9c1c-92b4e43de878{ip: 10.1.0.110, host: fv-az133-40.ac31hddj4phu5ocom5smqd4hkf.cx.internal.cloudapp.net, ports: [REPLICATION=35579, RATIS=42841, RATIS_ADMIN=42841, RATIS_SERVER=42841, STANDALONE=33457], networkLocation: /default-rack, certSerialId: null, persistedOpState: IN_SERVICE, persistedOpStateExpiryEpochSec: 0}, ReplicationConfig: RATIS/ONE, State:ALLOCATED, leaderId:, CreationTimestamp2022-12-06T15:44:45.450Z[Etc/UTC]].
2022-12-06 15:44:45,550 [Command processor thread] INFO  server.RaftServer (RaftServerProxy.java:addNew(96)) - 0587405b-2ffa-4132-824d-547ca09f0e52: addNew group-815F7F527F96:[0587405b-2ffa-4132-824d-547ca09f0e52|rpc:10.1.0.110:38421|priority:1|startupRole:FOLLOWER] returns group-815F7F527F96:java.util.concurrent.CompletableFuture@1bed7411[Not completed]
2022-12-06 15:44:45,551 [EventQueue-CommandQueueReportForCommandQueueReportHandler] WARN  events.EventQueue (EventQueue.java:fireEvent(216)) - No event handler registered for event TypedEvent{payloadType=DatanodeDetails, name='Datanode_Command_Queue_Updated'}
2022-12-06 15:44:45,559 [pool-94-thread-1] INFO  server.RaftServer$Division (RaftServerImpl.java:<init>(195)) - 0587405b-2ffa-4132-824d-547ca09f0e52: new RaftServerImpl for group-815F7F527F96:[0587405b-2ffa-4132-824d-547ca09f0e52|rpc:10.1.0.110:38421|priority:1|startupRole:FOLLOWER] with ContainerStateMachine:uninitialized
2022-12-06 15:44:45,559 [pool-94-thread-1] INFO  server.RaftServerConfigKeys (ConfUtils.java:logGet(46)) - raft.server.rpc.timeout.min = 5s (custom)
2022-12-06 15:44:45,559 [pool-94-thread-1] INFO  server.RaftServerConfigKeys (ConfUtils.java:logGet(46)) - raft.server.rpc.timeout.max = 5200ms (custom)
2022-12-06 15:44:45,559 [pool-94-thread-1] INFO  server.RaftServerConfigKeys (ConfUtils.java:logGet(46)) - raft.server.rpc.sleep.time = 25ms (default)
2022-12-06 15:44:45,559 [pool-94-thread-1] INFO  server.RaftServerConfigKeys (ConfUtils.java:logGet(46)) - raft.server.rpc.slowness.timeout = 300s (custom)
2022-12-06 15:44:45,559 [pool-94-thread-1] INFO  server.RaftServerConfigKeys (ConfUtils.java:logGet(46)) - raft.server.leaderelection.leader.step-down.wait-time = 10s (default)
2022-12-06 15:44:45,560 [pool-94-thread-1] INFO  server.RaftServerConfigKeys (ConfUtils.java:logGet(46)) - raft.server.sleep.deviation.threshold = 300ms (default)
2022-12-06 15:44:45,560 [pool-94-thread-1] INFO  server.RaftServer$Division (ServerState.java:<init>(118)) - 0587405b-2ffa-4132-824d-547ca09f0e52@group-815F7F527F96: ConfigurationManager, init=-1: peers:[0587405b-2ffa-4132-824d-547ca09f0e52|rpc:10.1.0.110:38421|priority:1|startupRole:FOLLOWER]|listeners:[], old=null, confs=<EMPTY_MAP>
2022-12-06 15:44:45,560 [pool-94-thread-1] INFO  server.RaftServerConfigKeys (ConfUtils.java:logGet(46)) - raft.server.storage.dir = [/home/runner/work/ozone/ozone/hadoop-ozone/integration-test/target/test-dir/MiniOzoneClusterImpl-dce15e54-dc76-4f82-a75a-fd2a8a22e08e/datanode-1/data/ratis] (custom)
2022-12-06 15:44:45,560 [pool-94-thread-1] INFO  server.RaftServerConfigKeys (ConfUtils.java:logGet(46)) - raft.server.log.corruption.policy = EXCEPTION (default)
2022-12-06 15:44:45,560 [pool-94-thread-1] INFO  server.RaftServerConfigKeys (ConfUtils.java:logGet(46)) - raft.server.storage.free-space.min = 0MB (=0) (default)
2022-12-06 15:44:45,560 [pool-94-thread-1] INFO  server.RaftServerConfigKeys (ConfUtils.java:logGet(46)) - raft.server.notification.no-leader.timeout = 300s (custom)
2022-12-06 15:44:45,560 [pool-94-thread-1] INFO  server.RaftServerConfigKeys (ConfUtils.java:logGet(46)) - raft.server.retrycache.expirytime = 600000ms (custom)
2022-12-06 15:44:45,560 [pool-94-thread-1] INFO  server.RaftServerConfigKeys (ConfUtils.java:logGet(46)) - raft.server.retrycache.statistics.expirytime = 100μs (default)
2022-12-06 15:44:45,563 [pool-94-thread-1] INFO  server.RaftServerConfigKeys (ConfUtils.java:logGet(46)) - raft.server.log.appender.install.snapshot.enabled = false (custom)
2022-12-06 15:44:45,563 [pool-94-thread-1] INFO  server.RaftServerConfigKeys (ConfUtils.java:logGet(46)) - raft.server.threadpool.server.cached = true (default)
2022-12-06 15:44:45,564 [pool-94-thread-1] INFO  server.RaftServerConfigKeys (ConfUtils.java:logGet(46)) - raft.server.threadpool.server.size = 0 (default)
2022-12-06 15:44:45,564 [pool-94-thread-1] INFO  server.RaftServerConfigKeys (ConfUtils.java:logGet(46)) - raft.server.threadpool.client.cached = true (default)
2022-12-06 15:44:45,564 [pool-94-thread-1] INFO  server.RaftServerConfigKeys (ConfUtils.java:logGet(46)) - raft.server.threadpool.client.size = 0 (default)
2022-12-06 15:44:45,564 [pool-94-thread-1] INFO  storage.RaftStorageDirectory (RaftStorageDirectoryImpl.java:analyzeStorage(137)) - The storage directory /home/runner/work/ozone/ozone/hadoop-ozone/integration-test/target/test-dir/MiniOzoneClusterImpl-dce15e54-dc76-4f82-a75a-fd2a8a22e08e/datanode-1/data/ratis/71ddf8bb-714c-4a67-a210-815f7f527f96 does not exist. Creating ...
2022-12-06 15:44:45,571 [pool-94-thread-1] INFO  storage.RaftStorageDirectory (RaftStorageDirectoryImpl.java:tryLock(231)) - Lock on /home/runner/work/ozone/ozone/hadoop-ozone/integration-test/target/test-dir/MiniOzoneClusterImpl-dce15e54-dc76-4f82-a75a-fd2a8a22e08e/datanode-1/data/ratis/71ddf8bb-714c-4a67-a210-815f7f527f96/in_use.lock acquired by nodename 46996@fv-az133-40
2022-12-06 15:44:45,573 [pool-94-thread-1] INFO  storage.RaftStorage (RaftStorageImpl.java:format(96)) - Storage directory /home/runner/work/ozone/ozone/hadoop-ozone/integration-test/target/test-dir/MiniOzoneClusterImpl-dce15e54-dc76-4f82-a75a-fd2a8a22e08e/datanode-1/data/ratis/71ddf8bb-714c-4a67-a210-815f7f527f96 has been successfully formatted.
2022-12-06 15:44:45,573 [pool-94-thread-1] INFO  ratis.ContainerStateMachine (ContainerStateMachine.java:loadSnapshot(236)) - group-815F7F527F96: The snapshot info is null. Setting the last applied indexto:(t:0, i:~)
2022-12-06 15:44:45,575 [pool-94-thread-1] INFO  server.RaftServerConfigKeys (ConfUtils.java:logGet(46)) - raft.server.log.use.memory = false (default)
2022-12-06 15:44:45,576 [pool-94-thread-1] INFO  server.RaftServerConfigKeys (ConfUtils.java:logGet(46)) - raft.server.log.purge.gap = 1000000 (custom)
2022-12-06 15:44:45,576 [pool-94-thread-1] INFO  server.RaftServerConfigKeys (ConfUtils.java:logGet(46)) - raft.server.log.appender.buffer.byte-limit = 33554432 (custom)
2022-12-06 15:44:45,576 [pool-94-thread-1] INFO  server.RaftServerConfigKeys (ConfUtils.java:logGet(46)) - raft.server.log.statemachine.data.read.timeout = 1000ms (default)
2022-12-06 15:44:45,576 [pool-94-thread-1] INFO  server.RaftServerConfigKeys (ConfUtils.java:logGet(46)) - raft.server.log.purge.preservation.log.num = 0 (default)
2022-12-06 15:44:45,576 [pool-94-thread-1] INFO  server.RaftServerConfigKeys (ConfUtils.java:logGet(46)) - raft.server.log.segment.size.max = 1048576 (custom)
2022-12-06 15:44:45,577 [pool-94-thread-1] INFO  server.RaftServerConfigKeys (ConfUtils.java:logGet(46)) - raft.server.log.segment.cache.num.max = 2 (custom)
2022-12-06 15:44:45,577 [pool-94-thread-1] INFO  server.RaftServerConfigKeys (ConfUtils.java:logGet(46)) - raft.server.log.segment.cache.size.max = 200MB (=209715200) (default)
2022-12-06 15:44:45,577 [pool-94-thread-1] INFO  segmented.SegmentedRaftLogWorker (SegmentedRaftLogWorker.java:<init>(189)) - new 0587405b-2ffa-4132-824d-547ca09f0e52@group-815F7F527F96-SegmentedRaftLogWorker for RaftStorageImpl:Storage Directory /home/runner/work/ozone/ozone/hadoop-ozone/integration-test/target/test-dir/MiniOzoneClusterImpl-dce15e54-dc76-4f82-a75a-fd2a8a22e08e/datanode-1/data/ratis/71ddf8bb-714c-4a67-a210-815f7f527f96
2022-12-06 15:44:45,577 [pool-94-thread-1] INFO  server.RaftServerConfigKeys (ConfUtils.java:logGet(46)) - raft.server.log.queue.byte-limit = 4294967296 (custom)
2022-12-06 15:44:45,577 [pool-94-thread-1] INFO  server.RaftServerConfigKeys (ConfUtils.java:logGet(46)) - raft.server.log.queue.element-limit = 1024 (custom)
2022-12-06 15:44:45,577 [pool-94-thread-1] INFO  server.RaftServerConfigKeys (ConfUtils.java:logGet(46)) - raft.server.log.segment.size.max = 1048576 (custom)
2022-12-06 15:44:45,577 [pool-94-thread-1] INFO  server.RaftServerConfigKeys (ConfUtils.java:logGet(46)) - raft.server.log.preallocated.size = 16384 (custom)
2022-12-06 15:44:45,577 [pool-94-thread-1] INFO  server.RaftServerConfigKeys (ConfUtils.java:logGet(46)) - raft.server.log.force.sync.num = 128 (default)
2022-12-06 15:44:45,577 [pool-94-thread-1] INFO  server.RaftServerConfigKeys (ConfUtils.java:logGet(46)) - raft.server.log.statemachine.data.sync = true (default)
2022-12-06 15:44:45,577 [pool-94-thread-1] INFO  server.RaftServerConfigKeys (ConfUtils.java:logGet(46)) - raft.server.log.statemachine.data.sync.timeout = 10s (default)
2022-12-06 15:44:45,577 [pool-94-thread-1] INFO  server.RaftServerConfigKeys (ConfUtils.java:logGet(46)) - raft.server.log.statemachine.data.sync.timeout.retry = -1 (default)
2022-12-06 15:44:45,579 [pool-94-thread-1] INFO  server.RaftServerConfigKeys (ConfUtils.java:logGet(46)) - raft.server.log.write.buffer.size = 1048576 (custom)
2022-12-06 15:44:45,579 [pool-94-thread-1] INFO  server.RaftServerConfigKeys (ConfUtils.java:logGet(46)) - raft.server.log.appender.buffer.byte-limit = 33554432 (custom)
2022-12-06 15:44:45,587 [pool-94-thread-1] INFO  server.RaftServerConfigKeys (ConfUtils.java:logGet(46)) - raft.server.log.unsafe-flush.enabled = false (default)
2022-12-06 15:44:45,588 [EventQueue-CommandQueueReportForCommandQueueReportHandler] WARN  events.EventQueue (EventQueue.java:fireEvent(216)) - No event handler registered for event TypedEvent{payloadType=DatanodeDetails, name='Datanode_Command_Queue_Updated'}
2022-12-06 15:44:45,588 [EventQueue-PipelineReportForPipelineReportHandler] INFO  pipeline.PipelineManagerImpl (PipelineManagerImpl.java:openPipeline(367)) - Pipeline Pipeline[ Id: 71ddf8bb-714c-4a67-a210-815f7f527f96, Nodes: 0587405b-2ffa-4132-824d-547ca09f0e52{ip: 10.1.0.110, host: fv-az133-40.ac31hddj4phu5ocom5smqd4hkf.cx.internal.cloudapp.net, ports: [REPLICATION=32813, RATIS=38421, RATIS_ADMIN=38421, RATIS_SERVER=38421, STANDALONE=40413], networkLocation: /default-rack, certSerialId: null, persistedOpState: IN_SERVICE, persistedOpStateExpiryEpochSec: 0}, ReplicationConfig: RATIS/ONE, State:ALLOCATED, leaderId:0587405b-2ffa-4132-824d-547ca09f0e52, CreationTimestamp2022-12-06T15:44:42.550Z[Etc/UTC]] moved to OPEN state
2022-12-06 15:44:45,592 [EventQueue-OpenPipelineForHealthyPipelineSafeModeRule] INFO  safemode.SCMSafeModeManager (HealthyPipelineSafeModeRule.java:process(137)) - SCM in safe mode. Healthy pipelines reported count is 0, required healthy pipeline reported count is 1
2022-12-06 15:44:45,592 [pool-94-thread-1] INFO  server.RaftServerConfigKeys (ConfUtils.java:logGet(46)) - raft.server.log.async-flush.enabled = false (default)
2022-12-06 15:44:45,595 [pool-94-thread-1] INFO  server.RaftServerConfigKeys (ConfUtils.java:logGet(46)) - raft.server.log.statemachine.data.caching.enabled = true (custom)
2022-12-06 15:44:45,595 [pool-94-thread-1] INFO  segmented.SegmentedRaftLogWorker (SegmentedRaftLogWorker.java:lambda$new$0(135)) - 0587405b-2ffa-4132-824d-547ca09f0e52@group-815F7F527F96-SegmentedRaftLogWorker: flushIndex: setUnconditionally 0 -> -1
2022-12-06 15:44:45,595 [pool-94-thread-1] INFO  segmented.SegmentedRaftLogWorker (SegmentedRaftLogWorker.java:lambda$new$0(135)) - 0587405b-2ffa-4132-824d-547ca09f0e52@group-815F7F527F96-SegmentedRaftLogWorker: safeCacheEvictIndex: setUnconditionally 0 -> -1
2022-12-06 15:44:45,597 [pool-94-thread-1] INFO  server.RaftServer$Division (RaftServerImpl.java:start(334)) - 0587405b-2ffa-4132-824d-547ca09f0e52@group-815F7F527F96: start as a follower, conf=-1: peers:[0587405b-2ffa-4132-824d-547ca09f0e52|rpc:10.1.0.110:38421|priority:1|startupRole:FOLLOWER]|listeners:[], old=null
2022-12-06 15:44:45,597 [pool-94-thread-1] INFO  server.RaftServer$Division (RaftServerImpl.java:setRole(321)) - 0587405b-2ffa-4132-824d-547ca09f0e52@group-815F7F527F96: changes role from      null to FOLLOWER at term 0 for startAsFollower
2022-12-06 15:44:45,597 [pool-94-thread-1] INFO  impl.RoleInfo (RoleInfo.java:updateAndGet(139)) - 0587405b-2ffa-4132-824d-547ca09f0e52: start 0587405b-2ffa-4132-824d-547ca09f0e52@group-815F7F527F96-FollowerState
2022-12-06 15:44:45,598 [pool-94-thread-1] INFO  util.JmxRegister (JmxRegister.java:tryRegister(44)) - Successfully registered JMX Bean with object name Ratis:service=RaftServer,group=group-815F7F527F96,id=0587405b-2ffa-4132-824d-547ca09f0e52
2022-12-06 15:44:45,600 [pool-94-thread-1] INFO  server.RaftServerConfigKeys (ConfUtils.java:logGet(46)) - raft.server.snapshot.auto.trigger.enabled = true (custom)
2022-12-06 15:44:45,600 [pool-94-thread-1] INFO  server.RaftServerConfigKeys (ConfUtils.java:logGet(46)) - raft.server.snapshot.auto.trigger.threshold = 10000 (custom)
2022-12-06 15:44:45,600 [pool-94-thread-1] INFO  server.RaftServerConfigKeys (ConfUtils.java:logGet(46)) - raft.server.snapshot.retention.file.num = 5 (custom)
2022-12-06 15:44:45,600 [pool-94-thread-1] INFO  server.RaftServerConfigKeys (ConfUtils.java:logGet(46)) - raft.server.log.purge.upto.snapshot.index = false (default)
2022-12-06 15:44:45,601 [Command processor thread] INFO  ratis.XceiverServerRatis (XceiverServerRatis.java:addGroup(765)) - Created group PipelineID=71ddf8bb-714c-4a67-a210-815f7f527f96
2022-12-06 15:44:45,601 [Command processor thread] INFO  commandhandler.CreatePipelineCommandHandler (CreatePipelineCommandHandler.java:handle(113)) - Created Pipeline RATIS ONE PipelineID=71ddf8bb-714c-4a67-a210-815f7f527f96.
2022-12-06 15:44:45,602 [0587405b-2ffa-4132-824d-547ca09f0e52@group-815F7F527F96-FollowerState] INFO  server.RaftServerConfigKeys (ConfUtils.java:logFallback(53)) - raft.server.rpc.first-election.timeout.min = 5s (fallback to raft.server.rpc.timeout.min)
2022-12-06 15:44:45,602 [0587405b-2ffa-4132-824d-547ca09f0e52@group-815F7F527F96-FollowerState] INFO  server.RaftServerConfigKeys (ConfUtils.java:logFallback(53)) - raft.server.rpc.first-election.timeout.max = 5200ms (fallback to raft.server.rpc.timeout.max)
2022-12-06 15:44:45,602 [Command processor thread] INFO  server.RaftServer (RaftServerProxy.java:addNew(96)) - 0587405b-2ffa-4132-824d-547ca09f0e52: addNew group-E6EF3BE0CB72:[b0993b33-1422-4b90-a478-b8a2894a7eaa|rpc:10.1.0.110:42755|priority:1|startupRole:FOLLOWER, 4ef44404-e624-4c50-bb49-8deedaf9742c|rpc:10.1.0.110:46141|priority:0|startupRole:FOLLOWER, 0587405b-2ffa-4132-824d-547ca09f0e52|rpc:10.1.0.110:38421|priority:0|startupRole:FOLLOWER] returns group-E6EF3BE0CB72:java.util.concurrent.CompletableFuture@1fd2f3b4[Not completed]
2022-12-06 15:44:45,603 [pool-94-thread-1] INFO  server.RaftServer$Division (RaftServerImpl.java:<init>(195)) - 0587405b-2ffa-4132-824d-547ca09f0e52: new RaftServerImpl for group-E6EF3BE0CB72:[b0993b33-1422-4b90-a478-b8a2894a7eaa|rpc:10.1.0.110:42755|priority:1|startupRole:FOLLOWER, 4ef44404-e624-4c50-bb49-8deedaf9742c|rpc:10.1.0.110:46141|priority:0|startupRole:FOLLOWER, 0587405b-2ffa-4132-824d-547ca09f0e52|rpc:10.1.0.110:38421|priority:0|startupRole:FOLLOWER] with ContainerStateMachine:uninitialized
2022-12-06 15:44:45,604 [pool-94-thread-1] INFO  server.RaftServerConfigKeys (ConfUtils.java:logGet(46)) - raft.server.rpc.timeout.min = 5s (custom)
2022-12-06 15:44:45,604 [pool-94-thread-1] INFO  server.RaftServerConfigKeys (ConfUtils.java:logGet(46)) - raft.server.rpc.timeout.max = 5200ms (custom)
2022-12-06 15:44:45,604 [pool-94-thread-1] INFO  server.RaftServerConfigKeys (ConfUtils.java:logGet(46)) - raft.server.rpc.sleep.time = 25ms (default)
2022-12-06 15:44:45,604 [pool-94-thread-1] INFO  server.RaftServerConfigKeys (ConfUtils.java:logGet(46)) - raft.server.rpc.slowness.timeout = 300s (custom)
2022-12-06 15:44:45,604 [pool-94-thread-1] INFO  server.RaftServerConfigKeys (ConfUtils.java:logGet(46)) - raft.server.leaderelection.leader.step-down.wait-time = 10s (default)
2022-12-06 15:44:45,604 [pool-94-thread-1] INFO  server.RaftServerConfigKeys (ConfUtils.java:logGet(46)) - raft.server.sleep.deviation.threshold = 300ms (default)
2022-12-06 15:44:45,604 [pool-94-thread-1] INFO  server.RaftServer$Division (ServerState.java:<init>(118)) - 0587405b-2ffa-4132-824d-547ca09f0e52@group-E6EF3BE0CB72: ConfigurationManager, init=-1: peers:[b0993b33-1422-4b90-a478-b8a2894a7eaa|rpc:10.1.0.110:42755|priority:1|startupRole:FOLLOWER, 4ef44404-e624-4c50-bb49-8deedaf9742c|rpc:10.1.0.110:46141|priority:0|startupRole:FOLLOWER, 0587405b-2ffa-4132-824d-547ca09f0e52|rpc:10.1.0.110:38421|priority:0|startupRole:FOLLOWER]|listeners:[], old=null, confs=<EMPTY_MAP>
2022-12-06 15:44:45,604 [pool-94-thread-1] INFO  server.RaftServerConfigKeys (ConfUtils.java:logGet(46)) - raft.server.storage.dir = [/home/runner/work/ozone/ozone/hadoop-ozone/integration-test/target/test-dir/MiniOzoneClusterImpl-dce15e54-dc76-4f82-a75a-fd2a8a22e08e/datanode-1/data/ratis] (custom)
2022-12-06 15:44:45,604 [pool-94-thread-1] INFO  server.RaftServerConfigKeys (ConfUtils.java:logGet(46)) - raft.server.log.corruption.policy = EXCEPTION (default)
2022-12-06 15:44:45,604 [pool-94-thread-1] INFO  server.RaftServerConfigKeys (ConfUtils.java:logGet(46)) - raft.server.storage.free-space.min = 0MB (=0) (default)
2022-12-06 15:44:45,604 [pool-94-thread-1] INFO  server.RaftServerConfigKeys (ConfUtils.java:logGet(46)) - raft.server.notification.no-leader.timeout = 300s (custom)
2022-12-06 15:44:45,604 [pool-94-thread-1] INFO  server.RaftServerConfigKeys (ConfUtils.java:logGet(46)) - raft.server.retrycache.expirytime = 600000ms (custom)
2022-12-06 15:44:45,604 [pool-94-thread-1] INFO  server.RaftServerConfigKeys (ConfUtils.java:logGet(46)) - raft.server.retrycache.statistics.expirytime = 100μs (default)
2022-12-06 15:44:45,606 [pool-94-thread-1] INFO  server.RaftServerConfigKeys (ConfUtils.java:logGet(46)) - raft.server.log.appender.install.snapshot.enabled = false (custom)
2022-12-06 15:44:45,606 [pool-94-thread-1] INFO  server.RaftServerConfigKeys (ConfUtils.java:logGet(46)) - raft.server.threadpool.server.cached = true (default)
2022-12-06 15:44:45,606 [pool-94-thread-1] INFO  server.RaftServerConfigKeys (ConfUtils.java:logGet(46)) - raft.server.threadpool.server.size = 0 (default)
2022-12-06 15:44:45,606 [pool-94-thread-1] INFO  server.RaftServerConfigKeys (ConfUtils.java:logGet(46)) - raft.server.threadpool.client.cached = true (default)
2022-12-06 15:44:45,606 [pool-94-thread-1] INFO  server.RaftServerConfigKeys (ConfUtils.java:logGet(46)) - raft.server.threadpool.client.size = 0 (default)
2022-12-06 15:44:45,608 [pool-94-thread-1] INFO  storage.RaftStorageDirectory (RaftStorageDirectoryImpl.java:analyzeStorage(137)) - The storage directory /home/runner/work/ozone/ozone/hadoop-ozone/integration-test/target/test-dir/MiniOzoneClusterImpl-dce15e54-dc76-4f82-a75a-fd2a8a22e08e/datanode-1/data/ratis/f835e2b8-2c94-4d28-b8f1-e6ef3be0cb72 does not exist. Creating ...
2022-12-06 15:44:45,609 [pool-94-thread-1] INFO  storage.RaftStorageDirectory (RaftStorageDirectoryImpl.java:tryLock(231)) - Lock on /home/runner/work/ozone/ozone/hadoop-ozone/integration-test/target/test-dir/MiniOzoneClusterImpl-dce15e54-dc76-4f82-a75a-fd2a8a22e08e/datanode-1/data/ratis/f835e2b8-2c94-4d28-b8f1-e6ef3be0cb72/in_use.lock acquired by nodename 46996@fv-az133-40
2022-12-06 15:44:45,611 [pool-94-thread-1] INFO  storage.RaftStorage (RaftStorageImpl.java:format(96)) - Storage directory /home/runner/work/ozone/ozone/hadoop-ozone/integration-test/target/test-dir/MiniOzoneClusterImpl-dce15e54-dc76-4f82-a75a-fd2a8a22e08e/datanode-1/data/ratis/f835e2b8-2c94-4d28-b8f1-e6ef3be0cb72 has been successfully formatted.
2022-12-06 15:44:45,615 [EventQueue-CommandQueueReportForCommandQueueReportHandler] WARN  events.EventQueue (EventQueue.java:fireEvent(216)) - No event handler registered for event TypedEvent{payloadType=DatanodeDetails, name='Datanode_Command_Queue_Updated'}
2022-12-06 15:44:45,616 [EventQueue-OpenPipelineForHealthyPipelineSafeModeRule] INFO  safemode.SCMSafeModeManager (HealthyPipelineSafeModeRule.java:process(137)) - SCM in safe mode. Healthy pipelines reported count is 0, required healthy pipeline reported count is 1
2022-12-06 15:44:45,619 [pool-94-thread-1] INFO  ratis.ContainerStateMachine (ContainerStateMachine.java:loadSnapshot(236)) - group-E6EF3BE0CB72: The snapshot info is null. Setting the last applied indexto:(t:0, i:~)
2022-12-06 15:44:45,619 [pool-94-thread-1] INFO  server.RaftServerConfigKeys (ConfUtils.java:logGet(46)) - raft.server.log.use.memory = false (default)
2022-12-06 15:44:45,619 [pool-94-thread-1] INFO  server.RaftServerConfigKeys (ConfUtils.java:logGet(46)) - raft.server.log.purge.gap = 1000000 (custom)
2022-12-06 15:44:45,619 [pool-94-thread-1] INFO  server.RaftServerConfigKeys (ConfUtils.java:logGet(46)) - raft.server.log.appender.buffer.byte-limit = 33554432 (custom)
2022-12-06 15:44:45,619 [pool-94-thread-1] INFO  server.RaftServerConfigKeys (ConfUtils.java:logGet(46)) - raft.server.log.statemachine.data.read.timeout = 1000ms (default)
2022-12-06 15:44:45,619 [pool-94-thread-1] INFO  server.RaftServerConfigKeys (ConfUtils.java:logGet(46)) - raft.server.log.purge.preservation.log.num = 0 (default)
2022-12-06 15:44:45,620 [pool-94-thread-1] INFO  server.RaftServerConfigKeys (ConfUtils.java:logGet(46)) - raft.server.log.segment.size.max = 1048576 (custom)
2022-12-06 15:44:45,622 [pool-94-thread-1] INFO  server.RaftServerConfigKeys (ConfUtils.java:logGet(46)) - raft.server.log.segment.cache.num.max = 2 (custom)
2022-12-06 15:44:45,622 [pool-94-thread-1] INFO  server.RaftServerConfigKeys (ConfUtils.java:logGet(46)) - raft.server.log.segment.cache.size.max = 200MB (=209715200) (default)
2022-12-06 15:44:45,622 [pool-94-thread-1] INFO  segmented.SegmentedRaftLogWorker (SegmentedRaftLogWorker.java:<init>(189)) - new 0587405b-2ffa-4132-824d-547ca09f0e52@group-E6EF3BE0CB72-SegmentedRaftLogWorker for RaftStorageImpl:Storage Directory /home/runner/work/ozone/ozone/hadoop-ozone/integration-test/target/test-dir/MiniOzoneClusterImpl-dce15e54-dc76-4f82-a75a-fd2a8a22e08e/datanode-1/data/ratis/f835e2b8-2c94-4d28-b8f1-e6ef3be0cb72
2022-12-06 15:44:45,625 [EventQueue-CommandQueueReportForCommandQueueReportHandler] WARN  events.EventQueue (EventQueue.java:fireEvent(216)) - No event handler registered for event TypedEvent{payloadType=DatanodeDetails, name='Datanode_Command_Queue_Updated'}
2022-12-06 15:44:45,628 [pool-94-thread-1] INFO  server.RaftServerConfigKeys (ConfUtils.java:logGet(46)) - raft.server.log.queue.byte-limit = 4294967296 (custom)
2022-12-06 15:44:45,628 [pool-94-thread-1] INFO  server.RaftServerConfigKeys (ConfUtils.java:logGet(46)) - raft.server.log.queue.element-limit = 1024 (custom)
2022-12-06 15:44:45,628 [pool-94-thread-1] INFO  server.RaftServerConfigKeys (ConfUtils.java:logGet(46)) - raft.server.log.segment.size.max = 1048576 (custom)
2022-12-06 15:44:45,628 [pool-94-thread-1] INFO  server.RaftServerConfigKeys (ConfUtils.java:logGet(46)) - raft.server.log.preallocated.size = 16384 (custom)
2022-12-06 15:44:45,628 [pool-94-thread-1] INFO  server.RaftServerConfigKeys (ConfUtils.java:logGet(46)) - raft.server.log.force.sync.num = 128 (default)
2022-12-06 15:44:45,628 [pool-94-thread-1] INFO  server.RaftServerConfigKeys (ConfUtils.java:logGet(46)) - raft.server.log.statemachine.data.sync = true (default)
2022-12-06 15:44:45,628 [pool-94-thread-1] INFO  server.RaftServerConfigKeys (ConfUtils.java:logGet(46)) - raft.server.log.statemachine.data.sync.timeout = 10s (default)
2022-12-06 15:44:45,628 [pool-94-thread-1] INFO  server.RaftServerConfigKeys (ConfUtils.java:logGet(46)) - raft.server.log.statemachine.data.sync.timeout.retry = -1 (default)
2022-12-06 15:44:45,632 [pool-94-thread-1] INFO  server.RaftServerConfigKeys (ConfUtils.java:logGet(46)) - raft.server.log.write.buffer.size = 1048576 (custom)
2022-12-06 15:44:45,635 [pool-94-thread-1] INFO  server.RaftServerConfigKeys (ConfUtils.java:logGet(46)) - raft.server.log.appender.buffer.byte-limit = 33554432 (custom)
2022-12-06 15:44:45,643 [pool-94-thread-1] INFO  server.RaftServerConfigKeys (ConfUtils.java:logGet(46)) - raft.server.log.unsafe-flush.enabled = false (default)
2022-12-06 15:44:45,643 [pool-94-thread-1] INFO  server.RaftServerConfigKeys (ConfUtils.java:logGet(46)) - raft.server.log.async-flush.enabled = false (default)
2022-12-06 15:44:45,643 [pool-94-thread-1] INFO  server.RaftServerConfigKeys (ConfUtils.java:logGet(46)) - raft.server.log.statemachine.data.caching.enabled = true (custom)
2022-12-06 15:44:45,643 [pool-94-thread-1] INFO  segmented.SegmentedRaftLogWorker (SegmentedRaftLogWorker.java:lambda$new$0(135)) - 0587405b-2ffa-4132-824d-547ca09f0e52@group-E6EF3BE0CB72-SegmentedRaftLogWorker: flushIndex: setUnconditionally 0 -> -1
2022-12-06 15:44:45,643 [pool-94-thread-1] INFO  segmented.SegmentedRaftLogWorker (SegmentedRaftLogWorker.java:lambda$new$0(135)) - 0587405b-2ffa-4132-824d-547ca09f0e52@group-E6EF3BE0CB72-SegmentedRaftLogWorker: safeCacheEvictIndex: setUnconditionally 0 -> -1
2022-12-06 15:44:45,644 [pool-94-thread-1] INFO  server.RaftServer$Division (RaftServerImpl.java:start(334)) - 0587405b-2ffa-4132-824d-547ca09f0e52@group-E6EF3BE0CB72: start as a follower, conf=-1: peers:[b0993b33-1422-4b90-a478-b8a2894a7eaa|rpc:10.1.0.110:42755|priority:1|startupRole:FOLLOWER, 4ef44404-e624-4c50-bb49-8deedaf9742c|rpc:10.1.0.110:46141|priority:0|startupRole:FOLLOWER, 0587405b-2ffa-4132-824d-547ca09f0e52|rpc:10.1.0.110:38421|priority:0|startupRole:FOLLOWER]|listeners:[], old=null
2022-12-06 15:44:45,644 [pool-94-thread-1] INFO  server.RaftServer$Division (RaftServerImpl.java:setRole(321)) - 0587405b-2ffa-4132-824d-547ca09f0e52@group-E6EF3BE0CB72: changes role from      null to FOLLOWER at term 0 for startAsFollower
2022-12-06 15:44:45,644 [pool-94-thread-1] INFO  impl.RoleInfo (RoleInfo.java:updateAndGet(139)) - 0587405b-2ffa-4132-824d-547ca09f0e52: start 0587405b-2ffa-4132-824d-547ca09f0e52@group-E6EF3BE0CB72-FollowerState
2022-12-06 15:44:45,644 [pool-94-thread-1] INFO  util.JmxRegister (JmxRegister.java:tryRegister(44)) - Successfully registered JMX Bean with object name Ratis:service=RaftServer,group=group-E6EF3BE0CB72,id=0587405b-2ffa-4132-824d-547ca09f0e52
2022-12-06 15:44:45,644 [pool-94-thread-1] INFO  server.RaftServerConfigKeys (ConfUtils.java:logGet(46)) - raft.server.snapshot.auto.trigger.enabled = true (custom)
2022-12-06 15:44:45,644 [pool-94-thread-1] INFO  server.RaftServerConfigKeys (ConfUtils.java:logGet(46)) - raft.server.snapshot.auto.trigger.threshold = 10000 (custom)
2022-12-06 15:44:45,644 [pool-94-thread-1] INFO  server.RaftServerConfigKeys (ConfUtils.java:logGet(46)) - raft.server.snapshot.retention.file.num = 5 (custom)
2022-12-06 15:44:45,644 [pool-94-thread-1] INFO  server.RaftServerConfigKeys (ConfUtils.java:logGet(46)) - raft.server.log.purge.upto.snapshot.index = false (default)
2022-12-06 15:44:45,646 [0587405b-2ffa-4132-824d-547ca09f0e52@group-E6EF3BE0CB72-FollowerState] INFO  server.RaftServerConfigKeys (ConfUtils.java:logFallback(53)) - raft.server.rpc.first-election.timeout.min = 5s (fallback to raft.server.rpc.timeout.min)
2022-12-06 15:44:45,646 [0587405b-2ffa-4132-824d-547ca09f0e52@group-E6EF3BE0CB72-FollowerState] INFO  server.RaftServerConfigKeys (ConfUtils.java:logFallback(53)) - raft.server.rpc.first-election.timeout.max = 5200ms (fallback to raft.server.rpc.timeout.max)
2022-12-06 15:44:45,647 [Command processor thread] INFO  ratis.XceiverServerRatis (XceiverServerRatis.java:addGroup(765)) - Created group PipelineID=f835e2b8-2c94-4d28-b8f1-e6ef3be0cb72
2022-12-06 15:44:45,923 [Command processor thread] INFO  server.RaftServer (RaftServerProxy.java:addNew(96)) - b0993b33-1422-4b90-a478-b8a2894a7eaa: addNew group-860DA3541F0F:[b0993b33-1422-4b90-a478-b8a2894a7eaa|rpc:10.1.0.110:42755|priority:1|startupRole:FOLLOWER] returns group-860DA3541F0F:java.util.concurrent.CompletableFuture@356a9058[Not completed]
2022-12-06 15:44:45,926 [EventQueue-CommandQueueReportForCommandQueueReportHandler] WARN  events.EventQueue (EventQueue.java:fireEvent(216)) - No event handler registered for event TypedEvent{payloadType=DatanodeDetails, name='Datanode_Command_Queue_Updated'}
2022-12-06 15:44:45,931 [grpc-default-executor-0] INFO  server.RaftServer (RaftServerProxy.java:addNew(96)) - b0993b33-1422-4b90-a478-b8a2894a7eaa: addNew group-E6EF3BE0CB72:[b0993b33-1422-4b90-a478-b8a2894a7eaa|rpc:10.1.0.110:42755|dataStream:|priority:1|startupRole:FOLLOWER, 4ef44404-e624-4c50-bb49-8deedaf9742c|rpc:10.1.0.110:46141|dataStream:|priority:0|startupRole:FOLLOWER, 0587405b-2ffa-4132-824d-547ca09f0e52|rpc:10.1.0.110:38421|dataStream:|priority:0|startupRole:FOLLOWER] returns group-E6EF3BE0CB72:java.util.concurrent.CompletableFuture@7905df01[Not completed]
2022-12-06 15:44:45,938 [pool-117-thread-1] INFO  server.RaftServer$Division (RaftServerImpl.java:<init>(195)) - b0993b33-1422-4b90-a478-b8a2894a7eaa: new RaftServerImpl for group-860DA3541F0F:[b0993b33-1422-4b90-a478-b8a2894a7eaa|rpc:10.1.0.110:42755|priority:1|startupRole:FOLLOWER] with ContainerStateMachine:uninitialized
2022-12-06 15:44:45,939 [pool-117-thread-1] INFO  server.RaftServerConfigKeys (ConfUtils.java:logGet(46)) - raft.server.rpc.timeout.min = 5s (custom)
2022-12-06 15:44:45,939 [pool-117-thread-1] INFO  server.RaftServerConfigKeys (ConfUtils.java:logGet(46)) - raft.server.rpc.timeout.max = 5200ms (custom)
2022-12-06 15:44:45,944 [pool-117-thread-1] INFO  server.RaftServerConfigKeys (ConfUtils.java:logGet(46)) - raft.server.rpc.sleep.time = 25ms (default)
2022-12-06 15:44:45,944 [pool-117-thread-1] INFO  server.RaftServerConfigKeys (ConfUtils.java:logGet(46)) - raft.server.rpc.slowness.timeout = 300s (custom)
2022-12-06 15:44:45,944 [pool-117-thread-1] INFO  server.RaftServerConfigKeys (ConfUtils.java:logGet(46)) - raft.server.leaderelection.leader.step-down.wait-time = 10s (default)
2022-12-06 15:44:45,944 [pool-117-thread-1] INFO  server.RaftServerConfigKeys (ConfUtils.java:logGet(46)) - raft.server.sleep.deviation.threshold = 300ms (default)
2022-12-06 15:44:45,944 [pool-117-thread-1] INFO  server.RaftServer$Division (ServerState.java:<init>(118)) - b0993b33-1422-4b90-a478-b8a2894a7eaa@group-860DA3541F0F: ConfigurationManager, init=-1: peers:[b0993b33-1422-4b90-a478-b8a2894a7eaa|rpc:10.1.0.110:42755|priority:1|startupRole:FOLLOWER]|listeners:[], old=null, confs=<EMPTY_MAP>
2022-12-06 15:44:45,945 [pool-117-thread-1] INFO  server.RaftServerConfigKeys (ConfUtils.java:logGet(46)) - raft.server.storage.dir = [/home/runner/work/ozone/ozone/hadoop-ozone/integration-test/target/test-dir/MiniOzoneClusterImpl-dce15e54-dc76-4f82-a75a-fd2a8a22e08e/datanode-2/data/ratis] (custom)
2022-12-06 15:44:45,945 [pool-117-thread-1] INFO  server.RaftServerConfigKeys (ConfUtils.java:logGet(46)) - raft.server.log.corruption.policy = EXCEPTION (default)
2022-12-06 15:44:45,945 [pool-117-thread-1] INFO  server.RaftServerConfigKeys (ConfUtils.java:logGet(46)) - raft.server.storage.free-space.min = 0MB (=0) (default)
2022-12-06 15:44:45,945 [pool-117-thread-1] INFO  server.RaftServerConfigKeys (ConfUtils.java:logGet(46)) - raft.server.notification.no-leader.timeout = 300s (custom)
2022-12-06 15:44:45,945 [pool-117-thread-1] INFO  server.RaftServerConfigKeys (ConfUtils.java:logGet(46)) - raft.server.retrycache.expirytime = 600000ms (custom)
2022-12-06 15:44:45,945 [pool-117-thread-1] INFO  server.RaftServerConfigKeys (ConfUtils.java:logGet(46)) - raft.server.retrycache.statistics.expirytime = 100μs (default)
2022-12-06 15:44:45,949 [pool-117-thread-1] INFO  server.RaftServerConfigKeys (ConfUtils.java:logGet(46)) - raft.server.log.appender.install.snapshot.enabled = false (custom)
2022-12-06 15:44:45,949 [pool-117-thread-1] INFO  server.RaftServerConfigKeys (ConfUtils.java:logGet(46)) - raft.server.threadpool.server.cached = true (default)
2022-12-06 15:44:45,951 [pool-117-thread-1] INFO  server.RaftServerConfigKeys (ConfUtils.java:logGet(46)) - raft.server.threadpool.server.size = 0 (default)
2022-12-06 15:44:45,951 [pool-117-thread-1] INFO  server.RaftServerConfigKeys (ConfUtils.java:logGet(46)) - raft.server.threadpool.client.cached = true (default)
2022-12-06 15:44:45,951 [pool-117-thread-1] INFO  server.RaftServerConfigKeys (ConfUtils.java:logGet(46)) - raft.server.threadpool.client.size = 0 (default)
2022-12-06 15:44:45,953 [EventQueue-CommandQueueReportForCommandQueueReportHandler] WARN  events.EventQueue (EventQueue.java:fireEvent(216)) - No event handler registered for event TypedEvent{payloadType=DatanodeDetails, name='Datanode_Command_Queue_Updated'}
2022-12-06 15:44:45,954 [pool-117-thread-1] INFO  server.RaftServer$Division (RaftServerImpl.java:<init>(195)) - b0993b33-1422-4b90-a478-b8a2894a7eaa: new RaftServerImpl for group-E6EF3BE0CB72:[b0993b33-1422-4b90-a478-b8a2894a7eaa|rpc:10.1.0.110:42755|dataStream:|priority:1|startupRole:FOLLOWER, 4ef44404-e624-4c50-bb49-8deedaf9742c|rpc:10.1.0.110:46141|dataStream:|priority:0|startupRole:FOLLOWER, 0587405b-2ffa-4132-824d-547ca09f0e52|rpc:10.1.0.110:38421|dataStream:|priority:0|startupRole:FOLLOWER] with ContainerStateMachine:uninitialized
2022-12-06 15:44:45,967 [pool-117-thread-1] INFO  server.RaftServerConfigKeys (ConfUtils.java:logGet(46)) - raft.server.rpc.timeout.min = 5s (custom)
2022-12-06 15:44:45,967 [pool-117-thread-1] INFO  server.RaftServerConfigKeys (ConfUtils.java:logGet(46)) - raft.server.rpc.timeout.max = 5200ms (custom)
2022-12-06 15:44:45,967 [pool-117-thread-1] INFO  server.RaftServerConfigKeys (ConfUtils.java:logGet(46)) - raft.server.rpc.sleep.time = 25ms (default)
2022-12-06 15:44:45,967 [pool-117-thread-1] INFO  server.RaftServerConfigKeys (ConfUtils.java:logGet(46)) - raft.server.rpc.slowness.timeout = 300s (custom)
2022-12-06 15:44:45,968 [pool-117-thread-1] INFO  server.RaftServerConfigKeys (ConfUtils.java:logGet(46)) - raft.server.leaderelection.leader.step-down.wait-time = 10s (default)
2022-12-06 15:44:45,968 [pool-117-thread-1] INFO  server.RaftServerConfigKeys (ConfUtils.java:logGet(46)) - raft.server.sleep.deviation.threshold = 300ms (default)
2022-12-06 15:44:45,968 [pool-117-thread-1] INFO  server.RaftServer$Division (ServerState.java:<init>(118)) - b0993b33-1422-4b90-a478-b8a2894a7eaa@group-E6EF3BE0CB72: ConfigurationManager, init=-1: peers:[b0993b33-1422-4b90-a478-b8a2894a7eaa|rpc:10.1.0.110:42755|dataStream:|priority:1|startupRole:FOLLOWER, 4ef44404-e624-4c50-bb49-8deedaf9742c|rpc:10.1.0.110:46141|dataStream:|priority:0|startupRole:FOLLOWER, 0587405b-2ffa-4132-824d-547ca09f0e52|rpc:10.1.0.110:38421|dataStream:|priority:0|startupRole:FOLLOWER]|listeners:[], old=null, confs=<EMPTY_MAP>
2022-12-06 15:44:45,968 [pool-117-thread-1] INFO  server.RaftServerConfigKeys (ConfUtils.java:logGet(46)) - raft.server.storage.dir = [/home/runner/work/ozone/ozone/hadoop-ozone/integration-test/target/test-dir/MiniOzoneClusterImpl-dce15e54-dc76-4f82-a75a-fd2a8a22e08e/datanode-2/data/ratis] (custom)
2022-12-06 15:44:45,968 [pool-117-thread-1] INFO  server.RaftServerConfigKeys (ConfUtils.java:logGet(46)) - raft.server.log.corruption.policy = EXCEPTION (default)
2022-12-06 15:44:45,968 [pool-117-thread-1] INFO  server.RaftServerConfigKeys (ConfUtils.java:logGet(46)) - raft.server.storage.free-space.min = 0MB (=0) (default)
2022-12-06 15:44:45,968 [pool-117-thread-1] INFO  server.RaftServerConfigKeys (ConfUtils.java:logGet(46)) - raft.server.notification.no-leader.timeout = 300s (custom)
2022-12-06 15:44:45,968 [pool-117-thread-1] INFO  server.RaftServerConfigKeys (ConfUtils.java:logGet(46)) - raft.server.retrycache.expirytime = 600000ms (custom)
2022-12-06 15:44:45,968 [pool-117-thread-1] INFO  server.RaftServerConfigKeys (ConfUtils.java:logGet(46)) - raft.server.retrycache.statistics.expirytime = 100μs (default)
2022-12-06 15:44:45,970 [pool-117-thread-1] INFO  server.RaftServerConfigKeys (ConfUtils.java:logGet(46)) - raft.server.log.appender.install.snapshot.enabled = false (custom)
2022-12-06 15:44:45,970 [pool-117-thread-1] INFO  server.RaftServerConfigKeys (ConfUtils.java:logGet(46)) - raft.server.threadpool.server.cached = true (default)
2022-12-06 15:44:45,970 [pool-117-thread-1] INFO  server.RaftServerConfigKeys (ConfUtils.java:logGet(46)) - raft.server.threadpool.server.size = 0 (default)
2022-12-06 15:44:45,970 [pool-117-thread-1] INFO  server.RaftServerConfigKeys (ConfUtils.java:logGet(46)) - raft.server.threadpool.client.cached = true (default)
2022-12-06 15:44:45,970 [pool-117-thread-1] INFO  server.RaftServerConfigKeys (ConfUtils.java:logGet(46)) - raft.server.threadpool.client.size = 0 (default)
2022-12-06 15:44:45,970 [pool-117-thread-1] INFO  storage.RaftStorageDirectory (RaftStorageDirectoryImpl.java:analyzeStorage(137)) - The storage directory /home/runner/work/ozone/ozone/hadoop-ozone/integration-test/target/test-dir/MiniOzoneClusterImpl-dce15e54-dc76-4f82-a75a-fd2a8a22e08e/datanode-2/data/ratis/bf923e71-20ae-46e3-a36e-860da3541f0f does not exist. Creating ...
2022-12-06 15:44:45,971 [pool-117-thread-1] INFO  storage.RaftStorageDirectory (RaftStorageDirectoryImpl.java:tryLock(231)) - Lock on /home/runner/work/ozone/ozone/hadoop-ozone/integration-test/target/test-dir/MiniOzoneClusterImpl-dce15e54-dc76-4f82-a75a-fd2a8a22e08e/datanode-2/data/ratis/bf923e71-20ae-46e3-a36e-860da3541f0f/in_use.lock acquired by nodename 46996@fv-az133-40
2022-12-06 15:44:45,973 [pool-117-thread-1] INFO  storage.RaftStorage (RaftStorageImpl.java:format(96)) - Storage directory /home/runner/work/ozone/ozone/hadoop-ozone/integration-test/target/test-dir/MiniOzoneClusterImpl-dce15e54-dc76-4f82-a75a-fd2a8a22e08e/datanode-2/data/ratis/bf923e71-20ae-46e3-a36e-860da3541f0f has been successfully formatted.
2022-12-06 15:44:45,973 [pool-117-thread-1] INFO  ratis.ContainerStateMachine (ContainerStateMachine.java:loadSnapshot(236)) - group-860DA3541F0F: The snapshot info is null. Setting the last applied indexto:(t:0, i:~)
2022-12-06 15:44:45,974 [pool-117-thread-1] INFO  server.RaftServerConfigKeys (ConfUtils.java:logGet(46)) - raft.server.log.use.memory = false (default)
2022-12-06 15:44:45,974 [pool-117-thread-1] INFO  server.RaftServerConfigKeys (ConfUtils.java:logGet(46)) - raft.server.log.purge.gap = 1000000 (custom)
2022-12-06 15:44:45,974 [pool-117-thread-1] INFO  server.RaftServerConfigKeys (ConfUtils.java:logGet(46)) - raft.server.log.appender.buffer.byte-limit = 33554432 (custom)
2022-12-06 15:44:45,974 [pool-117-thread-1] INFO  server.RaftServerConfigKeys (ConfUtils.java:logGet(46)) - raft.server.log.statemachine.data.read.timeout = 1000ms (default)
2022-12-06 15:44:45,974 [pool-117-thread-1] INFO  server.RaftServerConfigKeys (ConfUtils.java:logGet(46)) - raft.server.log.purge.preservation.log.num = 0 (default)
2022-12-06 15:44:45,976 [EventQueue-CommandQueueReportForCommandQueueReportHandler] WARN  events.EventQueue (EventQueue.java:fireEvent(216)) - No event handler registered for event TypedEvent{payloadType=DatanodeDetails, name='Datanode_Command_Queue_Updated'}
2022-12-06 15:44:45,977 [pool-117-thread-1] INFO  server.RaftServerConfigKeys (ConfUtils.java:logGet(46)) - raft.server.log.segment.size.max = 1048576 (custom)
2022-12-06 15:44:46,001 [pool-117-thread-1] INFO  server.RaftServerConfigKeys (ConfUtils.java:logGet(46)) - raft.server.log.segment.cache.num.max = 2 (custom)
2022-12-06 15:44:46,001 [pool-117-thread-1] INFO  server.RaftServerConfigKeys (ConfUtils.java:logGet(46)) - raft.server.log.segment.cache.size.max = 200MB (=209715200) (default)
2022-12-06 15:44:46,001 [pool-117-thread-1] INFO  segmented.SegmentedRaftLogWorker (SegmentedRaftLogWorker.java:<init>(189)) - new b0993b33-1422-4b90-a478-b8a2894a7eaa@group-860DA3541F0F-SegmentedRaftLogWorker for RaftStorageImpl:Storage Directory /home/runner/work/ozone/ozone/hadoop-ozone/integration-test/target/test-dir/MiniOzoneClusterImpl-dce15e54-dc76-4f82-a75a-fd2a8a22e08e/datanode-2/data/ratis/bf923e71-20ae-46e3-a36e-860da3541f0f
2022-12-06 15:44:46,001 [pool-117-thread-1] INFO  server.RaftServerConfigKeys (ConfUtils.java:logGet(46)) - raft.server.log.queue.byte-limit = 4294967296 (custom)
2022-12-06 15:44:46,001 [pool-117-thread-1] INFO  server.RaftServerConfigKeys (ConfUtils.java:logGet(46)) - raft.server.log.queue.element-limit = 1024 (custom)
2022-12-06 15:44:46,001 [pool-117-thread-1] INFO  server.RaftServerConfigKeys (ConfUtils.java:logGet(46)) - raft.server.log.segment.size.max = 1048576 (custom)
2022-12-06 15:44:46,001 [pool-117-thread-1] INFO  server.RaftServerConfigKeys (ConfUtils.java:logGet(46)) - raft.server.log.preallocated.size = 16384 (custom)
2022-12-06 15:44:46,001 [pool-117-thread-1] INFO  server.RaftServerConfigKeys (ConfUtils.java:logGet(46)) - raft.server.log.force.sync.num = 128 (default)
2022-12-06 15:44:46,001 [pool-117-thread-1] INFO  server.RaftServerConfigKeys (ConfUtils.java:logGet(46)) - raft.server.log.statemachine.data.sync = true (default)
2022-12-06 15:44:46,002 [pool-117-thread-1] INFO  server.RaftServerConfigKeys (ConfUtils.java:logGet(46)) - raft.server.log.statemachine.data.sync.timeout = 10s (default)
2022-12-06 15:44:46,002 [pool-117-thread-1] INFO  server.RaftServerConfigKeys (ConfUtils.java:logGet(46)) - raft.server.log.statemachine.data.sync.timeout.retry = -1 (default)
2022-12-06 15:44:45,976 [EventQueue-PipelineReportForPipelineReportHandler] INFO  pipeline.PipelineManagerImpl (PipelineManagerImpl.java:openPipeline(367)) - Pipeline Pipeline[ Id: bf923e71-20ae-46e3-a36e-860da3541f0f, Nodes: b0993b33-1422-4b90-a478-b8a2894a7eaa{ip: 10.1.0.110, host: fv-az133-40.ac31hddj4phu5ocom5smqd4hkf.cx.internal.cloudapp.net, ports: [REPLICATION=44271, RATIS=42755, RATIS_ADMIN=42755, RATIS_SERVER=42755, STANDALONE=38575], networkLocation: /default-rack, certSerialId: null, persistedOpState: IN_SERVICE, persistedOpStateExpiryEpochSec: 0}, ReplicationConfig: RATIS/ONE, State:ALLOCATED, leaderId:b0993b33-1422-4b90-a478-b8a2894a7eaa, CreationTimestamp2022-12-06T15:44:42.924Z[Etc/UTC]] moved to OPEN state
2022-12-06 15:44:46,002 [EventQueue-OpenPipelineForHealthyPipelineSafeModeRule] INFO  safemode.SCMSafeModeManager (HealthyPipelineSafeModeRule.java:process(137)) - SCM in safe mode. Healthy pipelines reported count is 0, required healthy pipeline reported count is 1
2022-12-06 15:44:46,003 [pool-117-thread-1] INFO  server.RaftServerConfigKeys (ConfUtils.java:logGet(46)) - raft.server.log.write.buffer.size = 1048576 (custom)
2022-12-06 15:44:46,006 [pool-117-thread-1] INFO  server.RaftServerConfigKeys (ConfUtils.java:logGet(46)) - raft.server.log.appender.buffer.byte-limit = 33554432 (custom)
2022-12-06 15:44:46,011 [pool-117-thread-1] INFO  server.RaftServerConfigKeys (ConfUtils.java:logGet(46)) - raft.server.log.unsafe-flush.enabled = false (default)
2022-12-06 15:44:46,011 [pool-117-thread-1] INFO  server.RaftServerConfigKeys (ConfUtils.java:logGet(46)) - raft.server.log.async-flush.enabled = false (default)
2022-12-06 15:44:46,011 [pool-117-thread-1] INFO  server.RaftServerConfigKeys (ConfUtils.java:logGet(46)) - raft.server.log.statemachine.data.caching.enabled = true (custom)
2022-12-06 15:44:46,011 [pool-117-thread-1] INFO  segmented.SegmentedRaftLogWorker (SegmentedRaftLogWorker.java:lambda$new$0(135)) - b0993b33-1422-4b90-a478-b8a2894a7eaa@group-860DA3541F0F-SegmentedRaftLogWorker: flushIndex: setUnconditionally 0 -> -1
2022-12-06 15:44:46,011 [pool-117-thread-1] INFO  segmented.SegmentedRaftLogWorker (SegmentedRaftLogWorker.java:lambda$new$0(135)) - b0993b33-1422-4b90-a478-b8a2894a7eaa@group-860DA3541F0F-SegmentedRaftLogWorker: safeCacheEvictIndex: setUnconditionally 0 -> -1
2022-12-06 15:44:46,012 [pool-117-thread-1] INFO  server.RaftServer$Division (RaftServerImpl.java:start(334)) - b0993b33-1422-4b90-a478-b8a2894a7eaa@group-860DA3541F0F: start as a follower, conf=-1: peers:[b0993b33-1422-4b90-a478-b8a2894a7eaa|rpc:10.1.0.110:42755|priority:1|startupRole:FOLLOWER]|listeners:[], old=null
2022-12-06 15:44:46,012 [pool-117-thread-1] INFO  server.RaftServer$Division (RaftServerImpl.java:setRole(321)) - b0993b33-1422-4b90-a478-b8a2894a7eaa@group-860DA3541F0F: changes role from      null to FOLLOWER at term 0 for startAsFollower
2022-12-06 15:44:46,012 [pool-117-thread-1] INFO  impl.RoleInfo (RoleInfo.java:updateAndGet(139)) - b0993b33-1422-4b90-a478-b8a2894a7eaa: start b0993b33-1422-4b90-a478-b8a2894a7eaa@group-860DA3541F0F-FollowerState
2022-12-06 15:44:46,012 [pool-117-thread-1] INFO  util.JmxRegister (JmxRegister.java:tryRegister(44)) - Successfully registered JMX Bean with object name Ratis:service=RaftServer,group=group-860DA3541F0F,id=b0993b33-1422-4b90-a478-b8a2894a7eaa
2022-12-06 15:44:46,013 [pool-117-thread-1] INFO  server.RaftServerConfigKeys (ConfUtils.java:logGet(46)) - raft.server.snapshot.auto.trigger.enabled = true (custom)
2022-12-06 15:44:46,013 [pool-117-thread-1] INFO  server.RaftServerConfigKeys (ConfUtils.java:logGet(46)) - raft.server.snapshot.auto.trigger.threshold = 10000 (custom)
2022-12-06 15:44:46,013 [pool-117-thread-1] INFO  server.RaftServerConfigKeys (ConfUtils.java:logGet(46)) - raft.server.snapshot.retention.file.num = 5 (custom)
2022-12-06 15:44:46,013 [pool-117-thread-1] INFO  server.RaftServerConfigKeys (ConfUtils.java:logGet(46)) - raft.server.log.purge.upto.snapshot.index = false (default)
2022-12-06 15:44:46,032 [b0993b33-1422-4b90-a478-b8a2894a7eaa@group-860DA3541F0F-FollowerState] INFO  server.RaftServerConfigKeys (ConfUtils.java:logFallback(53)) - raft.server.rpc.first-election.timeout.min = 5s (fallback to raft.server.rpc.timeout.min)
2022-12-06 15:44:46,035 [b0993b33-1422-4b90-a478-b8a2894a7eaa@group-860DA3541F0F-FollowerState] INFO  server.RaftServerConfigKeys (ConfUtils.java:logFallback(53)) - raft.server.rpc.first-election.timeout.max = 5200ms (fallback to raft.server.rpc.timeout.max)
2022-12-06 15:44:46,035 [pool-117-thread-1] INFO  storage.RaftStorageDirectory (RaftStorageDirectoryImpl.java:analyzeStorage(137)) - The storage directory /home/runner/work/ozone/ozone/hadoop-ozone/integration-test/target/test-dir/MiniOzoneClusterImpl-dce15e54-dc76-4f82-a75a-fd2a8a22e08e/datanode-2/data/ratis/f835e2b8-2c94-4d28-b8f1-e6ef3be0cb72 does not exist. Creating ...
2022-12-06 15:44:46,036 [Command processor thread] INFO  ratis.XceiverServerRatis (XceiverServerRatis.java:addGroup(765)) - Created group PipelineID=bf923e71-20ae-46e3-a36e-860da3541f0f
2022-12-06 15:44:46,036 [Command processor thread] INFO  commandhandler.CreatePipelineCommandHandler (CreatePipelineCommandHandler.java:handle(113)) - Created Pipeline RATIS ONE PipelineID=bf923e71-20ae-46e3-a36e-860da3541f0f.
2022-12-06 15:44:46,036 [Command processor thread] INFO  server.RaftServer (RaftServerProxy.java:addNew(96)) - b0993b33-1422-4b90-a478-b8a2894a7eaa: addNew group-6B60A7C996DB:[4ef44404-e624-4c50-bb49-8deedaf9742c|rpc:10.1.0.110:46141|priority:1|startupRole:FOLLOWER, b0993b33-1422-4b90-a478-b8a2894a7eaa|rpc:10.1.0.110:42755|priority:0|startupRole:FOLLOWER, 0587405b-2ffa-4132-824d-547ca09f0e52|rpc:10.1.0.110:38421|priority:0|startupRole:FOLLOWER] returns group-6B60A7C996DB:java.util.concurrent.CompletableFuture@3155122d[Not completed]
2022-12-06 15:44:46,037 [pool-117-thread-1] INFO  storage.RaftStorageDirectory (RaftStorageDirectoryImpl.java:tryLock(231)) - Lock on /home/runner/work/ozone/ozone/hadoop-ozone/integration-test/target/test-dir/MiniOzoneClusterImpl-dce15e54-dc76-4f82-a75a-fd2a8a22e08e/datanode-2/data/ratis/f835e2b8-2c94-4d28-b8f1-e6ef3be0cb72/in_use.lock acquired by nodename 46996@fv-az133-40
2022-12-06 15:44:46,038 [pool-117-thread-1] INFO  storage.RaftStorage (RaftStorageImpl.java:format(96)) - Storage directory /home/runner/work/ozone/ozone/hadoop-ozone/integration-test/target/test-dir/MiniOzoneClusterImpl-dce15e54-dc76-4f82-a75a-fd2a8a22e08e/datanode-2/data/ratis/f835e2b8-2c94-4d28-b8f1-e6ef3be0cb72 has been successfully formatted.
2022-12-06 15:44:46,040 [pool-117-thread-1] INFO  ratis.ContainerStateMachine (ContainerStateMachine.java:loadSnapshot(236)) - group-E6EF3BE0CB72: The snapshot info is null. Setting the last applied indexto:(t:0, i:~)
2022-12-06 15:44:46,040 [pool-117-thread-1] INFO  server.RaftServerConfigKeys (ConfUtils.java:logGet(46)) - raft.server.log.use.memory = false (default)
2022-12-06 15:44:46,040 [pool-117-thread-1] INFO  server.RaftServerConfigKeys (ConfUtils.java:logGet(46)) - raft.server.log.purge.gap = 1000000 (custom)
2022-12-06 15:44:46,040 [pool-117-thread-1] INFO  server.RaftServerConfigKeys (ConfUtils.java:logGet(46)) - raft.server.log.appender.buffer.byte-limit = 33554432 (custom)
2022-12-06 15:44:46,040 [pool-117-thread-1] INFO  server.RaftServerConfigKeys (ConfUtils.java:logGet(46)) - raft.server.log.statemachine.data.read.timeout = 1000ms (default)
2022-12-06 15:44:46,040 [pool-117-thread-1] INFO  server.RaftServerConfigKeys (ConfUtils.java:logGet(46)) - raft.server.log.purge.preservation.log.num = 0 (default)
2022-12-06 15:44:46,040 [pool-117-thread-1] INFO  server.RaftServerConfigKeys (ConfUtils.java:logGet(46)) - raft.server.log.segment.size.max = 1048576 (custom)
2022-12-06 15:44:46,041 [pool-117-thread-1] INFO  server.RaftServerConfigKeys (ConfUtils.java:logGet(46)) - raft.server.log.segment.cache.num.max = 2 (custom)
2022-12-06 15:44:46,041 [pool-117-thread-1] INFO  server.RaftServerConfigKeys (ConfUtils.java:logGet(46)) - raft.server.log.segment.cache.size.max = 200MB (=209715200) (default)
2022-12-06 15:44:46,041 [pool-117-thread-1] INFO  segmented.SegmentedRaftLogWorker (SegmentedRaftLogWorker.java:<init>(189)) - new b0993b33-1422-4b90-a478-b8a2894a7eaa@group-E6EF3BE0CB72-SegmentedRaftLogWorker for RaftStorageImpl:Storage Directory /home/runner/work/ozone/ozone/hadoop-ozone/integration-test/target/test-dir/MiniOzoneClusterImpl-dce15e54-dc76-4f82-a75a-fd2a8a22e08e/datanode-2/data/ratis/f835e2b8-2c94-4d28-b8f1-e6ef3be0cb72
2022-12-06 15:44:46,041 [pool-117-thread-1] INFO  server.RaftServerConfigKeys (ConfUtils.java:logGet(46)) - raft.server.log.queue.byte-limit = 4294967296 (custom)
2022-12-06 15:44:46,043 [pool-117-thread-1] INFO  server.RaftServerConfigKeys (ConfUtils.java:logGet(46)) - raft.server.log.queue.element-limit = 1024 (custom)
2022-12-06 15:44:46,043 [pool-117-thread-1] INFO  server.RaftServerConfigKeys (ConfUtils.java:logGet(46)) - raft.server.log.segment.size.max = 1048576 (custom)
2022-12-06 15:44:46,043 [pool-117-thread-1] INFO  server.RaftServerConfigKeys (ConfUtils.java:logGet(46)) - raft.server.log.preallocated.size = 16384 (custom)
2022-12-06 15:44:46,043 [pool-117-thread-1] INFO  server.RaftServerConfigKeys (ConfUtils.java:logGet(46)) - raft.server.log.force.sync.num = 128 (default)
2022-12-06 15:44:46,043 [pool-117-thread-1] INFO  server.RaftServerConfigKeys (ConfUtils.java:logGet(46)) - raft.server.log.statemachine.data.sync = true (default)
2022-12-06 15:44:46,043 [pool-117-thread-1] INFO  server.RaftServerConfigKeys (ConfUtils.java:logGet(46)) - raft.server.log.statemachine.data.sync.timeout = 10s (default)
2022-12-06 15:44:46,043 [pool-117-thread-1] INFO  server.RaftServerConfigKeys (ConfUtils.java:logGet(46)) - raft.server.log.statemachine.data.sync.timeout.retry = -1 (default)
2022-12-06 15:44:46,044 [pool-117-thread-1] INFO  server.RaftServerConfigKeys (ConfUtils.java:logGet(46)) - raft.server.log.write.buffer.size = 1048576 (custom)
2022-12-06 15:44:46,046 [pool-117-thread-1] INFO  server.RaftServerConfigKeys (ConfUtils.java:logGet(46)) - raft.server.log.appender.buffer.byte-limit = 33554432 (custom)
2022-12-06 15:44:46,059 [EventQueue-CommandQueueReportForCommandQueueReportHandler] WARN  events.EventQueue (EventQueue.java:fireEvent(216)) - No event handler registered for event TypedEvent{payloadType=DatanodeDetails, name='Datanode_Command_Queue_Updated'}
2022-12-06 15:44:46,060 [EventQueue-OpenPipelineForHealthyPipelineSafeModeRule] INFO  safemode.SCMSafeModeManager (HealthyPipelineSafeModeRule.java:process(137)) - SCM in safe mode. Healthy pipelines reported count is 0, required healthy pipeline reported count is 1
2022-12-06 15:44:46,071 [pool-117-thread-1] INFO  server.RaftServerConfigKeys (ConfUtils.java:logGet(46)) - raft.server.log.unsafe-flush.enabled = false (default)
2022-12-06 15:44:46,071 [pool-117-thread-1] INFO  server.RaftServerConfigKeys (ConfUtils.java:logGet(46)) - raft.server.log.async-flush.enabled = false (default)
2022-12-06 15:44:46,072 [pool-117-thread-1] INFO  server.RaftServerConfigKeys (ConfUtils.java:logGet(46)) - raft.server.log.statemachine.data.caching.enabled = true (custom)
2022-12-06 15:44:46,072 [pool-117-thread-1] INFO  segmented.SegmentedRaftLogWorker (SegmentedRaftLogWorker.java:lambda$new$0(135)) - b0993b33-1422-4b90-a478-b8a2894a7eaa@group-E6EF3BE0CB72-SegmentedRaftLogWorker: flushIndex: setUnconditionally 0 -> -1
2022-12-06 15:44:46,072 [pool-117-thread-1] INFO  segmented.SegmentedRaftLogWorker (SegmentedRaftLogWorker.java:lambda$new$0(135)) - b0993b33-1422-4b90-a478-b8a2894a7eaa@group-E6EF3BE0CB72-SegmentedRaftLogWorker: safeCacheEvictIndex: setUnconditionally 0 -> -1
2022-12-06 15:44:46,077 [pool-117-thread-1] INFO  server.RaftServer$Division (RaftServerImpl.java:start(334)) - b0993b33-1422-4b90-a478-b8a2894a7eaa@group-E6EF3BE0CB72: start as a follower, conf=-1: peers:[b0993b33-1422-4b90-a478-b8a2894a7eaa|rpc:10.1.0.110:42755|dataStream:|priority:1|startupRole:FOLLOWER, 4ef44404-e624-4c50-bb49-8deedaf9742c|rpc:10.1.0.110:46141|dataStream:|priority:0|startupRole:FOLLOWER, 0587405b-2ffa-4132-824d-547ca09f0e52|rpc:10.1.0.110:38421|dataStream:|priority:0|startupRole:FOLLOWER]|listeners:[], old=null
2022-12-06 15:44:46,078 [pool-117-thread-1] INFO  server.RaftServer$Division (RaftServerImpl.java:setRole(321)) - b0993b33-1422-4b90-a478-b8a2894a7eaa@group-E6EF3BE0CB72: changes role from      null to FOLLOWER at term 0 for startAsFollower
2022-12-06 15:44:46,078 [pool-117-thread-1] INFO  impl.RoleInfo (RoleInfo.java:updateAndGet(139)) - b0993b33-1422-4b90-a478-b8a2894a7eaa: start b0993b33-1422-4b90-a478-b8a2894a7eaa@group-E6EF3BE0CB72-FollowerState
2022-12-06 15:44:46,090 [pool-117-thread-1] INFO  util.JmxRegister (JmxRegister.java:tryRegister(44)) - Successfully registered JMX Bean with object name Ratis:service=RaftServer,group=group-E6EF3BE0CB72,id=b0993b33-1422-4b90-a478-b8a2894a7eaa
2022-12-06 15:44:46,090 [pool-117-thread-1] INFO  server.RaftServerConfigKeys (ConfUtils.java:logGet(46)) - raft.server.snapshot.auto.trigger.enabled = true (custom)
2022-12-06 15:44:46,090 [pool-117-thread-1] INFO  server.RaftServerConfigKeys (ConfUtils.java:logGet(46)) - raft.server.snapshot.auto.trigger.threshold = 10000 (custom)
2022-12-06 15:44:46,090 [pool-117-thread-1] INFO  server.RaftServerConfigKeys (ConfUtils.java:logGet(46)) - raft.server.snapshot.retention.file.num = 5 (custom)
2022-12-06 15:44:46,090 [pool-117-thread-1] INFO  server.RaftServerConfigKeys (ConfUtils.java:logGet(46)) - raft.server.log.purge.upto.snapshot.index = false (default)
2022-12-06 15:44:46,091 [b0993b33-1422-4b90-a478-b8a2894a7eaa@group-E6EF3BE0CB72-FollowerState] INFO  server.RaftServerConfigKeys (ConfUtils.java:logFallback(53)) - raft.server.rpc.first-election.timeout.min = 5s (fallback to raft.server.rpc.timeout.min)
2022-12-06 15:44:46,112 [b0993b33-1422-4b90-a478-b8a2894a7eaa@group-E6EF3BE0CB72-FollowerState] INFO  server.RaftServerConfigKeys (ConfUtils.java:logFallback(53)) - raft.server.rpc.first-election.timeout.max = 5200ms (fallback to raft.server.rpc.timeout.max)
2022-12-06 15:44:46,094 [pool-117-thread-1] INFO  server.RaftServer$Division (RaftServerImpl.java:<init>(195)) - b0993b33-1422-4b90-a478-b8a2894a7eaa: new RaftServerImpl for group-6B60A7C996DB:[4ef44404-e624-4c50-bb49-8deedaf9742c|rpc:10.1.0.110:46141|priority:1|startupRole:FOLLOWER, b0993b33-1422-4b90-a478-b8a2894a7eaa|rpc:10.1.0.110:42755|priority:0|startupRole:FOLLOWER, 0587405b-2ffa-4132-824d-547ca09f0e52|rpc:10.1.0.110:38421|priority:0|startupRole:FOLLOWER] with ContainerStateMachine:uninitialized
2022-12-06 15:44:46,128 [pool-117-thread-1] INFO  server.RaftServerConfigKeys (ConfUtils.java:logGet(46)) - raft.server.rpc.timeout.min = 5s (custom)
2022-12-06 15:44:46,128 [pool-117-thread-1] INFO  server.RaftServerConfigKeys (ConfUtils.java:logGet(46)) - raft.server.rpc.timeout.max = 5200ms (custom)
2022-12-06 15:44:46,128 [pool-117-thread-1] INFO  server.RaftServerConfigKeys (ConfUtils.java:logGet(46)) - raft.server.rpc.sleep.time = 25ms (default)
2022-12-06 15:44:46,128 [pool-117-thread-1] INFO  server.RaftServerConfigKeys (ConfUtils.java:logGet(46)) - raft.server.rpc.slowness.timeout = 300s (custom)
2022-12-06 15:44:46,128 [pool-117-thread-1] INFO  server.RaftServerConfigKeys (ConfUtils.java:logGet(46)) - raft.server.leaderelection.leader.step-down.wait-time = 10s (default)
2022-12-06 15:44:46,128 [pool-117-thread-1] INFO  server.RaftServerConfigKeys (ConfUtils.java:logGet(46)) - raft.server.sleep.deviation.threshold = 300ms (default)
2022-12-06 15:44:46,128 [pool-117-thread-1] INFO  server.RaftServer$Division (ServerState.java:<init>(118)) - b0993b33-1422-4b90-a478-b8a2894a7eaa@group-6B60A7C996DB: ConfigurationManager, init=-1: peers:[4ef44404-e624-4c50-bb49-8deedaf9742c|rpc:10.1.0.110:46141|priority:1|startupRole:FOLLOWER, b0993b33-1422-4b90-a478-b8a2894a7eaa|rpc:10.1.0.110:42755|priority:0|startupRole:FOLLOWER, 0587405b-2ffa-4132-824d-547ca09f0e52|rpc:10.1.0.110:38421|priority:0|startupRole:FOLLOWER]|listeners:[], old=null, confs=<EMPTY_MAP>
2022-12-06 15:44:46,128 [pool-117-thread-1] INFO  server.RaftServerConfigKeys (ConfUtils.java:logGet(46)) - raft.server.storage.dir = [/home/runner/work/ozone/ozone/hadoop-ozone/integration-test/target/test-dir/MiniOzoneClusterImpl-dce15e54-dc76-4f82-a75a-fd2a8a22e08e/datanode-2/data/ratis] (custom)
2022-12-06 15:44:46,129 [pool-117-thread-1] INFO  server.RaftServerConfigKeys (ConfUtils.java:logGet(46)) - raft.server.log.corruption.policy = EXCEPTION (default)
2022-12-06 15:44:46,129 [pool-117-thread-1] INFO  server.RaftServerConfigKeys (ConfUtils.java:logGet(46)) - raft.server.storage.free-space.min = 0MB (=0) (default)
2022-12-06 15:44:46,129 [pool-117-thread-1] INFO  server.RaftServerConfigKeys (ConfUtils.java:logGet(46)) - raft.server.notification.no-leader.timeout = 300s (custom)
2022-12-06 15:44:46,129 [pool-117-thread-1] INFO  server.RaftServerConfigKeys (ConfUtils.java:logGet(46)) - raft.server.retrycache.expirytime = 600000ms (custom)
2022-12-06 15:44:46,129 [pool-117-thread-1] INFO  server.RaftServerConfigKeys (ConfUtils.java:logGet(46)) - raft.server.retrycache.statistics.expirytime = 100μs (default)
2022-12-06 15:44:46,130 [pool-117-thread-1] INFO  server.RaftServerConfigKeys (ConfUtils.java:logGet(46)) - raft.server.log.appender.install.snapshot.enabled = false (custom)
2022-12-06 15:44:46,130 [pool-117-thread-1] INFO  server.RaftServerConfigKeys (ConfUtils.java:logGet(46)) - raft.server.threadpool.server.cached = true (default)
2022-12-06 15:44:46,130 [pool-117-thread-1] INFO  server.RaftServerConfigKeys (ConfUtils.java:logGet(46)) - raft.server.threadpool.server.size = 0 (default)
2022-12-06 15:44:46,130 [pool-117-thread-1] INFO  server.RaftServerConfigKeys (ConfUtils.java:logGet(46)) - raft.server.threadpool.client.cached = true (default)
2022-12-06 15:44:46,130 [pool-117-thread-1] INFO  server.RaftServerConfigKeys (ConfUtils.java:logGet(46)) - raft.server.threadpool.client.size = 0 (default)
2022-12-06 15:44:46,132 [pool-117-thread-1] INFO  storage.RaftStorageDirectory (RaftStorageDirectoryImpl.java:analyzeStorage(137)) - The storage directory /home/runner/work/ozone/ozone/hadoop-ozone/integration-test/target/test-dir/MiniOzoneClusterImpl-dce15e54-dc76-4f82-a75a-fd2a8a22e08e/datanode-2/data/ratis/e5386add-d74c-4c86-b83f-6b60a7c996db does not exist. Creating ...
2022-12-06 15:44:46,133 [pool-117-thread-1] INFO  storage.RaftStorageDirectory (RaftStorageDirectoryImpl.java:tryLock(231)) - Lock on /home/runner/work/ozone/ozone/hadoop-ozone/integration-test/target/test-dir/MiniOzoneClusterImpl-dce15e54-dc76-4f82-a75a-fd2a8a22e08e/datanode-2/data/ratis/e5386add-d74c-4c86-b83f-6b60a7c996db/in_use.lock acquired by nodename 46996@fv-az133-40
2022-12-06 15:44:46,138 [pool-117-thread-1] INFO  storage.RaftStorage (RaftStorageImpl.java:format(96)) - Storage directory /home/runner/work/ozone/ozone/hadoop-ozone/integration-test/target/test-dir/MiniOzoneClusterImpl-dce15e54-dc76-4f82-a75a-fd2a8a22e08e/datanode-2/data/ratis/e5386add-d74c-4c86-b83f-6b60a7c996db has been successfully formatted.
2022-12-06 15:44:46,138 [pool-117-thread-1] INFO  ratis.ContainerStateMachine (ContainerStateMachine.java:loadSnapshot(236)) - group-6B60A7C996DB: The snapshot info is null. Setting the last applied indexto:(t:0, i:~)
2022-12-06 15:44:46,139 [pool-117-thread-1] INFO  server.RaftServerConfigKeys (ConfUtils.java:logGet(46)) - raft.server.log.use.memory = false (default)
2022-12-06 15:44:46,139 [pool-117-thread-1] INFO  server.RaftServerConfigKeys (ConfUtils.java:logGet(46)) - raft.server.log.purge.gap = 1000000 (custom)
2022-12-06 15:44:46,139 [pool-117-thread-1] INFO  server.RaftServerConfigKeys (ConfUtils.java:logGet(46)) - raft.server.log.appender.buffer.byte-limit = 33554432 (custom)
2022-12-06 15:44:46,139 [pool-117-thread-1] INFO  server.RaftServerConfigKeys (ConfUtils.java:logGet(46)) - raft.server.log.statemachine.data.read.timeout = 1000ms (default)
2022-12-06 15:44:46,139 [pool-117-thread-1] INFO  server.RaftServerConfigKeys (ConfUtils.java:logGet(46)) - raft.server.log.purge.preservation.log.num = 0 (default)
2022-12-06 15:44:46,139 [pool-117-thread-1] INFO  server.RaftServerConfigKeys (ConfUtils.java:logGet(46)) - raft.server.log.segment.size.max = 1048576 (custom)
2022-12-06 15:44:46,140 [pool-117-thread-1] INFO  server.RaftServerConfigKeys (ConfUtils.java:logGet(46)) - raft.server.log.segment.cache.num.max = 2 (custom)
2022-12-06 15:44:46,140 [pool-117-thread-1] INFO  server.RaftServerConfigKeys (ConfUtils.java:logGet(46)) - raft.server.log.segment.cache.size.max = 200MB (=209715200) (default)
2022-12-06 15:44:46,140 [pool-117-thread-1] INFO  segmented.SegmentedRaftLogWorker (SegmentedRaftLogWorker.java:<init>(189)) - new b0993b33-1422-4b90-a478-b8a2894a7eaa@group-6B60A7C996DB-SegmentedRaftLogWorker for RaftStorageImpl:Storage Directory /home/runner/work/ozone/ozone/hadoop-ozone/integration-test/target/test-dir/MiniOzoneClusterImpl-dce15e54-dc76-4f82-a75a-fd2a8a22e08e/datanode-2/data/ratis/e5386add-d74c-4c86-b83f-6b60a7c996db
2022-12-06 15:44:46,140 [pool-117-thread-1] INFO  server.RaftServerConfigKeys (ConfUtils.java:logGet(46)) - raft.server.log.queue.byte-limit = 4294967296 (custom)
2022-12-06 15:44:46,140 [pool-117-thread-1] INFO  server.RaftServerConfigKeys (ConfUtils.java:logGet(46)) - raft.server.log.queue.element-limit = 1024 (custom)
2022-12-06 15:44:46,140 [pool-117-thread-1] INFO  server.RaftServerConfigKeys (ConfUtils.java:logGet(46)) - raft.server.log.segment.size.max = 1048576 (custom)
2022-12-06 15:44:46,140 [pool-117-thread-1] INFO  server.RaftServerConfigKeys (ConfUtils.java:logGet(46)) - raft.server.log.preallocated.size = 16384 (custom)
2022-12-06 15:44:46,140 [pool-117-thread-1] INFO  server.RaftServerConfigKeys (ConfUtils.java:logGet(46)) - raft.server.log.force.sync.num = 128 (default)
2022-12-06 15:44:46,140 [pool-117-thread-1] INFO  server.RaftServerConfigKeys (ConfUtils.java:logGet(46)) - raft.server.log.statemachine.data.sync = true (default)
2022-12-06 15:44:46,140 [pool-117-thread-1] INFO  server.RaftServerConfigKeys (ConfUtils.java:logGet(46)) - raft.server.log.statemachine.data.sync.timeout = 10s (default)
2022-12-06 15:44:46,140 [pool-117-thread-1] INFO  server.RaftServerConfigKeys (ConfUtils.java:logGet(46)) - raft.server.log.statemachine.data.sync.timeout.retry = -1 (default)
2022-12-06 15:44:46,141 [pool-117-thread-1] INFO  server.RaftServerConfigKeys (ConfUtils.java:logGet(46)) - raft.server.log.write.buffer.size = 1048576 (custom)
2022-12-06 15:44:46,142 [pool-117-thread-1] INFO  server.RaftServerConfigKeys (ConfUtils.java:logGet(46)) - raft.server.log.appender.buffer.byte-limit = 33554432 (custom)
2022-12-06 15:44:46,396 [Command processor thread] INFO  server.RaftServer (RaftServerProxy.java:addNew(96)) - 470e2686-24c9-4e42-bae6-1f3a72650c76: addNew group-B0F69B97C3D3:[470e2686-24c9-4e42-bae6-1f3a72650c76|rpc:10.1.0.110:33297|priority:1|startupRole:FOLLOWER] returns group-B0F69B97C3D3:java.util.concurrent.CompletableFuture@4184a248[Not completed]
2022-12-06 15:44:46,409 [pool-117-thread-1] INFO  server.RaftServerConfigKeys (ConfUtils.java:logGet(46)) - raft.server.log.unsafe-flush.enabled = false (default)
2022-12-06 15:44:46,409 [pool-117-thread-1] INFO  server.RaftServerConfigKeys (ConfUtils.java:logGet(46)) - raft.server.log.async-flush.enabled = false (default)
2022-12-06 15:44:46,409 [pool-117-thread-1] INFO  server.RaftServerConfigKeys (ConfUtils.java:logGet(46)) - raft.server.log.statemachine.data.caching.enabled = true (custom)
2022-12-06 15:44:46,409 [pool-117-thread-1] INFO  segmented.SegmentedRaftLogWorker (SegmentedRaftLogWorker.java:lambda$new$0(135)) - b0993b33-1422-4b90-a478-b8a2894a7eaa@group-6B60A7C996DB-SegmentedRaftLogWorker: flushIndex: setUnconditionally 0 -> -1
2022-12-06 15:44:46,409 [pool-117-thread-1] INFO  segmented.SegmentedRaftLogWorker (SegmentedRaftLogWorker.java:lambda$new$0(135)) - b0993b33-1422-4b90-a478-b8a2894a7eaa@group-6B60A7C996DB-SegmentedRaftLogWorker: safeCacheEvictIndex: setUnconditionally 0 -> -1
2022-12-06 15:44:46,409 [JvmPauseMonitor8] WARN  util.JvmPauseMonitor (JvmPauseMonitor.java:detectPause(126)) - JvmPauseMonitor-7726e7f5-b74c-4e4a-9680-a65a67c105af: Detected pause in JVM or host machine (eg GC): pause of approximately 115018954ns.
GC pool 'PS MarkSweep' had collection(s): count=1 time=170ms
GC pool 'PS Scavenge' had collection(s): count=1 time=67ms
2022-12-06 15:44:46,408 [JvmPauseMonitor1] WARN  util.JvmPauseMonitor (JvmPauseMonitor.java:detectPause(126)) - JvmPauseMonitor-4ef44404-e624-4c50-bb49-8deedaf9742c: Detected pause in JVM or host machine (eg GC): pause of approximately 134711505ns.
GC pool 'PS MarkSweep' had collection(s): count=1 time=170ms
GC pool 'PS Scavenge' had collection(s): count=1 time=67ms
2022-12-06 15:44:46,399 [pool-140-thread-1] INFO  server.RaftServer$Division (RaftServerImpl.java:<init>(195)) - 470e2686-24c9-4e42-bae6-1f3a72650c76: new RaftServerImpl for group-B0F69B97C3D3:[470e2686-24c9-4e42-bae6-1f3a72650c76|rpc:10.1.0.110:33297|priority:1|startupRole:FOLLOWER] with ContainerStateMachine:uninitialized
2022-12-06 15:44:46,410 [pool-140-thread-1] INFO  server.RaftServerConfigKeys (ConfUtils.java:logGet(46)) - raft.server.rpc.timeout.min = 5s (custom)
2022-12-06 15:44:46,410 [pool-140-thread-1] INFO  server.RaftServerConfigKeys (ConfUtils.java:logGet(46)) - raft.server.rpc.timeout.max = 5200ms (custom)
2022-12-06 15:44:46,410 [pool-140-thread-1] INFO  server.RaftServerConfigKeys (ConfUtils.java:logGet(46)) - raft.server.rpc.sleep.time = 25ms (default)
2022-12-06 15:44:46,410 [pool-140-thread-1] INFO  server.RaftServerConfigKeys (ConfUtils.java:logGet(46)) - raft.server.rpc.slowness.timeout = 300s (custom)
2022-12-06 15:44:46,410 [pool-140-thread-1] INFO  server.RaftServerConfigKeys (ConfUtils.java:logGet(46)) - raft.server.leaderelection.leader.step-down.wait-time = 10s (default)
2022-12-06 15:44:46,410 [pool-140-thread-1] INFO  server.RaftServerConfigKeys (ConfUtils.java:logGet(46)) - raft.server.sleep.deviation.threshold = 300ms (default)
2022-12-06 15:44:46,398 [JvmPauseMonitor5] WARN  util.JvmPauseMonitor (JvmPauseMonitor.java:detectPause(126)) - JvmPauseMonitor-831a834c-0d76-4477-9113-3f6aa01da917: Detected pause in JVM or host machine (eg GC): pause of approximately 231518341ns.
GC pool 'PS MarkSweep' had collection(s): count=1 time=170ms
GC pool 'PS Scavenge' had collection(s): count=1 time=67ms
2022-12-06 15:44:46,410 [pool-140-thread-1] INFO  server.RaftServer$Division (ServerState.java:<init>(118)) - 470e2686-24c9-4e42-bae6-1f3a72650c76@group-B0F69B97C3D3: ConfigurationManager, init=-1: peers:[470e2686-24c9-4e42-bae6-1f3a72650c76|rpc:10.1.0.110:33297|priority:1|startupRole:FOLLOWER]|listeners:[], old=null, confs=<EMPTY_MAP>
2022-12-06 15:44:46,398 [EventQueue-OpenPipelineForHealthyPipelineSafeModeRule] INFO  safemode.SCMSafeModeManager (HealthyPipelineSafeModeRule.java:process(137)) - SCM in safe mode. Healthy pipelines reported count is 0, required healthy pipeline reported count is 1
2022-12-06 15:44:46,410 [pool-140-thread-1] INFO  server.RaftServerConfigKeys (ConfUtils.java:logGet(46)) - raft.server.storage.dir = [/home/runner/work/ozone/ozone/hadoop-ozone/integration-test/target/test-dir/MiniOzoneClusterImpl-dce15e54-dc76-4f82-a75a-fd2a8a22e08e/datanode-3/data/ratis] (custom)
2022-12-06 15:44:46,397 [EventQueue-CommandQueueReportForCommandQueueReportHandler] WARN  events.EventQueue (EventQueue.java:fireEvent(216)) - No event handler registered for event TypedEvent{payloadType=DatanodeDetails, name='Datanode_Command_Queue_Updated'}
2022-12-06 15:44:46,410 [EventQueue-CommandQueueReportForCommandQueueReportHandler] WARN  events.EventQueue (EventQueue.java:fireEvent(216)) - No event handler registered for event TypedEvent{payloadType=DatanodeDetails, name='Datanode_Command_Queue_Updated'}
2022-12-06 15:44:46,411 [pool-140-thread-1] INFO  server.RaftServerConfigKeys (ConfUtils.java:logGet(46)) - raft.server.log.corruption.policy = EXCEPTION (default)
2022-12-06 15:44:46,411 [pool-140-thread-1] INFO  server.RaftServerConfigKeys (ConfUtils.java:logGet(46)) - raft.server.storage.free-space.min = 0MB (=0) (default)
2022-12-06 15:44:46,411 [pool-140-thread-1] INFO  server.RaftServerConfigKeys (ConfUtils.java:logGet(46)) - raft.server.notification.no-leader.timeout = 300s (custom)
2022-12-06 15:44:46,411 [pool-140-thread-1] INFO  server.RaftServerConfigKeys (ConfUtils.java:logGet(46)) - raft.server.retrycache.expirytime = 600000ms (custom)
2022-12-06 15:44:46,411 [pool-140-thread-1] INFO  server.RaftServerConfigKeys (ConfUtils.java:logGet(46)) - raft.server.retrycache.statistics.expirytime = 100μs (default)
2022-12-06 15:44:46,412 [pool-117-thread-1] INFO  server.RaftServer$Division (RaftServerImpl.java:start(334)) - b0993b33-1422-4b90-a478-b8a2894a7eaa@group-6B60A7C996DB: start as a follower, conf=-1: peers:[4ef44404-e624-4c50-bb49-8deedaf9742c|rpc:10.1.0.110:46141|priority:1|startupRole:FOLLOWER, b0993b33-1422-4b90-a478-b8a2894a7eaa|rpc:10.1.0.110:42755|priority:0|startupRole:FOLLOWER, 0587405b-2ffa-4132-824d-547ca09f0e52|rpc:10.1.0.110:38421|priority:0|startupRole:FOLLOWER]|listeners:[], old=null
2022-12-06 15:44:46,412 [pool-117-thread-1] INFO  server.RaftServer$Division (RaftServerImpl.java:setRole(321)) - b0993b33-1422-4b90-a478-b8a2894a7eaa@group-6B60A7C996DB: changes role from      null to FOLLOWER at term 0 for startAsFollower
2022-12-06 15:44:46,413 [pool-117-thread-1] INFO  impl.RoleInfo (RoleInfo.java:updateAndGet(139)) - b0993b33-1422-4b90-a478-b8a2894a7eaa: start b0993b33-1422-4b90-a478-b8a2894a7eaa@group-6B60A7C996DB-FollowerState
2022-12-06 15:44:46,413 [pool-117-thread-1] INFO  util.JmxRegister (JmxRegister.java:tryRegister(44)) - Successfully registered JMX Bean with object name Ratis:service=RaftServer,group=group-6B60A7C996DB,id=b0993b33-1422-4b90-a478-b8a2894a7eaa
2022-12-06 15:44:46,413 [pool-117-thread-1] INFO  server.RaftServerConfigKeys (ConfUtils.java:logGet(46)) - raft.server.snapshot.auto.trigger.enabled = true (custom)
2022-12-06 15:44:46,413 [pool-117-thread-1] INFO  server.RaftServerConfigKeys (ConfUtils.java:logGet(46)) - raft.server.snapshot.auto.trigger.threshold = 10000 (custom)
2022-12-06 15:44:46,413 [pool-117-thread-1] INFO  server.RaftServerConfigKeys (ConfUtils.java:logGet(46)) - raft.server.snapshot.retention.file.num = 5 (custom)
2022-12-06 15:44:46,413 [pool-117-thread-1] INFO  server.RaftServerConfigKeys (ConfUtils.java:logGet(46)) - raft.server.log.purge.upto.snapshot.index = false (default)
2022-12-06 15:44:46,414 [b0993b33-1422-4b90-a478-b8a2894a7eaa@group-6B60A7C996DB-FollowerState] INFO  server.RaftServerConfigKeys (ConfUtils.java:logFallback(53)) - raft.server.rpc.first-election.timeout.min = 5s (fallback to raft.server.rpc.timeout.min)
2022-12-06 15:44:46,414 [b0993b33-1422-4b90-a478-b8a2894a7eaa@group-6B60A7C996DB-FollowerState] INFO  server.RaftServerConfigKeys (ConfUtils.java:logFallback(53)) - raft.server.rpc.first-election.timeout.max = 5200ms (fallback to raft.server.rpc.timeout.max)
2022-12-06 15:44:46,415 [Command processor thread] INFO  ratis.XceiverServerRatis (XceiverServerRatis.java:addGroup(765)) - Created group PipelineID=e5386add-d74c-4c86-b83f-6b60a7c996db
2022-12-06 15:44:46,420 [pool-140-thread-1] INFO  server.RaftServerConfigKeys (ConfUtils.java:logGet(46)) - raft.server.log.appender.install.snapshot.enabled = false (custom)
2022-12-06 15:44:46,420 [pool-140-thread-1] INFO  server.RaftServerConfigKeys (ConfUtils.java:logGet(46)) - raft.server.threadpool.server.cached = true (default)
2022-12-06 15:44:46,420 [pool-140-thread-1] INFO  server.RaftServerConfigKeys (ConfUtils.java:logGet(46)) - raft.server.threadpool.server.size = 0 (default)
2022-12-06 15:44:46,420 [pool-140-thread-1] INFO  server.RaftServerConfigKeys (ConfUtils.java:logGet(46)) - raft.server.threadpool.client.cached = true (default)
2022-12-06 15:44:46,420 [pool-140-thread-1] INFO  server.RaftServerConfigKeys (ConfUtils.java:logGet(46)) - raft.server.threadpool.client.size = 0 (default)
2022-12-06 15:44:46,420 [pool-140-thread-1] INFO  storage.RaftStorageDirectory (RaftStorageDirectoryImpl.java:analyzeStorage(137)) - The storage directory /home/runner/work/ozone/ozone/hadoop-ozone/integration-test/target/test-dir/MiniOzoneClusterImpl-dce15e54-dc76-4f82-a75a-fd2a8a22e08e/datanode-3/data/ratis/16800fd4-09b8-4725-bd99-b0f69b97c3d3 does not exist. Creating ...
2022-12-06 15:44:46,423 [EventQueue-CommandQueueReportForCommandQueueReportHandler] WARN  events.EventQueue (EventQueue.java:fireEvent(216)) - No event handler registered for event TypedEvent{payloadType=DatanodeDetails, name='Datanode_Command_Queue_Updated'}
2022-12-06 15:44:46,426 [pool-140-thread-1] INFO  storage.RaftStorageDirectory (RaftStorageDirectoryImpl.java:tryLock(231)) - Lock on /home/runner/work/ozone/ozone/hadoop-ozone/integration-test/target/test-dir/MiniOzoneClusterImpl-dce15e54-dc76-4f82-a75a-fd2a8a22e08e/datanode-3/data/ratis/16800fd4-09b8-4725-bd99-b0f69b97c3d3/in_use.lock acquired by nodename 46996@fv-az133-40
2022-12-06 15:44:46,430 [pool-140-thread-1] INFO  storage.RaftStorage (RaftStorageImpl.java:format(96)) - Storage directory /home/runner/work/ozone/ozone/hadoop-ozone/integration-test/target/test-dir/MiniOzoneClusterImpl-dce15e54-dc76-4f82-a75a-fd2a8a22e08e/datanode-3/data/ratis/16800fd4-09b8-4725-bd99-b0f69b97c3d3 has been successfully formatted.
2022-12-06 15:44:46,430 [pool-140-thread-1] INFO  ratis.ContainerStateMachine (ContainerStateMachine.java:loadSnapshot(236)) - group-B0F69B97C3D3: The snapshot info is null. Setting the last applied indexto:(t:0, i:~)
2022-12-06 15:44:46,430 [pool-140-thread-1] INFO  server.RaftServerConfigKeys (ConfUtils.java:logGet(46)) - raft.server.log.use.memory = false (default)
2022-12-06 15:44:46,430 [pool-140-thread-1] INFO  server.RaftServerConfigKeys (ConfUtils.java:logGet(46)) - raft.server.log.purge.gap = 1000000 (custom)
2022-12-06 15:44:46,430 [pool-140-thread-1] INFO  server.RaftServerConfigKeys (ConfUtils.java:logGet(46)) - raft.server.log.appender.buffer.byte-limit = 33554432 (custom)
2022-12-06 15:44:46,430 [pool-140-thread-1] INFO  server.RaftServerConfigKeys (ConfUtils.java:logGet(46)) - raft.server.log.statemachine.data.read.timeout = 1000ms (default)
2022-12-06 15:44:46,430 [pool-140-thread-1] INFO  server.RaftServerConfigKeys (ConfUtils.java:logGet(46)) - raft.server.log.purge.preservation.log.num = 0 (default)
2022-12-06 15:44:46,431 [pool-140-thread-1] INFO  server.RaftServerConfigKeys (ConfUtils.java:logGet(46)) - raft.server.log.segment.size.max = 1048576 (custom)
2022-12-06 15:44:46,432 [pool-140-thread-1] INFO  server.RaftServerConfigKeys (ConfUtils.java:logGet(46)) - raft.server.log.segment.cache.num.max = 2 (custom)
2022-12-06 15:44:46,432 [pool-140-thread-1] INFO  server.RaftServerConfigKeys (ConfUtils.java:logGet(46)) - raft.server.log.segment.cache.size.max = 200MB (=209715200) (default)
2022-12-06 15:44:46,432 [pool-140-thread-1] INFO  segmented.SegmentedRaftLogWorker (SegmentedRaftLogWorker.java:<init>(189)) - new 470e2686-24c9-4e42-bae6-1f3a72650c76@group-B0F69B97C3D3-SegmentedRaftLogWorker for RaftStorageImpl:Storage Directory /home/runner/work/ozone/ozone/hadoop-ozone/integration-test/target/test-dir/MiniOzoneClusterImpl-dce15e54-dc76-4f82-a75a-fd2a8a22e08e/datanode-3/data/ratis/16800fd4-09b8-4725-bd99-b0f69b97c3d3
2022-12-06 15:44:46,432 [pool-140-thread-1] INFO  server.RaftServerConfigKeys (ConfUtils.java:logGet(46)) - raft.server.log.queue.byte-limit = 4294967296 (custom)
2022-12-06 15:44:46,432 [pool-140-thread-1] INFO  server.RaftServerConfigKeys (ConfUtils.java:logGet(46)) - raft.server.log.queue.element-limit = 1024 (custom)
2022-12-06 15:44:46,432 [pool-140-thread-1] INFO  server.RaftServerConfigKeys (ConfUtils.java:logGet(46)) - raft.server.log.segment.size.max = 1048576 (custom)
2022-12-06 15:44:46,432 [pool-140-thread-1] INFO  server.RaftServerConfigKeys (ConfUtils.java:logGet(46)) - raft.server.log.preallocated.size = 16384 (custom)
2022-12-06 15:44:46,432 [pool-140-thread-1] INFO  server.RaftServerConfigKeys (ConfUtils.java:logGet(46)) - raft.server.log.force.sync.num = 128 (default)
2022-12-06 15:44:46,432 [pool-140-thread-1] INFO  server.RaftServerConfigKeys (ConfUtils.java:logGet(46)) - raft.server.log.statemachine.data.sync = true (default)
2022-12-06 15:44:46,432 [pool-140-thread-1] INFO  server.RaftServerConfigKeys (ConfUtils.java:logGet(46)) - raft.server.log.statemachine.data.sync.timeout = 10s (default)
2022-12-06 15:44:46,433 [pool-140-thread-1] INFO  server.RaftServerConfigKeys (ConfUtils.java:logGet(46)) - raft.server.log.statemachine.data.sync.timeout.retry = -1 (default)
2022-12-06 15:44:46,434 [pool-140-thread-1] INFO  server.RaftServerConfigKeys (ConfUtils.java:logGet(46)) - raft.server.log.write.buffer.size = 1048576 (custom)
2022-12-06 15:44:46,434 [pool-140-thread-1] INFO  server.RaftServerConfigKeys (ConfUtils.java:logGet(46)) - raft.server.log.appender.buffer.byte-limit = 33554432 (custom)
2022-12-06 15:44:46,447 [EventQueue-CommandQueueReportForCommandQueueReportHandler] WARN  events.EventQueue (EventQueue.java:fireEvent(216)) - No event handler registered for event TypedEvent{payloadType=DatanodeDetails, name='Datanode_Command_Queue_Updated'}
2022-12-06 15:44:46,449 [EventQueue-CommandQueueReportForCommandQueueReportHandler] WARN  events.EventQueue (EventQueue.java:fireEvent(216)) - No event handler registered for event TypedEvent{payloadType=DatanodeDetails, name='Datanode_Command_Queue_Updated'}
2022-12-06 15:44:46,449 [Listener at 127.0.0.1/44149] INFO  ozone.MiniOzoneClusterImpl (MiniOzoneClusterImpl.java:lambda$waitForClusterToBeReady$0(216)) - Nodes are ready. Got 10 of 10 DN Heartbeats.
2022-12-06 15:44:46,449 [Listener at 127.0.0.1/44149] INFO  ozone.MiniOzoneClusterImpl (MiniOzoneClusterImpl.java:lambda$waitForClusterToBeReady$0(219)) - Waiting for cluster to exit safe mode
2022-12-06 15:44:46,449 [Listener at 127.0.0.1/44149] INFO  ozone.MiniOzoneClusterImpl (MiniOzoneClusterImpl.java:lambda$waitForClusterToBeReady$0(221)) - SCM became leader
2022-12-06 15:44:46,449 [EventQueue-PipelineReportForPipelineReportHandler] INFO  pipeline.PipelineManagerImpl (PipelineManagerImpl.java:openPipeline(367)) - Pipeline Pipeline[ Id: 16800fd4-09b8-4725-bd99-b0f69b97c3d3, Nodes: 470e2686-24c9-4e42-bae6-1f3a72650c76{ip: 10.1.0.110, host: fv-az133-40.ac31hddj4phu5ocom5smqd4hkf.cx.internal.cloudapp.net, ports: [REPLICATION=41209, RATIS=33297, RATIS_ADMIN=33297, RATIS_SERVER=33297, STANDALONE=42791], networkLocation: /default-rack, certSerialId: null, persistedOpState: IN_SERVICE, persistedOpStateExpiryEpochSec: 0}, ReplicationConfig: RATIS/ONE, State:ALLOCATED, leaderId:470e2686-24c9-4e42-bae6-1f3a72650c76, CreationTimestamp2022-12-06T15:44:43.250Z[Etc/UTC]] moved to OPEN state
2022-12-06 15:44:46,450 [EventQueue-OpenPipelineForHealthyPipelineSafeModeRule] INFO  safemode.SCMSafeModeManager (HealthyPipelineSafeModeRule.java:process(137)) - SCM in safe mode. Healthy pipelines reported count is 0, required healthy pipeline reported count is 1
2022-12-06 15:44:46,452 [pool-140-thread-1] INFO  server.RaftServerConfigKeys (ConfUtils.java:logGet(46)) - raft.server.log.unsafe-flush.enabled = false (default)
2022-12-06 15:44:46,455 [pool-140-thread-1] INFO  server.RaftServerConfigKeys (ConfUtils.java:logGet(46)) - raft.server.log.async-flush.enabled = false (default)
2022-12-06 15:44:46,455 [pool-140-thread-1] INFO  server.RaftServerConfigKeys (ConfUtils.java:logGet(46)) - raft.server.log.statemachine.data.caching.enabled = true (custom)
2022-12-06 15:44:46,455 [pool-140-thread-1] INFO  segmented.SegmentedRaftLogWorker (SegmentedRaftLogWorker.java:lambda$new$0(135)) - 470e2686-24c9-4e42-bae6-1f3a72650c76@group-B0F69B97C3D3-SegmentedRaftLogWorker: flushIndex: setUnconditionally 0 -> -1
2022-12-06 15:44:46,455 [pool-140-thread-1] INFO  segmented.SegmentedRaftLogWorker (SegmentedRaftLogWorker.java:lambda$new$0(135)) - 470e2686-24c9-4e42-bae6-1f3a72650c76@group-B0F69B97C3D3-SegmentedRaftLogWorker: safeCacheEvictIndex: setUnconditionally 0 -> -1
2022-12-06 15:44:46,455 [pool-140-thread-1] INFO  server.RaftServer$Division (RaftServerImpl.java:start(334)) - 470e2686-24c9-4e42-bae6-1f3a72650c76@group-B0F69B97C3D3: start as a follower, conf=-1: peers:[470e2686-24c9-4e42-bae6-1f3a72650c76|rpc:10.1.0.110:33297|priority:1|startupRole:FOLLOWER]|listeners:[], old=null
2022-12-06 15:44:46,455 [pool-140-thread-1] INFO  server.RaftServer$Division (RaftServerImpl.java:setRole(321)) - 470e2686-24c9-4e42-bae6-1f3a72650c76@group-B0F69B97C3D3: changes role from      null to FOLLOWER at term 0 for startAsFollower
2022-12-06 15:44:46,455 [pool-140-thread-1] INFO  impl.RoleInfo (RoleInfo.java:updateAndGet(139)) - 470e2686-24c9-4e42-bae6-1f3a72650c76: start 470e2686-24c9-4e42-bae6-1f3a72650c76@group-B0F69B97C3D3-FollowerState
2022-12-06 15:44:46,457 [pool-140-thread-1] INFO  util.JmxRegister (JmxRegister.java:tryRegister(44)) - Successfully registered JMX Bean with object name Ratis:service=RaftServer,group=group-B0F69B97C3D3,id=470e2686-24c9-4e42-bae6-1f3a72650c76
2022-12-06 15:44:46,457 [pool-140-thread-1] INFO  server.RaftServerConfigKeys (ConfUtils.java:logGet(46)) - raft.server.snapshot.auto.trigger.enabled = true (custom)
2022-12-06 15:44:46,457 [pool-140-thread-1] INFO  server.RaftServerConfigKeys (ConfUtils.java:logGet(46)) - raft.server.snapshot.auto.trigger.threshold = 10000 (custom)
2022-12-06 15:44:46,458 [pool-140-thread-1] INFO  server.RaftServerConfigKeys (ConfUtils.java:logGet(46)) - raft.server.snapshot.retention.file.num = 5 (custom)
2022-12-06 15:44:46,458 [pool-140-thread-1] INFO  server.RaftServerConfigKeys (ConfUtils.java:logGet(46)) - raft.server.log.purge.upto.snapshot.index = false (default)
2022-12-06 15:44:46,458 [470e2686-24c9-4e42-bae6-1f3a72650c76@group-B0F69B97C3D3-FollowerState] INFO  server.RaftServerConfigKeys (ConfUtils.java:logFallback(53)) - raft.server.rpc.first-election.timeout.min = 5s (fallback to raft.server.rpc.timeout.min)
2022-12-06 15:44:46,458 [470e2686-24c9-4e42-bae6-1f3a72650c76@group-B0F69B97C3D3-FollowerState] INFO  server.RaftServerConfigKeys (ConfUtils.java:logFallback(53)) - raft.server.rpc.first-election.timeout.max = 5200ms (fallback to raft.server.rpc.timeout.max)
2022-12-06 15:44:46,463 [Command processor thread] INFO  ratis.XceiverServerRatis (XceiverServerRatis.java:addGroup(765)) - Created group PipelineID=16800fd4-09b8-4725-bd99-b0f69b97c3d3
2022-12-06 15:44:46,463 [Command processor thread] INFO  commandhandler.CreatePipelineCommandHandler (CreatePipelineCommandHandler.java:handle(113)) - Created Pipeline RATIS ONE PipelineID=16800fd4-09b8-4725-bd99-b0f69b97c3d3.
2022-12-06 15:44:46,464 [Command processor thread] INFO  server.RaftServer (RaftServerProxy.java:addNew(96)) - 470e2686-24c9-4e42-bae6-1f3a72650c76: addNew group-8751AA67DF99:[470e2686-24c9-4e42-bae6-1f3a72650c76|rpc:10.1.0.110:33297|priority:0|startupRole:FOLLOWER, cc93147f-bc2d-4803-9a7c-bfa6df100165|rpc:10.1.0.110:32927|priority:0|startupRole:FOLLOWER, 831a834c-0d76-4477-9113-3f6aa01da917|rpc:10.1.0.110:38237|priority:1|startupRole:FOLLOWER] returns group-8751AA67DF99:java.util.concurrent.CompletableFuture@45bb2ea0[Not completed]
2022-12-06 15:44:46,465 [pool-140-thread-1] INFO  server.RaftServer$Division (RaftServerImpl.java:<init>(195)) - 470e2686-24c9-4e42-bae6-1f3a72650c76: new RaftServerImpl for group-8751AA67DF99:[470e2686-24c9-4e42-bae6-1f3a72650c76|rpc:10.1.0.110:33297|priority:0|startupRole:FOLLOWER, cc93147f-bc2d-4803-9a7c-bfa6df100165|rpc:10.1.0.110:32927|priority:0|startupRole:FOLLOWER, 831a834c-0d76-4477-9113-3f6aa01da917|rpc:10.1.0.110:38237|priority:1|startupRole:FOLLOWER] with ContainerStateMachine:uninitialized
2022-12-06 15:44:46,465 [pool-140-thread-1] INFO  server.RaftServerConfigKeys (ConfUtils.java:logGet(46)) - raft.server.rpc.timeout.min = 5s (custom)
2022-12-06 15:44:46,465 [pool-140-thread-1] INFO  server.RaftServerConfigKeys (ConfUtils.java:logGet(46)) - raft.server.rpc.timeout.max = 5200ms (custom)
2022-12-06 15:44:46,465 [pool-140-thread-1] INFO  server.RaftServerConfigKeys (ConfUtils.java:logGet(46)) - raft.server.rpc.sleep.time = 25ms (default)
2022-12-06 15:44:46,465 [pool-140-thread-1] INFO  server.RaftServerConfigKeys (ConfUtils.java:logGet(46)) - raft.server.rpc.slowness.timeout = 300s (custom)
2022-12-06 15:44:46,465 [pool-140-thread-1] INFO  server.RaftServerConfigKeys (ConfUtils.java:logGet(46)) - raft.server.leaderelection.leader.step-down.wait-time = 10s (default)
2022-12-06 15:44:46,465 [pool-140-thread-1] INFO  server.RaftServerConfigKeys (ConfUtils.java:logGet(46)) - raft.server.sleep.deviation.threshold = 300ms (default)
2022-12-06 15:44:46,465 [pool-140-thread-1] INFO  server.RaftServer$Division (ServerState.java:<init>(118)) - 470e2686-24c9-4e42-bae6-1f3a72650c76@group-8751AA67DF99: ConfigurationManager, init=-1: peers:[470e2686-24c9-4e42-bae6-1f3a72650c76|rpc:10.1.0.110:33297|priority:0|startupRole:FOLLOWER, cc93147f-bc2d-4803-9a7c-bfa6df100165|rpc:10.1.0.110:32927|priority:0|startupRole:FOLLOWER, 831a834c-0d76-4477-9113-3f6aa01da917|rpc:10.1.0.110:38237|priority:1|startupRole:FOLLOWER]|listeners:[], old=null, confs=<EMPTY_MAP>
2022-12-06 15:44:46,465 [pool-140-thread-1] INFO  server.RaftServerConfigKeys (ConfUtils.java:logGet(46)) - raft.server.storage.dir = [/home/runner/work/ozone/ozone/hadoop-ozone/integration-test/target/test-dir/MiniOzoneClusterImpl-dce15e54-dc76-4f82-a75a-fd2a8a22e08e/datanode-3/data/ratis] (custom)
2022-12-06 15:44:46,465 [pool-140-thread-1] INFO  server.RaftServerConfigKeys (ConfUtils.java:logGet(46)) - raft.server.log.corruption.policy = EXCEPTION (default)
2022-12-06 15:44:46,465 [pool-140-thread-1] INFO  server.RaftServerConfigKeys (ConfUtils.java:logGet(46)) - raft.server.storage.free-space.min = 0MB (=0) (default)
2022-12-06 15:44:46,466 [pool-140-thread-1] INFO  server.RaftServerConfigKeys (ConfUtils.java:logGet(46)) - raft.server.notification.no-leader.timeout = 300s (custom)
2022-12-06 15:44:46,466 [pool-140-thread-1] INFO  server.RaftServerConfigKeys (ConfUtils.java:logGet(46)) - raft.server.retrycache.expirytime = 600000ms (custom)
2022-12-06 15:44:46,466 [pool-140-thread-1] INFO  server.RaftServerConfigKeys (ConfUtils.java:logGet(46)) - raft.server.retrycache.statistics.expirytime = 100μs (default)
2022-12-06 15:44:46,467 [pool-140-thread-1] INFO  server.RaftServerConfigKeys (ConfUtils.java:logGet(46)) - raft.server.log.appender.install.snapshot.enabled = false (custom)
2022-12-06 15:44:46,467 [pool-140-thread-1] INFO  server.RaftServerConfigKeys (ConfUtils.java:logGet(46)) - raft.server.threadpool.server.cached = true (default)
2022-12-06 15:44:46,467 [pool-140-thread-1] INFO  server.RaftServerConfigKeys (ConfUtils.java:logGet(46)) - raft.server.threadpool.server.size = 0 (default)
2022-12-06 15:44:46,467 [pool-140-thread-1] INFO  server.RaftServerConfigKeys (ConfUtils.java:logGet(46)) - raft.server.threadpool.client.cached = true (default)
2022-12-06 15:44:46,467 [pool-140-thread-1] INFO  server.RaftServerConfigKeys (ConfUtils.java:logGet(46)) - raft.server.threadpool.client.size = 0 (default)
2022-12-06 15:44:46,467 [pool-140-thread-1] INFO  storage.RaftStorageDirectory (RaftStorageDirectoryImpl.java:analyzeStorage(137)) - The storage directory /home/runner/work/ozone/ozone/hadoop-ozone/integration-test/target/test-dir/MiniOzoneClusterImpl-dce15e54-dc76-4f82-a75a-fd2a8a22e08e/datanode-3/data/ratis/4d8caa6e-06c6-45eb-8a52-8751aa67df99 does not exist. Creating ...
2022-12-06 15:44:46,469 [pool-140-thread-1] INFO  storage.RaftStorageDirectory (RaftStorageDirectoryImpl.java:tryLock(231)) - Lock on /home/runner/work/ozone/ozone/hadoop-ozone/integration-test/target/test-dir/MiniOzoneClusterImpl-dce15e54-dc76-4f82-a75a-fd2a8a22e08e/datanode-3/data/ratis/4d8caa6e-06c6-45eb-8a52-8751aa67df99/in_use.lock acquired by nodename 46996@fv-az133-40
2022-12-06 15:44:46,471 [pool-140-thread-1] INFO  storage.RaftStorage (RaftStorageImpl.java:format(96)) - Storage directory /home/runner/work/ozone/ozone/hadoop-ozone/integration-test/target/test-dir/MiniOzoneClusterImpl-dce15e54-dc76-4f82-a75a-fd2a8a22e08e/datanode-3/data/ratis/4d8caa6e-06c6-45eb-8a52-8751aa67df99 has been successfully formatted.
2022-12-06 15:44:46,471 [pool-140-thread-1] INFO  ratis.ContainerStateMachine (ContainerStateMachine.java:loadSnapshot(236)) - group-8751AA67DF99: The snapshot info is null. Setting the last applied indexto:(t:0, i:~)
2022-12-06 15:44:46,471 [pool-140-thread-1] INFO  server.RaftServerConfigKeys (ConfUtils.java:logGet(46)) - raft.server.log.use.memory = false (default)
2022-12-06 15:44:46,471 [pool-140-thread-1] INFO  server.RaftServerConfigKeys (ConfUtils.java:logGet(46)) - raft.server.log.purge.gap = 1000000 (custom)
2022-12-06 15:44:46,472 [pool-140-thread-1] INFO  server.RaftServerConfigKeys (ConfUtils.java:logGet(46)) - raft.server.log.appender.buffer.byte-limit = 33554432 (custom)
2022-12-06 15:44:46,472 [pool-140-thread-1] INFO  server.RaftServerConfigKeys (ConfUtils.java:logGet(46)) - raft.server.log.statemachine.data.read.timeout = 1000ms (default)
2022-12-06 15:44:46,472 [pool-140-thread-1] INFO  server.RaftServerConfigKeys (ConfUtils.java:logGet(46)) - raft.server.log.purge.preservation.log.num = 0 (default)
2022-12-06 15:44:46,472 [pool-140-thread-1] INFO  server.RaftServerConfigKeys (ConfUtils.java:logGet(46)) - raft.server.log.segment.size.max = 1048576 (custom)
2022-12-06 15:44:46,474 [EventQueue-OpenPipelineForHealthyPipelineSafeModeRule] INFO  safemode.SCMSafeModeManager (HealthyPipelineSafeModeRule.java:process(137)) - SCM in safe mode. Healthy pipelines reported count is 0, required healthy pipeline reported count is 1
2022-12-06 15:44:46,476 [Command processor thread] INFO  commandhandler.CreatePipelineCommandHandler (CreatePipelineCommandHandler.java:handle(113)) - Created Pipeline RATIS THREE PipelineID=f835e2b8-2c94-4d28-b8f1-e6ef3be0cb72.
2022-12-06 15:44:46,475 [pool-140-thread-1] INFO  server.RaftServerConfigKeys (ConfUtils.java:logGet(46)) - raft.server.log.segment.cache.num.max = 2 (custom)
2022-12-06 15:44:46,477 [Command processor thread] INFO  server.RaftServer (RaftServerProxy.java:addNew(96)) - 0587405b-2ffa-4132-824d-547ca09f0e52: addNew group-6B60A7C996DB:[4ef44404-e624-4c50-bb49-8deedaf9742c|rpc:10.1.0.110:46141|priority:1|startupRole:FOLLOWER, b0993b33-1422-4b90-a478-b8a2894a7eaa|rpc:10.1.0.110:42755|priority:0|startupRole:FOLLOWER, 0587405b-2ffa-4132-824d-547ca09f0e52|rpc:10.1.0.110:38421|priority:0|startupRole:FOLLOWER] returns group-6B60A7C996DB:java.util.concurrent.CompletableFuture@3ed30f69[Not completed]
2022-12-06 15:44:46,479 [pool-94-thread-1] INFO  server.RaftServer$Division (RaftServerImpl.java:<init>(195)) - 0587405b-2ffa-4132-824d-547ca09f0e52: new RaftServerImpl for group-6B60A7C996DB:[4ef44404-e624-4c50-bb49-8deedaf9742c|rpc:10.1.0.110:46141|priority:1|startupRole:FOLLOWER, b0993b33-1422-4b90-a478-b8a2894a7eaa|rpc:10.1.0.110:42755|priority:0|startupRole:FOLLOWER, 0587405b-2ffa-4132-824d-547ca09f0e52|rpc:10.1.0.110:38421|priority:0|startupRole:FOLLOWER] with ContainerStateMachine:uninitialized
2022-12-06 15:44:46,480 [pool-94-thread-1] INFO  server.RaftServerConfigKeys (ConfUtils.java:logGet(46)) - raft.server.rpc.timeout.min = 5s (custom)
2022-12-06 15:44:46,480 [pool-94-thread-1] INFO  server.RaftServerConfigKeys (ConfUtils.java:logGet(46)) - raft.server.rpc.timeout.max = 5200ms (custom)
2022-12-06 15:44:46,480 [pool-94-thread-1] INFO  server.RaftServerConfigKeys (ConfUtils.java:logGet(46)) - raft.server.rpc.sleep.time = 25ms (default)
2022-12-06 15:44:46,480 [pool-94-thread-1] INFO  server.RaftServerConfigKeys (ConfUtils.java:logGet(46)) - raft.server.rpc.slowness.timeout = 300s (custom)
2022-12-06 15:44:46,480 [pool-94-thread-1] INFO  server.RaftServerConfigKeys (ConfUtils.java:logGet(46)) - raft.server.leaderelection.leader.step-down.wait-time = 10s (default)
2022-12-06 15:44:46,480 [pool-94-thread-1] INFO  server.RaftServerConfigKeys (ConfUtils.java:logGet(46)) - raft.server.sleep.deviation.threshold = 300ms (default)
2022-12-06 15:44:46,480 [pool-94-thread-1] INFO  server.RaftServer$Division (ServerState.java:<init>(118)) - 0587405b-2ffa-4132-824d-547ca09f0e52@group-6B60A7C996DB: ConfigurationManager, init=-1: peers:[4ef44404-e624-4c50-bb49-8deedaf9742c|rpc:10.1.0.110:46141|priority:1|startupRole:FOLLOWER, b0993b33-1422-4b90-a478-b8a2894a7eaa|rpc:10.1.0.110:42755|priority:0|startupRole:FOLLOWER, 0587405b-2ffa-4132-824d-547ca09f0e52|rpc:10.1.0.110:38421|priority:0|startupRole:FOLLOWER]|listeners:[], old=null, confs=<EMPTY_MAP>
2022-12-06 15:44:46,480 [pool-94-thread-1] INFO  server.RaftServerConfigKeys (ConfUtils.java:logGet(46)) - raft.server.storage.dir = [/home/runner/work/ozone/ozone/hadoop-ozone/integration-test/target/test-dir/MiniOzoneClusterImpl-dce15e54-dc76-4f82-a75a-fd2a8a22e08e/datanode-1/data/ratis] (custom)
2022-12-06 15:44:46,480 [pool-94-thread-1] INFO  server.RaftServerConfigKeys (ConfUtils.java:logGet(46)) - raft.server.log.corruption.policy = EXCEPTION (default)
2022-12-06 15:44:46,480 [pool-94-thread-1] INFO  server.RaftServerConfigKeys (ConfUtils.java:logGet(46)) - raft.server.storage.free-space.min = 0MB (=0) (default)
2022-12-06 15:44:46,480 [pool-94-thread-1] INFO  server.RaftServerConfigKeys (ConfUtils.java:logGet(46)) - raft.server.notification.no-leader.timeout = 300s (custom)
2022-12-06 15:44:46,480 [pool-94-thread-1] INFO  server.RaftServerConfigKeys (ConfUtils.java:logGet(46)) - raft.server.retrycache.expirytime = 600000ms (custom)
2022-12-06 15:44:46,480 [pool-94-thread-1] INFO  server.RaftServerConfigKeys (ConfUtils.java:logGet(46)) - raft.server.retrycache.statistics.expirytime = 100μs (default)
2022-12-06 15:44:46,474 [EventQueue-CommandQueueReportForCommandQueueReportHandler] WARN  events.EventQueue (EventQueue.java:fireEvent(216)) - No event handler registered for event TypedEvent{payloadType=DatanodeDetails, name='Datanode_Command_Queue_Updated'}
2022-12-06 15:44:46,477 [pool-140-thread-1] INFO  server.RaftServerConfigKeys (ConfUtils.java:logGet(46)) - raft.server.log.segment.cache.size.max = 200MB (=209715200) (default)
2022-12-06 15:44:46,483 [pool-140-thread-1] INFO  segmented.SegmentedRaftLogWorker (SegmentedRaftLogWorker.java:<init>(189)) - new 470e2686-24c9-4e42-bae6-1f3a72650c76@group-8751AA67DF99-SegmentedRaftLogWorker for RaftStorageImpl:Storage Directory /home/runner/work/ozone/ozone/hadoop-ozone/integration-test/target/test-dir/MiniOzoneClusterImpl-dce15e54-dc76-4f82-a75a-fd2a8a22e08e/datanode-3/data/ratis/4d8caa6e-06c6-45eb-8a52-8751aa67df99
2022-12-06 15:44:46,483 [pool-140-thread-1] INFO  server.RaftServerConfigKeys (ConfUtils.java:logGet(46)) - raft.server.log.queue.byte-limit = 4294967296 (custom)
2022-12-06 15:44:46,483 [pool-140-thread-1] INFO  server.RaftServerConfigKeys (ConfUtils.java:logGet(46)) - raft.server.log.queue.element-limit = 1024 (custom)
2022-12-06 15:44:46,483 [pool-140-thread-1] INFO  server.RaftServerConfigKeys (ConfUtils.java:logGet(46)) - raft.server.log.segment.size.max = 1048576 (custom)
2022-12-06 15:44:46,483 [pool-140-thread-1] INFO  server.RaftServerConfigKeys (ConfUtils.java:logGet(46)) - raft.server.log.preallocated.size = 16384 (custom)
2022-12-06 15:44:46,483 [pool-140-thread-1] INFO  server.RaftServerConfigKeys (ConfUtils.java:logGet(46)) - raft.server.log.force.sync.num = 128 (default)
2022-12-06 15:44:46,483 [pool-140-thread-1] INFO  server.RaftServerConfigKeys (ConfUtils.java:logGet(46)) - raft.server.log.statemachine.data.sync = true (default)
2022-12-06 15:44:46,483 [pool-140-thread-1] INFO  server.RaftServerConfigKeys (ConfUtils.java:logGet(46)) - raft.server.log.statemachine.data.sync.timeout = 10s (default)
2022-12-06 15:44:46,483 [pool-140-thread-1] INFO  server.RaftServerConfigKeys (ConfUtils.java:logGet(46)) - raft.server.log.statemachine.data.sync.timeout.retry = -1 (default)
2022-12-06 15:44:46,488 [pool-94-thread-1] INFO  server.RaftServerConfigKeys (ConfUtils.java:logGet(46)) - raft.server.log.appender.install.snapshot.enabled = false (custom)
2022-12-06 15:44:46,488 [pool-94-thread-1] INFO  server.RaftServerConfigKeys (ConfUtils.java:logGet(46)) - raft.server.threadpool.server.cached = true (default)
2022-12-06 15:44:46,488 [pool-94-thread-1] INFO  server.RaftServerConfigKeys (ConfUtils.java:logGet(46)) - raft.server.threadpool.server.size = 0 (default)
2022-12-06 15:44:46,488 [pool-94-thread-1] INFO  server.RaftServerConfigKeys (ConfUtils.java:logGet(46)) - raft.server.threadpool.client.cached = true (default)
2022-12-06 15:44:46,488 [pool-94-thread-1] INFO  server.RaftServerConfigKeys (ConfUtils.java:logGet(46)) - raft.server.threadpool.client.size = 0 (default)
2022-12-06 15:44:46,488 [pool-94-thread-1] INFO  storage.RaftStorageDirectory (RaftStorageDirectoryImpl.java:analyzeStorage(137)) - The storage directory /home/runner/work/ozone/ozone/hadoop-ozone/integration-test/target/test-dir/MiniOzoneClusterImpl-dce15e54-dc76-4f82-a75a-fd2a8a22e08e/datanode-1/data/ratis/e5386add-d74c-4c86-b83f-6b60a7c996db does not exist. Creating ...
2022-12-06 15:44:46,489 [pool-94-thread-1] INFO  storage.RaftStorageDirectory (RaftStorageDirectoryImpl.java:tryLock(231)) - Lock on /home/runner/work/ozone/ozone/hadoop-ozone/integration-test/target/test-dir/MiniOzoneClusterImpl-dce15e54-dc76-4f82-a75a-fd2a8a22e08e/datanode-1/data/ratis/e5386add-d74c-4c86-b83f-6b60a7c996db/in_use.lock acquired by nodename 46996@fv-az133-40
2022-12-06 15:44:46,490 [pool-140-thread-1] INFO  server.RaftServerConfigKeys (ConfUtils.java:logGet(46)) - raft.server.log.write.buffer.size = 1048576 (custom)
2022-12-06 15:44:46,490 [pool-94-thread-1] INFO  storage.RaftStorage (RaftStorageImpl.java:format(96)) - Storage directory /home/runner/work/ozone/ozone/hadoop-ozone/integration-test/target/test-dir/MiniOzoneClusterImpl-dce15e54-dc76-4f82-a75a-fd2a8a22e08e/datanode-1/data/ratis/e5386add-d74c-4c86-b83f-6b60a7c996db has been successfully formatted.
2022-12-06 15:44:46,491 [pool-94-thread-1] INFO  ratis.ContainerStateMachine (ContainerStateMachine.java:loadSnapshot(236)) - group-6B60A7C996DB: The snapshot info is null. Setting the last applied indexto:(t:0, i:~)
2022-12-06 15:44:46,491 [pool-94-thread-1] INFO  server.RaftServerConfigKeys (ConfUtils.java:logGet(46)) - raft.server.log.use.memory = false (default)
2022-12-06 15:44:46,491 [pool-94-thread-1] INFO  server.RaftServerConfigKeys (ConfUtils.java:logGet(46)) - raft.server.log.purge.gap = 1000000 (custom)
2022-12-06 15:44:46,491 [pool-94-thread-1] INFO  server.RaftServerConfigKeys (ConfUtils.java:logGet(46)) - raft.server.log.appender.buffer.byte-limit = 33554432 (custom)
2022-12-06 15:44:46,491 [pool-94-thread-1] INFO  server.RaftServerConfigKeys (ConfUtils.java:logGet(46)) - raft.server.log.statemachine.data.read.timeout = 1000ms (default)
2022-12-06 15:44:46,491 [pool-94-thread-1] INFO  server.RaftServerConfigKeys (ConfUtils.java:logGet(46)) - raft.server.log.purge.preservation.log.num = 0 (default)
2022-12-06 15:44:46,492 [EventQueue-OpenPipelineForHealthyPipelineSafeModeRule] INFO  safemode.SCMSafeModeManager (HealthyPipelineSafeModeRule.java:process(137)) - SCM in safe mode. Healthy pipelines reported count is 0, required healthy pipeline reported count is 1
2022-12-06 15:44:46,493 [EventQueue-CommandQueueReportForCommandQueueReportHandler] WARN  events.EventQueue (EventQueue.java:fireEvent(216)) - No event handler registered for event TypedEvent{payloadType=DatanodeDetails, name='Datanode_Command_Queue_Updated'}
2022-12-06 15:44:46,493 [pool-94-thread-1] INFO  server.RaftServerConfigKeys (ConfUtils.java:logGet(46)) - raft.server.log.segment.size.max = 1048576 (custom)
2022-12-06 15:44:46,493 [pool-94-thread-1] INFO  server.RaftServerConfigKeys (ConfUtils.java:logGet(46)) - raft.server.log.segment.cache.num.max = 2 (custom)
2022-12-06 15:44:46,494 [pool-94-thread-1] INFO  server.RaftServerConfigKeys (ConfUtils.java:logGet(46)) - raft.server.log.segment.cache.size.max = 200MB (=209715200) (default)
2022-12-06 15:44:46,494 [pool-94-thread-1] INFO  segmented.SegmentedRaftLogWorker (SegmentedRaftLogWorker.java:<init>(189)) - new 0587405b-2ffa-4132-824d-547ca09f0e52@group-6B60A7C996DB-SegmentedRaftLogWorker for RaftStorageImpl:Storage Directory /home/runner/work/ozone/ozone/hadoop-ozone/integration-test/target/test-dir/MiniOzoneClusterImpl-dce15e54-dc76-4f82-a75a-fd2a8a22e08e/datanode-1/data/ratis/e5386add-d74c-4c86-b83f-6b60a7c996db
2022-12-06 15:44:46,494 [pool-94-thread-1] INFO  server.RaftServerConfigKeys (ConfUtils.java:logGet(46)) - raft.server.log.queue.byte-limit = 4294967296 (custom)
2022-12-06 15:44:46,494 [pool-94-thread-1] INFO  server.RaftServerConfigKeys (ConfUtils.java:logGet(46)) - raft.server.log.queue.element-limit = 1024 (custom)
2022-12-06 15:44:46,494 [pool-94-thread-1] INFO  server.RaftServerConfigKeys (ConfUtils.java:logGet(46)) - raft.server.log.segment.size.max = 1048576 (custom)
2022-12-06 15:44:46,494 [pool-94-thread-1] INFO  server.RaftServerConfigKeys (ConfUtils.java:logGet(46)) - raft.server.log.preallocated.size = 16384 (custom)
2022-12-06 15:44:46,494 [pool-94-thread-1] INFO  server.RaftServerConfigKeys (ConfUtils.java:logGet(46)) - raft.server.log.force.sync.num = 128 (default)
2022-12-06 15:44:46,494 [pool-94-thread-1] INFO  server.RaftServerConfigKeys (ConfUtils.java:logGet(46)) - raft.server.log.statemachine.data.sync = true (default)
2022-12-06 15:44:46,494 [pool-94-thread-1] INFO  server.RaftServerConfigKeys (ConfUtils.java:logGet(46)) - raft.server.log.statemachine.data.sync.timeout = 10s (default)
2022-12-06 15:44:46,494 [pool-94-thread-1] INFO  server.RaftServerConfigKeys (ConfUtils.java:logGet(46)) - raft.server.log.statemachine.data.sync.timeout.retry = -1 (default)
2022-12-06 15:44:46,495 [pool-94-thread-1] INFO  server.RaftServerConfigKeys (ConfUtils.java:logGet(46)) - raft.server.log.write.buffer.size = 1048576 (custom)
2022-12-06 15:44:46,491 [pool-140-thread-1] INFO  server.RaftServerConfigKeys (ConfUtils.java:logGet(46)) - raft.server.log.appender.buffer.byte-limit = 33554432 (custom)
2022-12-06 15:44:46,507 [pool-140-thread-1] INFO  server.RaftServerConfigKeys (ConfUtils.java:logGet(46)) - raft.server.log.unsafe-flush.enabled = false (default)
2022-12-06 15:44:46,507 [pool-140-thread-1] INFO  server.RaftServerConfigKeys (ConfUtils.java:logGet(46)) - raft.server.log.async-flush.enabled = false (default)
2022-12-06 15:44:46,507 [pool-140-thread-1] INFO  server.RaftServerConfigKeys (ConfUtils.java:logGet(46)) - raft.server.log.statemachine.data.caching.enabled = true (custom)
2022-12-06 15:44:46,507 [pool-140-thread-1] INFO  segmented.SegmentedRaftLogWorker (SegmentedRaftLogWorker.java:lambda$new$0(135)) - 470e2686-24c9-4e42-bae6-1f3a72650c76@group-8751AA67DF99-SegmentedRaftLogWorker: flushIndex: setUnconditionally 0 -> -1
2022-12-06 15:44:46,507 [pool-140-thread-1] INFO  segmented.SegmentedRaftLogWorker (SegmentedRaftLogWorker.java:lambda$new$0(135)) - 470e2686-24c9-4e42-bae6-1f3a72650c76@group-8751AA67DF99-SegmentedRaftLogWorker: safeCacheEvictIndex: setUnconditionally 0 -> -1
2022-12-06 15:44:46,507 [pool-94-thread-1] INFO  server.RaftServerConfigKeys (ConfUtils.java:logGet(46)) - raft.server.log.appender.buffer.byte-limit = 33554432 (custom)
2022-12-06 15:44:46,511 [pool-140-thread-1] INFO  server.RaftServer$Division (RaftServerImpl.java:start(334)) - 470e2686-24c9-4e42-bae6-1f3a72650c76@group-8751AA67DF99: start as a follower, conf=-1: peers:[470e2686-24c9-4e42-bae6-1f3a72650c76|rpc:10.1.0.110:33297|priority:0|startupRole:FOLLOWER, cc93147f-bc2d-4803-9a7c-bfa6df100165|rpc:10.1.0.110:32927|priority:0|startupRole:FOLLOWER, 831a834c-0d76-4477-9113-3f6aa01da917|rpc:10.1.0.110:38237|priority:1|startupRole:FOLLOWER]|listeners:[], old=null
2022-12-06 15:44:46,511 [pool-140-thread-1] INFO  server.RaftServer$Division (RaftServerImpl.java:setRole(321)) - 470e2686-24c9-4e42-bae6-1f3a72650c76@group-8751AA67DF99: changes role from      null to FOLLOWER at term 0 for startAsFollower
2022-12-06 15:44:46,511 [pool-140-thread-1] INFO  impl.RoleInfo (RoleInfo.java:updateAndGet(139)) - 470e2686-24c9-4e42-bae6-1f3a72650c76: start 470e2686-24c9-4e42-bae6-1f3a72650c76@group-8751AA67DF99-FollowerState
2022-12-06 15:44:46,513 [pool-94-thread-1] INFO  server.RaftServerConfigKeys (ConfUtils.java:logGet(46)) - raft.server.log.unsafe-flush.enabled = false (default)
2022-12-06 15:44:46,513 [pool-94-thread-1] INFO  server.RaftServerConfigKeys (ConfUtils.java:logGet(46)) - raft.server.log.async-flush.enabled = false (default)
2022-12-06 15:44:46,513 [pool-94-thread-1] INFO  server.RaftServerConfigKeys (ConfUtils.java:logGet(46)) - raft.server.log.statemachine.data.caching.enabled = true (custom)
2022-12-06 15:44:46,513 [pool-94-thread-1] INFO  segmented.SegmentedRaftLogWorker (SegmentedRaftLogWorker.java:lambda$new$0(135)) - 0587405b-2ffa-4132-824d-547ca09f0e52@group-6B60A7C996DB-SegmentedRaftLogWorker: flushIndex: setUnconditionally 0 -> -1
2022-12-06 15:44:46,513 [pool-94-thread-1] INFO  segmented.SegmentedRaftLogWorker (SegmentedRaftLogWorker.java:lambda$new$0(135)) - 0587405b-2ffa-4132-824d-547ca09f0e52@group-6B60A7C996DB-SegmentedRaftLogWorker: safeCacheEvictIndex: setUnconditionally 0 -> -1
2022-12-06 15:44:46,515 [pool-140-thread-1] INFO  util.JmxRegister (JmxRegister.java:tryRegister(44)) - Successfully registered JMX Bean with object name Ratis:service=RaftServer,group=group-8751AA67DF99,id=470e2686-24c9-4e42-bae6-1f3a72650c76
2022-12-06 15:44:46,515 [pool-140-thread-1] INFO  server.RaftServerConfigKeys (ConfUtils.java:logGet(46)) - raft.server.snapshot.auto.trigger.enabled = true (custom)
2022-12-06 15:44:46,515 [pool-140-thread-1] INFO  server.RaftServerConfigKeys (ConfUtils.java:logGet(46)) - raft.server.snapshot.auto.trigger.threshold = 10000 (custom)
2022-12-06 15:44:46,515 [pool-140-thread-1] INFO  server.RaftServerConfigKeys (ConfUtils.java:logGet(46)) - raft.server.snapshot.retention.file.num = 5 (custom)
2022-12-06 15:44:46,515 [pool-140-thread-1] INFO  server.RaftServerConfigKeys (ConfUtils.java:logGet(46)) - raft.server.log.purge.upto.snapshot.index = false (default)
2022-12-06 15:44:46,517 [Command processor thread] INFO  ratis.XceiverServerRatis (XceiverServerRatis.java:addGroup(765)) - Created group PipelineID=4d8caa6e-06c6-45eb-8a52-8751aa67df99
2022-12-06 15:44:46,530 [pool-94-thread-1] INFO  server.RaftServer$Division (RaftServerImpl.java:start(334)) - 0587405b-2ffa-4132-824d-547ca09f0e52@group-6B60A7C996DB: start as a follower, conf=-1: peers:[4ef44404-e624-4c50-bb49-8deedaf9742c|rpc:10.1.0.110:46141|priority:1|startupRole:FOLLOWER, b0993b33-1422-4b90-a478-b8a2894a7eaa|rpc:10.1.0.110:42755|priority:0|startupRole:FOLLOWER, 0587405b-2ffa-4132-824d-547ca09f0e52|rpc:10.1.0.110:38421|priority:0|startupRole:FOLLOWER]|listeners:[], old=null
2022-12-06 15:44:46,530 [pool-94-thread-1] INFO  server.RaftServer$Division (RaftServerImpl.java:setRole(321)) - 0587405b-2ffa-4132-824d-547ca09f0e52@group-6B60A7C996DB: changes role from      null to FOLLOWER at term 0 for startAsFollower
2022-12-06 15:44:46,530 [pool-94-thread-1] INFO  impl.RoleInfo (RoleInfo.java:updateAndGet(139)) - 0587405b-2ffa-4132-824d-547ca09f0e52: start 0587405b-2ffa-4132-824d-547ca09f0e52@group-6B60A7C996DB-FollowerState
2022-12-06 15:44:46,538 [470e2686-24c9-4e42-bae6-1f3a72650c76@group-8751AA67DF99-FollowerState] INFO  server.RaftServerConfigKeys (ConfUtils.java:logFallback(53)) - raft.server.rpc.first-election.timeout.min = 5s (fallback to raft.server.rpc.timeout.min)
2022-12-06 15:44:46,538 [470e2686-24c9-4e42-bae6-1f3a72650c76@group-8751AA67DF99-FollowerState] INFO  server.RaftServerConfigKeys (ConfUtils.java:logFallback(53)) - raft.server.rpc.first-election.timeout.max = 5200ms (fallback to raft.server.rpc.timeout.max)
2022-12-06 15:44:46,538 [grpc-default-executor-1] INFO  server.RaftServer (RaftServerProxy.java:addNew(96)) - 4ef44404-e624-4c50-bb49-8deedaf9742c: addNew group-6B60A7C996DB:[4ef44404-e624-4c50-bb49-8deedaf9742c|rpc:10.1.0.110:46141|dataStream:|priority:1|startupRole:FOLLOWER, b0993b33-1422-4b90-a478-b8a2894a7eaa|rpc:10.1.0.110:42755|dataStream:|priority:0|startupRole:FOLLOWER, 0587405b-2ffa-4132-824d-547ca09f0e52|rpc:10.1.0.110:38421|dataStream:|priority:0|startupRole:FOLLOWER] returns group-6B60A7C996DB:java.util.concurrent.CompletableFuture@62610009[Not completed]
2022-12-06 15:44:46,541 [pool-71-thread-1] INFO  server.RaftServer$Division (RaftServerImpl.java:<init>(195)) - 4ef44404-e624-4c50-bb49-8deedaf9742c: new RaftServerImpl for group-6B60A7C996DB:[4ef44404-e624-4c50-bb49-8deedaf9742c|rpc:10.1.0.110:46141|dataStream:|priority:1|startupRole:FOLLOWER, b0993b33-1422-4b90-a478-b8a2894a7eaa|rpc:10.1.0.110:42755|dataStream:|priority:0|startupRole:FOLLOWER, 0587405b-2ffa-4132-824d-547ca09f0e52|rpc:10.1.0.110:38421|dataStream:|priority:0|startupRole:FOLLOWER] with ContainerStateMachine:uninitialized
2022-12-06 15:44:46,541 [pool-71-thread-1] INFO  server.RaftServerConfigKeys (ConfUtils.java:logGet(46)) - raft.server.rpc.timeout.min = 5s (custom)
2022-12-06 15:44:46,541 [pool-71-thread-1] INFO  server.RaftServerConfigKeys (ConfUtils.java:logGet(46)) - raft.server.rpc.timeout.max = 5200ms (custom)
2022-12-06 15:44:46,541 [pool-71-thread-1] INFO  server.RaftServerConfigKeys (ConfUtils.java:logGet(46)) - raft.server.rpc.sleep.time = 25ms (default)
2022-12-06 15:44:46,541 [pool-71-thread-1] INFO  server.RaftServerConfigKeys (ConfUtils.java:logGet(46)) - raft.server.rpc.slowness.timeout = 300s (custom)
2022-12-06 15:44:46,541 [pool-71-thread-1] INFO  server.RaftServerConfigKeys (ConfUtils.java:logGet(46)) - raft.server.leaderelection.leader.step-down.wait-time = 10s (default)
2022-12-06 15:44:46,541 [pool-71-thread-1] INFO  server.RaftServerConfigKeys (ConfUtils.java:logGet(46)) - raft.server.sleep.deviation.threshold = 300ms (default)
2022-12-06 15:44:46,541 [pool-71-thread-1] INFO  server.RaftServer$Division (ServerState.java:<init>(118)) - 4ef44404-e624-4c50-bb49-8deedaf9742c@group-6B60A7C996DB: ConfigurationManager, init=-1: peers:[4ef44404-e624-4c50-bb49-8deedaf9742c|rpc:10.1.0.110:46141|dataStream:|priority:1|startupRole:FOLLOWER, b0993b33-1422-4b90-a478-b8a2894a7eaa|rpc:10.1.0.110:42755|dataStream:|priority:0|startupRole:FOLLOWER, 0587405b-2ffa-4132-824d-547ca09f0e52|rpc:10.1.0.110:38421|dataStream:|priority:0|startupRole:FOLLOWER]|listeners:[], old=null, confs=<EMPTY_MAP>
2022-12-06 15:44:46,541 [pool-71-thread-1] INFO  server.RaftServerConfigKeys (ConfUtils.java:logGet(46)) - raft.server.storage.dir = [/home/runner/work/ozone/ozone/hadoop-ozone/integration-test/target/test-dir/MiniOzoneClusterImpl-dce15e54-dc76-4f82-a75a-fd2a8a22e08e/datanode-0/data/ratis] (custom)
2022-12-06 15:44:46,541 [pool-71-thread-1] INFO  server.RaftServerConfigKeys (ConfUtils.java:logGet(46)) - raft.server.log.corruption.policy = EXCEPTION (default)
2022-12-06 15:44:46,541 [pool-71-thread-1] INFO  server.RaftServerConfigKeys (ConfUtils.java:logGet(46)) - raft.server.storage.free-space.min = 0MB (=0) (default)
2022-12-06 15:44:46,541 [pool-71-thread-1] INFO  server.RaftServerConfigKeys (ConfUtils.java:logGet(46)) - raft.server.notification.no-leader.timeout = 300s (custom)
2022-12-06 15:44:46,542 [pool-71-thread-1] INFO  server.RaftServerConfigKeys (ConfUtils.java:logGet(46)) - raft.server.retrycache.expirytime = 600000ms (custom)
2022-12-06 15:44:46,542 [pool-71-thread-1] INFO  server.RaftServerConfigKeys (ConfUtils.java:logGet(46)) - raft.server.retrycache.statistics.expirytime = 100μs (default)
2022-12-06 15:44:46,542 [pool-94-thread-1] INFO  util.JmxRegister (JmxRegister.java:tryRegister(44)) - Successfully registered JMX Bean with object name Ratis:service=RaftServer,group=group-6B60A7C996DB,id=0587405b-2ffa-4132-824d-547ca09f0e52
2022-12-06 15:44:46,547 [pool-94-thread-1] INFO  server.RaftServerConfigKeys (ConfUtils.java:logGet(46)) - raft.server.snapshot.auto.trigger.enabled = true (custom)
2022-12-06 15:44:46,547 [pool-94-thread-1] INFO  server.RaftServerConfigKeys (ConfUtils.java:logGet(46)) - raft.server.snapshot.auto.trigger.threshold = 10000 (custom)
2022-12-06 15:44:46,547 [pool-94-thread-1] INFO  server.RaftServerConfigKeys (ConfUtils.java:logGet(46)) - raft.server.snapshot.retention.file.num = 5 (custom)
2022-12-06 15:44:46,547 [pool-94-thread-1] INFO  server.RaftServerConfigKeys (ConfUtils.java:logGet(46)) - raft.server.log.purge.upto.snapshot.index = false (default)
2022-12-06 15:44:46,545 [pool-71-thread-1] INFO  server.RaftServerConfigKeys (ConfUtils.java:logGet(46)) - raft.server.log.appender.install.snapshot.enabled = false (custom)
2022-12-06 15:44:46,552 [pool-71-thread-1] INFO  server.RaftServerConfigKeys (ConfUtils.java:logGet(46)) - raft.server.threadpool.server.cached = true (default)
2022-12-06 15:44:46,552 [pool-71-thread-1] INFO  server.RaftServerConfigKeys (ConfUtils.java:logGet(46)) - raft.server.threadpool.server.size = 0 (default)
2022-12-06 15:44:46,552 [pool-71-thread-1] INFO  server.RaftServerConfigKeys (ConfUtils.java:logGet(46)) - raft.server.threadpool.client.cached = true (default)
2022-12-06 15:44:46,552 [pool-71-thread-1] INFO  server.RaftServerConfigKeys (ConfUtils.java:logGet(46)) - raft.server.threadpool.client.size = 0 (default)
2022-12-06 15:44:46,552 [pool-71-thread-1] INFO  storage.RaftStorageDirectory (RaftStorageDirectoryImpl.java:analyzeStorage(137)) - The storage directory /home/runner/work/ozone/ozone/hadoop-ozone/integration-test/target/test-dir/MiniOzoneClusterImpl-dce15e54-dc76-4f82-a75a-fd2a8a22e08e/datanode-0/data/ratis/e5386add-d74c-4c86-b83f-6b60a7c996db does not exist. Creating ...
2022-12-06 15:44:46,542 [0587405b-2ffa-4132-824d-547ca09f0e52@group-6B60A7C996DB-FollowerState] INFO  server.RaftServerConfigKeys (ConfUtils.java:logFallback(53)) - raft.server.rpc.first-election.timeout.min = 5s (fallback to raft.server.rpc.timeout.min)
2022-12-06 15:44:46,553 [0587405b-2ffa-4132-824d-547ca09f0e52@group-6B60A7C996DB-FollowerState] INFO  server.RaftServerConfigKeys (ConfUtils.java:logFallback(53)) - raft.server.rpc.first-election.timeout.max = 5200ms (fallback to raft.server.rpc.timeout.max)
2022-12-06 15:44:46,549 [Command processor thread] INFO  ratis.XceiverServerRatis (XceiverServerRatis.java:addGroup(765)) - Created group PipelineID=e5386add-d74c-4c86-b83f-6b60a7c996db
2022-12-06 15:44:46,556 [pool-71-thread-1] INFO  storage.RaftStorageDirectory (RaftStorageDirectoryImpl.java:tryLock(231)) - Lock on /home/runner/work/ozone/ozone/hadoop-ozone/integration-test/target/test-dir/MiniOzoneClusterImpl-dce15e54-dc76-4f82-a75a-fd2a8a22e08e/datanode-0/data/ratis/e5386add-d74c-4c86-b83f-6b60a7c996db/in_use.lock acquired by nodename 46996@fv-az133-40
2022-12-06 15:44:46,557 [pool-71-thread-1] INFO  storage.RaftStorage (RaftStorageImpl.java:format(96)) - Storage directory /home/runner/work/ozone/ozone/hadoop-ozone/integration-test/target/test-dir/MiniOzoneClusterImpl-dce15e54-dc76-4f82-a75a-fd2a8a22e08e/datanode-0/data/ratis/e5386add-d74c-4c86-b83f-6b60a7c996db has been successfully formatted.
2022-12-06 15:44:46,558 [pool-71-thread-1] INFO  ratis.ContainerStateMachine (ContainerStateMachine.java:loadSnapshot(236)) - group-6B60A7C996DB: The snapshot info is null. Setting the last applied indexto:(t:0, i:~)
2022-12-06 15:44:46,558 [pool-71-thread-1] INFO  server.RaftServerConfigKeys (ConfUtils.java:logGet(46)) - raft.server.log.use.memory = false (default)
2022-12-06 15:44:46,558 [pool-71-thread-1] INFO  server.RaftServerConfigKeys (ConfUtils.java:logGet(46)) - raft.server.log.purge.gap = 1000000 (custom)
2022-12-06 15:44:46,558 [pool-71-thread-1] INFO  server.RaftServerConfigKeys (ConfUtils.java:logGet(46)) - raft.server.log.appender.buffer.byte-limit = 33554432 (custom)
2022-12-06 15:44:46,558 [pool-71-thread-1] INFO  server.RaftServerConfigKeys (ConfUtils.java:logGet(46)) - raft.server.log.statemachine.data.read.timeout = 1000ms (default)
2022-12-06 15:44:46,558 [pool-71-thread-1] INFO  server.RaftServerConfigKeys (ConfUtils.java:logGet(46)) - raft.server.log.purge.preservation.log.num = 0 (default)
2022-12-06 15:44:46,558 [pool-71-thread-1] INFO  server.RaftServerConfigKeys (ConfUtils.java:logGet(46)) - raft.server.log.segment.size.max = 1048576 (custom)
2022-12-06 15:44:46,559 [pool-71-thread-1] INFO  server.RaftServerConfigKeys (ConfUtils.java:logGet(46)) - raft.server.log.segment.cache.num.max = 2 (custom)
2022-12-06 15:44:46,559 [pool-71-thread-1] INFO  server.RaftServerConfigKeys (ConfUtils.java:logGet(46)) - raft.server.log.segment.cache.size.max = 200MB (=209715200) (default)
2022-12-06 15:44:46,559 [pool-71-thread-1] INFO  segmented.SegmentedRaftLogWorker (SegmentedRaftLogWorker.java:<init>(189)) - new 4ef44404-e624-4c50-bb49-8deedaf9742c@group-6B60A7C996DB-SegmentedRaftLogWorker for RaftStorageImpl:Storage Directory /home/runner/work/ozone/ozone/hadoop-ozone/integration-test/target/test-dir/MiniOzoneClusterImpl-dce15e54-dc76-4f82-a75a-fd2a8a22e08e/datanode-0/data/ratis/e5386add-d74c-4c86-b83f-6b60a7c996db
2022-12-06 15:44:46,559 [pool-71-thread-1] INFO  server.RaftServerConfigKeys (ConfUtils.java:logGet(46)) - raft.server.log.queue.byte-limit = 4294967296 (custom)
2022-12-06 15:44:46,559 [pool-71-thread-1] INFO  server.RaftServerConfigKeys (ConfUtils.java:logGet(46)) - raft.server.log.queue.element-limit = 1024 (custom)
2022-12-06 15:44:46,559 [pool-71-thread-1] INFO  server.RaftServerConfigKeys (ConfUtils.java:logGet(46)) - raft.server.log.segment.size.max = 1048576 (custom)
2022-12-06 15:44:46,559 [pool-71-thread-1] INFO  server.RaftServerConfigKeys (ConfUtils.java:logGet(46)) - raft.server.log.preallocated.size = 16384 (custom)
2022-12-06 15:44:46,559 [pool-71-thread-1] INFO  server.RaftServerConfigKeys (ConfUtils.java:logGet(46)) - raft.server.log.force.sync.num = 128 (default)
2022-12-06 15:44:46,559 [pool-71-thread-1] INFO  server.RaftServerConfigKeys (ConfUtils.java:logGet(46)) - raft.server.log.statemachine.data.sync = true (default)
2022-12-06 15:44:46,559 [pool-71-thread-1] INFO  server.RaftServerConfigKeys (ConfUtils.java:logGet(46)) - raft.server.log.statemachine.data.sync.timeout = 10s (default)
2022-12-06 15:44:46,559 [pool-71-thread-1] INFO  server.RaftServerConfigKeys (ConfUtils.java:logGet(46)) - raft.server.log.statemachine.data.sync.timeout.retry = -1 (default)
2022-12-06 15:44:46,561 [pool-71-thread-1] INFO  server.RaftServerConfigKeys (ConfUtils.java:logGet(46)) - raft.server.log.write.buffer.size = 1048576 (custom)
2022-12-06 15:44:46,562 [pool-71-thread-1] INFO  server.RaftServerConfigKeys (ConfUtils.java:logGet(46)) - raft.server.log.appender.buffer.byte-limit = 33554432 (custom)
2022-12-06 15:44:46,562 [EventQueue-CommandQueueReportForCommandQueueReportHandler] WARN  events.EventQueue (EventQueue.java:fireEvent(216)) - No event handler registered for event TypedEvent{payloadType=DatanodeDetails, name='Datanode_Command_Queue_Updated'}
2022-12-06 15:44:46,562 [EventQueue-OpenPipelineForHealthyPipelineSafeModeRule] INFO  safemode.SCMSafeModeManager (HealthyPipelineSafeModeRule.java:process(137)) - SCM in safe mode. Healthy pipelines reported count is 0, required healthy pipeline reported count is 1
2022-12-06 15:44:46,576 [pool-71-thread-1] INFO  server.RaftServerConfigKeys (ConfUtils.java:logGet(46)) - raft.server.log.unsafe-flush.enabled = false (default)
2022-12-06 15:44:46,582 [grpc-default-executor-0] INFO  server.RaftServer (RaftServerProxy.java:addNew(96)) - 831a834c-0d76-4477-9113-3f6aa01da917: addNew group-8751AA67DF99:[470e2686-24c9-4e42-bae6-1f3a72650c76|rpc:10.1.0.110:33297|dataStream:|priority:0|startupRole:FOLLOWER, cc93147f-bc2d-4803-9a7c-bfa6df100165|rpc:10.1.0.110:32927|dataStream:|priority:0|startupRole:FOLLOWER, 831a834c-0d76-4477-9113-3f6aa01da917|rpc:10.1.0.110:38237|dataStream:|priority:1|startupRole:FOLLOWER] returns group-8751AA67DF99:java.util.concurrent.CompletableFuture@5d002e63[Not completed]
2022-12-06 15:44:46,583 [pool-71-thread-1] INFO  server.RaftServerConfigKeys (ConfUtils.java:logGet(46)) - raft.server.log.async-flush.enabled = false (default)
2022-12-06 15:44:46,583 [pool-71-thread-1] INFO  server.RaftServerConfigKeys (ConfUtils.java:logGet(46)) - raft.server.log.statemachine.data.caching.enabled = true (custom)
2022-12-06 15:44:46,583 [pool-71-thread-1] INFO  segmented.SegmentedRaftLogWorker (SegmentedRaftLogWorker.java:lambda$new$0(135)) - 4ef44404-e624-4c50-bb49-8deedaf9742c@group-6B60A7C996DB-SegmentedRaftLogWorker: flushIndex: setUnconditionally 0 -> -1
2022-12-06 15:44:46,583 [pool-71-thread-1] INFO  segmented.SegmentedRaftLogWorker (SegmentedRaftLogWorker.java:lambda$new$0(135)) - 4ef44404-e624-4c50-bb49-8deedaf9742c@group-6B60A7C996DB-SegmentedRaftLogWorker: safeCacheEvictIndex: setUnconditionally 0 -> -1
2022-12-06 15:44:46,587 [pool-71-thread-1] INFO  server.RaftServer$Division (RaftServerImpl.java:start(334)) - 4ef44404-e624-4c50-bb49-8deedaf9742c@group-6B60A7C996DB: start as a follower, conf=-1: peers:[4ef44404-e624-4c50-bb49-8deedaf9742c|rpc:10.1.0.110:46141|dataStream:|priority:1|startupRole:FOLLOWER, b0993b33-1422-4b90-a478-b8a2894a7eaa|rpc:10.1.0.110:42755|dataStream:|priority:0|startupRole:FOLLOWER, 0587405b-2ffa-4132-824d-547ca09f0e52|rpc:10.1.0.110:38421|dataStream:|priority:0|startupRole:FOLLOWER]|listeners:[], old=null
2022-12-06 15:44:46,587 [pool-71-thread-1] INFO  server.RaftServer$Division (RaftServerImpl.java:setRole(321)) - 4ef44404-e624-4c50-bb49-8deedaf9742c@group-6B60A7C996DB: changes role from      null to FOLLOWER at term 0 for startAsFollower
2022-12-06 15:44:46,587 [pool-71-thread-1] INFO  impl.RoleInfo (RoleInfo.java:updateAndGet(139)) - 4ef44404-e624-4c50-bb49-8deedaf9742c: start 4ef44404-e624-4c50-bb49-8deedaf9742c@group-6B60A7C996DB-FollowerState
2022-12-06 15:44:46,587 [pool-71-thread-1] INFO  util.JmxRegister (JmxRegister.java:tryRegister(44)) - Successfully registered JMX Bean with object name Ratis:service=RaftServer,group=group-6B60A7C996DB,id=4ef44404-e624-4c50-bb49-8deedaf9742c
2022-12-06 15:44:46,587 [pool-71-thread-1] INFO  server.RaftServerConfigKeys (ConfUtils.java:logGet(46)) - raft.server.snapshot.auto.trigger.enabled = true (custom)
2022-12-06 15:44:46,587 [pool-71-thread-1] INFO  server.RaftServerConfigKeys (ConfUtils.java:logGet(46)) - raft.server.snapshot.auto.trigger.threshold = 10000 (custom)
2022-12-06 15:44:46,587 [pool-71-thread-1] INFO  server.RaftServerConfigKeys (ConfUtils.java:logGet(46)) - raft.server.snapshot.retention.file.num = 5 (custom)
2022-12-06 15:44:46,588 [pool-71-thread-1] INFO  server.RaftServerConfigKeys (ConfUtils.java:logGet(46)) - raft.server.log.purge.upto.snapshot.index = false (default)
2022-12-06 15:44:46,587 [pool-163-thread-1] INFO  server.RaftServer$Division (RaftServerImpl.java:<init>(195)) - 831a834c-0d76-4477-9113-3f6aa01da917: new RaftServerImpl for group-8751AA67DF99:[470e2686-24c9-4e42-bae6-1f3a72650c76|rpc:10.1.0.110:33297|dataStream:|priority:0|startupRole:FOLLOWER, cc93147f-bc2d-4803-9a7c-bfa6df100165|rpc:10.1.0.110:32927|dataStream:|priority:0|startupRole:FOLLOWER, 831a834c-0d76-4477-9113-3f6aa01da917|rpc:10.1.0.110:38237|dataStream:|priority:1|startupRole:FOLLOWER] with ContainerStateMachine:uninitialized
2022-12-06 15:44:46,589 [4ef44404-e624-4c50-bb49-8deedaf9742c@group-6B60A7C996DB-FollowerState] INFO  server.RaftServerConfigKeys (ConfUtils.java:logFallback(53)) - raft.server.rpc.first-election.timeout.min = 5s (fallback to raft.server.rpc.timeout.min)
2022-12-06 15:44:46,593 [pool-163-thread-1] INFO  server.RaftServerConfigKeys (ConfUtils.java:logGet(46)) - raft.server.rpc.timeout.min = 5s (custom)
2022-12-06 15:44:46,601 [pool-163-thread-1] INFO  server.RaftServerConfigKeys (ConfUtils.java:logGet(46)) - raft.server.rpc.timeout.max = 5200ms (custom)
2022-12-06 15:44:46,601 [pool-163-thread-1] INFO  server.RaftServerConfigKeys (ConfUtils.java:logGet(46)) - raft.server.rpc.sleep.time = 25ms (default)
2022-12-06 15:44:46,601 [pool-163-thread-1] INFO  server.RaftServerConfigKeys (ConfUtils.java:logGet(46)) - raft.server.rpc.slowness.timeout = 300s (custom)
2022-12-06 15:44:46,601 [pool-163-thread-1] INFO  server.RaftServerConfigKeys (ConfUtils.java:logGet(46)) - raft.server.leaderelection.leader.step-down.wait-time = 10s (default)
2022-12-06 15:44:46,601 [pool-163-thread-1] INFO  server.RaftServerConfigKeys (ConfUtils.java:logGet(46)) - raft.server.sleep.deviation.threshold = 300ms (default)
2022-12-06 15:44:46,601 [pool-163-thread-1] INFO  server.RaftServer$Division (ServerState.java:<init>(118)) - 831a834c-0d76-4477-9113-3f6aa01da917@group-8751AA67DF99: ConfigurationManager, init=-1: peers:[470e2686-24c9-4e42-bae6-1f3a72650c76|rpc:10.1.0.110:33297|dataStream:|priority:0|startupRole:FOLLOWER, cc93147f-bc2d-4803-9a7c-bfa6df100165|rpc:10.1.0.110:32927|dataStream:|priority:0|startupRole:FOLLOWER, 831a834c-0d76-4477-9113-3f6aa01da917|rpc:10.1.0.110:38237|dataStream:|priority:1|startupRole:FOLLOWER]|listeners:[], old=null, confs=<EMPTY_MAP>
2022-12-06 15:44:46,601 [pool-163-thread-1] INFO  server.RaftServerConfigKeys (ConfUtils.java:logGet(46)) - raft.server.storage.dir = [/home/runner/work/ozone/ozone/hadoop-ozone/integration-test/target/test-dir/MiniOzoneClusterImpl-dce15e54-dc76-4f82-a75a-fd2a8a22e08e/datanode-4/data/ratis] (custom)
2022-12-06 15:44:46,601 [pool-163-thread-1] INFO  server.RaftServerConfigKeys (ConfUtils.java:logGet(46)) - raft.server.log.corruption.policy = EXCEPTION (default)
2022-12-06 15:44:46,601 [pool-163-thread-1] INFO  server.RaftServerConfigKeys (ConfUtils.java:logGet(46)) - raft.server.storage.free-space.min = 0MB (=0) (default)
2022-12-06 15:44:46,601 [pool-163-thread-1] INFO  server.RaftServerConfigKeys (ConfUtils.java:logGet(46)) - raft.server.notification.no-leader.timeout = 300s (custom)
2022-12-06 15:44:46,601 [pool-163-thread-1] INFO  server.RaftServerConfigKeys (ConfUtils.java:logGet(46)) - raft.server.retrycache.expirytime = 600000ms (custom)
2022-12-06 15:44:46,602 [pool-163-thread-1] INFO  server.RaftServerConfigKeys (ConfUtils.java:logGet(46)) - raft.server.retrycache.statistics.expirytime = 100μs (default)
2022-12-06 15:44:46,594 [4ef44404-e624-4c50-bb49-8deedaf9742c@group-6B60A7C996DB-FollowerState] INFO  server.RaftServerConfigKeys (ConfUtils.java:logFallback(53)) - raft.server.rpc.first-election.timeout.max = 5200ms (fallback to raft.server.rpc.timeout.max)
2022-12-06 15:44:46,605 [pool-163-thread-1] INFO  server.RaftServerConfigKeys (ConfUtils.java:logGet(46)) - raft.server.log.appender.install.snapshot.enabled = false (custom)
2022-12-06 15:44:46,605 [pool-163-thread-1] INFO  server.RaftServerConfigKeys (ConfUtils.java:logGet(46)) - raft.server.threadpool.server.cached = true (default)
2022-12-06 15:44:46,605 [pool-163-thread-1] INFO  server.RaftServerConfigKeys (ConfUtils.java:logGet(46)) - raft.server.threadpool.server.size = 0 (default)
2022-12-06 15:44:46,605 [pool-163-thread-1] INFO  server.RaftServerConfigKeys (ConfUtils.java:logGet(46)) - raft.server.threadpool.client.cached = true (default)
2022-12-06 15:44:46,606 [pool-163-thread-1] INFO  server.RaftServerConfigKeys (ConfUtils.java:logGet(46)) - raft.server.threadpool.client.size = 0 (default)
2022-12-06 15:44:46,606 [pool-163-thread-1] INFO  storage.RaftStorageDirectory (RaftStorageDirectoryImpl.java:analyzeStorage(137)) - The storage directory /home/runner/work/ozone/ozone/hadoop-ozone/integration-test/target/test-dir/MiniOzoneClusterImpl-dce15e54-dc76-4f82-a75a-fd2a8a22e08e/datanode-4/data/ratis/4d8caa6e-06c6-45eb-8a52-8751aa67df99 does not exist. Creating ...
2022-12-06 15:44:46,609 [pool-163-thread-1] INFO  storage.RaftStorageDirectory (RaftStorageDirectoryImpl.java:tryLock(231)) - Lock on /home/runner/work/ozone/ozone/hadoop-ozone/integration-test/target/test-dir/MiniOzoneClusterImpl-dce15e54-dc76-4f82-a75a-fd2a8a22e08e/datanode-4/data/ratis/4d8caa6e-06c6-45eb-8a52-8751aa67df99/in_use.lock acquired by nodename 46996@fv-az133-40
2022-12-06 15:44:46,610 [pool-163-thread-1] INFO  storage.RaftStorage (RaftStorageImpl.java:format(96)) - Storage directory /home/runner/work/ozone/ozone/hadoop-ozone/integration-test/target/test-dir/MiniOzoneClusterImpl-dce15e54-dc76-4f82-a75a-fd2a8a22e08e/datanode-4/data/ratis/4d8caa6e-06c6-45eb-8a52-8751aa67df99 has been successfully formatted.
2022-12-06 15:44:46,611 [pool-163-thread-1] INFO  ratis.ContainerStateMachine (ContainerStateMachine.java:loadSnapshot(236)) - group-8751AA67DF99: The snapshot info is null. Setting the last applied indexto:(t:0, i:~)
2022-12-06 15:44:46,611 [pool-163-thread-1] INFO  server.RaftServerConfigKeys (ConfUtils.java:logGet(46)) - raft.server.log.use.memory = false (default)
2022-12-06 15:44:46,611 [pool-163-thread-1] INFO  server.RaftServerConfigKeys (ConfUtils.java:logGet(46)) - raft.server.log.purge.gap = 1000000 (custom)
2022-12-06 15:44:46,611 [pool-163-thread-1] INFO  server.RaftServerConfigKeys (ConfUtils.java:logGet(46)) - raft.server.log.appender.buffer.byte-limit = 33554432 (custom)
2022-12-06 15:44:46,613 [EventQueue-CommandQueueReportForCommandQueueReportHandler] WARN  events.EventQueue (EventQueue.java:fireEvent(216)) - No event handler registered for event TypedEvent{payloadType=DatanodeDetails, name='Datanode_Command_Queue_Updated'}
2022-12-06 15:44:46,620 [pool-163-thread-1] INFO  server.RaftServerConfigKeys (ConfUtils.java:logGet(46)) - raft.server.log.statemachine.data.read.timeout = 1000ms (default)
2022-12-06 15:44:46,620 [pool-163-thread-1] INFO  server.RaftServerConfigKeys (ConfUtils.java:logGet(46)) - raft.server.log.purge.preservation.log.num = 0 (default)
2022-12-06 15:44:46,620 [pool-163-thread-1] INFO  server.RaftServerConfigKeys (ConfUtils.java:logGet(46)) - raft.server.log.segment.size.max = 1048576 (custom)
2022-12-06 15:44:46,620 [pool-163-thread-1] INFO  server.RaftServerConfigKeys (ConfUtils.java:logGet(46)) - raft.server.log.segment.cache.num.max = 2 (custom)
2022-12-06 15:44:46,620 [pool-163-thread-1] INFO  server.RaftServerConfigKeys (ConfUtils.java:logGet(46)) - raft.server.log.segment.cache.size.max = 200MB (=209715200) (default)
2022-12-06 15:44:46,621 [pool-163-thread-1] INFO  segmented.SegmentedRaftLogWorker (SegmentedRaftLogWorker.java:<init>(189)) - new 831a834c-0d76-4477-9113-3f6aa01da917@group-8751AA67DF99-SegmentedRaftLogWorker for RaftStorageImpl:Storage Directory /home/runner/work/ozone/ozone/hadoop-ozone/integration-test/target/test-dir/MiniOzoneClusterImpl-dce15e54-dc76-4f82-a75a-fd2a8a22e08e/datanode-4/data/ratis/4d8caa6e-06c6-45eb-8a52-8751aa67df99
2022-12-06 15:44:46,621 [pool-163-thread-1] INFO  server.RaftServerConfigKeys (ConfUtils.java:logGet(46)) - raft.server.log.queue.byte-limit = 4294967296 (custom)
2022-12-06 15:44:46,621 [pool-163-thread-1] INFO  server.RaftServerConfigKeys (ConfUtils.java:logGet(46)) - raft.server.log.queue.element-limit = 1024 (custom)
2022-12-06 15:44:46,621 [pool-163-thread-1] INFO  server.RaftServerConfigKeys (ConfUtils.java:logGet(46)) - raft.server.log.segment.size.max = 1048576 (custom)
2022-12-06 15:44:46,621 [pool-163-thread-1] INFO  server.RaftServerConfigKeys (ConfUtils.java:logGet(46)) - raft.server.log.preallocated.size = 16384 (custom)
2022-12-06 15:44:46,621 [pool-163-thread-1] INFO  server.RaftServerConfigKeys (ConfUtils.java:logGet(46)) - raft.server.log.force.sync.num = 128 (default)
2022-12-06 15:44:46,621 [pool-163-thread-1] INFO  server.RaftServerConfigKeys (ConfUtils.java:logGet(46)) - raft.server.log.statemachine.data.sync = true (default)
2022-12-06 15:44:46,621 [pool-163-thread-1] INFO  server.RaftServerConfigKeys (ConfUtils.java:logGet(46)) - raft.server.log.statemachine.data.sync.timeout = 10s (default)
2022-12-06 15:44:46,621 [pool-163-thread-1] INFO  server.RaftServerConfigKeys (ConfUtils.java:logGet(46)) - raft.server.log.statemachine.data.sync.timeout.retry = -1 (default)
2022-12-06 15:44:46,622 [pool-163-thread-1] INFO  server.RaftServerConfigKeys (ConfUtils.java:logGet(46)) - raft.server.log.write.buffer.size = 1048576 (custom)
2022-12-06 15:44:46,623 [pool-163-thread-1] INFO  server.RaftServerConfigKeys (ConfUtils.java:logGet(46)) - raft.server.log.appender.buffer.byte-limit = 33554432 (custom)
2022-12-06 15:44:46,623 [Command processor thread] INFO  server.RaftServer (RaftServerProxy.java:addNew(96)) - 831a834c-0d76-4477-9113-3f6aa01da917: addNew group-35FD9CCD2BD1:[831a834c-0d76-4477-9113-3f6aa01da917|rpc:10.1.0.110:38237|priority:1|startupRole:FOLLOWER] returns group-35FD9CCD2BD1:java.util.concurrent.CompletableFuture@7ac5eb15[Not completed]
2022-12-06 15:44:46,629 [pool-163-thread-1] INFO  server.RaftServerConfigKeys (ConfUtils.java:logGet(46)) - raft.server.log.unsafe-flush.enabled = false (default)
2022-12-06 15:44:46,629 [pool-163-thread-1] INFO  server.RaftServerConfigKeys (ConfUtils.java:logGet(46)) - raft.server.log.async-flush.enabled = false (default)
2022-12-06 15:44:46,629 [pool-163-thread-1] INFO  server.RaftServerConfigKeys (ConfUtils.java:logGet(46)) - raft.server.log.statemachine.data.caching.enabled = true (custom)
2022-12-06 15:44:46,629 [pool-163-thread-1] INFO  segmented.SegmentedRaftLogWorker (SegmentedRaftLogWorker.java:lambda$new$0(135)) - 831a834c-0d76-4477-9113-3f6aa01da917@group-8751AA67DF99-SegmentedRaftLogWorker: flushIndex: setUnconditionally 0 -> -1
2022-12-06 15:44:46,629 [pool-163-thread-1] INFO  segmented.SegmentedRaftLogWorker (SegmentedRaftLogWorker.java:lambda$new$0(135)) - 831a834c-0d76-4477-9113-3f6aa01da917@group-8751AA67DF99-SegmentedRaftLogWorker: safeCacheEvictIndex: setUnconditionally 0 -> -1
2022-12-06 15:44:46,629 [pool-163-thread-1] INFO  server.RaftServer$Division (RaftServerImpl.java:start(334)) - 831a834c-0d76-4477-9113-3f6aa01da917@group-8751AA67DF99: start as a follower, conf=-1: peers:[470e2686-24c9-4e42-bae6-1f3a72650c76|rpc:10.1.0.110:33297|dataStream:|priority:0|startupRole:FOLLOWER, cc93147f-bc2d-4803-9a7c-bfa6df100165|rpc:10.1.0.110:32927|dataStream:|priority:0|startupRole:FOLLOWER, 831a834c-0d76-4477-9113-3f6aa01da917|rpc:10.1.0.110:38237|dataStream:|priority:1|startupRole:FOLLOWER]|listeners:[], old=null
2022-12-06 15:44:46,629 [pool-163-thread-1] INFO  server.RaftServer$Division (RaftServerImpl.java:setRole(321)) - 831a834c-0d76-4477-9113-3f6aa01da917@group-8751AA67DF99: changes role from      null to FOLLOWER at term 0 for startAsFollower
2022-12-06 15:44:46,629 [pool-163-thread-1] INFO  impl.RoleInfo (RoleInfo.java:updateAndGet(139)) - 831a834c-0d76-4477-9113-3f6aa01da917: start 831a834c-0d76-4477-9113-3f6aa01da917@group-8751AA67DF99-FollowerState
2022-12-06 15:44:46,632 [pool-163-thread-1] INFO  util.JmxRegister (JmxRegister.java:tryRegister(44)) - Successfully registered JMX Bean with object name Ratis:service=RaftServer,group=group-8751AA67DF99,id=831a834c-0d76-4477-9113-3f6aa01da917
2022-12-06 15:44:46,632 [pool-163-thread-1] INFO  server.RaftServerConfigKeys (ConfUtils.java:logGet(46)) - raft.server.snapshot.auto.trigger.enabled = true (custom)
2022-12-06 15:44:46,632 [pool-163-thread-1] INFO  server.RaftServerConfigKeys (ConfUtils.java:logGet(46)) - raft.server.snapshot.auto.trigger.threshold = 10000 (custom)
2022-12-06 15:44:46,632 [pool-163-thread-1] INFO  server.RaftServerConfigKeys (ConfUtils.java:logGet(46)) - raft.server.snapshot.retention.file.num = 5 (custom)
2022-12-06 15:44:46,632 [pool-163-thread-1] INFO  server.RaftServerConfigKeys (ConfUtils.java:logGet(46)) - raft.server.log.purge.upto.snapshot.index = false (default)
2022-12-06 15:44:46,633 [831a834c-0d76-4477-9113-3f6aa01da917@group-8751AA67DF99-FollowerState] INFO  server.RaftServerConfigKeys (ConfUtils.java:logFallback(53)) - raft.server.rpc.first-election.timeout.min = 5s (fallback to raft.server.rpc.timeout.min)
2022-12-06 15:44:46,635 [pool-163-thread-1] INFO  server.RaftServer$Division (RaftServerImpl.java:<init>(195)) - 831a834c-0d76-4477-9113-3f6aa01da917: new RaftServerImpl for group-35FD9CCD2BD1:[831a834c-0d76-4477-9113-3f6aa01da917|rpc:10.1.0.110:38237|priority:1|startupRole:FOLLOWER] with ContainerStateMachine:uninitialized
2022-12-06 15:44:46,640 [831a834c-0d76-4477-9113-3f6aa01da917@group-8751AA67DF99-FollowerState] INFO  server.RaftServerConfigKeys (ConfUtils.java:logFallback(53)) - raft.server.rpc.first-election.timeout.max = 5200ms (fallback to raft.server.rpc.timeout.max)
2022-12-06 15:44:46,640 [pool-163-thread-1] INFO  server.RaftServerConfigKeys (ConfUtils.java:logGet(46)) - raft.server.rpc.timeout.min = 5s (custom)
2022-12-06 15:44:46,640 [pool-163-thread-1] INFO  server.RaftServerConfigKeys (ConfUtils.java:logGet(46)) - raft.server.rpc.timeout.max = 5200ms (custom)
2022-12-06 15:44:46,640 [pool-163-thread-1] INFO  server.RaftServerConfigKeys (ConfUtils.java:logGet(46)) - raft.server.rpc.sleep.time = 25ms (default)
2022-12-06 15:44:46,640 [pool-163-thread-1] INFO  server.RaftServerConfigKeys (ConfUtils.java:logGet(46)) - raft.server.rpc.slowness.timeout = 300s (custom)
2022-12-06 15:44:46,640 [pool-163-thread-1] INFO  server.RaftServerConfigKeys (ConfUtils.java:logGet(46)) - raft.server.leaderelection.leader.step-down.wait-time = 10s (default)
2022-12-06 15:44:46,640 [pool-163-thread-1] INFO  server.RaftServerConfigKeys (ConfUtils.java:logGet(46)) - raft.server.sleep.deviation.threshold = 300ms (default)
2022-12-06 15:44:46,640 [pool-163-thread-1] INFO  server.RaftServer$Division (ServerState.java:<init>(118)) - 831a834c-0d76-4477-9113-3f6aa01da917@group-35FD9CCD2BD1: ConfigurationManager, init=-1: peers:[831a834c-0d76-4477-9113-3f6aa01da917|rpc:10.1.0.110:38237|priority:1|startupRole:FOLLOWER]|listeners:[], old=null, confs=<EMPTY_MAP>
2022-12-06 15:44:46,640 [pool-163-thread-1] INFO  server.RaftServerConfigKeys (ConfUtils.java:logGet(46)) - raft.server.storage.dir = [/home/runner/work/ozone/ozone/hadoop-ozone/integration-test/target/test-dir/MiniOzoneClusterImpl-dce15e54-dc76-4f82-a75a-fd2a8a22e08e/datanode-4/data/ratis] (custom)
2022-12-06 15:44:46,640 [pool-163-thread-1] INFO  server.RaftServerConfigKeys (ConfUtils.java:logGet(46)) - raft.server.log.corruption.policy = EXCEPTION (default)
2022-12-06 15:44:46,640 [pool-163-thread-1] INFO  server.RaftServerConfigKeys (ConfUtils.java:logGet(46)) - raft.server.storage.free-space.min = 0MB (=0) (default)
2022-12-06 15:44:46,640 [pool-163-thread-1] INFO  server.RaftServerConfigKeys (ConfUtils.java:logGet(46)) - raft.server.notification.no-leader.timeout = 300s (custom)
2022-12-06 15:44:46,641 [pool-163-thread-1] INFO  server.RaftServerConfigKeys (ConfUtils.java:logGet(46)) - raft.server.retrycache.expirytime = 600000ms (custom)
2022-12-06 15:44:46,641 [pool-163-thread-1] INFO  server.RaftServerConfigKeys (ConfUtils.java:logGet(46)) - raft.server.retrycache.statistics.expirytime = 100μs (default)
2022-12-06 15:44:46,642 [pool-163-thread-1] INFO  server.RaftServerConfigKeys (ConfUtils.java:logGet(46)) - raft.server.log.appender.install.snapshot.enabled = false (custom)
2022-12-06 15:44:46,642 [pool-163-thread-1] INFO  server.RaftServerConfigKeys (ConfUtils.java:logGet(46)) - raft.server.threadpool.server.cached = true (default)
2022-12-06 15:44:46,642 [pool-163-thread-1] INFO  server.RaftServerConfigKeys (ConfUtils.java:logGet(46)) - raft.server.threadpool.server.size = 0 (default)
2022-12-06 15:44:46,642 [pool-163-thread-1] INFO  server.RaftServerConfigKeys (ConfUtils.java:logGet(46)) - raft.server.threadpool.client.cached = true (default)
2022-12-06 15:44:46,642 [pool-163-thread-1] INFO  server.RaftServerConfigKeys (ConfUtils.java:logGet(46)) - raft.server.threadpool.client.size = 0 (default)
2022-12-06 15:44:46,642 [pool-163-thread-1] INFO  storage.RaftStorageDirectory (RaftStorageDirectoryImpl.java:analyzeStorage(137)) - The storage directory /home/runner/work/ozone/ozone/hadoop-ozone/integration-test/target/test-dir/MiniOzoneClusterImpl-dce15e54-dc76-4f82-a75a-fd2a8a22e08e/datanode-4/data/ratis/c0714bc7-c0b5-4f78-bbc2-35fd9ccd2bd1 does not exist. Creating ...
2022-12-06 15:44:46,643 [Command processor thread] INFO  commandhandler.CreatePipelineCommandHandler (CreatePipelineCommandHandler.java:handle(113)) - Created Pipeline RATIS THREE PipelineID=f835e2b8-2c94-4d28-b8f1-e6ef3be0cb72.
2022-12-06 15:44:46,644 [pool-163-thread-1] INFO  storage.RaftStorageDirectory (RaftStorageDirectoryImpl.java:tryLock(231)) - Lock on /home/runner/work/ozone/ozone/hadoop-ozone/integration-test/target/test-dir/MiniOzoneClusterImpl-dce15e54-dc76-4f82-a75a-fd2a8a22e08e/datanode-4/data/ratis/c0714bc7-c0b5-4f78-bbc2-35fd9ccd2bd1/in_use.lock acquired by nodename 46996@fv-az133-40
2022-12-06 15:44:46,645 [pool-163-thread-1] INFO  storage.RaftStorage (RaftStorageImpl.java:format(96)) - Storage directory /home/runner/work/ozone/ozone/hadoop-ozone/integration-test/target/test-dir/MiniOzoneClusterImpl-dce15e54-dc76-4f82-a75a-fd2a8a22e08e/datanode-4/data/ratis/c0714bc7-c0b5-4f78-bbc2-35fd9ccd2bd1 has been successfully formatted.
2022-12-06 15:44:46,646 [pool-163-thread-1] INFO  ratis.ContainerStateMachine (ContainerStateMachine.java:loadSnapshot(236)) - group-35FD9CCD2BD1: The snapshot info is null. Setting the last applied indexto:(t:0, i:~)
2022-12-06 15:44:46,646 [pool-163-thread-1] INFO  server.RaftServerConfigKeys (ConfUtils.java:logGet(46)) - raft.server.log.use.memory = false (default)
2022-12-06 15:44:46,646 [pool-163-thread-1] INFO  server.RaftServerConfigKeys (ConfUtils.java:logGet(46)) - raft.server.log.purge.gap = 1000000 (custom)
2022-12-06 15:44:46,646 [pool-163-thread-1] INFO  server.RaftServerConfigKeys (ConfUtils.java:logGet(46)) - raft.server.log.appender.buffer.byte-limit = 33554432 (custom)
2022-12-06 15:44:46,646 [pool-163-thread-1] INFO  server.RaftServerConfigKeys (ConfUtils.java:logGet(46)) - raft.server.log.statemachine.data.read.timeout = 1000ms (default)
2022-12-06 15:44:46,646 [pool-163-thread-1] INFO  server.RaftServerConfigKeys (ConfUtils.java:logGet(46)) - raft.server.log.purge.preservation.log.num = 0 (default)
2022-12-06 15:44:46,646 [pool-163-thread-1] INFO  server.RaftServerConfigKeys (ConfUtils.java:logGet(46)) - raft.server.log.segment.size.max = 1048576 (custom)
2022-12-06 15:44:46,651 [pool-163-thread-1] INFO  server.RaftServerConfigKeys (ConfUtils.java:logGet(46)) - raft.server.log.segment.cache.num.max = 2 (custom)
2022-12-06 15:44:46,651 [pool-163-thread-1] INFO  server.RaftServerConfigKeys (ConfUtils.java:logGet(46)) - raft.server.log.segment.cache.size.max = 200MB (=209715200) (default)
2022-12-06 15:44:46,651 [pool-163-thread-1] INFO  segmented.SegmentedRaftLogWorker (SegmentedRaftLogWorker.java:<init>(189)) - new 831a834c-0d76-4477-9113-3f6aa01da917@group-35FD9CCD2BD1-SegmentedRaftLogWorker for RaftStorageImpl:Storage Directory /home/runner/work/ozone/ozone/hadoop-ozone/integration-test/target/test-dir/MiniOzoneClusterImpl-dce15e54-dc76-4f82-a75a-fd2a8a22e08e/datanode-4/data/ratis/c0714bc7-c0b5-4f78-bbc2-35fd9ccd2bd1
2022-12-06 15:44:46,651 [pool-163-thread-1] INFO  server.RaftServerConfigKeys (ConfUtils.java:logGet(46)) - raft.server.log.queue.byte-limit = 4294967296 (custom)
2022-12-06 15:44:46,651 [pool-163-thread-1] INFO  server.RaftServerConfigKeys (ConfUtils.java:logGet(46)) - raft.server.log.queue.element-limit = 1024 (custom)
2022-12-06 15:44:46,651 [pool-163-thread-1] INFO  server.RaftServerConfigKeys (ConfUtils.java:logGet(46)) - raft.server.log.segment.size.max = 1048576 (custom)
2022-12-06 15:44:46,651 [pool-163-thread-1] INFO  server.RaftServerConfigKeys (ConfUtils.java:logGet(46)) - raft.server.log.preallocated.size = 16384 (custom)
2022-12-06 15:44:46,651 [pool-163-thread-1] INFO  server.RaftServerConfigKeys (ConfUtils.java:logGet(46)) - raft.server.log.force.sync.num = 128 (default)
2022-12-06 15:44:46,651 [pool-163-thread-1] INFO  server.RaftServerConfigKeys (ConfUtils.java:logGet(46)) - raft.server.log.statemachine.data.sync = true (default)
2022-12-06 15:44:46,652 [pool-163-thread-1] INFO  server.RaftServerConfigKeys (ConfUtils.java:logGet(46)) - raft.server.log.statemachine.data.sync.timeout = 10s (default)
2022-12-06 15:44:46,653 [pool-163-thread-1] INFO  server.RaftServerConfigKeys (ConfUtils.java:logGet(46)) - raft.server.log.statemachine.data.sync.timeout.retry = -1 (default)
2022-12-06 15:44:46,653 [EventQueue-CommandQueueReportForCommandQueueReportHandler] WARN  events.EventQueue (EventQueue.java:fireEvent(216)) - No event handler registered for event TypedEvent{payloadType=DatanodeDetails, name='Datanode_Command_Queue_Updated'}
2022-12-06 15:44:46,654 [EventQueue-PipelineReportForPipelineReportHandler] INFO  pipeline.PipelineManagerImpl (PipelineManagerImpl.java:openPipeline(367)) - Pipeline Pipeline[ Id: c0714bc7-c0b5-4f78-bbc2-35fd9ccd2bd1, Nodes: 831a834c-0d76-4477-9113-3f6aa01da917{ip: 10.1.0.110, host: fv-az133-40.ac31hddj4phu5ocom5smqd4hkf.cx.internal.cloudapp.net, ports: [REPLICATION=35421, RATIS=38237, RATIS_ADMIN=38237, RATIS_SERVER=38237, STANDALONE=40149], networkLocation: /default-rack, certSerialId: null, persistedOpState: IN_SERVICE, persistedOpStateExpiryEpochSec: 0}, ReplicationConfig: RATIS/ONE, State:ALLOCATED, leaderId:831a834c-0d76-4477-9113-3f6aa01da917, CreationTimestamp2022-12-06T15:44:43.627Z[Etc/UTC]] moved to OPEN state
2022-12-06 15:44:46,654 [EventQueue-OpenPipelineForHealthyPipelineSafeModeRule] INFO  safemode.SCMSafeModeManager (HealthyPipelineSafeModeRule.java:process(137)) - SCM in safe mode. Healthy pipelines reported count is 0, required healthy pipeline reported count is 1
2022-12-06 15:44:46,655 [pool-163-thread-1] INFO  server.RaftServerConfigKeys (ConfUtils.java:logGet(46)) - raft.server.log.write.buffer.size = 1048576 (custom)
2022-12-06 15:44:46,658 [pool-163-thread-1] INFO  server.RaftServerConfigKeys (ConfUtils.java:logGet(46)) - raft.server.log.appender.buffer.byte-limit = 33554432 (custom)
2022-12-06 15:44:46,669 [pool-163-thread-1] INFO  server.RaftServerConfigKeys (ConfUtils.java:logGet(46)) - raft.server.log.unsafe-flush.enabled = false (default)
2022-12-06 15:44:46,669 [pool-163-thread-1] INFO  server.RaftServerConfigKeys (ConfUtils.java:logGet(46)) - raft.server.log.async-flush.enabled = false (default)
2022-12-06 15:44:46,669 [pool-163-thread-1] INFO  server.RaftServerConfigKeys (ConfUtils.java:logGet(46)) - raft.server.log.statemachine.data.caching.enabled = true (custom)
2022-12-06 15:44:46,669 [pool-163-thread-1] INFO  segmented.SegmentedRaftLogWorker (SegmentedRaftLogWorker.java:lambda$new$0(135)) - 831a834c-0d76-4477-9113-3f6aa01da917@group-35FD9CCD2BD1-SegmentedRaftLogWorker: flushIndex: setUnconditionally 0 -> -1
2022-12-06 15:44:46,669 [pool-163-thread-1] INFO  segmented.SegmentedRaftLogWorker (SegmentedRaftLogWorker.java:lambda$new$0(135)) - 831a834c-0d76-4477-9113-3f6aa01da917@group-35FD9CCD2BD1-SegmentedRaftLogWorker: safeCacheEvictIndex: setUnconditionally 0 -> -1
2022-12-06 15:44:46,670 [pool-163-thread-1] INFO  server.RaftServer$Division (RaftServerImpl.java:start(334)) - 831a834c-0d76-4477-9113-3f6aa01da917@group-35FD9CCD2BD1: start as a follower, conf=-1: peers:[831a834c-0d76-4477-9113-3f6aa01da917|rpc:10.1.0.110:38237|priority:1|startupRole:FOLLOWER]|listeners:[], old=null
2022-12-06 15:44:46,670 [pool-163-thread-1] INFO  server.RaftServer$Division (RaftServerImpl.java:setRole(321)) - 831a834c-0d76-4477-9113-3f6aa01da917@group-35FD9CCD2BD1: changes role from      null to FOLLOWER at term 0 for startAsFollower
2022-12-06 15:44:46,670 [pool-163-thread-1] INFO  impl.RoleInfo (RoleInfo.java:updateAndGet(139)) - 831a834c-0d76-4477-9113-3f6aa01da917: start 831a834c-0d76-4477-9113-3f6aa01da917@group-35FD9CCD2BD1-FollowerState
2022-12-06 15:44:46,670 [pool-163-thread-1] INFO  util.JmxRegister (JmxRegister.java:tryRegister(44)) - Successfully registered JMX Bean with object name Ratis:service=RaftServer,group=group-35FD9CCD2BD1,id=831a834c-0d76-4477-9113-3f6aa01da917
2022-12-06 15:44:46,670 [pool-163-thread-1] INFO  server.RaftServerConfigKeys (ConfUtils.java:logGet(46)) - raft.server.snapshot.auto.trigger.enabled = true (custom)
2022-12-06 15:44:46,670 [pool-163-thread-1] INFO  server.RaftServerConfigKeys (ConfUtils.java:logGet(46)) - raft.server.snapshot.auto.trigger.threshold = 10000 (custom)
2022-12-06 15:44:46,670 [pool-163-thread-1] INFO  server.RaftServerConfigKeys (ConfUtils.java:logGet(46)) - raft.server.snapshot.retention.file.num = 5 (custom)
2022-12-06 15:44:46,670 [pool-163-thread-1] INFO  server.RaftServerConfigKeys (ConfUtils.java:logGet(46)) - raft.server.log.purge.upto.snapshot.index = false (default)
2022-12-06 15:44:46,671 [831a834c-0d76-4477-9113-3f6aa01da917@group-35FD9CCD2BD1-FollowerState] INFO  server.RaftServerConfigKeys (ConfUtils.java:logFallback(53)) - raft.server.rpc.first-election.timeout.min = 5s (fallback to raft.server.rpc.timeout.min)
2022-12-06 15:44:46,671 [831a834c-0d76-4477-9113-3f6aa01da917@group-35FD9CCD2BD1-FollowerState] INFO  server.RaftServerConfigKeys (ConfUtils.java:logFallback(53)) - raft.server.rpc.first-election.timeout.max = 5200ms (fallback to raft.server.rpc.timeout.max)
2022-12-06 15:44:46,676 [Command processor thread] INFO  ratis.XceiverServerRatis (XceiverServerRatis.java:addGroup(765)) - Created group PipelineID=c0714bc7-c0b5-4f78-bbc2-35fd9ccd2bd1
2022-12-06 15:44:46,676 [Command processor thread] INFO  commandhandler.CreatePipelineCommandHandler (CreatePipelineCommandHandler.java:handle(113)) - Created Pipeline RATIS ONE PipelineID=c0714bc7-c0b5-4f78-bbc2-35fd9ccd2bd1.
2022-12-06 15:44:46,676 [Command processor thread] INFO  server.RaftServer (RaftServerProxy.java:addNew(96)) - 831a834c-0d76-4477-9113-3f6aa01da917: addNew group-86C4A20D7C89:[470e2686-24c9-4e42-bae6-1f3a72650c76|rpc:10.1.0.110:33297|priority:1|startupRole:FOLLOWER, cc93147f-bc2d-4803-9a7c-bfa6df100165|rpc:10.1.0.110:32927|priority:0|startupRole:FOLLOWER, 831a834c-0d76-4477-9113-3f6aa01da917|rpc:10.1.0.110:38237|priority:0|startupRole:FOLLOWER] returns group-86C4A20D7C89:java.util.concurrent.CompletableFuture@74021a3d[Not completed]
2022-12-06 15:44:46,684 [pool-163-thread-1] INFO  server.RaftServer$Division (RaftServerImpl.java:<init>(195)) - 831a834c-0d76-4477-9113-3f6aa01da917: new RaftServerImpl for group-86C4A20D7C89:[470e2686-24c9-4e42-bae6-1f3a72650c76|rpc:10.1.0.110:33297|priority:1|startupRole:FOLLOWER, cc93147f-bc2d-4803-9a7c-bfa6df100165|rpc:10.1.0.110:32927|priority:0|startupRole:FOLLOWER, 831a834c-0d76-4477-9113-3f6aa01da917|rpc:10.1.0.110:38237|priority:0|startupRole:FOLLOWER] with ContainerStateMachine:uninitialized
2022-12-06 15:44:46,685 [pool-163-thread-1] INFO  server.RaftServerConfigKeys (ConfUtils.java:logGet(46)) - raft.server.rpc.timeout.min = 5s (custom)
2022-12-06 15:44:46,685 [pool-163-thread-1] INFO  server.RaftServerConfigKeys (ConfUtils.java:logGet(46)) - raft.server.rpc.timeout.max = 5200ms (custom)
2022-12-06 15:44:46,685 [pool-163-thread-1] INFO  server.RaftServerConfigKeys (ConfUtils.java:logGet(46)) - raft.server.rpc.sleep.time = 25ms (default)
2022-12-06 15:44:46,685 [pool-163-thread-1] INFO  server.RaftServerConfigKeys (ConfUtils.java:logGet(46)) - raft.server.rpc.slowness.timeout = 300s (custom)
2022-12-06 15:44:46,685 [pool-163-thread-1] INFO  server.RaftServerConfigKeys (ConfUtils.java:logGet(46)) - raft.server.leaderelection.leader.step-down.wait-time = 10s (default)
2022-12-06 15:44:46,685 [pool-163-thread-1] INFO  server.RaftServerConfigKeys (ConfUtils.java:logGet(46)) - raft.server.sleep.deviation.threshold = 300ms (default)
2022-12-06 15:44:46,685 [pool-163-thread-1] INFO  server.RaftServer$Division (ServerState.java:<init>(118)) - 831a834c-0d76-4477-9113-3f6aa01da917@group-86C4A20D7C89: ConfigurationManager, init=-1: peers:[470e2686-24c9-4e42-bae6-1f3a72650c76|rpc:10.1.0.110:33297|priority:1|startupRole:FOLLOWER, cc93147f-bc2d-4803-9a7c-bfa6df100165|rpc:10.1.0.110:32927|priority:0|startupRole:FOLLOWER, 831a834c-0d76-4477-9113-3f6aa01da917|rpc:10.1.0.110:38237|priority:0|startupRole:FOLLOWER]|listeners:[], old=null, confs=<EMPTY_MAP>
2022-12-06 15:44:46,685 [pool-163-thread-1] INFO  server.RaftServerConfigKeys (ConfUtils.java:logGet(46)) - raft.server.storage.dir = [/home/runner/work/ozone/ozone/hadoop-ozone/integration-test/target/test-dir/MiniOzoneClusterImpl-dce15e54-dc76-4f82-a75a-fd2a8a22e08e/datanode-4/data/ratis] (custom)
2022-12-06 15:44:46,685 [pool-163-thread-1] INFO  server.RaftServerConfigKeys (ConfUtils.java:logGet(46)) - raft.server.log.corruption.policy = EXCEPTION (default)
2022-12-06 15:44:46,685 [pool-163-thread-1] INFO  server.RaftServerConfigKeys (ConfUtils.java:logGet(46)) - raft.server.storage.free-space.min = 0MB (=0) (default)
2022-12-06 15:44:46,685 [pool-163-thread-1] INFO  server.RaftServerConfigKeys (ConfUtils.java:logGet(46)) - raft.server.notification.no-leader.timeout = 300s (custom)
2022-12-06 15:44:46,685 [pool-163-thread-1] INFO  server.RaftServerConfigKeys (ConfUtils.java:logGet(46)) - raft.server.retrycache.expirytime = 600000ms (custom)
2022-12-06 15:44:46,685 [pool-163-thread-1] INFO  server.RaftServerConfigKeys (ConfUtils.java:logGet(46)) - raft.server.retrycache.statistics.expirytime = 100μs (default)
2022-12-06 15:44:46,687 [pool-163-thread-1] INFO  server.RaftServerConfigKeys (ConfUtils.java:logGet(46)) - raft.server.log.appender.install.snapshot.enabled = false (custom)
2022-12-06 15:44:46,687 [pool-163-thread-1] INFO  server.RaftServerConfigKeys (ConfUtils.java:logGet(46)) - raft.server.threadpool.server.cached = true (default)
2022-12-06 15:44:46,687 [pool-163-thread-1] INFO  server.RaftServerConfigKeys (ConfUtils.java:logGet(46)) - raft.server.threadpool.server.size = 0 (default)
2022-12-06 15:44:46,687 [pool-163-thread-1] INFO  server.RaftServerConfigKeys (ConfUtils.java:logGet(46)) - raft.server.threadpool.client.cached = true (default)
2022-12-06 15:44:46,687 [pool-163-thread-1] INFO  server.RaftServerConfigKeys (ConfUtils.java:logGet(46)) - raft.server.threadpool.client.size = 0 (default)
2022-12-06 15:44:46,687 [pool-163-thread-1] INFO  storage.RaftStorageDirectory (RaftStorageDirectoryImpl.java:analyzeStorage(137)) - The storage directory /home/runner/work/ozone/ozone/hadoop-ozone/integration-test/target/test-dir/MiniOzoneClusterImpl-dce15e54-dc76-4f82-a75a-fd2a8a22e08e/datanode-4/data/ratis/a0a6679e-32ef-48c4-92df-86c4a20d7c89 does not exist. Creating ...
2022-12-06 15:44:46,690 [pool-163-thread-1] INFO  storage.RaftStorageDirectory (RaftStorageDirectoryImpl.java:tryLock(231)) - Lock on /home/runner/work/ozone/ozone/hadoop-ozone/integration-test/target/test-dir/MiniOzoneClusterImpl-dce15e54-dc76-4f82-a75a-fd2a8a22e08e/datanode-4/data/ratis/a0a6679e-32ef-48c4-92df-86c4a20d7c89/in_use.lock acquired by nodename 46996@fv-az133-40
2022-12-06 15:44:46,692 [pool-163-thread-1] INFO  storage.RaftStorage (RaftStorageImpl.java:format(96)) - Storage directory /home/runner/work/ozone/ozone/hadoop-ozone/integration-test/target/test-dir/MiniOzoneClusterImpl-dce15e54-dc76-4f82-a75a-fd2a8a22e08e/datanode-4/data/ratis/a0a6679e-32ef-48c4-92df-86c4a20d7c89 has been successfully formatted.
2022-12-06 15:44:46,697 [pool-163-thread-1] INFO  ratis.ContainerStateMachine (ContainerStateMachine.java:loadSnapshot(236)) - group-86C4A20D7C89: The snapshot info is null. Setting the last applied indexto:(t:0, i:~)
2022-12-06 15:44:46,697 [pool-163-thread-1] INFO  server.RaftServerConfigKeys (ConfUtils.java:logGet(46)) - raft.server.log.use.memory = false (default)
2022-12-06 15:44:46,697 [pool-163-thread-1] INFO  server.RaftServerConfigKeys (ConfUtils.java:logGet(46)) - raft.server.log.purge.gap = 1000000 (custom)
2022-12-06 15:44:46,697 [pool-163-thread-1] INFO  server.RaftServerConfigKeys (ConfUtils.java:logGet(46)) - raft.server.log.appender.buffer.byte-limit = 33554432 (custom)
2022-12-06 15:44:46,697 [pool-163-thread-1] INFO  server.RaftServerConfigKeys (ConfUtils.java:logGet(46)) - raft.server.log.statemachine.data.read.timeout = 1000ms (default)
2022-12-06 15:44:46,697 [pool-163-thread-1] INFO  server.RaftServerConfigKeys (ConfUtils.java:logGet(46)) - raft.server.log.purge.preservation.log.num = 0 (default)
2022-12-06 15:44:46,699 [Command processor thread] INFO  commandhandler.CreatePipelineCommandHandler (CreatePipelineCommandHandler.java:handle(113)) - Created Pipeline RATIS THREE PipelineID=e5386add-d74c-4c86-b83f-6b60a7c996db.
2022-12-06 15:44:46,699 [grpc-default-executor-0] INFO  server.RaftServer (RaftServerProxy.java:addNew(96)) - cc93147f-bc2d-4803-9a7c-bfa6df100165: addNew group-8751AA67DF99:[470e2686-24c9-4e42-bae6-1f3a72650c76|rpc:10.1.0.110:33297|dataStream:|priority:0|startupRole:FOLLOWER, cc93147f-bc2d-4803-9a7c-bfa6df100165|rpc:10.1.0.110:32927|dataStream:|priority:0|startupRole:FOLLOWER, 831a834c-0d76-4477-9113-3f6aa01da917|rpc:10.1.0.110:38237|dataStream:|priority:1|startupRole:FOLLOWER] returns group-8751AA67DF99:java.util.concurrent.CompletableFuture@3bfde9a3[Not completed]
2022-12-06 15:44:46,702 [pool-163-thread-1] INFO  server.RaftServerConfigKeys (ConfUtils.java:logGet(46)) - raft.server.log.segment.size.max = 1048576 (custom)
2022-12-06 15:44:46,703 [pool-163-thread-1] INFO  server.RaftServerConfigKeys (ConfUtils.java:logGet(46)) - raft.server.log.segment.cache.num.max = 2 (custom)
2022-12-06 15:44:46,703 [pool-163-thread-1] INFO  server.RaftServerConfigKeys (ConfUtils.java:logGet(46)) - raft.server.log.segment.cache.size.max = 200MB (=209715200) (default)
2022-12-06 15:44:46,703 [pool-163-thread-1] INFO  segmented.SegmentedRaftLogWorker (SegmentedRaftLogWorker.java:<init>(189)) - new 831a834c-0d76-4477-9113-3f6aa01da917@group-86C4A20D7C89-SegmentedRaftLogWorker for RaftStorageImpl:Storage Directory /home/runner/work/ozone/ozone/hadoop-ozone/integration-test/target/test-dir/MiniOzoneClusterImpl-dce15e54-dc76-4f82-a75a-fd2a8a22e08e/datanode-4/data/ratis/a0a6679e-32ef-48c4-92df-86c4a20d7c89
2022-12-06 15:44:46,703 [pool-163-thread-1] INFO  server.RaftServerConfigKeys (ConfUtils.java:logGet(46)) - raft.server.log.queue.byte-limit = 4294967296 (custom)
2022-12-06 15:44:46,703 [pool-163-thread-1] INFO  server.RaftServerConfigKeys (ConfUtils.java:logGet(46)) - raft.server.log.queue.element-limit = 1024 (custom)
2022-12-06 15:44:46,703 [pool-163-thread-1] INFO  server.RaftServerConfigKeys (ConfUtils.java:logGet(46)) - raft.server.log.segment.size.max = 1048576 (custom)
2022-12-06 15:44:46,703 [pool-163-thread-1] INFO  server.RaftServerConfigKeys (ConfUtils.java:logGet(46)) - raft.server.log.preallocated.size = 16384 (custom)
2022-12-06 15:44:46,703 [pool-163-thread-1] INFO  server.RaftServerConfigKeys (ConfUtils.java:logGet(46)) - raft.server.log.force.sync.num = 128 (default)
2022-12-06 15:44:46,703 [pool-163-thread-1] INFO  server.RaftServerConfigKeys (ConfUtils.java:logGet(46)) - raft.server.log.statemachine.data.sync = true (default)
2022-12-06 15:44:46,703 [pool-163-thread-1] INFO  server.RaftServerConfigKeys (ConfUtils.java:logGet(46)) - raft.server.log.statemachine.data.sync.timeout = 10s (default)
2022-12-06 15:44:46,703 [pool-163-thread-1] INFO  server.RaftServerConfigKeys (ConfUtils.java:logGet(46)) - raft.server.log.statemachine.data.sync.timeout.retry = -1 (default)
2022-12-06 15:44:46,705 [EventQueue-OpenPipelineForHealthyPipelineSafeModeRule] INFO  safemode.SCMSafeModeManager (HealthyPipelineSafeModeRule.java:process(137)) - SCM in safe mode. Healthy pipelines reported count is 0, required healthy pipeline reported count is 1
2022-12-06 15:44:46,707 [EventQueue-CommandQueueReportForCommandQueueReportHandler] WARN  events.EventQueue (EventQueue.java:fireEvent(216)) - No event handler registered for event TypedEvent{payloadType=DatanodeDetails, name='Datanode_Command_Queue_Updated'}
2022-12-06 15:44:46,707 [pool-163-thread-1] INFO  server.RaftServerConfigKeys (ConfUtils.java:logGet(46)) - raft.server.log.write.buffer.size = 1048576 (custom)
2022-12-06 15:44:46,709 [pool-163-thread-1] INFO  server.RaftServerConfigKeys (ConfUtils.java:logGet(46)) - raft.server.log.appender.buffer.byte-limit = 33554432 (custom)
2022-12-06 15:44:46,714 [pool-163-thread-1] INFO  server.RaftServerConfigKeys (ConfUtils.java:logGet(46)) - raft.server.log.unsafe-flush.enabled = false (default)
2022-12-06 15:44:46,714 [pool-163-thread-1] INFO  server.RaftServerConfigKeys (ConfUtils.java:logGet(46)) - raft.server.log.async-flush.enabled = false (default)
2022-12-06 15:44:46,714 [pool-163-thread-1] INFO  server.RaftServerConfigKeys (ConfUtils.java:logGet(46)) - raft.server.log.statemachine.data.caching.enabled = true (custom)
2022-12-06 15:44:46,714 [pool-163-thread-1] INFO  segmented.SegmentedRaftLogWorker (SegmentedRaftLogWorker.java:lambda$new$0(135)) - 831a834c-0d76-4477-9113-3f6aa01da917@group-86C4A20D7C89-SegmentedRaftLogWorker: flushIndex: setUnconditionally 0 -> -1
2022-12-06 15:44:46,715 [pool-163-thread-1] INFO  segmented.SegmentedRaftLogWorker (SegmentedRaftLogWorker.java:lambda$new$0(135)) - 831a834c-0d76-4477-9113-3f6aa01da917@group-86C4A20D7C89-SegmentedRaftLogWorker: safeCacheEvictIndex: setUnconditionally 0 -> -1
2022-12-06 15:44:46,720 [Command processor thread] INFO  commandhandler.CreatePipelineCommandHandler (CreatePipelineCommandHandler.java:handle(113)) - Created Pipeline RATIS THREE PipelineID=e5386add-d74c-4c86-b83f-6b60a7c996db.
2022-12-06 15:44:46,720 [pool-186-thread-1] INFO  server.RaftServer$Division (RaftServerImpl.java:<init>(195)) - cc93147f-bc2d-4803-9a7c-bfa6df100165: new RaftServerImpl for group-8751AA67DF99:[470e2686-24c9-4e42-bae6-1f3a72650c76|rpc:10.1.0.110:33297|dataStream:|priority:0|startupRole:FOLLOWER, cc93147f-bc2d-4803-9a7c-bfa6df100165|rpc:10.1.0.110:32927|dataStream:|priority:0|startupRole:FOLLOWER, 831a834c-0d76-4477-9113-3f6aa01da917|rpc:10.1.0.110:38237|dataStream:|priority:1|startupRole:FOLLOWER] with ContainerStateMachine:uninitialized
2022-12-06 15:44:46,720 [pool-186-thread-1] INFO  server.RaftServerConfigKeys (ConfUtils.java:logGet(46)) - raft.server.rpc.timeout.min = 5s (custom)
2022-12-06 15:44:46,720 [pool-186-thread-1] INFO  server.RaftServerConfigKeys (ConfUtils.java:logGet(46)) - raft.server.rpc.timeout.max = 5200ms (custom)
2022-12-06 15:44:46,720 [pool-186-thread-1] INFO  server.RaftServerConfigKeys (ConfUtils.java:logGet(46)) - raft.server.rpc.sleep.time = 25ms (default)
2022-12-06 15:44:46,720 [pool-186-thread-1] INFO  server.RaftServerConfigKeys (ConfUtils.java:logGet(46)) - raft.server.rpc.slowness.timeout = 300s (custom)
2022-12-06 15:44:46,720 [pool-186-thread-1] INFO  server.RaftServerConfigKeys (ConfUtils.java:logGet(46)) - raft.server.leaderelection.leader.step-down.wait-time = 10s (default)
2022-12-06 15:44:46,720 [pool-186-thread-1] INFO  server.RaftServerConfigKeys (ConfUtils.java:logGet(46)) - raft.server.sleep.deviation.threshold = 300ms (default)
2022-12-06 15:44:46,720 [pool-186-thread-1] INFO  server.RaftServer$Division (ServerState.java:<init>(118)) - cc93147f-bc2d-4803-9a7c-bfa6df100165@group-8751AA67DF99: ConfigurationManager, init=-1: peers:[470e2686-24c9-4e42-bae6-1f3a72650c76|rpc:10.1.0.110:33297|dataStream:|priority:0|startupRole:FOLLOWER, cc93147f-bc2d-4803-9a7c-bfa6df100165|rpc:10.1.0.110:32927|dataStream:|priority:0|startupRole:FOLLOWER, 831a834c-0d76-4477-9113-3f6aa01da917|rpc:10.1.0.110:38237|dataStream:|priority:1|startupRole:FOLLOWER]|listeners:[], old=null, confs=<EMPTY_MAP>
2022-12-06 15:44:46,721 [pool-186-thread-1] INFO  server.RaftServerConfigKeys (ConfUtils.java:logGet(46)) - raft.server.storage.dir = [/home/runner/work/ozone/ozone/hadoop-ozone/integration-test/target/test-dir/MiniOzoneClusterImpl-dce15e54-dc76-4f82-a75a-fd2a8a22e08e/datanode-5/data/ratis] (custom)
2022-12-06 15:44:46,721 [pool-186-thread-1] INFO  server.RaftServerConfigKeys (ConfUtils.java:logGet(46)) - raft.server.log.corruption.policy = EXCEPTION (default)
2022-12-06 15:44:46,721 [pool-186-thread-1] INFO  server.RaftServerConfigKeys (ConfUtils.java:logGet(46)) - raft.server.storage.free-space.min = 0MB (=0) (default)
2022-12-06 15:44:46,721 [pool-186-thread-1] INFO  server.RaftServerConfigKeys (ConfUtils.java:logGet(46)) - raft.server.notification.no-leader.timeout = 300s (custom)
2022-12-06 15:44:46,721 [pool-186-thread-1] INFO  server.RaftServerConfigKeys (ConfUtils.java:logGet(46)) - raft.server.retrycache.expirytime = 600000ms (custom)
2022-12-06 15:44:46,721 [pool-186-thread-1] INFO  server.RaftServerConfigKeys (ConfUtils.java:logGet(46)) - raft.server.retrycache.statistics.expirytime = 100μs (default)
2022-12-06 15:44:46,723 [pool-163-thread-1] INFO  server.RaftServer$Division (RaftServerImpl.java:start(334)) - 831a834c-0d76-4477-9113-3f6aa01da917@group-86C4A20D7C89: start as a follower, conf=-1: peers:[470e2686-24c9-4e42-bae6-1f3a72650c76|rpc:10.1.0.110:33297|priority:1|startupRole:FOLLOWER, cc93147f-bc2d-4803-9a7c-bfa6df100165|rpc:10.1.0.110:32927|priority:0|startupRole:FOLLOWER, 831a834c-0d76-4477-9113-3f6aa01da917|rpc:10.1.0.110:38237|priority:0|startupRole:FOLLOWER]|listeners:[], old=null
2022-12-06 15:44:46,725 [pool-163-thread-1] INFO  server.RaftServer$Division (RaftServerImpl.java:setRole(321)) - 831a834c-0d76-4477-9113-3f6aa01da917@group-86C4A20D7C89: changes role from      null to FOLLOWER at term 0 for startAsFollower
2022-12-06 15:44:46,725 [pool-163-thread-1] INFO  impl.RoleInfo (RoleInfo.java:updateAndGet(139)) - 831a834c-0d76-4477-9113-3f6aa01da917: start 831a834c-0d76-4477-9113-3f6aa01da917@group-86C4A20D7C89-FollowerState
2022-12-06 15:44:46,727 [pool-163-thread-1] INFO  util.JmxRegister (JmxRegister.java:tryRegister(44)) - Successfully registered JMX Bean with object name Ratis:service=RaftServer,group=group-86C4A20D7C89,id=831a834c-0d76-4477-9113-3f6aa01da917
2022-12-06 15:44:46,727 [pool-163-thread-1] INFO  server.RaftServerConfigKeys (ConfUtils.java:logGet(46)) - raft.server.snapshot.auto.trigger.enabled = true (custom)
2022-12-06 15:44:46,727 [pool-163-thread-1] INFO  server.RaftServerConfigKeys (ConfUtils.java:logGet(46)) - raft.server.snapshot.auto.trigger.threshold = 10000 (custom)
2022-12-06 15:44:46,727 [pool-163-thread-1] INFO  server.RaftServerConfigKeys (ConfUtils.java:logGet(46)) - raft.server.snapshot.retention.file.num = 5 (custom)
2022-12-06 15:44:46,727 [pool-163-thread-1] INFO  server.RaftServerConfigKeys (ConfUtils.java:logGet(46)) - raft.server.log.purge.upto.snapshot.index = false (default)
2022-12-06 15:44:46,728 [831a834c-0d76-4477-9113-3f6aa01da917@group-86C4A20D7C89-FollowerState] INFO  server.RaftServerConfigKeys (ConfUtils.java:logFallback(53)) - raft.server.rpc.first-election.timeout.min = 5s (fallback to raft.server.rpc.timeout.min)
2022-12-06 15:44:46,728 [831a834c-0d76-4477-9113-3f6aa01da917@group-86C4A20D7C89-FollowerState] INFO  server.RaftServerConfigKeys (ConfUtils.java:logFallback(53)) - raft.server.rpc.first-election.timeout.max = 5200ms (fallback to raft.server.rpc.timeout.max)
2022-12-06 15:44:46,728 [Command processor thread] INFO  ratis.XceiverServerRatis (XceiverServerRatis.java:addGroup(765)) - Created group PipelineID=a0a6679e-32ef-48c4-92df-86c4a20d7c89
2022-12-06 15:44:46,734 [pool-186-thread-1] INFO  server.RaftServerConfigKeys (ConfUtils.java:logGet(46)) - raft.server.log.appender.install.snapshot.enabled = false (custom)
2022-12-06 15:44:46,734 [pool-186-thread-1] INFO  server.RaftServerConfigKeys (ConfUtils.java:logGet(46)) - raft.server.threadpool.server.cached = true (default)
2022-12-06 15:44:46,734 [pool-186-thread-1] INFO  server.RaftServerConfigKeys (ConfUtils.java:logGet(46)) - raft.server.threadpool.server.size = 0 (default)
2022-12-06 15:44:46,734 [pool-186-thread-1] INFO  server.RaftServerConfigKeys (ConfUtils.java:logGet(46)) - raft.server.threadpool.client.cached = true (default)
2022-12-06 15:44:46,734 [pool-186-thread-1] INFO  server.RaftServerConfigKeys (ConfUtils.java:logGet(46)) - raft.server.threadpool.client.size = 0 (default)
2022-12-06 15:44:46,734 [pool-186-thread-1] INFO  storage.RaftStorageDirectory (RaftStorageDirectoryImpl.java:analyzeStorage(137)) - The storage directory /home/runner/work/ozone/ozone/hadoop-ozone/integration-test/target/test-dir/MiniOzoneClusterImpl-dce15e54-dc76-4f82-a75a-fd2a8a22e08e/datanode-5/data/ratis/4d8caa6e-06c6-45eb-8a52-8751aa67df99 does not exist. Creating ...
2022-12-06 15:44:46,738 [pool-186-thread-1] INFO  storage.RaftStorageDirectory (RaftStorageDirectoryImpl.java:tryLock(231)) - Lock on /home/runner/work/ozone/ozone/hadoop-ozone/integration-test/target/test-dir/MiniOzoneClusterImpl-dce15e54-dc76-4f82-a75a-fd2a8a22e08e/datanode-5/data/ratis/4d8caa6e-06c6-45eb-8a52-8751aa67df99/in_use.lock acquired by nodename 46996@fv-az133-40
2022-12-06 15:44:46,738 [EventQueue-CommandQueueReportForCommandQueueReportHandler] WARN  events.EventQueue (EventQueue.java:fireEvent(216)) - No event handler registered for event TypedEvent{payloadType=DatanodeDetails, name='Datanode_Command_Queue_Updated'}
2022-12-06 15:44:46,740 [pool-186-thread-1] INFO  storage.RaftStorage (RaftStorageImpl.java:format(96)) - Storage directory /home/runner/work/ozone/ozone/hadoop-ozone/integration-test/target/test-dir/MiniOzoneClusterImpl-dce15e54-dc76-4f82-a75a-fd2a8a22e08e/datanode-5/data/ratis/4d8caa6e-06c6-45eb-8a52-8751aa67df99 has been successfully formatted.
2022-12-06 15:44:46,740 [pool-186-thread-1] INFO  ratis.ContainerStateMachine (ContainerStateMachine.java:loadSnapshot(236)) - group-8751AA67DF99: The snapshot info is null. Setting the last applied indexto:(t:0, i:~)
2022-12-06 15:44:46,740 [pool-186-thread-1] INFO  server.RaftServerConfigKeys (ConfUtils.java:logGet(46)) - raft.server.log.use.memory = false (default)
2022-12-06 15:44:46,741 [pool-186-thread-1] INFO  server.RaftServerConfigKeys (ConfUtils.java:logGet(46)) - raft.server.log.purge.gap = 1000000 (custom)
2022-12-06 15:44:46,741 [pool-186-thread-1] INFO  server.RaftServerConfigKeys (ConfUtils.java:logGet(46)) - raft.server.log.appender.buffer.byte-limit = 33554432 (custom)
2022-12-06 15:44:46,741 [pool-186-thread-1] INFO  server.RaftServerConfigKeys (ConfUtils.java:logGet(46)) - raft.server.log.statemachine.data.read.timeout = 1000ms (default)
2022-12-06 15:44:46,741 [pool-186-thread-1] INFO  server.RaftServerConfigKeys (ConfUtils.java:logGet(46)) - raft.server.log.purge.preservation.log.num = 0 (default)
2022-12-06 15:44:46,741 [pool-186-thread-1] INFO  server.RaftServerConfigKeys (ConfUtils.java:logGet(46)) - raft.server.log.segment.size.max = 1048576 (custom)
2022-12-06 15:44:46,741 [pool-186-thread-1] INFO  server.RaftServerConfigKeys (ConfUtils.java:logGet(46)) - raft.server.log.segment.cache.num.max = 2 (custom)
2022-12-06 15:44:46,741 [pool-186-thread-1] INFO  server.RaftServerConfigKeys (ConfUtils.java:logGet(46)) - raft.server.log.segment.cache.size.max = 200MB (=209715200) (default)
2022-12-06 15:44:46,742 [pool-186-thread-1] INFO  segmented.SegmentedRaftLogWorker (SegmentedRaftLogWorker.java:<init>(189)) - new cc93147f-bc2d-4803-9a7c-bfa6df100165@group-8751AA67DF99-SegmentedRaftLogWorker for RaftStorageImpl:Storage Directory /home/runner/work/ozone/ozone/hadoop-ozone/integration-test/target/test-dir/MiniOzoneClusterImpl-dce15e54-dc76-4f82-a75a-fd2a8a22e08e/datanode-5/data/ratis/4d8caa6e-06c6-45eb-8a52-8751aa67df99
2022-12-06 15:44:46,742 [pool-186-thread-1] INFO  server.RaftServerConfigKeys (ConfUtils.java:logGet(46)) - raft.server.log.queue.byte-limit = 4294967296 (custom)
2022-12-06 15:44:46,743 [pool-186-thread-1] INFO  server.RaftServerConfigKeys (ConfUtils.java:logGet(46)) - raft.server.log.queue.element-limit = 1024 (custom)
2022-12-06 15:44:46,742 [EventQueue-CommandQueueReportForCommandQueueReportHandler] WARN  events.EventQueue (EventQueue.java:fireEvent(216)) - No event handler registered for event TypedEvent{payloadType=DatanodeDetails, name='Datanode_Command_Queue_Updated'}
2022-12-06 15:44:46,743 [pool-186-thread-1] INFO  server.RaftServerConfigKeys (ConfUtils.java:logGet(46)) - raft.server.log.segment.size.max = 1048576 (custom)
2022-12-06 15:44:46,744 [pool-186-thread-1] INFO  server.RaftServerConfigKeys (ConfUtils.java:logGet(46)) - raft.server.log.preallocated.size = 16384 (custom)
2022-12-06 15:44:46,744 [pool-186-thread-1] INFO  server.RaftServerConfigKeys (ConfUtils.java:logGet(46)) - raft.server.log.force.sync.num = 128 (default)
2022-12-06 15:44:46,744 [pool-186-thread-1] INFO  server.RaftServerConfigKeys (ConfUtils.java:logGet(46)) - raft.server.log.statemachine.data.sync = true (default)
2022-12-06 15:44:46,744 [pool-186-thread-1] INFO  server.RaftServerConfigKeys (ConfUtils.java:logGet(46)) - raft.server.log.statemachine.data.sync.timeout = 10s (default)
2022-12-06 15:44:46,744 [pool-186-thread-1] INFO  server.RaftServerConfigKeys (ConfUtils.java:logGet(46)) - raft.server.log.statemachine.data.sync.timeout.retry = -1 (default)
2022-12-06 15:44:46,745 [pool-186-thread-1] INFO  server.RaftServerConfigKeys (ConfUtils.java:logGet(46)) - raft.server.log.write.buffer.size = 1048576 (custom)
2022-12-06 15:44:46,745 [pool-186-thread-1] INFO  server.RaftServerConfigKeys (ConfUtils.java:logGet(46)) - raft.server.log.appender.buffer.byte-limit = 33554432 (custom)
2022-12-06 15:44:46,750 [pool-186-thread-1] INFO  server.RaftServerConfigKeys (ConfUtils.java:logGet(46)) - raft.server.log.unsafe-flush.enabled = false (default)
2022-12-06 15:44:46,750 [pool-186-thread-1] INFO  server.RaftServerConfigKeys (ConfUtils.java:logGet(46)) - raft.server.log.async-flush.enabled = false (default)
2022-12-06 15:44:46,750 [pool-186-thread-1] INFO  server.RaftServerConfigKeys (ConfUtils.java:logGet(46)) - raft.server.log.statemachine.data.caching.enabled = true (custom)
2022-12-06 15:44:46,751 [pool-186-thread-1] INFO  segmented.SegmentedRaftLogWorker (SegmentedRaftLogWorker.java:lambda$new$0(135)) - cc93147f-bc2d-4803-9a7c-bfa6df100165@group-8751AA67DF99-SegmentedRaftLogWorker: flushIndex: setUnconditionally 0 -> -1
2022-12-06 15:44:46,751 [pool-186-thread-1] INFO  segmented.SegmentedRaftLogWorker (SegmentedRaftLogWorker.java:lambda$new$0(135)) - cc93147f-bc2d-4803-9a7c-bfa6df100165@group-8751AA67DF99-SegmentedRaftLogWorker: safeCacheEvictIndex: setUnconditionally 0 -> -1
2022-12-06 15:44:46,751 [pool-186-thread-1] INFO  server.RaftServer$Division (RaftServerImpl.java:start(334)) - cc93147f-bc2d-4803-9a7c-bfa6df100165@group-8751AA67DF99: start as a follower, conf=-1: peers:[470e2686-24c9-4e42-bae6-1f3a72650c76|rpc:10.1.0.110:33297|dataStream:|priority:0|startupRole:FOLLOWER, cc93147f-bc2d-4803-9a7c-bfa6df100165|rpc:10.1.0.110:32927|dataStream:|priority:0|startupRole:FOLLOWER, 831a834c-0d76-4477-9113-3f6aa01da917|rpc:10.1.0.110:38237|dataStream:|priority:1|startupRole:FOLLOWER]|listeners:[], old=null
2022-12-06 15:44:46,751 [pool-186-thread-1] INFO  server.RaftServer$Division (RaftServerImpl.java:setRole(321)) - cc93147f-bc2d-4803-9a7c-bfa6df100165@group-8751AA67DF99: changes role from      null to FOLLOWER at term 0 for startAsFollower
2022-12-06 15:44:46,751 [pool-186-thread-1] INFO  impl.RoleInfo (RoleInfo.java:updateAndGet(139)) - cc93147f-bc2d-4803-9a7c-bfa6df100165: start cc93147f-bc2d-4803-9a7c-bfa6df100165@group-8751AA67DF99-FollowerState
2022-12-06 15:44:46,752 [pool-186-thread-1] INFO  util.JmxRegister (JmxRegister.java:tryRegister(44)) - Successfully registered JMX Bean with object name Ratis:service=RaftServer,group=group-8751AA67DF99,id=cc93147f-bc2d-4803-9a7c-bfa6df100165
2022-12-06 15:44:46,752 [pool-186-thread-1] INFO  server.RaftServerConfigKeys (ConfUtils.java:logGet(46)) - raft.server.snapshot.auto.trigger.enabled = true (custom)
2022-12-06 15:44:46,752 [pool-186-thread-1] INFO  server.RaftServerConfigKeys (ConfUtils.java:logGet(46)) - raft.server.snapshot.auto.trigger.threshold = 10000 (custom)
2022-12-06 15:44:46,752 [pool-186-thread-1] INFO  server.RaftServerConfigKeys (ConfUtils.java:logGet(46)) - raft.server.snapshot.retention.file.num = 5 (custom)
2022-12-06 15:44:46,752 [pool-186-thread-1] INFO  server.RaftServerConfigKeys (ConfUtils.java:logGet(46)) - raft.server.log.purge.upto.snapshot.index = false (default)
2022-12-06 15:44:46,753 [cc93147f-bc2d-4803-9a7c-bfa6df100165@group-8751AA67DF99-FollowerState] INFO  server.RaftServerConfigKeys (ConfUtils.java:logFallback(53)) - raft.server.rpc.first-election.timeout.min = 5s (fallback to raft.server.rpc.timeout.min)
2022-12-06 15:44:46,769 [Command processor thread] INFO  commandhandler.CreatePipelineCommandHandler (CreatePipelineCommandHandler.java:handle(113)) - Created Pipeline RATIS THREE PipelineID=4d8caa6e-06c6-45eb-8a52-8751aa67df99.
2022-12-06 15:44:46,769 [pool-140-thread-1] INFO  server.RaftServer$Division (RaftServerImpl.java:<init>(195)) - 470e2686-24c9-4e42-bae6-1f3a72650c76: new RaftServerImpl for group-86C4A20D7C89:[470e2686-24c9-4e42-bae6-1f3a72650c76|rpc:10.1.0.110:33297|dataStream:|priority:1|startupRole:FOLLOWER, cc93147f-bc2d-4803-9a7c-bfa6df100165|rpc:10.1.0.110:32927|dataStream:|priority:0|startupRole:FOLLOWER, 831a834c-0d76-4477-9113-3f6aa01da917|rpc:10.1.0.110:38237|dataStream:|priority:0|startupRole:FOLLOWER] with ContainerStateMachine:uninitialized
2022-12-06 15:44:46,770 [pool-140-thread-1] INFO  server.RaftServerConfigKeys (ConfUtils.java:logGet(46)) - raft.server.rpc.timeout.min = 5s (custom)
2022-12-06 15:44:46,770 [pool-140-thread-1] INFO  server.RaftServerConfigKeys (ConfUtils.java:logGet(46)) - raft.server.rpc.timeout.max = 5200ms (custom)
2022-12-06 15:44:46,770 [pool-140-thread-1] INFO  server.RaftServerConfigKeys (ConfUtils.java:logGet(46)) - raft.server.rpc.sleep.time = 25ms (default)
2022-12-06 15:44:46,770 [pool-140-thread-1] INFO  server.RaftServerConfigKeys (ConfUtils.java:logGet(46)) - raft.server.rpc.slowness.timeout = 300s (custom)
2022-12-06 15:44:46,770 [pool-140-thread-1] INFO  server.RaftServerConfigKeys (ConfUtils.java:logGet(46)) - raft.server.leaderelection.leader.step-down.wait-time = 10s (default)
2022-12-06 15:44:46,770 [pool-140-thread-1] INFO  server.RaftServerConfigKeys (ConfUtils.java:logGet(46)) - raft.server.sleep.deviation.threshold = 300ms (default)
2022-12-06 15:44:46,770 [pool-140-thread-1] INFO  server.RaftServer$Division (ServerState.java:<init>(118)) - 470e2686-24c9-4e42-bae6-1f3a72650c76@group-86C4A20D7C89: ConfigurationManager, init=-1: peers:[470e2686-24c9-4e42-bae6-1f3a72650c76|rpc:10.1.0.110:33297|dataStream:|priority:1|startupRole:FOLLOWER, cc93147f-bc2d-4803-9a7c-bfa6df100165|rpc:10.1.0.110:32927|dataStream:|priority:0|startupRole:FOLLOWER, 831a834c-0d76-4477-9113-3f6aa01da917|rpc:10.1.0.110:38237|dataStream:|priority:0|startupRole:FOLLOWER]|listeners:[], old=null, confs=<EMPTY_MAP>
2022-12-06 15:44:46,770 [pool-140-thread-1] INFO  server.RaftServerConfigKeys (ConfUtils.java:logGet(46)) - raft.server.storage.dir = [/home/runner/work/ozone/ozone/hadoop-ozone/integration-test/target/test-dir/MiniOzoneClusterImpl-dce15e54-dc76-4f82-a75a-fd2a8a22e08e/datanode-3/data/ratis] (custom)
2022-12-06 15:44:46,770 [pool-140-thread-1] INFO  server.RaftServerConfigKeys (ConfUtils.java:logGet(46)) - raft.server.log.corruption.policy = EXCEPTION (default)
2022-12-06 15:44:46,770 [pool-140-thread-1] INFO  server.RaftServerConfigKeys (ConfUtils.java:logGet(46)) - raft.server.storage.free-space.min = 0MB (=0) (default)
2022-12-06 15:44:46,770 [pool-140-thread-1] INFO  server.RaftServerConfigKeys (ConfUtils.java:logGet(46)) - raft.server.notification.no-leader.timeout = 300s (custom)
2022-12-06 15:44:46,770 [pool-140-thread-1] INFO  server.RaftServerConfigKeys (ConfUtils.java:logGet(46)) - raft.server.retrycache.expirytime = 600000ms (custom)
2022-12-06 15:44:46,770 [pool-140-thread-1] INFO  server.RaftServerConfigKeys (ConfUtils.java:logGet(46)) - raft.server.retrycache.statistics.expirytime = 100μs (default)
2022-12-06 15:44:46,772 [pool-140-thread-1] INFO  server.RaftServerConfigKeys (ConfUtils.java:logGet(46)) - raft.server.log.appender.install.snapshot.enabled = false (custom)
2022-12-06 15:44:46,772 [pool-140-thread-1] INFO  server.RaftServerConfigKeys (ConfUtils.java:logGet(46)) - raft.server.threadpool.server.cached = true (default)
2022-12-06 15:44:46,772 [pool-140-thread-1] INFO  server.RaftServerConfigKeys (ConfUtils.java:logGet(46)) - raft.server.threadpool.server.size = 0 (default)
2022-12-06 15:44:46,772 [pool-140-thread-1] INFO  server.RaftServerConfigKeys (ConfUtils.java:logGet(46)) - raft.server.threadpool.client.cached = true (default)
2022-12-06 15:44:46,772 [pool-140-thread-1] INFO  server.RaftServerConfigKeys (ConfUtils.java:logGet(46)) - raft.server.threadpool.client.size = 0 (default)
2022-12-06 15:44:46,768 [grpc-default-executor-0] INFO  server.RaftServer (RaftServerProxy.java:addNew(96)) - 470e2686-24c9-4e42-bae6-1f3a72650c76: addNew group-86C4A20D7C89:[470e2686-24c9-4e42-bae6-1f3a72650c76|rpc:10.1.0.110:33297|dataStream:|priority:1|startupRole:FOLLOWER, cc93147f-bc2d-4803-9a7c-bfa6df100165|rpc:10.1.0.110:32927|dataStream:|priority:0|startupRole:FOLLOWER, 831a834c-0d76-4477-9113-3f6aa01da917|rpc:10.1.0.110:38237|dataStream:|priority:0|startupRole:FOLLOWER] returns group-86C4A20D7C89:java.util.concurrent.CompletableFuture@50a77821[Not completed]
2022-12-06 15:44:46,773 [pool-140-thread-1] INFO  storage.RaftStorageDirectory (RaftStorageDirectoryImpl.java:analyzeStorage(137)) - The storage directory /home/runner/work/ozone/ozone/hadoop-ozone/integration-test/target/test-dir/MiniOzoneClusterImpl-dce15e54-dc76-4f82-a75a-fd2a8a22e08e/datanode-3/data/ratis/a0a6679e-32ef-48c4-92df-86c4a20d7c89 does not exist. Creating ...
2022-12-06 15:44:46,772 [cc93147f-bc2d-4803-9a7c-bfa6df100165@group-8751AA67DF99-FollowerState] INFO  server.RaftServerConfigKeys (ConfUtils.java:logFallback(53)) - raft.server.rpc.first-election.timeout.max = 5200ms (fallback to raft.server.rpc.timeout.max)
2022-12-06 15:44:46,775 [pool-140-thread-1] INFO  storage.RaftStorageDirectory (RaftStorageDirectoryImpl.java:tryLock(231)) - Lock on /home/runner/work/ozone/ozone/hadoop-ozone/integration-test/target/test-dir/MiniOzoneClusterImpl-dce15e54-dc76-4f82-a75a-fd2a8a22e08e/datanode-3/data/ratis/a0a6679e-32ef-48c4-92df-86c4a20d7c89/in_use.lock acquired by nodename 46996@fv-az133-40
2022-12-06 15:44:46,777 [pool-140-thread-1] INFO  storage.RaftStorage (RaftStorageImpl.java:format(96)) - Storage directory /home/runner/work/ozone/ozone/hadoop-ozone/integration-test/target/test-dir/MiniOzoneClusterImpl-dce15e54-dc76-4f82-a75a-fd2a8a22e08e/datanode-3/data/ratis/a0a6679e-32ef-48c4-92df-86c4a20d7c89 has been successfully formatted.
2022-12-06 15:44:46,777 [pool-140-thread-1] INFO  ratis.ContainerStateMachine (ContainerStateMachine.java:loadSnapshot(236)) - group-86C4A20D7C89: The snapshot info is null. Setting the last applied indexto:(t:0, i:~)
2022-12-06 15:44:46,777 [pool-140-thread-1] INFO  server.RaftServerConfigKeys (ConfUtils.java:logGet(46)) - raft.server.log.use.memory = false (default)
2022-12-06 15:44:46,777 [pool-140-thread-1] INFO  server.RaftServerConfigKeys (ConfUtils.java:logGet(46)) - raft.server.log.purge.gap = 1000000 (custom)
2022-12-06 15:44:46,778 [pool-140-thread-1] INFO  server.RaftServerConfigKeys (ConfUtils.java:logGet(46)) - raft.server.log.appender.buffer.byte-limit = 33554432 (custom)
2022-12-06 15:44:46,778 [pool-140-thread-1] INFO  server.RaftServerConfigKeys (ConfUtils.java:logGet(46)) - raft.server.log.statemachine.data.read.timeout = 1000ms (default)
2022-12-06 15:44:46,778 [pool-140-thread-1] INFO  server.RaftServerConfigKeys (ConfUtils.java:logGet(46)) - raft.server.log.purge.preservation.log.num = 0 (default)
2022-12-06 15:44:46,778 [pool-140-thread-1] INFO  server.RaftServerConfigKeys (ConfUtils.java:logGet(46)) - raft.server.log.segment.size.max = 1048576 (custom)
2022-12-06 15:44:46,778 [pool-140-thread-1] INFO  server.RaftServerConfigKeys (ConfUtils.java:logGet(46)) - raft.server.log.segment.cache.num.max = 2 (custom)
2022-12-06 15:44:46,778 [pool-140-thread-1] INFO  server.RaftServerConfigKeys (ConfUtils.java:logGet(46)) - raft.server.log.segment.cache.size.max = 200MB (=209715200) (default)
2022-12-06 15:44:46,778 [pool-140-thread-1] INFO  segmented.SegmentedRaftLogWorker (SegmentedRaftLogWorker.java:<init>(189)) - new 470e2686-24c9-4e42-bae6-1f3a72650c76@group-86C4A20D7C89-SegmentedRaftLogWorker for RaftStorageImpl:Storage Directory /home/runner/work/ozone/ozone/hadoop-ozone/integration-test/target/test-dir/MiniOzoneClusterImpl-dce15e54-dc76-4f82-a75a-fd2a8a22e08e/datanode-3/data/ratis/a0a6679e-32ef-48c4-92df-86c4a20d7c89
2022-12-06 15:44:46,778 [pool-140-thread-1] INFO  server.RaftServerConfigKeys (ConfUtils.java:logGet(46)) - raft.server.log.queue.byte-limit = 4294967296 (custom)
2022-12-06 15:44:46,778 [pool-140-thread-1] INFO  server.RaftServerConfigKeys (ConfUtils.java:logGet(46)) - raft.server.log.queue.element-limit = 1024 (custom)
2022-12-06 15:44:46,779 [pool-140-thread-1] INFO  server.RaftServerConfigKeys (ConfUtils.java:logGet(46)) - raft.server.log.segment.size.max = 1048576 (custom)
2022-12-06 15:44:46,779 [pool-140-thread-1] INFO  server.RaftServerConfigKeys (ConfUtils.java:logGet(46)) - raft.server.log.preallocated.size = 16384 (custom)
2022-12-06 15:44:46,779 [pool-140-thread-1] INFO  server.RaftServerConfigKeys (ConfUtils.java:logGet(46)) - raft.server.log.force.sync.num = 128 (default)
2022-12-06 15:44:46,779 [pool-140-thread-1] INFO  server.RaftServerConfigKeys (ConfUtils.java:logGet(46)) - raft.server.log.statemachine.data.sync = true (default)
2022-12-06 15:44:46,779 [EventQueue-CommandQueueReportForCommandQueueReportHandler] WARN  events.EventQueue (EventQueue.java:fireEvent(216)) - No event handler registered for event TypedEvent{payloadType=DatanodeDetails, name='Datanode_Command_Queue_Updated'}
2022-12-06 15:44:46,780 [EventQueue-OpenPipelineForHealthyPipelineSafeModeRule] INFO  safemode.SCMSafeModeManager (HealthyPipelineSafeModeRule.java:process(137)) - SCM in safe mode. Healthy pipelines reported count is 0, required healthy pipeline reported count is 1
2022-12-06 15:44:46,780 [pool-140-thread-1] INFO  server.RaftServerConfigKeys (ConfUtils.java:logGet(46)) - raft.server.log.statemachine.data.sync.timeout = 10s (default)
2022-12-06 15:44:46,780 [pool-140-thread-1] INFO  server.RaftServerConfigKeys (ConfUtils.java:logGet(46)) - raft.server.log.statemachine.data.sync.timeout.retry = -1 (default)
2022-12-06 15:44:46,781 [pool-140-thread-1] INFO  server.RaftServerConfigKeys (ConfUtils.java:logGet(46)) - raft.server.log.write.buffer.size = 1048576 (custom)
2022-12-06 15:44:46,781 [pool-140-thread-1] INFO  server.RaftServerConfigKeys (ConfUtils.java:logGet(46)) - raft.server.log.appender.buffer.byte-limit = 33554432 (custom)
2022-12-06 15:44:46,786 [pool-140-thread-1] INFO  server.RaftServerConfigKeys (ConfUtils.java:logGet(46)) - raft.server.log.unsafe-flush.enabled = false (default)
2022-12-06 15:44:46,786 [pool-140-thread-1] INFO  server.RaftServerConfigKeys (ConfUtils.java:logGet(46)) - raft.server.log.async-flush.enabled = false (default)
2022-12-06 15:44:46,786 [pool-140-thread-1] INFO  server.RaftServerConfigKeys (ConfUtils.java:logGet(46)) - raft.server.log.statemachine.data.caching.enabled = true (custom)
2022-12-06 15:44:46,790 [pool-140-thread-1] INFO  segmented.SegmentedRaftLogWorker (SegmentedRaftLogWorker.java:lambda$new$0(135)) - 470e2686-24c9-4e42-bae6-1f3a72650c76@group-86C4A20D7C89-SegmentedRaftLogWorker: flushIndex: setUnconditionally 0 -> -1
2022-12-06 15:44:46,791 [pool-140-thread-1] INFO  segmented.SegmentedRaftLogWorker (SegmentedRaftLogWorker.java:lambda$new$0(135)) - 470e2686-24c9-4e42-bae6-1f3a72650c76@group-86C4A20D7C89-SegmentedRaftLogWorker: safeCacheEvictIndex: setUnconditionally 0 -> -1
2022-12-06 15:44:46,793 [pool-140-thread-1] INFO  server.RaftServer$Division (RaftServerImpl.java:start(334)) - 470e2686-24c9-4e42-bae6-1f3a72650c76@group-86C4A20D7C89: start as a follower, conf=-1: peers:[470e2686-24c9-4e42-bae6-1f3a72650c76|rpc:10.1.0.110:33297|dataStream:|priority:1|startupRole:FOLLOWER, cc93147f-bc2d-4803-9a7c-bfa6df100165|rpc:10.1.0.110:32927|dataStream:|priority:0|startupRole:FOLLOWER, 831a834c-0d76-4477-9113-3f6aa01da917|rpc:10.1.0.110:38237|dataStream:|priority:0|startupRole:FOLLOWER]|listeners:[], old=null
2022-12-06 15:44:46,793 [pool-140-thread-1] INFO  server.RaftServer$Division (RaftServerImpl.java:setRole(321)) - 470e2686-24c9-4e42-bae6-1f3a72650c76@group-86C4A20D7C89: changes role from      null to FOLLOWER at term 0 for startAsFollower
2022-12-06 15:44:46,794 [pool-140-thread-1] INFO  impl.RoleInfo (RoleInfo.java:updateAndGet(139)) - 470e2686-24c9-4e42-bae6-1f3a72650c76: start 470e2686-24c9-4e42-bae6-1f3a72650c76@group-86C4A20D7C89-FollowerState
2022-12-06 15:44:46,794 [pool-140-thread-1] INFO  util.JmxRegister (JmxRegister.java:tryRegister(44)) - Successfully registered JMX Bean with object name Ratis:service=RaftServer,group=group-86C4A20D7C89,id=470e2686-24c9-4e42-bae6-1f3a72650c76
2022-12-06 15:44:46,794 [pool-140-thread-1] INFO  server.RaftServerConfigKeys (ConfUtils.java:logGet(46)) - raft.server.snapshot.auto.trigger.enabled = true (custom)
2022-12-06 15:44:46,794 [pool-140-thread-1] INFO  server.RaftServerConfigKeys (ConfUtils.java:logGet(46)) - raft.server.snapshot.auto.trigger.threshold = 10000 (custom)
2022-12-06 15:44:46,794 [pool-140-thread-1] INFO  server.RaftServerConfigKeys (ConfUtils.java:logGet(46)) - raft.server.snapshot.retention.file.num = 5 (custom)
2022-12-06 15:44:46,794 [pool-140-thread-1] INFO  server.RaftServerConfigKeys (ConfUtils.java:logGet(46)) - raft.server.log.purge.upto.snapshot.index = false (default)
2022-12-06 15:44:46,795 [470e2686-24c9-4e42-bae6-1f3a72650c76@group-86C4A20D7C89-FollowerState] INFO  server.RaftServerConfigKeys (ConfUtils.java:logFallback(53)) - raft.server.rpc.first-election.timeout.min = 5s (fallback to raft.server.rpc.timeout.min)
2022-12-06 15:44:46,804 [470e2686-24c9-4e42-bae6-1f3a72650c76@group-86C4A20D7C89-FollowerState] INFO  server.RaftServerConfigKeys (ConfUtils.java:logFallback(53)) - raft.server.rpc.first-election.timeout.max = 5200ms (fallback to raft.server.rpc.timeout.max)
2022-12-06 15:44:46,830 [grpc-default-executor-0] INFO  server.RaftServer (RaftServerProxy.java:addNew(96)) - cc93147f-bc2d-4803-9a7c-bfa6df100165: addNew group-86C4A20D7C89:[470e2686-24c9-4e42-bae6-1f3a72650c76|rpc:10.1.0.110:33297|dataStream:|priority:1|startupRole:FOLLOWER, cc93147f-bc2d-4803-9a7c-bfa6df100165|rpc:10.1.0.110:32927|dataStream:|priority:0|startupRole:FOLLOWER, 831a834c-0d76-4477-9113-3f6aa01da917|rpc:10.1.0.110:38237|dataStream:|priority:0|startupRole:FOLLOWER] returns group-86C4A20D7C89:java.util.concurrent.CompletableFuture@405634b7[Not completed]
2022-12-06 15:44:46,831 [pool-186-thread-1] INFO  server.RaftServer$Division (RaftServerImpl.java:<init>(195)) - cc93147f-bc2d-4803-9a7c-bfa6df100165: new RaftServerImpl for group-86C4A20D7C89:[470e2686-24c9-4e42-bae6-1f3a72650c76|rpc:10.1.0.110:33297|dataStream:|priority:1|startupRole:FOLLOWER, cc93147f-bc2d-4803-9a7c-bfa6df100165|rpc:10.1.0.110:32927|dataStream:|priority:0|startupRole:FOLLOWER, 831a834c-0d76-4477-9113-3f6aa01da917|rpc:10.1.0.110:38237|dataStream:|priority:0|startupRole:FOLLOWER] with ContainerStateMachine:uninitialized
2022-12-06 15:44:46,831 [pool-186-thread-1] INFO  server.RaftServerConfigKeys (ConfUtils.java:logGet(46)) - raft.server.rpc.timeout.min = 5s (custom)
2022-12-06 15:44:46,831 [pool-186-thread-1] INFO  server.RaftServerConfigKeys (ConfUtils.java:logGet(46)) - raft.server.rpc.timeout.max = 5200ms (custom)
2022-12-06 15:44:46,831 [pool-186-thread-1] INFO  server.RaftServerConfigKeys (ConfUtils.java:logGet(46)) - raft.server.rpc.sleep.time = 25ms (default)
2022-12-06 15:44:46,831 [pool-186-thread-1] INFO  server.RaftServerConfigKeys (ConfUtils.java:logGet(46)) - raft.server.rpc.slowness.timeout = 300s (custom)
2022-12-06 15:44:46,831 [pool-186-thread-1] INFO  server.RaftServerConfigKeys (ConfUtils.java:logGet(46)) - raft.server.leaderelection.leader.step-down.wait-time = 10s (default)
2022-12-06 15:44:46,831 [pool-186-thread-1] INFO  server.RaftServerConfigKeys (ConfUtils.java:logGet(46)) - raft.server.sleep.deviation.threshold = 300ms (default)
2022-12-06 15:44:46,831 [pool-186-thread-1] INFO  server.RaftServer$Division (ServerState.java:<init>(118)) - cc93147f-bc2d-4803-9a7c-bfa6df100165@group-86C4A20D7C89: ConfigurationManager, init=-1: peers:[470e2686-24c9-4e42-bae6-1f3a72650c76|rpc:10.1.0.110:33297|dataStream:|priority:1|startupRole:FOLLOWER, cc93147f-bc2d-4803-9a7c-bfa6df100165|rpc:10.1.0.110:32927|dataStream:|priority:0|startupRole:FOLLOWER, 831a834c-0d76-4477-9113-3f6aa01da917|rpc:10.1.0.110:38237|dataStream:|priority:0|startupRole:FOLLOWER]|listeners:[], old=null, confs=<EMPTY_MAP>
2022-12-06 15:44:46,832 [pool-186-thread-1] INFO  server.RaftServerConfigKeys (ConfUtils.java:logGet(46)) - raft.server.storage.dir = [/home/runner/work/ozone/ozone/hadoop-ozone/integration-test/target/test-dir/MiniOzoneClusterImpl-dce15e54-dc76-4f82-a75a-fd2a8a22e08e/datanode-5/data/ratis] (custom)
2022-12-06 15:44:46,832 [pool-186-thread-1] INFO  server.RaftServerConfigKeys (ConfUtils.java:logGet(46)) - raft.server.log.corruption.policy = EXCEPTION (default)
2022-12-06 15:44:46,832 [pool-186-thread-1] INFO  server.RaftServerConfigKeys (ConfUtils.java:logGet(46)) - raft.server.storage.free-space.min = 0MB (=0) (default)
2022-12-06 15:44:46,832 [pool-186-thread-1] INFO  server.RaftServerConfigKeys (ConfUtils.java:logGet(46)) - raft.server.notification.no-leader.timeout = 300s (custom)
2022-12-06 15:44:46,832 [pool-186-thread-1] INFO  server.RaftServerConfigKeys (ConfUtils.java:logGet(46)) - raft.server.retrycache.expirytime = 600000ms (custom)
2022-12-06 15:44:46,832 [pool-186-thread-1] INFO  server.RaftServerConfigKeys (ConfUtils.java:logGet(46)) - raft.server.retrycache.statistics.expirytime = 100μs (default)
2022-12-06 15:44:46,833 [pool-186-thread-1] INFO  server.RaftServerConfigKeys (ConfUtils.java:logGet(46)) - raft.server.log.appender.install.snapshot.enabled = false (custom)
2022-12-06 15:44:46,834 [pool-186-thread-1] INFO  server.RaftServerConfigKeys (ConfUtils.java:logGet(46)) - raft.server.threadpool.server.cached = true (default)
2022-12-06 15:44:46,834 [pool-186-thread-1] INFO  server.RaftServerConfigKeys (ConfUtils.java:logGet(46)) - raft.server.threadpool.server.size = 0 (default)
2022-12-06 15:44:46,834 [pool-186-thread-1] INFO  server.RaftServerConfigKeys (ConfUtils.java:logGet(46)) - raft.server.threadpool.client.cached = true (default)
2022-12-06 15:44:46,834 [pool-186-thread-1] INFO  server.RaftServerConfigKeys (ConfUtils.java:logGet(46)) - raft.server.threadpool.client.size = 0 (default)
2022-12-06 15:44:46,834 [pool-186-thread-1] INFO  storage.RaftStorageDirectory (RaftStorageDirectoryImpl.java:analyzeStorage(137)) - The storage directory /home/runner/work/ozone/ozone/hadoop-ozone/integration-test/target/test-dir/MiniOzoneClusterImpl-dce15e54-dc76-4f82-a75a-fd2a8a22e08e/datanode-5/data/ratis/a0a6679e-32ef-48c4-92df-86c4a20d7c89 does not exist. Creating ...
2022-12-06 15:44:46,835 [pool-186-thread-1] INFO  storage.RaftStorageDirectory (RaftStorageDirectoryImpl.java:tryLock(231)) - Lock on /home/runner/work/ozone/ozone/hadoop-ozone/integration-test/target/test-dir/MiniOzoneClusterImpl-dce15e54-dc76-4f82-a75a-fd2a8a22e08e/datanode-5/data/ratis/a0a6679e-32ef-48c4-92df-86c4a20d7c89/in_use.lock acquired by nodename 46996@fv-az133-40
2022-12-06 15:44:46,836 [pool-186-thread-1] INFO  storage.RaftStorage (RaftStorageImpl.java:format(96)) - Storage directory /home/runner/work/ozone/ozone/hadoop-ozone/integration-test/target/test-dir/MiniOzoneClusterImpl-dce15e54-dc76-4f82-a75a-fd2a8a22e08e/datanode-5/data/ratis/a0a6679e-32ef-48c4-92df-86c4a20d7c89 has been successfully formatted.
2022-12-06 15:44:46,838 [pool-186-thread-1] INFO  ratis.ContainerStateMachine (ContainerStateMachine.java:loadSnapshot(236)) - group-86C4A20D7C89: The snapshot info is null. Setting the last applied indexto:(t:0, i:~)
2022-12-06 15:44:46,838 [pool-186-thread-1] INFO  server.RaftServerConfigKeys (ConfUtils.java:logGet(46)) - raft.server.log.use.memory = false (default)
2022-12-06 15:44:46,838 [pool-186-thread-1] INFO  server.RaftServerConfigKeys (ConfUtils.java:logGet(46)) - raft.server.log.purge.gap = 1000000 (custom)
2022-12-06 15:44:46,838 [pool-186-thread-1] INFO  server.RaftServerConfigKeys (ConfUtils.java:logGet(46)) - raft.server.log.appender.buffer.byte-limit = 33554432 (custom)
2022-12-06 15:44:46,838 [pool-186-thread-1] INFO  server.RaftServerConfigKeys (ConfUtils.java:logGet(46)) - raft.server.log.statemachine.data.read.timeout = 1000ms (default)
2022-12-06 15:44:46,838 [pool-186-thread-1] INFO  server.RaftServerConfigKeys (ConfUtils.java:logGet(46)) - raft.server.log.purge.preservation.log.num = 0 (default)
2022-12-06 15:44:46,839 [EventQueue-CommandQueueReportForCommandQueueReportHandler] WARN  events.EventQueue (EventQueue.java:fireEvent(216)) - No event handler registered for event TypedEvent{payloadType=DatanodeDetails, name='Datanode_Command_Queue_Updated'}
2022-12-06 15:44:46,847 [pool-186-thread-1] INFO  server.RaftServerConfigKeys (ConfUtils.java:logGet(46)) - raft.server.log.segment.size.max = 1048576 (custom)
2022-12-06 15:44:46,851 [pool-186-thread-1] INFO  server.RaftServerConfigKeys (ConfUtils.java:logGet(46)) - raft.server.log.segment.cache.num.max = 2 (custom)
2022-12-06 15:44:46,851 [pool-186-thread-1] INFO  server.RaftServerConfigKeys (ConfUtils.java:logGet(46)) - raft.server.log.segment.cache.size.max = 200MB (=209715200) (default)
2022-12-06 15:44:46,851 [pool-186-thread-1] INFO  segmented.SegmentedRaftLogWorker (SegmentedRaftLogWorker.java:<init>(189)) - new cc93147f-bc2d-4803-9a7c-bfa6df100165@group-86C4A20D7C89-SegmentedRaftLogWorker for RaftStorageImpl:Storage Directory /home/runner/work/ozone/ozone/hadoop-ozone/integration-test/target/test-dir/MiniOzoneClusterImpl-dce15e54-dc76-4f82-a75a-fd2a8a22e08e/datanode-5/data/ratis/a0a6679e-32ef-48c4-92df-86c4a20d7c89
2022-12-06 15:44:46,852 [pool-186-thread-1] INFO  server.RaftServerConfigKeys (ConfUtils.java:logGet(46)) - raft.server.log.queue.byte-limit = 4294967296 (custom)
2022-12-06 15:44:46,852 [pool-186-thread-1] INFO  server.RaftServerConfigKeys (ConfUtils.java:logGet(46)) - raft.server.log.queue.element-limit = 1024 (custom)
2022-12-06 15:44:46,852 [pool-186-thread-1] INFO  server.RaftServerConfigKeys (ConfUtils.java:logGet(46)) - raft.server.log.segment.size.max = 1048576 (custom)
2022-12-06 15:44:46,852 [pool-186-thread-1] INFO  server.RaftServerConfigKeys (ConfUtils.java:logGet(46)) - raft.server.log.preallocated.size = 16384 (custom)
2022-12-06 15:44:46,852 [pool-186-thread-1] INFO  server.RaftServerConfigKeys (ConfUtils.java:logGet(46)) - raft.server.log.force.sync.num = 128 (default)
2022-12-06 15:44:46,852 [pool-186-thread-1] INFO  server.RaftServerConfigKeys (ConfUtils.java:logGet(46)) - raft.server.log.statemachine.data.sync = true (default)
2022-12-06 15:44:46,852 [pool-186-thread-1] INFO  server.RaftServerConfigKeys (ConfUtils.java:logGet(46)) - raft.server.log.statemachine.data.sync.timeout = 10s (default)
2022-12-06 15:44:46,852 [pool-186-thread-1] INFO  server.RaftServerConfigKeys (ConfUtils.java:logGet(46)) - raft.server.log.statemachine.data.sync.timeout.retry = -1 (default)
2022-12-06 15:44:46,853 [pool-186-thread-1] INFO  server.RaftServerConfigKeys (ConfUtils.java:logGet(46)) - raft.server.log.write.buffer.size = 1048576 (custom)
2022-12-06 15:44:46,854 [pool-186-thread-1] INFO  server.RaftServerConfigKeys (ConfUtils.java:logGet(46)) - raft.server.log.appender.buffer.byte-limit = 33554432 (custom)
2022-12-06 15:44:46,861 [pool-186-thread-1] INFO  server.RaftServerConfigKeys (ConfUtils.java:logGet(46)) - raft.server.log.unsafe-flush.enabled = false (default)
2022-12-06 15:44:46,861 [pool-186-thread-1] INFO  server.RaftServerConfigKeys (ConfUtils.java:logGet(46)) - raft.server.log.async-flush.enabled = false (default)
2022-12-06 15:44:46,861 [pool-186-thread-1] INFO  server.RaftServerConfigKeys (ConfUtils.java:logGet(46)) - raft.server.log.statemachine.data.caching.enabled = true (custom)
2022-12-06 15:44:46,861 [pool-186-thread-1] INFO  segmented.SegmentedRaftLogWorker (SegmentedRaftLogWorker.java:lambda$new$0(135)) - cc93147f-bc2d-4803-9a7c-bfa6df100165@group-86C4A20D7C89-SegmentedRaftLogWorker: flushIndex: setUnconditionally 0 -> -1
2022-12-06 15:44:46,862 [pool-186-thread-1] INFO  segmented.SegmentedRaftLogWorker (SegmentedRaftLogWorker.java:lambda$new$0(135)) - cc93147f-bc2d-4803-9a7c-bfa6df100165@group-86C4A20D7C89-SegmentedRaftLogWorker: safeCacheEvictIndex: setUnconditionally 0 -> -1
2022-12-06 15:44:46,862 [pool-186-thread-1] INFO  server.RaftServer$Division (RaftServerImpl.java:start(334)) - cc93147f-bc2d-4803-9a7c-bfa6df100165@group-86C4A20D7C89: start as a follower, conf=-1: peers:[470e2686-24c9-4e42-bae6-1f3a72650c76|rpc:10.1.0.110:33297|dataStream:|priority:1|startupRole:FOLLOWER, cc93147f-bc2d-4803-9a7c-bfa6df100165|rpc:10.1.0.110:32927|dataStream:|priority:0|startupRole:FOLLOWER, 831a834c-0d76-4477-9113-3f6aa01da917|rpc:10.1.0.110:38237|dataStream:|priority:0|startupRole:FOLLOWER]|listeners:[], old=null
2022-12-06 15:44:46,862 [pool-186-thread-1] INFO  server.RaftServer$Division (RaftServerImpl.java:setRole(321)) - cc93147f-bc2d-4803-9a7c-bfa6df100165@group-86C4A20D7C89: changes role from      null to FOLLOWER at term 0 for startAsFollower
2022-12-06 15:44:46,863 [pool-186-thread-1] INFO  impl.RoleInfo (RoleInfo.java:updateAndGet(139)) - cc93147f-bc2d-4803-9a7c-bfa6df100165: start cc93147f-bc2d-4803-9a7c-bfa6df100165@group-86C4A20D7C89-FollowerState
2022-12-06 15:44:46,866 [pool-186-thread-1] INFO  util.JmxRegister (JmxRegister.java:tryRegister(44)) - Successfully registered JMX Bean with object name Ratis:service=RaftServer,group=group-86C4A20D7C89,id=cc93147f-bc2d-4803-9a7c-bfa6df100165
2022-12-06 15:44:46,866 [pool-186-thread-1] INFO  server.RaftServerConfigKeys (ConfUtils.java:logGet(46)) - raft.server.snapshot.auto.trigger.enabled = true (custom)
2022-12-06 15:44:46,866 [pool-186-thread-1] INFO  server.RaftServerConfigKeys (ConfUtils.java:logGet(46)) - raft.server.snapshot.auto.trigger.threshold = 10000 (custom)
2022-12-06 15:44:46,866 [pool-186-thread-1] INFO  server.RaftServerConfigKeys (ConfUtils.java:logGet(46)) - raft.server.snapshot.retention.file.num = 5 (custom)
2022-12-06 15:44:46,866 [pool-186-thread-1] INFO  server.RaftServerConfigKeys (ConfUtils.java:logGet(46)) - raft.server.log.purge.upto.snapshot.index = false (default)
2022-12-06 15:44:46,867 [cc93147f-bc2d-4803-9a7c-bfa6df100165@group-86C4A20D7C89-FollowerState] INFO  server.RaftServerConfigKeys (ConfUtils.java:logFallback(53)) - raft.server.rpc.first-election.timeout.min = 5s (fallback to raft.server.rpc.timeout.min)
2022-12-06 15:44:46,874 [cc93147f-bc2d-4803-9a7c-bfa6df100165@group-86C4A20D7C89-FollowerState] INFO  server.RaftServerConfigKeys (ConfUtils.java:logFallback(53)) - raft.server.rpc.first-election.timeout.max = 5200ms (fallback to raft.server.rpc.timeout.max)
2022-12-06 15:44:46,881 [Command processor thread] INFO  commandhandler.CreatePipelineCommandHandler (CreatePipelineCommandHandler.java:handle(113)) - Created Pipeline RATIS THREE PipelineID=a0a6679e-32ef-48c4-92df-86c4a20d7c89.
2022-12-06 15:44:46,949 [Command processor thread] INFO  server.RaftServer (RaftServerProxy.java:addNew(96)) - cc93147f-bc2d-4803-9a7c-bfa6df100165: addNew group-B4A2B59BA7D6:[cc93147f-bc2d-4803-9a7c-bfa6df100165|rpc:10.1.0.110:32927|priority:1|startupRole:FOLLOWER] returns group-B4A2B59BA7D6:java.util.concurrent.CompletableFuture@7a7dbb3d[Not completed]
2022-12-06 15:44:46,950 [pool-186-thread-1] INFO  server.RaftServer$Division (RaftServerImpl.java:<init>(195)) - cc93147f-bc2d-4803-9a7c-bfa6df100165: new RaftServerImpl for group-B4A2B59BA7D6:[cc93147f-bc2d-4803-9a7c-bfa6df100165|rpc:10.1.0.110:32927|priority:1|startupRole:FOLLOWER] with ContainerStateMachine:uninitialized
2022-12-06 15:44:46,951 [pool-186-thread-1] INFO  server.RaftServerConfigKeys (ConfUtils.java:logGet(46)) - raft.server.rpc.timeout.min = 5s (custom)
2022-12-06 15:44:46,951 [pool-186-thread-1] INFO  server.RaftServerConfigKeys (ConfUtils.java:logGet(46)) - raft.server.rpc.timeout.max = 5200ms (custom)
2022-12-06 15:44:46,951 [pool-186-thread-1] INFO  server.RaftServerConfigKeys (ConfUtils.java:logGet(46)) - raft.server.rpc.sleep.time = 25ms (default)
2022-12-06 15:44:46,951 [pool-186-thread-1] INFO  server.RaftServerConfigKeys (ConfUtils.java:logGet(46)) - raft.server.rpc.slowness.timeout = 300s (custom)
2022-12-06 15:44:46,951 [pool-186-thread-1] INFO  server.RaftServerConfigKeys (ConfUtils.java:logGet(46)) - raft.server.leaderelection.leader.step-down.wait-time = 10s (default)
2022-12-06 15:44:46,951 [pool-186-thread-1] INFO  server.RaftServerConfigKeys (ConfUtils.java:logGet(46)) - raft.server.sleep.deviation.threshold = 300ms (default)
2022-12-06 15:44:46,951 [pool-186-thread-1] INFO  server.RaftServer$Division (ServerState.java:<init>(118)) - cc93147f-bc2d-4803-9a7c-bfa6df100165@group-B4A2B59BA7D6: ConfigurationManager, init=-1: peers:[cc93147f-bc2d-4803-9a7c-bfa6df100165|rpc:10.1.0.110:32927|priority:1|startupRole:FOLLOWER]|listeners:[], old=null, confs=<EMPTY_MAP>
2022-12-06 15:44:46,951 [pool-186-thread-1] INFO  server.RaftServerConfigKeys (ConfUtils.java:logGet(46)) - raft.server.storage.dir = [/home/runner/work/ozone/ozone/hadoop-ozone/integration-test/target/test-dir/MiniOzoneClusterImpl-dce15e54-dc76-4f82-a75a-fd2a8a22e08e/datanode-5/data/ratis] (custom)
2022-12-06 15:44:46,951 [pool-186-thread-1] INFO  server.RaftServerConfigKeys (ConfUtils.java:logGet(46)) - raft.server.log.corruption.policy = EXCEPTION (default)
2022-12-06 15:44:46,951 [pool-186-thread-1] INFO  server.RaftServerConfigKeys (ConfUtils.java:logGet(46)) - raft.server.storage.free-space.min = 0MB (=0) (default)
2022-12-06 15:44:46,952 [pool-186-thread-1] INFO  server.RaftServerConfigKeys (ConfUtils.java:logGet(46)) - raft.server.notification.no-leader.timeout = 300s (custom)
2022-12-06 15:44:46,952 [pool-186-thread-1] INFO  server.RaftServerConfigKeys (ConfUtils.java:logGet(46)) - raft.server.retrycache.expirytime = 600000ms (custom)
2022-12-06 15:44:46,952 [pool-186-thread-1] INFO  server.RaftServerConfigKeys (ConfUtils.java:logGet(46)) - raft.server.retrycache.statistics.expirytime = 100μs (default)
2022-12-06 15:44:46,953 [pool-186-thread-1] INFO  server.RaftServerConfigKeys (ConfUtils.java:logGet(46)) - raft.server.log.appender.install.snapshot.enabled = false (custom)
2022-12-06 15:44:46,953 [pool-186-thread-1] INFO  server.RaftServerConfigKeys (ConfUtils.java:logGet(46)) - raft.server.threadpool.server.cached = true (default)
2022-12-06 15:44:46,953 [pool-186-thread-1] INFO  server.RaftServerConfigKeys (ConfUtils.java:logGet(46)) - raft.server.threadpool.server.size = 0 (default)
2022-12-06 15:44:46,953 [pool-186-thread-1] INFO  server.RaftServerConfigKeys (ConfUtils.java:logGet(46)) - raft.server.threadpool.client.cached = true (default)
2022-12-06 15:44:46,953 [pool-186-thread-1] INFO  server.RaftServerConfigKeys (ConfUtils.java:logGet(46)) - raft.server.threadpool.client.size = 0 (default)
2022-12-06 15:44:46,953 [pool-186-thread-1] INFO  storage.RaftStorageDirectory (RaftStorageDirectoryImpl.java:analyzeStorage(137)) - The storage directory /home/runner/work/ozone/ozone/hadoop-ozone/integration-test/target/test-dir/MiniOzoneClusterImpl-dce15e54-dc76-4f82-a75a-fd2a8a22e08e/datanode-5/data/ratis/22d380dc-e590-4be9-b543-b4a2b59ba7d6 does not exist. Creating ...
2022-12-06 15:44:46,955 [pool-186-thread-1] INFO  storage.RaftStorageDirectory (RaftStorageDirectoryImpl.java:tryLock(231)) - Lock on /home/runner/work/ozone/ozone/hadoop-ozone/integration-test/target/test-dir/MiniOzoneClusterImpl-dce15e54-dc76-4f82-a75a-fd2a8a22e08e/datanode-5/data/ratis/22d380dc-e590-4be9-b543-b4a2b59ba7d6/in_use.lock acquired by nodename 46996@fv-az133-40
2022-12-06 15:44:46,956 [pool-186-thread-1] INFO  storage.RaftStorage (RaftStorageImpl.java:format(96)) - Storage directory /home/runner/work/ozone/ozone/hadoop-ozone/integration-test/target/test-dir/MiniOzoneClusterImpl-dce15e54-dc76-4f82-a75a-fd2a8a22e08e/datanode-5/data/ratis/22d380dc-e590-4be9-b543-b4a2b59ba7d6 has been successfully formatted.
2022-12-06 15:44:46,957 [pool-186-thread-1] INFO  ratis.ContainerStateMachine (ContainerStateMachine.java:loadSnapshot(236)) - group-B4A2B59BA7D6: The snapshot info is null. Setting the last applied indexto:(t:0, i:~)
2022-12-06 15:44:46,957 [pool-186-thread-1] INFO  server.RaftServerConfigKeys (ConfUtils.java:logGet(46)) - raft.server.log.use.memory = false (default)
2022-12-06 15:44:46,957 [pool-186-thread-1] INFO  server.RaftServerConfigKeys (ConfUtils.java:logGet(46)) - raft.server.log.purge.gap = 1000000 (custom)
2022-12-06 15:44:46,957 [pool-186-thread-1] INFO  server.RaftServerConfigKeys (ConfUtils.java:logGet(46)) - raft.server.log.appender.buffer.byte-limit = 33554432 (custom)
2022-12-06 15:44:46,957 [pool-186-thread-1] INFO  server.RaftServerConfigKeys (ConfUtils.java:logGet(46)) - raft.server.log.statemachine.data.read.timeout = 1000ms (default)
2022-12-06 15:44:46,957 [pool-186-thread-1] INFO  server.RaftServerConfigKeys (ConfUtils.java:logGet(46)) - raft.server.log.purge.preservation.log.num = 0 (default)
2022-12-06 15:44:46,958 [pool-186-thread-1] INFO  server.RaftServerConfigKeys (ConfUtils.java:logGet(46)) - raft.server.log.segment.size.max = 1048576 (custom)
2022-12-06 15:44:46,958 [pool-186-thread-1] INFO  server.RaftServerConfigKeys (ConfUtils.java:logGet(46)) - raft.server.log.segment.cache.num.max = 2 (custom)
2022-12-06 15:44:46,958 [pool-186-thread-1] INFO  server.RaftServerConfigKeys (ConfUtils.java:logGet(46)) - raft.server.log.segment.cache.size.max = 200MB (=209715200) (default)
2022-12-06 15:44:46,958 [pool-186-thread-1] INFO  segmented.SegmentedRaftLogWorker (SegmentedRaftLogWorker.java:<init>(189)) - new cc93147f-bc2d-4803-9a7c-bfa6df100165@group-B4A2B59BA7D6-SegmentedRaftLogWorker for RaftStorageImpl:Storage Directory /home/runner/work/ozone/ozone/hadoop-ozone/integration-test/target/test-dir/MiniOzoneClusterImpl-dce15e54-dc76-4f82-a75a-fd2a8a22e08e/datanode-5/data/ratis/22d380dc-e590-4be9-b543-b4a2b59ba7d6
2022-12-06 15:44:46,958 [pool-186-thread-1] INFO  server.RaftServerConfigKeys (ConfUtils.java:logGet(46)) - raft.server.log.queue.byte-limit = 4294967296 (custom)
2022-12-06 15:44:46,958 [pool-186-thread-1] INFO  server.RaftServerConfigKeys (ConfUtils.java:logGet(46)) - raft.server.log.queue.element-limit = 1024 (custom)
2022-12-06 15:44:46,958 [EventQueue-CommandQueueReportForCommandQueueReportHandler] WARN  events.EventQueue (EventQueue.java:fireEvent(216)) - No event handler registered for event TypedEvent{payloadType=DatanodeDetails, name='Datanode_Command_Queue_Updated'}
2022-12-06 15:44:46,959 [EventQueue-PipelineReportForPipelineReportHandler] INFO  pipeline.PipelineManagerImpl (PipelineManagerImpl.java:openPipeline(367)) - Pipeline Pipeline[ Id: 22d380dc-e590-4be9-b543-b4a2b59ba7d6, Nodes: cc93147f-bc2d-4803-9a7c-bfa6df100165{ip: 10.1.0.110, host: fv-az133-40.ac31hddj4phu5ocom5smqd4hkf.cx.internal.cloudapp.net, ports: [REPLICATION=44167, RATIS=32927, RATIS_ADMIN=32927, RATIS_SERVER=32927, STANDALONE=46525], networkLocation: /default-rack, certSerialId: null, persistedOpState: IN_SERVICE, persistedOpStateExpiryEpochSec: 0}, ReplicationConfig: RATIS/ONE, State:ALLOCATED, leaderId:cc93147f-bc2d-4803-9a7c-bfa6df100165, CreationTimestamp2022-12-06T15:44:43.955Z[Etc/UTC]] moved to OPEN state
2022-12-06 15:44:46,959 [pool-186-thread-1] INFO  server.RaftServerConfigKeys (ConfUtils.java:logGet(46)) - raft.server.log.segment.size.max = 1048576 (custom)
2022-12-06 15:44:46,959 [pool-186-thread-1] INFO  server.RaftServerConfigKeys (ConfUtils.java:logGet(46)) - raft.server.log.preallocated.size = 16384 (custom)
2022-12-06 15:44:46,959 [pool-186-thread-1] INFO  server.RaftServerConfigKeys (ConfUtils.java:logGet(46)) - raft.server.log.force.sync.num = 128 (default)
2022-12-06 15:44:46,959 [pool-186-thread-1] INFO  server.RaftServerConfigKeys (ConfUtils.java:logGet(46)) - raft.server.log.statemachine.data.sync = true (default)
2022-12-06 15:44:46,959 [pool-186-thread-1] INFO  server.RaftServerConfigKeys (ConfUtils.java:logGet(46)) - raft.server.log.statemachine.data.sync.timeout = 10s (default)
2022-12-06 15:44:46,959 [pool-186-thread-1] INFO  server.RaftServerConfigKeys (ConfUtils.java:logGet(46)) - raft.server.log.statemachine.data.sync.timeout.retry = -1 (default)
2022-12-06 15:44:46,959 [EventQueue-OpenPipelineForHealthyPipelineSafeModeRule] INFO  safemode.SCMSafeModeManager (HealthyPipelineSafeModeRule.java:process(137)) - SCM in safe mode. Healthy pipelines reported count is 0, required healthy pipeline reported count is 1
2022-12-06 15:44:46,963 [pool-186-thread-1] INFO  server.RaftServerConfigKeys (ConfUtils.java:logGet(46)) - raft.server.log.write.buffer.size = 1048576 (custom)
2022-12-06 15:44:46,964 [pool-186-thread-1] INFO  server.RaftServerConfigKeys (ConfUtils.java:logGet(46)) - raft.server.log.appender.buffer.byte-limit = 33554432 (custom)
2022-12-06 15:44:46,969 [pool-186-thread-1] INFO  server.RaftServerConfigKeys (ConfUtils.java:logGet(46)) - raft.server.log.unsafe-flush.enabled = false (default)
2022-12-06 15:44:46,969 [pool-186-thread-1] INFO  server.RaftServerConfigKeys (ConfUtils.java:logGet(46)) - raft.server.log.async-flush.enabled = false (default)
2022-12-06 15:44:46,969 [pool-186-thread-1] INFO  server.RaftServerConfigKeys (ConfUtils.java:logGet(46)) - raft.server.log.statemachine.data.caching.enabled = true (custom)
2022-12-06 15:44:46,969 [pool-186-thread-1] INFO  segmented.SegmentedRaftLogWorker (SegmentedRaftLogWorker.java:lambda$new$0(135)) - cc93147f-bc2d-4803-9a7c-bfa6df100165@group-B4A2B59BA7D6-SegmentedRaftLogWorker: flushIndex: setUnconditionally 0 -> -1
2022-12-06 15:44:46,969 [pool-186-thread-1] INFO  segmented.SegmentedRaftLogWorker (SegmentedRaftLogWorker.java:lambda$new$0(135)) - cc93147f-bc2d-4803-9a7c-bfa6df100165@group-B4A2B59BA7D6-SegmentedRaftLogWorker: safeCacheEvictIndex: setUnconditionally 0 -> -1
2022-12-06 15:44:46,971 [pool-186-thread-1] INFO  server.RaftServer$Division (RaftServerImpl.java:start(334)) - cc93147f-bc2d-4803-9a7c-bfa6df100165@group-B4A2B59BA7D6: start as a follower, conf=-1: peers:[cc93147f-bc2d-4803-9a7c-bfa6df100165|rpc:10.1.0.110:32927|priority:1|startupRole:FOLLOWER]|listeners:[], old=null
2022-12-06 15:44:46,971 [pool-186-thread-1] INFO  server.RaftServer$Division (RaftServerImpl.java:setRole(321)) - cc93147f-bc2d-4803-9a7c-bfa6df100165@group-B4A2B59BA7D6: changes role from      null to FOLLOWER at term 0 for startAsFollower
2022-12-06 15:44:46,971 [pool-186-thread-1] INFO  impl.RoleInfo (RoleInfo.java:updateAndGet(139)) - cc93147f-bc2d-4803-9a7c-bfa6df100165: start cc93147f-bc2d-4803-9a7c-bfa6df100165@group-B4A2B59BA7D6-FollowerState
2022-12-06 15:44:46,974 [pool-186-thread-1] INFO  util.JmxRegister (JmxRegister.java:tryRegister(44)) - Successfully registered JMX Bean with object name Ratis:service=RaftServer,group=group-B4A2B59BA7D6,id=cc93147f-bc2d-4803-9a7c-bfa6df100165
2022-12-06 15:44:46,975 [pool-186-thread-1] INFO  server.RaftServerConfigKeys (ConfUtils.java:logGet(46)) - raft.server.snapshot.auto.trigger.enabled = true (custom)
2022-12-06 15:44:46,975 [pool-186-thread-1] INFO  server.RaftServerConfigKeys (ConfUtils.java:logGet(46)) - raft.server.snapshot.auto.trigger.threshold = 10000 (custom)
2022-12-06 15:44:46,975 [pool-186-thread-1] INFO  server.RaftServerConfigKeys (ConfUtils.java:logGet(46)) - raft.server.snapshot.retention.file.num = 5 (custom)
2022-12-06 15:44:46,975 [pool-186-thread-1] INFO  server.RaftServerConfigKeys (ConfUtils.java:logGet(46)) - raft.server.log.purge.upto.snapshot.index = false (default)
2022-12-06 15:44:46,975 [cc93147f-bc2d-4803-9a7c-bfa6df100165@group-B4A2B59BA7D6-FollowerState] INFO  server.RaftServerConfigKeys (ConfUtils.java:logFallback(53)) - raft.server.rpc.first-election.timeout.min = 5s (fallback to raft.server.rpc.timeout.min)
2022-12-06 15:44:46,975 [cc93147f-bc2d-4803-9a7c-bfa6df100165@group-B4A2B59BA7D6-FollowerState] INFO  server.RaftServerConfigKeys (ConfUtils.java:logFallback(53)) - raft.server.rpc.first-election.timeout.max = 5200ms (fallback to raft.server.rpc.timeout.max)
2022-12-06 15:44:46,976 [Command processor thread] INFO  ratis.XceiverServerRatis (XceiverServerRatis.java:addGroup(765)) - Created group PipelineID=22d380dc-e590-4be9-b543-b4a2b59ba7d6
2022-12-06 15:44:46,976 [Command processor thread] INFO  commandhandler.CreatePipelineCommandHandler (CreatePipelineCommandHandler.java:handle(113)) - Created Pipeline RATIS ONE PipelineID=22d380dc-e590-4be9-b543-b4a2b59ba7d6.
2022-12-06 15:44:47,087 [EventQueue-CommandQueueReportForCommandQueueReportHandler] WARN  events.EventQueue (EventQueue.java:fireEvent(216)) - No event handler registered for event TypedEvent{payloadType=DatanodeDetails, name='Datanode_Command_Queue_Updated'}
2022-12-06 15:44:47,144 [EventQueue-CommandQueueReportForCommandQueueReportHandler] WARN  events.EventQueue (EventQueue.java:fireEvent(216)) - No event handler registered for event TypedEvent{payloadType=DatanodeDetails, name='Datanode_Command_Queue_Updated'}
2022-12-06 15:44:47,376 [Command processor thread] INFO  server.RaftServer (RaftServerProxy.java:addNew(96)) - 2497daeb-967d-49ad-8f28-1297e8c4c732: addNew group-BD0688E9877E:[2497daeb-967d-49ad-8f28-1297e8c4c732|rpc:10.1.0.110:46387|priority:1|startupRole:FOLLOWER] returns group-BD0688E9877E:java.util.concurrent.CompletableFuture@6b6b9e88[Not completed]
2022-12-06 15:44:47,378 [pool-209-thread-1] INFO  server.RaftServer$Division (RaftServerImpl.java:<init>(195)) - 2497daeb-967d-49ad-8f28-1297e8c4c732: new RaftServerImpl for group-BD0688E9877E:[2497daeb-967d-49ad-8f28-1297e8c4c732|rpc:10.1.0.110:46387|priority:1|startupRole:FOLLOWER] with ContainerStateMachine:uninitialized
2022-12-06 15:44:47,378 [pool-209-thread-1] INFO  server.RaftServerConfigKeys (ConfUtils.java:logGet(46)) - raft.server.rpc.timeout.min = 5s (custom)
2022-12-06 15:44:47,378 [pool-209-thread-1] INFO  server.RaftServerConfigKeys (ConfUtils.java:logGet(46)) - raft.server.rpc.timeout.max = 5200ms (custom)
2022-12-06 15:44:47,378 [pool-209-thread-1] INFO  server.RaftServerConfigKeys (ConfUtils.java:logGet(46)) - raft.server.rpc.sleep.time = 25ms (default)
2022-12-06 15:44:47,378 [pool-209-thread-1] INFO  server.RaftServerConfigKeys (ConfUtils.java:logGet(46)) - raft.server.rpc.slowness.timeout = 300s (custom)
2022-12-06 15:44:47,378 [pool-209-thread-1] INFO  server.RaftServerConfigKeys (ConfUtils.java:logGet(46)) - raft.server.leaderelection.leader.step-down.wait-time = 10s (default)
2022-12-06 15:44:47,378 [pool-209-thread-1] INFO  server.RaftServerConfigKeys (ConfUtils.java:logGet(46)) - raft.server.sleep.deviation.threshold = 300ms (default)
2022-12-06 15:44:47,378 [pool-209-thread-1] INFO  server.RaftServer$Division (ServerState.java:<init>(118)) - 2497daeb-967d-49ad-8f28-1297e8c4c732@group-BD0688E9877E: ConfigurationManager, init=-1: peers:[2497daeb-967d-49ad-8f28-1297e8c4c732|rpc:10.1.0.110:46387|priority:1|startupRole:FOLLOWER]|listeners:[], old=null, confs=<EMPTY_MAP>
2022-12-06 15:44:47,378 [pool-209-thread-1] INFO  server.RaftServerConfigKeys (ConfUtils.java:logGet(46)) - raft.server.storage.dir = [/home/runner/work/ozone/ozone/hadoop-ozone/integration-test/target/test-dir/MiniOzoneClusterImpl-dce15e54-dc76-4f82-a75a-fd2a8a22e08e/datanode-6/data/ratis] (custom)
2022-12-06 15:44:47,379 [pool-209-thread-1] INFO  server.RaftServerConfigKeys (ConfUtils.java:logGet(46)) - raft.server.log.corruption.policy = EXCEPTION (default)
2022-12-06 15:44:47,379 [pool-209-thread-1] INFO  server.RaftServerConfigKeys (ConfUtils.java:logGet(46)) - raft.server.storage.free-space.min = 0MB (=0) (default)
2022-12-06 15:44:47,379 [pool-209-thread-1] INFO  server.RaftServerConfigKeys (ConfUtils.java:logGet(46)) - raft.server.notification.no-leader.timeout = 300s (custom)
2022-12-06 15:44:47,379 [pool-209-thread-1] INFO  server.RaftServerConfigKeys (ConfUtils.java:logGet(46)) - raft.server.retrycache.expirytime = 600000ms (custom)
2022-12-06 15:44:47,379 [pool-209-thread-1] INFO  server.RaftServerConfigKeys (ConfUtils.java:logGet(46)) - raft.server.retrycache.statistics.expirytime = 100μs (default)
2022-12-06 15:44:47,381 [pool-209-thread-1] INFO  server.RaftServerConfigKeys (ConfUtils.java:logGet(46)) - raft.server.log.appender.install.snapshot.enabled = false (custom)
2022-12-06 15:44:47,381 [pool-209-thread-1] INFO  server.RaftServerConfigKeys (ConfUtils.java:logGet(46)) - raft.server.threadpool.server.cached = true (default)
2022-12-06 15:44:47,382 [pool-209-thread-1] INFO  server.RaftServerConfigKeys (ConfUtils.java:logGet(46)) - raft.server.threadpool.server.size = 0 (default)
2022-12-06 15:44:47,382 [pool-209-thread-1] INFO  server.RaftServerConfigKeys (ConfUtils.java:logGet(46)) - raft.server.threadpool.client.cached = true (default)
2022-12-06 15:44:47,382 [pool-209-thread-1] INFO  server.RaftServerConfigKeys (ConfUtils.java:logGet(46)) - raft.server.threadpool.client.size = 0 (default)
2022-12-06 15:44:47,382 [pool-209-thread-1] INFO  storage.RaftStorageDirectory (RaftStorageDirectoryImpl.java:analyzeStorage(137)) - The storage directory /home/runner/work/ozone/ozone/hadoop-ozone/integration-test/target/test-dir/MiniOzoneClusterImpl-dce15e54-dc76-4f82-a75a-fd2a8a22e08e/datanode-6/data/ratis/cc420899-85aa-40fb-a437-bd0688e9877e does not exist. Creating ...
2022-12-06 15:44:47,383 [pool-209-thread-1] INFO  storage.RaftStorageDirectory (RaftStorageDirectoryImpl.java:tryLock(231)) - Lock on /home/runner/work/ozone/ozone/hadoop-ozone/integration-test/target/test-dir/MiniOzoneClusterImpl-dce15e54-dc76-4f82-a75a-fd2a8a22e08e/datanode-6/data/ratis/cc420899-85aa-40fb-a437-bd0688e9877e/in_use.lock acquired by nodename 46996@fv-az133-40
2022-12-06 15:44:47,384 [pool-209-thread-1] INFO  storage.RaftStorage (RaftStorageImpl.java:format(96)) - Storage directory /home/runner/work/ozone/ozone/hadoop-ozone/integration-test/target/test-dir/MiniOzoneClusterImpl-dce15e54-dc76-4f82-a75a-fd2a8a22e08e/datanode-6/data/ratis/cc420899-85aa-40fb-a437-bd0688e9877e has been successfully formatted.
2022-12-06 15:44:47,384 [pool-209-thread-1] INFO  ratis.ContainerStateMachine (ContainerStateMachine.java:loadSnapshot(236)) - group-BD0688E9877E: The snapshot info is null. Setting the last applied indexto:(t:0, i:~)
2022-12-06 15:44:47,385 [pool-209-thread-1] INFO  server.RaftServerConfigKeys (ConfUtils.java:logGet(46)) - raft.server.log.use.memory = false (default)
2022-12-06 15:44:47,385 [pool-209-thread-1] INFO  server.RaftServerConfigKeys (ConfUtils.java:logGet(46)) - raft.server.log.purge.gap = 1000000 (custom)
2022-12-06 15:44:47,385 [pool-209-thread-1] INFO  server.RaftServerConfigKeys (ConfUtils.java:logGet(46)) - raft.server.log.appender.buffer.byte-limit = 33554432 (custom)
2022-12-06 15:44:47,385 [pool-209-thread-1] INFO  server.RaftServerConfigKeys (ConfUtils.java:logGet(46)) - raft.server.log.statemachine.data.read.timeout = 1000ms (default)
2022-12-06 15:44:47,385 [pool-209-thread-1] INFO  server.RaftServerConfigKeys (ConfUtils.java:logGet(46)) - raft.server.log.purge.preservation.log.num = 0 (default)
2022-12-06 15:44:47,385 [pool-209-thread-1] INFO  server.RaftServerConfigKeys (ConfUtils.java:logGet(46)) - raft.server.log.segment.size.max = 1048576 (custom)
2022-12-06 15:44:47,386 [EventQueue-CommandQueueReportForCommandQueueReportHandler] WARN  events.EventQueue (EventQueue.java:fireEvent(216)) - No event handler registered for event TypedEvent{payloadType=DatanodeDetails, name='Datanode_Command_Queue_Updated'}
2022-12-06 15:44:47,387 [EventQueue-PipelineReportForPipelineReportHandler] INFO  pipeline.PipelineManagerImpl (PipelineManagerImpl.java:openPipeline(367)) - Pipeline Pipeline[ Id: cc420899-85aa-40fb-a437-bd0688e9877e, Nodes: 2497daeb-967d-49ad-8f28-1297e8c4c732{ip: 10.1.0.110, host: fv-az133-40.ac31hddj4phu5ocom5smqd4hkf.cx.internal.cloudapp.net, ports: [REPLICATION=46249, RATIS=46387, RATIS_ADMIN=46387, RATIS_SERVER=46387, STANDALONE=33911], networkLocation: /default-rack, certSerialId: null, persistedOpState: IN_SERVICE, persistedOpStateExpiryEpochSec: 0}, ReplicationConfig: RATIS/ONE, State:ALLOCATED, leaderId:2497daeb-967d-49ad-8f28-1297e8c4c732, CreationTimestamp2022-12-06T15:44:44.383Z[Etc/UTC]] moved to OPEN state
2022-12-06 15:44:47,387 [EventQueue-OpenPipelineForHealthyPipelineSafeModeRule] INFO  safemode.SCMSafeModeManager (HealthyPipelineSafeModeRule.java:process(137)) - SCM in safe mode. Healthy pipelines reported count is 0, required healthy pipeline reported count is 1
2022-12-06 15:44:47,388 [pool-209-thread-1] INFO  server.RaftServerConfigKeys (ConfUtils.java:logGet(46)) - raft.server.log.segment.cache.num.max = 2 (custom)
2022-12-06 15:44:47,388 [pool-209-thread-1] INFO  server.RaftServerConfigKeys (ConfUtils.java:logGet(46)) - raft.server.log.segment.cache.size.max = 200MB (=209715200) (default)
2022-12-06 15:44:47,388 [pool-209-thread-1] INFO  segmented.SegmentedRaftLogWorker (SegmentedRaftLogWorker.java:<init>(189)) - new 2497daeb-967d-49ad-8f28-1297e8c4c732@group-BD0688E9877E-SegmentedRaftLogWorker for RaftStorageImpl:Storage Directory /home/runner/work/ozone/ozone/hadoop-ozone/integration-test/target/test-dir/MiniOzoneClusterImpl-dce15e54-dc76-4f82-a75a-fd2a8a22e08e/datanode-6/data/ratis/cc420899-85aa-40fb-a437-bd0688e9877e
2022-12-06 15:44:47,388 [pool-209-thread-1] INFO  server.RaftServerConfigKeys (ConfUtils.java:logGet(46)) - raft.server.log.queue.byte-limit = 4294967296 (custom)
2022-12-06 15:44:47,388 [pool-209-thread-1] INFO  server.RaftServerConfigKeys (ConfUtils.java:logGet(46)) - raft.server.log.queue.element-limit = 1024 (custom)
2022-12-06 15:44:47,388 [pool-209-thread-1] INFO  server.RaftServerConfigKeys (ConfUtils.java:logGet(46)) - raft.server.log.segment.size.max = 1048576 (custom)
2022-12-06 15:44:47,388 [pool-209-thread-1] INFO  server.RaftServerConfigKeys (ConfUtils.java:logGet(46)) - raft.server.log.preallocated.size = 16384 (custom)
2022-12-06 15:44:47,388 [pool-209-thread-1] INFO  server.RaftServerConfigKeys (ConfUtils.java:logGet(46)) - raft.server.log.force.sync.num = 128 (default)
2022-12-06 15:44:47,388 [pool-209-thread-1] INFO  server.RaftServerConfigKeys (ConfUtils.java:logGet(46)) - raft.server.log.statemachine.data.sync = true (default)
2022-12-06 15:44:47,388 [pool-209-thread-1] INFO  server.RaftServerConfigKeys (ConfUtils.java:logGet(46)) - raft.server.log.statemachine.data.sync.timeout = 10s (default)
2022-12-06 15:44:47,388 [pool-209-thread-1] INFO  server.RaftServerConfigKeys (ConfUtils.java:logGet(46)) - raft.server.log.statemachine.data.sync.timeout.retry = -1 (default)
2022-12-06 15:44:47,389 [pool-209-thread-1] INFO  server.RaftServerConfigKeys (ConfUtils.java:logGet(46)) - raft.server.log.write.buffer.size = 1048576 (custom)
2022-12-06 15:44:47,390 [pool-209-thread-1] INFO  server.RaftServerConfigKeys (ConfUtils.java:logGet(46)) - raft.server.log.appender.buffer.byte-limit = 33554432 (custom)
2022-12-06 15:44:47,399 [pool-209-thread-1] INFO  server.RaftServerConfigKeys (ConfUtils.java:logGet(46)) - raft.server.log.unsafe-flush.enabled = false (default)
2022-12-06 15:44:47,399 [pool-209-thread-1] INFO  server.RaftServerConfigKeys (ConfUtils.java:logGet(46)) - raft.server.log.async-flush.enabled = false (default)
2022-12-06 15:44:47,399 [pool-209-thread-1] INFO  server.RaftServerConfigKeys (ConfUtils.java:logGet(46)) - raft.server.log.statemachine.data.caching.enabled = true (custom)
2022-12-06 15:44:47,399 [pool-209-thread-1] INFO  segmented.SegmentedRaftLogWorker (SegmentedRaftLogWorker.java:lambda$new$0(135)) - 2497daeb-967d-49ad-8f28-1297e8c4c732@group-BD0688E9877E-SegmentedRaftLogWorker: flushIndex: setUnconditionally 0 -> -1
2022-12-06 15:44:47,399 [pool-209-thread-1] INFO  segmented.SegmentedRaftLogWorker (SegmentedRaftLogWorker.java:lambda$new$0(135)) - 2497daeb-967d-49ad-8f28-1297e8c4c732@group-BD0688E9877E-SegmentedRaftLogWorker: safeCacheEvictIndex: setUnconditionally 0 -> -1
2022-12-06 15:44:47,402 [pool-209-thread-1] INFO  server.RaftServer$Division (RaftServerImpl.java:start(334)) - 2497daeb-967d-49ad-8f28-1297e8c4c732@group-BD0688E9877E: start as a follower, conf=-1: peers:[2497daeb-967d-49ad-8f28-1297e8c4c732|rpc:10.1.0.110:46387|priority:1|startupRole:FOLLOWER]|listeners:[], old=null
2022-12-06 15:44:47,402 [pool-209-thread-1] INFO  server.RaftServer$Division (RaftServerImpl.java:setRole(321)) - 2497daeb-967d-49ad-8f28-1297e8c4c732@group-BD0688E9877E: changes role from      null to FOLLOWER at term 0 for startAsFollower
2022-12-06 15:44:47,402 [pool-209-thread-1] INFO  impl.RoleInfo (RoleInfo.java:updateAndGet(139)) - 2497daeb-967d-49ad-8f28-1297e8c4c732: start 2497daeb-967d-49ad-8f28-1297e8c4c732@group-BD0688E9877E-FollowerState
2022-12-06 15:44:47,410 [pool-209-thread-1] INFO  util.JmxRegister (JmxRegister.java:tryRegister(44)) - Successfully registered JMX Bean with object name Ratis:service=RaftServer,group=group-BD0688E9877E,id=2497daeb-967d-49ad-8f28-1297e8c4c732
2022-12-06 15:44:47,410 [pool-209-thread-1] INFO  server.RaftServerConfigKeys (ConfUtils.java:logGet(46)) - raft.server.snapshot.auto.trigger.enabled = true (custom)
2022-12-06 15:44:47,410 [pool-209-thread-1] INFO  server.RaftServerConfigKeys (ConfUtils.java:logGet(46)) - raft.server.snapshot.auto.trigger.threshold = 10000 (custom)
2022-12-06 15:44:47,410 [pool-209-thread-1] INFO  server.RaftServerConfigKeys (ConfUtils.java:logGet(46)) - raft.server.snapshot.retention.file.num = 5 (custom)
2022-12-06 15:44:47,410 [pool-209-thread-1] INFO  server.RaftServerConfigKeys (ConfUtils.java:logGet(46)) - raft.server.log.purge.upto.snapshot.index = false (default)
2022-12-06 15:44:47,410 [2497daeb-967d-49ad-8f28-1297e8c4c732@group-BD0688E9877E-FollowerState] INFO  server.RaftServerConfigKeys (ConfUtils.java:logFallback(53)) - raft.server.rpc.first-election.timeout.min = 5s (fallback to raft.server.rpc.timeout.min)
2022-12-06 15:44:47,411 [Command processor thread] INFO  ratis.XceiverServerRatis (XceiverServerRatis.java:addGroup(765)) - Created group PipelineID=cc420899-85aa-40fb-a437-bd0688e9877e
2022-12-06 15:44:47,411 [Command processor thread] INFO  commandhandler.CreatePipelineCommandHandler (CreatePipelineCommandHandler.java:handle(113)) - Created Pipeline RATIS ONE PipelineID=cc420899-85aa-40fb-a437-bd0688e9877e.
2022-12-06 15:44:47,412 [Command processor thread] INFO  server.RaftServer (RaftServerProxy.java:addNew(96)) - 2497daeb-967d-49ad-8f28-1297e8c4c732: addNew group-E388FC27C872:[2497daeb-967d-49ad-8f28-1297e8c4c732|rpc:10.1.0.110:46387|priority:0|startupRole:FOLLOWER, 7726e7f5-b74c-4e4a-9680-a65a67c105af|rpc:10.1.0.110:44993|priority:1|startupRole:FOLLOWER, 3ddade9d-4289-4127-b7c4-830dd518ff0a|rpc:10.1.0.110:43967|priority:0|startupRole:FOLLOWER] returns group-E388FC27C872:java.util.concurrent.CompletableFuture@6f54173d[Not completed]
2022-12-06 15:44:47,413 [pool-209-thread-1] INFO  server.RaftServer$Division (RaftServerImpl.java:<init>(195)) - 2497daeb-967d-49ad-8f28-1297e8c4c732: new RaftServerImpl for group-E388FC27C872:[2497daeb-967d-49ad-8f28-1297e8c4c732|rpc:10.1.0.110:46387|priority:0|startupRole:FOLLOWER, 7726e7f5-b74c-4e4a-9680-a65a67c105af|rpc:10.1.0.110:44993|priority:1|startupRole:FOLLOWER, 3ddade9d-4289-4127-b7c4-830dd518ff0a|rpc:10.1.0.110:43967|priority:0|startupRole:FOLLOWER] with ContainerStateMachine:uninitialized
2022-12-06 15:44:47,413 [pool-209-thread-1] INFO  server.RaftServerConfigKeys (ConfUtils.java:logGet(46)) - raft.server.rpc.timeout.min = 5s (custom)
2022-12-06 15:44:47,413 [pool-209-thread-1] INFO  server.RaftServerConfigKeys (ConfUtils.java:logGet(46)) - raft.server.rpc.timeout.max = 5200ms (custom)
2022-12-06 15:44:47,413 [pool-209-thread-1] INFO  server.RaftServerConfigKeys (ConfUtils.java:logGet(46)) - raft.server.rpc.sleep.time = 25ms (default)
2022-12-06 15:44:47,413 [pool-209-thread-1] INFO  server.RaftServerConfigKeys (ConfUtils.java:logGet(46)) - raft.server.rpc.slowness.timeout = 300s (custom)
2022-12-06 15:44:47,413 [pool-209-thread-1] INFO  server.RaftServerConfigKeys (ConfUtils.java:logGet(46)) - raft.server.leaderelection.leader.step-down.wait-time = 10s (default)
2022-12-06 15:44:47,413 [pool-209-thread-1] INFO  server.RaftServerConfigKeys (ConfUtils.java:logGet(46)) - raft.server.sleep.deviation.threshold = 300ms (default)
2022-12-06 15:44:47,413 [pool-209-thread-1] INFO  server.RaftServer$Division (ServerState.java:<init>(118)) - 2497daeb-967d-49ad-8f28-1297e8c4c732@group-E388FC27C872: ConfigurationManager, init=-1: peers:[2497daeb-967d-49ad-8f28-1297e8c4c732|rpc:10.1.0.110:46387|priority:0|startupRole:FOLLOWER, 7726e7f5-b74c-4e4a-9680-a65a67c105af|rpc:10.1.0.110:44993|priority:1|startupRole:FOLLOWER, 3ddade9d-4289-4127-b7c4-830dd518ff0a|rpc:10.1.0.110:43967|priority:0|startupRole:FOLLOWER]|listeners:[], old=null, confs=<EMPTY_MAP>
2022-12-06 15:44:47,413 [pool-209-thread-1] INFO  server.RaftServerConfigKeys (ConfUtils.java:logGet(46)) - raft.server.storage.dir = [/home/runner/work/ozone/ozone/hadoop-ozone/integration-test/target/test-dir/MiniOzoneClusterImpl-dce15e54-dc76-4f82-a75a-fd2a8a22e08e/datanode-6/data/ratis] (custom)
2022-12-06 15:44:47,413 [pool-209-thread-1] INFO  server.RaftServerConfigKeys (ConfUtils.java:logGet(46)) - raft.server.log.corruption.policy = EXCEPTION (default)
2022-12-06 15:44:47,413 [pool-209-thread-1] INFO  server.RaftServerConfigKeys (ConfUtils.java:logGet(46)) - raft.server.storage.free-space.min = 0MB (=0) (default)
2022-12-06 15:44:47,414 [pool-209-thread-1] INFO  server.RaftServerConfigKeys (ConfUtils.java:logGet(46)) - raft.server.notification.no-leader.timeout = 300s (custom)
2022-12-06 15:44:47,414 [pool-209-thread-1] INFO  server.RaftServerConfigKeys (ConfUtils.java:logGet(46)) - raft.server.retrycache.expirytime = 600000ms (custom)
2022-12-06 15:44:47,414 [pool-209-thread-1] INFO  server.RaftServerConfigKeys (ConfUtils.java:logGet(46)) - raft.server.retrycache.statistics.expirytime = 100μs (default)
2022-12-06 15:44:47,414 [2497daeb-967d-49ad-8f28-1297e8c4c732@group-BD0688E9877E-FollowerState] INFO  server.RaftServerConfigKeys (ConfUtils.java:logFallback(53)) - raft.server.rpc.first-election.timeout.max = 5200ms (fallback to raft.server.rpc.timeout.max)
2022-12-06 15:44:47,415 [pool-209-thread-1] INFO  server.RaftServerConfigKeys (ConfUtils.java:logGet(46)) - raft.server.log.appender.install.snapshot.enabled = false (custom)
2022-12-06 15:44:47,415 [pool-209-thread-1] INFO  server.RaftServerConfigKeys (ConfUtils.java:logGet(46)) - raft.server.threadpool.server.cached = true (default)
2022-12-06 15:44:47,415 [pool-209-thread-1] INFO  server.RaftServerConfigKeys (ConfUtils.java:logGet(46)) - raft.server.threadpool.server.size = 0 (default)
2022-12-06 15:44:47,415 [pool-209-thread-1] INFO  server.RaftServerConfigKeys (ConfUtils.java:logGet(46)) - raft.server.threadpool.client.cached = true (default)
2022-12-06 15:44:47,415 [pool-209-thread-1] INFO  server.RaftServerConfigKeys (ConfUtils.java:logGet(46)) - raft.server.threadpool.client.size = 0 (default)
2022-12-06 15:44:47,415 [pool-209-thread-1] INFO  storage.RaftStorageDirectory (RaftStorageDirectoryImpl.java:analyzeStorage(137)) - The storage directory /home/runner/work/ozone/ozone/hadoop-ozone/integration-test/target/test-dir/MiniOzoneClusterImpl-dce15e54-dc76-4f82-a75a-fd2a8a22e08e/datanode-6/data/ratis/f848047e-6893-4650-b542-e388fc27c872 does not exist. Creating ...
2022-12-06 15:44:47,416 [pool-209-thread-1] INFO  storage.RaftStorageDirectory (RaftStorageDirectoryImpl.java:tryLock(231)) - Lock on /home/runner/work/ozone/ozone/hadoop-ozone/integration-test/target/test-dir/MiniOzoneClusterImpl-dce15e54-dc76-4f82-a75a-fd2a8a22e08e/datanode-6/data/ratis/f848047e-6893-4650-b542-e388fc27c872/in_use.lock acquired by nodename 46996@fv-az133-40
2022-12-06 15:44:47,418 [pool-209-thread-1] INFO  storage.RaftStorage (RaftStorageImpl.java:format(96)) - Storage directory /home/runner/work/ozone/ozone/hadoop-ozone/integration-test/target/test-dir/MiniOzoneClusterImpl-dce15e54-dc76-4f82-a75a-fd2a8a22e08e/datanode-6/data/ratis/f848047e-6893-4650-b542-e388fc27c872 has been successfully formatted.
2022-12-06 15:44:47,418 [pool-209-thread-1] INFO  ratis.ContainerStateMachine (ContainerStateMachine.java:loadSnapshot(236)) - group-E388FC27C872: The snapshot info is null. Setting the last applied indexto:(t:0, i:~)
2022-12-06 15:44:47,418 [pool-209-thread-1] INFO  server.RaftServerConfigKeys (ConfUtils.java:logGet(46)) - raft.server.log.use.memory = false (default)
2022-12-06 15:44:47,418 [pool-209-thread-1] INFO  server.RaftServerConfigKeys (ConfUtils.java:logGet(46)) - raft.server.log.purge.gap = 1000000 (custom)
2022-12-06 15:44:47,418 [pool-209-thread-1] INFO  server.RaftServerConfigKeys (ConfUtils.java:logGet(46)) - raft.server.log.appender.buffer.byte-limit = 33554432 (custom)
2022-12-06 15:44:47,418 [pool-209-thread-1] INFO  server.RaftServerConfigKeys (ConfUtils.java:logGet(46)) - raft.server.log.statemachine.data.read.timeout = 1000ms (default)
2022-12-06 15:44:47,418 [pool-209-thread-1] INFO  server.RaftServerConfigKeys (ConfUtils.java:logGet(46)) - raft.server.log.purge.preservation.log.num = 0 (default)
2022-12-06 15:44:47,418 [pool-209-thread-1] INFO  server.RaftServerConfigKeys (ConfUtils.java:logGet(46)) - raft.server.log.segment.size.max = 1048576 (custom)
2022-12-06 15:44:47,419 [pool-209-thread-1] INFO  server.RaftServerConfigKeys (ConfUtils.java:logGet(46)) - raft.server.log.segment.cache.num.max = 2 (custom)
2022-12-06 15:44:47,419 [pool-209-thread-1] INFO  server.RaftServerConfigKeys (ConfUtils.java:logGet(46)) - raft.server.log.segment.cache.size.max = 200MB (=209715200) (default)
2022-12-06 15:44:47,419 [pool-209-thread-1] INFO  segmented.SegmentedRaftLogWorker (SegmentedRaftLogWorker.java:<init>(189)) - new 2497daeb-967d-49ad-8f28-1297e8c4c732@group-E388FC27C872-SegmentedRaftLogWorker for RaftStorageImpl:Storage Directory /home/runner/work/ozone/ozone/hadoop-ozone/integration-test/target/test-dir/MiniOzoneClusterImpl-dce15e54-dc76-4f82-a75a-fd2a8a22e08e/datanode-6/data/ratis/f848047e-6893-4650-b542-e388fc27c872
2022-12-06 15:44:47,419 [pool-209-thread-1] INFO  server.RaftServerConfigKeys (ConfUtils.java:logGet(46)) - raft.server.log.queue.byte-limit = 4294967296 (custom)
2022-12-06 15:44:47,419 [pool-209-thread-1] INFO  server.RaftServerConfigKeys (ConfUtils.java:logGet(46)) - raft.server.log.queue.element-limit = 1024 (custom)
2022-12-06 15:44:47,419 [pool-209-thread-1] INFO  server.RaftServerConfigKeys (ConfUtils.java:logGet(46)) - raft.server.log.segment.size.max = 1048576 (custom)
2022-12-06 15:44:47,419 [pool-209-thread-1] INFO  server.RaftServerConfigKeys (ConfUtils.java:logGet(46)) - raft.server.log.preallocated.size = 16384 (custom)
2022-12-06 15:44:47,419 [pool-209-thread-1] INFO  server.RaftServerConfigKeys (ConfUtils.java:logGet(46)) - raft.server.log.force.sync.num = 128 (default)
2022-12-06 15:44:47,419 [pool-209-thread-1] INFO  server.RaftServerConfigKeys (ConfUtils.java:logGet(46)) - raft.server.log.statemachine.data.sync = true (default)
2022-12-06 15:44:47,420 [pool-209-thread-1] INFO  server.RaftServerConfigKeys (ConfUtils.java:logGet(46)) - raft.server.log.statemachine.data.sync.timeout = 10s (default)
2022-12-06 15:44:47,420 [pool-209-thread-1] INFO  server.RaftServerConfigKeys (ConfUtils.java:logGet(46)) - raft.server.log.statemachine.data.sync.timeout.retry = -1 (default)
2022-12-06 15:44:47,420 [pool-209-thread-1] INFO  server.RaftServerConfigKeys (ConfUtils.java:logGet(46)) - raft.server.log.write.buffer.size = 1048576 (custom)
2022-12-06 15:44:47,421 [pool-209-thread-1] INFO  server.RaftServerConfigKeys (ConfUtils.java:logGet(46)) - raft.server.log.appender.buffer.byte-limit = 33554432 (custom)
2022-12-06 15:44:47,759 [JvmPauseMonitor9] WARN  util.JvmPauseMonitor (JvmPauseMonitor.java:detectPause(126)) - JvmPauseMonitor-3ddade9d-4289-4127-b7c4-830dd518ff0a: Detected pause in JVM or host machine (eg GC): pause of approximately 136471928ns.
GC pool 'PS MarkSweep' had collection(s): count=1 time=215ms
GC pool 'PS Scavenge' had collection(s): count=1 time=121ms
2022-12-06 15:44:47,760 [JvmPauseMonitor2] WARN  util.JvmPauseMonitor (JvmPauseMonitor.java:detectPause(126)) - JvmPauseMonitor-0587405b-2ffa-4132-824d-547ca09f0e52: Detected pause in JVM or host machine (eg GC): pause of approximately 147140164ns.
GC pool 'PS MarkSweep' had collection(s): count=1 time=215ms
GC pool 'PS Scavenge' had collection(s): count=1 time=121ms
2022-12-06 15:44:47,760 [JvmPauseMonitor0] WARN  util.JvmPauseMonitor (JvmPauseMonitor.java:detectPause(126)) - JvmPauseMonitor-om1: Detected pause in JVM or host machine (eg GC): pause of approximately 166874116ns.
GC pool 'PS MarkSweep' had collection(s): count=1 time=215ms
GC pool 'PS Scavenge' had collection(s): count=1 time=121ms
2022-12-06 15:44:47,761 [JvmPauseMonitor10] WARN  util.JvmPauseMonitor (JvmPauseMonitor.java:detectPause(126)) - JvmPauseMonitor-3023bd45-36c3-431f-9c1c-92b4e43de878: Detected pause in JVM or host machine (eg GC): pause of approximately 218627377ns.
GC pool 'PS MarkSweep' had collection(s): count=1 time=215ms
GC pool 'PS Scavenge' had collection(s): count=1 time=121ms
2022-12-06 15:44:47,761 [JvmPauseMonitor6] WARN  util.JvmPauseMonitor (JvmPauseMonitor.java:detectPause(126)) - JvmPauseMonitor-cc93147f-bc2d-4803-9a7c-bfa6df100165: Detected pause in JVM or host machine (eg GC): pause of approximately 269650528ns.
GC pool 'PS MarkSweep' had collection(s): count=1 time=215ms
GC pool 'PS Scavenge' had collection(s): count=1 time=121ms
2022-12-06 15:44:47,761 [JvmPauseMonitor3] WARN  util.JvmPauseMonitor (JvmPauseMonitor.java:detectPause(126)) - JvmPauseMonitor-b0993b33-1422-4b90-a478-b8a2894a7eaa: Detected pause in JVM or host machine (eg GC): pause of approximately 274521991ns.
GC pool 'PS MarkSweep' had collection(s): count=1 time=215ms
GC pool 'PS Scavenge' had collection(s): count=1 time=121ms
2022-12-06 15:44:47,762 [Listener at 127.0.0.1/44149] INFO  ozone.MiniOzoneClusterImpl (MiniOzoneClusterImpl.java:lambda$waitForClusterToBeReady$0(216)) - Nodes are ready. Got 10 of 10 DN Heartbeats.
2022-12-06 15:44:47,762 [Listener at 127.0.0.1/44149] INFO  ozone.MiniOzoneClusterImpl (MiniOzoneClusterImpl.java:lambda$waitForClusterToBeReady$0(219)) - Waiting for cluster to exit safe mode
2022-12-06 15:44:47,762 [Listener at 127.0.0.1/44149] INFO  ozone.MiniOzoneClusterImpl (MiniOzoneClusterImpl.java:lambda$waitForClusterToBeReady$0(221)) - SCM became leader
2022-12-06 15:44:47,762 [JvmPauseMonitor7] WARN  util.JvmPauseMonitor (JvmPauseMonitor.java:detectPause(126)) - JvmPauseMonitor-2497daeb-967d-49ad-8f28-1297e8c4c732: Detected pause in JVM or host machine (eg GC): pause of approximately 317081735ns.
GC pool 'PS MarkSweep' had collection(s): count=1 time=215ms
GC pool 'PS Scavenge' had collection(s): count=1 time=121ms
2022-12-06 15:44:47,769 [EventQueue-CommandQueueReportForCommandQueueReportHandler] WARN  events.EventQueue (EventQueue.java:fireEvent(216)) - No event handler registered for event TypedEvent{payloadType=DatanodeDetails, name='Datanode_Command_Queue_Updated'}
2022-12-06 15:44:47,770 [pool-209-thread-1] INFO  server.RaftServerConfigKeys (ConfUtils.java:logGet(46)) - raft.server.log.unsafe-flush.enabled = false (default)
2022-12-06 15:44:47,771 [EventQueue-CommandQueueReportForCommandQueueReportHandler] WARN  events.EventQueue (EventQueue.java:fireEvent(216)) - No event handler registered for event TypedEvent{payloadType=DatanodeDetails, name='Datanode_Command_Queue_Updated'}
2022-12-06 15:44:47,773 [EventQueue-CommandQueueReportForCommandQueueReportHandler] WARN  events.EventQueue (EventQueue.java:fireEvent(216)) - No event handler registered for event TypedEvent{payloadType=DatanodeDetails, name='Datanode_Command_Queue_Updated'}
2022-12-06 15:44:47,773 [EventQueue-CommandQueueReportForCommandQueueReportHandler] WARN  events.EventQueue (EventQueue.java:fireEvent(216)) - No event handler registered for event TypedEvent{payloadType=DatanodeDetails, name='Datanode_Command_Queue_Updated'}
2022-12-06 15:44:47,773 [EventQueue-CommandQueueReportForCommandQueueReportHandler] WARN  events.EventQueue (EventQueue.java:fireEvent(216)) - No event handler registered for event TypedEvent{payloadType=DatanodeDetails, name='Datanode_Command_Queue_Updated'}
2022-12-06 15:44:47,770 [EventQueue-OpenPipelineForHealthyPipelineSafeModeRule] INFO  safemode.SCMSafeModeManager (HealthyPipelineSafeModeRule.java:process(137)) - SCM in safe mode. Healthy pipelines reported count is 0, required healthy pipeline reported count is 1
2022-12-06 15:44:47,773 [pool-209-thread-1] INFO  server.RaftServerConfigKeys (ConfUtils.java:logGet(46)) - raft.server.log.async-flush.enabled = false (default)
2022-12-06 15:44:47,774 [pool-209-thread-1] INFO  server.RaftServerConfigKeys (ConfUtils.java:logGet(46)) - raft.server.log.statemachine.data.caching.enabled = true (custom)
2022-12-06 15:44:47,774 [pool-209-thread-1] INFO  segmented.SegmentedRaftLogWorker (SegmentedRaftLogWorker.java:lambda$new$0(135)) - 2497daeb-967d-49ad-8f28-1297e8c4c732@group-E388FC27C872-SegmentedRaftLogWorker: flushIndex: setUnconditionally 0 -> -1
2022-12-06 15:44:47,774 [pool-209-thread-1] INFO  segmented.SegmentedRaftLogWorker (SegmentedRaftLogWorker.java:lambda$new$0(135)) - 2497daeb-967d-49ad-8f28-1297e8c4c732@group-E388FC27C872-SegmentedRaftLogWorker: safeCacheEvictIndex: setUnconditionally 0 -> -1
2022-12-06 15:44:47,775 [pool-209-thread-1] INFO  server.RaftServer$Division (RaftServerImpl.java:start(334)) - 2497daeb-967d-49ad-8f28-1297e8c4c732@group-E388FC27C872: start as a follower, conf=-1: peers:[2497daeb-967d-49ad-8f28-1297e8c4c732|rpc:10.1.0.110:46387|priority:0|startupRole:FOLLOWER, 7726e7f5-b74c-4e4a-9680-a65a67c105af|rpc:10.1.0.110:44993|priority:1|startupRole:FOLLOWER, 3ddade9d-4289-4127-b7c4-830dd518ff0a|rpc:10.1.0.110:43967|priority:0|startupRole:FOLLOWER]|listeners:[], old=null
2022-12-06 15:44:47,775 [pool-209-thread-1] INFO  server.RaftServer$Division (RaftServerImpl.java:setRole(321)) - 2497daeb-967d-49ad-8f28-1297e8c4c732@group-E388FC27C872: changes role from      null to FOLLOWER at term 0 for startAsFollower
2022-12-06 15:44:47,775 [pool-209-thread-1] INFO  impl.RoleInfo (RoleInfo.java:updateAndGet(139)) - 2497daeb-967d-49ad-8f28-1297e8c4c732: start 2497daeb-967d-49ad-8f28-1297e8c4c732@group-E388FC27C872-FollowerState
2022-12-06 15:44:47,780 [EventQueue-CommandQueueReportForCommandQueueReportHandler] WARN  events.EventQueue (EventQueue.java:fireEvent(216)) - No event handler registered for event TypedEvent{payloadType=DatanodeDetails, name='Datanode_Command_Queue_Updated'}
2022-12-06 15:44:47,781 [pool-209-thread-1] INFO  util.JmxRegister (JmxRegister.java:tryRegister(44)) - Successfully registered JMX Bean with object name Ratis:service=RaftServer,group=group-E388FC27C872,id=2497daeb-967d-49ad-8f28-1297e8c4c732
2022-12-06 15:44:47,781 [pool-209-thread-1] INFO  server.RaftServerConfigKeys (ConfUtils.java:logGet(46)) - raft.server.snapshot.auto.trigger.enabled = true (custom)
2022-12-06 15:44:47,781 [pool-209-thread-1] INFO  server.RaftServerConfigKeys (ConfUtils.java:logGet(46)) - raft.server.snapshot.auto.trigger.threshold = 10000 (custom)
2022-12-06 15:44:47,781 [EventQueue-CommandQueueReportForCommandQueueReportHandler] WARN  events.EventQueue (EventQueue.java:fireEvent(216)) - No event handler registered for event TypedEvent{payloadType=DatanodeDetails, name='Datanode_Command_Queue_Updated'}
2022-12-06 15:44:47,781 [Command processor thread] INFO  server.RaftServer (RaftServerProxy.java:addNew(96)) - 7726e7f5-b74c-4e4a-9680-a65a67c105af: addNew group-788D5277D0CF:[7726e7f5-b74c-4e4a-9680-a65a67c105af|rpc:10.1.0.110:44993|priority:1|startupRole:FOLLOWER] returns group-788D5277D0CF:java.util.concurrent.CompletableFuture@42cb0087[Not completed]
2022-12-06 15:44:47,782 [pool-209-thread-1] INFO  server.RaftServerConfigKeys (ConfUtils.java:logGet(46)) - raft.server.snapshot.retention.file.num = 5 (custom)
2022-12-06 15:44:47,783 [pool-209-thread-1] INFO  server.RaftServerConfigKeys (ConfUtils.java:logGet(46)) - raft.server.log.purge.upto.snapshot.index = false (default)
2022-12-06 15:44:47,783 [pool-236-thread-1] INFO  server.RaftServer$Division (RaftServerImpl.java:<init>(195)) - 7726e7f5-b74c-4e4a-9680-a65a67c105af: new RaftServerImpl for group-788D5277D0CF:[7726e7f5-b74c-4e4a-9680-a65a67c105af|rpc:10.1.0.110:44993|priority:1|startupRole:FOLLOWER] with ContainerStateMachine:uninitialized
2022-12-06 15:44:47,783 [pool-236-thread-1] INFO  server.RaftServerConfigKeys (ConfUtils.java:logGet(46)) - raft.server.rpc.timeout.min = 5s (custom)
2022-12-06 15:44:47,783 [pool-236-thread-1] INFO  server.RaftServerConfigKeys (ConfUtils.java:logGet(46)) - raft.server.rpc.timeout.max = 5200ms (custom)
2022-12-06 15:44:47,783 [pool-236-thread-1] INFO  server.RaftServerConfigKeys (ConfUtils.java:logGet(46)) - raft.server.rpc.sleep.time = 25ms (default)
2022-12-06 15:44:47,783 [pool-236-thread-1] INFO  server.RaftServerConfigKeys (ConfUtils.java:logGet(46)) - raft.server.rpc.slowness.timeout = 300s (custom)
2022-12-06 15:44:47,784 [pool-236-thread-1] INFO  server.RaftServerConfigKeys (ConfUtils.java:logGet(46)) - raft.server.leaderelection.leader.step-down.wait-time = 10s (default)
2022-12-06 15:44:47,784 [pool-236-thread-1] INFO  server.RaftServerConfigKeys (ConfUtils.java:logGet(46)) - raft.server.sleep.deviation.threshold = 300ms (default)
2022-12-06 15:44:47,784 [pool-236-thread-1] INFO  server.RaftServer$Division (ServerState.java:<init>(118)) - 7726e7f5-b74c-4e4a-9680-a65a67c105af@group-788D5277D0CF: ConfigurationManager, init=-1: peers:[7726e7f5-b74c-4e4a-9680-a65a67c105af|rpc:10.1.0.110:44993|priority:1|startupRole:FOLLOWER]|listeners:[], old=null, confs=<EMPTY_MAP>
2022-12-06 15:44:47,784 [pool-236-thread-1] INFO  server.RaftServerConfigKeys (ConfUtils.java:logGet(46)) - raft.server.storage.dir = [/home/runner/work/ozone/ozone/hadoop-ozone/integration-test/target/test-dir/MiniOzoneClusterImpl-dce15e54-dc76-4f82-a75a-fd2a8a22e08e/datanode-7/data/ratis] (custom)
2022-12-06 15:44:47,784 [pool-236-thread-1] INFO  server.RaftServerConfigKeys (ConfUtils.java:logGet(46)) - raft.server.log.corruption.policy = EXCEPTION (default)
2022-12-06 15:44:47,784 [pool-236-thread-1] INFO  server.RaftServerConfigKeys (ConfUtils.java:logGet(46)) - raft.server.storage.free-space.min = 0MB (=0) (default)
2022-12-06 15:44:47,784 [pool-236-thread-1] INFO  server.RaftServerConfigKeys (ConfUtils.java:logGet(46)) - raft.server.notification.no-leader.timeout = 300s (custom)
2022-12-06 15:44:47,784 [pool-236-thread-1] INFO  server.RaftServerConfigKeys (ConfUtils.java:logGet(46)) - raft.server.retrycache.expirytime = 600000ms (custom)
2022-12-06 15:44:47,784 [pool-236-thread-1] INFO  server.RaftServerConfigKeys (ConfUtils.java:logGet(46)) - raft.server.retrycache.statistics.expirytime = 100μs (default)
2022-12-06 15:44:47,785 [Command processor thread] INFO  ratis.XceiverServerRatis (XceiverServerRatis.java:addGroup(765)) - Created group PipelineID=f848047e-6893-4650-b542-e388fc27c872
2022-12-06 15:44:47,787 [2497daeb-967d-49ad-8f28-1297e8c4c732@group-E388FC27C872-FollowerState] INFO  server.RaftServerConfigKeys (ConfUtils.java:logFallback(53)) - raft.server.rpc.first-election.timeout.min = 5s (fallback to raft.server.rpc.timeout.min)
2022-12-06 15:44:47,787 [2497daeb-967d-49ad-8f28-1297e8c4c732@group-E388FC27C872-FollowerState] INFO  server.RaftServerConfigKeys (ConfUtils.java:logFallback(53)) - raft.server.rpc.first-election.timeout.max = 5200ms (fallback to raft.server.rpc.timeout.max)
2022-12-06 15:44:47,793 [pool-236-thread-1] INFO  server.RaftServerConfigKeys (ConfUtils.java:logGet(46)) - raft.server.log.appender.install.snapshot.enabled = false (custom)
2022-12-06 15:44:47,793 [pool-236-thread-1] INFO  server.RaftServerConfigKeys (ConfUtils.java:logGet(46)) - raft.server.threadpool.server.cached = true (default)
2022-12-06 15:44:47,793 [pool-236-thread-1] INFO  server.RaftServerConfigKeys (ConfUtils.java:logGet(46)) - raft.server.threadpool.server.size = 0 (default)
2022-12-06 15:44:47,793 [pool-236-thread-1] INFO  server.RaftServerConfigKeys (ConfUtils.java:logGet(46)) - raft.server.threadpool.client.cached = true (default)
2022-12-06 15:44:47,793 [pool-236-thread-1] INFO  server.RaftServerConfigKeys (ConfUtils.java:logGet(46)) - raft.server.threadpool.client.size = 0 (default)
2022-12-06 15:44:47,794 [pool-236-thread-1] INFO  storage.RaftStorageDirectory (RaftStorageDirectoryImpl.java:analyzeStorage(137)) - The storage directory /home/runner/work/ozone/ozone/hadoop-ozone/integration-test/target/test-dir/MiniOzoneClusterImpl-dce15e54-dc76-4f82-a75a-fd2a8a22e08e/datanode-7/data/ratis/2b35dc48-9584-451f-a7df-788d5277d0cf does not exist. Creating ...
2022-12-06 15:44:47,797 [pool-236-thread-1] INFO  storage.RaftStorageDirectory (RaftStorageDirectoryImpl.java:tryLock(231)) - Lock on /home/runner/work/ozone/ozone/hadoop-ozone/integration-test/target/test-dir/MiniOzoneClusterImpl-dce15e54-dc76-4f82-a75a-fd2a8a22e08e/datanode-7/data/ratis/2b35dc48-9584-451f-a7df-788d5277d0cf/in_use.lock acquired by nodename 46996@fv-az133-40
2022-12-06 15:44:47,800 [pool-236-thread-1] INFO  storage.RaftStorage (RaftStorageImpl.java:format(96)) - Storage directory /home/runner/work/ozone/ozone/hadoop-ozone/integration-test/target/test-dir/MiniOzoneClusterImpl-dce15e54-dc76-4f82-a75a-fd2a8a22e08e/datanode-7/data/ratis/2b35dc48-9584-451f-a7df-788d5277d0cf has been successfully formatted.
2022-12-06 15:44:47,801 [pool-236-thread-1] INFO  ratis.ContainerStateMachine (ContainerStateMachine.java:loadSnapshot(236)) - group-788D5277D0CF: The snapshot info is null. Setting the last applied indexto:(t:0, i:~)
2022-12-06 15:44:47,801 [pool-236-thread-1] INFO  server.RaftServerConfigKeys (ConfUtils.java:logGet(46)) - raft.server.log.use.memory = false (default)
2022-12-06 15:44:47,801 [pool-236-thread-1] INFO  server.RaftServerConfigKeys (ConfUtils.java:logGet(46)) - raft.server.log.purge.gap = 1000000 (custom)
2022-12-06 15:44:47,801 [pool-236-thread-1] INFO  server.RaftServerConfigKeys (ConfUtils.java:logGet(46)) - raft.server.log.appender.buffer.byte-limit = 33554432 (custom)
2022-12-06 15:44:47,801 [pool-236-thread-1] INFO  server.RaftServerConfigKeys (ConfUtils.java:logGet(46)) - raft.server.log.statemachine.data.read.timeout = 1000ms (default)
2022-12-06 15:44:47,801 [pool-236-thread-1] INFO  server.RaftServerConfigKeys (ConfUtils.java:logGet(46)) - raft.server.log.purge.preservation.log.num = 0 (default)
2022-12-06 15:44:47,801 [pool-236-thread-1] INFO  server.RaftServerConfigKeys (ConfUtils.java:logGet(46)) - raft.server.log.segment.size.max = 1048576 (custom)
2022-12-06 15:44:47,802 [pool-236-thread-1] INFO  server.RaftServerConfigKeys (ConfUtils.java:logGet(46)) - raft.server.log.segment.cache.num.max = 2 (custom)
2022-12-06 15:44:47,802 [pool-236-thread-1] INFO  server.RaftServerConfigKeys (ConfUtils.java:logGet(46)) - raft.server.log.segment.cache.size.max = 200MB (=209715200) (default)
2022-12-06 15:44:47,802 [pool-236-thread-1] INFO  segmented.SegmentedRaftLogWorker (SegmentedRaftLogWorker.java:<init>(189)) - new 7726e7f5-b74c-4e4a-9680-a65a67c105af@group-788D5277D0CF-SegmentedRaftLogWorker for RaftStorageImpl:Storage Directory /home/runner/work/ozone/ozone/hadoop-ozone/integration-test/target/test-dir/MiniOzoneClusterImpl-dce15e54-dc76-4f82-a75a-fd2a8a22e08e/datanode-7/data/ratis/2b35dc48-9584-451f-a7df-788d5277d0cf
2022-12-06 15:44:47,802 [pool-236-thread-1] INFO  server.RaftServerConfigKeys (ConfUtils.java:logGet(46)) - raft.server.log.queue.byte-limit = 4294967296 (custom)
2022-12-06 15:44:47,802 [pool-236-thread-1] INFO  server.RaftServerConfigKeys (ConfUtils.java:logGet(46)) - raft.server.log.queue.element-limit = 1024 (custom)
2022-12-06 15:44:47,802 [pool-236-thread-1] INFO  server.RaftServerConfigKeys (ConfUtils.java:logGet(46)) - raft.server.log.segment.size.max = 1048576 (custom)
2022-12-06 15:44:47,802 [pool-236-thread-1] INFO  server.RaftServerConfigKeys (ConfUtils.java:logGet(46)) - raft.server.log.preallocated.size = 16384 (custom)
2022-12-06 15:44:47,802 [pool-236-thread-1] INFO  server.RaftServerConfigKeys (ConfUtils.java:logGet(46)) - raft.server.log.force.sync.num = 128 (default)
2022-12-06 15:44:47,802 [pool-236-thread-1] INFO  server.RaftServerConfigKeys (ConfUtils.java:logGet(46)) - raft.server.log.statemachine.data.sync = true (default)
2022-12-06 15:44:47,802 [pool-236-thread-1] INFO  server.RaftServerConfigKeys (ConfUtils.java:logGet(46)) - raft.server.log.statemachine.data.sync.timeout = 10s (default)
2022-12-06 15:44:47,802 [pool-236-thread-1] INFO  server.RaftServerConfigKeys (ConfUtils.java:logGet(46)) - raft.server.log.statemachine.data.sync.timeout.retry = -1 (default)
2022-12-06 15:44:47,802 [EventQueue-CommandQueueReportForCommandQueueReportHandler] WARN  events.EventQueue (EventQueue.java:fireEvent(216)) - No event handler registered for event TypedEvent{payloadType=DatanodeDetails, name='Datanode_Command_Queue_Updated'}
2022-12-06 15:44:47,803 [EventQueue-PipelineReportForPipelineReportHandler] INFO  pipeline.PipelineManagerImpl (PipelineManagerImpl.java:openPipeline(367)) - Pipeline Pipeline[ Id: 2b35dc48-9584-451f-a7df-788d5277d0cf, Nodes: 7726e7f5-b74c-4e4a-9680-a65a67c105af{ip: 10.1.0.110, host: fv-az133-40.ac31hddj4phu5ocom5smqd4hkf.cx.internal.cloudapp.net, ports: [REPLICATION=39951, RATIS=44993, RATIS_ADMIN=44993, RATIS_SERVER=44993, STANDALONE=45417], networkLocation: /default-rack, certSerialId: null, persistedOpState: IN_SERVICE, persistedOpStateExpiryEpochSec: 0}, ReplicationConfig: RATIS/ONE, State:ALLOCATED, leaderId:7726e7f5-b74c-4e4a-9680-a65a67c105af, CreationTimestamp2022-12-06T15:44:44.731Z[Etc/UTC]] moved to OPEN state
2022-12-06 15:44:47,803 [EventQueue-OpenPipelineForHealthyPipelineSafeModeRule] INFO  safemode.SCMSafeModeManager (HealthyPipelineSafeModeRule.java:process(137)) - SCM in safe mode. Healthy pipelines reported count is 0, required healthy pipeline reported count is 1
2022-12-06 15:44:47,803 [pool-236-thread-1] INFO  server.RaftServerConfigKeys (ConfUtils.java:logGet(46)) - raft.server.log.write.buffer.size = 1048576 (custom)
2022-12-06 15:44:47,807 [pool-236-thread-1] INFO  server.RaftServerConfigKeys (ConfUtils.java:logGet(46)) - raft.server.log.appender.buffer.byte-limit = 33554432 (custom)
2022-12-06 15:44:47,807 [grpc-default-executor-0] INFO  server.RaftServer (RaftServerProxy.java:addNew(96)) - 7726e7f5-b74c-4e4a-9680-a65a67c105af: addNew group-E388FC27C872:[2497daeb-967d-49ad-8f28-1297e8c4c732|rpc:10.1.0.110:46387|dataStream:|priority:0|startupRole:FOLLOWER, 7726e7f5-b74c-4e4a-9680-a65a67c105af|rpc:10.1.0.110:44993|dataStream:|priority:1|startupRole:FOLLOWER, 3ddade9d-4289-4127-b7c4-830dd518ff0a|rpc:10.1.0.110:43967|dataStream:|priority:0|startupRole:FOLLOWER] returns group-E388FC27C872:java.util.concurrent.CompletableFuture@3a4b72e5[Not completed]
2022-12-06 15:44:47,828 [pool-236-thread-1] INFO  server.RaftServerConfigKeys (ConfUtils.java:logGet(46)) - raft.server.log.unsafe-flush.enabled = false (default)
2022-12-06 15:44:47,828 [pool-236-thread-1] INFO  server.RaftServerConfigKeys (ConfUtils.java:logGet(46)) - raft.server.log.async-flush.enabled = false (default)
2022-12-06 15:44:47,828 [pool-236-thread-1] INFO  server.RaftServerConfigKeys (ConfUtils.java:logGet(46)) - raft.server.log.statemachine.data.caching.enabled = true (custom)
2022-12-06 15:44:47,829 [pool-236-thread-1] INFO  segmented.SegmentedRaftLogWorker (SegmentedRaftLogWorker.java:lambda$new$0(135)) - 7726e7f5-b74c-4e4a-9680-a65a67c105af@group-788D5277D0CF-SegmentedRaftLogWorker: flushIndex: setUnconditionally 0 -> -1
2022-12-06 15:44:47,829 [pool-236-thread-1] INFO  segmented.SegmentedRaftLogWorker (SegmentedRaftLogWorker.java:lambda$new$0(135)) - 7726e7f5-b74c-4e4a-9680-a65a67c105af@group-788D5277D0CF-SegmentedRaftLogWorker: safeCacheEvictIndex: setUnconditionally 0 -> -1
2022-12-06 15:44:47,829 [pool-236-thread-1] INFO  server.RaftServer$Division (RaftServerImpl.java:start(334)) - 7726e7f5-b74c-4e4a-9680-a65a67c105af@group-788D5277D0CF: start as a follower, conf=-1: peers:[7726e7f5-b74c-4e4a-9680-a65a67c105af|rpc:10.1.0.110:44993|priority:1|startupRole:FOLLOWER]|listeners:[], old=null
2022-12-06 15:44:47,831 [pool-236-thread-1] INFO  server.RaftServer$Division (RaftServerImpl.java:setRole(321)) - 7726e7f5-b74c-4e4a-9680-a65a67c105af@group-788D5277D0CF: changes role from      null to FOLLOWER at term 0 for startAsFollower
2022-12-06 15:44:47,831 [pool-236-thread-1] INFO  impl.RoleInfo (RoleInfo.java:updateAndGet(139)) - 7726e7f5-b74c-4e4a-9680-a65a67c105af: start 7726e7f5-b74c-4e4a-9680-a65a67c105af@group-788D5277D0CF-FollowerState
2022-12-06 15:44:47,834 [pool-236-thread-1] INFO  util.JmxRegister (JmxRegister.java:tryRegister(44)) - Successfully registered JMX Bean with object name Ratis:service=RaftServer,group=group-788D5277D0CF,id=7726e7f5-b74c-4e4a-9680-a65a67c105af
2022-12-06 15:44:47,834 [pool-236-thread-1] INFO  server.RaftServerConfigKeys (ConfUtils.java:logGet(46)) - raft.server.snapshot.auto.trigger.enabled = true (custom)
2022-12-06 15:44:47,834 [pool-236-thread-1] INFO  server.RaftServerConfigKeys (ConfUtils.java:logGet(46)) - raft.server.snapshot.auto.trigger.threshold = 10000 (custom)
2022-12-06 15:44:47,834 [pool-236-thread-1] INFO  server.RaftServerConfigKeys (ConfUtils.java:logGet(46)) - raft.server.snapshot.retention.file.num = 5 (custom)
2022-12-06 15:44:47,834 [pool-236-thread-1] INFO  server.RaftServerConfigKeys (ConfUtils.java:logGet(46)) - raft.server.log.purge.upto.snapshot.index = false (default)
2022-12-06 15:44:47,835 [7726e7f5-b74c-4e4a-9680-a65a67c105af@group-788D5277D0CF-FollowerState] INFO  server.RaftServerConfigKeys (ConfUtils.java:logFallback(53)) - raft.server.rpc.first-election.timeout.min = 5s (fallback to raft.server.rpc.timeout.min)
2022-12-06 15:44:47,835 [7726e7f5-b74c-4e4a-9680-a65a67c105af@group-788D5277D0CF-FollowerState] INFO  server.RaftServerConfigKeys (ConfUtils.java:logFallback(53)) - raft.server.rpc.first-election.timeout.max = 5200ms (fallback to raft.server.rpc.timeout.max)
2022-12-06 15:44:47,836 [pool-236-thread-1] INFO  server.RaftServer$Division (RaftServerImpl.java:<init>(195)) - 7726e7f5-b74c-4e4a-9680-a65a67c105af: new RaftServerImpl for group-E388FC27C872:[2497daeb-967d-49ad-8f28-1297e8c4c732|rpc:10.1.0.110:46387|dataStream:|priority:0|startupRole:FOLLOWER, 7726e7f5-b74c-4e4a-9680-a65a67c105af|rpc:10.1.0.110:44993|dataStream:|priority:1|startupRole:FOLLOWER, 3ddade9d-4289-4127-b7c4-830dd518ff0a|rpc:10.1.0.110:43967|dataStream:|priority:0|startupRole:FOLLOWER] with ContainerStateMachine:uninitialized
2022-12-06 15:44:47,836 [pool-236-thread-1] INFO  server.RaftServerConfigKeys (ConfUtils.java:logGet(46)) - raft.server.rpc.timeout.min = 5s (custom)
2022-12-06 15:44:47,836 [pool-236-thread-1] INFO  server.RaftServerConfigKeys (ConfUtils.java:logGet(46)) - raft.server.rpc.timeout.max = 5200ms (custom)
2022-12-06 15:44:47,837 [pool-236-thread-1] INFO  server.RaftServerConfigKeys (ConfUtils.java:logGet(46)) - raft.server.rpc.sleep.time = 25ms (default)
2022-12-06 15:44:47,837 [pool-236-thread-1] INFO  server.RaftServerConfigKeys (ConfUtils.java:logGet(46)) - raft.server.rpc.slowness.timeout = 300s (custom)
2022-12-06 15:44:47,837 [pool-236-thread-1] INFO  server.RaftServerConfigKeys (ConfUtils.java:logGet(46)) - raft.server.leaderelection.leader.step-down.wait-time = 10s (default)
2022-12-06 15:44:47,837 [pool-236-thread-1] INFO  server.RaftServerConfigKeys (ConfUtils.java:logGet(46)) - raft.server.sleep.deviation.threshold = 300ms (default)
2022-12-06 15:44:47,837 [pool-236-thread-1] INFO  server.RaftServer$Division (ServerState.java:<init>(118)) - 7726e7f5-b74c-4e4a-9680-a65a67c105af@group-E388FC27C872: ConfigurationManager, init=-1: peers:[2497daeb-967d-49ad-8f28-1297e8c4c732|rpc:10.1.0.110:46387|dataStream:|priority:0|startupRole:FOLLOWER, 7726e7f5-b74c-4e4a-9680-a65a67c105af|rpc:10.1.0.110:44993|dataStream:|priority:1|startupRole:FOLLOWER, 3ddade9d-4289-4127-b7c4-830dd518ff0a|rpc:10.1.0.110:43967|dataStream:|priority:0|startupRole:FOLLOWER]|listeners:[], old=null, confs=<EMPTY_MAP>
2022-12-06 15:44:47,837 [pool-236-thread-1] INFO  server.RaftServerConfigKeys (ConfUtils.java:logGet(46)) - raft.server.storage.dir = [/home/runner/work/ozone/ozone/hadoop-ozone/integration-test/target/test-dir/MiniOzoneClusterImpl-dce15e54-dc76-4f82-a75a-fd2a8a22e08e/datanode-7/data/ratis] (custom)
2022-12-06 15:44:47,837 [pool-236-thread-1] INFO  server.RaftServerConfigKeys (ConfUtils.java:logGet(46)) - raft.server.log.corruption.policy = EXCEPTION (default)
2022-12-06 15:44:47,837 [pool-236-thread-1] INFO  server.RaftServerConfigKeys (ConfUtils.java:logGet(46)) - raft.server.storage.free-space.min = 0MB (=0) (default)
2022-12-06 15:44:47,837 [pool-236-thread-1] INFO  server.RaftServerConfigKeys (ConfUtils.java:logGet(46)) - raft.server.notification.no-leader.timeout = 300s (custom)
2022-12-06 15:44:47,837 [pool-236-thread-1] INFO  server.RaftServerConfigKeys (ConfUtils.java:logGet(46)) - raft.server.retrycache.expirytime = 600000ms (custom)
2022-12-06 15:44:47,837 [pool-236-thread-1] INFO  server.RaftServerConfigKeys (ConfUtils.java:logGet(46)) - raft.server.retrycache.statistics.expirytime = 100μs (default)
2022-12-06 15:44:47,838 [pool-236-thread-1] INFO  server.RaftServerConfigKeys (ConfUtils.java:logGet(46)) - raft.server.log.appender.install.snapshot.enabled = false (custom)
2022-12-06 15:44:47,838 [pool-236-thread-1] INFO  server.RaftServerConfigKeys (ConfUtils.java:logGet(46)) - raft.server.threadpool.server.cached = true (default)
2022-12-06 15:44:47,838 [pool-236-thread-1] INFO  server.RaftServerConfigKeys (ConfUtils.java:logGet(46)) - raft.server.threadpool.server.size = 0 (default)
2022-12-06 15:44:47,838 [pool-236-thread-1] INFO  server.RaftServerConfigKeys (ConfUtils.java:logGet(46)) - raft.server.threadpool.client.cached = true (default)
2022-12-06 15:44:47,838 [pool-236-thread-1] INFO  server.RaftServerConfigKeys (ConfUtils.java:logGet(46)) - raft.server.threadpool.client.size = 0 (default)
2022-12-06 15:44:47,839 [Command processor thread] INFO  ratis.XceiverServerRatis (XceiverServerRatis.java:addGroup(765)) - Created group PipelineID=2b35dc48-9584-451f-a7df-788d5277d0cf
2022-12-06 15:44:47,839 [Command processor thread] INFO  commandhandler.CreatePipelineCommandHandler (CreatePipelineCommandHandler.java:handle(113)) - Created Pipeline RATIS ONE PipelineID=2b35dc48-9584-451f-a7df-788d5277d0cf.
2022-12-06 15:44:47,839 [Command processor thread] INFO  server.RaftServer (RaftServerProxy.java:addNew(96)) - 7726e7f5-b74c-4e4a-9680-a65a67c105af: addNew group-99BD4D3A3F73:[2497daeb-967d-49ad-8f28-1297e8c4c732|rpc:10.1.0.110:46387|priority:0|startupRole:FOLLOWER, 7726e7f5-b74c-4e4a-9680-a65a67c105af|rpc:10.1.0.110:44993|priority:0|startupRole:FOLLOWER, 3ddade9d-4289-4127-b7c4-830dd518ff0a|rpc:10.1.0.110:43967|priority:1|startupRole:FOLLOWER] returns group-99BD4D3A3F73:java.util.concurrent.CompletableFuture@46f49c06[Not completed]
2022-12-06 15:44:47,844 [pool-236-thread-1] INFO  storage.RaftStorageDirectory (RaftStorageDirectoryImpl.java:analyzeStorage(137)) - The storage directory /home/runner/work/ozone/ozone/hadoop-ozone/integration-test/target/test-dir/MiniOzoneClusterImpl-dce15e54-dc76-4f82-a75a-fd2a8a22e08e/datanode-7/data/ratis/f848047e-6893-4650-b542-e388fc27c872 does not exist. Creating ...
2022-12-06 15:44:47,846 [pool-236-thread-1] INFO  storage.RaftStorageDirectory (RaftStorageDirectoryImpl.java:tryLock(231)) - Lock on /home/runner/work/ozone/ozone/hadoop-ozone/integration-test/target/test-dir/MiniOzoneClusterImpl-dce15e54-dc76-4f82-a75a-fd2a8a22e08e/datanode-7/data/ratis/f848047e-6893-4650-b542-e388fc27c872/in_use.lock acquired by nodename 46996@fv-az133-40
2022-12-06 15:44:47,847 [pool-236-thread-1] INFO  storage.RaftStorage (RaftStorageImpl.java:format(96)) - Storage directory /home/runner/work/ozone/ozone/hadoop-ozone/integration-test/target/test-dir/MiniOzoneClusterImpl-dce15e54-dc76-4f82-a75a-fd2a8a22e08e/datanode-7/data/ratis/f848047e-6893-4650-b542-e388fc27c872 has been successfully formatted.
2022-12-06 15:44:47,847 [pool-236-thread-1] INFO  ratis.ContainerStateMachine (ContainerStateMachine.java:loadSnapshot(236)) - group-E388FC27C872: The snapshot info is null. Setting the last applied indexto:(t:0, i:~)
2022-12-06 15:44:47,848 [pool-236-thread-1] INFO  server.RaftServerConfigKeys (ConfUtils.java:logGet(46)) - raft.server.log.use.memory = false (default)
2022-12-06 15:44:47,848 [pool-236-thread-1] INFO  server.RaftServerConfigKeys (ConfUtils.java:logGet(46)) - raft.server.log.purge.gap = 1000000 (custom)
2022-12-06 15:44:47,848 [pool-236-thread-1] INFO  server.RaftServerConfigKeys (ConfUtils.java:logGet(46)) - raft.server.log.appender.buffer.byte-limit = 33554432 (custom)
2022-12-06 15:44:47,848 [pool-236-thread-1] INFO  server.RaftServerConfigKeys (ConfUtils.java:logGet(46)) - raft.server.log.statemachine.data.read.timeout = 1000ms (default)
2022-12-06 15:44:47,848 [pool-236-thread-1] INFO  server.RaftServerConfigKeys (ConfUtils.java:logGet(46)) - raft.server.log.purge.preservation.log.num = 0 (default)
2022-12-06 15:44:47,848 [pool-236-thread-1] INFO  server.RaftServerConfigKeys (ConfUtils.java:logGet(46)) - raft.server.log.segment.size.max = 1048576 (custom)
2022-12-06 15:44:47,848 [pool-236-thread-1] INFO  server.RaftServerConfigKeys (ConfUtils.java:logGet(46)) - raft.server.log.segment.cache.num.max = 2 (custom)
2022-12-06 15:44:47,848 [pool-236-thread-1] INFO  server.RaftServerConfigKeys (ConfUtils.java:logGet(46)) - raft.server.log.segment.cache.size.max = 200MB (=209715200) (default)
2022-12-06 15:44:47,849 [pool-236-thread-1] INFO  segmented.SegmentedRaftLogWorker (SegmentedRaftLogWorker.java:<init>(189)) - new 7726e7f5-b74c-4e4a-9680-a65a67c105af@group-E388FC27C872-SegmentedRaftLogWorker for RaftStorageImpl:Storage Directory /home/runner/work/ozone/ozone/hadoop-ozone/integration-test/target/test-dir/MiniOzoneClusterImpl-dce15e54-dc76-4f82-a75a-fd2a8a22e08e/datanode-7/data/ratis/f848047e-6893-4650-b542-e388fc27c872
2022-12-06 15:44:47,849 [pool-236-thread-1] INFO  server.RaftServerConfigKeys (ConfUtils.java:logGet(46)) - raft.server.log.queue.byte-limit = 4294967296 (custom)
2022-12-06 15:44:47,849 [pool-236-thread-1] INFO  server.RaftServerConfigKeys (ConfUtils.java:logGet(46)) - raft.server.log.queue.element-limit = 1024 (custom)
2022-12-06 15:44:47,849 [pool-236-thread-1] INFO  server.RaftServerConfigKeys (ConfUtils.java:logGet(46)) - raft.server.log.segment.size.max = 1048576 (custom)
2022-12-06 15:44:47,849 [pool-236-thread-1] INFO  server.RaftServerConfigKeys (ConfUtils.java:logGet(46)) - raft.server.log.preallocated.size = 16384 (custom)
2022-12-06 15:44:47,849 [pool-236-thread-1] INFO  server.RaftServerConfigKeys (ConfUtils.java:logGet(46)) - raft.server.log.force.sync.num = 128 (default)
2022-12-06 15:44:47,849 [pool-236-thread-1] INFO  server.RaftServerConfigKeys (ConfUtils.java:logGet(46)) - raft.server.log.statemachine.data.sync = true (default)
2022-12-06 15:44:47,849 [pool-236-thread-1] INFO  server.RaftServerConfigKeys (ConfUtils.java:logGet(46)) - raft.server.log.statemachine.data.sync.timeout = 10s (default)
2022-12-06 15:44:47,849 [pool-236-thread-1] INFO  server.RaftServerConfigKeys (ConfUtils.java:logGet(46)) - raft.server.log.statemachine.data.sync.timeout.retry = -1 (default)
2022-12-06 15:44:47,851 [pool-236-thread-1] INFO  server.RaftServerConfigKeys (ConfUtils.java:logGet(46)) - raft.server.log.write.buffer.size = 1048576 (custom)
2022-12-06 15:44:47,851 [EventQueue-CommandQueueReportForCommandQueueReportHandler] WARN  events.EventQueue (EventQueue.java:fireEvent(216)) - No event handler registered for event TypedEvent{payloadType=DatanodeDetails, name='Datanode_Command_Queue_Updated'}
2022-12-06 15:44:47,851 [EventQueue-OpenPipelineForHealthyPipelineSafeModeRule] INFO  safemode.SCMSafeModeManager (HealthyPipelineSafeModeRule.java:process(137)) - SCM in safe mode. Healthy pipelines reported count is 0, required healthy pipeline reported count is 1
2022-12-06 15:44:47,851 [pool-236-thread-1] INFO  server.RaftServerConfigKeys (ConfUtils.java:logGet(46)) - raft.server.log.appender.buffer.byte-limit = 33554432 (custom)
2022-12-06 15:44:47,856 [pool-236-thread-1] INFO  server.RaftServerConfigKeys (ConfUtils.java:logGet(46)) - raft.server.log.unsafe-flush.enabled = false (default)
2022-12-06 15:44:47,856 [pool-236-thread-1] INFO  server.RaftServerConfigKeys (ConfUtils.java:logGet(46)) - raft.server.log.async-flush.enabled = false (default)
2022-12-06 15:44:47,856 [pool-236-thread-1] INFO  server.RaftServerConfigKeys (ConfUtils.java:logGet(46)) - raft.server.log.statemachine.data.caching.enabled = true (custom)
2022-12-06 15:44:47,857 [pool-236-thread-1] INFO  segmented.SegmentedRaftLogWorker (SegmentedRaftLogWorker.java:lambda$new$0(135)) - 7726e7f5-b74c-4e4a-9680-a65a67c105af@group-E388FC27C872-SegmentedRaftLogWorker: flushIndex: setUnconditionally 0 -> -1
2022-12-06 15:44:47,857 [pool-236-thread-1] INFO  segmented.SegmentedRaftLogWorker (SegmentedRaftLogWorker.java:lambda$new$0(135)) - 7726e7f5-b74c-4e4a-9680-a65a67c105af@group-E388FC27C872-SegmentedRaftLogWorker: safeCacheEvictIndex: setUnconditionally 0 -> -1
2022-12-06 15:44:47,857 [pool-236-thread-1] INFO  server.RaftServer$Division (RaftServerImpl.java:start(334)) - 7726e7f5-b74c-4e4a-9680-a65a67c105af@group-E388FC27C872: start as a follower, conf=-1: peers:[2497daeb-967d-49ad-8f28-1297e8c4c732|rpc:10.1.0.110:46387|dataStream:|priority:0|startupRole:FOLLOWER, 7726e7f5-b74c-4e4a-9680-a65a67c105af|rpc:10.1.0.110:44993|dataStream:|priority:1|startupRole:FOLLOWER, 3ddade9d-4289-4127-b7c4-830dd518ff0a|rpc:10.1.0.110:43967|dataStream:|priority:0|startupRole:FOLLOWER]|listeners:[], old=null
2022-12-06 15:44:47,857 [pool-236-thread-1] INFO  server.RaftServer$Division (RaftServerImpl.java:setRole(321)) - 7726e7f5-b74c-4e4a-9680-a65a67c105af@group-E388FC27C872: changes role from      null to FOLLOWER at term 0 for startAsFollower
2022-12-06 15:44:47,857 [pool-236-thread-1] INFO  impl.RoleInfo (RoleInfo.java:updateAndGet(139)) - 7726e7f5-b74c-4e4a-9680-a65a67c105af: start 7726e7f5-b74c-4e4a-9680-a65a67c105af@group-E388FC27C872-FollowerState
2022-12-06 15:44:47,857 [pool-236-thread-1] INFO  util.JmxRegister (JmxRegister.java:tryRegister(44)) - Successfully registered JMX Bean with object name Ratis:service=RaftServer,group=group-E388FC27C872,id=7726e7f5-b74c-4e4a-9680-a65a67c105af
2022-12-06 15:44:47,858 [pool-236-thread-1] INFO  server.RaftServerConfigKeys (ConfUtils.java:logGet(46)) - raft.server.snapshot.auto.trigger.enabled = true (custom)
2022-12-06 15:44:47,858 [pool-236-thread-1] INFO  server.RaftServerConfigKeys (ConfUtils.java:logGet(46)) - raft.server.snapshot.auto.trigger.threshold = 10000 (custom)
2022-12-06 15:44:47,858 [pool-236-thread-1] INFO  server.RaftServerConfigKeys (ConfUtils.java:logGet(46)) - raft.server.snapshot.retention.file.num = 5 (custom)
2022-12-06 15:44:47,858 [pool-236-thread-1] INFO  server.RaftServerConfigKeys (ConfUtils.java:logGet(46)) - raft.server.log.purge.upto.snapshot.index = false (default)
2022-12-06 15:44:47,860 [pool-236-thread-1] INFO  server.RaftServer$Division (RaftServerImpl.java:<init>(195)) - 7726e7f5-b74c-4e4a-9680-a65a67c105af: new RaftServerImpl for group-99BD4D3A3F73:[2497daeb-967d-49ad-8f28-1297e8c4c732|rpc:10.1.0.110:46387|priority:0|startupRole:FOLLOWER, 7726e7f5-b74c-4e4a-9680-a65a67c105af|rpc:10.1.0.110:44993|priority:0|startupRole:FOLLOWER, 3ddade9d-4289-4127-b7c4-830dd518ff0a|rpc:10.1.0.110:43967|priority:1|startupRole:FOLLOWER] with ContainerStateMachine:uninitialized
2022-12-06 15:44:47,860 [pool-236-thread-1] INFO  server.RaftServerConfigKeys (ConfUtils.java:logGet(46)) - raft.server.rpc.timeout.min = 5s (custom)
2022-12-06 15:44:47,860 [pool-236-thread-1] INFO  server.RaftServerConfigKeys (ConfUtils.java:logGet(46)) - raft.server.rpc.timeout.max = 5200ms (custom)
2022-12-06 15:44:47,860 [pool-236-thread-1] INFO  server.RaftServerConfigKeys (ConfUtils.java:logGet(46)) - raft.server.rpc.sleep.time = 25ms (default)
2022-12-06 15:44:47,860 [pool-236-thread-1] INFO  server.RaftServerConfigKeys (ConfUtils.java:logGet(46)) - raft.server.rpc.slowness.timeout = 300s (custom)
2022-12-06 15:44:47,860 [pool-236-thread-1] INFO  server.RaftServerConfigKeys (ConfUtils.java:logGet(46)) - raft.server.leaderelection.leader.step-down.wait-time = 10s (default)
2022-12-06 15:44:47,860 [pool-236-thread-1] INFO  server.RaftServerConfigKeys (ConfUtils.java:logGet(46)) - raft.server.sleep.deviation.threshold = 300ms (default)
2022-12-06 15:44:47,860 [pool-236-thread-1] INFO  server.RaftServer$Division (ServerState.java:<init>(118)) - 7726e7f5-b74c-4e4a-9680-a65a67c105af@group-99BD4D3A3F73: ConfigurationManager, init=-1: peers:[2497daeb-967d-49ad-8f28-1297e8c4c732|rpc:10.1.0.110:46387|priority:0|startupRole:FOLLOWER, 7726e7f5-b74c-4e4a-9680-a65a67c105af|rpc:10.1.0.110:44993|priority:0|startupRole:FOLLOWER, 3ddade9d-4289-4127-b7c4-830dd518ff0a|rpc:10.1.0.110:43967|priority:1|startupRole:FOLLOWER]|listeners:[], old=null, confs=<EMPTY_MAP>
2022-12-06 15:44:47,860 [pool-236-thread-1] INFO  server.RaftServerConfigKeys (ConfUtils.java:logGet(46)) - raft.server.storage.dir = [/home/runner/work/ozone/ozone/hadoop-ozone/integration-test/target/test-dir/MiniOzoneClusterImpl-dce15e54-dc76-4f82-a75a-fd2a8a22e08e/datanode-7/data/ratis] (custom)
2022-12-06 15:44:47,860 [pool-236-thread-1] INFO  server.RaftServerConfigKeys (ConfUtils.java:logGet(46)) - raft.server.log.corruption.policy = EXCEPTION (default)
2022-12-06 15:44:47,860 [pool-236-thread-1] INFO  server.RaftServerConfigKeys (ConfUtils.java:logGet(46)) - raft.server.storage.free-space.min = 0MB (=0) (default)
2022-12-06 15:44:47,861 [pool-236-thread-1] INFO  server.RaftServerConfigKeys (ConfUtils.java:logGet(46)) - raft.server.notification.no-leader.timeout = 300s (custom)
2022-12-06 15:44:47,861 [pool-236-thread-1] INFO  server.RaftServerConfigKeys (ConfUtils.java:logGet(46)) - raft.server.retrycache.expirytime = 600000ms (custom)
2022-12-06 15:44:47,861 [pool-236-thread-1] INFO  server.RaftServerConfigKeys (ConfUtils.java:logGet(46)) - raft.server.retrycache.statistics.expirytime = 100μs (default)
2022-12-06 15:44:47,862 [pool-236-thread-1] INFO  server.RaftServerConfigKeys (ConfUtils.java:logGet(46)) - raft.server.log.appender.install.snapshot.enabled = false (custom)
2022-12-06 15:44:47,862 [pool-236-thread-1] INFO  server.RaftServerConfigKeys (ConfUtils.java:logGet(46)) - raft.server.threadpool.server.cached = true (default)
2022-12-06 15:44:47,862 [pool-236-thread-1] INFO  server.RaftServerConfigKeys (ConfUtils.java:logGet(46)) - raft.server.threadpool.server.size = 0 (default)
2022-12-06 15:44:47,862 [pool-236-thread-1] INFO  server.RaftServerConfigKeys (ConfUtils.java:logGet(46)) - raft.server.threadpool.client.cached = true (default)
2022-12-06 15:44:47,862 [pool-236-thread-1] INFO  server.RaftServerConfigKeys (ConfUtils.java:logGet(46)) - raft.server.threadpool.client.size = 0 (default)
2022-12-06 15:44:47,862 [pool-236-thread-1] INFO  storage.RaftStorageDirectory (RaftStorageDirectoryImpl.java:analyzeStorage(137)) - The storage directory /home/runner/work/ozone/ozone/hadoop-ozone/integration-test/target/test-dir/MiniOzoneClusterImpl-dce15e54-dc76-4f82-a75a-fd2a8a22e08e/datanode-7/data/ratis/6e89d128-5e8e-46de-ad0e-99bd4d3a3f73 does not exist. Creating ...
2022-12-06 15:44:47,864 [pool-236-thread-1] INFO  storage.RaftStorageDirectory (RaftStorageDirectoryImpl.java:tryLock(231)) - Lock on /home/runner/work/ozone/ozone/hadoop-ozone/integration-test/target/test-dir/MiniOzoneClusterImpl-dce15e54-dc76-4f82-a75a-fd2a8a22e08e/datanode-7/data/ratis/6e89d128-5e8e-46de-ad0e-99bd4d3a3f73/in_use.lock acquired by nodename 46996@fv-az133-40
2022-12-06 15:44:47,866 [pool-236-thread-1] INFO  storage.RaftStorage (RaftStorageImpl.java:format(96)) - Storage directory /home/runner/work/ozone/ozone/hadoop-ozone/integration-test/target/test-dir/MiniOzoneClusterImpl-dce15e54-dc76-4f82-a75a-fd2a8a22e08e/datanode-7/data/ratis/6e89d128-5e8e-46de-ad0e-99bd4d3a3f73 has been successfully formatted.
2022-12-06 15:44:47,866 [pool-236-thread-1] INFO  ratis.ContainerStateMachine (ContainerStateMachine.java:loadSnapshot(236)) - group-99BD4D3A3F73: The snapshot info is null. Setting the last applied indexto:(t:0, i:~)
2022-12-06 15:44:47,867 [pool-236-thread-1] INFO  server.RaftServerConfigKeys (ConfUtils.java:logGet(46)) - raft.server.log.use.memory = false (default)
2022-12-06 15:44:47,867 [pool-236-thread-1] INFO  server.RaftServerConfigKeys (ConfUtils.java:logGet(46)) - raft.server.log.purge.gap = 1000000 (custom)
2022-12-06 15:44:47,867 [pool-236-thread-1] INFO  server.RaftServerConfigKeys (ConfUtils.java:logGet(46)) - raft.server.log.appender.buffer.byte-limit = 33554432 (custom)
2022-12-06 15:44:47,867 [pool-236-thread-1] INFO  server.RaftServerConfigKeys (ConfUtils.java:logGet(46)) - raft.server.log.statemachine.data.read.timeout = 1000ms (default)
2022-12-06 15:44:47,867 [pool-236-thread-1] INFO  server.RaftServerConfigKeys (ConfUtils.java:logGet(46)) - raft.server.log.purge.preservation.log.num = 0 (default)
2022-12-06 15:44:47,867 [pool-236-thread-1] INFO  server.RaftServerConfigKeys (ConfUtils.java:logGet(46)) - raft.server.log.segment.size.max = 1048576 (custom)
2022-12-06 15:44:47,867 [pool-236-thread-1] INFO  server.RaftServerConfigKeys (ConfUtils.java:logGet(46)) - raft.server.log.segment.cache.num.max = 2 (custom)
2022-12-06 15:44:47,868 [pool-236-thread-1] INFO  server.RaftServerConfigKeys (ConfUtils.java:logGet(46)) - raft.server.log.segment.cache.size.max = 200MB (=209715200) (default)
2022-12-06 15:44:47,868 [pool-236-thread-1] INFO  segmented.SegmentedRaftLogWorker (SegmentedRaftLogWorker.java:<init>(189)) - new 7726e7f5-b74c-4e4a-9680-a65a67c105af@group-99BD4D3A3F73-SegmentedRaftLogWorker for RaftStorageImpl:Storage Directory /home/runner/work/ozone/ozone/hadoop-ozone/integration-test/target/test-dir/MiniOzoneClusterImpl-dce15e54-dc76-4f82-a75a-fd2a8a22e08e/datanode-7/data/ratis/6e89d128-5e8e-46de-ad0e-99bd4d3a3f73
2022-12-06 15:44:47,868 [pool-236-thread-1] INFO  server.RaftServerConfigKeys (ConfUtils.java:logGet(46)) - raft.server.log.queue.byte-limit = 4294967296 (custom)
2022-12-06 15:44:47,868 [pool-236-thread-1] INFO  server.RaftServerConfigKeys (ConfUtils.java:logGet(46)) - raft.server.log.queue.element-limit = 1024 (custom)
2022-12-06 15:44:47,868 [pool-236-thread-1] INFO  server.RaftServerConfigKeys (ConfUtils.java:logGet(46)) - raft.server.log.segment.size.max = 1048576 (custom)
2022-12-06 15:44:47,868 [pool-236-thread-1] INFO  server.RaftServerConfigKeys (ConfUtils.java:logGet(46)) - raft.server.log.preallocated.size = 16384 (custom)
2022-12-06 15:44:47,868 [pool-236-thread-1] INFO  server.RaftServerConfigKeys (ConfUtils.java:logGet(46)) - raft.server.log.force.sync.num = 128 (default)
2022-12-06 15:44:47,868 [pool-236-thread-1] INFO  server.RaftServerConfigKeys (ConfUtils.java:logGet(46)) - raft.server.log.statemachine.data.sync = true (default)
2022-12-06 15:44:47,868 [pool-236-thread-1] INFO  server.RaftServerConfigKeys (ConfUtils.java:logGet(46)) - raft.server.log.statemachine.data.sync.timeout = 10s (default)
2022-12-06 15:44:47,868 [pool-236-thread-1] INFO  server.RaftServerConfigKeys (ConfUtils.java:logGet(46)) - raft.server.log.statemachine.data.sync.timeout.retry = -1 (default)
2022-12-06 15:44:47,869 [EventQueue-CommandQueueReportForCommandQueueReportHandler] WARN  events.EventQueue (EventQueue.java:fireEvent(216)) - No event handler registered for event TypedEvent{payloadType=DatanodeDetails, name='Datanode_Command_Queue_Updated'}
2022-12-06 15:44:47,869 [EventQueue-OpenPipelineForHealthyPipelineSafeModeRule] INFO  safemode.SCMSafeModeManager (HealthyPipelineSafeModeRule.java:process(137)) - SCM in safe mode. Healthy pipelines reported count is 0, required healthy pipeline reported count is 1
2022-12-06 15:44:47,872 [7726e7f5-b74c-4e4a-9680-a65a67c105af@group-E388FC27C872-FollowerState] INFO  server.RaftServerConfigKeys (ConfUtils.java:logFallback(53)) - raft.server.rpc.first-election.timeout.min = 5s (fallback to raft.server.rpc.timeout.min)
2022-12-06 15:44:47,872 [7726e7f5-b74c-4e4a-9680-a65a67c105af@group-E388FC27C872-FollowerState] INFO  server.RaftServerConfigKeys (ConfUtils.java:logFallback(53)) - raft.server.rpc.first-election.timeout.max = 5200ms (fallback to raft.server.rpc.timeout.max)
2022-12-06 15:44:47,876 [pool-236-thread-1] INFO  server.RaftServerConfigKeys (ConfUtils.java:logGet(46)) - raft.server.log.write.buffer.size = 1048576 (custom)
2022-12-06 15:44:47,877 [pool-236-thread-1] INFO  server.RaftServerConfigKeys (ConfUtils.java:logGet(46)) - raft.server.log.appender.buffer.byte-limit = 33554432 (custom)
2022-12-06 15:44:47,883 [pool-236-thread-1] INFO  server.RaftServerConfigKeys (ConfUtils.java:logGet(46)) - raft.server.log.unsafe-flush.enabled = false (default)
2022-12-06 15:44:47,883 [pool-236-thread-1] INFO  server.RaftServerConfigKeys (ConfUtils.java:logGet(46)) - raft.server.log.async-flush.enabled = false (default)
2022-12-06 15:44:47,883 [pool-236-thread-1] INFO  server.RaftServerConfigKeys (ConfUtils.java:logGet(46)) - raft.server.log.statemachine.data.caching.enabled = true (custom)
2022-12-06 15:44:47,884 [pool-236-thread-1] INFO  segmented.SegmentedRaftLogWorker (SegmentedRaftLogWorker.java:lambda$new$0(135)) - 7726e7f5-b74c-4e4a-9680-a65a67c105af@group-99BD4D3A3F73-SegmentedRaftLogWorker: flushIndex: setUnconditionally 0 -> -1
2022-12-06 15:44:47,887 [pool-236-thread-1] INFO  segmented.SegmentedRaftLogWorker (SegmentedRaftLogWorker.java:lambda$new$0(135)) - 7726e7f5-b74c-4e4a-9680-a65a67c105af@group-99BD4D3A3F73-SegmentedRaftLogWorker: safeCacheEvictIndex: setUnconditionally 0 -> -1
2022-12-06 15:44:47,890 [pool-236-thread-1] INFO  server.RaftServer$Division (RaftServerImpl.java:start(334)) - 7726e7f5-b74c-4e4a-9680-a65a67c105af@group-99BD4D3A3F73: start as a follower, conf=-1: peers:[2497daeb-967d-49ad-8f28-1297e8c4c732|rpc:10.1.0.110:46387|priority:0|startupRole:FOLLOWER, 7726e7f5-b74c-4e4a-9680-a65a67c105af|rpc:10.1.0.110:44993|priority:0|startupRole:FOLLOWER, 3ddade9d-4289-4127-b7c4-830dd518ff0a|rpc:10.1.0.110:43967|priority:1|startupRole:FOLLOWER]|listeners:[], old=null
2022-12-06 15:44:47,890 [pool-236-thread-1] INFO  server.RaftServer$Division (RaftServerImpl.java:setRole(321)) - 7726e7f5-b74c-4e4a-9680-a65a67c105af@group-99BD4D3A3F73: changes role from      null to FOLLOWER at term 0 for startAsFollower
2022-12-06 15:44:47,890 [pool-236-thread-1] INFO  impl.RoleInfo (RoleInfo.java:updateAndGet(139)) - 7726e7f5-b74c-4e4a-9680-a65a67c105af: start 7726e7f5-b74c-4e4a-9680-a65a67c105af@group-99BD4D3A3F73-FollowerState
2022-12-06 15:44:47,890 [pool-236-thread-1] INFO  util.JmxRegister (JmxRegister.java:tryRegister(44)) - Successfully registered JMX Bean with object name Ratis:service=RaftServer,group=group-99BD4D3A3F73,id=7726e7f5-b74c-4e4a-9680-a65a67c105af
2022-12-06 15:44:47,891 [pool-236-thread-1] INFO  server.RaftServerConfigKeys (ConfUtils.java:logGet(46)) - raft.server.snapshot.auto.trigger.enabled = true (custom)
2022-12-06 15:44:47,891 [pool-236-thread-1] INFO  server.RaftServerConfigKeys (ConfUtils.java:logGet(46)) - raft.server.snapshot.auto.trigger.threshold = 10000 (custom)
2022-12-06 15:44:47,891 [pool-236-thread-1] INFO  server.RaftServerConfigKeys (ConfUtils.java:logGet(46)) - raft.server.snapshot.retention.file.num = 5 (custom)
2022-12-06 15:44:47,891 [pool-236-thread-1] INFO  server.RaftServerConfigKeys (ConfUtils.java:logGet(46)) - raft.server.log.purge.upto.snapshot.index = false (default)
2022-12-06 15:44:47,893 [7726e7f5-b74c-4e4a-9680-a65a67c105af@group-99BD4D3A3F73-FollowerState] INFO  server.RaftServerConfigKeys (ConfUtils.java:logFallback(53)) - raft.server.rpc.first-election.timeout.min = 5s (fallback to raft.server.rpc.timeout.min)
2022-12-06 15:44:47,893 [7726e7f5-b74c-4e4a-9680-a65a67c105af@group-99BD4D3A3F73-FollowerState] INFO  server.RaftServerConfigKeys (ConfUtils.java:logFallback(53)) - raft.server.rpc.first-election.timeout.max = 5200ms (fallback to raft.server.rpc.timeout.max)
2022-12-06 15:44:47,896 [Command processor thread] INFO  ratis.XceiverServerRatis (XceiverServerRatis.java:addGroup(765)) - Created group PipelineID=6e89d128-5e8e-46de-ad0e-99bd4d3a3f73
2022-12-06 15:44:47,897 [grpc-default-executor-0] INFO  server.RaftServer (RaftServerProxy.java:addNew(96)) - 3ddade9d-4289-4127-b7c4-830dd518ff0a: addNew group-E388FC27C872:[2497daeb-967d-49ad-8f28-1297e8c4c732|rpc:10.1.0.110:46387|dataStream:|priority:0|startupRole:FOLLOWER, 7726e7f5-b74c-4e4a-9680-a65a67c105af|rpc:10.1.0.110:44993|dataStream:|priority:1|startupRole:FOLLOWER, 3ddade9d-4289-4127-b7c4-830dd518ff0a|rpc:10.1.0.110:43967|dataStream:|priority:0|startupRole:FOLLOWER] returns group-E388FC27C872:java.util.concurrent.CompletableFuture@33fc5fc3[Not completed]
2022-12-06 15:44:47,913 [grpc-default-executor-0] INFO  server.RaftServer (RaftServerProxy.java:addNew(96)) - 2497daeb-967d-49ad-8f28-1297e8c4c732: addNew group-99BD4D3A3F73:[2497daeb-967d-49ad-8f28-1297e8c4c732|rpc:10.1.0.110:46387|dataStream:|priority:0|startupRole:FOLLOWER, 7726e7f5-b74c-4e4a-9680-a65a67c105af|rpc:10.1.0.110:44993|dataStream:|priority:0|startupRole:FOLLOWER, 3ddade9d-4289-4127-b7c4-830dd518ff0a|rpc:10.1.0.110:43967|dataStream:|priority:1|startupRole:FOLLOWER] returns group-99BD4D3A3F73:java.util.concurrent.CompletableFuture@214f8076[Not completed]
2022-12-06 15:44:47,914 [pool-263-thread-1] INFO  server.RaftServer$Division (RaftServerImpl.java:<init>(195)) - 3ddade9d-4289-4127-b7c4-830dd518ff0a: new RaftServerImpl for group-E388FC27C872:[2497daeb-967d-49ad-8f28-1297e8c4c732|rpc:10.1.0.110:46387|dataStream:|priority:0|startupRole:FOLLOWER, 7726e7f5-b74c-4e4a-9680-a65a67c105af|rpc:10.1.0.110:44993|dataStream:|priority:1|startupRole:FOLLOWER, 3ddade9d-4289-4127-b7c4-830dd518ff0a|rpc:10.1.0.110:43967|dataStream:|priority:0|startupRole:FOLLOWER] with ContainerStateMachine:uninitialized
2022-12-06 15:44:47,915 [pool-263-thread-1] INFO  server.RaftServerConfigKeys (ConfUtils.java:logGet(46)) - raft.server.rpc.timeout.min = 5s (custom)
2022-12-06 15:44:47,915 [pool-263-thread-1] INFO  server.RaftServerConfigKeys (ConfUtils.java:logGet(46)) - raft.server.rpc.timeout.max = 5200ms (custom)
2022-12-06 15:44:47,915 [pool-209-thread-1] INFO  server.RaftServer$Division (RaftServerImpl.java:<init>(195)) - 2497daeb-967d-49ad-8f28-1297e8c4c732: new RaftServerImpl for group-99BD4D3A3F73:[2497daeb-967d-49ad-8f28-1297e8c4c732|rpc:10.1.0.110:46387|dataStream:|priority:0|startupRole:FOLLOWER, 7726e7f5-b74c-4e4a-9680-a65a67c105af|rpc:10.1.0.110:44993|dataStream:|priority:0|startupRole:FOLLOWER, 3ddade9d-4289-4127-b7c4-830dd518ff0a|rpc:10.1.0.110:43967|dataStream:|priority:1|startupRole:FOLLOWER] with ContainerStateMachine:uninitialized
2022-12-06 15:44:47,915 [pool-209-thread-1] INFO  server.RaftServerConfigKeys (ConfUtils.java:logGet(46)) - raft.server.rpc.timeout.min = 5s (custom)
2022-12-06 15:44:47,915 [pool-209-thread-1] INFO  server.RaftServerConfigKeys (ConfUtils.java:logGet(46)) - raft.server.rpc.timeout.max = 5200ms (custom)
2022-12-06 15:44:47,915 [pool-209-thread-1] INFO  server.RaftServerConfigKeys (ConfUtils.java:logGet(46)) - raft.server.rpc.sleep.time = 25ms (default)
2022-12-06 15:44:47,915 [pool-209-thread-1] INFO  server.RaftServerConfigKeys (ConfUtils.java:logGet(46)) - raft.server.rpc.slowness.timeout = 300s (custom)
2022-12-06 15:44:47,915 [pool-209-thread-1] INFO  server.RaftServerConfigKeys (ConfUtils.java:logGet(46)) - raft.server.leaderelection.leader.step-down.wait-time = 10s (default)
2022-12-06 15:44:47,915 [pool-209-thread-1] INFO  server.RaftServerConfigKeys (ConfUtils.java:logGet(46)) - raft.server.sleep.deviation.threshold = 300ms (default)
2022-12-06 15:44:47,915 [pool-209-thread-1] INFO  server.RaftServer$Division (ServerState.java:<init>(118)) - 2497daeb-967d-49ad-8f28-1297e8c4c732@group-99BD4D3A3F73: ConfigurationManager, init=-1: peers:[2497daeb-967d-49ad-8f28-1297e8c4c732|rpc:10.1.0.110:46387|dataStream:|priority:0|startupRole:FOLLOWER, 7726e7f5-b74c-4e4a-9680-a65a67c105af|rpc:10.1.0.110:44993|dataStream:|priority:0|startupRole:FOLLOWER, 3ddade9d-4289-4127-b7c4-830dd518ff0a|rpc:10.1.0.110:43967|dataStream:|priority:1|startupRole:FOLLOWER]|listeners:[], old=null, confs=<EMPTY_MAP>
2022-12-06 15:44:47,915 [pool-209-thread-1] INFO  server.RaftServerConfigKeys (ConfUtils.java:logGet(46)) - raft.server.storage.dir = [/home/runner/work/ozone/ozone/hadoop-ozone/integration-test/target/test-dir/MiniOzoneClusterImpl-dce15e54-dc76-4f82-a75a-fd2a8a22e08e/datanode-6/data/ratis] (custom)
2022-12-06 15:44:47,915 [pool-209-thread-1] INFO  server.RaftServerConfigKeys (ConfUtils.java:logGet(46)) - raft.server.log.corruption.policy = EXCEPTION (default)
2022-12-06 15:44:47,915 [pool-209-thread-1] INFO  server.RaftServerConfigKeys (ConfUtils.java:logGet(46)) - raft.server.storage.free-space.min = 0MB (=0) (default)
2022-12-06 15:44:47,915 [pool-209-thread-1] INFO  server.RaftServerConfigKeys (ConfUtils.java:logGet(46)) - raft.server.notification.no-leader.timeout = 300s (custom)
2022-12-06 15:44:47,916 [pool-209-thread-1] INFO  server.RaftServerConfigKeys (ConfUtils.java:logGet(46)) - raft.server.retrycache.expirytime = 600000ms (custom)
2022-12-06 15:44:47,916 [pool-209-thread-1] INFO  server.RaftServerConfigKeys (ConfUtils.java:logGet(46)) - raft.server.retrycache.statistics.expirytime = 100μs (default)
2022-12-06 15:44:47,917 [pool-209-thread-1] INFO  server.RaftServerConfigKeys (ConfUtils.java:logGet(46)) - raft.server.log.appender.install.snapshot.enabled = false (custom)
2022-12-06 15:44:47,917 [pool-209-thread-1] INFO  server.RaftServerConfigKeys (ConfUtils.java:logGet(46)) - raft.server.threadpool.server.cached = true (default)
2022-12-06 15:44:47,918 [pool-209-thread-1] INFO  server.RaftServerConfigKeys (ConfUtils.java:logGet(46)) - raft.server.threadpool.server.size = 0 (default)
2022-12-06 15:44:47,918 [pool-209-thread-1] INFO  server.RaftServerConfigKeys (ConfUtils.java:logGet(46)) - raft.server.threadpool.client.cached = true (default)
2022-12-06 15:44:47,918 [pool-209-thread-1] INFO  server.RaftServerConfigKeys (ConfUtils.java:logGet(46)) - raft.server.threadpool.client.size = 0 (default)
2022-12-06 15:44:47,919 [pool-209-thread-1] INFO  storage.RaftStorageDirectory (RaftStorageDirectoryImpl.java:analyzeStorage(137)) - The storage directory /home/runner/work/ozone/ozone/hadoop-ozone/integration-test/target/test-dir/MiniOzoneClusterImpl-dce15e54-dc76-4f82-a75a-fd2a8a22e08e/datanode-6/data/ratis/6e89d128-5e8e-46de-ad0e-99bd4d3a3f73 does not exist. Creating ...
2022-12-06 15:44:47,915 [pool-263-thread-1] INFO  server.RaftServerConfigKeys (ConfUtils.java:logGet(46)) - raft.server.rpc.sleep.time = 25ms (default)
2022-12-06 15:44:47,919 [pool-263-thread-1] INFO  server.RaftServerConfigKeys (ConfUtils.java:logGet(46)) - raft.server.rpc.slowness.timeout = 300s (custom)
2022-12-06 15:44:47,919 [pool-263-thread-1] INFO  server.RaftServerConfigKeys (ConfUtils.java:logGet(46)) - raft.server.leaderelection.leader.step-down.wait-time = 10s (default)
2022-12-06 15:44:47,919 [pool-263-thread-1] INFO  server.RaftServerConfigKeys (ConfUtils.java:logGet(46)) - raft.server.sleep.deviation.threshold = 300ms (default)
2022-12-06 15:44:47,919 [pool-263-thread-1] INFO  server.RaftServer$Division (ServerState.java:<init>(118)) - 3ddade9d-4289-4127-b7c4-830dd518ff0a@group-E388FC27C872: ConfigurationManager, init=-1: peers:[2497daeb-967d-49ad-8f28-1297e8c4c732|rpc:10.1.0.110:46387|dataStream:|priority:0|startupRole:FOLLOWER, 7726e7f5-b74c-4e4a-9680-a65a67c105af|rpc:10.1.0.110:44993|dataStream:|priority:1|startupRole:FOLLOWER, 3ddade9d-4289-4127-b7c4-830dd518ff0a|rpc:10.1.0.110:43967|dataStream:|priority:0|startupRole:FOLLOWER]|listeners:[], old=null, confs=<EMPTY_MAP>
2022-12-06 15:44:47,919 [pool-263-thread-1] INFO  server.RaftServerConfigKeys (ConfUtils.java:logGet(46)) - raft.server.storage.dir = [/home/runner/work/ozone/ozone/hadoop-ozone/integration-test/target/test-dir/MiniOzoneClusterImpl-dce15e54-dc76-4f82-a75a-fd2a8a22e08e/datanode-8/data/ratis] (custom)
2022-12-06 15:44:47,920 [pool-263-thread-1] INFO  server.RaftServerConfigKeys (ConfUtils.java:logGet(46)) - raft.server.log.corruption.policy = EXCEPTION (default)
2022-12-06 15:44:47,920 [pool-263-thread-1] INFO  server.RaftServerConfigKeys (ConfUtils.java:logGet(46)) - raft.server.storage.free-space.min = 0MB (=0) (default)
2022-12-06 15:44:47,920 [pool-263-thread-1] INFO  server.RaftServerConfigKeys (ConfUtils.java:logGet(46)) - raft.server.notification.no-leader.timeout = 300s (custom)
2022-12-06 15:44:47,920 [pool-263-thread-1] INFO  server.RaftServerConfigKeys (ConfUtils.java:logGet(46)) - raft.server.retrycache.expirytime = 600000ms (custom)
2022-12-06 15:44:47,920 [pool-209-thread-1] INFO  storage.RaftStorageDirectory (RaftStorageDirectoryImpl.java:tryLock(231)) - Lock on /home/runner/work/ozone/ozone/hadoop-ozone/integration-test/target/test-dir/MiniOzoneClusterImpl-dce15e54-dc76-4f82-a75a-fd2a8a22e08e/datanode-6/data/ratis/6e89d128-5e8e-46de-ad0e-99bd4d3a3f73/in_use.lock acquired by nodename 46996@fv-az133-40
2022-12-06 15:44:47,920 [pool-263-thread-1] INFO  server.RaftServerConfigKeys (ConfUtils.java:logGet(46)) - raft.server.retrycache.statistics.expirytime = 100μs (default)
2022-12-06 15:44:47,921 [pool-209-thread-1] INFO  storage.RaftStorage (RaftStorageImpl.java:format(96)) - Storage directory /home/runner/work/ozone/ozone/hadoop-ozone/integration-test/target/test-dir/MiniOzoneClusterImpl-dce15e54-dc76-4f82-a75a-fd2a8a22e08e/datanode-6/data/ratis/6e89d128-5e8e-46de-ad0e-99bd4d3a3f73 has been successfully formatted.
2022-12-06 15:44:47,921 [pool-209-thread-1] INFO  ratis.ContainerStateMachine (ContainerStateMachine.java:loadSnapshot(236)) - group-99BD4D3A3F73: The snapshot info is null. Setting the last applied indexto:(t:0, i:~)
2022-12-06 15:44:47,921 [pool-209-thread-1] INFO  server.RaftServerConfigKeys (ConfUtils.java:logGet(46)) - raft.server.log.use.memory = false (default)
2022-12-06 15:44:47,921 [pool-209-thread-1] INFO  server.RaftServerConfigKeys (ConfUtils.java:logGet(46)) - raft.server.log.purge.gap = 1000000 (custom)
2022-12-06 15:44:47,921 [pool-209-thread-1] INFO  server.RaftServerConfigKeys (ConfUtils.java:logGet(46)) - raft.server.log.appender.buffer.byte-limit = 33554432 (custom)
2022-12-06 15:44:47,922 [pool-209-thread-1] INFO  server.RaftServerConfigKeys (ConfUtils.java:logGet(46)) - raft.server.log.statemachine.data.read.timeout = 1000ms (default)
2022-12-06 15:44:47,922 [pool-209-thread-1] INFO  server.RaftServerConfigKeys (ConfUtils.java:logGet(46)) - raft.server.log.purge.preservation.log.num = 0 (default)
2022-12-06 15:44:47,923 [EventQueue-CommandQueueReportForCommandQueueReportHandler] WARN  events.EventQueue (EventQueue.java:fireEvent(216)) - No event handler registered for event TypedEvent{payloadType=DatanodeDetails, name='Datanode_Command_Queue_Updated'}
2022-12-06 15:44:47,923 [EventQueue-OpenPipelineForHealthyPipelineSafeModeRule] INFO  safemode.SCMSafeModeManager (HealthyPipelineSafeModeRule.java:process(137)) - SCM in safe mode. Healthy pipelines reported count is 0, required healthy pipeline reported count is 1
2022-12-06 15:44:47,924 [pool-209-thread-1] INFO  server.RaftServerConfigKeys (ConfUtils.java:logGet(46)) - raft.server.log.segment.size.max = 1048576 (custom)
2022-12-06 15:44:47,925 [pool-209-thread-1] INFO  server.RaftServerConfigKeys (ConfUtils.java:logGet(46)) - raft.server.log.segment.cache.num.max = 2 (custom)
2022-12-06 15:44:47,927 [pool-209-thread-1] INFO  server.RaftServerConfigKeys (ConfUtils.java:logGet(46)) - raft.server.log.segment.cache.size.max = 200MB (=209715200) (default)
2022-12-06 15:44:47,927 [pool-209-thread-1] INFO  segmented.SegmentedRaftLogWorker (SegmentedRaftLogWorker.java:<init>(189)) - new 2497daeb-967d-49ad-8f28-1297e8c4c732@group-99BD4D3A3F73-SegmentedRaftLogWorker for RaftStorageImpl:Storage Directory /home/runner/work/ozone/ozone/hadoop-ozone/integration-test/target/test-dir/MiniOzoneClusterImpl-dce15e54-dc76-4f82-a75a-fd2a8a22e08e/datanode-6/data/ratis/6e89d128-5e8e-46de-ad0e-99bd4d3a3f73
2022-12-06 15:44:47,927 [pool-209-thread-1] INFO  server.RaftServerConfigKeys (ConfUtils.java:logGet(46)) - raft.server.log.queue.byte-limit = 4294967296 (custom)
2022-12-06 15:44:47,927 [pool-209-thread-1] INFO  server.RaftServerConfigKeys (ConfUtils.java:logGet(46)) - raft.server.log.queue.element-limit = 1024 (custom)
2022-12-06 15:44:47,927 [pool-209-thread-1] INFO  server.RaftServerConfigKeys (ConfUtils.java:logGet(46)) - raft.server.log.segment.size.max = 1048576 (custom)
2022-12-06 15:44:47,927 [pool-209-thread-1] INFO  server.RaftServerConfigKeys (ConfUtils.java:logGet(46)) - raft.server.log.preallocated.size = 16384 (custom)
2022-12-06 15:44:47,927 [pool-209-thread-1] INFO  server.RaftServerConfigKeys (ConfUtils.java:logGet(46)) - raft.server.log.force.sync.num = 128 (default)
2022-12-06 15:44:47,927 [pool-209-thread-1] INFO  server.RaftServerConfigKeys (ConfUtils.java:logGet(46)) - raft.server.log.statemachine.data.sync = true (default)
2022-12-06 15:44:47,927 [pool-209-thread-1] INFO  server.RaftServerConfigKeys (ConfUtils.java:logGet(46)) - raft.server.log.statemachine.data.sync.timeout = 10s (default)
2022-12-06 15:44:47,927 [pool-209-thread-1] INFO  server.RaftServerConfigKeys (ConfUtils.java:logGet(46)) - raft.server.log.statemachine.data.sync.timeout.retry = -1 (default)
2022-12-06 15:44:47,926 [pool-263-thread-1] INFO  server.RaftServerConfigKeys (ConfUtils.java:logGet(46)) - raft.server.log.appender.install.snapshot.enabled = false (custom)
2022-12-06 15:44:47,928 [pool-263-thread-1] INFO  server.RaftServerConfigKeys (ConfUtils.java:logGet(46)) - raft.server.threadpool.server.cached = true (default)
2022-12-06 15:44:47,928 [pool-263-thread-1] INFO  server.RaftServerConfigKeys (ConfUtils.java:logGet(46)) - raft.server.threadpool.server.size = 0 (default)
2022-12-06 15:44:47,928 [pool-263-thread-1] INFO  server.RaftServerConfigKeys (ConfUtils.java:logGet(46)) - raft.server.threadpool.client.cached = true (default)
2022-12-06 15:44:47,928 [pool-263-thread-1] INFO  server.RaftServerConfigKeys (ConfUtils.java:logGet(46)) - raft.server.threadpool.client.size = 0 (default)
2022-12-06 15:44:47,928 [pool-209-thread-1] INFO  server.RaftServerConfigKeys (ConfUtils.java:logGet(46)) - raft.server.log.write.buffer.size = 1048576 (custom)
2022-12-06 15:44:47,928 [pool-263-thread-1] INFO  storage.RaftStorageDirectory (RaftStorageDirectoryImpl.java:analyzeStorage(137)) - The storage directory /home/runner/work/ozone/ozone/hadoop-ozone/integration-test/target/test-dir/MiniOzoneClusterImpl-dce15e54-dc76-4f82-a75a-fd2a8a22e08e/datanode-8/data/ratis/f848047e-6893-4650-b542-e388fc27c872 does not exist. Creating ...
2022-12-06 15:44:47,928 [pool-209-thread-1] INFO  server.RaftServerConfigKeys (ConfUtils.java:logGet(46)) - raft.server.log.appender.buffer.byte-limit = 33554432 (custom)
2022-12-06 15:44:47,931 [pool-263-thread-1] INFO  storage.RaftStorageDirectory (RaftStorageDirectoryImpl.java:tryLock(231)) - Lock on /home/runner/work/ozone/ozone/hadoop-ozone/integration-test/target/test-dir/MiniOzoneClusterImpl-dce15e54-dc76-4f82-a75a-fd2a8a22e08e/datanode-8/data/ratis/f848047e-6893-4650-b542-e388fc27c872/in_use.lock acquired by nodename 46996@fv-az133-40
2022-12-06 15:44:47,932 [pool-263-thread-1] INFO  storage.RaftStorage (RaftStorageImpl.java:format(96)) - Storage directory /home/runner/work/ozone/ozone/hadoop-ozone/integration-test/target/test-dir/MiniOzoneClusterImpl-dce15e54-dc76-4f82-a75a-fd2a8a22e08e/datanode-8/data/ratis/f848047e-6893-4650-b542-e388fc27c872 has been successfully formatted.
2022-12-06 15:44:47,933 [pool-263-thread-1] INFO  ratis.ContainerStateMachine (ContainerStateMachine.java:loadSnapshot(236)) - group-E388FC27C872: The snapshot info is null. Setting the last applied indexto:(t:0, i:~)
2022-12-06 15:44:47,933 [pool-263-thread-1] INFO  server.RaftServerConfigKeys (ConfUtils.java:logGet(46)) - raft.server.log.use.memory = false (default)
2022-12-06 15:44:47,933 [pool-263-thread-1] INFO  server.RaftServerConfigKeys (ConfUtils.java:logGet(46)) - raft.server.log.purge.gap = 1000000 (custom)
2022-12-06 15:44:47,933 [pool-263-thread-1] INFO  server.RaftServerConfigKeys (ConfUtils.java:logGet(46)) - raft.server.log.appender.buffer.byte-limit = 33554432 (custom)
2022-12-06 15:44:47,933 [pool-263-thread-1] INFO  server.RaftServerConfigKeys (ConfUtils.java:logGet(46)) - raft.server.log.statemachine.data.read.timeout = 1000ms (default)
2022-12-06 15:44:47,933 [pool-263-thread-1] INFO  server.RaftServerConfigKeys (ConfUtils.java:logGet(46)) - raft.server.log.purge.preservation.log.num = 0 (default)
2022-12-06 15:44:47,934 [pool-263-thread-1] INFO  server.RaftServerConfigKeys (ConfUtils.java:logGet(46)) - raft.server.log.segment.size.max = 1048576 (custom)
2022-12-06 15:44:47,935 [EventQueue-CommandQueueReportForCommandQueueReportHandler] WARN  events.EventQueue (EventQueue.java:fireEvent(216)) - No event handler registered for event TypedEvent{payloadType=DatanodeDetails, name='Datanode_Command_Queue_Updated'}
2022-12-06 15:44:47,935 [pool-263-thread-1] INFO  server.RaftServerConfigKeys (ConfUtils.java:logGet(46)) - raft.server.log.segment.cache.num.max = 2 (custom)
2022-12-06 15:44:47,935 [pool-263-thread-1] INFO  server.RaftServerConfigKeys (ConfUtils.java:logGet(46)) - raft.server.log.segment.cache.size.max = 200MB (=209715200) (default)
2022-12-06 15:44:47,935 [pool-263-thread-1] INFO  segmented.SegmentedRaftLogWorker (SegmentedRaftLogWorker.java:<init>(189)) - new 3ddade9d-4289-4127-b7c4-830dd518ff0a@group-E388FC27C872-SegmentedRaftLogWorker for RaftStorageImpl:Storage Directory /home/runner/work/ozone/ozone/hadoop-ozone/integration-test/target/test-dir/MiniOzoneClusterImpl-dce15e54-dc76-4f82-a75a-fd2a8a22e08e/datanode-8/data/ratis/f848047e-6893-4650-b542-e388fc27c872
2022-12-06 15:44:47,935 [pool-263-thread-1] INFO  server.RaftServerConfigKeys (ConfUtils.java:logGet(46)) - raft.server.log.queue.byte-limit = 4294967296 (custom)
2022-12-06 15:44:47,935 [pool-263-thread-1] INFO  server.RaftServerConfigKeys (ConfUtils.java:logGet(46)) - raft.server.log.queue.element-limit = 1024 (custom)
2022-12-06 15:44:47,935 [pool-263-thread-1] INFO  server.RaftServerConfigKeys (ConfUtils.java:logGet(46)) - raft.server.log.segment.size.max = 1048576 (custom)
2022-12-06 15:44:47,935 [pool-263-thread-1] INFO  server.RaftServerConfigKeys (ConfUtils.java:logGet(46)) - raft.server.log.preallocated.size = 16384 (custom)
2022-12-06 15:44:47,935 [pool-263-thread-1] INFO  server.RaftServerConfigKeys (ConfUtils.java:logGet(46)) - raft.server.log.force.sync.num = 128 (default)
2022-12-06 15:44:47,935 [pool-263-thread-1] INFO  server.RaftServerConfigKeys (ConfUtils.java:logGet(46)) - raft.server.log.statemachine.data.sync = true (default)
2022-12-06 15:44:47,935 [pool-263-thread-1] INFO  server.RaftServerConfigKeys (ConfUtils.java:logGet(46)) - raft.server.log.statemachine.data.sync.timeout = 10s (default)
2022-12-06 15:44:47,936 [pool-263-thread-1] INFO  server.RaftServerConfigKeys (ConfUtils.java:logGet(46)) - raft.server.log.statemachine.data.sync.timeout.retry = -1 (default)
2022-12-06 15:44:47,936 [pool-263-thread-1] INFO  server.RaftServerConfigKeys (ConfUtils.java:logGet(46)) - raft.server.log.write.buffer.size = 1048576 (custom)
2022-12-06 15:44:47,937 [pool-209-thread-1] INFO  server.RaftServerConfigKeys (ConfUtils.java:logGet(46)) - raft.server.log.unsafe-flush.enabled = false (default)
2022-12-06 15:44:47,937 [pool-209-thread-1] INFO  server.RaftServerConfigKeys (ConfUtils.java:logGet(46)) - raft.server.log.async-flush.enabled = false (default)
2022-12-06 15:44:47,937 [pool-209-thread-1] INFO  server.RaftServerConfigKeys (ConfUtils.java:logGet(46)) - raft.server.log.statemachine.data.caching.enabled = true (custom)
2022-12-06 15:44:47,937 [pool-209-thread-1] INFO  segmented.SegmentedRaftLogWorker (SegmentedRaftLogWorker.java:lambda$new$0(135)) - 2497daeb-967d-49ad-8f28-1297e8c4c732@group-99BD4D3A3F73-SegmentedRaftLogWorker: flushIndex: setUnconditionally 0 -> -1
2022-12-06 15:44:47,937 [pool-209-thread-1] INFO  segmented.SegmentedRaftLogWorker (SegmentedRaftLogWorker.java:lambda$new$0(135)) - 2497daeb-967d-49ad-8f28-1297e8c4c732@group-99BD4D3A3F73-SegmentedRaftLogWorker: safeCacheEvictIndex: setUnconditionally 0 -> -1
2022-12-06 15:44:47,937 [pool-209-thread-1] INFO  server.RaftServer$Division (RaftServerImpl.java:start(334)) - 2497daeb-967d-49ad-8f28-1297e8c4c732@group-99BD4D3A3F73: start as a follower, conf=-1: peers:[2497daeb-967d-49ad-8f28-1297e8c4c732|rpc:10.1.0.110:46387|dataStream:|priority:0|startupRole:FOLLOWER, 7726e7f5-b74c-4e4a-9680-a65a67c105af|rpc:10.1.0.110:44993|dataStream:|priority:0|startupRole:FOLLOWER, 3ddade9d-4289-4127-b7c4-830dd518ff0a|rpc:10.1.0.110:43967|dataStream:|priority:1|startupRole:FOLLOWER]|listeners:[], old=null
2022-12-06 15:44:47,937 [pool-209-thread-1] INFO  server.RaftServer$Division (RaftServerImpl.java:setRole(321)) - 2497daeb-967d-49ad-8f28-1297e8c4c732@group-99BD4D3A3F73: changes role from      null to FOLLOWER at term 0 for startAsFollower
2022-12-06 15:44:47,937 [pool-209-thread-1] INFO  impl.RoleInfo (RoleInfo.java:updateAndGet(139)) - 2497daeb-967d-49ad-8f28-1297e8c4c732: start 2497daeb-967d-49ad-8f28-1297e8c4c732@group-99BD4D3A3F73-FollowerState
2022-12-06 15:44:47,938 [pool-263-thread-1] INFO  server.RaftServerConfigKeys (ConfUtils.java:logGet(46)) - raft.server.log.appender.buffer.byte-limit = 33554432 (custom)
2022-12-06 15:44:47,943 [pool-209-thread-1] INFO  util.JmxRegister (JmxRegister.java:tryRegister(44)) - Successfully registered JMX Bean with object name Ratis:service=RaftServer,group=group-99BD4D3A3F73,id=2497daeb-967d-49ad-8f28-1297e8c4c732
2022-12-06 15:44:47,943 [pool-209-thread-1] INFO  server.RaftServerConfigKeys (ConfUtils.java:logGet(46)) - raft.server.snapshot.auto.trigger.enabled = true (custom)
2022-12-06 15:44:47,943 [pool-209-thread-1] INFO  server.RaftServerConfigKeys (ConfUtils.java:logGet(46)) - raft.server.snapshot.auto.trigger.threshold = 10000 (custom)
2022-12-06 15:44:47,943 [pool-209-thread-1] INFO  server.RaftServerConfigKeys (ConfUtils.java:logGet(46)) - raft.server.snapshot.retention.file.num = 5 (custom)
2022-12-06 15:44:47,943 [pool-209-thread-1] INFO  server.RaftServerConfigKeys (ConfUtils.java:logGet(46)) - raft.server.log.purge.upto.snapshot.index = false (default)
2022-12-06 15:44:47,943 [pool-263-thread-1] INFO  server.RaftServerConfigKeys (ConfUtils.java:logGet(46)) - raft.server.log.unsafe-flush.enabled = false (default)
2022-12-06 15:44:47,943 [pool-263-thread-1] INFO  server.RaftServerConfigKeys (ConfUtils.java:logGet(46)) - raft.server.log.async-flush.enabled = false (default)
2022-12-06 15:44:47,943 [pool-263-thread-1] INFO  server.RaftServerConfigKeys (ConfUtils.java:logGet(46)) - raft.server.log.statemachine.data.caching.enabled = true (custom)
2022-12-06 15:44:47,943 [pool-263-thread-1] INFO  segmented.SegmentedRaftLogWorker (SegmentedRaftLogWorker.java:lambda$new$0(135)) - 3ddade9d-4289-4127-b7c4-830dd518ff0a@group-E388FC27C872-SegmentedRaftLogWorker: flushIndex: setUnconditionally 0 -> -1
2022-12-06 15:44:47,944 [pool-263-thread-1] INFO  segmented.SegmentedRaftLogWorker (SegmentedRaftLogWorker.java:lambda$new$0(135)) - 3ddade9d-4289-4127-b7c4-830dd518ff0a@group-E388FC27C872-SegmentedRaftLogWorker: safeCacheEvictIndex: setUnconditionally 0 -> -1
2022-12-06 15:44:47,945 [pool-263-thread-1] INFO  server.RaftServer$Division (RaftServerImpl.java:start(334)) - 3ddade9d-4289-4127-b7c4-830dd518ff0a@group-E388FC27C872: start as a follower, conf=-1: peers:[2497daeb-967d-49ad-8f28-1297e8c4c732|rpc:10.1.0.110:46387|dataStream:|priority:0|startupRole:FOLLOWER, 7726e7f5-b74c-4e4a-9680-a65a67c105af|rpc:10.1.0.110:44993|dataStream:|priority:1|startupRole:FOLLOWER, 3ddade9d-4289-4127-b7c4-830dd518ff0a|rpc:10.1.0.110:43967|dataStream:|priority:0|startupRole:FOLLOWER]|listeners:[], old=null
2022-12-06 15:44:47,945 [pool-263-thread-1] INFO  server.RaftServer$Division (RaftServerImpl.java:setRole(321)) - 3ddade9d-4289-4127-b7c4-830dd518ff0a@group-E388FC27C872: changes role from      null to FOLLOWER at term 0 for startAsFollower
2022-12-06 15:44:47,945 [pool-263-thread-1] INFO  impl.RoleInfo (RoleInfo.java:updateAndGet(139)) - 3ddade9d-4289-4127-b7c4-830dd518ff0a: start 3ddade9d-4289-4127-b7c4-830dd518ff0a@group-E388FC27C872-FollowerState
2022-12-06 15:44:47,945 [pool-263-thread-1] INFO  util.JmxRegister (JmxRegister.java:tryRegister(44)) - Successfully registered JMX Bean with object name Ratis:service=RaftServer,group=group-E388FC27C872,id=3ddade9d-4289-4127-b7c4-830dd518ff0a
2022-12-06 15:44:47,945 [pool-263-thread-1] INFO  server.RaftServerConfigKeys (ConfUtils.java:logGet(46)) - raft.server.snapshot.auto.trigger.enabled = true (custom)
2022-12-06 15:44:47,945 [pool-263-thread-1] INFO  server.RaftServerConfigKeys (ConfUtils.java:logGet(46)) - raft.server.snapshot.auto.trigger.threshold = 10000 (custom)
2022-12-06 15:44:47,945 [pool-263-thread-1] INFO  server.RaftServerConfigKeys (ConfUtils.java:logGet(46)) - raft.server.snapshot.retention.file.num = 5 (custom)
2022-12-06 15:44:47,945 [pool-263-thread-1] INFO  server.RaftServerConfigKeys (ConfUtils.java:logGet(46)) - raft.server.log.purge.upto.snapshot.index = false (default)
2022-12-06 15:44:47,944 [2497daeb-967d-49ad-8f28-1297e8c4c732@group-99BD4D3A3F73-FollowerState] INFO  server.RaftServerConfigKeys (ConfUtils.java:logFallback(53)) - raft.server.rpc.first-election.timeout.min = 5s (fallback to raft.server.rpc.timeout.min)
2022-12-06 15:44:47,946 [2497daeb-967d-49ad-8f28-1297e8c4c732@group-99BD4D3A3F73-FollowerState] INFO  server.RaftServerConfigKeys (ConfUtils.java:logFallback(53)) - raft.server.rpc.first-election.timeout.max = 5200ms (fallback to raft.server.rpc.timeout.max)
2022-12-06 15:44:47,947 [3ddade9d-4289-4127-b7c4-830dd518ff0a@group-E388FC27C872-FollowerState] INFO  server.RaftServerConfigKeys (ConfUtils.java:logFallback(53)) - raft.server.rpc.first-election.timeout.min = 5s (fallback to raft.server.rpc.timeout.min)
2022-12-06 15:44:47,947 [3ddade9d-4289-4127-b7c4-830dd518ff0a@group-E388FC27C872-FollowerState] INFO  server.RaftServerConfigKeys (ConfUtils.java:logFallback(53)) - raft.server.rpc.first-election.timeout.max = 5200ms (fallback to raft.server.rpc.timeout.max)
2022-12-06 15:44:47,959 [EventQueue-CommandQueueReportForCommandQueueReportHandler] WARN  events.EventQueue (EventQueue.java:fireEvent(216)) - No event handler registered for event TypedEvent{payloadType=DatanodeDetails, name='Datanode_Command_Queue_Updated'}
2022-12-06 15:44:47,975 [Command processor thread] INFO  commandhandler.CreatePipelineCommandHandler (CreatePipelineCommandHandler.java:handle(113)) - Created Pipeline RATIS THREE PipelineID=f848047e-6893-4650-b542-e388fc27c872.
2022-12-06 15:44:47,983 [grpc-default-executor-0] INFO  server.RaftServer (RaftServerProxy.java:addNew(96)) - 3ddade9d-4289-4127-b7c4-830dd518ff0a: addNew group-99BD4D3A3F73:[2497daeb-967d-49ad-8f28-1297e8c4c732|rpc:10.1.0.110:46387|dataStream:|priority:0|startupRole:FOLLOWER, 7726e7f5-b74c-4e4a-9680-a65a67c105af|rpc:10.1.0.110:44993|dataStream:|priority:0|startupRole:FOLLOWER, 3ddade9d-4289-4127-b7c4-830dd518ff0a|rpc:10.1.0.110:43967|dataStream:|priority:1|startupRole:FOLLOWER] returns group-99BD4D3A3F73:java.util.concurrent.CompletableFuture@4a90e1a9[Not completed]
2022-12-06 15:44:47,984 [pool-263-thread-1] INFO  server.RaftServer$Division (RaftServerImpl.java:<init>(195)) - 3ddade9d-4289-4127-b7c4-830dd518ff0a: new RaftServerImpl for group-99BD4D3A3F73:[2497daeb-967d-49ad-8f28-1297e8c4c732|rpc:10.1.0.110:46387|dataStream:|priority:0|startupRole:FOLLOWER, 7726e7f5-b74c-4e4a-9680-a65a67c105af|rpc:10.1.0.110:44993|dataStream:|priority:0|startupRole:FOLLOWER, 3ddade9d-4289-4127-b7c4-830dd518ff0a|rpc:10.1.0.110:43967|dataStream:|priority:1|startupRole:FOLLOWER] with ContainerStateMachine:uninitialized
2022-12-06 15:44:47,984 [pool-263-thread-1] INFO  server.RaftServerConfigKeys (ConfUtils.java:logGet(46)) - raft.server.rpc.timeout.min = 5s (custom)
2022-12-06 15:44:47,984 [pool-263-thread-1] INFO  server.RaftServerConfigKeys (ConfUtils.java:logGet(46)) - raft.server.rpc.timeout.max = 5200ms (custom)
2022-12-06 15:44:47,984 [pool-263-thread-1] INFO  server.RaftServerConfigKeys (ConfUtils.java:logGet(46)) - raft.server.rpc.sleep.time = 25ms (default)
2022-12-06 15:44:47,984 [pool-263-thread-1] INFO  server.RaftServerConfigKeys (ConfUtils.java:logGet(46)) - raft.server.rpc.slowness.timeout = 300s (custom)
2022-12-06 15:44:47,984 [pool-263-thread-1] INFO  server.RaftServerConfigKeys (ConfUtils.java:logGet(46)) - raft.server.leaderelection.leader.step-down.wait-time = 10s (default)
2022-12-06 15:44:47,984 [pool-263-thread-1] INFO  server.RaftServerConfigKeys (ConfUtils.java:logGet(46)) - raft.server.sleep.deviation.threshold = 300ms (default)
2022-12-06 15:44:47,985 [pool-263-thread-1] INFO  server.RaftServer$Division (ServerState.java:<init>(118)) - 3ddade9d-4289-4127-b7c4-830dd518ff0a@group-99BD4D3A3F73: ConfigurationManager, init=-1: peers:[2497daeb-967d-49ad-8f28-1297e8c4c732|rpc:10.1.0.110:46387|dataStream:|priority:0|startupRole:FOLLOWER, 7726e7f5-b74c-4e4a-9680-a65a67c105af|rpc:10.1.0.110:44993|dataStream:|priority:0|startupRole:FOLLOWER, 3ddade9d-4289-4127-b7c4-830dd518ff0a|rpc:10.1.0.110:43967|dataStream:|priority:1|startupRole:FOLLOWER]|listeners:[], old=null, confs=<EMPTY_MAP>
2022-12-06 15:44:47,985 [pool-263-thread-1] INFO  server.RaftServerConfigKeys (ConfUtils.java:logGet(46)) - raft.server.storage.dir = [/home/runner/work/ozone/ozone/hadoop-ozone/integration-test/target/test-dir/MiniOzoneClusterImpl-dce15e54-dc76-4f82-a75a-fd2a8a22e08e/datanode-8/data/ratis] (custom)
2022-12-06 15:44:47,985 [pool-263-thread-1] INFO  server.RaftServerConfigKeys (ConfUtils.java:logGet(46)) - raft.server.log.corruption.policy = EXCEPTION (default)
2022-12-06 15:44:47,985 [pool-263-thread-1] INFO  server.RaftServerConfigKeys (ConfUtils.java:logGet(46)) - raft.server.storage.free-space.min = 0MB (=0) (default)
2022-12-06 15:44:47,985 [pool-263-thread-1] INFO  server.RaftServerConfigKeys (ConfUtils.java:logGet(46)) - raft.server.notification.no-leader.timeout = 300s (custom)
2022-12-06 15:44:47,985 [pool-263-thread-1] INFO  server.RaftServerConfigKeys (ConfUtils.java:logGet(46)) - raft.server.retrycache.expirytime = 600000ms (custom)
2022-12-06 15:44:47,985 [pool-263-thread-1] INFO  server.RaftServerConfigKeys (ConfUtils.java:logGet(46)) - raft.server.retrycache.statistics.expirytime = 100μs (default)
2022-12-06 15:44:47,986 [pool-263-thread-1] INFO  server.RaftServerConfigKeys (ConfUtils.java:logGet(46)) - raft.server.log.appender.install.snapshot.enabled = false (custom)
2022-12-06 15:44:47,986 [pool-263-thread-1] INFO  server.RaftServerConfigKeys (ConfUtils.java:logGet(46)) - raft.server.threadpool.server.cached = true (default)
2022-12-06 15:44:47,986 [pool-263-thread-1] INFO  server.RaftServerConfigKeys (ConfUtils.java:logGet(46)) - raft.server.threadpool.server.size = 0 (default)
2022-12-06 15:44:47,986 [pool-263-thread-1] INFO  server.RaftServerConfigKeys (ConfUtils.java:logGet(46)) - raft.server.threadpool.client.cached = true (default)
2022-12-06 15:44:47,986 [pool-263-thread-1] INFO  server.RaftServerConfigKeys (ConfUtils.java:logGet(46)) - raft.server.threadpool.client.size = 0 (default)
2022-12-06 15:44:47,987 [pool-263-thread-1] INFO  storage.RaftStorageDirectory (RaftStorageDirectoryImpl.java:analyzeStorage(137)) - The storage directory /home/runner/work/ozone/ozone/hadoop-ozone/integration-test/target/test-dir/MiniOzoneClusterImpl-dce15e54-dc76-4f82-a75a-fd2a8a22e08e/datanode-8/data/ratis/6e89d128-5e8e-46de-ad0e-99bd4d3a3f73 does not exist. Creating ...
2022-12-06 15:44:47,988 [pool-263-thread-1] INFO  storage.RaftStorageDirectory (RaftStorageDirectoryImpl.java:tryLock(231)) - Lock on /home/runner/work/ozone/ozone/hadoop-ozone/integration-test/target/test-dir/MiniOzoneClusterImpl-dce15e54-dc76-4f82-a75a-fd2a8a22e08e/datanode-8/data/ratis/6e89d128-5e8e-46de-ad0e-99bd4d3a3f73/in_use.lock acquired by nodename 46996@fv-az133-40
2022-12-06 15:44:47,989 [pool-263-thread-1] INFO  storage.RaftStorage (RaftStorageImpl.java:format(96)) - Storage directory /home/runner/work/ozone/ozone/hadoop-ozone/integration-test/target/test-dir/MiniOzoneClusterImpl-dce15e54-dc76-4f82-a75a-fd2a8a22e08e/datanode-8/data/ratis/6e89d128-5e8e-46de-ad0e-99bd4d3a3f73 has been successfully formatted.
2022-12-06 15:44:47,991 [pool-263-thread-1] INFO  ratis.ContainerStateMachine (ContainerStateMachine.java:loadSnapshot(236)) - group-99BD4D3A3F73: The snapshot info is null. Setting the last applied indexto:(t:0, i:~)
2022-12-06 15:44:47,991 [pool-263-thread-1] INFO  server.RaftServerConfigKeys (ConfUtils.java:logGet(46)) - raft.server.log.use.memory = false (default)
2022-12-06 15:44:47,991 [pool-263-thread-1] INFO  server.RaftServerConfigKeys (ConfUtils.java:logGet(46)) - raft.server.log.purge.gap = 1000000 (custom)
2022-12-06 15:44:47,991 [pool-263-thread-1] INFO  server.RaftServerConfigKeys (ConfUtils.java:logGet(46)) - raft.server.log.appender.buffer.byte-limit = 33554432 (custom)
2022-12-06 15:44:47,991 [pool-263-thread-1] INFO  server.RaftServerConfigKeys (ConfUtils.java:logGet(46)) - raft.server.log.statemachine.data.read.timeout = 1000ms (default)
2022-12-06 15:44:47,991 [pool-263-thread-1] INFO  server.RaftServerConfigKeys (ConfUtils.java:logGet(46)) - raft.server.log.purge.preservation.log.num = 0 (default)
2022-12-06 15:44:47,991 [pool-263-thread-1] INFO  server.RaftServerConfigKeys (ConfUtils.java:logGet(46)) - raft.server.log.segment.size.max = 1048576 (custom)
2022-12-06 15:44:47,992 [pool-263-thread-1] INFO  server.RaftServerConfigKeys (ConfUtils.java:logGet(46)) - raft.server.log.segment.cache.num.max = 2 (custom)
2022-12-06 15:44:47,992 [pool-263-thread-1] INFO  server.RaftServerConfigKeys (ConfUtils.java:logGet(46)) - raft.server.log.segment.cache.size.max = 200MB (=209715200) (default)
2022-12-06 15:44:47,992 [pool-263-thread-1] INFO  segmented.SegmentedRaftLogWorker (SegmentedRaftLogWorker.java:<init>(189)) - new 3ddade9d-4289-4127-b7c4-830dd518ff0a@group-99BD4D3A3F73-SegmentedRaftLogWorker for RaftStorageImpl:Storage Directory /home/runner/work/ozone/ozone/hadoop-ozone/integration-test/target/test-dir/MiniOzoneClusterImpl-dce15e54-dc76-4f82-a75a-fd2a8a22e08e/datanode-8/data/ratis/6e89d128-5e8e-46de-ad0e-99bd4d3a3f73
2022-12-06 15:44:47,992 [pool-263-thread-1] INFO  server.RaftServerConfigKeys (ConfUtils.java:logGet(46)) - raft.server.log.queue.byte-limit = 4294967296 (custom)
2022-12-06 15:44:47,992 [pool-263-thread-1] INFO  server.RaftServerConfigKeys (ConfUtils.java:logGet(46)) - raft.server.log.queue.element-limit = 1024 (custom)
2022-12-06 15:44:47,992 [pool-263-thread-1] INFO  server.RaftServerConfigKeys (ConfUtils.java:logGet(46)) - raft.server.log.segment.size.max = 1048576 (custom)
2022-12-06 15:44:47,992 [pool-263-thread-1] INFO  server.RaftServerConfigKeys (ConfUtils.java:logGet(46)) - raft.server.log.preallocated.size = 16384 (custom)
2022-12-06 15:44:47,992 [pool-263-thread-1] INFO  server.RaftServerConfigKeys (ConfUtils.java:logGet(46)) - raft.server.log.force.sync.num = 128 (default)
2022-12-06 15:44:47,992 [pool-263-thread-1] INFO  server.RaftServerConfigKeys (ConfUtils.java:logGet(46)) - raft.server.log.statemachine.data.sync = true (default)
2022-12-06 15:44:47,992 [pool-263-thread-1] INFO  server.RaftServerConfigKeys (ConfUtils.java:logGet(46)) - raft.server.log.statemachine.data.sync.timeout = 10s (default)
2022-12-06 15:44:47,992 [pool-263-thread-1] INFO  server.RaftServerConfigKeys (ConfUtils.java:logGet(46)) - raft.server.log.statemachine.data.sync.timeout.retry = -1 (default)
2022-12-06 15:44:47,993 [EventQueue-CommandQueueReportForCommandQueueReportHandler] WARN  events.EventQueue (EventQueue.java:fireEvent(216)) - No event handler registered for event TypedEvent{payloadType=DatanodeDetails, name='Datanode_Command_Queue_Updated'}
2022-12-06 15:44:47,994 [pool-263-thread-1] INFO  server.RaftServerConfigKeys (ConfUtils.java:logGet(46)) - raft.server.log.write.buffer.size = 1048576 (custom)
2022-12-06 15:44:47,996 [pool-263-thread-1] INFO  server.RaftServerConfigKeys (ConfUtils.java:logGet(46)) - raft.server.log.appender.buffer.byte-limit = 33554432 (custom)
2022-12-06 15:44:48,001 [pool-263-thread-1] INFO  server.RaftServerConfigKeys (ConfUtils.java:logGet(46)) - raft.server.log.unsafe-flush.enabled = false (default)
2022-12-06 15:44:48,001 [pool-263-thread-1] INFO  server.RaftServerConfigKeys (ConfUtils.java:logGet(46)) - raft.server.log.async-flush.enabled = false (default)
2022-12-06 15:44:48,001 [pool-263-thread-1] INFO  server.RaftServerConfigKeys (ConfUtils.java:logGet(46)) - raft.server.log.statemachine.data.caching.enabled = true (custom)
2022-12-06 15:44:48,001 [pool-263-thread-1] INFO  segmented.SegmentedRaftLogWorker (SegmentedRaftLogWorker.java:lambda$new$0(135)) - 3ddade9d-4289-4127-b7c4-830dd518ff0a@group-99BD4D3A3F73-SegmentedRaftLogWorker: flushIndex: setUnconditionally 0 -> -1
2022-12-06 15:44:48,001 [pool-263-thread-1] INFO  segmented.SegmentedRaftLogWorker (SegmentedRaftLogWorker.java:lambda$new$0(135)) - 3ddade9d-4289-4127-b7c4-830dd518ff0a@group-99BD4D3A3F73-SegmentedRaftLogWorker: safeCacheEvictIndex: setUnconditionally 0 -> -1
2022-12-06 15:44:48,002 [pool-263-thread-1] INFO  server.RaftServer$Division (RaftServerImpl.java:start(334)) - 3ddade9d-4289-4127-b7c4-830dd518ff0a@group-99BD4D3A3F73: start as a follower, conf=-1: peers:[2497daeb-967d-49ad-8f28-1297e8c4c732|rpc:10.1.0.110:46387|dataStream:|priority:0|startupRole:FOLLOWER, 7726e7f5-b74c-4e4a-9680-a65a67c105af|rpc:10.1.0.110:44993|dataStream:|priority:0|startupRole:FOLLOWER, 3ddade9d-4289-4127-b7c4-830dd518ff0a|rpc:10.1.0.110:43967|dataStream:|priority:1|startupRole:FOLLOWER]|listeners:[], old=null
2022-12-06 15:44:48,002 [pool-263-thread-1] INFO  server.RaftServer$Division (RaftServerImpl.java:setRole(321)) - 3ddade9d-4289-4127-b7c4-830dd518ff0a@group-99BD4D3A3F73: changes role from      null to FOLLOWER at term 0 for startAsFollower
2022-12-06 15:44:48,002 [pool-263-thread-1] INFO  impl.RoleInfo (RoleInfo.java:updateAndGet(139)) - 3ddade9d-4289-4127-b7c4-830dd518ff0a: start 3ddade9d-4289-4127-b7c4-830dd518ff0a@group-99BD4D3A3F73-FollowerState
2022-12-06 15:44:48,002 [3ddade9d-4289-4127-b7c4-830dd518ff0a@group-99BD4D3A3F73-FollowerState] INFO  server.RaftServerConfigKeys (ConfUtils.java:logFallback(53)) - raft.server.rpc.first-election.timeout.min = 5s (fallback to raft.server.rpc.timeout.min)
2022-12-06 15:44:48,002 [pool-263-thread-1] INFO  util.JmxRegister (JmxRegister.java:tryRegister(44)) - Successfully registered JMX Bean with object name Ratis:service=RaftServer,group=group-99BD4D3A3F73,id=3ddade9d-4289-4127-b7c4-830dd518ff0a
2022-12-06 15:44:48,002 [3ddade9d-4289-4127-b7c4-830dd518ff0a@group-99BD4D3A3F73-FollowerState] INFO  server.RaftServerConfigKeys (ConfUtils.java:logFallback(53)) - raft.server.rpc.first-election.timeout.max = 5200ms (fallback to raft.server.rpc.timeout.max)
2022-12-06 15:44:48,002 [pool-263-thread-1] INFO  server.RaftServerConfigKeys (ConfUtils.java:logGet(46)) - raft.server.snapshot.auto.trigger.enabled = true (custom)
2022-12-06 15:44:48,002 [pool-263-thread-1] INFO  server.RaftServerConfigKeys (ConfUtils.java:logGet(46)) - raft.server.snapshot.auto.trigger.threshold = 10000 (custom)
2022-12-06 15:44:48,002 [pool-263-thread-1] INFO  server.RaftServerConfigKeys (ConfUtils.java:logGet(46)) - raft.server.snapshot.retention.file.num = 5 (custom)
2022-12-06 15:44:48,002 [pool-263-thread-1] INFO  server.RaftServerConfigKeys (ConfUtils.java:logGet(46)) - raft.server.log.purge.upto.snapshot.index = false (default)
2022-12-06 15:44:48,011 [Command processor thread] INFO  commandhandler.CreatePipelineCommandHandler (CreatePipelineCommandHandler.java:handle(113)) - Created Pipeline RATIS THREE PipelineID=6e89d128-5e8e-46de-ad0e-99bd4d3a3f73.
2022-12-06 15:44:48,083 [Command processor thread] INFO  server.RaftServer (RaftServerProxy.java:addNew(96)) - 3ddade9d-4289-4127-b7c4-830dd518ff0a: addNew group-588BCD57A16A:[3ddade9d-4289-4127-b7c4-830dd518ff0a|rpc:10.1.0.110:43967|priority:1|startupRole:FOLLOWER] returns group-588BCD57A16A:java.util.concurrent.CompletableFuture@173627ba[Not completed]
2022-12-06 15:44:48,085 [pool-263-thread-1] INFO  server.RaftServer$Division (RaftServerImpl.java:<init>(195)) - 3ddade9d-4289-4127-b7c4-830dd518ff0a: new RaftServerImpl for group-588BCD57A16A:[3ddade9d-4289-4127-b7c4-830dd518ff0a|rpc:10.1.0.110:43967|priority:1|startupRole:FOLLOWER] with ContainerStateMachine:uninitialized
2022-12-06 15:44:48,085 [pool-263-thread-1] INFO  server.RaftServerConfigKeys (ConfUtils.java:logGet(46)) - raft.server.rpc.timeout.min = 5s (custom)
2022-12-06 15:44:48,085 [pool-263-thread-1] INFO  server.RaftServerConfigKeys (ConfUtils.java:logGet(46)) - raft.server.rpc.timeout.max = 5200ms (custom)
2022-12-06 15:44:48,085 [pool-263-thread-1] INFO  server.RaftServerConfigKeys (ConfUtils.java:logGet(46)) - raft.server.rpc.sleep.time = 25ms (default)
2022-12-06 15:44:48,085 [pool-263-thread-1] INFO  server.RaftServerConfigKeys (ConfUtils.java:logGet(46)) - raft.server.rpc.slowness.timeout = 300s (custom)
2022-12-06 15:44:48,085 [pool-263-thread-1] INFO  server.RaftServerConfigKeys (ConfUtils.java:logGet(46)) - raft.server.leaderelection.leader.step-down.wait-time = 10s (default)
2022-12-06 15:44:48,085 [pool-263-thread-1] INFO  server.RaftServerConfigKeys (ConfUtils.java:logGet(46)) - raft.server.sleep.deviation.threshold = 300ms (default)
2022-12-06 15:44:48,085 [pool-263-thread-1] INFO  server.RaftServer$Division (ServerState.java:<init>(118)) - 3ddade9d-4289-4127-b7c4-830dd518ff0a@group-588BCD57A16A: ConfigurationManager, init=-1: peers:[3ddade9d-4289-4127-b7c4-830dd518ff0a|rpc:10.1.0.110:43967|priority:1|startupRole:FOLLOWER]|listeners:[], old=null, confs=<EMPTY_MAP>
2022-12-06 15:44:48,085 [pool-263-thread-1] INFO  server.RaftServerConfigKeys (ConfUtils.java:logGet(46)) - raft.server.storage.dir = [/home/runner/work/ozone/ozone/hadoop-ozone/integration-test/target/test-dir/MiniOzoneClusterImpl-dce15e54-dc76-4f82-a75a-fd2a8a22e08e/datanode-8/data/ratis] (custom)
2022-12-06 15:44:48,085 [pool-263-thread-1] INFO  server.RaftServerConfigKeys (ConfUtils.java:logGet(46)) - raft.server.log.corruption.policy = EXCEPTION (default)
2022-12-06 15:44:48,085 [pool-263-thread-1] INFO  server.RaftServerConfigKeys (ConfUtils.java:logGet(46)) - raft.server.storage.free-space.min = 0MB (=0) (default)
2022-12-06 15:44:48,086 [pool-263-thread-1] INFO  server.RaftServerConfigKeys (ConfUtils.java:logGet(46)) - raft.server.notification.no-leader.timeout = 300s (custom)
2022-12-06 15:44:48,086 [pool-263-thread-1] INFO  server.RaftServerConfigKeys (ConfUtils.java:logGet(46)) - raft.server.retrycache.expirytime = 600000ms (custom)
2022-12-06 15:44:48,086 [pool-263-thread-1] INFO  server.RaftServerConfigKeys (ConfUtils.java:logGet(46)) - raft.server.retrycache.statistics.expirytime = 100μs (default)
2022-12-06 15:44:48,087 [pool-263-thread-1] INFO  server.RaftServerConfigKeys (ConfUtils.java:logGet(46)) - raft.server.log.appender.install.snapshot.enabled = false (custom)
2022-12-06 15:44:48,087 [pool-263-thread-1] INFO  server.RaftServerConfigKeys (ConfUtils.java:logGet(46)) - raft.server.threadpool.server.cached = true (default)
2022-12-06 15:44:48,087 [pool-263-thread-1] INFO  server.RaftServerConfigKeys (ConfUtils.java:logGet(46)) - raft.server.threadpool.server.size = 0 (default)
2022-12-06 15:44:48,087 [pool-263-thread-1] INFO  server.RaftServerConfigKeys (ConfUtils.java:logGet(46)) - raft.server.threadpool.client.cached = true (default)
2022-12-06 15:44:48,087 [pool-263-thread-1] INFO  server.RaftServerConfigKeys (ConfUtils.java:logGet(46)) - raft.server.threadpool.client.size = 0 (default)
2022-12-06 15:44:48,087 [pool-263-thread-1] INFO  storage.RaftStorageDirectory (RaftStorageDirectoryImpl.java:analyzeStorage(137)) - The storage directory /home/runner/work/ozone/ozone/hadoop-ozone/integration-test/target/test-dir/MiniOzoneClusterImpl-dce15e54-dc76-4f82-a75a-fd2a8a22e08e/datanode-8/data/ratis/1dea1c18-8046-44d7-ac55-588bcd57a16a does not exist. Creating ...
2022-12-06 15:44:48,088 [pool-263-thread-1] INFO  storage.RaftStorageDirectory (RaftStorageDirectoryImpl.java:tryLock(231)) - Lock on /home/runner/work/ozone/ozone/hadoop-ozone/integration-test/target/test-dir/MiniOzoneClusterImpl-dce15e54-dc76-4f82-a75a-fd2a8a22e08e/datanode-8/data/ratis/1dea1c18-8046-44d7-ac55-588bcd57a16a/in_use.lock acquired by nodename 46996@fv-az133-40
2022-12-06 15:44:48,090 [pool-263-thread-1] INFO  storage.RaftStorage (RaftStorageImpl.java:format(96)) - Storage directory /home/runner/work/ozone/ozone/hadoop-ozone/integration-test/target/test-dir/MiniOzoneClusterImpl-dce15e54-dc76-4f82-a75a-fd2a8a22e08e/datanode-8/data/ratis/1dea1c18-8046-44d7-ac55-588bcd57a16a has been successfully formatted.
2022-12-06 15:44:48,090 [pool-263-thread-1] INFO  ratis.ContainerStateMachine (ContainerStateMachine.java:loadSnapshot(236)) - group-588BCD57A16A: The snapshot info is null. Setting the last applied indexto:(t:0, i:~)
2022-12-06 15:44:48,090 [pool-263-thread-1] INFO  server.RaftServerConfigKeys (ConfUtils.java:logGet(46)) - raft.server.log.use.memory = false (default)
2022-12-06 15:44:48,090 [pool-263-thread-1] INFO  server.RaftServerConfigKeys (ConfUtils.java:logGet(46)) - raft.server.log.purge.gap = 1000000 (custom)
2022-12-06 15:44:48,090 [pool-263-thread-1] INFO  server.RaftServerConfigKeys (ConfUtils.java:logGet(46)) - raft.server.log.appender.buffer.byte-limit = 33554432 (custom)
2022-12-06 15:44:48,091 [pool-263-thread-1] INFO  server.RaftServerConfigKeys (ConfUtils.java:logGet(46)) - raft.server.log.statemachine.data.read.timeout = 1000ms (default)
2022-12-06 15:44:48,091 [pool-263-thread-1] INFO  server.RaftServerConfigKeys (ConfUtils.java:logGet(46)) - raft.server.log.purge.preservation.log.num = 0 (default)
2022-12-06 15:44:48,091 [pool-263-thread-1] INFO  server.RaftServerConfigKeys (ConfUtils.java:logGet(46)) - raft.server.log.segment.size.max = 1048576 (custom)
2022-12-06 15:44:48,091 [pool-263-thread-1] INFO  server.RaftServerConfigKeys (ConfUtils.java:logGet(46)) - raft.server.log.segment.cache.num.max = 2 (custom)
2022-12-06 15:44:48,091 [pool-263-thread-1] INFO  server.RaftServerConfigKeys (ConfUtils.java:logGet(46)) - raft.server.log.segment.cache.size.max = 200MB (=209715200) (default)
2022-12-06 15:44:48,091 [pool-263-thread-1] INFO  segmented.SegmentedRaftLogWorker (SegmentedRaftLogWorker.java:<init>(189)) - new 3ddade9d-4289-4127-b7c4-830dd518ff0a@group-588BCD57A16A-SegmentedRaftLogWorker for RaftStorageImpl:Storage Directory /home/runner/work/ozone/ozone/hadoop-ozone/integration-test/target/test-dir/MiniOzoneClusterImpl-dce15e54-dc76-4f82-a75a-fd2a8a22e08e/datanode-8/data/ratis/1dea1c18-8046-44d7-ac55-588bcd57a16a
2022-12-06 15:44:48,091 [pool-263-thread-1] INFO  server.RaftServerConfigKeys (ConfUtils.java:logGet(46)) - raft.server.log.queue.byte-limit = 4294967296 (custom)
2022-12-06 15:44:48,092 [pool-263-thread-1] INFO  server.RaftServerConfigKeys (ConfUtils.java:logGet(46)) - raft.server.log.queue.element-limit = 1024 (custom)
2022-12-06 15:44:48,092 [pool-263-thread-1] INFO  server.RaftServerConfigKeys (ConfUtils.java:logGet(46)) - raft.server.log.segment.size.max = 1048576 (custom)
2022-12-06 15:44:48,092 [pool-263-thread-1] INFO  server.RaftServerConfigKeys (ConfUtils.java:logGet(46)) - raft.server.log.preallocated.size = 16384 (custom)
2022-12-06 15:44:48,092 [pool-263-thread-1] INFO  server.RaftServerConfigKeys (ConfUtils.java:logGet(46)) - raft.server.log.force.sync.num = 128 (default)
2022-12-06 15:44:48,092 [pool-263-thread-1] INFO  server.RaftServerConfigKeys (ConfUtils.java:logGet(46)) - raft.server.log.statemachine.data.sync = true (default)
2022-12-06 15:44:48,092 [pool-263-thread-1] INFO  server.RaftServerConfigKeys (ConfUtils.java:logGet(46)) - raft.server.log.statemachine.data.sync.timeout = 10s (default)
2022-12-06 15:44:48,092 [pool-263-thread-1] INFO  server.RaftServerConfigKeys (ConfUtils.java:logGet(46)) - raft.server.log.statemachine.data.sync.timeout.retry = -1 (default)
2022-12-06 15:44:48,093 [pool-263-thread-1] INFO  server.RaftServerConfigKeys (ConfUtils.java:logGet(46)) - raft.server.log.write.buffer.size = 1048576 (custom)
2022-12-06 15:44:48,093 [EventQueue-CommandQueueReportForCommandQueueReportHandler] WARN  events.EventQueue (EventQueue.java:fireEvent(216)) - No event handler registered for event TypedEvent{payloadType=DatanodeDetails, name='Datanode_Command_Queue_Updated'}
2022-12-06 15:44:48,093 [pool-263-thread-1] INFO  server.RaftServerConfigKeys (ConfUtils.java:logGet(46)) - raft.server.log.appender.buffer.byte-limit = 33554432 (custom)
2022-12-06 15:44:48,094 [EventQueue-PipelineReportForPipelineReportHandler] INFO  pipeline.PipelineManagerImpl (PipelineManagerImpl.java:openPipeline(367)) - Pipeline Pipeline[ Id: 1dea1c18-8046-44d7-ac55-588bcd57a16a, Nodes: 3ddade9d-4289-4127-b7c4-830dd518ff0a{ip: 10.1.0.110, host: fv-az133-40.ac31hddj4phu5ocom5smqd4hkf.cx.internal.cloudapp.net, ports: [REPLICATION=41857, RATIS=43967, RATIS_ADMIN=43967, RATIS_SERVER=43967, STANDALONE=37631], networkLocation: /default-rack, certSerialId: null, persistedOpState: IN_SERVICE, persistedOpStateExpiryEpochSec: 0}, ReplicationConfig: RATIS/ONE, State:ALLOCATED, leaderId:3ddade9d-4289-4127-b7c4-830dd518ff0a, CreationTimestamp2022-12-06T15:44:45.092Z[Etc/UTC]] moved to OPEN state
2022-12-06 15:44:48,094 [EventQueue-OpenPipelineForHealthyPipelineSafeModeRule] INFO  safemode.SCMSafeModeManager (HealthyPipelineSafeModeRule.java:process(137)) - SCM in safe mode. Healthy pipelines reported count is 0, required healthy pipeline reported count is 1
2022-12-06 15:44:48,099 [pool-263-thread-1] INFO  server.RaftServerConfigKeys (ConfUtils.java:logGet(46)) - raft.server.log.unsafe-flush.enabled = false (default)
2022-12-06 15:44:48,099 [pool-263-thread-1] INFO  server.RaftServerConfigKeys (ConfUtils.java:logGet(46)) - raft.server.log.async-flush.enabled = false (default)
2022-12-06 15:44:48,099 [pool-263-thread-1] INFO  server.RaftServerConfigKeys (ConfUtils.java:logGet(46)) - raft.server.log.statemachine.data.caching.enabled = true (custom)
2022-12-06 15:44:48,099 [pool-263-thread-1] INFO  segmented.SegmentedRaftLogWorker (SegmentedRaftLogWorker.java:lambda$new$0(135)) - 3ddade9d-4289-4127-b7c4-830dd518ff0a@group-588BCD57A16A-SegmentedRaftLogWorker: flushIndex: setUnconditionally 0 -> -1
2022-12-06 15:44:48,099 [pool-263-thread-1] INFO  segmented.SegmentedRaftLogWorker (SegmentedRaftLogWorker.java:lambda$new$0(135)) - 3ddade9d-4289-4127-b7c4-830dd518ff0a@group-588BCD57A16A-SegmentedRaftLogWorker: safeCacheEvictIndex: setUnconditionally 0 -> -1
2022-12-06 15:44:48,100 [pool-263-thread-1] INFO  server.RaftServer$Division (RaftServerImpl.java:start(334)) - 3ddade9d-4289-4127-b7c4-830dd518ff0a@group-588BCD57A16A: start as a follower, conf=-1: peers:[3ddade9d-4289-4127-b7c4-830dd518ff0a|rpc:10.1.0.110:43967|priority:1|startupRole:FOLLOWER]|listeners:[], old=null
2022-12-06 15:44:48,100 [pool-263-thread-1] INFO  server.RaftServer$Division (RaftServerImpl.java:setRole(321)) - 3ddade9d-4289-4127-b7c4-830dd518ff0a@group-588BCD57A16A: changes role from      null to FOLLOWER at term 0 for startAsFollower
2022-12-06 15:44:48,100 [pool-263-thread-1] INFO  impl.RoleInfo (RoleInfo.java:updateAndGet(139)) - 3ddade9d-4289-4127-b7c4-830dd518ff0a: start 3ddade9d-4289-4127-b7c4-830dd518ff0a@group-588BCD57A16A-FollowerState
2022-12-06 15:44:48,111 [pool-263-thread-1] INFO  util.JmxRegister (JmxRegister.java:tryRegister(44)) - Successfully registered JMX Bean with object name Ratis:service=RaftServer,group=group-588BCD57A16A,id=3ddade9d-4289-4127-b7c4-830dd518ff0a
2022-12-06 15:44:48,111 [3ddade9d-4289-4127-b7c4-830dd518ff0a@group-588BCD57A16A-FollowerState] INFO  server.RaftServerConfigKeys (ConfUtils.java:logFallback(53)) - raft.server.rpc.first-election.timeout.min = 5s (fallback to raft.server.rpc.timeout.min)
2022-12-06 15:44:48,111 [pool-263-thread-1] INFO  server.RaftServerConfigKeys (ConfUtils.java:logGet(46)) - raft.server.snapshot.auto.trigger.enabled = true (custom)
2022-12-06 15:44:48,111 [3ddade9d-4289-4127-b7c4-830dd518ff0a@group-588BCD57A16A-FollowerState] INFO  server.RaftServerConfigKeys (ConfUtils.java:logFallback(53)) - raft.server.rpc.first-election.timeout.max = 5200ms (fallback to raft.server.rpc.timeout.max)
2022-12-06 15:44:48,111 [pool-263-thread-1] INFO  server.RaftServerConfigKeys (ConfUtils.java:logGet(46)) - raft.server.snapshot.auto.trigger.threshold = 10000 (custom)
2022-12-06 15:44:48,111 [pool-263-thread-1] INFO  server.RaftServerConfigKeys (ConfUtils.java:logGet(46)) - raft.server.snapshot.retention.file.num = 5 (custom)
2022-12-06 15:44:48,111 [pool-263-thread-1] INFO  server.RaftServerConfigKeys (ConfUtils.java:logGet(46)) - raft.server.log.purge.upto.snapshot.index = false (default)
2022-12-06 15:44:48,119 [Command processor thread] INFO  ratis.XceiverServerRatis (XceiverServerRatis.java:addGroup(765)) - Created group PipelineID=1dea1c18-8046-44d7-ac55-588bcd57a16a
2022-12-06 15:44:48,119 [Command processor thread] INFO  commandhandler.CreatePipelineCommandHandler (CreatePipelineCommandHandler.java:handle(113)) - Created Pipeline RATIS ONE PipelineID=1dea1c18-8046-44d7-ac55-588bcd57a16a.
2022-12-06 15:44:48,146 [EventQueue-CommandQueueReportForCommandQueueReportHandler] WARN  events.EventQueue (EventQueue.java:fireEvent(216)) - No event handler registered for event TypedEvent{payloadType=DatanodeDetails, name='Datanode_Command_Queue_Updated'}
2022-12-06 15:44:48,447 [Command processor thread] INFO  server.RaftServer (RaftServerProxy.java:addNew(96)) - 3023bd45-36c3-431f-9c1c-92b4e43de878: addNew group-EDA3E5475693:[3023bd45-36c3-431f-9c1c-92b4e43de878|rpc:10.1.0.110:42841|priority:1|startupRole:FOLLOWER] returns group-EDA3E5475693:java.util.concurrent.CompletableFuture@863018e[Not completed]
2022-12-06 15:44:48,448 [pool-290-thread-1] INFO  server.RaftServer$Division (RaftServerImpl.java:<init>(195)) - 3023bd45-36c3-431f-9c1c-92b4e43de878: new RaftServerImpl for group-EDA3E5475693:[3023bd45-36c3-431f-9c1c-92b4e43de878|rpc:10.1.0.110:42841|priority:1|startupRole:FOLLOWER] with ContainerStateMachine:uninitialized
2022-12-06 15:44:48,449 [pool-290-thread-1] INFO  server.RaftServerConfigKeys (ConfUtils.java:logGet(46)) - raft.server.rpc.timeout.min = 5s (custom)
2022-12-06 15:44:48,449 [pool-290-thread-1] INFO  server.RaftServerConfigKeys (ConfUtils.java:logGet(46)) - raft.server.rpc.timeout.max = 5200ms (custom)
2022-12-06 15:44:48,449 [pool-290-thread-1] INFO  server.RaftServerConfigKeys (ConfUtils.java:logGet(46)) - raft.server.rpc.sleep.time = 25ms (default)
2022-12-06 15:44:48,449 [pool-290-thread-1] INFO  server.RaftServerConfigKeys (ConfUtils.java:logGet(46)) - raft.server.rpc.slowness.timeout = 300s (custom)
2022-12-06 15:44:48,449 [pool-290-thread-1] INFO  server.RaftServerConfigKeys (ConfUtils.java:logGet(46)) - raft.server.leaderelection.leader.step-down.wait-time = 10s (default)
2022-12-06 15:44:48,449 [pool-290-thread-1] INFO  server.RaftServerConfigKeys (ConfUtils.java:logGet(46)) - raft.server.sleep.deviation.threshold = 300ms (default)
2022-12-06 15:44:48,449 [pool-290-thread-1] INFO  server.RaftServer$Division (ServerState.java:<init>(118)) - 3023bd45-36c3-431f-9c1c-92b4e43de878@group-EDA3E5475693: ConfigurationManager, init=-1: peers:[3023bd45-36c3-431f-9c1c-92b4e43de878|rpc:10.1.0.110:42841|priority:1|startupRole:FOLLOWER]|listeners:[], old=null, confs=<EMPTY_MAP>
2022-12-06 15:44:48,449 [pool-290-thread-1] INFO  server.RaftServerConfigKeys (ConfUtils.java:logGet(46)) - raft.server.storage.dir = [/home/runner/work/ozone/ozone/hadoop-ozone/integration-test/target/test-dir/MiniOzoneClusterImpl-dce15e54-dc76-4f82-a75a-fd2a8a22e08e/datanode-9/data/ratis] (custom)
2022-12-06 15:44:48,449 [pool-290-thread-1] INFO  server.RaftServerConfigKeys (ConfUtils.java:logGet(46)) - raft.server.log.corruption.policy = EXCEPTION (default)
2022-12-06 15:44:48,449 [pool-290-thread-1] INFO  server.RaftServerConfigKeys (ConfUtils.java:logGet(46)) - raft.server.storage.free-space.min = 0MB (=0) (default)
2022-12-06 15:44:48,449 [pool-290-thread-1] INFO  server.RaftServerConfigKeys (ConfUtils.java:logGet(46)) - raft.server.notification.no-leader.timeout = 300s (custom)
2022-12-06 15:44:48,450 [pool-290-thread-1] INFO  server.RaftServerConfigKeys (ConfUtils.java:logGet(46)) - raft.server.retrycache.expirytime = 600000ms (custom)
2022-12-06 15:44:48,450 [pool-290-thread-1] INFO  server.RaftServerConfigKeys (ConfUtils.java:logGet(46)) - raft.server.retrycache.statistics.expirytime = 100μs (default)
2022-12-06 15:44:48,452 [pool-290-thread-1] INFO  server.RaftServerConfigKeys (ConfUtils.java:logGet(46)) - raft.server.log.appender.install.snapshot.enabled = false (custom)
2022-12-06 15:44:48,452 [pool-290-thread-1] INFO  server.RaftServerConfigKeys (ConfUtils.java:logGet(46)) - raft.server.threadpool.server.cached = true (default)
2022-12-06 15:44:48,452 [pool-290-thread-1] INFO  server.RaftServerConfigKeys (ConfUtils.java:logGet(46)) - raft.server.threadpool.server.size = 0 (default)
2022-12-06 15:44:48,452 [pool-290-thread-1] INFO  server.RaftServerConfigKeys (ConfUtils.java:logGet(46)) - raft.server.threadpool.client.cached = true (default)
2022-12-06 15:44:48,452 [pool-290-thread-1] INFO  server.RaftServerConfigKeys (ConfUtils.java:logGet(46)) - raft.server.threadpool.client.size = 0 (default)
2022-12-06 15:44:48,452 [pool-290-thread-1] INFO  storage.RaftStorageDirectory (RaftStorageDirectoryImpl.java:analyzeStorage(137)) - The storage directory /home/runner/work/ozone/ozone/hadoop-ozone/integration-test/target/test-dir/MiniOzoneClusterImpl-dce15e54-dc76-4f82-a75a-fd2a8a22e08e/datanode-9/data/ratis/8b837a0e-3271-4cfd-af3c-eda3e5475693 does not exist. Creating ...
2022-12-06 15:44:48,454 [pool-290-thread-1] INFO  storage.RaftStorageDirectory (RaftStorageDirectoryImpl.java:tryLock(231)) - Lock on /home/runner/work/ozone/ozone/hadoop-ozone/integration-test/target/test-dir/MiniOzoneClusterImpl-dce15e54-dc76-4f82-a75a-fd2a8a22e08e/datanode-9/data/ratis/8b837a0e-3271-4cfd-af3c-eda3e5475693/in_use.lock acquired by nodename 46996@fv-az133-40
2022-12-06 15:44:48,455 [pool-290-thread-1] INFO  storage.RaftStorage (RaftStorageImpl.java:format(96)) - Storage directory /home/runner/work/ozone/ozone/hadoop-ozone/integration-test/target/test-dir/MiniOzoneClusterImpl-dce15e54-dc76-4f82-a75a-fd2a8a22e08e/datanode-9/data/ratis/8b837a0e-3271-4cfd-af3c-eda3e5475693 has been successfully formatted.
2022-12-06 15:44:48,455 [pool-290-thread-1] INFO  ratis.ContainerStateMachine (ContainerStateMachine.java:loadSnapshot(236)) - group-EDA3E5475693: The snapshot info is null. Setting the last applied indexto:(t:0, i:~)
2022-12-06 15:44:48,455 [pool-290-thread-1] INFO  server.RaftServerConfigKeys (ConfUtils.java:logGet(46)) - raft.server.log.use.memory = false (default)
2022-12-06 15:44:48,455 [pool-290-thread-1] INFO  server.RaftServerConfigKeys (ConfUtils.java:logGet(46)) - raft.server.log.purge.gap = 1000000 (custom)
2022-12-06 15:44:48,455 [pool-290-thread-1] INFO  server.RaftServerConfigKeys (ConfUtils.java:logGet(46)) - raft.server.log.appender.buffer.byte-limit = 33554432 (custom)
2022-12-06 15:44:48,456 [pool-290-thread-1] INFO  server.RaftServerConfigKeys (ConfUtils.java:logGet(46)) - raft.server.log.statemachine.data.read.timeout = 1000ms (default)
2022-12-06 15:44:48,456 [pool-290-thread-1] INFO  server.RaftServerConfigKeys (ConfUtils.java:logGet(46)) - raft.server.log.purge.preservation.log.num = 0 (default)
2022-12-06 15:44:48,456 [pool-290-thread-1] INFO  server.RaftServerConfigKeys (ConfUtils.java:logGet(46)) - raft.server.log.segment.size.max = 1048576 (custom)
2022-12-06 15:44:48,456 [pool-290-thread-1] INFO  server.RaftServerConfigKeys (ConfUtils.java:logGet(46)) - raft.server.log.segment.cache.num.max = 2 (custom)
2022-12-06 15:44:48,456 [pool-290-thread-1] INFO  server.RaftServerConfigKeys (ConfUtils.java:logGet(46)) - raft.server.log.segment.cache.size.max = 200MB (=209715200) (default)
2022-12-06 15:44:48,456 [pool-290-thread-1] INFO  segmented.SegmentedRaftLogWorker (SegmentedRaftLogWorker.java:<init>(189)) - new 3023bd45-36c3-431f-9c1c-92b4e43de878@group-EDA3E5475693-SegmentedRaftLogWorker for RaftStorageImpl:Storage Directory /home/runner/work/ozone/ozone/hadoop-ozone/integration-test/target/test-dir/MiniOzoneClusterImpl-dce15e54-dc76-4f82-a75a-fd2a8a22e08e/datanode-9/data/ratis/8b837a0e-3271-4cfd-af3c-eda3e5475693
2022-12-06 15:44:48,456 [pool-290-thread-1] INFO  server.RaftServerConfigKeys (ConfUtils.java:logGet(46)) - raft.server.log.queue.byte-limit = 4294967296 (custom)
2022-12-06 15:44:48,457 [EventQueue-PipelineReportForPipelineReportHandler] INFO  pipeline.PipelineManagerImpl (PipelineManagerImpl.java:openPipeline(367)) - Pipeline Pipeline[ Id: 8b837a0e-3271-4cfd-af3c-eda3e5475693, Nodes: 3023bd45-36c3-431f-9c1c-92b4e43de878{ip: 10.1.0.110, host: fv-az133-40.ac31hddj4phu5ocom5smqd4hkf.cx.internal.cloudapp.net, ports: [REPLICATION=35579, RATIS=42841, RATIS_ADMIN=42841, RATIS_SERVER=42841, STANDALONE=33457], networkLocation: /default-rack, certSerialId: null, persistedOpState: IN_SERVICE, persistedOpStateExpiryEpochSec: 0}, ReplicationConfig: RATIS/ONE, State:ALLOCATED, leaderId:3023bd45-36c3-431f-9c1c-92b4e43de878, CreationTimestamp2022-12-06T15:44:45.450Z[Etc/UTC]] moved to OPEN state
2022-12-06 15:44:48,457 [EventQueue-CommandQueueReportForCommandQueueReportHandler] WARN  events.EventQueue (EventQueue.java:fireEvent(216)) - No event handler registered for event TypedEvent{payloadType=DatanodeDetails, name='Datanode_Command_Queue_Updated'}
2022-12-06 15:44:48,458 [pool-290-thread-1] INFO  server.RaftServerConfigKeys (ConfUtils.java:logGet(46)) - raft.server.log.queue.element-limit = 1024 (custom)
2022-12-06 15:44:48,458 [pool-290-thread-1] INFO  server.RaftServerConfigKeys (ConfUtils.java:logGet(46)) - raft.server.log.segment.size.max = 1048576 (custom)
2022-12-06 15:44:48,458 [pool-290-thread-1] INFO  server.RaftServerConfigKeys (ConfUtils.java:logGet(46)) - raft.server.log.preallocated.size = 16384 (custom)
2022-12-06 15:44:48,458 [pool-290-thread-1] INFO  server.RaftServerConfigKeys (ConfUtils.java:logGet(46)) - raft.server.log.force.sync.num = 128 (default)
2022-12-06 15:44:48,458 [pool-290-thread-1] INFO  server.RaftServerConfigKeys (ConfUtils.java:logGet(46)) - raft.server.log.statemachine.data.sync = true (default)
2022-12-06 15:44:48,458 [pool-290-thread-1] INFO  server.RaftServerConfigKeys (ConfUtils.java:logGet(46)) - raft.server.log.statemachine.data.sync.timeout = 10s (default)
2022-12-06 15:44:48,458 [pool-290-thread-1] INFO  server.RaftServerConfigKeys (ConfUtils.java:logGet(46)) - raft.server.log.statemachine.data.sync.timeout.retry = -1 (default)
2022-12-06 15:44:48,458 [EventQueue-OpenPipelineForHealthyPipelineSafeModeRule] INFO  safemode.SCMSafeModeManager (HealthyPipelineSafeModeRule.java:process(137)) - SCM in safe mode. Healthy pipelines reported count is 0, required healthy pipeline reported count is 1
2022-12-06 15:44:48,459 [pool-290-thread-1] INFO  server.RaftServerConfigKeys (ConfUtils.java:logGet(46)) - raft.server.log.write.buffer.size = 1048576 (custom)
2022-12-06 15:44:48,460 [pool-290-thread-1] INFO  server.RaftServerConfigKeys (ConfUtils.java:logGet(46)) - raft.server.log.appender.buffer.byte-limit = 33554432 (custom)
2022-12-06 15:44:48,465 [pool-290-thread-1] INFO  server.RaftServerConfigKeys (ConfUtils.java:logGet(46)) - raft.server.log.unsafe-flush.enabled = false (default)
2022-12-06 15:44:48,465 [pool-290-thread-1] INFO  server.RaftServerConfigKeys (ConfUtils.java:logGet(46)) - raft.server.log.async-flush.enabled = false (default)
2022-12-06 15:44:48,465 [pool-290-thread-1] INFO  server.RaftServerConfigKeys (ConfUtils.java:logGet(46)) - raft.server.log.statemachine.data.caching.enabled = true (custom)
2022-12-06 15:44:48,465 [pool-290-thread-1] INFO  segmented.SegmentedRaftLogWorker (SegmentedRaftLogWorker.java:lambda$new$0(135)) - 3023bd45-36c3-431f-9c1c-92b4e43de878@group-EDA3E5475693-SegmentedRaftLogWorker: flushIndex: setUnconditionally 0 -> -1
2022-12-06 15:44:48,466 [pool-290-thread-1] INFO  segmented.SegmentedRaftLogWorker (SegmentedRaftLogWorker.java:lambda$new$0(135)) - 3023bd45-36c3-431f-9c1c-92b4e43de878@group-EDA3E5475693-SegmentedRaftLogWorker: safeCacheEvictIndex: setUnconditionally 0 -> -1
2022-12-06 15:44:48,466 [pool-290-thread-1] INFO  server.RaftServer$Division (RaftServerImpl.java:start(334)) - 3023bd45-36c3-431f-9c1c-92b4e43de878@group-EDA3E5475693: start as a follower, conf=-1: peers:[3023bd45-36c3-431f-9c1c-92b4e43de878|rpc:10.1.0.110:42841|priority:1|startupRole:FOLLOWER]|listeners:[], old=null
2022-12-06 15:44:48,466 [pool-290-thread-1] INFO  server.RaftServer$Division (RaftServerImpl.java:setRole(321)) - 3023bd45-36c3-431f-9c1c-92b4e43de878@group-EDA3E5475693: changes role from      null to FOLLOWER at term 0 for startAsFollower
2022-12-06 15:44:48,466 [pool-290-thread-1] INFO  impl.RoleInfo (RoleInfo.java:updateAndGet(139)) - 3023bd45-36c3-431f-9c1c-92b4e43de878: start 3023bd45-36c3-431f-9c1c-92b4e43de878@group-EDA3E5475693-FollowerState
2022-12-06 15:44:48,466 [pool-290-thread-1] INFO  util.JmxRegister (JmxRegister.java:tryRegister(44)) - Successfully registered JMX Bean with object name Ratis:service=RaftServer,group=group-EDA3E5475693,id=3023bd45-36c3-431f-9c1c-92b4e43de878
2022-12-06 15:44:48,466 [pool-290-thread-1] INFO  server.RaftServerConfigKeys (ConfUtils.java:logGet(46)) - raft.server.snapshot.auto.trigger.enabled = true (custom)
2022-12-06 15:44:48,466 [pool-290-thread-1] INFO  server.RaftServerConfigKeys (ConfUtils.java:logGet(46)) - raft.server.snapshot.auto.trigger.threshold = 10000 (custom)
2022-12-06 15:44:48,466 [pool-290-thread-1] INFO  server.RaftServerConfigKeys (ConfUtils.java:logGet(46)) - raft.server.snapshot.retention.file.num = 5 (custom)
2022-12-06 15:44:48,467 [pool-290-thread-1] INFO  server.RaftServerConfigKeys (ConfUtils.java:logGet(46)) - raft.server.log.purge.upto.snapshot.index = false (default)
2022-12-06 15:44:48,467 [3023bd45-36c3-431f-9c1c-92b4e43de878@group-EDA3E5475693-FollowerState] INFO  server.RaftServerConfigKeys (ConfUtils.java:logFallback(53)) - raft.server.rpc.first-election.timeout.min = 5s (fallback to raft.server.rpc.timeout.min)
2022-12-06 15:44:48,467 [3023bd45-36c3-431f-9c1c-92b4e43de878@group-EDA3E5475693-FollowerState] INFO  server.RaftServerConfigKeys (ConfUtils.java:logFallback(53)) - raft.server.rpc.first-election.timeout.max = 5200ms (fallback to raft.server.rpc.timeout.max)
2022-12-06 15:44:48,471 [Command processor thread] INFO  ratis.XceiverServerRatis (XceiverServerRatis.java:addGroup(765)) - Created group PipelineID=8b837a0e-3271-4cfd-af3c-eda3e5475693
2022-12-06 15:44:48,471 [Command processor thread] INFO  commandhandler.CreatePipelineCommandHandler (CreatePipelineCommandHandler.java:handle(113)) - Created Pipeline RATIS ONE PipelineID=8b837a0e-3271-4cfd-af3c-eda3e5475693.
2022-12-06 15:44:48,760 [EventQueue-CommandQueueReportForCommandQueueReportHandler] WARN  events.EventQueue (EventQueue.java:fireEvent(216)) - No event handler registered for event TypedEvent{payloadType=DatanodeDetails, name='Datanode_Command_Queue_Updated'}
2022-12-06 15:44:48,762 [Listener at 127.0.0.1/44149] INFO  ozone.MiniOzoneClusterImpl (MiniOzoneClusterImpl.java:lambda$waitForClusterToBeReady$0(216)) - Nodes are ready. Got 10 of 10 DN Heartbeats.
2022-12-06 15:44:48,763 [Listener at 127.0.0.1/44149] INFO  ozone.MiniOzoneClusterImpl (MiniOzoneClusterImpl.java:lambda$waitForClusterToBeReady$0(219)) - Waiting for cluster to exit safe mode
2022-12-06 15:44:48,763 [Listener at 127.0.0.1/44149] INFO  ozone.MiniOzoneClusterImpl (MiniOzoneClusterImpl.java:lambda$waitForClusterToBeReady$0(221)) - SCM became leader
2022-12-06 15:44:48,763 [EventQueue-CommandQueueReportForCommandQueueReportHandler] WARN  events.EventQueue (EventQueue.java:fireEvent(216)) - No event handler registered for event TypedEvent{payloadType=DatanodeDetails, name='Datanode_Command_Queue_Updated'}
2022-12-06 15:44:48,763 [EventQueue-CommandQueueReportForCommandQueueReportHandler] WARN  events.EventQueue (EventQueue.java:fireEvent(216)) - No event handler registered for event TypedEvent{payloadType=DatanodeDetails, name='Datanode_Command_Queue_Updated'}
2022-12-06 15:44:48,780 [EventQueue-CommandQueueReportForCommandQueueReportHandler] WARN  events.EventQueue (EventQueue.java:fireEvent(216)) - No event handler registered for event TypedEvent{payloadType=DatanodeDetails, name='Datanode_Command_Queue_Updated'}
2022-12-06 15:44:48,868 [EventQueue-CommandQueueReportForCommandQueueReportHandler] WARN  events.EventQueue (EventQueue.java:fireEvent(216)) - No event handler registered for event TypedEvent{payloadType=DatanodeDetails, name='Datanode_Command_Queue_Updated'}
2022-12-06 15:44:48,922 [EventQueue-CommandQueueReportForCommandQueueReportHandler] WARN  events.EventQueue (EventQueue.java:fireEvent(216)) - No event handler registered for event TypedEvent{payloadType=DatanodeDetails, name='Datanode_Command_Queue_Updated'}
2022-12-06 15:44:48,959 [EventQueue-CommandQueueReportForCommandQueueReportHandler] WARN  events.EventQueue (EventQueue.java:fireEvent(216)) - No event handler registered for event TypedEvent{payloadType=DatanodeDetails, name='Datanode_Command_Queue_Updated'}
2022-12-06 15:44:49,092 [EventQueue-CommandQueueReportForCommandQueueReportHandler] WARN  events.EventQueue (EventQueue.java:fireEvent(216)) - No event handler registered for event TypedEvent{payloadType=DatanodeDetails, name='Datanode_Command_Queue_Updated'}
2022-12-06 15:44:49,145 [EventQueue-CommandQueueReportForCommandQueueReportHandler] WARN  events.EventQueue (EventQueue.java:fireEvent(216)) - No event handler registered for event TypedEvent{payloadType=DatanodeDetails, name='Datanode_Command_Queue_Updated'}
2022-12-06 15:44:49,457 [EventQueue-CommandQueueReportForCommandQueueReportHandler] WARN  events.EventQueue (EventQueue.java:fireEvent(216)) - No event handler registered for event TypedEvent{payloadType=DatanodeDetails, name='Datanode_Command_Queue_Updated'}
2022-12-06 15:44:49,761 [EventQueue-CommandQueueReportForCommandQueueReportHandler] WARN  events.EventQueue (EventQueue.java:fireEvent(216)) - No event handler registered for event TypedEvent{payloadType=DatanodeDetails, name='Datanode_Command_Queue_Updated'}
2022-12-06 15:44:49,763 [Listener at 127.0.0.1/44149] INFO  ozone.MiniOzoneClusterImpl (MiniOzoneClusterImpl.java:lambda$waitForClusterToBeReady$0(216)) - Nodes are ready. Got 10 of 10 DN Heartbeats.
2022-12-06 15:44:49,763 [Listener at 127.0.0.1/44149] INFO  ozone.MiniOzoneClusterImpl (MiniOzoneClusterImpl.java:lambda$waitForClusterToBeReady$0(219)) - Waiting for cluster to exit safe mode
2022-12-06 15:44:49,763 [Listener at 127.0.0.1/44149] INFO  ozone.MiniOzoneClusterImpl (MiniOzoneClusterImpl.java:lambda$waitForClusterToBeReady$0(221)) - SCM became leader
2022-12-06 15:44:49,765 [EventQueue-CommandQueueReportForCommandQueueReportHandler] WARN  events.EventQueue (EventQueue.java:fireEvent(216)) - No event handler registered for event TypedEvent{payloadType=DatanodeDetails, name='Datanode_Command_Queue_Updated'}
2022-12-06 15:44:49,765 [EventQueue-CommandQueueReportForCommandQueueReportHandler] WARN  events.EventQueue (EventQueue.java:fireEvent(216)) - No event handler registered for event TypedEvent{payloadType=DatanodeDetails, name='Datanode_Command_Queue_Updated'}
2022-12-06 15:44:49,779 [EventQueue-CommandQueueReportForCommandQueueReportHandler] WARN  events.EventQueue (EventQueue.java:fireEvent(216)) - No event handler registered for event TypedEvent{payloadType=DatanodeDetails, name='Datanode_Command_Queue_Updated'}
2022-12-06 15:44:49,868 [EventQueue-CommandQueueReportForCommandQueueReportHandler] WARN  events.EventQueue (EventQueue.java:fireEvent(216)) - No event handler registered for event TypedEvent{payloadType=DatanodeDetails, name='Datanode_Command_Queue_Updated'}
2022-12-06 15:44:49,924 [EventQueue-CommandQueueReportForCommandQueueReportHandler] WARN  events.EventQueue (EventQueue.java:fireEvent(216)) - No event handler registered for event TypedEvent{payloadType=DatanodeDetails, name='Datanode_Command_Queue_Updated'}
2022-12-06 15:44:49,959 [EventQueue-CommandQueueReportForCommandQueueReportHandler] WARN  events.EventQueue (EventQueue.java:fireEvent(216)) - No event handler registered for event TypedEvent{payloadType=DatanodeDetails, name='Datanode_Command_Queue_Updated'}
2022-12-06 15:44:50,091 [EventQueue-CommandQueueReportForCommandQueueReportHandler] WARN  events.EventQueue (EventQueue.java:fireEvent(216)) - No event handler registered for event TypedEvent{payloadType=DatanodeDetails, name='Datanode_Command_Queue_Updated'}
2022-12-06 15:44:50,145 [EventQueue-CommandQueueReportForCommandQueueReportHandler] WARN  events.EventQueue (EventQueue.java:fireEvent(216)) - No event handler registered for event TypedEvent{payloadType=DatanodeDetails, name='Datanode_Command_Queue_Updated'}
2022-12-06 15:44:50,218 [4ef44404-e624-4c50-bb49-8deedaf9742c@group-288DFE23379A-FollowerState] INFO  impl.FollowerState (FollowerState.java:run(143)) - 4ef44404-e624-4c50-bb49-8deedaf9742c@group-288DFE23379A-FollowerState: change to CANDIDATE, lastRpcElapsedTime:5038734706ns, electionTimeout:5030ms
2022-12-06 15:44:50,218 [4ef44404-e624-4c50-bb49-8deedaf9742c@group-288DFE23379A-FollowerState] INFO  impl.RoleInfo (RoleInfo.java:shutdownFollowerState(110)) - 4ef44404-e624-4c50-bb49-8deedaf9742c: shutdown 4ef44404-e624-4c50-bb49-8deedaf9742c@group-288DFE23379A-FollowerState
2022-12-06 15:44:50,218 [4ef44404-e624-4c50-bb49-8deedaf9742c@group-288DFE23379A-FollowerState] INFO  server.RaftServer$Division (RaftServerImpl.java:setRole(321)) - 4ef44404-e624-4c50-bb49-8deedaf9742c@group-288DFE23379A: changes role from  FOLLOWER to CANDIDATE at term 0 for changeToCandidate
2022-12-06 15:44:50,220 [4ef44404-e624-4c50-bb49-8deedaf9742c@group-288DFE23379A-FollowerState] INFO  server.RaftServerConfigKeys (ConfUtils.java:logGet(46)) - raft.server.leaderelection.pre-vote = false (custom)
2022-12-06 15:44:50,220 [4ef44404-e624-4c50-bb49-8deedaf9742c@group-288DFE23379A-FollowerState] INFO  impl.RoleInfo (RoleInfo.java:updateAndGet(139)) - 4ef44404-e624-4c50-bb49-8deedaf9742c: start 4ef44404-e624-4c50-bb49-8deedaf9742c@group-288DFE23379A-LeaderElection2
2022-12-06 15:44:50,224 [4ef44404-e624-4c50-bb49-8deedaf9742c@group-288DFE23379A-LeaderElection2] INFO  impl.LeaderElection (LeaderElection.java:askForVotes(312)) - 4ef44404-e624-4c50-bb49-8deedaf9742c@group-288DFE23379A-LeaderElection2 ELECTION round 0: submit vote requests at term 1 for -1: peers:[4ef44404-e624-4c50-bb49-8deedaf9742c|rpc:10.1.0.110:46141|priority:1|startupRole:FOLLOWER]|listeners:[], old=null
2022-12-06 15:44:50,225 [4ef44404-e624-4c50-bb49-8deedaf9742c@group-288DFE23379A-LeaderElection2] INFO  impl.LeaderElection (LeaderElection.java:askForVotes(314)) - 4ef44404-e624-4c50-bb49-8deedaf9742c@group-288DFE23379A-LeaderElection2 ELECTION round 0: result PASSED (term=1)
2022-12-06 15:44:50,225 [4ef44404-e624-4c50-bb49-8deedaf9742c@group-288DFE23379A-LeaderElection2] INFO  impl.RoleInfo (RoleInfo.java:shutdownLeaderElection(130)) - 4ef44404-e624-4c50-bb49-8deedaf9742c: shutdown 4ef44404-e624-4c50-bb49-8deedaf9742c@group-288DFE23379A-LeaderElection2
2022-12-06 15:44:50,225 [4ef44404-e624-4c50-bb49-8deedaf9742c@group-288DFE23379A-LeaderElection2] INFO  server.RaftServer$Division (RaftServerImpl.java:setRole(321)) - 4ef44404-e624-4c50-bb49-8deedaf9742c@group-288DFE23379A: changes role from CANDIDATE to LEADER at term 1 for changeToLeader
2022-12-06 15:44:50,225 [4ef44404-e624-4c50-bb49-8deedaf9742c@group-288DFE23379A-LeaderElection2] INFO  ratis.XceiverServerRatis (XceiverServerRatis.java:handleLeaderChangedNotification(863)) - Leader change notification received for group: group-288DFE23379A with new leaderId: 4ef44404-e624-4c50-bb49-8deedaf9742c
2022-12-06 15:44:50,225 [4ef44404-e624-4c50-bb49-8deedaf9742c@group-288DFE23379A-LeaderElection2] INFO  server.RaftServer$Division (ServerState.java:setLeader(313)) - 4ef44404-e624-4c50-bb49-8deedaf9742c@group-288DFE23379A: change Leader from null to 4ef44404-e624-4c50-bb49-8deedaf9742c at term 1 for becomeLeader, leader elected after 5116ms
2022-12-06 15:44:50,226 [4ef44404-e624-4c50-bb49-8deedaf9742c@group-288DFE23379A-LeaderElection2] INFO  server.RaftServerConfigKeys (ConfUtils.java:logGet(46)) - raft.server.staging.catchup.gap = 1000 (default)
2022-12-06 15:44:50,226 [4ef44404-e624-4c50-bb49-8deedaf9742c@group-288DFE23379A-LeaderElection2] INFO  server.RaftServerConfigKeys (ConfUtils.java:logGet(46)) - raft.server.write.element-limit = 1024 (custom)
2022-12-06 15:44:50,226 [4ef44404-e624-4c50-bb49-8deedaf9742c@group-288DFE23379A-LeaderElection2] INFO  server.RaftServerConfigKeys (ConfUtils.java:logGet(46)) - raft.server.write.byte-limit = 1024 M (=1073741824) (custom)
2022-12-06 15:44:50,226 [4ef44404-e624-4c50-bb49-8deedaf9742c@group-288DFE23379A-LeaderElection2] INFO  server.RaftServerConfigKeys (ConfUtils.java:logGet(46)) - raft.server.watch.timeout = 180s (custom)
2022-12-06 15:44:50,227 [4ef44404-e624-4c50-bb49-8deedaf9742c@group-288DFE23379A-LeaderElection2] INFO  server.RaftServerConfigKeys (ConfUtils.java:logGet(46)) - raft.server.watch.timeout.denomination = 1s (default)
2022-12-06 15:44:50,227 [4ef44404-e624-4c50-bb49-8deedaf9742c@group-288DFE23379A-LeaderElection2] INFO  server.RaftServerConfigKeys (ConfUtils.java:logGet(46)) - raft.server.watch.element-limit = 65536 (default)
2022-12-06 15:44:50,227 [4ef44404-e624-4c50-bb49-8deedaf9742c@group-288DFE23379A-LeaderElection2] INFO  server.RaftServerConfigKeys (ConfUtils.java:logGet(46)) - raft.server.write.element-limit = 1024 (custom)
2022-12-06 15:44:50,227 [4ef44404-e624-4c50-bb49-8deedaf9742c@group-288DFE23379A-LeaderElection2] INFO  server.RaftServerConfigKeys (ConfUtils.java:logGet(46)) - raft.server.write.follower.gap.ratio.max = -1.0 (default)
2022-12-06 15:44:50,227 [4ef44404-e624-4c50-bb49-8deedaf9742c@group-288DFE23379A-LeaderElection2] INFO  impl.RoleInfo (RoleInfo.java:updateAndGet(139)) - 4ef44404-e624-4c50-bb49-8deedaf9742c: start 4ef44404-e624-4c50-bb49-8deedaf9742c@group-288DFE23379A-LeaderStateImpl
2022-12-06 15:44:50,227 [EventQueue-OpenPipelineForHealthyPipelineSafeModeRule] INFO  safemode.SCMSafeModeManager (HealthyPipelineSafeModeRule.java:process(137)) - SCM in safe mode. Healthy pipelines reported count is 0, required healthy pipeline reported count is 1
2022-12-06 15:44:50,227 [EventQueue-CommandQueueReportForCommandQueueReportHandler] WARN  events.EventQueue (EventQueue.java:fireEvent(216)) - No event handler registered for event TypedEvent{payloadType=DatanodeDetails, name='Datanode_Command_Queue_Updated'}
2022-12-06 15:44:50,228 [4ef44404-e624-4c50-bb49-8deedaf9742c@group-288DFE23379A-LeaderElection2] INFO  segmented.SegmentedRaftLogWorker (SegmentedRaftLogWorker.java:startLogSegment(452)) - 4ef44404-e624-4c50-bb49-8deedaf9742c@group-288DFE23379A-SegmentedRaftLogWorker: Starting segment from index:0
2022-12-06 15:44:50,229 [4ef44404-e624-4c50-bb49-8deedaf9742c@group-288DFE23379A-SegmentedRaftLogWorker] INFO  segmented.SegmentedRaftLogWorker (SegmentedRaftLogWorker.java:execute(656)) - 4ef44404-e624-4c50-bb49-8deedaf9742c@group-288DFE23379A-SegmentedRaftLogWorker: created new log segment /home/runner/work/ozone/ozone/hadoop-ozone/integration-test/target/test-dir/MiniOzoneClusterImpl-dce15e54-dc76-4f82-a75a-fd2a8a22e08e/datanode-0/data/ratis/64534104-af06-40ac-bd0c-288dfe23379a/current/log_inprogress_0
2022-12-06 15:44:50,232 [4ef44404-e624-4c50-bb49-8deedaf9742c@group-288DFE23379A-LeaderElection2] INFO  server.RaftServer$Division (ServerState.java:setRaftConf(430)) - 4ef44404-e624-4c50-bb49-8deedaf9742c@group-288DFE23379A: set configuration 0: peers:[4ef44404-e624-4c50-bb49-8deedaf9742c|rpc:10.1.0.110:46141|dataStream:|priority:1|startupRole:FOLLOWER]|listeners:[], old=null
2022-12-06 15:44:50,309 [4ef44404-e624-4c50-bb49-8deedaf9742c@group-E6EF3BE0CB72-FollowerState] INFO  impl.FollowerState (FollowerState.java:run(143)) - 4ef44404-e624-4c50-bb49-8deedaf9742c@group-E6EF3BE0CB72-FollowerState: change to CANDIDATE, lastRpcElapsedTime:5068935491ns, electionTimeout:5066ms
2022-12-06 15:44:50,310 [4ef44404-e624-4c50-bb49-8deedaf9742c@group-E6EF3BE0CB72-FollowerState] INFO  impl.RoleInfo (RoleInfo.java:shutdownFollowerState(110)) - 4ef44404-e624-4c50-bb49-8deedaf9742c: shutdown 4ef44404-e624-4c50-bb49-8deedaf9742c@group-E6EF3BE0CB72-FollowerState
2022-12-06 15:44:50,310 [4ef44404-e624-4c50-bb49-8deedaf9742c@group-E6EF3BE0CB72-FollowerState] INFO  server.RaftServer$Division (RaftServerImpl.java:setRole(321)) - 4ef44404-e624-4c50-bb49-8deedaf9742c@group-E6EF3BE0CB72: changes role from  FOLLOWER to CANDIDATE at term 0 for changeToCandidate
2022-12-06 15:44:50,311 [4ef44404-e624-4c50-bb49-8deedaf9742c@group-E6EF3BE0CB72-FollowerState] INFO  server.RaftServerConfigKeys (ConfUtils.java:logGet(46)) - raft.server.leaderelection.pre-vote = false (custom)
2022-12-06 15:44:50,311 [4ef44404-e624-4c50-bb49-8deedaf9742c@group-E6EF3BE0CB72-FollowerState] INFO  impl.RoleInfo (RoleInfo.java:updateAndGet(139)) - 4ef44404-e624-4c50-bb49-8deedaf9742c: start 4ef44404-e624-4c50-bb49-8deedaf9742c@group-E6EF3BE0CB72-LeaderElection3
2022-12-06 15:44:50,315 [4ef44404-e624-4c50-bb49-8deedaf9742c@group-E6EF3BE0CB72-LeaderElection3] INFO  impl.LeaderElection (LeaderElection.java:askForVotes(312)) - 4ef44404-e624-4c50-bb49-8deedaf9742c@group-E6EF3BE0CB72-LeaderElection3 ELECTION round 0: submit vote requests at term 1 for -1: peers:[b0993b33-1422-4b90-a478-b8a2894a7eaa|rpc:10.1.0.110:42755|priority:1|startupRole:FOLLOWER, 4ef44404-e624-4c50-bb49-8deedaf9742c|rpc:10.1.0.110:46141|priority:0|startupRole:FOLLOWER, 0587405b-2ffa-4132-824d-547ca09f0e52|rpc:10.1.0.110:38421|priority:0|startupRole:FOLLOWER]|listeners:[], old=null
2022-12-06 15:44:50,322 [4ef44404-e624-4c50-bb49-8deedaf9742c@group-E6EF3BE0CB72-LeaderElection3-1] INFO  server.GrpcServerProtocolClient (GrpcServerProtocolClient.java:<init>(63)) - Build channel for b0993b33-1422-4b90-a478-b8a2894a7eaa
2022-12-06 15:44:50,327 [4ef44404-e624-4c50-bb49-8deedaf9742c@group-E6EF3BE0CB72-LeaderElection3] INFO  server.RaftServerConfigKeys (ConfUtils.java:logFallback(53)) - raft.server.rpc.first-election.timeout.min = 5s (fallback to raft.server.rpc.timeout.min)
2022-12-06 15:44:50,327 [4ef44404-e624-4c50-bb49-8deedaf9742c@group-E6EF3BE0CB72-LeaderElection3] INFO  server.RaftServerConfigKeys (ConfUtils.java:logFallback(53)) - raft.server.rpc.first-election.timeout.max = 5200ms (fallback to raft.server.rpc.timeout.max)
2022-12-06 15:44:50,339 [grpc-default-executor-0] INFO  server.RaftServer$Division (RaftServerImpl.java:requestVote(1218)) - b0993b33-1422-4b90-a478-b8a2894a7eaa@group-E6EF3BE0CB72: receive requestVote(ELECTION, 4ef44404-e624-4c50-bb49-8deedaf9742c, group-E6EF3BE0CB72, 1, (t:0, i:0))
2022-12-06 15:44:50,341 [grpc-default-executor-0] INFO  impl.VoteContext (VoteContext.java:log(49)) - b0993b33-1422-4b90-a478-b8a2894a7eaa@group-E6EF3BE0CB72-FOLLOWER: reject ELECTION from 4ef44404-e624-4c50-bb49-8deedaf9742c: our priority 1 > candidate's priority 0
2022-12-06 15:44:50,343 [grpc-default-executor-0] INFO  server.RaftServer$Division (RaftServerImpl.java:setRole(321)) - b0993b33-1422-4b90-a478-b8a2894a7eaa@group-E6EF3BE0CB72: changes role from  FOLLOWER to FOLLOWER at term 1 for candidate:4ef44404-e624-4c50-bb49-8deedaf9742c
2022-12-06 15:44:50,343 [grpc-default-executor-0] INFO  impl.RoleInfo (RoleInfo.java:shutdownFollowerState(110)) - b0993b33-1422-4b90-a478-b8a2894a7eaa: shutdown b0993b33-1422-4b90-a478-b8a2894a7eaa@group-E6EF3BE0CB72-FollowerState
2022-12-06 15:44:50,329 [4ef44404-e624-4c50-bb49-8deedaf9742c@group-E6EF3BE0CB72-LeaderElection3-2] INFO  server.GrpcServerProtocolClient (GrpcServerProtocolClient.java:<init>(63)) - Build channel for 0587405b-2ffa-4132-824d-547ca09f0e52
2022-12-06 15:44:50,343 [b0993b33-1422-4b90-a478-b8a2894a7eaa@group-E6EF3BE0CB72-FollowerState] INFO  impl.FollowerState (FollowerState.java:run(152)) - b0993b33-1422-4b90-a478-b8a2894a7eaa@group-E6EF3BE0CB72-FollowerState was interrupted
2022-12-06 15:44:50,356 [grpc-default-executor-0] INFO  impl.RoleInfo (RoleInfo.java:updateAndGet(139)) - b0993b33-1422-4b90-a478-b8a2894a7eaa: start b0993b33-1422-4b90-a478-b8a2894a7eaa@group-E6EF3BE0CB72-FollowerState
2022-12-06 15:44:50,357 [b0993b33-1422-4b90-a478-b8a2894a7eaa@group-E6EF3BE0CB72-FollowerState] INFO  server.RaftServerConfigKeys (ConfUtils.java:logFallback(53)) - raft.server.rpc.first-election.timeout.min = 5s (fallback to raft.server.rpc.timeout.min)
2022-12-06 15:44:50,358 [b0993b33-1422-4b90-a478-b8a2894a7eaa@group-E6EF3BE0CB72-FollowerState] INFO  server.RaftServerConfigKeys (ConfUtils.java:logFallback(53)) - raft.server.rpc.first-election.timeout.max = 5200ms (fallback to raft.server.rpc.timeout.max)
2022-12-06 15:44:50,361 [grpc-default-executor-0] INFO  server.RaftServer$Division (RaftServerImpl.java:requestVote(1251)) - b0993b33-1422-4b90-a478-b8a2894a7eaa@group-E6EF3BE0CB72 replies to ELECTION vote request: 4ef44404-e624-4c50-bb49-8deedaf9742c<-b0993b33-1422-4b90-a478-b8a2894a7eaa#0:FAIL-t1. Peer's state: b0993b33-1422-4b90-a478-b8a2894a7eaa@group-E6EF3BE0CB72:t1, leader=null, voted=null, raftlog=Memoized:b0993b33-1422-4b90-a478-b8a2894a7eaa@group-E6EF3BE0CB72-SegmentedRaftLog:OPENED:c-1, conf=-1: peers:[b0993b33-1422-4b90-a478-b8a2894a7eaa|rpc:10.1.0.110:42755|dataStream:|priority:1|startupRole:FOLLOWER, 4ef44404-e624-4c50-bb49-8deedaf9742c|rpc:10.1.0.110:46141|dataStream:|priority:0|startupRole:FOLLOWER, 0587405b-2ffa-4132-824d-547ca09f0e52|rpc:10.1.0.110:38421|dataStream:|priority:0|startupRole:FOLLOWER]|listeners:[], old=null
2022-12-06 15:44:50,366 [4ef44404-e624-4c50-bb49-8deedaf9742c@group-E6EF3BE0CB72-LeaderElection3] INFO  impl.LeaderElection (LeaderElection.java:logAndReturn(90)) - 4ef44404-e624-4c50-bb49-8deedaf9742c@group-E6EF3BE0CB72-LeaderElection3: ELECTION REJECTED received 1 response(s) and 0 exception(s):
2022-12-06 15:44:50,366 [4ef44404-e624-4c50-bb49-8deedaf9742c@group-E6EF3BE0CB72-LeaderElection3] INFO  impl.LeaderElection (LeaderElection.java:logAndReturn(94)) -   Response 0: 4ef44404-e624-4c50-bb49-8deedaf9742c<-b0993b33-1422-4b90-a478-b8a2894a7eaa#0:FAIL-t1
2022-12-06 15:44:50,366 [4ef44404-e624-4c50-bb49-8deedaf9742c@group-E6EF3BE0CB72-LeaderElection3] INFO  impl.LeaderElection (LeaderElection.java:askForVotes(314)) - 4ef44404-e624-4c50-bb49-8deedaf9742c@group-E6EF3BE0CB72-LeaderElection3 ELECTION round 0: result REJECTED
2022-12-06 15:44:50,366 [4ef44404-e624-4c50-bb49-8deedaf9742c@group-E6EF3BE0CB72-LeaderElection3] INFO  server.RaftServer$Division (RaftServerImpl.java:setRole(321)) - 4ef44404-e624-4c50-bb49-8deedaf9742c@group-E6EF3BE0CB72: changes role from CANDIDATE to FOLLOWER at term 1 for REJECTED
2022-12-06 15:44:50,366 [4ef44404-e624-4c50-bb49-8deedaf9742c@group-E6EF3BE0CB72-LeaderElection3] INFO  impl.RoleInfo (RoleInfo.java:shutdownLeaderElection(130)) - 4ef44404-e624-4c50-bb49-8deedaf9742c: shutdown 4ef44404-e624-4c50-bb49-8deedaf9742c@group-E6EF3BE0CB72-LeaderElection3
2022-12-06 15:44:50,367 [4ef44404-e624-4c50-bb49-8deedaf9742c@group-E6EF3BE0CB72-LeaderElection3] INFO  impl.RoleInfo (RoleInfo.java:updateAndGet(139)) - 4ef44404-e624-4c50-bb49-8deedaf9742c: start 4ef44404-e624-4c50-bb49-8deedaf9742c@group-E6EF3BE0CB72-FollowerState
2022-12-06 15:44:50,372 [4ef44404-e624-4c50-bb49-8deedaf9742c@group-E6EF3BE0CB72-FollowerState] INFO  server.RaftServerConfigKeys (ConfUtils.java:logFallback(53)) - raft.server.rpc.first-election.timeout.min = 5s (fallback to raft.server.rpc.timeout.min)
2022-12-06 15:44:50,376 [4ef44404-e624-4c50-bb49-8deedaf9742c@group-E6EF3BE0CB72-FollowerState] INFO  server.RaftServerConfigKeys (ConfUtils.java:logFallback(53)) - raft.server.rpc.first-election.timeout.max = 5200ms (fallback to raft.server.rpc.timeout.max)
2022-12-06 15:44:50,375 [grpc-default-executor-1] INFO  server.RaftServer$Division (RaftServerImpl.java:requestVote(1218)) - 0587405b-2ffa-4132-824d-547ca09f0e52@group-E6EF3BE0CB72: receive requestVote(ELECTION, 4ef44404-e624-4c50-bb49-8deedaf9742c, group-E6EF3BE0CB72, 1, (t:0, i:0))
2022-12-06 15:44:50,378 [grpc-default-executor-1] INFO  impl.VoteContext (VoteContext.java:log(49)) - 0587405b-2ffa-4132-824d-547ca09f0e52@group-E6EF3BE0CB72-FOLLOWER: accept ELECTION from 4ef44404-e624-4c50-bb49-8deedaf9742c: our priority 0 <= candidate's priority 0
2022-12-06 15:44:50,379 [grpc-default-executor-1] INFO  server.RaftServer$Division (RaftServerImpl.java:setRole(321)) - 0587405b-2ffa-4132-824d-547ca09f0e52@group-E6EF3BE0CB72: changes role from  FOLLOWER to FOLLOWER at term 1 for candidate:4ef44404-e624-4c50-bb49-8deedaf9742c
2022-12-06 15:44:50,379 [grpc-default-executor-1] INFO  impl.RoleInfo (RoleInfo.java:shutdownFollowerState(110)) - 0587405b-2ffa-4132-824d-547ca09f0e52: shutdown 0587405b-2ffa-4132-824d-547ca09f0e52@group-E6EF3BE0CB72-FollowerState
2022-12-06 15:44:50,380 [0587405b-2ffa-4132-824d-547ca09f0e52@group-E6EF3BE0CB72-FollowerState] INFO  impl.FollowerState (FollowerState.java:run(152)) - 0587405b-2ffa-4132-824d-547ca09f0e52@group-E6EF3BE0CB72-FollowerState was interrupted
2022-12-06 15:44:50,381 [grpc-default-executor-1] INFO  impl.RoleInfo (RoleInfo.java:updateAndGet(139)) - 0587405b-2ffa-4132-824d-547ca09f0e52: start 0587405b-2ffa-4132-824d-547ca09f0e52@group-E6EF3BE0CB72-FollowerState
2022-12-06 15:44:50,381 [0587405b-2ffa-4132-824d-547ca09f0e52@group-E6EF3BE0CB72-FollowerState] INFO  server.RaftServerConfigKeys (ConfUtils.java:logFallback(53)) - raft.server.rpc.first-election.timeout.min = 5s (fallback to raft.server.rpc.timeout.min)
2022-12-06 15:44:50,381 [0587405b-2ffa-4132-824d-547ca09f0e52@group-E6EF3BE0CB72-FollowerState] INFO  server.RaftServerConfigKeys (ConfUtils.java:logFallback(53)) - raft.server.rpc.first-election.timeout.max = 5200ms (fallback to raft.server.rpc.timeout.max)
2022-12-06 15:44:50,389 [grpc-default-executor-1] INFO  server.RaftServer$Division (RaftServerImpl.java:requestVote(1251)) - 0587405b-2ffa-4132-824d-547ca09f0e52@group-E6EF3BE0CB72 replies to ELECTION vote request: 4ef44404-e624-4c50-bb49-8deedaf9742c<-0587405b-2ffa-4132-824d-547ca09f0e52#0:OK-t1. Peer's state: 0587405b-2ffa-4132-824d-547ca09f0e52@group-E6EF3BE0CB72:t1, leader=null, voted=4ef44404-e624-4c50-bb49-8deedaf9742c, raftlog=Memoized:0587405b-2ffa-4132-824d-547ca09f0e52@group-E6EF3BE0CB72-SegmentedRaftLog:OPENED:c-1, conf=-1: peers:[b0993b33-1422-4b90-a478-b8a2894a7eaa|rpc:10.1.0.110:42755|priority:1|startupRole:FOLLOWER, 4ef44404-e624-4c50-bb49-8deedaf9742c|rpc:10.1.0.110:46141|priority:0|startupRole:FOLLOWER, 0587405b-2ffa-4132-824d-547ca09f0e52|rpc:10.1.0.110:38421|priority:0|startupRole:FOLLOWER]|listeners:[], old=null
2022-12-06 15:44:50,457 [EventQueue-CommandQueueReportForCommandQueueReportHandler] WARN  events.EventQueue (EventQueue.java:fireEvent(216)) - No event handler registered for event TypedEvent{payloadType=DatanodeDetails, name='Datanode_Command_Queue_Updated'}
2022-12-06 15:44:50,761 [EventQueue-CommandQueueReportForCommandQueueReportHandler] WARN  events.EventQueue (EventQueue.java:fireEvent(216)) - No event handler registered for event TypedEvent{payloadType=DatanodeDetails, name='Datanode_Command_Queue_Updated'}
2022-12-06 15:44:50,764 [Listener at 127.0.0.1/44149] INFO  ozone.MiniOzoneClusterImpl (MiniOzoneClusterImpl.java:lambda$waitForClusterToBeReady$0(216)) - Nodes are ready. Got 10 of 10 DN Heartbeats.
2022-12-06 15:44:50,764 [Listener at 127.0.0.1/44149] INFO  ozone.MiniOzoneClusterImpl (MiniOzoneClusterImpl.java:lambda$waitForClusterToBeReady$0(219)) - Waiting for cluster to exit safe mode
2022-12-06 15:44:50,764 [Listener at 127.0.0.1/44149] INFO  ozone.MiniOzoneClusterImpl (MiniOzoneClusterImpl.java:lambda$waitForClusterToBeReady$0(221)) - SCM became leader
2022-12-06 15:44:50,765 [EventQueue-CommandQueueReportForCommandQueueReportHandler] WARN  events.EventQueue (EventQueue.java:fireEvent(216)) - No event handler registered for event TypedEvent{payloadType=DatanodeDetails, name='Datanode_Command_Queue_Updated'}
2022-12-06 15:44:50,772 [0587405b-2ffa-4132-824d-547ca09f0e52@group-815F7F527F96-FollowerState] INFO  impl.FollowerState (FollowerState.java:run(143)) - 0587405b-2ffa-4132-824d-547ca09f0e52@group-815F7F527F96-FollowerState: change to CANDIDATE, lastRpcElapsedTime:5174935135ns, electionTimeout:5170ms
2022-12-06 15:44:50,773 [0587405b-2ffa-4132-824d-547ca09f0e52@group-815F7F527F96-FollowerState] INFO  impl.RoleInfo (RoleInfo.java:shutdownFollowerState(110)) - 0587405b-2ffa-4132-824d-547ca09f0e52: shutdown 0587405b-2ffa-4132-824d-547ca09f0e52@group-815F7F527F96-FollowerState
2022-12-06 15:44:50,773 [0587405b-2ffa-4132-824d-547ca09f0e52@group-815F7F527F96-FollowerState] INFO  server.RaftServer$Division (RaftServerImpl.java:setRole(321)) - 0587405b-2ffa-4132-824d-547ca09f0e52@group-815F7F527F96: changes role from  FOLLOWER to CANDIDATE at term 0 for changeToCandidate
2022-12-06 15:44:50,774 [0587405b-2ffa-4132-824d-547ca09f0e52@group-815F7F527F96-FollowerState] INFO  server.RaftServerConfigKeys (ConfUtils.java:logGet(46)) - raft.server.leaderelection.pre-vote = false (custom)
2022-12-06 15:44:50,774 [0587405b-2ffa-4132-824d-547ca09f0e52@group-815F7F527F96-FollowerState] INFO  impl.RoleInfo (RoleInfo.java:updateAndGet(139)) - 0587405b-2ffa-4132-824d-547ca09f0e52: start 0587405b-2ffa-4132-824d-547ca09f0e52@group-815F7F527F96-LeaderElection4
2022-12-06 15:44:50,781 [EventQueue-CommandQueueReportForCommandQueueReportHandler] WARN  events.EventQueue (EventQueue.java:fireEvent(216)) - No event handler registered for event TypedEvent{payloadType=DatanodeDetails, name='Datanode_Command_Queue_Updated'}
2022-12-06 15:44:50,785 [0587405b-2ffa-4132-824d-547ca09f0e52@group-815F7F527F96-LeaderElection4] INFO  impl.LeaderElection (LeaderElection.java:askForVotes(312)) - 0587405b-2ffa-4132-824d-547ca09f0e52@group-815F7F527F96-LeaderElection4 ELECTION round 0: submit vote requests at term 1 for -1: peers:[0587405b-2ffa-4132-824d-547ca09f0e52|rpc:10.1.0.110:38421|priority:1|startupRole:FOLLOWER]|listeners:[], old=null
2022-12-06 15:44:50,785 [0587405b-2ffa-4132-824d-547ca09f0e52@group-815F7F527F96-LeaderElection4] INFO  impl.LeaderElection (LeaderElection.java:askForVotes(314)) - 0587405b-2ffa-4132-824d-547ca09f0e52@group-815F7F527F96-LeaderElection4 ELECTION round 0: result PASSED (term=1)
2022-12-06 15:44:50,785 [0587405b-2ffa-4132-824d-547ca09f0e52@group-815F7F527F96-LeaderElection4] INFO  impl.RoleInfo (RoleInfo.java:shutdownLeaderElection(130)) - 0587405b-2ffa-4132-824d-547ca09f0e52: shutdown 0587405b-2ffa-4132-824d-547ca09f0e52@group-815F7F527F96-LeaderElection4
2022-12-06 15:44:50,786 [0587405b-2ffa-4132-824d-547ca09f0e52@group-815F7F527F96-LeaderElection4] INFO  server.RaftServer$Division (RaftServerImpl.java:setRole(321)) - 0587405b-2ffa-4132-824d-547ca09f0e52@group-815F7F527F96: changes role from CANDIDATE to LEADER at term 1 for changeToLeader
2022-12-06 15:44:50,786 [0587405b-2ffa-4132-824d-547ca09f0e52@group-815F7F527F96-LeaderElection4] INFO  ratis.XceiverServerRatis (XceiverServerRatis.java:handleLeaderChangedNotification(863)) - Leader change notification received for group: group-815F7F527F96 with new leaderId: 0587405b-2ffa-4132-824d-547ca09f0e52
2022-12-06 15:44:50,786 [0587405b-2ffa-4132-824d-547ca09f0e52@group-815F7F527F96-LeaderElection4] INFO  server.RaftServer$Division (ServerState.java:setLeader(313)) - 0587405b-2ffa-4132-824d-547ca09f0e52@group-815F7F527F96: change Leader from null to 0587405b-2ffa-4132-824d-547ca09f0e52 at term 1 for becomeLeader, leader elected after 5225ms
2022-12-06 15:44:50,786 [0587405b-2ffa-4132-824d-547ca09f0e52@group-815F7F527F96-LeaderElection4] INFO  server.RaftServerConfigKeys (ConfUtils.java:logGet(46)) - raft.server.staging.catchup.gap = 1000 (default)
2022-12-06 15:44:50,786 [0587405b-2ffa-4132-824d-547ca09f0e52@group-815F7F527F96-LeaderElection4] INFO  server.RaftServerConfigKeys (ConfUtils.java:logGet(46)) - raft.server.write.element-limit = 1024 (custom)
2022-12-06 15:44:50,786 [0587405b-2ffa-4132-824d-547ca09f0e52@group-815F7F527F96-LeaderElection4] INFO  server.RaftServerConfigKeys (ConfUtils.java:logGet(46)) - raft.server.write.byte-limit = 1024 M (=1073741824) (custom)
2022-12-06 15:44:50,787 [0587405b-2ffa-4132-824d-547ca09f0e52@group-815F7F527F96-LeaderElection4] INFO  server.RaftServerConfigKeys (ConfUtils.java:logGet(46)) - raft.server.watch.timeout = 180s (custom)
2022-12-06 15:44:50,787 [0587405b-2ffa-4132-824d-547ca09f0e52@group-815F7F527F96-LeaderElection4] INFO  server.RaftServerConfigKeys (ConfUtils.java:logGet(46)) - raft.server.watch.timeout.denomination = 1s (default)
2022-12-06 15:44:50,787 [0587405b-2ffa-4132-824d-547ca09f0e52@group-815F7F527F96-LeaderElection4] INFO  server.RaftServerConfigKeys (ConfUtils.java:logGet(46)) - raft.server.watch.element-limit = 65536 (default)
2022-12-06 15:44:50,787 [0587405b-2ffa-4132-824d-547ca09f0e52@group-815F7F527F96-LeaderElection4] INFO  server.RaftServerConfigKeys (ConfUtils.java:logGet(46)) - raft.server.write.element-limit = 1024 (custom)
2022-12-06 15:44:50,787 [0587405b-2ffa-4132-824d-547ca09f0e52@group-815F7F527F96-LeaderElection4] INFO  server.RaftServerConfigKeys (ConfUtils.java:logGet(46)) - raft.server.write.follower.gap.ratio.max = -1.0 (default)
2022-12-06 15:44:50,787 [EventQueue-OpenPipelineForHealthyPipelineSafeModeRule] INFO  safemode.SCMSafeModeManager (HealthyPipelineSafeModeRule.java:process(137)) - SCM in safe mode. Healthy pipelines reported count is 0, required healthy pipeline reported count is 1
2022-12-06 15:44:50,788 [0587405b-2ffa-4132-824d-547ca09f0e52@group-815F7F527F96-LeaderElection4] INFO  impl.RoleInfo (RoleInfo.java:updateAndGet(139)) - 0587405b-2ffa-4132-824d-547ca09f0e52: start 0587405b-2ffa-4132-824d-547ca09f0e52@group-815F7F527F96-LeaderStateImpl
2022-12-06 15:44:50,788 [EventQueue-CommandQueueReportForCommandQueueReportHandler] WARN  events.EventQueue (EventQueue.java:fireEvent(216)) - No event handler registered for event TypedEvent{payloadType=DatanodeDetails, name='Datanode_Command_Queue_Updated'}
2022-12-06 15:44:50,788 [0587405b-2ffa-4132-824d-547ca09f0e52@group-815F7F527F96-LeaderElection4] INFO  segmented.SegmentedRaftLogWorker (SegmentedRaftLogWorker.java:startLogSegment(452)) - 0587405b-2ffa-4132-824d-547ca09f0e52@group-815F7F527F96-SegmentedRaftLogWorker: Starting segment from index:0
2022-12-06 15:44:50,789 [0587405b-2ffa-4132-824d-547ca09f0e52@group-815F7F527F96-SegmentedRaftLogWorker] INFO  segmented.SegmentedRaftLogWorker (SegmentedRaftLogWorker.java:execute(656)) - 0587405b-2ffa-4132-824d-547ca09f0e52@group-815F7F527F96-SegmentedRaftLogWorker: created new log segment /home/runner/work/ozone/ozone/hadoop-ozone/integration-test/target/test-dir/MiniOzoneClusterImpl-dce15e54-dc76-4f82-a75a-fd2a8a22e08e/datanode-1/data/ratis/71ddf8bb-714c-4a67-a210-815f7f527f96/current/log_inprogress_0
2022-12-06 15:44:50,793 [0587405b-2ffa-4132-824d-547ca09f0e52@group-815F7F527F96-LeaderElection4] INFO  server.RaftServer$Division (ServerState.java:setRaftConf(430)) - 0587405b-2ffa-4132-824d-547ca09f0e52@group-815F7F527F96: set configuration 0: peers:[0587405b-2ffa-4132-824d-547ca09f0e52|rpc:10.1.0.110:38421|dataStream:|priority:1|startupRole:FOLLOWER]|listeners:[], old=null
2022-12-06 15:44:50,869 [EventQueue-CommandQueueReportForCommandQueueReportHandler] WARN  events.EventQueue (EventQueue.java:fireEvent(216)) - No event handler registered for event TypedEvent{payloadType=DatanodeDetails, name='Datanode_Command_Queue_Updated'}
2022-12-06 15:44:50,922 [EventQueue-CommandQueueReportForCommandQueueReportHandler] WARN  events.EventQueue (EventQueue.java:fireEvent(216)) - No event handler registered for event TypedEvent{payloadType=DatanodeDetails, name='Datanode_Command_Queue_Updated'}
2022-12-06 15:44:50,959 [EventQueue-CommandQueueReportForCommandQueueReportHandler] WARN  events.EventQueue (EventQueue.java:fireEvent(216)) - No event handler registered for event TypedEvent{payloadType=DatanodeDetails, name='Datanode_Command_Queue_Updated'}
2022-12-06 15:44:51,092 [EventQueue-CommandQueueReportForCommandQueueReportHandler] WARN  events.EventQueue (EventQueue.java:fireEvent(216)) - No event handler registered for event TypedEvent{payloadType=DatanodeDetails, name='Datanode_Command_Queue_Updated'}
2022-12-06 15:44:51,145 [EventQueue-CommandQueueReportForCommandQueueReportHandler] WARN  events.EventQueue (EventQueue.java:fireEvent(216)) - No event handler registered for event TypedEvent{payloadType=DatanodeDetails, name='Datanode_Command_Queue_Updated'}
2022-12-06 15:44:51,224 [b0993b33-1422-4b90-a478-b8a2894a7eaa@group-860DA3541F0F-FollowerState] INFO  impl.FollowerState (FollowerState.java:run(143)) - b0993b33-1422-4b90-a478-b8a2894a7eaa@group-860DA3541F0F-FollowerState: change to CANDIDATE, lastRpcElapsedTime:5212108501ns, electionTimeout:5189ms
2022-12-06 15:44:51,224 [b0993b33-1422-4b90-a478-b8a2894a7eaa@group-860DA3541F0F-FollowerState] INFO  impl.RoleInfo (RoleInfo.java:shutdownFollowerState(110)) - b0993b33-1422-4b90-a478-b8a2894a7eaa: shutdown b0993b33-1422-4b90-a478-b8a2894a7eaa@group-860DA3541F0F-FollowerState
2022-12-06 15:44:51,224 [b0993b33-1422-4b90-a478-b8a2894a7eaa@group-860DA3541F0F-FollowerState] INFO  server.RaftServer$Division (RaftServerImpl.java:setRole(321)) - b0993b33-1422-4b90-a478-b8a2894a7eaa@group-860DA3541F0F: changes role from  FOLLOWER to CANDIDATE at term 0 for changeToCandidate
2022-12-06 15:44:51,229 [b0993b33-1422-4b90-a478-b8a2894a7eaa@group-860DA3541F0F-FollowerState] INFO  server.RaftServerConfigKeys (ConfUtils.java:logGet(46)) - raft.server.leaderelection.pre-vote = false (custom)
2022-12-06 15:44:51,229 [b0993b33-1422-4b90-a478-b8a2894a7eaa@group-860DA3541F0F-FollowerState] INFO  impl.RoleInfo (RoleInfo.java:updateAndGet(139)) - b0993b33-1422-4b90-a478-b8a2894a7eaa: start b0993b33-1422-4b90-a478-b8a2894a7eaa@group-860DA3541F0F-LeaderElection5
2022-12-06 15:44:51,236 [EventQueue-CommandQueueReportForCommandQueueReportHandler] WARN  events.EventQueue (EventQueue.java:fireEvent(216)) - No event handler registered for event TypedEvent{payloadType=DatanodeDetails, name='Datanode_Command_Queue_Updated'}
2022-12-06 15:44:51,239 [b0993b33-1422-4b90-a478-b8a2894a7eaa@group-860DA3541F0F-LeaderElection5] INFO  impl.LeaderElection (LeaderElection.java:askForVotes(312)) - b0993b33-1422-4b90-a478-b8a2894a7eaa@group-860DA3541F0F-LeaderElection5 ELECTION round 0: submit vote requests at term 1 for -1: peers:[b0993b33-1422-4b90-a478-b8a2894a7eaa|rpc:10.1.0.110:42755|priority:1|startupRole:FOLLOWER]|listeners:[], old=null
2022-12-06 15:44:51,239 [b0993b33-1422-4b90-a478-b8a2894a7eaa@group-860DA3541F0F-LeaderElection5] INFO  impl.LeaderElection (LeaderElection.java:askForVotes(314)) - b0993b33-1422-4b90-a478-b8a2894a7eaa@group-860DA3541F0F-LeaderElection5 ELECTION round 0: result PASSED (term=1)
2022-12-06 15:44:51,239 [b0993b33-1422-4b90-a478-b8a2894a7eaa@group-860DA3541F0F-LeaderElection5] INFO  impl.RoleInfo (RoleInfo.java:shutdownLeaderElection(130)) - b0993b33-1422-4b90-a478-b8a2894a7eaa: shutdown b0993b33-1422-4b90-a478-b8a2894a7eaa@group-860DA3541F0F-LeaderElection5
2022-12-06 15:44:51,239 [b0993b33-1422-4b90-a478-b8a2894a7eaa@group-860DA3541F0F-LeaderElection5] INFO  server.RaftServer$Division (RaftServerImpl.java:setRole(321)) - b0993b33-1422-4b90-a478-b8a2894a7eaa@group-860DA3541F0F: changes role from CANDIDATE to LEADER at term 1 for changeToLeader
2022-12-06 15:44:51,239 [b0993b33-1422-4b90-a478-b8a2894a7eaa@group-860DA3541F0F-LeaderElection5] INFO  ratis.XceiverServerRatis (XceiverServerRatis.java:handleLeaderChangedNotification(863)) - Leader change notification received for group: group-860DA3541F0F with new leaderId: b0993b33-1422-4b90-a478-b8a2894a7eaa
2022-12-06 15:44:51,239 [b0993b33-1422-4b90-a478-b8a2894a7eaa@group-860DA3541F0F-LeaderElection5] INFO  server.RaftServer$Division (ServerState.java:setLeader(313)) - b0993b33-1422-4b90-a478-b8a2894a7eaa@group-860DA3541F0F: change Leader from null to b0993b33-1422-4b90-a478-b8a2894a7eaa at term 1 for becomeLeader, leader elected after 5294ms
2022-12-06 15:44:51,239 [b0993b33-1422-4b90-a478-b8a2894a7eaa@group-860DA3541F0F-LeaderElection5] INFO  server.RaftServerConfigKeys (ConfUtils.java:logGet(46)) - raft.server.staging.catchup.gap = 1000 (default)
2022-12-06 15:44:51,240 [b0993b33-1422-4b90-a478-b8a2894a7eaa@group-860DA3541F0F-LeaderElection5] INFO  server.RaftServerConfigKeys (ConfUtils.java:logGet(46)) - raft.server.write.element-limit = 1024 (custom)
2022-12-06 15:44:51,240 [b0993b33-1422-4b90-a478-b8a2894a7eaa@group-860DA3541F0F-LeaderElection5] INFO  server.RaftServerConfigKeys (ConfUtils.java:logGet(46)) - raft.server.write.byte-limit = 1024 M (=1073741824) (custom)
2022-12-06 15:44:51,240 [b0993b33-1422-4b90-a478-b8a2894a7eaa@group-860DA3541F0F-LeaderElection5] INFO  server.RaftServerConfigKeys (ConfUtils.java:logGet(46)) - raft.server.watch.timeout = 180s (custom)
2022-12-06 15:44:51,240 [b0993b33-1422-4b90-a478-b8a2894a7eaa@group-860DA3541F0F-LeaderElection5] INFO  server.RaftServerConfigKeys (ConfUtils.java:logGet(46)) - raft.server.watch.timeout.denomination = 1s (default)
2022-12-06 15:44:51,240 [b0993b33-1422-4b90-a478-b8a2894a7eaa@group-860DA3541F0F-LeaderElection5] INFO  server.RaftServerConfigKeys (ConfUtils.java:logGet(46)) - raft.server.watch.element-limit = 65536 (default)
2022-12-06 15:44:51,241 [EventQueue-OpenPipelineForHealthyPipelineSafeModeRule] INFO  safemode.SCMSafeModeManager (HealthyPipelineSafeModeRule.java:process(137)) - SCM in safe mode. Healthy pipelines reported count is 0, required healthy pipeline reported count is 1
2022-12-06 15:44:51,240 [EventQueue-CommandQueueReportForCommandQueueReportHandler] WARN  events.EventQueue (EventQueue.java:fireEvent(216)) - No event handler registered for event TypedEvent{payloadType=DatanodeDetails, name='Datanode_Command_Queue_Updated'}
2022-12-06 15:44:51,241 [b0993b33-1422-4b90-a478-b8a2894a7eaa@group-860DA3541F0F-LeaderElection5] INFO  server.RaftServerConfigKeys (ConfUtils.java:logGet(46)) - raft.server.write.element-limit = 1024 (custom)
2022-12-06 15:44:51,241 [b0993b33-1422-4b90-a478-b8a2894a7eaa@group-860DA3541F0F-LeaderElection5] INFO  server.RaftServerConfigKeys (ConfUtils.java:logGet(46)) - raft.server.write.follower.gap.ratio.max = -1.0 (default)
2022-12-06 15:44:51,241 [b0993b33-1422-4b90-a478-b8a2894a7eaa@group-860DA3541F0F-LeaderElection5] INFO  impl.RoleInfo (RoleInfo.java:updateAndGet(139)) - b0993b33-1422-4b90-a478-b8a2894a7eaa: start b0993b33-1422-4b90-a478-b8a2894a7eaa@group-860DA3541F0F-LeaderStateImpl
2022-12-06 15:44:51,241 [b0993b33-1422-4b90-a478-b8a2894a7eaa@group-860DA3541F0F-LeaderElection5] INFO  segmented.SegmentedRaftLogWorker (SegmentedRaftLogWorker.java:startLogSegment(452)) - b0993b33-1422-4b90-a478-b8a2894a7eaa@group-860DA3541F0F-SegmentedRaftLogWorker: Starting segment from index:0
2022-12-06 15:44:51,243 [b0993b33-1422-4b90-a478-b8a2894a7eaa@group-860DA3541F0F-LeaderElection5] INFO  server.RaftServer$Division (ServerState.java:setRaftConf(430)) - b0993b33-1422-4b90-a478-b8a2894a7eaa@group-860DA3541F0F: set configuration 0: peers:[b0993b33-1422-4b90-a478-b8a2894a7eaa|rpc:10.1.0.110:42755|dataStream:|priority:1|startupRole:FOLLOWER]|listeners:[], old=null
2022-12-06 15:44:51,244 [b0993b33-1422-4b90-a478-b8a2894a7eaa@group-860DA3541F0F-SegmentedRaftLogWorker] INFO  segmented.SegmentedRaftLogWorker (SegmentedRaftLogWorker.java:execute(656)) - b0993b33-1422-4b90-a478-b8a2894a7eaa@group-860DA3541F0F-SegmentedRaftLogWorker: created new log segment /home/runner/work/ozone/ozone/hadoop-ozone/integration-test/target/test-dir/MiniOzoneClusterImpl-dce15e54-dc76-4f82-a75a-fd2a8a22e08e/datanode-2/data/ratis/bf923e71-20ae-46e3-a36e-860da3541f0f/current/log_inprogress_0
2022-12-06 15:44:51,458 [EventQueue-CommandQueueReportForCommandQueueReportHandler] WARN  events.EventQueue (EventQueue.java:fireEvent(216)) - No event handler registered for event TypedEvent{payloadType=DatanodeDetails, name='Datanode_Command_Queue_Updated'}
2022-12-06 15:44:51,492 [470e2686-24c9-4e42-bae6-1f3a72650c76@group-B0F69B97C3D3-FollowerState] INFO  impl.FollowerState (FollowerState.java:run(143)) - 470e2686-24c9-4e42-bae6-1f3a72650c76@group-B0F69B97C3D3-FollowerState: change to CANDIDATE, lastRpcElapsedTime:5036243450ns, electionTimeout:5033ms
2022-12-06 15:44:51,492 [470e2686-24c9-4e42-bae6-1f3a72650c76@group-B0F69B97C3D3-FollowerState] INFO  impl.RoleInfo (RoleInfo.java:shutdownFollowerState(110)) - 470e2686-24c9-4e42-bae6-1f3a72650c76: shutdown 470e2686-24c9-4e42-bae6-1f3a72650c76@group-B0F69B97C3D3-FollowerState
2022-12-06 15:44:51,492 [470e2686-24c9-4e42-bae6-1f3a72650c76@group-B0F69B97C3D3-FollowerState] INFO  server.RaftServer$Division (RaftServerImpl.java:setRole(321)) - 470e2686-24c9-4e42-bae6-1f3a72650c76@group-B0F69B97C3D3: changes role from  FOLLOWER to CANDIDATE at term 0 for changeToCandidate
2022-12-06 15:44:51,492 [470e2686-24c9-4e42-bae6-1f3a72650c76@group-B0F69B97C3D3-FollowerState] INFO  server.RaftServerConfigKeys (ConfUtils.java:logGet(46)) - raft.server.leaderelection.pre-vote = false (custom)
2022-12-06 15:44:51,492 [470e2686-24c9-4e42-bae6-1f3a72650c76@group-B0F69B97C3D3-FollowerState] INFO  impl.RoleInfo (RoleInfo.java:updateAndGet(139)) - 470e2686-24c9-4e42-bae6-1f3a72650c76: start 470e2686-24c9-4e42-bae6-1f3a72650c76@group-B0F69B97C3D3-LeaderElection6
2022-12-06 15:44:51,496 [470e2686-24c9-4e42-bae6-1f3a72650c76@group-B0F69B97C3D3-LeaderElection6] INFO  impl.LeaderElection (LeaderElection.java:askForVotes(312)) - 470e2686-24c9-4e42-bae6-1f3a72650c76@group-B0F69B97C3D3-LeaderElection6 ELECTION round 0: submit vote requests at term 1 for -1: peers:[470e2686-24c9-4e42-bae6-1f3a72650c76|rpc:10.1.0.110:33297|priority:1|startupRole:FOLLOWER]|listeners:[], old=null
2022-12-06 15:44:51,496 [470e2686-24c9-4e42-bae6-1f3a72650c76@group-B0F69B97C3D3-LeaderElection6] INFO  impl.LeaderElection (LeaderElection.java:askForVotes(314)) - 470e2686-24c9-4e42-bae6-1f3a72650c76@group-B0F69B97C3D3-LeaderElection6 ELECTION round 0: result PASSED (term=1)
2022-12-06 15:44:51,496 [470e2686-24c9-4e42-bae6-1f3a72650c76@group-B0F69B97C3D3-LeaderElection6] INFO  impl.RoleInfo (RoleInfo.java:shutdownLeaderElection(130)) - 470e2686-24c9-4e42-bae6-1f3a72650c76: shutdown 470e2686-24c9-4e42-bae6-1f3a72650c76@group-B0F69B97C3D3-LeaderElection6
2022-12-06 15:44:51,497 [470e2686-24c9-4e42-bae6-1f3a72650c76@group-B0F69B97C3D3-LeaderElection6] INFO  server.RaftServer$Division (RaftServerImpl.java:setRole(321)) - 470e2686-24c9-4e42-bae6-1f3a72650c76@group-B0F69B97C3D3: changes role from CANDIDATE to LEADER at term 1 for changeToLeader
2022-12-06 15:44:51,497 [470e2686-24c9-4e42-bae6-1f3a72650c76@group-B0F69B97C3D3-LeaderElection6] INFO  ratis.XceiverServerRatis (XceiverServerRatis.java:handleLeaderChangedNotification(863)) - Leader change notification received for group: group-B0F69B97C3D3 with new leaderId: 470e2686-24c9-4e42-bae6-1f3a72650c76
2022-12-06 15:44:51,497 [470e2686-24c9-4e42-bae6-1f3a72650c76@group-B0F69B97C3D3-LeaderElection6] INFO  server.RaftServer$Division (ServerState.java:setLeader(313)) - 470e2686-24c9-4e42-bae6-1f3a72650c76@group-B0F69B97C3D3: change Leader from null to 470e2686-24c9-4e42-bae6-1f3a72650c76 at term 1 for becomeLeader, leader elected after 5085ms
2022-12-06 15:44:51,497 [470e2686-24c9-4e42-bae6-1f3a72650c76@group-B0F69B97C3D3-LeaderElection6] INFO  server.RaftServerConfigKeys (ConfUtils.java:logGet(46)) - raft.server.staging.catchup.gap = 1000 (default)
2022-12-06 15:44:51,497 [470e2686-24c9-4e42-bae6-1f3a72650c76@group-B0F69B97C3D3-LeaderElection6] INFO  server.RaftServerConfigKeys (ConfUtils.java:logGet(46)) - raft.server.write.element-limit = 1024 (custom)
2022-12-06 15:44:51,497 [470e2686-24c9-4e42-bae6-1f3a72650c76@group-B0F69B97C3D3-LeaderElection6] INFO  server.RaftServerConfigKeys (ConfUtils.java:logGet(46)) - raft.server.write.byte-limit = 1024 M (=1073741824) (custom)
2022-12-06 15:44:51,498 [470e2686-24c9-4e42-bae6-1f3a72650c76@group-B0F69B97C3D3-LeaderElection6] INFO  server.RaftServerConfigKeys (ConfUtils.java:logGet(46)) - raft.server.watch.timeout = 180s (custom)
2022-12-06 15:44:51,498 [470e2686-24c9-4e42-bae6-1f3a72650c76@group-B0F69B97C3D3-LeaderElection6] INFO  server.RaftServerConfigKeys (ConfUtils.java:logGet(46)) - raft.server.watch.timeout.denomination = 1s (default)
2022-12-06 15:44:51,498 [470e2686-24c9-4e42-bae6-1f3a72650c76@group-B0F69B97C3D3-LeaderElection6] INFO  server.RaftServerConfigKeys (ConfUtils.java:logGet(46)) - raft.server.watch.element-limit = 65536 (default)
2022-12-06 15:44:51,498 [470e2686-24c9-4e42-bae6-1f3a72650c76@group-B0F69B97C3D3-LeaderElection6] INFO  server.RaftServerConfigKeys (ConfUtils.java:logGet(46)) - raft.server.write.element-limit = 1024 (custom)
2022-12-06 15:44:51,498 [470e2686-24c9-4e42-bae6-1f3a72650c76@group-B0F69B97C3D3-LeaderElection6] INFO  server.RaftServerConfigKeys (ConfUtils.java:logGet(46)) - raft.server.write.follower.gap.ratio.max = -1.0 (default)
2022-12-06 15:44:51,498 [470e2686-24c9-4e42-bae6-1f3a72650c76@group-B0F69B97C3D3-LeaderElection6] INFO  impl.RoleInfo (RoleInfo.java:updateAndGet(139)) - 470e2686-24c9-4e42-bae6-1f3a72650c76: start 470e2686-24c9-4e42-bae6-1f3a72650c76@group-B0F69B97C3D3-LeaderStateImpl
2022-12-06 15:44:51,499 [EventQueue-OpenPipelineForHealthyPipelineSafeModeRule] INFO  safemode.SCMSafeModeManager (HealthyPipelineSafeModeRule.java:process(137)) - SCM in safe mode. Healthy pipelines reported count is 0, required healthy pipeline reported count is 1
2022-12-06 15:44:51,499 [470e2686-24c9-4e42-bae6-1f3a72650c76@group-B0F69B97C3D3-LeaderElection6] INFO  segmented.SegmentedRaftLogWorker (SegmentedRaftLogWorker.java:startLogSegment(452)) - 470e2686-24c9-4e42-bae6-1f3a72650c76@group-B0F69B97C3D3-SegmentedRaftLogWorker: Starting segment from index:0
2022-12-06 15:44:51,499 [EventQueue-CommandQueueReportForCommandQueueReportHandler] WARN  events.EventQueue (EventQueue.java:fireEvent(216)) - No event handler registered for event TypedEvent{payloadType=DatanodeDetails, name='Datanode_Command_Queue_Updated'}
2022-12-06 15:44:51,501 [470e2686-24c9-4e42-bae6-1f3a72650c76@group-B0F69B97C3D3-LeaderElection6] INFO  server.RaftServer$Division (ServerState.java:setRaftConf(430)) - 470e2686-24c9-4e42-bae6-1f3a72650c76@group-B0F69B97C3D3: set configuration 0: peers:[470e2686-24c9-4e42-bae6-1f3a72650c76|rpc:10.1.0.110:33297|dataStream:|priority:1|startupRole:FOLLOWER]|listeners:[], old=null
2022-12-06 15:44:51,502 [470e2686-24c9-4e42-bae6-1f3a72650c76@group-B0F69B97C3D3-SegmentedRaftLogWorker] INFO  segmented.SegmentedRaftLogWorker (SegmentedRaftLogWorker.java:execute(656)) - 470e2686-24c9-4e42-bae6-1f3a72650c76@group-B0F69B97C3D3-SegmentedRaftLogWorker: created new log segment /home/runner/work/ozone/ozone/hadoop-ozone/integration-test/target/test-dir/MiniOzoneClusterImpl-dce15e54-dc76-4f82-a75a-fd2a8a22e08e/datanode-3/data/ratis/16800fd4-09b8-4725-bd99-b0f69b97c3d3/current/log_inprogress_0
2022-12-06 15:44:51,609 [b0993b33-1422-4b90-a478-b8a2894a7eaa@group-6B60A7C996DB-FollowerState] INFO  impl.FollowerState (FollowerState.java:run(143)) - b0993b33-1422-4b90-a478-b8a2894a7eaa@group-6B60A7C996DB-FollowerState: change to CANDIDATE, lastRpcElapsedTime:5196577996ns, electionTimeout:5195ms
2022-12-06 15:44:51,609 [b0993b33-1422-4b90-a478-b8a2894a7eaa@group-6B60A7C996DB-FollowerState] INFO  impl.RoleInfo (RoleInfo.java:shutdownFollowerState(110)) - b0993b33-1422-4b90-a478-b8a2894a7eaa: shutdown b0993b33-1422-4b90-a478-b8a2894a7eaa@group-6B60A7C996DB-FollowerState
2022-12-06 15:44:51,610 [b0993b33-1422-4b90-a478-b8a2894a7eaa@group-6B60A7C996DB-FollowerState] INFO  server.RaftServer$Division (RaftServerImpl.java:setRole(321)) - b0993b33-1422-4b90-a478-b8a2894a7eaa@group-6B60A7C996DB: changes role from  FOLLOWER to CANDIDATE at term 0 for changeToCandidate
2022-12-06 15:44:51,610 [b0993b33-1422-4b90-a478-b8a2894a7eaa@group-6B60A7C996DB-FollowerState] INFO  server.RaftServerConfigKeys (ConfUtils.java:logGet(46)) - raft.server.leaderelection.pre-vote = false (custom)
2022-12-06 15:44:51,610 [b0993b33-1422-4b90-a478-b8a2894a7eaa@group-6B60A7C996DB-FollowerState] INFO  impl.RoleInfo (RoleInfo.java:updateAndGet(139)) - b0993b33-1422-4b90-a478-b8a2894a7eaa: start b0993b33-1422-4b90-a478-b8a2894a7eaa@group-6B60A7C996DB-LeaderElection7
2022-12-06 15:44:51,614 [b0993b33-1422-4b90-a478-b8a2894a7eaa@group-6B60A7C996DB-LeaderElection7] INFO  impl.LeaderElection (LeaderElection.java:askForVotes(312)) - b0993b33-1422-4b90-a478-b8a2894a7eaa@group-6B60A7C996DB-LeaderElection7 ELECTION round 0: submit vote requests at term 1 for -1: peers:[4ef44404-e624-4c50-bb49-8deedaf9742c|rpc:10.1.0.110:46141|priority:1|startupRole:FOLLOWER, b0993b33-1422-4b90-a478-b8a2894a7eaa|rpc:10.1.0.110:42755|priority:0|startupRole:FOLLOWER, 0587405b-2ffa-4132-824d-547ca09f0e52|rpc:10.1.0.110:38421|priority:0|startupRole:FOLLOWER]|listeners:[], old=null
2022-12-06 15:44:51,615 [b0993b33-1422-4b90-a478-b8a2894a7eaa@group-6B60A7C996DB-LeaderElection7-1] INFO  server.GrpcServerProtocolClient (GrpcServerProtocolClient.java:<init>(63)) - Build channel for 4ef44404-e624-4c50-bb49-8deedaf9742c
2022-12-06 15:44:51,618 [b0993b33-1422-4b90-a478-b8a2894a7eaa@group-6B60A7C996DB-LeaderElection7] INFO  server.RaftServerConfigKeys (ConfUtils.java:logFallback(53)) - raft.server.rpc.first-election.timeout.min = 5s (fallback to raft.server.rpc.timeout.min)
2022-12-06 15:44:51,618 [b0993b33-1422-4b90-a478-b8a2894a7eaa@group-6B60A7C996DB-LeaderElection7] INFO  server.RaftServerConfigKeys (ConfUtils.java:logFallback(53)) - raft.server.rpc.first-election.timeout.max = 5200ms (fallback to raft.server.rpc.timeout.max)
2022-12-06 15:44:51,618 [b0993b33-1422-4b90-a478-b8a2894a7eaa@group-6B60A7C996DB-LeaderElection7-2] INFO  server.GrpcServerProtocolClient (GrpcServerProtocolClient.java:<init>(63)) - Build channel for 0587405b-2ffa-4132-824d-547ca09f0e52
2022-12-06 15:44:51,624 [0587405b-2ffa-4132-824d-547ca09f0e52@group-6B60A7C996DB-FollowerState] INFO  impl.FollowerState (FollowerState.java:run(143)) - 0587405b-2ffa-4132-824d-547ca09f0e52@group-6B60A7C996DB-FollowerState: change to CANDIDATE, lastRpcElapsedTime:5093632580ns, electionTimeout:5071ms
2022-12-06 15:44:51,624 [0587405b-2ffa-4132-824d-547ca09f0e52@group-6B60A7C996DB-FollowerState] INFO  impl.RoleInfo (RoleInfo.java:shutdownFollowerState(110)) - 0587405b-2ffa-4132-824d-547ca09f0e52: shutdown 0587405b-2ffa-4132-824d-547ca09f0e52@group-6B60A7C996DB-FollowerState
2022-12-06 15:44:51,624 [0587405b-2ffa-4132-824d-547ca09f0e52@group-6B60A7C996DB-FollowerState] INFO  server.RaftServer$Division (RaftServerImpl.java:setRole(321)) - 0587405b-2ffa-4132-824d-547ca09f0e52@group-6B60A7C996DB: changes role from  FOLLOWER to CANDIDATE at term 0 for changeToCandidate
2022-12-06 15:44:51,624 [0587405b-2ffa-4132-824d-547ca09f0e52@group-6B60A7C996DB-FollowerState] INFO  server.RaftServerConfigKeys (ConfUtils.java:logGet(46)) - raft.server.leaderelection.pre-vote = false (custom)
2022-12-06 15:44:51,624 [0587405b-2ffa-4132-824d-547ca09f0e52@group-6B60A7C996DB-FollowerState] INFO  impl.RoleInfo (RoleInfo.java:updateAndGet(139)) - 0587405b-2ffa-4132-824d-547ca09f0e52: start 0587405b-2ffa-4132-824d-547ca09f0e52@group-6B60A7C996DB-LeaderElection8
2022-12-06 15:44:51,628 [grpc-default-executor-1] INFO  server.RaftServer$Division (RaftServerImpl.java:requestVote(1218)) - 4ef44404-e624-4c50-bb49-8deedaf9742c@group-6B60A7C996DB: receive requestVote(ELECTION, b0993b33-1422-4b90-a478-b8a2894a7eaa, group-6B60A7C996DB, 1, (t:0, i:0))
2022-12-06 15:44:51,628 [grpc-default-executor-1] INFO  impl.VoteContext (VoteContext.java:log(49)) - 4ef44404-e624-4c50-bb49-8deedaf9742c@group-6B60A7C996DB-FOLLOWER: reject ELECTION from b0993b33-1422-4b90-a478-b8a2894a7eaa: our priority 1 > candidate's priority 0
2022-12-06 15:44:51,628 [grpc-default-executor-1] INFO  server.RaftServer$Division (RaftServerImpl.java:setRole(321)) - 4ef44404-e624-4c50-bb49-8deedaf9742c@group-6B60A7C996DB: changes role from  FOLLOWER to FOLLOWER at term 1 for candidate:b0993b33-1422-4b90-a478-b8a2894a7eaa
2022-12-06 15:44:51,628 [grpc-default-executor-1] INFO  impl.RoleInfo (RoleInfo.java:shutdownFollowerState(110)) - 4ef44404-e624-4c50-bb49-8deedaf9742c: shutdown 4ef44404-e624-4c50-bb49-8deedaf9742c@group-6B60A7C996DB-FollowerState
2022-12-06 15:44:51,628 [grpc-default-executor-1] INFO  impl.RoleInfo (RoleInfo.java:updateAndGet(139)) - 4ef44404-e624-4c50-bb49-8deedaf9742c: start 4ef44404-e624-4c50-bb49-8deedaf9742c@group-6B60A7C996DB-FollowerState
2022-12-06 15:44:51,628 [4ef44404-e624-4c50-bb49-8deedaf9742c@group-6B60A7C996DB-FollowerState] INFO  impl.FollowerState (FollowerState.java:run(152)) - 4ef44404-e624-4c50-bb49-8deedaf9742c@group-6B60A7C996DB-FollowerState was interrupted
2022-12-06 15:44:51,635 [4ef44404-e624-4c50-bb49-8deedaf9742c@group-6B60A7C996DB-FollowerState] INFO  server.RaftServerConfigKeys (ConfUtils.java:logFallback(53)) - raft.server.rpc.first-election.timeout.min = 5s (fallback to raft.server.rpc.timeout.min)
2022-12-06 15:44:51,636 [grpc-default-executor-1] INFO  server.RaftServer$Division (RaftServerImpl.java:requestVote(1251)) - 4ef44404-e624-4c50-bb49-8deedaf9742c@group-6B60A7C996DB replies to ELECTION vote request: b0993b33-1422-4b90-a478-b8a2894a7eaa<-4ef44404-e624-4c50-bb49-8deedaf9742c#0:FAIL-t1. Peer's state: 4ef44404-e624-4c50-bb49-8deedaf9742c@group-6B60A7C996DB:t1, leader=null, voted=null, raftlog=Memoized:4ef44404-e624-4c50-bb49-8deedaf9742c@group-6B60A7C996DB-SegmentedRaftLog:OPENED:c-1, conf=-1: peers:[4ef44404-e624-4c50-bb49-8deedaf9742c|rpc:10.1.0.110:46141|dataStream:|priority:1|startupRole:FOLLOWER, b0993b33-1422-4b90-a478-b8a2894a7eaa|rpc:10.1.0.110:42755|dataStream:|priority:0|startupRole:FOLLOWER, 0587405b-2ffa-4132-824d-547ca09f0e52|rpc:10.1.0.110:38421|dataStream:|priority:0|startupRole:FOLLOWER]|listeners:[], old=null
2022-12-06 15:44:51,636 [4ef44404-e624-4c50-bb49-8deedaf9742c@group-6B60A7C996DB-FollowerState] INFO  server.RaftServerConfigKeys (ConfUtils.java:logFallback(53)) - raft.server.rpc.first-election.timeout.max = 5200ms (fallback to raft.server.rpc.timeout.max)
2022-12-06 15:44:51,641 [b0993b33-1422-4b90-a478-b8a2894a7eaa@group-6B60A7C996DB-LeaderElection7] INFO  impl.LeaderElection (LeaderElection.java:logAndReturn(90)) - b0993b33-1422-4b90-a478-b8a2894a7eaa@group-6B60A7C996DB-LeaderElection7: ELECTION REJECTED received 1 response(s) and 0 exception(s):
2022-12-06 15:44:51,641 [b0993b33-1422-4b90-a478-b8a2894a7eaa@group-6B60A7C996DB-LeaderElection7] INFO  impl.LeaderElection (LeaderElection.java:logAndReturn(94)) -   Response 0: b0993b33-1422-4b90-a478-b8a2894a7eaa<-4ef44404-e624-4c50-bb49-8deedaf9742c#0:FAIL-t1
2022-12-06 15:44:51,641 [b0993b33-1422-4b90-a478-b8a2894a7eaa@group-6B60A7C996DB-LeaderElection7] INFO  impl.LeaderElection (LeaderElection.java:askForVotes(314)) - b0993b33-1422-4b90-a478-b8a2894a7eaa@group-6B60A7C996DB-LeaderElection7 ELECTION round 0: result REJECTED
2022-12-06 15:44:51,642 [b0993b33-1422-4b90-a478-b8a2894a7eaa@group-6B60A7C996DB-LeaderElection7] INFO  server.RaftServer$Division (RaftServerImpl.java:setRole(321)) - b0993b33-1422-4b90-a478-b8a2894a7eaa@group-6B60A7C996DB: changes role from CANDIDATE to FOLLOWER at term 1 for REJECTED
2022-12-06 15:44:51,642 [b0993b33-1422-4b90-a478-b8a2894a7eaa@group-6B60A7C996DB-LeaderElection7] INFO  impl.RoleInfo (RoleInfo.java:shutdownLeaderElection(130)) - b0993b33-1422-4b90-a478-b8a2894a7eaa: shutdown b0993b33-1422-4b90-a478-b8a2894a7eaa@group-6B60A7C996DB-LeaderElection7
2022-12-06 15:44:51,645 [b0993b33-1422-4b90-a478-b8a2894a7eaa@group-6B60A7C996DB-LeaderElection7] INFO  impl.RoleInfo (RoleInfo.java:updateAndGet(139)) - b0993b33-1422-4b90-a478-b8a2894a7eaa: start b0993b33-1422-4b90-a478-b8a2894a7eaa@group-6B60A7C996DB-FollowerState
2022-12-06 15:44:51,645 [0587405b-2ffa-4132-824d-547ca09f0e52@group-6B60A7C996DB-LeaderElection8] INFO  impl.LeaderElection (LeaderElection.java:askForVotes(312)) - 0587405b-2ffa-4132-824d-547ca09f0e52@group-6B60A7C996DB-LeaderElection8 ELECTION round 0: submit vote requests at term 1 for -1: peers:[4ef44404-e624-4c50-bb49-8deedaf9742c|rpc:10.1.0.110:46141|priority:1|startupRole:FOLLOWER, b0993b33-1422-4b90-a478-b8a2894a7eaa|rpc:10.1.0.110:42755|priority:0|startupRole:FOLLOWER, 0587405b-2ffa-4132-824d-547ca09f0e52|rpc:10.1.0.110:38421|priority:0|startupRole:FOLLOWER]|listeners:[], old=null
2022-12-06 15:44:51,645 [b0993b33-1422-4b90-a478-b8a2894a7eaa@group-6B60A7C996DB-FollowerState] INFO  server.RaftServerConfigKeys (ConfUtils.java:logFallback(53)) - raft.server.rpc.first-election.timeout.min = 5s (fallback to raft.server.rpc.timeout.min)
2022-12-06 15:44:51,645 [b0993b33-1422-4b90-a478-b8a2894a7eaa@group-6B60A7C996DB-FollowerState] INFO  server.RaftServerConfigKeys (ConfUtils.java:logFallback(53)) - raft.server.rpc.first-election.timeout.max = 5200ms (fallback to raft.server.rpc.timeout.max)
2022-12-06 15:44:51,647 [0587405b-2ffa-4132-824d-547ca09f0e52@group-6B60A7C996DB-LeaderElection8-1] INFO  server.GrpcServerProtocolClient (GrpcServerProtocolClient.java:<init>(63)) - Build channel for 4ef44404-e624-4c50-bb49-8deedaf9742c
2022-12-06 15:44:51,648 [0587405b-2ffa-4132-824d-547ca09f0e52@group-6B60A7C996DB-LeaderElection8] INFO  server.RaftServerConfigKeys (ConfUtils.java:logFallback(53)) - raft.server.rpc.first-election.timeout.min = 5s (fallback to raft.server.rpc.timeout.min)
2022-12-06 15:44:51,648 [0587405b-2ffa-4132-824d-547ca09f0e52@group-6B60A7C996DB-LeaderElection8] INFO  server.RaftServerConfigKeys (ConfUtils.java:logFallback(53)) - raft.server.rpc.first-election.timeout.max = 5200ms (fallback to raft.server.rpc.timeout.max)
2022-12-06 15:44:51,651 [0587405b-2ffa-4132-824d-547ca09f0e52@group-6B60A7C996DB-LeaderElection8-2] INFO  server.GrpcServerProtocolClient (GrpcServerProtocolClient.java:<init>(63)) - Build channel for b0993b33-1422-4b90-a478-b8a2894a7eaa
2022-12-06 15:44:51,659 [grpc-default-executor-1] INFO  server.RaftServer$Division (RaftServerImpl.java:requestVote(1218)) - 0587405b-2ffa-4132-824d-547ca09f0e52@group-6B60A7C996DB: receive requestVote(ELECTION, b0993b33-1422-4b90-a478-b8a2894a7eaa, group-6B60A7C996DB, 1, (t:0, i:0))
2022-12-06 15:44:51,659 [grpc-default-executor-1] INFO  impl.VoteContext (VoteContext.java:log(49)) - 0587405b-2ffa-4132-824d-547ca09f0e52@group-6B60A7C996DB-CANDIDATE: reject ELECTION from b0993b33-1422-4b90-a478-b8a2894a7eaa: already has voted for 0587405b-2ffa-4132-824d-547ca09f0e52 at current term 1
2022-12-06 15:44:51,659 [grpc-default-executor-1] INFO  server.RaftServer$Division (RaftServerImpl.java:requestVote(1251)) - 0587405b-2ffa-4132-824d-547ca09f0e52@group-6B60A7C996DB replies to ELECTION vote request: b0993b33-1422-4b90-a478-b8a2894a7eaa<-0587405b-2ffa-4132-824d-547ca09f0e52#0:FAIL-t1. Peer's state: 0587405b-2ffa-4132-824d-547ca09f0e52@group-6B60A7C996DB:t1, leader=null, voted=0587405b-2ffa-4132-824d-547ca09f0e52, raftlog=Memoized:0587405b-2ffa-4132-824d-547ca09f0e52@group-6B60A7C996DB-SegmentedRaftLog:OPENED:c-1, conf=-1: peers:[4ef44404-e624-4c50-bb49-8deedaf9742c|rpc:10.1.0.110:46141|priority:1|startupRole:FOLLOWER, b0993b33-1422-4b90-a478-b8a2894a7eaa|rpc:10.1.0.110:42755|priority:0|startupRole:FOLLOWER, 0587405b-2ffa-4132-824d-547ca09f0e52|rpc:10.1.0.110:38421|priority:0|startupRole:FOLLOWER]|listeners:[], old=null
2022-12-06 15:44:51,672 [grpc-default-executor-1] INFO  server.RaftServer$Division (RaftServerImpl.java:requestVote(1218)) - b0993b33-1422-4b90-a478-b8a2894a7eaa@group-6B60A7C996DB: receive requestVote(ELECTION, 0587405b-2ffa-4132-824d-547ca09f0e52, group-6B60A7C996DB, 1, (t:0, i:0))
2022-12-06 15:44:51,672 [grpc-default-executor-1] INFO  impl.VoteContext (VoteContext.java:log(49)) - b0993b33-1422-4b90-a478-b8a2894a7eaa@group-6B60A7C996DB-FOLLOWER: reject ELECTION from 0587405b-2ffa-4132-824d-547ca09f0e52: already has voted for b0993b33-1422-4b90-a478-b8a2894a7eaa at current term 1
2022-12-06 15:44:51,672 [grpc-default-executor-1] INFO  server.RaftServer$Division (RaftServerImpl.java:requestVote(1251)) - b0993b33-1422-4b90-a478-b8a2894a7eaa@group-6B60A7C996DB replies to ELECTION vote request: 0587405b-2ffa-4132-824d-547ca09f0e52<-b0993b33-1422-4b90-a478-b8a2894a7eaa#0:FAIL-t1. Peer's state: b0993b33-1422-4b90-a478-b8a2894a7eaa@group-6B60A7C996DB:t1, leader=null, voted=b0993b33-1422-4b90-a478-b8a2894a7eaa, raftlog=Memoized:b0993b33-1422-4b90-a478-b8a2894a7eaa@group-6B60A7C996DB-SegmentedRaftLog:OPENED:c-1, conf=-1: peers:[4ef44404-e624-4c50-bb49-8deedaf9742c|rpc:10.1.0.110:46141|priority:1|startupRole:FOLLOWER, b0993b33-1422-4b90-a478-b8a2894a7eaa|rpc:10.1.0.110:42755|priority:0|startupRole:FOLLOWER, 0587405b-2ffa-4132-824d-547ca09f0e52|rpc:10.1.0.110:38421|priority:0|startupRole:FOLLOWER]|listeners:[], old=null
2022-12-06 15:44:51,676 [470e2686-24c9-4e42-bae6-1f3a72650c76@group-8751AA67DF99-FollowerState] INFO  impl.FollowerState (FollowerState.java:run(143)) - 470e2686-24c9-4e42-bae6-1f3a72650c76@group-8751AA67DF99-FollowerState: change to CANDIDATE, lastRpcElapsedTime:5165176993ns, electionTimeout:5138ms
2022-12-06 15:44:51,676 [470e2686-24c9-4e42-bae6-1f3a72650c76@group-8751AA67DF99-FollowerState] INFO  impl.RoleInfo (RoleInfo.java:shutdownFollowerState(110)) - 470e2686-24c9-4e42-bae6-1f3a72650c76: shutdown 470e2686-24c9-4e42-bae6-1f3a72650c76@group-8751AA67DF99-FollowerState
2022-12-06 15:44:51,676 [470e2686-24c9-4e42-bae6-1f3a72650c76@group-8751AA67DF99-FollowerState] INFO  server.RaftServer$Division (RaftServerImpl.java:setRole(321)) - 470e2686-24c9-4e42-bae6-1f3a72650c76@group-8751AA67DF99: changes role from  FOLLOWER to CANDIDATE at term 0 for changeToCandidate
2022-12-06 15:44:51,676 [470e2686-24c9-4e42-bae6-1f3a72650c76@group-8751AA67DF99-FollowerState] INFO  server.RaftServerConfigKeys (ConfUtils.java:logGet(46)) - raft.server.leaderelection.pre-vote = false (custom)
2022-12-06 15:44:51,676 [470e2686-24c9-4e42-bae6-1f3a72650c76@group-8751AA67DF99-FollowerState] INFO  impl.RoleInfo (RoleInfo.java:updateAndGet(139)) - 470e2686-24c9-4e42-bae6-1f3a72650c76: start 470e2686-24c9-4e42-bae6-1f3a72650c76@group-8751AA67DF99-LeaderElection9
2022-12-06 15:44:51,681 [grpc-default-executor-1] INFO  server.RaftServer$Division (RaftServerImpl.java:requestVote(1218)) - 4ef44404-e624-4c50-bb49-8deedaf9742c@group-6B60A7C996DB: receive requestVote(ELECTION, 0587405b-2ffa-4132-824d-547ca09f0e52, group-6B60A7C996DB, 1, (t:0, i:0))
2022-12-06 15:44:51,682 [grpc-default-executor-1] INFO  impl.VoteContext (VoteContext.java:log(49)) - 4ef44404-e624-4c50-bb49-8deedaf9742c@group-6B60A7C996DB-FOLLOWER: reject ELECTION from 0587405b-2ffa-4132-824d-547ca09f0e52: our priority 1 > candidate's priority 0
2022-12-06 15:44:51,682 [grpc-default-executor-1] INFO  server.RaftServer$Division (RaftServerImpl.java:setRole(321)) - 4ef44404-e624-4c50-bb49-8deedaf9742c@group-6B60A7C996DB: changes role from  FOLLOWER to FOLLOWER at term 1 for candidate:0587405b-2ffa-4132-824d-547ca09f0e52
2022-12-06 15:44:51,682 [grpc-default-executor-1] INFO  impl.RoleInfo (RoleInfo.java:shutdownFollowerState(110)) - 4ef44404-e624-4c50-bb49-8deedaf9742c: shutdown 4ef44404-e624-4c50-bb49-8deedaf9742c@group-6B60A7C996DB-FollowerState
2022-12-06 15:44:51,682 [grpc-default-executor-1] INFO  impl.RoleInfo (RoleInfo.java:updateAndGet(139)) - 4ef44404-e624-4c50-bb49-8deedaf9742c: start 4ef44404-e624-4c50-bb49-8deedaf9742c@group-6B60A7C996DB-FollowerState
2022-12-06 15:44:51,682 [4ef44404-e624-4c50-bb49-8deedaf9742c@group-6B60A7C996DB-FollowerState] INFO  impl.FollowerState (FollowerState.java:run(152)) - 4ef44404-e624-4c50-bb49-8deedaf9742c@group-6B60A7C996DB-FollowerState was interrupted
2022-12-06 15:44:51,682 [grpc-default-executor-1] INFO  server.RaftServer$Division (RaftServerImpl.java:requestVote(1251)) - 4ef44404-e624-4c50-bb49-8deedaf9742c@group-6B60A7C996DB replies to ELECTION vote request: 0587405b-2ffa-4132-824d-547ca09f0e52<-4ef44404-e624-4c50-bb49-8deedaf9742c#0:FAIL-t1. Peer's state: 4ef44404-e624-4c50-bb49-8deedaf9742c@group-6B60A7C996DB:t1, leader=null, voted=null, raftlog=Memoized:4ef44404-e624-4c50-bb49-8deedaf9742c@group-6B60A7C996DB-SegmentedRaftLog:OPENED:c-1, conf=-1: peers:[4ef44404-e624-4c50-bb49-8deedaf9742c|rpc:10.1.0.110:46141|dataStream:|priority:1|startupRole:FOLLOWER, b0993b33-1422-4b90-a478-b8a2894a7eaa|rpc:10.1.0.110:42755|dataStream:|priority:0|startupRole:FOLLOWER, 0587405b-2ffa-4132-824d-547ca09f0e52|rpc:10.1.0.110:38421|dataStream:|priority:0|startupRole:FOLLOWER]|listeners:[], old=null
2022-12-06 15:44:51,688 [470e2686-24c9-4e42-bae6-1f3a72650c76@group-8751AA67DF99-LeaderElection9] INFO  impl.LeaderElection (LeaderElection.java:askForVotes(312)) - 470e2686-24c9-4e42-bae6-1f3a72650c76@group-8751AA67DF99-LeaderElection9 ELECTION round 0: submit vote requests at term 1 for -1: peers:[470e2686-24c9-4e42-bae6-1f3a72650c76|rpc:10.1.0.110:33297|priority:0|startupRole:FOLLOWER, cc93147f-bc2d-4803-9a7c-bfa6df100165|rpc:10.1.0.110:32927|priority:0|startupRole:FOLLOWER, 831a834c-0d76-4477-9113-3f6aa01da917|rpc:10.1.0.110:38237|priority:1|startupRole:FOLLOWER]|listeners:[], old=null
2022-12-06 15:44:51,688 [470e2686-24c9-4e42-bae6-1f3a72650c76@group-8751AA67DF99-LeaderElection9] INFO  server.RaftServerConfigKeys (ConfUtils.java:logFallback(53)) - raft.server.rpc.first-election.timeout.min = 5s (fallback to raft.server.rpc.timeout.min)
2022-12-06 15:44:51,688 [470e2686-24c9-4e42-bae6-1f3a72650c76@group-8751AA67DF99-LeaderElection9] INFO  server.RaftServerConfigKeys (ConfUtils.java:logFallback(53)) - raft.server.rpc.first-election.timeout.max = 5200ms (fallback to raft.server.rpc.timeout.max)
2022-12-06 15:44:51,688 [4ef44404-e624-4c50-bb49-8deedaf9742c@group-6B60A7C996DB-FollowerState] INFO  server.RaftServerConfigKeys (ConfUtils.java:logFallback(53)) - raft.server.rpc.first-election.timeout.min = 5s (fallback to raft.server.rpc.timeout.min)
2022-12-06 15:44:51,688 [470e2686-24c9-4e42-bae6-1f3a72650c76@group-8751AA67DF99-LeaderElection9-1] INFO  server.GrpcServerProtocolClient (GrpcServerProtocolClient.java:<init>(63)) - Build channel for cc93147f-bc2d-4803-9a7c-bfa6df100165
2022-12-06 15:44:51,688 [4ef44404-e624-4c50-bb49-8deedaf9742c@group-6B60A7C996DB-FollowerState] INFO  server.RaftServerConfigKeys (ConfUtils.java:logFallback(53)) - raft.server.rpc.first-election.timeout.max = 5200ms (fallback to raft.server.rpc.timeout.max)
2022-12-06 15:44:51,698 [470e2686-24c9-4e42-bae6-1f3a72650c76@group-8751AA67DF99-LeaderElection9-2] INFO  server.GrpcServerProtocolClient (GrpcServerProtocolClient.java:<init>(63)) - Build channel for 831a834c-0d76-4477-9113-3f6aa01da917
2022-12-06 15:44:51,696 [0587405b-2ffa-4132-824d-547ca09f0e52@group-6B60A7C996DB-LeaderElection8] INFO  impl.LeaderElection (LeaderElection.java:logAndReturn(90)) - 0587405b-2ffa-4132-824d-547ca09f0e52@group-6B60A7C996DB-LeaderElection8: ELECTION REJECTED received 2 response(s) and 0 exception(s):
2022-12-06 15:44:51,701 [0587405b-2ffa-4132-824d-547ca09f0e52@group-6B60A7C996DB-LeaderElection8] INFO  impl.LeaderElection (LeaderElection.java:logAndReturn(94)) -   Response 0: 0587405b-2ffa-4132-824d-547ca09f0e52<-b0993b33-1422-4b90-a478-b8a2894a7eaa#0:FAIL-t1
2022-12-06 15:44:51,701 [0587405b-2ffa-4132-824d-547ca09f0e52@group-6B60A7C996DB-LeaderElection8] INFO  impl.LeaderElection (LeaderElection.java:logAndReturn(94)) -   Response 1: 0587405b-2ffa-4132-824d-547ca09f0e52<-4ef44404-e624-4c50-bb49-8deedaf9742c#0:FAIL-t1
2022-12-06 15:44:51,701 [0587405b-2ffa-4132-824d-547ca09f0e52@group-6B60A7C996DB-LeaderElection8] INFO  impl.LeaderElection (LeaderElection.java:askForVotes(314)) - 0587405b-2ffa-4132-824d-547ca09f0e52@group-6B60A7C996DB-LeaderElection8 ELECTION round 0: result REJECTED
2022-12-06 15:44:51,701 [0587405b-2ffa-4132-824d-547ca09f0e52@group-6B60A7C996DB-LeaderElection8] INFO  server.RaftServer$Division (RaftServerImpl.java:setRole(321)) - 0587405b-2ffa-4132-824d-547ca09f0e52@group-6B60A7C996DB: changes role from CANDIDATE to FOLLOWER at term 1 for REJECTED
2022-12-06 15:44:51,701 [0587405b-2ffa-4132-824d-547ca09f0e52@group-6B60A7C996DB-LeaderElection8] INFO  impl.RoleInfo (RoleInfo.java:shutdownLeaderElection(130)) - 0587405b-2ffa-4132-824d-547ca09f0e52: shutdown 0587405b-2ffa-4132-824d-547ca09f0e52@group-6B60A7C996DB-LeaderElection8
2022-12-06 15:44:51,701 [0587405b-2ffa-4132-824d-547ca09f0e52@group-6B60A7C996DB-LeaderElection8] INFO  impl.RoleInfo (RoleInfo.java:updateAndGet(139)) - 0587405b-2ffa-4132-824d-547ca09f0e52: start 0587405b-2ffa-4132-824d-547ca09f0e52@group-6B60A7C996DB-FollowerState
2022-12-06 15:44:51,712 [0587405b-2ffa-4132-824d-547ca09f0e52@group-6B60A7C996DB-FollowerState] INFO  server.RaftServerConfigKeys (ConfUtils.java:logFallback(53)) - raft.server.rpc.first-election.timeout.min = 5s (fallback to raft.server.rpc.timeout.min)
2022-12-06 15:44:51,712 [0587405b-2ffa-4132-824d-547ca09f0e52@group-6B60A7C996DB-FollowerState] INFO  server.RaftServerConfigKeys (ConfUtils.java:logFallback(53)) - raft.server.rpc.first-election.timeout.max = 5200ms (fallback to raft.server.rpc.timeout.max)
2022-12-06 15:44:51,724 [grpc-default-executor-1] INFO  server.RaftServer$Division (RaftServerImpl.java:requestVote(1218)) - cc93147f-bc2d-4803-9a7c-bfa6df100165@group-8751AA67DF99: receive requestVote(ELECTION, 470e2686-24c9-4e42-bae6-1f3a72650c76, group-8751AA67DF99, 1, (t:0, i:0))
2022-12-06 15:44:51,724 [grpc-default-executor-2] INFO  server.RaftServer$Division (RaftServerImpl.java:requestVote(1218)) - 831a834c-0d76-4477-9113-3f6aa01da917@group-8751AA67DF99: receive requestVote(ELECTION, 470e2686-24c9-4e42-bae6-1f3a72650c76, group-8751AA67DF99, 1, (t:0, i:0))
2022-12-06 15:44:51,724 [grpc-default-executor-1] INFO  impl.VoteContext (VoteContext.java:log(49)) - cc93147f-bc2d-4803-9a7c-bfa6df100165@group-8751AA67DF99-FOLLOWER: accept ELECTION from 470e2686-24c9-4e42-bae6-1f3a72650c76: our priority 0 <= candidate's priority 0
2022-12-06 15:44:51,724 [grpc-default-executor-2] INFO  impl.VoteContext (VoteContext.java:log(49)) - 831a834c-0d76-4477-9113-3f6aa01da917@group-8751AA67DF99-FOLLOWER: reject ELECTION from 470e2686-24c9-4e42-bae6-1f3a72650c76: our priority 1 > candidate's priority 0
2022-12-06 15:44:51,724 [grpc-default-executor-1] INFO  server.RaftServer$Division (RaftServerImpl.java:setRole(321)) - cc93147f-bc2d-4803-9a7c-bfa6df100165@group-8751AA67DF99: changes role from  FOLLOWER to FOLLOWER at term 1 for candidate:470e2686-24c9-4e42-bae6-1f3a72650c76
2022-12-06 15:44:51,724 [grpc-default-executor-2] INFO  server.RaftServer$Division (RaftServerImpl.java:setRole(321)) - 831a834c-0d76-4477-9113-3f6aa01da917@group-8751AA67DF99: changes role from  FOLLOWER to FOLLOWER at term 1 for candidate:470e2686-24c9-4e42-bae6-1f3a72650c76
2022-12-06 15:44:51,724 [grpc-default-executor-2] INFO  impl.RoleInfo (RoleInfo.java:shutdownFollowerState(110)) - 831a834c-0d76-4477-9113-3f6aa01da917: shutdown 831a834c-0d76-4477-9113-3f6aa01da917@group-8751AA67DF99-FollowerState
2022-12-06 15:44:51,724 [grpc-default-executor-1] INFO  impl.RoleInfo (RoleInfo.java:shutdownFollowerState(110)) - cc93147f-bc2d-4803-9a7c-bfa6df100165: shutdown cc93147f-bc2d-4803-9a7c-bfa6df100165@group-8751AA67DF99-FollowerState
2022-12-06 15:44:51,724 [grpc-default-executor-2] INFO  impl.RoleInfo (RoleInfo.java:updateAndGet(139)) - 831a834c-0d76-4477-9113-3f6aa01da917: start 831a834c-0d76-4477-9113-3f6aa01da917@group-8751AA67DF99-FollowerState
2022-12-06 15:44:51,724 [grpc-default-executor-1] INFO  impl.RoleInfo (RoleInfo.java:updateAndGet(139)) - cc93147f-bc2d-4803-9a7c-bfa6df100165: start cc93147f-bc2d-4803-9a7c-bfa6df100165@group-8751AA67DF99-FollowerState
2022-12-06 15:44:51,724 [cc93147f-bc2d-4803-9a7c-bfa6df100165@group-8751AA67DF99-FollowerState] INFO  impl.FollowerState (FollowerState.java:run(152)) - cc93147f-bc2d-4803-9a7c-bfa6df100165@group-8751AA67DF99-FollowerState was interrupted
2022-12-06 15:44:51,724 [831a834c-0d76-4477-9113-3f6aa01da917@group-8751AA67DF99-FollowerState] INFO  impl.FollowerState (FollowerState.java:run(152)) - 831a834c-0d76-4477-9113-3f6aa01da917@group-8751AA67DF99-FollowerState was interrupted
2022-12-06 15:44:51,728 [cc93147f-bc2d-4803-9a7c-bfa6df100165@group-8751AA67DF99-FollowerState] INFO  server.RaftServerConfigKeys (ConfUtils.java:logFallback(53)) - raft.server.rpc.first-election.timeout.min = 5s (fallback to raft.server.rpc.timeout.min)
2022-12-06 15:44:51,728 [cc93147f-bc2d-4803-9a7c-bfa6df100165@group-8751AA67DF99-FollowerState] INFO  server.RaftServerConfigKeys (ConfUtils.java:logFallback(53)) - raft.server.rpc.first-election.timeout.max = 5200ms (fallback to raft.server.rpc.timeout.max)
2022-12-06 15:44:51,728 [831a834c-0d76-4477-9113-3f6aa01da917@group-8751AA67DF99-FollowerState] INFO  server.RaftServerConfigKeys (ConfUtils.java:logFallback(53)) - raft.server.rpc.first-election.timeout.min = 5s (fallback to raft.server.rpc.timeout.min)
2022-12-06 15:44:51,729 [grpc-default-executor-1] INFO  server.RaftServer$Division (RaftServerImpl.java:requestVote(1251)) - cc93147f-bc2d-4803-9a7c-bfa6df100165@group-8751AA67DF99 replies to ELECTION vote request: 470e2686-24c9-4e42-bae6-1f3a72650c76<-cc93147f-bc2d-4803-9a7c-bfa6df100165#0:OK-t1. Peer's state: cc93147f-bc2d-4803-9a7c-bfa6df100165@group-8751AA67DF99:t1, leader=null, voted=470e2686-24c9-4e42-bae6-1f3a72650c76, raftlog=Memoized:cc93147f-bc2d-4803-9a7c-bfa6df100165@group-8751AA67DF99-SegmentedRaftLog:OPENED:c-1, conf=-1: peers:[470e2686-24c9-4e42-bae6-1f3a72650c76|rpc:10.1.0.110:33297|dataStream:|priority:0|startupRole:FOLLOWER, cc93147f-bc2d-4803-9a7c-bfa6df100165|rpc:10.1.0.110:32927|dataStream:|priority:0|startupRole:FOLLOWER, 831a834c-0d76-4477-9113-3f6aa01da917|rpc:10.1.0.110:38237|dataStream:|priority:1|startupRole:FOLLOWER]|listeners:[], old=null
2022-12-06 15:44:51,729 [831a834c-0d76-4477-9113-3f6aa01da917@group-8751AA67DF99-FollowerState] INFO  server.RaftServerConfigKeys (ConfUtils.java:logFallback(53)) - raft.server.rpc.first-election.timeout.max = 5200ms (fallback to raft.server.rpc.timeout.max)
2022-12-06 15:44:51,731 [grpc-default-executor-2] INFO  server.RaftServer$Division (RaftServerImpl.java:requestVote(1251)) - 831a834c-0d76-4477-9113-3f6aa01da917@group-8751AA67DF99 replies to ELECTION vote request: 470e2686-24c9-4e42-bae6-1f3a72650c76<-831a834c-0d76-4477-9113-3f6aa01da917#0:FAIL-t1. Peer's state: 831a834c-0d76-4477-9113-3f6aa01da917@group-8751AA67DF99:t1, leader=null, voted=null, raftlog=Memoized:831a834c-0d76-4477-9113-3f6aa01da917@group-8751AA67DF99-SegmentedRaftLog:OPENED:c-1, conf=-1: peers:[470e2686-24c9-4e42-bae6-1f3a72650c76|rpc:10.1.0.110:33297|dataStream:|priority:0|startupRole:FOLLOWER, cc93147f-bc2d-4803-9a7c-bfa6df100165|rpc:10.1.0.110:32927|dataStream:|priority:0|startupRole:FOLLOWER, 831a834c-0d76-4477-9113-3f6aa01da917|rpc:10.1.0.110:38237|dataStream:|priority:1|startupRole:FOLLOWER]|listeners:[], old=null
2022-12-06 15:44:51,735 [470e2686-24c9-4e42-bae6-1f3a72650c76@group-8751AA67DF99-LeaderElection9] INFO  impl.LeaderElection (LeaderElection.java:logAndReturn(90)) - 470e2686-24c9-4e42-bae6-1f3a72650c76@group-8751AA67DF99-LeaderElection9: ELECTION REJECTED received 2 response(s) and 0 exception(s):
2022-12-06 15:44:51,735 [470e2686-24c9-4e42-bae6-1f3a72650c76@group-8751AA67DF99-LeaderElection9] INFO  impl.LeaderElection (LeaderElection.java:logAndReturn(94)) -   Response 0: 470e2686-24c9-4e42-bae6-1f3a72650c76<-cc93147f-bc2d-4803-9a7c-bfa6df100165#0:OK-t1
2022-12-06 15:44:51,735 [470e2686-24c9-4e42-bae6-1f3a72650c76@group-8751AA67DF99-LeaderElection9] INFO  impl.LeaderElection (LeaderElection.java:logAndReturn(94)) -   Response 1: 470e2686-24c9-4e42-bae6-1f3a72650c76<-831a834c-0d76-4477-9113-3f6aa01da917#0:FAIL-t1
2022-12-06 15:44:51,735 [470e2686-24c9-4e42-bae6-1f3a72650c76@group-8751AA67DF99-LeaderElection9] INFO  impl.LeaderElection (LeaderElection.java:askForVotes(314)) - 470e2686-24c9-4e42-bae6-1f3a72650c76@group-8751AA67DF99-LeaderElection9 ELECTION round 0: result REJECTED
2022-12-06 15:44:51,735 [470e2686-24c9-4e42-bae6-1f3a72650c76@group-8751AA67DF99-LeaderElection9] INFO  server.RaftServer$Division (RaftServerImpl.java:setRole(321)) - 470e2686-24c9-4e42-bae6-1f3a72650c76@group-8751AA67DF99: changes role from CANDIDATE to FOLLOWER at term 1 for REJECTED
2022-12-06 15:44:51,735 [470e2686-24c9-4e42-bae6-1f3a72650c76@group-8751AA67DF99-LeaderElection9] INFO  impl.RoleInfo (RoleInfo.java:shutdownLeaderElection(130)) - 470e2686-24c9-4e42-bae6-1f3a72650c76: shutdown 470e2686-24c9-4e42-bae6-1f3a72650c76@group-8751AA67DF99-LeaderElection9
2022-12-06 15:44:51,735 [470e2686-24c9-4e42-bae6-1f3a72650c76@group-8751AA67DF99-LeaderElection9] INFO  impl.RoleInfo (RoleInfo.java:updateAndGet(139)) - 470e2686-24c9-4e42-bae6-1f3a72650c76: start 470e2686-24c9-4e42-bae6-1f3a72650c76@group-8751AA67DF99-FollowerState
2022-12-06 15:44:51,741 [470e2686-24c9-4e42-bae6-1f3a72650c76@group-8751AA67DF99-FollowerState] INFO  server.RaftServerConfigKeys (ConfUtils.java:logFallback(53)) - raft.server.rpc.first-election.timeout.min = 5s (fallback to raft.server.rpc.timeout.min)
2022-12-06 15:44:51,741 [470e2686-24c9-4e42-bae6-1f3a72650c76@group-8751AA67DF99-FollowerState] INFO  server.RaftServerConfigKeys (ConfUtils.java:logFallback(53)) - raft.server.rpc.first-election.timeout.max = 5200ms (fallback to raft.server.rpc.timeout.max)
2022-12-06 15:44:51,760 [EventQueue-CommandQueueReportForCommandQueueReportHandler] WARN  events.EventQueue (EventQueue.java:fireEvent(216)) - No event handler registered for event TypedEvent{payloadType=DatanodeDetails, name='Datanode_Command_Queue_Updated'}
2022-12-06 15:44:51,764 [Listener at 127.0.0.1/44149] INFO  ozone.MiniOzoneClusterImpl (MiniOzoneClusterImpl.java:lambda$waitForClusterToBeReady$0(216)) - Nodes are ready. Got 10 of 10 DN Heartbeats.
2022-12-06 15:44:51,764 [Listener at 127.0.0.1/44149] INFO  ozone.MiniOzoneClusterImpl (MiniOzoneClusterImpl.java:lambda$waitForClusterToBeReady$0(219)) - Waiting for cluster to exit safe mode
2022-12-06 15:44:51,764 [Listener at 127.0.0.1/44149] INFO  ozone.MiniOzoneClusterImpl (MiniOzoneClusterImpl.java:lambda$waitForClusterToBeReady$0(221)) - SCM became leader
2022-12-06 15:44:51,767 [831a834c-0d76-4477-9113-3f6aa01da917@group-86C4A20D7C89-FollowerState] INFO  impl.FollowerState (FollowerState.java:run(143)) - 831a834c-0d76-4477-9113-3f6aa01da917@group-86C4A20D7C89-FollowerState: change to CANDIDATE, lastRpcElapsedTime:5041549112ns, electionTimeout:5039ms
2022-12-06 15:44:51,767 [831a834c-0d76-4477-9113-3f6aa01da917@group-86C4A20D7C89-FollowerState] INFO  impl.RoleInfo (RoleInfo.java:shutdownFollowerState(110)) - 831a834c-0d76-4477-9113-3f6aa01da917: shutdown 831a834c-0d76-4477-9113-3f6aa01da917@group-86C4A20D7C89-FollowerState
2022-12-06 15:44:51,767 [831a834c-0d76-4477-9113-3f6aa01da917@group-86C4A20D7C89-FollowerState] INFO  server.RaftServer$Division (RaftServerImpl.java:setRole(321)) - 831a834c-0d76-4477-9113-3f6aa01da917@group-86C4A20D7C89: changes role from  FOLLOWER to CANDIDATE at term 0 for changeToCandidate
2022-12-06 15:44:51,767 [831a834c-0d76-4477-9113-3f6aa01da917@group-86C4A20D7C89-FollowerState] INFO  server.RaftServerConfigKeys (ConfUtils.java:logGet(46)) - raft.server.leaderelection.pre-vote = false (custom)
2022-12-06 15:44:51,767 [831a834c-0d76-4477-9113-3f6aa01da917@group-86C4A20D7C89-FollowerState] INFO  impl.RoleInfo (RoleInfo.java:updateAndGet(139)) - 831a834c-0d76-4477-9113-3f6aa01da917: start 831a834c-0d76-4477-9113-3f6aa01da917@group-86C4A20D7C89-LeaderElection10
2022-12-06 15:44:51,771 [831a834c-0d76-4477-9113-3f6aa01da917@group-86C4A20D7C89-LeaderElection10] INFO  impl.LeaderElection (LeaderElection.java:askForVotes(312)) - 831a834c-0d76-4477-9113-3f6aa01da917@group-86C4A20D7C89-LeaderElection10 ELECTION round 0: submit vote requests at term 1 for -1: peers:[470e2686-24c9-4e42-bae6-1f3a72650c76|rpc:10.1.0.110:33297|priority:1|startupRole:FOLLOWER, cc93147f-bc2d-4803-9a7c-bfa6df100165|rpc:10.1.0.110:32927|priority:0|startupRole:FOLLOWER, 831a834c-0d76-4477-9113-3f6aa01da917|rpc:10.1.0.110:38237|priority:0|startupRole:FOLLOWER]|listeners:[], old=null
2022-12-06 15:44:51,772 [831a834c-0d76-4477-9113-3f6aa01da917@group-86C4A20D7C89-LeaderElection10-1] INFO  server.GrpcServerProtocolClient (GrpcServerProtocolClient.java:<init>(63)) - Build channel for 470e2686-24c9-4e42-bae6-1f3a72650c76
2022-12-06 15:44:51,784 [831a834c-0d76-4477-9113-3f6aa01da917@group-86C4A20D7C89-LeaderElection10-2] INFO  server.GrpcServerProtocolClient (GrpcServerProtocolClient.java:<init>(63)) - Build channel for cc93147f-bc2d-4803-9a7c-bfa6df100165
2022-12-06 15:44:51,786 [grpc-default-executor-1] INFO  server.RaftServer$Division (RaftServerImpl.java:requestVote(1218)) - 470e2686-24c9-4e42-bae6-1f3a72650c76@group-86C4A20D7C89: receive requestVote(ELECTION, 831a834c-0d76-4477-9113-3f6aa01da917, group-86C4A20D7C89, 1, (t:0, i:0))
2022-12-06 15:44:51,786 [grpc-default-executor-1] INFO  impl.VoteContext (VoteContext.java:log(49)) - 470e2686-24c9-4e42-bae6-1f3a72650c76@group-86C4A20D7C89-FOLLOWER: reject ELECTION from 831a834c-0d76-4477-9113-3f6aa01da917: our priority 1 > candidate's priority 0
2022-12-06 15:44:51,786 [grpc-default-executor-1] INFO  server.RaftServer$Division (RaftServerImpl.java:setRole(321)) - 470e2686-24c9-4e42-bae6-1f3a72650c76@group-86C4A20D7C89: changes role from  FOLLOWER to FOLLOWER at term 1 for candidate:831a834c-0d76-4477-9113-3f6aa01da917
2022-12-06 15:44:51,786 [grpc-default-executor-1] INFO  impl.RoleInfo (RoleInfo.java:shutdownFollowerState(110)) - 470e2686-24c9-4e42-bae6-1f3a72650c76: shutdown 470e2686-24c9-4e42-bae6-1f3a72650c76@group-86C4A20D7C89-FollowerState
2022-12-06 15:44:51,786 [grpc-default-executor-1] INFO  impl.RoleInfo (RoleInfo.java:updateAndGet(139)) - 470e2686-24c9-4e42-bae6-1f3a72650c76: start 470e2686-24c9-4e42-bae6-1f3a72650c76@group-86C4A20D7C89-FollowerState
2022-12-06 15:44:51,787 [470e2686-24c9-4e42-bae6-1f3a72650c76@group-86C4A20D7C89-FollowerState] INFO  impl.FollowerState (FollowerState.java:run(152)) - 470e2686-24c9-4e42-bae6-1f3a72650c76@group-86C4A20D7C89-FollowerState was interrupted
2022-12-06 15:44:51,788 [EventQueue-CommandQueueReportForCommandQueueReportHandler] WARN  events.EventQueue (EventQueue.java:fireEvent(216)) - No event handler registered for event TypedEvent{payloadType=DatanodeDetails, name='Datanode_Command_Queue_Updated'}
2022-12-06 15:44:51,795 [grpc-default-executor-1] INFO  server.RaftServer$Division (RaftServerImpl.java:requestVote(1251)) - 470e2686-24c9-4e42-bae6-1f3a72650c76@group-86C4A20D7C89 replies to ELECTION vote request: 831a834c-0d76-4477-9113-3f6aa01da917<-470e2686-24c9-4e42-bae6-1f3a72650c76#0:FAIL-t1. Peer's state: 470e2686-24c9-4e42-bae6-1f3a72650c76@group-86C4A20D7C89:t1, leader=null, voted=null, raftlog=Memoized:470e2686-24c9-4e42-bae6-1f3a72650c76@group-86C4A20D7C89-SegmentedRaftLog:OPENED:c-1, conf=-1: peers:[470e2686-24c9-4e42-bae6-1f3a72650c76|rpc:10.1.0.110:33297|dataStream:|priority:1|startupRole:FOLLOWER, cc93147f-bc2d-4803-9a7c-bfa6df100165|rpc:10.1.0.110:32927|dataStream:|priority:0|startupRole:FOLLOWER, 831a834c-0d76-4477-9113-3f6aa01da917|rpc:10.1.0.110:38237|dataStream:|priority:0|startupRole:FOLLOWER]|listeners:[], old=null
2022-12-06 15:44:51,795 [831a834c-0d76-4477-9113-3f6aa01da917@group-86C4A20D7C89-LeaderElection10] INFO  server.RaftServerConfigKeys (ConfUtils.java:logFallback(53)) - raft.server.rpc.first-election.timeout.min = 5s (fallback to raft.server.rpc.timeout.min)
2022-12-06 15:44:51,795 [831a834c-0d76-4477-9113-3f6aa01da917@group-86C4A20D7C89-LeaderElection10] INFO  server.RaftServerConfigKeys (ConfUtils.java:logFallback(53)) - raft.server.rpc.first-election.timeout.max = 5200ms (fallback to raft.server.rpc.timeout.max)
2022-12-06 15:44:51,798 [831a834c-0d76-4477-9113-3f6aa01da917@group-86C4A20D7C89-LeaderElection10] INFO  impl.LeaderElection (LeaderElection.java:logAndReturn(90)) - 831a834c-0d76-4477-9113-3f6aa01da917@group-86C4A20D7C89-LeaderElection10: ELECTION REJECTED received 1 response(s) and 0 exception(s):
2022-12-06 15:44:51,798 [831a834c-0d76-4477-9113-3f6aa01da917@group-86C4A20D7C89-LeaderElection10] INFO  impl.LeaderElection (LeaderElection.java:logAndReturn(94)) -   Response 0: 831a834c-0d76-4477-9113-3f6aa01da917<-470e2686-24c9-4e42-bae6-1f3a72650c76#0:FAIL-t1
2022-12-06 15:44:51,799 [470e2686-24c9-4e42-bae6-1f3a72650c76@group-86C4A20D7C89-FollowerState] INFO  server.RaftServerConfigKeys (ConfUtils.java:logFallback(53)) - raft.server.rpc.first-election.timeout.min = 5s (fallback to raft.server.rpc.timeout.min)
2022-12-06 15:44:51,799 [470e2686-24c9-4e42-bae6-1f3a72650c76@group-86C4A20D7C89-FollowerState] INFO  server.RaftServerConfigKeys (ConfUtils.java:logFallback(53)) - raft.server.rpc.first-election.timeout.max = 5200ms (fallback to raft.server.rpc.timeout.max)
2022-12-06 15:44:51,799 [831a834c-0d76-4477-9113-3f6aa01da917@group-86C4A20D7C89-LeaderElection10] INFO  impl.LeaderElection (LeaderElection.java:askForVotes(314)) - 831a834c-0d76-4477-9113-3f6aa01da917@group-86C4A20D7C89-LeaderElection10 ELECTION round 0: result REJECTED
2022-12-06 15:44:51,799 [831a834c-0d76-4477-9113-3f6aa01da917@group-86C4A20D7C89-LeaderElection10] INFO  server.RaftServer$Division (RaftServerImpl.java:setRole(321)) - 831a834c-0d76-4477-9113-3f6aa01da917@group-86C4A20D7C89: changes role from CANDIDATE to FOLLOWER at term 1 for REJECTED
2022-12-06 15:44:51,799 [831a834c-0d76-4477-9113-3f6aa01da917@group-86C4A20D7C89-LeaderElection10] INFO  impl.RoleInfo (RoleInfo.java:shutdownLeaderElection(130)) - 831a834c-0d76-4477-9113-3f6aa01da917: shutdown 831a834c-0d76-4477-9113-3f6aa01da917@group-86C4A20D7C89-LeaderElection10
2022-12-06 15:44:51,799 [831a834c-0d76-4477-9113-3f6aa01da917@group-86C4A20D7C89-LeaderElection10] INFO  impl.RoleInfo (RoleInfo.java:updateAndGet(139)) - 831a834c-0d76-4477-9113-3f6aa01da917: start 831a834c-0d76-4477-9113-3f6aa01da917@group-86C4A20D7C89-FollowerState
2022-12-06 15:44:51,801 [831a834c-0d76-4477-9113-3f6aa01da917@group-86C4A20D7C89-FollowerState] INFO  server.RaftServerConfigKeys (ConfUtils.java:logFallback(53)) - raft.server.rpc.first-election.timeout.min = 5s (fallback to raft.server.rpc.timeout.min)
2022-12-06 15:44:51,801 [831a834c-0d76-4477-9113-3f6aa01da917@group-86C4A20D7C89-FollowerState] INFO  server.RaftServerConfigKeys (ConfUtils.java:logFallback(53)) - raft.server.rpc.first-election.timeout.max = 5200ms (fallback to raft.server.rpc.timeout.max)
2022-12-06 15:44:51,803 [grpc-default-executor-1] INFO  server.RaftServer$Division (RaftServerImpl.java:requestVote(1218)) - cc93147f-bc2d-4803-9a7c-bfa6df100165@group-86C4A20D7C89: receive requestVote(ELECTION, 831a834c-0d76-4477-9113-3f6aa01da917, group-86C4A20D7C89, 1, (t:0, i:0))
2022-12-06 15:44:51,804 [grpc-default-executor-1] INFO  impl.VoteContext (VoteContext.java:log(49)) - cc93147f-bc2d-4803-9a7c-bfa6df100165@group-86C4A20D7C89-FOLLOWER: accept ELECTION from 831a834c-0d76-4477-9113-3f6aa01da917: our priority 0 <= candidate's priority 0
2022-12-06 15:44:51,804 [grpc-default-executor-1] INFO  server.RaftServer$Division (RaftServerImpl.java:setRole(321)) - cc93147f-bc2d-4803-9a7c-bfa6df100165@group-86C4A20D7C89: changes role from  FOLLOWER to FOLLOWER at term 1 for candidate:831a834c-0d76-4477-9113-3f6aa01da917
2022-12-06 15:44:51,804 [grpc-default-executor-1] INFO  impl.RoleInfo (RoleInfo.java:shutdownFollowerState(110)) - cc93147f-bc2d-4803-9a7c-bfa6df100165: shutdown cc93147f-bc2d-4803-9a7c-bfa6df100165@group-86C4A20D7C89-FollowerState
2022-12-06 15:44:51,804 [grpc-default-executor-1] INFO  impl.RoleInfo (RoleInfo.java:updateAndGet(139)) - cc93147f-bc2d-4803-9a7c-bfa6df100165: start cc93147f-bc2d-4803-9a7c-bfa6df100165@group-86C4A20D7C89-FollowerState
2022-12-06 15:44:51,804 [cc93147f-bc2d-4803-9a7c-bfa6df100165@group-86C4A20D7C89-FollowerState] INFO  impl.FollowerState (FollowerState.java:run(152)) - cc93147f-bc2d-4803-9a7c-bfa6df100165@group-86C4A20D7C89-FollowerState was interrupted
2022-12-06 15:44:51,804 [cc93147f-bc2d-4803-9a7c-bfa6df100165@group-86C4A20D7C89-FollowerState] INFO  server.RaftServerConfigKeys (ConfUtils.java:logFallback(53)) - raft.server.rpc.first-election.timeout.min = 5s (fallback to raft.server.rpc.timeout.min)
2022-12-06 15:44:51,804 [cc93147f-bc2d-4803-9a7c-bfa6df100165@group-86C4A20D7C89-FollowerState] INFO  server.RaftServerConfigKeys (ConfUtils.java:logFallback(53)) - raft.server.rpc.first-election.timeout.max = 5200ms (fallback to raft.server.rpc.timeout.max)
2022-12-06 15:44:51,805 [grpc-default-executor-1] INFO  server.RaftServer$Division (RaftServerImpl.java:requestVote(1251)) - cc93147f-bc2d-4803-9a7c-bfa6df100165@group-86C4A20D7C89 replies to ELECTION vote request: 831a834c-0d76-4477-9113-3f6aa01da917<-cc93147f-bc2d-4803-9a7c-bfa6df100165#0:OK-t1. Peer's state: cc93147f-bc2d-4803-9a7c-bfa6df100165@group-86C4A20D7C89:t1, leader=null, voted=831a834c-0d76-4477-9113-3f6aa01da917, raftlog=Memoized:cc93147f-bc2d-4803-9a7c-bfa6df100165@group-86C4A20D7C89-SegmentedRaftLog:OPENED:c-1, conf=-1: peers:[470e2686-24c9-4e42-bae6-1f3a72650c76|rpc:10.1.0.110:33297|dataStream:|priority:1|startupRole:FOLLOWER, cc93147f-bc2d-4803-9a7c-bfa6df100165|rpc:10.1.0.110:32927|dataStream:|priority:0|startupRole:FOLLOWER, 831a834c-0d76-4477-9113-3f6aa01da917|rpc:10.1.0.110:38237|dataStream:|priority:0|startupRole:FOLLOWER]|listeners:[], old=null
2022-12-06 15:44:51,821 [831a834c-0d76-4477-9113-3f6aa01da917@group-35FD9CCD2BD1-FollowerState] INFO  impl.FollowerState (FollowerState.java:run(143)) - 831a834c-0d76-4477-9113-3f6aa01da917@group-35FD9CCD2BD1-FollowerState: change to CANDIDATE, lastRpcElapsedTime:5151467015ns, electionTimeout:5150ms
2022-12-06 15:44:51,821 [831a834c-0d76-4477-9113-3f6aa01da917@group-35FD9CCD2BD1-FollowerState] INFO  impl.RoleInfo (RoleInfo.java:shutdownFollowerState(110)) - 831a834c-0d76-4477-9113-3f6aa01da917: shutdown 831a834c-0d76-4477-9113-3f6aa01da917@group-35FD9CCD2BD1-FollowerState
2022-12-06 15:44:51,822 [831a834c-0d76-4477-9113-3f6aa01da917@group-35FD9CCD2BD1-FollowerState] INFO  server.RaftServer$Division (RaftServerImpl.java:setRole(321)) - 831a834c-0d76-4477-9113-3f6aa01da917@group-35FD9CCD2BD1: changes role from  FOLLOWER to CANDIDATE at term 0 for changeToCandidate
2022-12-06 15:44:51,822 [831a834c-0d76-4477-9113-3f6aa01da917@group-35FD9CCD2BD1-FollowerState] INFO  server.RaftServerConfigKeys (ConfUtils.java:logGet(46)) - raft.server.leaderelection.pre-vote = false (custom)
2022-12-06 15:44:51,822 [831a834c-0d76-4477-9113-3f6aa01da917@group-35FD9CCD2BD1-FollowerState] INFO  impl.RoleInfo (RoleInfo.java:updateAndGet(139)) - 831a834c-0d76-4477-9113-3f6aa01da917: start 831a834c-0d76-4477-9113-3f6aa01da917@group-35FD9CCD2BD1-LeaderElection11
2022-12-06 15:44:51,825 [831a834c-0d76-4477-9113-3f6aa01da917@group-35FD9CCD2BD1-LeaderElection11] INFO  impl.LeaderElection (LeaderElection.java:askForVotes(312)) - 831a834c-0d76-4477-9113-3f6aa01da917@group-35FD9CCD2BD1-LeaderElection11 ELECTION round 0: submit vote requests at term 1 for -1: peers:[831a834c-0d76-4477-9113-3f6aa01da917|rpc:10.1.0.110:38237|priority:1|startupRole:FOLLOWER]|listeners:[], old=null
2022-12-06 15:44:51,825 [831a834c-0d76-4477-9113-3f6aa01da917@group-35FD9CCD2BD1-LeaderElection11] INFO  impl.LeaderElection (LeaderElection.java:askForVotes(314)) - 831a834c-0d76-4477-9113-3f6aa01da917@group-35FD9CCD2BD1-LeaderElection11 ELECTION round 0: result PASSED (term=1)
2022-12-06 15:44:51,825 [831a834c-0d76-4477-9113-3f6aa01da917@group-35FD9CCD2BD1-LeaderElection11] INFO  impl.RoleInfo (RoleInfo.java:shutdownLeaderElection(130)) - 831a834c-0d76-4477-9113-3f6aa01da917: shutdown 831a834c-0d76-4477-9113-3f6aa01da917@group-35FD9CCD2BD1-LeaderElection11
2022-12-06 15:44:51,825 [831a834c-0d76-4477-9113-3f6aa01da917@group-35FD9CCD2BD1-LeaderElection11] INFO  server.RaftServer$Division (RaftServerImpl.java:setRole(321)) - 831a834c-0d76-4477-9113-3f6aa01da917@group-35FD9CCD2BD1: changes role from CANDIDATE to LEADER at term 1 for changeToLeader
2022-12-06 15:44:51,825 [831a834c-0d76-4477-9113-3f6aa01da917@group-35FD9CCD2BD1-LeaderElection11] INFO  ratis.XceiverServerRatis (XceiverServerRatis.java:handleLeaderChangedNotification(863)) - Leader change notification received for group: group-35FD9CCD2BD1 with new leaderId: 831a834c-0d76-4477-9113-3f6aa01da917
2022-12-06 15:44:51,825 [831a834c-0d76-4477-9113-3f6aa01da917@group-35FD9CCD2BD1-LeaderElection11] INFO  server.RaftServer$Division (ServerState.java:setLeader(313)) - 831a834c-0d76-4477-9113-3f6aa01da917@group-35FD9CCD2BD1: change Leader from null to 831a834c-0d76-4477-9113-3f6aa01da917 at term 1 for becomeLeader, leader elected after 5184ms
2022-12-06 15:44:51,825 [831a834c-0d76-4477-9113-3f6aa01da917@group-35FD9CCD2BD1-LeaderElection11] INFO  server.RaftServerConfigKeys (ConfUtils.java:logGet(46)) - raft.server.staging.catchup.gap = 1000 (default)
2022-12-06 15:44:51,826 [831a834c-0d76-4477-9113-3f6aa01da917@group-35FD9CCD2BD1-LeaderElection11] INFO  server.RaftServerConfigKeys (ConfUtils.java:logGet(46)) - raft.server.write.element-limit = 1024 (custom)
2022-12-06 15:44:51,826 [831a834c-0d76-4477-9113-3f6aa01da917@group-35FD9CCD2BD1-LeaderElection11] INFO  server.RaftServerConfigKeys (ConfUtils.java:logGet(46)) - raft.server.write.byte-limit = 1024 M (=1073741824) (custom)
2022-12-06 15:44:51,826 [831a834c-0d76-4477-9113-3f6aa01da917@group-35FD9CCD2BD1-LeaderElection11] INFO  server.RaftServerConfigKeys (ConfUtils.java:logGet(46)) - raft.server.watch.timeout = 180s (custom)
2022-12-06 15:44:51,826 [831a834c-0d76-4477-9113-3f6aa01da917@group-35FD9CCD2BD1-LeaderElection11] INFO  server.RaftServerConfigKeys (ConfUtils.java:logGet(46)) - raft.server.watch.timeout.denomination = 1s (default)
2022-12-06 15:44:51,826 [831a834c-0d76-4477-9113-3f6aa01da917@group-35FD9CCD2BD1-LeaderElection11] INFO  server.RaftServerConfigKeys (ConfUtils.java:logGet(46)) - raft.server.watch.element-limit = 65536 (default)
2022-12-06 15:44:51,826 [831a834c-0d76-4477-9113-3f6aa01da917@group-35FD9CCD2BD1-LeaderElection11] INFO  server.RaftServerConfigKeys (ConfUtils.java:logGet(46)) - raft.server.write.element-limit = 1024 (custom)
2022-12-06 15:44:51,826 [831a834c-0d76-4477-9113-3f6aa01da917@group-35FD9CCD2BD1-LeaderElection11] INFO  server.RaftServerConfigKeys (ConfUtils.java:logGet(46)) - raft.server.write.follower.gap.ratio.max = -1.0 (default)
2022-12-06 15:44:51,826 [831a834c-0d76-4477-9113-3f6aa01da917@group-35FD9CCD2BD1-LeaderElection11] INFO  impl.RoleInfo (RoleInfo.java:updateAndGet(139)) - 831a834c-0d76-4477-9113-3f6aa01da917: start 831a834c-0d76-4477-9113-3f6aa01da917@group-35FD9CCD2BD1-LeaderStateImpl
2022-12-06 15:44:51,827 [831a834c-0d76-4477-9113-3f6aa01da917@group-35FD9CCD2BD1-LeaderElection11] INFO  segmented.SegmentedRaftLogWorker (SegmentedRaftLogWorker.java:startLogSegment(452)) - 831a834c-0d76-4477-9113-3f6aa01da917@group-35FD9CCD2BD1-SegmentedRaftLogWorker: Starting segment from index:0
2022-12-06 15:44:51,827 [EventQueue-CommandQueueReportForCommandQueueReportHandler] WARN  events.EventQueue (EventQueue.java:fireEvent(216)) - No event handler registered for event TypedEvent{payloadType=DatanodeDetails, name='Datanode_Command_Queue_Updated'}
2022-12-06 15:44:51,827 [EventQueue-OpenPipelineForHealthyPipelineSafeModeRule] INFO  safemode.SCMSafeModeManager (HealthyPipelineSafeModeRule.java:process(137)) - SCM in safe mode. Healthy pipelines reported count is 0, required healthy pipeline reported count is 1
2022-12-06 15:44:51,828 [831a834c-0d76-4477-9113-3f6aa01da917@group-35FD9CCD2BD1-SegmentedRaftLogWorker] INFO  segmented.SegmentedRaftLogWorker (SegmentedRaftLogWorker.java:execute(656)) - 831a834c-0d76-4477-9113-3f6aa01da917@group-35FD9CCD2BD1-SegmentedRaftLogWorker: created new log segment /home/runner/work/ozone/ozone/hadoop-ozone/integration-test/target/test-dir/MiniOzoneClusterImpl-dce15e54-dc76-4f82-a75a-fd2a8a22e08e/datanode-4/data/ratis/c0714bc7-c0b5-4f78-bbc2-35fd9ccd2bd1/current/log_inprogress_0
2022-12-06 15:44:51,829 [831a834c-0d76-4477-9113-3f6aa01da917@group-35FD9CCD2BD1-LeaderElection11] INFO  server.RaftServer$Division (ServerState.java:setRaftConf(430)) - 831a834c-0d76-4477-9113-3f6aa01da917@group-35FD9CCD2BD1: set configuration 0: peers:[831a834c-0d76-4477-9113-3f6aa01da917|rpc:10.1.0.110:38237|dataStream:|priority:1|startupRole:FOLLOWER]|listeners:[], old=null
2022-12-06 15:44:51,869 [EventQueue-CommandQueueReportForCommandQueueReportHandler] WARN  events.EventQueue (EventQueue.java:fireEvent(216)) - No event handler registered for event TypedEvent{payloadType=DatanodeDetails, name='Datanode_Command_Queue_Updated'}
2022-12-06 15:44:51,925 [EventQueue-CommandQueueReportForCommandQueueReportHandler] WARN  events.EventQueue (EventQueue.java:fireEvent(216)) - No event handler registered for event TypedEvent{payloadType=DatanodeDetails, name='Datanode_Command_Queue_Updated'}
2022-12-06 15:44:51,959 [EventQueue-CommandQueueReportForCommandQueueReportHandler] WARN  events.EventQueue (EventQueue.java:fireEvent(216)) - No event handler registered for event TypedEvent{payloadType=DatanodeDetails, name='Datanode_Command_Queue_Updated'}
2022-12-06 15:44:52,085 [cc93147f-bc2d-4803-9a7c-bfa6df100165@group-B4A2B59BA7D6-FollowerState] INFO  impl.FollowerState (FollowerState.java:run(143)) - cc93147f-bc2d-4803-9a7c-bfa6df100165@group-B4A2B59BA7D6-FollowerState: change to CANDIDATE, lastRpcElapsedTime:5113796329ns, electionTimeout:5109ms
2022-12-06 15:44:52,085 [cc93147f-bc2d-4803-9a7c-bfa6df100165@group-B4A2B59BA7D6-FollowerState] INFO  impl.RoleInfo (RoleInfo.java:shutdownFollowerState(110)) - cc93147f-bc2d-4803-9a7c-bfa6df100165: shutdown cc93147f-bc2d-4803-9a7c-bfa6df100165@group-B4A2B59BA7D6-FollowerState
2022-12-06 15:44:52,085 [cc93147f-bc2d-4803-9a7c-bfa6df100165@group-B4A2B59BA7D6-FollowerState] INFO  server.RaftServer$Division (RaftServerImpl.java:setRole(321)) - cc93147f-bc2d-4803-9a7c-bfa6df100165@group-B4A2B59BA7D6: changes role from  FOLLOWER to CANDIDATE at term 0 for changeToCandidate
2022-12-06 15:44:52,085 [cc93147f-bc2d-4803-9a7c-bfa6df100165@group-B4A2B59BA7D6-FollowerState] INFO  server.RaftServerConfigKeys (ConfUtils.java:logGet(46)) - raft.server.leaderelection.pre-vote = false (custom)
2022-12-06 15:44:52,085 [cc93147f-bc2d-4803-9a7c-bfa6df100165@group-B4A2B59BA7D6-FollowerState] INFO  impl.RoleInfo (RoleInfo.java:updateAndGet(139)) - cc93147f-bc2d-4803-9a7c-bfa6df100165: start cc93147f-bc2d-4803-9a7c-bfa6df100165@group-B4A2B59BA7D6-LeaderElection12
2022-12-06 15:44:52,093 [EventQueue-CommandQueueReportForCommandQueueReportHandler] WARN  events.EventQueue (EventQueue.java:fireEvent(216)) - No event handler registered for event TypedEvent{payloadType=DatanodeDetails, name='Datanode_Command_Queue_Updated'}
2022-12-06 15:44:52,094 [cc93147f-bc2d-4803-9a7c-bfa6df100165@group-B4A2B59BA7D6-LeaderElection12] INFO  impl.LeaderElection (LeaderElection.java:askForVotes(312)) - cc93147f-bc2d-4803-9a7c-bfa6df100165@group-B4A2B59BA7D6-LeaderElection12 ELECTION round 0: submit vote requests at term 1 for -1: peers:[cc93147f-bc2d-4803-9a7c-bfa6df100165|rpc:10.1.0.110:32927|priority:1|startupRole:FOLLOWER]|listeners:[], old=null
2022-12-06 15:44:52,094 [cc93147f-bc2d-4803-9a7c-bfa6df100165@group-B4A2B59BA7D6-LeaderElection12] INFO  impl.LeaderElection (LeaderElection.java:askForVotes(314)) - cc93147f-bc2d-4803-9a7c-bfa6df100165@group-B4A2B59BA7D6-LeaderElection12 ELECTION round 0: result PASSED (term=1)
2022-12-06 15:44:52,094 [cc93147f-bc2d-4803-9a7c-bfa6df100165@group-B4A2B59BA7D6-LeaderElection12] INFO  impl.RoleInfo (RoleInfo.java:shutdownLeaderElection(130)) - cc93147f-bc2d-4803-9a7c-bfa6df100165: shutdown cc93147f-bc2d-4803-9a7c-bfa6df100165@group-B4A2B59BA7D6-LeaderElection12
2022-12-06 15:44:52,094 [cc93147f-bc2d-4803-9a7c-bfa6df100165@group-B4A2B59BA7D6-LeaderElection12] INFO  server.RaftServer$Division (RaftServerImpl.java:setRole(321)) - cc93147f-bc2d-4803-9a7c-bfa6df100165@group-B4A2B59BA7D6: changes role from CANDIDATE to LEADER at term 1 for changeToLeader
2022-12-06 15:44:52,094 [cc93147f-bc2d-4803-9a7c-bfa6df100165@group-B4A2B59BA7D6-LeaderElection12] INFO  ratis.XceiverServerRatis (XceiverServerRatis.java:handleLeaderChangedNotification(863)) - Leader change notification received for group: group-B4A2B59BA7D6 with new leaderId: cc93147f-bc2d-4803-9a7c-bfa6df100165
2022-12-06 15:44:52,095 [cc93147f-bc2d-4803-9a7c-bfa6df100165@group-B4A2B59BA7D6-LeaderElection12] INFO  server.RaftServer$Division (ServerState.java:setLeader(313)) - cc93147f-bc2d-4803-9a7c-bfa6df100165@group-B4A2B59BA7D6: change Leader from null to cc93147f-bc2d-4803-9a7c-bfa6df100165 at term 1 for becomeLeader, leader elected after 5142ms
2022-12-06 15:44:52,095 [cc93147f-bc2d-4803-9a7c-bfa6df100165@group-B4A2B59BA7D6-LeaderElection12] INFO  server.RaftServerConfigKeys (ConfUtils.java:logGet(46)) - raft.server.staging.catchup.gap = 1000 (default)
2022-12-06 15:44:52,096 [cc93147f-bc2d-4803-9a7c-bfa6df100165@group-B4A2B59BA7D6-LeaderElection12] INFO  server.RaftServerConfigKeys (ConfUtils.java:logGet(46)) - raft.server.write.element-limit = 1024 (custom)
2022-12-06 15:44:52,096 [cc93147f-bc2d-4803-9a7c-bfa6df100165@group-B4A2B59BA7D6-LeaderElection12] INFO  server.RaftServerConfigKeys (ConfUtils.java:logGet(46)) - raft.server.write.byte-limit = 1024 M (=1073741824) (custom)
2022-12-06 15:44:52,096 [cc93147f-bc2d-4803-9a7c-bfa6df100165@group-B4A2B59BA7D6-LeaderElection12] INFO  server.RaftServerConfigKeys (ConfUtils.java:logGet(46)) - raft.server.watch.timeout = 180s (custom)
2022-12-06 15:44:52,096 [EventQueue-CommandQueueReportForCommandQueueReportHandler] WARN  events.EventQueue (EventQueue.java:fireEvent(216)) - No event handler registered for event TypedEvent{payloadType=DatanodeDetails, name='Datanode_Command_Queue_Updated'}
2022-12-06 15:44:52,096 [cc93147f-bc2d-4803-9a7c-bfa6df100165@group-B4A2B59BA7D6-LeaderElection12] INFO  server.RaftServerConfigKeys (ConfUtils.java:logGet(46)) - raft.server.watch.timeout.denomination = 1s (default)
2022-12-06 15:44:52,096 [cc93147f-bc2d-4803-9a7c-bfa6df100165@group-B4A2B59BA7D6-LeaderElection12] INFO  server.RaftServerConfigKeys (ConfUtils.java:logGet(46)) - raft.server.watch.element-limit = 65536 (default)
2022-12-06 15:44:52,096 [cc93147f-bc2d-4803-9a7c-bfa6df100165@group-B4A2B59BA7D6-LeaderElection12] INFO  server.RaftServerConfigKeys (ConfUtils.java:logGet(46)) - raft.server.write.element-limit = 1024 (custom)
2022-12-06 15:44:52,096 [cc93147f-bc2d-4803-9a7c-bfa6df100165@group-B4A2B59BA7D6-LeaderElection12] INFO  server.RaftServerConfigKeys (ConfUtils.java:logGet(46)) - raft.server.write.follower.gap.ratio.max = -1.0 (default)
2022-12-06 15:44:52,096 [EventQueue-OpenPipelineForHealthyPipelineSafeModeRule] INFO  safemode.SCMSafeModeManager (HealthyPipelineSafeModeRule.java:process(137)) - SCM in safe mode. Healthy pipelines reported count is 0, required healthy pipeline reported count is 1
2022-12-06 15:44:52,096 [cc93147f-bc2d-4803-9a7c-bfa6df100165@group-B4A2B59BA7D6-LeaderElection12] INFO  impl.RoleInfo (RoleInfo.java:updateAndGet(139)) - cc93147f-bc2d-4803-9a7c-bfa6df100165: start cc93147f-bc2d-4803-9a7c-bfa6df100165@group-B4A2B59BA7D6-LeaderStateImpl
2022-12-06 15:44:52,097 [cc93147f-bc2d-4803-9a7c-bfa6df100165@group-B4A2B59BA7D6-LeaderElection12] INFO  segmented.SegmentedRaftLogWorker (SegmentedRaftLogWorker.java:startLogSegment(452)) - cc93147f-bc2d-4803-9a7c-bfa6df100165@group-B4A2B59BA7D6-SegmentedRaftLogWorker: Starting segment from index:0
2022-12-06 15:44:52,098 [cc93147f-bc2d-4803-9a7c-bfa6df100165@group-B4A2B59BA7D6-LeaderElection12] INFO  server.RaftServer$Division (ServerState.java:setRaftConf(430)) - cc93147f-bc2d-4803-9a7c-bfa6df100165@group-B4A2B59BA7D6: set configuration 0: peers:[cc93147f-bc2d-4803-9a7c-bfa6df100165|rpc:10.1.0.110:32927|dataStream:|priority:1|startupRole:FOLLOWER]|listeners:[], old=null
2022-12-06 15:44:52,098 [cc93147f-bc2d-4803-9a7c-bfa6df100165@group-B4A2B59BA7D6-SegmentedRaftLogWorker] INFO  segmented.SegmentedRaftLogWorker (SegmentedRaftLogWorker.java:execute(656)) - cc93147f-bc2d-4803-9a7c-bfa6df100165@group-B4A2B59BA7D6-SegmentedRaftLogWorker: created new log segment /home/runner/work/ozone/ozone/hadoop-ozone/integration-test/target/test-dir/MiniOzoneClusterImpl-dce15e54-dc76-4f82-a75a-fd2a8a22e08e/datanode-5/data/ratis/22d380dc-e590-4be9-b543-b4a2b59ba7d6/current/log_inprogress_0
2022-12-06 15:44:52,231 [EventQueue-CommandQueueReportForCommandQueueReportHandler] WARN  events.EventQueue (EventQueue.java:fireEvent(216)) - No event handler registered for event TypedEvent{payloadType=DatanodeDetails, name='Datanode_Command_Queue_Updated'}
2022-12-06 15:44:52,242 [EventQueue-CommandQueueReportForCommandQueueReportHandler] WARN  events.EventQueue (EventQueue.java:fireEvent(216)) - No event handler registered for event TypedEvent{payloadType=DatanodeDetails, name='Datanode_Command_Queue_Updated'}
2022-12-06 15:44:52,423 [2497daeb-967d-49ad-8f28-1297e8c4c732@group-BD0688E9877E-FollowerState] INFO  impl.FollowerState (FollowerState.java:run(143)) - 2497daeb-967d-49ad-8f28-1297e8c4c732@group-BD0688E9877E-FollowerState: change to CANDIDATE, lastRpcElapsedTime:5020770534ns, electionTimeout:5008ms
2022-12-06 15:44:52,423 [2497daeb-967d-49ad-8f28-1297e8c4c732@group-BD0688E9877E-FollowerState] INFO  impl.RoleInfo (RoleInfo.java:shutdownFollowerState(110)) - 2497daeb-967d-49ad-8f28-1297e8c4c732: shutdown 2497daeb-967d-49ad-8f28-1297e8c4c732@group-BD0688E9877E-FollowerState
2022-12-06 15:44:52,423 [2497daeb-967d-49ad-8f28-1297e8c4c732@group-BD0688E9877E-FollowerState] INFO  server.RaftServer$Division (RaftServerImpl.java:setRole(321)) - 2497daeb-967d-49ad-8f28-1297e8c4c732@group-BD0688E9877E: changes role from  FOLLOWER to CANDIDATE at term 0 for changeToCandidate
2022-12-06 15:44:52,424 [2497daeb-967d-49ad-8f28-1297e8c4c732@group-BD0688E9877E-FollowerState] INFO  server.RaftServerConfigKeys (ConfUtils.java:logGet(46)) - raft.server.leaderelection.pre-vote = false (custom)
2022-12-06 15:44:52,424 [2497daeb-967d-49ad-8f28-1297e8c4c732@group-BD0688E9877E-FollowerState] INFO  impl.RoleInfo (RoleInfo.java:updateAndGet(139)) - 2497daeb-967d-49ad-8f28-1297e8c4c732: start 2497daeb-967d-49ad-8f28-1297e8c4c732@group-BD0688E9877E-LeaderElection13
2022-12-06 15:44:52,427 [2497daeb-967d-49ad-8f28-1297e8c4c732@group-BD0688E9877E-LeaderElection13] INFO  impl.LeaderElection (LeaderElection.java:askForVotes(312)) - 2497daeb-967d-49ad-8f28-1297e8c4c732@group-BD0688E9877E-LeaderElection13 ELECTION round 0: submit vote requests at term 1 for -1: peers:[2497daeb-967d-49ad-8f28-1297e8c4c732|rpc:10.1.0.110:46387|priority:1|startupRole:FOLLOWER]|listeners:[], old=null
2022-12-06 15:44:52,427 [2497daeb-967d-49ad-8f28-1297e8c4c732@group-BD0688E9877E-LeaderElection13] INFO  impl.LeaderElection (LeaderElection.java:askForVotes(314)) - 2497daeb-967d-49ad-8f28-1297e8c4c732@group-BD0688E9877E-LeaderElection13 ELECTION round 0: result PASSED (term=1)
2022-12-06 15:44:52,428 [2497daeb-967d-49ad-8f28-1297e8c4c732@group-BD0688E9877E-LeaderElection13] INFO  impl.RoleInfo (RoleInfo.java:shutdownLeaderElection(130)) - 2497daeb-967d-49ad-8f28-1297e8c4c732: shutdown 2497daeb-967d-49ad-8f28-1297e8c4c732@group-BD0688E9877E-LeaderElection13
2022-12-06 15:44:52,428 [2497daeb-967d-49ad-8f28-1297e8c4c732@group-BD0688E9877E-LeaderElection13] INFO  server.RaftServer$Division (RaftServerImpl.java:setRole(321)) - 2497daeb-967d-49ad-8f28-1297e8c4c732@group-BD0688E9877E: changes role from CANDIDATE to LEADER at term 1 for changeToLeader
2022-12-06 15:44:52,428 [2497daeb-967d-49ad-8f28-1297e8c4c732@group-BD0688E9877E-LeaderElection13] INFO  ratis.XceiverServerRatis (XceiverServerRatis.java:handleLeaderChangedNotification(863)) - Leader change notification received for group: group-BD0688E9877E with new leaderId: 2497daeb-967d-49ad-8f28-1297e8c4c732
2022-12-06 15:44:52,428 [2497daeb-967d-49ad-8f28-1297e8c4c732@group-BD0688E9877E-LeaderElection13] INFO  server.RaftServer$Division (ServerState.java:setLeader(313)) - 2497daeb-967d-49ad-8f28-1297e8c4c732@group-BD0688E9877E: change Leader from null to 2497daeb-967d-49ad-8f28-1297e8c4c732 at term 1 for becomeLeader, leader elected after 5048ms
2022-12-06 15:44:52,428 [2497daeb-967d-49ad-8f28-1297e8c4c732@group-BD0688E9877E-LeaderElection13] INFO  server.RaftServerConfigKeys (ConfUtils.java:logGet(46)) - raft.server.staging.catchup.gap = 1000 (default)
2022-12-06 15:44:52,428 [2497daeb-967d-49ad-8f28-1297e8c4c732@group-BD0688E9877E-LeaderElection13] INFO  server.RaftServerConfigKeys (ConfUtils.java:logGet(46)) - raft.server.write.element-limit = 1024 (custom)
2022-12-06 15:44:52,428 [2497daeb-967d-49ad-8f28-1297e8c4c732@group-BD0688E9877E-LeaderElection13] INFO  server.RaftServerConfigKeys (ConfUtils.java:logGet(46)) - raft.server.write.byte-limit = 1024 M (=1073741824) (custom)
2022-12-06 15:44:52,429 [2497daeb-967d-49ad-8f28-1297e8c4c732@group-BD0688E9877E-LeaderElection13] INFO  server.RaftServerConfigKeys (ConfUtils.java:logGet(46)) - raft.server.watch.timeout = 180s (custom)
2022-12-06 15:44:52,429 [2497daeb-967d-49ad-8f28-1297e8c4c732@group-BD0688E9877E-LeaderElection13] INFO  server.RaftServerConfigKeys (ConfUtils.java:logGet(46)) - raft.server.watch.timeout.denomination = 1s (default)
2022-12-06 15:44:52,429 [2497daeb-967d-49ad-8f28-1297e8c4c732@group-BD0688E9877E-LeaderElection13] INFO  server.RaftServerConfigKeys (ConfUtils.java:logGet(46)) - raft.server.watch.element-limit = 65536 (default)
2022-12-06 15:44:52,429 [2497daeb-967d-49ad-8f28-1297e8c4c732@group-BD0688E9877E-LeaderElection13] INFO  server.RaftServerConfigKeys (ConfUtils.java:logGet(46)) - raft.server.write.element-limit = 1024 (custom)
2022-12-06 15:44:52,429 [2497daeb-967d-49ad-8f28-1297e8c4c732@group-BD0688E9877E-LeaderElection13] INFO  server.RaftServerConfigKeys (ConfUtils.java:logGet(46)) - raft.server.write.follower.gap.ratio.max = -1.0 (default)
2022-12-06 15:44:52,429 [2497daeb-967d-49ad-8f28-1297e8c4c732@group-BD0688E9877E-LeaderElection13] INFO  impl.RoleInfo (RoleInfo.java:updateAndGet(139)) - 2497daeb-967d-49ad-8f28-1297e8c4c732: start 2497daeb-967d-49ad-8f28-1297e8c4c732@group-BD0688E9877E-LeaderStateImpl
2022-12-06 15:44:52,430 [EventQueue-CommandQueueReportForCommandQueueReportHandler] WARN  events.EventQueue (EventQueue.java:fireEvent(216)) - No event handler registered for event TypedEvent{payloadType=DatanodeDetails, name='Datanode_Command_Queue_Updated'}
2022-12-06 15:44:52,430 [EventQueue-OpenPipelineForHealthyPipelineSafeModeRule] INFO  safemode.SCMSafeModeManager (HealthyPipelineSafeModeRule.java:process(137)) - SCM in safe mode. Healthy pipelines reported count is 0, required healthy pipeline reported count is 1
2022-12-06 15:44:52,430 [2497daeb-967d-49ad-8f28-1297e8c4c732@group-BD0688E9877E-LeaderElection13] INFO  segmented.SegmentedRaftLogWorker (SegmentedRaftLogWorker.java:startLogSegment(452)) - 2497daeb-967d-49ad-8f28-1297e8c4c732@group-BD0688E9877E-SegmentedRaftLogWorker: Starting segment from index:0
2022-12-06 15:44:52,432 [2497daeb-967d-49ad-8f28-1297e8c4c732@group-BD0688E9877E-LeaderElection13] INFO  server.RaftServer$Division (ServerState.java:setRaftConf(430)) - 2497daeb-967d-49ad-8f28-1297e8c4c732@group-BD0688E9877E: set configuration 0: peers:[2497daeb-967d-49ad-8f28-1297e8c4c732|rpc:10.1.0.110:46387|dataStream:|priority:1|startupRole:FOLLOWER]|listeners:[], old=null
2022-12-06 15:44:52,432 [2497daeb-967d-49ad-8f28-1297e8c4c732@group-BD0688E9877E-SegmentedRaftLogWorker] INFO  segmented.SegmentedRaftLogWorker (SegmentedRaftLogWorker.java:execute(656)) - 2497daeb-967d-49ad-8f28-1297e8c4c732@group-BD0688E9877E-SegmentedRaftLogWorker: created new log segment /home/runner/work/ozone/ozone/hadoop-ozone/integration-test/target/test-dir/MiniOzoneClusterImpl-dce15e54-dc76-4f82-a75a-fd2a8a22e08e/datanode-6/data/ratis/cc420899-85aa-40fb-a437-bd0688e9877e/current/log_inprogress_0
2022-12-06 15:44:52,459 [EventQueue-CommandQueueReportForCommandQueueReportHandler] WARN  events.EventQueue (EventQueue.java:fireEvent(216)) - No event handler registered for event TypedEvent{payloadType=DatanodeDetails, name='Datanode_Command_Queue_Updated'}
2022-12-06 15:44:52,499 [EventQueue-CommandQueueReportForCommandQueueReportHandler] WARN  events.EventQueue (EventQueue.java:fireEvent(216)) - No event handler registered for event TypedEvent{payloadType=DatanodeDetails, name='Datanode_Command_Queue_Updated'}
2022-12-06 15:44:52,765 [Listener at 127.0.0.1/44149] INFO  ozone.MiniOzoneClusterImpl (MiniOzoneClusterImpl.java:lambda$waitForClusterToBeReady$0(216)) - Nodes are ready. Got 10 of 10 DN Heartbeats.
2022-12-06 15:44:52,765 [Listener at 127.0.0.1/44149] INFO  ozone.MiniOzoneClusterImpl (MiniOzoneClusterImpl.java:lambda$waitForClusterToBeReady$0(219)) - Waiting for cluster to exit safe mode
2022-12-06 15:44:52,765 [Listener at 127.0.0.1/44149] INFO  ozone.MiniOzoneClusterImpl (MiniOzoneClusterImpl.java:lambda$waitForClusterToBeReady$0(221)) - SCM became leader
2022-12-06 15:44:52,788 [EventQueue-CommandQueueReportForCommandQueueReportHandler] WARN  events.EventQueue (EventQueue.java:fireEvent(216)) - No event handler registered for event TypedEvent{payloadType=DatanodeDetails, name='Datanode_Command_Queue_Updated'}
2022-12-06 15:44:52,791 [ReplicationMonitor] INFO  replication.ReplicationManager (ReplicationManager.java:processAll(323)) - Replication Manager is not ready to run until 3000ms after safemode exit
2022-12-06 15:44:52,828 [EventQueue-CommandQueueReportForCommandQueueReportHandler] WARN  events.EventQueue (EventQueue.java:fireEvent(216)) - No event handler registered for event TypedEvent{payloadType=DatanodeDetails, name='Datanode_Command_Queue_Updated'}
2022-12-06 15:44:52,850 [7726e7f5-b74c-4e4a-9680-a65a67c105af@group-788D5277D0CF-FollowerState] INFO  impl.FollowerState (FollowerState.java:run(143)) - 7726e7f5-b74c-4e4a-9680-a65a67c105af@group-788D5277D0CF-FollowerState: change to CANDIDATE, lastRpcElapsedTime:5018878502ns, electionTimeout:5015ms
2022-12-06 15:44:52,851 [7726e7f5-b74c-4e4a-9680-a65a67c105af@group-788D5277D0CF-FollowerState] INFO  impl.RoleInfo (RoleInfo.java:shutdownFollowerState(110)) - 7726e7f5-b74c-4e4a-9680-a65a67c105af: shutdown 7726e7f5-b74c-4e4a-9680-a65a67c105af@group-788D5277D0CF-FollowerState
2022-12-06 15:44:52,851 [7726e7f5-b74c-4e4a-9680-a65a67c105af@group-788D5277D0CF-FollowerState] INFO  server.RaftServer$Division (RaftServerImpl.java:setRole(321)) - 7726e7f5-b74c-4e4a-9680-a65a67c105af@group-788D5277D0CF: changes role from  FOLLOWER to CANDIDATE at term 0 for changeToCandidate
2022-12-06 15:44:52,851 [7726e7f5-b74c-4e4a-9680-a65a67c105af@group-788D5277D0CF-FollowerState] INFO  server.RaftServerConfigKeys (ConfUtils.java:logGet(46)) - raft.server.leaderelection.pre-vote = false (custom)
2022-12-06 15:44:52,851 [7726e7f5-b74c-4e4a-9680-a65a67c105af@group-788D5277D0CF-FollowerState] INFO  impl.RoleInfo (RoleInfo.java:updateAndGet(139)) - 7726e7f5-b74c-4e4a-9680-a65a67c105af: start 7726e7f5-b74c-4e4a-9680-a65a67c105af@group-788D5277D0CF-LeaderElection14
2022-12-06 15:44:52,853 [2497daeb-967d-49ad-8f28-1297e8c4c732@group-E388FC27C872-FollowerState] INFO  impl.FollowerState (FollowerState.java:run(143)) - 2497daeb-967d-49ad-8f28-1297e8c4c732@group-E388FC27C872-FollowerState: change to CANDIDATE, lastRpcElapsedTime:5077456150ns, electionTimeout:5066ms
2022-12-06 15:44:52,853 [2497daeb-967d-49ad-8f28-1297e8c4c732@group-E388FC27C872-FollowerState] INFO  impl.RoleInfo (RoleInfo.java:shutdownFollowerState(110)) - 2497daeb-967d-49ad-8f28-1297e8c4c732: shutdown 2497daeb-967d-49ad-8f28-1297e8c4c732@group-E388FC27C872-FollowerState
2022-12-06 15:44:52,853 [2497daeb-967d-49ad-8f28-1297e8c4c732@group-E388FC27C872-FollowerState] INFO  server.RaftServer$Division (RaftServerImpl.java:setRole(321)) - 2497daeb-967d-49ad-8f28-1297e8c4c732@group-E388FC27C872: changes role from  FOLLOWER to CANDIDATE at term 0 for changeToCandidate
2022-12-06 15:44:52,853 [2497daeb-967d-49ad-8f28-1297e8c4c732@group-E388FC27C872-FollowerState] INFO  server.RaftServerConfigKeys (ConfUtils.java:logGet(46)) - raft.server.leaderelection.pre-vote = false (custom)
2022-12-06 15:44:52,853 [2497daeb-967d-49ad-8f28-1297e8c4c732@group-E388FC27C872-FollowerState] INFO  impl.RoleInfo (RoleInfo.java:updateAndGet(139)) - 2497daeb-967d-49ad-8f28-1297e8c4c732: start 2497daeb-967d-49ad-8f28-1297e8c4c732@group-E388FC27C872-LeaderElection15
2022-12-06 15:44:52,856 [7726e7f5-b74c-4e4a-9680-a65a67c105af@group-788D5277D0CF-LeaderElection14] INFO  impl.LeaderElection (LeaderElection.java:askForVotes(312)) - 7726e7f5-b74c-4e4a-9680-a65a67c105af@group-788D5277D0CF-LeaderElection14 ELECTION round 0: submit vote requests at term 1 for -1: peers:[7726e7f5-b74c-4e4a-9680-a65a67c105af|rpc:10.1.0.110:44993|priority:1|startupRole:FOLLOWER]|listeners:[], old=null
2022-12-06 15:44:52,856 [7726e7f5-b74c-4e4a-9680-a65a67c105af@group-788D5277D0CF-LeaderElection14] INFO  impl.LeaderElection (LeaderElection.java:askForVotes(314)) - 7726e7f5-b74c-4e4a-9680-a65a67c105af@group-788D5277D0CF-LeaderElection14 ELECTION round 0: result PASSED (term=1)
2022-12-06 15:44:52,856 [7726e7f5-b74c-4e4a-9680-a65a67c105af@group-788D5277D0CF-LeaderElection14] INFO  impl.RoleInfo (RoleInfo.java:shutdownLeaderElection(130)) - 7726e7f5-b74c-4e4a-9680-a65a67c105af: shutdown 7726e7f5-b74c-4e4a-9680-a65a67c105af@group-788D5277D0CF-LeaderElection14
2022-12-06 15:44:52,856 [7726e7f5-b74c-4e4a-9680-a65a67c105af@group-788D5277D0CF-LeaderElection14] INFO  server.RaftServer$Division (RaftServerImpl.java:setRole(321)) - 7726e7f5-b74c-4e4a-9680-a65a67c105af@group-788D5277D0CF: changes role from CANDIDATE to LEADER at term 1 for changeToLeader
2022-12-06 15:44:52,856 [7726e7f5-b74c-4e4a-9680-a65a67c105af@group-788D5277D0CF-LeaderElection14] INFO  ratis.XceiverServerRatis (XceiverServerRatis.java:handleLeaderChangedNotification(863)) - Leader change notification received for group: group-788D5277D0CF with new leaderId: 7726e7f5-b74c-4e4a-9680-a65a67c105af
2022-12-06 15:44:52,856 [7726e7f5-b74c-4e4a-9680-a65a67c105af@group-788D5277D0CF-LeaderElection14] INFO  server.RaftServer$Division (ServerState.java:setLeader(313)) - 7726e7f5-b74c-4e4a-9680-a65a67c105af@group-788D5277D0CF: change Leader from null to 7726e7f5-b74c-4e4a-9680-a65a67c105af at term 1 for becomeLeader, leader elected after 5071ms
2022-12-06 15:44:52,856 [7726e7f5-b74c-4e4a-9680-a65a67c105af@group-788D5277D0CF-LeaderElection14] INFO  server.RaftServerConfigKeys (ConfUtils.java:logGet(46)) - raft.server.staging.catchup.gap = 1000 (default)
2022-12-06 15:44:52,856 [7726e7f5-b74c-4e4a-9680-a65a67c105af@group-788D5277D0CF-LeaderElection14] INFO  server.RaftServerConfigKeys (ConfUtils.java:logGet(46)) - raft.server.write.element-limit = 1024 (custom)
2022-12-06 15:44:52,856 [7726e7f5-b74c-4e4a-9680-a65a67c105af@group-788D5277D0CF-LeaderElection14] INFO  server.RaftServerConfigKeys (ConfUtils.java:logGet(46)) - raft.server.write.byte-limit = 1024 M (=1073741824) (custom)
2022-12-06 15:44:52,857 [7726e7f5-b74c-4e4a-9680-a65a67c105af@group-788D5277D0CF-LeaderElection14] INFO  server.RaftServerConfigKeys (ConfUtils.java:logGet(46)) - raft.server.watch.timeout = 180s (custom)
2022-12-06 15:44:52,857 [7726e7f5-b74c-4e4a-9680-a65a67c105af@group-788D5277D0CF-LeaderElection14] INFO  server.RaftServerConfigKeys (ConfUtils.java:logGet(46)) - raft.server.watch.timeout.denomination = 1s (default)
2022-12-06 15:44:52,857 [7726e7f5-b74c-4e4a-9680-a65a67c105af@group-788D5277D0CF-LeaderElection14] INFO  server.RaftServerConfigKeys (ConfUtils.java:logGet(46)) - raft.server.watch.element-limit = 65536 (default)
2022-12-06 15:44:52,857 [7726e7f5-b74c-4e4a-9680-a65a67c105af@group-788D5277D0CF-LeaderElection14] INFO  server.RaftServerConfigKeys (ConfUtils.java:logGet(46)) - raft.server.write.element-limit = 1024 (custom)
2022-12-06 15:44:52,857 [7726e7f5-b74c-4e4a-9680-a65a67c105af@group-788D5277D0CF-LeaderElection14] INFO  server.RaftServerConfigKeys (ConfUtils.java:logGet(46)) - raft.server.write.follower.gap.ratio.max = -1.0 (default)
2022-12-06 15:44:52,857 [7726e7f5-b74c-4e4a-9680-a65a67c105af@group-788D5277D0CF-LeaderElection14] INFO  impl.RoleInfo (RoleInfo.java:updateAndGet(139)) - 7726e7f5-b74c-4e4a-9680-a65a67c105af: start 7726e7f5-b74c-4e4a-9680-a65a67c105af@group-788D5277D0CF-LeaderStateImpl
2022-12-06 15:44:52,857 [7726e7f5-b74c-4e4a-9680-a65a67c105af@group-788D5277D0CF-LeaderElection14] INFO  segmented.SegmentedRaftLogWorker (SegmentedRaftLogWorker.java:startLogSegment(452)) - 7726e7f5-b74c-4e4a-9680-a65a67c105af@group-788D5277D0CF-SegmentedRaftLogWorker: Starting segment from index:0
2022-12-06 15:44:52,858 [EventQueue-CommandQueueReportForCommandQueueReportHandler] WARN  events.EventQueue (EventQueue.java:fireEvent(216)) - No event handler registered for event TypedEvent{payloadType=DatanodeDetails, name='Datanode_Command_Queue_Updated'}
2022-12-06 15:44:52,858 [EventQueue-OpenPipelineForHealthyPipelineSafeModeRule] INFO  safemode.SCMSafeModeManager (HealthyPipelineSafeModeRule.java:process(137)) - SCM in safe mode. Healthy pipelines reported count is 0, required healthy pipeline reported count is 1
2022-12-06 15:44:52,860 [7726e7f5-b74c-4e4a-9680-a65a67c105af@group-788D5277D0CF-SegmentedRaftLogWorker] INFO  segmented.SegmentedRaftLogWorker (SegmentedRaftLogWorker.java:execute(656)) - 7726e7f5-b74c-4e4a-9680-a65a67c105af@group-788D5277D0CF-SegmentedRaftLogWorker: created new log segment /home/runner/work/ozone/ozone/hadoop-ozone/integration-test/target/test-dir/MiniOzoneClusterImpl-dce15e54-dc76-4f82-a75a-fd2a8a22e08e/datanode-7/data/ratis/2b35dc48-9584-451f-a7df-788d5277d0cf/current/log_inprogress_0
2022-12-06 15:44:52,860 [2497daeb-967d-49ad-8f28-1297e8c4c732@group-E388FC27C872-LeaderElection15] INFO  impl.LeaderElection (LeaderElection.java:askForVotes(312)) - 2497daeb-967d-49ad-8f28-1297e8c4c732@group-E388FC27C872-LeaderElection15 ELECTION round 0: submit vote requests at term 1 for -1: peers:[2497daeb-967d-49ad-8f28-1297e8c4c732|rpc:10.1.0.110:46387|priority:0|startupRole:FOLLOWER, 7726e7f5-b74c-4e4a-9680-a65a67c105af|rpc:10.1.0.110:44993|priority:1|startupRole:FOLLOWER, 3ddade9d-4289-4127-b7c4-830dd518ff0a|rpc:10.1.0.110:43967|priority:0|startupRole:FOLLOWER]|listeners:[], old=null
2022-12-06 15:44:52,860 [7726e7f5-b74c-4e4a-9680-a65a67c105af@group-788D5277D0CF-LeaderElection14] INFO  server.RaftServer$Division (ServerState.java:setRaftConf(430)) - 7726e7f5-b74c-4e4a-9680-a65a67c105af@group-788D5277D0CF: set configuration 0: peers:[7726e7f5-b74c-4e4a-9680-a65a67c105af|rpc:10.1.0.110:44993|dataStream:|priority:1|startupRole:FOLLOWER]|listeners:[], old=null
2022-12-06 15:44:52,864 [2497daeb-967d-49ad-8f28-1297e8c4c732@group-E388FC27C872-LeaderElection15] INFO  server.RaftServerConfigKeys (ConfUtils.java:logFallback(53)) - raft.server.rpc.first-election.timeout.min = 5s (fallback to raft.server.rpc.timeout.min)
2022-12-06 15:44:52,864 [2497daeb-967d-49ad-8f28-1297e8c4c732@group-E388FC27C872-LeaderElection15] INFO  server.RaftServerConfigKeys (ConfUtils.java:logFallback(53)) - raft.server.rpc.first-election.timeout.max = 5200ms (fallback to raft.server.rpc.timeout.max)
2022-12-06 15:44:52,864 [2497daeb-967d-49ad-8f28-1297e8c4c732@group-E388FC27C872-LeaderElection15-2] INFO  server.GrpcServerProtocolClient (GrpcServerProtocolClient.java:<init>(63)) - Build channel for 3ddade9d-4289-4127-b7c4-830dd518ff0a
2022-12-06 15:44:52,865 [2497daeb-967d-49ad-8f28-1297e8c4c732@group-E388FC27C872-LeaderElection15-1] INFO  server.GrpcServerProtocolClient (GrpcServerProtocolClient.java:<init>(63)) - Build channel for 7726e7f5-b74c-4e4a-9680-a65a67c105af
2022-12-06 15:44:52,879 [grpc-default-executor-1] INFO  server.RaftServer$Division (RaftServerImpl.java:requestVote(1218)) - 7726e7f5-b74c-4e4a-9680-a65a67c105af@group-E388FC27C872: receive requestVote(ELECTION, 2497daeb-967d-49ad-8f28-1297e8c4c732, group-E388FC27C872, 1, (t:0, i:0))
2022-12-06 15:44:52,879 [grpc-default-executor-1] INFO  impl.VoteContext (VoteContext.java:log(49)) - 7726e7f5-b74c-4e4a-9680-a65a67c105af@group-E388FC27C872-FOLLOWER: reject ELECTION from 2497daeb-967d-49ad-8f28-1297e8c4c732: our priority 1 > candidate's priority 0
2022-12-06 15:44:52,879 [grpc-default-executor-1] INFO  server.RaftServer$Division (RaftServerImpl.java:setRole(321)) - 7726e7f5-b74c-4e4a-9680-a65a67c105af@group-E388FC27C872: changes role from  FOLLOWER to FOLLOWER at term 1 for candidate:2497daeb-967d-49ad-8f28-1297e8c4c732
2022-12-06 15:44:52,879 [grpc-default-executor-1] INFO  impl.RoleInfo (RoleInfo.java:shutdownFollowerState(110)) - 7726e7f5-b74c-4e4a-9680-a65a67c105af: shutdown 7726e7f5-b74c-4e4a-9680-a65a67c105af@group-E388FC27C872-FollowerState
2022-12-06 15:44:52,879 [grpc-default-executor-1] INFO  impl.RoleInfo (RoleInfo.java:updateAndGet(139)) - 7726e7f5-b74c-4e4a-9680-a65a67c105af: start 7726e7f5-b74c-4e4a-9680-a65a67c105af@group-E388FC27C872-FollowerState
2022-12-06 15:44:52,879 [7726e7f5-b74c-4e4a-9680-a65a67c105af@group-E388FC27C872-FollowerState] INFO  impl.FollowerState (FollowerState.java:run(152)) - 7726e7f5-b74c-4e4a-9680-a65a67c105af@group-E388FC27C872-FollowerState was interrupted
2022-12-06 15:44:52,887 [7726e7f5-b74c-4e4a-9680-a65a67c105af@group-E388FC27C872-FollowerState] INFO  server.RaftServerConfigKeys (ConfUtils.java:logFallback(53)) - raft.server.rpc.first-election.timeout.min = 5s (fallback to raft.server.rpc.timeout.min)
2022-12-06 15:44:52,887 [7726e7f5-b74c-4e4a-9680-a65a67c105af@group-E388FC27C872-FollowerState] INFO  server.RaftServerConfigKeys (ConfUtils.java:logFallback(53)) - raft.server.rpc.first-election.timeout.max = 5200ms (fallback to raft.server.rpc.timeout.max)
2022-12-06 15:44:52,888 [grpc-default-executor-1] INFO  server.RaftServer$Division (RaftServerImpl.java:requestVote(1251)) - 7726e7f5-b74c-4e4a-9680-a65a67c105af@group-E388FC27C872 replies to ELECTION vote request: 2497daeb-967d-49ad-8f28-1297e8c4c732<-7726e7f5-b74c-4e4a-9680-a65a67c105af#0:FAIL-t1. Peer's state: 7726e7f5-b74c-4e4a-9680-a65a67c105af@group-E388FC27C872:t1, leader=null, voted=null, raftlog=Memoized:7726e7f5-b74c-4e4a-9680-a65a67c105af@group-E388FC27C872-SegmentedRaftLog:OPENED:c-1, conf=-1: peers:[2497daeb-967d-49ad-8f28-1297e8c4c732|rpc:10.1.0.110:46387|dataStream:|priority:0|startupRole:FOLLOWER, 7726e7f5-b74c-4e4a-9680-a65a67c105af|rpc:10.1.0.110:44993|dataStream:|priority:1|startupRole:FOLLOWER, 3ddade9d-4289-4127-b7c4-830dd518ff0a|rpc:10.1.0.110:43967|dataStream:|priority:0|startupRole:FOLLOWER]|listeners:[], old=null
2022-12-06 15:44:52,893 [2497daeb-967d-49ad-8f28-1297e8c4c732@group-E388FC27C872-LeaderElection15] INFO  impl.LeaderElection (LeaderElection.java:logAndReturn(90)) - 2497daeb-967d-49ad-8f28-1297e8c4c732@group-E388FC27C872-LeaderElection15: ELECTION REJECTED received 1 response(s) and 0 exception(s):
2022-12-06 15:44:52,893 [2497daeb-967d-49ad-8f28-1297e8c4c732@group-E388FC27C872-LeaderElection15] INFO  impl.LeaderElection (LeaderElection.java:logAndReturn(94)) -   Response 0: 2497daeb-967d-49ad-8f28-1297e8c4c732<-7726e7f5-b74c-4e4a-9680-a65a67c105af#0:FAIL-t1
2022-12-06 15:44:52,893 [2497daeb-967d-49ad-8f28-1297e8c4c732@group-E388FC27C872-LeaderElection15] INFO  impl.LeaderElection (LeaderElection.java:askForVotes(314)) - 2497daeb-967d-49ad-8f28-1297e8c4c732@group-E388FC27C872-LeaderElection15 ELECTION round 0: result REJECTED
2022-12-06 15:44:52,893 [2497daeb-967d-49ad-8f28-1297e8c4c732@group-E388FC27C872-LeaderElection15] INFO  server.RaftServer$Division (RaftServerImpl.java:setRole(321)) - 2497daeb-967d-49ad-8f28-1297e8c4c732@group-E388FC27C872: changes role from CANDIDATE to FOLLOWER at term 1 for REJECTED
2022-12-06 15:44:52,893 [2497daeb-967d-49ad-8f28-1297e8c4c732@group-E388FC27C872-LeaderElection15] INFO  impl.RoleInfo (RoleInfo.java:shutdownLeaderElection(130)) - 2497daeb-967d-49ad-8f28-1297e8c4c732: shutdown 2497daeb-967d-49ad-8f28-1297e8c4c732@group-E388FC27C872-LeaderElection15
2022-12-06 15:44:52,893 [2497daeb-967d-49ad-8f28-1297e8c4c732@group-E388FC27C872-LeaderElection15] INFO  impl.RoleInfo (RoleInfo.java:updateAndGet(139)) - 2497daeb-967d-49ad-8f28-1297e8c4c732: start 2497daeb-967d-49ad-8f28-1297e8c4c732@group-E388FC27C872-FollowerState
2022-12-06 15:44:52,897 [grpc-default-executor-1] INFO  server.RaftServer$Division (RaftServerImpl.java:requestVote(1218)) - 3ddade9d-4289-4127-b7c4-830dd518ff0a@group-E388FC27C872: receive requestVote(ELECTION, 2497daeb-967d-49ad-8f28-1297e8c4c732, group-E388FC27C872, 1, (t:0, i:0))
2022-12-06 15:44:52,897 [2497daeb-967d-49ad-8f28-1297e8c4c732@group-E388FC27C872-FollowerState] INFO  server.RaftServerConfigKeys (ConfUtils.java:logFallback(53)) - raft.server.rpc.first-election.timeout.min = 5s (fallback to raft.server.rpc.timeout.min)
2022-12-06 15:44:52,897 [grpc-default-executor-1] INFO  impl.VoteContext (VoteContext.java:log(49)) - 3ddade9d-4289-4127-b7c4-830dd518ff0a@group-E388FC27C872-FOLLOWER: accept ELECTION from 2497daeb-967d-49ad-8f28-1297e8c4c732: our priority 0 <= candidate's priority 0
2022-12-06 15:44:52,897 [2497daeb-967d-49ad-8f28-1297e8c4c732@group-E388FC27C872-FollowerState] INFO  server.RaftServerConfigKeys (ConfUtils.java:logFallback(53)) - raft.server.rpc.first-election.timeout.max = 5200ms (fallback to raft.server.rpc.timeout.max)
2022-12-06 15:44:52,898 [grpc-default-executor-1] INFO  server.RaftServer$Division (RaftServerImpl.java:setRole(321)) - 3ddade9d-4289-4127-b7c4-830dd518ff0a@group-E388FC27C872: changes role from  FOLLOWER to FOLLOWER at term 1 for candidate:2497daeb-967d-49ad-8f28-1297e8c4c732
2022-12-06 15:44:52,898 [grpc-default-executor-1] INFO  impl.RoleInfo (RoleInfo.java:shutdownFollowerState(110)) - 3ddade9d-4289-4127-b7c4-830dd518ff0a: shutdown 3ddade9d-4289-4127-b7c4-830dd518ff0a@group-E388FC27C872-FollowerState
2022-12-06 15:44:52,898 [grpc-default-executor-1] INFO  impl.RoleInfo (RoleInfo.java:updateAndGet(139)) - 3ddade9d-4289-4127-b7c4-830dd518ff0a: start 3ddade9d-4289-4127-b7c4-830dd518ff0a@group-E388FC27C872-FollowerState
2022-12-06 15:44:52,898 [3ddade9d-4289-4127-b7c4-830dd518ff0a@group-E388FC27C872-FollowerState] INFO  impl.FollowerState (FollowerState.java:run(152)) - 3ddade9d-4289-4127-b7c4-830dd518ff0a@group-E388FC27C872-FollowerState was interrupted
2022-12-06 15:44:52,903 [3ddade9d-4289-4127-b7c4-830dd518ff0a@group-E388FC27C872-FollowerState] INFO  server.RaftServerConfigKeys (ConfUtils.java:logFallback(53)) - raft.server.rpc.first-election.timeout.min = 5s (fallback to raft.server.rpc.timeout.min)
2022-12-06 15:44:52,903 [3ddade9d-4289-4127-b7c4-830dd518ff0a@group-E388FC27C872-FollowerState] INFO  server.RaftServerConfigKeys (ConfUtils.java:logFallback(53)) - raft.server.rpc.first-election.timeout.max = 5200ms (fallback to raft.server.rpc.timeout.max)
2022-12-06 15:44:52,904 [grpc-default-executor-1] INFO  server.RaftServer$Division (RaftServerImpl.java:requestVote(1251)) - 3ddade9d-4289-4127-b7c4-830dd518ff0a@group-E388FC27C872 replies to ELECTION vote request: 2497daeb-967d-49ad-8f28-1297e8c4c732<-3ddade9d-4289-4127-b7c4-830dd518ff0a#0:OK-t1. Peer's state: 3ddade9d-4289-4127-b7c4-830dd518ff0a@group-E388FC27C872:t1, leader=null, voted=2497daeb-967d-49ad-8f28-1297e8c4c732, raftlog=Memoized:3ddade9d-4289-4127-b7c4-830dd518ff0a@group-E388FC27C872-SegmentedRaftLog:OPENED:c-1, conf=-1: peers:[2497daeb-967d-49ad-8f28-1297e8c4c732|rpc:10.1.0.110:46387|dataStream:|priority:0|startupRole:FOLLOWER, 7726e7f5-b74c-4e4a-9680-a65a67c105af|rpc:10.1.0.110:44993|dataStream:|priority:1|startupRole:FOLLOWER, 3ddade9d-4289-4127-b7c4-830dd518ff0a|rpc:10.1.0.110:43967|dataStream:|priority:0|startupRole:FOLLOWER]|listeners:[], old=null
2022-12-06 15:44:52,931 [7726e7f5-b74c-4e4a-9680-a65a67c105af@group-99BD4D3A3F73-FollowerState] INFO  impl.FollowerState (FollowerState.java:run(143)) - 7726e7f5-b74c-4e4a-9680-a65a67c105af@group-99BD4D3A3F73-FollowerState: change to CANDIDATE, lastRpcElapsedTime:5040978683ns, electionTimeout:5038ms
2022-12-06 15:44:52,931 [7726e7f5-b74c-4e4a-9680-a65a67c105af@group-99BD4D3A3F73-FollowerState] INFO  impl.RoleInfo (RoleInfo.java:shutdownFollowerState(110)) - 7726e7f5-b74c-4e4a-9680-a65a67c105af: shutdown 7726e7f5-b74c-4e4a-9680-a65a67c105af@group-99BD4D3A3F73-FollowerState
2022-12-06 15:44:52,931 [7726e7f5-b74c-4e4a-9680-a65a67c105af@group-99BD4D3A3F73-FollowerState] INFO  server.RaftServer$Division (RaftServerImpl.java:setRole(321)) - 7726e7f5-b74c-4e4a-9680-a65a67c105af@group-99BD4D3A3F73: changes role from  FOLLOWER to CANDIDATE at term 0 for changeToCandidate
2022-12-06 15:44:52,931 [7726e7f5-b74c-4e4a-9680-a65a67c105af@group-99BD4D3A3F73-FollowerState] INFO  server.RaftServerConfigKeys (ConfUtils.java:logGet(46)) - raft.server.leaderelection.pre-vote = false (custom)
2022-12-06 15:44:52,931 [7726e7f5-b74c-4e4a-9680-a65a67c105af@group-99BD4D3A3F73-FollowerState] INFO  impl.RoleInfo (RoleInfo.java:updateAndGet(139)) - 7726e7f5-b74c-4e4a-9680-a65a67c105af: start 7726e7f5-b74c-4e4a-9680-a65a67c105af@group-99BD4D3A3F73-LeaderElection16
2022-12-06 15:44:52,935 [7726e7f5-b74c-4e4a-9680-a65a67c105af@group-99BD4D3A3F73-LeaderElection16] INFO  impl.LeaderElection (LeaderElection.java:askForVotes(312)) - 7726e7f5-b74c-4e4a-9680-a65a67c105af@group-99BD4D3A3F73-LeaderElection16 ELECTION round 0: submit vote requests at term 1 for -1: peers:[2497daeb-967d-49ad-8f28-1297e8c4c732|rpc:10.1.0.110:46387|priority:0|startupRole:FOLLOWER, 7726e7f5-b74c-4e4a-9680-a65a67c105af|rpc:10.1.0.110:44993|priority:0|startupRole:FOLLOWER, 3ddade9d-4289-4127-b7c4-830dd518ff0a|rpc:10.1.0.110:43967|priority:1|startupRole:FOLLOWER]|listeners:[], old=null
2022-12-06 15:44:52,935 [7726e7f5-b74c-4e4a-9680-a65a67c105af@group-99BD4D3A3F73-LeaderElection16-1] INFO  server.GrpcServerProtocolClient (GrpcServerProtocolClient.java:<init>(63)) - Build channel for 2497daeb-967d-49ad-8f28-1297e8c4c732
2022-12-06 15:44:52,938 [7726e7f5-b74c-4e4a-9680-a65a67c105af@group-99BD4D3A3F73-LeaderElection16] INFO  server.RaftServerConfigKeys (ConfUtils.java:logFallback(53)) - raft.server.rpc.first-election.timeout.min = 5s (fallback to raft.server.rpc.timeout.min)
2022-12-06 15:44:52,938 [7726e7f5-b74c-4e4a-9680-a65a67c105af@group-99BD4D3A3F73-LeaderElection16] INFO  server.RaftServerConfigKeys (ConfUtils.java:logFallback(53)) - raft.server.rpc.first-election.timeout.max = 5200ms (fallback to raft.server.rpc.timeout.max)
2022-12-06 15:44:52,938 [7726e7f5-b74c-4e4a-9680-a65a67c105af@group-99BD4D3A3F73-LeaderElection16-2] INFO  server.GrpcServerProtocolClient (GrpcServerProtocolClient.java:<init>(63)) - Build channel for 3ddade9d-4289-4127-b7c4-830dd518ff0a
2022-12-06 15:44:52,948 [grpc-default-executor-1] INFO  server.RaftServer$Division (RaftServerImpl.java:requestVote(1218)) - 2497daeb-967d-49ad-8f28-1297e8c4c732@group-99BD4D3A3F73: receive requestVote(ELECTION, 7726e7f5-b74c-4e4a-9680-a65a67c105af, group-99BD4D3A3F73, 1, (t:0, i:0))
2022-12-06 15:44:52,948 [grpc-default-executor-1] INFO  impl.VoteContext (VoteContext.java:log(49)) - 2497daeb-967d-49ad-8f28-1297e8c4c732@group-99BD4D3A3F73-FOLLOWER: accept ELECTION from 7726e7f5-b74c-4e4a-9680-a65a67c105af: our priority 0 <= candidate's priority 0
2022-12-06 15:44:52,948 [grpc-default-executor-1] INFO  server.RaftServer$Division (RaftServerImpl.java:setRole(321)) - 2497daeb-967d-49ad-8f28-1297e8c4c732@group-99BD4D3A3F73: changes role from  FOLLOWER to FOLLOWER at term 1 for candidate:7726e7f5-b74c-4e4a-9680-a65a67c105af
2022-12-06 15:44:52,948 [grpc-default-executor-1] INFO  impl.RoleInfo (RoleInfo.java:shutdownFollowerState(110)) - 2497daeb-967d-49ad-8f28-1297e8c4c732: shutdown 2497daeb-967d-49ad-8f28-1297e8c4c732@group-99BD4D3A3F73-FollowerState
2022-12-06 15:44:52,948 [grpc-default-executor-1] INFO  impl.RoleInfo (RoleInfo.java:updateAndGet(139)) - 2497daeb-967d-49ad-8f28-1297e8c4c732: start 2497daeb-967d-49ad-8f28-1297e8c4c732@group-99BD4D3A3F73-FollowerState
2022-12-06 15:44:52,948 [2497daeb-967d-49ad-8f28-1297e8c4c732@group-99BD4D3A3F73-FollowerState] INFO  impl.FollowerState (FollowerState.java:run(152)) - 2497daeb-967d-49ad-8f28-1297e8c4c732@group-99BD4D3A3F73-FollowerState was interrupted
2022-12-06 15:44:52,949 [2497daeb-967d-49ad-8f28-1297e8c4c732@group-99BD4D3A3F73-FollowerState] INFO  server.RaftServerConfigKeys (ConfUtils.java:logFallback(53)) - raft.server.rpc.first-election.timeout.min = 5s (fallback to raft.server.rpc.timeout.min)
2022-12-06 15:44:52,950 [grpc-default-executor-1] INFO  server.RaftServer$Division (RaftServerImpl.java:requestVote(1251)) - 2497daeb-967d-49ad-8f28-1297e8c4c732@group-99BD4D3A3F73 replies to ELECTION vote request: 7726e7f5-b74c-4e4a-9680-a65a67c105af<-2497daeb-967d-49ad-8f28-1297e8c4c732#0:OK-t1. Peer's state: 2497daeb-967d-49ad-8f28-1297e8c4c732@group-99BD4D3A3F73:t1, leader=null, voted=7726e7f5-b74c-4e4a-9680-a65a67c105af, raftlog=Memoized:2497daeb-967d-49ad-8f28-1297e8c4c732@group-99BD4D3A3F73-SegmentedRaftLog:OPENED:c-1, conf=-1: peers:[2497daeb-967d-49ad-8f28-1297e8c4c732|rpc:10.1.0.110:46387|dataStream:|priority:0|startupRole:FOLLOWER, 7726e7f5-b74c-4e4a-9680-a65a67c105af|rpc:10.1.0.110:44993|dataStream:|priority:0|startupRole:FOLLOWER, 3ddade9d-4289-4127-b7c4-830dd518ff0a|rpc:10.1.0.110:43967|dataStream:|priority:1|startupRole:FOLLOWER]|listeners:[], old=null
2022-12-06 15:44:52,950 [2497daeb-967d-49ad-8f28-1297e8c4c732@group-99BD4D3A3F73-FollowerState] INFO  server.RaftServerConfigKeys (ConfUtils.java:logFallback(53)) - raft.server.rpc.first-election.timeout.max = 5200ms (fallback to raft.server.rpc.timeout.max)
2022-12-06 15:44:52,952 [grpc-default-executor-1] INFO  server.RaftServer$Division (RaftServerImpl.java:requestVote(1218)) - 3ddade9d-4289-4127-b7c4-830dd518ff0a@group-99BD4D3A3F73: receive requestVote(ELECTION, 7726e7f5-b74c-4e4a-9680-a65a67c105af, group-99BD4D3A3F73, 1, (t:0, i:0))
2022-12-06 15:44:52,952 [grpc-default-executor-1] INFO  impl.VoteContext (VoteContext.java:log(49)) - 3ddade9d-4289-4127-b7c4-830dd518ff0a@group-99BD4D3A3F73-FOLLOWER: reject ELECTION from 7726e7f5-b74c-4e4a-9680-a65a67c105af: our priority 1 > candidate's priority 0
2022-12-06 15:44:52,952 [grpc-default-executor-1] INFO  server.RaftServer$Division (RaftServerImpl.java:setRole(321)) - 3ddade9d-4289-4127-b7c4-830dd518ff0a@group-99BD4D3A3F73: changes role from  FOLLOWER to FOLLOWER at term 1 for candidate:7726e7f5-b74c-4e4a-9680-a65a67c105af
2022-12-06 15:44:52,952 [grpc-default-executor-1] INFO  impl.RoleInfo (RoleInfo.java:shutdownFollowerState(110)) - 3ddade9d-4289-4127-b7c4-830dd518ff0a: shutdown 3ddade9d-4289-4127-b7c4-830dd518ff0a@group-99BD4D3A3F73-FollowerState
2022-12-06 15:44:52,952 [grpc-default-executor-1] INFO  impl.RoleInfo (RoleInfo.java:updateAndGet(139)) - 3ddade9d-4289-4127-b7c4-830dd518ff0a: start 3ddade9d-4289-4127-b7c4-830dd518ff0a@group-99BD4D3A3F73-FollowerState
2022-12-06 15:44:52,952 [3ddade9d-4289-4127-b7c4-830dd518ff0a@group-99BD4D3A3F73-FollowerState] INFO  impl.FollowerState (FollowerState.java:run(152)) - 3ddade9d-4289-4127-b7c4-830dd518ff0a@group-99BD4D3A3F73-FollowerState was interrupted
2022-12-06 15:44:52,954 [3ddade9d-4289-4127-b7c4-830dd518ff0a@group-99BD4D3A3F73-FollowerState] INFO  server.RaftServerConfigKeys (ConfUtils.java:logFallback(53)) - raft.server.rpc.first-election.timeout.min = 5s (fallback to raft.server.rpc.timeout.min)
2022-12-06 15:44:52,954 [3ddade9d-4289-4127-b7c4-830dd518ff0a@group-99BD4D3A3F73-FollowerState] INFO  server.RaftServerConfigKeys (ConfUtils.java:logFallback(53)) - raft.server.rpc.first-election.timeout.max = 5200ms (fallback to raft.server.rpc.timeout.max)
2022-12-06 15:44:52,955 [grpc-default-executor-1] INFO  server.RaftServer$Division (RaftServerImpl.java:requestVote(1251)) - 3ddade9d-4289-4127-b7c4-830dd518ff0a@group-99BD4D3A3F73 replies to ELECTION vote request: 7726e7f5-b74c-4e4a-9680-a65a67c105af<-3ddade9d-4289-4127-b7c4-830dd518ff0a#0:FAIL-t1. Peer's state: 3ddade9d-4289-4127-b7c4-830dd518ff0a@group-99BD4D3A3F73:t1, leader=null, voted=null, raftlog=Memoized:3ddade9d-4289-4127-b7c4-830dd518ff0a@group-99BD4D3A3F73-SegmentedRaftLog:OPENED:c-1, conf=-1: peers:[2497daeb-967d-49ad-8f28-1297e8c4c732|rpc:10.1.0.110:46387|dataStream:|priority:0|startupRole:FOLLOWER, 7726e7f5-b74c-4e4a-9680-a65a67c105af|rpc:10.1.0.110:44993|dataStream:|priority:0|startupRole:FOLLOWER, 3ddade9d-4289-4127-b7c4-830dd518ff0a|rpc:10.1.0.110:43967|dataStream:|priority:1|startupRole:FOLLOWER]|listeners:[], old=null
2022-12-06 15:44:52,958 [7726e7f5-b74c-4e4a-9680-a65a67c105af@group-99BD4D3A3F73-LeaderElection16] INFO  impl.LeaderElection (LeaderElection.java:logAndReturn(90)) - 7726e7f5-b74c-4e4a-9680-a65a67c105af@group-99BD4D3A3F73-LeaderElection16: ELECTION REJECTED received 2 response(s) and 0 exception(s):
2022-12-06 15:44:52,958 [7726e7f5-b74c-4e4a-9680-a65a67c105af@group-99BD4D3A3F73-LeaderElection16] INFO  impl.LeaderElection (LeaderElection.java:logAndReturn(94)) -   Response 0: 7726e7f5-b74c-4e4a-9680-a65a67c105af<-2497daeb-967d-49ad-8f28-1297e8c4c732#0:OK-t1
2022-12-06 15:44:52,958 [7726e7f5-b74c-4e4a-9680-a65a67c105af@group-99BD4D3A3F73-LeaderElection16] INFO  impl.LeaderElection (LeaderElection.java:logAndReturn(94)) -   Response 1: 7726e7f5-b74c-4e4a-9680-a65a67c105af<-3ddade9d-4289-4127-b7c4-830dd518ff0a#0:FAIL-t1
2022-12-06 15:44:52,958 [7726e7f5-b74c-4e4a-9680-a65a67c105af@group-99BD4D3A3F73-LeaderElection16] INFO  impl.LeaderElection (LeaderElection.java:askForVotes(314)) - 7726e7f5-b74c-4e4a-9680-a65a67c105af@group-99BD4D3A3F73-LeaderElection16 ELECTION round 0: result REJECTED
2022-12-06 15:44:52,960 [7726e7f5-b74c-4e4a-9680-a65a67c105af@group-99BD4D3A3F73-LeaderElection16] INFO  server.RaftServer$Division (RaftServerImpl.java:setRole(321)) - 7726e7f5-b74c-4e4a-9680-a65a67c105af@group-99BD4D3A3F73: changes role from CANDIDATE to FOLLOWER at term 1 for REJECTED
2022-12-06 15:44:52,960 [7726e7f5-b74c-4e4a-9680-a65a67c105af@group-99BD4D3A3F73-LeaderElection16] INFO  impl.RoleInfo (RoleInfo.java:shutdownLeaderElection(130)) - 7726e7f5-b74c-4e4a-9680-a65a67c105af: shutdown 7726e7f5-b74c-4e4a-9680-a65a67c105af@group-99BD4D3A3F73-LeaderElection16
2022-12-06 15:44:52,960 [7726e7f5-b74c-4e4a-9680-a65a67c105af@group-99BD4D3A3F73-LeaderElection16] INFO  impl.RoleInfo (RoleInfo.java:updateAndGet(139)) - 7726e7f5-b74c-4e4a-9680-a65a67c105af: start 7726e7f5-b74c-4e4a-9680-a65a67c105af@group-99BD4D3A3F73-FollowerState
2022-12-06 15:44:52,960 [7726e7f5-b74c-4e4a-9680-a65a67c105af@group-99BD4D3A3F73-FollowerState] INFO  server.RaftServerConfigKeys (ConfUtils.java:logFallback(53)) - raft.server.rpc.first-election.timeout.min = 5s (fallback to raft.server.rpc.timeout.min)
2022-12-06 15:44:52,961 [7726e7f5-b74c-4e4a-9680-a65a67c105af@group-99BD4D3A3F73-FollowerState] INFO  server.RaftServerConfigKeys (ConfUtils.java:logFallback(53)) - raft.server.rpc.first-election.timeout.max = 5200ms (fallback to raft.server.rpc.timeout.max)
2022-12-06 15:44:53,092 [EventQueue-CommandQueueReportForCommandQueueReportHandler] WARN  events.EventQueue (EventQueue.java:fireEvent(216)) - No event handler registered for event TypedEvent{payloadType=DatanodeDetails, name='Datanode_Command_Queue_Updated'}
2022-12-06 15:44:53,096 [EventQueue-CommandQueueReportForCommandQueueReportHandler] WARN  events.EventQueue (EventQueue.java:fireEvent(216)) - No event handler registered for event TypedEvent{payloadType=DatanodeDetails, name='Datanode_Command_Queue_Updated'}
2022-12-06 15:44:53,232 [EventQueue-CommandQueueReportForCommandQueueReportHandler] WARN  events.EventQueue (EventQueue.java:fireEvent(216)) - No event handler registered for event TypedEvent{payloadType=DatanodeDetails, name='Datanode_Command_Queue_Updated'}
2022-12-06 15:44:53,242 [EventQueue-CommandQueueReportForCommandQueueReportHandler] WARN  events.EventQueue (EventQueue.java:fireEvent(216)) - No event handler registered for event TypedEvent{payloadType=DatanodeDetails, name='Datanode_Command_Queue_Updated'}
2022-12-06 15:44:53,258 [3ddade9d-4289-4127-b7c4-830dd518ff0a@group-588BCD57A16A-FollowerState] INFO  impl.FollowerState (FollowerState.java:run(143)) - 3ddade9d-4289-4127-b7c4-830dd518ff0a@group-588BCD57A16A-FollowerState: change to CANDIDATE, lastRpcElapsedTime:5158622979ns, electionTimeout:5147ms
2022-12-06 15:44:53,259 [3ddade9d-4289-4127-b7c4-830dd518ff0a@group-588BCD57A16A-FollowerState] INFO  impl.RoleInfo (RoleInfo.java:shutdownFollowerState(110)) - 3ddade9d-4289-4127-b7c4-830dd518ff0a: shutdown 3ddade9d-4289-4127-b7c4-830dd518ff0a@group-588BCD57A16A-FollowerState
2022-12-06 15:44:53,259 [3ddade9d-4289-4127-b7c4-830dd518ff0a@group-588BCD57A16A-FollowerState] INFO  server.RaftServer$Division (RaftServerImpl.java:setRole(321)) - 3ddade9d-4289-4127-b7c4-830dd518ff0a@group-588BCD57A16A: changes role from  FOLLOWER to CANDIDATE at term 0 for changeToCandidate
2022-12-06 15:44:53,259 [3ddade9d-4289-4127-b7c4-830dd518ff0a@group-588BCD57A16A-FollowerState] INFO  server.RaftServerConfigKeys (ConfUtils.java:logGet(46)) - raft.server.leaderelection.pre-vote = false (custom)
2022-12-06 15:44:53,259 [3ddade9d-4289-4127-b7c4-830dd518ff0a@group-588BCD57A16A-FollowerState] INFO  impl.RoleInfo (RoleInfo.java:updateAndGet(139)) - 3ddade9d-4289-4127-b7c4-830dd518ff0a: start 3ddade9d-4289-4127-b7c4-830dd518ff0a@group-588BCD57A16A-LeaderElection17
2022-12-06 15:44:53,262 [3ddade9d-4289-4127-b7c4-830dd518ff0a@group-588BCD57A16A-LeaderElection17] INFO  impl.LeaderElection (LeaderElection.java:askForVotes(312)) - 3ddade9d-4289-4127-b7c4-830dd518ff0a@group-588BCD57A16A-LeaderElection17 ELECTION round 0: submit vote requests at term 1 for -1: peers:[3ddade9d-4289-4127-b7c4-830dd518ff0a|rpc:10.1.0.110:43967|priority:1|startupRole:FOLLOWER]|listeners:[], old=null
2022-12-06 15:44:53,262 [3ddade9d-4289-4127-b7c4-830dd518ff0a@group-588BCD57A16A-LeaderElection17] INFO  impl.LeaderElection (LeaderElection.java:askForVotes(314)) - 3ddade9d-4289-4127-b7c4-830dd518ff0a@group-588BCD57A16A-LeaderElection17 ELECTION round 0: result PASSED (term=1)
2022-12-06 15:44:53,262 [3ddade9d-4289-4127-b7c4-830dd518ff0a@group-588BCD57A16A-LeaderElection17] INFO  impl.RoleInfo (RoleInfo.java:shutdownLeaderElection(130)) - 3ddade9d-4289-4127-b7c4-830dd518ff0a: shutdown 3ddade9d-4289-4127-b7c4-830dd518ff0a@group-588BCD57A16A-LeaderElection17
2022-12-06 15:44:53,262 [3ddade9d-4289-4127-b7c4-830dd518ff0a@group-588BCD57A16A-LeaderElection17] INFO  server.RaftServer$Division (RaftServerImpl.java:setRole(321)) - 3ddade9d-4289-4127-b7c4-830dd518ff0a@group-588BCD57A16A: changes role from CANDIDATE to LEADER at term 1 for changeToLeader
2022-12-06 15:44:53,262 [3ddade9d-4289-4127-b7c4-830dd518ff0a@group-588BCD57A16A-LeaderElection17] INFO  ratis.XceiverServerRatis (XceiverServerRatis.java:handleLeaderChangedNotification(863)) - Leader change notification received for group: group-588BCD57A16A with new leaderId: 3ddade9d-4289-4127-b7c4-830dd518ff0a
2022-12-06 15:44:53,263 [3ddade9d-4289-4127-b7c4-830dd518ff0a@group-588BCD57A16A-LeaderElection17] INFO  server.RaftServer$Division (ServerState.java:setLeader(313)) - 3ddade9d-4289-4127-b7c4-830dd518ff0a@group-588BCD57A16A: change Leader from null to 3ddade9d-4289-4127-b7c4-830dd518ff0a at term 1 for becomeLeader, leader elected after 5176ms
2022-12-06 15:44:53,263 [3ddade9d-4289-4127-b7c4-830dd518ff0a@group-588BCD57A16A-LeaderElection17] INFO  server.RaftServerConfigKeys (ConfUtils.java:logGet(46)) - raft.server.staging.catchup.gap = 1000 (default)
2022-12-06 15:44:53,263 [3ddade9d-4289-4127-b7c4-830dd518ff0a@group-588BCD57A16A-LeaderElection17] INFO  server.RaftServerConfigKeys (ConfUtils.java:logGet(46)) - raft.server.write.element-limit = 1024 (custom)
2022-12-06 15:44:53,265 [EventQueue-OpenPipelineForHealthyPipelineSafeModeRule] INFO  safemode.SCMSafeModeManager (HealthyPipelineSafeModeRule.java:process(137)) - SCM in safe mode. Healthy pipelines reported count is 0, required healthy pipeline reported count is 1
2022-12-06 15:44:53,265 [EventQueue-CommandQueueReportForCommandQueueReportHandler] WARN  events.EventQueue (EventQueue.java:fireEvent(216)) - No event handler registered for event TypedEvent{payloadType=DatanodeDetails, name='Datanode_Command_Queue_Updated'}
2022-12-06 15:44:53,265 [3ddade9d-4289-4127-b7c4-830dd518ff0a@group-588BCD57A16A-LeaderElection17] INFO  server.RaftServerConfigKeys (ConfUtils.java:logGet(46)) - raft.server.write.byte-limit = 1024 M (=1073741824) (custom)
2022-12-06 15:44:53,266 [3ddade9d-4289-4127-b7c4-830dd518ff0a@group-588BCD57A16A-LeaderElection17] INFO  server.RaftServerConfigKeys (ConfUtils.java:logGet(46)) - raft.server.watch.timeout = 180s (custom)
2022-12-06 15:44:53,266 [3ddade9d-4289-4127-b7c4-830dd518ff0a@group-588BCD57A16A-LeaderElection17] INFO  server.RaftServerConfigKeys (ConfUtils.java:logGet(46)) - raft.server.watch.timeout.denomination = 1s (default)
2022-12-06 15:44:53,266 [3ddade9d-4289-4127-b7c4-830dd518ff0a@group-588BCD57A16A-LeaderElection17] INFO  server.RaftServerConfigKeys (ConfUtils.java:logGet(46)) - raft.server.watch.element-limit = 65536 (default)
2022-12-06 15:44:53,266 [3ddade9d-4289-4127-b7c4-830dd518ff0a@group-588BCD57A16A-LeaderElection17] INFO  server.RaftServerConfigKeys (ConfUtils.java:logGet(46)) - raft.server.write.element-limit = 1024 (custom)
2022-12-06 15:44:53,266 [3ddade9d-4289-4127-b7c4-830dd518ff0a@group-588BCD57A16A-LeaderElection17] INFO  server.RaftServerConfigKeys (ConfUtils.java:logGet(46)) - raft.server.write.follower.gap.ratio.max = -1.0 (default)
2022-12-06 15:44:53,266 [3ddade9d-4289-4127-b7c4-830dd518ff0a@group-588BCD57A16A-LeaderElection17] INFO  impl.RoleInfo (RoleInfo.java:updateAndGet(139)) - 3ddade9d-4289-4127-b7c4-830dd518ff0a: start 3ddade9d-4289-4127-b7c4-830dd518ff0a@group-588BCD57A16A-LeaderStateImpl
2022-12-06 15:44:53,266 [3ddade9d-4289-4127-b7c4-830dd518ff0a@group-588BCD57A16A-LeaderElection17] INFO  segmented.SegmentedRaftLogWorker (SegmentedRaftLogWorker.java:startLogSegment(452)) - 3ddade9d-4289-4127-b7c4-830dd518ff0a@group-588BCD57A16A-SegmentedRaftLogWorker: Starting segment from index:0
2022-12-06 15:44:53,268 [3ddade9d-4289-4127-b7c4-830dd518ff0a@group-588BCD57A16A-LeaderElection17] INFO  server.RaftServer$Division (ServerState.java:setRaftConf(430)) - 3ddade9d-4289-4127-b7c4-830dd518ff0a@group-588BCD57A16A: set configuration 0: peers:[3ddade9d-4289-4127-b7c4-830dd518ff0a|rpc:10.1.0.110:43967|dataStream:|priority:1|startupRole:FOLLOWER]|listeners:[], old=null
2022-12-06 15:44:53,268 [3ddade9d-4289-4127-b7c4-830dd518ff0a@group-588BCD57A16A-SegmentedRaftLogWorker] INFO  segmented.SegmentedRaftLogWorker (SegmentedRaftLogWorker.java:execute(656)) - 3ddade9d-4289-4127-b7c4-830dd518ff0a@group-588BCD57A16A-SegmentedRaftLogWorker: created new log segment /home/runner/work/ozone/ozone/hadoop-ozone/integration-test/target/test-dir/MiniOzoneClusterImpl-dce15e54-dc76-4f82-a75a-fd2a8a22e08e/datanode-8/data/ratis/1dea1c18-8046-44d7-ac55-588bcd57a16a/current/log_inprogress_0
2022-12-06 15:44:53,430 [EventQueue-CommandQueueReportForCommandQueueReportHandler] WARN  events.EventQueue (EventQueue.java:fireEvent(216)) - No event handler registered for event TypedEvent{payloadType=DatanodeDetails, name='Datanode_Command_Queue_Updated'}
2022-12-06 15:44:53,459 [EventQueue-CommandQueueReportForCommandQueueReportHandler] WARN  events.EventQueue (EventQueue.java:fireEvent(216)) - No event handler registered for event TypedEvent{payloadType=DatanodeDetails, name='Datanode_Command_Queue_Updated'}
2022-12-06 15:44:53,504 [EventQueue-CommandQueueReportForCommandQueueReportHandler] WARN  events.EventQueue (EventQueue.java:fireEvent(216)) - No event handler registered for event TypedEvent{payloadType=DatanodeDetails, name='Datanode_Command_Queue_Updated'}
2022-12-06 15:44:53,624 [3023bd45-36c3-431f-9c1c-92b4e43de878@group-EDA3E5475693-FollowerState] INFO  impl.FollowerState (FollowerState.java:run(143)) - 3023bd45-36c3-431f-9c1c-92b4e43de878@group-EDA3E5475693-FollowerState: change to CANDIDATE, lastRpcElapsedTime:5158511877ns, electionTimeout:5157ms
2022-12-06 15:44:53,625 [3023bd45-36c3-431f-9c1c-92b4e43de878@group-EDA3E5475693-FollowerState] INFO  impl.RoleInfo (RoleInfo.java:shutdownFollowerState(110)) - 3023bd45-36c3-431f-9c1c-92b4e43de878: shutdown 3023bd45-36c3-431f-9c1c-92b4e43de878@group-EDA3E5475693-FollowerState
2022-12-06 15:44:53,625 [3023bd45-36c3-431f-9c1c-92b4e43de878@group-EDA3E5475693-FollowerState] INFO  server.RaftServer$Division (RaftServerImpl.java:setRole(321)) - 3023bd45-36c3-431f-9c1c-92b4e43de878@group-EDA3E5475693: changes role from  FOLLOWER to CANDIDATE at term 0 for changeToCandidate
2022-12-06 15:44:53,625 [3023bd45-36c3-431f-9c1c-92b4e43de878@group-EDA3E5475693-FollowerState] INFO  server.RaftServerConfigKeys (ConfUtils.java:logGet(46)) - raft.server.leaderelection.pre-vote = false (custom)
2022-12-06 15:44:53,625 [3023bd45-36c3-431f-9c1c-92b4e43de878@group-EDA3E5475693-FollowerState] INFO  impl.RoleInfo (RoleInfo.java:updateAndGet(139)) - 3023bd45-36c3-431f-9c1c-92b4e43de878: start 3023bd45-36c3-431f-9c1c-92b4e43de878@group-EDA3E5475693-LeaderElection18
2022-12-06 15:44:53,629 [3023bd45-36c3-431f-9c1c-92b4e43de878@group-EDA3E5475693-LeaderElection18] INFO  impl.LeaderElection (LeaderElection.java:askForVotes(312)) - 3023bd45-36c3-431f-9c1c-92b4e43de878@group-EDA3E5475693-LeaderElection18 ELECTION round 0: submit vote requests at term 1 for -1: peers:[3023bd45-36c3-431f-9c1c-92b4e43de878|rpc:10.1.0.110:42841|priority:1|startupRole:FOLLOWER]|listeners:[], old=null
2022-12-06 15:44:53,629 [3023bd45-36c3-431f-9c1c-92b4e43de878@group-EDA3E5475693-LeaderElection18] INFO  impl.LeaderElection (LeaderElection.java:askForVotes(314)) - 3023bd45-36c3-431f-9c1c-92b4e43de878@group-EDA3E5475693-LeaderElection18 ELECTION round 0: result PASSED (term=1)
2022-12-06 15:44:53,629 [3023bd45-36c3-431f-9c1c-92b4e43de878@group-EDA3E5475693-LeaderElection18] INFO  impl.RoleInfo (RoleInfo.java:shutdownLeaderElection(130)) - 3023bd45-36c3-431f-9c1c-92b4e43de878: shutdown 3023bd45-36c3-431f-9c1c-92b4e43de878@group-EDA3E5475693-LeaderElection18
2022-12-06 15:44:53,629 [3023bd45-36c3-431f-9c1c-92b4e43de878@group-EDA3E5475693-LeaderElection18] INFO  server.RaftServer$Division (RaftServerImpl.java:setRole(321)) - 3023bd45-36c3-431f-9c1c-92b4e43de878@group-EDA3E5475693: changes role from CANDIDATE to LEADER at term 1 for changeToLeader
2022-12-06 15:44:53,629 [3023bd45-36c3-431f-9c1c-92b4e43de878@group-EDA3E5475693-LeaderElection18] INFO  ratis.XceiverServerRatis (XceiverServerRatis.java:handleLeaderChangedNotification(863)) - Leader change notification received for group: group-EDA3E5475693 with new leaderId: 3023bd45-36c3-431f-9c1c-92b4e43de878
2022-12-06 15:44:53,630 [3023bd45-36c3-431f-9c1c-92b4e43de878@group-EDA3E5475693-LeaderElection18] INFO  server.RaftServer$Division (ServerState.java:setLeader(313)) - 3023bd45-36c3-431f-9c1c-92b4e43de878@group-EDA3E5475693: change Leader from null to 3023bd45-36c3-431f-9c1c-92b4e43de878 at term 1 for becomeLeader, leader elected after 5179ms
2022-12-06 15:44:53,631 [3023bd45-36c3-431f-9c1c-92b4e43de878@group-EDA3E5475693-LeaderElection18] INFO  server.RaftServerConfigKeys (ConfUtils.java:logGet(46)) - raft.server.staging.catchup.gap = 1000 (default)
2022-12-06 15:44:53,631 [3023bd45-36c3-431f-9c1c-92b4e43de878@group-EDA3E5475693-LeaderElection18] INFO  server.RaftServerConfigKeys (ConfUtils.java:logGet(46)) - raft.server.write.element-limit = 1024 (custom)
2022-12-06 15:44:53,631 [3023bd45-36c3-431f-9c1c-92b4e43de878@group-EDA3E5475693-LeaderElection18] INFO  server.RaftServerConfigKeys (ConfUtils.java:logGet(46)) - raft.server.write.byte-limit = 1024 M (=1073741824) (custom)
2022-12-06 15:44:53,631 [EventQueue-CommandQueueReportForCommandQueueReportHandler] WARN  events.EventQueue (EventQueue.java:fireEvent(216)) - No event handler registered for event TypedEvent{payloadType=DatanodeDetails, name='Datanode_Command_Queue_Updated'}
2022-12-06 15:44:53,632 [EventQueue-OpenPipelineForHealthyPipelineSafeModeRule] INFO  safemode.SCMSafeModeManager (HealthyPipelineSafeModeRule.java:process(137)) - SCM in safe mode. Healthy pipelines reported count is 0, required healthy pipeline reported count is 1
2022-12-06 15:44:53,632 [3023bd45-36c3-431f-9c1c-92b4e43de878@group-EDA3E5475693-LeaderElection18] INFO  server.RaftServerConfigKeys (ConfUtils.java:logGet(46)) - raft.server.watch.timeout = 180s (custom)
2022-12-06 15:44:53,632 [3023bd45-36c3-431f-9c1c-92b4e43de878@group-EDA3E5475693-LeaderElection18] INFO  server.RaftServerConfigKeys (ConfUtils.java:logGet(46)) - raft.server.watch.timeout.denomination = 1s (default)
2022-12-06 15:44:53,632 [3023bd45-36c3-431f-9c1c-92b4e43de878@group-EDA3E5475693-LeaderElection18] INFO  server.RaftServerConfigKeys (ConfUtils.java:logGet(46)) - raft.server.watch.element-limit = 65536 (default)
2022-12-06 15:44:53,632 [3023bd45-36c3-431f-9c1c-92b4e43de878@group-EDA3E5475693-LeaderElection18] INFO  server.RaftServerConfigKeys (ConfUtils.java:logGet(46)) - raft.server.write.element-limit = 1024 (custom)
2022-12-06 15:44:53,633 [3023bd45-36c3-431f-9c1c-92b4e43de878@group-EDA3E5475693-LeaderElection18] INFO  server.RaftServerConfigKeys (ConfUtils.java:logGet(46)) - raft.server.write.follower.gap.ratio.max = -1.0 (default)
2022-12-06 15:44:53,633 [3023bd45-36c3-431f-9c1c-92b4e43de878@group-EDA3E5475693-LeaderElection18] INFO  impl.RoleInfo (RoleInfo.java:updateAndGet(139)) - 3023bd45-36c3-431f-9c1c-92b4e43de878: start 3023bd45-36c3-431f-9c1c-92b4e43de878@group-EDA3E5475693-LeaderStateImpl
2022-12-06 15:44:53,633 [3023bd45-36c3-431f-9c1c-92b4e43de878@group-EDA3E5475693-LeaderElection18] INFO  segmented.SegmentedRaftLogWorker (SegmentedRaftLogWorker.java:startLogSegment(452)) - 3023bd45-36c3-431f-9c1c-92b4e43de878@group-EDA3E5475693-SegmentedRaftLogWorker: Starting segment from index:0
2022-12-06 15:44:53,640 [3023bd45-36c3-431f-9c1c-92b4e43de878@group-EDA3E5475693-LeaderElection18] INFO  server.RaftServer$Division (ServerState.java:setRaftConf(430)) - 3023bd45-36c3-431f-9c1c-92b4e43de878@group-EDA3E5475693: set configuration 0: peers:[3023bd45-36c3-431f-9c1c-92b4e43de878|rpc:10.1.0.110:42841|dataStream:|priority:1|startupRole:FOLLOWER]|listeners:[], old=null
2022-12-06 15:44:53,642 [3023bd45-36c3-431f-9c1c-92b4e43de878@group-EDA3E5475693-SegmentedRaftLogWorker] INFO  segmented.SegmentedRaftLogWorker (SegmentedRaftLogWorker.java:execute(656)) - 3023bd45-36c3-431f-9c1c-92b4e43de878@group-EDA3E5475693-SegmentedRaftLogWorker: created new log segment /home/runner/work/ozone/ozone/hadoop-ozone/integration-test/target/test-dir/MiniOzoneClusterImpl-dce15e54-dc76-4f82-a75a-fd2a8a22e08e/datanode-9/data/ratis/8b837a0e-3271-4cfd-af3c-eda3e5475693/current/log_inprogress_0
2022-12-06 15:44:53,765 [Listener at 127.0.0.1/44149] INFO  ozone.MiniOzoneClusterImpl (MiniOzoneClusterImpl.java:lambda$waitForClusterToBeReady$0(216)) - Nodes are ready. Got 10 of 10 DN Heartbeats.
2022-12-06 15:44:53,766 [Listener at 127.0.0.1/44149] INFO  ozone.MiniOzoneClusterImpl (MiniOzoneClusterImpl.java:lambda$waitForClusterToBeReady$0(219)) - Waiting for cluster to exit safe mode
2022-12-06 15:44:53,766 [Listener at 127.0.0.1/44149] INFO  ozone.MiniOzoneClusterImpl (MiniOzoneClusterImpl.java:lambda$waitForClusterToBeReady$0(221)) - SCM became leader
2022-12-06 15:44:53,788 [EventQueue-CommandQueueReportForCommandQueueReportHandler] WARN  events.EventQueue (EventQueue.java:fireEvent(216)) - No event handler registered for event TypedEvent{payloadType=DatanodeDetails, name='Datanode_Command_Queue_Updated'}
2022-12-06 15:44:53,829 [EventQueue-CommandQueueReportForCommandQueueReportHandler] WARN  events.EventQueue (EventQueue.java:fireEvent(216)) - No event handler registered for event TypedEvent{payloadType=DatanodeDetails, name='Datanode_Command_Queue_Updated'}
2022-12-06 15:44:53,857 [EventQueue-CommandQueueReportForCommandQueueReportHandler] WARN  events.EventQueue (EventQueue.java:fireEvent(216)) - No event handler registered for event TypedEvent{payloadType=DatanodeDetails, name='Datanode_Command_Queue_Updated'}
2022-12-06 15:44:54,096 [EventQueue-CommandQueueReportForCommandQueueReportHandler] WARN  events.EventQueue (EventQueue.java:fireEvent(216)) - No event handler registered for event TypedEvent{payloadType=DatanodeDetails, name='Datanode_Command_Queue_Updated'}
2022-12-06 15:44:54,231 [EventQueue-CommandQueueReportForCommandQueueReportHandler] WARN  events.EventQueue (EventQueue.java:fireEvent(216)) - No event handler registered for event TypedEvent{payloadType=DatanodeDetails, name='Datanode_Command_Queue_Updated'}
2022-12-06 15:44:54,242 [EventQueue-CommandQueueReportForCommandQueueReportHandler] WARN  events.EventQueue (EventQueue.java:fireEvent(216)) - No event handler registered for event TypedEvent{payloadType=DatanodeDetails, name='Datanode_Command_Queue_Updated'}
2022-12-06 15:44:54,265 [EventQueue-CommandQueueReportForCommandQueueReportHandler] WARN  events.EventQueue (EventQueue.java:fireEvent(216)) - No event handler registered for event TypedEvent{payloadType=DatanodeDetails, name='Datanode_Command_Queue_Updated'}
2022-12-06 15:44:54,430 [EventQueue-CommandQueueReportForCommandQueueReportHandler] WARN  events.EventQueue (EventQueue.java:fireEvent(216)) - No event handler registered for event TypedEvent{payloadType=DatanodeDetails, name='Datanode_Command_Queue_Updated'}
2022-12-06 15:44:54,505 [EventQueue-CommandQueueReportForCommandQueueReportHandler] WARN  events.EventQueue (EventQueue.java:fireEvent(216)) - No event handler registered for event TypedEvent{payloadType=DatanodeDetails, name='Datanode_Command_Queue_Updated'}
2022-12-06 15:44:54,631 [EventQueue-CommandQueueReportForCommandQueueReportHandler] WARN  events.EventQueue (EventQueue.java:fireEvent(216)) - No event handler registered for event TypedEvent{payloadType=DatanodeDetails, name='Datanode_Command_Queue_Updated'}
2022-12-06 15:44:54,766 [Listener at 127.0.0.1/44149] INFO  ozone.MiniOzoneClusterImpl (MiniOzoneClusterImpl.java:lambda$waitForClusterToBeReady$0(216)) - Nodes are ready. Got 10 of 10 DN Heartbeats.
2022-12-06 15:44:54,766 [Listener at 127.0.0.1/44149] INFO  ozone.MiniOzoneClusterImpl (MiniOzoneClusterImpl.java:lambda$waitForClusterToBeReady$0(219)) - Waiting for cluster to exit safe mode
2022-12-06 15:44:54,766 [Listener at 127.0.0.1/44149] INFO  ozone.MiniOzoneClusterImpl (MiniOzoneClusterImpl.java:lambda$waitForClusterToBeReady$0(221)) - SCM became leader
2022-12-06 15:44:54,788 [EventQueue-CommandQueueReportForCommandQueueReportHandler] WARN  events.EventQueue (EventQueue.java:fireEvent(216)) - No event handler registered for event TypedEvent{payloadType=DatanodeDetails, name='Datanode_Command_Queue_Updated'}
2022-12-06 15:44:54,829 [EventQueue-CommandQueueReportForCommandQueueReportHandler] WARN  events.EventQueue (EventQueue.java:fireEvent(216)) - No event handler registered for event TypedEvent{payloadType=DatanodeDetails, name='Datanode_Command_Queue_Updated'}
2022-12-06 15:44:54,858 [EventQueue-CommandQueueReportForCommandQueueReportHandler] WARN  events.EventQueue (EventQueue.java:fireEvent(216)) - No event handler registered for event TypedEvent{payloadType=DatanodeDetails, name='Datanode_Command_Queue_Updated'}
2022-12-06 15:44:55,096 [EventQueue-CommandQueueReportForCommandQueueReportHandler] WARN  events.EventQueue (EventQueue.java:fireEvent(216)) - No event handler registered for event TypedEvent{payloadType=DatanodeDetails, name='Datanode_Command_Queue_Updated'}
2022-12-06 15:44:55,231 [EventQueue-CommandQueueReportForCommandQueueReportHandler] WARN  events.EventQueue (EventQueue.java:fireEvent(216)) - No event handler registered for event TypedEvent{payloadType=DatanodeDetails, name='Datanode_Command_Queue_Updated'}
2022-12-06 15:44:55,241 [EventQueue-CommandQueueReportForCommandQueueReportHandler] WARN  events.EventQueue (EventQueue.java:fireEvent(216)) - No event handler registered for event TypedEvent{payloadType=DatanodeDetails, name='Datanode_Command_Queue_Updated'}
2022-12-06 15:44:55,264 [EventQueue-CommandQueueReportForCommandQueueReportHandler] WARN  events.EventQueue (EventQueue.java:fireEvent(216)) - No event handler registered for event TypedEvent{payloadType=DatanodeDetails, name='Datanode_Command_Queue_Updated'}
2022-12-06 15:44:55,395 [0587405b-2ffa-4132-824d-547ca09f0e52@group-E6EF3BE0CB72-FollowerState] INFO  server.RaftServerConfigKeys (ConfUtils.java:logFallback(53)) - raft.server.rpc.first-election.timeout.min = 5s (fallback to raft.server.rpc.timeout.min)
2022-12-06 15:44:55,395 [0587405b-2ffa-4132-824d-547ca09f0e52@group-E6EF3BE0CB72-FollowerState] INFO  server.RaftServerConfigKeys (ConfUtils.java:logFallback(53)) - raft.server.rpc.first-election.timeout.max = 5200ms (fallback to raft.server.rpc.timeout.max)
2022-12-06 15:44:55,407 [b0993b33-1422-4b90-a478-b8a2894a7eaa@group-E6EF3BE0CB72-FollowerState] INFO  impl.FollowerState (FollowerState.java:run(143)) - b0993b33-1422-4b90-a478-b8a2894a7eaa@group-E6EF3BE0CB72-FollowerState: change to CANDIDATE, lastRpcElapsedTime:5050995007ns, electionTimeout:5044ms
2022-12-06 15:44:55,407 [b0993b33-1422-4b90-a478-b8a2894a7eaa@group-E6EF3BE0CB72-FollowerState] INFO  impl.RoleInfo (RoleInfo.java:shutdownFollowerState(110)) - b0993b33-1422-4b90-a478-b8a2894a7eaa: shutdown b0993b33-1422-4b90-a478-b8a2894a7eaa@group-E6EF3BE0CB72-FollowerState
2022-12-06 15:44:55,407 [b0993b33-1422-4b90-a478-b8a2894a7eaa@group-E6EF3BE0CB72-FollowerState] INFO  server.RaftServer$Division (RaftServerImpl.java:setRole(321)) - b0993b33-1422-4b90-a478-b8a2894a7eaa@group-E6EF3BE0CB72: changes role from  FOLLOWER to CANDIDATE at term 1 for changeToCandidate
2022-12-06 15:44:55,408 [b0993b33-1422-4b90-a478-b8a2894a7eaa@group-E6EF3BE0CB72-FollowerState] INFO  server.RaftServerConfigKeys (ConfUtils.java:logGet(46)) - raft.server.leaderelection.pre-vote = false (custom)
2022-12-06 15:44:55,408 [b0993b33-1422-4b90-a478-b8a2894a7eaa@group-E6EF3BE0CB72-FollowerState] INFO  impl.RoleInfo (RoleInfo.java:updateAndGet(139)) - b0993b33-1422-4b90-a478-b8a2894a7eaa: start b0993b33-1422-4b90-a478-b8a2894a7eaa@group-E6EF3BE0CB72-LeaderElection19
2022-12-06 15:44:55,410 [b0993b33-1422-4b90-a478-b8a2894a7eaa@group-E6EF3BE0CB72-LeaderElection19] INFO  impl.LeaderElection (LeaderElection.java:askForVotes(312)) - b0993b33-1422-4b90-a478-b8a2894a7eaa@group-E6EF3BE0CB72-LeaderElection19 ELECTION round 0: submit vote requests at term 2 for -1: peers:[b0993b33-1422-4b90-a478-b8a2894a7eaa|rpc:10.1.0.110:42755|dataStream:|priority:1|startupRole:FOLLOWER, 4ef44404-e624-4c50-bb49-8deedaf9742c|rpc:10.1.0.110:46141|dataStream:|priority:0|startupRole:FOLLOWER, 0587405b-2ffa-4132-824d-547ca09f0e52|rpc:10.1.0.110:38421|dataStream:|priority:0|startupRole:FOLLOWER]|listeners:[], old=null
2022-12-06 15:44:55,411 [b0993b33-1422-4b90-a478-b8a2894a7eaa@group-E6EF3BE0CB72-LeaderElection19] INFO  server.RaftServerConfigKeys (ConfUtils.java:logFallback(53)) - raft.server.rpc.first-election.timeout.min = 5s (fallback to raft.server.rpc.timeout.min)
2022-12-06 15:44:55,411 [b0993b33-1422-4b90-a478-b8a2894a7eaa@group-E6EF3BE0CB72-LeaderElection19] INFO  server.RaftServerConfigKeys (ConfUtils.java:logFallback(53)) - raft.server.rpc.first-election.timeout.max = 5200ms (fallback to raft.server.rpc.timeout.max)
2022-12-06 15:44:55,415 [grpc-default-executor-1] INFO  server.RaftServer$Division (RaftServerImpl.java:requestVote(1218)) - 0587405b-2ffa-4132-824d-547ca09f0e52@group-E6EF3BE0CB72: receive requestVote(ELECTION, b0993b33-1422-4b90-a478-b8a2894a7eaa, group-E6EF3BE0CB72, 2, (t:0, i:0))
2022-12-06 15:44:55,415 [grpc-default-executor-1] INFO  impl.VoteContext (VoteContext.java:log(49)) - 0587405b-2ffa-4132-824d-547ca09f0e52@group-E6EF3BE0CB72-FOLLOWER: accept ELECTION from b0993b33-1422-4b90-a478-b8a2894a7eaa: our priority 0 <= candidate's priority 1
2022-12-06 15:44:55,415 [grpc-default-executor-1] INFO  server.RaftServer$Division (RaftServerImpl.java:setRole(321)) - 0587405b-2ffa-4132-824d-547ca09f0e52@group-E6EF3BE0CB72: changes role from  FOLLOWER to FOLLOWER at term 2 for candidate:b0993b33-1422-4b90-a478-b8a2894a7eaa
2022-12-06 15:44:55,415 [grpc-default-executor-1] INFO  impl.RoleInfo (RoleInfo.java:shutdownFollowerState(110)) - 0587405b-2ffa-4132-824d-547ca09f0e52: shutdown 0587405b-2ffa-4132-824d-547ca09f0e52@group-E6EF3BE0CB72-FollowerState
2022-12-06 15:44:55,415 [grpc-default-executor-1] INFO  impl.RoleInfo (RoleInfo.java:updateAndGet(139)) - 0587405b-2ffa-4132-824d-547ca09f0e52: start 0587405b-2ffa-4132-824d-547ca09f0e52@group-E6EF3BE0CB72-FollowerState
2022-12-06 15:44:55,415 [0587405b-2ffa-4132-824d-547ca09f0e52@group-E6EF3BE0CB72-FollowerState] INFO  impl.FollowerState (FollowerState.java:run(152)) - 0587405b-2ffa-4132-824d-547ca09f0e52@group-E6EF3BE0CB72-FollowerState was interrupted
2022-12-06 15:44:55,417 [grpc-default-executor-2] INFO  server.RaftServer$Division (RaftServerImpl.java:requestVote(1218)) - 4ef44404-e624-4c50-bb49-8deedaf9742c@group-E6EF3BE0CB72: receive requestVote(ELECTION, b0993b33-1422-4b90-a478-b8a2894a7eaa, group-E6EF3BE0CB72, 2, (t:0, i:0))
2022-12-06 15:44:55,418 [grpc-default-executor-2] INFO  impl.VoteContext (VoteContext.java:log(49)) - 4ef44404-e624-4c50-bb49-8deedaf9742c@group-E6EF3BE0CB72-FOLLOWER: accept ELECTION from b0993b33-1422-4b90-a478-b8a2894a7eaa: our priority 0 <= candidate's priority 1
2022-12-06 15:44:55,418 [grpc-default-executor-2] INFO  server.RaftServer$Division (RaftServerImpl.java:setRole(321)) - 4ef44404-e624-4c50-bb49-8deedaf9742c@group-E6EF3BE0CB72: changes role from  FOLLOWER to FOLLOWER at term 2 for candidate:b0993b33-1422-4b90-a478-b8a2894a7eaa
2022-12-06 15:44:55,418 [grpc-default-executor-2] INFO  impl.RoleInfo (RoleInfo.java:shutdownFollowerState(110)) - 4ef44404-e624-4c50-bb49-8deedaf9742c: shutdown 4ef44404-e624-4c50-bb49-8deedaf9742c@group-E6EF3BE0CB72-FollowerState
2022-12-06 15:44:55,418 [grpc-default-executor-2] INFO  impl.RoleInfo (RoleInfo.java:updateAndGet(139)) - 4ef44404-e624-4c50-bb49-8deedaf9742c: start 4ef44404-e624-4c50-bb49-8deedaf9742c@group-E6EF3BE0CB72-FollowerState
2022-12-06 15:44:55,418 [4ef44404-e624-4c50-bb49-8deedaf9742c@group-E6EF3BE0CB72-FollowerState] INFO  impl.FollowerState (FollowerState.java:run(152)) - 4ef44404-e624-4c50-bb49-8deedaf9742c@group-E6EF3BE0CB72-FollowerState was interrupted
2022-12-06 15:44:55,419 [0587405b-2ffa-4132-824d-547ca09f0e52@group-E6EF3BE0CB72-FollowerState] INFO  server.RaftServerConfigKeys (ConfUtils.java:logFallback(53)) - raft.server.rpc.first-election.timeout.min = 5s (fallback to raft.server.rpc.timeout.min)
2022-12-06 15:44:55,419 [0587405b-2ffa-4132-824d-547ca09f0e52@group-E6EF3BE0CB72-FollowerState] INFO  server.RaftServerConfigKeys (ConfUtils.java:logFallback(53)) - raft.server.rpc.first-election.timeout.max = 5200ms (fallback to raft.server.rpc.timeout.max)
2022-12-06 15:44:55,419 [4ef44404-e624-4c50-bb49-8deedaf9742c@group-E6EF3BE0CB72-FollowerState] INFO  server.RaftServerConfigKeys (ConfUtils.java:logFallback(53)) - raft.server.rpc.first-election.timeout.min = 5s (fallback to raft.server.rpc.timeout.min)
2022-12-06 15:44:55,419 [grpc-default-executor-2] INFO  server.RaftServer$Division (RaftServerImpl.java:requestVote(1251)) - 4ef44404-e624-4c50-bb49-8deedaf9742c@group-E6EF3BE0CB72 replies to ELECTION vote request: b0993b33-1422-4b90-a478-b8a2894a7eaa<-4ef44404-e624-4c50-bb49-8deedaf9742c#0:OK-t2. Peer's state: 4ef44404-e624-4c50-bb49-8deedaf9742c@group-E6EF3BE0CB72:t2, leader=null, voted=b0993b33-1422-4b90-a478-b8a2894a7eaa, raftlog=Memoized:4ef44404-e624-4c50-bb49-8deedaf9742c@group-E6EF3BE0CB72-SegmentedRaftLog:OPENED:c-1, conf=-1: peers:[b0993b33-1422-4b90-a478-b8a2894a7eaa|rpc:10.1.0.110:42755|priority:1|startupRole:FOLLOWER, 4ef44404-e624-4c50-bb49-8deedaf9742c|rpc:10.1.0.110:46141|priority:0|startupRole:FOLLOWER, 0587405b-2ffa-4132-824d-547ca09f0e52|rpc:10.1.0.110:38421|priority:0|startupRole:FOLLOWER]|listeners:[], old=null
2022-12-06 15:44:55,420 [grpc-default-executor-1] INFO  server.RaftServer$Division (RaftServerImpl.java:requestVote(1251)) - 0587405b-2ffa-4132-824d-547ca09f0e52@group-E6EF3BE0CB72 replies to ELECTION vote request: b0993b33-1422-4b90-a478-b8a2894a7eaa<-0587405b-2ffa-4132-824d-547ca09f0e52#0:OK-t2. Peer's state: 0587405b-2ffa-4132-824d-547ca09f0e52@group-E6EF3BE0CB72:t2, leader=null, voted=b0993b33-1422-4b90-a478-b8a2894a7eaa, raftlog=Memoized:0587405b-2ffa-4132-824d-547ca09f0e52@group-E6EF3BE0CB72-SegmentedRaftLog:OPENED:c-1, conf=-1: peers:[b0993b33-1422-4b90-a478-b8a2894a7eaa|rpc:10.1.0.110:42755|priority:1|startupRole:FOLLOWER, 4ef44404-e624-4c50-bb49-8deedaf9742c|rpc:10.1.0.110:46141|priority:0|startupRole:FOLLOWER, 0587405b-2ffa-4132-824d-547ca09f0e52|rpc:10.1.0.110:38421|priority:0|startupRole:FOLLOWER]|listeners:[], old=null
2022-12-06 15:44:55,421 [b0993b33-1422-4b90-a478-b8a2894a7eaa@group-E6EF3BE0CB72-LeaderElection19] INFO  impl.LeaderElection (LeaderElection.java:logAndReturn(90)) - b0993b33-1422-4b90-a478-b8a2894a7eaa@group-E6EF3BE0CB72-LeaderElection19: ELECTION PASSED received 1 response(s) and 0 exception(s):
2022-12-06 15:44:55,421 [b0993b33-1422-4b90-a478-b8a2894a7eaa@group-E6EF3BE0CB72-LeaderElection19] INFO  impl.LeaderElection (LeaderElection.java:logAndReturn(94)) -   Response 0: b0993b33-1422-4b90-a478-b8a2894a7eaa<-4ef44404-e624-4c50-bb49-8deedaf9742c#0:OK-t2
2022-12-06 15:44:55,421 [b0993b33-1422-4b90-a478-b8a2894a7eaa@group-E6EF3BE0CB72-LeaderElection19] INFO  impl.LeaderElection (LeaderElection.java:askForVotes(314)) - b0993b33-1422-4b90-a478-b8a2894a7eaa@group-E6EF3BE0CB72-LeaderElection19 ELECTION round 0: result PASSED
2022-12-06 15:44:55,421 [b0993b33-1422-4b90-a478-b8a2894a7eaa@group-E6EF3BE0CB72-LeaderElection19] INFO  impl.RoleInfo (RoleInfo.java:shutdownLeaderElection(130)) - b0993b33-1422-4b90-a478-b8a2894a7eaa: shutdown b0993b33-1422-4b90-a478-b8a2894a7eaa@group-E6EF3BE0CB72-LeaderElection19
2022-12-06 15:44:55,421 [b0993b33-1422-4b90-a478-b8a2894a7eaa@group-E6EF3BE0CB72-LeaderElection19] INFO  server.RaftServer$Division (RaftServerImpl.java:setRole(321)) - b0993b33-1422-4b90-a478-b8a2894a7eaa@group-E6EF3BE0CB72: changes role from CANDIDATE to LEADER at term 2 for changeToLeader
2022-12-06 15:44:55,421 [b0993b33-1422-4b90-a478-b8a2894a7eaa@group-E6EF3BE0CB72-LeaderElection19] INFO  ratis.XceiverServerRatis (XceiverServerRatis.java:handleLeaderChangedNotification(863)) - Leader change notification received for group: group-E6EF3BE0CB72 with new leaderId: b0993b33-1422-4b90-a478-b8a2894a7eaa
2022-12-06 15:44:55,421 [b0993b33-1422-4b90-a478-b8a2894a7eaa@group-E6EF3BE0CB72-LeaderElection19] INFO  server.RaftServer$Division (ServerState.java:setLeader(313)) - b0993b33-1422-4b90-a478-b8a2894a7eaa@group-E6EF3BE0CB72: change Leader from null to b0993b33-1422-4b90-a478-b8a2894a7eaa at term 2 for becomeLeader, leader elected after 9452ms
2022-12-06 15:44:55,421 [b0993b33-1422-4b90-a478-b8a2894a7eaa@group-E6EF3BE0CB72-LeaderElection19] INFO  server.RaftServerConfigKeys (ConfUtils.java:logGet(46)) - raft.server.staging.catchup.gap = 1000 (default)
2022-12-06 15:44:55,422 [b0993b33-1422-4b90-a478-b8a2894a7eaa@group-E6EF3BE0CB72-LeaderElection19] INFO  server.RaftServerConfigKeys (ConfUtils.java:logGet(46)) - raft.server.write.element-limit = 1024 (custom)
2022-12-06 15:44:55,422 [4ef44404-e624-4c50-bb49-8deedaf9742c@group-E6EF3BE0CB72-FollowerState] INFO  server.RaftServerConfigKeys (ConfUtils.java:logFallback(53)) - raft.server.rpc.first-election.timeout.max = 5200ms (fallback to raft.server.rpc.timeout.max)
2022-12-06 15:44:55,422 [b0993b33-1422-4b90-a478-b8a2894a7eaa@group-E6EF3BE0CB72-LeaderElection19] INFO  server.RaftServerConfigKeys (ConfUtils.java:logGet(46)) - raft.server.write.byte-limit = 1024 M (=1073741824) (custom)
2022-12-06 15:44:55,422 [b0993b33-1422-4b90-a478-b8a2894a7eaa@group-E6EF3BE0CB72-LeaderElection19] INFO  server.RaftServerConfigKeys (ConfUtils.java:logGet(46)) - raft.server.watch.timeout = 180s (custom)
2022-12-06 15:44:55,422 [b0993b33-1422-4b90-a478-b8a2894a7eaa@group-E6EF3BE0CB72-LeaderElection19] INFO  server.RaftServerConfigKeys (ConfUtils.java:logGet(46)) - raft.server.watch.timeout.denomination = 1s (default)
2022-12-06 15:44:55,422 [b0993b33-1422-4b90-a478-b8a2894a7eaa@group-E6EF3BE0CB72-LeaderElection19] INFO  server.RaftServerConfigKeys (ConfUtils.java:logGet(46)) - raft.server.watch.element-limit = 65536 (default)
2022-12-06 15:44:55,422 [b0993b33-1422-4b90-a478-b8a2894a7eaa@group-E6EF3BE0CB72-LeaderElection19] INFO  server.RaftServerConfigKeys (ConfUtils.java:logGet(46)) - raft.server.write.element-limit = 1024 (custom)
2022-12-06 15:44:55,422 [b0993b33-1422-4b90-a478-b8a2894a7eaa@group-E6EF3BE0CB72-LeaderElection19] INFO  server.RaftServerConfigKeys (ConfUtils.java:logGet(46)) - raft.server.write.follower.gap.ratio.max = -1.0 (default)
2022-12-06 15:44:55,423 [EventQueue-PipelineReportForPipelineReportHandler] INFO  pipeline.PipelineManagerImpl (PipelineManagerImpl.java:openPipeline(367)) - Pipeline Pipeline[ Id: f835e2b8-2c94-4d28-b8f1-e6ef3be0cb72, Nodes: b0993b33-1422-4b90-a478-b8a2894a7eaa{ip: 10.1.0.110, host: fv-az133-40.ac31hddj4phu5ocom5smqd4hkf.cx.internal.cloudapp.net, ports: [REPLICATION=44271, RATIS=42755, RATIS_ADMIN=42755, RATIS_SERVER=42755, STANDALONE=38575], networkLocation: /default-rack, certSerialId: null, persistedOpState: IN_SERVICE, persistedOpStateExpiryEpochSec: 0}4ef44404-e624-4c50-bb49-8deedaf9742c{ip: 10.1.0.110, host: fv-az133-40.ac31hddj4phu5ocom5smqd4hkf.cx.internal.cloudapp.net, ports: [REPLICATION=42083, RATIS=46141, RATIS_ADMIN=46141, RATIS_SERVER=46141, STANDALONE=33769], networkLocation: /default-rack, certSerialId: null, persistedOpState: IN_SERVICE, persistedOpStateExpiryEpochSec: 0}0587405b-2ffa-4132-824d-547ca09f0e52{ip: 10.1.0.110, host: fv-az133-40.ac31hddj4phu5ocom5smqd4hkf.cx.internal.cloudapp.net, ports: [REPLICATION=32813, RATIS=38421, RATIS_ADMIN=38421, RATIS_SERVER=38421, STANDALONE=40413], networkLocation: /default-rack, certSerialId: null, persistedOpState: IN_SERVICE, persistedOpStateExpiryEpochSec: 0}, ReplicationConfig: RATIS/THREE, State:ALLOCATED, leaderId:b0993b33-1422-4b90-a478-b8a2894a7eaa, CreationTimestamp2022-12-06T15:44:42.931Z[Etc/UTC]] moved to OPEN state
2022-12-06 15:44:55,424 [EventQueue-CommandQueueReportForCommandQueueReportHandler] WARN  events.EventQueue (EventQueue.java:fireEvent(216)) - No event handler registered for event TypedEvent{payloadType=DatanodeDetails, name='Datanode_Command_Queue_Updated'}
2022-12-06 15:44:55,424 [EventQueue-OpenPipelineForHealthyPipelineSafeModeRule] INFO  safemode.SCMSafeModeManager (HealthyPipelineSafeModeRule.java:process(137)) - SCM in safe mode. Healthy pipelines reported count is 0, required healthy pipeline reported count is 1
2022-12-06 15:44:55,424 [EventQueue-OpenPipelineForHealthyPipelineSafeModeRule] INFO  safemode.SCMSafeModeManager (HealthyPipelineSafeModeRule.java:process(137)) - SCM in safe mode. Healthy pipelines reported count is 1, required healthy pipeline reported count is 1
2022-12-06 15:44:55,424 [EventQueue-OpenPipelineForHealthyPipelineSafeModeRule] INFO  safemode.SCMSafeModeManager (SCMSafeModeManager.java:validateSafeModeExitRules(200)) - HealthyPipelineSafeModeRule rule is successfully validated
2022-12-06 15:44:55,424 [EventQueue-OpenPipelineForHealthyPipelineSafeModeRule] INFO  safemode.SCMSafeModeManager (SCMSafeModeManager.java:validateSafeModeExitRules(215)) - ScmSafeModeManager, all rules are successfully validated
2022-12-06 15:44:55,424 [EventQueue-OpenPipelineForHealthyPipelineSafeModeRule] INFO  safemode.SCMSafeModeManager (SCMSafeModeManager.java:exitSafeMode(244)) - SCM exiting safe mode.
2022-12-06 15:44:55,424 [EventQueue-OpenPipelineForHealthyPipelineSafeModeRule] INFO  ha.SCMContext (SCMContext.java:updateSafeModeStatus(228)) - Update SafeModeStatus from SafeModeStatus{safeModeStatus=true, preCheckPassed=true} to SafeModeStatus{safeModeStatus=false, preCheckPassed=true}.
2022-12-06 15:44:55,424 [EventQueue-OpenPipelineForHealthyPipelineSafeModeRule] INFO  pipeline.BackgroundPipelineCreator (BackgroundPipelineCreator.java:notifyStatusChanged(254)) - Service BackgroundPipelineCreator transitions to RUNNING.
2022-12-06 15:44:55,424 [EventQueue-OpenPipelineForHealthyPipelineSafeModeRule] INFO  BackgroundPipelineScrubber (BackgroundSCMService.java:notifyStatusChanged(82)) - Service BackgroundPipelineScrubber transitions to RUNNING.
2022-12-06 15:44:55,424 [EventQueue-OpenPipelineForHealthyPipelineSafeModeRule] INFO  ExpiredContainerReplicaOpScrubber (BackgroundSCMService.java:notifyStatusChanged(82)) - Service ExpiredContainerReplicaOpScrubber transitions to RUNNING.
2022-12-06 15:44:55,424 [EventQueue-OpenPipelineForHealthyPipelineSafeModeRule] INFO  replication.ReplicationManager (ReplicationManager.java:notifyStatusChanged(860)) - Service ReplicationManager transitions to RUNNING.
2022-12-06 15:44:55,428 [EventQueue-CommandQueueReportForCommandQueueReportHandler] WARN  events.EventQueue (EventQueue.java:fireEvent(216)) - No event handler registered for event TypedEvent{payloadType=DatanodeDetails, name='Datanode_Command_Queue_Updated'}
2022-12-06 15:44:55,433 [EventQueue-OpenPipelineForHealthyPipelineSafeModeRule] WARN  balancer.ContainerBalancer (ContainerBalancer.java:shouldRun(131)) - Could not find persisted configuration for ContainerBalancer when checking if ContainerBalancer should run. ContainerBalancer should not run now.
2022-12-06 15:44:55,440 [b0993b33-1422-4b90-a478-b8a2894a7eaa@group-E6EF3BE0CB72-LeaderElection19] INFO  server.RaftServerConfigKeys (ConfUtils.java:logGet(46)) - raft.server.log.appender.snapshot.chunk.size.max = 16MB (=16777216) (default)
2022-12-06 15:44:55,440 [b0993b33-1422-4b90-a478-b8a2894a7eaa@group-E6EF3BE0CB72-LeaderElection19] INFO  server.RaftServerConfigKeys (ConfUtils.java:logGet(46)) - raft.server.log.appender.buffer.byte-limit = 33554432 (custom)
2022-12-06 15:44:55,440 [b0993b33-1422-4b90-a478-b8a2894a7eaa@group-E6EF3BE0CB72-LeaderElection19] INFO  server.RaftServerConfigKeys (ConfUtils.java:logGet(46)) - raft.server.log.appender.buffer.element-limit = 1 (custom)
2022-12-06 15:44:55,442 [b0993b33-1422-4b90-a478-b8a2894a7eaa@group-E6EF3BE0CB72-LeaderElection19] INFO  grpc.GrpcConfigKeys (ConfUtils.java:logGet(46)) - raft.grpc.server.leader.outstanding.appends.max = 128 (default)
2022-12-06 15:44:55,443 [b0993b33-1422-4b90-a478-b8a2894a7eaa@group-E6EF3BE0CB72-LeaderElection19] INFO  server.RaftServerConfigKeys (ConfUtils.java:logGet(46)) - raft.server.rpc.request.timeout = 60s (custom)
2022-12-06 15:44:55,443 [b0993b33-1422-4b90-a478-b8a2894a7eaa@group-E6EF3BE0CB72-LeaderElection19] INFO  server.RaftServerConfigKeys (ConfUtils.java:logGet(46)) - raft.server.log.appender.install.snapshot.enabled = false (custom)
2022-12-06 15:44:55,443 [b0993b33-1422-4b90-a478-b8a2894a7eaa@group-E6EF3BE0CB72-LeaderElection19] INFO  grpc.GrpcConfigKeys (ConfUtils.java:logGet(46)) - raft.grpc.server.heartbeat.channel = true (default)
2022-12-06 15:44:55,443 [b0993b33-1422-4b90-a478-b8a2894a7eaa@group-E6EF3BE0CB72-LeaderElection19] INFO  server.RaftServerConfigKeys (ConfUtils.java:logGet(46)) - raft.server.log.appender.wait-time.min = 10ms (default)
2022-12-06 15:44:55,445 [b0993b33-1422-4b90-a478-b8a2894a7eaa@group-E6EF3BE0CB72-LeaderElection19] INFO  server.RaftServerConfigKeys (ConfUtils.java:logGet(46)) - raft.server.log.appender.snapshot.chunk.size.max = 16MB (=16777216) (default)
2022-12-06 15:44:55,445 [b0993b33-1422-4b90-a478-b8a2894a7eaa@group-E6EF3BE0CB72-LeaderElection19] INFO  server.RaftServerConfigKeys (ConfUtils.java:logGet(46)) - raft.server.log.appender.buffer.byte-limit = 33554432 (custom)
2022-12-06 15:44:55,445 [b0993b33-1422-4b90-a478-b8a2894a7eaa@group-E6EF3BE0CB72-LeaderElection19] INFO  server.RaftServerConfigKeys (ConfUtils.java:logGet(46)) - raft.server.log.appender.buffer.element-limit = 1 (custom)
2022-12-06 15:44:55,445 [b0993b33-1422-4b90-a478-b8a2894a7eaa@group-E6EF3BE0CB72-LeaderElection19] INFO  grpc.GrpcConfigKeys (ConfUtils.java:logGet(46)) - raft.grpc.server.leader.outstanding.appends.max = 128 (default)
2022-12-06 15:44:55,445 [b0993b33-1422-4b90-a478-b8a2894a7eaa@group-E6EF3BE0CB72-LeaderElection19] INFO  server.RaftServerConfigKeys (ConfUtils.java:logGet(46)) - raft.server.rpc.request.timeout = 60s (custom)
2022-12-06 15:44:55,445 [b0993b33-1422-4b90-a478-b8a2894a7eaa@group-E6EF3BE0CB72-LeaderElection19] INFO  server.RaftServerConfigKeys (ConfUtils.java:logGet(46)) - raft.server.log.appender.install.snapshot.enabled = false (custom)
2022-12-06 15:44:55,445 [b0993b33-1422-4b90-a478-b8a2894a7eaa@group-E6EF3BE0CB72-LeaderElection19] INFO  grpc.GrpcConfigKeys (ConfUtils.java:logGet(46)) - raft.grpc.server.heartbeat.channel = true (default)
2022-12-06 15:44:55,445 [b0993b33-1422-4b90-a478-b8a2894a7eaa@group-E6EF3BE0CB72-LeaderElection19] INFO  server.RaftServerConfigKeys (ConfUtils.java:logGet(46)) - raft.server.log.appender.wait-time.min = 10ms (default)
2022-12-06 15:44:55,446 [b0993b33-1422-4b90-a478-b8a2894a7eaa@group-E6EF3BE0CB72-LeaderElection19] INFO  impl.RoleInfo (RoleInfo.java:updateAndGet(139)) - b0993b33-1422-4b90-a478-b8a2894a7eaa: start b0993b33-1422-4b90-a478-b8a2894a7eaa@group-E6EF3BE0CB72-LeaderStateImpl
2022-12-06 15:44:55,446 [b0993b33-1422-4b90-a478-b8a2894a7eaa@group-E6EF3BE0CB72-LeaderElection19] INFO  segmented.SegmentedRaftLogWorker (SegmentedRaftLogWorker.java:startLogSegment(452)) - b0993b33-1422-4b90-a478-b8a2894a7eaa@group-E6EF3BE0CB72-SegmentedRaftLogWorker: Starting segment from index:0
2022-12-06 15:44:55,448 [b0993b33-1422-4b90-a478-b8a2894a7eaa@group-E6EF3BE0CB72-SegmentedRaftLogWorker] INFO  segmented.SegmentedRaftLogWorker (SegmentedRaftLogWorker.java:execute(656)) - b0993b33-1422-4b90-a478-b8a2894a7eaa@group-E6EF3BE0CB72-SegmentedRaftLogWorker: created new log segment /home/runner/work/ozone/ozone/hadoop-ozone/integration-test/target/test-dir/MiniOzoneClusterImpl-dce15e54-dc76-4f82-a75a-fd2a8a22e08e/datanode-2/data/ratis/f835e2b8-2c94-4d28-b8f1-e6ef3be0cb72/current/log_inprogress_0
2022-12-06 15:44:55,459 [b0993b33-1422-4b90-a478-b8a2894a7eaa@group-E6EF3BE0CB72-LeaderElection19] INFO  server.RaftServer$Division (ServerState.java:setRaftConf(430)) - b0993b33-1422-4b90-a478-b8a2894a7eaa@group-E6EF3BE0CB72: set configuration 0: peers:[b0993b33-1422-4b90-a478-b8a2894a7eaa|rpc:10.1.0.110:42755|dataStream:|priority:1|startupRole:FOLLOWER, 4ef44404-e624-4c50-bb49-8deedaf9742c|rpc:10.1.0.110:46141|dataStream:|priority:0|startupRole:FOLLOWER, 0587405b-2ffa-4132-824d-547ca09f0e52|rpc:10.1.0.110:38421|dataStream:|priority:0|startupRole:FOLLOWER]|listeners:[], old=null
2022-12-06 15:44:55,491 [0587405b-2ffa-4132-824d-547ca09f0e52-server-thread1] INFO  ratis.XceiverServerRatis (XceiverServerRatis.java:handleLeaderChangedNotification(863)) - Leader change notification received for group: group-E6EF3BE0CB72 with new leaderId: b0993b33-1422-4b90-a478-b8a2894a7eaa
2022-12-06 15:44:55,492 [0587405b-2ffa-4132-824d-547ca09f0e52-server-thread1] INFO  server.RaftServer$Division (ServerState.java:setLeader(313)) - 0587405b-2ffa-4132-824d-547ca09f0e52@group-E6EF3BE0CB72: change Leader from null to b0993b33-1422-4b90-a478-b8a2894a7eaa at term 2 for appendEntries, leader elected after 9886ms
2022-12-06 15:44:55,491 [4ef44404-e624-4c50-bb49-8deedaf9742c-server-thread1] INFO  ratis.XceiverServerRatis (XceiverServerRatis.java:handleLeaderChangedNotification(863)) - Leader change notification received for group: group-E6EF3BE0CB72 with new leaderId: b0993b33-1422-4b90-a478-b8a2894a7eaa
2022-12-06 15:44:55,500 [4ef44404-e624-4c50-bb49-8deedaf9742c-server-thread1] INFO  server.RaftServer$Division (ServerState.java:setLeader(313)) - 4ef44404-e624-4c50-bb49-8deedaf9742c@group-E6EF3BE0CB72: change Leader from null to b0993b33-1422-4b90-a478-b8a2894a7eaa at term 2 for appendEntries, leader elected after 10286ms
2022-12-06 15:44:55,507 [EventQueue-CommandQueueReportForCommandQueueReportHandler] WARN  events.EventQueue (EventQueue.java:fireEvent(216)) - No event handler registered for event TypedEvent{payloadType=DatanodeDetails, name='Datanode_Command_Queue_Updated'}
2022-12-06 15:44:55,525 [4ef44404-e624-4c50-bb49-8deedaf9742c-server-thread3] INFO  server.RaftServer$Division (ServerState.java:setRaftConf(430)) - 4ef44404-e624-4c50-bb49-8deedaf9742c@group-E6EF3BE0CB72: set configuration 0: peers:[b0993b33-1422-4b90-a478-b8a2894a7eaa|rpc:10.1.0.110:42755|dataStream:|priority:1|startupRole:FOLLOWER, 4ef44404-e624-4c50-bb49-8deedaf9742c|rpc:10.1.0.110:46141|dataStream:|priority:0|startupRole:FOLLOWER, 0587405b-2ffa-4132-824d-547ca09f0e52|rpc:10.1.0.110:38421|dataStream:|priority:0|startupRole:FOLLOWER]|listeners:[], old=null
2022-12-06 15:44:55,526 [4ef44404-e624-4c50-bb49-8deedaf9742c-server-thread3] INFO  segmented.SegmentedRaftLogWorker (SegmentedRaftLogWorker.java:startLogSegment(452)) - 4ef44404-e624-4c50-bb49-8deedaf9742c@group-E6EF3BE0CB72-SegmentedRaftLogWorker: Starting segment from index:0
2022-12-06 15:44:55,526 [0587405b-2ffa-4132-824d-547ca09f0e52-server-thread1] INFO  server.RaftServer$Division (ServerState.java:setRaftConf(430)) - 0587405b-2ffa-4132-824d-547ca09f0e52@group-E6EF3BE0CB72: set configuration 0: peers:[b0993b33-1422-4b90-a478-b8a2894a7eaa|rpc:10.1.0.110:42755|dataStream:|priority:1|startupRole:FOLLOWER, 4ef44404-e624-4c50-bb49-8deedaf9742c|rpc:10.1.0.110:46141|dataStream:|priority:0|startupRole:FOLLOWER, 0587405b-2ffa-4132-824d-547ca09f0e52|rpc:10.1.0.110:38421|dataStream:|priority:0|startupRole:FOLLOWER]|listeners:[], old=null
2022-12-06 15:44:55,526 [0587405b-2ffa-4132-824d-547ca09f0e52-server-thread1] INFO  segmented.SegmentedRaftLogWorker (SegmentedRaftLogWorker.java:startLogSegment(452)) - 0587405b-2ffa-4132-824d-547ca09f0e52@group-E6EF3BE0CB72-SegmentedRaftLogWorker: Starting segment from index:0
2022-12-06 15:44:55,529 [4ef44404-e624-4c50-bb49-8deedaf9742c@group-E6EF3BE0CB72-SegmentedRaftLogWorker] INFO  segmented.SegmentedRaftLogWorker (SegmentedRaftLogWorker.java:execute(656)) - 4ef44404-e624-4c50-bb49-8deedaf9742c@group-E6EF3BE0CB72-SegmentedRaftLogWorker: created new log segment /home/runner/work/ozone/ozone/hadoop-ozone/integration-test/target/test-dir/MiniOzoneClusterImpl-dce15e54-dc76-4f82-a75a-fd2a8a22e08e/datanode-0/data/ratis/f835e2b8-2c94-4d28-b8f1-e6ef3be0cb72/current/log_inprogress_0
2022-12-06 15:44:55,537 [0587405b-2ffa-4132-824d-547ca09f0e52@group-E6EF3BE0CB72-SegmentedRaftLogWorker] INFO  segmented.SegmentedRaftLogWorker (SegmentedRaftLogWorker.java:execute(656)) - 0587405b-2ffa-4132-824d-547ca09f0e52@group-E6EF3BE0CB72-SegmentedRaftLogWorker: created new log segment /home/runner/work/ozone/ozone/hadoop-ozone/integration-test/target/test-dir/MiniOzoneClusterImpl-dce15e54-dc76-4f82-a75a-fd2a8a22e08e/datanode-1/data/ratis/f835e2b8-2c94-4d28-b8f1-e6ef3be0cb72/current/log_inprogress_0
2022-12-06 15:44:55,632 [EventQueue-CommandQueueReportForCommandQueueReportHandler] WARN  events.EventQueue (EventQueue.java:fireEvent(216)) - No event handler registered for event TypedEvent{payloadType=DatanodeDetails, name='Datanode_Command_Queue_Updated'}
2022-12-06 15:44:55,767 [Listener at 127.0.0.1/44149] INFO  ozone.MiniOzoneClusterImpl (MiniOzoneClusterImpl.java:lambda$waitForClusterToBeReady$0(216)) - Nodes are ready. Got 10 of 10 DN Heartbeats.
2022-12-06 15:44:55,767 [Listener at 127.0.0.1/44149] INFO  ozone.MiniOzoneClusterImpl (MiniOzoneClusterImpl.java:lambda$waitForClusterToBeReady$0(219)) - Cluster exits safe mode
2022-12-06 15:44:55,767 [Listener at 127.0.0.1/44149] INFO  ozone.MiniOzoneClusterImpl (MiniOzoneClusterImpl.java:lambda$waitForClusterToBeReady$0(221)) - SCM became leader
2022-12-06 15:44:55,789 [EventQueue-CommandQueueReportForCommandQueueReportHandler] WARN  events.EventQueue (EventQueue.java:fireEvent(216)) - No event handler registered for event TypedEvent{payloadType=DatanodeDetails, name='Datanode_Command_Queue_Updated'}
2022-12-06 15:44:55,829 [EventQueue-CommandQueueReportForCommandQueueReportHandler] WARN  events.EventQueue (EventQueue.java:fireEvent(216)) - No event handler registered for event TypedEvent{payloadType=DatanodeDetails, name='Datanode_Command_Queue_Updated'}
2022-12-06 15:44:55,859 [EventQueue-CommandQueueReportForCommandQueueReportHandler] WARN  events.EventQueue (EventQueue.java:fireEvent(216)) - No event handler registered for event TypedEvent{payloadType=DatanodeDetails, name='Datanode_Command_Queue_Updated'}
2022-12-06 15:44:56,512 [JvmPauseMonitor5] WARN  util.JvmPauseMonitor (JvmPauseMonitor.java:detectPause(126)) - JvmPauseMonitor-831a834c-0d76-4477-9113-3f6aa01da917: Detected pause in JVM or host machine (eg GC): pause of approximately 100067817ns.
GC pool 'PS MarkSweep' had collection(s): count=1 time=344ms
GC pool 'PS Scavenge' had collection(s): count=1 time=93ms
2022-12-06 15:44:56,512 [JvmPauseMonitor4] WARN  util.JvmPauseMonitor (JvmPauseMonitor.java:detectPause(126)) - JvmPauseMonitor-470e2686-24c9-4e42-bae6-1f3a72650c76: Detected pause in JVM or host machine (eg GC): pause of approximately 124023222ns.
GC pool 'PS MarkSweep' had collection(s): count=1 time=344ms
GC pool 'PS Scavenge' had collection(s): count=1 time=93ms
2022-12-06 15:44:56,512 [JvmPauseMonitor8] WARN  util.JvmPauseMonitor (JvmPauseMonitor.java:detectPause(126)) - JvmPauseMonitor-7726e7f5-b74c-4e4a-9680-a65a67c105af: Detected pause in JVM or host machine (eg GC): pause of approximately 100280720ns.
GC pool 'PS MarkSweep' had collection(s): count=1 time=344ms
GC pool 'PS Scavenge' had collection(s): count=1 time=93ms
2022-12-06 15:44:56,518 [EventQueue-CommandQueueReportForCommandQueueReportHandler] WARN  events.EventQueue (EventQueue.java:fireEvent(216)) - No event handler registered for event TypedEvent{payloadType=DatanodeDetails, name='Datanode_Command_Queue_Updated'}
2022-12-06 15:44:56,514 [JvmPauseMonitor9] WARN  util.JvmPauseMonitor (JvmPauseMonitor.java:detectPause(126)) - JvmPauseMonitor-3ddade9d-4289-4127-b7c4-830dd518ff0a: Detected pause in JVM or host machine (eg GC): pause of approximately 251095143ns.
GC pool 'PS MarkSweep' had collection(s): count=1 time=344ms
GC pool 'PS Scavenge' had collection(s): count=1 time=93ms
2022-12-06 15:44:56,513 [JvmPauseMonitor0] WARN  util.JvmPauseMonitor (JvmPauseMonitor.java:detectPause(126)) - JvmPauseMonitor-om1: Detected pause in JVM or host machine (eg GC): pause of approximately 250924741ns.
GC pool 'PS MarkSweep' had collection(s): count=1 time=344ms
GC pool 'PS Scavenge' had collection(s): count=1 time=93ms
2022-12-06 15:44:56,513 [JvmPauseMonitor2] WARN  util.JvmPauseMonitor (JvmPauseMonitor.java:detectPause(126)) - JvmPauseMonitor-0587405b-2ffa-4132-824d-547ca09f0e52: Detected pause in JVM or host machine (eg GC): pause of approximately 250980742ns.
GC pool 'PS MarkSweep' had collection(s): count=1 time=344ms
GC pool 'PS Scavenge' had collection(s): count=1 time=93ms
2022-12-06 15:44:56,513 [JvmPauseMonitor7] WARN  util.JvmPauseMonitor (JvmPauseMonitor.java:detectPause(126)) - JvmPauseMonitor-2497daeb-967d-49ad-8f28-1297e8c4c732: Detected pause in JVM or host machine (eg GC): pause of approximately 247950803ns.
GC pool 'PS MarkSweep' had collection(s): count=1 time=344ms
GC pool 'PS Scavenge' had collection(s): count=1 time=93ms
2022-12-06 15:44:56,513 [JvmPauseMonitor3] WARN  util.JvmPauseMonitor (JvmPauseMonitor.java:detectPause(126)) - JvmPauseMonitor-b0993b33-1422-4b90-a478-b8a2894a7eaa: Detected pause in JVM or host machine (eg GC): pause of approximately 250166331ns.
GC pool 'PS MarkSweep' had collection(s): count=1 time=344ms
GC pool 'PS Scavenge' had collection(s): count=1 time=93ms
2022-12-06 15:44:56,513 [JvmPauseMonitor6] WARN  util.JvmPauseMonitor (JvmPauseMonitor.java:detectPause(126)) - JvmPauseMonitor-cc93147f-bc2d-4803-9a7c-bfa6df100165: Detected pause in JVM or host machine (eg GC): pause of approximately 248070904ns.
GC pool 'PS MarkSweep' had collection(s): count=1 time=344ms
GC pool 'PS Scavenge' had collection(s): count=1 time=93ms
2022-12-06 15:44:56,513 [JvmPauseMonitor10] WARN  util.JvmPauseMonitor (JvmPauseMonitor.java:detectPause(126)) - JvmPauseMonitor-3023bd45-36c3-431f-9c1c-92b4e43de878: Detected pause in JVM or host machine (eg GC): pause of approximately 247840002ns.
GC pool 'PS MarkSweep' had collection(s): count=1 time=344ms
GC pool 'PS Scavenge' had collection(s): count=1 time=93ms
2022-12-06 15:44:56,526 [EventQueue-CommandQueueReportForCommandQueueReportHandler] WARN  events.EventQueue (EventQueue.java:fireEvent(216)) - No event handler registered for event TypedEvent{payloadType=DatanodeDetails, name='Datanode_Command_Queue_Updated'}
2022-12-06 15:44:56,526 [EventQueue-CommandQueueReportForCommandQueueReportHandler] WARN  events.EventQueue (EventQueue.java:fireEvent(216)) - No event handler registered for event TypedEvent{payloadType=DatanodeDetails, name='Datanode_Command_Queue_Updated'}
2022-12-06 15:44:56,527 [EventQueue-CommandQueueReportForCommandQueueReportHandler] WARN  events.EventQueue (EventQueue.java:fireEvent(216)) - No event handler registered for event TypedEvent{payloadType=DatanodeDetails, name='Datanode_Command_Queue_Updated'}
2022-12-06 15:44:56,528 [EventQueue-CommandQueueReportForCommandQueueReportHandler] WARN  events.EventQueue (EventQueue.java:fireEvent(216)) - No event handler registered for event TypedEvent{payloadType=DatanodeDetails, name='Datanode_Command_Queue_Updated'}
2022-12-06 15:44:56,528 [EventQueue-CommandQueueReportForCommandQueueReportHandler] WARN  events.EventQueue (EventQueue.java:fireEvent(216)) - No event handler registered for event TypedEvent{payloadType=DatanodeDetails, name='Datanode_Command_Queue_Updated'}
2022-12-06 15:44:56,632 [EventQueue-CommandQueueReportForCommandQueueReportHandler] WARN  events.EventQueue (EventQueue.java:fireEvent(216)) - No event handler registered for event TypedEvent{payloadType=DatanodeDetails, name='Datanode_Command_Queue_Updated'}
2022-12-06 15:44:56,646 [Listener at 127.0.0.1/44149] INFO  rpc.RpcClient (RpcClient.java:createVolume(472)) - Creating Volume: e73bdb15-e09a-43bd-a561-a1c30363336f, with runner as owner and space quota set to -1 bytes, counts quota set to -1
2022-12-06 15:44:56,697 [OM StateMachine ApplyTransaction Thread - 0] INFO  volume.OMVolumeCreateRequest (OMVolumeCreateRequest.java:validateAndUpdateCache(195)) - created volume:e73bdb15-e09a-43bd-a561-a1c30363336f for user:runner
2022-12-06 15:44:56,718 [Listener at 127.0.0.1/44149] INFO  rpc.RpcClient (RpcClient.java:createBucket(691)) - Creating Bucket: e73bdb15-e09a-43bd-a561-a1c30363336f/e73bdb15-e09a-43bd-a561-a1c30363336f, with server-side default bucket layout, runner as owner, Versioning false, Storage Type set to DISK and Encryption set to false 
2022-12-06 15:44:56,736 [OM StateMachine ApplyTransaction Thread - 0] INFO  bucket.OMBucketCreateRequest (OMBucketCreateRequest.java:validateAndUpdateCache(260)) - created bucket: e73bdb15-e09a-43bd-a561-a1c30363336f of layout LEGACY in volume: e73bdb15-e09a-43bd-a561-a1c30363336f
2022-12-06 15:44:56,738 [b0993b33-1422-4b90-a478-b8a2894a7eaa@group-6B60A7C996DB-FollowerState] INFO  impl.FollowerState (FollowerState.java:run(143)) - b0993b33-1422-4b90-a478-b8a2894a7eaa@group-6B60A7C996DB-FollowerState: change to CANDIDATE, lastRpcElapsedTime:5095936082ns, electionTimeout:5092ms
2022-12-06 15:44:56,738 [b0993b33-1422-4b90-a478-b8a2894a7eaa@group-6B60A7C996DB-FollowerState] INFO  impl.RoleInfo (RoleInfo.java:shutdownFollowerState(110)) - b0993b33-1422-4b90-a478-b8a2894a7eaa: shutdown b0993b33-1422-4b90-a478-b8a2894a7eaa@group-6B60A7C996DB-FollowerState
2022-12-06 15:44:56,738 [b0993b33-1422-4b90-a478-b8a2894a7eaa@group-6B60A7C996DB-FollowerState] INFO  server.RaftServer$Division (RaftServerImpl.java:setRole(321)) - b0993b33-1422-4b90-a478-b8a2894a7eaa@group-6B60A7C996DB: changes role from  FOLLOWER to CANDIDATE at term 1 for changeToCandidate
2022-12-06 15:44:56,738 [b0993b33-1422-4b90-a478-b8a2894a7eaa@group-6B60A7C996DB-FollowerState] INFO  server.RaftServerConfigKeys (ConfUtils.java:logGet(46)) - raft.server.leaderelection.pre-vote = false (custom)
2022-12-06 15:44:56,738 [b0993b33-1422-4b90-a478-b8a2894a7eaa@group-6B60A7C996DB-FollowerState] INFO  impl.RoleInfo (RoleInfo.java:updateAndGet(139)) - b0993b33-1422-4b90-a478-b8a2894a7eaa: start b0993b33-1422-4b90-a478-b8a2894a7eaa@group-6B60A7C996DB-LeaderElection20
2022-12-06 15:44:56,749 [b0993b33-1422-4b90-a478-b8a2894a7eaa@group-6B60A7C996DB-LeaderElection20] INFO  impl.LeaderElection (LeaderElection.java:askForVotes(312)) - b0993b33-1422-4b90-a478-b8a2894a7eaa@group-6B60A7C996DB-LeaderElection20 ELECTION round 0: submit vote requests at term 2 for -1: peers:[4ef44404-e624-4c50-bb49-8deedaf9742c|rpc:10.1.0.110:46141|priority:1|startupRole:FOLLOWER, b0993b33-1422-4b90-a478-b8a2894a7eaa|rpc:10.1.0.110:42755|priority:0|startupRole:FOLLOWER, 0587405b-2ffa-4132-824d-547ca09f0e52|rpc:10.1.0.110:38421|priority:0|startupRole:FOLLOWER]|listeners:[], old=null
2022-12-06 15:44:56,758 [b0993b33-1422-4b90-a478-b8a2894a7eaa@group-6B60A7C996DB-LeaderElection20] INFO  server.RaftServerConfigKeys (ConfUtils.java:logFallback(53)) - raft.server.rpc.first-election.timeout.min = 5s (fallback to raft.server.rpc.timeout.min)
2022-12-06 15:44:56,759 [b0993b33-1422-4b90-a478-b8a2894a7eaa@group-6B60A7C996DB-LeaderElection20] INFO  server.RaftServerConfigKeys (ConfUtils.java:logFallback(53)) - raft.server.rpc.first-election.timeout.max = 5200ms (fallback to raft.server.rpc.timeout.max)
2022-12-06 15:44:56,760 [grpc-default-executor-3] INFO  server.RaftServer$Division (RaftServerImpl.java:requestVote(1218)) - 4ef44404-e624-4c50-bb49-8deedaf9742c@group-6B60A7C996DB: receive requestVote(ELECTION, b0993b33-1422-4b90-a478-b8a2894a7eaa, group-6B60A7C996DB, 2, (t:0, i:0))
2022-12-06 15:44:56,760 [grpc-default-executor-3] INFO  impl.VoteContext (VoteContext.java:log(49)) - 4ef44404-e624-4c50-bb49-8deedaf9742c@group-6B60A7C996DB-FOLLOWER: reject ELECTION from b0993b33-1422-4b90-a478-b8a2894a7eaa: our priority 1 > candidate's priority 0
2022-12-06 15:44:56,761 [grpc-default-executor-3] INFO  server.RaftServer$Division (RaftServerImpl.java:setRole(321)) - 4ef44404-e624-4c50-bb49-8deedaf9742c@group-6B60A7C996DB: changes role from  FOLLOWER to FOLLOWER at term 2 for candidate:b0993b33-1422-4b90-a478-b8a2894a7eaa
2022-12-06 15:44:56,761 [grpc-default-executor-3] INFO  impl.RoleInfo (RoleInfo.java:shutdownFollowerState(110)) - 4ef44404-e624-4c50-bb49-8deedaf9742c: shutdown 4ef44404-e624-4c50-bb49-8deedaf9742c@group-6B60A7C996DB-FollowerState
2022-12-06 15:44:56,761 [grpc-default-executor-3] INFO  impl.RoleInfo (RoleInfo.java:updateAndGet(139)) - 4ef44404-e624-4c50-bb49-8deedaf9742c: start 4ef44404-e624-4c50-bb49-8deedaf9742c@group-6B60A7C996DB-FollowerState
2022-12-06 15:44:56,761 [4ef44404-e624-4c50-bb49-8deedaf9742c@group-6B60A7C996DB-FollowerState] INFO  impl.FollowerState (FollowerState.java:run(152)) - 4ef44404-e624-4c50-bb49-8deedaf9742c@group-6B60A7C996DB-FollowerState was interrupted
2022-12-06 15:44:56,761 [4ef44404-e624-4c50-bb49-8deedaf9742c@group-6B60A7C996DB-FollowerState] INFO  server.RaftServerConfigKeys (ConfUtils.java:logFallback(53)) - raft.server.rpc.first-election.timeout.min = 5s (fallback to raft.server.rpc.timeout.min)
2022-12-06 15:44:56,761 [4ef44404-e624-4c50-bb49-8deedaf9742c@group-6B60A7C996DB-FollowerState] INFO  server.RaftServerConfigKeys (ConfUtils.java:logFallback(53)) - raft.server.rpc.first-election.timeout.max = 5200ms (fallback to raft.server.rpc.timeout.max)
2022-12-06 15:44:56,762 [grpc-default-executor-3] INFO  server.RaftServer$Division (RaftServerImpl.java:requestVote(1251)) - 4ef44404-e624-4c50-bb49-8deedaf9742c@group-6B60A7C996DB replies to ELECTION vote request: b0993b33-1422-4b90-a478-b8a2894a7eaa<-4ef44404-e624-4c50-bb49-8deedaf9742c#0:FAIL-t2. Peer's state: 4ef44404-e624-4c50-bb49-8deedaf9742c@group-6B60A7C996DB:t2, leader=null, voted=null, raftlog=Memoized:4ef44404-e624-4c50-bb49-8deedaf9742c@group-6B60A7C996DB-SegmentedRaftLog:OPENED:c-1, conf=-1: peers:[4ef44404-e624-4c50-bb49-8deedaf9742c|rpc:10.1.0.110:46141|dataStream:|priority:1|startupRole:FOLLOWER, b0993b33-1422-4b90-a478-b8a2894a7eaa|rpc:10.1.0.110:42755|dataStream:|priority:0|startupRole:FOLLOWER, 0587405b-2ffa-4132-824d-547ca09f0e52|rpc:10.1.0.110:38421|dataStream:|priority:0|startupRole:FOLLOWER]|listeners:[], old=null
2022-12-06 15:44:56,765 [b0993b33-1422-4b90-a478-b8a2894a7eaa@group-6B60A7C996DB-LeaderElection20] INFO  impl.LeaderElection (LeaderElection.java:logAndReturn(90)) - b0993b33-1422-4b90-a478-b8a2894a7eaa@group-6B60A7C996DB-LeaderElection20: ELECTION REJECTED received 1 response(s) and 0 exception(s):
2022-12-06 15:44:56,765 [b0993b33-1422-4b90-a478-b8a2894a7eaa@group-6B60A7C996DB-LeaderElection20] INFO  impl.LeaderElection (LeaderElection.java:logAndReturn(94)) -   Response 0: b0993b33-1422-4b90-a478-b8a2894a7eaa<-4ef44404-e624-4c50-bb49-8deedaf9742c#0:FAIL-t2
2022-12-06 15:44:56,765 [b0993b33-1422-4b90-a478-b8a2894a7eaa@group-6B60A7C996DB-LeaderElection20] INFO  impl.LeaderElection (LeaderElection.java:askForVotes(314)) - b0993b33-1422-4b90-a478-b8a2894a7eaa@group-6B60A7C996DB-LeaderElection20 ELECTION round 0: result REJECTED
2022-12-06 15:44:56,765 [b0993b33-1422-4b90-a478-b8a2894a7eaa@group-6B60A7C996DB-LeaderElection20] INFO  server.RaftServer$Division (RaftServerImpl.java:setRole(321)) - b0993b33-1422-4b90-a478-b8a2894a7eaa@group-6B60A7C996DB: changes role from CANDIDATE to FOLLOWER at term 2 for REJECTED
2022-12-06 15:44:56,765 [b0993b33-1422-4b90-a478-b8a2894a7eaa@group-6B60A7C996DB-LeaderElection20] INFO  impl.RoleInfo (RoleInfo.java:shutdownLeaderElection(130)) - b0993b33-1422-4b90-a478-b8a2894a7eaa: shutdown b0993b33-1422-4b90-a478-b8a2894a7eaa@group-6B60A7C996DB-LeaderElection20
2022-12-06 15:44:56,765 [b0993b33-1422-4b90-a478-b8a2894a7eaa@group-6B60A7C996DB-LeaderElection20] INFO  impl.RoleInfo (RoleInfo.java:updateAndGet(139)) - b0993b33-1422-4b90-a478-b8a2894a7eaa: start b0993b33-1422-4b90-a478-b8a2894a7eaa@group-6B60A7C996DB-FollowerState
2022-12-06 15:44:56,766 [b0993b33-1422-4b90-a478-b8a2894a7eaa@group-6B60A7C996DB-FollowerState] INFO  server.RaftServerConfigKeys (ConfUtils.java:logFallback(53)) - raft.server.rpc.first-election.timeout.min = 5s (fallback to raft.server.rpc.timeout.min)
2022-12-06 15:44:56,766 [b0993b33-1422-4b90-a478-b8a2894a7eaa@group-6B60A7C996DB-FollowerState] INFO  server.RaftServerConfigKeys (ConfUtils.java:logFallback(53)) - raft.server.rpc.first-election.timeout.max = 5200ms (fallback to raft.server.rpc.timeout.max)
2022-12-06 15:44:56,768 [0587405b-2ffa-4132-824d-547ca09f0e52@group-6B60A7C996DB-FollowerState] INFO  impl.FollowerState (FollowerState.java:run(143)) - 0587405b-2ffa-4132-824d-547ca09f0e52@group-6B60A7C996DB-FollowerState: change to CANDIDATE, lastRpcElapsedTime:5066686513ns, electionTimeout:5056ms
2022-12-06 15:44:56,768 [0587405b-2ffa-4132-824d-547ca09f0e52@group-6B60A7C996DB-FollowerState] INFO  impl.RoleInfo (RoleInfo.java:shutdownFollowerState(110)) - 0587405b-2ffa-4132-824d-547ca09f0e52: shutdown 0587405b-2ffa-4132-824d-547ca09f0e52@group-6B60A7C996DB-FollowerState
2022-12-06 15:44:56,768 [0587405b-2ffa-4132-824d-547ca09f0e52@group-6B60A7C996DB-FollowerState] INFO  server.RaftServer$Division (RaftServerImpl.java:setRole(321)) - 0587405b-2ffa-4132-824d-547ca09f0e52@group-6B60A7C996DB: changes role from  FOLLOWER to CANDIDATE at term 1 for changeToCandidate
2022-12-06 15:44:56,768 [831a834c-0d76-4477-9113-3f6aa01da917@group-8751AA67DF99-FollowerState] INFO  impl.FollowerState (FollowerState.java:run(143)) - 831a834c-0d76-4477-9113-3f6aa01da917@group-8751AA67DF99-FollowerState: change to CANDIDATE, lastRpcElapsedTime:5043796821ns, electionTimeout:5036ms
2022-12-06 15:44:56,768 [831a834c-0d76-4477-9113-3f6aa01da917@group-8751AA67DF99-FollowerState] INFO  impl.RoleInfo (RoleInfo.java:shutdownFollowerState(110)) - 831a834c-0d76-4477-9113-3f6aa01da917: shutdown 831a834c-0d76-4477-9113-3f6aa01da917@group-8751AA67DF99-FollowerState
2022-12-06 15:44:56,768 [831a834c-0d76-4477-9113-3f6aa01da917@group-8751AA67DF99-FollowerState] INFO  server.RaftServer$Division (RaftServerImpl.java:setRole(321)) - 831a834c-0d76-4477-9113-3f6aa01da917@group-8751AA67DF99: changes role from  FOLLOWER to CANDIDATE at term 1 for changeToCandidate
2022-12-06 15:44:56,768 [831a834c-0d76-4477-9113-3f6aa01da917@group-8751AA67DF99-FollowerState] INFO  server.RaftServerConfigKeys (ConfUtils.java:logGet(46)) - raft.server.leaderelection.pre-vote = false (custom)
2022-12-06 15:44:56,768 [831a834c-0d76-4477-9113-3f6aa01da917@group-8751AA67DF99-FollowerState] INFO  impl.RoleInfo (RoleInfo.java:updateAndGet(139)) - 831a834c-0d76-4477-9113-3f6aa01da917: start 831a834c-0d76-4477-9113-3f6aa01da917@group-8751AA67DF99-LeaderElection22
2022-12-06 15:44:56,769 [0587405b-2ffa-4132-824d-547ca09f0e52@group-6B60A7C996DB-FollowerState] INFO  server.RaftServerConfigKeys (ConfUtils.java:logGet(46)) - raft.server.leaderelection.pre-vote = false (custom)
2022-12-06 15:44:56,769 [0587405b-2ffa-4132-824d-547ca09f0e52@group-6B60A7C996DB-FollowerState] INFO  impl.RoleInfo (RoleInfo.java:updateAndGet(139)) - 0587405b-2ffa-4132-824d-547ca09f0e52: start 0587405b-2ffa-4132-824d-547ca09f0e52@group-6B60A7C996DB-LeaderElection21
2022-12-06 15:44:56,769 [grpc-default-executor-2] INFO  server.RaftServer$Division (RaftServerImpl.java:requestVote(1218)) - 0587405b-2ffa-4132-824d-547ca09f0e52@group-6B60A7C996DB: receive requestVote(ELECTION, b0993b33-1422-4b90-a478-b8a2894a7eaa, group-6B60A7C996DB, 2, (t:0, i:0))
2022-12-06 15:44:56,771 [grpc-default-executor-2] INFO  impl.VoteContext (VoteContext.java:log(49)) - 0587405b-2ffa-4132-824d-547ca09f0e52@group-6B60A7C996DB-CANDIDATE: accept ELECTION from b0993b33-1422-4b90-a478-b8a2894a7eaa: our priority 0 <= candidate's priority 0
2022-12-06 15:44:56,771 [grpc-default-executor-2] INFO  server.RaftServer$Division (RaftServerImpl.java:setRole(321)) - 0587405b-2ffa-4132-824d-547ca09f0e52@group-6B60A7C996DB: changes role from CANDIDATE to FOLLOWER at term 2 for candidate:b0993b33-1422-4b90-a478-b8a2894a7eaa
2022-12-06 15:44:56,771 [grpc-default-executor-2] INFO  impl.RoleInfo (RoleInfo.java:shutdownLeaderElection(130)) - 0587405b-2ffa-4132-824d-547ca09f0e52: shutdown 0587405b-2ffa-4132-824d-547ca09f0e52@group-6B60A7C996DB-LeaderElection21
2022-12-06 15:44:56,771 [grpc-default-executor-2] INFO  impl.RoleInfo (RoleInfo.java:updateAndGet(139)) - 0587405b-2ffa-4132-824d-547ca09f0e52: start 0587405b-2ffa-4132-824d-547ca09f0e52@group-6B60A7C996DB-FollowerState
2022-12-06 15:44:56,776 [0587405b-2ffa-4132-824d-547ca09f0e52@group-6B60A7C996DB-LeaderElection21] INFO  impl.LeaderElection (LeaderElection.java:run(233)) - 0587405b-2ffa-4132-824d-547ca09f0e52@group-6B60A7C996DB-LeaderElection21: skip running since this is already CLOSING
2022-12-06 15:44:56,778 [0587405b-2ffa-4132-824d-547ca09f0e52@group-6B60A7C996DB-FollowerState] INFO  server.RaftServerConfigKeys (ConfUtils.java:logFallback(53)) - raft.server.rpc.first-election.timeout.min = 5s (fallback to raft.server.rpc.timeout.min)
2022-12-06 15:44:56,778 [0587405b-2ffa-4132-824d-547ca09f0e52@group-6B60A7C996DB-FollowerState] INFO  server.RaftServerConfigKeys (ConfUtils.java:logFallback(53)) - raft.server.rpc.first-election.timeout.max = 5200ms (fallback to raft.server.rpc.timeout.max)
2022-12-06 15:44:56,778 [831a834c-0d76-4477-9113-3f6aa01da917@group-8751AA67DF99-LeaderElection22] INFO  impl.LeaderElection (LeaderElection.java:askForVotes(312)) - 831a834c-0d76-4477-9113-3f6aa01da917@group-8751AA67DF99-LeaderElection22 ELECTION round 0: submit vote requests at term 2 for -1: peers:[470e2686-24c9-4e42-bae6-1f3a72650c76|rpc:10.1.0.110:33297|dataStream:|priority:0|startupRole:FOLLOWER, cc93147f-bc2d-4803-9a7c-bfa6df100165|rpc:10.1.0.110:32927|dataStream:|priority:0|startupRole:FOLLOWER, 831a834c-0d76-4477-9113-3f6aa01da917|rpc:10.1.0.110:38237|dataStream:|priority:1|startupRole:FOLLOWER]|listeners:[], old=null
2022-12-06 15:44:56,779 [grpc-default-executor-2] INFO  server.RaftServer$Division (RaftServerImpl.java:requestVote(1251)) - 0587405b-2ffa-4132-824d-547ca09f0e52@group-6B60A7C996DB replies to ELECTION vote request: b0993b33-1422-4b90-a478-b8a2894a7eaa<-0587405b-2ffa-4132-824d-547ca09f0e52#0:OK-t2. Peer's state: 0587405b-2ffa-4132-824d-547ca09f0e52@group-6B60A7C996DB:t2, leader=null, voted=b0993b33-1422-4b90-a478-b8a2894a7eaa, raftlog=Memoized:0587405b-2ffa-4132-824d-547ca09f0e52@group-6B60A7C996DB-SegmentedRaftLog:OPENED:c-1, conf=-1: peers:[4ef44404-e624-4c50-bb49-8deedaf9742c|rpc:10.1.0.110:46141|priority:1|startupRole:FOLLOWER, b0993b33-1422-4b90-a478-b8a2894a7eaa|rpc:10.1.0.110:42755|priority:0|startupRole:FOLLOWER, 0587405b-2ffa-4132-824d-547ca09f0e52|rpc:10.1.0.110:38421|priority:0|startupRole:FOLLOWER]|listeners:[], old=null
2022-12-06 15:44:56,781 [831a834c-0d76-4477-9113-3f6aa01da917@group-8751AA67DF99-LeaderElection22] INFO  server.RaftServerConfigKeys (ConfUtils.java:logFallback(53)) - raft.server.rpc.first-election.timeout.min = 5s (fallback to raft.server.rpc.timeout.min)
2022-12-06 15:44:56,781 [831a834c-0d76-4477-9113-3f6aa01da917@group-8751AA67DF99-LeaderElection22] INFO  server.RaftServerConfigKeys (ConfUtils.java:logFallback(53)) - raft.server.rpc.first-election.timeout.max = 5200ms (fallback to raft.server.rpc.timeout.max)
2022-12-06 15:44:56,786 [grpc-default-executor-2] INFO  server.RaftServer$Division (RaftServerImpl.java:requestVote(1218)) - cc93147f-bc2d-4803-9a7c-bfa6df100165@group-8751AA67DF99: receive requestVote(ELECTION, 831a834c-0d76-4477-9113-3f6aa01da917, group-8751AA67DF99, 2, (t:0, i:0))
2022-12-06 15:44:56,787 [grpc-default-executor-2] INFO  impl.VoteContext (VoteContext.java:log(49)) - cc93147f-bc2d-4803-9a7c-bfa6df100165@group-8751AA67DF99-FOLLOWER: accept ELECTION from 831a834c-0d76-4477-9113-3f6aa01da917: our priority 0 <= candidate's priority 1
2022-12-06 15:44:56,787 [grpc-default-executor-2] INFO  server.RaftServer$Division (RaftServerImpl.java:setRole(321)) - cc93147f-bc2d-4803-9a7c-bfa6df100165@group-8751AA67DF99: changes role from  FOLLOWER to FOLLOWER at term 2 for candidate:831a834c-0d76-4477-9113-3f6aa01da917
2022-12-06 15:44:56,787 [grpc-default-executor-2] INFO  impl.RoleInfo (RoleInfo.java:shutdownFollowerState(110)) - cc93147f-bc2d-4803-9a7c-bfa6df100165: shutdown cc93147f-bc2d-4803-9a7c-bfa6df100165@group-8751AA67DF99-FollowerState
2022-12-06 15:44:56,787 [grpc-default-executor-2] INFO  impl.RoleInfo (RoleInfo.java:updateAndGet(139)) - cc93147f-bc2d-4803-9a7c-bfa6df100165: start cc93147f-bc2d-4803-9a7c-bfa6df100165@group-8751AA67DF99-FollowerState
2022-12-06 15:44:56,787 [cc93147f-bc2d-4803-9a7c-bfa6df100165@group-8751AA67DF99-FollowerState] INFO  impl.FollowerState (FollowerState.java:run(152)) - cc93147f-bc2d-4803-9a7c-bfa6df100165@group-8751AA67DF99-FollowerState was interrupted
2022-12-06 15:44:56,788 [EventQueue-CommandQueueReportForCommandQueueReportHandler] WARN  events.EventQueue (EventQueue.java:fireEvent(216)) - No event handler registered for event TypedEvent{payloadType=DatanodeDetails, name='Datanode_Command_Queue_Updated'}
2022-12-06 15:44:56,793 [Listener at 127.0.0.1/44149] INFO  rpc.RpcClient (RpcClient.java:createBucket(691)) - Creating Bucket: e73bdb15-e09a-43bd-a561-a1c30363336f/5595ac4e-9a73-49ff-b0fd-d4e3e41a2b0a, with server-side default bucket layout, runner as owner, Versioning false, Storage Type set to DISK and Encryption set to false 
2022-12-06 15:44:56,796 [grpc-default-executor-3] INFO  server.RaftServer$Division (RaftServerImpl.java:requestVote(1218)) - 470e2686-24c9-4e42-bae6-1f3a72650c76@group-8751AA67DF99: receive requestVote(ELECTION, 831a834c-0d76-4477-9113-3f6aa01da917, group-8751AA67DF99, 2, (t:0, i:0))
2022-12-06 15:44:56,797 [grpc-default-executor-3] INFO  impl.VoteContext (VoteContext.java:log(49)) - 470e2686-24c9-4e42-bae6-1f3a72650c76@group-8751AA67DF99-FOLLOWER: accept ELECTION from 831a834c-0d76-4477-9113-3f6aa01da917: our priority 0 <= candidate's priority 1
2022-12-06 15:44:56,797 [grpc-default-executor-3] INFO  server.RaftServer$Division (RaftServerImpl.java:setRole(321)) - 470e2686-24c9-4e42-bae6-1f3a72650c76@group-8751AA67DF99: changes role from  FOLLOWER to FOLLOWER at term 2 for candidate:831a834c-0d76-4477-9113-3f6aa01da917
2022-12-06 15:44:56,797 [grpc-default-executor-3] INFO  impl.RoleInfo (RoleInfo.java:shutdownFollowerState(110)) - 470e2686-24c9-4e42-bae6-1f3a72650c76: shutdown 470e2686-24c9-4e42-bae6-1f3a72650c76@group-8751AA67DF99-FollowerState
2022-12-06 15:44:56,797 [grpc-default-executor-3] INFO  impl.RoleInfo (RoleInfo.java:updateAndGet(139)) - 470e2686-24c9-4e42-bae6-1f3a72650c76: start 470e2686-24c9-4e42-bae6-1f3a72650c76@group-8751AA67DF99-FollowerState
2022-12-06 15:44:56,797 [470e2686-24c9-4e42-bae6-1f3a72650c76@group-8751AA67DF99-FollowerState] INFO  impl.FollowerState (FollowerState.java:run(152)) - 470e2686-24c9-4e42-bae6-1f3a72650c76@group-8751AA67DF99-FollowerState was interrupted
2022-12-06 15:44:56,797 [grpc-default-executor-2] INFO  server.RaftServer$Division (RaftServerImpl.java:requestVote(1251)) - cc93147f-bc2d-4803-9a7c-bfa6df100165@group-8751AA67DF99 replies to ELECTION vote request: 831a834c-0d76-4477-9113-3f6aa01da917<-cc93147f-bc2d-4803-9a7c-bfa6df100165#0:OK-t2. Peer's state: cc93147f-bc2d-4803-9a7c-bfa6df100165@group-8751AA67DF99:t2, leader=null, voted=831a834c-0d76-4477-9113-3f6aa01da917, raftlog=Memoized:cc93147f-bc2d-4803-9a7c-bfa6df100165@group-8751AA67DF99-SegmentedRaftLog:OPENED:c-1, conf=-1: peers:[470e2686-24c9-4e42-bae6-1f3a72650c76|rpc:10.1.0.110:33297|dataStream:|priority:0|startupRole:FOLLOWER, cc93147f-bc2d-4803-9a7c-bfa6df100165|rpc:10.1.0.110:32927|dataStream:|priority:0|startupRole:FOLLOWER, 831a834c-0d76-4477-9113-3f6aa01da917|rpc:10.1.0.110:38237|dataStream:|priority:1|startupRole:FOLLOWER]|listeners:[], old=null
2022-12-06 15:44:56,798 [470e2686-24c9-4e42-bae6-1f3a72650c76@group-8751AA67DF99-FollowerState] INFO  server.RaftServerConfigKeys (ConfUtils.java:logFallback(53)) - raft.server.rpc.first-election.timeout.min = 5s (fallback to raft.server.rpc.timeout.min)
2022-12-06 15:44:56,798 [470e2686-24c9-4e42-bae6-1f3a72650c76@group-8751AA67DF99-FollowerState] INFO  server.RaftServerConfigKeys (ConfUtils.java:logFallback(53)) - raft.server.rpc.first-election.timeout.max = 5200ms (fallback to raft.server.rpc.timeout.max)
2022-12-06 15:44:56,798 [grpc-default-executor-3] INFO  server.RaftServer$Division (RaftServerImpl.java:requestVote(1251)) - 470e2686-24c9-4e42-bae6-1f3a72650c76@group-8751AA67DF99 replies to ELECTION vote request: 831a834c-0d76-4477-9113-3f6aa01da917<-470e2686-24c9-4e42-bae6-1f3a72650c76#0:OK-t2. Peer's state: 470e2686-24c9-4e42-bae6-1f3a72650c76@group-8751AA67DF99:t2, leader=null, voted=831a834c-0d76-4477-9113-3f6aa01da917, raftlog=Memoized:470e2686-24c9-4e42-bae6-1f3a72650c76@group-8751AA67DF99-SegmentedRaftLog:OPENED:c-1, conf=-1: peers:[470e2686-24c9-4e42-bae6-1f3a72650c76|rpc:10.1.0.110:33297|priority:0|startupRole:FOLLOWER, cc93147f-bc2d-4803-9a7c-bfa6df100165|rpc:10.1.0.110:32927|priority:0|startupRole:FOLLOWER, 831a834c-0d76-4477-9113-3f6aa01da917|rpc:10.1.0.110:38237|priority:1|startupRole:FOLLOWER]|listeners:[], old=null
2022-12-06 15:44:56,800 [831a834c-0d76-4477-9113-3f6aa01da917@group-8751AA67DF99-LeaderElection22] INFO  impl.LeaderElection (LeaderElection.java:logAndReturn(90)) - 831a834c-0d76-4477-9113-3f6aa01da917@group-8751AA67DF99-LeaderElection22: ELECTION PASSED received 1 response(s) and 0 exception(s):
2022-12-06 15:44:56,800 [831a834c-0d76-4477-9113-3f6aa01da917@group-8751AA67DF99-LeaderElection22] INFO  impl.LeaderElection (LeaderElection.java:logAndReturn(94)) -   Response 0: 831a834c-0d76-4477-9113-3f6aa01da917<-cc93147f-bc2d-4803-9a7c-bfa6df100165#0:OK-t2
2022-12-06 15:44:56,800 [831a834c-0d76-4477-9113-3f6aa01da917@group-8751AA67DF99-LeaderElection22] INFO  impl.LeaderElection (LeaderElection.java:askForVotes(314)) - 831a834c-0d76-4477-9113-3f6aa01da917@group-8751AA67DF99-LeaderElection22 ELECTION round 0: result PASSED
2022-12-06 15:44:56,800 [831a834c-0d76-4477-9113-3f6aa01da917@group-8751AA67DF99-LeaderElection22] INFO  impl.RoleInfo (RoleInfo.java:shutdownLeaderElection(130)) - 831a834c-0d76-4477-9113-3f6aa01da917: shutdown 831a834c-0d76-4477-9113-3f6aa01da917@group-8751AA67DF99-LeaderElection22
2022-12-06 15:44:56,800 [831a834c-0d76-4477-9113-3f6aa01da917@group-8751AA67DF99-LeaderElection22] INFO  server.RaftServer$Division (RaftServerImpl.java:setRole(321)) - 831a834c-0d76-4477-9113-3f6aa01da917@group-8751AA67DF99: changes role from CANDIDATE to LEADER at term 2 for changeToLeader
2022-12-06 15:44:56,800 [831a834c-0d76-4477-9113-3f6aa01da917@group-8751AA67DF99-LeaderElection22] INFO  ratis.XceiverServerRatis (XceiverServerRatis.java:handleLeaderChangedNotification(863)) - Leader change notification received for group: group-8751AA67DF99 with new leaderId: 831a834c-0d76-4477-9113-3f6aa01da917
2022-12-06 15:44:56,800 [831a834c-0d76-4477-9113-3f6aa01da917@group-8751AA67DF99-LeaderElection22] INFO  server.RaftServer$Division (ServerState.java:setLeader(313)) - 831a834c-0d76-4477-9113-3f6aa01da917@group-8751AA67DF99: change Leader from null to 831a834c-0d76-4477-9113-3f6aa01da917 at term 2 for becomeLeader, leader elected after 10198ms
2022-12-06 15:44:56,800 [831a834c-0d76-4477-9113-3f6aa01da917@group-8751AA67DF99-LeaderElection22] INFO  server.RaftServerConfigKeys (ConfUtils.java:logGet(46)) - raft.server.staging.catchup.gap = 1000 (default)
2022-12-06 15:44:56,801 [831a834c-0d76-4477-9113-3f6aa01da917@group-8751AA67DF99-LeaderElection22] INFO  server.RaftServerConfigKeys (ConfUtils.java:logGet(46)) - raft.server.write.element-limit = 1024 (custom)
2022-12-06 15:44:56,801 [831a834c-0d76-4477-9113-3f6aa01da917@group-8751AA67DF99-LeaderElection22] INFO  server.RaftServerConfigKeys (ConfUtils.java:logGet(46)) - raft.server.write.byte-limit = 1024 M (=1073741824) (custom)
2022-12-06 15:44:56,801 [831a834c-0d76-4477-9113-3f6aa01da917@group-8751AA67DF99-LeaderElection22] INFO  server.RaftServerConfigKeys (ConfUtils.java:logGet(46)) - raft.server.watch.timeout = 180s (custom)
2022-12-06 15:44:56,801 [831a834c-0d76-4477-9113-3f6aa01da917@group-8751AA67DF99-LeaderElection22] INFO  server.RaftServerConfigKeys (ConfUtils.java:logGet(46)) - raft.server.watch.timeout.denomination = 1s (default)
2022-12-06 15:44:56,801 [831a834c-0d76-4477-9113-3f6aa01da917@group-8751AA67DF99-LeaderElection22] INFO  server.RaftServerConfigKeys (ConfUtils.java:logGet(46)) - raft.server.watch.element-limit = 65536 (default)
2022-12-06 15:44:56,801 [831a834c-0d76-4477-9113-3f6aa01da917@group-8751AA67DF99-LeaderElection22] INFO  server.RaftServerConfigKeys (ConfUtils.java:logGet(46)) - raft.server.write.element-limit = 1024 (custom)
2022-12-06 15:44:56,801 [831a834c-0d76-4477-9113-3f6aa01da917@group-8751AA67DF99-LeaderElection22] INFO  server.RaftServerConfigKeys (ConfUtils.java:logGet(46)) - raft.server.write.follower.gap.ratio.max = -1.0 (default)
2022-12-06 15:44:56,802 [831a834c-0d76-4477-9113-3f6aa01da917@group-8751AA67DF99-LeaderElection22] INFO  server.RaftServerConfigKeys (ConfUtils.java:logGet(46)) - raft.server.log.appender.snapshot.chunk.size.max = 16MB (=16777216) (default)
2022-12-06 15:44:56,802 [831a834c-0d76-4477-9113-3f6aa01da917@group-8751AA67DF99-LeaderElection22] INFO  server.RaftServerConfigKeys (ConfUtils.java:logGet(46)) - raft.server.log.appender.buffer.byte-limit = 33554432 (custom)
2022-12-06 15:44:56,802 [831a834c-0d76-4477-9113-3f6aa01da917@group-8751AA67DF99-LeaderElection22] INFO  server.RaftServerConfigKeys (ConfUtils.java:logGet(46)) - raft.server.log.appender.buffer.element-limit = 1 (custom)
2022-12-06 15:44:56,802 [831a834c-0d76-4477-9113-3f6aa01da917@group-8751AA67DF99-LeaderElection22] INFO  grpc.GrpcConfigKeys (ConfUtils.java:logGet(46)) - raft.grpc.server.leader.outstanding.appends.max = 128 (default)
2022-12-06 15:44:56,808 [831a834c-0d76-4477-9113-3f6aa01da917@group-8751AA67DF99-LeaderElection22] INFO  server.RaftServerConfigKeys (ConfUtils.java:logGet(46)) - raft.server.rpc.request.timeout = 60s (custom)
2022-12-06 15:44:56,808 [831a834c-0d76-4477-9113-3f6aa01da917@group-8751AA67DF99-LeaderElection22] INFO  server.RaftServerConfigKeys (ConfUtils.java:logGet(46)) - raft.server.log.appender.install.snapshot.enabled = false (custom)
2022-12-06 15:44:56,808 [831a834c-0d76-4477-9113-3f6aa01da917@group-8751AA67DF99-LeaderElection22] INFO  grpc.GrpcConfigKeys (ConfUtils.java:logGet(46)) - raft.grpc.server.heartbeat.channel = true (default)
2022-12-06 15:44:56,808 [831a834c-0d76-4477-9113-3f6aa01da917@group-8751AA67DF99-LeaderElection22] INFO  server.RaftServerConfigKeys (ConfUtils.java:logGet(46)) - raft.server.log.appender.wait-time.min = 10ms (default)
2022-12-06 15:44:56,809 [831a834c-0d76-4477-9113-3f6aa01da917@group-8751AA67DF99-LeaderElection22] INFO  server.RaftServerConfigKeys (ConfUtils.java:logGet(46)) - raft.server.log.appender.snapshot.chunk.size.max = 16MB (=16777216) (default)
2022-12-06 15:44:56,809 [831a834c-0d76-4477-9113-3f6aa01da917@group-8751AA67DF99-LeaderElection22] INFO  server.RaftServerConfigKeys (ConfUtils.java:logGet(46)) - raft.server.log.appender.buffer.byte-limit = 33554432 (custom)
2022-12-06 15:44:56,809 [831a834c-0d76-4477-9113-3f6aa01da917@group-8751AA67DF99-LeaderElection22] INFO  server.RaftServerConfigKeys (ConfUtils.java:logGet(46)) - raft.server.log.appender.buffer.element-limit = 1 (custom)
2022-12-06 15:44:56,809 [831a834c-0d76-4477-9113-3f6aa01da917@group-8751AA67DF99-LeaderElection22] INFO  grpc.GrpcConfigKeys (ConfUtils.java:logGet(46)) - raft.grpc.server.leader.outstanding.appends.max = 128 (default)
2022-12-06 15:44:56,809 [831a834c-0d76-4477-9113-3f6aa01da917@group-8751AA67DF99-LeaderElection22] INFO  server.RaftServerConfigKeys (ConfUtils.java:logGet(46)) - raft.server.rpc.request.timeout = 60s (custom)
2022-12-06 15:44:56,809 [EventQueue-CommandQueueReportForCommandQueueReportHandler] WARN  events.EventQueue (EventQueue.java:fireEvent(216)) - No event handler registered for event TypedEvent{payloadType=DatanodeDetails, name='Datanode_Command_Queue_Updated'}
2022-12-06 15:44:56,809 [831a834c-0d76-4477-9113-3f6aa01da917@group-8751AA67DF99-LeaderElection22] INFO  server.RaftServerConfigKeys (ConfUtils.java:logGet(46)) - raft.server.log.appender.install.snapshot.enabled = false (custom)
2022-12-06 15:44:56,809 [831a834c-0d76-4477-9113-3f6aa01da917@group-8751AA67DF99-LeaderElection22] INFO  grpc.GrpcConfigKeys (ConfUtils.java:logGet(46)) - raft.grpc.server.heartbeat.channel = true (default)
2022-12-06 15:44:56,810 [831a834c-0d76-4477-9113-3f6aa01da917@group-8751AA67DF99-LeaderElection22] INFO  server.RaftServerConfigKeys (ConfUtils.java:logGet(46)) - raft.server.log.appender.wait-time.min = 10ms (default)
2022-12-06 15:44:56,810 [EventQueue-PipelineReportForPipelineReportHandler] INFO  pipeline.PipelineManagerImpl (PipelineManagerImpl.java:openPipeline(367)) - Pipeline Pipeline[ Id: 4d8caa6e-06c6-45eb-8a52-8751aa67df99, Nodes: 831a834c-0d76-4477-9113-3f6aa01da917{ip: 10.1.0.110, host: fv-az133-40.ac31hddj4phu5ocom5smqd4hkf.cx.internal.cloudapp.net, ports: [REPLICATION=35421, RATIS=38237, RATIS_ADMIN=38237, RATIS_SERVER=38237, STANDALONE=40149], networkLocation: /default-rack, certSerialId: null, persistedOpState: IN_SERVICE, persistedOpStateExpiryEpochSec: 0}470e2686-24c9-4e42-bae6-1f3a72650c76{ip: 10.1.0.110, host: fv-az133-40.ac31hddj4phu5ocom5smqd4hkf.cx.internal.cloudapp.net, ports: [REPLICATION=41209, RATIS=33297, RATIS_ADMIN=33297, RATIS_SERVER=33297, STANDALONE=42791], networkLocation: /default-rack, certSerialId: null, persistedOpState: IN_SERVICE, persistedOpStateExpiryEpochSec: 0}cc93147f-bc2d-4803-9a7c-bfa6df100165{ip: 10.1.0.110, host: fv-az133-40.ac31hddj4phu5ocom5smqd4hkf.cx.internal.cloudapp.net, ports: [REPLICATION=44167, RATIS=32927, RATIS_ADMIN=32927, RATIS_SERVER=32927, STANDALONE=46525], networkLocation: /default-rack, certSerialId: null, persistedOpState: IN_SERVICE, persistedOpStateExpiryEpochSec: 0}, ReplicationConfig: RATIS/THREE, State:ALLOCATED, leaderId:831a834c-0d76-4477-9113-3f6aa01da917, CreationTimestamp2022-12-06T15:44:43.956Z[Etc/UTC]] moved to OPEN state
2022-12-06 15:44:56,810 [831a834c-0d76-4477-9113-3f6aa01da917@group-8751AA67DF99-LeaderElection22] INFO  impl.RoleInfo (RoleInfo.java:updateAndGet(139)) - 831a834c-0d76-4477-9113-3f6aa01da917: start 831a834c-0d76-4477-9113-3f6aa01da917@group-8751AA67DF99-LeaderStateImpl
2022-12-06 15:44:56,810 [831a834c-0d76-4477-9113-3f6aa01da917@group-8751AA67DF99-LeaderElection22] INFO  segmented.SegmentedRaftLogWorker (SegmentedRaftLogWorker.java:startLogSegment(452)) - 831a834c-0d76-4477-9113-3f6aa01da917@group-8751AA67DF99-SegmentedRaftLogWorker: Starting segment from index:0
2022-12-06 15:44:56,811 [cc93147f-bc2d-4803-9a7c-bfa6df100165@group-8751AA67DF99-FollowerState] INFO  server.RaftServerConfigKeys (ConfUtils.java:logFallback(53)) - raft.server.rpc.first-election.timeout.min = 5s (fallback to raft.server.rpc.timeout.min)
2022-12-06 15:44:56,811 [cc93147f-bc2d-4803-9a7c-bfa6df100165@group-8751AA67DF99-FollowerState] INFO  server.RaftServerConfigKeys (ConfUtils.java:logFallback(53)) - raft.server.rpc.first-election.timeout.max = 5200ms (fallback to raft.server.rpc.timeout.max)
2022-12-06 15:44:56,812 [831a834c-0d76-4477-9113-3f6aa01da917@group-8751AA67DF99-SegmentedRaftLogWorker] INFO  segmented.SegmentedRaftLogWorker (SegmentedRaftLogWorker.java:execute(656)) - 831a834c-0d76-4477-9113-3f6aa01da917@group-8751AA67DF99-SegmentedRaftLogWorker: created new log segment /home/runner/work/ozone/ozone/hadoop-ozone/integration-test/target/test-dir/MiniOzoneClusterImpl-dce15e54-dc76-4f82-a75a-fd2a8a22e08e/datanode-4/data/ratis/4d8caa6e-06c6-45eb-8a52-8751aa67df99/current/log_inprogress_0
2022-12-06 15:44:56,824 [831a834c-0d76-4477-9113-3f6aa01da917@group-8751AA67DF99-LeaderElection22] INFO  server.RaftServer$Division (ServerState.java:setRaftConf(430)) - 831a834c-0d76-4477-9113-3f6aa01da917@group-8751AA67DF99: set configuration 0: peers:[470e2686-24c9-4e42-bae6-1f3a72650c76|rpc:10.1.0.110:33297|dataStream:|priority:0|startupRole:FOLLOWER, cc93147f-bc2d-4803-9a7c-bfa6df100165|rpc:10.1.0.110:32927|dataStream:|priority:0|startupRole:FOLLOWER, 831a834c-0d76-4477-9113-3f6aa01da917|rpc:10.1.0.110:38237|dataStream:|priority:1|startupRole:FOLLOWER]|listeners:[], old=null
2022-12-06 15:44:56,832 [470e2686-24c9-4e42-bae6-1f3a72650c76-server-thread1] INFO  ratis.XceiverServerRatis (XceiverServerRatis.java:handleLeaderChangedNotification(863)) - Leader change notification received for group: group-8751AA67DF99 with new leaderId: 831a834c-0d76-4477-9113-3f6aa01da917
2022-12-06 15:44:56,832 [470e2686-24c9-4e42-bae6-1f3a72650c76-server-thread1] INFO  server.RaftServer$Division (ServerState.java:setLeader(313)) - 470e2686-24c9-4e42-bae6-1f3a72650c76@group-8751AA67DF99: change Leader from null to 831a834c-0d76-4477-9113-3f6aa01da917 at term 2 for appendEntries, leader elected after 10366ms
2022-12-06 15:44:56,842 [OM StateMachine ApplyTransaction Thread - 0] INFO  bucket.OMBucketCreateRequest (OMBucketCreateRequest.java:validateAndUpdateCache(260)) - created bucket: 5595ac4e-9a73-49ff-b0fd-d4e3e41a2b0a of layout LEGACY in volume: e73bdb15-e09a-43bd-a561-a1c30363336f
2022-12-06 15:44:56,847 [470e2686-24c9-4e42-bae6-1f3a72650c76-server-thread2] INFO  server.RaftServer$Division (ServerState.java:setRaftConf(430)) - 470e2686-24c9-4e42-bae6-1f3a72650c76@group-8751AA67DF99: set configuration 0: peers:[470e2686-24c9-4e42-bae6-1f3a72650c76|rpc:10.1.0.110:33297|dataStream:|priority:0|startupRole:FOLLOWER, cc93147f-bc2d-4803-9a7c-bfa6df100165|rpc:10.1.0.110:32927|dataStream:|priority:0|startupRole:FOLLOWER, 831a834c-0d76-4477-9113-3f6aa01da917|rpc:10.1.0.110:38237|dataStream:|priority:1|startupRole:FOLLOWER]|listeners:[], old=null
2022-12-06 15:44:56,848 [470e2686-24c9-4e42-bae6-1f3a72650c76-server-thread2] INFO  segmented.SegmentedRaftLogWorker (SegmentedRaftLogWorker.java:startLogSegment(452)) - 470e2686-24c9-4e42-bae6-1f3a72650c76@group-8751AA67DF99-SegmentedRaftLogWorker: Starting segment from index:0
2022-12-06 15:44:56,855 [470e2686-24c9-4e42-bae6-1f3a72650c76@group-8751AA67DF99-SegmentedRaftLogWorker] INFO  segmented.SegmentedRaftLogWorker (SegmentedRaftLogWorker.java:execute(656)) - 470e2686-24c9-4e42-bae6-1f3a72650c76@group-8751AA67DF99-SegmentedRaftLogWorker: created new log segment /home/runner/work/ozone/ozone/hadoop-ozone/integration-test/target/test-dir/MiniOzoneClusterImpl-dce15e54-dc76-4f82-a75a-fd2a8a22e08e/datanode-3/data/ratis/4d8caa6e-06c6-45eb-8a52-8751aa67df99/current/log_inprogress_0
2022-12-06 15:44:56,859 [EventQueue-CommandQueueReportForCommandQueueReportHandler] WARN  events.EventQueue (EventQueue.java:fireEvent(216)) - No event handler registered for event TypedEvent{payloadType=DatanodeDetails, name='Datanode_Command_Queue_Updated'}
2022-12-06 15:44:56,874 [cc93147f-bc2d-4803-9a7c-bfa6df100165-server-thread2] INFO  ratis.XceiverServerRatis (XceiverServerRatis.java:handleLeaderChangedNotification(863)) - Leader change notification received for group: group-8751AA67DF99 with new leaderId: 831a834c-0d76-4477-9113-3f6aa01da917
2022-12-06 15:44:56,874 [cc93147f-bc2d-4803-9a7c-bfa6df100165-server-thread2] INFO  server.RaftServer$Division (ServerState.java:setLeader(313)) - cc93147f-bc2d-4803-9a7c-bfa6df100165@group-8751AA67DF99: change Leader from null to 831a834c-0d76-4477-9113-3f6aa01da917 at term 2 for appendEntries, leader elected after 10152ms
2022-12-06 15:44:56,876 [831a834c-0d76-4477-9113-3f6aa01da917@group-86C4A20D7C89-FollowerState] INFO  impl.FollowerState (FollowerState.java:run(143)) - 831a834c-0d76-4477-9113-3f6aa01da917@group-86C4A20D7C89-FollowerState: change to CANDIDATE, lastRpcElapsedTime:5076703359ns, electionTimeout:5075ms
2022-12-06 15:44:56,876 [831a834c-0d76-4477-9113-3f6aa01da917@group-86C4A20D7C89-FollowerState] INFO  impl.RoleInfo (RoleInfo.java:shutdownFollowerState(110)) - 831a834c-0d76-4477-9113-3f6aa01da917: shutdown 831a834c-0d76-4477-9113-3f6aa01da917@group-86C4A20D7C89-FollowerState
2022-12-06 15:44:56,876 [831a834c-0d76-4477-9113-3f6aa01da917@group-86C4A20D7C89-FollowerState] INFO  server.RaftServer$Division (RaftServerImpl.java:setRole(321)) - 831a834c-0d76-4477-9113-3f6aa01da917@group-86C4A20D7C89: changes role from  FOLLOWER to CANDIDATE at term 1 for changeToCandidate
2022-12-06 15:44:56,876 [831a834c-0d76-4477-9113-3f6aa01da917@group-86C4A20D7C89-FollowerState] INFO  server.RaftServerConfigKeys (ConfUtils.java:logGet(46)) - raft.server.leaderelection.pre-vote = false (custom)
2022-12-06 15:44:56,876 [831a834c-0d76-4477-9113-3f6aa01da917@group-86C4A20D7C89-FollowerState] INFO  impl.RoleInfo (RoleInfo.java:updateAndGet(139)) - 831a834c-0d76-4477-9113-3f6aa01da917: start 831a834c-0d76-4477-9113-3f6aa01da917@group-86C4A20D7C89-LeaderElection23
2022-12-06 15:44:56,878 [cc93147f-bc2d-4803-9a7c-bfa6df100165-server-thread2] INFO  server.RaftServer$Division (ServerState.java:setRaftConf(430)) - cc93147f-bc2d-4803-9a7c-bfa6df100165@group-8751AA67DF99: set configuration 0: peers:[470e2686-24c9-4e42-bae6-1f3a72650c76|rpc:10.1.0.110:33297|dataStream:|priority:0|startupRole:FOLLOWER, cc93147f-bc2d-4803-9a7c-bfa6df100165|rpc:10.1.0.110:32927|dataStream:|priority:0|startupRole:FOLLOWER, 831a834c-0d76-4477-9113-3f6aa01da917|rpc:10.1.0.110:38237|dataStream:|priority:1|startupRole:FOLLOWER]|listeners:[], old=null
2022-12-06 15:44:56,878 [cc93147f-bc2d-4803-9a7c-bfa6df100165-server-thread2] INFO  segmented.SegmentedRaftLogWorker (SegmentedRaftLogWorker.java:startLogSegment(452)) - cc93147f-bc2d-4803-9a7c-bfa6df100165@group-8751AA67DF99-SegmentedRaftLogWorker: Starting segment from index:0
2022-12-06 15:44:56,880 [cc93147f-bc2d-4803-9a7c-bfa6df100165@group-8751AA67DF99-SegmentedRaftLogWorker] INFO  segmented.SegmentedRaftLogWorker (SegmentedRaftLogWorker.java:execute(656)) - cc93147f-bc2d-4803-9a7c-bfa6df100165@group-8751AA67DF99-SegmentedRaftLogWorker: created new log segment /home/runner/work/ozone/ozone/hadoop-ozone/integration-test/target/test-dir/MiniOzoneClusterImpl-dce15e54-dc76-4f82-a75a-fd2a8a22e08e/datanode-5/data/ratis/4d8caa6e-06c6-45eb-8a52-8751aa67df99/current/log_inprogress_0
2022-12-06 15:44:56,884 [831a834c-0d76-4477-9113-3f6aa01da917@group-86C4A20D7C89-LeaderElection23] INFO  impl.LeaderElection (LeaderElection.java:askForVotes(312)) - 831a834c-0d76-4477-9113-3f6aa01da917@group-86C4A20D7C89-LeaderElection23 ELECTION round 0: submit vote requests at term 2 for -1: peers:[470e2686-24c9-4e42-bae6-1f3a72650c76|rpc:10.1.0.110:33297|priority:1|startupRole:FOLLOWER, cc93147f-bc2d-4803-9a7c-bfa6df100165|rpc:10.1.0.110:32927|priority:0|startupRole:FOLLOWER, 831a834c-0d76-4477-9113-3f6aa01da917|rpc:10.1.0.110:38237|priority:0|startupRole:FOLLOWER]|listeners:[], old=null
2022-12-06 15:44:56,895 [831a834c-0d76-4477-9113-3f6aa01da917@group-86C4A20D7C89-LeaderElection23] INFO  server.RaftServerConfigKeys (ConfUtils.java:logFallback(53)) - raft.server.rpc.first-election.timeout.min = 5s (fallback to raft.server.rpc.timeout.min)
2022-12-06 15:44:56,895 [831a834c-0d76-4477-9113-3f6aa01da917@group-86C4A20D7C89-LeaderElection23] INFO  server.RaftServerConfigKeys (ConfUtils.java:logFallback(53)) - raft.server.rpc.first-election.timeout.max = 5200ms (fallback to raft.server.rpc.timeout.max)
2022-12-06 15:44:56,904 [grpc-default-executor-4] INFO  server.RaftServer$Division (RaftServerImpl.java:requestVote(1218)) - cc93147f-bc2d-4803-9a7c-bfa6df100165@group-86C4A20D7C89: receive requestVote(ELECTION, 831a834c-0d76-4477-9113-3f6aa01da917, group-86C4A20D7C89, 2, (t:0, i:0))
2022-12-06 15:44:56,904 [grpc-default-executor-4] INFO  impl.VoteContext (VoteContext.java:log(49)) - cc93147f-bc2d-4803-9a7c-bfa6df100165@group-86C4A20D7C89-FOLLOWER: accept ELECTION from 831a834c-0d76-4477-9113-3f6aa01da917: our priority 0 <= candidate's priority 0
2022-12-06 15:44:56,904 [grpc-default-executor-4] INFO  server.RaftServer$Division (RaftServerImpl.java:setRole(321)) - cc93147f-bc2d-4803-9a7c-bfa6df100165@group-86C4A20D7C89: changes role from  FOLLOWER to FOLLOWER at term 2 for candidate:831a834c-0d76-4477-9113-3f6aa01da917
2022-12-06 15:44:56,904 [grpc-default-executor-4] INFO  impl.RoleInfo (RoleInfo.java:shutdownFollowerState(110)) - cc93147f-bc2d-4803-9a7c-bfa6df100165: shutdown cc93147f-bc2d-4803-9a7c-bfa6df100165@group-86C4A20D7C89-FollowerState
2022-12-06 15:44:56,904 [grpc-default-executor-4] INFO  impl.RoleInfo (RoleInfo.java:updateAndGet(139)) - cc93147f-bc2d-4803-9a7c-bfa6df100165: start cc93147f-bc2d-4803-9a7c-bfa6df100165@group-86C4A20D7C89-FollowerState
2022-12-06 15:44:56,904 [cc93147f-bc2d-4803-9a7c-bfa6df100165@group-86C4A20D7C89-FollowerState] INFO  impl.FollowerState (FollowerState.java:run(152)) - cc93147f-bc2d-4803-9a7c-bfa6df100165@group-86C4A20D7C89-FollowerState was interrupted
2022-12-06 15:44:56,905 [cc93147f-bc2d-4803-9a7c-bfa6df100165@group-86C4A20D7C89-FollowerState] INFO  server.RaftServerConfigKeys (ConfUtils.java:logFallback(53)) - raft.server.rpc.first-election.timeout.min = 5s (fallback to raft.server.rpc.timeout.min)
2022-12-06 15:44:56,905 [cc93147f-bc2d-4803-9a7c-bfa6df100165@group-86C4A20D7C89-FollowerState] INFO  server.RaftServerConfigKeys (ConfUtils.java:logFallback(53)) - raft.server.rpc.first-election.timeout.max = 5200ms (fallback to raft.server.rpc.timeout.max)
2022-12-06 15:44:56,907 [grpc-default-executor-0] INFO  server.RaftServer$Division (RaftServerImpl.java:requestVote(1218)) - 470e2686-24c9-4e42-bae6-1f3a72650c76@group-86C4A20D7C89: receive requestVote(ELECTION, 831a834c-0d76-4477-9113-3f6aa01da917, group-86C4A20D7C89, 2, (t:0, i:0))
2022-12-06 15:44:56,907 [grpc-default-executor-4] INFO  server.RaftServer$Division (RaftServerImpl.java:requestVote(1251)) - cc93147f-bc2d-4803-9a7c-bfa6df100165@group-86C4A20D7C89 replies to ELECTION vote request: 831a834c-0d76-4477-9113-3f6aa01da917<-cc93147f-bc2d-4803-9a7c-bfa6df100165#0:OK-t2. Peer's state: cc93147f-bc2d-4803-9a7c-bfa6df100165@group-86C4A20D7C89:t2, leader=null, voted=831a834c-0d76-4477-9113-3f6aa01da917, raftlog=Memoized:cc93147f-bc2d-4803-9a7c-bfa6df100165@group-86C4A20D7C89-SegmentedRaftLog:OPENED:c-1, conf=-1: peers:[470e2686-24c9-4e42-bae6-1f3a72650c76|rpc:10.1.0.110:33297|dataStream:|priority:1|startupRole:FOLLOWER, cc93147f-bc2d-4803-9a7c-bfa6df100165|rpc:10.1.0.110:32927|dataStream:|priority:0|startupRole:FOLLOWER, 831a834c-0d76-4477-9113-3f6aa01da917|rpc:10.1.0.110:38237|dataStream:|priority:0|startupRole:FOLLOWER]|listeners:[], old=null
2022-12-06 15:44:56,907 [grpc-default-executor-0] INFO  impl.VoteContext (VoteContext.java:log(49)) - 470e2686-24c9-4e42-bae6-1f3a72650c76@group-86C4A20D7C89-FOLLOWER: reject ELECTION from 831a834c-0d76-4477-9113-3f6aa01da917: our priority 1 > candidate's priority 0
2022-12-06 15:44:56,907 [grpc-default-executor-0] INFO  server.RaftServer$Division (RaftServerImpl.java:setRole(321)) - 470e2686-24c9-4e42-bae6-1f3a72650c76@group-86C4A20D7C89: changes role from  FOLLOWER to FOLLOWER at term 2 for candidate:831a834c-0d76-4477-9113-3f6aa01da917
2022-12-06 15:44:56,907 [grpc-default-executor-0] INFO  impl.RoleInfo (RoleInfo.java:shutdownFollowerState(110)) - 470e2686-24c9-4e42-bae6-1f3a72650c76: shutdown 470e2686-24c9-4e42-bae6-1f3a72650c76@group-86C4A20D7C89-FollowerState
2022-12-06 15:44:56,907 [grpc-default-executor-0] INFO  impl.RoleInfo (RoleInfo.java:updateAndGet(139)) - 470e2686-24c9-4e42-bae6-1f3a72650c76: start 470e2686-24c9-4e42-bae6-1f3a72650c76@group-86C4A20D7C89-FollowerState
2022-12-06 15:44:56,907 [470e2686-24c9-4e42-bae6-1f3a72650c76@group-86C4A20D7C89-FollowerState] INFO  impl.FollowerState (FollowerState.java:run(152)) - 470e2686-24c9-4e42-bae6-1f3a72650c76@group-86C4A20D7C89-FollowerState was interrupted
2022-12-06 15:44:56,909 [grpc-default-executor-0] INFO  server.RaftServer$Division (RaftServerImpl.java:requestVote(1251)) - 470e2686-24c9-4e42-bae6-1f3a72650c76@group-86C4A20D7C89 replies to ELECTION vote request: 831a834c-0d76-4477-9113-3f6aa01da917<-470e2686-24c9-4e42-bae6-1f3a72650c76#0:FAIL-t2. Peer's state: 470e2686-24c9-4e42-bae6-1f3a72650c76@group-86C4A20D7C89:t2, leader=null, voted=null, raftlog=Memoized:470e2686-24c9-4e42-bae6-1f3a72650c76@group-86C4A20D7C89-SegmentedRaftLog:OPENED:c-1, conf=-1: peers:[470e2686-24c9-4e42-bae6-1f3a72650c76|rpc:10.1.0.110:33297|dataStream:|priority:1|startupRole:FOLLOWER, cc93147f-bc2d-4803-9a7c-bfa6df100165|rpc:10.1.0.110:32927|dataStream:|priority:0|startupRole:FOLLOWER, 831a834c-0d76-4477-9113-3f6aa01da917|rpc:10.1.0.110:38237|dataStream:|priority:0|startupRole:FOLLOWER]|listeners:[], old=null
2022-12-06 15:44:56,910 [831a834c-0d76-4477-9113-3f6aa01da917@group-86C4A20D7C89-LeaderElection23] INFO  impl.LeaderElection (LeaderElection.java:logAndReturn(90)) - 831a834c-0d76-4477-9113-3f6aa01da917@group-86C4A20D7C89-LeaderElection23: ELECTION REJECTED received 2 response(s) and 0 exception(s):
2022-12-06 15:44:56,910 [831a834c-0d76-4477-9113-3f6aa01da917@group-86C4A20D7C89-LeaderElection23] INFO  impl.LeaderElection (LeaderElection.java:logAndReturn(94)) -   Response 0: 831a834c-0d76-4477-9113-3f6aa01da917<-470e2686-24c9-4e42-bae6-1f3a72650c76#0:FAIL-t2
2022-12-06 15:44:56,910 [831a834c-0d76-4477-9113-3f6aa01da917@group-86C4A20D7C89-LeaderElection23] INFO  impl.LeaderElection (LeaderElection.java:logAndReturn(94)) -   Response 1: 831a834c-0d76-4477-9113-3f6aa01da917<-cc93147f-bc2d-4803-9a7c-bfa6df100165#0:OK-t2
2022-12-06 15:44:56,910 [831a834c-0d76-4477-9113-3f6aa01da917@group-86C4A20D7C89-LeaderElection23] INFO  impl.LeaderElection (LeaderElection.java:askForVotes(314)) - 831a834c-0d76-4477-9113-3f6aa01da917@group-86C4A20D7C89-LeaderElection23 ELECTION round 0: result REJECTED
2022-12-06 15:44:56,910 [831a834c-0d76-4477-9113-3f6aa01da917@group-86C4A20D7C89-LeaderElection23] INFO  server.RaftServer$Division (RaftServerImpl.java:setRole(321)) - 831a834c-0d76-4477-9113-3f6aa01da917@group-86C4A20D7C89: changes role from CANDIDATE to FOLLOWER at term 2 for REJECTED
2022-12-06 15:44:56,911 [831a834c-0d76-4477-9113-3f6aa01da917@group-86C4A20D7C89-LeaderElection23] INFO  impl.RoleInfo (RoleInfo.java:shutdownLeaderElection(130)) - 831a834c-0d76-4477-9113-3f6aa01da917: shutdown 831a834c-0d76-4477-9113-3f6aa01da917@group-86C4A20D7C89-LeaderElection23
2022-12-06 15:44:56,911 [831a834c-0d76-4477-9113-3f6aa01da917@group-86C4A20D7C89-LeaderElection23] INFO  impl.RoleInfo (RoleInfo.java:updateAndGet(139)) - 831a834c-0d76-4477-9113-3f6aa01da917: start 831a834c-0d76-4477-9113-3f6aa01da917@group-86C4A20D7C89-FollowerState
2022-12-06 15:44:56,913 [470e2686-24c9-4e42-bae6-1f3a72650c76@group-86C4A20D7C89-FollowerState] INFO  server.RaftServerConfigKeys (ConfUtils.java:logFallback(53)) - raft.server.rpc.first-election.timeout.min = 5s (fallback to raft.server.rpc.timeout.min)
2022-12-06 15:44:56,913 [470e2686-24c9-4e42-bae6-1f3a72650c76@group-86C4A20D7C89-FollowerState] INFO  server.RaftServerConfigKeys (ConfUtils.java:logFallback(53)) - raft.server.rpc.first-election.timeout.max = 5200ms (fallback to raft.server.rpc.timeout.max)
2022-12-06 15:44:56,914 [831a834c-0d76-4477-9113-3f6aa01da917@group-86C4A20D7C89-FollowerState] INFO  server.RaftServerConfigKeys (ConfUtils.java:logFallback(53)) - raft.server.rpc.first-election.timeout.min = 5s (fallback to raft.server.rpc.timeout.min)
2022-12-06 15:44:56,914 [831a834c-0d76-4477-9113-3f6aa01da917@group-86C4A20D7C89-FollowerState] INFO  server.RaftServerConfigKeys (ConfUtils.java:logFallback(53)) - raft.server.rpc.first-election.timeout.max = 5200ms (fallback to raft.server.rpc.timeout.max)
2022-12-06 15:44:56,942 [IPC Server handler 2 on default port 45237] INFO  pipeline.PipelineStateManagerImpl (PipelineStateManagerImpl.java:addPipeline(103)) - Created pipeline Pipeline[ Id: 055b8b7a-8017-4d3f-a0d0-bb677440d3b3, Nodes: b0993b33-1422-4b90-a478-b8a2894a7eaa{ip: 10.1.0.110, host: fv-az133-40.ac31hddj4phu5ocom5smqd4hkf.cx.internal.cloudapp.net, ports: [REPLICATION=44271, RATIS=42755, RATIS_ADMIN=42755, RATIS_SERVER=42755, STANDALONE=38575], networkLocation: /default-rack, certSerialId: null, persistedOpState: null, persistedOpStateExpiryEpochSec: 0}cc93147f-bc2d-4803-9a7c-bfa6df100165{ip: 10.1.0.110, host: fv-az133-40.ac31hddj4phu5ocom5smqd4hkf.cx.internal.cloudapp.net, ports: [REPLICATION=44167, RATIS=32927, RATIS_ADMIN=32927, RATIS_SERVER=32927, STANDALONE=46525], networkLocation: /default-rack, certSerialId: null, persistedOpState: null, persistedOpStateExpiryEpochSec: 0}831a834c-0d76-4477-9113-3f6aa01da917{ip: 10.1.0.110, host: fv-az133-40.ac31hddj4phu5ocom5smqd4hkf.cx.internal.cloudapp.net, ports: [REPLICATION=35421, RATIS=38237, RATIS_ADMIN=38237, RATIS_SERVER=38237, STANDALONE=40149], networkLocation: /default-rack, certSerialId: null, persistedOpState: null, persistedOpStateExpiryEpochSec: 0}470e2686-24c9-4e42-bae6-1f3a72650c76{ip: 10.1.0.110, host: fv-az133-40.ac31hddj4phu5ocom5smqd4hkf.cx.internal.cloudapp.net, ports: [REPLICATION=41209, RATIS=33297, RATIS_ADMIN=33297, RATIS_SERVER=33297, STANDALONE=42791], networkLocation: /default-rack, certSerialId: null, persistedOpState: null, persistedOpStateExpiryEpochSec: 0}2497daeb-967d-49ad-8f28-1297e8c4c732{ip: 10.1.0.110, host: fv-az133-40.ac31hddj4phu5ocom5smqd4hkf.cx.internal.cloudapp.net, ports: [REPLICATION=46249, RATIS=46387, RATIS_ADMIN=46387, RATIS_SERVER=46387, STANDALONE=33911], networkLocation: /default-rack, certSerialId: null, persistedOpState: null, persistedOpStateExpiryEpochSec: 0}, ReplicationConfig: EC/ECReplicationConfig{data=3, parity=2, ecChunkSize=1024, codec=rs}, State:ALLOCATED, leaderId:, CreationTimestamp2022-12-06T15:44:56.941Z[Etc/UTC]].
2022-12-06 15:44:56,944 [IPC Server handler 2 on default port 45237] INFO  ha.SequenceIdGenerator (SequenceIdGenerator.java:getNextId(128)) - Allocate a batch for containerId, change lastId from 0 to 1000.
2022-12-06 15:44:56,955 [IPC Server handler 2 on default port 45237] INFO  pipeline.PipelineManagerImpl (PipelineManagerImpl.java:openPipeline(367)) - Pipeline Pipeline[ Id: 055b8b7a-8017-4d3f-a0d0-bb677440d3b3, Nodes: b0993b33-1422-4b90-a478-b8a2894a7eaa{ip: 10.1.0.110, host: fv-az133-40.ac31hddj4phu5ocom5smqd4hkf.cx.internal.cloudapp.net, ports: [REPLICATION=44271, RATIS=42755, RATIS_ADMIN=42755, RATIS_SERVER=42755, STANDALONE=38575], networkLocation: /default-rack, certSerialId: null, persistedOpState: null, persistedOpStateExpiryEpochSec: 0}cc93147f-bc2d-4803-9a7c-bfa6df100165{ip: 10.1.0.110, host: fv-az133-40.ac31hddj4phu5ocom5smqd4hkf.cx.internal.cloudapp.net, ports: [REPLICATION=44167, RATIS=32927, RATIS_ADMIN=32927, RATIS_SERVER=32927, STANDALONE=46525], networkLocation: /default-rack, certSerialId: null, persistedOpState: null, persistedOpStateExpiryEpochSec: 0}831a834c-0d76-4477-9113-3f6aa01da917{ip: 10.1.0.110, host: fv-az133-40.ac31hddj4phu5ocom5smqd4hkf.cx.internal.cloudapp.net, ports: [REPLICATION=35421, RATIS=38237, RATIS_ADMIN=38237, RATIS_SERVER=38237, STANDALONE=40149], networkLocation: /default-rack, certSerialId: null, persistedOpState: null, persistedOpStateExpiryEpochSec: 0}470e2686-24c9-4e42-bae6-1f3a72650c76{ip: 10.1.0.110, host: fv-az133-40.ac31hddj4phu5ocom5smqd4hkf.cx.internal.cloudapp.net, ports: [REPLICATION=41209, RATIS=33297, RATIS_ADMIN=33297, RATIS_SERVER=33297, STANDALONE=42791], networkLocation: /default-rack, certSerialId: null, persistedOpState: null, persistedOpStateExpiryEpochSec: 0}2497daeb-967d-49ad-8f28-1297e8c4c732{ip: 10.1.0.110, host: fv-az133-40.ac31hddj4phu5ocom5smqd4hkf.cx.internal.cloudapp.net, ports: [REPLICATION=46249, RATIS=46387, RATIS_ADMIN=46387, RATIS_SERVER=46387, STANDALONE=33911], networkLocation: /default-rack, certSerialId: null, persistedOpState: null, persistedOpStateExpiryEpochSec: 0}, ReplicationConfig: EC/ECReplicationConfig{data=3, parity=2, ecChunkSize=1024, codec=rs}, State:ALLOCATED, leaderId:, CreationTimestamp2022-12-06T15:44:56.941Z[Etc/UTC]] moved to OPEN state
2022-12-06 15:44:56,955 [IPC Server handler 2 on default port 45237] WARN  ha.SequenceIdGenerator (SequenceIdGenerator.java:allocateBatch(237)) - Failed to allocate a batch for localId, expected lastId is 0, actual lastId is 109611004723200000.
2022-12-06 15:44:56,956 [IPC Server handler 2 on default port 45237] INFO  ha.SequenceIdGenerator (SequenceIdGenerator.java:getNextId(128)) - Allocate a batch for localId, change lastId from 109611004723200000 to 109611004723201000.
2022-12-06 15:44:57,044 [Listener at 127.0.0.1/44149] WARN  erasurecode.ErasureCodeNative (ErasureCodeNative.java:<clinit>(55)) - ISA-L support is not available in your platform... using builtin-java codec where applicable
2022-12-06 15:44:57,166 [pool-358-thread-1] INFO  impl.MetricsSystemImpl (MetricsSystemImpl.java:init(158)) - XceiverClientMetrics metrics system started (again)
2022-12-06 15:44:57,326 [EventQueue-CommandQueueReportForCommandQueueReportHandler] WARN  events.EventQueue (EventQueue.java:fireEvent(216)) - No event handler registered for event TypedEvent{payloadType=DatanodeDetails, name='Datanode_Command_Queue_Updated'}
2022-12-06 15:44:57,328 [EventQueue-CommandQueueReportForCommandQueueReportHandler] WARN  events.EventQueue (EventQueue.java:fireEvent(216)) - No event handler registered for event TypedEvent{payloadType=DatanodeDetails, name='Datanode_Command_Queue_Updated'}
2022-12-06 15:44:57,328 [EventQueue-CommandQueueReportForCommandQueueReportHandler] WARN  events.EventQueue (EventQueue.java:fireEvent(216)) - No event handler registered for event TypedEvent{payloadType=DatanodeDetails, name='Datanode_Command_Queue_Updated'}
2022-12-06 15:44:57,331 [EventQueue-CommandQueueReportForCommandQueueReportHandler] WARN  events.EventQueue (EventQueue.java:fireEvent(216)) - No event handler registered for event TypedEvent{payloadType=DatanodeDetails, name='Datanode_Command_Queue_Updated'}
2022-12-06 15:44:57,331 [EventQueue-CommandQueueReportForCommandQueueReportHandler] WARN  events.EventQueue (EventQueue.java:fireEvent(216)) - No event handler registered for event TypedEvent{payloadType=DatanodeDetails, name='Datanode_Command_Queue_Updated'}
2022-12-06 15:44:57,486 [Listener at 127.0.0.1/44149] INFO  ozoneimpl.OzoneContainer (OzoneContainer.java:stop(417)) - Attempting to stop container services.
2022-12-06 15:44:57,497 [Listener at 127.0.0.1/44149] INFO  server.RaftServer (RaftServerProxy.java:lambda$close$6(409)) - b0993b33-1422-4b90-a478-b8a2894a7eaa: close
2022-12-06 15:44:57,497 [b0993b33-1422-4b90-a478-b8a2894a7eaa-impl-thread1] INFO  server.RaftServer$Division (RaftServerImpl.java:lambda$close$4(458)) - b0993b33-1422-4b90-a478-b8a2894a7eaa@group-6B60A7C996DB: shutdown
2022-12-06 15:44:57,498 [b0993b33-1422-4b90-a478-b8a2894a7eaa-impl-thread1] INFO  util.JmxRegister (JmxRegister.java:unregister(73)) - Successfully un-registered JMX Bean with object name Ratis:service=RaftServer,group=group-6B60A7C996DB,id=b0993b33-1422-4b90-a478-b8a2894a7eaa
2022-12-06 15:44:57,498 [b0993b33-1422-4b90-a478-b8a2894a7eaa-impl-thread1] INFO  impl.RoleInfo (RoleInfo.java:shutdownFollowerState(110)) - b0993b33-1422-4b90-a478-b8a2894a7eaa: shutdown b0993b33-1422-4b90-a478-b8a2894a7eaa@group-6B60A7C996DB-FollowerState
2022-12-06 15:44:57,498 [b0993b33-1422-4b90-a478-b8a2894a7eaa-impl-thread1] INFO  impl.StateMachineUpdater (StateMachineUpdater.java:stopAndJoin(153)) - b0993b33-1422-4b90-a478-b8a2894a7eaa@group-6B60A7C996DB-StateMachineUpdater: set stopIndex = -1
2022-12-06 15:44:57,498 [b0993b33-1422-4b90-a478-b8a2894a7eaa@group-6B60A7C996DB-FollowerState] INFO  impl.FollowerState (FollowerState.java:run(152)) - b0993b33-1422-4b90-a478-b8a2894a7eaa@group-6B60A7C996DB-FollowerState was interrupted
2022-12-06 15:44:57,499 [b0993b33-1422-4b90-a478-b8a2894a7eaa-impl-thread1] INFO  server.RaftServer$Division (ServerState.java:close(466)) - b0993b33-1422-4b90-a478-b8a2894a7eaa@group-6B60A7C996DB: closes. applyIndex: -1
2022-12-06 15:44:57,500 [b0993b33-1422-4b90-a478-b8a2894a7eaa@group-6B60A7C996DB-SegmentedRaftLogWorker] INFO  segmented.SegmentedRaftLogWorker (SegmentedRaftLogWorker.java:run(347)) - b0993b33-1422-4b90-a478-b8a2894a7eaa@group-6B60A7C996DB-SegmentedRaftLogWorker was interrupted, exiting. There are 0 tasks remaining in the queue.
2022-12-06 15:44:57,500 [b0993b33-1422-4b90-a478-b8a2894a7eaa-impl-thread1] INFO  segmented.SegmentedRaftLogWorker (SegmentedRaftLogWorker.java:close(257)) - b0993b33-1422-4b90-a478-b8a2894a7eaa@group-6B60A7C996DB-SegmentedRaftLogWorker close()
2022-12-06 15:44:57,503 [b0993b33-1422-4b90-a478-b8a2894a7eaa-impl-thread1] INFO  server.RaftServer$Division (RaftServerImpl.java:lambda$close$4(458)) - b0993b33-1422-4b90-a478-b8a2894a7eaa@group-E6EF3BE0CB72: shutdown
2022-12-06 15:44:57,503 [b0993b33-1422-4b90-a478-b8a2894a7eaa-impl-thread1] INFO  util.JmxRegister (JmxRegister.java:unregister(73)) - Successfully un-registered JMX Bean with object name Ratis:service=RaftServer,group=group-E6EF3BE0CB72,id=b0993b33-1422-4b90-a478-b8a2894a7eaa
2022-12-06 15:44:57,503 [b0993b33-1422-4b90-a478-b8a2894a7eaa-impl-thread1] INFO  impl.RoleInfo (RoleInfo.java:shutdownLeaderState(93)) - b0993b33-1422-4b90-a478-b8a2894a7eaa: shutdown b0993b33-1422-4b90-a478-b8a2894a7eaa@group-E6EF3BE0CB72-LeaderStateImpl
2022-12-06 15:44:57,504 [b0993b33-1422-4b90-a478-b8a2894a7eaa@group-E6EF3BE0CB72->4ef44404-e624-4c50-bb49-8deedaf9742c-GrpcLogAppender-LogAppenderDaemon] WARN  server.GrpcLogAppender (GrpcLogAppender.java:mayWait(200)) - b0993b33-1422-4b90-a478-b8a2894a7eaa@group-E6EF3BE0CB72->4ef44404-e624-4c50-bb49-8deedaf9742c-GrpcLogAppender: Wait interrupted by java.lang.InterruptedException
2022-12-06 15:44:57,504 [b0993b33-1422-4b90-a478-b8a2894a7eaa-impl-thread1] INFO  impl.PendingRequests (PendingRequests.java:sendNotLeaderResponses(282)) - b0993b33-1422-4b90-a478-b8a2894a7eaa@group-E6EF3BE0CB72-PendingRequests: sendNotLeaderResponses
2022-12-06 15:44:57,505 [b0993b33-1422-4b90-a478-b8a2894a7eaa-impl-thread1] INFO  impl.StateMachineUpdater (StateMachineUpdater.java:stopAndJoin(153)) - b0993b33-1422-4b90-a478-b8a2894a7eaa@group-E6EF3BE0CB72-StateMachineUpdater: set stopIndex = 0
2022-12-06 15:44:57,505 [b0993b33-1422-4b90-a478-b8a2894a7eaa@group-E6EF3BE0CB72->0587405b-2ffa-4132-824d-547ca09f0e52-GrpcLogAppender-LogAppenderDaemon] WARN  server.GrpcLogAppender (GrpcLogAppender.java:mayWait(200)) - b0993b33-1422-4b90-a478-b8a2894a7eaa@group-E6EF3BE0CB72->0587405b-2ffa-4132-824d-547ca09f0e52-GrpcLogAppender: Wait interrupted by java.lang.InterruptedException
2022-12-06 15:44:57,510 [grpc-default-executor-2] INFO  server.GrpcServerProtocolService (GrpcServerProtocolService.java:onCompleted(143)) - 0587405b-2ffa-4132-824d-547ca09f0e52: Completed APPEND_ENTRIES, lastRequest: null
2022-12-06 15:44:57,511 [Listener at 127.0.0.1/44149] INFO  server.GrpcService (GrpcService.java:closeImpl(271)) - b0993b33-1422-4b90-a478-b8a2894a7eaa: shutdown server GrpcServerProtocolService now
2022-12-06 15:44:57,513 [Listener at 127.0.0.1/44149] INFO  server.GrpcServerProtocolClient (GrpcServerProtocolClient.java:close(101)) - 4ef44404-e624-4c50-bb49-8deedaf9742c Close channels
2022-12-06 15:44:57,514 [b0993b33-1422-4b90-a478-b8a2894a7eaa@group-E6EF3BE0CB72-StateMachineUpdater] INFO  ratis.ContainerStateMachine (ContainerStateMachine.java:takeSnapshot(304)) - group-E6EF3BE0CB72: Taking a snapshot at:(t:2, i:0) file /home/runner/work/ozone/ozone/hadoop-ozone/integration-test/target/test-dir/MiniOzoneClusterImpl-dce15e54-dc76-4f82-a75a-fd2a8a22e08e/datanode-2/data/ratis/f835e2b8-2c94-4d28-b8f1-e6ef3be0cb72/sm/snapshot.2_0
2022-12-06 15:44:57,518 [EventQueue-CommandQueueReportForCommandQueueReportHandler] WARN  events.EventQueue (EventQueue.java:fireEvent(216)) - No event handler registered for event TypedEvent{payloadType=DatanodeDetails, name='Datanode_Command_Queue_Updated'}
2022-12-06 15:44:57,517 [grpc-default-executor-1] INFO  server.GrpcServerProtocolService (GrpcServerProtocolService.java:onCompleted(143)) - 4ef44404-e624-4c50-bb49-8deedaf9742c: Completed APPEND_ENTRIES, lastRequest: null
2022-12-06 15:44:57,521 [grpc-default-executor-0] INFO  server.GrpcServerProtocolService (GrpcServerProtocolService.java:onCompleted(143)) - 0587405b-2ffa-4132-824d-547ca09f0e52: Completed APPEND_ENTRIES, lastRequest: b0993b33-1422-4b90-a478-b8a2894a7eaa->0587405b-2ffa-4132-824d-547ca09f0e52#1-t2,previous=(t:0, i:0),leaderCommit=0,initializing? true,entries: size=1, first=(t:2, i:0), CONFIGURATIONENTRY(current:id: "b0993b33-1422-4b90-a478-b8a2894a7eaa"
address: "10.1.0.110:42755"
priority: 1
clientAddress: "10.1.0.110:42755"
adminAddress: "10.1.0.110:42755"
startupRole: FOLLOWER
,id: "4ef44404-e624-4c50-bb49-8deedaf9742c"
address: "10.1.0.110:46141"
clientAddress: "10.1.0.110:46141"
adminAddress: "10.1.0.110:46141"
startupRole: FOLLOWER
,id: "0587405b-2ffa-4132-824d-547ca09f0e52"
address: "10.1.0.110:38421"
clientAddress: "10.1.0.110:38421"
adminAddress: "10.1.0.110:38421"
startupRole: FOLLOWER
, old:)
2022-12-06 15:44:57,522 [grpc-default-executor-5] INFO  server.GrpcServerProtocolService (GrpcServerProtocolService.java:onCompleted(143)) - 4ef44404-e624-4c50-bb49-8deedaf9742c: Completed APPEND_ENTRIES, lastRequest: b0993b33-1422-4b90-a478-b8a2894a7eaa->4ef44404-e624-4c50-bb49-8deedaf9742c#1-t2,previous=(t:0, i:0),leaderCommit=0,initializing? true,entries: size=1, first=(t:2, i:0), CONFIGURATIONENTRY(current:id: "b0993b33-1422-4b90-a478-b8a2894a7eaa"
address: "10.1.0.110:42755"
priority: 1
clientAddress: "10.1.0.110:42755"
adminAddress: "10.1.0.110:42755"
startupRole: FOLLOWER
,id: "4ef44404-e624-4c50-bb49-8deedaf9742c"
address: "10.1.0.110:46141"
clientAddress: "10.1.0.110:46141"
adminAddress: "10.1.0.110:46141"
startupRole: FOLLOWER
,id: "0587405b-2ffa-4132-824d-547ca09f0e52"
address: "10.1.0.110:38421"
clientAddress: "10.1.0.110:38421"
adminAddress: "10.1.0.110:38421"
startupRole: FOLLOWER
, old:)
2022-12-06 15:44:57,525 [EventQueue-CommandQueueReportForCommandQueueReportHandler] WARN  events.EventQueue (EventQueue.java:fireEvent(216)) - No event handler registered for event TypedEvent{payloadType=DatanodeDetails, name='Datanode_Command_Queue_Updated'}
2022-12-06 15:44:57,525 [b0993b33-1422-4b90-a478-b8a2894a7eaa-impl-thread2] INFO  server.RaftServer$Division (RaftServerImpl.java:lambda$close$4(458)) - b0993b33-1422-4b90-a478-b8a2894a7eaa@group-860DA3541F0F: shutdown
2022-12-06 15:44:57,525 [b0993b33-1422-4b90-a478-b8a2894a7eaa-impl-thread2] INFO  util.JmxRegister (JmxRegister.java:unregister(73)) - Successfully un-registered JMX Bean with object name Ratis:service=RaftServer,group=group-860DA3541F0F,id=b0993b33-1422-4b90-a478-b8a2894a7eaa
2022-12-06 15:44:57,525 [b0993b33-1422-4b90-a478-b8a2894a7eaa-impl-thread2] INFO  impl.RoleInfo (RoleInfo.java:shutdownLeaderState(93)) - b0993b33-1422-4b90-a478-b8a2894a7eaa: shutdown b0993b33-1422-4b90-a478-b8a2894a7eaa@group-860DA3541F0F-LeaderStateImpl
2022-12-06 15:44:57,528 [grpc-default-executor-1] INFO  server.GrpcLogAppender (GrpcLogAppender.java:onCompleted(415)) - b0993b33-1422-4b90-a478-b8a2894a7eaa@group-E6EF3BE0CB72->4ef44404-e624-4c50-bb49-8deedaf9742c-AppendLogResponseHandler: follower responses appendEntries COMPLETED
2022-12-06 15:44:57,525 [b0993b33-1422-4b90-a478-b8a2894a7eaa-impl-thread2] INFO  impl.PendingRequests (PendingRequests.java:sendNotLeaderResponses(282)) - b0993b33-1422-4b90-a478-b8a2894a7eaa@group-860DA3541F0F-PendingRequests: sendNotLeaderResponses
2022-12-06 15:44:57,535 [grpc-default-executor-4] INFO  server.GrpcLogAppender (GrpcLogAppender.java:onCompleted(415)) - b0993b33-1422-4b90-a478-b8a2894a7eaa@group-E6EF3BE0CB72->4ef44404-e624-4c50-bb49-8deedaf9742c-AppendLogResponseHandler: follower responses appendEntries COMPLETED
2022-12-06 15:44:57,535 [grpc-default-executor-4] WARN  server.GrpcLogAppender (GrpcLogAppender.java:resetClient(137)) - b0993b33-1422-4b90-a478-b8a2894a7eaa@group-E6EF3BE0CB72->4ef44404-e624-4c50-bb49-8deedaf9742c-GrpcLogAppender: Failed to getClient for 4ef44404-e624-4c50-bb49-8deedaf9742c
org.apache.ratis.protocol.exceptions.AlreadyClosedException: b0993b33-1422-4b90-a478-b8a2894a7eaa is already CLOSED
	at org.apache.ratis.util.PeerProxyMap$PeerAndProxy.getProxy(PeerProxyMap.java:61)
	at org.apache.ratis.util.PeerProxyMap.getProxy(PeerProxyMap.java:115)
	at org.apache.ratis.grpc.server.GrpcLogAppender.getClient(GrpcLogAppender.java:116)
	at org.apache.ratis.grpc.server.GrpcLogAppender.resetClient(GrpcLogAppender.java:121)
	at org.apache.ratis.grpc.server.GrpcLogAppender.access$500(GrpcLogAppender.java:58)
	at org.apache.ratis.grpc.server.GrpcLogAppender$AppendLogResponseHandler.onCompleted(GrpcLogAppender.java:416)
	at org.apache.ratis.thirdparty.io.grpc.stub.ClientCalls$StreamObserverToCallListenerAdapter.onClose(ClientCalls.java:485)
	at org.apache.ratis.thirdparty.io.grpc.internal.ClientCallImpl.closeObserver(ClientCallImpl.java:562)
	at org.apache.ratis.thirdparty.io.grpc.internal.ClientCallImpl.access$300(ClientCallImpl.java:70)
	at org.apache.ratis.thirdparty.io.grpc.internal.ClientCallImpl$ClientStreamListenerImpl$1StreamClosed.runInternal(ClientCallImpl.java:743)
	at org.apache.ratis.thirdparty.io.grpc.internal.ClientCallImpl$ClientStreamListenerImpl$1StreamClosed.runInContext(ClientCallImpl.java:722)
	at org.apache.ratis.thirdparty.io.grpc.internal.ContextRunnable.run(ContextRunnable.java:37)
	at org.apache.ratis.thirdparty.io.grpc.internal.SerializingExecutor.run(SerializingExecutor.java:133)
	at java.util.concurrent.ThreadPoolExecutor.runWorker(ThreadPoolExecutor.java:1149)
	at java.util.concurrent.ThreadPoolExecutor$Worker.run(ThreadPoolExecutor.java:624)
	at java.lang.Thread.run(Thread.java:750)
2022-12-06 15:44:57,534 [grpc-default-executor-2] INFO  server.GrpcLogAppender (GrpcLogAppender.java:onCompleted(415)) - b0993b33-1422-4b90-a478-b8a2894a7eaa@group-E6EF3BE0CB72->0587405b-2ffa-4132-824d-547ca09f0e52-AppendLogResponseHandler: follower responses appendEntries COMPLETED
2022-12-06 15:44:57,545 [grpc-default-executor-2] WARN  server.GrpcLogAppender (GrpcLogAppender.java:resetClient(137)) - b0993b33-1422-4b90-a478-b8a2894a7eaa@group-E6EF3BE0CB72->0587405b-2ffa-4132-824d-547ca09f0e52-GrpcLogAppender: Failed to getClient for 0587405b-2ffa-4132-824d-547ca09f0e52
org.apache.ratis.protocol.exceptions.AlreadyClosedException: b0993b33-1422-4b90-a478-b8a2894a7eaa is already CLOSED
	at org.apache.ratis.util.PeerProxyMap$PeerAndProxy.getProxy(PeerProxyMap.java:61)
	at org.apache.ratis.util.PeerProxyMap.getProxy(PeerProxyMap.java:115)
	at org.apache.ratis.grpc.server.GrpcLogAppender.getClient(GrpcLogAppender.java:116)
	at org.apache.ratis.grpc.server.GrpcLogAppender.resetClient(GrpcLogAppender.java:121)
	at org.apache.ratis.grpc.server.GrpcLogAppender.access$500(GrpcLogAppender.java:58)
	at org.apache.ratis.grpc.server.GrpcLogAppender$AppendLogResponseHandler.onCompleted(GrpcLogAppender.java:416)
	at org.apache.ratis.thirdparty.io.grpc.stub.ClientCalls$StreamObserverToCallListenerAdapter.onClose(ClientCalls.java:485)
	at org.apache.ratis.thirdparty.io.grpc.internal.ClientCallImpl.closeObserver(ClientCallImpl.java:562)
	at org.apache.ratis.thirdparty.io.grpc.internal.ClientCallImpl.access$300(ClientCallImpl.java:70)
	at org.apache.ratis.thirdparty.io.grpc.internal.ClientCallImpl$ClientStreamListenerImpl$1StreamClosed.runInternal(ClientCallImpl.java:743)
	at org.apache.ratis.thirdparty.io.grpc.internal.ClientCallImpl$ClientStreamListenerImpl$1StreamClosed.runInContext(ClientCallImpl.java:722)
	at org.apache.ratis.thirdparty.io.grpc.internal.ContextRunnable.run(ContextRunnable.java:37)
	at org.apache.ratis.thirdparty.io.grpc.internal.SerializingExecutor.run(SerializingExecutor.java:133)
	at java.util.concurrent.ThreadPoolExecutor.runWorker(ThreadPoolExecutor.java:1149)
	at java.util.concurrent.ThreadPoolExecutor$Worker.run(ThreadPoolExecutor.java:624)
	at java.lang.Thread.run(Thread.java:750)
2022-12-06 15:44:57,531 [grpc-default-executor-1] WARN  server.GrpcLogAppender (GrpcLogAppender.java:resetClient(137)) - b0993b33-1422-4b90-a478-b8a2894a7eaa@group-E6EF3BE0CB72->4ef44404-e624-4c50-bb49-8deedaf9742c-GrpcLogAppender: Failed to getClient for 4ef44404-e624-4c50-bb49-8deedaf9742c
org.apache.ratis.protocol.exceptions.AlreadyClosedException: b0993b33-1422-4b90-a478-b8a2894a7eaa is already CLOSED
	at org.apache.ratis.util.PeerProxyMap$PeerAndProxy.getProxy(PeerProxyMap.java:61)
	at org.apache.ratis.util.PeerProxyMap.getProxy(PeerProxyMap.java:115)
	at org.apache.ratis.grpc.server.GrpcLogAppender.getClient(GrpcLogAppender.java:116)
	at org.apache.ratis.grpc.server.GrpcLogAppender.resetClient(GrpcLogAppender.java:121)
	at org.apache.ratis.grpc.server.GrpcLogAppender.access$500(GrpcLogAppender.java:58)
	at org.apache.ratis.grpc.server.GrpcLogAppender$AppendLogResponseHandler.onCompleted(GrpcLogAppender.java:416)
	at org.apache.ratis.thirdparty.io.grpc.stub.ClientCalls$StreamObserverToCallListenerAdapter.onClose(ClientCalls.java:485)
	at org.apache.ratis.thirdparty.io.grpc.internal.ClientCallImpl.closeObserver(ClientCallImpl.java:562)
	at org.apache.ratis.thirdparty.io.grpc.internal.ClientCallImpl.access$300(ClientCallImpl.java:70)
	at org.apache.ratis.thirdparty.io.grpc.internal.ClientCallImpl$ClientStreamListenerImpl$1StreamClosed.runInternal(ClientCallImpl.java:743)
	at org.apache.ratis.thirdparty.io.grpc.internal.ClientCallImpl$ClientStreamListenerImpl$1StreamClosed.runInContext(ClientCallImpl.java:722)
	at org.apache.ratis.thirdparty.io.grpc.internal.ContextRunnable.run(ContextRunnable.java:37)
	at org.apache.ratis.thirdparty.io.grpc.internal.SerializingExecutor.run(SerializingExecutor.java:133)
	at java.util.concurrent.ThreadPoolExecutor.runWorker(ThreadPoolExecutor.java:1149)
	at java.util.concurrent.ThreadPoolExecutor$Worker.run(ThreadPoolExecutor.java:624)
	at java.lang.Thread.run(Thread.java:750)
2022-12-06 15:44:57,541 [ForkJoinPool.commonPool-worker-0] INFO  server.GrpcServerProtocolClient (GrpcServerProtocolClient.java:close(101)) - 0587405b-2ffa-4132-824d-547ca09f0e52 Close channels
2022-12-06 15:44:57,535 [b0993b33-1422-4b90-a478-b8a2894a7eaa-impl-thread2] INFO  impl.StateMachineUpdater (StateMachineUpdater.java:stopAndJoin(153)) - b0993b33-1422-4b90-a478-b8a2894a7eaa@group-860DA3541F0F-StateMachineUpdater: set stopIndex = 0
2022-12-06 15:44:57,540 [grpc-default-executor-0] INFO  server.GrpcLogAppender (GrpcLogAppender.java:onCompleted(415)) - b0993b33-1422-4b90-a478-b8a2894a7eaa@group-E6EF3BE0CB72->0587405b-2ffa-4132-824d-547ca09f0e52-AppendLogResponseHandler: follower responses appendEntries COMPLETED
2022-12-06 15:44:57,546 [grpc-default-executor-0] WARN  server.GrpcLogAppender (GrpcLogAppender.java:resetClient(137)) - b0993b33-1422-4b90-a478-b8a2894a7eaa@group-E6EF3BE0CB72->0587405b-2ffa-4132-824d-547ca09f0e52-GrpcLogAppender: Failed to getClient for 0587405b-2ffa-4132-824d-547ca09f0e52
org.apache.ratis.protocol.exceptions.AlreadyClosedException: b0993b33-1422-4b90-a478-b8a2894a7eaa is already CLOSED
	at org.apache.ratis.util.PeerProxyMap$PeerAndProxy.getProxy(PeerProxyMap.java:61)
	at org.apache.ratis.util.PeerProxyMap.getProxy(PeerProxyMap.java:115)
	at org.apache.ratis.grpc.server.GrpcLogAppender.getClient(GrpcLogAppender.java:116)
	at org.apache.ratis.grpc.server.GrpcLogAppender.resetClient(GrpcLogAppender.java:121)
	at org.apache.ratis.grpc.server.GrpcLogAppender.access$500(GrpcLogAppender.java:58)
	at org.apache.ratis.grpc.server.GrpcLogAppender$AppendLogResponseHandler.onCompleted(GrpcLogAppender.java:416)
	at org.apache.ratis.thirdparty.io.grpc.stub.ClientCalls$StreamObserverToCallListenerAdapter.onClose(ClientCalls.java:485)
	at org.apache.ratis.thirdparty.io.grpc.internal.ClientCallImpl.closeObserver(ClientCallImpl.java:562)
	at org.apache.ratis.thirdparty.io.grpc.internal.ClientCallImpl.access$300(ClientCallImpl.java:70)
	at org.apache.ratis.thirdparty.io.grpc.internal.ClientCallImpl$ClientStreamListenerImpl$1StreamClosed.runInternal(ClientCallImpl.java:743)
	at org.apache.ratis.thirdparty.io.grpc.internal.ClientCallImpl$ClientStreamListenerImpl$1StreamClosed.runInContext(ClientCallImpl.java:722)
	at org.apache.ratis.thirdparty.io.grpc.internal.ContextRunnable.run(ContextRunnable.java:37)
	at org.apache.ratis.thirdparty.io.grpc.internal.SerializingExecutor.run(SerializingExecutor.java:133)
	at java.util.concurrent.ThreadPoolExecutor.runWorker(ThreadPoolExecutor.java:1149)
	at java.util.concurrent.ThreadPoolExecutor$Worker.run(ThreadPoolExecutor.java:624)
	at java.lang.Thread.run(Thread.java:750)
2022-12-06 15:44:57,535 [b0993b33-1422-4b90-a478-b8a2894a7eaa@group-860DA3541F0F-StateMachineUpdater] INFO  ratis.ContainerStateMachine (ContainerStateMachine.java:takeSnapshot(304)) - group-860DA3541F0F: Taking a snapshot at:(t:1, i:0) file /home/runner/work/ozone/ozone/hadoop-ozone/integration-test/target/test-dir/MiniOzoneClusterImpl-dce15e54-dc76-4f82-a75a-fd2a8a22e08e/datanode-2/data/ratis/bf923e71-20ae-46e3-a36e-860da3541f0f/sm/snapshot.1_0
2022-12-06 15:44:57,556 [Listener at 127.0.0.1/44149] INFO  server.GrpcService (GrpcService.java:closeImpl(280)) - b0993b33-1422-4b90-a478-b8a2894a7eaa: shutdown server GrpcServerProtocolService successfully
2022-12-06 15:44:57,590 [b0993b33-1422-4b90-a478-b8a2894a7eaa@group-860DA3541F0F-StateMachineUpdater] INFO  ratis.ContainerStateMachine (ContainerStateMachine.java:takeSnapshot(315)) - group-860DA3541F0F: Finished taking a snapshot at:(t:1, i:0) file:/home/runner/work/ozone/ozone/hadoop-ozone/integration-test/target/test-dir/MiniOzoneClusterImpl-dce15e54-dc76-4f82-a75a-fd2a8a22e08e/datanode-2/data/ratis/bf923e71-20ae-46e3-a36e-860da3541f0f/sm/snapshot.1_0 took: 54 ms
2022-12-06 15:44:57,590 [b0993b33-1422-4b90-a478-b8a2894a7eaa@group-E6EF3BE0CB72-StateMachineUpdater] INFO  ratis.ContainerStateMachine (ContainerStateMachine.java:takeSnapshot(315)) - group-E6EF3BE0CB72: Finished taking a snapshot at:(t:2, i:0) file:/home/runner/work/ozone/ozone/hadoop-ozone/integration-test/target/test-dir/MiniOzoneClusterImpl-dce15e54-dc76-4f82-a75a-fd2a8a22e08e/datanode-2/data/ratis/f835e2b8-2c94-4d28-b8f1-e6ef3be0cb72/sm/snapshot.2_0 took: 76 ms
2022-12-06 15:44:57,592 [b0993b33-1422-4b90-a478-b8a2894a7eaa@group-860DA3541F0F-StateMachineUpdater] INFO  impl.StateMachineUpdater (StateMachineUpdater.java:takeSnapshot(287)) - b0993b33-1422-4b90-a478-b8a2894a7eaa@group-860DA3541F0F-StateMachineUpdater: Took a snapshot at index 0
2022-12-06 15:44:57,592 [b0993b33-1422-4b90-a478-b8a2894a7eaa@group-860DA3541F0F-StateMachineUpdater] INFO  impl.StateMachineUpdater (StateMachineUpdater.java:lambda$new$0(92)) - b0993b33-1422-4b90-a478-b8a2894a7eaa@group-860DA3541F0F-StateMachineUpdater: snapshotIndex: updateIncreasingly -1 -> 0
2022-12-06 15:44:57,593 [b0993b33-1422-4b90-a478-b8a2894a7eaa@group-E6EF3BE0CB72-StateMachineUpdater] INFO  impl.StateMachineUpdater (StateMachineUpdater.java:takeSnapshot(287)) - b0993b33-1422-4b90-a478-b8a2894a7eaa@group-E6EF3BE0CB72-StateMachineUpdater: Took a snapshot at index 0
2022-12-06 15:44:57,593 [b0993b33-1422-4b90-a478-b8a2894a7eaa@group-E6EF3BE0CB72-StateMachineUpdater] INFO  impl.StateMachineUpdater (StateMachineUpdater.java:lambda$new$0(92)) - b0993b33-1422-4b90-a478-b8a2894a7eaa@group-E6EF3BE0CB72-StateMachineUpdater: snapshotIndex: updateIncreasingly -1 -> 0
2022-12-06 15:44:57,598 [b0993b33-1422-4b90-a478-b8a2894a7eaa-impl-thread1] INFO  server.RaftServer$Division (ServerState.java:close(466)) - b0993b33-1422-4b90-a478-b8a2894a7eaa@group-E6EF3BE0CB72: closes. applyIndex: 0
2022-12-06 15:44:57,598 [b0993b33-1422-4b90-a478-b8a2894a7eaa-impl-thread2] INFO  server.RaftServer$Division (ServerState.java:close(466)) - b0993b33-1422-4b90-a478-b8a2894a7eaa@group-860DA3541F0F: closes. applyIndex: 0
2022-12-06 15:44:57,598 [b0993b33-1422-4b90-a478-b8a2894a7eaa@group-E6EF3BE0CB72-SegmentedRaftLogWorker] INFO  segmented.SegmentedRaftLogWorker (SegmentedRaftLogWorker.java:run(347)) - b0993b33-1422-4b90-a478-b8a2894a7eaa@group-E6EF3BE0CB72-SegmentedRaftLogWorker was interrupted, exiting. There are 0 tasks remaining in the queue.
2022-12-06 15:44:57,598 [b0993b33-1422-4b90-a478-b8a2894a7eaa@group-860DA3541F0F-SegmentedRaftLogWorker] INFO  segmented.SegmentedRaftLogWorker (SegmentedRaftLogWorker.java:run(347)) - b0993b33-1422-4b90-a478-b8a2894a7eaa@group-860DA3541F0F-SegmentedRaftLogWorker was interrupted, exiting. There are 0 tasks remaining in the queue.
2022-12-06 15:44:57,600 [b0993b33-1422-4b90-a478-b8a2894a7eaa-impl-thread2] INFO  segmented.SegmentedRaftLogWorker (SegmentedRaftLogWorker.java:close(257)) - b0993b33-1422-4b90-a478-b8a2894a7eaa@group-860DA3541F0F-SegmentedRaftLogWorker close()
2022-12-06 15:44:57,601 [b0993b33-1422-4b90-a478-b8a2894a7eaa-impl-thread1] INFO  segmented.SegmentedRaftLogWorker (SegmentedRaftLogWorker.java:close(257)) - b0993b33-1422-4b90-a478-b8a2894a7eaa@group-E6EF3BE0CB72-SegmentedRaftLogWorker close()
2022-12-06 15:44:57,605 [JvmPauseMonitor3] INFO  util.JvmPauseMonitor (JvmPauseMonitor.java:run(111)) - JvmPauseMonitor-b0993b33-1422-4b90-a478-b8a2894a7eaa: Stopped
2022-12-06 15:44:57,632 [EventQueue-CommandQueueReportForCommandQueueReportHandler] WARN  events.EventQueue (EventQueue.java:fireEvent(216)) - No event handler registered for event TypedEvent{payloadType=DatanodeDetails, name='Datanode_Command_Queue_Updated'}
2022-12-06 15:44:57,792 [EventQueue-CommandQueueReportForCommandQueueReportHandler] WARN  events.EventQueue (EventQueue.java:fireEvent(216)) - No event handler registered for event TypedEvent{payloadType=DatanodeDetails, name='Datanode_Command_Queue_Updated'}
2022-12-06 15:44:57,859 [EventQueue-CommandQueueReportForCommandQueueReportHandler] WARN  events.EventQueue (EventQueue.java:fireEvent(216)) - No event handler registered for event TypedEvent{payloadType=DatanodeDetails, name='Datanode_Command_Queue_Updated'}
2022-12-06 15:44:57,924 [7726e7f5-b74c-4e4a-9680-a65a67c105af@group-E388FC27C872-FollowerState] INFO  impl.FollowerState (FollowerState.java:run(143)) - 7726e7f5-b74c-4e4a-9680-a65a67c105af@group-E388FC27C872-FollowerState: change to CANDIDATE, lastRpcElapsedTime:5044566917ns, electionTimeout:5036ms
2022-12-06 15:44:57,924 [7726e7f5-b74c-4e4a-9680-a65a67c105af@group-E388FC27C872-FollowerState] INFO  impl.RoleInfo (RoleInfo.java:shutdownFollowerState(110)) - 7726e7f5-b74c-4e4a-9680-a65a67c105af: shutdown 7726e7f5-b74c-4e4a-9680-a65a67c105af@group-E388FC27C872-FollowerState
2022-12-06 15:44:57,924 [7726e7f5-b74c-4e4a-9680-a65a67c105af@group-E388FC27C872-FollowerState] INFO  server.RaftServer$Division (RaftServerImpl.java:setRole(321)) - 7726e7f5-b74c-4e4a-9680-a65a67c105af@group-E388FC27C872: changes role from  FOLLOWER to CANDIDATE at term 1 for changeToCandidate
2022-12-06 15:44:57,924 [7726e7f5-b74c-4e4a-9680-a65a67c105af@group-E388FC27C872-FollowerState] INFO  server.RaftServerConfigKeys (ConfUtils.java:logGet(46)) - raft.server.leaderelection.pre-vote = false (custom)
2022-12-06 15:44:57,924 [7726e7f5-b74c-4e4a-9680-a65a67c105af@group-E388FC27C872-FollowerState] INFO  impl.RoleInfo (RoleInfo.java:updateAndGet(139)) - 7726e7f5-b74c-4e4a-9680-a65a67c105af: start 7726e7f5-b74c-4e4a-9680-a65a67c105af@group-E388FC27C872-LeaderElection24
2022-12-06 15:44:57,931 [7726e7f5-b74c-4e4a-9680-a65a67c105af@group-E388FC27C872-LeaderElection24] INFO  impl.LeaderElection (LeaderElection.java:askForVotes(312)) - 7726e7f5-b74c-4e4a-9680-a65a67c105af@group-E388FC27C872-LeaderElection24 ELECTION round 0: submit vote requests at term 2 for -1: peers:[2497daeb-967d-49ad-8f28-1297e8c4c732|rpc:10.1.0.110:46387|dataStream:|priority:0|startupRole:FOLLOWER, 7726e7f5-b74c-4e4a-9680-a65a67c105af|rpc:10.1.0.110:44993|dataStream:|priority:1|startupRole:FOLLOWER, 3ddade9d-4289-4127-b7c4-830dd518ff0a|rpc:10.1.0.110:43967|dataStream:|priority:0|startupRole:FOLLOWER]|listeners:[], old=null
2022-12-06 15:44:57,931 [7726e7f5-b74c-4e4a-9680-a65a67c105af@group-E388FC27C872-LeaderElection24] INFO  server.RaftServerConfigKeys (ConfUtils.java:logFallback(53)) - raft.server.rpc.first-election.timeout.min = 5s (fallback to raft.server.rpc.timeout.min)
2022-12-06 15:44:57,931 [7726e7f5-b74c-4e4a-9680-a65a67c105af@group-E388FC27C872-LeaderElection24] INFO  server.RaftServerConfigKeys (ConfUtils.java:logFallback(53)) - raft.server.rpc.first-election.timeout.max = 5200ms (fallback to raft.server.rpc.timeout.max)
2022-12-06 15:44:57,933 [grpc-default-executor-0] INFO  server.RaftServer$Division (RaftServerImpl.java:requestVote(1218)) - 3ddade9d-4289-4127-b7c4-830dd518ff0a@group-E388FC27C872: receive requestVote(ELECTION, 7726e7f5-b74c-4e4a-9680-a65a67c105af, group-E388FC27C872, 2, (t:0, i:0))
2022-12-06 15:44:57,934 [grpc-default-executor-0] INFO  impl.VoteContext (VoteContext.java:log(49)) - 3ddade9d-4289-4127-b7c4-830dd518ff0a@group-E388FC27C872-FOLLOWER: accept ELECTION from 7726e7f5-b74c-4e4a-9680-a65a67c105af: our priority 0 <= candidate's priority 1
2022-12-06 15:44:57,934 [grpc-default-executor-0] INFO  server.RaftServer$Division (RaftServerImpl.java:setRole(321)) - 3ddade9d-4289-4127-b7c4-830dd518ff0a@group-E388FC27C872: changes role from  FOLLOWER to FOLLOWER at term 2 for candidate:7726e7f5-b74c-4e4a-9680-a65a67c105af
2022-12-06 15:44:57,934 [grpc-default-executor-0] INFO  impl.RoleInfo (RoleInfo.java:shutdownFollowerState(110)) - 3ddade9d-4289-4127-b7c4-830dd518ff0a: shutdown 3ddade9d-4289-4127-b7c4-830dd518ff0a@group-E388FC27C872-FollowerState
2022-12-06 15:44:57,934 [grpc-default-executor-0] INFO  impl.RoleInfo (RoleInfo.java:updateAndGet(139)) - 3ddade9d-4289-4127-b7c4-830dd518ff0a: start 3ddade9d-4289-4127-b7c4-830dd518ff0a@group-E388FC27C872-FollowerState
2022-12-06 15:44:57,934 [3ddade9d-4289-4127-b7c4-830dd518ff0a@group-E388FC27C872-FollowerState] INFO  server.RaftServerConfigKeys (ConfUtils.java:logFallback(53)) - raft.server.rpc.first-election.timeout.min = 5s (fallback to raft.server.rpc.timeout.min)
2022-12-06 15:44:57,934 [3ddade9d-4289-4127-b7c4-830dd518ff0a@group-E388FC27C872-FollowerState] INFO  server.RaftServerConfigKeys (ConfUtils.java:logFallback(53)) - raft.server.rpc.first-election.timeout.max = 5200ms (fallback to raft.server.rpc.timeout.max)
2022-12-06 15:44:57,935 [3ddade9d-4289-4127-b7c4-830dd518ff0a@group-E388FC27C872-FollowerState] INFO  impl.FollowerState (FollowerState.java:run(152)) - 3ddade9d-4289-4127-b7c4-830dd518ff0a@group-E388FC27C872-FollowerState was interrupted
2022-12-06 15:44:57,936 [grpc-default-executor-0] INFO  server.RaftServer$Division (RaftServerImpl.java:requestVote(1251)) - 3ddade9d-4289-4127-b7c4-830dd518ff0a@group-E388FC27C872 replies to ELECTION vote request: 7726e7f5-b74c-4e4a-9680-a65a67c105af<-3ddade9d-4289-4127-b7c4-830dd518ff0a#0:OK-t2. Peer's state: 3ddade9d-4289-4127-b7c4-830dd518ff0a@group-E388FC27C872:t2, leader=null, voted=7726e7f5-b74c-4e4a-9680-a65a67c105af, raftlog=Memoized:3ddade9d-4289-4127-b7c4-830dd518ff0a@group-E388FC27C872-SegmentedRaftLog:OPENED:c-1, conf=-1: peers:[2497daeb-967d-49ad-8f28-1297e8c4c732|rpc:10.1.0.110:46387|dataStream:|priority:0|startupRole:FOLLOWER, 7726e7f5-b74c-4e4a-9680-a65a67c105af|rpc:10.1.0.110:44993|dataStream:|priority:1|startupRole:FOLLOWER, 3ddade9d-4289-4127-b7c4-830dd518ff0a|rpc:10.1.0.110:43967|dataStream:|priority:0|startupRole:FOLLOWER]|listeners:[], old=null
2022-12-06 15:44:57,938 [7726e7f5-b74c-4e4a-9680-a65a67c105af@group-E388FC27C872-LeaderElection24] INFO  impl.LeaderElection (LeaderElection.java:logAndReturn(90)) - 7726e7f5-b74c-4e4a-9680-a65a67c105af@group-E388FC27C872-LeaderElection24: ELECTION PASSED received 1 response(s) and 0 exception(s):
2022-12-06 15:44:57,938 [7726e7f5-b74c-4e4a-9680-a65a67c105af@group-E388FC27C872-LeaderElection24] INFO  impl.LeaderElection (LeaderElection.java:logAndReturn(94)) -   Response 0: 7726e7f5-b74c-4e4a-9680-a65a67c105af<-3ddade9d-4289-4127-b7c4-830dd518ff0a#0:OK-t2
2022-12-06 15:44:57,938 [7726e7f5-b74c-4e4a-9680-a65a67c105af@group-E388FC27C872-LeaderElection24] INFO  impl.LeaderElection (LeaderElection.java:askForVotes(314)) - 7726e7f5-b74c-4e4a-9680-a65a67c105af@group-E388FC27C872-LeaderElection24 ELECTION round 0: result PASSED
2022-12-06 15:44:57,938 [7726e7f5-b74c-4e4a-9680-a65a67c105af@group-E388FC27C872-LeaderElection24] INFO  impl.RoleInfo (RoleInfo.java:shutdownLeaderElection(130)) - 7726e7f5-b74c-4e4a-9680-a65a67c105af: shutdown 7726e7f5-b74c-4e4a-9680-a65a67c105af@group-E388FC27C872-LeaderElection24
2022-12-06 15:44:57,938 [7726e7f5-b74c-4e4a-9680-a65a67c105af@group-E388FC27C872-LeaderElection24] INFO  server.RaftServer$Division (RaftServerImpl.java:setRole(321)) - 7726e7f5-b74c-4e4a-9680-a65a67c105af@group-E388FC27C872: changes role from CANDIDATE to LEADER at term 2 for changeToLeader
2022-12-06 15:44:57,938 [7726e7f5-b74c-4e4a-9680-a65a67c105af@group-E388FC27C872-LeaderElection24] INFO  ratis.XceiverServerRatis (XceiverServerRatis.java:handleLeaderChangedNotification(863)) - Leader change notification received for group: group-E388FC27C872 with new leaderId: 7726e7f5-b74c-4e4a-9680-a65a67c105af
2022-12-06 15:44:57,938 [7726e7f5-b74c-4e4a-9680-a65a67c105af@group-E388FC27C872-LeaderElection24] INFO  server.RaftServer$Division (ServerState.java:setLeader(313)) - 7726e7f5-b74c-4e4a-9680-a65a67c105af@group-E388FC27C872: change Leader from null to 7726e7f5-b74c-4e4a-9680-a65a67c105af at term 2 for becomeLeader, leader elected after 10100ms
2022-12-06 15:44:57,938 [7726e7f5-b74c-4e4a-9680-a65a67c105af@group-E388FC27C872-LeaderElection24] INFO  server.RaftServerConfigKeys (ConfUtils.java:logGet(46)) - raft.server.staging.catchup.gap = 1000 (default)
2022-12-06 15:44:57,938 [grpc-default-executor-0] INFO  server.RaftServer$Division (RaftServerImpl.java:requestVote(1218)) - 2497daeb-967d-49ad-8f28-1297e8c4c732@group-E388FC27C872: receive requestVote(ELECTION, 7726e7f5-b74c-4e4a-9680-a65a67c105af, group-E388FC27C872, 2, (t:0, i:0))
2022-12-06 15:44:57,941 [grpc-default-executor-0] INFO  impl.VoteContext (VoteContext.java:log(49)) - 2497daeb-967d-49ad-8f28-1297e8c4c732@group-E388FC27C872-FOLLOWER: accept ELECTION from 7726e7f5-b74c-4e4a-9680-a65a67c105af: our priority 0 <= candidate's priority 1
2022-12-06 15:44:57,941 [grpc-default-executor-0] INFO  server.RaftServer$Division (RaftServerImpl.java:setRole(321)) - 2497daeb-967d-49ad-8f28-1297e8c4c732@group-E388FC27C872: changes role from  FOLLOWER to FOLLOWER at term 2 for candidate:7726e7f5-b74c-4e4a-9680-a65a67c105af
2022-12-06 15:44:57,941 [grpc-default-executor-0] INFO  impl.RoleInfo (RoleInfo.java:shutdownFollowerState(110)) - 2497daeb-967d-49ad-8f28-1297e8c4c732: shutdown 2497daeb-967d-49ad-8f28-1297e8c4c732@group-E388FC27C872-FollowerState
2022-12-06 15:44:57,941 [grpc-default-executor-0] INFO  impl.RoleInfo (RoleInfo.java:updateAndGet(139)) - 2497daeb-967d-49ad-8f28-1297e8c4c732: start 2497daeb-967d-49ad-8f28-1297e8c4c732@group-E388FC27C872-FollowerState
2022-12-06 15:44:57,940 [EventQueue-PipelineReportForPipelineReportHandler] INFO  pipeline.PipelineManagerImpl (PipelineManagerImpl.java:openPipeline(367)) - Pipeline Pipeline[ Id: f848047e-6893-4650-b542-e388fc27c872, Nodes: 7726e7f5-b74c-4e4a-9680-a65a67c105af{ip: 10.1.0.110, host: fv-az133-40.ac31hddj4phu5ocom5smqd4hkf.cx.internal.cloudapp.net, ports: [REPLICATION=39951, RATIS=44993, RATIS_ADMIN=44993, RATIS_SERVER=44993, STANDALONE=45417], networkLocation: /default-rack, certSerialId: null, persistedOpState: IN_SERVICE, persistedOpStateExpiryEpochSec: 0}3ddade9d-4289-4127-b7c4-830dd518ff0a{ip: 10.1.0.110, host: fv-az133-40.ac31hddj4phu5ocom5smqd4hkf.cx.internal.cloudapp.net, ports: [REPLICATION=41857, RATIS=43967, RATIS_ADMIN=43967, RATIS_SERVER=43967, STANDALONE=37631], networkLocation: /default-rack, certSerialId: null, persistedOpState: IN_SERVICE, persistedOpStateExpiryEpochSec: 0}2497daeb-967d-49ad-8f28-1297e8c4c732{ip: 10.1.0.110, host: fv-az133-40.ac31hddj4phu5ocom5smqd4hkf.cx.internal.cloudapp.net, ports: [REPLICATION=46249, RATIS=46387, RATIS_ADMIN=46387, RATIS_SERVER=46387, STANDALONE=33911], networkLocation: /default-rack, certSerialId: null, persistedOpState: IN_SERVICE, persistedOpStateExpiryEpochSec: 0}, ReplicationConfig: RATIS/THREE, State:ALLOCATED, leaderId:7726e7f5-b74c-4e4a-9680-a65a67c105af, CreationTimestamp2022-12-06T15:44:45.094Z[Etc/UTC]] moved to OPEN state
2022-12-06 15:44:57,940 [EventQueue-CommandQueueReportForCommandQueueReportHandler] WARN  events.EventQueue (EventQueue.java:fireEvent(216)) - No event handler registered for event TypedEvent{payloadType=DatanodeDetails, name='Datanode_Command_Queue_Updated'}
2022-12-06 15:44:57,939 [7726e7f5-b74c-4e4a-9680-a65a67c105af@group-E388FC27C872-LeaderElection24] INFO  server.RaftServerConfigKeys (ConfUtils.java:logGet(46)) - raft.server.write.element-limit = 1024 (custom)
2022-12-06 15:44:57,941 [7726e7f5-b74c-4e4a-9680-a65a67c105af@group-E388FC27C872-LeaderElection24] INFO  server.RaftServerConfigKeys (ConfUtils.java:logGet(46)) - raft.server.write.byte-limit = 1024 M (=1073741824) (custom)
2022-12-06 15:44:57,942 [7726e7f5-b74c-4e4a-9680-a65a67c105af@group-E388FC27C872-LeaderElection24] INFO  server.RaftServerConfigKeys (ConfUtils.java:logGet(46)) - raft.server.watch.timeout = 180s (custom)
2022-12-06 15:44:57,942 [7726e7f5-b74c-4e4a-9680-a65a67c105af@group-E388FC27C872-LeaderElection24] INFO  server.RaftServerConfigKeys (ConfUtils.java:logGet(46)) - raft.server.watch.timeout.denomination = 1s (default)
2022-12-06 15:44:57,942 [7726e7f5-b74c-4e4a-9680-a65a67c105af@group-E388FC27C872-LeaderElection24] INFO  server.RaftServerConfigKeys (ConfUtils.java:logGet(46)) - raft.server.watch.element-limit = 65536 (default)
2022-12-06 15:44:57,942 [7726e7f5-b74c-4e4a-9680-a65a67c105af@group-E388FC27C872-LeaderElection24] INFO  server.RaftServerConfigKeys (ConfUtils.java:logGet(46)) - raft.server.write.element-limit = 1024 (custom)
2022-12-06 15:44:57,942 [7726e7f5-b74c-4e4a-9680-a65a67c105af@group-E388FC27C872-LeaderElection24] INFO  server.RaftServerConfigKeys (ConfUtils.java:logGet(46)) - raft.server.write.follower.gap.ratio.max = -1.0 (default)
2022-12-06 15:44:57,942 [7726e7f5-b74c-4e4a-9680-a65a67c105af@group-E388FC27C872-LeaderElection24] INFO  server.RaftServerConfigKeys (ConfUtils.java:logGet(46)) - raft.server.log.appender.snapshot.chunk.size.max = 16MB (=16777216) (default)
2022-12-06 15:44:57,942 [7726e7f5-b74c-4e4a-9680-a65a67c105af@group-E388FC27C872-LeaderElection24] INFO  server.RaftServerConfigKeys (ConfUtils.java:logGet(46)) - raft.server.log.appender.buffer.byte-limit = 33554432 (custom)
2022-12-06 15:44:57,943 [7726e7f5-b74c-4e4a-9680-a65a67c105af@group-E388FC27C872-LeaderElection24] INFO  server.RaftServerConfigKeys (ConfUtils.java:logGet(46)) - raft.server.log.appender.buffer.element-limit = 1 (custom)
2022-12-06 15:44:57,941 [2497daeb-967d-49ad-8f28-1297e8c4c732@group-E388FC27C872-FollowerState] INFO  impl.FollowerState (FollowerState.java:run(152)) - 2497daeb-967d-49ad-8f28-1297e8c4c732@group-E388FC27C872-FollowerState was interrupted
2022-12-06 15:44:57,953 [7726e7f5-b74c-4e4a-9680-a65a67c105af@group-E388FC27C872-LeaderElection24] INFO  grpc.GrpcConfigKeys (ConfUtils.java:logGet(46)) - raft.grpc.server.leader.outstanding.appends.max = 128 (default)
2022-12-06 15:44:57,953 [7726e7f5-b74c-4e4a-9680-a65a67c105af@group-E388FC27C872-LeaderElection24] INFO  server.RaftServerConfigKeys (ConfUtils.java:logGet(46)) - raft.server.rpc.request.timeout = 60s (custom)
2022-12-06 15:44:57,953 [7726e7f5-b74c-4e4a-9680-a65a67c105af@group-E388FC27C872-LeaderElection24] INFO  server.RaftServerConfigKeys (ConfUtils.java:logGet(46)) - raft.server.log.appender.install.snapshot.enabled = false (custom)
2022-12-06 15:44:57,953 [7726e7f5-b74c-4e4a-9680-a65a67c105af@group-E388FC27C872-LeaderElection24] INFO  grpc.GrpcConfigKeys (ConfUtils.java:logGet(46)) - raft.grpc.server.heartbeat.channel = true (default)
2022-12-06 15:44:57,953 [7726e7f5-b74c-4e4a-9680-a65a67c105af@group-E388FC27C872-LeaderElection24] INFO  server.RaftServerConfigKeys (ConfUtils.java:logGet(46)) - raft.server.log.appender.wait-time.min = 10ms (default)
2022-12-06 15:44:57,954 [7726e7f5-b74c-4e4a-9680-a65a67c105af@group-E388FC27C872-LeaderElection24] INFO  server.RaftServerConfigKeys (ConfUtils.java:logGet(46)) - raft.server.log.appender.snapshot.chunk.size.max = 16MB (=16777216) (default)
2022-12-06 15:44:57,954 [7726e7f5-b74c-4e4a-9680-a65a67c105af@group-E388FC27C872-LeaderElection24] INFO  server.RaftServerConfigKeys (ConfUtils.java:logGet(46)) - raft.server.log.appender.buffer.byte-limit = 33554432 (custom)
2022-12-06 15:44:57,954 [7726e7f5-b74c-4e4a-9680-a65a67c105af@group-E388FC27C872-LeaderElection24] INFO  server.RaftServerConfigKeys (ConfUtils.java:logGet(46)) - raft.server.log.appender.buffer.element-limit = 1 (custom)
2022-12-06 15:44:57,954 [7726e7f5-b74c-4e4a-9680-a65a67c105af@group-E388FC27C872-LeaderElection24] INFO  grpc.GrpcConfigKeys (ConfUtils.java:logGet(46)) - raft.grpc.server.leader.outstanding.appends.max = 128 (default)
2022-12-06 15:44:57,954 [7726e7f5-b74c-4e4a-9680-a65a67c105af@group-E388FC27C872-LeaderElection24] INFO  server.RaftServerConfigKeys (ConfUtils.java:logGet(46)) - raft.server.rpc.request.timeout = 60s (custom)
2022-12-06 15:44:57,954 [7726e7f5-b74c-4e4a-9680-a65a67c105af@group-E388FC27C872-LeaderElection24] INFO  server.RaftServerConfigKeys (ConfUtils.java:logGet(46)) - raft.server.log.appender.install.snapshot.enabled = false (custom)
2022-12-06 15:44:57,954 [7726e7f5-b74c-4e4a-9680-a65a67c105af@group-E388FC27C872-LeaderElection24] INFO  grpc.GrpcConfigKeys (ConfUtils.java:logGet(46)) - raft.grpc.server.heartbeat.channel = true (default)
2022-12-06 15:44:57,954 [7726e7f5-b74c-4e4a-9680-a65a67c105af@group-E388FC27C872-LeaderElection24] INFO  server.RaftServerConfigKeys (ConfUtils.java:logGet(46)) - raft.server.log.appender.wait-time.min = 10ms (default)
2022-12-06 15:44:57,954 [2497daeb-967d-49ad-8f28-1297e8c4c732@group-E388FC27C872-FollowerState] INFO  server.RaftServerConfigKeys (ConfUtils.java:logFallback(53)) - raft.server.rpc.first-election.timeout.min = 5s (fallback to raft.server.rpc.timeout.min)
2022-12-06 15:44:57,954 [2497daeb-967d-49ad-8f28-1297e8c4c732@group-E388FC27C872-FollowerState] INFO  server.RaftServerConfigKeys (ConfUtils.java:logFallback(53)) - raft.server.rpc.first-election.timeout.max = 5200ms (fallback to raft.server.rpc.timeout.max)
2022-12-06 15:44:57,954 [7726e7f5-b74c-4e4a-9680-a65a67c105af@group-E388FC27C872-LeaderElection24] INFO  impl.RoleInfo (RoleInfo.java:updateAndGet(139)) - 7726e7f5-b74c-4e4a-9680-a65a67c105af: start 7726e7f5-b74c-4e4a-9680-a65a67c105af@group-E388FC27C872-LeaderStateImpl
2022-12-06 15:44:57,955 [7726e7f5-b74c-4e4a-9680-a65a67c105af@group-E388FC27C872-LeaderElection24] INFO  segmented.SegmentedRaftLogWorker (SegmentedRaftLogWorker.java:startLogSegment(452)) - 7726e7f5-b74c-4e4a-9680-a65a67c105af@group-E388FC27C872-SegmentedRaftLogWorker: Starting segment from index:0
2022-12-06 15:44:57,955 [grpc-default-executor-0] INFO  server.RaftServer$Division (RaftServerImpl.java:requestVote(1251)) - 2497daeb-967d-49ad-8f28-1297e8c4c732@group-E388FC27C872 replies to ELECTION vote request: 7726e7f5-b74c-4e4a-9680-a65a67c105af<-2497daeb-967d-49ad-8f28-1297e8c4c732#0:OK-t2. Peer's state: 2497daeb-967d-49ad-8f28-1297e8c4c732@group-E388FC27C872:t2, leader=null, voted=7726e7f5-b74c-4e4a-9680-a65a67c105af, raftlog=Memoized:2497daeb-967d-49ad-8f28-1297e8c4c732@group-E388FC27C872-SegmentedRaftLog:OPENED:c-1, conf=-1: peers:[2497daeb-967d-49ad-8f28-1297e8c4c732|rpc:10.1.0.110:46387|priority:0|startupRole:FOLLOWER, 7726e7f5-b74c-4e4a-9680-a65a67c105af|rpc:10.1.0.110:44993|priority:1|startupRole:FOLLOWER, 3ddade9d-4289-4127-b7c4-830dd518ff0a|rpc:10.1.0.110:43967|priority:0|startupRole:FOLLOWER]|listeners:[], old=null
2022-12-06 15:44:57,956 [7726e7f5-b74c-4e4a-9680-a65a67c105af@group-E388FC27C872-SegmentedRaftLogWorker] INFO  segmented.SegmentedRaftLogWorker (SegmentedRaftLogWorker.java:execute(656)) - 7726e7f5-b74c-4e4a-9680-a65a67c105af@group-E388FC27C872-SegmentedRaftLogWorker: created new log segment /home/runner/work/ozone/ozone/hadoop-ozone/integration-test/target/test-dir/MiniOzoneClusterImpl-dce15e54-dc76-4f82-a75a-fd2a8a22e08e/datanode-7/data/ratis/f848047e-6893-4650-b542-e388fc27c872/current/log_inprogress_0
2022-12-06 15:44:57,967 [7726e7f5-b74c-4e4a-9680-a65a67c105af@group-E388FC27C872-LeaderElection24] INFO  server.RaftServer$Division (ServerState.java:setRaftConf(430)) - 7726e7f5-b74c-4e4a-9680-a65a67c105af@group-E388FC27C872: set configuration 0: peers:[2497daeb-967d-49ad-8f28-1297e8c4c732|rpc:10.1.0.110:46387|dataStream:|priority:0|startupRole:FOLLOWER, 7726e7f5-b74c-4e4a-9680-a65a67c105af|rpc:10.1.0.110:44993|dataStream:|priority:1|startupRole:FOLLOWER, 3ddade9d-4289-4127-b7c4-830dd518ff0a|rpc:10.1.0.110:43967|dataStream:|priority:0|startupRole:FOLLOWER]|listeners:[], old=null
2022-12-06 15:44:57,969 [2497daeb-967d-49ad-8f28-1297e8c4c732-server-thread1] INFO  ratis.XceiverServerRatis (XceiverServerRatis.java:handleLeaderChangedNotification(863)) - Leader change notification received for group: group-E388FC27C872 with new leaderId: 7726e7f5-b74c-4e4a-9680-a65a67c105af
2022-12-06 15:44:57,971 [2497daeb-967d-49ad-8f28-1297e8c4c732-server-thread1] INFO  server.RaftServer$Division (ServerState.java:setLeader(313)) - 2497daeb-967d-49ad-8f28-1297e8c4c732@group-E388FC27C872: change Leader from null to 7726e7f5-b74c-4e4a-9680-a65a67c105af at term 2 for appendEntries, leader elected after 10555ms
2022-12-06 15:44:57,982 [3ddade9d-4289-4127-b7c4-830dd518ff0a@group-99BD4D3A3F73-FollowerState] INFO  impl.FollowerState (FollowerState.java:run(143)) - 3ddade9d-4289-4127-b7c4-830dd518ff0a@group-99BD4D3A3F73-FollowerState: change to CANDIDATE, lastRpcElapsedTime:5029325332ns, electionTimeout:5027ms
2022-12-06 15:44:57,982 [3ddade9d-4289-4127-b7c4-830dd518ff0a@group-99BD4D3A3F73-FollowerState] INFO  impl.RoleInfo (RoleInfo.java:shutdownFollowerState(110)) - 3ddade9d-4289-4127-b7c4-830dd518ff0a: shutdown 3ddade9d-4289-4127-b7c4-830dd518ff0a@group-99BD4D3A3F73-FollowerState
2022-12-06 15:44:57,982 [3ddade9d-4289-4127-b7c4-830dd518ff0a@group-99BD4D3A3F73-FollowerState] INFO  server.RaftServer$Division (RaftServerImpl.java:setRole(321)) - 3ddade9d-4289-4127-b7c4-830dd518ff0a@group-99BD4D3A3F73: changes role from  FOLLOWER to CANDIDATE at term 1 for changeToCandidate
2022-12-06 15:44:57,982 [3ddade9d-4289-4127-b7c4-830dd518ff0a@group-99BD4D3A3F73-FollowerState] INFO  server.RaftServerConfigKeys (ConfUtils.java:logGet(46)) - raft.server.leaderelection.pre-vote = false (custom)
2022-12-06 15:44:57,982 [3ddade9d-4289-4127-b7c4-830dd518ff0a@group-99BD4D3A3F73-FollowerState] INFO  impl.RoleInfo (RoleInfo.java:updateAndGet(139)) - 3ddade9d-4289-4127-b7c4-830dd518ff0a: start 3ddade9d-4289-4127-b7c4-830dd518ff0a@group-99BD4D3A3F73-LeaderElection25
2022-12-06 15:44:57,989 [3ddade9d-4289-4127-b7c4-830dd518ff0a-server-thread1] INFO  ratis.XceiverServerRatis (XceiverServerRatis.java:handleLeaderChangedNotification(863)) - Leader change notification received for group: group-E388FC27C872 with new leaderId: 7726e7f5-b74c-4e4a-9680-a65a67c105af
2022-12-06 15:44:57,989 [3ddade9d-4289-4127-b7c4-830dd518ff0a-server-thread1] INFO  server.RaftServer$Division (ServerState.java:setLeader(313)) - 3ddade9d-4289-4127-b7c4-830dd518ff0a@group-E388FC27C872: change Leader from null to 7726e7f5-b74c-4e4a-9680-a65a67c105af at term 2 for appendEntries, leader elected after 10069ms
2022-12-06 15:44:57,989 [2497daeb-967d-49ad-8f28-1297e8c4c732-server-thread1] INFO  server.RaftServer$Division (ServerState.java:setRaftConf(430)) - 2497daeb-967d-49ad-8f28-1297e8c4c732@group-E388FC27C872: set configuration 0: peers:[2497daeb-967d-49ad-8f28-1297e8c4c732|rpc:10.1.0.110:46387|dataStream:|priority:0|startupRole:FOLLOWER, 7726e7f5-b74c-4e4a-9680-a65a67c105af|rpc:10.1.0.110:44993|dataStream:|priority:1|startupRole:FOLLOWER, 3ddade9d-4289-4127-b7c4-830dd518ff0a|rpc:10.1.0.110:43967|dataStream:|priority:0|startupRole:FOLLOWER]|listeners:[], old=null
2022-12-06 15:44:57,990 [2497daeb-967d-49ad-8f28-1297e8c4c732-server-thread1] INFO  segmented.SegmentedRaftLogWorker (SegmentedRaftLogWorker.java:startLogSegment(452)) - 2497daeb-967d-49ad-8f28-1297e8c4c732@group-E388FC27C872-SegmentedRaftLogWorker: Starting segment from index:0
2022-12-06 15:44:57,992 [2497daeb-967d-49ad-8f28-1297e8c4c732@group-99BD4D3A3F73-FollowerState] INFO  impl.FollowerState (FollowerState.java:run(143)) - 2497daeb-967d-49ad-8f28-1297e8c4c732@group-99BD4D3A3F73-FollowerState: change to CANDIDATE, lastRpcElapsedTime:5041739792ns, electionTimeout:5041ms
2022-12-06 15:44:57,992 [2497daeb-967d-49ad-8f28-1297e8c4c732@group-E388FC27C872-SegmentedRaftLogWorker] INFO  segmented.SegmentedRaftLogWorker (SegmentedRaftLogWorker.java:execute(656)) - 2497daeb-967d-49ad-8f28-1297e8c4c732@group-E388FC27C872-SegmentedRaftLogWorker: created new log segment /home/runner/work/ozone/ozone/hadoop-ozone/integration-test/target/test-dir/MiniOzoneClusterImpl-dce15e54-dc76-4f82-a75a-fd2a8a22e08e/datanode-6/data/ratis/f848047e-6893-4650-b542-e388fc27c872/current/log_inprogress_0
2022-12-06 15:44:57,992 [2497daeb-967d-49ad-8f28-1297e8c4c732@group-99BD4D3A3F73-FollowerState] INFO  impl.RoleInfo (RoleInfo.java:shutdownFollowerState(110)) - 2497daeb-967d-49ad-8f28-1297e8c4c732: shutdown 2497daeb-967d-49ad-8f28-1297e8c4c732@group-99BD4D3A3F73-FollowerState
2022-12-06 15:44:57,992 [2497daeb-967d-49ad-8f28-1297e8c4c732@group-99BD4D3A3F73-FollowerState] INFO  server.RaftServer$Division (RaftServerImpl.java:setRole(321)) - 2497daeb-967d-49ad-8f28-1297e8c4c732@group-99BD4D3A3F73: changes role from  FOLLOWER to CANDIDATE at term 1 for changeToCandidate
2022-12-06 15:44:57,992 [3ddade9d-4289-4127-b7c4-830dd518ff0a@group-99BD4D3A3F73-LeaderElection25] INFO  impl.LeaderElection (LeaderElection.java:askForVotes(312)) - 3ddade9d-4289-4127-b7c4-830dd518ff0a@group-99BD4D3A3F73-LeaderElection25 ELECTION round 0: submit vote requests at term 2 for -1: peers:[2497daeb-967d-49ad-8f28-1297e8c4c732|rpc:10.1.0.110:46387|dataStream:|priority:0|startupRole:FOLLOWER, 7726e7f5-b74c-4e4a-9680-a65a67c105af|rpc:10.1.0.110:44993|dataStream:|priority:0|startupRole:FOLLOWER, 3ddade9d-4289-4127-b7c4-830dd518ff0a|rpc:10.1.0.110:43967|dataStream:|priority:1|startupRole:FOLLOWER]|listeners:[], old=null
2022-12-06 15:44:57,998 [3ddade9d-4289-4127-b7c4-830dd518ff0a-server-thread2] INFO  server.RaftServer$Division (ServerState.java:setRaftConf(430)) - 3ddade9d-4289-4127-b7c4-830dd518ff0a@group-E388FC27C872: set configuration 0: peers:[2497daeb-967d-49ad-8f28-1297e8c4c732|rpc:10.1.0.110:46387|dataStream:|priority:0|startupRole:FOLLOWER, 7726e7f5-b74c-4e4a-9680-a65a67c105af|rpc:10.1.0.110:44993|dataStream:|priority:1|startupRole:FOLLOWER, 3ddade9d-4289-4127-b7c4-830dd518ff0a|rpc:10.1.0.110:43967|dataStream:|priority:0|startupRole:FOLLOWER]|listeners:[], old=null
2022-12-06 15:44:57,998 [3ddade9d-4289-4127-b7c4-830dd518ff0a-server-thread2] INFO  segmented.SegmentedRaftLogWorker (SegmentedRaftLogWorker.java:startLogSegment(452)) - 3ddade9d-4289-4127-b7c4-830dd518ff0a@group-E388FC27C872-SegmentedRaftLogWorker: Starting segment from index:0
2022-12-06 15:44:58,000 [3ddade9d-4289-4127-b7c4-830dd518ff0a@group-E388FC27C872-SegmentedRaftLogWorker] INFO  segmented.SegmentedRaftLogWorker (SegmentedRaftLogWorker.java:execute(656)) - 3ddade9d-4289-4127-b7c4-830dd518ff0a@group-E388FC27C872-SegmentedRaftLogWorker: created new log segment /home/runner/work/ozone/ozone/hadoop-ozone/integration-test/target/test-dir/MiniOzoneClusterImpl-dce15e54-dc76-4f82-a75a-fd2a8a22e08e/datanode-8/data/ratis/f848047e-6893-4650-b542-e388fc27c872/current/log_inprogress_0
2022-12-06 15:44:58,001 [3ddade9d-4289-4127-b7c4-830dd518ff0a@group-99BD4D3A3F73-LeaderElection25-1] INFO  server.GrpcServerProtocolClient (GrpcServerProtocolClient.java:<init>(63)) - Build channel for 2497daeb-967d-49ad-8f28-1297e8c4c732
2022-12-06 15:44:58,005 [3ddade9d-4289-4127-b7c4-830dd518ff0a@group-99BD4D3A3F73-LeaderElection25] INFO  server.RaftServerConfigKeys (ConfUtils.java:logFallback(53)) - raft.server.rpc.first-election.timeout.min = 5s (fallback to raft.server.rpc.timeout.min)
2022-12-06 15:44:58,005 [3ddade9d-4289-4127-b7c4-830dd518ff0a@group-99BD4D3A3F73-LeaderElection25] INFO  server.RaftServerConfigKeys (ConfUtils.java:logFallback(53)) - raft.server.rpc.first-election.timeout.max = 5200ms (fallback to raft.server.rpc.timeout.max)
2022-12-06 15:44:58,005 [2497daeb-967d-49ad-8f28-1297e8c4c732@group-99BD4D3A3F73-FollowerState] INFO  server.RaftServerConfigKeys (ConfUtils.java:logGet(46)) - raft.server.leaderelection.pre-vote = false (custom)
2022-12-06 15:44:58,005 [2497daeb-967d-49ad-8f28-1297e8c4c732@group-99BD4D3A3F73-FollowerState] INFO  impl.RoleInfo (RoleInfo.java:updateAndGet(139)) - 2497daeb-967d-49ad-8f28-1297e8c4c732: start 2497daeb-967d-49ad-8f28-1297e8c4c732@group-99BD4D3A3F73-LeaderElection26
2022-12-06 15:44:58,005 [3ddade9d-4289-4127-b7c4-830dd518ff0a@group-99BD4D3A3F73-LeaderElection25-2] INFO  server.GrpcServerProtocolClient (GrpcServerProtocolClient.java:<init>(63)) - Build channel for 7726e7f5-b74c-4e4a-9680-a65a67c105af
2022-12-06 15:44:58,016 [grpc-default-executor-5] INFO  server.RaftServer$Division (RaftServerImpl.java:requestVote(1218)) - 2497daeb-967d-49ad-8f28-1297e8c4c732@group-99BD4D3A3F73: receive requestVote(ELECTION, 3ddade9d-4289-4127-b7c4-830dd518ff0a, group-99BD4D3A3F73, 2, (t:0, i:0))
2022-12-06 15:44:58,018 [grpc-default-executor-5] INFO  impl.VoteContext (VoteContext.java:log(49)) - 2497daeb-967d-49ad-8f28-1297e8c4c732@group-99BD4D3A3F73-CANDIDATE: reject ELECTION from 3ddade9d-4289-4127-b7c4-830dd518ff0a: already has voted for 2497daeb-967d-49ad-8f28-1297e8c4c732 at current term 2
2022-12-06 15:44:58,019 [grpc-default-executor-5] INFO  server.RaftServer$Division (RaftServerImpl.java:requestVote(1251)) - 2497daeb-967d-49ad-8f28-1297e8c4c732@group-99BD4D3A3F73 replies to ELECTION vote request: 3ddade9d-4289-4127-b7c4-830dd518ff0a<-2497daeb-967d-49ad-8f28-1297e8c4c732#0:FAIL-t2. Peer's state: 2497daeb-967d-49ad-8f28-1297e8c4c732@group-99BD4D3A3F73:t2, leader=null, voted=2497daeb-967d-49ad-8f28-1297e8c4c732, raftlog=Memoized:2497daeb-967d-49ad-8f28-1297e8c4c732@group-99BD4D3A3F73-SegmentedRaftLog:OPENED:c-1, conf=-1: peers:[2497daeb-967d-49ad-8f28-1297e8c4c732|rpc:10.1.0.110:46387|dataStream:|priority:0|startupRole:FOLLOWER, 7726e7f5-b74c-4e4a-9680-a65a67c105af|rpc:10.1.0.110:44993|dataStream:|priority:0|startupRole:FOLLOWER, 3ddade9d-4289-4127-b7c4-830dd518ff0a|rpc:10.1.0.110:43967|dataStream:|priority:1|startupRole:FOLLOWER]|listeners:[], old=null
2022-12-06 15:44:58,020 [2497daeb-967d-49ad-8f28-1297e8c4c732@group-99BD4D3A3F73-LeaderElection26] INFO  impl.LeaderElection (LeaderElection.java:askForVotes(312)) - 2497daeb-967d-49ad-8f28-1297e8c4c732@group-99BD4D3A3F73-LeaderElection26 ELECTION round 0: submit vote requests at term 2 for -1: peers:[2497daeb-967d-49ad-8f28-1297e8c4c732|rpc:10.1.0.110:46387|dataStream:|priority:0|startupRole:FOLLOWER, 7726e7f5-b74c-4e4a-9680-a65a67c105af|rpc:10.1.0.110:44993|dataStream:|priority:0|startupRole:FOLLOWER, 3ddade9d-4289-4127-b7c4-830dd518ff0a|rpc:10.1.0.110:43967|dataStream:|priority:1|startupRole:FOLLOWER]|listeners:[], old=null
2022-12-06 15:44:58,023 [2497daeb-967d-49ad-8f28-1297e8c4c732@group-99BD4D3A3F73-LeaderElection26] INFO  server.RaftServerConfigKeys (ConfUtils.java:logFallback(53)) - raft.server.rpc.first-election.timeout.min = 5s (fallback to raft.server.rpc.timeout.min)
2022-12-06 15:44:58,023 [grpc-default-executor-5] INFO  server.RaftServer$Division (RaftServerImpl.java:requestVote(1218)) - 7726e7f5-b74c-4e4a-9680-a65a67c105af@group-99BD4D3A3F73: receive requestVote(ELECTION, 2497daeb-967d-49ad-8f28-1297e8c4c732, group-99BD4D3A3F73, 2, (t:0, i:0))
2022-12-06 15:44:58,024 [grpc-default-executor-5] INFO  impl.VoteContext (VoteContext.java:log(49)) - 7726e7f5-b74c-4e4a-9680-a65a67c105af@group-99BD4D3A3F73-FOLLOWER: accept ELECTION from 2497daeb-967d-49ad-8f28-1297e8c4c732: our priority 0 <= candidate's priority 0
2022-12-06 15:44:58,024 [grpc-default-executor-5] INFO  server.RaftServer$Division (RaftServerImpl.java:setRole(321)) - 7726e7f5-b74c-4e4a-9680-a65a67c105af@group-99BD4D3A3F73: changes role from  FOLLOWER to FOLLOWER at term 2 for candidate:2497daeb-967d-49ad-8f28-1297e8c4c732
2022-12-06 15:44:58,024 [grpc-default-executor-5] INFO  impl.RoleInfo (RoleInfo.java:shutdownFollowerState(110)) - 7726e7f5-b74c-4e4a-9680-a65a67c105af: shutdown 7726e7f5-b74c-4e4a-9680-a65a67c105af@group-99BD4D3A3F73-FollowerState
2022-12-06 15:44:58,024 [grpc-default-executor-5] INFO  impl.RoleInfo (RoleInfo.java:updateAndGet(139)) - 7726e7f5-b74c-4e4a-9680-a65a67c105af: start 7726e7f5-b74c-4e4a-9680-a65a67c105af@group-99BD4D3A3F73-FollowerState
2022-12-06 15:44:58,024 [7726e7f5-b74c-4e4a-9680-a65a67c105af@group-99BD4D3A3F73-FollowerState] INFO  impl.FollowerState (FollowerState.java:run(152)) - 7726e7f5-b74c-4e4a-9680-a65a67c105af@group-99BD4D3A3F73-FollowerState was interrupted
2022-12-06 15:44:58,023 [2497daeb-967d-49ad-8f28-1297e8c4c732@group-99BD4D3A3F73-LeaderElection26] INFO  server.RaftServerConfigKeys (ConfUtils.java:logFallback(53)) - raft.server.rpc.first-election.timeout.max = 5200ms (fallback to raft.server.rpc.timeout.max)
2022-12-06 15:44:58,027 [grpc-default-executor-2] INFO  server.RaftServer$Division (RaftServerImpl.java:requestVote(1218)) - 3ddade9d-4289-4127-b7c4-830dd518ff0a@group-99BD4D3A3F73: receive requestVote(ELECTION, 2497daeb-967d-49ad-8f28-1297e8c4c732, group-99BD4D3A3F73, 2, (t:0, i:0))
2022-12-06 15:44:58,027 [grpc-default-executor-2] INFO  impl.VoteContext (VoteContext.java:log(49)) - 3ddade9d-4289-4127-b7c4-830dd518ff0a@group-99BD4D3A3F73-CANDIDATE: reject ELECTION from 2497daeb-967d-49ad-8f28-1297e8c4c732: already has voted for 3ddade9d-4289-4127-b7c4-830dd518ff0a at current term 2
2022-12-06 15:44:58,027 [grpc-default-executor-2] INFO  server.RaftServer$Division (RaftServerImpl.java:requestVote(1251)) - 3ddade9d-4289-4127-b7c4-830dd518ff0a@group-99BD4D3A3F73 replies to ELECTION vote request: 2497daeb-967d-49ad-8f28-1297e8c4c732<-3ddade9d-4289-4127-b7c4-830dd518ff0a#0:FAIL-t2. Peer's state: 3ddade9d-4289-4127-b7c4-830dd518ff0a@group-99BD4D3A3F73:t2, leader=null, voted=3ddade9d-4289-4127-b7c4-830dd518ff0a, raftlog=Memoized:3ddade9d-4289-4127-b7c4-830dd518ff0a@group-99BD4D3A3F73-SegmentedRaftLog:OPENED:c-1, conf=-1: peers:[2497daeb-967d-49ad-8f28-1297e8c4c732|rpc:10.1.0.110:46387|dataStream:|priority:0|startupRole:FOLLOWER, 7726e7f5-b74c-4e4a-9680-a65a67c105af|rpc:10.1.0.110:44993|dataStream:|priority:0|startupRole:FOLLOWER, 3ddade9d-4289-4127-b7c4-830dd518ff0a|rpc:10.1.0.110:43967|dataStream:|priority:1|startupRole:FOLLOWER]|listeners:[], old=null
2022-12-06 15:44:58,032 [grpc-default-executor-5] INFO  server.RaftServer$Division (RaftServerImpl.java:requestVote(1251)) - 7726e7f5-b74c-4e4a-9680-a65a67c105af@group-99BD4D3A3F73 replies to ELECTION vote request: 2497daeb-967d-49ad-8f28-1297e8c4c732<-7726e7f5-b74c-4e4a-9680-a65a67c105af#0:OK-t2. Peer's state: 7726e7f5-b74c-4e4a-9680-a65a67c105af@group-99BD4D3A3F73:t2, leader=null, voted=2497daeb-967d-49ad-8f28-1297e8c4c732, raftlog=Memoized:7726e7f5-b74c-4e4a-9680-a65a67c105af@group-99BD4D3A3F73-SegmentedRaftLog:OPENED:c-1, conf=-1: peers:[2497daeb-967d-49ad-8f28-1297e8c4c732|rpc:10.1.0.110:46387|priority:0|startupRole:FOLLOWER, 7726e7f5-b74c-4e4a-9680-a65a67c105af|rpc:10.1.0.110:44993|priority:0|startupRole:FOLLOWER, 3ddade9d-4289-4127-b7c4-830dd518ff0a|rpc:10.1.0.110:43967|priority:1|startupRole:FOLLOWER]|listeners:[], old=null
2022-12-06 15:44:58,035 [7726e7f5-b74c-4e4a-9680-a65a67c105af@group-99BD4D3A3F73-FollowerState] INFO  server.RaftServerConfigKeys (ConfUtils.java:logFallback(53)) - raft.server.rpc.first-election.timeout.min = 5s (fallback to raft.server.rpc.timeout.min)
2022-12-06 15:44:58,035 [2497daeb-967d-49ad-8f28-1297e8c4c732@group-99BD4D3A3F73-LeaderElection26] INFO  impl.LeaderElection (LeaderElection.java:logAndReturn(90)) - 2497daeb-967d-49ad-8f28-1297e8c4c732@group-99BD4D3A3F73-LeaderElection26: ELECTION REJECTED received 2 response(s) and 0 exception(s):
2022-12-06 15:44:58,035 [2497daeb-967d-49ad-8f28-1297e8c4c732@group-99BD4D3A3F73-LeaderElection26] INFO  impl.LeaderElection (LeaderElection.java:logAndReturn(94)) -   Response 0: 2497daeb-967d-49ad-8f28-1297e8c4c732<-7726e7f5-b74c-4e4a-9680-a65a67c105af#0:OK-t2
2022-12-06 15:44:58,035 [2497daeb-967d-49ad-8f28-1297e8c4c732@group-99BD4D3A3F73-LeaderElection26] INFO  impl.LeaderElection (LeaderElection.java:logAndReturn(94)) -   Response 1: 2497daeb-967d-49ad-8f28-1297e8c4c732<-3ddade9d-4289-4127-b7c4-830dd518ff0a#0:FAIL-t2
2022-12-06 15:44:58,035 [2497daeb-967d-49ad-8f28-1297e8c4c732@group-99BD4D3A3F73-LeaderElection26] INFO  impl.LeaderElection (LeaderElection.java:askForVotes(314)) - 2497daeb-967d-49ad-8f28-1297e8c4c732@group-99BD4D3A3F73-LeaderElection26 ELECTION round 0: result REJECTED
2022-12-06 15:44:58,036 [2497daeb-967d-49ad-8f28-1297e8c4c732@group-99BD4D3A3F73-LeaderElection26] INFO  server.RaftServer$Division (RaftServerImpl.java:setRole(321)) - 2497daeb-967d-49ad-8f28-1297e8c4c732@group-99BD4D3A3F73: changes role from CANDIDATE to FOLLOWER at term 2 for REJECTED
2022-12-06 15:44:58,036 [2497daeb-967d-49ad-8f28-1297e8c4c732@group-99BD4D3A3F73-LeaderElection26] INFO  impl.RoleInfo (RoleInfo.java:shutdownLeaderElection(130)) - 2497daeb-967d-49ad-8f28-1297e8c4c732: shutdown 2497daeb-967d-49ad-8f28-1297e8c4c732@group-99BD4D3A3F73-LeaderElection26
2022-12-06 15:44:58,036 [2497daeb-967d-49ad-8f28-1297e8c4c732@group-99BD4D3A3F73-LeaderElection26] INFO  impl.RoleInfo (RoleInfo.java:updateAndGet(139)) - 2497daeb-967d-49ad-8f28-1297e8c4c732: start 2497daeb-967d-49ad-8f28-1297e8c4c732@group-99BD4D3A3F73-FollowerState
2022-12-06 15:44:58,035 [7726e7f5-b74c-4e4a-9680-a65a67c105af@group-99BD4D3A3F73-FollowerState] INFO  server.RaftServerConfigKeys (ConfUtils.java:logFallback(53)) - raft.server.rpc.first-election.timeout.max = 5200ms (fallback to raft.server.rpc.timeout.max)
2022-12-06 15:44:58,036 [2497daeb-967d-49ad-8f28-1297e8c4c732@group-99BD4D3A3F73-FollowerState] INFO  server.RaftServerConfigKeys (ConfUtils.java:logFallback(53)) - raft.server.rpc.first-election.timeout.min = 5s (fallback to raft.server.rpc.timeout.min)
2022-12-06 15:44:58,036 [2497daeb-967d-49ad-8f28-1297e8c4c732@group-99BD4D3A3F73-FollowerState] INFO  server.RaftServerConfigKeys (ConfUtils.java:logFallback(53)) - raft.server.rpc.first-election.timeout.max = 5200ms (fallback to raft.server.rpc.timeout.max)
2022-12-06 15:44:58,038 [grpc-default-executor-2] INFO  server.RaftServer$Division (RaftServerImpl.java:requestVote(1218)) - 7726e7f5-b74c-4e4a-9680-a65a67c105af@group-99BD4D3A3F73: receive requestVote(ELECTION, 3ddade9d-4289-4127-b7c4-830dd518ff0a, group-99BD4D3A3F73, 2, (t:0, i:0))
2022-12-06 15:44:58,038 [grpc-default-executor-2] INFO  impl.VoteContext (VoteContext.java:log(49)) - 7726e7f5-b74c-4e4a-9680-a65a67c105af@group-99BD4D3A3F73-FOLLOWER: reject ELECTION from 3ddade9d-4289-4127-b7c4-830dd518ff0a: already has voted for 2497daeb-967d-49ad-8f28-1297e8c4c732 at current term 2
2022-12-06 15:44:58,038 [grpc-default-executor-2] INFO  server.RaftServer$Division (RaftServerImpl.java:requestVote(1251)) - 7726e7f5-b74c-4e4a-9680-a65a67c105af@group-99BD4D3A3F73 replies to ELECTION vote request: 3ddade9d-4289-4127-b7c4-830dd518ff0a<-7726e7f5-b74c-4e4a-9680-a65a67c105af#0:FAIL-t2. Peer's state: 7726e7f5-b74c-4e4a-9680-a65a67c105af@group-99BD4D3A3F73:t2, leader=null, voted=2497daeb-967d-49ad-8f28-1297e8c4c732, raftlog=Memoized:7726e7f5-b74c-4e4a-9680-a65a67c105af@group-99BD4D3A3F73-SegmentedRaftLog:OPENED:c-1, conf=-1: peers:[2497daeb-967d-49ad-8f28-1297e8c4c732|rpc:10.1.0.110:46387|priority:0|startupRole:FOLLOWER, 7726e7f5-b74c-4e4a-9680-a65a67c105af|rpc:10.1.0.110:44993|priority:0|startupRole:FOLLOWER, 3ddade9d-4289-4127-b7c4-830dd518ff0a|rpc:10.1.0.110:43967|priority:1|startupRole:FOLLOWER]|listeners:[], old=null
2022-12-06 15:44:58,039 [3ddade9d-4289-4127-b7c4-830dd518ff0a@group-99BD4D3A3F73-LeaderElection25] INFO  impl.LeaderElection (LeaderElection.java:logAndReturn(90)) - 3ddade9d-4289-4127-b7c4-830dd518ff0a@group-99BD4D3A3F73-LeaderElection25: ELECTION REJECTED received 2 response(s) and 0 exception(s):
2022-12-06 15:44:58,039 [3ddade9d-4289-4127-b7c4-830dd518ff0a@group-99BD4D3A3F73-LeaderElection25] INFO  impl.LeaderElection (LeaderElection.java:logAndReturn(94)) -   Response 0: 3ddade9d-4289-4127-b7c4-830dd518ff0a<-2497daeb-967d-49ad-8f28-1297e8c4c732#0:FAIL-t2
2022-12-06 15:44:58,039 [3ddade9d-4289-4127-b7c4-830dd518ff0a@group-99BD4D3A3F73-LeaderElection25] INFO  impl.LeaderElection (LeaderElection.java:logAndReturn(94)) -   Response 1: 3ddade9d-4289-4127-b7c4-830dd518ff0a<-7726e7f5-b74c-4e4a-9680-a65a67c105af#0:FAIL-t2
2022-12-06 15:44:58,039 [3ddade9d-4289-4127-b7c4-830dd518ff0a@group-99BD4D3A3F73-LeaderElection25] INFO  impl.LeaderElection (LeaderElection.java:askForVotes(314)) - 3ddade9d-4289-4127-b7c4-830dd518ff0a@group-99BD4D3A3F73-LeaderElection25 ELECTION round 0: result REJECTED
2022-12-06 15:44:58,039 [3ddade9d-4289-4127-b7c4-830dd518ff0a@group-99BD4D3A3F73-LeaderElection25] INFO  server.RaftServer$Division (RaftServerImpl.java:setRole(321)) - 3ddade9d-4289-4127-b7c4-830dd518ff0a@group-99BD4D3A3F73: changes role from CANDIDATE to FOLLOWER at term 2 for REJECTED
2022-12-06 15:44:58,039 [3ddade9d-4289-4127-b7c4-830dd518ff0a@group-99BD4D3A3F73-LeaderElection25] INFO  impl.RoleInfo (RoleInfo.java:shutdownLeaderElection(130)) - 3ddade9d-4289-4127-b7c4-830dd518ff0a: shutdown 3ddade9d-4289-4127-b7c4-830dd518ff0a@group-99BD4D3A3F73-LeaderElection25
2022-12-06 15:44:58,039 [3ddade9d-4289-4127-b7c4-830dd518ff0a@group-99BD4D3A3F73-LeaderElection25] INFO  impl.RoleInfo (RoleInfo.java:updateAndGet(139)) - 3ddade9d-4289-4127-b7c4-830dd518ff0a: start 3ddade9d-4289-4127-b7c4-830dd518ff0a@group-99BD4D3A3F73-FollowerState
2022-12-06 15:44:58,043 [3ddade9d-4289-4127-b7c4-830dd518ff0a@group-99BD4D3A3F73-FollowerState] INFO  server.RaftServerConfigKeys (ConfUtils.java:logFallback(53)) - raft.server.rpc.first-election.timeout.min = 5s (fallback to raft.server.rpc.timeout.min)
2022-12-06 15:44:58,043 [3ddade9d-4289-4127-b7c4-830dd518ff0a@group-99BD4D3A3F73-FollowerState] INFO  server.RaftServerConfigKeys (ConfUtils.java:logFallback(53)) - raft.server.rpc.first-election.timeout.max = 5200ms (fallback to raft.server.rpc.timeout.max)
2022-12-06 15:44:58,318 [EventQueue-CommandQueueReportForCommandQueueReportHandler] WARN  events.EventQueue (EventQueue.java:fireEvent(216)) - No event handler registered for event TypedEvent{payloadType=DatanodeDetails, name='Datanode_Command_Queue_Updated'}
2022-12-06 15:44:58,319 [EventQueue-CommandQueueReportForCommandQueueReportHandler] WARN  events.EventQueue (EventQueue.java:fireEvent(216)) - No event handler registered for event TypedEvent{payloadType=DatanodeDetails, name='Datanode_Command_Queue_Updated'}
2022-12-06 15:44:58,321 [EventQueue-CommandQueueReportForCommandQueueReportHandler] WARN  events.EventQueue (EventQueue.java:fireEvent(216)) - No event handler registered for event TypedEvent{payloadType=DatanodeDetails, name='Datanode_Command_Queue_Updated'}
2022-12-06 15:44:58,330 [EventQueue-CommandQueueReportForCommandQueueReportHandler] WARN  events.EventQueue (EventQueue.java:fireEvent(216)) - No event handler registered for event TypedEvent{payloadType=DatanodeDetails, name='Datanode_Command_Queue_Updated'}
2022-12-06 15:44:58,516 [EventQueue-CommandQueueReportForCommandQueueReportHandler] WARN  events.EventQueue (EventQueue.java:fireEvent(216)) - No event handler registered for event TypedEvent{payloadType=DatanodeDetails, name='Datanode_Command_Queue_Updated'}
2022-12-06 15:44:58,525 [EventQueue-CommandQueueReportForCommandQueueReportHandler] WARN  events.EventQueue (EventQueue.java:fireEvent(216)) - No event handler registered for event TypedEvent{payloadType=DatanodeDetails, name='Datanode_Command_Queue_Updated'}
2022-12-06 15:44:58,632 [EventQueue-CommandQueueReportForCommandQueueReportHandler] WARN  events.EventQueue (EventQueue.java:fireEvent(216)) - No event handler registered for event TypedEvent{payloadType=DatanodeDetails, name='Datanode_Command_Queue_Updated'}
2022-12-06 15:44:58,792 [EventQueue-CommandQueueReportForCommandQueueReportHandler] WARN  events.EventQueue (EventQueue.java:fireEvent(216)) - No event handler registered for event TypedEvent{payloadType=DatanodeDetails, name='Datanode_Command_Queue_Updated'}
2022-12-06 15:44:58,940 [EventQueue-CommandQueueReportForCommandQueueReportHandler] WARN  events.EventQueue (EventQueue.java:fireEvent(216)) - No event handler registered for event TypedEvent{payloadType=DatanodeDetails, name='Datanode_Command_Queue_Updated'}
2022-12-06 15:44:59,317 [EventQueue-CommandQueueReportForCommandQueueReportHandler] WARN  events.EventQueue (EventQueue.java:fireEvent(216)) - No event handler registered for event TypedEvent{payloadType=DatanodeDetails, name='Datanode_Command_Queue_Updated'}
2022-12-06 15:44:59,319 [EventQueue-CommandQueueReportForCommandQueueReportHandler] WARN  events.EventQueue (EventQueue.java:fireEvent(216)) - No event handler registered for event TypedEvent{payloadType=DatanodeDetails, name='Datanode_Command_Queue_Updated'}
2022-12-06 15:44:59,321 [EventQueue-CommandQueueReportForCommandQueueReportHandler] WARN  events.EventQueue (EventQueue.java:fireEvent(216)) - No event handler registered for event TypedEvent{payloadType=DatanodeDetails, name='Datanode_Command_Queue_Updated'}
2022-12-06 15:44:59,329 [EventQueue-CommandQueueReportForCommandQueueReportHandler] WARN  events.EventQueue (EventQueue.java:fireEvent(216)) - No event handler registered for event TypedEvent{payloadType=DatanodeDetails, name='Datanode_Command_Queue_Updated'}
2022-12-06 15:44:59,518 [EventQueue-CommandQueueReportForCommandQueueReportHandler] WARN  events.EventQueue (EventQueue.java:fireEvent(216)) - No event handler registered for event TypedEvent{payloadType=DatanodeDetails, name='Datanode_Command_Queue_Updated'}
2022-12-06 15:44:59,525 [EventQueue-CommandQueueReportForCommandQueueReportHandler] WARN  events.EventQueue (EventQueue.java:fireEvent(216)) - No event handler registered for event TypedEvent{payloadType=DatanodeDetails, name='Datanode_Command_Queue_Updated'}
2022-12-06 15:44:59,632 [EventQueue-CommandQueueReportForCommandQueueReportHandler] WARN  events.EventQueue (EventQueue.java:fireEvent(216)) - No event handler registered for event TypedEvent{payloadType=DatanodeDetails, name='Datanode_Command_Queue_Updated'}
2022-12-06 15:44:59,651 [Listener at 127.0.0.1/44149] INFO  volume.HddsVolume (HddsVolume.java:closeDbStore(338)) - SchemaV3 db is stopped at /home/runner/work/ozone/ozone/hadoop-ozone/integration-test/target/test-dir/MiniOzoneClusterImpl-dce15e54-dc76-4f82-a75a-fd2a8a22e08e/datanode-2/data-0/containers/hdds/dce15e54-dc76-4f82-a75a-fd2a8a22e08e/DS-db086521-9099-47ef-a2c9-57eabd95b9d9/container.db for volume DS-db086521-9099-47ef-a2c9-57eabd95b9d9
2022-12-06 15:44:59,652 [Listener at 127.0.0.1/44149] INFO  utils.BackgroundService (BackgroundService.java:shutdown(141)) - Shutting down service BlockDeletingService
2022-12-06 15:44:59,652 [Listener at 127.0.0.1/44149] INFO  utils.BackgroundService (BackgroundService.java:shutdown(141)) - Shutting down service StaleRecoveringContainerScrubbingService
2022-12-06 15:44:59,656 [Listener at 127.0.0.1/44149] INFO  statemachine.DatanodeStateMachine (DatanodeStateMachine.java:stopDaemon(593)) - Ozone container server stopped.
2022-12-06 15:44:59,664 [Listener at 127.0.0.1/44149] INFO  handler.ContextHandler (ContextHandler.java:doStop(1159)) - Stopped o.e.j.w.WebAppContext@9069115{hddsDatanode,/,null,STOPPED}{jar:file:/home/runner/.m2/repository/org/apache/ozone/hdds-container-service/1.3.0-SNAPSHOT/hdds-container-service-1.3.0-SNAPSHOT.jar!/webapps/hddsDatanode}
2022-12-06 15:44:59,669 [Listener at 127.0.0.1/44149] INFO  server.AbstractConnector (AbstractConnector.java:doStop(383)) - Stopped ServerConnector@6328f979{HTTP/1.1, (http/1.1)}{0.0.0.0:0}
2022-12-06 15:44:59,669 [Listener at 127.0.0.1/44149] INFO  server.session (HouseKeeper.java:stopScavenging(149)) - node0 Stopped scavenging
2022-12-06 15:44:59,669 [Listener at 127.0.0.1/44149] INFO  handler.ContextHandler (ContextHandler.java:doStop(1159)) - Stopped o.e.j.s.ServletContextHandler@1aebab12{static,/static,jar:file:/home/runner/.m2/repository/org/apache/ozone/hdds-container-service/1.3.0-SNAPSHOT/hdds-container-service-1.3.0-SNAPSHOT.jar!/webapps/static,STOPPED}
2022-12-06 15:44:59,669 [Listener at 127.0.0.1/44149] INFO  handler.ContextHandler (ContextHandler.java:doStop(1159)) - Stopped o.e.j.s.ServletContextHandler@3c0e7718{logs,/logs,file:///home/runner/work/ozone/ozone/hadoop-ozone/integration-test/target/log,STOPPED}
2022-12-06 15:44:59,792 [EventQueue-CommandQueueReportForCommandQueueReportHandler] WARN  events.EventQueue (EventQueue.java:fireEvent(216)) - No event handler registered for event TypedEvent{payloadType=DatanodeDetails, name='Datanode_Command_Queue_Updated'}
2022-12-06 15:44:59,940 [EventQueue-CommandQueueReportForCommandQueueReportHandler] WARN  events.EventQueue (EventQueue.java:fireEvent(216)) - No event handler registered for event TypedEvent{payloadType=DatanodeDetails, name='Datanode_Command_Queue_Updated'}
2022-12-06 15:45:00,318 [EventQueue-CommandQueueReportForCommandQueueReportHandler] WARN  events.EventQueue (EventQueue.java:fireEvent(216)) - No event handler registered for event TypedEvent{payloadType=DatanodeDetails, name='Datanode_Command_Queue_Updated'}
2022-12-06 15:45:00,319 [EventQueue-CommandQueueReportForCommandQueueReportHandler] WARN  events.EventQueue (EventQueue.java:fireEvent(216)) - No event handler registered for event TypedEvent{payloadType=DatanodeDetails, name='Datanode_Command_Queue_Updated'}
2022-12-06 15:45:00,321 [EventQueue-CommandQueueReportForCommandQueueReportHandler] WARN  events.EventQueue (EventQueue.java:fireEvent(216)) - No event handler registered for event TypedEvent{payloadType=DatanodeDetails, name='Datanode_Command_Queue_Updated'}
2022-12-06 15:45:00,330 [EventQueue-CommandQueueReportForCommandQueueReportHandler] WARN  events.EventQueue (EventQueue.java:fireEvent(216)) - No event handler registered for event TypedEvent{payloadType=DatanodeDetails, name='Datanode_Command_Queue_Updated'}
2022-12-06 15:45:00,339 [EventQueue-StaleNodeForStaleNodeHandler] INFO  node.StaleNodeHandler (StaleNodeHandler.java:onMessage(59)) - Datanode b0993b33-1422-4b90-a478-b8a2894a7eaa{ip: 10.1.0.110, host: fv-az133-40.ac31hddj4phu5ocom5smqd4hkf.cx.internal.cloudapp.net, ports: [REPLICATION=44271, RATIS=42755, RATIS_ADMIN=42755, RATIS_SERVER=42755, STANDALONE=38575], networkLocation: /default-rack, certSerialId: null, persistedOpState: IN_SERVICE, persistedOpStateExpiryEpochSec: 0} moved to stale state. Finalizing its pipelines [PipelineID=e5386add-d74c-4c86-b83f-6b60a7c996db, PipelineID=bf923e71-20ae-46e3-a36e-860da3541f0f, PipelineID=f835e2b8-2c94-4d28-b8f1-e6ef3be0cb72, PipelineID=055b8b7a-8017-4d3f-a0d0-bb677440d3b3]
2022-12-06 15:45:00,340 [EventQueue-StaleNodeForStaleNodeHandler] INFO  pipeline.PipelineManagerImpl (PipelineManagerImpl.java:closePipeline(442)) - Pipeline Pipeline[ Id: e5386add-d74c-4c86-b83f-6b60a7c996db, Nodes: 4ef44404-e624-4c50-bb49-8deedaf9742c{ip: 10.1.0.110, host: fv-az133-40.ac31hddj4phu5ocom5smqd4hkf.cx.internal.cloudapp.net, ports: [REPLICATION=42083, RATIS=46141, RATIS_ADMIN=46141, RATIS_SERVER=46141, STANDALONE=33769], networkLocation: /default-rack, certSerialId: null, persistedOpState: IN_SERVICE, persistedOpStateExpiryEpochSec: 0}0587405b-2ffa-4132-824d-547ca09f0e52{ip: 10.1.0.110, host: fv-az133-40.ac31hddj4phu5ocom5smqd4hkf.cx.internal.cloudapp.net, ports: [REPLICATION=32813, RATIS=38421, RATIS_ADMIN=38421, RATIS_SERVER=38421, STANDALONE=40413], networkLocation: /default-rack, certSerialId: null, persistedOpState: IN_SERVICE, persistedOpStateExpiryEpochSec: 0}b0993b33-1422-4b90-a478-b8a2894a7eaa{ip: 10.1.0.110, host: fv-az133-40.ac31hddj4phu5ocom5smqd4hkf.cx.internal.cloudapp.net, ports: [REPLICATION=44271, RATIS=42755, RATIS_ADMIN=42755, RATIS_SERVER=42755, STANDALONE=38575], networkLocation: /default-rack, certSerialId: null, persistedOpState: IN_SERVICE, persistedOpStateExpiryEpochSec: 0}, ReplicationConfig: RATIS/THREE, State:ALLOCATED, leaderId:, CreationTimestamp2022-12-06T15:44:42.933Z[Etc/UTC]] moved to CLOSED state
2022-12-06 15:45:00,341 [EventQueue-StaleNodeForStaleNodeHandler] INFO  pipeline.PipelineManagerImpl (PipelineManagerImpl.java:closePipeline(442)) - Pipeline Pipeline[ Id: bf923e71-20ae-46e3-a36e-860da3541f0f, Nodes: b0993b33-1422-4b90-a478-b8a2894a7eaa{ip: 10.1.0.110, host: fv-az133-40.ac31hddj4phu5ocom5smqd4hkf.cx.internal.cloudapp.net, ports: [REPLICATION=44271, RATIS=42755, RATIS_ADMIN=42755, RATIS_SERVER=42755, STANDALONE=38575], networkLocation: /default-rack, certSerialId: null, persistedOpState: IN_SERVICE, persistedOpStateExpiryEpochSec: 0}, ReplicationConfig: RATIS/ONE, State:OPEN, leaderId:b0993b33-1422-4b90-a478-b8a2894a7eaa, CreationTimestamp2022-12-06T15:44:42.924Z[Etc/UTC]] moved to CLOSED state
2022-12-06 15:45:00,341 [EventQueue-StaleNodeForStaleNodeHandler] INFO  pipeline.PipelineManagerImpl (PipelineManagerImpl.java:closePipeline(442)) - Pipeline Pipeline[ Id: f835e2b8-2c94-4d28-b8f1-e6ef3be0cb72, Nodes: b0993b33-1422-4b90-a478-b8a2894a7eaa{ip: 10.1.0.110, host: fv-az133-40.ac31hddj4phu5ocom5smqd4hkf.cx.internal.cloudapp.net, ports: [REPLICATION=44271, RATIS=42755, RATIS_ADMIN=42755, RATIS_SERVER=42755, STANDALONE=38575], networkLocation: /default-rack, certSerialId: null, persistedOpState: IN_SERVICE, persistedOpStateExpiryEpochSec: 0}4ef44404-e624-4c50-bb49-8deedaf9742c{ip: 10.1.0.110, host: fv-az133-40.ac31hddj4phu5ocom5smqd4hkf.cx.internal.cloudapp.net, ports: [REPLICATION=42083, RATIS=46141, RATIS_ADMIN=46141, RATIS_SERVER=46141, STANDALONE=33769], networkLocation: /default-rack, certSerialId: null, persistedOpState: IN_SERVICE, persistedOpStateExpiryEpochSec: 0}0587405b-2ffa-4132-824d-547ca09f0e52{ip: 10.1.0.110, host: fv-az133-40.ac31hddj4phu5ocom5smqd4hkf.cx.internal.cloudapp.net, ports: [REPLICATION=32813, RATIS=38421, RATIS_ADMIN=38421, RATIS_SERVER=38421, STANDALONE=40413], networkLocation: /default-rack, certSerialId: null, persistedOpState: IN_SERVICE, persistedOpStateExpiryEpochSec: 0}, ReplicationConfig: RATIS/THREE, State:OPEN, leaderId:b0993b33-1422-4b90-a478-b8a2894a7eaa, CreationTimestamp2022-12-06T15:44:42.931Z[Etc/UTC]] moved to CLOSED state
2022-12-06 15:45:00,345 [EventQueue-StaleNodeForStaleNodeHandler] INFO  pipeline.PipelineManagerImpl (PipelineManagerImpl.java:closeContainersForPipeline(421)) - Container #1 closed for pipeline=PipelineID=055b8b7a-8017-4d3f-a0d0-bb677440d3b3
2022-12-06 15:45:00,345 [EventQueue-CloseContainerForCloseContainerEventHandler] INFO  container.CloseContainerEventHandler (CloseContainerEventHandler.java:onMessage(73)) - Close container Event triggered for container : #1, current state: CLOSING
2022-12-06 15:45:00,345 [EventQueue-StaleNodeForStaleNodeHandler] INFO  pipeline.PipelineManagerImpl (PipelineManagerImpl.java:closePipeline(442)) - Pipeline Pipeline[ Id: 055b8b7a-8017-4d3f-a0d0-bb677440d3b3, Nodes: b0993b33-1422-4b90-a478-b8a2894a7eaa{ip: 10.1.0.110, host: fv-az133-40.ac31hddj4phu5ocom5smqd4hkf.cx.internal.cloudapp.net, ports: [REPLICATION=44271, RATIS=42755, RATIS_ADMIN=42755, RATIS_SERVER=42755, STANDALONE=38575], networkLocation: /default-rack, certSerialId: null, persistedOpState: null, persistedOpStateExpiryEpochSec: 0}cc93147f-bc2d-4803-9a7c-bfa6df100165{ip: 10.1.0.110, host: fv-az133-40.ac31hddj4phu5ocom5smqd4hkf.cx.internal.cloudapp.net, ports: [REPLICATION=44167, RATIS=32927, RATIS_ADMIN=32927, RATIS_SERVER=32927, STANDALONE=46525], networkLocation: /default-rack, certSerialId: null, persistedOpState: null, persistedOpStateExpiryEpochSec: 0}831a834c-0d76-4477-9113-3f6aa01da917{ip: 10.1.0.110, host: fv-az133-40.ac31hddj4phu5ocom5smqd4hkf.cx.internal.cloudapp.net, ports: [REPLICATION=35421, RATIS=38237, RATIS_ADMIN=38237, RATIS_SERVER=38237, STANDALONE=40149], networkLocation: /default-rack, certSerialId: null, persistedOpState: null, persistedOpStateExpiryEpochSec: 0}470e2686-24c9-4e42-bae6-1f3a72650c76{ip: 10.1.0.110, host: fv-az133-40.ac31hddj4phu5ocom5smqd4hkf.cx.internal.cloudapp.net, ports: [REPLICATION=41209, RATIS=33297, RATIS_ADMIN=33297, RATIS_SERVER=33297, STANDALONE=42791], networkLocation: /default-rack, certSerialId: null, persistedOpState: null, persistedOpStateExpiryEpochSec: 0}2497daeb-967d-49ad-8f28-1297e8c4c732{ip: 10.1.0.110, host: fv-az133-40.ac31hddj4phu5ocom5smqd4hkf.cx.internal.cloudapp.net, ports: [REPLICATION=46249, RATIS=46387, RATIS_ADMIN=46387, RATIS_SERVER=46387, STANDALONE=33911], networkLocation: /default-rack, certSerialId: null, persistedOpState: null, persistedOpStateExpiryEpochSec: 0}, ReplicationConfig: EC/ECReplicationConfig{data=3, parity=2, ecChunkSize=1024, codec=rs}, State:OPEN, leaderId:, CreationTimestamp2022-12-06T15:44:56.941Z[Etc/UTC]] moved to CLOSED state
2022-12-06 15:45:00,519 [EventQueue-CommandQueueReportForCommandQueueReportHandler] WARN  events.EventQueue (EventQueue.java:fireEvent(216)) - No event handler registered for event TypedEvent{payloadType=DatanodeDetails, name='Datanode_Command_Queue_Updated'}
2022-12-06 15:45:00,524 [EventQueue-CommandQueueReportForCommandQueueReportHandler] WARN  events.EventQueue (EventQueue.java:fireEvent(216)) - No event handler registered for event TypedEvent{payloadType=DatanodeDetails, name='Datanode_Command_Queue_Updated'}
2022-12-06 15:45:00,633 [EventQueue-CommandQueueReportForCommandQueueReportHandler] WARN  events.EventQueue (EventQueue.java:fireEvent(216)) - No event handler registered for event TypedEvent{payloadType=DatanodeDetails, name='Datanode_Command_Queue_Updated'}
2022-12-06 15:45:00,793 [EventQueue-CommandQueueReportForCommandQueueReportHandler] WARN  events.EventQueue (EventQueue.java:fireEvent(216)) - No event handler registered for event TypedEvent{payloadType=DatanodeDetails, name='Datanode_Command_Queue_Updated'}
2022-12-06 15:45:00,941 [EventQueue-CommandQueueReportForCommandQueueReportHandler] WARN  events.EventQueue (EventQueue.java:fireEvent(216)) - No event handler registered for event TypedEvent{payloadType=DatanodeDetails, name='Datanode_Command_Queue_Updated'}
2022-12-06 15:45:01,318 [EventQueue-CommandQueueReportForCommandQueueReportHandler] WARN  events.EventQueue (EventQueue.java:fireEvent(216)) - No event handler registered for event TypedEvent{payloadType=DatanodeDetails, name='Datanode_Command_Queue_Updated'}
2022-12-06 15:45:01,320 [EventQueue-CommandQueueReportForCommandQueueReportHandler] WARN  events.EventQueue (EventQueue.java:fireEvent(216)) - No event handler registered for event TypedEvent{payloadType=DatanodeDetails, name='Datanode_Command_Queue_Updated'}
2022-12-06 15:45:01,321 [EventQueue-CommandQueueReportForCommandQueueReportHandler] WARN  events.EventQueue (EventQueue.java:fireEvent(216)) - No event handler registered for event TypedEvent{payloadType=DatanodeDetails, name='Datanode_Command_Queue_Updated'}
2022-12-06 15:45:01,330 [EventQueue-CommandQueueReportForCommandQueueReportHandler] WARN  events.EventQueue (EventQueue.java:fireEvent(216)) - No event handler registered for event TypedEvent{payloadType=DatanodeDetails, name='Datanode_Command_Queue_Updated'}
2022-12-06 15:45:01,519 [EventQueue-CommandQueueReportForCommandQueueReportHandler] WARN  events.EventQueue (EventQueue.java:fireEvent(216)) - No event handler registered for event TypedEvent{payloadType=DatanodeDetails, name='Datanode_Command_Queue_Updated'}
2022-12-06 15:45:01,524 [EventQueue-CommandQueueReportForCommandQueueReportHandler] WARN  events.EventQueue (EventQueue.java:fireEvent(216)) - No event handler registered for event TypedEvent{payloadType=DatanodeDetails, name='Datanode_Command_Queue_Updated'}
2022-12-06 15:45:01,633 [EventQueue-CommandQueueReportForCommandQueueReportHandler] WARN  events.EventQueue (EventQueue.java:fireEvent(216)) - No event handler registered for event TypedEvent{payloadType=DatanodeDetails, name='Datanode_Command_Queue_Updated'}
2022-12-06 15:45:01,792 [0587405b-2ffa-4132-824d-547ca09f0e52@group-6B60A7C996DB-FollowerState] INFO  server.RaftServerConfigKeys (ConfUtils.java:logFallback(53)) - raft.server.rpc.first-election.timeout.min = 5s (fallback to raft.server.rpc.timeout.min)
2022-12-06 15:45:01,792 [0587405b-2ffa-4132-824d-547ca09f0e52@group-6B60A7C996DB-FollowerState] INFO  server.RaftServerConfigKeys (ConfUtils.java:logFallback(53)) - raft.server.rpc.first-election.timeout.max = 5200ms (fallback to raft.server.rpc.timeout.max)
2022-12-06 15:45:01,793 [EventQueue-CommandQueueReportForCommandQueueReportHandler] WARN  events.EventQueue (EventQueue.java:fireEvent(216)) - No event handler registered for event TypedEvent{payloadType=DatanodeDetails, name='Datanode_Command_Queue_Updated'}
2022-12-06 15:45:01,911 [4ef44404-e624-4c50-bb49-8deedaf9742c@group-6B60A7C996DB-FollowerState] INFO  impl.FollowerState (FollowerState.java:run(143)) - 4ef44404-e624-4c50-bb49-8deedaf9742c@group-6B60A7C996DB-FollowerState: change to CANDIDATE, lastRpcElapsedTime:5150253300ns, electionTimeout:5148ms
2022-12-06 15:45:01,911 [4ef44404-e624-4c50-bb49-8deedaf9742c@group-6B60A7C996DB-FollowerState] INFO  impl.RoleInfo (RoleInfo.java:shutdownFollowerState(110)) - 4ef44404-e624-4c50-bb49-8deedaf9742c: shutdown 4ef44404-e624-4c50-bb49-8deedaf9742c@group-6B60A7C996DB-FollowerState
2022-12-06 15:45:01,911 [4ef44404-e624-4c50-bb49-8deedaf9742c@group-6B60A7C996DB-FollowerState] INFO  server.RaftServer$Division (RaftServerImpl.java:setRole(321)) - 4ef44404-e624-4c50-bb49-8deedaf9742c@group-6B60A7C996DB: changes role from  FOLLOWER to CANDIDATE at term 2 for changeToCandidate
2022-12-06 15:45:01,911 [4ef44404-e624-4c50-bb49-8deedaf9742c@group-6B60A7C996DB-FollowerState] INFO  server.RaftServerConfigKeys (ConfUtils.java:logGet(46)) - raft.server.leaderelection.pre-vote = false (custom)
2022-12-06 15:45:01,911 [4ef44404-e624-4c50-bb49-8deedaf9742c@group-6B60A7C996DB-FollowerState] INFO  impl.RoleInfo (RoleInfo.java:updateAndGet(139)) - 4ef44404-e624-4c50-bb49-8deedaf9742c: start 4ef44404-e624-4c50-bb49-8deedaf9742c@group-6B60A7C996DB-LeaderElection27
2022-12-06 15:45:01,918 [4ef44404-e624-4c50-bb49-8deedaf9742c@group-6B60A7C996DB-LeaderElection27] INFO  impl.LeaderElection (LeaderElection.java:askForVotes(312)) - 4ef44404-e624-4c50-bb49-8deedaf9742c@group-6B60A7C996DB-LeaderElection27 ELECTION round 0: submit vote requests at term 3 for -1: peers:[4ef44404-e624-4c50-bb49-8deedaf9742c|rpc:10.1.0.110:46141|dataStream:|priority:1|startupRole:FOLLOWER, b0993b33-1422-4b90-a478-b8a2894a7eaa|rpc:10.1.0.110:42755|dataStream:|priority:0|startupRole:FOLLOWER, 0587405b-2ffa-4132-824d-547ca09f0e52|rpc:10.1.0.110:38421|dataStream:|priority:0|startupRole:FOLLOWER]|listeners:[], old=null
2022-12-06 15:45:01,918 [4ef44404-e624-4c50-bb49-8deedaf9742c@group-6B60A7C996DB-LeaderElection27] INFO  server.RaftServerConfigKeys (ConfUtils.java:logFallback(53)) - raft.server.rpc.first-election.timeout.min = 5s (fallback to raft.server.rpc.timeout.min)
2022-12-06 15:45:01,919 [4ef44404-e624-4c50-bb49-8deedaf9742c@group-6B60A7C996DB-LeaderElection27] INFO  server.RaftServerConfigKeys (ConfUtils.java:logFallback(53)) - raft.server.rpc.first-election.timeout.max = 5200ms (fallback to raft.server.rpc.timeout.max)
2022-12-06 15:45:01,921 [grpc-default-executor-2] INFO  server.RaftServer$Division (RaftServerImpl.java:requestVote(1218)) - 0587405b-2ffa-4132-824d-547ca09f0e52@group-6B60A7C996DB: receive requestVote(ELECTION, 4ef44404-e624-4c50-bb49-8deedaf9742c, group-6B60A7C996DB, 3, (t:0, i:0))
2022-12-06 15:45:01,921 [grpc-default-executor-2] INFO  impl.VoteContext (VoteContext.java:log(49)) - 0587405b-2ffa-4132-824d-547ca09f0e52@group-6B60A7C996DB-FOLLOWER: accept ELECTION from 4ef44404-e624-4c50-bb49-8deedaf9742c: our priority 0 <= candidate's priority 1
2022-12-06 15:45:01,921 [grpc-default-executor-2] INFO  server.RaftServer$Division (RaftServerImpl.java:setRole(321)) - 0587405b-2ffa-4132-824d-547ca09f0e52@group-6B60A7C996DB: changes role from  FOLLOWER to FOLLOWER at term 3 for candidate:4ef44404-e624-4c50-bb49-8deedaf9742c
2022-12-06 15:45:01,921 [grpc-default-executor-2] INFO  impl.RoleInfo (RoleInfo.java:shutdownFollowerState(110)) - 0587405b-2ffa-4132-824d-547ca09f0e52: shutdown 0587405b-2ffa-4132-824d-547ca09f0e52@group-6B60A7C996DB-FollowerState
2022-12-06 15:45:01,921 [grpc-default-executor-2] INFO  impl.RoleInfo (RoleInfo.java:updateAndGet(139)) - 0587405b-2ffa-4132-824d-547ca09f0e52: start 0587405b-2ffa-4132-824d-547ca09f0e52@group-6B60A7C996DB-FollowerState
2022-12-06 15:45:01,921 [0587405b-2ffa-4132-824d-547ca09f0e52@group-6B60A7C996DB-FollowerState] INFO  impl.FollowerState (FollowerState.java:run(152)) - 0587405b-2ffa-4132-824d-547ca09f0e52@group-6B60A7C996DB-FollowerState was interrupted
2022-12-06 15:45:01,923 [0587405b-2ffa-4132-824d-547ca09f0e52@group-6B60A7C996DB-FollowerState] INFO  server.RaftServerConfigKeys (ConfUtils.java:logFallback(53)) - raft.server.rpc.first-election.timeout.min = 5s (fallback to raft.server.rpc.timeout.min)
2022-12-06 15:45:01,923 [0587405b-2ffa-4132-824d-547ca09f0e52@group-6B60A7C996DB-FollowerState] INFO  server.RaftServerConfigKeys (ConfUtils.java:logFallback(53)) - raft.server.rpc.first-election.timeout.max = 5200ms (fallback to raft.server.rpc.timeout.max)
2022-12-06 15:45:01,924 [grpc-default-executor-2] INFO  server.RaftServer$Division (RaftServerImpl.java:requestVote(1251)) - 0587405b-2ffa-4132-824d-547ca09f0e52@group-6B60A7C996DB replies to ELECTION vote request: 4ef44404-e624-4c50-bb49-8deedaf9742c<-0587405b-2ffa-4132-824d-547ca09f0e52#0:OK-t3. Peer's state: 0587405b-2ffa-4132-824d-547ca09f0e52@group-6B60A7C996DB:t3, leader=null, voted=4ef44404-e624-4c50-bb49-8deedaf9742c, raftlog=Memoized:0587405b-2ffa-4132-824d-547ca09f0e52@group-6B60A7C996DB-SegmentedRaftLog:OPENED:c-1, conf=-1: peers:[4ef44404-e624-4c50-bb49-8deedaf9742c|rpc:10.1.0.110:46141|priority:1|startupRole:FOLLOWER, b0993b33-1422-4b90-a478-b8a2894a7eaa|rpc:10.1.0.110:42755|priority:0|startupRole:FOLLOWER, 0587405b-2ffa-4132-824d-547ca09f0e52|rpc:10.1.0.110:38421|priority:0|startupRole:FOLLOWER]|listeners:[], old=null
2022-12-06 15:45:01,925 [4ef44404-e624-4c50-bb49-8deedaf9742c@group-6B60A7C996DB-LeaderElection27] INFO  impl.LeaderElection (LeaderElection.java:logAndReturn(90)) - 4ef44404-e624-4c50-bb49-8deedaf9742c@group-6B60A7C996DB-LeaderElection27: ELECTION PASSED received 1 response(s) and 0 exception(s):
2022-12-06 15:45:01,925 [4ef44404-e624-4c50-bb49-8deedaf9742c@group-6B60A7C996DB-LeaderElection27] INFO  impl.LeaderElection (LeaderElection.java:logAndReturn(94)) -   Response 0: 4ef44404-e624-4c50-bb49-8deedaf9742c<-0587405b-2ffa-4132-824d-547ca09f0e52#0:OK-t3
2022-12-06 15:45:01,925 [4ef44404-e624-4c50-bb49-8deedaf9742c@group-6B60A7C996DB-LeaderElection27] INFO  impl.LeaderElection (LeaderElection.java:askForVotes(314)) - 4ef44404-e624-4c50-bb49-8deedaf9742c@group-6B60A7C996DB-LeaderElection27 ELECTION round 0: result PASSED
2022-12-06 15:45:01,925 [4ef44404-e624-4c50-bb49-8deedaf9742c@group-6B60A7C996DB-LeaderElection27] INFO  impl.RoleInfo (RoleInfo.java:shutdownLeaderElection(130)) - 4ef44404-e624-4c50-bb49-8deedaf9742c: shutdown 4ef44404-e624-4c50-bb49-8deedaf9742c@group-6B60A7C996DB-LeaderElection27
2022-12-06 15:45:01,925 [4ef44404-e624-4c50-bb49-8deedaf9742c@group-6B60A7C996DB-LeaderElection27] INFO  server.RaftServer$Division (RaftServerImpl.java:setRole(321)) - 4ef44404-e624-4c50-bb49-8deedaf9742c@group-6B60A7C996DB: changes role from CANDIDATE to LEADER at term 3 for changeToLeader
2022-12-06 15:45:01,926 [4ef44404-e624-4c50-bb49-8deedaf9742c@group-6B60A7C996DB-LeaderElection27] INFO  ratis.XceiverServerRatis (XceiverServerRatis.java:handleLeaderChangedNotification(863)) - Leader change notification received for group: group-6B60A7C996DB with new leaderId: 4ef44404-e624-4c50-bb49-8deedaf9742c
2022-12-06 15:45:01,926 [4ef44404-e624-4c50-bb49-8deedaf9742c@group-6B60A7C996DB-LeaderElection27] INFO  server.RaftServer$Division (ServerState.java:setLeader(313)) - 4ef44404-e624-4c50-bb49-8deedaf9742c@group-6B60A7C996DB: change Leader from null to 4ef44404-e624-4c50-bb49-8deedaf9742c at term 3 for becomeLeader, leader elected after 15384ms
2022-12-06 15:45:01,927 [4ef44404-e624-4c50-bb49-8deedaf9742c@group-6B60A7C996DB-LeaderElection27] INFO  server.RaftServerConfigKeys (ConfUtils.java:logGet(46)) - raft.server.staging.catchup.gap = 1000 (default)
2022-12-06 15:45:01,927 [4ef44404-e624-4c50-bb49-8deedaf9742c@group-6B60A7C996DB-LeaderElection27] INFO  server.RaftServerConfigKeys (ConfUtils.java:logGet(46)) - raft.server.write.element-limit = 1024 (custom)
2022-12-06 15:45:01,927 [4ef44404-e624-4c50-bb49-8deedaf9742c@group-6B60A7C996DB-LeaderElection27] INFO  server.RaftServerConfigKeys (ConfUtils.java:logGet(46)) - raft.server.write.byte-limit = 1024 M (=1073741824) (custom)
2022-12-06 15:45:01,927 [4ef44404-e624-4c50-bb49-8deedaf9742c@group-6B60A7C996DB-LeaderElection27] INFO  server.RaftServerConfigKeys (ConfUtils.java:logGet(46)) - raft.server.watch.timeout = 180s (custom)
2022-12-06 15:45:01,927 [4ef44404-e624-4c50-bb49-8deedaf9742c@group-6B60A7C996DB-LeaderElection27] INFO  server.RaftServerConfigKeys (ConfUtils.java:logGet(46)) - raft.server.watch.timeout.denomination = 1s (default)
2022-12-06 15:45:01,927 [4ef44404-e624-4c50-bb49-8deedaf9742c@group-6B60A7C996DB-LeaderElection27] INFO  server.RaftServerConfigKeys (ConfUtils.java:logGet(46)) - raft.server.watch.element-limit = 65536 (default)
2022-12-06 15:45:01,928 [4ef44404-e624-4c50-bb49-8deedaf9742c@group-6B60A7C996DB-LeaderElection27] INFO  server.RaftServerConfigKeys (ConfUtils.java:logGet(46)) - raft.server.write.element-limit = 1024 (custom)
2022-12-06 15:45:01,928 [4ef44404-e624-4c50-bb49-8deedaf9742c@group-6B60A7C996DB-LeaderElection27] INFO  server.RaftServerConfigKeys (ConfUtils.java:logGet(46)) - raft.server.write.follower.gap.ratio.max = -1.0 (default)
2022-12-06 15:45:01,928 [4ef44404-e624-4c50-bb49-8deedaf9742c@group-6B60A7C996DB-LeaderElection27] INFO  server.RaftServerConfigKeys (ConfUtils.java:logGet(46)) - raft.server.log.appender.snapshot.chunk.size.max = 16MB (=16777216) (default)
2022-12-06 15:45:01,928 [4ef44404-e624-4c50-bb49-8deedaf9742c@group-6B60A7C996DB-LeaderElection27] INFO  server.RaftServerConfigKeys (ConfUtils.java:logGet(46)) - raft.server.log.appender.buffer.byte-limit = 33554432 (custom)
2022-12-06 15:45:01,928 [4ef44404-e624-4c50-bb49-8deedaf9742c@group-6B60A7C996DB-LeaderElection27] INFO  server.RaftServerConfigKeys (ConfUtils.java:logGet(46)) - raft.server.log.appender.buffer.element-limit = 1 (custom)
2022-12-06 15:45:01,928 [4ef44404-e624-4c50-bb49-8deedaf9742c@group-6B60A7C996DB-LeaderElection27] INFO  grpc.GrpcConfigKeys (ConfUtils.java:logGet(46)) - raft.grpc.server.leader.outstanding.appends.max = 128 (default)
2022-12-06 15:45:01,928 [4ef44404-e624-4c50-bb49-8deedaf9742c@group-6B60A7C996DB-LeaderElection27] INFO  server.RaftServerConfigKeys (ConfUtils.java:logGet(46)) - raft.server.rpc.request.timeout = 60s (custom)
2022-12-06 15:45:01,928 [4ef44404-e624-4c50-bb49-8deedaf9742c@group-6B60A7C996DB-LeaderElection27] INFO  server.RaftServerConfigKeys (ConfUtils.java:logGet(46)) - raft.server.log.appender.install.snapshot.enabled = false (custom)
2022-12-06 15:45:01,928 [4ef44404-e624-4c50-bb49-8deedaf9742c@group-6B60A7C996DB-LeaderElection27] INFO  grpc.GrpcConfigKeys (ConfUtils.java:logGet(46)) - raft.grpc.server.heartbeat.channel = true (default)
2022-12-06 15:45:01,929 [4ef44404-e624-4c50-bb49-8deedaf9742c@group-6B60A7C996DB-LeaderElection27] INFO  server.RaftServerConfigKeys (ConfUtils.java:logGet(46)) - raft.server.log.appender.wait-time.min = 10ms (default)
2022-12-06 15:45:01,929 [4ef44404-e624-4c50-bb49-8deedaf9742c@group-6B60A7C996DB-LeaderElection27] INFO  server.RaftServerConfigKeys (ConfUtils.java:logGet(46)) - raft.server.log.appender.snapshot.chunk.size.max = 16MB (=16777216) (default)
2022-12-06 15:45:01,929 [4ef44404-e624-4c50-bb49-8deedaf9742c@group-6B60A7C996DB-LeaderElection27] INFO  server.RaftServerConfigKeys (ConfUtils.java:logGet(46)) - raft.server.log.appender.buffer.byte-limit = 33554432 (custom)
2022-12-06 15:45:01,929 [4ef44404-e624-4c50-bb49-8deedaf9742c@group-6B60A7C996DB-LeaderElection27] INFO  server.RaftServerConfigKeys (ConfUtils.java:logGet(46)) - raft.server.log.appender.buffer.element-limit = 1 (custom)
2022-12-06 15:45:01,929 [4ef44404-e624-4c50-bb49-8deedaf9742c@group-6B60A7C996DB-LeaderElection27] INFO  grpc.GrpcConfigKeys (ConfUtils.java:logGet(46)) - raft.grpc.server.leader.outstanding.appends.max = 128 (default)
2022-12-06 15:45:01,929 [4ef44404-e624-4c50-bb49-8deedaf9742c@group-6B60A7C996DB-LeaderElection27] INFO  server.RaftServerConfigKeys (ConfUtils.java:logGet(46)) - raft.server.rpc.request.timeout = 60s (custom)
2022-12-06 15:45:01,929 [4ef44404-e624-4c50-bb49-8deedaf9742c@group-6B60A7C996DB-LeaderElection27] INFO  server.RaftServerConfigKeys (ConfUtils.java:logGet(46)) - raft.server.log.appender.install.snapshot.enabled = false (custom)
2022-12-06 15:45:01,929 [4ef44404-e624-4c50-bb49-8deedaf9742c@group-6B60A7C996DB-LeaderElection27] INFO  grpc.GrpcConfigKeys (ConfUtils.java:logGet(46)) - raft.grpc.server.heartbeat.channel = true (default)
2022-12-06 15:45:01,930 [4ef44404-e624-4c50-bb49-8deedaf9742c@group-6B60A7C996DB-LeaderElection27] INFO  server.RaftServerConfigKeys (ConfUtils.java:logGet(46)) - raft.server.log.appender.wait-time.min = 10ms (default)
2022-12-06 15:45:01,930 [4ef44404-e624-4c50-bb49-8deedaf9742c@group-6B60A7C996DB-LeaderElection27] INFO  impl.RoleInfo (RoleInfo.java:updateAndGet(139)) - 4ef44404-e624-4c50-bb49-8deedaf9742c: start 4ef44404-e624-4c50-bb49-8deedaf9742c@group-6B60A7C996DB-LeaderStateImpl
2022-12-06 15:45:01,931 [4ef44404-e624-4c50-bb49-8deedaf9742c@group-6B60A7C996DB-LeaderElection27] INFO  segmented.SegmentedRaftLogWorker (SegmentedRaftLogWorker.java:startLogSegment(452)) - 4ef44404-e624-4c50-bb49-8deedaf9742c@group-6B60A7C996DB-SegmentedRaftLogWorker: Starting segment from index:0
2022-12-06 15:45:01,931 [EventQueue-CommandQueueReportForCommandQueueReportHandler] WARN  events.EventQueue (EventQueue.java:fireEvent(216)) - No event handler registered for event TypedEvent{payloadType=DatanodeDetails, name='Datanode_Command_Queue_Updated'}
2022-12-06 15:45:01,941 [4ef44404-e624-4c50-bb49-8deedaf9742c@group-6B60A7C996DB-LeaderElection27] INFO  server.RaftServer$Division (ServerState.java:setRaftConf(430)) - 4ef44404-e624-4c50-bb49-8deedaf9742c@group-6B60A7C996DB: set configuration 0: peers:[4ef44404-e624-4c50-bb49-8deedaf9742c|rpc:10.1.0.110:46141|dataStream:|priority:1|startupRole:FOLLOWER, b0993b33-1422-4b90-a478-b8a2894a7eaa|rpc:10.1.0.110:42755|dataStream:|priority:0|startupRole:FOLLOWER, 0587405b-2ffa-4132-824d-547ca09f0e52|rpc:10.1.0.110:38421|dataStream:|priority:0|startupRole:FOLLOWER]|listeners:[], old=null
2022-12-06 15:45:01,941 [EventQueue-CommandQueueReportForCommandQueueReportHandler] WARN  events.EventQueue (EventQueue.java:fireEvent(216)) - No event handler registered for event TypedEvent{payloadType=DatanodeDetails, name='Datanode_Command_Queue_Updated'}
2022-12-06 15:45:01,942 [4ef44404-e624-4c50-bb49-8deedaf9742c@group-6B60A7C996DB-SegmentedRaftLogWorker] INFO  segmented.SegmentedRaftLogWorker (SegmentedRaftLogWorker.java:execute(656)) - 4ef44404-e624-4c50-bb49-8deedaf9742c@group-6B60A7C996DB-SegmentedRaftLogWorker: created new log segment /home/runner/work/ozone/ozone/hadoop-ozone/integration-test/target/test-dir/MiniOzoneClusterImpl-dce15e54-dc76-4f82-a75a-fd2a8a22e08e/datanode-0/data/ratis/e5386add-d74c-4c86-b83f-6b60a7c996db/current/log_inprogress_0
2022-12-06 15:45:01,956 [grpc-default-executor-0] WARN  server.GrpcLogAppender (LogUtils.java:warn(122)) - 4ef44404-e624-4c50-bb49-8deedaf9742c@group-6B60A7C996DB->b0993b33-1422-4b90-a478-b8a2894a7eaa-AppendLogResponseHandler: Failed appendEntries: org.apache.ratis.thirdparty.io.grpc.StatusRuntimeException: UNAVAILABLE: io exception
2022-12-06 15:45:01,960 [grpc-default-executor-1] WARN  server.GrpcLogAppender (LogUtils.java:warn(122)) - 4ef44404-e624-4c50-bb49-8deedaf9742c@group-6B60A7C996DB->b0993b33-1422-4b90-a478-b8a2894a7eaa-AppendLogResponseHandler: Failed appendEntries: org.apache.ratis.thirdparty.io.grpc.StatusRuntimeException: UNAVAILABLE: io exception
2022-12-06 15:45:01,961 [grpc-default-executor-0] WARN  server.GrpcLogAppender (GrpcLogAppender.java:resetClient(131)) - 4ef44404-e624-4c50-bb49-8deedaf9742c@group-6B60A7C996DB->b0993b33-1422-4b90-a478-b8a2894a7eaa-GrpcLogAppender: Leader has not got in touch with Follower 4ef44404-e624-4c50-bb49-8deedaf9742c@group-6B60A7C996DB->b0993b33-1422-4b90-a478-b8a2894a7eaa(c-1,m0,n1, attendVote=true, lastRpcSendTime=16, lastRpcResponseTime=5233) yet, just keep nextIndex unchanged and retry.
2022-12-06 15:45:01,963 [grpc-default-executor-1] WARN  server.GrpcLogAppender (GrpcLogAppender.java:resetClient(131)) - 4ef44404-e624-4c50-bb49-8deedaf9742c@group-6B60A7C996DB->b0993b33-1422-4b90-a478-b8a2894a7eaa-GrpcLogAppender: Leader has not got in touch with Follower 4ef44404-e624-4c50-bb49-8deedaf9742c@group-6B60A7C996DB->b0993b33-1422-4b90-a478-b8a2894a7eaa(c-1,m0,n1, attendVote=true, lastRpcSendTime=19, lastRpcResponseTime=5235) yet, just keep nextIndex unchanged and retry.
2022-12-06 15:45:01,965 [0587405b-2ffa-4132-824d-547ca09f0e52-server-thread1] INFO  ratis.XceiverServerRatis (XceiverServerRatis.java:handleLeaderChangedNotification(863)) - Leader change notification received for group: group-6B60A7C996DB with new leaderId: 4ef44404-e624-4c50-bb49-8deedaf9742c
2022-12-06 15:45:01,965 [0587405b-2ffa-4132-824d-547ca09f0e52-server-thread1] INFO  server.RaftServer$Division (ServerState.java:setLeader(313)) - 0587405b-2ffa-4132-824d-547ca09f0e52@group-6B60A7C996DB: change Leader from null to 4ef44404-e624-4c50-bb49-8deedaf9742c at term 3 for appendEntries, leader elected after 15484ms
2022-12-06 15:45:01,965 [0587405b-2ffa-4132-824d-547ca09f0e52-server-thread1] INFO  server.RaftServer$Division (ServerState.java:setRaftConf(430)) - 0587405b-2ffa-4132-824d-547ca09f0e52@group-6B60A7C996DB: set configuration 0: peers:[4ef44404-e624-4c50-bb49-8deedaf9742c|rpc:10.1.0.110:46141|dataStream:|priority:1|startupRole:FOLLOWER, b0993b33-1422-4b90-a478-b8a2894a7eaa|rpc:10.1.0.110:42755|dataStream:|priority:0|startupRole:FOLLOWER, 0587405b-2ffa-4132-824d-547ca09f0e52|rpc:10.1.0.110:38421|dataStream:|priority:0|startupRole:FOLLOWER]|listeners:[], old=null
2022-12-06 15:45:01,965 [0587405b-2ffa-4132-824d-547ca09f0e52-server-thread1] INFO  segmented.SegmentedRaftLogWorker (SegmentedRaftLogWorker.java:startLogSegment(452)) - 0587405b-2ffa-4132-824d-547ca09f0e52@group-6B60A7C996DB-SegmentedRaftLogWorker: Starting segment from index:0
2022-12-06 15:45:01,968 [0587405b-2ffa-4132-824d-547ca09f0e52@group-6B60A7C996DB-SegmentedRaftLogWorker] INFO  segmented.SegmentedRaftLogWorker (SegmentedRaftLogWorker.java:execute(656)) - 0587405b-2ffa-4132-824d-547ca09f0e52@group-6B60A7C996DB-SegmentedRaftLogWorker: created new log segment /home/runner/work/ozone/ozone/hadoop-ozone/integration-test/target/test-dir/MiniOzoneClusterImpl-dce15e54-dc76-4f82-a75a-fd2a8a22e08e/datanode-1/data/ratis/e5386add-d74c-4c86-b83f-6b60a7c996db/current/log_inprogress_0
2022-12-06 15:45:01,979 [831a834c-0d76-4477-9113-3f6aa01da917@group-86C4A20D7C89-FollowerState] INFO  impl.FollowerState (FollowerState.java:run(143)) - 831a834c-0d76-4477-9113-3f6aa01da917@group-86C4A20D7C89-FollowerState: change to CANDIDATE, lastRpcElapsedTime:5068782549ns, electionTimeout:5064ms
2022-12-06 15:45:01,980 [831a834c-0d76-4477-9113-3f6aa01da917@group-86C4A20D7C89-FollowerState] INFO  impl.RoleInfo (RoleInfo.java:shutdownFollowerState(110)) - 831a834c-0d76-4477-9113-3f6aa01da917: shutdown 831a834c-0d76-4477-9113-3f6aa01da917@group-86C4A20D7C89-FollowerState
2022-12-06 15:45:01,980 [831a834c-0d76-4477-9113-3f6aa01da917@group-86C4A20D7C89-FollowerState] INFO  server.RaftServer$Division (RaftServerImpl.java:setRole(321)) - 831a834c-0d76-4477-9113-3f6aa01da917@group-86C4A20D7C89: changes role from  FOLLOWER to CANDIDATE at term 2 for changeToCandidate
2022-12-06 15:45:01,980 [831a834c-0d76-4477-9113-3f6aa01da917@group-86C4A20D7C89-FollowerState] INFO  server.RaftServerConfigKeys (ConfUtils.java:logGet(46)) - raft.server.leaderelection.pre-vote = false (custom)
2022-12-06 15:45:01,980 [831a834c-0d76-4477-9113-3f6aa01da917@group-86C4A20D7C89-FollowerState] INFO  impl.RoleInfo (RoleInfo.java:updateAndGet(139)) - 831a834c-0d76-4477-9113-3f6aa01da917: start 831a834c-0d76-4477-9113-3f6aa01da917@group-86C4A20D7C89-LeaderElection28
2022-12-06 15:45:01,980 [470e2686-24c9-4e42-bae6-1f3a72650c76@group-86C4A20D7C89-FollowerState] INFO  impl.FollowerState (FollowerState.java:run(143)) - 470e2686-24c9-4e42-bae6-1f3a72650c76@group-86C4A20D7C89-FollowerState: change to CANDIDATE, lastRpcElapsedTime:5072586597ns, electionTimeout:5058ms
2022-12-06 15:45:01,984 [470e2686-24c9-4e42-bae6-1f3a72650c76@group-86C4A20D7C89-FollowerState] INFO  impl.RoleInfo (RoleInfo.java:shutdownFollowerState(110)) - 470e2686-24c9-4e42-bae6-1f3a72650c76: shutdown 470e2686-24c9-4e42-bae6-1f3a72650c76@group-86C4A20D7C89-FollowerState
2022-12-06 15:45:01,984 [470e2686-24c9-4e42-bae6-1f3a72650c76@group-86C4A20D7C89-FollowerState] INFO  server.RaftServer$Division (RaftServerImpl.java:setRole(321)) - 470e2686-24c9-4e42-bae6-1f3a72650c76@group-86C4A20D7C89: changes role from  FOLLOWER to CANDIDATE at term 2 for changeToCandidate
2022-12-06 15:45:01,984 [470e2686-24c9-4e42-bae6-1f3a72650c76@group-86C4A20D7C89-FollowerState] INFO  server.RaftServerConfigKeys (ConfUtils.java:logGet(46)) - raft.server.leaderelection.pre-vote = false (custom)
2022-12-06 15:45:01,984 [470e2686-24c9-4e42-bae6-1f3a72650c76@group-86C4A20D7C89-FollowerState] INFO  impl.RoleInfo (RoleInfo.java:updateAndGet(139)) - 470e2686-24c9-4e42-bae6-1f3a72650c76: start 470e2686-24c9-4e42-bae6-1f3a72650c76@group-86C4A20D7C89-LeaderElection29
2022-12-06 15:45:02,002 [470e2686-24c9-4e42-bae6-1f3a72650c76@group-86C4A20D7C89-LeaderElection29] INFO  impl.LeaderElection (LeaderElection.java:askForVotes(312)) - 470e2686-24c9-4e42-bae6-1f3a72650c76@group-86C4A20D7C89-LeaderElection29 ELECTION round 0: submit vote requests at term 3 for -1: peers:[470e2686-24c9-4e42-bae6-1f3a72650c76|rpc:10.1.0.110:33297|dataStream:|priority:1|startupRole:FOLLOWER, cc93147f-bc2d-4803-9a7c-bfa6df100165|rpc:10.1.0.110:32927|dataStream:|priority:0|startupRole:FOLLOWER, 831a834c-0d76-4477-9113-3f6aa01da917|rpc:10.1.0.110:38237|dataStream:|priority:0|startupRole:FOLLOWER]|listeners:[], old=null
2022-12-06 15:45:02,003 [470e2686-24c9-4e42-bae6-1f3a72650c76@group-86C4A20D7C89-LeaderElection29] INFO  server.RaftServerConfigKeys (ConfUtils.java:logFallback(53)) - raft.server.rpc.first-election.timeout.min = 5s (fallback to raft.server.rpc.timeout.min)
2022-12-06 15:45:02,003 [470e2686-24c9-4e42-bae6-1f3a72650c76@group-86C4A20D7C89-LeaderElection29] INFO  server.RaftServerConfigKeys (ConfUtils.java:logFallback(53)) - raft.server.rpc.first-election.timeout.max = 5200ms (fallback to raft.server.rpc.timeout.max)
2022-12-06 15:45:02,004 [grpc-default-executor-2] INFO  server.RaftServer$Division (RaftServerImpl.java:requestVote(1218)) - cc93147f-bc2d-4803-9a7c-bfa6df100165@group-86C4A20D7C89: receive requestVote(ELECTION, 470e2686-24c9-4e42-bae6-1f3a72650c76, group-86C4A20D7C89, 3, (t:0, i:0))
2022-12-06 15:45:02,005 [grpc-default-executor-2] INFO  impl.VoteContext (VoteContext.java:log(49)) - cc93147f-bc2d-4803-9a7c-bfa6df100165@group-86C4A20D7C89-FOLLOWER: accept ELECTION from 470e2686-24c9-4e42-bae6-1f3a72650c76: our priority 0 <= candidate's priority 1
2022-12-06 15:45:02,006 [grpc-default-executor-2] INFO  server.RaftServer$Division (RaftServerImpl.java:setRole(321)) - cc93147f-bc2d-4803-9a7c-bfa6df100165@group-86C4A20D7C89: changes role from  FOLLOWER to FOLLOWER at term 3 for candidate:470e2686-24c9-4e42-bae6-1f3a72650c76
2022-12-06 15:45:02,006 [grpc-default-executor-2] INFO  impl.RoleInfo (RoleInfo.java:shutdownFollowerState(110)) - cc93147f-bc2d-4803-9a7c-bfa6df100165: shutdown cc93147f-bc2d-4803-9a7c-bfa6df100165@group-86C4A20D7C89-FollowerState
2022-12-06 15:45:02,006 [grpc-default-executor-2] INFO  impl.RoleInfo (RoleInfo.java:updateAndGet(139)) - cc93147f-bc2d-4803-9a7c-bfa6df100165: start cc93147f-bc2d-4803-9a7c-bfa6df100165@group-86C4A20D7C89-FollowerState
2022-12-06 15:45:02,006 [cc93147f-bc2d-4803-9a7c-bfa6df100165@group-86C4A20D7C89-FollowerState] INFO  impl.FollowerState (FollowerState.java:run(152)) - cc93147f-bc2d-4803-9a7c-bfa6df100165@group-86C4A20D7C89-FollowerState was interrupted
2022-12-06 15:45:02,006 [cc93147f-bc2d-4803-9a7c-bfa6df100165@group-86C4A20D7C89-FollowerState] INFO  server.RaftServerConfigKeys (ConfUtils.java:logFallback(53)) - raft.server.rpc.first-election.timeout.min = 5s (fallback to raft.server.rpc.timeout.min)
2022-12-06 15:45:02,006 [cc93147f-bc2d-4803-9a7c-bfa6df100165@group-86C4A20D7C89-FollowerState] INFO  server.RaftServerConfigKeys (ConfUtils.java:logFallback(53)) - raft.server.rpc.first-election.timeout.max = 5200ms (fallback to raft.server.rpc.timeout.max)
2022-12-06 15:45:02,007 [grpc-default-executor-2] INFO  server.RaftServer$Division (RaftServerImpl.java:requestVote(1251)) - cc93147f-bc2d-4803-9a7c-bfa6df100165@group-86C4A20D7C89 replies to ELECTION vote request: 470e2686-24c9-4e42-bae6-1f3a72650c76<-cc93147f-bc2d-4803-9a7c-bfa6df100165#0:OK-t3. Peer's state: cc93147f-bc2d-4803-9a7c-bfa6df100165@group-86C4A20D7C89:t3, leader=null, voted=470e2686-24c9-4e42-bae6-1f3a72650c76, raftlog=Memoized:cc93147f-bc2d-4803-9a7c-bfa6df100165@group-86C4A20D7C89-SegmentedRaftLog:OPENED:c-1, conf=-1: peers:[470e2686-24c9-4e42-bae6-1f3a72650c76|rpc:10.1.0.110:33297|dataStream:|priority:1|startupRole:FOLLOWER, cc93147f-bc2d-4803-9a7c-bfa6df100165|rpc:10.1.0.110:32927|dataStream:|priority:0|startupRole:FOLLOWER, 831a834c-0d76-4477-9113-3f6aa01da917|rpc:10.1.0.110:38237|dataStream:|priority:0|startupRole:FOLLOWER]|listeners:[], old=null
2022-12-06 15:45:02,009 [470e2686-24c9-4e42-bae6-1f3a72650c76@group-86C4A20D7C89-LeaderElection29] INFO  impl.LeaderElection (LeaderElection.java:logAndReturn(90)) - 470e2686-24c9-4e42-bae6-1f3a72650c76@group-86C4A20D7C89-LeaderElection29: ELECTION PASSED received 1 response(s) and 0 exception(s):
2022-12-06 15:45:02,010 [470e2686-24c9-4e42-bae6-1f3a72650c76@group-86C4A20D7C89-LeaderElection29] INFO  impl.LeaderElection (LeaderElection.java:logAndReturn(94)) -   Response 0: 470e2686-24c9-4e42-bae6-1f3a72650c76<-cc93147f-bc2d-4803-9a7c-bfa6df100165#0:OK-t3
2022-12-06 15:45:02,010 [470e2686-24c9-4e42-bae6-1f3a72650c76@group-86C4A20D7C89-LeaderElection29] INFO  impl.LeaderElection (LeaderElection.java:askForVotes(314)) - 470e2686-24c9-4e42-bae6-1f3a72650c76@group-86C4A20D7C89-LeaderElection29 ELECTION round 0: result PASSED
2022-12-06 15:45:02,010 [grpc-default-executor-5] INFO  server.RaftServer$Division (RaftServerImpl.java:requestVote(1218)) - 831a834c-0d76-4477-9113-3f6aa01da917@group-86C4A20D7C89: receive requestVote(ELECTION, 470e2686-24c9-4e42-bae6-1f3a72650c76, group-86C4A20D7C89, 3, (t:0, i:0))
2022-12-06 15:45:02,010 [470e2686-24c9-4e42-bae6-1f3a72650c76@group-86C4A20D7C89-LeaderElection29] INFO  impl.RoleInfo (RoleInfo.java:shutdownLeaderElection(130)) - 470e2686-24c9-4e42-bae6-1f3a72650c76: shutdown 470e2686-24c9-4e42-bae6-1f3a72650c76@group-86C4A20D7C89-LeaderElection29
2022-12-06 15:45:02,010 [470e2686-24c9-4e42-bae6-1f3a72650c76@group-86C4A20D7C89-LeaderElection29] INFO  server.RaftServer$Division (RaftServerImpl.java:setRole(321)) - 470e2686-24c9-4e42-bae6-1f3a72650c76@group-86C4A20D7C89: changes role from CANDIDATE to LEADER at term 3 for changeToLeader
2022-12-06 15:45:02,010 [470e2686-24c9-4e42-bae6-1f3a72650c76@group-86C4A20D7C89-LeaderElection29] INFO  ratis.XceiverServerRatis (XceiverServerRatis.java:handleLeaderChangedNotification(863)) - Leader change notification received for group: group-86C4A20D7C89 with new leaderId: 470e2686-24c9-4e42-bae6-1f3a72650c76
2022-12-06 15:45:02,010 [831a834c-0d76-4477-9113-3f6aa01da917@group-86C4A20D7C89-LeaderElection28] INFO  impl.LeaderElection (LeaderElection.java:askForVotes(312)) - 831a834c-0d76-4477-9113-3f6aa01da917@group-86C4A20D7C89-LeaderElection28 ELECTION round 0: submit vote requests at term 3 for -1: peers:[470e2686-24c9-4e42-bae6-1f3a72650c76|rpc:10.1.0.110:33297|priority:1|startupRole:FOLLOWER, cc93147f-bc2d-4803-9a7c-bfa6df100165|rpc:10.1.0.110:32927|priority:0|startupRole:FOLLOWER, 831a834c-0d76-4477-9113-3f6aa01da917|rpc:10.1.0.110:38237|priority:0|startupRole:FOLLOWER]|listeners:[], old=null
2022-12-06 15:45:02,011 [grpc-default-executor-5] INFO  impl.VoteContext (VoteContext.java:log(49)) - 831a834c-0d76-4477-9113-3f6aa01da917@group-86C4A20D7C89-CANDIDATE: reject ELECTION from 470e2686-24c9-4e42-bae6-1f3a72650c76: already has voted for 831a834c-0d76-4477-9113-3f6aa01da917 at current term 3
2022-12-06 15:45:02,011 [grpc-default-executor-5] INFO  server.RaftServer$Division (RaftServerImpl.java:requestVote(1251)) - 831a834c-0d76-4477-9113-3f6aa01da917@group-86C4A20D7C89 replies to ELECTION vote request: 470e2686-24c9-4e42-bae6-1f3a72650c76<-831a834c-0d76-4477-9113-3f6aa01da917#0:FAIL-t3. Peer's state: 831a834c-0d76-4477-9113-3f6aa01da917@group-86C4A20D7C89:t3, leader=null, voted=831a834c-0d76-4477-9113-3f6aa01da917, raftlog=Memoized:831a834c-0d76-4477-9113-3f6aa01da917@group-86C4A20D7C89-SegmentedRaftLog:OPENED:c-1, conf=-1: peers:[470e2686-24c9-4e42-bae6-1f3a72650c76|rpc:10.1.0.110:33297|priority:1|startupRole:FOLLOWER, cc93147f-bc2d-4803-9a7c-bfa6df100165|rpc:10.1.0.110:32927|priority:0|startupRole:FOLLOWER, 831a834c-0d76-4477-9113-3f6aa01da917|rpc:10.1.0.110:38237|priority:0|startupRole:FOLLOWER]|listeners:[], old=null
2022-12-06 15:45:02,012 [470e2686-24c9-4e42-bae6-1f3a72650c76@group-86C4A20D7C89-LeaderElection29] INFO  server.RaftServer$Division (ServerState.java:setLeader(313)) - 470e2686-24c9-4e42-bae6-1f3a72650c76@group-86C4A20D7C89: change Leader from null to 470e2686-24c9-4e42-bae6-1f3a72650c76 at term 3 for becomeLeader, leader elected after 15239ms
2022-12-06 15:45:02,013 [470e2686-24c9-4e42-bae6-1f3a72650c76@group-86C4A20D7C89-LeaderElection29] INFO  server.RaftServerConfigKeys (ConfUtils.java:logGet(46)) - raft.server.staging.catchup.gap = 1000 (default)
2022-12-06 15:45:02,013 [470e2686-24c9-4e42-bae6-1f3a72650c76@group-86C4A20D7C89-LeaderElection29] INFO  server.RaftServerConfigKeys (ConfUtils.java:logGet(46)) - raft.server.write.element-limit = 1024 (custom)
2022-12-06 15:45:02,013 [470e2686-24c9-4e42-bae6-1f3a72650c76@group-86C4A20D7C89-LeaderElection29] INFO  server.RaftServerConfigKeys (ConfUtils.java:logGet(46)) - raft.server.write.byte-limit = 1024 M (=1073741824) (custom)
2022-12-06 15:45:02,013 [470e2686-24c9-4e42-bae6-1f3a72650c76@group-86C4A20D7C89-LeaderElection29] INFO  server.RaftServerConfigKeys (ConfUtils.java:logGet(46)) - raft.server.watch.timeout = 180s (custom)
2022-12-06 15:45:02,013 [470e2686-24c9-4e42-bae6-1f3a72650c76@group-86C4A20D7C89-LeaderElection29] INFO  server.RaftServerConfigKeys (ConfUtils.java:logGet(46)) - raft.server.watch.timeout.denomination = 1s (default)
2022-12-06 15:45:02,013 [470e2686-24c9-4e42-bae6-1f3a72650c76@group-86C4A20D7C89-LeaderElection29] INFO  server.RaftServerConfigKeys (ConfUtils.java:logGet(46)) - raft.server.watch.element-limit = 65536 (default)
2022-12-06 15:45:02,014 [470e2686-24c9-4e42-bae6-1f3a72650c76@group-86C4A20D7C89-LeaderElection29] INFO  server.RaftServerConfigKeys (ConfUtils.java:logGet(46)) - raft.server.write.element-limit = 1024 (custom)
2022-12-06 15:45:02,014 [470e2686-24c9-4e42-bae6-1f3a72650c76@group-86C4A20D7C89-LeaderElection29] INFO  server.RaftServerConfigKeys (ConfUtils.java:logGet(46)) - raft.server.write.follower.gap.ratio.max = -1.0 (default)
2022-12-06 15:45:02,014 [EventQueue-CommandQueueReportForCommandQueueReportHandler] WARN  events.EventQueue (EventQueue.java:fireEvent(216)) - No event handler registered for event TypedEvent{payloadType=DatanodeDetails, name='Datanode_Command_Queue_Updated'}
2022-12-06 15:45:02,015 [EventQueue-PipelineReportForPipelineReportHandler] INFO  pipeline.PipelineManagerImpl (PipelineManagerImpl.java:openPipeline(367)) - Pipeline Pipeline[ Id: a0a6679e-32ef-48c4-92df-86c4a20d7c89, Nodes: 470e2686-24c9-4e42-bae6-1f3a72650c76{ip: 10.1.0.110, host: fv-az133-40.ac31hddj4phu5ocom5smqd4hkf.cx.internal.cloudapp.net, ports: [REPLICATION=41209, RATIS=33297, RATIS_ADMIN=33297, RATIS_SERVER=33297, STANDALONE=42791], networkLocation: /default-rack, certSerialId: null, persistedOpState: IN_SERVICE, persistedOpStateExpiryEpochSec: 0}831a834c-0d76-4477-9113-3f6aa01da917{ip: 10.1.0.110, host: fv-az133-40.ac31hddj4phu5ocom5smqd4hkf.cx.internal.cloudapp.net, ports: [REPLICATION=35421, RATIS=38237, RATIS_ADMIN=38237, RATIS_SERVER=38237, STANDALONE=40149], networkLocation: /default-rack, certSerialId: null, persistedOpState: IN_SERVICE, persistedOpStateExpiryEpochSec: 0}cc93147f-bc2d-4803-9a7c-bfa6df100165{ip: 10.1.0.110, host: fv-az133-40.ac31hddj4phu5ocom5smqd4hkf.cx.internal.cloudapp.net, ports: [REPLICATION=44167, RATIS=32927, RATIS_ADMIN=32927, RATIS_SERVER=32927, STANDALONE=46525], networkLocation: /default-rack, certSerialId: null, persistedOpState: IN_SERVICE, persistedOpStateExpiryEpochSec: 0}, ReplicationConfig: RATIS/THREE, State:ALLOCATED, leaderId:470e2686-24c9-4e42-bae6-1f3a72650c76, CreationTimestamp2022-12-06T15:44:43.958Z[Etc/UTC]] moved to OPEN state
2022-12-06 15:45:02,014 [470e2686-24c9-4e42-bae6-1f3a72650c76@group-86C4A20D7C89-LeaderElection29] INFO  server.RaftServerConfigKeys (ConfUtils.java:logGet(46)) - raft.server.log.appender.snapshot.chunk.size.max = 16MB (=16777216) (default)
2022-12-06 15:45:02,015 [470e2686-24c9-4e42-bae6-1f3a72650c76@group-86C4A20D7C89-LeaderElection29] INFO  server.RaftServerConfigKeys (ConfUtils.java:logGet(46)) - raft.server.log.appender.buffer.byte-limit = 33554432 (custom)
2022-12-06 15:45:02,015 [470e2686-24c9-4e42-bae6-1f3a72650c76@group-86C4A20D7C89-LeaderElection29] INFO  server.RaftServerConfigKeys (ConfUtils.java:logGet(46)) - raft.server.log.appender.buffer.element-limit = 1 (custom)
2022-12-06 15:45:02,024 [grpc-default-executor-5] INFO  server.RaftServer$Division (RaftServerImpl.java:requestVote(1218)) - 470e2686-24c9-4e42-bae6-1f3a72650c76@group-86C4A20D7C89: receive requestVote(ELECTION, 831a834c-0d76-4477-9113-3f6aa01da917, group-86C4A20D7C89, 3, (t:0, i:0))
2022-12-06 15:45:02,029 [831a834c-0d76-4477-9113-3f6aa01da917@group-86C4A20D7C89-LeaderElection28] INFO  server.RaftServerConfigKeys (ConfUtils.java:logFallback(53)) - raft.server.rpc.first-election.timeout.min = 5s (fallback to raft.server.rpc.timeout.min)
2022-12-06 15:45:02,029 [831a834c-0d76-4477-9113-3f6aa01da917@group-86C4A20D7C89-LeaderElection28] INFO  server.RaftServerConfigKeys (ConfUtils.java:logFallback(53)) - raft.server.rpc.first-election.timeout.max = 5200ms (fallback to raft.server.rpc.timeout.max)
2022-12-06 15:45:02,029 [470e2686-24c9-4e42-bae6-1f3a72650c76@group-86C4A20D7C89-LeaderElection29] INFO  grpc.GrpcConfigKeys (ConfUtils.java:logGet(46)) - raft.grpc.server.leader.outstanding.appends.max = 128 (default)
2022-12-06 15:45:02,029 [470e2686-24c9-4e42-bae6-1f3a72650c76@group-86C4A20D7C89-LeaderElection29] INFO  server.RaftServerConfigKeys (ConfUtils.java:logGet(46)) - raft.server.rpc.request.timeout = 60s (custom)
2022-12-06 15:45:02,030 [470e2686-24c9-4e42-bae6-1f3a72650c76@group-86C4A20D7C89-LeaderElection29] INFO  server.RaftServerConfigKeys (ConfUtils.java:logGet(46)) - raft.server.log.appender.install.snapshot.enabled = false (custom)
2022-12-06 15:45:02,030 [470e2686-24c9-4e42-bae6-1f3a72650c76@group-86C4A20D7C89-LeaderElection29] INFO  grpc.GrpcConfigKeys (ConfUtils.java:logGet(46)) - raft.grpc.server.heartbeat.channel = true (default)
2022-12-06 15:45:02,030 [470e2686-24c9-4e42-bae6-1f3a72650c76@group-86C4A20D7C89-LeaderElection29] INFO  server.RaftServerConfigKeys (ConfUtils.java:logGet(46)) - raft.server.log.appender.wait-time.min = 10ms (default)
2022-12-06 15:45:02,030 [470e2686-24c9-4e42-bae6-1f3a72650c76@group-86C4A20D7C89-LeaderElection29] INFO  server.RaftServerConfigKeys (ConfUtils.java:logGet(46)) - raft.server.log.appender.snapshot.chunk.size.max = 16MB (=16777216) (default)
2022-12-06 15:45:02,030 [470e2686-24c9-4e42-bae6-1f3a72650c76@group-86C4A20D7C89-LeaderElection29] INFO  server.RaftServerConfigKeys (ConfUtils.java:logGet(46)) - raft.server.log.appender.buffer.byte-limit = 33554432 (custom)
2022-12-06 15:45:02,030 [470e2686-24c9-4e42-bae6-1f3a72650c76@group-86C4A20D7C89-LeaderElection29] INFO  server.RaftServerConfigKeys (ConfUtils.java:logGet(46)) - raft.server.log.appender.buffer.element-limit = 1 (custom)
2022-12-06 15:45:02,031 [470e2686-24c9-4e42-bae6-1f3a72650c76@group-86C4A20D7C89-LeaderElection29] INFO  grpc.GrpcConfigKeys (ConfUtils.java:logGet(46)) - raft.grpc.server.leader.outstanding.appends.max = 128 (default)
2022-12-06 15:45:02,031 [470e2686-24c9-4e42-bae6-1f3a72650c76@group-86C4A20D7C89-LeaderElection29] INFO  server.RaftServerConfigKeys (ConfUtils.java:logGet(46)) - raft.server.rpc.request.timeout = 60s (custom)
2022-12-06 15:45:02,031 [470e2686-24c9-4e42-bae6-1f3a72650c76@group-86C4A20D7C89-LeaderElection29] INFO  server.RaftServerConfigKeys (ConfUtils.java:logGet(46)) - raft.server.log.appender.install.snapshot.enabled = false (custom)
2022-12-06 15:45:02,031 [470e2686-24c9-4e42-bae6-1f3a72650c76@group-86C4A20D7C89-LeaderElection29] INFO  grpc.GrpcConfigKeys (ConfUtils.java:logGet(46)) - raft.grpc.server.heartbeat.channel = true (default)
2022-12-06 15:45:02,031 [470e2686-24c9-4e42-bae6-1f3a72650c76@group-86C4A20D7C89-LeaderElection29] INFO  server.RaftServerConfigKeys (ConfUtils.java:logGet(46)) - raft.server.log.appender.wait-time.min = 10ms (default)
2022-12-06 15:45:02,031 [470e2686-24c9-4e42-bae6-1f3a72650c76@group-86C4A20D7C89-LeaderElection29] INFO  impl.RoleInfo (RoleInfo.java:updateAndGet(139)) - 470e2686-24c9-4e42-bae6-1f3a72650c76: start 470e2686-24c9-4e42-bae6-1f3a72650c76@group-86C4A20D7C89-LeaderStateImpl
2022-12-06 15:45:02,031 [470e2686-24c9-4e42-bae6-1f3a72650c76@group-86C4A20D7C89-LeaderElection29] INFO  segmented.SegmentedRaftLogWorker (SegmentedRaftLogWorker.java:startLogSegment(452)) - 470e2686-24c9-4e42-bae6-1f3a72650c76@group-86C4A20D7C89-SegmentedRaftLogWorker: Starting segment from index:0
2022-12-06 15:45:02,033 [470e2686-24c9-4e42-bae6-1f3a72650c76@group-86C4A20D7C89-SegmentedRaftLogWorker] INFO  segmented.SegmentedRaftLogWorker (SegmentedRaftLogWorker.java:execute(656)) - 470e2686-24c9-4e42-bae6-1f3a72650c76@group-86C4A20D7C89-SegmentedRaftLogWorker: created new log segment /home/runner/work/ozone/ozone/hadoop-ozone/integration-test/target/test-dir/MiniOzoneClusterImpl-dce15e54-dc76-4f82-a75a-fd2a8a22e08e/datanode-3/data/ratis/a0a6679e-32ef-48c4-92df-86c4a20d7c89/current/log_inprogress_0
2022-12-06 15:45:02,037 [grpc-default-executor-2] INFO  server.RaftServer$Division (RaftServerImpl.java:requestVote(1218)) - cc93147f-bc2d-4803-9a7c-bfa6df100165@group-86C4A20D7C89: receive requestVote(ELECTION, 831a834c-0d76-4477-9113-3f6aa01da917, group-86C4A20D7C89, 3, (t:0, i:0))
2022-12-06 15:45:02,038 [grpc-default-executor-2] INFO  impl.VoteContext (VoteContext.java:log(49)) - cc93147f-bc2d-4803-9a7c-bfa6df100165@group-86C4A20D7C89-FOLLOWER: reject ELECTION from 831a834c-0d76-4477-9113-3f6aa01da917: already has voted for 470e2686-24c9-4e42-bae6-1f3a72650c76 at current term 3
2022-12-06 15:45:02,038 [grpc-default-executor-2] INFO  server.RaftServer$Division (RaftServerImpl.java:requestVote(1251)) - cc93147f-bc2d-4803-9a7c-bfa6df100165@group-86C4A20D7C89 replies to ELECTION vote request: 831a834c-0d76-4477-9113-3f6aa01da917<-cc93147f-bc2d-4803-9a7c-bfa6df100165#0:FAIL-t3. Peer's state: cc93147f-bc2d-4803-9a7c-bfa6df100165@group-86C4A20D7C89:t3, leader=null, voted=470e2686-24c9-4e42-bae6-1f3a72650c76, raftlog=Memoized:cc93147f-bc2d-4803-9a7c-bfa6df100165@group-86C4A20D7C89-SegmentedRaftLog:OPENED:c-1, conf=-1: peers:[470e2686-24c9-4e42-bae6-1f3a72650c76|rpc:10.1.0.110:33297|dataStream:|priority:1|startupRole:FOLLOWER, cc93147f-bc2d-4803-9a7c-bfa6df100165|rpc:10.1.0.110:32927|dataStream:|priority:0|startupRole:FOLLOWER, 831a834c-0d76-4477-9113-3f6aa01da917|rpc:10.1.0.110:38237|dataStream:|priority:0|startupRole:FOLLOWER]|listeners:[], old=null
2022-12-06 15:45:02,049 [470e2686-24c9-4e42-bae6-1f3a72650c76@group-86C4A20D7C89-LeaderElection29] INFO  server.RaftServer$Division (ServerState.java:setRaftConf(430)) - 470e2686-24c9-4e42-bae6-1f3a72650c76@group-86C4A20D7C89: set configuration 0: peers:[470e2686-24c9-4e42-bae6-1f3a72650c76|rpc:10.1.0.110:33297|dataStream:|priority:1|startupRole:FOLLOWER, cc93147f-bc2d-4803-9a7c-bfa6df100165|rpc:10.1.0.110:32927|dataStream:|priority:0|startupRole:FOLLOWER, 831a834c-0d76-4477-9113-3f6aa01da917|rpc:10.1.0.110:38237|dataStream:|priority:0|startupRole:FOLLOWER]|listeners:[], old=null
2022-12-06 15:45:02,051 [grpc-default-executor-5] INFO  impl.VoteContext (VoteContext.java:log(49)) - 470e2686-24c9-4e42-bae6-1f3a72650c76@group-86C4A20D7C89-LEADER: reject ELECTION from 831a834c-0d76-4477-9113-3f6aa01da917: already has voted for 470e2686-24c9-4e42-bae6-1f3a72650c76 at current term 3
2022-12-06 15:45:02,051 [grpc-default-executor-5] INFO  server.RaftServer$Division (RaftServerImpl.java:requestVote(1251)) - 470e2686-24c9-4e42-bae6-1f3a72650c76@group-86C4A20D7C89 replies to ELECTION vote request: 831a834c-0d76-4477-9113-3f6aa01da917<-470e2686-24c9-4e42-bae6-1f3a72650c76#0:FAIL-t3. Peer's state: 470e2686-24c9-4e42-bae6-1f3a72650c76@group-86C4A20D7C89:t3, leader=470e2686-24c9-4e42-bae6-1f3a72650c76, voted=470e2686-24c9-4e42-bae6-1f3a72650c76, raftlog=Memoized:470e2686-24c9-4e42-bae6-1f3a72650c76@group-86C4A20D7C89-SegmentedRaftLog:OPENED:c0, conf=0: peers:[470e2686-24c9-4e42-bae6-1f3a72650c76|rpc:10.1.0.110:33297|dataStream:|priority:1|startupRole:FOLLOWER, cc93147f-bc2d-4803-9a7c-bfa6df100165|rpc:10.1.0.110:32927|dataStream:|priority:0|startupRole:FOLLOWER, 831a834c-0d76-4477-9113-3f6aa01da917|rpc:10.1.0.110:38237|dataStream:|priority:0|startupRole:FOLLOWER]|listeners:[], old=null
2022-12-06 15:45:02,052 [831a834c-0d76-4477-9113-3f6aa01da917@group-86C4A20D7C89-LeaderElection28] INFO  impl.LeaderElection (LeaderElection.java:logAndReturn(90)) - 831a834c-0d76-4477-9113-3f6aa01da917@group-86C4A20D7C89-LeaderElection28: ELECTION REJECTED received 2 response(s) and 0 exception(s):
2022-12-06 15:45:02,052 [831a834c-0d76-4477-9113-3f6aa01da917@group-86C4A20D7C89-LeaderElection28] INFO  impl.LeaderElection (LeaderElection.java:logAndReturn(94)) -   Response 0: 831a834c-0d76-4477-9113-3f6aa01da917<-470e2686-24c9-4e42-bae6-1f3a72650c76#0:FAIL-t3
2022-12-06 15:45:02,052 [831a834c-0d76-4477-9113-3f6aa01da917@group-86C4A20D7C89-LeaderElection28] INFO  impl.LeaderElection (LeaderElection.java:logAndReturn(94)) -   Response 1: 831a834c-0d76-4477-9113-3f6aa01da917<-cc93147f-bc2d-4803-9a7c-bfa6df100165#0:FAIL-t3
2022-12-06 15:45:02,052 [831a834c-0d76-4477-9113-3f6aa01da917@group-86C4A20D7C89-LeaderElection28] INFO  impl.LeaderElection (LeaderElection.java:askForVotes(314)) - 831a834c-0d76-4477-9113-3f6aa01da917@group-86C4A20D7C89-LeaderElection28 ELECTION round 0: result REJECTED
2022-12-06 15:45:02,052 [831a834c-0d76-4477-9113-3f6aa01da917@group-86C4A20D7C89-LeaderElection28] INFO  server.RaftServer$Division (RaftServerImpl.java:setRole(321)) - 831a834c-0d76-4477-9113-3f6aa01da917@group-86C4A20D7C89: changes role from CANDIDATE to FOLLOWER at term 3 for REJECTED
2022-12-06 15:45:02,052 [831a834c-0d76-4477-9113-3f6aa01da917@group-86C4A20D7C89-LeaderElection28] INFO  impl.RoleInfo (RoleInfo.java:shutdownLeaderElection(130)) - 831a834c-0d76-4477-9113-3f6aa01da917: shutdown 831a834c-0d76-4477-9113-3f6aa01da917@group-86C4A20D7C89-LeaderElection28
2022-12-06 15:45:02,052 [831a834c-0d76-4477-9113-3f6aa01da917@group-86C4A20D7C89-LeaderElection28] INFO  impl.RoleInfo (RoleInfo.java:updateAndGet(139)) - 831a834c-0d76-4477-9113-3f6aa01da917: start 831a834c-0d76-4477-9113-3f6aa01da917@group-86C4A20D7C89-FollowerState
2022-12-06 15:45:02,057 [831a834c-0d76-4477-9113-3f6aa01da917@group-86C4A20D7C89-FollowerState] INFO  server.RaftServerConfigKeys (ConfUtils.java:logFallback(53)) - raft.server.rpc.first-election.timeout.min = 5s (fallback to raft.server.rpc.timeout.min)
2022-12-06 15:45:02,057 [831a834c-0d76-4477-9113-3f6aa01da917@group-86C4A20D7C89-FollowerState] INFO  server.RaftServerConfigKeys (ConfUtils.java:logFallback(53)) - raft.server.rpc.first-election.timeout.max = 5200ms (fallback to raft.server.rpc.timeout.max)
2022-12-06 15:45:02,063 [cc93147f-bc2d-4803-9a7c-bfa6df100165-server-thread1] INFO  ratis.XceiverServerRatis (XceiverServerRatis.java:handleLeaderChangedNotification(863)) - Leader change notification received for group: group-86C4A20D7C89 with new leaderId: 470e2686-24c9-4e42-bae6-1f3a72650c76
2022-12-06 15:45:02,063 [cc93147f-bc2d-4803-9a7c-bfa6df100165-server-thread1] INFO  server.RaftServer$Division (ServerState.java:setLeader(313)) - cc93147f-bc2d-4803-9a7c-bfa6df100165@group-86C4A20D7C89: change Leader from null to 470e2686-24c9-4e42-bae6-1f3a72650c76 at term 3 for appendEntries, leader elected after 15231ms
2022-12-06 15:45:02,068 [831a834c-0d76-4477-9113-3f6aa01da917-server-thread1] INFO  ratis.XceiverServerRatis (XceiverServerRatis.java:handleLeaderChangedNotification(863)) - Leader change notification received for group: group-86C4A20D7C89 with new leaderId: 470e2686-24c9-4e42-bae6-1f3a72650c76
2022-12-06 15:45:02,068 [831a834c-0d76-4477-9113-3f6aa01da917-server-thread1] INFO  server.RaftServer$Division (ServerState.java:setLeader(313)) - 831a834c-0d76-4477-9113-3f6aa01da917@group-86C4A20D7C89: change Leader from null to 470e2686-24c9-4e42-bae6-1f3a72650c76 at term 3 for appendEntries, leader elected after 15382ms
2022-12-06 15:45:02,072 [831a834c-0d76-4477-9113-3f6aa01da917-server-thread2] INFO  server.RaftServer$Division (ServerState.java:setRaftConf(430)) - 831a834c-0d76-4477-9113-3f6aa01da917@group-86C4A20D7C89: set configuration 0: peers:[470e2686-24c9-4e42-bae6-1f3a72650c76|rpc:10.1.0.110:33297|dataStream:|priority:1|startupRole:FOLLOWER, cc93147f-bc2d-4803-9a7c-bfa6df100165|rpc:10.1.0.110:32927|dataStream:|priority:0|startupRole:FOLLOWER, 831a834c-0d76-4477-9113-3f6aa01da917|rpc:10.1.0.110:38237|dataStream:|priority:0|startupRole:FOLLOWER]|listeners:[], old=null
2022-12-06 15:45:02,072 [831a834c-0d76-4477-9113-3f6aa01da917-server-thread2] INFO  segmented.SegmentedRaftLogWorker (SegmentedRaftLogWorker.java:startLogSegment(452)) - 831a834c-0d76-4477-9113-3f6aa01da917@group-86C4A20D7C89-SegmentedRaftLogWorker: Starting segment from index:0
2022-12-06 15:45:02,075 [cc93147f-bc2d-4803-9a7c-bfa6df100165-server-thread3] INFO  server.RaftServer$Division (ServerState.java:setRaftConf(430)) - cc93147f-bc2d-4803-9a7c-bfa6df100165@group-86C4A20D7C89: set configuration 0: peers:[470e2686-24c9-4e42-bae6-1f3a72650c76|rpc:10.1.0.110:33297|dataStream:|priority:1|startupRole:FOLLOWER, cc93147f-bc2d-4803-9a7c-bfa6df100165|rpc:10.1.0.110:32927|dataStream:|priority:0|startupRole:FOLLOWER, 831a834c-0d76-4477-9113-3f6aa01da917|rpc:10.1.0.110:38237|dataStream:|priority:0|startupRole:FOLLOWER]|listeners:[], old=null
2022-12-06 15:45:02,076 [cc93147f-bc2d-4803-9a7c-bfa6df100165-server-thread3] INFO  segmented.SegmentedRaftLogWorker (SegmentedRaftLogWorker.java:startLogSegment(452)) - cc93147f-bc2d-4803-9a7c-bfa6df100165@group-86C4A20D7C89-SegmentedRaftLogWorker: Starting segment from index:0
2022-12-06 15:45:02,080 [831a834c-0d76-4477-9113-3f6aa01da917@group-86C4A20D7C89-SegmentedRaftLogWorker] INFO  segmented.SegmentedRaftLogWorker (SegmentedRaftLogWorker.java:execute(656)) - 831a834c-0d76-4477-9113-3f6aa01da917@group-86C4A20D7C89-SegmentedRaftLogWorker: created new log segment /home/runner/work/ozone/ozone/hadoop-ozone/integration-test/target/test-dir/MiniOzoneClusterImpl-dce15e54-dc76-4f82-a75a-fd2a8a22e08e/datanode-4/data/ratis/a0a6679e-32ef-48c4-92df-86c4a20d7c89/current/log_inprogress_0
2022-12-06 15:45:02,086 [cc93147f-bc2d-4803-9a7c-bfa6df100165@group-86C4A20D7C89-SegmentedRaftLogWorker] INFO  segmented.SegmentedRaftLogWorker (SegmentedRaftLogWorker.java:execute(656)) - cc93147f-bc2d-4803-9a7c-bfa6df100165@group-86C4A20D7C89-SegmentedRaftLogWorker: created new log segment /home/runner/work/ozone/ozone/hadoop-ozone/integration-test/target/test-dir/MiniOzoneClusterImpl-dce15e54-dc76-4f82-a75a-fd2a8a22e08e/datanode-5/data/ratis/a0a6679e-32ef-48c4-92df-86c4a20d7c89/current/log_inprogress_0
2022-12-06 15:45:02,319 [EventQueue-CommandQueueReportForCommandQueueReportHandler] WARN  events.EventQueue (EventQueue.java:fireEvent(216)) - No event handler registered for event TypedEvent{payloadType=DatanodeDetails, name='Datanode_Command_Queue_Updated'}
2022-12-06 15:45:02,323 [EventQueue-CommandQueueReportForCommandQueueReportHandler] WARN  events.EventQueue (EventQueue.java:fireEvent(216)) - No event handler registered for event TypedEvent{payloadType=DatanodeDetails, name='Datanode_Command_Queue_Updated'}
2022-12-06 15:45:02,327 [EventQueue-CommandQueueReportForCommandQueueReportHandler] WARN  events.EventQueue (EventQueue.java:fireEvent(216)) - No event handler registered for event TypedEvent{payloadType=DatanodeDetails, name='Datanode_Command_Queue_Updated'}
2022-12-06 15:45:02,330 [EventQueue-CommandQueueReportForCommandQueueReportHandler] WARN  events.EventQueue (EventQueue.java:fireEvent(216)) - No event handler registered for event TypedEvent{payloadType=DatanodeDetails, name='Datanode_Command_Queue_Updated'}
2022-12-06 15:45:02,373 [Command processor thread] INFO  keyvalue.KeyValueContainer (KeyValueContainer.java:flushAndSyncDB(437)) - Container 1 is synced with bcsId 0.
2022-12-06 15:45:02,373 [Command processor thread] INFO  keyvalue.KeyValueContainer (KeyValueContainer.java:flushAndSyncDB(437)) - Container 1 is synced with bcsId 0.
2022-12-06 15:45:02,383 [Command processor thread] INFO  keyvalue.KeyValueContainer (KeyValueContainer.java:close(352)) - Container 1 is closed with bcsId 0.
2022-12-06 15:45:02,385 [EventQueue-CommandQueueReportForCommandQueueReportHandler] WARN  events.EventQueue (EventQueue.java:fireEvent(216)) - No event handler registered for event TypedEvent{payloadType=DatanodeDetails, name='Datanode_Command_Queue_Updated'}
2022-12-06 15:45:02,386 [FixedThreadPoolWithAffinityExecutor-9-0] INFO  container.IncrementalContainerReportHandler (AbstractContainerReportHandler.java:updateContainerState(292)) - Moving container #1 to CLOSED state, datanode cc93147f-bc2d-4803-9a7c-bfa6df100165{ip: 10.1.0.110, host: fv-az133-40.ac31hddj4phu5ocom5smqd4hkf.cx.internal.cloudapp.net, ports: [REPLICATION=44167, RATIS=32927, RATIS_ADMIN=32927, RATIS_SERVER=32927, STANDALONE=46525], networkLocation: /default-rack, certSerialId: null, persistedOpState: IN_SERVICE, persistedOpStateExpiryEpochSec: 0} reported CLOSED replica.
2022-12-06 15:45:02,401 [Listener at 127.0.0.1/44149] INFO  replication.ReplicationManager (ReplicationManager.java:stop(289)) - Stopping Replication Monitor Thread.
2022-12-06 15:45:02,401 [Under Replicated Processor] WARN  replication.UnderReplicatedProcessor (UnderReplicatedProcessor.java:run(108)) - Under Replicated Processor interrupted. Exiting...
2022-12-06 15:45:02,401 [Over Replicated Processor] WARN  replication.OverReplicatedProcessor (OverReplicatedProcessor.java:run(109)) - Over Replicated Processor interrupted. Exiting...
2022-12-06 15:45:02,403 [ReplicationMonitor] INFO  replication.ReplicationManager (ReplicationManager.java:run(641)) - Replication Monitor Thread is stopped
2022-12-06 15:45:02,519 [EventQueue-CommandQueueReportForCommandQueueReportHandler] WARN  events.EventQueue (EventQueue.java:fireEvent(216)) - No event handler registered for event TypedEvent{payloadType=DatanodeDetails, name='Datanode_Command_Queue_Updated'}
2022-12-06 15:45:02,634 [EventQueue-CommandQueueReportForCommandQueueReportHandler] WARN  events.EventQueue (EventQueue.java:fireEvent(216)) - No event handler registered for event TypedEvent{payloadType=DatanodeDetails, name='Datanode_Command_Queue_Updated'}
2022-12-06 15:45:02,793 [EventQueue-CommandQueueReportForCommandQueueReportHandler] WARN  events.EventQueue (EventQueue.java:fireEvent(216)) - No event handler registered for event TypedEvent{payloadType=DatanodeDetails, name='Datanode_Command_Queue_Updated'}
2022-12-06 15:45:02,932 [EventQueue-CommandQueueReportForCommandQueueReportHandler] WARN  events.EventQueue (EventQueue.java:fireEvent(216)) - No event handler registered for event TypedEvent{payloadType=DatanodeDetails, name='Datanode_Command_Queue_Updated'}
2022-12-06 15:45:02,941 [EventQueue-CommandQueueReportForCommandQueueReportHandler] WARN  events.EventQueue (EventQueue.java:fireEvent(216)) - No event handler registered for event TypedEvent{payloadType=DatanodeDetails, name='Datanode_Command_Queue_Updated'}
2022-12-06 15:45:03,014 [EventQueue-CommandQueueReportForCommandQueueReportHandler] WARN  events.EventQueue (EventQueue.java:fireEvent(216)) - No event handler registered for event TypedEvent{payloadType=DatanodeDetails, name='Datanode_Command_Queue_Updated'}
2022-12-06 15:45:03,053 [3ddade9d-4289-4127-b7c4-830dd518ff0a@group-99BD4D3A3F73-FollowerState] INFO  impl.FollowerState (FollowerState.java:run(143)) - 3ddade9d-4289-4127-b7c4-830dd518ff0a@group-99BD4D3A3F73-FollowerState: change to CANDIDATE, lastRpcElapsedTime:5014016942ns, electionTimeout:5010ms
2022-12-06 15:45:03,053 [3ddade9d-4289-4127-b7c4-830dd518ff0a@group-99BD4D3A3F73-FollowerState] INFO  impl.RoleInfo (RoleInfo.java:shutdownFollowerState(110)) - 3ddade9d-4289-4127-b7c4-830dd518ff0a: shutdown 3ddade9d-4289-4127-b7c4-830dd518ff0a@group-99BD4D3A3F73-FollowerState
2022-12-06 15:45:03,053 [3ddade9d-4289-4127-b7c4-830dd518ff0a@group-99BD4D3A3F73-FollowerState] INFO  server.RaftServer$Division (RaftServerImpl.java:setRole(321)) - 3ddade9d-4289-4127-b7c4-830dd518ff0a@group-99BD4D3A3F73: changes role from  FOLLOWER to CANDIDATE at term 2 for changeToCandidate
2022-12-06 15:45:03,054 [3ddade9d-4289-4127-b7c4-830dd518ff0a@group-99BD4D3A3F73-FollowerState] INFO  server.RaftServerConfigKeys (ConfUtils.java:logGet(46)) - raft.server.leaderelection.pre-vote = false (custom)
2022-12-06 15:45:03,054 [3ddade9d-4289-4127-b7c4-830dd518ff0a@group-99BD4D3A3F73-FollowerState] INFO  impl.RoleInfo (RoleInfo.java:updateAndGet(139)) - 3ddade9d-4289-4127-b7c4-830dd518ff0a: start 3ddade9d-4289-4127-b7c4-830dd518ff0a@group-99BD4D3A3F73-LeaderElection30
2022-12-06 15:45:03,060 [3ddade9d-4289-4127-b7c4-830dd518ff0a@group-99BD4D3A3F73-LeaderElection30] INFO  impl.LeaderElection (LeaderElection.java:askForVotes(312)) - 3ddade9d-4289-4127-b7c4-830dd518ff0a@group-99BD4D3A3F73-LeaderElection30 ELECTION round 0: submit vote requests at term 3 for -1: peers:[2497daeb-967d-49ad-8f28-1297e8c4c732|rpc:10.1.0.110:46387|dataStream:|priority:0|startupRole:FOLLOWER, 7726e7f5-b74c-4e4a-9680-a65a67c105af|rpc:10.1.0.110:44993|dataStream:|priority:0|startupRole:FOLLOWER, 3ddade9d-4289-4127-b7c4-830dd518ff0a|rpc:10.1.0.110:43967|dataStream:|priority:1|startupRole:FOLLOWER]|listeners:[], old=null
2022-12-06 15:45:03,064 [grpc-default-executor-0] INFO  server.RaftServer$Division (RaftServerImpl.java:requestVote(1218)) - 2497daeb-967d-49ad-8f28-1297e8c4c732@group-99BD4D3A3F73: receive requestVote(ELECTION, 3ddade9d-4289-4127-b7c4-830dd518ff0a, group-99BD4D3A3F73, 3, (t:0, i:0))
2022-12-06 15:45:03,064 [3ddade9d-4289-4127-b7c4-830dd518ff0a@group-99BD4D3A3F73-LeaderElection30] INFO  server.RaftServerConfigKeys (ConfUtils.java:logFallback(53)) - raft.server.rpc.first-election.timeout.min = 5s (fallback to raft.server.rpc.timeout.min)
2022-12-06 15:45:03,064 [3ddade9d-4289-4127-b7c4-830dd518ff0a@group-99BD4D3A3F73-LeaderElection30] INFO  server.RaftServerConfigKeys (ConfUtils.java:logFallback(53)) - raft.server.rpc.first-election.timeout.max = 5200ms (fallback to raft.server.rpc.timeout.max)
2022-12-06 15:45:03,064 [grpc-default-executor-0] INFO  impl.VoteContext (VoteContext.java:log(49)) - 2497daeb-967d-49ad-8f28-1297e8c4c732@group-99BD4D3A3F73-FOLLOWER: accept ELECTION from 3ddade9d-4289-4127-b7c4-830dd518ff0a: our priority 0 <= candidate's priority 1
2022-12-06 15:45:03,064 [grpc-default-executor-0] INFO  server.RaftServer$Division (RaftServerImpl.java:setRole(321)) - 2497daeb-967d-49ad-8f28-1297e8c4c732@group-99BD4D3A3F73: changes role from  FOLLOWER to FOLLOWER at term 3 for candidate:3ddade9d-4289-4127-b7c4-830dd518ff0a
2022-12-06 15:45:03,064 [grpc-default-executor-0] INFO  impl.RoleInfo (RoleInfo.java:shutdownFollowerState(110)) - 2497daeb-967d-49ad-8f28-1297e8c4c732: shutdown 2497daeb-967d-49ad-8f28-1297e8c4c732@group-99BD4D3A3F73-FollowerState
2022-12-06 15:45:03,065 [grpc-default-executor-0] INFO  impl.RoleInfo (RoleInfo.java:updateAndGet(139)) - 2497daeb-967d-49ad-8f28-1297e8c4c732: start 2497daeb-967d-49ad-8f28-1297e8c4c732@group-99BD4D3A3F73-FollowerState
2022-12-06 15:45:03,065 [2497daeb-967d-49ad-8f28-1297e8c4c732@group-99BD4D3A3F73-FollowerState] INFO  impl.FollowerState (FollowerState.java:run(152)) - 2497daeb-967d-49ad-8f28-1297e8c4c732@group-99BD4D3A3F73-FollowerState was interrupted
2022-12-06 15:45:03,072 [grpc-default-executor-5] INFO  server.RaftServer$Division (RaftServerImpl.java:requestVote(1218)) - 7726e7f5-b74c-4e4a-9680-a65a67c105af@group-99BD4D3A3F73: receive requestVote(ELECTION, 3ddade9d-4289-4127-b7c4-830dd518ff0a, group-99BD4D3A3F73, 3, (t:0, i:0))
2022-12-06 15:45:03,073 [grpc-default-executor-5] INFO  impl.VoteContext (VoteContext.java:log(49)) - 7726e7f5-b74c-4e4a-9680-a65a67c105af@group-99BD4D3A3F73-FOLLOWER: accept ELECTION from 3ddade9d-4289-4127-b7c4-830dd518ff0a: our priority 0 <= candidate's priority 1
2022-12-06 15:45:03,073 [grpc-default-executor-5] INFO  server.RaftServer$Division (RaftServerImpl.java:setRole(321)) - 7726e7f5-b74c-4e4a-9680-a65a67c105af@group-99BD4D3A3F73: changes role from  FOLLOWER to FOLLOWER at term 3 for candidate:3ddade9d-4289-4127-b7c4-830dd518ff0a
2022-12-06 15:45:03,073 [grpc-default-executor-5] INFO  impl.RoleInfo (RoleInfo.java:shutdownFollowerState(110)) - 7726e7f5-b74c-4e4a-9680-a65a67c105af: shutdown 7726e7f5-b74c-4e4a-9680-a65a67c105af@group-99BD4D3A3F73-FollowerState
2022-12-06 15:45:03,073 [grpc-default-executor-5] INFO  impl.RoleInfo (RoleInfo.java:updateAndGet(139)) - 7726e7f5-b74c-4e4a-9680-a65a67c105af: start 7726e7f5-b74c-4e4a-9680-a65a67c105af@group-99BD4D3A3F73-FollowerState
2022-12-06 15:45:03,073 [7726e7f5-b74c-4e4a-9680-a65a67c105af@group-99BD4D3A3F73-FollowerState] INFO  impl.FollowerState (FollowerState.java:run(152)) - 7726e7f5-b74c-4e4a-9680-a65a67c105af@group-99BD4D3A3F73-FollowerState was interrupted
2022-12-06 15:45:03,073 [2497daeb-967d-49ad-8f28-1297e8c4c732@group-99BD4D3A3F73-FollowerState] INFO  server.RaftServerConfigKeys (ConfUtils.java:logFallback(53)) - raft.server.rpc.first-election.timeout.min = 5s (fallback to raft.server.rpc.timeout.min)
2022-12-06 15:45:03,073 [2497daeb-967d-49ad-8f28-1297e8c4c732@group-99BD4D3A3F73-FollowerState] INFO  server.RaftServerConfigKeys (ConfUtils.java:logFallback(53)) - raft.server.rpc.first-election.timeout.max = 5200ms (fallback to raft.server.rpc.timeout.max)
2022-12-06 15:45:03,074 [grpc-default-executor-0] INFO  server.RaftServer$Division (RaftServerImpl.java:requestVote(1251)) - 2497daeb-967d-49ad-8f28-1297e8c4c732@group-99BD4D3A3F73 replies to ELECTION vote request: 3ddade9d-4289-4127-b7c4-830dd518ff0a<-2497daeb-967d-49ad-8f28-1297e8c4c732#0:OK-t3. Peer's state: 2497daeb-967d-49ad-8f28-1297e8c4c732@group-99BD4D3A3F73:t3, leader=null, voted=3ddade9d-4289-4127-b7c4-830dd518ff0a, raftlog=Memoized:2497daeb-967d-49ad-8f28-1297e8c4c732@group-99BD4D3A3F73-SegmentedRaftLog:OPENED:c-1, conf=-1: peers:[2497daeb-967d-49ad-8f28-1297e8c4c732|rpc:10.1.0.110:46387|dataStream:|priority:0|startupRole:FOLLOWER, 7726e7f5-b74c-4e4a-9680-a65a67c105af|rpc:10.1.0.110:44993|dataStream:|priority:0|startupRole:FOLLOWER, 3ddade9d-4289-4127-b7c4-830dd518ff0a|rpc:10.1.0.110:43967|dataStream:|priority:1|startupRole:FOLLOWER]|listeners:[], old=null
2022-12-06 15:45:03,076 [3ddade9d-4289-4127-b7c4-830dd518ff0a@group-99BD4D3A3F73-LeaderElection30] INFO  impl.LeaderElection (LeaderElection.java:logAndReturn(90)) - 3ddade9d-4289-4127-b7c4-830dd518ff0a@group-99BD4D3A3F73-LeaderElection30: ELECTION PASSED received 1 response(s) and 0 exception(s):
2022-12-06 15:45:03,076 [3ddade9d-4289-4127-b7c4-830dd518ff0a@group-99BD4D3A3F73-LeaderElection30] INFO  impl.LeaderElection (LeaderElection.java:logAndReturn(94)) -   Response 0: 3ddade9d-4289-4127-b7c4-830dd518ff0a<-2497daeb-967d-49ad-8f28-1297e8c4c732#0:OK-t3
2022-12-06 15:45:03,076 [3ddade9d-4289-4127-b7c4-830dd518ff0a@group-99BD4D3A3F73-LeaderElection30] INFO  impl.LeaderElection (LeaderElection.java:askForVotes(314)) - 3ddade9d-4289-4127-b7c4-830dd518ff0a@group-99BD4D3A3F73-LeaderElection30 ELECTION round 0: result PASSED
2022-12-06 15:45:03,076 [3ddade9d-4289-4127-b7c4-830dd518ff0a@group-99BD4D3A3F73-LeaderElection30] INFO  impl.RoleInfo (RoleInfo.java:shutdownLeaderElection(130)) - 3ddade9d-4289-4127-b7c4-830dd518ff0a: shutdown 3ddade9d-4289-4127-b7c4-830dd518ff0a@group-99BD4D3A3F73-LeaderElection30
2022-12-06 15:45:03,076 [3ddade9d-4289-4127-b7c4-830dd518ff0a@group-99BD4D3A3F73-LeaderElection30] INFO  server.RaftServer$Division (RaftServerImpl.java:setRole(321)) - 3ddade9d-4289-4127-b7c4-830dd518ff0a@group-99BD4D3A3F73: changes role from CANDIDATE to LEADER at term 3 for changeToLeader
2022-12-06 15:45:03,076 [3ddade9d-4289-4127-b7c4-830dd518ff0a@group-99BD4D3A3F73-LeaderElection30] INFO  ratis.XceiverServerRatis (XceiverServerRatis.java:handleLeaderChangedNotification(863)) - Leader change notification received for group: group-99BD4D3A3F73 with new leaderId: 3ddade9d-4289-4127-b7c4-830dd518ff0a
2022-12-06 15:45:03,078 [3ddade9d-4289-4127-b7c4-830dd518ff0a@group-99BD4D3A3F73-LeaderElection30] INFO  server.RaftServer$Division (ServerState.java:setLeader(313)) - 3ddade9d-4289-4127-b7c4-830dd518ff0a@group-99BD4D3A3F73: change Leader from null to 3ddade9d-4289-4127-b7c4-830dd518ff0a at term 3 for becomeLeader, leader elected after 15091ms
2022-12-06 15:45:03,078 [3ddade9d-4289-4127-b7c4-830dd518ff0a@group-99BD4D3A3F73-LeaderElection30] INFO  server.RaftServerConfigKeys (ConfUtils.java:logGet(46)) - raft.server.staging.catchup.gap = 1000 (default)
2022-12-06 15:45:03,078 [grpc-default-executor-5] INFO  server.RaftServer$Division (RaftServerImpl.java:requestVote(1251)) - 7726e7f5-b74c-4e4a-9680-a65a67c105af@group-99BD4D3A3F73 replies to ELECTION vote request: 3ddade9d-4289-4127-b7c4-830dd518ff0a<-7726e7f5-b74c-4e4a-9680-a65a67c105af#0:OK-t3. Peer's state: 7726e7f5-b74c-4e4a-9680-a65a67c105af@group-99BD4D3A3F73:t3, leader=null, voted=3ddade9d-4289-4127-b7c4-830dd518ff0a, raftlog=Memoized:7726e7f5-b74c-4e4a-9680-a65a67c105af@group-99BD4D3A3F73-SegmentedRaftLog:OPENED:c-1, conf=-1: peers:[2497daeb-967d-49ad-8f28-1297e8c4c732|rpc:10.1.0.110:46387|priority:0|startupRole:FOLLOWER, 7726e7f5-b74c-4e4a-9680-a65a67c105af|rpc:10.1.0.110:44993|priority:0|startupRole:FOLLOWER, 3ddade9d-4289-4127-b7c4-830dd518ff0a|rpc:10.1.0.110:43967|priority:1|startupRole:FOLLOWER]|listeners:[], old=null
2022-12-06 15:45:03,079 [3ddade9d-4289-4127-b7c4-830dd518ff0a@group-99BD4D3A3F73-LeaderElection30] INFO  server.RaftServerConfigKeys (ConfUtils.java:logGet(46)) - raft.server.write.element-limit = 1024 (custom)
2022-12-06 15:45:03,079 [3ddade9d-4289-4127-b7c4-830dd518ff0a@group-99BD4D3A3F73-LeaderElection30] INFO  server.RaftServerConfigKeys (ConfUtils.java:logGet(46)) - raft.server.write.byte-limit = 1024 M (=1073741824) (custom)
2022-12-06 15:45:03,079 [3ddade9d-4289-4127-b7c4-830dd518ff0a@group-99BD4D3A3F73-LeaderElection30] INFO  server.RaftServerConfigKeys (ConfUtils.java:logGet(46)) - raft.server.watch.timeout = 180s (custom)
2022-12-06 15:45:03,079 [3ddade9d-4289-4127-b7c4-830dd518ff0a@group-99BD4D3A3F73-LeaderElection30] INFO  server.RaftServerConfigKeys (ConfUtils.java:logGet(46)) - raft.server.watch.timeout.denomination = 1s (default)
2022-12-06 15:45:03,079 [3ddade9d-4289-4127-b7c4-830dd518ff0a@group-99BD4D3A3F73-LeaderElection30] INFO  server.RaftServerConfigKeys (ConfUtils.java:logGet(46)) - raft.server.watch.element-limit = 65536 (default)
2022-12-06 15:45:03,079 [3ddade9d-4289-4127-b7c4-830dd518ff0a@group-99BD4D3A3F73-LeaderElection30] INFO  server.RaftServerConfigKeys (ConfUtils.java:logGet(46)) - raft.server.write.element-limit = 1024 (custom)
2022-12-06 15:45:03,079 [3ddade9d-4289-4127-b7c4-830dd518ff0a@group-99BD4D3A3F73-LeaderElection30] INFO  server.RaftServerConfigKeys (ConfUtils.java:logGet(46)) - raft.server.write.follower.gap.ratio.max = -1.0 (default)
2022-12-06 15:45:03,080 [3ddade9d-4289-4127-b7c4-830dd518ff0a@group-99BD4D3A3F73-LeaderElection30] INFO  server.RaftServerConfigKeys (ConfUtils.java:logGet(46)) - raft.server.log.appender.snapshot.chunk.size.max = 16MB (=16777216) (default)
2022-12-06 15:45:03,080 [3ddade9d-4289-4127-b7c4-830dd518ff0a@group-99BD4D3A3F73-LeaderElection30] INFO  server.RaftServerConfigKeys (ConfUtils.java:logGet(46)) - raft.server.log.appender.buffer.byte-limit = 33554432 (custom)
2022-12-06 15:45:03,080 [3ddade9d-4289-4127-b7c4-830dd518ff0a@group-99BD4D3A3F73-LeaderElection30] INFO  server.RaftServerConfigKeys (ConfUtils.java:logGet(46)) - raft.server.log.appender.buffer.element-limit = 1 (custom)
2022-12-06 15:45:03,080 [3ddade9d-4289-4127-b7c4-830dd518ff0a@group-99BD4D3A3F73-LeaderElection30] INFO  grpc.GrpcConfigKeys (ConfUtils.java:logGet(46)) - raft.grpc.server.leader.outstanding.appends.max = 128 (default)
2022-12-06 15:45:03,080 [3ddade9d-4289-4127-b7c4-830dd518ff0a@group-99BD4D3A3F73-LeaderElection30] INFO  server.RaftServerConfigKeys (ConfUtils.java:logGet(46)) - raft.server.rpc.request.timeout = 60s (custom)
2022-12-06 15:45:03,080 [3ddade9d-4289-4127-b7c4-830dd518ff0a@group-99BD4D3A3F73-LeaderElection30] INFO  server.RaftServerConfigKeys (ConfUtils.java:logGet(46)) - raft.server.log.appender.install.snapshot.enabled = false (custom)
2022-12-06 15:45:03,080 [3ddade9d-4289-4127-b7c4-830dd518ff0a@group-99BD4D3A3F73-LeaderElection30] INFO  grpc.GrpcConfigKeys (ConfUtils.java:logGet(46)) - raft.grpc.server.heartbeat.channel = true (default)
2022-12-06 15:45:03,080 [3ddade9d-4289-4127-b7c4-830dd518ff0a@group-99BD4D3A3F73-LeaderElection30] INFO  server.RaftServerConfigKeys (ConfUtils.java:logGet(46)) - raft.server.log.appender.wait-time.min = 10ms (default)
2022-12-06 15:45:03,081 [3ddade9d-4289-4127-b7c4-830dd518ff0a@group-99BD4D3A3F73-LeaderElection30] INFO  server.RaftServerConfigKeys (ConfUtils.java:logGet(46)) - raft.server.log.appender.snapshot.chunk.size.max = 16MB (=16777216) (default)
2022-12-06 15:45:03,081 [3ddade9d-4289-4127-b7c4-830dd518ff0a@group-99BD4D3A3F73-LeaderElection30] INFO  server.RaftServerConfigKeys (ConfUtils.java:logGet(46)) - raft.server.log.appender.buffer.byte-limit = 33554432 (custom)
2022-12-06 15:45:03,081 [3ddade9d-4289-4127-b7c4-830dd518ff0a@group-99BD4D3A3F73-LeaderElection30] INFO  server.RaftServerConfigKeys (ConfUtils.java:logGet(46)) - raft.server.log.appender.buffer.element-limit = 1 (custom)
2022-12-06 15:45:03,081 [3ddade9d-4289-4127-b7c4-830dd518ff0a@group-99BD4D3A3F73-LeaderElection30] INFO  grpc.GrpcConfigKeys (ConfUtils.java:logGet(46)) - raft.grpc.server.leader.outstanding.appends.max = 128 (default)
2022-12-06 15:45:03,081 [3ddade9d-4289-4127-b7c4-830dd518ff0a@group-99BD4D3A3F73-LeaderElection30] INFO  server.RaftServerConfigKeys (ConfUtils.java:logGet(46)) - raft.server.rpc.request.timeout = 60s (custom)
2022-12-06 15:45:03,081 [3ddade9d-4289-4127-b7c4-830dd518ff0a@group-99BD4D3A3F73-LeaderElection30] INFO  server.RaftServerConfigKeys (ConfUtils.java:logGet(46)) - raft.server.log.appender.install.snapshot.enabled = false (custom)
2022-12-06 15:45:03,081 [3ddade9d-4289-4127-b7c4-830dd518ff0a@group-99BD4D3A3F73-LeaderElection30] INFO  grpc.GrpcConfigKeys (ConfUtils.java:logGet(46)) - raft.grpc.server.heartbeat.channel = true (default)
2022-12-06 15:45:03,081 [3ddade9d-4289-4127-b7c4-830dd518ff0a@group-99BD4D3A3F73-LeaderElection30] INFO  server.RaftServerConfigKeys (ConfUtils.java:logGet(46)) - raft.server.log.appender.wait-time.min = 10ms (default)
2022-12-06 15:45:03,082 [3ddade9d-4289-4127-b7c4-830dd518ff0a@group-99BD4D3A3F73-LeaderElection30] INFO  impl.RoleInfo (RoleInfo.java:updateAndGet(139)) - 3ddade9d-4289-4127-b7c4-830dd518ff0a: start 3ddade9d-4289-4127-b7c4-830dd518ff0a@group-99BD4D3A3F73-LeaderStateImpl
2022-12-06 15:45:03,083 [EventQueue-CommandQueueReportForCommandQueueReportHandler] WARN  events.EventQueue (EventQueue.java:fireEvent(216)) - No event handler registered for event TypedEvent{payloadType=DatanodeDetails, name='Datanode_Command_Queue_Updated'}
2022-12-06 15:45:03,084 [EventQueue-PipelineReportForPipelineReportHandler] INFO  pipeline.PipelineManagerImpl (PipelineManagerImpl.java:openPipeline(367)) - Pipeline Pipeline[ Id: 6e89d128-5e8e-46de-ad0e-99bd4d3a3f73, Nodes: 2497daeb-967d-49ad-8f28-1297e8c4c732{ip: 10.1.0.110, host: fv-az133-40.ac31hddj4phu5ocom5smqd4hkf.cx.internal.cloudapp.net, ports: [REPLICATION=46249, RATIS=46387, RATIS_ADMIN=46387, RATIS_SERVER=46387, STANDALONE=33911], networkLocation: /default-rack, certSerialId: null, persistedOpState: IN_SERVICE, persistedOpStateExpiryEpochSec: 0}3ddade9d-4289-4127-b7c4-830dd518ff0a{ip: 10.1.0.110, host: fv-az133-40.ac31hddj4phu5ocom5smqd4hkf.cx.internal.cloudapp.net, ports: [REPLICATION=41857, RATIS=43967, RATIS_ADMIN=43967, RATIS_SERVER=43967, STANDALONE=37631], networkLocation: /default-rack, certSerialId: null, persistedOpState: IN_SERVICE, persistedOpStateExpiryEpochSec: 0}7726e7f5-b74c-4e4a-9680-a65a67c105af{ip: 10.1.0.110, host: fv-az133-40.ac31hddj4phu5ocom5smqd4hkf.cx.internal.cloudapp.net, ports: [REPLICATION=39951, RATIS=44993, RATIS_ADMIN=44993, RATIS_SERVER=44993, STANDALONE=45417], networkLocation: /default-rack, certSerialId: null, persistedOpState: IN_SERVICE, persistedOpStateExpiryEpochSec: 0}, ReplicationConfig: RATIS/THREE, State:ALLOCATED, leaderId:3ddade9d-4289-4127-b7c4-830dd518ff0a, CreationTimestamp2022-12-06T15:44:45.096Z[Etc/UTC]] moved to OPEN state
2022-12-06 15:45:03,085 [3ddade9d-4289-4127-b7c4-830dd518ff0a@group-99BD4D3A3F73-LeaderElection30] INFO  segmented.SegmentedRaftLogWorker (SegmentedRaftLogWorker.java:startLogSegment(452)) - 3ddade9d-4289-4127-b7c4-830dd518ff0a@group-99BD4D3A3F73-SegmentedRaftLogWorker: Starting segment from index:0
2022-12-06 15:45:03,087 [3ddade9d-4289-4127-b7c4-830dd518ff0a@group-99BD4D3A3F73-SegmentedRaftLogWorker] INFO  segmented.SegmentedRaftLogWorker (SegmentedRaftLogWorker.java:execute(656)) - 3ddade9d-4289-4127-b7c4-830dd518ff0a@group-99BD4D3A3F73-SegmentedRaftLogWorker: created new log segment /home/runner/work/ozone/ozone/hadoop-ozone/integration-test/target/test-dir/MiniOzoneClusterImpl-dce15e54-dc76-4f82-a75a-fd2a8a22e08e/datanode-8/data/ratis/6e89d128-5e8e-46de-ad0e-99bd4d3a3f73/current/log_inprogress_0
2022-12-06 15:45:03,087 [7726e7f5-b74c-4e4a-9680-a65a67c105af@group-99BD4D3A3F73-FollowerState] INFO  server.RaftServerConfigKeys (ConfUtils.java:logFallback(53)) - raft.server.rpc.first-election.timeout.min = 5s (fallback to raft.server.rpc.timeout.min)
2022-12-06 15:45:03,087 [7726e7f5-b74c-4e4a-9680-a65a67c105af@group-99BD4D3A3F73-FollowerState] INFO  server.RaftServerConfigKeys (ConfUtils.java:logFallback(53)) - raft.server.rpc.first-election.timeout.max = 5200ms (fallback to raft.server.rpc.timeout.max)
2022-12-06 15:45:03,096 [3ddade9d-4289-4127-b7c4-830dd518ff0a@group-99BD4D3A3F73-LeaderElection30] INFO  server.RaftServer$Division (ServerState.java:setRaftConf(430)) - 3ddade9d-4289-4127-b7c4-830dd518ff0a@group-99BD4D3A3F73: set configuration 0: peers:[2497daeb-967d-49ad-8f28-1297e8c4c732|rpc:10.1.0.110:46387|dataStream:|priority:0|startupRole:FOLLOWER, 7726e7f5-b74c-4e4a-9680-a65a67c105af|rpc:10.1.0.110:44993|dataStream:|priority:0|startupRole:FOLLOWER, 3ddade9d-4289-4127-b7c4-830dd518ff0a|rpc:10.1.0.110:43967|dataStream:|priority:1|startupRole:FOLLOWER]|listeners:[], old=null
2022-12-06 15:45:03,104 [2497daeb-967d-49ad-8f28-1297e8c4c732-server-thread1] INFO  ratis.XceiverServerRatis (XceiverServerRatis.java:handleLeaderChangedNotification(863)) - Leader change notification received for group: group-99BD4D3A3F73 with new leaderId: 3ddade9d-4289-4127-b7c4-830dd518ff0a
2022-12-06 15:45:03,105 [2497daeb-967d-49ad-8f28-1297e8c4c732-server-thread1] INFO  server.RaftServer$Division (ServerState.java:setLeader(313)) - 2497daeb-967d-49ad-8f28-1297e8c4c732@group-99BD4D3A3F73: change Leader from null to 3ddade9d-4289-4127-b7c4-830dd518ff0a at term 3 for appendEntries, leader elected after 15188ms
2022-12-06 15:45:03,107 [2497daeb-967d-49ad-8f28-1297e8c4c732-server-thread2] INFO  server.RaftServer$Division (ServerState.java:setRaftConf(430)) - 2497daeb-967d-49ad-8f28-1297e8c4c732@group-99BD4D3A3F73: set configuration 0: peers:[2497daeb-967d-49ad-8f28-1297e8c4c732|rpc:10.1.0.110:46387|dataStream:|priority:0|startupRole:FOLLOWER, 7726e7f5-b74c-4e4a-9680-a65a67c105af|rpc:10.1.0.110:44993|dataStream:|priority:0|startupRole:FOLLOWER, 3ddade9d-4289-4127-b7c4-830dd518ff0a|rpc:10.1.0.110:43967|dataStream:|priority:1|startupRole:FOLLOWER]|listeners:[], old=null
2022-12-06 15:45:03,108 [2497daeb-967d-49ad-8f28-1297e8c4c732-server-thread2] INFO  segmented.SegmentedRaftLogWorker (SegmentedRaftLogWorker.java:startLogSegment(452)) - 2497daeb-967d-49ad-8f28-1297e8c4c732@group-99BD4D3A3F73-SegmentedRaftLogWorker: Starting segment from index:0
2022-12-06 15:45:03,110 [2497daeb-967d-49ad-8f28-1297e8c4c732@group-99BD4D3A3F73-SegmentedRaftLogWorker] INFO  segmented.SegmentedRaftLogWorker (SegmentedRaftLogWorker.java:execute(656)) - 2497daeb-967d-49ad-8f28-1297e8c4c732@group-99BD4D3A3F73-SegmentedRaftLogWorker: created new log segment /home/runner/work/ozone/ozone/hadoop-ozone/integration-test/target/test-dir/MiniOzoneClusterImpl-dce15e54-dc76-4f82-a75a-fd2a8a22e08e/datanode-6/data/ratis/6e89d128-5e8e-46de-ad0e-99bd4d3a3f73/current/log_inprogress_0
2022-12-06 15:45:03,115 [7726e7f5-b74c-4e4a-9680-a65a67c105af-server-thread1] INFO  ratis.XceiverServerRatis (XceiverServerRatis.java:handleLeaderChangedNotification(863)) - Leader change notification received for group: group-99BD4D3A3F73 with new leaderId: 3ddade9d-4289-4127-b7c4-830dd518ff0a
2022-12-06 15:45:03,116 [7726e7f5-b74c-4e4a-9680-a65a67c105af-server-thread1] INFO  server.RaftServer$Division (ServerState.java:setLeader(313)) - 7726e7f5-b74c-4e4a-9680-a65a67c105af@group-99BD4D3A3F73: change Leader from null to 3ddade9d-4289-4127-b7c4-830dd518ff0a at term 3 for appendEntries, leader elected after 15254ms
2022-12-06 15:45:03,117 [7726e7f5-b74c-4e4a-9680-a65a67c105af-server-thread2] INFO  server.RaftServer$Division (ServerState.java:setRaftConf(430)) - 7726e7f5-b74c-4e4a-9680-a65a67c105af@group-99BD4D3A3F73: set configuration 0: peers:[2497daeb-967d-49ad-8f28-1297e8c4c732|rpc:10.1.0.110:46387|dataStream:|priority:0|startupRole:FOLLOWER, 7726e7f5-b74c-4e4a-9680-a65a67c105af|rpc:10.1.0.110:44993|dataStream:|priority:0|startupRole:FOLLOWER, 3ddade9d-4289-4127-b7c4-830dd518ff0a|rpc:10.1.0.110:43967|dataStream:|priority:1|startupRole:FOLLOWER]|listeners:[], old=null
2022-12-06 15:45:03,117 [7726e7f5-b74c-4e4a-9680-a65a67c105af-server-thread2] INFO  segmented.SegmentedRaftLogWorker (SegmentedRaftLogWorker.java:startLogSegment(452)) - 7726e7f5-b74c-4e4a-9680-a65a67c105af@group-99BD4D3A3F73-SegmentedRaftLogWorker: Starting segment from index:0
2022-12-06 15:45:03,119 [7726e7f5-b74c-4e4a-9680-a65a67c105af@group-99BD4D3A3F73-SegmentedRaftLogWorker] INFO  segmented.SegmentedRaftLogWorker (SegmentedRaftLogWorker.java:execute(656)) - 7726e7f5-b74c-4e4a-9680-a65a67c105af@group-99BD4D3A3F73-SegmentedRaftLogWorker: created new log segment /home/runner/work/ozone/ozone/hadoop-ozone/integration-test/target/test-dir/MiniOzoneClusterImpl-dce15e54-dc76-4f82-a75a-fd2a8a22e08e/datanode-7/data/ratis/6e89d128-5e8e-46de-ad0e-99bd4d3a3f73/current/log_inprogress_0
2022-12-06 15:45:03,193 [grpc-default-executor-5] WARN  server.GrpcLogAppender (LogUtils.java:warn(122)) - 4ef44404-e624-4c50-bb49-8deedaf9742c@group-6B60A7C996DB->b0993b33-1422-4b90-a478-b8a2894a7eaa-AppendLogResponseHandler: Failed appendEntries: org.apache.ratis.thirdparty.io.grpc.StatusRuntimeException: UNAVAILABLE: io exception
2022-12-06 15:45:03,193 [grpc-default-executor-2] WARN  server.GrpcLogAppender (LogUtils.java:warn(122)) - 4ef44404-e624-4c50-bb49-8deedaf9742c@group-6B60A7C996DB->b0993b33-1422-4b90-a478-b8a2894a7eaa-AppendLogResponseHandler: Failed appendEntries: org.apache.ratis.thirdparty.io.grpc.StatusRuntimeException: UNAVAILABLE: io exception
2022-12-06 15:45:03,194 [grpc-default-executor-5] WARN  server.GrpcLogAppender (GrpcLogAppender.java:resetClient(131)) - 4ef44404-e624-4c50-bb49-8deedaf9742c@group-6B60A7C996DB->b0993b33-1422-4b90-a478-b8a2894a7eaa-GrpcLogAppender: Leader has not got in touch with Follower 4ef44404-e624-4c50-bb49-8deedaf9742c@group-6B60A7C996DB->b0993b33-1422-4b90-a478-b8a2894a7eaa(c-1,m0,n1, attendVote=true, lastRpcSendTime=1, lastRpcResponseTime=6466) yet, just keep nextIndex unchanged and retry.
2022-12-06 15:45:03,196 [grpc-default-executor-2] WARN  server.GrpcLogAppender (GrpcLogAppender.java:resetClient(131)) - 4ef44404-e624-4c50-bb49-8deedaf9742c@group-6B60A7C996DB->b0993b33-1422-4b90-a478-b8a2894a7eaa-GrpcLogAppender: Leader has not got in touch with Follower 4ef44404-e624-4c50-bb49-8deedaf9742c@group-6B60A7C996DB->b0993b33-1422-4b90-a478-b8a2894a7eaa(c-1,m0,n1, attendVote=true, lastRpcSendTime=2, lastRpcResponseTime=6468) yet, just keep nextIndex unchanged and retry.
2022-12-06 15:45:03,322 [EventQueue-CommandQueueReportForCommandQueueReportHandler] WARN  events.EventQueue (EventQueue.java:fireEvent(216)) - No event handler registered for event TypedEvent{payloadType=DatanodeDetails, name='Datanode_Command_Queue_Updated'}
2022-12-06 15:45:03,327 [EventQueue-CommandQueueReportForCommandQueueReportHandler] WARN  events.EventQueue (EventQueue.java:fireEvent(216)) - No event handler registered for event TypedEvent{payloadType=DatanodeDetails, name='Datanode_Command_Queue_Updated'}
2022-12-06 15:45:03,328 [EventQueue-CommandQueueReportForCommandQueueReportHandler] WARN  events.EventQueue (EventQueue.java:fireEvent(216)) - No event handler registered for event TypedEvent{payloadType=DatanodeDetails, name='Datanode_Command_Queue_Updated'}
2022-12-06 15:45:03,331 [EventQueue-CommandQueueReportForCommandQueueReportHandler] WARN  events.EventQueue (EventQueue.java:fireEvent(216)) - No event handler registered for event TypedEvent{payloadType=DatanodeDetails, name='Datanode_Command_Queue_Updated'}
2022-12-06 15:45:03,333 [EventQueue-CommandQueueReportForCommandQueueReportHandler] WARN  events.EventQueue (EventQueue.java:fireEvent(216)) - No event handler registered for event TypedEvent{payloadType=DatanodeDetails, name='Datanode_Command_Queue_Updated'}
2022-12-06 15:45:03,347 [EventQueue-DeadNodeForDeadNodeHandler] INFO  node.DeadNodeHandler (DeadNodeHandler.java:onMessage(81)) - A dead datanode is detected. b0993b33-1422-4b90-a478-b8a2894a7eaa{ip: 10.1.0.110, host: fv-az133-40.ac31hddj4phu5ocom5smqd4hkf.cx.internal.cloudapp.net, ports: [REPLICATION=44271, RATIS=42755, RATIS_ADMIN=42755, RATIS_SERVER=42755, STANDALONE=38575], networkLocation: /default-rack, certSerialId: null, persistedOpState: IN_SERVICE, persistedOpStateExpiryEpochSec: 0}
2022-12-06 15:45:03,349 [EventQueue-DeadNodeForDeadNodeHandler] INFO  pipeline.RatisPipelineProvider (RatisPipelineProvider.java:lambda$close$1(244)) - Send pipeline:PipelineID=e5386add-d74c-4c86-b83f-6b60a7c996db close command to datanode 4ef44404-e624-4c50-bb49-8deedaf9742c
2022-12-06 15:45:03,349 [EventQueue-DeadNodeForDeadNodeHandler] INFO  pipeline.RatisPipelineProvider (RatisPipelineProvider.java:lambda$close$1(244)) - Send pipeline:PipelineID=e5386add-d74c-4c86-b83f-6b60a7c996db close command to datanode 0587405b-2ffa-4132-824d-547ca09f0e52
2022-12-06 15:45:03,349 [EventQueue-DeadNodeForDeadNodeHandler] INFO  pipeline.RatisPipelineProvider (RatisPipelineProvider.java:lambda$close$1(244)) - Send pipeline:PipelineID=e5386add-d74c-4c86-b83f-6b60a7c996db close command to datanode b0993b33-1422-4b90-a478-b8a2894a7eaa
2022-12-06 15:45:03,350 [EventQueue-DeadNodeForDeadNodeHandler] INFO  pipeline.PipelineStateManagerImpl (PipelineStateManagerImpl.java:removePipeline(245)) - Pipeline Pipeline[ Id: e5386add-d74c-4c86-b83f-6b60a7c996db, Nodes: 4ef44404-e624-4c50-bb49-8deedaf9742c{ip: 10.1.0.110, host: fv-az133-40.ac31hddj4phu5ocom5smqd4hkf.cx.internal.cloudapp.net, ports: [REPLICATION=42083, RATIS=46141, RATIS_ADMIN=46141, RATIS_SERVER=46141, STANDALONE=33769], networkLocation: /default-rack, certSerialId: null, persistedOpState: IN_SERVICE, persistedOpStateExpiryEpochSec: 0}0587405b-2ffa-4132-824d-547ca09f0e52{ip: 10.1.0.110, host: fv-az133-40.ac31hddj4phu5ocom5smqd4hkf.cx.internal.cloudapp.net, ports: [REPLICATION=32813, RATIS=38421, RATIS_ADMIN=38421, RATIS_SERVER=38421, STANDALONE=40413], networkLocation: /default-rack, certSerialId: null, persistedOpState: IN_SERVICE, persistedOpStateExpiryEpochSec: 0}b0993b33-1422-4b90-a478-b8a2894a7eaa{ip: 10.1.0.110, host: fv-az133-40.ac31hddj4phu5ocom5smqd4hkf.cx.internal.cloudapp.net, ports: [REPLICATION=44271, RATIS=42755, RATIS_ADMIN=42755, RATIS_SERVER=42755, STANDALONE=38575], networkLocation: /default-rack, certSerialId: null, persistedOpState: IN_SERVICE, persistedOpStateExpiryEpochSec: 0}, ReplicationConfig: RATIS/THREE, State:CLOSED, leaderId:4ef44404-e624-4c50-bb49-8deedaf9742c, CreationTimestamp2022-12-06T15:44:42.933Z[Etc/UTC]] removed.
2022-12-06 15:45:03,350 [EventQueue-DeadNodeForDeadNodeHandler] INFO  pipeline.RatisPipelineProvider (RatisPipelineProvider.java:lambda$close$1(244)) - Send pipeline:PipelineID=bf923e71-20ae-46e3-a36e-860da3541f0f close command to datanode b0993b33-1422-4b90-a478-b8a2894a7eaa
2022-12-06 15:45:03,354 [EventQueue-DeadNodeForDeadNodeHandler] INFO  pipeline.PipelineStateManagerImpl (PipelineStateManagerImpl.java:removePipeline(245)) - Pipeline Pipeline[ Id: bf923e71-20ae-46e3-a36e-860da3541f0f, Nodes: b0993b33-1422-4b90-a478-b8a2894a7eaa{ip: 10.1.0.110, host: fv-az133-40.ac31hddj4phu5ocom5smqd4hkf.cx.internal.cloudapp.net, ports: [REPLICATION=44271, RATIS=42755, RATIS_ADMIN=42755, RATIS_SERVER=42755, STANDALONE=38575], networkLocation: /default-rack, certSerialId: null, persistedOpState: IN_SERVICE, persistedOpStateExpiryEpochSec: 0}, ReplicationConfig: RATIS/ONE, State:CLOSED, leaderId:b0993b33-1422-4b90-a478-b8a2894a7eaa, CreationTimestamp2022-12-06T15:44:42.924Z[Etc/UTC]] removed.
2022-12-06 15:45:03,355 [EventQueue-DeadNodeForDeadNodeHandler] INFO  pipeline.RatisPipelineProvider (RatisPipelineProvider.java:lambda$close$1(244)) - Send pipeline:PipelineID=f835e2b8-2c94-4d28-b8f1-e6ef3be0cb72 close command to datanode b0993b33-1422-4b90-a478-b8a2894a7eaa
2022-12-06 15:45:03,355 [EventQueue-DeadNodeForDeadNodeHandler] INFO  pipeline.RatisPipelineProvider (RatisPipelineProvider.java:lambda$close$1(244)) - Send pipeline:PipelineID=f835e2b8-2c94-4d28-b8f1-e6ef3be0cb72 close command to datanode 4ef44404-e624-4c50-bb49-8deedaf9742c
2022-12-06 15:45:03,355 [EventQueue-DeadNodeForDeadNodeHandler] INFO  pipeline.RatisPipelineProvider (RatisPipelineProvider.java:lambda$close$1(244)) - Send pipeline:PipelineID=f835e2b8-2c94-4d28-b8f1-e6ef3be0cb72 close command to datanode 0587405b-2ffa-4132-824d-547ca09f0e52
2022-12-06 15:45:03,356 [EventQueue-DeadNodeForDeadNodeHandler] INFO  pipeline.PipelineStateManagerImpl (PipelineStateManagerImpl.java:removePipeline(245)) - Pipeline Pipeline[ Id: f835e2b8-2c94-4d28-b8f1-e6ef3be0cb72, Nodes: b0993b33-1422-4b90-a478-b8a2894a7eaa{ip: 10.1.0.110, host: fv-az133-40.ac31hddj4phu5ocom5smqd4hkf.cx.internal.cloudapp.net, ports: [REPLICATION=44271, RATIS=42755, RATIS_ADMIN=42755, RATIS_SERVER=42755, STANDALONE=38575], networkLocation: /default-rack, certSerialId: null, persistedOpState: IN_SERVICE, persistedOpStateExpiryEpochSec: 0}4ef44404-e624-4c50-bb49-8deedaf9742c{ip: 10.1.0.110, host: fv-az133-40.ac31hddj4phu5ocom5smqd4hkf.cx.internal.cloudapp.net, ports: [REPLICATION=42083, RATIS=46141, RATIS_ADMIN=46141, RATIS_SERVER=46141, STANDALONE=33769], networkLocation: /default-rack, certSerialId: null, persistedOpState: IN_SERVICE, persistedOpStateExpiryEpochSec: 0}0587405b-2ffa-4132-824d-547ca09f0e52{ip: 10.1.0.110, host: fv-az133-40.ac31hddj4phu5ocom5smqd4hkf.cx.internal.cloudapp.net, ports: [REPLICATION=32813, RATIS=38421, RATIS_ADMIN=38421, RATIS_SERVER=38421, STANDALONE=40413], networkLocation: /default-rack, certSerialId: null, persistedOpState: IN_SERVICE, persistedOpStateExpiryEpochSec: 0}, ReplicationConfig: RATIS/THREE, State:CLOSED, leaderId:b0993b33-1422-4b90-a478-b8a2894a7eaa, CreationTimestamp2022-12-06T15:44:42.931Z[Etc/UTC]] removed.
2022-12-06 15:45:03,359 [EventQueue-DeadNodeForDeadNodeHandler] INFO  pipeline.PipelineStateManagerImpl (PipelineStateManagerImpl.java:removePipeline(245)) - Pipeline Pipeline[ Id: 055b8b7a-8017-4d3f-a0d0-bb677440d3b3, Nodes: b0993b33-1422-4b90-a478-b8a2894a7eaa{ip: 10.1.0.110, host: fv-az133-40.ac31hddj4phu5ocom5smqd4hkf.cx.internal.cloudapp.net, ports: [REPLICATION=44271, RATIS=42755, RATIS_ADMIN=42755, RATIS_SERVER=42755, STANDALONE=38575], networkLocation: /default-rack, certSerialId: null, persistedOpState: null, persistedOpStateExpiryEpochSec: 0}cc93147f-bc2d-4803-9a7c-bfa6df100165{ip: 10.1.0.110, host: fv-az133-40.ac31hddj4phu5ocom5smqd4hkf.cx.internal.cloudapp.net, ports: [REPLICATION=44167, RATIS=32927, RATIS_ADMIN=32927, RATIS_SERVER=32927, STANDALONE=46525], networkLocation: /default-rack, certSerialId: null, persistedOpState: null, persistedOpStateExpiryEpochSec: 0}831a834c-0d76-4477-9113-3f6aa01da917{ip: 10.1.0.110, host: fv-az133-40.ac31hddj4phu5ocom5smqd4hkf.cx.internal.cloudapp.net, ports: [REPLICATION=35421, RATIS=38237, RATIS_ADMIN=38237, RATIS_SERVER=38237, STANDALONE=40149], networkLocation: /default-rack, certSerialId: null, persistedOpState: null, persistedOpStateExpiryEpochSec: 0}470e2686-24c9-4e42-bae6-1f3a72650c76{ip: 10.1.0.110, host: fv-az133-40.ac31hddj4phu5ocom5smqd4hkf.cx.internal.cloudapp.net, ports: [REPLICATION=41209, RATIS=33297, RATIS_ADMIN=33297, RATIS_SERVER=33297, STANDALONE=42791], networkLocation: /default-rack, certSerialId: null, persistedOpState: null, persistedOpStateExpiryEpochSec: 0}2497daeb-967d-49ad-8f28-1297e8c4c732{ip: 10.1.0.110, host: fv-az133-40.ac31hddj4phu5ocom5smqd4hkf.cx.internal.cloudapp.net, ports: [REPLICATION=46249, RATIS=46387, RATIS_ADMIN=46387, RATIS_SERVER=46387, STANDALONE=33911], networkLocation: /default-rack, certSerialId: null, persistedOpState: null, persistedOpStateExpiryEpochSec: 0}, ReplicationConfig: EC/ECReplicationConfig{data=3, parity=2, ecChunkSize=1024, codec=rs}, State:CLOSED, leaderId:, CreationTimestamp2022-12-06T15:44:56.941Z[Etc/UTC]] removed.
2022-12-06 15:45:03,365 [Command processor thread] INFO  keyvalue.KeyValueContainer (KeyValueContainer.java:flushAndSyncDB(437)) - Container 1 is synced with bcsId 0.
2022-12-06 15:45:03,370 [Command processor thread] INFO  keyvalue.KeyValueContainer (KeyValueContainer.java:flushAndSyncDB(437)) - Container 1 is synced with bcsId 0.
2022-12-06 15:45:03,372 [Command processor thread] INFO  keyvalue.KeyValueContainer (KeyValueContainer.java:close(352)) - Container 1 is closed with bcsId 0.
2022-12-06 15:45:03,374 [EventQueue-CommandQueueReportForCommandQueueReportHandler] WARN  events.EventQueue (EventQueue.java:fireEvent(216)) - No event handler registered for event TypedEvent{payloadType=DatanodeDetails, name='Datanode_Command_Queue_Updated'}
2022-12-06 15:45:03,380 [EventQueue-DeadNodeForDeadNodeHandler] INFO  net.NetworkTopologyImpl (NetworkTopologyImpl.java:remove(190)) - Removed a node: /default-rack/b0993b33-1422-4b90-a478-b8a2894a7eaa
2022-12-06 15:45:03,386 [EventQueue-CommandQueueReportForCommandQueueReportHandler] WARN  events.EventQueue (EventQueue.java:fireEvent(216)) - No event handler registered for event TypedEvent{payloadType=DatanodeDetails, name='Datanode_Command_Queue_Updated'}
2022-12-06 15:45:03,395 [Command processor thread] INFO  keyvalue.KeyValueContainer (KeyValueContainer.java:flushAndSyncDB(437)) - Container 1 is synced with bcsId 0.
2022-12-06 15:45:03,395 [Command processor thread] INFO  keyvalue.KeyValueContainer (KeyValueContainer.java:flushAndSyncDB(437)) - Container 1 is synced with bcsId 0.
2022-12-06 15:45:03,400 [Command processor thread] INFO  keyvalue.KeyValueContainer (KeyValueContainer.java:close(352)) - Container 1 is closed with bcsId 0.
2022-12-06 15:45:03,403 [EventQueue-CommandQueueReportForCommandQueueReportHandler] WARN  events.EventQueue (EventQueue.java:fireEvent(216)) - No event handler registered for event TypedEvent{payloadType=DatanodeDetails, name='Datanode_Command_Queue_Updated'}
2022-12-06 15:45:03,405 [Listener at 127.0.0.1/44149] INFO  replication.ReplicationManager (ReplicationManager.java:start(254)) - Starting Replication Monitor Thread.
2022-12-06 15:45:03,415 [Under Replicated Processor] INFO  replication.UnderReplicatedProcessor (UnderReplicatedProcessor.java:processAll(79)) - Processed 0 under replicated containers, failed processing 0
2022-12-06 15:45:03,418 [ReplicationMonitor] INFO  replication.ReplicationManager (ReplicationManager.java:sendDatanodeCommand(417)) - Sending command of type closeContainerCommand for container ContainerInfo{id=#1, state=CLOSED, pipelineID=PipelineID=055b8b7a-8017-4d3f-a0d0-bb677440d3b3, stateEnterTime=2022-12-06T15:44:56.947Z, owner=om1} to 470e2686-24c9-4e42-bae6-1f3a72650c76{ip: 10.1.0.110, host: fv-az133-40.ac31hddj4phu5ocom5smqd4hkf.cx.internal.cloudapp.net, ports: [REPLICATION=41209, RATIS=33297, RATIS_ADMIN=33297, RATIS_SERVER=33297, STANDALONE=42791], networkLocation: /default-rack, certSerialId: null, persistedOpState: IN_SERVICE, persistedOpStateExpiryEpochSec: 0}
2022-12-06 15:45:03,419 [ReplicationMonitor] INFO  replication.ReplicationManager (ReplicationManager.java:processAll(356)) - Replication Monitor Thread took 3 milliseconds for processing 1 containers.
2022-12-06 15:45:03,421 [Over Replicated Processor] INFO  replication.OverReplicatedProcessor (OverReplicatedProcessor.java:processAll(79)) - Processed 0 over replicated containers, failed processing 0
2022-12-06 15:45:03,440 [Command processor thread] INFO  keyvalue.KeyValueContainer (KeyValueContainer.java:flushAndSyncDB(437)) - Container 1 is synced with bcsId 0.
2022-12-06 15:45:03,440 [Command processor thread] INFO  keyvalue.KeyValueContainer (KeyValueContainer.java:flushAndSyncDB(437)) - Container 1 is synced with bcsId 0.
2022-12-06 15:45:03,449 [Command processor thread] INFO  keyvalue.KeyValueContainer (KeyValueContainer.java:close(352)) - Container 1 is closed with bcsId 0.
2022-12-06 15:45:03,451 [EventQueue-CommandQueueReportForCommandQueueReportHandler] WARN  events.EventQueue (EventQueue.java:fireEvent(216)) - No event handler registered for event TypedEvent{payloadType=DatanodeDetails, name='Datanode_Command_Queue_Updated'}
2022-12-06 15:45:03,634 [EventQueue-CommandQueueReportForCommandQueueReportHandler] WARN  events.EventQueue (EventQueue.java:fireEvent(216)) - No event handler registered for event TypedEvent{payloadType=DatanodeDetails, name='Datanode_Command_Queue_Updated'}
2022-12-06 15:45:03,795 [EventQueue-CommandQueueReportForCommandQueueReportHandler] WARN  events.EventQueue (EventQueue.java:fireEvent(216)) - No event handler registered for event TypedEvent{payloadType=DatanodeDetails, name='Datanode_Command_Queue_Updated'}
2022-12-06 15:45:03,933 [EventQueue-CommandQueueReportForCommandQueueReportHandler] WARN  events.EventQueue (EventQueue.java:fireEvent(216)) - No event handler registered for event TypedEvent{payloadType=DatanodeDetails, name='Datanode_Command_Queue_Updated'}
2022-12-06 15:45:03,944 [EventQueue-CommandQueueReportForCommandQueueReportHandler] WARN  events.EventQueue (EventQueue.java:fireEvent(216)) - No event handler registered for event TypedEvent{payloadType=DatanodeDetails, name='Datanode_Command_Queue_Updated'}
2022-12-06 15:45:04,082 [EventQueue-CommandQueueReportForCommandQueueReportHandler] WARN  events.EventQueue (EventQueue.java:fireEvent(216)) - No event handler registered for event TypedEvent{payloadType=DatanodeDetails, name='Datanode_Command_Queue_Updated'}
2022-12-06 15:45:04,375 [EventQueue-CommandQueueReportForCommandQueueReportHandler] WARN  events.EventQueue (EventQueue.java:fireEvent(216)) - No event handler registered for event TypedEvent{payloadType=DatanodeDetails, name='Datanode_Command_Queue_Updated'}
2022-12-06 15:45:04,394 [EventQueue-CommandQueueReportForCommandQueueReportHandler] WARN  events.EventQueue (EventQueue.java:fireEvent(216)) - No event handler registered for event TypedEvent{payloadType=DatanodeDetails, name='Datanode_Command_Queue_Updated'}
2022-12-06 15:45:04,402 [EventQueue-CommandQueueReportForCommandQueueReportHandler] WARN  events.EventQueue (EventQueue.java:fireEvent(216)) - No event handler registered for event TypedEvent{payloadType=DatanodeDetails, name='Datanode_Command_Queue_Updated'}
2022-12-06 15:45:04,444 [grpc-default-executor-2] WARN  server.GrpcLogAppender (LogUtils.java:warn(122)) - 4ef44404-e624-4c50-bb49-8deedaf9742c@group-6B60A7C996DB->b0993b33-1422-4b90-a478-b8a2894a7eaa-AppendLogResponseHandler: Failed appendEntries: org.apache.ratis.thirdparty.io.grpc.StatusRuntimeException: UNAVAILABLE: io exception
2022-12-06 15:45:04,444 [grpc-default-executor-5] WARN  server.GrpcLogAppender (LogUtils.java:warn(122)) - 4ef44404-e624-4c50-bb49-8deedaf9742c@group-6B60A7C996DB->b0993b33-1422-4b90-a478-b8a2894a7eaa-AppendLogResponseHandler: Failed appendEntries: org.apache.ratis.thirdparty.io.grpc.StatusRuntimeException: UNAVAILABLE: io exception
2022-12-06 15:45:04,445 [grpc-default-executor-2] WARN  server.GrpcLogAppender (GrpcLogAppender.java:resetClient(131)) - 4ef44404-e624-4c50-bb49-8deedaf9742c@group-6B60A7C996DB->b0993b33-1422-4b90-a478-b8a2894a7eaa-GrpcLogAppender: Leader has not got in touch with Follower 4ef44404-e624-4c50-bb49-8deedaf9742c@group-6B60A7C996DB->b0993b33-1422-4b90-a478-b8a2894a7eaa(c-1,m0,n1, attendVote=true, lastRpcSendTime=1, lastRpcResponseTime=7717) yet, just keep nextIndex unchanged and retry.
2022-12-06 15:45:04,445 [grpc-default-executor-5] WARN  server.GrpcLogAppender (GrpcLogAppender.java:resetClient(131)) - 4ef44404-e624-4c50-bb49-8deedaf9742c@group-6B60A7C996DB->b0993b33-1422-4b90-a478-b8a2894a7eaa-GrpcLogAppender: Leader has not got in touch with Follower 4ef44404-e624-4c50-bb49-8deedaf9742c@group-6B60A7C996DB->b0993b33-1422-4b90-a478-b8a2894a7eaa(c-1,m0,n1, attendVote=true, lastRpcSendTime=1, lastRpcResponseTime=7717) yet, just keep nextIndex unchanged and retry.
2022-12-06 15:45:04,451 [EventQueue-CommandQueueReportForCommandQueueReportHandler] WARN  events.EventQueue (EventQueue.java:fireEvent(216)) - No event handler registered for event TypedEvent{payloadType=DatanodeDetails, name='Datanode_Command_Queue_Updated'}
2022-12-06 15:45:04,633 [EventQueue-CommandQueueReportForCommandQueueReportHandler] WARN  events.EventQueue (EventQueue.java:fireEvent(216)) - No event handler registered for event TypedEvent{payloadType=DatanodeDetails, name='Datanode_Command_Queue_Updated'}
2022-12-06 15:45:04,794 [EventQueue-CommandQueueReportForCommandQueueReportHandler] WARN  events.EventQueue (EventQueue.java:fireEvent(216)) - No event handler registered for event TypedEvent{payloadType=DatanodeDetails, name='Datanode_Command_Queue_Updated'}
2022-12-06 15:45:04,931 [Command processor thread] INFO  server.RaftServer (RaftServerProxy.java:remove(107)) - 4ef44404-e624-4c50-bb49-8deedaf9742c: remove    LEADER 4ef44404-e624-4c50-bb49-8deedaf9742c@group-6B60A7C996DB:t3, leader=4ef44404-e624-4c50-bb49-8deedaf9742c, voted=4ef44404-e624-4c50-bb49-8deedaf9742c, raftlog=Memoized:4ef44404-e624-4c50-bb49-8deedaf9742c@group-6B60A7C996DB-SegmentedRaftLog:OPENED:c0, conf=0: peers:[4ef44404-e624-4c50-bb49-8deedaf9742c|rpc:10.1.0.110:46141|dataStream:|priority:1|startupRole:FOLLOWER, b0993b33-1422-4b90-a478-b8a2894a7eaa|rpc:10.1.0.110:42755|dataStream:|priority:0|startupRole:FOLLOWER, 0587405b-2ffa-4132-824d-547ca09f0e52|rpc:10.1.0.110:38421|dataStream:|priority:0|startupRole:FOLLOWER]|listeners:[], old=null RUNNING
2022-12-06 15:45:04,933 [Command processor thread] INFO  server.RaftServer$Division (RaftServerImpl.java:lambda$close$4(458)) - 4ef44404-e624-4c50-bb49-8deedaf9742c@group-6B60A7C996DB: shutdown
2022-12-06 15:45:04,933 [Command processor thread] INFO  util.JmxRegister (JmxRegister.java:unregister(73)) - Successfully un-registered JMX Bean with object name Ratis:service=RaftServer,group=group-6B60A7C996DB,id=4ef44404-e624-4c50-bb49-8deedaf9742c
2022-12-06 15:45:04,933 [Command processor thread] INFO  impl.RoleInfo (RoleInfo.java:shutdownLeaderState(93)) - 4ef44404-e624-4c50-bb49-8deedaf9742c: shutdown 4ef44404-e624-4c50-bb49-8deedaf9742c@group-6B60A7C996DB-LeaderStateImpl
2022-12-06 15:45:04,934 [EventQueue-CommandQueueReportForCommandQueueReportHandler] WARN  events.EventQueue (EventQueue.java:fireEvent(216)) - No event handler registered for event TypedEvent{payloadType=DatanodeDetails, name='Datanode_Command_Queue_Updated'}
2022-12-06 15:45:04,934 [4ef44404-e624-4c50-bb49-8deedaf9742c@group-6B60A7C996DB->0587405b-2ffa-4132-824d-547ca09f0e52-GrpcLogAppender-LogAppenderDaemon] WARN  server.GrpcLogAppender (GrpcLogAppender.java:mayWait(200)) - 4ef44404-e624-4c50-bb49-8deedaf9742c@group-6B60A7C996DB->0587405b-2ffa-4132-824d-547ca09f0e52-GrpcLogAppender: Wait interrupted by java.lang.InterruptedException
2022-12-06 15:45:04,934 [Command processor thread] INFO  impl.PendingRequests (PendingRequests.java:sendNotLeaderResponses(282)) - 4ef44404-e624-4c50-bb49-8deedaf9742c@group-6B60A7C996DB-PendingRequests: sendNotLeaderResponses
2022-12-06 15:45:04,935 [Command processor thread] INFO  impl.StateMachineUpdater (StateMachineUpdater.java:stopAndJoin(153)) - 4ef44404-e624-4c50-bb49-8deedaf9742c@group-6B60A7C996DB-StateMachineUpdater: set stopIndex = 0
2022-12-06 15:45:04,936 [4ef44404-e624-4c50-bb49-8deedaf9742c@group-6B60A7C996DB-StateMachineUpdater] INFO  ratis.ContainerStateMachine (ContainerStateMachine.java:takeSnapshot(304)) - group-6B60A7C996DB: Taking a snapshot at:(t:3, i:0) file /home/runner/work/ozone/ozone/hadoop-ozone/integration-test/target/test-dir/MiniOzoneClusterImpl-dce15e54-dc76-4f82-a75a-fd2a8a22e08e/datanode-0/data/ratis/e5386add-d74c-4c86-b83f-6b60a7c996db/sm/snapshot.3_0
2022-12-06 15:45:04,936 [grpc-default-executor-2] INFO  server.GrpcServerProtocolService (GrpcServerProtocolService.java:onCompleted(143)) - 0587405b-2ffa-4132-824d-547ca09f0e52: Completed APPEND_ENTRIES, lastRequest: null
2022-12-06 15:45:04,937 [4ef44404-e624-4c50-bb49-8deedaf9742c@group-6B60A7C996DB-StateMachineUpdater] INFO  ratis.ContainerStateMachine (ContainerStateMachine.java:takeSnapshot(315)) - group-6B60A7C996DB: Finished taking a snapshot at:(t:3, i:0) file:/home/runner/work/ozone/ozone/hadoop-ozone/integration-test/target/test-dir/MiniOzoneClusterImpl-dce15e54-dc76-4f82-a75a-fd2a8a22e08e/datanode-0/data/ratis/e5386add-d74c-4c86-b83f-6b60a7c996db/sm/snapshot.3_0 took: 1 ms
2022-12-06 15:45:04,937 [4ef44404-e624-4c50-bb49-8deedaf9742c@group-6B60A7C996DB-StateMachineUpdater] INFO  impl.StateMachineUpdater (StateMachineUpdater.java:takeSnapshot(287)) - 4ef44404-e624-4c50-bb49-8deedaf9742c@group-6B60A7C996DB-StateMachineUpdater: Took a snapshot at index 0
2022-12-06 15:45:04,937 [4ef44404-e624-4c50-bb49-8deedaf9742c@group-6B60A7C996DB-StateMachineUpdater] INFO  impl.StateMachineUpdater (StateMachineUpdater.java:lambda$new$0(92)) - 4ef44404-e624-4c50-bb49-8deedaf9742c@group-6B60A7C996DB-StateMachineUpdater: snapshotIndex: updateIncreasingly -1 -> 0
2022-12-06 15:45:04,937 [Command processor thread] INFO  server.RaftServer$Division (ServerState.java:close(466)) - 4ef44404-e624-4c50-bb49-8deedaf9742c@group-6B60A7C996DB: closes. applyIndex: 0
2022-12-06 15:45:04,938 [4ef44404-e624-4c50-bb49-8deedaf9742c@group-6B60A7C996DB-SegmentedRaftLogWorker] INFO  segmented.SegmentedRaftLogWorker (SegmentedRaftLogWorker.java:run(347)) - 4ef44404-e624-4c50-bb49-8deedaf9742c@group-6B60A7C996DB-SegmentedRaftLogWorker was interrupted, exiting. There are 0 tasks remaining in the queue.
2022-12-06 15:45:04,941 [Command processor thread] INFO  segmented.SegmentedRaftLogWorker (SegmentedRaftLogWorker.java:close(257)) - 4ef44404-e624-4c50-bb49-8deedaf9742c@group-6B60A7C996DB-SegmentedRaftLogWorker close()
2022-12-06 15:45:04,943 [grpc-default-executor-5] INFO  server.GrpcServerProtocolService (GrpcServerProtocolService.java:onCompleted(143)) - 0587405b-2ffa-4132-824d-547ca09f0e52: Completed APPEND_ENTRIES, lastRequest: 4ef44404-e624-4c50-bb49-8deedaf9742c->0587405b-2ffa-4132-824d-547ca09f0e52#1-t3,previous=(t:0, i:0),leaderCommit=0,initializing? true,entries: size=1, first=(t:3, i:0), CONFIGURATIONENTRY(current:id: "4ef44404-e624-4c50-bb49-8deedaf9742c"
address: "10.1.0.110:46141"
priority: 1
clientAddress: "10.1.0.110:46141"
adminAddress: "10.1.0.110:46141"
startupRole: FOLLOWER
,id: "b0993b33-1422-4b90-a478-b8a2894a7eaa"
address: "10.1.0.110:42755"
clientAddress: "10.1.0.110:42755"
adminAddress: "10.1.0.110:42755"
startupRole: FOLLOWER
,id: "0587405b-2ffa-4132-824d-547ca09f0e52"
address: "10.1.0.110:38421"
clientAddress: "10.1.0.110:38421"
adminAddress: "10.1.0.110:38421"
startupRole: FOLLOWER
, old:)
2022-12-06 15:45:04,944 [grpc-default-executor-2] INFO  server.GrpcLogAppender (GrpcLogAppender.java:onCompleted(415)) - 4ef44404-e624-4c50-bb49-8deedaf9742c@group-6B60A7C996DB->0587405b-2ffa-4132-824d-547ca09f0e52-AppendLogResponseHandler: follower responses appendEntries COMPLETED
2022-12-06 15:45:04,945 [grpc-default-executor-2] INFO  leader.FollowerInfo (FollowerInfoImpl.java:lambda$new$0(48)) - 4ef44404-e624-4c50-bb49-8deedaf9742c@group-6B60A7C996DB->0587405b-2ffa-4132-824d-547ca09f0e52: nextIndex: updateUnconditionally 1 -> 0
2022-12-06 15:45:04,945 [EventQueue-CommandQueueReportForCommandQueueReportHandler] WARN  events.EventQueue (EventQueue.java:fireEvent(216)) - No event handler registered for event TypedEvent{payloadType=DatanodeDetails, name='Datanode_Command_Queue_Updated'}
2022-12-06 15:45:04,946 [grpc-default-executor-5] INFO  server.GrpcLogAppender (GrpcLogAppender.java:onCompleted(415)) - 4ef44404-e624-4c50-bb49-8deedaf9742c@group-6B60A7C996DB->0587405b-2ffa-4132-824d-547ca09f0e52-AppendLogResponseHandler: follower responses appendEntries COMPLETED
2022-12-06 15:45:04,947 [grpc-default-executor-5] INFO  leader.FollowerInfo (FollowerInfoImpl.java:lambda$new$0(48)) - 4ef44404-e624-4c50-bb49-8deedaf9742c@group-6B60A7C996DB->0587405b-2ffa-4132-824d-547ca09f0e52: nextIndex: updateUnconditionally 0 -> 0
2022-12-06 15:45:04,949 [Command processor thread] INFO  server.RaftServer$Division (RaftServerImpl.java:groupRemove(428)) - 4ef44404-e624-4c50-bb49-8deedaf9742c@group-6B60A7C996DB: Succeed to remove RaftStorageDirectory Storage Directory /home/runner/work/ozone/ozone/hadoop-ozone/integration-test/target/test-dir/MiniOzoneClusterImpl-dce15e54-dc76-4f82-a75a-fd2a8a22e08e/datanode-0/data/ratis/e5386add-d74c-4c86-b83f-6b60a7c996db
2022-12-06 15:45:04,949 [Command processor thread] INFO  commandhandler.ClosePipelineCommandHandler (ClosePipelineCommandHandler.java:handle(78)) - Close Pipeline PipelineID=e5386add-d74c-4c86-b83f-6b60a7c996db command on datanode 4ef44404-e624-4c50-bb49-8deedaf9742c.
2022-12-06 15:45:04,949 [Command processor thread] INFO  server.RaftServer (RaftServerProxy.java:remove(107)) - 4ef44404-e624-4c50-bb49-8deedaf9742c: remove  FOLLOWER 4ef44404-e624-4c50-bb49-8deedaf9742c@group-E6EF3BE0CB72:t2, leader=b0993b33-1422-4b90-a478-b8a2894a7eaa, voted=b0993b33-1422-4b90-a478-b8a2894a7eaa, raftlog=Memoized:4ef44404-e624-4c50-bb49-8deedaf9742c@group-E6EF3BE0CB72-SegmentedRaftLog:OPENED:c0, conf=0: peers:[b0993b33-1422-4b90-a478-b8a2894a7eaa|rpc:10.1.0.110:42755|dataStream:|priority:1|startupRole:FOLLOWER, 4ef44404-e624-4c50-bb49-8deedaf9742c|rpc:10.1.0.110:46141|dataStream:|priority:0|startupRole:FOLLOWER, 0587405b-2ffa-4132-824d-547ca09f0e52|rpc:10.1.0.110:38421|dataStream:|priority:0|startupRole:FOLLOWER]|listeners:[], old=null RUNNING
2022-12-06 15:45:04,949 [Command processor thread] INFO  server.RaftServer$Division (RaftServerImpl.java:lambda$close$4(458)) - 4ef44404-e624-4c50-bb49-8deedaf9742c@group-E6EF3BE0CB72: shutdown
2022-12-06 15:45:04,949 [Command processor thread] INFO  util.JmxRegister (JmxRegister.java:unregister(73)) - Successfully un-registered JMX Bean with object name Ratis:service=RaftServer,group=group-E6EF3BE0CB72,id=4ef44404-e624-4c50-bb49-8deedaf9742c
2022-12-06 15:45:04,949 [Command processor thread] INFO  impl.RoleInfo (RoleInfo.java:shutdownFollowerState(110)) - 4ef44404-e624-4c50-bb49-8deedaf9742c: shutdown 4ef44404-e624-4c50-bb49-8deedaf9742c@group-E6EF3BE0CB72-FollowerState
2022-12-06 15:45:04,949 [4ef44404-e624-4c50-bb49-8deedaf9742c@group-E6EF3BE0CB72-FollowerState] INFO  impl.FollowerState (FollowerState.java:run(152)) - 4ef44404-e624-4c50-bb49-8deedaf9742c@group-E6EF3BE0CB72-FollowerState was interrupted
2022-12-06 15:45:04,950 [4ef44404-e624-4c50-bb49-8deedaf9742c@group-E6EF3BE0CB72-StateMachineUpdater] INFO  ratis.ContainerStateMachine (ContainerStateMachine.java:takeSnapshot(304)) - group-E6EF3BE0CB72: Taking a snapshot at:(t:2, i:0) file /home/runner/work/ozone/ozone/hadoop-ozone/integration-test/target/test-dir/MiniOzoneClusterImpl-dce15e54-dc76-4f82-a75a-fd2a8a22e08e/datanode-0/data/ratis/f835e2b8-2c94-4d28-b8f1-e6ef3be0cb72/sm/snapshot.2_0
2022-12-06 15:45:04,950 [Command processor thread] INFO  impl.StateMachineUpdater (StateMachineUpdater.java:stopAndJoin(153)) - 4ef44404-e624-4c50-bb49-8deedaf9742c@group-E6EF3BE0CB72-StateMachineUpdater: set stopIndex = 0
2022-12-06 15:45:04,951 [4ef44404-e624-4c50-bb49-8deedaf9742c@group-E6EF3BE0CB72-StateMachineUpdater] INFO  ratis.ContainerStateMachine (ContainerStateMachine.java:takeSnapshot(315)) - group-E6EF3BE0CB72: Finished taking a snapshot at:(t:2, i:0) file:/home/runner/work/ozone/ozone/hadoop-ozone/integration-test/target/test-dir/MiniOzoneClusterImpl-dce15e54-dc76-4f82-a75a-fd2a8a22e08e/datanode-0/data/ratis/f835e2b8-2c94-4d28-b8f1-e6ef3be0cb72/sm/snapshot.2_0 took: 2 ms
2022-12-06 15:45:04,952 [4ef44404-e624-4c50-bb49-8deedaf9742c@group-E6EF3BE0CB72-StateMachineUpdater] INFO  impl.StateMachineUpdater (StateMachineUpdater.java:takeSnapshot(287)) - 4ef44404-e624-4c50-bb49-8deedaf9742c@group-E6EF3BE0CB72-StateMachineUpdater: Took a snapshot at index 0
2022-12-06 15:45:04,952 [4ef44404-e624-4c50-bb49-8deedaf9742c@group-E6EF3BE0CB72-StateMachineUpdater] INFO  impl.StateMachineUpdater (StateMachineUpdater.java:lambda$new$0(92)) - 4ef44404-e624-4c50-bb49-8deedaf9742c@group-E6EF3BE0CB72-StateMachineUpdater: snapshotIndex: updateIncreasingly -1 -> 0
2022-12-06 15:45:04,952 [Command processor thread] INFO  server.RaftServer$Division (ServerState.java:close(466)) - 4ef44404-e624-4c50-bb49-8deedaf9742c@group-E6EF3BE0CB72: closes. applyIndex: 0
2022-12-06 15:45:04,952 [4ef44404-e624-4c50-bb49-8deedaf9742c@group-E6EF3BE0CB72-SegmentedRaftLogWorker] INFO  segmented.SegmentedRaftLogWorker (SegmentedRaftLogWorker.java:run(347)) - 4ef44404-e624-4c50-bb49-8deedaf9742c@group-E6EF3BE0CB72-SegmentedRaftLogWorker was interrupted, exiting. There are 0 tasks remaining in the queue.
2022-12-06 15:45:04,954 [Command processor thread] INFO  segmented.SegmentedRaftLogWorker (SegmentedRaftLogWorker.java:close(257)) - 4ef44404-e624-4c50-bb49-8deedaf9742c@group-E6EF3BE0CB72-SegmentedRaftLogWorker close()
2022-12-06 15:45:04,956 [Command processor thread] INFO  server.RaftServer$Division (RaftServerImpl.java:groupRemove(428)) - 4ef44404-e624-4c50-bb49-8deedaf9742c@group-E6EF3BE0CB72: Succeed to remove RaftStorageDirectory Storage Directory /home/runner/work/ozone/ozone/hadoop-ozone/integration-test/target/test-dir/MiniOzoneClusterImpl-dce15e54-dc76-4f82-a75a-fd2a8a22e08e/datanode-0/data/ratis/f835e2b8-2c94-4d28-b8f1-e6ef3be0cb72
2022-12-06 15:45:04,956 [Command processor thread] INFO  commandhandler.ClosePipelineCommandHandler (ClosePipelineCommandHandler.java:handle(78)) - Close Pipeline PipelineID=f835e2b8-2c94-4d28-b8f1-e6ef3be0cb72 command on datanode 4ef44404-e624-4c50-bb49-8deedaf9742c.
2022-12-06 15:45:05,082 [EventQueue-CommandQueueReportForCommandQueueReportHandler] WARN  events.EventQueue (EventQueue.java:fireEvent(216)) - No event handler registered for event TypedEvent{payloadType=DatanodeDetails, name='Datanode_Command_Queue_Updated'}
2022-12-06 15:45:05,374 [EventQueue-CommandQueueReportForCommandQueueReportHandler] WARN  events.EventQueue (EventQueue.java:fireEvent(216)) - No event handler registered for event TypedEvent{payloadType=DatanodeDetails, name='Datanode_Command_Queue_Updated'}
2022-12-06 15:45:05,394 [EventQueue-CommandQueueReportForCommandQueueReportHandler] WARN  events.EventQueue (EventQueue.java:fireEvent(216)) - No event handler registered for event TypedEvent{payloadType=DatanodeDetails, name='Datanode_Command_Queue_Updated'}
2022-12-06 15:45:05,403 [EventQueue-CommandQueueReportForCommandQueueReportHandler] WARN  events.EventQueue (EventQueue.java:fireEvent(216)) - No event handler registered for event TypedEvent{payloadType=DatanodeDetails, name='Datanode_Command_Queue_Updated'}
2022-12-06 15:45:05,450 [EventQueue-CommandQueueReportForCommandQueueReportHandler] WARN  events.EventQueue (EventQueue.java:fireEvent(216)) - No event handler registered for event TypedEvent{payloadType=DatanodeDetails, name='Datanode_Command_Queue_Updated'}
2022-12-06 15:45:05,635 [EventQueue-CommandQueueReportForCommandQueueReportHandler] WARN  events.EventQueue (EventQueue.java:fireEvent(216)) - No event handler registered for event TypedEvent{payloadType=DatanodeDetails, name='Datanode_Command_Queue_Updated'}
2022-12-06 15:45:05,675 [0587405b-2ffa-4132-824d-547ca09f0e52@group-E6EF3BE0CB72-FollowerState] INFO  impl.FollowerState (FollowerState.java:run(143)) - 0587405b-2ffa-4132-824d-547ca09f0e52@group-E6EF3BE0CB72-FollowerState: change to CANDIDATE, lastRpcElapsedTime:10132884512ns, electionTimeout:5158ms
2022-12-06 15:45:05,675 [0587405b-2ffa-4132-824d-547ca09f0e52@group-E6EF3BE0CB72-FollowerState] INFO  impl.RoleInfo (RoleInfo.java:shutdownFollowerState(110)) - 0587405b-2ffa-4132-824d-547ca09f0e52: shutdown 0587405b-2ffa-4132-824d-547ca09f0e52@group-E6EF3BE0CB72-FollowerState
2022-12-06 15:45:05,675 [0587405b-2ffa-4132-824d-547ca09f0e52@group-E6EF3BE0CB72-FollowerState] INFO  server.RaftServer$Division (RaftServerImpl.java:setRole(321)) - 0587405b-2ffa-4132-824d-547ca09f0e52@group-E6EF3BE0CB72: changes role from  FOLLOWER to CANDIDATE at term 2 for changeToCandidate
2022-12-06 15:45:05,675 [0587405b-2ffa-4132-824d-547ca09f0e52@group-E6EF3BE0CB72-FollowerState] INFO  server.RaftServerConfigKeys (ConfUtils.java:logGet(46)) - raft.server.leaderelection.pre-vote = false (custom)
2022-12-06 15:45:05,675 [0587405b-2ffa-4132-824d-547ca09f0e52@group-E6EF3BE0CB72-FollowerState] INFO  impl.RoleInfo (RoleInfo.java:updateAndGet(139)) - 0587405b-2ffa-4132-824d-547ca09f0e52: start 0587405b-2ffa-4132-824d-547ca09f0e52@group-E6EF3BE0CB72-LeaderElection31
2022-12-06 15:45:05,677 [0587405b-2ffa-4132-824d-547ca09f0e52@group-E6EF3BE0CB72-LeaderElection31] INFO  server.RaftServer$Division (ServerState.java:setLeader(313)) - 0587405b-2ffa-4132-824d-547ca09f0e52@group-E6EF3BE0CB72: change Leader from b0993b33-1422-4b90-a478-b8a2894a7eaa to null at term 2 for ELECTION
2022-12-06 15:45:05,679 [0587405b-2ffa-4132-824d-547ca09f0e52@group-E6EF3BE0CB72-LeaderElection31] INFO  impl.LeaderElection (LeaderElection.java:askForVotes(312)) - 0587405b-2ffa-4132-824d-547ca09f0e52@group-E6EF3BE0CB72-LeaderElection31 ELECTION round 0: submit vote requests at term 3 for 0: peers:[b0993b33-1422-4b90-a478-b8a2894a7eaa|rpc:10.1.0.110:42755|dataStream:|priority:1|startupRole:FOLLOWER, 4ef44404-e624-4c50-bb49-8deedaf9742c|rpc:10.1.0.110:46141|dataStream:|priority:0|startupRole:FOLLOWER, 0587405b-2ffa-4132-824d-547ca09f0e52|rpc:10.1.0.110:38421|dataStream:|priority:0|startupRole:FOLLOWER]|listeners:[], old=null
2022-12-06 15:45:05,682 [grpc-default-executor-5] WARN  server.GrpcServerProtocolService (LogUtils.java:warn(124)) - 4ef44404-e624-4c50-bb49-8deedaf9742c: Failed requestVote 0587405b-2ffa-4132-824d-547ca09f0e52->4ef44404-e624-4c50-bb49-8deedaf9742c#0
org.apache.ratis.protocol.exceptions.GroupMismatchException: 4ef44404-e624-4c50-bb49-8deedaf9742c: group-E6EF3BE0CB72 not found.
	at org.apache.ratis.server.impl.RaftServerProxy$ImplMap.get(RaftServerProxy.java:150)
	at org.apache.ratis.server.impl.RaftServerProxy.getImplFuture(RaftServerProxy.java:351)
	at org.apache.ratis.server.impl.RaftServerProxy.getImpl(RaftServerProxy.java:360)
	at org.apache.ratis.server.impl.RaftServerProxy.getImpl(RaftServerProxy.java:355)
	at org.apache.ratis.server.impl.RaftServerProxy.requestVote(RaftServerProxy.java:618)
	at org.apache.ratis.grpc.server.GrpcServerProtocolService.requestVote(GrpcServerProtocolService.java:175)
	at org.apache.ratis.proto.grpc.RaftServerProtocolServiceGrpc$MethodHandlers.invoke(RaftServerProtocolServiceGrpc.java:382)
	at org.apache.ratis.thirdparty.io.grpc.stub.ServerCalls$UnaryServerCallHandler$UnaryServerCallListener.onHalfClose(ServerCalls.java:182)
	at org.apache.ratis.thirdparty.io.grpc.PartialForwardingServerCallListener.onHalfClose(PartialForwardingServerCallListener.java:35)
	at org.apache.ratis.thirdparty.io.grpc.ForwardingServerCallListener.onHalfClose(ForwardingServerCallListener.java:23)
	at org.apache.ratis.thirdparty.io.grpc.internal.ServerCallImpl$ServerStreamListenerImpl.halfClosed(ServerCallImpl.java:354)
	at org.apache.ratis.thirdparty.io.grpc.internal.ServerImpl$JumpToApplicationThreadServerStreamListener$1HalfClosed.runInContext(ServerImpl.java:866)
	at org.apache.ratis.thirdparty.io.grpc.internal.ContextRunnable.run(ContextRunnable.java:37)
	at org.apache.ratis.thirdparty.io.grpc.internal.SerializingExecutor.run(SerializingExecutor.java:133)
	at java.util.concurrent.ThreadPoolExecutor.runWorker(ThreadPoolExecutor.java:1149)
	at java.util.concurrent.ThreadPoolExecutor$Worker.run(ThreadPoolExecutor.java:624)
	at java.lang.Thread.run(Thread.java:750)
2022-12-06 15:45:05,688 [0587405b-2ffa-4132-824d-547ca09f0e52@group-E6EF3BE0CB72-LeaderElection31] INFO  impl.LeaderElection (LogUtils.java:infoOrTrace(137)) - 0587405b-2ffa-4132-824d-547ca09f0e52@group-E6EF3BE0CB72-LeaderElection31 got exception when requesting votes: java.util.concurrent.ExecutionException: org.apache.ratis.thirdparty.io.grpc.StatusRuntimeException: INTERNAL: 4ef44404-e624-4c50-bb49-8deedaf9742c: group-E6EF3BE0CB72 not found.
2022-12-06 15:45:05,690 [0587405b-2ffa-4132-824d-547ca09f0e52@group-E6EF3BE0CB72-LeaderElection31] INFO  impl.LeaderElection (LogUtils.java:infoOrTrace(137)) - 0587405b-2ffa-4132-824d-547ca09f0e52@group-E6EF3BE0CB72-LeaderElection31 got exception when requesting votes: java.util.concurrent.ExecutionException: org.apache.ratis.thirdparty.io.grpc.StatusRuntimeException: UNAVAILABLE: io exception
2022-12-06 15:45:05,690 [0587405b-2ffa-4132-824d-547ca09f0e52@group-E6EF3BE0CB72-LeaderElection31] INFO  impl.LeaderElection (LeaderElection.java:logAndReturn(90)) - 0587405b-2ffa-4132-824d-547ca09f0e52@group-E6EF3BE0CB72-LeaderElection31: ELECTION REJECTED received 0 response(s) and 2 exception(s):
2022-12-06 15:45:05,690 [0587405b-2ffa-4132-824d-547ca09f0e52@group-E6EF3BE0CB72-LeaderElection31] INFO  impl.LeaderElection (LogUtils.java:infoOrTrace(137)) -   Exception 0: java.util.concurrent.ExecutionException: org.apache.ratis.thirdparty.io.grpc.StatusRuntimeException: INTERNAL: 4ef44404-e624-4c50-bb49-8deedaf9742c: group-E6EF3BE0CB72 not found.
2022-12-06 15:45:05,690 [0587405b-2ffa-4132-824d-547ca09f0e52@group-E6EF3BE0CB72-LeaderElection31] INFO  impl.LeaderElection (LogUtils.java:infoOrTrace(137)) -   Exception 1: java.util.concurrent.ExecutionException: org.apache.ratis.thirdparty.io.grpc.StatusRuntimeException: UNAVAILABLE: io exception
2022-12-06 15:45:05,691 [0587405b-2ffa-4132-824d-547ca09f0e52@group-E6EF3BE0CB72-LeaderElection31] INFO  impl.LeaderElection (LeaderElection.java:askForVotes(314)) - 0587405b-2ffa-4132-824d-547ca09f0e52@group-E6EF3BE0CB72-LeaderElection31 ELECTION round 0: result REJECTED
2022-12-06 15:45:05,691 [0587405b-2ffa-4132-824d-547ca09f0e52@group-E6EF3BE0CB72-LeaderElection31] INFO  server.RaftServer$Division (RaftServerImpl.java:setRole(321)) - 0587405b-2ffa-4132-824d-547ca09f0e52@group-E6EF3BE0CB72: changes role from CANDIDATE to FOLLOWER at term 3 for REJECTED
2022-12-06 15:45:05,691 [0587405b-2ffa-4132-824d-547ca09f0e52@group-E6EF3BE0CB72-LeaderElection31] INFO  impl.RoleInfo (RoleInfo.java:shutdownLeaderElection(130)) - 0587405b-2ffa-4132-824d-547ca09f0e52: shutdown 0587405b-2ffa-4132-824d-547ca09f0e52@group-E6EF3BE0CB72-LeaderElection31
2022-12-06 15:45:05,691 [0587405b-2ffa-4132-824d-547ca09f0e52@group-E6EF3BE0CB72-LeaderElection31] INFO  impl.RoleInfo (RoleInfo.java:updateAndGet(139)) - 0587405b-2ffa-4132-824d-547ca09f0e52: start 0587405b-2ffa-4132-824d-547ca09f0e52@group-E6EF3BE0CB72-FollowerState
2022-12-06 15:45:05,793 [Command processor thread] INFO  server.RaftServer (RaftServerProxy.java:remove(107)) - 0587405b-2ffa-4132-824d-547ca09f0e52: remove  FOLLOWER 0587405b-2ffa-4132-824d-547ca09f0e52@group-6B60A7C996DB:t3, leader=4ef44404-e624-4c50-bb49-8deedaf9742c, voted=4ef44404-e624-4c50-bb49-8deedaf9742c, raftlog=Memoized:0587405b-2ffa-4132-824d-547ca09f0e52@group-6B60A7C996DB-SegmentedRaftLog:OPENED:c0, conf=0: peers:[4ef44404-e624-4c50-bb49-8deedaf9742c|rpc:10.1.0.110:46141|dataStream:|priority:1|startupRole:FOLLOWER, b0993b33-1422-4b90-a478-b8a2894a7eaa|rpc:10.1.0.110:42755|dataStream:|priority:0|startupRole:FOLLOWER, 0587405b-2ffa-4132-824d-547ca09f0e52|rpc:10.1.0.110:38421|dataStream:|priority:0|startupRole:FOLLOWER]|listeners:[], old=null RUNNING
2022-12-06 15:45:05,793 [Command processor thread] INFO  server.RaftServer$Division (RaftServerImpl.java:lambda$close$4(458)) - 0587405b-2ffa-4132-824d-547ca09f0e52@group-6B60A7C996DB: shutdown
2022-12-06 15:45:05,793 [Command processor thread] INFO  util.JmxRegister (JmxRegister.java:unregister(73)) - Successfully un-registered JMX Bean with object name Ratis:service=RaftServer,group=group-6B60A7C996DB,id=0587405b-2ffa-4132-824d-547ca09f0e52
2022-12-06 15:45:05,793 [Command processor thread] INFO  impl.RoleInfo (RoleInfo.java:shutdownFollowerState(110)) - 0587405b-2ffa-4132-824d-547ca09f0e52: shutdown 0587405b-2ffa-4132-824d-547ca09f0e52@group-6B60A7C996DB-FollowerState
2022-12-06 15:45:05,793 [Command processor thread] INFO  impl.StateMachineUpdater (StateMachineUpdater.java:stopAndJoin(153)) - 0587405b-2ffa-4132-824d-547ca09f0e52@group-6B60A7C996DB-StateMachineUpdater: set stopIndex = 0
2022-12-06 15:45:05,793 [0587405b-2ffa-4132-824d-547ca09f0e52@group-6B60A7C996DB-FollowerState] INFO  impl.FollowerState (FollowerState.java:run(152)) - 0587405b-2ffa-4132-824d-547ca09f0e52@group-6B60A7C996DB-FollowerState was interrupted
2022-12-06 15:45:05,795 [0587405b-2ffa-4132-824d-547ca09f0e52@group-6B60A7C996DB-StateMachineUpdater] INFO  ratis.ContainerStateMachine (ContainerStateMachine.java:takeSnapshot(304)) - group-6B60A7C996DB: Taking a snapshot at:(t:3, i:0) file /home/runner/work/ozone/ozone/hadoop-ozone/integration-test/target/test-dir/MiniOzoneClusterImpl-dce15e54-dc76-4f82-a75a-fd2a8a22e08e/datanode-1/data/ratis/e5386add-d74c-4c86-b83f-6b60a7c996db/sm/snapshot.3_0
2022-12-06 15:45:05,796 [0587405b-2ffa-4132-824d-547ca09f0e52@group-6B60A7C996DB-StateMachineUpdater] INFO  ratis.ContainerStateMachine (ContainerStateMachine.java:takeSnapshot(315)) - group-6B60A7C996DB: Finished taking a snapshot at:(t:3, i:0) file:/home/runner/work/ozone/ozone/hadoop-ozone/integration-test/target/test-dir/MiniOzoneClusterImpl-dce15e54-dc76-4f82-a75a-fd2a8a22e08e/datanode-1/data/ratis/e5386add-d74c-4c86-b83f-6b60a7c996db/sm/snapshot.3_0 took: 1 ms
2022-12-06 15:45:05,797 [0587405b-2ffa-4132-824d-547ca09f0e52@group-6B60A7C996DB-StateMachineUpdater] INFO  impl.StateMachineUpdater (StateMachineUpdater.java:takeSnapshot(287)) - 0587405b-2ffa-4132-824d-547ca09f0e52@group-6B60A7C996DB-StateMachineUpdater: Took a snapshot at index 0
2022-12-06 15:45:05,797 [0587405b-2ffa-4132-824d-547ca09f0e52@group-6B60A7C996DB-StateMachineUpdater] INFO  impl.StateMachineUpdater (StateMachineUpdater.java:lambda$new$0(92)) - 0587405b-2ffa-4132-824d-547ca09f0e52@group-6B60A7C996DB-StateMachineUpdater: snapshotIndex: updateIncreasingly -1 -> 0
2022-12-06 15:45:05,797 [EventQueue-CommandQueueReportForCommandQueueReportHandler] WARN  events.EventQueue (EventQueue.java:fireEvent(216)) - No event handler registered for event TypedEvent{payloadType=DatanodeDetails, name='Datanode_Command_Queue_Updated'}
2022-12-06 15:45:05,797 [Command processor thread] INFO  server.RaftServer$Division (ServerState.java:close(466)) - 0587405b-2ffa-4132-824d-547ca09f0e52@group-6B60A7C996DB: closes. applyIndex: 0
2022-12-06 15:45:05,797 [0587405b-2ffa-4132-824d-547ca09f0e52@group-6B60A7C996DB-SegmentedRaftLogWorker] INFO  segmented.SegmentedRaftLogWorker (SegmentedRaftLogWorker.java:run(347)) - 0587405b-2ffa-4132-824d-547ca09f0e52@group-6B60A7C996DB-SegmentedRaftLogWorker was interrupted, exiting. There are 0 tasks remaining in the queue.
2022-12-06 15:45:05,800 [Command processor thread] INFO  segmented.SegmentedRaftLogWorker (SegmentedRaftLogWorker.java:close(257)) - 0587405b-2ffa-4132-824d-547ca09f0e52@group-6B60A7C996DB-SegmentedRaftLogWorker close()
2022-12-06 15:45:05,802 [Command processor thread] INFO  server.RaftServer$Division (RaftServerImpl.java:groupRemove(428)) - 0587405b-2ffa-4132-824d-547ca09f0e52@group-6B60A7C996DB: Succeed to remove RaftStorageDirectory Storage Directory /home/runner/work/ozone/ozone/hadoop-ozone/integration-test/target/test-dir/MiniOzoneClusterImpl-dce15e54-dc76-4f82-a75a-fd2a8a22e08e/datanode-1/data/ratis/e5386add-d74c-4c86-b83f-6b60a7c996db
2022-12-06 15:45:05,802 [Command processor thread] INFO  commandhandler.ClosePipelineCommandHandler (ClosePipelineCommandHandler.java:handle(78)) - Close Pipeline PipelineID=e5386add-d74c-4c86-b83f-6b60a7c996db command on datanode 0587405b-2ffa-4132-824d-547ca09f0e52.
2022-12-06 15:45:05,803 [Command processor thread] INFO  server.RaftServer (RaftServerProxy.java:remove(107)) - 0587405b-2ffa-4132-824d-547ca09f0e52: remove  FOLLOWER 0587405b-2ffa-4132-824d-547ca09f0e52@group-E6EF3BE0CB72:t3, leader=null, voted=0587405b-2ffa-4132-824d-547ca09f0e52, raftlog=Memoized:0587405b-2ffa-4132-824d-547ca09f0e52@group-E6EF3BE0CB72-SegmentedRaftLog:OPENED:c0, conf=0: peers:[b0993b33-1422-4b90-a478-b8a2894a7eaa|rpc:10.1.0.110:42755|dataStream:|priority:1|startupRole:FOLLOWER, 4ef44404-e624-4c50-bb49-8deedaf9742c|rpc:10.1.0.110:46141|dataStream:|priority:0|startupRole:FOLLOWER, 0587405b-2ffa-4132-824d-547ca09f0e52|rpc:10.1.0.110:38421|dataStream:|priority:0|startupRole:FOLLOWER]|listeners:[], old=null RUNNING
2022-12-06 15:45:05,803 [Command processor thread] INFO  server.RaftServer$Division (RaftServerImpl.java:lambda$close$4(458)) - 0587405b-2ffa-4132-824d-547ca09f0e52@group-E6EF3BE0CB72: shutdown
2022-12-06 15:45:05,803 [Command processor thread] INFO  util.JmxRegister (JmxRegister.java:unregister(73)) - Successfully un-registered JMX Bean with object name Ratis:service=RaftServer,group=group-E6EF3BE0CB72,id=0587405b-2ffa-4132-824d-547ca09f0e52
2022-12-06 15:45:05,803 [Command processor thread] INFO  impl.RoleInfo (RoleInfo.java:shutdownFollowerState(110)) - 0587405b-2ffa-4132-824d-547ca09f0e52: shutdown 0587405b-2ffa-4132-824d-547ca09f0e52@group-E6EF3BE0CB72-FollowerState
2022-12-06 15:45:05,803 [0587405b-2ffa-4132-824d-547ca09f0e52@group-E6EF3BE0CB72-FollowerState] INFO  impl.FollowerState (FollowerState.java:run(152)) - 0587405b-2ffa-4132-824d-547ca09f0e52@group-E6EF3BE0CB72-FollowerState was interrupted
2022-12-06 15:45:05,804 [Command processor thread] INFO  impl.StateMachineUpdater (StateMachineUpdater.java:stopAndJoin(153)) - 0587405b-2ffa-4132-824d-547ca09f0e52@group-E6EF3BE0CB72-StateMachineUpdater: set stopIndex = 0
2022-12-06 15:45:05,804 [0587405b-2ffa-4132-824d-547ca09f0e52@group-E6EF3BE0CB72-StateMachineUpdater] INFO  ratis.ContainerStateMachine (ContainerStateMachine.java:takeSnapshot(304)) - group-E6EF3BE0CB72: Taking a snapshot at:(t:2, i:0) file /home/runner/work/ozone/ozone/hadoop-ozone/integration-test/target/test-dir/MiniOzoneClusterImpl-dce15e54-dc76-4f82-a75a-fd2a8a22e08e/datanode-1/data/ratis/f835e2b8-2c94-4d28-b8f1-e6ef3be0cb72/sm/snapshot.2_0
2022-12-06 15:45:05,805 [0587405b-2ffa-4132-824d-547ca09f0e52@group-E6EF3BE0CB72-StateMachineUpdater] INFO  ratis.ContainerStateMachine (ContainerStateMachine.java:takeSnapshot(315)) - group-E6EF3BE0CB72: Finished taking a snapshot at:(t:2, i:0) file:/home/runner/work/ozone/ozone/hadoop-ozone/integration-test/target/test-dir/MiniOzoneClusterImpl-dce15e54-dc76-4f82-a75a-fd2a8a22e08e/datanode-1/data/ratis/f835e2b8-2c94-4d28-b8f1-e6ef3be0cb72/sm/snapshot.2_0 took: 1 ms
2022-12-06 15:45:05,805 [0587405b-2ffa-4132-824d-547ca09f0e52@group-E6EF3BE0CB72-StateMachineUpdater] INFO  impl.StateMachineUpdater (StateMachineUpdater.java:takeSnapshot(287)) - 0587405b-2ffa-4132-824d-547ca09f0e52@group-E6EF3BE0CB72-StateMachineUpdater: Took a snapshot at index 0
2022-12-06 15:45:05,806 [0587405b-2ffa-4132-824d-547ca09f0e52@group-E6EF3BE0CB72-StateMachineUpdater] INFO  impl.StateMachineUpdater (StateMachineUpdater.java:lambda$new$0(92)) - 0587405b-2ffa-4132-824d-547ca09f0e52@group-E6EF3BE0CB72-StateMachineUpdater: snapshotIndex: updateIncreasingly -1 -> 0
2022-12-06 15:45:05,806 [Command processor thread] INFO  server.RaftServer$Division (ServerState.java:close(466)) - 0587405b-2ffa-4132-824d-547ca09f0e52@group-E6EF3BE0CB72: closes. applyIndex: 0
2022-12-06 15:45:05,806 [0587405b-2ffa-4132-824d-547ca09f0e52@group-E6EF3BE0CB72-SegmentedRaftLogWorker] INFO  segmented.SegmentedRaftLogWorker (SegmentedRaftLogWorker.java:run(347)) - 0587405b-2ffa-4132-824d-547ca09f0e52@group-E6EF3BE0CB72-SegmentedRaftLogWorker was interrupted, exiting. There are 0 tasks remaining in the queue.
2022-12-06 15:45:05,809 [Command processor thread] INFO  segmented.SegmentedRaftLogWorker (SegmentedRaftLogWorker.java:close(257)) - 0587405b-2ffa-4132-824d-547ca09f0e52@group-E6EF3BE0CB72-SegmentedRaftLogWorker close()
2022-12-06 15:45:05,813 [Command processor thread] INFO  server.RaftServer$Division (RaftServerImpl.java:groupRemove(428)) - 0587405b-2ffa-4132-824d-547ca09f0e52@group-E6EF3BE0CB72: Succeed to remove RaftStorageDirectory Storage Directory /home/runner/work/ozone/ozone/hadoop-ozone/integration-test/target/test-dir/MiniOzoneClusterImpl-dce15e54-dc76-4f82-a75a-fd2a8a22e08e/datanode-1/data/ratis/f835e2b8-2c94-4d28-b8f1-e6ef3be0cb72
2022-12-06 15:45:05,813 [Command processor thread] INFO  commandhandler.ClosePipelineCommandHandler (ClosePipelineCommandHandler.java:handle(78)) - Close Pipeline PipelineID=f835e2b8-2c94-4d28-b8f1-e6ef3be0cb72 command on datanode 0587405b-2ffa-4132-824d-547ca09f0e52.
2022-12-06 15:45:05,932 [EventQueue-CommandQueueReportForCommandQueueReportHandler] WARN  events.EventQueue (EventQueue.java:fireEvent(216)) - No event handler registered for event TypedEvent{payloadType=DatanodeDetails, name='Datanode_Command_Queue_Updated'}
2022-12-06 15:45:05,945 [EventQueue-CommandQueueReportForCommandQueueReportHandler] WARN  events.EventQueue (EventQueue.java:fireEvent(216)) - No event handler registered for event TypedEvent{payloadType=DatanodeDetails, name='Datanode_Command_Queue_Updated'}
2022-12-06 15:45:06,083 [EventQueue-CommandQueueReportForCommandQueueReportHandler] WARN  events.EventQueue (EventQueue.java:fireEvent(216)) - No event handler registered for event TypedEvent{payloadType=DatanodeDetails, name='Datanode_Command_Queue_Updated'}
2022-12-06 15:45:06,374 [EventQueue-CommandQueueReportForCommandQueueReportHandler] WARN  events.EventQueue (EventQueue.java:fireEvent(216)) - No event handler registered for event TypedEvent{payloadType=DatanodeDetails, name='Datanode_Command_Queue_Updated'}
2022-12-06 15:45:06,394 [EventQueue-CommandQueueReportForCommandQueueReportHandler] WARN  events.EventQueue (EventQueue.java:fireEvent(216)) - No event handler registered for event TypedEvent{payloadType=DatanodeDetails, name='Datanode_Command_Queue_Updated'}
2022-12-06 15:45:06,402 [EventQueue-CommandQueueReportForCommandQueueReportHandler] WARN  events.EventQueue (EventQueue.java:fireEvent(216)) - No event handler registered for event TypedEvent{payloadType=DatanodeDetails, name='Datanode_Command_Queue_Updated'}
2022-12-06 15:45:06,450 [EventQueue-CommandQueueReportForCommandQueueReportHandler] WARN  events.EventQueue (EventQueue.java:fireEvent(216)) - No event handler registered for event TypedEvent{payloadType=DatanodeDetails, name='Datanode_Command_Queue_Updated'}
2022-12-06 15:45:06,633 [EventQueue-CommandQueueReportForCommandQueueReportHandler] WARN  events.EventQueue (EventQueue.java:fireEvent(216)) - No event handler registered for event TypedEvent{payloadType=DatanodeDetails, name='Datanode_Command_Queue_Updated'}
2022-12-06 15:45:06,794 [EventQueue-CommandQueueReportForCommandQueueReportHandler] WARN  events.EventQueue (EventQueue.java:fireEvent(216)) - No event handler registered for event TypedEvent{payloadType=DatanodeDetails, name='Datanode_Command_Queue_Updated'}
2022-12-06 15:45:06,932 [EventQueue-CommandQueueReportForCommandQueueReportHandler] WARN  events.EventQueue (EventQueue.java:fireEvent(216)) - No event handler registered for event TypedEvent{payloadType=DatanodeDetails, name='Datanode_Command_Queue_Updated'}
2022-12-06 15:45:06,945 [EventQueue-CommandQueueReportForCommandQueueReportHandler] WARN  events.EventQueue (EventQueue.java:fireEvent(216)) - No event handler registered for event TypedEvent{payloadType=DatanodeDetails, name='Datanode_Command_Queue_Updated'}
2022-12-06 15:45:07,083 [EventQueue-CommandQueueReportForCommandQueueReportHandler] WARN  events.EventQueue (EventQueue.java:fireEvent(216)) - No event handler registered for event TypedEvent{payloadType=DatanodeDetails, name='Datanode_Command_Queue_Updated'}
2022-12-06 15:45:07,374 [EventQueue-CommandQueueReportForCommandQueueReportHandler] WARN  events.EventQueue (EventQueue.java:fireEvent(216)) - No event handler registered for event TypedEvent{payloadType=DatanodeDetails, name='Datanode_Command_Queue_Updated'}
2022-12-06 15:45:07,394 [EventQueue-CommandQueueReportForCommandQueueReportHandler] WARN  events.EventQueue (EventQueue.java:fireEvent(216)) - No event handler registered for event TypedEvent{payloadType=DatanodeDetails, name='Datanode_Command_Queue_Updated'}
2022-12-06 15:45:07,403 [EventQueue-CommandQueueReportForCommandQueueReportHandler] WARN  events.EventQueue (EventQueue.java:fireEvent(216)) - No event handler registered for event TypedEvent{payloadType=DatanodeDetails, name='Datanode_Command_Queue_Updated'}
2022-12-06 15:45:07,450 [EventQueue-CommandQueueReportForCommandQueueReportHandler] WARN  events.EventQueue (EventQueue.java:fireEvent(216)) - No event handler registered for event TypedEvent{payloadType=DatanodeDetails, name='Datanode_Command_Queue_Updated'}
2022-12-06 15:45:07,634 [EventQueue-CommandQueueReportForCommandQueueReportHandler] WARN  events.EventQueue (EventQueue.java:fireEvent(216)) - No event handler registered for event TypedEvent{payloadType=DatanodeDetails, name='Datanode_Command_Queue_Updated'}
2022-12-06 15:45:07,794 [EventQueue-CommandQueueReportForCommandQueueReportHandler] WARN  events.EventQueue (EventQueue.java:fireEvent(216)) - No event handler registered for event TypedEvent{payloadType=DatanodeDetails, name='Datanode_Command_Queue_Updated'}
2022-12-06 15:45:07,932 [EventQueue-CommandQueueReportForCommandQueueReportHandler] WARN  events.EventQueue (EventQueue.java:fireEvent(216)) - No event handler registered for event TypedEvent{payloadType=DatanodeDetails, name='Datanode_Command_Queue_Updated'}
2022-12-06 15:45:07,945 [EventQueue-CommandQueueReportForCommandQueueReportHandler] WARN  events.EventQueue (EventQueue.java:fireEvent(216)) - No event handler registered for event TypedEvent{payloadType=DatanodeDetails, name='Datanode_Command_Queue_Updated'}
2022-12-06 15:45:08,082 [EventQueue-CommandQueueReportForCommandQueueReportHandler] WARN  events.EventQueue (EventQueue.java:fireEvent(216)) - No event handler registered for event TypedEvent{payloadType=DatanodeDetails, name='Datanode_Command_Queue_Updated'}
2022-12-06 15:45:08,375 [EventQueue-CommandQueueReportForCommandQueueReportHandler] WARN  events.EventQueue (EventQueue.java:fireEvent(216)) - No event handler registered for event TypedEvent{payloadType=DatanodeDetails, name='Datanode_Command_Queue_Updated'}
2022-12-06 15:45:08,396 [EventQueue-CommandQueueReportForCommandQueueReportHandler] WARN  events.EventQueue (EventQueue.java:fireEvent(216)) - No event handler registered for event TypedEvent{payloadType=DatanodeDetails, name='Datanode_Command_Queue_Updated'}
2022-12-06 15:45:08,403 [EventQueue-CommandQueueReportForCommandQueueReportHandler] WARN  events.EventQueue (EventQueue.java:fireEvent(216)) - No event handler registered for event TypedEvent{payloadType=DatanodeDetails, name='Datanode_Command_Queue_Updated'}
2022-12-06 15:45:08,450 [EventQueue-CommandQueueReportForCommandQueueReportHandler] WARN  events.EventQueue (EventQueue.java:fireEvent(216)) - No event handler registered for event TypedEvent{payloadType=DatanodeDetails, name='Datanode_Command_Queue_Updated'}
2022-12-06 15:45:08,634 [EventQueue-CommandQueueReportForCommandQueueReportHandler] WARN  events.EventQueue (EventQueue.java:fireEvent(216)) - No event handler registered for event TypedEvent{payloadType=DatanodeDetails, name='Datanode_Command_Queue_Updated'}
2022-12-06 15:45:08,794 [EventQueue-CommandQueueReportForCommandQueueReportHandler] WARN  events.EventQueue (EventQueue.java:fireEvent(216)) - No event handler registered for event TypedEvent{payloadType=DatanodeDetails, name='Datanode_Command_Queue_Updated'}
2022-12-06 15:45:08,932 [EventQueue-CommandQueueReportForCommandQueueReportHandler] WARN  events.EventQueue (EventQueue.java:fireEvent(216)) - No event handler registered for event TypedEvent{payloadType=DatanodeDetails, name='Datanode_Command_Queue_Updated'}
2022-12-06 15:45:08,945 [EventQueue-CommandQueueReportForCommandQueueReportHandler] WARN  events.EventQueue (EventQueue.java:fireEvent(216)) - No event handler registered for event TypedEvent{payloadType=DatanodeDetails, name='Datanode_Command_Queue_Updated'}
2022-12-06 15:45:09,082 [EventQueue-CommandQueueReportForCommandQueueReportHandler] WARN  events.EventQueue (EventQueue.java:fireEvent(216)) - No event handler registered for event TypedEvent{payloadType=DatanodeDetails, name='Datanode_Command_Queue_Updated'}
2022-12-06 15:45:09,375 [EventQueue-CommandQueueReportForCommandQueueReportHandler] WARN  events.EventQueue (EventQueue.java:fireEvent(216)) - No event handler registered for event TypedEvent{payloadType=DatanodeDetails, name='Datanode_Command_Queue_Updated'}
2022-12-06 15:45:09,394 [EventQueue-CommandQueueReportForCommandQueueReportHandler] WARN  events.EventQueue (EventQueue.java:fireEvent(216)) - No event handler registered for event TypedEvent{payloadType=DatanodeDetails, name='Datanode_Command_Queue_Updated'}
2022-12-06 15:45:09,402 [EventQueue-CommandQueueReportForCommandQueueReportHandler] WARN  events.EventQueue (EventQueue.java:fireEvent(216)) - No event handler registered for event TypedEvent{payloadType=DatanodeDetails, name='Datanode_Command_Queue_Updated'}
2022-12-06 15:45:09,450 [EventQueue-CommandQueueReportForCommandQueueReportHandler] WARN  events.EventQueue (EventQueue.java:fireEvent(216)) - No event handler registered for event TypedEvent{payloadType=DatanodeDetails, name='Datanode_Command_Queue_Updated'}
2022-12-06 15:45:09,635 [EventQueue-CommandQueueReportForCommandQueueReportHandler] WARN  events.EventQueue (EventQueue.java:fireEvent(216)) - No event handler registered for event TypedEvent{payloadType=DatanodeDetails, name='Datanode_Command_Queue_Updated'}
2022-12-06 15:45:09,794 [EventQueue-CommandQueueReportForCommandQueueReportHandler] WARN  events.EventQueue (EventQueue.java:fireEvent(216)) - No event handler registered for event TypedEvent{payloadType=DatanodeDetails, name='Datanode_Command_Queue_Updated'}
2022-12-06 15:45:09,933 [EventQueue-CommandQueueReportForCommandQueueReportHandler] WARN  events.EventQueue (EventQueue.java:fireEvent(216)) - No event handler registered for event TypedEvent{payloadType=DatanodeDetails, name='Datanode_Command_Queue_Updated'}
2022-12-06 15:45:09,944 [EventQueue-CommandQueueReportForCommandQueueReportHandler] WARN  events.EventQueue (EventQueue.java:fireEvent(216)) - No event handler registered for event TypedEvent{payloadType=DatanodeDetails, name='Datanode_Command_Queue_Updated'}
2022-12-06 15:45:10,082 [EventQueue-CommandQueueReportForCommandQueueReportHandler] WARN  events.EventQueue (EventQueue.java:fireEvent(216)) - No event handler registered for event TypedEvent{payloadType=DatanodeDetails, name='Datanode_Command_Queue_Updated'}
2022-12-06 15:45:10,375 [EventQueue-CommandQueueReportForCommandQueueReportHandler] WARN  events.EventQueue (EventQueue.java:fireEvent(216)) - No event handler registered for event TypedEvent{payloadType=DatanodeDetails, name='Datanode_Command_Queue_Updated'}
2022-12-06 15:45:10,394 [EventQueue-CommandQueueReportForCommandQueueReportHandler] WARN  events.EventQueue (EventQueue.java:fireEvent(216)) - No event handler registered for event TypedEvent{payloadType=DatanodeDetails, name='Datanode_Command_Queue_Updated'}
2022-12-06 15:45:10,403 [EventQueue-CommandQueueReportForCommandQueueReportHandler] WARN  events.EventQueue (EventQueue.java:fireEvent(216)) - No event handler registered for event TypedEvent{payloadType=DatanodeDetails, name='Datanode_Command_Queue_Updated'}
2022-12-06 15:45:10,450 [EventQueue-CommandQueueReportForCommandQueueReportHandler] WARN  events.EventQueue (EventQueue.java:fireEvent(216)) - No event handler registered for event TypedEvent{payloadType=DatanodeDetails, name='Datanode_Command_Queue_Updated'}
2022-12-06 15:45:10,635 [EventQueue-CommandQueueReportForCommandQueueReportHandler] WARN  events.EventQueue (EventQueue.java:fireEvent(216)) - No event handler registered for event TypedEvent{payloadType=DatanodeDetails, name='Datanode_Command_Queue_Updated'}
2022-12-06 15:45:10,794 [EventQueue-CommandQueueReportForCommandQueueReportHandler] WARN  events.EventQueue (EventQueue.java:fireEvent(216)) - No event handler registered for event TypedEvent{payloadType=DatanodeDetails, name='Datanode_Command_Queue_Updated'}
2022-12-06 15:45:10,934 [EventQueue-CommandQueueReportForCommandQueueReportHandler] WARN  events.EventQueue (EventQueue.java:fireEvent(216)) - No event handler registered for event TypedEvent{payloadType=DatanodeDetails, name='Datanode_Command_Queue_Updated'}
2022-12-06 15:45:10,945 [EventQueue-CommandQueueReportForCommandQueueReportHandler] WARN  events.EventQueue (EventQueue.java:fireEvent(216)) - No event handler registered for event TypedEvent{payloadType=DatanodeDetails, name='Datanode_Command_Queue_Updated'}
2022-12-06 15:45:11,084 [EventQueue-CommandQueueReportForCommandQueueReportHandler] WARN  events.EventQueue (EventQueue.java:fireEvent(216)) - No event handler registered for event TypedEvent{payloadType=DatanodeDetails, name='Datanode_Command_Queue_Updated'}
2022-12-06 15:45:11,375 [EventQueue-CommandQueueReportForCommandQueueReportHandler] WARN  events.EventQueue (EventQueue.java:fireEvent(216)) - No event handler registered for event TypedEvent{payloadType=DatanodeDetails, name='Datanode_Command_Queue_Updated'}
2022-12-06 15:45:11,394 [EventQueue-CommandQueueReportForCommandQueueReportHandler] WARN  events.EventQueue (EventQueue.java:fireEvent(216)) - No event handler registered for event TypedEvent{payloadType=DatanodeDetails, name='Datanode_Command_Queue_Updated'}
2022-12-06 15:45:11,403 [EventQueue-CommandQueueReportForCommandQueueReportHandler] WARN  events.EventQueue (EventQueue.java:fireEvent(216)) - No event handler registered for event TypedEvent{payloadType=DatanodeDetails, name='Datanode_Command_Queue_Updated'}
2022-12-06 15:45:11,450 [EventQueue-CommandQueueReportForCommandQueueReportHandler] WARN  events.EventQueue (EventQueue.java:fireEvent(216)) - No event handler registered for event TypedEvent{payloadType=DatanodeDetails, name='Datanode_Command_Queue_Updated'}
2022-12-06 15:45:11,634 [EventQueue-CommandQueueReportForCommandQueueReportHandler] WARN  events.EventQueue (EventQueue.java:fireEvent(216)) - No event handler registered for event TypedEvent{payloadType=DatanodeDetails, name='Datanode_Command_Queue_Updated'}
2022-12-06 15:45:11,794 [EventQueue-CommandQueueReportForCommandQueueReportHandler] WARN  events.EventQueue (EventQueue.java:fireEvent(216)) - No event handler registered for event TypedEvent{payloadType=DatanodeDetails, name='Datanode_Command_Queue_Updated'}
2022-12-06 15:45:11,935 [EventQueue-CommandQueueReportForCommandQueueReportHandler] WARN  events.EventQueue (EventQueue.java:fireEvent(216)) - No event handler registered for event TypedEvent{payloadType=DatanodeDetails, name='Datanode_Command_Queue_Updated'}
2022-12-06 15:45:11,945 [EventQueue-CommandQueueReportForCommandQueueReportHandler] WARN  events.EventQueue (EventQueue.java:fireEvent(216)) - No event handler registered for event TypedEvent{payloadType=DatanodeDetails, name='Datanode_Command_Queue_Updated'}
2022-12-06 15:45:12,084 [EventQueue-CommandQueueReportForCommandQueueReportHandler] WARN  events.EventQueue (EventQueue.java:fireEvent(216)) - No event handler registered for event TypedEvent{payloadType=DatanodeDetails, name='Datanode_Command_Queue_Updated'}
2022-12-06 15:45:12,375 [EventQueue-CommandQueueReportForCommandQueueReportHandler] WARN  events.EventQueue (EventQueue.java:fireEvent(216)) - No event handler registered for event TypedEvent{payloadType=DatanodeDetails, name='Datanode_Command_Queue_Updated'}
2022-12-06 15:45:12,394 [EventQueue-CommandQueueReportForCommandQueueReportHandler] WARN  events.EventQueue (EventQueue.java:fireEvent(216)) - No event handler registered for event TypedEvent{payloadType=DatanodeDetails, name='Datanode_Command_Queue_Updated'}
2022-12-06 15:45:12,402 [EventQueue-CommandQueueReportForCommandQueueReportHandler] WARN  events.EventQueue (EventQueue.java:fireEvent(216)) - No event handler registered for event TypedEvent{payloadType=DatanodeDetails, name='Datanode_Command_Queue_Updated'}
2022-12-06 15:45:12,450 [EventQueue-CommandQueueReportForCommandQueueReportHandler] WARN  events.EventQueue (EventQueue.java:fireEvent(216)) - No event handler registered for event TypedEvent{payloadType=DatanodeDetails, name='Datanode_Command_Queue_Updated'}
2022-12-06 15:45:12,634 [EventQueue-CommandQueueReportForCommandQueueReportHandler] WARN  events.EventQueue (EventQueue.java:fireEvent(216)) - No event handler registered for event TypedEvent{payloadType=DatanodeDetails, name='Datanode_Command_Queue_Updated'}
2022-12-06 15:45:12,794 [EventQueue-CommandQueueReportForCommandQueueReportHandler] WARN  events.EventQueue (EventQueue.java:fireEvent(216)) - No event handler registered for event TypedEvent{payloadType=DatanodeDetails, name='Datanode_Command_Queue_Updated'}
2022-12-06 15:45:12,935 [EventQueue-CommandQueueReportForCommandQueueReportHandler] WARN  events.EventQueue (EventQueue.java:fireEvent(216)) - No event handler registered for event TypedEvent{payloadType=DatanodeDetails, name='Datanode_Command_Queue_Updated'}
2022-12-06 15:45:12,946 [EventQueue-CommandQueueReportForCommandQueueReportHandler] WARN  events.EventQueue (EventQueue.java:fireEvent(216)) - No event handler registered for event TypedEvent{payloadType=DatanodeDetails, name='Datanode_Command_Queue_Updated'}
2022-12-06 15:45:13,084 [EventQueue-CommandQueueReportForCommandQueueReportHandler] WARN  events.EventQueue (EventQueue.java:fireEvent(216)) - No event handler registered for event TypedEvent{payloadType=DatanodeDetails, name='Datanode_Command_Queue_Updated'}
2022-12-06 15:45:13,375 [EventQueue-CommandQueueReportForCommandQueueReportHandler] WARN  events.EventQueue (EventQueue.java:fireEvent(216)) - No event handler registered for event TypedEvent{payloadType=DatanodeDetails, name='Datanode_Command_Queue_Updated'}
2022-12-06 15:45:13,394 [EventQueue-CommandQueueReportForCommandQueueReportHandler] WARN  events.EventQueue (EventQueue.java:fireEvent(216)) - No event handler registered for event TypedEvent{payloadType=DatanodeDetails, name='Datanode_Command_Queue_Updated'}
2022-12-06 15:45:13,403 [EventQueue-CommandQueueReportForCommandQueueReportHandler] WARN  events.EventQueue (EventQueue.java:fireEvent(216)) - No event handler registered for event TypedEvent{payloadType=DatanodeDetails, name='Datanode_Command_Queue_Updated'}
2022-12-06 15:45:13,415 [Under Replicated Processor] INFO  replication.UnderReplicatedProcessor (UnderReplicatedProcessor.java:processAll(79)) - Processed 0 under replicated containers, failed processing 0
2022-12-06 15:45:13,422 [Over Replicated Processor] INFO  replication.OverReplicatedProcessor (OverReplicatedProcessor.java:processAll(79)) - Processed 0 over replicated containers, failed processing 0
2022-12-06 15:45:13,423 [ReplicationMonitor] INFO  replication.ReplicationManager (ReplicationManager.java:processAll(356)) - Replication Monitor Thread took 5 milliseconds for processing 1 containers.
2022-12-06 15:45:13,450 [EventQueue-CommandQueueReportForCommandQueueReportHandler] WARN  events.EventQueue (EventQueue.java:fireEvent(216)) - No event handler registered for event TypedEvent{payloadType=DatanodeDetails, name='Datanode_Command_Queue_Updated'}
2022-12-06 15:45:13,634 [EventQueue-CommandQueueReportForCommandQueueReportHandler] WARN  events.EventQueue (EventQueue.java:fireEvent(216)) - No event handler registered for event TypedEvent{payloadType=DatanodeDetails, name='Datanode_Command_Queue_Updated'}
2022-12-06 15:45:13,795 [EventQueue-CommandQueueReportForCommandQueueReportHandler] WARN  events.EventQueue (EventQueue.java:fireEvent(216)) - No event handler registered for event TypedEvent{payloadType=DatanodeDetails, name='Datanode_Command_Queue_Updated'}
2022-12-06 15:45:13,937 [EventQueue-CommandQueueReportForCommandQueueReportHandler] WARN  events.EventQueue (EventQueue.java:fireEvent(216)) - No event handler registered for event TypedEvent{payloadType=DatanodeDetails, name='Datanode_Command_Queue_Updated'}
2022-12-06 15:45:13,946 [EventQueue-CommandQueueReportForCommandQueueReportHandler] WARN  events.EventQueue (EventQueue.java:fireEvent(216)) - No event handler registered for event TypedEvent{payloadType=DatanodeDetails, name='Datanode_Command_Queue_Updated'}
2022-12-06 15:45:14,084 [EventQueue-CommandQueueReportForCommandQueueReportHandler] WARN  events.EventQueue (EventQueue.java:fireEvent(216)) - No event handler registered for event TypedEvent{payloadType=DatanodeDetails, name='Datanode_Command_Queue_Updated'}
2022-12-06 15:45:14,375 [EventQueue-CommandQueueReportForCommandQueueReportHandler] WARN  events.EventQueue (EventQueue.java:fireEvent(216)) - No event handler registered for event TypedEvent{payloadType=DatanodeDetails, name='Datanode_Command_Queue_Updated'}
2022-12-06 15:45:14,394 [EventQueue-CommandQueueReportForCommandQueueReportHandler] WARN  events.EventQueue (EventQueue.java:fireEvent(216)) - No event handler registered for event TypedEvent{payloadType=DatanodeDetails, name='Datanode_Command_Queue_Updated'}
2022-12-06 15:45:14,403 [EventQueue-CommandQueueReportForCommandQueueReportHandler] WARN  events.EventQueue (EventQueue.java:fireEvent(216)) - No event handler registered for event TypedEvent{payloadType=DatanodeDetails, name='Datanode_Command_Queue_Updated'}
2022-12-06 15:45:14,450 [EventQueue-CommandQueueReportForCommandQueueReportHandler] WARN  events.EventQueue (EventQueue.java:fireEvent(216)) - No event handler registered for event TypedEvent{payloadType=DatanodeDetails, name='Datanode_Command_Queue_Updated'}
2022-12-06 15:45:14,634 [EventQueue-CommandQueueReportForCommandQueueReportHandler] WARN  events.EventQueue (EventQueue.java:fireEvent(216)) - No event handler registered for event TypedEvent{payloadType=DatanodeDetails, name='Datanode_Command_Queue_Updated'}
2022-12-06 15:45:14,795 [EventQueue-CommandQueueReportForCommandQueueReportHandler] WARN  events.EventQueue (EventQueue.java:fireEvent(216)) - No event handler registered for event TypedEvent{payloadType=DatanodeDetails, name='Datanode_Command_Queue_Updated'}
2022-12-06 15:45:14,936 [EventQueue-CommandQueueReportForCommandQueueReportHandler] WARN  events.EventQueue (EventQueue.java:fireEvent(216)) - No event handler registered for event TypedEvent{payloadType=DatanodeDetails, name='Datanode_Command_Queue_Updated'}
2022-12-06 15:45:14,946 [EventQueue-CommandQueueReportForCommandQueueReportHandler] WARN  events.EventQueue (EventQueue.java:fireEvent(216)) - No event handler registered for event TypedEvent{payloadType=DatanodeDetails, name='Datanode_Command_Queue_Updated'}
2022-12-06 15:45:15,084 [EventQueue-CommandQueueReportForCommandQueueReportHandler] WARN  events.EventQueue (EventQueue.java:fireEvent(216)) - No event handler registered for event TypedEvent{payloadType=DatanodeDetails, name='Datanode_Command_Queue_Updated'}
2022-12-06 15:45:15,375 [EventQueue-CommandQueueReportForCommandQueueReportHandler] WARN  events.EventQueue (EventQueue.java:fireEvent(216)) - No event handler registered for event TypedEvent{payloadType=DatanodeDetails, name='Datanode_Command_Queue_Updated'}
2022-12-06 15:45:15,394 [EventQueue-CommandQueueReportForCommandQueueReportHandler] WARN  events.EventQueue (EventQueue.java:fireEvent(216)) - No event handler registered for event TypedEvent{payloadType=DatanodeDetails, name='Datanode_Command_Queue_Updated'}
2022-12-06 15:45:15,403 [EventQueue-CommandQueueReportForCommandQueueReportHandler] WARN  events.EventQueue (EventQueue.java:fireEvent(216)) - No event handler registered for event TypedEvent{payloadType=DatanodeDetails, name='Datanode_Command_Queue_Updated'}
2022-12-06 15:45:15,451 [EventQueue-CommandQueueReportForCommandQueueReportHandler] WARN  events.EventQueue (EventQueue.java:fireEvent(216)) - No event handler registered for event TypedEvent{payloadType=DatanodeDetails, name='Datanode_Command_Queue_Updated'}
2022-12-06 15:45:15,634 [EventQueue-CommandQueueReportForCommandQueueReportHandler] WARN  events.EventQueue (EventQueue.java:fireEvent(216)) - No event handler registered for event TypedEvent{payloadType=DatanodeDetails, name='Datanode_Command_Queue_Updated'}
2022-12-06 15:45:15,795 [EventQueue-CommandQueueReportForCommandQueueReportHandler] WARN  events.EventQueue (EventQueue.java:fireEvent(216)) - No event handler registered for event TypedEvent{payloadType=DatanodeDetails, name='Datanode_Command_Queue_Updated'}
2022-12-06 15:45:15,936 [EventQueue-CommandQueueReportForCommandQueueReportHandler] WARN  events.EventQueue (EventQueue.java:fireEvent(216)) - No event handler registered for event TypedEvent{payloadType=DatanodeDetails, name='Datanode_Command_Queue_Updated'}
2022-12-06 15:45:15,946 [EventQueue-CommandQueueReportForCommandQueueReportHandler] WARN  events.EventQueue (EventQueue.java:fireEvent(216)) - No event handler registered for event TypedEvent{payloadType=DatanodeDetails, name='Datanode_Command_Queue_Updated'}
2022-12-06 15:45:16,084 [EventQueue-CommandQueueReportForCommandQueueReportHandler] WARN  events.EventQueue (EventQueue.java:fireEvent(216)) - No event handler registered for event TypedEvent{payloadType=DatanodeDetails, name='Datanode_Command_Queue_Updated'}
2022-12-06 15:45:16,376 [EventQueue-CommandQueueReportForCommandQueueReportHandler] WARN  events.EventQueue (EventQueue.java:fireEvent(216)) - No event handler registered for event TypedEvent{payloadType=DatanodeDetails, name='Datanode_Command_Queue_Updated'}
2022-12-06 15:45:16,394 [EventQueue-CommandQueueReportForCommandQueueReportHandler] WARN  events.EventQueue (EventQueue.java:fireEvent(216)) - No event handler registered for event TypedEvent{payloadType=DatanodeDetails, name='Datanode_Command_Queue_Updated'}
2022-12-06 15:45:16,403 [EventQueue-CommandQueueReportForCommandQueueReportHandler] WARN  events.EventQueue (EventQueue.java:fireEvent(216)) - No event handler registered for event TypedEvent{payloadType=DatanodeDetails, name='Datanode_Command_Queue_Updated'}
2022-12-06 15:45:16,450 [EventQueue-CommandQueueReportForCommandQueueReportHandler] WARN  events.EventQueue (EventQueue.java:fireEvent(216)) - No event handler registered for event TypedEvent{payloadType=DatanodeDetails, name='Datanode_Command_Queue_Updated'}
2022-12-06 15:45:16,634 [EventQueue-CommandQueueReportForCommandQueueReportHandler] WARN  events.EventQueue (EventQueue.java:fireEvent(216)) - No event handler registered for event TypedEvent{payloadType=DatanodeDetails, name='Datanode_Command_Queue_Updated'}
2022-12-06 15:45:16,795 [EventQueue-CommandQueueReportForCommandQueueReportHandler] WARN  events.EventQueue (EventQueue.java:fireEvent(216)) - No event handler registered for event TypedEvent{payloadType=DatanodeDetails, name='Datanode_Command_Queue_Updated'}
2022-12-06 15:45:16,936 [EventQueue-CommandQueueReportForCommandQueueReportHandler] WARN  events.EventQueue (EventQueue.java:fireEvent(216)) - No event handler registered for event TypedEvent{payloadType=DatanodeDetails, name='Datanode_Command_Queue_Updated'}
2022-12-06 15:45:16,946 [EventQueue-CommandQueueReportForCommandQueueReportHandler] WARN  events.EventQueue (EventQueue.java:fireEvent(216)) - No event handler registered for event TypedEvent{payloadType=DatanodeDetails, name='Datanode_Command_Queue_Updated'}
2022-12-06 15:45:17,084 [EventQueue-CommandQueueReportForCommandQueueReportHandler] WARN  events.EventQueue (EventQueue.java:fireEvent(216)) - No event handler registered for event TypedEvent{payloadType=DatanodeDetails, name='Datanode_Command_Queue_Updated'}
2022-12-06 15:45:17,375 [EventQueue-CommandQueueReportForCommandQueueReportHandler] WARN  events.EventQueue (EventQueue.java:fireEvent(216)) - No event handler registered for event TypedEvent{payloadType=DatanodeDetails, name='Datanode_Command_Queue_Updated'}
2022-12-06 15:45:17,395 [EventQueue-CommandQueueReportForCommandQueueReportHandler] WARN  events.EventQueue (EventQueue.java:fireEvent(216)) - No event handler registered for event TypedEvent{payloadType=DatanodeDetails, name='Datanode_Command_Queue_Updated'}
2022-12-06 15:45:17,402 [EventQueue-CommandQueueReportForCommandQueueReportHandler] WARN  events.EventQueue (EventQueue.java:fireEvent(216)) - No event handler registered for event TypedEvent{payloadType=DatanodeDetails, name='Datanode_Command_Queue_Updated'}
2022-12-06 15:45:17,450 [EventQueue-CommandQueueReportForCommandQueueReportHandler] WARN  events.EventQueue (EventQueue.java:fireEvent(216)) - No event handler registered for event TypedEvent{payloadType=DatanodeDetails, name='Datanode_Command_Queue_Updated'}
2022-12-06 15:45:17,634 [EventQueue-CommandQueueReportForCommandQueueReportHandler] WARN  events.EventQueue (EventQueue.java:fireEvent(216)) - No event handler registered for event TypedEvent{payloadType=DatanodeDetails, name='Datanode_Command_Queue_Updated'}
2022-12-06 15:45:17,795 [EventQueue-CommandQueueReportForCommandQueueReportHandler] WARN  events.EventQueue (EventQueue.java:fireEvent(216)) - No event handler registered for event TypedEvent{payloadType=DatanodeDetails, name='Datanode_Command_Queue_Updated'}
2022-12-06 15:45:17,937 [EventQueue-CommandQueueReportForCommandQueueReportHandler] WARN  events.EventQueue (EventQueue.java:fireEvent(216)) - No event handler registered for event TypedEvent{payloadType=DatanodeDetails, name='Datanode_Command_Queue_Updated'}
2022-12-06 15:45:17,946 [EventQueue-CommandQueueReportForCommandQueueReportHandler] WARN  events.EventQueue (EventQueue.java:fireEvent(216)) - No event handler registered for event TypedEvent{payloadType=DatanodeDetails, name='Datanode_Command_Queue_Updated'}
2022-12-06 15:45:18,084 [EventQueue-CommandQueueReportForCommandQueueReportHandler] WARN  events.EventQueue (EventQueue.java:fireEvent(216)) - No event handler registered for event TypedEvent{payloadType=DatanodeDetails, name='Datanode_Command_Queue_Updated'}
2022-12-06 15:45:18,375 [EventQueue-CommandQueueReportForCommandQueueReportHandler] WARN  events.EventQueue (EventQueue.java:fireEvent(216)) - No event handler registered for event TypedEvent{payloadType=DatanodeDetails, name='Datanode_Command_Queue_Updated'}
2022-12-06 15:45:18,395 [EventQueue-CommandQueueReportForCommandQueueReportHandler] WARN  events.EventQueue (EventQueue.java:fireEvent(216)) - No event handler registered for event TypedEvent{payloadType=DatanodeDetails, name='Datanode_Command_Queue_Updated'}
2022-12-06 15:45:18,403 [EventQueue-CommandQueueReportForCommandQueueReportHandler] WARN  events.EventQueue (EventQueue.java:fireEvent(216)) - No event handler registered for event TypedEvent{payloadType=DatanodeDetails, name='Datanode_Command_Queue_Updated'}
2022-12-06 15:45:18,451 [EventQueue-CommandQueueReportForCommandQueueReportHandler] WARN  events.EventQueue (EventQueue.java:fireEvent(216)) - No event handler registered for event TypedEvent{payloadType=DatanodeDetails, name='Datanode_Command_Queue_Updated'}
2022-12-06 15:45:18,635 [EventQueue-CommandQueueReportForCommandQueueReportHandler] WARN  events.EventQueue (EventQueue.java:fireEvent(216)) - No event handler registered for event TypedEvent{payloadType=DatanodeDetails, name='Datanode_Command_Queue_Updated'}
2022-12-06 15:45:18,795 [EventQueue-CommandQueueReportForCommandQueueReportHandler] WARN  events.EventQueue (EventQueue.java:fireEvent(216)) - No event handler registered for event TypedEvent{payloadType=DatanodeDetails, name='Datanode_Command_Queue_Updated'}
2022-12-06 15:45:18,938 [EventQueue-CommandQueueReportForCommandQueueReportHandler] WARN  events.EventQueue (EventQueue.java:fireEvent(216)) - No event handler registered for event TypedEvent{payloadType=DatanodeDetails, name='Datanode_Command_Queue_Updated'}
2022-12-06 15:45:18,946 [EventQueue-CommandQueueReportForCommandQueueReportHandler] WARN  events.EventQueue (EventQueue.java:fireEvent(216)) - No event handler registered for event TypedEvent{payloadType=DatanodeDetails, name='Datanode_Command_Queue_Updated'}
2022-12-06 15:45:19,084 [EventQueue-CommandQueueReportForCommandQueueReportHandler] WARN  events.EventQueue (EventQueue.java:fireEvent(216)) - No event handler registered for event TypedEvent{payloadType=DatanodeDetails, name='Datanode_Command_Queue_Updated'}
2022-12-06 15:45:19,375 [EventQueue-CommandQueueReportForCommandQueueReportHandler] WARN  events.EventQueue (EventQueue.java:fireEvent(216)) - No event handler registered for event TypedEvent{payloadType=DatanodeDetails, name='Datanode_Command_Queue_Updated'}
2022-12-06 15:45:19,395 [EventQueue-CommandQueueReportForCommandQueueReportHandler] WARN  events.EventQueue (EventQueue.java:fireEvent(216)) - No event handler registered for event TypedEvent{payloadType=DatanodeDetails, name='Datanode_Command_Queue_Updated'}
2022-12-06 15:45:19,402 [EventQueue-CommandQueueReportForCommandQueueReportHandler] WARN  events.EventQueue (EventQueue.java:fireEvent(216)) - No event handler registered for event TypedEvent{payloadType=DatanodeDetails, name='Datanode_Command_Queue_Updated'}
2022-12-06 15:45:19,451 [EventQueue-CommandQueueReportForCommandQueueReportHandler] WARN  events.EventQueue (EventQueue.java:fireEvent(216)) - No event handler registered for event TypedEvent{payloadType=DatanodeDetails, name='Datanode_Command_Queue_Updated'}
2022-12-06 15:45:19,634 [EventQueue-CommandQueueReportForCommandQueueReportHandler] WARN  events.EventQueue (EventQueue.java:fireEvent(216)) - No event handler registered for event TypedEvent{payloadType=DatanodeDetails, name='Datanode_Command_Queue_Updated'}
2022-12-06 15:45:19,795 [EventQueue-CommandQueueReportForCommandQueueReportHandler] WARN  events.EventQueue (EventQueue.java:fireEvent(216)) - No event handler registered for event TypedEvent{payloadType=DatanodeDetails, name='Datanode_Command_Queue_Updated'}
2022-12-06 15:45:19,938 [EventQueue-CommandQueueReportForCommandQueueReportHandler] WARN  events.EventQueue (EventQueue.java:fireEvent(216)) - No event handler registered for event TypedEvent{payloadType=DatanodeDetails, name='Datanode_Command_Queue_Updated'}
2022-12-06 15:45:19,945 [EventQueue-CommandQueueReportForCommandQueueReportHandler] WARN  events.EventQueue (EventQueue.java:fireEvent(216)) - No event handler registered for event TypedEvent{payloadType=DatanodeDetails, name='Datanode_Command_Queue_Updated'}
2022-12-06 15:45:20,084 [EventQueue-CommandQueueReportForCommandQueueReportHandler] WARN  events.EventQueue (EventQueue.java:fireEvent(216)) - No event handler registered for event TypedEvent{payloadType=DatanodeDetails, name='Datanode_Command_Queue_Updated'}
2022-12-06 15:45:20,375 [EventQueue-CommandQueueReportForCommandQueueReportHandler] WARN  events.EventQueue (EventQueue.java:fireEvent(216)) - No event handler registered for event TypedEvent{payloadType=DatanodeDetails, name='Datanode_Command_Queue_Updated'}
2022-12-06 15:45:20,395 [EventQueue-CommandQueueReportForCommandQueueReportHandler] WARN  events.EventQueue (EventQueue.java:fireEvent(216)) - No event handler registered for event TypedEvent{payloadType=DatanodeDetails, name='Datanode_Command_Queue_Updated'}
2022-12-06 15:45:20,403 [EventQueue-CommandQueueReportForCommandQueueReportHandler] WARN  events.EventQueue (EventQueue.java:fireEvent(216)) - No event handler registered for event TypedEvent{payloadType=DatanodeDetails, name='Datanode_Command_Queue_Updated'}
2022-12-06 15:45:20,451 [EventQueue-CommandQueueReportForCommandQueueReportHandler] WARN  events.EventQueue (EventQueue.java:fireEvent(216)) - No event handler registered for event TypedEvent{payloadType=DatanodeDetails, name='Datanode_Command_Queue_Updated'}
2022-12-06 15:45:20,634 [EventQueue-CommandQueueReportForCommandQueueReportHandler] WARN  events.EventQueue (EventQueue.java:fireEvent(216)) - No event handler registered for event TypedEvent{payloadType=DatanodeDetails, name='Datanode_Command_Queue_Updated'}
2022-12-06 15:45:20,796 [EventQueue-CommandQueueReportForCommandQueueReportHandler] WARN  events.EventQueue (EventQueue.java:fireEvent(216)) - No event handler registered for event TypedEvent{payloadType=DatanodeDetails, name='Datanode_Command_Queue_Updated'}
2022-12-06 15:45:20,938 [EventQueue-CommandQueueReportForCommandQueueReportHandler] WARN  events.EventQueue (EventQueue.java:fireEvent(216)) - No event handler registered for event TypedEvent{payloadType=DatanodeDetails, name='Datanode_Command_Queue_Updated'}
2022-12-06 15:45:20,946 [EventQueue-CommandQueueReportForCommandQueueReportHandler] WARN  events.EventQueue (EventQueue.java:fireEvent(216)) - No event handler registered for event TypedEvent{payloadType=DatanodeDetails, name='Datanode_Command_Queue_Updated'}
2022-12-06 15:45:21,084 [EventQueue-CommandQueueReportForCommandQueueReportHandler] WARN  events.EventQueue (EventQueue.java:fireEvent(216)) - No event handler registered for event TypedEvent{payloadType=DatanodeDetails, name='Datanode_Command_Queue_Updated'}
2022-12-06 15:45:21,375 [EventQueue-CommandQueueReportForCommandQueueReportHandler] WARN  events.EventQueue (EventQueue.java:fireEvent(216)) - No event handler registered for event TypedEvent{payloadType=DatanodeDetails, name='Datanode_Command_Queue_Updated'}
2022-12-06 15:45:21,395 [EventQueue-CommandQueueReportForCommandQueueReportHandler] WARN  events.EventQueue (EventQueue.java:fireEvent(216)) - No event handler registered for event TypedEvent{payloadType=DatanodeDetails, name='Datanode_Command_Queue_Updated'}
2022-12-06 15:45:21,403 [EventQueue-CommandQueueReportForCommandQueueReportHandler] WARN  events.EventQueue (EventQueue.java:fireEvent(216)) - No event handler registered for event TypedEvent{payloadType=DatanodeDetails, name='Datanode_Command_Queue_Updated'}
2022-12-06 15:45:21,451 [EventQueue-CommandQueueReportForCommandQueueReportHandler] WARN  events.EventQueue (EventQueue.java:fireEvent(216)) - No event handler registered for event TypedEvent{payloadType=DatanodeDetails, name='Datanode_Command_Queue_Updated'}
2022-12-06 15:45:21,636 [EventQueue-CommandQueueReportForCommandQueueReportHandler] WARN  events.EventQueue (EventQueue.java:fireEvent(216)) - No event handler registered for event TypedEvent{payloadType=DatanodeDetails, name='Datanode_Command_Queue_Updated'}
2022-12-06 15:45:21,796 [EventQueue-CommandQueueReportForCommandQueueReportHandler] WARN  events.EventQueue (EventQueue.java:fireEvent(216)) - No event handler registered for event TypedEvent{payloadType=DatanodeDetails, name='Datanode_Command_Queue_Updated'}
2022-12-06 15:45:21,939 [EventQueue-CommandQueueReportForCommandQueueReportHandler] WARN  events.EventQueue (EventQueue.java:fireEvent(216)) - No event handler registered for event TypedEvent{payloadType=DatanodeDetails, name='Datanode_Command_Queue_Updated'}
2022-12-06 15:45:21,946 [EventQueue-CommandQueueReportForCommandQueueReportHandler] WARN  events.EventQueue (EventQueue.java:fireEvent(216)) - No event handler registered for event TypedEvent{payloadType=DatanodeDetails, name='Datanode_Command_Queue_Updated'}
2022-12-06 15:45:22,085 [EventQueue-CommandQueueReportForCommandQueueReportHandler] WARN  events.EventQueue (EventQueue.java:fireEvent(216)) - No event handler registered for event TypedEvent{payloadType=DatanodeDetails, name='Datanode_Command_Queue_Updated'}
2022-12-06 15:45:22,375 [EventQueue-CommandQueueReportForCommandQueueReportHandler] WARN  events.EventQueue (EventQueue.java:fireEvent(216)) - No event handler registered for event TypedEvent{payloadType=DatanodeDetails, name='Datanode_Command_Queue_Updated'}
2022-12-06 15:45:22,395 [EventQueue-CommandQueueReportForCommandQueueReportHandler] WARN  events.EventQueue (EventQueue.java:fireEvent(216)) - No event handler registered for event TypedEvent{payloadType=DatanodeDetails, name='Datanode_Command_Queue_Updated'}
2022-12-06 15:45:22,402 [EventQueue-CommandQueueReportForCommandQueueReportHandler] WARN  events.EventQueue (EventQueue.java:fireEvent(216)) - No event handler registered for event TypedEvent{payloadType=DatanodeDetails, name='Datanode_Command_Queue_Updated'}
2022-12-06 15:45:22,451 [EventQueue-CommandQueueReportForCommandQueueReportHandler] WARN  events.EventQueue (EventQueue.java:fireEvent(216)) - No event handler registered for event TypedEvent{payloadType=DatanodeDetails, name='Datanode_Command_Queue_Updated'}
2022-12-06 15:45:22,636 [EventQueue-CommandQueueReportForCommandQueueReportHandler] WARN  events.EventQueue (EventQueue.java:fireEvent(216)) - No event handler registered for event TypedEvent{payloadType=DatanodeDetails, name='Datanode_Command_Queue_Updated'}
2022-12-06 15:45:22,797 [EventQueue-CommandQueueReportForCommandQueueReportHandler] WARN  events.EventQueue (EventQueue.java:fireEvent(216)) - No event handler registered for event TypedEvent{payloadType=DatanodeDetails, name='Datanode_Command_Queue_Updated'}
2022-12-06 15:45:22,939 [EventQueue-CommandQueueReportForCommandQueueReportHandler] WARN  events.EventQueue (EventQueue.java:fireEvent(216)) - No event handler registered for event TypedEvent{payloadType=DatanodeDetails, name='Datanode_Command_Queue_Updated'}
2022-12-06 15:45:22,947 [EventQueue-CommandQueueReportForCommandQueueReportHandler] WARN  events.EventQueue (EventQueue.java:fireEvent(216)) - No event handler registered for event TypedEvent{payloadType=DatanodeDetails, name='Datanode_Command_Queue_Updated'}
2022-12-06 15:45:23,084 [EventQueue-CommandQueueReportForCommandQueueReportHandler] WARN  events.EventQueue (EventQueue.java:fireEvent(216)) - No event handler registered for event TypedEvent{payloadType=DatanodeDetails, name='Datanode_Command_Queue_Updated'}
2022-12-06 15:45:23,375 [EventQueue-CommandQueueReportForCommandQueueReportHandler] WARN  events.EventQueue (EventQueue.java:fireEvent(216)) - No event handler registered for event TypedEvent{payloadType=DatanodeDetails, name='Datanode_Command_Queue_Updated'}
2022-12-06 15:45:23,395 [EventQueue-CommandQueueReportForCommandQueueReportHandler] WARN  events.EventQueue (EventQueue.java:fireEvent(216)) - No event handler registered for event TypedEvent{payloadType=DatanodeDetails, name='Datanode_Command_Queue_Updated'}
2022-12-06 15:45:23,403 [EventQueue-CommandQueueReportForCommandQueueReportHandler] WARN  events.EventQueue (EventQueue.java:fireEvent(216)) - No event handler registered for event TypedEvent{payloadType=DatanodeDetails, name='Datanode_Command_Queue_Updated'}
2022-12-06 15:45:23,420 [Under Replicated Processor] INFO  replication.ReplicationManager (ReplicationManager.java:sendDatanodeCommand(417)) - Sending command of type reconstructECContainersCommand for container ContainerInfo{id=#1, state=CLOSED, pipelineID=PipelineID=055b8b7a-8017-4d3f-a0d0-bb677440d3b3, stateEnterTime=2022-12-06T15:44:56.947Z, owner=om1} to 3023bd45-36c3-431f-9c1c-92b4e43de878{ip: 10.1.0.110, host: fv-az133-40.ac31hddj4phu5ocom5smqd4hkf.cx.internal.cloudapp.net, ports: [REPLICATION=35579, RATIS=42841, RATIS_ADMIN=42841, RATIS_SERVER=42841, STANDALONE=33457], networkLocation: /default-rack, certSerialId: null, persistedOpState: null, persistedOpStateExpiryEpochSec: 0}
2022-12-06 15:45:23,421 [Under Replicated Processor] INFO  replication.UnderReplicatedProcessor (UnderReplicatedProcessor.java:processAll(79)) - Processed 1 under replicated containers, failed processing 0
2022-12-06 15:45:23,422 [Over Replicated Processor] INFO  replication.OverReplicatedProcessor (OverReplicatedProcessor.java:processAll(79)) - Processed 0 over replicated containers, failed processing 0
2022-12-06 15:45:23,424 [ReplicationMonitor] INFO  replication.ReplicationManager (ReplicationManager.java:processAll(356)) - Replication Monitor Thread took 0 milliseconds for processing 1 containers.
2022-12-06 15:45:23,451 [EventQueue-CommandQueueReportForCommandQueueReportHandler] WARN  events.EventQueue (EventQueue.java:fireEvent(216)) - No event handler registered for event TypedEvent{payloadType=DatanodeDetails, name='Datanode_Command_Queue_Updated'}
2022-12-06 15:45:23,636 [EventQueue-CommandQueueReportForCommandQueueReportHandler] WARN  events.EventQueue (EventQueue.java:fireEvent(216)) - No event handler registered for event TypedEvent{payloadType=DatanodeDetails, name='Datanode_Command_Queue_Updated'}
2022-12-06 15:45:23,797 [EventQueue-CommandQueueReportForCommandQueueReportHandler] WARN  events.EventQueue (EventQueue.java:fireEvent(216)) - No event handler registered for event TypedEvent{payloadType=DatanodeDetails, name='Datanode_Command_Queue_Updated'}
2022-12-06 15:45:23,939 [EventQueue-CommandQueueReportForCommandQueueReportHandler] WARN  events.EventQueue (EventQueue.java:fireEvent(216)) - No event handler registered for event TypedEvent{payloadType=DatanodeDetails, name='Datanode_Command_Queue_Updated'}
2022-12-06 15:45:23,946 [EventQueue-CommandQueueReportForCommandQueueReportHandler] WARN  events.EventQueue (EventQueue.java:fireEvent(216)) - No event handler registered for event TypedEvent{payloadType=DatanodeDetails, name='Datanode_Command_Queue_Updated'}
2022-12-06 15:45:24,084 [EventQueue-CommandQueueReportForCommandQueueReportHandler] WARN  events.EventQueue (EventQueue.java:fireEvent(216)) - No event handler registered for event TypedEvent{payloadType=DatanodeDetails, name='Datanode_Command_Queue_Updated'}
2022-12-06 15:45:24,375 [EventQueue-CommandQueueReportForCommandQueueReportHandler] WARN  events.EventQueue (EventQueue.java:fireEvent(216)) - No event handler registered for event TypedEvent{payloadType=DatanodeDetails, name='Datanode_Command_Queue_Updated'}
2022-12-06 15:45:24,395 [EventQueue-CommandQueueReportForCommandQueueReportHandler] WARN  events.EventQueue (EventQueue.java:fireEvent(216)) - No event handler registered for event TypedEvent{payloadType=DatanodeDetails, name='Datanode_Command_Queue_Updated'}
2022-12-06 15:45:24,403 [EventQueue-CommandQueueReportForCommandQueueReportHandler] WARN  events.EventQueue (EventQueue.java:fireEvent(216)) - No event handler registered for event TypedEvent{payloadType=DatanodeDetails, name='Datanode_Command_Queue_Updated'}
2022-12-06 15:45:24,451 [EventQueue-CommandQueueReportForCommandQueueReportHandler] WARN  events.EventQueue (EventQueue.java:fireEvent(216)) - No event handler registered for event TypedEvent{payloadType=DatanodeDetails, name='Datanode_Command_Queue_Updated'}
2022-12-06 15:45:24,636 [EventQueue-CommandQueueReportForCommandQueueReportHandler] WARN  events.EventQueue (EventQueue.java:fireEvent(216)) - No event handler registered for event TypedEvent{payloadType=DatanodeDetails, name='Datanode_Command_Queue_Updated'}
2022-12-06 15:45:24,797 [EventQueue-CommandQueueReportForCommandQueueReportHandler] WARN  events.EventQueue (EventQueue.java:fireEvent(216)) - No event handler registered for event TypedEvent{payloadType=DatanodeDetails, name='Datanode_Command_Queue_Updated'}
2022-12-06 15:45:24,939 [EventQueue-CommandQueueReportForCommandQueueReportHandler] WARN  events.EventQueue (EventQueue.java:fireEvent(216)) - No event handler registered for event TypedEvent{payloadType=DatanodeDetails, name='Datanode_Command_Queue_Updated'}
2022-12-06 15:45:24,947 [EventQueue-CommandQueueReportForCommandQueueReportHandler] WARN  events.EventQueue (EventQueue.java:fireEvent(216)) - No event handler registered for event TypedEvent{payloadType=DatanodeDetails, name='Datanode_Command_Queue_Updated'}
2022-12-06 15:45:25,084 [EventQueue-CommandQueueReportForCommandQueueReportHandler] WARN  events.EventQueue (EventQueue.java:fireEvent(216)) - No event handler registered for event TypedEvent{payloadType=DatanodeDetails, name='Datanode_Command_Queue_Updated'}
2022-12-06 15:45:25,375 [EventQueue-CommandQueueReportForCommandQueueReportHandler] WARN  events.EventQueue (EventQueue.java:fireEvent(216)) - No event handler registered for event TypedEvent{payloadType=DatanodeDetails, name='Datanode_Command_Queue_Updated'}
2022-12-06 15:45:25,396 [EventQueue-CommandQueueReportForCommandQueueReportHandler] WARN  events.EventQueue (EventQueue.java:fireEvent(216)) - No event handler registered for event TypedEvent{payloadType=DatanodeDetails, name='Datanode_Command_Queue_Updated'}
2022-12-06 15:45:25,402 [EventQueue-CommandQueueReportForCommandQueueReportHandler] WARN  events.EventQueue (EventQueue.java:fireEvent(216)) - No event handler registered for event TypedEvent{payloadType=DatanodeDetails, name='Datanode_Command_Queue_Updated'}
2022-12-06 15:45:25,451 [EventQueue-CommandQueueReportForCommandQueueReportHandler] WARN  events.EventQueue (EventQueue.java:fireEvent(216)) - No event handler registered for event TypedEvent{payloadType=DatanodeDetails, name='Datanode_Command_Queue_Updated'}
2022-12-06 15:45:25,636 [EventQueue-CommandQueueReportForCommandQueueReportHandler] WARN  events.EventQueue (EventQueue.java:fireEvent(216)) - No event handler registered for event TypedEvent{payloadType=DatanodeDetails, name='Datanode_Command_Queue_Updated'}
2022-12-06 15:45:25,796 [EventQueue-CommandQueueReportForCommandQueueReportHandler] WARN  events.EventQueue (EventQueue.java:fireEvent(216)) - No event handler registered for event TypedEvent{payloadType=DatanodeDetails, name='Datanode_Command_Queue_Updated'}
2022-12-06 15:45:25,909 [EventQueue-CommandQueueReportForCommandQueueReportHandler] WARN  events.EventQueue (EventQueue.java:fireEvent(216)) - No event handler registered for event TypedEvent{payloadType=DatanodeDetails, name='Datanode_Command_Queue_Updated'}
2022-12-06 15:45:25,910 [ChunkReader-5] INFO  keyvalue.KeyValueContainer (KeyValueContainer.java:flushAndSyncDB(437)) - Container 1 is synced with bcsId 0.
2022-12-06 15:45:25,910 [ChunkReader-5] INFO  keyvalue.KeyValueContainer (KeyValueContainer.java:flushAndSyncDB(437)) - Container 1 is synced with bcsId 0.
2022-12-06 15:45:25,913 [ChunkReader-5] INFO  keyvalue.KeyValueContainer (KeyValueContainer.java:close(352)) - Container 1 is closed with bcsId 0.
2022-12-06 15:45:25,915 [EventQueue-CommandQueueReportForCommandQueueReportHandler] WARN  events.EventQueue (EventQueue.java:fireEvent(216)) - No event handler registered for event TypedEvent{payloadType=DatanodeDetails, name='Datanode_Command_Queue_Updated'}
2022-12-06 15:45:25,916 [ECContainerReconstructionThread-0] INFO  reconstruction.ECReconstructionCoordinatorTask (ECReconstructionCoordinatorTask.java:run(88)) - Completed the EC reconstruction of the container 1
2022-12-06 15:45:25,939 [EventQueue-CommandQueueReportForCommandQueueReportHandler] WARN  events.EventQueue (EventQueue.java:fireEvent(216)) - No event handler registered for event TypedEvent{payloadType=DatanodeDetails, name='Datanode_Command_Queue_Updated'}
2022-12-06 15:45:25,946 [EventQueue-CommandQueueReportForCommandQueueReportHandler] WARN  events.EventQueue (EventQueue.java:fireEvent(216)) - No event handler registered for event TypedEvent{payloadType=DatanodeDetails, name='Datanode_Command_Queue_Updated'}
2022-12-06 15:45:25,957 [Listener at 127.0.0.1/44149] INFO  replication.ReplicationManager (ReplicationManager.java:stop(289)) - Stopping Replication Monitor Thread.
2022-12-06 15:45:25,958 [Over Replicated Processor] WARN  replication.OverReplicatedProcessor (OverReplicatedProcessor.java:run(109)) - Over Replicated Processor interrupted. Exiting...
2022-12-06 15:45:25,959 [ReplicationMonitor] INFO  replication.ReplicationManager (ReplicationManager.java:run(641)) - Replication Monitor Thread is stopped
2022-12-06 15:45:25,959 [Under Replicated Processor] WARN  replication.UnderReplicatedProcessor (UnderReplicatedProcessor.java:run(108)) - Under Replicated Processor interrupted. Exiting...
2022-12-06 15:45:25,961 [Listener at 127.0.0.1/44149] WARN  impl.MetricRegistriesImpl (MetricRegistriesImpl.java:addReporterRegistration(111)) - New reporters are added after registries were created. Some metrics will be missing from the reporter. Please add reporter before adding any new registry.
2022-12-06 15:45:25,961 [Listener at 127.0.0.1/44149] WARN  impl.MetricRegistriesImpl (MetricRegistriesImpl.java:addReporterRegistration(111)) - New reporters are added after registries were created. Some metrics will be missing from the reporter. Please add reporter before adding any new registry.
2022-12-06 15:45:25,961 [Listener at 127.0.0.1/44149] INFO  impl.MetricsSystemImpl (MetricsSystemImpl.java:init(158)) - HddsDatanode metrics system started (again)
2022-12-06 15:45:26,009 [Listener at 127.0.0.1/44149] INFO  ozone.HddsDatanodeService (HddsDatanodeService.java:start(236)) - HddsDatanodeService host:fv-az133-40.ac31hddj4phu5ocom5smqd4hkf.cx.internal.cloudapp.net ip:10.1.0.110
2022-12-06 15:45:26,028 [Listener at 127.0.0.1/44149] INFO  upgrade.AbstractLayoutVersionManager (AbstractLayoutVersionManager.java:init(83)) - Initializing Layout version manager with metadata layout = DATANODE_SCHEMA_V3 (version = 4), software layout = DATANODE_SCHEMA_V3 (version = 4)
2022-12-06 15:45:26,076 [Listener at 127.0.0.1/44149] INFO  reflections.Reflections (Reflections.java:scan(232)) - Reflections took 45 ms to scan 7 urls, producing 140 keys and 342 values 
2022-12-06 15:45:26,078 [Listener at 127.0.0.1/44149] INFO  statemachine.DatanodeStateMachine (DatanodeStateMachine.java:getEndPointTaskThreadPoolSize(245)) - Datanode State Machine Task Thread Pool size 2
2022-12-06 15:45:26,080 [Listener at 127.0.0.1/44149] INFO  volume.HddsVolume (HddsVolume.java:<init>(117)) - Creating HddsVolume: /home/runner/work/ozone/ozone/hadoop-ozone/integration-test/target/test-dir/MiniOzoneClusterImpl-dce15e54-dc76-4f82-a75a-fd2a8a22e08e/datanode-2/data-0/containers/hdds of storage type : DISK capacity : 9223372036854775807
2022-12-06 15:45:26,080 [Listener at 127.0.0.1/44149] INFO  volume.MutableVolumeSet (MutableVolumeSet.java:initializeVolumeSet(174)) - Added Volume : /home/runner/work/ozone/ozone/hadoop-ozone/integration-test/target/test-dir/MiniOzoneClusterImpl-dce15e54-dc76-4f82-a75a-fd2a8a22e08e/datanode-2/data-0/containers/hdds to VolumeSet
2022-12-06 15:45:26,081 [Listener at 127.0.0.1/44149] INFO  volume.ThrottledAsyncChecker (ThrottledAsyncChecker.java:schedule(141)) - Scheduling a check for /home/runner/work/ozone/ozone/hadoop-ozone/integration-test/target/test-dir/MiniOzoneClusterImpl-dce15e54-dc76-4f82-a75a-fd2a8a22e08e/datanode-2/data-0/containers/hdds
2022-12-06 15:45:26,081 [Listener at 127.0.0.1/44149] INFO  volume.StorageVolumeChecker (StorageVolumeChecker.java:checkAllVolumes(202)) - Scheduled health check for volume /home/runner/work/ozone/ozone/hadoop-ozone/integration-test/target/test-dir/MiniOzoneClusterImpl-dce15e54-dc76-4f82-a75a-fd2a8a22e08e/datanode-2/data-0/containers/hdds
2022-12-06 15:45:26,088 [EventQueue-CommandQueueReportForCommandQueueReportHandler] WARN  events.EventQueue (EventQueue.java:fireEvent(216)) - No event handler registered for event TypedEvent{payloadType=DatanodeDetails, name='Datanode_Command_Queue_Updated'}
2022-12-06 15:45:26,096 [Listener at 127.0.0.1/44149] INFO  volume.MutableVolumeSet (MutableVolumeSet.java:initializeVolumeSet(174)) - Added Volume : /home/runner/work/ozone/ozone/hadoop-ozone/integration-test/target/test-dir/MiniOzoneClusterImpl-dce15e54-dc76-4f82-a75a-fd2a8a22e08e/datanode-2/data/ratis to VolumeSet
2022-12-06 15:45:26,097 [Listener at 127.0.0.1/44149] INFO  volume.ThrottledAsyncChecker (ThrottledAsyncChecker.java:schedule(141)) - Scheduling a check for /home/runner/work/ozone/ozone/hadoop-ozone/integration-test/target/test-dir/MiniOzoneClusterImpl-dce15e54-dc76-4f82-a75a-fd2a8a22e08e/datanode-2/data/ratis
2022-12-06 15:45:26,097 [Listener at 127.0.0.1/44149] INFO  volume.StorageVolumeChecker (StorageVolumeChecker.java:checkAllVolumes(202)) - Scheduled health check for volume /home/runner/work/ozone/ozone/hadoop-ozone/integration-test/target/test-dir/MiniOzoneClusterImpl-dce15e54-dc76-4f82-a75a-fd2a8a22e08e/datanode-2/data/ratis
2022-12-06 15:45:26,132 [Listener at 127.0.0.1/44149] INFO  utils.DatanodeStoreCache (DatanodeStoreCache.java:addDB(58)) - Added db /home/runner/work/ozone/ozone/hadoop-ozone/integration-test/target/test-dir/MiniOzoneClusterImpl-dce15e54-dc76-4f82-a75a-fd2a8a22e08e/datanode-2/data-0/containers/hdds/dce15e54-dc76-4f82-a75a-fd2a8a22e08e/DS-db086521-9099-47ef-a2c9-57eabd95b9d9/container.db to cache
2022-12-06 15:45:26,132 [Listener at 127.0.0.1/44149] INFO  volume.HddsVolume (HddsVolume.java:loadDbStore(260)) - SchemaV3 db is loaded at /home/runner/work/ozone/ozone/hadoop-ozone/integration-test/target/test-dir/MiniOzoneClusterImpl-dce15e54-dc76-4f82-a75a-fd2a8a22e08e/datanode-2/data-0/containers/hdds/dce15e54-dc76-4f82-a75a-fd2a8a22e08e/DS-db086521-9099-47ef-a2c9-57eabd95b9d9/container.db for volume DS-db086521-9099-47ef-a2c9-57eabd95b9d9
2022-12-06 15:45:26,133 [Thread-622] INFO  ozoneimpl.ContainerReader (ContainerReader.java:readVolume(145)) - Start to verify containers on volume /home/runner/work/ozone/ozone/hadoop-ozone/integration-test/target/test-dir/MiniOzoneClusterImpl-dce15e54-dc76-4f82-a75a-fd2a8a22e08e/datanode-2/data-0/containers/hdds
2022-12-06 15:45:26,145 [Thread-622] INFO  ozoneimpl.ContainerReader (ContainerReader.java:readVolume(175)) - Finish verifying containers on volume /home/runner/work/ozone/ozone/hadoop-ozone/integration-test/target/test-dir/MiniOzoneClusterImpl-dce15e54-dc76-4f82-a75a-fd2a8a22e08e/datanode-2/data-0/containers/hdds
2022-12-06 15:45:26,145 [Listener at 127.0.0.1/44149] INFO  ozoneimpl.OzoneContainer (OzoneContainer.java:buildContainerSet(301)) - Build ContainerSet costs 0s
2022-12-06 15:45:26,148 [Listener at 127.0.0.1/44149] INFO  server.RaftServer (ConfUtils.java:logGet(46)) - raft.rpc.type = GRPC (default)
2022-12-06 15:45:26,148 [Listener at 127.0.0.1/44149] INFO  grpc.GrpcConfigKeys (ConfUtils.java:logFallback(53)) - raft.grpc.admin.host = null (fallback to raft.grpc.server.host)
2022-12-06 15:45:26,148 [Listener at 127.0.0.1/44149] INFO  grpc.GrpcConfigKeys (ConfUtils.java:logGet(46)) - raft.grpc.admin.port = 42755 (custom)
2022-12-06 15:45:26,148 [Listener at 127.0.0.1/44149] INFO  grpc.GrpcConfigKeys (ConfUtils.java:logFallback(53)) - raft.grpc.client.host = null (fallback to raft.grpc.server.host)
2022-12-06 15:45:26,149 [Listener at 127.0.0.1/44149] INFO  grpc.GrpcConfigKeys (ConfUtils.java:logGet(46)) - raft.grpc.client.port = 42755 (custom)
2022-12-06 15:45:26,149 [Listener at 127.0.0.1/44149] INFO  grpc.GrpcConfigKeys (ConfUtils.java:logGet(46)) - raft.grpc.server.host = null (default)
2022-12-06 15:45:26,149 [Listener at 127.0.0.1/44149] INFO  grpc.GrpcConfigKeys (ConfUtils.java:logGet(46)) - raft.grpc.server.port = 42755 (custom)
2022-12-06 15:45:26,149 [Listener at 127.0.0.1/44149] INFO  server.GrpcService (ConfUtils.java:logGet(46)) - raft.grpc.message.size.max = 32MB (=33554432) (custom)
2022-12-06 15:45:26,149 [Listener at 127.0.0.1/44149] INFO  server.RaftServerConfigKeys (ConfUtils.java:logGet(46)) - raft.server.log.appender.buffer.byte-limit = 33554432 (custom)
2022-12-06 15:45:26,149 [Listener at 127.0.0.1/44149] INFO  server.GrpcService (ConfUtils.java:logGet(46)) - raft.grpc.flow.control.window = 5MB (=5242880) (custom)
2022-12-06 15:45:26,149 [Listener at 127.0.0.1/44149] INFO  server.RaftServerConfigKeys (ConfUtils.java:logGet(46)) - raft.server.rpc.request.timeout = 60s (custom)
2022-12-06 15:45:26,149 [Listener at 127.0.0.1/44149] INFO  grpc.GrpcConfigKeys (ConfUtils.java:logGet(46)) - raft.grpc.server.heartbeat.channel = true (default)
2022-12-06 15:45:26,152 [Listener at 127.0.0.1/44149] INFO  grpc.GrpcConfigKeys (ConfUtils.java:logGet(46)) - raft.grpc.server.async.request.thread.pool.cached = true (default)
2022-12-06 15:45:26,153 [Listener at 127.0.0.1/44149] INFO  grpc.GrpcConfigKeys (ConfUtils.java:logGet(46)) - raft.grpc.server.async.request.thread.pool.size = 32 (default)
2022-12-06 15:45:26,154 [Listener at 127.0.0.1/44149] INFO  impl.DataStreamServerImpl (ConfUtils.java:logGet(46)) - raft.datastream.type = DISABLED (default)
2022-12-06 15:45:26,154 [Listener at 127.0.0.1/44149] INFO  server.RaftServerConfigKeys (ConfUtils.java:logGet(46)) - raft.server.threadpool.proxy.cached = true (default)
2022-12-06 15:45:26,155 [Listener at 127.0.0.1/44149] INFO  server.RaftServerConfigKeys (ConfUtils.java:logGet(46)) - raft.server.threadpool.proxy.size = 0 (default)
2022-12-06 15:45:26,155 [Listener at 127.0.0.1/44149] INFO  server.RaftServerConfigKeys (ConfUtils.java:logGet(46)) - raft.server.rpc.slowness.timeout = 300s (custom)
2022-12-06 15:45:26,155 [Listener at 127.0.0.1/44149] INFO  server.RaftServerConfigKeys (ConfUtils.java:logGet(46)) - raft.server.leaderelection.leader.step-down.wait-time = 10s (default)
2022-12-06 15:45:26,155 [Listener at 127.0.0.1/44149] INFO  server.RaftServerConfigKeys (ConfUtils.java:logGet(46)) - raft.server.storage.dir = [/home/runner/work/ozone/ozone/hadoop-ozone/integration-test/target/test-dir/MiniOzoneClusterImpl-dce15e54-dc76-4f82-a75a-fd2a8a22e08e/datanode-2/data/ratis] (custom)
2022-12-06 15:45:26,156 [b0993b33-1422-4b90-a478-b8a2894a7eaa-impl-thread1] INFO  server.RaftServer (RaftServerProxy.java:initGroupDir(251)) - b0993b33-1422-4b90-a478-b8a2894a7eaa: found a subdirectory /home/runner/work/ozone/ozone/hadoop-ozone/integration-test/target/test-dir/MiniOzoneClusterImpl-dce15e54-dc76-4f82-a75a-fd2a8a22e08e/datanode-2/data/ratis/e5386add-d74c-4c86-b83f-6b60a7c996db
2022-12-06 15:45:26,156 [b0993b33-1422-4b90-a478-b8a2894a7eaa-impl-thread1] INFO  server.RaftServer (RaftServerProxy.java:addNew(96)) - b0993b33-1422-4b90-a478-b8a2894a7eaa: addNew group-6B60A7C996DB:[] returns group-6B60A7C996DB:java.util.concurrent.CompletableFuture@62c2830a[Not completed]
2022-12-06 15:45:26,156 [b0993b33-1422-4b90-a478-b8a2894a7eaa-impl-thread1] INFO  server.RaftServer (RaftServerProxy.java:initGroupDir(251)) - b0993b33-1422-4b90-a478-b8a2894a7eaa: found a subdirectory /home/runner/work/ozone/ozone/hadoop-ozone/integration-test/target/test-dir/MiniOzoneClusterImpl-dce15e54-dc76-4f82-a75a-fd2a8a22e08e/datanode-2/data/ratis/f835e2b8-2c94-4d28-b8f1-e6ef3be0cb72
2022-12-06 15:45:26,156 [b0993b33-1422-4b90-a478-b8a2894a7eaa-impl-thread1] INFO  server.RaftServer (RaftServerProxy.java:addNew(96)) - b0993b33-1422-4b90-a478-b8a2894a7eaa: addNew group-E6EF3BE0CB72:[] returns group-E6EF3BE0CB72:java.util.concurrent.CompletableFuture@66fd0b8a[Not completed]
2022-12-06 15:45:26,157 [b0993b33-1422-4b90-a478-b8a2894a7eaa-impl-thread1] INFO  server.RaftServer (RaftServerProxy.java:initGroupDir(251)) - b0993b33-1422-4b90-a478-b8a2894a7eaa: found a subdirectory /home/runner/work/ozone/ozone/hadoop-ozone/integration-test/target/test-dir/MiniOzoneClusterImpl-dce15e54-dc76-4f82-a75a-fd2a8a22e08e/datanode-2/data/ratis/bf923e71-20ae-46e3-a36e-860da3541f0f
2022-12-06 15:45:26,157 [b0993b33-1422-4b90-a478-b8a2894a7eaa-impl-thread1] INFO  server.RaftServer (RaftServerProxy.java:addNew(96)) - b0993b33-1422-4b90-a478-b8a2894a7eaa: addNew group-860DA3541F0F:[] returns group-860DA3541F0F:java.util.concurrent.CompletableFuture@23ff8931[Not completed]
2022-12-06 15:45:26,158 [Listener at 127.0.0.1/44149] INFO  server.XceiverServerGrpc (XceiverServerGrpc.java:<init>(132)) - GrpcServer channel type EpollServerSocketChannel
2022-12-06 15:45:26,159 [pool-400-thread-1] INFO  server.RaftServer$Division (RaftServerImpl.java:<init>(195)) - b0993b33-1422-4b90-a478-b8a2894a7eaa: new RaftServerImpl for group-6B60A7C996DB:[] with ContainerStateMachine:uninitialized
2022-12-06 15:45:26,159 [pool-400-thread-1] INFO  server.RaftServerConfigKeys (ConfUtils.java:logGet(46)) - raft.server.rpc.timeout.min = 5s (custom)
2022-12-06 15:45:26,159 [pool-400-thread-1] INFO  server.RaftServerConfigKeys (ConfUtils.java:logGet(46)) - raft.server.rpc.timeout.max = 5200ms (custom)
2022-12-06 15:45:26,159 [pool-400-thread-1] INFO  server.RaftServerConfigKeys (ConfUtils.java:logGet(46)) - raft.server.rpc.sleep.time = 25ms (default)
2022-12-06 15:45:26,159 [pool-400-thread-1] INFO  server.RaftServerConfigKeys (ConfUtils.java:logGet(46)) - raft.server.rpc.slowness.timeout = 300s (custom)
2022-12-06 15:45:26,161 [pool-400-thread-1] INFO  server.RaftServerConfigKeys (ConfUtils.java:logGet(46)) - raft.server.leaderelection.leader.step-down.wait-time = 10s (default)
2022-12-06 15:45:26,161 [pool-400-thread-1] INFO  server.RaftServerConfigKeys (ConfUtils.java:logGet(46)) - raft.server.sleep.deviation.threshold = 300ms (default)
2022-12-06 15:45:26,162 [pool-400-thread-1] INFO  server.RaftServer$Division (ServerState.java:<init>(118)) - b0993b33-1422-4b90-a478-b8a2894a7eaa@group-6B60A7C996DB: ConfigurationManager, init=-1: peers:[]|listeners:[], old=null, confs=<EMPTY_MAP>
2022-12-06 15:45:26,162 [pool-400-thread-1] INFO  server.RaftServerConfigKeys (ConfUtils.java:logGet(46)) - raft.server.storage.dir = [/home/runner/work/ozone/ozone/hadoop-ozone/integration-test/target/test-dir/MiniOzoneClusterImpl-dce15e54-dc76-4f82-a75a-fd2a8a22e08e/datanode-2/data/ratis] (custom)
2022-12-06 15:45:26,162 [pool-400-thread-1] INFO  server.RaftServerConfigKeys (ConfUtils.java:logGet(46)) - raft.server.log.corruption.policy = EXCEPTION (default)
2022-12-06 15:45:26,162 [pool-400-thread-1] INFO  server.RaftServerConfigKeys (ConfUtils.java:logGet(46)) - raft.server.storage.free-space.min = 0MB (=0) (default)
2022-12-06 15:45:26,162 [pool-400-thread-1] INFO  server.RaftServerConfigKeys (ConfUtils.java:logGet(46)) - raft.server.notification.no-leader.timeout = 300s (custom)
2022-12-06 15:45:26,162 [pool-400-thread-1] INFO  server.RaftServerConfigKeys (ConfUtils.java:logGet(46)) - raft.server.retrycache.expirytime = 600000ms (custom)
2022-12-06 15:45:26,162 [pool-400-thread-1] INFO  server.RaftServerConfigKeys (ConfUtils.java:logGet(46)) - raft.server.retrycache.statistics.expirytime = 100μs (default)
2022-12-06 15:45:26,163 [pool-400-thread-1] INFO  server.RaftServerConfigKeys (ConfUtils.java:logGet(46)) - raft.server.log.appender.install.snapshot.enabled = false (custom)
2022-12-06 15:45:26,163 [pool-400-thread-1] INFO  server.RaftServerConfigKeys (ConfUtils.java:logGet(46)) - raft.server.threadpool.server.cached = true (default)
2022-12-06 15:45:26,163 [pool-400-thread-1] INFO  server.RaftServerConfigKeys (ConfUtils.java:logGet(46)) - raft.server.threadpool.server.size = 0 (default)
2022-12-06 15:45:26,163 [pool-400-thread-1] INFO  server.RaftServerConfigKeys (ConfUtils.java:logGet(46)) - raft.server.threadpool.client.cached = true (default)
2022-12-06 15:45:26,163 [pool-400-thread-1] INFO  server.RaftServerConfigKeys (ConfUtils.java:logGet(46)) - raft.server.threadpool.client.size = 0 (default)
2022-12-06 15:45:26,164 [pool-400-thread-1] INFO  server.RaftServer$Division (RaftServerImpl.java:<init>(195)) - b0993b33-1422-4b90-a478-b8a2894a7eaa: new RaftServerImpl for group-E6EF3BE0CB72:[] with ContainerStateMachine:uninitialized
2022-12-06 15:45:26,164 [pool-400-thread-1] INFO  server.RaftServerConfigKeys (ConfUtils.java:logGet(46)) - raft.server.rpc.timeout.min = 5s (custom)
2022-12-06 15:45:26,164 [pool-400-thread-1] INFO  server.RaftServerConfigKeys (ConfUtils.java:logGet(46)) - raft.server.rpc.timeout.max = 5200ms (custom)
2022-12-06 15:45:26,164 [pool-400-thread-1] INFO  server.RaftServerConfigKeys (ConfUtils.java:logGet(46)) - raft.server.rpc.sleep.time = 25ms (default)
2022-12-06 15:45:26,164 [pool-400-thread-1] INFO  server.RaftServerConfigKeys (ConfUtils.java:logGet(46)) - raft.server.rpc.slowness.timeout = 300s (custom)
2022-12-06 15:45:26,164 [pool-400-thread-1] INFO  server.RaftServerConfigKeys (ConfUtils.java:logGet(46)) - raft.server.leaderelection.leader.step-down.wait-time = 10s (default)
2022-12-06 15:45:26,164 [pool-400-thread-1] INFO  server.RaftServerConfigKeys (ConfUtils.java:logGet(46)) - raft.server.sleep.deviation.threshold = 300ms (default)
2022-12-06 15:45:26,165 [pool-400-thread-1] INFO  server.RaftServer$Division (ServerState.java:<init>(118)) - b0993b33-1422-4b90-a478-b8a2894a7eaa@group-E6EF3BE0CB72: ConfigurationManager, init=-1: peers:[]|listeners:[], old=null, confs=<EMPTY_MAP>
2022-12-06 15:45:26,165 [pool-400-thread-1] INFO  server.RaftServerConfigKeys (ConfUtils.java:logGet(46)) - raft.server.storage.dir = [/home/runner/work/ozone/ozone/hadoop-ozone/integration-test/target/test-dir/MiniOzoneClusterImpl-dce15e54-dc76-4f82-a75a-fd2a8a22e08e/datanode-2/data/ratis] (custom)
2022-12-06 15:45:26,165 [pool-400-thread-1] INFO  server.RaftServerConfigKeys (ConfUtils.java:logGet(46)) - raft.server.log.corruption.policy = EXCEPTION (default)
2022-12-06 15:45:26,165 [pool-400-thread-1] INFO  server.RaftServerConfigKeys (ConfUtils.java:logGet(46)) - raft.server.storage.free-space.min = 0MB (=0) (default)
2022-12-06 15:45:26,165 [pool-400-thread-1] INFO  server.RaftServerConfigKeys (ConfUtils.java:logGet(46)) - raft.server.notification.no-leader.timeout = 300s (custom)
2022-12-06 15:45:26,165 [pool-400-thread-1] INFO  server.RaftServerConfigKeys (ConfUtils.java:logGet(46)) - raft.server.retrycache.expirytime = 600000ms (custom)
2022-12-06 15:45:26,165 [pool-400-thread-1] INFO  server.RaftServerConfigKeys (ConfUtils.java:logGet(46)) - raft.server.retrycache.statistics.expirytime = 100μs (default)
2022-12-06 15:45:26,166 [pool-400-thread-1] INFO  server.RaftServerConfigKeys (ConfUtils.java:logGet(46)) - raft.server.log.appender.install.snapshot.enabled = false (custom)
2022-12-06 15:45:26,166 [pool-400-thread-1] INFO  server.RaftServerConfigKeys (ConfUtils.java:logGet(46)) - raft.server.threadpool.server.cached = true (default)
2022-12-06 15:45:26,166 [pool-400-thread-1] INFO  server.RaftServerConfigKeys (ConfUtils.java:logGet(46)) - raft.server.threadpool.server.size = 0 (default)
2022-12-06 15:45:26,166 [pool-400-thread-1] INFO  server.RaftServerConfigKeys (ConfUtils.java:logGet(46)) - raft.server.threadpool.client.cached = true (default)
2022-12-06 15:45:26,166 [pool-400-thread-1] INFO  server.RaftServerConfigKeys (ConfUtils.java:logGet(46)) - raft.server.threadpool.client.size = 0 (default)
2022-12-06 15:45:26,167 [pool-400-thread-1] INFO  server.RaftServer$Division (RaftServerImpl.java:<init>(195)) - b0993b33-1422-4b90-a478-b8a2894a7eaa: new RaftServerImpl for group-860DA3541F0F:[] with ContainerStateMachine:uninitialized
2022-12-06 15:45:26,167 [pool-400-thread-1] INFO  server.RaftServerConfigKeys (ConfUtils.java:logGet(46)) - raft.server.rpc.timeout.min = 5s (custom)
2022-12-06 15:45:26,167 [pool-400-thread-1] INFO  server.RaftServerConfigKeys (ConfUtils.java:logGet(46)) - raft.server.rpc.timeout.max = 5200ms (custom)
2022-12-06 15:45:26,167 [pool-400-thread-1] INFO  server.RaftServerConfigKeys (ConfUtils.java:logGet(46)) - raft.server.rpc.sleep.time = 25ms (default)
2022-12-06 15:45:26,167 [pool-400-thread-1] INFO  server.RaftServerConfigKeys (ConfUtils.java:logGet(46)) - raft.server.rpc.slowness.timeout = 300s (custom)
2022-12-06 15:45:26,167 [pool-400-thread-1] INFO  server.RaftServerConfigKeys (ConfUtils.java:logGet(46)) - raft.server.leaderelection.leader.step-down.wait-time = 10s (default)
2022-12-06 15:45:26,167 [pool-400-thread-1] INFO  server.RaftServerConfigKeys (ConfUtils.java:logGet(46)) - raft.server.sleep.deviation.threshold = 300ms (default)
2022-12-06 15:45:26,167 [pool-400-thread-1] INFO  server.RaftServer$Division (ServerState.java:<init>(118)) - b0993b33-1422-4b90-a478-b8a2894a7eaa@group-860DA3541F0F: ConfigurationManager, init=-1: peers:[]|listeners:[], old=null, confs=<EMPTY_MAP>
2022-12-06 15:45:26,167 [pool-400-thread-1] INFO  server.RaftServerConfigKeys (ConfUtils.java:logGet(46)) - raft.server.storage.dir = [/home/runner/work/ozone/ozone/hadoop-ozone/integration-test/target/test-dir/MiniOzoneClusterImpl-dce15e54-dc76-4f82-a75a-fd2a8a22e08e/datanode-2/data/ratis] (custom)
2022-12-06 15:45:26,168 [pool-400-thread-1] INFO  server.RaftServerConfigKeys (ConfUtils.java:logGet(46)) - raft.server.log.corruption.policy = EXCEPTION (default)
2022-12-06 15:45:26,168 [pool-400-thread-1] INFO  server.RaftServerConfigKeys (ConfUtils.java:logGet(46)) - raft.server.storage.free-space.min = 0MB (=0) (default)
2022-12-06 15:45:26,168 [pool-400-thread-1] INFO  server.RaftServerConfigKeys (ConfUtils.java:logGet(46)) - raft.server.notification.no-leader.timeout = 300s (custom)
2022-12-06 15:45:26,168 [pool-400-thread-1] INFO  server.RaftServerConfigKeys (ConfUtils.java:logGet(46)) - raft.server.retrycache.expirytime = 600000ms (custom)
2022-12-06 15:45:26,168 [pool-400-thread-1] INFO  server.RaftServerConfigKeys (ConfUtils.java:logGet(46)) - raft.server.retrycache.statistics.expirytime = 100μs (default)
2022-12-06 15:45:26,168 [Listener at 127.0.0.1/44149] INFO  http.BaseHttpServer (BaseHttpServer.java:newHttpServer2BuilderForOzone(213)) - Starting Web-server for hddsDatanode at: http://0.0.0.0:38543
2022-12-06 15:45:26,168 [Listener at 127.0.0.1/44149] INFO  http.BaseHttpServer (BaseHttpServer.java:<init>(108)) - Hadoop Security Enabled: false Ozone Security Enabled: false Ozone HTTP Security Enabled: false 
2022-12-06 15:45:26,169 [pool-400-thread-1] INFO  server.RaftServerConfigKeys (ConfUtils.java:logGet(46)) - raft.server.log.appender.install.snapshot.enabled = false (custom)
2022-12-06 15:45:26,169 [pool-400-thread-1] INFO  server.RaftServerConfigKeys (ConfUtils.java:logGet(46)) - raft.server.threadpool.server.cached = true (default)
2022-12-06 15:45:26,169 [pool-400-thread-1] INFO  server.RaftServerConfigKeys (ConfUtils.java:logGet(46)) - raft.server.threadpool.server.size = 0 (default)
2022-12-06 15:45:26,169 [pool-400-thread-1] INFO  server.RaftServerConfigKeys (ConfUtils.java:logGet(46)) - raft.server.threadpool.client.cached = true (default)
2022-12-06 15:45:26,169 [pool-400-thread-1] INFO  server.RaftServerConfigKeys (ConfUtils.java:logGet(46)) - raft.server.threadpool.client.size = 0 (default)
2022-12-06 15:45:26,170 [Listener at 127.0.0.1/44149] WARN  server.AuthenticationFilter (AuthenticationFilter.java:constructSecretProvider(240)) - Unable to initialize FileSignerSecretProvider, falling back to use random secrets. Reason: Could not read signature secret file: /home/runner/hadoop-http-auth-signature-secret
2022-12-06 15:45:26,171 [Listener at 127.0.0.1/44149] WARN  http.HttpRequestLog (HttpRequestLog.java:getRequestLog(103)) - Jetty request log can only be enabled using Log4j
2022-12-06 15:45:26,173 [Listener at 127.0.0.1/44149] INFO  http.HttpServer2 (HttpServer2.java:addGlobalFilter(1031)) - Added global filter 'safety' (class=org.apache.hadoop.hdds.server.http.HttpServer2$QuotingInputFilter)
2022-12-06 15:45:26,174 [Listener at 127.0.0.1/44149] INFO  http.HttpServer2 (HttpServer2.java:addFilter(1007)) - Added filter static_user_filter (class=org.apache.hadoop.http.lib.StaticUserWebFilter$StaticUserFilter) to context hddsDatanode
2022-12-06 15:45:26,174 [Listener at 127.0.0.1/44149] INFO  http.HttpServer2 (HttpServer2.java:addFilter(1015)) - Added filter static_user_filter (class=org.apache.hadoop.http.lib.StaticUserWebFilter$StaticUserFilter) to context static
2022-12-06 15:45:26,174 [Listener at 127.0.0.1/44149] INFO  http.HttpServer2 (HttpServer2.java:addFilter(1015)) - Added filter static_user_filter (class=org.apache.hadoop.http.lib.StaticUserWebFilter$StaticUserFilter) to context logs
2022-12-06 15:45:26,176 [Listener at 127.0.0.1/44149] INFO  http.HttpServer2 (HttpServer2.java:bindListener(1250)) - Jetty bound to port 38543
2022-12-06 15:45:26,176 [Listener at 127.0.0.1/44149] INFO  server.Server (Server.java:doStart(375)) - jetty-9.4.49.v20220914; built: 2022-09-14T01:07:36.601Z; git: 4231a3b2e4cb8548a412a789936d640a97b1aa0a; jvm 1.8.0_352-b08
2022-12-06 15:45:26,183 [Listener at 127.0.0.1/44149] INFO  server.session (DefaultSessionIdManager.java:doStart(334)) - DefaultSessionIdManager workerName=node0
2022-12-06 15:45:26,184 [Listener at 127.0.0.1/44149] INFO  server.session (DefaultSessionIdManager.java:doStart(339)) - No SessionScavenger set, using defaults
2022-12-06 15:45:26,184 [Listener at 127.0.0.1/44149] INFO  server.session (HouseKeeper.java:startScavenging(132)) - node0 Scavenging every 660000ms
2022-12-06 15:45:26,185 [Listener at 127.0.0.1/44149] INFO  handler.ContextHandler (ContextHandler.java:doStart(921)) - Started o.e.j.s.ServletContextHandler@60c63659{logs,/logs,file:///home/runner/work/ozone/ozone/hadoop-ozone/integration-test/target/log,AVAILABLE}
2022-12-06 15:45:26,186 [Listener at 127.0.0.1/44149] INFO  handler.ContextHandler (ContextHandler.java:doStart(921)) - Started o.e.j.s.ServletContextHandler@13e87a4e{static,/static,jar:file:/home/runner/.m2/repository/org/apache/ozone/hdds-container-service/1.3.0-SNAPSHOT/hdds-container-service-1.3.0-SNAPSHOT.jar!/webapps/static,AVAILABLE}
2022-12-06 15:45:26,361 [Listener at 127.0.0.1/44149] INFO  handler.ContextHandler (ContextHandler.java:doStart(921)) - Started o.e.j.w.WebAppContext@7d895d8e{hddsDatanode,/,file:///tmp/jetty-0_0_0_0-38543-hdds-container-service-1_3_0-SNAPSHOT_jar-_-any-2777534197409497842/webapp/,AVAILABLE}{jar:file:/home/runner/.m2/repository/org/apache/ozone/hdds-container-service/1.3.0-SNAPSHOT/hdds-container-service-1.3.0-SNAPSHOT.jar!/webapps/hddsDatanode}
2022-12-06 15:45:26,363 [Listener at 127.0.0.1/44149] INFO  server.AbstractConnector (AbstractConnector.java:doStart(333)) - Started ServerConnector@11bcca2e{HTTP/1.1, (http/1.1)}{0.0.0.0:38543}
2022-12-06 15:45:26,363 [Listener at 127.0.0.1/44149] INFO  server.Server (Server.java:doStart(415)) - Started @56709ms
2022-12-06 15:45:26,364 [Listener at 127.0.0.1/44149] WARN  impl.MetricsSystemImpl (MetricsSystemImpl.java:register(279)) - Sink prometheus already exists!
2022-12-06 15:45:26,364 [Listener at 127.0.0.1/44149] INFO  http.BaseHttpServer (BaseHttpServer.java:updateConnectorAddress(333)) - HTTP server of hddsDatanode listening at http://0.0.0.0:38543
2022-12-06 15:45:26,365 [Datanode State Machine Daemon Thread] INFO  statemachine.DatanodeStateMachine (DatanodeStateMachine.java:lambda$startDaemon$0(505)) - Ozone container server started.
2022-12-06 15:45:26,365 [Listener at 127.0.0.1/44149] INFO  ozone.MiniOzoneClusterImpl (MiniOzoneClusterImpl.java:lambda$waitForClusterToBeReady$0(216)) - Waiting for nodes to be ready. Got 9 of 10 DN Heartbeats.
2022-12-06 15:45:26,365 [Listener at 127.0.0.1/44149] INFO  ozone.MiniOzoneClusterImpl (MiniOzoneClusterImpl.java:lambda$waitForClusterToBeReady$0(219)) - Cluster exits safe mode
2022-12-06 15:45:26,365 [Listener at 127.0.0.1/44149] INFO  ozone.MiniOzoneClusterImpl (MiniOzoneClusterImpl.java:lambda$waitForClusterToBeReady$0(221)) - SCM became leader
2022-12-06 15:45:26,367 [org.apache.hadoop.util.JvmPauseMonitor$Monitor@2996ba67] INFO  util.JvmPauseMonitor (JvmPauseMonitor.java:run(188)) - Starting JVM pause monitor
2022-12-06 15:45:26,369 [Datanode State Machine Task Thread - 0] INFO  datanode.InitDatanodeState (InitDatanodeState.java:persistContainerDatanodeDetails(138)) - DatanodeDetails is persisted to /home/runner/work/ozone/ozone/hadoop-ozone/integration-test/target/test-dir/MiniOzoneClusterImpl-dce15e54-dc76-4f82-a75a-fd2a8a22e08e/datanode-2/meta/datanode.id
2022-12-06 15:45:26,375 [EventQueue-CommandQueueReportForCommandQueueReportHandler] WARN  events.EventQueue (EventQueue.java:fireEvent(216)) - No event handler registered for event TypedEvent{payloadType=DatanodeDetails, name='Datanode_Command_Queue_Updated'}
2022-12-06 15:45:26,396 [EventQueue-CommandQueueReportForCommandQueueReportHandler] WARN  events.EventQueue (EventQueue.java:fireEvent(216)) - No event handler registered for event TypedEvent{payloadType=DatanodeDetails, name='Datanode_Command_Queue_Updated'}
2022-12-06 15:45:26,403 [EventQueue-CommandQueueReportForCommandQueueReportHandler] WARN  events.EventQueue (EventQueue.java:fireEvent(216)) - No event handler registered for event TypedEvent{payloadType=DatanodeDetails, name='Datanode_Command_Queue_Updated'}
2022-12-06 15:45:26,451 [EventQueue-CommandQueueReportForCommandQueueReportHandler] WARN  events.EventQueue (EventQueue.java:fireEvent(216)) - No event handler registered for event TypedEvent{payloadType=DatanodeDetails, name='Datanode_Command_Queue_Updated'}
2022-12-06 15:45:26,797 [EventQueue-CommandQueueReportForCommandQueueReportHandler] WARN  events.EventQueue (EventQueue.java:fireEvent(216)) - No event handler registered for event TypedEvent{payloadType=DatanodeDetails, name='Datanode_Command_Queue_Updated'}
2022-12-06 15:45:26,915 [EventQueue-CommandQueueReportForCommandQueueReportHandler] WARN  events.EventQueue (EventQueue.java:fireEvent(216)) - No event handler registered for event TypedEvent{payloadType=DatanodeDetails, name='Datanode_Command_Queue_Updated'}
2022-12-06 15:45:26,939 [EventQueue-CommandQueueReportForCommandQueueReportHandler] WARN  events.EventQueue (EventQueue.java:fireEvent(216)) - No event handler registered for event TypedEvent{payloadType=DatanodeDetails, name='Datanode_Command_Queue_Updated'}
2022-12-06 15:45:26,947 [EventQueue-CommandQueueReportForCommandQueueReportHandler] WARN  events.EventQueue (EventQueue.java:fireEvent(216)) - No event handler registered for event TypedEvent{payloadType=DatanodeDetails, name='Datanode_Command_Queue_Updated'}
2022-12-06 15:45:27,087 [EventQueue-CommandQueueReportForCommandQueueReportHandler] WARN  events.EventQueue (EventQueue.java:fireEvent(216)) - No event handler registered for event TypedEvent{payloadType=DatanodeDetails, name='Datanode_Command_Queue_Updated'}
2022-12-06 15:45:27,365 [Listener at 127.0.0.1/44149] INFO  ozone.MiniOzoneClusterImpl (MiniOzoneClusterImpl.java:lambda$waitForClusterToBeReady$0(216)) - Waiting for nodes to be ready. Got 9 of 10 DN Heartbeats.
2022-12-06 15:45:27,366 [Listener at 127.0.0.1/44149] INFO  ozone.MiniOzoneClusterImpl (MiniOzoneClusterImpl.java:lambda$waitForClusterToBeReady$0(219)) - Cluster exits safe mode
2022-12-06 15:45:27,366 [Listener at 127.0.0.1/44149] INFO  ozone.MiniOzoneClusterImpl (MiniOzoneClusterImpl.java:lambda$waitForClusterToBeReady$0(221)) - SCM became leader
2022-12-06 15:45:27,375 [EventQueue-CommandQueueReportForCommandQueueReportHandler] WARN  events.EventQueue (EventQueue.java:fireEvent(216)) - No event handler registered for event TypedEvent{payloadType=DatanodeDetails, name='Datanode_Command_Queue_Updated'}
2022-12-06 15:45:27,396 [EventQueue-CommandQueueReportForCommandQueueReportHandler] WARN  events.EventQueue (EventQueue.java:fireEvent(216)) - No event handler registered for event TypedEvent{payloadType=DatanodeDetails, name='Datanode_Command_Queue_Updated'}
2022-12-06 15:45:27,404 [EventQueue-CommandQueueReportForCommandQueueReportHandler] WARN  events.EventQueue (EventQueue.java:fireEvent(216)) - No event handler registered for event TypedEvent{payloadType=DatanodeDetails, name='Datanode_Command_Queue_Updated'}
2022-12-06 15:45:27,451 [EventQueue-CommandQueueReportForCommandQueueReportHandler] WARN  events.EventQueue (EventQueue.java:fireEvent(216)) - No event handler registered for event TypedEvent{payloadType=DatanodeDetails, name='Datanode_Command_Queue_Updated'}
2022-12-06 15:45:27,801 [EventQueue-CommandQueueReportForCommandQueueReportHandler] WARN  events.EventQueue (EventQueue.java:fireEvent(216)) - No event handler registered for event TypedEvent{payloadType=DatanodeDetails, name='Datanode_Command_Queue_Updated'}
2022-12-06 15:45:27,915 [EventQueue-CommandQueueReportForCommandQueueReportHandler] WARN  events.EventQueue (EventQueue.java:fireEvent(216)) - No event handler registered for event TypedEvent{payloadType=DatanodeDetails, name='Datanode_Command_Queue_Updated'}
2022-12-06 15:45:27,940 [EventQueue-CommandQueueReportForCommandQueueReportHandler] WARN  events.EventQueue (EventQueue.java:fireEvent(216)) - No event handler registered for event TypedEvent{payloadType=DatanodeDetails, name='Datanode_Command_Queue_Updated'}
2022-12-06 15:45:27,947 [EventQueue-CommandQueueReportForCommandQueueReportHandler] WARN  events.EventQueue (EventQueue.java:fireEvent(216)) - No event handler registered for event TypedEvent{payloadType=DatanodeDetails, name='Datanode_Command_Queue_Updated'}
2022-12-06 15:45:28,088 [EventQueue-CommandQueueReportForCommandQueueReportHandler] WARN  events.EventQueue (EventQueue.java:fireEvent(216)) - No event handler registered for event TypedEvent{payloadType=DatanodeDetails, name='Datanode_Command_Queue_Updated'}
2022-12-06 15:45:28,367 [Listener at 127.0.0.1/44149] INFO  ozone.MiniOzoneClusterImpl (MiniOzoneClusterImpl.java:lambda$waitForClusterToBeReady$0(216)) - Waiting for nodes to be ready. Got 9 of 10 DN Heartbeats.
2022-12-06 15:45:28,367 [Listener at 127.0.0.1/44149] INFO  ozone.MiniOzoneClusterImpl (MiniOzoneClusterImpl.java:lambda$waitForClusterToBeReady$0(219)) - Cluster exits safe mode
2022-12-06 15:45:28,367 [Listener at 127.0.0.1/44149] INFO  ozone.MiniOzoneClusterImpl (MiniOzoneClusterImpl.java:lambda$waitForClusterToBeReady$0(221)) - SCM became leader
2022-12-06 15:45:28,369 [EndpointStateMachine task thread for /0.0.0.0:42623 - 0 ] INFO  ozoneimpl.OzoneContainer (OzoneContainer.java:start(395)) - Attempting to start container services.
2022-12-06 15:45:28,370 [EndpointStateMachine task thread for /0.0.0.0:42623 - 0 ] INFO  ozoneimpl.OzoneContainer (OzoneContainer.java:startContainerScrub(312)) - Scheduled background container scanners and the on-demand container scanner have been disabled.
2022-12-06 15:45:28,374 [EndpointStateMachine task thread for /0.0.0.0:42623 - 0 ] INFO  ratis.XceiverServerRatis (XceiverServerRatis.java:start(481)) - Starting XceiverServerRatis b0993b33-1422-4b90-a478-b8a2894a7eaa
2022-12-06 15:45:28,375 [EventQueue-CommandQueueReportForCommandQueueReportHandler] WARN  events.EventQueue (EventQueue.java:fireEvent(216)) - No event handler registered for event TypedEvent{payloadType=DatanodeDetails, name='Datanode_Command_Queue_Updated'}
2022-12-06 15:45:28,379 [b0993b33-1422-4b90-a478-b8a2894a7eaa-impl-thread1] INFO  storage.RaftStorageDirectory (RaftStorageDirectoryImpl.java:tryLock(231)) - Lock on /home/runner/work/ozone/ozone/hadoop-ozone/integration-test/target/test-dir/MiniOzoneClusterImpl-dce15e54-dc76-4f82-a75a-fd2a8a22e08e/datanode-2/data/ratis/e5386add-d74c-4c86-b83f-6b60a7c996db/in_use.lock acquired by nodename 46996@fv-az133-40
2022-12-06 15:45:28,379 [b0993b33-1422-4b90-a478-b8a2894a7eaa-impl-thread3] INFO  storage.RaftStorageDirectory (RaftStorageDirectoryImpl.java:tryLock(231)) - Lock on /home/runner/work/ozone/ozone/hadoop-ozone/integration-test/target/test-dir/MiniOzoneClusterImpl-dce15e54-dc76-4f82-a75a-fd2a8a22e08e/datanode-2/data/ratis/f835e2b8-2c94-4d28-b8f1-e6ef3be0cb72/in_use.lock acquired by nodename 46996@fv-az133-40
2022-12-06 15:45:28,380 [b0993b33-1422-4b90-a478-b8a2894a7eaa-impl-thread3] INFO  storage.RaftStorage (RaftStorageImpl.java:analyzeAndRecoverStorage(117)) - Read RaftStorageMetadata{term=2, votedFor=b0993b33-1422-4b90-a478-b8a2894a7eaa} from /home/runner/work/ozone/ozone/hadoop-ozone/integration-test/target/test-dir/MiniOzoneClusterImpl-dce15e54-dc76-4f82-a75a-fd2a8a22e08e/datanode-2/data/ratis/f835e2b8-2c94-4d28-b8f1-e6ef3be0cb72/current/raft-meta
2022-12-06 15:45:28,382 [b0993b33-1422-4b90-a478-b8a2894a7eaa-impl-thread1] INFO  storage.RaftStorage (RaftStorageImpl.java:analyzeAndRecoverStorage(117)) - Read RaftStorageMetadata{term=2, votedFor=b0993b33-1422-4b90-a478-b8a2894a7eaa} from /home/runner/work/ozone/ozone/hadoop-ozone/integration-test/target/test-dir/MiniOzoneClusterImpl-dce15e54-dc76-4f82-a75a-fd2a8a22e08e/datanode-2/data/ratis/e5386add-d74c-4c86-b83f-6b60a7c996db/current/raft-meta
2022-12-06 15:45:28,382 [b0993b33-1422-4b90-a478-b8a2894a7eaa-impl-thread3] INFO  server.RaftServer$Division (ServerState.java:setRaftConf(430)) - b0993b33-1422-4b90-a478-b8a2894a7eaa@group-E6EF3BE0CB72: set configuration 0: peers:[b0993b33-1422-4b90-a478-b8a2894a7eaa|rpc:10.1.0.110:42755|dataStream:|priority:1|startupRole:FOLLOWER, 4ef44404-e624-4c50-bb49-8deedaf9742c|rpc:10.1.0.110:46141|dataStream:|priority:0|startupRole:FOLLOWER, 0587405b-2ffa-4132-824d-547ca09f0e52|rpc:10.1.0.110:38421|dataStream:|priority:0|startupRole:FOLLOWER]|listeners:[], old=null
2022-12-06 15:45:28,385 [b0993b33-1422-4b90-a478-b8a2894a7eaa-impl-thread1] INFO  ratis.ContainerStateMachine (ContainerStateMachine.java:loadSnapshot(236)) - group-6B60A7C996DB: The snapshot info is null. Setting the last applied indexto:(t:0, i:~)
2022-12-06 15:45:28,386 [b0993b33-1422-4b90-a478-b8a2894a7eaa-impl-thread1] INFO  server.RaftServerConfigKeys (ConfUtils.java:logGet(46)) - raft.server.log.use.memory = false (default)
2022-12-06 15:45:28,386 [b0993b33-1422-4b90-a478-b8a2894a7eaa-impl-thread1] INFO  server.RaftServerConfigKeys (ConfUtils.java:logGet(46)) - raft.server.log.purge.gap = 1000000 (custom)
2022-12-06 15:45:28,386 [b0993b33-1422-4b90-a478-b8a2894a7eaa-impl-thread3] INFO  ratis.ContainerStateMachine (ContainerStateMachine.java:loadSnapshot(245)) - group-E6EF3BE0CB72: Setting the last applied index to (t:2, i:0)
2022-12-06 15:45:28,386 [b0993b33-1422-4b90-a478-b8a2894a7eaa-impl-thread1] INFO  server.RaftServerConfigKeys (ConfUtils.java:logGet(46)) - raft.server.log.appender.buffer.byte-limit = 33554432 (custom)
2022-12-06 15:45:28,386 [b0993b33-1422-4b90-a478-b8a2894a7eaa-impl-thread1] INFO  server.RaftServerConfigKeys (ConfUtils.java:logGet(46)) - raft.server.log.statemachine.data.read.timeout = 1000ms (default)
2022-12-06 15:45:28,386 [b0993b33-1422-4b90-a478-b8a2894a7eaa-impl-thread1] INFO  server.RaftServerConfigKeys (ConfUtils.java:logGet(46)) - raft.server.log.purge.preservation.log.num = 0 (default)
2022-12-06 15:45:28,386 [b0993b33-1422-4b90-a478-b8a2894a7eaa-impl-thread1] INFO  server.RaftServerConfigKeys (ConfUtils.java:logGet(46)) - raft.server.log.segment.size.max = 1048576 (custom)
2022-12-06 15:45:28,386 [b0993b33-1422-4b90-a478-b8a2894a7eaa-impl-thread3] INFO  server.RaftServerConfigKeys (ConfUtils.java:logGet(46)) - raft.server.log.use.memory = false (default)
2022-12-06 15:45:28,387 [b0993b33-1422-4b90-a478-b8a2894a7eaa-impl-thread3] INFO  server.RaftServerConfigKeys (ConfUtils.java:logGet(46)) - raft.server.log.purge.gap = 1000000 (custom)
2022-12-06 15:45:28,387 [b0993b33-1422-4b90-a478-b8a2894a7eaa-impl-thread3] INFO  server.RaftServerConfigKeys (ConfUtils.java:logGet(46)) - raft.server.log.appender.buffer.byte-limit = 33554432 (custom)
2022-12-06 15:45:28,387 [b0993b33-1422-4b90-a478-b8a2894a7eaa-impl-thread3] INFO  server.RaftServerConfigKeys (ConfUtils.java:logGet(46)) - raft.server.log.statemachine.data.read.timeout = 1000ms (default)
2022-12-06 15:45:28,387 [b0993b33-1422-4b90-a478-b8a2894a7eaa-impl-thread3] INFO  server.RaftServerConfigKeys (ConfUtils.java:logGet(46)) - raft.server.log.purge.preservation.log.num = 0 (default)
2022-12-06 15:45:28,387 [b0993b33-1422-4b90-a478-b8a2894a7eaa-impl-thread3] INFO  server.RaftServerConfigKeys (ConfUtils.java:logGet(46)) - raft.server.log.segment.size.max = 1048576 (custom)
2022-12-06 15:45:28,390 [b0993b33-1422-4b90-a478-b8a2894a7eaa-impl-thread1] INFO  server.RaftServerConfigKeys (ConfUtils.java:logGet(46)) - raft.server.log.segment.cache.num.max = 2 (custom)
2022-12-06 15:45:28,390 [b0993b33-1422-4b90-a478-b8a2894a7eaa-impl-thread1] INFO  server.RaftServerConfigKeys (ConfUtils.java:logGet(46)) - raft.server.log.segment.cache.size.max = 200MB (=209715200) (default)
2022-12-06 15:45:28,390 [b0993b33-1422-4b90-a478-b8a2894a7eaa-impl-thread3] INFO  server.RaftServerConfigKeys (ConfUtils.java:logGet(46)) - raft.server.log.segment.cache.num.max = 2 (custom)
2022-12-06 15:45:28,390 [b0993b33-1422-4b90-a478-b8a2894a7eaa-impl-thread1] INFO  segmented.SegmentedRaftLogWorker (SegmentedRaftLogWorker.java:<init>(189)) - new b0993b33-1422-4b90-a478-b8a2894a7eaa@group-6B60A7C996DB-SegmentedRaftLogWorker for RaftStorageImpl:Storage Directory /home/runner/work/ozone/ozone/hadoop-ozone/integration-test/target/test-dir/MiniOzoneClusterImpl-dce15e54-dc76-4f82-a75a-fd2a8a22e08e/datanode-2/data/ratis/e5386add-d74c-4c86-b83f-6b60a7c996db
2022-12-06 15:45:28,391 [b0993b33-1422-4b90-a478-b8a2894a7eaa-impl-thread3] INFO  server.RaftServerConfigKeys (ConfUtils.java:logGet(46)) - raft.server.log.segment.cache.size.max = 200MB (=209715200) (default)
2022-12-06 15:45:28,391 [b0993b33-1422-4b90-a478-b8a2894a7eaa-impl-thread1] INFO  server.RaftServerConfigKeys (ConfUtils.java:logGet(46)) - raft.server.log.queue.byte-limit = 4294967296 (custom)
2022-12-06 15:45:28,391 [b0993b33-1422-4b90-a478-b8a2894a7eaa-impl-thread3] INFO  segmented.SegmentedRaftLogWorker (SegmentedRaftLogWorker.java:<init>(189)) - new b0993b33-1422-4b90-a478-b8a2894a7eaa@group-E6EF3BE0CB72-SegmentedRaftLogWorker for RaftStorageImpl:Storage Directory /home/runner/work/ozone/ozone/hadoop-ozone/integration-test/target/test-dir/MiniOzoneClusterImpl-dce15e54-dc76-4f82-a75a-fd2a8a22e08e/datanode-2/data/ratis/f835e2b8-2c94-4d28-b8f1-e6ef3be0cb72
2022-12-06 15:45:28,391 [b0993b33-1422-4b90-a478-b8a2894a7eaa-impl-thread1] INFO  server.RaftServerConfigKeys (ConfUtils.java:logGet(46)) - raft.server.log.queue.element-limit = 1024 (custom)
2022-12-06 15:45:28,391 [b0993b33-1422-4b90-a478-b8a2894a7eaa-impl-thread3] INFO  server.RaftServerConfigKeys (ConfUtils.java:logGet(46)) - raft.server.log.queue.byte-limit = 4294967296 (custom)
2022-12-06 15:45:28,391 [b0993b33-1422-4b90-a478-b8a2894a7eaa-impl-thread3] INFO  server.RaftServerConfigKeys (ConfUtils.java:logGet(46)) - raft.server.log.queue.element-limit = 1024 (custom)
2022-12-06 15:45:28,391 [b0993b33-1422-4b90-a478-b8a2894a7eaa-impl-thread1] INFO  server.RaftServerConfigKeys (ConfUtils.java:logGet(46)) - raft.server.log.segment.size.max = 1048576 (custom)
2022-12-06 15:45:28,391 [b0993b33-1422-4b90-a478-b8a2894a7eaa-impl-thread3] INFO  server.RaftServerConfigKeys (ConfUtils.java:logGet(46)) - raft.server.log.segment.size.max = 1048576 (custom)
2022-12-06 15:45:28,391 [b0993b33-1422-4b90-a478-b8a2894a7eaa-impl-thread1] INFO  server.RaftServerConfigKeys (ConfUtils.java:logGet(46)) - raft.server.log.preallocated.size = 16384 (custom)
2022-12-06 15:45:28,391 [b0993b33-1422-4b90-a478-b8a2894a7eaa-impl-thread3] INFO  server.RaftServerConfigKeys (ConfUtils.java:logGet(46)) - raft.server.log.preallocated.size = 16384 (custom)
2022-12-06 15:45:28,391 [b0993b33-1422-4b90-a478-b8a2894a7eaa-impl-thread1] INFO  server.RaftServerConfigKeys (ConfUtils.java:logGet(46)) - raft.server.log.force.sync.num = 128 (default)
2022-12-06 15:45:28,391 [b0993b33-1422-4b90-a478-b8a2894a7eaa-impl-thread3] INFO  server.RaftServerConfigKeys (ConfUtils.java:logGet(46)) - raft.server.log.force.sync.num = 128 (default)
2022-12-06 15:45:28,391 [b0993b33-1422-4b90-a478-b8a2894a7eaa-impl-thread3] INFO  server.RaftServerConfigKeys (ConfUtils.java:logGet(46)) - raft.server.log.statemachine.data.sync = true (default)
2022-12-06 15:45:28,391 [b0993b33-1422-4b90-a478-b8a2894a7eaa-impl-thread1] INFO  server.RaftServerConfigKeys (ConfUtils.java:logGet(46)) - raft.server.log.statemachine.data.sync = true (default)
2022-12-06 15:45:28,391 [b0993b33-1422-4b90-a478-b8a2894a7eaa-impl-thread3] INFO  server.RaftServerConfigKeys (ConfUtils.java:logGet(46)) - raft.server.log.statemachine.data.sync.timeout = 10s (default)
2022-12-06 15:45:28,391 [b0993b33-1422-4b90-a478-b8a2894a7eaa-impl-thread1] INFO  server.RaftServerConfigKeys (ConfUtils.java:logGet(46)) - raft.server.log.statemachine.data.sync.timeout = 10s (default)
2022-12-06 15:45:28,392 [b0993b33-1422-4b90-a478-b8a2894a7eaa-impl-thread3] INFO  server.RaftServerConfigKeys (ConfUtils.java:logGet(46)) - raft.server.log.statemachine.data.sync.timeout.retry = -1 (default)
2022-12-06 15:45:28,392 [b0993b33-1422-4b90-a478-b8a2894a7eaa-impl-thread1] INFO  server.RaftServerConfigKeys (ConfUtils.java:logGet(46)) - raft.server.log.statemachine.data.sync.timeout.retry = -1 (default)
2022-12-06 15:45:28,392 [b0993b33-1422-4b90-a478-b8a2894a7eaa-impl-thread2] INFO  storage.RaftStorageDirectory (RaftStorageDirectoryImpl.java:tryLock(231)) - Lock on /home/runner/work/ozone/ozone/hadoop-ozone/integration-test/target/test-dir/MiniOzoneClusterImpl-dce15e54-dc76-4f82-a75a-fd2a8a22e08e/datanode-2/data/ratis/bf923e71-20ae-46e3-a36e-860da3541f0f/in_use.lock acquired by nodename 46996@fv-az133-40
2022-12-06 15:45:28,393 [b0993b33-1422-4b90-a478-b8a2894a7eaa-impl-thread2] INFO  storage.RaftStorage (RaftStorageImpl.java:analyzeAndRecoverStorage(117)) - Read RaftStorageMetadata{term=1, votedFor=b0993b33-1422-4b90-a478-b8a2894a7eaa} from /home/runner/work/ozone/ozone/hadoop-ozone/integration-test/target/test-dir/MiniOzoneClusterImpl-dce15e54-dc76-4f82-a75a-fd2a8a22e08e/datanode-2/data/ratis/bf923e71-20ae-46e3-a36e-860da3541f0f/current/raft-meta
2022-12-06 15:45:28,395 [b0993b33-1422-4b90-a478-b8a2894a7eaa-impl-thread2] INFO  server.RaftServer$Division (ServerState.java:setRaftConf(430)) - b0993b33-1422-4b90-a478-b8a2894a7eaa@group-860DA3541F0F: set configuration 0: peers:[b0993b33-1422-4b90-a478-b8a2894a7eaa|rpc:10.1.0.110:42755|dataStream:|priority:1|startupRole:FOLLOWER]|listeners:[], old=null
2022-12-06 15:45:28,395 [b0993b33-1422-4b90-a478-b8a2894a7eaa-impl-thread2] INFO  ratis.ContainerStateMachine (ContainerStateMachine.java:loadSnapshot(245)) - group-860DA3541F0F: Setting the last applied index to (t:1, i:0)
2022-12-06 15:45:28,396 [EventQueue-CommandQueueReportForCommandQueueReportHandler] WARN  events.EventQueue (EventQueue.java:fireEvent(216)) - No event handler registered for event TypedEvent{payloadType=DatanodeDetails, name='Datanode_Command_Queue_Updated'}
2022-12-06 15:45:28,397 [b0993b33-1422-4b90-a478-b8a2894a7eaa-impl-thread3] INFO  server.RaftServerConfigKeys (ConfUtils.java:logGet(46)) - raft.server.log.write.buffer.size = 1048576 (custom)
2022-12-06 15:45:28,397 [b0993b33-1422-4b90-a478-b8a2894a7eaa-impl-thread1] INFO  server.RaftServerConfigKeys (ConfUtils.java:logGet(46)) - raft.server.log.write.buffer.size = 1048576 (custom)
2022-12-06 15:45:28,398 [b0993b33-1422-4b90-a478-b8a2894a7eaa-impl-thread3] INFO  server.RaftServerConfigKeys (ConfUtils.java:logGet(46)) - raft.server.log.appender.buffer.byte-limit = 33554432 (custom)
2022-12-06 15:45:28,398 [b0993b33-1422-4b90-a478-b8a2894a7eaa-impl-thread1] INFO  server.RaftServerConfigKeys (ConfUtils.java:logGet(46)) - raft.server.log.appender.buffer.byte-limit = 33554432 (custom)
2022-12-06 15:45:28,401 [b0993b33-1422-4b90-a478-b8a2894a7eaa-impl-thread2] INFO  server.RaftServerConfigKeys (ConfUtils.java:logGet(46)) - raft.server.log.use.memory = false (default)
2022-12-06 15:45:28,401 [b0993b33-1422-4b90-a478-b8a2894a7eaa-impl-thread2] INFO  server.RaftServerConfigKeys (ConfUtils.java:logGet(46)) - raft.server.log.purge.gap = 1000000 (custom)
2022-12-06 15:45:28,401 [b0993b33-1422-4b90-a478-b8a2894a7eaa-impl-thread2] INFO  server.RaftServerConfigKeys (ConfUtils.java:logGet(46)) - raft.server.log.appender.buffer.byte-limit = 33554432 (custom)
2022-12-06 15:45:28,401 [b0993b33-1422-4b90-a478-b8a2894a7eaa-impl-thread2] INFO  server.RaftServerConfigKeys (ConfUtils.java:logGet(46)) - raft.server.log.statemachine.data.read.timeout = 1000ms (default)
2022-12-06 15:45:28,401 [b0993b33-1422-4b90-a478-b8a2894a7eaa-impl-thread2] INFO  server.RaftServerConfigKeys (ConfUtils.java:logGet(46)) - raft.server.log.purge.preservation.log.num = 0 (default)
2022-12-06 15:45:28,403 [b0993b33-1422-4b90-a478-b8a2894a7eaa-impl-thread2] INFO  server.RaftServerConfigKeys (ConfUtils.java:logGet(46)) - raft.server.log.segment.size.max = 1048576 (custom)
2022-12-06 15:45:28,403 [b0993b33-1422-4b90-a478-b8a2894a7eaa-impl-thread2] INFO  server.RaftServerConfigKeys (ConfUtils.java:logGet(46)) - raft.server.log.segment.cache.num.max = 2 (custom)
2022-12-06 15:45:28,403 [b0993b33-1422-4b90-a478-b8a2894a7eaa-impl-thread2] INFO  server.RaftServerConfigKeys (ConfUtils.java:logGet(46)) - raft.server.log.segment.cache.size.max = 200MB (=209715200) (default)
2022-12-06 15:45:28,403 [b0993b33-1422-4b90-a478-b8a2894a7eaa-impl-thread2] INFO  segmented.SegmentedRaftLogWorker (SegmentedRaftLogWorker.java:<init>(189)) - new b0993b33-1422-4b90-a478-b8a2894a7eaa@group-860DA3541F0F-SegmentedRaftLogWorker for RaftStorageImpl:Storage Directory /home/runner/work/ozone/ozone/hadoop-ozone/integration-test/target/test-dir/MiniOzoneClusterImpl-dce15e54-dc76-4f82-a75a-fd2a8a22e08e/datanode-2/data/ratis/bf923e71-20ae-46e3-a36e-860da3541f0f
2022-12-06 15:45:28,404 [b0993b33-1422-4b90-a478-b8a2894a7eaa-impl-thread2] INFO  server.RaftServerConfigKeys (ConfUtils.java:logGet(46)) - raft.server.log.queue.byte-limit = 4294967296 (custom)
2022-12-06 15:45:28,404 [EventQueue-CommandQueueReportForCommandQueueReportHandler] WARN  events.EventQueue (EventQueue.java:fireEvent(216)) - No event handler registered for event TypedEvent{payloadType=DatanodeDetails, name='Datanode_Command_Queue_Updated'}
2022-12-06 15:45:28,404 [b0993b33-1422-4b90-a478-b8a2894a7eaa-impl-thread2] INFO  server.RaftServerConfigKeys (ConfUtils.java:logGet(46)) - raft.server.log.queue.element-limit = 1024 (custom)
2022-12-06 15:45:28,404 [b0993b33-1422-4b90-a478-b8a2894a7eaa-impl-thread2] INFO  server.RaftServerConfigKeys (ConfUtils.java:logGet(46)) - raft.server.log.segment.size.max = 1048576 (custom)
2022-12-06 15:45:28,404 [b0993b33-1422-4b90-a478-b8a2894a7eaa-impl-thread2] INFO  server.RaftServerConfigKeys (ConfUtils.java:logGet(46)) - raft.server.log.preallocated.size = 16384 (custom)
2022-12-06 15:45:28,404 [b0993b33-1422-4b90-a478-b8a2894a7eaa-impl-thread2] INFO  server.RaftServerConfigKeys (ConfUtils.java:logGet(46)) - raft.server.log.force.sync.num = 128 (default)
2022-12-06 15:45:28,404 [b0993b33-1422-4b90-a478-b8a2894a7eaa-impl-thread2] INFO  server.RaftServerConfigKeys (ConfUtils.java:logGet(46)) - raft.server.log.statemachine.data.sync = true (default)
2022-12-06 15:45:28,404 [b0993b33-1422-4b90-a478-b8a2894a7eaa-impl-thread2] INFO  server.RaftServerConfigKeys (ConfUtils.java:logGet(46)) - raft.server.log.statemachine.data.sync.timeout = 10s (default)
2022-12-06 15:45:28,405 [b0993b33-1422-4b90-a478-b8a2894a7eaa-impl-thread2] INFO  server.RaftServerConfigKeys (ConfUtils.java:logGet(46)) - raft.server.log.statemachine.data.sync.timeout.retry = -1 (default)
2022-12-06 15:45:28,405 [b0993b33-1422-4b90-a478-b8a2894a7eaa-impl-thread3] INFO  server.RaftServerConfigKeys (ConfUtils.java:logGet(46)) - raft.server.log.unsafe-flush.enabled = false (default)
2022-12-06 15:45:28,405 [b0993b33-1422-4b90-a478-b8a2894a7eaa-impl-thread3] INFO  server.RaftServerConfigKeys (ConfUtils.java:logGet(46)) - raft.server.log.async-flush.enabled = false (default)
2022-12-06 15:45:28,405 [b0993b33-1422-4b90-a478-b8a2894a7eaa-impl-thread2] INFO  server.RaftServerConfigKeys (ConfUtils.java:logGet(46)) - raft.server.log.write.buffer.size = 1048576 (custom)
2022-12-06 15:45:28,406 [b0993b33-1422-4b90-a478-b8a2894a7eaa-impl-thread2] INFO  server.RaftServerConfigKeys (ConfUtils.java:logGet(46)) - raft.server.log.appender.buffer.byte-limit = 33554432 (custom)
2022-12-06 15:45:28,405 [b0993b33-1422-4b90-a478-b8a2894a7eaa-impl-thread3] INFO  server.RaftServerConfigKeys (ConfUtils.java:logGet(46)) - raft.server.log.statemachine.data.caching.enabled = true (custom)
2022-12-06 15:45:28,445 [b0993b33-1422-4b90-a478-b8a2894a7eaa-impl-thread1] INFO  server.RaftServerConfigKeys (ConfUtils.java:logGet(46)) - raft.server.log.unsafe-flush.enabled = false (default)
2022-12-06 15:45:28,455 [b0993b33-1422-4b90-a478-b8a2894a7eaa-impl-thread1] INFO  server.RaftServerConfigKeys (ConfUtils.java:logGet(46)) - raft.server.log.async-flush.enabled = false (default)
2022-12-06 15:45:28,455 [b0993b33-1422-4b90-a478-b8a2894a7eaa-impl-thread1] INFO  server.RaftServerConfigKeys (ConfUtils.java:logGet(46)) - raft.server.log.statemachine.data.caching.enabled = true (custom)
2022-12-06 15:45:28,455 [b0993b33-1422-4b90-a478-b8a2894a7eaa-impl-thread1] INFO  segmented.SegmentedRaftLogWorker (SegmentedRaftLogWorker.java:lambda$new$0(135)) - b0993b33-1422-4b90-a478-b8a2894a7eaa@group-6B60A7C996DB-SegmentedRaftLogWorker: flushIndex: setUnconditionally 0 -> -1
2022-12-06 15:45:28,455 [b0993b33-1422-4b90-a478-b8a2894a7eaa-impl-thread1] INFO  segmented.SegmentedRaftLogWorker (SegmentedRaftLogWorker.java:lambda$new$0(135)) - b0993b33-1422-4b90-a478-b8a2894a7eaa@group-6B60A7C996DB-SegmentedRaftLogWorker: safeCacheEvictIndex: setUnconditionally 0 -> -1
2022-12-06 15:45:28,455 [b0993b33-1422-4b90-a478-b8a2894a7eaa-impl-thread2] INFO  server.RaftServerConfigKeys (ConfUtils.java:logGet(46)) - raft.server.log.unsafe-flush.enabled = false (default)
2022-12-06 15:45:28,455 [b0993b33-1422-4b90-a478-b8a2894a7eaa-impl-thread2] INFO  server.RaftServerConfigKeys (ConfUtils.java:logGet(46)) - raft.server.log.async-flush.enabled = false (default)
2022-12-06 15:45:28,455 [b0993b33-1422-4b90-a478-b8a2894a7eaa-impl-thread2] INFO  server.RaftServerConfigKeys (ConfUtils.java:logGet(46)) - raft.server.log.statemachine.data.caching.enabled = true (custom)
2022-12-06 15:45:28,456 [b0993b33-1422-4b90-a478-b8a2894a7eaa-impl-thread1] INFO  server.RaftServer$Division (RaftServerImpl.java:start(340)) - b0993b33-1422-4b90-a478-b8a2894a7eaa@group-6B60A7C996DB: start with initializing state, conf=-1: peers:[]|listeners:[], old=null
2022-12-06 15:45:28,456 [b0993b33-1422-4b90-a478-b8a2894a7eaa-impl-thread1] INFO  server.RaftServer$Division (RaftServerImpl.java:setRole(321)) - b0993b33-1422-4b90-a478-b8a2894a7eaa@group-6B60A7C996DB: changes role from      null to FOLLOWER at term 2 for startInitializing
2022-12-06 15:45:28,456 [b0993b33-1422-4b90-a478-b8a2894a7eaa-impl-thread1] INFO  util.JmxRegister (JmxRegister.java:tryRegister(44)) - Successfully registered JMX Bean with object name Ratis:service=RaftServer,group=group-6B60A7C996DB,id=b0993b33-1422-4b90-a478-b8a2894a7eaa
2022-12-06 15:45:28,456 [b0993b33-1422-4b90-a478-b8a2894a7eaa-impl-thread1] INFO  server.RaftServerConfigKeys (ConfUtils.java:logGet(46)) - raft.server.snapshot.auto.trigger.enabled = true (custom)
2022-12-06 15:45:28,456 [b0993b33-1422-4b90-a478-b8a2894a7eaa-impl-thread1] INFO  server.RaftServerConfigKeys (ConfUtils.java:logGet(46)) - raft.server.snapshot.auto.trigger.threshold = 10000 (custom)
2022-12-06 15:45:28,456 [b0993b33-1422-4b90-a478-b8a2894a7eaa-impl-thread1] INFO  server.RaftServerConfigKeys (ConfUtils.java:logGet(46)) - raft.server.snapshot.retention.file.num = 5 (custom)
2022-12-06 15:45:28,456 [b0993b33-1422-4b90-a478-b8a2894a7eaa-impl-thread1] INFO  server.RaftServerConfigKeys (ConfUtils.java:logGet(46)) - raft.server.log.purge.upto.snapshot.index = false (default)
2022-12-06 15:45:28,465 [EventQueue-CommandQueueReportForCommandQueueReportHandler] WARN  events.EventQueue (EventQueue.java:fireEvent(216)) - No event handler registered for event TypedEvent{payloadType=DatanodeDetails, name='Datanode_Command_Queue_Updated'}
2022-12-06 15:45:28,466 [b0993b33-1422-4b90-a478-b8a2894a7eaa-impl-thread2] INFO  server.RaftServer$Division (ServerState.java:setRaftConf(430)) - b0993b33-1422-4b90-a478-b8a2894a7eaa@group-860DA3541F0F: set configuration 0: peers:[b0993b33-1422-4b90-a478-b8a2894a7eaa|rpc:10.1.0.110:42755|dataStream:|priority:1|startupRole:FOLLOWER]|listeners:[], old=null
2022-12-06 15:45:28,466 [b0993b33-1422-4b90-a478-b8a2894a7eaa-impl-thread2] INFO  segmented.LogSegment (LogSegment.java:loadSegment(173)) - Successfully read 1 entries from segment file /home/runner/work/ozone/ozone/hadoop-ozone/integration-test/target/test-dir/MiniOzoneClusterImpl-dce15e54-dc76-4f82-a75a-fd2a8a22e08e/datanode-2/data/ratis/bf923e71-20ae-46e3-a36e-860da3541f0f/current/log_inprogress_0
2022-12-06 15:45:28,473 [b0993b33-1422-4b90-a478-b8a2894a7eaa-impl-thread2] INFO  segmented.SegmentedRaftLogWorker (SegmentedRaftLogWorker.java:lambda$new$0(135)) - b0993b33-1422-4b90-a478-b8a2894a7eaa@group-860DA3541F0F-SegmentedRaftLogWorker: flushIndex: setUnconditionally 0 -> 0
2022-12-06 15:45:28,473 [b0993b33-1422-4b90-a478-b8a2894a7eaa-impl-thread2] INFO  segmented.SegmentedRaftLogWorker (SegmentedRaftLogWorker.java:lambda$new$0(135)) - b0993b33-1422-4b90-a478-b8a2894a7eaa@group-860DA3541F0F-SegmentedRaftLogWorker: safeCacheEvictIndex: setUnconditionally 0 -> -1
2022-12-06 15:45:28,469 [b0993b33-1422-4b90-a478-b8a2894a7eaa-impl-thread3] INFO  server.RaftServer$Division (ServerState.java:setRaftConf(430)) - b0993b33-1422-4b90-a478-b8a2894a7eaa@group-E6EF3BE0CB72: set configuration 0: peers:[b0993b33-1422-4b90-a478-b8a2894a7eaa|rpc:10.1.0.110:42755|dataStream:|priority:1|startupRole:FOLLOWER, 4ef44404-e624-4c50-bb49-8deedaf9742c|rpc:10.1.0.110:46141|dataStream:|priority:0|startupRole:FOLLOWER, 0587405b-2ffa-4132-824d-547ca09f0e52|rpc:10.1.0.110:38421|dataStream:|priority:0|startupRole:FOLLOWER]|listeners:[], old=null
2022-12-06 15:45:28,474 [b0993b33-1422-4b90-a478-b8a2894a7eaa-impl-thread2] INFO  server.RaftServer$Division (RaftServerImpl.java:start(334)) - b0993b33-1422-4b90-a478-b8a2894a7eaa@group-860DA3541F0F: start as a follower, conf=0: peers:[b0993b33-1422-4b90-a478-b8a2894a7eaa|rpc:10.1.0.110:42755|dataStream:|priority:1|startupRole:FOLLOWER]|listeners:[], old=null
2022-12-06 15:45:28,474 [b0993b33-1422-4b90-a478-b8a2894a7eaa-impl-thread3] INFO  segmented.LogSegment (LogSegment.java:loadSegment(173)) - Successfully read 1 entries from segment file /home/runner/work/ozone/ozone/hadoop-ozone/integration-test/target/test-dir/MiniOzoneClusterImpl-dce15e54-dc76-4f82-a75a-fd2a8a22e08e/datanode-2/data/ratis/f835e2b8-2c94-4d28-b8f1-e6ef3be0cb72/current/log_inprogress_0
2022-12-06 15:45:28,478 [b0993b33-1422-4b90-a478-b8a2894a7eaa-impl-thread2] INFO  server.RaftServer$Division (RaftServerImpl.java:setRole(321)) - b0993b33-1422-4b90-a478-b8a2894a7eaa@group-860DA3541F0F: changes role from      null to FOLLOWER at term 1 for startAsFollower
2022-12-06 15:45:28,478 [b0993b33-1422-4b90-a478-b8a2894a7eaa-impl-thread3] INFO  segmented.SegmentedRaftLogWorker (SegmentedRaftLogWorker.java:lambda$new$0(135)) - b0993b33-1422-4b90-a478-b8a2894a7eaa@group-E6EF3BE0CB72-SegmentedRaftLogWorker: flushIndex: setUnconditionally 0 -> 0
2022-12-06 15:45:28,478 [b0993b33-1422-4b90-a478-b8a2894a7eaa-impl-thread2] INFO  impl.RoleInfo (RoleInfo.java:updateAndGet(139)) - b0993b33-1422-4b90-a478-b8a2894a7eaa: start b0993b33-1422-4b90-a478-b8a2894a7eaa@group-860DA3541F0F-FollowerState
2022-12-06 15:45:28,478 [b0993b33-1422-4b90-a478-b8a2894a7eaa-impl-thread3] INFO  segmented.SegmentedRaftLogWorker (SegmentedRaftLogWorker.java:lambda$new$0(135)) - b0993b33-1422-4b90-a478-b8a2894a7eaa@group-E6EF3BE0CB72-SegmentedRaftLogWorker: safeCacheEvictIndex: setUnconditionally 0 -> -1
2022-12-06 15:45:28,478 [b0993b33-1422-4b90-a478-b8a2894a7eaa-impl-thread2] INFO  util.JmxRegister (JmxRegister.java:tryRegister(44)) - Successfully registered JMX Bean with object name Ratis:service=RaftServer,group=group-860DA3541F0F,id=b0993b33-1422-4b90-a478-b8a2894a7eaa
2022-12-06 15:45:28,478 [b0993b33-1422-4b90-a478-b8a2894a7eaa-impl-thread2] INFO  server.RaftServerConfigKeys (ConfUtils.java:logGet(46)) - raft.server.snapshot.auto.trigger.enabled = true (custom)
2022-12-06 15:45:28,478 [b0993b33-1422-4b90-a478-b8a2894a7eaa-impl-thread3] INFO  server.RaftServer$Division (RaftServerImpl.java:start(334)) - b0993b33-1422-4b90-a478-b8a2894a7eaa@group-E6EF3BE0CB72: start as a follower, conf=0: peers:[b0993b33-1422-4b90-a478-b8a2894a7eaa|rpc:10.1.0.110:42755|dataStream:|priority:1|startupRole:FOLLOWER, 4ef44404-e624-4c50-bb49-8deedaf9742c|rpc:10.1.0.110:46141|dataStream:|priority:0|startupRole:FOLLOWER, 0587405b-2ffa-4132-824d-547ca09f0e52|rpc:10.1.0.110:38421|dataStream:|priority:0|startupRole:FOLLOWER]|listeners:[], old=null
2022-12-06 15:45:28,478 [b0993b33-1422-4b90-a478-b8a2894a7eaa-impl-thread3] INFO  server.RaftServer$Division (RaftServerImpl.java:setRole(321)) - b0993b33-1422-4b90-a478-b8a2894a7eaa@group-E6EF3BE0CB72: changes role from      null to FOLLOWER at term 2 for startAsFollower
2022-12-06 15:45:28,478 [b0993b33-1422-4b90-a478-b8a2894a7eaa-impl-thread2] INFO  server.RaftServerConfigKeys (ConfUtils.java:logGet(46)) - raft.server.snapshot.auto.trigger.threshold = 10000 (custom)
2022-12-06 15:45:28,478 [b0993b33-1422-4b90-a478-b8a2894a7eaa-impl-thread2] INFO  server.RaftServerConfigKeys (ConfUtils.java:logGet(46)) - raft.server.snapshot.retention.file.num = 5 (custom)
2022-12-06 15:45:28,478 [b0993b33-1422-4b90-a478-b8a2894a7eaa-impl-thread3] INFO  impl.RoleInfo (RoleInfo.java:updateAndGet(139)) - b0993b33-1422-4b90-a478-b8a2894a7eaa: start b0993b33-1422-4b90-a478-b8a2894a7eaa@group-E6EF3BE0CB72-FollowerState
2022-12-06 15:45:28,479 [b0993b33-1422-4b90-a478-b8a2894a7eaa-impl-thread2] INFO  server.RaftServerConfigKeys (ConfUtils.java:logGet(46)) - raft.server.log.purge.upto.snapshot.index = false (default)
2022-12-06 15:45:28,480 [b0993b33-1422-4b90-a478-b8a2894a7eaa@group-860DA3541F0F-FollowerState] INFO  server.RaftServerConfigKeys (ConfUtils.java:logFallback(53)) - raft.server.rpc.first-election.timeout.min = 5s (fallback to raft.server.rpc.timeout.min)
2022-12-06 15:45:28,480 [b0993b33-1422-4b90-a478-b8a2894a7eaa@group-860DA3541F0F-FollowerState] INFO  server.RaftServerConfigKeys (ConfUtils.java:logFallback(53)) - raft.server.rpc.first-election.timeout.max = 5200ms (fallback to raft.server.rpc.timeout.max)
2022-12-06 15:45:28,480 [b0993b33-1422-4b90-a478-b8a2894a7eaa-impl-thread3] INFO  util.JmxRegister (JmxRegister.java:tryRegister(44)) - Successfully registered JMX Bean with object name Ratis:service=RaftServer,group=group-E6EF3BE0CB72,id=b0993b33-1422-4b90-a478-b8a2894a7eaa
2022-12-06 15:45:28,480 [b0993b33-1422-4b90-a478-b8a2894a7eaa-impl-thread3] INFO  server.RaftServerConfigKeys (ConfUtils.java:logGet(46)) - raft.server.snapshot.auto.trigger.enabled = true (custom)
2022-12-06 15:45:28,480 [b0993b33-1422-4b90-a478-b8a2894a7eaa-impl-thread3] INFO  server.RaftServerConfigKeys (ConfUtils.java:logGet(46)) - raft.server.snapshot.auto.trigger.threshold = 10000 (custom)
2022-12-06 15:45:28,480 [b0993b33-1422-4b90-a478-b8a2894a7eaa-impl-thread3] INFO  server.RaftServerConfigKeys (ConfUtils.java:logGet(46)) - raft.server.snapshot.retention.file.num = 5 (custom)
2022-12-06 15:45:28,480 [b0993b33-1422-4b90-a478-b8a2894a7eaa-impl-thread3] INFO  server.RaftServerConfigKeys (ConfUtils.java:logGet(46)) - raft.server.log.purge.upto.snapshot.index = false (default)
2022-12-06 15:45:28,481 [b0993b33-1422-4b90-a478-b8a2894a7eaa@group-E6EF3BE0CB72-FollowerState] INFO  server.RaftServerConfigKeys (ConfUtils.java:logFallback(53)) - raft.server.rpc.first-election.timeout.min = 5s (fallback to raft.server.rpc.timeout.min)
2022-12-06 15:45:28,481 [b0993b33-1422-4b90-a478-b8a2894a7eaa@group-E6EF3BE0CB72-FollowerState] INFO  server.RaftServerConfigKeys (ConfUtils.java:logFallback(53)) - raft.server.rpc.first-election.timeout.max = 5200ms (fallback to raft.server.rpc.timeout.max)
2022-12-06 15:45:28,481 [EndpointStateMachine task thread for /0.0.0.0:42623 - 0 ] INFO  server.RaftServer (RaftServerProxy.java:startImpl(393)) - b0993b33-1422-4b90-a478-b8a2894a7eaa: start RPC server
2022-12-06 15:45:28,483 [EndpointStateMachine task thread for /0.0.0.0:42623 - 0 ] INFO  server.GrpcService (GrpcService.java:startImpl(262)) - b0993b33-1422-4b90-a478-b8a2894a7eaa: GrpcService started, listening on 42755
2022-12-06 15:45:28,483 [EndpointStateMachine task thread for /0.0.0.0:42623 - 0 ] INFO  ratis.XceiverServerRatis (XceiverServerRatis.java:getRealPort(502)) - XceiverServerRatis b0993b33-1422-4b90-a478-b8a2894a7eaa is started using port 42755 for RATIS
2022-12-06 15:45:28,483 [EndpointStateMachine task thread for /0.0.0.0:42623 - 0 ] INFO  ratis.XceiverServerRatis (XceiverServerRatis.java:getRealPort(502)) - XceiverServerRatis b0993b33-1422-4b90-a478-b8a2894a7eaa is started using port 42755 for RATIS_ADMIN
2022-12-06 15:45:28,483 [EndpointStateMachine task thread for /0.0.0.0:42623 - 0 ] INFO  ratis.XceiverServerRatis (XceiverServerRatis.java:getRealPort(502)) - XceiverServerRatis b0993b33-1422-4b90-a478-b8a2894a7eaa is started using port 42755 for RATIS_SERVER
2022-12-06 15:45:28,484 [JvmPauseMonitor11] INFO  util.JvmPauseMonitor (JvmPauseMonitor.java:run(105)) - JvmPauseMonitor-b0993b33-1422-4b90-a478-b8a2894a7eaa: Started
2022-12-06 15:45:28,800 [EventQueue-CommandQueueReportForCommandQueueReportHandler] WARN  events.EventQueue (EventQueue.java:fireEvent(216)) - No event handler registered for event TypedEvent{payloadType=DatanodeDetails, name='Datanode_Command_Queue_Updated'}
2022-12-06 15:45:28,915 [EventQueue-CommandQueueReportForCommandQueueReportHandler] WARN  events.EventQueue (EventQueue.java:fireEvent(216)) - No event handler registered for event TypedEvent{payloadType=DatanodeDetails, name='Datanode_Command_Queue_Updated'}
2022-12-06 15:45:28,940 [EventQueue-CommandQueueReportForCommandQueueReportHandler] WARN  events.EventQueue (EventQueue.java:fireEvent(216)) - No event handler registered for event TypedEvent{payloadType=DatanodeDetails, name='Datanode_Command_Queue_Updated'}
2022-12-06 15:45:28,947 [EventQueue-CommandQueueReportForCommandQueueReportHandler] WARN  events.EventQueue (EventQueue.java:fireEvent(216)) - No event handler registered for event TypedEvent{payloadType=DatanodeDetails, name='Datanode_Command_Queue_Updated'}
2022-12-06 15:45:29,088 [EventQueue-CommandQueueReportForCommandQueueReportHandler] WARN  events.EventQueue (EventQueue.java:fireEvent(216)) - No event handler registered for event TypedEvent{payloadType=DatanodeDetails, name='Datanode_Command_Queue_Updated'}
2022-12-06 15:45:29,367 [Listener at 127.0.0.1/44149] INFO  ozone.MiniOzoneClusterImpl (MiniOzoneClusterImpl.java:lambda$waitForClusterToBeReady$0(216)) - Waiting for nodes to be ready. Got 9 of 10 DN Heartbeats.
2022-12-06 15:45:29,368 [Listener at 127.0.0.1/44149] INFO  ozone.MiniOzoneClusterImpl (MiniOzoneClusterImpl.java:lambda$waitForClusterToBeReady$0(219)) - Cluster exits safe mode
2022-12-06 15:45:29,368 [Listener at 127.0.0.1/44149] INFO  ozone.MiniOzoneClusterImpl (MiniOzoneClusterImpl.java:lambda$waitForClusterToBeReady$0(221)) - SCM became leader
2022-12-06 15:45:29,376 [EventQueue-CommandQueueReportForCommandQueueReportHandler] WARN  events.EventQueue (EventQueue.java:fireEvent(216)) - No event handler registered for event TypedEvent{payloadType=DatanodeDetails, name='Datanode_Command_Queue_Updated'}
2022-12-06 15:45:29,397 [EventQueue-CommandQueueReportForCommandQueueReportHandler] WARN  events.EventQueue (EventQueue.java:fireEvent(216)) - No event handler registered for event TypedEvent{payloadType=DatanodeDetails, name='Datanode_Command_Queue_Updated'}
2022-12-06 15:45:29,404 [EventQueue-CommandQueueReportForCommandQueueReportHandler] WARN  events.EventQueue (EventQueue.java:fireEvent(216)) - No event handler registered for event TypedEvent{payloadType=DatanodeDetails, name='Datanode_Command_Queue_Updated'}
2022-12-06 15:45:29,459 [EventQueue-CommandQueueReportForCommandQueueReportHandler] WARN  events.EventQueue (EventQueue.java:fireEvent(216)) - No event handler registered for event TypedEvent{payloadType=DatanodeDetails, name='Datanode_Command_Queue_Updated'}
2022-12-06 15:45:29,800 [EventQueue-CommandQueueReportForCommandQueueReportHandler] WARN  events.EventQueue (EventQueue.java:fireEvent(216)) - No event handler registered for event TypedEvent{payloadType=DatanodeDetails, name='Datanode_Command_Queue_Updated'}
2022-12-06 15:45:29,915 [EventQueue-CommandQueueReportForCommandQueueReportHandler] WARN  events.EventQueue (EventQueue.java:fireEvent(216)) - No event handler registered for event TypedEvent{payloadType=DatanodeDetails, name='Datanode_Command_Queue_Updated'}
2022-12-06 15:45:29,940 [EventQueue-CommandQueueReportForCommandQueueReportHandler] WARN  events.EventQueue (EventQueue.java:fireEvent(216)) - No event handler registered for event TypedEvent{payloadType=DatanodeDetails, name='Datanode_Command_Queue_Updated'}
2022-12-06 15:45:29,947 [EventQueue-CommandQueueReportForCommandQueueReportHandler] WARN  events.EventQueue (EventQueue.java:fireEvent(216)) - No event handler registered for event TypedEvent{payloadType=DatanodeDetails, name='Datanode_Command_Queue_Updated'}
2022-12-06 15:45:30,088 [EventQueue-CommandQueueReportForCommandQueueReportHandler] WARN  events.EventQueue (EventQueue.java:fireEvent(216)) - No event handler registered for event TypedEvent{payloadType=DatanodeDetails, name='Datanode_Command_Queue_Updated'}
2022-12-06 15:45:30,368 [Listener at 127.0.0.1/44149] INFO  ozone.MiniOzoneClusterImpl (MiniOzoneClusterImpl.java:lambda$waitForClusterToBeReady$0(216)) - Waiting for nodes to be ready. Got 9 of 10 DN Heartbeats.
2022-12-06 15:45:30,369 [Listener at 127.0.0.1/44149] INFO  ozone.MiniOzoneClusterImpl (MiniOzoneClusterImpl.java:lambda$waitForClusterToBeReady$0(219)) - Cluster exits safe mode
2022-12-06 15:45:30,369 [Listener at 127.0.0.1/44149] INFO  ozone.MiniOzoneClusterImpl (MiniOzoneClusterImpl.java:lambda$waitForClusterToBeReady$0(221)) - SCM became leader
2022-12-06 15:45:30,377 [EventQueue-CommandQueueReportForCommandQueueReportHandler] WARN  events.EventQueue (EventQueue.java:fireEvent(216)) - No event handler registered for event TypedEvent{payloadType=DatanodeDetails, name='Datanode_Command_Queue_Updated'}
2022-12-06 15:45:30,398 [EventQueue-CommandQueueReportForCommandQueueReportHandler] WARN  events.EventQueue (EventQueue.java:fireEvent(216)) - No event handler registered for event TypedEvent{payloadType=DatanodeDetails, name='Datanode_Command_Queue_Updated'}
2022-12-06 15:45:30,399 [EventQueue-PipelineReportForPipelineReportHandler] INFO  pipeline.PipelineReportHandler (PipelineReportHandler.java:processPipelineReport(115)) - Reported pipeline PipelineID=e5386add-d74c-4c86-b83f-6b60a7c996db is not found
2022-12-06 15:45:30,400 [EventQueue-PipelineReportForPipelineReportHandler] INFO  pipeline.PipelineReportHandler (PipelineReportHandler.java:processPipelineReport(115)) - Reported pipeline PipelineID=bf923e71-20ae-46e3-a36e-860da3541f0f is not found
2022-12-06 15:45:30,400 [EventQueue-PipelineReportForPipelineReportHandler] INFO  pipeline.PipelineReportHandler (PipelineReportHandler.java:processPipelineReport(115)) - Reported pipeline PipelineID=f835e2b8-2c94-4d28-b8f1-e6ef3be0cb72 is not found
2022-12-06 15:45:30,403 [EventQueue-CommandQueueReportForCommandQueueReportHandler] WARN  events.EventQueue (EventQueue.java:fireEvent(216)) - No event handler registered for event TypedEvent{payloadType=DatanodeDetails, name='Datanode_Command_Queue_Updated'}
2022-12-06 15:45:30,458 [EventQueue-CommandQueueReportForCommandQueueReportHandler] WARN  events.EventQueue (EventQueue.java:fireEvent(216)) - No event handler registered for event TypedEvent{payloadType=DatanodeDetails, name='Datanode_Command_Queue_Updated'}
2022-12-06 15:45:30,800 [EventQueue-CommandQueueReportForCommandQueueReportHandler] WARN  events.EventQueue (EventQueue.java:fireEvent(216)) - No event handler registered for event TypedEvent{payloadType=DatanodeDetails, name='Datanode_Command_Queue_Updated'}
2022-12-06 15:45:30,915 [EventQueue-CommandQueueReportForCommandQueueReportHandler] WARN  events.EventQueue (EventQueue.java:fireEvent(216)) - No event handler registered for event TypedEvent{payloadType=DatanodeDetails, name='Datanode_Command_Queue_Updated'}
2022-12-06 15:45:30,940 [EventQueue-CommandQueueReportForCommandQueueReportHandler] WARN  events.EventQueue (EventQueue.java:fireEvent(216)) - No event handler registered for event TypedEvent{payloadType=DatanodeDetails, name='Datanode_Command_Queue_Updated'}
2022-12-06 15:45:30,947 [EventQueue-CommandQueueReportForCommandQueueReportHandler] WARN  events.EventQueue (EventQueue.java:fireEvent(216)) - No event handler registered for event TypedEvent{payloadType=DatanodeDetails, name='Datanode_Command_Queue_Updated'}
2022-12-06 15:45:31,088 [EventQueue-CommandQueueReportForCommandQueueReportHandler] WARN  events.EventQueue (EventQueue.java:fireEvent(216)) - No event handler registered for event TypedEvent{payloadType=DatanodeDetails, name='Datanode_Command_Queue_Updated'}
2022-12-06 15:45:31,369 [Listener at 127.0.0.1/44149] INFO  ozone.MiniOzoneClusterImpl (MiniOzoneClusterImpl.java:lambda$waitForClusterToBeReady$0(216)) - Waiting for nodes to be ready. Got 9 of 10 DN Heartbeats.
2022-12-06 15:45:31,369 [Listener at 127.0.0.1/44149] INFO  ozone.MiniOzoneClusterImpl (MiniOzoneClusterImpl.java:lambda$waitForClusterToBeReady$0(219)) - Cluster exits safe mode
2022-12-06 15:45:31,369 [Listener at 127.0.0.1/44149] INFO  ozone.MiniOzoneClusterImpl (MiniOzoneClusterImpl.java:lambda$waitForClusterToBeReady$0(221)) - SCM became leader
2022-12-06 15:45:31,376 [EventQueue-CommandQueueReportForCommandQueueReportHandler] WARN  events.EventQueue (EventQueue.java:fireEvent(216)) - No event handler registered for event TypedEvent{payloadType=DatanodeDetails, name='Datanode_Command_Queue_Updated'}
2022-12-06 15:45:31,400 [EventQueue-CommandQueueReportForCommandQueueReportHandler] WARN  events.EventQueue (EventQueue.java:fireEvent(216)) - No event handler registered for event TypedEvent{payloadType=DatanodeDetails, name='Datanode_Command_Queue_Updated'}
2022-12-06 15:45:31,403 [EventQueue-CommandQueueReportForCommandQueueReportHandler] WARN  events.EventQueue (EventQueue.java:fireEvent(216)) - No event handler registered for event TypedEvent{payloadType=DatanodeDetails, name='Datanode_Command_Queue_Updated'}
2022-12-06 15:45:31,458 [EventQueue-CommandQueueReportForCommandQueueReportHandler] WARN  events.EventQueue (EventQueue.java:fireEvent(216)) - No event handler registered for event TypedEvent{payloadType=DatanodeDetails, name='Datanode_Command_Queue_Updated'}
2022-12-06 15:45:31,800 [EventQueue-CommandQueueReportForCommandQueueReportHandler] WARN  events.EventQueue (EventQueue.java:fireEvent(216)) - No event handler registered for event TypedEvent{payloadType=DatanodeDetails, name='Datanode_Command_Queue_Updated'}
2022-12-06 15:45:31,915 [EventQueue-CommandQueueReportForCommandQueueReportHandler] WARN  events.EventQueue (EventQueue.java:fireEvent(216)) - No event handler registered for event TypedEvent{payloadType=DatanodeDetails, name='Datanode_Command_Queue_Updated'}
2022-12-06 15:45:31,941 [EventQueue-CommandQueueReportForCommandQueueReportHandler] WARN  events.EventQueue (EventQueue.java:fireEvent(216)) - No event handler registered for event TypedEvent{payloadType=DatanodeDetails, name='Datanode_Command_Queue_Updated'}
2022-12-06 15:45:31,948 [EventQueue-CommandQueueReportForCommandQueueReportHandler] WARN  events.EventQueue (EventQueue.java:fireEvent(216)) - No event handler registered for event TypedEvent{payloadType=DatanodeDetails, name='Datanode_Command_Queue_Updated'}
2022-12-06 15:45:32,088 [EventQueue-CommandQueueReportForCommandQueueReportHandler] WARN  events.EventQueue (EventQueue.java:fireEvent(216)) - No event handler registered for event TypedEvent{payloadType=DatanodeDetails, name='Datanode_Command_Queue_Updated'}
2022-12-06 15:45:32,370 [Listener at 127.0.0.1/44149] INFO  ozone.MiniOzoneClusterImpl (MiniOzoneClusterImpl.java:lambda$waitForClusterToBeReady$0(216)) - Waiting for nodes to be ready. Got 9 of 10 DN Heartbeats.
2022-12-06 15:45:32,370 [Listener at 127.0.0.1/44149] INFO  ozone.MiniOzoneClusterImpl (MiniOzoneClusterImpl.java:lambda$waitForClusterToBeReady$0(219)) - Cluster exits safe mode
2022-12-06 15:45:32,370 [Listener at 127.0.0.1/44149] INFO  ozone.MiniOzoneClusterImpl (MiniOzoneClusterImpl.java:lambda$waitForClusterToBeReady$0(221)) - SCM became leader
2022-12-06 15:45:32,376 [EventQueue-CommandQueueReportForCommandQueueReportHandler] WARN  events.EventQueue (EventQueue.java:fireEvent(216)) - No event handler registered for event TypedEvent{payloadType=DatanodeDetails, name='Datanode_Command_Queue_Updated'}
2022-12-06 15:45:32,397 [EventQueue-CommandQueueReportForCommandQueueReportHandler] WARN  events.EventQueue (EventQueue.java:fireEvent(216)) - No event handler registered for event TypedEvent{payloadType=DatanodeDetails, name='Datanode_Command_Queue_Updated'}
2022-12-06 15:45:32,397 [EventQueue-PipelineReportForPipelineReportHandler] INFO  pipeline.PipelineReportHandler (PipelineReportHandler.java:processPipelineReport(115)) - Reported pipeline PipelineID=e5386add-d74c-4c86-b83f-6b60a7c996db is not found
2022-12-06 15:45:32,397 [EventQueue-PipelineReportForPipelineReportHandler] INFO  pipeline.PipelineReportHandler (PipelineReportHandler.java:processPipelineReport(115)) - Reported pipeline PipelineID=bf923e71-20ae-46e3-a36e-860da3541f0f is not found
2022-12-06 15:45:32,397 [EventQueue-PipelineReportForPipelineReportHandler] INFO  pipeline.PipelineReportHandler (PipelineReportHandler.java:processPipelineReport(115)) - Reported pipeline PipelineID=f835e2b8-2c94-4d28-b8f1-e6ef3be0cb72 is not found
2022-12-06 15:45:32,406 [EventQueue-CommandQueueReportForCommandQueueReportHandler] WARN  events.EventQueue (EventQueue.java:fireEvent(216)) - No event handler registered for event TypedEvent{payloadType=DatanodeDetails, name='Datanode_Command_Queue_Updated'}
2022-12-06 15:45:32,407 [EventQueue-CommandQueueReportForCommandQueueReportHandler] WARN  events.EventQueue (EventQueue.java:fireEvent(216)) - No event handler registered for event TypedEvent{payloadType=DatanodeDetails, name='Datanode_Command_Queue_Updated'}
2022-12-06 15:45:32,459 [EventQueue-CommandQueueReportForCommandQueueReportHandler] WARN  events.EventQueue (EventQueue.java:fireEvent(216)) - No event handler registered for event TypedEvent{payloadType=DatanodeDetails, name='Datanode_Command_Queue_Updated'}
2022-12-06 15:45:32,494 [EventQueue-HealthyReadonlyNodeForHealthyReadOnlyNodeHandler] INFO  node.HealthyReadOnlyNodeHandler (HealthyReadOnlyNodeHandler.java:onMessage(56)) - Datanode b0993b33-1422-4b90-a478-b8a2894a7eaa{ip: 10.1.0.110, host: fv-az133-40.ac31hddj4phu5ocom5smqd4hkf.cx.internal.cloudapp.net, ports: [REPLICATION=44271, RATIS=42755, RATIS_ADMIN=42755, RATIS_SERVER=42755, STANDALONE=38575], networkLocation: /default-rack, certSerialId: null, persistedOpState: IN_SERVICE, persistedOpStateExpiryEpochSec: 0} moved to HEALTHY READONLY state.
2022-12-06 15:45:32,494 [EventQueue-HealthyReadonlyNodeForHealthyReadOnlyNodeHandler] INFO  net.NetworkTopologyImpl (NetworkTopologyImpl.java:add(112)) - Added a new node: /default-rack/b0993b33-1422-4b90-a478-b8a2894a7eaa
2022-12-06 15:45:32,595 [EventQueue-HealthyReadonlyToHealthyNodeForReadOnlyHealthyToHealthyNodeHandler] INFO  node.ReadOnlyHealthyToHealthyNodeHandler (ReadOnlyHealthyToHealthyNodeHandler.java:onMessage(51)) - Datanode b0993b33-1422-4b90-a478-b8a2894a7eaa{ip: 10.1.0.110, host: fv-az133-40.ac31hddj4phu5ocom5smqd4hkf.cx.internal.cloudapp.net, ports: [REPLICATION=44271, RATIS=42755, RATIS_ADMIN=42755, RATIS_SERVER=42755, STANDALONE=38575], networkLocation: /default-rack, certSerialId: null, persistedOpState: IN_SERVICE, persistedOpStateExpiryEpochSec: 0} moved to HEALTHY state.
2022-12-06 15:45:32,595 [EventQueue-HealthyReadonlyToHealthyNodeForReadOnlyHealthyToHealthyNodeHandler] INFO  pipeline.BackgroundPipelineCreator (BackgroundPipelineCreator.java:notifyEventTriggered(276)) - trigger a one-shot run on RatisPipelineUtilsThread.
2022-12-06 15:45:32,595 [RatisPipelineUtilsThread - 0] INFO  pipeline.RatisPipelineProvider (RatisPipelineProvider.java:lambda$create$0(195)) - Sending CreatePipelineCommand for pipeline:PipelineID=4f5a5487-43a7-4142-bbd2-7b1e2564cd2a to datanode:b0993b33-1422-4b90-a478-b8a2894a7eaa
2022-12-06 15:45:32,596 [RatisPipelineUtilsThread - 0] INFO  pipeline.PipelineStateManagerImpl (PipelineStateManagerImpl.java:addPipeline(103)) - Created pipeline Pipeline[ Id: 4f5a5487-43a7-4142-bbd2-7b1e2564cd2a, Nodes: b0993b33-1422-4b90-a478-b8a2894a7eaa{ip: 10.1.0.110, host: fv-az133-40.ac31hddj4phu5ocom5smqd4hkf.cx.internal.cloudapp.net, ports: [REPLICATION=44271, RATIS=42755, RATIS_ADMIN=42755, RATIS_SERVER=42755, STANDALONE=38575], networkLocation: /default-rack, certSerialId: null, persistedOpState: IN_SERVICE, persistedOpStateExpiryEpochSec: 0}, ReplicationConfig: RATIS/ONE, State:ALLOCATED, leaderId:, CreationTimestamp2022-12-06T15:45:32.595Z[Etc/UTC]].
2022-12-06 15:45:32,597 [RatisPipelineUtilsThread - 0] INFO  pipeline.RatisPipelineProvider (RatisPipelineProvider.java:lambda$create$0(195)) - Sending CreatePipelineCommand for pipeline:PipelineID=96401a2a-4289-4e27-8629-f0ecac1ce6a4 to datanode:b0993b33-1422-4b90-a478-b8a2894a7eaa
2022-12-06 15:45:32,597 [RatisPipelineUtilsThread - 0] INFO  pipeline.RatisPipelineProvider (RatisPipelineProvider.java:lambda$create$0(195)) - Sending CreatePipelineCommand for pipeline:PipelineID=96401a2a-4289-4e27-8629-f0ecac1ce6a4 to datanode:0587405b-2ffa-4132-824d-547ca09f0e52
2022-12-06 15:45:32,597 [RatisPipelineUtilsThread - 0] INFO  pipeline.RatisPipelineProvider (RatisPipelineProvider.java:lambda$create$0(195)) - Sending CreatePipelineCommand for pipeline:PipelineID=96401a2a-4289-4e27-8629-f0ecac1ce6a4 to datanode:3023bd45-36c3-431f-9c1c-92b4e43de878
2022-12-06 15:45:32,597 [RatisPipelineUtilsThread - 0] INFO  pipeline.PipelineStateManagerImpl (PipelineStateManagerImpl.java:addPipeline(103)) - Created pipeline Pipeline[ Id: 96401a2a-4289-4e27-8629-f0ecac1ce6a4, Nodes: b0993b33-1422-4b90-a478-b8a2894a7eaa{ip: 10.1.0.110, host: fv-az133-40.ac31hddj4phu5ocom5smqd4hkf.cx.internal.cloudapp.net, ports: [REPLICATION=44271, RATIS=42755, RATIS_ADMIN=42755, RATIS_SERVER=42755, STANDALONE=38575], networkLocation: /default-rack, certSerialId: null, persistedOpState: IN_SERVICE, persistedOpStateExpiryEpochSec: 0}0587405b-2ffa-4132-824d-547ca09f0e52{ip: 10.1.0.110, host: fv-az133-40.ac31hddj4phu5ocom5smqd4hkf.cx.internal.cloudapp.net, ports: [REPLICATION=32813, RATIS=38421, RATIS_ADMIN=38421, RATIS_SERVER=38421, STANDALONE=40413], networkLocation: /default-rack, certSerialId: null, persistedOpState: IN_SERVICE, persistedOpStateExpiryEpochSec: 0}3023bd45-36c3-431f-9c1c-92b4e43de878{ip: 10.1.0.110, host: fv-az133-40.ac31hddj4phu5ocom5smqd4hkf.cx.internal.cloudapp.net, ports: [REPLICATION=35579, RATIS=42841, RATIS_ADMIN=42841, RATIS_SERVER=42841, STANDALONE=33457], networkLocation: /default-rack, certSerialId: null, persistedOpState: IN_SERVICE, persistedOpStateExpiryEpochSec: 0}, ReplicationConfig: RATIS/THREE, State:ALLOCATED, leaderId:, CreationTimestamp2022-12-06T15:45:32.597Z[Etc/UTC]].
2022-12-06 15:45:32,598 [RatisPipelineUtilsThread - 0] INFO  pipeline.RatisPipelineProvider (RatisPipelineProvider.java:lambda$create$0(195)) - Sending CreatePipelineCommand for pipeline:PipelineID=89b9b39a-e242-4ad6-8397-80eced8b0af8 to datanode:b0993b33-1422-4b90-a478-b8a2894a7eaa
2022-12-06 15:45:32,598 [RatisPipelineUtilsThread - 0] INFO  pipeline.RatisPipelineProvider (RatisPipelineProvider.java:lambda$create$0(195)) - Sending CreatePipelineCommand for pipeline:PipelineID=89b9b39a-e242-4ad6-8397-80eced8b0af8 to datanode:3023bd45-36c3-431f-9c1c-92b4e43de878
2022-12-06 15:45:32,598 [RatisPipelineUtilsThread - 0] INFO  pipeline.RatisPipelineProvider (RatisPipelineProvider.java:lambda$create$0(195)) - Sending CreatePipelineCommand for pipeline:PipelineID=89b9b39a-e242-4ad6-8397-80eced8b0af8 to datanode:0587405b-2ffa-4132-824d-547ca09f0e52
2022-12-06 15:45:32,598 [RatisPipelineUtilsThread - 0] INFO  pipeline.PipelineStateManagerImpl (PipelineStateManagerImpl.java:addPipeline(103)) - Created pipeline Pipeline[ Id: 89b9b39a-e242-4ad6-8397-80eced8b0af8, Nodes: b0993b33-1422-4b90-a478-b8a2894a7eaa{ip: 10.1.0.110, host: fv-az133-40.ac31hddj4phu5ocom5smqd4hkf.cx.internal.cloudapp.net, ports: [REPLICATION=44271, RATIS=42755, RATIS_ADMIN=42755, RATIS_SERVER=42755, STANDALONE=38575], networkLocation: /default-rack, certSerialId: null, persistedOpState: IN_SERVICE, persistedOpStateExpiryEpochSec: 0}3023bd45-36c3-431f-9c1c-92b4e43de878{ip: 10.1.0.110, host: fv-az133-40.ac31hddj4phu5ocom5smqd4hkf.cx.internal.cloudapp.net, ports: [REPLICATION=35579, RATIS=42841, RATIS_ADMIN=42841, RATIS_SERVER=42841, STANDALONE=33457], networkLocation: /default-rack, certSerialId: null, persistedOpState: IN_SERVICE, persistedOpStateExpiryEpochSec: 0}0587405b-2ffa-4132-824d-547ca09f0e52{ip: 10.1.0.110, host: fv-az133-40.ac31hddj4phu5ocom5smqd4hkf.cx.internal.cloudapp.net, ports: [REPLICATION=32813, RATIS=38421, RATIS_ADMIN=38421, RATIS_SERVER=38421, STANDALONE=40413], networkLocation: /default-rack, certSerialId: null, persistedOpState: IN_SERVICE, persistedOpStateExpiryEpochSec: 0}, ReplicationConfig: RATIS/THREE, State:ALLOCATED, leaderId:, CreationTimestamp2022-12-06T15:45:32.598Z[Etc/UTC]].
2022-12-06 15:45:32,598 [RatisPipelineUtilsThread - 0] INFO  pipeline.PipelineManagerImpl (PipelineManagerImpl.java:recordMetricsForPipeline(826)) - Pipeline: PipelineID=89b9b39a-e242-4ad6-8397-80eced8b0af8 contains same datanodes as previous pipelines: PipelineID=96401a2a-4289-4e27-8629-f0ecac1ce6a4 nodeIds: b0993b33-1422-4b90-a478-b8a2894a7eaa, 3023bd45-36c3-431f-9c1c-92b4e43de878, 0587405b-2ffa-4132-824d-547ca09f0e52
2022-12-06 15:45:32,801 [EventQueue-CommandQueueReportForCommandQueueReportHandler] WARN  events.EventQueue (EventQueue.java:fireEvent(216)) - No event handler registered for event TypedEvent{payloadType=DatanodeDetails, name='Datanode_Command_Queue_Updated'}
2022-12-06 15:45:32,915 [EventQueue-CommandQueueReportForCommandQueueReportHandler] WARN  events.EventQueue (EventQueue.java:fireEvent(216)) - No event handler registered for event TypedEvent{payloadType=DatanodeDetails, name='Datanode_Command_Queue_Updated'}
2022-12-06 15:45:32,941 [EventQueue-CommandQueueReportForCommandQueueReportHandler] WARN  events.EventQueue (EventQueue.java:fireEvent(216)) - No event handler registered for event TypedEvent{payloadType=DatanodeDetails, name='Datanode_Command_Queue_Updated'}
2022-12-06 15:45:32,948 [EventQueue-CommandQueueReportForCommandQueueReportHandler] WARN  events.EventQueue (EventQueue.java:fireEvent(216)) - No event handler registered for event TypedEvent{payloadType=DatanodeDetails, name='Datanode_Command_Queue_Updated'}
2022-12-06 15:45:33,088 [EventQueue-CommandQueueReportForCommandQueueReportHandler] WARN  events.EventQueue (EventQueue.java:fireEvent(216)) - No event handler registered for event TypedEvent{payloadType=DatanodeDetails, name='Datanode_Command_Queue_Updated'}
2022-12-06 15:45:33,370 [Listener at 127.0.0.1/44149] INFO  ozone.MiniOzoneClusterImpl (MiniOzoneClusterImpl.java:lambda$waitForClusterToBeReady$0(216)) - Nodes are ready. Got 10 of 10 DN Heartbeats.
2022-12-06 15:45:33,371 [Listener at 127.0.0.1/44149] INFO  ozone.MiniOzoneClusterImpl (MiniOzoneClusterImpl.java:lambda$waitForClusterToBeReady$0(219)) - Cluster exits safe mode
2022-12-06 15:45:33,371 [Listener at 127.0.0.1/44149] INFO  ozone.MiniOzoneClusterImpl (MiniOzoneClusterImpl.java:lambda$waitForClusterToBeReady$0(221)) - SCM became leader
2022-12-06 15:45:33,376 [EventQueue-CommandQueueReportForCommandQueueReportHandler] WARN  events.EventQueue (EventQueue.java:fireEvent(216)) - No event handler registered for event TypedEvent{payloadType=DatanodeDetails, name='Datanode_Command_Queue_Updated'}
2022-12-06 15:45:33,398 [EventQueue-CommandQueueReportForCommandQueueReportHandler] WARN  events.EventQueue (EventQueue.java:fireEvent(216)) - No event handler registered for event TypedEvent{payloadType=DatanodeDetails, name='Datanode_Command_Queue_Updated'}
2022-12-06 15:45:33,400 [Command processor thread] INFO  keyvalue.KeyValueContainer (KeyValueContainer.java:flushAndSyncDB(437)) - Container 1 is synced with bcsId 0.
2022-12-06 15:45:33,400 [Command processor thread] INFO  keyvalue.KeyValueContainer (KeyValueContainer.java:flushAndSyncDB(437)) - Container 1 is synced with bcsId 0.
2022-12-06 15:45:33,402 [EventQueue-CommandQueueReportForCommandQueueReportHandler] WARN  events.EventQueue (EventQueue.java:fireEvent(216)) - No event handler registered for event TypedEvent{payloadType=DatanodeDetails, name='Datanode_Command_Queue_Updated'}
2022-12-06 15:45:33,402 [Command processor thread] INFO  keyvalue.KeyValueContainer (KeyValueContainer.java:close(352)) - Container 1 is closed with bcsId 0.
2022-12-06 15:45:33,403 [Command processor thread] INFO  server.RaftServer (RaftServerProxy.java:remove(107)) - b0993b33-1422-4b90-a478-b8a2894a7eaa: remove  FOLLOWER b0993b33-1422-4b90-a478-b8a2894a7eaa@group-6B60A7C996DB:t2, leader=null, voted=b0993b33-1422-4b90-a478-b8a2894a7eaa, raftlog=Memoized:b0993b33-1422-4b90-a478-b8a2894a7eaa@group-6B60A7C996DB-SegmentedRaftLog:OPENED:c-1, conf=-1: peers:[]|listeners:[], old=null STARTING
2022-12-06 15:45:33,403 [Command processor thread] INFO  server.RaftServer$Division (RaftServerImpl.java:lambda$close$4(458)) - b0993b33-1422-4b90-a478-b8a2894a7eaa@group-6B60A7C996DB: shutdown
2022-12-06 15:45:33,403 [Command processor thread] INFO  util.JmxRegister (JmxRegister.java:unregister(73)) - Successfully un-registered JMX Bean with object name Ratis:service=RaftServer,group=group-6B60A7C996DB,id=b0993b33-1422-4b90-a478-b8a2894a7eaa
2022-12-06 15:45:33,403 [Command processor thread] INFO  impl.StateMachineUpdater (StateMachineUpdater.java:stopAndJoin(153)) - b0993b33-1422-4b90-a478-b8a2894a7eaa@group-6B60A7C996DB-StateMachineUpdater: set stopIndex = -1
2022-12-06 15:45:33,403 [Command processor thread] INFO  server.RaftServer$Division (ServerState.java:close(466)) - b0993b33-1422-4b90-a478-b8a2894a7eaa@group-6B60A7C996DB: closes. applyIndex: -1
2022-12-06 15:45:33,403 [b0993b33-1422-4b90-a478-b8a2894a7eaa@group-6B60A7C996DB-SegmentedRaftLogWorker] INFO  segmented.SegmentedRaftLogWorker (SegmentedRaftLogWorker.java:run(347)) - b0993b33-1422-4b90-a478-b8a2894a7eaa@group-6B60A7C996DB-SegmentedRaftLogWorker was interrupted, exiting. There are 0 tasks remaining in the queue.
2022-12-06 15:45:33,404 [Command processor thread] INFO  segmented.SegmentedRaftLogWorker (SegmentedRaftLogWorker.java:close(257)) - b0993b33-1422-4b90-a478-b8a2894a7eaa@group-6B60A7C996DB-SegmentedRaftLogWorker close()
2022-12-06 15:45:33,404 [EventQueue-CommandQueueReportForCommandQueueReportHandler] WARN  events.EventQueue (EventQueue.java:fireEvent(216)) - No event handler registered for event TypedEvent{payloadType=DatanodeDetails, name='Datanode_Command_Queue_Updated'}
2022-12-06 15:45:33,409 [EventQueue-CommandQueueReportForCommandQueueReportHandler] WARN  events.EventQueue (EventQueue.java:fireEvent(216)) - No event handler registered for event TypedEvent{payloadType=DatanodeDetails, name='Datanode_Command_Queue_Updated'}
2022-12-06 15:45:33,410 [EventQueue-CommandQueueReportForCommandQueueReportHandler] WARN  events.EventQueue (EventQueue.java:fireEvent(216)) - No event handler registered for event TypedEvent{payloadType=DatanodeDetails, name='Datanode_Command_Queue_Updated'}
2022-12-06 15:45:33,410 [Command processor thread] INFO  server.RaftServer$Division (RaftServerImpl.java:groupRemove(428)) - b0993b33-1422-4b90-a478-b8a2894a7eaa@group-6B60A7C996DB: Succeed to remove RaftStorageDirectory Storage Directory /home/runner/work/ozone/ozone/hadoop-ozone/integration-test/target/test-dir/MiniOzoneClusterImpl-dce15e54-dc76-4f82-a75a-fd2a8a22e08e/datanode-2/data/ratis/e5386add-d74c-4c86-b83f-6b60a7c996db
2022-12-06 15:45:33,411 [Command processor thread] INFO  commandhandler.ClosePipelineCommandHandler (ClosePipelineCommandHandler.java:handle(78)) - Close Pipeline PipelineID=e5386add-d74c-4c86-b83f-6b60a7c996db command on datanode b0993b33-1422-4b90-a478-b8a2894a7eaa.
2022-12-06 15:45:33,411 [Command processor thread] INFO  server.RaftServer (RaftServerProxy.java:remove(107)) - b0993b33-1422-4b90-a478-b8a2894a7eaa: remove  FOLLOWER b0993b33-1422-4b90-a478-b8a2894a7eaa@group-860DA3541F0F:t1, leader=null, voted=b0993b33-1422-4b90-a478-b8a2894a7eaa, raftlog=Memoized:b0993b33-1422-4b90-a478-b8a2894a7eaa@group-860DA3541F0F-SegmentedRaftLog:OPENED:c0, conf=0: peers:[b0993b33-1422-4b90-a478-b8a2894a7eaa|rpc:10.1.0.110:42755|dataStream:|priority:1|startupRole:FOLLOWER]|listeners:[], old=null RUNNING
2022-12-06 15:45:33,411 [Command processor thread] INFO  server.RaftServer$Division (RaftServerImpl.java:lambda$close$4(458)) - b0993b33-1422-4b90-a478-b8a2894a7eaa@group-860DA3541F0F: shutdown
2022-12-06 15:45:33,412 [Command processor thread] INFO  util.JmxRegister (JmxRegister.java:unregister(73)) - Successfully un-registered JMX Bean with object name Ratis:service=RaftServer,group=group-860DA3541F0F,id=b0993b33-1422-4b90-a478-b8a2894a7eaa
2022-12-06 15:45:33,412 [Command processor thread] INFO  impl.RoleInfo (RoleInfo.java:shutdownFollowerState(110)) - b0993b33-1422-4b90-a478-b8a2894a7eaa: shutdown b0993b33-1422-4b90-a478-b8a2894a7eaa@group-860DA3541F0F-FollowerState
2022-12-06 15:45:33,412 [b0993b33-1422-4b90-a478-b8a2894a7eaa@group-860DA3541F0F-FollowerState] INFO  impl.FollowerState (FollowerState.java:run(152)) - b0993b33-1422-4b90-a478-b8a2894a7eaa@group-860DA3541F0F-FollowerState was interrupted
2022-12-06 15:45:33,413 [Command processor thread] INFO  impl.StateMachineUpdater (StateMachineUpdater.java:stopAndJoin(153)) - b0993b33-1422-4b90-a478-b8a2894a7eaa@group-860DA3541F0F-StateMachineUpdater: set stopIndex = 0
2022-12-06 15:45:33,413 [Command processor thread] INFO  server.RaftServer$Division (ServerState.java:close(466)) - b0993b33-1422-4b90-a478-b8a2894a7eaa@group-860DA3541F0F: closes. applyIndex: 0
2022-12-06 15:45:33,413 [b0993b33-1422-4b90-a478-b8a2894a7eaa@group-860DA3541F0F-SegmentedRaftLogWorker] INFO  segmented.SegmentedRaftLogWorker (SegmentedRaftLogWorker.java:run(347)) - b0993b33-1422-4b90-a478-b8a2894a7eaa@group-860DA3541F0F-SegmentedRaftLogWorker was interrupted, exiting. There are 0 tasks remaining in the queue.
2022-12-06 15:45:33,415 [Command processor thread] INFO  segmented.SegmentedRaftLogWorker (SegmentedRaftLogWorker.java:close(257)) - b0993b33-1422-4b90-a478-b8a2894a7eaa@group-860DA3541F0F-SegmentedRaftLogWorker close()
2022-12-06 15:45:33,418 [Command processor thread] INFO  server.RaftServer$Division (RaftServerImpl.java:groupRemove(428)) - b0993b33-1422-4b90-a478-b8a2894a7eaa@group-860DA3541F0F: Succeed to remove RaftStorageDirectory Storage Directory /home/runner/work/ozone/ozone/hadoop-ozone/integration-test/target/test-dir/MiniOzoneClusterImpl-dce15e54-dc76-4f82-a75a-fd2a8a22e08e/datanode-2/data/ratis/bf923e71-20ae-46e3-a36e-860da3541f0f
2022-12-06 15:45:33,418 [Command processor thread] INFO  commandhandler.ClosePipelineCommandHandler (ClosePipelineCommandHandler.java:handle(78)) - Close Pipeline PipelineID=bf923e71-20ae-46e3-a36e-860da3541f0f command on datanode b0993b33-1422-4b90-a478-b8a2894a7eaa.
2022-12-06 15:45:33,418 [Command processor thread] INFO  server.RaftServer (RaftServerProxy.java:remove(107)) - b0993b33-1422-4b90-a478-b8a2894a7eaa: remove  FOLLOWER b0993b33-1422-4b90-a478-b8a2894a7eaa@group-E6EF3BE0CB72:t2, leader=null, voted=b0993b33-1422-4b90-a478-b8a2894a7eaa, raftlog=Memoized:b0993b33-1422-4b90-a478-b8a2894a7eaa@group-E6EF3BE0CB72-SegmentedRaftLog:OPENED:c0, conf=0: peers:[b0993b33-1422-4b90-a478-b8a2894a7eaa|rpc:10.1.0.110:42755|dataStream:|priority:1|startupRole:FOLLOWER, 4ef44404-e624-4c50-bb49-8deedaf9742c|rpc:10.1.0.110:46141|dataStream:|priority:0|startupRole:FOLLOWER, 0587405b-2ffa-4132-824d-547ca09f0e52|rpc:10.1.0.110:38421|dataStream:|priority:0|startupRole:FOLLOWER]|listeners:[], old=null RUNNING
2022-12-06 15:45:33,418 [Command processor thread] INFO  server.RaftServer$Division (RaftServerImpl.java:lambda$close$4(458)) - b0993b33-1422-4b90-a478-b8a2894a7eaa@group-E6EF3BE0CB72: shutdown
2022-12-06 15:45:33,419 [Command processor thread] INFO  util.JmxRegister (JmxRegister.java:unregister(73)) - Successfully un-registered JMX Bean with object name Ratis:service=RaftServer,group=group-E6EF3BE0CB72,id=b0993b33-1422-4b90-a478-b8a2894a7eaa
2022-12-06 15:45:33,419 [Command processor thread] INFO  impl.RoleInfo (RoleInfo.java:shutdownFollowerState(110)) - b0993b33-1422-4b90-a478-b8a2894a7eaa: shutdown b0993b33-1422-4b90-a478-b8a2894a7eaa@group-E6EF3BE0CB72-FollowerState
2022-12-06 15:45:33,419 [b0993b33-1422-4b90-a478-b8a2894a7eaa@group-E6EF3BE0CB72-FollowerState] INFO  impl.FollowerState (FollowerState.java:run(152)) - b0993b33-1422-4b90-a478-b8a2894a7eaa@group-E6EF3BE0CB72-FollowerState was interrupted
2022-12-06 15:45:33,420 [Command processor thread] INFO  impl.StateMachineUpdater (StateMachineUpdater.java:stopAndJoin(153)) - b0993b33-1422-4b90-a478-b8a2894a7eaa@group-E6EF3BE0CB72-StateMachineUpdater: set stopIndex = 0
2022-12-06 15:45:33,420 [Command processor thread] INFO  server.RaftServer$Division (ServerState.java:close(466)) - b0993b33-1422-4b90-a478-b8a2894a7eaa@group-E6EF3BE0CB72: closes. applyIndex: 0
2022-12-06 15:45:33,420 [b0993b33-1422-4b90-a478-b8a2894a7eaa@group-E6EF3BE0CB72-SegmentedRaftLogWorker] INFO  segmented.SegmentedRaftLogWorker (SegmentedRaftLogWorker.java:run(347)) - b0993b33-1422-4b90-a478-b8a2894a7eaa@group-E6EF3BE0CB72-SegmentedRaftLogWorker was interrupted, exiting. There are 0 tasks remaining in the queue.
2022-12-06 15:45:33,422 [Command processor thread] INFO  segmented.SegmentedRaftLogWorker (SegmentedRaftLogWorker.java:close(257)) - b0993b33-1422-4b90-a478-b8a2894a7eaa@group-E6EF3BE0CB72-SegmentedRaftLogWorker close()
2022-12-06 15:45:33,427 [Command processor thread] INFO  server.RaftServer$Division (RaftServerImpl.java:groupRemove(428)) - b0993b33-1422-4b90-a478-b8a2894a7eaa@group-E6EF3BE0CB72: Succeed to remove RaftStorageDirectory Storage Directory /home/runner/work/ozone/ozone/hadoop-ozone/integration-test/target/test-dir/MiniOzoneClusterImpl-dce15e54-dc76-4f82-a75a-fd2a8a22e08e/datanode-2/data/ratis/f835e2b8-2c94-4d28-b8f1-e6ef3be0cb72
2022-12-06 15:45:33,427 [Command processor thread] INFO  commandhandler.ClosePipelineCommandHandler (ClosePipelineCommandHandler.java:handle(78)) - Close Pipeline PipelineID=f835e2b8-2c94-4d28-b8f1-e6ef3be0cb72 command on datanode b0993b33-1422-4b90-a478-b8a2894a7eaa.
2022-12-06 15:45:33,428 [pool-400-thread-1] INFO  server.RaftServer$Division (RaftServerImpl.java:<init>(195)) - b0993b33-1422-4b90-a478-b8a2894a7eaa: new RaftServerImpl for group-7B1E2564CD2A:[b0993b33-1422-4b90-a478-b8a2894a7eaa|rpc:10.1.0.110:42755|priority:1|startupRole:FOLLOWER] with ContainerStateMachine:uninitialized
2022-12-06 15:45:33,428 [pool-400-thread-1] INFO  server.RaftServerConfigKeys (ConfUtils.java:logGet(46)) - raft.server.rpc.timeout.min = 5s (custom)
2022-12-06 15:45:33,428 [pool-400-thread-1] INFO  server.RaftServerConfigKeys (ConfUtils.java:logGet(46)) - raft.server.rpc.timeout.max = 5200ms (custom)
2022-12-06 15:45:33,428 [pool-400-thread-1] INFO  server.RaftServerConfigKeys (ConfUtils.java:logGet(46)) - raft.server.rpc.sleep.time = 25ms (default)
2022-12-06 15:45:33,428 [pool-400-thread-1] INFO  server.RaftServerConfigKeys (ConfUtils.java:logGet(46)) - raft.server.rpc.slowness.timeout = 300s (custom)
2022-12-06 15:45:33,428 [pool-400-thread-1] INFO  server.RaftServerConfigKeys (ConfUtils.java:logGet(46)) - raft.server.leaderelection.leader.step-down.wait-time = 10s (default)
2022-12-06 15:45:33,428 [pool-400-thread-1] INFO  server.RaftServerConfigKeys (ConfUtils.java:logGet(46)) - raft.server.sleep.deviation.threshold = 300ms (default)
2022-12-06 15:45:33,428 [pool-400-thread-1] INFO  server.RaftServer$Division (ServerState.java:<init>(118)) - b0993b33-1422-4b90-a478-b8a2894a7eaa@group-7B1E2564CD2A: ConfigurationManager, init=-1: peers:[b0993b33-1422-4b90-a478-b8a2894a7eaa|rpc:10.1.0.110:42755|priority:1|startupRole:FOLLOWER]|listeners:[], old=null, confs=<EMPTY_MAP>
2022-12-06 15:45:33,428 [pool-400-thread-1] INFO  server.RaftServerConfigKeys (ConfUtils.java:logGet(46)) - raft.server.storage.dir = [/home/runner/work/ozone/ozone/hadoop-ozone/integration-test/target/test-dir/MiniOzoneClusterImpl-dce15e54-dc76-4f82-a75a-fd2a8a22e08e/datanode-2/data/ratis] (custom)
2022-12-06 15:45:33,429 [pool-400-thread-1] INFO  server.RaftServerConfigKeys (ConfUtils.java:logGet(46)) - raft.server.log.corruption.policy = EXCEPTION (default)
2022-12-06 15:45:33,429 [pool-400-thread-1] INFO  server.RaftServerConfigKeys (ConfUtils.java:logGet(46)) - raft.server.storage.free-space.min = 0MB (=0) (default)
2022-12-06 15:45:33,429 [pool-400-thread-1] INFO  server.RaftServerConfigKeys (ConfUtils.java:logGet(46)) - raft.server.notification.no-leader.timeout = 300s (custom)
2022-12-06 15:45:33,429 [pool-400-thread-1] INFO  server.RaftServerConfigKeys (ConfUtils.java:logGet(46)) - raft.server.retrycache.expirytime = 600000ms (custom)
2022-12-06 15:45:33,429 [pool-400-thread-1] INFO  server.RaftServerConfigKeys (ConfUtils.java:logGet(46)) - raft.server.retrycache.statistics.expirytime = 100μs (default)
2022-12-06 15:45:33,429 [Command processor thread] INFO  server.RaftServer (RaftServerProxy.java:addNew(96)) - b0993b33-1422-4b90-a478-b8a2894a7eaa: addNew group-7B1E2564CD2A:[b0993b33-1422-4b90-a478-b8a2894a7eaa|rpc:10.1.0.110:42755|priority:1|startupRole:FOLLOWER] returns group-7B1E2564CD2A:java.util.concurrent.CompletableFuture@249644d7[Not completed]
2022-12-06 15:45:33,432 [pool-400-thread-1] INFO  server.RaftServerConfigKeys (ConfUtils.java:logGet(46)) - raft.server.log.appender.install.snapshot.enabled = false (custom)
2022-12-06 15:45:33,432 [pool-400-thread-1] INFO  server.RaftServerConfigKeys (ConfUtils.java:logGet(46)) - raft.server.threadpool.server.cached = true (default)
2022-12-06 15:45:33,432 [pool-400-thread-1] INFO  server.RaftServerConfigKeys (ConfUtils.java:logGet(46)) - raft.server.threadpool.server.size = 0 (default)
2022-12-06 15:45:33,432 [pool-400-thread-1] INFO  server.RaftServerConfigKeys (ConfUtils.java:logGet(46)) - raft.server.threadpool.client.cached = true (default)
2022-12-06 15:45:33,432 [pool-400-thread-1] INFO  server.RaftServerConfigKeys (ConfUtils.java:logGet(46)) - raft.server.threadpool.client.size = 0 (default)
2022-12-06 15:45:33,433 [pool-400-thread-1] INFO  storage.RaftStorageDirectory (RaftStorageDirectoryImpl.java:analyzeStorage(137)) - The storage directory /home/runner/work/ozone/ozone/hadoop-ozone/integration-test/target/test-dir/MiniOzoneClusterImpl-dce15e54-dc76-4f82-a75a-fd2a8a22e08e/datanode-2/data/ratis/4f5a5487-43a7-4142-bbd2-7b1e2564cd2a does not exist. Creating ...
2022-12-06 15:45:33,434 [pool-400-thread-1] INFO  storage.RaftStorageDirectory (RaftStorageDirectoryImpl.java:tryLock(231)) - Lock on /home/runner/work/ozone/ozone/hadoop-ozone/integration-test/target/test-dir/MiniOzoneClusterImpl-dce15e54-dc76-4f82-a75a-fd2a8a22e08e/datanode-2/data/ratis/4f5a5487-43a7-4142-bbd2-7b1e2564cd2a/in_use.lock acquired by nodename 46996@fv-az133-40
2022-12-06 15:45:33,435 [pool-400-thread-1] INFO  storage.RaftStorage (RaftStorageImpl.java:format(96)) - Storage directory /home/runner/work/ozone/ozone/hadoop-ozone/integration-test/target/test-dir/MiniOzoneClusterImpl-dce15e54-dc76-4f82-a75a-fd2a8a22e08e/datanode-2/data/ratis/4f5a5487-43a7-4142-bbd2-7b1e2564cd2a has been successfully formatted.
2022-12-06 15:45:33,436 [pool-400-thread-1] INFO  ratis.ContainerStateMachine (ContainerStateMachine.java:loadSnapshot(236)) - group-7B1E2564CD2A: The snapshot info is null. Setting the last applied indexto:(t:0, i:~)
2022-12-06 15:45:33,436 [pool-400-thread-1] INFO  server.RaftServerConfigKeys (ConfUtils.java:logGet(46)) - raft.server.log.use.memory = false (default)
2022-12-06 15:45:33,437 [pool-400-thread-1] INFO  server.RaftServerConfigKeys (ConfUtils.java:logGet(46)) - raft.server.log.purge.gap = 1000000 (custom)
2022-12-06 15:45:33,437 [EventQueue-PipelineReportForPipelineReportHandler] INFO  pipeline.PipelineManagerImpl (PipelineManagerImpl.java:openPipeline(367)) - Pipeline Pipeline[ Id: 4f5a5487-43a7-4142-bbd2-7b1e2564cd2a, Nodes: b0993b33-1422-4b90-a478-b8a2894a7eaa{ip: 10.1.0.110, host: fv-az133-40.ac31hddj4phu5ocom5smqd4hkf.cx.internal.cloudapp.net, ports: [REPLICATION=44271, RATIS=42755, RATIS_ADMIN=42755, RATIS_SERVER=42755, STANDALONE=38575], networkLocation: /default-rack, certSerialId: null, persistedOpState: IN_SERVICE, persistedOpStateExpiryEpochSec: 0}, ReplicationConfig: RATIS/ONE, State:ALLOCATED, leaderId:b0993b33-1422-4b90-a478-b8a2894a7eaa, CreationTimestamp2022-12-06T15:45:32.595Z[Etc/UTC]] moved to OPEN state
2022-12-06 15:45:33,436 [EventQueue-CommandQueueReportForCommandQueueReportHandler] WARN  events.EventQueue (EventQueue.java:fireEvent(216)) - No event handler registered for event TypedEvent{payloadType=DatanodeDetails, name='Datanode_Command_Queue_Updated'}
2022-12-06 15:45:33,437 [pool-400-thread-1] INFO  server.RaftServerConfigKeys (ConfUtils.java:logGet(46)) - raft.server.log.appender.buffer.byte-limit = 33554432 (custom)
2022-12-06 15:45:33,438 [pool-400-thread-1] INFO  server.RaftServerConfigKeys (ConfUtils.java:logGet(46)) - raft.server.log.statemachine.data.read.timeout = 1000ms (default)
2022-12-06 15:45:33,438 [pool-400-thread-1] INFO  server.RaftServerConfigKeys (ConfUtils.java:logGet(46)) - raft.server.log.purge.preservation.log.num = 0 (default)
2022-12-06 15:45:33,438 [pool-400-thread-1] INFO  server.RaftServerConfigKeys (ConfUtils.java:logGet(46)) - raft.server.log.segment.size.max = 1048576 (custom)
2022-12-06 15:45:33,438 [pool-400-thread-1] INFO  server.RaftServerConfigKeys (ConfUtils.java:logGet(46)) - raft.server.log.segment.cache.num.max = 2 (custom)
2022-12-06 15:45:33,438 [pool-400-thread-1] INFO  server.RaftServerConfigKeys (ConfUtils.java:logGet(46)) - raft.server.log.segment.cache.size.max = 200MB (=209715200) (default)
2022-12-06 15:45:33,438 [pool-400-thread-1] INFO  segmented.SegmentedRaftLogWorker (SegmentedRaftLogWorker.java:<init>(189)) - new b0993b33-1422-4b90-a478-b8a2894a7eaa@group-7B1E2564CD2A-SegmentedRaftLogWorker for RaftStorageImpl:Storage Directory /home/runner/work/ozone/ozone/hadoop-ozone/integration-test/target/test-dir/MiniOzoneClusterImpl-dce15e54-dc76-4f82-a75a-fd2a8a22e08e/datanode-2/data/ratis/4f5a5487-43a7-4142-bbd2-7b1e2564cd2a
2022-12-06 15:45:33,438 [pool-400-thread-1] INFO  server.RaftServerConfigKeys (ConfUtils.java:logGet(46)) - raft.server.log.queue.byte-limit = 4294967296 (custom)
2022-12-06 15:45:33,438 [pool-400-thread-1] INFO  server.RaftServerConfigKeys (ConfUtils.java:logGet(46)) - raft.server.log.queue.element-limit = 1024 (custom)
2022-12-06 15:45:33,438 [pool-400-thread-1] INFO  server.RaftServerConfigKeys (ConfUtils.java:logGet(46)) - raft.server.log.segment.size.max = 1048576 (custom)
2022-12-06 15:45:33,438 [pool-400-thread-1] INFO  server.RaftServerConfigKeys (ConfUtils.java:logGet(46)) - raft.server.log.preallocated.size = 16384 (custom)
2022-12-06 15:45:33,439 [pool-400-thread-1] INFO  server.RaftServerConfigKeys (ConfUtils.java:logGet(46)) - raft.server.log.force.sync.num = 128 (default)
2022-12-06 15:45:33,439 [pool-400-thread-1] INFO  server.RaftServerConfigKeys (ConfUtils.java:logGet(46)) - raft.server.log.statemachine.data.sync = true (default)
2022-12-06 15:45:33,439 [pool-400-thread-1] INFO  server.RaftServerConfigKeys (ConfUtils.java:logGet(46)) - raft.server.log.statemachine.data.sync.timeout = 10s (default)
2022-12-06 15:45:33,439 [pool-400-thread-1] INFO  server.RaftServerConfigKeys (ConfUtils.java:logGet(46)) - raft.server.log.statemachine.data.sync.timeout.retry = -1 (default)
2022-12-06 15:45:33,439 [pool-400-thread-1] INFO  server.RaftServerConfigKeys (ConfUtils.java:logGet(46)) - raft.server.log.write.buffer.size = 1048576 (custom)
2022-12-06 15:45:33,440 [pool-400-thread-1] INFO  server.RaftServerConfigKeys (ConfUtils.java:logGet(46)) - raft.server.log.appender.buffer.byte-limit = 33554432 (custom)
2022-12-06 15:45:33,447 [pool-400-thread-1] INFO  server.RaftServerConfigKeys (ConfUtils.java:logGet(46)) - raft.server.log.unsafe-flush.enabled = false (default)
2022-12-06 15:45:33,449 [pool-400-thread-1] INFO  server.RaftServerConfigKeys (ConfUtils.java:logGet(46)) - raft.server.log.async-flush.enabled = false (default)
2022-12-06 15:45:33,449 [pool-400-thread-1] INFO  server.RaftServerConfigKeys (ConfUtils.java:logGet(46)) - raft.server.log.statemachine.data.caching.enabled = true (custom)
2022-12-06 15:45:33,450 [pool-400-thread-1] INFO  segmented.SegmentedRaftLogWorker (SegmentedRaftLogWorker.java:lambda$new$0(135)) - b0993b33-1422-4b90-a478-b8a2894a7eaa@group-7B1E2564CD2A-SegmentedRaftLogWorker: flushIndex: setUnconditionally 0 -> -1
2022-12-06 15:45:33,451 [pool-400-thread-1] INFO  segmented.SegmentedRaftLogWorker (SegmentedRaftLogWorker.java:lambda$new$0(135)) - b0993b33-1422-4b90-a478-b8a2894a7eaa@group-7B1E2564CD2A-SegmentedRaftLogWorker: safeCacheEvictIndex: setUnconditionally 0 -> -1
2022-12-06 15:45:33,455 [pool-400-thread-1] INFO  server.RaftServer$Division (RaftServerImpl.java:start(334)) - b0993b33-1422-4b90-a478-b8a2894a7eaa@group-7B1E2564CD2A: start as a follower, conf=-1: peers:[b0993b33-1422-4b90-a478-b8a2894a7eaa|rpc:10.1.0.110:42755|priority:1|startupRole:FOLLOWER]|listeners:[], old=null
2022-12-06 15:45:33,455 [pool-400-thread-1] INFO  server.RaftServer$Division (RaftServerImpl.java:setRole(321)) - b0993b33-1422-4b90-a478-b8a2894a7eaa@group-7B1E2564CD2A: changes role from      null to FOLLOWER at term 0 for startAsFollower
2022-12-06 15:45:33,455 [pool-400-thread-1] INFO  impl.RoleInfo (RoleInfo.java:updateAndGet(139)) - b0993b33-1422-4b90-a478-b8a2894a7eaa: start b0993b33-1422-4b90-a478-b8a2894a7eaa@group-7B1E2564CD2A-FollowerState
2022-12-06 15:45:33,455 [pool-400-thread-1] INFO  util.JmxRegister (JmxRegister.java:tryRegister(44)) - Successfully registered JMX Bean with object name Ratis:service=RaftServer,group=group-7B1E2564CD2A,id=b0993b33-1422-4b90-a478-b8a2894a7eaa
2022-12-06 15:45:33,455 [pool-400-thread-1] INFO  server.RaftServerConfigKeys (ConfUtils.java:logGet(46)) - raft.server.snapshot.auto.trigger.enabled = true (custom)
2022-12-06 15:45:33,455 [pool-400-thread-1] INFO  server.RaftServerConfigKeys (ConfUtils.java:logGet(46)) - raft.server.snapshot.auto.trigger.threshold = 10000 (custom)
2022-12-06 15:45:33,455 [pool-400-thread-1] INFO  server.RaftServerConfigKeys (ConfUtils.java:logGet(46)) - raft.server.snapshot.retention.file.num = 5 (custom)
2022-12-06 15:45:33,455 [pool-400-thread-1] INFO  server.RaftServerConfigKeys (ConfUtils.java:logGet(46)) - raft.server.log.purge.upto.snapshot.index = false (default)
2022-12-06 15:45:33,456 [b0993b33-1422-4b90-a478-b8a2894a7eaa@group-7B1E2564CD2A-FollowerState] INFO  server.RaftServerConfigKeys (ConfUtils.java:logFallback(53)) - raft.server.rpc.first-election.timeout.min = 5s (fallback to raft.server.rpc.timeout.min)
2022-12-06 15:45:33,456 [b0993b33-1422-4b90-a478-b8a2894a7eaa@group-7B1E2564CD2A-FollowerState] INFO  server.RaftServerConfigKeys (ConfUtils.java:logFallback(53)) - raft.server.rpc.first-election.timeout.max = 5200ms (fallback to raft.server.rpc.timeout.max)
2022-12-06 15:45:33,458 [EventQueue-CommandQueueReportForCommandQueueReportHandler] WARN  events.EventQueue (EventQueue.java:fireEvent(216)) - No event handler registered for event TypedEvent{payloadType=DatanodeDetails, name='Datanode_Command_Queue_Updated'}
2022-12-06 15:45:33,460 [Command processor thread] INFO  ratis.XceiverServerRatis (XceiverServerRatis.java:addGroup(765)) - Created group PipelineID=4f5a5487-43a7-4142-bbd2-7b1e2564cd2a
2022-12-06 15:45:33,460 [Command processor thread] INFO  commandhandler.CreatePipelineCommandHandler (CreatePipelineCommandHandler.java:handle(113)) - Created Pipeline RATIS ONE PipelineID=4f5a5487-43a7-4142-bbd2-7b1e2564cd2a.
2022-12-06 15:45:33,460 [Command processor thread] INFO  server.RaftServer (RaftServerProxy.java:addNew(96)) - b0993b33-1422-4b90-a478-b8a2894a7eaa: addNew group-F0ECAC1CE6A4:[b0993b33-1422-4b90-a478-b8a2894a7eaa|rpc:10.1.0.110:42755|priority:1|startupRole:FOLLOWER, 0587405b-2ffa-4132-824d-547ca09f0e52|rpc:10.1.0.110:38421|priority:0|startupRole:FOLLOWER, 3023bd45-36c3-431f-9c1c-92b4e43de878|rpc:10.1.0.110:42841|priority:0|startupRole:FOLLOWER] returns group-F0ECAC1CE6A4:java.util.concurrent.CompletableFuture@6553aacc[Not completed]
2022-12-06 15:45:33,461 [pool-400-thread-1] INFO  server.RaftServer$Division (RaftServerImpl.java:<init>(195)) - b0993b33-1422-4b90-a478-b8a2894a7eaa: new RaftServerImpl for group-F0ECAC1CE6A4:[b0993b33-1422-4b90-a478-b8a2894a7eaa|rpc:10.1.0.110:42755|priority:1|startupRole:FOLLOWER, 0587405b-2ffa-4132-824d-547ca09f0e52|rpc:10.1.0.110:38421|priority:0|startupRole:FOLLOWER, 3023bd45-36c3-431f-9c1c-92b4e43de878|rpc:10.1.0.110:42841|priority:0|startupRole:FOLLOWER] with ContainerStateMachine:uninitialized
2022-12-06 15:45:33,461 [pool-400-thread-1] INFO  server.RaftServerConfigKeys (ConfUtils.java:logGet(46)) - raft.server.rpc.timeout.min = 5s (custom)
2022-12-06 15:45:33,462 [pool-400-thread-1] INFO  server.RaftServerConfigKeys (ConfUtils.java:logGet(46)) - raft.server.rpc.timeout.max = 5200ms (custom)
2022-12-06 15:45:33,462 [pool-400-thread-1] INFO  server.RaftServerConfigKeys (ConfUtils.java:logGet(46)) - raft.server.rpc.sleep.time = 25ms (default)
2022-12-06 15:45:33,462 [pool-400-thread-1] INFO  server.RaftServerConfigKeys (ConfUtils.java:logGet(46)) - raft.server.rpc.slowness.timeout = 300s (custom)
2022-12-06 15:45:33,462 [pool-400-thread-1] INFO  server.RaftServerConfigKeys (ConfUtils.java:logGet(46)) - raft.server.leaderelection.leader.step-down.wait-time = 10s (default)
2022-12-06 15:45:33,462 [pool-400-thread-1] INFO  server.RaftServerConfigKeys (ConfUtils.java:logGet(46)) - raft.server.sleep.deviation.threshold = 300ms (default)
2022-12-06 15:45:33,462 [pool-400-thread-1] INFO  server.RaftServer$Division (ServerState.java:<init>(118)) - b0993b33-1422-4b90-a478-b8a2894a7eaa@group-F0ECAC1CE6A4: ConfigurationManager, init=-1: peers:[b0993b33-1422-4b90-a478-b8a2894a7eaa|rpc:10.1.0.110:42755|priority:1|startupRole:FOLLOWER, 0587405b-2ffa-4132-824d-547ca09f0e52|rpc:10.1.0.110:38421|priority:0|startupRole:FOLLOWER, 3023bd45-36c3-431f-9c1c-92b4e43de878|rpc:10.1.0.110:42841|priority:0|startupRole:FOLLOWER]|listeners:[], old=null, confs=<EMPTY_MAP>
2022-12-06 15:45:33,462 [pool-400-thread-1] INFO  server.RaftServerConfigKeys (ConfUtils.java:logGet(46)) - raft.server.storage.dir = [/home/runner/work/ozone/ozone/hadoop-ozone/integration-test/target/test-dir/MiniOzoneClusterImpl-dce15e54-dc76-4f82-a75a-fd2a8a22e08e/datanode-2/data/ratis] (custom)
2022-12-06 15:45:33,462 [pool-400-thread-1] INFO  server.RaftServerConfigKeys (ConfUtils.java:logGet(46)) - raft.server.log.corruption.policy = EXCEPTION (default)
2022-12-06 15:45:33,462 [pool-400-thread-1] INFO  server.RaftServerConfigKeys (ConfUtils.java:logGet(46)) - raft.server.storage.free-space.min = 0MB (=0) (default)
2022-12-06 15:45:33,462 [pool-400-thread-1] INFO  server.RaftServerConfigKeys (ConfUtils.java:logGet(46)) - raft.server.notification.no-leader.timeout = 300s (custom)
2022-12-06 15:45:33,462 [pool-400-thread-1] INFO  server.RaftServerConfigKeys (ConfUtils.java:logGet(46)) - raft.server.retrycache.expirytime = 600000ms (custom)
2022-12-06 15:45:33,462 [pool-400-thread-1] INFO  server.RaftServerConfigKeys (ConfUtils.java:logGet(46)) - raft.server.retrycache.statistics.expirytime = 100μs (default)
2022-12-06 15:45:33,463 [pool-400-thread-1] INFO  server.RaftServerConfigKeys (ConfUtils.java:logGet(46)) - raft.server.log.appender.install.snapshot.enabled = false (custom)
2022-12-06 15:45:33,463 [pool-400-thread-1] INFO  server.RaftServerConfigKeys (ConfUtils.java:logGet(46)) - raft.server.threadpool.server.cached = true (default)
2022-12-06 15:45:33,463 [pool-400-thread-1] INFO  server.RaftServerConfigKeys (ConfUtils.java:logGet(46)) - raft.server.threadpool.server.size = 0 (default)
2022-12-06 15:45:33,463 [pool-400-thread-1] INFO  server.RaftServerConfigKeys (ConfUtils.java:logGet(46)) - raft.server.threadpool.client.cached = true (default)
2022-12-06 15:45:33,463 [pool-400-thread-1] INFO  server.RaftServerConfigKeys (ConfUtils.java:logGet(46)) - raft.server.threadpool.client.size = 0 (default)
2022-12-06 15:45:33,464 [pool-400-thread-1] INFO  storage.RaftStorageDirectory (RaftStorageDirectoryImpl.java:analyzeStorage(137)) - The storage directory /home/runner/work/ozone/ozone/hadoop-ozone/integration-test/target/test-dir/MiniOzoneClusterImpl-dce15e54-dc76-4f82-a75a-fd2a8a22e08e/datanode-2/data/ratis/96401a2a-4289-4e27-8629-f0ecac1ce6a4 does not exist. Creating ...
2022-12-06 15:45:33,465 [pool-400-thread-1] INFO  storage.RaftStorageDirectory (RaftStorageDirectoryImpl.java:tryLock(231)) - Lock on /home/runner/work/ozone/ozone/hadoop-ozone/integration-test/target/test-dir/MiniOzoneClusterImpl-dce15e54-dc76-4f82-a75a-fd2a8a22e08e/datanode-2/data/ratis/96401a2a-4289-4e27-8629-f0ecac1ce6a4/in_use.lock acquired by nodename 46996@fv-az133-40
2022-12-06 15:45:33,466 [pool-400-thread-1] INFO  storage.RaftStorage (RaftStorageImpl.java:format(96)) - Storage directory /home/runner/work/ozone/ozone/hadoop-ozone/integration-test/target/test-dir/MiniOzoneClusterImpl-dce15e54-dc76-4f82-a75a-fd2a8a22e08e/datanode-2/data/ratis/96401a2a-4289-4e27-8629-f0ecac1ce6a4 has been successfully formatted.
2022-12-06 15:45:33,467 [pool-400-thread-1] INFO  ratis.ContainerStateMachine (ContainerStateMachine.java:loadSnapshot(236)) - group-F0ECAC1CE6A4: The snapshot info is null. Setting the last applied indexto:(t:0, i:~)
2022-12-06 15:45:33,467 [pool-400-thread-1] INFO  server.RaftServerConfigKeys (ConfUtils.java:logGet(46)) - raft.server.log.use.memory = false (default)
2022-12-06 15:45:33,467 [pool-400-thread-1] INFO  server.RaftServerConfigKeys (ConfUtils.java:logGet(46)) - raft.server.log.purge.gap = 1000000 (custom)
2022-12-06 15:45:33,467 [pool-400-thread-1] INFO  server.RaftServerConfigKeys (ConfUtils.java:logGet(46)) - raft.server.log.appender.buffer.byte-limit = 33554432 (custom)
2022-12-06 15:45:33,467 [pool-400-thread-1] INFO  server.RaftServerConfigKeys (ConfUtils.java:logGet(46)) - raft.server.log.statemachine.data.read.timeout = 1000ms (default)
2022-12-06 15:45:33,467 [pool-400-thread-1] INFO  server.RaftServerConfigKeys (ConfUtils.java:logGet(46)) - raft.server.log.purge.preservation.log.num = 0 (default)
2022-12-06 15:45:33,467 [pool-400-thread-1] INFO  server.RaftServerConfigKeys (ConfUtils.java:logGet(46)) - raft.server.log.segment.size.max = 1048576 (custom)
2022-12-06 15:45:33,467 [EventQueue-CommandQueueReportForCommandQueueReportHandler] WARN  events.EventQueue (EventQueue.java:fireEvent(216)) - No event handler registered for event TypedEvent{payloadType=DatanodeDetails, name='Datanode_Command_Queue_Updated'}
2022-12-06 15:45:33,468 [pool-400-thread-1] INFO  server.RaftServerConfigKeys (ConfUtils.java:logGet(46)) - raft.server.log.segment.cache.num.max = 2 (custom)
2022-12-06 15:45:33,468 [pool-400-thread-1] INFO  server.RaftServerConfigKeys (ConfUtils.java:logGet(46)) - raft.server.log.segment.cache.size.max = 200MB (=209715200) (default)
2022-12-06 15:45:33,468 [pool-400-thread-1] INFO  segmented.SegmentedRaftLogWorker (SegmentedRaftLogWorker.java:<init>(189)) - new b0993b33-1422-4b90-a478-b8a2894a7eaa@group-F0ECAC1CE6A4-SegmentedRaftLogWorker for RaftStorageImpl:Storage Directory /home/runner/work/ozone/ozone/hadoop-ozone/integration-test/target/test-dir/MiniOzoneClusterImpl-dce15e54-dc76-4f82-a75a-fd2a8a22e08e/datanode-2/data/ratis/96401a2a-4289-4e27-8629-f0ecac1ce6a4
2022-12-06 15:45:33,468 [pool-400-thread-1] INFO  server.RaftServerConfigKeys (ConfUtils.java:logGet(46)) - raft.server.log.queue.byte-limit = 4294967296 (custom)
2022-12-06 15:45:33,468 [pool-400-thread-1] INFO  server.RaftServerConfigKeys (ConfUtils.java:logGet(46)) - raft.server.log.queue.element-limit = 1024 (custom)
2022-12-06 15:45:33,468 [pool-400-thread-1] INFO  server.RaftServerConfigKeys (ConfUtils.java:logGet(46)) - raft.server.log.segment.size.max = 1048576 (custom)
2022-12-06 15:45:33,468 [pool-400-thread-1] INFO  server.RaftServerConfigKeys (ConfUtils.java:logGet(46)) - raft.server.log.preallocated.size = 16384 (custom)
2022-12-06 15:45:33,468 [pool-400-thread-1] INFO  server.RaftServerConfigKeys (ConfUtils.java:logGet(46)) - raft.server.log.force.sync.num = 128 (default)
2022-12-06 15:45:33,468 [pool-400-thread-1] INFO  server.RaftServerConfigKeys (ConfUtils.java:logGet(46)) - raft.server.log.statemachine.data.sync = true (default)
2022-12-06 15:45:33,468 [pool-400-thread-1] INFO  server.RaftServerConfigKeys (ConfUtils.java:logGet(46)) - raft.server.log.statemachine.data.sync.timeout = 10s (default)
2022-12-06 15:45:33,468 [pool-400-thread-1] INFO  server.RaftServerConfigKeys (ConfUtils.java:logGet(46)) - raft.server.log.statemachine.data.sync.timeout.retry = -1 (default)
2022-12-06 15:45:33,469 [pool-400-thread-1] INFO  server.RaftServerConfigKeys (ConfUtils.java:logGet(46)) - raft.server.log.write.buffer.size = 1048576 (custom)
2022-12-06 15:45:33,470 [pool-400-thread-1] INFO  server.RaftServerConfigKeys (ConfUtils.java:logGet(46)) - raft.server.log.appender.buffer.byte-limit = 33554432 (custom)
2022-12-06 15:45:33,472 [Listener at 127.0.0.1/44149] INFO  replication.ReplicationManager (ReplicationManager.java:start(254)) - Starting Replication Monitor Thread.
2022-12-06 15:45:33,474 [Under Replicated Processor] INFO  replication.UnderReplicatedProcessor (UnderReplicatedProcessor.java:processAll(79)) - Processed 0 under replicated containers, failed processing 0
2022-12-06 15:45:33,475 [ReplicationMonitor] INFO  replication.ReplicationManager (ReplicationManager.java:processAll(356)) - Replication Monitor Thread took 1 milliseconds for processing 1 containers.
2022-12-06 15:45:33,480 [pool-400-thread-1] INFO  server.RaftServerConfigKeys (ConfUtils.java:logGet(46)) - raft.server.log.unsafe-flush.enabled = false (default)
2022-12-06 15:45:33,480 [pool-400-thread-1] INFO  server.RaftServerConfigKeys (ConfUtils.java:logGet(46)) - raft.server.log.async-flush.enabled = false (default)
2022-12-06 15:45:33,480 [pool-400-thread-1] INFO  server.RaftServerConfigKeys (ConfUtils.java:logGet(46)) - raft.server.log.statemachine.data.caching.enabled = true (custom)
2022-12-06 15:45:33,480 [pool-400-thread-1] INFO  segmented.SegmentedRaftLogWorker (SegmentedRaftLogWorker.java:lambda$new$0(135)) - b0993b33-1422-4b90-a478-b8a2894a7eaa@group-F0ECAC1CE6A4-SegmentedRaftLogWorker: flushIndex: setUnconditionally 0 -> -1
2022-12-06 15:45:33,482 [pool-400-thread-1] INFO  segmented.SegmentedRaftLogWorker (SegmentedRaftLogWorker.java:lambda$new$0(135)) - b0993b33-1422-4b90-a478-b8a2894a7eaa@group-F0ECAC1CE6A4-SegmentedRaftLogWorker: safeCacheEvictIndex: setUnconditionally 0 -> -1
2022-12-06 15:45:33,486 [Over Replicated Processor] INFO  replication.ReplicationManager (ReplicationManager.java:sendDatanodeCommand(417)) - Sending command of type deleteContainerCommand for container ContainerInfo{id=#1, state=CLOSED, pipelineID=PipelineID=055b8b7a-8017-4d3f-a0d0-bb677440d3b3, stateEnterTime=2022-12-06T15:44:56.947Z, owner=om1} to 3023bd45-36c3-431f-9c1c-92b4e43de878{ip: 10.1.0.110, host: fv-az133-40.ac31hddj4phu5ocom5smqd4hkf.cx.internal.cloudapp.net, ports: [REPLICATION=35579, RATIS=42841, RATIS_ADMIN=42841, RATIS_SERVER=42841, STANDALONE=33457], networkLocation: /default-rack, certSerialId: null, persistedOpState: IN_SERVICE, persistedOpStateExpiryEpochSec: 0}
2022-12-06 15:45:33,486 [Over Replicated Processor] INFO  replication.OverReplicatedProcessor (OverReplicatedProcessor.java:processAll(79)) - Processed 1 over replicated containers, failed processing 0
2022-12-06 15:45:33,486 [pool-400-thread-1] INFO  server.RaftServer$Division (RaftServerImpl.java:start(334)) - b0993b33-1422-4b90-a478-b8a2894a7eaa@group-F0ECAC1CE6A4: start as a follower, conf=-1: peers:[b0993b33-1422-4b90-a478-b8a2894a7eaa|rpc:10.1.0.110:42755|priority:1|startupRole:FOLLOWER, 0587405b-2ffa-4132-824d-547ca09f0e52|rpc:10.1.0.110:38421|priority:0|startupRole:FOLLOWER, 3023bd45-36c3-431f-9c1c-92b4e43de878|rpc:10.1.0.110:42841|priority:0|startupRole:FOLLOWER]|listeners:[], old=null
2022-12-06 15:45:33,486 [pool-400-thread-1] INFO  server.RaftServer$Division (RaftServerImpl.java:setRole(321)) - b0993b33-1422-4b90-a478-b8a2894a7eaa@group-F0ECAC1CE6A4: changes role from      null to FOLLOWER at term 0 for startAsFollower
2022-12-06 15:45:33,486 [pool-400-thread-1] INFO  impl.RoleInfo (RoleInfo.java:updateAndGet(139)) - b0993b33-1422-4b90-a478-b8a2894a7eaa: start b0993b33-1422-4b90-a478-b8a2894a7eaa@group-F0ECAC1CE6A4-FollowerState
2022-12-06 15:45:33,486 [pool-400-thread-1] INFO  util.JmxRegister (JmxRegister.java:tryRegister(44)) - Successfully registered JMX Bean with object name Ratis:service=RaftServer,group=group-F0ECAC1CE6A4,id=b0993b33-1422-4b90-a478-b8a2894a7eaa
2022-12-06 15:45:33,486 [b0993b33-1422-4b90-a478-b8a2894a7eaa@group-F0ECAC1CE6A4-FollowerState] INFO  server.RaftServerConfigKeys (ConfUtils.java:logFallback(53)) - raft.server.rpc.first-election.timeout.min = 5s (fallback to raft.server.rpc.timeout.min)
2022-12-06 15:45:33,486 [pool-400-thread-1] INFO  server.RaftServerConfigKeys (ConfUtils.java:logGet(46)) - raft.server.snapshot.auto.trigger.enabled = true (custom)
2022-12-06 15:45:33,487 [pool-400-thread-1] INFO  server.RaftServerConfigKeys (ConfUtils.java:logGet(46)) - raft.server.snapshot.auto.trigger.threshold = 10000 (custom)
2022-12-06 15:45:33,487 [pool-400-thread-1] INFO  server.RaftServerConfigKeys (ConfUtils.java:logGet(46)) - raft.server.snapshot.retention.file.num = 5 (custom)
2022-12-06 15:45:33,487 [pool-400-thread-1] INFO  server.RaftServerConfigKeys (ConfUtils.java:logGet(46)) - raft.server.log.purge.upto.snapshot.index = false (default)
2022-12-06 15:45:33,487 [b0993b33-1422-4b90-a478-b8a2894a7eaa@group-F0ECAC1CE6A4-FollowerState] INFO  server.RaftServerConfigKeys (ConfUtils.java:logFallback(53)) - raft.server.rpc.first-election.timeout.max = 5200ms (fallback to raft.server.rpc.timeout.max)
2022-12-06 15:45:33,487 [Command processor thread] INFO  ratis.XceiverServerRatis (XceiverServerRatis.java:addGroup(765)) - Created group PipelineID=96401a2a-4289-4e27-8629-f0ecac1ce6a4
2022-12-06 15:45:33,496 [grpc-default-executor-5] INFO  server.RaftServer (RaftServerProxy.java:addNew(96)) - 0587405b-2ffa-4132-824d-547ca09f0e52: addNew group-F0ECAC1CE6A4:[b0993b33-1422-4b90-a478-b8a2894a7eaa|rpc:10.1.0.110:42755|dataStream:|priority:1|startupRole:FOLLOWER, 0587405b-2ffa-4132-824d-547ca09f0e52|rpc:10.1.0.110:38421|dataStream:|priority:0|startupRole:FOLLOWER, 3023bd45-36c3-431f-9c1c-92b4e43de878|rpc:10.1.0.110:42841|dataStream:|priority:0|startupRole:FOLLOWER] returns group-F0ECAC1CE6A4:java.util.concurrent.CompletableFuture@2782fd54[Not completed]
2022-12-06 15:45:33,497 [pool-94-thread-1] INFO  server.RaftServer$Division (RaftServerImpl.java:<init>(195)) - 0587405b-2ffa-4132-824d-547ca09f0e52: new RaftServerImpl for group-F0ECAC1CE6A4:[b0993b33-1422-4b90-a478-b8a2894a7eaa|rpc:10.1.0.110:42755|dataStream:|priority:1|startupRole:FOLLOWER, 0587405b-2ffa-4132-824d-547ca09f0e52|rpc:10.1.0.110:38421|dataStream:|priority:0|startupRole:FOLLOWER, 3023bd45-36c3-431f-9c1c-92b4e43de878|rpc:10.1.0.110:42841|dataStream:|priority:0|startupRole:FOLLOWER] with ContainerStateMachine:uninitialized
2022-12-06 15:45:33,497 [pool-94-thread-1] INFO  server.RaftServerConfigKeys (ConfUtils.java:logGet(46)) - raft.server.rpc.timeout.min = 5s (custom)
2022-12-06 15:45:33,497 [pool-94-thread-1] INFO  server.RaftServerConfigKeys (ConfUtils.java:logGet(46)) - raft.server.rpc.timeout.max = 5200ms (custom)
2022-12-06 15:45:33,497 [pool-94-thread-1] INFO  server.RaftServerConfigKeys (ConfUtils.java:logGet(46)) - raft.server.rpc.sleep.time = 25ms (default)
2022-12-06 15:45:33,497 [pool-94-thread-1] INFO  server.RaftServerConfigKeys (ConfUtils.java:logGet(46)) - raft.server.rpc.slowness.timeout = 300s (custom)
2022-12-06 15:45:33,498 [pool-94-thread-1] INFO  server.RaftServerConfigKeys (ConfUtils.java:logGet(46)) - raft.server.leaderelection.leader.step-down.wait-time = 10s (default)
2022-12-06 15:45:33,498 [pool-94-thread-1] INFO  server.RaftServerConfigKeys (ConfUtils.java:logGet(46)) - raft.server.sleep.deviation.threshold = 300ms (default)
2022-12-06 15:45:33,498 [pool-94-thread-1] INFO  server.RaftServer$Division (ServerState.java:<init>(118)) - 0587405b-2ffa-4132-824d-547ca09f0e52@group-F0ECAC1CE6A4: ConfigurationManager, init=-1: peers:[b0993b33-1422-4b90-a478-b8a2894a7eaa|rpc:10.1.0.110:42755|dataStream:|priority:1|startupRole:FOLLOWER, 0587405b-2ffa-4132-824d-547ca09f0e52|rpc:10.1.0.110:38421|dataStream:|priority:0|startupRole:FOLLOWER, 3023bd45-36c3-431f-9c1c-92b4e43de878|rpc:10.1.0.110:42841|dataStream:|priority:0|startupRole:FOLLOWER]|listeners:[], old=null, confs=<EMPTY_MAP>
2022-12-06 15:45:33,498 [pool-94-thread-1] INFO  server.RaftServerConfigKeys (ConfUtils.java:logGet(46)) - raft.server.storage.dir = [/home/runner/work/ozone/ozone/hadoop-ozone/integration-test/target/test-dir/MiniOzoneClusterImpl-dce15e54-dc76-4f82-a75a-fd2a8a22e08e/datanode-1/data/ratis] (custom)
2022-12-06 15:45:33,498 [pool-94-thread-1] INFO  server.RaftServerConfigKeys (ConfUtils.java:logGet(46)) - raft.server.log.corruption.policy = EXCEPTION (default)
2022-12-06 15:45:33,498 [pool-94-thread-1] INFO  server.RaftServerConfigKeys (ConfUtils.java:logGet(46)) - raft.server.storage.free-space.min = 0MB (=0) (default)
2022-12-06 15:45:33,498 [pool-94-thread-1] INFO  server.RaftServerConfigKeys (ConfUtils.java:logGet(46)) - raft.server.notification.no-leader.timeout = 300s (custom)
2022-12-06 15:45:33,498 [pool-94-thread-1] INFO  server.RaftServerConfigKeys (ConfUtils.java:logGet(46)) - raft.server.retrycache.expirytime = 600000ms (custom)
2022-12-06 15:45:33,498 [pool-94-thread-1] INFO  server.RaftServerConfigKeys (ConfUtils.java:logGet(46)) - raft.server.retrycache.statistics.expirytime = 100μs (default)
2022-12-06 15:45:33,499 [pool-94-thread-1] INFO  server.RaftServerConfigKeys (ConfUtils.java:logGet(46)) - raft.server.log.appender.install.snapshot.enabled = false (custom)
2022-12-06 15:45:33,499 [pool-94-thread-1] INFO  server.RaftServerConfigKeys (ConfUtils.java:logGet(46)) - raft.server.threadpool.server.cached = true (default)
2022-12-06 15:45:33,499 [pool-94-thread-1] INFO  server.RaftServerConfigKeys (ConfUtils.java:logGet(46)) - raft.server.threadpool.server.size = 0 (default)
2022-12-06 15:45:33,499 [pool-94-thread-1] INFO  server.RaftServerConfigKeys (ConfUtils.java:logGet(46)) - raft.server.threadpool.client.cached = true (default)
2022-12-06 15:45:33,499 [pool-94-thread-1] INFO  server.RaftServerConfigKeys (ConfUtils.java:logGet(46)) - raft.server.threadpool.client.size = 0 (default)
2022-12-06 15:45:33,499 [pool-94-thread-1] INFO  storage.RaftStorageDirectory (RaftStorageDirectoryImpl.java:analyzeStorage(137)) - The storage directory /home/runner/work/ozone/ozone/hadoop-ozone/integration-test/target/test-dir/MiniOzoneClusterImpl-dce15e54-dc76-4f82-a75a-fd2a8a22e08e/datanode-1/data/ratis/96401a2a-4289-4e27-8629-f0ecac1ce6a4 does not exist. Creating ...
2022-12-06 15:45:33,503 [pool-94-thread-1] INFO  storage.RaftStorageDirectory (RaftStorageDirectoryImpl.java:tryLock(231)) - Lock on /home/runner/work/ozone/ozone/hadoop-ozone/integration-test/target/test-dir/MiniOzoneClusterImpl-dce15e54-dc76-4f82-a75a-fd2a8a22e08e/datanode-1/data/ratis/96401a2a-4289-4e27-8629-f0ecac1ce6a4/in_use.lock acquired by nodename 46996@fv-az133-40
2022-12-06 15:45:33,505 [pool-94-thread-1] INFO  storage.RaftStorage (RaftStorageImpl.java:format(96)) - Storage directory /home/runner/work/ozone/ozone/hadoop-ozone/integration-test/target/test-dir/MiniOzoneClusterImpl-dce15e54-dc76-4f82-a75a-fd2a8a22e08e/datanode-1/data/ratis/96401a2a-4289-4e27-8629-f0ecac1ce6a4 has been successfully formatted.
2022-12-06 15:45:33,505 [pool-94-thread-1] INFO  ratis.ContainerStateMachine (ContainerStateMachine.java:loadSnapshot(236)) - group-F0ECAC1CE6A4: The snapshot info is null. Setting the last applied indexto:(t:0, i:~)
2022-12-06 15:45:33,506 [pool-94-thread-1] INFO  server.RaftServerConfigKeys (ConfUtils.java:logGet(46)) - raft.server.log.use.memory = false (default)
2022-12-06 15:45:33,506 [pool-94-thread-1] INFO  server.RaftServerConfigKeys (ConfUtils.java:logGet(46)) - raft.server.log.purge.gap = 1000000 (custom)
2022-12-06 15:45:33,506 [pool-94-thread-1] INFO  server.RaftServerConfigKeys (ConfUtils.java:logGet(46)) - raft.server.log.appender.buffer.byte-limit = 33554432 (custom)
2022-12-06 15:45:33,506 [pool-94-thread-1] INFO  server.RaftServerConfigKeys (ConfUtils.java:logGet(46)) - raft.server.log.statemachine.data.read.timeout = 1000ms (default)
2022-12-06 15:45:33,506 [EventQueue-CommandQueueReportForCommandQueueReportHandler] WARN  events.EventQueue (EventQueue.java:fireEvent(216)) - No event handler registered for event TypedEvent{payloadType=DatanodeDetails, name='Datanode_Command_Queue_Updated'}
2022-12-06 15:45:33,507 [pool-94-thread-1] INFO  server.RaftServerConfigKeys (ConfUtils.java:logGet(46)) - raft.server.log.purge.preservation.log.num = 0 (default)
2022-12-06 15:45:33,507 [pool-94-thread-1] INFO  server.RaftServerConfigKeys (ConfUtils.java:logGet(46)) - raft.server.log.segment.size.max = 1048576 (custom)
2022-12-06 15:45:33,507 [pool-94-thread-1] INFO  server.RaftServerConfigKeys (ConfUtils.java:logGet(46)) - raft.server.log.segment.cache.num.max = 2 (custom)
2022-12-06 15:45:33,507 [pool-94-thread-1] INFO  server.RaftServerConfigKeys (ConfUtils.java:logGet(46)) - raft.server.log.segment.cache.size.max = 200MB (=209715200) (default)
2022-12-06 15:45:33,507 [pool-94-thread-1] INFO  segmented.SegmentedRaftLogWorker (SegmentedRaftLogWorker.java:<init>(189)) - new 0587405b-2ffa-4132-824d-547ca09f0e52@group-F0ECAC1CE6A4-SegmentedRaftLogWorker for RaftStorageImpl:Storage Directory /home/runner/work/ozone/ozone/hadoop-ozone/integration-test/target/test-dir/MiniOzoneClusterImpl-dce15e54-dc76-4f82-a75a-fd2a8a22e08e/datanode-1/data/ratis/96401a2a-4289-4e27-8629-f0ecac1ce6a4
2022-12-06 15:45:33,507 [pool-94-thread-1] INFO  server.RaftServerConfigKeys (ConfUtils.java:logGet(46)) - raft.server.log.queue.byte-limit = 4294967296 (custom)
2022-12-06 15:45:33,507 [pool-94-thread-1] INFO  server.RaftServerConfigKeys (ConfUtils.java:logGet(46)) - raft.server.log.queue.element-limit = 1024 (custom)
2022-12-06 15:45:33,508 [pool-94-thread-1] INFO  server.RaftServerConfigKeys (ConfUtils.java:logGet(46)) - raft.server.log.segment.size.max = 1048576 (custom)
2022-12-06 15:45:33,508 [pool-94-thread-1] INFO  server.RaftServerConfigKeys (ConfUtils.java:logGet(46)) - raft.server.log.preallocated.size = 16384 (custom)
2022-12-06 15:45:33,508 [pool-94-thread-1] INFO  server.RaftServerConfigKeys (ConfUtils.java:logGet(46)) - raft.server.log.force.sync.num = 128 (default)
2022-12-06 15:45:33,508 [pool-94-thread-1] INFO  server.RaftServerConfigKeys (ConfUtils.java:logGet(46)) - raft.server.log.statemachine.data.sync = true (default)
2022-12-06 15:45:33,508 [pool-94-thread-1] INFO  server.RaftServerConfigKeys (ConfUtils.java:logGet(46)) - raft.server.log.statemachine.data.sync.timeout = 10s (default)
2022-12-06 15:45:33,508 [pool-94-thread-1] INFO  server.RaftServerConfigKeys (ConfUtils.java:logGet(46)) - raft.server.log.statemachine.data.sync.timeout.retry = -1 (default)
2022-12-06 15:45:33,509 [pool-94-thread-1] INFO  server.RaftServerConfigKeys (ConfUtils.java:logGet(46)) - raft.server.log.write.buffer.size = 1048576 (custom)
2022-12-06 15:45:33,511 [pool-94-thread-1] INFO  server.RaftServerConfigKeys (ConfUtils.java:logGet(46)) - raft.server.log.appender.buffer.byte-limit = 33554432 (custom)
2022-12-06 15:45:33,516 [pool-94-thread-1] INFO  server.RaftServerConfigKeys (ConfUtils.java:logGet(46)) - raft.server.log.unsafe-flush.enabled = false (default)
2022-12-06 15:45:33,516 [pool-94-thread-1] INFO  server.RaftServerConfigKeys (ConfUtils.java:logGet(46)) - raft.server.log.async-flush.enabled = false (default)
2022-12-06 15:45:33,516 [pool-94-thread-1] INFO  server.RaftServerConfigKeys (ConfUtils.java:logGet(46)) - raft.server.log.statemachine.data.caching.enabled = true (custom)
2022-12-06 15:45:33,516 [pool-94-thread-1] INFO  segmented.SegmentedRaftLogWorker (SegmentedRaftLogWorker.java:lambda$new$0(135)) - 0587405b-2ffa-4132-824d-547ca09f0e52@group-F0ECAC1CE6A4-SegmentedRaftLogWorker: flushIndex: setUnconditionally 0 -> -1
2022-12-06 15:45:33,516 [pool-94-thread-1] INFO  segmented.SegmentedRaftLogWorker (SegmentedRaftLogWorker.java:lambda$new$0(135)) - 0587405b-2ffa-4132-824d-547ca09f0e52@group-F0ECAC1CE6A4-SegmentedRaftLogWorker: safeCacheEvictIndex: setUnconditionally 0 -> -1
2022-12-06 15:45:33,519 [pool-94-thread-1] INFO  server.RaftServer$Division (RaftServerImpl.java:start(334)) - 0587405b-2ffa-4132-824d-547ca09f0e52@group-F0ECAC1CE6A4: start as a follower, conf=-1: peers:[b0993b33-1422-4b90-a478-b8a2894a7eaa|rpc:10.1.0.110:42755|dataStream:|priority:1|startupRole:FOLLOWER, 0587405b-2ffa-4132-824d-547ca09f0e52|rpc:10.1.0.110:38421|dataStream:|priority:0|startupRole:FOLLOWER, 3023bd45-36c3-431f-9c1c-92b4e43de878|rpc:10.1.0.110:42841|dataStream:|priority:0|startupRole:FOLLOWER]|listeners:[], old=null
2022-12-06 15:45:33,519 [pool-94-thread-1] INFO  server.RaftServer$Division (RaftServerImpl.java:setRole(321)) - 0587405b-2ffa-4132-824d-547ca09f0e52@group-F0ECAC1CE6A4: changes role from      null to FOLLOWER at term 0 for startAsFollower
2022-12-06 15:45:33,519 [pool-94-thread-1] INFO  impl.RoleInfo (RoleInfo.java:updateAndGet(139)) - 0587405b-2ffa-4132-824d-547ca09f0e52: start 0587405b-2ffa-4132-824d-547ca09f0e52@group-F0ECAC1CE6A4-FollowerState
2022-12-06 15:45:33,523 [pool-94-thread-1] INFO  util.JmxRegister (JmxRegister.java:tryRegister(44)) - Successfully registered JMX Bean with object name Ratis:service=RaftServer,group=group-F0ECAC1CE6A4,id=0587405b-2ffa-4132-824d-547ca09f0e52
2022-12-06 15:45:33,523 [0587405b-2ffa-4132-824d-547ca09f0e52@group-F0ECAC1CE6A4-FollowerState] INFO  server.RaftServerConfigKeys (ConfUtils.java:logFallback(53)) - raft.server.rpc.first-election.timeout.min = 5s (fallback to raft.server.rpc.timeout.min)
2022-12-06 15:45:33,523 [pool-94-thread-1] INFO  server.RaftServerConfigKeys (ConfUtils.java:logGet(46)) - raft.server.snapshot.auto.trigger.enabled = true (custom)
2022-12-06 15:45:33,523 [0587405b-2ffa-4132-824d-547ca09f0e52@group-F0ECAC1CE6A4-FollowerState] INFO  server.RaftServerConfigKeys (ConfUtils.java:logFallback(53)) - raft.server.rpc.first-election.timeout.max = 5200ms (fallback to raft.server.rpc.timeout.max)
2022-12-06 15:45:33,523 [pool-94-thread-1] INFO  server.RaftServerConfigKeys (ConfUtils.java:logGet(46)) - raft.server.snapshot.auto.trigger.threshold = 10000 (custom)
2022-12-06 15:45:33,523 [pool-94-thread-1] INFO  server.RaftServerConfigKeys (ConfUtils.java:logGet(46)) - raft.server.snapshot.retention.file.num = 5 (custom)
2022-12-06 15:45:33,523 [pool-94-thread-1] INFO  server.RaftServerConfigKeys (ConfUtils.java:logGet(46)) - raft.server.log.purge.upto.snapshot.index = false (default)
2022-12-06 15:45:33,537 [grpc-default-executor-5] INFO  server.RaftServer (RaftServerProxy.java:addNew(96)) - 3023bd45-36c3-431f-9c1c-92b4e43de878: addNew group-F0ECAC1CE6A4:[b0993b33-1422-4b90-a478-b8a2894a7eaa|rpc:10.1.0.110:42755|dataStream:|priority:1|startupRole:FOLLOWER, 0587405b-2ffa-4132-824d-547ca09f0e52|rpc:10.1.0.110:38421|dataStream:|priority:0|startupRole:FOLLOWER, 3023bd45-36c3-431f-9c1c-92b4e43de878|rpc:10.1.0.110:42841|dataStream:|priority:0|startupRole:FOLLOWER] returns group-F0ECAC1CE6A4:java.util.concurrent.CompletableFuture@25322235[Not completed]
2022-12-06 15:45:33,538 [pool-290-thread-1] INFO  server.RaftServer$Division (RaftServerImpl.java:<init>(195)) - 3023bd45-36c3-431f-9c1c-92b4e43de878: new RaftServerImpl for group-F0ECAC1CE6A4:[b0993b33-1422-4b90-a478-b8a2894a7eaa|rpc:10.1.0.110:42755|dataStream:|priority:1|startupRole:FOLLOWER, 0587405b-2ffa-4132-824d-547ca09f0e52|rpc:10.1.0.110:38421|dataStream:|priority:0|startupRole:FOLLOWER, 3023bd45-36c3-431f-9c1c-92b4e43de878|rpc:10.1.0.110:42841|dataStream:|priority:0|startupRole:FOLLOWER] with ContainerStateMachine:uninitialized
2022-12-06 15:45:33,538 [pool-290-thread-1] INFO  server.RaftServerConfigKeys (ConfUtils.java:logGet(46)) - raft.server.rpc.timeout.min = 5s (custom)
2022-12-06 15:45:33,538 [pool-290-thread-1] INFO  server.RaftServerConfigKeys (ConfUtils.java:logGet(46)) - raft.server.rpc.timeout.max = 5200ms (custom)
2022-12-06 15:45:33,538 [pool-290-thread-1] INFO  server.RaftServerConfigKeys (ConfUtils.java:logGet(46)) - raft.server.rpc.sleep.time = 25ms (default)
2022-12-06 15:45:33,538 [pool-290-thread-1] INFO  server.RaftServerConfigKeys (ConfUtils.java:logGet(46)) - raft.server.rpc.slowness.timeout = 300s (custom)
2022-12-06 15:45:33,538 [pool-290-thread-1] INFO  server.RaftServerConfigKeys (ConfUtils.java:logGet(46)) - raft.server.leaderelection.leader.step-down.wait-time = 10s (default)
2022-12-06 15:45:33,538 [pool-290-thread-1] INFO  server.RaftServerConfigKeys (ConfUtils.java:logGet(46)) - raft.server.sleep.deviation.threshold = 300ms (default)
2022-12-06 15:45:33,538 [pool-290-thread-1] INFO  server.RaftServer$Division (ServerState.java:<init>(118)) - 3023bd45-36c3-431f-9c1c-92b4e43de878@group-F0ECAC1CE6A4: ConfigurationManager, init=-1: peers:[b0993b33-1422-4b90-a478-b8a2894a7eaa|rpc:10.1.0.110:42755|dataStream:|priority:1|startupRole:FOLLOWER, 0587405b-2ffa-4132-824d-547ca09f0e52|rpc:10.1.0.110:38421|dataStream:|priority:0|startupRole:FOLLOWER, 3023bd45-36c3-431f-9c1c-92b4e43de878|rpc:10.1.0.110:42841|dataStream:|priority:0|startupRole:FOLLOWER]|listeners:[], old=null, confs=<EMPTY_MAP>
2022-12-06 15:45:33,538 [pool-290-thread-1] INFO  server.RaftServerConfigKeys (ConfUtils.java:logGet(46)) - raft.server.storage.dir = [/home/runner/work/ozone/ozone/hadoop-ozone/integration-test/target/test-dir/MiniOzoneClusterImpl-dce15e54-dc76-4f82-a75a-fd2a8a22e08e/datanode-9/data/ratis] (custom)
2022-12-06 15:45:33,538 [pool-290-thread-1] INFO  server.RaftServerConfigKeys (ConfUtils.java:logGet(46)) - raft.server.log.corruption.policy = EXCEPTION (default)
2022-12-06 15:45:33,539 [pool-290-thread-1] INFO  server.RaftServerConfigKeys (ConfUtils.java:logGet(46)) - raft.server.storage.free-space.min = 0MB (=0) (default)
2022-12-06 15:45:33,539 [pool-290-thread-1] INFO  server.RaftServerConfigKeys (ConfUtils.java:logGet(46)) - raft.server.notification.no-leader.timeout = 300s (custom)
2022-12-06 15:45:33,539 [pool-290-thread-1] INFO  server.RaftServerConfigKeys (ConfUtils.java:logGet(46)) - raft.server.retrycache.expirytime = 600000ms (custom)
2022-12-06 15:45:33,539 [pool-290-thread-1] INFO  server.RaftServerConfigKeys (ConfUtils.java:logGet(46)) - raft.server.retrycache.statistics.expirytime = 100μs (default)
2022-12-06 15:45:33,539 [pool-290-thread-1] INFO  server.RaftServerConfigKeys (ConfUtils.java:logGet(46)) - raft.server.log.appender.install.snapshot.enabled = false (custom)
2022-12-06 15:45:33,540 [pool-290-thread-1] INFO  server.RaftServerConfigKeys (ConfUtils.java:logGet(46)) - raft.server.threadpool.server.cached = true (default)
2022-12-06 15:45:33,540 [pool-290-thread-1] INFO  server.RaftServerConfigKeys (ConfUtils.java:logGet(46)) - raft.server.threadpool.server.size = 0 (default)
2022-12-06 15:45:33,540 [pool-290-thread-1] INFO  server.RaftServerConfigKeys (ConfUtils.java:logGet(46)) - raft.server.threadpool.client.cached = true (default)
2022-12-06 15:45:33,540 [pool-290-thread-1] INFO  server.RaftServerConfigKeys (ConfUtils.java:logGet(46)) - raft.server.threadpool.client.size = 0 (default)
2022-12-06 15:45:33,540 [pool-290-thread-1] INFO  storage.RaftStorageDirectory (RaftStorageDirectoryImpl.java:analyzeStorage(137)) - The storage directory /home/runner/work/ozone/ozone/hadoop-ozone/integration-test/target/test-dir/MiniOzoneClusterImpl-dce15e54-dc76-4f82-a75a-fd2a8a22e08e/datanode-9/data/ratis/96401a2a-4289-4e27-8629-f0ecac1ce6a4 does not exist. Creating ...
2022-12-06 15:45:33,541 [pool-290-thread-1] INFO  storage.RaftStorageDirectory (RaftStorageDirectoryImpl.java:tryLock(231)) - Lock on /home/runner/work/ozone/ozone/hadoop-ozone/integration-test/target/test-dir/MiniOzoneClusterImpl-dce15e54-dc76-4f82-a75a-fd2a8a22e08e/datanode-9/data/ratis/96401a2a-4289-4e27-8629-f0ecac1ce6a4/in_use.lock acquired by nodename 46996@fv-az133-40
2022-12-06 15:45:33,542 [pool-290-thread-1] INFO  storage.RaftStorage (RaftStorageImpl.java:format(96)) - Storage directory /home/runner/work/ozone/ozone/hadoop-ozone/integration-test/target/test-dir/MiniOzoneClusterImpl-dce15e54-dc76-4f82-a75a-fd2a8a22e08e/datanode-9/data/ratis/96401a2a-4289-4e27-8629-f0ecac1ce6a4 has been successfully formatted.
2022-12-06 15:45:33,543 [pool-290-thread-1] INFO  ratis.ContainerStateMachine (ContainerStateMachine.java:loadSnapshot(236)) - group-F0ECAC1CE6A4: The snapshot info is null. Setting the last applied indexto:(t:0, i:~)
2022-12-06 15:45:33,543 [pool-290-thread-1] INFO  server.RaftServerConfigKeys (ConfUtils.java:logGet(46)) - raft.server.log.use.memory = false (default)
2022-12-06 15:45:33,543 [pool-290-thread-1] INFO  server.RaftServerConfigKeys (ConfUtils.java:logGet(46)) - raft.server.log.purge.gap = 1000000 (custom)
2022-12-06 15:45:33,544 [pool-290-thread-1] INFO  server.RaftServerConfigKeys (ConfUtils.java:logGet(46)) - raft.server.log.appender.buffer.byte-limit = 33554432 (custom)
2022-12-06 15:45:33,544 [pool-290-thread-1] INFO  server.RaftServerConfigKeys (ConfUtils.java:logGet(46)) - raft.server.log.statemachine.data.read.timeout = 1000ms (default)
2022-12-06 15:45:33,544 [pool-290-thread-1] INFO  server.RaftServerConfigKeys (ConfUtils.java:logGet(46)) - raft.server.log.purge.preservation.log.num = 0 (default)
2022-12-06 15:45:33,544 [pool-290-thread-1] INFO  server.RaftServerConfigKeys (ConfUtils.java:logGet(46)) - raft.server.log.segment.size.max = 1048576 (custom)
2022-12-06 15:45:33,544 [pool-290-thread-1] INFO  server.RaftServerConfigKeys (ConfUtils.java:logGet(46)) - raft.server.log.segment.cache.num.max = 2 (custom)
2022-12-06 15:45:33,544 [pool-290-thread-1] INFO  server.RaftServerConfigKeys (ConfUtils.java:logGet(46)) - raft.server.log.segment.cache.size.max = 200MB (=209715200) (default)
2022-12-06 15:45:33,544 [pool-290-thread-1] INFO  segmented.SegmentedRaftLogWorker (SegmentedRaftLogWorker.java:<init>(189)) - new 3023bd45-36c3-431f-9c1c-92b4e43de878@group-F0ECAC1CE6A4-SegmentedRaftLogWorker for RaftStorageImpl:Storage Directory /home/runner/work/ozone/ozone/hadoop-ozone/integration-test/target/test-dir/MiniOzoneClusterImpl-dce15e54-dc76-4f82-a75a-fd2a8a22e08e/datanode-9/data/ratis/96401a2a-4289-4e27-8629-f0ecac1ce6a4
2022-12-06 15:45:33,544 [pool-290-thread-1] INFO  server.RaftServerConfigKeys (ConfUtils.java:logGet(46)) - raft.server.log.queue.byte-limit = 4294967296 (custom)
2022-12-06 15:45:33,544 [pool-290-thread-1] INFO  server.RaftServerConfigKeys (ConfUtils.java:logGet(46)) - raft.server.log.queue.element-limit = 1024 (custom)
2022-12-06 15:45:33,544 [pool-290-thread-1] INFO  server.RaftServerConfigKeys (ConfUtils.java:logGet(46)) - raft.server.log.segment.size.max = 1048576 (custom)
2022-12-06 15:45:33,544 [pool-290-thread-1] INFO  server.RaftServerConfigKeys (ConfUtils.java:logGet(46)) - raft.server.log.preallocated.size = 16384 (custom)
2022-12-06 15:45:33,544 [pool-290-thread-1] INFO  server.RaftServerConfigKeys (ConfUtils.java:logGet(46)) - raft.server.log.force.sync.num = 128 (default)
2022-12-06 15:45:33,545 [pool-290-thread-1] INFO  server.RaftServerConfigKeys (ConfUtils.java:logGet(46)) - raft.server.log.statemachine.data.sync = true (default)
2022-12-06 15:45:33,545 [pool-290-thread-1] INFO  server.RaftServerConfigKeys (ConfUtils.java:logGet(46)) - raft.server.log.statemachine.data.sync.timeout = 10s (default)
2022-12-06 15:45:33,545 [pool-290-thread-1] INFO  server.RaftServerConfigKeys (ConfUtils.java:logGet(46)) - raft.server.log.statemachine.data.sync.timeout.retry = -1 (default)
2022-12-06 15:45:33,545 [EventQueue-CommandQueueReportForCommandQueueReportHandler] WARN  events.EventQueue (EventQueue.java:fireEvent(216)) - No event handler registered for event TypedEvent{payloadType=DatanodeDetails, name='Datanode_Command_Queue_Updated'}
2022-12-06 15:45:33,545 [pool-290-thread-1] INFO  server.RaftServerConfigKeys (ConfUtils.java:logGet(46)) - raft.server.log.write.buffer.size = 1048576 (custom)
2022-12-06 15:45:33,546 [pool-290-thread-1] INFO  server.RaftServerConfigKeys (ConfUtils.java:logGet(46)) - raft.server.log.appender.buffer.byte-limit = 33554432 (custom)
2022-12-06 15:45:33,551 [pool-290-thread-1] INFO  server.RaftServerConfigKeys (ConfUtils.java:logGet(46)) - raft.server.log.unsafe-flush.enabled = false (default)
2022-12-06 15:45:33,551 [pool-290-thread-1] INFO  server.RaftServerConfigKeys (ConfUtils.java:logGet(46)) - raft.server.log.async-flush.enabled = false (default)
2022-12-06 15:45:33,551 [pool-290-thread-1] INFO  server.RaftServerConfigKeys (ConfUtils.java:logGet(46)) - raft.server.log.statemachine.data.caching.enabled = true (custom)
2022-12-06 15:45:33,552 [pool-290-thread-1] INFO  segmented.SegmentedRaftLogWorker (SegmentedRaftLogWorker.java:lambda$new$0(135)) - 3023bd45-36c3-431f-9c1c-92b4e43de878@group-F0ECAC1CE6A4-SegmentedRaftLogWorker: flushIndex: setUnconditionally 0 -> -1
2022-12-06 15:45:33,552 [pool-290-thread-1] INFO  segmented.SegmentedRaftLogWorker (SegmentedRaftLogWorker.java:lambda$new$0(135)) - 3023bd45-36c3-431f-9c1c-92b4e43de878@group-F0ECAC1CE6A4-SegmentedRaftLogWorker: safeCacheEvictIndex: setUnconditionally 0 -> -1
2022-12-06 15:45:33,552 [pool-290-thread-1] INFO  server.RaftServer$Division (RaftServerImpl.java:start(334)) - 3023bd45-36c3-431f-9c1c-92b4e43de878@group-F0ECAC1CE6A4: start as a follower, conf=-1: peers:[b0993b33-1422-4b90-a478-b8a2894a7eaa|rpc:10.1.0.110:42755|dataStream:|priority:1|startupRole:FOLLOWER, 0587405b-2ffa-4132-824d-547ca09f0e52|rpc:10.1.0.110:38421|dataStream:|priority:0|startupRole:FOLLOWER, 3023bd45-36c3-431f-9c1c-92b4e43de878|rpc:10.1.0.110:42841|dataStream:|priority:0|startupRole:FOLLOWER]|listeners:[], old=null
2022-12-06 15:45:33,552 [pool-290-thread-1] INFO  server.RaftServer$Division (RaftServerImpl.java:setRole(321)) - 3023bd45-36c3-431f-9c1c-92b4e43de878@group-F0ECAC1CE6A4: changes role from      null to FOLLOWER at term 0 for startAsFollower
2022-12-06 15:45:33,552 [pool-290-thread-1] INFO  impl.RoleInfo (RoleInfo.java:updateAndGet(139)) - 3023bd45-36c3-431f-9c1c-92b4e43de878: start 3023bd45-36c3-431f-9c1c-92b4e43de878@group-F0ECAC1CE6A4-FollowerState
2022-12-06 15:45:33,554 [pool-290-thread-1] INFO  util.JmxRegister (JmxRegister.java:tryRegister(44)) - Successfully registered JMX Bean with object name Ratis:service=RaftServer,group=group-F0ECAC1CE6A4,id=3023bd45-36c3-431f-9c1c-92b4e43de878
2022-12-06 15:45:33,555 [pool-290-thread-1] INFO  server.RaftServerConfigKeys (ConfUtils.java:logGet(46)) - raft.server.snapshot.auto.trigger.enabled = true (custom)
2022-12-06 15:45:33,555 [pool-290-thread-1] INFO  server.RaftServerConfigKeys (ConfUtils.java:logGet(46)) - raft.server.snapshot.auto.trigger.threshold = 10000 (custom)
2022-12-06 15:45:33,555 [pool-290-thread-1] INFO  server.RaftServerConfigKeys (ConfUtils.java:logGet(46)) - raft.server.snapshot.retention.file.num = 5 (custom)
2022-12-06 15:45:33,555 [pool-290-thread-1] INFO  server.RaftServerConfigKeys (ConfUtils.java:logGet(46)) - raft.server.log.purge.upto.snapshot.index = false (default)
2022-12-06 15:45:33,555 [3023bd45-36c3-431f-9c1c-92b4e43de878@group-F0ECAC1CE6A4-FollowerState] INFO  server.RaftServerConfigKeys (ConfUtils.java:logFallback(53)) - raft.server.rpc.first-election.timeout.min = 5s (fallback to raft.server.rpc.timeout.min)
2022-12-06 15:45:33,555 [3023bd45-36c3-431f-9c1c-92b4e43de878@group-F0ECAC1CE6A4-FollowerState] INFO  server.RaftServerConfigKeys (ConfUtils.java:logFallback(53)) - raft.server.rpc.first-election.timeout.max = 5200ms (fallback to raft.server.rpc.timeout.max)
2022-12-06 15:45:33,563 [Command processor thread] INFO  commandhandler.CreatePipelineCommandHandler (CreatePipelineCommandHandler.java:handle(113)) - Created Pipeline RATIS THREE PipelineID=96401a2a-4289-4e27-8629-f0ecac1ce6a4.
2022-12-06 15:45:33,564 [Command processor thread] INFO  server.RaftServer (RaftServerProxy.java:addNew(96)) - b0993b33-1422-4b90-a478-b8a2894a7eaa: addNew group-80ECED8B0AF8:[b0993b33-1422-4b90-a478-b8a2894a7eaa|rpc:10.1.0.110:42755|priority:0|startupRole:FOLLOWER, 0587405b-2ffa-4132-824d-547ca09f0e52|rpc:10.1.0.110:38421|priority:0|startupRole:FOLLOWER, 3023bd45-36c3-431f-9c1c-92b4e43de878|rpc:10.1.0.110:42841|priority:1|startupRole:FOLLOWER] returns group-80ECED8B0AF8:java.util.concurrent.CompletableFuture@1898ffa8[Not completed]
2022-12-06 15:45:33,565 [pool-400-thread-1] INFO  server.RaftServer$Division (RaftServerImpl.java:<init>(195)) - b0993b33-1422-4b90-a478-b8a2894a7eaa: new RaftServerImpl for group-80ECED8B0AF8:[b0993b33-1422-4b90-a478-b8a2894a7eaa|rpc:10.1.0.110:42755|priority:0|startupRole:FOLLOWER, 0587405b-2ffa-4132-824d-547ca09f0e52|rpc:10.1.0.110:38421|priority:0|startupRole:FOLLOWER, 3023bd45-36c3-431f-9c1c-92b4e43de878|rpc:10.1.0.110:42841|priority:1|startupRole:FOLLOWER] with ContainerStateMachine:uninitialized
2022-12-06 15:45:33,565 [pool-400-thread-1] INFO  server.RaftServerConfigKeys (ConfUtils.java:logGet(46)) - raft.server.rpc.timeout.min = 5s (custom)
2022-12-06 15:45:33,565 [pool-400-thread-1] INFO  server.RaftServerConfigKeys (ConfUtils.java:logGet(46)) - raft.server.rpc.timeout.max = 5200ms (custom)
2022-12-06 15:45:33,565 [pool-400-thread-1] INFO  server.RaftServerConfigKeys (ConfUtils.java:logGet(46)) - raft.server.rpc.sleep.time = 25ms (default)
2022-12-06 15:45:33,565 [pool-400-thread-1] INFO  server.RaftServerConfigKeys (ConfUtils.java:logGet(46)) - raft.server.rpc.slowness.timeout = 300s (custom)
2022-12-06 15:45:33,565 [pool-400-thread-1] INFO  server.RaftServerConfigKeys (ConfUtils.java:logGet(46)) - raft.server.leaderelection.leader.step-down.wait-time = 10s (default)
2022-12-06 15:45:33,565 [pool-400-thread-1] INFO  server.RaftServerConfigKeys (ConfUtils.java:logGet(46)) - raft.server.sleep.deviation.threshold = 300ms (default)
2022-12-06 15:45:33,565 [pool-400-thread-1] INFO  server.RaftServer$Division (ServerState.java:<init>(118)) - b0993b33-1422-4b90-a478-b8a2894a7eaa@group-80ECED8B0AF8: ConfigurationManager, init=-1: peers:[b0993b33-1422-4b90-a478-b8a2894a7eaa|rpc:10.1.0.110:42755|priority:0|startupRole:FOLLOWER, 0587405b-2ffa-4132-824d-547ca09f0e52|rpc:10.1.0.110:38421|priority:0|startupRole:FOLLOWER, 3023bd45-36c3-431f-9c1c-92b4e43de878|rpc:10.1.0.110:42841|priority:1|startupRole:FOLLOWER]|listeners:[], old=null, confs=<EMPTY_MAP>
2022-12-06 15:45:33,565 [pool-400-thread-1] INFO  server.RaftServerConfigKeys (ConfUtils.java:logGet(46)) - raft.server.storage.dir = [/home/runner/work/ozone/ozone/hadoop-ozone/integration-test/target/test-dir/MiniOzoneClusterImpl-dce15e54-dc76-4f82-a75a-fd2a8a22e08e/datanode-2/data/ratis] (custom)
2022-12-06 15:45:33,565 [pool-400-thread-1] INFO  server.RaftServerConfigKeys (ConfUtils.java:logGet(46)) - raft.server.log.corruption.policy = EXCEPTION (default)
2022-12-06 15:45:33,565 [pool-400-thread-1] INFO  server.RaftServerConfigKeys (ConfUtils.java:logGet(46)) - raft.server.storage.free-space.min = 0MB (=0) (default)
2022-12-06 15:45:33,565 [pool-400-thread-1] INFO  server.RaftServerConfigKeys (ConfUtils.java:logGet(46)) - raft.server.notification.no-leader.timeout = 300s (custom)
2022-12-06 15:45:33,565 [pool-400-thread-1] INFO  server.RaftServerConfigKeys (ConfUtils.java:logGet(46)) - raft.server.retrycache.expirytime = 600000ms (custom)
2022-12-06 15:45:33,565 [pool-400-thread-1] INFO  server.RaftServerConfigKeys (ConfUtils.java:logGet(46)) - raft.server.retrycache.statistics.expirytime = 100μs (default)
2022-12-06 15:45:33,566 [pool-400-thread-1] INFO  server.RaftServerConfigKeys (ConfUtils.java:logGet(46)) - raft.server.log.appender.install.snapshot.enabled = false (custom)
2022-12-06 15:45:33,566 [pool-400-thread-1] INFO  server.RaftServerConfigKeys (ConfUtils.java:logGet(46)) - raft.server.threadpool.server.cached = true (default)
2022-12-06 15:45:33,566 [pool-400-thread-1] INFO  server.RaftServerConfigKeys (ConfUtils.java:logGet(46)) - raft.server.threadpool.server.size = 0 (default)
2022-12-06 15:45:33,566 [pool-400-thread-1] INFO  server.RaftServerConfigKeys (ConfUtils.java:logGet(46)) - raft.server.threadpool.client.cached = true (default)
2022-12-06 15:45:33,566 [pool-400-thread-1] INFO  server.RaftServerConfigKeys (ConfUtils.java:logGet(46)) - raft.server.threadpool.client.size = 0 (default)
2022-12-06 15:45:33,567 [pool-400-thread-1] INFO  storage.RaftStorageDirectory (RaftStorageDirectoryImpl.java:analyzeStorage(137)) - The storage directory /home/runner/work/ozone/ozone/hadoop-ozone/integration-test/target/test-dir/MiniOzoneClusterImpl-dce15e54-dc76-4f82-a75a-fd2a8a22e08e/datanode-2/data/ratis/89b9b39a-e242-4ad6-8397-80eced8b0af8 does not exist. Creating ...
2022-12-06 15:45:33,568 [pool-400-thread-1] INFO  storage.RaftStorageDirectory (RaftStorageDirectoryImpl.java:tryLock(231)) - Lock on /home/runner/work/ozone/ozone/hadoop-ozone/integration-test/target/test-dir/MiniOzoneClusterImpl-dce15e54-dc76-4f82-a75a-fd2a8a22e08e/datanode-2/data/ratis/89b9b39a-e242-4ad6-8397-80eced8b0af8/in_use.lock acquired by nodename 46996@fv-az133-40
2022-12-06 15:45:33,569 [pool-400-thread-1] INFO  storage.RaftStorage (RaftStorageImpl.java:format(96)) - Storage directory /home/runner/work/ozone/ozone/hadoop-ozone/integration-test/target/test-dir/MiniOzoneClusterImpl-dce15e54-dc76-4f82-a75a-fd2a8a22e08e/datanode-2/data/ratis/89b9b39a-e242-4ad6-8397-80eced8b0af8 has been successfully formatted.
2022-12-06 15:45:33,569 [pool-400-thread-1] INFO  ratis.ContainerStateMachine (ContainerStateMachine.java:loadSnapshot(236)) - group-80ECED8B0AF8: The snapshot info is null. Setting the last applied indexto:(t:0, i:~)
2022-12-06 15:45:33,570 [pool-400-thread-1] INFO  server.RaftServerConfigKeys (ConfUtils.java:logGet(46)) - raft.server.log.use.memory = false (default)
2022-12-06 15:45:33,570 [pool-400-thread-1] INFO  server.RaftServerConfigKeys (ConfUtils.java:logGet(46)) - raft.server.log.purge.gap = 1000000 (custom)
2022-12-06 15:45:33,570 [pool-400-thread-1] INFO  server.RaftServerConfigKeys (ConfUtils.java:logGet(46)) - raft.server.log.appender.buffer.byte-limit = 33554432 (custom)
2022-12-06 15:45:33,570 [pool-400-thread-1] INFO  server.RaftServerConfigKeys (ConfUtils.java:logGet(46)) - raft.server.log.statemachine.data.read.timeout = 1000ms (default)
2022-12-06 15:45:33,570 [pool-400-thread-1] INFO  server.RaftServerConfigKeys (ConfUtils.java:logGet(46)) - raft.server.log.purge.preservation.log.num = 0 (default)
2022-12-06 15:45:33,570 [pool-400-thread-1] INFO  server.RaftServerConfigKeys (ConfUtils.java:logGet(46)) - raft.server.log.segment.size.max = 1048576 (custom)
2022-12-06 15:45:33,570 [pool-400-thread-1] INFO  server.RaftServerConfigKeys (ConfUtils.java:logGet(46)) - raft.server.log.segment.cache.num.max = 2 (custom)
2022-12-06 15:45:33,570 [pool-400-thread-1] INFO  server.RaftServerConfigKeys (ConfUtils.java:logGet(46)) - raft.server.log.segment.cache.size.max = 200MB (=209715200) (default)
2022-12-06 15:45:33,570 [pool-400-thread-1] INFO  segmented.SegmentedRaftLogWorker (SegmentedRaftLogWorker.java:<init>(189)) - new b0993b33-1422-4b90-a478-b8a2894a7eaa@group-80ECED8B0AF8-SegmentedRaftLogWorker for RaftStorageImpl:Storage Directory /home/runner/work/ozone/ozone/hadoop-ozone/integration-test/target/test-dir/MiniOzoneClusterImpl-dce15e54-dc76-4f82-a75a-fd2a8a22e08e/datanode-2/data/ratis/89b9b39a-e242-4ad6-8397-80eced8b0af8
2022-12-06 15:45:33,570 [pool-400-thread-1] INFO  server.RaftServerConfigKeys (ConfUtils.java:logGet(46)) - raft.server.log.queue.byte-limit = 4294967296 (custom)
2022-12-06 15:45:33,570 [pool-400-thread-1] INFO  server.RaftServerConfigKeys (ConfUtils.java:logGet(46)) - raft.server.log.queue.element-limit = 1024 (custom)
2022-12-06 15:45:33,570 [pool-400-thread-1] INFO  server.RaftServerConfigKeys (ConfUtils.java:logGet(46)) - raft.server.log.segment.size.max = 1048576 (custom)
2022-12-06 15:45:33,570 [pool-400-thread-1] INFO  server.RaftServerConfigKeys (ConfUtils.java:logGet(46)) - raft.server.log.preallocated.size = 16384 (custom)
2022-12-06 15:45:33,570 [pool-400-thread-1] INFO  server.RaftServerConfigKeys (ConfUtils.java:logGet(46)) - raft.server.log.force.sync.num = 128 (default)
2022-12-06 15:45:33,570 [pool-400-thread-1] INFO  server.RaftServerConfigKeys (ConfUtils.java:logGet(46)) - raft.server.log.statemachine.data.sync = true (default)
2022-12-06 15:45:33,571 [pool-400-thread-1] INFO  server.RaftServerConfigKeys (ConfUtils.java:logGet(46)) - raft.server.log.statemachine.data.sync.timeout = 10s (default)
2022-12-06 15:45:33,571 [pool-400-thread-1] INFO  server.RaftServerConfigKeys (ConfUtils.java:logGet(46)) - raft.server.log.statemachine.data.sync.timeout.retry = -1 (default)
2022-12-06 15:45:33,571 [EventQueue-CommandQueueReportForCommandQueueReportHandler] WARN  events.EventQueue (EventQueue.java:fireEvent(216)) - No event handler registered for event TypedEvent{payloadType=DatanodeDetails, name='Datanode_Command_Queue_Updated'}
2022-12-06 15:45:33,572 [pool-400-thread-1] INFO  server.RaftServerConfigKeys (ConfUtils.java:logGet(46)) - raft.server.log.write.buffer.size = 1048576 (custom)
2022-12-06 15:45:33,573 [pool-400-thread-1] INFO  server.RaftServerConfigKeys (ConfUtils.java:logGet(46)) - raft.server.log.appender.buffer.byte-limit = 33554432 (custom)
2022-12-06 15:45:33,578 [pool-400-thread-1] INFO  server.RaftServerConfigKeys (ConfUtils.java:logGet(46)) - raft.server.log.unsafe-flush.enabled = false (default)
2022-12-06 15:45:33,578 [pool-400-thread-1] INFO  server.RaftServerConfigKeys (ConfUtils.java:logGet(46)) - raft.server.log.async-flush.enabled = false (default)
2022-12-06 15:45:33,578 [pool-400-thread-1] INFO  server.RaftServerConfigKeys (ConfUtils.java:logGet(46)) - raft.server.log.statemachine.data.caching.enabled = true (custom)
2022-12-06 15:45:33,578 [pool-400-thread-1] INFO  segmented.SegmentedRaftLogWorker (SegmentedRaftLogWorker.java:lambda$new$0(135)) - b0993b33-1422-4b90-a478-b8a2894a7eaa@group-80ECED8B0AF8-SegmentedRaftLogWorker: flushIndex: setUnconditionally 0 -> -1
2022-12-06 15:45:33,578 [pool-400-thread-1] INFO  segmented.SegmentedRaftLogWorker (SegmentedRaftLogWorker.java:lambda$new$0(135)) - b0993b33-1422-4b90-a478-b8a2894a7eaa@group-80ECED8B0AF8-SegmentedRaftLogWorker: safeCacheEvictIndex: setUnconditionally 0 -> -1
2022-12-06 15:45:33,578 [pool-400-thread-1] INFO  server.RaftServer$Division (RaftServerImpl.java:start(334)) - b0993b33-1422-4b90-a478-b8a2894a7eaa@group-80ECED8B0AF8: start as a follower, conf=-1: peers:[b0993b33-1422-4b90-a478-b8a2894a7eaa|rpc:10.1.0.110:42755|priority:0|startupRole:FOLLOWER, 0587405b-2ffa-4132-824d-547ca09f0e52|rpc:10.1.0.110:38421|priority:0|startupRole:FOLLOWER, 3023bd45-36c3-431f-9c1c-92b4e43de878|rpc:10.1.0.110:42841|priority:1|startupRole:FOLLOWER]|listeners:[], old=null
2022-12-06 15:45:33,579 [pool-400-thread-1] INFO  server.RaftServer$Division (RaftServerImpl.java:setRole(321)) - b0993b33-1422-4b90-a478-b8a2894a7eaa@group-80ECED8B0AF8: changes role from      null to FOLLOWER at term 0 for startAsFollower
2022-12-06 15:45:33,579 [pool-400-thread-1] INFO  impl.RoleInfo (RoleInfo.java:updateAndGet(139)) - b0993b33-1422-4b90-a478-b8a2894a7eaa: start b0993b33-1422-4b90-a478-b8a2894a7eaa@group-80ECED8B0AF8-FollowerState
2022-12-06 15:45:33,579 [pool-400-thread-1] INFO  util.JmxRegister (JmxRegister.java:tryRegister(44)) - Successfully registered JMX Bean with object name Ratis:service=RaftServer,group=group-80ECED8B0AF8,id=b0993b33-1422-4b90-a478-b8a2894a7eaa
2022-12-06 15:45:33,579 [b0993b33-1422-4b90-a478-b8a2894a7eaa@group-80ECED8B0AF8-FollowerState] INFO  server.RaftServerConfigKeys (ConfUtils.java:logFallback(53)) - raft.server.rpc.first-election.timeout.min = 5s (fallback to raft.server.rpc.timeout.min)
2022-12-06 15:45:33,579 [pool-400-thread-1] INFO  server.RaftServerConfigKeys (ConfUtils.java:logGet(46)) - raft.server.snapshot.auto.trigger.enabled = true (custom)
2022-12-06 15:45:33,579 [b0993b33-1422-4b90-a478-b8a2894a7eaa@group-80ECED8B0AF8-FollowerState] INFO  server.RaftServerConfigKeys (ConfUtils.java:logFallback(53)) - raft.server.rpc.first-election.timeout.max = 5200ms (fallback to raft.server.rpc.timeout.max)
2022-12-06 15:45:33,579 [pool-400-thread-1] INFO  server.RaftServerConfigKeys (ConfUtils.java:logGet(46)) - raft.server.snapshot.auto.trigger.threshold = 10000 (custom)
2022-12-06 15:45:33,579 [pool-400-thread-1] INFO  server.RaftServerConfigKeys (ConfUtils.java:logGet(46)) - raft.server.snapshot.retention.file.num = 5 (custom)
2022-12-06 15:45:33,579 [pool-400-thread-1] INFO  server.RaftServerConfigKeys (ConfUtils.java:logGet(46)) - raft.server.log.purge.upto.snapshot.index = false (default)
2022-12-06 15:45:33,580 [Command processor thread] INFO  ratis.XceiverServerRatis (XceiverServerRatis.java:addGroup(765)) - Created group PipelineID=89b9b39a-e242-4ad6-8397-80eced8b0af8
2022-12-06 15:45:33,590 [grpc-default-executor-5] INFO  server.RaftServer (RaftServerProxy.java:addNew(96)) - 3023bd45-36c3-431f-9c1c-92b4e43de878: addNew group-80ECED8B0AF8:[b0993b33-1422-4b90-a478-b8a2894a7eaa|rpc:10.1.0.110:42755|dataStream:|priority:0|startupRole:FOLLOWER, 0587405b-2ffa-4132-824d-547ca09f0e52|rpc:10.1.0.110:38421|dataStream:|priority:0|startupRole:FOLLOWER, 3023bd45-36c3-431f-9c1c-92b4e43de878|rpc:10.1.0.110:42841|dataStream:|priority:1|startupRole:FOLLOWER] returns group-80ECED8B0AF8:java.util.concurrent.CompletableFuture@5380b2ad[Not completed]
2022-12-06 15:45:33,591 [pool-290-thread-1] INFO  server.RaftServer$Division (RaftServerImpl.java:<init>(195)) - 3023bd45-36c3-431f-9c1c-92b4e43de878: new RaftServerImpl for group-80ECED8B0AF8:[b0993b33-1422-4b90-a478-b8a2894a7eaa|rpc:10.1.0.110:42755|dataStream:|priority:0|startupRole:FOLLOWER, 0587405b-2ffa-4132-824d-547ca09f0e52|rpc:10.1.0.110:38421|dataStream:|priority:0|startupRole:FOLLOWER, 3023bd45-36c3-431f-9c1c-92b4e43de878|rpc:10.1.0.110:42841|dataStream:|priority:1|startupRole:FOLLOWER] with ContainerStateMachine:uninitialized
2022-12-06 15:45:33,591 [pool-290-thread-1] INFO  server.RaftServerConfigKeys (ConfUtils.java:logGet(46)) - raft.server.rpc.timeout.min = 5s (custom)
2022-12-06 15:45:33,591 [pool-290-thread-1] INFO  server.RaftServerConfigKeys (ConfUtils.java:logGet(46)) - raft.server.rpc.timeout.max = 5200ms (custom)
2022-12-06 15:45:33,591 [pool-290-thread-1] INFO  server.RaftServerConfigKeys (ConfUtils.java:logGet(46)) - raft.server.rpc.sleep.time = 25ms (default)
2022-12-06 15:45:33,591 [pool-290-thread-1] INFO  server.RaftServerConfigKeys (ConfUtils.java:logGet(46)) - raft.server.rpc.slowness.timeout = 300s (custom)
2022-12-06 15:45:33,591 [pool-290-thread-1] INFO  server.RaftServerConfigKeys (ConfUtils.java:logGet(46)) - raft.server.leaderelection.leader.step-down.wait-time = 10s (default)
2022-12-06 15:45:33,591 [pool-290-thread-1] INFO  server.RaftServerConfigKeys (ConfUtils.java:logGet(46)) - raft.server.sleep.deviation.threshold = 300ms (default)
2022-12-06 15:45:33,591 [pool-290-thread-1] INFO  server.RaftServer$Division (ServerState.java:<init>(118)) - 3023bd45-36c3-431f-9c1c-92b4e43de878@group-80ECED8B0AF8: ConfigurationManager, init=-1: peers:[b0993b33-1422-4b90-a478-b8a2894a7eaa|rpc:10.1.0.110:42755|dataStream:|priority:0|startupRole:FOLLOWER, 0587405b-2ffa-4132-824d-547ca09f0e52|rpc:10.1.0.110:38421|dataStream:|priority:0|startupRole:FOLLOWER, 3023bd45-36c3-431f-9c1c-92b4e43de878|rpc:10.1.0.110:42841|dataStream:|priority:1|startupRole:FOLLOWER]|listeners:[], old=null, confs=<EMPTY_MAP>
2022-12-06 15:45:33,591 [pool-290-thread-1] INFO  server.RaftServerConfigKeys (ConfUtils.java:logGet(46)) - raft.server.storage.dir = [/home/runner/work/ozone/ozone/hadoop-ozone/integration-test/target/test-dir/MiniOzoneClusterImpl-dce15e54-dc76-4f82-a75a-fd2a8a22e08e/datanode-9/data/ratis] (custom)
2022-12-06 15:45:33,591 [pool-290-thread-1] INFO  server.RaftServerConfigKeys (ConfUtils.java:logGet(46)) - raft.server.log.corruption.policy = EXCEPTION (default)
2022-12-06 15:45:33,591 [pool-290-thread-1] INFO  server.RaftServerConfigKeys (ConfUtils.java:logGet(46)) - raft.server.storage.free-space.min = 0MB (=0) (default)
2022-12-06 15:45:33,592 [pool-290-thread-1] INFO  server.RaftServerConfigKeys (ConfUtils.java:logGet(46)) - raft.server.notification.no-leader.timeout = 300s (custom)
2022-12-06 15:45:33,592 [pool-290-thread-1] INFO  server.RaftServerConfigKeys (ConfUtils.java:logGet(46)) - raft.server.retrycache.expirytime = 600000ms (custom)
2022-12-06 15:45:33,592 [pool-290-thread-1] INFO  server.RaftServerConfigKeys (ConfUtils.java:logGet(46)) - raft.server.retrycache.statistics.expirytime = 100μs (default)
2022-12-06 15:45:33,592 [pool-290-thread-1] INFO  server.RaftServerConfigKeys (ConfUtils.java:logGet(46)) - raft.server.log.appender.install.snapshot.enabled = false (custom)
2022-12-06 15:45:33,592 [pool-290-thread-1] INFO  server.RaftServerConfigKeys (ConfUtils.java:logGet(46)) - raft.server.threadpool.server.cached = true (default)
2022-12-06 15:45:33,593 [pool-290-thread-1] INFO  server.RaftServerConfigKeys (ConfUtils.java:logGet(46)) - raft.server.threadpool.server.size = 0 (default)
2022-12-06 15:45:33,593 [pool-290-thread-1] INFO  server.RaftServerConfigKeys (ConfUtils.java:logGet(46)) - raft.server.threadpool.client.cached = true (default)
2022-12-06 15:45:33,593 [pool-290-thread-1] INFO  server.RaftServerConfigKeys (ConfUtils.java:logGet(46)) - raft.server.threadpool.client.size = 0 (default)
2022-12-06 15:45:33,593 [pool-290-thread-1] INFO  storage.RaftStorageDirectory (RaftStorageDirectoryImpl.java:analyzeStorage(137)) - The storage directory /home/runner/work/ozone/ozone/hadoop-ozone/integration-test/target/test-dir/MiniOzoneClusterImpl-dce15e54-dc76-4f82-a75a-fd2a8a22e08e/datanode-9/data/ratis/89b9b39a-e242-4ad6-8397-80eced8b0af8 does not exist. Creating ...
2022-12-06 15:45:33,594 [pool-290-thread-1] INFO  storage.RaftStorageDirectory (RaftStorageDirectoryImpl.java:tryLock(231)) - Lock on /home/runner/work/ozone/ozone/hadoop-ozone/integration-test/target/test-dir/MiniOzoneClusterImpl-dce15e54-dc76-4f82-a75a-fd2a8a22e08e/datanode-9/data/ratis/89b9b39a-e242-4ad6-8397-80eced8b0af8/in_use.lock acquired by nodename 46996@fv-az133-40
2022-12-06 15:45:33,595 [pool-290-thread-1] INFO  storage.RaftStorage (RaftStorageImpl.java:format(96)) - Storage directory /home/runner/work/ozone/ozone/hadoop-ozone/integration-test/target/test-dir/MiniOzoneClusterImpl-dce15e54-dc76-4f82-a75a-fd2a8a22e08e/datanode-9/data/ratis/89b9b39a-e242-4ad6-8397-80eced8b0af8 has been successfully formatted.
2022-12-06 15:45:33,595 [pool-290-thread-1] INFO  ratis.ContainerStateMachine (ContainerStateMachine.java:loadSnapshot(236)) - group-80ECED8B0AF8: The snapshot info is null. Setting the last applied indexto:(t:0, i:~)
2022-12-06 15:45:33,596 [pool-290-thread-1] INFO  server.RaftServerConfigKeys (ConfUtils.java:logGet(46)) - raft.server.log.use.memory = false (default)
2022-12-06 15:45:33,596 [pool-290-thread-1] INFO  server.RaftServerConfigKeys (ConfUtils.java:logGet(46)) - raft.server.log.purge.gap = 1000000 (custom)
2022-12-06 15:45:33,596 [pool-290-thread-1] INFO  server.RaftServerConfigKeys (ConfUtils.java:logGet(46)) - raft.server.log.appender.buffer.byte-limit = 33554432 (custom)
2022-12-06 15:45:33,596 [pool-290-thread-1] INFO  server.RaftServerConfigKeys (ConfUtils.java:logGet(46)) - raft.server.log.statemachine.data.read.timeout = 1000ms (default)
2022-12-06 15:45:33,596 [pool-290-thread-1] INFO  server.RaftServerConfigKeys (ConfUtils.java:logGet(46)) - raft.server.log.purge.preservation.log.num = 0 (default)
2022-12-06 15:45:33,596 [pool-290-thread-1] INFO  server.RaftServerConfigKeys (ConfUtils.java:logGet(46)) - raft.server.log.segment.size.max = 1048576 (custom)
2022-12-06 15:45:33,596 [EventQueue-CommandQueueReportForCommandQueueReportHandler] WARN  events.EventQueue (EventQueue.java:fireEvent(216)) - No event handler registered for event TypedEvent{payloadType=DatanodeDetails, name='Datanode_Command_Queue_Updated'}
2022-12-06 15:45:33,597 [pool-290-thread-1] INFO  server.RaftServerConfigKeys (ConfUtils.java:logGet(46)) - raft.server.log.segment.cache.num.max = 2 (custom)
2022-12-06 15:45:33,597 [pool-290-thread-1] INFO  server.RaftServerConfigKeys (ConfUtils.java:logGet(46)) - raft.server.log.segment.cache.size.max = 200MB (=209715200) (default)
2022-12-06 15:45:33,597 [pool-290-thread-1] INFO  segmented.SegmentedRaftLogWorker (SegmentedRaftLogWorker.java:<init>(189)) - new 3023bd45-36c3-431f-9c1c-92b4e43de878@group-80ECED8B0AF8-SegmentedRaftLogWorker for RaftStorageImpl:Storage Directory /home/runner/work/ozone/ozone/hadoop-ozone/integration-test/target/test-dir/MiniOzoneClusterImpl-dce15e54-dc76-4f82-a75a-fd2a8a22e08e/datanode-9/data/ratis/89b9b39a-e242-4ad6-8397-80eced8b0af8
2022-12-06 15:45:33,597 [pool-290-thread-1] INFO  server.RaftServerConfigKeys (ConfUtils.java:logGet(46)) - raft.server.log.queue.byte-limit = 4294967296 (custom)
2022-12-06 15:45:33,597 [pool-290-thread-1] INFO  server.RaftServerConfigKeys (ConfUtils.java:logGet(46)) - raft.server.log.queue.element-limit = 1024 (custom)
2022-12-06 15:45:33,597 [pool-290-thread-1] INFO  server.RaftServerConfigKeys (ConfUtils.java:logGet(46)) - raft.server.log.segment.size.max = 1048576 (custom)
2022-12-06 15:45:33,597 [pool-290-thread-1] INFO  server.RaftServerConfigKeys (ConfUtils.java:logGet(46)) - raft.server.log.preallocated.size = 16384 (custom)
2022-12-06 15:45:33,597 [pool-290-thread-1] INFO  server.RaftServerConfigKeys (ConfUtils.java:logGet(46)) - raft.server.log.force.sync.num = 128 (default)
2022-12-06 15:45:33,597 [pool-290-thread-1] INFO  server.RaftServerConfigKeys (ConfUtils.java:logGet(46)) - raft.server.log.statemachine.data.sync = true (default)
2022-12-06 15:45:33,597 [pool-290-thread-1] INFO  server.RaftServerConfigKeys (ConfUtils.java:logGet(46)) - raft.server.log.statemachine.data.sync.timeout = 10s (default)
2022-12-06 15:45:33,597 [pool-290-thread-1] INFO  server.RaftServerConfigKeys (ConfUtils.java:logGet(46)) - raft.server.log.statemachine.data.sync.timeout.retry = -1 (default)
2022-12-06 15:45:33,598 [pool-290-thread-1] INFO  server.RaftServerConfigKeys (ConfUtils.java:logGet(46)) - raft.server.log.write.buffer.size = 1048576 (custom)
2022-12-06 15:45:33,599 [pool-290-thread-1] INFO  server.RaftServerConfigKeys (ConfUtils.java:logGet(46)) - raft.server.log.appender.buffer.byte-limit = 33554432 (custom)
2022-12-06 15:45:33,604 [pool-290-thread-1] INFO  server.RaftServerConfigKeys (ConfUtils.java:logGet(46)) - raft.server.log.unsafe-flush.enabled = false (default)
2022-12-06 15:45:33,604 [pool-290-thread-1] INFO  server.RaftServerConfigKeys (ConfUtils.java:logGet(46)) - raft.server.log.async-flush.enabled = false (default)
2022-12-06 15:45:33,604 [pool-290-thread-1] INFO  server.RaftServerConfigKeys (ConfUtils.java:logGet(46)) - raft.server.log.statemachine.data.caching.enabled = true (custom)
2022-12-06 15:45:33,604 [pool-290-thread-1] INFO  segmented.SegmentedRaftLogWorker (SegmentedRaftLogWorker.java:lambda$new$0(135)) - 3023bd45-36c3-431f-9c1c-92b4e43de878@group-80ECED8B0AF8-SegmentedRaftLogWorker: flushIndex: setUnconditionally 0 -> -1
2022-12-06 15:45:33,604 [pool-290-thread-1] INFO  segmented.SegmentedRaftLogWorker (SegmentedRaftLogWorker.java:lambda$new$0(135)) - 3023bd45-36c3-431f-9c1c-92b4e43de878@group-80ECED8B0AF8-SegmentedRaftLogWorker: safeCacheEvictIndex: setUnconditionally 0 -> -1
2022-12-06 15:45:33,604 [pool-290-thread-1] INFO  server.RaftServer$Division (RaftServerImpl.java:start(334)) - 3023bd45-36c3-431f-9c1c-92b4e43de878@group-80ECED8B0AF8: start as a follower, conf=-1: peers:[b0993b33-1422-4b90-a478-b8a2894a7eaa|rpc:10.1.0.110:42755|dataStream:|priority:0|startupRole:FOLLOWER, 0587405b-2ffa-4132-824d-547ca09f0e52|rpc:10.1.0.110:38421|dataStream:|priority:0|startupRole:FOLLOWER, 3023bd45-36c3-431f-9c1c-92b4e43de878|rpc:10.1.0.110:42841|dataStream:|priority:1|startupRole:FOLLOWER]|listeners:[], old=null
2022-12-06 15:45:33,604 [pool-290-thread-1] INFO  server.RaftServer$Division (RaftServerImpl.java:setRole(321)) - 3023bd45-36c3-431f-9c1c-92b4e43de878@group-80ECED8B0AF8: changes role from      null to FOLLOWER at term 0 for startAsFollower
2022-12-06 15:45:33,605 [pool-290-thread-1] INFO  impl.RoleInfo (RoleInfo.java:updateAndGet(139)) - 3023bd45-36c3-431f-9c1c-92b4e43de878: start 3023bd45-36c3-431f-9c1c-92b4e43de878@group-80ECED8B0AF8-FollowerState
2022-12-06 15:45:33,607 [pool-290-thread-1] INFO  util.JmxRegister (JmxRegister.java:tryRegister(44)) - Successfully registered JMX Bean with object name Ratis:service=RaftServer,group=group-80ECED8B0AF8,id=3023bd45-36c3-431f-9c1c-92b4e43de878
2022-12-06 15:45:33,607 [pool-290-thread-1] INFO  server.RaftServerConfigKeys (ConfUtils.java:logGet(46)) - raft.server.snapshot.auto.trigger.enabled = true (custom)
2022-12-06 15:45:33,607 [pool-290-thread-1] INFO  server.RaftServerConfigKeys (ConfUtils.java:logGet(46)) - raft.server.snapshot.auto.trigger.threshold = 10000 (custom)
2022-12-06 15:45:33,607 [pool-290-thread-1] INFO  server.RaftServerConfigKeys (ConfUtils.java:logGet(46)) - raft.server.snapshot.retention.file.num = 5 (custom)
2022-12-06 15:45:33,607 [pool-290-thread-1] INFO  server.RaftServerConfigKeys (ConfUtils.java:logGet(46)) - raft.server.log.purge.upto.snapshot.index = false (default)
2022-12-06 15:45:33,607 [3023bd45-36c3-431f-9c1c-92b4e43de878@group-80ECED8B0AF8-FollowerState] INFO  server.RaftServerConfigKeys (ConfUtils.java:logFallback(53)) - raft.server.rpc.first-election.timeout.min = 5s (fallback to raft.server.rpc.timeout.min)
2022-12-06 15:45:33,607 [3023bd45-36c3-431f-9c1c-92b4e43de878@group-80ECED8B0AF8-FollowerState] INFO  server.RaftServerConfigKeys (ConfUtils.java:logFallback(53)) - raft.server.rpc.first-election.timeout.max = 5200ms (fallback to raft.server.rpc.timeout.max)
2022-12-06 15:45:33,623 [grpc-default-executor-5] INFO  server.RaftServer (RaftServerProxy.java:addNew(96)) - 0587405b-2ffa-4132-824d-547ca09f0e52: addNew group-80ECED8B0AF8:[b0993b33-1422-4b90-a478-b8a2894a7eaa|rpc:10.1.0.110:42755|dataStream:|priority:0|startupRole:FOLLOWER, 0587405b-2ffa-4132-824d-547ca09f0e52|rpc:10.1.0.110:38421|dataStream:|priority:0|startupRole:FOLLOWER, 3023bd45-36c3-431f-9c1c-92b4e43de878|rpc:10.1.0.110:42841|dataStream:|priority:1|startupRole:FOLLOWER] returns group-80ECED8B0AF8:java.util.concurrent.CompletableFuture@7fab7456[Not completed]
2022-12-06 15:45:33,624 [pool-94-thread-1] INFO  server.RaftServer$Division (RaftServerImpl.java:<init>(195)) - 0587405b-2ffa-4132-824d-547ca09f0e52: new RaftServerImpl for group-80ECED8B0AF8:[b0993b33-1422-4b90-a478-b8a2894a7eaa|rpc:10.1.0.110:42755|dataStream:|priority:0|startupRole:FOLLOWER, 0587405b-2ffa-4132-824d-547ca09f0e52|rpc:10.1.0.110:38421|dataStream:|priority:0|startupRole:FOLLOWER, 3023bd45-36c3-431f-9c1c-92b4e43de878|rpc:10.1.0.110:42841|dataStream:|priority:1|startupRole:FOLLOWER] with ContainerStateMachine:uninitialized
2022-12-06 15:45:33,625 [pool-94-thread-1] INFO  server.RaftServerConfigKeys (ConfUtils.java:logGet(46)) - raft.server.rpc.timeout.min = 5s (custom)
2022-12-06 15:45:33,625 [pool-94-thread-1] INFO  server.RaftServerConfigKeys (ConfUtils.java:logGet(46)) - raft.server.rpc.timeout.max = 5200ms (custom)
2022-12-06 15:45:33,625 [pool-94-thread-1] INFO  server.RaftServerConfigKeys (ConfUtils.java:logGet(46)) - raft.server.rpc.sleep.time = 25ms (default)
2022-12-06 15:45:33,625 [pool-94-thread-1] INFO  server.RaftServerConfigKeys (ConfUtils.java:logGet(46)) - raft.server.rpc.slowness.timeout = 300s (custom)
2022-12-06 15:45:33,625 [pool-94-thread-1] INFO  server.RaftServerConfigKeys (ConfUtils.java:logGet(46)) - raft.server.leaderelection.leader.step-down.wait-time = 10s (default)
2022-12-06 15:45:33,625 [pool-94-thread-1] INFO  server.RaftServerConfigKeys (ConfUtils.java:logGet(46)) - raft.server.sleep.deviation.threshold = 300ms (default)
2022-12-06 15:45:33,625 [pool-94-thread-1] INFO  server.RaftServer$Division (ServerState.java:<init>(118)) - 0587405b-2ffa-4132-824d-547ca09f0e52@group-80ECED8B0AF8: ConfigurationManager, init=-1: peers:[b0993b33-1422-4b90-a478-b8a2894a7eaa|rpc:10.1.0.110:42755|dataStream:|priority:0|startupRole:FOLLOWER, 0587405b-2ffa-4132-824d-547ca09f0e52|rpc:10.1.0.110:38421|dataStream:|priority:0|startupRole:FOLLOWER, 3023bd45-36c3-431f-9c1c-92b4e43de878|rpc:10.1.0.110:42841|dataStream:|priority:1|startupRole:FOLLOWER]|listeners:[], old=null, confs=<EMPTY_MAP>
2022-12-06 15:45:33,625 [pool-94-thread-1] INFO  server.RaftServerConfigKeys (ConfUtils.java:logGet(46)) - raft.server.storage.dir = [/home/runner/work/ozone/ozone/hadoop-ozone/integration-test/target/test-dir/MiniOzoneClusterImpl-dce15e54-dc76-4f82-a75a-fd2a8a22e08e/datanode-1/data/ratis] (custom)
2022-12-06 15:45:33,625 [pool-94-thread-1] INFO  server.RaftServerConfigKeys (ConfUtils.java:logGet(46)) - raft.server.log.corruption.policy = EXCEPTION (default)
2022-12-06 15:45:33,625 [pool-94-thread-1] INFO  server.RaftServerConfigKeys (ConfUtils.java:logGet(46)) - raft.server.storage.free-space.min = 0MB (=0) (default)
2022-12-06 15:45:33,625 [pool-94-thread-1] INFO  server.RaftServerConfigKeys (ConfUtils.java:logGet(46)) - raft.server.notification.no-leader.timeout = 300s (custom)
2022-12-06 15:45:33,625 [pool-94-thread-1] INFO  server.RaftServerConfigKeys (ConfUtils.java:logGet(46)) - raft.server.retrycache.expirytime = 600000ms (custom)
2022-12-06 15:45:33,625 [pool-94-thread-1] INFO  server.RaftServerConfigKeys (ConfUtils.java:logGet(46)) - raft.server.retrycache.statistics.expirytime = 100μs (default)
2022-12-06 15:45:33,626 [pool-94-thread-1] INFO  server.RaftServerConfigKeys (ConfUtils.java:logGet(46)) - raft.server.log.appender.install.snapshot.enabled = false (custom)
2022-12-06 15:45:33,626 [pool-94-thread-1] INFO  server.RaftServerConfigKeys (ConfUtils.java:logGet(46)) - raft.server.threadpool.server.cached = true (default)
2022-12-06 15:45:33,626 [pool-94-thread-1] INFO  server.RaftServerConfigKeys (ConfUtils.java:logGet(46)) - raft.server.threadpool.server.size = 0 (default)
2022-12-06 15:45:33,626 [pool-94-thread-1] INFO  server.RaftServerConfigKeys (ConfUtils.java:logGet(46)) - raft.server.threadpool.client.cached = true (default)
2022-12-06 15:45:33,626 [pool-94-thread-1] INFO  server.RaftServerConfigKeys (ConfUtils.java:logGet(46)) - raft.server.threadpool.client.size = 0 (default)
2022-12-06 15:45:33,626 [pool-94-thread-1] INFO  storage.RaftStorageDirectory (RaftStorageDirectoryImpl.java:analyzeStorage(137)) - The storage directory /home/runner/work/ozone/ozone/hadoop-ozone/integration-test/target/test-dir/MiniOzoneClusterImpl-dce15e54-dc76-4f82-a75a-fd2a8a22e08e/datanode-1/data/ratis/89b9b39a-e242-4ad6-8397-80eced8b0af8 does not exist. Creating ...
2022-12-06 15:45:33,628 [pool-94-thread-1] INFO  storage.RaftStorageDirectory (RaftStorageDirectoryImpl.java:tryLock(231)) - Lock on /home/runner/work/ozone/ozone/hadoop-ozone/integration-test/target/test-dir/MiniOzoneClusterImpl-dce15e54-dc76-4f82-a75a-fd2a8a22e08e/datanode-1/data/ratis/89b9b39a-e242-4ad6-8397-80eced8b0af8/in_use.lock acquired by nodename 46996@fv-az133-40
2022-12-06 15:45:33,629 [pool-94-thread-1] INFO  storage.RaftStorage (RaftStorageImpl.java:format(96)) - Storage directory /home/runner/work/ozone/ozone/hadoop-ozone/integration-test/target/test-dir/MiniOzoneClusterImpl-dce15e54-dc76-4f82-a75a-fd2a8a22e08e/datanode-1/data/ratis/89b9b39a-e242-4ad6-8397-80eced8b0af8 has been successfully formatted.
2022-12-06 15:45:33,631 [EventQueue-CommandQueueReportForCommandQueueReportHandler] WARN  events.EventQueue (EventQueue.java:fireEvent(216)) - No event handler registered for event TypedEvent{payloadType=DatanodeDetails, name='Datanode_Command_Queue_Updated'}
2022-12-06 15:45:33,631 [pool-94-thread-1] INFO  ratis.ContainerStateMachine (ContainerStateMachine.java:loadSnapshot(236)) - group-80ECED8B0AF8: The snapshot info is null. Setting the last applied indexto:(t:0, i:~)
2022-12-06 15:45:33,631 [pool-94-thread-1] INFO  server.RaftServerConfigKeys (ConfUtils.java:logGet(46)) - raft.server.log.use.memory = false (default)
2022-12-06 15:45:33,631 [pool-94-thread-1] INFO  server.RaftServerConfigKeys (ConfUtils.java:logGet(46)) - raft.server.log.purge.gap = 1000000 (custom)
2022-12-06 15:45:33,631 [pool-94-thread-1] INFO  server.RaftServerConfigKeys (ConfUtils.java:logGet(46)) - raft.server.log.appender.buffer.byte-limit = 33554432 (custom)
2022-12-06 15:45:33,631 [pool-94-thread-1] INFO  server.RaftServerConfigKeys (ConfUtils.java:logGet(46)) - raft.server.log.statemachine.data.read.timeout = 1000ms (default)
2022-12-06 15:45:33,631 [pool-94-thread-1] INFO  server.RaftServerConfigKeys (ConfUtils.java:logGet(46)) - raft.server.log.purge.preservation.log.num = 0 (default)
2022-12-06 15:45:33,632 [pool-94-thread-1] INFO  server.RaftServerConfigKeys (ConfUtils.java:logGet(46)) - raft.server.log.segment.size.max = 1048576 (custom)
2022-12-06 15:45:33,632 [pool-94-thread-1] INFO  server.RaftServerConfigKeys (ConfUtils.java:logGet(46)) - raft.server.log.segment.cache.num.max = 2 (custom)
2022-12-06 15:45:33,632 [pool-94-thread-1] INFO  server.RaftServerConfigKeys (ConfUtils.java:logGet(46)) - raft.server.log.segment.cache.size.max = 200MB (=209715200) (default)
2022-12-06 15:45:33,632 [pool-94-thread-1] INFO  segmented.SegmentedRaftLogWorker (SegmentedRaftLogWorker.java:<init>(189)) - new 0587405b-2ffa-4132-824d-547ca09f0e52@group-80ECED8B0AF8-SegmentedRaftLogWorker for RaftStorageImpl:Storage Directory /home/runner/work/ozone/ozone/hadoop-ozone/integration-test/target/test-dir/MiniOzoneClusterImpl-dce15e54-dc76-4f82-a75a-fd2a8a22e08e/datanode-1/data/ratis/89b9b39a-e242-4ad6-8397-80eced8b0af8
2022-12-06 15:45:33,632 [pool-94-thread-1] INFO  server.RaftServerConfigKeys (ConfUtils.java:logGet(46)) - raft.server.log.queue.byte-limit = 4294967296 (custom)
2022-12-06 15:45:33,632 [pool-94-thread-1] INFO  server.RaftServerConfigKeys (ConfUtils.java:logGet(46)) - raft.server.log.queue.element-limit = 1024 (custom)
2022-12-06 15:45:33,632 [pool-94-thread-1] INFO  server.RaftServerConfigKeys (ConfUtils.java:logGet(46)) - raft.server.log.segment.size.max = 1048576 (custom)
2022-12-06 15:45:33,632 [pool-94-thread-1] INFO  server.RaftServerConfigKeys (ConfUtils.java:logGet(46)) - raft.server.log.preallocated.size = 16384 (custom)
2022-12-06 15:45:33,632 [pool-94-thread-1] INFO  server.RaftServerConfigKeys (ConfUtils.java:logGet(46)) - raft.server.log.force.sync.num = 128 (default)
2022-12-06 15:45:33,632 [pool-94-thread-1] INFO  server.RaftServerConfigKeys (ConfUtils.java:logGet(46)) - raft.server.log.statemachine.data.sync = true (default)
2022-12-06 15:45:33,632 [pool-94-thread-1] INFO  server.RaftServerConfigKeys (ConfUtils.java:logGet(46)) - raft.server.log.statemachine.data.sync.timeout = 10s (default)
2022-12-06 15:45:33,632 [pool-94-thread-1] INFO  server.RaftServerConfigKeys (ConfUtils.java:logGet(46)) - raft.server.log.statemachine.data.sync.timeout.retry = -1 (default)
2022-12-06 15:45:33,633 [pool-94-thread-1] INFO  server.RaftServerConfigKeys (ConfUtils.java:logGet(46)) - raft.server.log.write.buffer.size = 1048576 (custom)
2022-12-06 15:45:33,634 [pool-94-thread-1] INFO  server.RaftServerConfigKeys (ConfUtils.java:logGet(46)) - raft.server.log.appender.buffer.byte-limit = 33554432 (custom)
2022-12-06 15:45:33,639 [pool-94-thread-1] INFO  server.RaftServerConfigKeys (ConfUtils.java:logGet(46)) - raft.server.log.unsafe-flush.enabled = false (default)
2022-12-06 15:45:33,639 [pool-94-thread-1] INFO  server.RaftServerConfigKeys (ConfUtils.java:logGet(46)) - raft.server.log.async-flush.enabled = false (default)
2022-12-06 15:45:33,639 [pool-94-thread-1] INFO  server.RaftServerConfigKeys (ConfUtils.java:logGet(46)) - raft.server.log.statemachine.data.caching.enabled = true (custom)
2022-12-06 15:45:33,639 [pool-94-thread-1] INFO  segmented.SegmentedRaftLogWorker (SegmentedRaftLogWorker.java:lambda$new$0(135)) - 0587405b-2ffa-4132-824d-547ca09f0e52@group-80ECED8B0AF8-SegmentedRaftLogWorker: flushIndex: setUnconditionally 0 -> -1
2022-12-06 15:45:33,639 [pool-94-thread-1] INFO  segmented.SegmentedRaftLogWorker (SegmentedRaftLogWorker.java:lambda$new$0(135)) - 0587405b-2ffa-4132-824d-547ca09f0e52@group-80ECED8B0AF8-SegmentedRaftLogWorker: safeCacheEvictIndex: setUnconditionally 0 -> -1
2022-12-06 15:45:33,639 [pool-94-thread-1] INFO  server.RaftServer$Division (RaftServerImpl.java:start(334)) - 0587405b-2ffa-4132-824d-547ca09f0e52@group-80ECED8B0AF8: start as a follower, conf=-1: peers:[b0993b33-1422-4b90-a478-b8a2894a7eaa|rpc:10.1.0.110:42755|dataStream:|priority:0|startupRole:FOLLOWER, 0587405b-2ffa-4132-824d-547ca09f0e52|rpc:10.1.0.110:38421|dataStream:|priority:0|startupRole:FOLLOWER, 3023bd45-36c3-431f-9c1c-92b4e43de878|rpc:10.1.0.110:42841|dataStream:|priority:1|startupRole:FOLLOWER]|listeners:[], old=null
2022-12-06 15:45:33,639 [pool-94-thread-1] INFO  server.RaftServer$Division (RaftServerImpl.java:setRole(321)) - 0587405b-2ffa-4132-824d-547ca09f0e52@group-80ECED8B0AF8: changes role from      null to FOLLOWER at term 0 for startAsFollower
2022-12-06 15:45:33,639 [pool-94-thread-1] INFO  impl.RoleInfo (RoleInfo.java:updateAndGet(139)) - 0587405b-2ffa-4132-824d-547ca09f0e52: start 0587405b-2ffa-4132-824d-547ca09f0e52@group-80ECED8B0AF8-FollowerState
2022-12-06 15:45:33,642 [pool-94-thread-1] INFO  util.JmxRegister (JmxRegister.java:tryRegister(44)) - Successfully registered JMX Bean with object name Ratis:service=RaftServer,group=group-80ECED8B0AF8,id=0587405b-2ffa-4132-824d-547ca09f0e52
2022-12-06 15:45:33,642 [pool-94-thread-1] INFO  server.RaftServerConfigKeys (ConfUtils.java:logGet(46)) - raft.server.snapshot.auto.trigger.enabled = true (custom)
2022-12-06 15:45:33,642 [pool-94-thread-1] INFO  server.RaftServerConfigKeys (ConfUtils.java:logGet(46)) - raft.server.snapshot.auto.trigger.threshold = 10000 (custom)
2022-12-06 15:45:33,642 [pool-94-thread-1] INFO  server.RaftServerConfigKeys (ConfUtils.java:logGet(46)) - raft.server.snapshot.retention.file.num = 5 (custom)
2022-12-06 15:45:33,642 [pool-94-thread-1] INFO  server.RaftServerConfigKeys (ConfUtils.java:logGet(46)) - raft.server.log.purge.upto.snapshot.index = false (default)
2022-12-06 15:45:33,642 [0587405b-2ffa-4132-824d-547ca09f0e52@group-80ECED8B0AF8-FollowerState] INFO  server.RaftServerConfigKeys (ConfUtils.java:logFallback(53)) - raft.server.rpc.first-election.timeout.min = 5s (fallback to raft.server.rpc.timeout.min)
2022-12-06 15:45:33,642 [0587405b-2ffa-4132-824d-547ca09f0e52@group-80ECED8B0AF8-FollowerState] INFO  server.RaftServerConfigKeys (ConfUtils.java:logFallback(53)) - raft.server.rpc.first-election.timeout.max = 5200ms (fallback to raft.server.rpc.timeout.max)
2022-12-06 15:45:33,654 [Command processor thread] INFO  commandhandler.CreatePipelineCommandHandler (CreatePipelineCommandHandler.java:handle(113)) - Created Pipeline RATIS THREE PipelineID=89b9b39a-e242-4ad6-8397-80eced8b0af8.
2022-12-06 15:45:33,941 [EventQueue-CommandQueueReportForCommandQueueReportHandler] WARN  events.EventQueue (EventQueue.java:fireEvent(216)) - No event handler registered for event TypedEvent{payloadType=DatanodeDetails, name='Datanode_Command_Queue_Updated'}
2022-12-06 15:45:33,948 [EventQueue-CommandQueueReportForCommandQueueReportHandler] WARN  events.EventQueue (EventQueue.java:fireEvent(216)) - No event handler registered for event TypedEvent{payloadType=DatanodeDetails, name='Datanode_Command_Queue_Updated'}
2022-12-06 15:45:34,088 [EventQueue-CommandQueueReportForCommandQueueReportHandler] WARN  events.EventQueue (EventQueue.java:fireEvent(216)) - No event handler registered for event TypedEvent{payloadType=DatanodeDetails, name='Datanode_Command_Queue_Updated'}
2022-12-06 15:45:34,377 [EventQueue-CommandQueueReportForCommandQueueReportHandler] WARN  events.EventQueue (EventQueue.java:fireEvent(216)) - No event handler registered for event TypedEvent{payloadType=DatanodeDetails, name='Datanode_Command_Queue_Updated'}
2022-12-06 15:45:34,405 [EventQueue-CommandQueueReportForCommandQueueReportHandler] WARN  events.EventQueue (EventQueue.java:fireEvent(216)) - No event handler registered for event TypedEvent{payloadType=DatanodeDetails, name='Datanode_Command_Queue_Updated'}
2022-12-06 15:45:34,410 [EventQueue-CommandQueueReportForCommandQueueReportHandler] WARN  events.EventQueue (EventQueue.java:fireEvent(216)) - No event handler registered for event TypedEvent{payloadType=DatanodeDetails, name='Datanode_Command_Queue_Updated'}
2022-12-06 15:45:34,459 [EventQueue-CommandQueueReportForCommandQueueReportHandler] WARN  events.EventQueue (EventQueue.java:fireEvent(216)) - No event handler registered for event TypedEvent{payloadType=DatanodeDetails, name='Datanode_Command_Queue_Updated'}
2022-12-06 15:45:34,570 [EventQueue-CommandQueueReportForCommandQueueReportHandler] WARN  events.EventQueue (EventQueue.java:fireEvent(216)) - No event handler registered for event TypedEvent{payloadType=DatanodeDetails, name='Datanode_Command_Queue_Updated'}
2022-12-06 15:45:34,597 [EventQueue-CommandQueueReportForCommandQueueReportHandler] WARN  events.EventQueue (EventQueue.java:fireEvent(216)) - No event handler registered for event TypedEvent{payloadType=DatanodeDetails, name='Datanode_Command_Queue_Updated'}
2022-12-06 15:45:34,631 [EventQueue-CommandQueueReportForCommandQueueReportHandler] WARN  events.EventQueue (EventQueue.java:fireEvent(216)) - No event handler registered for event TypedEvent{payloadType=DatanodeDetails, name='Datanode_Command_Queue_Updated'}
2022-12-06 15:45:34,928 [EventQueue-CommandQueueReportForCommandQueueReportHandler] WARN  events.EventQueue (EventQueue.java:fireEvent(216)) - No event handler registered for event TypedEvent{payloadType=DatanodeDetails, name='Datanode_Command_Queue_Updated'}
2022-12-06 15:45:34,941 [EventQueue-CommandQueueReportForCommandQueueReportHandler] WARN  events.EventQueue (EventQueue.java:fireEvent(216)) - No event handler registered for event TypedEvent{payloadType=DatanodeDetails, name='Datanode_Command_Queue_Updated'}
2022-12-06 15:45:34,949 [EventQueue-CommandQueueReportForCommandQueueReportHandler] WARN  events.EventQueue (EventQueue.java:fireEvent(216)) - No event handler registered for event TypedEvent{payloadType=DatanodeDetails, name='Datanode_Command_Queue_Updated'}
]]></system-out>
  </testcase>
  <testcase name="testECContainerRecoveryWithTimedOutRecovery" classname="org.apache.hadoop.ozone.container.TestECContainerRecovery" time="107.409">
    <error type="java.util.concurrent.TimeoutException"><![CDATA[java.util.concurrent.TimeoutException: 
Timed out waiting for condition. Thread diagnostics:
Timestamp: 2022-12-06 03:47:22,306

"Session-HouseKeeper-565f87ed-1"  prio=5 tid=352 timed_waiting
java.lang.Thread.State: TIMED_WAITING
        at sun.misc.Unsafe.park(Native Method)
        at java.util.concurrent.locks.LockSupport.parkNanos(LockSupport.java:215)
        at java.util.concurrent.locks.AbstractQueuedSynchronizer$ConditionObject.awaitNanos(AbstractQueuedSynchronizer.java:2078)
        at java.util.concurrent.ScheduledThreadPoolExecutor$DelayedWorkQueue.take(ScheduledThreadPoolExecutor.java:1093)
        at java.util.concurrent.ScheduledThreadPoolExecutor$DelayedWorkQueue.take(ScheduledThreadPoolExecutor.java:809)
        at java.util.concurrent.ThreadPoolExecutor.getTask(ThreadPoolExecutor.java:1074)
        at java.util.concurrent.ThreadPoolExecutor.runWorker(ThreadPoolExecutor.java:1134)
        at java.util.concurrent.ThreadPoolExecutor$Worker.run(ThreadPoolExecutor.java:624)
        at java.lang.Thread.run(Thread.java:750)
"IPC Server handler 4 on default port 45237" daemon prio=5 tid=70 timed_waiting
java.lang.Thread.State: TIMED_WAITING
        at sun.misc.Unsafe.park(Native Method)
        at java.util.concurrent.locks.LockSupport.parkNanos(LockSupport.java:215)
        at java.util.concurrent.locks.AbstractQueuedSynchronizer$ConditionObject.awaitNanos(AbstractQueuedSynchronizer.java:2078)
        at java.util.concurrent.LinkedBlockingQueue.poll(LinkedBlockingQueue.java:467)
        at org.apache.hadoop.ipc.CallQueueManager.take(CallQueueManager.java:317)
        at org.apache.hadoop.ipc.Server$Handler.run(Server.java:2942)
"StaleRecoveringContainerScrubbingService#6" daemon prio=5 tid=1024 in Object.wait()
java.lang.Thread.State: WAITING (on object monitor)
        at sun.misc.Unsafe.park(Native Method)
        at java.util.concurrent.locks.LockSupport.park(LockSupport.java:175)
        at java.util.concurrent.locks.AbstractQueuedSynchronizer$ConditionObject.await(AbstractQueuedSynchronizer.java:2039)
        at java.util.concurrent.ScheduledThreadPoolExecutor$DelayedWorkQueue.take(ScheduledThreadPoolExecutor.java:1088)
        at java.util.concurrent.ScheduledThreadPoolExecutor$DelayedWorkQueue.take(ScheduledThreadPoolExecutor.java:809)
        at java.util.concurrent.ThreadPoolExecutor.getTask(ThreadPoolExecutor.java:1074)
        at java.util.concurrent.ThreadPoolExecutor.runWorker(ThreadPoolExecutor.java:1134)
        at java.util.concurrent.ThreadPoolExecutor$Worker.run(ThreadPoolExecutor.java:624)
        at java.lang.Thread.run(Thread.java:750)
"ChunkWriter-0-0" daemon prio=5 tid=543 in Object.wait()
java.lang.Thread.State: WAITING (on object monitor)
        at sun.misc.Unsafe.park(Native Method)
        at java.util.concurrent.locks.LockSupport.park(LockSupport.java:175)
        at java.util.concurrent.locks.AbstractQueuedSynchronizer$ConditionObject.await(AbstractQueuedSynchronizer.java:2039)
        at java.util.concurrent.LinkedBlockingDeque.takeFirst(LinkedBlockingDeque.java:492)
        at java.util.concurrent.LinkedBlockingDeque.take(LinkedBlockingDeque.java:680)
        at java.util.concurrent.ThreadPoolExecutor.getTask(ThreadPoolExecutor.java:1074)
        at java.util.concurrent.ThreadPoolExecutor.runWorker(ThreadPoolExecutor.java:1134)
        at java.util.concurrent.ThreadPoolExecutor$Worker.run(ThreadPoolExecutor.java:624)
        at java.lang.Thread.run(Thread.java:750)
"BlockDeletingService#2" daemon prio=5 tid=1114 in Object.wait()
java.lang.Thread.State: WAITING (on object monitor)
        at sun.misc.Unsafe.park(Native Method)
        at java.util.concurrent.locks.LockSupport.park(LockSupport.java:175)
        at java.util.concurrent.locks.AbstractQueuedSynchronizer$ConditionObject.await(AbstractQueuedSynchronizer.java:2039)
        at java.util.concurrent.ScheduledThreadPoolExecutor$DelayedWorkQueue.take(ScheduledThreadPoolExecutor.java:1088)
        at java.util.concurrent.ScheduledThreadPoolExecutor$DelayedWorkQueue.take(ScheduledThreadPoolExecutor.java:809)
        at java.util.concurrent.ThreadPoolExecutor.getTask(ThreadPoolExecutor.java:1074)
        at java.util.concurrent.ThreadPoolExecutor.runWorker(ThreadPoolExecutor.java:1134)
        at java.util.concurrent.ThreadPoolExecutor$Worker.run(ThreadPoolExecutor.java:624)
        at java.lang.Thread.run(Thread.java:750)
"BlockDeletingService#1" daemon prio=5 tid=538 in Object.wait()
java.lang.Thread.State: WAITING (on object monitor)
        at sun.misc.Unsafe.park(Native Method)
        at java.util.concurrent.locks.LockSupport.park(LockSupport.java:175)
        at java.util.concurrent.locks.AbstractQueuedSynchronizer$ConditionObject.await(AbstractQueuedSynchronizer.java:2039)
        at java.util.concurrent.ScheduledThreadPoolExecutor$DelayedWorkQueue.take(ScheduledThreadPoolExecutor.java:1088)
        at java.util.concurrent.ScheduledThreadPoolExecutor$DelayedWorkQueue.take(ScheduledThreadPoolExecutor.java:809)
        at java.util.concurrent.ThreadPoolExecutor.getTask(ThreadPoolExecutor.java:1074)
        at java.util.concurrent.ThreadPoolExecutor.runWorker(ThreadPoolExecutor.java:1134)
        at java.util.concurrent.ThreadPoolExecutor$Worker.run(ThreadPoolExecutor.java:624)
        at java.lang.Thread.run(Thread.java:750)
"qtp1888233184-320" daemon prio=5 tid=320 timed_waiting
java.lang.Thread.State: TIMED_WAITING
        at sun.misc.Unsafe.park(Native Method)
        at java.util.concurrent.locks.LockSupport.parkNanos(LockSupport.java:215)
        at java.util.concurrent.locks.AbstractQueuedSynchronizer$ConditionObject.awaitNanos(AbstractQueuedSynchronizer.java:2078)
        at org.eclipse.jetty.util.BlockingArrayQueue.poll(BlockingArrayQueue.java:382)
        at org.eclipse.jetty.util.thread.QueuedThreadPool$Runner.idleJobPoll(QueuedThreadPool.java:974)
        at org.eclipse.jetty.util.thread.QueuedThreadPool$Runner.run(QueuedThreadPool.java:1018)
        at java.lang.Thread.run(Thread.java:750)
"Datanode ReportManager Thread - 1" daemon prio=5 tid=326 timed_waiting
java.lang.Thread.State: TIMED_WAITING
        at sun.misc.Unsafe.park(Native Method)
        at java.util.concurrent.locks.LockSupport.parkNanos(LockSupport.java:215)
        at java.util.concurrent.locks.AbstractQueuedSynchronizer$ConditionObject.awaitNanos(AbstractQueuedSynchronizer.java:2078)
        at java.util.concurrent.ScheduledThreadPoolExecutor$DelayedWorkQueue.take(ScheduledThreadPoolExecutor.java:1093)
        at java.util.concurrent.ScheduledThreadPoolExecutor$DelayedWorkQueue.take(ScheduledThreadPoolExecutor.java:809)
        at java.util.concurrent.ThreadPoolExecutor.getTask(ThreadPoolExecutor.java:1074)
        at java.util.concurrent.ThreadPoolExecutor.runWorker(ThreadPoolExecutor.java:1134)
        at java.util.concurrent.ThreadPoolExecutor$Worker.run(ThreadPoolExecutor.java:624)
        at java.lang.Thread.run(Thread.java:750)
"ChunkWriter-2-0" daemon prio=5 tid=469 in Object.wait()
java.lang.Thread.State: WAITING (on object monitor)
        at sun.misc.Unsafe.park(Native Method)
        at java.util.concurrent.locks.LockSupport.park(LockSupport.java:175)
        at java.util.concurrent.locks.AbstractQueuedSynchronizer$ConditionObject.await(AbstractQueuedSynchronizer.java:2039)
        at java.util.concurrent.LinkedBlockingDeque.takeFirst(LinkedBlockingDeque.java:492)
        at java.util.concurrent.LinkedBlockingDeque.take(LinkedBlockingDeque.java:680)
        at java.util.concurrent.ThreadPoolExecutor.getTask(ThreadPoolExecutor.java:1074)
        at java.util.concurrent.ThreadPoolExecutor.runWorker(ThreadPoolExecutor.java:1134)
        at java.util.concurrent.ThreadPoolExecutor$Worker.run(ThreadPoolExecutor.java:624)
        at java.lang.Thread.run(Thread.java:750)
"Datanode ReportManager Thread - 3" daemon prio=5 tid=302 timed_waiting
java.lang.Thread.State: TIMED_WAITING
        at sun.misc.Unsafe.park(Native Method)
        at java.util.concurrent.locks.LockSupport.parkNanos(LockSupport.java:215)
        at java.util.concurrent.locks.AbstractQueuedSynchronizer$ConditionObject.awaitNanos(AbstractQueuedSynchronizer.java:2078)
        at java.util.concurrent.ScheduledThreadPoolExecutor$DelayedWorkQueue.take(ScheduledThreadPoolExecutor.java:1093)
        at java.util.concurrent.ScheduledThreadPoolExecutor$DelayedWorkQueue.take(ScheduledThreadPoolExecutor.java:809)
        at java.util.concurrent.ThreadPoolExecutor.getTask(ThreadPoolExecutor.java:1074)
        at java.util.concurrent.ThreadPoolExecutor.runWorker(ThreadPoolExecutor.java:1134)
        at java.util.concurrent.ThreadPoolExecutor$Worker.run(ThreadPoolExecutor.java:624)
        at java.lang.Thread.run(Thread.java:750)
"ChunkWriter-0-0" daemon prio=5 tid=500 in Object.wait()
java.lang.Thread.State: WAITING (on object monitor)
        at sun.misc.Unsafe.park(Native Method)
        at java.util.concurrent.locks.LockSupport.park(LockSupport.java:175)
        at java.util.concurrent.locks.AbstractQueuedSynchronizer$ConditionObject.await(AbstractQueuedSynchronizer.java:2039)
        at java.util.concurrent.LinkedBlockingDeque.takeFirst(LinkedBlockingDeque.java:492)
        at java.util.concurrent.LinkedBlockingDeque.take(LinkedBlockingDeque.java:680)
        at java.util.concurrent.ThreadPoolExecutor.getTask(ThreadPoolExecutor.java:1074)
        at java.util.concurrent.ThreadPoolExecutor.runWorker(ThreadPoolExecutor.java:1134)
        at java.util.concurrent.ThreadPoolExecutor$Worker.run(ThreadPoolExecutor.java:624)
        at java.lang.Thread.run(Thread.java:750)
"IPC Server handler 2 on default port 42623" daemon prio=5 tid=88 timed_waiting
java.lang.Thread.State: TIMED_WAITING
        at sun.misc.Unsafe.park(Native Method)
        at java.util.concurrent.locks.LockSupport.parkNanos(LockSupport.java:215)
        at java.util.concurrent.locks.AbstractQueuedSynchronizer$ConditionObject.awaitNanos(AbstractQueuedSynchronizer.java:2078)
        at java.util.concurrent.LinkedBlockingQueue.poll(LinkedBlockingQueue.java:467)
        at org.apache.hadoop.ipc.CallQueueManager.take(CallQueueManager.java:317)
        at org.apache.hadoop.ipc.Server$Handler.run(Server.java:2942)
"qtp1888233184-318" daemon prio=5 tid=318 timed_waiting
java.lang.Thread.State: TIMED_WAITING
        at sun.misc.Unsafe.park(Native Method)
        at java.util.concurrent.locks.LockSupport.parkNanos(LockSupport.java:215)
        at java.util.concurrent.locks.AbstractQueuedSynchronizer$ConditionObject.awaitNanos(AbstractQueuedSynchronizer.java:2078)
        at org.eclipse.jetty.util.BlockingArrayQueue.poll(BlockingArrayQueue.java:382)
        at org.eclipse.jetty.util.thread.QueuedThreadPool$Runner.idleJobPoll(QueuedThreadPool.java:974)
        at org.eclipse.jetty.util.thread.QueuedThreadPool$Runner.run(QueuedThreadPool.java:1018)
        at java.lang.Thread.run(Thread.java:750)
"EventQueue-PipelineReportForPipelineReportHandler" daemon prio=5 tid=514 in Object.wait()
java.lang.Thread.State: WAITING (on object monitor)
        at sun.misc.Unsafe.park(Native Method)
        at java.util.concurrent.locks.LockSupport.park(LockSupport.java:175)
        at java.util.concurrent.locks.AbstractQueuedSynchronizer$ConditionObject.await(AbstractQueuedSynchronizer.java:2039)
        at java.util.concurrent.LinkedBlockingQueue.take(LinkedBlockingQueue.java:442)
        at java.util.concurrent.ThreadPoolExecutor.getTask(ThreadPoolExecutor.java:1074)
        at java.util.concurrent.ThreadPoolExecutor.runWorker(ThreadPoolExecutor.java:1134)
        at java.util.concurrent.ThreadPoolExecutor$Worker.run(ThreadPoolExecutor.java:624)
        at java.lang.Thread.run(Thread.java:750)
"org.apache.hadoop.ozone.container.common.statemachine.commandhandler.DeleteBlocksCommandHandler$DeleteCmdWorker@74f29997" daemon prio=5 tid=313 timed_waiting
java.lang.Thread.State: TIMED_WAITING
        at java.lang.Thread.sleep(Native Method)
        at org.apache.hadoop.ozone.container.common.statemachine.commandhandler.DeleteBlocksCommandHandler$DeleteCmdWorker.run(DeleteBlocksCommandHandler.java:184)
        at java.lang.Thread.run(Thread.java:750)
"StaleRecoveringContainerScrubbingService#8" daemon prio=5 tid=1132 in Object.wait()
java.lang.Thread.State: WAITING (on object monitor)
        at sun.misc.Unsafe.park(Native Method)
        at java.util.concurrent.locks.LockSupport.park(LockSupport.java:175)
        at java.util.concurrent.locks.AbstractQueuedSynchronizer$ConditionObject.await(AbstractQueuedSynchronizer.java:2039)
        at java.util.concurrent.ScheduledThreadPoolExecutor$DelayedWorkQueue.take(ScheduledThreadPoolExecutor.java:1088)
        at java.util.concurrent.ScheduledThreadPoolExecutor$DelayedWorkQueue.take(ScheduledThreadPoolExecutor.java:809)
        at java.util.concurrent.ThreadPoolExecutor.getTask(ThreadPoolExecutor.java:1074)
        at java.util.concurrent.ThreadPoolExecutor.runWorker(ThreadPoolExecutor.java:1134)
        at java.util.concurrent.ThreadPoolExecutor$Worker.run(ThreadPoolExecutor.java:624)
        at java.lang.Thread.run(Thread.java:750)
"BlockDeletingService#1" daemon prio=5 tid=526 in Object.wait()
java.lang.Thread.State: WAITING (on object monitor)
        at sun.misc.Unsafe.park(Native Method)
        at java.util.concurrent.locks.LockSupport.park(LockSupport.java:175)
        at java.util.concurrent.locks.AbstractQueuedSynchronizer$ConditionObject.await(AbstractQueuedSynchronizer.java:2039)
        at java.util.concurrent.ScheduledThreadPoolExecutor$DelayedWorkQueue.take(ScheduledThreadPoolExecutor.java:1088)
        at java.util.concurrent.ScheduledThreadPoolExecutor$DelayedWorkQueue.take(ScheduledThreadPoolExecutor.java:809)
        at java.util.concurrent.ThreadPoolExecutor.getTask(ThreadPoolExecutor.java:1074)
        at java.util.concurrent.ThreadPoolExecutor.runWorker(ThreadPoolExecutor.java:1134)
        at java.util.concurrent.ThreadPoolExecutor$Worker.run(ThreadPoolExecutor.java:624)
        at java.lang.Thread.run(Thread.java:750)
"StaleRecoveringContainerScrubbingService#6" daemon prio=5 tid=1021 in Object.wait()
java.lang.Thread.State: WAITING (on object monitor)
        at sun.misc.Unsafe.park(Native Method)
        at java.util.concurrent.locks.LockSupport.park(LockSupport.java:175)
        at java.util.concurrent.locks.AbstractQueuedSynchronizer$ConditionObject.await(AbstractQueuedSynchronizer.java:2039)
        at java.util.concurrent.ScheduledThreadPoolExecutor$DelayedWorkQueue.take(ScheduledThreadPoolExecutor.java:1088)
        at java.util.concurrent.ScheduledThreadPoolExecutor$DelayedWorkQueue.take(ScheduledThreadPoolExecutor.java:809)
        at java.util.concurrent.ThreadPoolExecutor.getTask(ThreadPoolExecutor.java:1074)
        at java.util.concurrent.ThreadPoolExecutor.runWorker(ThreadPoolExecutor.java:1134)
        at java.util.concurrent.ThreadPoolExecutor$Worker.run(ThreadPoolExecutor.java:624)
        at java.lang.Thread.run(Thread.java:750)
"org.apache.hadoop.ozone.container.common.statemachine.commandhandler.DeleteBlocksCommandHandler$DeleteCmdWorker@1ce02c39" daemon prio=5 tid=261 timed_waiting
java.lang.Thread.State: TIMED_WAITING
        at java.lang.Thread.sleep(Native Method)
        at org.apache.hadoop.ozone.container.common.statemachine.commandhandler.DeleteBlocksCommandHandler$DeleteCmdWorker.run(DeleteBlocksCommandHandler.java:184)
        at java.lang.Thread.run(Thread.java:750)
"831a834c-0d76-4477-9113-3f6aa01da917@group-35FD9CCD2BD1-StateMachineUpdater" daemon prio=5 tid=622 timed_waiting
java.lang.Thread.State: TIMED_WAITING
        at sun.misc.Unsafe.park(Native Method)
        at java.util.concurrent.locks.LockSupport.parkNanos(LockSupport.java:215)
        at java.util.concurrent.locks.AbstractQueuedSynchronizer$ConditionObject.await(AbstractQueuedSynchronizer.java:2163)
        at org.apache.ratis.util.AwaitForSignal.await(AwaitForSignal.java:62)
        at org.apache.ratis.server.impl.StateMachineUpdater.waitForCommit(StateMachineUpdater.java:207)
        at org.apache.ratis.server.impl.StateMachineUpdater.run(StateMachineUpdater.java:176)
        at java.lang.Thread.run(Thread.java:750)
"timer6" daemon prio=5 tid=791 in Object.wait()
java.lang.Thread.State: WAITING (on object monitor)
        at java.lang.Object.wait(Native Method)
        at java.lang.Object.wait(Object.java:502)
        at java.util.TimerThread.mainLoop(Timer.java:526)
        at java.util.TimerThread.run(Timer.java:505)
"IPC Server handler 14 on default port 38325" daemon prio=5 tid=60 timed_waiting
java.lang.Thread.State: TIMED_WAITING
        at sun.misc.Unsafe.park(Native Method)
        at java.util.concurrent.locks.LockSupport.parkNanos(LockSupport.java:215)
        at java.util.concurrent.locks.AbstractQueuedSynchronizer$ConditionObject.awaitNanos(AbstractQueuedSynchronizer.java:2078)
        at java.util.concurrent.LinkedBlockingQueue.poll(LinkedBlockingQueue.java:467)
        at org.apache.hadoop.ipc.CallQueueManager.take(CallQueueManager.java:317)
        at org.apache.hadoop.ipc.Server$Handler.run(Server.java:2942)
"ChunkReader-2" daemon prio=5 tid=833 in Object.wait()
java.lang.Thread.State: WAITING (on object monitor)
        at sun.misc.Unsafe.park(Native Method)
        at java.util.concurrent.locks.LockSupport.park(LockSupport.java:175)
        at java.util.concurrent.locks.AbstractQueuedSynchronizer$ConditionObject.await(AbstractQueuedSynchronizer.java:2039)
        at java.util.concurrent.LinkedBlockingQueue.take(LinkedBlockingQueue.java:442)
        at java.util.concurrent.ThreadPoolExecutor.getTask(ThreadPoolExecutor.java:1074)
        at java.util.concurrent.ThreadPoolExecutor.runWorker(ThreadPoolExecutor.java:1134)
        at java.util.concurrent.ThreadPoolExecutor$Worker.run(ThreadPoolExecutor.java:624)
        at java.lang.Thread.run(Thread.java:750)
"Datanode ReportManager Thread - 0" daemon prio=5 tid=325 in Object.wait()
java.lang.Thread.State: WAITING (on object monitor)
        at sun.misc.Unsafe.park(Native Method)
        at java.util.concurrent.locks.LockSupport.park(LockSupport.java:175)
        at java.util.concurrent.locks.AbstractQueuedSynchronizer$ConditionObject.await(AbstractQueuedSynchronizer.java:2039)
        at java.util.concurrent.ScheduledThreadPoolExecutor$DelayedWorkQueue.take(ScheduledThreadPoolExecutor.java:1088)
        at java.util.concurrent.ScheduledThreadPoolExecutor$DelayedWorkQueue.take(ScheduledThreadPoolExecutor.java:809)
        at java.util.concurrent.ThreadPoolExecutor.getTask(ThreadPoolExecutor.java:1074)
        at java.util.concurrent.ThreadPoolExecutor.runWorker(ThreadPoolExecutor.java:1134)
        at java.util.concurrent.ThreadPoolExecutor$Worker.run(ThreadPoolExecutor.java:624)
        at java.lang.Thread.run(Thread.java:750)
"BlockDeletingService#3" daemon prio=5 tid=1153 in Object.wait()
java.lang.Thread.State: WAITING (on object monitor)
        at sun.misc.Unsafe.park(Native Method)
        at java.util.concurrent.locks.LockSupport.park(LockSupport.java:175)
        at java.util.concurrent.locks.AbstractQueuedSynchronizer$ConditionObject.await(AbstractQueuedSynchronizer.java:2039)
        at java.util.concurrent.ScheduledThreadPoolExecutor$DelayedWorkQueue.take(ScheduledThreadPoolExecutor.java:1088)
        at java.util.concurrent.ScheduledThreadPoolExecutor$DelayedWorkQueue.take(ScheduledThreadPoolExecutor.java:809)
        at java.util.concurrent.ThreadPoolExecutor.getTask(ThreadPoolExecutor.java:1074)
        at java.util.concurrent.ThreadPoolExecutor.runWorker(ThreadPoolExecutor.java:1134)
        at java.util.concurrent.ThreadPoolExecutor$Worker.run(ThreadPoolExecutor.java:624)
        at java.lang.Thread.run(Thread.java:750)
"ECContainerReconstructionThread-0" daemon prio=5 tid=945 in Object.wait()
java.lang.Thread.State: WAITING (on object monitor)
        at sun.misc.Unsafe.park(Native Method)
        at java.util.concurrent.locks.LockSupport.park(LockSupport.java:175)
        at java.util.concurrent.locks.AbstractQueuedSynchronizer$ConditionObject.await(AbstractQueuedSynchronizer.java:2039)
        at java.util.concurrent.LinkedBlockingQueue.take(LinkedBlockingQueue.java:442)
        at java.util.concurrent.ThreadPoolExecutor.getTask(ThreadPoolExecutor.java:1074)
        at java.util.concurrent.ThreadPoolExecutor.runWorker(ThreadPoolExecutor.java:1134)
        at java.util.concurrent.ThreadPoolExecutor$Worker.run(ThreadPoolExecutor.java:624)
        at java.lang.Thread.run(Thread.java:750)
"IPC Server handler 10 on default port 38325" daemon prio=5 tid=56 timed_waiting
java.lang.Thread.State: TIMED_WAITING
        at sun.misc.Unsafe.park(Native Method)
        at java.util.concurrent.locks.LockSupport.parkNanos(LockSupport.java:215)
        at java.util.concurrent.locks.AbstractQueuedSynchronizer$ConditionObject.awaitNanos(AbstractQueuedSynchronizer.java:2078)
        at java.util.concurrent.LinkedBlockingQueue.poll(LinkedBlockingQueue.java:467)
        at org.apache.hadoop.ipc.CallQueueManager.take(CallQueueManager.java:317)
        at org.apache.hadoop.ipc.Server$Handler.run(Server.java:2942)
"IPC Server Responder" daemon prio=5 tid=132 runnable
java.lang.Thread.State: RUNNABLE
        at sun.nio.ch.EPollArrayWrapper.epollWait(Native Method)
        at sun.nio.ch.EPollArrayWrapper.poll(EPollArrayWrapper.java:269)
        at sun.nio.ch.EPollSelectorImpl.doSelect(EPollSelectorImpl.java:93)
        at sun.nio.ch.SelectorImpl.lockAndDoSelect(SelectorImpl.java:86)
        at sun.nio.ch.SelectorImpl.select(SelectorImpl.java:97)
        at org.apache.hadoop.ipc.Server$Responder.doRunLoop(Server.java:1532)
        at org.apache.hadoop.ipc.Server$Responder.run(Server.java:1515)
"StaleRecoveringContainerScrubbingService#5" daemon prio=5 tid=937 in Object.wait()
java.lang.Thread.State: WAITING (on object monitor)
        at sun.misc.Unsafe.park(Native Method)
        at java.util.concurrent.locks.LockSupport.park(LockSupport.java:175)
        at java.util.concurrent.locks.AbstractQueuedSynchronizer$ConditionObject.await(AbstractQueuedSynchronizer.java:2039)
        at java.util.concurrent.ScheduledThreadPoolExecutor$DelayedWorkQueue.take(ScheduledThreadPoolExecutor.java:1088)
        at java.util.concurrent.ScheduledThreadPoolExecutor$DelayedWorkQueue.take(ScheduledThreadPoolExecutor.java:809)
        at java.util.concurrent.ThreadPoolExecutor.getTask(ThreadPoolExecutor.java:1074)
        at java.util.concurrent.ThreadPoolExecutor.runWorker(ThreadPoolExecutor.java:1134)
        at java.util.concurrent.ThreadPoolExecutor$Worker.run(ThreadPoolExecutor.java:624)
        at java.lang.Thread.run(Thread.java:750)
"Datanode ReportManager Thread - 3" daemon prio=5 tid=328 timed_waiting
java.lang.Thread.State: TIMED_WAITING
        at sun.misc.Unsafe.park(Native Method)
        at java.util.concurrent.locks.LockSupport.parkNanos(LockSupport.java:215)
        at java.util.concurrent.locks.AbstractQueuedSynchronizer$ConditionObject.awaitNanos(AbstractQueuedSynchronizer.java:2078)
        at java.util.concurrent.ScheduledThreadPoolExecutor$DelayedWorkQueue.take(ScheduledThreadPoolExecutor.java:1093)
        at java.util.concurrent.ScheduledThreadPoolExecutor$DelayedWorkQueue.take(ScheduledThreadPoolExecutor.java:809)
        at java.util.concurrent.ThreadPoolExecutor.getTask(ThreadPoolExecutor.java:1074)
        at java.util.concurrent.ThreadPoolExecutor.runWorker(ThreadPoolExecutor.java:1134)
        at java.util.concurrent.ThreadPoolExecutor$Worker.run(ThreadPoolExecutor.java:624)
        at java.lang.Thread.run(Thread.java:750)
"StaleRecoveringContainerScrubbingService#3" daemon prio=5 tid=870 in Object.wait()
java.lang.Thread.State: WAITING (on object monitor)
        at sun.misc.Unsafe.park(Native Method)
        at java.util.concurrent.locks.LockSupport.park(LockSupport.java:175)
        at java.util.concurrent.locks.AbstractQueuedSynchronizer$ConditionObject.await(AbstractQueuedSynchronizer.java:2039)
        at java.util.concurrent.ScheduledThreadPoolExecutor$DelayedWorkQueue.take(ScheduledThreadPoolExecutor.java:1088)
        at java.util.concurrent.ScheduledThreadPoolExecutor$DelayedWorkQueue.take(ScheduledThreadPoolExecutor.java:809)
        at java.util.concurrent.ThreadPoolExecutor.getTask(ThreadPoolExecutor.java:1074)
        at java.util.concurrent.ThreadPoolExecutor.runWorker(ThreadPoolExecutor.java:1134)
        at java.util.concurrent.ThreadPoolExecutor$Worker.run(ThreadPoolExecutor.java:624)
        at java.lang.Thread.run(Thread.java:750)
"StaleRecoveringContainerScrubbingService#0" daemon prio=5 tid=507 in Object.wait()
java.lang.Thread.State: WAITING (on object monitor)
        at sun.misc.Unsafe.park(Native Method)
        at java.util.concurrent.locks.LockSupport.park(LockSupport.java:175)
        at java.util.concurrent.locks.AbstractQueuedSynchronizer$ConditionObject.await(AbstractQueuedSynchronizer.java:2039)
        at java.util.concurrent.ScheduledThreadPoolExecutor$DelayedWorkQueue.take(ScheduledThreadPoolExecutor.java:1088)
        at java.util.concurrent.ScheduledThreadPoolExecutor$DelayedWorkQueue.take(ScheduledThreadPoolExecutor.java:809)
        at java.util.concurrent.ThreadPoolExecutor.getTask(ThreadPoolExecutor.java:1074)
        at java.util.concurrent.ThreadPoolExecutor.runWorker(ThreadPoolExecutor.java:1134)
        at java.util.concurrent.ThreadPoolExecutor$Worker.run(ThreadPoolExecutor.java:624)
        at java.lang.Thread.run(Thread.java:750)
"qtp1905824639-386" daemon prio=5 tid=386 timed_waiting
java.lang.Thread.State: TIMED_WAITING
        at sun.misc.Unsafe.park(Native Method)
        at java.util.concurrent.locks.LockSupport.parkNanos(LockSupport.java:215)
        at java.util.concurrent.locks.AbstractQueuedSynchronizer$ConditionObject.awaitNanos(AbstractQueuedSynchronizer.java:2078)
        at org.eclipse.jetty.util.BlockingArrayQueue.poll(BlockingArrayQueue.java:382)
        at org.eclipse.jetty.util.thread.QueuedThreadPool$Runner.idleJobPoll(QueuedThreadPool.java:974)
        at org.eclipse.jetty.util.thread.QueuedThreadPool$Runner.run(QueuedThreadPool.java:1018)
        at java.lang.Thread.run(Thread.java:750)
"IPC Server handler 5 on default port 44149" daemon prio=5 tid=158 timed_waiting
java.lang.Thread.State: TIMED_WAITING
        at sun.misc.Unsafe.park(Native Method)
        at java.util.concurrent.locks.LockSupport.parkNanos(LockSupport.java:215)
        at java.util.concurrent.locks.AbstractQueuedSynchronizer$ConditionObject.awaitNanos(AbstractQueuedSynchronizer.java:2078)
        at java.util.concurrent.LinkedBlockingQueue.poll(LinkedBlockingQueue.java:467)
        at org.apache.hadoop.ipc.CallQueueManager.take(CallQueueManager.java:317)
        at org.apache.hadoop.ipc.Server$Handler.run(Server.java:2942)
"831a834c-0d76-4477-9113-3f6aa01da917@group-8751AA67DF99->cc93147f-bc2d-4803-9a7c-bfa6df100165-GrpcLogAppender-LogAppenderDaemon" daemon prio=5 tid=790 timed_waiting
java.lang.Thread.State: TIMED_WAITING
        at sun.misc.Unsafe.park(Native Method)
        at java.util.concurrent.locks.LockSupport.parkNanos(LockSupport.java:215)
        at java.util.concurrent.locks.AbstractQueuedSynchronizer$ConditionObject.await(AbstractQueuedSynchronizer.java:2163)
        at org.apache.ratis.util.AwaitForSignal.await(AwaitForSignal.java:62)
        at org.apache.ratis.grpc.server.GrpcLogAppender.mayWait(GrpcLogAppender.java:198)
        at org.apache.ratis.grpc.server.GrpcLogAppender.run(GrpcLogAppender.java:148)
        at org.apache.ratis.server.leader.LogAppenderDaemon.run(LogAppenderDaemon.java:78)
        at org.apache.ratis.server.leader.LogAppenderDaemon$$Lambda$1043/1492857369.run(Unknown Source)
        at java.lang.Thread.run(Thread.java:750)
"EventQueue-NewNodeForNewNodeHandler" daemon prio=5 tid=510 in Object.wait()
java.lang.Thread.State: WAITING (on object monitor)
        at sun.misc.Unsafe.park(Native Method)
        at java.util.concurrent.locks.LockSupport.park(LockSupport.java:175)
        at java.util.concurrent.locks.AbstractQueuedSynchronizer$ConditionObject.await(AbstractQueuedSynchronizer.java:2039)
        at java.util.concurrent.LinkedBlockingQueue.take(LinkedBlockingQueue.java:442)
        at java.util.concurrent.ThreadPoolExecutor.getTask(ThreadPoolExecutor.java:1074)
        at java.util.concurrent.ThreadPoolExecutor.runWorker(ThreadPoolExecutor.java:1134)
        at java.util.concurrent.ThreadPoolExecutor$Worker.run(ThreadPoolExecutor.java:624)
        at java.lang.Thread.run(Thread.java:750)
"EventQueue-HealthyReadonlyToHealthyNodeForReadOnlyHealthyToHealthyNodeHandler" daemon prio=5 tid=1028 in Object.wait()
java.lang.Thread.State: WAITING (on object monitor)
        at sun.misc.Unsafe.park(Native Method)
        at java.util.concurrent.locks.LockSupport.park(LockSupport.java:175)
        at java.util.concurrent.locks.AbstractQueuedSynchronizer$ConditionObject.await(AbstractQueuedSynchronizer.java:2039)
        at java.util.concurrent.LinkedBlockingQueue.take(LinkedBlockingQueue.java:442)
        at java.util.concurrent.ThreadPoolExecutor.getTask(ThreadPoolExecutor.java:1074)
        at java.util.concurrent.ThreadPoolExecutor.runWorker(ThreadPoolExecutor.java:1134)
        at java.util.concurrent.ThreadPoolExecutor$Worker.run(ThreadPoolExecutor.java:624)
        at java.lang.Thread.run(Thread.java:750)
"StaleRecoveringContainerScrubbingService#1" daemon prio=5 tid=564 in Object.wait()
java.lang.Thread.State: WAITING (on object monitor)
        at sun.misc.Unsafe.park(Native Method)
        at java.util.concurrent.locks.LockSupport.park(LockSupport.java:175)
        at java.util.concurrent.locks.AbstractQueuedSynchronizer$ConditionObject.await(AbstractQueuedSynchronizer.java:2039)
        at java.util.concurrent.ScheduledThreadPoolExecutor$DelayedWorkQueue.take(ScheduledThreadPoolExecutor.java:1088)
        at java.util.concurrent.ScheduledThreadPoolExecutor$DelayedWorkQueue.take(ScheduledThreadPoolExecutor.java:809)
        at java.util.concurrent.ThreadPoolExecutor.getTask(ThreadPoolExecutor.java:1074)
        at java.util.concurrent.ThreadPoolExecutor.runWorker(ThreadPoolExecutor.java:1134)
        at java.util.concurrent.ThreadPoolExecutor$Worker.run(ThreadPoolExecutor.java:624)
        at java.lang.Thread.run(Thread.java:750)
"ChunkWriter-0-0" daemon prio=5 tid=518 in Object.wait()
java.lang.Thread.State: WAITING (on object monitor)
        at sun.misc.Unsafe.park(Native Method)
        at java.util.concurrent.locks.LockSupport.park(LockSupport.java:175)
        at java.util.concurrent.locks.AbstractQueuedSynchronizer$ConditionObject.await(AbstractQueuedSynchronizer.java:2039)
        at java.util.concurrent.LinkedBlockingDeque.takeFirst(LinkedBlockingDeque.java:492)
        at java.util.concurrent.LinkedBlockingDeque.take(LinkedBlockingDeque.java:680)
        at java.util.concurrent.ThreadPoolExecutor.getTask(ThreadPoolExecutor.java:1074)
        at java.util.concurrent.ThreadPoolExecutor.runWorker(ThreadPoolExecutor.java:1134)
        at java.util.concurrent.ThreadPoolExecutor$Worker.run(ThreadPoolExecutor.java:624)
        at java.lang.Thread.run(Thread.java:750)
"3ddade9d-4289-4127-b7c4-830dd518ff0a@group-E388FC27C872-SegmentedRaftLogWorker"  prio=5 tid=663 timed_waiting
java.lang.Thread.State: TIMED_WAITING
        at sun.misc.Unsafe.park(Native Method)
        at java.util.concurrent.locks.LockSupport.parkNanos(LockSupport.java:215)
        at java.util.concurrent.locks.AbstractQueuedSynchronizer$ConditionObject.awaitNanos(AbstractQueuedSynchronizer.java:2078)
        at org.apache.ratis.util.DataBlockingQueue.poll(DataBlockingQueue.java:148)
        at org.apache.ratis.server.raftlog.segmented.SegmentedRaftLogWorker.run(SegmentedRaftLogWorker.java:312)
        at org.apache.ratis.server.raftlog.segmented.SegmentedRaftLogWorker$$Lambda$667/1522169736.run(Unknown Source)
        at java.lang.Thread.run(Thread.java:750)
"timer1" daemon prio=5 tid=760 timed_waiting
java.lang.Thread.State: TIMED_WAITING
        at java.lang.Object.wait(Native Method)
        at java.util.TimerThread.mainLoop(Timer.java:552)
        at java.util.TimerThread.run(Timer.java:505)
"StaleRecoveringContainerScrubbingService#2" daemon prio=5 tid=696 in Object.wait()
java.lang.Thread.State: WAITING (on object monitor)
        at sun.misc.Unsafe.park(Native Method)
        at java.util.concurrent.locks.LockSupport.park(LockSupport.java:175)
        at java.util.concurrent.locks.AbstractQueuedSynchronizer$ConditionObject.await(AbstractQueuedSynchronizer.java:2039)
        at java.util.concurrent.ScheduledThreadPoolExecutor$DelayedWorkQueue.take(ScheduledThreadPoolExecutor.java:1088)
        at java.util.concurrent.ScheduledThreadPoolExecutor$DelayedWorkQueue.take(ScheduledThreadPoolExecutor.java:809)
        at java.util.concurrent.ThreadPoolExecutor.getTask(ThreadPoolExecutor.java:1074)
        at java.util.concurrent.ThreadPoolExecutor.runWorker(ThreadPoolExecutor.java:1134)
        at java.util.concurrent.ThreadPoolExecutor$Worker.run(ThreadPoolExecutor.java:624)
        at java.lang.Thread.run(Thread.java:750)
"IPC Server handler 1 on default port 45237" daemon prio=5 tid=67 timed_waiting
java.lang.Thread.State: TIMED_WAITING
        at sun.misc.Unsafe.park(Native Method)
        at java.util.concurrent.locks.LockSupport.parkNanos(LockSupport.java:215)
        at java.util.concurrent.locks.AbstractQueuedSynchronizer$ConditionObject.awaitNanos(AbstractQueuedSynchronizer.java:2078)
        at java.util.concurrent.LinkedBlockingQueue.poll(LinkedBlockingQueue.java:467)
        at org.apache.hadoop.ipc.CallQueueManager.take(CallQueueManager.java:317)
        at org.apache.hadoop.ipc.Server$Handler.run(Server.java:2942)
"IPC Server handler 19 on default port 45237" daemon prio=5 tid=85 timed_waiting
java.lang.Thread.State: TIMED_WAITING
        at sun.misc.Unsafe.park(Native Method)
        at java.util.concurrent.locks.LockSupport.parkNanos(LockSupport.java:215)
        at java.util.concurrent.locks.AbstractQueuedSynchronizer$ConditionObject.awaitNanos(AbstractQueuedSynchronizer.java:2078)
        at java.util.concurrent.LinkedBlockingQueue.poll(LinkedBlockingQueue.java:467)
        at org.apache.hadoop.ipc.CallQueueManager.take(CallQueueManager.java:317)
        at org.apache.hadoop.ipc.Server$Handler.run(Server.java:2942)
"EndpointStateMachine task thread for /0.0.0.0:42623 - 0 "  prio=5 tid=390 in Object.wait()
java.lang.Thread.State: WAITING (on object monitor)
        at sun.misc.Unsafe.park(Native Method)
        at java.util.concurrent.locks.LockSupport.park(LockSupport.java:175)
        at java.util.concurrent.locks.AbstractQueuedSynchronizer$ConditionObject.await(AbstractQueuedSynchronizer.java:2039)
        at java.util.concurrent.LinkedBlockingQueue.take(LinkedBlockingQueue.java:442)
        at java.util.concurrent.ThreadPoolExecutor.getTask(ThreadPoolExecutor.java:1074)
        at java.util.concurrent.ThreadPoolExecutor.runWorker(ThreadPoolExecutor.java:1134)
        at java.util.concurrent.ThreadPoolExecutor$Worker.run(ThreadPoolExecutor.java:624)
        at java.lang.Thread.run(Thread.java:750)
"BlockDeletingService#3" daemon prio=5 tid=1148 in Object.wait()
java.lang.Thread.State: WAITING (on object monitor)
        at sun.misc.Unsafe.park(Native Method)
        at java.util.concurrent.locks.LockSupport.park(LockSupport.java:175)
        at java.util.concurrent.locks.AbstractQueuedSynchronizer$ConditionObject.await(AbstractQueuedSynchronizer.java:2039)
        at java.util.concurrent.ScheduledThreadPoolExecutor$DelayedWorkQueue.take(ScheduledThreadPoolExecutor.java:1088)
        at java.util.concurrent.ScheduledThreadPoolExecutor$DelayedWorkQueue.take(ScheduledThreadPoolExecutor.java:809)
        at java.util.concurrent.ThreadPoolExecutor.getTask(ThreadPoolExecutor.java:1074)
        at java.util.concurrent.ThreadPoolExecutor.runWorker(ThreadPoolExecutor.java:1134)
        at java.util.concurrent.ThreadPoolExecutor$Worker.run(ThreadPoolExecutor.java:624)
        at java.lang.Thread.run(Thread.java:750)
"7726e7f5-b74c-4e4a-9680-a65a67c105af@group-788D5277D0CF-SegmentedRaftLogWorker"  prio=5 tid=651 timed_waiting
java.lang.Thread.State: TIMED_WAITING
        at sun.misc.Unsafe.park(Native Method)
        at java.util.concurrent.locks.LockSupport.parkNanos(LockSupport.java:215)
        at java.util.concurrent.locks.AbstractQueuedSynchronizer$ConditionObject.awaitNanos(AbstractQueuedSynchronizer.java:2078)
        at org.apache.ratis.util.DataBlockingQueue.poll(DataBlockingQueue.java:148)
        at org.apache.ratis.server.raftlog.segmented.SegmentedRaftLogWorker.run(SegmentedRaftLogWorker.java:312)
        at org.apache.ratis.server.raftlog.segmented.SegmentedRaftLogWorker$$Lambda$667/1522169736.run(Unknown Source)
        at java.lang.Thread.run(Thread.java:750)
"IPC Server handler 15 on default port 44149" daemon prio=5 tid=168 timed_waiting
java.lang.Thread.State: TIMED_WAITING
        at sun.misc.Unsafe.park(Native Method)
        at java.util.concurrent.locks.LockSupport.parkNanos(LockSupport.java:215)
        at java.util.concurrent.locks.AbstractQueuedSynchronizer$ConditionObject.awaitNanos(AbstractQueuedSynchronizer.java:2078)
        at java.util.concurrent.LinkedBlockingQueue.poll(LinkedBlockingQueue.java:467)
        at org.apache.hadoop.ipc.CallQueueManager.take(CallQueueManager.java:317)
        at org.apache.hadoop.ipc.Server$Handler.run(Server.java:2942)
"7726e7f5-b74c-4e4a-9680-a65a67c105af@group-E388FC27C872->2497daeb-967d-49ad-8f28-1297e8c4c732-GrpcLogAppender-LogAppenderDaemon" daemon prio=5 tid=849 timed_waiting
java.lang.Thread.State: TIMED_WAITING
        at sun.misc.Unsafe.park(Native Method)
        at java.util.concurrent.locks.LockSupport.parkNanos(LockSupport.java:215)
        at java.util.concurrent.locks.AbstractQueuedSynchronizer$ConditionObject.await(AbstractQueuedSynchronizer.java:2163)
        at org.apache.ratis.util.AwaitForSignal.await(AwaitForSignal.java:62)
        at org.apache.ratis.grpc.server.GrpcLogAppender.mayWait(GrpcLogAppender.java:198)
        at org.apache.ratis.grpc.server.GrpcLogAppender.run(GrpcLogAppender.java:148)
        at org.apache.ratis.server.leader.LogAppenderDaemon.run(LogAppenderDaemon.java:78)
        at org.apache.ratis.server.leader.LogAppenderDaemon$$Lambda$1043/1492857369.run(Unknown Source)
        at java.lang.Thread.run(Thread.java:750)
"org.apache.hadoop.ozone.container.common.statemachine.commandhandler.DeleteBlocksCommandHandler$DeleteCmdWorker@67148a21" daemon prio=5 tid=209 timed_waiting
java.lang.Thread.State: TIMED_WAITING
        at java.lang.Thread.sleep(Native Method)
        at org.apache.hadoop.ozone.container.common.statemachine.commandhandler.DeleteBlocksCommandHandler$DeleteCmdWorker.run(DeleteBlocksCommandHandler.java:184)
        at java.lang.Thread.run(Thread.java:750)
"IPC Parameter Sending Thread #0" daemon prio=5 tid=122 timed_waiting
java.lang.Thread.State: TIMED_WAITING
        at sun.misc.Unsafe.park(Native Method)
        at java.util.concurrent.locks.LockSupport.parkNanos(LockSupport.java:215)
        at java.util.concurrent.SynchronousQueue$TransferStack.awaitFulfill(SynchronousQueue.java:460)
        at java.util.concurrent.SynchronousQueue$TransferStack.transfer(SynchronousQueue.java:362)
        at java.util.concurrent.SynchronousQueue.poll(SynchronousQueue.java:941)
        at java.util.concurrent.ThreadPoolExecutor.getTask(ThreadPoolExecutor.java:1073)
        at java.util.concurrent.ThreadPoolExecutor.runWorker(ThreadPoolExecutor.java:1134)
        at java.util.concurrent.ThreadPoolExecutor$Worker.run(ThreadPoolExecutor.java:624)
        at java.lang.Thread.run(Thread.java:750)
"qtp1905824639-385" daemon prio=5 tid=385 timed_waiting
java.lang.Thread.State: TIMED_WAITING
        at sun.misc.Unsafe.park(Native Method)
        at java.util.concurrent.locks.LockSupport.parkNanos(LockSupport.java:215)
        at java.util.concurrent.locks.AbstractQueuedSynchronizer$ConditionObject.awaitNanos(AbstractQueuedSynchronizer.java:2078)
        at org.eclipse.jetty.util.BlockingArrayQueue.poll(BlockingArrayQueue.java:382)
        at org.eclipse.jetty.util.thread.QueuedThreadPool$Runner.idleJobPoll(QueuedThreadPool.java:974)
        at org.eclipse.jetty.util.thread.QueuedThreadPool$Runner.run(QueuedThreadPool.java:1018)
        at java.lang.Thread.run(Thread.java:750)
"qtp1970665441-116" daemon prio=5 tid=116 timed_waiting
java.lang.Thread.State: TIMED_WAITING
        at sun.misc.Unsafe.park(Native Method)
        at java.util.concurrent.locks.LockSupport.parkNanos(LockSupport.java:215)
        at java.util.concurrent.locks.AbstractQueuedSynchronizer$ConditionObject.awaitNanos(AbstractQueuedSynchronizer.java:2078)
        at org.eclipse.jetty.util.BlockingArrayQueue.poll(BlockingArrayQueue.java:382)
        at org.eclipse.jetty.util.thread.QueuedThreadPool$Runner.idleJobPoll(QueuedThreadPool.java:974)
        at org.eclipse.jetty.util.thread.QueuedThreadPool$Runner.run(QueuedThreadPool.java:1018)
        at java.lang.Thread.run(Thread.java:750)
"2497daeb-967d-49ad-8f28-1297e8c4c732@group-E388FC27C872-SegmentedRaftLogWorker"  prio=5 tid=647 timed_waiting
java.lang.Thread.State: TIMED_WAITING
        at sun.misc.Unsafe.park(Native Method)
        at java.util.concurrent.locks.LockSupport.parkNanos(LockSupport.java:215)
        at java.util.concurrent.locks.AbstractQueuedSynchronizer$ConditionObject.awaitNanos(AbstractQueuedSynchronizer.java:2078)
        at org.apache.ratis.util.DataBlockingQueue.poll(DataBlockingQueue.java:148)
        at org.apache.ratis.server.raftlog.segmented.SegmentedRaftLogWorker.run(SegmentedRaftLogWorker.java:312)
        at org.apache.ratis.server.raftlog.segmented.SegmentedRaftLogWorker$$Lambda$667/1522169736.run(Unknown Source)
        at java.lang.Thread.run(Thread.java:750)
"cc93147f-bc2d-4803-9a7c-bfa6df100165@group-B4A2B59BA7D6-SegmentedRaftLogWorker"  prio=5 tid=640 timed_waiting
java.lang.Thread.State: TIMED_WAITING
        at sun.misc.Unsafe.park(Native Method)
        at java.util.concurrent.locks.LockSupport.parkNanos(LockSupport.java:215)
        at java.util.concurrent.locks.AbstractQueuedSynchronizer$ConditionObject.awaitNanos(AbstractQueuedSynchronizer.java:2078)
        at org.apache.ratis.util.DataBlockingQueue.poll(DataBlockingQueue.java:148)
        at org.apache.ratis.server.raftlog.segmented.SegmentedRaftLogWorker.run(SegmentedRaftLogWorker.java:312)
        at org.apache.ratis.server.raftlog.segmented.SegmentedRaftLogWorker$$Lambda$667/1522169736.run(Unknown Source)
        at java.lang.Thread.run(Thread.java:750)
"qtp163647132-296" daemon prio=5 tid=296 timed_waiting
java.lang.Thread.State: TIMED_WAITING
        at sun.misc.Unsafe.park(Native Method)
        at java.util.concurrent.locks.LockSupport.parkNanos(LockSupport.java:215)
        at java.util.concurrent.locks.AbstractQueuedSynchronizer$ConditionObject.awaitNanos(AbstractQueuedSynchronizer.java:2078)
        at org.eclipse.jetty.util.BlockingArrayQueue.poll(BlockingArrayQueue.java:382)
        at org.eclipse.jetty.util.thread.QueuedThreadPool$Runner.idleJobPoll(QueuedThreadPool.java:974)
        at org.eclipse.jetty.util.thread.QueuedThreadPool$Runner.run(QueuedThreadPool.java:1018)
        at java.lang.Thread.run(Thread.java:750)
"IPC Server handler 4 on default port 38325" daemon prio=5 tid=50 timed_waiting
java.lang.Thread.State: TIMED_WAITING
        at sun.misc.Unsafe.park(Native Method)
        at java.util.concurrent.locks.LockSupport.parkNanos(LockSupport.java:215)
        at java.util.concurrent.locks.AbstractQueuedSynchronizer$ConditionObject.awaitNanos(AbstractQueuedSynchronizer.java:2078)
        at java.util.concurrent.LinkedBlockingQueue.poll(LinkedBlockingQueue.java:467)
        at org.apache.hadoop.ipc.CallQueueManager.take(CallQueueManager.java:317)
        at org.apache.hadoop.ipc.Server$Handler.run(Server.java:2942)
"Datanode State Machine Daemon Thread" daemon prio=5 tid=401 timed_waiting
java.lang.Thread.State: TIMED_WAITING
        at java.lang.Thread.sleep(Native Method)
        at org.apache.hadoop.ozone.container.common.statemachine.DatanodeStateMachine.startStateMachineThread(DatanodeStateMachine.java:321)
        at org.apache.hadoop.ozone.container.common.statemachine.DatanodeStateMachine.lambda$startDaemon$0(DatanodeStateMachine.java:506)
        at org.apache.hadoop.ozone.container.common.statemachine.DatanodeStateMachine$$Lambda$753/1831975653.run(Unknown Source)
        at java.lang.Thread.run(Thread.java:750)
"StaleRecoveringContainerScrubbingService#3" daemon prio=5 tid=902 in Object.wait()
java.lang.Thread.State: WAITING (on object monitor)
        at sun.misc.Unsafe.park(Native Method)
        at java.util.concurrent.locks.LockSupport.park(LockSupport.java:175)
        at java.util.concurrent.locks.AbstractQueuedSynchronizer$ConditionObject.await(AbstractQueuedSynchronizer.java:2039)
        at java.util.concurrent.ScheduledThreadPoolExecutor$DelayedWorkQueue.take(ScheduledThreadPoolExecutor.java:1088)
        at java.util.concurrent.ScheduledThreadPoolExecutor$DelayedWorkQueue.take(ScheduledThreadPoolExecutor.java:809)
        at java.util.concurrent.ThreadPoolExecutor.getTask(ThreadPoolExecutor.java:1074)
        at java.util.concurrent.ThreadPoolExecutor.runWorker(ThreadPoolExecutor.java:1134)
        at java.util.concurrent.ThreadPoolExecutor$Worker.run(ThreadPoolExecutor.java:624)
        at java.lang.Thread.run(Thread.java:750)
"timer0" daemon prio=5 tid=798 timed_waiting
java.lang.Thread.State: TIMED_WAITING
        at java.lang.Object.wait(Native Method)
        at java.util.TimerThread.mainLoop(Timer.java:552)
        at java.util.TimerThread.run(Timer.java:505)
"Datanode State Machine Daemon Thread" daemon prio=5 tid=220 timed_waiting
java.lang.Thread.State: TIMED_WAITING
        at java.lang.Thread.sleep(Native Method)
        at org.apache.hadoop.ozone.container.common.statemachine.DatanodeStateMachine.startStateMachineThread(DatanodeStateMachine.java:321)
        at org.apache.hadoop.ozone.container.common.statemachine.DatanodeStateMachine.lambda$startDaemon$0(DatanodeStateMachine.java:506)
        at org.apache.hadoop.ozone.container.common.statemachine.DatanodeStateMachine$$Lambda$753/1831975653.run(Unknown Source)
        at java.lang.Thread.run(Thread.java:750)
"Datanode State Machine Task Thread - 1"  prio=5 tid=553 in Object.wait()
java.lang.Thread.State: WAITING (on object monitor)
        at sun.misc.Unsafe.park(Native Method)
        at java.util.concurrent.locks.LockSupport.park(LockSupport.java:175)
        at java.util.concurrent.locks.AbstractQueuedSynchronizer$ConditionObject.await(AbstractQueuedSynchronizer.java:2039)
        at java.util.concurrent.LinkedBlockingQueue.take(LinkedBlockingQueue.java:442)
        at java.util.concurrent.ThreadPoolExecutor.getTask(ThreadPoolExecutor.java:1074)
        at java.util.concurrent.ThreadPoolExecutor.runWorker(ThreadPoolExecutor.java:1134)
        at java.util.concurrent.ThreadPoolExecutor$Worker.run(ThreadPoolExecutor.java:624)
        at java.lang.Thread.run(Thread.java:750)
"cc93147f-bc2d-4803-9a7c-bfa6df100165-server-thread3" daemon prio=5 tid=802 timed_waiting
java.lang.Thread.State: TIMED_WAITING
        at sun.misc.Unsafe.park(Native Method)
        at java.util.concurrent.locks.LockSupport.parkNanos(LockSupport.java:215)
        at java.util.concurrent.SynchronousQueue$TransferStack.awaitFulfill(SynchronousQueue.java:460)
        at java.util.concurrent.SynchronousQueue$TransferStack.transfer(SynchronousQueue.java:362)
        at java.util.concurrent.SynchronousQueue.poll(SynchronousQueue.java:941)
        at java.util.concurrent.ThreadPoolExecutor.getTask(ThreadPoolExecutor.java:1073)
        at java.util.concurrent.ThreadPoolExecutor.runWorker(ThreadPoolExecutor.java:1134)
        at java.util.concurrent.ThreadPoolExecutor$Worker.run(ThreadPoolExecutor.java:624)
        at java.lang.Thread.run(Thread.java:750)
"DatanodeAdminManager-0" daemon prio=5 tid=21 timed_waiting
java.lang.Thread.State: TIMED_WAITING
        at sun.misc.Unsafe.park(Native Method)
        at java.util.concurrent.locks.LockSupport.parkNanos(LockSupport.java:215)
        at java.util.concurrent.locks.AbstractQueuedSynchronizer$ConditionObject.awaitNanos(AbstractQueuedSynchronizer.java:2078)
        at java.util.concurrent.ScheduledThreadPoolExecutor$DelayedWorkQueue.take(ScheduledThreadPoolExecutor.java:1093)
        at java.util.concurrent.ScheduledThreadPoolExecutor$DelayedWorkQueue.take(ScheduledThreadPoolExecutor.java:809)
        at java.util.concurrent.ThreadPoolExecutor.getTask(ThreadPoolExecutor.java:1074)
        at java.util.concurrent.ThreadPoolExecutor.runWorker(ThreadPoolExecutor.java:1134)
        at java.util.concurrent.ThreadPoolExecutor$Worker.run(ThreadPoolExecutor.java:624)
        at java.lang.Thread.run(Thread.java:750)
"qtp1310868976-267" daemon prio=5 tid=267 timed_waiting
java.lang.Thread.State: TIMED_WAITING
        at sun.misc.Unsafe.park(Native Method)
        at java.util.concurrent.locks.LockSupport.parkNanos(LockSupport.java:215)
        at java.util.concurrent.locks.AbstractQueuedSynchronizer$ConditionObject.awaitNanos(AbstractQueuedSynchronizer.java:2078)
        at org.eclipse.jetty.util.BlockingArrayQueue.poll(BlockingArrayQueue.java:382)
        at org.eclipse.jetty.util.thread.QueuedThreadPool$Runner.idleJobPoll(QueuedThreadPool.java:974)
        at org.eclipse.jetty.util.thread.QueuedThreadPool$Runner.run(QueuedThreadPool.java:1018)
        at java.lang.Thread.run(Thread.java:750)
"ChunkWriter-1-0" daemon prio=5 tid=532 in Object.wait()
java.lang.Thread.State: WAITING (on object monitor)
        at sun.misc.Unsafe.park(Native Method)
        at java.util.concurrent.locks.LockSupport.park(LockSupport.java:175)
        at java.util.concurrent.locks.AbstractQueuedSynchronizer$ConditionObject.await(AbstractQueuedSynchronizer.java:2039)
        at java.util.concurrent.LinkedBlockingDeque.takeFirst(LinkedBlockingDeque.java:492)
        at java.util.concurrent.LinkedBlockingDeque.take(LinkedBlockingDeque.java:680)
        at java.util.concurrent.ThreadPoolExecutor.getTask(ThreadPoolExecutor.java:1074)
        at java.util.concurrent.ThreadPoolExecutor.runWorker(ThreadPoolExecutor.java:1134)
        at java.util.concurrent.ThreadPoolExecutor$Worker.run(ThreadPoolExecutor.java:624)
        at java.lang.Thread.run(Thread.java:750)
"Command processor thread" daemon prio=5 tid=445 timed_waiting
java.lang.Thread.State: TIMED_WAITING
        at java.lang.Thread.sleep(Native Method)
        at org.apache.hadoop.ozone.container.common.statemachine.DatanodeStateMachine.lambda$initCommandHandlerThread$3(DatanodeStateMachine.java:641)
        at org.apache.hadoop.ozone.container.common.statemachine.DatanodeStateMachine$$Lambda$755/1195612276.run(Unknown Source)
        at java.lang.Thread.run(Thread.java:750)
"qtp1558845628-150" daemon prio=5 tid=150 timed_waiting
java.lang.Thread.State: TIMED_WAITING
        at sun.misc.Unsafe.park(Native Method)
        at java.util.concurrent.locks.LockSupport.parkNanos(LockSupport.java:215)
        at java.util.concurrent.locks.AbstractQueuedSynchronizer$ConditionObject.awaitNanos(AbstractQueuedSynchronizer.java:2078)
        at org.eclipse.jetty.util.BlockingArrayQueue.poll(BlockingArrayQueue.java:382)
        at org.eclipse.jetty.util.thread.QueuedThreadPool$Runner.idleJobPoll(QueuedThreadPool.java:974)
        at org.eclipse.jetty.util.thread.QueuedThreadPool$Runner.run(QueuedThreadPool.java:1018)
        at java.lang.Thread.run(Thread.java:750)
"IPC Server handler 0 on default port 38325" daemon prio=5 tid=46 timed_waiting
java.lang.Thread.State: TIMED_WAITING
        at sun.misc.Unsafe.park(Native Method)
        at java.util.concurrent.locks.LockSupport.parkNanos(LockSupport.java:215)
        at java.util.concurrent.locks.AbstractQueuedSynchronizer$ConditionObject.awaitNanos(AbstractQueuedSynchronizer.java:2078)
        at java.util.concurrent.LinkedBlockingQueue.poll(LinkedBlockingQueue.java:467)
        at org.apache.hadoop.ipc.CallQueueManager.take(CallQueueManager.java:317)
        at org.apache.hadoop.ipc.Server$Handler.run(Server.java:2942)
"qtp1558845628-145-acceptor-0@6e139e44-ServerConnector@8a743a1{HTTP/1.1, (http/1.1)}{0.0.0.0:35191}" daemon prio=3 tid=145 runnable
java.lang.Thread.State: RUNNABLE
        at sun.nio.ch.ServerSocketChannelImpl.accept0(Native Method)
        at sun.nio.ch.ServerSocketChannelImpl.accept(ServerSocketChannelImpl.java:421)
        at sun.nio.ch.ServerSocketChannelImpl.accept(ServerSocketChannelImpl.java:249)
        at org.eclipse.jetty.server.ServerConnector.accept(ServerConnector.java:388)
        at org.eclipse.jetty.server.AbstractConnector$Acceptor.run(AbstractConnector.java:704)
        at org.eclipse.jetty.util.thread.QueuedThreadPool.runJob(QueuedThreadPool.java:883)
        at org.eclipse.jetty.util.thread.QueuedThreadPool$Runner.run(QueuedThreadPool.java:1034)
        at java.lang.Thread.run(Thread.java:750)
"3023bd45-36c3-431f-9c1c-92b4e43de878@group-EDA3E5475693-StateMachineUpdater" daemon prio=5 tid=680 timed_waiting
java.lang.Thread.State: TIMED_WAITING
        at sun.misc.Unsafe.park(Native Method)
        at java.util.concurrent.locks.LockSupport.parkNanos(LockSupport.java:215)
        at java.util.concurrent.locks.AbstractQueuedSynchronizer$ConditionObject.await(AbstractQueuedSynchronizer.java:2163)
        at org.apache.ratis.util.AwaitForSignal.await(AwaitForSignal.java:62)
        at org.apache.ratis.server.impl.StateMachineUpdater.waitForCommit(StateMachineUpdater.java:207)
        at org.apache.ratis.server.impl.StateMachineUpdater.run(StateMachineUpdater.java:176)
        at java.lang.Thread.run(Thread.java:750)
"org.apache.hadoop.ozone.container.common.statemachine.commandhandler.DeleteBlocksCommandHandler$DeleteCmdWorker@42ba416c" daemon prio=5 tid=342 timed_waiting
java.lang.Thread.State: TIMED_WAITING
        at java.lang.Thread.sleep(Native Method)
        at org.apache.hadoop.ozone.container.common.statemachine.commandhandler.DeleteBlocksCommandHandler$DeleteCmdWorker.run(DeleteBlocksCommandHandler.java:184)
        at java.lang.Thread.run(Thread.java:750)
"IPC Server handler 17 on default port 38325" daemon prio=5 tid=63 timed_waiting
java.lang.Thread.State: TIMED_WAITING
        at sun.misc.Unsafe.park(Native Method)
        at java.util.concurrent.locks.LockSupport.parkNanos(LockSupport.java:215)
        at java.util.concurrent.locks.AbstractQueuedSynchronizer$ConditionObject.awaitNanos(AbstractQueuedSynchronizer.java:2078)
        at java.util.concurrent.LinkedBlockingQueue.poll(LinkedBlockingQueue.java:467)
        at org.apache.hadoop.ipc.CallQueueManager.take(CallQueueManager.java:317)
        at org.apache.hadoop.ipc.Server$Handler.run(Server.java:2942)
"StaleRecoveringContainerScrubbingService#0" daemon prio=5 tid=562 in Object.wait()
java.lang.Thread.State: WAITING (on object monitor)
        at sun.misc.Unsafe.park(Native Method)
        at java.util.concurrent.locks.LockSupport.park(LockSupport.java:175)
        at java.util.concurrent.locks.AbstractQueuedSynchronizer$ConditionObject.await(AbstractQueuedSynchronizer.java:2039)
        at java.util.concurrent.ScheduledThreadPoolExecutor$DelayedWorkQueue.take(ScheduledThreadPoolExecutor.java:1088)
        at java.util.concurrent.ScheduledThreadPoolExecutor$DelayedWorkQueue.take(ScheduledThreadPoolExecutor.java:809)
        at java.util.concurrent.ThreadPoolExecutor.getTask(ThreadPoolExecutor.java:1074)
        at java.util.concurrent.ThreadPoolExecutor.runWorker(ThreadPoolExecutor.java:1134)
        at java.util.concurrent.ThreadPoolExecutor$Worker.run(ThreadPoolExecutor.java:624)
        at java.lang.Thread.run(Thread.java:750)
"JvmPauseMonitor6" daemon prio=5 tid=504 timed_waiting
java.lang.Thread.State: TIMED_WAITING
        at java.lang.Thread.sleep(Native Method)
        at java.lang.Thread.sleep(Thread.java:342)
        at java.util.concurrent.TimeUnit.sleep(TimeUnit.java:386)
        at org.apache.ratis.util.TimeDuration.sleep(TimeDuration.java:325)
        at org.apache.ratis.util.TimeDuration.sleep(TimeDuration.java:310)
        at org.apache.ratis.util.JvmPauseMonitor.detectPause(JvmPauseMonitor.java:119)
        at org.apache.ratis.util.JvmPauseMonitor.run(JvmPauseMonitor.java:108)
        at org.apache.ratis.util.JvmPauseMonitor$$Lambda$708/135372099.run(Unknown Source)
        at java.lang.Thread.run(Thread.java:750)
"StaleRecoveringContainerScrubbingService#1" daemon prio=5 tid=476 in Object.wait()
java.lang.Thread.State: WAITING (on object monitor)
        at sun.misc.Unsafe.park(Native Method)
        at java.util.concurrent.locks.LockSupport.park(LockSupport.java:175)
        at java.util.concurrent.locks.AbstractQueuedSynchronizer$ConditionObject.await(AbstractQueuedSynchronizer.java:2039)
        at java.util.concurrent.ScheduledThreadPoolExecutor$DelayedWorkQueue.take(ScheduledThreadPoolExecutor.java:1088)
        at java.util.concurrent.ScheduledThreadPoolExecutor$DelayedWorkQueue.take(ScheduledThreadPoolExecutor.java:809)
        at java.util.concurrent.ThreadPoolExecutor.getTask(ThreadPoolExecutor.java:1074)
        at java.util.concurrent.ThreadPoolExecutor.runWorker(ThreadPoolExecutor.java:1134)
        at java.util.concurrent.ThreadPoolExecutor$Worker.run(ThreadPoolExecutor.java:624)
        at java.lang.Thread.run(Thread.java:750)
"qtp1054778873-419-acceptor-0@517b38ad-ServerConnector@39bcac46{HTTP/1.1, (http/1.1)}{0.0.0.0:35099}" daemon prio=3 tid=419 runnable
java.lang.Thread.State: RUNNABLE
        at sun.nio.ch.ServerSocketChannelImpl.accept0(Native Method)
        at sun.nio.ch.ServerSocketChannelImpl.accept(ServerSocketChannelImpl.java:421)
        at sun.nio.ch.ServerSocketChannelImpl.accept(ServerSocketChannelImpl.java:249)
        at org.eclipse.jetty.server.ServerConnector.accept(ServerConnector.java:388)
        at org.eclipse.jetty.server.AbstractConnector$Acceptor.run(AbstractConnector.java:704)
        at org.eclipse.jetty.util.thread.QueuedThreadPool.runJob(QueuedThreadPool.java:883)
        at org.eclipse.jetty.util.thread.QueuedThreadPool$Runner.run(QueuedThreadPool.java:1034)
        at java.lang.Thread.run(Thread.java:750)
"StaleRecoveringContainerScrubbingService#0" daemon prio=5 tid=398 in Object.wait()
java.lang.Thread.State: WAITING (on object monitor)
        at sun.misc.Unsafe.park(Native Method)
        at java.util.concurrent.locks.LockSupport.park(LockSupport.java:175)
        at java.util.concurrent.locks.AbstractQueuedSynchronizer$ConditionObject.await(AbstractQueuedSynchronizer.java:2039)
        at java.util.concurrent.ScheduledThreadPoolExecutor$DelayedWorkQueue.take(ScheduledThreadPoolExecutor.java:1088)
        at java.util.concurrent.ScheduledThreadPoolExecutor$DelayedWorkQueue.take(ScheduledThreadPoolExecutor.java:809)
        at java.util.concurrent.ThreadPoolExecutor.getTask(ThreadPoolExecutor.java:1074)
        at java.util.concurrent.ThreadPoolExecutor.runWorker(ThreadPoolExecutor.java:1134)
        at java.util.concurrent.ThreadPoolExecutor$Worker.run(ThreadPoolExecutor.java:624)
        at java.lang.Thread.run(Thread.java:750)
"7726e7f5-b74c-4e4a-9680-a65a67c105af@group-99BD4D3A3F73-SegmentedRaftLogWorker"  prio=5 tid=658 timed_waiting
java.lang.Thread.State: TIMED_WAITING
        at sun.misc.Unsafe.park(Native Method)
        at java.util.concurrent.locks.LockSupport.parkNanos(LockSupport.java:215)
        at java.util.concurrent.locks.AbstractQueuedSynchronizer$ConditionObject.awaitNanos(AbstractQueuedSynchronizer.java:2078)
        at org.apache.ratis.util.DataBlockingQueue.poll(DataBlockingQueue.java:148)
        at org.apache.ratis.server.raftlog.segmented.SegmentedRaftLogWorker.run(SegmentedRaftLogWorker.java:312)
        at org.apache.ratis.server.raftlog.segmented.SegmentedRaftLogWorker$$Lambda$667/1522169736.run(Unknown Source)
        at java.lang.Thread.run(Thread.java:750)
"BlockDeletingService#3" daemon prio=5 tid=1154 in Object.wait()
java.lang.Thread.State: WAITING (on object monitor)
        at sun.misc.Unsafe.park(Native Method)
        at java.util.concurrent.locks.LockSupport.park(LockSupport.java:175)
        at java.util.concurrent.locks.AbstractQueuedSynchronizer$ConditionObject.await(AbstractQueuedSynchronizer.java:2039)
        at java.util.concurrent.ScheduledThreadPoolExecutor$DelayedWorkQueue.take(ScheduledThreadPoolExecutor.java:1088)
        at java.util.concurrent.ScheduledThreadPoolExecutor$DelayedWorkQueue.take(ScheduledThreadPoolExecutor.java:809)
        at java.util.concurrent.ThreadPoolExecutor.getTask(ThreadPoolExecutor.java:1074)
        at java.util.concurrent.ThreadPoolExecutor.runWorker(ThreadPoolExecutor.java:1134)
        at java.util.concurrent.ThreadPoolExecutor$Worker.run(ThreadPoolExecutor.java:624)
        at java.lang.Thread.run(Thread.java:750)
"StaleRecoveringContainerScrubbingService#6" daemon prio=5 tid=1022 in Object.wait()
java.lang.Thread.State: WAITING (on object monitor)
        at sun.misc.Unsafe.park(Native Method)
        at java.util.concurrent.locks.LockSupport.park(LockSupport.java:175)
        at java.util.concurrent.locks.AbstractQueuedSynchronizer$ConditionObject.await(AbstractQueuedSynchronizer.java:2039)
        at java.util.concurrent.ScheduledThreadPoolExecutor$DelayedWorkQueue.take(ScheduledThreadPoolExecutor.java:1088)
        at java.util.concurrent.ScheduledThreadPoolExecutor$DelayedWorkQueue.take(ScheduledThreadPoolExecutor.java:809)
        at java.util.concurrent.ThreadPoolExecutor.getTask(ThreadPoolExecutor.java:1074)
        at java.util.concurrent.ThreadPoolExecutor.runWorker(ThreadPoolExecutor.java:1134)
        at java.util.concurrent.ThreadPoolExecutor$Worker.run(ThreadPoolExecutor.java:624)
        at java.lang.Thread.run(Thread.java:750)
"qtp1905824639-382" daemon prio=5 tid=382 timed_waiting
java.lang.Thread.State: TIMED_WAITING
        at sun.misc.Unsafe.park(Native Method)
        at java.util.concurrent.locks.LockSupport.parkNanos(LockSupport.java:215)
        at java.util.concurrent.locks.AbstractQueuedSynchronizer$ConditionObject.awaitNanos(AbstractQueuedSynchronizer.java:2078)
        at org.eclipse.jetty.util.BlockingArrayQueue.poll(BlockingArrayQueue.java:382)
        at org.eclipse.jetty.util.thread.QueuedThreadPool$Runner.idleJobPoll(QueuedThreadPool.java:974)
        at org.eclipse.jetty.util.thread.QueuedThreadPool$Runner.run(QueuedThreadPool.java:1018)
        at java.lang.Thread.run(Thread.java:750)
"StaleRecoveringContainerScrubbingService#1" daemon prio=5 tid=496 in Object.wait()
java.lang.Thread.State: WAITING (on object monitor)
        at sun.misc.Unsafe.park(Native Method)
        at java.util.concurrent.locks.LockSupport.park(LockSupport.java:175)
        at java.util.concurrent.locks.AbstractQueuedSynchronizer$ConditionObject.await(AbstractQueuedSynchronizer.java:2039)
        at java.util.concurrent.ScheduledThreadPoolExecutor$DelayedWorkQueue.take(ScheduledThreadPoolExecutor.java:1088)
        at java.util.concurrent.ScheduledThreadPoolExecutor$DelayedWorkQueue.take(ScheduledThreadPoolExecutor.java:809)
        at java.util.concurrent.ThreadPoolExecutor.getTask(ThreadPoolExecutor.java:1074)
        at java.util.concurrent.ThreadPoolExecutor.runWorker(ThreadPoolExecutor.java:1134)
        at java.util.concurrent.ThreadPoolExecutor$Worker.run(ThreadPoolExecutor.java:624)
        at java.lang.Thread.run(Thread.java:750)
"StaleRecoveringContainerScrubbingService#9" daemon prio=5 tid=1140 in Object.wait()
java.lang.Thread.State: WAITING (on object monitor)
        at sun.misc.Unsafe.park(Native Method)
        at java.util.concurrent.locks.LockSupport.park(LockSupport.java:175)
        at java.util.concurrent.locks.AbstractQueuedSynchronizer$ConditionObject.await(AbstractQueuedSynchronizer.java:2039)
        at java.util.concurrent.ScheduledThreadPoolExecutor$DelayedWorkQueue.take(ScheduledThreadPoolExecutor.java:1088)
        at java.util.concurrent.ScheduledThreadPoolExecutor$DelayedWorkQueue.take(ScheduledThreadPoolExecutor.java:809)
        at java.util.concurrent.ThreadPoolExecutor.getTask(ThreadPoolExecutor.java:1074)
        at java.util.concurrent.ThreadPoolExecutor.runWorker(ThreadPoolExecutor.java:1134)
        at java.util.concurrent.ThreadPoolExecutor$Worker.run(ThreadPoolExecutor.java:624)
        at java.lang.Thread.run(Thread.java:750)
"3ddade9d-4289-4127-b7c4-830dd518ff0a@group-E388FC27C872-FollowerState" daemon prio=5 tid=846 timed_waiting
java.lang.Thread.State: TIMED_WAITING
        at java.lang.Thread.sleep(Native Method)
        at java.lang.Thread.sleep(Thread.java:342)
        at java.util.concurrent.TimeUnit.sleep(TimeUnit.java:386)
        at org.apache.ratis.util.TimeDuration.sleep(TimeDuration.java:325)
        at org.apache.ratis.util.TimeDuration.sleep(TimeDuration.java:310)
        at org.apache.ratis.server.impl.FollowerState.run(FollowerState.java:128)
"ChunkReader-6" daemon prio=5 tid=964 in Object.wait()
java.lang.Thread.State: WAITING (on object monitor)
        at sun.misc.Unsafe.park(Native Method)
        at java.util.concurrent.locks.LockSupport.park(LockSupport.java:175)
        at java.util.concurrent.locks.AbstractQueuedSynchronizer$ConditionObject.await(AbstractQueuedSynchronizer.java:2039)
        at java.util.concurrent.LinkedBlockingQueue.take(LinkedBlockingQueue.java:442)
        at java.util.concurrent.ThreadPoolExecutor.getTask(ThreadPoolExecutor.java:1074)
        at java.util.concurrent.ThreadPoolExecutor.runWorker(ThreadPoolExecutor.java:1134)
        at java.util.concurrent.ThreadPoolExecutor$Worker.run(ThreadPoolExecutor.java:624)
        at java.lang.Thread.run(Thread.java:750)
"surefire-forkedjvm-command-thread" daemon prio=5 tid=10 runnable
java.lang.Thread.State: RUNNABLE
        at java.io.FileInputStream.readBytes(Native Method)
        at java.io.FileInputStream.read(FileInputStream.java:255)
        at java.io.BufferedInputStream.read1(BufferedInputStream.java:284)
        at java.io.BufferedInputStream.read(BufferedInputStream.java:345)
        at java.io.BufferedInputStream.fill(BufferedInputStream.java:246)
        at java.io.BufferedInputStream.read1(BufferedInputStream.java:286)
        at java.io.BufferedInputStream.read(BufferedInputStream.java:345)
        at org.apache.maven.surefire.api.util.internal.Channels$3.readImpl(Channels.java:214)
        at org.apache.maven.surefire.api.util.internal.AbstractNoninterruptibleReadableChannel.read(AbstractNoninterruptibleReadableChannel.java:54)
        at org.apache.maven.surefire.booter.spi.LegacyMasterProcessChannelDecoder.decode(LegacyMasterProcessChannelDecoder.java:80)
        at org.apache.maven.surefire.booter.CommandReader$CommandRunnable.run(CommandReader.java:343)
        at java.lang.Thread.run(Thread.java:750)
"Periodic HDDS volume checker" daemon prio=5 tid=204 timed_waiting
java.lang.Thread.State: TIMED_WAITING
        at sun.misc.Unsafe.park(Native Method)
        at java.util.concurrent.locks.LockSupport.parkNanos(LockSupport.java:215)
        at java.util.concurrent.locks.AbstractQueuedSynchronizer$ConditionObject.awaitNanos(AbstractQueuedSynchronizer.java:2078)
        at java.util.concurrent.ScheduledThreadPoolExecutor$DelayedWorkQueue.take(ScheduledThreadPoolExecutor.java:1093)
        at java.util.concurrent.ScheduledThreadPoolExecutor$DelayedWorkQueue.take(ScheduledThreadPoolExecutor.java:809)
        at java.util.concurrent.ThreadPoolExecutor.getTask(ThreadPoolExecutor.java:1074)
        at java.util.concurrent.ThreadPoolExecutor.runWorker(ThreadPoolExecutor.java:1134)
        at java.util.concurrent.ThreadPoolExecutor$Worker.run(ThreadPoolExecutor.java:624)
        at java.lang.Thread.run(Thread.java:750)
"qtp1712704558-186" daemon prio=5 tid=186 timed_waiting
java.lang.Thread.State: TIMED_WAITING
        at sun.misc.Unsafe.park(Native Method)
        at java.util.concurrent.locks.LockSupport.parkNanos(LockSupport.java:215)
        at java.util.concurrent.locks.AbstractQueuedSynchronizer$ConditionObject.awaitNanos(AbstractQueuedSynchronizer.java:2078)
        at org.eclipse.jetty.util.BlockingArrayQueue.poll(BlockingArrayQueue.java:382)
        at org.eclipse.jetty.util.thread.QueuedThreadPool$Runner.idleJobPoll(QueuedThreadPool.java:974)
        at org.eclipse.jetty.util.thread.QueuedThreadPool$Runner.run(QueuedThreadPool.java:1018)
        at java.lang.Thread.run(Thread.java:750)
"qtp1558845628-148" daemon prio=5 tid=148 timed_waiting
java.lang.Thread.State: TIMED_WAITING
        at sun.misc.Unsafe.park(Native Method)
        at java.util.concurrent.locks.LockSupport.parkNanos(LockSupport.java:215)
        at java.util.concurrent.locks.AbstractQueuedSynchronizer$ConditionObject.awaitNanos(AbstractQueuedSynchronizer.java:2078)
        at org.eclipse.jetty.util.BlockingArrayQueue.poll(BlockingArrayQueue.java:382)
        at org.eclipse.jetty.util.thread.QueuedThreadPool$Runner.idleJobPoll(QueuedThreadPool.java:974)
        at org.eclipse.jetty.util.thread.QueuedThreadPool$Runner.run(QueuedThreadPool.java:1018)
        at java.lang.Thread.run(Thread.java:750)
"IPC Server handler 8 on default port 42623" daemon prio=5 tid=94 timed_waiting
java.lang.Thread.State: TIMED_WAITING
        at sun.misc.Unsafe.park(Native Method)
        at java.util.concurrent.locks.LockSupport.parkNanos(LockSupport.java:215)
        at java.util.concurrent.locks.AbstractQueuedSynchronizer$ConditionObject.awaitNanos(AbstractQueuedSynchronizer.java:2078)
        at java.util.concurrent.LinkedBlockingQueue.poll(LinkedBlockingQueue.java:467)
        at org.apache.hadoop.ipc.CallQueueManager.take(CallQueueManager.java:317)
        at org.apache.hadoop.ipc.Server$Handler.run(Server.java:2942)
"7726e7f5-b74c-4e4a-9680-a65a67c105af-server-thread3" daemon prio=5 tid=916 timed_waiting
java.lang.Thread.State: TIMED_WAITING
        at sun.misc.Unsafe.park(Native Method)
        at java.util.concurrent.locks.LockSupport.parkNanos(LockSupport.java:215)
        at java.util.concurrent.SynchronousQueue$TransferStack.awaitFulfill(SynchronousQueue.java:460)
        at java.util.concurrent.SynchronousQueue$TransferStack.transfer(SynchronousQueue.java:362)
        at java.util.concurrent.SynchronousQueue.poll(SynchronousQueue.java:941)
        at java.util.concurrent.ThreadPoolExecutor.getTask(ThreadPoolExecutor.java:1073)
        at java.util.concurrent.ThreadPoolExecutor.runWorker(ThreadPoolExecutor.java:1134)
        at java.util.concurrent.ThreadPoolExecutor$Worker.run(ThreadPoolExecutor.java:624)
        at java.lang.Thread.run(Thread.java:750)
"ChunkReader-2" daemon prio=5 tid=834 in Object.wait()
java.lang.Thread.State: WAITING (on object monitor)
        at sun.misc.Unsafe.park(Native Method)
        at java.util.concurrent.locks.LockSupport.park(LockSupport.java:175)
        at java.util.concurrent.locks.AbstractQueuedSynchronizer$ConditionObject.await(AbstractQueuedSynchronizer.java:2039)
        at java.util.concurrent.LinkedBlockingQueue.take(LinkedBlockingQueue.java:442)
        at java.util.concurrent.ThreadPoolExecutor.getTask(ThreadPoolExecutor.java:1074)
        at java.util.concurrent.ThreadPoolExecutor.runWorker(ThreadPoolExecutor.java:1134)
        at java.util.concurrent.ThreadPoolExecutor$Worker.run(ThreadPoolExecutor.java:624)
        at java.lang.Thread.run(Thread.java:750)
"IPC Server handler 18 on default port 45237" daemon prio=5 tid=84 timed_waiting
java.lang.Thread.State: TIMED_WAITING
        at sun.misc.Unsafe.park(Native Method)
        at java.util.concurrent.locks.LockSupport.parkNanos(LockSupport.java:215)
        at java.util.concurrent.locks.AbstractQueuedSynchronizer$ConditionObject.awaitNanos(AbstractQueuedSynchronizer.java:2078)
        at java.util.concurrent.LinkedBlockingQueue.poll(LinkedBlockingQueue.java:467)
        at org.apache.hadoop.ipc.CallQueueManager.take(CallQueueManager.java:317)
        at org.apache.hadoop.ipc.Server$Handler.run(Server.java:2942)
"IPC Server handler 11 on default port 38325" daemon prio=5 tid=57 timed_waiting
java.lang.Thread.State: TIMED_WAITING
        at sun.misc.Unsafe.park(Native Method)
        at java.util.concurrent.locks.LockSupport.parkNanos(LockSupport.java:215)
        at java.util.concurrent.locks.AbstractQueuedSynchronizer$ConditionObject.awaitNanos(AbstractQueuedSynchronizer.java:2078)
        at java.util.concurrent.LinkedBlockingQueue.poll(LinkedBlockingQueue.java:467)
        at org.apache.hadoop.ipc.CallQueueManager.take(CallQueueManager.java:317)
        at org.apache.hadoop.ipc.Server$Handler.run(Server.java:2942)
"Datanode ReportManager Thread - 4" daemon prio=5 tid=482 timed_waiting
java.lang.Thread.State: TIMED_WAITING
        at sun.misc.Unsafe.park(Native Method)
        at java.util.concurrent.locks.LockSupport.parkNanos(LockSupport.java:215)
        at java.util.concurrent.locks.AbstractQueuedSynchronizer$ConditionObject.awaitNanos(AbstractQueuedSynchronizer.java:2078)
        at java.util.concurrent.ScheduledThreadPoolExecutor$DelayedWorkQueue.take(ScheduledThreadPoolExecutor.java:1093)
        at java.util.concurrent.ScheduledThreadPoolExecutor$DelayedWorkQueue.take(ScheduledThreadPoolExecutor.java:809)
        at java.util.concurrent.ThreadPoolExecutor.getTask(ThreadPoolExecutor.java:1074)
        at java.util.concurrent.ThreadPoolExecutor.runWorker(ThreadPoolExecutor.java:1134)
        at java.util.concurrent.ThreadPoolExecutor$Worker.run(ThreadPoolExecutor.java:624)
        at java.lang.Thread.run(Thread.java:750)
"2497daeb-967d-49ad-8f28-1297e8c4c732@group-BD0688E9877E-LeaderStateImpl" daemon prio=5 tid=729 timed_waiting
java.lang.Thread.State: TIMED_WAITING
        at sun.misc.Unsafe.park(Native Method)
        at java.util.concurrent.locks.LockSupport.parkNanos(LockSupport.java:215)
        at java.util.concurrent.locks.AbstractQueuedSynchronizer$ConditionObject.awaitNanos(AbstractQueuedSynchronizer.java:2078)
        at java.util.concurrent.ArrayBlockingQueue.poll(ArrayBlockingQueue.java:418)
        at org.apache.ratis.server.impl.LeaderStateImpl$EventQueue.poll(LeaderStateImpl.java:159)
        at org.apache.ratis.server.impl.LeaderStateImpl$EventProcessor.run(LeaderStateImpl.java:630)
"ChunkReader-0" daemon prio=5 tid=819 in Object.wait()
java.lang.Thread.State: WAITING (on object monitor)
        at sun.misc.Unsafe.park(Native Method)
        at java.util.concurrent.locks.LockSupport.park(LockSupport.java:175)
        at java.util.concurrent.locks.AbstractQueuedSynchronizer$ConditionObject.await(AbstractQueuedSynchronizer.java:2039)
        at java.util.concurrent.LinkedBlockingQueue.take(LinkedBlockingQueue.java:442)
        at java.util.concurrent.ThreadPoolExecutor.getTask(ThreadPoolExecutor.java:1074)
        at java.util.concurrent.ThreadPoolExecutor.runWorker(ThreadPoolExecutor.java:1134)
        at java.util.concurrent.ThreadPoolExecutor$Worker.run(ThreadPoolExecutor.java:624)
        at java.lang.Thread.run(Thread.java:750)
"pool-202-thread-1" daemon prio=5 tid=336 timed_waiting
java.lang.Thread.State: TIMED_WAITING
        at sun.misc.Unsafe.park(Native Method)
        at java.util.concurrent.locks.LockSupport.parkNanos(LockSupport.java:215)
        at java.util.concurrent.locks.AbstractQueuedSynchronizer$ConditionObject.awaitNanos(AbstractQueuedSynchronizer.java:2078)
        at java.util.concurrent.ScheduledThreadPoolExecutor$DelayedWorkQueue.take(ScheduledThreadPoolExecutor.java:1093)
        at java.util.concurrent.ScheduledThreadPoolExecutor$DelayedWorkQueue.take(ScheduledThreadPoolExecutor.java:809)
        at java.util.concurrent.ThreadPoolExecutor.getTask(ThreadPoolExecutor.java:1074)
        at java.util.concurrent.ThreadPoolExecutor.runWorker(ThreadPoolExecutor.java:1134)
        at java.util.concurrent.ThreadPoolExecutor$Worker.run(ThreadPoolExecutor.java:624)
        at java.lang.Thread.run(Thread.java:750)
"3ddade9d-4289-4127-b7c4-830dd518ff0a@group-99BD4D3A3F73-StateMachineUpdater" daemon prio=5 tid=672 timed_waiting
java.lang.Thread.State: TIMED_WAITING
        at sun.misc.Unsafe.park(Native Method)
        at java.util.concurrent.locks.LockSupport.parkNanos(LockSupport.java:215)
        at java.util.concurrent.locks.AbstractQueuedSynchronizer$ConditionObject.await(AbstractQueuedSynchronizer.java:2163)
        at org.apache.ratis.util.AwaitForSignal.await(AwaitForSignal.java:62)
        at org.apache.ratis.server.impl.StateMachineUpdater.waitForCommit(StateMachineUpdater.java:207)
        at org.apache.ratis.server.impl.StateMachineUpdater.run(StateMachineUpdater.java:176)
        at java.lang.Thread.run(Thread.java:750)
"ChunkWriter-2-0" daemon prio=5 tid=490 in Object.wait()
java.lang.Thread.State: WAITING (on object monitor)
        at sun.misc.Unsafe.park(Native Method)
        at java.util.concurrent.locks.LockSupport.park(LockSupport.java:175)
        at java.util.concurrent.locks.AbstractQueuedSynchronizer$ConditionObject.await(AbstractQueuedSynchronizer.java:2039)
        at java.util.concurrent.LinkedBlockingDeque.takeFirst(LinkedBlockingDeque.java:492)
        at java.util.concurrent.LinkedBlockingDeque.take(LinkedBlockingDeque.java:680)
        at java.util.concurrent.ThreadPoolExecutor.getTask(ThreadPoolExecutor.java:1074)
        at java.util.concurrent.ThreadPoolExecutor.runWorker(ThreadPoolExecutor.java:1134)
        at java.util.concurrent.ThreadPoolExecutor$Worker.run(ThreadPoolExecutor.java:624)
        at java.lang.Thread.run(Thread.java:750)
"om1@group-C5BA1605619E-StateMachineUpdater" daemon prio=5 tid=136 timed_waiting
java.lang.Thread.State: TIMED_WAITING
        at sun.misc.Unsafe.park(Native Method)
        at java.util.concurrent.locks.LockSupport.parkNanos(LockSupport.java:215)
        at java.util.concurrent.locks.AbstractQueuedSynchronizer$ConditionObject.await(AbstractQueuedSynchronizer.java:2163)
        at org.apache.ratis.util.AwaitForSignal.await(AwaitForSignal.java:62)
        at org.apache.ratis.server.impl.StateMachineUpdater.waitForCommit(StateMachineUpdater.java:207)
        at org.apache.ratis.server.impl.StateMachineUpdater.run(StateMachineUpdater.java:176)
        at java.lang.Thread.run(Thread.java:750)
"StaleRecoveringContainerScrubbingService#7" daemon prio=5 tid=1111 in Object.wait()
java.lang.Thread.State: WAITING (on object monitor)
        at sun.misc.Unsafe.park(Native Method)
        at java.util.concurrent.locks.LockSupport.park(LockSupport.java:175)
        at java.util.concurrent.locks.AbstractQueuedSynchronizer$ConditionObject.await(AbstractQueuedSynchronizer.java:2039)
        at java.util.concurrent.ScheduledThreadPoolExecutor$DelayedWorkQueue.take(ScheduledThreadPoolExecutor.java:1088)
        at java.util.concurrent.ScheduledThreadPoolExecutor$DelayedWorkQueue.take(ScheduledThreadPoolExecutor.java:809)
        at java.util.concurrent.ThreadPoolExecutor.getTask(ThreadPoolExecutor.java:1074)
        at java.util.concurrent.ThreadPoolExecutor.runWorker(ThreadPoolExecutor.java:1134)
        at java.util.concurrent.ThreadPoolExecutor$Worker.run(ThreadPoolExecutor.java:624)
        at java.lang.Thread.run(Thread.java:750)
"StaleRecoveringContainerScrubbingService#3" daemon prio=5 tid=872 in Object.wait()
java.lang.Thread.State: WAITING (on object monitor)
        at sun.misc.Unsafe.park(Native Method)
        at java.util.concurrent.locks.LockSupport.park(LockSupport.java:175)
        at java.util.concurrent.locks.AbstractQueuedSynchronizer$ConditionObject.await(AbstractQueuedSynchronizer.java:2039)
        at java.util.concurrent.ScheduledThreadPoolExecutor$DelayedWorkQueue.take(ScheduledThreadPoolExecutor.java:1088)
        at java.util.concurrent.ScheduledThreadPoolExecutor$DelayedWorkQueue.take(ScheduledThreadPoolExecutor.java:809)
        at java.util.concurrent.ThreadPoolExecutor.getTask(ThreadPoolExecutor.java:1074)
        at java.util.concurrent.ThreadPoolExecutor.runWorker(ThreadPoolExecutor.java:1134)
        at java.util.concurrent.ThreadPoolExecutor$Worker.run(ThreadPoolExecutor.java:624)
        at java.lang.Thread.run(Thread.java:750)
"EventQueue-StaleNodeForStaleNodeHandler" daemon prio=5 tid=868 in Object.wait()
java.lang.Thread.State: WAITING (on object monitor)
        at sun.misc.Unsafe.park(Native Method)
        at java.util.concurrent.locks.LockSupport.park(LockSupport.java:175)
        at java.util.concurrent.locks.AbstractQueuedSynchronizer$ConditionObject.await(AbstractQueuedSynchronizer.java:2039)
        at java.util.concurrent.LinkedBlockingQueue.take(LinkedBlockingQueue.java:442)
        at java.util.concurrent.ThreadPoolExecutor.getTask(ThreadPoolExecutor.java:1074)
        at java.util.concurrent.ThreadPoolExecutor.runWorker(ThreadPoolExecutor.java:1134)
        at java.util.concurrent.ThreadPoolExecutor$Worker.run(ThreadPoolExecutor.java:624)
        at java.lang.Thread.run(Thread.java:750)
"pool-195-thread-1"  prio=5 tid=314 timed_waiting
java.lang.Thread.State: TIMED_WAITING
        at sun.misc.Unsafe.park(Native Method)
        at java.util.concurrent.locks.LockSupport.parkNanos(LockSupport.java:215)
        at java.util.concurrent.locks.AbstractQueuedSynchronizer$ConditionObject.awaitNanos(AbstractQueuedSynchronizer.java:2078)
        at java.util.concurrent.ScheduledThreadPoolExecutor$DelayedWorkQueue.take(ScheduledThreadPoolExecutor.java:1093)
        at java.util.concurrent.ScheduledThreadPoolExecutor$DelayedWorkQueue.take(ScheduledThreadPoolExecutor.java:809)
        at java.util.concurrent.ThreadPoolExecutor.getTask(ThreadPoolExecutor.java:1074)
        at java.util.concurrent.ThreadPoolExecutor.runWorker(ThreadPoolExecutor.java:1134)
        at java.util.concurrent.ThreadPoolExecutor$Worker.run(ThreadPoolExecutor.java:624)
        at java.lang.Thread.run(Thread.java:750)
"Datanode State Machine Task Thread - 0"  prio=5 tid=280 in Object.wait()
java.lang.Thread.State: WAITING (on object monitor)
        at sun.misc.Unsafe.park(Native Method)
        at java.util.concurrent.locks.LockSupport.park(LockSupport.java:175)
        at java.util.concurrent.locks.AbstractQueuedSynchronizer$ConditionObject.await(AbstractQueuedSynchronizer.java:2039)
        at java.util.concurrent.LinkedBlockingQueue.take(LinkedBlockingQueue.java:442)
        at java.util.concurrent.ThreadPoolExecutor.getTask(ThreadPoolExecutor.java:1074)
        at java.util.concurrent.ThreadPoolExecutor.runWorker(ThreadPoolExecutor.java:1134)
        at java.util.concurrent.ThreadPoolExecutor$Worker.run(ThreadPoolExecutor.java:624)
        at java.lang.Thread.run(Thread.java:750)
"Datanode ReportManager Thread - 4" daemon prio=5 tid=406 timed_waiting
java.lang.Thread.State: TIMED_WAITING
        at sun.misc.Unsafe.park(Native Method)
        at java.util.concurrent.locks.LockSupport.parkNanos(LockSupport.java:215)
        at java.util.concurrent.locks.AbstractQueuedSynchronizer$ConditionObject.awaitNanos(AbstractQueuedSynchronizer.java:2078)
        at java.util.concurrent.ScheduledThreadPoolExecutor$DelayedWorkQueue.take(ScheduledThreadPoolExecutor.java:1093)
        at java.util.concurrent.ScheduledThreadPoolExecutor$DelayedWorkQueue.take(ScheduledThreadPoolExecutor.java:809)
        at java.util.concurrent.ThreadPoolExecutor.getTask(ThreadPoolExecutor.java:1074)
        at java.util.concurrent.ThreadPoolExecutor.runWorker(ThreadPoolExecutor.java:1134)
        at java.util.concurrent.ThreadPoolExecutor$Worker.run(ThreadPoolExecutor.java:624)
        at java.lang.Thread.run(Thread.java:750)
"IPC Server handler 12 on default port 44149" daemon prio=5 tid=165 timed_waiting
java.lang.Thread.State: TIMED_WAITING
        at sun.misc.Unsafe.park(Native Method)
        at java.util.concurrent.locks.LockSupport.parkNanos(LockSupport.java:215)
        at java.util.concurrent.locks.AbstractQueuedSynchronizer$ConditionObject.awaitNanos(AbstractQueuedSynchronizer.java:2078)
        at java.util.concurrent.LinkedBlockingQueue.poll(LinkedBlockingQueue.java:467)
        at org.apache.hadoop.ipc.CallQueueManager.take(CallQueueManager.java:317)
        at org.apache.hadoop.ipc.Server$Handler.run(Server.java:2942)
"ChunkReader-7" daemon prio=5 tid=962 in Object.wait()
java.lang.Thread.State: WAITING (on object monitor)
        at sun.misc.Unsafe.park(Native Method)
        at java.util.concurrent.locks.LockSupport.park(LockSupport.java:175)
        at java.util.concurrent.locks.AbstractQueuedSynchronizer$ConditionObject.await(AbstractQueuedSynchronizer.java:2039)
        at java.util.concurrent.LinkedBlockingQueue.take(LinkedBlockingQueue.java:442)
        at java.util.concurrent.ThreadPoolExecutor.getTask(ThreadPoolExecutor.java:1074)
        at java.util.concurrent.ThreadPoolExecutor.runWorker(ThreadPoolExecutor.java:1134)
        at java.util.concurrent.ThreadPoolExecutor$Worker.run(ThreadPoolExecutor.java:624)
        at java.lang.Thread.run(Thread.java:750)
"StaleRecoveringContainerScrubbingService#0" daemon prio=5 tid=539 in Object.wait()
java.lang.Thread.State: WAITING (on object monitor)
        at sun.misc.Unsafe.park(Native Method)
        at java.util.concurrent.locks.LockSupport.park(LockSupport.java:175)
        at java.util.concurrent.locks.AbstractQueuedSynchronizer$ConditionObject.await(AbstractQueuedSynchronizer.java:2039)
        at java.util.concurrent.ScheduledThreadPoolExecutor$DelayedWorkQueue.take(ScheduledThreadPoolExecutor.java:1088)
        at java.util.concurrent.ScheduledThreadPoolExecutor$DelayedWorkQueue.take(ScheduledThreadPoolExecutor.java:809)
        at java.util.concurrent.ThreadPoolExecutor.getTask(ThreadPoolExecutor.java:1074)
        at java.util.concurrent.ThreadPoolExecutor.runWorker(ThreadPoolExecutor.java:1134)
        at java.util.concurrent.ThreadPoolExecutor$Worker.run(ThreadPoolExecutor.java:624)
        at java.lang.Thread.run(Thread.java:750)
"StaleRecoveringContainerScrubbingService#5" daemon prio=5 tid=942 in Object.wait()
java.lang.Thread.State: WAITING (on object monitor)
        at sun.misc.Unsafe.park(Native Method)
        at java.util.concurrent.locks.LockSupport.park(LockSupport.java:175)
        at java.util.concurrent.locks.AbstractQueuedSynchronizer$ConditionObject.await(AbstractQueuedSynchronizer.java:2039)
        at java.util.concurrent.ScheduledThreadPoolExecutor$DelayedWorkQueue.take(ScheduledThreadPoolExecutor.java:1088)
        at java.util.concurrent.ScheduledThreadPoolExecutor$DelayedWorkQueue.take(ScheduledThreadPoolExecutor.java:809)
        at java.util.concurrent.ThreadPoolExecutor.getTask(ThreadPoolExecutor.java:1074)
        at java.util.concurrent.ThreadPoolExecutor.runWorker(ThreadPoolExecutor.java:1134)
        at java.util.concurrent.ThreadPoolExecutor$Worker.run(ThreadPoolExecutor.java:624)
        at java.lang.Thread.run(Thread.java:750)
"BlockDeletingService#0" daemon prio=5 tid=359 timed_waiting
java.lang.Thread.State: TIMED_WAITING
        at sun.misc.Unsafe.park(Native Method)
        at java.util.concurrent.locks.LockSupport.parkNanos(LockSupport.java:215)
        at java.util.concurrent.locks.AbstractQueuedSynchronizer$ConditionObject.awaitNanos(AbstractQueuedSynchronizer.java:2078)
        at java.util.concurrent.ScheduledThreadPoolExecutor$DelayedWorkQueue.take(ScheduledThreadPoolExecutor.java:1093)
        at java.util.concurrent.ScheduledThreadPoolExecutor$DelayedWorkQueue.take(ScheduledThreadPoolExecutor.java:809)
        at java.util.concurrent.ThreadPoolExecutor.getTask(ThreadPoolExecutor.java:1074)
        at java.util.concurrent.ThreadPoolExecutor.runWorker(ThreadPoolExecutor.java:1134)
        at java.util.concurrent.ThreadPoolExecutor$Worker.run(ThreadPoolExecutor.java:624)
        at java.lang.Thread.run(Thread.java:750)
"qtp1712704558-190" daemon prio=5 tid=190 timed_waiting
java.lang.Thread.State: TIMED_WAITING
        at sun.misc.Unsafe.park(Native Method)
        at java.util.concurrent.locks.LockSupport.parkNanos(LockSupport.java:215)
        at java.util.concurrent.locks.AbstractQueuedSynchronizer$ConditionObject.awaitNanos(AbstractQueuedSynchronizer.java:2078)
        at org.eclipse.jetty.util.BlockingArrayQueue.poll(BlockingArrayQueue.java:382)
        at org.eclipse.jetty.util.thread.QueuedThreadPool$Runner.idleJobPoll(QueuedThreadPool.java:974)
        at org.eclipse.jetty.util.thread.QueuedThreadPool$Runner.run(QueuedThreadPool.java:1018)
        at java.lang.Thread.run(Thread.java:750)
"IPC Server handler 16 on default port 44149" daemon prio=5 tid=169 timed_waiting
java.lang.Thread.State: TIMED_WAITING
        at sun.misc.Unsafe.park(Native Method)
        at java.util.concurrent.locks.LockSupport.parkNanos(LockSupport.java:215)
        at java.util.concurrent.locks.AbstractQueuedSynchronizer$ConditionObject.awaitNanos(AbstractQueuedSynchronizer.java:2078)
        at java.util.concurrent.LinkedBlockingQueue.poll(LinkedBlockingQueue.java:467)
        at org.apache.hadoop.ipc.CallQueueManager.take(CallQueueManager.java:317)
        at org.apache.hadoop.ipc.Server$Handler.run(Server.java:2942)
"ChunkReader-1" daemon prio=5 tid=822 in Object.wait()
java.lang.Thread.State: WAITING (on object monitor)
        at sun.misc.Unsafe.park(Native Method)
        at java.util.concurrent.locks.LockSupport.park(LockSupport.java:175)
        at java.util.concurrent.locks.AbstractQueuedSynchronizer$ConditionObject.await(AbstractQueuedSynchronizer.java:2039)
        at java.util.concurrent.LinkedBlockingQueue.take(LinkedBlockingQueue.java:442)
        at java.util.concurrent.ThreadPoolExecutor.getTask(ThreadPoolExecutor.java:1074)
        at java.util.concurrent.ThreadPoolExecutor.runWorker(ThreadPoolExecutor.java:1134)
        at java.util.concurrent.ThreadPoolExecutor$Worker.run(ThreadPoolExecutor.java:624)
        at java.lang.Thread.run(Thread.java:750)
"qtp1888233184-322" daemon prio=5 tid=322 timed_waiting
java.lang.Thread.State: TIMED_WAITING
        at sun.misc.Unsafe.park(Native Method)
        at java.util.concurrent.locks.LockSupport.parkNanos(LockSupport.java:215)
        at java.util.concurrent.locks.AbstractQueuedSynchronizer$ConditionObject.awaitNanos(AbstractQueuedSynchronizer.java:2078)
        at org.eclipse.jetty.util.BlockingArrayQueue.poll(BlockingArrayQueue.java:382)
        at org.eclipse.jetty.util.thread.QueuedThreadPool$Runner.idleJobPoll(QueuedThreadPool.java:974)
        at org.eclipse.jetty.util.thread.QueuedThreadPool$Runner.run(QueuedThreadPool.java:1018)
        at java.lang.Thread.run(Thread.java:750)
"qtp11478005-460" daemon prio=5 tid=460 timed_waiting
java.lang.Thread.State: TIMED_WAITING
        at sun.misc.Unsafe.park(Native Method)
        at java.util.concurrent.locks.LockSupport.parkNanos(LockSupport.java:215)
        at java.util.concurrent.locks.AbstractQueuedSynchronizer$ConditionObject.awaitNanos(AbstractQueuedSynchronizer.java:2078)
        at org.eclipse.jetty.util.BlockingArrayQueue.poll(BlockingArrayQueue.java:382)
        at org.eclipse.jetty.util.thread.QueuedThreadPool$Runner.idleJobPoll(QueuedThreadPool.java:974)
        at org.eclipse.jetty.util.thread.QueuedThreadPool$Runner.run(QueuedThreadPool.java:1018)
        at java.lang.Thread.run(Thread.java:750)
"Timer for 'StorageContainerManager' metrics system" daemon prio=5 tid=45 timed_waiting
java.lang.Thread.State: TIMED_WAITING
        at java.lang.Object.wait(Native Method)
        at java.util.TimerThread.mainLoop(Timer.java:552)
        at java.util.TimerThread.run(Timer.java:505)
"cc93147f-bc2d-4803-9a7c-bfa6df100165-server-thread2" daemon prio=5 tid=800 timed_waiting
java.lang.Thread.State: TIMED_WAITING
        at sun.misc.Unsafe.park(Native Method)
        at java.util.concurrent.locks.LockSupport.parkNanos(LockSupport.java:215)
        at java.util.concurrent.SynchronousQueue$TransferStack.awaitFulfill(SynchronousQueue.java:460)
        at java.util.concurrent.SynchronousQueue$TransferStack.transfer(SynchronousQueue.java:362)
        at java.util.concurrent.SynchronousQueue.poll(SynchronousQueue.java:941)
        at java.util.concurrent.ThreadPoolExecutor.getTask(ThreadPoolExecutor.java:1073)
        at java.util.concurrent.ThreadPoolExecutor.runWorker(ThreadPoolExecutor.java:1134)
        at java.util.concurrent.ThreadPoolExecutor$Worker.run(ThreadPoolExecutor.java:624)
        at java.lang.Thread.run(Thread.java:750)
"3ddade9d-4289-4127-b7c4-830dd518ff0a@group-588BCD57A16A-StateMachineUpdater" daemon prio=5 tid=676 timed_waiting
java.lang.Thread.State: TIMED_WAITING
        at sun.misc.Unsafe.park(Native Method)
        at java.util.concurrent.locks.LockSupport.parkNanos(LockSupport.java:215)
        at java.util.concurrent.locks.AbstractQueuedSynchronizer$ConditionObject.await(AbstractQueuedSynchronizer.java:2163)
        at org.apache.ratis.util.AwaitForSignal.await(AwaitForSignal.java:62)
        at org.apache.ratis.server.impl.StateMachineUpdater.waitForCommit(StateMachineUpdater.java:207)
        at org.apache.ratis.server.impl.StateMachineUpdater.run(StateMachineUpdater.java:176)
        at java.lang.Thread.run(Thread.java:750)
"StaleRecoveringContainerScrubbingService#5" daemon prio=5 tid=944 in Object.wait()
java.lang.Thread.State: WAITING (on object monitor)
        at sun.misc.Unsafe.park(Native Method)
        at java.util.concurrent.locks.LockSupport.park(LockSupport.java:175)
        at java.util.concurrent.locks.AbstractQueuedSynchronizer$ConditionObject.await(AbstractQueuedSynchronizer.java:2039)
        at java.util.concurrent.ScheduledThreadPoolExecutor$DelayedWorkQueue.take(ScheduledThreadPoolExecutor.java:1088)
        at java.util.concurrent.ScheduledThreadPoolExecutor$DelayedWorkQueue.take(ScheduledThreadPoolExecutor.java:809)
        at java.util.concurrent.ThreadPoolExecutor.getTask(ThreadPoolExecutor.java:1074)
        at java.util.concurrent.ThreadPoolExecutor.runWorker(ThreadPoolExecutor.java:1134)
        at java.util.concurrent.ThreadPoolExecutor$Worker.run(ThreadPoolExecutor.java:624)
        at java.lang.Thread.run(Thread.java:750)
"EndpointStateMachine task thread for /0.0.0.0:42623 - 0 "  prio=5 tid=487 in Object.wait()
java.lang.Thread.State: WAITING (on object monitor)
        at sun.misc.Unsafe.park(Native Method)
        at java.util.concurrent.locks.LockSupport.park(LockSupport.java:175)
        at java.util.concurrent.locks.AbstractQueuedSynchronizer$ConditionObject.await(AbstractQueuedSynchronizer.java:2039)
        at java.util.concurrent.LinkedBlockingQueue.take(LinkedBlockingQueue.java:442)
        at java.util.concurrent.ThreadPoolExecutor.getTask(ThreadPoolExecutor.java:1074)
        at java.util.concurrent.ThreadPoolExecutor.runWorker(ThreadPoolExecutor.java:1134)
        at java.util.concurrent.ThreadPoolExecutor$Worker.run(ThreadPoolExecutor.java:624)
        at java.lang.Thread.run(Thread.java:750)
"Reference Handler" daemon prio=10 tid=2 in Object.wait()
java.lang.Thread.State: WAITING (on object monitor)
        at java.lang.Object.wait(Native Method)
        at java.lang.Object.wait(Object.java:502)
        at java.lang.ref.Reference.tryHandlePending(Reference.java:191)
        at java.lang.ref.Reference$ReferenceHandler.run(Reference.java:153)
"org.apache.hadoop.ozone.container.common.statemachine.commandhandler.DeleteBlocksCommandHandler$DeleteCmdWorker@2ed250fa" daemon prio=5 tid=287 timed_waiting
java.lang.Thread.State: TIMED_WAITING
        at java.lang.Thread.sleep(Native Method)
        at org.apache.hadoop.ozone.container.common.statemachine.commandhandler.DeleteBlocksCommandHandler$DeleteCmdWorker.run(DeleteBlocksCommandHandler.java:184)
        at java.lang.Thread.run(Thread.java:750)
"StaleRecoveringContainerScrubbingService#7" daemon prio=5 tid=1115 in Object.wait()
java.lang.Thread.State: WAITING (on object monitor)
        at sun.misc.Unsafe.park(Native Method)
        at java.util.concurrent.locks.LockSupport.park(LockSupport.java:175)
        at java.util.concurrent.locks.AbstractQueuedSynchronizer$ConditionObject.await(AbstractQueuedSynchronizer.java:2039)
        at java.util.concurrent.ScheduledThreadPoolExecutor$DelayedWorkQueue.take(ScheduledThreadPoolExecutor.java:1088)
        at java.util.concurrent.ScheduledThreadPoolExecutor$DelayedWorkQueue.take(ScheduledThreadPoolExecutor.java:809)
        at java.util.concurrent.ThreadPoolExecutor.getTask(ThreadPoolExecutor.java:1074)
        at java.util.concurrent.ThreadPoolExecutor.runWorker(ThreadPoolExecutor.java:1134)
        at java.util.concurrent.ThreadPoolExecutor$Worker.run(ThreadPoolExecutor.java:624)
        at java.lang.Thread.run(Thread.java:750)
"StaleRecoveringContainerScrubbingService#2" daemon prio=5 tid=749 timed_waiting
java.lang.Thread.State: TIMED_WAITING
        at sun.misc.Unsafe.park(Native Method)
        at java.util.concurrent.locks.LockSupport.parkNanos(LockSupport.java:215)
        at java.util.concurrent.locks.AbstractQueuedSynchronizer$ConditionObject.awaitNanos(AbstractQueuedSynchronizer.java:2078)
        at java.util.concurrent.ScheduledThreadPoolExecutor$DelayedWorkQueue.take(ScheduledThreadPoolExecutor.java:1093)
        at java.util.concurrent.ScheduledThreadPoolExecutor$DelayedWorkQueue.take(ScheduledThreadPoolExecutor.java:809)
        at java.util.concurrent.ThreadPoolExecutor.getTask(ThreadPoolExecutor.java:1074)
        at java.util.concurrent.ThreadPoolExecutor.runWorker(ThreadPoolExecutor.java:1134)
        at java.util.concurrent.ThreadPoolExecutor$Worker.run(ThreadPoolExecutor.java:624)
        at java.lang.Thread.run(Thread.java:750)
"IPC Server handler 7 on default port 45237" daemon prio=5 tid=73 timed_waiting
java.lang.Thread.State: TIMED_WAITING
        at sun.misc.Unsafe.park(Native Method)
        at java.util.concurrent.locks.LockSupport.parkNanos(LockSupport.java:215)
        at java.util.concurrent.locks.AbstractQueuedSynchronizer$ConditionObject.awaitNanos(AbstractQueuedSynchronizer.java:2078)
        at java.util.concurrent.LinkedBlockingQueue.poll(LinkedBlockingQueue.java:467)
        at org.apache.hadoop.ipc.CallQueueManager.take(CallQueueManager.java:317)
        at org.apache.hadoop.ipc.Server$Handler.run(Server.java:2942)
"IPC Server handler 13 on default port 38325" daemon prio=5 tid=59 timed_waiting
java.lang.Thread.State: TIMED_WAITING
        at sun.misc.Unsafe.park(Native Method)
        at java.util.concurrent.locks.LockSupport.parkNanos(LockSupport.java:215)
        at java.util.concurrent.locks.AbstractQueuedSynchronizer$ConditionObject.awaitNanos(AbstractQueuedSynchronizer.java:2078)
        at java.util.concurrent.LinkedBlockingQueue.poll(LinkedBlockingQueue.java:467)
        at org.apache.hadoop.ipc.CallQueueManager.take(CallQueueManager.java:317)
        at org.apache.hadoop.ipc.Server$Handler.run(Server.java:2942)
"IPC Server handler 18 on default port 44149" daemon prio=5 tid=171 timed_waiting
java.lang.Thread.State: TIMED_WAITING
        at sun.misc.Unsafe.park(Native Method)
        at java.util.concurrent.locks.LockSupport.parkNanos(LockSupport.java:215)
        at java.util.concurrent.locks.AbstractQueuedSynchronizer$ConditionObject.awaitNanos(AbstractQueuedSynchronizer.java:2078)
        at java.util.concurrent.LinkedBlockingQueue.poll(LinkedBlockingQueue.java:467)
        at org.apache.hadoop.ipc.CallQueueManager.take(CallQueueManager.java:317)
        at org.apache.hadoop.ipc.Server$Handler.run(Server.java:2942)
"OpenKeyCleanupService#0" daemon prio=5 tid=142 timed_waiting
java.lang.Thread.State: TIMED_WAITING
        at sun.misc.Unsafe.park(Native Method)
        at java.util.concurrent.locks.LockSupport.parkNanos(LockSupport.java:215)
        at java.util.concurrent.locks.AbstractQueuedSynchronizer$ConditionObject.awaitNanos(AbstractQueuedSynchronizer.java:2078)
        at java.util.concurrent.ScheduledThreadPoolExecutor$DelayedWorkQueue.take(ScheduledThreadPoolExecutor.java:1093)
        at java.util.concurrent.ScheduledThreadPoolExecutor$DelayedWorkQueue.take(ScheduledThreadPoolExecutor.java:809)
        at java.util.concurrent.ThreadPoolExecutor.getTask(ThreadPoolExecutor.java:1074)
        at java.util.concurrent.ThreadPoolExecutor.runWorker(ThreadPoolExecutor.java:1134)
        at java.util.concurrent.ThreadPoolExecutor$Worker.run(ThreadPoolExecutor.java:624)
        at java.lang.Thread.run(Thread.java:750)
"FixedThreadPoolWithAffinityExecutor-2-0" daemon prio=5 tid=37 timed_waiting
java.lang.Thread.State: TIMED_WAITING
        at sun.misc.Unsafe.park(Native Method)
        at java.util.concurrent.locks.LockSupport.parkNanos(LockSupport.java:215)
        at java.util.concurrent.locks.AbstractQueuedSynchronizer$ConditionObject.awaitNanos(AbstractQueuedSynchronizer.java:2078)
        at java.util.concurrent.LinkedBlockingQueue.poll(LinkedBlockingQueue.java:467)
        at org.apache.hadoop.hdds.scm.server.ContainerReportQueue.poll(ContainerReportQueue.java:266)
        at org.apache.hadoop.hdds.scm.server.ContainerReportQueue.poll(ContainerReportQueue.java:42)
        at org.apache.hadoop.hdds.server.events.FixedThreadPoolWithAffinityExecutor$ContainerReportProcessTask.run(FixedThreadPoolWithAffinityExecutor.java:248)
        at java.util.concurrent.Executors$RunnableAdapter.call(Executors.java:511)
        at java.util.concurrent.FutureTask.run(FutureTask.java:266)
        at java.util.concurrent.ThreadPoolExecutor.runWorker(ThreadPoolExecutor.java:1149)
        at java.util.concurrent.ThreadPoolExecutor$Worker.run(ThreadPoolExecutor.java:624)
        at java.lang.Thread.run(Thread.java:750)
"PartialTableCache Cleanup Thread - 0" daemon prio=5 tid=1087 in Object.wait()
java.lang.Thread.State: WAITING (on object monitor)
        at sun.misc.Unsafe.park(Native Method)
        at java.util.concurrent.locks.LockSupport.park(LockSupport.java:175)
        at java.util.concurrent.locks.AbstractQueuedSynchronizer$ConditionObject.await(AbstractQueuedSynchronizer.java:2039)
        at java.util.concurrent.LinkedBlockingQueue.take(LinkedBlockingQueue.java:442)
        at java.util.concurrent.ThreadPoolExecutor.getTask(ThreadPoolExecutor.java:1074)
        at java.util.concurrent.ThreadPoolExecutor.runWorker(ThreadPoolExecutor.java:1134)
        at java.util.concurrent.ThreadPoolExecutor$Worker.run(ThreadPoolExecutor.java:624)
        at java.lang.Thread.run(Thread.java:750)
"ChunkReader-1" daemon prio=5 tid=818 in Object.wait()
java.lang.Thread.State: WAITING (on object monitor)
        at sun.misc.Unsafe.park(Native Method)
        at java.util.concurrent.locks.LockSupport.park(LockSupport.java:175)
        at java.util.concurrent.locks.AbstractQueuedSynchronizer$ConditionObject.await(AbstractQueuedSynchronizer.java:2039)
        at java.util.concurrent.LinkedBlockingQueue.take(LinkedBlockingQueue.java:442)
        at java.util.concurrent.ThreadPoolExecutor.getTask(ThreadPoolExecutor.java:1074)
        at java.util.concurrent.ThreadPoolExecutor.runWorker(ThreadPoolExecutor.java:1134)
        at java.util.concurrent.ThreadPoolExecutor$Worker.run(ThreadPoolExecutor.java:624)
        at java.lang.Thread.run(Thread.java:750)
"IPC Server handler 7 on default port 44149" daemon prio=5 tid=160 timed_waiting
java.lang.Thread.State: TIMED_WAITING
        at sun.misc.Unsafe.park(Native Method)
        at java.util.concurrent.locks.LockSupport.parkNanos(LockSupport.java:215)
        at java.util.concurrent.locks.AbstractQueuedSynchronizer$ConditionObject.awaitNanos(AbstractQueuedSynchronizer.java:2078)
        at java.util.concurrent.LinkedBlockingQueue.poll(LinkedBlockingQueue.java:467)
        at org.apache.hadoop.ipc.CallQueueManager.take(CallQueueManager.java:317)
        at org.apache.hadoop.ipc.Server$Handler.run(Server.java:2942)
"BlockDeletingService#2" daemon prio=5 tid=1124 in Object.wait()
java.lang.Thread.State: WAITING (on object monitor)
        at sun.misc.Unsafe.park(Native Method)
        at java.util.concurrent.locks.LockSupport.park(LockSupport.java:175)
        at java.util.concurrent.locks.AbstractQueuedSynchronizer$ConditionObject.await(AbstractQueuedSynchronizer.java:2039)
        at java.util.concurrent.ScheduledThreadPoolExecutor$DelayedWorkQueue.take(ScheduledThreadPoolExecutor.java:1088)
        at java.util.concurrent.ScheduledThreadPoolExecutor$DelayedWorkQueue.take(ScheduledThreadPoolExecutor.java:809)
        at java.util.concurrent.ThreadPoolExecutor.getTask(ThreadPoolExecutor.java:1074)
        at java.util.concurrent.ThreadPoolExecutor.runWorker(ThreadPoolExecutor.java:1134)
        at java.util.concurrent.ThreadPoolExecutor$Worker.run(ThreadPoolExecutor.java:624)
        at java.lang.Thread.run(Thread.java:750)
"ChunkWriter-2-0" daemon prio=5 tid=533 in Object.wait()
java.lang.Thread.State: WAITING (on object monitor)
        at sun.misc.Unsafe.park(Native Method)
        at java.util.concurrent.locks.LockSupport.park(LockSupport.java:175)
        at java.util.concurrent.locks.AbstractQueuedSynchronizer$ConditionObject.await(AbstractQueuedSynchronizer.java:2039)
        at java.util.concurrent.LinkedBlockingDeque.takeFirst(LinkedBlockingDeque.java:492)
        at java.util.concurrent.LinkedBlockingDeque.take(LinkedBlockingDeque.java:680)
        at java.util.concurrent.ThreadPoolExecutor.getTask(ThreadPoolExecutor.java:1074)
        at java.util.concurrent.ThreadPoolExecutor.runWorker(ThreadPoolExecutor.java:1134)
        at java.util.concurrent.ThreadPoolExecutor$Worker.run(ThreadPoolExecutor.java:624)
        at java.lang.Thread.run(Thread.java:750)
"Session-HouseKeeper-2d9c1b93-1"  prio=5 tid=388 timed_waiting
java.lang.Thread.State: TIMED_WAITING
        at sun.misc.Unsafe.park(Native Method)
        at java.util.concurrent.locks.LockSupport.parkNanos(LockSupport.java:215)
        at java.util.concurrent.locks.AbstractQueuedSynchronizer$ConditionObject.awaitNanos(AbstractQueuedSynchronizer.java:2078)
        at java.util.concurrent.ScheduledThreadPoolExecutor$DelayedWorkQueue.take(ScheduledThreadPoolExecutor.java:1093)
        at java.util.concurrent.ScheduledThreadPoolExecutor$DelayedWorkQueue.take(ScheduledThreadPoolExecutor.java:809)
        at java.util.concurrent.ThreadPoolExecutor.getTask(ThreadPoolExecutor.java:1074)
        at java.util.concurrent.ThreadPoolExecutor.runWorker(ThreadPoolExecutor.java:1134)
        at java.util.concurrent.ThreadPoolExecutor$Worker.run(ThreadPoolExecutor.java:624)
        at java.lang.Thread.run(Thread.java:750)
"Session-HouseKeeper-6113d713-1"  prio=5 tid=297 timed_waiting
java.lang.Thread.State: TIMED_WAITING
        at sun.misc.Unsafe.park(Native Method)
        at java.util.concurrent.locks.LockSupport.parkNanos(LockSupport.java:215)
        at java.util.concurrent.locks.AbstractQueuedSynchronizer$ConditionObject.awaitNanos(AbstractQueuedSynchronizer.java:2078)
        at java.util.concurrent.ScheduledThreadPoolExecutor$DelayedWorkQueue.take(ScheduledThreadPoolExecutor.java:1093)
        at java.util.concurrent.ScheduledThreadPoolExecutor$DelayedWorkQueue.take(ScheduledThreadPoolExecutor.java:809)
        at java.util.concurrent.ThreadPoolExecutor.getTask(ThreadPoolExecutor.java:1074)
        at java.util.concurrent.ThreadPoolExecutor.runWorker(ThreadPoolExecutor.java:1134)
        at java.util.concurrent.ThreadPoolExecutor$Worker.run(ThreadPoolExecutor.java:624)
        at java.lang.Thread.run(Thread.java:750)
"StaleRecoveringContainerScrubbingService#0" daemon prio=5 tid=550 in Object.wait()
java.lang.Thread.State: WAITING (on object monitor)
        at sun.misc.Unsafe.park(Native Method)
        at java.util.concurrent.locks.LockSupport.park(LockSupport.java:175)
        at java.util.concurrent.locks.AbstractQueuedSynchronizer$ConditionObject.await(AbstractQueuedSynchronizer.java:2039)
        at java.util.concurrent.ScheduledThreadPoolExecutor$DelayedWorkQueue.take(ScheduledThreadPoolExecutor.java:1088)
        at java.util.concurrent.ScheduledThreadPoolExecutor$DelayedWorkQueue.take(ScheduledThreadPoolExecutor.java:809)
        at java.util.concurrent.ThreadPoolExecutor.getTask(ThreadPoolExecutor.java:1074)
        at java.util.concurrent.ThreadPoolExecutor.runWorker(ThreadPoolExecutor.java:1134)
        at java.util.concurrent.ThreadPoolExecutor$Worker.run(ThreadPoolExecutor.java:624)
        at java.lang.Thread.run(Thread.java:750)
"ChunkWriter-0-0" daemon prio=5 tid=488 in Object.wait()
java.lang.Thread.State: WAITING (on object monitor)
        at sun.misc.Unsafe.park(Native Method)
        at java.util.concurrent.locks.LockSupport.park(LockSupport.java:175)
        at java.util.concurrent.locks.AbstractQueuedSynchronizer$ConditionObject.await(AbstractQueuedSynchronizer.java:2039)
        at java.util.concurrent.LinkedBlockingDeque.takeFirst(LinkedBlockingDeque.java:492)
        at java.util.concurrent.LinkedBlockingDeque.take(LinkedBlockingDeque.java:680)
        at java.util.concurrent.ThreadPoolExecutor.getTask(ThreadPoolExecutor.java:1074)
        at java.util.concurrent.ThreadPoolExecutor.runWorker(ThreadPoolExecutor.java:1134)
        at java.util.concurrent.ThreadPoolExecutor$Worker.run(ThreadPoolExecutor.java:624)
        at java.lang.Thread.run(Thread.java:750)
"Datanode State Machine Daemon Thread" daemon prio=5 tid=192 timed_waiting
java.lang.Thread.State: TIMED_WAITING
        at java.lang.Thread.sleep(Native Method)
        at org.apache.hadoop.ozone.container.common.statemachine.DatanodeStateMachine.startStateMachineThread(DatanodeStateMachine.java:321)
        at org.apache.hadoop.ozone.container.common.statemachine.DatanodeStateMachine.lambda$startDaemon$0(DatanodeStateMachine.java:506)
        at org.apache.hadoop.ozone.container.common.statemachine.DatanodeStateMachine$$Lambda$753/1831975653.run(Unknown Source)
        at java.lang.Thread.run(Thread.java:750)
"ChunkWriter-3-0" daemon prio=5 tid=491 in Object.wait()
java.lang.Thread.State: WAITING (on object monitor)
        at sun.misc.Unsafe.park(Native Method)
        at java.util.concurrent.locks.LockSupport.park(LockSupport.java:175)
        at java.util.concurrent.locks.AbstractQueuedSynchronizer$ConditionObject.await(AbstractQueuedSynchronizer.java:2039)
        at java.util.concurrent.LinkedBlockingDeque.takeFirst(LinkedBlockingDeque.java:492)
        at java.util.concurrent.LinkedBlockingDeque.take(LinkedBlockingDeque.java:680)
        at java.util.concurrent.ThreadPoolExecutor.getTask(ThreadPoolExecutor.java:1074)
        at java.util.concurrent.ThreadPoolExecutor.runWorker(ThreadPoolExecutor.java:1134)
        at java.util.concurrent.ThreadPoolExecutor$Worker.run(ThreadPoolExecutor.java:624)
        at java.lang.Thread.run(Thread.java:750)
"IPC Server handler 9 on default port 42623" daemon prio=5 tid=95 timed_waiting
java.lang.Thread.State: TIMED_WAITING
        at sun.misc.Unsafe.park(Native Method)
        at java.util.concurrent.locks.LockSupport.parkNanos(LockSupport.java:215)
        at java.util.concurrent.locks.AbstractQueuedSynchronizer$ConditionObject.awaitNanos(AbstractQueuedSynchronizer.java:2078)
        at java.util.concurrent.LinkedBlockingQueue.poll(LinkedBlockingQueue.java:467)
        at org.apache.hadoop.ipc.CallQueueManager.take(CallQueueManager.java:317)
        at org.apache.hadoop.ipc.Server$Handler.run(Server.java:2942)
"IPC Server handler 9 on default port 44149" daemon prio=5 tid=162 timed_waiting
java.lang.Thread.State: TIMED_WAITING
        at sun.misc.Unsafe.park(Native Method)
        at java.util.concurrent.locks.LockSupport.parkNanos(LockSupport.java:215)
        at java.util.concurrent.locks.AbstractQueuedSynchronizer$ConditionObject.awaitNanos(AbstractQueuedSynchronizer.java:2078)
        at java.util.concurrent.LinkedBlockingQueue.poll(LinkedBlockingQueue.java:467)
        at org.apache.hadoop.ipc.CallQueueManager.take(CallQueueManager.java:317)
        at org.apache.hadoop.ipc.Server$Handler.run(Server.java:2942)
"IPC Server handler 7 on default port 42623" daemon prio=5 tid=93 timed_waiting
java.lang.Thread.State: TIMED_WAITING
        at sun.misc.Unsafe.park(Native Method)
        at java.util.concurrent.locks.LockSupport.parkNanos(LockSupport.java:215)
        at java.util.concurrent.locks.AbstractQueuedSynchronizer$ConditionObject.awaitNanos(AbstractQueuedSynchronizer.java:2078)
        at java.util.concurrent.LinkedBlockingQueue.poll(LinkedBlockingQueue.java:467)
        at org.apache.hadoop.ipc.CallQueueManager.take(CallQueueManager.java:317)
        at org.apache.hadoop.ipc.Server$Handler.run(Server.java:2942)
"3ddade9d-4289-4127-b7c4-830dd518ff0a@group-99BD4D3A3F73->2497daeb-967d-49ad-8f28-1297e8c4c732-GrpcLogAppender-LogAppenderDaemon" daemon prio=5 tid=909 timed_waiting
java.lang.Thread.State: TIMED_WAITING
        at sun.misc.Unsafe.park(Native Method)
        at java.util.concurrent.locks.LockSupport.parkNanos(LockSupport.java:215)
        at java.util.concurrent.locks.AbstractQueuedSynchronizer$ConditionObject.await(AbstractQueuedSynchronizer.java:2163)
        at org.apache.ratis.util.AwaitForSignal.await(AwaitForSignal.java:62)
        at org.apache.ratis.grpc.server.GrpcLogAppender.mayWait(GrpcLogAppender.java:198)
        at org.apache.ratis.grpc.server.GrpcLogAppender.run(GrpcLogAppender.java:148)
        at org.apache.ratis.server.leader.LogAppenderDaemon.run(LogAppenderDaemon.java:78)
        at org.apache.ratis.server.leader.LogAppenderDaemon$$Lambda$1043/1492857369.run(Unknown Source)
        at java.lang.Thread.run(Thread.java:750)
"pool-263-thread-1"  prio=5 tid=661 in Object.wait()
java.lang.Thread.State: WAITING (on object monitor)
        at sun.misc.Unsafe.park(Native Method)
        at java.util.concurrent.locks.LockSupport.park(LockSupport.java:175)
        at java.util.concurrent.locks.AbstractQueuedSynchronizer$ConditionObject.await(AbstractQueuedSynchronizer.java:2039)
        at java.util.concurrent.LinkedBlockingQueue.take(LinkedBlockingQueue.java:442)
        at java.util.concurrent.ThreadPoolExecutor.getTask(ThreadPoolExecutor.java:1074)
        at java.util.concurrent.ThreadPoolExecutor.runWorker(ThreadPoolExecutor.java:1134)
        at java.util.concurrent.ThreadPoolExecutor$Worker.run(ThreadPoolExecutor.java:624)
        at java.lang.Thread.run(Thread.java:750)
"7726e7f5-b74c-4e4a-9680-a65a67c105af@group-E388FC27C872-StateMachineUpdater" daemon prio=5 tid=656 timed_waiting
java.lang.Thread.State: TIMED_WAITING
        at sun.misc.Unsafe.park(Native Method)
        at java.util.concurrent.locks.LockSupport.parkNanos(LockSupport.java:215)
        at java.util.concurrent.locks.AbstractQueuedSynchronizer$ConditionObject.await(AbstractQueuedSynchronizer.java:2163)
        at org.apache.ratis.util.AwaitForSignal.await(AwaitForSignal.java:62)
        at org.apache.ratis.server.impl.StateMachineUpdater.waitForCommit(StateMachineUpdater.java:207)
        at org.apache.ratis.server.impl.StateMachineUpdater.run(StateMachineUpdater.java:176)
        at java.lang.Thread.run(Thread.java:750)
"StaleRecoveringContainerScrubbingService#5" daemon prio=5 tid=941 in Object.wait()
java.lang.Thread.State: WAITING (on object monitor)
        at sun.misc.Unsafe.park(Native Method)
        at java.util.concurrent.locks.LockSupport.park(LockSupport.java:175)
        at java.util.concurrent.locks.AbstractQueuedSynchronizer$ConditionObject.await(AbstractQueuedSynchronizer.java:2039)
        at java.util.concurrent.ScheduledThreadPoolExecutor$DelayedWorkQueue.take(ScheduledThreadPoolExecutor.java:1088)
        at java.util.concurrent.ScheduledThreadPoolExecutor$DelayedWorkQueue.take(ScheduledThreadPoolExecutor.java:809)
        at java.util.concurrent.ThreadPoolExecutor.getTask(ThreadPoolExecutor.java:1074)
        at java.util.concurrent.ThreadPoolExecutor.runWorker(ThreadPoolExecutor.java:1134)
        at java.util.concurrent.ThreadPoolExecutor$Worker.run(ThreadPoolExecutor.java:624)
        at java.lang.Thread.run(Thread.java:750)
"Datanode ReportManager Thread - 1" daemon prio=5 tid=403 in Object.wait()
java.lang.Thread.State: WAITING (on object monitor)
        at sun.misc.Unsafe.park(Native Method)
        at java.util.concurrent.locks.LockSupport.park(LockSupport.java:175)
        at java.util.concurrent.locks.AbstractQueuedSynchronizer$ConditionObject.await(AbstractQueuedSynchronizer.java:2039)
        at java.util.concurrent.ScheduledThreadPoolExecutor$DelayedWorkQueue.take(ScheduledThreadPoolExecutor.java:1088)
        at java.util.concurrent.ScheduledThreadPoolExecutor$DelayedWorkQueue.take(ScheduledThreadPoolExecutor.java:809)
        at java.util.concurrent.ThreadPoolExecutor.getTask(ThreadPoolExecutor.java:1074)
        at java.util.concurrent.ThreadPoolExecutor.runWorker(ThreadPoolExecutor.java:1134)
        at java.util.concurrent.ThreadPoolExecutor$Worker.run(ThreadPoolExecutor.java:624)
        at java.lang.Thread.run(Thread.java:750)
"IPC Server handler 12 on default port 38325" daemon prio=5 tid=58 timed_waiting
java.lang.Thread.State: TIMED_WAITING
        at sun.misc.Unsafe.park(Native Method)
        at java.util.concurrent.locks.LockSupport.parkNanos(LockSupport.java:215)
        at java.util.concurrent.locks.AbstractQueuedSynchronizer$ConditionObject.awaitNanos(AbstractQueuedSynchronizer.java:2078)
        at java.util.concurrent.LinkedBlockingQueue.poll(LinkedBlockingQueue.java:467)
        at org.apache.hadoop.ipc.CallQueueManager.take(CallQueueManager.java:317)
        at org.apache.hadoop.ipc.Server$Handler.run(Server.java:2942)
"ChunkReader-5" daemon prio=5 tid=959 in Object.wait()
java.lang.Thread.State: WAITING (on object monitor)
        at sun.misc.Unsafe.park(Native Method)
        at java.util.concurrent.locks.LockSupport.park(LockSupport.java:175)
        at java.util.concurrent.locks.AbstractQueuedSynchronizer$ConditionObject.await(AbstractQueuedSynchronizer.java:2039)
        at java.util.concurrent.LinkedBlockingQueue.take(LinkedBlockingQueue.java:442)
        at java.util.concurrent.ThreadPoolExecutor.getTask(ThreadPoolExecutor.java:1074)
        at java.util.concurrent.ThreadPoolExecutor.runWorker(ThreadPoolExecutor.java:1134)
        at java.util.concurrent.ThreadPoolExecutor$Worker.run(ThreadPoolExecutor.java:624)
        at java.lang.Thread.run(Thread.java:750)
"IPC Server handler 5 on default port 42623" daemon prio=5 tid=91 timed_waiting
java.lang.Thread.State: TIMED_WAITING
        at sun.misc.Unsafe.park(Native Method)
        at java.util.concurrent.locks.LockSupport.parkNanos(LockSupport.java:215)
        at java.util.concurrent.locks.AbstractQueuedSynchronizer$ConditionObject.awaitNanos(AbstractQueuedSynchronizer.java:2078)
        at java.util.concurrent.LinkedBlockingQueue.poll(LinkedBlockingQueue.java:467)
        at org.apache.hadoop.ipc.CallQueueManager.take(CallQueueManager.java:317)
        at org.apache.hadoop.ipc.Server$Handler.run(Server.java:2942)
"qtp11478005-463" daemon prio=5 tid=463 timed_waiting
java.lang.Thread.State: TIMED_WAITING
        at sun.misc.Unsafe.park(Native Method)
        at java.util.concurrent.locks.LockSupport.parkNanos(LockSupport.java:215)
        at java.util.concurrent.locks.AbstractQueuedSynchronizer$ConditionObject.awaitNanos(AbstractQueuedSynchronizer.java:2078)
        at org.eclipse.jetty.util.BlockingArrayQueue.poll(BlockingArrayQueue.java:382)
        at org.eclipse.jetty.util.thread.QueuedThreadPool$Runner.idleJobPoll(QueuedThreadPool.java:974)
        at org.eclipse.jetty.util.thread.QueuedThreadPool$Runner.run(QueuedThreadPool.java:1018)
        at java.lang.Thread.run(Thread.java:750)
"Command processor thread" daemon prio=5 tid=369 timed_waiting
java.lang.Thread.State: TIMED_WAITING
        at java.lang.Thread.sleep(Native Method)
        at org.apache.hadoop.ozone.container.common.statemachine.DatanodeStateMachine.lambda$initCommandHandlerThread$3(DatanodeStateMachine.java:641)
        at org.apache.hadoop.ozone.container.common.statemachine.DatanodeStateMachine$$Lambda$755/1195612276.run(Unknown Source)
        at java.lang.Thread.run(Thread.java:750)
"ChunkReader-5" daemon prio=5 tid=953 in Object.wait()
java.lang.Thread.State: WAITING (on object monitor)
        at sun.misc.Unsafe.park(Native Method)
        at java.util.concurrent.locks.LockSupport.park(LockSupport.java:175)
        at java.util.concurrent.locks.AbstractQueuedSynchronizer$ConditionObject.await(AbstractQueuedSynchronizer.java:2039)
        at java.util.concurrent.LinkedBlockingQueue.take(LinkedBlockingQueue.java:442)
        at java.util.concurrent.ThreadPoolExecutor.getTask(ThreadPoolExecutor.java:1074)
        at java.util.concurrent.ThreadPoolExecutor.runWorker(ThreadPoolExecutor.java:1134)
        at java.util.concurrent.ThreadPoolExecutor$Worker.run(ThreadPoolExecutor.java:624)
        at java.lang.Thread.run(Thread.java:750)
"StaleRecoveringContainerScrubbingService#4" daemon prio=5 tid=931 in Object.wait()
java.lang.Thread.State: WAITING (on object monitor)
        at sun.misc.Unsafe.park(Native Method)
        at java.util.concurrent.locks.LockSupport.park(LockSupport.java:175)
        at java.util.concurrent.locks.AbstractQueuedSynchronizer$ConditionObject.await(AbstractQueuedSynchronizer.java:2039)
        at java.util.concurrent.ScheduledThreadPoolExecutor$DelayedWorkQueue.take(ScheduledThreadPoolExecutor.java:1088)
        at java.util.concurrent.ScheduledThreadPoolExecutor$DelayedWorkQueue.take(ScheduledThreadPoolExecutor.java:809)
        at java.util.concurrent.ThreadPoolExecutor.getTask(ThreadPoolExecutor.java:1074)
        at java.util.concurrent.ThreadPoolExecutor.runWorker(ThreadPoolExecutor.java:1134)
        at java.util.concurrent.ThreadPoolExecutor$Worker.run(ThreadPoolExecutor.java:624)
        at java.lang.Thread.run(Thread.java:750)
"Timer-0"  prio=5 tid=139 timed_waiting
java.lang.Thread.State: TIMED_WAITING
        at java.lang.Object.wait(Native Method)
        at java.util.TimerThread.mainLoop(Timer.java:552)
        at java.util.TimerThread.run(Timer.java:505)
"StaleRecoveringContainerScrubbingService#5" daemon prio=5 tid=938 timed_waiting
java.lang.Thread.State: TIMED_WAITING
        at sun.misc.Unsafe.park(Native Method)
        at java.util.concurrent.locks.LockSupport.parkNanos(LockSupport.java:215)
        at java.util.concurrent.locks.AbstractQueuedSynchronizer$ConditionObject.awaitNanos(AbstractQueuedSynchronizer.java:2078)
        at java.util.concurrent.ScheduledThreadPoolExecutor$DelayedWorkQueue.take(ScheduledThreadPoolExecutor.java:1093)
        at java.util.concurrent.ScheduledThreadPoolExecutor$DelayedWorkQueue.take(ScheduledThreadPoolExecutor.java:809)
        at java.util.concurrent.ThreadPoolExecutor.getTask(ThreadPoolExecutor.java:1074)
        at java.util.concurrent.ThreadPoolExecutor.runWorker(ThreadPoolExecutor.java:1134)
        at java.util.concurrent.ThreadPoolExecutor$Worker.run(ThreadPoolExecutor.java:624)
        at java.lang.Thread.run(Thread.java:750)
"2497daeb-967d-49ad-8f28-1297e8c4c732-server-thread1" daemon prio=5 tid=851 timed_waiting
java.lang.Thread.State: TIMED_WAITING
        at sun.misc.Unsafe.park(Native Method)
        at java.util.concurrent.locks.LockSupport.parkNanos(LockSupport.java:215)
        at java.util.concurrent.SynchronousQueue$TransferStack.awaitFulfill(SynchronousQueue.java:460)
        at java.util.concurrent.SynchronousQueue$TransferStack.transfer(SynchronousQueue.java:362)
        at java.util.concurrent.SynchronousQueue.poll(SynchronousQueue.java:941)
        at java.util.concurrent.ThreadPoolExecutor.getTask(ThreadPoolExecutor.java:1073)
        at java.util.concurrent.ThreadPoolExecutor.runWorker(ThreadPoolExecutor.java:1134)
        at java.util.concurrent.ThreadPoolExecutor$Worker.run(ThreadPoolExecutor.java:624)
        at java.lang.Thread.run(Thread.java:750)
"Datanode State Machine Task Thread - 1"  prio=5 tid=389 in Object.wait()
java.lang.Thread.State: WAITING (on object monitor)
        at sun.misc.Unsafe.park(Native Method)
        at java.util.concurrent.locks.LockSupport.park(LockSupport.java:175)
        at java.util.concurrent.locks.AbstractQueuedSynchronizer$ConditionObject.await(AbstractQueuedSynchronizer.java:2039)
        at java.util.concurrent.LinkedBlockingQueue.take(LinkedBlockingQueue.java:442)
        at java.util.concurrent.ThreadPoolExecutor.getTask(ThreadPoolExecutor.java:1074)
        at java.util.concurrent.ThreadPoolExecutor.runWorker(ThreadPoolExecutor.java:1134)
        at java.util.concurrent.ThreadPoolExecutor$Worker.run(ThreadPoolExecutor.java:624)
        at java.lang.Thread.run(Thread.java:750)
"qtp11478005-458" daemon prio=5 tid=458 timed_waiting
java.lang.Thread.State: TIMED_WAITING
        at sun.misc.Unsafe.park(Native Method)
        at java.util.concurrent.locks.LockSupport.parkNanos(LockSupport.java:215)
        at java.util.concurrent.locks.AbstractQueuedSynchronizer$ConditionObject.awaitNanos(AbstractQueuedSynchronizer.java:2078)
        at org.eclipse.jetty.util.BlockingArrayQueue.poll(BlockingArrayQueue.java:382)
        at org.eclipse.jetty.util.thread.QueuedThreadPool$Runner.idleJobPoll(QueuedThreadPool.java:974)
        at org.eclipse.jetty.util.thread.QueuedThreadPool$Runner.run(QueuedThreadPool.java:1018)
        at java.lang.Thread.run(Thread.java:750)
"FixedThreadPoolWithAffinityExecutor-7-0" daemon prio=5 tid=42 timed_waiting
java.lang.Thread.State: TIMED_WAITING
        at sun.misc.Unsafe.park(Native Method)
        at java.util.concurrent.locks.LockSupport.parkNanos(LockSupport.java:215)
        at java.util.concurrent.locks.AbstractQueuedSynchronizer$ConditionObject.awaitNanos(AbstractQueuedSynchronizer.java:2078)
        at java.util.concurrent.LinkedBlockingQueue.poll(LinkedBlockingQueue.java:467)
        at org.apache.hadoop.hdds.scm.server.ContainerReportQueue.poll(ContainerReportQueue.java:266)
        at org.apache.hadoop.hdds.scm.server.ContainerReportQueue.poll(ContainerReportQueue.java:42)
        at org.apache.hadoop.hdds.server.events.FixedThreadPoolWithAffinityExecutor$ContainerReportProcessTask.run(FixedThreadPoolWithAffinityExecutor.java:248)
        at java.util.concurrent.Executors$RunnableAdapter.call(Executors.java:511)
        at java.util.concurrent.FutureTask.run(FutureTask.java:266)
        at java.util.concurrent.ThreadPoolExecutor.runWorker(ThreadPoolExecutor.java:1149)
        at java.util.concurrent.ThreadPoolExecutor$Worker.run(ThreadPoolExecutor.java:624)
        at java.lang.Thread.run(Thread.java:750)
"2497daeb-967d-49ad-8f28-1297e8c4c732@group-E388FC27C872-FollowerState" daemon prio=5 tid=848 timed_waiting
java.lang.Thread.State: TIMED_WAITING
        at java.lang.Thread.sleep(Native Method)
        at java.lang.Thread.sleep(Thread.java:342)
        at java.util.concurrent.TimeUnit.sleep(TimeUnit.java:386)
        at org.apache.ratis.util.TimeDuration.sleep(TimeDuration.java:325)
        at org.apache.ratis.util.TimeDuration.sleep(TimeDuration.java:310)
        at org.apache.ratis.server.impl.FollowerState.run(FollowerState.java:128)
"IPC Server handler 3 on default port 44149" daemon prio=5 tid=156 timed_waiting
java.lang.Thread.State: TIMED_WAITING
        at sun.misc.Unsafe.park(Native Method)
        at java.util.concurrent.locks.LockSupport.parkNanos(LockSupport.java:215)
        at java.util.concurrent.locks.AbstractQueuedSynchronizer$ConditionObject.awaitNanos(AbstractQueuedSynchronizer.java:2078)
        at java.util.concurrent.LinkedBlockingQueue.poll(LinkedBlockingQueue.java:467)
        at org.apache.hadoop.ipc.CallQueueManager.take(CallQueueManager.java:317)
        at org.apache.hadoop.ipc.Server$Handler.run(Server.java:2942)
"qtp1888233184-321" daemon prio=5 tid=321 timed_waiting
java.lang.Thread.State: TIMED_WAITING
        at sun.misc.Unsafe.park(Native Method)
        at java.util.concurrent.locks.LockSupport.parkNanos(LockSupport.java:215)
        at java.util.concurrent.locks.AbstractQueuedSynchronizer$ConditionObject.awaitNanos(AbstractQueuedSynchronizer.java:2078)
        at org.eclipse.jetty.util.BlockingArrayQueue.poll(BlockingArrayQueue.java:382)
        at org.eclipse.jetty.util.thread.QueuedThreadPool$Runner.idleJobPoll(QueuedThreadPool.java:974)
        at org.eclipse.jetty.util.thread.QueuedThreadPool$Runner.run(QueuedThreadPool.java:1018)
        at java.lang.Thread.run(Thread.java:750)
"IPC Server handler 17 on default port 45237" daemon prio=5 tid=83 timed_waiting
java.lang.Thread.State: TIMED_WAITING
        at sun.misc.Unsafe.park(Native Method)
        at java.util.concurrent.locks.LockSupport.parkNanos(LockSupport.java:215)
        at java.util.concurrent.locks.AbstractQueuedSynchronizer$ConditionObject.awaitNanos(AbstractQueuedSynchronizer.java:2078)
        at java.util.concurrent.LinkedBlockingQueue.poll(LinkedBlockingQueue.java:467)
        at org.apache.hadoop.ipc.CallQueueManager.take(CallQueueManager.java:317)
        at org.apache.hadoop.ipc.Server$Handler.run(Server.java:2942)
"StaleRecoveringContainerScrubbingService#9" daemon prio=5 tid=1143 in Object.wait()
java.lang.Thread.State: WAITING (on object monitor)
        at sun.misc.Unsafe.park(Native Method)
        at java.util.concurrent.locks.LockSupport.park(LockSupport.java:175)
        at java.util.concurrent.locks.AbstractQueuedSynchronizer$ConditionObject.await(AbstractQueuedSynchronizer.java:2039)
        at java.util.concurrent.ScheduledThreadPoolExecutor$DelayedWorkQueue.take(ScheduledThreadPoolExecutor.java:1088)
        at java.util.concurrent.ScheduledThreadPoolExecutor$DelayedWorkQueue.take(ScheduledThreadPoolExecutor.java:809)
        at java.util.concurrent.ThreadPoolExecutor.getTask(ThreadPoolExecutor.java:1074)
        at java.util.concurrent.ThreadPoolExecutor.runWorker(ThreadPoolExecutor.java:1134)
        at java.util.concurrent.ThreadPoolExecutor$Worker.run(ThreadPoolExecutor.java:624)
        at java.lang.Thread.run(Thread.java:750)
"ChunkReader-5" daemon prio=5 tid=950 in Object.wait()
java.lang.Thread.State: WAITING (on object monitor)
        at sun.misc.Unsafe.park(Native Method)
        at java.util.concurrent.locks.LockSupport.park(LockSupport.java:175)
        at java.util.concurrent.locks.AbstractQueuedSynchronizer$ConditionObject.await(AbstractQueuedSynchronizer.java:2039)
        at java.util.concurrent.LinkedBlockingQueue.take(LinkedBlockingQueue.java:442)
        at java.util.concurrent.ThreadPoolExecutor.getTask(ThreadPoolExecutor.java:1074)
        at java.util.concurrent.ThreadPoolExecutor.runWorker(ThreadPoolExecutor.java:1134)
        at java.util.concurrent.ThreadPoolExecutor$Worker.run(ThreadPoolExecutor.java:624)
        at java.lang.Thread.run(Thread.java:750)
"qtp11478005-459" daemon prio=5 tid=459 timed_waiting
java.lang.Thread.State: TIMED_WAITING
        at sun.misc.Unsafe.park(Native Method)
        at java.util.concurrent.locks.LockSupport.parkNanos(LockSupport.java:215)
        at java.util.concurrent.locks.AbstractQueuedSynchronizer$ConditionObject.awaitNanos(AbstractQueuedSynchronizer.java:2078)
        at org.eclipse.jetty.util.BlockingArrayQueue.poll(BlockingArrayQueue.java:382)
        at org.eclipse.jetty.util.thread.QueuedThreadPool$Runner.idleJobPoll(QueuedThreadPool.java:974)
        at org.eclipse.jetty.util.thread.QueuedThreadPool$Runner.run(QueuedThreadPool.java:1018)
        at java.lang.Thread.run(Thread.java:750)
"831a834c-0d76-4477-9113-3f6aa01da917-server-thread2" daemon prio=5 tid=897 timed_waiting
java.lang.Thread.State: TIMED_WAITING
        at sun.misc.Unsafe.park(Native Method)
        at java.util.concurrent.locks.LockSupport.parkNanos(LockSupport.java:215)
        at java.util.concurrent.SynchronousQueue$TransferStack.awaitFulfill(SynchronousQueue.java:460)
        at java.util.concurrent.SynchronousQueue$TransferStack.transfer(SynchronousQueue.java:362)
        at java.util.concurrent.SynchronousQueue.poll(SynchronousQueue.java:941)
        at java.util.concurrent.ThreadPoolExecutor.getTask(ThreadPoolExecutor.java:1073)
        at java.util.concurrent.ThreadPoolExecutor.runWorker(ThreadPoolExecutor.java:1134)
        at java.util.concurrent.ThreadPoolExecutor$Worker.run(ThreadPoolExecutor.java:624)
        at java.lang.Thread.run(Thread.java:750)
"ChunkWriter-1-0" daemon prio=5 tid=501 in Object.wait()
java.lang.Thread.State: WAITING (on object monitor)
        at sun.misc.Unsafe.park(Native Method)
        at java.util.concurrent.locks.LockSupport.park(LockSupport.java:175)
        at java.util.concurrent.locks.AbstractQueuedSynchronizer$ConditionObject.await(AbstractQueuedSynchronizer.java:2039)
        at java.util.concurrent.LinkedBlockingDeque.takeFirst(LinkedBlockingDeque.java:492)
        at java.util.concurrent.LinkedBlockingDeque.take(LinkedBlockingDeque.java:680)
        at java.util.concurrent.ThreadPoolExecutor.getTask(ThreadPoolExecutor.java:1074)
        at java.util.concurrent.ThreadPoolExecutor.runWorker(ThreadPoolExecutor.java:1134)
        at java.util.concurrent.ThreadPoolExecutor$Worker.run(ThreadPoolExecutor.java:624)
        at java.lang.Thread.run(Thread.java:750)
"831a834c-0d76-4477-9113-3f6aa01da917@group-8751AA67DF99-LeaderStateImpl" daemon prio=5 tid=788 timed_waiting
java.lang.Thread.State: TIMED_WAITING
        at sun.misc.Unsafe.park(Native Method)
        at java.util.concurrent.locks.LockSupport.parkNanos(LockSupport.java:215)
        at java.util.concurrent.locks.AbstractQueuedSynchronizer$ConditionObject.awaitNanos(AbstractQueuedSynchronizer.java:2078)
        at java.util.concurrent.ArrayBlockingQueue.poll(ArrayBlockingQueue.java:418)
        at org.apache.ratis.server.impl.LeaderStateImpl$EventQueue.poll(LeaderStateImpl.java:159)
        at org.apache.ratis.server.impl.LeaderStateImpl$EventProcessor.run(LeaderStateImpl.java:630)
"qtp1970665441-110-acceptor-0@6dd12bac-ServerConnector@3ec98000{HTTP/1.1, (http/1.1)}{0.0.0.0:45451}" daemon prio=3 tid=110 runnable
java.lang.Thread.State: RUNNABLE
        at sun.nio.ch.ServerSocketChannelImpl.accept0(Native Method)
        at sun.nio.ch.ServerSocketChannelImpl.accept(ServerSocketChannelImpl.java:421)
        at sun.nio.ch.ServerSocketChannelImpl.accept(ServerSocketChannelImpl.java:249)
        at org.eclipse.jetty.server.ServerConnector.accept(ServerConnector.java:388)
        at org.eclipse.jetty.server.AbstractConnector$Acceptor.run(AbstractConnector.java:704)
        at org.eclipse.jetty.util.thread.QueuedThreadPool.runJob(QueuedThreadPool.java:883)
        at org.eclipse.jetty.util.thread.QueuedThreadPool$Runner.run(QueuedThreadPool.java:1034)
        at java.lang.Thread.run(Thread.java:750)
"StaleRecoveringContainerScrubbingService#2" daemon prio=5 tid=730 timed_waiting
java.lang.Thread.State: TIMED_WAITING
        at sun.misc.Unsafe.park(Native Method)
        at java.util.concurrent.locks.LockSupport.parkNanos(LockSupport.java:215)
        at java.util.concurrent.locks.AbstractQueuedSynchronizer$ConditionObject.awaitNanos(AbstractQueuedSynchronizer.java:2078)
        at java.util.concurrent.ScheduledThreadPoolExecutor$DelayedWorkQueue.take(ScheduledThreadPoolExecutor.java:1093)
        at java.util.concurrent.ScheduledThreadPoolExecutor$DelayedWorkQueue.take(ScheduledThreadPoolExecutor.java:809)
        at java.util.concurrent.ThreadPoolExecutor.getTask(ThreadPoolExecutor.java:1074)
        at java.util.concurrent.ThreadPoolExecutor.runWorker(ThreadPoolExecutor.java:1134)
        at java.util.concurrent.ThreadPoolExecutor$Worker.run(ThreadPoolExecutor.java:624)
        at java.lang.Thread.run(Thread.java:750)
"Datanode ReportManager Thread - 2" daemon prio=5 tid=442 timed_waiting
java.lang.Thread.State: TIMED_WAITING
        at sun.misc.Unsafe.park(Native Method)
        at java.util.concurrent.locks.LockSupport.parkNanos(LockSupport.java:215)
        at java.util.concurrent.locks.AbstractQueuedSynchronizer$ConditionObject.awaitNanos(AbstractQueuedSynchronizer.java:2078)
        at java.util.concurrent.ScheduledThreadPoolExecutor$DelayedWorkQueue.take(ScheduledThreadPoolExecutor.java:1093)
        at java.util.concurrent.ScheduledThreadPoolExecutor$DelayedWorkQueue.take(ScheduledThreadPoolExecutor.java:809)
        at java.util.concurrent.ThreadPoolExecutor.getTask(ThreadPoolExecutor.java:1074)
        at java.util.concurrent.ThreadPoolExecutor.runWorker(ThreadPoolExecutor.java:1134)
        at java.util.concurrent.ThreadPoolExecutor$Worker.run(ThreadPoolExecutor.java:624)
        at java.lang.Thread.run(Thread.java:750)
"pool-283-thread-1" daemon prio=5 tid=451 timed_waiting
java.lang.Thread.State: TIMED_WAITING
        at sun.misc.Unsafe.park(Native Method)
        at java.util.concurrent.locks.LockSupport.parkNanos(LockSupport.java:215)
        at java.util.concurrent.locks.AbstractQueuedSynchronizer$ConditionObject.awaitNanos(AbstractQueuedSynchronizer.java:2078)
        at java.util.concurrent.ScheduledThreadPoolExecutor$DelayedWorkQueue.take(ScheduledThreadPoolExecutor.java:1093)
        at java.util.concurrent.ScheduledThreadPoolExecutor$DelayedWorkQueue.take(ScheduledThreadPoolExecutor.java:809)
        at java.util.concurrent.ThreadPoolExecutor.getTask(ThreadPoolExecutor.java:1074)
        at java.util.concurrent.ThreadPoolExecutor.runWorker(ThreadPoolExecutor.java:1134)
        at java.util.concurrent.ThreadPoolExecutor$Worker.run(ThreadPoolExecutor.java:624)
        at java.lang.Thread.run(Thread.java:750)
"StaleRecoveringContainerScrubbingService#2" daemon prio=5 tid=731 timed_waiting
java.lang.Thread.State: TIMED_WAITING
        at sun.misc.Unsafe.park(Native Method)
        at java.util.concurrent.locks.LockSupport.parkNanos(LockSupport.java:215)
        at java.util.concurrent.locks.AbstractQueuedSynchronizer$ConditionObject.awaitNanos(AbstractQueuedSynchronizer.java:2078)
        at java.util.concurrent.ScheduledThreadPoolExecutor$DelayedWorkQueue.take(ScheduledThreadPoolExecutor.java:1093)
        at java.util.concurrent.ScheduledThreadPoolExecutor$DelayedWorkQueue.take(ScheduledThreadPoolExecutor.java:809)
        at java.util.concurrent.ThreadPoolExecutor.getTask(ThreadPoolExecutor.java:1074)
        at java.util.concurrent.ThreadPoolExecutor.runWorker(ThreadPoolExecutor.java:1134)
        at java.util.concurrent.ThreadPoolExecutor$Worker.run(ThreadPoolExecutor.java:624)
        at java.lang.Thread.run(Thread.java:750)
"IPC Server handler 14 on default port 44149" daemon prio=5 tid=167 timed_waiting
java.lang.Thread.State: TIMED_WAITING
        at sun.misc.Unsafe.park(Native Method)
        at java.util.concurrent.locks.LockSupport.parkNanos(LockSupport.java:215)
        at java.util.concurrent.locks.AbstractQueuedSynchronizer$ConditionObject.awaitNanos(AbstractQueuedSynchronizer.java:2078)
        at java.util.concurrent.LinkedBlockingQueue.poll(LinkedBlockingQueue.java:467)
        at org.apache.hadoop.ipc.CallQueueManager.take(CallQueueManager.java:317)
        at org.apache.hadoop.ipc.Server$Handler.run(Server.java:2942)
"pool-87-thread-1" daemon prio=5 tid=206 timed_waiting
java.lang.Thread.State: TIMED_WAITING
        at sun.misc.Unsafe.park(Native Method)
        at java.util.concurrent.locks.LockSupport.parkNanos(LockSupport.java:215)
        at java.util.concurrent.locks.AbstractQueuedSynchronizer$ConditionObject.awaitNanos(AbstractQueuedSynchronizer.java:2078)
        at java.util.concurrent.ScheduledThreadPoolExecutor$DelayedWorkQueue.take(ScheduledThreadPoolExecutor.java:1093)
        at java.util.concurrent.ScheduledThreadPoolExecutor$DelayedWorkQueue.take(ScheduledThreadPoolExecutor.java:809)
        at java.util.concurrent.ThreadPoolExecutor.getTask(ThreadPoolExecutor.java:1074)
        at java.util.concurrent.ThreadPoolExecutor.runWorker(ThreadPoolExecutor.java:1134)
        at java.util.concurrent.ThreadPoolExecutor$Worker.run(ThreadPoolExecutor.java:624)
        at java.lang.Thread.run(Thread.java:750)
"qtp381504811-211" daemon prio=5 tid=211 runnable
java.lang.Thread.State: RUNNABLE
        at sun.nio.ch.EPollArrayWrapper.epollWait(Native Method)
        at sun.nio.ch.EPollArrayWrapper.poll(EPollArrayWrapper.java:269)
        at sun.nio.ch.EPollSelectorImpl.doSelect(EPollSelectorImpl.java:93)
        at sun.nio.ch.SelectorImpl.lockAndDoSelect(SelectorImpl.java:86)
        at sun.nio.ch.SelectorImpl.select(SelectorImpl.java:97)
        at sun.nio.ch.SelectorImpl.select(SelectorImpl.java:101)
        at org.eclipse.jetty.io.ManagedSelector.nioSelect(ManagedSelector.java:183)
        at org.eclipse.jetty.io.ManagedSelector.select(ManagedSelector.java:190)
        at org.eclipse.jetty.io.ManagedSelector$SelectorProducer.select(ManagedSelector.java:606)
        at org.eclipse.jetty.io.ManagedSelector$SelectorProducer.produce(ManagedSelector.java:543)
        at org.eclipse.jetty.util.thread.strategy.EatWhatYouKill.produceTask(EatWhatYouKill.java:362)
        at org.eclipse.jetty.util.thread.strategy.EatWhatYouKill.doProduce(EatWhatYouKill.java:186)
        at org.eclipse.jetty.util.thread.strategy.EatWhatYouKill.tryProduce(EatWhatYouKill.java:173)
        at org.eclipse.jetty.util.thread.strategy.EatWhatYouKill.produce(EatWhatYouKill.java:137)
        at org.eclipse.jetty.io.ManagedSelector$$Lambda$444/2093474881.run(Unknown Source)
        at org.eclipse.jetty.util.thread.QueuedThreadPool.runJob(QueuedThreadPool.java:883)
        at org.eclipse.jetty.util.thread.QueuedThreadPool$Runner.run(QueuedThreadPool.java:1034)
        at java.lang.Thread.run(Thread.java:750)
"qtp1888233184-316-acceptor-0@7fc6a7d0-ServerConnector@7c0d43bb{HTTP/1.1, (http/1.1)}{0.0.0.0:39183}" daemon prio=3 tid=316 runnable
java.lang.Thread.State: RUNNABLE
        at sun.nio.ch.ServerSocketChannelImpl.accept0(Native Method)
        at sun.nio.ch.ServerSocketChannelImpl.accept(ServerSocketChannelImpl.java:421)
        at sun.nio.ch.ServerSocketChannelImpl.accept(ServerSocketChannelImpl.java:249)
        at org.eclipse.jetty.server.ServerConnector.accept(ServerConnector.java:388)
        at org.eclipse.jetty.server.AbstractConnector$Acceptor.run(AbstractConnector.java:704)
        at org.eclipse.jetty.util.thread.QueuedThreadPool.runJob(QueuedThreadPool.java:883)
        at org.eclipse.jetty.util.thread.QueuedThreadPool$Runner.run(QueuedThreadPool.java:1034)
        at java.lang.Thread.run(Thread.java:750)
"FixedThreadPoolWithAffinityExecutor-5-0" daemon prio=5 tid=40 runnable
java.lang.Thread.State: RUNNABLE
        at sun.misc.Unsafe.park(Native Method)
        at java.util.concurrent.locks.LockSupport.parkNanos(LockSupport.java:215)
        at java.util.concurrent.locks.AbstractQueuedSynchronizer$ConditionObject.awaitNanos(AbstractQueuedSynchronizer.java:2078)
        at java.util.concurrent.LinkedBlockingQueue.poll(LinkedBlockingQueue.java:467)
        at org.apache.hadoop.hdds.scm.server.ContainerReportQueue.poll(ContainerReportQueue.java:266)
        at org.apache.hadoop.hdds.scm.server.ContainerReportQueue.poll(ContainerReportQueue.java:42)
        at org.apache.hadoop.hdds.server.events.FixedThreadPoolWithAffinityExecutor$ContainerReportProcessTask.run(FixedThreadPoolWithAffinityExecutor.java:248)
        at java.util.concurrent.Executors$RunnableAdapter.call(Executors.java:511)
        at java.util.concurrent.FutureTask.run(FutureTask.java:266)
        at java.util.concurrent.ThreadPoolExecutor.runWorker(ThreadPoolExecutor.java:1149)
        at java.util.concurrent.ThreadPoolExecutor$Worker.run(ThreadPoolExecutor.java:624)
        at java.lang.Thread.run(Thread.java:750)
"ChunkReader-ELG-0" daemon prio=5 tid=548 runnable
java.lang.Thread.State: RUNNABLE
        at org.apache.ratis.thirdparty.io.netty.channel.epoll.Native.epollWait(Native Method)
        at org.apache.ratis.thirdparty.io.netty.channel.epoll.Native.epollWait(Native.java:209)
        at org.apache.ratis.thirdparty.io.netty.channel.epoll.Native.epollWait(Native.java:202)
        at org.apache.ratis.thirdparty.io.netty.channel.epoll.EpollEventLoop.epollWaitNoTimerChange(EpollEventLoop.java:294)
        at org.apache.ratis.thirdparty.io.netty.channel.epoll.EpollEventLoop.run(EpollEventLoop.java:351)
        at org.apache.ratis.thirdparty.io.netty.util.concurrent.SingleThreadEventExecutor$4.run(SingleThreadEventExecutor.java:995)
        at org.apache.ratis.thirdparty.io.netty.util.internal.ThreadExecutorMap$2.run(ThreadExecutorMap.java:74)
        at java.lang.Thread.run(Thread.java:750)
"IPC Server handler 19 on default port 38325" daemon prio=5 tid=65 timed_waiting
java.lang.Thread.State: TIMED_WAITING
        at sun.misc.Unsafe.park(Native Method)
        at java.util.concurrent.locks.LockSupport.parkNanos(LockSupport.java:215)
        at java.util.concurrent.locks.AbstractQueuedSynchronizer$ConditionObject.awaitNanos(AbstractQueuedSynchronizer.java:2078)
        at java.util.concurrent.LinkedBlockingQueue.poll(LinkedBlockingQueue.java:467)
        at org.apache.hadoop.ipc.CallQueueManager.take(CallQueueManager.java:317)
        at org.apache.hadoop.ipc.Server$Handler.run(Server.java:2942)
"EventQueue-NodeRegistrationContainerReportForContainerSafeModeRule" daemon prio=5 tid=511 in Object.wait()
java.lang.Thread.State: WAITING (on object monitor)
        at sun.misc.Unsafe.park(Native Method)
        at java.util.concurrent.locks.LockSupport.park(LockSupport.java:175)
        at java.util.concurrent.locks.AbstractQueuedSynchronizer$ConditionObject.await(AbstractQueuedSynchronizer.java:2039)
        at java.util.concurrent.LinkedBlockingQueue.take(LinkedBlockingQueue.java:442)
        at java.util.concurrent.ThreadPoolExecutor.getTask(ThreadPoolExecutor.java:1074)
        at java.util.concurrent.ThreadPoolExecutor.runWorker(ThreadPoolExecutor.java:1134)
        at java.util.concurrent.ThreadPoolExecutor$Worker.run(ThreadPoolExecutor.java:624)
        at java.lang.Thread.run(Thread.java:750)
"ChunkWriter-2-0" daemon prio=5 tid=502 in Object.wait()
java.lang.Thread.State: WAITING (on object monitor)
        at sun.misc.Unsafe.park(Native Method)
        at java.util.concurrent.locks.LockSupport.park(LockSupport.java:175)
        at java.util.concurrent.locks.AbstractQueuedSynchronizer$ConditionObject.await(AbstractQueuedSynchronizer.java:2039)
        at java.util.concurrent.LinkedBlockingDeque.takeFirst(LinkedBlockingDeque.java:492)
        at java.util.concurrent.LinkedBlockingDeque.take(LinkedBlockingDeque.java:680)
        at java.util.concurrent.ThreadPoolExecutor.getTask(ThreadPoolExecutor.java:1074)
        at java.util.concurrent.ThreadPoolExecutor.runWorker(ThreadPoolExecutor.java:1134)
        at java.util.concurrent.ThreadPoolExecutor$Worker.run(ThreadPoolExecutor.java:624)
        at java.lang.Thread.run(Thread.java:750)
"Datanode ReportManager Thread - 0" daemon prio=5 tid=221 in Object.wait()
java.lang.Thread.State: WAITING (on object monitor)
        at sun.misc.Unsafe.park(Native Method)
        at java.util.concurrent.locks.LockSupport.park(LockSupport.java:175)
        at java.util.concurrent.locks.AbstractQueuedSynchronizer$ConditionObject.await(AbstractQueuedSynchronizer.java:2039)
        at java.util.concurrent.ScheduledThreadPoolExecutor$DelayedWorkQueue.take(ScheduledThreadPoolExecutor.java:1088)
        at java.util.concurrent.ScheduledThreadPoolExecutor$DelayedWorkQueue.take(ScheduledThreadPoolExecutor.java:809)
        at java.util.concurrent.ThreadPoolExecutor.getTask(ThreadPoolExecutor.java:1074)
        at java.util.concurrent.ThreadPoolExecutor.runWorker(ThreadPoolExecutor.java:1134)
        at java.util.concurrent.ThreadPoolExecutor$Worker.run(ThreadPoolExecutor.java:624)
        at java.lang.Thread.run(Thread.java:750)
"pool-149-thread-1"  prio=5 tid=262 timed_waiting
java.lang.Thread.State: TIMED_WAITING
        at sun.misc.Unsafe.park(Native Method)
        at java.util.concurrent.locks.LockSupport.parkNanos(LockSupport.java:215)
        at java.util.concurrent.locks.AbstractQueuedSynchronizer$ConditionObject.awaitNanos(AbstractQueuedSynchronizer.java:2078)
        at java.util.concurrent.ScheduledThreadPoolExecutor$DelayedWorkQueue.take(ScheduledThreadPoolExecutor.java:1093)
        at java.util.concurrent.ScheduledThreadPoolExecutor$DelayedWorkQueue.take(ScheduledThreadPoolExecutor.java:809)
        at java.util.concurrent.ThreadPoolExecutor.getTask(ThreadPoolExecutor.java:1074)
        at java.util.concurrent.ThreadPoolExecutor.runWorker(ThreadPoolExecutor.java:1134)
        at java.util.concurrent.ThreadPoolExecutor$Worker.run(ThreadPoolExecutor.java:624)
        at java.lang.Thread.run(Thread.java:750)
"qtp1310868976-264-acceptor-0@4ffab541-ServerConnector@7a227967{HTTP/1.1, (http/1.1)}{0.0.0.0:43487}" daemon prio=3 tid=264 runnable
java.lang.Thread.State: RUNNABLE
        at sun.nio.ch.ServerSocketChannelImpl.accept0(Native Method)
        at sun.nio.ch.ServerSocketChannelImpl.accept(ServerSocketChannelImpl.java:421)
        at sun.nio.ch.ServerSocketChannelImpl.accept(ServerSocketChannelImpl.java:249)
        at org.eclipse.jetty.server.ServerConnector.accept(ServerConnector.java:388)
        at org.eclipse.jetty.server.AbstractConnector$Acceptor.run(AbstractConnector.java:704)
        at org.eclipse.jetty.util.thread.QueuedThreadPool.runJob(QueuedThreadPool.java:883)
        at org.eclipse.jetty.util.thread.QueuedThreadPool$Runner.run(QueuedThreadPool.java:1034)
        at java.lang.Thread.run(Thread.java:750)
"FixedThreadPoolWithAffinityExecutor-3-0" daemon prio=5 tid=38 runnable
java.lang.Thread.State: RUNNABLE
        at sun.misc.Unsafe.park(Native Method)
        at java.util.concurrent.locks.LockSupport.parkNanos(LockSupport.java:215)
        at java.util.concurrent.locks.AbstractQueuedSynchronizer$ConditionObject.awaitNanos(AbstractQueuedSynchronizer.java:2078)
        at java.util.concurrent.LinkedBlockingQueue.poll(LinkedBlockingQueue.java:467)
        at org.apache.hadoop.hdds.scm.server.ContainerReportQueue.poll(ContainerReportQueue.java:266)
        at org.apache.hadoop.hdds.scm.server.ContainerReportQueue.poll(ContainerReportQueue.java:42)
        at org.apache.hadoop.hdds.server.events.FixedThreadPoolWithAffinityExecutor$ContainerReportProcessTask.run(FixedThreadPoolWithAffinityExecutor.java:248)
        at java.util.concurrent.Executors$RunnableAdapter.call(Executors.java:511)
        at java.util.concurrent.FutureTask.run(FutureTask.java:266)
        at java.util.concurrent.ThreadPoolExecutor.runWorker(ThreadPoolExecutor.java:1149)
        at java.util.concurrent.ThreadPoolExecutor$Worker.run(ThreadPoolExecutor.java:624)
        at java.lang.Thread.run(Thread.java:750)
"ChunkReader-2" daemon prio=5 tid=1073 in Object.wait()
java.lang.Thread.State: WAITING (on object monitor)
        at sun.misc.Unsafe.park(Native Method)
        at java.util.concurrent.locks.LockSupport.park(LockSupport.java:175)
        at java.util.concurrent.locks.AbstractQueuedSynchronizer$ConditionObject.await(AbstractQueuedSynchronizer.java:2039)
        at java.util.concurrent.LinkedBlockingQueue.take(LinkedBlockingQueue.java:442)
        at java.util.concurrent.ThreadPoolExecutor.getTask(ThreadPoolExecutor.java:1074)
        at java.util.concurrent.ThreadPoolExecutor.runWorker(ThreadPoolExecutor.java:1134)
        at java.util.concurrent.ThreadPoolExecutor$Worker.run(ThreadPoolExecutor.java:624)
        at java.lang.Thread.run(Thread.java:750)
"Datanode State Machine Task Thread - 1"  prio=5 tid=465 in Object.wait()
java.lang.Thread.State: WAITING (on object monitor)
        at sun.misc.Unsafe.park(Native Method)
        at java.util.concurrent.locks.LockSupport.park(LockSupport.java:175)
        at java.util.concurrent.locks.AbstractQueuedSynchronizer$ConditionObject.await(AbstractQueuedSynchronizer.java:2039)
        at java.util.concurrent.LinkedBlockingQueue.take(LinkedBlockingQueue.java:442)
        at java.util.concurrent.ThreadPoolExecutor.getTask(ThreadPoolExecutor.java:1074)
        at java.util.concurrent.ThreadPoolExecutor.runWorker(ThreadPoolExecutor.java:1134)
        at java.util.concurrent.ThreadPoolExecutor$Worker.run(ThreadPoolExecutor.java:624)
        at java.lang.Thread.run(Thread.java:750)
"qtp1512974477-344" daemon prio=5 tid=344 runnable
java.lang.Thread.State: RUNNABLE
        at sun.nio.ch.EPollArrayWrapper.epollWait(Native Method)
        at sun.nio.ch.EPollArrayWrapper.poll(EPollArrayWrapper.java:269)
        at sun.nio.ch.EPollSelectorImpl.doSelect(EPollSelectorImpl.java:93)
        at sun.nio.ch.SelectorImpl.lockAndDoSelect(SelectorImpl.java:86)
        at sun.nio.ch.SelectorImpl.select(SelectorImpl.java:97)
        at sun.nio.ch.SelectorImpl.select(SelectorImpl.java:101)
        at org.eclipse.jetty.io.ManagedSelector.nioSelect(ManagedSelector.java:183)
        at org.eclipse.jetty.io.ManagedSelector.select(ManagedSelector.java:190)
        at org.eclipse.jetty.io.ManagedSelector$SelectorProducer.select(ManagedSelector.java:606)
        at org.eclipse.jetty.io.ManagedSelector$SelectorProducer.produce(ManagedSelector.java:543)
        at org.eclipse.jetty.util.thread.strategy.EatWhatYouKill.produceTask(EatWhatYouKill.java:362)
        at org.eclipse.jetty.util.thread.strategy.EatWhatYouKill.doProduce(EatWhatYouKill.java:186)
        at org.eclipse.jetty.util.thread.strategy.EatWhatYouKill.tryProduce(EatWhatYouKill.java:173)
        at org.eclipse.jetty.util.thread.strategy.EatWhatYouKill.produce(EatWhatYouKill.java:137)
        at org.eclipse.jetty.io.ManagedSelector$$Lambda$444/2093474881.run(Unknown Source)
        at org.eclipse.jetty.util.thread.QueuedThreadPool.runJob(QueuedThreadPool.java:883)
        at org.eclipse.jetty.util.thread.QueuedThreadPool$Runner.run(QueuedThreadPool.java:1034)
        at java.lang.Thread.run(Thread.java:750)
"qtp163647132-295" daemon prio=5 tid=295 timed_waiting
java.lang.Thread.State: TIMED_WAITING
        at sun.misc.Unsafe.park(Native Method)
        at java.util.concurrent.locks.LockSupport.parkNanos(LockSupport.java:215)
        at java.util.concurrent.locks.AbstractQueuedSynchronizer$ConditionObject.awaitNanos(AbstractQueuedSynchronizer.java:2078)
        at org.eclipse.jetty.util.BlockingArrayQueue.poll(BlockingArrayQueue.java:382)
        at org.eclipse.jetty.util.thread.QueuedThreadPool$Runner.idleJobPoll(QueuedThreadPool.java:974)
        at org.eclipse.jetty.util.thread.QueuedThreadPool$Runner.run(QueuedThreadPool.java:1018)
        at java.lang.Thread.run(Thread.java:750)
"pool-103-thread-1"  prio=5 tid=210 timed_waiting
java.lang.Thread.State: TIMED_WAITING
        at sun.misc.Unsafe.park(Native Method)
        at java.util.concurrent.locks.LockSupport.parkNanos(LockSupport.java:215)
        at java.util.concurrent.locks.AbstractQueuedSynchronizer$ConditionObject.awaitNanos(AbstractQueuedSynchronizer.java:2078)
        at java.util.concurrent.ScheduledThreadPoolExecutor$DelayedWorkQueue.take(ScheduledThreadPoolExecutor.java:1093)
        at java.util.concurrent.ScheduledThreadPoolExecutor$DelayedWorkQueue.take(ScheduledThreadPoolExecutor.java:809)
        at java.util.concurrent.ThreadPoolExecutor.getTask(ThreadPoolExecutor.java:1074)
        at java.util.concurrent.ThreadPoolExecutor.runWorker(ThreadPoolExecutor.java:1134)
        at java.util.concurrent.ThreadPoolExecutor$Worker.run(ThreadPoolExecutor.java:624)
        at java.lang.Thread.run(Thread.java:750)
"FixedThreadPoolWithAffinityExecutor-1-0" daemon prio=5 tid=36 timed_waiting
java.lang.Thread.State: TIMED_WAITING
        at sun.misc.Unsafe.park(Native Method)
        at java.util.concurrent.locks.LockSupport.parkNanos(LockSupport.java:215)
        at java.util.concurrent.locks.AbstractQueuedSynchronizer$ConditionObject.awaitNanos(AbstractQueuedSynchronizer.java:2078)
        at java.util.concurrent.LinkedBlockingQueue.poll(LinkedBlockingQueue.java:467)
        at org.apache.hadoop.hdds.scm.server.ContainerReportQueue.poll(ContainerReportQueue.java:266)
        at org.apache.hadoop.hdds.scm.server.ContainerReportQueue.poll(ContainerReportQueue.java:42)
        at org.apache.hadoop.hdds.server.events.FixedThreadPoolWithAffinityExecutor$ContainerReportProcessTask.run(FixedThreadPoolWithAffinityExecutor.java:248)
        at java.util.concurrent.Executors$RunnableAdapter.call(Executors.java:511)
        at java.util.concurrent.FutureTask.run(FutureTask.java:266)
        at java.util.concurrent.ThreadPoolExecutor.runWorker(ThreadPoolExecutor.java:1149)
        at java.util.concurrent.ThreadPoolExecutor$Worker.run(ThreadPoolExecutor.java:624)
        at java.lang.Thread.run(Thread.java:750)
"Datanode State Machine Task Thread - 0"  prio=5 tid=332 in Object.wait()
java.lang.Thread.State: WAITING (on object monitor)
        at sun.misc.Unsafe.park(Native Method)
        at java.util.concurrent.locks.LockSupport.park(LockSupport.java:175)
        at java.util.concurrent.locks.AbstractQueuedSynchronizer$ConditionObject.await(AbstractQueuedSynchronizer.java:2039)
        at java.util.concurrent.LinkedBlockingQueue.take(LinkedBlockingQueue.java:442)
        at java.util.concurrent.ThreadPoolExecutor.getTask(ThreadPoolExecutor.java:1074)
        at java.util.concurrent.ThreadPoolExecutor.runWorker(ThreadPoolExecutor.java:1134)
        at java.util.concurrent.ThreadPoolExecutor$Worker.run(ThreadPoolExecutor.java:624)
        at java.lang.Thread.run(Thread.java:750)
"IPC Server handler 4 on default port 42623" daemon prio=5 tid=90 timed_waiting
java.lang.Thread.State: TIMED_WAITING
        at sun.misc.Unsafe.park(Native Method)
        at java.util.concurrent.locks.LockSupport.parkNanos(LockSupport.java:215)
        at java.util.concurrent.locks.AbstractQueuedSynchronizer$ConditionObject.awaitNanos(AbstractQueuedSynchronizer.java:2078)
        at java.util.concurrent.LinkedBlockingQueue.poll(LinkedBlockingQueue.java:467)
        at org.apache.hadoop.ipc.CallQueueManager.take(CallQueueManager.java:317)
        at org.apache.hadoop.ipc.Server$Handler.run(Server.java:2942)
"BlockDeletingService#0" daemon prio=5 tid=549 timed_waiting
java.lang.Thread.State: TIMED_WAITING
        at sun.misc.Unsafe.park(Native Method)
        at java.util.concurrent.locks.LockSupport.parkNanos(LockSupport.java:215)
        at java.util.concurrent.locks.AbstractQueuedSynchronizer$ConditionObject.awaitNanos(AbstractQueuedSynchronizer.java:2078)
        at java.util.concurrent.ScheduledThreadPoolExecutor$DelayedWorkQueue.take(ScheduledThreadPoolExecutor.java:1093)
        at java.util.concurrent.ScheduledThreadPoolExecutor$DelayedWorkQueue.take(ScheduledThreadPoolExecutor.java:809)
        at java.util.concurrent.ThreadPoolExecutor.getTask(ThreadPoolExecutor.java:1074)
        at java.util.concurrent.ThreadPoolExecutor.runWorker(ThreadPoolExecutor.java:1134)
        at java.util.concurrent.ThreadPoolExecutor$Worker.run(ThreadPoolExecutor.java:624)
        at java.lang.Thread.run(Thread.java:750)
"831a834c-0d76-4477-9113-3f6aa01da917@group-35FD9CCD2BD1-SegmentedRaftLogWorker"  prio=5 tid=619 timed_waiting
java.lang.Thread.State: TIMED_WAITING
        at sun.misc.Unsafe.park(Native Method)
        at java.util.concurrent.locks.LockSupport.parkNanos(LockSupport.java:215)
        at java.util.concurrent.locks.AbstractQueuedSynchronizer$ConditionObject.awaitNanos(AbstractQueuedSynchronizer.java:2078)
        at org.apache.ratis.util.DataBlockingQueue.poll(DataBlockingQueue.java:148)
        at org.apache.ratis.server.raftlog.segmented.SegmentedRaftLogWorker.run(SegmentedRaftLogWorker.java:312)
        at org.apache.ratis.server.raftlog.segmented.SegmentedRaftLogWorker$$Lambda$667/1522169736.run(Unknown Source)
        at java.lang.Thread.run(Thread.java:750)
"ChunkWriter-0-0" daemon prio=5 tid=353 in Object.wait()
java.lang.Thread.State: WAITING (on object monitor)
        at sun.misc.Unsafe.park(Native Method)
        at java.util.concurrent.locks.LockSupport.park(LockSupport.java:175)
        at java.util.concurrent.locks.AbstractQueuedSynchronizer$ConditionObject.await(AbstractQueuedSynchronizer.java:2039)
        at java.util.concurrent.LinkedBlockingDeque.takeFirst(LinkedBlockingDeque.java:492)
        at java.util.concurrent.LinkedBlockingDeque.take(LinkedBlockingDeque.java:680)
        at java.util.concurrent.ThreadPoolExecutor.getTask(ThreadPoolExecutor.java:1074)
        at java.util.concurrent.ThreadPoolExecutor.runWorker(ThreadPoolExecutor.java:1134)
        at java.util.concurrent.ThreadPoolExecutor$Worker.run(ThreadPoolExecutor.java:624)
        at java.lang.Thread.run(Thread.java:750)
"ChunkReader-ELG-0" daemon prio=5 tid=523 runnable
java.lang.Thread.State: RUNNABLE
        at org.apache.ratis.thirdparty.io.netty.channel.epoll.Native.epollWait0(Native Method)
        at org.apache.ratis.thirdparty.io.netty.channel.epoll.Native.epollWait(Native.java:182)
        at org.apache.ratis.thirdparty.io.netty.channel.epoll.EpollEventLoop.epollWait(EpollEventLoop.java:290)
        at org.apache.ratis.thirdparty.io.netty.channel.epoll.EpollEventLoop.run(EpollEventLoop.java:354)
        at org.apache.ratis.thirdparty.io.netty.util.concurrent.SingleThreadEventExecutor$4.run(SingleThreadEventExecutor.java:995)
        at org.apache.ratis.thirdparty.io.netty.util.internal.ThreadExecutorMap$2.run(ThreadExecutorMap.java:74)
        at java.lang.Thread.run(Thread.java:750)
"7726e7f5-b74c-4e4a-9680-a65a67c105af@group-E388FC27C872-SegmentedRaftLogWorker"  prio=5 tid=654 timed_waiting
java.lang.Thread.State: TIMED_WAITING
        at sun.misc.Unsafe.park(Native Method)
        at java.util.concurrent.locks.LockSupport.parkNanos(LockSupport.java:215)
        at java.util.concurrent.locks.AbstractQueuedSynchronizer$ConditionObject.awaitNanos(AbstractQueuedSynchronizer.java:2078)
        at org.apache.ratis.util.DataBlockingQueue.poll(DataBlockingQueue.java:148)
        at org.apache.ratis.server.raftlog.segmented.SegmentedRaftLogWorker.run(SegmentedRaftLogWorker.java:312)
        at org.apache.ratis.server.raftlog.segmented.SegmentedRaftLogWorker$$Lambda$667/1522169736.run(Unknown Source)
        at java.lang.Thread.run(Thread.java:750)
"ChunkReader-0" daemon prio=5 tid=955 in Object.wait()
java.lang.Thread.State: WAITING (on object monitor)
        at sun.misc.Unsafe.park(Native Method)
        at java.util.concurrent.locks.LockSupport.park(LockSupport.java:175)
        at java.util.concurrent.locks.AbstractQueuedSynchronizer$ConditionObject.await(AbstractQueuedSynchronizer.java:2039)
        at java.util.concurrent.LinkedBlockingQueue.take(LinkedBlockingQueue.java:442)
        at java.util.concurrent.ThreadPoolExecutor.getTask(ThreadPoolExecutor.java:1074)
        at java.util.concurrent.ThreadPoolExecutor.runWorker(ThreadPoolExecutor.java:1134)
        at java.util.concurrent.ThreadPoolExecutor$Worker.run(ThreadPoolExecutor.java:624)
        at java.lang.Thread.run(Thread.java:750)
"Datanode State Machine Daemon Thread" daemon prio=5 tid=363 timed_waiting
java.lang.Thread.State: TIMED_WAITING
        at java.lang.Thread.sleep(Native Method)
        at org.apache.hadoop.ozone.container.common.statemachine.DatanodeStateMachine.startStateMachineThread(DatanodeStateMachine.java:321)
        at org.apache.hadoop.ozone.container.common.statemachine.DatanodeStateMachine.lambda$startDaemon$0(DatanodeStateMachine.java:506)
        at org.apache.hadoop.ozone.container.common.statemachine.DatanodeStateMachine$$Lambda$753/1831975653.run(Unknown Source)
        at java.lang.Thread.run(Thread.java:750)
"2497daeb-967d-49ad-8f28-1297e8c4c732-server-thread3" daemon prio=5 tid=856 timed_waiting
java.lang.Thread.State: TIMED_WAITING
        at sun.misc.Unsafe.park(Native Method)
        at java.util.concurrent.locks.LockSupport.parkNanos(LockSupport.java:215)
        at java.util.concurrent.SynchronousQueue$TransferStack.awaitFulfill(SynchronousQueue.java:460)
        at java.util.concurrent.SynchronousQueue$TransferStack.transfer(SynchronousQueue.java:362)
        at java.util.concurrent.SynchronousQueue.poll(SynchronousQueue.java:941)
        at java.util.concurrent.ThreadPoolExecutor.getTask(ThreadPoolExecutor.java:1073)
        at java.util.concurrent.ThreadPoolExecutor.runWorker(ThreadPoolExecutor.java:1134)
        at java.util.concurrent.ThreadPoolExecutor$Worker.run(ThreadPoolExecutor.java:624)
        at java.lang.Thread.run(Thread.java:750)
"IPC Server handler 7 on default port 38325" daemon prio=5 tid=53 timed_waiting
java.lang.Thread.State: TIMED_WAITING
        at sun.misc.Unsafe.park(Native Method)
        at java.util.concurrent.locks.LockSupport.parkNanos(LockSupport.java:215)
        at java.util.concurrent.locks.AbstractQueuedSynchronizer$ConditionObject.awaitNanos(AbstractQueuedSynchronizer.java:2078)
        at java.util.concurrent.LinkedBlockingQueue.poll(LinkedBlockingQueue.java:467)
        at org.apache.hadoop.ipc.CallQueueManager.take(CallQueueManager.java:317)
        at org.apache.hadoop.ipc.Server$Handler.run(Server.java:2942)
"Periodic HDDS volume checker" daemon prio=5 tid=256 timed_waiting
java.lang.Thread.State: TIMED_WAITING
        at sun.misc.Unsafe.park(Native Method)
        at java.util.concurrent.locks.LockSupport.parkNanos(LockSupport.java:215)
        at java.util.concurrent.locks.AbstractQueuedSynchronizer$ConditionObject.awaitNanos(AbstractQueuedSynchronizer.java:2078)
        at java.util.concurrent.ScheduledThreadPoolExecutor$DelayedWorkQueue.take(ScheduledThreadPoolExecutor.java:1093)
        at java.util.concurrent.ScheduledThreadPoolExecutor$DelayedWorkQueue.take(ScheduledThreadPoolExecutor.java:809)
        at java.util.concurrent.ThreadPoolExecutor.getTask(ThreadPoolExecutor.java:1074)
        at java.util.concurrent.ThreadPoolExecutor.runWorker(ThreadPoolExecutor.java:1134)
        at java.util.concurrent.ThreadPoolExecutor$Worker.run(ThreadPoolExecutor.java:624)
        at java.lang.Thread.run(Thread.java:750)
"Datanode ReportManager Thread - 0" daemon prio=5 tid=402 timed_waiting
java.lang.Thread.State: TIMED_WAITING
        at sun.misc.Unsafe.park(Native Method)
        at java.util.concurrent.locks.LockSupport.parkNanos(LockSupport.java:215)
        at java.util.concurrent.locks.AbstractQueuedSynchronizer$ConditionObject.awaitNanos(AbstractQueuedSynchronizer.java:2078)
        at java.util.concurrent.ScheduledThreadPoolExecutor$DelayedWorkQueue.take(ScheduledThreadPoolExecutor.java:1093)
        at java.util.concurrent.ScheduledThreadPoolExecutor$DelayedWorkQueue.take(ScheduledThreadPoolExecutor.java:809)
        at java.util.concurrent.ThreadPoolExecutor.getTask(ThreadPoolExecutor.java:1074)
        at java.util.concurrent.ThreadPoolExecutor.runWorker(ThreadPoolExecutor.java:1134)
        at java.util.concurrent.ThreadPoolExecutor$Worker.run(ThreadPoolExecutor.java:624)
        at java.lang.Thread.run(Thread.java:750)
"qtp1558845628-151" daemon prio=5 tid=151 timed_waiting
java.lang.Thread.State: TIMED_WAITING
        at sun.misc.Unsafe.park(Native Method)
        at java.util.concurrent.locks.LockSupport.parkNanos(LockSupport.java:215)
        at java.util.concurrent.locks.AbstractQueuedSynchronizer$ConditionObject.awaitNanos(AbstractQueuedSynchronizer.java:2078)
        at org.eclipse.jetty.util.BlockingArrayQueue.poll(BlockingArrayQueue.java:382)
        at org.eclipse.jetty.util.thread.QueuedThreadPool$Runner.idleJobPoll(QueuedThreadPool.java:974)
        at org.eclipse.jetty.util.thread.QueuedThreadPool$Runner.run(QueuedThreadPool.java:1018)
        at java.lang.Thread.run(Thread.java:750)
"IPC Server handler 3 on default port 38325" daemon prio=5 tid=49 timed_waiting
java.lang.Thread.State: TIMED_WAITING
        at sun.misc.Unsafe.park(Native Method)
        at java.util.concurrent.locks.LockSupport.parkNanos(LockSupport.java:215)
        at java.util.concurrent.locks.AbstractQueuedSynchronizer$ConditionObject.awaitNanos(AbstractQueuedSynchronizer.java:2078)
        at java.util.concurrent.LinkedBlockingQueue.poll(LinkedBlockingQueue.java:467)
        at org.apache.hadoop.ipc.CallQueueManager.take(CallQueueManager.java:317)
        at org.apache.hadoop.ipc.Server$Handler.run(Server.java:2942)
"EndpointStateMachine task thread for /0.0.0.0:42623 - 0 "  prio=5 tid=499 in Object.wait()
java.lang.Thread.State: WAITING (on object monitor)
        at sun.misc.Unsafe.park(Native Method)
        at java.util.concurrent.locks.LockSupport.park(LockSupport.java:175)
        at java.util.concurrent.locks.AbstractQueuedSynchronizer$ConditionObject.await(AbstractQueuedSynchronizer.java:2039)
        at java.util.concurrent.LinkedBlockingQueue.take(LinkedBlockingQueue.java:442)
        at java.util.concurrent.ThreadPoolExecutor.getTask(ThreadPoolExecutor.java:1074)
        at java.util.concurrent.ThreadPoolExecutor.runWorker(ThreadPoolExecutor.java:1134)
        at java.util.concurrent.ThreadPoolExecutor$Worker.run(ThreadPoolExecutor.java:624)
        at java.lang.Thread.run(Thread.java:750)
"qtp1888233184-315" daemon prio=5 tid=315 runnable
java.lang.Thread.State: RUNNABLE
        at sun.nio.ch.EPollArrayWrapper.epollWait(Native Method)
        at sun.nio.ch.EPollArrayWrapper.poll(EPollArrayWrapper.java:269)
        at sun.nio.ch.EPollSelectorImpl.doSelect(EPollSelectorImpl.java:93)
        at sun.nio.ch.SelectorImpl.lockAndDoSelect(SelectorImpl.java:86)
        at sun.nio.ch.SelectorImpl.select(SelectorImpl.java:97)
        at sun.nio.ch.SelectorImpl.select(SelectorImpl.java:101)
        at org.eclipse.jetty.io.ManagedSelector.nioSelect(ManagedSelector.java:183)
        at org.eclipse.jetty.io.ManagedSelector.select(ManagedSelector.java:190)
        at org.eclipse.jetty.io.ManagedSelector$SelectorProducer.select(ManagedSelector.java:606)
        at org.eclipse.jetty.io.ManagedSelector$SelectorProducer.produce(ManagedSelector.java:543)
        at org.eclipse.jetty.util.thread.strategy.EatWhatYouKill.produceTask(EatWhatYouKill.java:362)
        at org.eclipse.jetty.util.thread.strategy.EatWhatYouKill.doProduce(EatWhatYouKill.java:186)
        at org.eclipse.jetty.util.thread.strategy.EatWhatYouKill.tryProduce(EatWhatYouKill.java:173)
        at org.eclipse.jetty.util.thread.strategy.EatWhatYouKill.produce(EatWhatYouKill.java:137)
        at org.eclipse.jetty.io.ManagedSelector$$Lambda$444/2093474881.run(Unknown Source)
        at org.eclipse.jetty.util.thread.QueuedThreadPool.runJob(QueuedThreadPool.java:883)
        at org.eclipse.jetty.util.thread.QueuedThreadPool$Runner.run(QueuedThreadPool.java:1034)
        at java.lang.Thread.run(Thread.java:750)
"ChunkReader-8" daemon prio=5 tid=1068 in Object.wait()
java.lang.Thread.State: WAITING (on object monitor)
        at sun.misc.Unsafe.park(Native Method)
        at java.util.concurrent.locks.LockSupport.park(LockSupport.java:175)
        at java.util.concurrent.locks.AbstractQueuedSynchronizer$ConditionObject.await(AbstractQueuedSynchronizer.java:2039)
        at java.util.concurrent.LinkedBlockingQueue.take(LinkedBlockingQueue.java:442)
        at java.util.concurrent.ThreadPoolExecutor.getTask(ThreadPoolExecutor.java:1074)
        at java.util.concurrent.ThreadPoolExecutor.runWorker(ThreadPoolExecutor.java:1134)
        at java.util.concurrent.ThreadPoolExecutor$Worker.run(ThreadPoolExecutor.java:624)
        at java.lang.Thread.run(Thread.java:750)
"IPC Server handler 8 on default port 45237" daemon prio=5 tid=74 timed_waiting
java.lang.Thread.State: TIMED_WAITING
        at sun.misc.Unsafe.park(Native Method)
        at java.util.concurrent.locks.LockSupport.parkNanos(LockSupport.java:215)
        at java.util.concurrent.locks.AbstractQueuedSynchronizer$ConditionObject.awaitNanos(AbstractQueuedSynchronizer.java:2078)
        at java.util.concurrent.LinkedBlockingQueue.poll(LinkedBlockingQueue.java:467)
        at org.apache.hadoop.ipc.CallQueueManager.take(CallQueueManager.java:317)
        at org.apache.hadoop.ipc.Server$Handler.run(Server.java:2942)
"470e2686-24c9-4e42-bae6-1f3a72650c76@group-B0F69B97C3D3-StateMachineUpdater" daemon prio=5 tid=601 timed_waiting
java.lang.Thread.State: TIMED_WAITING
        at sun.misc.Unsafe.park(Native Method)
        at java.util.concurrent.locks.LockSupport.parkNanos(LockSupport.java:215)
        at java.util.concurrent.locks.AbstractQueuedSynchronizer$ConditionObject.await(AbstractQueuedSynchronizer.java:2163)
        at org.apache.ratis.util.AwaitForSignal.await(AwaitForSignal.java:62)
        at org.apache.ratis.server.impl.StateMachineUpdater.waitForCommit(StateMachineUpdater.java:207)
        at org.apache.ratis.server.impl.StateMachineUpdater.run(StateMachineUpdater.java:176)
        at java.lang.Thread.run(Thread.java:750)
"IPC Server idle connection scanner for port 44149" daemon prio=5 tid=131 timed_waiting
java.lang.Thread.State: TIMED_WAITING
        at java.lang.Object.wait(Native Method)
        at java.util.TimerThread.mainLoop(Timer.java:552)
        at java.util.TimerThread.run(Timer.java:505)
"org.apache.hadoop.util.JvmPauseMonitor$Monitor@7f867b6a" daemon prio=5 tid=279 timed_waiting
java.lang.Thread.State: TIMED_WAITING
        at java.lang.Thread.sleep(Native Method)
        at org.apache.hadoop.util.JvmPauseMonitor$Monitor.run(JvmPauseMonitor.java:192)
        at java.lang.Thread.run(Thread.java:750)
"qtp1905824639-387" daemon prio=5 tid=387 timed_waiting
java.lang.Thread.State: TIMED_WAITING
        at sun.misc.Unsafe.park(Native Method)
        at java.util.concurrent.locks.LockSupport.parkNanos(LockSupport.java:215)
        at java.util.concurrent.locks.AbstractQueuedSynchronizer$ConditionObject.awaitNanos(AbstractQueuedSynchronizer.java:2078)
        at org.eclipse.jetty.util.BlockingArrayQueue.poll(BlockingArrayQueue.java:382)
        at org.eclipse.jetty.util.thread.QueuedThreadPool$Runner.idleJobPoll(QueuedThreadPool.java:974)
        at org.eclipse.jetty.util.thread.QueuedThreadPool$Runner.run(QueuedThreadPool.java:1018)
        at java.lang.Thread.run(Thread.java:750)
"IPC Server handler 11 on default port 44149" daemon prio=5 tid=164 timed_waiting
java.lang.Thread.State: TIMED_WAITING
        at sun.misc.Unsafe.park(Native Method)
        at java.util.concurrent.locks.LockSupport.parkNanos(LockSupport.java:215)
        at java.util.concurrent.locks.AbstractQueuedSynchronizer$ConditionObject.awaitNanos(AbstractQueuedSynchronizer.java:2078)
        at java.util.concurrent.LinkedBlockingQueue.poll(LinkedBlockingQueue.java:467)
        at org.apache.hadoop.ipc.CallQueueManager.take(CallQueueManager.java:317)
        at org.apache.hadoop.ipc.Server$Handler.run(Server.java:2942)
"FullTableCache Cleanup Thread - 0" daemon prio=5 tid=775 in Object.wait()
java.lang.Thread.State: WAITING (on object monitor)
        at sun.misc.Unsafe.park(Native Method)
        at java.util.concurrent.locks.LockSupport.park(LockSupport.java:175)
        at java.util.concurrent.locks.AbstractQueuedSynchronizer$ConditionObject.await(AbstractQueuedSynchronizer.java:2039)
        at java.util.concurrent.LinkedBlockingQueue.take(LinkedBlockingQueue.java:442)
        at java.util.concurrent.ThreadPoolExecutor.getTask(ThreadPoolExecutor.java:1074)
        at java.util.concurrent.ThreadPoolExecutor.runWorker(ThreadPoolExecutor.java:1134)
        at java.util.concurrent.ThreadPoolExecutor$Worker.run(ThreadPoolExecutor.java:624)
        at java.lang.Thread.run(Thread.java:750)
"ChunkReader-7" daemon prio=5 tid=1067 in Object.wait()
java.lang.Thread.State: WAITING (on object monitor)
        at sun.misc.Unsafe.park(Native Method)
        at java.util.concurrent.locks.LockSupport.park(LockSupport.java:175)
        at java.util.concurrent.locks.AbstractQueuedSynchronizer$ConditionObject.await(AbstractQueuedSynchronizer.java:2039)
        at java.util.concurrent.LinkedBlockingQueue.take(LinkedBlockingQueue.java:442)
        at java.util.concurrent.ThreadPoolExecutor.getTask(ThreadPoolExecutor.java:1074)
        at java.util.concurrent.ThreadPoolExecutor.runWorker(ThreadPoolExecutor.java:1134)
        at java.util.concurrent.ThreadPoolExecutor$Worker.run(ThreadPoolExecutor.java:624)
        at java.lang.Thread.run(Thread.java:750)
"ChunkReader-1" daemon prio=5 tid=1077 in Object.wait()
java.lang.Thread.State: WAITING (on object monitor)
        at sun.misc.Unsafe.park(Native Method)
        at java.util.concurrent.locks.LockSupport.park(LockSupport.java:175)
        at java.util.concurrent.locks.AbstractQueuedSynchronizer$ConditionObject.await(AbstractQueuedSynchronizer.java:2039)
        at java.util.concurrent.LinkedBlockingQueue.take(LinkedBlockingQueue.java:442)
        at java.util.concurrent.ThreadPoolExecutor.getTask(ThreadPoolExecutor.java:1074)
        at java.util.concurrent.ThreadPoolExecutor.runWorker(ThreadPoolExecutor.java:1134)
        at java.util.concurrent.ThreadPoolExecutor$Worker.run(ThreadPoolExecutor.java:624)
        at java.lang.Thread.run(Thread.java:750)
"IPC Server Responder" daemon prio=5 tid=34 runnable
java.lang.Thread.State: RUNNABLE
        at sun.nio.ch.EPollArrayWrapper.epollWait(Native Method)
        at sun.nio.ch.EPollArrayWrapper.poll(EPollArrayWrapper.java:269)
        at sun.nio.ch.EPollSelectorImpl.doSelect(EPollSelectorImpl.java:93)
        at sun.nio.ch.SelectorImpl.lockAndDoSelect(SelectorImpl.java:86)
        at sun.nio.ch.SelectorImpl.select(SelectorImpl.java:97)
        at org.apache.hadoop.ipc.Server$Responder.doRunLoop(Server.java:1532)
        at org.apache.hadoop.ipc.Server$Responder.run(Server.java:1515)
"IPC Server listener on 0" daemon prio=5 tid=31 runnable
java.lang.Thread.State: RUNNABLE
        at sun.nio.ch.EPollArrayWrapper.epollWait(Native Method)
        at sun.nio.ch.EPollArrayWrapper.poll(EPollArrayWrapper.java:269)
        at sun.nio.ch.EPollSelectorImpl.doSelect(EPollSelectorImpl.java:93)
        at sun.nio.ch.SelectorImpl.lockAndDoSelect(SelectorImpl.java:86)
        at sun.nio.ch.SelectorImpl.select(SelectorImpl.java:97)
        at sun.nio.ch.SelectorImpl.select(SelectorImpl.java:101)
        at org.apache.hadoop.ipc.Server$Listener.run(Server.java:1358)
"ChunkReader-0" daemon prio=5 tid=1066 in Object.wait()
java.lang.Thread.State: WAITING (on object monitor)
        at sun.misc.Unsafe.park(Native Method)
        at java.util.concurrent.locks.LockSupport.park(LockSupport.java:175)
        at java.util.concurrent.locks.AbstractQueuedSynchronizer$ConditionObject.await(AbstractQueuedSynchronizer.java:2039)
        at java.util.concurrent.LinkedBlockingQueue.take(LinkedBlockingQueue.java:442)
        at java.util.concurrent.ThreadPoolExecutor.getTask(ThreadPoolExecutor.java:1074)
        at java.util.concurrent.ThreadPoolExecutor.runWorker(ThreadPoolExecutor.java:1134)
        at java.util.concurrent.ThreadPoolExecutor$Worker.run(ThreadPoolExecutor.java:624)
        at java.lang.Thread.run(Thread.java:750)
"pool-290-thread-1"  prio=5 tid=677 in Object.wait()
java.lang.Thread.State: WAITING (on object monitor)
        at sun.misc.Unsafe.park(Native Method)
        at java.util.concurrent.locks.LockSupport.park(LockSupport.java:175)
        at java.util.concurrent.locks.AbstractQueuedSynchronizer$ConditionObject.await(AbstractQueuedSynchronizer.java:2039)
        at java.util.concurrent.LinkedBlockingQueue.take(LinkedBlockingQueue.java:442)
        at java.util.concurrent.ThreadPoolExecutor.getTask(ThreadPoolExecutor.java:1074)
        at java.util.concurrent.ThreadPoolExecutor.runWorker(ThreadPoolExecutor.java:1134)
        at java.util.concurrent.ThreadPoolExecutor$Worker.run(ThreadPoolExecutor.java:624)
        at java.lang.Thread.run(Thread.java:750)
"StaleRecoveringContainerScrubbingService#6" daemon prio=5 tid=1031 in Object.wait()
java.lang.Thread.State: WAITING (on object monitor)
        at sun.misc.Unsafe.park(Native Method)
        at java.util.concurrent.locks.LockSupport.park(LockSupport.java:175)
        at java.util.concurrent.locks.AbstractQueuedSynchronizer$ConditionObject.await(AbstractQueuedSynchronizer.java:2039)
        at java.util.concurrent.ScheduledThreadPoolExecutor$DelayedWorkQueue.take(ScheduledThreadPoolExecutor.java:1088)
        at java.util.concurrent.ScheduledThreadPoolExecutor$DelayedWorkQueue.take(ScheduledThreadPoolExecutor.java:809)
        at java.util.concurrent.ThreadPoolExecutor.getTask(ThreadPoolExecutor.java:1074)
        at java.util.concurrent.ThreadPoolExecutor.runWorker(ThreadPoolExecutor.java:1134)
        at java.util.concurrent.ThreadPoolExecutor$Worker.run(ThreadPoolExecutor.java:624)
        at java.lang.Thread.run(Thread.java:750)
"IPC Server handler 6 on default port 42623" daemon prio=5 tid=92 timed_waiting
java.lang.Thread.State: TIMED_WAITING
        at sun.misc.Unsafe.park(Native Method)
        at java.util.concurrent.locks.LockSupport.parkNanos(LockSupport.java:215)
        at java.util.concurrent.locks.AbstractQueuedSynchronizer$ConditionObject.awaitNanos(AbstractQueuedSynchronizer.java:2078)
        at java.util.concurrent.LinkedBlockingQueue.poll(LinkedBlockingQueue.java:467)
        at org.apache.hadoop.ipc.CallQueueManager.take(CallQueueManager.java:317)
        at org.apache.hadoop.ipc.Server$Handler.run(Server.java:2942)
"IPC Server handler 2 on default port 45237" daemon prio=5 tid=68 timed_waiting
java.lang.Thread.State: TIMED_WAITING
        at sun.misc.Unsafe.park(Native Method)
        at java.util.concurrent.locks.LockSupport.parkNanos(LockSupport.java:215)
        at java.util.concurrent.locks.AbstractQueuedSynchronizer$ConditionObject.awaitNanos(AbstractQueuedSynchronizer.java:2078)
        at java.util.concurrent.LinkedBlockingQueue.poll(LinkedBlockingQueue.java:467)
        at org.apache.hadoop.ipc.CallQueueManager.take(CallQueueManager.java:317)
        at org.apache.hadoop.ipc.Server$Handler.run(Server.java:2942)
"ChunkReader-6" daemon prio=5 tid=954 in Object.wait()
java.lang.Thread.State: WAITING (on object monitor)
        at sun.misc.Unsafe.park(Native Method)
        at java.util.concurrent.locks.LockSupport.park(LockSupport.java:175)
        at java.util.concurrent.locks.AbstractQueuedSynchronizer$ConditionObject.await(AbstractQueuedSynchronizer.java:2039)
        at java.util.concurrent.LinkedBlockingQueue.take(LinkedBlockingQueue.java:442)
        at java.util.concurrent.ThreadPoolExecutor.getTask(ThreadPoolExecutor.java:1074)
        at java.util.concurrent.ThreadPoolExecutor.runWorker(ThreadPoolExecutor.java:1134)
        at java.util.concurrent.ThreadPoolExecutor$Worker.run(ThreadPoolExecutor.java:624)
        at java.lang.Thread.run(Thread.java:750)
"Datanode ReportManager Thread - 1" daemon prio=5 tid=222 in Object.wait()
java.lang.Thread.State: WAITING (on object monitor)
        at sun.misc.Unsafe.park(Native Method)
        at java.util.concurrent.locks.LockSupport.park(LockSupport.java:175)
        at java.util.concurrent.locks.AbstractQueuedSynchronizer$ConditionObject.await(AbstractQueuedSynchronizer.java:2039)
        at java.util.concurrent.ScheduledThreadPoolExecutor$DelayedWorkQueue.take(ScheduledThreadPoolExecutor.java:1088)
        at java.util.concurrent.ScheduledThreadPoolExecutor$DelayedWorkQueue.take(ScheduledThreadPoolExecutor.java:809)
        at java.util.concurrent.ThreadPoolExecutor.getTask(ThreadPoolExecutor.java:1074)
        at java.util.concurrent.ThreadPoolExecutor.runWorker(ThreadPoolExecutor.java:1134)
        at java.util.concurrent.ThreadPoolExecutor$Worker.run(ThreadPoolExecutor.java:624)
        at java.lang.Thread.run(Thread.java:750)
"IPC Server idle connection scanner for port 42623" daemon prio=5 tid=25 timed_waiting
java.lang.Thread.State: TIMED_WAITING
        at java.lang.Object.wait(Native Method)
        at java.util.TimerThread.mainLoop(Timer.java:552)
        at java.util.TimerThread.run(Timer.java:505)
"EventQueue-NodeRegistrationContainerReportForDataNodeSafeModeRule" daemon prio=5 tid=512 in Object.wait()
java.lang.Thread.State: WAITING (on object monitor)
        at sun.misc.Unsafe.park(Native Method)
        at java.util.concurrent.locks.LockSupport.park(LockSupport.java:175)
        at java.util.concurrent.locks.AbstractQueuedSynchronizer$ConditionObject.await(AbstractQueuedSynchronizer.java:2039)
        at java.util.concurrent.LinkedBlockingQueue.take(LinkedBlockingQueue.java:442)
        at java.util.concurrent.ThreadPoolExecutor.getTask(ThreadPoolExecutor.java:1074)
        at java.util.concurrent.ThreadPoolExecutor.runWorker(ThreadPoolExecutor.java:1134)
        at java.util.concurrent.ThreadPoolExecutor$Worker.run(ThreadPoolExecutor.java:624)
        at java.lang.Thread.run(Thread.java:750)
"470e2686-24c9-4e42-bae6-1f3a72650c76@group-86C4A20D7C89-SegmentedRaftLogWorker"  prio=5 tid=632 timed_waiting
java.lang.Thread.State: TIMED_WAITING
        at sun.misc.Unsafe.park(Native Method)
        at java.util.concurrent.locks.LockSupport.parkNanos(LockSupport.java:215)
        at java.util.concurrent.locks.AbstractQueuedSynchronizer$ConditionObject.awaitNanos(AbstractQueuedSynchronizer.java:2078)
        at org.apache.ratis.util.DataBlockingQueue.poll(DataBlockingQueue.java:148)
        at org.apache.ratis.server.raftlog.segmented.SegmentedRaftLogWorker.run(SegmentedRaftLogWorker.java:312)
        at org.apache.ratis.server.raftlog.segmented.SegmentedRaftLogWorker$$Lambda$667/1522169736.run(Unknown Source)
        at java.lang.Thread.run(Thread.java:750)
"BlockDeletingService#2" daemon prio=5 tid=1118 in Object.wait()
java.lang.Thread.State: WAITING (on object monitor)
        at sun.misc.Unsafe.park(Native Method)
        at java.util.concurrent.locks.LockSupport.park(LockSupport.java:175)
        at java.util.concurrent.locks.AbstractQueuedSynchronizer$ConditionObject.await(AbstractQueuedSynchronizer.java:2039)
        at java.util.concurrent.ScheduledThreadPoolExecutor$DelayedWorkQueue.take(ScheduledThreadPoolExecutor.java:1088)
        at java.util.concurrent.ScheduledThreadPoolExecutor$DelayedWorkQueue.take(ScheduledThreadPoolExecutor.java:809)
        at java.util.concurrent.ThreadPoolExecutor.getTask(ThreadPoolExecutor.java:1074)
        at java.util.concurrent.ThreadPoolExecutor.runWorker(ThreadPoolExecutor.java:1134)
        at java.util.concurrent.ThreadPoolExecutor$Worker.run(ThreadPoolExecutor.java:624)
        at java.lang.Thread.run(Thread.java:750)
"EndpointStateMachine task thread for /0.0.0.0:42623 - 0 "  prio=5 tid=517 in Object.wait()
java.lang.Thread.State: WAITING (on object monitor)
        at sun.misc.Unsafe.park(Native Method)
        at java.util.concurrent.locks.LockSupport.park(LockSupport.java:175)
        at java.util.concurrent.locks.AbstractQueuedSynchronizer$ConditionObject.await(AbstractQueuedSynchronizer.java:2039)
        at java.util.concurrent.LinkedBlockingQueue.take(LinkedBlockingQueue.java:442)
        at java.util.concurrent.ThreadPoolExecutor.getTask(ThreadPoolExecutor.java:1074)
        at java.util.concurrent.ThreadPoolExecutor.runWorker(ThreadPoolExecutor.java:1134)
        at java.util.concurrent.ThreadPoolExecutor$Worker.run(ThreadPoolExecutor.java:624)
        at java.lang.Thread.run(Thread.java:750)
"EndpointStateMachine task thread for /0.0.0.0:42623 - 0 "  prio=5 tid=466 in Object.wait()
java.lang.Thread.State: WAITING (on object monitor)
        at sun.misc.Unsafe.park(Native Method)
        at java.util.concurrent.locks.LockSupport.park(LockSupport.java:175)
        at java.util.concurrent.locks.AbstractQueuedSynchronizer$ConditionObject.await(AbstractQueuedSynchronizer.java:2039)
        at java.util.concurrent.LinkedBlockingQueue.take(LinkedBlockingQueue.java:442)
        at java.util.concurrent.ThreadPoolExecutor.getTask(ThreadPoolExecutor.java:1074)
        at java.util.concurrent.ThreadPoolExecutor.runWorker(ThreadPoolExecutor.java:1134)
        at java.util.concurrent.ThreadPoolExecutor$Worker.run(ThreadPoolExecutor.java:624)
        at java.lang.Thread.run(Thread.java:750)
"Datanode ReportManager Thread - 3" daemon prio=5 tid=443 in Object.wait()
java.lang.Thread.State: WAITING (on object monitor)
        at sun.misc.Unsafe.park(Native Method)
        at java.util.concurrent.locks.LockSupport.park(LockSupport.java:175)
        at java.util.concurrent.locks.AbstractQueuedSynchronizer$ConditionObject.await(AbstractQueuedSynchronizer.java:2039)
        at java.util.concurrent.ScheduledThreadPoolExecutor$DelayedWorkQueue.take(ScheduledThreadPoolExecutor.java:1088)
        at java.util.concurrent.ScheduledThreadPoolExecutor$DelayedWorkQueue.take(ScheduledThreadPoolExecutor.java:809)
        at java.util.concurrent.ThreadPoolExecutor.getTask(ThreadPoolExecutor.java:1074)
        at java.util.concurrent.ThreadPoolExecutor.runWorker(ThreadPoolExecutor.java:1134)
        at java.util.concurrent.ThreadPoolExecutor$Worker.run(ThreadPoolExecutor.java:624)
        at java.lang.Thread.run(Thread.java:750)
"JvmPauseMonitor5" daemon prio=5 tid=492 timed_waiting
java.lang.Thread.State: TIMED_WAITING
        at java.lang.Thread.sleep(Native Method)
        at java.lang.Thread.sleep(Thread.java:342)
        at java.util.concurrent.TimeUnit.sleep(TimeUnit.java:386)
        at org.apache.ratis.util.TimeDuration.sleep(TimeDuration.java:325)
        at org.apache.ratis.util.TimeDuration.sleep(TimeDuration.java:310)
        at org.apache.ratis.util.JvmPauseMonitor.detectPause(JvmPauseMonitor.java:119)
        at org.apache.ratis.util.JvmPauseMonitor.run(JvmPauseMonitor.java:108)
        at org.apache.ratis.util.JvmPauseMonitor$$Lambda$708/135372099.run(Unknown Source)
        at java.lang.Thread.run(Thread.java:750)
"qtp1054778873-420" daemon prio=5 tid=420 timed_waiting
java.lang.Thread.State: TIMED_WAITING
        at sun.misc.Unsafe.park(Native Method)
        at java.util.concurrent.locks.LockSupport.parkNanos(LockSupport.java:215)
        at java.util.concurrent.locks.AbstractQueuedSynchronizer$ConditionObject.awaitNanos(AbstractQueuedSynchronizer.java:2078)
        at org.eclipse.jetty.util.BlockingArrayQueue.poll(BlockingArrayQueue.java:382)
        at org.eclipse.jetty.util.thread.QueuedThreadPool$Runner.idleJobPoll(QueuedThreadPool.java:974)
        at org.eclipse.jetty.util.thread.QueuedThreadPool$Runner.run(QueuedThreadPool.java:1018)
        at java.lang.Thread.run(Thread.java:750)
"IPC Server Responder" daemon prio=5 tid=26 runnable
java.lang.Thread.State: RUNNABLE
        at sun.nio.ch.EPollArrayWrapper.epollWait(Native Method)
        at sun.nio.ch.EPollArrayWrapper.poll(EPollArrayWrapper.java:269)
        at sun.nio.ch.EPollSelectorImpl.doSelect(EPollSelectorImpl.java:93)
        at sun.nio.ch.SelectorImpl.lockAndDoSelect(SelectorImpl.java:86)
        at sun.nio.ch.SelectorImpl.select(SelectorImpl.java:97)
        at org.apache.hadoop.ipc.Server$Responder.doRunLoop(Server.java:1532)
        at org.apache.hadoop.ipc.Server$Responder.run(Server.java:1515)
"ChunkReader-3" daemon prio=5 tid=969 in Object.wait()
java.lang.Thread.State: WAITING (on object monitor)
        at sun.misc.Unsafe.park(Native Method)
        at java.util.concurrent.locks.LockSupport.park(LockSupport.java:175)
        at java.util.concurrent.locks.AbstractQueuedSynchronizer$ConditionObject.await(AbstractQueuedSynchronizer.java:2039)
        at java.util.concurrent.LinkedBlockingQueue.take(LinkedBlockingQueue.java:442)
        at java.util.concurrent.ThreadPoolExecutor.getTask(ThreadPoolExecutor.java:1074)
        at java.util.concurrent.ThreadPoolExecutor.runWorker(ThreadPoolExecutor.java:1134)
        at java.util.concurrent.ThreadPoolExecutor$Worker.run(ThreadPoolExecutor.java:624)
        at java.lang.Thread.run(Thread.java:750)
"Command processor thread" daemon prio=5 tid=407 timed_waiting
java.lang.Thread.State: TIMED_WAITING
        at java.lang.Thread.sleep(Native Method)
        at org.apache.hadoop.ozone.container.common.statemachine.DatanodeStateMachine.lambda$initCommandHandlerThread$3(DatanodeStateMachine.java:641)
        at org.apache.hadoop.ozone.container.common.statemachine.DatanodeStateMachine$$Lambda$755/1195612276.run(Unknown Source)
        at java.lang.Thread.run(Thread.java:750)
"Datanode ReportManager Thread - 0" daemon prio=5 tid=299 timed_waiting
java.lang.Thread.State: TIMED_WAITING
        at sun.misc.Unsafe.park(Native Method)
        at java.util.concurrent.locks.LockSupport.parkNanos(LockSupport.java:215)
        at java.util.concurrent.locks.AbstractQueuedSynchronizer$ConditionObject.awaitNanos(AbstractQueuedSynchronizer.java:2078)
        at java.util.concurrent.ScheduledThreadPoolExecutor$DelayedWorkQueue.take(ScheduledThreadPoolExecutor.java:1093)
        at java.util.concurrent.ScheduledThreadPoolExecutor$DelayedWorkQueue.take(ScheduledThreadPoolExecutor.java:809)
        at java.util.concurrent.ThreadPoolExecutor.getTask(ThreadPoolExecutor.java:1074)
        at java.util.concurrent.ThreadPoolExecutor.runWorker(ThreadPoolExecutor.java:1134)
        at java.util.concurrent.ThreadPoolExecutor$Worker.run(ThreadPoolExecutor.java:624)
        at java.lang.Thread.run(Thread.java:750)
"ChunkWriter-0-0" daemon prio=5 tid=531 in Object.wait()
java.lang.Thread.State: WAITING (on object monitor)
        at sun.misc.Unsafe.park(Native Method)
        at java.util.concurrent.locks.LockSupport.park(LockSupport.java:175)
        at java.util.concurrent.locks.AbstractQueuedSynchronizer$ConditionObject.await(AbstractQueuedSynchronizer.java:2039)
        at java.util.concurrent.LinkedBlockingDeque.takeFirst(LinkedBlockingDeque.java:492)
        at java.util.concurrent.LinkedBlockingDeque.take(LinkedBlockingDeque.java:680)
        at java.util.concurrent.ThreadPoolExecutor.getTask(ThreadPoolExecutor.java:1074)
        at java.util.concurrent.ThreadPoolExecutor.runWorker(ThreadPoolExecutor.java:1134)
        at java.util.concurrent.ThreadPoolExecutor$Worker.run(ThreadPoolExecutor.java:624)
        at java.lang.Thread.run(Thread.java:750)
"qtp163647132-291" daemon prio=5 tid=291 timed_waiting
java.lang.Thread.State: TIMED_WAITING
        at sun.misc.Unsafe.park(Native Method)
        at java.util.concurrent.locks.LockSupport.parkNanos(LockSupport.java:215)
        at java.util.concurrent.locks.AbstractQueuedSynchronizer$ConditionObject.awaitNanos(AbstractQueuedSynchronizer.java:2078)
        at org.eclipse.jetty.util.BlockingArrayQueue.poll(BlockingArrayQueue.java:382)
        at org.eclipse.jetty.util.thread.QueuedThreadPool$Runner.idleJobPoll(QueuedThreadPool.java:974)
        at org.eclipse.jetty.util.thread.QueuedThreadPool$Runner.run(QueuedThreadPool.java:1018)
        at java.lang.Thread.run(Thread.java:750)
"Command processor thread" daemon prio=5 tid=483 timed_waiting
java.lang.Thread.State: TIMED_WAITING
        at java.lang.Thread.sleep(Native Method)
        at org.apache.hadoop.ozone.container.common.statemachine.DatanodeStateMachine.lambda$initCommandHandlerThread$3(DatanodeStateMachine.java:641)
        at org.apache.hadoop.ozone.container.common.statemachine.DatanodeStateMachine$$Lambda$755/1195612276.run(Unknown Source)
        at java.lang.Thread.run(Thread.java:750)
"BlockDeletingService#3" daemon prio=5 tid=1156 in Object.wait()
java.lang.Thread.State: WAITING (on object monitor)
        at sun.misc.Unsafe.park(Native Method)
        at java.util.concurrent.locks.LockSupport.park(LockSupport.java:175)
        at java.util.concurrent.locks.AbstractQueuedSynchronizer$ConditionObject.await(AbstractQueuedSynchronizer.java:2039)
        at java.util.concurrent.ScheduledThreadPoolExecutor$DelayedWorkQueue.take(ScheduledThreadPoolExecutor.java:1088)
        at java.util.concurrent.ScheduledThreadPoolExecutor$DelayedWorkQueue.take(ScheduledThreadPoolExecutor.java:809)
        at java.util.concurrent.ThreadPoolExecutor.getTask(ThreadPoolExecutor.java:1074)
        at java.util.concurrent.ThreadPoolExecutor.runWorker(ThreadPoolExecutor.java:1134)
        at java.util.concurrent.ThreadPoolExecutor$Worker.run(ThreadPoolExecutor.java:624)
        at java.lang.Thread.run(Thread.java:750)
"BlockDeletingService#0" daemon prio=5 tid=537 timed_waiting
java.lang.Thread.State: TIMED_WAITING
        at sun.misc.Unsafe.park(Native Method)
        at java.util.concurrent.locks.LockSupport.parkNanos(LockSupport.java:215)
        at java.util.concurrent.locks.AbstractQueuedSynchronizer$ConditionObject.awaitNanos(AbstractQueuedSynchronizer.java:2078)
        at java.util.concurrent.ScheduledThreadPoolExecutor$DelayedWorkQueue.take(ScheduledThreadPoolExecutor.java:1093)
        at java.util.concurrent.ScheduledThreadPoolExecutor$DelayedWorkQueue.take(ScheduledThreadPoolExecutor.java:809)
        at java.util.concurrent.ThreadPoolExecutor.getTask(ThreadPoolExecutor.java:1074)
        at java.util.concurrent.ThreadPoolExecutor.runWorker(ThreadPoolExecutor.java:1134)
        at java.util.concurrent.ThreadPoolExecutor$Worker.run(ThreadPoolExecutor.java:624)
        at java.lang.Thread.run(Thread.java:750)
"org.apache.hadoop.util.JvmPauseMonitor$Monitor@5ff6d9cf" daemon prio=5 tid=484 timed_waiting
java.lang.Thread.State: TIMED_WAITING
        at java.lang.Thread.sleep(Native Method)
        at org.apache.hadoop.util.JvmPauseMonitor$Monitor.run(JvmPauseMonitor.java:192)
        at java.lang.Thread.run(Thread.java:750)
"Datanode ReportManager Thread - 2" daemon prio=5 tid=275 in Object.wait()
java.lang.Thread.State: WAITING (on object monitor)
        at sun.misc.Unsafe.park(Native Method)
        at java.util.concurrent.locks.LockSupport.park(LockSupport.java:175)
        at java.util.concurrent.locks.AbstractQueuedSynchronizer$ConditionObject.await(AbstractQueuedSynchronizer.java:2039)
        at java.util.concurrent.ScheduledThreadPoolExecutor$DelayedWorkQueue.take(ScheduledThreadPoolExecutor.java:1088)
        at java.util.concurrent.ScheduledThreadPoolExecutor$DelayedWorkQueue.take(ScheduledThreadPoolExecutor.java:809)
        at java.util.concurrent.ThreadPoolExecutor.getTask(ThreadPoolExecutor.java:1074)
        at java.util.concurrent.ThreadPoolExecutor.runWorker(ThreadPoolExecutor.java:1134)
        at java.util.concurrent.ThreadPoolExecutor$Worker.run(ThreadPoolExecutor.java:624)
        at java.lang.Thread.run(Thread.java:750)
"7726e7f5-b74c-4e4a-9680-a65a67c105af@group-788D5277D0CF-StateMachineUpdater" daemon prio=5 tid=653 timed_waiting
java.lang.Thread.State: TIMED_WAITING
        at sun.misc.Unsafe.park(Native Method)
        at java.util.concurrent.locks.LockSupport.parkNanos(LockSupport.java:215)
        at java.util.concurrent.locks.AbstractQueuedSynchronizer$ConditionObject.await(AbstractQueuedSynchronizer.java:2163)
        at org.apache.ratis.util.AwaitForSignal.await(AwaitForSignal.java:62)
        at org.apache.ratis.server.impl.StateMachineUpdater.waitForCommit(StateMachineUpdater.java:207)
        at org.apache.ratis.server.impl.StateMachineUpdater.run(StateMachineUpdater.java:176)
        at java.lang.Thread.run(Thread.java:750)
"470e2686-24c9-4e42-bae6-1f3a72650c76@group-8751AA67DF99-SegmentedRaftLogWorker"  prio=5 tid=602 timed_waiting
java.lang.Thread.State: TIMED_WAITING
        at sun.misc.Unsafe.park(Native Method)
        at java.util.concurrent.locks.LockSupport.parkNanos(LockSupport.java:215)
        at java.util.concurrent.locks.AbstractQueuedSynchronizer$ConditionObject.awaitNanos(AbstractQueuedSynchronizer.java:2078)
        at org.apache.ratis.util.DataBlockingQueue.poll(DataBlockingQueue.java:148)
        at org.apache.ratis.server.raftlog.segmented.SegmentedRaftLogWorker.run(SegmentedRaftLogWorker.java:312)
        at org.apache.ratis.server.raftlog.segmented.SegmentedRaftLogWorker$$Lambda$667/1522169736.run(Unknown Source)
        at java.lang.Thread.run(Thread.java:750)
"Datanode ReportManager Thread - 0" daemon prio=5 tid=478 in Object.wait()
java.lang.Thread.State: WAITING (on object monitor)
        at sun.misc.Unsafe.park(Native Method)
        at java.util.concurrent.locks.LockSupport.park(LockSupport.java:175)
        at java.util.concurrent.locks.AbstractQueuedSynchronizer$ConditionObject.await(AbstractQueuedSynchronizer.java:2039)
        at java.util.concurrent.ScheduledThreadPoolExecutor$DelayedWorkQueue.take(ScheduledThreadPoolExecutor.java:1088)
        at java.util.concurrent.ScheduledThreadPoolExecutor$DelayedWorkQueue.take(ScheduledThreadPoolExecutor.java:809)
        at java.util.concurrent.ThreadPoolExecutor.getTask(ThreadPoolExecutor.java:1074)
        at java.util.concurrent.ThreadPoolExecutor.runWorker(ThreadPoolExecutor.java:1134)
        at java.util.concurrent.ThreadPoolExecutor$Worker.run(ThreadPoolExecutor.java:624)
        at java.lang.Thread.run(Thread.java:750)
"Session-HouseKeeper-5f3bf818-1"  prio=5 tid=464 timed_waiting
java.lang.Thread.State: TIMED_WAITING
        at sun.misc.Unsafe.park(Native Method)
        at java.util.concurrent.locks.LockSupport.parkNanos(LockSupport.java:215)
        at java.util.concurrent.locks.AbstractQueuedSynchronizer$ConditionObject.awaitNanos(AbstractQueuedSynchronizer.java:2078)
        at java.util.concurrent.ScheduledThreadPoolExecutor$DelayedWorkQueue.take(ScheduledThreadPoolExecutor.java:1093)
        at java.util.concurrent.ScheduledThreadPoolExecutor$DelayedWorkQueue.take(ScheduledThreadPoolExecutor.java:809)
        at java.util.concurrent.ThreadPoolExecutor.getTask(ThreadPoolExecutor.java:1074)
        at java.util.concurrent.ThreadPoolExecutor.runWorker(ThreadPoolExecutor.java:1134)
        at java.util.concurrent.ThreadPoolExecutor$Worker.run(ThreadPoolExecutor.java:624)
        at java.lang.Thread.run(Thread.java:750)
"StaleRecoveringContainerScrubbingService#3" daemon prio=5 tid=922 in Object.wait()
java.lang.Thread.State: WAITING (on object monitor)
        at sun.misc.Unsafe.park(Native Method)
        at java.util.concurrent.locks.LockSupport.park(LockSupport.java:175)
        at java.util.concurrent.locks.AbstractQueuedSynchronizer$ConditionObject.await(AbstractQueuedSynchronizer.java:2039)
        at java.util.concurrent.ScheduledThreadPoolExecutor$DelayedWorkQueue.take(ScheduledThreadPoolExecutor.java:1088)
        at java.util.concurrent.ScheduledThreadPoolExecutor$DelayedWorkQueue.take(ScheduledThreadPoolExecutor.java:809)
        at java.util.concurrent.ThreadPoolExecutor.getTask(ThreadPoolExecutor.java:1074)
        at java.util.concurrent.ThreadPoolExecutor.runWorker(ThreadPoolExecutor.java:1134)
        at java.util.concurrent.ThreadPoolExecutor$Worker.run(ThreadPoolExecutor.java:624)
        at java.lang.Thread.run(Thread.java:750)
"qtp1558845628-147" daemon prio=5 tid=147 timed_waiting
java.lang.Thread.State: TIMED_WAITING
        at sun.misc.Unsafe.park(Native Method)
        at java.util.concurrent.locks.LockSupport.parkNanos(LockSupport.java:215)
        at java.util.concurrent.locks.AbstractQueuedSynchronizer$ConditionObject.awaitNanos(AbstractQueuedSynchronizer.java:2078)
        at org.eclipse.jetty.util.BlockingArrayQueue.poll(BlockingArrayQueue.java:382)
        at org.eclipse.jetty.util.thread.QueuedThreadPool$Runner.idleJobPoll(QueuedThreadPool.java:974)
        at org.eclipse.jetty.util.thread.QueuedThreadPool$Runner.run(QueuedThreadPool.java:1018)
        at java.lang.Thread.run(Thread.java:750)
"IPC Server handler 13 on default port 44149" daemon prio=5 tid=166 timed_waiting
java.lang.Thread.State: TIMED_WAITING
        at sun.misc.Unsafe.park(Native Method)
        at java.util.concurrent.locks.LockSupport.parkNanos(LockSupport.java:215)
        at java.util.concurrent.locks.AbstractQueuedSynchronizer$ConditionObject.awaitNanos(AbstractQueuedSynchronizer.java:2078)
        at java.util.concurrent.LinkedBlockingQueue.poll(LinkedBlockingQueue.java:467)
        at org.apache.hadoop.ipc.CallQueueManager.take(CallQueueManager.java:317)
        at org.apache.hadoop.ipc.Server$Handler.run(Server.java:2942)
"IPC Server listener on 0" daemon prio=5 tid=27 runnable
java.lang.Thread.State: RUNNABLE
        at sun.nio.ch.EPollArrayWrapper.epollWait(Native Method)
        at sun.nio.ch.EPollArrayWrapper.poll(EPollArrayWrapper.java:269)
        at sun.nio.ch.EPollSelectorImpl.doSelect(EPollSelectorImpl.java:93)
        at sun.nio.ch.SelectorImpl.lockAndDoSelect(SelectorImpl.java:86)
        at sun.nio.ch.SelectorImpl.select(SelectorImpl.java:97)
        at sun.nio.ch.SelectorImpl.select(SelectorImpl.java:101)
        at org.apache.hadoop.ipc.Server$Listener.run(Server.java:1358)
"om1-client-thread1" daemon prio=5 tid=772 timed_waiting
java.lang.Thread.State: TIMED_WAITING
        at sun.misc.Unsafe.park(Native Method)
        at java.util.concurrent.locks.LockSupport.parkNanos(LockSupport.java:215)
        at java.util.concurrent.SynchronousQueue$TransferStack.awaitFulfill(SynchronousQueue.java:460)
        at java.util.concurrent.SynchronousQueue$TransferStack.transfer(SynchronousQueue.java:362)
        at java.util.concurrent.SynchronousQueue.poll(SynchronousQueue.java:941)
        at java.util.concurrent.ThreadPoolExecutor.getTask(ThreadPoolExecutor.java:1073)
        at java.util.concurrent.ThreadPoolExecutor.runWorker(ThreadPoolExecutor.java:1134)
        at java.util.concurrent.ThreadPoolExecutor$Worker.run(ThreadPoolExecutor.java:624)
        at java.lang.Thread.run(Thread.java:750)
"ChunkReader-3" daemon prio=5 tid=837 in Object.wait()
java.lang.Thread.State: WAITING (on object monitor)
        at sun.misc.Unsafe.park(Native Method)
        at java.util.concurrent.locks.LockSupport.park(LockSupport.java:175)
        at java.util.concurrent.locks.AbstractQueuedSynchronizer$ConditionObject.await(AbstractQueuedSynchronizer.java:2039)
        at java.util.concurrent.LinkedBlockingQueue.take(LinkedBlockingQueue.java:442)
        at java.util.concurrent.ThreadPoolExecutor.getTask(ThreadPoolExecutor.java:1074)
        at java.util.concurrent.ThreadPoolExecutor.runWorker(ThreadPoolExecutor.java:1134)
        at java.util.concurrent.ThreadPoolExecutor$Worker.run(ThreadPoolExecutor.java:624)
        at java.lang.Thread.run(Thread.java:750)
"cc93147f-bc2d-4803-9a7c-bfa6df100165@group-B4A2B59BA7D6-StateMachineUpdater" daemon prio=5 tid=642 timed_waiting
java.lang.Thread.State: TIMED_WAITING
        at sun.misc.Unsafe.park(Native Method)
        at java.util.concurrent.locks.LockSupport.parkNanos(LockSupport.java:215)
        at java.util.concurrent.locks.AbstractQueuedSynchronizer$ConditionObject.await(AbstractQueuedSynchronizer.java:2163)
        at org.apache.ratis.util.AwaitForSignal.await(AwaitForSignal.java:62)
        at org.apache.ratis.server.impl.StateMachineUpdater.waitForCommit(StateMachineUpdater.java:207)
        at org.apache.ratis.server.impl.StateMachineUpdater.run(StateMachineUpdater.java:176)
        at java.lang.Thread.run(Thread.java:750)
"ChunkWriter-3-0" daemon prio=5 tid=546 in Object.wait()
java.lang.Thread.State: WAITING (on object monitor)
        at sun.misc.Unsafe.park(Native Method)
        at java.util.concurrent.locks.LockSupport.park(LockSupport.java:175)
        at java.util.concurrent.locks.AbstractQueuedSynchronizer$ConditionObject.await(AbstractQueuedSynchronizer.java:2039)
        at java.util.concurrent.LinkedBlockingDeque.takeFirst(LinkedBlockingDeque.java:492)
        at java.util.concurrent.LinkedBlockingDeque.take(LinkedBlockingDeque.java:680)
        at java.util.concurrent.ThreadPoolExecutor.getTask(ThreadPoolExecutor.java:1074)
        at java.util.concurrent.ThreadPoolExecutor.runWorker(ThreadPoolExecutor.java:1134)
        at java.util.concurrent.ThreadPoolExecutor$Worker.run(ThreadPoolExecutor.java:624)
        at java.lang.Thread.run(Thread.java:750)
"BlockDeletingService#3" daemon prio=5 tid=1151 in Object.wait()
java.lang.Thread.State: WAITING (on object monitor)
        at sun.misc.Unsafe.park(Native Method)
        at java.util.concurrent.locks.LockSupport.park(LockSupport.java:175)
        at java.util.concurrent.locks.AbstractQueuedSynchronizer$ConditionObject.await(AbstractQueuedSynchronizer.java:2039)
        at java.util.concurrent.ScheduledThreadPoolExecutor$DelayedWorkQueue.take(ScheduledThreadPoolExecutor.java:1088)
        at java.util.concurrent.ScheduledThreadPoolExecutor$DelayedWorkQueue.take(ScheduledThreadPoolExecutor.java:809)
        at java.util.concurrent.ThreadPoolExecutor.getTask(ThreadPoolExecutor.java:1074)
        at java.util.concurrent.ThreadPoolExecutor.runWorker(ThreadPoolExecutor.java:1134)
        at java.util.concurrent.ThreadPoolExecutor$Worker.run(ThreadPoolExecutor.java:624)
        at java.lang.Thread.run(Thread.java:750)
"831a834c-0d76-4477-9113-3f6aa01da917@group-8751AA67DF99->470e2686-24c9-4e42-bae6-1f3a72650c76-GrpcLogAppender-LogAppenderDaemon" daemon prio=5 tid=789 timed_waiting
java.lang.Thread.State: TIMED_WAITING
        at sun.misc.Unsafe.park(Native Method)
        at java.util.concurrent.locks.LockSupport.parkNanos(LockSupport.java:215)
        at java.util.concurrent.locks.AbstractQueuedSynchronizer$ConditionObject.await(AbstractQueuedSynchronizer.java:2163)
        at org.apache.ratis.util.AwaitForSignal.await(AwaitForSignal.java:62)
        at org.apache.ratis.grpc.server.GrpcLogAppender.mayWait(GrpcLogAppender.java:198)
        at org.apache.ratis.grpc.server.GrpcLogAppender.run(GrpcLogAppender.java:148)
        at org.apache.ratis.server.leader.LogAppenderDaemon.run(LogAppenderDaemon.java:78)
        at org.apache.ratis.server.leader.LogAppenderDaemon$$Lambda$1043/1492857369.run(Unknown Source)
        at java.lang.Thread.run(Thread.java:750)
"qtp381504811-214" daemon prio=5 tid=214 timed_waiting
java.lang.Thread.State: TIMED_WAITING
        at sun.misc.Unsafe.park(Native Method)
        at java.util.concurrent.locks.LockSupport.parkNanos(LockSupport.java:215)
        at java.util.concurrent.locks.AbstractQueuedSynchronizer$ConditionObject.awaitNanos(AbstractQueuedSynchronizer.java:2078)
        at org.eclipse.jetty.util.BlockingArrayQueue.poll(BlockingArrayQueue.java:382)
        at org.eclipse.jetty.util.thread.QueuedThreadPool$Runner.idleJobPoll(QueuedThreadPool.java:974)
        at org.eclipse.jetty.util.thread.QueuedThreadPool$Runner.run(QueuedThreadPool.java:1018)
        at java.lang.Thread.run(Thread.java:750)
"Session-HouseKeeper-18d1e4d0-1"  prio=5 tid=426 timed_waiting
java.lang.Thread.State: TIMED_WAITING
        at sun.misc.Unsafe.park(Native Method)
        at java.util.concurrent.locks.LockSupport.parkNanos(LockSupport.java:215)
        at java.util.concurrent.locks.AbstractQueuedSynchronizer$ConditionObject.awaitNanos(AbstractQueuedSynchronizer.java:2078)
        at java.util.concurrent.ScheduledThreadPoolExecutor$DelayedWorkQueue.take(ScheduledThreadPoolExecutor.java:1093)
        at java.util.concurrent.ScheduledThreadPoolExecutor$DelayedWorkQueue.take(ScheduledThreadPoolExecutor.java:809)
        at java.util.concurrent.ThreadPoolExecutor.getTask(ThreadPoolExecutor.java:1074)
        at java.util.concurrent.ThreadPoolExecutor.runWorker(ThreadPoolExecutor.java:1134)
        at java.util.concurrent.ThreadPoolExecutor$Worker.run(ThreadPoolExecutor.java:624)
        at java.lang.Thread.run(Thread.java:750)
"org.apache.hadoop.ozone.container.common.statemachine.commandhandler.DeleteBlocksCommandHandler$DeleteCmdWorker@7e475bb5" daemon prio=5 tid=181 timed_waiting
java.lang.Thread.State: TIMED_WAITING
        at java.lang.Thread.sleep(Native Method)
        at org.apache.hadoop.ozone.container.common.statemachine.commandhandler.DeleteBlocksCommandHandler$DeleteCmdWorker.run(DeleteBlocksCommandHandler.java:184)
        at java.lang.Thread.run(Thread.java:750)
"SCMBlockDeletingService#0" daemon prio=5 tid=106 timed_waiting
java.lang.Thread.State: TIMED_WAITING
        at sun.misc.Unsafe.park(Native Method)
        at java.util.concurrent.locks.LockSupport.parkNanos(LockSupport.java:215)
        at java.util.concurrent.locks.AbstractQueuedSynchronizer$ConditionObject.awaitNanos(AbstractQueuedSynchronizer.java:2078)
        at java.util.concurrent.ScheduledThreadPoolExecutor$DelayedWorkQueue.take(ScheduledThreadPoolExecutor.java:1093)
        at java.util.concurrent.ScheduledThreadPoolExecutor$DelayedWorkQueue.take(ScheduledThreadPoolExecutor.java:809)
        at java.util.concurrent.ThreadPoolExecutor.getTask(ThreadPoolExecutor.java:1074)
        at java.util.concurrent.ThreadPoolExecutor.runWorker(ThreadPoolExecutor.java:1134)
        at java.util.concurrent.ThreadPoolExecutor$Worker.run(ThreadPoolExecutor.java:624)
        at java.lang.Thread.run(Thread.java:750)
"ChunkReader-1" daemon prio=5 tid=1069 in Object.wait()
java.lang.Thread.State: WAITING (on object monitor)
        at sun.misc.Unsafe.park(Native Method)
        at java.util.concurrent.locks.LockSupport.park(LockSupport.java:175)
        at java.util.concurrent.locks.AbstractQueuedSynchronizer$ConditionObject.await(AbstractQueuedSynchronizer.java:2039)
        at java.util.concurrent.LinkedBlockingQueue.take(LinkedBlockingQueue.java:442)
        at java.util.concurrent.ThreadPoolExecutor.getTask(ThreadPoolExecutor.java:1074)
        at java.util.concurrent.ThreadPoolExecutor.runWorker(ThreadPoolExecutor.java:1134)
        at java.util.concurrent.ThreadPoolExecutor$Worker.run(ThreadPoolExecutor.java:624)
        at java.lang.Thread.run(Thread.java:750)
"Datanode ReportManager Thread - 1" daemon prio=5 tid=479 timed_waiting
java.lang.Thread.State: TIMED_WAITING
        at sun.misc.Unsafe.park(Native Method)
        at java.util.concurrent.locks.LockSupport.parkNanos(LockSupport.java:215)
        at java.util.concurrent.locks.AbstractQueuedSynchronizer$ConditionObject.awaitNanos(AbstractQueuedSynchronizer.java:2078)
        at java.util.concurrent.ScheduledThreadPoolExecutor$DelayedWorkQueue.take(ScheduledThreadPoolExecutor.java:1093)
        at java.util.concurrent.ScheduledThreadPoolExecutor$DelayedWorkQueue.take(ScheduledThreadPoolExecutor.java:809)
        at java.util.concurrent.ThreadPoolExecutor.getTask(ThreadPoolExecutor.java:1074)
        at java.util.concurrent.ThreadPoolExecutor.runWorker(ThreadPoolExecutor.java:1134)
        at java.util.concurrent.ThreadPoolExecutor$Worker.run(ThreadPoolExecutor.java:624)
        at java.lang.Thread.run(Thread.java:750)
"PartialTableCache Cleanup Thread - 0" daemon prio=5 tid=1088 in Object.wait()
java.lang.Thread.State: WAITING (on object monitor)
        at sun.misc.Unsafe.park(Native Method)
        at java.util.concurrent.locks.LockSupport.park(LockSupport.java:175)
        at java.util.concurrent.locks.AbstractQueuedSynchronizer$ConditionObject.await(AbstractQueuedSynchronizer.java:2039)
        at java.util.concurrent.LinkedBlockingQueue.take(LinkedBlockingQueue.java:442)
        at java.util.concurrent.ThreadPoolExecutor.getTask(ThreadPoolExecutor.java:1074)
        at java.util.concurrent.ThreadPoolExecutor.runWorker(ThreadPoolExecutor.java:1134)
        at java.util.concurrent.ThreadPoolExecutor$Worker.run(ThreadPoolExecutor.java:624)
        at java.lang.Thread.run(Thread.java:750)
"JvmPauseMonitor10" daemon prio=5 tid=559 timed_waiting
java.lang.Thread.State: TIMED_WAITING
        at java.lang.Thread.sleep(Native Method)
        at java.lang.Thread.sleep(Thread.java:342)
        at java.util.concurrent.TimeUnit.sleep(TimeUnit.java:386)
        at org.apache.ratis.util.TimeDuration.sleep(TimeDuration.java:325)
        at org.apache.ratis.util.TimeDuration.sleep(TimeDuration.java:310)
        at org.apache.ratis.util.JvmPauseMonitor.detectPause(JvmPauseMonitor.java:119)
        at org.apache.ratis.util.JvmPauseMonitor.run(JvmPauseMonitor.java:108)
        at org.apache.ratis.util.JvmPauseMonitor$$Lambda$708/135372099.run(Unknown Source)
        at java.lang.Thread.run(Thread.java:750)
"StaleRecoveringContainerScrubbingService#2" daemon prio=5 tid=690 timed_waiting
java.lang.Thread.State: TIMED_WAITING
        at sun.misc.Unsafe.park(Native Method)
        at java.util.concurrent.locks.LockSupport.parkNanos(LockSupport.java:215)
        at java.util.concurrent.locks.AbstractQueuedSynchronizer$ConditionObject.awaitNanos(AbstractQueuedSynchronizer.java:2078)
        at java.util.concurrent.ScheduledThreadPoolExecutor$DelayedWorkQueue.take(ScheduledThreadPoolExecutor.java:1093)
        at java.util.concurrent.ScheduledThreadPoolExecutor$DelayedWorkQueue.take(ScheduledThreadPoolExecutor.java:809)
        at java.util.concurrent.ThreadPoolExecutor.getTask(ThreadPoolExecutor.java:1074)
        at java.util.concurrent.ThreadPoolExecutor.runWorker(ThreadPoolExecutor.java:1134)
        at java.util.concurrent.ThreadPoolExecutor$Worker.run(ThreadPoolExecutor.java:624)
        at java.lang.Thread.run(Thread.java:750)
"org.apache.hadoop.ozone.container.common.statemachine.commandhandler.DeleteBlocksCommandHandler$DeleteCmdWorker@71865688" daemon prio=5 tid=416 timed_waiting
java.lang.Thread.State: TIMED_WAITING
        at java.lang.Thread.sleep(Native Method)
        at org.apache.hadoop.ozone.container.common.statemachine.commandhandler.DeleteBlocksCommandHandler$DeleteCmdWorker.run(DeleteBlocksCommandHandler.java:184)
        at java.lang.Thread.run(Thread.java:750)
"prometheus" daemon prio=5 tid=118 in Object.wait()
java.lang.Thread.State: WAITING (on object monitor)
        at java.lang.Object.wait(Native Method)
        at java.lang.Object.wait(Object.java:502)
        at org.apache.hadoop.metrics2.impl.SinkQueue.waitForData(SinkQueue.java:114)
        at org.apache.hadoop.metrics2.impl.SinkQueue.consumeAll(SinkQueue.java:83)
        at org.apache.hadoop.metrics2.impl.MetricsSinkAdapter.publishMetricsFromQueue(MetricsSinkAdapter.java:135)
        at org.apache.hadoop.metrics2.impl.MetricsSinkAdapter$1.run(MetricsSinkAdapter.java:89)
"Datanode ReportManager Thread - 3" daemon prio=5 tid=276 timed_waiting
java.lang.Thread.State: TIMED_WAITING
        at sun.misc.Unsafe.park(Native Method)
        at java.util.concurrent.locks.LockSupport.parkNanos(LockSupport.java:215)
        at java.util.concurrent.locks.AbstractQueuedSynchronizer$ConditionObject.awaitNanos(AbstractQueuedSynchronizer.java:2078)
        at java.util.concurrent.ScheduledThreadPoolExecutor$DelayedWorkQueue.take(ScheduledThreadPoolExecutor.java:1093)
        at java.util.concurrent.ScheduledThreadPoolExecutor$DelayedWorkQueue.take(ScheduledThreadPoolExecutor.java:809)
        at java.util.concurrent.ThreadPoolExecutor.getTask(ThreadPoolExecutor.java:1074)
        at java.util.concurrent.ThreadPoolExecutor.runWorker(ThreadPoolExecutor.java:1134)
        at java.util.concurrent.ThreadPoolExecutor$Worker.run(ThreadPoolExecutor.java:624)
        at java.lang.Thread.run(Thread.java:750)
"StaleRecoveringContainerScrubbingService#4" daemon prio=5 tid=934 in Object.wait()
java.lang.Thread.State: WAITING (on object monitor)
        at sun.misc.Unsafe.park(Native Method)
        at java.util.concurrent.locks.LockSupport.park(LockSupport.java:175)
        at java.util.concurrent.locks.AbstractQueuedSynchronizer$ConditionObject.await(AbstractQueuedSynchronizer.java:2039)
        at java.util.concurrent.ScheduledThreadPoolExecutor$DelayedWorkQueue.take(ScheduledThreadPoolExecutor.java:1088)
        at java.util.concurrent.ScheduledThreadPoolExecutor$DelayedWorkQueue.take(ScheduledThreadPoolExecutor.java:809)
        at java.util.concurrent.ThreadPoolExecutor.getTask(ThreadPoolExecutor.java:1074)
        at java.util.concurrent.ThreadPoolExecutor.runWorker(ThreadPoolExecutor.java:1134)
        at java.util.concurrent.ThreadPoolExecutor$Worker.run(ThreadPoolExecutor.java:624)
        at java.lang.Thread.run(Thread.java:750)
"EventQueue-CommandQueueReportForCommandQueueReportHandler" daemon prio=5 tid=565 in Object.wait()
java.lang.Thread.State: WAITING (on object monitor)
        at sun.misc.Unsafe.park(Native Method)
        at java.util.concurrent.locks.LockSupport.park(LockSupport.java:175)
        at java.util.concurrent.locks.AbstractQueuedSynchronizer$ConditionObject.await(AbstractQueuedSynchronizer.java:2039)
        at java.util.concurrent.LinkedBlockingQueue.take(LinkedBlockingQueue.java:442)
        at java.util.concurrent.ThreadPoolExecutor.getTask(ThreadPoolExecutor.java:1074)
        at java.util.concurrent.ThreadPoolExecutor.runWorker(ThreadPoolExecutor.java:1134)
        at java.util.concurrent.ThreadPoolExecutor$Worker.run(ThreadPoolExecutor.java:624)
        at java.lang.Thread.run(Thread.java:750)
"BlockDeletingService#0" daemon prio=5 tid=494 timed_waiting
java.lang.Thread.State: TIMED_WAITING
        at sun.misc.Unsafe.park(Native Method)
        at java.util.concurrent.locks.LockSupport.parkNanos(LockSupport.java:215)
        at java.util.concurrent.locks.AbstractQueuedSynchronizer$ConditionObject.awaitNanos(AbstractQueuedSynchronizer.java:2078)
        at java.util.concurrent.ScheduledThreadPoolExecutor$DelayedWorkQueue.take(ScheduledThreadPoolExecutor.java:1093)
        at java.util.concurrent.ScheduledThreadPoolExecutor$DelayedWorkQueue.take(ScheduledThreadPoolExecutor.java:809)
        at java.util.concurrent.ThreadPoolExecutor.getTask(ThreadPoolExecutor.java:1074)
        at java.util.concurrent.ThreadPoolExecutor.runWorker(ThreadPoolExecutor.java:1134)
        at java.util.concurrent.ThreadPoolExecutor$Worker.run(ThreadPoolExecutor.java:624)
        at java.lang.Thread.run(Thread.java:750)
"qtp1905824639-381-acceptor-0@65619474-ServerConnector@6de21950{HTTP/1.1, (http/1.1)}{0.0.0.0:37081}" daemon prio=3 tid=381 runnable
java.lang.Thread.State: RUNNABLE
        at sun.nio.ch.ServerSocketChannelImpl.accept0(Native Method)
        at sun.nio.ch.ServerSocketChannelImpl.accept(ServerSocketChannelImpl.java:421)
        at sun.nio.ch.ServerSocketChannelImpl.accept(ServerSocketChannelImpl.java:249)
        at org.eclipse.jetty.server.ServerConnector.accept(ServerConnector.java:388)
        at org.eclipse.jetty.server.AbstractConnector$Acceptor.run(AbstractConnector.java:704)
        at org.eclipse.jetty.util.thread.QueuedThreadPool.runJob(QueuedThreadPool.java:883)
        at org.eclipse.jetty.util.thread.QueuedThreadPool$Runner.run(QueuedThreadPool.java:1034)
        at java.lang.Thread.run(Thread.java:750)
"pool-229-thread-1" daemon prio=5 tid=375 timed_waiting
java.lang.Thread.State: TIMED_WAITING
        at sun.misc.Unsafe.park(Native Method)
        at java.util.concurrent.locks.LockSupport.parkNanos(LockSupport.java:215)
        at java.util.concurrent.locks.AbstractQueuedSynchronizer$ConditionObject.awaitNanos(AbstractQueuedSynchronizer.java:2078)
        at java.util.concurrent.ScheduledThreadPoolExecutor$DelayedWorkQueue.take(ScheduledThreadPoolExecutor.java:1093)
        at java.util.concurrent.ScheduledThreadPoolExecutor$DelayedWorkQueue.take(ScheduledThreadPoolExecutor.java:809)
        at java.util.concurrent.ThreadPoolExecutor.getTask(ThreadPoolExecutor.java:1074)
        at java.util.concurrent.ThreadPoolExecutor.runWorker(ThreadPoolExecutor.java:1134)
        at java.util.concurrent.ThreadPoolExecutor$Worker.run(ThreadPoolExecutor.java:624)
        at java.lang.Thread.run(Thread.java:750)
"831a834c-0d76-4477-9113-3f6aa01da917-server-thread3" daemon prio=5 tid=900 timed_waiting
java.lang.Thread.State: TIMED_WAITING
        at sun.misc.Unsafe.park(Native Method)
        at java.util.concurrent.locks.LockSupport.parkNanos(LockSupport.java:215)
        at java.util.concurrent.SynchronousQueue$TransferStack.awaitFulfill(SynchronousQueue.java:460)
        at java.util.concurrent.SynchronousQueue$TransferStack.transfer(SynchronousQueue.java:362)
        at java.util.concurrent.SynchronousQueue.poll(SynchronousQueue.java:941)
        at java.util.concurrent.ThreadPoolExecutor.getTask(ThreadPoolExecutor.java:1073)
        at java.util.concurrent.ThreadPoolExecutor.runWorker(ThreadPoolExecutor.java:1134)
        at java.util.concurrent.ThreadPoolExecutor$Worker.run(ThreadPoolExecutor.java:624)
        at java.lang.Thread.run(Thread.java:750)
"3ddade9d-4289-4127-b7c4-830dd518ff0a-server-thread2" daemon prio=5 tid=855 timed_waiting
java.lang.Thread.State: TIMED_WAITING
        at sun.misc.Unsafe.park(Native Method)
        at java.util.concurrent.locks.LockSupport.parkNanos(LockSupport.java:215)
        at java.util.concurrent.SynchronousQueue$TransferStack.awaitFulfill(SynchronousQueue.java:460)
        at java.util.concurrent.SynchronousQueue$TransferStack.transfer(SynchronousQueue.java:362)
        at java.util.concurrent.SynchronousQueue.poll(SynchronousQueue.java:941)
        at java.util.concurrent.ThreadPoolExecutor.getTask(ThreadPoolExecutor.java:1073)
        at java.util.concurrent.ThreadPoolExecutor.runWorker(ThreadPoolExecutor.java:1134)
        at java.util.concurrent.ThreadPoolExecutor$Worker.run(ThreadPoolExecutor.java:624)
        at java.lang.Thread.run(Thread.java:750)
"StaleRecoveringContainerScrubbingService#4" daemon prio=5 tid=930 in Object.wait()
java.lang.Thread.State: WAITING (on object monitor)
        at sun.misc.Unsafe.park(Native Method)
        at java.util.concurrent.locks.LockSupport.park(LockSupport.java:175)
        at java.util.concurrent.locks.AbstractQueuedSynchronizer$ConditionObject.await(AbstractQueuedSynchronizer.java:2039)
        at java.util.concurrent.ScheduledThreadPoolExecutor$DelayedWorkQueue.take(ScheduledThreadPoolExecutor.java:1088)
        at java.util.concurrent.ScheduledThreadPoolExecutor$DelayedWorkQueue.take(ScheduledThreadPoolExecutor.java:809)
        at java.util.concurrent.ThreadPoolExecutor.getTask(ThreadPoolExecutor.java:1074)
        at java.util.concurrent.ThreadPoolExecutor.runWorker(ThreadPoolExecutor.java:1134)
        at java.util.concurrent.ThreadPoolExecutor$Worker.run(ThreadPoolExecutor.java:624)
        at java.lang.Thread.run(Thread.java:750)
"ChunkReader-ELG-0" daemon prio=5 tid=493 runnable
java.lang.Thread.State: RUNNABLE
        at org.apache.ratis.thirdparty.io.netty.channel.epoll.Native.epollWait0(Native Method)
        at org.apache.ratis.thirdparty.io.netty.channel.epoll.Native.epollWait(Native.java:182)
        at org.apache.ratis.thirdparty.io.netty.channel.epoll.EpollEventLoop.epollWait(EpollEventLoop.java:290)
        at org.apache.ratis.thirdparty.io.netty.channel.epoll.EpollEventLoop.run(EpollEventLoop.java:354)
        at org.apache.ratis.thirdparty.io.netty.util.concurrent.SingleThreadEventExecutor$4.run(SingleThreadEventExecutor.java:995)
        at org.apache.ratis.thirdparty.io.netty.util.internal.ThreadExecutorMap$2.run(ThreadExecutorMap.java:74)
        at java.lang.Thread.run(Thread.java:750)
"Session-HouseKeeper-1c0cea8e-1"  prio=5 tid=323 timed_waiting
java.lang.Thread.State: TIMED_WAITING
        at sun.misc.Unsafe.park(Native Method)
        at java.util.concurrent.locks.LockSupport.parkNanos(LockSupport.java:215)
        at java.util.concurrent.locks.AbstractQueuedSynchronizer$ConditionObject.awaitNanos(AbstractQueuedSynchronizer.java:2078)
        at java.util.concurrent.ScheduledThreadPoolExecutor$DelayedWorkQueue.take(ScheduledThreadPoolExecutor.java:1093)
        at java.util.concurrent.ScheduledThreadPoolExecutor$DelayedWorkQueue.take(ScheduledThreadPoolExecutor.java:809)
        at java.util.concurrent.ThreadPoolExecutor.getTask(ThreadPoolExecutor.java:1074)
        at java.util.concurrent.ThreadPoolExecutor.runWorker(ThreadPoolExecutor.java:1134)
        at java.util.concurrent.ThreadPoolExecutor$Worker.run(ThreadPoolExecutor.java:624)
        at java.lang.Thread.run(Thread.java:750)
"BlockDeletingService#1" daemon prio=5 tid=399 in Object.wait()
java.lang.Thread.State: WAITING (on object monitor)
        at sun.misc.Unsafe.park(Native Method)
        at java.util.concurrent.locks.LockSupport.park(LockSupport.java:175)
        at java.util.concurrent.locks.AbstractQueuedSynchronizer$ConditionObject.await(AbstractQueuedSynchronizer.java:2039)
        at java.util.concurrent.ScheduledThreadPoolExecutor$DelayedWorkQueue.take(ScheduledThreadPoolExecutor.java:1088)
        at java.util.concurrent.ScheduledThreadPoolExecutor$DelayedWorkQueue.take(ScheduledThreadPoolExecutor.java:809)
        at java.util.concurrent.ThreadPoolExecutor.getTask(ThreadPoolExecutor.java:1074)
        at java.util.concurrent.ThreadPoolExecutor.runWorker(ThreadPoolExecutor.java:1134)
        at java.util.concurrent.ThreadPoolExecutor$Worker.run(ThreadPoolExecutor.java:624)
        at java.lang.Thread.run(Thread.java:750)
"Datanode ReportManager Thread - 4" daemon prio=5 tid=277 timed_waiting
java.lang.Thread.State: TIMED_WAITING
        at sun.misc.Unsafe.park(Native Method)
        at java.util.concurrent.locks.LockSupport.parkNanos(LockSupport.java:215)
        at java.util.concurrent.locks.AbstractQueuedSynchronizer$ConditionObject.awaitNanos(AbstractQueuedSynchronizer.java:2078)
        at java.util.concurrent.ScheduledThreadPoolExecutor$DelayedWorkQueue.take(ScheduledThreadPoolExecutor.java:1093)
        at java.util.concurrent.ScheduledThreadPoolExecutor$DelayedWorkQueue.take(ScheduledThreadPoolExecutor.java:809)
        at java.util.concurrent.ThreadPoolExecutor.getTask(ThreadPoolExecutor.java:1074)
        at java.util.concurrent.ThreadPoolExecutor.runWorker(ThreadPoolExecutor.java:1134)
        at java.util.concurrent.ThreadPoolExecutor$Worker.run(ThreadPoolExecutor.java:624)
        at java.lang.Thread.run(Thread.java:750)
"ChunkReader-5" daemon prio=5 tid=947 in Object.wait()
java.lang.Thread.State: WAITING (on object monitor)
        at sun.misc.Unsafe.park(Native Method)
        at java.util.concurrent.locks.LockSupport.park(LockSupport.java:175)
        at java.util.concurrent.locks.AbstractQueuedSynchronizer$ConditionObject.await(AbstractQueuedSynchronizer.java:2039)
        at java.util.concurrent.LinkedBlockingQueue.take(LinkedBlockingQueue.java:442)
        at java.util.concurrent.ThreadPoolExecutor.getTask(ThreadPoolExecutor.java:1074)
        at java.util.concurrent.ThreadPoolExecutor.runWorker(ThreadPoolExecutor.java:1134)
        at java.util.concurrent.ThreadPoolExecutor$Worker.run(ThreadPoolExecutor.java:624)
        at java.lang.Thread.run(Thread.java:750)
"ChunkWriter-2-0" daemon prio=5 tid=520 in Object.wait()
java.lang.Thread.State: WAITING (on object monitor)
        at sun.misc.Unsafe.park(Native Method)
        at java.util.concurrent.locks.LockSupport.park(LockSupport.java:175)
        at java.util.concurrent.locks.AbstractQueuedSynchronizer$ConditionObject.await(AbstractQueuedSynchronizer.java:2039)
        at java.util.concurrent.LinkedBlockingDeque.takeFirst(LinkedBlockingDeque.java:492)
        at java.util.concurrent.LinkedBlockingDeque.take(LinkedBlockingDeque.java:680)
        at java.util.concurrent.ThreadPoolExecutor.getTask(ThreadPoolExecutor.java:1074)
        at java.util.concurrent.ThreadPoolExecutor.runWorker(ThreadPoolExecutor.java:1134)
        at java.util.concurrent.ThreadPoolExecutor$Worker.run(ThreadPoolExecutor.java:624)
        at java.lang.Thread.run(Thread.java:750)
"Datanode ReportManager Thread - 4" daemon prio=5 tid=303 in Object.wait()
java.lang.Thread.State: WAITING (on object monitor)
        at sun.misc.Unsafe.park(Native Method)
        at java.util.concurrent.locks.LockSupport.park(LockSupport.java:175)
        at java.util.concurrent.locks.AbstractQueuedSynchronizer$ConditionObject.await(AbstractQueuedSynchronizer.java:2039)
        at java.util.concurrent.ScheduledThreadPoolExecutor$DelayedWorkQueue.take(ScheduledThreadPoolExecutor.java:1088)
        at java.util.concurrent.ScheduledThreadPoolExecutor$DelayedWorkQueue.take(ScheduledThreadPoolExecutor.java:809)
        at java.util.concurrent.ThreadPoolExecutor.getTask(ThreadPoolExecutor.java:1074)
        at java.util.concurrent.ThreadPoolExecutor.runWorker(ThreadPoolExecutor.java:1134)
        at java.util.concurrent.ThreadPoolExecutor$Worker.run(ThreadPoolExecutor.java:624)
        at java.lang.Thread.run(Thread.java:750)
"2497daeb-967d-49ad-8f28-1297e8c4c732@group-99BD4D3A3F73-StateMachineUpdater" daemon prio=5 tid=665 timed_waiting
java.lang.Thread.State: TIMED_WAITING
        at sun.misc.Unsafe.park(Native Method)
        at java.util.concurrent.locks.LockSupport.parkNanos(LockSupport.java:215)
        at java.util.concurrent.locks.AbstractQueuedSynchronizer$ConditionObject.await(AbstractQueuedSynchronizer.java:2163)
        at org.apache.ratis.util.AwaitForSignal.await(AwaitForSignal.java:62)
        at org.apache.ratis.server.impl.StateMachineUpdater.waitForCommit(StateMachineUpdater.java:207)
        at org.apache.ratis.server.impl.StateMachineUpdater.run(StateMachineUpdater.java:176)
        at java.lang.Thread.run(Thread.java:750)
"Datanode ReportManager Thread - 3" daemon prio=5 tid=196 in Object.wait()
java.lang.Thread.State: WAITING (on object monitor)
        at sun.misc.Unsafe.park(Native Method)
        at java.util.concurrent.locks.LockSupport.park(LockSupport.java:175)
        at java.util.concurrent.locks.AbstractQueuedSynchronizer$ConditionObject.await(AbstractQueuedSynchronizer.java:2039)
        at java.util.concurrent.ScheduledThreadPoolExecutor$DelayedWorkQueue.take(ScheduledThreadPoolExecutor.java:1088)
        at java.util.concurrent.ScheduledThreadPoolExecutor$DelayedWorkQueue.take(ScheduledThreadPoolExecutor.java:809)
        at java.util.concurrent.ThreadPoolExecutor.getTask(ThreadPoolExecutor.java:1074)
        at java.util.concurrent.ThreadPoolExecutor.runWorker(ThreadPoolExecutor.java:1134)
        at java.util.concurrent.ThreadPoolExecutor$Worker.run(ThreadPoolExecutor.java:624)
        at java.lang.Thread.run(Thread.java:750)
"StaleRecoveringContainerScrubbingService#7" daemon prio=5 tid=1113 in Object.wait()
java.lang.Thread.State: WAITING (on object monitor)
        at sun.misc.Unsafe.park(Native Method)
        at java.util.concurrent.locks.LockSupport.park(LockSupport.java:175)
        at java.util.concurrent.locks.AbstractQueuedSynchronizer$ConditionObject.await(AbstractQueuedSynchronizer.java:2039)
        at java.util.concurrent.ScheduledThreadPoolExecutor$DelayedWorkQueue.take(ScheduledThreadPoolExecutor.java:1088)
        at java.util.concurrent.ScheduledThreadPoolExecutor$DelayedWorkQueue.take(ScheduledThreadPoolExecutor.java:809)
        at java.util.concurrent.ThreadPoolExecutor.getTask(ThreadPoolExecutor.java:1074)
        at java.util.concurrent.ThreadPoolExecutor.runWorker(ThreadPoolExecutor.java:1134)
        at java.util.concurrent.ThreadPoolExecutor$Worker.run(ThreadPoolExecutor.java:624)
        at java.lang.Thread.run(Thread.java:750)
"IPC Server handler 6 on default port 44149" daemon prio=5 tid=159 timed_waiting
java.lang.Thread.State: TIMED_WAITING
        at sun.misc.Unsafe.park(Native Method)
        at java.util.concurrent.locks.LockSupport.parkNanos(LockSupport.java:215)
        at java.util.concurrent.locks.AbstractQueuedSynchronizer$ConditionObject.awaitNanos(AbstractQueuedSynchronizer.java:2078)
        at java.util.concurrent.LinkedBlockingQueue.poll(LinkedBlockingQueue.java:467)
        at org.apache.hadoop.ipc.CallQueueManager.take(CallQueueManager.java:317)
        at org.apache.hadoop.ipc.Server$Handler.run(Server.java:2942)
"OMDoubleBufferFlushThread" daemon prio=5 tid=124 timed_waiting
java.lang.Thread.State: TIMED_WAITING
        at java.lang.Object.wait(Native Method)
        at org.apache.hadoop.ozone.om.ratis.OzoneManagerDoubleBuffer.canFlush(OzoneManagerDoubleBuffer.java:538)
        at org.apache.hadoop.ozone.om.ratis.OzoneManagerDoubleBuffer.flushTransactions(OzoneManagerDoubleBuffer.java:268)
        at org.apache.hadoop.ozone.om.ratis.OzoneManagerDoubleBuffer$$Lambda$502/351491878.run(Unknown Source)
        at java.lang.Thread.run(Thread.java:750)
"IPC Server handler 8 on default port 38325" daemon prio=5 tid=54 timed_waiting
java.lang.Thread.State: TIMED_WAITING
        at sun.misc.Unsafe.park(Native Method)
        at java.util.concurrent.locks.LockSupport.parkNanos(LockSupport.java:215)
        at java.util.concurrent.locks.AbstractQueuedSynchronizer$ConditionObject.awaitNanos(AbstractQueuedSynchronizer.java:2078)
        at java.util.concurrent.LinkedBlockingQueue.poll(LinkedBlockingQueue.java:467)
        at org.apache.hadoop.ipc.CallQueueManager.take(CallQueueManager.java:317)
        at org.apache.hadoop.ipc.Server$Handler.run(Server.java:2942)
"Datanode ReportManager Thread - 3" daemon prio=5 tid=481 in Object.wait()
java.lang.Thread.State: WAITING (on object monitor)
        at sun.misc.Unsafe.park(Native Method)
        at java.util.concurrent.locks.LockSupport.park(LockSupport.java:175)
        at java.util.concurrent.locks.AbstractQueuedSynchronizer$ConditionObject.await(AbstractQueuedSynchronizer.java:2039)
        at java.util.concurrent.ScheduledThreadPoolExecutor$DelayedWorkQueue.take(ScheduledThreadPoolExecutor.java:1088)
        at java.util.concurrent.ScheduledThreadPoolExecutor$DelayedWorkQueue.take(ScheduledThreadPoolExecutor.java:809)
        at java.util.concurrent.ThreadPoolExecutor.getTask(ThreadPoolExecutor.java:1074)
        at java.util.concurrent.ThreadPoolExecutor.runWorker(ThreadPoolExecutor.java:1134)
        at java.util.concurrent.ThreadPoolExecutor$Worker.run(ThreadPoolExecutor.java:624)
        at java.lang.Thread.run(Thread.java:750)
"StaleRecoveringContainerScrubbingService#1" daemon prio=5 tid=361 in Object.wait()
java.lang.Thread.State: WAITING (on object monitor)
        at sun.misc.Unsafe.park(Native Method)
        at java.util.concurrent.locks.LockSupport.park(LockSupport.java:175)
        at java.util.concurrent.locks.AbstractQueuedSynchronizer$ConditionObject.await(AbstractQueuedSynchronizer.java:2039)
        at java.util.concurrent.ScheduledThreadPoolExecutor$DelayedWorkQueue.take(ScheduledThreadPoolExecutor.java:1088)
        at java.util.concurrent.ScheduledThreadPoolExecutor$DelayedWorkQueue.take(ScheduledThreadPoolExecutor.java:809)
        at java.util.concurrent.ThreadPoolExecutor.getTask(ThreadPoolExecutor.java:1074)
        at java.util.concurrent.ThreadPoolExecutor.runWorker(ThreadPoolExecutor.java:1134)
        at java.util.concurrent.ThreadPoolExecutor$Worker.run(ThreadPoolExecutor.java:624)
        at java.lang.Thread.run(Thread.java:750)
"qtp1558845628-149" daemon prio=5 tid=149 timed_waiting
java.lang.Thread.State: TIMED_WAITING
        at sun.misc.Unsafe.park(Native Method)
        at java.util.concurrent.locks.LockSupport.parkNanos(LockSupport.java:215)
        at java.util.concurrent.locks.AbstractQueuedSynchronizer$ConditionObject.awaitNanos(AbstractQueuedSynchronizer.java:2078)
        at org.eclipse.jetty.util.BlockingArrayQueue.poll(BlockingArrayQueue.java:382)
        at org.eclipse.jetty.util.thread.QueuedThreadPool$Runner.idleJobPoll(QueuedThreadPool.java:974)
        at org.eclipse.jetty.util.thread.QueuedThreadPool$Runner.run(QueuedThreadPool.java:1018)
        at java.lang.Thread.run(Thread.java:750)
"pool-133-thread-1" daemon prio=5 tid=258 timed_waiting
java.lang.Thread.State: TIMED_WAITING
        at sun.misc.Unsafe.park(Native Method)
        at java.util.concurrent.locks.LockSupport.parkNanos(LockSupport.java:215)
        at java.util.concurrent.locks.AbstractQueuedSynchronizer$ConditionObject.awaitNanos(AbstractQueuedSynchronizer.java:2078)
        at java.util.concurrent.ScheduledThreadPoolExecutor$DelayedWorkQueue.take(ScheduledThreadPoolExecutor.java:1093)
        at java.util.concurrent.ScheduledThreadPoolExecutor$DelayedWorkQueue.take(ScheduledThreadPoolExecutor.java:809)
        at java.util.concurrent.ThreadPoolExecutor.getTask(ThreadPoolExecutor.java:1074)
        at java.util.concurrent.ThreadPoolExecutor.runWorker(ThreadPoolExecutor.java:1134)
        at java.util.concurrent.ThreadPoolExecutor$Worker.run(ThreadPoolExecutor.java:624)
        at java.lang.Thread.run(Thread.java:750)
"cc93147f-bc2d-4803-9a7c-bfa6df100165@group-8751AA67DF99-StateMachineUpdater" daemon prio=5 tid=630 timed_waiting
java.lang.Thread.State: TIMED_WAITING
        at sun.misc.Unsafe.park(Native Method)
        at java.util.concurrent.locks.LockSupport.parkNanos(LockSupport.java:215)
        at java.util.concurrent.locks.AbstractQueuedSynchronizer$ConditionObject.await(AbstractQueuedSynchronizer.java:2163)
        at org.apache.ratis.util.AwaitForSignal.await(AwaitForSignal.java:62)
        at org.apache.ratis.server.impl.StateMachineUpdater.waitForCommit(StateMachineUpdater.java:207)
        at org.apache.ratis.server.impl.StateMachineUpdater.run(StateMachineUpdater.java:176)
        at java.lang.Thread.run(Thread.java:750)
"qtp1310868976-269" daemon prio=5 tid=269 timed_waiting
java.lang.Thread.State: TIMED_WAITING
        at sun.misc.Unsafe.park(Native Method)
        at java.util.concurrent.locks.LockSupport.parkNanos(LockSupport.java:215)
        at java.util.concurrent.locks.AbstractQueuedSynchronizer$ConditionObject.awaitNanos(AbstractQueuedSynchronizer.java:2078)
        at org.eclipse.jetty.util.BlockingArrayQueue.poll(BlockingArrayQueue.java:382)
        at org.eclipse.jetty.util.thread.QueuedThreadPool$Runner.idleJobPoll(QueuedThreadPool.java:974)
        at org.eclipse.jetty.util.thread.QueuedThreadPool$Runner.run(QueuedThreadPool.java:1018)
        at java.lang.Thread.run(Thread.java:750)
"Datanode ReportManager Thread - 1" daemon prio=5 tid=194 in Object.wait()
java.lang.Thread.State: WAITING (on object monitor)
        at sun.misc.Unsafe.park(Native Method)
        at java.util.concurrent.locks.LockSupport.park(LockSupport.java:175)
        at java.util.concurrent.locks.AbstractQueuedSynchronizer$ConditionObject.await(AbstractQueuedSynchronizer.java:2039)
        at java.util.concurrent.ScheduledThreadPoolExecutor$DelayedWorkQueue.take(ScheduledThreadPoolExecutor.java:1088)
        at java.util.concurrent.ScheduledThreadPoolExecutor$DelayedWorkQueue.take(ScheduledThreadPoolExecutor.java:809)
        at java.util.concurrent.ThreadPoolExecutor.getTask(ThreadPoolExecutor.java:1074)
        at java.util.concurrent.ThreadPoolExecutor.runWorker(ThreadPoolExecutor.java:1134)
        at java.util.concurrent.ThreadPoolExecutor$Worker.run(ThreadPoolExecutor.java:624)
        at java.lang.Thread.run(Thread.java:750)
"Datanode State Machine Task Thread - 0"  prio=5 tid=409 in Object.wait()
java.lang.Thread.State: WAITING (on object monitor)
        at sun.misc.Unsafe.park(Native Method)
        at java.util.concurrent.locks.LockSupport.park(LockSupport.java:175)
        at java.util.concurrent.locks.AbstractQueuedSynchronizer$ConditionObject.await(AbstractQueuedSynchronizer.java:2039)
        at java.util.concurrent.LinkedBlockingQueue.take(LinkedBlockingQueue.java:442)
        at java.util.concurrent.ThreadPoolExecutor.getTask(ThreadPoolExecutor.java:1074)
        at java.util.concurrent.ThreadPoolExecutor.runWorker(ThreadPoolExecutor.java:1134)
        at java.util.concurrent.ThreadPoolExecutor$Worker.run(ThreadPoolExecutor.java:624)
        at java.lang.Thread.run(Thread.java:750)
"BlockDeletingService#1" daemon prio=5 tid=362 in Object.wait()
java.lang.Thread.State: WAITING (on object monitor)
        at sun.misc.Unsafe.park(Native Method)
        at java.util.concurrent.locks.LockSupport.park(LockSupport.java:175)
        at java.util.concurrent.locks.AbstractQueuedSynchronizer$ConditionObject.await(AbstractQueuedSynchronizer.java:2039)
        at java.util.concurrent.ScheduledThreadPoolExecutor$DelayedWorkQueue.take(ScheduledThreadPoolExecutor.java:1088)
        at java.util.concurrent.ScheduledThreadPoolExecutor$DelayedWorkQueue.take(ScheduledThreadPoolExecutor.java:809)
        at java.util.concurrent.ThreadPoolExecutor.getTask(ThreadPoolExecutor.java:1074)
        at java.util.concurrent.ThreadPoolExecutor.runWorker(ThreadPoolExecutor.java:1134)
        at java.util.concurrent.ThreadPoolExecutor$Worker.run(ThreadPoolExecutor.java:624)
        at java.lang.Thread.run(Thread.java:750)
"IPC Server handler 6 on default port 45237" daemon prio=5 tid=72 timed_waiting
java.lang.Thread.State: TIMED_WAITING
        at sun.misc.Unsafe.park(Native Method)
        at java.util.concurrent.locks.LockSupport.parkNanos(LockSupport.java:215)
        at java.util.concurrent.locks.AbstractQueuedSynchronizer$ConditionObject.awaitNanos(AbstractQueuedSynchronizer.java:2078)
        at java.util.concurrent.LinkedBlockingQueue.poll(LinkedBlockingQueue.java:467)
        at org.apache.hadoop.ipc.CallQueueManager.take(CallQueueManager.java:317)
        at org.apache.hadoop.ipc.Server$Handler.run(Server.java:2942)
"3ddade9d-4289-4127-b7c4-830dd518ff0a-server-thread3" daemon prio=5 tid=857 timed_waiting
java.lang.Thread.State: TIMED_WAITING
        at sun.misc.Unsafe.park(Native Method)
        at java.util.concurrent.locks.LockSupport.parkNanos(LockSupport.java:215)
        at java.util.concurrent.SynchronousQueue$TransferStack.awaitFulfill(SynchronousQueue.java:460)
        at java.util.concurrent.SynchronousQueue$TransferStack.transfer(SynchronousQueue.java:362)
        at java.util.concurrent.SynchronousQueue.poll(SynchronousQueue.java:941)
        at java.util.concurrent.ThreadPoolExecutor.getTask(ThreadPoolExecutor.java:1073)
        at java.util.concurrent.ThreadPoolExecutor.runWorker(ThreadPoolExecutor.java:1134)
        at java.util.concurrent.ThreadPoolExecutor$Worker.run(ThreadPoolExecutor.java:624)
        at java.lang.Thread.run(Thread.java:750)
"Datanode State Machine Daemon Thread" daemon prio=5 tid=298 timed_waiting
java.lang.Thread.State: TIMED_WAITING
        at java.lang.Thread.sleep(Native Method)
        at org.apache.hadoop.ozone.container.common.statemachine.DatanodeStateMachine.startStateMachineThread(DatanodeStateMachine.java:321)
        at org.apache.hadoop.ozone.container.common.statemachine.DatanodeStateMachine.lambda$startDaemon$0(DatanodeStateMachine.java:506)
        at org.apache.hadoop.ozone.container.common.statemachine.DatanodeStateMachine$$Lambda$753/1831975653.run(Unknown Source)
        at java.lang.Thread.run(Thread.java:750)
"qtp1558845628-146" daemon prio=5 tid=146 timed_waiting
java.lang.Thread.State: TIMED_WAITING
        at sun.misc.Unsafe.park(Native Method)
        at java.util.concurrent.locks.LockSupport.parkNanos(LockSupport.java:215)
        at java.util.concurrent.locks.AbstractQueuedSynchronizer$ConditionObject.awaitNanos(AbstractQueuedSynchronizer.java:2078)
        at org.eclipse.jetty.util.BlockingArrayQueue.poll(BlockingArrayQueue.java:382)
        at org.eclipse.jetty.util.thread.QueuedThreadPool$Runner.idleJobPoll(QueuedThreadPool.java:974)
        at org.eclipse.jetty.util.thread.QueuedThreadPool$Runner.run(QueuedThreadPool.java:1018)
        at java.lang.Thread.run(Thread.java:750)
"StaleRecoveringContainerScrubbingService#2" daemon prio=5 tid=725 timed_waiting
java.lang.Thread.State: TIMED_WAITING
        at sun.misc.Unsafe.park(Native Method)
        at java.util.concurrent.locks.LockSupport.parkNanos(LockSupport.java:215)
        at java.util.concurrent.locks.AbstractQueuedSynchronizer$ConditionObject.awaitNanos(AbstractQueuedSynchronizer.java:2078)
        at java.util.concurrent.ScheduledThreadPoolExecutor$DelayedWorkQueue.take(ScheduledThreadPoolExecutor.java:1093)
        at java.util.concurrent.ScheduledThreadPoolExecutor$DelayedWorkQueue.take(ScheduledThreadPoolExecutor.java:809)
        at java.util.concurrent.ThreadPoolExecutor.getTask(ThreadPoolExecutor.java:1074)
        at java.util.concurrent.ThreadPoolExecutor.runWorker(ThreadPoolExecutor.java:1134)
        at java.util.concurrent.ThreadPoolExecutor$Worker.run(ThreadPoolExecutor.java:624)
        at java.lang.Thread.run(Thread.java:750)
"qtp11478005-457-acceptor-0@6d3b0da8-ServerConnector@4ba52076{HTTP/1.1, (http/1.1)}{0.0.0.0:41929}" daemon prio=3 tid=457 runnable
java.lang.Thread.State: RUNNABLE
        at sun.nio.ch.ServerSocketChannelImpl.accept0(Native Method)
        at sun.nio.ch.ServerSocketChannelImpl.accept(ServerSocketChannelImpl.java:421)
        at sun.nio.ch.ServerSocketChannelImpl.accept(ServerSocketChannelImpl.java:249)
        at org.eclipse.jetty.server.ServerConnector.accept(ServerConnector.java:388)
        at org.eclipse.jetty.server.AbstractConnector$Acceptor.run(AbstractConnector.java:704)
        at org.eclipse.jetty.util.thread.QueuedThreadPool.runJob(QueuedThreadPool.java:883)
        at org.eclipse.jetty.util.thread.QueuedThreadPool$Runner.run(QueuedThreadPool.java:1034)
        at java.lang.Thread.run(Thread.java:750)
"Datanode ReportManager Thread - 0" daemon prio=5 tid=273 timed_waiting
java.lang.Thread.State: TIMED_WAITING
        at sun.misc.Unsafe.park(Native Method)
        at java.util.concurrent.locks.LockSupport.parkNanos(LockSupport.java:215)
        at java.util.concurrent.locks.AbstractQueuedSynchronizer$ConditionObject.awaitNanos(AbstractQueuedSynchronizer.java:2078)
        at java.util.concurrent.ScheduledThreadPoolExecutor$DelayedWorkQueue.take(ScheduledThreadPoolExecutor.java:1093)
        at java.util.concurrent.ScheduledThreadPoolExecutor$DelayedWorkQueue.take(ScheduledThreadPoolExecutor.java:809)
        at java.util.concurrent.ThreadPoolExecutor.getTask(ThreadPoolExecutor.java:1074)
        at java.util.concurrent.ThreadPoolExecutor.runWorker(ThreadPoolExecutor.java:1134)
        at java.util.concurrent.ThreadPoolExecutor$Worker.run(ThreadPoolExecutor.java:624)
        at java.lang.Thread.run(Thread.java:750)
"StaleRecoveringContainerScrubbingService#7" daemon prio=5 tid=1117 in Object.wait()
java.lang.Thread.State: WAITING (on object monitor)
        at sun.misc.Unsafe.park(Native Method)
        at java.util.concurrent.locks.LockSupport.park(LockSupport.java:175)
        at java.util.concurrent.locks.AbstractQueuedSynchronizer$ConditionObject.await(AbstractQueuedSynchronizer.java:2039)
        at java.util.concurrent.ScheduledThreadPoolExecutor$DelayedWorkQueue.take(ScheduledThreadPoolExecutor.java:1088)
        at java.util.concurrent.ScheduledThreadPoolExecutor$DelayedWorkQueue.take(ScheduledThreadPoolExecutor.java:809)
        at java.util.concurrent.ThreadPoolExecutor.getTask(ThreadPoolExecutor.java:1074)
        at java.util.concurrent.ThreadPoolExecutor.runWorker(ThreadPoolExecutor.java:1134)
        at java.util.concurrent.ThreadPoolExecutor$Worker.run(ThreadPoolExecutor.java:624)
        at java.lang.Thread.run(Thread.java:750)
"qtp1310868976-268" daemon prio=5 tid=268 timed_waiting
java.lang.Thread.State: TIMED_WAITING
        at sun.misc.Unsafe.park(Native Method)
        at java.util.concurrent.locks.LockSupport.parkNanos(LockSupport.java:215)
        at java.util.concurrent.locks.AbstractQueuedSynchronizer$ConditionObject.awaitNanos(AbstractQueuedSynchronizer.java:2078)
        at org.eclipse.jetty.util.BlockingArrayQueue.poll(BlockingArrayQueue.java:382)
        at org.eclipse.jetty.util.thread.QueuedThreadPool$Runner.idleJobPoll(QueuedThreadPool.java:974)
        at org.eclipse.jetty.util.thread.QueuedThreadPool$Runner.run(QueuedThreadPool.java:1018)
        at java.lang.Thread.run(Thread.java:750)
"pool-30-thread-1"  prio=5 tid=108 timed_waiting
java.lang.Thread.State: TIMED_WAITING
        at sun.misc.Unsafe.park(Native Method)
        at java.util.concurrent.locks.LockSupport.parkNanos(LockSupport.java:215)
        at java.util.concurrent.locks.AbstractQueuedSynchronizer$ConditionObject.awaitNanos(AbstractQueuedSynchronizer.java:2078)
        at java.util.concurrent.ScheduledThreadPoolExecutor$DelayedWorkQueue.take(ScheduledThreadPoolExecutor.java:1093)
        at java.util.concurrent.ScheduledThreadPoolExecutor$DelayedWorkQueue.take(ScheduledThreadPoolExecutor.java:809)
        at java.util.concurrent.ThreadPoolExecutor.getTask(ThreadPoolExecutor.java:1074)
        at java.util.concurrent.ThreadPoolExecutor.runWorker(ThreadPoolExecutor.java:1134)
        at java.util.concurrent.ThreadPoolExecutor$Worker.run(ThreadPoolExecutor.java:624)
        at java.lang.Thread.run(Thread.java:750)
"StaleRecoveringContainerScrubbingService#4" daemon prio=5 tid=929 in Object.wait()
java.lang.Thread.State: WAITING (on object monitor)
        at sun.misc.Unsafe.park(Native Method)
        at java.util.concurrent.locks.LockSupport.park(LockSupport.java:175)
        at java.util.concurrent.locks.AbstractQueuedSynchronizer$ConditionObject.await(AbstractQueuedSynchronizer.java:2039)
        at java.util.concurrent.ScheduledThreadPoolExecutor$DelayedWorkQueue.take(ScheduledThreadPoolExecutor.java:1088)
        at java.util.concurrent.ScheduledThreadPoolExecutor$DelayedWorkQueue.take(ScheduledThreadPoolExecutor.java:809)
        at java.util.concurrent.ThreadPoolExecutor.getTask(ThreadPoolExecutor.java:1074)
        at java.util.concurrent.ThreadPoolExecutor.runWorker(ThreadPoolExecutor.java:1134)
        at java.util.concurrent.ThreadPoolExecutor$Worker.run(ThreadPoolExecutor.java:624)
        at java.lang.Thread.run(Thread.java:750)
"7726e7f5-b74c-4e4a-9680-a65a67c105af-server-thread2" daemon prio=5 tid=915 timed_waiting
java.lang.Thread.State: TIMED_WAITING
        at sun.misc.Unsafe.park(Native Method)
        at java.util.concurrent.locks.LockSupport.parkNanos(LockSupport.java:215)
        at java.util.concurrent.SynchronousQueue$TransferStack.awaitFulfill(SynchronousQueue.java:460)
        at java.util.concurrent.SynchronousQueue$TransferStack.transfer(SynchronousQueue.java:362)
        at java.util.concurrent.SynchronousQueue.poll(SynchronousQueue.java:941)
        at java.util.concurrent.ThreadPoolExecutor.getTask(ThreadPoolExecutor.java:1073)
        at java.util.concurrent.ThreadPoolExecutor.runWorker(ThreadPoolExecutor.java:1134)
        at java.util.concurrent.ThreadPoolExecutor$Worker.run(ThreadPoolExecutor.java:624)
        at java.lang.Thread.run(Thread.java:750)
"FixedThreadPoolWithAffinityExecutor-0-0" daemon prio=5 tid=35 timed_waiting
java.lang.Thread.State: TIMED_WAITING
        at sun.misc.Unsafe.park(Native Method)
        at java.util.concurrent.locks.LockSupport.parkNanos(LockSupport.java:215)
        at java.util.concurrent.locks.AbstractQueuedSynchronizer$ConditionObject.awaitNanos(AbstractQueuedSynchronizer.java:2078)
        at java.util.concurrent.LinkedBlockingQueue.poll(LinkedBlockingQueue.java:467)
        at org.apache.hadoop.hdds.scm.server.ContainerReportQueue.poll(ContainerReportQueue.java:266)
        at org.apache.hadoop.hdds.scm.server.ContainerReportQueue.poll(ContainerReportQueue.java:42)
        at org.apache.hadoop.hdds.server.events.FixedThreadPoolWithAffinityExecutor$ContainerReportProcessTask.run(FixedThreadPoolWithAffinityExecutor.java:248)
        at java.util.concurrent.Executors$RunnableAdapter.call(Executors.java:511)
        at java.util.concurrent.FutureTask.run(FutureTask.java:266)
        at java.util.concurrent.ThreadPoolExecutor.runWorker(ThreadPoolExecutor.java:1149)
        at java.util.concurrent.ThreadPoolExecutor$Worker.run(ThreadPoolExecutor.java:624)
        at java.lang.Thread.run(Thread.java:750)
"470e2686-24c9-4e42-bae6-1f3a72650c76@group-86C4A20D7C89->cc93147f-bc2d-4803-9a7c-bfa6df100165-GrpcLogAppender-LogAppenderDaemon" daemon prio=5 tid=892 timed_waiting
java.lang.Thread.State: TIMED_WAITING
        at sun.misc.Unsafe.park(Native Method)
        at java.util.concurrent.locks.LockSupport.parkNanos(LockSupport.java:215)
        at java.util.concurrent.locks.AbstractQueuedSynchronizer$ConditionObject.await(AbstractQueuedSynchronizer.java:2163)
        at org.apache.ratis.util.AwaitForSignal.await(AwaitForSignal.java:62)
        at org.apache.ratis.grpc.server.GrpcLogAppender.mayWait(GrpcLogAppender.java:198)
        at org.apache.ratis.grpc.server.GrpcLogAppender.run(GrpcLogAppender.java:148)
        at org.apache.ratis.server.leader.LogAppenderDaemon.run(LogAppenderDaemon.java:78)
        at org.apache.ratis.server.leader.LogAppenderDaemon$$Lambda$1043/1492857369.run(Unknown Source)
        at java.lang.Thread.run(Thread.java:750)
"qtp11478005-462" daemon prio=5 tid=462 timed_waiting
java.lang.Thread.State: TIMED_WAITING
        at sun.misc.Unsafe.park(Native Method)
        at java.util.concurrent.locks.LockSupport.parkNanos(LockSupport.java:215)
        at java.util.concurrent.locks.AbstractQueuedSynchronizer$ConditionObject.awaitNanos(AbstractQueuedSynchronizer.java:2078)
        at org.eclipse.jetty.util.BlockingArrayQueue.poll(BlockingArrayQueue.java:382)
        at org.eclipse.jetty.util.thread.QueuedThreadPool$Runner.idleJobPoll(QueuedThreadPool.java:974)
        at org.eclipse.jetty.util.thread.QueuedThreadPool$Runner.run(QueuedThreadPool.java:1018)
        at java.lang.Thread.run(Thread.java:750)
"Periodic HDDS volume checker" daemon prio=5 tid=411 timed_waiting
java.lang.Thread.State: TIMED_WAITING
        at sun.misc.Unsafe.park(Native Method)
        at java.util.concurrent.locks.LockSupport.parkNanos(LockSupport.java:215)
        at java.util.concurrent.locks.AbstractQueuedSynchronizer$ConditionObject.awaitNanos(AbstractQueuedSynchronizer.java:2078)
        at java.util.concurrent.ScheduledThreadPoolExecutor$DelayedWorkQueue.take(ScheduledThreadPoolExecutor.java:1093)
        at java.util.concurrent.ScheduledThreadPoolExecutor$DelayedWorkQueue.take(ScheduledThreadPoolExecutor.java:809)
        at java.util.concurrent.ThreadPoolExecutor.getTask(ThreadPoolExecutor.java:1074)
        at java.util.concurrent.ThreadPoolExecutor.runWorker(ThreadPoolExecutor.java:1134)
        at java.util.concurrent.ThreadPoolExecutor$Worker.run(ThreadPoolExecutor.java:624)
        at java.lang.Thread.run(Thread.java:750)
"qtp1310868976-270" daemon prio=5 tid=270 timed_waiting
java.lang.Thread.State: TIMED_WAITING
        at sun.misc.Unsafe.park(Native Method)
        at java.util.concurrent.locks.LockSupport.parkNanos(LockSupport.java:215)
        at java.util.concurrent.locks.AbstractQueuedSynchronizer$ConditionObject.awaitNanos(AbstractQueuedSynchronizer.java:2078)
        at org.eclipse.jetty.util.BlockingArrayQueue.poll(BlockingArrayQueue.java:382)
        at org.eclipse.jetty.util.thread.QueuedThreadPool$Runner.idleJobPoll(QueuedThreadPool.java:974)
        at org.eclipse.jetty.util.thread.QueuedThreadPool$Runner.run(QueuedThreadPool.java:1018)
        at java.lang.Thread.run(Thread.java:750)
"PartialTableCache Cleanup Thread - 0" daemon prio=5 tid=811 in Object.wait()
java.lang.Thread.State: WAITING (on object monitor)
        at sun.misc.Unsafe.park(Native Method)
        at java.util.concurrent.locks.LockSupport.park(LockSupport.java:175)
        at java.util.concurrent.locks.AbstractQueuedSynchronizer$ConditionObject.await(AbstractQueuedSynchronizer.java:2039)
        at java.util.concurrent.LinkedBlockingQueue.take(LinkedBlockingQueue.java:442)
        at java.util.concurrent.ThreadPoolExecutor.getTask(ThreadPoolExecutor.java:1074)
        at java.util.concurrent.ThreadPoolExecutor.runWorker(ThreadPoolExecutor.java:1134)
        at java.util.concurrent.ThreadPoolExecutor$Worker.run(ThreadPoolExecutor.java:624)
        at java.lang.Thread.run(Thread.java:750)
"IPC Server handler 13 on default port 45237" daemon prio=5 tid=79 timed_waiting
java.lang.Thread.State: TIMED_WAITING
        at sun.misc.Unsafe.park(Native Method)
        at java.util.concurrent.locks.LockSupport.parkNanos(LockSupport.java:215)
        at java.util.concurrent.locks.AbstractQueuedSynchronizer$ConditionObject.awaitNanos(AbstractQueuedSynchronizer.java:2078)
        at java.util.concurrent.LinkedBlockingQueue.poll(LinkedBlockingQueue.java:467)
        at org.apache.hadoop.ipc.CallQueueManager.take(CallQueueManager.java:317)
        at org.apache.hadoop.ipc.Server$Handler.run(Server.java:2942)
"EventQueue-DeadNodeForDeadNodeHandler" daemon prio=5 tid=918 in Object.wait()
java.lang.Thread.State: WAITING (on object monitor)
        at sun.misc.Unsafe.park(Native Method)
        at java.util.concurrent.locks.LockSupport.park(LockSupport.java:175)
        at java.util.concurrent.locks.AbstractQueuedSynchronizer$ConditionObject.await(AbstractQueuedSynchronizer.java:2039)
        at java.util.concurrent.LinkedBlockingQueue.take(LinkedBlockingQueue.java:442)
        at java.util.concurrent.ThreadPoolExecutor.getTask(ThreadPoolExecutor.java:1074)
        at java.util.concurrent.ThreadPoolExecutor.runWorker(ThreadPoolExecutor.java:1134)
        at java.util.concurrent.ThreadPoolExecutor$Worker.run(ThreadPoolExecutor.java:624)
        at java.lang.Thread.run(Thread.java:750)
"pool-94-thread-1"  prio=5 tid=577 in Object.wait()
java.lang.Thread.State: WAITING (on object monitor)
        at sun.misc.Unsafe.park(Native Method)
        at java.util.concurrent.locks.LockSupport.park(LockSupport.java:175)
        at java.util.concurrent.locks.AbstractQueuedSynchronizer$ConditionObject.await(AbstractQueuedSynchronizer.java:2039)
        at java.util.concurrent.LinkedBlockingQueue.take(LinkedBlockingQueue.java:442)
        at java.util.concurrent.ThreadPoolExecutor.getTask(ThreadPoolExecutor.java:1074)
        at java.util.concurrent.ThreadPoolExecutor.runWorker(ThreadPoolExecutor.java:1134)
        at java.util.concurrent.ThreadPoolExecutor$Worker.run(ThreadPoolExecutor.java:624)
        at java.lang.Thread.run(Thread.java:750)
"831a834c-0d76-4477-9113-3f6aa01da917@group-8751AA67DF99-StateMachineUpdater" daemon prio=5 tid=617 timed_waiting
java.lang.Thread.State: TIMED_WAITING
        at sun.misc.Unsafe.park(Native Method)
        at java.util.concurrent.locks.LockSupport.parkNanos(LockSupport.java:215)
        at java.util.concurrent.locks.AbstractQueuedSynchronizer$ConditionObject.await(AbstractQueuedSynchronizer.java:2163)
        at org.apache.ratis.util.AwaitForSignal.await(AwaitForSignal.java:62)
        at org.apache.ratis.server.impl.StateMachineUpdater.waitForCommit(StateMachineUpdater.java:207)
        at org.apache.ratis.server.impl.StateMachineUpdater.run(StateMachineUpdater.java:176)
        at java.lang.Thread.run(Thread.java:750)
"BlockDeletingService#3" daemon prio=5 tid=1155 in Object.wait()
java.lang.Thread.State: WAITING (on object monitor)
        at sun.misc.Unsafe.park(Native Method)
        at java.util.concurrent.locks.LockSupport.park(LockSupport.java:175)
        at java.util.concurrent.locks.AbstractQueuedSynchronizer$ConditionObject.await(AbstractQueuedSynchronizer.java:2039)
        at java.util.concurrent.ScheduledThreadPoolExecutor$DelayedWorkQueue.take(ScheduledThreadPoolExecutor.java:1088)
        at java.util.concurrent.ScheduledThreadPoolExecutor$DelayedWorkQueue.take(ScheduledThreadPoolExecutor.java:809)
        at java.util.concurrent.ThreadPoolExecutor.getTask(ThreadPoolExecutor.java:1074)
        at java.util.concurrent.ThreadPoolExecutor.runWorker(ThreadPoolExecutor.java:1134)
        at java.util.concurrent.ThreadPoolExecutor$Worker.run(ThreadPoolExecutor.java:624)
        at java.lang.Thread.run(Thread.java:750)
"pool-218-thread-1"  prio=5 tid=343 timed_waiting
java.lang.Thread.State: TIMED_WAITING
        at sun.misc.Unsafe.park(Native Method)
        at java.util.concurrent.locks.LockSupport.parkNanos(LockSupport.java:215)
        at java.util.concurrent.locks.AbstractQueuedSynchronizer$ConditionObject.awaitNanos(AbstractQueuedSynchronizer.java:2078)
        at java.util.concurrent.ScheduledThreadPoolExecutor$DelayedWorkQueue.take(ScheduledThreadPoolExecutor.java:1093)
        at java.util.concurrent.ScheduledThreadPoolExecutor$DelayedWorkQueue.take(ScheduledThreadPoolExecutor.java:809)
        at java.util.concurrent.ThreadPoolExecutor.getTask(ThreadPoolExecutor.java:1074)
        at java.util.concurrent.ThreadPoolExecutor.runWorker(ThreadPoolExecutor.java:1134)
        at java.util.concurrent.ThreadPoolExecutor$Worker.run(ThreadPoolExecutor.java:624)
        at java.lang.Thread.run(Thread.java:750)
"qtp163647132-289" daemon prio=5 tid=289 runnable
java.lang.Thread.State: RUNNABLE
        at sun.nio.ch.EPollArrayWrapper.epollWait(Native Method)
        at sun.nio.ch.EPollArrayWrapper.poll(EPollArrayWrapper.java:269)
        at sun.nio.ch.EPollSelectorImpl.doSelect(EPollSelectorImpl.java:93)
        at sun.nio.ch.SelectorImpl.lockAndDoSelect(SelectorImpl.java:86)
        at sun.nio.ch.SelectorImpl.select(SelectorImpl.java:97)
        at sun.nio.ch.SelectorImpl.select(SelectorImpl.java:101)
        at org.eclipse.jetty.io.ManagedSelector.nioSelect(ManagedSelector.java:183)
        at org.eclipse.jetty.io.ManagedSelector.select(ManagedSelector.java:190)
        at org.eclipse.jetty.io.ManagedSelector$SelectorProducer.select(ManagedSelector.java:606)
        at org.eclipse.jetty.io.ManagedSelector$SelectorProducer.produce(ManagedSelector.java:543)
        at org.eclipse.jetty.util.thread.strategy.EatWhatYouKill.produceTask(EatWhatYouKill.java:362)
        at org.eclipse.jetty.util.thread.strategy.EatWhatYouKill.doProduce(EatWhatYouKill.java:186)
        at org.eclipse.jetty.util.thread.strategy.EatWhatYouKill.tryProduce(EatWhatYouKill.java:173)
        at org.eclipse.jetty.util.thread.strategy.EatWhatYouKill.produce(EatWhatYouKill.java:137)
        at org.eclipse.jetty.io.ManagedSelector$$Lambda$444/2093474881.run(Unknown Source)
        at org.eclipse.jetty.util.thread.QueuedThreadPool.runJob(QueuedThreadPool.java:883)
        at org.eclipse.jetty.util.thread.QueuedThreadPool$Runner.run(QueuedThreadPool.java:1034)
        at java.lang.Thread.run(Thread.java:750)
"IPC Server handler 5 on default port 45237" daemon prio=5 tid=71 timed_waiting
java.lang.Thread.State: TIMED_WAITING
        at sun.misc.Unsafe.park(Native Method)
        at java.util.concurrent.locks.LockSupport.parkNanos(LockSupport.java:215)
        at java.util.concurrent.locks.AbstractQueuedSynchronizer$ConditionObject.awaitNanos(AbstractQueuedSynchronizer.java:2078)
        at java.util.concurrent.LinkedBlockingQueue.poll(LinkedBlockingQueue.java:467)
        at org.apache.hadoop.ipc.CallQueueManager.take(CallQueueManager.java:317)
        at org.apache.hadoop.ipc.Server$Handler.run(Server.java:2942)
"StaleRecoveringContainerScrubbingService#9" daemon prio=5 tid=1141 in Object.wait()
java.lang.Thread.State: WAITING (on object monitor)
        at sun.misc.Unsafe.park(Native Method)
        at java.util.concurrent.locks.LockSupport.park(LockSupport.java:175)
        at java.util.concurrent.locks.AbstractQueuedSynchronizer$ConditionObject.await(AbstractQueuedSynchronizer.java:2039)
        at java.util.concurrent.ScheduledThreadPoolExecutor$DelayedWorkQueue.take(ScheduledThreadPoolExecutor.java:1088)
        at java.util.concurrent.ScheduledThreadPoolExecutor$DelayedWorkQueue.take(ScheduledThreadPoolExecutor.java:809)
        at java.util.concurrent.ThreadPoolExecutor.getTask(ThreadPoolExecutor.java:1074)
        at java.util.concurrent.ThreadPoolExecutor.runWorker(ThreadPoolExecutor.java:1134)
        at java.util.concurrent.ThreadPoolExecutor$Worker.run(ThreadPoolExecutor.java:624)
        at java.lang.Thread.run(Thread.java:750)
"JvmPauseMonitor8" daemon prio=5 tid=535 timed_waiting
java.lang.Thread.State: TIMED_WAITING
        at java.lang.Thread.sleep(Native Method)
        at java.lang.Thread.sleep(Thread.java:342)
        at java.util.concurrent.TimeUnit.sleep(TimeUnit.java:386)
        at org.apache.ratis.util.TimeDuration.sleep(TimeDuration.java:325)
        at org.apache.ratis.util.TimeDuration.sleep(TimeDuration.java:310)
        at org.apache.ratis.util.JvmPauseMonitor.detectPause(JvmPauseMonitor.java:119)
        at org.apache.ratis.util.JvmPauseMonitor.run(JvmPauseMonitor.java:108)
        at org.apache.ratis.util.JvmPauseMonitor$$Lambda$708/135372099.run(Unknown Source)
        at java.lang.Thread.run(Thread.java:750)
"pool-63-thread-1" daemon prio=5 tid=177 timed_waiting
java.lang.Thread.State: TIMED_WAITING
        at sun.misc.Unsafe.park(Native Method)
        at java.util.concurrent.locks.LockSupport.parkNanos(LockSupport.java:215)
        at java.util.concurrent.locks.AbstractQueuedSynchronizer$ConditionObject.awaitNanos(AbstractQueuedSynchronizer.java:2078)
        at java.util.concurrent.ScheduledThreadPoolExecutor$DelayedWorkQueue.take(ScheduledThreadPoolExecutor.java:1093)
        at java.util.concurrent.ScheduledThreadPoolExecutor$DelayedWorkQueue.take(ScheduledThreadPoolExecutor.java:809)
        at java.util.concurrent.ThreadPoolExecutor.getTask(ThreadPoolExecutor.java:1074)
        at java.util.concurrent.ThreadPoolExecutor.runWorker(ThreadPoolExecutor.java:1134)
        at java.util.concurrent.ThreadPoolExecutor$Worker.run(ThreadPoolExecutor.java:624)
        at java.lang.Thread.run(Thread.java:750)
"IPC Server handler 0 on default port 44149" daemon prio=5 tid=153 timed_waiting
java.lang.Thread.State: TIMED_WAITING
        at sun.misc.Unsafe.park(Native Method)
        at java.util.concurrent.locks.LockSupport.parkNanos(LockSupport.java:215)
        at java.util.concurrent.locks.AbstractQueuedSynchronizer$ConditionObject.awaitNanos(AbstractQueuedSynchronizer.java:2078)
        at java.util.concurrent.LinkedBlockingQueue.poll(LinkedBlockingQueue.java:467)
        at org.apache.hadoop.ipc.CallQueueManager.take(CallQueueManager.java:317)
        at org.apache.hadoop.ipc.Server$Handler.run(Server.java:2942)
"BlockDeletingService#2" daemon prio=5 tid=1110 in Object.wait()
java.lang.Thread.State: WAITING (on object monitor)
        at sun.misc.Unsafe.park(Native Method)
        at java.util.concurrent.locks.LockSupport.park(LockSupport.java:175)
        at java.util.concurrent.locks.AbstractQueuedSynchronizer$ConditionObject.await(AbstractQueuedSynchronizer.java:2039)
        at java.util.concurrent.ScheduledThreadPoolExecutor$DelayedWorkQueue.take(ScheduledThreadPoolExecutor.java:1088)
        at java.util.concurrent.ScheduledThreadPoolExecutor$DelayedWorkQueue.take(ScheduledThreadPoolExecutor.java:809)
        at java.util.concurrent.ThreadPoolExecutor.getTask(ThreadPoolExecutor.java:1074)
        at java.util.concurrent.ThreadPoolExecutor.runWorker(ThreadPoolExecutor.java:1134)
        at java.util.concurrent.ThreadPoolExecutor$Worker.run(ThreadPoolExecutor.java:624)
        at java.lang.Thread.run(Thread.java:750)
"BlockDeletingService#1" daemon prio=5 tid=551 in Object.wait()
java.lang.Thread.State: WAITING (on object monitor)
        at sun.misc.Unsafe.park(Native Method)
        at java.util.concurrent.locks.LockSupport.park(LockSupport.java:175)
        at java.util.concurrent.locks.AbstractQueuedSynchronizer$ConditionObject.await(AbstractQueuedSynchronizer.java:2039)
        at java.util.concurrent.ScheduledThreadPoolExecutor$DelayedWorkQueue.take(ScheduledThreadPoolExecutor.java:1088)
        at java.util.concurrent.ScheduledThreadPoolExecutor$DelayedWorkQueue.take(ScheduledThreadPoolExecutor.java:809)
        at java.util.concurrent.ThreadPoolExecutor.getTask(ThreadPoolExecutor.java:1074)
        at java.util.concurrent.ThreadPoolExecutor.runWorker(ThreadPoolExecutor.java:1134)
        at java.util.concurrent.ThreadPoolExecutor$Worker.run(ThreadPoolExecutor.java:624)
        at java.lang.Thread.run(Thread.java:750)
"StaleRecoveringContainerScrubbingService#3" daemon prio=5 tid=871 in Object.wait()
java.lang.Thread.State: WAITING (on object monitor)
        at sun.misc.Unsafe.park(Native Method)
        at java.util.concurrent.locks.LockSupport.park(LockSupport.java:175)
        at java.util.concurrent.locks.AbstractQueuedSynchronizer$ConditionObject.await(AbstractQueuedSynchronizer.java:2039)
        at java.util.concurrent.ScheduledThreadPoolExecutor$DelayedWorkQueue.take(ScheduledThreadPoolExecutor.java:1088)
        at java.util.concurrent.ScheduledThreadPoolExecutor$DelayedWorkQueue.take(ScheduledThreadPoolExecutor.java:809)
        at java.util.concurrent.ThreadPoolExecutor.getTask(ThreadPoolExecutor.java:1074)
        at java.util.concurrent.ThreadPoolExecutor.runWorker(ThreadPoolExecutor.java:1134)
        at java.util.concurrent.ThreadPoolExecutor$Worker.run(ThreadPoolExecutor.java:624)
        at java.lang.Thread.run(Thread.java:750)
"831a834c-0d76-4477-9113-3f6aa01da917@group-8751AA67DF99-SegmentedRaftLogWorker"  prio=5 tid=615 timed_waiting
java.lang.Thread.State: TIMED_WAITING
        at sun.misc.Unsafe.park(Native Method)
        at java.util.concurrent.locks.LockSupport.parkNanos(LockSupport.java:215)
        at java.util.concurrent.locks.AbstractQueuedSynchronizer$ConditionObject.awaitNanos(AbstractQueuedSynchronizer.java:2078)
        at org.apache.ratis.util.DataBlockingQueue.poll(DataBlockingQueue.java:148)
        at org.apache.ratis.server.raftlog.segmented.SegmentedRaftLogWorker.run(SegmentedRaftLogWorker.java:312)
        at org.apache.ratis.server.raftlog.segmented.SegmentedRaftLogWorker$$Lambda$667/1522169736.run(Unknown Source)
        at java.lang.Thread.run(Thread.java:750)
"qtp381504811-217" daemon prio=5 tid=217 timed_waiting
java.lang.Thread.State: TIMED_WAITING
        at sun.misc.Unsafe.park(Native Method)
        at java.util.concurrent.locks.LockSupport.parkNanos(LockSupport.java:215)
        at java.util.concurrent.locks.AbstractQueuedSynchronizer$ConditionObject.awaitNanos(AbstractQueuedSynchronizer.java:2078)
        at org.eclipse.jetty.util.BlockingArrayQueue.poll(BlockingArrayQueue.java:382)
        at org.eclipse.jetty.util.thread.QueuedThreadPool$Runner.idleJobPoll(QueuedThreadPool.java:974)
        at org.eclipse.jetty.util.thread.QueuedThreadPool$Runner.run(QueuedThreadPool.java:1018)
        at java.lang.Thread.run(Thread.java:750)
"BlockDeletingService#1" daemon prio=5 tid=563 in Object.wait()
java.lang.Thread.State: WAITING (on object monitor)
        at sun.misc.Unsafe.park(Native Method)
        at java.util.concurrent.locks.LockSupport.park(LockSupport.java:175)
        at java.util.concurrent.locks.AbstractQueuedSynchronizer$ConditionObject.await(AbstractQueuedSynchronizer.java:2039)
        at java.util.concurrent.ScheduledThreadPoolExecutor$DelayedWorkQueue.take(ScheduledThreadPoolExecutor.java:1088)
        at java.util.concurrent.ScheduledThreadPoolExecutor$DelayedWorkQueue.take(ScheduledThreadPoolExecutor.java:809)
        at java.util.concurrent.ThreadPoolExecutor.getTask(ThreadPoolExecutor.java:1074)
        at java.util.concurrent.ThreadPoolExecutor.runWorker(ThreadPoolExecutor.java:1134)
        at java.util.concurrent.ThreadPoolExecutor$Worker.run(ThreadPoolExecutor.java:624)
        at java.lang.Thread.run(Thread.java:750)
"831a834c-0d76-4477-9113-3f6aa01da917@group-35FD9CCD2BD1-LeaderStateImpl" daemon prio=5 tid=724 timed_waiting
java.lang.Thread.State: TIMED_WAITING
        at sun.misc.Unsafe.park(Native Method)
        at java.util.concurrent.locks.LockSupport.parkNanos(LockSupport.java:215)
        at java.util.concurrent.locks.AbstractQueuedSynchronizer$ConditionObject.awaitNanos(AbstractQueuedSynchronizer.java:2078)
        at java.util.concurrent.ArrayBlockingQueue.poll(ArrayBlockingQueue.java:418)
        at org.apache.ratis.server.impl.LeaderStateImpl$EventQueue.poll(LeaderStateImpl.java:159)
        at org.apache.ratis.server.impl.LeaderStateImpl$EventProcessor.run(LeaderStateImpl.java:630)
"IPC Client (1428911233) connection to 0.0.0.0/0.0.0.0:42623 from runner" daemon prio=5 tid=340 timed_waiting
java.lang.Thread.State: TIMED_WAITING
        at java.lang.Object.wait(Native Method)
        at org.apache.hadoop.ipc.Client$Connection.waitForWork(Client.java:1086)
        at org.apache.hadoop.ipc.Client$Connection.run(Client.java:1133)
"BlockDeletingService#2" daemon prio=5 tid=1116 in Object.wait()
java.lang.Thread.State: WAITING (on object monitor)
        at sun.misc.Unsafe.park(Native Method)
        at java.util.concurrent.locks.LockSupport.park(LockSupport.java:175)
        at java.util.concurrent.locks.AbstractQueuedSynchronizer$ConditionObject.await(AbstractQueuedSynchronizer.java:2039)
        at java.util.concurrent.ScheduledThreadPoolExecutor$DelayedWorkQueue.take(ScheduledThreadPoolExecutor.java:1088)
        at java.util.concurrent.ScheduledThreadPoolExecutor$DelayedWorkQueue.take(ScheduledThreadPoolExecutor.java:809)
        at java.util.concurrent.ThreadPoolExecutor.getTask(ThreadPoolExecutor.java:1074)
        at java.util.concurrent.ThreadPoolExecutor.runWorker(ThreadPoolExecutor.java:1134)
        at java.util.concurrent.ThreadPoolExecutor$Worker.run(ThreadPoolExecutor.java:624)
        at java.lang.Thread.run(Thread.java:750)
"StaleRecoveringContainerScrubbingService#9" daemon prio=5 tid=1146 in Object.wait()
java.lang.Thread.State: WAITING (on object monitor)
        at sun.misc.Unsafe.park(Native Method)
        at java.util.concurrent.locks.LockSupport.park(LockSupport.java:175)
        at java.util.concurrent.locks.AbstractQueuedSynchronizer$ConditionObject.await(AbstractQueuedSynchronizer.java:2039)
        at java.util.concurrent.ScheduledThreadPoolExecutor$DelayedWorkQueue.take(ScheduledThreadPoolExecutor.java:1088)
        at java.util.concurrent.ScheduledThreadPoolExecutor$DelayedWorkQueue.take(ScheduledThreadPoolExecutor.java:809)
        at java.util.concurrent.ThreadPoolExecutor.getTask(ThreadPoolExecutor.java:1074)
        at java.util.concurrent.ThreadPoolExecutor.runWorker(ThreadPoolExecutor.java:1134)
        at java.util.concurrent.ThreadPoolExecutor$Worker.run(ThreadPoolExecutor.java:624)
        at java.lang.Thread.run(Thread.java:750)
"org.apache.hadoop.ozone.container.common.statemachine.commandhandler.DeleteBlocksCommandHandler$DeleteCmdWorker@43bb0f92" daemon prio=5 tid=454 timed_waiting
java.lang.Thread.State: TIMED_WAITING
        at java.lang.Thread.sleep(Native Method)
        at org.apache.hadoop.ozone.container.common.statemachine.commandhandler.DeleteBlocksCommandHandler$DeleteCmdWorker.run(DeleteBlocksCommandHandler.java:184)
        at java.lang.Thread.run(Thread.java:750)
"Socket Reader #1 for port 0"  prio=5 tid=32 runnable
java.lang.Thread.State: RUNNABLE
        at sun.nio.ch.EPollArrayWrapper.epollWait(Native Method)
        at sun.nio.ch.EPollArrayWrapper.poll(EPollArrayWrapper.java:269)
        at sun.nio.ch.EPollSelectorImpl.doSelect(EPollSelectorImpl.java:93)
        at sun.nio.ch.SelectorImpl.lockAndDoSelect(SelectorImpl.java:86)
        at sun.nio.ch.SelectorImpl.select(SelectorImpl.java:97)
        at sun.nio.ch.SelectorImpl.select(SelectorImpl.java:101)
        at org.apache.hadoop.ipc.Server$Listener$Reader.doRunLoop(Server.java:1296)
        at org.apache.hadoop.ipc.Server$Listener$Reader.run(Server.java:1275)
"BlockDeletingService#3" daemon prio=5 tid=1152 in Object.wait()
java.lang.Thread.State: WAITING (on object monitor)
        at sun.misc.Unsafe.park(Native Method)
        at java.util.concurrent.locks.LockSupport.park(LockSupport.java:175)
        at java.util.concurrent.locks.AbstractQueuedSynchronizer$ConditionObject.await(AbstractQueuedSynchronizer.java:2039)
        at java.util.concurrent.ScheduledThreadPoolExecutor$DelayedWorkQueue.take(ScheduledThreadPoolExecutor.java:1088)
        at java.util.concurrent.ScheduledThreadPoolExecutor$DelayedWorkQueue.take(ScheduledThreadPoolExecutor.java:809)
        at java.util.concurrent.ThreadPoolExecutor.getTask(ThreadPoolExecutor.java:1074)
        at java.util.concurrent.ThreadPoolExecutor.runWorker(ThreadPoolExecutor.java:1134)
        at java.util.concurrent.ThreadPoolExecutor$Worker.run(ThreadPoolExecutor.java:624)
        at java.lang.Thread.run(Thread.java:750)
"Datanode ReportManager Thread - 2" daemon prio=5 tid=366 in Object.wait()
java.lang.Thread.State: WAITING (on object monitor)
        at sun.misc.Unsafe.park(Native Method)
        at java.util.concurrent.locks.LockSupport.park(LockSupport.java:175)
        at java.util.concurrent.locks.AbstractQueuedSynchronizer$ConditionObject.await(AbstractQueuedSynchronizer.java:2039)
        at java.util.concurrent.ScheduledThreadPoolExecutor$DelayedWorkQueue.take(ScheduledThreadPoolExecutor.java:1088)
        at java.util.concurrent.ScheduledThreadPoolExecutor$DelayedWorkQueue.take(ScheduledThreadPoolExecutor.java:809)
        at java.util.concurrent.ThreadPoolExecutor.getTask(ThreadPoolExecutor.java:1074)
        at java.util.concurrent.ThreadPoolExecutor.runWorker(ThreadPoolExecutor.java:1134)
        at java.util.concurrent.ThreadPoolExecutor$Worker.run(ThreadPoolExecutor.java:624)
        at java.lang.Thread.run(Thread.java:750)
"Datanode ReportManager Thread - 1" daemon prio=5 tid=300 timed_waiting
java.lang.Thread.State: TIMED_WAITING
        at sun.misc.Unsafe.park(Native Method)
        at java.util.concurrent.locks.LockSupport.parkNanos(LockSupport.java:215)
        at java.util.concurrent.locks.AbstractQueuedSynchronizer$ConditionObject.awaitNanos(AbstractQueuedSynchronizer.java:2078)
        at java.util.concurrent.ScheduledThreadPoolExecutor$DelayedWorkQueue.take(ScheduledThreadPoolExecutor.java:1093)
        at java.util.concurrent.ScheduledThreadPoolExecutor$DelayedWorkQueue.take(ScheduledThreadPoolExecutor.java:809)
        at java.util.concurrent.ThreadPoolExecutor.getTask(ThreadPoolExecutor.java:1074)
        at java.util.concurrent.ThreadPoolExecutor.runWorker(ThreadPoolExecutor.java:1134)
        at java.util.concurrent.ThreadPoolExecutor$Worker.run(ThreadPoolExecutor.java:624)
        at java.lang.Thread.run(Thread.java:750)
"pool-186-thread-1"  prio=5 tid=624 in Object.wait()
java.lang.Thread.State: WAITING (on object monitor)
        at sun.misc.Unsafe.park(Native Method)
        at java.util.concurrent.locks.LockSupport.park(LockSupport.java:175)
        at java.util.concurrent.locks.AbstractQueuedSynchronizer$ConditionObject.await(AbstractQueuedSynchronizer.java:2039)
        at java.util.concurrent.LinkedBlockingQueue.take(LinkedBlockingQueue.java:442)
        at java.util.concurrent.ThreadPoolExecutor.getTask(ThreadPoolExecutor.java:1074)
        at java.util.concurrent.ThreadPoolExecutor.runWorker(ThreadPoolExecutor.java:1134)
        at java.util.concurrent.ThreadPoolExecutor$Worker.run(ThreadPoolExecutor.java:624)
        at java.lang.Thread.run(Thread.java:750)
"Datanode State Machine Task Thread - 0"  prio=5 tid=485 in Object.wait()
java.lang.Thread.State: WAITING (on object monitor)
        at sun.misc.Unsafe.park(Native Method)
        at java.util.concurrent.locks.LockSupport.park(LockSupport.java:175)
        at java.util.concurrent.locks.AbstractQueuedSynchronizer$ConditionObject.await(AbstractQueuedSynchronizer.java:2039)
        at java.util.concurrent.LinkedBlockingQueue.take(LinkedBlockingQueue.java:442)
        at java.util.concurrent.ThreadPoolExecutor.getTask(ThreadPoolExecutor.java:1074)
        at java.util.concurrent.ThreadPoolExecutor.runWorker(ThreadPoolExecutor.java:1134)
        at java.util.concurrent.ThreadPoolExecutor$Worker.run(ThreadPoolExecutor.java:624)
        at java.lang.Thread.run(Thread.java:750)
"Datanode ReportManager Thread - 2" daemon prio=5 tid=301 in Object.wait()
java.lang.Thread.State: WAITING (on object monitor)
        at sun.misc.Unsafe.park(Native Method)
        at java.util.concurrent.locks.LockSupport.park(LockSupport.java:175)
        at java.util.concurrent.locks.AbstractQueuedSynchronizer$ConditionObject.await(AbstractQueuedSynchronizer.java:2039)
        at java.util.concurrent.ScheduledThreadPoolExecutor$DelayedWorkQueue.take(ScheduledThreadPoolExecutor.java:1088)
        at java.util.concurrent.ScheduledThreadPoolExecutor$DelayedWorkQueue.take(ScheduledThreadPoolExecutor.java:809)
        at java.util.concurrent.ThreadPoolExecutor.getTask(ThreadPoolExecutor.java:1074)
        at java.util.concurrent.ThreadPoolExecutor.runWorker(ThreadPoolExecutor.java:1134)
        at java.util.concurrent.ThreadPoolExecutor$Worker.run(ThreadPoolExecutor.java:624)
        at java.lang.Thread.run(Thread.java:750)
"Datanode ReportManager Thread - 2" daemon prio=5 tid=195 timed_waiting
java.lang.Thread.State: TIMED_WAITING
        at sun.misc.Unsafe.park(Native Method)
        at java.util.concurrent.locks.LockSupport.parkNanos(LockSupport.java:215)
        at java.util.concurrent.locks.AbstractQueuedSynchronizer$ConditionObject.awaitNanos(AbstractQueuedSynchronizer.java:2078)
        at java.util.concurrent.ScheduledThreadPoolExecutor$DelayedWorkQueue.take(ScheduledThreadPoolExecutor.java:1093)
        at java.util.concurrent.ScheduledThreadPoolExecutor$DelayedWorkQueue.take(ScheduledThreadPoolExecutor.java:809)
        at java.util.concurrent.ThreadPoolExecutor.getTask(ThreadPoolExecutor.java:1074)
        at java.util.concurrent.ThreadPoolExecutor.runWorker(ThreadPoolExecutor.java:1134)
        at java.util.concurrent.ThreadPoolExecutor$Worker.run(ThreadPoolExecutor.java:624)
        at java.lang.Thread.run(Thread.java:750)
"BlockDeletingService#2" daemon prio=5 tid=1112 in Object.wait()
java.lang.Thread.State: WAITING (on object monitor)
        at sun.misc.Unsafe.park(Native Method)
        at java.util.concurrent.locks.LockSupport.park(LockSupport.java:175)
        at java.util.concurrent.locks.AbstractQueuedSynchronizer$ConditionObject.await(AbstractQueuedSynchronizer.java:2039)
        at java.util.concurrent.ScheduledThreadPoolExecutor$DelayedWorkQueue.take(ScheduledThreadPoolExecutor.java:1088)
        at java.util.concurrent.ScheduledThreadPoolExecutor$DelayedWorkQueue.take(ScheduledThreadPoolExecutor.java:809)
        at java.util.concurrent.ThreadPoolExecutor.getTask(ThreadPoolExecutor.java:1074)
        at java.util.concurrent.ThreadPoolExecutor.runWorker(ThreadPoolExecutor.java:1134)
        at java.util.concurrent.ThreadPoolExecutor$Worker.run(ThreadPoolExecutor.java:624)
        at java.lang.Thread.run(Thread.java:750)
"StaleRecoveringContainerScrubbingService#0" daemon prio=5 tid=474 in Object.wait()
java.lang.Thread.State: WAITING (on object monitor)
        at sun.misc.Unsafe.park(Native Method)
        at java.util.concurrent.locks.LockSupport.park(LockSupport.java:175)
        at java.util.concurrent.locks.AbstractQueuedSynchronizer$ConditionObject.await(AbstractQueuedSynchronizer.java:2039)
        at java.util.concurrent.ScheduledThreadPoolExecutor$DelayedWorkQueue.take(ScheduledThreadPoolExecutor.java:1088)
        at java.util.concurrent.ScheduledThreadPoolExecutor$DelayedWorkQueue.take(ScheduledThreadPoolExecutor.java:809)
        at java.util.concurrent.ThreadPoolExecutor.getTask(ThreadPoolExecutor.java:1074)
        at java.util.concurrent.ThreadPoolExecutor.runWorker(ThreadPoolExecutor.java:1134)
        at java.util.concurrent.ThreadPoolExecutor$Worker.run(ThreadPoolExecutor.java:624)
        at java.lang.Thread.run(Thread.java:750)
"3ddade9d-4289-4127-b7c4-830dd518ff0a@group-99BD4D3A3F73-LeaderStateImpl" daemon prio=5 tid=908 timed_waiting
java.lang.Thread.State: TIMED_WAITING
        at sun.misc.Unsafe.park(Native Method)
        at java.util.concurrent.locks.LockSupport.parkNanos(LockSupport.java:215)
        at java.util.concurrent.locks.AbstractQueuedSynchronizer$ConditionObject.awaitNanos(AbstractQueuedSynchronizer.java:2078)
        at java.util.concurrent.ArrayBlockingQueue.poll(ArrayBlockingQueue.java:418)
        at org.apache.ratis.server.impl.LeaderStateImpl$EventQueue.poll(LeaderStateImpl.java:159)
        at org.apache.ratis.server.impl.LeaderStateImpl$EventProcessor.run(LeaderStateImpl.java:630)
"Datanode State Machine Task Thread - 0"  prio=5 tid=371 in Object.wait()
java.lang.Thread.State: WAITING (on object monitor)
        at sun.misc.Unsafe.park(Native Method)
        at java.util.concurrent.locks.LockSupport.park(LockSupport.java:175)
        at java.util.concurrent.locks.AbstractQueuedSynchronizer$ConditionObject.await(AbstractQueuedSynchronizer.java:2039)
        at java.util.concurrent.LinkedBlockingQueue.take(LinkedBlockingQueue.java:442)
        at java.util.concurrent.ThreadPoolExecutor.getTask(ThreadPoolExecutor.java:1074)
        at java.util.concurrent.ThreadPoolExecutor.runWorker(ThreadPoolExecutor.java:1134)
        at java.util.concurrent.ThreadPoolExecutor$Worker.run(ThreadPoolExecutor.java:624)
        at java.lang.Thread.run(Thread.java:750)
"pool-209-thread-1"  prio=5 tid=643 in Object.wait()
java.lang.Thread.State: WAITING (on object monitor)
        at sun.misc.Unsafe.park(Native Method)
        at java.util.concurrent.locks.LockSupport.park(LockSupport.java:175)
        at java.util.concurrent.locks.AbstractQueuedSynchronizer$ConditionObject.await(AbstractQueuedSynchronizer.java:2039)
        at java.util.concurrent.LinkedBlockingQueue.take(LinkedBlockingQueue.java:442)
        at java.util.concurrent.ThreadPoolExecutor.getTask(ThreadPoolExecutor.java:1074)
        at java.util.concurrent.ThreadPoolExecutor.runWorker(ThreadPoolExecutor.java:1134)
        at java.util.concurrent.ThreadPoolExecutor$Worker.run(ThreadPoolExecutor.java:624)
        at java.lang.Thread.run(Thread.java:750)
"IPC Server listener on 0" daemon prio=5 tid=23 runnable
java.lang.Thread.State: RUNNABLE
        at sun.nio.ch.EPollArrayWrapper.epollWait(Native Method)
        at sun.nio.ch.EPollArrayWrapper.poll(EPollArrayWrapper.java:269)
        at sun.nio.ch.EPollSelectorImpl.doSelect(EPollSelectorImpl.java:93)
        at sun.nio.ch.SelectorImpl.lockAndDoSelect(SelectorImpl.java:86)
        at sun.nio.ch.SelectorImpl.select(SelectorImpl.java:97)
        at sun.nio.ch.SelectorImpl.select(SelectorImpl.java:101)
        at org.apache.hadoop.ipc.Server$Listener.run(Server.java:1358)
"StaleRecoveringContainerScrubbingService#3" daemon prio=5 tid=901 in Object.wait()
java.lang.Thread.State: WAITING (on object monitor)
        at sun.misc.Unsafe.park(Native Method)
        at java.util.concurrent.locks.LockSupport.park(LockSupport.java:175)
        at java.util.concurrent.locks.AbstractQueuedSynchronizer$ConditionObject.await(AbstractQueuedSynchronizer.java:2039)
        at java.util.concurrent.ScheduledThreadPoolExecutor$DelayedWorkQueue.take(ScheduledThreadPoolExecutor.java:1088)
        at java.util.concurrent.ScheduledThreadPoolExecutor$DelayedWorkQueue.take(ScheduledThreadPoolExecutor.java:809)
        at java.util.concurrent.ThreadPoolExecutor.getTask(ThreadPoolExecutor.java:1074)
        at java.util.concurrent.ThreadPoolExecutor.runWorker(ThreadPoolExecutor.java:1134)
        at java.util.concurrent.ThreadPoolExecutor$Worker.run(ThreadPoolExecutor.java:624)
        at java.lang.Thread.run(Thread.java:750)
"EventQueue-OpenPipelineForHealthyPipelineSafeModeRule" daemon prio=5 tid=567 in Object.wait()
java.lang.Thread.State: WAITING (on object monitor)
        at sun.misc.Unsafe.park(Native Method)
        at java.util.concurrent.locks.LockSupport.park(LockSupport.java:175)
        at java.util.concurrent.locks.AbstractQueuedSynchronizer$ConditionObject.await(AbstractQueuedSynchronizer.java:2039)
        at java.util.concurrent.LinkedBlockingQueue.take(LinkedBlockingQueue.java:442)
        at java.util.concurrent.ThreadPoolExecutor.getTask(ThreadPoolExecutor.java:1074)
        at java.util.concurrent.ThreadPoolExecutor.runWorker(ThreadPoolExecutor.java:1134)
        at java.util.concurrent.ThreadPoolExecutor$Worker.run(ThreadPoolExecutor.java:624)
        at java.lang.Thread.run(Thread.java:750)
"qtp1888233184-319" daemon prio=5 tid=319 timed_waiting
java.lang.Thread.State: TIMED_WAITING
        at sun.misc.Unsafe.park(Native Method)
        at java.util.concurrent.locks.LockSupport.parkNanos(LockSupport.java:215)
        at java.util.concurrent.locks.AbstractQueuedSynchronizer$ConditionObject.awaitNanos(AbstractQueuedSynchronizer.java:2078)
        at org.eclipse.jetty.util.BlockingArrayQueue.poll(BlockingArrayQueue.java:382)
        at org.eclipse.jetty.util.thread.QueuedThreadPool$Runner.idleJobPoll(QueuedThreadPool.java:974)
        at org.eclipse.jetty.util.thread.QueuedThreadPool$Runner.run(QueuedThreadPool.java:1018)
        at java.lang.Thread.run(Thread.java:750)
"470e2686-24c9-4e42-bae6-1f3a72650c76@group-8751AA67DF99-StateMachineUpdater" daemon prio=5 tid=605 timed_waiting
java.lang.Thread.State: TIMED_WAITING
        at sun.misc.Unsafe.park(Native Method)
        at java.util.concurrent.locks.LockSupport.parkNanos(LockSupport.java:215)
        at java.util.concurrent.locks.AbstractQueuedSynchronizer$ConditionObject.await(AbstractQueuedSynchronizer.java:2163)
        at org.apache.ratis.util.AwaitForSignal.await(AwaitForSignal.java:62)
        at org.apache.ratis.server.impl.StateMachineUpdater.waitForCommit(StateMachineUpdater.java:207)
        at org.apache.ratis.server.impl.StateMachineUpdater.run(StateMachineUpdater.java:176)
        at java.lang.Thread.run(Thread.java:750)
"IPC Server handler 2 on default port 44149" daemon prio=5 tid=155 timed_waiting
java.lang.Thread.State: TIMED_WAITING
        at sun.misc.Unsafe.park(Native Method)
        at java.util.concurrent.locks.LockSupport.parkNanos(LockSupport.java:215)
        at java.util.concurrent.locks.AbstractQueuedSynchronizer$ConditionObject.awaitNanos(AbstractQueuedSynchronizer.java:2078)
        at java.util.concurrent.LinkedBlockingQueue.poll(LinkedBlockingQueue.java:467)
        at org.apache.hadoop.ipc.CallQueueManager.take(CallQueueManager.java:317)
        at org.apache.hadoop.ipc.Server$Handler.run(Server.java:2942)
"0587405b-2ffa-4132-824d-547ca09f0e52@group-815F7F527F96-LeaderStateImpl" daemon prio=5 tid=692 timed_waiting
java.lang.Thread.State: TIMED_WAITING
        at sun.misc.Unsafe.park(Native Method)
        at java.util.concurrent.locks.LockSupport.parkNanos(LockSupport.java:215)
        at java.util.concurrent.locks.AbstractQueuedSynchronizer$ConditionObject.awaitNanos(AbstractQueuedSynchronizer.java:2078)
        at java.util.concurrent.ArrayBlockingQueue.poll(ArrayBlockingQueue.java:418)
        at org.apache.ratis.server.impl.LeaderStateImpl$EventQueue.poll(LeaderStateImpl.java:159)
        at org.apache.ratis.server.impl.LeaderStateImpl$EventProcessor.run(LeaderStateImpl.java:630)
"Datanode ReportManager Thread - 4" daemon prio=5 tid=329 in Object.wait()
java.lang.Thread.State: WAITING (on object monitor)
        at sun.misc.Unsafe.park(Native Method)
        at java.util.concurrent.locks.LockSupport.park(LockSupport.java:175)
        at java.util.concurrent.locks.AbstractQueuedSynchronizer$ConditionObject.await(AbstractQueuedSynchronizer.java:2039)
        at java.util.concurrent.ScheduledThreadPoolExecutor$DelayedWorkQueue.take(ScheduledThreadPoolExecutor.java:1088)
        at java.util.concurrent.ScheduledThreadPoolExecutor$DelayedWorkQueue.take(ScheduledThreadPoolExecutor.java:809)
        at java.util.concurrent.ThreadPoolExecutor.getTask(ThreadPoolExecutor.java:1074)
        at java.util.concurrent.ThreadPoolExecutor.runWorker(ThreadPoolExecutor.java:1134)
        at java.util.concurrent.ThreadPoolExecutor$Worker.run(ThreadPoolExecutor.java:624)
        at java.lang.Thread.run(Thread.java:750)
"pool-71-thread-1"  prio=5 tid=566 in Object.wait()
java.lang.Thread.State: WAITING (on object monitor)
        at sun.misc.Unsafe.park(Native Method)
        at java.util.concurrent.locks.LockSupport.park(LockSupport.java:175)
        at java.util.concurrent.locks.AbstractQueuedSynchronizer$ConditionObject.await(AbstractQueuedSynchronizer.java:2039)
        at java.util.concurrent.LinkedBlockingQueue.take(LinkedBlockingQueue.java:442)
        at java.util.concurrent.ThreadPoolExecutor.getTask(ThreadPoolExecutor.java:1074)
        at java.util.concurrent.ThreadPoolExecutor.runWorker(ThreadPoolExecutor.java:1134)
        at java.util.concurrent.ThreadPoolExecutor$Worker.run(ThreadPoolExecutor.java:624)
        at java.lang.Thread.run(Thread.java:750)
"BlockDeletingService#3" daemon prio=5 tid=1149 in Object.wait()
java.lang.Thread.State: WAITING (on object monitor)
        at sun.misc.Unsafe.park(Native Method)
        at java.util.concurrent.locks.LockSupport.park(LockSupport.java:175)
        at java.util.concurrent.locks.AbstractQueuedSynchronizer$ConditionObject.await(AbstractQueuedSynchronizer.java:2039)
        at java.util.concurrent.ScheduledThreadPoolExecutor$DelayedWorkQueue.take(ScheduledThreadPoolExecutor.java:1088)
        at java.util.concurrent.ScheduledThreadPoolExecutor$DelayedWorkQueue.take(ScheduledThreadPoolExecutor.java:809)
        at java.util.concurrent.ThreadPoolExecutor.getTask(ThreadPoolExecutor.java:1074)
        at java.util.concurrent.ThreadPoolExecutor.runWorker(ThreadPoolExecutor.java:1134)
        at java.util.concurrent.ThreadPoolExecutor$Worker.run(ThreadPoolExecutor.java:624)
        at java.lang.Thread.run(Thread.java:750)
"4ef44404-e624-4c50-bb49-8deedaf9742c@group-288DFE23379A-LeaderStateImpl" daemon prio=5 tid=682 timed_waiting
java.lang.Thread.State: TIMED_WAITING
        at sun.misc.Unsafe.park(Native Method)
        at java.util.concurrent.locks.LockSupport.parkNanos(LockSupport.java:215)
        at java.util.concurrent.locks.AbstractQueuedSynchronizer$ConditionObject.awaitNanos(AbstractQueuedSynchronizer.java:2078)
        at java.util.concurrent.ArrayBlockingQueue.poll(ArrayBlockingQueue.java:418)
        at org.apache.ratis.server.impl.LeaderStateImpl$EventQueue.poll(LeaderStateImpl.java:159)
        at org.apache.ratis.server.impl.LeaderStateImpl$EventProcessor.run(LeaderStateImpl.java:630)
"ChunkWriter-2-0" daemon prio=5 tid=393 in Object.wait()
java.lang.Thread.State: WAITING (on object monitor)
        at sun.misc.Unsafe.park(Native Method)
        at java.util.concurrent.locks.LockSupport.park(LockSupport.java:175)
        at java.util.concurrent.locks.AbstractQueuedSynchronizer$ConditionObject.await(AbstractQueuedSynchronizer.java:2039)
        at java.util.concurrent.LinkedBlockingDeque.takeFirst(LinkedBlockingDeque.java:492)
        at java.util.concurrent.LinkedBlockingDeque.take(LinkedBlockingDeque.java:680)
        at java.util.concurrent.ThreadPoolExecutor.getTask(ThreadPoolExecutor.java:1074)
        at java.util.concurrent.ThreadPoolExecutor.runWorker(ThreadPoolExecutor.java:1134)
        at java.util.concurrent.ThreadPoolExecutor$Worker.run(ThreadPoolExecutor.java:624)
        at java.lang.Thread.run(Thread.java:750)
"470e2686-24c9-4e42-bae6-1f3a72650c76-server-thread2" daemon prio=5 tid=794 timed_waiting
java.lang.Thread.State: TIMED_WAITING
        at sun.misc.Unsafe.park(Native Method)
        at java.util.concurrent.locks.LockSupport.parkNanos(LockSupport.java:215)
        at java.util.concurrent.SynchronousQueue$TransferStack.awaitFulfill(SynchronousQueue.java:460)
        at java.util.concurrent.SynchronousQueue$TransferStack.transfer(SynchronousQueue.java:362)
        at java.util.concurrent.SynchronousQueue.poll(SynchronousQueue.java:941)
        at java.util.concurrent.ThreadPoolExecutor.getTask(ThreadPoolExecutor.java:1073)
        at java.util.concurrent.ThreadPoolExecutor.runWorker(ThreadPoolExecutor.java:1134)
        at java.util.concurrent.ThreadPoolExecutor$Worker.run(ThreadPoolExecutor.java:624)
        at java.lang.Thread.run(Thread.java:750)
"BackgroundPipelineScrubberThread" daemon prio=5 tid=16 timed_waiting
java.lang.Thread.State: TIMED_WAITING
        at java.lang.Object.wait(Native Method)
        at org.apache.hadoop.hdds.scm.ha.BackgroundSCMService.run(BackgroundSCMService.java:110)
        at org.apache.hadoop.hdds.scm.ha.BackgroundSCMService$$Lambda$374/107444607.run(Unknown Source)
        at java.lang.Thread.run(Thread.java:750)
"StaleRecoveringContainerScrubbingService#8" daemon prio=5 tid=1133 in Object.wait()
java.lang.Thread.State: WAITING (on object monitor)
        at sun.misc.Unsafe.park(Native Method)
        at java.util.concurrent.locks.LockSupport.park(LockSupport.java:175)
        at java.util.concurrent.locks.AbstractQueuedSynchronizer$ConditionObject.await(AbstractQueuedSynchronizer.java:2039)
        at java.util.concurrent.ScheduledThreadPoolExecutor$DelayedWorkQueue.take(ScheduledThreadPoolExecutor.java:1088)
        at java.util.concurrent.ScheduledThreadPoolExecutor$DelayedWorkQueue.take(ScheduledThreadPoolExecutor.java:809)
        at java.util.concurrent.ThreadPoolExecutor.getTask(ThreadPoolExecutor.java:1074)
        at java.util.concurrent.ThreadPoolExecutor.runWorker(ThreadPoolExecutor.java:1134)
        at java.util.concurrent.ThreadPoolExecutor$Worker.run(ThreadPoolExecutor.java:624)
        at java.lang.Thread.run(Thread.java:750)
"Datanode ReportManager Thread - 4" daemon prio=5 tid=225 timed_waiting
java.lang.Thread.State: TIMED_WAITING
        at sun.misc.Unsafe.park(Native Method)
        at java.util.concurrent.locks.LockSupport.parkNanos(LockSupport.java:215)
        at java.util.concurrent.locks.AbstractQueuedSynchronizer$ConditionObject.awaitNanos(AbstractQueuedSynchronizer.java:2078)
        at java.util.concurrent.ScheduledThreadPoolExecutor$DelayedWorkQueue.take(ScheduledThreadPoolExecutor.java:1093)
        at java.util.concurrent.ScheduledThreadPoolExecutor$DelayedWorkQueue.take(ScheduledThreadPoolExecutor.java:809)
        at java.util.concurrent.ThreadPoolExecutor.getTask(ThreadPoolExecutor.java:1074)
        at java.util.concurrent.ThreadPoolExecutor.runWorker(ThreadPoolExecutor.java:1134)
        at java.util.concurrent.ThreadPoolExecutor$Worker.run(ThreadPoolExecutor.java:624)
        at java.lang.Thread.run(Thread.java:750)
"cc93147f-bc2d-4803-9a7c-bfa6df100165-server-thread2" daemon prio=5 tid=899 timed_waiting
java.lang.Thread.State: TIMED_WAITING
        at sun.misc.Unsafe.park(Native Method)
        at java.util.concurrent.locks.LockSupport.parkNanos(LockSupport.java:215)
        at java.util.concurrent.SynchronousQueue$TransferStack.awaitFulfill(SynchronousQueue.java:460)
        at java.util.concurrent.SynchronousQueue$TransferStack.transfer(SynchronousQueue.java:362)
        at java.util.concurrent.SynchronousQueue.poll(SynchronousQueue.java:941)
        at java.util.concurrent.ThreadPoolExecutor.getTask(ThreadPoolExecutor.java:1073)
        at java.util.concurrent.ThreadPoolExecutor.runWorker(ThreadPoolExecutor.java:1134)
        at java.util.concurrent.ThreadPoolExecutor$Worker.run(ThreadPoolExecutor.java:624)
        at java.lang.Thread.run(Thread.java:750)
"JvmPauseMonitor9" daemon prio=5 tid=547 timed_waiting
java.lang.Thread.State: TIMED_WAITING
        at java.lang.Thread.sleep(Native Method)
        at java.lang.Thread.sleep(Thread.java:342)
        at java.util.concurrent.TimeUnit.sleep(TimeUnit.java:386)
        at org.apache.ratis.util.TimeDuration.sleep(TimeDuration.java:325)
        at org.apache.ratis.util.TimeDuration.sleep(TimeDuration.java:310)
        at org.apache.ratis.util.JvmPauseMonitor.detectPause(JvmPauseMonitor.java:119)
        at org.apache.ratis.util.JvmPauseMonitor.run(JvmPauseMonitor.java:108)
        at org.apache.ratis.util.JvmPauseMonitor$$Lambda$708/135372099.run(Unknown Source)
        at java.lang.Thread.run(Thread.java:750)
"IPC Server handler 3 on default port 45237" daemon prio=5 tid=69 timed_waiting
java.lang.Thread.State: TIMED_WAITING
        at sun.misc.Unsafe.park(Native Method)
        at java.util.concurrent.locks.LockSupport.parkNanos(LockSupport.java:215)
        at java.util.concurrent.locks.AbstractQueuedSynchronizer$ConditionObject.awaitNanos(AbstractQueuedSynchronizer.java:2078)
        at java.util.concurrent.LinkedBlockingQueue.poll(LinkedBlockingQueue.java:467)
        at org.apache.hadoop.ipc.CallQueueManager.take(CallQueueManager.java:317)
        at org.apache.hadoop.ipc.Server$Handler.run(Server.java:2942)
"qtp163647132-290-acceptor-0@68ac2a43-ServerConnector@7a1b9fb6{HTTP/1.1, (http/1.1)}{0.0.0.0:46619}" daemon prio=3 tid=290 runnable
java.lang.Thread.State: RUNNABLE
        at sun.nio.ch.ServerSocketChannelImpl.accept0(Native Method)
        at sun.nio.ch.ServerSocketChannelImpl.accept(ServerSocketChannelImpl.java:421)
        at sun.nio.ch.ServerSocketChannelImpl.accept(ServerSocketChannelImpl.java:249)
        at org.eclipse.jetty.server.ServerConnector.accept(ServerConnector.java:388)
        at org.eclipse.jetty.server.AbstractConnector$Acceptor.run(AbstractConnector.java:704)
        at org.eclipse.jetty.util.thread.QueuedThreadPool.runJob(QueuedThreadPool.java:883)
        at org.eclipse.jetty.util.thread.QueuedThreadPool$Runner.run(QueuedThreadPool.java:1034)
        at java.lang.Thread.run(Thread.java:750)
"StaleRecoveringContainerScrubbingService#5" daemon prio=5 tid=940 in Object.wait()
java.lang.Thread.State: WAITING (on object monitor)
        at sun.misc.Unsafe.park(Native Method)
        at java.util.concurrent.locks.LockSupport.park(LockSupport.java:175)
        at java.util.concurrent.locks.AbstractQueuedSynchronizer$ConditionObject.await(AbstractQueuedSynchronizer.java:2039)
        at java.util.concurrent.ScheduledThreadPoolExecutor$DelayedWorkQueue.take(ScheduledThreadPoolExecutor.java:1088)
        at java.util.concurrent.ScheduledThreadPoolExecutor$DelayedWorkQueue.take(ScheduledThreadPoolExecutor.java:809)
        at java.util.concurrent.ThreadPoolExecutor.getTask(ThreadPoolExecutor.java:1074)
        at java.util.concurrent.ThreadPoolExecutor.runWorker(ThreadPoolExecutor.java:1134)
        at java.util.concurrent.ThreadPoolExecutor$Worker.run(ThreadPoolExecutor.java:624)
        at java.lang.Thread.run(Thread.java:750)
"StaleRecoveringContainerScrubbingService#4" daemon prio=5 tid=928 in Object.wait()
java.lang.Thread.State: WAITING (on object monitor)
        at sun.misc.Unsafe.park(Native Method)
        at java.util.concurrent.locks.LockSupport.park(LockSupport.java:175)
        at java.util.concurrent.locks.AbstractQueuedSynchronizer$ConditionObject.await(AbstractQueuedSynchronizer.java:2039)
        at java.util.concurrent.ScheduledThreadPoolExecutor$DelayedWorkQueue.take(ScheduledThreadPoolExecutor.java:1088)
        at java.util.concurrent.ScheduledThreadPoolExecutor$DelayedWorkQueue.take(ScheduledThreadPoolExecutor.java:809)
        at java.util.concurrent.ThreadPoolExecutor.getTask(ThreadPoolExecutor.java:1074)
        at java.util.concurrent.ThreadPoolExecutor.runWorker(ThreadPoolExecutor.java:1134)
        at java.util.concurrent.ThreadPoolExecutor$Worker.run(ThreadPoolExecutor.java:624)
        at java.lang.Thread.run(Thread.java:750)
"JvmPauseMonitor7" daemon prio=5 tid=522 timed_waiting
java.lang.Thread.State: TIMED_WAITING
        at java.lang.Thread.sleep(Native Method)
        at java.lang.Thread.sleep(Thread.java:342)
        at java.util.concurrent.TimeUnit.sleep(TimeUnit.java:386)
        at org.apache.ratis.util.TimeDuration.sleep(TimeDuration.java:325)
        at org.apache.ratis.util.TimeDuration.sleep(TimeDuration.java:310)
        at org.apache.ratis.util.JvmPauseMonitor.detectPause(JvmPauseMonitor.java:119)
        at org.apache.ratis.util.JvmPauseMonitor.run(JvmPauseMonitor.java:108)
        at org.apache.ratis.util.JvmPauseMonitor$$Lambda$708/135372099.run(Unknown Source)
        at java.lang.Thread.run(Thread.java:750)
"pool-58-thread-1"  prio=5 tid=143 timed_waiting
java.lang.Thread.State: TIMED_WAITING
        at sun.misc.Unsafe.park(Native Method)
        at java.util.concurrent.locks.LockSupport.parkNanos(LockSupport.java:215)
        at java.util.concurrent.locks.AbstractQueuedSynchronizer$ConditionObject.awaitNanos(AbstractQueuedSynchronizer.java:2078)
        at java.util.concurrent.ScheduledThreadPoolExecutor$DelayedWorkQueue.take(ScheduledThreadPoolExecutor.java:1093)
        at java.util.concurrent.ScheduledThreadPoolExecutor$DelayedWorkQueue.take(ScheduledThreadPoolExecutor.java:809)
        at java.util.concurrent.ThreadPoolExecutor.getTask(ThreadPoolExecutor.java:1074)
        at java.util.concurrent.ThreadPoolExecutor.runWorker(ThreadPoolExecutor.java:1134)
        at java.util.concurrent.ThreadPoolExecutor$Worker.run(ThreadPoolExecutor.java:624)
        at java.lang.Thread.run(Thread.java:750)
"StaleRecoveringContainerScrubbingService#7" daemon prio=5 tid=1125 in Object.wait()
java.lang.Thread.State: WAITING (on object monitor)
        at sun.misc.Unsafe.park(Native Method)
        at java.util.concurrent.locks.LockSupport.park(LockSupport.java:175)
        at java.util.concurrent.locks.AbstractQueuedSynchronizer$ConditionObject.await(AbstractQueuedSynchronizer.java:2039)
        at java.util.concurrent.ScheduledThreadPoolExecutor$DelayedWorkQueue.take(ScheduledThreadPoolExecutor.java:1088)
        at java.util.concurrent.ScheduledThreadPoolExecutor$DelayedWorkQueue.take(ScheduledThreadPoolExecutor.java:809)
        at java.util.concurrent.ThreadPoolExecutor.getTask(ThreadPoolExecutor.java:1074)
        at java.util.concurrent.ThreadPoolExecutor.runWorker(ThreadPoolExecutor.java:1134)
        at java.util.concurrent.ThreadPoolExecutor$Worker.run(ThreadPoolExecutor.java:624)
        at java.lang.Thread.run(Thread.java:750)
"470e2686-24c9-4e42-bae6-1f3a72650c76@group-86C4A20D7C89-LeaderStateImpl" daemon prio=5 tid=889 timed_waiting
java.lang.Thread.State: TIMED_WAITING
        at sun.misc.Unsafe.park(Native Method)
        at java.util.concurrent.locks.LockSupport.parkNanos(LockSupport.java:215)
        at java.util.concurrent.locks.AbstractQueuedSynchronizer$ConditionObject.awaitNanos(AbstractQueuedSynchronizer.java:2078)
        at java.util.concurrent.ArrayBlockingQueue.poll(ArrayBlockingQueue.java:418)
        at org.apache.ratis.server.impl.LeaderStateImpl$EventQueue.poll(LeaderStateImpl.java:159)
        at org.apache.ratis.server.impl.LeaderStateImpl$EventProcessor.run(LeaderStateImpl.java:630)
"ChunkWriter-3-0" daemon prio=5 tid=521 in Object.wait()
java.lang.Thread.State: WAITING (on object monitor)
        at sun.misc.Unsafe.park(Native Method)
        at java.util.concurrent.locks.LockSupport.park(LockSupport.java:175)
        at java.util.concurrent.locks.AbstractQueuedSynchronizer$ConditionObject.await(AbstractQueuedSynchronizer.java:2039)
        at java.util.concurrent.LinkedBlockingDeque.takeFirst(LinkedBlockingDeque.java:492)
        at java.util.concurrent.LinkedBlockingDeque.take(LinkedBlockingDeque.java:680)
        at java.util.concurrent.ThreadPoolExecutor.getTask(ThreadPoolExecutor.java:1074)
        at java.util.concurrent.ThreadPoolExecutor.runWorker(ThreadPoolExecutor.java:1134)
        at java.util.concurrent.ThreadPoolExecutor$Worker.run(ThreadPoolExecutor.java:624)
        at java.lang.Thread.run(Thread.java:750)
"qtp1054778873-425" daemon prio=5 tid=425 timed_waiting
java.lang.Thread.State: TIMED_WAITING
        at sun.misc.Unsafe.park(Native Method)
        at java.util.concurrent.locks.LockSupport.parkNanos(LockSupport.java:215)
        at java.util.concurrent.locks.AbstractQueuedSynchronizer$ConditionObject.awaitNanos(AbstractQueuedSynchronizer.java:2078)
        at org.eclipse.jetty.util.BlockingArrayQueue.poll(BlockingArrayQueue.java:382)
        at org.eclipse.jetty.util.thread.QueuedThreadPool$Runner.idleJobPoll(QueuedThreadPool.java:974)
        at org.eclipse.jetty.util.thread.QueuedThreadPool$Runner.run(QueuedThreadPool.java:1018)
        at java.lang.Thread.run(Thread.java:750)
"StaleRecoveringContainerScrubbingService#1" daemon prio=5 tid=508 in Object.wait()
java.lang.Thread.State: WAITING (on object monitor)
        at sun.misc.Unsafe.park(Native Method)
        at java.util.concurrent.locks.LockSupport.park(LockSupport.java:175)
        at java.util.concurrent.locks.AbstractQueuedSynchronizer$ConditionObject.await(AbstractQueuedSynchronizer.java:2039)
        at java.util.concurrent.ScheduledThreadPoolExecutor$DelayedWorkQueue.take(ScheduledThreadPoolExecutor.java:1088)
        at java.util.concurrent.ScheduledThreadPoolExecutor$DelayedWorkQueue.take(ScheduledThreadPoolExecutor.java:809)
        at java.util.concurrent.ThreadPoolExecutor.getTask(ThreadPoolExecutor.java:1074)
        at java.util.concurrent.ThreadPoolExecutor.runWorker(ThreadPoolExecutor.java:1134)
        at java.util.concurrent.ThreadPoolExecutor$Worker.run(ThreadPoolExecutor.java:624)
        at java.lang.Thread.run(Thread.java:750)
"Datanode State Machine Daemon Thread" daemon prio=5 tid=272 runnable
java.lang.Thread.State: RUNNABLE
        at java.lang.Thread.sleep(Native Method)
        at org.apache.hadoop.ozone.container.common.statemachine.DatanodeStateMachine.startStateMachineThread(DatanodeStateMachine.java:321)
        at org.apache.hadoop.ozone.container.common.statemachine.DatanodeStateMachine.lambda$startDaemon$0(DatanodeStateMachine.java:506)
        at org.apache.hadoop.ozone.container.common.statemachine.DatanodeStateMachine$$Lambda$753/1831975653.run(Unknown Source)
        at java.lang.Thread.run(Thread.java:750)
"ChunkWriter-0-0" daemon prio=5 tid=555 in Object.wait()
java.lang.Thread.State: WAITING (on object monitor)
        at sun.misc.Unsafe.park(Native Method)
        at java.util.concurrent.locks.LockSupport.park(LockSupport.java:175)
        at java.util.concurrent.locks.AbstractQueuedSynchronizer$ConditionObject.await(AbstractQueuedSynchronizer.java:2039)
        at java.util.concurrent.LinkedBlockingDeque.takeFirst(LinkedBlockingDeque.java:492)
        at java.util.concurrent.LinkedBlockingDeque.take(LinkedBlockingDeque.java:680)
        at java.util.concurrent.ThreadPoolExecutor.getTask(ThreadPoolExecutor.java:1074)
        at java.util.concurrent.ThreadPoolExecutor.runWorker(ThreadPoolExecutor.java:1134)
        at java.util.concurrent.ThreadPoolExecutor$Worker.run(ThreadPoolExecutor.java:624)
        at java.lang.Thread.run(Thread.java:750)
"qtp1512974477-345-acceptor-0@21284913-ServerConnector@5020027c{HTTP/1.1, (http/1.1)}{0.0.0.0:41811}" daemon prio=3 tid=345 runnable
java.lang.Thread.State: RUNNABLE
        at sun.nio.ch.ServerSocketChannelImpl.accept0(Native Method)
        at sun.nio.ch.ServerSocketChannelImpl.accept(ServerSocketChannelImpl.java:421)
        at sun.nio.ch.ServerSocketChannelImpl.accept(ServerSocketChannelImpl.java:249)
        at org.eclipse.jetty.server.ServerConnector.accept(ServerConnector.java:388)
        at org.eclipse.jetty.server.AbstractConnector$Acceptor.run(AbstractConnector.java:704)
        at org.eclipse.jetty.util.thread.QueuedThreadPool.runJob(QueuedThreadPool.java:883)
        at org.eclipse.jetty.util.thread.QueuedThreadPool$Runner.run(QueuedThreadPool.java:1034)
        at java.lang.Thread.run(Thread.java:750)
"om1@group-C5BA1605619E-SegmentedRaftLogWorker"  prio=5 tid=134 timed_waiting
java.lang.Thread.State: TIMED_WAITING
        at sun.misc.Unsafe.park(Native Method)
        at java.util.concurrent.locks.LockSupport.parkNanos(LockSupport.java:215)
        at java.util.concurrent.locks.AbstractQueuedSynchronizer$ConditionObject.awaitNanos(AbstractQueuedSynchronizer.java:2078)
        at org.apache.ratis.util.DataBlockingQueue.poll(DataBlockingQueue.java:148)
        at org.apache.ratis.server.raftlog.segmented.SegmentedRaftLogWorker.run(SegmentedRaftLogWorker.java:312)
        at org.apache.ratis.server.raftlog.segmented.SegmentedRaftLogWorker$$Lambda$667/1522169736.run(Unknown Source)
        at java.lang.Thread.run(Thread.java:750)
"qtp1712704558-189" daemon prio=5 tid=189 timed_waiting
java.lang.Thread.State: TIMED_WAITING
        at sun.misc.Unsafe.park(Native Method)
        at java.util.concurrent.locks.LockSupport.parkNanos(LockSupport.java:215)
        at java.util.concurrent.locks.AbstractQueuedSynchronizer$ConditionObject.awaitNanos(AbstractQueuedSynchronizer.java:2078)
        at org.eclipse.jetty.util.BlockingArrayQueue.poll(BlockingArrayQueue.java:382)
        at org.eclipse.jetty.util.thread.QueuedThreadPool$Runner.idleJobPoll(QueuedThreadPool.java:974)
        at org.eclipse.jetty.util.thread.QueuedThreadPool$Runner.run(QueuedThreadPool.java:1018)
        at java.lang.Thread.run(Thread.java:750)
"EventQueue-NodeReportForNodeReportHandler" daemon prio=5 tid=1089 in Object.wait()
java.lang.Thread.State: WAITING (on object monitor)
        at sun.misc.Unsafe.park(Native Method)
        at java.util.concurrent.locks.LockSupport.park(LockSupport.java:175)
        at java.util.concurrent.locks.AbstractQueuedSynchronizer$ConditionObject.await(AbstractQueuedSynchronizer.java:2039)
        at java.util.concurrent.LinkedBlockingQueue.take(LinkedBlockingQueue.java:442)
        at java.util.concurrent.ThreadPoolExecutor.getTask(ThreadPoolExecutor.java:1074)
        at java.util.concurrent.ThreadPoolExecutor.runWorker(ThreadPoolExecutor.java:1134)
        at java.util.concurrent.ThreadPoolExecutor$Worker.run(ThreadPoolExecutor.java:624)
        at java.lang.Thread.run(Thread.java:750)
"qtp381504811-215" daemon prio=5 tid=215 timed_waiting
java.lang.Thread.State: TIMED_WAITING
        at sun.misc.Unsafe.park(Native Method)
        at java.util.concurrent.locks.LockSupport.parkNanos(LockSupport.java:215)
        at java.util.concurrent.locks.AbstractQueuedSynchronizer$ConditionObject.awaitNanos(AbstractQueuedSynchronizer.java:2078)
        at org.eclipse.jetty.util.BlockingArrayQueue.poll(BlockingArrayQueue.java:382)
        at org.eclipse.jetty.util.thread.QueuedThreadPool$Runner.idleJobPoll(QueuedThreadPool.java:974)
        at org.eclipse.jetty.util.thread.QueuedThreadPool$Runner.run(QueuedThreadPool.java:1018)
        at java.lang.Thread.run(Thread.java:750)
"DirectoryDeletingService#0" daemon prio=5 tid=141 timed_waiting
java.lang.Thread.State: TIMED_WAITING
        at sun.misc.Unsafe.park(Native Method)
        at java.util.concurrent.locks.LockSupport.parkNanos(LockSupport.java:215)
        at java.util.concurrent.locks.AbstractQueuedSynchronizer$ConditionObject.awaitNanos(AbstractQueuedSynchronizer.java:2078)
        at java.util.concurrent.ScheduledThreadPoolExecutor$DelayedWorkQueue.take(ScheduledThreadPoolExecutor.java:1093)
        at java.util.concurrent.ScheduledThreadPoolExecutor$DelayedWorkQueue.take(ScheduledThreadPoolExecutor.java:809)
        at java.util.concurrent.ThreadPoolExecutor.getTask(ThreadPoolExecutor.java:1074)
        at java.util.concurrent.ThreadPoolExecutor.runWorker(ThreadPoolExecutor.java:1134)
        at java.util.concurrent.ThreadPoolExecutor$Worker.run(ThreadPoolExecutor.java:624)
        at java.lang.Thread.run(Thread.java:750)
"StaleRecoveringContainerScrubbingService#5" daemon prio=5 tid=943 in Object.wait()
java.lang.Thread.State: WAITING (on object monitor)
        at sun.misc.Unsafe.park(Native Method)
        at java.util.concurrent.locks.LockSupport.park(LockSupport.java:175)
        at java.util.concurrent.locks.AbstractQueuedSynchronizer$ConditionObject.await(AbstractQueuedSynchronizer.java:2039)
        at java.util.concurrent.ScheduledThreadPoolExecutor$DelayedWorkQueue.take(ScheduledThreadPoolExecutor.java:1088)
        at java.util.concurrent.ScheduledThreadPoolExecutor$DelayedWorkQueue.take(ScheduledThreadPoolExecutor.java:809)
        at java.util.concurrent.ThreadPoolExecutor.getTask(ThreadPoolExecutor.java:1074)
        at java.util.concurrent.ThreadPoolExecutor.runWorker(ThreadPoolExecutor.java:1134)
        at java.util.concurrent.ThreadPoolExecutor$Worker.run(ThreadPoolExecutor.java:624)
        at java.lang.Thread.run(Thread.java:750)
"Datanode State Machine Task Thread - 1"  prio=5 tid=516 in Object.wait()
java.lang.Thread.State: WAITING (on object monitor)
        at sun.misc.Unsafe.park(Native Method)
        at java.util.concurrent.locks.LockSupport.park(LockSupport.java:175)
        at java.util.concurrent.locks.AbstractQueuedSynchronizer$ConditionObject.await(AbstractQueuedSynchronizer.java:2039)
        at java.util.concurrent.LinkedBlockingQueue.take(LinkedBlockingQueue.java:442)
        at java.util.concurrent.ThreadPoolExecutor.getTask(ThreadPoolExecutor.java:1074)
        at java.util.concurrent.ThreadPoolExecutor.runWorker(ThreadPoolExecutor.java:1134)
        at java.util.concurrent.ThreadPoolExecutor$Worker.run(ThreadPoolExecutor.java:624)
        at java.lang.Thread.run(Thread.java:750)
"3ddade9d-4289-4127-b7c4-830dd518ff0a@group-99BD4D3A3F73-SegmentedRaftLogWorker"  prio=5 tid=670 timed_waiting
java.lang.Thread.State: TIMED_WAITING
        at sun.misc.Unsafe.park(Native Method)
        at java.util.concurrent.locks.LockSupport.parkNanos(LockSupport.java:215)
        at java.util.concurrent.locks.AbstractQueuedSynchronizer$ConditionObject.awaitNanos(AbstractQueuedSynchronizer.java:2078)
        at org.apache.ratis.util.DataBlockingQueue.poll(DataBlockingQueue.java:148)
        at org.apache.ratis.server.raftlog.segmented.SegmentedRaftLogWorker.run(SegmentedRaftLogWorker.java:312)
        at org.apache.ratis.server.raftlog.segmented.SegmentedRaftLogWorker$$Lambda$667/1522169736.run(Unknown Source)
        at java.lang.Thread.run(Thread.java:750)
"qtp1054778873-421" daemon prio=5 tid=421 timed_waiting
java.lang.Thread.State: TIMED_WAITING
        at sun.misc.Unsafe.park(Native Method)
        at java.util.concurrent.locks.LockSupport.parkNanos(LockSupport.java:215)
        at java.util.concurrent.locks.AbstractQueuedSynchronizer$ConditionObject.awaitNanos(AbstractQueuedSynchronizer.java:2078)
        at org.eclipse.jetty.util.BlockingArrayQueue.poll(BlockingArrayQueue.java:382)
        at org.eclipse.jetty.util.thread.QueuedThreadPool$Runner.idleJobPoll(QueuedThreadPool.java:974)
        at org.eclipse.jetty.util.thread.QueuedThreadPool$Runner.run(QueuedThreadPool.java:1018)
        at java.lang.Thread.run(Thread.java:750)
"pool-299-thread-1"  prio=5 tid=455 timed_waiting
java.lang.Thread.State: TIMED_WAITING
        at sun.misc.Unsafe.park(Native Method)
        at java.util.concurrent.locks.LockSupport.parkNanos(LockSupport.java:215)
        at java.util.concurrent.locks.AbstractQueuedSynchronizer$ConditionObject.awaitNanos(AbstractQueuedSynchronizer.java:2078)
        at java.util.concurrent.ScheduledThreadPoolExecutor$DelayedWorkQueue.take(ScheduledThreadPoolExecutor.java:1093)
        at java.util.concurrent.ScheduledThreadPoolExecutor$DelayedWorkQueue.take(ScheduledThreadPoolExecutor.java:809)
        at java.util.concurrent.ThreadPoolExecutor.getTask(ThreadPoolExecutor.java:1074)
        at java.util.concurrent.ThreadPoolExecutor.runWorker(ThreadPoolExecutor.java:1134)
        at java.util.concurrent.ThreadPoolExecutor$Worker.run(ThreadPoolExecutor.java:624)
        at java.lang.Thread.run(Thread.java:750)
"timer5" daemon prio=5 tid=770 in Object.wait()
java.lang.Thread.State: WAITING (on object monitor)
        at java.lang.Object.wait(Native Method)
        at java.lang.Object.wait(Object.java:502)
        at java.util.TimerThread.mainLoop(Timer.java:526)
        at java.util.TimerThread.run(Timer.java:505)
"cc93147f-bc2d-4803-9a7c-bfa6df100165@group-B4A2B59BA7D6-LeaderStateImpl" daemon prio=5 tid=727 timed_waiting
java.lang.Thread.State: TIMED_WAITING
        at sun.misc.Unsafe.park(Native Method)
        at java.util.concurrent.locks.LockSupport.parkNanos(LockSupport.java:215)
        at java.util.concurrent.locks.AbstractQueuedSynchronizer$ConditionObject.awaitNanos(AbstractQueuedSynchronizer.java:2078)
        at java.util.concurrent.ArrayBlockingQueue.poll(ArrayBlockingQueue.java:418)
        at org.apache.ratis.server.impl.LeaderStateImpl$EventQueue.poll(LeaderStateImpl.java:159)
        at org.apache.ratis.server.impl.LeaderStateImpl$EventProcessor.run(LeaderStateImpl.java:630)
"grpc-default-executor-1" daemon prio=5 tid=584 timed_waiting
java.lang.Thread.State: TIMED_WAITING
        at sun.misc.Unsafe.park(Native Method)
        at java.util.concurrent.locks.LockSupport.parkNanos(LockSupport.java:215)
        at java.util.concurrent.SynchronousQueue$TransferStack.awaitFulfill(SynchronousQueue.java:460)
        at java.util.concurrent.SynchronousQueue$TransferStack.transfer(SynchronousQueue.java:362)
        at java.util.concurrent.SynchronousQueue.poll(SynchronousQueue.java:941)
        at java.util.concurrent.ThreadPoolExecutor.getTask(ThreadPoolExecutor.java:1073)
        at java.util.concurrent.ThreadPoolExecutor.runWorker(ThreadPoolExecutor.java:1134)
        at java.util.concurrent.ThreadPoolExecutor$Worker.run(ThreadPoolExecutor.java:624)
        at java.lang.Thread.run(Thread.java:750)
"Datanode State Machine Task Thread - 0"  prio=5 tid=306 in Object.wait()
java.lang.Thread.State: WAITING (on object monitor)
        at sun.misc.Unsafe.park(Native Method)
        at java.util.concurrent.locks.LockSupport.park(LockSupport.java:175)
        at java.util.concurrent.locks.AbstractQueuedSynchronizer$ConditionObject.await(AbstractQueuedSynchronizer.java:2039)
        at java.util.concurrent.LinkedBlockingQueue.take(LinkedBlockingQueue.java:442)
        at java.util.concurrent.ThreadPoolExecutor.getTask(ThreadPoolExecutor.java:1074)
        at java.util.concurrent.ThreadPoolExecutor.runWorker(ThreadPoolExecutor.java:1134)
        at java.util.concurrent.ThreadPoolExecutor$Worker.run(ThreadPoolExecutor.java:624)
        at java.lang.Thread.run(Thread.java:750)
"ChunkReader-9" daemon prio=5 tid=965 in Object.wait()
java.lang.Thread.State: WAITING (on object monitor)
        at sun.misc.Unsafe.park(Native Method)
        at java.util.concurrent.locks.LockSupport.park(LockSupport.java:175)
        at java.util.concurrent.locks.AbstractQueuedSynchronizer$ConditionObject.await(AbstractQueuedSynchronizer.java:2039)
        at java.util.concurrent.LinkedBlockingQueue.take(LinkedBlockingQueue.java:442)
        at java.util.concurrent.ThreadPoolExecutor.getTask(ThreadPoolExecutor.java:1074)
        at java.util.concurrent.ThreadPoolExecutor.runWorker(ThreadPoolExecutor.java:1134)
        at java.util.concurrent.ThreadPoolExecutor$Worker.run(ThreadPoolExecutor.java:624)
        at java.lang.Thread.run(Thread.java:750)
"ChunkReader-3" daemon prio=5 tid=839 in Object.wait()
java.lang.Thread.State: WAITING (on object monitor)
        at sun.misc.Unsafe.park(Native Method)
        at java.util.concurrent.locks.LockSupport.park(LockSupport.java:175)
        at java.util.concurrent.locks.AbstractQueuedSynchronizer$ConditionObject.await(AbstractQueuedSynchronizer.java:2039)
        at java.util.concurrent.LinkedBlockingQueue.take(LinkedBlockingQueue.java:442)
        at java.util.concurrent.ThreadPoolExecutor.getTask(ThreadPoolExecutor.java:1074)
        at java.util.concurrent.ThreadPoolExecutor.runWorker(ThreadPoolExecutor.java:1134)
        at java.util.concurrent.ThreadPoolExecutor$Worker.run(ThreadPoolExecutor.java:624)
        at java.lang.Thread.run(Thread.java:750)
"qtp1970665441-113" daemon prio=5 tid=113 timed_waiting
java.lang.Thread.State: TIMED_WAITING
        at sun.misc.Unsafe.park(Native Method)
        at java.util.concurrent.locks.LockSupport.parkNanos(LockSupport.java:215)
        at java.util.concurrent.locks.AbstractQueuedSynchronizer$ConditionObject.awaitNanos(AbstractQueuedSynchronizer.java:2078)
        at org.eclipse.jetty.util.BlockingArrayQueue.poll(BlockingArrayQueue.java:382)
        at org.eclipse.jetty.util.thread.QueuedThreadPool$Runner.idleJobPoll(QueuedThreadPool.java:974)
        at org.eclipse.jetty.util.thread.QueuedThreadPool$Runner.run(QueuedThreadPool.java:1018)
        at java.lang.Thread.run(Thread.java:750)
"OM StateMachine ApplyTransaction Thread - 0" daemon prio=5 tid=773 in Object.wait()
java.lang.Thread.State: WAITING (on object monitor)
        at sun.misc.Unsafe.park(Native Method)
        at java.util.concurrent.locks.LockSupport.park(LockSupport.java:175)
        at java.util.concurrent.locks.AbstractQueuedSynchronizer$ConditionObject.await(AbstractQueuedSynchronizer.java:2039)
        at java.util.concurrent.LinkedBlockingQueue.take(LinkedBlockingQueue.java:442)
        at java.util.concurrent.ThreadPoolExecutor.getTask(ThreadPoolExecutor.java:1074)
        at java.util.concurrent.ThreadPoolExecutor.runWorker(ThreadPoolExecutor.java:1134)
        at java.util.concurrent.ThreadPoolExecutor$Worker.run(ThreadPoolExecutor.java:624)
        at java.lang.Thread.run(Thread.java:750)
"pool-140-thread-1"  prio=5 tid=595 in Object.wait()
java.lang.Thread.State: WAITING (on object monitor)
        at sun.misc.Unsafe.park(Native Method)
        at java.util.concurrent.locks.LockSupport.park(LockSupport.java:175)
        at java.util.concurrent.locks.AbstractQueuedSynchronizer$ConditionObject.await(AbstractQueuedSynchronizer.java:2039)
        at java.util.concurrent.LinkedBlockingQueue.take(LinkedBlockingQueue.java:442)
        at java.util.concurrent.ThreadPoolExecutor.getTask(ThreadPoolExecutor.java:1074)
        at java.util.concurrent.ThreadPoolExecutor.runWorker(ThreadPoolExecutor.java:1134)
        at java.util.concurrent.ThreadPoolExecutor$Worker.run(ThreadPoolExecutor.java:624)
        at java.lang.Thread.run(Thread.java:750)
"FixedThreadPoolWithAffinityExecutor-9-0" daemon prio=5 tid=44 timed_waiting
java.lang.Thread.State: TIMED_WAITING
        at sun.misc.Unsafe.park(Native Method)
        at java.util.concurrent.locks.LockSupport.parkNanos(LockSupport.java:215)
        at java.util.concurrent.locks.AbstractQueuedSynchronizer$ConditionObject.awaitNanos(AbstractQueuedSynchronizer.java:2078)
        at java.util.concurrent.LinkedBlockingQueue.poll(LinkedBlockingQueue.java:467)
        at org.apache.hadoop.hdds.scm.server.ContainerReportQueue.poll(ContainerReportQueue.java:266)
        at org.apache.hadoop.hdds.scm.server.ContainerReportQueue.poll(ContainerReportQueue.java:42)
        at org.apache.hadoop.hdds.server.events.FixedThreadPoolWithAffinityExecutor$ContainerReportProcessTask.run(FixedThreadPoolWithAffinityExecutor.java:248)
        at java.util.concurrent.Executors$RunnableAdapter.call(Executors.java:511)
        at java.util.concurrent.FutureTask.run(FutureTask.java:266)
        at java.util.concurrent.ThreadPoolExecutor.runWorker(ThreadPoolExecutor.java:1149)
        at java.util.concurrent.ThreadPoolExecutor$Worker.run(ThreadPoolExecutor.java:624)
        at java.lang.Thread.run(Thread.java:750)
"ChunkReader-4" daemon prio=5 tid=949 in Object.wait()
java.lang.Thread.State: WAITING (on object monitor)
        at sun.misc.Unsafe.park(Native Method)
        at java.util.concurrent.locks.LockSupport.park(LockSupport.java:175)
        at java.util.concurrent.locks.AbstractQueuedSynchronizer$ConditionObject.await(AbstractQueuedSynchronizer.java:2039)
        at java.util.concurrent.LinkedBlockingQueue.take(LinkedBlockingQueue.java:442)
        at java.util.concurrent.ThreadPoolExecutor.getTask(ThreadPoolExecutor.java:1074)
        at java.util.concurrent.ThreadPoolExecutor.runWorker(ThreadPoolExecutor.java:1134)
        at java.util.concurrent.ThreadPoolExecutor$Worker.run(ThreadPoolExecutor.java:624)
        at java.lang.Thread.run(Thread.java:750)
"2497daeb-967d-49ad-8f28-1297e8c4c732@group-99BD4D3A3F73-SegmentedRaftLogWorker"  prio=5 tid=662 timed_waiting
java.lang.Thread.State: TIMED_WAITING
        at sun.misc.Unsafe.park(Native Method)
        at java.util.concurrent.locks.LockSupport.parkNanos(LockSupport.java:215)
        at java.util.concurrent.locks.AbstractQueuedSynchronizer$ConditionObject.awaitNanos(AbstractQueuedSynchronizer.java:2078)
        at org.apache.ratis.util.DataBlockingQueue.poll(DataBlockingQueue.java:148)
        at org.apache.ratis.server.raftlog.segmented.SegmentedRaftLogWorker.run(SegmentedRaftLogWorker.java:312)
        at org.apache.ratis.server.raftlog.segmented.SegmentedRaftLogWorker$$Lambda$667/1522169736.run(Unknown Source)
        at java.lang.Thread.run(Thread.java:750)
"Session-HouseKeeper-a9d3bd0-1"  prio=5 tid=271 timed_waiting
java.lang.Thread.State: TIMED_WAITING
        at sun.misc.Unsafe.park(Native Method)
        at java.util.concurrent.locks.LockSupport.parkNanos(LockSupport.java:215)
        at java.util.concurrent.locks.AbstractQueuedSynchronizer$ConditionObject.awaitNanos(AbstractQueuedSynchronizer.java:2078)
        at java.util.concurrent.ScheduledThreadPoolExecutor$DelayedWorkQueue.take(ScheduledThreadPoolExecutor.java:1093)
        at java.util.concurrent.ScheduledThreadPoolExecutor$DelayedWorkQueue.take(ScheduledThreadPoolExecutor.java:809)
        at java.util.concurrent.ThreadPoolExecutor.getTask(ThreadPoolExecutor.java:1074)
        at java.util.concurrent.ThreadPoolExecutor.runWorker(ThreadPoolExecutor.java:1134)
        at java.util.concurrent.ThreadPoolExecutor$Worker.run(ThreadPoolExecutor.java:624)
        at java.lang.Thread.run(Thread.java:750)
"Attach Listener" daemon prio=9 tid=1084 runnable
java.lang.Thread.State: RUNNABLE
"ChunkReader-7" daemon prio=5 tid=960 in Object.wait()
java.lang.Thread.State: WAITING (on object monitor)
        at sun.misc.Unsafe.park(Native Method)
        at java.util.concurrent.locks.LockSupport.park(LockSupport.java:175)
        at java.util.concurrent.locks.AbstractQueuedSynchronizer$ConditionObject.await(AbstractQueuedSynchronizer.java:2039)
        at java.util.concurrent.LinkedBlockingQueue.take(LinkedBlockingQueue.java:442)
        at java.util.concurrent.ThreadPoolExecutor.getTask(ThreadPoolExecutor.java:1074)
        at java.util.concurrent.ThreadPoolExecutor.runWorker(ThreadPoolExecutor.java:1134)
        at java.util.concurrent.ThreadPoolExecutor$Worker.run(ThreadPoolExecutor.java:624)
        at java.lang.Thread.run(Thread.java:750)
"qtp163647132-294" daemon prio=5 tid=294 timed_waiting
java.lang.Thread.State: TIMED_WAITING
        at sun.misc.Unsafe.park(Native Method)
        at java.util.concurrent.locks.LockSupport.parkNanos(LockSupport.java:215)
        at java.util.concurrent.locks.AbstractQueuedSynchronizer$ConditionObject.awaitNanos(AbstractQueuedSynchronizer.java:2078)
        at org.eclipse.jetty.util.BlockingArrayQueue.poll(BlockingArrayQueue.java:382)
        at org.eclipse.jetty.util.thread.QueuedThreadPool$Runner.idleJobPoll(QueuedThreadPool.java:974)
        at org.eclipse.jetty.util.thread.QueuedThreadPool$Runner.run(QueuedThreadPool.java:1018)
        at java.lang.Thread.run(Thread.java:750)
"IPC Server handler 11 on default port 45237" daemon prio=5 tid=77 timed_waiting
java.lang.Thread.State: TIMED_WAITING
        at sun.misc.Unsafe.park(Native Method)
        at java.util.concurrent.locks.LockSupport.parkNanos(LockSupport.java:215)
        at java.util.concurrent.locks.AbstractQueuedSynchronizer$ConditionObject.awaitNanos(AbstractQueuedSynchronizer.java:2078)
        at java.util.concurrent.LinkedBlockingQueue.poll(LinkedBlockingQueue.java:467)
        at org.apache.hadoop.ipc.CallQueueManager.take(CallQueueManager.java:317)
        at org.apache.hadoop.ipc.Server$Handler.run(Server.java:2942)
"ExpiredContainerReplicaOpScrubberThread" daemon prio=5 tid=17 timed_waiting
java.lang.Thread.State: TIMED_WAITING
        at java.lang.Object.wait(Native Method)
        at org.apache.hadoop.hdds.scm.ha.BackgroundSCMService.run(BackgroundSCMService.java:110)
        at org.apache.hadoop.hdds.scm.ha.BackgroundSCMService$$Lambda$374/107444607.run(Unknown Source)
        at java.lang.Thread.run(Thread.java:750)
"ChunkReader-2" daemon prio=5 tid=1081 in Object.wait()
java.lang.Thread.State: WAITING (on object monitor)
        at sun.misc.Unsafe.park(Native Method)
        at java.util.concurrent.locks.LockSupport.park(LockSupport.java:175)
        at java.util.concurrent.locks.AbstractQueuedSynchronizer$ConditionObject.await(AbstractQueuedSynchronizer.java:2039)
        at java.util.concurrent.LinkedBlockingQueue.take(LinkedBlockingQueue.java:442)
        at java.util.concurrent.ThreadPoolExecutor.getTask(ThreadPoolExecutor.java:1074)
        at java.util.concurrent.ThreadPoolExecutor.runWorker(ThreadPoolExecutor.java:1134)
        at java.util.concurrent.ThreadPoolExecutor$Worker.run(ThreadPoolExecutor.java:624)
        at java.lang.Thread.run(Thread.java:750)
"Datanode ReportManager Thread - 0" daemon prio=5 tid=440 timed_waiting
java.lang.Thread.State: TIMED_WAITING
        at sun.misc.Unsafe.park(Native Method)
        at java.util.concurrent.locks.LockSupport.parkNanos(LockSupport.java:215)
        at java.util.concurrent.locks.AbstractQueuedSynchronizer$ConditionObject.awaitNanos(AbstractQueuedSynchronizer.java:2078)
        at java.util.concurrent.ScheduledThreadPoolExecutor$DelayedWorkQueue.take(ScheduledThreadPoolExecutor.java:1093)
        at java.util.concurrent.ScheduledThreadPoolExecutor$DelayedWorkQueue.take(ScheduledThreadPoolExecutor.java:809)
        at java.util.concurrent.ThreadPoolExecutor.getTask(ThreadPoolExecutor.java:1074)
        at java.util.concurrent.ThreadPoolExecutor.runWorker(ThreadPoolExecutor.java:1134)
        at java.util.concurrent.ThreadPoolExecutor$Worker.run(ThreadPoolExecutor.java:624)
        at java.lang.Thread.run(Thread.java:750)
"org.apache.hadoop.util.JvmPauseMonitor$Monitor@5e942db7" daemon prio=5 tid=370 timed_waiting
java.lang.Thread.State: TIMED_WAITING
        at java.lang.Thread.sleep(Native Method)
        at org.apache.hadoop.util.JvmPauseMonitor$Monitor.run(JvmPauseMonitor.java:192)
        at java.lang.Thread.run(Thread.java:750)
"qtp1310868976-263" daemon prio=5 tid=263 runnable
java.lang.Thread.State: RUNNABLE
        at sun.nio.ch.EPollArrayWrapper.epollWait(Native Method)
        at sun.nio.ch.EPollArrayWrapper.poll(EPollArrayWrapper.java:269)
        at sun.nio.ch.EPollSelectorImpl.doSelect(EPollSelectorImpl.java:93)
        at sun.nio.ch.SelectorImpl.lockAndDoSelect(SelectorImpl.java:86)
        at sun.nio.ch.SelectorImpl.select(SelectorImpl.java:97)
        at sun.nio.ch.SelectorImpl.select(SelectorImpl.java:101)
        at org.eclipse.jetty.io.ManagedSelector.nioSelect(ManagedSelector.java:183)
        at org.eclipse.jetty.io.ManagedSelector.select(ManagedSelector.java:190)
        at org.eclipse.jetty.io.ManagedSelector$SelectorProducer.select(ManagedSelector.java:606)
        at org.eclipse.jetty.io.ManagedSelector$SelectorProducer.produce(ManagedSelector.java:543)
        at org.eclipse.jetty.util.thread.strategy.EatWhatYouKill.produceTask(EatWhatYouKill.java:362)
        at org.eclipse.jetty.util.thread.strategy.EatWhatYouKill.doProduce(EatWhatYouKill.java:186)
        at org.eclipse.jetty.util.thread.strategy.EatWhatYouKill.tryProduce(EatWhatYouKill.java:173)
        at org.eclipse.jetty.util.thread.strategy.EatWhatYouKill.produce(EatWhatYouKill.java:137)
        at org.eclipse.jetty.io.ManagedSelector$$Lambda$444/2093474881.run(Unknown Source)
        at org.eclipse.jetty.util.thread.QueuedThreadPool.runJob(QueuedThreadPool.java:883)
        at org.eclipse.jetty.util.thread.QueuedThreadPool$Runner.run(QueuedThreadPool.java:1034)
        at java.lang.Thread.run(Thread.java:750)
"qtp1054778873-423" daemon prio=5 tid=423 timed_waiting
java.lang.Thread.State: TIMED_WAITING
        at sun.misc.Unsafe.park(Native Method)
        at java.util.concurrent.locks.LockSupport.parkNanos(LockSupport.java:215)
        at java.util.concurrent.locks.AbstractQueuedSynchronizer$ConditionObject.awaitNanos(AbstractQueuedSynchronizer.java:2078)
        at org.eclipse.jetty.util.BlockingArrayQueue.poll(BlockingArrayQueue.java:382)
        at org.eclipse.jetty.util.thread.QueuedThreadPool$Runner.idleJobPoll(QueuedThreadPool.java:974)
        at org.eclipse.jetty.util.thread.QueuedThreadPool$Runner.run(QueuedThreadPool.java:1018)
        at java.lang.Thread.run(Thread.java:750)
"qtp1712704558-188" daemon prio=5 tid=188 timed_waiting
java.lang.Thread.State: TIMED_WAITING
        at sun.misc.Unsafe.park(Native Method)
        at java.util.concurrent.locks.LockSupport.parkNanos(LockSupport.java:215)
        at java.util.concurrent.locks.AbstractQueuedSynchronizer$ConditionObject.awaitNanos(AbstractQueuedSynchronizer.java:2078)
        at org.eclipse.jetty.util.BlockingArrayQueue.poll(BlockingArrayQueue.java:382)
        at org.eclipse.jetty.util.thread.QueuedThreadPool$Runner.idleJobPoll(QueuedThreadPool.java:974)
        at org.eclipse.jetty.util.thread.QueuedThreadPool$Runner.run(QueuedThreadPool.java:1018)
        at java.lang.Thread.run(Thread.java:750)
"qtp381504811-212-acceptor-0@1641df17-ServerConnector@382e9e2a{HTTP/1.1, (http/1.1)}{0.0.0.0:36991}" daemon prio=3 tid=212 runnable
java.lang.Thread.State: RUNNABLE
        at sun.nio.ch.ServerSocketChannelImpl.accept0(Native Method)
        at sun.nio.ch.ServerSocketChannelImpl.accept(ServerSocketChannelImpl.java:421)
        at sun.nio.ch.ServerSocketChannelImpl.accept(ServerSocketChannelImpl.java:249)
        at org.eclipse.jetty.server.ServerConnector.accept(ServerConnector.java:388)
        at org.eclipse.jetty.server.AbstractConnector$Acceptor.run(AbstractConnector.java:704)
        at org.eclipse.jetty.util.thread.QueuedThreadPool.runJob(QueuedThreadPool.java:883)
        at org.eclipse.jetty.util.thread.QueuedThreadPool$Runner.run(QueuedThreadPool.java:1034)
        at java.lang.Thread.run(Thread.java:750)
"StaleRecoveringContainerScrubbingService#4" daemon prio=5 tid=927 in Object.wait()
java.lang.Thread.State: WAITING (on object monitor)
        at sun.misc.Unsafe.park(Native Method)
        at java.util.concurrent.locks.LockSupport.park(LockSupport.java:175)
        at java.util.concurrent.locks.AbstractQueuedSynchronizer$ConditionObject.await(AbstractQueuedSynchronizer.java:2039)
        at java.util.concurrent.ScheduledThreadPoolExecutor$DelayedWorkQueue.take(ScheduledThreadPoolExecutor.java:1088)
        at java.util.concurrent.ScheduledThreadPoolExecutor$DelayedWorkQueue.take(ScheduledThreadPoolExecutor.java:809)
        at java.util.concurrent.ThreadPoolExecutor.getTask(ThreadPoolExecutor.java:1074)
        at java.util.concurrent.ThreadPoolExecutor.runWorker(ThreadPoolExecutor.java:1134)
        at java.util.concurrent.ThreadPoolExecutor$Worker.run(ThreadPoolExecutor.java:624)
        at java.lang.Thread.run(Thread.java:750)
"ChunkReader-2" daemon prio=5 tid=832 in Object.wait()
java.lang.Thread.State: WAITING (on object monitor)
        at sun.misc.Unsafe.park(Native Method)
        at java.util.concurrent.locks.LockSupport.park(LockSupport.java:175)
        at java.util.concurrent.locks.AbstractQueuedSynchronizer$ConditionObject.await(AbstractQueuedSynchronizer.java:2039)
        at java.util.concurrent.LinkedBlockingQueue.take(LinkedBlockingQueue.java:442)
        at java.util.concurrent.ThreadPoolExecutor.getTask(ThreadPoolExecutor.java:1074)
        at java.util.concurrent.ThreadPoolExecutor.runWorker(ThreadPoolExecutor.java:1134)
        at java.util.concurrent.ThreadPoolExecutor$Worker.run(ThreadPoolExecutor.java:624)
        at java.lang.Thread.run(Thread.java:750)
"timer4" daemon prio=5 tid=766 timed_waiting
java.lang.Thread.State: TIMED_WAITING
        at java.lang.Object.wait(Native Method)
        at java.util.TimerThread.mainLoop(Timer.java:552)
        at java.util.TimerThread.run(Timer.java:505)
"grpc-default-executor-0" daemon prio=5 tid=575 timed_waiting
java.lang.Thread.State: TIMED_WAITING
        at sun.misc.Unsafe.park(Native Method)
        at java.util.concurrent.locks.LockSupport.parkNanos(LockSupport.java:215)
        at java.util.concurrent.SynchronousQueue$TransferStack.awaitFulfill(SynchronousQueue.java:460)
        at java.util.concurrent.SynchronousQueue$TransferStack.transfer(SynchronousQueue.java:362)
        at java.util.concurrent.SynchronousQueue.poll(SynchronousQueue.java:941)
        at java.util.concurrent.ThreadPoolExecutor.getTask(ThreadPoolExecutor.java:1073)
        at java.util.concurrent.ThreadPoolExecutor.runWorker(ThreadPoolExecutor.java:1134)
        at java.util.concurrent.ThreadPoolExecutor$Worker.run(ThreadPoolExecutor.java:624)
        at java.lang.Thread.run(Thread.java:750)
"IPC Server handler 9 on default port 45237" daemon prio=5 tid=75 timed_waiting
java.lang.Thread.State: TIMED_WAITING
        at sun.misc.Unsafe.park(Native Method)
        at java.util.concurrent.locks.LockSupport.parkNanos(LockSupport.java:215)
        at java.util.concurrent.locks.AbstractQueuedSynchronizer$ConditionObject.awaitNanos(AbstractQueuedSynchronizer.java:2078)
        at java.util.concurrent.LinkedBlockingQueue.poll(LinkedBlockingQueue.java:467)
        at org.apache.hadoop.ipc.CallQueueManager.take(CallQueueManager.java:317)
        at org.apache.hadoop.ipc.Server$Handler.run(Server.java:2942)
"StaleRecoveringContainerScrubbingService#7" daemon prio=5 tid=1119 in Object.wait()
java.lang.Thread.State: WAITING (on object monitor)
        at sun.misc.Unsafe.park(Native Method)
        at java.util.concurrent.locks.LockSupport.park(LockSupport.java:175)
        at java.util.concurrent.locks.AbstractQueuedSynchronizer$ConditionObject.await(AbstractQueuedSynchronizer.java:2039)
        at java.util.concurrent.ScheduledThreadPoolExecutor$DelayedWorkQueue.take(ScheduledThreadPoolExecutor.java:1088)
        at java.util.concurrent.ScheduledThreadPoolExecutor$DelayedWorkQueue.take(ScheduledThreadPoolExecutor.java:809)
        at java.util.concurrent.ThreadPoolExecutor.getTask(ThreadPoolExecutor.java:1074)
        at java.util.concurrent.ThreadPoolExecutor.runWorker(ThreadPoolExecutor.java:1134)
        at java.util.concurrent.ThreadPoolExecutor$Worker.run(ThreadPoolExecutor.java:624)
        at java.lang.Thread.run(Thread.java:750)
"Datanode ReportManager Thread - 4" daemon prio=5 tid=444 timed_waiting
java.lang.Thread.State: TIMED_WAITING
        at sun.misc.Unsafe.park(Native Method)
        at java.util.concurrent.locks.LockSupport.parkNanos(LockSupport.java:215)
        at java.util.concurrent.locks.AbstractQueuedSynchronizer$ConditionObject.awaitNanos(AbstractQueuedSynchronizer.java:2078)
        at java.util.concurrent.ScheduledThreadPoolExecutor$DelayedWorkQueue.take(ScheduledThreadPoolExecutor.java:1093)
        at java.util.concurrent.ScheduledThreadPoolExecutor$DelayedWorkQueue.take(ScheduledThreadPoolExecutor.java:809)
        at java.util.concurrent.ThreadPoolExecutor.getTask(ThreadPoolExecutor.java:1074)
        at java.util.concurrent.ThreadPoolExecutor.runWorker(ThreadPoolExecutor.java:1134)
        at java.util.concurrent.ThreadPoolExecutor$Worker.run(ThreadPoolExecutor.java:624)
        at java.lang.Thread.run(Thread.java:750)
"StaleRecoveringContainerScrubbingService#1" daemon prio=5 tid=540 in Object.wait()
java.lang.Thread.State: WAITING (on object monitor)
        at sun.misc.Unsafe.park(Native Method)
        at java.util.concurrent.locks.LockSupport.park(LockSupport.java:175)
        at java.util.concurrent.locks.AbstractQueuedSynchronizer$ConditionObject.await(AbstractQueuedSynchronizer.java:2039)
        at java.util.concurrent.ScheduledThreadPoolExecutor$DelayedWorkQueue.take(ScheduledThreadPoolExecutor.java:1088)
        at java.util.concurrent.ScheduledThreadPoolExecutor$DelayedWorkQueue.take(ScheduledThreadPoolExecutor.java:809)
        at java.util.concurrent.ThreadPoolExecutor.getTask(ThreadPoolExecutor.java:1074)
        at java.util.concurrent.ThreadPoolExecutor.runWorker(ThreadPoolExecutor.java:1134)
        at java.util.concurrent.ThreadPoolExecutor$Worker.run(ThreadPoolExecutor.java:624)
        at java.lang.Thread.run(Thread.java:750)
"Socket Reader #1 for port 0"  prio=5 tid=28 runnable
java.lang.Thread.State: RUNNABLE
        at sun.nio.ch.EPollArrayWrapper.epollWait(Native Method)
        at sun.nio.ch.EPollArrayWrapper.poll(EPollArrayWrapper.java:269)
        at sun.nio.ch.EPollSelectorImpl.doSelect(EPollSelectorImpl.java:93)
        at sun.nio.ch.SelectorImpl.lockAndDoSelect(SelectorImpl.java:86)
        at sun.nio.ch.SelectorImpl.select(SelectorImpl.java:97)
        at sun.nio.ch.SelectorImpl.select(SelectorImpl.java:101)
        at org.apache.hadoop.ipc.Server$Listener$Reader.doRunLoop(Server.java:1296)
        at org.apache.hadoop.ipc.Server$Listener$Reader.run(Server.java:1275)
"Datanode ReportManager Thread - 2" daemon prio=5 tid=223 timed_waiting
java.lang.Thread.State: TIMED_WAITING
        at sun.misc.Unsafe.park(Native Method)
        at java.util.concurrent.locks.LockSupport.parkNanos(LockSupport.java:215)
        at java.util.concurrent.locks.AbstractQueuedSynchronizer$ConditionObject.awaitNanos(AbstractQueuedSynchronizer.java:2078)
        at java.util.concurrent.ScheduledThreadPoolExecutor$DelayedWorkQueue.take(ScheduledThreadPoolExecutor.java:1093)
        at java.util.concurrent.ScheduledThreadPoolExecutor$DelayedWorkQueue.take(ScheduledThreadPoolExecutor.java:809)
        at java.util.concurrent.ThreadPoolExecutor.getTask(ThreadPoolExecutor.java:1074)
        at java.util.concurrent.ThreadPoolExecutor.runWorker(ThreadPoolExecutor.java:1134)
        at java.util.concurrent.ThreadPoolExecutor$Worker.run(ThreadPoolExecutor.java:624)
        at java.lang.Thread.run(Thread.java:750)
"Datanode ReportManager Thread - 0" daemon prio=5 tid=364 in Object.wait()
java.lang.Thread.State: WAITING (on object monitor)
        at sun.misc.Unsafe.park(Native Method)
        at java.util.concurrent.locks.LockSupport.park(LockSupport.java:175)
        at java.util.concurrent.locks.AbstractQueuedSynchronizer$ConditionObject.await(AbstractQueuedSynchronizer.java:2039)
        at java.util.concurrent.ScheduledThreadPoolExecutor$DelayedWorkQueue.take(ScheduledThreadPoolExecutor.java:1088)
        at java.util.concurrent.ScheduledThreadPoolExecutor$DelayedWorkQueue.take(ScheduledThreadPoolExecutor.java:809)
        at java.util.concurrent.ThreadPoolExecutor.getTask(ThreadPoolExecutor.java:1074)
        at java.util.concurrent.ThreadPoolExecutor.runWorker(ThreadPoolExecutor.java:1134)
        at java.util.concurrent.ThreadPoolExecutor$Worker.run(ThreadPoolExecutor.java:624)
        at java.lang.Thread.run(Thread.java:750)
"FullTableCache Cleanup Thread - 0" daemon prio=5 tid=774 in Object.wait()
java.lang.Thread.State: WAITING (on object monitor)
        at sun.misc.Unsafe.park(Native Method)
        at java.util.concurrent.locks.LockSupport.park(LockSupport.java:175)
        at java.util.concurrent.locks.AbstractQueuedSynchronizer$ConditionObject.await(AbstractQueuedSynchronizer.java:2039)
        at java.util.concurrent.LinkedBlockingQueue.take(LinkedBlockingQueue.java:442)
        at java.util.concurrent.ThreadPoolExecutor.getTask(ThreadPoolExecutor.java:1074)
        at java.util.concurrent.ThreadPoolExecutor.runWorker(ThreadPoolExecutor.java:1134)
        at java.util.concurrent.ThreadPoolExecutor$Worker.run(ThreadPoolExecutor.java:624)
        at java.lang.Thread.run(Thread.java:750)
"qtp1905824639-380" daemon prio=5 tid=380 runnable
java.lang.Thread.State: RUNNABLE
        at sun.nio.ch.EPollArrayWrapper.epollWait(Native Method)
        at sun.nio.ch.EPollArrayWrapper.poll(EPollArrayWrapper.java:269)
        at sun.nio.ch.EPollSelectorImpl.doSelect(EPollSelectorImpl.java:93)
        at sun.nio.ch.SelectorImpl.lockAndDoSelect(SelectorImpl.java:86)
        at sun.nio.ch.SelectorImpl.select(SelectorImpl.java:97)
        at sun.nio.ch.SelectorImpl.select(SelectorImpl.java:101)
        at org.eclipse.jetty.io.ManagedSelector.nioSelect(ManagedSelector.java:183)
        at org.eclipse.jetty.io.ManagedSelector.select(ManagedSelector.java:190)
        at org.eclipse.jetty.io.ManagedSelector$SelectorProducer.select(ManagedSelector.java:606)
        at org.eclipse.jetty.io.ManagedSelector$SelectorProducer.produce(ManagedSelector.java:543)
        at org.eclipse.jetty.util.thread.strategy.EatWhatYouKill.produceTask(EatWhatYouKill.java:362)
        at org.eclipse.jetty.util.thread.strategy.EatWhatYouKill.doProduce(EatWhatYouKill.java:186)
        at org.eclipse.jetty.util.thread.strategy.EatWhatYouKill.tryProduce(EatWhatYouKill.java:173)
        at org.eclipse.jetty.util.thread.strategy.EatWhatYouKill.produce(EatWhatYouKill.java:137)
        at org.eclipse.jetty.io.ManagedSelector$$Lambda$444/2093474881.run(Unknown Source)
        at org.eclipse.jetty.util.thread.QueuedThreadPool.runJob(QueuedThreadPool.java:883)
        at org.eclipse.jetty.util.thread.QueuedThreadPool$Runner.run(QueuedThreadPool.java:1034)
        at java.lang.Thread.run(Thread.java:750)
"Signal Dispatcher" daemon prio=9 tid=4 runnable
java.lang.Thread.State: RUNNABLE
"7726e7f5-b74c-4e4a-9680-a65a67c105af@group-99BD4D3A3F73-FollowerState" daemon prio=5 tid=907 timed_waiting
java.lang.Thread.State: TIMED_WAITING
        at java.lang.Thread.sleep(Native Method)
        at java.lang.Thread.sleep(Thread.java:342)
        at java.util.concurrent.TimeUnit.sleep(TimeUnit.java:386)
        at org.apache.ratis.util.TimeDuration.sleep(TimeDuration.java:325)
        at org.apache.ratis.util.TimeDuration.sleep(TimeDuration.java:310)
        at org.apache.ratis.server.impl.FollowerState.run(FollowerState.java:128)
"Periodic HDDS volume checker" daemon prio=5 tid=449 timed_waiting
java.lang.Thread.State: TIMED_WAITING
        at sun.misc.Unsafe.park(Native Method)
        at java.util.concurrent.locks.LockSupport.parkNanos(LockSupport.java:215)
        at java.util.concurrent.locks.AbstractQueuedSynchronizer$ConditionObject.awaitNanos(AbstractQueuedSynchronizer.java:2078)
        at java.util.concurrent.ScheduledThreadPoolExecutor$DelayedWorkQueue.take(ScheduledThreadPoolExecutor.java:1093)
        at java.util.concurrent.ScheduledThreadPoolExecutor$DelayedWorkQueue.take(ScheduledThreadPoolExecutor.java:809)
        at java.util.concurrent.ThreadPoolExecutor.getTask(ThreadPoolExecutor.java:1074)
        at java.util.concurrent.ThreadPoolExecutor.runWorker(ThreadPoolExecutor.java:1134)
        at java.util.concurrent.ThreadPoolExecutor$Worker.run(ThreadPoolExecutor.java:624)
        at java.lang.Thread.run(Thread.java:750)
"Datanode State Machine Daemon Thread" daemon prio=5 tid=439 timed_waiting
java.lang.Thread.State: TIMED_WAITING
        at java.lang.Thread.sleep(Native Method)
        at org.apache.hadoop.ozone.container.common.statemachine.DatanodeStateMachine.startStateMachineThread(DatanodeStateMachine.java:321)
        at org.apache.hadoop.ozone.container.common.statemachine.DatanodeStateMachine.lambda$startDaemon$0(DatanodeStateMachine.java:506)
        at org.apache.hadoop.ozone.container.common.statemachine.DatanodeStateMachine$$Lambda$753/1831975653.run(Unknown Source)
        at java.lang.Thread.run(Thread.java:750)
"qtp1512974477-346" daemon prio=5 tid=346 timed_waiting
java.lang.Thread.State: TIMED_WAITING
        at sun.misc.Unsafe.park(Native Method)
        at java.util.concurrent.locks.LockSupport.parkNanos(LockSupport.java:215)
        at java.util.concurrent.locks.AbstractQueuedSynchronizer$ConditionObject.awaitNanos(AbstractQueuedSynchronizer.java:2078)
        at org.eclipse.jetty.util.BlockingArrayQueue.poll(BlockingArrayQueue.java:382)
        at org.eclipse.jetty.util.thread.QueuedThreadPool$Runner.idleJobPoll(QueuedThreadPool.java:974)
        at org.eclipse.jetty.util.thread.QueuedThreadPool$Runner.run(QueuedThreadPool.java:1018)
        at java.lang.Thread.run(Thread.java:750)
"Datanode ReportManager Thread - 3" daemon prio=5 tid=405 in Object.wait()
java.lang.Thread.State: WAITING (on object monitor)
        at sun.misc.Unsafe.park(Native Method)
        at java.util.concurrent.locks.LockSupport.park(LockSupport.java:175)
        at java.util.concurrent.locks.AbstractQueuedSynchronizer$ConditionObject.await(AbstractQueuedSynchronizer.java:2039)
        at java.util.concurrent.ScheduledThreadPoolExecutor$DelayedWorkQueue.take(ScheduledThreadPoolExecutor.java:1088)
        at java.util.concurrent.ScheduledThreadPoolExecutor$DelayedWorkQueue.take(ScheduledThreadPoolExecutor.java:809)
        at java.util.concurrent.ThreadPoolExecutor.getTask(ThreadPoolExecutor.java:1074)
        at java.util.concurrent.ThreadPoolExecutor.runWorker(ThreadPoolExecutor.java:1134)
        at java.util.concurrent.ThreadPoolExecutor$Worker.run(ThreadPoolExecutor.java:624)
        at java.lang.Thread.run(Thread.java:750)
"Datanode State Machine Task Thread - 1"  prio=5 tid=541 in Object.wait()
java.lang.Thread.State: WAITING (on object monitor)
        at sun.misc.Unsafe.park(Native Method)
        at java.util.concurrent.locks.LockSupport.park(LockSupport.java:175)
        at java.util.concurrent.locks.AbstractQueuedSynchronizer$ConditionObject.await(AbstractQueuedSynchronizer.java:2039)
        at java.util.concurrent.LinkedBlockingQueue.take(LinkedBlockingQueue.java:442)
        at java.util.concurrent.ThreadPoolExecutor.getTask(ThreadPoolExecutor.java:1074)
        at java.util.concurrent.ThreadPoolExecutor.runWorker(ThreadPoolExecutor.java:1134)
        at java.util.concurrent.ThreadPoolExecutor$Worker.run(ThreadPoolExecutor.java:624)
        at java.lang.Thread.run(Thread.java:750)
"Periodic HDDS volume checker" daemon prio=5 tid=373 timed_waiting
java.lang.Thread.State: TIMED_WAITING
        at sun.misc.Unsafe.park(Native Method)
        at java.util.concurrent.locks.LockSupport.parkNanos(LockSupport.java:215)
        at java.util.concurrent.locks.AbstractQueuedSynchronizer$ConditionObject.awaitNanos(AbstractQueuedSynchronizer.java:2078)
        at java.util.concurrent.ScheduledThreadPoolExecutor$DelayedWorkQueue.take(ScheduledThreadPoolExecutor.java:1093)
        at java.util.concurrent.ScheduledThreadPoolExecutor$DelayedWorkQueue.take(ScheduledThreadPoolExecutor.java:809)
        at java.util.concurrent.ThreadPoolExecutor.getTask(ThreadPoolExecutor.java:1074)
        at java.util.concurrent.ThreadPoolExecutor.runWorker(ThreadPoolExecutor.java:1134)
        at java.util.concurrent.ThreadPoolExecutor$Worker.run(ThreadPoolExecutor.java:624)
        at java.lang.Thread.run(Thread.java:750)
"qtp1310868976-266" daemon prio=5 tid=266 timed_waiting
java.lang.Thread.State: TIMED_WAITING
        at sun.misc.Unsafe.park(Native Method)
        at java.util.concurrent.locks.LockSupport.parkNanos(LockSupport.java:215)
        at java.util.concurrent.locks.AbstractQueuedSynchronizer$ConditionObject.awaitNanos(AbstractQueuedSynchronizer.java:2078)
        at org.eclipse.jetty.util.BlockingArrayQueue.poll(BlockingArrayQueue.java:382)
        at org.eclipse.jetty.util.thread.QueuedThreadPool$Runner.idleJobPoll(QueuedThreadPool.java:974)
        at org.eclipse.jetty.util.thread.QueuedThreadPool$Runner.run(QueuedThreadPool.java:1018)
        at java.lang.Thread.run(Thread.java:750)
"BlockDeletingService#0" daemon prio=5 tid=473 timed_waiting
java.lang.Thread.State: TIMED_WAITING
        at sun.misc.Unsafe.park(Native Method)
        at java.util.concurrent.locks.LockSupport.parkNanos(LockSupport.java:215)
        at java.util.concurrent.locks.AbstractQueuedSynchronizer$ConditionObject.awaitNanos(AbstractQueuedSynchronizer.java:2078)
        at java.util.concurrent.ScheduledThreadPoolExecutor$DelayedWorkQueue.take(ScheduledThreadPoolExecutor.java:1093)
        at java.util.concurrent.ScheduledThreadPoolExecutor$DelayedWorkQueue.take(ScheduledThreadPoolExecutor.java:809)
        at java.util.concurrent.ThreadPoolExecutor.getTask(ThreadPoolExecutor.java:1074)
        at java.util.concurrent.ThreadPoolExecutor.runWorker(ThreadPoolExecutor.java:1134)
        at java.util.concurrent.ThreadPoolExecutor$Worker.run(ThreadPoolExecutor.java:624)
        at java.lang.Thread.run(Thread.java:750)
"StaleRecoveringContainerScrubbingService#5" daemon prio=5 tid=936 in Object.wait()
java.lang.Thread.State: WAITING (on object monitor)
        at sun.misc.Unsafe.park(Native Method)
        at java.util.concurrent.locks.LockSupport.park(LockSupport.java:175)
        at java.util.concurrent.locks.AbstractQueuedSynchronizer$ConditionObject.await(AbstractQueuedSynchronizer.java:2039)
        at java.util.concurrent.ScheduledThreadPoolExecutor$DelayedWorkQueue.take(ScheduledThreadPoolExecutor.java:1088)
        at java.util.concurrent.ScheduledThreadPoolExecutor$DelayedWorkQueue.take(ScheduledThreadPoolExecutor.java:809)
        at java.util.concurrent.ThreadPoolExecutor.getTask(ThreadPoolExecutor.java:1074)
        at java.util.concurrent.ThreadPoolExecutor.runWorker(ThreadPoolExecutor.java:1134)
        at java.util.concurrent.ThreadPoolExecutor$Worker.run(ThreadPoolExecutor.java:624)
        at java.lang.Thread.run(Thread.java:750)
"7726e7f5-b74c-4e4a-9680-a65a67c105af@group-788D5277D0CF-LeaderStateImpl" daemon prio=5 tid=734 timed_waiting
java.lang.Thread.State: TIMED_WAITING
        at sun.misc.Unsafe.park(Native Method)
        at java.util.concurrent.locks.LockSupport.parkNanos(LockSupport.java:215)
        at java.util.concurrent.locks.AbstractQueuedSynchronizer$ConditionObject.awaitNanos(AbstractQueuedSynchronizer.java:2078)
        at java.util.concurrent.ArrayBlockingQueue.poll(ArrayBlockingQueue.java:418)
        at org.apache.ratis.server.impl.LeaderStateImpl$EventQueue.poll(LeaderStateImpl.java:159)
        at org.apache.ratis.server.impl.LeaderStateImpl$EventProcessor.run(LeaderStateImpl.java:630)
"ChunkWriter-3-0" daemon prio=5 tid=356 in Object.wait()
java.lang.Thread.State: WAITING (on object monitor)
        at sun.misc.Unsafe.park(Native Method)
        at java.util.concurrent.locks.LockSupport.park(LockSupport.java:175)
        at java.util.concurrent.locks.AbstractQueuedSynchronizer$ConditionObject.await(AbstractQueuedSynchronizer.java:2039)
        at java.util.concurrent.LinkedBlockingDeque.takeFirst(LinkedBlockingDeque.java:492)
        at java.util.concurrent.LinkedBlockingDeque.take(LinkedBlockingDeque.java:680)
        at java.util.concurrent.ThreadPoolExecutor.getTask(ThreadPoolExecutor.java:1074)
        at java.util.concurrent.ThreadPoolExecutor.runWorker(ThreadPoolExecutor.java:1134)
        at java.util.concurrent.ThreadPoolExecutor$Worker.run(ThreadPoolExecutor.java:624)
        at java.lang.Thread.run(Thread.java:750)
"qtp1512974477-351" daemon prio=5 tid=351 timed_waiting
java.lang.Thread.State: TIMED_WAITING
        at sun.misc.Unsafe.park(Native Method)
        at java.util.concurrent.locks.LockSupport.parkNanos(LockSupport.java:215)
        at java.util.concurrent.locks.AbstractQueuedSynchronizer$ConditionObject.awaitNanos(AbstractQueuedSynchronizer.java:2078)
        at org.eclipse.jetty.util.BlockingArrayQueue.poll(BlockingArrayQueue.java:382)
        at org.eclipse.jetty.util.thread.QueuedThreadPool$Runner.idleJobPoll(QueuedThreadPool.java:974)
        at org.eclipse.jetty.util.thread.QueuedThreadPool$Runner.run(QueuedThreadPool.java:1018)
        at java.lang.Thread.run(Thread.java:750)
"IPC Server idle connection scanner for port 45237" daemon prio=5 tid=29 timed_waiting
java.lang.Thread.State: TIMED_WAITING
        at java.lang.Object.wait(Native Method)
        at java.util.TimerThread.mainLoop(Timer.java:552)
        at java.util.TimerThread.run(Timer.java:505)
"4ef44404-e624-4c50-bb49-8deedaf9742c@group-288DFE23379A-StateMachineUpdater" daemon prio=5 tid=570 timed_waiting
java.lang.Thread.State: TIMED_WAITING
        at sun.misc.Unsafe.park(Native Method)
        at java.util.concurrent.locks.LockSupport.parkNanos(LockSupport.java:215)
        at java.util.concurrent.locks.AbstractQueuedSynchronizer$ConditionObject.await(AbstractQueuedSynchronizer.java:2163)
        at org.apache.ratis.util.AwaitForSignal.await(AwaitForSignal.java:62)
        at org.apache.ratis.server.impl.StateMachineUpdater.waitForCommit(StateMachineUpdater.java:207)
        at org.apache.ratis.server.impl.StateMachineUpdater.run(StateMachineUpdater.java:176)
        at java.lang.Thread.run(Thread.java:750)
"JvmPauseMonitor0" daemon prio=5 tid=138 timed_waiting
java.lang.Thread.State: TIMED_WAITING
        at java.lang.Thread.sleep(Native Method)
        at java.lang.Thread.sleep(Thread.java:342)
        at java.util.concurrent.TimeUnit.sleep(TimeUnit.java:386)
        at org.apache.ratis.util.TimeDuration.sleep(TimeDuration.java:325)
        at org.apache.ratis.util.TimeDuration.sleep(TimeDuration.java:310)
        at org.apache.ratis.util.JvmPauseMonitor.detectPause(JvmPauseMonitor.java:119)
        at org.apache.ratis.util.JvmPauseMonitor.run(JvmPauseMonitor.java:108)
        at org.apache.ratis.util.JvmPauseMonitor$$Lambda$708/135372099.run(Unknown Source)
        at java.lang.Thread.run(Thread.java:750)
"IPC Server handler 3 on default port 42623" daemon prio=5 tid=89 timed_waiting
java.lang.Thread.State: TIMED_WAITING
        at sun.misc.Unsafe.park(Native Method)
        at java.util.concurrent.locks.LockSupport.parkNanos(LockSupport.java:215)
        at java.util.concurrent.locks.AbstractQueuedSynchronizer$ConditionObject.awaitNanos(AbstractQueuedSynchronizer.java:2078)
        at java.util.concurrent.LinkedBlockingQueue.poll(LinkedBlockingQueue.java:467)
        at org.apache.hadoop.ipc.CallQueueManager.take(CallQueueManager.java:317)
        at org.apache.hadoop.ipc.Server$Handler.run(Server.java:2942)
"2497daeb-967d-49ad-8f28-1297e8c4c732@group-BD0688E9877E-SegmentedRaftLogWorker"  prio=5 tid=644 timed_waiting
java.lang.Thread.State: TIMED_WAITING
        at sun.misc.Unsafe.park(Native Method)
        at java.util.concurrent.locks.LockSupport.parkNanos(LockSupport.java:215)
        at java.util.concurrent.locks.AbstractQueuedSynchronizer$ConditionObject.awaitNanos(AbstractQueuedSynchronizer.java:2078)
        at org.apache.ratis.util.DataBlockingQueue.poll(DataBlockingQueue.java:148)
        at org.apache.ratis.server.raftlog.segmented.SegmentedRaftLogWorker.run(SegmentedRaftLogWorker.java:312)
        at org.apache.ratis.server.raftlog.segmented.SegmentedRaftLogWorker$$Lambda$667/1522169736.run(Unknown Source)
        at java.lang.Thread.run(Thread.java:750)
"Datanode State Machine Daemon Thread" daemon prio=5 tid=477 timed_waiting
java.lang.Thread.State: TIMED_WAITING
        at java.lang.Thread.sleep(Native Method)
        at org.apache.hadoop.ozone.container.common.statemachine.DatanodeStateMachine.startStateMachineThread(DatanodeStateMachine.java:321)
        at org.apache.hadoop.ozone.container.common.statemachine.DatanodeStateMachine.lambda$startDaemon$0(DatanodeStateMachine.java:506)
        at org.apache.hadoop.ozone.container.common.statemachine.DatanodeStateMachine$$Lambda$753/1831975653.run(Unknown Source)
        at java.lang.Thread.run(Thread.java:750)
"ChunkReader-4" daemon prio=5 tid=1083 in Object.wait()
java.lang.Thread.State: WAITING (on object monitor)
        at sun.misc.Unsafe.park(Native Method)
        at java.util.concurrent.locks.LockSupport.park(LockSupport.java:175)
        at java.util.concurrent.locks.AbstractQueuedSynchronizer$ConditionObject.await(AbstractQueuedSynchronizer.java:2039)
        at java.util.concurrent.LinkedBlockingQueue.take(LinkedBlockingQueue.java:442)
        at java.util.concurrent.ThreadPoolExecutor.getTask(ThreadPoolExecutor.java:1074)
        at java.util.concurrent.ThreadPoolExecutor.runWorker(ThreadPoolExecutor.java:1134)
        at java.util.concurrent.ThreadPoolExecutor$Worker.run(ThreadPoolExecutor.java:624)
        at java.lang.Thread.run(Thread.java:750)
"qtp1054778873-424" daemon prio=5 tid=424 timed_waiting
java.lang.Thread.State: TIMED_WAITING
        at sun.misc.Unsafe.park(Native Method)
        at java.util.concurrent.locks.LockSupport.parkNanos(LockSupport.java:215)
        at java.util.concurrent.locks.AbstractQueuedSynchronizer$ConditionObject.awaitNanos(AbstractQueuedSynchronizer.java:2078)
        at org.eclipse.jetty.util.BlockingArrayQueue.poll(BlockingArrayQueue.java:382)
        at org.eclipse.jetty.util.thread.QueuedThreadPool$Runner.idleJobPoll(QueuedThreadPool.java:974)
        at org.eclipse.jetty.util.thread.QueuedThreadPool$Runner.run(QueuedThreadPool.java:1018)
        at java.lang.Thread.run(Thread.java:750)
"IPC Server handler 12 on default port 45237" daemon prio=5 tid=78 timed_waiting
java.lang.Thread.State: TIMED_WAITING
        at sun.misc.Unsafe.park(Native Method)
        at java.util.concurrent.locks.LockSupport.parkNanos(LockSupport.java:215)
        at java.util.concurrent.locks.AbstractQueuedSynchronizer$ConditionObject.awaitNanos(AbstractQueuedSynchronizer.java:2078)
        at java.util.concurrent.LinkedBlockingQueue.poll(LinkedBlockingQueue.java:467)
        at org.apache.hadoop.ipc.CallQueueManager.take(CallQueueManager.java:317)
        at org.apache.hadoop.ipc.Server$Handler.run(Server.java:2942)
"StaleRecoveringContainerScrubbingService#6" daemon prio=5 tid=1049 in Object.wait()
java.lang.Thread.State: WAITING (on object monitor)
        at sun.misc.Unsafe.park(Native Method)
        at java.util.concurrent.locks.LockSupport.park(LockSupport.java:175)
        at java.util.concurrent.locks.AbstractQueuedSynchronizer$ConditionObject.await(AbstractQueuedSynchronizer.java:2039)
        at java.util.concurrent.ScheduledThreadPoolExecutor$DelayedWorkQueue.take(ScheduledThreadPoolExecutor.java:1088)
        at java.util.concurrent.ScheduledThreadPoolExecutor$DelayedWorkQueue.take(ScheduledThreadPoolExecutor.java:809)
        at java.util.concurrent.ThreadPoolExecutor.getTask(ThreadPoolExecutor.java:1074)
        at java.util.concurrent.ThreadPoolExecutor.runWorker(ThreadPoolExecutor.java:1134)
        at java.util.concurrent.ThreadPoolExecutor$Worker.run(ThreadPoolExecutor.java:624)
        at java.lang.Thread.run(Thread.java:750)
"3023bd45-36c3-431f-9c1c-92b4e43de878@group-EDA3E5475693-LeaderStateImpl" daemon prio=5 tid=751 timed_waiting
java.lang.Thread.State: TIMED_WAITING
        at sun.misc.Unsafe.park(Native Method)
        at java.util.concurrent.locks.LockSupport.parkNanos(LockSupport.java:215)
        at java.util.concurrent.locks.AbstractQueuedSynchronizer$ConditionObject.awaitNanos(AbstractQueuedSynchronizer.java:2078)
        at java.util.concurrent.ArrayBlockingQueue.poll(ArrayBlockingQueue.java:418)
        at org.apache.ratis.server.impl.LeaderStateImpl$EventQueue.poll(LeaderStateImpl.java:159)
        at org.apache.ratis.server.impl.LeaderStateImpl$EventProcessor.run(LeaderStateImpl.java:630)
"7726e7f5-b74c-4e4a-9680-a65a67c105af@group-E388FC27C872-LeaderStateImpl" daemon prio=5 tid=847 timed_waiting
java.lang.Thread.State: TIMED_WAITING
        at sun.misc.Unsafe.park(Native Method)
        at java.util.concurrent.locks.LockSupport.parkNanos(LockSupport.java:215)
        at java.util.concurrent.locks.AbstractQueuedSynchronizer$ConditionObject.awaitNanos(AbstractQueuedSynchronizer.java:2078)
        at java.util.concurrent.ArrayBlockingQueue.poll(ArrayBlockingQueue.java:418)
        at org.apache.ratis.server.impl.LeaderStateImpl$EventQueue.poll(LeaderStateImpl.java:159)
        at org.apache.ratis.server.impl.LeaderStateImpl$EventProcessor.run(LeaderStateImpl.java:630)
"ChunkWriter-1-0" daemon prio=5 tid=468 in Object.wait()
java.lang.Thread.State: WAITING (on object monitor)
        at sun.misc.Unsafe.park(Native Method)
        at java.util.concurrent.locks.LockSupport.park(LockSupport.java:175)
        at java.util.concurrent.locks.AbstractQueuedSynchronizer$ConditionObject.await(AbstractQueuedSynchronizer.java:2039)
        at java.util.concurrent.LinkedBlockingDeque.takeFirst(LinkedBlockingDeque.java:492)
        at java.util.concurrent.LinkedBlockingDeque.take(LinkedBlockingDeque.java:680)
        at java.util.concurrent.ThreadPoolExecutor.getTask(ThreadPoolExecutor.java:1074)
        at java.util.concurrent.ThreadPoolExecutor.runWorker(ThreadPoolExecutor.java:1134)
        at java.util.concurrent.ThreadPoolExecutor$Worker.run(ThreadPoolExecutor.java:624)
        at java.lang.Thread.run(Thread.java:750)
"IPC Server handler 0 on default port 45237" daemon prio=5 tid=66 timed_waiting
java.lang.Thread.State: TIMED_WAITING
        at sun.misc.Unsafe.park(Native Method)
        at java.util.concurrent.locks.LockSupport.parkNanos(LockSupport.java:215)
        at java.util.concurrent.locks.AbstractQueuedSynchronizer$ConditionObject.awaitNanos(AbstractQueuedSynchronizer.java:2078)
        at java.util.concurrent.LinkedBlockingQueue.poll(LinkedBlockingQueue.java:467)
        at org.apache.hadoop.ipc.CallQueueManager.take(CallQueueManager.java:317)
        at org.apache.hadoop.ipc.Server$Handler.run(Server.java:2942)
"qtp11478005-456" daemon prio=5 tid=456 runnable
java.lang.Thread.State: RUNNABLE
        at sun.nio.ch.EPollArrayWrapper.epollWait(Native Method)
        at sun.nio.ch.EPollArrayWrapper.poll(EPollArrayWrapper.java:269)
        at sun.nio.ch.EPollSelectorImpl.doSelect(EPollSelectorImpl.java:93)
        at sun.nio.ch.SelectorImpl.lockAndDoSelect(SelectorImpl.java:86)
        at sun.nio.ch.SelectorImpl.select(SelectorImpl.java:97)
        at sun.nio.ch.SelectorImpl.select(SelectorImpl.java:101)
        at org.eclipse.jetty.io.ManagedSelector.nioSelect(ManagedSelector.java:183)
        at org.eclipse.jetty.io.ManagedSelector.select(ManagedSelector.java:190)
        at org.eclipse.jetty.io.ManagedSelector$SelectorProducer.select(ManagedSelector.java:606)
        at org.eclipse.jetty.io.ManagedSelector$SelectorProducer.produce(ManagedSelector.java:543)
        at org.eclipse.jetty.util.thread.strategy.EatWhatYouKill.produceTask(EatWhatYouKill.java:362)
        at org.eclipse.jetty.util.thread.strategy.EatWhatYouKill.doProduce(EatWhatYouKill.java:186)
        at org.eclipse.jetty.util.thread.strategy.EatWhatYouKill.tryProduce(EatWhatYouKill.java:173)
        at org.eclipse.jetty.util.thread.strategy.EatWhatYouKill.produce(EatWhatYouKill.java:137)
        at org.eclipse.jetty.io.ManagedSelector$$Lambda$444/2093474881.run(Unknown Source)
        at org.eclipse.jetty.util.thread.QueuedThreadPool.runJob(QueuedThreadPool.java:883)
        at org.eclipse.jetty.util.thread.QueuedThreadPool$Runner.run(QueuedThreadPool.java:1034)
        at java.lang.Thread.run(Thread.java:750)
"BlockDeletingService#2" daemon prio=5 tid=1108 in Object.wait()
java.lang.Thread.State: WAITING (on object monitor)
        at sun.misc.Unsafe.park(Native Method)
        at java.util.concurrent.locks.LockSupport.park(LockSupport.java:175)
        at java.util.concurrent.locks.AbstractQueuedSynchronizer$ConditionObject.await(AbstractQueuedSynchronizer.java:2039)
        at java.util.concurrent.ScheduledThreadPoolExecutor$DelayedWorkQueue.take(ScheduledThreadPoolExecutor.java:1088)
        at java.util.concurrent.ScheduledThreadPoolExecutor$DelayedWorkQueue.take(ScheduledThreadPoolExecutor.java:809)
        at java.util.concurrent.ThreadPoolExecutor.getTask(ThreadPoolExecutor.java:1074)
        at java.util.concurrent.ThreadPoolExecutor.runWorker(ThreadPoolExecutor.java:1134)
        at java.util.concurrent.ThreadPoolExecutor$Worker.run(ThreadPoolExecutor.java:624)
        at java.lang.Thread.run(Thread.java:750)
"StaleRecoveringContainerScrubbingService#5" daemon prio=5 tid=939 in Object.wait()
java.lang.Thread.State: WAITING (on object monitor)
        at sun.misc.Unsafe.park(Native Method)
        at java.util.concurrent.locks.LockSupport.park(LockSupport.java:175)
        at java.util.concurrent.locks.AbstractQueuedSynchronizer$ConditionObject.await(AbstractQueuedSynchronizer.java:2039)
        at java.util.concurrent.ScheduledThreadPoolExecutor$DelayedWorkQueue.take(ScheduledThreadPoolExecutor.java:1088)
        at java.util.concurrent.ScheduledThreadPoolExecutor$DelayedWorkQueue.take(ScheduledThreadPoolExecutor.java:809)
        at java.util.concurrent.ThreadPoolExecutor.getTask(ThreadPoolExecutor.java:1074)
        at java.util.concurrent.ThreadPoolExecutor.runWorker(ThreadPoolExecutor.java:1134)
        at java.util.concurrent.ThreadPoolExecutor$Worker.run(ThreadPoolExecutor.java:624)
        at java.lang.Thread.run(Thread.java:750)
"JvmPauseMonitor2" daemon prio=5 tid=395 timed_waiting
java.lang.Thread.State: TIMED_WAITING
        at java.lang.Thread.sleep(Native Method)
        at java.lang.Thread.sleep(Thread.java:342)
        at java.util.concurrent.TimeUnit.sleep(TimeUnit.java:386)
        at org.apache.ratis.util.TimeDuration.sleep(TimeDuration.java:325)
        at org.apache.ratis.util.TimeDuration.sleep(TimeDuration.java:310)
        at org.apache.ratis.util.JvmPauseMonitor.detectPause(JvmPauseMonitor.java:119)
        at org.apache.ratis.util.JvmPauseMonitor.run(JvmPauseMonitor.java:108)
        at org.apache.ratis.util.JvmPauseMonitor$$Lambda$708/135372099.run(Unknown Source)
        at java.lang.Thread.run(Thread.java:750)
"IPC Server handler 16 on default port 45237" daemon prio=5 tid=82 timed_waiting
java.lang.Thread.State: TIMED_WAITING
        at sun.misc.Unsafe.park(Native Method)
        at java.util.concurrent.locks.LockSupport.parkNanos(LockSupport.java:215)
        at java.util.concurrent.locks.AbstractQueuedSynchronizer$ConditionObject.awaitNanos(AbstractQueuedSynchronizer.java:2078)
        at java.util.concurrent.LinkedBlockingQueue.poll(LinkedBlockingQueue.java:467)
        at org.apache.hadoop.ipc.CallQueueManager.take(CallQueueManager.java:317)
        at org.apache.hadoop.ipc.Server$Handler.run(Server.java:2942)
"BlockDeletingService#3" daemon prio=5 tid=1150 in Object.wait()
java.lang.Thread.State: WAITING (on object monitor)
        at sun.misc.Unsafe.park(Native Method)
        at java.util.concurrent.locks.LockSupport.park(LockSupport.java:175)
        at java.util.concurrent.locks.AbstractQueuedSynchronizer$ConditionObject.await(AbstractQueuedSynchronizer.java:2039)
        at java.util.concurrent.ScheduledThreadPoolExecutor$DelayedWorkQueue.take(ScheduledThreadPoolExecutor.java:1088)
        at java.util.concurrent.ScheduledThreadPoolExecutor$DelayedWorkQueue.take(ScheduledThreadPoolExecutor.java:809)
        at java.util.concurrent.ThreadPoolExecutor.getTask(ThreadPoolExecutor.java:1074)
        at java.util.concurrent.ThreadPoolExecutor.runWorker(ThreadPoolExecutor.java:1134)
        at java.util.concurrent.ThreadPoolExecutor$Worker.run(ThreadPoolExecutor.java:624)
        at java.lang.Thread.run(Thread.java:750)
"qtp1712704558-187" daemon prio=5 tid=187 timed_waiting
java.lang.Thread.State: TIMED_WAITING
        at sun.misc.Unsafe.park(Native Method)
        at java.util.concurrent.locks.LockSupport.parkNanos(LockSupport.java:215)
        at java.util.concurrent.locks.AbstractQueuedSynchronizer$ConditionObject.awaitNanos(AbstractQueuedSynchronizer.java:2078)
        at org.eclipse.jetty.util.BlockingArrayQueue.poll(BlockingArrayQueue.java:382)
        at org.eclipse.jetty.util.thread.QueuedThreadPool$Runner.idleJobPoll(QueuedThreadPool.java:974)
        at org.eclipse.jetty.util.thread.QueuedThreadPool$Runner.run(QueuedThreadPool.java:1018)
        at java.lang.Thread.run(Thread.java:750)
"7726e7f5-b74c-4e4a-9680-a65a67c105af@group-E388FC27C872->3ddade9d-4289-4127-b7c4-830dd518ff0a-GrpcLogAppender-LogAppenderDaemon" daemon prio=5 tid=850 timed_waiting
java.lang.Thread.State: TIMED_WAITING
        at sun.misc.Unsafe.park(Native Method)
        at java.util.concurrent.locks.LockSupport.parkNanos(LockSupport.java:215)
        at java.util.concurrent.locks.AbstractQueuedSynchronizer$ConditionObject.await(AbstractQueuedSynchronizer.java:2163)
        at org.apache.ratis.util.AwaitForSignal.await(AwaitForSignal.java:62)
        at org.apache.ratis.grpc.server.GrpcLogAppender.mayWait(GrpcLogAppender.java:198)
        at org.apache.ratis.grpc.server.GrpcLogAppender.run(GrpcLogAppender.java:148)
        at org.apache.ratis.server.leader.LogAppenderDaemon.run(LogAppenderDaemon.java:78)
        at org.apache.ratis.server.leader.LogAppenderDaemon$$Lambda$1043/1492857369.run(Unknown Source)
        at java.lang.Thread.run(Thread.java:750)
"pool-80-thread-1"  prio=5 tid=182 timed_waiting
java.lang.Thread.State: TIMED_WAITING
        at sun.misc.Unsafe.park(Native Method)
        at java.util.concurrent.locks.LockSupport.parkNanos(LockSupport.java:215)
        at java.util.concurrent.locks.AbstractQueuedSynchronizer$ConditionObject.awaitNanos(AbstractQueuedSynchronizer.java:2078)
        at java.util.concurrent.ScheduledThreadPoolExecutor$DelayedWorkQueue.take(ScheduledThreadPoolExecutor.java:1093)
        at java.util.concurrent.ScheduledThreadPoolExecutor$DelayedWorkQueue.take(ScheduledThreadPoolExecutor.java:809)
        at java.util.concurrent.ThreadPoolExecutor.getTask(ThreadPoolExecutor.java:1074)
        at java.util.concurrent.ThreadPoolExecutor.runWorker(ThreadPoolExecutor.java:1134)
        at java.util.concurrent.ThreadPoolExecutor$Worker.run(ThreadPoolExecutor.java:624)
        at java.lang.Thread.run(Thread.java:750)
"BlockDeletingService#1" daemon prio=5 tid=475 in Object.wait()
java.lang.Thread.State: WAITING (on object monitor)
        at sun.misc.Unsafe.park(Native Method)
        at java.util.concurrent.locks.LockSupport.park(LockSupport.java:175)
        at java.util.concurrent.locks.AbstractQueuedSynchronizer$ConditionObject.await(AbstractQueuedSynchronizer.java:2039)
        at java.util.concurrent.ScheduledThreadPoolExecutor$DelayedWorkQueue.take(ScheduledThreadPoolExecutor.java:1088)
        at java.util.concurrent.ScheduledThreadPoolExecutor$DelayedWorkQueue.take(ScheduledThreadPoolExecutor.java:809)
        at java.util.concurrent.ThreadPoolExecutor.getTask(ThreadPoolExecutor.java:1074)
        at java.util.concurrent.ThreadPoolExecutor.runWorker(ThreadPoolExecutor.java:1134)
        at java.util.concurrent.ThreadPoolExecutor$Worker.run(ThreadPoolExecutor.java:624)
        at java.lang.Thread.run(Thread.java:750)
"ChunkReader-ELG-0" daemon prio=5 tid=472 runnable
java.lang.Thread.State: RUNNABLE
        at org.apache.ratis.thirdparty.io.netty.channel.epoll.Native.epollWait0(Native Method)
        at org.apache.ratis.thirdparty.io.netty.channel.epoll.Native.epollWait(Native.java:182)
        at org.apache.ratis.thirdparty.io.netty.channel.epoll.EpollEventLoop.epollWait(EpollEventLoop.java:290)
        at org.apache.ratis.thirdparty.io.netty.channel.epoll.EpollEventLoop.run(EpollEventLoop.java:354)
        at org.apache.ratis.thirdparty.io.netty.util.concurrent.SingleThreadEventExecutor$4.run(SingleThreadEventExecutor.java:995)
        at org.apache.ratis.thirdparty.io.netty.util.internal.ThreadExecutorMap$2.run(ThreadExecutorMap.java:74)
        at java.lang.Thread.run(Thread.java:750)
"qtp1970665441-111" daemon prio=5 tid=111 timed_waiting
java.lang.Thread.State: TIMED_WAITING
        at sun.misc.Unsafe.park(Native Method)
        at java.util.concurrent.locks.LockSupport.parkNanos(LockSupport.java:215)
        at java.util.concurrent.locks.AbstractQueuedSynchronizer$ConditionObject.awaitNanos(AbstractQueuedSynchronizer.java:2078)
        at org.eclipse.jetty.util.BlockingArrayQueue.poll(BlockingArrayQueue.java:382)
        at org.eclipse.jetty.util.thread.QueuedThreadPool$Runner.idleJobPoll(QueuedThreadPool.java:974)
        at org.eclipse.jetty.util.thread.QueuedThreadPool$Runner.run(QueuedThreadPool.java:1018)
        at java.lang.Thread.run(Thread.java:750)
"IPC Server handler 10 on default port 44149" daemon prio=5 tid=163 timed_waiting
java.lang.Thread.State: TIMED_WAITING
        at sun.misc.Unsafe.park(Native Method)
        at java.util.concurrent.locks.LockSupport.parkNanos(LockSupport.java:215)
        at java.util.concurrent.locks.AbstractQueuedSynchronizer$ConditionObject.awaitNanos(AbstractQueuedSynchronizer.java:2078)
        at java.util.concurrent.LinkedBlockingQueue.poll(LinkedBlockingQueue.java:467)
        at org.apache.hadoop.ipc.CallQueueManager.take(CallQueueManager.java:317)
        at org.apache.hadoop.ipc.Server$Handler.run(Server.java:2942)
"cc93147f-bc2d-4803-9a7c-bfa6df100165@group-8751AA67DF99-FollowerState" daemon prio=5 tid=786 timed_waiting
java.lang.Thread.State: TIMED_WAITING
        at java.lang.Thread.sleep(Native Method)
        at java.lang.Thread.sleep(Thread.java:342)
        at java.util.concurrent.TimeUnit.sleep(TimeUnit.java:386)
        at org.apache.ratis.util.TimeDuration.sleep(TimeDuration.java:325)
        at org.apache.ratis.util.TimeDuration.sleep(TimeDuration.java:310)
        at org.apache.ratis.server.impl.FollowerState.run(FollowerState.java:128)
"IPC Server handler 18 on default port 42623" daemon prio=5 tid=104 timed_waiting
java.lang.Thread.State: TIMED_WAITING
        at sun.misc.Unsafe.park(Native Method)
        at java.util.concurrent.locks.LockSupport.parkNanos(LockSupport.java:215)
        at java.util.concurrent.locks.AbstractQueuedSynchronizer$ConditionObject.awaitNanos(AbstractQueuedSynchronizer.java:2078)
        at java.util.concurrent.LinkedBlockingQueue.poll(LinkedBlockingQueue.java:467)
        at org.apache.hadoop.ipc.CallQueueManager.take(CallQueueManager.java:317)
        at org.apache.hadoop.ipc.Server$Handler.run(Server.java:2942)
"qtp1512974477-349" daemon prio=5 tid=349 timed_waiting
java.lang.Thread.State: TIMED_WAITING
        at sun.misc.Unsafe.park(Native Method)
        at java.util.concurrent.locks.LockSupport.parkNanos(LockSupport.java:215)
        at java.util.concurrent.locks.AbstractQueuedSynchronizer$ConditionObject.awaitNanos(AbstractQueuedSynchronizer.java:2078)
        at org.eclipse.jetty.util.BlockingArrayQueue.poll(BlockingArrayQueue.java:382)
        at org.eclipse.jetty.util.thread.QueuedThreadPool$Runner.idleJobPoll(QueuedThreadPool.java:974)
        at org.eclipse.jetty.util.thread.QueuedThreadPool$Runner.run(QueuedThreadPool.java:1018)
        at java.lang.Thread.run(Thread.java:750)
"Periodic HDDS volume checker" daemon prio=5 tid=282 timed_waiting
java.lang.Thread.State: TIMED_WAITING
        at sun.misc.Unsafe.park(Native Method)
        at java.util.concurrent.locks.LockSupport.parkNanos(LockSupport.java:215)
        at java.util.concurrent.locks.AbstractQueuedSynchronizer$ConditionObject.awaitNanos(AbstractQueuedSynchronizer.java:2078)
        at java.util.concurrent.ScheduledThreadPoolExecutor$DelayedWorkQueue.take(ScheduledThreadPoolExecutor.java:1093)
        at java.util.concurrent.ScheduledThreadPoolExecutor$DelayedWorkQueue.take(ScheduledThreadPoolExecutor.java:809)
        at java.util.concurrent.ThreadPoolExecutor.getTask(ThreadPoolExecutor.java:1074)
        at java.util.concurrent.ThreadPoolExecutor.runWorker(ThreadPoolExecutor.java:1134)
        at java.util.concurrent.ThreadPoolExecutor$Worker.run(ThreadPoolExecutor.java:624)
        at java.lang.Thread.run(Thread.java:750)
"BlockDeletingService#2" daemon prio=5 tid=1122 in Object.wait()
java.lang.Thread.State: WAITING (on object monitor)
        at sun.misc.Unsafe.park(Native Method)
        at java.util.concurrent.locks.LockSupport.park(LockSupport.java:175)
        at java.util.concurrent.locks.AbstractQueuedSynchronizer$ConditionObject.await(AbstractQueuedSynchronizer.java:2039)
        at java.util.concurrent.ScheduledThreadPoolExecutor$DelayedWorkQueue.take(ScheduledThreadPoolExecutor.java:1088)
        at java.util.concurrent.ScheduledThreadPoolExecutor$DelayedWorkQueue.take(ScheduledThreadPoolExecutor.java:809)
        at java.util.concurrent.ThreadPoolExecutor.getTask(ThreadPoolExecutor.java:1074)
        at java.util.concurrent.ThreadPoolExecutor.runWorker(ThreadPoolExecutor.java:1134)
        at java.util.concurrent.ThreadPoolExecutor$Worker.run(ThreadPoolExecutor.java:624)
        at java.lang.Thread.run(Thread.java:750)
"StaleRecoveringContainerScrubbingService#4" daemon prio=5 tid=933 in Object.wait()
java.lang.Thread.State: WAITING (on object monitor)
        at sun.misc.Unsafe.park(Native Method)
        at java.util.concurrent.locks.LockSupport.park(LockSupport.java:175)
        at java.util.concurrent.locks.AbstractQueuedSynchronizer$ConditionObject.await(AbstractQueuedSynchronizer.java:2039)
        at java.util.concurrent.ScheduledThreadPoolExecutor$DelayedWorkQueue.take(ScheduledThreadPoolExecutor.java:1088)
        at java.util.concurrent.ScheduledThreadPoolExecutor$DelayedWorkQueue.take(ScheduledThreadPoolExecutor.java:809)
        at java.util.concurrent.ThreadPoolExecutor.getTask(ThreadPoolExecutor.java:1074)
        at java.util.concurrent.ThreadPoolExecutor.runWorker(ThreadPoolExecutor.java:1134)
        at java.util.concurrent.ThreadPoolExecutor$Worker.run(ThreadPoolExecutor.java:624)
        at java.lang.Thread.run(Thread.java:750)
"Datanode State Machine Task Thread - 1"  prio=5 tid=338 in Object.wait()
java.lang.Thread.State: WAITING (on object monitor)
        at sun.misc.Unsafe.park(Native Method)
        at java.util.concurrent.locks.LockSupport.park(LockSupport.java:175)
        at java.util.concurrent.locks.AbstractQueuedSynchronizer$ConditionObject.await(AbstractQueuedSynchronizer.java:2039)
        at java.util.concurrent.LinkedBlockingQueue.take(LinkedBlockingQueue.java:442)
        at java.util.concurrent.ThreadPoolExecutor.getTask(ThreadPoolExecutor.java:1074)
        at java.util.concurrent.ThreadPoolExecutor.runWorker(ThreadPoolExecutor.java:1134)
        at java.util.concurrent.ThreadPoolExecutor$Worker.run(ThreadPoolExecutor.java:624)
        at java.lang.Thread.run(Thread.java:750)
"470e2686-24c9-4e42-bae6-1f3a72650c76@group-86C4A20D7C89->831a834c-0d76-4477-9113-3f6aa01da917-GrpcLogAppender-LogAppenderDaemon" daemon prio=5 tid=893 runnable
java.lang.Thread.State: RUNNABLE
        at sun.misc.Unsafe.park(Native Method)
        at java.util.concurrent.locks.LockSupport.parkNanos(LockSupport.java:215)
        at java.util.concurrent.locks.AbstractQueuedSynchronizer$ConditionObject.await(AbstractQueuedSynchronizer.java:2163)
        at org.apache.ratis.util.AwaitForSignal.await(AwaitForSignal.java:62)
        at org.apache.ratis.grpc.server.GrpcLogAppender.mayWait(GrpcLogAppender.java:198)
        at org.apache.ratis.grpc.server.GrpcLogAppender.run(GrpcLogAppender.java:148)
        at org.apache.ratis.server.leader.LogAppenderDaemon.run(LogAppenderDaemon.java:78)
        at org.apache.ratis.server.leader.LogAppenderDaemon$$Lambda$1043/1492857369.run(Unknown Source)
        at java.lang.Thread.run(Thread.java:750)
"RatisPipelineUtilsThread - 0"  prio=5 tid=15 timed_waiting
java.lang.Thread.State: TIMED_WAITING
        at java.lang.Object.wait(Native Method)
        at org.apache.hadoop.hdds.scm.pipeline.BackgroundPipelineCreator.run(BackgroundPipelineCreator.java:176)
        at org.apache.hadoop.hdds.scm.pipeline.BackgroundPipelineCreator$$Lambda$371/1956358668.run(Unknown Source)
        at java.lang.Thread.run(Thread.java:750)
"831a834c-0d76-4477-9113-3f6aa01da917@group-86C4A20D7C89-FollowerState" daemon prio=5 tid=894 timed_waiting
java.lang.Thread.State: TIMED_WAITING
        at java.lang.Thread.sleep(Native Method)
        at java.lang.Thread.sleep(Thread.java:342)
        at java.util.concurrent.TimeUnit.sleep(TimeUnit.java:386)
        at org.apache.ratis.util.TimeDuration.sleep(TimeDuration.java:325)
        at org.apache.ratis.util.TimeDuration.sleep(TimeDuration.java:310)
        at org.apache.ratis.server.impl.FollowerState.run(FollowerState.java:128)
"IPC Server handler 13 on default port 42623" daemon prio=5 tid=99 timed_waiting
java.lang.Thread.State: TIMED_WAITING
        at sun.misc.Unsafe.park(Native Method)
        at java.util.concurrent.locks.LockSupport.parkNanos(LockSupport.java:215)
        at java.util.concurrent.locks.AbstractQueuedSynchronizer$ConditionObject.awaitNanos(AbstractQueuedSynchronizer.java:2078)
        at java.util.concurrent.LinkedBlockingQueue.poll(LinkedBlockingQueue.java:467)
        at org.apache.hadoop.ipc.CallQueueManager.take(CallQueueManager.java:317)
        at org.apache.hadoop.ipc.Server$Handler.run(Server.java:2942)
"IPC Server handler 10 on default port 42623" daemon prio=5 tid=96 timed_waiting
java.lang.Thread.State: TIMED_WAITING
        at sun.misc.Unsafe.park(Native Method)
        at java.util.concurrent.locks.LockSupport.parkNanos(LockSupport.java:215)
        at java.util.concurrent.locks.AbstractQueuedSynchronizer$ConditionObject.awaitNanos(AbstractQueuedSynchronizer.java:2078)
        at java.util.concurrent.LinkedBlockingQueue.poll(LinkedBlockingQueue.java:467)
        at org.apache.hadoop.ipc.CallQueueManager.take(CallQueueManager.java:317)
        at org.apache.hadoop.ipc.Server$Handler.run(Server.java:2942)
"0587405b-2ffa-4132-824d-547ca09f0e52@group-815F7F527F96-SegmentedRaftLogWorker"  prio=5 tid=578 timed_waiting
java.lang.Thread.State: TIMED_WAITING
        at sun.misc.Unsafe.park(Native Method)
        at java.util.concurrent.locks.LockSupport.parkNanos(LockSupport.java:215)
        at java.util.concurrent.locks.AbstractQueuedSynchronizer$ConditionObject.awaitNanos(AbstractQueuedSynchronizer.java:2078)
        at org.apache.ratis.util.DataBlockingQueue.poll(DataBlockingQueue.java:148)
        at org.apache.ratis.server.raftlog.segmented.SegmentedRaftLogWorker.run(SegmentedRaftLogWorker.java:312)
        at org.apache.ratis.server.raftlog.segmented.SegmentedRaftLogWorker$$Lambda$667/1522169736.run(Unknown Source)
        at java.lang.Thread.run(Thread.java:750)
"831a834c-0d76-4477-9113-3f6aa01da917@group-86C4A20D7C89-StateMachineUpdater" daemon prio=5 tid=627 timed_waiting
java.lang.Thread.State: TIMED_WAITING
        at sun.misc.Unsafe.park(Native Method)
        at java.util.concurrent.locks.LockSupport.parkNanos(LockSupport.java:215)
        at java.util.concurrent.locks.AbstractQueuedSynchronizer$ConditionObject.await(AbstractQueuedSynchronizer.java:2163)
        at org.apache.ratis.util.AwaitForSignal.await(AwaitForSignal.java:62)
        at org.apache.ratis.server.impl.StateMachineUpdater.waitForCommit(StateMachineUpdater.java:207)
        at org.apache.ratis.server.impl.StateMachineUpdater.run(StateMachineUpdater.java:176)
        at java.lang.Thread.run(Thread.java:750)
"cc93147f-bc2d-4803-9a7c-bfa6df100165@group-8751AA67DF99-SegmentedRaftLogWorker"  prio=5 tid=628 timed_waiting
java.lang.Thread.State: TIMED_WAITING
        at sun.misc.Unsafe.park(Native Method)
        at java.util.concurrent.locks.LockSupport.parkNanos(LockSupport.java:215)
        at java.util.concurrent.locks.AbstractQueuedSynchronizer$ConditionObject.awaitNanos(AbstractQueuedSynchronizer.java:2078)
        at org.apache.ratis.util.DataBlockingQueue.poll(DataBlockingQueue.java:148)
        at org.apache.ratis.server.raftlog.segmented.SegmentedRaftLogWorker.run(SegmentedRaftLogWorker.java:312)
        at org.apache.ratis.server.raftlog.segmented.SegmentedRaftLogWorker$$Lambda$667/1522169736.run(Unknown Source)
        at java.lang.Thread.run(Thread.java:750)
"cc93147f-bc2d-4803-9a7c-bfa6df100165@group-86C4A20D7C89-SegmentedRaftLogWorker"  prio=5 tid=636 timed_waiting
java.lang.Thread.State: TIMED_WAITING
        at sun.misc.Unsafe.park(Native Method)
        at java.util.concurrent.locks.LockSupport.parkNanos(LockSupport.java:215)
        at java.util.concurrent.locks.AbstractQueuedSynchronizer$ConditionObject.awaitNanos(AbstractQueuedSynchronizer.java:2078)
        at org.apache.ratis.util.DataBlockingQueue.poll(DataBlockingQueue.java:148)
        at org.apache.ratis.server.raftlog.segmented.SegmentedRaftLogWorker.run(SegmentedRaftLogWorker.java:312)
        at org.apache.ratis.server.raftlog.segmented.SegmentedRaftLogWorker$$Lambda$667/1522169736.run(Unknown Source)
        at java.lang.Thread.run(Thread.java:750)
"qtp381504811-216" daemon prio=5 tid=216 timed_waiting
java.lang.Thread.State: TIMED_WAITING
        at sun.misc.Unsafe.park(Native Method)
        at java.util.concurrent.locks.LockSupport.parkNanos(LockSupport.java:215)
        at java.util.concurrent.locks.AbstractQueuedSynchronizer$ConditionObject.awaitNanos(AbstractQueuedSynchronizer.java:2078)
        at org.eclipse.jetty.util.BlockingArrayQueue.poll(BlockingArrayQueue.java:382)
        at org.eclipse.jetty.util.thread.QueuedThreadPool$Runner.idleJobPoll(QueuedThreadPool.java:974)
        at org.eclipse.jetty.util.thread.QueuedThreadPool$Runner.run(QueuedThreadPool.java:1018)
        at java.lang.Thread.run(Thread.java:750)
"Datanode State Machine Daemon Thread" daemon prio=5 tid=324 timed_waiting
java.lang.Thread.State: TIMED_WAITING
        at java.lang.Thread.sleep(Native Method)
        at org.apache.hadoop.ozone.container.common.statemachine.DatanodeStateMachine.startStateMachineThread(DatanodeStateMachine.java:321)
        at org.apache.hadoop.ozone.container.common.statemachine.DatanodeStateMachine.lambda$startDaemon$0(DatanodeStateMachine.java:506)
        at org.apache.hadoop.ozone.container.common.statemachine.DatanodeStateMachine$$Lambda$753/1831975653.run(Unknown Source)
        at java.lang.Thread.run(Thread.java:750)
"Command processor thread" daemon prio=5 tid=198 timed_waiting
java.lang.Thread.State: TIMED_WAITING
        at java.lang.Thread.sleep(Native Method)
        at org.apache.hadoop.ozone.container.common.statemachine.DatanodeStateMachine.lambda$initCommandHandlerThread$3(DatanodeStateMachine.java:641)
        at org.apache.hadoop.ozone.container.common.statemachine.DatanodeStateMachine$$Lambda$755/1195612276.run(Unknown Source)
        at java.lang.Thread.run(Thread.java:750)
"org.apache.hadoop.ozone.container.common.statemachine.commandhandler.DeleteBlocksCommandHandler$DeleteCmdWorker@37499b7b" daemon prio=5 tid=378 timed_waiting
java.lang.Thread.State: TIMED_WAITING
        at java.lang.Thread.sleep(Native Method)
        at org.apache.hadoop.ozone.container.common.statemachine.commandhandler.DeleteBlocksCommandHandler$DeleteCmdWorker.run(DeleteBlocksCommandHandler.java:184)
        at java.lang.Thread.run(Thread.java:750)
"IPC Server handler 16 on default port 42623" daemon prio=5 tid=102 timed_waiting
java.lang.Thread.State: TIMED_WAITING
        at sun.misc.Unsafe.park(Native Method)
        at java.util.concurrent.locks.LockSupport.parkNanos(LockSupport.java:215)
        at java.util.concurrent.locks.AbstractQueuedSynchronizer$ConditionObject.awaitNanos(AbstractQueuedSynchronizer.java:2078)
        at java.util.concurrent.LinkedBlockingQueue.poll(LinkedBlockingQueue.java:467)
        at org.apache.hadoop.ipc.CallQueueManager.take(CallQueueManager.java:317)
        at org.apache.hadoop.ipc.Server$Handler.run(Server.java:2942)
"3ddade9d-4289-4127-b7c4-830dd518ff0a@group-588BCD57A16A-LeaderStateImpl" daemon prio=5 tid=748 timed_waiting
java.lang.Thread.State: TIMED_WAITING
        at sun.misc.Unsafe.park(Native Method)
        at java.util.concurrent.locks.LockSupport.parkNanos(LockSupport.java:215)
        at java.util.concurrent.locks.AbstractQueuedSynchronizer$ConditionObject.awaitNanos(AbstractQueuedSynchronizer.java:2078)
        at java.util.concurrent.ArrayBlockingQueue.poll(ArrayBlockingQueue.java:418)
        at org.apache.ratis.server.impl.LeaderStateImpl$EventQueue.poll(LeaderStateImpl.java:159)
        at org.apache.ratis.server.impl.LeaderStateImpl$EventProcessor.run(LeaderStateImpl.java:630)
"Datanode ReportManager Thread - 2" daemon prio=5 tid=480 timed_waiting
java.lang.Thread.State: TIMED_WAITING
        at sun.misc.Unsafe.park(Native Method)
        at java.util.concurrent.locks.LockSupport.parkNanos(LockSupport.java:215)
        at java.util.concurrent.locks.AbstractQueuedSynchronizer$ConditionObject.awaitNanos(AbstractQueuedSynchronizer.java:2078)
        at java.util.concurrent.ScheduledThreadPoolExecutor$DelayedWorkQueue.take(ScheduledThreadPoolExecutor.java:1093)
        at java.util.concurrent.ScheduledThreadPoolExecutor$DelayedWorkQueue.take(ScheduledThreadPoolExecutor.java:809)
        at java.util.concurrent.ThreadPoolExecutor.getTask(ThreadPoolExecutor.java:1074)
        at java.util.concurrent.ThreadPoolExecutor.runWorker(ThreadPoolExecutor.java:1134)
        at java.util.concurrent.ThreadPoolExecutor$Worker.run(ThreadPoolExecutor.java:624)
        at java.lang.Thread.run(Thread.java:750)
"Datanode State Machine Task Thread - 0"  prio=5 tid=447 in Object.wait()
java.lang.Thread.State: WAITING (on object monitor)
        at sun.misc.Unsafe.park(Native Method)
        at java.util.concurrent.locks.LockSupport.park(LockSupport.java:175)
        at java.util.concurrent.locks.AbstractQueuedSynchronizer$ConditionObject.await(AbstractQueuedSynchronizer.java:2039)
        at java.util.concurrent.LinkedBlockingQueue.take(LinkedBlockingQueue.java:442)
        at java.util.concurrent.ThreadPoolExecutor.getTask(ThreadPoolExecutor.java:1074)
        at java.util.concurrent.ThreadPoolExecutor.runWorker(ThreadPoolExecutor.java:1134)
        at java.util.concurrent.ThreadPoolExecutor$Worker.run(ThreadPoolExecutor.java:624)
        at java.lang.Thread.run(Thread.java:750)
"ChunkWriter-0-0" daemon prio=5 tid=391 in Object.wait()
java.lang.Thread.State: WAITING (on object monitor)
        at sun.misc.Unsafe.park(Native Method)
        at java.util.concurrent.locks.LockSupport.park(LockSupport.java:175)
        at java.util.concurrent.locks.AbstractQueuedSynchronizer$ConditionObject.await(AbstractQueuedSynchronizer.java:2039)
        at java.util.concurrent.LinkedBlockingDeque.takeFirst(LinkedBlockingDeque.java:492)
        at java.util.concurrent.LinkedBlockingDeque.take(LinkedBlockingDeque.java:680)
        at java.util.concurrent.ThreadPoolExecutor.getTask(ThreadPoolExecutor.java:1074)
        at java.util.concurrent.ThreadPoolExecutor.runWorker(ThreadPoolExecutor.java:1134)
        at java.util.concurrent.ThreadPoolExecutor$Worker.run(ThreadPoolExecutor.java:624)
        at java.lang.Thread.run(Thread.java:750)
"ChunkReader-5" daemon prio=5 tid=971 in Object.wait()
java.lang.Thread.State: WAITING (on object monitor)
        at sun.misc.Unsafe.park(Native Method)
        at java.util.concurrent.locks.LockSupport.park(LockSupport.java:175)
        at java.util.concurrent.locks.AbstractQueuedSynchronizer$ConditionObject.await(AbstractQueuedSynchronizer.java:2039)
        at java.util.concurrent.LinkedBlockingQueue.take(LinkedBlockingQueue.java:442)
        at java.util.concurrent.ThreadPoolExecutor.getTask(ThreadPoolExecutor.java:1074)
        at java.util.concurrent.ThreadPoolExecutor.runWorker(ThreadPoolExecutor.java:1134)
        at java.util.concurrent.ThreadPoolExecutor$Worker.run(ThreadPoolExecutor.java:624)
        at java.lang.Thread.run(Thread.java:750)
"4ef44404-e624-4c50-bb49-8deedaf9742c@group-288DFE23379A-SegmentedRaftLogWorker"  prio=5 tid=568 timed_waiting
java.lang.Thread.State: TIMED_WAITING
        at sun.misc.Unsafe.park(Native Method)
        at java.util.concurrent.locks.LockSupport.parkNanos(LockSupport.java:215)
        at java.util.concurrent.locks.AbstractQueuedSynchronizer$ConditionObject.awaitNanos(AbstractQueuedSynchronizer.java:2078)
        at org.apache.ratis.util.DataBlockingQueue.poll(DataBlockingQueue.java:148)
        at org.apache.ratis.server.raftlog.segmented.SegmentedRaftLogWorker.run(SegmentedRaftLogWorker.java:312)
        at org.apache.ratis.server.raftlog.segmented.SegmentedRaftLogWorker$$Lambda$667/1522169736.run(Unknown Source)
        at java.lang.Thread.run(Thread.java:750)
"StaleRecoveringContainerScrubbingService#8" daemon prio=5 tid=1136 in Object.wait()
java.lang.Thread.State: WAITING (on object monitor)
        at sun.misc.Unsafe.park(Native Method)
        at java.util.concurrent.locks.LockSupport.park(LockSupport.java:175)
        at java.util.concurrent.locks.AbstractQueuedSynchronizer$ConditionObject.await(AbstractQueuedSynchronizer.java:2039)
        at java.util.concurrent.ScheduledThreadPoolExecutor$DelayedWorkQueue.take(ScheduledThreadPoolExecutor.java:1088)
        at java.util.concurrent.ScheduledThreadPoolExecutor$DelayedWorkQueue.take(ScheduledThreadPoolExecutor.java:809)
        at java.util.concurrent.ThreadPoolExecutor.getTask(ThreadPoolExecutor.java:1074)
        at java.util.concurrent.ThreadPoolExecutor.runWorker(ThreadPoolExecutor.java:1134)
        at java.util.concurrent.ThreadPoolExecutor$Worker.run(ThreadPoolExecutor.java:624)
        at java.lang.Thread.run(Thread.java:750)
"timer7" daemon prio=5 tid=793 timed_waiting
java.lang.Thread.State: TIMED_WAITING
        at java.lang.Object.wait(Native Method)
        at java.util.TimerThread.mainLoop(Timer.java:552)
        at java.util.TimerThread.run(Timer.java:505)
"qtp163647132-292" daemon prio=5 tid=292 timed_waiting
java.lang.Thread.State: TIMED_WAITING
        at sun.misc.Unsafe.park(Native Method)
        at java.util.concurrent.locks.LockSupport.parkNanos(LockSupport.java:215)
        at java.util.concurrent.locks.AbstractQueuedSynchronizer$ConditionObject.awaitNanos(AbstractQueuedSynchronizer.java:2078)
        at org.eclipse.jetty.util.BlockingArrayQueue.poll(BlockingArrayQueue.java:382)
        at org.eclipse.jetty.util.thread.QueuedThreadPool$Runner.idleJobPoll(QueuedThreadPool.java:974)
        at org.eclipse.jetty.util.thread.QueuedThreadPool$Runner.run(QueuedThreadPool.java:1018)
        at java.lang.Thread.run(Thread.java:750)
"qtp381504811-213" daemon prio=5 tid=213 timed_waiting
java.lang.Thread.State: TIMED_WAITING
        at sun.misc.Unsafe.park(Native Method)
        at java.util.concurrent.locks.LockSupport.parkNanos(LockSupport.java:215)
        at java.util.concurrent.locks.AbstractQueuedSynchronizer$ConditionObject.awaitNanos(AbstractQueuedSynchronizer.java:2078)
        at org.eclipse.jetty.util.BlockingArrayQueue.poll(BlockingArrayQueue.java:382)
        at org.eclipse.jetty.util.thread.QueuedThreadPool$Runner.idleJobPoll(QueuedThreadPool.java:974)
        at org.eclipse.jetty.util.thread.QueuedThreadPool$Runner.run(QueuedThreadPool.java:1018)
        at java.lang.Thread.run(Thread.java:750)
"BlockDeletingService#0" daemon prio=5 tid=561 timed_waiting
java.lang.Thread.State: TIMED_WAITING
        at sun.misc.Unsafe.park(Native Method)
        at java.util.concurrent.locks.LockSupport.parkNanos(LockSupport.java:215)
        at java.util.concurrent.locks.AbstractQueuedSynchronizer$ConditionObject.awaitNanos(AbstractQueuedSynchronizer.java:2078)
        at java.util.concurrent.ScheduledThreadPoolExecutor$DelayedWorkQueue.take(ScheduledThreadPoolExecutor.java:1093)
        at java.util.concurrent.ScheduledThreadPoolExecutor$DelayedWorkQueue.take(ScheduledThreadPoolExecutor.java:809)
        at java.util.concurrent.ThreadPoolExecutor.getTask(ThreadPoolExecutor.java:1074)
        at java.util.concurrent.ThreadPoolExecutor.runWorker(ThreadPoolExecutor.java:1134)
        at java.util.concurrent.ThreadPoolExecutor$Worker.run(ThreadPoolExecutor.java:624)
        at java.lang.Thread.run(Thread.java:750)
"ChunkReader-ELG-0" daemon prio=5 tid=505 runnable
java.lang.Thread.State: RUNNABLE
        at org.apache.ratis.thirdparty.io.netty.channel.epoll.Native.epollWait0(Native Method)
        at org.apache.ratis.thirdparty.io.netty.channel.epoll.Native.epollWait(Native.java:182)
        at org.apache.ratis.thirdparty.io.netty.channel.epoll.EpollEventLoop.epollWait(EpollEventLoop.java:290)
        at org.apache.ratis.thirdparty.io.netty.channel.epoll.EpollEventLoop.run(EpollEventLoop.java:354)
        at org.apache.ratis.thirdparty.io.netty.util.concurrent.SingleThreadEventExecutor$4.run(SingleThreadEventExecutor.java:995)
        at org.apache.ratis.thirdparty.io.netty.util.internal.ThreadExecutorMap$2.run(ThreadExecutorMap.java:74)
        at java.lang.Thread.run(Thread.java:750)
"ChunkReader-6" daemon prio=5 tid=948 in Object.wait()
java.lang.Thread.State: WAITING (on object monitor)
        at sun.misc.Unsafe.park(Native Method)
        at java.util.concurrent.locks.LockSupport.park(LockSupport.java:175)
        at java.util.concurrent.locks.AbstractQueuedSynchronizer$ConditionObject.await(AbstractQueuedSynchronizer.java:2039)
        at java.util.concurrent.LinkedBlockingQueue.take(LinkedBlockingQueue.java:442)
        at java.util.concurrent.ThreadPoolExecutor.getTask(ThreadPoolExecutor.java:1074)
        at java.util.concurrent.ThreadPoolExecutor.runWorker(ThreadPoolExecutor.java:1134)
        at java.util.concurrent.ThreadPoolExecutor$Worker.run(ThreadPoolExecutor.java:624)
        at java.lang.Thread.run(Thread.java:750)
"org.apache.hadoop.util.JvmPauseMonitor$Monitor@27de6a43" daemon prio=5 tid=305 timed_waiting
java.lang.Thread.State: TIMED_WAITING
        at java.lang.Thread.sleep(Native Method)
        at org.apache.hadoop.util.JvmPauseMonitor$Monitor.run(JvmPauseMonitor.java:192)
        at java.lang.Thread.run(Thread.java:750)
"org.apache.hadoop.util.JvmPauseMonitor$Monitor@430da396" daemon prio=5 tid=199 timed_waiting
java.lang.Thread.State: TIMED_WAITING
        at java.lang.Thread.sleep(Native Method)
        at org.apache.hadoop.util.JvmPauseMonitor$Monitor.run(JvmPauseMonitor.java:192)
        at java.lang.Thread.run(Thread.java:750)
"pool-236-thread-1"  prio=5 tid=649 in Object.wait()
java.lang.Thread.State: WAITING (on object monitor)
        at sun.misc.Unsafe.park(Native Method)
        at java.util.concurrent.locks.LockSupport.park(LockSupport.java:175)
        at java.util.concurrent.locks.AbstractQueuedSynchronizer$ConditionObject.await(AbstractQueuedSynchronizer.java:2039)
        at java.util.concurrent.LinkedBlockingQueue.take(LinkedBlockingQueue.java:442)
        at java.util.concurrent.ThreadPoolExecutor.getTask(ThreadPoolExecutor.java:1074)
        at java.util.concurrent.ThreadPoolExecutor.runWorker(ThreadPoolExecutor.java:1134)
        at java.util.concurrent.ThreadPoolExecutor$Worker.run(ThreadPoolExecutor.java:624)
        at java.lang.Thread.run(Thread.java:750)
"Socket Reader #1 for port 0"  prio=5 tid=24 runnable
java.lang.Thread.State: RUNNABLE
        at sun.nio.ch.EPollArrayWrapper.epollWait(Native Method)
        at sun.nio.ch.EPollArrayWrapper.poll(EPollArrayWrapper.java:269)
        at sun.nio.ch.EPollSelectorImpl.doSelect(EPollSelectorImpl.java:93)
        at sun.nio.ch.SelectorImpl.lockAndDoSelect(SelectorImpl.java:86)
        at sun.nio.ch.SelectorImpl.select(SelectorImpl.java:97)
        at sun.nio.ch.SelectorImpl.select(SelectorImpl.java:101)
        at org.apache.hadoop.ipc.Server$Listener$Reader.doRunLoop(Server.java:1296)
        at org.apache.hadoop.ipc.Server$Listener$Reader.run(Server.java:1275)
"Datanode ReportManager Thread - 2" daemon prio=5 tid=327 timed_waiting
java.lang.Thread.State: TIMED_WAITING
        at sun.misc.Unsafe.park(Native Method)
        at java.util.concurrent.locks.LockSupport.parkNanos(LockSupport.java:215)
        at java.util.concurrent.locks.AbstractQueuedSynchronizer$ConditionObject.awaitNanos(AbstractQueuedSynchronizer.java:2078)
        at java.util.concurrent.ScheduledThreadPoolExecutor$DelayedWorkQueue.take(ScheduledThreadPoolExecutor.java:1093)
        at java.util.concurrent.ScheduledThreadPoolExecutor$DelayedWorkQueue.take(ScheduledThreadPoolExecutor.java:809)
        at java.util.concurrent.ThreadPoolExecutor.getTask(ThreadPoolExecutor.java:1074)
        at java.util.concurrent.ThreadPoolExecutor.runWorker(ThreadPoolExecutor.java:1134)
        at java.util.concurrent.ThreadPoolExecutor$Worker.run(ThreadPoolExecutor.java:624)
        at java.lang.Thread.run(Thread.java:750)
"IPC Server handler 2 on default port 38325" daemon prio=5 tid=48 timed_waiting
java.lang.Thread.State: TIMED_WAITING
        at sun.misc.Unsafe.park(Native Method)
        at java.util.concurrent.locks.LockSupport.parkNanos(LockSupport.java:215)
        at java.util.concurrent.locks.AbstractQueuedSynchronizer$ConditionObject.awaitNanos(AbstractQueuedSynchronizer.java:2078)
        at java.util.concurrent.LinkedBlockingQueue.poll(LinkedBlockingQueue.java:467)
        at org.apache.hadoop.ipc.CallQueueManager.take(CallQueueManager.java:317)
        at org.apache.hadoop.ipc.Server$Handler.run(Server.java:2942)
"timer3" daemon prio=5 tid=768 timed_waiting
java.lang.Thread.State: TIMED_WAITING
        at java.lang.Object.wait(Native Method)
        at java.util.TimerThread.mainLoop(Timer.java:552)
        at java.util.TimerThread.run(Timer.java:505)
"StaleRecoveringContainerScrubbingService#9" daemon prio=5 tid=1139 in Object.wait()
java.lang.Thread.State: WAITING (on object monitor)
        at sun.misc.Unsafe.park(Native Method)
        at java.util.concurrent.locks.LockSupport.park(LockSupport.java:175)
        at java.util.concurrent.locks.AbstractQueuedSynchronizer$ConditionObject.await(AbstractQueuedSynchronizer.java:2039)
        at java.util.concurrent.ScheduledThreadPoolExecutor$DelayedWorkQueue.take(ScheduledThreadPoolExecutor.java:1088)
        at java.util.concurrent.ScheduledThreadPoolExecutor$DelayedWorkQueue.take(ScheduledThreadPoolExecutor.java:809)
        at java.util.concurrent.ThreadPoolExecutor.getTask(ThreadPoolExecutor.java:1074)
        at java.util.concurrent.ThreadPoolExecutor.runWorker(ThreadPoolExecutor.java:1134)
        at java.util.concurrent.ThreadPoolExecutor$Worker.run(ThreadPoolExecutor.java:624)
        at java.lang.Thread.run(Thread.java:750)
"StaleRecoveringContainerScrubbingService#9" daemon prio=5 tid=1147 in Object.wait()
java.lang.Thread.State: WAITING (on object monitor)
        at sun.misc.Unsafe.park(Native Method)
        at java.util.concurrent.locks.LockSupport.park(LockSupport.java:175)
        at java.util.concurrent.locks.AbstractQueuedSynchronizer$ConditionObject.await(AbstractQueuedSynchronizer.java:2039)
        at java.util.concurrent.ScheduledThreadPoolExecutor$DelayedWorkQueue.take(ScheduledThreadPoolExecutor.java:1088)
        at java.util.concurrent.ScheduledThreadPoolExecutor$DelayedWorkQueue.take(ScheduledThreadPoolExecutor.java:809)
        at java.util.concurrent.ThreadPoolExecutor.getTask(ThreadPoolExecutor.java:1074)
        at java.util.concurrent.ThreadPoolExecutor.runWorker(ThreadPoolExecutor.java:1134)
        at java.util.concurrent.ThreadPoolExecutor$Worker.run(ThreadPoolExecutor.java:624)
        at java.lang.Thread.run(Thread.java:750)
"StaleRecoveringContainerScrubbingService#7" daemon prio=5 tid=1121 in Object.wait()
java.lang.Thread.State: WAITING (on object monitor)
        at sun.misc.Unsafe.park(Native Method)
        at java.util.concurrent.locks.LockSupport.park(LockSupport.java:175)
        at java.util.concurrent.locks.AbstractQueuedSynchronizer$ConditionObject.await(AbstractQueuedSynchronizer.java:2039)
        at java.util.concurrent.ScheduledThreadPoolExecutor$DelayedWorkQueue.take(ScheduledThreadPoolExecutor.java:1088)
        at java.util.concurrent.ScheduledThreadPoolExecutor$DelayedWorkQueue.take(ScheduledThreadPoolExecutor.java:809)
        at java.util.concurrent.ThreadPoolExecutor.getTask(ThreadPoolExecutor.java:1074)
        at java.util.concurrent.ThreadPoolExecutor.runWorker(ThreadPoolExecutor.java:1134)
        at java.util.concurrent.ThreadPoolExecutor$Worker.run(ThreadPoolExecutor.java:624)
        at java.lang.Thread.run(Thread.java:750)
"FixedThreadPoolWithAffinityExecutor-6-0" daemon prio=5 tid=41 timed_waiting
java.lang.Thread.State: TIMED_WAITING
        at sun.misc.Unsafe.park(Native Method)
        at java.util.concurrent.locks.LockSupport.parkNanos(LockSupport.java:215)
        at java.util.concurrent.locks.AbstractQueuedSynchronizer$ConditionObject.awaitNanos(AbstractQueuedSynchronizer.java:2078)
        at java.util.concurrent.LinkedBlockingQueue.poll(LinkedBlockingQueue.java:467)
        at org.apache.hadoop.hdds.scm.server.ContainerReportQueue.poll(ContainerReportQueue.java:266)
        at org.apache.hadoop.hdds.scm.server.ContainerReportQueue.poll(ContainerReportQueue.java:42)
        at org.apache.hadoop.hdds.server.events.FixedThreadPoolWithAffinityExecutor$ContainerReportProcessTask.run(FixedThreadPoolWithAffinityExecutor.java:248)
        at java.util.concurrent.Executors$RunnableAdapter.call(Executors.java:511)
        at java.util.concurrent.FutureTask.run(FutureTask.java:266)
        at java.util.concurrent.ThreadPoolExecutor.runWorker(ThreadPoolExecutor.java:1149)
        at java.util.concurrent.ThreadPoolExecutor$Worker.run(ThreadPoolExecutor.java:624)
        at java.lang.Thread.run(Thread.java:750)
"Command processor thread" daemon prio=5 tid=330 timed_waiting
java.lang.Thread.State: TIMED_WAITING
        at java.lang.Thread.sleep(Native Method)
        at org.apache.hadoop.ozone.container.common.statemachine.DatanodeStateMachine.lambda$initCommandHandlerThread$3(DatanodeStateMachine.java:641)
        at org.apache.hadoop.ozone.container.common.statemachine.DatanodeStateMachine$$Lambda$755/1195612276.run(Unknown Source)
        at java.lang.Thread.run(Thread.java:750)
"Datanode ReportManager Thread - 4" daemon prio=5 tid=368 timed_waiting
java.lang.Thread.State: TIMED_WAITING
        at sun.misc.Unsafe.park(Native Method)
        at java.util.concurrent.locks.LockSupport.parkNanos(LockSupport.java:215)
        at java.util.concurrent.locks.AbstractQueuedSynchronizer$ConditionObject.awaitNanos(AbstractQueuedSynchronizer.java:2078)
        at java.util.concurrent.ScheduledThreadPoolExecutor$DelayedWorkQueue.take(ScheduledThreadPoolExecutor.java:1093)
        at java.util.concurrent.ScheduledThreadPoolExecutor$DelayedWorkQueue.take(ScheduledThreadPoolExecutor.java:809)
        at java.util.concurrent.ThreadPoolExecutor.getTask(ThreadPoolExecutor.java:1074)
        at java.util.concurrent.ThreadPoolExecutor.runWorker(ThreadPoolExecutor.java:1134)
        at java.util.concurrent.ThreadPoolExecutor$Worker.run(ThreadPoolExecutor.java:624)
        at java.lang.Thread.run(Thread.java:750)
"ChunkReader-0" daemon prio=5 tid=816 in Object.wait()
java.lang.Thread.State: WAITING (on object monitor)
        at sun.misc.Unsafe.park(Native Method)
        at java.util.concurrent.locks.LockSupport.park(LockSupport.java:175)
        at java.util.concurrent.locks.AbstractQueuedSynchronizer$ConditionObject.await(AbstractQueuedSynchronizer.java:2039)
        at java.util.concurrent.LinkedBlockingQueue.take(LinkedBlockingQueue.java:442)
        at java.util.concurrent.ThreadPoolExecutor.getTask(ThreadPoolExecutor.java:1074)
        at java.util.concurrent.ThreadPoolExecutor.runWorker(ThreadPoolExecutor.java:1134)
        at java.util.concurrent.ThreadPoolExecutor$Worker.run(ThreadPoolExecutor.java:624)
        at java.lang.Thread.run(Thread.java:750)
"BlockDeletingService#0" daemon prio=5 tid=506 timed_waiting
java.lang.Thread.State: TIMED_WAITING
        at sun.misc.Unsafe.park(Native Method)
        at java.util.concurrent.locks.LockSupport.parkNanos(LockSupport.java:215)
        at java.util.concurrent.locks.AbstractQueuedSynchronizer$ConditionObject.awaitNanos(AbstractQueuedSynchronizer.java:2078)
        at java.util.concurrent.ScheduledThreadPoolExecutor$DelayedWorkQueue.take(ScheduledThreadPoolExecutor.java:1093)
        at java.util.concurrent.ScheduledThreadPoolExecutor$DelayedWorkQueue.take(ScheduledThreadPoolExecutor.java:809)
        at java.util.concurrent.ThreadPoolExecutor.getTask(ThreadPoolExecutor.java:1074)
        at java.util.concurrent.ThreadPoolExecutor.runWorker(ThreadPoolExecutor.java:1134)
        at java.util.concurrent.ThreadPoolExecutor$Worker.run(ThreadPoolExecutor.java:624)
        at java.lang.Thread.run(Thread.java:750)
"qtp1054778873-418" daemon prio=5 tid=418 runnable
java.lang.Thread.State: RUNNABLE
        at sun.nio.ch.EPollArrayWrapper.epollWait(Native Method)
        at sun.nio.ch.EPollArrayWrapper.poll(EPollArrayWrapper.java:269)
        at sun.nio.ch.EPollSelectorImpl.doSelect(EPollSelectorImpl.java:93)
        at sun.nio.ch.SelectorImpl.lockAndDoSelect(SelectorImpl.java:86)
        at sun.nio.ch.SelectorImpl.select(SelectorImpl.java:97)
        at sun.nio.ch.SelectorImpl.select(SelectorImpl.java:101)
        at org.eclipse.jetty.io.ManagedSelector.nioSelect(ManagedSelector.java:183)
        at org.eclipse.jetty.io.ManagedSelector.select(ManagedSelector.java:190)
        at org.eclipse.jetty.io.ManagedSelector$SelectorProducer.select(ManagedSelector.java:606)
        at org.eclipse.jetty.io.ManagedSelector$SelectorProducer.produce(ManagedSelector.java:543)
        at org.eclipse.jetty.util.thread.strategy.EatWhatYouKill.produceTask(EatWhatYouKill.java:362)
        at org.eclipse.jetty.util.thread.strategy.EatWhatYouKill.doProduce(EatWhatYouKill.java:186)
        at org.eclipse.jetty.util.thread.strategy.EatWhatYouKill.tryProduce(EatWhatYouKill.java:173)
        at org.eclipse.jetty.util.thread.strategy.EatWhatYouKill.produce(EatWhatYouKill.java:137)
        at org.eclipse.jetty.io.ManagedSelector$$Lambda$444/2093474881.run(Unknown Source)
        at org.eclipse.jetty.util.thread.QueuedThreadPool.runJob(QueuedThreadPool.java:883)
        at org.eclipse.jetty.util.thread.QueuedThreadPool$Runner.run(QueuedThreadPool.java:1034)
        at java.lang.Thread.run(Thread.java:750)
"IPC Server handler 17 on default port 44149" daemon prio=5 tid=170 timed_waiting
java.lang.Thread.State: TIMED_WAITING
        at sun.misc.Unsafe.park(Native Method)
        at java.util.concurrent.locks.LockSupport.parkNanos(LockSupport.java:215)
        at java.util.concurrent.locks.AbstractQueuedSynchronizer$ConditionObject.awaitNanos(AbstractQueuedSynchronizer.java:2078)
        at java.util.concurrent.LinkedBlockingQueue.poll(LinkedBlockingQueue.java:467)
        at org.apache.hadoop.ipc.CallQueueManager.take(CallQueueManager.java:317)
        at org.apache.hadoop.ipc.Server$Handler.run(Server.java:2942)
"ChunkReader-1" daemon prio=5 tid=825 in Object.wait()
java.lang.Thread.State: WAITING (on object monitor)
        at sun.misc.Unsafe.park(Native Method)
        at java.util.concurrent.locks.LockSupport.park(LockSupport.java:175)
        at java.util.concurrent.locks.AbstractQueuedSynchronizer$ConditionObject.await(AbstractQueuedSynchronizer.java:2039)
        at java.util.concurrent.LinkedBlockingQueue.take(LinkedBlockingQueue.java:442)
        at java.util.concurrent.ThreadPoolExecutor.getTask(ThreadPoolExecutor.java:1074)
        at java.util.concurrent.ThreadPoolExecutor.runWorker(ThreadPoolExecutor.java:1134)
        at java.util.concurrent.ThreadPoolExecutor$Worker.run(ThreadPoolExecutor.java:624)
        at java.lang.Thread.run(Thread.java:750)
"qtp1512974477-350" daemon prio=5 tid=350 timed_waiting
java.lang.Thread.State: TIMED_WAITING
        at sun.misc.Unsafe.park(Native Method)
        at java.util.concurrent.locks.LockSupport.parkNanos(LockSupport.java:215)
        at java.util.concurrent.locks.AbstractQueuedSynchronizer$ConditionObject.awaitNanos(AbstractQueuedSynchronizer.java:2078)
        at org.eclipse.jetty.util.BlockingArrayQueue.poll(BlockingArrayQueue.java:382)
        at org.eclipse.jetty.util.thread.QueuedThreadPool$Runner.idleJobPoll(QueuedThreadPool.java:974)
        at org.eclipse.jetty.util.thread.QueuedThreadPool$Runner.run(QueuedThreadPool.java:1018)
        at java.lang.Thread.run(Thread.java:750)
"ChunkReader-ELG-0" daemon prio=5 tid=396 runnable
java.lang.Thread.State: RUNNABLE
        at org.apache.ratis.thirdparty.io.netty.channel.epoll.Native.epollWait(Native Method)
        at org.apache.ratis.thirdparty.io.netty.channel.epoll.Native.epollWait(Native.java:209)
        at org.apache.ratis.thirdparty.io.netty.channel.epoll.Native.epollWait(Native.java:202)
        at org.apache.ratis.thirdparty.io.netty.channel.epoll.EpollEventLoop.epollWaitNoTimerChange(EpollEventLoop.java:294)
        at org.apache.ratis.thirdparty.io.netty.channel.epoll.EpollEventLoop.run(EpollEventLoop.java:351)
        at org.apache.ratis.thirdparty.io.netty.util.concurrent.SingleThreadEventExecutor$4.run(SingleThreadEventExecutor.java:995)
        at org.apache.ratis.thirdparty.io.netty.util.internal.ThreadExecutorMap$2.run(ThreadExecutorMap.java:74)
        at java.lang.Thread.run(Thread.java:750)
"qtp1970665441-115" daemon prio=5 tid=115 timed_waiting
java.lang.Thread.State: TIMED_WAITING
        at sun.misc.Unsafe.park(Native Method)
        at java.util.concurrent.locks.LockSupport.parkNanos(LockSupport.java:215)
        at java.util.concurrent.locks.AbstractQueuedSynchronizer$ConditionObject.awaitNanos(AbstractQueuedSynchronizer.java:2078)
        at org.eclipse.jetty.util.BlockingArrayQueue.poll(BlockingArrayQueue.java:382)
        at org.eclipse.jetty.util.thread.QueuedThreadPool$Runner.idleJobPoll(QueuedThreadPool.java:974)
        at org.eclipse.jetty.util.thread.QueuedThreadPool$Runner.run(QueuedThreadPool.java:1018)
        at java.lang.Thread.run(Thread.java:750)
"pool-156-thread-1" daemon prio=5 tid=284 timed_waiting
java.lang.Thread.State: TIMED_WAITING
        at sun.misc.Unsafe.park(Native Method)
        at java.util.concurrent.locks.LockSupport.parkNanos(LockSupport.java:215)
        at java.util.concurrent.locks.AbstractQueuedSynchronizer$ConditionObject.awaitNanos(AbstractQueuedSynchronizer.java:2078)
        at java.util.concurrent.ScheduledThreadPoolExecutor$DelayedWorkQueue.take(ScheduledThreadPoolExecutor.java:1093)
        at java.util.concurrent.ScheduledThreadPoolExecutor$DelayedWorkQueue.take(ScheduledThreadPoolExecutor.java:809)
        at java.util.concurrent.ThreadPoolExecutor.getTask(ThreadPoolExecutor.java:1074)
        at java.util.concurrent.ThreadPoolExecutor.runWorker(ThreadPoolExecutor.java:1134)
        at java.util.concurrent.ThreadPoolExecutor$Worker.run(ThreadPoolExecutor.java:624)
        at java.lang.Thread.run(Thread.java:750)
"IPC Server handler 19 on default port 42623" daemon prio=5 tid=105 timed_waiting
java.lang.Thread.State: TIMED_WAITING
        at sun.misc.Unsafe.park(Native Method)
        at java.util.concurrent.locks.LockSupport.parkNanos(LockSupport.java:215)
        at java.util.concurrent.locks.AbstractQueuedSynchronizer$ConditionObject.awaitNanos(AbstractQueuedSynchronizer.java:2078)
        at java.util.concurrent.LinkedBlockingQueue.poll(LinkedBlockingQueue.java:467)
        at org.apache.hadoop.ipc.CallQueueManager.take(CallQueueManager.java:317)
        at org.apache.hadoop.ipc.Server$Handler.run(Server.java:2942)
"StaleRecoveringContainerScrubbingService#8" daemon prio=5 tid=1130 in Object.wait()
java.lang.Thread.State: WAITING (on object monitor)
        at sun.misc.Unsafe.park(Native Method)
        at java.util.concurrent.locks.LockSupport.park(LockSupport.java:175)
        at java.util.concurrent.locks.AbstractQueuedSynchronizer$ConditionObject.await(AbstractQueuedSynchronizer.java:2039)
        at java.util.concurrent.ScheduledThreadPoolExecutor$DelayedWorkQueue.take(ScheduledThreadPoolExecutor.java:1088)
        at java.util.concurrent.ScheduledThreadPoolExecutor$DelayedWorkQueue.take(ScheduledThreadPoolExecutor.java:809)
        at java.util.concurrent.ThreadPoolExecutor.getTask(ThreadPoolExecutor.java:1074)
        at java.util.concurrent.ThreadPoolExecutor.runWorker(ThreadPoolExecutor.java:1134)
        at java.util.concurrent.ThreadPoolExecutor$Worker.run(ThreadPoolExecutor.java:624)
        at java.lang.Thread.run(Thread.java:750)
"2497daeb-967d-49ad-8f28-1297e8c4c732-server-thread3" daemon prio=5 tid=913 timed_waiting
java.lang.Thread.State: TIMED_WAITING
        at sun.misc.Unsafe.park(Native Method)
        at java.util.concurrent.locks.LockSupport.parkNanos(LockSupport.java:215)
        at java.util.concurrent.SynchronousQueue$TransferStack.awaitFulfill(SynchronousQueue.java:460)
        at java.util.concurrent.SynchronousQueue$TransferStack.transfer(SynchronousQueue.java:362)
        at java.util.concurrent.SynchronousQueue.poll(SynchronousQueue.java:941)
        at java.util.concurrent.ThreadPoolExecutor.getTask(ThreadPoolExecutor.java:1073)
        at java.util.concurrent.ThreadPoolExecutor.runWorker(ThreadPoolExecutor.java:1134)
        at java.util.concurrent.ThreadPoolExecutor$Worker.run(ThreadPoolExecutor.java:624)
        at java.lang.Thread.run(Thread.java:750)
"StaleRecoveringContainerScrubbingService#0" daemon prio=5 tid=360 in Object.wait()
java.lang.Thread.State: WAITING (on object monitor)
        at sun.misc.Unsafe.park(Native Method)
        at java.util.concurrent.locks.LockSupport.park(LockSupport.java:175)
        at java.util.concurrent.locks.AbstractQueuedSynchronizer$ConditionObject.await(AbstractQueuedSynchronizer.java:2039)
        at java.util.concurrent.ScheduledThreadPoolExecutor$DelayedWorkQueue.take(ScheduledThreadPoolExecutor.java:1088)
        at java.util.concurrent.ScheduledThreadPoolExecutor$DelayedWorkQueue.take(ScheduledThreadPoolExecutor.java:809)
        at java.util.concurrent.ThreadPoolExecutor.getTask(ThreadPoolExecutor.java:1074)
        at java.util.concurrent.ThreadPoolExecutor.runWorker(ThreadPoolExecutor.java:1134)
        at java.util.concurrent.ThreadPoolExecutor$Worker.run(ThreadPoolExecutor.java:624)
        at java.lang.Thread.run(Thread.java:750)
"Periodic HDDS volume checker" daemon prio=5 tid=308 timed_waiting
java.lang.Thread.State: TIMED_WAITING
        at sun.misc.Unsafe.park(Native Method)
        at java.util.concurrent.locks.LockSupport.parkNanos(LockSupport.java:215)
        at java.util.concurrent.locks.AbstractQueuedSynchronizer$ConditionObject.awaitNanos(AbstractQueuedSynchronizer.java:2078)
        at java.util.concurrent.ScheduledThreadPoolExecutor$DelayedWorkQueue.take(ScheduledThreadPoolExecutor.java:1093)
        at java.util.concurrent.ScheduledThreadPoolExecutor$DelayedWorkQueue.take(ScheduledThreadPoolExecutor.java:809)
        at java.util.concurrent.ThreadPoolExecutor.getTask(ThreadPoolExecutor.java:1074)
        at java.util.concurrent.ThreadPoolExecutor.runWorker(ThreadPoolExecutor.java:1134)
        at java.util.concurrent.ThreadPoolExecutor$Worker.run(ThreadPoolExecutor.java:624)
        at java.lang.Thread.run(Thread.java:750)
"IPC Server handler 18 on default port 38325" daemon prio=5 tid=64 timed_waiting
java.lang.Thread.State: TIMED_WAITING
        at sun.misc.Unsafe.park(Native Method)
        at java.util.concurrent.locks.LockSupport.parkNanos(LockSupport.java:215)
        at java.util.concurrent.locks.AbstractQueuedSynchronizer$ConditionObject.awaitNanos(AbstractQueuedSynchronizer.java:2078)
        at java.util.concurrent.LinkedBlockingQueue.poll(LinkedBlockingQueue.java:467)
        at org.apache.hadoop.ipc.CallQueueManager.take(CallQueueManager.java:317)
        at org.apache.hadoop.ipc.Server$Handler.run(Server.java:2942)
"470e2686-24c9-4e42-bae6-1f3a72650c76@group-86C4A20D7C89-StateMachineUpdater" daemon prio=5 tid=634 timed_waiting
java.lang.Thread.State: TIMED_WAITING
        at sun.misc.Unsafe.park(Native Method)
        at java.util.concurrent.locks.LockSupport.parkNanos(LockSupport.java:215)
        at java.util.concurrent.locks.AbstractQueuedSynchronizer$ConditionObject.await(AbstractQueuedSynchronizer.java:2163)
        at org.apache.ratis.util.AwaitForSignal.await(AwaitForSignal.java:62)
        at org.apache.ratis.server.impl.StateMachineUpdater.waitForCommit(StateMachineUpdater.java:207)
        at org.apache.ratis.server.impl.StateMachineUpdater.run(StateMachineUpdater.java:176)
        at java.lang.Thread.run(Thread.java:750)
"470e2686-24c9-4e42-bae6-1f3a72650c76@group-8751AA67DF99-FollowerState" daemon prio=5 tid=787 timed_waiting
java.lang.Thread.State: TIMED_WAITING
        at java.lang.Thread.sleep(Native Method)
        at java.lang.Thread.sleep(Thread.java:342)
        at java.util.concurrent.TimeUnit.sleep(TimeUnit.java:386)
        at org.apache.ratis.util.TimeDuration.sleep(TimeDuration.java:325)
        at org.apache.ratis.util.TimeDuration.sleep(TimeDuration.java:310)
        at org.apache.ratis.server.impl.FollowerState.run(FollowerState.java:128)
"2497daeb-967d-49ad-8f28-1297e8c4c732-server-thread2" daemon prio=5 tid=912 timed_waiting
java.lang.Thread.State: TIMED_WAITING
        at sun.misc.Unsafe.park(Native Method)
        at java.util.concurrent.locks.LockSupport.parkNanos(LockSupport.java:215)
        at java.util.concurrent.SynchronousQueue$TransferStack.awaitFulfill(SynchronousQueue.java:460)
        at java.util.concurrent.SynchronousQueue$TransferStack.transfer(SynchronousQueue.java:362)
        at java.util.concurrent.SynchronousQueue.poll(SynchronousQueue.java:941)
        at java.util.concurrent.ThreadPoolExecutor.getTask(ThreadPoolExecutor.java:1073)
        at java.util.concurrent.ThreadPoolExecutor.runWorker(ThreadPoolExecutor.java:1134)
        at java.util.concurrent.ThreadPoolExecutor$Worker.run(ThreadPoolExecutor.java:624)
        at java.lang.Thread.run(Thread.java:750)
"Datanode ReportManager Thread - 1" daemon prio=5 tid=274 in Object.wait()
java.lang.Thread.State: WAITING (on object monitor)
        at sun.misc.Unsafe.park(Native Method)
        at java.util.concurrent.locks.LockSupport.park(LockSupport.java:175)
        at java.util.concurrent.locks.AbstractQueuedSynchronizer$ConditionObject.await(AbstractQueuedSynchronizer.java:2039)
        at java.util.concurrent.ScheduledThreadPoolExecutor$DelayedWorkQueue.take(ScheduledThreadPoolExecutor.java:1088)
        at java.util.concurrent.ScheduledThreadPoolExecutor$DelayedWorkQueue.take(ScheduledThreadPoolExecutor.java:809)
        at java.util.concurrent.ThreadPoolExecutor.getTask(ThreadPoolExecutor.java:1074)
        at java.util.concurrent.ThreadPoolExecutor.runWorker(ThreadPoolExecutor.java:1134)
        at java.util.concurrent.ThreadPoolExecutor$Worker.run(ThreadPoolExecutor.java:624)
        at java.lang.Thread.run(Thread.java:750)
"ChunkWriter-1-0" daemon prio=5 tid=519 in Object.wait()
java.lang.Thread.State: WAITING (on object monitor)
        at sun.misc.Unsafe.park(Native Method)
        at java.util.concurrent.locks.LockSupport.park(LockSupport.java:175)
        at java.util.concurrent.locks.AbstractQueuedSynchronizer$ConditionObject.await(AbstractQueuedSynchronizer.java:2039)
        at java.util.concurrent.LinkedBlockingDeque.takeFirst(LinkedBlockingDeque.java:492)
        at java.util.concurrent.LinkedBlockingDeque.take(LinkedBlockingDeque.java:680)
        at java.util.concurrent.ThreadPoolExecutor.getTask(ThreadPoolExecutor.java:1074)
        at java.util.concurrent.ThreadPoolExecutor.runWorker(ThreadPoolExecutor.java:1134)
        at java.util.concurrent.ThreadPoolExecutor$Worker.run(ThreadPoolExecutor.java:624)
        at java.lang.Thread.run(Thread.java:750)
"StaleRecoveringContainerScrubbingService#2" daemon prio=5 tid=683 timed_waiting
java.lang.Thread.State: TIMED_WAITING
        at sun.misc.Unsafe.park(Native Method)
        at java.util.concurrent.locks.LockSupport.parkNanos(LockSupport.java:215)
        at java.util.concurrent.locks.AbstractQueuedSynchronizer$ConditionObject.awaitNanos(AbstractQueuedSynchronizer.java:2078)
        at java.util.concurrent.ScheduledThreadPoolExecutor$DelayedWorkQueue.take(ScheduledThreadPoolExecutor.java:1093)
        at java.util.concurrent.ScheduledThreadPoolExecutor$DelayedWorkQueue.take(ScheduledThreadPoolExecutor.java:809)
        at java.util.concurrent.ThreadPoolExecutor.getTask(ThreadPoolExecutor.java:1074)
        at java.util.concurrent.ThreadPoolExecutor.runWorker(ThreadPoolExecutor.java:1134)
        at java.util.concurrent.ThreadPoolExecutor$Worker.run(ThreadPoolExecutor.java:624)
        at java.lang.Thread.run(Thread.java:750)
"ChunkReader-0" daemon prio=5 tid=815 in Object.wait()
java.lang.Thread.State: WAITING (on object monitor)
        at sun.misc.Unsafe.park(Native Method)
        at java.util.concurrent.locks.LockSupport.park(LockSupport.java:175)
        at java.util.concurrent.locks.AbstractQueuedSynchronizer$ConditionObject.await(AbstractQueuedSynchronizer.java:2039)
        at java.util.concurrent.LinkedBlockingQueue.take(LinkedBlockingQueue.java:442)
        at java.util.concurrent.ThreadPoolExecutor.getTask(ThreadPoolExecutor.java:1074)
        at java.util.concurrent.ThreadPoolExecutor.runWorker(ThreadPoolExecutor.java:1134)
        at java.util.concurrent.ThreadPoolExecutor$Worker.run(ThreadPoolExecutor.java:624)
        at java.lang.Thread.run(Thread.java:750)
"cc93147f-bc2d-4803-9a7c-bfa6df100165@group-86C4A20D7C89-FollowerState" daemon prio=5 tid=887 timed_waiting
java.lang.Thread.State: TIMED_WAITING
        at java.lang.Thread.sleep(Native Method)
        at java.lang.Thread.sleep(Thread.java:342)
        at java.util.concurrent.TimeUnit.sleep(TimeUnit.java:386)
        at org.apache.ratis.util.TimeDuration.sleep(TimeDuration.java:325)
        at org.apache.ratis.util.TimeDuration.sleep(TimeDuration.java:310)
        at org.apache.ratis.server.impl.FollowerState.run(FollowerState.java:128)
"IPC Server handler 19 on default port 44149" daemon prio=5 tid=172 timed_waiting
java.lang.Thread.State: TIMED_WAITING
        at sun.misc.Unsafe.park(Native Method)
        at java.util.concurrent.locks.LockSupport.parkNanos(LockSupport.java:215)
        at java.util.concurrent.locks.AbstractQueuedSynchronizer$ConditionObject.awaitNanos(AbstractQueuedSynchronizer.java:2078)
        at java.util.concurrent.LinkedBlockingQueue.poll(LinkedBlockingQueue.java:467)
        at org.apache.hadoop.ipc.CallQueueManager.take(CallQueueManager.java:317)
        at org.apache.hadoop.ipc.Server$Handler.run(Server.java:2942)
"470e2686-24c9-4e42-bae6-1f3a72650c76@group-B0F69B97C3D3-SegmentedRaftLogWorker"  prio=5 tid=599 timed_waiting
java.lang.Thread.State: TIMED_WAITING
        at sun.misc.Unsafe.park(Native Method)
        at java.util.concurrent.locks.LockSupport.parkNanos(LockSupport.java:215)
        at java.util.concurrent.locks.AbstractQueuedSynchronizer$ConditionObject.awaitNanos(AbstractQueuedSynchronizer.java:2078)
        at org.apache.ratis.util.DataBlockingQueue.poll(DataBlockingQueue.java:148)
        at org.apache.ratis.server.raftlog.segmented.SegmentedRaftLogWorker.run(SegmentedRaftLogWorker.java:312)
        at org.apache.ratis.server.raftlog.segmented.SegmentedRaftLogWorker$$Lambda$667/1522169736.run(Unknown Source)
        at java.lang.Thread.run(Thread.java:750)
"qtp1512974477-347" daemon prio=5 tid=347 timed_waiting
java.lang.Thread.State: TIMED_WAITING
        at sun.misc.Unsafe.park(Native Method)
        at java.util.concurrent.locks.LockSupport.parkNanos(LockSupport.java:215)
        at java.util.concurrent.locks.AbstractQueuedSynchronizer$ConditionObject.awaitNanos(AbstractQueuedSynchronizer.java:2078)
        at org.eclipse.jetty.util.BlockingArrayQueue.poll(BlockingArrayQueue.java:382)
        at org.eclipse.jetty.util.thread.QueuedThreadPool$Runner.idleJobPoll(QueuedThreadPool.java:974)
        at org.eclipse.jetty.util.thread.QueuedThreadPool$Runner.run(QueuedThreadPool.java:1018)
        at java.lang.Thread.run(Thread.java:750)
"DeleteContainerThread-0"  prio=5 tid=1061 in Object.wait()
java.lang.Thread.State: WAITING (on object monitor)
        at sun.misc.Unsafe.park(Native Method)
        at java.util.concurrent.locks.LockSupport.park(LockSupport.java:175)
        at java.util.concurrent.locks.AbstractQueuedSynchronizer$ConditionObject.await(AbstractQueuedSynchronizer.java:2039)
        at java.util.concurrent.LinkedBlockingQueue.take(LinkedBlockingQueue.java:442)
        at java.util.concurrent.ThreadPoolExecutor.getTask(ThreadPoolExecutor.java:1074)
        at java.util.concurrent.ThreadPoolExecutor.runWorker(ThreadPoolExecutor.java:1134)
        at java.util.concurrent.ThreadPoolExecutor$Worker.run(ThreadPoolExecutor.java:624)
        at java.lang.Thread.run(Thread.java:750)
"PartialTableCache Cleanup Thread - 0" daemon prio=5 tid=810 in Object.wait()
java.lang.Thread.State: WAITING (on object monitor)
        at sun.misc.Unsafe.park(Native Method)
        at java.util.concurrent.locks.LockSupport.park(LockSupport.java:175)
        at java.util.concurrent.locks.AbstractQueuedSynchronizer$ConditionObject.await(AbstractQueuedSynchronizer.java:2039)
        at java.util.concurrent.LinkedBlockingQueue.take(LinkedBlockingQueue.java:442)
        at java.util.concurrent.ThreadPoolExecutor.getTask(ThreadPoolExecutor.java:1074)
        at java.util.concurrent.ThreadPoolExecutor.runWorker(ThreadPoolExecutor.java:1134)
        at java.util.concurrent.ThreadPoolExecutor$Worker.run(ThreadPoolExecutor.java:624)
        at java.lang.Thread.run(Thread.java:750)
"qtp1970665441-114" daemon prio=5 tid=114 timed_waiting
java.lang.Thread.State: TIMED_WAITING
        at sun.misc.Unsafe.park(Native Method)
        at java.util.concurrent.locks.LockSupport.parkNanos(LockSupport.java:215)
        at java.util.concurrent.locks.AbstractQueuedSynchronizer$ConditionObject.awaitNanos(AbstractQueuedSynchronizer.java:2078)
        at org.eclipse.jetty.util.BlockingArrayQueue.poll(BlockingArrayQueue.java:382)
        at org.eclipse.jetty.util.thread.QueuedThreadPool$Runner.idleJobPoll(QueuedThreadPool.java:974)
        at org.eclipse.jetty.util.thread.QueuedThreadPool$Runner.run(QueuedThreadPool.java:1018)
        at java.lang.Thread.run(Thread.java:750)
"StaleRecoveringContainerScrubbingService#7" daemon prio=5 tid=1123 in Object.wait()
java.lang.Thread.State: WAITING (on object monitor)
        at sun.misc.Unsafe.park(Native Method)
        at java.util.concurrent.locks.LockSupport.park(LockSupport.java:175)
        at java.util.concurrent.locks.AbstractQueuedSynchronizer$ConditionObject.await(AbstractQueuedSynchronizer.java:2039)
        at java.util.concurrent.ScheduledThreadPoolExecutor$DelayedWorkQueue.take(ScheduledThreadPoolExecutor.java:1088)
        at java.util.concurrent.ScheduledThreadPoolExecutor$DelayedWorkQueue.take(ScheduledThreadPoolExecutor.java:809)
        at java.util.concurrent.ThreadPoolExecutor.getTask(ThreadPoolExecutor.java:1074)
        at java.util.concurrent.ThreadPoolExecutor.runWorker(ThreadPoolExecutor.java:1134)
        at java.util.concurrent.ThreadPoolExecutor$Worker.run(ThreadPoolExecutor.java:624)
        at java.lang.Thread.run(Thread.java:750)
"StaleRecoveringContainerScrubbingService#8" daemon prio=5 tid=1131 in Object.wait()
java.lang.Thread.State: WAITING (on object monitor)
        at sun.misc.Unsafe.park(Native Method)
        at java.util.concurrent.locks.LockSupport.park(LockSupport.java:175)
        at java.util.concurrent.locks.AbstractQueuedSynchronizer$ConditionObject.await(AbstractQueuedSynchronizer.java:2039)
        at java.util.concurrent.ScheduledThreadPoolExecutor$DelayedWorkQueue.take(ScheduledThreadPoolExecutor.java:1088)
        at java.util.concurrent.ScheduledThreadPoolExecutor$DelayedWorkQueue.take(ScheduledThreadPoolExecutor.java:809)
        at java.util.concurrent.ThreadPoolExecutor.getTask(ThreadPoolExecutor.java:1074)
        at java.util.concurrent.ThreadPoolExecutor.runWorker(ThreadPoolExecutor.java:1134)
        at java.util.concurrent.ThreadPoolExecutor$Worker.run(ThreadPoolExecutor.java:624)
        at java.lang.Thread.run(Thread.java:750)
"EndpointStateMachine task thread for /0.0.0.0:42623 - 0 "  prio=5 tid=339 in Object.wait()
java.lang.Thread.State: WAITING (on object monitor)
        at sun.misc.Unsafe.park(Native Method)
        at java.util.concurrent.locks.LockSupport.park(LockSupport.java:175)
        at java.util.concurrent.locks.AbstractQueuedSynchronizer$ConditionObject.await(AbstractQueuedSynchronizer.java:2039)
        at java.util.concurrent.LinkedBlockingQueue.take(LinkedBlockingQueue.java:442)
        at java.util.concurrent.ThreadPoolExecutor.getTask(ThreadPoolExecutor.java:1074)
        at java.util.concurrent.ThreadPoolExecutor.runWorker(ThreadPoolExecutor.java:1134)
        at java.util.concurrent.ThreadPoolExecutor$Worker.run(ThreadPoolExecutor.java:624)
        at java.lang.Thread.run(Thread.java:750)
"grpc-default-worker-ELG-3-2" daemon prio=5 tid=576 runnable
java.lang.Thread.State: RUNNABLE
        at org.apache.ratis.thirdparty.io.netty.channel.epoll.Native.epollWait0(Native Method)
        at org.apache.ratis.thirdparty.io.netty.channel.epoll.Native.epollWait(Native.java:182)
        at org.apache.ratis.thirdparty.io.netty.channel.epoll.EpollEventLoop.epollWait(EpollEventLoop.java:290)
        at org.apache.ratis.thirdparty.io.netty.channel.epoll.EpollEventLoop.run(EpollEventLoop.java:354)
        at org.apache.ratis.thirdparty.io.netty.util.concurrent.SingleThreadEventExecutor$4.run(SingleThreadEventExecutor.java:995)
        at org.apache.ratis.thirdparty.io.netty.util.internal.ThreadExecutorMap$2.run(ThreadExecutorMap.java:74)
        at org.apache.ratis.thirdparty.io.netty.util.concurrent.FastThreadLocalRunnable.run(FastThreadLocalRunnable.java:30)
        at java.lang.Thread.run(Thread.java:750)
"BlockDeletingService#0" daemon prio=5 tid=524 timed_waiting
java.lang.Thread.State: TIMED_WAITING
        at sun.misc.Unsafe.park(Native Method)
        at java.util.concurrent.locks.LockSupport.parkNanos(LockSupport.java:215)
        at java.util.concurrent.locks.AbstractQueuedSynchronizer$ConditionObject.awaitNanos(AbstractQueuedSynchronizer.java:2078)
        at java.util.concurrent.ScheduledThreadPoolExecutor$DelayedWorkQueue.take(ScheduledThreadPoolExecutor.java:1093)
        at java.util.concurrent.ScheduledThreadPoolExecutor$DelayedWorkQueue.take(ScheduledThreadPoolExecutor.java:809)
        at java.util.concurrent.ThreadPoolExecutor.getTask(ThreadPoolExecutor.java:1074)
        at java.util.concurrent.ThreadPoolExecutor.runWorker(ThreadPoolExecutor.java:1134)
        at java.util.concurrent.ThreadPoolExecutor$Worker.run(ThreadPoolExecutor.java:624)
        at java.lang.Thread.run(Thread.java:750)
"StaleRecoveringContainerScrubbingService#4" daemon prio=5 tid=932 in Object.wait()
java.lang.Thread.State: WAITING (on object monitor)
        at sun.misc.Unsafe.park(Native Method)
        at java.util.concurrent.locks.LockSupport.park(LockSupport.java:175)
        at java.util.concurrent.locks.AbstractQueuedSynchronizer$ConditionObject.await(AbstractQueuedSynchronizer.java:2039)
        at java.util.concurrent.ScheduledThreadPoolExecutor$DelayedWorkQueue.take(ScheduledThreadPoolExecutor.java:1088)
        at java.util.concurrent.ScheduledThreadPoolExecutor$DelayedWorkQueue.take(ScheduledThreadPoolExecutor.java:809)
        at java.util.concurrent.ThreadPoolExecutor.getTask(ThreadPoolExecutor.java:1074)
        at java.util.concurrent.ThreadPoolExecutor.runWorker(ThreadPoolExecutor.java:1134)
        at java.util.concurrent.ThreadPoolExecutor$Worker.run(ThreadPoolExecutor.java:624)
        at java.lang.Thread.run(Thread.java:750)
"qtp1970665441-109" daemon prio=5 tid=109 runnable
java.lang.Thread.State: RUNNABLE
        at sun.nio.ch.EPollArrayWrapper.epollWait(Native Method)
        at sun.nio.ch.EPollArrayWrapper.poll(EPollArrayWrapper.java:269)
        at sun.nio.ch.EPollSelectorImpl.doSelect(EPollSelectorImpl.java:93)
        at sun.nio.ch.SelectorImpl.lockAndDoSelect(SelectorImpl.java:86)
        at sun.nio.ch.SelectorImpl.select(SelectorImpl.java:97)
        at sun.nio.ch.SelectorImpl.select(SelectorImpl.java:101)
        at org.eclipse.jetty.io.ManagedSelector.nioSelect(ManagedSelector.java:183)
        at org.eclipse.jetty.io.ManagedSelector.select(ManagedSelector.java:190)
        at org.eclipse.jetty.io.ManagedSelector$SelectorProducer.select(ManagedSelector.java:606)
        at org.eclipse.jetty.io.ManagedSelector$SelectorProducer.produce(ManagedSelector.java:543)
        at org.eclipse.jetty.util.thread.strategy.EatWhatYouKill.produceTask(EatWhatYouKill.java:362)
        at org.eclipse.jetty.util.thread.strategy.EatWhatYouKill.doProduce(EatWhatYouKill.java:186)
        at org.eclipse.jetty.util.thread.strategy.EatWhatYouKill.tryProduce(EatWhatYouKill.java:173)
        at org.eclipse.jetty.util.thread.strategy.EatWhatYouKill.produce(EatWhatYouKill.java:137)
        at org.eclipse.jetty.io.ManagedSelector$$Lambda$444/2093474881.run(Unknown Source)
        at org.eclipse.jetty.util.thread.QueuedThreadPool.runJob(QueuedThreadPool.java:883)
        at org.eclipse.jetty.util.thread.QueuedThreadPool$Runner.run(QueuedThreadPool.java:1034)
        at java.lang.Thread.run(Thread.java:750)
"Finalizer" daemon prio=8 tid=3 in Object.wait()
java.lang.Thread.State: WAITING (on object monitor)
        at java.lang.Object.wait(Native Method)
        at java.lang.ref.ReferenceQueue.remove(ReferenceQueue.java:144)
        at java.lang.ref.ReferenceQueue.remove(ReferenceQueue.java:165)
        at java.lang.ref.Finalizer$FinalizerThread.run(Finalizer.java:188)
"EventQueue-PipelineReportForOneReplicaPipelineSafeModeRule" daemon prio=5 tid=513 in Object.wait()
java.lang.Thread.State: WAITING (on object monitor)
        at sun.misc.Unsafe.park(Native Method)
        at java.util.concurrent.locks.LockSupport.park(LockSupport.java:175)
        at java.util.concurrent.locks.AbstractQueuedSynchronizer$ConditionObject.await(AbstractQueuedSynchronizer.java:2039)
        at java.util.concurrent.LinkedBlockingQueue.take(LinkedBlockingQueue.java:442)
        at java.util.concurrent.ThreadPoolExecutor.getTask(ThreadPoolExecutor.java:1074)
        at java.util.concurrent.ThreadPoolExecutor.runWorker(ThreadPoolExecutor.java:1134)
        at java.util.concurrent.ThreadPoolExecutor$Worker.run(ThreadPoolExecutor.java:624)
        at java.lang.Thread.run(Thread.java:750)
"ChunkWriter-3-0" daemon prio=5 tid=503 in Object.wait()
java.lang.Thread.State: WAITING (on object monitor)
        at sun.misc.Unsafe.park(Native Method)
        at java.util.concurrent.locks.LockSupport.park(LockSupport.java:175)
        at java.util.concurrent.locks.AbstractQueuedSynchronizer$ConditionObject.await(AbstractQueuedSynchronizer.java:2039)
        at java.util.concurrent.LinkedBlockingDeque.takeFirst(LinkedBlockingDeque.java:492)
        at java.util.concurrent.LinkedBlockingDeque.take(LinkedBlockingDeque.java:680)
        at java.util.concurrent.ThreadPoolExecutor.getTask(ThreadPoolExecutor.java:1074)
        at java.util.concurrent.ThreadPoolExecutor.runWorker(ThreadPoolExecutor.java:1134)
        at java.util.concurrent.ThreadPoolExecutor$Worker.run(ThreadPoolExecutor.java:624)
        at java.lang.Thread.run(Thread.java:750)
"ChunkReader-4" daemon prio=5 tid=835 in Object.wait()
java.lang.Thread.State: WAITING (on object monitor)
        at sun.misc.Unsafe.park(Native Method)
        at java.util.concurrent.locks.LockSupport.park(LockSupport.java:175)
        at java.util.concurrent.locks.AbstractQueuedSynchronizer$ConditionObject.await(AbstractQueuedSynchronizer.java:2039)
        at java.util.concurrent.LinkedBlockingQueue.take(LinkedBlockingQueue.java:442)
        at java.util.concurrent.ThreadPoolExecutor.getTask(ThreadPoolExecutor.java:1074)
        at java.util.concurrent.ThreadPoolExecutor.runWorker(ThreadPoolExecutor.java:1134)
        at java.util.concurrent.ThreadPoolExecutor$Worker.run(ThreadPoolExecutor.java:624)
        at java.lang.Thread.run(Thread.java:750)
"ChunkReader-8" daemon prio=5 tid=963 in Object.wait()
java.lang.Thread.State: WAITING (on object monitor)
        at sun.misc.Unsafe.park(Native Method)
        at java.util.concurrent.locks.LockSupport.park(LockSupport.java:175)
        at java.util.concurrent.locks.AbstractQueuedSynchronizer$ConditionObject.await(AbstractQueuedSynchronizer.java:2039)
        at java.util.concurrent.LinkedBlockingQueue.take(LinkedBlockingQueue.java:442)
        at java.util.concurrent.ThreadPoolExecutor.getTask(ThreadPoolExecutor.java:1074)
        at java.util.concurrent.ThreadPoolExecutor.runWorker(ThreadPoolExecutor.java:1134)
        at java.util.concurrent.ThreadPoolExecutor$Worker.run(ThreadPoolExecutor.java:624)
        at java.lang.Thread.run(Thread.java:750)
"pool-163-thread-1"  prio=5 tid=609 in Object.wait()
java.lang.Thread.State: WAITING (on object monitor)
        at sun.misc.Unsafe.park(Native Method)
        at java.util.concurrent.locks.LockSupport.park(LockSupport.java:175)
        at java.util.concurrent.locks.AbstractQueuedSynchronizer$ConditionObject.await(AbstractQueuedSynchronizer.java:2039)
        at java.util.concurrent.LinkedBlockingQueue.take(LinkedBlockingQueue.java:442)
        at java.util.concurrent.ThreadPoolExecutor.getTask(ThreadPoolExecutor.java:1074)
        at java.util.concurrent.ThreadPoolExecutor.runWorker(ThreadPoolExecutor.java:1134)
        at java.util.concurrent.ThreadPoolExecutor$Worker.run(ThreadPoolExecutor.java:624)
        at java.lang.Thread.run(Thread.java:750)
"org.apache.hadoop.util.JvmPauseMonitor$Monitor@4989e46f" daemon prio=5 tid=446 timed_waiting
java.lang.Thread.State: TIMED_WAITING
        at java.lang.Thread.sleep(Native Method)
        at org.apache.hadoop.util.JvmPauseMonitor$Monitor.run(JvmPauseMonitor.java:192)
        at java.lang.Thread.run(Thread.java:750)
"StaleRecoveringContainerScrubbingService#1" daemon prio=5 tid=552 in Object.wait()
java.lang.Thread.State: WAITING (on object monitor)
        at sun.misc.Unsafe.park(Native Method)
        at java.util.concurrent.locks.LockSupport.park(LockSupport.java:175)
        at java.util.concurrent.locks.AbstractQueuedSynchronizer$ConditionObject.await(AbstractQueuedSynchronizer.java:2039)
        at java.util.concurrent.ScheduledThreadPoolExecutor$DelayedWorkQueue.take(ScheduledThreadPoolExecutor.java:1088)
        at java.util.concurrent.ScheduledThreadPoolExecutor$DelayedWorkQueue.take(ScheduledThreadPoolExecutor.java:809)
        at java.util.concurrent.ThreadPoolExecutor.getTask(ThreadPoolExecutor.java:1074)
        at java.util.concurrent.ThreadPoolExecutor.runWorker(ThreadPoolExecutor.java:1134)
        at java.util.concurrent.ThreadPoolExecutor$Worker.run(ThreadPoolExecutor.java:624)
        at java.lang.Thread.run(Thread.java:750)
"qtp1712704558-184-acceptor-0@5596d483-ServerConnector@4eabb40b{HTTP/1.1, (http/1.1)}{0.0.0.0:38067}" daemon prio=3 tid=184 runnable
java.lang.Thread.State: RUNNABLE
        at sun.nio.ch.ServerSocketChannelImpl.accept0(Native Method)
        at sun.nio.ch.ServerSocketChannelImpl.accept(ServerSocketChannelImpl.java:421)
        at sun.nio.ch.ServerSocketChannelImpl.accept(ServerSocketChannelImpl.java:249)
        at org.eclipse.jetty.server.ServerConnector.accept(ServerConnector.java:388)
        at org.eclipse.jetty.server.AbstractConnector$Acceptor.run(AbstractConnector.java:704)
        at org.eclipse.jetty.util.thread.QueuedThreadPool.runJob(QueuedThreadPool.java:883)
        at org.eclipse.jetty.util.thread.QueuedThreadPool$Runner.run(QueuedThreadPool.java:1034)
        at java.lang.Thread.run(Thread.java:750)
"pool-179-thread-1" daemon prio=5 tid=310 timed_waiting
java.lang.Thread.State: TIMED_WAITING
        at sun.misc.Unsafe.park(Native Method)
        at java.util.concurrent.locks.LockSupport.parkNanos(LockSupport.java:215)
        at java.util.concurrent.locks.AbstractQueuedSynchronizer$ConditionObject.awaitNanos(AbstractQueuedSynchronizer.java:2078)
        at java.util.concurrent.ScheduledThreadPoolExecutor$DelayedWorkQueue.take(ScheduledThreadPoolExecutor.java:1093)
        at java.util.concurrent.ScheduledThreadPoolExecutor$DelayedWorkQueue.take(ScheduledThreadPoolExecutor.java:809)
        at java.util.concurrent.ThreadPoolExecutor.getTask(ThreadPoolExecutor.java:1074)
        at java.util.concurrent.ThreadPoolExecutor.runWorker(ThreadPoolExecutor.java:1134)
        at java.util.concurrent.ThreadPoolExecutor$Worker.run(ThreadPoolExecutor.java:624)
        at java.lang.Thread.run(Thread.java:750)
"2497daeb-967d-49ad-8f28-1297e8c4c732@group-E388FC27C872-StateMachineUpdater" daemon prio=5 tid=650 timed_waiting
java.lang.Thread.State: TIMED_WAITING
        at sun.misc.Unsafe.park(Native Method)
        at java.util.concurrent.locks.LockSupport.parkNanos(LockSupport.java:215)
        at java.util.concurrent.locks.AbstractQueuedSynchronizer$ConditionObject.await(AbstractQueuedSynchronizer.java:2163)
        at org.apache.ratis.util.AwaitForSignal.await(AwaitForSignal.java:62)
        at org.apache.ratis.server.impl.StateMachineUpdater.waitForCommit(StateMachineUpdater.java:207)
        at org.apache.ratis.server.impl.StateMachineUpdater.run(StateMachineUpdater.java:176)
        at java.lang.Thread.run(Thread.java:750)
"IPC Server handler 16 on default port 38325" daemon prio=5 tid=62 timed_waiting
java.lang.Thread.State: TIMED_WAITING
        at sun.misc.Unsafe.park(Native Method)
        at java.util.concurrent.locks.LockSupport.parkNanos(LockSupport.java:215)
        at java.util.concurrent.locks.AbstractQueuedSynchronizer$ConditionObject.awaitNanos(AbstractQueuedSynchronizer.java:2078)
        at java.util.concurrent.LinkedBlockingQueue.poll(LinkedBlockingQueue.java:467)
        at org.apache.hadoop.ipc.CallQueueManager.take(CallQueueManager.java:317)
        at org.apache.hadoop.ipc.Server$Handler.run(Server.java:2942)
"qtp1905824639-383" daemon prio=5 tid=383 timed_waiting
java.lang.Thread.State: TIMED_WAITING
        at sun.misc.Unsafe.park(Native Method)
        at java.util.concurrent.locks.LockSupport.parkNanos(LockSupport.java:215)
        at java.util.concurrent.locks.AbstractQueuedSynchronizer$ConditionObject.awaitNanos(AbstractQueuedSynchronizer.java:2078)
        at org.eclipse.jetty.util.BlockingArrayQueue.poll(BlockingArrayQueue.java:382)
        at org.eclipse.jetty.util.thread.QueuedThreadPool$Runner.idleJobPoll(QueuedThreadPool.java:974)
        at org.eclipse.jetty.util.thread.QueuedThreadPool$Runner.run(QueuedThreadPool.java:1018)
        at java.lang.Thread.run(Thread.java:750)
"ChunkReader-ELG-0" daemon prio=5 tid=358 runnable
java.lang.Thread.State: RUNNABLE
        at org.apache.ratis.thirdparty.io.netty.channel.epoll.Native.epollWait0(Native Method)
        at org.apache.ratis.thirdparty.io.netty.channel.epoll.Native.epollWait(Native.java:182)
        at org.apache.ratis.thirdparty.io.netty.channel.epoll.EpollEventLoop.epollWait(EpollEventLoop.java:290)
        at org.apache.ratis.thirdparty.io.netty.channel.epoll.EpollEventLoop.run(EpollEventLoop.java:354)
        at org.apache.ratis.thirdparty.io.netty.util.concurrent.SingleThreadEventExecutor$4.run(SingleThreadEventExecutor.java:995)
        at org.apache.ratis.thirdparty.io.netty.util.internal.ThreadExecutorMap$2.run(ThreadExecutorMap.java:74)
        at java.lang.Thread.run(Thread.java:750)
"IPC Server idle connection scanner for port 38325" daemon prio=5 tid=33 timed_waiting
java.lang.Thread.State: TIMED_WAITING
        at java.lang.Object.wait(Native Method)
        at java.util.TimerThread.mainLoop(Timer.java:552)
        at java.util.TimerThread.run(Timer.java:505)
"EventQueue-CloseContainerForCloseContainerEventHandler" daemon prio=5 tid=869 in Object.wait()
java.lang.Thread.State: WAITING (on object monitor)
        at sun.misc.Unsafe.park(Native Method)
        at java.util.concurrent.locks.LockSupport.park(LockSupport.java:175)
        at java.util.concurrent.locks.AbstractQueuedSynchronizer$ConditionObject.await(AbstractQueuedSynchronizer.java:2039)
        at java.util.concurrent.LinkedBlockingQueue.take(LinkedBlockingQueue.java:442)
        at java.util.concurrent.ThreadPoolExecutor.getTask(ThreadPoolExecutor.java:1074)
        at java.util.concurrent.ThreadPoolExecutor.runWorker(ThreadPoolExecutor.java:1134)
        at java.util.concurrent.ThreadPoolExecutor$Worker.run(ThreadPoolExecutor.java:624)
        at java.lang.Thread.run(Thread.java:750)
"Session-HouseKeeper-5e5eaa7f-1"  prio=5 tid=219 timed_waiting
java.lang.Thread.State: TIMED_WAITING
        at sun.misc.Unsafe.park(Native Method)
        at java.util.concurrent.locks.LockSupport.parkNanos(LockSupport.java:215)
        at java.util.concurrent.locks.AbstractQueuedSynchronizer$ConditionObject.awaitNanos(AbstractQueuedSynchronizer.java:2078)
        at java.util.concurrent.ScheduledThreadPoolExecutor$DelayedWorkQueue.take(ScheduledThreadPoolExecutor.java:1093)
        at java.util.concurrent.ScheduledThreadPoolExecutor$DelayedWorkQueue.take(ScheduledThreadPoolExecutor.java:809)
        at java.util.concurrent.ThreadPoolExecutor.getTask(ThreadPoolExecutor.java:1074)
        at java.util.concurrent.ThreadPoolExecutor.runWorker(ThreadPoolExecutor.java:1134)
        at java.util.concurrent.ThreadPoolExecutor$Worker.run(ThreadPoolExecutor.java:624)
        at java.lang.Thread.run(Thread.java:750)
"ChunkReader-4" daemon prio=5 tid=970 in Object.wait()
java.lang.Thread.State: WAITING (on object monitor)
        at sun.misc.Unsafe.park(Native Method)
        at java.util.concurrent.locks.LockSupport.park(LockSupport.java:175)
        at java.util.concurrent.locks.AbstractQueuedSynchronizer$ConditionObject.await(AbstractQueuedSynchronizer.java:2039)
        at java.util.concurrent.LinkedBlockingQueue.take(LinkedBlockingQueue.java:442)
        at java.util.concurrent.ThreadPoolExecutor.getTask(ThreadPoolExecutor.java:1074)
        at java.util.concurrent.ThreadPoolExecutor.runWorker(ThreadPoolExecutor.java:1134)
        at java.util.concurrent.ThreadPoolExecutor$Worker.run(ThreadPoolExecutor.java:624)
        at java.lang.Thread.run(Thread.java:750)
"EndpointStateMachine task thread for /0.0.0.0:42623 - 0 "  prio=5 tid=542 in Object.wait()
java.lang.Thread.State: WAITING (on object monitor)
        at sun.misc.Unsafe.park(Native Method)
        at java.util.concurrent.locks.LockSupport.park(LockSupport.java:175)
        at java.util.concurrent.locks.AbstractQueuedSynchronizer$ConditionObject.await(AbstractQueuedSynchronizer.java:2039)
        at java.util.concurrent.LinkedBlockingQueue.take(LinkedBlockingQueue.java:442)
        at java.util.concurrent.ThreadPoolExecutor.getTask(ThreadPoolExecutor.java:1074)
        at java.util.concurrent.ThreadPoolExecutor.runWorker(ThreadPoolExecutor.java:1134)
        at java.util.concurrent.ThreadPoolExecutor$Worker.run(ThreadPoolExecutor.java:624)
        at java.lang.Thread.run(Thread.java:750)
"3023bd45-36c3-431f-9c1c-92b4e43de878@group-EDA3E5475693-SegmentedRaftLogWorker"  prio=5 tid=678 timed_waiting
java.lang.Thread.State: TIMED_WAITING
        at sun.misc.Unsafe.park(Native Method)
        at java.util.concurrent.locks.LockSupport.parkNanos(LockSupport.java:215)
        at java.util.concurrent.locks.AbstractQueuedSynchronizer$ConditionObject.awaitNanos(AbstractQueuedSynchronizer.java:2078)
        at org.apache.ratis.util.DataBlockingQueue.poll(DataBlockingQueue.java:148)
        at org.apache.ratis.server.raftlog.segmented.SegmentedRaftLogWorker.run(SegmentedRaftLogWorker.java:312)
        at org.apache.ratis.server.raftlog.segmented.SegmentedRaftLogWorker$$Lambda$667/1522169736.run(Unknown Source)
        at java.lang.Thread.run(Thread.java:750)
"om1@group-C5BA1605619E-LeaderStateImpl" daemon prio=5 tid=202 timed_waiting
java.lang.Thread.State: TIMED_WAITING
        at sun.misc.Unsafe.park(Native Method)
        at java.util.concurrent.locks.LockSupport.parkNanos(LockSupport.java:215)
        at java.util.concurrent.locks.AbstractQueuedSynchronizer$ConditionObject.awaitNanos(AbstractQueuedSynchronizer.java:2078)
        at java.util.concurrent.ArrayBlockingQueue.poll(ArrayBlockingQueue.java:418)
        at org.apache.ratis.server.impl.LeaderStateImpl$EventQueue.poll(LeaderStateImpl.java:159)
        at org.apache.ratis.server.impl.LeaderStateImpl$EventProcessor.run(LeaderStateImpl.java:630)
"Session-HouseKeeper-3c12ee82-1"  prio=5 tid=191 timed_waiting
java.lang.Thread.State: TIMED_WAITING
        at sun.misc.Unsafe.park(Native Method)
        at java.util.concurrent.locks.LockSupport.parkNanos(LockSupport.java:215)
        at java.util.concurrent.locks.AbstractQueuedSynchronizer$ConditionObject.awaitNanos(AbstractQueuedSynchronizer.java:2078)
        at java.util.concurrent.ScheduledThreadPoolExecutor$DelayedWorkQueue.take(ScheduledThreadPoolExecutor.java:1093)
        at java.util.concurrent.ScheduledThreadPoolExecutor$DelayedWorkQueue.take(ScheduledThreadPoolExecutor.java:809)
        at java.util.concurrent.ThreadPoolExecutor.getTask(ThreadPoolExecutor.java:1074)
        at java.util.concurrent.ThreadPoolExecutor.runWorker(ThreadPoolExecutor.java:1134)
        at java.util.concurrent.ThreadPoolExecutor$Worker.run(ThreadPoolExecutor.java:624)
        at java.lang.Thread.run(Thread.java:750)
"IPC Server handler 15 on default port 42623" daemon prio=5 tid=101 timed_waiting
java.lang.Thread.State: TIMED_WAITING
        at sun.misc.Unsafe.park(Native Method)
        at java.util.concurrent.locks.LockSupport.parkNanos(LockSupport.java:215)
        at java.util.concurrent.locks.AbstractQueuedSynchronizer$ConditionObject.awaitNanos(AbstractQueuedSynchronizer.java:2078)
        at java.util.concurrent.LinkedBlockingQueue.poll(LinkedBlockingQueue.java:467)
        at org.apache.hadoop.ipc.CallQueueManager.take(CallQueueManager.java:317)
        at org.apache.hadoop.ipc.Server$Handler.run(Server.java:2942)
"FixedThreadPoolWithAffinityExecutor-4-0" daemon prio=5 tid=39 timed_waiting
java.lang.Thread.State: TIMED_WAITING
        at sun.misc.Unsafe.park(Native Method)
        at java.util.concurrent.locks.LockSupport.parkNanos(LockSupport.java:215)
        at java.util.concurrent.locks.AbstractQueuedSynchronizer$ConditionObject.awaitNanos(AbstractQueuedSynchronizer.java:2078)
        at java.util.concurrent.LinkedBlockingQueue.poll(LinkedBlockingQueue.java:467)
        at org.apache.hadoop.hdds.scm.server.ContainerReportQueue.poll(ContainerReportQueue.java:266)
        at org.apache.hadoop.hdds.scm.server.ContainerReportQueue.poll(ContainerReportQueue.java:42)
        at org.apache.hadoop.hdds.server.events.FixedThreadPoolWithAffinityExecutor$ContainerReportProcessTask.run(FixedThreadPoolWithAffinityExecutor.java:248)
        at java.util.concurrent.Executors$RunnableAdapter.call(Executors.java:511)
        at java.util.concurrent.FutureTask.run(FutureTask.java:266)
        at java.util.concurrent.ThreadPoolExecutor.runWorker(ThreadPoolExecutor.java:1149)
        at java.util.concurrent.ThreadPoolExecutor$Worker.run(ThreadPoolExecutor.java:624)
        at java.lang.Thread.run(Thread.java:750)
"ec-reconstruct-reader-TID-0"  prio=5 tid=956 in Object.wait()
java.lang.Thread.State: WAITING (on object monitor)
        at sun.misc.Unsafe.park(Native Method)
        at java.util.concurrent.locks.LockSupport.park(LockSupport.java:175)
        at java.util.concurrent.SynchronousQueue$TransferStack.awaitFulfill(SynchronousQueue.java:458)
        at java.util.concurrent.SynchronousQueue$TransferStack.transfer(SynchronousQueue.java:362)
        at java.util.concurrent.SynchronousQueue.take(SynchronousQueue.java:924)
        at java.util.concurrent.ThreadPoolExecutor.getTask(ThreadPoolExecutor.java:1074)
        at java.util.concurrent.ThreadPoolExecutor.runWorker(ThreadPoolExecutor.java:1134)
        at java.util.concurrent.ThreadPoolExecutor$Worker.run(ThreadPoolExecutor.java:624)
        at java.lang.Thread.run(Thread.java:750)
"StaleRecoveringContainerScrubbingService#6" daemon prio=5 tid=1026 in Object.wait()
java.lang.Thread.State: WAITING (on object monitor)
        at sun.misc.Unsafe.park(Native Method)
        at java.util.concurrent.locks.LockSupport.park(LockSupport.java:175)
        at java.util.concurrent.locks.AbstractQueuedSynchronizer$ConditionObject.await(AbstractQueuedSynchronizer.java:2039)
        at java.util.concurrent.ScheduledThreadPoolExecutor$DelayedWorkQueue.take(ScheduledThreadPoolExecutor.java:1088)
        at java.util.concurrent.ScheduledThreadPoolExecutor$DelayedWorkQueue.take(ScheduledThreadPoolExecutor.java:809)
        at java.util.concurrent.ThreadPoolExecutor.getTask(ThreadPoolExecutor.java:1074)
        at java.util.concurrent.ThreadPoolExecutor.runWorker(ThreadPoolExecutor.java:1134)
        at java.util.concurrent.ThreadPoolExecutor$Worker.run(ThreadPoolExecutor.java:624)
        at java.lang.Thread.run(Thread.java:750)
"ChunkReader-3" daemon prio=5 tid=838 in Object.wait()
java.lang.Thread.State: WAITING (on object monitor)
        at sun.misc.Unsafe.park(Native Method)
        at java.util.concurrent.locks.LockSupport.park(LockSupport.java:175)
        at java.util.concurrent.locks.AbstractQueuedSynchronizer$ConditionObject.await(AbstractQueuedSynchronizer.java:2039)
        at java.util.concurrent.LinkedBlockingQueue.take(LinkedBlockingQueue.java:442)
        at java.util.concurrent.ThreadPoolExecutor.getTask(ThreadPoolExecutor.java:1074)
        at java.util.concurrent.ThreadPoolExecutor.runWorker(ThreadPoolExecutor.java:1134)
        at java.util.concurrent.ThreadPoolExecutor$Worker.run(ThreadPoolExecutor.java:624)
        at java.lang.Thread.run(Thread.java:750)
"ChunkReader-3" daemon prio=5 tid=1082 in Object.wait()
java.lang.Thread.State: WAITING (on object monitor)
        at sun.misc.Unsafe.park(Native Method)
        at java.util.concurrent.locks.LockSupport.park(LockSupport.java:175)
        at java.util.concurrent.locks.AbstractQueuedSynchronizer$ConditionObject.await(AbstractQueuedSynchronizer.java:2039)
        at java.util.concurrent.LinkedBlockingQueue.take(LinkedBlockingQueue.java:442)
        at java.util.concurrent.ThreadPoolExecutor.getTask(ThreadPoolExecutor.java:1074)
        at java.util.concurrent.ThreadPoolExecutor.runWorker(ThreadPoolExecutor.java:1134)
        at java.util.concurrent.ThreadPoolExecutor$Worker.run(ThreadPoolExecutor.java:624)
        at java.lang.Thread.run(Thread.java:750)
"ChunkReader-6" daemon prio=5 tid=951 in Object.wait()
java.lang.Thread.State: WAITING (on object monitor)
        at sun.misc.Unsafe.park(Native Method)
        at java.util.concurrent.locks.LockSupport.park(LockSupport.java:175)
        at java.util.concurrent.locks.AbstractQueuedSynchronizer$ConditionObject.await(AbstractQueuedSynchronizer.java:2039)
        at java.util.concurrent.LinkedBlockingQueue.take(LinkedBlockingQueue.java:442)
        at java.util.concurrent.ThreadPoolExecutor.getTask(ThreadPoolExecutor.java:1074)
        at java.util.concurrent.ThreadPoolExecutor.runWorker(ThreadPoolExecutor.java:1134)
        at java.util.concurrent.ThreadPoolExecutor$Worker.run(ThreadPoolExecutor.java:624)
        at java.lang.Thread.run(Thread.java:750)
"ChunkWriter-3-0" daemon prio=5 tid=394 in Object.wait()
java.lang.Thread.State: WAITING (on object monitor)
        at sun.misc.Unsafe.park(Native Method)
        at java.util.concurrent.locks.LockSupport.park(LockSupport.java:175)
        at java.util.concurrent.locks.AbstractQueuedSynchronizer$ConditionObject.await(AbstractQueuedSynchronizer.java:2039)
        at java.util.concurrent.LinkedBlockingDeque.takeFirst(LinkedBlockingDeque.java:492)
        at java.util.concurrent.LinkedBlockingDeque.take(LinkedBlockingDeque.java:680)
        at java.util.concurrent.ThreadPoolExecutor.getTask(ThreadPoolExecutor.java:1074)
        at java.util.concurrent.ThreadPoolExecutor.runWorker(ThreadPoolExecutor.java:1134)
        at java.util.concurrent.ThreadPoolExecutor$Worker.run(ThreadPoolExecutor.java:624)
        at java.lang.Thread.run(Thread.java:750)
"StaleRecoveringContainerScrubbingService#8" daemon prio=5 tid=1138 in Object.wait()
java.lang.Thread.State: WAITING (on object monitor)
        at sun.misc.Unsafe.park(Native Method)
        at java.util.concurrent.locks.LockSupport.park(LockSupport.java:175)
        at java.util.concurrent.locks.AbstractQueuedSynchronizer$ConditionObject.await(AbstractQueuedSynchronizer.java:2039)
        at java.util.concurrent.ScheduledThreadPoolExecutor$DelayedWorkQueue.take(ScheduledThreadPoolExecutor.java:1088)
        at java.util.concurrent.ScheduledThreadPoolExecutor$DelayedWorkQueue.take(ScheduledThreadPoolExecutor.java:809)
        at java.util.concurrent.ThreadPoolExecutor.getTask(ThreadPoolExecutor.java:1074)
        at java.util.concurrent.ThreadPoolExecutor.runWorker(ThreadPoolExecutor.java:1134)
        at java.util.concurrent.ThreadPoolExecutor$Worker.run(ThreadPoolExecutor.java:624)
        at java.lang.Thread.run(Thread.java:750)
"org.apache.hadoop.util.JvmPauseMonitor$Monitor@6f369855" daemon prio=5 tid=408 timed_waiting
java.lang.Thread.State: TIMED_WAITING
        at java.lang.Thread.sleep(Native Method)
        at org.apache.hadoop.util.JvmPauseMonitor$Monitor.run(JvmPauseMonitor.java:192)
        at java.lang.Thread.run(Thread.java:750)
"IPC Server handler 4 on default port 44149" daemon prio=5 tid=157 timed_waiting
java.lang.Thread.State: TIMED_WAITING
        at sun.misc.Unsafe.park(Native Method)
        at java.util.concurrent.locks.LockSupport.parkNanos(LockSupport.java:215)
        at java.util.concurrent.locks.AbstractQueuedSynchronizer$ConditionObject.awaitNanos(AbstractQueuedSynchronizer.java:2078)
        at java.util.concurrent.LinkedBlockingQueue.poll(LinkedBlockingQueue.java:467)
        at org.apache.hadoop.ipc.CallQueueManager.take(CallQueueManager.java:317)
        at org.apache.hadoop.ipc.Server$Handler.run(Server.java:2942)
"IPC Server handler 14 on default port 45237" daemon prio=5 tid=80 timed_waiting
java.lang.Thread.State: TIMED_WAITING
        at sun.misc.Unsafe.park(Native Method)
        at java.util.concurrent.locks.LockSupport.parkNanos(LockSupport.java:215)
        at java.util.concurrent.locks.AbstractQueuedSynchronizer$ConditionObject.awaitNanos(AbstractQueuedSynchronizer.java:2078)
        at java.util.concurrent.LinkedBlockingQueue.poll(LinkedBlockingQueue.java:467)
        at org.apache.hadoop.ipc.CallQueueManager.take(CallQueueManager.java:317)
        at org.apache.hadoop.ipc.Server$Handler.run(Server.java:2942)
"Datanode ReportManager Thread - 3" daemon prio=5 tid=224 timed_waiting
java.lang.Thread.State: TIMED_WAITING
        at sun.misc.Unsafe.park(Native Method)
        at java.util.concurrent.locks.LockSupport.parkNanos(LockSupport.java:215)
        at java.util.concurrent.locks.AbstractQueuedSynchronizer$ConditionObject.awaitNanos(AbstractQueuedSynchronizer.java:2078)
        at java.util.concurrent.ScheduledThreadPoolExecutor$DelayedWorkQueue.take(ScheduledThreadPoolExecutor.java:1093)
        at java.util.concurrent.ScheduledThreadPoolExecutor$DelayedWorkQueue.take(ScheduledThreadPoolExecutor.java:809)
        at java.util.concurrent.ThreadPoolExecutor.getTask(ThreadPoolExecutor.java:1074)
        at java.util.concurrent.ThreadPoolExecutor.runWorker(ThreadPoolExecutor.java:1134)
        at java.util.concurrent.ThreadPoolExecutor$Worker.run(ThreadPoolExecutor.java:624)
        at java.lang.Thread.run(Thread.java:750)
"ChunkWriter-1-0" daemon prio=5 tid=556 in Object.wait()
java.lang.Thread.State: WAITING (on object monitor)
        at sun.misc.Unsafe.park(Native Method)
        at java.util.concurrent.locks.LockSupport.park(LockSupport.java:175)
        at java.util.concurrent.locks.AbstractQueuedSynchronizer$ConditionObject.await(AbstractQueuedSynchronizer.java:2039)
        at java.util.concurrent.LinkedBlockingDeque.takeFirst(LinkedBlockingDeque.java:492)
        at java.util.concurrent.LinkedBlockingDeque.take(LinkedBlockingDeque.java:680)
        at java.util.concurrent.ThreadPoolExecutor.getTask(ThreadPoolExecutor.java:1074)
        at java.util.concurrent.ThreadPoolExecutor.runWorker(ThreadPoolExecutor.java:1134)
        at java.util.concurrent.ThreadPoolExecutor$Worker.run(ThreadPoolExecutor.java:624)
        at java.lang.Thread.run(Thread.java:750)
"StaleRecoveringContainerScrubbingService#8" daemon prio=5 tid=1134 in Object.wait()
java.lang.Thread.State: WAITING (on object monitor)
        at sun.misc.Unsafe.park(Native Method)
        at java.util.concurrent.locks.LockSupport.park(LockSupport.java:175)
        at java.util.concurrent.locks.AbstractQueuedSynchronizer$ConditionObject.await(AbstractQueuedSynchronizer.java:2039)
        at java.util.concurrent.ScheduledThreadPoolExecutor$DelayedWorkQueue.take(ScheduledThreadPoolExecutor.java:1088)
        at java.util.concurrent.ScheduledThreadPoolExecutor$DelayedWorkQueue.take(ScheduledThreadPoolExecutor.java:809)
        at java.util.concurrent.ThreadPoolExecutor.getTask(ThreadPoolExecutor.java:1074)
        at java.util.concurrent.ThreadPoolExecutor.runWorker(ThreadPoolExecutor.java:1134)
        at java.util.concurrent.ThreadPoolExecutor$Worker.run(ThreadPoolExecutor.java:624)
        at java.lang.Thread.run(Thread.java:750)
"IPC Server handler 1 on default port 38325" daemon prio=5 tid=47 timed_waiting
java.lang.Thread.State: TIMED_WAITING
        at sun.misc.Unsafe.park(Native Method)
        at java.util.concurrent.locks.LockSupport.parkNanos(LockSupport.java:215)
        at java.util.concurrent.locks.AbstractQueuedSynchronizer$ConditionObject.awaitNanos(AbstractQueuedSynchronizer.java:2078)
        at java.util.concurrent.LinkedBlockingQueue.poll(LinkedBlockingQueue.java:467)
        at org.apache.hadoop.ipc.CallQueueManager.take(CallQueueManager.java:317)
        at org.apache.hadoop.ipc.Server$Handler.run(Server.java:2942)
"qtp1512974477-348" daemon prio=5 tid=348 timed_waiting
java.lang.Thread.State: TIMED_WAITING
        at sun.misc.Unsafe.park(Native Method)
        at java.util.concurrent.locks.LockSupport.parkNanos(LockSupport.java:215)
        at java.util.concurrent.locks.AbstractQueuedSynchronizer$ConditionObject.awaitNanos(AbstractQueuedSynchronizer.java:2078)
        at org.eclipse.jetty.util.BlockingArrayQueue.poll(BlockingArrayQueue.java:382)
        at org.eclipse.jetty.util.thread.QueuedThreadPool$Runner.idleJobPoll(QueuedThreadPool.java:974)
        at org.eclipse.jetty.util.thread.QueuedThreadPool$Runner.run(QueuedThreadPool.java:1018)
        at java.lang.Thread.run(Thread.java:750)
"IPC Server handler 8 on default port 44149" daemon prio=5 tid=161 timed_waiting
java.lang.Thread.State: TIMED_WAITING
        at sun.misc.Unsafe.park(Native Method)
        at java.util.concurrent.locks.LockSupport.parkNanos(LockSupport.java:215)
        at java.util.concurrent.locks.AbstractQueuedSynchronizer$ConditionObject.awaitNanos(AbstractQueuedSynchronizer.java:2078)
        at java.util.concurrent.LinkedBlockingQueue.poll(LinkedBlockingQueue.java:467)
        at org.apache.hadoop.ipc.CallQueueManager.take(CallQueueManager.java:317)
        at org.apache.hadoop.ipc.Server$Handler.run(Server.java:2942)
"StaleRecoveringContainerScrubbingService#8" daemon prio=5 tid=1137 in Object.wait()
java.lang.Thread.State: WAITING (on object monitor)
        at sun.misc.Unsafe.park(Native Method)
        at java.util.concurrent.locks.LockSupport.park(LockSupport.java:175)
        at java.util.concurrent.locks.AbstractQueuedSynchronizer$ConditionObject.await(AbstractQueuedSynchronizer.java:2039)
        at java.util.concurrent.ScheduledThreadPoolExecutor$DelayedWorkQueue.take(ScheduledThreadPoolExecutor.java:1088)
        at java.util.concurrent.ScheduledThreadPoolExecutor$DelayedWorkQueue.take(ScheduledThreadPoolExecutor.java:809)
        at java.util.concurrent.ThreadPoolExecutor.getTask(ThreadPoolExecutor.java:1074)
        at java.util.concurrent.ThreadPoolExecutor.runWorker(ThreadPoolExecutor.java:1134)
        at java.util.concurrent.ThreadPoolExecutor$Worker.run(ThreadPoolExecutor.java:624)
        at java.lang.Thread.run(Thread.java:750)
"qtp11478005-461" daemon prio=5 tid=461 timed_waiting
java.lang.Thread.State: TIMED_WAITING
        at sun.misc.Unsafe.park(Native Method)
        at java.util.concurrent.locks.LockSupport.parkNanos(LockSupport.java:215)
        at java.util.concurrent.locks.AbstractQueuedSynchronizer$ConditionObject.awaitNanos(AbstractQueuedSynchronizer.java:2078)
        at org.eclipse.jetty.util.BlockingArrayQueue.poll(BlockingArrayQueue.java:382)
        at org.eclipse.jetty.util.thread.QueuedThreadPool$Runner.idleJobPoll(QueuedThreadPool.java:974)
        at org.eclipse.jetty.util.thread.QueuedThreadPool$Runner.run(QueuedThreadPool.java:1018)
        at java.lang.Thread.run(Thread.java:750)
"pool-172-thread-1"  prio=5 tid=288 timed_waiting
java.lang.Thread.State: TIMED_WAITING
        at sun.misc.Unsafe.park(Native Method)
        at java.util.concurrent.locks.LockSupport.parkNanos(LockSupport.java:215)
        at java.util.concurrent.locks.AbstractQueuedSynchronizer$ConditionObject.awaitNanos(AbstractQueuedSynchronizer.java:2078)
        at java.util.concurrent.ScheduledThreadPoolExecutor$DelayedWorkQueue.take(ScheduledThreadPoolExecutor.java:1093)
        at java.util.concurrent.ScheduledThreadPoolExecutor$DelayedWorkQueue.take(ScheduledThreadPoolExecutor.java:809)
        at java.util.concurrent.ThreadPoolExecutor.getTask(ThreadPoolExecutor.java:1074)
        at java.util.concurrent.ThreadPoolExecutor.runWorker(ThreadPoolExecutor.java:1134)
        at java.util.concurrent.ThreadPoolExecutor$Worker.run(ThreadPoolExecutor.java:624)
        at java.lang.Thread.run(Thread.java:750)
"Datanode State Machine Task Thread - 0"  prio=5 tid=228 in Object.wait()
java.lang.Thread.State: WAITING (on object monitor)
        at sun.misc.Unsafe.park(Native Method)
        at java.util.concurrent.locks.LockSupport.park(LockSupport.java:175)
        at java.util.concurrent.locks.AbstractQueuedSynchronizer$ConditionObject.await(AbstractQueuedSynchronizer.java:2039)
        at java.util.concurrent.LinkedBlockingQueue.take(LinkedBlockingQueue.java:442)
        at java.util.concurrent.ThreadPoolExecutor.getTask(ThreadPoolExecutor.java:1074)
        at java.util.concurrent.ThreadPoolExecutor.runWorker(ThreadPoolExecutor.java:1134)
        at java.util.concurrent.ThreadPoolExecutor$Worker.run(ThreadPoolExecutor.java:624)
        at java.lang.Thread.run(Thread.java:750)
"ChunkReader-1" daemon prio=5 tid=966 in Object.wait()
java.lang.Thread.State: WAITING (on object monitor)
        at sun.misc.Unsafe.park(Native Method)
        at java.util.concurrent.locks.LockSupport.park(LockSupport.java:175)
        at java.util.concurrent.locks.AbstractQueuedSynchronizer$ConditionObject.await(AbstractQueuedSynchronizer.java:2039)
        at java.util.concurrent.LinkedBlockingQueue.take(LinkedBlockingQueue.java:442)
        at java.util.concurrent.ThreadPoolExecutor.getTask(ThreadPoolExecutor.java:1074)
        at java.util.concurrent.ThreadPoolExecutor.runWorker(ThreadPoolExecutor.java:1134)
        at java.util.concurrent.ThreadPoolExecutor$Worker.run(ThreadPoolExecutor.java:624)
        at java.lang.Thread.run(Thread.java:750)
"ChunkWriter-2-0" daemon prio=5 tid=557 in Object.wait()
java.lang.Thread.State: WAITING (on object monitor)
        at sun.misc.Unsafe.park(Native Method)
        at java.util.concurrent.locks.LockSupport.park(LockSupport.java:175)
        at java.util.concurrent.locks.AbstractQueuedSynchronizer$ConditionObject.await(AbstractQueuedSynchronizer.java:2039)
        at java.util.concurrent.LinkedBlockingDeque.takeFirst(LinkedBlockingDeque.java:492)
        at java.util.concurrent.LinkedBlockingDeque.take(LinkedBlockingDeque.java:680)
        at java.util.concurrent.ThreadPoolExecutor.getTask(ThreadPoolExecutor.java:1074)
        at java.util.concurrent.ThreadPoolExecutor.runWorker(ThreadPoolExecutor.java:1134)
        at java.util.concurrent.ThreadPoolExecutor$Worker.run(ThreadPoolExecutor.java:624)
        at java.lang.Thread.run(Thread.java:750)
"IPC Server handler 9 on default port 38325" daemon prio=5 tid=55 timed_waiting
java.lang.Thread.State: TIMED_WAITING
        at sun.misc.Unsafe.park(Native Method)
        at java.util.concurrent.locks.LockSupport.parkNanos(LockSupport.java:215)
        at java.util.concurrent.locks.AbstractQueuedSynchronizer$ConditionObject.awaitNanos(AbstractQueuedSynchronizer.java:2078)
        at java.util.concurrent.LinkedBlockingQueue.poll(LinkedBlockingQueue.java:467)
        at org.apache.hadoop.ipc.CallQueueManager.take(CallQueueManager.java:317)
        at org.apache.hadoop.ipc.Server$Handler.run(Server.java:2942)
"IPC Server handler 14 on default port 42623" daemon prio=5 tid=100 timed_waiting
java.lang.Thread.State: TIMED_WAITING
        at sun.misc.Unsafe.park(Native Method)
        at java.util.concurrent.locks.LockSupport.parkNanos(LockSupport.java:215)
        at java.util.concurrent.locks.AbstractQueuedSynchronizer$ConditionObject.awaitNanos(AbstractQueuedSynchronizer.java:2078)
        at java.util.concurrent.LinkedBlockingQueue.poll(LinkedBlockingQueue.java:467)
        at org.apache.hadoop.ipc.CallQueueManager.take(CallQueueManager.java:317)
        at org.apache.hadoop.ipc.Server$Handler.run(Server.java:2942)
"StaleRecoveringContainerScrubbingService#9" daemon prio=5 tid=1145 in Object.wait()
java.lang.Thread.State: WAITING (on object monitor)
        at sun.misc.Unsafe.park(Native Method)
        at java.util.concurrent.locks.LockSupport.park(LockSupport.java:175)
        at java.util.concurrent.locks.AbstractQueuedSynchronizer$ConditionObject.await(AbstractQueuedSynchronizer.java:2039)
        at java.util.concurrent.ScheduledThreadPoolExecutor$DelayedWorkQueue.take(ScheduledThreadPoolExecutor.java:1088)
        at java.util.concurrent.ScheduledThreadPoolExecutor$DelayedWorkQueue.take(ScheduledThreadPoolExecutor.java:809)
        at java.util.concurrent.ThreadPoolExecutor.getTask(ThreadPoolExecutor.java:1074)
        at java.util.concurrent.ThreadPoolExecutor.runWorker(ThreadPoolExecutor.java:1134)
        at java.util.concurrent.ThreadPoolExecutor$Worker.run(ThreadPoolExecutor.java:624)
        at java.lang.Thread.run(Thread.java:750)
"StaleRecoveringContainerScrubbingService#1" daemon prio=5 tid=527 in Object.wait()
java.lang.Thread.State: WAITING (on object monitor)
        at sun.misc.Unsafe.park(Native Method)
        at java.util.concurrent.locks.LockSupport.park(LockSupport.java:175)
        at java.util.concurrent.locks.AbstractQueuedSynchronizer$ConditionObject.await(AbstractQueuedSynchronizer.java:2039)
        at java.util.concurrent.ScheduledThreadPoolExecutor$DelayedWorkQueue.take(ScheduledThreadPoolExecutor.java:1088)
        at java.util.concurrent.ScheduledThreadPoolExecutor$DelayedWorkQueue.take(ScheduledThreadPoolExecutor.java:809)
        at java.util.concurrent.ThreadPoolExecutor.getTask(ThreadPoolExecutor.java:1074)
        at java.util.concurrent.ThreadPoolExecutor.runWorker(ThreadPoolExecutor.java:1134)
        at java.util.concurrent.ThreadPoolExecutor$Worker.run(ThreadPoolExecutor.java:624)
        at java.lang.Thread.run(Thread.java:750)
"IPC Server handler 15 on default port 38325" daemon prio=5 tid=61 timed_waiting
java.lang.Thread.State: TIMED_WAITING
        at sun.misc.Unsafe.park(Native Method)
        at java.util.concurrent.locks.LockSupport.parkNanos(LockSupport.java:215)
        at java.util.concurrent.locks.AbstractQueuedSynchronizer$ConditionObject.awaitNanos(AbstractQueuedSynchronizer.java:2078)
        at java.util.concurrent.LinkedBlockingQueue.poll(LinkedBlockingQueue.java:467)
        at org.apache.hadoop.ipc.CallQueueManager.take(CallQueueManager.java:317)
        at org.apache.hadoop.ipc.Server$Handler.run(Server.java:2942)
"ChunkReader-2" daemon prio=5 tid=968 in Object.wait()
java.lang.Thread.State: WAITING (on object monitor)
        at sun.misc.Unsafe.park(Native Method)
        at java.util.concurrent.locks.LockSupport.park(LockSupport.java:175)
        at java.util.concurrent.locks.AbstractQueuedSynchronizer$ConditionObject.await(AbstractQueuedSynchronizer.java:2039)
        at java.util.concurrent.LinkedBlockingQueue.take(LinkedBlockingQueue.java:442)
        at java.util.concurrent.ThreadPoolExecutor.getTask(ThreadPoolExecutor.java:1074)
        at java.util.concurrent.ThreadPoolExecutor.runWorker(ThreadPoolExecutor.java:1134)
        at java.util.concurrent.ThreadPoolExecutor$Worker.run(ThreadPoolExecutor.java:624)
        at java.lang.Thread.run(Thread.java:750)
"pool-245-thread-1"  prio=5 tid=379 timed_waiting
java.lang.Thread.State: TIMED_WAITING
        at sun.misc.Unsafe.park(Native Method)
        at java.util.concurrent.locks.LockSupport.parkNanos(LockSupport.java:215)
        at java.util.concurrent.locks.AbstractQueuedSynchronizer$ConditionObject.awaitNanos(AbstractQueuedSynchronizer.java:2078)
        at java.util.concurrent.ScheduledThreadPoolExecutor$DelayedWorkQueue.take(ScheduledThreadPoolExecutor.java:1093)
        at java.util.concurrent.ScheduledThreadPoolExecutor$DelayedWorkQueue.take(ScheduledThreadPoolExecutor.java:809)
        at java.util.concurrent.ThreadPoolExecutor.getTask(ThreadPoolExecutor.java:1074)
        at java.util.concurrent.ThreadPoolExecutor.runWorker(ThreadPoolExecutor.java:1134)
        at java.util.concurrent.ThreadPoolExecutor$Worker.run(ThreadPoolExecutor.java:624)
        at java.lang.Thread.run(Thread.java:750)
"Command processor thread" daemon prio=5 tid=278 timed_waiting
java.lang.Thread.State: TIMED_WAITING
        at java.lang.Thread.sleep(Native Method)
        at org.apache.hadoop.ozone.container.common.statemachine.DatanodeStateMachine.lambda$initCommandHandlerThread$3(DatanodeStateMachine.java:641)
        at org.apache.hadoop.ozone.container.common.statemachine.DatanodeStateMachine$$Lambda$755/1195612276.run(Unknown Source)
        at java.lang.Thread.run(Thread.java:750)
"Datanode ReportManager Thread - 1" daemon prio=5 tid=441 in Object.wait()
java.lang.Thread.State: WAITING (on object monitor)
        at sun.misc.Unsafe.park(Native Method)
        at java.util.concurrent.locks.LockSupport.park(LockSupport.java:175)
        at java.util.concurrent.locks.AbstractQueuedSynchronizer$ConditionObject.await(AbstractQueuedSynchronizer.java:2039)
        at java.util.concurrent.ScheduledThreadPoolExecutor$DelayedWorkQueue.take(ScheduledThreadPoolExecutor.java:1088)
        at java.util.concurrent.ScheduledThreadPoolExecutor$DelayedWorkQueue.take(ScheduledThreadPoolExecutor.java:809)
        at java.util.concurrent.ThreadPoolExecutor.getTask(ThreadPoolExecutor.java:1074)
        at java.util.concurrent.ThreadPoolExecutor.runWorker(ThreadPoolExecutor.java:1134)
        at java.util.concurrent.ThreadPoolExecutor$Worker.run(ThreadPoolExecutor.java:624)
        at java.lang.Thread.run(Thread.java:750)
"ChunkReader-2" daemon prio=5 tid=821 in Object.wait()
java.lang.Thread.State: WAITING (on object monitor)
        at sun.misc.Unsafe.park(Native Method)
        at java.util.concurrent.locks.LockSupport.park(LockSupport.java:175)
        at java.util.concurrent.locks.AbstractQueuedSynchronizer$ConditionObject.await(AbstractQueuedSynchronizer.java:2039)
        at java.util.concurrent.LinkedBlockingQueue.take(LinkedBlockingQueue.java:442)
        at java.util.concurrent.ThreadPoolExecutor.getTask(ThreadPoolExecutor.java:1074)
        at java.util.concurrent.ThreadPoolExecutor.runWorker(ThreadPoolExecutor.java:1134)
        at java.util.concurrent.ThreadPoolExecutor$Worker.run(ThreadPoolExecutor.java:624)
        at java.lang.Thread.run(Thread.java:750)
"3ddade9d-4289-4127-b7c4-830dd518ff0a@group-588BCD57A16A-SegmentedRaftLogWorker"  prio=5 tid=674 timed_waiting
java.lang.Thread.State: TIMED_WAITING
        at sun.misc.Unsafe.park(Native Method)
        at java.util.concurrent.locks.LockSupport.parkNanos(LockSupport.java:215)
        at java.util.concurrent.locks.AbstractQueuedSynchronizer$ConditionObject.awaitNanos(AbstractQueuedSynchronizer.java:2078)
        at org.apache.ratis.util.DataBlockingQueue.poll(DataBlockingQueue.java:148)
        at org.apache.ratis.server.raftlog.segmented.SegmentedRaftLogWorker.run(SegmentedRaftLogWorker.java:312)
        at org.apache.ratis.server.raftlog.segmented.SegmentedRaftLogWorker$$Lambda$667/1522169736.run(Unknown Source)
        at java.lang.Thread.run(Thread.java:750)
"ChunkReader-4" daemon prio=5 tid=946 in Object.wait()
java.lang.Thread.State: WAITING (on object monitor)
        at sun.misc.Unsafe.park(Native Method)
        at java.util.concurrent.locks.LockSupport.park(LockSupport.java:175)
        at java.util.concurrent.locks.AbstractQueuedSynchronizer$ConditionObject.await(AbstractQueuedSynchronizer.java:2039)
        at java.util.concurrent.LinkedBlockingQueue.take(LinkedBlockingQueue.java:442)
        at java.util.concurrent.ThreadPoolExecutor.getTask(ThreadPoolExecutor.java:1074)
        at java.util.concurrent.ThreadPoolExecutor.runWorker(ThreadPoolExecutor.java:1134)
        at java.util.concurrent.ThreadPoolExecutor$Worker.run(ThreadPoolExecutor.java:624)
        at java.lang.Thread.run(Thread.java:750)
"Listener at 127.0.0.1/44149"  prio=5 tid=1 runnable
java.lang.Thread.State: RUNNABLE
        at java.lang.Thread.dumpThreads(Native Method)
        at java.lang.Thread.getAllStackTraces(Thread.java:1615)
        at org.apache.ozone.test.TimedOutTestsListener.buildThreadDump(TimedOutTestsListener.java:93)
        at org.apache.ozone.test.TimedOutTestsListener.buildThreadDiagnosticString(TimedOutTestsListener.java:79)
        at org.apache.ozone.test.GenericTestUtils.waitFor(GenericTestUtils.java:227)
        at org.apache.hadoop.ozone.container.TestECContainerRecovery.testECContainerRecoveryWithTimedOutRecovery(TestECContainerRecovery.java:337)
        at sun.reflect.NativeMethodAccessorImpl.invoke0(Native Method)
        at sun.reflect.NativeMethodAccessorImpl.invoke(NativeMethodAccessorImpl.java:62)
        at sun.reflect.DelegatingMethodAccessorImpl.invoke(DelegatingMethodAccessorImpl.java:43)
        at java.lang.reflect.Method.invoke(Method.java:498)
        at org.junit.platform.commons.util.ReflectionUtils.invokeMethod(ReflectionUtils.java:725)
        at org.junit.jupiter.engine.execution.MethodInvocation.proceed(MethodInvocation.java:60)
        at org.junit.jupiter.engine.execution.InvocationInterceptorChain$ValidatingInvocation.proceed(InvocationInterceptorChain.java:131)
        at org.junit.jupiter.engine.extension.TimeoutExtension.intercept(TimeoutExtension.java:149)
        at org.junit.jupiter.engine.extension.TimeoutExtension.interceptTestableMethod(TimeoutExtension.java:140)
        at org.junit.jupiter.engine.extension.TimeoutExtension.interceptTestMethod(TimeoutExtension.java:84)
        at org.junit.jupiter.engine.descriptor.TestMethodTestDescriptor$$Lambda$158/1904783235.apply(Unknown Source)
        at org.junit.jupiter.engine.execution.ExecutableInvoker$ReflectiveInterceptorCall.lambda$ofVoidMethod$0(ExecutableInvoker.java:115)
        at org.junit.jupiter.engine.execution.ExecutableInvoker$ReflectiveInterceptorCall$$Lambda$159/809300666.apply(Unknown Source)
        at org.junit.jupiter.engine.execution.ExecutableInvoker.lambda$invoke$0(ExecutableInvoker.java:105)
        at org.junit.jupiter.engine.execution.ExecutableInvoker$$Lambda$314/1810923540.apply(Unknown Source)
        at org.junit.jupiter.engine.execution.InvocationInterceptorChain$InterceptedInvocation.proceed(InvocationInterceptorChain.java:106)
        at org.junit.jupiter.engine.execution.InvocationInterceptorChain.proceed(InvocationInterceptorChain.java:64)
        at org.junit.jupiter.engine.execution.InvocationInterceptorChain.chainAndInvoke(InvocationInterceptorChain.java:45)
        at org.junit.jupiter.engine.execution.InvocationInterceptorChain.invoke(InvocationInterceptorChain.java:37)
        at org.junit.jupiter.engine.execution.ExecutableInvoker.invoke(ExecutableInvoker.java:104)
        at org.junit.jupiter.engine.execution.ExecutableInvoker.invoke(ExecutableInvoker.java:98)
        at org.junit.jupiter.engine.descriptor.TestMethodTestDescriptor.lambda$invokeTestMethod$7(TestMethodTestDescriptor.java:214)
        at org.junit.jupiter.engine.descriptor.TestMethodTestDescriptor$$Lambda$1176/1632379503.execute(Unknown Source)
        at org.junit.platform.engine.support.hierarchical.ThrowableCollector.execute(ThrowableCollector.java:73)
        at org.junit.jupiter.engine.descriptor.TestMethodTestDescriptor.invokeTestMethod(TestMethodTestDescriptor.java:210)
        at org.junit.jupiter.engine.descriptor.TestMethodTestDescriptor.execute(TestMethodTestDescriptor.java:135)
        at org.junit.jupiter.engine.descriptor.TestMethodTestDescriptor.execute(TestMethodTestDescriptor.java:66)
        at org.junit.platform.engine.support.hierarchical.NodeTestTask.lambda$executeRecursively$6(NodeTestTask.java:151)
        at org.junit.platform.engine.support.hierarchical.NodeTestTask$$Lambda$258/1067599825.execute(Unknown Source)
        at org.junit.platform.engine.support.hierarchical.ThrowableCollector.execute(ThrowableCollector.java:73)
        at org.junit.platform.engine.support.hierarchical.NodeTestTask.lambda$executeRecursively$8(NodeTestTask.java:141)
        at org.junit.platform.engine.support.hierarchical.NodeTestTask$$Lambda$257/44559647.invoke(Unknown Source)
        at org.junit.platform.engine.support.hierarchical.Node.around(Node.java:137)
        at org.junit.platform.engine.support.hierarchical.NodeTestTask.lambda$executeRecursively$9(NodeTestTask.java:139)
        at org.junit.platform.engine.support.hierarchical.NodeTestTask$$Lambda$256/1864116663.execute(Unknown Source)
        at org.junit.platform.engine.support.hierarchical.ThrowableCollector.execute(ThrowableCollector.java:73)
        at org.junit.platform.engine.support.hierarchical.NodeTestTask.executeRecursively(NodeTestTask.java:138)
        at org.junit.platform.engine.support.hierarchical.NodeTestTask.execute(NodeTestTask.java:95)
        at org.junit.platform.engine.support.hierarchical.SameThreadHierarchicalTestExecutorService$$Lambda$262/1336001042.accept(Unknown Source)
        at java.util.ArrayList.forEach(ArrayList.java:1259)
        at org.junit.platform.engine.support.hierarchical.SameThreadHierarchicalTestExecutorService.invokeAll(SameThreadHierarchicalTestExecutorService.java:41)
        at org.junit.platform.engine.support.hierarchical.NodeTestTask.lambda$executeRecursively$6(NodeTestTask.java:155)
        at org.junit.platform.engine.support.hierarchical.NodeTestTask$$Lambda$258/1067599825.execute(Unknown Source)
        at org.junit.platform.engine.support.hierarchical.ThrowableCollector.execute(ThrowableCollector.java:73)
        at org.junit.platform.engine.support.hierarchical.NodeTestTask.lambda$executeRecursively$8(NodeTestTask.java:141)
        at org.junit.platform.engine.support.hierarchical.NodeTestTask$$Lambda$257/44559647.invoke(Unknown Source)
        at org.junit.platform.engine.support.hierarchical.Node.around(Node.java:137)
        at org.junit.platform.engine.support.hierarchical.NodeTestTask.lambda$executeRecursively$9(NodeTestTask.java:139)
        at org.junit.platform.engine.support.hierarchical.NodeTestTask$$Lambda$256/1864116663.execute(Unknown Source)
        at org.junit.platform.engine.support.hierarchical.ThrowableCollector.execute(ThrowableCollector.java:73)
        at org.junit.platform.engine.support.hierarchical.NodeTestTask.executeRecursively(NodeTestTask.java:138)
        at org.junit.platform.engine.support.hierarchical.NodeTestTask.execute(NodeTestTask.java:95)
        at org.junit.platform.engine.support.hierarchical.SameThreadHierarchicalTestExecutorService$$Lambda$262/1336001042.accept(Unknown Source)
        at java.util.ArrayList.forEach(ArrayList.java:1259)
        at org.junit.platform.engine.support.hierarchical.SameThreadHierarchicalTestExecutorService.invokeAll(SameThreadHierarchicalTestExecutorService.java:41)
        at org.junit.platform.engine.support.hierarchical.NodeTestTask.lambda$executeRecursively$6(NodeTestTask.java:155)
        at org.junit.platform.engine.support.hierarchical.NodeTestTask$$Lambda$258/1067599825.execute(Unknown Source)
        at org.junit.platform.engine.support.hierarchical.ThrowableCollector.execute(ThrowableCollector.java:73)
        at org.junit.platform.engine.support.hierarchical.NodeTestTask.lambda$executeRecursively$8(NodeTestTask.java:141)
        at org.junit.platform.engine.support.hierarchical.NodeTestTask$$Lambda$257/44559647.invoke(Unknown Source)
        at org.junit.platform.engine.support.hierarchical.Node.around(Node.java:137)
        at org.junit.platform.engine.support.hierarchical.NodeTestTask.lambda$executeRecursively$9(NodeTestTask.java:139)
        at org.junit.platform.engine.support.hierarchical.NodeTestTask$$Lambda$256/1864116663.execute(Unknown Source)
        at org.junit.platform.engine.support.hierarchical.ThrowableCollector.execute(ThrowableCollector.java:73)
        at org.junit.platform.engine.support.hierarchical.NodeTestTask.executeRecursively(NodeTestTask.java:138)
        at org.junit.platform.engine.support.hierarchical.NodeTestTask.execute(NodeTestTask.java:95)
        at org.junit.platform.engine.support.hierarchical.SameThreadHierarchicalTestExecutorService.submit(SameThreadHierarchicalTestExecutorService.java:35)
        at org.junit.platform.engine.support.hierarchical.HierarchicalTestExecutor.execute(HierarchicalTestExecutor.java:57)
        at org.junit.platform.engine.support.hierarchical.HierarchicalTestEngine.execute(HierarchicalTestEngine.java:54)
        at org.junit.platform.launcher.core.EngineExecutionOrchestrator.execute(EngineExecutionOrchestrator.java:107)
        at org.junit.platform.launcher.core.EngineExecutionOrchestrator.execute(EngineExecutionOrchestrator.java:88)
        at org.junit.platform.launcher.core.EngineExecutionOrchestrator.lambda$execute$0(EngineExecutionOrchestrator.java:54)
        at org.junit.platform.launcher.core.EngineExecutionOrchestrator$$Lambda$214/2100440237.accept(Unknown Source)
        at org.junit.platform.launcher.core.EngineExecutionOrchestrator.withInterceptedStreams(EngineExecutionOrchestrator.java:67)
        at org.junit.platform.launcher.core.EngineExecutionOrchestrator.execute(EngineExecutionOrchestrator.java:52)
        at org.junit.platform.launcher.core.DefaultLauncher.execute(DefaultLauncher.java:114)
        at org.junit.platform.launcher.core.DefaultLauncher.execute(DefaultLauncher.java:86)
        at org.junit.platform.launcher.core.DefaultLauncherSession$DelegatingLauncher.execute(DefaultLauncherSession.java:86)
        at org.junit.platform.launcher.core.SessionPerRequestLauncher.execute(SessionPerRequestLauncher.java:53)
        at org.apache.maven.surefire.junitplatform.JUnitPlatformProvider.execute(JUnitPlatformProvider.java:188)
        at org.apache.maven.surefire.junitplatform.JUnitPlatformProvider.invokeAllTests(JUnitPlatformProvider.java:154)
        at org.apache.maven.surefire.junitplatform.JUnitPlatformProvider.invoke(JUnitPlatformProvider.java:124)
        at org.apache.maven.surefire.booter.ForkedBooter.runSuitesInProcess(ForkedBooter.java:428)
        at org.apache.maven.surefire.booter.ForkedBooter.execute(ForkedBooter.java:162)
        at org.apache.maven.surefire.booter.ForkedBooter.run(ForkedBooter.java:562)
        at org.apache.maven.surefire.booter.ForkedBooter.main(ForkedBooter.java:548)
"BlockDeletingService#1" daemon prio=5 tid=509 in Object.wait()
java.lang.Thread.State: WAITING (on object monitor)
        at sun.misc.Unsafe.park(Native Method)
        at java.util.concurrent.locks.LockSupport.park(LockSupport.java:175)
        at java.util.concurrent.locks.AbstractQueuedSynchronizer$ConditionObject.await(AbstractQueuedSynchronizer.java:2039)
        at java.util.concurrent.ScheduledThreadPoolExecutor$DelayedWorkQueue.take(ScheduledThreadPoolExecutor.java:1088)
        at java.util.concurrent.ScheduledThreadPoolExecutor$DelayedWorkQueue.take(ScheduledThreadPoolExecutor.java:809)
        at java.util.concurrent.ThreadPoolExecutor.getTask(ThreadPoolExecutor.java:1074)
        at java.util.concurrent.ThreadPoolExecutor.runWorker(ThreadPoolExecutor.java:1134)
        at java.util.concurrent.ThreadPoolExecutor$Worker.run(ThreadPoolExecutor.java:624)
        at java.lang.Thread.run(Thread.java:750)
"Periodic HDDS volume checker" daemon prio=5 tid=175 timed_waiting
java.lang.Thread.State: TIMED_WAITING
        at sun.misc.Unsafe.park(Native Method)
        at java.util.concurrent.locks.LockSupport.parkNanos(LockSupport.java:215)
        at java.util.concurrent.locks.AbstractQueuedSynchronizer$ConditionObject.awaitNanos(AbstractQueuedSynchronizer.java:2078)
        at java.util.concurrent.ScheduledThreadPoolExecutor$DelayedWorkQueue.take(ScheduledThreadPoolExecutor.java:1093)
        at java.util.concurrent.ScheduledThreadPoolExecutor$DelayedWorkQueue.take(ScheduledThreadPoolExecutor.java:809)
        at java.util.concurrent.ThreadPoolExecutor.getTask(ThreadPoolExecutor.java:1074)
        at java.util.concurrent.ThreadPoolExecutor.runWorker(ThreadPoolExecutor.java:1134)
        at java.util.concurrent.ThreadPoolExecutor$Worker.run(ThreadPoolExecutor.java:624)
        at java.lang.Thread.run(Thread.java:750)
"qtp1558845628-144" daemon prio=5 tid=144 runnable
java.lang.Thread.State: RUNNABLE
        at sun.nio.ch.EPollArrayWrapper.epollWait(Native Method)
        at sun.nio.ch.EPollArrayWrapper.poll(EPollArrayWrapper.java:269)
        at sun.nio.ch.EPollSelectorImpl.doSelect(EPollSelectorImpl.java:93)
        at sun.nio.ch.SelectorImpl.lockAndDoSelect(SelectorImpl.java:86)
        at sun.nio.ch.SelectorImpl.select(SelectorImpl.java:97)
        at sun.nio.ch.SelectorImpl.select(SelectorImpl.java:101)
        at org.eclipse.jetty.io.ManagedSelector.nioSelect(ManagedSelector.java:183)
        at org.eclipse.jetty.io.ManagedSelector.select(ManagedSelector.java:190)
        at org.eclipse.jetty.io.ManagedSelector$SelectorProducer.select(ManagedSelector.java:606)
        at org.eclipse.jetty.io.ManagedSelector$SelectorProducer.produce(ManagedSelector.java:543)
        at org.eclipse.jetty.util.thread.strategy.EatWhatYouKill.produceTask(EatWhatYouKill.java:362)
        at org.eclipse.jetty.util.thread.strategy.EatWhatYouKill.doProduce(EatWhatYouKill.java:186)
        at org.eclipse.jetty.util.thread.strategy.EatWhatYouKill.tryProduce(EatWhatYouKill.java:173)
        at org.eclipse.jetty.util.thread.strategy.EatWhatYouKill.produce(EatWhatYouKill.java:137)
        at org.eclipse.jetty.io.ManagedSelector$$Lambda$444/2093474881.run(Unknown Source)
        at org.eclipse.jetty.util.thread.QueuedThreadPool.runJob(QueuedThreadPool.java:883)
        at org.eclipse.jetty.util.thread.QueuedThreadPool$Runner.run(QueuedThreadPool.java:1034)
        at java.lang.Thread.run(Thread.java:750)
"0587405b-2ffa-4132-824d-547ca09f0e52@group-815F7F527F96-StateMachineUpdater" daemon prio=5 tid=580 timed_waiting
java.lang.Thread.State: TIMED_WAITING
        at sun.misc.Unsafe.park(Native Method)
        at java.util.concurrent.locks.LockSupport.parkNanos(LockSupport.java:215)
        at java.util.concurrent.locks.AbstractQueuedSynchronizer$ConditionObject.await(AbstractQueuedSynchronizer.java:2163)
        at org.apache.ratis.util.AwaitForSignal.await(AwaitForSignal.java:62)
        at org.apache.ratis.server.impl.StateMachineUpdater.waitForCommit(StateMachineUpdater.java:207)
        at org.apache.ratis.server.impl.StateMachineUpdater.run(StateMachineUpdater.java:176)
        at java.lang.Thread.run(Thread.java:750)
"EventQueue-HealthyReadonlyNodeForHealthyReadOnlyNodeHandler" daemon prio=5 tid=1027 in Object.wait()
java.lang.Thread.State: WAITING (on object monitor)
        at sun.misc.Unsafe.park(Native Method)
        at java.util.concurrent.locks.LockSupport.park(LockSupport.java:175)
        at java.util.concurrent.locks.AbstractQueuedSynchronizer$ConditionObject.await(AbstractQueuedSynchronizer.java:2039)
        at java.util.concurrent.LinkedBlockingQueue.take(LinkedBlockingQueue.java:442)
        at java.util.concurrent.ThreadPoolExecutor.getTask(ThreadPoolExecutor.java:1074)
        at java.util.concurrent.ThreadPoolExecutor.runWorker(ThreadPoolExecutor.java:1134)
        at java.util.concurrent.ThreadPoolExecutor$Worker.run(ThreadPoolExecutor.java:624)
        at java.lang.Thread.run(Thread.java:750)
"qtp163647132-293" daemon prio=5 tid=293 timed_waiting
java.lang.Thread.State: TIMED_WAITING
        at sun.misc.Unsafe.park(Native Method)
        at java.util.concurrent.locks.LockSupport.parkNanos(LockSupport.java:215)
        at java.util.concurrent.locks.AbstractQueuedSynchronizer$ConditionObject.awaitNanos(AbstractQueuedSynchronizer.java:2078)
        at org.eclipse.jetty.util.BlockingArrayQueue.poll(BlockingArrayQueue.java:382)
        at org.eclipse.jetty.util.thread.QueuedThreadPool$Runner.idleJobPoll(QueuedThreadPool.java:974)
        at org.eclipse.jetty.util.thread.QueuedThreadPool$Runner.run(QueuedThreadPool.java:1018)
        at java.lang.Thread.run(Thread.java:750)
"org.apache.hadoop.util.JvmPauseMonitor$Monitor@6893ad91" daemon prio=5 tid=227 timed_waiting
java.lang.Thread.State: TIMED_WAITING
        at java.lang.Thread.sleep(Native Method)
        at org.apache.hadoop.util.JvmPauseMonitor$Monitor.run(JvmPauseMonitor.java:192)
        at java.lang.Thread.run(Thread.java:750)
"IPC Server handler 17 on default port 42623" daemon prio=5 tid=103 timed_waiting
java.lang.Thread.State: TIMED_WAITING
        at sun.misc.Unsafe.park(Native Method)
        at java.util.concurrent.locks.LockSupport.parkNanos(LockSupport.java:215)
        at java.util.concurrent.locks.AbstractQueuedSynchronizer$ConditionObject.awaitNanos(AbstractQueuedSynchronizer.java:2078)
        at java.util.concurrent.LinkedBlockingQueue.poll(LinkedBlockingQueue.java:467)
        at org.apache.hadoop.ipc.CallQueueManager.take(CallQueueManager.java:317)
        at org.apache.hadoop.ipc.Server$Handler.run(Server.java:2942)
"BlockDeletingService#2" daemon prio=5 tid=1120 in Object.wait()
java.lang.Thread.State: WAITING (on object monitor)
        at sun.misc.Unsafe.park(Native Method)
        at java.util.concurrent.locks.LockSupport.park(LockSupport.java:175)
        at java.util.concurrent.locks.AbstractQueuedSynchronizer$ConditionObject.await(AbstractQueuedSynchronizer.java:2039)
        at java.util.concurrent.ScheduledThreadPoolExecutor$DelayedWorkQueue.take(ScheduledThreadPoolExecutor.java:1088)
        at java.util.concurrent.ScheduledThreadPoolExecutor$DelayedWorkQueue.take(ScheduledThreadPoolExecutor.java:809)
        at java.util.concurrent.ThreadPoolExecutor.getTask(ThreadPoolExecutor.java:1074)
        at java.util.concurrent.ThreadPoolExecutor.runWorker(ThreadPoolExecutor.java:1134)
        at java.util.concurrent.ThreadPoolExecutor$Worker.run(ThreadPoolExecutor.java:624)
        at java.lang.Thread.run(Thread.java:750)
"StaleRecoveringContainerScrubbingService#3" daemon prio=5 tid=888 in Object.wait()
java.lang.Thread.State: WAITING (on object monitor)
        at sun.misc.Unsafe.park(Native Method)
        at java.util.concurrent.locks.LockSupport.park(LockSupport.java:175)
        at java.util.concurrent.locks.AbstractQueuedSynchronizer$ConditionObject.await(AbstractQueuedSynchronizer.java:2039)
        at java.util.concurrent.ScheduledThreadPoolExecutor$DelayedWorkQueue.take(ScheduledThreadPoolExecutor.java:1088)
        at java.util.concurrent.ScheduledThreadPoolExecutor$DelayedWorkQueue.take(ScheduledThreadPoolExecutor.java:809)
        at java.util.concurrent.ThreadPoolExecutor.getTask(ThreadPoolExecutor.java:1074)
        at java.util.concurrent.ThreadPoolExecutor.runWorker(ThreadPoolExecutor.java:1134)
        at java.util.concurrent.ThreadPoolExecutor$Worker.run(ThreadPoolExecutor.java:624)
        at java.lang.Thread.run(Thread.java:750)
"Datanode ReportManager Thread - 0" daemon prio=5 tid=193 timed_waiting
java.lang.Thread.State: TIMED_WAITING
        at sun.misc.Unsafe.park(Native Method)
        at java.util.concurrent.locks.LockSupport.parkNanos(LockSupport.java:215)
        at java.util.concurrent.locks.AbstractQueuedSynchronizer$ConditionObject.awaitNanos(AbstractQueuedSynchronizer.java:2078)
        at java.util.concurrent.ScheduledThreadPoolExecutor$DelayedWorkQueue.take(ScheduledThreadPoolExecutor.java:1093)
        at java.util.concurrent.ScheduledThreadPoolExecutor$DelayedWorkQueue.take(ScheduledThreadPoolExecutor.java:809)
        at java.util.concurrent.ThreadPoolExecutor.getTask(ThreadPoolExecutor.java:1074)
        at java.util.concurrent.ThreadPoolExecutor.runWorker(ThreadPoolExecutor.java:1134)
        at java.util.concurrent.ThreadPoolExecutor$Worker.run(ThreadPoolExecutor.java:624)
        at java.lang.Thread.run(Thread.java:750)
"StaleRecoveringContainerScrubbingService#4" daemon prio=5 tid=935 in Object.wait()
java.lang.Thread.State: WAITING (on object monitor)
        at sun.misc.Unsafe.park(Native Method)
        at java.util.concurrent.locks.LockSupport.park(LockSupport.java:175)
        at java.util.concurrent.locks.AbstractQueuedSynchronizer$ConditionObject.await(AbstractQueuedSynchronizer.java:2039)
        at java.util.concurrent.ScheduledThreadPoolExecutor$DelayedWorkQueue.take(ScheduledThreadPoolExecutor.java:1088)
        at java.util.concurrent.ScheduledThreadPoolExecutor$DelayedWorkQueue.take(ScheduledThreadPoolExecutor.java:809)
        at java.util.concurrent.ThreadPoolExecutor.getTask(ThreadPoolExecutor.java:1074)
        at java.util.concurrent.ThreadPoolExecutor.runWorker(ThreadPoolExecutor.java:1134)
        at java.util.concurrent.ThreadPoolExecutor$Worker.run(ThreadPoolExecutor.java:624)
        at java.lang.Thread.run(Thread.java:750)
"Command processor thread" daemon prio=5 tid=304 timed_waiting
java.lang.Thread.State: TIMED_WAITING
        at java.lang.Thread.sleep(Native Method)
        at org.apache.hadoop.ozone.container.common.statemachine.DatanodeStateMachine.lambda$initCommandHandlerThread$3(DatanodeStateMachine.java:641)
        at org.apache.hadoop.ozone.container.common.statemachine.DatanodeStateMachine$$Lambda$755/1195612276.run(Unknown Source)
        at java.lang.Thread.run(Thread.java:750)
"Command processor thread" daemon prio=5 tid=226 timed_waiting
java.lang.Thread.State: TIMED_WAITING
        at java.lang.Thread.sleep(Native Method)
        at org.apache.hadoop.ozone.container.common.statemachine.DatanodeStateMachine.lambda$initCommandHandlerThread$3(DatanodeStateMachine.java:641)
        at org.apache.hadoop.ozone.container.common.statemachine.DatanodeStateMachine$$Lambda$755/1195612276.run(Unknown Source)
        at java.lang.Thread.run(Thread.java:750)
"IPC Server handler 1 on default port 44149" daemon prio=5 tid=154 timed_waiting
java.lang.Thread.State: TIMED_WAITING
        at sun.misc.Unsafe.park(Native Method)
        at java.util.concurrent.locks.LockSupport.parkNanos(LockSupport.java:215)
        at java.util.concurrent.locks.AbstractQueuedSynchronizer$ConditionObject.awaitNanos(AbstractQueuedSynchronizer.java:2078)
        at java.util.concurrent.LinkedBlockingQueue.poll(LinkedBlockingQueue.java:467)
        at org.apache.hadoop.ipc.CallQueueManager.take(CallQueueManager.java:317)
        at org.apache.hadoop.ipc.Server$Handler.run(Server.java:2942)
"StaleRecoveringContainerScrubbingService#8" daemon prio=5 tid=1135 in Object.wait()
java.lang.Thread.State: WAITING (on object monitor)
        at sun.misc.Unsafe.park(Native Method)
        at java.util.concurrent.locks.LockSupport.park(LockSupport.java:175)
        at java.util.concurrent.locks.AbstractQueuedSynchronizer$ConditionObject.await(AbstractQueuedSynchronizer.java:2039)
        at java.util.concurrent.ScheduledThreadPoolExecutor$DelayedWorkQueue.take(ScheduledThreadPoolExecutor.java:1088)
        at java.util.concurrent.ScheduledThreadPoolExecutor$DelayedWorkQueue.take(ScheduledThreadPoolExecutor.java:809)
        at java.util.concurrent.ThreadPoolExecutor.getTask(ThreadPoolExecutor.java:1074)
        at java.util.concurrent.ThreadPoolExecutor.runWorker(ThreadPoolExecutor.java:1134)
        at java.util.concurrent.ThreadPoolExecutor$Worker.run(ThreadPoolExecutor.java:624)
        at java.lang.Thread.run(Thread.java:750)
"Datanode State Machine Task Thread - 0"  prio=5 tid=200 in Object.wait()
java.lang.Thread.State: WAITING (on object monitor)
        at sun.misc.Unsafe.park(Native Method)
        at java.util.concurrent.locks.LockSupport.park(LockSupport.java:175)
        at java.util.concurrent.locks.AbstractQueuedSynchronizer$ConditionObject.await(AbstractQueuedSynchronizer.java:2039)
        at java.util.concurrent.LinkedBlockingQueue.take(LinkedBlockingQueue.java:442)
        at java.util.concurrent.ThreadPoolExecutor.getTask(ThreadPoolExecutor.java:1074)
        at java.util.concurrent.ThreadPoolExecutor.runWorker(ThreadPoolExecutor.java:1134)
        at java.util.concurrent.ThreadPoolExecutor$Worker.run(ThreadPoolExecutor.java:624)
        at java.lang.Thread.run(Thread.java:750)
"KeyDeletingService#0" daemon prio=5 tid=140 timed_waiting
java.lang.Thread.State: TIMED_WAITING
        at sun.misc.Unsafe.park(Native Method)
        at java.util.concurrent.locks.LockSupport.parkNanos(LockSupport.java:215)
        at java.util.concurrent.locks.AbstractQueuedSynchronizer$ConditionObject.awaitNanos(AbstractQueuedSynchronizer.java:2078)
        at java.util.concurrent.ScheduledThreadPoolExecutor$DelayedWorkQueue.take(ScheduledThreadPoolExecutor.java:1093)
        at java.util.concurrent.ScheduledThreadPoolExecutor$DelayedWorkQueue.take(ScheduledThreadPoolExecutor.java:809)
        at java.util.concurrent.ThreadPoolExecutor.getTask(ThreadPoolExecutor.java:1074)
        at java.util.concurrent.ThreadPoolExecutor.runWorker(ThreadPoolExecutor.java:1134)
        at java.util.concurrent.ThreadPoolExecutor$Worker.run(ThreadPoolExecutor.java:624)
        at java.lang.Thread.run(Thread.java:750)
"ChunkReader-9" daemon prio=5 tid=1080 in Object.wait()
java.lang.Thread.State: WAITING (on object monitor)
        at sun.misc.Unsafe.park(Native Method)
        at java.util.concurrent.locks.LockSupport.park(LockSupport.java:175)
        at java.util.concurrent.locks.AbstractQueuedSynchronizer$ConditionObject.await(AbstractQueuedSynchronizer.java:2039)
        at java.util.concurrent.LinkedBlockingQueue.take(LinkedBlockingQueue.java:442)
        at java.util.concurrent.ThreadPoolExecutor.getTask(ThreadPoolExecutor.java:1074)
        at java.util.concurrent.ThreadPoolExecutor.runWorker(ThreadPoolExecutor.java:1134)
        at java.util.concurrent.ThreadPoolExecutor$Worker.run(ThreadPoolExecutor.java:624)
        at java.lang.Thread.run(Thread.java:750)
"BlockDeletingService#1" daemon prio=5 tid=497 in Object.wait()
java.lang.Thread.State: WAITING (on object monitor)
        at sun.misc.Unsafe.park(Native Method)
        at java.util.concurrent.locks.LockSupport.park(LockSupport.java:175)
        at java.util.concurrent.locks.AbstractQueuedSynchronizer$ConditionObject.await(AbstractQueuedSynchronizer.java:2039)
        at java.util.concurrent.ScheduledThreadPoolExecutor$DelayedWorkQueue.take(ScheduledThreadPoolExecutor.java:1088)
        at java.util.concurrent.ScheduledThreadPoolExecutor$DelayedWorkQueue.take(ScheduledThreadPoolExecutor.java:809)
        at java.util.concurrent.ThreadPoolExecutor.getTask(ThreadPoolExecutor.java:1074)
        at java.util.concurrent.ThreadPoolExecutor.runWorker(ThreadPoolExecutor.java:1134)
        at java.util.concurrent.ThreadPoolExecutor$Worker.run(ThreadPoolExecutor.java:624)
        at java.lang.Thread.run(Thread.java:750)
"7726e7f5-b74c-4e4a-9680-a65a67c105af@group-99BD4D3A3F73-StateMachineUpdater" daemon prio=5 tid=660 timed_waiting
java.lang.Thread.State: TIMED_WAITING
        at sun.misc.Unsafe.park(Native Method)
        at java.util.concurrent.locks.LockSupport.parkNanos(LockSupport.java:215)
        at java.util.concurrent.locks.AbstractQueuedSynchronizer$ConditionObject.await(AbstractQueuedSynchronizer.java:2163)
        at org.apache.ratis.util.AwaitForSignal.await(AwaitForSignal.java:62)
        at org.apache.ratis.server.impl.StateMachineUpdater.waitForCommit(StateMachineUpdater.java:207)
        at org.apache.ratis.server.impl.StateMachineUpdater.run(StateMachineUpdater.java:176)
        at java.lang.Thread.run(Thread.java:750)
"BlockDeletingService#0" daemon prio=5 tid=397 timed_waiting
java.lang.Thread.State: TIMED_WAITING
        at sun.misc.Unsafe.park(Native Method)
        at java.util.concurrent.locks.LockSupport.parkNanos(LockSupport.java:215)
        at java.util.concurrent.locks.AbstractQueuedSynchronizer$ConditionObject.awaitNanos(AbstractQueuedSynchronizer.java:2078)
        at java.util.concurrent.ScheduledThreadPoolExecutor$DelayedWorkQueue.take(ScheduledThreadPoolExecutor.java:1093)
        at java.util.concurrent.ScheduledThreadPoolExecutor$DelayedWorkQueue.take(ScheduledThreadPoolExecutor.java:809)
        at java.util.concurrent.ThreadPoolExecutor.getTask(ThreadPoolExecutor.java:1074)
        at java.util.concurrent.ThreadPoolExecutor.runWorker(ThreadPoolExecutor.java:1134)
        at java.util.concurrent.ThreadPoolExecutor$Worker.run(ThreadPoolExecutor.java:624)
        at java.lang.Thread.run(Thread.java:750)
"FixedThreadPoolWithAffinityExecutor-8-0" daemon prio=5 tid=43 timed_waiting
java.lang.Thread.State: TIMED_WAITING
        at sun.misc.Unsafe.park(Native Method)
        at java.util.concurrent.locks.LockSupport.parkNanos(LockSupport.java:215)
        at java.util.concurrent.locks.AbstractQueuedSynchronizer$ConditionObject.awaitNanos(AbstractQueuedSynchronizer.java:2078)
        at java.util.concurrent.LinkedBlockingQueue.poll(LinkedBlockingQueue.java:467)
        at org.apache.hadoop.hdds.scm.server.ContainerReportQueue.poll(ContainerReportQueue.java:266)
        at org.apache.hadoop.hdds.scm.server.ContainerReportQueue.poll(ContainerReportQueue.java:42)
        at org.apache.hadoop.hdds.server.events.FixedThreadPoolWithAffinityExecutor$ContainerReportProcessTask.run(FixedThreadPoolWithAffinityExecutor.java:248)
        at java.util.concurrent.Executors$RunnableAdapter.call(Executors.java:511)
        at java.util.concurrent.FutureTask.run(FutureTask.java:266)
        at java.util.concurrent.ThreadPoolExecutor.runWorker(ThreadPoolExecutor.java:1149)
        at java.util.concurrent.ThreadPoolExecutor$Worker.run(ThreadPoolExecutor.java:624)
        at java.lang.Thread.run(Thread.java:750)
"2497daeb-967d-49ad-8f28-1297e8c4c732@group-99BD4D3A3F73-FollowerState" daemon prio=5 tid=906 timed_waiting
java.lang.Thread.State: TIMED_WAITING
        at java.lang.Thread.sleep(Native Method)
        at java.lang.Thread.sleep(Thread.java:342)
        at java.util.concurrent.TimeUnit.sleep(TimeUnit.java:386)
        at org.apache.ratis.util.TimeDuration.sleep(TimeDuration.java:325)
        at org.apache.ratis.util.TimeDuration.sleep(TimeDuration.java:310)
        at org.apache.ratis.server.impl.FollowerState.run(FollowerState.java:128)
"StaleRecoveringContainerScrubbingService#1" daemon prio=5 tid=400 in Object.wait()
java.lang.Thread.State: WAITING (on object monitor)
        at sun.misc.Unsafe.park(Native Method)
        at java.util.concurrent.locks.LockSupport.park(LockSupport.java:175)
        at java.util.concurrent.locks.AbstractQueuedSynchronizer$ConditionObject.await(AbstractQueuedSynchronizer.java:2039)
        at java.util.concurrent.ScheduledThreadPoolExecutor$DelayedWorkQueue.take(ScheduledThreadPoolExecutor.java:1088)
        at java.util.concurrent.ScheduledThreadPoolExecutor$DelayedWorkQueue.take(ScheduledThreadPoolExecutor.java:809)
        at java.util.concurrent.ThreadPoolExecutor.getTask(ThreadPoolExecutor.java:1074)
        at java.util.concurrent.ThreadPoolExecutor.runWorker(ThreadPoolExecutor.java:1134)
        at java.util.concurrent.ThreadPoolExecutor$Worker.run(ThreadPoolExecutor.java:624)
        at java.lang.Thread.run(Thread.java:750)
"StaleRecoveringContainerScrubbingService#9" daemon prio=5 tid=1142 in Object.wait()
java.lang.Thread.State: WAITING (on object monitor)
        at sun.misc.Unsafe.park(Native Method)
        at java.util.concurrent.locks.LockSupport.park(LockSupport.java:175)
        at java.util.concurrent.locks.AbstractQueuedSynchronizer$ConditionObject.await(AbstractQueuedSynchronizer.java:2039)
        at java.util.concurrent.ScheduledThreadPoolExecutor$DelayedWorkQueue.take(ScheduledThreadPoolExecutor.java:1088)
        at java.util.concurrent.ScheduledThreadPoolExecutor$DelayedWorkQueue.take(ScheduledThreadPoolExecutor.java:809)
        at java.util.concurrent.ThreadPoolExecutor.getTask(ThreadPoolExecutor.java:1074)
        at java.util.concurrent.ThreadPoolExecutor.runWorker(ThreadPoolExecutor.java:1134)
        at java.util.concurrent.ThreadPoolExecutor$Worker.run(ThreadPoolExecutor.java:624)
        at java.lang.Thread.run(Thread.java:750)
"EndpointStateMachine task thread for /0.0.0.0:42623 - 0 "  prio=5 tid=530 in Object.wait()
java.lang.Thread.State: WAITING (on object monitor)
        at sun.misc.Unsafe.park(Native Method)
        at java.util.concurrent.locks.LockSupport.park(LockSupport.java:175)
        at java.util.concurrent.locks.AbstractQueuedSynchronizer$ConditionObject.await(AbstractQueuedSynchronizer.java:2039)
        at java.util.concurrent.LinkedBlockingQueue.take(LinkedBlockingQueue.java:442)
        at java.util.concurrent.ThreadPoolExecutor.getTask(ThreadPoolExecutor.java:1074)
        at java.util.concurrent.ThreadPoolExecutor.runWorker(ThreadPoolExecutor.java:1134)
        at java.util.concurrent.ThreadPoolExecutor$Worker.run(ThreadPoolExecutor.java:624)
        at java.lang.Thread.run(Thread.java:750)
"470e2686-24c9-4e42-bae6-1f3a72650c76-server-thread3" daemon prio=5 tid=796 timed_waiting
java.lang.Thread.State: TIMED_WAITING
        at sun.misc.Unsafe.park(Native Method)
        at java.util.concurrent.locks.LockSupport.parkNanos(LockSupport.java:215)
        at java.util.concurrent.SynchronousQueue$TransferStack.awaitFulfill(SynchronousQueue.java:460)
        at java.util.concurrent.SynchronousQueue$TransferStack.transfer(SynchronousQueue.java:362)
        at java.util.concurrent.SynchronousQueue.poll(SynchronousQueue.java:941)
        at java.util.concurrent.ThreadPoolExecutor.getTask(ThreadPoolExecutor.java:1073)
        at java.util.concurrent.ThreadPoolExecutor.runWorker(ThreadPoolExecutor.java:1134)
        at java.util.concurrent.ThreadPoolExecutor$Worker.run(ThreadPoolExecutor.java:624)
        at java.lang.Thread.run(Thread.java:750)
"grpc-default-boss-ELG-1-1" daemon prio=5 tid=137 runnable
java.lang.Thread.State: RUNNABLE
        at org.apache.ratis.thirdparty.io.netty.channel.epoll.Native.epollWait(Native Method)
        at org.apache.ratis.thirdparty.io.netty.channel.epoll.Native.epollWait(Native.java:209)
        at org.apache.ratis.thirdparty.io.netty.channel.epoll.Native.epollWait(Native.java:202)
        at org.apache.ratis.thirdparty.io.netty.channel.epoll.EpollEventLoop.epollWaitNoTimerChange(EpollEventLoop.java:294)
        at org.apache.ratis.thirdparty.io.netty.channel.epoll.EpollEventLoop.run(EpollEventLoop.java:351)
        at org.apache.ratis.thirdparty.io.netty.util.concurrent.SingleThreadEventExecutor$4.run(SingleThreadEventExecutor.java:995)
        at org.apache.ratis.thirdparty.io.netty.util.internal.ThreadExecutorMap$2.run(ThreadExecutorMap.java:74)
        at org.apache.ratis.thirdparty.io.netty.util.concurrent.FastThreadLocalRunnable.run(FastThreadLocalRunnable.java:30)
        at java.lang.Thread.run(Thread.java:750)
"ChunkWriter-3-0" daemon prio=5 tid=534 in Object.wait()
java.lang.Thread.State: WAITING (on object monitor)
        at sun.misc.Unsafe.park(Native Method)
        at java.util.concurrent.locks.LockSupport.park(LockSupport.java:175)
        at java.util.concurrent.locks.AbstractQueuedSynchronizer$ConditionObject.await(AbstractQueuedSynchronizer.java:2039)
        at java.util.concurrent.LinkedBlockingDeque.takeFirst(LinkedBlockingDeque.java:492)
        at java.util.concurrent.LinkedBlockingDeque.take(LinkedBlockingDeque.java:680)
        at java.util.concurrent.ThreadPoolExecutor.getTask(ThreadPoolExecutor.java:1074)
        at java.util.concurrent.ThreadPoolExecutor.runWorker(ThreadPoolExecutor.java:1134)
        at java.util.concurrent.ThreadPoolExecutor$Worker.run(ThreadPoolExecutor.java:624)
        at java.lang.Thread.run(Thread.java:750)
"org.apache.hadoop.util.JvmPauseMonitor$Monitor@d0cc450" daemon prio=5 tid=331 timed_waiting
java.lang.Thread.State: TIMED_WAITING
        at java.lang.Thread.sleep(Native Method)
        at org.apache.hadoop.util.JvmPauseMonitor$Monitor.run(JvmPauseMonitor.java:192)
        at java.lang.Thread.run(Thread.java:750)
"ChunkWriter-2-0" daemon prio=5 tid=355 in Object.wait()
java.lang.Thread.State: WAITING (on object monitor)
        at sun.misc.Unsafe.park(Native Method)
        at java.util.concurrent.locks.LockSupport.park(LockSupport.java:175)
        at java.util.concurrent.locks.AbstractQueuedSynchronizer$ConditionObject.await(AbstractQueuedSynchronizer.java:2039)
        at java.util.concurrent.LinkedBlockingDeque.takeFirst(LinkedBlockingDeque.java:492)
        at java.util.concurrent.LinkedBlockingDeque.take(LinkedBlockingDeque.java:680)
        at java.util.concurrent.ThreadPoolExecutor.getTask(ThreadPoolExecutor.java:1074)
        at java.util.concurrent.ThreadPoolExecutor.runWorker(ThreadPoolExecutor.java:1134)
        at java.util.concurrent.ThreadPoolExecutor$Worker.run(ThreadPoolExecutor.java:624)
        at java.lang.Thread.run(Thread.java:750)
"IPC Server handler 5 on default port 38325" daemon prio=5 tid=51 timed_waiting
java.lang.Thread.State: TIMED_WAITING
        at sun.misc.Unsafe.park(Native Method)
        at java.util.concurrent.locks.LockSupport.parkNanos(LockSupport.java:215)
        at java.util.concurrent.locks.AbstractQueuedSynchronizer$ConditionObject.awaitNanos(AbstractQueuedSynchronizer.java:2078)
        at java.util.concurrent.LinkedBlockingQueue.poll(LinkedBlockingQueue.java:467)
        at org.apache.hadoop.ipc.CallQueueManager.take(CallQueueManager.java:317)
        at org.apache.hadoop.ipc.Server$Handler.run(Server.java:2942)
"StaleRecoveringContainerScrubbingService#3" daemon prio=5 tid=917 in Object.wait()
java.lang.Thread.State: WAITING (on object monitor)
        at sun.misc.Unsafe.park(Native Method)
        at java.util.concurrent.locks.LockSupport.park(LockSupport.java:175)
        at java.util.concurrent.locks.AbstractQueuedSynchronizer$ConditionObject.await(AbstractQueuedSynchronizer.java:2039)
        at java.util.concurrent.ScheduledThreadPoolExecutor$DelayedWorkQueue.take(ScheduledThreadPoolExecutor.java:1088)
        at java.util.concurrent.ScheduledThreadPoolExecutor$DelayedWorkQueue.take(ScheduledThreadPoolExecutor.java:809)
        at java.util.concurrent.ThreadPoolExecutor.getTask(ThreadPoolExecutor.java:1074)
        at java.util.concurrent.ThreadPoolExecutor.runWorker(ThreadPoolExecutor.java:1134)
        at java.util.concurrent.ThreadPoolExecutor$Worker.run(ThreadPoolExecutor.java:624)
        at java.lang.Thread.run(Thread.java:750)
"IPC Server handler 0 on default port 42623" daemon prio=5 tid=86 timed_waiting
java.lang.Thread.State: TIMED_WAITING
        at sun.misc.Unsafe.park(Native Method)
        at java.util.concurrent.locks.LockSupport.parkNanos(LockSupport.java:215)
        at java.util.concurrent.locks.AbstractQueuedSynchronizer$ConditionObject.awaitNanos(AbstractQueuedSynchronizer.java:2078)
        at java.util.concurrent.LinkedBlockingQueue.poll(LinkedBlockingQueue.java:467)
        at org.apache.hadoop.ipc.CallQueueManager.take(CallQueueManager.java:317)
        at org.apache.hadoop.ipc.Server$Handler.run(Server.java:2942)
"cc93147f-bc2d-4803-9a7c-bfa6df100165-server-thread1" daemon prio=5 tid=895 timed_waiting
java.lang.Thread.State: TIMED_WAITING
        at sun.misc.Unsafe.park(Native Method)
        at java.util.concurrent.locks.LockSupport.parkNanos(LockSupport.java:215)
        at java.util.concurrent.SynchronousQueue$TransferStack.awaitFulfill(SynchronousQueue.java:460)
        at java.util.concurrent.SynchronousQueue$TransferStack.transfer(SynchronousQueue.java:362)
        at java.util.concurrent.SynchronousQueue.poll(SynchronousQueue.java:941)
        at java.util.concurrent.ThreadPoolExecutor.getTask(ThreadPoolExecutor.java:1073)
        at java.util.concurrent.ThreadPoolExecutor.runWorker(ThreadPoolExecutor.java:1134)
        at java.util.concurrent.ThreadPoolExecutor$Worker.run(ThreadPoolExecutor.java:624)
        at java.lang.Thread.run(Thread.java:750)
"org.apache.hadoop.util.JvmPauseMonitor$Monitor@2f5f543" daemon prio=5 tid=173 timed_waiting
java.lang.Thread.State: TIMED_WAITING
        at java.lang.Thread.sleep(Native Method)
        at org.apache.hadoop.util.JvmPauseMonitor$Monitor.run(JvmPauseMonitor.java:192)
        at java.lang.Thread.run(Thread.java:750)
"IPC Server handler 12 on default port 42623" daemon prio=5 tid=98 timed_waiting
java.lang.Thread.State: TIMED_WAITING
        at sun.misc.Unsafe.park(Native Method)
        at java.util.concurrent.locks.LockSupport.parkNanos(LockSupport.java:215)
        at java.util.concurrent.locks.AbstractQueuedSynchronizer$ConditionObject.awaitNanos(AbstractQueuedSynchronizer.java:2078)
        at java.util.concurrent.LinkedBlockingQueue.poll(LinkedBlockingQueue.java:467)
        at org.apache.hadoop.ipc.CallQueueManager.take(CallQueueManager.java:317)
        at org.apache.hadoop.ipc.Server$Handler.run(Server.java:2942)
"StaleRecoveringContainerScrubbingService#2" daemon prio=5 tid=746 timed_waiting
java.lang.Thread.State: TIMED_WAITING
        at sun.misc.Unsafe.park(Native Method)
        at java.util.concurrent.locks.LockSupport.parkNanos(LockSupport.java:215)
        at java.util.concurrent.locks.AbstractQueuedSynchronizer$ConditionObject.awaitNanos(AbstractQueuedSynchronizer.java:2078)
        at java.util.concurrent.ScheduledThreadPoolExecutor$DelayedWorkQueue.take(ScheduledThreadPoolExecutor.java:1093)
        at java.util.concurrent.ScheduledThreadPoolExecutor$DelayedWorkQueue.take(ScheduledThreadPoolExecutor.java:809)
        at java.util.concurrent.ThreadPoolExecutor.getTask(ThreadPoolExecutor.java:1074)
        at java.util.concurrent.ThreadPoolExecutor.runWorker(ThreadPoolExecutor.java:1134)
        at java.util.concurrent.ThreadPoolExecutor$Worker.run(ThreadPoolExecutor.java:624)
        at java.lang.Thread.run(Thread.java:750)
"EndpointStateMachine task thread for /0.0.0.0:42623 - 0 "  prio=5 tid=554 in Object.wait()
java.lang.Thread.State: WAITING (on object monitor)
        at sun.misc.Unsafe.park(Native Method)
        at java.util.concurrent.locks.LockSupport.park(LockSupport.java:175)
        at java.util.concurrent.locks.AbstractQueuedSynchronizer$ConditionObject.await(AbstractQueuedSynchronizer.java:2039)
        at java.util.concurrent.LinkedBlockingQueue.take(LinkedBlockingQueue.java:442)
        at java.util.concurrent.ThreadPoolExecutor.getTask(ThreadPoolExecutor.java:1074)
        at java.util.concurrent.ThreadPoolExecutor.runWorker(ThreadPoolExecutor.java:1134)
        at java.util.concurrent.ThreadPoolExecutor$Worker.run(ThreadPoolExecutor.java:624)
        at java.lang.Thread.run(Thread.java:750)
"Socket Reader #1 for port 0"  prio=5 tid=130 runnable
java.lang.Thread.State: RUNNABLE
        at sun.nio.ch.EPollArrayWrapper.epollWait(Native Method)
        at sun.nio.ch.EPollArrayWrapper.poll(EPollArrayWrapper.java:269)
        at sun.nio.ch.EPollSelectorImpl.doSelect(EPollSelectorImpl.java:93)
        at sun.nio.ch.SelectorImpl.lockAndDoSelect(SelectorImpl.java:86)
        at sun.nio.ch.SelectorImpl.select(SelectorImpl.java:97)
        at sun.nio.ch.SelectorImpl.select(SelectorImpl.java:101)
        at org.apache.hadoop.ipc.Server$Listener$Reader.doRunLoop(Server.java:1296)
        at org.apache.hadoop.ipc.Server$Listener$Reader.run(Server.java:1275)
"Datanode ReportManager Thread - 1" daemon prio=5 tid=365 timed_waiting
java.lang.Thread.State: TIMED_WAITING
        at sun.misc.Unsafe.park(Native Method)
        at java.util.concurrent.locks.LockSupport.parkNanos(LockSupport.java:215)
        at java.util.concurrent.locks.AbstractQueuedSynchronizer$ConditionObject.awaitNanos(AbstractQueuedSynchronizer.java:2078)
        at java.util.concurrent.ScheduledThreadPoolExecutor$DelayedWorkQueue.take(ScheduledThreadPoolExecutor.java:1093)
        at java.util.concurrent.ScheduledThreadPoolExecutor$DelayedWorkQueue.take(ScheduledThreadPoolExecutor.java:809)
        at java.util.concurrent.ThreadPoolExecutor.getTask(ThreadPoolExecutor.java:1074)
        at java.util.concurrent.ThreadPoolExecutor.runWorker(ThreadPoolExecutor.java:1134)
        at java.util.concurrent.ThreadPoolExecutor$Worker.run(ThreadPoolExecutor.java:624)
        at java.lang.Thread.run(Thread.java:750)
"ec-reconstruct-reader-TID-1"  prio=5 tid=957 in Object.wait()
java.lang.Thread.State: WAITING (on object monitor)
        at sun.misc.Unsafe.park(Native Method)
        at java.util.concurrent.locks.LockSupport.park(LockSupport.java:175)
        at java.util.concurrent.SynchronousQueue$TransferStack.awaitFulfill(SynchronousQueue.java:458)
        at java.util.concurrent.SynchronousQueue$TransferStack.transfer(SynchronousQueue.java:362)
        at java.util.concurrent.SynchronousQueue.take(SynchronousQueue.java:924)
        at java.util.concurrent.ThreadPoolExecutor.getTask(ThreadPoolExecutor.java:1074)
        at java.util.concurrent.ThreadPoolExecutor.runWorker(ThreadPoolExecutor.java:1134)
        at java.util.concurrent.ThreadPoolExecutor$Worker.run(ThreadPoolExecutor.java:624)
        at java.lang.Thread.run(Thread.java:750)
"831a834c-0d76-4477-9113-3f6aa01da917@group-86C4A20D7C89-SegmentedRaftLogWorker"  prio=5 tid=625 timed_waiting
java.lang.Thread.State: TIMED_WAITING
        at sun.misc.Unsafe.park(Native Method)
        at java.util.concurrent.locks.LockSupport.parkNanos(LockSupport.java:215)
        at java.util.concurrent.locks.AbstractQueuedSynchronizer$ConditionObject.awaitNanos(AbstractQueuedSynchronizer.java:2078)
        at org.apache.ratis.util.DataBlockingQueue.poll(DataBlockingQueue.java:148)
        at org.apache.ratis.server.raftlog.segmented.SegmentedRaftLogWorker.run(SegmentedRaftLogWorker.java:312)
        at org.apache.ratis.server.raftlog.segmented.SegmentedRaftLogWorker$$Lambda$667/1522169736.run(Unknown Source)
        at java.lang.Thread.run(Thread.java:750)
"cc93147f-bc2d-4803-9a7c-bfa6df100165@group-86C4A20D7C89-StateMachineUpdater" daemon prio=5 tid=638 timed_waiting
java.lang.Thread.State: TIMED_WAITING
        at sun.misc.Unsafe.park(Native Method)
        at java.util.concurrent.locks.LockSupport.parkNanos(LockSupport.java:215)
        at java.util.concurrent.locks.AbstractQueuedSynchronizer$ConditionObject.await(AbstractQueuedSynchronizer.java:2163)
        at org.apache.ratis.util.AwaitForSignal.await(AwaitForSignal.java:62)
        at org.apache.ratis.server.impl.StateMachineUpdater.waitForCommit(StateMachineUpdater.java:207)
        at org.apache.ratis.server.impl.StateMachineUpdater.run(StateMachineUpdater.java:176)
        at java.lang.Thread.run(Thread.java:750)
"IPC Server handler 11 on default port 42623" daemon prio=5 tid=97 timed_waiting
java.lang.Thread.State: TIMED_WAITING
        at sun.misc.Unsafe.park(Native Method)
        at java.util.concurrent.locks.LockSupport.parkNanos(LockSupport.java:215)
        at java.util.concurrent.locks.AbstractQueuedSynchronizer$ConditionObject.awaitNanos(AbstractQueuedSynchronizer.java:2078)
        at java.util.concurrent.LinkedBlockingQueue.poll(LinkedBlockingQueue.java:467)
        at org.apache.hadoop.ipc.CallQueueManager.take(CallQueueManager.java:317)
        at org.apache.hadoop.ipc.Server$Handler.run(Server.java:2942)
"Datanode ReportManager Thread - 4" daemon prio=5 tid=197 timed_waiting
java.lang.Thread.State: TIMED_WAITING
        at sun.misc.Unsafe.park(Native Method)
        at java.util.concurrent.locks.LockSupport.parkNanos(LockSupport.java:215)
        at java.util.concurrent.locks.AbstractQueuedSynchronizer$ConditionObject.awaitNanos(AbstractQueuedSynchronizer.java:2078)
        at java.util.concurrent.ScheduledThreadPoolExecutor$DelayedWorkQueue.take(ScheduledThreadPoolExecutor.java:1093)
        at java.util.concurrent.ScheduledThreadPoolExecutor$DelayedWorkQueue.take(ScheduledThreadPoolExecutor.java:809)
        at java.util.concurrent.ThreadPoolExecutor.getTask(ThreadPoolExecutor.java:1074)
        at java.util.concurrent.ThreadPoolExecutor.runWorker(ThreadPoolExecutor.java:1134)
        at java.util.concurrent.ThreadPoolExecutor$Worker.run(ThreadPoolExecutor.java:624)
        at java.lang.Thread.run(Thread.java:750)
"org.apache.hadoop.util.JvmPauseMonitor$Monitor@3cd28235" daemon prio=5 tid=107 timed_waiting
java.lang.Thread.State: TIMED_WAITING
        at java.lang.Thread.sleep(Native Method)
        at org.apache.hadoop.util.JvmPauseMonitor$Monitor.run(JvmPauseMonitor.java:192)
        at java.lang.Thread.run(Thread.java:750)
"StaleRecoveringContainerScrubbingService#3" daemon prio=5 tid=867 in Object.wait()
java.lang.Thread.State: WAITING (on object monitor)
        at sun.misc.Unsafe.park(Native Method)
        at java.util.concurrent.locks.LockSupport.park(LockSupport.java:175)
        at java.util.concurrent.locks.AbstractQueuedSynchronizer$ConditionObject.await(AbstractQueuedSynchronizer.java:2039)
        at java.util.concurrent.ScheduledThreadPoolExecutor$DelayedWorkQueue.take(ScheduledThreadPoolExecutor.java:1088)
        at java.util.concurrent.ScheduledThreadPoolExecutor$DelayedWorkQueue.take(ScheduledThreadPoolExecutor.java:809)
        at java.util.concurrent.ThreadPoolExecutor.getTask(ThreadPoolExecutor.java:1074)
        at java.util.concurrent.ThreadPoolExecutor.runWorker(ThreadPoolExecutor.java:1134)
        at java.util.concurrent.ThreadPoolExecutor$Worker.run(ThreadPoolExecutor.java:624)
        at java.lang.Thread.run(Thread.java:750)
"ChunkReader-1" daemon prio=5 tid=823 in Object.wait()
java.lang.Thread.State: WAITING (on object monitor)
        at sun.misc.Unsafe.park(Native Method)
        at java.util.concurrent.locks.LockSupport.park(LockSupport.java:175)
        at java.util.concurrent.locks.AbstractQueuedSynchronizer$ConditionObject.await(AbstractQueuedSynchronizer.java:2039)
        at java.util.concurrent.LinkedBlockingQueue.take(LinkedBlockingQueue.java:442)
        at java.util.concurrent.ThreadPoolExecutor.getTask(ThreadPoolExecutor.java:1074)
        at java.util.concurrent.ThreadPoolExecutor.runWorker(ThreadPoolExecutor.java:1134)
        at java.util.concurrent.ThreadPoolExecutor$Worker.run(ThreadPoolExecutor.java:624)
        at java.lang.Thread.run(Thread.java:750)
"ChunkReader-0" daemon prio=5 tid=1076 in Object.wait()
java.lang.Thread.State: WAITING (on object monitor)
        at sun.misc.Unsafe.park(Native Method)
        at java.util.concurrent.locks.LockSupport.park(LockSupport.java:175)
        at java.util.concurrent.locks.AbstractQueuedSynchronizer$ConditionObject.await(AbstractQueuedSynchronizer.java:2039)
        at java.util.concurrent.LinkedBlockingQueue.take(LinkedBlockingQueue.java:442)
        at java.util.concurrent.ThreadPoolExecutor.getTask(ThreadPoolExecutor.java:1074)
        at java.util.concurrent.ThreadPoolExecutor.runWorker(ThreadPoolExecutor.java:1134)
        at java.util.concurrent.ThreadPoolExecutor$Worker.run(ThreadPoolExecutor.java:624)
        at java.lang.Thread.run(Thread.java:750)
"ChunkWriter-3-0" daemon prio=5 tid=470 in Object.wait()
java.lang.Thread.State: WAITING (on object monitor)
        at sun.misc.Unsafe.park(Native Method)
        at java.util.concurrent.locks.LockSupport.park(LockSupport.java:175)
        at java.util.concurrent.locks.AbstractQueuedSynchronizer$ConditionObject.await(AbstractQueuedSynchronizer.java:2039)
        at java.util.concurrent.LinkedBlockingDeque.takeFirst(LinkedBlockingDeque.java:492)
        at java.util.concurrent.LinkedBlockingDeque.take(LinkedBlockingDeque.java:680)
        at java.util.concurrent.ThreadPoolExecutor.getTask(ThreadPoolExecutor.java:1074)
        at java.util.concurrent.ThreadPoolExecutor.runWorker(ThreadPoolExecutor.java:1134)
        at java.util.concurrent.ThreadPoolExecutor$Worker.run(ThreadPoolExecutor.java:624)
        at java.lang.Thread.run(Thread.java:750)
"qtp1054778873-422" daemon prio=5 tid=422 timed_waiting
java.lang.Thread.State: TIMED_WAITING
        at sun.misc.Unsafe.park(Native Method)
        at java.util.concurrent.locks.LockSupport.parkNanos(LockSupport.java:215)
        at java.util.concurrent.locks.AbstractQueuedSynchronizer$ConditionObject.awaitNanos(AbstractQueuedSynchronizer.java:2078)
        at org.eclipse.jetty.util.BlockingArrayQueue.poll(BlockingArrayQueue.java:382)
        at org.eclipse.jetty.util.thread.QueuedThreadPool$Runner.idleJobPoll(QueuedThreadPool.java:974)
        at org.eclipse.jetty.util.thread.QueuedThreadPool$Runner.run(QueuedThreadPool.java:1018)
        at java.lang.Thread.run(Thread.java:750)
"JvmPauseMonitor4" daemon prio=5 tid=471 timed_waiting
java.lang.Thread.State: TIMED_WAITING
        at java.lang.Thread.sleep(Native Method)
        at java.lang.Thread.sleep(Thread.java:342)
        at java.util.concurrent.TimeUnit.sleep(TimeUnit.java:386)
        at org.apache.ratis.util.TimeDuration.sleep(TimeDuration.java:325)
        at org.apache.ratis.util.TimeDuration.sleep(TimeDuration.java:310)
        at org.apache.ratis.util.JvmPauseMonitor.detectPause(JvmPauseMonitor.java:119)
        at org.apache.ratis.util.JvmPauseMonitor.run(JvmPauseMonitor.java:108)
        at org.apache.ratis.util.JvmPauseMonitor$$Lambda$708/135372099.run(Unknown Source)
        at java.lang.Thread.run(Thread.java:750)
"qtp1970665441-112" daemon prio=5 tid=112 timed_waiting
java.lang.Thread.State: TIMED_WAITING
        at sun.misc.Unsafe.park(Native Method)
        at java.util.concurrent.locks.LockSupport.parkNanos(LockSupport.java:215)
        at java.util.concurrent.locks.AbstractQueuedSynchronizer$ConditionObject.awaitNanos(AbstractQueuedSynchronizer.java:2078)
        at org.eclipse.jetty.util.BlockingArrayQueue.poll(BlockingArrayQueue.java:382)
        at org.eclipse.jetty.util.thread.QueuedThreadPool$Runner.idleJobPoll(QueuedThreadPool.java:974)
        at org.eclipse.jetty.util.thread.QueuedThreadPool$Runner.run(QueuedThreadPool.java:1018)
        at java.lang.Thread.run(Thread.java:750)
"ChunkReader-3" daemon prio=5 tid=831 in Object.wait()
java.lang.Thread.State: WAITING (on object monitor)
        at sun.misc.Unsafe.park(Native Method)
        at java.util.concurrent.locks.LockSupport.park(LockSupport.java:175)
        at java.util.concurrent.locks.AbstractQueuedSynchronizer$ConditionObject.await(AbstractQueuedSynchronizer.java:2039)
        at java.util.concurrent.LinkedBlockingQueue.take(LinkedBlockingQueue.java:442)
        at java.util.concurrent.ThreadPoolExecutor.getTask(ThreadPoolExecutor.java:1074)
        at java.util.concurrent.ThreadPoolExecutor.runWorker(ThreadPoolExecutor.java:1134)
        at java.util.concurrent.ThreadPoolExecutor$Worker.run(ThreadPoolExecutor.java:624)
        at java.lang.Thread.run(Thread.java:750)
"IPC Server handler 10 on default port 45237" daemon prio=5 tid=76 timed_waiting
java.lang.Thread.State: TIMED_WAITING
        at sun.misc.Unsafe.park(Native Method)
        at java.util.concurrent.locks.LockSupport.parkNanos(LockSupport.java:215)
        at java.util.concurrent.locks.AbstractQueuedSynchronizer$ConditionObject.awaitNanos(AbstractQueuedSynchronizer.java:2078)
        at java.util.concurrent.LinkedBlockingQueue.poll(LinkedBlockingQueue.java:467)
        at org.apache.hadoop.ipc.CallQueueManager.take(CallQueueManager.java:317)
        at org.apache.hadoop.ipc.Server$Handler.run(Server.java:2942)
"Datanode ReportManager Thread - 2" daemon prio=5 tid=404 timed_waiting
java.lang.Thread.State: TIMED_WAITING
        at sun.misc.Unsafe.park(Native Method)
        at java.util.concurrent.locks.LockSupport.parkNanos(LockSupport.java:215)
        at java.util.concurrent.locks.AbstractQueuedSynchronizer$ConditionObject.awaitNanos(AbstractQueuedSynchronizer.java:2078)
        at java.util.concurrent.ScheduledThreadPoolExecutor$DelayedWorkQueue.take(ScheduledThreadPoolExecutor.java:1093)
        at java.util.concurrent.ScheduledThreadPoolExecutor$DelayedWorkQueue.take(ScheduledThreadPoolExecutor.java:809)
        at java.util.concurrent.ThreadPoolExecutor.getTask(ThreadPoolExecutor.java:1074)
        at java.util.concurrent.ThreadPoolExecutor.runWorker(ThreadPoolExecutor.java:1134)
        at java.util.concurrent.ThreadPoolExecutor$Worker.run(ThreadPoolExecutor.java:624)
        at java.lang.Thread.run(Thread.java:750)
"ChunkReader-8" daemon prio=5 tid=961 in Object.wait()
java.lang.Thread.State: WAITING (on object monitor)
        at sun.misc.Unsafe.park(Native Method)
        at java.util.concurrent.locks.LockSupport.park(LockSupport.java:175)
        at java.util.concurrent.locks.AbstractQueuedSynchronizer$ConditionObject.await(AbstractQueuedSynchronizer.java:2039)
        at java.util.concurrent.LinkedBlockingQueue.take(LinkedBlockingQueue.java:442)
        at java.util.concurrent.ThreadPoolExecutor.getTask(ThreadPoolExecutor.java:1074)
        at java.util.concurrent.ThreadPoolExecutor.runWorker(ThreadPoolExecutor.java:1134)
        at java.util.concurrent.ThreadPoolExecutor$Worker.run(ThreadPoolExecutor.java:624)
        at java.lang.Thread.run(Thread.java:750)
"3ddade9d-4289-4127-b7c4-830dd518ff0a@group-E388FC27C872-StateMachineUpdater" daemon prio=5 tid=668 timed_waiting
java.lang.Thread.State: TIMED_WAITING
        at sun.misc.Unsafe.park(Native Method)
        at java.util.concurrent.locks.LockSupport.parkNanos(LockSupport.java:215)
        at java.util.concurrent.locks.AbstractQueuedSynchronizer$ConditionObject.await(AbstractQueuedSynchronizer.java:2163)
        at org.apache.ratis.util.AwaitForSignal.await(AwaitForSignal.java:62)
        at org.apache.ratis.server.impl.StateMachineUpdater.waitForCommit(StateMachineUpdater.java:207)
        at org.apache.ratis.server.impl.StateMachineUpdater.run(StateMachineUpdater.java:176)
        at java.lang.Thread.run(Thread.java:750)
"ChunkWriter-1-0" daemon prio=5 tid=354 in Object.wait()
java.lang.Thread.State: WAITING (on object monitor)
        at sun.misc.Unsafe.park(Native Method)
        at java.util.concurrent.locks.LockSupport.park(LockSupport.java:175)
        at java.util.concurrent.locks.AbstractQueuedSynchronizer$ConditionObject.await(AbstractQueuedSynchronizer.java:2039)
        at java.util.concurrent.LinkedBlockingDeque.takeFirst(LinkedBlockingDeque.java:492)
        at java.util.concurrent.LinkedBlockingDeque.take(LinkedBlockingDeque.java:680)
        at java.util.concurrent.ThreadPoolExecutor.getTask(ThreadPoolExecutor.java:1074)
        at java.util.concurrent.ThreadPoolExecutor.runWorker(ThreadPoolExecutor.java:1134)
        at java.util.concurrent.ThreadPoolExecutor$Worker.run(ThreadPoolExecutor.java:624)
        at java.lang.Thread.run(Thread.java:750)
"PartialTableCache Cleanup Thread - 0" daemon prio=5 tid=1086 in Object.wait()
java.lang.Thread.State: WAITING (on object monitor)
        at sun.misc.Unsafe.park(Native Method)
        at java.util.concurrent.locks.LockSupport.park(LockSupport.java:175)
        at java.util.concurrent.locks.AbstractQueuedSynchronizer$ConditionObject.await(AbstractQueuedSynchronizer.java:2039)
        at java.util.concurrent.LinkedBlockingQueue.take(LinkedBlockingQueue.java:442)
        at java.util.concurrent.ThreadPoolExecutor.getTask(ThreadPoolExecutor.java:1074)
        at java.util.concurrent.ThreadPoolExecutor.runWorker(ThreadPoolExecutor.java:1134)
        at java.util.concurrent.ThreadPoolExecutor$Worker.run(ThreadPoolExecutor.java:624)
        at java.lang.Thread.run(Thread.java:750)
"ChunkReader-ELG-0" daemon prio=5 tid=536 runnable
java.lang.Thread.State: RUNNABLE
        at org.apache.ratis.thirdparty.io.netty.channel.epoll.Native.epollWait0(Native Method)
        at org.apache.ratis.thirdparty.io.netty.channel.epoll.Native.epollWait(Native.java:182)
        at org.apache.ratis.thirdparty.io.netty.channel.epoll.EpollEventLoop.epollWait(EpollEventLoop.java:290)
        at org.apache.ratis.thirdparty.io.netty.channel.epoll.EpollEventLoop.run(EpollEventLoop.java:354)
        at org.apache.ratis.thirdparty.io.netty.util.concurrent.SingleThreadEventExecutor$4.run(SingleThreadEventExecutor.java:995)
        at org.apache.ratis.thirdparty.io.netty.util.internal.ThreadExecutorMap$2.run(ThreadExecutorMap.java:74)
        at java.lang.Thread.run(Thread.java:750)
"qtp1712704558-185" daemon prio=5 tid=185 timed_waiting
java.lang.Thread.State: TIMED_WAITING
        at sun.misc.Unsafe.park(Native Method)
        at java.util.concurrent.locks.LockSupport.parkNanos(LockSupport.java:215)
        at java.util.concurrent.locks.AbstractQueuedSynchronizer$ConditionObject.awaitNanos(AbstractQueuedSynchronizer.java:2078)
        at org.eclipse.jetty.util.BlockingArrayQueue.poll(BlockingArrayQueue.java:382)
        at org.eclipse.jetty.util.thread.QueuedThreadPool$Runner.idleJobPoll(QueuedThreadPool.java:974)
        at org.eclipse.jetty.util.thread.QueuedThreadPool$Runner.run(QueuedThreadPool.java:1018)
        at java.lang.Thread.run(Thread.java:750)
"StaleRecoveringContainerScrubbingService#0" daemon prio=5 tid=495 in Object.wait()
java.lang.Thread.State: WAITING (on object monitor)
        at sun.misc.Unsafe.park(Native Method)
        at java.util.concurrent.locks.LockSupport.park(LockSupport.java:175)
        at java.util.concurrent.locks.AbstractQueuedSynchronizer$ConditionObject.await(AbstractQueuedSynchronizer.java:2039)
        at java.util.concurrent.ScheduledThreadPoolExecutor$DelayedWorkQueue.take(ScheduledThreadPoolExecutor.java:1088)
        at java.util.concurrent.ScheduledThreadPoolExecutor$DelayedWorkQueue.take(ScheduledThreadPoolExecutor.java:809)
        at java.util.concurrent.ThreadPoolExecutor.getTask(ThreadPoolExecutor.java:1074)
        at java.util.concurrent.ThreadPoolExecutor.runWorker(ThreadPoolExecutor.java:1134)
        at java.util.concurrent.ThreadPoolExecutor$Worker.run(ThreadPoolExecutor.java:624)
        at java.lang.Thread.run(Thread.java:750)
"PartialTableCache Cleanup Thread - 0" daemon prio=5 tid=840 in Object.wait()
java.lang.Thread.State: WAITING (on object monitor)
        at sun.misc.Unsafe.park(Native Method)
        at java.util.concurrent.locks.LockSupport.park(LockSupport.java:175)
        at java.util.concurrent.locks.AbstractQueuedSynchronizer$ConditionObject.await(AbstractQueuedSynchronizer.java:2039)
        at java.util.concurrent.LinkedBlockingQueue.take(LinkedBlockingQueue.java:442)
        at java.util.concurrent.ThreadPoolExecutor.getTask(ThreadPoolExecutor.java:1074)
        at java.util.concurrent.ThreadPoolExecutor.runWorker(ThreadPoolExecutor.java:1134)
        at java.util.concurrent.ThreadPoolExecutor$Worker.run(ThreadPoolExecutor.java:624)
        at java.lang.Thread.run(Thread.java:750)
"qtp1905824639-384" daemon prio=5 tid=384 timed_waiting
java.lang.Thread.State: TIMED_WAITING
        at sun.misc.Unsafe.park(Native Method)
        at java.util.concurrent.locks.LockSupport.parkNanos(LockSupport.java:215)
        at java.util.concurrent.locks.AbstractQueuedSynchronizer$ConditionObject.awaitNanos(AbstractQueuedSynchronizer.java:2078)
        at org.eclipse.jetty.util.BlockingArrayQueue.poll(BlockingArrayQueue.java:382)
        at org.eclipse.jetty.util.thread.QueuedThreadPool$Runner.idleJobPoll(QueuedThreadPool.java:974)
        at org.eclipse.jetty.util.thread.QueuedThreadPool$Runner.run(QueuedThreadPool.java:1018)
        at java.lang.Thread.run(Thread.java:750)
"ChunkReader-0" daemon prio=5 tid=813 in Object.wait()
java.lang.Thread.State: WAITING (on object monitor)
        at sun.misc.Unsafe.park(Native Method)
        at java.util.concurrent.locks.LockSupport.park(LockSupport.java:175)
        at java.util.concurrent.locks.AbstractQueuedSynchronizer$ConditionObject.await(AbstractQueuedSynchronizer.java:2039)
        at java.util.concurrent.LinkedBlockingQueue.take(LinkedBlockingQueue.java:442)
        at java.util.concurrent.ThreadPoolExecutor.getTask(ThreadPoolExecutor.java:1074)
        at java.util.concurrent.ThreadPoolExecutor.runWorker(ThreadPoolExecutor.java:1134)
        at java.util.concurrent.ThreadPoolExecutor$Worker.run(ThreadPoolExecutor.java:624)
        at java.lang.Thread.run(Thread.java:750)
"IPC Server listener on 0" daemon prio=5 tid=129 runnable
java.lang.Thread.State: RUNNABLE
        at sun.nio.ch.EPollArrayWrapper.epollWait(Native Method)
        at sun.nio.ch.EPollArrayWrapper.poll(EPollArrayWrapper.java:269)
        at sun.nio.ch.EPollSelectorImpl.doSelect(EPollSelectorImpl.java:93)
        at sun.nio.ch.SelectorImpl.lockAndDoSelect(SelectorImpl.java:86)
        at sun.nio.ch.SelectorImpl.select(SelectorImpl.java:97)
        at sun.nio.ch.SelectorImpl.select(SelectorImpl.java:101)
        at org.apache.hadoop.ipc.Server$Listener.run(Server.java:1358)
"3ddade9d-4289-4127-b7c4-830dd518ff0a@group-99BD4D3A3F73->7726e7f5-b74c-4e4a-9680-a65a67c105af-GrpcLogAppender-LogAppenderDaemon" daemon prio=5 tid=910 timed_waiting
java.lang.Thread.State: TIMED_WAITING
        at sun.misc.Unsafe.park(Native Method)
        at java.util.concurrent.locks.LockSupport.parkNanos(LockSupport.java:215)
        at java.util.concurrent.locks.AbstractQueuedSynchronizer$ConditionObject.await(AbstractQueuedSynchronizer.java:2163)
        at org.apache.ratis.util.AwaitForSignal.await(AwaitForSignal.java:62)
        at org.apache.ratis.grpc.server.GrpcLogAppender.mayWait(GrpcLogAppender.java:198)
        at org.apache.ratis.grpc.server.GrpcLogAppender.run(GrpcLogAppender.java:148)
        at org.apache.ratis.server.leader.LogAppenderDaemon.run(LogAppenderDaemon.java:78)
        at org.apache.ratis.server.leader.LogAppenderDaemon$$Lambda$1043/1492857369.run(Unknown Source)
        at java.lang.Thread.run(Thread.java:750)
"StaleRecoveringContainerScrubbingService#6" daemon prio=5 tid=1025 in Object.wait()
java.lang.Thread.State: WAITING (on object monitor)
        at sun.misc.Unsafe.park(Native Method)
        at java.util.concurrent.locks.LockSupport.park(LockSupport.java:175)
        at java.util.concurrent.locks.AbstractQueuedSynchronizer$ConditionObject.await(AbstractQueuedSynchronizer.java:2039)
        at java.util.concurrent.ScheduledThreadPoolExecutor$DelayedWorkQueue.take(ScheduledThreadPoolExecutor.java:1088)
        at java.util.concurrent.ScheduledThreadPoolExecutor$DelayedWorkQueue.take(ScheduledThreadPoolExecutor.java:809)
        at java.util.concurrent.ThreadPoolExecutor.getTask(ThreadPoolExecutor.java:1074)
        at java.util.concurrent.ThreadPoolExecutor.runWorker(ThreadPoolExecutor.java:1134)
        at java.util.concurrent.ThreadPoolExecutor$Worker.run(ThreadPoolExecutor.java:624)
        at java.lang.Thread.run(Thread.java:750)
"IPC Server handler 1 on default port 42623" daemon prio=5 tid=87 timed_waiting
java.lang.Thread.State: TIMED_WAITING
        at sun.misc.Unsafe.park(Native Method)
        at java.util.concurrent.locks.LockSupport.parkNanos(LockSupport.java:215)
        at java.util.concurrent.locks.AbstractQueuedSynchronizer$ConditionObject.awaitNanos(AbstractQueuedSynchronizer.java:2078)
        at java.util.concurrent.LinkedBlockingQueue.poll(LinkedBlockingQueue.java:467)
        at org.apache.hadoop.ipc.CallQueueManager.take(CallQueueManager.java:317)
        at org.apache.hadoop.ipc.Server$Handler.run(Server.java:2942)
"StaleRecoveringContainerScrubbingService#6" daemon prio=5 tid=1023 in Object.wait()
java.lang.Thread.State: WAITING (on object monitor)
        at sun.misc.Unsafe.park(Native Method)
        at java.util.concurrent.locks.LockSupport.park(LockSupport.java:175)
        at java.util.concurrent.locks.AbstractQueuedSynchronizer$ConditionObject.await(AbstractQueuedSynchronizer.java:2039)
        at java.util.concurrent.ScheduledThreadPoolExecutor$DelayedWorkQueue.take(ScheduledThreadPoolExecutor.java:1088)
        at java.util.concurrent.ScheduledThreadPoolExecutor$DelayedWorkQueue.take(ScheduledThreadPoolExecutor.java:809)
        at java.util.concurrent.ThreadPoolExecutor.getTask(ThreadPoolExecutor.java:1074)
        at java.util.concurrent.ThreadPoolExecutor.runWorker(ThreadPoolExecutor.java:1134)
        at java.util.concurrent.ThreadPoolExecutor$Worker.run(ThreadPoolExecutor.java:624)
        at java.lang.Thread.run(Thread.java:750)
"pool-256-thread-1" daemon prio=5 tid=413 timed_waiting
java.lang.Thread.State: TIMED_WAITING
        at sun.misc.Unsafe.park(Native Method)
        at java.util.concurrent.locks.LockSupport.parkNanos(LockSupport.java:215)
        at java.util.concurrent.locks.AbstractQueuedSynchronizer$ConditionObject.awaitNanos(AbstractQueuedSynchronizer.java:2078)
        at java.util.concurrent.ScheduledThreadPoolExecutor$DelayedWorkQueue.take(ScheduledThreadPoolExecutor.java:1093)
        at java.util.concurrent.ScheduledThreadPoolExecutor$DelayedWorkQueue.take(ScheduledThreadPoolExecutor.java:809)
        at java.util.concurrent.ThreadPoolExecutor.getTask(ThreadPoolExecutor.java:1074)
        at java.util.concurrent.ThreadPoolExecutor.runWorker(ThreadPoolExecutor.java:1134)
        at java.util.concurrent.ThreadPoolExecutor$Worker.run(ThreadPoolExecutor.java:624)
        at java.lang.Thread.run(Thread.java:750)
"ChunkWriter-1-0" daemon prio=5 tid=544 in Object.wait()
java.lang.Thread.State: WAITING (on object monitor)
        at sun.misc.Unsafe.park(Native Method)
        at java.util.concurrent.locks.LockSupport.park(LockSupport.java:175)
        at java.util.concurrent.locks.AbstractQueuedSynchronizer$ConditionObject.await(AbstractQueuedSynchronizer.java:2039)
        at java.util.concurrent.LinkedBlockingDeque.takeFirst(LinkedBlockingDeque.java:492)
        at java.util.concurrent.LinkedBlockingDeque.take(LinkedBlockingDeque.java:680)
        at java.util.concurrent.ThreadPoolExecutor.getTask(ThreadPoolExecutor.java:1074)
        at java.util.concurrent.ThreadPoolExecutor.runWorker(ThreadPoolExecutor.java:1134)
        at java.util.concurrent.ThreadPoolExecutor$Worker.run(ThreadPoolExecutor.java:624)
        at java.lang.Thread.run(Thread.java:750)
"ChunkWriter-1-0" daemon prio=5 tid=392 in Object.wait()
java.lang.Thread.State: WAITING (on object monitor)
        at sun.misc.Unsafe.park(Native Method)
        at java.util.concurrent.locks.LockSupport.park(LockSupport.java:175)
        at java.util.concurrent.locks.AbstractQueuedSynchronizer$ConditionObject.await(AbstractQueuedSynchronizer.java:2039)
        at java.util.concurrent.LinkedBlockingDeque.takeFirst(LinkedBlockingDeque.java:492)
        at java.util.concurrent.LinkedBlockingDeque.take(LinkedBlockingDeque.java:680)
        at java.util.concurrent.ThreadPoolExecutor.getTask(ThreadPoolExecutor.java:1074)
        at java.util.concurrent.ThreadPoolExecutor.runWorker(ThreadPoolExecutor.java:1134)
        at java.util.concurrent.ThreadPoolExecutor$Worker.run(ThreadPoolExecutor.java:624)
        at java.lang.Thread.run(Thread.java:750)
"timer2" daemon prio=5 tid=762 timed_waiting
java.lang.Thread.State: TIMED_WAITING
        at java.lang.Object.wait(Native Method)
        at java.util.TimerThread.mainLoop(Timer.java:552)
        at java.util.TimerThread.run(Timer.java:505)
"ChunkReader-4" daemon prio=5 tid=952 in Object.wait()
java.lang.Thread.State: WAITING (on object monitor)
        at sun.misc.Unsafe.park(Native Method)
        at java.util.concurrent.locks.LockSupport.park(LockSupport.java:175)
        at java.util.concurrent.locks.AbstractQueuedSynchronizer$ConditionObject.await(AbstractQueuedSynchronizer.java:2039)
        at java.util.concurrent.LinkedBlockingQueue.take(LinkedBlockingQueue.java:442)
        at java.util.concurrent.ThreadPoolExecutor.getTask(ThreadPoolExecutor.java:1074)
        at java.util.concurrent.ThreadPoolExecutor.runWorker(ThreadPoolExecutor.java:1134)
        at java.util.concurrent.ThreadPoolExecutor$Worker.run(ThreadPoolExecutor.java:624)
        at java.lang.Thread.run(Thread.java:750)
"qtp381504811-218" daemon prio=5 tid=218 timed_waiting
java.lang.Thread.State: TIMED_WAITING
        at sun.misc.Unsafe.park(Native Method)
        at java.util.concurrent.locks.LockSupport.parkNanos(LockSupport.java:215)
        at java.util.concurrent.locks.AbstractQueuedSynchronizer$ConditionObject.awaitNanos(AbstractQueuedSynchronizer.java:2078)
        at org.eclipse.jetty.util.BlockingArrayQueue.poll(BlockingArrayQueue.java:382)
        at org.eclipse.jetty.util.thread.QueuedThreadPool$Runner.idleJobPoll(QueuedThreadPool.java:974)
        at org.eclipse.jetty.util.thread.QueuedThreadPool$Runner.run(QueuedThreadPool.java:1018)
        at java.lang.Thread.run(Thread.java:750)
"ec-reconstruct-reader-TID-2"  prio=5 tid=958 in Object.wait()
java.lang.Thread.State: WAITING (on object monitor)
        at sun.misc.Unsafe.park(Native Method)
        at java.util.concurrent.locks.LockSupport.park(LockSupport.java:175)
        at java.util.concurrent.SynchronousQueue$TransferStack.awaitFulfill(SynchronousQueue.java:458)
        at java.util.concurrent.SynchronousQueue$TransferStack.transfer(SynchronousQueue.java:362)
        at java.util.concurrent.SynchronousQueue.take(SynchronousQueue.java:924)
        at java.util.concurrent.ThreadPoolExecutor.getTask(ThreadPoolExecutor.java:1074)
        at java.util.concurrent.ThreadPoolExecutor.runWorker(ThreadPoolExecutor.java:1134)
        at java.util.concurrent.ThreadPoolExecutor$Worker.run(ThreadPoolExecutor.java:624)
        at java.lang.Thread.run(Thread.java:750)
"StaleRecoveringContainerScrubbingService#2" daemon prio=5 tid=708 timed_waiting
java.lang.Thread.State: TIMED_WAITING
        at sun.misc.Unsafe.park(Native Method)
        at java.util.concurrent.locks.LockSupport.parkNanos(LockSupport.java:215)
        at java.util.concurrent.locks.AbstractQueuedSynchronizer$ConditionObject.awaitNanos(AbstractQueuedSynchronizer.java:2078)
        at java.util.concurrent.ScheduledThreadPoolExecutor$DelayedWorkQueue.take(ScheduledThreadPoolExecutor.java:1093)
        at java.util.concurrent.ScheduledThreadPoolExecutor$DelayedWorkQueue.take(ScheduledThreadPoolExecutor.java:809)
        at java.util.concurrent.ThreadPoolExecutor.getTask(ThreadPoolExecutor.java:1074)
        at java.util.concurrent.ThreadPoolExecutor.runWorker(ThreadPoolExecutor.java:1134)
        at java.util.concurrent.ThreadPoolExecutor$Worker.run(ThreadPoolExecutor.java:624)
        at java.lang.Thread.run(Thread.java:750)
"IPC Server Responder" daemon prio=5 tid=30 runnable
java.lang.Thread.State: RUNNABLE
        at sun.nio.ch.EPollArrayWrapper.epollWait(Native Method)
        at sun.nio.ch.EPollArrayWrapper.poll(EPollArrayWrapper.java:269)
        at sun.nio.ch.EPollSelectorImpl.doSelect(EPollSelectorImpl.java:93)
        at sun.nio.ch.SelectorImpl.lockAndDoSelect(SelectorImpl.java:86)
        at sun.nio.ch.SelectorImpl.select(SelectorImpl.java:97)
        at org.apache.hadoop.ipc.Server$Responder.doRunLoop(Server.java:1532)
        at org.apache.hadoop.ipc.Server$Responder.run(Server.java:1515)
"Datanode State Machine Task Thread - 1"  prio=5 tid=529 in Object.wait()
java.lang.Thread.State: WAITING (on object monitor)
        at sun.misc.Unsafe.park(Native Method)
        at java.util.concurrent.locks.LockSupport.park(LockSupport.java:175)
        at java.util.concurrent.locks.AbstractQueuedSynchronizer$ConditionObject.await(AbstractQueuedSynchronizer.java:2039)
        at java.util.concurrent.LinkedBlockingQueue.take(LinkedBlockingQueue.java:442)
        at java.util.concurrent.ThreadPoolExecutor.getTask(ThreadPoolExecutor.java:1074)
        at java.util.concurrent.ThreadPoolExecutor.runWorker(ThreadPoolExecutor.java:1134)
        at java.util.concurrent.ThreadPoolExecutor$Worker.run(ThreadPoolExecutor.java:624)
        at java.lang.Thread.run(Thread.java:750)
"qtp1310868976-265" daemon prio=5 tid=265 timed_waiting
java.lang.Thread.State: TIMED_WAITING
        at sun.misc.Unsafe.park(Native Method)
        at java.util.concurrent.locks.LockSupport.parkNanos(LockSupport.java:215)
        at java.util.concurrent.locks.AbstractQueuedSynchronizer$ConditionObject.awaitNanos(AbstractQueuedSynchronizer.java:2078)
        at org.eclipse.jetty.util.BlockingArrayQueue.poll(BlockingArrayQueue.java:382)
        at org.eclipse.jetty.util.thread.QueuedThreadPool$Runner.idleJobPoll(QueuedThreadPool.java:974)
        at org.eclipse.jetty.util.thread.QueuedThreadPool$Runner.run(QueuedThreadPool.java:1018)
        at java.lang.Thread.run(Thread.java:750)
"Datanode State Machine Task Thread - 1"  prio=5 tid=498 in Object.wait()
java.lang.Thread.State: WAITING (on object monitor)
        at sun.misc.Unsafe.park(Native Method)
        at java.util.concurrent.locks.LockSupport.park(LockSupport.java:175)
        at java.util.concurrent.locks.AbstractQueuedSynchronizer$ConditionObject.await(AbstractQueuedSynchronizer.java:2039)
        at java.util.concurrent.LinkedBlockingQueue.take(LinkedBlockingQueue.java:442)
        at java.util.concurrent.ThreadPoolExecutor.getTask(ThreadPoolExecutor.java:1074)
        at java.util.concurrent.ThreadPoolExecutor.runWorker(ThreadPoolExecutor.java:1134)
        at java.util.concurrent.ThreadPoolExecutor$Worker.run(ThreadPoolExecutor.java:624)
        at java.lang.Thread.run(Thread.java:750)
"JvmPauseMonitor1" daemon prio=5 tid=357 timed_waiting
java.lang.Thread.State: TIMED_WAITING
        at java.lang.Thread.sleep(Native Method)
        at java.lang.Thread.sleep(Thread.java:342)
        at java.util.concurrent.TimeUnit.sleep(TimeUnit.java:386)
        at org.apache.ratis.util.TimeDuration.sleep(TimeDuration.java:325)
        at org.apache.ratis.util.TimeDuration.sleep(TimeDuration.java:310)
        at org.apache.ratis.util.JvmPauseMonitor.detectPause(JvmPauseMonitor.java:119)
        at org.apache.ratis.util.JvmPauseMonitor.run(JvmPauseMonitor.java:108)
        at org.apache.ratis.util.JvmPauseMonitor$$Lambda$708/135372099.run(Unknown Source)
        at java.lang.Thread.run(Thread.java:750)
"Session-HouseKeeper-74267ece-1"  prio=5 tid=117 timed_waiting
java.lang.Thread.State: TIMED_WAITING
        at sun.misc.Unsafe.park(Native Method)
        at java.util.concurrent.locks.LockSupport.parkNanos(LockSupport.java:215)
        at java.util.concurrent.locks.AbstractQueuedSynchronizer$ConditionObject.awaitNanos(AbstractQueuedSynchronizer.java:2078)
        at java.util.concurrent.ScheduledThreadPoolExecutor$DelayedWorkQueue.take(ScheduledThreadPoolExecutor.java:1093)
        at java.util.concurrent.ScheduledThreadPoolExecutor$DelayedWorkQueue.take(ScheduledThreadPoolExecutor.java:809)
        at java.util.concurrent.ThreadPoolExecutor.getTask(ThreadPoolExecutor.java:1074)
        at java.util.concurrent.ThreadPoolExecutor.runWorker(ThreadPoolExecutor.java:1134)
        at java.util.concurrent.ThreadPoolExecutor$Worker.run(ThreadPoolExecutor.java:624)
        at java.lang.Thread.run(Thread.java:750)
"ChunkWriter-2-0" daemon prio=5 tid=545 in Object.wait()
java.lang.Thread.State: WAITING (on object monitor)
        at sun.misc.Unsafe.park(Native Method)
        at java.util.concurrent.locks.LockSupport.park(LockSupport.java:175)
        at java.util.concurrent.locks.AbstractQueuedSynchronizer$ConditionObject.await(AbstractQueuedSynchronizer.java:2039)
        at java.util.concurrent.LinkedBlockingDeque.takeFirst(LinkedBlockingDeque.java:492)
        at java.util.concurrent.LinkedBlockingDeque.take(LinkedBlockingDeque.java:680)
        at java.util.concurrent.ThreadPoolExecutor.getTask(ThreadPoolExecutor.java:1074)
        at java.util.concurrent.ThreadPoolExecutor.runWorker(ThreadPoolExecutor.java:1134)
        at java.util.concurrent.ThreadPoolExecutor$Worker.run(ThreadPoolExecutor.java:624)
        at java.lang.Thread.run(Thread.java:750)
"IPC Server handler 6 on default port 38325" daemon prio=5 tid=52 timed_waiting
java.lang.Thread.State: TIMED_WAITING
        at sun.misc.Unsafe.park(Native Method)
        at java.util.concurrent.locks.LockSupport.parkNanos(LockSupport.java:215)
        at java.util.concurrent.locks.AbstractQueuedSynchronizer$ConditionObject.awaitNanos(AbstractQueuedSynchronizer.java:2078)
        at java.util.concurrent.LinkedBlockingQueue.poll(LinkedBlockingQueue.java:467)
        at org.apache.hadoop.ipc.CallQueueManager.take(CallQueueManager.java:317)
        at org.apache.hadoop.ipc.Server$Handler.run(Server.java:2942)
"grpc-default-worker-ELG-3-1" daemon prio=5 tid=574 runnable
java.lang.Thread.State: RUNNABLE
        at org.apache.ratis.thirdparty.io.netty.channel.epoll.Native.epollWait0(Native Method)
        at org.apache.ratis.thirdparty.io.netty.channel.epoll.Native.epollWait(Native.java:182)
        at org.apache.ratis.thirdparty.io.netty.channel.epoll.EpollEventLoop.epollWait(EpollEventLoop.java:290)
        at org.apache.ratis.thirdparty.io.netty.channel.epoll.EpollEventLoop.run(EpollEventLoop.java:354)
        at org.apache.ratis.thirdparty.io.netty.util.concurrent.SingleThreadEventExecutor$4.run(SingleThreadEventExecutor.java:995)
        at org.apache.ratis.thirdparty.io.netty.util.internal.ThreadExecutorMap$2.run(ThreadExecutorMap.java:74)
        at org.apache.ratis.thirdparty.io.netty.util.concurrent.FastThreadLocalRunnable.run(FastThreadLocalRunnable.java:30)
        at java.lang.Thread.run(Thread.java:750)
"Session-HouseKeeper-62e42995-1"  prio=5 tid=152 timed_waiting
java.lang.Thread.State: TIMED_WAITING
        at sun.misc.Unsafe.park(Native Method)
        at java.util.concurrent.locks.LockSupport.parkNanos(LockSupport.java:215)
        at java.util.concurrent.locks.AbstractQueuedSynchronizer$ConditionObject.awaitNanos(AbstractQueuedSynchronizer.java:2078)
        at java.util.concurrent.ScheduledThreadPoolExecutor$DelayedWorkQueue.take(ScheduledThreadPoolExecutor.java:1093)
        at java.util.concurrent.ScheduledThreadPoolExecutor$DelayedWorkQueue.take(ScheduledThreadPoolExecutor.java:809)
        at java.util.concurrent.ThreadPoolExecutor.getTask(ThreadPoolExecutor.java:1074)
        at java.util.concurrent.ThreadPoolExecutor.runWorker(ThreadPoolExecutor.java:1134)
        at java.util.concurrent.ThreadPoolExecutor$Worker.run(ThreadPoolExecutor.java:624)
        at java.lang.Thread.run(Thread.java:750)
"Periodic HDDS volume checker" daemon prio=5 tid=334 timed_waiting
java.lang.Thread.State: TIMED_WAITING
        at sun.misc.Unsafe.park(Native Method)
        at java.util.concurrent.locks.LockSupport.parkNanos(LockSupport.java:215)
        at java.util.concurrent.locks.AbstractQueuedSynchronizer$ConditionObject.awaitNanos(AbstractQueuedSynchronizer.java:2078)
        at java.util.concurrent.ScheduledThreadPoolExecutor$DelayedWorkQueue.take(ScheduledThreadPoolExecutor.java:1093)
        at java.util.concurrent.ScheduledThreadPoolExecutor$DelayedWorkQueue.take(ScheduledThreadPoolExecutor.java:809)
        at java.util.concurrent.ThreadPoolExecutor.getTask(ThreadPoolExecutor.java:1074)
        at java.util.concurrent.ThreadPoolExecutor.runWorker(ThreadPoolExecutor.java:1134)
        at java.util.concurrent.ThreadPoolExecutor$Worker.run(ThreadPoolExecutor.java:624)
        at java.lang.Thread.run(Thread.java:750)
"ChunkReader-ELG-0" daemon prio=5 tid=560 runnable
java.lang.Thread.State: RUNNABLE
        at org.apache.ratis.thirdparty.io.netty.channel.epoll.Native.epollWait0(Native Method)
        at org.apache.ratis.thirdparty.io.netty.channel.epoll.Native.epollWait(Native.java:182)
        at org.apache.ratis.thirdparty.io.netty.channel.epoll.EpollEventLoop.epollWait(EpollEventLoop.java:290)
        at org.apache.ratis.thirdparty.io.netty.channel.epoll.EpollEventLoop.run(EpollEventLoop.java:354)
        at org.apache.ratis.thirdparty.io.netty.util.concurrent.SingleThreadEventExecutor$4.run(SingleThreadEventExecutor.java:995)
        at org.apache.ratis.thirdparty.io.netty.util.internal.ThreadExecutorMap$2.run(ThreadExecutorMap.java:74)
        at java.lang.Thread.run(Thread.java:750)
"ChunkWriter-1-0" daemon prio=5 tid=489 in Object.wait()
java.lang.Thread.State: WAITING (on object monitor)
        at sun.misc.Unsafe.park(Native Method)
        at java.util.concurrent.locks.LockSupport.park(LockSupport.java:175)
        at java.util.concurrent.locks.AbstractQueuedSynchronizer$ConditionObject.await(AbstractQueuedSynchronizer.java:2039)
        at java.util.concurrent.LinkedBlockingDeque.takeFirst(LinkedBlockingDeque.java:492)
        at java.util.concurrent.LinkedBlockingDeque.take(LinkedBlockingDeque.java:680)
        at java.util.concurrent.ThreadPoolExecutor.getTask(ThreadPoolExecutor.java:1074)
        at java.util.concurrent.ThreadPoolExecutor.runWorker(ThreadPoolExecutor.java:1134)
        at java.util.concurrent.ThreadPoolExecutor$Worker.run(ThreadPoolExecutor.java:624)
        at java.lang.Thread.run(Thread.java:750)
"2497daeb-967d-49ad-8f28-1297e8c4c732@group-BD0688E9877E-StateMachineUpdater" daemon prio=5 tid=646 timed_waiting
java.lang.Thread.State: TIMED_WAITING
        at sun.misc.Unsafe.park(Native Method)
        at java.util.concurrent.locks.LockSupport.parkNanos(LockSupport.java:215)
        at java.util.concurrent.locks.AbstractQueuedSynchronizer$ConditionObject.await(AbstractQueuedSynchronizer.java:2163)
        at org.apache.ratis.util.AwaitForSignal.await(AwaitForSignal.java:62)
        at org.apache.ratis.server.impl.StateMachineUpdater.waitForCommit(StateMachineUpdater.java:207)
        at org.apache.ratis.server.impl.StateMachineUpdater.run(StateMachineUpdater.java:176)
        at java.lang.Thread.run(Thread.java:750)
"EventQueue-DatanodeCommandForSCMNodeManager"  prio=5 tid=515 in Object.wait()
java.lang.Thread.State: WAITING (on object monitor)
        at sun.misc.Unsafe.park(Native Method)
        at java.util.concurrent.locks.LockSupport.park(LockSupport.java:175)
        at java.util.concurrent.locks.AbstractQueuedSynchronizer$ConditionObject.await(AbstractQueuedSynchronizer.java:2039)
        at java.util.concurrent.LinkedBlockingQueue.take(LinkedBlockingQueue.java:442)
        at java.util.concurrent.ThreadPoolExecutor.getTask(ThreadPoolExecutor.java:1074)
        at java.util.concurrent.ThreadPoolExecutor.runWorker(ThreadPoolExecutor.java:1134)
        at java.util.concurrent.ThreadPoolExecutor$Worker.run(ThreadPoolExecutor.java:624)
        at java.lang.Thread.run(Thread.java:750)
"ChunkWriter-3-0" daemon prio=5 tid=558 in Object.wait()
java.lang.Thread.State: WAITING (on object monitor)
        at sun.misc.Unsafe.park(Native Method)
        at java.util.concurrent.locks.LockSupport.park(LockSupport.java:175)
        at java.util.concurrent.locks.AbstractQueuedSynchronizer$ConditionObject.await(AbstractQueuedSynchronizer.java:2039)
        at java.util.concurrent.LinkedBlockingDeque.takeFirst(LinkedBlockingDeque.java:492)
        at java.util.concurrent.LinkedBlockingDeque.take(LinkedBlockingDeque.java:680)
        at java.util.concurrent.ThreadPoolExecutor.getTask(ThreadPoolExecutor.java:1074)
        at java.util.concurrent.ThreadPoolExecutor.runWorker(ThreadPoolExecutor.java:1134)
        at java.util.concurrent.ThreadPoolExecutor$Worker.run(ThreadPoolExecutor.java:624)
        at java.lang.Thread.run(Thread.java:750)
"pool-54-thread-1"  prio=5 tid=126 in Object.wait()
java.lang.Thread.State: WAITING (on object monitor)
        at sun.misc.Unsafe.park(Native Method)
        at java.util.concurrent.locks.LockSupport.park(LockSupport.java:175)
        at java.util.concurrent.locks.AbstractQueuedSynchronizer$ConditionObject.await(AbstractQueuedSynchronizer.java:2039)
        at java.util.concurrent.LinkedBlockingQueue.take(LinkedBlockingQueue.java:442)
        at java.util.concurrent.ThreadPoolExecutor.getTask(ThreadPoolExecutor.java:1074)
        at java.util.concurrent.ThreadPoolExecutor.runWorker(ThreadPoolExecutor.java:1134)
        at java.util.concurrent.ThreadPoolExecutor$Worker.run(ThreadPoolExecutor.java:624)
        at java.lang.Thread.run(Thread.java:750)
"StaleRecoveringContainerScrubbingService#6" daemon prio=5 tid=1030 in Object.wait()
java.lang.Thread.State: WAITING (on object monitor)
        at sun.misc.Unsafe.park(Native Method)
        at java.util.concurrent.locks.LockSupport.park(LockSupport.java:175)
        at java.util.concurrent.locks.AbstractQueuedSynchronizer$ConditionObject.await(AbstractQueuedSynchronizer.java:2039)
        at java.util.concurrent.ScheduledThreadPoolExecutor$DelayedWorkQueue.take(ScheduledThreadPoolExecutor.java:1088)
        at java.util.concurrent.ScheduledThreadPoolExecutor$DelayedWorkQueue.take(ScheduledThreadPoolExecutor.java:809)
        at java.util.concurrent.ThreadPoolExecutor.getTask(ThreadPoolExecutor.java:1074)
        at java.util.concurrent.ThreadPoolExecutor.runWorker(ThreadPoolExecutor.java:1134)
        at java.util.concurrent.ThreadPoolExecutor$Worker.run(ThreadPoolExecutor.java:624)
        at java.lang.Thread.run(Thread.java:750)
"qtp1888233184-317" daemon prio=5 tid=317 timed_waiting
java.lang.Thread.State: TIMED_WAITING
        at sun.misc.Unsafe.park(Native Method)
        at java.util.concurrent.locks.LockSupport.parkNanos(LockSupport.java:215)
        at java.util.concurrent.locks.AbstractQueuedSynchronizer$ConditionObject.awaitNanos(AbstractQueuedSynchronizer.java:2078)
        at org.eclipse.jetty.util.BlockingArrayQueue.poll(BlockingArrayQueue.java:382)
        at org.eclipse.jetty.util.thread.QueuedThreadPool$Runner.idleJobPoll(QueuedThreadPool.java:974)
        at org.eclipse.jetty.util.thread.QueuedThreadPool$Runner.run(QueuedThreadPool.java:1018)
        at java.lang.Thread.run(Thread.java:750)
"StaleRecoveringContainerScrubbingService#0" daemon prio=5 tid=525 in Object.wait()
java.lang.Thread.State: WAITING (on object monitor)
        at sun.misc.Unsafe.park(Native Method)
        at java.util.concurrent.locks.LockSupport.park(LockSupport.java:175)
        at java.util.concurrent.locks.AbstractQueuedSynchronizer$ConditionObject.await(AbstractQueuedSynchronizer.java:2039)
        at java.util.concurrent.ScheduledThreadPoolExecutor$DelayedWorkQueue.take(ScheduledThreadPoolExecutor.java:1088)
        at java.util.concurrent.ScheduledThreadPoolExecutor$DelayedWorkQueue.take(ScheduledThreadPoolExecutor.java:809)
        at java.util.concurrent.ThreadPoolExecutor.getTask(ThreadPoolExecutor.java:1074)
        at java.util.concurrent.ThreadPoolExecutor.runWorker(ThreadPoolExecutor.java:1134)
        at java.util.concurrent.ThreadPoolExecutor$Worker.run(ThreadPoolExecutor.java:624)
        at java.lang.Thread.run(Thread.java:750)
"SCM Heartbeat Processing Thread - 0" daemon prio=5 tid=14 timed_waiting
java.lang.Thread.State: TIMED_WAITING
        at sun.misc.Unsafe.park(Native Method)
        at java.util.concurrent.locks.LockSupport.parkNanos(LockSupport.java:215)
        at java.util.concurrent.locks.AbstractQueuedSynchronizer$ConditionObject.awaitNanos(AbstractQueuedSynchronizer.java:2078)
        at java.util.concurrent.ScheduledThreadPoolExecutor$DelayedWorkQueue.take(ScheduledThreadPoolExecutor.java:1093)
        at java.util.concurrent.ScheduledThreadPoolExecutor$DelayedWorkQueue.take(ScheduledThreadPoolExecutor.java:809)
        at java.util.concurrent.ThreadPoolExecutor.getTask(ThreadPoolExecutor.java:1074)
        at java.util.concurrent.ThreadPoolExecutor.runWorker(ThreadPoolExecutor.java:1134)
        at java.util.concurrent.ThreadPoolExecutor$Worker.run(ThreadPoolExecutor.java:624)
        at java.lang.Thread.run(Thread.java:750)
"pool-272-thread-1"  prio=5 tid=417 timed_waiting
java.lang.Thread.State: TIMED_WAITING
        at sun.misc.Unsafe.park(Native Method)
        at java.util.concurrent.locks.LockSupport.parkNanos(LockSupport.java:215)
        at java.util.concurrent.locks.AbstractQueuedSynchronizer$ConditionObject.awaitNanos(AbstractQueuedSynchronizer.java:2078)
        at java.util.concurrent.ScheduledThreadPoolExecutor$DelayedWorkQueue.take(ScheduledThreadPoolExecutor.java:1093)
        at java.util.concurrent.ScheduledThreadPoolExecutor$DelayedWorkQueue.take(ScheduledThreadPoolExecutor.java:809)
        at java.util.concurrent.ThreadPoolExecutor.getTask(ThreadPoolExecutor.java:1074)
        at java.util.concurrent.ThreadPoolExecutor.runWorker(ThreadPoolExecutor.java:1134)
        at java.util.concurrent.ThreadPoolExecutor$Worker.run(ThreadPoolExecutor.java:624)
        at java.lang.Thread.run(Thread.java:750)
"ChunkWriter-0-0" daemon prio=5 tid=467 in Object.wait()
java.lang.Thread.State: WAITING (on object monitor)
        at sun.misc.Unsafe.park(Native Method)
        at java.util.concurrent.locks.LockSupport.park(LockSupport.java:175)
        at java.util.concurrent.locks.AbstractQueuedSynchronizer$ConditionObject.await(AbstractQueuedSynchronizer.java:2039)
        at java.util.concurrent.LinkedBlockingDeque.takeFirst(LinkedBlockingDeque.java:492)
        at java.util.concurrent.LinkedBlockingDeque.take(LinkedBlockingDeque.java:680)
        at java.util.concurrent.ThreadPoolExecutor.getTask(ThreadPoolExecutor.java:1074)
        at java.util.concurrent.ThreadPoolExecutor.runWorker(ThreadPoolExecutor.java:1134)
        at java.util.concurrent.ThreadPoolExecutor$Worker.run(ThreadPoolExecutor.java:624)
        at java.lang.Thread.run(Thread.java:750)
"StaleRecoveringContainerScrubbingService#9" daemon prio=5 tid=1144 in Object.wait()
java.lang.Thread.State: WAITING (on object monitor)
        at sun.misc.Unsafe.park(Native Method)
        at java.util.concurrent.locks.LockSupport.park(LockSupport.java:175)
        at java.util.concurrent.locks.AbstractQueuedSynchronizer$ConditionObject.await(AbstractQueuedSynchronizer.java:2039)
        at java.util.concurrent.ScheduledThreadPoolExecutor$DelayedWorkQueue.take(ScheduledThreadPoolExecutor.java:1088)
        at java.util.concurrent.ScheduledThreadPoolExecutor$DelayedWorkQueue.take(ScheduledThreadPoolExecutor.java:809)
        at java.util.concurrent.ThreadPoolExecutor.getTask(ThreadPoolExecutor.java:1074)
        at java.util.concurrent.ThreadPoolExecutor.runWorker(ThreadPoolExecutor.java:1134)
        at java.util.concurrent.ThreadPoolExecutor$Worker.run(ThreadPoolExecutor.java:624)
        at java.lang.Thread.run(Thread.java:750)
"StaleRecoveringContainerScrubbingService#7" daemon prio=5 tid=1109 in Object.wait()
java.lang.Thread.State: WAITING (on object monitor)
        at sun.misc.Unsafe.park(Native Method)
        at java.util.concurrent.locks.LockSupport.park(LockSupport.java:175)
        at java.util.concurrent.locks.AbstractQueuedSynchronizer$ConditionObject.await(AbstractQueuedSynchronizer.java:2039)
        at java.util.concurrent.ScheduledThreadPoolExecutor$DelayedWorkQueue.take(ScheduledThreadPoolExecutor.java:1088)
        at java.util.concurrent.ScheduledThreadPoolExecutor$DelayedWorkQueue.take(ScheduledThreadPoolExecutor.java:809)
        at java.util.concurrent.ThreadPoolExecutor.getTask(ThreadPoolExecutor.java:1074)
        at java.util.concurrent.ThreadPoolExecutor.runWorker(ThreadPoolExecutor.java:1134)
        at java.util.concurrent.ThreadPoolExecutor$Worker.run(ThreadPoolExecutor.java:624)
        at java.lang.Thread.run(Thread.java:750)
"IPC Server handler 15 on default port 45237" daemon prio=5 tid=81 timed_waiting
java.lang.Thread.State: TIMED_WAITING
        at sun.misc.Unsafe.park(Native Method)
        at java.util.concurrent.locks.LockSupport.parkNanos(LockSupport.java:215)
        at java.util.concurrent.locks.AbstractQueuedSynchronizer$ConditionObject.awaitNanos(AbstractQueuedSynchronizer.java:2078)
        at java.util.concurrent.LinkedBlockingQueue.poll(LinkedBlockingQueue.java:467)
        at org.apache.hadoop.ipc.CallQueueManager.take(CallQueueManager.java:317)
        at org.apache.hadoop.ipc.Server$Handler.run(Server.java:2942)
"470e2686-24c9-4e42-bae6-1f3a72650c76@group-B0F69B97C3D3-LeaderStateImpl" daemon prio=5 tid=698 timed_waiting
java.lang.Thread.State: TIMED_WAITING
        at sun.misc.Unsafe.park(Native Method)
        at java.util.concurrent.locks.LockSupport.parkNanos(LockSupport.java:215)
        at java.util.concurrent.locks.AbstractQueuedSynchronizer$ConditionObject.awaitNanos(AbstractQueuedSynchronizer.java:2078)
        at java.util.concurrent.ArrayBlockingQueue.poll(ArrayBlockingQueue.java:418)
        at org.apache.ratis.server.impl.LeaderStateImpl$EventQueue.poll(LeaderStateImpl.java:159)
        at org.apache.ratis.server.impl.LeaderStateImpl$EventProcessor.run(LeaderStateImpl.java:630)
"Datanode ReportManager Thread - 3" daemon prio=5 tid=367 timed_waiting
java.lang.Thread.State: TIMED_WAITING
        at sun.misc.Unsafe.park(Native Method)
        at java.util.concurrent.locks.LockSupport.parkNanos(LockSupport.java:215)
        at java.util.concurrent.locks.AbstractQueuedSynchronizer$ConditionObject.awaitNanos(AbstractQueuedSynchronizer.java:2078)
        at java.util.concurrent.ScheduledThreadPoolExecutor$DelayedWorkQueue.take(ScheduledThreadPoolExecutor.java:1093)
        at java.util.concurrent.ScheduledThreadPoolExecutor$DelayedWorkQueue.take(ScheduledThreadPoolExecutor.java:809)
        at java.util.concurrent.ThreadPoolExecutor.getTask(ThreadPoolExecutor.java:1074)
        at java.util.concurrent.ThreadPoolExecutor.runWorker(ThreadPoolExecutor.java:1134)
        at java.util.concurrent.ThreadPoolExecutor$Worker.run(ThreadPoolExecutor.java:624)
        at java.lang.Thread.run(Thread.java:750)
"qtp1712704558-183" daemon prio=5 tid=183 runnable
java.lang.Thread.State: RUNNABLE
        at sun.nio.ch.EPollArrayWrapper.epollWait(Native Method)
        at sun.nio.ch.EPollArrayWrapper.poll(EPollArrayWrapper.java:269)
        at sun.nio.ch.EPollSelectorImpl.doSelect(EPollSelectorImpl.java:93)
        at sun.nio.ch.SelectorImpl.lockAndDoSelect(SelectorImpl.java:86)
        at sun.nio.ch.SelectorImpl.select(SelectorImpl.java:97)
        at sun.nio.ch.SelectorImpl.select(SelectorImpl.java:101)
        at org.eclipse.jetty.io.ManagedSelector.nioSelect(ManagedSelector.java:183)
        at org.eclipse.jetty.io.ManagedSelector.select(ManagedSelector.java:190)
        at org.eclipse.jetty.io.ManagedSelector$SelectorProducer.select(ManagedSelector.java:606)
        at org.eclipse.jetty.io.ManagedSelector$SelectorProducer.produce(ManagedSelector.java:543)
        at org.eclipse.jetty.util.thread.strategy.EatWhatYouKill.produceTask(EatWhatYouKill.java:362)
        at org.eclipse.jetty.util.thread.strategy.EatWhatYouKill.doProduce(EatWhatYouKill.java:186)
        at org.eclipse.jetty.util.thread.strategy.EatWhatYouKill.tryProduce(EatWhatYouKill.java:173)
        at org.eclipse.jetty.util.thread.strategy.EatWhatYouKill.produce(EatWhatYouKill.java:137)
        at org.eclipse.jetty.io.ManagedSelector$$Lambda$444/2093474881.run(Unknown Source)
        at org.eclipse.jetty.util.thread.QueuedThreadPool.runJob(QueuedThreadPool.java:883)
        at org.eclipse.jetty.util.thread.QueuedThreadPool$Runner.run(QueuedThreadPool.java:1034)
        at java.lang.Thread.run(Thread.java:750)
"Datanode State Machine Task Thread - 1"  prio=5 tid=486 in Object.wait()
java.lang.Thread.State: WAITING (on object monitor)
        at sun.misc.Unsafe.park(Native Method)
        at java.util.concurrent.locks.LockSupport.park(LockSupport.java:175)
        at java.util.concurrent.locks.AbstractQueuedSynchronizer$ConditionObject.await(AbstractQueuedSynchronizer.java:2039)
        at java.util.concurrent.LinkedBlockingQueue.take(LinkedBlockingQueue.java:442)
        at java.util.concurrent.ThreadPoolExecutor.getTask(ThreadPoolExecutor.java:1074)
        at java.util.concurrent.ThreadPoolExecutor.runWorker(ThreadPoolExecutor.java:1134)
        at java.util.concurrent.ThreadPoolExecutor$Worker.run(ThreadPoolExecutor.java:624)
        at java.lang.Thread.run(Thread.java:750)


	at org.apache.ozone.test.GenericTestUtils.waitFor(GenericTestUtils.java:227)
	at org.apache.hadoop.ozone.container.TestECContainerRecovery.testECContainerRecoveryWithTimedOutRecovery(TestECContainerRecovery.java:337)
	at sun.reflect.NativeMethodAccessorImpl.invoke0(Native Method)
	at sun.reflect.NativeMethodAccessorImpl.invoke(NativeMethodAccessorImpl.java:62)
	at sun.reflect.DelegatingMethodAccessorImpl.invoke(DelegatingMethodAccessorImpl.java:43)
	at java.lang.reflect.Method.invoke(Method.java:498)
	at org.junit.platform.commons.util.ReflectionUtils.invokeMethod(ReflectionUtils.java:725)
	at org.junit.jupiter.engine.execution.MethodInvocation.proceed(MethodInvocation.java:60)
	at org.junit.jupiter.engine.execution.InvocationInterceptorChain$ValidatingInvocation.proceed(InvocationInterceptorChain.java:131)
	at org.junit.jupiter.engine.extension.TimeoutExtension.intercept(TimeoutExtension.java:149)
	at org.junit.jupiter.engine.extension.TimeoutExtension.interceptTestableMethod(TimeoutExtension.java:140)
	at org.junit.jupiter.engine.extension.TimeoutExtension.interceptTestMethod(TimeoutExtension.java:84)
	at org.junit.jupiter.engine.execution.ExecutableInvoker$ReflectiveInterceptorCall.lambda$ofVoidMethod$0(ExecutableInvoker.java:115)
	at org.junit.jupiter.engine.execution.ExecutableInvoker.lambda$invoke$0(ExecutableInvoker.java:105)
	at org.junit.jupiter.engine.execution.InvocationInterceptorChain$InterceptedInvocation.proceed(InvocationInterceptorChain.java:106)
	at org.junit.jupiter.engine.execution.InvocationInterceptorChain.proceed(InvocationInterceptorChain.java:64)
	at org.junit.jupiter.engine.execution.InvocationInterceptorChain.chainAndInvoke(InvocationInterceptorChain.java:45)
	at org.junit.jupiter.engine.execution.InvocationInterceptorChain.invoke(InvocationInterceptorChain.java:37)
	at org.junit.jupiter.engine.execution.ExecutableInvoker.invoke(ExecutableInvoker.java:104)
	at org.junit.jupiter.engine.execution.ExecutableInvoker.invoke(ExecutableInvoker.java:98)
	at org.junit.jupiter.engine.descriptor.TestMethodTestDescriptor.lambda$invokeTestMethod$7(TestMethodTestDescriptor.java:214)
	at org.junit.platform.engine.support.hierarchical.ThrowableCollector.execute(ThrowableCollector.java:73)
	at org.junit.jupiter.engine.descriptor.TestMethodTestDescriptor.invokeTestMethod(TestMethodTestDescriptor.java:210)
	at org.junit.jupiter.engine.descriptor.TestMethodTestDescriptor.execute(TestMethodTestDescriptor.java:135)
	at org.junit.jupiter.engine.descriptor.TestMethodTestDescriptor.execute(TestMethodTestDescriptor.java:66)
	at org.junit.platform.engine.support.hierarchical.NodeTestTask.lambda$executeRecursively$6(NodeTestTask.java:151)
	at org.junit.platform.engine.support.hierarchical.ThrowableCollector.execute(ThrowableCollector.java:73)
	at org.junit.platform.engine.support.hierarchical.NodeTestTask.lambda$executeRecursively$8(NodeTestTask.java:141)
	at org.junit.platform.engine.support.hierarchical.Node.around(Node.java:137)
	at org.junit.platform.engine.support.hierarchical.NodeTestTask.lambda$executeRecursively$9(NodeTestTask.java:139)
	at org.junit.platform.engine.support.hierarchical.ThrowableCollector.execute(ThrowableCollector.java:73)
	at org.junit.platform.engine.support.hierarchical.NodeTestTask.executeRecursively(NodeTestTask.java:138)
	at org.junit.platform.engine.support.hierarchical.NodeTestTask.execute(NodeTestTask.java:95)
	at java.util.ArrayList.forEach(ArrayList.java:1259)
	at org.junit.platform.engine.support.hierarchical.SameThreadHierarchicalTestExecutorService.invokeAll(SameThreadHierarchicalTestExecutorService.java:41)
	at org.junit.platform.engine.support.hierarchical.NodeTestTask.lambda$executeRecursively$6(NodeTestTask.java:155)
	at org.junit.platform.engine.support.hierarchical.ThrowableCollector.execute(ThrowableCollector.java:73)
	at org.junit.platform.engine.support.hierarchical.NodeTestTask.lambda$executeRecursively$8(NodeTestTask.java:141)
	at org.junit.platform.engine.support.hierarchical.Node.around(Node.java:137)
	at org.junit.platform.engine.support.hierarchical.NodeTestTask.lambda$executeRecursively$9(NodeTestTask.java:139)
	at org.junit.platform.engine.support.hierarchical.ThrowableCollector.execute(ThrowableCollector.java:73)
	at org.junit.platform.engine.support.hierarchical.NodeTestTask.executeRecursively(NodeTestTask.java:138)
	at org.junit.platform.engine.support.hierarchical.NodeTestTask.execute(NodeTestTask.java:95)
	at java.util.ArrayList.forEach(ArrayList.java:1259)
	at org.junit.platform.engine.support.hierarchical.SameThreadHierarchicalTestExecutorService.invokeAll(SameThreadHierarchicalTestExecutorService.java:41)
	at org.junit.platform.engine.support.hierarchical.NodeTestTask.lambda$executeRecursively$6(NodeTestTask.java:155)
	at org.junit.platform.engine.support.hierarchical.ThrowableCollector.execute(ThrowableCollector.java:73)
	at org.junit.platform.engine.support.hierarchical.NodeTestTask.lambda$executeRecursively$8(NodeTestTask.java:141)
	at org.junit.platform.engine.support.hierarchical.Node.around(Node.java:137)
	at org.junit.platform.engine.support.hierarchical.NodeTestTask.lambda$executeRecursively$9(NodeTestTask.java:139)
	at org.junit.platform.engine.support.hierarchical.ThrowableCollector.execute(ThrowableCollector.java:73)
	at org.junit.platform.engine.support.hierarchical.NodeTestTask.executeRecursively(NodeTestTask.java:138)
	at org.junit.platform.engine.support.hierarchical.NodeTestTask.execute(NodeTestTask.java:95)
	at org.junit.platform.engine.support.hierarchical.SameThreadHierarchicalTestExecutorService.submit(SameThreadHierarchicalTestExecutorService.java:35)
	at org.junit.platform.engine.support.hierarchical.HierarchicalTestExecutor.execute(HierarchicalTestExecutor.java:57)
	at org.junit.platform.engine.support.hierarchical.HierarchicalTestEngine.execute(HierarchicalTestEngine.java:54)
	at org.junit.platform.launcher.core.EngineExecutionOrchestrator.execute(EngineExecutionOrchestrator.java:107)
	at org.junit.platform.launcher.core.EngineExecutionOrchestrator.execute(EngineExecutionOrchestrator.java:88)
	at org.junit.platform.launcher.core.EngineExecutionOrchestrator.lambda$execute$0(EngineExecutionOrchestrator.java:54)
	at org.junit.platform.launcher.core.EngineExecutionOrchestrator.withInterceptedStreams(EngineExecutionOrchestrator.java:67)
	at org.junit.platform.launcher.core.EngineExecutionOrchestrator.execute(EngineExecutionOrchestrator.java:52)
	at org.junit.platform.launcher.core.DefaultLauncher.execute(DefaultLauncher.java:114)
	at org.junit.platform.launcher.core.DefaultLauncher.execute(DefaultLauncher.java:86)
	at org.junit.platform.launcher.core.DefaultLauncherSession$DelegatingLauncher.execute(DefaultLauncherSession.java:86)
	at org.junit.platform.launcher.core.SessionPerRequestLauncher.execute(SessionPerRequestLauncher.java:53)
	at org.apache.maven.surefire.junitplatform.JUnitPlatformProvider.execute(JUnitPlatformProvider.java:188)
	at org.apache.maven.surefire.junitplatform.JUnitPlatformProvider.invokeAllTests(JUnitPlatformProvider.java:154)
	at org.apache.maven.surefire.junitplatform.JUnitPlatformProvider.invoke(JUnitPlatformProvider.java:124)
	at org.apache.maven.surefire.booter.ForkedBooter.runSuitesInProcess(ForkedBooter.java:428)
	at org.apache.maven.surefire.booter.ForkedBooter.execute(ForkedBooter.java:162)
	at org.apache.maven.surefire.booter.ForkedBooter.run(ForkedBooter.java:562)
	at org.apache.maven.surefire.booter.ForkedBooter.main(ForkedBooter.java:548)
]]></error>
    <system-out><![CDATA[2022-12-06 15:45:35,000 [Listener at 127.0.0.1/44149] INFO  rpc.RpcClient (RpcClient.java:createBucket(691)) - Creating Bucket: e73bdb15-e09a-43bd-a561-a1c30363336f/04454f70-0a22-4b98-a53e-253c1dff4035, with server-side default bucket layout, runner as owner, Versioning false, Storage Type set to DISK and Encryption set to false 
2022-12-06 15:45:35,005 [OM StateMachine ApplyTransaction Thread - 0] INFO  bucket.OMBucketCreateRequest (OMBucketCreateRequest.java:validateAndUpdateCache(260)) - created bucket: 04454f70-0a22-4b98-a53e-253c1dff4035 of layout LEGACY in volume: e73bdb15-e09a-43bd-a561-a1c30363336f
2022-12-06 15:45:35,020 [IPC Server handler 1 on default port 45237] INFO  pipeline.PipelineStateManagerImpl (PipelineStateManagerImpl.java:addPipeline(103)) - Created pipeline Pipeline[ Id: d1c5ef0f-a815-4c90-ba9b-026dea60b282, Nodes: b0993b33-1422-4b90-a478-b8a2894a7eaa{ip: 10.1.0.110, host: fv-az133-40.ac31hddj4phu5ocom5smqd4hkf.cx.internal.cloudapp.net, ports: [REPLICATION=44271, RATIS=42755, RATIS_ADMIN=42755, RATIS_SERVER=42755, STANDALONE=38575], networkLocation: /default-rack, certSerialId: null, persistedOpState: IN_SERVICE, persistedOpStateExpiryEpochSec: 0}2497daeb-967d-49ad-8f28-1297e8c4c732{ip: 10.1.0.110, host: fv-az133-40.ac31hddj4phu5ocom5smqd4hkf.cx.internal.cloudapp.net, ports: [REPLICATION=46249, RATIS=46387, RATIS_ADMIN=46387, RATIS_SERVER=46387, STANDALONE=33911], networkLocation: /default-rack, certSerialId: null, persistedOpState: null, persistedOpStateExpiryEpochSec: 0}470e2686-24c9-4e42-bae6-1f3a72650c76{ip: 10.1.0.110, host: fv-az133-40.ac31hddj4phu5ocom5smqd4hkf.cx.internal.cloudapp.net, ports: [REPLICATION=41209, RATIS=33297, RATIS_ADMIN=33297, RATIS_SERVER=33297, STANDALONE=42791], networkLocation: /default-rack, certSerialId: null, persistedOpState: null, persistedOpStateExpiryEpochSec: 0}7726e7f5-b74c-4e4a-9680-a65a67c105af{ip: 10.1.0.110, host: fv-az133-40.ac31hddj4phu5ocom5smqd4hkf.cx.internal.cloudapp.net, ports: [REPLICATION=39951, RATIS=44993, RATIS_ADMIN=44993, RATIS_SERVER=44993, STANDALONE=45417], networkLocation: /default-rack, certSerialId: null, persistedOpState: null, persistedOpStateExpiryEpochSec: 0}4ef44404-e624-4c50-bb49-8deedaf9742c{ip: 10.1.0.110, host: fv-az133-40.ac31hddj4phu5ocom5smqd4hkf.cx.internal.cloudapp.net, ports: [REPLICATION=42083, RATIS=46141, RATIS_ADMIN=46141, RATIS_SERVER=46141, STANDALONE=33769], networkLocation: /default-rack, certSerialId: null, persistedOpState: null, persistedOpStateExpiryEpochSec: 0}, ReplicationConfig: EC/ECReplicationConfig{data=3, parity=2, ecChunkSize=1024, codec=rs}, State:ALLOCATED, leaderId:, CreationTimestamp2022-12-06T15:45:35.019Z[Etc/UTC]].
2022-12-06 15:45:35,021 [IPC Server handler 1 on default port 45237] INFO  pipeline.PipelineManagerImpl (PipelineManagerImpl.java:openPipeline(367)) - Pipeline Pipeline[ Id: d1c5ef0f-a815-4c90-ba9b-026dea60b282, Nodes: b0993b33-1422-4b90-a478-b8a2894a7eaa{ip: 10.1.0.110, host: fv-az133-40.ac31hddj4phu5ocom5smqd4hkf.cx.internal.cloudapp.net, ports: [REPLICATION=44271, RATIS=42755, RATIS_ADMIN=42755, RATIS_SERVER=42755, STANDALONE=38575], networkLocation: /default-rack, certSerialId: null, persistedOpState: IN_SERVICE, persistedOpStateExpiryEpochSec: 0}2497daeb-967d-49ad-8f28-1297e8c4c732{ip: 10.1.0.110, host: fv-az133-40.ac31hddj4phu5ocom5smqd4hkf.cx.internal.cloudapp.net, ports: [REPLICATION=46249, RATIS=46387, RATIS_ADMIN=46387, RATIS_SERVER=46387, STANDALONE=33911], networkLocation: /default-rack, certSerialId: null, persistedOpState: null, persistedOpStateExpiryEpochSec: 0}470e2686-24c9-4e42-bae6-1f3a72650c76{ip: 10.1.0.110, host: fv-az133-40.ac31hddj4phu5ocom5smqd4hkf.cx.internal.cloudapp.net, ports: [REPLICATION=41209, RATIS=33297, RATIS_ADMIN=33297, RATIS_SERVER=33297, STANDALONE=42791], networkLocation: /default-rack, certSerialId: null, persistedOpState: null, persistedOpStateExpiryEpochSec: 0}7726e7f5-b74c-4e4a-9680-a65a67c105af{ip: 10.1.0.110, host: fv-az133-40.ac31hddj4phu5ocom5smqd4hkf.cx.internal.cloudapp.net, ports: [REPLICATION=39951, RATIS=44993, RATIS_ADMIN=44993, RATIS_SERVER=44993, STANDALONE=45417], networkLocation: /default-rack, certSerialId: null, persistedOpState: null, persistedOpStateExpiryEpochSec: 0}4ef44404-e624-4c50-bb49-8deedaf9742c{ip: 10.1.0.110, host: fv-az133-40.ac31hddj4phu5ocom5smqd4hkf.cx.internal.cloudapp.net, ports: [REPLICATION=42083, RATIS=46141, RATIS_ADMIN=46141, RATIS_SERVER=46141, STANDALONE=33769], networkLocation: /default-rack, certSerialId: null, persistedOpState: null, persistedOpStateExpiryEpochSec: 0}, ReplicationConfig: EC/ECReplicationConfig{data=3, parity=2, ecChunkSize=1024, codec=rs}, State:ALLOCATED, leaderId:, CreationTimestamp2022-12-06T15:45:35.019Z[Etc/UTC]] moved to OPEN state
2022-12-06 15:45:35,089 [EventQueue-CommandQueueReportForCommandQueueReportHandler] WARN  events.EventQueue (EventQueue.java:fireEvent(216)) - No event handler registered for event TypedEvent{payloadType=DatanodeDetails, name='Datanode_Command_Queue_Updated'}
2022-12-06 15:45:35,094 [EventQueue-CommandQueueReportForCommandQueueReportHandler] WARN  events.EventQueue (EventQueue.java:fireEvent(216)) - No event handler registered for event TypedEvent{payloadType=DatanodeDetails, name='Datanode_Command_Queue_Updated'}
2022-12-06 15:45:35,109 [EventQueue-CommandQueueReportForCommandQueueReportHandler] WARN  events.EventQueue (EventQueue.java:fireEvent(216)) - No event handler registered for event TypedEvent{payloadType=DatanodeDetails, name='Datanode_Command_Queue_Updated'}
2022-12-06 15:45:35,110 [EventQueue-CommandQueueReportForCommandQueueReportHandler] WARN  events.EventQueue (EventQueue.java:fireEvent(216)) - No event handler registered for event TypedEvent{payloadType=DatanodeDetails, name='Datanode_Command_Queue_Updated'}
2022-12-06 15:45:35,124 [EventQueue-CommandQueueReportForCommandQueueReportHandler] WARN  events.EventQueue (EventQueue.java:fireEvent(216)) - No event handler registered for event TypedEvent{payloadType=DatanodeDetails, name='Datanode_Command_Queue_Updated'}
2022-12-06 15:45:35,133 [EventQueue-CommandQueueReportForCommandQueueReportHandler] WARN  events.EventQueue (EventQueue.java:fireEvent(216)) - No event handler registered for event TypedEvent{payloadType=DatanodeDetails, name='Datanode_Command_Queue_Updated'}
2022-12-06 15:45:35,377 [EventQueue-CommandQueueReportForCommandQueueReportHandler] WARN  events.EventQueue (EventQueue.java:fireEvent(216)) - No event handler registered for event TypedEvent{payloadType=DatanodeDetails, name='Datanode_Command_Queue_Updated'}
2022-12-06 15:45:35,410 [EventQueue-CommandQueueReportForCommandQueueReportHandler] WARN  events.EventQueue (EventQueue.java:fireEvent(216)) - No event handler registered for event TypedEvent{payloadType=DatanodeDetails, name='Datanode_Command_Queue_Updated'}
2022-12-06 15:45:35,636 [EventQueue-CommandQueueReportForCommandQueueReportHandler] WARN  events.EventQueue (EventQueue.java:fireEvent(216)) - No event handler registered for event TypedEvent{payloadType=DatanodeDetails, name='Datanode_Command_Queue_Updated'}
2022-12-06 15:45:35,928 [EventQueue-CommandQueueReportForCommandQueueReportHandler] WARN  events.EventQueue (EventQueue.java:fireEvent(216)) - No event handler registered for event TypedEvent{payloadType=DatanodeDetails, name='Datanode_Command_Queue_Updated'}
2022-12-06 15:45:36,149 [JvmPauseMonitor8] WARN  util.JvmPauseMonitor (JvmPauseMonitor.java:detectPause(126)) - JvmPauseMonitor-7726e7f5-b74c-4e4a-9680-a65a67c105af: Detected pause in JVM or host machine (eg GC): pause of approximately 118500183ns. No GCs detected.
2022-12-06 15:45:36,170 [JvmPauseMonitor7] WARN  util.JvmPauseMonitor (JvmPauseMonitor.java:detectPause(126)) - JvmPauseMonitor-2497daeb-967d-49ad-8f28-1297e8c4c732: Detected pause in JVM or host machine (eg GC): pause of approximately 119351293ns. No GCs detected.
2022-12-06 15:45:36,170 [JvmPauseMonitor5] WARN  util.JvmPauseMonitor (JvmPauseMonitor.java:detectPause(126)) - JvmPauseMonitor-831a834c-0d76-4477-9113-3f6aa01da917: Detected pause in JVM or host machine (eg GC): pause of approximately 121498921ns. No GCs detected.
2022-12-06 15:45:36,170 [JvmPauseMonitor2] WARN  util.JvmPauseMonitor (JvmPauseMonitor.java:detectPause(126)) - JvmPauseMonitor-0587405b-2ffa-4132-824d-547ca09f0e52: Detected pause in JVM or host machine (eg GC): pause of approximately 122241830ns. No GCs detected.
2022-12-06 15:45:36,170 [JvmPauseMonitor0] WARN  util.JvmPauseMonitor (JvmPauseMonitor.java:detectPause(126)) - JvmPauseMonitor-om1: Detected pause in JVM or host machine (eg GC): pause of approximately 122490234ns. No GCs detected.
2022-12-06 15:45:36,170 [JvmPauseMonitor4] WARN  util.JvmPauseMonitor (JvmPauseMonitor.java:detectPause(126)) - JvmPauseMonitor-470e2686-24c9-4e42-bae6-1f3a72650c76: Detected pause in JVM or host machine (eg GC): pause of approximately 123074441ns. No GCs detected.
2022-12-06 15:45:36,158 [EventQueue-CommandQueueReportForCommandQueueReportHandler] WARN  events.EventQueue (EventQueue.java:fireEvent(216)) - No event handler registered for event TypedEvent{payloadType=DatanodeDetails, name='Datanode_Command_Queue_Updated'}
2022-12-06 15:45:36,172 [EventQueue-CommandQueueReportForCommandQueueReportHandler] WARN  events.EventQueue (EventQueue.java:fireEvent(216)) - No event handler registered for event TypedEvent{payloadType=DatanodeDetails, name='Datanode_Command_Queue_Updated'}
2022-12-06 15:45:36,173 [EventQueue-CommandQueueReportForCommandQueueReportHandler] WARN  events.EventQueue (EventQueue.java:fireEvent(216)) - No event handler registered for event TypedEvent{payloadType=DatanodeDetails, name='Datanode_Command_Queue_Updated'}
2022-12-06 15:45:36,173 [EventQueue-CommandQueueReportForCommandQueueReportHandler] WARN  events.EventQueue (EventQueue.java:fireEvent(216)) - No event handler registered for event TypedEvent{payloadType=DatanodeDetails, name='Datanode_Command_Queue_Updated'}
2022-12-06 15:45:36,173 [EventQueue-CommandQueueReportForCommandQueueReportHandler] WARN  events.EventQueue (EventQueue.java:fireEvent(216)) - No event handler registered for event TypedEvent{payloadType=DatanodeDetails, name='Datanode_Command_Queue_Updated'}
2022-12-06 15:45:36,173 [EventQueue-CommandQueueReportForCommandQueueReportHandler] WARN  events.EventQueue (EventQueue.java:fireEvent(216)) - No event handler registered for event TypedEvent{payloadType=DatanodeDetails, name='Datanode_Command_Queue_Updated'}
2022-12-06 15:45:36,149 [JvmPauseMonitor1] WARN  util.JvmPauseMonitor (JvmPauseMonitor.java:detectPause(126)) - JvmPauseMonitor-4ef44404-e624-4c50-bb49-8deedaf9742c: Detected pause in JVM or host machine (eg GC): pause of approximately 127562798ns. No GCs detected.
2022-12-06 15:45:36,149 [JvmPauseMonitor9] WARN  util.JvmPauseMonitor (JvmPauseMonitor.java:detectPause(126)) - JvmPauseMonitor-3ddade9d-4289-4127-b7c4-830dd518ff0a: Detected pause in JVM or host machine (eg GC): pause of approximately 122302431ns. No GCs detected.
2022-12-06 15:45:36,171 [JvmPauseMonitor6] WARN  util.JvmPauseMonitor (JvmPauseMonitor.java:detectPause(126)) - JvmPauseMonitor-cc93147f-bc2d-4803-9a7c-bfa6df100165: Detected pause in JVM or host machine (eg GC): pause of approximately 118191579ns. No GCs detected.
2022-12-06 15:45:36,170 [JvmPauseMonitor10] WARN  util.JvmPauseMonitor (JvmPauseMonitor.java:detectPause(126)) - JvmPauseMonitor-3023bd45-36c3-431f-9c1c-92b4e43de878: Detected pause in JVM or host machine (eg GC): pause of approximately 115541245ns. No GCs detected.
2022-12-06 15:45:36,359 [Listener at 127.0.0.1/44149] INFO  ozoneimpl.OzoneContainer (OzoneContainer.java:stop(417)) - Attempting to stop container services.
2022-12-06 15:45:36,361 [Listener at 127.0.0.1/44149] INFO  server.RaftServer (RaftServerProxy.java:lambda$close$6(409)) - b0993b33-1422-4b90-a478-b8a2894a7eaa: close
2022-12-06 15:45:36,362 [b0993b33-1422-4b90-a478-b8a2894a7eaa-impl-thread3] INFO  server.RaftServer$Division (RaftServerImpl.java:lambda$close$4(458)) - b0993b33-1422-4b90-a478-b8a2894a7eaa@group-7B1E2564CD2A: shutdown
2022-12-06 15:45:36,362 [b0993b33-1422-4b90-a478-b8a2894a7eaa-impl-thread2] INFO  server.RaftServer$Division (RaftServerImpl.java:lambda$close$4(458)) - b0993b33-1422-4b90-a478-b8a2894a7eaa@group-F0ECAC1CE6A4: shutdown
2022-12-06 15:45:36,363 [b0993b33-1422-4b90-a478-b8a2894a7eaa-impl-thread1] INFO  server.RaftServer$Division (RaftServerImpl.java:lambda$close$4(458)) - b0993b33-1422-4b90-a478-b8a2894a7eaa@group-80ECED8B0AF8: shutdown
2022-12-06 15:45:36,363 [b0993b33-1422-4b90-a478-b8a2894a7eaa-impl-thread3] INFO  util.JmxRegister (JmxRegister.java:unregister(73)) - Successfully un-registered JMX Bean with object name Ratis:service=RaftServer,group=group-7B1E2564CD2A,id=b0993b33-1422-4b90-a478-b8a2894a7eaa
2022-12-06 15:45:36,363 [b0993b33-1422-4b90-a478-b8a2894a7eaa-impl-thread3] INFO  impl.RoleInfo (RoleInfo.java:shutdownFollowerState(110)) - b0993b33-1422-4b90-a478-b8a2894a7eaa: shutdown b0993b33-1422-4b90-a478-b8a2894a7eaa@group-7B1E2564CD2A-FollowerState
2022-12-06 15:45:36,363 [b0993b33-1422-4b90-a478-b8a2894a7eaa-impl-thread3] INFO  impl.StateMachineUpdater (StateMachineUpdater.java:stopAndJoin(153)) - b0993b33-1422-4b90-a478-b8a2894a7eaa@group-7B1E2564CD2A-StateMachineUpdater: set stopIndex = -1
2022-12-06 15:45:36,363 [b0993b33-1422-4b90-a478-b8a2894a7eaa-impl-thread1] INFO  util.JmxRegister (JmxRegister.java:unregister(73)) - Successfully un-registered JMX Bean with object name Ratis:service=RaftServer,group=group-80ECED8B0AF8,id=b0993b33-1422-4b90-a478-b8a2894a7eaa
2022-12-06 15:45:36,364 [b0993b33-1422-4b90-a478-b8a2894a7eaa-impl-thread1] INFO  impl.RoleInfo (RoleInfo.java:shutdownFollowerState(110)) - b0993b33-1422-4b90-a478-b8a2894a7eaa: shutdown b0993b33-1422-4b90-a478-b8a2894a7eaa@group-80ECED8B0AF8-FollowerState
2022-12-06 15:45:36,364 [b0993b33-1422-4b90-a478-b8a2894a7eaa-impl-thread1] INFO  impl.StateMachineUpdater (StateMachineUpdater.java:stopAndJoin(153)) - b0993b33-1422-4b90-a478-b8a2894a7eaa@group-80ECED8B0AF8-StateMachineUpdater: set stopIndex = -1
2022-12-06 15:45:36,365 [b0993b33-1422-4b90-a478-b8a2894a7eaa@group-80ECED8B0AF8-FollowerState] INFO  impl.FollowerState (FollowerState.java:run(152)) - b0993b33-1422-4b90-a478-b8a2894a7eaa@group-80ECED8B0AF8-FollowerState was interrupted
2022-12-06 15:45:36,363 [b0993b33-1422-4b90-a478-b8a2894a7eaa-impl-thread2] INFO  util.JmxRegister (JmxRegister.java:unregister(73)) - Successfully un-registered JMX Bean with object name Ratis:service=RaftServer,group=group-F0ECAC1CE6A4,id=b0993b33-1422-4b90-a478-b8a2894a7eaa
2022-12-06 15:45:36,367 [b0993b33-1422-4b90-a478-b8a2894a7eaa-impl-thread2] INFO  impl.RoleInfo (RoleInfo.java:shutdownFollowerState(110)) - b0993b33-1422-4b90-a478-b8a2894a7eaa: shutdown b0993b33-1422-4b90-a478-b8a2894a7eaa@group-F0ECAC1CE6A4-FollowerState
2022-12-06 15:45:36,368 [b0993b33-1422-4b90-a478-b8a2894a7eaa-impl-thread2] INFO  impl.StateMachineUpdater (StateMachineUpdater.java:stopAndJoin(153)) - b0993b33-1422-4b90-a478-b8a2894a7eaa@group-F0ECAC1CE6A4-StateMachineUpdater: set stopIndex = -1
2022-12-06 15:45:36,368 [b0993b33-1422-4b90-a478-b8a2894a7eaa@group-F0ECAC1CE6A4-FollowerState] INFO  impl.FollowerState (FollowerState.java:run(152)) - b0993b33-1422-4b90-a478-b8a2894a7eaa@group-F0ECAC1CE6A4-FollowerState was interrupted
2022-12-06 15:45:36,367 [b0993b33-1422-4b90-a478-b8a2894a7eaa-impl-thread3] INFO  server.RaftServer$Division (ServerState.java:close(466)) - b0993b33-1422-4b90-a478-b8a2894a7eaa@group-7B1E2564CD2A: closes. applyIndex: -1
2022-12-06 15:45:36,370 [b0993b33-1422-4b90-a478-b8a2894a7eaa@group-7B1E2564CD2A-SegmentedRaftLogWorker] INFO  segmented.SegmentedRaftLogWorker (SegmentedRaftLogWorker.java:run(347)) - b0993b33-1422-4b90-a478-b8a2894a7eaa@group-7B1E2564CD2A-SegmentedRaftLogWorker was interrupted, exiting. There are 0 tasks remaining in the queue.
2022-12-06 15:45:36,367 [b0993b33-1422-4b90-a478-b8a2894a7eaa-impl-thread1] INFO  server.RaftServer$Division (ServerState.java:close(466)) - b0993b33-1422-4b90-a478-b8a2894a7eaa@group-80ECED8B0AF8: closes. applyIndex: -1
2022-12-06 15:45:36,363 [b0993b33-1422-4b90-a478-b8a2894a7eaa@group-7B1E2564CD2A-FollowerState] INFO  impl.FollowerState (FollowerState.java:run(152)) - b0993b33-1422-4b90-a478-b8a2894a7eaa@group-7B1E2564CD2A-FollowerState was interrupted
2022-12-06 15:45:36,363 [Listener at 127.0.0.1/44149] INFO  server.GrpcService (GrpcService.java:closeImpl(271)) - b0993b33-1422-4b90-a478-b8a2894a7eaa: shutdown server GrpcServerProtocolService now
2022-12-06 15:45:36,371 [b0993b33-1422-4b90-a478-b8a2894a7eaa-impl-thread3] INFO  segmented.SegmentedRaftLogWorker (SegmentedRaftLogWorker.java:close(257)) - b0993b33-1422-4b90-a478-b8a2894a7eaa@group-7B1E2564CD2A-SegmentedRaftLogWorker close()
2022-12-06 15:45:36,371 [b0993b33-1422-4b90-a478-b8a2894a7eaa@group-80ECED8B0AF8-SegmentedRaftLogWorker] INFO  segmented.SegmentedRaftLogWorker (SegmentedRaftLogWorker.java:run(347)) - b0993b33-1422-4b90-a478-b8a2894a7eaa@group-80ECED8B0AF8-SegmentedRaftLogWorker was interrupted, exiting. There are 0 tasks remaining in the queue.
2022-12-06 15:45:36,369 [b0993b33-1422-4b90-a478-b8a2894a7eaa-impl-thread2] INFO  server.RaftServer$Division (ServerState.java:close(466)) - b0993b33-1422-4b90-a478-b8a2894a7eaa@group-F0ECAC1CE6A4: closes. applyIndex: -1
2022-12-06 15:45:36,373 [b0993b33-1422-4b90-a478-b8a2894a7eaa-impl-thread1] INFO  segmented.SegmentedRaftLogWorker (SegmentedRaftLogWorker.java:close(257)) - b0993b33-1422-4b90-a478-b8a2894a7eaa@group-80ECED8B0AF8-SegmentedRaftLogWorker close()
2022-12-06 15:45:36,382 [b0993b33-1422-4b90-a478-b8a2894a7eaa@group-F0ECAC1CE6A4-SegmentedRaftLogWorker] INFO  segmented.SegmentedRaftLogWorker (SegmentedRaftLogWorker.java:run(347)) - b0993b33-1422-4b90-a478-b8a2894a7eaa@group-F0ECAC1CE6A4-SegmentedRaftLogWorker was interrupted, exiting. There are 0 tasks remaining in the queue.
2022-12-06 15:45:36,385 [b0993b33-1422-4b90-a478-b8a2894a7eaa-impl-thread2] INFO  segmented.SegmentedRaftLogWorker (SegmentedRaftLogWorker.java:close(257)) - b0993b33-1422-4b90-a478-b8a2894a7eaa@group-F0ECAC1CE6A4-SegmentedRaftLogWorker close()
2022-12-06 15:45:36,386 [Listener at 127.0.0.1/44149] INFO  server.GrpcService (GrpcService.java:closeImpl(280)) - b0993b33-1422-4b90-a478-b8a2894a7eaa: shutdown server GrpcServerProtocolService successfully
2022-12-06 15:45:36,391 [EventQueue-CommandQueueReportForCommandQueueReportHandler] WARN  events.EventQueue (EventQueue.java:fireEvent(216)) - No event handler registered for event TypedEvent{payloadType=DatanodeDetails, name='Datanode_Command_Queue_Updated'}
2022-12-06 15:45:36,392 [JvmPauseMonitor11] INFO  util.JvmPauseMonitor (JvmPauseMonitor.java:run(111)) - JvmPauseMonitor-b0993b33-1422-4b90-a478-b8a2894a7eaa: Stopped
2022-12-06 15:45:36,411 [EventQueue-CommandQueueReportForCommandQueueReportHandler] WARN  events.EventQueue (EventQueue.java:fireEvent(216)) - No event handler registered for event TypedEvent{payloadType=DatanodeDetails, name='Datanode_Command_Queue_Updated'}
2022-12-06 15:45:36,638 [EventQueue-CommandQueueReportForCommandQueueReportHandler] WARN  events.EventQueue (EventQueue.java:fireEvent(216)) - No event handler registered for event TypedEvent{payloadType=DatanodeDetails, name='Datanode_Command_Queue_Updated'}
2022-12-06 15:45:36,929 [EventQueue-CommandQueueReportForCommandQueueReportHandler] WARN  events.EventQueue (EventQueue.java:fireEvent(216)) - No event handler registered for event TypedEvent{payloadType=DatanodeDetails, name='Datanode_Command_Queue_Updated'}
2022-12-06 15:45:37,144 [EventQueue-CommandQueueReportForCommandQueueReportHandler] WARN  events.EventQueue (EventQueue.java:fireEvent(216)) - No event handler registered for event TypedEvent{payloadType=DatanodeDetails, name='Datanode_Command_Queue_Updated'}
2022-12-06 15:45:37,148 [EventQueue-CommandQueueReportForCommandQueueReportHandler] WARN  events.EventQueue (EventQueue.java:fireEvent(216)) - No event handler registered for event TypedEvent{payloadType=DatanodeDetails, name='Datanode_Command_Queue_Updated'}
2022-12-06 15:45:37,151 [EventQueue-CommandQueueReportForCommandQueueReportHandler] WARN  events.EventQueue (EventQueue.java:fireEvent(216)) - No event handler registered for event TypedEvent{payloadType=DatanodeDetails, name='Datanode_Command_Queue_Updated'}
2022-12-06 15:45:37,152 [EventQueue-CommandQueueReportForCommandQueueReportHandler] WARN  events.EventQueue (EventQueue.java:fireEvent(216)) - No event handler registered for event TypedEvent{payloadType=DatanodeDetails, name='Datanode_Command_Queue_Updated'}
2022-12-06 15:45:37,153 [EventQueue-CommandQueueReportForCommandQueueReportHandler] WARN  events.EventQueue (EventQueue.java:fireEvent(216)) - No event handler registered for event TypedEvent{payloadType=DatanodeDetails, name='Datanode_Command_Queue_Updated'}
2022-12-06 15:45:37,388 [EventQueue-CommandQueueReportForCommandQueueReportHandler] WARN  events.EventQueue (EventQueue.java:fireEvent(216)) - No event handler registered for event TypedEvent{payloadType=DatanodeDetails, name='Datanode_Command_Queue_Updated'}
2022-12-06 15:45:37,412 [EventQueue-CommandQueueReportForCommandQueueReportHandler] WARN  events.EventQueue (EventQueue.java:fireEvent(216)) - No event handler registered for event TypedEvent{payloadType=DatanodeDetails, name='Datanode_Command_Queue_Updated'}
2022-12-06 15:45:37,638 [EventQueue-CommandQueueReportForCommandQueueReportHandler] WARN  events.EventQueue (EventQueue.java:fireEvent(216)) - No event handler registered for event TypedEvent{payloadType=DatanodeDetails, name='Datanode_Command_Queue_Updated'}
2022-12-06 15:45:37,931 [EventQueue-CommandQueueReportForCommandQueueReportHandler] WARN  events.EventQueue (EventQueue.java:fireEvent(216)) - No event handler registered for event TypedEvent{payloadType=DatanodeDetails, name='Datanode_Command_Queue_Updated'}
2022-12-06 15:45:38,145 [EventQueue-CommandQueueReportForCommandQueueReportHandler] WARN  events.EventQueue (EventQueue.java:fireEvent(216)) - No event handler registered for event TypedEvent{payloadType=DatanodeDetails, name='Datanode_Command_Queue_Updated'}
2022-12-06 15:45:38,147 [EventQueue-CommandQueueReportForCommandQueueReportHandler] WARN  events.EventQueue (EventQueue.java:fireEvent(216)) - No event handler registered for event TypedEvent{payloadType=DatanodeDetails, name='Datanode_Command_Queue_Updated'}
2022-12-06 15:45:38,149 [EventQueue-CommandQueueReportForCommandQueueReportHandler] WARN  events.EventQueue (EventQueue.java:fireEvent(216)) - No event handler registered for event TypedEvent{payloadType=DatanodeDetails, name='Datanode_Command_Queue_Updated'}
2022-12-06 15:45:38,152 [EventQueue-CommandQueueReportForCommandQueueReportHandler] WARN  events.EventQueue (EventQueue.java:fireEvent(216)) - No event handler registered for event TypedEvent{payloadType=DatanodeDetails, name='Datanode_Command_Queue_Updated'}
2022-12-06 15:45:38,173 [EventQueue-CommandQueueReportForCommandQueueReportHandler] WARN  events.EventQueue (EventQueue.java:fireEvent(216)) - No event handler registered for event TypedEvent{payloadType=DatanodeDetails, name='Datanode_Command_Queue_Updated'}
2022-12-06 15:45:38,388 [EventQueue-CommandQueueReportForCommandQueueReportHandler] WARN  events.EventQueue (EventQueue.java:fireEvent(216)) - No event handler registered for event TypedEvent{payloadType=DatanodeDetails, name='Datanode_Command_Queue_Updated'}
2022-12-06 15:45:38,412 [EventQueue-CommandQueueReportForCommandQueueReportHandler] WARN  events.EventQueue (EventQueue.java:fireEvent(216)) - No event handler registered for event TypedEvent{payloadType=DatanodeDetails, name='Datanode_Command_Queue_Updated'}
2022-12-06 15:45:38,417 [Listener at 127.0.0.1/44149] INFO  volume.HddsVolume (HddsVolume.java:closeDbStore(338)) - SchemaV3 db is stopped at /home/runner/work/ozone/ozone/hadoop-ozone/integration-test/target/test-dir/MiniOzoneClusterImpl-dce15e54-dc76-4f82-a75a-fd2a8a22e08e/datanode-2/data-0/containers/hdds/dce15e54-dc76-4f82-a75a-fd2a8a22e08e/DS-db086521-9099-47ef-a2c9-57eabd95b9d9/container.db for volume DS-db086521-9099-47ef-a2c9-57eabd95b9d9
2022-12-06 15:45:38,418 [Listener at 127.0.0.1/44149] INFO  utils.BackgroundService (BackgroundService.java:shutdown(141)) - Shutting down service BlockDeletingService
2022-12-06 15:45:38,418 [Listener at 127.0.0.1/44149] INFO  utils.BackgroundService (BackgroundService.java:shutdown(141)) - Shutting down service StaleRecoveringContainerScrubbingService
2022-12-06 15:45:38,427 [Listener at 127.0.0.1/44149] INFO  statemachine.DatanodeStateMachine (DatanodeStateMachine.java:stopDaemon(593)) - Ozone container server stopped.
2022-12-06 15:45:38,443 [Listener at 127.0.0.1/44149] INFO  handler.ContextHandler (ContextHandler.java:doStop(1159)) - Stopped o.e.j.w.WebAppContext@7d895d8e{hddsDatanode,/,null,STOPPED}{jar:file:/home/runner/.m2/repository/org/apache/ozone/hdds-container-service/1.3.0-SNAPSHOT/hdds-container-service-1.3.0-SNAPSHOT.jar!/webapps/hddsDatanode}
2022-12-06 15:45:38,449 [Listener at 127.0.0.1/44149] INFO  server.AbstractConnector (AbstractConnector.java:doStop(383)) - Stopped ServerConnector@11bcca2e{HTTP/1.1, (http/1.1)}{0.0.0.0:38543}
2022-12-06 15:45:38,449 [Listener at 127.0.0.1/44149] INFO  server.session (HouseKeeper.java:stopScavenging(149)) - node0 Stopped scavenging
2022-12-06 15:45:38,450 [Listener at 127.0.0.1/44149] INFO  handler.ContextHandler (ContextHandler.java:doStop(1159)) - Stopped o.e.j.s.ServletContextHandler@13e87a4e{static,/static,jar:file:/home/runner/.m2/repository/org/apache/ozone/hdds-container-service/1.3.0-SNAPSHOT/hdds-container-service-1.3.0-SNAPSHOT.jar!/webapps/static,STOPPED}
2022-12-06 15:45:38,451 [Listener at 127.0.0.1/44149] INFO  handler.ContextHandler (ContextHandler.java:doStop(1159)) - Stopped o.e.j.s.ServletContextHandler@60c63659{logs,/logs,file:///home/runner/work/ozone/ozone/hadoop-ozone/integration-test/target/log,STOPPED}
2022-12-06 15:45:38,638 [EventQueue-CommandQueueReportForCommandQueueReportHandler] WARN  events.EventQueue (EventQueue.java:fireEvent(216)) - No event handler registered for event TypedEvent{payloadType=DatanodeDetails, name='Datanode_Command_Queue_Updated'}
2022-12-06 15:45:38,641 [3023bd45-36c3-431f-9c1c-92b4e43de878@group-80ECED8B0AF8-FollowerState] INFO  impl.FollowerState (FollowerState.java:run(143)) - 3023bd45-36c3-431f-9c1c-92b4e43de878@group-80ECED8B0AF8-FollowerState: change to CANDIDATE, lastRpcElapsedTime:5036183777ns, electionTimeout:5033ms
2022-12-06 15:45:38,642 [3023bd45-36c3-431f-9c1c-92b4e43de878@group-80ECED8B0AF8-FollowerState] INFO  impl.RoleInfo (RoleInfo.java:shutdownFollowerState(110)) - 3023bd45-36c3-431f-9c1c-92b4e43de878: shutdown 3023bd45-36c3-431f-9c1c-92b4e43de878@group-80ECED8B0AF8-FollowerState
2022-12-06 15:45:38,642 [3023bd45-36c3-431f-9c1c-92b4e43de878@group-80ECED8B0AF8-FollowerState] INFO  server.RaftServer$Division (RaftServerImpl.java:setRole(321)) - 3023bd45-36c3-431f-9c1c-92b4e43de878@group-80ECED8B0AF8: changes role from  FOLLOWER to CANDIDATE at term 0 for changeToCandidate
2022-12-06 15:45:38,642 [3023bd45-36c3-431f-9c1c-92b4e43de878@group-80ECED8B0AF8-FollowerState] INFO  server.RaftServerConfigKeys (ConfUtils.java:logGet(46)) - raft.server.leaderelection.pre-vote = false (custom)
2022-12-06 15:45:38,642 [3023bd45-36c3-431f-9c1c-92b4e43de878@group-80ECED8B0AF8-FollowerState] INFO  impl.RoleInfo (RoleInfo.java:updateAndGet(139)) - 3023bd45-36c3-431f-9c1c-92b4e43de878: start 3023bd45-36c3-431f-9c1c-92b4e43de878@group-80ECED8B0AF8-LeaderElection32
2022-12-06 15:45:38,651 [0587405b-2ffa-4132-824d-547ca09f0e52@group-F0ECAC1CE6A4-FollowerState] INFO  impl.FollowerState (FollowerState.java:run(143)) - 0587405b-2ffa-4132-824d-547ca09f0e52@group-F0ECAC1CE6A4-FollowerState: change to CANDIDATE, lastRpcElapsedTime:5132172202ns, electionTimeout:5126ms
2022-12-06 15:45:38,652 [0587405b-2ffa-4132-824d-547ca09f0e52@group-F0ECAC1CE6A4-FollowerState] INFO  impl.RoleInfo (RoleInfo.java:shutdownFollowerState(110)) - 0587405b-2ffa-4132-824d-547ca09f0e52: shutdown 0587405b-2ffa-4132-824d-547ca09f0e52@group-F0ECAC1CE6A4-FollowerState
2022-12-06 15:45:38,652 [0587405b-2ffa-4132-824d-547ca09f0e52@group-F0ECAC1CE6A4-FollowerState] INFO  server.RaftServer$Division (RaftServerImpl.java:setRole(321)) - 0587405b-2ffa-4132-824d-547ca09f0e52@group-F0ECAC1CE6A4: changes role from  FOLLOWER to CANDIDATE at term 0 for changeToCandidate
2022-12-06 15:45:38,652 [0587405b-2ffa-4132-824d-547ca09f0e52@group-F0ECAC1CE6A4-FollowerState] INFO  server.RaftServerConfigKeys (ConfUtils.java:logGet(46)) - raft.server.leaderelection.pre-vote = false (custom)
2022-12-06 15:45:38,652 [0587405b-2ffa-4132-824d-547ca09f0e52@group-F0ECAC1CE6A4-FollowerState] INFO  impl.RoleInfo (RoleInfo.java:updateAndGet(139)) - 0587405b-2ffa-4132-824d-547ca09f0e52: start 0587405b-2ffa-4132-824d-547ca09f0e52@group-F0ECAC1CE6A4-LeaderElection33
2022-12-06 15:45:38,657 [3023bd45-36c3-431f-9c1c-92b4e43de878@group-80ECED8B0AF8-LeaderElection32] INFO  impl.LeaderElection (LeaderElection.java:askForVotes(312)) - 3023bd45-36c3-431f-9c1c-92b4e43de878@group-80ECED8B0AF8-LeaderElection32 ELECTION round 0: submit vote requests at term 1 for -1: peers:[b0993b33-1422-4b90-a478-b8a2894a7eaa|rpc:10.1.0.110:42755|dataStream:|priority:0|startupRole:FOLLOWER, 0587405b-2ffa-4132-824d-547ca09f0e52|rpc:10.1.0.110:38421|dataStream:|priority:0|startupRole:FOLLOWER, 3023bd45-36c3-431f-9c1c-92b4e43de878|rpc:10.1.0.110:42841|dataStream:|priority:1|startupRole:FOLLOWER]|listeners:[], old=null
2022-12-06 15:45:38,661 [0587405b-2ffa-4132-824d-547ca09f0e52@group-F0ECAC1CE6A4-LeaderElection33] INFO  impl.LeaderElection (LeaderElection.java:askForVotes(312)) - 0587405b-2ffa-4132-824d-547ca09f0e52@group-F0ECAC1CE6A4-LeaderElection33 ELECTION round 0: submit vote requests at term 1 for -1: peers:[b0993b33-1422-4b90-a478-b8a2894a7eaa|rpc:10.1.0.110:42755|dataStream:|priority:1|startupRole:FOLLOWER, 0587405b-2ffa-4132-824d-547ca09f0e52|rpc:10.1.0.110:38421|dataStream:|priority:0|startupRole:FOLLOWER, 3023bd45-36c3-431f-9c1c-92b4e43de878|rpc:10.1.0.110:42841|dataStream:|priority:0|startupRole:FOLLOWER]|listeners:[], old=null
2022-12-06 15:45:38,661 [3023bd45-36c3-431f-9c1c-92b4e43de878@group-80ECED8B0AF8-LeaderElection32] INFO  server.RaftServerConfigKeys (ConfUtils.java:logFallback(53)) - raft.server.rpc.first-election.timeout.min = 5s (fallback to raft.server.rpc.timeout.min)
2022-12-06 15:45:38,662 [3023bd45-36c3-431f-9c1c-92b4e43de878@group-80ECED8B0AF8-LeaderElection32] INFO  server.RaftServerConfigKeys (ConfUtils.java:logFallback(53)) - raft.server.rpc.first-election.timeout.max = 5200ms (fallback to raft.server.rpc.timeout.max)
2022-12-06 15:45:38,662 [3023bd45-36c3-431f-9c1c-92b4e43de878@group-80ECED8B0AF8-LeaderElection32-2] INFO  server.GrpcServerProtocolClient (GrpcServerProtocolClient.java:<init>(63)) - Build channel for 0587405b-2ffa-4132-824d-547ca09f0e52
2022-12-06 15:45:38,668 [3023bd45-36c3-431f-9c1c-92b4e43de878@group-80ECED8B0AF8-LeaderElection32-1] INFO  server.GrpcServerProtocolClient (GrpcServerProtocolClient.java:<init>(63)) - Build channel for b0993b33-1422-4b90-a478-b8a2894a7eaa
2022-12-06 15:45:38,675 [grpc-default-executor-0] INFO  server.RaftServer$Division (RaftServerImpl.java:requestVote(1218)) - 0587405b-2ffa-4132-824d-547ca09f0e52@group-80ECED8B0AF8: receive requestVote(ELECTION, 3023bd45-36c3-431f-9c1c-92b4e43de878, group-80ECED8B0AF8, 1, (t:0, i:0))
2022-12-06 15:45:38,675 [grpc-default-executor-0] INFO  impl.VoteContext (VoteContext.java:log(49)) - 0587405b-2ffa-4132-824d-547ca09f0e52@group-80ECED8B0AF8-FOLLOWER: accept ELECTION from 3023bd45-36c3-431f-9c1c-92b4e43de878: our priority 0 <= candidate's priority 1
2022-12-06 15:45:38,675 [grpc-default-executor-0] INFO  server.RaftServer$Division (RaftServerImpl.java:setRole(321)) - 0587405b-2ffa-4132-824d-547ca09f0e52@group-80ECED8B0AF8: changes role from  FOLLOWER to FOLLOWER at term 1 for candidate:3023bd45-36c3-431f-9c1c-92b4e43de878
2022-12-06 15:45:38,675 [grpc-default-executor-0] INFO  impl.RoleInfo (RoleInfo.java:shutdownFollowerState(110)) - 0587405b-2ffa-4132-824d-547ca09f0e52: shutdown 0587405b-2ffa-4132-824d-547ca09f0e52@group-80ECED8B0AF8-FollowerState
2022-12-06 15:45:38,676 [0587405b-2ffa-4132-824d-547ca09f0e52@group-F0ECAC1CE6A4-LeaderElection33] INFO  server.RaftServerConfigKeys (ConfUtils.java:logFallback(53)) - raft.server.rpc.first-election.timeout.min = 5s (fallback to raft.server.rpc.timeout.min)
2022-12-06 15:45:38,676 [0587405b-2ffa-4132-824d-547ca09f0e52@group-F0ECAC1CE6A4-LeaderElection33] INFO  server.RaftServerConfigKeys (ConfUtils.java:logFallback(53)) - raft.server.rpc.first-election.timeout.max = 5200ms (fallback to raft.server.rpc.timeout.max)
2022-12-06 15:45:38,676 [grpc-default-executor-0] INFO  impl.RoleInfo (RoleInfo.java:updateAndGet(139)) - 0587405b-2ffa-4132-824d-547ca09f0e52: start 0587405b-2ffa-4132-824d-547ca09f0e52@group-80ECED8B0AF8-FollowerState
2022-12-06 15:45:38,677 [0587405b-2ffa-4132-824d-547ca09f0e52@group-80ECED8B0AF8-FollowerState] INFO  impl.FollowerState (FollowerState.java:run(152)) - 0587405b-2ffa-4132-824d-547ca09f0e52@group-80ECED8B0AF8-FollowerState was interrupted
2022-12-06 15:45:38,677 [0587405b-2ffa-4132-824d-547ca09f0e52@group-F0ECAC1CE6A4-LeaderElection33-2] INFO  server.GrpcServerProtocolClient (GrpcServerProtocolClient.java:<init>(63)) - Build channel for 3023bd45-36c3-431f-9c1c-92b4e43de878
2022-12-06 15:45:38,685 [grpc-default-executor-0] INFO  server.RaftServer$Division (RaftServerImpl.java:requestVote(1251)) - 0587405b-2ffa-4132-824d-547ca09f0e52@group-80ECED8B0AF8 replies to ELECTION vote request: 3023bd45-36c3-431f-9c1c-92b4e43de878<-0587405b-2ffa-4132-824d-547ca09f0e52#0:OK-t1. Peer's state: 0587405b-2ffa-4132-824d-547ca09f0e52@group-80ECED8B0AF8:t1, leader=null, voted=3023bd45-36c3-431f-9c1c-92b4e43de878, raftlog=Memoized:0587405b-2ffa-4132-824d-547ca09f0e52@group-80ECED8B0AF8-SegmentedRaftLog:OPENED:c-1, conf=-1: peers:[b0993b33-1422-4b90-a478-b8a2894a7eaa|rpc:10.1.0.110:42755|dataStream:|priority:0|startupRole:FOLLOWER, 0587405b-2ffa-4132-824d-547ca09f0e52|rpc:10.1.0.110:38421|dataStream:|priority:0|startupRole:FOLLOWER, 3023bd45-36c3-431f-9c1c-92b4e43de878|rpc:10.1.0.110:42841|dataStream:|priority:1|startupRole:FOLLOWER]|listeners:[], old=null
2022-12-06 15:45:38,686 [0587405b-2ffa-4132-824d-547ca09f0e52@group-F0ECAC1CE6A4-LeaderElection33] INFO  impl.LeaderElection (LogUtils.java:infoOrTrace(137)) - 0587405b-2ffa-4132-824d-547ca09f0e52@group-F0ECAC1CE6A4-LeaderElection33 got exception when requesting votes: java.util.concurrent.ExecutionException: org.apache.ratis.thirdparty.io.grpc.StatusRuntimeException: UNAVAILABLE: io exception
2022-12-06 15:45:38,694 [3023bd45-36c3-431f-9c1c-92b4e43de878@group-F0ECAC1CE6A4-FollowerState] INFO  impl.FollowerState (FollowerState.java:run(143)) - 3023bd45-36c3-431f-9c1c-92b4e43de878@group-F0ECAC1CE6A4-FollowerState: change to CANDIDATE, lastRpcElapsedTime:5142301736ns, electionTimeout:5139ms
2022-12-06 15:45:38,695 [3023bd45-36c3-431f-9c1c-92b4e43de878@group-F0ECAC1CE6A4-FollowerState] INFO  impl.RoleInfo (RoleInfo.java:shutdownFollowerState(110)) - 3023bd45-36c3-431f-9c1c-92b4e43de878: shutdown 3023bd45-36c3-431f-9c1c-92b4e43de878@group-F0ECAC1CE6A4-FollowerState
2022-12-06 15:45:38,695 [3023bd45-36c3-431f-9c1c-92b4e43de878@group-F0ECAC1CE6A4-FollowerState] INFO  server.RaftServer$Division (RaftServerImpl.java:setRole(321)) - 3023bd45-36c3-431f-9c1c-92b4e43de878@group-F0ECAC1CE6A4: changes role from  FOLLOWER to CANDIDATE at term 0 for changeToCandidate
2022-12-06 15:45:38,696 [3023bd45-36c3-431f-9c1c-92b4e43de878@group-F0ECAC1CE6A4-FollowerState] INFO  server.RaftServerConfigKeys (ConfUtils.java:logGet(46)) - raft.server.leaderelection.pre-vote = false (custom)
2022-12-06 15:45:38,696 [3023bd45-36c3-431f-9c1c-92b4e43de878@group-F0ECAC1CE6A4-FollowerState] INFO  impl.RoleInfo (RoleInfo.java:updateAndGet(139)) - 3023bd45-36c3-431f-9c1c-92b4e43de878: start 3023bd45-36c3-431f-9c1c-92b4e43de878@group-F0ECAC1CE6A4-LeaderElection34
2022-12-06 15:45:38,696 [0587405b-2ffa-4132-824d-547ca09f0e52@group-80ECED8B0AF8-FollowerState] INFO  server.RaftServerConfigKeys (ConfUtils.java:logFallback(53)) - raft.server.rpc.first-election.timeout.min = 5s (fallback to raft.server.rpc.timeout.min)
2022-12-06 15:45:38,696 [0587405b-2ffa-4132-824d-547ca09f0e52@group-80ECED8B0AF8-FollowerState] INFO  server.RaftServerConfigKeys (ConfUtils.java:logFallback(53)) - raft.server.rpc.first-election.timeout.max = 5200ms (fallback to raft.server.rpc.timeout.max)
2022-12-06 15:45:38,701 [3023bd45-36c3-431f-9c1c-92b4e43de878@group-80ECED8B0AF8-LeaderElection32] INFO  impl.LeaderElection (LeaderElection.java:logAndReturn(90)) - 3023bd45-36c3-431f-9c1c-92b4e43de878@group-80ECED8B0AF8-LeaderElection32: ELECTION PASSED received 1 response(s) and 0 exception(s):
2022-12-06 15:45:38,701 [3023bd45-36c3-431f-9c1c-92b4e43de878@group-80ECED8B0AF8-LeaderElection32] INFO  impl.LeaderElection (LeaderElection.java:logAndReturn(94)) -   Response 0: 3023bd45-36c3-431f-9c1c-92b4e43de878<-0587405b-2ffa-4132-824d-547ca09f0e52#0:OK-t1
2022-12-06 15:45:38,701 [3023bd45-36c3-431f-9c1c-92b4e43de878@group-80ECED8B0AF8-LeaderElection32] INFO  impl.LeaderElection (LeaderElection.java:askForVotes(314)) - 3023bd45-36c3-431f-9c1c-92b4e43de878@group-80ECED8B0AF8-LeaderElection32 ELECTION round 0: result PASSED
2022-12-06 15:45:38,701 [3023bd45-36c3-431f-9c1c-92b4e43de878@group-80ECED8B0AF8-LeaderElection32] INFO  impl.RoleInfo (RoleInfo.java:shutdownLeaderElection(130)) - 3023bd45-36c3-431f-9c1c-92b4e43de878: shutdown 3023bd45-36c3-431f-9c1c-92b4e43de878@group-80ECED8B0AF8-LeaderElection32
2022-12-06 15:45:38,702 [3023bd45-36c3-431f-9c1c-92b4e43de878@group-80ECED8B0AF8-LeaderElection32] INFO  server.RaftServer$Division (RaftServerImpl.java:setRole(321)) - 3023bd45-36c3-431f-9c1c-92b4e43de878@group-80ECED8B0AF8: changes role from CANDIDATE to LEADER at term 1 for changeToLeader
2022-12-06 15:45:38,702 [3023bd45-36c3-431f-9c1c-92b4e43de878@group-80ECED8B0AF8-LeaderElection32] INFO  ratis.XceiverServerRatis (XceiverServerRatis.java:handleLeaderChangedNotification(863)) - Leader change notification received for group: group-80ECED8B0AF8 with new leaderId: 3023bd45-36c3-431f-9c1c-92b4e43de878
2022-12-06 15:45:38,702 [3023bd45-36c3-431f-9c1c-92b4e43de878@group-80ECED8B0AF8-LeaderElection32] INFO  server.RaftServer$Division (ServerState.java:setLeader(313)) - 3023bd45-36c3-431f-9c1c-92b4e43de878@group-80ECED8B0AF8: change Leader from null to 3023bd45-36c3-431f-9c1c-92b4e43de878 at term 1 for becomeLeader, leader elected after 5110ms
2022-12-06 15:45:38,704 [3023bd45-36c3-431f-9c1c-92b4e43de878@group-80ECED8B0AF8-LeaderElection32] INFO  server.RaftServerConfigKeys (ConfUtils.java:logGet(46)) - raft.server.staging.catchup.gap = 1000 (default)
2022-12-06 15:45:38,705 [EventQueue-CommandQueueReportForCommandQueueReportHandler] WARN  events.EventQueue (EventQueue.java:fireEvent(216)) - No event handler registered for event TypedEvent{payloadType=DatanodeDetails, name='Datanode_Command_Queue_Updated'}
2022-12-06 15:45:38,706 [EventQueue-PipelineReportForPipelineReportHandler] INFO  pipeline.PipelineManagerImpl (PipelineManagerImpl.java:openPipeline(367)) - Pipeline Pipeline[ Id: 89b9b39a-e242-4ad6-8397-80eced8b0af8, Nodes: b0993b33-1422-4b90-a478-b8a2894a7eaa{ip: 10.1.0.110, host: fv-az133-40.ac31hddj4phu5ocom5smqd4hkf.cx.internal.cloudapp.net, ports: [REPLICATION=44271, RATIS=42755, RATIS_ADMIN=42755, RATIS_SERVER=42755, STANDALONE=38575], networkLocation: /default-rack, certSerialId: null, persistedOpState: IN_SERVICE, persistedOpStateExpiryEpochSec: 0}3023bd45-36c3-431f-9c1c-92b4e43de878{ip: 10.1.0.110, host: fv-az133-40.ac31hddj4phu5ocom5smqd4hkf.cx.internal.cloudapp.net, ports: [REPLICATION=35579, RATIS=42841, RATIS_ADMIN=42841, RATIS_SERVER=42841, STANDALONE=33457], networkLocation: /default-rack, certSerialId: null, persistedOpState: IN_SERVICE, persistedOpStateExpiryEpochSec: 0}0587405b-2ffa-4132-824d-547ca09f0e52{ip: 10.1.0.110, host: fv-az133-40.ac31hddj4phu5ocom5smqd4hkf.cx.internal.cloudapp.net, ports: [REPLICATION=32813, RATIS=38421, RATIS_ADMIN=38421, RATIS_SERVER=38421, STANDALONE=40413], networkLocation: /default-rack, certSerialId: null, persistedOpState: IN_SERVICE, persistedOpStateExpiryEpochSec: 0}, ReplicationConfig: RATIS/THREE, State:ALLOCATED, leaderId:3023bd45-36c3-431f-9c1c-92b4e43de878, CreationTimestamp2022-12-06T15:45:32.598Z[Etc/UTC]] moved to OPEN state
2022-12-06 15:45:38,707 [3023bd45-36c3-431f-9c1c-92b4e43de878@group-80ECED8B0AF8-LeaderElection32] INFO  server.RaftServerConfigKeys (ConfUtils.java:logGet(46)) - raft.server.write.element-limit = 1024 (custom)
2022-12-06 15:45:38,707 [3023bd45-36c3-431f-9c1c-92b4e43de878@group-80ECED8B0AF8-LeaderElection32] INFO  server.RaftServerConfigKeys (ConfUtils.java:logGet(46)) - raft.server.write.byte-limit = 1024 M (=1073741824) (custom)
2022-12-06 15:45:38,709 [3023bd45-36c3-431f-9c1c-92b4e43de878@group-80ECED8B0AF8-LeaderElection32] INFO  server.RaftServerConfigKeys (ConfUtils.java:logGet(46)) - raft.server.watch.timeout = 180s (custom)
2022-12-06 15:45:38,720 [3023bd45-36c3-431f-9c1c-92b4e43de878@group-80ECED8B0AF8-LeaderElection32] INFO  server.RaftServerConfigKeys (ConfUtils.java:logGet(46)) - raft.server.watch.timeout.denomination = 1s (default)
2022-12-06 15:45:38,720 [3023bd45-36c3-431f-9c1c-92b4e43de878@group-80ECED8B0AF8-LeaderElection32] INFO  server.RaftServerConfigKeys (ConfUtils.java:logGet(46)) - raft.server.watch.element-limit = 65536 (default)
2022-12-06 15:45:38,720 [3023bd45-36c3-431f-9c1c-92b4e43de878@group-80ECED8B0AF8-LeaderElection32] INFO  server.RaftServerConfigKeys (ConfUtils.java:logGet(46)) - raft.server.write.element-limit = 1024 (custom)
2022-12-06 15:45:38,720 [3023bd45-36c3-431f-9c1c-92b4e43de878@group-80ECED8B0AF8-LeaderElection32] INFO  server.RaftServerConfigKeys (ConfUtils.java:logGet(46)) - raft.server.write.follower.gap.ratio.max = -1.0 (default)
2022-12-06 15:45:38,724 [3023bd45-36c3-431f-9c1c-92b4e43de878@group-80ECED8B0AF8-LeaderElection32] INFO  server.RaftServerConfigKeys (ConfUtils.java:logGet(46)) - raft.server.log.appender.snapshot.chunk.size.max = 16MB (=16777216) (default)
2022-12-06 15:45:38,724 [3023bd45-36c3-431f-9c1c-92b4e43de878@group-80ECED8B0AF8-LeaderElection32] INFO  server.RaftServerConfigKeys (ConfUtils.java:logGet(46)) - raft.server.log.appender.buffer.byte-limit = 33554432 (custom)
2022-12-06 15:45:38,724 [grpc-default-executor-0] INFO  server.RaftServer$Division (RaftServerImpl.java:requestVote(1218)) - 3023bd45-36c3-431f-9c1c-92b4e43de878@group-F0ECAC1CE6A4: receive requestVote(ELECTION, 0587405b-2ffa-4132-824d-547ca09f0e52, group-F0ECAC1CE6A4, 1, (t:0, i:0))
2022-12-06 15:45:38,725 [3023bd45-36c3-431f-9c1c-92b4e43de878@group-80ECED8B0AF8-LeaderElection32] INFO  server.RaftServerConfigKeys (ConfUtils.java:logGet(46)) - raft.server.log.appender.buffer.element-limit = 1 (custom)
2022-12-06 15:45:38,727 [grpc-default-executor-0] INFO  impl.VoteContext (VoteContext.java:log(49)) - 3023bd45-36c3-431f-9c1c-92b4e43de878@group-F0ECAC1CE6A4-CANDIDATE: reject ELECTION from 0587405b-2ffa-4132-824d-547ca09f0e52: already has voted for 3023bd45-36c3-431f-9c1c-92b4e43de878 at current term 1
2022-12-06 15:45:38,727 [grpc-default-executor-0] INFO  server.RaftServer$Division (RaftServerImpl.java:requestVote(1251)) - 3023bd45-36c3-431f-9c1c-92b4e43de878@group-F0ECAC1CE6A4 replies to ELECTION vote request: 0587405b-2ffa-4132-824d-547ca09f0e52<-3023bd45-36c3-431f-9c1c-92b4e43de878#0:FAIL-t1. Peer's state: 3023bd45-36c3-431f-9c1c-92b4e43de878@group-F0ECAC1CE6A4:t1, leader=null, voted=3023bd45-36c3-431f-9c1c-92b4e43de878, raftlog=Memoized:3023bd45-36c3-431f-9c1c-92b4e43de878@group-F0ECAC1CE6A4-SegmentedRaftLog:OPENED:c-1, conf=-1: peers:[b0993b33-1422-4b90-a478-b8a2894a7eaa|rpc:10.1.0.110:42755|dataStream:|priority:1|startupRole:FOLLOWER, 0587405b-2ffa-4132-824d-547ca09f0e52|rpc:10.1.0.110:38421|dataStream:|priority:0|startupRole:FOLLOWER, 3023bd45-36c3-431f-9c1c-92b4e43de878|rpc:10.1.0.110:42841|dataStream:|priority:0|startupRole:FOLLOWER]|listeners:[], old=null
2022-12-06 15:45:38,727 [3023bd45-36c3-431f-9c1c-92b4e43de878@group-F0ECAC1CE6A4-LeaderElection34] INFO  impl.LeaderElection (LeaderElection.java:askForVotes(312)) - 3023bd45-36c3-431f-9c1c-92b4e43de878@group-F0ECAC1CE6A4-LeaderElection34 ELECTION round 0: submit vote requests at term 1 for -1: peers:[b0993b33-1422-4b90-a478-b8a2894a7eaa|rpc:10.1.0.110:42755|dataStream:|priority:1|startupRole:FOLLOWER, 0587405b-2ffa-4132-824d-547ca09f0e52|rpc:10.1.0.110:38421|dataStream:|priority:0|startupRole:FOLLOWER, 3023bd45-36c3-431f-9c1c-92b4e43de878|rpc:10.1.0.110:42841|dataStream:|priority:0|startupRole:FOLLOWER]|listeners:[], old=null
2022-12-06 15:45:38,730 [0587405b-2ffa-4132-824d-547ca09f0e52@group-F0ECAC1CE6A4-LeaderElection33] INFO  impl.LeaderElection (LeaderElection.java:logAndReturn(90)) - 0587405b-2ffa-4132-824d-547ca09f0e52@group-F0ECAC1CE6A4-LeaderElection33: ELECTION REJECTED received 1 response(s) and 1 exception(s):
2022-12-06 15:45:38,730 [0587405b-2ffa-4132-824d-547ca09f0e52@group-F0ECAC1CE6A4-LeaderElection33] INFO  impl.LeaderElection (LeaderElection.java:logAndReturn(94)) -   Response 0: 0587405b-2ffa-4132-824d-547ca09f0e52<-3023bd45-36c3-431f-9c1c-92b4e43de878#0:FAIL-t1
2022-12-06 15:45:38,730 [0587405b-2ffa-4132-824d-547ca09f0e52@group-F0ECAC1CE6A4-LeaderElection33] INFO  impl.LeaderElection (LogUtils.java:infoOrTrace(137)) -   Exception 1: java.util.concurrent.ExecutionException: org.apache.ratis.thirdparty.io.grpc.StatusRuntimeException: UNAVAILABLE: io exception
2022-12-06 15:45:38,732 [0587405b-2ffa-4132-824d-547ca09f0e52@group-F0ECAC1CE6A4-LeaderElection33] INFO  impl.LeaderElection (LeaderElection.java:askForVotes(314)) - 0587405b-2ffa-4132-824d-547ca09f0e52@group-F0ECAC1CE6A4-LeaderElection33 ELECTION round 0: result REJECTED
2022-12-06 15:45:38,732 [0587405b-2ffa-4132-824d-547ca09f0e52@group-F0ECAC1CE6A4-LeaderElection33] INFO  server.RaftServer$Division (RaftServerImpl.java:setRole(321)) - 0587405b-2ffa-4132-824d-547ca09f0e52@group-F0ECAC1CE6A4: changes role from CANDIDATE to FOLLOWER at term 1 for REJECTED
2022-12-06 15:45:38,732 [0587405b-2ffa-4132-824d-547ca09f0e52@group-F0ECAC1CE6A4-LeaderElection33] INFO  impl.RoleInfo (RoleInfo.java:shutdownLeaderElection(130)) - 0587405b-2ffa-4132-824d-547ca09f0e52: shutdown 0587405b-2ffa-4132-824d-547ca09f0e52@group-F0ECAC1CE6A4-LeaderElection33
2022-12-06 15:45:38,732 [3023bd45-36c3-431f-9c1c-92b4e43de878@group-F0ECAC1CE6A4-LeaderElection34] INFO  server.RaftServerConfigKeys (ConfUtils.java:logFallback(53)) - raft.server.rpc.first-election.timeout.min = 5s (fallback to raft.server.rpc.timeout.min)
2022-12-06 15:45:38,732 [3023bd45-36c3-431f-9c1c-92b4e43de878@group-F0ECAC1CE6A4-LeaderElection34] INFO  server.RaftServerConfigKeys (ConfUtils.java:logFallback(53)) - raft.server.rpc.first-election.timeout.max = 5200ms (fallback to raft.server.rpc.timeout.max)
2022-12-06 15:45:38,733 [3023bd45-36c3-431f-9c1c-92b4e43de878@group-F0ECAC1CE6A4-LeaderElection34] INFO  impl.LeaderElection (LogUtils.java:infoOrTrace(137)) - 3023bd45-36c3-431f-9c1c-92b4e43de878@group-F0ECAC1CE6A4-LeaderElection34 got exception when requesting votes: java.util.concurrent.ExecutionException: org.apache.ratis.thirdparty.io.grpc.StatusRuntimeException: UNAVAILABLE: io exception
2022-12-06 15:45:38,733 [0587405b-2ffa-4132-824d-547ca09f0e52@group-F0ECAC1CE6A4-LeaderElection33] INFO  impl.RoleInfo (RoleInfo.java:updateAndGet(139)) - 0587405b-2ffa-4132-824d-547ca09f0e52: start 0587405b-2ffa-4132-824d-547ca09f0e52@group-F0ECAC1CE6A4-FollowerState
2022-12-06 15:45:38,733 [3023bd45-36c3-431f-9c1c-92b4e43de878@group-80ECED8B0AF8-LeaderElection32] INFO  grpc.GrpcConfigKeys (ConfUtils.java:logGet(46)) - raft.grpc.server.leader.outstanding.appends.max = 128 (default)
2022-12-06 15:45:38,733 [3023bd45-36c3-431f-9c1c-92b4e43de878@group-80ECED8B0AF8-LeaderElection32] INFO  server.RaftServerConfigKeys (ConfUtils.java:logGet(46)) - raft.server.rpc.request.timeout = 60s (custom)
2022-12-06 15:45:38,733 [3023bd45-36c3-431f-9c1c-92b4e43de878@group-80ECED8B0AF8-LeaderElection32] INFO  server.RaftServerConfigKeys (ConfUtils.java:logGet(46)) - raft.server.log.appender.install.snapshot.enabled = false (custom)
2022-12-06 15:45:38,733 [3023bd45-36c3-431f-9c1c-92b4e43de878@group-80ECED8B0AF8-LeaderElection32] INFO  grpc.GrpcConfigKeys (ConfUtils.java:logGet(46)) - raft.grpc.server.heartbeat.channel = true (default)
2022-12-06 15:45:38,733 [3023bd45-36c3-431f-9c1c-92b4e43de878@group-80ECED8B0AF8-LeaderElection32] INFO  server.RaftServerConfigKeys (ConfUtils.java:logGet(46)) - raft.server.log.appender.wait-time.min = 10ms (default)
2022-12-06 15:45:38,739 [0587405b-2ffa-4132-824d-547ca09f0e52@group-F0ECAC1CE6A4-FollowerState] INFO  server.RaftServerConfigKeys (ConfUtils.java:logFallback(53)) - raft.server.rpc.first-election.timeout.min = 5s (fallback to raft.server.rpc.timeout.min)
2022-12-06 15:45:38,739 [3023bd45-36c3-431f-9c1c-92b4e43de878@group-80ECED8B0AF8-LeaderElection32] INFO  server.RaftServerConfigKeys (ConfUtils.java:logGet(46)) - raft.server.log.appender.snapshot.chunk.size.max = 16MB (=16777216) (default)
2022-12-06 15:45:38,739 [3023bd45-36c3-431f-9c1c-92b4e43de878@group-80ECED8B0AF8-LeaderElection32] INFO  server.RaftServerConfigKeys (ConfUtils.java:logGet(46)) - raft.server.log.appender.buffer.byte-limit = 33554432 (custom)
2022-12-06 15:45:38,739 [3023bd45-36c3-431f-9c1c-92b4e43de878@group-80ECED8B0AF8-LeaderElection32] INFO  server.RaftServerConfigKeys (ConfUtils.java:logGet(46)) - raft.server.log.appender.buffer.element-limit = 1 (custom)
2022-12-06 15:45:38,739 [3023bd45-36c3-431f-9c1c-92b4e43de878@group-80ECED8B0AF8-LeaderElection32] INFO  grpc.GrpcConfigKeys (ConfUtils.java:logGet(46)) - raft.grpc.server.leader.outstanding.appends.max = 128 (default)
2022-12-06 15:45:38,739 [3023bd45-36c3-431f-9c1c-92b4e43de878@group-80ECED8B0AF8-LeaderElection32] INFO  server.RaftServerConfigKeys (ConfUtils.java:logGet(46)) - raft.server.rpc.request.timeout = 60s (custom)
2022-12-06 15:45:38,739 [3023bd45-36c3-431f-9c1c-92b4e43de878@group-80ECED8B0AF8-LeaderElection32] INFO  server.RaftServerConfigKeys (ConfUtils.java:logGet(46)) - raft.server.log.appender.install.snapshot.enabled = false (custom)
2022-12-06 15:45:38,740 [3023bd45-36c3-431f-9c1c-92b4e43de878@group-80ECED8B0AF8-LeaderElection32] INFO  grpc.GrpcConfigKeys (ConfUtils.java:logGet(46)) - raft.grpc.server.heartbeat.channel = true (default)
2022-12-06 15:45:38,740 [3023bd45-36c3-431f-9c1c-92b4e43de878@group-80ECED8B0AF8-LeaderElection32] INFO  server.RaftServerConfigKeys (ConfUtils.java:logGet(46)) - raft.server.log.appender.wait-time.min = 10ms (default)
2022-12-06 15:45:38,740 [3023bd45-36c3-431f-9c1c-92b4e43de878@group-80ECED8B0AF8-LeaderElection32] INFO  impl.RoleInfo (RoleInfo.java:updateAndGet(139)) - 3023bd45-36c3-431f-9c1c-92b4e43de878: start 3023bd45-36c3-431f-9c1c-92b4e43de878@group-80ECED8B0AF8-LeaderStateImpl
2022-12-06 15:45:38,739 [0587405b-2ffa-4132-824d-547ca09f0e52@group-F0ECAC1CE6A4-FollowerState] INFO  server.RaftServerConfigKeys (ConfUtils.java:logFallback(53)) - raft.server.rpc.first-election.timeout.max = 5200ms (fallback to raft.server.rpc.timeout.max)
2022-12-06 15:45:38,741 [3023bd45-36c3-431f-9c1c-92b4e43de878@group-80ECED8B0AF8-LeaderElection32] INFO  segmented.SegmentedRaftLogWorker (SegmentedRaftLogWorker.java:startLogSegment(452)) - 3023bd45-36c3-431f-9c1c-92b4e43de878@group-80ECED8B0AF8-SegmentedRaftLogWorker: Starting segment from index:0
2022-12-06 15:45:38,746 [3023bd45-36c3-431f-9c1c-92b4e43de878@group-80ECED8B0AF8-SegmentedRaftLogWorker] INFO  segmented.SegmentedRaftLogWorker (SegmentedRaftLogWorker.java:execute(656)) - 3023bd45-36c3-431f-9c1c-92b4e43de878@group-80ECED8B0AF8-SegmentedRaftLogWorker: created new log segment /home/runner/work/ozone/ozone/hadoop-ozone/integration-test/target/test-dir/MiniOzoneClusterImpl-dce15e54-dc76-4f82-a75a-fd2a8a22e08e/datanode-9/data/ratis/89b9b39a-e242-4ad6-8397-80eced8b0af8/current/log_inprogress_0
2022-12-06 15:45:38,746 [grpc-default-executor-0] INFO  server.RaftServer$Division (RaftServerImpl.java:requestVote(1218)) - 0587405b-2ffa-4132-824d-547ca09f0e52@group-F0ECAC1CE6A4: receive requestVote(ELECTION, 3023bd45-36c3-431f-9c1c-92b4e43de878, group-F0ECAC1CE6A4, 1, (t:0, i:0))
2022-12-06 15:45:38,746 [grpc-default-executor-0] INFO  impl.VoteContext (VoteContext.java:log(49)) - 0587405b-2ffa-4132-824d-547ca09f0e52@group-F0ECAC1CE6A4-FOLLOWER: reject ELECTION from 3023bd45-36c3-431f-9c1c-92b4e43de878: already has voted for 0587405b-2ffa-4132-824d-547ca09f0e52 at current term 1
2022-12-06 15:45:38,746 [grpc-default-executor-0] INFO  server.RaftServer$Division (RaftServerImpl.java:requestVote(1251)) - 0587405b-2ffa-4132-824d-547ca09f0e52@group-F0ECAC1CE6A4 replies to ELECTION vote request: 3023bd45-36c3-431f-9c1c-92b4e43de878<-0587405b-2ffa-4132-824d-547ca09f0e52#0:FAIL-t1. Peer's state: 0587405b-2ffa-4132-824d-547ca09f0e52@group-F0ECAC1CE6A4:t1, leader=null, voted=0587405b-2ffa-4132-824d-547ca09f0e52, raftlog=Memoized:0587405b-2ffa-4132-824d-547ca09f0e52@group-F0ECAC1CE6A4-SegmentedRaftLog:OPENED:c-1, conf=-1: peers:[b0993b33-1422-4b90-a478-b8a2894a7eaa|rpc:10.1.0.110:42755|dataStream:|priority:1|startupRole:FOLLOWER, 0587405b-2ffa-4132-824d-547ca09f0e52|rpc:10.1.0.110:38421|dataStream:|priority:0|startupRole:FOLLOWER, 3023bd45-36c3-431f-9c1c-92b4e43de878|rpc:10.1.0.110:42841|dataStream:|priority:0|startupRole:FOLLOWER]|listeners:[], old=null
2022-12-06 15:45:38,749 [grpc-default-executor-0] WARN  server.GrpcLogAppender (LogUtils.java:warn(122)) - 3023bd45-36c3-431f-9c1c-92b4e43de878@group-80ECED8B0AF8->b0993b33-1422-4b90-a478-b8a2894a7eaa-AppendLogResponseHandler: Failed appendEntries: org.apache.ratis.thirdparty.io.grpc.StatusRuntimeException: UNAVAILABLE: io exception
2022-12-06 15:45:38,752 [3023bd45-36c3-431f-9c1c-92b4e43de878@group-80ECED8B0AF8-LeaderElection32] INFO  server.RaftServer$Division (ServerState.java:setRaftConf(430)) - 3023bd45-36c3-431f-9c1c-92b4e43de878@group-80ECED8B0AF8: set configuration 0: peers:[b0993b33-1422-4b90-a478-b8a2894a7eaa|rpc:10.1.0.110:42755|dataStream:|priority:0|startupRole:FOLLOWER, 0587405b-2ffa-4132-824d-547ca09f0e52|rpc:10.1.0.110:38421|dataStream:|priority:0|startupRole:FOLLOWER, 3023bd45-36c3-431f-9c1c-92b4e43de878|rpc:10.1.0.110:42841|dataStream:|priority:1|startupRole:FOLLOWER]|listeners:[], old=null
2022-12-06 15:45:38,754 [grpc-default-executor-5] WARN  server.GrpcLogAppender (LogUtils.java:warn(122)) - 3023bd45-36c3-431f-9c1c-92b4e43de878@group-80ECED8B0AF8->b0993b33-1422-4b90-a478-b8a2894a7eaa-AppendLogResponseHandler: Failed appendEntries: org.apache.ratis.thirdparty.io.grpc.StatusRuntimeException: UNAVAILABLE: io exception
2022-12-06 15:45:38,754 [3023bd45-36c3-431f-9c1c-92b4e43de878@group-F0ECAC1CE6A4-LeaderElection34] INFO  impl.LeaderElection (LeaderElection.java:logAndReturn(90)) - 3023bd45-36c3-431f-9c1c-92b4e43de878@group-F0ECAC1CE6A4-LeaderElection34: ELECTION REJECTED received 1 response(s) and 1 exception(s):
2022-12-06 15:45:38,754 [3023bd45-36c3-431f-9c1c-92b4e43de878@group-F0ECAC1CE6A4-LeaderElection34] INFO  impl.LeaderElection (LeaderElection.java:logAndReturn(94)) -   Response 0: 3023bd45-36c3-431f-9c1c-92b4e43de878<-0587405b-2ffa-4132-824d-547ca09f0e52#0:FAIL-t1
2022-12-06 15:45:38,754 [3023bd45-36c3-431f-9c1c-92b4e43de878@group-F0ECAC1CE6A4-LeaderElection34] INFO  impl.LeaderElection (LogUtils.java:infoOrTrace(137)) -   Exception 1: java.util.concurrent.ExecutionException: org.apache.ratis.thirdparty.io.grpc.StatusRuntimeException: UNAVAILABLE: io exception
2022-12-06 15:45:38,754 [3023bd45-36c3-431f-9c1c-92b4e43de878@group-F0ECAC1CE6A4-LeaderElection34] INFO  impl.LeaderElection (LeaderElection.java:askForVotes(314)) - 3023bd45-36c3-431f-9c1c-92b4e43de878@group-F0ECAC1CE6A4-LeaderElection34 ELECTION round 0: result REJECTED
2022-12-06 15:45:38,754 [3023bd45-36c3-431f-9c1c-92b4e43de878@group-F0ECAC1CE6A4-LeaderElection34] INFO  server.RaftServer$Division (RaftServerImpl.java:setRole(321)) - 3023bd45-36c3-431f-9c1c-92b4e43de878@group-F0ECAC1CE6A4: changes role from CANDIDATE to FOLLOWER at term 1 for REJECTED
2022-12-06 15:45:38,755 [3023bd45-36c3-431f-9c1c-92b4e43de878@group-F0ECAC1CE6A4-LeaderElection34] INFO  impl.RoleInfo (RoleInfo.java:shutdownLeaderElection(130)) - 3023bd45-36c3-431f-9c1c-92b4e43de878: shutdown 3023bd45-36c3-431f-9c1c-92b4e43de878@group-F0ECAC1CE6A4-LeaderElection34
2022-12-06 15:45:38,755 [3023bd45-36c3-431f-9c1c-92b4e43de878@group-F0ECAC1CE6A4-LeaderElection34] INFO  impl.RoleInfo (RoleInfo.java:updateAndGet(139)) - 3023bd45-36c3-431f-9c1c-92b4e43de878: start 3023bd45-36c3-431f-9c1c-92b4e43de878@group-F0ECAC1CE6A4-FollowerState
2022-12-06 15:45:38,758 [grpc-default-executor-0] WARN  server.GrpcLogAppender (GrpcLogAppender.java:resetClient(131)) - 3023bd45-36c3-431f-9c1c-92b4e43de878@group-80ECED8B0AF8->b0993b33-1422-4b90-a478-b8a2894a7eaa-GrpcLogAppender: Leader has not got in touch with Follower 3023bd45-36c3-431f-9c1c-92b4e43de878@group-80ECED8B0AF8->b0993b33-1422-4b90-a478-b8a2894a7eaa(c-1,m0,n0, attendVote=true, lastRpcSendTime=8, lastRpcResponseTime=5237) yet, just keep nextIndex unchanged and retry.
2022-12-06 15:45:38,758 [3023bd45-36c3-431f-9c1c-92b4e43de878@group-F0ECAC1CE6A4-FollowerState] INFO  server.RaftServerConfigKeys (ConfUtils.java:logFallback(53)) - raft.server.rpc.first-election.timeout.min = 5s (fallback to raft.server.rpc.timeout.min)
2022-12-06 15:45:38,758 [3023bd45-36c3-431f-9c1c-92b4e43de878@group-F0ECAC1CE6A4-FollowerState] INFO  server.RaftServerConfigKeys (ConfUtils.java:logFallback(53)) - raft.server.rpc.first-election.timeout.max = 5200ms (fallback to raft.server.rpc.timeout.max)
2022-12-06 15:45:38,760 [grpc-default-executor-2] WARN  server.GrpcLogAppender (LogUtils.java:warn(122)) - 3023bd45-36c3-431f-9c1c-92b4e43de878@group-80ECED8B0AF8->b0993b33-1422-4b90-a478-b8a2894a7eaa-AppendLogResponseHandler: Failed appendEntries: org.apache.ratis.thirdparty.io.grpc.StatusRuntimeException: UNAVAILABLE: io exception
2022-12-06 15:45:38,760 [grpc-default-executor-0] WARN  server.GrpcLogAppender (LogUtils.java:warn(122)) - 3023bd45-36c3-431f-9c1c-92b4e43de878@group-80ECED8B0AF8->b0993b33-1422-4b90-a478-b8a2894a7eaa-AppendLogResponseHandler: Failed appendEntries: org.apache.ratis.thirdparty.io.grpc.StatusRuntimeException: UNAVAILABLE: io exception
2022-12-06 15:45:38,761 [grpc-default-executor-5] WARN  server.GrpcLogAppender (GrpcLogAppender.java:resetClient(131)) - 3023bd45-36c3-431f-9c1c-92b4e43de878@group-80ECED8B0AF8->b0993b33-1422-4b90-a478-b8a2894a7eaa-GrpcLogAppender: Leader has not got in touch with Follower 3023bd45-36c3-431f-9c1c-92b4e43de878@group-80ECED8B0AF8->b0993b33-1422-4b90-a478-b8a2894a7eaa(c-1,m0,n1, attendVote=true, lastRpcSendTime=1, lastRpcResponseTime=5240) yet, just keep nextIndex unchanged and retry.
2022-12-06 15:45:38,762 [grpc-default-executor-2] WARN  server.GrpcLogAppender (GrpcLogAppender.java:resetClient(131)) - 3023bd45-36c3-431f-9c1c-92b4e43de878@group-80ECED8B0AF8->b0993b33-1422-4b90-a478-b8a2894a7eaa-GrpcLogAppender: Leader has not got in touch with Follower 3023bd45-36c3-431f-9c1c-92b4e43de878@group-80ECED8B0AF8->b0993b33-1422-4b90-a478-b8a2894a7eaa(c-1,m0,n1, attendVote=true, lastRpcSendTime=1, lastRpcResponseTime=5240) yet, just keep nextIndex unchanged and retry.
2022-12-06 15:45:38,762 [grpc-default-executor-0] WARN  server.GrpcLogAppender (GrpcLogAppender.java:resetClient(131)) - 3023bd45-36c3-431f-9c1c-92b4e43de878@group-80ECED8B0AF8->b0993b33-1422-4b90-a478-b8a2894a7eaa-GrpcLogAppender: Leader has not got in touch with Follower 3023bd45-36c3-431f-9c1c-92b4e43de878@group-80ECED8B0AF8->b0993b33-1422-4b90-a478-b8a2894a7eaa(c-1,m0,n1, attendVote=true, lastRpcSendTime=2, lastRpcResponseTime=5241) yet, just keep nextIndex unchanged and retry.
2022-12-06 15:45:38,775 [0587405b-2ffa-4132-824d-547ca09f0e52-server-thread1] INFO  ratis.XceiverServerRatis (XceiverServerRatis.java:handleLeaderChangedNotification(863)) - Leader change notification received for group: group-80ECED8B0AF8 with new leaderId: 3023bd45-36c3-431f-9c1c-92b4e43de878
2022-12-06 15:45:38,775 [0587405b-2ffa-4132-824d-547ca09f0e52-server-thread1] INFO  server.RaftServer$Division (ServerState.java:setLeader(313)) - 0587405b-2ffa-4132-824d-547ca09f0e52@group-80ECED8B0AF8: change Leader from null to 3023bd45-36c3-431f-9c1c-92b4e43de878 at term 1 for appendEntries, leader elected after 5149ms
2022-12-06 15:45:38,783 [0587405b-2ffa-4132-824d-547ca09f0e52-server-thread1] INFO  server.RaftServer$Division (ServerState.java:setRaftConf(430)) - 0587405b-2ffa-4132-824d-547ca09f0e52@group-80ECED8B0AF8: set configuration 0: peers:[b0993b33-1422-4b90-a478-b8a2894a7eaa|rpc:10.1.0.110:42755|dataStream:|priority:0|startupRole:FOLLOWER, 0587405b-2ffa-4132-824d-547ca09f0e52|rpc:10.1.0.110:38421|dataStream:|priority:0|startupRole:FOLLOWER, 3023bd45-36c3-431f-9c1c-92b4e43de878|rpc:10.1.0.110:42841|dataStream:|priority:1|startupRole:FOLLOWER]|listeners:[], old=null
2022-12-06 15:45:38,783 [0587405b-2ffa-4132-824d-547ca09f0e52-server-thread1] INFO  segmented.SegmentedRaftLogWorker (SegmentedRaftLogWorker.java:startLogSegment(452)) - 0587405b-2ffa-4132-824d-547ca09f0e52@group-80ECED8B0AF8-SegmentedRaftLogWorker: Starting segment from index:0
2022-12-06 15:45:38,786 [0587405b-2ffa-4132-824d-547ca09f0e52@group-80ECED8B0AF8-SegmentedRaftLogWorker] INFO  segmented.SegmentedRaftLogWorker (SegmentedRaftLogWorker.java:execute(656)) - 0587405b-2ffa-4132-824d-547ca09f0e52@group-80ECED8B0AF8-SegmentedRaftLogWorker: created new log segment /home/runner/work/ozone/ozone/hadoop-ozone/integration-test/target/test-dir/MiniOzoneClusterImpl-dce15e54-dc76-4f82-a75a-fd2a8a22e08e/datanode-1/data/ratis/89b9b39a-e242-4ad6-8397-80eced8b0af8/current/log_inprogress_0
2022-12-06 15:45:39,142 [EventQueue-CommandQueueReportForCommandQueueReportHandler] WARN  events.EventQueue (EventQueue.java:fireEvent(216)) - No event handler registered for event TypedEvent{payloadType=DatanodeDetails, name='Datanode_Command_Queue_Updated'}
2022-12-06 15:45:39,144 [EventQueue-CommandQueueReportForCommandQueueReportHandler] WARN  events.EventQueue (EventQueue.java:fireEvent(216)) - No event handler registered for event TypedEvent{payloadType=DatanodeDetails, name='Datanode_Command_Queue_Updated'}
2022-12-06 15:45:39,145 [EventQueue-CommandQueueReportForCommandQueueReportHandler] WARN  events.EventQueue (EventQueue.java:fireEvent(216)) - No event handler registered for event TypedEvent{payloadType=DatanodeDetails, name='Datanode_Command_Queue_Updated'}
2022-12-06 15:45:39,146 [EventQueue-CommandQueueReportForCommandQueueReportHandler] WARN  events.EventQueue (EventQueue.java:fireEvent(216)) - No event handler registered for event TypedEvent{payloadType=DatanodeDetails, name='Datanode_Command_Queue_Updated'}
2022-12-06 15:45:39,152 [EventQueue-CommandQueueReportForCommandQueueReportHandler] WARN  events.EventQueue (EventQueue.java:fireEvent(216)) - No event handler registered for event TypedEvent{payloadType=DatanodeDetails, name='Datanode_Command_Queue_Updated'}
2022-12-06 15:45:39,177 [EventQueue-StaleNodeForStaleNodeHandler] INFO  node.StaleNodeHandler (StaleNodeHandler.java:onMessage(59)) - Datanode b0993b33-1422-4b90-a478-b8a2894a7eaa{ip: 10.1.0.110, host: fv-az133-40.ac31hddj4phu5ocom5smqd4hkf.cx.internal.cloudapp.net, ports: [REPLICATION=44271, RATIS=42755, RATIS_ADMIN=42755, RATIS_SERVER=42755, STANDALONE=38575], networkLocation: /default-rack, certSerialId: null, persistedOpState: IN_SERVICE, persistedOpStateExpiryEpochSec: 0} moved to stale state. Finalizing its pipelines [PipelineID=96401a2a-4289-4e27-8629-f0ecac1ce6a4, PipelineID=4f5a5487-43a7-4142-bbd2-7b1e2564cd2a, PipelineID=d1c5ef0f-a815-4c90-ba9b-026dea60b282, PipelineID=89b9b39a-e242-4ad6-8397-80eced8b0af8]
2022-12-06 15:45:39,178 [EventQueue-StaleNodeForStaleNodeHandler] INFO  pipeline.PipelineManagerImpl (PipelineManagerImpl.java:closePipeline(442)) - Pipeline Pipeline[ Id: 96401a2a-4289-4e27-8629-f0ecac1ce6a4, Nodes: b0993b33-1422-4b90-a478-b8a2894a7eaa{ip: 10.1.0.110, host: fv-az133-40.ac31hddj4phu5ocom5smqd4hkf.cx.internal.cloudapp.net, ports: [REPLICATION=44271, RATIS=42755, RATIS_ADMIN=42755, RATIS_SERVER=42755, STANDALONE=38575], networkLocation: /default-rack, certSerialId: null, persistedOpState: IN_SERVICE, persistedOpStateExpiryEpochSec: 0}0587405b-2ffa-4132-824d-547ca09f0e52{ip: 10.1.0.110, host: fv-az133-40.ac31hddj4phu5ocom5smqd4hkf.cx.internal.cloudapp.net, ports: [REPLICATION=32813, RATIS=38421, RATIS_ADMIN=38421, RATIS_SERVER=38421, STANDALONE=40413], networkLocation: /default-rack, certSerialId: null, persistedOpState: IN_SERVICE, persistedOpStateExpiryEpochSec: 0}3023bd45-36c3-431f-9c1c-92b4e43de878{ip: 10.1.0.110, host: fv-az133-40.ac31hddj4phu5ocom5smqd4hkf.cx.internal.cloudapp.net, ports: [REPLICATION=35579, RATIS=42841, RATIS_ADMIN=42841, RATIS_SERVER=42841, STANDALONE=33457], networkLocation: /default-rack, certSerialId: null, persistedOpState: IN_SERVICE, persistedOpStateExpiryEpochSec: 0}, ReplicationConfig: RATIS/THREE, State:ALLOCATED, leaderId:, CreationTimestamp2022-12-06T15:45:32.597Z[Etc/UTC]] moved to CLOSED state
2022-12-06 15:45:39,178 [EventQueue-StaleNodeForStaleNodeHandler] INFO  pipeline.PipelineManagerImpl (PipelineManagerImpl.java:closePipeline(442)) - Pipeline Pipeline[ Id: 4f5a5487-43a7-4142-bbd2-7b1e2564cd2a, Nodes: b0993b33-1422-4b90-a478-b8a2894a7eaa{ip: 10.1.0.110, host: fv-az133-40.ac31hddj4phu5ocom5smqd4hkf.cx.internal.cloudapp.net, ports: [REPLICATION=44271, RATIS=42755, RATIS_ADMIN=42755, RATIS_SERVER=42755, STANDALONE=38575], networkLocation: /default-rack, certSerialId: null, persistedOpState: IN_SERVICE, persistedOpStateExpiryEpochSec: 0}, ReplicationConfig: RATIS/ONE, State:OPEN, leaderId:b0993b33-1422-4b90-a478-b8a2894a7eaa, CreationTimestamp2022-12-06T15:45:32.595Z[Etc/UTC]] moved to CLOSED state
2022-12-06 15:45:39,179 [EventQueue-StaleNodeForStaleNodeHandler] INFO  pipeline.PipelineManagerImpl (PipelineManagerImpl.java:closeContainersForPipeline(421)) - Container #2 closed for pipeline=PipelineID=d1c5ef0f-a815-4c90-ba9b-026dea60b282
2022-12-06 15:45:39,179 [EventQueue-CloseContainerForCloseContainerEventHandler] INFO  container.CloseContainerEventHandler (CloseContainerEventHandler.java:onMessage(73)) - Close container Event triggered for container : #2, current state: CLOSING
2022-12-06 15:45:39,179 [EventQueue-StaleNodeForStaleNodeHandler] INFO  pipeline.PipelineManagerImpl (PipelineManagerImpl.java:closePipeline(442)) - Pipeline Pipeline[ Id: d1c5ef0f-a815-4c90-ba9b-026dea60b282, Nodes: b0993b33-1422-4b90-a478-b8a2894a7eaa{ip: 10.1.0.110, host: fv-az133-40.ac31hddj4phu5ocom5smqd4hkf.cx.internal.cloudapp.net, ports: [REPLICATION=44271, RATIS=42755, RATIS_ADMIN=42755, RATIS_SERVER=42755, STANDALONE=38575], networkLocation: /default-rack, certSerialId: null, persistedOpState: IN_SERVICE, persistedOpStateExpiryEpochSec: 0}2497daeb-967d-49ad-8f28-1297e8c4c732{ip: 10.1.0.110, host: fv-az133-40.ac31hddj4phu5ocom5smqd4hkf.cx.internal.cloudapp.net, ports: [REPLICATION=46249, RATIS=46387, RATIS_ADMIN=46387, RATIS_SERVER=46387, STANDALONE=33911], networkLocation: /default-rack, certSerialId: null, persistedOpState: null, persistedOpStateExpiryEpochSec: 0}470e2686-24c9-4e42-bae6-1f3a72650c76{ip: 10.1.0.110, host: fv-az133-40.ac31hddj4phu5ocom5smqd4hkf.cx.internal.cloudapp.net, ports: [REPLICATION=41209, RATIS=33297, RATIS_ADMIN=33297, RATIS_SERVER=33297, STANDALONE=42791], networkLocation: /default-rack, certSerialId: null, persistedOpState: null, persistedOpStateExpiryEpochSec: 0}7726e7f5-b74c-4e4a-9680-a65a67c105af{ip: 10.1.0.110, host: fv-az133-40.ac31hddj4phu5ocom5smqd4hkf.cx.internal.cloudapp.net, ports: [REPLICATION=39951, RATIS=44993, RATIS_ADMIN=44993, RATIS_SERVER=44993, STANDALONE=45417], networkLocation: /default-rack, certSerialId: null, persistedOpState: null, persistedOpStateExpiryEpochSec: 0}4ef44404-e624-4c50-bb49-8deedaf9742c{ip: 10.1.0.110, host: fv-az133-40.ac31hddj4phu5ocom5smqd4hkf.cx.internal.cloudapp.net, ports: [REPLICATION=42083, RATIS=46141, RATIS_ADMIN=46141, RATIS_SERVER=46141, STANDALONE=33769], networkLocation: /default-rack, certSerialId: null, persistedOpState: null, persistedOpStateExpiryEpochSec: 0}, ReplicationConfig: EC/ECReplicationConfig{data=3, parity=2, ecChunkSize=1024, codec=rs}, State:OPEN, leaderId:, CreationTimestamp2022-12-06T15:45:35.019Z[Etc/UTC]] moved to CLOSED state
2022-12-06 15:45:39,181 [EventQueue-StaleNodeForStaleNodeHandler] INFO  pipeline.PipelineManagerImpl (PipelineManagerImpl.java:closePipeline(442)) - Pipeline Pipeline[ Id: 89b9b39a-e242-4ad6-8397-80eced8b0af8, Nodes: b0993b33-1422-4b90-a478-b8a2894a7eaa{ip: 10.1.0.110, host: fv-az133-40.ac31hddj4phu5ocom5smqd4hkf.cx.internal.cloudapp.net, ports: [REPLICATION=44271, RATIS=42755, RATIS_ADMIN=42755, RATIS_SERVER=42755, STANDALONE=38575], networkLocation: /default-rack, certSerialId: null, persistedOpState: IN_SERVICE, persistedOpStateExpiryEpochSec: 0}3023bd45-36c3-431f-9c1c-92b4e43de878{ip: 10.1.0.110, host: fv-az133-40.ac31hddj4phu5ocom5smqd4hkf.cx.internal.cloudapp.net, ports: [REPLICATION=35579, RATIS=42841, RATIS_ADMIN=42841, RATIS_SERVER=42841, STANDALONE=33457], networkLocation: /default-rack, certSerialId: null, persistedOpState: IN_SERVICE, persistedOpStateExpiryEpochSec: 0}0587405b-2ffa-4132-824d-547ca09f0e52{ip: 10.1.0.110, host: fv-az133-40.ac31hddj4phu5ocom5smqd4hkf.cx.internal.cloudapp.net, ports: [REPLICATION=32813, RATIS=38421, RATIS_ADMIN=38421, RATIS_SERVER=38421, STANDALONE=40413], networkLocation: /default-rack, certSerialId: null, persistedOpState: IN_SERVICE, persistedOpStateExpiryEpochSec: 0}, ReplicationConfig: RATIS/THREE, State:OPEN, leaderId:3023bd45-36c3-431f-9c1c-92b4e43de878, CreationTimestamp2022-12-06T15:45:32.598Z[Etc/UTC]] moved to CLOSED state
2022-12-06 15:45:39,387 [EventQueue-CommandQueueReportForCommandQueueReportHandler] WARN  events.EventQueue (EventQueue.java:fireEvent(216)) - No event handler registered for event TypedEvent{payloadType=DatanodeDetails, name='Datanode_Command_Queue_Updated'}
2022-12-06 15:45:39,411 [EventQueue-CommandQueueReportForCommandQueueReportHandler] WARN  events.EventQueue (EventQueue.java:fireEvent(216)) - No event handler registered for event TypedEvent{payloadType=DatanodeDetails, name='Datanode_Command_Queue_Updated'}
2022-12-06 15:45:39,637 [EventQueue-CommandQueueReportForCommandQueueReportHandler] WARN  events.EventQueue (EventQueue.java:fireEvent(216)) - No event handler registered for event TypedEvent{payloadType=DatanodeDetails, name='Datanode_Command_Queue_Updated'}
2022-12-06 15:45:39,719 [EventQueue-CommandQueueReportForCommandQueueReportHandler] WARN  events.EventQueue (EventQueue.java:fireEvent(216)) - No event handler registered for event TypedEvent{payloadType=DatanodeDetails, name='Datanode_Command_Queue_Updated'}
2022-12-06 15:45:40,000 [grpc-default-executor-0] WARN  server.GrpcLogAppender (LogUtils.java:warn(122)) - 3023bd45-36c3-431f-9c1c-92b4e43de878@group-80ECED8B0AF8->b0993b33-1422-4b90-a478-b8a2894a7eaa-AppendLogResponseHandler: Failed appendEntries: org.apache.ratis.thirdparty.io.grpc.StatusRuntimeException: UNAVAILABLE: io exception
2022-12-06 15:45:40,001 [grpc-default-executor-2] WARN  server.GrpcLogAppender (LogUtils.java:warn(122)) - 3023bd45-36c3-431f-9c1c-92b4e43de878@group-80ECED8B0AF8->b0993b33-1422-4b90-a478-b8a2894a7eaa-AppendLogResponseHandler: Failed appendEntries: org.apache.ratis.thirdparty.io.grpc.StatusRuntimeException: UNAVAILABLE: io exception
2022-12-06 15:45:40,002 [grpc-default-executor-0] WARN  server.GrpcLogAppender (GrpcLogAppender.java:resetClient(131)) - 3023bd45-36c3-431f-9c1c-92b4e43de878@group-80ECED8B0AF8->b0993b33-1422-4b90-a478-b8a2894a7eaa-GrpcLogAppender: Leader has not got in touch with Follower 3023bd45-36c3-431f-9c1c-92b4e43de878@group-80ECED8B0AF8->b0993b33-1422-4b90-a478-b8a2894a7eaa(c-1,m0,n1, attendVote=true, lastRpcSendTime=1242, lastRpcResponseTime=6481) yet, just keep nextIndex unchanged and retry.
2022-12-06 15:45:40,004 [grpc-default-executor-2] WARN  server.GrpcLogAppender (GrpcLogAppender.java:resetClient(131)) - 3023bd45-36c3-431f-9c1c-92b4e43de878@group-80ECED8B0AF8->b0993b33-1422-4b90-a478-b8a2894a7eaa-GrpcLogAppender: Leader has not got in touch with Follower 3023bd45-36c3-431f-9c1c-92b4e43de878@group-80ECED8B0AF8->b0993b33-1422-4b90-a478-b8a2894a7eaa(c-1,m0,n1, attendVote=true, lastRpcSendTime=1244, lastRpcResponseTime=6483) yet, just keep nextIndex unchanged and retry.
2022-12-06 15:45:40,179 [EventQueue-CommandQueueReportForCommandQueueReportHandler] WARN  events.EventQueue (EventQueue.java:fireEvent(216)) - No event handler registered for event TypedEvent{payloadType=DatanodeDetails, name='Datanode_Command_Queue_Updated'}
2022-12-06 15:45:40,179 [EventQueue-CommandQueueReportForCommandQueueReportHandler] WARN  events.EventQueue (EventQueue.java:fireEvent(216)) - No event handler registered for event TypedEvent{payloadType=DatanodeDetails, name='Datanode_Command_Queue_Updated'}
2022-12-06 15:45:40,179 [EventQueue-CommandQueueReportForCommandQueueReportHandler] WARN  events.EventQueue (EventQueue.java:fireEvent(216)) - No event handler registered for event TypedEvent{payloadType=DatanodeDetails, name='Datanode_Command_Queue_Updated'}
2022-12-06 15:45:40,181 [EventQueue-CommandQueueReportForCommandQueueReportHandler] WARN  events.EventQueue (EventQueue.java:fireEvent(216)) - No event handler registered for event TypedEvent{payloadType=DatanodeDetails, name='Datanode_Command_Queue_Updated'}
2022-12-06 15:45:40,183 [EventQueue-CommandQueueReportForCommandQueueReportHandler] WARN  events.EventQueue (EventQueue.java:fireEvent(216)) - No event handler registered for event TypedEvent{payloadType=DatanodeDetails, name='Datanode_Command_Queue_Updated'}
2022-12-06 15:45:40,387 [EventQueue-CommandQueueReportForCommandQueueReportHandler] WARN  events.EventQueue (EventQueue.java:fireEvent(216)) - No event handler registered for event TypedEvent{payloadType=DatanodeDetails, name='Datanode_Command_Queue_Updated'}
2022-12-06 15:45:40,413 [EventQueue-CommandQueueReportForCommandQueueReportHandler] WARN  events.EventQueue (EventQueue.java:fireEvent(216)) - No event handler registered for event TypedEvent{payloadType=DatanodeDetails, name='Datanode_Command_Queue_Updated'}
2022-12-06 15:45:40,638 [EventQueue-CommandQueueReportForCommandQueueReportHandler] WARN  events.EventQueue (EventQueue.java:fireEvent(216)) - No event handler registered for event TypedEvent{payloadType=DatanodeDetails, name='Datanode_Command_Queue_Updated'}
2022-12-06 15:45:40,707 [EventQueue-CommandQueueReportForCommandQueueReportHandler] WARN  events.EventQueue (EventQueue.java:fireEvent(216)) - No event handler registered for event TypedEvent{payloadType=DatanodeDetails, name='Datanode_Command_Queue_Updated'}
2022-12-06 15:45:41,172 [EventQueue-CommandQueueReportForCommandQueueReportHandler] WARN  events.EventQueue (EventQueue.java:fireEvent(216)) - No event handler registered for event TypedEvent{payloadType=DatanodeDetails, name='Datanode_Command_Queue_Updated'}
2022-12-06 15:45:41,174 [EventQueue-CommandQueueReportForCommandQueueReportHandler] WARN  events.EventQueue (EventQueue.java:fireEvent(216)) - No event handler registered for event TypedEvent{payloadType=DatanodeDetails, name='Datanode_Command_Queue_Updated'}
2022-12-06 15:45:41,179 [EventQueue-CommandQueueReportForCommandQueueReportHandler] WARN  events.EventQueue (EventQueue.java:fireEvent(216)) - No event handler registered for event TypedEvent{payloadType=DatanodeDetails, name='Datanode_Command_Queue_Updated'}
2022-12-06 15:45:41,179 [EventQueue-CommandQueueReportForCommandQueueReportHandler] WARN  events.EventQueue (EventQueue.java:fireEvent(216)) - No event handler registered for event TypedEvent{payloadType=DatanodeDetails, name='Datanode_Command_Queue_Updated'}
2022-12-06 15:45:41,182 [EventQueue-CommandQueueReportForCommandQueueReportHandler] WARN  events.EventQueue (EventQueue.java:fireEvent(216)) - No event handler registered for event TypedEvent{payloadType=DatanodeDetails, name='Datanode_Command_Queue_Updated'}
2022-12-06 15:45:41,256 [grpc-default-executor-0] WARN  server.GrpcLogAppender (LogUtils.java:warn(122)) - 3023bd45-36c3-431f-9c1c-92b4e43de878@group-80ECED8B0AF8->b0993b33-1422-4b90-a478-b8a2894a7eaa-AppendLogResponseHandler: Failed appendEntries: org.apache.ratis.thirdparty.io.grpc.StatusRuntimeException: UNAVAILABLE: io exception
2022-12-06 15:45:41,258 [grpc-default-executor-0] WARN  server.GrpcLogAppender (GrpcLogAppender.java:resetClient(131)) - 3023bd45-36c3-431f-9c1c-92b4e43de878@group-80ECED8B0AF8->b0993b33-1422-4b90-a478-b8a2894a7eaa-GrpcLogAppender: Leader has not got in touch with Follower 3023bd45-36c3-431f-9c1c-92b4e43de878@group-80ECED8B0AF8->b0993b33-1422-4b90-a478-b8a2894a7eaa(c-1,m0,n1, attendVote=true, lastRpcSendTime=1, lastRpcResponseTime=7736) yet, just keep nextIndex unchanged and retry.
2022-12-06 15:45:41,256 [grpc-default-executor-2] WARN  server.GrpcLogAppender (LogUtils.java:warn(122)) - 3023bd45-36c3-431f-9c1c-92b4e43de878@group-80ECED8B0AF8->b0993b33-1422-4b90-a478-b8a2894a7eaa-AppendLogResponseHandler: Failed appendEntries: org.apache.ratis.thirdparty.io.grpc.StatusRuntimeException: UNAVAILABLE: io exception
2022-12-06 15:45:41,260 [grpc-default-executor-2] WARN  server.GrpcLogAppender (GrpcLogAppender.java:resetClient(131)) - 3023bd45-36c3-431f-9c1c-92b4e43de878@group-80ECED8B0AF8->b0993b33-1422-4b90-a478-b8a2894a7eaa-GrpcLogAppender: Leader has not got in touch with Follower 3023bd45-36c3-431f-9c1c-92b4e43de878@group-80ECED8B0AF8->b0993b33-1422-4b90-a478-b8a2894a7eaa(c-1,m0,n1, attendVote=true, lastRpcSendTime=4, lastRpcResponseTime=7739) yet, just keep nextIndex unchanged and retry.
2022-12-06 15:45:41,387 [EventQueue-CommandQueueReportForCommandQueueReportHandler] WARN  events.EventQueue (EventQueue.java:fireEvent(216)) - No event handler registered for event TypedEvent{payloadType=DatanodeDetails, name='Datanode_Command_Queue_Updated'}
2022-12-06 15:45:41,410 [EventQueue-CommandQueueReportForCommandQueueReportHandler] WARN  events.EventQueue (EventQueue.java:fireEvent(216)) - No event handler registered for event TypedEvent{payloadType=DatanodeDetails, name='Datanode_Command_Queue_Updated'}
2022-12-06 15:45:41,638 [EventQueue-CommandQueueReportForCommandQueueReportHandler] WARN  events.EventQueue (EventQueue.java:fireEvent(216)) - No event handler registered for event TypedEvent{payloadType=DatanodeDetails, name='Datanode_Command_Queue_Updated'}
2022-12-06 15:45:41,713 [EventQueue-CommandQueueReportForCommandQueueReportHandler] WARN  events.EventQueue (EventQueue.java:fireEvent(216)) - No event handler registered for event TypedEvent{payloadType=DatanodeDetails, name='Datanode_Command_Queue_Updated'}
2022-12-06 15:45:42,171 [EventQueue-CommandQueueReportForCommandQueueReportHandler] WARN  events.EventQueue (EventQueue.java:fireEvent(216)) - No event handler registered for event TypedEvent{payloadType=DatanodeDetails, name='Datanode_Command_Queue_Updated'}
2022-12-06 15:45:42,177 [EventQueue-CommandQueueReportForCommandQueueReportHandler] WARN  events.EventQueue (EventQueue.java:fireEvent(216)) - No event handler registered for event TypedEvent{payloadType=DatanodeDetails, name='Datanode_Command_Queue_Updated'}
2022-12-06 15:45:42,178 [EventQueue-CommandQueueReportForCommandQueueReportHandler] WARN  events.EventQueue (EventQueue.java:fireEvent(216)) - No event handler registered for event TypedEvent{payloadType=DatanodeDetails, name='Datanode_Command_Queue_Updated'}
2022-12-06 15:45:42,184 [EventQueue-CommandQueueReportForCommandQueueReportHandler] WARN  events.EventQueue (EventQueue.java:fireEvent(216)) - No event handler registered for event TypedEvent{payloadType=DatanodeDetails, name='Datanode_Command_Queue_Updated'}
2022-12-06 15:45:42,184 [EventQueue-CommandQueueReportForCommandQueueReportHandler] WARN  events.EventQueue (EventQueue.java:fireEvent(216)) - No event handler registered for event TypedEvent{payloadType=DatanodeDetails, name='Datanode_Command_Queue_Updated'}
2022-12-06 15:45:42,198 [EventQueue-CommandQueueReportForCommandQueueReportHandler] WARN  events.EventQueue (EventQueue.java:fireEvent(216)) - No event handler registered for event TypedEvent{payloadType=DatanodeDetails, name='Datanode_Command_Queue_Updated'}
2022-12-06 15:45:42,199 [EventQueue-CommandQueueReportForCommandQueueReportHandler] WARN  events.EventQueue (EventQueue.java:fireEvent(216)) - No event handler registered for event TypedEvent{payloadType=DatanodeDetails, name='Datanode_Command_Queue_Updated'}
2022-12-06 15:45:42,202 [EventQueue-DeadNodeForDeadNodeHandler] INFO  node.DeadNodeHandler (DeadNodeHandler.java:onMessage(81)) - A dead datanode is detected. b0993b33-1422-4b90-a478-b8a2894a7eaa{ip: 10.1.0.110, host: fv-az133-40.ac31hddj4phu5ocom5smqd4hkf.cx.internal.cloudapp.net, ports: [REPLICATION=44271, RATIS=42755, RATIS_ADMIN=42755, RATIS_SERVER=42755, STANDALONE=38575], networkLocation: /default-rack, certSerialId: null, persistedOpState: IN_SERVICE, persistedOpStateExpiryEpochSec: 0}
2022-12-06 15:45:42,203 [EventQueue-DeadNodeForDeadNodeHandler] INFO  pipeline.RatisPipelineProvider (RatisPipelineProvider.java:lambda$close$1(244)) - Send pipeline:PipelineID=96401a2a-4289-4e27-8629-f0ecac1ce6a4 close command to datanode b0993b33-1422-4b90-a478-b8a2894a7eaa
2022-12-06 15:45:42,203 [EventQueue-DeadNodeForDeadNodeHandler] INFO  pipeline.RatisPipelineProvider (RatisPipelineProvider.java:lambda$close$1(244)) - Send pipeline:PipelineID=96401a2a-4289-4e27-8629-f0ecac1ce6a4 close command to datanode 0587405b-2ffa-4132-824d-547ca09f0e52
2022-12-06 15:45:42,203 [EventQueue-DeadNodeForDeadNodeHandler] INFO  pipeline.RatisPipelineProvider (RatisPipelineProvider.java:lambda$close$1(244)) - Send pipeline:PipelineID=96401a2a-4289-4e27-8629-f0ecac1ce6a4 close command to datanode 3023bd45-36c3-431f-9c1c-92b4e43de878
2022-12-06 15:45:42,203 [EventQueue-DeadNodeForDeadNodeHandler] INFO  pipeline.PipelineStateManagerImpl (PipelineStateManagerImpl.java:removePipeline(245)) - Pipeline Pipeline[ Id: 96401a2a-4289-4e27-8629-f0ecac1ce6a4, Nodes: b0993b33-1422-4b90-a478-b8a2894a7eaa{ip: 10.1.0.110, host: fv-az133-40.ac31hddj4phu5ocom5smqd4hkf.cx.internal.cloudapp.net, ports: [REPLICATION=44271, RATIS=42755, RATIS_ADMIN=42755, RATIS_SERVER=42755, STANDALONE=38575], networkLocation: /default-rack, certSerialId: null, persistedOpState: IN_SERVICE, persistedOpStateExpiryEpochSec: 0}0587405b-2ffa-4132-824d-547ca09f0e52{ip: 10.1.0.110, host: fv-az133-40.ac31hddj4phu5ocom5smqd4hkf.cx.internal.cloudapp.net, ports: [REPLICATION=32813, RATIS=38421, RATIS_ADMIN=38421, RATIS_SERVER=38421, STANDALONE=40413], networkLocation: /default-rack, certSerialId: null, persistedOpState: IN_SERVICE, persistedOpStateExpiryEpochSec: 0}3023bd45-36c3-431f-9c1c-92b4e43de878{ip: 10.1.0.110, host: fv-az133-40.ac31hddj4phu5ocom5smqd4hkf.cx.internal.cloudapp.net, ports: [REPLICATION=35579, RATIS=42841, RATIS_ADMIN=42841, RATIS_SERVER=42841, STANDALONE=33457], networkLocation: /default-rack, certSerialId: null, persistedOpState: IN_SERVICE, persistedOpStateExpiryEpochSec: 0}, ReplicationConfig: RATIS/THREE, State:CLOSED, leaderId:, CreationTimestamp2022-12-06T15:45:32.597Z[Etc/UTC]] removed.
2022-12-06 15:45:42,204 [EventQueue-DeadNodeForDeadNodeHandler] INFO  pipeline.RatisPipelineProvider (RatisPipelineProvider.java:lambda$close$1(244)) - Send pipeline:PipelineID=4f5a5487-43a7-4142-bbd2-7b1e2564cd2a close command to datanode b0993b33-1422-4b90-a478-b8a2894a7eaa
2022-12-06 15:45:42,204 [EventQueue-DeadNodeForDeadNodeHandler] INFO  pipeline.PipelineStateManagerImpl (PipelineStateManagerImpl.java:removePipeline(245)) - Pipeline Pipeline[ Id: 4f5a5487-43a7-4142-bbd2-7b1e2564cd2a, Nodes: b0993b33-1422-4b90-a478-b8a2894a7eaa{ip: 10.1.0.110, host: fv-az133-40.ac31hddj4phu5ocom5smqd4hkf.cx.internal.cloudapp.net, ports: [REPLICATION=44271, RATIS=42755, RATIS_ADMIN=42755, RATIS_SERVER=42755, STANDALONE=38575], networkLocation: /default-rack, certSerialId: null, persistedOpState: IN_SERVICE, persistedOpStateExpiryEpochSec: 0}, ReplicationConfig: RATIS/ONE, State:CLOSED, leaderId:b0993b33-1422-4b90-a478-b8a2894a7eaa, CreationTimestamp2022-12-06T15:45:32.595Z[Etc/UTC]] removed.
2022-12-06 15:45:42,204 [EventQueue-DeadNodeForDeadNodeHandler] INFO  pipeline.PipelineStateManagerImpl (PipelineStateManagerImpl.java:removePipeline(245)) - Pipeline Pipeline[ Id: d1c5ef0f-a815-4c90-ba9b-026dea60b282, Nodes: b0993b33-1422-4b90-a478-b8a2894a7eaa{ip: 10.1.0.110, host: fv-az133-40.ac31hddj4phu5ocom5smqd4hkf.cx.internal.cloudapp.net, ports: [REPLICATION=44271, RATIS=42755, RATIS_ADMIN=42755, RATIS_SERVER=42755, STANDALONE=38575], networkLocation: /default-rack, certSerialId: null, persistedOpState: IN_SERVICE, persistedOpStateExpiryEpochSec: 0}2497daeb-967d-49ad-8f28-1297e8c4c732{ip: 10.1.0.110, host: fv-az133-40.ac31hddj4phu5ocom5smqd4hkf.cx.internal.cloudapp.net, ports: [REPLICATION=46249, RATIS=46387, RATIS_ADMIN=46387, RATIS_SERVER=46387, STANDALONE=33911], networkLocation: /default-rack, certSerialId: null, persistedOpState: null, persistedOpStateExpiryEpochSec: 0}470e2686-24c9-4e42-bae6-1f3a72650c76{ip: 10.1.0.110, host: fv-az133-40.ac31hddj4phu5ocom5smqd4hkf.cx.internal.cloudapp.net, ports: [REPLICATION=41209, RATIS=33297, RATIS_ADMIN=33297, RATIS_SERVER=33297, STANDALONE=42791], networkLocation: /default-rack, certSerialId: null, persistedOpState: null, persistedOpStateExpiryEpochSec: 0}7726e7f5-b74c-4e4a-9680-a65a67c105af{ip: 10.1.0.110, host: fv-az133-40.ac31hddj4phu5ocom5smqd4hkf.cx.internal.cloudapp.net, ports: [REPLICATION=39951, RATIS=44993, RATIS_ADMIN=44993, RATIS_SERVER=44993, STANDALONE=45417], networkLocation: /default-rack, certSerialId: null, persistedOpState: null, persistedOpStateExpiryEpochSec: 0}4ef44404-e624-4c50-bb49-8deedaf9742c{ip: 10.1.0.110, host: fv-az133-40.ac31hddj4phu5ocom5smqd4hkf.cx.internal.cloudapp.net, ports: [REPLICATION=42083, RATIS=46141, RATIS_ADMIN=46141, RATIS_SERVER=46141, STANDALONE=33769], networkLocation: /default-rack, certSerialId: null, persistedOpState: null, persistedOpStateExpiryEpochSec: 0}, ReplicationConfig: EC/ECReplicationConfig{data=3, parity=2, ecChunkSize=1024, codec=rs}, State:CLOSED, leaderId:, CreationTimestamp2022-12-06T15:45:35.019Z[Etc/UTC]] removed.
2022-12-06 15:45:42,204 [EventQueue-DeadNodeForDeadNodeHandler] INFO  pipeline.RatisPipelineProvider (RatisPipelineProvider.java:lambda$close$1(244)) - Send pipeline:PipelineID=89b9b39a-e242-4ad6-8397-80eced8b0af8 close command to datanode b0993b33-1422-4b90-a478-b8a2894a7eaa
2022-12-06 15:45:42,204 [EventQueue-DeadNodeForDeadNodeHandler] INFO  pipeline.RatisPipelineProvider (RatisPipelineProvider.java:lambda$close$1(244)) - Send pipeline:PipelineID=89b9b39a-e242-4ad6-8397-80eced8b0af8 close command to datanode 3023bd45-36c3-431f-9c1c-92b4e43de878
2022-12-06 15:45:42,204 [EventQueue-DeadNodeForDeadNodeHandler] INFO  pipeline.RatisPipelineProvider (RatisPipelineProvider.java:lambda$close$1(244)) - Send pipeline:PipelineID=89b9b39a-e242-4ad6-8397-80eced8b0af8 close command to datanode 0587405b-2ffa-4132-824d-547ca09f0e52
2022-12-06 15:45:42,205 [EventQueue-DeadNodeForDeadNodeHandler] INFO  pipeline.PipelineStateManagerImpl (PipelineStateManagerImpl.java:removePipeline(245)) - Pipeline Pipeline[ Id: 89b9b39a-e242-4ad6-8397-80eced8b0af8, Nodes: b0993b33-1422-4b90-a478-b8a2894a7eaa{ip: 10.1.0.110, host: fv-az133-40.ac31hddj4phu5ocom5smqd4hkf.cx.internal.cloudapp.net, ports: [REPLICATION=44271, RATIS=42755, RATIS_ADMIN=42755, RATIS_SERVER=42755, STANDALONE=38575], networkLocation: /default-rack, certSerialId: null, persistedOpState: IN_SERVICE, persistedOpStateExpiryEpochSec: 0}3023bd45-36c3-431f-9c1c-92b4e43de878{ip: 10.1.0.110, host: fv-az133-40.ac31hddj4phu5ocom5smqd4hkf.cx.internal.cloudapp.net, ports: [REPLICATION=35579, RATIS=42841, RATIS_ADMIN=42841, RATIS_SERVER=42841, STANDALONE=33457], networkLocation: /default-rack, certSerialId: null, persistedOpState: IN_SERVICE, persistedOpStateExpiryEpochSec: 0}0587405b-2ffa-4132-824d-547ca09f0e52{ip: 10.1.0.110, host: fv-az133-40.ac31hddj4phu5ocom5smqd4hkf.cx.internal.cloudapp.net, ports: [REPLICATION=32813, RATIS=38421, RATIS_ADMIN=38421, RATIS_SERVER=38421, STANDALONE=40413], networkLocation: /default-rack, certSerialId: null, persistedOpState: IN_SERVICE, persistedOpStateExpiryEpochSec: 0}, ReplicationConfig: RATIS/THREE, State:CLOSED, leaderId:3023bd45-36c3-431f-9c1c-92b4e43de878, CreationTimestamp2022-12-06T15:45:32.598Z[Etc/UTC]] removed.
2022-12-06 15:45:42,205 [EventQueue-DeadNodeForDeadNodeHandler] INFO  net.NetworkTopologyImpl (NetworkTopologyImpl.java:remove(190)) - Removed a node: /default-rack/b0993b33-1422-4b90-a478-b8a2894a7eaa
2022-12-06 15:45:42,206 [EventQueue-CommandQueueReportForCommandQueueReportHandler] WARN  events.EventQueue (EventQueue.java:fireEvent(216)) - No event handler registered for event TypedEvent{payloadType=DatanodeDetails, name='Datanode_Command_Queue_Updated'}
2022-12-06 15:45:42,209 [EventQueue-CommandQueueReportForCommandQueueReportHandler] WARN  events.EventQueue (EventQueue.java:fireEvent(216)) - No event handler registered for event TypedEvent{payloadType=DatanodeDetails, name='Datanode_Command_Queue_Updated'}
2022-12-06 15:45:42,287 [Command processor thread] INFO  keyvalue.KeyValueContainer (KeyValueContainer.java:flushAndSyncDB(437)) - Container 2 is synced with bcsId 0.
2022-12-06 15:45:42,288 [Command processor thread] INFO  keyvalue.KeyValueContainer (KeyValueContainer.java:flushAndSyncDB(437)) - Container 2 is synced with bcsId 0.
2022-12-06 15:45:42,292 [Command processor thread] INFO  keyvalue.KeyValueContainer (KeyValueContainer.java:close(352)) - Container 2 is closed with bcsId 0.
2022-12-06 15:45:42,294 [EventQueue-CommandQueueReportForCommandQueueReportHandler] WARN  events.EventQueue (EventQueue.java:fireEvent(216)) - No event handler registered for event TypedEvent{payloadType=DatanodeDetails, name='Datanode_Command_Queue_Updated'}
2022-12-06 15:45:42,294 [FixedThreadPoolWithAffinityExecutor-8-0] INFO  container.IncrementalContainerReportHandler (AbstractContainerReportHandler.java:updateContainerState(292)) - Moving container #2 to CLOSED state, datanode 7726e7f5-b74c-4e4a-9680-a65a67c105af{ip: 10.1.0.110, host: fv-az133-40.ac31hddj4phu5ocom5smqd4hkf.cx.internal.cloudapp.net, ports: [REPLICATION=39951, RATIS=44993, RATIS_ADMIN=44993, RATIS_SERVER=44993, STANDALONE=45417], networkLocation: /default-rack, certSerialId: null, persistedOpState: IN_SERVICE, persistedOpStateExpiryEpochSec: 0} reported CLOSED replica.
2022-12-06 15:45:42,299 [Listener at 127.0.0.1/44149] INFO  replication.ReplicationManager (ReplicationManager.java:stop(289)) - Stopping Replication Monitor Thread.
2022-12-06 15:45:42,300 [Under Replicated Processor] WARN  replication.UnderReplicatedProcessor (UnderReplicatedProcessor.java:run(108)) - Under Replicated Processor interrupted. Exiting...
2022-12-06 15:45:42,300 [Listener at 127.0.0.1/44149] INFO  replication.ReplicationManager (ReplicationManager.java:start(265)) - Replication Monitor Thread is already running.
2022-12-06 15:45:42,300 [ReplicationMonitor] INFO  replication.ReplicationManager (ReplicationManager.java:run(641)) - Replication Monitor Thread is stopped
2022-12-06 15:45:42,300 [Over Replicated Processor] WARN  replication.OverReplicatedProcessor (OverReplicatedProcessor.java:run(109)) - Over Replicated Processor interrupted. Exiting...
2022-12-06 15:45:42,343 [Command processor thread] INFO  keyvalue.KeyValueContainer (KeyValueContainer.java:flushAndSyncDB(437)) - Container 2 is synced with bcsId 0.
2022-12-06 15:45:42,343 [Command processor thread] INFO  keyvalue.KeyValueContainer (KeyValueContainer.java:flushAndSyncDB(437)) - Container 2 is synced with bcsId 0.
2022-12-06 15:45:42,346 [Command processor thread] INFO  keyvalue.KeyValueContainer (KeyValueContainer.java:close(352)) - Container 2 is closed with bcsId 0.
2022-12-06 15:45:42,348 [EventQueue-CommandQueueReportForCommandQueueReportHandler] WARN  events.EventQueue (EventQueue.java:fireEvent(216)) - No event handler registered for event TypedEvent{payloadType=DatanodeDetails, name='Datanode_Command_Queue_Updated'}
2022-12-06 15:45:42,386 [Command processor thread] INFO  keyvalue.KeyValueContainer (KeyValueContainer.java:flushAndSyncDB(437)) - Container 2 is synced with bcsId 0.
2022-12-06 15:45:42,386 [Command processor thread] INFO  keyvalue.KeyValueContainer (KeyValueContainer.java:flushAndSyncDB(437)) - Container 2 is synced with bcsId 0.
2022-12-06 15:45:42,396 [EventQueue-CommandQueueReportForCommandQueueReportHandler] WARN  events.EventQueue (EventQueue.java:fireEvent(216)) - No event handler registered for event TypedEvent{payloadType=DatanodeDetails, name='Datanode_Command_Queue_Updated'}
2022-12-06 15:45:42,408 [Command processor thread] INFO  keyvalue.KeyValueContainer (KeyValueContainer.java:close(352)) - Container 2 is closed with bcsId 0.
2022-12-06 15:45:42,410 [EventQueue-CommandQueueReportForCommandQueueReportHandler] WARN  events.EventQueue (EventQueue.java:fireEvent(216)) - No event handler registered for event TypedEvent{payloadType=DatanodeDetails, name='Datanode_Command_Queue_Updated'}
2022-12-06 15:45:42,411 [EventQueue-CommandQueueReportForCommandQueueReportHandler] WARN  events.EventQueue (EventQueue.java:fireEvent(216)) - No event handler registered for event TypedEvent{payloadType=DatanodeDetails, name='Datanode_Command_Queue_Updated'}
2022-12-06 15:45:42,447 [Command processor thread] INFO  keyvalue.KeyValueContainer (KeyValueContainer.java:flushAndSyncDB(437)) - Container 2 is synced with bcsId 0.
2022-12-06 15:45:42,447 [Command processor thread] INFO  keyvalue.KeyValueContainer (KeyValueContainer.java:flushAndSyncDB(437)) - Container 2 is synced with bcsId 0.
2022-12-06 15:45:42,455 [Command processor thread] INFO  keyvalue.KeyValueContainer (KeyValueContainer.java:close(352)) - Container 2 is closed with bcsId 0.
2022-12-06 15:45:42,460 [EventQueue-CommandQueueReportForCommandQueueReportHandler] WARN  events.EventQueue (EventQueue.java:fireEvent(216)) - No event handler registered for event TypedEvent{payloadType=DatanodeDetails, name='Datanode_Command_Queue_Updated'}
2022-12-06 15:45:42,508 [grpc-default-executor-2] WARN  server.GrpcLogAppender (LogUtils.java:warn(122)) - 3023bd45-36c3-431f-9c1c-92b4e43de878@group-80ECED8B0AF8->b0993b33-1422-4b90-a478-b8a2894a7eaa-AppendLogResponseHandler: Failed appendEntries: org.apache.ratis.thirdparty.io.grpc.StatusRuntimeException: UNAVAILABLE: io exception
2022-12-06 15:45:42,509 [grpc-default-executor-2] WARN  server.GrpcLogAppender (GrpcLogAppender.java:resetClient(131)) - 3023bd45-36c3-431f-9c1c-92b4e43de878@group-80ECED8B0AF8->b0993b33-1422-4b90-a478-b8a2894a7eaa-GrpcLogAppender: Leader has not got in touch with Follower 3023bd45-36c3-431f-9c1c-92b4e43de878@group-80ECED8B0AF8->b0993b33-1422-4b90-a478-b8a2894a7eaa(c-1,m0,n1, attendVote=true, lastRpcSendTime=2, lastRpcResponseTime=8988) yet, just keep nextIndex unchanged and retry.
2022-12-06 15:45:42,509 [grpc-default-executor-0] WARN  server.GrpcLogAppender (LogUtils.java:warn(122)) - 3023bd45-36c3-431f-9c1c-92b4e43de878@group-80ECED8B0AF8->b0993b33-1422-4b90-a478-b8a2894a7eaa-AppendLogResponseHandler: Failed appendEntries: org.apache.ratis.thirdparty.io.grpc.StatusRuntimeException: UNAVAILABLE: io exception
2022-12-06 15:45:42,509 [grpc-default-executor-0] WARN  server.GrpcLogAppender (GrpcLogAppender.java:resetClient(131)) - 3023bd45-36c3-431f-9c1c-92b4e43de878@group-80ECED8B0AF8->b0993b33-1422-4b90-a478-b8a2894a7eaa-GrpcLogAppender: Leader has not got in touch with Follower 3023bd45-36c3-431f-9c1c-92b4e43de878@group-80ECED8B0AF8->b0993b33-1422-4b90-a478-b8a2894a7eaa(c-1,m0,n1, attendVote=true, lastRpcSendTime=2, lastRpcResponseTime=8988) yet, just keep nextIndex unchanged and retry.
2022-12-06 15:45:42,638 [EventQueue-CommandQueueReportForCommandQueueReportHandler] WARN  events.EventQueue (EventQueue.java:fireEvent(216)) - No event handler registered for event TypedEvent{payloadType=DatanodeDetails, name='Datanode_Command_Queue_Updated'}
2022-12-06 15:45:42,712 [EventQueue-CommandQueueReportForCommandQueueReportHandler] WARN  events.EventQueue (EventQueue.java:fireEvent(216)) - No event handler registered for event TypedEvent{payloadType=DatanodeDetails, name='Datanode_Command_Queue_Updated'}
2022-12-06 15:45:43,172 [EventQueue-CommandQueueReportForCommandQueueReportHandler] WARN  events.EventQueue (EventQueue.java:fireEvent(216)) - No event handler registered for event TypedEvent{payloadType=DatanodeDetails, name='Datanode_Command_Queue_Updated'}
2022-12-06 15:45:43,294 [EventQueue-CommandQueueReportForCommandQueueReportHandler] WARN  events.EventQueue (EventQueue.java:fireEvent(216)) - No event handler registered for event TypedEvent{payloadType=DatanodeDetails, name='Datanode_Command_Queue_Updated'}
2022-12-06 15:45:43,349 [EventQueue-CommandQueueReportForCommandQueueReportHandler] WARN  events.EventQueue (EventQueue.java:fireEvent(216)) - No event handler registered for event TypedEvent{payloadType=DatanodeDetails, name='Datanode_Command_Queue_Updated'}
2022-12-06 15:45:43,392 [EventQueue-CommandQueueReportForCommandQueueReportHandler] WARN  events.EventQueue (EventQueue.java:fireEvent(216)) - No event handler registered for event TypedEvent{payloadType=DatanodeDetails, name='Datanode_Command_Queue_Updated'}
2022-12-06 15:45:43,410 [EventQueue-CommandQueueReportForCommandQueueReportHandler] WARN  events.EventQueue (EventQueue.java:fireEvent(216)) - No event handler registered for event TypedEvent{payloadType=DatanodeDetails, name='Datanode_Command_Queue_Updated'}
2022-12-06 15:45:43,412 [EventQueue-CommandQueueReportForCommandQueueReportHandler] WARN  events.EventQueue (EventQueue.java:fireEvent(216)) - No event handler registered for event TypedEvent{payloadType=DatanodeDetails, name='Datanode_Command_Queue_Updated'}
2022-12-06 15:45:43,462 [EventQueue-CommandQueueReportForCommandQueueReportHandler] WARN  events.EventQueue (EventQueue.java:fireEvent(216)) - No event handler registered for event TypedEvent{payloadType=DatanodeDetails, name='Datanode_Command_Queue_Updated'}
2022-12-06 15:45:43,638 [EventQueue-CommandQueueReportForCommandQueueReportHandler] WARN  events.EventQueue (EventQueue.java:fireEvent(216)) - No event handler registered for event TypedEvent{payloadType=DatanodeDetails, name='Datanode_Command_Queue_Updated'}
2022-12-06 15:45:43,711 [Command processor thread] INFO  server.RaftServer (RaftServerProxy.java:remove(107)) - 3023bd45-36c3-431f-9c1c-92b4e43de878: remove  FOLLOWER 3023bd45-36c3-431f-9c1c-92b4e43de878@group-F0ECAC1CE6A4:t1, leader=null, voted=3023bd45-36c3-431f-9c1c-92b4e43de878, raftlog=Memoized:3023bd45-36c3-431f-9c1c-92b4e43de878@group-F0ECAC1CE6A4-SegmentedRaftLog:OPENED:c-1, conf=-1: peers:[b0993b33-1422-4b90-a478-b8a2894a7eaa|rpc:10.1.0.110:42755|dataStream:|priority:1|startupRole:FOLLOWER, 0587405b-2ffa-4132-824d-547ca09f0e52|rpc:10.1.0.110:38421|dataStream:|priority:0|startupRole:FOLLOWER, 3023bd45-36c3-431f-9c1c-92b4e43de878|rpc:10.1.0.110:42841|dataStream:|priority:0|startupRole:FOLLOWER]|listeners:[], old=null RUNNING
2022-12-06 15:45:43,712 [Command processor thread] INFO  server.RaftServer$Division (RaftServerImpl.java:lambda$close$4(458)) - 3023bd45-36c3-431f-9c1c-92b4e43de878@group-F0ECAC1CE6A4: shutdown
2022-12-06 15:45:43,712 [Command processor thread] INFO  util.JmxRegister (JmxRegister.java:unregister(73)) - Successfully un-registered JMX Bean with object name Ratis:service=RaftServer,group=group-F0ECAC1CE6A4,id=3023bd45-36c3-431f-9c1c-92b4e43de878
2022-12-06 15:45:43,712 [Command processor thread] INFO  impl.RoleInfo (RoleInfo.java:shutdownFollowerState(110)) - 3023bd45-36c3-431f-9c1c-92b4e43de878: shutdown 3023bd45-36c3-431f-9c1c-92b4e43de878@group-F0ECAC1CE6A4-FollowerState
2022-12-06 15:45:43,712 [Command processor thread] INFO  impl.StateMachineUpdater (StateMachineUpdater.java:stopAndJoin(153)) - 3023bd45-36c3-431f-9c1c-92b4e43de878@group-F0ECAC1CE6A4-StateMachineUpdater: set stopIndex = -1
2022-12-06 15:45:43,712 [3023bd45-36c3-431f-9c1c-92b4e43de878@group-F0ECAC1CE6A4-FollowerState] INFO  impl.FollowerState (FollowerState.java:run(152)) - 3023bd45-36c3-431f-9c1c-92b4e43de878@group-F0ECAC1CE6A4-FollowerState was interrupted
2022-12-06 15:45:43,715 [Command processor thread] INFO  server.RaftServer$Division (ServerState.java:close(466)) - 3023bd45-36c3-431f-9c1c-92b4e43de878@group-F0ECAC1CE6A4: closes. applyIndex: -1
2022-12-06 15:45:43,715 [3023bd45-36c3-431f-9c1c-92b4e43de878@group-F0ECAC1CE6A4-SegmentedRaftLogWorker] INFO  segmented.SegmentedRaftLogWorker (SegmentedRaftLogWorker.java:run(347)) - 3023bd45-36c3-431f-9c1c-92b4e43de878@group-F0ECAC1CE6A4-SegmentedRaftLogWorker was interrupted, exiting. There are 0 tasks remaining in the queue.
2022-12-06 15:45:43,716 [Command processor thread] INFO  segmented.SegmentedRaftLogWorker (SegmentedRaftLogWorker.java:close(257)) - 3023bd45-36c3-431f-9c1c-92b4e43de878@group-F0ECAC1CE6A4-SegmentedRaftLogWorker close()
2022-12-06 15:45:43,720 [EventQueue-CommandQueueReportForCommandQueueReportHandler] WARN  events.EventQueue (EventQueue.java:fireEvent(216)) - No event handler registered for event TypedEvent{payloadType=DatanodeDetails, name='Datanode_Command_Queue_Updated'}
2022-12-06 15:45:43,728 [Command processor thread] INFO  server.RaftServer$Division (RaftServerImpl.java:groupRemove(428)) - 3023bd45-36c3-431f-9c1c-92b4e43de878@group-F0ECAC1CE6A4: Succeed to remove RaftStorageDirectory Storage Directory /home/runner/work/ozone/ozone/hadoop-ozone/integration-test/target/test-dir/MiniOzoneClusterImpl-dce15e54-dc76-4f82-a75a-fd2a8a22e08e/datanode-9/data/ratis/96401a2a-4289-4e27-8629-f0ecac1ce6a4
2022-12-06 15:45:43,728 [Command processor thread] INFO  commandhandler.ClosePipelineCommandHandler (ClosePipelineCommandHandler.java:handle(78)) - Close Pipeline PipelineID=96401a2a-4289-4e27-8629-f0ecac1ce6a4 command on datanode 3023bd45-36c3-431f-9c1c-92b4e43de878.
2022-12-06 15:45:43,729 [Command processor thread] INFO  server.RaftServer (RaftServerProxy.java:remove(107)) - 3023bd45-36c3-431f-9c1c-92b4e43de878: remove    LEADER 3023bd45-36c3-431f-9c1c-92b4e43de878@group-80ECED8B0AF8:t1, leader=3023bd45-36c3-431f-9c1c-92b4e43de878, voted=3023bd45-36c3-431f-9c1c-92b4e43de878, raftlog=Memoized:3023bd45-36c3-431f-9c1c-92b4e43de878@group-80ECED8B0AF8-SegmentedRaftLog:OPENED:c0, conf=0: peers:[b0993b33-1422-4b90-a478-b8a2894a7eaa|rpc:10.1.0.110:42755|dataStream:|priority:0|startupRole:FOLLOWER, 0587405b-2ffa-4132-824d-547ca09f0e52|rpc:10.1.0.110:38421|dataStream:|priority:0|startupRole:FOLLOWER, 3023bd45-36c3-431f-9c1c-92b4e43de878|rpc:10.1.0.110:42841|dataStream:|priority:1|startupRole:FOLLOWER]|listeners:[], old=null RUNNING
2022-12-06 15:45:43,729 [Command processor thread] INFO  server.RaftServer$Division (RaftServerImpl.java:lambda$close$4(458)) - 3023bd45-36c3-431f-9c1c-92b4e43de878@group-80ECED8B0AF8: shutdown
2022-12-06 15:45:43,729 [Command processor thread] INFO  util.JmxRegister (JmxRegister.java:unregister(73)) - Successfully un-registered JMX Bean with object name Ratis:service=RaftServer,group=group-80ECED8B0AF8,id=3023bd45-36c3-431f-9c1c-92b4e43de878
2022-12-06 15:45:43,729 [Command processor thread] INFO  impl.RoleInfo (RoleInfo.java:shutdownLeaderState(93)) - 3023bd45-36c3-431f-9c1c-92b4e43de878: shutdown 3023bd45-36c3-431f-9c1c-92b4e43de878@group-80ECED8B0AF8-LeaderStateImpl
2022-12-06 15:45:43,729 [Command processor thread] INFO  impl.PendingRequests (PendingRequests.java:sendNotLeaderResponses(282)) - 3023bd45-36c3-431f-9c1c-92b4e43de878@group-80ECED8B0AF8-PendingRequests: sendNotLeaderResponses
2022-12-06 15:45:43,729 [3023bd45-36c3-431f-9c1c-92b4e43de878@group-80ECED8B0AF8->0587405b-2ffa-4132-824d-547ca09f0e52-GrpcLogAppender-LogAppenderDaemon] WARN  server.GrpcLogAppender (GrpcLogAppender.java:mayWait(200)) - 3023bd45-36c3-431f-9c1c-92b4e43de878@group-80ECED8B0AF8->0587405b-2ffa-4132-824d-547ca09f0e52-GrpcLogAppender: Wait interrupted by java.lang.InterruptedException
2022-12-06 15:45:43,731 [grpc-default-executor-0] INFO  server.GrpcServerProtocolService (GrpcServerProtocolService.java:onCompleted(143)) - 0587405b-2ffa-4132-824d-547ca09f0e52: Completed APPEND_ENTRIES, lastRequest: 3023bd45-36c3-431f-9c1c-92b4e43de878->0587405b-2ffa-4132-824d-547ca09f0e52#1-t1,previous=(t:0, i:0),leaderCommit=0,initializing? true,entries: size=1, first=(t:1, i:0), CONFIGURATIONENTRY(current:id: "b0993b33-1422-4b90-a478-b8a2894a7eaa"
address: "10.1.0.110:42755"
clientAddress: "10.1.0.110:42755"
adminAddress: "10.1.0.110:42755"
startupRole: FOLLOWER
,id: "0587405b-2ffa-4132-824d-547ca09f0e52"
address: "10.1.0.110:38421"
clientAddress: "10.1.0.110:38421"
adminAddress: "10.1.0.110:38421"
startupRole: FOLLOWER
,id: "3023bd45-36c3-431f-9c1c-92b4e43de878"
address: "10.1.0.110:42841"
priority: 1
clientAddress: "10.1.0.110:42841"
adminAddress: "10.1.0.110:42841"
startupRole: FOLLOWER
, old:)
2022-12-06 15:45:43,732 [grpc-default-executor-2] INFO  server.GrpcServerProtocolService (GrpcServerProtocolService.java:onCompleted(143)) - 0587405b-2ffa-4132-824d-547ca09f0e52: Completed APPEND_ENTRIES, lastRequest: null
2022-12-06 15:45:43,733 [grpc-default-executor-5] INFO  server.GrpcLogAppender (GrpcLogAppender.java:onCompleted(415)) - 3023bd45-36c3-431f-9c1c-92b4e43de878@group-80ECED8B0AF8->0587405b-2ffa-4132-824d-547ca09f0e52-AppendLogResponseHandler: follower responses appendEntries COMPLETED
2022-12-06 15:45:43,733 [grpc-default-executor-1] INFO  server.GrpcLogAppender (GrpcLogAppender.java:onCompleted(415)) - 3023bd45-36c3-431f-9c1c-92b4e43de878@group-80ECED8B0AF8->0587405b-2ffa-4132-824d-547ca09f0e52-AppendLogResponseHandler: follower responses appendEntries COMPLETED
2022-12-06 15:45:43,733 [grpc-default-executor-5] INFO  leader.FollowerInfo (FollowerInfoImpl.java:lambda$new$0(48)) - 3023bd45-36c3-431f-9c1c-92b4e43de878@group-80ECED8B0AF8->0587405b-2ffa-4132-824d-547ca09f0e52: nextIndex: updateUnconditionally 1 -> 0
2022-12-06 15:45:43,733 [grpc-default-executor-1] INFO  leader.FollowerInfo (FollowerInfoImpl.java:lambda$new$0(48)) - 3023bd45-36c3-431f-9c1c-92b4e43de878@group-80ECED8B0AF8->0587405b-2ffa-4132-824d-547ca09f0e52: nextIndex: updateUnconditionally 0 -> 0
2022-12-06 15:45:43,739 [3023bd45-36c3-431f-9c1c-92b4e43de878@group-80ECED8B0AF8-StateMachineUpdater] INFO  ratis.ContainerStateMachine (ContainerStateMachine.java:takeSnapshot(304)) - group-80ECED8B0AF8: Taking a snapshot at:(t:1, i:0) file /home/runner/work/ozone/ozone/hadoop-ozone/integration-test/target/test-dir/MiniOzoneClusterImpl-dce15e54-dc76-4f82-a75a-fd2a8a22e08e/datanode-9/data/ratis/89b9b39a-e242-4ad6-8397-80eced8b0af8/sm/snapshot.1_0
2022-12-06 15:45:43,740 [Command processor thread] INFO  impl.StateMachineUpdater (StateMachineUpdater.java:stopAndJoin(153)) - 3023bd45-36c3-431f-9c1c-92b4e43de878@group-80ECED8B0AF8-StateMachineUpdater: set stopIndex = 0
2022-12-06 15:45:43,740 [3023bd45-36c3-431f-9c1c-92b4e43de878@group-80ECED8B0AF8-StateMachineUpdater] INFO  ratis.ContainerStateMachine (ContainerStateMachine.java:takeSnapshot(315)) - group-80ECED8B0AF8: Finished taking a snapshot at:(t:1, i:0) file:/home/runner/work/ozone/ozone/hadoop-ozone/integration-test/target/test-dir/MiniOzoneClusterImpl-dce15e54-dc76-4f82-a75a-fd2a8a22e08e/datanode-9/data/ratis/89b9b39a-e242-4ad6-8397-80eced8b0af8/sm/snapshot.1_0 took: 1 ms
2022-12-06 15:45:43,741 [3023bd45-36c3-431f-9c1c-92b4e43de878@group-80ECED8B0AF8-StateMachineUpdater] INFO  impl.StateMachineUpdater (StateMachineUpdater.java:takeSnapshot(287)) - 3023bd45-36c3-431f-9c1c-92b4e43de878@group-80ECED8B0AF8-StateMachineUpdater: Took a snapshot at index 0
2022-12-06 15:45:43,741 [3023bd45-36c3-431f-9c1c-92b4e43de878@group-80ECED8B0AF8-StateMachineUpdater] INFO  impl.StateMachineUpdater (StateMachineUpdater.java:lambda$new$0(92)) - 3023bd45-36c3-431f-9c1c-92b4e43de878@group-80ECED8B0AF8-StateMachineUpdater: snapshotIndex: updateIncreasingly -1 -> 0
2022-12-06 15:45:43,741 [Command processor thread] INFO  server.RaftServer$Division (ServerState.java:close(466)) - 3023bd45-36c3-431f-9c1c-92b4e43de878@group-80ECED8B0AF8: closes. applyIndex: 0
2022-12-06 15:45:43,741 [3023bd45-36c3-431f-9c1c-92b4e43de878@group-80ECED8B0AF8-SegmentedRaftLogWorker] INFO  segmented.SegmentedRaftLogWorker (SegmentedRaftLogWorker.java:run(347)) - 3023bd45-36c3-431f-9c1c-92b4e43de878@group-80ECED8B0AF8-SegmentedRaftLogWorker was interrupted, exiting. There are 0 tasks remaining in the queue.
2022-12-06 15:45:43,744 [Command processor thread] INFO  segmented.SegmentedRaftLogWorker (SegmentedRaftLogWorker.java:close(257)) - 3023bd45-36c3-431f-9c1c-92b4e43de878@group-80ECED8B0AF8-SegmentedRaftLogWorker close()
2022-12-06 15:45:43,749 [Command processor thread] INFO  server.RaftServer$Division (RaftServerImpl.java:groupRemove(428)) - 3023bd45-36c3-431f-9c1c-92b4e43de878@group-80ECED8B0AF8: Succeed to remove RaftStorageDirectory Storage Directory /home/runner/work/ozone/ozone/hadoop-ozone/integration-test/target/test-dir/MiniOzoneClusterImpl-dce15e54-dc76-4f82-a75a-fd2a8a22e08e/datanode-9/data/ratis/89b9b39a-e242-4ad6-8397-80eced8b0af8
2022-12-06 15:45:43,749 [Command processor thread] INFO  commandhandler.ClosePipelineCommandHandler (ClosePipelineCommandHandler.java:handle(78)) - Close Pipeline PipelineID=89b9b39a-e242-4ad6-8397-80eced8b0af8 command on datanode 3023bd45-36c3-431f-9c1c-92b4e43de878.
2022-12-06 15:45:43,904 [0587405b-2ffa-4132-824d-547ca09f0e52@group-F0ECAC1CE6A4-FollowerState] INFO  impl.FollowerState (FollowerState.java:run(143)) - 0587405b-2ffa-4132-824d-547ca09f0e52@group-F0ECAC1CE6A4-FollowerState: change to CANDIDATE, lastRpcElapsedTime:5171045413ns, electionTimeout:5163ms
2022-12-06 15:45:43,904 [0587405b-2ffa-4132-824d-547ca09f0e52@group-F0ECAC1CE6A4-FollowerState] INFO  impl.RoleInfo (RoleInfo.java:shutdownFollowerState(110)) - 0587405b-2ffa-4132-824d-547ca09f0e52: shutdown 0587405b-2ffa-4132-824d-547ca09f0e52@group-F0ECAC1CE6A4-FollowerState
2022-12-06 15:45:43,904 [0587405b-2ffa-4132-824d-547ca09f0e52@group-F0ECAC1CE6A4-FollowerState] INFO  server.RaftServer$Division (RaftServerImpl.java:setRole(321)) - 0587405b-2ffa-4132-824d-547ca09f0e52@group-F0ECAC1CE6A4: changes role from  FOLLOWER to CANDIDATE at term 1 for changeToCandidate
2022-12-06 15:45:43,904 [0587405b-2ffa-4132-824d-547ca09f0e52@group-F0ECAC1CE6A4-FollowerState] INFO  server.RaftServerConfigKeys (ConfUtils.java:logGet(46)) - raft.server.leaderelection.pre-vote = false (custom)
2022-12-06 15:45:43,904 [0587405b-2ffa-4132-824d-547ca09f0e52@group-F0ECAC1CE6A4-FollowerState] INFO  impl.RoleInfo (RoleInfo.java:updateAndGet(139)) - 0587405b-2ffa-4132-824d-547ca09f0e52: start 0587405b-2ffa-4132-824d-547ca09f0e52@group-F0ECAC1CE6A4-LeaderElection35
2022-12-06 15:45:43,910 [0587405b-2ffa-4132-824d-547ca09f0e52@group-F0ECAC1CE6A4-LeaderElection35] INFO  impl.LeaderElection (LeaderElection.java:askForVotes(312)) - 0587405b-2ffa-4132-824d-547ca09f0e52@group-F0ECAC1CE6A4-LeaderElection35 ELECTION round 0: submit vote requests at term 2 for -1: peers:[b0993b33-1422-4b90-a478-b8a2894a7eaa|rpc:10.1.0.110:42755|dataStream:|priority:1|startupRole:FOLLOWER, 0587405b-2ffa-4132-824d-547ca09f0e52|rpc:10.1.0.110:38421|dataStream:|priority:0|startupRole:FOLLOWER, 3023bd45-36c3-431f-9c1c-92b4e43de878|rpc:10.1.0.110:42841|dataStream:|priority:0|startupRole:FOLLOWER]|listeners:[], old=null
2022-12-06 15:45:43,913 [0587405b-2ffa-4132-824d-547ca09f0e52@group-F0ECAC1CE6A4-LeaderElection35] INFO  server.RaftServerConfigKeys (ConfUtils.java:logFallback(53)) - raft.server.rpc.first-election.timeout.min = 5s (fallback to raft.server.rpc.timeout.min)
2022-12-06 15:45:43,913 [0587405b-2ffa-4132-824d-547ca09f0e52@group-F0ECAC1CE6A4-LeaderElection35] INFO  server.RaftServerConfigKeys (ConfUtils.java:logFallback(53)) - raft.server.rpc.first-election.timeout.max = 5200ms (fallback to raft.server.rpc.timeout.max)
2022-12-06 15:45:43,913 [0587405b-2ffa-4132-824d-547ca09f0e52@group-F0ECAC1CE6A4-LeaderElection35] INFO  impl.LeaderElection (LogUtils.java:infoOrTrace(137)) - 0587405b-2ffa-4132-824d-547ca09f0e52@group-F0ECAC1CE6A4-LeaderElection35 got exception when requesting votes: java.util.concurrent.ExecutionException: org.apache.ratis.thirdparty.io.grpc.StatusRuntimeException: UNAVAILABLE: io exception
2022-12-06 15:45:43,918 [grpc-default-executor-1] WARN  server.GrpcServerProtocolService (LogUtils.java:warn(124)) - 3023bd45-36c3-431f-9c1c-92b4e43de878: Failed requestVote 0587405b-2ffa-4132-824d-547ca09f0e52->3023bd45-36c3-431f-9c1c-92b4e43de878#0
org.apache.ratis.protocol.exceptions.GroupMismatchException: 3023bd45-36c3-431f-9c1c-92b4e43de878: group-F0ECAC1CE6A4 not found.
	at org.apache.ratis.server.impl.RaftServerProxy$ImplMap.get(RaftServerProxy.java:150)
	at org.apache.ratis.server.impl.RaftServerProxy.getImplFuture(RaftServerProxy.java:351)
	at org.apache.ratis.server.impl.RaftServerProxy.getImpl(RaftServerProxy.java:360)
	at org.apache.ratis.server.impl.RaftServerProxy.getImpl(RaftServerProxy.java:355)
	at org.apache.ratis.server.impl.RaftServerProxy.requestVote(RaftServerProxy.java:618)
	at org.apache.ratis.grpc.server.GrpcServerProtocolService.requestVote(GrpcServerProtocolService.java:175)
	at org.apache.ratis.proto.grpc.RaftServerProtocolServiceGrpc$MethodHandlers.invoke(RaftServerProtocolServiceGrpc.java:382)
	at org.apache.ratis.thirdparty.io.grpc.stub.ServerCalls$UnaryServerCallHandler$UnaryServerCallListener.onHalfClose(ServerCalls.java:182)
	at org.apache.ratis.thirdparty.io.grpc.PartialForwardingServerCallListener.onHalfClose(PartialForwardingServerCallListener.java:35)
	at org.apache.ratis.thirdparty.io.grpc.ForwardingServerCallListener.onHalfClose(ForwardingServerCallListener.java:23)
	at org.apache.ratis.thirdparty.io.grpc.internal.ServerCallImpl$ServerStreamListenerImpl.halfClosed(ServerCallImpl.java:354)
	at org.apache.ratis.thirdparty.io.grpc.internal.ServerImpl$JumpToApplicationThreadServerStreamListener$1HalfClosed.runInContext(ServerImpl.java:866)
	at org.apache.ratis.thirdparty.io.grpc.internal.ContextRunnable.run(ContextRunnable.java:37)
	at org.apache.ratis.thirdparty.io.grpc.internal.SerializingExecutor.run(SerializingExecutor.java:133)
	at java.util.concurrent.ThreadPoolExecutor.runWorker(ThreadPoolExecutor.java:1149)
	at java.util.concurrent.ThreadPoolExecutor$Worker.run(ThreadPoolExecutor.java:624)
	at java.lang.Thread.run(Thread.java:750)
2022-12-06 15:45:43,924 [0587405b-2ffa-4132-824d-547ca09f0e52@group-F0ECAC1CE6A4-LeaderElection35] INFO  impl.LeaderElection (LogUtils.java:infoOrTrace(137)) - 0587405b-2ffa-4132-824d-547ca09f0e52@group-F0ECAC1CE6A4-LeaderElection35 got exception when requesting votes: java.util.concurrent.ExecutionException: org.apache.ratis.thirdparty.io.grpc.StatusRuntimeException: INTERNAL: 3023bd45-36c3-431f-9c1c-92b4e43de878: group-F0ECAC1CE6A4 not found.
2022-12-06 15:45:43,925 [0587405b-2ffa-4132-824d-547ca09f0e52@group-F0ECAC1CE6A4-LeaderElection35] INFO  impl.LeaderElection (LeaderElection.java:logAndReturn(90)) - 0587405b-2ffa-4132-824d-547ca09f0e52@group-F0ECAC1CE6A4-LeaderElection35: ELECTION REJECTED received 0 response(s) and 2 exception(s):
2022-12-06 15:45:43,925 [0587405b-2ffa-4132-824d-547ca09f0e52@group-F0ECAC1CE6A4-LeaderElection35] INFO  impl.LeaderElection (LogUtils.java:infoOrTrace(137)) -   Exception 0: java.util.concurrent.ExecutionException: org.apache.ratis.thirdparty.io.grpc.StatusRuntimeException: UNAVAILABLE: io exception
2022-12-06 15:45:43,925 [0587405b-2ffa-4132-824d-547ca09f0e52@group-F0ECAC1CE6A4-LeaderElection35] INFO  impl.LeaderElection (LogUtils.java:infoOrTrace(137)) -   Exception 1: java.util.concurrent.ExecutionException: org.apache.ratis.thirdparty.io.grpc.StatusRuntimeException: INTERNAL: 3023bd45-36c3-431f-9c1c-92b4e43de878: group-F0ECAC1CE6A4 not found.
2022-12-06 15:45:43,925 [0587405b-2ffa-4132-824d-547ca09f0e52@group-F0ECAC1CE6A4-LeaderElection35] INFO  impl.LeaderElection (LeaderElection.java:askForVotes(314)) - 0587405b-2ffa-4132-824d-547ca09f0e52@group-F0ECAC1CE6A4-LeaderElection35 ELECTION round 0: result REJECTED
2022-12-06 15:45:43,925 [0587405b-2ffa-4132-824d-547ca09f0e52@group-F0ECAC1CE6A4-LeaderElection35] INFO  server.RaftServer$Division (RaftServerImpl.java:setRole(321)) - 0587405b-2ffa-4132-824d-547ca09f0e52@group-F0ECAC1CE6A4: changes role from CANDIDATE to FOLLOWER at term 2 for REJECTED
2022-12-06 15:45:43,925 [0587405b-2ffa-4132-824d-547ca09f0e52@group-F0ECAC1CE6A4-LeaderElection35] INFO  impl.RoleInfo (RoleInfo.java:shutdownLeaderElection(130)) - 0587405b-2ffa-4132-824d-547ca09f0e52: shutdown 0587405b-2ffa-4132-824d-547ca09f0e52@group-F0ECAC1CE6A4-LeaderElection35
2022-12-06 15:45:43,925 [0587405b-2ffa-4132-824d-547ca09f0e52@group-F0ECAC1CE6A4-LeaderElection35] INFO  impl.RoleInfo (RoleInfo.java:updateAndGet(139)) - 0587405b-2ffa-4132-824d-547ca09f0e52: start 0587405b-2ffa-4132-824d-547ca09f0e52@group-F0ECAC1CE6A4-FollowerState
2022-12-06 15:45:43,934 [0587405b-2ffa-4132-824d-547ca09f0e52@group-F0ECAC1CE6A4-FollowerState] INFO  server.RaftServerConfigKeys (ConfUtils.java:logFallback(53)) - raft.server.rpc.first-election.timeout.min = 5s (fallback to raft.server.rpc.timeout.min)
2022-12-06 15:45:43,934 [0587405b-2ffa-4132-824d-547ca09f0e52@group-F0ECAC1CE6A4-FollowerState] INFO  server.RaftServerConfigKeys (ConfUtils.java:logFallback(53)) - raft.server.rpc.first-election.timeout.max = 5200ms (fallback to raft.server.rpc.timeout.max)
2022-12-06 15:45:44,170 [EventQueue-CommandQueueReportForCommandQueueReportHandler] WARN  events.EventQueue (EventQueue.java:fireEvent(216)) - No event handler registered for event TypedEvent{payloadType=DatanodeDetails, name='Datanode_Command_Queue_Updated'}
2022-12-06 15:45:44,294 [EventQueue-CommandQueueReportForCommandQueueReportHandler] WARN  events.EventQueue (EventQueue.java:fireEvent(216)) - No event handler registered for event TypedEvent{payloadType=DatanodeDetails, name='Datanode_Command_Queue_Updated'}
2022-12-06 15:45:44,351 [EventQueue-CommandQueueReportForCommandQueueReportHandler] WARN  events.EventQueue (EventQueue.java:fireEvent(216)) - No event handler registered for event TypedEvent{payloadType=DatanodeDetails, name='Datanode_Command_Queue_Updated'}
2022-12-06 15:45:44,399 [EventQueue-CommandQueueReportForCommandQueueReportHandler] WARN  events.EventQueue (EventQueue.java:fireEvent(216)) - No event handler registered for event TypedEvent{payloadType=DatanodeDetails, name='Datanode_Command_Queue_Updated'}
2022-12-06 15:45:44,410 [EventQueue-CommandQueueReportForCommandQueueReportHandler] WARN  events.EventQueue (EventQueue.java:fireEvent(216)) - No event handler registered for event TypedEvent{payloadType=DatanodeDetails, name='Datanode_Command_Queue_Updated'}
2022-12-06 15:45:44,411 [EventQueue-CommandQueueReportForCommandQueueReportHandler] WARN  events.EventQueue (EventQueue.java:fireEvent(216)) - No event handler registered for event TypedEvent{payloadType=DatanodeDetails, name='Datanode_Command_Queue_Updated'}
2022-12-06 15:45:44,460 [EventQueue-CommandQueueReportForCommandQueueReportHandler] WARN  events.EventQueue (EventQueue.java:fireEvent(216)) - No event handler registered for event TypedEvent{payloadType=DatanodeDetails, name='Datanode_Command_Queue_Updated'}
2022-12-06 15:45:44,636 [Command processor thread] INFO  server.RaftServer (RaftServerProxy.java:remove(107)) - 0587405b-2ffa-4132-824d-547ca09f0e52: remove  FOLLOWER 0587405b-2ffa-4132-824d-547ca09f0e52@group-F0ECAC1CE6A4:t2, leader=null, voted=0587405b-2ffa-4132-824d-547ca09f0e52, raftlog=Memoized:0587405b-2ffa-4132-824d-547ca09f0e52@group-F0ECAC1CE6A4-SegmentedRaftLog:OPENED:c-1, conf=-1: peers:[b0993b33-1422-4b90-a478-b8a2894a7eaa|rpc:10.1.0.110:42755|dataStream:|priority:1|startupRole:FOLLOWER, 0587405b-2ffa-4132-824d-547ca09f0e52|rpc:10.1.0.110:38421|dataStream:|priority:0|startupRole:FOLLOWER, 3023bd45-36c3-431f-9c1c-92b4e43de878|rpc:10.1.0.110:42841|dataStream:|priority:0|startupRole:FOLLOWER]|listeners:[], old=null RUNNING
2022-12-06 15:45:44,636 [Command processor thread] INFO  server.RaftServer$Division (RaftServerImpl.java:lambda$close$4(458)) - 0587405b-2ffa-4132-824d-547ca09f0e52@group-F0ECAC1CE6A4: shutdown
2022-12-06 15:45:44,636 [Command processor thread] INFO  util.JmxRegister (JmxRegister.java:unregister(73)) - Successfully un-registered JMX Bean with object name Ratis:service=RaftServer,group=group-F0ECAC1CE6A4,id=0587405b-2ffa-4132-824d-547ca09f0e52
2022-12-06 15:45:44,636 [Command processor thread] INFO  impl.RoleInfo (RoleInfo.java:shutdownFollowerState(110)) - 0587405b-2ffa-4132-824d-547ca09f0e52: shutdown 0587405b-2ffa-4132-824d-547ca09f0e52@group-F0ECAC1CE6A4-FollowerState
2022-12-06 15:45:44,636 [Command processor thread] INFO  impl.StateMachineUpdater (StateMachineUpdater.java:stopAndJoin(153)) - 0587405b-2ffa-4132-824d-547ca09f0e52@group-F0ECAC1CE6A4-StateMachineUpdater: set stopIndex = -1
2022-12-06 15:45:44,637 [0587405b-2ffa-4132-824d-547ca09f0e52@group-F0ECAC1CE6A4-FollowerState] INFO  impl.FollowerState (FollowerState.java:run(152)) - 0587405b-2ffa-4132-824d-547ca09f0e52@group-F0ECAC1CE6A4-FollowerState was interrupted
2022-12-06 15:45:44,639 [Command processor thread] INFO  server.RaftServer$Division (ServerState.java:close(466)) - 0587405b-2ffa-4132-824d-547ca09f0e52@group-F0ECAC1CE6A4: closes. applyIndex: -1
2022-12-06 15:45:44,640 [0587405b-2ffa-4132-824d-547ca09f0e52@group-F0ECAC1CE6A4-SegmentedRaftLogWorker] INFO  segmented.SegmentedRaftLogWorker (SegmentedRaftLogWorker.java:run(347)) - 0587405b-2ffa-4132-824d-547ca09f0e52@group-F0ECAC1CE6A4-SegmentedRaftLogWorker was interrupted, exiting. There are 0 tasks remaining in the queue.
2022-12-06 15:45:44,640 [Command processor thread] INFO  segmented.SegmentedRaftLogWorker (SegmentedRaftLogWorker.java:close(257)) - 0587405b-2ffa-4132-824d-547ca09f0e52@group-F0ECAC1CE6A4-SegmentedRaftLogWorker close()
2022-12-06 15:45:44,643 [Command processor thread] INFO  server.RaftServer$Division (RaftServerImpl.java:groupRemove(428)) - 0587405b-2ffa-4132-824d-547ca09f0e52@group-F0ECAC1CE6A4: Succeed to remove RaftStorageDirectory Storage Directory /home/runner/work/ozone/ozone/hadoop-ozone/integration-test/target/test-dir/MiniOzoneClusterImpl-dce15e54-dc76-4f82-a75a-fd2a8a22e08e/datanode-1/data/ratis/96401a2a-4289-4e27-8629-f0ecac1ce6a4
2022-12-06 15:45:44,643 [Command processor thread] INFO  commandhandler.ClosePipelineCommandHandler (ClosePipelineCommandHandler.java:handle(78)) - Close Pipeline PipelineID=96401a2a-4289-4e27-8629-f0ecac1ce6a4 command on datanode 0587405b-2ffa-4132-824d-547ca09f0e52.
2022-12-06 15:45:44,643 [Command processor thread] INFO  server.RaftServer (RaftServerProxy.java:remove(107)) - 0587405b-2ffa-4132-824d-547ca09f0e52: remove  FOLLOWER 0587405b-2ffa-4132-824d-547ca09f0e52@group-80ECED8B0AF8:t1, leader=3023bd45-36c3-431f-9c1c-92b4e43de878, voted=3023bd45-36c3-431f-9c1c-92b4e43de878, raftlog=Memoized:0587405b-2ffa-4132-824d-547ca09f0e52@group-80ECED8B0AF8-SegmentedRaftLog:OPENED:c0, conf=0: peers:[b0993b33-1422-4b90-a478-b8a2894a7eaa|rpc:10.1.0.110:42755|dataStream:|priority:0|startupRole:FOLLOWER, 0587405b-2ffa-4132-824d-547ca09f0e52|rpc:10.1.0.110:38421|dataStream:|priority:0|startupRole:FOLLOWER, 3023bd45-36c3-431f-9c1c-92b4e43de878|rpc:10.1.0.110:42841|dataStream:|priority:1|startupRole:FOLLOWER]|listeners:[], old=null RUNNING
2022-12-06 15:45:44,644 [Command processor thread] INFO  server.RaftServer$Division (RaftServerImpl.java:lambda$close$4(458)) - 0587405b-2ffa-4132-824d-547ca09f0e52@group-80ECED8B0AF8: shutdown
2022-12-06 15:45:44,644 [Command processor thread] INFO  util.JmxRegister (JmxRegister.java:unregister(73)) - Successfully un-registered JMX Bean with object name Ratis:service=RaftServer,group=group-80ECED8B0AF8,id=0587405b-2ffa-4132-824d-547ca09f0e52
2022-12-06 15:45:44,644 [Command processor thread] INFO  impl.RoleInfo (RoleInfo.java:shutdownFollowerState(110)) - 0587405b-2ffa-4132-824d-547ca09f0e52: shutdown 0587405b-2ffa-4132-824d-547ca09f0e52@group-80ECED8B0AF8-FollowerState
2022-12-06 15:45:44,644 [EventQueue-CommandQueueReportForCommandQueueReportHandler] WARN  events.EventQueue (EventQueue.java:fireEvent(216)) - No event handler registered for event TypedEvent{payloadType=DatanodeDetails, name='Datanode_Command_Queue_Updated'}
2022-12-06 15:45:44,644 [0587405b-2ffa-4132-824d-547ca09f0e52@group-80ECED8B0AF8-FollowerState] INFO  impl.FollowerState (FollowerState.java:run(152)) - 0587405b-2ffa-4132-824d-547ca09f0e52@group-80ECED8B0AF8-FollowerState was interrupted
2022-12-06 15:45:44,645 [0587405b-2ffa-4132-824d-547ca09f0e52@group-80ECED8B0AF8-StateMachineUpdater] INFO  ratis.ContainerStateMachine (ContainerStateMachine.java:takeSnapshot(304)) - group-80ECED8B0AF8: Taking a snapshot at:(t:1, i:0) file /home/runner/work/ozone/ozone/hadoop-ozone/integration-test/target/test-dir/MiniOzoneClusterImpl-dce15e54-dc76-4f82-a75a-fd2a8a22e08e/datanode-1/data/ratis/89b9b39a-e242-4ad6-8397-80eced8b0af8/sm/snapshot.1_0
2022-12-06 15:45:44,645 [Command processor thread] INFO  impl.StateMachineUpdater (StateMachineUpdater.java:stopAndJoin(153)) - 0587405b-2ffa-4132-824d-547ca09f0e52@group-80ECED8B0AF8-StateMachineUpdater: set stopIndex = 0
2022-12-06 15:45:44,647 [0587405b-2ffa-4132-824d-547ca09f0e52@group-80ECED8B0AF8-StateMachineUpdater] INFO  ratis.ContainerStateMachine (ContainerStateMachine.java:takeSnapshot(315)) - group-80ECED8B0AF8: Finished taking a snapshot at:(t:1, i:0) file:/home/runner/work/ozone/ozone/hadoop-ozone/integration-test/target/test-dir/MiniOzoneClusterImpl-dce15e54-dc76-4f82-a75a-fd2a8a22e08e/datanode-1/data/ratis/89b9b39a-e242-4ad6-8397-80eced8b0af8/sm/snapshot.1_0 took: 2 ms
2022-12-06 15:45:44,647 [0587405b-2ffa-4132-824d-547ca09f0e52@group-80ECED8B0AF8-StateMachineUpdater] INFO  impl.StateMachineUpdater (StateMachineUpdater.java:takeSnapshot(287)) - 0587405b-2ffa-4132-824d-547ca09f0e52@group-80ECED8B0AF8-StateMachineUpdater: Took a snapshot at index 0
2022-12-06 15:45:44,647 [0587405b-2ffa-4132-824d-547ca09f0e52@group-80ECED8B0AF8-StateMachineUpdater] INFO  impl.StateMachineUpdater (StateMachineUpdater.java:lambda$new$0(92)) - 0587405b-2ffa-4132-824d-547ca09f0e52@group-80ECED8B0AF8-StateMachineUpdater: snapshotIndex: updateIncreasingly -1 -> 0
2022-12-06 15:45:44,647 [Command processor thread] INFO  server.RaftServer$Division (ServerState.java:close(466)) - 0587405b-2ffa-4132-824d-547ca09f0e52@group-80ECED8B0AF8: closes. applyIndex: 0
2022-12-06 15:45:44,647 [0587405b-2ffa-4132-824d-547ca09f0e52@group-80ECED8B0AF8-SegmentedRaftLogWorker] INFO  segmented.SegmentedRaftLogWorker (SegmentedRaftLogWorker.java:run(347)) - 0587405b-2ffa-4132-824d-547ca09f0e52@group-80ECED8B0AF8-SegmentedRaftLogWorker was interrupted, exiting. There are 0 tasks remaining in the queue.
2022-12-06 15:45:44,648 [Command processor thread] INFO  segmented.SegmentedRaftLogWorker (SegmentedRaftLogWorker.java:close(257)) - 0587405b-2ffa-4132-824d-547ca09f0e52@group-80ECED8B0AF8-SegmentedRaftLogWorker close()
2022-12-06 15:45:44,650 [Command processor thread] INFO  server.RaftServer$Division (RaftServerImpl.java:groupRemove(428)) - 0587405b-2ffa-4132-824d-547ca09f0e52@group-80ECED8B0AF8: Succeed to remove RaftStorageDirectory Storage Directory /home/runner/work/ozone/ozone/hadoop-ozone/integration-test/target/test-dir/MiniOzoneClusterImpl-dce15e54-dc76-4f82-a75a-fd2a8a22e08e/datanode-1/data/ratis/89b9b39a-e242-4ad6-8397-80eced8b0af8
2022-12-06 15:45:44,651 [Command processor thread] INFO  commandhandler.ClosePipelineCommandHandler (ClosePipelineCommandHandler.java:handle(78)) - Close Pipeline PipelineID=89b9b39a-e242-4ad6-8397-80eced8b0af8 command on datanode 0587405b-2ffa-4132-824d-547ca09f0e52.
2022-12-06 15:45:44,714 [EventQueue-CommandQueueReportForCommandQueueReportHandler] WARN  events.EventQueue (EventQueue.java:fireEvent(216)) - No event handler registered for event TypedEvent{payloadType=DatanodeDetails, name='Datanode_Command_Queue_Updated'}
2022-12-06 15:45:45,175 [EventQueue-CommandQueueReportForCommandQueueReportHandler] WARN  events.EventQueue (EventQueue.java:fireEvent(216)) - No event handler registered for event TypedEvent{payloadType=DatanodeDetails, name='Datanode_Command_Queue_Updated'}
2022-12-06 15:45:45,294 [EventQueue-CommandQueueReportForCommandQueueReportHandler] WARN  events.EventQueue (EventQueue.java:fireEvent(216)) - No event handler registered for event TypedEvent{payloadType=DatanodeDetails, name='Datanode_Command_Queue_Updated'}
2022-12-06 15:45:45,351 [EventQueue-CommandQueueReportForCommandQueueReportHandler] WARN  events.EventQueue (EventQueue.java:fireEvent(216)) - No event handler registered for event TypedEvent{payloadType=DatanodeDetails, name='Datanode_Command_Queue_Updated'}
2022-12-06 15:45:45,397 [EventQueue-CommandQueueReportForCommandQueueReportHandler] WARN  events.EventQueue (EventQueue.java:fireEvent(216)) - No event handler registered for event TypedEvent{payloadType=DatanodeDetails, name='Datanode_Command_Queue_Updated'}
2022-12-06 15:45:45,412 [EventQueue-CommandQueueReportForCommandQueueReportHandler] WARN  events.EventQueue (EventQueue.java:fireEvent(216)) - No event handler registered for event TypedEvent{payloadType=DatanodeDetails, name='Datanode_Command_Queue_Updated'}
2022-12-06 15:45:45,412 [EventQueue-CommandQueueReportForCommandQueueReportHandler] WARN  events.EventQueue (EventQueue.java:fireEvent(216)) - No event handler registered for event TypedEvent{payloadType=DatanodeDetails, name='Datanode_Command_Queue_Updated'}
2022-12-06 15:45:45,460 [EventQueue-CommandQueueReportForCommandQueueReportHandler] WARN  events.EventQueue (EventQueue.java:fireEvent(216)) - No event handler registered for event TypedEvent{payloadType=DatanodeDetails, name='Datanode_Command_Queue_Updated'}
2022-12-06 15:45:45,639 [EventQueue-CommandQueueReportForCommandQueueReportHandler] WARN  events.EventQueue (EventQueue.java:fireEvent(216)) - No event handler registered for event TypedEvent{payloadType=DatanodeDetails, name='Datanode_Command_Queue_Updated'}
2022-12-06 15:45:45,715 [EventQueue-CommandQueueReportForCommandQueueReportHandler] WARN  events.EventQueue (EventQueue.java:fireEvent(216)) - No event handler registered for event TypedEvent{payloadType=DatanodeDetails, name='Datanode_Command_Queue_Updated'}
2022-12-06 15:45:46,170 [EventQueue-CommandQueueReportForCommandQueueReportHandler] WARN  events.EventQueue (EventQueue.java:fireEvent(216)) - No event handler registered for event TypedEvent{payloadType=DatanodeDetails, name='Datanode_Command_Queue_Updated'}
2022-12-06 15:45:46,294 [EventQueue-CommandQueueReportForCommandQueueReportHandler] WARN  events.EventQueue (EventQueue.java:fireEvent(216)) - No event handler registered for event TypedEvent{payloadType=DatanodeDetails, name='Datanode_Command_Queue_Updated'}
2022-12-06 15:45:46,351 [EventQueue-CommandQueueReportForCommandQueueReportHandler] WARN  events.EventQueue (EventQueue.java:fireEvent(216)) - No event handler registered for event TypedEvent{payloadType=DatanodeDetails, name='Datanode_Command_Queue_Updated'}
2022-12-06 15:45:46,397 [EventQueue-CommandQueueReportForCommandQueueReportHandler] WARN  events.EventQueue (EventQueue.java:fireEvent(216)) - No event handler registered for event TypedEvent{payloadType=DatanodeDetails, name='Datanode_Command_Queue_Updated'}
2022-12-06 15:45:46,412 [EventQueue-CommandQueueReportForCommandQueueReportHandler] WARN  events.EventQueue (EventQueue.java:fireEvent(216)) - No event handler registered for event TypedEvent{payloadType=DatanodeDetails, name='Datanode_Command_Queue_Updated'}
2022-12-06 15:45:46,414 [EventQueue-CommandQueueReportForCommandQueueReportHandler] WARN  events.EventQueue (EventQueue.java:fireEvent(216)) - No event handler registered for event TypedEvent{payloadType=DatanodeDetails, name='Datanode_Command_Queue_Updated'}
2022-12-06 15:45:46,460 [EventQueue-CommandQueueReportForCommandQueueReportHandler] WARN  events.EventQueue (EventQueue.java:fireEvent(216)) - No event handler registered for event TypedEvent{payloadType=DatanodeDetails, name='Datanode_Command_Queue_Updated'}
2022-12-06 15:45:46,637 [EventQueue-CommandQueueReportForCommandQueueReportHandler] WARN  events.EventQueue (EventQueue.java:fireEvent(216)) - No event handler registered for event TypedEvent{payloadType=DatanodeDetails, name='Datanode_Command_Queue_Updated'}
2022-12-06 15:45:46,715 [EventQueue-CommandQueueReportForCommandQueueReportHandler] WARN  events.EventQueue (EventQueue.java:fireEvent(216)) - No event handler registered for event TypedEvent{payloadType=DatanodeDetails, name='Datanode_Command_Queue_Updated'}
2022-12-06 15:45:47,171 [EventQueue-CommandQueueReportForCommandQueueReportHandler] WARN  events.EventQueue (EventQueue.java:fireEvent(216)) - No event handler registered for event TypedEvent{payloadType=DatanodeDetails, name='Datanode_Command_Queue_Updated'}
2022-12-06 15:45:47,294 [EventQueue-CommandQueueReportForCommandQueueReportHandler] WARN  events.EventQueue (EventQueue.java:fireEvent(216)) - No event handler registered for event TypedEvent{payloadType=DatanodeDetails, name='Datanode_Command_Queue_Updated'}
2022-12-06 15:45:47,350 [EventQueue-CommandQueueReportForCommandQueueReportHandler] WARN  events.EventQueue (EventQueue.java:fireEvent(216)) - No event handler registered for event TypedEvent{payloadType=DatanodeDetails, name='Datanode_Command_Queue_Updated'}
2022-12-06 15:45:47,397 [EventQueue-CommandQueueReportForCommandQueueReportHandler] WARN  events.EventQueue (EventQueue.java:fireEvent(216)) - No event handler registered for event TypedEvent{payloadType=DatanodeDetails, name='Datanode_Command_Queue_Updated'}
2022-12-06 15:45:47,415 [EventQueue-CommandQueueReportForCommandQueueReportHandler] WARN  events.EventQueue (EventQueue.java:fireEvent(216)) - No event handler registered for event TypedEvent{payloadType=DatanodeDetails, name='Datanode_Command_Queue_Updated'}
2022-12-06 15:45:47,415 [EventQueue-CommandQueueReportForCommandQueueReportHandler] WARN  events.EventQueue (EventQueue.java:fireEvent(216)) - No event handler registered for event TypedEvent{payloadType=DatanodeDetails, name='Datanode_Command_Queue_Updated'}
2022-12-06 15:45:47,461 [EventQueue-CommandQueueReportForCommandQueueReportHandler] WARN  events.EventQueue (EventQueue.java:fireEvent(216)) - No event handler registered for event TypedEvent{payloadType=DatanodeDetails, name='Datanode_Command_Queue_Updated'}
2022-12-06 15:45:47,637 [EventQueue-CommandQueueReportForCommandQueueReportHandler] WARN  events.EventQueue (EventQueue.java:fireEvent(216)) - No event handler registered for event TypedEvent{payloadType=DatanodeDetails, name='Datanode_Command_Queue_Updated'}
2022-12-06 15:45:47,714 [EventQueue-CommandQueueReportForCommandQueueReportHandler] WARN  events.EventQueue (EventQueue.java:fireEvent(216)) - No event handler registered for event TypedEvent{payloadType=DatanodeDetails, name='Datanode_Command_Queue_Updated'}
2022-12-06 15:45:48,171 [EventQueue-CommandQueueReportForCommandQueueReportHandler] WARN  events.EventQueue (EventQueue.java:fireEvent(216)) - No event handler registered for event TypedEvent{payloadType=DatanodeDetails, name='Datanode_Command_Queue_Updated'}
2022-12-06 15:45:48,296 [EventQueue-CommandQueueReportForCommandQueueReportHandler] WARN  events.EventQueue (EventQueue.java:fireEvent(216)) - No event handler registered for event TypedEvent{payloadType=DatanodeDetails, name='Datanode_Command_Queue_Updated'}
2022-12-06 15:45:48,350 [EventQueue-CommandQueueReportForCommandQueueReportHandler] WARN  events.EventQueue (EventQueue.java:fireEvent(216)) - No event handler registered for event TypedEvent{payloadType=DatanodeDetails, name='Datanode_Command_Queue_Updated'}
2022-12-06 15:45:48,398 [EventQueue-CommandQueueReportForCommandQueueReportHandler] WARN  events.EventQueue (EventQueue.java:fireEvent(216)) - No event handler registered for event TypedEvent{payloadType=DatanodeDetails, name='Datanode_Command_Queue_Updated'}
2022-12-06 15:45:48,412 [EventQueue-CommandQueueReportForCommandQueueReportHandler] WARN  events.EventQueue (EventQueue.java:fireEvent(216)) - No event handler registered for event TypedEvent{payloadType=DatanodeDetails, name='Datanode_Command_Queue_Updated'}
2022-12-06 15:45:48,412 [EventQueue-CommandQueueReportForCommandQueueReportHandler] WARN  events.EventQueue (EventQueue.java:fireEvent(216)) - No event handler registered for event TypedEvent{payloadType=DatanodeDetails, name='Datanode_Command_Queue_Updated'}
2022-12-06 15:45:48,460 [EventQueue-CommandQueueReportForCommandQueueReportHandler] WARN  events.EventQueue (EventQueue.java:fireEvent(216)) - No event handler registered for event TypedEvent{payloadType=DatanodeDetails, name='Datanode_Command_Queue_Updated'}
2022-12-06 15:45:48,637 [EventQueue-CommandQueueReportForCommandQueueReportHandler] WARN  events.EventQueue (EventQueue.java:fireEvent(216)) - No event handler registered for event TypedEvent{payloadType=DatanodeDetails, name='Datanode_Command_Queue_Updated'}
2022-12-06 15:45:48,714 [EventQueue-CommandQueueReportForCommandQueueReportHandler] WARN  events.EventQueue (EventQueue.java:fireEvent(216)) - No event handler registered for event TypedEvent{payloadType=DatanodeDetails, name='Datanode_Command_Queue_Updated'}
2022-12-06 15:45:49,171 [EventQueue-CommandQueueReportForCommandQueueReportHandler] WARN  events.EventQueue (EventQueue.java:fireEvent(216)) - No event handler registered for event TypedEvent{payloadType=DatanodeDetails, name='Datanode_Command_Queue_Updated'}
2022-12-06 15:45:49,294 [EventQueue-CommandQueueReportForCommandQueueReportHandler] WARN  events.EventQueue (EventQueue.java:fireEvent(216)) - No event handler registered for event TypedEvent{payloadType=DatanodeDetails, name='Datanode_Command_Queue_Updated'}
2022-12-06 15:45:49,350 [EventQueue-CommandQueueReportForCommandQueueReportHandler] WARN  events.EventQueue (EventQueue.java:fireEvent(216)) - No event handler registered for event TypedEvent{payloadType=DatanodeDetails, name='Datanode_Command_Queue_Updated'}
2022-12-06 15:45:49,398 [EventQueue-CommandQueueReportForCommandQueueReportHandler] WARN  events.EventQueue (EventQueue.java:fireEvent(216)) - No event handler registered for event TypedEvent{payloadType=DatanodeDetails, name='Datanode_Command_Queue_Updated'}
2022-12-06 15:45:49,412 [EventQueue-CommandQueueReportForCommandQueueReportHandler] WARN  events.EventQueue (EventQueue.java:fireEvent(216)) - No event handler registered for event TypedEvent{payloadType=DatanodeDetails, name='Datanode_Command_Queue_Updated'}
2022-12-06 15:45:49,413 [EventQueue-CommandQueueReportForCommandQueueReportHandler] WARN  events.EventQueue (EventQueue.java:fireEvent(216)) - No event handler registered for event TypedEvent{payloadType=DatanodeDetails, name='Datanode_Command_Queue_Updated'}
2022-12-06 15:45:49,460 [EventQueue-CommandQueueReportForCommandQueueReportHandler] WARN  events.EventQueue (EventQueue.java:fireEvent(216)) - No event handler registered for event TypedEvent{payloadType=DatanodeDetails, name='Datanode_Command_Queue_Updated'}
2022-12-06 15:45:49,638 [EventQueue-CommandQueueReportForCommandQueueReportHandler] WARN  events.EventQueue (EventQueue.java:fireEvent(216)) - No event handler registered for event TypedEvent{payloadType=DatanodeDetails, name='Datanode_Command_Queue_Updated'}
2022-12-06 15:45:49,714 [EventQueue-CommandQueueReportForCommandQueueReportHandler] WARN  events.EventQueue (EventQueue.java:fireEvent(216)) - No event handler registered for event TypedEvent{payloadType=DatanodeDetails, name='Datanode_Command_Queue_Updated'}
2022-12-06 15:45:50,170 [EventQueue-CommandQueueReportForCommandQueueReportHandler] WARN  events.EventQueue (EventQueue.java:fireEvent(216)) - No event handler registered for event TypedEvent{payloadType=DatanodeDetails, name='Datanode_Command_Queue_Updated'}
2022-12-06 15:45:50,294 [EventQueue-CommandQueueReportForCommandQueueReportHandler] WARN  events.EventQueue (EventQueue.java:fireEvent(216)) - No event handler registered for event TypedEvent{payloadType=DatanodeDetails, name='Datanode_Command_Queue_Updated'}
2022-12-06 15:45:50,351 [EventQueue-CommandQueueReportForCommandQueueReportHandler] WARN  events.EventQueue (EventQueue.java:fireEvent(216)) - No event handler registered for event TypedEvent{payloadType=DatanodeDetails, name='Datanode_Command_Queue_Updated'}
2022-12-06 15:45:50,397 [EventQueue-CommandQueueReportForCommandQueueReportHandler] WARN  events.EventQueue (EventQueue.java:fireEvent(216)) - No event handler registered for event TypedEvent{payloadType=DatanodeDetails, name='Datanode_Command_Queue_Updated'}
2022-12-06 15:45:50,412 [EventQueue-CommandQueueReportForCommandQueueReportHandler] WARN  events.EventQueue (EventQueue.java:fireEvent(216)) - No event handler registered for event TypedEvent{payloadType=DatanodeDetails, name='Datanode_Command_Queue_Updated'}
2022-12-06 15:45:50,413 [EventQueue-CommandQueueReportForCommandQueueReportHandler] WARN  events.EventQueue (EventQueue.java:fireEvent(216)) - No event handler registered for event TypedEvent{payloadType=DatanodeDetails, name='Datanode_Command_Queue_Updated'}
2022-12-06 15:45:50,460 [EventQueue-CommandQueueReportForCommandQueueReportHandler] WARN  events.EventQueue (EventQueue.java:fireEvent(216)) - No event handler registered for event TypedEvent{payloadType=DatanodeDetails, name='Datanode_Command_Queue_Updated'}
2022-12-06 15:45:50,637 [EventQueue-CommandQueueReportForCommandQueueReportHandler] WARN  events.EventQueue (EventQueue.java:fireEvent(216)) - No event handler registered for event TypedEvent{payloadType=DatanodeDetails, name='Datanode_Command_Queue_Updated'}
2022-12-06 15:45:50,714 [EventQueue-CommandQueueReportForCommandQueueReportHandler] WARN  events.EventQueue (EventQueue.java:fireEvent(216)) - No event handler registered for event TypedEvent{payloadType=DatanodeDetails, name='Datanode_Command_Queue_Updated'}
2022-12-06 15:45:51,171 [EventQueue-CommandQueueReportForCommandQueueReportHandler] WARN  events.EventQueue (EventQueue.java:fireEvent(216)) - No event handler registered for event TypedEvent{payloadType=DatanodeDetails, name='Datanode_Command_Queue_Updated'}
2022-12-06 15:45:51,294 [EventQueue-CommandQueueReportForCommandQueueReportHandler] WARN  events.EventQueue (EventQueue.java:fireEvent(216)) - No event handler registered for event TypedEvent{payloadType=DatanodeDetails, name='Datanode_Command_Queue_Updated'}
2022-12-06 15:45:51,350 [EventQueue-CommandQueueReportForCommandQueueReportHandler] WARN  events.EventQueue (EventQueue.java:fireEvent(216)) - No event handler registered for event TypedEvent{payloadType=DatanodeDetails, name='Datanode_Command_Queue_Updated'}
2022-12-06 15:45:51,397 [EventQueue-CommandQueueReportForCommandQueueReportHandler] WARN  events.EventQueue (EventQueue.java:fireEvent(216)) - No event handler registered for event TypedEvent{payloadType=DatanodeDetails, name='Datanode_Command_Queue_Updated'}
2022-12-06 15:45:51,412 [EventQueue-CommandQueueReportForCommandQueueReportHandler] WARN  events.EventQueue (EventQueue.java:fireEvent(216)) - No event handler registered for event TypedEvent{payloadType=DatanodeDetails, name='Datanode_Command_Queue_Updated'}
2022-12-06 15:45:51,414 [EventQueue-CommandQueueReportForCommandQueueReportHandler] WARN  events.EventQueue (EventQueue.java:fireEvent(216)) - No event handler registered for event TypedEvent{payloadType=DatanodeDetails, name='Datanode_Command_Queue_Updated'}
2022-12-06 15:45:51,460 [EventQueue-CommandQueueReportForCommandQueueReportHandler] WARN  events.EventQueue (EventQueue.java:fireEvent(216)) - No event handler registered for event TypedEvent{payloadType=DatanodeDetails, name='Datanode_Command_Queue_Updated'}
2022-12-06 15:45:51,637 [EventQueue-CommandQueueReportForCommandQueueReportHandler] WARN  events.EventQueue (EventQueue.java:fireEvent(216)) - No event handler registered for event TypedEvent{payloadType=DatanodeDetails, name='Datanode_Command_Queue_Updated'}
2022-12-06 15:45:51,714 [EventQueue-CommandQueueReportForCommandQueueReportHandler] WARN  events.EventQueue (EventQueue.java:fireEvent(216)) - No event handler registered for event TypedEvent{payloadType=DatanodeDetails, name='Datanode_Command_Queue_Updated'}
2022-12-06 15:45:52,170 [EventQueue-CommandQueueReportForCommandQueueReportHandler] WARN  events.EventQueue (EventQueue.java:fireEvent(216)) - No event handler registered for event TypedEvent{payloadType=DatanodeDetails, name='Datanode_Command_Queue_Updated'}
2022-12-06 15:45:52,294 [EventQueue-CommandQueueReportForCommandQueueReportHandler] WARN  events.EventQueue (EventQueue.java:fireEvent(216)) - No event handler registered for event TypedEvent{payloadType=DatanodeDetails, name='Datanode_Command_Queue_Updated'}
2022-12-06 15:45:52,351 [EventQueue-CommandQueueReportForCommandQueueReportHandler] WARN  events.EventQueue (EventQueue.java:fireEvent(216)) - No event handler registered for event TypedEvent{payloadType=DatanodeDetails, name='Datanode_Command_Queue_Updated'}
2022-12-06 15:45:52,397 [EventQueue-CommandQueueReportForCommandQueueReportHandler] WARN  events.EventQueue (EventQueue.java:fireEvent(216)) - No event handler registered for event TypedEvent{payloadType=DatanodeDetails, name='Datanode_Command_Queue_Updated'}
2022-12-06 15:45:52,412 [EventQueue-CommandQueueReportForCommandQueueReportHandler] WARN  events.EventQueue (EventQueue.java:fireEvent(216)) - No event handler registered for event TypedEvent{payloadType=DatanodeDetails, name='Datanode_Command_Queue_Updated'}
2022-12-06 15:45:52,414 [EventQueue-CommandQueueReportForCommandQueueReportHandler] WARN  events.EventQueue (EventQueue.java:fireEvent(216)) - No event handler registered for event TypedEvent{payloadType=DatanodeDetails, name='Datanode_Command_Queue_Updated'}
2022-12-06 15:45:52,460 [EventQueue-CommandQueueReportForCommandQueueReportHandler] WARN  events.EventQueue (EventQueue.java:fireEvent(216)) - No event handler registered for event TypedEvent{payloadType=DatanodeDetails, name='Datanode_Command_Queue_Updated'}
2022-12-06 15:45:52,637 [EventQueue-CommandQueueReportForCommandQueueReportHandler] WARN  events.EventQueue (EventQueue.java:fireEvent(216)) - No event handler registered for event TypedEvent{payloadType=DatanodeDetails, name='Datanode_Command_Queue_Updated'}
2022-12-06 15:45:52,714 [EventQueue-CommandQueueReportForCommandQueueReportHandler] WARN  events.EventQueue (EventQueue.java:fireEvent(216)) - No event handler registered for event TypedEvent{payloadType=DatanodeDetails, name='Datanode_Command_Queue_Updated'}
2022-12-06 15:45:53,171 [EventQueue-CommandQueueReportForCommandQueueReportHandler] WARN  events.EventQueue (EventQueue.java:fireEvent(216)) - No event handler registered for event TypedEvent{payloadType=DatanodeDetails, name='Datanode_Command_Queue_Updated'}
2022-12-06 15:45:53,294 [EventQueue-CommandQueueReportForCommandQueueReportHandler] WARN  events.EventQueue (EventQueue.java:fireEvent(216)) - No event handler registered for event TypedEvent{payloadType=DatanodeDetails, name='Datanode_Command_Queue_Updated'}
2022-12-06 15:45:53,352 [EventQueue-CommandQueueReportForCommandQueueReportHandler] WARN  events.EventQueue (EventQueue.java:fireEvent(216)) - No event handler registered for event TypedEvent{payloadType=DatanodeDetails, name='Datanode_Command_Queue_Updated'}
2022-12-06 15:45:53,397 [EventQueue-CommandQueueReportForCommandQueueReportHandler] WARN  events.EventQueue (EventQueue.java:fireEvent(216)) - No event handler registered for event TypedEvent{payloadType=DatanodeDetails, name='Datanode_Command_Queue_Updated'}
2022-12-06 15:45:53,413 [EventQueue-CommandQueueReportForCommandQueueReportHandler] WARN  events.EventQueue (EventQueue.java:fireEvent(216)) - No event handler registered for event TypedEvent{payloadType=DatanodeDetails, name='Datanode_Command_Queue_Updated'}
2022-12-06 15:45:53,415 [EventQueue-CommandQueueReportForCommandQueueReportHandler] WARN  events.EventQueue (EventQueue.java:fireEvent(216)) - No event handler registered for event TypedEvent{payloadType=DatanodeDetails, name='Datanode_Command_Queue_Updated'}
2022-12-06 15:45:53,460 [EventQueue-CommandQueueReportForCommandQueueReportHandler] WARN  events.EventQueue (EventQueue.java:fireEvent(216)) - No event handler registered for event TypedEvent{payloadType=DatanodeDetails, name='Datanode_Command_Queue_Updated'}
2022-12-06 15:45:53,637 [EventQueue-CommandQueueReportForCommandQueueReportHandler] WARN  events.EventQueue (EventQueue.java:fireEvent(216)) - No event handler registered for event TypedEvent{payloadType=DatanodeDetails, name='Datanode_Command_Queue_Updated'}
2022-12-06 15:45:53,714 [EventQueue-CommandQueueReportForCommandQueueReportHandler] WARN  events.EventQueue (EventQueue.java:fireEvent(216)) - No event handler registered for event TypedEvent{payloadType=DatanodeDetails, name='Datanode_Command_Queue_Updated'}
2022-12-06 15:45:54,172 [EventQueue-CommandQueueReportForCommandQueueReportHandler] WARN  events.EventQueue (EventQueue.java:fireEvent(216)) - No event handler registered for event TypedEvent{payloadType=DatanodeDetails, name='Datanode_Command_Queue_Updated'}
2022-12-06 15:45:54,294 [EventQueue-CommandQueueReportForCommandQueueReportHandler] WARN  events.EventQueue (EventQueue.java:fireEvent(216)) - No event handler registered for event TypedEvent{payloadType=DatanodeDetails, name='Datanode_Command_Queue_Updated'}
2022-12-06 15:45:54,353 [EventQueue-CommandQueueReportForCommandQueueReportHandler] WARN  events.EventQueue (EventQueue.java:fireEvent(216)) - No event handler registered for event TypedEvent{payloadType=DatanodeDetails, name='Datanode_Command_Queue_Updated'}
2022-12-06 15:45:54,397 [EventQueue-CommandQueueReportForCommandQueueReportHandler] WARN  events.EventQueue (EventQueue.java:fireEvent(216)) - No event handler registered for event TypedEvent{payloadType=DatanodeDetails, name='Datanode_Command_Queue_Updated'}
2022-12-06 15:45:54,412 [EventQueue-CommandQueueReportForCommandQueueReportHandler] WARN  events.EventQueue (EventQueue.java:fireEvent(216)) - No event handler registered for event TypedEvent{payloadType=DatanodeDetails, name='Datanode_Command_Queue_Updated'}
2022-12-06 15:45:54,415 [EventQueue-CommandQueueReportForCommandQueueReportHandler] WARN  events.EventQueue (EventQueue.java:fireEvent(216)) - No event handler registered for event TypedEvent{payloadType=DatanodeDetails, name='Datanode_Command_Queue_Updated'}
2022-12-06 15:45:54,460 [EventQueue-CommandQueueReportForCommandQueueReportHandler] WARN  events.EventQueue (EventQueue.java:fireEvent(216)) - No event handler registered for event TypedEvent{payloadType=DatanodeDetails, name='Datanode_Command_Queue_Updated'}
2022-12-06 15:45:54,638 [EventQueue-CommandQueueReportForCommandQueueReportHandler] WARN  events.EventQueue (EventQueue.java:fireEvent(216)) - No event handler registered for event TypedEvent{payloadType=DatanodeDetails, name='Datanode_Command_Queue_Updated'}
2022-12-06 15:45:54,715 [EventQueue-CommandQueueReportForCommandQueueReportHandler] WARN  events.EventQueue (EventQueue.java:fireEvent(216)) - No event handler registered for event TypedEvent{payloadType=DatanodeDetails, name='Datanode_Command_Queue_Updated'}
2022-12-06 15:45:55,172 [EventQueue-CommandQueueReportForCommandQueueReportHandler] WARN  events.EventQueue (EventQueue.java:fireEvent(216)) - No event handler registered for event TypedEvent{payloadType=DatanodeDetails, name='Datanode_Command_Queue_Updated'}
2022-12-06 15:45:55,294 [EventQueue-CommandQueueReportForCommandQueueReportHandler] WARN  events.EventQueue (EventQueue.java:fireEvent(216)) - No event handler registered for event TypedEvent{payloadType=DatanodeDetails, name='Datanode_Command_Queue_Updated'}
2022-12-06 15:45:55,353 [EventQueue-CommandQueueReportForCommandQueueReportHandler] WARN  events.EventQueue (EventQueue.java:fireEvent(216)) - No event handler registered for event TypedEvent{payloadType=DatanodeDetails, name='Datanode_Command_Queue_Updated'}
2022-12-06 15:45:55,397 [EventQueue-CommandQueueReportForCommandQueueReportHandler] WARN  events.EventQueue (EventQueue.java:fireEvent(216)) - No event handler registered for event TypedEvent{payloadType=DatanodeDetails, name='Datanode_Command_Queue_Updated'}
2022-12-06 15:45:55,412 [EventQueue-CommandQueueReportForCommandQueueReportHandler] WARN  events.EventQueue (EventQueue.java:fireEvent(216)) - No event handler registered for event TypedEvent{payloadType=DatanodeDetails, name='Datanode_Command_Queue_Updated'}
2022-12-06 15:45:55,416 [EventQueue-CommandQueueReportForCommandQueueReportHandler] WARN  events.EventQueue (EventQueue.java:fireEvent(216)) - No event handler registered for event TypedEvent{payloadType=DatanodeDetails, name='Datanode_Command_Queue_Updated'}
2022-12-06 15:45:55,460 [EventQueue-CommandQueueReportForCommandQueueReportHandler] WARN  events.EventQueue (EventQueue.java:fireEvent(216)) - No event handler registered for event TypedEvent{payloadType=DatanodeDetails, name='Datanode_Command_Queue_Updated'}
2022-12-06 15:45:55,637 [EventQueue-CommandQueueReportForCommandQueueReportHandler] WARN  events.EventQueue (EventQueue.java:fireEvent(216)) - No event handler registered for event TypedEvent{payloadType=DatanodeDetails, name='Datanode_Command_Queue_Updated'}
2022-12-06 15:45:55,714 [EventQueue-CommandQueueReportForCommandQueueReportHandler] WARN  events.EventQueue (EventQueue.java:fireEvent(216)) - No event handler registered for event TypedEvent{payloadType=DatanodeDetails, name='Datanode_Command_Queue_Updated'}
2022-12-06 15:45:56,172 [EventQueue-CommandQueueReportForCommandQueueReportHandler] WARN  events.EventQueue (EventQueue.java:fireEvent(216)) - No event handler registered for event TypedEvent{payloadType=DatanodeDetails, name='Datanode_Command_Queue_Updated'}
2022-12-06 15:45:56,295 [EventQueue-CommandQueueReportForCommandQueueReportHandler] WARN  events.EventQueue (EventQueue.java:fireEvent(216)) - No event handler registered for event TypedEvent{payloadType=DatanodeDetails, name='Datanode_Command_Queue_Updated'}
2022-12-06 15:45:56,352 [EventQueue-CommandQueueReportForCommandQueueReportHandler] WARN  events.EventQueue (EventQueue.java:fireEvent(216)) - No event handler registered for event TypedEvent{payloadType=DatanodeDetails, name='Datanode_Command_Queue_Updated'}
2022-12-06 15:45:56,397 [EventQueue-CommandQueueReportForCommandQueueReportHandler] WARN  events.EventQueue (EventQueue.java:fireEvent(216)) - No event handler registered for event TypedEvent{payloadType=DatanodeDetails, name='Datanode_Command_Queue_Updated'}
2022-12-06 15:45:56,412 [EventQueue-CommandQueueReportForCommandQueueReportHandler] WARN  events.EventQueue (EventQueue.java:fireEvent(216)) - No event handler registered for event TypedEvent{payloadType=DatanodeDetails, name='Datanode_Command_Queue_Updated'}
2022-12-06 15:45:56,414 [EventQueue-CommandQueueReportForCommandQueueReportHandler] WARN  events.EventQueue (EventQueue.java:fireEvent(216)) - No event handler registered for event TypedEvent{payloadType=DatanodeDetails, name='Datanode_Command_Queue_Updated'}
2022-12-06 15:45:56,460 [EventQueue-CommandQueueReportForCommandQueueReportHandler] WARN  events.EventQueue (EventQueue.java:fireEvent(216)) - No event handler registered for event TypedEvent{payloadType=DatanodeDetails, name='Datanode_Command_Queue_Updated'}
2022-12-06 15:45:56,637 [EventQueue-CommandQueueReportForCommandQueueReportHandler] WARN  events.EventQueue (EventQueue.java:fireEvent(216)) - No event handler registered for event TypedEvent{payloadType=DatanodeDetails, name='Datanode_Command_Queue_Updated'}
2022-12-06 15:45:56,714 [EventQueue-CommandQueueReportForCommandQueueReportHandler] WARN  events.EventQueue (EventQueue.java:fireEvent(216)) - No event handler registered for event TypedEvent{payloadType=DatanodeDetails, name='Datanode_Command_Queue_Updated'}
2022-12-06 15:45:57,172 [EventQueue-CommandQueueReportForCommandQueueReportHandler] WARN  events.EventQueue (EventQueue.java:fireEvent(216)) - No event handler registered for event TypedEvent{payloadType=DatanodeDetails, name='Datanode_Command_Queue_Updated'}
2022-12-06 15:45:57,296 [EventQueue-CommandQueueReportForCommandQueueReportHandler] WARN  events.EventQueue (EventQueue.java:fireEvent(216)) - No event handler registered for event TypedEvent{payloadType=DatanodeDetails, name='Datanode_Command_Queue_Updated'}
2022-12-06 15:45:57,352 [EventQueue-CommandQueueReportForCommandQueueReportHandler] WARN  events.EventQueue (EventQueue.java:fireEvent(216)) - No event handler registered for event TypedEvent{payloadType=DatanodeDetails, name='Datanode_Command_Queue_Updated'}
2022-12-06 15:45:57,397 [EventQueue-CommandQueueReportForCommandQueueReportHandler] WARN  events.EventQueue (EventQueue.java:fireEvent(216)) - No event handler registered for event TypedEvent{payloadType=DatanodeDetails, name='Datanode_Command_Queue_Updated'}
2022-12-06 15:45:57,412 [EventQueue-CommandQueueReportForCommandQueueReportHandler] WARN  events.EventQueue (EventQueue.java:fireEvent(216)) - No event handler registered for event TypedEvent{payloadType=DatanodeDetails, name='Datanode_Command_Queue_Updated'}
2022-12-06 15:45:57,415 [EventQueue-CommandQueueReportForCommandQueueReportHandler] WARN  events.EventQueue (EventQueue.java:fireEvent(216)) - No event handler registered for event TypedEvent{payloadType=DatanodeDetails, name='Datanode_Command_Queue_Updated'}
2022-12-06 15:45:57,459 [EventQueue-CommandQueueReportForCommandQueueReportHandler] WARN  events.EventQueue (EventQueue.java:fireEvent(216)) - No event handler registered for event TypedEvent{payloadType=DatanodeDetails, name='Datanode_Command_Queue_Updated'}
2022-12-06 15:45:57,637 [EventQueue-CommandQueueReportForCommandQueueReportHandler] WARN  events.EventQueue (EventQueue.java:fireEvent(216)) - No event handler registered for event TypedEvent{payloadType=DatanodeDetails, name='Datanode_Command_Queue_Updated'}
2022-12-06 15:45:57,715 [EventQueue-CommandQueueReportForCommandQueueReportHandler] WARN  events.EventQueue (EventQueue.java:fireEvent(216)) - No event handler registered for event TypedEvent{payloadType=DatanodeDetails, name='Datanode_Command_Queue_Updated'}
2022-12-06 15:45:58,172 [EventQueue-CommandQueueReportForCommandQueueReportHandler] WARN  events.EventQueue (EventQueue.java:fireEvent(216)) - No event handler registered for event TypedEvent{payloadType=DatanodeDetails, name='Datanode_Command_Queue_Updated'}
2022-12-06 15:45:58,298 [EventQueue-CommandQueueReportForCommandQueueReportHandler] WARN  events.EventQueue (EventQueue.java:fireEvent(216)) - No event handler registered for event TypedEvent{payloadType=DatanodeDetails, name='Datanode_Command_Queue_Updated'}
2022-12-06 15:45:58,352 [EventQueue-CommandQueueReportForCommandQueueReportHandler] WARN  events.EventQueue (EventQueue.java:fireEvent(216)) - No event handler registered for event TypedEvent{payloadType=DatanodeDetails, name='Datanode_Command_Queue_Updated'}
2022-12-06 15:45:58,397 [EventQueue-CommandQueueReportForCommandQueueReportHandler] WARN  events.EventQueue (EventQueue.java:fireEvent(216)) - No event handler registered for event TypedEvent{payloadType=DatanodeDetails, name='Datanode_Command_Queue_Updated'}
2022-12-06 15:45:58,412 [EventQueue-CommandQueueReportForCommandQueueReportHandler] WARN  events.EventQueue (EventQueue.java:fireEvent(216)) - No event handler registered for event TypedEvent{payloadType=DatanodeDetails, name='Datanode_Command_Queue_Updated'}
2022-12-06 15:45:58,415 [EventQueue-CommandQueueReportForCommandQueueReportHandler] WARN  events.EventQueue (EventQueue.java:fireEvent(216)) - No event handler registered for event TypedEvent{payloadType=DatanodeDetails, name='Datanode_Command_Queue_Updated'}
2022-12-06 15:45:58,460 [EventQueue-CommandQueueReportForCommandQueueReportHandler] WARN  events.EventQueue (EventQueue.java:fireEvent(216)) - No event handler registered for event TypedEvent{payloadType=DatanodeDetails, name='Datanode_Command_Queue_Updated'}
2022-12-06 15:45:58,637 [EventQueue-CommandQueueReportForCommandQueueReportHandler] WARN  events.EventQueue (EventQueue.java:fireEvent(216)) - No event handler registered for event TypedEvent{payloadType=DatanodeDetails, name='Datanode_Command_Queue_Updated'}
2022-12-06 15:45:58,714 [EventQueue-CommandQueueReportForCommandQueueReportHandler] WARN  events.EventQueue (EventQueue.java:fireEvent(216)) - No event handler registered for event TypedEvent{payloadType=DatanodeDetails, name='Datanode_Command_Queue_Updated'}
2022-12-06 15:45:59,172 [EventQueue-CommandQueueReportForCommandQueueReportHandler] WARN  events.EventQueue (EventQueue.java:fireEvent(216)) - No event handler registered for event TypedEvent{payloadType=DatanodeDetails, name='Datanode_Command_Queue_Updated'}
2022-12-06 15:45:59,296 [EventQueue-CommandQueueReportForCommandQueueReportHandler] WARN  events.EventQueue (EventQueue.java:fireEvent(216)) - No event handler registered for event TypedEvent{payloadType=DatanodeDetails, name='Datanode_Command_Queue_Updated'}
2022-12-06 15:45:59,352 [EventQueue-CommandQueueReportForCommandQueueReportHandler] WARN  events.EventQueue (EventQueue.java:fireEvent(216)) - No event handler registered for event TypedEvent{payloadType=DatanodeDetails, name='Datanode_Command_Queue_Updated'}
2022-12-06 15:45:59,397 [EventQueue-CommandQueueReportForCommandQueueReportHandler] WARN  events.EventQueue (EventQueue.java:fireEvent(216)) - No event handler registered for event TypedEvent{payloadType=DatanodeDetails, name='Datanode_Command_Queue_Updated'}
2022-12-06 15:45:59,411 [EventQueue-CommandQueueReportForCommandQueueReportHandler] WARN  events.EventQueue (EventQueue.java:fireEvent(216)) - No event handler registered for event TypedEvent{payloadType=DatanodeDetails, name='Datanode_Command_Queue_Updated'}
2022-12-06 15:45:59,415 [EventQueue-CommandQueueReportForCommandQueueReportHandler] WARN  events.EventQueue (EventQueue.java:fireEvent(216)) - No event handler registered for event TypedEvent{payloadType=DatanodeDetails, name='Datanode_Command_Queue_Updated'}
2022-12-06 15:45:59,460 [EventQueue-CommandQueueReportForCommandQueueReportHandler] WARN  events.EventQueue (EventQueue.java:fireEvent(216)) - No event handler registered for event TypedEvent{payloadType=DatanodeDetails, name='Datanode_Command_Queue_Updated'}
2022-12-06 15:45:59,637 [EventQueue-CommandQueueReportForCommandQueueReportHandler] WARN  events.EventQueue (EventQueue.java:fireEvent(216)) - No event handler registered for event TypedEvent{payloadType=DatanodeDetails, name='Datanode_Command_Queue_Updated'}
2022-12-06 15:45:59,715 [EventQueue-CommandQueueReportForCommandQueueReportHandler] WARN  events.EventQueue (EventQueue.java:fireEvent(216)) - No event handler registered for event TypedEvent{payloadType=DatanodeDetails, name='Datanode_Command_Queue_Updated'}
2022-12-06 15:46:00,173 [EventQueue-CommandQueueReportForCommandQueueReportHandler] WARN  events.EventQueue (EventQueue.java:fireEvent(216)) - No event handler registered for event TypedEvent{payloadType=DatanodeDetails, name='Datanode_Command_Queue_Updated'}
2022-12-06 15:46:00,297 [EventQueue-CommandQueueReportForCommandQueueReportHandler] WARN  events.EventQueue (EventQueue.java:fireEvent(216)) - No event handler registered for event TypedEvent{payloadType=DatanodeDetails, name='Datanode_Command_Queue_Updated'}
2022-12-06 15:46:00,352 [EventQueue-CommandQueueReportForCommandQueueReportHandler] WARN  events.EventQueue (EventQueue.java:fireEvent(216)) - No event handler registered for event TypedEvent{payloadType=DatanodeDetails, name='Datanode_Command_Queue_Updated'}
2022-12-06 15:46:00,396 [EventQueue-CommandQueueReportForCommandQueueReportHandler] WARN  events.EventQueue (EventQueue.java:fireEvent(216)) - No event handler registered for event TypedEvent{payloadType=DatanodeDetails, name='Datanode_Command_Queue_Updated'}
2022-12-06 15:46:00,412 [EventQueue-CommandQueueReportForCommandQueueReportHandler] WARN  events.EventQueue (EventQueue.java:fireEvent(216)) - No event handler registered for event TypedEvent{payloadType=DatanodeDetails, name='Datanode_Command_Queue_Updated'}
2022-12-06 15:46:00,415 [EventQueue-CommandQueueReportForCommandQueueReportHandler] WARN  events.EventQueue (EventQueue.java:fireEvent(216)) - No event handler registered for event TypedEvent{payloadType=DatanodeDetails, name='Datanode_Command_Queue_Updated'}
2022-12-06 15:46:00,460 [EventQueue-CommandQueueReportForCommandQueueReportHandler] WARN  events.EventQueue (EventQueue.java:fireEvent(216)) - No event handler registered for event TypedEvent{payloadType=DatanodeDetails, name='Datanode_Command_Queue_Updated'}
2022-12-06 15:46:00,637 [EventQueue-CommandQueueReportForCommandQueueReportHandler] WARN  events.EventQueue (EventQueue.java:fireEvent(216)) - No event handler registered for event TypedEvent{payloadType=DatanodeDetails, name='Datanode_Command_Queue_Updated'}
2022-12-06 15:46:00,715 [EventQueue-CommandQueueReportForCommandQueueReportHandler] WARN  events.EventQueue (EventQueue.java:fireEvent(216)) - No event handler registered for event TypedEvent{payloadType=DatanodeDetails, name='Datanode_Command_Queue_Updated'}
2022-12-06 15:46:01,172 [EventQueue-CommandQueueReportForCommandQueueReportHandler] WARN  events.EventQueue (EventQueue.java:fireEvent(216)) - No event handler registered for event TypedEvent{payloadType=DatanodeDetails, name='Datanode_Command_Queue_Updated'}
2022-12-06 15:46:01,297 [EventQueue-CommandQueueReportForCommandQueueReportHandler] WARN  events.EventQueue (EventQueue.java:fireEvent(216)) - No event handler registered for event TypedEvent{payloadType=DatanodeDetails, name='Datanode_Command_Queue_Updated'}
2022-12-06 15:46:01,352 [EventQueue-CommandQueueReportForCommandQueueReportHandler] WARN  events.EventQueue (EventQueue.java:fireEvent(216)) - No event handler registered for event TypedEvent{payloadType=DatanodeDetails, name='Datanode_Command_Queue_Updated'}
2022-12-06 15:46:01,397 [EventQueue-CommandQueueReportForCommandQueueReportHandler] WARN  events.EventQueue (EventQueue.java:fireEvent(216)) - No event handler registered for event TypedEvent{payloadType=DatanodeDetails, name='Datanode_Command_Queue_Updated'}
2022-12-06 15:46:01,411 [EventQueue-CommandQueueReportForCommandQueueReportHandler] WARN  events.EventQueue (EventQueue.java:fireEvent(216)) - No event handler registered for event TypedEvent{payloadType=DatanodeDetails, name='Datanode_Command_Queue_Updated'}
2022-12-06 15:46:01,414 [EventQueue-CommandQueueReportForCommandQueueReportHandler] WARN  events.EventQueue (EventQueue.java:fireEvent(216)) - No event handler registered for event TypedEvent{payloadType=DatanodeDetails, name='Datanode_Command_Queue_Updated'}
2022-12-06 15:46:01,460 [EventQueue-CommandQueueReportForCommandQueueReportHandler] WARN  events.EventQueue (EventQueue.java:fireEvent(216)) - No event handler registered for event TypedEvent{payloadType=DatanodeDetails, name='Datanode_Command_Queue_Updated'}
2022-12-06 15:46:01,637 [EventQueue-CommandQueueReportForCommandQueueReportHandler] WARN  events.EventQueue (EventQueue.java:fireEvent(216)) - No event handler registered for event TypedEvent{payloadType=DatanodeDetails, name='Datanode_Command_Queue_Updated'}
2022-12-06 15:46:01,715 [EventQueue-CommandQueueReportForCommandQueueReportHandler] WARN  events.EventQueue (EventQueue.java:fireEvent(216)) - No event handler registered for event TypedEvent{payloadType=DatanodeDetails, name='Datanode_Command_Queue_Updated'}
2022-12-06 15:46:02,174 [EventQueue-CommandQueueReportForCommandQueueReportHandler] WARN  events.EventQueue (EventQueue.java:fireEvent(216)) - No event handler registered for event TypedEvent{payloadType=DatanodeDetails, name='Datanode_Command_Queue_Updated'}
2022-12-06 15:46:02,297 [EventQueue-CommandQueueReportForCommandQueueReportHandler] WARN  events.EventQueue (EventQueue.java:fireEvent(216)) - No event handler registered for event TypedEvent{payloadType=DatanodeDetails, name='Datanode_Command_Queue_Updated'}
2022-12-06 15:46:02,352 [EventQueue-CommandQueueReportForCommandQueueReportHandler] WARN  events.EventQueue (EventQueue.java:fireEvent(216)) - No event handler registered for event TypedEvent{payloadType=DatanodeDetails, name='Datanode_Command_Queue_Updated'}
2022-12-06 15:46:02,398 [EventQueue-CommandQueueReportForCommandQueueReportHandler] WARN  events.EventQueue (EventQueue.java:fireEvent(216)) - No event handler registered for event TypedEvent{payloadType=DatanodeDetails, name='Datanode_Command_Queue_Updated'}
2022-12-06 15:46:02,415 [EventQueue-CommandQueueReportForCommandQueueReportHandler] WARN  events.EventQueue (EventQueue.java:fireEvent(216)) - No event handler registered for event TypedEvent{payloadType=DatanodeDetails, name='Datanode_Command_Queue_Updated'}
2022-12-06 15:46:02,418 [EventQueue-CommandQueueReportForCommandQueueReportHandler] WARN  events.EventQueue (EventQueue.java:fireEvent(216)) - No event handler registered for event TypedEvent{payloadType=DatanodeDetails, name='Datanode_Command_Queue_Updated'}
2022-12-06 15:46:02,460 [EventQueue-CommandQueueReportForCommandQueueReportHandler] WARN  events.EventQueue (EventQueue.java:fireEvent(216)) - No event handler registered for event TypedEvent{payloadType=DatanodeDetails, name='Datanode_Command_Queue_Updated'}
2022-12-06 15:46:02,637 [EventQueue-CommandQueueReportForCommandQueueReportHandler] WARN  events.EventQueue (EventQueue.java:fireEvent(216)) - No event handler registered for event TypedEvent{payloadType=DatanodeDetails, name='Datanode_Command_Queue_Updated'}
2022-12-06 15:46:02,715 [EventQueue-CommandQueueReportForCommandQueueReportHandler] WARN  events.EventQueue (EventQueue.java:fireEvent(216)) - No event handler registered for event TypedEvent{payloadType=DatanodeDetails, name='Datanode_Command_Queue_Updated'}
2022-12-06 15:46:03,174 [EventQueue-CommandQueueReportForCommandQueueReportHandler] WARN  events.EventQueue (EventQueue.java:fireEvent(216)) - No event handler registered for event TypedEvent{payloadType=DatanodeDetails, name='Datanode_Command_Queue_Updated'}
2022-12-06 15:46:03,297 [EventQueue-CommandQueueReportForCommandQueueReportHandler] WARN  events.EventQueue (EventQueue.java:fireEvent(216)) - No event handler registered for event TypedEvent{payloadType=DatanodeDetails, name='Datanode_Command_Queue_Updated'}
2022-12-06 15:46:03,352 [EventQueue-CommandQueueReportForCommandQueueReportHandler] WARN  events.EventQueue (EventQueue.java:fireEvent(216)) - No event handler registered for event TypedEvent{payloadType=DatanodeDetails, name='Datanode_Command_Queue_Updated'}
2022-12-06 15:46:03,397 [EventQueue-CommandQueueReportForCommandQueueReportHandler] WARN  events.EventQueue (EventQueue.java:fireEvent(216)) - No event handler registered for event TypedEvent{payloadType=DatanodeDetails, name='Datanode_Command_Queue_Updated'}
2022-12-06 15:46:03,412 [EventQueue-CommandQueueReportForCommandQueueReportHandler] WARN  events.EventQueue (EventQueue.java:fireEvent(216)) - No event handler registered for event TypedEvent{payloadType=DatanodeDetails, name='Datanode_Command_Queue_Updated'}
2022-12-06 15:46:03,415 [EventQueue-CommandQueueReportForCommandQueueReportHandler] WARN  events.EventQueue (EventQueue.java:fireEvent(216)) - No event handler registered for event TypedEvent{payloadType=DatanodeDetails, name='Datanode_Command_Queue_Updated'}
2022-12-06 15:46:03,460 [EventQueue-CommandQueueReportForCommandQueueReportHandler] WARN  events.EventQueue (EventQueue.java:fireEvent(216)) - No event handler registered for event TypedEvent{payloadType=DatanodeDetails, name='Datanode_Command_Queue_Updated'}
2022-12-06 15:46:03,637 [EventQueue-CommandQueueReportForCommandQueueReportHandler] WARN  events.EventQueue (EventQueue.java:fireEvent(216)) - No event handler registered for event TypedEvent{payloadType=DatanodeDetails, name='Datanode_Command_Queue_Updated'}
2022-12-06 15:46:03,715 [EventQueue-CommandQueueReportForCommandQueueReportHandler] WARN  events.EventQueue (EventQueue.java:fireEvent(216)) - No event handler registered for event TypedEvent{payloadType=DatanodeDetails, name='Datanode_Command_Queue_Updated'}
2022-12-06 15:46:04,174 [EventQueue-CommandQueueReportForCommandQueueReportHandler] WARN  events.EventQueue (EventQueue.java:fireEvent(216)) - No event handler registered for event TypedEvent{payloadType=DatanodeDetails, name='Datanode_Command_Queue_Updated'}
2022-12-06 15:46:04,296 [EventQueue-CommandQueueReportForCommandQueueReportHandler] WARN  events.EventQueue (EventQueue.java:fireEvent(216)) - No event handler registered for event TypedEvent{payloadType=DatanodeDetails, name='Datanode_Command_Queue_Updated'}
2022-12-06 15:46:04,352 [EventQueue-CommandQueueReportForCommandQueueReportHandler] WARN  events.EventQueue (EventQueue.java:fireEvent(216)) - No event handler registered for event TypedEvent{payloadType=DatanodeDetails, name='Datanode_Command_Queue_Updated'}
2022-12-06 15:46:04,397 [EventQueue-CommandQueueReportForCommandQueueReportHandler] WARN  events.EventQueue (EventQueue.java:fireEvent(216)) - No event handler registered for event TypedEvent{payloadType=DatanodeDetails, name='Datanode_Command_Queue_Updated'}
2022-12-06 15:46:04,412 [EventQueue-CommandQueueReportForCommandQueueReportHandler] WARN  events.EventQueue (EventQueue.java:fireEvent(216)) - No event handler registered for event TypedEvent{payloadType=DatanodeDetails, name='Datanode_Command_Queue_Updated'}
2022-12-06 15:46:04,415 [EventQueue-CommandQueueReportForCommandQueueReportHandler] WARN  events.EventQueue (EventQueue.java:fireEvent(216)) - No event handler registered for event TypedEvent{payloadType=DatanodeDetails, name='Datanode_Command_Queue_Updated'}
2022-12-06 15:46:04,460 [EventQueue-CommandQueueReportForCommandQueueReportHandler] WARN  events.EventQueue (EventQueue.java:fireEvent(216)) - No event handler registered for event TypedEvent{payloadType=DatanodeDetails, name='Datanode_Command_Queue_Updated'}
2022-12-06 15:46:04,637 [EventQueue-CommandQueueReportForCommandQueueReportHandler] WARN  events.EventQueue (EventQueue.java:fireEvent(216)) - No event handler registered for event TypedEvent{payloadType=DatanodeDetails, name='Datanode_Command_Queue_Updated'}
2022-12-06 15:46:04,714 [EventQueue-CommandQueueReportForCommandQueueReportHandler] WARN  events.EventQueue (EventQueue.java:fireEvent(216)) - No event handler registered for event TypedEvent{payloadType=DatanodeDetails, name='Datanode_Command_Queue_Updated'}
2022-12-06 15:46:05,174 [EventQueue-CommandQueueReportForCommandQueueReportHandler] WARN  events.EventQueue (EventQueue.java:fireEvent(216)) - No event handler registered for event TypedEvent{payloadType=DatanodeDetails, name='Datanode_Command_Queue_Updated'}
2022-12-06 15:46:05,297 [EventQueue-CommandQueueReportForCommandQueueReportHandler] WARN  events.EventQueue (EventQueue.java:fireEvent(216)) - No event handler registered for event TypedEvent{payloadType=DatanodeDetails, name='Datanode_Command_Queue_Updated'}
2022-12-06 15:46:05,352 [EventQueue-CommandQueueReportForCommandQueueReportHandler] WARN  events.EventQueue (EventQueue.java:fireEvent(216)) - No event handler registered for event TypedEvent{payloadType=DatanodeDetails, name='Datanode_Command_Queue_Updated'}
2022-12-06 15:46:05,400 [EventQueue-CommandQueueReportForCommandQueueReportHandler] WARN  events.EventQueue (EventQueue.java:fireEvent(216)) - No event handler registered for event TypedEvent{payloadType=DatanodeDetails, name='Datanode_Command_Queue_Updated'}
2022-12-06 15:46:05,411 [EventQueue-CommandQueueReportForCommandQueueReportHandler] WARN  events.EventQueue (EventQueue.java:fireEvent(216)) - No event handler registered for event TypedEvent{payloadType=DatanodeDetails, name='Datanode_Command_Queue_Updated'}
2022-12-06 15:46:05,415 [EventQueue-CommandQueueReportForCommandQueueReportHandler] WARN  events.EventQueue (EventQueue.java:fireEvent(216)) - No event handler registered for event TypedEvent{payloadType=DatanodeDetails, name='Datanode_Command_Queue_Updated'}
2022-12-06 15:46:05,461 [EventQueue-CommandQueueReportForCommandQueueReportHandler] WARN  events.EventQueue (EventQueue.java:fireEvent(216)) - No event handler registered for event TypedEvent{payloadType=DatanodeDetails, name='Datanode_Command_Queue_Updated'}
2022-12-06 15:46:05,637 [EventQueue-CommandQueueReportForCommandQueueReportHandler] WARN  events.EventQueue (EventQueue.java:fireEvent(216)) - No event handler registered for event TypedEvent{payloadType=DatanodeDetails, name='Datanode_Command_Queue_Updated'}
2022-12-06 15:46:05,715 [EventQueue-CommandQueueReportForCommandQueueReportHandler] WARN  events.EventQueue (EventQueue.java:fireEvent(216)) - No event handler registered for event TypedEvent{payloadType=DatanodeDetails, name='Datanode_Command_Queue_Updated'}
2022-12-06 15:46:06,174 [EventQueue-CommandQueueReportForCommandQueueReportHandler] WARN  events.EventQueue (EventQueue.java:fireEvent(216)) - No event handler registered for event TypedEvent{payloadType=DatanodeDetails, name='Datanode_Command_Queue_Updated'}
2022-12-06 15:46:06,297 [EventQueue-CommandQueueReportForCommandQueueReportHandler] WARN  events.EventQueue (EventQueue.java:fireEvent(216)) - No event handler registered for event TypedEvent{payloadType=DatanodeDetails, name='Datanode_Command_Queue_Updated'}
2022-12-06 15:46:06,352 [EventQueue-CommandQueueReportForCommandQueueReportHandler] WARN  events.EventQueue (EventQueue.java:fireEvent(216)) - No event handler registered for event TypedEvent{payloadType=DatanodeDetails, name='Datanode_Command_Queue_Updated'}
2022-12-06 15:46:06,400 [EventQueue-CommandQueueReportForCommandQueueReportHandler] WARN  events.EventQueue (EventQueue.java:fireEvent(216)) - No event handler registered for event TypedEvent{payloadType=DatanodeDetails, name='Datanode_Command_Queue_Updated'}
2022-12-06 15:46:06,411 [EventQueue-CommandQueueReportForCommandQueueReportHandler] WARN  events.EventQueue (EventQueue.java:fireEvent(216)) - No event handler registered for event TypedEvent{payloadType=DatanodeDetails, name='Datanode_Command_Queue_Updated'}
2022-12-06 15:46:06,415 [EventQueue-CommandQueueReportForCommandQueueReportHandler] WARN  events.EventQueue (EventQueue.java:fireEvent(216)) - No event handler registered for event TypedEvent{payloadType=DatanodeDetails, name='Datanode_Command_Queue_Updated'}
2022-12-06 15:46:06,461 [EventQueue-CommandQueueReportForCommandQueueReportHandler] WARN  events.EventQueue (EventQueue.java:fireEvent(216)) - No event handler registered for event TypedEvent{payloadType=DatanodeDetails, name='Datanode_Command_Queue_Updated'}
2022-12-06 15:46:06,637 [EventQueue-CommandQueueReportForCommandQueueReportHandler] WARN  events.EventQueue (EventQueue.java:fireEvent(216)) - No event handler registered for event TypedEvent{payloadType=DatanodeDetails, name='Datanode_Command_Queue_Updated'}
2022-12-06 15:46:06,715 [EventQueue-CommandQueueReportForCommandQueueReportHandler] WARN  events.EventQueue (EventQueue.java:fireEvent(216)) - No event handler registered for event TypedEvent{payloadType=DatanodeDetails, name='Datanode_Command_Queue_Updated'}
2022-12-06 15:46:07,174 [EventQueue-CommandQueueReportForCommandQueueReportHandler] WARN  events.EventQueue (EventQueue.java:fireEvent(216)) - No event handler registered for event TypedEvent{payloadType=DatanodeDetails, name='Datanode_Command_Queue_Updated'}
2022-12-06 15:46:07,297 [EventQueue-CommandQueueReportForCommandQueueReportHandler] WARN  events.EventQueue (EventQueue.java:fireEvent(216)) - No event handler registered for event TypedEvent{payloadType=DatanodeDetails, name='Datanode_Command_Queue_Updated'}
2022-12-06 15:46:07,352 [EventQueue-CommandQueueReportForCommandQueueReportHandler] WARN  events.EventQueue (EventQueue.java:fireEvent(216)) - No event handler registered for event TypedEvent{payloadType=DatanodeDetails, name='Datanode_Command_Queue_Updated'}
2022-12-06 15:46:07,400 [EventQueue-CommandQueueReportForCommandQueueReportHandler] WARN  events.EventQueue (EventQueue.java:fireEvent(216)) - No event handler registered for event TypedEvent{payloadType=DatanodeDetails, name='Datanode_Command_Queue_Updated'}
2022-12-06 15:46:07,412 [EventQueue-CommandQueueReportForCommandQueueReportHandler] WARN  events.EventQueue (EventQueue.java:fireEvent(216)) - No event handler registered for event TypedEvent{payloadType=DatanodeDetails, name='Datanode_Command_Queue_Updated'}
2022-12-06 15:46:07,415 [EventQueue-CommandQueueReportForCommandQueueReportHandler] WARN  events.EventQueue (EventQueue.java:fireEvent(216)) - No event handler registered for event TypedEvent{payloadType=DatanodeDetails, name='Datanode_Command_Queue_Updated'}
2022-12-06 15:46:07,461 [EventQueue-CommandQueueReportForCommandQueueReportHandler] WARN  events.EventQueue (EventQueue.java:fireEvent(216)) - No event handler registered for event TypedEvent{payloadType=DatanodeDetails, name='Datanode_Command_Queue_Updated'}
2022-12-06 15:46:07,638 [EventQueue-CommandQueueReportForCommandQueueReportHandler] WARN  events.EventQueue (EventQueue.java:fireEvent(216)) - No event handler registered for event TypedEvent{payloadType=DatanodeDetails, name='Datanode_Command_Queue_Updated'}
2022-12-06 15:46:07,715 [EventQueue-CommandQueueReportForCommandQueueReportHandler] WARN  events.EventQueue (EventQueue.java:fireEvent(216)) - No event handler registered for event TypedEvent{payloadType=DatanodeDetails, name='Datanode_Command_Queue_Updated'}
2022-12-06 15:46:08,174 [EventQueue-CommandQueueReportForCommandQueueReportHandler] WARN  events.EventQueue (EventQueue.java:fireEvent(216)) - No event handler registered for event TypedEvent{payloadType=DatanodeDetails, name='Datanode_Command_Queue_Updated'}
2022-12-06 15:46:08,297 [EventQueue-CommandQueueReportForCommandQueueReportHandler] WARN  events.EventQueue (EventQueue.java:fireEvent(216)) - No event handler registered for event TypedEvent{payloadType=DatanodeDetails, name='Datanode_Command_Queue_Updated'}
2022-12-06 15:46:08,352 [EventQueue-CommandQueueReportForCommandQueueReportHandler] WARN  events.EventQueue (EventQueue.java:fireEvent(216)) - No event handler registered for event TypedEvent{payloadType=DatanodeDetails, name='Datanode_Command_Queue_Updated'}
2022-12-06 15:46:08,400 [EventQueue-CommandQueueReportForCommandQueueReportHandler] WARN  events.EventQueue (EventQueue.java:fireEvent(216)) - No event handler registered for event TypedEvent{payloadType=DatanodeDetails, name='Datanode_Command_Queue_Updated'}
2022-12-06 15:46:08,412 [EventQueue-CommandQueueReportForCommandQueueReportHandler] WARN  events.EventQueue (EventQueue.java:fireEvent(216)) - No event handler registered for event TypedEvent{payloadType=DatanodeDetails, name='Datanode_Command_Queue_Updated'}
2022-12-06 15:46:08,416 [EventQueue-CommandQueueReportForCommandQueueReportHandler] WARN  events.EventQueue (EventQueue.java:fireEvent(216)) - No event handler registered for event TypedEvent{payloadType=DatanodeDetails, name='Datanode_Command_Queue_Updated'}
2022-12-06 15:46:08,461 [EventQueue-CommandQueueReportForCommandQueueReportHandler] WARN  events.EventQueue (EventQueue.java:fireEvent(216)) - No event handler registered for event TypedEvent{payloadType=DatanodeDetails, name='Datanode_Command_Queue_Updated'}
2022-12-06 15:46:08,638 [EventQueue-CommandQueueReportForCommandQueueReportHandler] WARN  events.EventQueue (EventQueue.java:fireEvent(216)) - No event handler registered for event TypedEvent{payloadType=DatanodeDetails, name='Datanode_Command_Queue_Updated'}
2022-12-06 15:46:08,715 [EventQueue-CommandQueueReportForCommandQueueReportHandler] WARN  events.EventQueue (EventQueue.java:fireEvent(216)) - No event handler registered for event TypedEvent{payloadType=DatanodeDetails, name='Datanode_Command_Queue_Updated'}
2022-12-06 15:46:09,174 [EventQueue-CommandQueueReportForCommandQueueReportHandler] WARN  events.EventQueue (EventQueue.java:fireEvent(216)) - No event handler registered for event TypedEvent{payloadType=DatanodeDetails, name='Datanode_Command_Queue_Updated'}
2022-12-06 15:46:09,298 [EventQueue-CommandQueueReportForCommandQueueReportHandler] WARN  events.EventQueue (EventQueue.java:fireEvent(216)) - No event handler registered for event TypedEvent{payloadType=DatanodeDetails, name='Datanode_Command_Queue_Updated'}
2022-12-06 15:46:09,352 [EventQueue-CommandQueueReportForCommandQueueReportHandler] WARN  events.EventQueue (EventQueue.java:fireEvent(216)) - No event handler registered for event TypedEvent{payloadType=DatanodeDetails, name='Datanode_Command_Queue_Updated'}
2022-12-06 15:46:09,400 [EventQueue-CommandQueueReportForCommandQueueReportHandler] WARN  events.EventQueue (EventQueue.java:fireEvent(216)) - No event handler registered for event TypedEvent{payloadType=DatanodeDetails, name='Datanode_Command_Queue_Updated'}
2022-12-06 15:46:09,411 [EventQueue-CommandQueueReportForCommandQueueReportHandler] WARN  events.EventQueue (EventQueue.java:fireEvent(216)) - No event handler registered for event TypedEvent{payloadType=DatanodeDetails, name='Datanode_Command_Queue_Updated'}
2022-12-06 15:46:09,415 [EventQueue-CommandQueueReportForCommandQueueReportHandler] WARN  events.EventQueue (EventQueue.java:fireEvent(216)) - No event handler registered for event TypedEvent{payloadType=DatanodeDetails, name='Datanode_Command_Queue_Updated'}
2022-12-06 15:46:09,461 [EventQueue-CommandQueueReportForCommandQueueReportHandler] WARN  events.EventQueue (EventQueue.java:fireEvent(216)) - No event handler registered for event TypedEvent{payloadType=DatanodeDetails, name='Datanode_Command_Queue_Updated'}
2022-12-06 15:46:09,638 [EventQueue-CommandQueueReportForCommandQueueReportHandler] WARN  events.EventQueue (EventQueue.java:fireEvent(216)) - No event handler registered for event TypedEvent{payloadType=DatanodeDetails, name='Datanode_Command_Queue_Updated'}
2022-12-06 15:46:09,715 [EventQueue-CommandQueueReportForCommandQueueReportHandler] WARN  events.EventQueue (EventQueue.java:fireEvent(216)) - No event handler registered for event TypedEvent{payloadType=DatanodeDetails, name='Datanode_Command_Queue_Updated'}
2022-12-06 15:46:10,174 [EventQueue-CommandQueueReportForCommandQueueReportHandler] WARN  events.EventQueue (EventQueue.java:fireEvent(216)) - No event handler registered for event TypedEvent{payloadType=DatanodeDetails, name='Datanode_Command_Queue_Updated'}
2022-12-06 15:46:10,298 [EventQueue-CommandQueueReportForCommandQueueReportHandler] WARN  events.EventQueue (EventQueue.java:fireEvent(216)) - No event handler registered for event TypedEvent{payloadType=DatanodeDetails, name='Datanode_Command_Queue_Updated'}
2022-12-06 15:46:10,352 [EventQueue-CommandQueueReportForCommandQueueReportHandler] WARN  events.EventQueue (EventQueue.java:fireEvent(216)) - No event handler registered for event TypedEvent{payloadType=DatanodeDetails, name='Datanode_Command_Queue_Updated'}
2022-12-06 15:46:10,400 [EventQueue-CommandQueueReportForCommandQueueReportHandler] WARN  events.EventQueue (EventQueue.java:fireEvent(216)) - No event handler registered for event TypedEvent{payloadType=DatanodeDetails, name='Datanode_Command_Queue_Updated'}
2022-12-06 15:46:10,411 [EventQueue-CommandQueueReportForCommandQueueReportHandler] WARN  events.EventQueue (EventQueue.java:fireEvent(216)) - No event handler registered for event TypedEvent{payloadType=DatanodeDetails, name='Datanode_Command_Queue_Updated'}
2022-12-06 15:46:10,416 [EventQueue-CommandQueueReportForCommandQueueReportHandler] WARN  events.EventQueue (EventQueue.java:fireEvent(216)) - No event handler registered for event TypedEvent{payloadType=DatanodeDetails, name='Datanode_Command_Queue_Updated'}
2022-12-06 15:46:10,460 [EventQueue-CommandQueueReportForCommandQueueReportHandler] WARN  events.EventQueue (EventQueue.java:fireEvent(216)) - No event handler registered for event TypedEvent{payloadType=DatanodeDetails, name='Datanode_Command_Queue_Updated'}
2022-12-06 15:46:10,639 [EventQueue-CommandQueueReportForCommandQueueReportHandler] WARN  events.EventQueue (EventQueue.java:fireEvent(216)) - No event handler registered for event TypedEvent{payloadType=DatanodeDetails, name='Datanode_Command_Queue_Updated'}
2022-12-06 15:46:10,715 [EventQueue-CommandQueueReportForCommandQueueReportHandler] WARN  events.EventQueue (EventQueue.java:fireEvent(216)) - No event handler registered for event TypedEvent{payloadType=DatanodeDetails, name='Datanode_Command_Queue_Updated'}
2022-12-06 15:46:11,175 [EventQueue-CommandQueueReportForCommandQueueReportHandler] WARN  events.EventQueue (EventQueue.java:fireEvent(216)) - No event handler registered for event TypedEvent{payloadType=DatanodeDetails, name='Datanode_Command_Queue_Updated'}
2022-12-06 15:46:11,298 [EventQueue-CommandQueueReportForCommandQueueReportHandler] WARN  events.EventQueue (EventQueue.java:fireEvent(216)) - No event handler registered for event TypedEvent{payloadType=DatanodeDetails, name='Datanode_Command_Queue_Updated'}
2022-12-06 15:46:11,352 [EventQueue-CommandQueueReportForCommandQueueReportHandler] WARN  events.EventQueue (EventQueue.java:fireEvent(216)) - No event handler registered for event TypedEvent{payloadType=DatanodeDetails, name='Datanode_Command_Queue_Updated'}
2022-12-06 15:46:11,400 [EventQueue-CommandQueueReportForCommandQueueReportHandler] WARN  events.EventQueue (EventQueue.java:fireEvent(216)) - No event handler registered for event TypedEvent{payloadType=DatanodeDetails, name='Datanode_Command_Queue_Updated'}
2022-12-06 15:46:11,412 [EventQueue-CommandQueueReportForCommandQueueReportHandler] WARN  events.EventQueue (EventQueue.java:fireEvent(216)) - No event handler registered for event TypedEvent{payloadType=DatanodeDetails, name='Datanode_Command_Queue_Updated'}
2022-12-06 15:46:11,416 [EventQueue-CommandQueueReportForCommandQueueReportHandler] WARN  events.EventQueue (EventQueue.java:fireEvent(216)) - No event handler registered for event TypedEvent{payloadType=DatanodeDetails, name='Datanode_Command_Queue_Updated'}
2022-12-06 15:46:11,461 [EventQueue-CommandQueueReportForCommandQueueReportHandler] WARN  events.EventQueue (EventQueue.java:fireEvent(216)) - No event handler registered for event TypedEvent{payloadType=DatanodeDetails, name='Datanode_Command_Queue_Updated'}
2022-12-06 15:46:11,639 [EventQueue-CommandQueueReportForCommandQueueReportHandler] WARN  events.EventQueue (EventQueue.java:fireEvent(216)) - No event handler registered for event TypedEvent{payloadType=DatanodeDetails, name='Datanode_Command_Queue_Updated'}
2022-12-06 15:46:11,715 [EventQueue-CommandQueueReportForCommandQueueReportHandler] WARN  events.EventQueue (EventQueue.java:fireEvent(216)) - No event handler registered for event TypedEvent{payloadType=DatanodeDetails, name='Datanode_Command_Queue_Updated'}
2022-12-06 15:46:12,174 [EventQueue-CommandQueueReportForCommandQueueReportHandler] WARN  events.EventQueue (EventQueue.java:fireEvent(216)) - No event handler registered for event TypedEvent{payloadType=DatanodeDetails, name='Datanode_Command_Queue_Updated'}
2022-12-06 15:46:12,298 [EventQueue-CommandQueueReportForCommandQueueReportHandler] WARN  events.EventQueue (EventQueue.java:fireEvent(216)) - No event handler registered for event TypedEvent{payloadType=DatanodeDetails, name='Datanode_Command_Queue_Updated'}
2022-12-06 15:46:12,352 [EventQueue-CommandQueueReportForCommandQueueReportHandler] WARN  events.EventQueue (EventQueue.java:fireEvent(216)) - No event handler registered for event TypedEvent{payloadType=DatanodeDetails, name='Datanode_Command_Queue_Updated'}
2022-12-06 15:46:12,403 [EventQueue-CommandQueueReportForCommandQueueReportHandler] WARN  events.EventQueue (EventQueue.java:fireEvent(216)) - No event handler registered for event TypedEvent{payloadType=DatanodeDetails, name='Datanode_Command_Queue_Updated'}
2022-12-06 15:46:12,412 [EventQueue-CommandQueueReportForCommandQueueReportHandler] WARN  events.EventQueue (EventQueue.java:fireEvent(216)) - No event handler registered for event TypedEvent{payloadType=DatanodeDetails, name='Datanode_Command_Queue_Updated'}
2022-12-06 15:46:12,416 [EventQueue-CommandQueueReportForCommandQueueReportHandler] WARN  events.EventQueue (EventQueue.java:fireEvent(216)) - No event handler registered for event TypedEvent{payloadType=DatanodeDetails, name='Datanode_Command_Queue_Updated'}
2022-12-06 15:46:12,461 [EventQueue-CommandQueueReportForCommandQueueReportHandler] WARN  events.EventQueue (EventQueue.java:fireEvent(216)) - No event handler registered for event TypedEvent{payloadType=DatanodeDetails, name='Datanode_Command_Queue_Updated'}
2022-12-06 15:46:12,639 [EventQueue-CommandQueueReportForCommandQueueReportHandler] WARN  events.EventQueue (EventQueue.java:fireEvent(216)) - No event handler registered for event TypedEvent{payloadType=DatanodeDetails, name='Datanode_Command_Queue_Updated'}
2022-12-06 15:46:12,715 [EventQueue-CommandQueueReportForCommandQueueReportHandler] WARN  events.EventQueue (EventQueue.java:fireEvent(216)) - No event handler registered for event TypedEvent{payloadType=DatanodeDetails, name='Datanode_Command_Queue_Updated'}
2022-12-06 15:46:13,174 [EventQueue-CommandQueueReportForCommandQueueReportHandler] WARN  events.EventQueue (EventQueue.java:fireEvent(216)) - No event handler registered for event TypedEvent{payloadType=DatanodeDetails, name='Datanode_Command_Queue_Updated'}
2022-12-06 15:46:13,298 [EventQueue-CommandQueueReportForCommandQueueReportHandler] WARN  events.EventQueue (EventQueue.java:fireEvent(216)) - No event handler registered for event TypedEvent{payloadType=DatanodeDetails, name='Datanode_Command_Queue_Updated'}
2022-12-06 15:46:13,353 [EventQueue-CommandQueueReportForCommandQueueReportHandler] WARN  events.EventQueue (EventQueue.java:fireEvent(216)) - No event handler registered for event TypedEvent{payloadType=DatanodeDetails, name='Datanode_Command_Queue_Updated'}
2022-12-06 15:46:13,400 [EventQueue-CommandQueueReportForCommandQueueReportHandler] WARN  events.EventQueue (EventQueue.java:fireEvent(216)) - No event handler registered for event TypedEvent{payloadType=DatanodeDetails, name='Datanode_Command_Queue_Updated'}
2022-12-06 15:46:13,412 [EventQueue-CommandQueueReportForCommandQueueReportHandler] WARN  events.EventQueue (EventQueue.java:fireEvent(216)) - No event handler registered for event TypedEvent{payloadType=DatanodeDetails, name='Datanode_Command_Queue_Updated'}
2022-12-06 15:46:13,416 [EventQueue-CommandQueueReportForCommandQueueReportHandler] WARN  events.EventQueue (EventQueue.java:fireEvent(216)) - No event handler registered for event TypedEvent{payloadType=DatanodeDetails, name='Datanode_Command_Queue_Updated'}
2022-12-06 15:46:13,461 [EventQueue-CommandQueueReportForCommandQueueReportHandler] WARN  events.EventQueue (EventQueue.java:fireEvent(216)) - No event handler registered for event TypedEvent{payloadType=DatanodeDetails, name='Datanode_Command_Queue_Updated'}
2022-12-06 15:46:13,639 [EventQueue-CommandQueueReportForCommandQueueReportHandler] WARN  events.EventQueue (EventQueue.java:fireEvent(216)) - No event handler registered for event TypedEvent{payloadType=DatanodeDetails, name='Datanode_Command_Queue_Updated'}
2022-12-06 15:46:13,714 [EventQueue-CommandQueueReportForCommandQueueReportHandler] WARN  events.EventQueue (EventQueue.java:fireEvent(216)) - No event handler registered for event TypedEvent{payloadType=DatanodeDetails, name='Datanode_Command_Queue_Updated'}
2022-12-06 15:46:14,173 [EventQueue-CommandQueueReportForCommandQueueReportHandler] WARN  events.EventQueue (EventQueue.java:fireEvent(216)) - No event handler registered for event TypedEvent{payloadType=DatanodeDetails, name='Datanode_Command_Queue_Updated'}
2022-12-06 15:46:14,297 [EventQueue-CommandQueueReportForCommandQueueReportHandler] WARN  events.EventQueue (EventQueue.java:fireEvent(216)) - No event handler registered for event TypedEvent{payloadType=DatanodeDetails, name='Datanode_Command_Queue_Updated'}
2022-12-06 15:46:14,353 [EventQueue-CommandQueueReportForCommandQueueReportHandler] WARN  events.EventQueue (EventQueue.java:fireEvent(216)) - No event handler registered for event TypedEvent{payloadType=DatanodeDetails, name='Datanode_Command_Queue_Updated'}
2022-12-06 15:46:14,400 [EventQueue-CommandQueueReportForCommandQueueReportHandler] WARN  events.EventQueue (EventQueue.java:fireEvent(216)) - No event handler registered for event TypedEvent{payloadType=DatanodeDetails, name='Datanode_Command_Queue_Updated'}
2022-12-06 15:46:14,411 [EventQueue-CommandQueueReportForCommandQueueReportHandler] WARN  events.EventQueue (EventQueue.java:fireEvent(216)) - No event handler registered for event TypedEvent{payloadType=DatanodeDetails, name='Datanode_Command_Queue_Updated'}
2022-12-06 15:46:14,415 [EventQueue-CommandQueueReportForCommandQueueReportHandler] WARN  events.EventQueue (EventQueue.java:fireEvent(216)) - No event handler registered for event TypedEvent{payloadType=DatanodeDetails, name='Datanode_Command_Queue_Updated'}
2022-12-06 15:46:14,460 [EventQueue-CommandQueueReportForCommandQueueReportHandler] WARN  events.EventQueue (EventQueue.java:fireEvent(216)) - No event handler registered for event TypedEvent{payloadType=DatanodeDetails, name='Datanode_Command_Queue_Updated'}
2022-12-06 15:46:14,640 [EventQueue-CommandQueueReportForCommandQueueReportHandler] WARN  events.EventQueue (EventQueue.java:fireEvent(216)) - No event handler registered for event TypedEvent{payloadType=DatanodeDetails, name='Datanode_Command_Queue_Updated'}
2022-12-06 15:46:14,715 [EventQueue-CommandQueueReportForCommandQueueReportHandler] WARN  events.EventQueue (EventQueue.java:fireEvent(216)) - No event handler registered for event TypedEvent{payloadType=DatanodeDetails, name='Datanode_Command_Queue_Updated'}
2022-12-06 15:46:15,174 [EventQueue-CommandQueueReportForCommandQueueReportHandler] WARN  events.EventQueue (EventQueue.java:fireEvent(216)) - No event handler registered for event TypedEvent{payloadType=DatanodeDetails, name='Datanode_Command_Queue_Updated'}
2022-12-06 15:46:15,298 [EventQueue-CommandQueueReportForCommandQueueReportHandler] WARN  events.EventQueue (EventQueue.java:fireEvent(216)) - No event handler registered for event TypedEvent{payloadType=DatanodeDetails, name='Datanode_Command_Queue_Updated'}
2022-12-06 15:46:15,353 [EventQueue-CommandQueueReportForCommandQueueReportHandler] WARN  events.EventQueue (EventQueue.java:fireEvent(216)) - No event handler registered for event TypedEvent{payloadType=DatanodeDetails, name='Datanode_Command_Queue_Updated'}
2022-12-06 15:46:15,399 [EventQueue-CommandQueueReportForCommandQueueReportHandler] WARN  events.EventQueue (EventQueue.java:fireEvent(216)) - No event handler registered for event TypedEvent{payloadType=DatanodeDetails, name='Datanode_Command_Queue_Updated'}
2022-12-06 15:46:15,411 [EventQueue-CommandQueueReportForCommandQueueReportHandler] WARN  events.EventQueue (EventQueue.java:fireEvent(216)) - No event handler registered for event TypedEvent{payloadType=DatanodeDetails, name='Datanode_Command_Queue_Updated'}
2022-12-06 15:46:15,415 [EventQueue-CommandQueueReportForCommandQueueReportHandler] WARN  events.EventQueue (EventQueue.java:fireEvent(216)) - No event handler registered for event TypedEvent{payloadType=DatanodeDetails, name='Datanode_Command_Queue_Updated'}
2022-12-06 15:46:15,461 [EventQueue-CommandQueueReportForCommandQueueReportHandler] WARN  events.EventQueue (EventQueue.java:fireEvent(216)) - No event handler registered for event TypedEvent{payloadType=DatanodeDetails, name='Datanode_Command_Queue_Updated'}
2022-12-06 15:46:15,640 [EventQueue-CommandQueueReportForCommandQueueReportHandler] WARN  events.EventQueue (EventQueue.java:fireEvent(216)) - No event handler registered for event TypedEvent{payloadType=DatanodeDetails, name='Datanode_Command_Queue_Updated'}
2022-12-06 15:46:15,715 [EventQueue-CommandQueueReportForCommandQueueReportHandler] WARN  events.EventQueue (EventQueue.java:fireEvent(216)) - No event handler registered for event TypedEvent{payloadType=DatanodeDetails, name='Datanode_Command_Queue_Updated'}
2022-12-06 15:46:16,174 [EventQueue-CommandQueueReportForCommandQueueReportHandler] WARN  events.EventQueue (EventQueue.java:fireEvent(216)) - No event handler registered for event TypedEvent{payloadType=DatanodeDetails, name='Datanode_Command_Queue_Updated'}
2022-12-06 15:46:16,298 [EventQueue-CommandQueueReportForCommandQueueReportHandler] WARN  events.EventQueue (EventQueue.java:fireEvent(216)) - No event handler registered for event TypedEvent{payloadType=DatanodeDetails, name='Datanode_Command_Queue_Updated'}
2022-12-06 15:46:16,354 [EventQueue-CommandQueueReportForCommandQueueReportHandler] WARN  events.EventQueue (EventQueue.java:fireEvent(216)) - No event handler registered for event TypedEvent{payloadType=DatanodeDetails, name='Datanode_Command_Queue_Updated'}
2022-12-06 15:46:16,400 [EventQueue-CommandQueueReportForCommandQueueReportHandler] WARN  events.EventQueue (EventQueue.java:fireEvent(216)) - No event handler registered for event TypedEvent{payloadType=DatanodeDetails, name='Datanode_Command_Queue_Updated'}
2022-12-06 15:46:16,412 [EventQueue-CommandQueueReportForCommandQueueReportHandler] WARN  events.EventQueue (EventQueue.java:fireEvent(216)) - No event handler registered for event TypedEvent{payloadType=DatanodeDetails, name='Datanode_Command_Queue_Updated'}
2022-12-06 15:46:16,416 [EventQueue-CommandQueueReportForCommandQueueReportHandler] WARN  events.EventQueue (EventQueue.java:fireEvent(216)) - No event handler registered for event TypedEvent{payloadType=DatanodeDetails, name='Datanode_Command_Queue_Updated'}
2022-12-06 15:46:16,463 [EventQueue-CommandQueueReportForCommandQueueReportHandler] WARN  events.EventQueue (EventQueue.java:fireEvent(216)) - No event handler registered for event TypedEvent{payloadType=DatanodeDetails, name='Datanode_Command_Queue_Updated'}
2022-12-06 15:46:16,641 [EventQueue-CommandQueueReportForCommandQueueReportHandler] WARN  events.EventQueue (EventQueue.java:fireEvent(216)) - No event handler registered for event TypedEvent{payloadType=DatanodeDetails, name='Datanode_Command_Queue_Updated'}
2022-12-06 15:46:16,715 [EventQueue-CommandQueueReportForCommandQueueReportHandler] WARN  events.EventQueue (EventQueue.java:fireEvent(216)) - No event handler registered for event TypedEvent{payloadType=DatanodeDetails, name='Datanode_Command_Queue_Updated'}
2022-12-06 15:46:17,174 [EventQueue-CommandQueueReportForCommandQueueReportHandler] WARN  events.EventQueue (EventQueue.java:fireEvent(216)) - No event handler registered for event TypedEvent{payloadType=DatanodeDetails, name='Datanode_Command_Queue_Updated'}
2022-12-06 15:46:17,298 [EventQueue-CommandQueueReportForCommandQueueReportHandler] WARN  events.EventQueue (EventQueue.java:fireEvent(216)) - No event handler registered for event TypedEvent{payloadType=DatanodeDetails, name='Datanode_Command_Queue_Updated'}
2022-12-06 15:46:17,354 [EventQueue-CommandQueueReportForCommandQueueReportHandler] WARN  events.EventQueue (EventQueue.java:fireEvent(216)) - No event handler registered for event TypedEvent{payloadType=DatanodeDetails, name='Datanode_Command_Queue_Updated'}
2022-12-06 15:46:17,400 [EventQueue-CommandQueueReportForCommandQueueReportHandler] WARN  events.EventQueue (EventQueue.java:fireEvent(216)) - No event handler registered for event TypedEvent{payloadType=DatanodeDetails, name='Datanode_Command_Queue_Updated'}
2022-12-06 15:46:17,412 [EventQueue-CommandQueueReportForCommandQueueReportHandler] WARN  events.EventQueue (EventQueue.java:fireEvent(216)) - No event handler registered for event TypedEvent{payloadType=DatanodeDetails, name='Datanode_Command_Queue_Updated'}
2022-12-06 15:46:17,416 [EventQueue-CommandQueueReportForCommandQueueReportHandler] WARN  events.EventQueue (EventQueue.java:fireEvent(216)) - No event handler registered for event TypedEvent{payloadType=DatanodeDetails, name='Datanode_Command_Queue_Updated'}
2022-12-06 15:46:17,461 [EventQueue-CommandQueueReportForCommandQueueReportHandler] WARN  events.EventQueue (EventQueue.java:fireEvent(216)) - No event handler registered for event TypedEvent{payloadType=DatanodeDetails, name='Datanode_Command_Queue_Updated'}
2022-12-06 15:46:17,640 [EventQueue-CommandQueueReportForCommandQueueReportHandler] WARN  events.EventQueue (EventQueue.java:fireEvent(216)) - No event handler registered for event TypedEvent{payloadType=DatanodeDetails, name='Datanode_Command_Queue_Updated'}
2022-12-06 15:46:17,715 [EventQueue-CommandQueueReportForCommandQueueReportHandler] WARN  events.EventQueue (EventQueue.java:fireEvent(216)) - No event handler registered for event TypedEvent{payloadType=DatanodeDetails, name='Datanode_Command_Queue_Updated'}
2022-12-06 15:46:18,173 [EventQueue-CommandQueueReportForCommandQueueReportHandler] WARN  events.EventQueue (EventQueue.java:fireEvent(216)) - No event handler registered for event TypedEvent{payloadType=DatanodeDetails, name='Datanode_Command_Queue_Updated'}
2022-12-06 15:46:18,298 [EventQueue-CommandQueueReportForCommandQueueReportHandler] WARN  events.EventQueue (EventQueue.java:fireEvent(216)) - No event handler registered for event TypedEvent{payloadType=DatanodeDetails, name='Datanode_Command_Queue_Updated'}
2022-12-06 15:46:18,353 [EventQueue-CommandQueueReportForCommandQueueReportHandler] WARN  events.EventQueue (EventQueue.java:fireEvent(216)) - No event handler registered for event TypedEvent{payloadType=DatanodeDetails, name='Datanode_Command_Queue_Updated'}
2022-12-06 15:46:18,400 [EventQueue-CommandQueueReportForCommandQueueReportHandler] WARN  events.EventQueue (EventQueue.java:fireEvent(216)) - No event handler registered for event TypedEvent{payloadType=DatanodeDetails, name='Datanode_Command_Queue_Updated'}
2022-12-06 15:46:18,412 [EventQueue-CommandQueueReportForCommandQueueReportHandler] WARN  events.EventQueue (EventQueue.java:fireEvent(216)) - No event handler registered for event TypedEvent{payloadType=DatanodeDetails, name='Datanode_Command_Queue_Updated'}
2022-12-06 15:46:18,416 [EventQueue-CommandQueueReportForCommandQueueReportHandler] WARN  events.EventQueue (EventQueue.java:fireEvent(216)) - No event handler registered for event TypedEvent{payloadType=DatanodeDetails, name='Datanode_Command_Queue_Updated'}
2022-12-06 15:46:18,461 [EventQueue-CommandQueueReportForCommandQueueReportHandler] WARN  events.EventQueue (EventQueue.java:fireEvent(216)) - No event handler registered for event TypedEvent{payloadType=DatanodeDetails, name='Datanode_Command_Queue_Updated'}
2022-12-06 15:46:18,641 [EventQueue-CommandQueueReportForCommandQueueReportHandler] WARN  events.EventQueue (EventQueue.java:fireEvent(216)) - No event handler registered for event TypedEvent{payloadType=DatanodeDetails, name='Datanode_Command_Queue_Updated'}
2022-12-06 15:46:18,715 [EventQueue-CommandQueueReportForCommandQueueReportHandler] WARN  events.EventQueue (EventQueue.java:fireEvent(216)) - No event handler registered for event TypedEvent{payloadType=DatanodeDetails, name='Datanode_Command_Queue_Updated'}
2022-12-06 15:46:19,174 [EventQueue-CommandQueueReportForCommandQueueReportHandler] WARN  events.EventQueue (EventQueue.java:fireEvent(216)) - No event handler registered for event TypedEvent{payloadType=DatanodeDetails, name='Datanode_Command_Queue_Updated'}
2022-12-06 15:46:19,297 [EventQueue-CommandQueueReportForCommandQueueReportHandler] WARN  events.EventQueue (EventQueue.java:fireEvent(216)) - No event handler registered for event TypedEvent{payloadType=DatanodeDetails, name='Datanode_Command_Queue_Updated'}
2022-12-06 15:46:19,354 [EventQueue-CommandQueueReportForCommandQueueReportHandler] WARN  events.EventQueue (EventQueue.java:fireEvent(216)) - No event handler registered for event TypedEvent{payloadType=DatanodeDetails, name='Datanode_Command_Queue_Updated'}
2022-12-06 15:46:19,401 [EventQueue-CommandQueueReportForCommandQueueReportHandler] WARN  events.EventQueue (EventQueue.java:fireEvent(216)) - No event handler registered for event TypedEvent{payloadType=DatanodeDetails, name='Datanode_Command_Queue_Updated'}
2022-12-06 15:46:19,412 [EventQueue-CommandQueueReportForCommandQueueReportHandler] WARN  events.EventQueue (EventQueue.java:fireEvent(216)) - No event handler registered for event TypedEvent{payloadType=DatanodeDetails, name='Datanode_Command_Queue_Updated'}
2022-12-06 15:46:19,417 [EventQueue-CommandQueueReportForCommandQueueReportHandler] WARN  events.EventQueue (EventQueue.java:fireEvent(216)) - No event handler registered for event TypedEvent{payloadType=DatanodeDetails, name='Datanode_Command_Queue_Updated'}
2022-12-06 15:46:19,461 [EventQueue-CommandQueueReportForCommandQueueReportHandler] WARN  events.EventQueue (EventQueue.java:fireEvent(216)) - No event handler registered for event TypedEvent{payloadType=DatanodeDetails, name='Datanode_Command_Queue_Updated'}
2022-12-06 15:46:19,641 [EventQueue-CommandQueueReportForCommandQueueReportHandler] WARN  events.EventQueue (EventQueue.java:fireEvent(216)) - No event handler registered for event TypedEvent{payloadType=DatanodeDetails, name='Datanode_Command_Queue_Updated'}
2022-12-06 15:46:19,714 [EventQueue-CommandQueueReportForCommandQueueReportHandler] WARN  events.EventQueue (EventQueue.java:fireEvent(216)) - No event handler registered for event TypedEvent{payloadType=DatanodeDetails, name='Datanode_Command_Queue_Updated'}
2022-12-06 15:46:20,173 [EventQueue-CommandQueueReportForCommandQueueReportHandler] WARN  events.EventQueue (EventQueue.java:fireEvent(216)) - No event handler registered for event TypedEvent{payloadType=DatanodeDetails, name='Datanode_Command_Queue_Updated'}
2022-12-06 15:46:20,298 [EventQueue-CommandQueueReportForCommandQueueReportHandler] WARN  events.EventQueue (EventQueue.java:fireEvent(216)) - No event handler registered for event TypedEvent{payloadType=DatanodeDetails, name='Datanode_Command_Queue_Updated'}
2022-12-06 15:46:20,354 [EventQueue-CommandQueueReportForCommandQueueReportHandler] WARN  events.EventQueue (EventQueue.java:fireEvent(216)) - No event handler registered for event TypedEvent{payloadType=DatanodeDetails, name='Datanode_Command_Queue_Updated'}
2022-12-06 15:46:20,400 [EventQueue-CommandQueueReportForCommandQueueReportHandler] WARN  events.EventQueue (EventQueue.java:fireEvent(216)) - No event handler registered for event TypedEvent{payloadType=DatanodeDetails, name='Datanode_Command_Queue_Updated'}
2022-12-06 15:46:20,412 [EventQueue-CommandQueueReportForCommandQueueReportHandler] WARN  events.EventQueue (EventQueue.java:fireEvent(216)) - No event handler registered for event TypedEvent{payloadType=DatanodeDetails, name='Datanode_Command_Queue_Updated'}
2022-12-06 15:46:20,416 [EventQueue-CommandQueueReportForCommandQueueReportHandler] WARN  events.EventQueue (EventQueue.java:fireEvent(216)) - No event handler registered for event TypedEvent{payloadType=DatanodeDetails, name='Datanode_Command_Queue_Updated'}
2022-12-06 15:46:20,461 [EventQueue-CommandQueueReportForCommandQueueReportHandler] WARN  events.EventQueue (EventQueue.java:fireEvent(216)) - No event handler registered for event TypedEvent{payloadType=DatanodeDetails, name='Datanode_Command_Queue_Updated'}
2022-12-06 15:46:20,640 [EventQueue-CommandQueueReportForCommandQueueReportHandler] WARN  events.EventQueue (EventQueue.java:fireEvent(216)) - No event handler registered for event TypedEvent{payloadType=DatanodeDetails, name='Datanode_Command_Queue_Updated'}
2022-12-06 15:46:20,715 [EventQueue-CommandQueueReportForCommandQueueReportHandler] WARN  events.EventQueue (EventQueue.java:fireEvent(216)) - No event handler registered for event TypedEvent{payloadType=DatanodeDetails, name='Datanode_Command_Queue_Updated'}
2022-12-06 15:46:21,174 [EventQueue-CommandQueueReportForCommandQueueReportHandler] WARN  events.EventQueue (EventQueue.java:fireEvent(216)) - No event handler registered for event TypedEvent{payloadType=DatanodeDetails, name='Datanode_Command_Queue_Updated'}
2022-12-06 15:46:21,298 [EventQueue-CommandQueueReportForCommandQueueReportHandler] WARN  events.EventQueue (EventQueue.java:fireEvent(216)) - No event handler registered for event TypedEvent{payloadType=DatanodeDetails, name='Datanode_Command_Queue_Updated'}
2022-12-06 15:46:21,353 [EventQueue-CommandQueueReportForCommandQueueReportHandler] WARN  events.EventQueue (EventQueue.java:fireEvent(216)) - No event handler registered for event TypedEvent{payloadType=DatanodeDetails, name='Datanode_Command_Queue_Updated'}
2022-12-06 15:46:21,401 [EventQueue-CommandQueueReportForCommandQueueReportHandler] WARN  events.EventQueue (EventQueue.java:fireEvent(216)) - No event handler registered for event TypedEvent{payloadType=DatanodeDetails, name='Datanode_Command_Queue_Updated'}
2022-12-06 15:46:21,411 [EventQueue-CommandQueueReportForCommandQueueReportHandler] WARN  events.EventQueue (EventQueue.java:fireEvent(216)) - No event handler registered for event TypedEvent{payloadType=DatanodeDetails, name='Datanode_Command_Queue_Updated'}
2022-12-06 15:46:21,416 [EventQueue-CommandQueueReportForCommandQueueReportHandler] WARN  events.EventQueue (EventQueue.java:fireEvent(216)) - No event handler registered for event TypedEvent{payloadType=DatanodeDetails, name='Datanode_Command_Queue_Updated'}
2022-12-06 15:46:21,461 [EventQueue-CommandQueueReportForCommandQueueReportHandler] WARN  events.EventQueue (EventQueue.java:fireEvent(216)) - No event handler registered for event TypedEvent{payloadType=DatanodeDetails, name='Datanode_Command_Queue_Updated'}
2022-12-06 15:46:21,641 [EventQueue-CommandQueueReportForCommandQueueReportHandler] WARN  events.EventQueue (EventQueue.java:fireEvent(216)) - No event handler registered for event TypedEvent{payloadType=DatanodeDetails, name='Datanode_Command_Queue_Updated'}
2022-12-06 15:46:21,715 [EventQueue-CommandQueueReportForCommandQueueReportHandler] WARN  events.EventQueue (EventQueue.java:fireEvent(216)) - No event handler registered for event TypedEvent{payloadType=DatanodeDetails, name='Datanode_Command_Queue_Updated'}
2022-12-06 15:46:22,174 [EventQueue-CommandQueueReportForCommandQueueReportHandler] WARN  events.EventQueue (EventQueue.java:fireEvent(216)) - No event handler registered for event TypedEvent{payloadType=DatanodeDetails, name='Datanode_Command_Queue_Updated'}
2022-12-06 15:46:22,298 [EventQueue-CommandQueueReportForCommandQueueReportHandler] WARN  events.EventQueue (EventQueue.java:fireEvent(216)) - No event handler registered for event TypedEvent{payloadType=DatanodeDetails, name='Datanode_Command_Queue_Updated'}
2022-12-06 15:46:22,354 [EventQueue-CommandQueueReportForCommandQueueReportHandler] WARN  events.EventQueue (EventQueue.java:fireEvent(216)) - No event handler registered for event TypedEvent{payloadType=DatanodeDetails, name='Datanode_Command_Queue_Updated'}
2022-12-06 15:46:22,401 [EventQueue-CommandQueueReportForCommandQueueReportHandler] WARN  events.EventQueue (EventQueue.java:fireEvent(216)) - No event handler registered for event TypedEvent{payloadType=DatanodeDetails, name='Datanode_Command_Queue_Updated'}
2022-12-06 15:46:22,411 [EventQueue-CommandQueueReportForCommandQueueReportHandler] WARN  events.EventQueue (EventQueue.java:fireEvent(216)) - No event handler registered for event TypedEvent{payloadType=DatanodeDetails, name='Datanode_Command_Queue_Updated'}
2022-12-06 15:46:22,416 [EventQueue-CommandQueueReportForCommandQueueReportHandler] WARN  events.EventQueue (EventQueue.java:fireEvent(216)) - No event handler registered for event TypedEvent{payloadType=DatanodeDetails, name='Datanode_Command_Queue_Updated'}
2022-12-06 15:46:22,461 [EventQueue-CommandQueueReportForCommandQueueReportHandler] WARN  events.EventQueue (EventQueue.java:fireEvent(216)) - No event handler registered for event TypedEvent{payloadType=DatanodeDetails, name='Datanode_Command_Queue_Updated'}
2022-12-06 15:46:22,640 [EventQueue-CommandQueueReportForCommandQueueReportHandler] WARN  events.EventQueue (EventQueue.java:fireEvent(216)) - No event handler registered for event TypedEvent{payloadType=DatanodeDetails, name='Datanode_Command_Queue_Updated'}
2022-12-06 15:46:22,715 [EventQueue-CommandQueueReportForCommandQueueReportHandler] WARN  events.EventQueue (EventQueue.java:fireEvent(216)) - No event handler registered for event TypedEvent{payloadType=DatanodeDetails, name='Datanode_Command_Queue_Updated'}
2022-12-06 15:46:23,174 [EventQueue-CommandQueueReportForCommandQueueReportHandler] WARN  events.EventQueue (EventQueue.java:fireEvent(216)) - No event handler registered for event TypedEvent{payloadType=DatanodeDetails, name='Datanode_Command_Queue_Updated'}
2022-12-06 15:46:23,298 [EventQueue-CommandQueueReportForCommandQueueReportHandler] WARN  events.EventQueue (EventQueue.java:fireEvent(216)) - No event handler registered for event TypedEvent{payloadType=DatanodeDetails, name='Datanode_Command_Queue_Updated'}
2022-12-06 15:46:23,355 [EventQueue-CommandQueueReportForCommandQueueReportHandler] WARN  events.EventQueue (EventQueue.java:fireEvent(216)) - No event handler registered for event TypedEvent{payloadType=DatanodeDetails, name='Datanode_Command_Queue_Updated'}
2022-12-06 15:46:23,400 [EventQueue-CommandQueueReportForCommandQueueReportHandler] WARN  events.EventQueue (EventQueue.java:fireEvent(216)) - No event handler registered for event TypedEvent{payloadType=DatanodeDetails, name='Datanode_Command_Queue_Updated'}
2022-12-06 15:46:23,411 [EventQueue-CommandQueueReportForCommandQueueReportHandler] WARN  events.EventQueue (EventQueue.java:fireEvent(216)) - No event handler registered for event TypedEvent{payloadType=DatanodeDetails, name='Datanode_Command_Queue_Updated'}
2022-12-06 15:46:23,416 [EventQueue-CommandQueueReportForCommandQueueReportHandler] WARN  events.EventQueue (EventQueue.java:fireEvent(216)) - No event handler registered for event TypedEvent{payloadType=DatanodeDetails, name='Datanode_Command_Queue_Updated'}
2022-12-06 15:46:23,462 [EventQueue-CommandQueueReportForCommandQueueReportHandler] WARN  events.EventQueue (EventQueue.java:fireEvent(216)) - No event handler registered for event TypedEvent{payloadType=DatanodeDetails, name='Datanode_Command_Queue_Updated'}
2022-12-06 15:46:23,641 [EventQueue-CommandQueueReportForCommandQueueReportHandler] WARN  events.EventQueue (EventQueue.java:fireEvent(216)) - No event handler registered for event TypedEvent{payloadType=DatanodeDetails, name='Datanode_Command_Queue_Updated'}
2022-12-06 15:46:23,714 [EventQueue-CommandQueueReportForCommandQueueReportHandler] WARN  events.EventQueue (EventQueue.java:fireEvent(216)) - No event handler registered for event TypedEvent{payloadType=DatanodeDetails, name='Datanode_Command_Queue_Updated'}
2022-12-06 15:46:24,174 [EventQueue-CommandQueueReportForCommandQueueReportHandler] WARN  events.EventQueue (EventQueue.java:fireEvent(216)) - No event handler registered for event TypedEvent{payloadType=DatanodeDetails, name='Datanode_Command_Queue_Updated'}
2022-12-06 15:46:24,298 [EventQueue-CommandQueueReportForCommandQueueReportHandler] WARN  events.EventQueue (EventQueue.java:fireEvent(216)) - No event handler registered for event TypedEvent{payloadType=DatanodeDetails, name='Datanode_Command_Queue_Updated'}
2022-12-06 15:46:24,356 [EventQueue-CommandQueueReportForCommandQueueReportHandler] WARN  events.EventQueue (EventQueue.java:fireEvent(216)) - No event handler registered for event TypedEvent{payloadType=DatanodeDetails, name='Datanode_Command_Queue_Updated'}
2022-12-06 15:46:24,401 [EventQueue-CommandQueueReportForCommandQueueReportHandler] WARN  events.EventQueue (EventQueue.java:fireEvent(216)) - No event handler registered for event TypedEvent{payloadType=DatanodeDetails, name='Datanode_Command_Queue_Updated'}
2022-12-06 15:46:24,412 [EventQueue-CommandQueueReportForCommandQueueReportHandler] WARN  events.EventQueue (EventQueue.java:fireEvent(216)) - No event handler registered for event TypedEvent{payloadType=DatanodeDetails, name='Datanode_Command_Queue_Updated'}
2022-12-06 15:46:24,416 [EventQueue-CommandQueueReportForCommandQueueReportHandler] WARN  events.EventQueue (EventQueue.java:fireEvent(216)) - No event handler registered for event TypedEvent{payloadType=DatanodeDetails, name='Datanode_Command_Queue_Updated'}
2022-12-06 15:46:24,461 [EventQueue-CommandQueueReportForCommandQueueReportHandler] WARN  events.EventQueue (EventQueue.java:fireEvent(216)) - No event handler registered for event TypedEvent{payloadType=DatanodeDetails, name='Datanode_Command_Queue_Updated'}
2022-12-06 15:46:24,640 [EventQueue-CommandQueueReportForCommandQueueReportHandler] WARN  events.EventQueue (EventQueue.java:fireEvent(216)) - No event handler registered for event TypedEvent{payloadType=DatanodeDetails, name='Datanode_Command_Queue_Updated'}
2022-12-06 15:46:24,715 [EventQueue-CommandQueueReportForCommandQueueReportHandler] WARN  events.EventQueue (EventQueue.java:fireEvent(216)) - No event handler registered for event TypedEvent{payloadType=DatanodeDetails, name='Datanode_Command_Queue_Updated'}
2022-12-06 15:46:25,175 [EventQueue-CommandQueueReportForCommandQueueReportHandler] WARN  events.EventQueue (EventQueue.java:fireEvent(216)) - No event handler registered for event TypedEvent{payloadType=DatanodeDetails, name='Datanode_Command_Queue_Updated'}
2022-12-06 15:46:25,298 [EventQueue-CommandQueueReportForCommandQueueReportHandler] WARN  events.EventQueue (EventQueue.java:fireEvent(216)) - No event handler registered for event TypedEvent{payloadType=DatanodeDetails, name='Datanode_Command_Queue_Updated'}
2022-12-06 15:46:25,355 [EventQueue-CommandQueueReportForCommandQueueReportHandler] WARN  events.EventQueue (EventQueue.java:fireEvent(216)) - No event handler registered for event TypedEvent{payloadType=DatanodeDetails, name='Datanode_Command_Queue_Updated'}
2022-12-06 15:46:25,400 [EventQueue-CommandQueueReportForCommandQueueReportHandler] WARN  events.EventQueue (EventQueue.java:fireEvent(216)) - No event handler registered for event TypedEvent{payloadType=DatanodeDetails, name='Datanode_Command_Queue_Updated'}
2022-12-06 15:46:25,414 [EventQueue-CommandQueueReportForCommandQueueReportHandler] WARN  events.EventQueue (EventQueue.java:fireEvent(216)) - No event handler registered for event TypedEvent{payloadType=DatanodeDetails, name='Datanode_Command_Queue_Updated'}
2022-12-06 15:46:25,416 [EventQueue-CommandQueueReportForCommandQueueReportHandler] WARN  events.EventQueue (EventQueue.java:fireEvent(216)) - No event handler registered for event TypedEvent{payloadType=DatanodeDetails, name='Datanode_Command_Queue_Updated'}
2022-12-06 15:46:25,461 [EventQueue-CommandQueueReportForCommandQueueReportHandler] WARN  events.EventQueue (EventQueue.java:fireEvent(216)) - No event handler registered for event TypedEvent{payloadType=DatanodeDetails, name='Datanode_Command_Queue_Updated'}
2022-12-06 15:46:25,641 [EventQueue-CommandQueueReportForCommandQueueReportHandler] WARN  events.EventQueue (EventQueue.java:fireEvent(216)) - No event handler registered for event TypedEvent{payloadType=DatanodeDetails, name='Datanode_Command_Queue_Updated'}
2022-12-06 15:46:25,715 [EventQueue-CommandQueueReportForCommandQueueReportHandler] WARN  events.EventQueue (EventQueue.java:fireEvent(216)) - No event handler registered for event TypedEvent{payloadType=DatanodeDetails, name='Datanode_Command_Queue_Updated'}
2022-12-06 15:46:26,174 [EventQueue-CommandQueueReportForCommandQueueReportHandler] WARN  events.EventQueue (EventQueue.java:fireEvent(216)) - No event handler registered for event TypedEvent{payloadType=DatanodeDetails, name='Datanode_Command_Queue_Updated'}
2022-12-06 15:46:26,297 [EventQueue-CommandQueueReportForCommandQueueReportHandler] WARN  events.EventQueue (EventQueue.java:fireEvent(216)) - No event handler registered for event TypedEvent{payloadType=DatanodeDetails, name='Datanode_Command_Queue_Updated'}
2022-12-06 15:46:26,356 [EventQueue-CommandQueueReportForCommandQueueReportHandler] WARN  events.EventQueue (EventQueue.java:fireEvent(216)) - No event handler registered for event TypedEvent{payloadType=DatanodeDetails, name='Datanode_Command_Queue_Updated'}
2022-12-06 15:46:26,401 [EventQueue-CommandQueueReportForCommandQueueReportHandler] WARN  events.EventQueue (EventQueue.java:fireEvent(216)) - No event handler registered for event TypedEvent{payloadType=DatanodeDetails, name='Datanode_Command_Queue_Updated'}
2022-12-06 15:46:26,414 [EventQueue-CommandQueueReportForCommandQueueReportHandler] WARN  events.EventQueue (EventQueue.java:fireEvent(216)) - No event handler registered for event TypedEvent{payloadType=DatanodeDetails, name='Datanode_Command_Queue_Updated'}
2022-12-06 15:46:26,416 [EventQueue-CommandQueueReportForCommandQueueReportHandler] WARN  events.EventQueue (EventQueue.java:fireEvent(216)) - No event handler registered for event TypedEvent{payloadType=DatanodeDetails, name='Datanode_Command_Queue_Updated'}
2022-12-06 15:46:26,462 [EventQueue-CommandQueueReportForCommandQueueReportHandler] WARN  events.EventQueue (EventQueue.java:fireEvent(216)) - No event handler registered for event TypedEvent{payloadType=DatanodeDetails, name='Datanode_Command_Queue_Updated'}
2022-12-06 15:46:26,640 [EventQueue-CommandQueueReportForCommandQueueReportHandler] WARN  events.EventQueue (EventQueue.java:fireEvent(216)) - No event handler registered for event TypedEvent{payloadType=DatanodeDetails, name='Datanode_Command_Queue_Updated'}
2022-12-06 15:46:26,714 [EventQueue-CommandQueueReportForCommandQueueReportHandler] WARN  events.EventQueue (EventQueue.java:fireEvent(216)) - No event handler registered for event TypedEvent{payloadType=DatanodeDetails, name='Datanode_Command_Queue_Updated'}
2022-12-06 15:46:27,175 [EventQueue-CommandQueueReportForCommandQueueReportHandler] WARN  events.EventQueue (EventQueue.java:fireEvent(216)) - No event handler registered for event TypedEvent{payloadType=DatanodeDetails, name='Datanode_Command_Queue_Updated'}
2022-12-06 15:46:27,298 [EventQueue-CommandQueueReportForCommandQueueReportHandler] WARN  events.EventQueue (EventQueue.java:fireEvent(216)) - No event handler registered for event TypedEvent{payloadType=DatanodeDetails, name='Datanode_Command_Queue_Updated'}
2022-12-06 15:46:27,356 [EventQueue-CommandQueueReportForCommandQueueReportHandler] WARN  events.EventQueue (EventQueue.java:fireEvent(216)) - No event handler registered for event TypedEvent{payloadType=DatanodeDetails, name='Datanode_Command_Queue_Updated'}
2022-12-06 15:46:27,401 [EventQueue-CommandQueueReportForCommandQueueReportHandler] WARN  events.EventQueue (EventQueue.java:fireEvent(216)) - No event handler registered for event TypedEvent{payloadType=DatanodeDetails, name='Datanode_Command_Queue_Updated'}
2022-12-06 15:46:27,414 [EventQueue-CommandQueueReportForCommandQueueReportHandler] WARN  events.EventQueue (EventQueue.java:fireEvent(216)) - No event handler registered for event TypedEvent{payloadType=DatanodeDetails, name='Datanode_Command_Queue_Updated'}
2022-12-06 15:46:27,416 [EventQueue-CommandQueueReportForCommandQueueReportHandler] WARN  events.EventQueue (EventQueue.java:fireEvent(216)) - No event handler registered for event TypedEvent{payloadType=DatanodeDetails, name='Datanode_Command_Queue_Updated'}
2022-12-06 15:46:27,463 [EventQueue-CommandQueueReportForCommandQueueReportHandler] WARN  events.EventQueue (EventQueue.java:fireEvent(216)) - No event handler registered for event TypedEvent{payloadType=DatanodeDetails, name='Datanode_Command_Queue_Updated'}
2022-12-06 15:46:27,641 [EventQueue-CommandQueueReportForCommandQueueReportHandler] WARN  events.EventQueue (EventQueue.java:fireEvent(216)) - No event handler registered for event TypedEvent{payloadType=DatanodeDetails, name='Datanode_Command_Queue_Updated'}
2022-12-06 15:46:27,715 [EventQueue-CommandQueueReportForCommandQueueReportHandler] WARN  events.EventQueue (EventQueue.java:fireEvent(216)) - No event handler registered for event TypedEvent{payloadType=DatanodeDetails, name='Datanode_Command_Queue_Updated'}
2022-12-06 15:46:28,175 [EventQueue-CommandQueueReportForCommandQueueReportHandler] WARN  events.EventQueue (EventQueue.java:fireEvent(216)) - No event handler registered for event TypedEvent{payloadType=DatanodeDetails, name='Datanode_Command_Queue_Updated'}
2022-12-06 15:46:28,298 [EventQueue-CommandQueueReportForCommandQueueReportHandler] WARN  events.EventQueue (EventQueue.java:fireEvent(216)) - No event handler registered for event TypedEvent{payloadType=DatanodeDetails, name='Datanode_Command_Queue_Updated'}
2022-12-06 15:46:28,356 [EventQueue-CommandQueueReportForCommandQueueReportHandler] WARN  events.EventQueue (EventQueue.java:fireEvent(216)) - No event handler registered for event TypedEvent{payloadType=DatanodeDetails, name='Datanode_Command_Queue_Updated'}
2022-12-06 15:46:28,402 [EventQueue-CommandQueueReportForCommandQueueReportHandler] WARN  events.EventQueue (EventQueue.java:fireEvent(216)) - No event handler registered for event TypedEvent{payloadType=DatanodeDetails, name='Datanode_Command_Queue_Updated'}
2022-12-06 15:46:28,413 [EventQueue-CommandQueueReportForCommandQueueReportHandler] WARN  events.EventQueue (EventQueue.java:fireEvent(216)) - No event handler registered for event TypedEvent{payloadType=DatanodeDetails, name='Datanode_Command_Queue_Updated'}
2022-12-06 15:46:28,417 [EventQueue-CommandQueueReportForCommandQueueReportHandler] WARN  events.EventQueue (EventQueue.java:fireEvent(216)) - No event handler registered for event TypedEvent{payloadType=DatanodeDetails, name='Datanode_Command_Queue_Updated'}
2022-12-06 15:46:28,463 [EventQueue-CommandQueueReportForCommandQueueReportHandler] WARN  events.EventQueue (EventQueue.java:fireEvent(216)) - No event handler registered for event TypedEvent{payloadType=DatanodeDetails, name='Datanode_Command_Queue_Updated'}
2022-12-06 15:46:28,641 [EventQueue-CommandQueueReportForCommandQueueReportHandler] WARN  events.EventQueue (EventQueue.java:fireEvent(216)) - No event handler registered for event TypedEvent{payloadType=DatanodeDetails, name='Datanode_Command_Queue_Updated'}
2022-12-06 15:46:28,714 [EventQueue-CommandQueueReportForCommandQueueReportHandler] WARN  events.EventQueue (EventQueue.java:fireEvent(216)) - No event handler registered for event TypedEvent{payloadType=DatanodeDetails, name='Datanode_Command_Queue_Updated'}
2022-12-06 15:46:29,175 [EventQueue-CommandQueueReportForCommandQueueReportHandler] WARN  events.EventQueue (EventQueue.java:fireEvent(216)) - No event handler registered for event TypedEvent{payloadType=DatanodeDetails, name='Datanode_Command_Queue_Updated'}
2022-12-06 15:46:29,297 [EventQueue-CommandQueueReportForCommandQueueReportHandler] WARN  events.EventQueue (EventQueue.java:fireEvent(216)) - No event handler registered for event TypedEvent{payloadType=DatanodeDetails, name='Datanode_Command_Queue_Updated'}
2022-12-06 15:46:29,356 [EventQueue-CommandQueueReportForCommandQueueReportHandler] WARN  events.EventQueue (EventQueue.java:fireEvent(216)) - No event handler registered for event TypedEvent{payloadType=DatanodeDetails, name='Datanode_Command_Queue_Updated'}
2022-12-06 15:46:29,402 [EventQueue-CommandQueueReportForCommandQueueReportHandler] WARN  events.EventQueue (EventQueue.java:fireEvent(216)) - No event handler registered for event TypedEvent{payloadType=DatanodeDetails, name='Datanode_Command_Queue_Updated'}
2022-12-06 15:46:29,413 [EventQueue-CommandQueueReportForCommandQueueReportHandler] WARN  events.EventQueue (EventQueue.java:fireEvent(216)) - No event handler registered for event TypedEvent{payloadType=DatanodeDetails, name='Datanode_Command_Queue_Updated'}
2022-12-06 15:46:29,417 [EventQueue-CommandQueueReportForCommandQueueReportHandler] WARN  events.EventQueue (EventQueue.java:fireEvent(216)) - No event handler registered for event TypedEvent{payloadType=DatanodeDetails, name='Datanode_Command_Queue_Updated'}
2022-12-06 15:46:29,462 [EventQueue-CommandQueueReportForCommandQueueReportHandler] WARN  events.EventQueue (EventQueue.java:fireEvent(216)) - No event handler registered for event TypedEvent{payloadType=DatanodeDetails, name='Datanode_Command_Queue_Updated'}
2022-12-06 15:46:29,640 [EventQueue-CommandQueueReportForCommandQueueReportHandler] WARN  events.EventQueue (EventQueue.java:fireEvent(216)) - No event handler registered for event TypedEvent{payloadType=DatanodeDetails, name='Datanode_Command_Queue_Updated'}
2022-12-06 15:46:29,714 [EventQueue-CommandQueueReportForCommandQueueReportHandler] WARN  events.EventQueue (EventQueue.java:fireEvent(216)) - No event handler registered for event TypedEvent{payloadType=DatanodeDetails, name='Datanode_Command_Queue_Updated'}
2022-12-06 15:46:30,176 [EventQueue-CommandQueueReportForCommandQueueReportHandler] WARN  events.EventQueue (EventQueue.java:fireEvent(216)) - No event handler registered for event TypedEvent{payloadType=DatanodeDetails, name='Datanode_Command_Queue_Updated'}
2022-12-06 15:46:30,298 [EventQueue-CommandQueueReportForCommandQueueReportHandler] WARN  events.EventQueue (EventQueue.java:fireEvent(216)) - No event handler registered for event TypedEvent{payloadType=DatanodeDetails, name='Datanode_Command_Queue_Updated'}
2022-12-06 15:46:30,356 [EventQueue-CommandQueueReportForCommandQueueReportHandler] WARN  events.EventQueue (EventQueue.java:fireEvent(216)) - No event handler registered for event TypedEvent{payloadType=DatanodeDetails, name='Datanode_Command_Queue_Updated'}
2022-12-06 15:46:30,401 [EventQueue-CommandQueueReportForCommandQueueReportHandler] WARN  events.EventQueue (EventQueue.java:fireEvent(216)) - No event handler registered for event TypedEvent{payloadType=DatanodeDetails, name='Datanode_Command_Queue_Updated'}
2022-12-06 15:46:30,414 [EventQueue-CommandQueueReportForCommandQueueReportHandler] WARN  events.EventQueue (EventQueue.java:fireEvent(216)) - No event handler registered for event TypedEvent{payloadType=DatanodeDetails, name='Datanode_Command_Queue_Updated'}
2022-12-06 15:46:30,418 [EventQueue-CommandQueueReportForCommandQueueReportHandler] WARN  events.EventQueue (EventQueue.java:fireEvent(216)) - No event handler registered for event TypedEvent{payloadType=DatanodeDetails, name='Datanode_Command_Queue_Updated'}
2022-12-06 15:46:30,462 [EventQueue-CommandQueueReportForCommandQueueReportHandler] WARN  events.EventQueue (EventQueue.java:fireEvent(216)) - No event handler registered for event TypedEvent{payloadType=DatanodeDetails, name='Datanode_Command_Queue_Updated'}
2022-12-06 15:46:30,641 [EventQueue-CommandQueueReportForCommandQueueReportHandler] WARN  events.EventQueue (EventQueue.java:fireEvent(216)) - No event handler registered for event TypedEvent{payloadType=DatanodeDetails, name='Datanode_Command_Queue_Updated'}
2022-12-06 15:46:30,715 [EventQueue-CommandQueueReportForCommandQueueReportHandler] WARN  events.EventQueue (EventQueue.java:fireEvent(216)) - No event handler registered for event TypedEvent{payloadType=DatanodeDetails, name='Datanode_Command_Queue_Updated'}
2022-12-06 15:46:31,179 [EventQueue-CommandQueueReportForCommandQueueReportHandler] WARN  events.EventQueue (EventQueue.java:fireEvent(216)) - No event handler registered for event TypedEvent{payloadType=DatanodeDetails, name='Datanode_Command_Queue_Updated'}
2022-12-06 15:46:31,298 [EventQueue-CommandQueueReportForCommandQueueReportHandler] WARN  events.EventQueue (EventQueue.java:fireEvent(216)) - No event handler registered for event TypedEvent{payloadType=DatanodeDetails, name='Datanode_Command_Queue_Updated'}
2022-12-06 15:46:31,356 [EventQueue-CommandQueueReportForCommandQueueReportHandler] WARN  events.EventQueue (EventQueue.java:fireEvent(216)) - No event handler registered for event TypedEvent{payloadType=DatanodeDetails, name='Datanode_Command_Queue_Updated'}
2022-12-06 15:46:31,402 [EventQueue-CommandQueueReportForCommandQueueReportHandler] WARN  events.EventQueue (EventQueue.java:fireEvent(216)) - No event handler registered for event TypedEvent{payloadType=DatanodeDetails, name='Datanode_Command_Queue_Updated'}
2022-12-06 15:46:31,413 [EventQueue-CommandQueueReportForCommandQueueReportHandler] WARN  events.EventQueue (EventQueue.java:fireEvent(216)) - No event handler registered for event TypedEvent{payloadType=DatanodeDetails, name='Datanode_Command_Queue_Updated'}
2022-12-06 15:46:31,419 [EventQueue-CommandQueueReportForCommandQueueReportHandler] WARN  events.EventQueue (EventQueue.java:fireEvent(216)) - No event handler registered for event TypedEvent{payloadType=DatanodeDetails, name='Datanode_Command_Queue_Updated'}
2022-12-06 15:46:31,463 [EventQueue-CommandQueueReportForCommandQueueReportHandler] WARN  events.EventQueue (EventQueue.java:fireEvent(216)) - No event handler registered for event TypedEvent{payloadType=DatanodeDetails, name='Datanode_Command_Queue_Updated'}
2022-12-06 15:46:31,641 [EventQueue-CommandQueueReportForCommandQueueReportHandler] WARN  events.EventQueue (EventQueue.java:fireEvent(216)) - No event handler registered for event TypedEvent{payloadType=DatanodeDetails, name='Datanode_Command_Queue_Updated'}
2022-12-06 15:46:31,714 [EventQueue-CommandQueueReportForCommandQueueReportHandler] WARN  events.EventQueue (EventQueue.java:fireEvent(216)) - No event handler registered for event TypedEvent{payloadType=DatanodeDetails, name='Datanode_Command_Queue_Updated'}
2022-12-06 15:46:32,176 [EventQueue-CommandQueueReportForCommandQueueReportHandler] WARN  events.EventQueue (EventQueue.java:fireEvent(216)) - No event handler registered for event TypedEvent{payloadType=DatanodeDetails, name='Datanode_Command_Queue_Updated'}
2022-12-06 15:46:32,298 [EventQueue-CommandQueueReportForCommandQueueReportHandler] WARN  events.EventQueue (EventQueue.java:fireEvent(216)) - No event handler registered for event TypedEvent{payloadType=DatanodeDetails, name='Datanode_Command_Queue_Updated'}
2022-12-06 15:46:32,357 [EventQueue-CommandQueueReportForCommandQueueReportHandler] WARN  events.EventQueue (EventQueue.java:fireEvent(216)) - No event handler registered for event TypedEvent{payloadType=DatanodeDetails, name='Datanode_Command_Queue_Updated'}
2022-12-06 15:46:32,402 [EventQueue-CommandQueueReportForCommandQueueReportHandler] WARN  events.EventQueue (EventQueue.java:fireEvent(216)) - No event handler registered for event TypedEvent{payloadType=DatanodeDetails, name='Datanode_Command_Queue_Updated'}
2022-12-06 15:46:32,413 [EventQueue-CommandQueueReportForCommandQueueReportHandler] WARN  events.EventQueue (EventQueue.java:fireEvent(216)) - No event handler registered for event TypedEvent{payloadType=DatanodeDetails, name='Datanode_Command_Queue_Updated'}
2022-12-06 15:46:32,418 [EventQueue-CommandQueueReportForCommandQueueReportHandler] WARN  events.EventQueue (EventQueue.java:fireEvent(216)) - No event handler registered for event TypedEvent{payloadType=DatanodeDetails, name='Datanode_Command_Queue_Updated'}
2022-12-06 15:46:32,463 [EventQueue-CommandQueueReportForCommandQueueReportHandler] WARN  events.EventQueue (EventQueue.java:fireEvent(216)) - No event handler registered for event TypedEvent{payloadType=DatanodeDetails, name='Datanode_Command_Queue_Updated'}
2022-12-06 15:46:32,640 [EventQueue-CommandQueueReportForCommandQueueReportHandler] WARN  events.EventQueue (EventQueue.java:fireEvent(216)) - No event handler registered for event TypedEvent{payloadType=DatanodeDetails, name='Datanode_Command_Queue_Updated'}
2022-12-06 15:46:32,715 [EventQueue-CommandQueueReportForCommandQueueReportHandler] WARN  events.EventQueue (EventQueue.java:fireEvent(216)) - No event handler registered for event TypedEvent{payloadType=DatanodeDetails, name='Datanode_Command_Queue_Updated'}
2022-12-06 15:46:33,175 [EventQueue-CommandQueueReportForCommandQueueReportHandler] WARN  events.EventQueue (EventQueue.java:fireEvent(216)) - No event handler registered for event TypedEvent{payloadType=DatanodeDetails, name='Datanode_Command_Queue_Updated'}
2022-12-06 15:46:33,298 [EventQueue-CommandQueueReportForCommandQueueReportHandler] WARN  events.EventQueue (EventQueue.java:fireEvent(216)) - No event handler registered for event TypedEvent{payloadType=DatanodeDetails, name='Datanode_Command_Queue_Updated'}
2022-12-06 15:46:33,357 [EventQueue-CommandQueueReportForCommandQueueReportHandler] WARN  events.EventQueue (EventQueue.java:fireEvent(216)) - No event handler registered for event TypedEvent{payloadType=DatanodeDetails, name='Datanode_Command_Queue_Updated'}
2022-12-06 15:46:33,402 [EventQueue-CommandQueueReportForCommandQueueReportHandler] WARN  events.EventQueue (EventQueue.java:fireEvent(216)) - No event handler registered for event TypedEvent{payloadType=DatanodeDetails, name='Datanode_Command_Queue_Updated'}
2022-12-06 15:46:33,415 [EventQueue-CommandQueueReportForCommandQueueReportHandler] WARN  events.EventQueue (EventQueue.java:fireEvent(216)) - No event handler registered for event TypedEvent{payloadType=DatanodeDetails, name='Datanode_Command_Queue_Updated'}
2022-12-06 15:46:33,418 [EventQueue-CommandQueueReportForCommandQueueReportHandler] WARN  events.EventQueue (EventQueue.java:fireEvent(216)) - No event handler registered for event TypedEvent{payloadType=DatanodeDetails, name='Datanode_Command_Queue_Updated'}
2022-12-06 15:46:33,463 [EventQueue-CommandQueueReportForCommandQueueReportHandler] WARN  events.EventQueue (EventQueue.java:fireEvent(216)) - No event handler registered for event TypedEvent{payloadType=DatanodeDetails, name='Datanode_Command_Queue_Updated'}
2022-12-06 15:46:33,641 [EventQueue-CommandQueueReportForCommandQueueReportHandler] WARN  events.EventQueue (EventQueue.java:fireEvent(216)) - No event handler registered for event TypedEvent{payloadType=DatanodeDetails, name='Datanode_Command_Queue_Updated'}
2022-12-06 15:46:33,715 [EventQueue-CommandQueueReportForCommandQueueReportHandler] WARN  events.EventQueue (EventQueue.java:fireEvent(216)) - No event handler registered for event TypedEvent{payloadType=DatanodeDetails, name='Datanode_Command_Queue_Updated'}
2022-12-06 15:46:34,176 [EventQueue-CommandQueueReportForCommandQueueReportHandler] WARN  events.EventQueue (EventQueue.java:fireEvent(216)) - No event handler registered for event TypedEvent{payloadType=DatanodeDetails, name='Datanode_Command_Queue_Updated'}
2022-12-06 15:46:34,297 [EventQueue-CommandQueueReportForCommandQueueReportHandler] WARN  events.EventQueue (EventQueue.java:fireEvent(216)) - No event handler registered for event TypedEvent{payloadType=DatanodeDetails, name='Datanode_Command_Queue_Updated'}
2022-12-06 15:46:34,356 [EventQueue-CommandQueueReportForCommandQueueReportHandler] WARN  events.EventQueue (EventQueue.java:fireEvent(216)) - No event handler registered for event TypedEvent{payloadType=DatanodeDetails, name='Datanode_Command_Queue_Updated'}
2022-12-06 15:46:34,402 [EventQueue-CommandQueueReportForCommandQueueReportHandler] WARN  events.EventQueue (EventQueue.java:fireEvent(216)) - No event handler registered for event TypedEvent{payloadType=DatanodeDetails, name='Datanode_Command_Queue_Updated'}
2022-12-06 15:46:34,414 [EventQueue-CommandQueueReportForCommandQueueReportHandler] WARN  events.EventQueue (EventQueue.java:fireEvent(216)) - No event handler registered for event TypedEvent{payloadType=DatanodeDetails, name='Datanode_Command_Queue_Updated'}
2022-12-06 15:46:34,418 [EventQueue-CommandQueueReportForCommandQueueReportHandler] WARN  events.EventQueue (EventQueue.java:fireEvent(216)) - No event handler registered for event TypedEvent{payloadType=DatanodeDetails, name='Datanode_Command_Queue_Updated'}
2022-12-06 15:46:34,463 [EventQueue-CommandQueueReportForCommandQueueReportHandler] WARN  events.EventQueue (EventQueue.java:fireEvent(216)) - No event handler registered for event TypedEvent{payloadType=DatanodeDetails, name='Datanode_Command_Queue_Updated'}
2022-12-06 15:46:34,640 [EventQueue-CommandQueueReportForCommandQueueReportHandler] WARN  events.EventQueue (EventQueue.java:fireEvent(216)) - No event handler registered for event TypedEvent{payloadType=DatanodeDetails, name='Datanode_Command_Queue_Updated'}
2022-12-06 15:46:34,714 [EventQueue-CommandQueueReportForCommandQueueReportHandler] WARN  events.EventQueue (EventQueue.java:fireEvent(216)) - No event handler registered for event TypedEvent{payloadType=DatanodeDetails, name='Datanode_Command_Queue_Updated'}
2022-12-06 15:46:35,176 [EventQueue-CommandQueueReportForCommandQueueReportHandler] WARN  events.EventQueue (EventQueue.java:fireEvent(216)) - No event handler registered for event TypedEvent{payloadType=DatanodeDetails, name='Datanode_Command_Queue_Updated'}
2022-12-06 15:46:35,298 [EventQueue-CommandQueueReportForCommandQueueReportHandler] WARN  events.EventQueue (EventQueue.java:fireEvent(216)) - No event handler registered for event TypedEvent{payloadType=DatanodeDetails, name='Datanode_Command_Queue_Updated'}
2022-12-06 15:46:35,357 [EventQueue-CommandQueueReportForCommandQueueReportHandler] WARN  events.EventQueue (EventQueue.java:fireEvent(216)) - No event handler registered for event TypedEvent{payloadType=DatanodeDetails, name='Datanode_Command_Queue_Updated'}
2022-12-06 15:46:35,403 [EventQueue-CommandQueueReportForCommandQueueReportHandler] WARN  events.EventQueue (EventQueue.java:fireEvent(216)) - No event handler registered for event TypedEvent{payloadType=DatanodeDetails, name='Datanode_Command_Queue_Updated'}
2022-12-06 15:46:35,414 [EventQueue-CommandQueueReportForCommandQueueReportHandler] WARN  events.EventQueue (EventQueue.java:fireEvent(216)) - No event handler registered for event TypedEvent{payloadType=DatanodeDetails, name='Datanode_Command_Queue_Updated'}
2022-12-06 15:46:35,419 [EventQueue-CommandQueueReportForCommandQueueReportHandler] WARN  events.EventQueue (EventQueue.java:fireEvent(216)) - No event handler registered for event TypedEvent{payloadType=DatanodeDetails, name='Datanode_Command_Queue_Updated'}
2022-12-06 15:46:35,464 [EventQueue-CommandQueueReportForCommandQueueReportHandler] WARN  events.EventQueue (EventQueue.java:fireEvent(216)) - No event handler registered for event TypedEvent{payloadType=DatanodeDetails, name='Datanode_Command_Queue_Updated'}
2022-12-06 15:46:35,641 [EventQueue-CommandQueueReportForCommandQueueReportHandler] WARN  events.EventQueue (EventQueue.java:fireEvent(216)) - No event handler registered for event TypedEvent{payloadType=DatanodeDetails, name='Datanode_Command_Queue_Updated'}
2022-12-06 15:46:35,715 [EventQueue-CommandQueueReportForCommandQueueReportHandler] WARN  events.EventQueue (EventQueue.java:fireEvent(216)) - No event handler registered for event TypedEvent{payloadType=DatanodeDetails, name='Datanode_Command_Queue_Updated'}
2022-12-06 15:46:36,176 [EventQueue-CommandQueueReportForCommandQueueReportHandler] WARN  events.EventQueue (EventQueue.java:fireEvent(216)) - No event handler registered for event TypedEvent{payloadType=DatanodeDetails, name='Datanode_Command_Queue_Updated'}
2022-12-06 15:46:36,303 [EventQueue-CommandQueueReportForCommandQueueReportHandler] WARN  events.EventQueue (EventQueue.java:fireEvent(216)) - No event handler registered for event TypedEvent{payloadType=DatanodeDetails, name='Datanode_Command_Queue_Updated'}
2022-12-06 15:46:36,357 [EventQueue-CommandQueueReportForCommandQueueReportHandler] WARN  events.EventQueue (EventQueue.java:fireEvent(216)) - No event handler registered for event TypedEvent{payloadType=DatanodeDetails, name='Datanode_Command_Queue_Updated'}
2022-12-06 15:46:36,402 [EventQueue-CommandQueueReportForCommandQueueReportHandler] WARN  events.EventQueue (EventQueue.java:fireEvent(216)) - No event handler registered for event TypedEvent{payloadType=DatanodeDetails, name='Datanode_Command_Queue_Updated'}
2022-12-06 15:46:36,413 [EventQueue-CommandQueueReportForCommandQueueReportHandler] WARN  events.EventQueue (EventQueue.java:fireEvent(216)) - No event handler registered for event TypedEvent{payloadType=DatanodeDetails, name='Datanode_Command_Queue_Updated'}
2022-12-06 15:46:36,418 [EventQueue-CommandQueueReportForCommandQueueReportHandler] WARN  events.EventQueue (EventQueue.java:fireEvent(216)) - No event handler registered for event TypedEvent{payloadType=DatanodeDetails, name='Datanode_Command_Queue_Updated'}
2022-12-06 15:46:36,464 [EventQueue-CommandQueueReportForCommandQueueReportHandler] WARN  events.EventQueue (EventQueue.java:fireEvent(216)) - No event handler registered for event TypedEvent{payloadType=DatanodeDetails, name='Datanode_Command_Queue_Updated'}
2022-12-06 15:46:36,641 [EventQueue-CommandQueueReportForCommandQueueReportHandler] WARN  events.EventQueue (EventQueue.java:fireEvent(216)) - No event handler registered for event TypedEvent{payloadType=DatanodeDetails, name='Datanode_Command_Queue_Updated'}
2022-12-06 15:46:36,714 [EventQueue-CommandQueueReportForCommandQueueReportHandler] WARN  events.EventQueue (EventQueue.java:fireEvent(216)) - No event handler registered for event TypedEvent{payloadType=DatanodeDetails, name='Datanode_Command_Queue_Updated'}
2022-12-06 15:46:37,177 [EventQueue-CommandQueueReportForCommandQueueReportHandler] WARN  events.EventQueue (EventQueue.java:fireEvent(216)) - No event handler registered for event TypedEvent{payloadType=DatanodeDetails, name='Datanode_Command_Queue_Updated'}
2022-12-06 15:46:37,303 [EventQueue-CommandQueueReportForCommandQueueReportHandler] WARN  events.EventQueue (EventQueue.java:fireEvent(216)) - No event handler registered for event TypedEvent{payloadType=DatanodeDetails, name='Datanode_Command_Queue_Updated'}
2022-12-06 15:46:37,356 [EventQueue-CommandQueueReportForCommandQueueReportHandler] WARN  events.EventQueue (EventQueue.java:fireEvent(216)) - No event handler registered for event TypedEvent{payloadType=DatanodeDetails, name='Datanode_Command_Queue_Updated'}
2022-12-06 15:46:37,402 [EventQueue-CommandQueueReportForCommandQueueReportHandler] WARN  events.EventQueue (EventQueue.java:fireEvent(216)) - No event handler registered for event TypedEvent{payloadType=DatanodeDetails, name='Datanode_Command_Queue_Updated'}
2022-12-06 15:46:37,413 [EventQueue-CommandQueueReportForCommandQueueReportHandler] WARN  events.EventQueue (EventQueue.java:fireEvent(216)) - No event handler registered for event TypedEvent{payloadType=DatanodeDetails, name='Datanode_Command_Queue_Updated'}
2022-12-06 15:46:37,418 [EventQueue-CommandQueueReportForCommandQueueReportHandler] WARN  events.EventQueue (EventQueue.java:fireEvent(216)) - No event handler registered for event TypedEvent{payloadType=DatanodeDetails, name='Datanode_Command_Queue_Updated'}
2022-12-06 15:46:37,465 [EventQueue-CommandQueueReportForCommandQueueReportHandler] WARN  events.EventQueue (EventQueue.java:fireEvent(216)) - No event handler registered for event TypedEvent{payloadType=DatanodeDetails, name='Datanode_Command_Queue_Updated'}
2022-12-06 15:46:37,641 [EventQueue-CommandQueueReportForCommandQueueReportHandler] WARN  events.EventQueue (EventQueue.java:fireEvent(216)) - No event handler registered for event TypedEvent{payloadType=DatanodeDetails, name='Datanode_Command_Queue_Updated'}
2022-12-06 15:46:37,715 [EventQueue-CommandQueueReportForCommandQueueReportHandler] WARN  events.EventQueue (EventQueue.java:fireEvent(216)) - No event handler registered for event TypedEvent{payloadType=DatanodeDetails, name='Datanode_Command_Queue_Updated'}
2022-12-06 15:46:38,177 [EventQueue-CommandQueueReportForCommandQueueReportHandler] WARN  events.EventQueue (EventQueue.java:fireEvent(216)) - No event handler registered for event TypedEvent{payloadType=DatanodeDetails, name='Datanode_Command_Queue_Updated'}
2022-12-06 15:46:38,304 [EventQueue-CommandQueueReportForCommandQueueReportHandler] WARN  events.EventQueue (EventQueue.java:fireEvent(216)) - No event handler registered for event TypedEvent{payloadType=DatanodeDetails, name='Datanode_Command_Queue_Updated'}
2022-12-06 15:46:38,357 [EventQueue-CommandQueueReportForCommandQueueReportHandler] WARN  events.EventQueue (EventQueue.java:fireEvent(216)) - No event handler registered for event TypedEvent{payloadType=DatanodeDetails, name='Datanode_Command_Queue_Updated'}
2022-12-06 15:46:38,403 [EventQueue-CommandQueueReportForCommandQueueReportHandler] WARN  events.EventQueue (EventQueue.java:fireEvent(216)) - No event handler registered for event TypedEvent{payloadType=DatanodeDetails, name='Datanode_Command_Queue_Updated'}
2022-12-06 15:46:38,413 [EventQueue-CommandQueueReportForCommandQueueReportHandler] WARN  events.EventQueue (EventQueue.java:fireEvent(216)) - No event handler registered for event TypedEvent{payloadType=DatanodeDetails, name='Datanode_Command_Queue_Updated'}
2022-12-06 15:46:38,418 [EventQueue-CommandQueueReportForCommandQueueReportHandler] WARN  events.EventQueue (EventQueue.java:fireEvent(216)) - No event handler registered for event TypedEvent{payloadType=DatanodeDetails, name='Datanode_Command_Queue_Updated'}
2022-12-06 15:46:38,465 [EventQueue-CommandQueueReportForCommandQueueReportHandler] WARN  events.EventQueue (EventQueue.java:fireEvent(216)) - No event handler registered for event TypedEvent{payloadType=DatanodeDetails, name='Datanode_Command_Queue_Updated'}
2022-12-06 15:46:38,641 [EventQueue-CommandQueueReportForCommandQueueReportHandler] WARN  events.EventQueue (EventQueue.java:fireEvent(216)) - No event handler registered for event TypedEvent{payloadType=DatanodeDetails, name='Datanode_Command_Queue_Updated'}
2022-12-06 15:46:38,715 [EventQueue-CommandQueueReportForCommandQueueReportHandler] WARN  events.EventQueue (EventQueue.java:fireEvent(216)) - No event handler registered for event TypedEvent{payloadType=DatanodeDetails, name='Datanode_Command_Queue_Updated'}
2022-12-06 15:46:39,178 [EventQueue-CommandQueueReportForCommandQueueReportHandler] WARN  events.EventQueue (EventQueue.java:fireEvent(216)) - No event handler registered for event TypedEvent{payloadType=DatanodeDetails, name='Datanode_Command_Queue_Updated'}
2022-12-06 15:46:39,304 [EventQueue-CommandQueueReportForCommandQueueReportHandler] WARN  events.EventQueue (EventQueue.java:fireEvent(216)) - No event handler registered for event TypedEvent{payloadType=DatanodeDetails, name='Datanode_Command_Queue_Updated'}
2022-12-06 15:46:39,357 [EventQueue-CommandQueueReportForCommandQueueReportHandler] WARN  events.EventQueue (EventQueue.java:fireEvent(216)) - No event handler registered for event TypedEvent{payloadType=DatanodeDetails, name='Datanode_Command_Queue_Updated'}
2022-12-06 15:46:39,403 [EventQueue-CommandQueueReportForCommandQueueReportHandler] WARN  events.EventQueue (EventQueue.java:fireEvent(216)) - No event handler registered for event TypedEvent{payloadType=DatanodeDetails, name='Datanode_Command_Queue_Updated'}
2022-12-06 15:46:39,414 [EventQueue-CommandQueueReportForCommandQueueReportHandler] WARN  events.EventQueue (EventQueue.java:fireEvent(216)) - No event handler registered for event TypedEvent{payloadType=DatanodeDetails, name='Datanode_Command_Queue_Updated'}
2022-12-06 15:46:39,418 [EventQueue-CommandQueueReportForCommandQueueReportHandler] WARN  events.EventQueue (EventQueue.java:fireEvent(216)) - No event handler registered for event TypedEvent{payloadType=DatanodeDetails, name='Datanode_Command_Queue_Updated'}
2022-12-06 15:46:39,464 [EventQueue-CommandQueueReportForCommandQueueReportHandler] WARN  events.EventQueue (EventQueue.java:fireEvent(216)) - No event handler registered for event TypedEvent{payloadType=DatanodeDetails, name='Datanode_Command_Queue_Updated'}
2022-12-06 15:46:39,641 [EventQueue-CommandQueueReportForCommandQueueReportHandler] WARN  events.EventQueue (EventQueue.java:fireEvent(216)) - No event handler registered for event TypedEvent{payloadType=DatanodeDetails, name='Datanode_Command_Queue_Updated'}
2022-12-06 15:46:39,714 [EventQueue-CommandQueueReportForCommandQueueReportHandler] WARN  events.EventQueue (EventQueue.java:fireEvent(216)) - No event handler registered for event TypedEvent{payloadType=DatanodeDetails, name='Datanode_Command_Queue_Updated'}
2022-12-06 15:46:40,178 [EventQueue-CommandQueueReportForCommandQueueReportHandler] WARN  events.EventQueue (EventQueue.java:fireEvent(216)) - No event handler registered for event TypedEvent{payloadType=DatanodeDetails, name='Datanode_Command_Queue_Updated'}
2022-12-06 15:46:40,303 [EventQueue-CommandQueueReportForCommandQueueReportHandler] WARN  events.EventQueue (EventQueue.java:fireEvent(216)) - No event handler registered for event TypedEvent{payloadType=DatanodeDetails, name='Datanode_Command_Queue_Updated'}
2022-12-06 15:46:40,360 [EventQueue-CommandQueueReportForCommandQueueReportHandler] WARN  events.EventQueue (EventQueue.java:fireEvent(216)) - No event handler registered for event TypedEvent{payloadType=DatanodeDetails, name='Datanode_Command_Queue_Updated'}
2022-12-06 15:46:40,403 [EventQueue-CommandQueueReportForCommandQueueReportHandler] WARN  events.EventQueue (EventQueue.java:fireEvent(216)) - No event handler registered for event TypedEvent{payloadType=DatanodeDetails, name='Datanode_Command_Queue_Updated'}
2022-12-06 15:46:40,414 [EventQueue-CommandQueueReportForCommandQueueReportHandler] WARN  events.EventQueue (EventQueue.java:fireEvent(216)) - No event handler registered for event TypedEvent{payloadType=DatanodeDetails, name='Datanode_Command_Queue_Updated'}
2022-12-06 15:46:40,419 [EventQueue-CommandQueueReportForCommandQueueReportHandler] WARN  events.EventQueue (EventQueue.java:fireEvent(216)) - No event handler registered for event TypedEvent{payloadType=DatanodeDetails, name='Datanode_Command_Queue_Updated'}
2022-12-06 15:46:40,465 [EventQueue-CommandQueueReportForCommandQueueReportHandler] WARN  events.EventQueue (EventQueue.java:fireEvent(216)) - No event handler registered for event TypedEvent{payloadType=DatanodeDetails, name='Datanode_Command_Queue_Updated'}
2022-12-06 15:46:40,643 [EventQueue-CommandQueueReportForCommandQueueReportHandler] WARN  events.EventQueue (EventQueue.java:fireEvent(216)) - No event handler registered for event TypedEvent{payloadType=DatanodeDetails, name='Datanode_Command_Queue_Updated'}
2022-12-06 15:46:40,715 [EventQueue-CommandQueueReportForCommandQueueReportHandler] WARN  events.EventQueue (EventQueue.java:fireEvent(216)) - No event handler registered for event TypedEvent{payloadType=DatanodeDetails, name='Datanode_Command_Queue_Updated'}
2022-12-06 15:46:41,178 [EventQueue-CommandQueueReportForCommandQueueReportHandler] WARN  events.EventQueue (EventQueue.java:fireEvent(216)) - No event handler registered for event TypedEvent{payloadType=DatanodeDetails, name='Datanode_Command_Queue_Updated'}
2022-12-06 15:46:41,304 [EventQueue-CommandQueueReportForCommandQueueReportHandler] WARN  events.EventQueue (EventQueue.java:fireEvent(216)) - No event handler registered for event TypedEvent{payloadType=DatanodeDetails, name='Datanode_Command_Queue_Updated'}
2022-12-06 15:46:41,357 [EventQueue-CommandQueueReportForCommandQueueReportHandler] WARN  events.EventQueue (EventQueue.java:fireEvent(216)) - No event handler registered for event TypedEvent{payloadType=DatanodeDetails, name='Datanode_Command_Queue_Updated'}
2022-12-06 15:46:41,403 [EventQueue-CommandQueueReportForCommandQueueReportHandler] WARN  events.EventQueue (EventQueue.java:fireEvent(216)) - No event handler registered for event TypedEvent{payloadType=DatanodeDetails, name='Datanode_Command_Queue_Updated'}
2022-12-06 15:46:41,414 [EventQueue-CommandQueueReportForCommandQueueReportHandler] WARN  events.EventQueue (EventQueue.java:fireEvent(216)) - No event handler registered for event TypedEvent{payloadType=DatanodeDetails, name='Datanode_Command_Queue_Updated'}
2022-12-06 15:46:41,419 [EventQueue-CommandQueueReportForCommandQueueReportHandler] WARN  events.EventQueue (EventQueue.java:fireEvent(216)) - No event handler registered for event TypedEvent{payloadType=DatanodeDetails, name='Datanode_Command_Queue_Updated'}
2022-12-06 15:46:41,465 [EventQueue-CommandQueueReportForCommandQueueReportHandler] WARN  events.EventQueue (EventQueue.java:fireEvent(216)) - No event handler registered for event TypedEvent{payloadType=DatanodeDetails, name='Datanode_Command_Queue_Updated'}
2022-12-06 15:46:41,643 [EventQueue-CommandQueueReportForCommandQueueReportHandler] WARN  events.EventQueue (EventQueue.java:fireEvent(216)) - No event handler registered for event TypedEvent{payloadType=DatanodeDetails, name='Datanode_Command_Queue_Updated'}
2022-12-06 15:46:41,718 [EventQueue-CommandQueueReportForCommandQueueReportHandler] WARN  events.EventQueue (EventQueue.java:fireEvent(216)) - No event handler registered for event TypedEvent{payloadType=DatanodeDetails, name='Datanode_Command_Queue_Updated'}
2022-12-06 15:46:42,178 [EventQueue-CommandQueueReportForCommandQueueReportHandler] WARN  events.EventQueue (EventQueue.java:fireEvent(216)) - No event handler registered for event TypedEvent{payloadType=DatanodeDetails, name='Datanode_Command_Queue_Updated'}
2022-12-06 15:46:42,304 [EventQueue-CommandQueueReportForCommandQueueReportHandler] WARN  events.EventQueue (EventQueue.java:fireEvent(216)) - No event handler registered for event TypedEvent{payloadType=DatanodeDetails, name='Datanode_Command_Queue_Updated'}
2022-12-06 15:46:42,358 [EventQueue-CommandQueueReportForCommandQueueReportHandler] WARN  events.EventQueue (EventQueue.java:fireEvent(216)) - No event handler registered for event TypedEvent{payloadType=DatanodeDetails, name='Datanode_Command_Queue_Updated'}
2022-12-06 15:46:42,403 [EventQueue-CommandQueueReportForCommandQueueReportHandler] WARN  events.EventQueue (EventQueue.java:fireEvent(216)) - No event handler registered for event TypedEvent{payloadType=DatanodeDetails, name='Datanode_Command_Queue_Updated'}
2022-12-06 15:46:42,413 [EventQueue-CommandQueueReportForCommandQueueReportHandler] WARN  events.EventQueue (EventQueue.java:fireEvent(216)) - No event handler registered for event TypedEvent{payloadType=DatanodeDetails, name='Datanode_Command_Queue_Updated'}
2022-12-06 15:46:42,419 [EventQueue-CommandQueueReportForCommandQueueReportHandler] WARN  events.EventQueue (EventQueue.java:fireEvent(216)) - No event handler registered for event TypedEvent{payloadType=DatanodeDetails, name='Datanode_Command_Queue_Updated'}
2022-12-06 15:46:42,465 [EventQueue-CommandQueueReportForCommandQueueReportHandler] WARN  events.EventQueue (EventQueue.java:fireEvent(216)) - No event handler registered for event TypedEvent{payloadType=DatanodeDetails, name='Datanode_Command_Queue_Updated'}
2022-12-06 15:46:42,643 [EventQueue-CommandQueueReportForCommandQueueReportHandler] WARN  events.EventQueue (EventQueue.java:fireEvent(216)) - No event handler registered for event TypedEvent{payloadType=DatanodeDetails, name='Datanode_Command_Queue_Updated'}
2022-12-06 15:46:42,716 [EventQueue-CommandQueueReportForCommandQueueReportHandler] WARN  events.EventQueue (EventQueue.java:fireEvent(216)) - No event handler registered for event TypedEvent{payloadType=DatanodeDetails, name='Datanode_Command_Queue_Updated'}
2022-12-06 15:46:43,178 [EventQueue-CommandQueueReportForCommandQueueReportHandler] WARN  events.EventQueue (EventQueue.java:fireEvent(216)) - No event handler registered for event TypedEvent{payloadType=DatanodeDetails, name='Datanode_Command_Queue_Updated'}
2022-12-06 15:46:43,304 [EventQueue-CommandQueueReportForCommandQueueReportHandler] WARN  events.EventQueue (EventQueue.java:fireEvent(216)) - No event handler registered for event TypedEvent{payloadType=DatanodeDetails, name='Datanode_Command_Queue_Updated'}
2022-12-06 15:46:43,357 [EventQueue-CommandQueueReportForCommandQueueReportHandler] WARN  events.EventQueue (EventQueue.java:fireEvent(216)) - No event handler registered for event TypedEvent{payloadType=DatanodeDetails, name='Datanode_Command_Queue_Updated'}
2022-12-06 15:46:43,403 [EventQueue-CommandQueueReportForCommandQueueReportHandler] WARN  events.EventQueue (EventQueue.java:fireEvent(216)) - No event handler registered for event TypedEvent{payloadType=DatanodeDetails, name='Datanode_Command_Queue_Updated'}
2022-12-06 15:46:43,413 [EventQueue-CommandQueueReportForCommandQueueReportHandler] WARN  events.EventQueue (EventQueue.java:fireEvent(216)) - No event handler registered for event TypedEvent{payloadType=DatanodeDetails, name='Datanode_Command_Queue_Updated'}
2022-12-06 15:46:43,419 [EventQueue-CommandQueueReportForCommandQueueReportHandler] WARN  events.EventQueue (EventQueue.java:fireEvent(216)) - No event handler registered for event TypedEvent{payloadType=DatanodeDetails, name='Datanode_Command_Queue_Updated'}
2022-12-06 15:46:43,464 [EventQueue-CommandQueueReportForCommandQueueReportHandler] WARN  events.EventQueue (EventQueue.java:fireEvent(216)) - No event handler registered for event TypedEvent{payloadType=DatanodeDetails, name='Datanode_Command_Queue_Updated'}
2022-12-06 15:46:43,642 [EventQueue-CommandQueueReportForCommandQueueReportHandler] WARN  events.EventQueue (EventQueue.java:fireEvent(216)) - No event handler registered for event TypedEvent{payloadType=DatanodeDetails, name='Datanode_Command_Queue_Updated'}
2022-12-06 15:46:43,716 [EventQueue-CommandQueueReportForCommandQueueReportHandler] WARN  events.EventQueue (EventQueue.java:fireEvent(216)) - No event handler registered for event TypedEvent{payloadType=DatanodeDetails, name='Datanode_Command_Queue_Updated'}
2022-12-06 15:46:44,178 [EventQueue-CommandQueueReportForCommandQueueReportHandler] WARN  events.EventQueue (EventQueue.java:fireEvent(216)) - No event handler registered for event TypedEvent{payloadType=DatanodeDetails, name='Datanode_Command_Queue_Updated'}
2022-12-06 15:46:44,305 [EventQueue-CommandQueueReportForCommandQueueReportHandler] WARN  events.EventQueue (EventQueue.java:fireEvent(216)) - No event handler registered for event TypedEvent{payloadType=DatanodeDetails, name='Datanode_Command_Queue_Updated'}
2022-12-06 15:46:44,358 [EventQueue-CommandQueueReportForCommandQueueReportHandler] WARN  events.EventQueue (EventQueue.java:fireEvent(216)) - No event handler registered for event TypedEvent{payloadType=DatanodeDetails, name='Datanode_Command_Queue_Updated'}
2022-12-06 15:46:44,402 [EventQueue-CommandQueueReportForCommandQueueReportHandler] WARN  events.EventQueue (EventQueue.java:fireEvent(216)) - No event handler registered for event TypedEvent{payloadType=DatanodeDetails, name='Datanode_Command_Queue_Updated'}
2022-12-06 15:46:44,413 [EventQueue-CommandQueueReportForCommandQueueReportHandler] WARN  events.EventQueue (EventQueue.java:fireEvent(216)) - No event handler registered for event TypedEvent{payloadType=DatanodeDetails, name='Datanode_Command_Queue_Updated'}
2022-12-06 15:46:44,418 [EventQueue-CommandQueueReportForCommandQueueReportHandler] WARN  events.EventQueue (EventQueue.java:fireEvent(216)) - No event handler registered for event TypedEvent{payloadType=DatanodeDetails, name='Datanode_Command_Queue_Updated'}
2022-12-06 15:46:44,465 [EventQueue-CommandQueueReportForCommandQueueReportHandler] WARN  events.EventQueue (EventQueue.java:fireEvent(216)) - No event handler registered for event TypedEvent{payloadType=DatanodeDetails, name='Datanode_Command_Queue_Updated'}
2022-12-06 15:46:44,643 [EventQueue-CommandQueueReportForCommandQueueReportHandler] WARN  events.EventQueue (EventQueue.java:fireEvent(216)) - No event handler registered for event TypedEvent{payloadType=DatanodeDetails, name='Datanode_Command_Queue_Updated'}
2022-12-06 15:46:44,715 [EventQueue-CommandQueueReportForCommandQueueReportHandler] WARN  events.EventQueue (EventQueue.java:fireEvent(216)) - No event handler registered for event TypedEvent{payloadType=DatanodeDetails, name='Datanode_Command_Queue_Updated'}
2022-12-06 15:46:45,177 [EventQueue-CommandQueueReportForCommandQueueReportHandler] WARN  events.EventQueue (EventQueue.java:fireEvent(216)) - No event handler registered for event TypedEvent{payloadType=DatanodeDetails, name='Datanode_Command_Queue_Updated'}
2022-12-06 15:46:45,305 [EventQueue-CommandQueueReportForCommandQueueReportHandler] WARN  events.EventQueue (EventQueue.java:fireEvent(216)) - No event handler registered for event TypedEvent{payloadType=DatanodeDetails, name='Datanode_Command_Queue_Updated'}
2022-12-06 15:46:45,358 [EventQueue-CommandQueueReportForCommandQueueReportHandler] WARN  events.EventQueue (EventQueue.java:fireEvent(216)) - No event handler registered for event TypedEvent{payloadType=DatanodeDetails, name='Datanode_Command_Queue_Updated'}
2022-12-06 15:46:45,403 [EventQueue-CommandQueueReportForCommandQueueReportHandler] WARN  events.EventQueue (EventQueue.java:fireEvent(216)) - No event handler registered for event TypedEvent{payloadType=DatanodeDetails, name='Datanode_Command_Queue_Updated'}
2022-12-06 15:46:45,415 [EventQueue-CommandQueueReportForCommandQueueReportHandler] WARN  events.EventQueue (EventQueue.java:fireEvent(216)) - No event handler registered for event TypedEvent{payloadType=DatanodeDetails, name='Datanode_Command_Queue_Updated'}
2022-12-06 15:46:45,418 [EventQueue-CommandQueueReportForCommandQueueReportHandler] WARN  events.EventQueue (EventQueue.java:fireEvent(216)) - No event handler registered for event TypedEvent{payloadType=DatanodeDetails, name='Datanode_Command_Queue_Updated'}
2022-12-06 15:46:45,465 [EventQueue-CommandQueueReportForCommandQueueReportHandler] WARN  events.EventQueue (EventQueue.java:fireEvent(216)) - No event handler registered for event TypedEvent{payloadType=DatanodeDetails, name='Datanode_Command_Queue_Updated'}
2022-12-06 15:46:45,643 [EventQueue-CommandQueueReportForCommandQueueReportHandler] WARN  events.EventQueue (EventQueue.java:fireEvent(216)) - No event handler registered for event TypedEvent{payloadType=DatanodeDetails, name='Datanode_Command_Queue_Updated'}
2022-12-06 15:46:45,716 [EventQueue-CommandQueueReportForCommandQueueReportHandler] WARN  events.EventQueue (EventQueue.java:fireEvent(216)) - No event handler registered for event TypedEvent{payloadType=DatanodeDetails, name='Datanode_Command_Queue_Updated'}
2022-12-06 15:46:46,178 [EventQueue-CommandQueueReportForCommandQueueReportHandler] WARN  events.EventQueue (EventQueue.java:fireEvent(216)) - No event handler registered for event TypedEvent{payloadType=DatanodeDetails, name='Datanode_Command_Queue_Updated'}
2022-12-06 15:46:46,305 [EventQueue-CommandQueueReportForCommandQueueReportHandler] WARN  events.EventQueue (EventQueue.java:fireEvent(216)) - No event handler registered for event TypedEvent{payloadType=DatanodeDetails, name='Datanode_Command_Queue_Updated'}
2022-12-06 15:46:46,357 [EventQueue-CommandQueueReportForCommandQueueReportHandler] WARN  events.EventQueue (EventQueue.java:fireEvent(216)) - No event handler registered for event TypedEvent{payloadType=DatanodeDetails, name='Datanode_Command_Queue_Updated'}
2022-12-06 15:46:46,403 [EventQueue-CommandQueueReportForCommandQueueReportHandler] WARN  events.EventQueue (EventQueue.java:fireEvent(216)) - No event handler registered for event TypedEvent{payloadType=DatanodeDetails, name='Datanode_Command_Queue_Updated'}
2022-12-06 15:46:46,415 [EventQueue-CommandQueueReportForCommandQueueReportHandler] WARN  events.EventQueue (EventQueue.java:fireEvent(216)) - No event handler registered for event TypedEvent{payloadType=DatanodeDetails, name='Datanode_Command_Queue_Updated'}
2022-12-06 15:46:46,418 [EventQueue-CommandQueueReportForCommandQueueReportHandler] WARN  events.EventQueue (EventQueue.java:fireEvent(216)) - No event handler registered for event TypedEvent{payloadType=DatanodeDetails, name='Datanode_Command_Queue_Updated'}
2022-12-06 15:46:46,466 [EventQueue-CommandQueueReportForCommandQueueReportHandler] WARN  events.EventQueue (EventQueue.java:fireEvent(216)) - No event handler registered for event TypedEvent{payloadType=DatanodeDetails, name='Datanode_Command_Queue_Updated'}
2022-12-06 15:46:46,642 [EventQueue-CommandQueueReportForCommandQueueReportHandler] WARN  events.EventQueue (EventQueue.java:fireEvent(216)) - No event handler registered for event TypedEvent{payloadType=DatanodeDetails, name='Datanode_Command_Queue_Updated'}
2022-12-06 15:46:46,716 [EventQueue-CommandQueueReportForCommandQueueReportHandler] WARN  events.EventQueue (EventQueue.java:fireEvent(216)) - No event handler registered for event TypedEvent{payloadType=DatanodeDetails, name='Datanode_Command_Queue_Updated'}
2022-12-06 15:46:47,177 [EventQueue-CommandQueueReportForCommandQueueReportHandler] WARN  events.EventQueue (EventQueue.java:fireEvent(216)) - No event handler registered for event TypedEvent{payloadType=DatanodeDetails, name='Datanode_Command_Queue_Updated'}
2022-12-06 15:46:47,305 [EventQueue-CommandQueueReportForCommandQueueReportHandler] WARN  events.EventQueue (EventQueue.java:fireEvent(216)) - No event handler registered for event TypedEvent{payloadType=DatanodeDetails, name='Datanode_Command_Queue_Updated'}
2022-12-06 15:46:47,358 [EventQueue-CommandQueueReportForCommandQueueReportHandler] WARN  events.EventQueue (EventQueue.java:fireEvent(216)) - No event handler registered for event TypedEvent{payloadType=DatanodeDetails, name='Datanode_Command_Queue_Updated'}
2022-12-06 15:46:47,403 [EventQueue-CommandQueueReportForCommandQueueReportHandler] WARN  events.EventQueue (EventQueue.java:fireEvent(216)) - No event handler registered for event TypedEvent{payloadType=DatanodeDetails, name='Datanode_Command_Queue_Updated'}
2022-12-06 15:46:47,416 [EventQueue-CommandQueueReportForCommandQueueReportHandler] WARN  events.EventQueue (EventQueue.java:fireEvent(216)) - No event handler registered for event TypedEvent{payloadType=DatanodeDetails, name='Datanode_Command_Queue_Updated'}
2022-12-06 15:46:47,418 [EventQueue-CommandQueueReportForCommandQueueReportHandler] WARN  events.EventQueue (EventQueue.java:fireEvent(216)) - No event handler registered for event TypedEvent{payloadType=DatanodeDetails, name='Datanode_Command_Queue_Updated'}
2022-12-06 15:46:47,467 [EventQueue-CommandQueueReportForCommandQueueReportHandler] WARN  events.EventQueue (EventQueue.java:fireEvent(216)) - No event handler registered for event TypedEvent{payloadType=DatanodeDetails, name='Datanode_Command_Queue_Updated'}
2022-12-06 15:46:47,643 [EventQueue-CommandQueueReportForCommandQueueReportHandler] WARN  events.EventQueue (EventQueue.java:fireEvent(216)) - No event handler registered for event TypedEvent{payloadType=DatanodeDetails, name='Datanode_Command_Queue_Updated'}
2022-12-06 15:46:47,715 [EventQueue-CommandQueueReportForCommandQueueReportHandler] WARN  events.EventQueue (EventQueue.java:fireEvent(216)) - No event handler registered for event TypedEvent{payloadType=DatanodeDetails, name='Datanode_Command_Queue_Updated'}
2022-12-06 15:46:48,178 [EventQueue-CommandQueueReportForCommandQueueReportHandler] WARN  events.EventQueue (EventQueue.java:fireEvent(216)) - No event handler registered for event TypedEvent{payloadType=DatanodeDetails, name='Datanode_Command_Queue_Updated'}
2022-12-06 15:46:48,305 [EventQueue-CommandQueueReportForCommandQueueReportHandler] WARN  events.EventQueue (EventQueue.java:fireEvent(216)) - No event handler registered for event TypedEvent{payloadType=DatanodeDetails, name='Datanode_Command_Queue_Updated'}
2022-12-06 15:46:48,358 [EventQueue-CommandQueueReportForCommandQueueReportHandler] WARN  events.EventQueue (EventQueue.java:fireEvent(216)) - No event handler registered for event TypedEvent{payloadType=DatanodeDetails, name='Datanode_Command_Queue_Updated'}
2022-12-06 15:46:48,404 [EventQueue-CommandQueueReportForCommandQueueReportHandler] WARN  events.EventQueue (EventQueue.java:fireEvent(216)) - No event handler registered for event TypedEvent{payloadType=DatanodeDetails, name='Datanode_Command_Queue_Updated'}
2022-12-06 15:46:48,416 [EventQueue-CommandQueueReportForCommandQueueReportHandler] WARN  events.EventQueue (EventQueue.java:fireEvent(216)) - No event handler registered for event TypedEvent{payloadType=DatanodeDetails, name='Datanode_Command_Queue_Updated'}
2022-12-06 15:46:48,418 [EventQueue-CommandQueueReportForCommandQueueReportHandler] WARN  events.EventQueue (EventQueue.java:fireEvent(216)) - No event handler registered for event TypedEvent{payloadType=DatanodeDetails, name='Datanode_Command_Queue_Updated'}
2022-12-06 15:46:48,468 [EventQueue-CommandQueueReportForCommandQueueReportHandler] WARN  events.EventQueue (EventQueue.java:fireEvent(216)) - No event handler registered for event TypedEvent{payloadType=DatanodeDetails, name='Datanode_Command_Queue_Updated'}
2022-12-06 15:46:48,643 [EventQueue-CommandQueueReportForCommandQueueReportHandler] WARN  events.EventQueue (EventQueue.java:fireEvent(216)) - No event handler registered for event TypedEvent{payloadType=DatanodeDetails, name='Datanode_Command_Queue_Updated'}
2022-12-06 15:46:48,716 [EventQueue-CommandQueueReportForCommandQueueReportHandler] WARN  events.EventQueue (EventQueue.java:fireEvent(216)) - No event handler registered for event TypedEvent{payloadType=DatanodeDetails, name='Datanode_Command_Queue_Updated'}
2022-12-06 15:46:49,178 [EventQueue-CommandQueueReportForCommandQueueReportHandler] WARN  events.EventQueue (EventQueue.java:fireEvent(216)) - No event handler registered for event TypedEvent{payloadType=DatanodeDetails, name='Datanode_Command_Queue_Updated'}
2022-12-06 15:46:49,305 [EventQueue-CommandQueueReportForCommandQueueReportHandler] WARN  events.EventQueue (EventQueue.java:fireEvent(216)) - No event handler registered for event TypedEvent{payloadType=DatanodeDetails, name='Datanode_Command_Queue_Updated'}
2022-12-06 15:46:49,357 [EventQueue-CommandQueueReportForCommandQueueReportHandler] WARN  events.EventQueue (EventQueue.java:fireEvent(216)) - No event handler registered for event TypedEvent{payloadType=DatanodeDetails, name='Datanode_Command_Queue_Updated'}
2022-12-06 15:46:49,404 [EventQueue-CommandQueueReportForCommandQueueReportHandler] WARN  events.EventQueue (EventQueue.java:fireEvent(216)) - No event handler registered for event TypedEvent{payloadType=DatanodeDetails, name='Datanode_Command_Queue_Updated'}
2022-12-06 15:46:49,415 [EventQueue-CommandQueueReportForCommandQueueReportHandler] WARN  events.EventQueue (EventQueue.java:fireEvent(216)) - No event handler registered for event TypedEvent{payloadType=DatanodeDetails, name='Datanode_Command_Queue_Updated'}
2022-12-06 15:46:49,418 [EventQueue-CommandQueueReportForCommandQueueReportHandler] WARN  events.EventQueue (EventQueue.java:fireEvent(216)) - No event handler registered for event TypedEvent{payloadType=DatanodeDetails, name='Datanode_Command_Queue_Updated'}
2022-12-06 15:46:49,468 [EventQueue-CommandQueueReportForCommandQueueReportHandler] WARN  events.EventQueue (EventQueue.java:fireEvent(216)) - No event handler registered for event TypedEvent{payloadType=DatanodeDetails, name='Datanode_Command_Queue_Updated'}
2022-12-06 15:46:49,642 [EventQueue-CommandQueueReportForCommandQueueReportHandler] WARN  events.EventQueue (EventQueue.java:fireEvent(216)) - No event handler registered for event TypedEvent{payloadType=DatanodeDetails, name='Datanode_Command_Queue_Updated'}
2022-12-06 15:46:49,716 [EventQueue-CommandQueueReportForCommandQueueReportHandler] WARN  events.EventQueue (EventQueue.java:fireEvent(216)) - No event handler registered for event TypedEvent{payloadType=DatanodeDetails, name='Datanode_Command_Queue_Updated'}
2022-12-06 15:46:50,177 [EventQueue-CommandQueueReportForCommandQueueReportHandler] WARN  events.EventQueue (EventQueue.java:fireEvent(216)) - No event handler registered for event TypedEvent{payloadType=DatanodeDetails, name='Datanode_Command_Queue_Updated'}
2022-12-06 15:46:50,306 [EventQueue-CommandQueueReportForCommandQueueReportHandler] WARN  events.EventQueue (EventQueue.java:fireEvent(216)) - No event handler registered for event TypedEvent{payloadType=DatanodeDetails, name='Datanode_Command_Queue_Updated'}
2022-12-06 15:46:50,358 [EventQueue-CommandQueueReportForCommandQueueReportHandler] WARN  events.EventQueue (EventQueue.java:fireEvent(216)) - No event handler registered for event TypedEvent{payloadType=DatanodeDetails, name='Datanode_Command_Queue_Updated'}
2022-12-06 15:46:50,404 [EventQueue-CommandQueueReportForCommandQueueReportHandler] WARN  events.EventQueue (EventQueue.java:fireEvent(216)) - No event handler registered for event TypedEvent{payloadType=DatanodeDetails, name='Datanode_Command_Queue_Updated'}
2022-12-06 15:46:50,415 [EventQueue-CommandQueueReportForCommandQueueReportHandler] WARN  events.EventQueue (EventQueue.java:fireEvent(216)) - No event handler registered for event TypedEvent{payloadType=DatanodeDetails, name='Datanode_Command_Queue_Updated'}
2022-12-06 15:46:50,418 [EventQueue-CommandQueueReportForCommandQueueReportHandler] WARN  events.EventQueue (EventQueue.java:fireEvent(216)) - No event handler registered for event TypedEvent{payloadType=DatanodeDetails, name='Datanode_Command_Queue_Updated'}
2022-12-06 15:46:50,468 [EventQueue-CommandQueueReportForCommandQueueReportHandler] WARN  events.EventQueue (EventQueue.java:fireEvent(216)) - No event handler registered for event TypedEvent{payloadType=DatanodeDetails, name='Datanode_Command_Queue_Updated'}
2022-12-06 15:46:50,643 [EventQueue-CommandQueueReportForCommandQueueReportHandler] WARN  events.EventQueue (EventQueue.java:fireEvent(216)) - No event handler registered for event TypedEvent{payloadType=DatanodeDetails, name='Datanode_Command_Queue_Updated'}
2022-12-06 15:46:50,715 [EventQueue-CommandQueueReportForCommandQueueReportHandler] WARN  events.EventQueue (EventQueue.java:fireEvent(216)) - No event handler registered for event TypedEvent{payloadType=DatanodeDetails, name='Datanode_Command_Queue_Updated'}
2022-12-06 15:46:51,178 [EventQueue-CommandQueueReportForCommandQueueReportHandler] WARN  events.EventQueue (EventQueue.java:fireEvent(216)) - No event handler registered for event TypedEvent{payloadType=DatanodeDetails, name='Datanode_Command_Queue_Updated'}
2022-12-06 15:46:51,306 [EventQueue-CommandQueueReportForCommandQueueReportHandler] WARN  events.EventQueue (EventQueue.java:fireEvent(216)) - No event handler registered for event TypedEvent{payloadType=DatanodeDetails, name='Datanode_Command_Queue_Updated'}
2022-12-06 15:46:51,358 [EventQueue-CommandQueueReportForCommandQueueReportHandler] WARN  events.EventQueue (EventQueue.java:fireEvent(216)) - No event handler registered for event TypedEvent{payloadType=DatanodeDetails, name='Datanode_Command_Queue_Updated'}
2022-12-06 15:46:51,404 [EventQueue-CommandQueueReportForCommandQueueReportHandler] WARN  events.EventQueue (EventQueue.java:fireEvent(216)) - No event handler registered for event TypedEvent{payloadType=DatanodeDetails, name='Datanode_Command_Queue_Updated'}
2022-12-06 15:46:51,416 [EventQueue-CommandQueueReportForCommandQueueReportHandler] WARN  events.EventQueue (EventQueue.java:fireEvent(216)) - No event handler registered for event TypedEvent{payloadType=DatanodeDetails, name='Datanode_Command_Queue_Updated'}
2022-12-06 15:46:51,418 [EventQueue-CommandQueueReportForCommandQueueReportHandler] WARN  events.EventQueue (EventQueue.java:fireEvent(216)) - No event handler registered for event TypedEvent{payloadType=DatanodeDetails, name='Datanode_Command_Queue_Updated'}
2022-12-06 15:46:51,468 [EventQueue-CommandQueueReportForCommandQueueReportHandler] WARN  events.EventQueue (EventQueue.java:fireEvent(216)) - No event handler registered for event TypedEvent{payloadType=DatanodeDetails, name='Datanode_Command_Queue_Updated'}
2022-12-06 15:46:51,643 [EventQueue-CommandQueueReportForCommandQueueReportHandler] WARN  events.EventQueue (EventQueue.java:fireEvent(216)) - No event handler registered for event TypedEvent{payloadType=DatanodeDetails, name='Datanode_Command_Queue_Updated'}
2022-12-06 15:46:51,716 [EventQueue-CommandQueueReportForCommandQueueReportHandler] WARN  events.EventQueue (EventQueue.java:fireEvent(216)) - No event handler registered for event TypedEvent{payloadType=DatanodeDetails, name='Datanode_Command_Queue_Updated'}
2022-12-06 15:46:52,178 [EventQueue-CommandQueueReportForCommandQueueReportHandler] WARN  events.EventQueue (EventQueue.java:fireEvent(216)) - No event handler registered for event TypedEvent{payloadType=DatanodeDetails, name='Datanode_Command_Queue_Updated'}
2022-12-06 15:46:52,306 [EventQueue-CommandQueueReportForCommandQueueReportHandler] WARN  events.EventQueue (EventQueue.java:fireEvent(216)) - No event handler registered for event TypedEvent{payloadType=DatanodeDetails, name='Datanode_Command_Queue_Updated'}
2022-12-06 15:46:52,357 [EventQueue-CommandQueueReportForCommandQueueReportHandler] WARN  events.EventQueue (EventQueue.java:fireEvent(216)) - No event handler registered for event TypedEvent{payloadType=DatanodeDetails, name='Datanode_Command_Queue_Updated'}
2022-12-06 15:46:52,405 [EventQueue-CommandQueueReportForCommandQueueReportHandler] WARN  events.EventQueue (EventQueue.java:fireEvent(216)) - No event handler registered for event TypedEvent{payloadType=DatanodeDetails, name='Datanode_Command_Queue_Updated'}
2022-12-06 15:46:52,416 [EventQueue-CommandQueueReportForCommandQueueReportHandler] WARN  events.EventQueue (EventQueue.java:fireEvent(216)) - No event handler registered for event TypedEvent{payloadType=DatanodeDetails, name='Datanode_Command_Queue_Updated'}
2022-12-06 15:46:52,419 [EventQueue-CommandQueueReportForCommandQueueReportHandler] WARN  events.EventQueue (EventQueue.java:fireEvent(216)) - No event handler registered for event TypedEvent{payloadType=DatanodeDetails, name='Datanode_Command_Queue_Updated'}
2022-12-06 15:46:52,467 [EventQueue-CommandQueueReportForCommandQueueReportHandler] WARN  events.EventQueue (EventQueue.java:fireEvent(216)) - No event handler registered for event TypedEvent{payloadType=DatanodeDetails, name='Datanode_Command_Queue_Updated'}
2022-12-06 15:46:52,642 [EventQueue-CommandQueueReportForCommandQueueReportHandler] WARN  events.EventQueue (EventQueue.java:fireEvent(216)) - No event handler registered for event TypedEvent{payloadType=DatanodeDetails, name='Datanode_Command_Queue_Updated'}
2022-12-06 15:46:52,716 [EventQueue-CommandQueueReportForCommandQueueReportHandler] WARN  events.EventQueue (EventQueue.java:fireEvent(216)) - No event handler registered for event TypedEvent{payloadType=DatanodeDetails, name='Datanode_Command_Queue_Updated'}
2022-12-06 15:46:53,178 [EventQueue-CommandQueueReportForCommandQueueReportHandler] WARN  events.EventQueue (EventQueue.java:fireEvent(216)) - No event handler registered for event TypedEvent{payloadType=DatanodeDetails, name='Datanode_Command_Queue_Updated'}
2022-12-06 15:46:53,306 [EventQueue-CommandQueueReportForCommandQueueReportHandler] WARN  events.EventQueue (EventQueue.java:fireEvent(216)) - No event handler registered for event TypedEvent{payloadType=DatanodeDetails, name='Datanode_Command_Queue_Updated'}
2022-12-06 15:46:53,358 [EventQueue-CommandQueueReportForCommandQueueReportHandler] WARN  events.EventQueue (EventQueue.java:fireEvent(216)) - No event handler registered for event TypedEvent{payloadType=DatanodeDetails, name='Datanode_Command_Queue_Updated'}
2022-12-06 15:46:53,404 [EventQueue-CommandQueueReportForCommandQueueReportHandler] WARN  events.EventQueue (EventQueue.java:fireEvent(216)) - No event handler registered for event TypedEvent{payloadType=DatanodeDetails, name='Datanode_Command_Queue_Updated'}
2022-12-06 15:46:53,416 [EventQueue-CommandQueueReportForCommandQueueReportHandler] WARN  events.EventQueue (EventQueue.java:fireEvent(216)) - No event handler registered for event TypedEvent{payloadType=DatanodeDetails, name='Datanode_Command_Queue_Updated'}
2022-12-06 15:46:53,420 [EventQueue-CommandQueueReportForCommandQueueReportHandler] WARN  events.EventQueue (EventQueue.java:fireEvent(216)) - No event handler registered for event TypedEvent{payloadType=DatanodeDetails, name='Datanode_Command_Queue_Updated'}
2022-12-06 15:46:53,468 [EventQueue-CommandQueueReportForCommandQueueReportHandler] WARN  events.EventQueue (EventQueue.java:fireEvent(216)) - No event handler registered for event TypedEvent{payloadType=DatanodeDetails, name='Datanode_Command_Queue_Updated'}
2022-12-06 15:46:53,642 [EventQueue-CommandQueueReportForCommandQueueReportHandler] WARN  events.EventQueue (EventQueue.java:fireEvent(216)) - No event handler registered for event TypedEvent{payloadType=DatanodeDetails, name='Datanode_Command_Queue_Updated'}
2022-12-06 15:46:53,715 [EventQueue-CommandQueueReportForCommandQueueReportHandler] WARN  events.EventQueue (EventQueue.java:fireEvent(216)) - No event handler registered for event TypedEvent{payloadType=DatanodeDetails, name='Datanode_Command_Queue_Updated'}
2022-12-06 15:46:54,179 [EventQueue-CommandQueueReportForCommandQueueReportHandler] WARN  events.EventQueue (EventQueue.java:fireEvent(216)) - No event handler registered for event TypedEvent{payloadType=DatanodeDetails, name='Datanode_Command_Queue_Updated'}
2022-12-06 15:46:54,307 [EventQueue-CommandQueueReportForCommandQueueReportHandler] WARN  events.EventQueue (EventQueue.java:fireEvent(216)) - No event handler registered for event TypedEvent{payloadType=DatanodeDetails, name='Datanode_Command_Queue_Updated'}
2022-12-06 15:46:54,358 [EventQueue-CommandQueueReportForCommandQueueReportHandler] WARN  events.EventQueue (EventQueue.java:fireEvent(216)) - No event handler registered for event TypedEvent{payloadType=DatanodeDetails, name='Datanode_Command_Queue_Updated'}
2022-12-06 15:46:54,404 [EventQueue-CommandQueueReportForCommandQueueReportHandler] WARN  events.EventQueue (EventQueue.java:fireEvent(216)) - No event handler registered for event TypedEvent{payloadType=DatanodeDetails, name='Datanode_Command_Queue_Updated'}
2022-12-06 15:46:54,416 [EventQueue-CommandQueueReportForCommandQueueReportHandler] WARN  events.EventQueue (EventQueue.java:fireEvent(216)) - No event handler registered for event TypedEvent{payloadType=DatanodeDetails, name='Datanode_Command_Queue_Updated'}
2022-12-06 15:46:54,419 [EventQueue-CommandQueueReportForCommandQueueReportHandler] WARN  events.EventQueue (EventQueue.java:fireEvent(216)) - No event handler registered for event TypedEvent{payloadType=DatanodeDetails, name='Datanode_Command_Queue_Updated'}
2022-12-06 15:46:54,468 [EventQueue-CommandQueueReportForCommandQueueReportHandler] WARN  events.EventQueue (EventQueue.java:fireEvent(216)) - No event handler registered for event TypedEvent{payloadType=DatanodeDetails, name='Datanode_Command_Queue_Updated'}
2022-12-06 15:46:54,643 [EventQueue-CommandQueueReportForCommandQueueReportHandler] WARN  events.EventQueue (EventQueue.java:fireEvent(216)) - No event handler registered for event TypedEvent{payloadType=DatanodeDetails, name='Datanode_Command_Queue_Updated'}
2022-12-06 15:46:54,716 [EventQueue-CommandQueueReportForCommandQueueReportHandler] WARN  events.EventQueue (EventQueue.java:fireEvent(216)) - No event handler registered for event TypedEvent{payloadType=DatanodeDetails, name='Datanode_Command_Queue_Updated'}
2022-12-06 15:46:55,180 [EventQueue-CommandQueueReportForCommandQueueReportHandler] WARN  events.EventQueue (EventQueue.java:fireEvent(216)) - No event handler registered for event TypedEvent{payloadType=DatanodeDetails, name='Datanode_Command_Queue_Updated'}
2022-12-06 15:46:55,307 [EventQueue-CommandQueueReportForCommandQueueReportHandler] WARN  events.EventQueue (EventQueue.java:fireEvent(216)) - No event handler registered for event TypedEvent{payloadType=DatanodeDetails, name='Datanode_Command_Queue_Updated'}
2022-12-06 15:46:55,359 [EventQueue-CommandQueueReportForCommandQueueReportHandler] WARN  events.EventQueue (EventQueue.java:fireEvent(216)) - No event handler registered for event TypedEvent{payloadType=DatanodeDetails, name='Datanode_Command_Queue_Updated'}
2022-12-06 15:46:55,405 [EventQueue-CommandQueueReportForCommandQueueReportHandler] WARN  events.EventQueue (EventQueue.java:fireEvent(216)) - No event handler registered for event TypedEvent{payloadType=DatanodeDetails, name='Datanode_Command_Queue_Updated'}
2022-12-06 15:46:55,416 [EventQueue-CommandQueueReportForCommandQueueReportHandler] WARN  events.EventQueue (EventQueue.java:fireEvent(216)) - No event handler registered for event TypedEvent{payloadType=DatanodeDetails, name='Datanode_Command_Queue_Updated'}
2022-12-06 15:46:55,419 [EventQueue-CommandQueueReportForCommandQueueReportHandler] WARN  events.EventQueue (EventQueue.java:fireEvent(216)) - No event handler registered for event TypedEvent{payloadType=DatanodeDetails, name='Datanode_Command_Queue_Updated'}
2022-12-06 15:46:55,468 [EventQueue-CommandQueueReportForCommandQueueReportHandler] WARN  events.EventQueue (EventQueue.java:fireEvent(216)) - No event handler registered for event TypedEvent{payloadType=DatanodeDetails, name='Datanode_Command_Queue_Updated'}
2022-12-06 15:46:55,642 [EventQueue-CommandQueueReportForCommandQueueReportHandler] WARN  events.EventQueue (EventQueue.java:fireEvent(216)) - No event handler registered for event TypedEvent{payloadType=DatanodeDetails, name='Datanode_Command_Queue_Updated'}
2022-12-06 15:46:55,716 [EventQueue-CommandQueueReportForCommandQueueReportHandler] WARN  events.EventQueue (EventQueue.java:fireEvent(216)) - No event handler registered for event TypedEvent{payloadType=DatanodeDetails, name='Datanode_Command_Queue_Updated'}
2022-12-06 15:46:56,179 [EventQueue-CommandQueueReportForCommandQueueReportHandler] WARN  events.EventQueue (EventQueue.java:fireEvent(216)) - No event handler registered for event TypedEvent{payloadType=DatanodeDetails, name='Datanode_Command_Queue_Updated'}
2022-12-06 15:46:56,306 [EventQueue-CommandQueueReportForCommandQueueReportHandler] WARN  events.EventQueue (EventQueue.java:fireEvent(216)) - No event handler registered for event TypedEvent{payloadType=DatanodeDetails, name='Datanode_Command_Queue_Updated'}
2022-12-06 15:46:56,360 [EventQueue-CommandQueueReportForCommandQueueReportHandler] WARN  events.EventQueue (EventQueue.java:fireEvent(216)) - No event handler registered for event TypedEvent{payloadType=DatanodeDetails, name='Datanode_Command_Queue_Updated'}
2022-12-06 15:46:56,405 [EventQueue-CommandQueueReportForCommandQueueReportHandler] WARN  events.EventQueue (EventQueue.java:fireEvent(216)) - No event handler registered for event TypedEvent{payloadType=DatanodeDetails, name='Datanode_Command_Queue_Updated'}
2022-12-06 15:46:56,415 [EventQueue-CommandQueueReportForCommandQueueReportHandler] WARN  events.EventQueue (EventQueue.java:fireEvent(216)) - No event handler registered for event TypedEvent{payloadType=DatanodeDetails, name='Datanode_Command_Queue_Updated'}
2022-12-06 15:46:56,419 [EventQueue-CommandQueueReportForCommandQueueReportHandler] WARN  events.EventQueue (EventQueue.java:fireEvent(216)) - No event handler registered for event TypedEvent{payloadType=DatanodeDetails, name='Datanode_Command_Queue_Updated'}
2022-12-06 15:46:56,468 [EventQueue-CommandQueueReportForCommandQueueReportHandler] WARN  events.EventQueue (EventQueue.java:fireEvent(216)) - No event handler registered for event TypedEvent{payloadType=DatanodeDetails, name='Datanode_Command_Queue_Updated'}
2022-12-06 15:46:56,642 [EventQueue-CommandQueueReportForCommandQueueReportHandler] WARN  events.EventQueue (EventQueue.java:fireEvent(216)) - No event handler registered for event TypedEvent{payloadType=DatanodeDetails, name='Datanode_Command_Queue_Updated'}
2022-12-06 15:46:56,716 [EventQueue-CommandQueueReportForCommandQueueReportHandler] WARN  events.EventQueue (EventQueue.java:fireEvent(216)) - No event handler registered for event TypedEvent{payloadType=DatanodeDetails, name='Datanode_Command_Queue_Updated'}
2022-12-06 15:46:57,179 [EventQueue-CommandQueueReportForCommandQueueReportHandler] WARN  events.EventQueue (EventQueue.java:fireEvent(216)) - No event handler registered for event TypedEvent{payloadType=DatanodeDetails, name='Datanode_Command_Queue_Updated'}
2022-12-06 15:46:57,307 [EventQueue-CommandQueueReportForCommandQueueReportHandler] WARN  events.EventQueue (EventQueue.java:fireEvent(216)) - No event handler registered for event TypedEvent{payloadType=DatanodeDetails, name='Datanode_Command_Queue_Updated'}
2022-12-06 15:46:57,360 [EventQueue-CommandQueueReportForCommandQueueReportHandler] WARN  events.EventQueue (EventQueue.java:fireEvent(216)) - No event handler registered for event TypedEvent{payloadType=DatanodeDetails, name='Datanode_Command_Queue_Updated'}
2022-12-06 15:46:57,405 [EventQueue-CommandQueueReportForCommandQueueReportHandler] WARN  events.EventQueue (EventQueue.java:fireEvent(216)) - No event handler registered for event TypedEvent{payloadType=DatanodeDetails, name='Datanode_Command_Queue_Updated'}
2022-12-06 15:46:57,415 [EventQueue-CommandQueueReportForCommandQueueReportHandler] WARN  events.EventQueue (EventQueue.java:fireEvent(216)) - No event handler registered for event TypedEvent{payloadType=DatanodeDetails, name='Datanode_Command_Queue_Updated'}
2022-12-06 15:46:57,420 [EventQueue-CommandQueueReportForCommandQueueReportHandler] WARN  events.EventQueue (EventQueue.java:fireEvent(216)) - No event handler registered for event TypedEvent{payloadType=DatanodeDetails, name='Datanode_Command_Queue_Updated'}
2022-12-06 15:46:57,471 [EventQueue-CommandQueueReportForCommandQueueReportHandler] WARN  events.EventQueue (EventQueue.java:fireEvent(216)) - No event handler registered for event TypedEvent{payloadType=DatanodeDetails, name='Datanode_Command_Queue_Updated'}
2022-12-06 15:46:57,643 [EventQueue-CommandQueueReportForCommandQueueReportHandler] WARN  events.EventQueue (EventQueue.java:fireEvent(216)) - No event handler registered for event TypedEvent{payloadType=DatanodeDetails, name='Datanode_Command_Queue_Updated'}
2022-12-06 15:46:57,716 [EventQueue-CommandQueueReportForCommandQueueReportHandler] WARN  events.EventQueue (EventQueue.java:fireEvent(216)) - No event handler registered for event TypedEvent{payloadType=DatanodeDetails, name='Datanode_Command_Queue_Updated'}
2022-12-06 15:46:58,180 [EventQueue-CommandQueueReportForCommandQueueReportHandler] WARN  events.EventQueue (EventQueue.java:fireEvent(216)) - No event handler registered for event TypedEvent{payloadType=DatanodeDetails, name='Datanode_Command_Queue_Updated'}
2022-12-06 15:46:58,307 [EventQueue-CommandQueueReportForCommandQueueReportHandler] WARN  events.EventQueue (EventQueue.java:fireEvent(216)) - No event handler registered for event TypedEvent{payloadType=DatanodeDetails, name='Datanode_Command_Queue_Updated'}
2022-12-06 15:46:58,359 [EventQueue-CommandQueueReportForCommandQueueReportHandler] WARN  events.EventQueue (EventQueue.java:fireEvent(216)) - No event handler registered for event TypedEvent{payloadType=DatanodeDetails, name='Datanode_Command_Queue_Updated'}
2022-12-06 15:46:58,405 [EventQueue-CommandQueueReportForCommandQueueReportHandler] WARN  events.EventQueue (EventQueue.java:fireEvent(216)) - No event handler registered for event TypedEvent{payloadType=DatanodeDetails, name='Datanode_Command_Queue_Updated'}
2022-12-06 15:46:58,415 [EventQueue-CommandQueueReportForCommandQueueReportHandler] WARN  events.EventQueue (EventQueue.java:fireEvent(216)) - No event handler registered for event TypedEvent{payloadType=DatanodeDetails, name='Datanode_Command_Queue_Updated'}
2022-12-06 15:46:58,419 [EventQueue-CommandQueueReportForCommandQueueReportHandler] WARN  events.EventQueue (EventQueue.java:fireEvent(216)) - No event handler registered for event TypedEvent{payloadType=DatanodeDetails, name='Datanode_Command_Queue_Updated'}
2022-12-06 15:46:58,472 [EventQueue-CommandQueueReportForCommandQueueReportHandler] WARN  events.EventQueue (EventQueue.java:fireEvent(216)) - No event handler registered for event TypedEvent{payloadType=DatanodeDetails, name='Datanode_Command_Queue_Updated'}
2022-12-06 15:46:58,643 [EventQueue-CommandQueueReportForCommandQueueReportHandler] WARN  events.EventQueue (EventQueue.java:fireEvent(216)) - No event handler registered for event TypedEvent{payloadType=DatanodeDetails, name='Datanode_Command_Queue_Updated'}
2022-12-06 15:46:58,716 [EventQueue-CommandQueueReportForCommandQueueReportHandler] WARN  events.EventQueue (EventQueue.java:fireEvent(216)) - No event handler registered for event TypedEvent{payloadType=DatanodeDetails, name='Datanode_Command_Queue_Updated'}
2022-12-06 15:46:59,180 [EventQueue-CommandQueueReportForCommandQueueReportHandler] WARN  events.EventQueue (EventQueue.java:fireEvent(216)) - No event handler registered for event TypedEvent{payloadType=DatanodeDetails, name='Datanode_Command_Queue_Updated'}
2022-12-06 15:46:59,306 [EventQueue-CommandQueueReportForCommandQueueReportHandler] WARN  events.EventQueue (EventQueue.java:fireEvent(216)) - No event handler registered for event TypedEvent{payloadType=DatanodeDetails, name='Datanode_Command_Queue_Updated'}
2022-12-06 15:46:59,359 [EventQueue-CommandQueueReportForCommandQueueReportHandler] WARN  events.EventQueue (EventQueue.java:fireEvent(216)) - No event handler registered for event TypedEvent{payloadType=DatanodeDetails, name='Datanode_Command_Queue_Updated'}
2022-12-06 15:46:59,406 [EventQueue-CommandQueueReportForCommandQueueReportHandler] WARN  events.EventQueue (EventQueue.java:fireEvent(216)) - No event handler registered for event TypedEvent{payloadType=DatanodeDetails, name='Datanode_Command_Queue_Updated'}
2022-12-06 15:46:59,415 [EventQueue-CommandQueueReportForCommandQueueReportHandler] WARN  events.EventQueue (EventQueue.java:fireEvent(216)) - No event handler registered for event TypedEvent{payloadType=DatanodeDetails, name='Datanode_Command_Queue_Updated'}
2022-12-06 15:46:59,420 [EventQueue-CommandQueueReportForCommandQueueReportHandler] WARN  events.EventQueue (EventQueue.java:fireEvent(216)) - No event handler registered for event TypedEvent{payloadType=DatanodeDetails, name='Datanode_Command_Queue_Updated'}
2022-12-06 15:46:59,475 [EventQueue-CommandQueueReportForCommandQueueReportHandler] WARN  events.EventQueue (EventQueue.java:fireEvent(216)) - No event handler registered for event TypedEvent{payloadType=DatanodeDetails, name='Datanode_Command_Queue_Updated'}
2022-12-06 15:46:59,642 [EventQueue-CommandQueueReportForCommandQueueReportHandler] WARN  events.EventQueue (EventQueue.java:fireEvent(216)) - No event handler registered for event TypedEvent{payloadType=DatanodeDetails, name='Datanode_Command_Queue_Updated'}
2022-12-06 15:46:59,716 [EventQueue-CommandQueueReportForCommandQueueReportHandler] WARN  events.EventQueue (EventQueue.java:fireEvent(216)) - No event handler registered for event TypedEvent{payloadType=DatanodeDetails, name='Datanode_Command_Queue_Updated'}
2022-12-06 15:47:00,179 [EventQueue-CommandQueueReportForCommandQueueReportHandler] WARN  events.EventQueue (EventQueue.java:fireEvent(216)) - No event handler registered for event TypedEvent{payloadType=DatanodeDetails, name='Datanode_Command_Queue_Updated'}
2022-12-06 15:47:00,306 [EventQueue-CommandQueueReportForCommandQueueReportHandler] WARN  events.EventQueue (EventQueue.java:fireEvent(216)) - No event handler registered for event TypedEvent{payloadType=DatanodeDetails, name='Datanode_Command_Queue_Updated'}
2022-12-06 15:47:00,360 [EventQueue-CommandQueueReportForCommandQueueReportHandler] WARN  events.EventQueue (EventQueue.java:fireEvent(216)) - No event handler registered for event TypedEvent{payloadType=DatanodeDetails, name='Datanode_Command_Queue_Updated'}
2022-12-06 15:47:00,406 [EventQueue-CommandQueueReportForCommandQueueReportHandler] WARN  events.EventQueue (EventQueue.java:fireEvent(216)) - No event handler registered for event TypedEvent{payloadType=DatanodeDetails, name='Datanode_Command_Queue_Updated'}
2022-12-06 15:47:00,415 [EventQueue-CommandQueueReportForCommandQueueReportHandler] WARN  events.EventQueue (EventQueue.java:fireEvent(216)) - No event handler registered for event TypedEvent{payloadType=DatanodeDetails, name='Datanode_Command_Queue_Updated'}
2022-12-06 15:47:00,420 [EventQueue-CommandQueueReportForCommandQueueReportHandler] WARN  events.EventQueue (EventQueue.java:fireEvent(216)) - No event handler registered for event TypedEvent{payloadType=DatanodeDetails, name='Datanode_Command_Queue_Updated'}
2022-12-06 15:47:00,476 [EventQueue-CommandQueueReportForCommandQueueReportHandler] WARN  events.EventQueue (EventQueue.java:fireEvent(216)) - No event handler registered for event TypedEvent{payloadType=DatanodeDetails, name='Datanode_Command_Queue_Updated'}
2022-12-06 15:47:00,642 [EventQueue-CommandQueueReportForCommandQueueReportHandler] WARN  events.EventQueue (EventQueue.java:fireEvent(216)) - No event handler registered for event TypedEvent{payloadType=DatanodeDetails, name='Datanode_Command_Queue_Updated'}
2022-12-06 15:47:00,717 [EventQueue-CommandQueueReportForCommandQueueReportHandler] WARN  events.EventQueue (EventQueue.java:fireEvent(216)) - No event handler registered for event TypedEvent{payloadType=DatanodeDetails, name='Datanode_Command_Queue_Updated'}
2022-12-06 15:47:01,180 [EventQueue-CommandQueueReportForCommandQueueReportHandler] WARN  events.EventQueue (EventQueue.java:fireEvent(216)) - No event handler registered for event TypedEvent{payloadType=DatanodeDetails, name='Datanode_Command_Queue_Updated'}
2022-12-06 15:47:01,307 [EventQueue-CommandQueueReportForCommandQueueReportHandler] WARN  events.EventQueue (EventQueue.java:fireEvent(216)) - No event handler registered for event TypedEvent{payloadType=DatanodeDetails, name='Datanode_Command_Queue_Updated'}
2022-12-06 15:47:01,360 [EventQueue-CommandQueueReportForCommandQueueReportHandler] WARN  events.EventQueue (EventQueue.java:fireEvent(216)) - No event handler registered for event TypedEvent{payloadType=DatanodeDetails, name='Datanode_Command_Queue_Updated'}
2022-12-06 15:47:01,406 [EventQueue-CommandQueueReportForCommandQueueReportHandler] WARN  events.EventQueue (EventQueue.java:fireEvent(216)) - No event handler registered for event TypedEvent{payloadType=DatanodeDetails, name='Datanode_Command_Queue_Updated'}
2022-12-06 15:47:01,415 [EventQueue-CommandQueueReportForCommandQueueReportHandler] WARN  events.EventQueue (EventQueue.java:fireEvent(216)) - No event handler registered for event TypedEvent{payloadType=DatanodeDetails, name='Datanode_Command_Queue_Updated'}
2022-12-06 15:47:01,421 [EventQueue-CommandQueueReportForCommandQueueReportHandler] WARN  events.EventQueue (EventQueue.java:fireEvent(216)) - No event handler registered for event TypedEvent{payloadType=DatanodeDetails, name='Datanode_Command_Queue_Updated'}
2022-12-06 15:47:01,476 [EventQueue-CommandQueueReportForCommandQueueReportHandler] WARN  events.EventQueue (EventQueue.java:fireEvent(216)) - No event handler registered for event TypedEvent{payloadType=DatanodeDetails, name='Datanode_Command_Queue_Updated'}
2022-12-06 15:47:01,643 [EventQueue-CommandQueueReportForCommandQueueReportHandler] WARN  events.EventQueue (EventQueue.java:fireEvent(216)) - No event handler registered for event TypedEvent{payloadType=DatanodeDetails, name='Datanode_Command_Queue_Updated'}
2022-12-06 15:47:01,717 [EventQueue-CommandQueueReportForCommandQueueReportHandler] WARN  events.EventQueue (EventQueue.java:fireEvent(216)) - No event handler registered for event TypedEvent{payloadType=DatanodeDetails, name='Datanode_Command_Queue_Updated'}
2022-12-06 15:47:02,180 [EventQueue-CommandQueueReportForCommandQueueReportHandler] WARN  events.EventQueue (EventQueue.java:fireEvent(216)) - No event handler registered for event TypedEvent{payloadType=DatanodeDetails, name='Datanode_Command_Queue_Updated'}
2022-12-06 15:47:02,306 [EventQueue-CommandQueueReportForCommandQueueReportHandler] WARN  events.EventQueue (EventQueue.java:fireEvent(216)) - No event handler registered for event TypedEvent{payloadType=DatanodeDetails, name='Datanode_Command_Queue_Updated'}
2022-12-06 15:47:02,360 [EventQueue-CommandQueueReportForCommandQueueReportHandler] WARN  events.EventQueue (EventQueue.java:fireEvent(216)) - No event handler registered for event TypedEvent{payloadType=DatanodeDetails, name='Datanode_Command_Queue_Updated'}
2022-12-06 15:47:02,405 [EventQueue-CommandQueueReportForCommandQueueReportHandler] WARN  events.EventQueue (EventQueue.java:fireEvent(216)) - No event handler registered for event TypedEvent{payloadType=DatanodeDetails, name='Datanode_Command_Queue_Updated'}
2022-12-06 15:47:02,415 [EventQueue-CommandQueueReportForCommandQueueReportHandler] WARN  events.EventQueue (EventQueue.java:fireEvent(216)) - No event handler registered for event TypedEvent{payloadType=DatanodeDetails, name='Datanode_Command_Queue_Updated'}
2022-12-06 15:47:02,420 [EventQueue-CommandQueueReportForCommandQueueReportHandler] WARN  events.EventQueue (EventQueue.java:fireEvent(216)) - No event handler registered for event TypedEvent{payloadType=DatanodeDetails, name='Datanode_Command_Queue_Updated'}
2022-12-06 15:47:02,476 [EventQueue-CommandQueueReportForCommandQueueReportHandler] WARN  events.EventQueue (EventQueue.java:fireEvent(216)) - No event handler registered for event TypedEvent{payloadType=DatanodeDetails, name='Datanode_Command_Queue_Updated'}
2022-12-06 15:47:02,643 [EventQueue-CommandQueueReportForCommandQueueReportHandler] WARN  events.EventQueue (EventQueue.java:fireEvent(216)) - No event handler registered for event TypedEvent{payloadType=DatanodeDetails, name='Datanode_Command_Queue_Updated'}
2022-12-06 15:47:02,717 [EventQueue-CommandQueueReportForCommandQueueReportHandler] WARN  events.EventQueue (EventQueue.java:fireEvent(216)) - No event handler registered for event TypedEvent{payloadType=DatanodeDetails, name='Datanode_Command_Queue_Updated'}
2022-12-06 15:47:03,179 [EventQueue-CommandQueueReportForCommandQueueReportHandler] WARN  events.EventQueue (EventQueue.java:fireEvent(216)) - No event handler registered for event TypedEvent{payloadType=DatanodeDetails, name='Datanode_Command_Queue_Updated'}
2022-12-06 15:47:03,306 [EventQueue-CommandQueueReportForCommandQueueReportHandler] WARN  events.EventQueue (EventQueue.java:fireEvent(216)) - No event handler registered for event TypedEvent{payloadType=DatanodeDetails, name='Datanode_Command_Queue_Updated'}
2022-12-06 15:47:03,360 [EventQueue-CommandQueueReportForCommandQueueReportHandler] WARN  events.EventQueue (EventQueue.java:fireEvent(216)) - No event handler registered for event TypedEvent{payloadType=DatanodeDetails, name='Datanode_Command_Queue_Updated'}
2022-12-06 15:47:03,405 [EventQueue-CommandQueueReportForCommandQueueReportHandler] WARN  events.EventQueue (EventQueue.java:fireEvent(216)) - No event handler registered for event TypedEvent{payloadType=DatanodeDetails, name='Datanode_Command_Queue_Updated'}
2022-12-06 15:47:03,415 [EventQueue-CommandQueueReportForCommandQueueReportHandler] WARN  events.EventQueue (EventQueue.java:fireEvent(216)) - No event handler registered for event TypedEvent{payloadType=DatanodeDetails, name='Datanode_Command_Queue_Updated'}
2022-12-06 15:47:03,420 [EventQueue-CommandQueueReportForCommandQueueReportHandler] WARN  events.EventQueue (EventQueue.java:fireEvent(216)) - No event handler registered for event TypedEvent{payloadType=DatanodeDetails, name='Datanode_Command_Queue_Updated'}
2022-12-06 15:47:03,477 [EventQueue-CommandQueueReportForCommandQueueReportHandler] WARN  events.EventQueue (EventQueue.java:fireEvent(216)) - No event handler registered for event TypedEvent{payloadType=DatanodeDetails, name='Datanode_Command_Queue_Updated'}
2022-12-06 15:47:03,643 [EventQueue-CommandQueueReportForCommandQueueReportHandler] WARN  events.EventQueue (EventQueue.java:fireEvent(216)) - No event handler registered for event TypedEvent{payloadType=DatanodeDetails, name='Datanode_Command_Queue_Updated'}
2022-12-06 15:47:03,717 [EventQueue-CommandQueueReportForCommandQueueReportHandler] WARN  events.EventQueue (EventQueue.java:fireEvent(216)) - No event handler registered for event TypedEvent{payloadType=DatanodeDetails, name='Datanode_Command_Queue_Updated'}
2022-12-06 15:47:04,180 [EventQueue-CommandQueueReportForCommandQueueReportHandler] WARN  events.EventQueue (EventQueue.java:fireEvent(216)) - No event handler registered for event TypedEvent{payloadType=DatanodeDetails, name='Datanode_Command_Queue_Updated'}
2022-12-06 15:47:04,307 [EventQueue-CommandQueueReportForCommandQueueReportHandler] WARN  events.EventQueue (EventQueue.java:fireEvent(216)) - No event handler registered for event TypedEvent{payloadType=DatanodeDetails, name='Datanode_Command_Queue_Updated'}
2022-12-06 15:47:04,360 [EventQueue-CommandQueueReportForCommandQueueReportHandler] WARN  events.EventQueue (EventQueue.java:fireEvent(216)) - No event handler registered for event TypedEvent{payloadType=DatanodeDetails, name='Datanode_Command_Queue_Updated'}
2022-12-06 15:47:04,405 [EventQueue-CommandQueueReportForCommandQueueReportHandler] WARN  events.EventQueue (EventQueue.java:fireEvent(216)) - No event handler registered for event TypedEvent{payloadType=DatanodeDetails, name='Datanode_Command_Queue_Updated'}
2022-12-06 15:47:04,415 [EventQueue-CommandQueueReportForCommandQueueReportHandler] WARN  events.EventQueue (EventQueue.java:fireEvent(216)) - No event handler registered for event TypedEvent{payloadType=DatanodeDetails, name='Datanode_Command_Queue_Updated'}
2022-12-06 15:47:04,420 [EventQueue-CommandQueueReportForCommandQueueReportHandler] WARN  events.EventQueue (EventQueue.java:fireEvent(216)) - No event handler registered for event TypedEvent{payloadType=DatanodeDetails, name='Datanode_Command_Queue_Updated'}
2022-12-06 15:47:04,478 [EventQueue-CommandQueueReportForCommandQueueReportHandler] WARN  events.EventQueue (EventQueue.java:fireEvent(216)) - No event handler registered for event TypedEvent{payloadType=DatanodeDetails, name='Datanode_Command_Queue_Updated'}
2022-12-06 15:47:04,643 [EventQueue-CommandQueueReportForCommandQueueReportHandler] WARN  events.EventQueue (EventQueue.java:fireEvent(216)) - No event handler registered for event TypedEvent{payloadType=DatanodeDetails, name='Datanode_Command_Queue_Updated'}
2022-12-06 15:47:04,717 [EventQueue-CommandQueueReportForCommandQueueReportHandler] WARN  events.EventQueue (EventQueue.java:fireEvent(216)) - No event handler registered for event TypedEvent{payloadType=DatanodeDetails, name='Datanode_Command_Queue_Updated'}
2022-12-06 15:47:05,179 [EventQueue-CommandQueueReportForCommandQueueReportHandler] WARN  events.EventQueue (EventQueue.java:fireEvent(216)) - No event handler registered for event TypedEvent{payloadType=DatanodeDetails, name='Datanode_Command_Queue_Updated'}
2022-12-06 15:47:05,307 [EventQueue-CommandQueueReportForCommandQueueReportHandler] WARN  events.EventQueue (EventQueue.java:fireEvent(216)) - No event handler registered for event TypedEvent{payloadType=DatanodeDetails, name='Datanode_Command_Queue_Updated'}
2022-12-06 15:47:05,360 [EventQueue-CommandQueueReportForCommandQueueReportHandler] WARN  events.EventQueue (EventQueue.java:fireEvent(216)) - No event handler registered for event TypedEvent{payloadType=DatanodeDetails, name='Datanode_Command_Queue_Updated'}
2022-12-06 15:47:05,406 [EventQueue-CommandQueueReportForCommandQueueReportHandler] WARN  events.EventQueue (EventQueue.java:fireEvent(216)) - No event handler registered for event TypedEvent{payloadType=DatanodeDetails, name='Datanode_Command_Queue_Updated'}
2022-12-06 15:47:05,415 [EventQueue-CommandQueueReportForCommandQueueReportHandler] WARN  events.EventQueue (EventQueue.java:fireEvent(216)) - No event handler registered for event TypedEvent{payloadType=DatanodeDetails, name='Datanode_Command_Queue_Updated'}
2022-12-06 15:47:05,421 [EventQueue-CommandQueueReportForCommandQueueReportHandler] WARN  events.EventQueue (EventQueue.java:fireEvent(216)) - No event handler registered for event TypedEvent{payloadType=DatanodeDetails, name='Datanode_Command_Queue_Updated'}
2022-12-06 15:47:05,478 [EventQueue-CommandQueueReportForCommandQueueReportHandler] WARN  events.EventQueue (EventQueue.java:fireEvent(216)) - No event handler registered for event TypedEvent{payloadType=DatanodeDetails, name='Datanode_Command_Queue_Updated'}
2022-12-06 15:47:05,644 [EventQueue-CommandQueueReportForCommandQueueReportHandler] WARN  events.EventQueue (EventQueue.java:fireEvent(216)) - No event handler registered for event TypedEvent{payloadType=DatanodeDetails, name='Datanode_Command_Queue_Updated'}
2022-12-06 15:47:05,718 [EventQueue-CommandQueueReportForCommandQueueReportHandler] WARN  events.EventQueue (EventQueue.java:fireEvent(216)) - No event handler registered for event TypedEvent{payloadType=DatanodeDetails, name='Datanode_Command_Queue_Updated'}
2022-12-06 15:47:06,180 [EventQueue-CommandQueueReportForCommandQueueReportHandler] WARN  events.EventQueue (EventQueue.java:fireEvent(216)) - No event handler registered for event TypedEvent{payloadType=DatanodeDetails, name='Datanode_Command_Queue_Updated'}
2022-12-06 15:47:06,306 [EventQueue-CommandQueueReportForCommandQueueReportHandler] WARN  events.EventQueue (EventQueue.java:fireEvent(216)) - No event handler registered for event TypedEvent{payloadType=DatanodeDetails, name='Datanode_Command_Queue_Updated'}
2022-12-06 15:47:06,360 [EventQueue-CommandQueueReportForCommandQueueReportHandler] WARN  events.EventQueue (EventQueue.java:fireEvent(216)) - No event handler registered for event TypedEvent{payloadType=DatanodeDetails, name='Datanode_Command_Queue_Updated'}
2022-12-06 15:47:06,406 [EventQueue-CommandQueueReportForCommandQueueReportHandler] WARN  events.EventQueue (EventQueue.java:fireEvent(216)) - No event handler registered for event TypedEvent{payloadType=DatanodeDetails, name='Datanode_Command_Queue_Updated'}
2022-12-06 15:47:06,415 [EventQueue-CommandQueueReportForCommandQueueReportHandler] WARN  events.EventQueue (EventQueue.java:fireEvent(216)) - No event handler registered for event TypedEvent{payloadType=DatanodeDetails, name='Datanode_Command_Queue_Updated'}
2022-12-06 15:47:06,421 [EventQueue-CommandQueueReportForCommandQueueReportHandler] WARN  events.EventQueue (EventQueue.java:fireEvent(216)) - No event handler registered for event TypedEvent{payloadType=DatanodeDetails, name='Datanode_Command_Queue_Updated'}
2022-12-06 15:47:06,478 [EventQueue-CommandQueueReportForCommandQueueReportHandler] WARN  events.EventQueue (EventQueue.java:fireEvent(216)) - No event handler registered for event TypedEvent{payloadType=DatanodeDetails, name='Datanode_Command_Queue_Updated'}
2022-12-06 15:47:06,644 [EventQueue-CommandQueueReportForCommandQueueReportHandler] WARN  events.EventQueue (EventQueue.java:fireEvent(216)) - No event handler registered for event TypedEvent{payloadType=DatanodeDetails, name='Datanode_Command_Queue_Updated'}
2022-12-06 15:47:06,718 [EventQueue-CommandQueueReportForCommandQueueReportHandler] WARN  events.EventQueue (EventQueue.java:fireEvent(216)) - No event handler registered for event TypedEvent{payloadType=DatanodeDetails, name='Datanode_Command_Queue_Updated'}
2022-12-06 15:47:07,180 [EventQueue-CommandQueueReportForCommandQueueReportHandler] WARN  events.EventQueue (EventQueue.java:fireEvent(216)) - No event handler registered for event TypedEvent{payloadType=DatanodeDetails, name='Datanode_Command_Queue_Updated'}
2022-12-06 15:47:07,307 [EventQueue-CommandQueueReportForCommandQueueReportHandler] WARN  events.EventQueue (EventQueue.java:fireEvent(216)) - No event handler registered for event TypedEvent{payloadType=DatanodeDetails, name='Datanode_Command_Queue_Updated'}
2022-12-06 15:47:07,360 [EventQueue-CommandQueueReportForCommandQueueReportHandler] WARN  events.EventQueue (EventQueue.java:fireEvent(216)) - No event handler registered for event TypedEvent{payloadType=DatanodeDetails, name='Datanode_Command_Queue_Updated'}
2022-12-06 15:47:07,405 [EventQueue-CommandQueueReportForCommandQueueReportHandler] WARN  events.EventQueue (EventQueue.java:fireEvent(216)) - No event handler registered for event TypedEvent{payloadType=DatanodeDetails, name='Datanode_Command_Queue_Updated'}
2022-12-06 15:47:07,415 [EventQueue-CommandQueueReportForCommandQueueReportHandler] WARN  events.EventQueue (EventQueue.java:fireEvent(216)) - No event handler registered for event TypedEvent{payloadType=DatanodeDetails, name='Datanode_Command_Queue_Updated'}
2022-12-06 15:47:07,420 [EventQueue-CommandQueueReportForCommandQueueReportHandler] WARN  events.EventQueue (EventQueue.java:fireEvent(216)) - No event handler registered for event TypedEvent{payloadType=DatanodeDetails, name='Datanode_Command_Queue_Updated'}
2022-12-06 15:47:07,477 [EventQueue-CommandQueueReportForCommandQueueReportHandler] WARN  events.EventQueue (EventQueue.java:fireEvent(216)) - No event handler registered for event TypedEvent{payloadType=DatanodeDetails, name='Datanode_Command_Queue_Updated'}
2022-12-06 15:47:07,644 [EventQueue-CommandQueueReportForCommandQueueReportHandler] WARN  events.EventQueue (EventQueue.java:fireEvent(216)) - No event handler registered for event TypedEvent{payloadType=DatanodeDetails, name='Datanode_Command_Queue_Updated'}
2022-12-06 15:47:07,718 [EventQueue-CommandQueueReportForCommandQueueReportHandler] WARN  events.EventQueue (EventQueue.java:fireEvent(216)) - No event handler registered for event TypedEvent{payloadType=DatanodeDetails, name='Datanode_Command_Queue_Updated'}
2022-12-06 15:47:08,179 [EventQueue-CommandQueueReportForCommandQueueReportHandler] WARN  events.EventQueue (EventQueue.java:fireEvent(216)) - No event handler registered for event TypedEvent{payloadType=DatanodeDetails, name='Datanode_Command_Queue_Updated'}
2022-12-06 15:47:08,307 [EventQueue-CommandQueueReportForCommandQueueReportHandler] WARN  events.EventQueue (EventQueue.java:fireEvent(216)) - No event handler registered for event TypedEvent{payloadType=DatanodeDetails, name='Datanode_Command_Queue_Updated'}
2022-12-06 15:47:08,361 [EventQueue-CommandQueueReportForCommandQueueReportHandler] WARN  events.EventQueue (EventQueue.java:fireEvent(216)) - No event handler registered for event TypedEvent{payloadType=DatanodeDetails, name='Datanode_Command_Queue_Updated'}
2022-12-06 15:47:08,405 [EventQueue-CommandQueueReportForCommandQueueReportHandler] WARN  events.EventQueue (EventQueue.java:fireEvent(216)) - No event handler registered for event TypedEvent{payloadType=DatanodeDetails, name='Datanode_Command_Queue_Updated'}
2022-12-06 15:47:08,416 [EventQueue-CommandQueueReportForCommandQueueReportHandler] WARN  events.EventQueue (EventQueue.java:fireEvent(216)) - No event handler registered for event TypedEvent{payloadType=DatanodeDetails, name='Datanode_Command_Queue_Updated'}
2022-12-06 15:47:08,420 [EventQueue-CommandQueueReportForCommandQueueReportHandler] WARN  events.EventQueue (EventQueue.java:fireEvent(216)) - No event handler registered for event TypedEvent{payloadType=DatanodeDetails, name='Datanode_Command_Queue_Updated'}
2022-12-06 15:47:08,478 [EventQueue-CommandQueueReportForCommandQueueReportHandler] WARN  events.EventQueue (EventQueue.java:fireEvent(216)) - No event handler registered for event TypedEvent{payloadType=DatanodeDetails, name='Datanode_Command_Queue_Updated'}
2022-12-06 15:47:08,645 [EventQueue-CommandQueueReportForCommandQueueReportHandler] WARN  events.EventQueue (EventQueue.java:fireEvent(216)) - No event handler registered for event TypedEvent{payloadType=DatanodeDetails, name='Datanode_Command_Queue_Updated'}
2022-12-06 15:47:08,718 [EventQueue-CommandQueueReportForCommandQueueReportHandler] WARN  events.EventQueue (EventQueue.java:fireEvent(216)) - No event handler registered for event TypedEvent{payloadType=DatanodeDetails, name='Datanode_Command_Queue_Updated'}
2022-12-06 15:47:09,179 [EventQueue-CommandQueueReportForCommandQueueReportHandler] WARN  events.EventQueue (EventQueue.java:fireEvent(216)) - No event handler registered for event TypedEvent{payloadType=DatanodeDetails, name='Datanode_Command_Queue_Updated'}
2022-12-06 15:47:09,307 [EventQueue-CommandQueueReportForCommandQueueReportHandler] WARN  events.EventQueue (EventQueue.java:fireEvent(216)) - No event handler registered for event TypedEvent{payloadType=DatanodeDetails, name='Datanode_Command_Queue_Updated'}
2022-12-06 15:47:09,361 [EventQueue-CommandQueueReportForCommandQueueReportHandler] WARN  events.EventQueue (EventQueue.java:fireEvent(216)) - No event handler registered for event TypedEvent{payloadType=DatanodeDetails, name='Datanode_Command_Queue_Updated'}
2022-12-06 15:47:09,406 [EventQueue-CommandQueueReportForCommandQueueReportHandler] WARN  events.EventQueue (EventQueue.java:fireEvent(216)) - No event handler registered for event TypedEvent{payloadType=DatanodeDetails, name='Datanode_Command_Queue_Updated'}
2022-12-06 15:47:09,416 [EventQueue-CommandQueueReportForCommandQueueReportHandler] WARN  events.EventQueue (EventQueue.java:fireEvent(216)) - No event handler registered for event TypedEvent{payloadType=DatanodeDetails, name='Datanode_Command_Queue_Updated'}
2022-12-06 15:47:09,421 [EventQueue-CommandQueueReportForCommandQueueReportHandler] WARN  events.EventQueue (EventQueue.java:fireEvent(216)) - No event handler registered for event TypedEvent{payloadType=DatanodeDetails, name='Datanode_Command_Queue_Updated'}
2022-12-06 15:47:09,478 [EventQueue-CommandQueueReportForCommandQueueReportHandler] WARN  events.EventQueue (EventQueue.java:fireEvent(216)) - No event handler registered for event TypedEvent{payloadType=DatanodeDetails, name='Datanode_Command_Queue_Updated'}
2022-12-06 15:47:09,645 [EventQueue-CommandQueueReportForCommandQueueReportHandler] WARN  events.EventQueue (EventQueue.java:fireEvent(216)) - No event handler registered for event TypedEvent{payloadType=DatanodeDetails, name='Datanode_Command_Queue_Updated'}
2022-12-06 15:47:09,719 [EventQueue-CommandQueueReportForCommandQueueReportHandler] WARN  events.EventQueue (EventQueue.java:fireEvent(216)) - No event handler registered for event TypedEvent{payloadType=DatanodeDetails, name='Datanode_Command_Queue_Updated'}
2022-12-06 15:47:10,180 [EventQueue-CommandQueueReportForCommandQueueReportHandler] WARN  events.EventQueue (EventQueue.java:fireEvent(216)) - No event handler registered for event TypedEvent{payloadType=DatanodeDetails, name='Datanode_Command_Queue_Updated'}
2022-12-06 15:47:10,306 [EventQueue-CommandQueueReportForCommandQueueReportHandler] WARN  events.EventQueue (EventQueue.java:fireEvent(216)) - No event handler registered for event TypedEvent{payloadType=DatanodeDetails, name='Datanode_Command_Queue_Updated'}
2022-12-06 15:47:10,361 [EventQueue-CommandQueueReportForCommandQueueReportHandler] WARN  events.EventQueue (EventQueue.java:fireEvent(216)) - No event handler registered for event TypedEvent{payloadType=DatanodeDetails, name='Datanode_Command_Queue_Updated'}
2022-12-06 15:47:10,405 [EventQueue-CommandQueueReportForCommandQueueReportHandler] WARN  events.EventQueue (EventQueue.java:fireEvent(216)) - No event handler registered for event TypedEvent{payloadType=DatanodeDetails, name='Datanode_Command_Queue_Updated'}
2022-12-06 15:47:10,416 [EventQueue-CommandQueueReportForCommandQueueReportHandler] WARN  events.EventQueue (EventQueue.java:fireEvent(216)) - No event handler registered for event TypedEvent{payloadType=DatanodeDetails, name='Datanode_Command_Queue_Updated'}
2022-12-06 15:47:10,427 [EventQueue-CommandQueueReportForCommandQueueReportHandler] WARN  events.EventQueue (EventQueue.java:fireEvent(216)) - No event handler registered for event TypedEvent{payloadType=DatanodeDetails, name='Datanode_Command_Queue_Updated'}
2022-12-06 15:47:10,478 [EventQueue-CommandQueueReportForCommandQueueReportHandler] WARN  events.EventQueue (EventQueue.java:fireEvent(216)) - No event handler registered for event TypedEvent{payloadType=DatanodeDetails, name='Datanode_Command_Queue_Updated'}
2022-12-06 15:47:10,644 [EventQueue-CommandQueueReportForCommandQueueReportHandler] WARN  events.EventQueue (EventQueue.java:fireEvent(216)) - No event handler registered for event TypedEvent{payloadType=DatanodeDetails, name='Datanode_Command_Queue_Updated'}
2022-12-06 15:47:10,720 [EventQueue-CommandQueueReportForCommandQueueReportHandler] WARN  events.EventQueue (EventQueue.java:fireEvent(216)) - No event handler registered for event TypedEvent{payloadType=DatanodeDetails, name='Datanode_Command_Queue_Updated'}
2022-12-06 15:47:11,180 [EventQueue-CommandQueueReportForCommandQueueReportHandler] WARN  events.EventQueue (EventQueue.java:fireEvent(216)) - No event handler registered for event TypedEvent{payloadType=DatanodeDetails, name='Datanode_Command_Queue_Updated'}
2022-12-06 15:47:11,307 [EventQueue-CommandQueueReportForCommandQueueReportHandler] WARN  events.EventQueue (EventQueue.java:fireEvent(216)) - No event handler registered for event TypedEvent{payloadType=DatanodeDetails, name='Datanode_Command_Queue_Updated'}
2022-12-06 15:47:11,361 [EventQueue-CommandQueueReportForCommandQueueReportHandler] WARN  events.EventQueue (EventQueue.java:fireEvent(216)) - No event handler registered for event TypedEvent{payloadType=DatanodeDetails, name='Datanode_Command_Queue_Updated'}
2022-12-06 15:47:11,406 [EventQueue-CommandQueueReportForCommandQueueReportHandler] WARN  events.EventQueue (EventQueue.java:fireEvent(216)) - No event handler registered for event TypedEvent{payloadType=DatanodeDetails, name='Datanode_Command_Queue_Updated'}
2022-12-06 15:47:11,416 [EventQueue-CommandQueueReportForCommandQueueReportHandler] WARN  events.EventQueue (EventQueue.java:fireEvent(216)) - No event handler registered for event TypedEvent{payloadType=DatanodeDetails, name='Datanode_Command_Queue_Updated'}
2022-12-06 15:47:11,422 [EventQueue-CommandQueueReportForCommandQueueReportHandler] WARN  events.EventQueue (EventQueue.java:fireEvent(216)) - No event handler registered for event TypedEvent{payloadType=DatanodeDetails, name='Datanode_Command_Queue_Updated'}
2022-12-06 15:47:11,478 [EventQueue-CommandQueueReportForCommandQueueReportHandler] WARN  events.EventQueue (EventQueue.java:fireEvent(216)) - No event handler registered for event TypedEvent{payloadType=DatanodeDetails, name='Datanode_Command_Queue_Updated'}
2022-12-06 15:47:11,644 [EventQueue-CommandQueueReportForCommandQueueReportHandler] WARN  events.EventQueue (EventQueue.java:fireEvent(216)) - No event handler registered for event TypedEvent{payloadType=DatanodeDetails, name='Datanode_Command_Queue_Updated'}
2022-12-06 15:47:11,720 [EventQueue-CommandQueueReportForCommandQueueReportHandler] WARN  events.EventQueue (EventQueue.java:fireEvent(216)) - No event handler registered for event TypedEvent{payloadType=DatanodeDetails, name='Datanode_Command_Queue_Updated'}
2022-12-06 15:47:12,179 [EventQueue-CommandQueueReportForCommandQueueReportHandler] WARN  events.EventQueue (EventQueue.java:fireEvent(216)) - No event handler registered for event TypedEvent{payloadType=DatanodeDetails, name='Datanode_Command_Queue_Updated'}
2022-12-06 15:47:12,307 [EventQueue-CommandQueueReportForCommandQueueReportHandler] WARN  events.EventQueue (EventQueue.java:fireEvent(216)) - No event handler registered for event TypedEvent{payloadType=DatanodeDetails, name='Datanode_Command_Queue_Updated'}
2022-12-06 15:47:12,361 [EventQueue-CommandQueueReportForCommandQueueReportHandler] WARN  events.EventQueue (EventQueue.java:fireEvent(216)) - No event handler registered for event TypedEvent{payloadType=DatanodeDetails, name='Datanode_Command_Queue_Updated'}
2022-12-06 15:47:12,406 [EventQueue-CommandQueueReportForCommandQueueReportHandler] WARN  events.EventQueue (EventQueue.java:fireEvent(216)) - No event handler registered for event TypedEvent{payloadType=DatanodeDetails, name='Datanode_Command_Queue_Updated'}
2022-12-06 15:47:12,415 [EventQueue-CommandQueueReportForCommandQueueReportHandler] WARN  events.EventQueue (EventQueue.java:fireEvent(216)) - No event handler registered for event TypedEvent{payloadType=DatanodeDetails, name='Datanode_Command_Queue_Updated'}
2022-12-06 15:47:12,422 [EventQueue-CommandQueueReportForCommandQueueReportHandler] WARN  events.EventQueue (EventQueue.java:fireEvent(216)) - No event handler registered for event TypedEvent{payloadType=DatanodeDetails, name='Datanode_Command_Queue_Updated'}
2022-12-06 15:47:12,478 [EventQueue-CommandQueueReportForCommandQueueReportHandler] WARN  events.EventQueue (EventQueue.java:fireEvent(216)) - No event handler registered for event TypedEvent{payloadType=DatanodeDetails, name='Datanode_Command_Queue_Updated'}
2022-12-06 15:47:12,645 [EventQueue-CommandQueueReportForCommandQueueReportHandler] WARN  events.EventQueue (EventQueue.java:fireEvent(216)) - No event handler registered for event TypedEvent{payloadType=DatanodeDetails, name='Datanode_Command_Queue_Updated'}
2022-12-06 15:47:12,719 [EventQueue-CommandQueueReportForCommandQueueReportHandler] WARN  events.EventQueue (EventQueue.java:fireEvent(216)) - No event handler registered for event TypedEvent{payloadType=DatanodeDetails, name='Datanode_Command_Queue_Updated'}
2022-12-06 15:47:13,180 [EventQueue-CommandQueueReportForCommandQueueReportHandler] WARN  events.EventQueue (EventQueue.java:fireEvent(216)) - No event handler registered for event TypedEvent{payloadType=DatanodeDetails, name='Datanode_Command_Queue_Updated'}
2022-12-06 15:47:13,306 [EventQueue-CommandQueueReportForCommandQueueReportHandler] WARN  events.EventQueue (EventQueue.java:fireEvent(216)) - No event handler registered for event TypedEvent{payloadType=DatanodeDetails, name='Datanode_Command_Queue_Updated'}
2022-12-06 15:47:13,361 [EventQueue-CommandQueueReportForCommandQueueReportHandler] WARN  events.EventQueue (EventQueue.java:fireEvent(216)) - No event handler registered for event TypedEvent{payloadType=DatanodeDetails, name='Datanode_Command_Queue_Updated'}
2022-12-06 15:47:13,405 [EventQueue-CommandQueueReportForCommandQueueReportHandler] WARN  events.EventQueue (EventQueue.java:fireEvent(216)) - No event handler registered for event TypedEvent{payloadType=DatanodeDetails, name='Datanode_Command_Queue_Updated'}
2022-12-06 15:47:13,415 [EventQueue-CommandQueueReportForCommandQueueReportHandler] WARN  events.EventQueue (EventQueue.java:fireEvent(216)) - No event handler registered for event TypedEvent{payloadType=DatanodeDetails, name='Datanode_Command_Queue_Updated'}
2022-12-06 15:47:13,421 [EventQueue-CommandQueueReportForCommandQueueReportHandler] WARN  events.EventQueue (EventQueue.java:fireEvent(216)) - No event handler registered for event TypedEvent{payloadType=DatanodeDetails, name='Datanode_Command_Queue_Updated'}
2022-12-06 15:47:13,479 [EventQueue-CommandQueueReportForCommandQueueReportHandler] WARN  events.EventQueue (EventQueue.java:fireEvent(216)) - No event handler registered for event TypedEvent{payloadType=DatanodeDetails, name='Datanode_Command_Queue_Updated'}
2022-12-06 15:47:13,645 [EventQueue-CommandQueueReportForCommandQueueReportHandler] WARN  events.EventQueue (EventQueue.java:fireEvent(216)) - No event handler registered for event TypedEvent{payloadType=DatanodeDetails, name='Datanode_Command_Queue_Updated'}
2022-12-06 15:47:13,720 [EventQueue-CommandQueueReportForCommandQueueReportHandler] WARN  events.EventQueue (EventQueue.java:fireEvent(216)) - No event handler registered for event TypedEvent{payloadType=DatanodeDetails, name='Datanode_Command_Queue_Updated'}
2022-12-06 15:47:14,180 [EventQueue-CommandQueueReportForCommandQueueReportHandler] WARN  events.EventQueue (EventQueue.java:fireEvent(216)) - No event handler registered for event TypedEvent{payloadType=DatanodeDetails, name='Datanode_Command_Queue_Updated'}
2022-12-06 15:47:14,306 [EventQueue-CommandQueueReportForCommandQueueReportHandler] WARN  events.EventQueue (EventQueue.java:fireEvent(216)) - No event handler registered for event TypedEvent{payloadType=DatanodeDetails, name='Datanode_Command_Queue_Updated'}
2022-12-06 15:47:14,362 [EventQueue-CommandQueueReportForCommandQueueReportHandler] WARN  events.EventQueue (EventQueue.java:fireEvent(216)) - No event handler registered for event TypedEvent{payloadType=DatanodeDetails, name='Datanode_Command_Queue_Updated'}
2022-12-06 15:47:14,405 [EventQueue-CommandQueueReportForCommandQueueReportHandler] WARN  events.EventQueue (EventQueue.java:fireEvent(216)) - No event handler registered for event TypedEvent{payloadType=DatanodeDetails, name='Datanode_Command_Queue_Updated'}
2022-12-06 15:47:14,415 [EventQueue-CommandQueueReportForCommandQueueReportHandler] WARN  events.EventQueue (EventQueue.java:fireEvent(216)) - No event handler registered for event TypedEvent{payloadType=DatanodeDetails, name='Datanode_Command_Queue_Updated'}
2022-12-06 15:47:14,421 [EventQueue-CommandQueueReportForCommandQueueReportHandler] WARN  events.EventQueue (EventQueue.java:fireEvent(216)) - No event handler registered for event TypedEvent{payloadType=DatanodeDetails, name='Datanode_Command_Queue_Updated'}
2022-12-06 15:47:14,479 [EventQueue-CommandQueueReportForCommandQueueReportHandler] WARN  events.EventQueue (EventQueue.java:fireEvent(216)) - No event handler registered for event TypedEvent{payloadType=DatanodeDetails, name='Datanode_Command_Queue_Updated'}
2022-12-06 15:47:14,645 [EventQueue-CommandQueueReportForCommandQueueReportHandler] WARN  events.EventQueue (EventQueue.java:fireEvent(216)) - No event handler registered for event TypedEvent{payloadType=DatanodeDetails, name='Datanode_Command_Queue_Updated'}
2022-12-06 15:47:14,719 [EventQueue-CommandQueueReportForCommandQueueReportHandler] WARN  events.EventQueue (EventQueue.java:fireEvent(216)) - No event handler registered for event TypedEvent{payloadType=DatanodeDetails, name='Datanode_Command_Queue_Updated'}
2022-12-06 15:47:15,180 [EventQueue-CommandQueueReportForCommandQueueReportHandler] WARN  events.EventQueue (EventQueue.java:fireEvent(216)) - No event handler registered for event TypedEvent{payloadType=DatanodeDetails, name='Datanode_Command_Queue_Updated'}
2022-12-06 15:47:15,307 [EventQueue-CommandQueueReportForCommandQueueReportHandler] WARN  events.EventQueue (EventQueue.java:fireEvent(216)) - No event handler registered for event TypedEvent{payloadType=DatanodeDetails, name='Datanode_Command_Queue_Updated'}
2022-12-06 15:47:15,362 [EventQueue-CommandQueueReportForCommandQueueReportHandler] WARN  events.EventQueue (EventQueue.java:fireEvent(216)) - No event handler registered for event TypedEvent{payloadType=DatanodeDetails, name='Datanode_Command_Queue_Updated'}
2022-12-06 15:47:15,405 [EventQueue-CommandQueueReportForCommandQueueReportHandler] WARN  events.EventQueue (EventQueue.java:fireEvent(216)) - No event handler registered for event TypedEvent{payloadType=DatanodeDetails, name='Datanode_Command_Queue_Updated'}
2022-12-06 15:47:15,415 [EventQueue-CommandQueueReportForCommandQueueReportHandler] WARN  events.EventQueue (EventQueue.java:fireEvent(216)) - No event handler registered for event TypedEvent{payloadType=DatanodeDetails, name='Datanode_Command_Queue_Updated'}
2022-12-06 15:47:15,422 [EventQueue-CommandQueueReportForCommandQueueReportHandler] WARN  events.EventQueue (EventQueue.java:fireEvent(216)) - No event handler registered for event TypedEvent{payloadType=DatanodeDetails, name='Datanode_Command_Queue_Updated'}
2022-12-06 15:47:15,479 [EventQueue-CommandQueueReportForCommandQueueReportHandler] WARN  events.EventQueue (EventQueue.java:fireEvent(216)) - No event handler registered for event TypedEvent{payloadType=DatanodeDetails, name='Datanode_Command_Queue_Updated'}
2022-12-06 15:47:15,645 [EventQueue-CommandQueueReportForCommandQueueReportHandler] WARN  events.EventQueue (EventQueue.java:fireEvent(216)) - No event handler registered for event TypedEvent{payloadType=DatanodeDetails, name='Datanode_Command_Queue_Updated'}
2022-12-06 15:47:15,720 [EventQueue-CommandQueueReportForCommandQueueReportHandler] WARN  events.EventQueue (EventQueue.java:fireEvent(216)) - No event handler registered for event TypedEvent{payloadType=DatanodeDetails, name='Datanode_Command_Queue_Updated'}
2022-12-06 15:47:16,179 [EventQueue-CommandQueueReportForCommandQueueReportHandler] WARN  events.EventQueue (EventQueue.java:fireEvent(216)) - No event handler registered for event TypedEvent{payloadType=DatanodeDetails, name='Datanode_Command_Queue_Updated'}
2022-12-06 15:47:16,307 [EventQueue-CommandQueueReportForCommandQueueReportHandler] WARN  events.EventQueue (EventQueue.java:fireEvent(216)) - No event handler registered for event TypedEvent{payloadType=DatanodeDetails, name='Datanode_Command_Queue_Updated'}
2022-12-06 15:47:16,362 [EventQueue-CommandQueueReportForCommandQueueReportHandler] WARN  events.EventQueue (EventQueue.java:fireEvent(216)) - No event handler registered for event TypedEvent{payloadType=DatanodeDetails, name='Datanode_Command_Queue_Updated'}
2022-12-06 15:47:16,405 [EventQueue-CommandQueueReportForCommandQueueReportHandler] WARN  events.EventQueue (EventQueue.java:fireEvent(216)) - No event handler registered for event TypedEvent{payloadType=DatanodeDetails, name='Datanode_Command_Queue_Updated'}
2022-12-06 15:47:16,415 [EventQueue-CommandQueueReportForCommandQueueReportHandler] WARN  events.EventQueue (EventQueue.java:fireEvent(216)) - No event handler registered for event TypedEvent{payloadType=DatanodeDetails, name='Datanode_Command_Queue_Updated'}
2022-12-06 15:47:16,422 [EventQueue-CommandQueueReportForCommandQueueReportHandler] WARN  events.EventQueue (EventQueue.java:fireEvent(216)) - No event handler registered for event TypedEvent{payloadType=DatanodeDetails, name='Datanode_Command_Queue_Updated'}
2022-12-06 15:47:16,479 [EventQueue-CommandQueueReportForCommandQueueReportHandler] WARN  events.EventQueue (EventQueue.java:fireEvent(216)) - No event handler registered for event TypedEvent{payloadType=DatanodeDetails, name='Datanode_Command_Queue_Updated'}
2022-12-06 15:47:16,646 [EventQueue-CommandQueueReportForCommandQueueReportHandler] WARN  events.EventQueue (EventQueue.java:fireEvent(216)) - No event handler registered for event TypedEvent{payloadType=DatanodeDetails, name='Datanode_Command_Queue_Updated'}
2022-12-06 15:47:16,720 [EventQueue-CommandQueueReportForCommandQueueReportHandler] WARN  events.EventQueue (EventQueue.java:fireEvent(216)) - No event handler registered for event TypedEvent{payloadType=DatanodeDetails, name='Datanode_Command_Queue_Updated'}
2022-12-06 15:47:17,179 [EventQueue-CommandQueueReportForCommandQueueReportHandler] WARN  events.EventQueue (EventQueue.java:fireEvent(216)) - No event handler registered for event TypedEvent{payloadType=DatanodeDetails, name='Datanode_Command_Queue_Updated'}
2022-12-06 15:47:17,307 [EventQueue-CommandQueueReportForCommandQueueReportHandler] WARN  events.EventQueue (EventQueue.java:fireEvent(216)) - No event handler registered for event TypedEvent{payloadType=DatanodeDetails, name='Datanode_Command_Queue_Updated'}
2022-12-06 15:47:17,362 [EventQueue-CommandQueueReportForCommandQueueReportHandler] WARN  events.EventQueue (EventQueue.java:fireEvent(216)) - No event handler registered for event TypedEvent{payloadType=DatanodeDetails, name='Datanode_Command_Queue_Updated'}
2022-12-06 15:47:17,407 [EventQueue-CommandQueueReportForCommandQueueReportHandler] WARN  events.EventQueue (EventQueue.java:fireEvent(216)) - No event handler registered for event TypedEvent{payloadType=DatanodeDetails, name='Datanode_Command_Queue_Updated'}
2022-12-06 15:47:17,416 [EventQueue-CommandQueueReportForCommandQueueReportHandler] WARN  events.EventQueue (EventQueue.java:fireEvent(216)) - No event handler registered for event TypedEvent{payloadType=DatanodeDetails, name='Datanode_Command_Queue_Updated'}
2022-12-06 15:47:17,422 [EventQueue-CommandQueueReportForCommandQueueReportHandler] WARN  events.EventQueue (EventQueue.java:fireEvent(216)) - No event handler registered for event TypedEvent{payloadType=DatanodeDetails, name='Datanode_Command_Queue_Updated'}
2022-12-06 15:47:17,479 [EventQueue-CommandQueueReportForCommandQueueReportHandler] WARN  events.EventQueue (EventQueue.java:fireEvent(216)) - No event handler registered for event TypedEvent{payloadType=DatanodeDetails, name='Datanode_Command_Queue_Updated'}
2022-12-06 15:47:17,646 [EventQueue-CommandQueueReportForCommandQueueReportHandler] WARN  events.EventQueue (EventQueue.java:fireEvent(216)) - No event handler registered for event TypedEvent{payloadType=DatanodeDetails, name='Datanode_Command_Queue_Updated'}
2022-12-06 15:47:17,720 [EventQueue-CommandQueueReportForCommandQueueReportHandler] WARN  events.EventQueue (EventQueue.java:fireEvent(216)) - No event handler registered for event TypedEvent{payloadType=DatanodeDetails, name='Datanode_Command_Queue_Updated'}
2022-12-06 15:47:18,179 [EventQueue-CommandQueueReportForCommandQueueReportHandler] WARN  events.EventQueue (EventQueue.java:fireEvent(216)) - No event handler registered for event TypedEvent{payloadType=DatanodeDetails, name='Datanode_Command_Queue_Updated'}
2022-12-06 15:47:18,307 [EventQueue-CommandQueueReportForCommandQueueReportHandler] WARN  events.EventQueue (EventQueue.java:fireEvent(216)) - No event handler registered for event TypedEvent{payloadType=DatanodeDetails, name='Datanode_Command_Queue_Updated'}
2022-12-06 15:47:18,361 [EventQueue-CommandQueueReportForCommandQueueReportHandler] WARN  events.EventQueue (EventQueue.java:fireEvent(216)) - No event handler registered for event TypedEvent{payloadType=DatanodeDetails, name='Datanode_Command_Queue_Updated'}
2022-12-06 15:47:18,405 [EventQueue-CommandQueueReportForCommandQueueReportHandler] WARN  events.EventQueue (EventQueue.java:fireEvent(216)) - No event handler registered for event TypedEvent{payloadType=DatanodeDetails, name='Datanode_Command_Queue_Updated'}
2022-12-06 15:47:18,416 [EventQueue-CommandQueueReportForCommandQueueReportHandler] WARN  events.EventQueue (EventQueue.java:fireEvent(216)) - No event handler registered for event TypedEvent{payloadType=DatanodeDetails, name='Datanode_Command_Queue_Updated'}
2022-12-06 15:47:18,423 [EventQueue-CommandQueueReportForCommandQueueReportHandler] WARN  events.EventQueue (EventQueue.java:fireEvent(216)) - No event handler registered for event TypedEvent{payloadType=DatanodeDetails, name='Datanode_Command_Queue_Updated'}
2022-12-06 15:47:18,479 [EventQueue-CommandQueueReportForCommandQueueReportHandler] WARN  events.EventQueue (EventQueue.java:fireEvent(216)) - No event handler registered for event TypedEvent{payloadType=DatanodeDetails, name='Datanode_Command_Queue_Updated'}
2022-12-06 15:47:18,646 [EventQueue-CommandQueueReportForCommandQueueReportHandler] WARN  events.EventQueue (EventQueue.java:fireEvent(216)) - No event handler registered for event TypedEvent{payloadType=DatanodeDetails, name='Datanode_Command_Queue_Updated'}
2022-12-06 15:47:18,720 [EventQueue-CommandQueueReportForCommandQueueReportHandler] WARN  events.EventQueue (EventQueue.java:fireEvent(216)) - No event handler registered for event TypedEvent{payloadType=DatanodeDetails, name='Datanode_Command_Queue_Updated'}
2022-12-06 15:47:19,180 [EventQueue-CommandQueueReportForCommandQueueReportHandler] WARN  events.EventQueue (EventQueue.java:fireEvent(216)) - No event handler registered for event TypedEvent{payloadType=DatanodeDetails, name='Datanode_Command_Queue_Updated'}
2022-12-06 15:47:19,307 [EventQueue-CommandQueueReportForCommandQueueReportHandler] WARN  events.EventQueue (EventQueue.java:fireEvent(216)) - No event handler registered for event TypedEvent{payloadType=DatanodeDetails, name='Datanode_Command_Queue_Updated'}
2022-12-06 15:47:19,361 [EventQueue-CommandQueueReportForCommandQueueReportHandler] WARN  events.EventQueue (EventQueue.java:fireEvent(216)) - No event handler registered for event TypedEvent{payloadType=DatanodeDetails, name='Datanode_Command_Queue_Updated'}
2022-12-06 15:47:19,406 [EventQueue-CommandQueueReportForCommandQueueReportHandler] WARN  events.EventQueue (EventQueue.java:fireEvent(216)) - No event handler registered for event TypedEvent{payloadType=DatanodeDetails, name='Datanode_Command_Queue_Updated'}
2022-12-06 15:47:19,415 [EventQueue-CommandQueueReportForCommandQueueReportHandler] WARN  events.EventQueue (EventQueue.java:fireEvent(216)) - No event handler registered for event TypedEvent{payloadType=DatanodeDetails, name='Datanode_Command_Queue_Updated'}
2022-12-06 15:47:19,422 [EventQueue-CommandQueueReportForCommandQueueReportHandler] WARN  events.EventQueue (EventQueue.java:fireEvent(216)) - No event handler registered for event TypedEvent{payloadType=DatanodeDetails, name='Datanode_Command_Queue_Updated'}
2022-12-06 15:47:19,480 [EventQueue-CommandQueueReportForCommandQueueReportHandler] WARN  events.EventQueue (EventQueue.java:fireEvent(216)) - No event handler registered for event TypedEvent{payloadType=DatanodeDetails, name='Datanode_Command_Queue_Updated'}
2022-12-06 15:47:19,646 [EventQueue-CommandQueueReportForCommandQueueReportHandler] WARN  events.EventQueue (EventQueue.java:fireEvent(216)) - No event handler registered for event TypedEvent{payloadType=DatanodeDetails, name='Datanode_Command_Queue_Updated'}
2022-12-06 15:47:19,720 [EventQueue-CommandQueueReportForCommandQueueReportHandler] WARN  events.EventQueue (EventQueue.java:fireEvent(216)) - No event handler registered for event TypedEvent{payloadType=DatanodeDetails, name='Datanode_Command_Queue_Updated'}
2022-12-06 15:47:20,180 [EventQueue-CommandQueueReportForCommandQueueReportHandler] WARN  events.EventQueue (EventQueue.java:fireEvent(216)) - No event handler registered for event TypedEvent{payloadType=DatanodeDetails, name='Datanode_Command_Queue_Updated'}
2022-12-06 15:47:20,308 [EventQueue-CommandQueueReportForCommandQueueReportHandler] WARN  events.EventQueue (EventQueue.java:fireEvent(216)) - No event handler registered for event TypedEvent{payloadType=DatanodeDetails, name='Datanode_Command_Queue_Updated'}
2022-12-06 15:47:20,362 [EventQueue-CommandQueueReportForCommandQueueReportHandler] WARN  events.EventQueue (EventQueue.java:fireEvent(216)) - No event handler registered for event TypedEvent{payloadType=DatanodeDetails, name='Datanode_Command_Queue_Updated'}
2022-12-06 15:47:20,406 [EventQueue-CommandQueueReportForCommandQueueReportHandler] WARN  events.EventQueue (EventQueue.java:fireEvent(216)) - No event handler registered for event TypedEvent{payloadType=DatanodeDetails, name='Datanode_Command_Queue_Updated'}
2022-12-06 15:47:20,415 [EventQueue-CommandQueueReportForCommandQueueReportHandler] WARN  events.EventQueue (EventQueue.java:fireEvent(216)) - No event handler registered for event TypedEvent{payloadType=DatanodeDetails, name='Datanode_Command_Queue_Updated'}
2022-12-06 15:47:20,422 [EventQueue-CommandQueueReportForCommandQueueReportHandler] WARN  events.EventQueue (EventQueue.java:fireEvent(216)) - No event handler registered for event TypedEvent{payloadType=DatanodeDetails, name='Datanode_Command_Queue_Updated'}
2022-12-06 15:47:20,480 [EventQueue-CommandQueueReportForCommandQueueReportHandler] WARN  events.EventQueue (EventQueue.java:fireEvent(216)) - No event handler registered for event TypedEvent{payloadType=DatanodeDetails, name='Datanode_Command_Queue_Updated'}
2022-12-06 15:47:20,646 [EventQueue-CommandQueueReportForCommandQueueReportHandler] WARN  events.EventQueue (EventQueue.java:fireEvent(216)) - No event handler registered for event TypedEvent{payloadType=DatanodeDetails, name='Datanode_Command_Queue_Updated'}
2022-12-06 15:47:20,720 [EventQueue-CommandQueueReportForCommandQueueReportHandler] WARN  events.EventQueue (EventQueue.java:fireEvent(216)) - No event handler registered for event TypedEvent{payloadType=DatanodeDetails, name='Datanode_Command_Queue_Updated'}
2022-12-06 15:47:21,179 [EventQueue-CommandQueueReportForCommandQueueReportHandler] WARN  events.EventQueue (EventQueue.java:fireEvent(216)) - No event handler registered for event TypedEvent{payloadType=DatanodeDetails, name='Datanode_Command_Queue_Updated'}
2022-12-06 15:47:21,308 [EventQueue-CommandQueueReportForCommandQueueReportHandler] WARN  events.EventQueue (EventQueue.java:fireEvent(216)) - No event handler registered for event TypedEvent{payloadType=DatanodeDetails, name='Datanode_Command_Queue_Updated'}
2022-12-06 15:47:21,362 [EventQueue-CommandQueueReportForCommandQueueReportHandler] WARN  events.EventQueue (EventQueue.java:fireEvent(216)) - No event handler registered for event TypedEvent{payloadType=DatanodeDetails, name='Datanode_Command_Queue_Updated'}
2022-12-06 15:47:21,406 [EventQueue-CommandQueueReportForCommandQueueReportHandler] WARN  events.EventQueue (EventQueue.java:fireEvent(216)) - No event handler registered for event TypedEvent{payloadType=DatanodeDetails, name='Datanode_Command_Queue_Updated'}
2022-12-06 15:47:21,416 [EventQueue-CommandQueueReportForCommandQueueReportHandler] WARN  events.EventQueue (EventQueue.java:fireEvent(216)) - No event handler registered for event TypedEvent{payloadType=DatanodeDetails, name='Datanode_Command_Queue_Updated'}
2022-12-06 15:47:21,422 [EventQueue-CommandQueueReportForCommandQueueReportHandler] WARN  events.EventQueue (EventQueue.java:fireEvent(216)) - No event handler registered for event TypedEvent{payloadType=DatanodeDetails, name='Datanode_Command_Queue_Updated'}
2022-12-06 15:47:21,480 [EventQueue-CommandQueueReportForCommandQueueReportHandler] WARN  events.EventQueue (EventQueue.java:fireEvent(216)) - No event handler registered for event TypedEvent{payloadType=DatanodeDetails, name='Datanode_Command_Queue_Updated'}
2022-12-06 15:47:21,647 [EventQueue-CommandQueueReportForCommandQueueReportHandler] WARN  events.EventQueue (EventQueue.java:fireEvent(216)) - No event handler registered for event TypedEvent{payloadType=DatanodeDetails, name='Datanode_Command_Queue_Updated'}
2022-12-06 15:47:21,721 [EventQueue-CommandQueueReportForCommandQueueReportHandler] WARN  events.EventQueue (EventQueue.java:fireEvent(216)) - No event handler registered for event TypedEvent{payloadType=DatanodeDetails, name='Datanode_Command_Queue_Updated'}
2022-12-06 15:47:22,179 [EventQueue-CommandQueueReportForCommandQueueReportHandler] WARN  events.EventQueue (EventQueue.java:fireEvent(216)) - No event handler registered for event TypedEvent{payloadType=DatanodeDetails, name='Datanode_Command_Queue_Updated'}
2022-12-06 15:47:22,325 [EventQueue-CommandQueueReportForCommandQueueReportHandler] WARN  events.EventQueue (EventQueue.java:fireEvent(216)) - No event handler registered for event TypedEvent{payloadType=DatanodeDetails, name='Datanode_Command_Queue_Updated'}
2022-12-06 15:47:22,376 [EventQueue-CommandQueueReportForCommandQueueReportHandler] WARN  events.EventQueue (EventQueue.java:fireEvent(216)) - No event handler registered for event TypedEvent{payloadType=DatanodeDetails, name='Datanode_Command_Queue_Updated'}
2022-12-06 15:47:22,406 [EventQueue-CommandQueueReportForCommandQueueReportHandler] WARN  events.EventQueue (EventQueue.java:fireEvent(216)) - No event handler registered for event TypedEvent{payloadType=DatanodeDetails, name='Datanode_Command_Queue_Updated'}
2022-12-06 15:47:22,416 [EventQueue-CommandQueueReportForCommandQueueReportHandler] WARN  events.EventQueue (EventQueue.java:fireEvent(216)) - No event handler registered for event TypedEvent{payloadType=DatanodeDetails, name='Datanode_Command_Queue_Updated'}
2022-12-06 15:47:22,423 [EventQueue-CommandQueueReportForCommandQueueReportHandler] WARN  events.EventQueue (EventQueue.java:fireEvent(216)) - No event handler registered for event TypedEvent{payloadType=DatanodeDetails, name='Datanode_Command_Queue_Updated'}
]]></system-out>
  </testcase>
</testsuite>